<?xml version="1.0" encoding="UTF-8"?>
<testsuites name="Form 1A - Cessation as Employer" time="4290" tests="12" failures="0" errors="0">
   <testsuite name="Form 1A - Cessation as Employer" tests="12" failures="0" errors="0" time="4290" timestamp="2018-12-14 09:43:46" hostname="Admin - Win7Test02" id="Test Suites/Workflow/Form 1A - Cessation as Employer">
      <properties>
         <property name="deviceName" value=""/>
         <property name="devicePlatform" value=""/>
         <property name="logFolder" value="C:\\Users\\Admin\\Desktop\\PKS\\Perkeso Phase A\\Reports\\Workflow\\Form 1A - Cessation as Employer\\20181214_094342"/>
         <property name="logFiles" value="C:\\Users\\Admin\\Desktop\\PKS\\Perkeso Phase A\\Reports\\Workflow\\Form 1A - Cessation as Employer\\20181214_094342\\execution0.log, C:\\Users\\Admin\\Desktop\\PKS\\Perkeso Phase A\\Reports\\Workflow\\Form 1A - Cessation as Employer\\20181214_094342\\execution1.log"/>
         <property name="attachments" value=""/>
         <property name="hostName" value="Admin - Win7Test02"/>
         <property name="os" value="Windows 7 64bit"/>
         <property name="katalonVersion" value="5.8.6.1"/>
         <property name="browser" value="Chrome 70.0.3538.110"/>
         <property name="hostAddress" value="10.20.3.72"/>
         <property name="sessionId" value="daa0d57355530d47972bf1408cf1db01"/>
         <property name="seleniumVersion" value="3.7.1"/>
         <property name="proxyInformation" value="ProxyInformation{proxyOption=NO_PROXY, proxyServerType=HTTP, password=, proxyServerAddress=, proxyServerPort=0}"/>
         <property name="platform" value="Windows 7"/>
      </properties>
      <testcase name="Test Cases/Final Aug 2018 - PKS Automation/Registration Module/Workflow/Form 1A - Cessation As Employer/Employer to UO (Approve)" classname="Test Cases/Final Aug 2018 - PKS Automation/Registration Module/Workflow/Form 1A - Cessation As Employer/Employer to UO (Approve)" status="PASSED">
         <system-out><![CDATA[2018-12-14 09:43:46 - [TEST_CASE][PASSED] - Test Cases/Final Aug 2018 - PKS Automation/Registration Module/Workflow/Form 1A - Cessation As Employer/Employer to UO (Approve): Test Cases/Final Aug 2018 - PKS Automation/Registration Module/Workflow/Form 1A - Cessation As Employer/Employer to UO (Approve)

2018-12-14 09:43:47 - [TEST_STEP][PASSED] - callTestCase: Call Test Case 'Test Cases/Final Aug 2018 - PKS Automation/Registration Module/Workflow/Form 1A - Cessation As Employer/Template/Form 1 A - Cessation As Employer (Employer)' successfully

2018-12-14 09:43:47 - [TEST_CASE][PASSED] - Test Cases/Final Aug 2018 - PKS Automation/Registration Module/Workflow/Form 1A - Cessation As Employer/Template/Form 1 A - Cessation As Employer (Employer): Test Cases/Final Aug 2018 - PKS Automation/Registration Module/Workflow/Form 1A - Cessation As Employer/Template/Form 1 A - Cessation As Employer (Employer)

2018-12-14 09:43:47 - [TEST_STEP][PASSED] - callTestCase: Call Test Case 'Test Cases/Final Aug 2018 - PKS Automation/Registration Module/Workflow/Update Add New Employee/Template/New Company for Update Add New - Employer' successfully

2018-12-14 09:43:47 - [TEST_CASE][PASSED] - Test Cases/Final Aug 2018 - PKS Automation/Registration Module/Workflow/Update Add New Employee/Template/New Company for Update Add New - Employer: Test Cases/Final Aug 2018 - PKS Automation/Registration Module/Workflow/Update Add New Employee/Template/New Company for Update Add New - Employer

2018-12-14 09:43:48 - [TEST_STEP][PASSED] - callTestCase: Call Test Case 'Test Cases/Final Aug 2018 - PKS Automation/Create Employer Acc/Create Employer Account' successfully

2018-12-14 09:43:48 - [TEST_CASE][PASSED] - Test Cases/Final Aug 2018 - PKS Automation/Create Employer Acc/Create Employer Account: Test Cases/Final Aug 2018 - PKS Automation/Create Employer Acc/Create Employer Account

2018-12-14 09:43:48 - [TEST_STEP][PASSED] - callTestCase: Call Test Case 'Test Cases/Final Aug 2018 - PKS Automation/Create Employer Acc/Template/Register Employer' successfully

2018-12-14 09:43:48 - [TEST_CASE][PASSED] - Test Cases/Final Aug 2018 - PKS Automation/Create Employer Acc/Template/Register Employer: Test Cases/Final Aug 2018 - PKS Automation/Create Employer Acc/Template/Register Employer

2018-12-14 09:43:49 - [TEST_STEP][PASSED] - openBrowser: Browser is opened with url: ''

2018-12-14 09:43:53 - [MESSAGE][PASSED] - Browser is opened with url: ''

2018-12-14 09:43:53 - [TEST_STEP][PASSED] - navigateToUrl: Navigate to 'https://assist2-uat.perkeso.gov.my/login' successfully

2018-12-14 09:43:54 - [MESSAGE][PASSED] - Navigate to 'https://assist2-uat.perkeso.gov.my/login' successfully

2018-12-14 09:43:54 - [TEST_STEP][PASSED] - setText: Text 'johorotc1@gmail.com' is set on object 'Object Repository/Final Object Repo/Login Page/Internal User/Email Address'

2018-12-14 09:43:54 - [MESSAGE][PASSED] - Text 'johorotc1@gmail.com' is set on object 'Object Repository/Final Object Repo/Login Page/Internal User/Email Address'

2018-12-14 09:43:54 - [TEST_STEP][PASSED] - click: Object: 'Object Repository/Final Object Repo/Login Page/Internal User/Next Button' is clicked on

2018-12-14 09:43:55 - [MESSAGE][PASSED] - Object: 'Object Repository/Final Object Repo/Login Page/Internal User/Next Button' is clicked on

2018-12-14 09:43:55 - [TEST_STEP][PASSED] - delay: Delayed 1 second(s)

2018-12-14 09:43:56 - [MESSAGE][PASSED] - Delayed 1 second(s)

2018-12-14 09:43:56 - [TEST_STEP][PASSED] - setEncryptedText: Text ****** has been set on object 'Object Repository/Final Object Repo/Login Page/Internal User/Password'

2018-12-14 09:43:56 - [MESSAGE][PASSED] - Text ****** has been set on object 'Object Repository/Final Object Repo/Login Page/Internal User/Password'

2018-12-14 09:43:56 - [TEST_STEP][PASSED] - click: Object: 'Object Repository/Final Object Repo/Login Page/Internal User/Login Button' is clicked on

2018-12-14 09:43:56 - [MESSAGE][PASSED] - Object: 'Object Repository/Final Object Repo/Login Page/Internal User/Login Button' is clicked on

2018-12-14 09:43:56 - [TEST_STEP][PASSED] - delay: Delayed 1 second(s)

2018-12-14 09:43:57 - [MESSAGE][PASSED] - Delayed 1 second(s)

2018-12-14 09:43:57 - [TEST_STEP][PASSED] - navigateToUrl: Navigate to 'https://assist2-uat.perkeso.gov.my/web/base/portal-id/registration' successfully

2018-12-14 09:44:03 - [MESSAGE][PASSED] - Navigate to 'https://assist2-uat.perkeso.gov.my/web/base/portal-id/registration' successfully

2018-12-14 09:44:03 - [TEST_STEP][PASSED] - setText: Text 'AUTOMATION EMPLOYER' is set on object 'Object Repository/Final Object Repo/Creating Employer Account/Page_Registration - ASSIST (Base)/Employer Name'

2018-12-14 09:44:03 - [MESSAGE][PASSED] - Text 'AUTOMATION EMPLOYER' is set on object 'Object Repository/Final Object Repo/Creating Employer Account/Page_Registration - ASSIST (Base)/Employer Name'

2018-12-14 09:44:03 - [TEST_STEP][PASSED] - delay: Delayed 2 second(s)

2018-12-14 09:44:05 - [MESSAGE][PASSED] - Delayed 2 second(s)

2018-12-14 09:44:05 - [TEST_STEP][PASSED] - click: Object: 'Object Repository/Final Object Repo/Creating Employer Account/Page_Registration - ASSIST (Base)/Registration Type' is clicked on

2018-12-14 09:44:05 - [MESSAGE][PASSED] - Object: 'Object Repository/Final Object Repo/Creating Employer Account/Page_Registration - ASSIST (Base)/Registration Type' is clicked on

2018-12-14 09:44:05 - [TEST_STEP][PASSED] - delay: Delayed 2 second(s)

2018-12-14 09:44:07 - [MESSAGE][PASSED] - Delayed 2 second(s)

2018-12-14 09:44:07 - [TEST_STEP][PASSED] - click: Object: 'Object Repository/Final Object Repo/Creating Employer Account/Page_Registration - ASSIST (Base)/Registration Type - Registration No' is clicked on

2018-12-14 09:44:07 - [MESSAGE][PASSED] - Object: 'Object Repository/Final Object Repo/Creating Employer Account/Page_Registration - ASSIST (Base)/Registration Type - Registration No' is clicked on

2018-12-14 09:44:07 - [TEST_STEP][PASSED] - delay: Delayed 2 second(s)

2018-12-14 09:44:09 - [MESSAGE][PASSED] - Delayed 2 second(s)

2018-12-14 09:44:09 - [TEST_STEP][PASSED] - setText: Text 'AUTOMATE001' is set on object 'Object Repository/Final Object Repo/Creating Employer Account/Page_Registration - ASSIST (Base)/Registration Number'

2018-12-14 09:44:10 - [MESSAGE][PASSED] - Text 'AUTOMATE001' is set on object 'Object Repository/Final Object Repo/Creating Employer Account/Page_Registration - ASSIST (Base)/Registration Number'

2018-12-14 09:44:10 - [TEST_STEP][PASSED] - delay: Delayed 2 second(s)

2018-12-14 09:44:12 - [MESSAGE][PASSED] - Delayed 2 second(s)

2018-12-14 09:44:12 - [TEST_STEP][PASSED] - setText: Text 'ADDRESS 1' is set on object 'Object Repository/Final Object Repo/Creating Employer Account/Page_Registration - ASSIST (Base)/Postal Address 1'

2018-12-14 09:44:12 - [MESSAGE][PASSED] - Text 'ADDRESS 1' is set on object 'Object Repository/Final Object Repo/Creating Employer Account/Page_Registration - ASSIST (Base)/Postal Address 1'

2018-12-14 09:44:12 - [TEST_STEP][PASSED] - setText: Text 'ADDRESS 2' is set on object 'Object Repository/Final Object Repo/Creating Employer Account/Page_Registration - ASSIST (Base)/Postal Address 2'

2018-12-14 09:44:13 - [MESSAGE][PASSED] - Text 'ADDRESS 2' is set on object 'Object Repository/Final Object Repo/Creating Employer Account/Page_Registration - ASSIST (Base)/Postal Address 2'

2018-12-14 09:44:13 - [TEST_STEP][PASSED] - click: Object: 'Object Repository/Final Object Repo/Creating Employer Account/Page_Registration - ASSIST (Base)/State' is clicked on

2018-12-14 09:44:13 - [MESSAGE][PASSED] - Object: 'Object Repository/Final Object Repo/Creating Employer Account/Page_Registration - ASSIST (Base)/State' is clicked on

2018-12-14 09:44:13 - [TEST_STEP][PASSED] - delay: Delayed 2 second(s)

2018-12-14 09:44:15 - [MESSAGE][PASSED] - Delayed 2 second(s)

2018-12-14 09:44:15 - [TEST_STEP][PASSED] - click: Object: 'Object Repository/Final Object Repo/Creating Employer Account/Page_Registration - ASSIST (Base)/State - Johor' is clicked on

2018-12-14 09:44:15 - [MESSAGE][PASSED] - Object: 'Object Repository/Final Object Repo/Creating Employer Account/Page_Registration - ASSIST (Base)/State - Johor' is clicked on

2018-12-14 09:44:15 - [TEST_STEP][PASSED] - delay: Delayed 2 second(s)

2018-12-14 09:44:17 - [MESSAGE][PASSED] - Delayed 2 second(s)

2018-12-14 09:44:17 - [TEST_STEP][PASSED] - click: Object: 'Object Repository/Final Object Repo/Creating Employer Account/Page_Registration - ASSIST (Base)/City' is clicked on

2018-12-14 09:44:17 - [MESSAGE][PASSED] - Object: 'Object Repository/Final Object Repo/Creating Employer Account/Page_Registration - ASSIST (Base)/City' is clicked on

2018-12-14 09:44:17 - [TEST_STEP][PASSED] - delay: Delayed 2 second(s)

2018-12-14 09:44:19 - [MESSAGE][PASSED] - Delayed 2 second(s)

2018-12-14 09:44:19 - [TEST_STEP][PASSED] - setText: Text 'joh' is set on object 'Object Repository/Final Object Repo/Creating Employer Account/Page_Registration - ASSIST (Base)/City - joh'

2018-12-14 09:44:20 - [MESSAGE][PASSED] - Text 'joh' is set on object 'Object Repository/Final Object Repo/Creating Employer Account/Page_Registration - ASSIST (Base)/City - joh'

2018-12-14 09:44:20 - [TEST_STEP][PASSED] - delay: Delayed 2 second(s)

2018-12-14 09:44:22 - [MESSAGE][PASSED] - Delayed 2 second(s)

2018-12-14 09:44:22 - [TEST_STEP][PASSED] - click: Object: 'Object Repository/Final Object Repo/Creating Employer Account/Page_Registration - ASSIST (Base)/City - Johor Bharu' is clicked on

2018-12-14 09:44:22 - [MESSAGE][PASSED] - Object: 'Object Repository/Final Object Repo/Creating Employer Account/Page_Registration - ASSIST (Base)/City - Johor Bharu' is clicked on

2018-12-14 09:44:22 - [TEST_STEP][PASSED] - delay: Delayed 2 second(s)

2018-12-14 09:44:24 - [MESSAGE][PASSED] - Delayed 2 second(s)

2018-12-14 09:44:24 - [TEST_STEP][PASSED] - click: Object: 'Object Repository/Final Object Repo/Creating Employer Account/Page_Registration - ASSIST (Base)/Post Code' is clicked on

2018-12-14 09:44:24 - [MESSAGE][PASSED] - Object: 'Object Repository/Final Object Repo/Creating Employer Account/Page_Registration - ASSIST (Base)/Post Code' is clicked on

2018-12-14 09:44:24 - [TEST_STEP][PASSED] - delay: Delayed 2 second(s)

2018-12-14 09:44:26 - [MESSAGE][PASSED] - Delayed 2 second(s)

2018-12-14 09:44:26 - [TEST_STEP][PASSED] - setText: Text '810' is set on object 'Object Repository/Final Object Repo/Creating Employer Account/Page_Registration - ASSIST (Base)/Post Code - 810'

2018-12-14 09:44:26 - [MESSAGE][PASSED] - Text '810' is set on object 'Object Repository/Final Object Repo/Creating Employer Account/Page_Registration - ASSIST (Base)/Post Code - 810'

2018-12-14 09:44:26 - [TEST_STEP][PASSED] - delay: Delayed 2 second(s)

2018-12-14 09:44:28 - [MESSAGE][PASSED] - Delayed 2 second(s)

2018-12-14 09:44:28 - [TEST_STEP][PASSED] - click: Object: 'Object Repository/Final Object Repo/Creating Employer Account/Page_Registration - ASSIST (Base)/Post Code - 81000' is clicked on

2018-12-14 09:44:28 - [MESSAGE][PASSED] - Object: 'Object Repository/Final Object Repo/Creating Employer Account/Page_Registration - ASSIST (Base)/Post Code - 81000' is clicked on

2018-12-14 09:44:28 - [TEST_STEP][PASSED] - delay: Delayed 2 second(s)

2018-12-14 09:44:30 - [MESSAGE][PASSED] - Delayed 2 second(s)

2018-12-14 09:44:30 - [TEST_STEP][PASSED] - setText: Text 'PERKESO' is set on object 'Object Repository/Final Object Repo/Creating Employer Account/Page_Registration - ASSIST (Base)/Full Name'

2018-12-14 09:44:31 - [MESSAGE][PASSED] - Text 'PERKESO' is set on object 'Object Repository/Final Object Repo/Creating Employer Account/Page_Registration - ASSIST (Base)/Full Name'

2018-12-14 09:44:31 - [TEST_STEP][PASSED] - Statement - rnd = new java.util.Random(): null

2018-12-14 09:44:31 - [TEST_STEP][PASSED] - Statement - snum = rnd.nextInt(899999 + 1) + 100000: null

2018-12-14 09:44:31 - [TEST_STEP][PASSED] - Statement - tnum = rnd.nextInt(899999 + 1) + 100000: null

2018-12-14 09:44:31 - [TEST_STEP][PASSED] - Statement - IC = java.lang.Integer.toString(snum) + java.lang.Integer.toString(tnum): null

2018-12-14 09:44:31 - [TEST_STEP][PASSED] - Statement - out.println(IC): null

2018-12-14 09:44:31 - [TEST_STEP][PASSED] - setText: Text '518133335366' is set on object 'Object Repository/Final Object Repo/Creating Employer Account/Page_Registration - ASSIST (Base)/Identification Number'

2018-12-14 09:44:31 - [MESSAGE][PASSED] - Text '518133335366' is set on object 'Object Repository/Final Object Repo/Creating Employer Account/Page_Registration - ASSIST (Base)/Identification Number'

2018-12-14 09:44:31 - [TEST_STEP][PASSED] - delay: Delayed 2 second(s)

2018-12-14 09:44:33 - [MESSAGE][PASSED] - Delayed 2 second(s)

2018-12-14 09:44:33 - [TEST_STEP][PASSED] - setText: Text '123456789012' is set on object 'Object Repository/Final Object Repo/Creating Employer Account/Page_Registration - ASSIST (Base)/Contact Number'

2018-12-14 09:44:33 - [MESSAGE][PASSED] - Text '123456789012' is set on object 'Object Repository/Final Object Repo/Creating Employer Account/Page_Registration - ASSIST (Base)/Contact Number'

2018-12-14 09:44:33 - [TEST_STEP][PASSED] - Statement - Email = "perkeso" + IC + "@gmail.com": null

2018-12-14 09:44:33 - [TEST_STEP][PASSED] - delay: Delayed 2 second(s)

2018-12-14 09:44:35 - [MESSAGE][PASSED] - Delayed 2 second(s)

2018-12-14 09:44:35 - [TEST_STEP][PASSED] - callTestCase: Call Test Case 'Test Cases/Final Aug 2018 - PKS Automation/Create Employer Acc/Template/Employer Email Settler' successfully

2018-12-14 09:44:35 - [TEST_CASE][PASSED] - Test Cases/Final Aug 2018 - PKS Automation/Create Employer Acc/Template/Employer Email Settler: Test Cases/Final Aug 2018 - PKS Automation/Create Employer Acc/Template/Employer Email Settler

2018-12-14 09:44:36 - [TEST_STEP][PASSED] - Statement - EmpEmailOld = new java.io.File(C://Users//Admin//Desktop//PKS//Automation Reference Point//EmpEmail.txt): null

2018-12-14 09:44:36 - [TEST_STEP][PASSED] - Statement - EmpEmailOld.delete(): null

2018-12-14 09:44:36 - [TEST_STEP][PASSED] - delay: Delayed 5 second(s)

2018-12-14 09:44:41 - [MESSAGE][PASSED] - Delayed 5 second(s)

2018-12-14 09:44:41 - [TEST_STEP][PASSED] - Statement - EmpEmail = new java.io.File(C://Users//Admin//Desktop//PKS//Automation Reference Point//EmpEmail.txt): null

2018-12-14 09:44:41 - [TEST_STEP][PASSED] - Statement - f2 = new java.io.FileWriter(EmpEmail, false): null

2018-12-14 09:44:41 - [TEST_STEP][PASSED] - Statement - f2.write(Email): null

2018-12-14 09:44:41 - [TEST_STEP][PASSED] - Statement - f2.close(): null

2018-12-14 09:44:41 - [TEST_STEP][PASSED] - Statement - out.println(Email): null

2018-12-14 09:44:41 - [MESSAGE][PASSED] - Call Test Case 'Test Cases/Final Aug 2018 - PKS Automation/Create Employer Acc/Template/Employer Email Settler' successfully

2018-12-14 09:44:41 - [TEST_STEP][PASSED] - delay: Delayed 2 second(s)

2018-12-14 09:44:43 - [MESSAGE][PASSED] - Delayed 2 second(s)

2018-12-14 09:44:43 - [TEST_STEP][PASSED] - setText: Text 'perkeso518133335366@gmail.com' is set on object 'Object Repository/Final Object Repo/Creating Employer Account/Page_Registration - ASSIST (Base)/Email'

2018-12-14 09:44:43 - [MESSAGE][PASSED] - Text 'perkeso518133335366@gmail.com' is set on object 'Object Repository/Final Object Repo/Creating Employer Account/Page_Registration - ASSIST (Base)/Email'

2018-12-14 09:44:43 - [TEST_STEP][PASSED] - setText: Text '123' is set on object 'Object Repository/Final Object Repo/Creating Employer Account/Page_Registration - ASSIST (Base)/Security Phase'

2018-12-14 09:44:44 - [MESSAGE][PASSED] - Text '123' is set on object 'Object Repository/Final Object Repo/Creating Employer Account/Page_Registration - ASSIST (Base)/Security Phase'

2018-12-14 09:44:44 - [TEST_STEP][PASSED] - click: Object: 'Object Repository/Final Object Repo/Creating Employer Account/Page_Registration - ASSIST (Base)/Save  Continue' is clicked on

2018-12-14 09:44:44 - [MESSAGE][PASSED] - Object: 'Object Repository/Final Object Repo/Creating Employer Account/Page_Registration - ASSIST (Base)/Save  Continue' is clicked on

2018-12-14 09:44:44 - [TEST_STEP][PASSED] - delay: Delayed 2 second(s)

2018-12-14 09:44:46 - [MESSAGE][PASSED] - Delayed 2 second(s)

2018-12-14 09:44:46 - [TEST_STEP][PASSED] - click: Object: 'Object Repository/Final Object Repo/Creating Employer Account/Page_Registration - ASSIST (Base)/Add Document' is clicked on

2018-12-14 09:44:46 - [MESSAGE][PASSED] - Object: 'Object Repository/Final Object Repo/Creating Employer Account/Page_Registration - ASSIST (Base)/Add Document' is clicked on

2018-12-14 09:44:46 - [TEST_STEP][PASSED] - delay: Delayed 2 second(s)

2018-12-14 09:44:48 - [MESSAGE][PASSED] - Delayed 2 second(s)

2018-12-14 09:44:48 - [TEST_STEP][PASSED] - click: Object: 'Object Repository/Final Object Repo/Creating Employer Account/Page_Registration - ASSIST (Base)/Document Type' is clicked on

2018-12-14 09:44:48 - [MESSAGE][PASSED] - Object: 'Object Repository/Final Object Repo/Creating Employer Account/Page_Registration - ASSIST (Base)/Document Type' is clicked on

2018-12-14 09:44:48 - [TEST_STEP][PASSED] - delay: Delayed 2 second(s)

2018-12-14 09:44:50 - [MESSAGE][PASSED] - Delayed 2 second(s)

2018-12-14 09:44:50 - [TEST_STEP][PASSED] - click: Object: 'Object Repository/Final Object Repo/Creating Employer Account/Page_Registration - ASSIST (Base)/Document Type - Letter of Authorization' is clicked on

2018-12-14 09:44:51 - [MESSAGE][PASSED] - Object: 'Object Repository/Final Object Repo/Creating Employer Account/Page_Registration - ASSIST (Base)/Document Type - Letter of Authorization' is clicked on

2018-12-14 09:44:51 - [TEST_STEP][PASSED] - delay: Delayed 2 second(s)

2018-12-14 09:44:53 - [MESSAGE][PASSED] - Delayed 2 second(s)

2018-12-14 09:44:53 - [TEST_STEP][PASSED] - sendKeys: Keys 'C:\Users\Public\Pictures\Sample Pictures\Koala.jpg' sent to object: 'Object Repository/Final Object Repo/Creating Employer Account/Page_Registration - ASSIST (Base)/Uploading File'

2018-12-14 09:44:53 - [MESSAGE][PASSED] - Keys 'C:\Users\Public\Pictures\Sample Pictures\Koala.jpg' sent to object: 'Object Repository/Final Object Repo/Creating Employer Account/Page_Registration - ASSIST (Base)/Uploading File'

2018-12-14 09:44:53 - [TEST_STEP][PASSED] - delay: Delayed 2 second(s)

2018-12-14 09:44:55 - [MESSAGE][PASSED] - Delayed 2 second(s)

2018-12-14 09:44:55 - [TEST_STEP][PASSED] - click: Object: 'Object Repository/Final Object Repo/Creating Employer Account/Page_Registration - ASSIST (Base)/Add Document in Uploading File' is clicked on

2018-12-14 09:44:55 - [MESSAGE][PASSED] - Object: 'Object Repository/Final Object Repo/Creating Employer Account/Page_Registration - ASSIST (Base)/Add Document in Uploading File' is clicked on

2018-12-14 09:44:55 - [TEST_STEP][PASSED] - delay: Delayed 2 second(s)

2018-12-14 09:44:57 - [MESSAGE][PASSED] - Delayed 2 second(s)

2018-12-14 09:44:57 - [TEST_STEP][PASSED] - click: Object: 'Object Repository/Final Object Repo/Creating Employer Account/Page_Registration - ASSIST (Base)/Save' is clicked on

2018-12-14 09:44:57 - [MESSAGE][PASSED] - Object: 'Object Repository/Final Object Repo/Creating Employer Account/Page_Registration - ASSIST (Base)/Save' is clicked on

2018-12-14 09:44:57 - [TEST_STEP][PASSED] - delay: Delayed 2 second(s)

2018-12-14 09:44:59 - [MESSAGE][PASSED] - Delayed 2 second(s)

2018-12-14 09:44:59 - [TEST_STEP][PASSED] - click: Object: 'Object Repository/Final Object Repo/Creating Employer Account/Page_Registration - ASSIST (Base)/Submit' is clicked on

2018-12-14 09:44:59 - [MESSAGE][PASSED] - Object: 'Object Repository/Final Object Repo/Creating Employer Account/Page_Registration - ASSIST (Base)/Submit' is clicked on

2018-12-14 09:44:59 - [TEST_STEP][PASSED] - delay: Delayed 2 second(s)

2018-12-14 09:45:01 - [MESSAGE][PASSED] - Delayed 2 second(s)

2018-12-14 09:45:01 - [TEST_STEP][PASSED] - click: Object: 'Object Repository/Final Object Repo/Creating Employer Account/Page_Registration - ASSIST (Base)/Confirm' is clicked on

2018-12-14 09:45:01 - [MESSAGE][PASSED] - Object: 'Object Repository/Final Object Repo/Creating Employer Account/Page_Registration - ASSIST (Base)/Confirm' is clicked on

2018-12-14 09:45:01 - [MESSAGE][PASSED] - Call Test Case 'Test Cases/Final Aug 2018 - PKS Automation/Create Employer Acc/Template/Register Employer' successfully

2018-12-14 09:45:01 - [TEST_STEP][PASSED] - delay: Delayed 1 second(s)

2018-12-14 09:45:02 - [MESSAGE][PASSED] - Delayed 1 second(s)

2018-12-14 09:45:02 - [TEST_STEP][PASSED] - navigateToUrl: Navigate to 'https://assist2-uat.perkeso.gov.my/c/portal/logout' successfully

2018-12-14 09:45:04 - [MESSAGE][PASSED] - Navigate to 'https://assist2-uat.perkeso.gov.my/c/portal/logout' successfully

2018-12-14 09:45:04 - [TEST_STEP][PASSED] - delay: Delayed 1 second(s)

2018-12-14 09:45:05 - [MESSAGE][PASSED] - Delayed 1 second(s)

2018-12-14 09:45:05 - [TEST_STEP][PASSED] - callTestCase: Call Test Case 'Test Cases/Final Aug 2018 - PKS Automation/Create Employer Acc/Template/Change Password of Employer' successfully

2018-12-14 09:45:05 - [TEST_CASE][PASSED] - Test Cases/Final Aug 2018 - PKS Automation/Create Employer Acc/Template/Change Password of Employer: Test Cases/Final Aug 2018 - PKS Automation/Create Employer Acc/Template/Change Password of Employer

2018-12-14 09:45:06 - [TEST_STEP][PASSED] - openBrowser: Browser is opened with url: ''

2018-12-14 09:45:06 - [MESSAGE][WARNING] - A browser is already opened. Closing browser and opening a new one

2018-12-14 09:45:09 - [MESSAGE][PASSED] - Browser is opened with url: ''

2018-12-14 09:45:09 - [TEST_STEP][PASSED] - navigateToUrl: Navigate to 'https://assist2-uat.perkeso.gov.my/login' successfully

2018-12-14 09:45:10 - [MESSAGE][PASSED] - Navigate to 'https://assist2-uat.perkeso.gov.my/login' successfully

2018-12-14 09:45:10 - [TEST_STEP][PASSED] - delay: Delayed 5 second(s)

2018-12-14 09:45:15 - [MESSAGE][PASSED] - Delayed 5 second(s)

2018-12-14 09:45:15 - [TEST_STEP][PASSED] - setText: Text 'test@liferay.com' is set on object 'Object Repository/Final Object Repo/Login Page/Internal User/Email Address'

2018-12-14 09:45:15 - [MESSAGE][PASSED] - Text 'test@liferay.com' is set on object 'Object Repository/Final Object Repo/Login Page/Internal User/Email Address'

2018-12-14 09:45:15 - [TEST_STEP][PASSED] - click: Object: 'Object Repository/Final Object Repo/Login Page/Internal User/Next Button' is clicked on

2018-12-14 09:45:15 - [MESSAGE][PASSED] - Object: 'Object Repository/Final Object Repo/Login Page/Internal User/Next Button' is clicked on

2018-12-14 09:45:15 - [TEST_STEP][PASSED] - delay: Delayed 2 second(s)

2018-12-14 09:45:17 - [MESSAGE][PASSED] - Delayed 2 second(s)

2018-12-14 09:45:17 - [TEST_STEP][PASSED] - setText: Text 'test' is set on object 'Object Repository/Final Object Repo/Login Page/Internal User/Password'

2018-12-14 09:45:18 - [MESSAGE][PASSED] - Text 'test' is set on object 'Object Repository/Final Object Repo/Login Page/Internal User/Password'

2018-12-14 09:45:18 - [TEST_STEP][PASSED] - delay: Delayed 2 second(s)

2018-12-14 09:45:20 - [MESSAGE][PASSED] - Delayed 2 second(s)

2018-12-14 09:45:20 - [TEST_STEP][PASSED] - click: Object: 'Object Repository/Final Object Repo/Login Page/Internal User/Login Button' is clicked on

2018-12-14 09:45:20 - [MESSAGE][PASSED] - Object: 'Object Repository/Final Object Repo/Login Page/Internal User/Login Button' is clicked on

2018-12-14 09:45:20 - [TEST_STEP][PASSED] - delay: Delayed 3 second(s)

2018-12-14 09:45:23 - [MESSAGE][PASSED] - Delayed 3 second(s)

2018-12-14 09:45:23 - [TEST_STEP][PASSED] - navigateToUrl: Navigate to 'https://assist2-uat.perkeso.gov.my/group/control_panel/manage?p_p_id=125&p_p_lifecycle=0&p_p_state=maximized&p_p_mode=view&refererPlid=20455&_125_usersListView=flat-users&_125_toolbarItem=view-all-users&_125_saveUsersListView=true&_125_struts_action=%2Fusers_admin%2Fview' successfully

2018-12-14 09:45:24 - [MESSAGE][PASSED] - Navigate to 'https://assist2-uat.perkeso.gov.my/group/control_panel/manage?p_p_id=125&p_p_lifecycle=0&p_p_state=maximized&p_p_mode=view&refererPlid=20455&_125_usersListView=flat-users&_125_toolbarItem=view-all-users&_125_saveUsersListView=true&_125_struts_action=%2Fusers_admin%2Fview' successfully

2018-12-14 09:45:24 - [TEST_STEP][PASSED] - delay: Delayed 3 second(s)

2018-12-14 09:45:27 - [MESSAGE][PASSED] - Delayed 3 second(s)

2018-12-14 09:45:27 - [TEST_STEP][PASSED] - setText: Text 'perkeso518133335366@gmail.com' is set on object 'Object Repository/Final Object Repo/Creating Employer Account/Page_Users and Organizations - ASSIST/Employer name'

2018-12-14 09:45:28 - [MESSAGE][PASSED] - Text 'perkeso518133335366@gmail.com' is set on object 'Object Repository/Final Object Repo/Creating Employer Account/Page_Users and Organizations - ASSIST/Employer name'

2018-12-14 09:45:28 - [TEST_STEP][PASSED] - delay: Delayed 3 second(s)

2018-12-14 09:45:31 - [MESSAGE][PASSED] - Delayed 3 second(s)

2018-12-14 09:45:31 - [TEST_STEP][PASSED] - click: Object: 'Object Repository/Final Object Repo/Creating Employer Account/Page_Users and Organizations - ASSIST/Search' is clicked on

2018-12-14 09:45:31 - [MESSAGE][PASSED] - Object: 'Object Repository/Final Object Repo/Creating Employer Account/Page_Users and Organizations - ASSIST/Search' is clicked on

2018-12-14 09:45:31 - [TEST_STEP][PASSED] - delay: Delayed 3 second(s)

2018-12-14 09:45:34 - [MESSAGE][PASSED] - Delayed 3 second(s)

2018-12-14 09:45:34 - [TEST_STEP][PASSED] - click: Object: 'Object Repository/Final Object Repo/Creating Employer Account/Page_Users and Organizations - ASSIST/Action' is clicked on

2018-12-14 09:45:34 - [MESSAGE][PASSED] - Object: 'Object Repository/Final Object Repo/Creating Employer Account/Page_Users and Organizations - ASSIST/Action' is clicked on

2018-12-14 09:45:34 - [TEST_STEP][PASSED] - delay: Delayed 3 second(s)

2018-12-14 09:45:37 - [MESSAGE][PASSED] - Delayed 3 second(s)

2018-12-14 09:45:37 - [TEST_STEP][PASSED] - click: Object: 'Object Repository/Final Object Repo/Creating Employer Account/Page_Users and Organizations - ASSIST/Edit' is clicked on

2018-12-14 09:45:39 - [MESSAGE][PASSED] - Object: 'Object Repository/Final Object Repo/Creating Employer Account/Page_Users and Organizations - ASSIST/Edit' is clicked on

2018-12-14 09:45:39 - [TEST_STEP][PASSED] - delay: Delayed 3 second(s)

2018-12-14 09:45:42 - [MESSAGE][PASSED] - Delayed 3 second(s)

2018-12-14 09:45:42 - [TEST_STEP][PASSED] - click: Object: 'Object Repository/Final Object Repo/Creating Employer Account/Page_PERKESO - Users and Organizati/a_Password (Modified)' is clicked on

2018-12-14 09:45:42 - [MESSAGE][PASSED] - Object: 'Object Repository/Final Object Repo/Creating Employer Account/Page_PERKESO - Users and Organizati/a_Password (Modified)' is clicked on

2018-12-14 09:45:42 - [TEST_STEP][PASSED] - delay: Delayed 3 second(s)

2018-12-14 09:45:45 - [MESSAGE][PASSED] - Delayed 3 second(s)

2018-12-14 09:45:45 - [TEST_STEP][PASSED] - setEncryptedText: Text ****** has been set on object 'Object Repository/Final Object Repo/Creating Employer Account/Page_PERKESO - Users and Organizati/input__125_password1'

2018-12-14 09:45:45 - [MESSAGE][PASSED] - Text ****** has been set on object 'Object Repository/Final Object Repo/Creating Employer Account/Page_PERKESO - Users and Organizati/input__125_password1'

2018-12-14 09:45:45 - [TEST_STEP][PASSED] - delay: Delayed 3 second(s)

2018-12-14 09:45:48 - [MESSAGE][PASSED] - Delayed 3 second(s)

2018-12-14 09:45:48 - [TEST_STEP][PASSED] - setEncryptedText: Text ****** has been set on object 'Object Repository/Final Object Repo/Creating Employer Account/Page_PERKESO - Users and Organizati/input__125_password2'

2018-12-14 09:45:48 - [MESSAGE][PASSED] - Text ****** has been set on object 'Object Repository/Final Object Repo/Creating Employer Account/Page_PERKESO - Users and Organizati/input__125_password2'

2018-12-14 09:45:48 - [TEST_STEP][PASSED] - delay: Delayed 3 second(s)

2018-12-14 09:45:51 - [MESSAGE][PASSED] - Delayed 3 second(s)

2018-12-14 09:45:51 - [TEST_STEP][PASSED] - click: Object: 'Object Repository/Final Object Repo/Creating Employer Account/Page_PERKESO - Users and Organizati/Save' is clicked on

2018-12-14 09:45:53 - [MESSAGE][PASSED] - Object: 'Object Repository/Final Object Repo/Creating Employer Account/Page_PERKESO - Users and Organizati/Save' is clicked on

2018-12-14 09:45:53 - [MESSAGE][PASSED] - Call Test Case 'Test Cases/Final Aug 2018 - PKS Automation/Create Employer Acc/Template/Change Password of Employer' successfully

2018-12-14 09:45:53 - [TEST_STEP][PASSED] - delay: Delayed 1 second(s)

2018-12-14 09:45:54 - [MESSAGE][PASSED] - Delayed 1 second(s)

2018-12-14 09:45:54 - [TEST_STEP][PASSED] - navigateToUrl: Navigate to 'https://assist2-uat.perkeso.gov.my/c/portal/logout' successfully

2018-12-14 09:45:55 - [MESSAGE][PASSED] - Navigate to 'https://assist2-uat.perkeso.gov.my/c/portal/logout' successfully

2018-12-14 09:45:55 - [TEST_STEP][PASSED] - delay: Delayed 1 second(s)

2018-12-14 09:45:56 - [MESSAGE][PASSED] - Delayed 1 second(s)

2018-12-14 09:45:56 - [TEST_STEP][PASSED] - callTestCase: Call Test Case 'Test Cases/Final Aug 2018 - PKS Automation/Create Employer Acc/Template/Login to Employer Account (First Time)' successfully

2018-12-14 09:45:56 - [TEST_CASE][PASSED] - Test Cases/Final Aug 2018 - PKS Automation/Create Employer Acc/Template/Login to Employer Account (First Time): Test Cases/Final Aug 2018 - PKS Automation/Create Employer Acc/Template/Login to Employer Account (First Time)

2018-12-14 09:45:56 - [TEST_STEP][PASSED] - openBrowser: Browser is opened with url: ''

2018-12-14 09:45:56 - [MESSAGE][WARNING] - A browser is already opened. Closing browser and opening a new one

2018-12-14 09:46:00 - [MESSAGE][PASSED] - Browser is opened with url: ''

2018-12-14 09:46:00 - [TEST_STEP][PASSED] - navigateToUrl: Navigate to 'https://assist2-uat.perkeso.gov.my/employer/login' successfully

2018-12-14 09:46:01 - [MESSAGE][PASSED] - Navigate to 'https://assist2-uat.perkeso.gov.my/employer/login' successfully

2018-12-14 09:46:01 - [TEST_STEP][PASSED] - delay: Delayed 3 second(s)

2018-12-14 09:46:04 - [MESSAGE][PASSED] - Delayed 3 second(s)

2018-12-14 09:46:04 - [TEST_STEP][PASSED] - callTestCase: Call Test Case 'Test Cases/Final Aug 2018 - PKS Automation/Create Employer Acc/Template/Employer Email Getter' successfully

2018-12-14 09:46:04 - [TEST_CASE][PASSED] - Test Cases/Final Aug 2018 - PKS Automation/Create Employer Acc/Template/Employer Email Getter: Test Cases/Final Aug 2018 - PKS Automation/Create Employer Acc/Template/Employer Email Getter

2018-12-14 09:46:04 - [TEST_STEP][PASSED] - Statement - Try: null

2018-12-14 09:46:04 - [TEST_STEP][PASSED] - Statement - EmpEmail = new java.io.File(C://Users//Admin//Desktop//PKS//Automation Reference Point//EmpEmail.txt): null

2018-12-14 09:46:04 - [TEST_STEP][PASSED] - Statement - bufferread = new java.io.BufferedReader(new java.io.FileReader(EmpEmail)): null

2018-12-14 09:46:04 - [TEST_STEP][PASSED] - Statement - readedVal = bufferread.readLine(): null

2018-12-14 09:46:04 - [TEST_STEP][PASSED] - Statement - out.println(readedVal): null

2018-12-14 09:46:04 - [TEST_STEP][PASSED] - Statement - Email = readedVal: null

2018-12-14 09:46:04 - [MESSAGE][PASSED] - Call Test Case 'Test Cases/Final Aug 2018 - PKS Automation/Create Employer Acc/Template/Employer Email Getter' successfully

2018-12-14 09:46:04 - [TEST_STEP][PASSED] - setText: Text 'perkeso518133335366@gmail.com' is set on object 'Object Repository/Final Object Repo/Login Page/External Login Page/Email'

2018-12-14 09:46:05 - [MESSAGE][PASSED] - Text 'perkeso518133335366@gmail.com' is set on object 'Object Repository/Final Object Repo/Login Page/External Login Page/Email'

2018-12-14 09:46:05 - [TEST_STEP][PASSED] - click: Object: 'Object Repository/Final Object Repo/Login Page/External Login Page/Next' is clicked on

2018-12-14 09:46:05 - [MESSAGE][PASSED] - Object: 'Object Repository/Final Object Repo/Login Page/External Login Page/Next' is clicked on

2018-12-14 09:46:05 - [TEST_STEP][PASSED] - delay: Delayed 3 second(s)

2018-12-14 09:46:08 - [MESSAGE][PASSED] - Delayed 3 second(s)

2018-12-14 09:46:08 - [TEST_STEP][PASSED] - setEncryptedText: Text ****** has been set on object 'Object Repository/Final Object Repo/Login Page/External Login Page/Password'

2018-12-14 09:46:08 - [MESSAGE][PASSED] - Text ****** has been set on object 'Object Repository/Final Object Repo/Login Page/External Login Page/Password'

2018-12-14 09:46:08 - [TEST_STEP][PASSED] - click: Object: 'Object Repository/Final Object Repo/Login Page/External Login Page/Login' is clicked on

2018-12-14 09:46:08 - [MESSAGE][PASSED] - Object: 'Object Repository/Final Object Repo/Login Page/External Login Page/Login' is clicked on

2018-12-14 09:46:08 - [TEST_STEP][PASSED] - delay: Delayed 3 second(s)

2018-12-14 09:46:11 - [MESSAGE][PASSED] - Delayed 3 second(s)

2018-12-14 09:46:11 - [TEST_STEP][PASSED] - click: Object: 'Object Repository/Final Object Repo/Creating Employer Account/Page_Terms of Use - ASSIST/button_I Agree' is clicked on

2018-12-14 09:46:11 - [MESSAGE][PASSED] - Object: 'Object Repository/Final Object Repo/Creating Employer Account/Page_Terms of Use - ASSIST/button_I Agree' is clicked on

2018-12-14 09:46:11 - [TEST_STEP][PASSED] - delay: Delayed 2 second(s)

2018-12-14 09:46:13 - [MESSAGE][PASSED] - Delayed 2 second(s)

2018-12-14 09:46:13 - [TEST_STEP][PASSED] - setEncryptedText: Text ****** has been set on object 'Object Repository/Final Object Repo/Creating Employer Account/Page_New Password - ASSIST/input_password1'

2018-12-14 09:46:14 - [MESSAGE][PASSED] - Text ****** has been set on object 'Object Repository/Final Object Repo/Creating Employer Account/Page_New Password - ASSIST/input_password1'

2018-12-14 09:46:14 - [TEST_STEP][PASSED] - setEncryptedText: Text ****** has been set on object 'Object Repository/Final Object Repo/Creating Employer Account/Page_New Password - ASSIST/input_password2'

2018-12-14 09:46:14 - [MESSAGE][PASSED] - Text ****** has been set on object 'Object Repository/Final Object Repo/Creating Employer Account/Page_New Password - ASSIST/input_password2'

2018-12-14 09:46:14 - [TEST_STEP][PASSED] - delay: Delayed 2 second(s)

2018-12-14 09:46:16 - [MESSAGE][PASSED] - Delayed 2 second(s)

2018-12-14 09:46:16 - [TEST_STEP][PASSED] - click: Object: 'Object Repository/Final Object Repo/Creating Employer Account/Page_New Password - ASSIST/Save' is clicked on

2018-12-14 09:46:16 - [MESSAGE][PASSED] - Object: 'Object Repository/Final Object Repo/Creating Employer Account/Page_New Password - ASSIST/Save' is clicked on

2018-12-14 09:46:16 - [TEST_STEP][PASSED] - delay: Delayed 2 second(s)

2018-12-14 09:46:18 - [MESSAGE][PASSED] - Delayed 2 second(s)

2018-12-14 09:46:18 - [TEST_STEP][PASSED] - setText: Text 'test' is set on object 'Object Repository/Final Object Repo/Creating Employer Account/Page_Password Reminder - ASSIST/Reminder Query Answer'

2018-12-14 09:46:18 - [MESSAGE][PASSED] - Text 'test' is set on object 'Object Repository/Final Object Repo/Creating Employer Account/Page_Password Reminder - ASSIST/Reminder Query Answer'

2018-12-14 09:46:18 - [TEST_STEP][PASSED] - delay: Delayed 2 second(s)

2018-12-14 09:46:20 - [MESSAGE][PASSED] - Delayed 2 second(s)

2018-12-14 09:46:20 - [TEST_STEP][PASSED] - doubleClick: Object: 'Object Repository/Final Object Repo/Creating Employer Account/Page_Password Reminder - ASSIST/Save' is double clicked on

2018-12-14 09:46:21 - [MESSAGE][PASSED] - Object: 'Object Repository/Final Object Repo/Creating Employer Account/Page_Password Reminder - ASSIST/Save' is double clicked on

2018-12-14 09:46:21 - [MESSAGE][PASSED] - Call Test Case 'Test Cases/Final Aug 2018 - PKS Automation/Create Employer Acc/Template/Login to Employer Account (First Time)' successfully

2018-12-14 09:46:21 - [MESSAGE][PASSED] - Call Test Case 'Test Cases/Final Aug 2018 - PKS Automation/Create Employer Acc/Create Employer Account' successfully

2018-12-14 09:46:21 - [TEST_STEP][PASSED] - callTestCase: Call Test Case 'Test Cases/Final Aug 2018 - PKS Automation/Registration Module/Log Out/log out avoiding katalon tagging' successfully

2018-12-14 09:46:21 - [TEST_CASE][PASSED] - Test Cases/Final Aug 2018 - PKS Automation/Registration Module/Log Out/log out avoiding katalon tagging: Test Cases/Final Aug 2018 - PKS Automation/Registration Module/Log Out/log out avoiding katalon tagging

2018-12-14 09:46:21 - [TEST_STEP][PASSED] - navigateToUrl: Navigate to 'https://assist2-uat.perkeso.gov.my/c/portal/logout' successfully

2018-12-14 09:46:24 - [MESSAGE][PASSED] - Navigate to 'https://assist2-uat.perkeso.gov.my/c/portal/logout' successfully

2018-12-14 09:46:24 - [MESSAGE][PASSED] - Call Test Case 'Test Cases/Final Aug 2018 - PKS Automation/Registration Module/Log Out/log out avoiding katalon tagging' successfully

2018-12-14 09:46:24 - [TEST_STEP][PASSED] - callTestCase: Call Test Case 'Test Cases/Final Aug 2018 - PKS Automation/Create Employer Acc/Login to Employer Account (Second time)' successfully

2018-12-14 09:46:24 - [TEST_CASE][PASSED] - Test Cases/Final Aug 2018 - PKS Automation/Create Employer Acc/Login to Employer Account (Second time): Test Cases/Final Aug 2018 - PKS Automation/Create Employer Acc/Login to Employer Account (Second time)

2018-12-14 09:46:24 - [TEST_STEP][PASSED] - openBrowser: Browser is opened with url: ''

2018-12-14 09:46:24 - [MESSAGE][WARNING] - A browser is already opened. Closing browser and opening a new one

2018-12-14 09:46:27 - [MESSAGE][PASSED] - Browser is opened with url: ''

2018-12-14 09:46:27 - [TEST_STEP][PASSED] - navigateToUrl: Navigate to 'https://assist2-uat.perkeso.gov.my/employer/login' successfully

2018-12-14 09:46:28 - [MESSAGE][PASSED] - Navigate to 'https://assist2-uat.perkeso.gov.my/employer/login' successfully

2018-12-14 09:46:28 - [TEST_STEP][PASSED] - delay: Delayed 3 second(s)

2018-12-14 09:46:31 - [MESSAGE][PASSED] - Delayed 3 second(s)

2018-12-14 09:46:31 - [TEST_STEP][PASSED] - callTestCase: Call Test Case 'Test Cases/Final Aug 2018 - PKS Automation/Create Employer Acc/Template/Employer Email Getter' successfully

2018-12-14 09:46:31 - [TEST_CASE][PASSED] - Test Cases/Final Aug 2018 - PKS Automation/Create Employer Acc/Template/Employer Email Getter: Test Cases/Final Aug 2018 - PKS Automation/Create Employer Acc/Template/Employer Email Getter

2018-12-14 09:46:31 - [TEST_STEP][PASSED] - Statement - Try: null

2018-12-14 09:46:31 - [TEST_STEP][PASSED] - Statement - EmpEmail = new java.io.File(C://Users//Admin//Desktop//PKS//Automation Reference Point//EmpEmail.txt): null

2018-12-14 09:46:31 - [TEST_STEP][PASSED] - Statement - bufferread = new java.io.BufferedReader(new java.io.FileReader(EmpEmail)): null

2018-12-14 09:46:31 - [TEST_STEP][PASSED] - Statement - readedVal = bufferread.readLine(): null

2018-12-14 09:46:31 - [TEST_STEP][PASSED] - Statement - out.println(readedVal): null

2018-12-14 09:46:31 - [TEST_STEP][PASSED] - Statement - Email = readedVal: null

2018-12-14 09:46:31 - [MESSAGE][PASSED] - Call Test Case 'Test Cases/Final Aug 2018 - PKS Automation/Create Employer Acc/Template/Employer Email Getter' successfully

2018-12-14 09:46:31 - [TEST_STEP][PASSED] - setText: Text 'perkeso518133335366@gmail.com' is set on object 'Object Repository/Final Object Repo/Login Page/External Login Page/Email'

2018-12-14 09:46:32 - [MESSAGE][PASSED] - Text 'perkeso518133335366@gmail.com' is set on object 'Object Repository/Final Object Repo/Login Page/External Login Page/Email'

2018-12-14 09:46:32 - [TEST_STEP][PASSED] - click: Object: 'Object Repository/Final Object Repo/Login Page/External Login Page/Next' is clicked on

2018-12-14 09:46:32 - [MESSAGE][PASSED] - Object: 'Object Repository/Final Object Repo/Login Page/External Login Page/Next' is clicked on

2018-12-14 09:46:32 - [TEST_STEP][PASSED] - delay: Delayed 3 second(s)

2018-12-14 09:46:35 - [MESSAGE][PASSED] - Delayed 3 second(s)

2018-12-14 09:46:35 - [TEST_STEP][PASSED] - setEncryptedText: Text ****** has been set on object 'Object Repository/Final Object Repo/Login Page/External Login Page/Password'

2018-12-14 09:46:35 - [MESSAGE][PASSED] - Text ****** has been set on object 'Object Repository/Final Object Repo/Login Page/External Login Page/Password'

2018-12-14 09:46:35 - [TEST_STEP][PASSED] - click: Object: 'Object Repository/Final Object Repo/Login Page/External Login Page/Login' is clicked on

2018-12-14 09:46:35 - [MESSAGE][PASSED] - Object: 'Object Repository/Final Object Repo/Login Page/External Login Page/Login' is clicked on

2018-12-14 09:46:35 - [TEST_STEP][PASSED] - delay: Delayed 5 second(s)

2018-12-14 09:46:40 - [MESSAGE][PASSED] - Delayed 5 second(s)

2018-12-14 09:46:40 - [MESSAGE][PASSED] - Call Test Case 'Test Cases/Final Aug 2018 - PKS Automation/Create Employer Acc/Login to Employer Account (Second time)' successfully

2018-12-14 09:46:40 - [TEST_STEP][PASSED] - delay: Delayed 4 second(s)

2018-12-14 09:46:44 - [MESSAGE][PASSED] - Delayed 4 second(s)

2018-12-14 09:46:44 - [TEST_STEP][PASSED] - Statement - Try: Delayed 2 second(s)

2018-12-14 09:46:44 - [TEST_STEP][PASSED] - Statement - Checker = false: null

2018-12-14 09:46:44 - [TEST_STEP][PASSED] - Statement - Checker = com.kms.katalon.core.webui.keyword.WebUiBuiltInKeywords.verifyElementHasAttribute(com.kms.katalon.core.testobject.ObjectRepository.findTestObject(Final Object Repo/Landing Page/BM Detecting), "href", 20, OPTIONAL): Object 'Object Repository/Final Object Repo/Landing Page/BM Detecting' has attribute 'href'

2018-12-14 09:46:44 - [MESSAGE][PASSED] - Object 'Object Repository/Final Object Repo/Landing Page/BM Detecting' has attribute 'href'

2018-12-14 09:46:44 - [TEST_STEP][PASSED] - Statement - out.println(Checker): null

2018-12-14 09:46:44 - [TEST_STEP][PASSED] - Statement - If (Checker == false): null

2018-12-14 09:46:44 - [TEST_STEP][PASSED] - Statement - Else: null

2018-12-14 09:46:44 - [TEST_STEP][PASSED] - delay: Delayed 2 second(s)

2018-12-14 09:46:46 - [MESSAGE][PASSED] - Delayed 2 second(s)

2018-12-14 09:46:46 - [TEST_STEP][PASSED] - delay: Delayed 4 second(s)

2018-12-14 09:46:50 - [MESSAGE][PASSED] - Delayed 4 second(s)

2018-12-14 09:46:50 - [TEST_STEP][PASSED] - click: Object: 'Object Repository/Final Object Repo/Landing Page/My Sites Drop Down' is clicked on

2018-12-14 09:46:51 - [MESSAGE][PASSED] - Object: 'Object Repository/Final Object Repo/Landing Page/My Sites Drop Down' is clicked on

2018-12-14 09:46:51 - [TEST_STEP][PASSED] - click: Object: 'Object Repository/Final Object Repo/Landing Page/Select to Registration Module' is clicked on

2018-12-14 09:46:53 - [MESSAGE][PASSED] - Object: 'Object Repository/Final Object Repo/Landing Page/Select to Registration Module' is clicked on

2018-12-14 09:46:53 - [TEST_STEP][PASSED] - click: Object: 'Object Repository/Final Object Repo/Landing Page/Registration Button' is clicked on

2018-12-14 09:46:55 - [MESSAGE][PASSED] - Object: 'Object Repository/Final Object Repo/Landing Page/Registration Button' is clicked on

2018-12-14 09:46:55 - [TEST_STEP][PASSED] - delay: Delayed 2 second(s)

2018-12-14 09:46:57 - [MESSAGE][PASSED] - Delayed 2 second(s)

2018-12-14 09:46:57 - [TEST_STEP][PASSED] - click: Object: 'Object Repository/Final Object Repo/New Registration - Registration Module Pages/New Reg - OTC to RO/Special Case - OTC - Form 1/AEC NO' is clicked on

2018-12-14 09:46:57 - [MESSAGE][PASSED] - Object: 'Object Repository/Final Object Repo/New Registration - Registration Module Pages/New Reg - OTC to RO/Special Case - OTC - Form 1/AEC NO' is clicked on

2018-12-14 09:46:57 - [TEST_STEP][PASSED] - click: Object: 'Object Repository/Final Object Repo/New Registration - Registration Module Pages/New Reg - OTC to RO/Special Case - OTC - Form 1/Business Entity - Please Select' is clicked on

2018-12-14 09:46:57 - [MESSAGE][PASSED] - Object: 'Object Repository/Final Object Repo/New Registration - Registration Module Pages/New Reg - OTC to RO/Special Case - OTC - Form 1/Business Entity - Please Select' is clicked on

2018-12-14 09:46:57 - [TEST_STEP][PASSED] - click: Object: 'Object Repository/Final Object Repo/New Registration - Registration Module Pages/New Reg - OTC to RO/Special Case - OTC - Form 1/Selected - Corporation' is clicked on

2018-12-14 09:46:57 - [MESSAGE][PASSED] - Object: 'Object Repository/Final Object Repo/New Registration - Registration Module Pages/New Reg - OTC to RO/Special Case - OTC - Form 1/Selected - Corporation' is clicked on

2018-12-14 09:46:57 - [TEST_STEP][PASSED] - delay: Delayed 2 second(s)

2018-12-14 09:46:59 - [MESSAGE][PASSED] - Delayed 2 second(s)

2018-12-14 09:46:59 - [TEST_STEP][PASSED] - click: Object: 'Object Repository/Final Object Repo/New Registration - Registration Module Pages/New Reg - OTC to RO/Special Case - OTC - Form 1/Sub Business Entity - Please Select' is clicked on

2018-12-14 09:47:00 - [MESSAGE][PASSED] - Object: 'Object Repository/Final Object Repo/New Registration - Registration Module Pages/New Reg - OTC to RO/Special Case - OTC - Form 1/Sub Business Entity - Please Select' is clicked on

2018-12-14 09:47:00 - [TEST_STEP][PASSED] - delay: Delayed 2 second(s)

2018-12-14 09:47:02 - [MESSAGE][PASSED] - Delayed 2 second(s)

2018-12-14 09:47:02 - [TEST_STEP][PASSED] - click: Object: 'Object Repository/Final Object Repo/New Registration - Registration Module Pages/New Reg - OTC to RO/Special Case - OTC - Form 1/Selected - Sendirian Berhad' is clicked on

2018-12-14 09:47:02 - [MESSAGE][PASSED] - Object: 'Object Repository/Final Object Repo/New Registration - Registration Module Pages/New Reg - OTC to RO/Special Case - OTC - Form 1/Selected - Sendirian Berhad' is clicked on

2018-12-14 09:47:02 - [TEST_STEP][PASSED] - setText: Text 'AUTOMATE001' is set on object 'Object Repository/Final Object Repo/New Registration - Registration Module Pages/New Reg - OTC to RO/Special Case - OTC - Form 1/Input BRN Number'

2018-12-14 09:47:02 - [MESSAGE][PASSED] - Text 'AUTOMATE001' is set on object 'Object Repository/Final Object Repo/New Registration - Registration Module Pages/New Reg - OTC to RO/Special Case - OTC - Form 1/Input BRN Number'

2018-12-14 09:47:02 - [TEST_STEP][PASSED] - delay: Delayed 2 second(s)

2018-12-14 09:47:04 - [MESSAGE][PASSED] - Delayed 2 second(s)

2018-12-14 09:47:04 - [TEST_STEP][PASSED] - click: Object: 'Object Repository/Final Object Repo/New Registration - Registration Module Pages/New Reg - OTC to RO/Special Case - OTC - Form 1/BRN Search' is clicked on

2018-12-14 09:47:05 - [MESSAGE][PASSED] - Object: 'Object Repository/Final Object Repo/New Registration - Registration Module Pages/New Reg - OTC to RO/Special Case - OTC - Form 1/BRN Search' is clicked on

2018-12-14 09:47:05 - [TEST_STEP][PASSED] - delay: Delayed 4 second(s)

2018-12-14 09:47:09 - [MESSAGE][PASSED] - Delayed 4 second(s)

2018-12-14 09:47:09 - [TEST_STEP][PASSED] - click: Object: 'Object Repository/Final Object Repo/New Registration - Registration Module Pages/New Reg - OTC to RO/Special Case - OTC - Form 1/Registered with SSM - After Feb 2017' is clicked on

2018-12-14 09:47:09 - [MESSAGE][PASSED] - Object: 'Object Repository/Final Object Repo/New Registration - Registration Module Pages/New Reg - OTC to RO/Special Case - OTC - Form 1/Registered with SSM - After Feb 2017' is clicked on

2018-12-14 09:47:09 - [TEST_STEP][PASSED] - delay: Delayed 2 second(s)

2018-12-14 09:47:11 - [MESSAGE][PASSED] - Delayed 2 second(s)

2018-12-14 09:47:11 - [TEST_STEP][PASSED] - click: Object: 'Object Repository/Final Object Repo/New Registration - Registration Module Pages/Form 1/Registered As a Branch - Yes' is clicked on

2018-12-14 09:47:11 - [MESSAGE][PASSED] - Object: 'Object Repository/Final Object Repo/New Registration - Registration Module Pages/Form 1/Registered As a Branch - Yes' is clicked on

2018-12-14 09:47:11 - [TEST_STEP][PASSED] - click: Object: 'Object Repository/Final Object Repo/New Registration - Registration Module Pages/New Reg - OTC to RO/Special Case - OTC - Form 1/Acknowledgement Ticked' is clicked on

2018-12-14 09:47:11 - [MESSAGE][PASSED] - Object: 'Object Repository/Final Object Repo/New Registration - Registration Module Pages/New Reg - OTC to RO/Special Case - OTC - Form 1/Acknowledgement Ticked' is clicked on

2018-12-14 09:47:11 - [TEST_STEP][PASSED] - setText: Text 'perkeso518133335366@gmail.com' is set on object 'Object Repository/Final Object Repo/New Registration - Registration Module Pages/Form 1/Email'

2018-12-14 09:47:12 - [MESSAGE][PASSED] - Text 'perkeso518133335366@gmail.com' is set on object 'Object Repository/Final Object Repo/New Registration - Registration Module Pages/Form 1/Email'

2018-12-14 09:47:12 - [TEST_STEP][PASSED] - click: Object: 'Object Repository/Final Object Repo/New Registration - Registration Module Pages/New Reg - OTC to RO/Special Case - OTC - Form 1/Submit Button' is clicked on

2018-12-14 09:47:12 - [MESSAGE][PASSED] - Object: 'Object Repository/Final Object Repo/New Registration - Registration Module Pages/New Reg - OTC to RO/Special Case - OTC - Form 1/Submit Button' is clicked on

2018-12-14 09:47:12 - [TEST_STEP][PASSED] - callTestCase: Call Test Case 'Test Cases/Final Aug 2018 - PKS Automation/Registration Module/New Registration/Form 2/Add 1 Eligible - Employer Account Use' successfully

2018-12-14 09:47:12 - [TEST_CASE][PASSED] - Test Cases/Final Aug 2018 - PKS Automation/Registration Module/New Registration/Form 2/Add 1 Eligible - Employer Account Use: Test Cases/Final Aug 2018 - PKS Automation/Registration Module/New Registration/Form 2/Add 1 Eligible - Employer Account Use

2018-12-14 09:47:13 - [TEST_STEP][PASSED] - delay: Delayed 2 second(s)

2018-12-14 09:47:15 - [MESSAGE][PASSED] - Delayed 2 second(s)

2018-12-14 09:47:15 - [TEST_STEP][PASSED] - callTestCase: Call Test Case 'Test Cases/Final Aug 2018 - PKS Automation/Registration Module/New Registration/Form 2/Date Updater' successfully

2018-12-14 09:47:15 - [TEST_CASE][PASSED] - Test Cases/Final Aug 2018 - PKS Automation/Registration Module/New Registration/Form 2/Date Updater: Test Cases/Final Aug 2018 - PKS Automation/Registration Module/New Registration/Form 2/Date Updater

2018-12-14 09:47:15 - [TEST_STEP][PASSED] - Statement - TodayDate = new java.util.Date(): null

2018-12-14 09:47:15 - [TEST_STEP][PASSED] - Statement - CurrentDateNoFilter = new java.text.SimpleDateFormat(): null

2018-12-14 09:47:15 - [TEST_STEP][PASSED] - Statement - CurrentDateNoFilter.applyPattern("MM"): null

2018-12-14 09:47:15 - [TEST_STEP][PASSED] - Statement - monthContainerMatcher = java.lang.Integer.parseInt(CurrentDateNoFilter.format(TodayDate)): null

2018-12-14 09:47:15 - [TEST_STEP][PASSED] - Statement - monthContainerMatcher = monthContainerMatcher - 1: null

2018-12-14 09:47:15 - [TEST_STEP][PASSED] - Statement - CurrentMonth = monthContainerMatcher.toString(): null

2018-12-14 09:47:15 - [TEST_STEP][PASSED] - Statement - CurrentMonth = CurrentMonth: null

2018-12-14 09:47:15 - [TEST_STEP][PASSED] - Statement - CurrentDateNoFilter.applyPattern("yyyy"): null

2018-12-14 09:47:15 - [TEST_STEP][PASSED] - Statement - CurrentYear = CurrentDateNoFilter.format(TodayDate): null

2018-12-14 09:47:15 - [TEST_STEP][PASSED] - Statement - CurrentYear = CurrentYear: null

2018-12-14 09:47:15 - [TEST_STEP][PASSED] - Statement - intCurrentYear = java.lang.Integer.parseInt(CurrentDateNoFilter.format(TodayDate)): null

2018-12-14 09:47:15 - [TEST_STEP][PASSED] - Statement - eighteenYrsAgo = intCurrentYear - 18: null

2018-12-14 09:47:15 - [TEST_STEP][PASSED] - Statement - eighteenYrsBeforeThisYr = eighteenYrsAgo.toString(): null

2018-12-14 09:47:15 - [TEST_STEP][PASSED] - Statement - EighteenYrsBefore = eighteenYrsBeforeThisYr: null

2018-12-14 09:47:15 - [TEST_STEP][PASSED] - Statement - fiftysevenYrsAgo = intCurrentYear - 57: null

2018-12-14 09:47:15 - [TEST_STEP][PASSED] - Statement - fiftysevenYrsBeforeThisYr = fiftysevenYrsAgo.toString(): null

2018-12-14 09:47:15 - [TEST_STEP][PASSED] - Statement - FiftysevenYrsBefore = fiftysevenYrsBeforeThisYr: null

2018-12-14 09:47:15 - [TEST_STEP][PASSED] - Statement - leapYear = false: null

2018-12-14 09:47:15 - [TEST_STEP][PASSED] - Statement - leapYear = intCurrentYear % 4 == 0: null

2018-12-14 09:47:15 - [TEST_STEP][PASSED] - Statement - CurrentDateNoFilter.applyPattern("dd"): null

2018-12-14 09:47:15 - [TEST_STEP][PASSED] - Statement - CurrentDate = CurrentDateNoFilter.format(TodayDate): null

2018-12-14 09:47:15 - [TEST_STEP][PASSED] - Statement - CurrentDate = java.lang.Integer.parseInt(CurrentDate): null

2018-12-14 09:47:16 - [TEST_STEP][PASSED] - Statement - CurrentDate = CurrentDate: null

2018-12-14 09:47:16 - [TEST_STEP][PASSED] - Statement - CurrentDay = java.lang.Integer.parseInt(CurrentDate): null

2018-12-14 09:47:16 - [TEST_STEP][PASSED] - Statement - ConfAdder = <not implemented yet for class: org.codehaus.groovy.ast.expr.EmptyExpression>: null

2018-12-14 09:47:16 - [TEST_STEP][PASSED] - Statement - out.println(CurrentMonth): null

2018-12-14 09:47:16 - [TEST_STEP][PASSED] - Statement - out.println(CurrentDate): null

2018-12-14 09:47:16 - [TEST_STEP][PASSED] - Statement - switch (CurrentDate): null

2018-12-14 09:47:16 - [TEST_STEP][PASSED] - Statement - Default: null

2018-12-14 09:47:16 - [TEST_STEP][PASSED] - Statement - ConfAdder = true: null

2018-12-14 09:47:16 - [TEST_STEP][PASSED] - Statement - Break: null

2018-12-14 09:47:16 - [TEST_STEP][PASSED] - Statement - aDayBefore = <not implemented yet for class: org.codehaus.groovy.ast.expr.EmptyExpression>: null

2018-12-14 09:47:16 - [TEST_STEP][PASSED] - Statement - out.println(ConfAdder): null

2018-12-14 09:47:16 - [TEST_STEP][PASSED] - Statement - If (ConfAdder == true): null

2018-12-14 09:47:16 - [TEST_STEP][PASSED] - Statement - aDayBefore = CurrentDay + 1: null

2018-12-14 09:47:16 - [TEST_STEP][PASSED] - Statement - out.println(aDayBefore): null

2018-12-14 09:47:16 - [TEST_STEP][PASSED] - Statement - If (aDayBefore == 1 && CurrentMonth == 11): null

2018-12-14 09:47:16 - [TEST_STEP][PASSED] - Statement - DayBefore = aDayBefore.toString(): null

2018-12-14 09:47:16 - [TEST_STEP][PASSED] - Statement - OneDayBefore = DayBefore: null

2018-12-14 09:47:16 - [MESSAGE][PASSED] - Call Test Case 'Test Cases/Final Aug 2018 - PKS Automation/Registration Module/New Registration/Form 2/Date Updater' successfully

2018-12-14 09:47:16 - [TEST_STEP][PASSED] - delay: Delayed 1 second(s)

2018-12-14 09:47:17 - [MESSAGE][PASSED] - Delayed 1 second(s)

2018-12-14 09:47:17 - [TEST_STEP][PASSED] - Statement - CaseReferenceNo = com.kms.katalon.core.webui.keyword.WebUiBuiltInKeywords.getText(com.kms.katalon.core.testobject.ObjectRepository.findTestObject(Final Object Repo/New Registration - Registration Module Pages/Form 2/RefNo Acquiring)): Text of object 'Object Repository/Final Object Repo/New Registration - Registration Module Pages/Form 2/RefNo Acquiring' is: 'CRN12201800123331'

2018-12-14 09:47:17 - [MESSAGE][PASSED] - Text of object 'Object Repository/Final Object Repo/New Registration - Registration Module Pages/Form 2/RefNo Acquiring' is: 'CRN12201800123331'

2018-12-14 09:47:17 - [TEST_STEP][PASSED] - delay: Delayed 1 second(s)

2018-12-14 09:47:18 - [MESSAGE][PASSED] - Delayed 1 second(s)

2018-12-14 09:47:18 - [TEST_STEP][PASSED] - click: Object: 'Object Repository/Final Object Repo/New Registration - Registration Module Pages/Form 2/Add Employee Button' is clicked on

2018-12-14 09:47:18 - [MESSAGE][PASSED] - Object: 'Object Repository/Final Object Repo/New Registration - Registration Module Pages/Form 2/Add Employee Button' is clicked on

2018-12-14 09:47:18 - [TEST_STEP][PASSED] - delay: Delayed 1 second(s)

2018-12-14 09:47:19 - [MESSAGE][PASSED] - Delayed 1 second(s)

2018-12-14 09:47:19 - [TEST_STEP][PASSED] - setText: Text '010903091948' is set on object 'Object Repository/Final Object Repo/New Registration - Registration Module Pages/Form 2/NRIC Input'

2018-12-14 09:47:19 - [MESSAGE][PASSED] - Text '010903091948' is set on object 'Object Repository/Final Object Repo/New Registration - Registration Module Pages/Form 2/NRIC Input'

2018-12-14 09:47:19 - [TEST_STEP][PASSED] - delay: Delayed 2 second(s)

2018-12-14 09:47:21 - [MESSAGE][PASSED] - Delayed 2 second(s)

2018-12-14 09:47:21 - [TEST_STEP][PASSED] - setText: Text 'Automate001 eligible 1' is set on object 'Object Repository/Final Object Repo/New Registration - Registration Module Pages/Form 2/Employee Name Input'

2018-12-14 09:47:22 - [MESSAGE][PASSED] - Text 'Automate001 eligible 1' is set on object 'Object Repository/Final Object Repo/New Registration - Registration Module Pages/Form 2/Employee Name Input'

2018-12-14 09:47:22 - [TEST_STEP][PASSED] - delay: Delayed 2 second(s)

2018-12-14 09:47:24 - [MESSAGE][PASSED] - Delayed 2 second(s)

2018-12-14 09:47:24 - [TEST_STEP][PASSED] - click: Object: 'Object Repository/Final Object Repo/New Registration - Registration Module Pages/Form 2/DatePicker Pop Up' is clicked on

2018-12-14 09:47:24 - [MESSAGE][PASSED] - Object: 'Object Repository/Final Object Repo/New Registration - Registration Module Pages/Form 2/DatePicker Pop Up' is clicked on

2018-12-14 09:47:24 - [TEST_STEP][PASSED] - click: Object: 'Object Repository/Final Object Repo/New Registration - Registration Module Pages/Form 2/DOB Month' is clicked on

2018-12-14 09:47:24 - [MESSAGE][PASSED] - Object: 'Object Repository/Final Object Repo/New Registration - Registration Module Pages/Form 2/DOB Month' is clicked on

2018-12-14 09:47:24 - [TEST_STEP][PASSED] - Statement - CurrentMonth = CurrentMonth: null

2018-12-14 09:47:24 - [TEST_STEP][PASSED] - Statement - selectMonth = new com.kms.katalon.core.testobject.TestObject(): null

2018-12-14 09:47:24 - [TEST_STEP][PASSED] - Statement - selectMonth.addProperty("xpath", EQUALS, "//body/div/div/div/select/option[@value='" + CurrentMonth + "']", true): null

2018-12-14 09:47:24 - [TEST_STEP][PASSED] - click: Object: '' is clicked on

2018-12-14 09:47:24 - [MESSAGE][PASSED] - Object: '' is clicked on

2018-12-14 09:47:24 - [TEST_STEP][PASSED] - click: Object: 'Object Repository/Final Object Repo/New Registration - Registration Module Pages/Form 2/DOB Year' is clicked on

2018-12-14 09:47:25 - [MESSAGE][PASSED] - Object: 'Object Repository/Final Object Repo/New Registration - Registration Module Pages/Form 2/DOB Year' is clicked on

2018-12-14 09:47:25 - [TEST_STEP][PASSED] - Statement - Eyearsbf = EighteenYrsBefore: null

2018-12-14 09:47:25 - [TEST_STEP][PASSED] - Statement - selectYear = new com.kms.katalon.core.testobject.TestObject(): null

2018-12-14 09:47:25 - [TEST_STEP][PASSED] - Statement - selectYear.addProperty("xpath", EQUALS, "//div/div/div/select/option[@value='" + Eyearsbf + "']", true): null

2018-12-14 09:47:25 - [TEST_STEP][PASSED] - click: Object: '' is clicked on

2018-12-14 09:47:25 - [MESSAGE][PASSED] - Object: '' is clicked on

2018-12-14 09:47:25 - [TEST_STEP][PASSED] - Statement - UpdatedSelectDate = com.kms.katalon.core.webui.keyword.WebUiBuiltInKeywords.modifyObjectProperty(com.kms.katalon.core.testobject.ObjectRepository.findTestObject(Final Object Repo/New Registration - Registration Module Pages/Form 2/DOB Date), "xpath", "equals", "//body/div/table/tbody/tr/td/a[text()="" + CurrentDate + ""]", true): Modify property of object successfully

2018-12-14 09:47:25 - [MESSAGE][PASSED] - Modify property of object successfully

2018-12-14 09:47:25 - [TEST_STEP][PASSED] - delay: Delayed 3 second(s)

2018-12-14 09:47:28 - [MESSAGE][PASSED] - Delayed 3 second(s)

2018-12-14 09:47:28 - [TEST_STEP][PASSED] - click: Object: 'Object Repository/Final Object Repo/New Registration - Registration Module Pages/Form 2/DOB Date' is clicked on

2018-12-14 09:47:28 - [MESSAGE][PASSED] - Object: 'Object Repository/Final Object Repo/New Registration - Registration Module Pages/Form 2/DOB Date' is clicked on

2018-12-14 09:47:28 - [TEST_STEP][PASSED] - delay: Delayed 2 second(s)

2018-12-14 09:47:30 - [MESSAGE][PASSED] - Delayed 2 second(s)

2018-12-14 09:47:30 - [TEST_STEP][PASSED] - click: Object: 'Object Repository/Final Object Repo/New Registration - Registration Module Pages/Form 2/EmploymentStartDate Pop Up' is clicked on

2018-12-14 09:47:30 - [MESSAGE][PASSED] - Object: 'Object Repository/Final Object Repo/New Registration - Registration Module Pages/Form 2/EmploymentStartDate Pop Up' is clicked on

2018-12-14 09:47:30 - [TEST_STEP][PASSED] - delay: Delayed 2 second(s)

2018-12-14 09:47:32 - [MESSAGE][PASSED] - Delayed 2 second(s)

2018-12-14 09:47:32 - [TEST_STEP][PASSED] - click: Object: 'Object Repository/Final Object Repo/New Registration - Registration Module Pages/Form 2/Socso Employment StartDate Month' is clicked on

2018-12-14 09:47:32 - [MESSAGE][PASSED] - Object: 'Object Repository/Final Object Repo/New Registration - Registration Module Pages/Form 2/Socso Employment StartDate Month' is clicked on

2018-12-14 09:47:32 - [TEST_STEP][PASSED] - delay: Delayed 1 second(s)

2018-12-14 09:47:33 - [MESSAGE][PASSED] - Delayed 1 second(s)

2018-12-14 09:47:33 - [TEST_STEP][PASSED] - click: Object: 'Object Repository/Final Object Repo/New Registration - Registration Module Pages/Form 2/Select Socso Employement Startdate Month' is clicked on

2018-12-14 09:47:33 - [MESSAGE][PASSED] - Object: 'Object Repository/Final Object Repo/New Registration - Registration Module Pages/Form 2/Select Socso Employement Startdate Month' is clicked on

2018-12-14 09:47:33 - [TEST_STEP][PASSED] - delay: Delayed 2 second(s)

2018-12-14 09:47:35 - [MESSAGE][PASSED] - Delayed 2 second(s)

2018-12-14 09:47:35 - [TEST_STEP][PASSED] - click: Object: 'Object Repository/Final Object Repo/New Registration - Registration Module Pages/Form 2/Socso Employment StartDate Year' is clicked on

2018-12-14 09:47:36 - [MESSAGE][PASSED] - Object: 'Object Repository/Final Object Repo/New Registration - Registration Module Pages/Form 2/Socso Employment StartDate Year' is clicked on

2018-12-14 09:47:36 - [TEST_STEP][PASSED] - delay: Delayed 1 second(s)

2018-12-14 09:47:37 - [MESSAGE][PASSED] - Delayed 1 second(s)

2018-12-14 09:47:37 - [TEST_STEP][PASSED] - click: Object: 'Object Repository/Final Object Repo/New Registration - Registration Module Pages/Form 2/Select Socso Employment Startdate Year' is clicked on

2018-12-14 09:47:37 - [MESSAGE][PASSED] - Object: 'Object Repository/Final Object Repo/New Registration - Registration Module Pages/Form 2/Select Socso Employment Startdate Year' is clicked on

2018-12-14 09:47:37 - [TEST_STEP][PASSED] - delay: Delayed 2 second(s)

2018-12-14 09:47:39 - [MESSAGE][PASSED] - Delayed 2 second(s)

2018-12-14 09:47:39 - [TEST_STEP][PASSED] - click: Object: 'Object Repository/Final Object Repo/New Registration - Registration Module Pages/Form 2/Socso Employment Start Date Day' is clicked on

2018-12-14 09:47:39 - [MESSAGE][PASSED] - Object: 'Object Repository/Final Object Repo/New Registration - Registration Module Pages/Form 2/Socso Employment Start Date Day' is clicked on

2018-12-14 09:47:39 - [TEST_STEP][PASSED] - delay: Delayed 2 second(s)

2018-12-14 09:47:41 - [MESSAGE][PASSED] - Delayed 2 second(s)

2018-12-14 09:47:41 - [TEST_STEP][PASSED] - click: Object: 'Object Repository/Final Object Repo/New Registration - Registration Module Pages/Form 2/Save Button for Add Employee' is clicked on

2018-12-14 09:47:41 - [MESSAGE][PASSED] - Object: 'Object Repository/Final Object Repo/New Registration - Registration Module Pages/Form 2/Save Button for Add Employee' is clicked on

2018-12-14 09:47:41 - [TEST_STEP][PASSED] - delay: Delayed 6 second(s)

2018-12-14 09:47:47 - [MESSAGE][PASSED] - Delayed 6 second(s)

2018-12-14 09:47:47 - [TEST_STEP][PASSED] - click: Object: 'Object Repository/Final Object Repo/New Registration - Registration Module Pages/Form 2/Save and Continue Form 2' is clicked on

2018-12-14 09:47:47 - [MESSAGE][PASSED] - Object: 'Object Repository/Final Object Repo/New Registration - Registration Module Pages/Form 2/Save and Continue Form 2' is clicked on

2018-12-14 09:47:47 - [MESSAGE][PASSED] - Call Test Case 'Test Cases/Final Aug 2018 - PKS Automation/Registration Module/New Registration/Form 2/Add 1 Eligible - Employer Account Use' successfully

2018-12-14 09:47:47 - [TEST_STEP][PASSED] - callTestCase: Call Test Case 'Test Cases/Final Aug 2018 - PKS Automation/Registration Module/New Registration/Flow of New Registration/Third Screen - Upload Supporting Doc - Preview' successfully

2018-12-14 09:47:47 - [TEST_CASE][PASSED] - Test Cases/Final Aug 2018 - PKS Automation/Registration Module/New Registration/Flow of New Registration/Third Screen - Upload Supporting Doc - Preview: Test Cases/Final Aug 2018 - PKS Automation/Registration Module/New Registration/Flow of New Registration/Third Screen - Upload Supporting Doc - Preview

2018-12-14 09:47:48 - [TEST_STEP][PASSED] - waitForPageLoad: Wait for page load successfully

2018-12-14 09:47:48 - [MESSAGE][PASSED] - Wait for page load successfully

2018-12-14 09:47:48 - [TEST_STEP][PASSED] - Statement - CaseReferenceNo = com.kms.katalon.core.webui.keyword.WebUiBuiltInKeywords.getText(com.kms.katalon.core.testobject.ObjectRepository.findTestObject(Final Object Repo/New Registration - Registration Module Pages/Third Screen - Upload Supporting Doc- Preview/RefNo Acquiring)): Text of object 'Object Repository/Final Object Repo/New Registration - Registration Module Pages/Third Screen - Upload Supporting Doc- Preview/RefNo Acquiring' is: 'CRN12201800123331'

2018-12-14 09:47:48 - [MESSAGE][PASSED] - Text of object 'Object Repository/Final Object Repo/New Registration - Registration Module Pages/Third Screen - Upload Supporting Doc- Preview/RefNo Acquiring' is: 'CRN12201800123331'

2018-12-14 09:47:48 - [TEST_STEP][PASSED] - delay: Delayed 2 second(s)

2018-12-14 09:47:50 - [MESSAGE][PASSED] - Delayed 2 second(s)

2018-12-14 09:47:50 - [TEST_STEP][PASSED] - callTestCase: Call Test Case 'Test Cases/Final Aug 2018 - PKS Automation/Common/Reference Number Setter' successfully

2018-12-14 09:47:50 - [TEST_CASE][PASSED] - Test Cases/Final Aug 2018 - PKS Automation/Common/Reference Number Setter: Test Cases/Final Aug 2018 - PKS Automation/Common/Reference Number Setter

2018-12-14 09:47:51 - [TEST_STEP][PASSED] - Statement - RefNoOldFile = new java.io.File(C://Users//Admin//Desktop//PKS//Automation Reference Point//KatalonReference.txt): null

2018-12-14 09:47:51 - [TEST_STEP][PASSED] - Statement - RefNoOldFile.delete(): null

2018-12-14 09:47:51 - [TEST_STEP][PASSED] - delay: Delayed 5 second(s)

2018-12-14 09:47:56 - [MESSAGE][PASSED] - Delayed 5 second(s)

2018-12-14 09:47:56 - [TEST_STEP][PASSED] - Statement - RefNo = new java.io.File(C://Users//Admin//Desktop//PKS//Automation Reference Point//KatalonReference.txt): null

2018-12-14 09:47:56 - [TEST_STEP][PASSED] - Statement - f2 = new java.io.FileWriter(RefNo, false): null

2018-12-14 09:47:56 - [TEST_STEP][PASSED] - Statement - f2.write(CaseReferenceNo): null

2018-12-14 09:47:56 - [TEST_STEP][PASSED] - Statement - f2.close(): null

2018-12-14 09:47:56 - [TEST_STEP][PASSED] - Statement - out.println("


" + CaseReferenceNo + "


"): null

2018-12-14 09:47:56 - [MESSAGE][PASSED] - Call Test Case 'Test Cases/Final Aug 2018 - PKS Automation/Common/Reference Number Setter' successfully

2018-12-14 09:47:56 - [TEST_STEP][PASSED] - waitForElementClickable: Object 'Object Repository/Final Object Repo/New Registration - Registration Module Pages/Third Screen - Upload Supporting Doc- Preview/Save n Continue in SIP Employee Listing Page' is clickable

2018-12-14 09:47:56 - [MESSAGE][PASSED] - Object 'Object Repository/Final Object Repo/New Registration - Registration Module Pages/Third Screen - Upload Supporting Doc- Preview/Save n Continue in SIP Employee Listing Page' is clickable

2018-12-14 09:47:56 - [TEST_STEP][PASSED] - click: Object: 'Object Repository/Final Object Repo/New Registration - Registration Module Pages/Third Screen - Upload Supporting Doc- Preview/Save n Continue in SIP Employee Listing Page' is clicked on

2018-12-14 09:48:02 - [MESSAGE][PASSED] - Object: 'Object Repository/Final Object Repo/New Registration - Registration Module Pages/Third Screen - Upload Supporting Doc- Preview/Save n Continue in SIP Employee Listing Page' is clicked on

2018-12-14 09:48:02 - [TEST_STEP][PASSED] - delay: Delayed 7 second(s)

2018-12-14 09:48:09 - [MESSAGE][PASSED] - Delayed 7 second(s)

2018-12-14 09:48:09 - [TEST_STEP][PASSED] - click: Object: 'Object Repository/Final Object Repo/New Registration - Registration Module Pages/Third Screen - Upload Supporting Doc- Preview/Add Document Button' is clicked on

2018-12-14 09:48:09 - [MESSAGE][PASSED] - Object: 'Object Repository/Final Object Repo/New Registration - Registration Module Pages/Third Screen - Upload Supporting Doc- Preview/Add Document Button' is clicked on

2018-12-14 09:48:09 - [TEST_STEP][PASSED] - delay: Delayed 30 second(s)

2018-12-14 09:48:39 - [MESSAGE][PASSED] - Delayed 30 second(s)

2018-12-14 09:48:39 - [TEST_STEP][PASSED] - click: Object: 'Object Repository/Final Object Repo/New Registration - Registration Module Pages/Third Screen - Upload Supporting Doc- Preview/Supporting Doc Please Select Drop Down' is clicked on

2018-12-14 09:48:39 - [MESSAGE][PASSED] - Object: 'Object Repository/Final Object Repo/New Registration - Registration Module Pages/Third Screen - Upload Supporting Doc- Preview/Supporting Doc Please Select Drop Down' is clicked on

2018-12-14 09:48:39 - [TEST_STEP][PASSED] - delay: Delayed 2 second(s)

2018-12-14 09:48:41 - [MESSAGE][PASSED] - Delayed 2 second(s)

2018-12-14 09:48:41 - [TEST_STEP][PASSED] - click: Object: 'Object Repository/Final Object Repo/New Registration - Registration Module Pages/Third Screen - Upload Supporting Doc- Preview/Select to Upload Form 1' is clicked on

2018-12-14 09:48:42 - [MESSAGE][PASSED] - Object: 'Object Repository/Final Object Repo/New Registration - Registration Module Pages/Third Screen - Upload Supporting Doc- Preview/Select to Upload Form 1' is clicked on

2018-12-14 09:48:42 - [TEST_STEP][PASSED] - delay: Delayed 2 second(s)

2018-12-14 09:48:44 - [MESSAGE][PASSED] - Delayed 2 second(s)

2018-12-14 09:48:44 - [TEST_STEP][PASSED] - uploadFile: File 'C:\Users\Public\Pictures\Sample Pictures\Koala.jpg' sent to object: 'Object Repository/Final Object Repo/New Registration - Registration Module Pages/Third Screen - Upload Supporting Doc- Preview/Upload File Adding'

2018-12-14 09:48:44 - [MESSAGE][PASSED] - File 'C:\Users\Public\Pictures\Sample Pictures\Koala.jpg' sent to object: 'Object Repository/Final Object Repo/New Registration - Registration Module Pages/Third Screen - Upload Supporting Doc- Preview/Upload File Adding'

2018-12-14 09:48:44 - [TEST_STEP][PASSED] - delay: Delayed 5 second(s)

2018-12-14 09:48:49 - [MESSAGE][PASSED] - Delayed 5 second(s)

2018-12-14 09:48:49 - [TEST_STEP][PASSED] - click: Object: 'Object Repository/Final Object Repo/New Registration - Registration Module Pages/Third Screen - Upload Supporting Doc- Preview/Inner Form Add Document Button' is clicked on

2018-12-14 09:48:49 - [MESSAGE][PASSED] - Object: 'Object Repository/Final Object Repo/New Registration - Registration Module Pages/Third Screen - Upload Supporting Doc- Preview/Inner Form Add Document Button' is clicked on

2018-12-14 09:48:49 - [TEST_STEP][PASSED] - delay: Delayed 3 second(s)

2018-12-14 09:48:52 - [MESSAGE][PASSED] - Delayed 3 second(s)

2018-12-14 09:48:52 - [TEST_STEP][PASSED] - click: Object: 'Object Repository/Final Object Repo/New Registration - Registration Module Pages/Third Screen - Upload Supporting Doc- Preview/Add Document Button' is clicked on

2018-12-14 09:48:55 - [MESSAGE][PASSED] - Object: 'Object Repository/Final Object Repo/New Registration - Registration Module Pages/Third Screen - Upload Supporting Doc- Preview/Add Document Button' is clicked on

2018-12-14 09:48:55 - [TEST_STEP][PASSED] - delay: Delayed 30 second(s)

2018-12-14 09:49:25 - [MESSAGE][PASSED] - Delayed 30 second(s)

2018-12-14 09:49:25 - [TEST_STEP][PASSED] - click: Object: 'Object Repository/Final Object Repo/New Registration - Registration Module Pages/Third Screen - Upload Supporting Doc- Preview/Supporting Doc Please Select Drop Down' is clicked on

2018-12-14 09:49:25 - [MESSAGE][PASSED] - Object: 'Object Repository/Final Object Repo/New Registration - Registration Module Pages/Third Screen - Upload Supporting Doc- Preview/Supporting Doc Please Select Drop Down' is clicked on

2018-12-14 09:49:25 - [TEST_STEP][PASSED] - delay: Delayed 4 second(s)

2018-12-14 09:49:29 - [MESSAGE][PASSED] - Delayed 4 second(s)

2018-12-14 09:49:29 - [TEST_STEP][PASSED] - click: Object: 'Object Repository/Final Object Repo/New Registration - Registration Module Pages/Third Screen - Upload Supporting Doc- Preview/Select to Upload Form 2' is clicked on

2018-12-14 09:49:29 - [MESSAGE][PASSED] - Object: 'Object Repository/Final Object Repo/New Registration - Registration Module Pages/Third Screen - Upload Supporting Doc- Preview/Select to Upload Form 2' is clicked on

2018-12-14 09:49:29 - [TEST_STEP][PASSED] - delay: Delayed 2 second(s)

2018-12-14 09:49:31 - [MESSAGE][PASSED] - Delayed 2 second(s)

2018-12-14 09:49:31 - [TEST_STEP][PASSED] - uploadFile: File 'C:\Users\Public\Pictures\Sample Pictures\Koala.jpg' sent to object: 'Object Repository/Final Object Repo/New Registration - Registration Module Pages/Third Screen - Upload Supporting Doc- Preview/Upload File Adding'

2018-12-14 09:49:32 - [MESSAGE][PASSED] - File 'C:\Users\Public\Pictures\Sample Pictures\Koala.jpg' sent to object: 'Object Repository/Final Object Repo/New Registration - Registration Module Pages/Third Screen - Upload Supporting Doc- Preview/Upload File Adding'

2018-12-14 09:49:32 - [TEST_STEP][PASSED] - click: Object: 'Object Repository/Final Object Repo/New Registration - Registration Module Pages/Third Screen - Upload Supporting Doc- Preview/Inner Form Add Document Button' is clicked on

2018-12-14 09:49:32 - [MESSAGE][PASSED] - Object: 'Object Repository/Final Object Repo/New Registration - Registration Module Pages/Third Screen - Upload Supporting Doc- Preview/Inner Form Add Document Button' is clicked on

2018-12-14 09:49:32 - [TEST_STEP][PASSED] - delay: Delayed 5 second(s)

2018-12-14 09:49:37 - [MESSAGE][PASSED] - Delayed 5 second(s)

2018-12-14 09:49:37 - [TEST_STEP][PASSED] - click: Object: 'Object Repository/Final Object Repo/New Registration - Registration Module Pages/Third Screen - Upload Supporting Doc- Preview/Add Document Button' is clicked on

2018-12-14 09:49:37 - [MESSAGE][PASSED] - Object: 'Object Repository/Final Object Repo/New Registration - Registration Module Pages/Third Screen - Upload Supporting Doc- Preview/Add Document Button' is clicked on

2018-12-14 09:49:37 - [TEST_STEP][PASSED] - delay: Delayed 30 second(s)

2018-12-14 09:50:07 - [MESSAGE][PASSED] - Delayed 30 second(s)

2018-12-14 09:50:07 - [TEST_STEP][PASSED] - click: Object: 'Object Repository/Final Object Repo/New Registration - Registration Module Pages/Third Screen - Upload Supporting Doc- Preview/Supporting Doc Please Select Drop Down' is clicked on

2018-12-14 09:50:07 - [MESSAGE][PASSED] - Object: 'Object Repository/Final Object Repo/New Registration - Registration Module Pages/Third Screen - Upload Supporting Doc- Preview/Supporting Doc Please Select Drop Down' is clicked on

2018-12-14 09:50:07 - [TEST_STEP][PASSED] - click: Object: 'Object Repository/Final Object Repo/New Registration - Registration Module Pages/Third Screen - Upload Supporting Doc- Preview/Select to Upload Borang SIP 1' is clicked on

2018-12-14 09:50:07 - [MESSAGE][PASSED] - Object: 'Object Repository/Final Object Repo/New Registration - Registration Module Pages/Third Screen - Upload Supporting Doc- Preview/Select to Upload Borang SIP 1' is clicked on

2018-12-14 09:50:07 - [TEST_STEP][PASSED] - delay: Delayed 2 second(s)

2018-12-14 09:50:09 - [MESSAGE][PASSED] - Delayed 2 second(s)

2018-12-14 09:50:09 - [TEST_STEP][PASSED] - uploadFile: File 'C:\Users\Public\Pictures\Sample Pictures\Koala.jpg' sent to object: 'Object Repository/Final Object Repo/New Registration - Registration Module Pages/Third Screen - Upload Supporting Doc- Preview/Upload File Adding'

2018-12-14 09:50:09 - [MESSAGE][PASSED] - File 'C:\Users\Public\Pictures\Sample Pictures\Koala.jpg' sent to object: 'Object Repository/Final Object Repo/New Registration - Registration Module Pages/Third Screen - Upload Supporting Doc- Preview/Upload File Adding'

2018-12-14 09:50:09 - [TEST_STEP][PASSED] - click: Object: 'Object Repository/Final Object Repo/New Registration - Registration Module Pages/Third Screen - Upload Supporting Doc- Preview/Inner Form Add Document Button' is clicked on

2018-12-14 09:50:10 - [MESSAGE][PASSED] - Object: 'Object Repository/Final Object Repo/New Registration - Registration Module Pages/Third Screen - Upload Supporting Doc- Preview/Inner Form Add Document Button' is clicked on

2018-12-14 09:50:10 - [TEST_STEP][PASSED] - delay: Delayed 5 second(s)

2018-12-14 09:50:15 - [MESSAGE][PASSED] - Delayed 5 second(s)

2018-12-14 09:50:15 - [TEST_STEP][PASSED] - click: Object: 'Object Repository/Final Object Repo/New Registration - Registration Module Pages/Third Screen - Upload Supporting Doc- Preview/Add Document Button' is clicked on

2018-12-14 09:50:15 - [MESSAGE][PASSED] - Object: 'Object Repository/Final Object Repo/New Registration - Registration Module Pages/Third Screen - Upload Supporting Doc- Preview/Add Document Button' is clicked on

2018-12-14 09:50:15 - [TEST_STEP][PASSED] - delay: Delayed 30 second(s)

2018-12-14 09:50:45 - [MESSAGE][PASSED] - Delayed 30 second(s)

2018-12-14 09:50:45 - [TEST_STEP][PASSED] - click: Object: 'Object Repository/Final Object Repo/New Registration - Registration Module Pages/Third Screen - Upload Supporting Doc- Preview/Supporting Doc Please Select Drop Down' is clicked on

2018-12-14 09:50:45 - [MESSAGE][PASSED] - Object: 'Object Repository/Final Object Repo/New Registration - Registration Module Pages/Third Screen - Upload Supporting Doc- Preview/Supporting Doc Please Select Drop Down' is clicked on

2018-12-14 09:50:45 - [TEST_STEP][PASSED] - delay: Delayed 3 second(s)

2018-12-14 09:50:48 - [MESSAGE][PASSED] - Delayed 3 second(s)

2018-12-14 09:50:48 - [TEST_STEP][PASSED] - click: Object: 'Object Repository/Final Object Repo/New Registration - Registration Module Pages/Third Screen - Upload Supporting Doc- Preview/Select to Upload Borang SIP 2' is clicked on

2018-12-14 09:50:48 - [MESSAGE][PASSED] - Object: 'Object Repository/Final Object Repo/New Registration - Registration Module Pages/Third Screen - Upload Supporting Doc- Preview/Select to Upload Borang SIP 2' is clicked on

2018-12-14 09:50:48 - [TEST_STEP][PASSED] - delay: Delayed 2 second(s)

2018-12-14 09:50:50 - [MESSAGE][PASSED] - Delayed 2 second(s)

2018-12-14 09:50:50 - [TEST_STEP][PASSED] - uploadFile: File 'C:\Users\Public\Pictures\Sample Pictures\Koala.jpg' sent to object: 'Object Repository/Final Object Repo/New Registration - Registration Module Pages/Third Screen - Upload Supporting Doc- Preview/Upload File Adding'

2018-12-14 09:50:50 - [MESSAGE][PASSED] - File 'C:\Users\Public\Pictures\Sample Pictures\Koala.jpg' sent to object: 'Object Repository/Final Object Repo/New Registration - Registration Module Pages/Third Screen - Upload Supporting Doc- Preview/Upload File Adding'

2018-12-14 09:50:50 - [TEST_STEP][PASSED] - delay: Delayed 5 second(s)

2018-12-14 09:50:55 - [MESSAGE][PASSED] - Delayed 5 second(s)

2018-12-14 09:50:55 - [TEST_STEP][PASSED] - click: Object: 'Object Repository/Final Object Repo/New Registration - Registration Module Pages/Third Screen - Upload Supporting Doc- Preview/Inner Form Add Document Button' is clicked on

2018-12-14 09:50:55 - [MESSAGE][PASSED] - Object: 'Object Repository/Final Object Repo/New Registration - Registration Module Pages/Third Screen - Upload Supporting Doc- Preview/Inner Form Add Document Button' is clicked on

2018-12-14 09:50:55 - [TEST_STEP][PASSED] - delay: Delayed 3 second(s)

2018-12-14 09:50:58 - [MESSAGE][PASSED] - Delayed 3 second(s)

2018-12-14 09:50:58 - [TEST_STEP][PASSED] - waitForElementClickable: Object 'Object Repository/Final Object Repo/New Registration - Registration Module Pages/Third Screen - Upload Supporting Doc- Preview/Save n Continue in Uploading Supporting Doc Page' is clickable

2018-12-14 09:51:00 - [MESSAGE][PASSED] - Object 'Object Repository/Final Object Repo/New Registration - Registration Module Pages/Third Screen - Upload Supporting Doc- Preview/Save n Continue in Uploading Supporting Doc Page' is clickable

2018-12-14 09:51:00 - [TEST_STEP][PASSED] - click: Object: 'Object Repository/Final Object Repo/New Registration - Registration Module Pages/Third Screen - Upload Supporting Doc- Preview/Save n Continue in Uploading Supporting Doc Page' is clicked on

2018-12-14 09:51:00 - [MESSAGE][PASSED] - Object: 'Object Repository/Final Object Repo/New Registration - Registration Module Pages/Third Screen - Upload Supporting Doc- Preview/Save n Continue in Uploading Supporting Doc Page' is clicked on

2018-12-14 09:51:00 - [MESSAGE][PASSED] - Call Test Case 'Test Cases/Final Aug 2018 - PKS Automation/Registration Module/New Registration/Flow of New Registration/Third Screen - Upload Supporting Doc - Preview' successfully

2018-12-14 09:51:00 - [TEST_STEP][PASSED] - setText: Text 'Tester' is set on object 'Object Repository/Final Object Repo/New Registration - Registration Module Pages/New Reg - OTC to RO/Special Case - All Related Objects/Employer Preview Name'

2018-12-14 09:51:05 - [MESSAGE][PASSED] - Text 'Tester' is set on object 'Object Repository/Final Object Repo/New Registration - Registration Module Pages/New Reg - OTC to RO/Special Case - All Related Objects/Employer Preview Name'

2018-12-14 09:51:05 - [TEST_STEP][PASSED] - click: Object: 'Object Repository/Final Object Repo/New Registration - Registration Module Pages/New Reg - OTC to RO/Special Case - All Related Objects/IC Type Drop Down' is clicked on

2018-12-14 09:51:05 - [MESSAGE][PASSED] - Object: 'Object Repository/Final Object Repo/New Registration - Registration Module Pages/New Reg - OTC to RO/Special Case - All Related Objects/IC Type Drop Down' is clicked on

2018-12-14 09:51:05 - [TEST_STEP][PASSED] - click: Object: 'Object Repository/Final Object Repo/New Registration - Registration Module Pages/New Reg - OTC to RO/Special Case - All Related Objects/Select to NRIC' is clicked on

2018-12-14 09:51:05 - [MESSAGE][PASSED] - Object: 'Object Repository/Final Object Repo/New Registration - Registration Module Pages/New Reg - OTC to RO/Special Case - All Related Objects/Select to NRIC' is clicked on

2018-12-14 09:51:05 - [TEST_STEP][PASSED] - setText: Text '133245561223' is set on object 'Object Repository/Final Object Repo/New Registration - Registration Module Pages/New Reg - OTC to RO/Special Case - All Related Objects/IC Value'

2018-12-14 09:51:06 - [MESSAGE][PASSED] - Text '133245561223' is set on object 'Object Repository/Final Object Repo/New Registration - Registration Module Pages/New Reg - OTC to RO/Special Case - All Related Objects/IC Value'

2018-12-14 09:51:06 - [TEST_STEP][PASSED] - setText: Text 'Auto' is set on object 'Object Repository/Final Object Repo/New Registration - Registration Module Pages/New Reg - OTC to RO/Special Case - All Related Objects/Designation'

2018-12-14 09:51:06 - [MESSAGE][PASSED] - Text 'Auto' is set on object 'Object Repository/Final Object Repo/New Registration - Registration Module Pages/New Reg - OTC to RO/Special Case - All Related Objects/Designation'

2018-12-14 09:51:06 - [TEST_STEP][PASSED] - callTestCase: Call Test Case 'Test Cases/Final Aug 2018 - PKS Automation/Registration Module/New Registration/Submit and Screenshot/Submit Registration and Screenshot - Copy' successfully

2018-12-14 09:51:06 - [TEST_CASE][PASSED] - Test Cases/Final Aug 2018 - PKS Automation/Registration Module/New Registration/Submit and Screenshot/Submit Registration and Screenshot - Copy: Test Cases/Final Aug 2018 - PKS Automation/Registration Module/New Registration/Submit and Screenshot/Submit Registration and Screenshot - Copy

2018-12-14 09:51:06 - [TEST_STEP][PASSED] - delay: Delayed 6 second(s)

2018-12-14 09:51:12 - [MESSAGE][PASSED] - Delayed 6 second(s)

2018-12-14 09:51:12 - [TEST_STEP][PASSED] - click: Object: 'Object Repository/Final Object Repo/New Registration - Registration Module Pages/Third Screen - Upload Supporting Doc- Preview/Preview Submit Button' is clicked on

2018-12-14 09:51:13 - [MESSAGE][PASSED] - Object: 'Object Repository/Final Object Repo/New Registration - Registration Module Pages/Third Screen - Upload Supporting Doc- Preview/Preview Submit Button' is clicked on

2018-12-14 09:51:13 - [TEST_STEP][PASSED] - delay: Delayed 2 second(s)

2018-12-14 09:51:15 - [MESSAGE][PASSED] - Delayed 2 second(s)

2018-12-14 09:51:15 - [TEST_STEP][PASSED] - click: Object: 'Object Repository/Final Object Repo/New Registration - Registration Module Pages/Third Screen - Upload Supporting Doc- Preview/Preview Submit - Confirm' is clicked on

2018-12-14 09:51:15 - [MESSAGE][PASSED] - Object: 'Object Repository/Final Object Repo/New Registration - Registration Module Pages/Third Screen - Upload Supporting Doc- Preview/Preview Submit - Confirm' is clicked on

2018-12-14 09:51:15 - [TEST_STEP][PASSED] - delay: Delayed 15 second(s)

2018-12-14 09:51:30 - [MESSAGE][PASSED] - Delayed 15 second(s)

2018-12-14 09:51:30 - [TEST_STEP][PASSED] - Statement - driver = com.kms.katalon.core.webui.driver.DriverFactory.getWebDriver(): null

2018-12-14 09:51:30 - [TEST_STEP][PASSED] - Statement - driver.manage().timeouts().implicitlyWait(10, SECONDS): null

2018-12-14 09:51:30 - [TEST_STEP][PASSED] - Statement - PresavePath = KatalonScreenshots: null

2018-12-14 09:51:30 - [TEST_STEP][PASSED] - Statement - pathPrefix = "C:\Users\Public\Pictures\Sample Pictures\Katalon Screenshots\Automate Ending Screen": null

2018-12-14 09:51:30 - [TEST_STEP][PASSED] - Statement - finalPath = <not implemented yet for class: org.codehaus.groovy.ast.expr.EmptyExpression>: null

2018-12-14 09:51:30 - [TEST_STEP][PASSED] - Statement - scrFile = driver.getScreenshotAs(FILE): null

2018-12-14 09:51:30 - [TEST_STEP][PASSED] - Statement - PreSaveFile = new java.io.File(PresavePath): null

2018-12-14 09:51:30 - [TEST_STEP][PASSED] - Statement - counter = 0: null

2018-12-14 09:51:30 - [TEST_STEP][PASSED] - Statement - If (PreSaveFile.exists()): null

2018-12-14 09:51:30 - [TEST_STEP][PASSED] - Statement - While (PreSaveFile.exists()): null

2018-12-14 09:51:30 - [TEST_STEP][PASSED] - Statement - counter = counter + 1: null

2018-12-14 09:51:30 - [TEST_STEP][PASSED] - Statement - PreSaveFile = new java.io.File(((pathPrefix + java.lang.Integer.toString(counter)) + .png)): null

2018-12-14 09:51:30 - [TEST_STEP][PASSED] - Statement - counter = counter + 1: null

2018-12-14 09:51:30 - [TEST_STEP][PASSED] - Statement - PreSaveFile = new java.io.File(((pathPrefix + java.lang.Integer.toString(counter)) + .png)): null

2018-12-14 09:51:30 - [TEST_STEP][PASSED] - Statement - counter = counter + 1: null

2018-12-14 09:51:30 - [TEST_STEP][PASSED] - Statement - PreSaveFile = new java.io.File(((pathPrefix + java.lang.Integer.toString(counter)) + .png)): null

2018-12-14 09:51:30 - [TEST_STEP][PASSED] - Statement - counter = counter + 1: null

2018-12-14 09:51:30 - [TEST_STEP][PASSED] - Statement - PreSaveFile = new java.io.File(((pathPrefix + java.lang.Integer.toString(counter)) + .png)): null

2018-12-14 09:51:30 - [TEST_STEP][PASSED] - Statement - counter = counter + 1: null

2018-12-14 09:51:30 - [TEST_STEP][PASSED] - Statement - PreSaveFile = new java.io.File(((pathPrefix + java.lang.Integer.toString(counter)) + .png)): null

2018-12-14 09:51:30 - [TEST_STEP][PASSED] - Statement - counter = counter + 1: null

2018-12-14 09:51:30 - [TEST_STEP][PASSED] - Statement - PreSaveFile = new java.io.File(((pathPrefix + java.lang.Integer.toString(counter)) + .png)): null

2018-12-14 09:51:30 - [TEST_STEP][PASSED] - Statement - counter = counter + 1: null

2018-12-14 09:51:30 - [TEST_STEP][PASSED] - Statement - PreSaveFile = new java.io.File(((pathPrefix + java.lang.Integer.toString(counter)) + .png)): null

2018-12-14 09:51:30 - [TEST_STEP][PASSED] - Statement - counter = counter + 1: null

2018-12-14 09:51:30 - [TEST_STEP][PASSED] - Statement - PreSaveFile = new java.io.File(((pathPrefix + java.lang.Integer.toString(counter)) + .png)): null

2018-12-14 09:51:30 - [TEST_STEP][PASSED] - Statement - counter = counter + 1: null

2018-12-14 09:51:30 - [TEST_STEP][PASSED] - Statement - PreSaveFile = new java.io.File(((pathPrefix + java.lang.Integer.toString(counter)) + .png)): null

2018-12-14 09:51:30 - [TEST_STEP][PASSED] - Statement - counter = counter + 1: null

2018-12-14 09:51:30 - [TEST_STEP][PASSED] - Statement - PreSaveFile = new java.io.File(((pathPrefix + java.lang.Integer.toString(counter)) + .png)): null

2018-12-14 09:51:30 - [TEST_STEP][PASSED] - Statement - counter = counter + 1: null

2018-12-14 09:51:30 - [TEST_STEP][PASSED] - Statement - PreSaveFile = new java.io.File(((pathPrefix + java.lang.Integer.toString(counter)) + .png)): null

2018-12-14 09:51:30 - [TEST_STEP][PASSED] - Statement - counter = counter + 1: null

2018-12-14 09:51:30 - [TEST_STEP][PASSED] - Statement - PreSaveFile = new java.io.File(((pathPrefix + java.lang.Integer.toString(counter)) + .png)): null

2018-12-14 09:51:30 - [TEST_STEP][PASSED] - Statement - counter = counter + 1: null

2018-12-14 09:51:30 - [TEST_STEP][PASSED] - Statement - PreSaveFile = new java.io.File(((pathPrefix + java.lang.Integer.toString(counter)) + .png)): null

2018-12-14 09:51:30 - [TEST_STEP][PASSED] - Statement - counter = counter + 1: null

2018-12-14 09:51:30 - [TEST_STEP][PASSED] - Statement - PreSaveFile = new java.io.File(((pathPrefix + java.lang.Integer.toString(counter)) + .png)): null

2018-12-14 09:51:31 - [TEST_STEP][PASSED] - Statement - counter = counter + 1: null

2018-12-14 09:51:31 - [TEST_STEP][PASSED] - Statement - PreSaveFile = new java.io.File(((pathPrefix + java.lang.Integer.toString(counter)) + .png)): null

2018-12-14 09:51:31 - [TEST_STEP][PASSED] - Statement - counter = counter + 1: null

2018-12-14 09:51:31 - [TEST_STEP][PASSED] - Statement - PreSaveFile = new java.io.File(((pathPrefix + java.lang.Integer.toString(counter)) + .png)): null

2018-12-14 09:51:31 - [TEST_STEP][PASSED] - Statement - counter = counter + 1: null

2018-12-14 09:51:31 - [TEST_STEP][PASSED] - Statement - PreSaveFile = new java.io.File(((pathPrefix + java.lang.Integer.toString(counter)) + .png)): null

2018-12-14 09:51:31 - [TEST_STEP][PASSED] - Statement - counter = counter + 1: null

2018-12-14 09:51:31 - [TEST_STEP][PASSED] - Statement - PreSaveFile = new java.io.File(((pathPrefix + java.lang.Integer.toString(counter)) + .png)): null

2018-12-14 09:51:31 - [TEST_STEP][PASSED] - Statement - counter = counter + 1: null

2018-12-14 09:51:31 - [TEST_STEP][PASSED] - Statement - PreSaveFile = new java.io.File(((pathPrefix + java.lang.Integer.toString(counter)) + .png)): null

2018-12-14 09:51:31 - [TEST_STEP][PASSED] - Statement - counter = counter + 1: null

2018-12-14 09:51:31 - [TEST_STEP][PASSED] - Statement - PreSaveFile = new java.io.File(((pathPrefix + java.lang.Integer.toString(counter)) + .png)): null

2018-12-14 09:51:31 - [TEST_STEP][PASSED] - Statement - counter = counter + 1: null

2018-12-14 09:51:31 - [TEST_STEP][PASSED] - Statement - PreSaveFile = new java.io.File(((pathPrefix + java.lang.Integer.toString(counter)) + .png)): null

2018-12-14 09:51:31 - [TEST_STEP][PASSED] - Statement - counter = counter + 1: null

2018-12-14 09:51:31 - [TEST_STEP][PASSED] - Statement - PreSaveFile = new java.io.File(((pathPrefix + java.lang.Integer.toString(counter)) + .png)): null

2018-12-14 09:51:31 - [TEST_STEP][PASSED] - Statement - counter = counter + 1: null

2018-12-14 09:51:31 - [TEST_STEP][PASSED] - Statement - PreSaveFile = new java.io.File(((pathPrefix + java.lang.Integer.toString(counter)) + .png)): null

2018-12-14 09:51:31 - [TEST_STEP][PASSED] - Statement - counter = counter + 1: null

2018-12-14 09:51:31 - [TEST_STEP][PASSED] - Statement - PreSaveFile = new java.io.File(((pathPrefix + java.lang.Integer.toString(counter)) + .png)): null

2018-12-14 09:51:31 - [TEST_STEP][PASSED] - Statement - counter = counter + 1: null

2018-12-14 09:51:31 - [TEST_STEP][PASSED] - Statement - PreSaveFile = new java.io.File(((pathPrefix + java.lang.Integer.toString(counter)) + .png)): null

2018-12-14 09:51:31 - [TEST_STEP][PASSED] - Statement - counter = counter + 1: null

2018-12-14 09:51:31 - [TEST_STEP][PASSED] - Statement - PreSaveFile = new java.io.File(((pathPrefix + java.lang.Integer.toString(counter)) + .png)): null

2018-12-14 09:51:31 - [TEST_STEP][PASSED] - Statement - counter = counter + 1: null

2018-12-14 09:51:31 - [TEST_STEP][PASSED] - Statement - PreSaveFile = new java.io.File(((pathPrefix + java.lang.Integer.toString(counter)) + .png)): null

2018-12-14 09:51:31 - [TEST_STEP][PASSED] - Statement - counter = counter + 1: null

2018-12-14 09:51:31 - [TEST_STEP][PASSED] - Statement - PreSaveFile = new java.io.File(((pathPrefix + java.lang.Integer.toString(counter)) + .png)): null

2018-12-14 09:51:31 - [TEST_STEP][PASSED] - Statement - counter = counter + 1: null

2018-12-14 09:51:31 - [TEST_STEP][PASSED] - Statement - PreSaveFile = new java.io.File(((pathPrefix + java.lang.Integer.toString(counter)) + .png)): null

2018-12-14 09:51:31 - [TEST_STEP][PASSED] - Statement - counter = counter + 1: null

2018-12-14 09:51:31 - [TEST_STEP][PASSED] - Statement - PreSaveFile = new java.io.File(((pathPrefix + java.lang.Integer.toString(counter)) + .png)): null

2018-12-14 09:51:31 - [TEST_STEP][PASSED] - Statement - counter = counter + 1: null

2018-12-14 09:51:31 - [TEST_STEP][PASSED] - Statement - PreSaveFile = new java.io.File(((pathPrefix + java.lang.Integer.toString(counter)) + .png)): null

2018-12-14 09:51:31 - [TEST_STEP][PASSED] - Statement - counter = counter + 1: null

2018-12-14 09:51:31 - [TEST_STEP][PASSED] - Statement - PreSaveFile = new java.io.File(((pathPrefix + java.lang.Integer.toString(counter)) + .png)): null

2018-12-14 09:51:31 - [TEST_STEP][PASSED] - Statement - counter = counter + 1: null

2018-12-14 09:51:31 - [TEST_STEP][PASSED] - Statement - PreSaveFile = new java.io.File(((pathPrefix + java.lang.Integer.toString(counter)) + .png)): null

2018-12-14 09:51:31 - [TEST_STEP][PASSED] - Statement - counter = counter + 1: null

2018-12-14 09:51:31 - [TEST_STEP][PASSED] - Statement - PreSaveFile = new java.io.File(((pathPrefix + java.lang.Integer.toString(counter)) + .png)): null

2018-12-14 09:51:31 - [TEST_STEP][PASSED] - Statement - counter = counter + 1: null

2018-12-14 09:51:31 - [TEST_STEP][PASSED] - Statement - PreSaveFile = new java.io.File(((pathPrefix + java.lang.Integer.toString(counter)) + .png)): null

2018-12-14 09:51:31 - [TEST_STEP][PASSED] - Statement - counter = counter + 1: null

2018-12-14 09:51:31 - [TEST_STEP][PASSED] - Statement - PreSaveFile = new java.io.File(((pathPrefix + java.lang.Integer.toString(counter)) + .png)): null

2018-12-14 09:51:31 - [TEST_STEP][PASSED] - Statement - counter = counter + 1: null

2018-12-14 09:51:31 - [TEST_STEP][PASSED] - Statement - PreSaveFile = new java.io.File(((pathPrefix + java.lang.Integer.toString(counter)) + .png)): null

2018-12-14 09:51:31 - [TEST_STEP][PASSED] - Statement - counter = counter + 1: null

2018-12-14 09:51:31 - [TEST_STEP][PASSED] - Statement - PreSaveFile = new java.io.File(((pathPrefix + java.lang.Integer.toString(counter)) + .png)): null

2018-12-14 09:51:31 - [TEST_STEP][PASSED] - Statement - counter = counter + 1: null

2018-12-14 09:51:31 - [TEST_STEP][PASSED] - Statement - PreSaveFile = new java.io.File(((pathPrefix + java.lang.Integer.toString(counter)) + .png)): null

2018-12-14 09:51:31 - [TEST_STEP][PASSED] - Statement - counter = counter + 1: null

2018-12-14 09:51:31 - [TEST_STEP][PASSED] - Statement - PreSaveFile = new java.io.File(((pathPrefix + java.lang.Integer.toString(counter)) + .png)): null

2018-12-14 09:51:31 - [TEST_STEP][PASSED] - Statement - counter = counter + 1: null

2018-12-14 09:51:31 - [TEST_STEP][PASSED] - Statement - PreSaveFile = new java.io.File(((pathPrefix + java.lang.Integer.toString(counter)) + .png)): null

2018-12-14 09:51:31 - [TEST_STEP][PASSED] - Statement - counter = counter + 1: null

2018-12-14 09:51:31 - [TEST_STEP][PASSED] - Statement - PreSaveFile = new java.io.File(((pathPrefix + java.lang.Integer.toString(counter)) + .png)): null

2018-12-14 09:51:31 - [TEST_STEP][PASSED] - Statement - counter = counter + 1: null

2018-12-14 09:51:31 - [TEST_STEP][PASSED] - Statement - PreSaveFile = new java.io.File(((pathPrefix + java.lang.Integer.toString(counter)) + .png)): null

2018-12-14 09:51:31 - [TEST_STEP][PASSED] - Statement - counter = counter + 1: null

2018-12-14 09:51:31 - [TEST_STEP][PASSED] - Statement - PreSaveFile = new java.io.File(((pathPrefix + java.lang.Integer.toString(counter)) + .png)): null

2018-12-14 09:51:31 - [TEST_STEP][PASSED] - Statement - counter = counter + 1: null

2018-12-14 09:51:31 - [TEST_STEP][PASSED] - Statement - PreSaveFile = new java.io.File(((pathPrefix + java.lang.Integer.toString(counter)) + .png)): null

2018-12-14 09:51:31 - [TEST_STEP][PASSED] - Statement - counter = counter + 1: null

2018-12-14 09:51:31 - [TEST_STEP][PASSED] - Statement - PreSaveFile = new java.io.File(((pathPrefix + java.lang.Integer.toString(counter)) + .png)): null

2018-12-14 09:51:31 - [TEST_STEP][PASSED] - Statement - counter = counter + 1: null

2018-12-14 09:51:31 - [TEST_STEP][PASSED] - Statement - PreSaveFile = new java.io.File(((pathPrefix + java.lang.Integer.toString(counter)) + .png)): null

2018-12-14 09:51:31 - [TEST_STEP][PASSED] - Statement - counter = counter + 1: null

2018-12-14 09:51:31 - [TEST_STEP][PASSED] - Statement - PreSaveFile = new java.io.File(((pathPrefix + java.lang.Integer.toString(counter)) + .png)): null

2018-12-14 09:51:31 - [TEST_STEP][PASSED] - Statement - counter = counter + 1: null

2018-12-14 09:51:31 - [TEST_STEP][PASSED] - Statement - PreSaveFile = new java.io.File(((pathPrefix + java.lang.Integer.toString(counter)) + .png)): null

2018-12-14 09:51:31 - [TEST_STEP][PASSED] - Statement - counter = counter + 1: null

2018-12-14 09:51:31 - [TEST_STEP][PASSED] - Statement - PreSaveFile = new java.io.File(((pathPrefix + java.lang.Integer.toString(counter)) + .png)): null

2018-12-14 09:51:31 - [TEST_STEP][PASSED] - Statement - counter = counter + 1: null

2018-12-14 09:51:31 - [TEST_STEP][PASSED] - Statement - PreSaveFile = new java.io.File(((pathPrefix + java.lang.Integer.toString(counter)) + .png)): null

2018-12-14 09:51:31 - [TEST_STEP][PASSED] - Statement - counter = counter + 1: null

2018-12-14 09:51:31 - [TEST_STEP][PASSED] - Statement - PreSaveFile = new java.io.File(((pathPrefix + java.lang.Integer.toString(counter)) + .png)): null

2018-12-14 09:51:31 - [TEST_STEP][PASSED] - Statement - counter = counter + 1: null

2018-12-14 09:51:31 - [TEST_STEP][PASSED] - Statement - PreSaveFile = new java.io.File(((pathPrefix + java.lang.Integer.toString(counter)) + .png)): null

2018-12-14 09:51:31 - [TEST_STEP][PASSED] - Statement - counter = counter + 1: null

2018-12-14 09:51:31 - [TEST_STEP][PASSED] - Statement - PreSaveFile = new java.io.File(((pathPrefix + java.lang.Integer.toString(counter)) + .png)): null

2018-12-14 09:51:31 - [TEST_STEP][PASSED] - Statement - counter = counter + 1: null

2018-12-14 09:51:31 - [TEST_STEP][PASSED] - Statement - PreSaveFile = new java.io.File(((pathPrefix + java.lang.Integer.toString(counter)) + .png)): null

2018-12-14 09:51:31 - [TEST_STEP][PASSED] - Statement - counter = counter + 1: null

2018-12-14 09:51:31 - [TEST_STEP][PASSED] - Statement - PreSaveFile = new java.io.File(((pathPrefix + java.lang.Integer.toString(counter)) + .png)): null

2018-12-14 09:51:31 - [TEST_STEP][PASSED] - Statement - counter = counter + 1: null

2018-12-14 09:51:31 - [TEST_STEP][PASSED] - Statement - PreSaveFile = new java.io.File(((pathPrefix + java.lang.Integer.toString(counter)) + .png)): null

2018-12-14 09:51:31 - [TEST_STEP][PASSED] - Statement - counter = counter + 1: null

2018-12-14 09:51:31 - [TEST_STEP][PASSED] - Statement - PreSaveFile = new java.io.File(((pathPrefix + java.lang.Integer.toString(counter)) + .png)): null

2018-12-14 09:51:31 - [TEST_STEP][PASSED] - Statement - counter = counter + 1: null

2018-12-14 09:51:31 - [TEST_STEP][PASSED] - Statement - PreSaveFile = new java.io.File(((pathPrefix + java.lang.Integer.toString(counter)) + .png)): null

2018-12-14 09:51:31 - [TEST_STEP][PASSED] - Statement - counter = counter + 1: null

2018-12-14 09:51:31 - [TEST_STEP][PASSED] - Statement - PreSaveFile = new java.io.File(((pathPrefix + java.lang.Integer.toString(counter)) + .png)): null

2018-12-14 09:51:31 - [TEST_STEP][PASSED] - Statement - counter = counter + 1: null

2018-12-14 09:51:31 - [TEST_STEP][PASSED] - Statement - PreSaveFile = new java.io.File(((pathPrefix + java.lang.Integer.toString(counter)) + .png)): null

2018-12-14 09:51:31 - [TEST_STEP][PASSED] - Statement - counter = counter + 1: null

2018-12-14 09:51:31 - [TEST_STEP][PASSED] - Statement - PreSaveFile = new java.io.File(((pathPrefix + java.lang.Integer.toString(counter)) + .png)): null

2018-12-14 09:51:31 - [TEST_STEP][PASSED] - Statement - counter = counter + 1: null

2018-12-14 09:51:31 - [TEST_STEP][PASSED] - Statement - PreSaveFile = new java.io.File(((pathPrefix + java.lang.Integer.toString(counter)) + .png)): null

2018-12-14 09:51:31 - [TEST_STEP][PASSED] - Statement - counter = counter + 1: null

2018-12-14 09:51:31 - [TEST_STEP][PASSED] - Statement - PreSaveFile = new java.io.File(((pathPrefix + java.lang.Integer.toString(counter)) + .png)): null

2018-12-14 09:51:31 - [TEST_STEP][PASSED] - Statement - counter = counter + 1: null

2018-12-14 09:51:31 - [TEST_STEP][PASSED] - Statement - PreSaveFile = new java.io.File(((pathPrefix + java.lang.Integer.toString(counter)) + .png)): null

2018-12-14 09:51:31 - [TEST_STEP][PASSED] - Statement - counter = counter + 1: null

2018-12-14 09:51:31 - [TEST_STEP][PASSED] - Statement - PreSaveFile = new java.io.File(((pathPrefix + java.lang.Integer.toString(counter)) + .png)): null

2018-12-14 09:51:31 - [TEST_STEP][PASSED] - Statement - counter = counter + 1: null

2018-12-14 09:51:31 - [TEST_STEP][PASSED] - Statement - PreSaveFile = new java.io.File(((pathPrefix + java.lang.Integer.toString(counter)) + .png)): null

2018-12-14 09:51:31 - [TEST_STEP][PASSED] - Statement - counter = counter + 1: null

2018-12-14 09:51:31 - [TEST_STEP][PASSED] - Statement - PreSaveFile = new java.io.File(((pathPrefix + java.lang.Integer.toString(counter)) + .png)): null

2018-12-14 09:51:31 - [TEST_STEP][PASSED] - Statement - counter = counter + 1: null

2018-12-14 09:51:31 - [TEST_STEP][PASSED] - Statement - PreSaveFile = new java.io.File(((pathPrefix + java.lang.Integer.toString(counter)) + .png)): null

2018-12-14 09:51:31 - [TEST_STEP][PASSED] - Statement - counter = counter + 1: null

2018-12-14 09:51:31 - [TEST_STEP][PASSED] - Statement - PreSaveFile = new java.io.File(((pathPrefix + java.lang.Integer.toString(counter)) + .png)): null

2018-12-14 09:51:31 - [TEST_STEP][PASSED] - Statement - counter = counter + 1: null

2018-12-14 09:51:31 - [TEST_STEP][PASSED] - Statement - PreSaveFile = new java.io.File(((pathPrefix + java.lang.Integer.toString(counter)) + .png)): null

2018-12-14 09:51:31 - [TEST_STEP][PASSED] - Statement - counter = counter + 1: null

2018-12-14 09:51:31 - [TEST_STEP][PASSED] - Statement - PreSaveFile = new java.io.File(((pathPrefix + java.lang.Integer.toString(counter)) + .png)): null

2018-12-14 09:51:31 - [TEST_STEP][PASSED] - Statement - counter = counter + 1: null

2018-12-14 09:51:31 - [TEST_STEP][PASSED] - Statement - PreSaveFile = new java.io.File(((pathPrefix + java.lang.Integer.toString(counter)) + .png)): null

2018-12-14 09:51:31 - [TEST_STEP][PASSED] - Statement - counter = counter + 1: null

2018-12-14 09:51:31 - [TEST_STEP][PASSED] - Statement - PreSaveFile = new java.io.File(((pathPrefix + java.lang.Integer.toString(counter)) + .png)): null

2018-12-14 09:51:31 - [TEST_STEP][PASSED] - Statement - counter = counter + 1: null

2018-12-14 09:51:31 - [TEST_STEP][PASSED] - Statement - PreSaveFile = new java.io.File(((pathPrefix + java.lang.Integer.toString(counter)) + .png)): null

2018-12-14 09:51:31 - [TEST_STEP][PASSED] - Statement - counter = counter + 1: null

2018-12-14 09:51:31 - [TEST_STEP][PASSED] - Statement - PreSaveFile = new java.io.File(((pathPrefix + java.lang.Integer.toString(counter)) + .png)): null

2018-12-14 09:51:31 - [TEST_STEP][PASSED] - Statement - counter = counter + 1: null

2018-12-14 09:51:31 - [TEST_STEP][PASSED] - Statement - PreSaveFile = new java.io.File(((pathPrefix + java.lang.Integer.toString(counter)) + .png)): null

2018-12-14 09:51:31 - [TEST_STEP][PASSED] - Statement - counter = counter + 1: null

2018-12-14 09:51:31 - [TEST_STEP][PASSED] - Statement - PreSaveFile = new java.io.File(((pathPrefix + java.lang.Integer.toString(counter)) + .png)): null

2018-12-14 09:51:31 - [TEST_STEP][PASSED] - Statement - counter = counter + 1: null

2018-12-14 09:51:31 - [TEST_STEP][PASSED] - Statement - PreSaveFile = new java.io.File(((pathPrefix + java.lang.Integer.toString(counter)) + .png)): null

2018-12-14 09:51:31 - [TEST_STEP][PASSED] - Statement - counter = counter + 1: null

2018-12-14 09:51:31 - [TEST_STEP][PASSED] - Statement - PreSaveFile = new java.io.File(((pathPrefix + java.lang.Integer.toString(counter)) + .png)): null

2018-12-14 09:51:31 - [TEST_STEP][PASSED] - Statement - counter = counter + 1: null

2018-12-14 09:51:31 - [TEST_STEP][PASSED] - Statement - PreSaveFile = new java.io.File(((pathPrefix + java.lang.Integer.toString(counter)) + .png)): null

2018-12-14 09:51:31 - [TEST_STEP][PASSED] - Statement - counter = counter + 1: null

2018-12-14 09:51:31 - [TEST_STEP][PASSED] - Statement - PreSaveFile = new java.io.File(((pathPrefix + java.lang.Integer.toString(counter)) + .png)): null

2018-12-14 09:51:31 - [TEST_STEP][PASSED] - Statement - counter = counter + 1: null

2018-12-14 09:51:31 - [TEST_STEP][PASSED] - Statement - PreSaveFile = new java.io.File(((pathPrefix + java.lang.Integer.toString(counter)) + .png)): null

2018-12-14 09:51:31 - [TEST_STEP][PASSED] - Statement - counter = counter + 1: null

2018-12-14 09:51:31 - [TEST_STEP][PASSED] - Statement - PreSaveFile = new java.io.File(((pathPrefix + java.lang.Integer.toString(counter)) + .png)): null

2018-12-14 09:51:31 - [TEST_STEP][PASSED] - Statement - counter = counter + 1: null

2018-12-14 09:51:31 - [TEST_STEP][PASSED] - Statement - PreSaveFile = new java.io.File(((pathPrefix + java.lang.Integer.toString(counter)) + .png)): null

2018-12-14 09:51:31 - [TEST_STEP][PASSED] - Statement - counter = counter + 1: null

2018-12-14 09:51:31 - [TEST_STEP][PASSED] - Statement - PreSaveFile = new java.io.File(((pathPrefix + java.lang.Integer.toString(counter)) + .png)): null

2018-12-14 09:51:31 - [TEST_STEP][PASSED] - Statement - counter = counter + 1: null

2018-12-14 09:51:31 - [TEST_STEP][PASSED] - Statement - PreSaveFile = new java.io.File(((pathPrefix + java.lang.Integer.toString(counter)) + .png)): null

2018-12-14 09:51:31 - [TEST_STEP][PASSED] - Statement - counter = counter + 1: null

2018-12-14 09:51:31 - [TEST_STEP][PASSED] - Statement - PreSaveFile = new java.io.File(((pathPrefix + java.lang.Integer.toString(counter)) + .png)): null

2018-12-14 09:51:31 - [TEST_STEP][PASSED] - Statement - counter = counter + 1: null

2018-12-14 09:51:31 - [TEST_STEP][PASSED] - Statement - PreSaveFile = new java.io.File(((pathPrefix + java.lang.Integer.toString(counter)) + .png)): null

2018-12-14 09:51:31 - [TEST_STEP][PASSED] - Statement - counter = counter + 1: null

2018-12-14 09:51:31 - [TEST_STEP][PASSED] - Statement - PreSaveFile = new java.io.File(((pathPrefix + java.lang.Integer.toString(counter)) + .png)): null

2018-12-14 09:51:31 - [TEST_STEP][PASSED] - Statement - counter = counter + 1: null

2018-12-14 09:51:31 - [TEST_STEP][PASSED] - Statement - PreSaveFile = new java.io.File(((pathPrefix + java.lang.Integer.toString(counter)) + .png)): null

2018-12-14 09:51:31 - [TEST_STEP][PASSED] - Statement - counter = counter + 1: null

2018-12-14 09:51:31 - [TEST_STEP][PASSED] - Statement - PreSaveFile = new java.io.File(((pathPrefix + java.lang.Integer.toString(counter)) + .png)): null

2018-12-14 09:51:31 - [TEST_STEP][PASSED] - Statement - counter = counter + 1: null

2018-12-14 09:51:31 - [TEST_STEP][PASSED] - Statement - PreSaveFile = new java.io.File(((pathPrefix + java.lang.Integer.toString(counter)) + .png)): null

2018-12-14 09:51:31 - [TEST_STEP][PASSED] - Statement - counter = counter + 1: null

2018-12-14 09:51:31 - [TEST_STEP][PASSED] - Statement - PreSaveFile = new java.io.File(((pathPrefix + java.lang.Integer.toString(counter)) + .png)): null

2018-12-14 09:51:31 - [TEST_STEP][PASSED] - Statement - counter = counter + 1: null

2018-12-14 09:51:31 - [TEST_STEP][PASSED] - Statement - PreSaveFile = new java.io.File(((pathPrefix + java.lang.Integer.toString(counter)) + .png)): null

2018-12-14 09:51:31 - [TEST_STEP][PASSED] - Statement - counter = counter + 1: null

2018-12-14 09:51:31 - [TEST_STEP][PASSED] - Statement - PreSaveFile = new java.io.File(((pathPrefix + java.lang.Integer.toString(counter)) + .png)): null

2018-12-14 09:51:31 - [TEST_STEP][PASSED] - Statement - counter = counter + 1: null

2018-12-14 09:51:31 - [TEST_STEP][PASSED] - Statement - PreSaveFile = new java.io.File(((pathPrefix + java.lang.Integer.toString(counter)) + .png)): null

2018-12-14 09:51:31 - [TEST_STEP][PASSED] - Statement - counter = counter + 1: null

2018-12-14 09:51:31 - [TEST_STEP][PASSED] - Statement - PreSaveFile = new java.io.File(((pathPrefix + java.lang.Integer.toString(counter)) + .png)): null

2018-12-14 09:51:31 - [TEST_STEP][PASSED] - Statement - counter = counter + 1: null

2018-12-14 09:51:31 - [TEST_STEP][PASSED] - Statement - PreSaveFile = new java.io.File(((pathPrefix + java.lang.Integer.toString(counter)) + .png)): null

2018-12-14 09:51:31 - [TEST_STEP][PASSED] - Statement - counter = counter + 1: null

2018-12-14 09:51:31 - [TEST_STEP][PASSED] - Statement - PreSaveFile = new java.io.File(((pathPrefix + java.lang.Integer.toString(counter)) + .png)): null

2018-12-14 09:51:31 - [TEST_STEP][PASSED] - Statement - counter = counter + 1: null

2018-12-14 09:51:31 - [TEST_STEP][PASSED] - Statement - PreSaveFile = new java.io.File(((pathPrefix + java.lang.Integer.toString(counter)) + .png)): null

2018-12-14 09:51:31 - [TEST_STEP][PASSED] - Statement - counter = counter + 1: null

2018-12-14 09:51:31 - [TEST_STEP][PASSED] - Statement - PreSaveFile = new java.io.File(((pathPrefix + java.lang.Integer.toString(counter)) + .png)): null

2018-12-14 09:51:31 - [TEST_STEP][PASSED] - Statement - counter = counter + 1: null

2018-12-14 09:51:31 - [TEST_STEP][PASSED] - Statement - PreSaveFile = new java.io.File(((pathPrefix + java.lang.Integer.toString(counter)) + .png)): null

2018-12-14 09:51:31 - [TEST_STEP][PASSED] - Statement - counter = counter + 1: null

2018-12-14 09:51:31 - [TEST_STEP][PASSED] - Statement - PreSaveFile = new java.io.File(((pathPrefix + java.lang.Integer.toString(counter)) + .png)): null

2018-12-14 09:51:31 - [TEST_STEP][PASSED] - Statement - counter = counter + 1: null

2018-12-14 09:51:31 - [TEST_STEP][PASSED] - Statement - PreSaveFile = new java.io.File(((pathPrefix + java.lang.Integer.toString(counter)) + .png)): null

2018-12-14 09:51:31 - [TEST_STEP][PASSED] - Statement - counter = counter + 1: null

2018-12-14 09:51:31 - [TEST_STEP][PASSED] - Statement - PreSaveFile = new java.io.File(((pathPrefix + java.lang.Integer.toString(counter)) + .png)): null

2018-12-14 09:51:31 - [TEST_STEP][PASSED] - Statement - counter = counter + 1: null

2018-12-14 09:51:31 - [TEST_STEP][PASSED] - Statement - PreSaveFile = new java.io.File(((pathPrefix + java.lang.Integer.toString(counter)) + .png)): null

2018-12-14 09:51:31 - [TEST_STEP][PASSED] - Statement - counter = counter + 1: null

2018-12-14 09:51:31 - [TEST_STEP][PASSED] - Statement - PreSaveFile = new java.io.File(((pathPrefix + java.lang.Integer.toString(counter)) + .png)): null

2018-12-14 09:51:31 - [TEST_STEP][PASSED] - Statement - counter = counter + 1: null

2018-12-14 09:51:31 - [TEST_STEP][PASSED] - Statement - PreSaveFile = new java.io.File(((pathPrefix + java.lang.Integer.toString(counter)) + .png)): null

2018-12-14 09:51:31 - [TEST_STEP][PASSED] - Statement - counter = counter + 1: null

2018-12-14 09:51:31 - [TEST_STEP][PASSED] - Statement - PreSaveFile = new java.io.File(((pathPrefix + java.lang.Integer.toString(counter)) + .png)): null

2018-12-14 09:51:31 - [TEST_STEP][PASSED] - Statement - counter = counter + 1: null

2018-12-14 09:51:31 - [TEST_STEP][PASSED] - Statement - PreSaveFile = new java.io.File(((pathPrefix + java.lang.Integer.toString(counter)) + .png)): null

2018-12-14 09:51:31 - [TEST_STEP][PASSED] - Statement - counter = counter + 1: null

2018-12-14 09:51:31 - [TEST_STEP][PASSED] - Statement - PreSaveFile = new java.io.File(((pathPrefix + java.lang.Integer.toString(counter)) + .png)): null

2018-12-14 09:51:31 - [TEST_STEP][PASSED] - Statement - counter = counter + 1: null

2018-12-14 09:51:31 - [TEST_STEP][PASSED] - Statement - PreSaveFile = new java.io.File(((pathPrefix + java.lang.Integer.toString(counter)) + .png)): null

2018-12-14 09:51:31 - [TEST_STEP][PASSED] - Statement - counter = counter + 1: null

2018-12-14 09:51:31 - [TEST_STEP][PASSED] - Statement - PreSaveFile = new java.io.File(((pathPrefix + java.lang.Integer.toString(counter)) + .png)): null

2018-12-14 09:51:31 - [TEST_STEP][PASSED] - Statement - counter = counter + 1: null

2018-12-14 09:51:31 - [TEST_STEP][PASSED] - Statement - PreSaveFile = new java.io.File(((pathPrefix + java.lang.Integer.toString(counter)) + .png)): null

2018-12-14 09:51:31 - [TEST_STEP][PASSED] - Statement - counter = counter + 1: null

2018-12-14 09:51:31 - [TEST_STEP][PASSED] - Statement - PreSaveFile = new java.io.File(((pathPrefix + java.lang.Integer.toString(counter)) + .png)): null

2018-12-14 09:51:31 - [TEST_STEP][PASSED] - Statement - counter = counter + 1: null

2018-12-14 09:51:31 - [TEST_STEP][PASSED] - Statement - PreSaveFile = new java.io.File(((pathPrefix + java.lang.Integer.toString(counter)) + .png)): null

2018-12-14 09:51:31 - [TEST_STEP][PASSED] - Statement - counter = counter + 1: null

2018-12-14 09:51:31 - [TEST_STEP][PASSED] - Statement - PreSaveFile = new java.io.File(((pathPrefix + java.lang.Integer.toString(counter)) + .png)): null

2018-12-14 09:51:31 - [TEST_STEP][PASSED] - Statement - counter = counter + 1: null

2018-12-14 09:51:31 - [TEST_STEP][PASSED] - Statement - PreSaveFile = new java.io.File(((pathPrefix + java.lang.Integer.toString(counter)) + .png)): null

2018-12-14 09:51:31 - [TEST_STEP][PASSED] - Statement - counter = counter + 1: null

2018-12-14 09:51:31 - [TEST_STEP][PASSED] - Statement - PreSaveFile = new java.io.File(((pathPrefix + java.lang.Integer.toString(counter)) + .png)): null

2018-12-14 09:51:31 - [TEST_STEP][PASSED] - Statement - counter = counter + 1: null

2018-12-14 09:51:31 - [TEST_STEP][PASSED] - Statement - PreSaveFile = new java.io.File(((pathPrefix + java.lang.Integer.toString(counter)) + .png)): null

2018-12-14 09:51:31 - [TEST_STEP][PASSED] - Statement - counter = counter + 1: null

2018-12-14 09:51:31 - [TEST_STEP][PASSED] - Statement - PreSaveFile = new java.io.File(((pathPrefix + java.lang.Integer.toString(counter)) + .png)): null

2018-12-14 09:51:31 - [TEST_STEP][PASSED] - Statement - counter = counter + 1: null

2018-12-14 09:51:31 - [TEST_STEP][PASSED] - Statement - PreSaveFile = new java.io.File(((pathPrefix + java.lang.Integer.toString(counter)) + .png)): null

2018-12-14 09:51:31 - [TEST_STEP][PASSED] - Statement - counter = counter + 1: null

2018-12-14 09:51:31 - [TEST_STEP][PASSED] - Statement - PreSaveFile = new java.io.File(((pathPrefix + java.lang.Integer.toString(counter)) + .png)): null

2018-12-14 09:51:31 - [TEST_STEP][PASSED] - Statement - counter = counter + 1: null

2018-12-14 09:51:31 - [TEST_STEP][PASSED] - Statement - PreSaveFile = new java.io.File(((pathPrefix + java.lang.Integer.toString(counter)) + .png)): null

2018-12-14 09:51:31 - [TEST_STEP][PASSED] - Statement - counter = counter + 1: null

2018-12-14 09:51:31 - [TEST_STEP][PASSED] - Statement - PreSaveFile = new java.io.File(((pathPrefix + java.lang.Integer.toString(counter)) + .png)): null

2018-12-14 09:51:31 - [TEST_STEP][PASSED] - Statement - counter = counter + 1: null

2018-12-14 09:51:31 - [TEST_STEP][PASSED] - Statement - PreSaveFile = new java.io.File(((pathPrefix + java.lang.Integer.toString(counter)) + .png)): null

2018-12-14 09:51:31 - [TEST_STEP][PASSED] - Statement - counter = counter + 1: null

2018-12-14 09:51:31 - [TEST_STEP][PASSED] - Statement - PreSaveFile = new java.io.File(((pathPrefix + java.lang.Integer.toString(counter)) + .png)): null

2018-12-14 09:51:31 - [TEST_STEP][PASSED] - Statement - counter = counter + 1: null

2018-12-14 09:51:31 - [TEST_STEP][PASSED] - Statement - PreSaveFile = new java.io.File(((pathPrefix + java.lang.Integer.toString(counter)) + .png)): null

2018-12-14 09:51:31 - [TEST_STEP][PASSED] - Statement - counter = counter + 1: null

2018-12-14 09:51:31 - [TEST_STEP][PASSED] - Statement - PreSaveFile = new java.io.File(((pathPrefix + java.lang.Integer.toString(counter)) + .png)): null

2018-12-14 09:51:31 - [TEST_STEP][PASSED] - Statement - counter = counter + 1: null

2018-12-14 09:51:31 - [TEST_STEP][PASSED] - Statement - PreSaveFile = new java.io.File(((pathPrefix + java.lang.Integer.toString(counter)) + .png)): null

2018-12-14 09:51:31 - [TEST_STEP][PASSED] - Statement - counter = counter + 1: null

2018-12-14 09:51:31 - [TEST_STEP][PASSED] - Statement - PreSaveFile = new java.io.File(((pathPrefix + java.lang.Integer.toString(counter)) + .png)): null

2018-12-14 09:51:31 - [TEST_STEP][PASSED] - Statement - counter = counter + 1: null

2018-12-14 09:51:31 - [TEST_STEP][PASSED] - Statement - PreSaveFile = new java.io.File(((pathPrefix + java.lang.Integer.toString(counter)) + .png)): null

2018-12-14 09:51:31 - [TEST_STEP][PASSED] - Statement - counter = counter + 1: null

2018-12-14 09:51:31 - [TEST_STEP][PASSED] - Statement - PreSaveFile = new java.io.File(((pathPrefix + java.lang.Integer.toString(counter)) + .png)): null

2018-12-14 09:51:31 - [TEST_STEP][PASSED] - Statement - counter = counter + 1: null

2018-12-14 09:51:31 - [TEST_STEP][PASSED] - Statement - PreSaveFile = new java.io.File(((pathPrefix + java.lang.Integer.toString(counter)) + .png)): null

2018-12-14 09:51:31 - [TEST_STEP][PASSED] - Statement - counter = counter + 1: null

2018-12-14 09:51:31 - [TEST_STEP][PASSED] - Statement - PreSaveFile = new java.io.File(((pathPrefix + java.lang.Integer.toString(counter)) + .png)): null

2018-12-14 09:51:31 - [TEST_STEP][PASSED] - Statement - counter = counter + 1: null

2018-12-14 09:51:31 - [TEST_STEP][PASSED] - Statement - PreSaveFile = new java.io.File(((pathPrefix + java.lang.Integer.toString(counter)) + .png)): null

2018-12-14 09:51:31 - [TEST_STEP][PASSED] - Statement - counter = counter + 1: null

2018-12-14 09:51:31 - [TEST_STEP][PASSED] - Statement - PreSaveFile = new java.io.File(((pathPrefix + java.lang.Integer.toString(counter)) + .png)): null

2018-12-14 09:51:31 - [TEST_STEP][PASSED] - Statement - counter = counter + 1: null

2018-12-14 09:51:31 - [TEST_STEP][PASSED] - Statement - PreSaveFile = new java.io.File(((pathPrefix + java.lang.Integer.toString(counter)) + .png)): null

2018-12-14 09:51:31 - [TEST_STEP][PASSED] - Statement - counter = counter + 1: null

2018-12-14 09:51:31 - [TEST_STEP][PASSED] - Statement - PreSaveFile = new java.io.File(((pathPrefix + java.lang.Integer.toString(counter)) + .png)): null

2018-12-14 09:51:31 - [TEST_STEP][PASSED] - Statement - counter = counter + 1: null

2018-12-14 09:51:31 - [TEST_STEP][PASSED] - Statement - PreSaveFile = new java.io.File(((pathPrefix + java.lang.Integer.toString(counter)) + .png)): null

2018-12-14 09:51:31 - [TEST_STEP][PASSED] - Statement - counter = counter + 1: null

2018-12-14 09:51:31 - [TEST_STEP][PASSED] - Statement - PreSaveFile = new java.io.File(((pathPrefix + java.lang.Integer.toString(counter)) + .png)): null

2018-12-14 09:51:31 - [TEST_STEP][PASSED] - Statement - counter = counter + 1: null

2018-12-14 09:51:31 - [TEST_STEP][PASSED] - Statement - PreSaveFile = new java.io.File(((pathPrefix + java.lang.Integer.toString(counter)) + .png)): null

2018-12-14 09:51:31 - [TEST_STEP][PASSED] - Statement - counter = counter + 1: null

2018-12-14 09:51:31 - [TEST_STEP][PASSED] - Statement - PreSaveFile = new java.io.File(((pathPrefix + java.lang.Integer.toString(counter)) + .png)): null

2018-12-14 09:51:31 - [TEST_STEP][PASSED] - Statement - counter = counter + 1: null

2018-12-14 09:51:31 - [TEST_STEP][PASSED] - Statement - PreSaveFile = new java.io.File(((pathPrefix + java.lang.Integer.toString(counter)) + .png)): null

2018-12-14 09:51:31 - [TEST_STEP][PASSED] - Statement - counter = counter + 1: null

2018-12-14 09:51:31 - [TEST_STEP][PASSED] - Statement - PreSaveFile = new java.io.File(((pathPrefix + java.lang.Integer.toString(counter)) + .png)): null

2018-12-14 09:51:31 - [TEST_STEP][PASSED] - Statement - counter = counter + 1: null

2018-12-14 09:51:31 - [TEST_STEP][PASSED] - Statement - PreSaveFile = new java.io.File(((pathPrefix + java.lang.Integer.toString(counter)) + .png)): null

2018-12-14 09:51:31 - [TEST_STEP][PASSED] - Statement - counter = counter + 1: null

2018-12-14 09:51:31 - [TEST_STEP][PASSED] - Statement - PreSaveFile = new java.io.File(((pathPrefix + java.lang.Integer.toString(counter)) + .png)): null

2018-12-14 09:51:31 - [TEST_STEP][PASSED] - Statement - counter = counter + 1: null

2018-12-14 09:51:31 - [TEST_STEP][PASSED] - Statement - PreSaveFile = new java.io.File(((pathPrefix + java.lang.Integer.toString(counter)) + .png)): null

2018-12-14 09:51:31 - [TEST_STEP][PASSED] - Statement - counter = counter + 1: null

2018-12-14 09:51:31 - [TEST_STEP][PASSED] - Statement - PreSaveFile = new java.io.File(((pathPrefix + java.lang.Integer.toString(counter)) + .png)): null

2018-12-14 09:51:31 - [TEST_STEP][PASSED] - Statement - counter = counter + 1: null

2018-12-14 09:51:31 - [TEST_STEP][PASSED] - Statement - PreSaveFile = new java.io.File(((pathPrefix + java.lang.Integer.toString(counter)) + .png)): null

2018-12-14 09:51:31 - [TEST_STEP][PASSED] - Statement - counter = counter + 1: null

2018-12-14 09:51:31 - [TEST_STEP][PASSED] - Statement - PreSaveFile = new java.io.File(((pathPrefix + java.lang.Integer.toString(counter)) + .png)): null

2018-12-14 09:51:31 - [TEST_STEP][PASSED] - Statement - counter = counter + 1: null

2018-12-14 09:51:31 - [TEST_STEP][PASSED] - Statement - PreSaveFile = new java.io.File(((pathPrefix + java.lang.Integer.toString(counter)) + .png)): null

2018-12-14 09:51:31 - [TEST_STEP][PASSED] - Statement - counter = counter + 1: null

2018-12-14 09:51:31 - [TEST_STEP][PASSED] - Statement - PreSaveFile = new java.io.File(((pathPrefix + java.lang.Integer.toString(counter)) + .png)): null

2018-12-14 09:51:31 - [TEST_STEP][PASSED] - Statement - counter = counter + 1: null

2018-12-14 09:51:31 - [TEST_STEP][PASSED] - Statement - PreSaveFile = new java.io.File(((pathPrefix + java.lang.Integer.toString(counter)) + .png)): null

2018-12-14 09:51:31 - [TEST_STEP][PASSED] - Statement - counter = counter + 1: null

2018-12-14 09:51:31 - [TEST_STEP][PASSED] - Statement - PreSaveFile = new java.io.File(((pathPrefix + java.lang.Integer.toString(counter)) + .png)): null

2018-12-14 09:51:31 - [TEST_STEP][PASSED] - Statement - counter = counter + 1: null

2018-12-14 09:51:31 - [TEST_STEP][PASSED] - Statement - PreSaveFile = new java.io.File(((pathPrefix + java.lang.Integer.toString(counter)) + .png)): null

2018-12-14 09:51:31 - [TEST_STEP][PASSED] - Statement - counter = counter + 1: null

2018-12-14 09:51:31 - [TEST_STEP][PASSED] - Statement - PreSaveFile = new java.io.File(((pathPrefix + java.lang.Integer.toString(counter)) + .png)): null

2018-12-14 09:51:31 - [TEST_STEP][PASSED] - Statement - counter = counter + 1: null

2018-12-14 09:51:31 - [TEST_STEP][PASSED] - Statement - PreSaveFile = new java.io.File(((pathPrefix + java.lang.Integer.toString(counter)) + .png)): null

2018-12-14 09:51:31 - [TEST_STEP][PASSED] - Statement - counter = counter + 1: null

2018-12-14 09:51:31 - [TEST_STEP][PASSED] - Statement - PreSaveFile = new java.io.File(((pathPrefix + java.lang.Integer.toString(counter)) + .png)): null

2018-12-14 09:51:31 - [TEST_STEP][PASSED] - Statement - counter = counter + 1: null

2018-12-14 09:51:31 - [TEST_STEP][PASSED] - Statement - PreSaveFile = new java.io.File(((pathPrefix + java.lang.Integer.toString(counter)) + .png)): null

2018-12-14 09:51:31 - [TEST_STEP][PASSED] - Statement - counter = counter + 1: null

2018-12-14 09:51:31 - [TEST_STEP][PASSED] - Statement - PreSaveFile = new java.io.File(((pathPrefix + java.lang.Integer.toString(counter)) + .png)): null

2018-12-14 09:51:31 - [TEST_STEP][PASSED] - Statement - counter = counter + 1: null

2018-12-14 09:51:31 - [TEST_STEP][PASSED] - Statement - PreSaveFile = new java.io.File(((pathPrefix + java.lang.Integer.toString(counter)) + .png)): null

2018-12-14 09:51:31 - [TEST_STEP][PASSED] - Statement - counter = counter + 1: null

2018-12-14 09:51:31 - [TEST_STEP][PASSED] - Statement - PreSaveFile = new java.io.File(((pathPrefix + java.lang.Integer.toString(counter)) + .png)): null

2018-12-14 09:51:31 - [TEST_STEP][PASSED] - Statement - counter = counter + 1: null

2018-12-14 09:51:31 - [TEST_STEP][PASSED] - Statement - PreSaveFile = new java.io.File(((pathPrefix + java.lang.Integer.toString(counter)) + .png)): null

2018-12-14 09:51:31 - [TEST_STEP][PASSED] - Statement - counter = counter + 1: null

2018-12-14 09:51:31 - [TEST_STEP][PASSED] - Statement - PreSaveFile = new java.io.File(((pathPrefix + java.lang.Integer.toString(counter)) + .png)): null

2018-12-14 09:51:31 - [TEST_STEP][PASSED] - Statement - counter = counter + 1: null

2018-12-14 09:51:31 - [TEST_STEP][PASSED] - Statement - PreSaveFile = new java.io.File(((pathPrefix + java.lang.Integer.toString(counter)) + .png)): null

2018-12-14 09:51:31 - [TEST_STEP][PASSED] - Statement - counter = counter + 1: null

2018-12-14 09:51:31 - [TEST_STEP][PASSED] - Statement - PreSaveFile = new java.io.File(((pathPrefix + java.lang.Integer.toString(counter)) + .png)): null

2018-12-14 09:51:31 - [TEST_STEP][PASSED] - Statement - counter = counter + 1: null

2018-12-14 09:51:31 - [TEST_STEP][PASSED] - Statement - PreSaveFile = new java.io.File(((pathPrefix + java.lang.Integer.toString(counter)) + .png)): null

2018-12-14 09:51:31 - [TEST_STEP][PASSED] - Statement - counter = counter + 1: null

2018-12-14 09:51:31 - [TEST_STEP][PASSED] - Statement - PreSaveFile = new java.io.File(((pathPrefix + java.lang.Integer.toString(counter)) + .png)): null

2018-12-14 09:51:31 - [TEST_STEP][PASSED] - Statement - counter = counter + 1: null

2018-12-14 09:51:31 - [TEST_STEP][PASSED] - Statement - PreSaveFile = new java.io.File(((pathPrefix + java.lang.Integer.toString(counter)) + .png)): null

2018-12-14 09:51:31 - [TEST_STEP][PASSED] - Statement - counter = counter + 1: null

2018-12-14 09:51:31 - [TEST_STEP][PASSED] - Statement - PreSaveFile = new java.io.File(((pathPrefix + java.lang.Integer.toString(counter)) + .png)): null

2018-12-14 09:51:31 - [TEST_STEP][PASSED] - Statement - counter = counter + 1: null

2018-12-14 09:51:31 - [TEST_STEP][PASSED] - Statement - PreSaveFile = new java.io.File(((pathPrefix + java.lang.Integer.toString(counter)) + .png)): null

2018-12-14 09:51:31 - [TEST_STEP][PASSED] - Statement - counter = counter + 1: null

2018-12-14 09:51:31 - [TEST_STEP][PASSED] - Statement - PreSaveFile = new java.io.File(((pathPrefix + java.lang.Integer.toString(counter)) + .png)): null

2018-12-14 09:51:31 - [TEST_STEP][PASSED] - Statement - counter = counter + 1: null

2018-12-14 09:51:31 - [TEST_STEP][PASSED] - Statement - PreSaveFile = new java.io.File(((pathPrefix + java.lang.Integer.toString(counter)) + .png)): null

2018-12-14 09:51:31 - [TEST_STEP][PASSED] - Statement - counter = counter + 1: null

2018-12-14 09:51:31 - [TEST_STEP][PASSED] - Statement - PreSaveFile = new java.io.File(((pathPrefix + java.lang.Integer.toString(counter)) + .png)): null

2018-12-14 09:51:31 - [TEST_STEP][PASSED] - Statement - counter = counter + 1: null

2018-12-14 09:51:31 - [TEST_STEP][PASSED] - Statement - PreSaveFile = new java.io.File(((pathPrefix + java.lang.Integer.toString(counter)) + .png)): null

2018-12-14 09:51:31 - [TEST_STEP][PASSED] - Statement - counter = counter + 1: null

2018-12-14 09:51:31 - [TEST_STEP][PASSED] - Statement - PreSaveFile = new java.io.File(((pathPrefix + java.lang.Integer.toString(counter)) + .png)): null

2018-12-14 09:51:31 - [TEST_STEP][PASSED] - Statement - counter = counter + 1: null

2018-12-14 09:51:31 - [TEST_STEP][PASSED] - Statement - PreSaveFile = new java.io.File(((pathPrefix + java.lang.Integer.toString(counter)) + .png)): null

2018-12-14 09:51:31 - [TEST_STEP][PASSED] - Statement - counter = counter + 1: null

2018-12-14 09:51:31 - [TEST_STEP][PASSED] - Statement - PreSaveFile = new java.io.File(((pathPrefix + java.lang.Integer.toString(counter)) + .png)): null

2018-12-14 09:51:31 - [TEST_STEP][PASSED] - Statement - counter = counter + 1: null

2018-12-14 09:51:31 - [TEST_STEP][PASSED] - Statement - PreSaveFile = new java.io.File(((pathPrefix + java.lang.Integer.toString(counter)) + .png)): null

2018-12-14 09:51:31 - [TEST_STEP][PASSED] - Statement - counter = counter + 1: null

2018-12-14 09:51:31 - [TEST_STEP][PASSED] - Statement - PreSaveFile = new java.io.File(((pathPrefix + java.lang.Integer.toString(counter)) + .png)): null

2018-12-14 09:51:31 - [TEST_STEP][PASSED] - Statement - counter = counter + 1: null

2018-12-14 09:51:31 - [TEST_STEP][PASSED] - Statement - PreSaveFile = new java.io.File(((pathPrefix + java.lang.Integer.toString(counter)) + .png)): null

2018-12-14 09:51:31 - [TEST_STEP][PASSED] - Statement - counter = counter + 1: null

2018-12-14 09:51:31 - [TEST_STEP][PASSED] - Statement - PreSaveFile = new java.io.File(((pathPrefix + java.lang.Integer.toString(counter)) + .png)): null

2018-12-14 09:51:31 - [TEST_STEP][PASSED] - Statement - counter = counter + 1: null

2018-12-14 09:51:31 - [TEST_STEP][PASSED] - Statement - PreSaveFile = new java.io.File(((pathPrefix + java.lang.Integer.toString(counter)) + .png)): null

2018-12-14 09:51:31 - [TEST_STEP][PASSED] - Statement - counter = counter + 1: null

2018-12-14 09:51:31 - [TEST_STEP][PASSED] - Statement - PreSaveFile = new java.io.File(((pathPrefix + java.lang.Integer.toString(counter)) + .png)): null

2018-12-14 09:51:31 - [TEST_STEP][PASSED] - Statement - counter = counter + 1: null

2018-12-14 09:51:31 - [TEST_STEP][PASSED] - Statement - PreSaveFile = new java.io.File(((pathPrefix + java.lang.Integer.toString(counter)) + .png)): null

2018-12-14 09:51:31 - [TEST_STEP][PASSED] - Statement - counter = counter + 1: null

2018-12-14 09:51:31 - [TEST_STEP][PASSED] - Statement - PreSaveFile = new java.io.File(((pathPrefix + java.lang.Integer.toString(counter)) + .png)): null

2018-12-14 09:51:31 - [TEST_STEP][PASSED] - Statement - counter = counter + 1: null

2018-12-14 09:51:31 - [TEST_STEP][PASSED] - Statement - PreSaveFile = new java.io.File(((pathPrefix + java.lang.Integer.toString(counter)) + .png)): null

2018-12-14 09:51:31 - [TEST_STEP][PASSED] - Statement - counter = counter + 1: null

2018-12-14 09:51:31 - [TEST_STEP][PASSED] - Statement - PreSaveFile = new java.io.File(((pathPrefix + java.lang.Integer.toString(counter)) + .png)): null

2018-12-14 09:51:31 - [TEST_STEP][PASSED] - Statement - counter = counter + 1: null

2018-12-14 09:51:31 - [TEST_STEP][PASSED] - Statement - PreSaveFile = new java.io.File(((pathPrefix + java.lang.Integer.toString(counter)) + .png)): null

2018-12-14 09:51:31 - [TEST_STEP][PASSED] - Statement - counter = counter + 1: null

2018-12-14 09:51:31 - [TEST_STEP][PASSED] - Statement - PreSaveFile = new java.io.File(((pathPrefix + java.lang.Integer.toString(counter)) + .png)): null

2018-12-14 09:51:31 - [TEST_STEP][PASSED] - Statement - counter = counter + 1: null

2018-12-14 09:51:31 - [TEST_STEP][PASSED] - Statement - PreSaveFile = new java.io.File(((pathPrefix + java.lang.Integer.toString(counter)) + .png)): null

2018-12-14 09:51:31 - [TEST_STEP][PASSED] - Statement - counter = counter + 1: null

2018-12-14 09:51:31 - [TEST_STEP][PASSED] - Statement - PreSaveFile = new java.io.File(((pathPrefix + java.lang.Integer.toString(counter)) + .png)): null

2018-12-14 09:51:31 - [TEST_STEP][PASSED] - Statement - counter = counter + 1: null

2018-12-14 09:51:31 - [TEST_STEP][PASSED] - Statement - PreSaveFile = new java.io.File(((pathPrefix + java.lang.Integer.toString(counter)) + .png)): null

2018-12-14 09:51:31 - [TEST_STEP][PASSED] - Statement - counter = counter + 1: null

2018-12-14 09:51:31 - [TEST_STEP][PASSED] - Statement - PreSaveFile = new java.io.File(((pathPrefix + java.lang.Integer.toString(counter)) + .png)): null

2018-12-14 09:51:31 - [TEST_STEP][PASSED] - Statement - counter = counter + 1: null

2018-12-14 09:51:31 - [TEST_STEP][PASSED] - Statement - PreSaveFile = new java.io.File(((pathPrefix + java.lang.Integer.toString(counter)) + .png)): null

2018-12-14 09:51:31 - [TEST_STEP][PASSED] - Statement - counter = counter + 1: null

2018-12-14 09:51:31 - [TEST_STEP][PASSED] - Statement - PreSaveFile = new java.io.File(((pathPrefix + java.lang.Integer.toString(counter)) + .png)): null

2018-12-14 09:51:31 - [TEST_STEP][PASSED] - Statement - counter = counter + 1: null

2018-12-14 09:51:31 - [TEST_STEP][PASSED] - Statement - PreSaveFile = new java.io.File(((pathPrefix + java.lang.Integer.toString(counter)) + .png)): null

2018-12-14 09:51:31 - [TEST_STEP][PASSED] - Statement - counter = counter + 1: null

2018-12-14 09:51:31 - [TEST_STEP][PASSED] - Statement - PreSaveFile = new java.io.File(((pathPrefix + java.lang.Integer.toString(counter)) + .png)): null

2018-12-14 09:51:31 - [TEST_STEP][PASSED] - Statement - counter = counter + 1: null

2018-12-14 09:51:31 - [TEST_STEP][PASSED] - Statement - PreSaveFile = new java.io.File(((pathPrefix + java.lang.Integer.toString(counter)) + .png)): null

2018-12-14 09:51:31 - [TEST_STEP][PASSED] - Statement - counter = counter + 1: null

2018-12-14 09:51:31 - [TEST_STEP][PASSED] - Statement - PreSaveFile = new java.io.File(((pathPrefix + java.lang.Integer.toString(counter)) + .png)): null

2018-12-14 09:51:31 - [TEST_STEP][PASSED] - Statement - counter = counter + 1: null

2018-12-14 09:51:31 - [TEST_STEP][PASSED] - Statement - PreSaveFile = new java.io.File(((pathPrefix + java.lang.Integer.toString(counter)) + .png)): null

2018-12-14 09:51:31 - [TEST_STEP][PASSED] - Statement - counter = counter + 1: null

2018-12-14 09:51:31 - [TEST_STEP][PASSED] - Statement - PreSaveFile = new java.io.File(((pathPrefix + java.lang.Integer.toString(counter)) + .png)): null

2018-12-14 09:51:31 - [TEST_STEP][PASSED] - Statement - counter = counter + 1: null

2018-12-14 09:51:31 - [TEST_STEP][PASSED] - Statement - PreSaveFile = new java.io.File(((pathPrefix + java.lang.Integer.toString(counter)) + .png)): null

2018-12-14 09:51:31 - [TEST_STEP][PASSED] - Statement - counter = counter + 1: null

2018-12-14 09:51:31 - [TEST_STEP][PASSED] - Statement - PreSaveFile = new java.io.File(((pathPrefix + java.lang.Integer.toString(counter)) + .png)): null

2018-12-14 09:51:31 - [TEST_STEP][PASSED] - Statement - counter = counter + 1: null

2018-12-14 09:51:31 - [TEST_STEP][PASSED] - Statement - PreSaveFile = new java.io.File(((pathPrefix + java.lang.Integer.toString(counter)) + .png)): null

2018-12-14 09:51:31 - [TEST_STEP][PASSED] - Statement - counter = counter + 1: null

2018-12-14 09:51:31 - [TEST_STEP][PASSED] - Statement - PreSaveFile = new java.io.File(((pathPrefix + java.lang.Integer.toString(counter)) + .png)): null

2018-12-14 09:51:31 - [TEST_STEP][PASSED] - Statement - counter = counter + 1: null

2018-12-14 09:51:31 - [TEST_STEP][PASSED] - Statement - PreSaveFile = new java.io.File(((pathPrefix + java.lang.Integer.toString(counter)) + .png)): null

2018-12-14 09:51:31 - [TEST_STEP][PASSED] - Statement - counter = counter + 1: null

2018-12-14 09:51:31 - [TEST_STEP][PASSED] - Statement - PreSaveFile = new java.io.File(((pathPrefix + java.lang.Integer.toString(counter)) + .png)): null

2018-12-14 09:51:31 - [TEST_STEP][PASSED] - Statement - counter = counter + 1: null

2018-12-14 09:51:31 - [TEST_STEP][PASSED] - Statement - PreSaveFile = new java.io.File(((pathPrefix + java.lang.Integer.toString(counter)) + .png)): null

2018-12-14 09:51:31 - [TEST_STEP][PASSED] - Statement - counter = counter + 1: null

2018-12-14 09:51:31 - [TEST_STEP][PASSED] - Statement - PreSaveFile = new java.io.File(((pathPrefix + java.lang.Integer.toString(counter)) + .png)): null

2018-12-14 09:51:31 - [TEST_STEP][PASSED] - Statement - counter = counter + 1: null

2018-12-14 09:51:31 - [TEST_STEP][PASSED] - Statement - PreSaveFile = new java.io.File(((pathPrefix + java.lang.Integer.toString(counter)) + .png)): null

2018-12-14 09:51:31 - [TEST_STEP][PASSED] - Statement - counter = counter + 1: null

2018-12-14 09:51:31 - [TEST_STEP][PASSED] - Statement - PreSaveFile = new java.io.File(((pathPrefix + java.lang.Integer.toString(counter)) + .png)): null

2018-12-14 09:51:31 - [TEST_STEP][PASSED] - Statement - counter = counter + 1: null

2018-12-14 09:51:31 - [TEST_STEP][PASSED] - Statement - PreSaveFile = new java.io.File(((pathPrefix + java.lang.Integer.toString(counter)) + .png)): null

2018-12-14 09:51:31 - [TEST_STEP][PASSED] - Statement - counter = counter + 1: null

2018-12-14 09:51:31 - [TEST_STEP][PASSED] - Statement - PreSaveFile = new java.io.File(((pathPrefix + java.lang.Integer.toString(counter)) + .png)): null

2018-12-14 09:51:31 - [TEST_STEP][PASSED] - Statement - counter = counter + 1: null

2018-12-14 09:51:31 - [TEST_STEP][PASSED] - Statement - PreSaveFile = new java.io.File(((pathPrefix + java.lang.Integer.toString(counter)) + .png)): null

2018-12-14 09:51:31 - [TEST_STEP][PASSED] - Statement - counter = counter + 1: null

2018-12-14 09:51:31 - [TEST_STEP][PASSED] - Statement - PreSaveFile = new java.io.File(((pathPrefix + java.lang.Integer.toString(counter)) + .png)): null

2018-12-14 09:51:31 - [TEST_STEP][PASSED] - Statement - counter = counter + 1: null

2018-12-14 09:51:31 - [TEST_STEP][PASSED] - Statement - PreSaveFile = new java.io.File(((pathPrefix + java.lang.Integer.toString(counter)) + .png)): null

2018-12-14 09:51:31 - [TEST_STEP][PASSED] - Statement - counter = counter + 1: null

2018-12-14 09:51:31 - [TEST_STEP][PASSED] - Statement - PreSaveFile = new java.io.File(((pathPrefix + java.lang.Integer.toString(counter)) + .png)): null

2018-12-14 09:51:31 - [TEST_STEP][PASSED] - Statement - counter = counter + 1: null

2018-12-14 09:51:31 - [TEST_STEP][PASSED] - Statement - PreSaveFile = new java.io.File(((pathPrefix + java.lang.Integer.toString(counter)) + .png)): null

2018-12-14 09:51:31 - [TEST_STEP][PASSED] - Statement - counter = counter + 1: null

2018-12-14 09:51:31 - [TEST_STEP][PASSED] - Statement - PreSaveFile = new java.io.File(((pathPrefix + java.lang.Integer.toString(counter)) + .png)): null

2018-12-14 09:51:31 - [TEST_STEP][PASSED] - Statement - counter = counter + 1: null

2018-12-14 09:51:31 - [TEST_STEP][PASSED] - Statement - PreSaveFile = new java.io.File(((pathPrefix + java.lang.Integer.toString(counter)) + .png)): null

2018-12-14 09:51:31 - [TEST_STEP][PASSED] - Statement - counter = counter + 1: null

2018-12-14 09:51:31 - [TEST_STEP][PASSED] - Statement - PreSaveFile = new java.io.File(((pathPrefix + java.lang.Integer.toString(counter)) + .png)): null

2018-12-14 09:51:31 - [TEST_STEP][PASSED] - Statement - counter = counter + 1: null

2018-12-14 09:51:31 - [TEST_STEP][PASSED] - Statement - PreSaveFile = new java.io.File(((pathPrefix + java.lang.Integer.toString(counter)) + .png)): null

2018-12-14 09:51:31 - [TEST_STEP][PASSED] - Statement - counter = counter + 1: null

2018-12-14 09:51:31 - [TEST_STEP][PASSED] - Statement - PreSaveFile = new java.io.File(((pathPrefix + java.lang.Integer.toString(counter)) + .png)): null

2018-12-14 09:51:31 - [TEST_STEP][PASSED] - Statement - counter = counter + 1: null

2018-12-14 09:51:31 - [TEST_STEP][PASSED] - Statement - PreSaveFile = new java.io.File(((pathPrefix + java.lang.Integer.toString(counter)) + .png)): null

2018-12-14 09:51:31 - [TEST_STEP][PASSED] - Statement - counter = counter + 1: null

2018-12-14 09:51:31 - [TEST_STEP][PASSED] - Statement - PreSaveFile = new java.io.File(((pathPrefix + java.lang.Integer.toString(counter)) + .png)): null

2018-12-14 09:51:31 - [TEST_STEP][PASSED] - Statement - counter = counter + 1: null

2018-12-14 09:51:31 - [TEST_STEP][PASSED] - Statement - PreSaveFile = new java.io.File(((pathPrefix + java.lang.Integer.toString(counter)) + .png)): null

2018-12-14 09:51:31 - [TEST_STEP][PASSED] - Statement - counter = counter + 1: null

2018-12-14 09:51:31 - [TEST_STEP][PASSED] - Statement - PreSaveFile = new java.io.File(((pathPrefix + java.lang.Integer.toString(counter)) + .png)): null

2018-12-14 09:51:31 - [TEST_STEP][PASSED] - Statement - counter = counter + 1: null

2018-12-14 09:51:31 - [TEST_STEP][PASSED] - Statement - PreSaveFile = new java.io.File(((pathPrefix + java.lang.Integer.toString(counter)) + .png)): null

2018-12-14 09:51:31 - [TEST_STEP][PASSED] - Statement - counter = counter + 1: null

2018-12-14 09:51:31 - [TEST_STEP][PASSED] - Statement - PreSaveFile = new java.io.File(((pathPrefix + java.lang.Integer.toString(counter)) + .png)): null

2018-12-14 09:51:31 - [TEST_STEP][PASSED] - Statement - counter = counter + 1: null

2018-12-14 09:51:31 - [TEST_STEP][PASSED] - Statement - PreSaveFile = new java.io.File(((pathPrefix + java.lang.Integer.toString(counter)) + .png)): null

2018-12-14 09:51:31 - [TEST_STEP][PASSED] - Statement - counter = counter + 1: null

2018-12-14 09:51:31 - [TEST_STEP][PASSED] - Statement - PreSaveFile = new java.io.File(((pathPrefix + java.lang.Integer.toString(counter)) + .png)): null

2018-12-14 09:51:31 - [TEST_STEP][PASSED] - Statement - counter = counter + 1: null

2018-12-14 09:51:31 - [TEST_STEP][PASSED] - Statement - PreSaveFile = new java.io.File(((pathPrefix + java.lang.Integer.toString(counter)) + .png)): null

2018-12-14 09:51:31 - [TEST_STEP][PASSED] - Statement - counter = counter + 1: null

2018-12-14 09:51:31 - [TEST_STEP][PASSED] - Statement - PreSaveFile = new java.io.File(((pathPrefix + java.lang.Integer.toString(counter)) + .png)): null

2018-12-14 09:51:31 - [TEST_STEP][PASSED] - Statement - counter = counter + 1: null

2018-12-14 09:51:31 - [TEST_STEP][PASSED] - Statement - PreSaveFile = new java.io.File(((pathPrefix + java.lang.Integer.toString(counter)) + .png)): null

2018-12-14 09:51:31 - [TEST_STEP][PASSED] - Statement - counter = counter + 1: null

2018-12-14 09:51:31 - [TEST_STEP][PASSED] - Statement - PreSaveFile = new java.io.File(((pathPrefix + java.lang.Integer.toString(counter)) + .png)): null

2018-12-14 09:51:31 - [TEST_STEP][PASSED] - Statement - counter = counter + 1: null

2018-12-14 09:51:31 - [TEST_STEP][PASSED] - Statement - PreSaveFile = new java.io.File(((pathPrefix + java.lang.Integer.toString(counter)) + .png)): null

2018-12-14 09:51:31 - [TEST_STEP][PASSED] - Statement - counter = counter + 1: null

2018-12-14 09:51:32 - [TEST_STEP][PASSED] - Statement - PreSaveFile = new java.io.File(((pathPrefix + java.lang.Integer.toString(counter)) + .png)): null

2018-12-14 09:51:32 - [TEST_STEP][PASSED] - Statement - counter = counter + 1: null

2018-12-14 09:51:32 - [TEST_STEP][PASSED] - Statement - PreSaveFile = new java.io.File(((pathPrefix + java.lang.Integer.toString(counter)) + .png)): null

2018-12-14 09:51:32 - [TEST_STEP][PASSED] - Statement - counter = counter + 1: null

2018-12-14 09:51:32 - [TEST_STEP][PASSED] - Statement - PreSaveFile = new java.io.File(((pathPrefix + java.lang.Integer.toString(counter)) + .png)): null

2018-12-14 09:51:32 - [TEST_STEP][PASSED] - Statement - counter = counter + 1: null

2018-12-14 09:51:32 - [TEST_STEP][PASSED] - Statement - PreSaveFile = new java.io.File(((pathPrefix + java.lang.Integer.toString(counter)) + .png)): null

2018-12-14 09:51:32 - [TEST_STEP][PASSED] - Statement - counter = counter + 1: null

2018-12-14 09:51:32 - [TEST_STEP][PASSED] - Statement - PreSaveFile = new java.io.File(((pathPrefix + java.lang.Integer.toString(counter)) + .png)): null

2018-12-14 09:51:32 - [TEST_STEP][PASSED] - Statement - counter = counter + 1: null

2018-12-14 09:51:32 - [TEST_STEP][PASSED] - Statement - PreSaveFile = new java.io.File(((pathPrefix + java.lang.Integer.toString(counter)) + .png)): null

2018-12-14 09:51:32 - [TEST_STEP][PASSED] - Statement - counter = counter + 1: null

2018-12-14 09:51:32 - [TEST_STEP][PASSED] - Statement - PreSaveFile = new java.io.File(((pathPrefix + java.lang.Integer.toString(counter)) + .png)): null

2018-12-14 09:51:32 - [TEST_STEP][PASSED] - Statement - counter = counter + 1: null

2018-12-14 09:51:32 - [TEST_STEP][PASSED] - Statement - PreSaveFile = new java.io.File(((pathPrefix + java.lang.Integer.toString(counter)) + .png)): null

2018-12-14 09:51:32 - [TEST_STEP][PASSED] - Statement - counter = counter + 1: null

2018-12-14 09:51:32 - [TEST_STEP][PASSED] - Statement - PreSaveFile = new java.io.File(((pathPrefix + java.lang.Integer.toString(counter)) + .png)): null

2018-12-14 09:51:32 - [TEST_STEP][PASSED] - Statement - counter = counter + 1: null

2018-12-14 09:51:32 - [TEST_STEP][PASSED] - Statement - PreSaveFile = new java.io.File(((pathPrefix + java.lang.Integer.toString(counter)) + .png)): null

2018-12-14 09:51:32 - [TEST_STEP][PASSED] - Statement - counter = counter + 1: null

2018-12-14 09:51:32 - [TEST_STEP][PASSED] - Statement - PreSaveFile = new java.io.File(((pathPrefix + java.lang.Integer.toString(counter)) + .png)): null

2018-12-14 09:51:32 - [TEST_STEP][PASSED] - Statement - counter = counter + 1: null

2018-12-14 09:51:32 - [TEST_STEP][PASSED] - Statement - PreSaveFile = new java.io.File(((pathPrefix + java.lang.Integer.toString(counter)) + .png)): null

2018-12-14 09:51:32 - [TEST_STEP][PASSED] - Statement - counter = counter + 1: null

2018-12-14 09:51:32 - [TEST_STEP][PASSED] - Statement - PreSaveFile = new java.io.File(((pathPrefix + java.lang.Integer.toString(counter)) + .png)): null

2018-12-14 09:51:32 - [TEST_STEP][PASSED] - Statement - counter = counter + 1: null

2018-12-14 09:51:32 - [TEST_STEP][PASSED] - Statement - PreSaveFile = new java.io.File(((pathPrefix + java.lang.Integer.toString(counter)) + .png)): null

2018-12-14 09:51:32 - [TEST_STEP][PASSED] - Statement - counter = counter + 1: null

2018-12-14 09:51:32 - [TEST_STEP][PASSED] - Statement - PreSaveFile = new java.io.File(((pathPrefix + java.lang.Integer.toString(counter)) + .png)): null

2018-12-14 09:51:32 - [TEST_STEP][PASSED] - Statement - counter = counter + 1: null

2018-12-14 09:51:32 - [TEST_STEP][PASSED] - Statement - PreSaveFile = new java.io.File(((pathPrefix + java.lang.Integer.toString(counter)) + .png)): null

2018-12-14 09:51:32 - [TEST_STEP][PASSED] - Statement - counter = counter + 1: null

2018-12-14 09:51:32 - [TEST_STEP][PASSED] - Statement - PreSaveFile = new java.io.File(((pathPrefix + java.lang.Integer.toString(counter)) + .png)): null

2018-12-14 09:51:32 - [TEST_STEP][PASSED] - Statement - counter = counter + 1: null

2018-12-14 09:51:32 - [TEST_STEP][PASSED] - Statement - PreSaveFile = new java.io.File(((pathPrefix + java.lang.Integer.toString(counter)) + .png)): null

2018-12-14 09:51:32 - [TEST_STEP][PASSED] - Statement - counter = counter + 1: null

2018-12-14 09:51:32 - [TEST_STEP][PASSED] - Statement - PreSaveFile = new java.io.File(((pathPrefix + java.lang.Integer.toString(counter)) + .png)): null

2018-12-14 09:51:32 - [TEST_STEP][PASSED] - Statement - counter = counter + 1: null

2018-12-14 09:51:32 - [TEST_STEP][PASSED] - Statement - PreSaveFile = new java.io.File(((pathPrefix + java.lang.Integer.toString(counter)) + .png)): null

2018-12-14 09:51:32 - [TEST_STEP][PASSED] - Statement - counter = counter + 1: null

2018-12-14 09:51:32 - [TEST_STEP][PASSED] - Statement - PreSaveFile = new java.io.File(((pathPrefix + java.lang.Integer.toString(counter)) + .png)): null

2018-12-14 09:51:32 - [TEST_STEP][PASSED] - Statement - counter = counter + 1: null

2018-12-14 09:51:32 - [TEST_STEP][PASSED] - Statement - PreSaveFile = new java.io.File(((pathPrefix + java.lang.Integer.toString(counter)) + .png)): null

2018-12-14 09:51:32 - [TEST_STEP][PASSED] - Statement - counter = counter + 1: null

2018-12-14 09:51:32 - [TEST_STEP][PASSED] - Statement - PreSaveFile = new java.io.File(((pathPrefix + java.lang.Integer.toString(counter)) + .png)): null

2018-12-14 09:51:32 - [TEST_STEP][PASSED] - Statement - counter = counter + 1: null

2018-12-14 09:51:32 - [TEST_STEP][PASSED] - Statement - PreSaveFile = new java.io.File(((pathPrefix + java.lang.Integer.toString(counter)) + .png)): null

2018-12-14 09:51:32 - [TEST_STEP][PASSED] - Statement - counter = counter + 1: null

2018-12-14 09:51:32 - [TEST_STEP][PASSED] - Statement - PreSaveFile = new java.io.File(((pathPrefix + java.lang.Integer.toString(counter)) + .png)): null

2018-12-14 09:51:32 - [TEST_STEP][PASSED] - Statement - counter = counter + 1: null

2018-12-14 09:51:32 - [TEST_STEP][PASSED] - Statement - PreSaveFile = new java.io.File(((pathPrefix + java.lang.Integer.toString(counter)) + .png)): null

2018-12-14 09:51:32 - [TEST_STEP][PASSED] - Statement - counter = counter + 1: null

2018-12-14 09:51:32 - [TEST_STEP][PASSED] - Statement - PreSaveFile = new java.io.File(((pathPrefix + java.lang.Integer.toString(counter)) + .png)): null

2018-12-14 09:51:32 - [TEST_STEP][PASSED] - Statement - counter = counter + 1: null

2018-12-14 09:51:32 - [TEST_STEP][PASSED] - Statement - PreSaveFile = new java.io.File(((pathPrefix + java.lang.Integer.toString(counter)) + .png)): null

2018-12-14 09:51:32 - [TEST_STEP][PASSED] - Statement - counter = counter + 1: null

2018-12-14 09:51:32 - [TEST_STEP][PASSED] - Statement - PreSaveFile = new java.io.File(((pathPrefix + java.lang.Integer.toString(counter)) + .png)): null

2018-12-14 09:51:32 - [TEST_STEP][PASSED] - Statement - counter = counter + 1: null

2018-12-14 09:51:32 - [TEST_STEP][PASSED] - Statement - PreSaveFile = new java.io.File(((pathPrefix + java.lang.Integer.toString(counter)) + .png)): null

2018-12-14 09:51:32 - [TEST_STEP][PASSED] - Statement - counter = counter + 1: null

2018-12-14 09:51:32 - [TEST_STEP][PASSED] - Statement - PreSaveFile = new java.io.File(((pathPrefix + java.lang.Integer.toString(counter)) + .png)): null

2018-12-14 09:51:32 - [TEST_STEP][PASSED] - Statement - counter = counter + 1: null

2018-12-14 09:51:32 - [TEST_STEP][PASSED] - Statement - PreSaveFile = new java.io.File(((pathPrefix + java.lang.Integer.toString(counter)) + .png)): null

2018-12-14 09:51:32 - [TEST_STEP][PASSED] - Statement - counter = counter + 1: null

2018-12-14 09:51:32 - [TEST_STEP][PASSED] - Statement - PreSaveFile = new java.io.File(((pathPrefix + java.lang.Integer.toString(counter)) + .png)): null

2018-12-14 09:51:32 - [TEST_STEP][PASSED] - Statement - counter = counter + 1: null

2018-12-14 09:51:32 - [TEST_STEP][PASSED] - Statement - PreSaveFile = new java.io.File(((pathPrefix + java.lang.Integer.toString(counter)) + .png)): null

2018-12-14 09:51:32 - [TEST_STEP][PASSED] - Statement - counter = counter + 1: null

2018-12-14 09:51:32 - [TEST_STEP][PASSED] - Statement - PreSaveFile = new java.io.File(((pathPrefix + java.lang.Integer.toString(counter)) + .png)): null

2018-12-14 09:51:32 - [TEST_STEP][PASSED] - Statement - counter = counter + 1: null

2018-12-14 09:51:32 - [TEST_STEP][PASSED] - Statement - PreSaveFile = new java.io.File(((pathPrefix + java.lang.Integer.toString(counter)) + .png)): null

2018-12-14 09:51:32 - [TEST_STEP][PASSED] - Statement - counter = counter + 1: null

2018-12-14 09:51:32 - [TEST_STEP][PASSED] - Statement - PreSaveFile = new java.io.File(((pathPrefix + java.lang.Integer.toString(counter)) + .png)): null

2018-12-14 09:51:32 - [TEST_STEP][PASSED] - Statement - counter = counter + 1: null

2018-12-14 09:51:32 - [TEST_STEP][PASSED] - Statement - PreSaveFile = new java.io.File(((pathPrefix + java.lang.Integer.toString(counter)) + .png)): null

2018-12-14 09:51:32 - [TEST_STEP][PASSED] - Statement - counter = counter + 1: null

2018-12-14 09:51:32 - [TEST_STEP][PASSED] - Statement - PreSaveFile = new java.io.File(((pathPrefix + java.lang.Integer.toString(counter)) + .png)): null

2018-12-14 09:51:32 - [TEST_STEP][PASSED] - Statement - counter = counter + 1: null

2018-12-14 09:51:32 - [TEST_STEP][PASSED] - Statement - PreSaveFile = new java.io.File(((pathPrefix + java.lang.Integer.toString(counter)) + .png)): null

2018-12-14 09:51:32 - [TEST_STEP][PASSED] - Statement - counter = counter + 1: null

2018-12-14 09:51:32 - [TEST_STEP][PASSED] - Statement - PreSaveFile = new java.io.File(((pathPrefix + java.lang.Integer.toString(counter)) + .png)): null

2018-12-14 09:51:32 - [TEST_STEP][PASSED] - Statement - counter = counter + 1: null

2018-12-14 09:51:32 - [TEST_STEP][PASSED] - Statement - PreSaveFile = new java.io.File(((pathPrefix + java.lang.Integer.toString(counter)) + .png)): null

2018-12-14 09:51:32 - [TEST_STEP][PASSED] - Statement - counter = counter + 1: null

2018-12-14 09:51:32 - [TEST_STEP][PASSED] - Statement - PreSaveFile = new java.io.File(((pathPrefix + java.lang.Integer.toString(counter)) + .png)): null

2018-12-14 09:51:32 - [TEST_STEP][PASSED] - Statement - counter = counter + 1: null

2018-12-14 09:51:32 - [TEST_STEP][PASSED] - Statement - PreSaveFile = new java.io.File(((pathPrefix + java.lang.Integer.toString(counter)) + .png)): null

2018-12-14 09:51:32 - [TEST_STEP][PASSED] - Statement - counter = counter + 1: null

2018-12-14 09:51:32 - [TEST_STEP][PASSED] - Statement - PreSaveFile = new java.io.File(((pathPrefix + java.lang.Integer.toString(counter)) + .png)): null

2018-12-14 09:51:32 - [TEST_STEP][PASSED] - Statement - counter = counter + 1: null

2018-12-14 09:51:32 - [TEST_STEP][PASSED] - Statement - PreSaveFile = new java.io.File(((pathPrefix + java.lang.Integer.toString(counter)) + .png)): null

2018-12-14 09:51:32 - [TEST_STEP][PASSED] - Statement - counter = counter + 1: null

2018-12-14 09:51:32 - [TEST_STEP][PASSED] - Statement - PreSaveFile = new java.io.File(((pathPrefix + java.lang.Integer.toString(counter)) + .png)): null

2018-12-14 09:51:32 - [TEST_STEP][PASSED] - Statement - counter = counter + 1: null

2018-12-14 09:51:32 - [TEST_STEP][PASSED] - Statement - PreSaveFile = new java.io.File(((pathPrefix + java.lang.Integer.toString(counter)) + .png)): null

2018-12-14 09:51:32 - [TEST_STEP][PASSED] - Statement - counter = counter + 1: null

2018-12-14 09:51:32 - [TEST_STEP][PASSED] - Statement - PreSaveFile = new java.io.File(((pathPrefix + java.lang.Integer.toString(counter)) + .png)): null

2018-12-14 09:51:32 - [TEST_STEP][PASSED] - Statement - counter = counter + 1: null

2018-12-14 09:51:32 - [TEST_STEP][PASSED] - Statement - PreSaveFile = new java.io.File(((pathPrefix + java.lang.Integer.toString(counter)) + .png)): null

2018-12-14 09:51:32 - [TEST_STEP][PASSED] - Statement - counter = counter + 1: null

2018-12-14 09:51:32 - [TEST_STEP][PASSED] - Statement - PreSaveFile = new java.io.File(((pathPrefix + java.lang.Integer.toString(counter)) + .png)): null

2018-12-14 09:51:32 - [TEST_STEP][PASSED] - Statement - counter = counter + 1: null

2018-12-14 09:51:32 - [TEST_STEP][PASSED] - Statement - PreSaveFile = new java.io.File(((pathPrefix + java.lang.Integer.toString(counter)) + .png)): null

2018-12-14 09:51:32 - [TEST_STEP][PASSED] - Statement - counter = counter + 1: null

2018-12-14 09:51:32 - [TEST_STEP][PASSED] - Statement - PreSaveFile = new java.io.File(((pathPrefix + java.lang.Integer.toString(counter)) + .png)): null

2018-12-14 09:51:32 - [TEST_STEP][PASSED] - Statement - counter = counter + 1: null

2018-12-14 09:51:32 - [TEST_STEP][PASSED] - Statement - PreSaveFile = new java.io.File(((pathPrefix + java.lang.Integer.toString(counter)) + .png)): null

2018-12-14 09:51:32 - [TEST_STEP][PASSED] - Statement - counter = counter + 1: null

2018-12-14 09:51:32 - [TEST_STEP][PASSED] - Statement - PreSaveFile = new java.io.File(((pathPrefix + java.lang.Integer.toString(counter)) + .png)): null

2018-12-14 09:51:32 - [TEST_STEP][PASSED] - Statement - counter = counter + 1: null

2018-12-14 09:51:32 - [TEST_STEP][PASSED] - Statement - PreSaveFile = new java.io.File(((pathPrefix + java.lang.Integer.toString(counter)) + .png)): null

2018-12-14 09:51:32 - [TEST_STEP][PASSED] - Statement - counter = counter + 1: null

2018-12-14 09:51:32 - [TEST_STEP][PASSED] - Statement - PreSaveFile = new java.io.File(((pathPrefix + java.lang.Integer.toString(counter)) + .png)): null

2018-12-14 09:51:32 - [TEST_STEP][PASSED] - Statement - counter = counter + 1: null

2018-12-14 09:51:32 - [TEST_STEP][PASSED] - Statement - PreSaveFile = new java.io.File(((pathPrefix + java.lang.Integer.toString(counter)) + .png)): null

2018-12-14 09:51:32 - [TEST_STEP][PASSED] - Statement - counter = counter + 1: null

2018-12-14 09:51:32 - [TEST_STEP][PASSED] - Statement - PreSaveFile = new java.io.File(((pathPrefix + java.lang.Integer.toString(counter)) + .png)): null

2018-12-14 09:51:32 - [TEST_STEP][PASSED] - Statement - counter = counter + 1: null

2018-12-14 09:51:32 - [TEST_STEP][PASSED] - Statement - PreSaveFile = new java.io.File(((pathPrefix + java.lang.Integer.toString(counter)) + .png)): null

2018-12-14 09:51:32 - [TEST_STEP][PASSED] - Statement - counter = counter + 1: null

2018-12-14 09:51:32 - [TEST_STEP][PASSED] - Statement - PreSaveFile = new java.io.File(((pathPrefix + java.lang.Integer.toString(counter)) + .png)): null

2018-12-14 09:51:32 - [TEST_STEP][PASSED] - Statement - counter = counter + 1: null

2018-12-14 09:51:32 - [TEST_STEP][PASSED] - Statement - PreSaveFile = new java.io.File(((pathPrefix + java.lang.Integer.toString(counter)) + .png)): null

2018-12-14 09:51:32 - [TEST_STEP][PASSED] - Statement - counter = counter + 1: null

2018-12-14 09:51:32 - [TEST_STEP][PASSED] - Statement - PreSaveFile = new java.io.File(((pathPrefix + java.lang.Integer.toString(counter)) + .png)): null

2018-12-14 09:51:32 - [TEST_STEP][PASSED] - Statement - counter = counter + 1: null

2018-12-14 09:51:32 - [TEST_STEP][PASSED] - Statement - PreSaveFile = new java.io.File(((pathPrefix + java.lang.Integer.toString(counter)) + .png)): null

2018-12-14 09:51:32 - [TEST_STEP][PASSED] - Statement - counter = counter + 1: null

2018-12-14 09:51:32 - [TEST_STEP][PASSED] - Statement - PreSaveFile = new java.io.File(((pathPrefix + java.lang.Integer.toString(counter)) + .png)): null

2018-12-14 09:51:32 - [TEST_STEP][PASSED] - Statement - counter = counter + 1: null

2018-12-14 09:51:32 - [TEST_STEP][PASSED] - Statement - PreSaveFile = new java.io.File(((pathPrefix + java.lang.Integer.toString(counter)) + .png)): null

2018-12-14 09:51:32 - [TEST_STEP][PASSED] - Statement - counter = counter + 1: null

2018-12-14 09:51:32 - [TEST_STEP][PASSED] - Statement - PreSaveFile = new java.io.File(((pathPrefix + java.lang.Integer.toString(counter)) + .png)): null

2018-12-14 09:51:32 - [TEST_STEP][PASSED] - Statement - counter = counter + 1: null

2018-12-14 09:51:32 - [TEST_STEP][PASSED] - Statement - PreSaveFile = new java.io.File(((pathPrefix + java.lang.Integer.toString(counter)) + .png)): null

2018-12-14 09:51:32 - [TEST_STEP][PASSED] - Statement - counter = counter + 1: null

2018-12-14 09:51:32 - [TEST_STEP][PASSED] - Statement - PreSaveFile = new java.io.File(((pathPrefix + java.lang.Integer.toString(counter)) + .png)): null

2018-12-14 09:51:32 - [TEST_STEP][PASSED] - Statement - counter = counter + 1: null

2018-12-14 09:51:32 - [TEST_STEP][PASSED] - Statement - PreSaveFile = new java.io.File(((pathPrefix + java.lang.Integer.toString(counter)) + .png)): null

2018-12-14 09:51:32 - [TEST_STEP][PASSED] - Statement - counter = counter + 1: null

2018-12-14 09:51:32 - [TEST_STEP][PASSED] - Statement - PreSaveFile = new java.io.File(((pathPrefix + java.lang.Integer.toString(counter)) + .png)): null

2018-12-14 09:51:32 - [TEST_STEP][PASSED] - Statement - counter = counter + 1: null

2018-12-14 09:51:32 - [TEST_STEP][PASSED] - Statement - PreSaveFile = new java.io.File(((pathPrefix + java.lang.Integer.toString(counter)) + .png)): null

2018-12-14 09:51:32 - [TEST_STEP][PASSED] - Statement - counter = counter + 1: null

2018-12-14 09:51:32 - [TEST_STEP][PASSED] - Statement - PreSaveFile = new java.io.File(((pathPrefix + java.lang.Integer.toString(counter)) + .png)): null

2018-12-14 09:51:32 - [TEST_STEP][PASSED] - Statement - counter = counter + 1: null

2018-12-14 09:51:32 - [TEST_STEP][PASSED] - Statement - PreSaveFile = new java.io.File(((pathPrefix + java.lang.Integer.toString(counter)) + .png)): null

2018-12-14 09:51:32 - [TEST_STEP][PASSED] - Statement - counter = counter + 1: null

2018-12-14 09:51:32 - [TEST_STEP][PASSED] - Statement - PreSaveFile = new java.io.File(((pathPrefix + java.lang.Integer.toString(counter)) + .png)): null

2018-12-14 09:51:32 - [TEST_STEP][PASSED] - Statement - counter = counter + 1: null

2018-12-14 09:51:32 - [TEST_STEP][PASSED] - Statement - PreSaveFile = new java.io.File(((pathPrefix + java.lang.Integer.toString(counter)) + .png)): null

2018-12-14 09:51:32 - [TEST_STEP][PASSED] - Statement - counter = counter + 1: null

2018-12-14 09:51:32 - [TEST_STEP][PASSED] - Statement - PreSaveFile = new java.io.File(((pathPrefix + java.lang.Integer.toString(counter)) + .png)): null

2018-12-14 09:51:32 - [TEST_STEP][PASSED] - Statement - counter = counter + 1: null

2018-12-14 09:51:32 - [TEST_STEP][PASSED] - Statement - PreSaveFile = new java.io.File(((pathPrefix + java.lang.Integer.toString(counter)) + .png)): null

2018-12-14 09:51:32 - [TEST_STEP][PASSED] - Statement - counter = counter + 1: null

2018-12-14 09:51:32 - [TEST_STEP][PASSED] - Statement - PreSaveFile = new java.io.File(((pathPrefix + java.lang.Integer.toString(counter)) + .png)): null

2018-12-14 09:51:32 - [TEST_STEP][PASSED] - Statement - counter = counter + 1: null

2018-12-14 09:51:32 - [TEST_STEP][PASSED] - Statement - PreSaveFile = new java.io.File(((pathPrefix + java.lang.Integer.toString(counter)) + .png)): null

2018-12-14 09:51:32 - [TEST_STEP][PASSED] - Statement - counter = counter + 1: null

2018-12-14 09:51:32 - [TEST_STEP][PASSED] - Statement - PreSaveFile = new java.io.File(((pathPrefix + java.lang.Integer.toString(counter)) + .png)): null

2018-12-14 09:51:32 - [TEST_STEP][PASSED] - Statement - counter = counter + 1: null

2018-12-14 09:51:32 - [TEST_STEP][PASSED] - Statement - PreSaveFile = new java.io.File(((pathPrefix + java.lang.Integer.toString(counter)) + .png)): null

2018-12-14 09:51:32 - [TEST_STEP][PASSED] - Statement - counter = counter + 1: null

2018-12-14 09:51:32 - [TEST_STEP][PASSED] - Statement - PreSaveFile = new java.io.File(((pathPrefix + java.lang.Integer.toString(counter)) + .png)): null

2018-12-14 09:51:32 - [TEST_STEP][PASSED] - Statement - counter = counter + 1: null

2018-12-14 09:51:32 - [TEST_STEP][PASSED] - Statement - PreSaveFile = new java.io.File(((pathPrefix + java.lang.Integer.toString(counter)) + .png)): null

2018-12-14 09:51:32 - [TEST_STEP][PASSED] - Statement - counter = counter + 1: null

2018-12-14 09:51:32 - [TEST_STEP][PASSED] - Statement - PreSaveFile = new java.io.File(((pathPrefix + java.lang.Integer.toString(counter)) + .png)): null

2018-12-14 09:51:32 - [TEST_STEP][PASSED] - Statement - counter = counter + 1: null

2018-12-14 09:51:32 - [TEST_STEP][PASSED] - Statement - PreSaveFile = new java.io.File(((pathPrefix + java.lang.Integer.toString(counter)) + .png)): null

2018-12-14 09:51:32 - [TEST_STEP][PASSED] - Statement - counter = counter + 1: null

2018-12-14 09:51:32 - [TEST_STEP][PASSED] - Statement - PreSaveFile = new java.io.File(((pathPrefix + java.lang.Integer.toString(counter)) + .png)): null

2018-12-14 09:51:32 - [TEST_STEP][PASSED] - Statement - counter = counter + 1: null

2018-12-14 09:51:32 - [TEST_STEP][PASSED] - Statement - PreSaveFile = new java.io.File(((pathPrefix + java.lang.Integer.toString(counter)) + .png)): null

2018-12-14 09:51:32 - [TEST_STEP][PASSED] - Statement - counter = counter + 1: null

2018-12-14 09:51:32 - [TEST_STEP][PASSED] - Statement - PreSaveFile = new java.io.File(((pathPrefix + java.lang.Integer.toString(counter)) + .png)): null

2018-12-14 09:51:32 - [TEST_STEP][PASSED] - Statement - counter = counter + 1: null

2018-12-14 09:51:32 - [TEST_STEP][PASSED] - Statement - PreSaveFile = new java.io.File(((pathPrefix + java.lang.Integer.toString(counter)) + .png)): null

2018-12-14 09:51:32 - [TEST_STEP][PASSED] - Statement - counter = counter + 1: null

2018-12-14 09:51:32 - [TEST_STEP][PASSED] - Statement - PreSaveFile = new java.io.File(((pathPrefix + java.lang.Integer.toString(counter)) + .png)): null

2018-12-14 09:51:32 - [TEST_STEP][PASSED] - Statement - counter = counter + 1: null

2018-12-14 09:51:32 - [TEST_STEP][PASSED] - Statement - PreSaveFile = new java.io.File(((pathPrefix + java.lang.Integer.toString(counter)) + .png)): null

2018-12-14 09:51:32 - [TEST_STEP][PASSED] - Statement - counter = counter + 1: null

2018-12-14 09:51:32 - [TEST_STEP][PASSED] - Statement - PreSaveFile = new java.io.File(((pathPrefix + java.lang.Integer.toString(counter)) + .png)): null

2018-12-14 09:51:32 - [TEST_STEP][PASSED] - Statement - counter = counter + 1: null

2018-12-14 09:51:32 - [TEST_STEP][PASSED] - Statement - PreSaveFile = new java.io.File(((pathPrefix + java.lang.Integer.toString(counter)) + .png)): null

2018-12-14 09:51:32 - [TEST_STEP][PASSED] - Statement - counter = counter + 1: null

2018-12-14 09:51:32 - [TEST_STEP][PASSED] - Statement - PreSaveFile = new java.io.File(((pathPrefix + java.lang.Integer.toString(counter)) + .png)): null

2018-12-14 09:51:32 - [TEST_STEP][PASSED] - Statement - counter = counter + 1: null

2018-12-14 09:51:32 - [TEST_STEP][PASSED] - Statement - PreSaveFile = new java.io.File(((pathPrefix + java.lang.Integer.toString(counter)) + .png)): null

2018-12-14 09:51:32 - [TEST_STEP][PASSED] - Statement - counter = counter + 1: null

2018-12-14 09:51:32 - [TEST_STEP][PASSED] - Statement - PreSaveFile = new java.io.File(((pathPrefix + java.lang.Integer.toString(counter)) + .png)): null

2018-12-14 09:51:32 - [TEST_STEP][PASSED] - Statement - counter = counter + 1: null

2018-12-14 09:51:32 - [TEST_STEP][PASSED] - Statement - PreSaveFile = new java.io.File(((pathPrefix + java.lang.Integer.toString(counter)) + .png)): null

2018-12-14 09:51:32 - [TEST_STEP][PASSED] - Statement - counter = counter + 1: null

2018-12-14 09:51:32 - [TEST_STEP][PASSED] - Statement - PreSaveFile = new java.io.File(((pathPrefix + java.lang.Integer.toString(counter)) + .png)): null

2018-12-14 09:51:32 - [TEST_STEP][PASSED] - Statement - counter = counter + 1: null

2018-12-14 09:51:32 - [TEST_STEP][PASSED] - Statement - PreSaveFile = new java.io.File(((pathPrefix + java.lang.Integer.toString(counter)) + .png)): null

2018-12-14 09:51:32 - [TEST_STEP][PASSED] - Statement - counter = counter + 1: null

2018-12-14 09:51:32 - [TEST_STEP][PASSED] - Statement - PreSaveFile = new java.io.File(((pathPrefix + java.lang.Integer.toString(counter)) + .png)): null

2018-12-14 09:51:32 - [TEST_STEP][PASSED] - Statement - counter = counter + 1: null

2018-12-14 09:51:32 - [TEST_STEP][PASSED] - Statement - PreSaveFile = new java.io.File(((pathPrefix + java.lang.Integer.toString(counter)) + .png)): null

2018-12-14 09:51:32 - [TEST_STEP][PASSED] - Statement - counter = counter + 1: null

2018-12-14 09:51:32 - [TEST_STEP][PASSED] - Statement - PreSaveFile = new java.io.File(((pathPrefix + java.lang.Integer.toString(counter)) + .png)): null

2018-12-14 09:51:32 - [TEST_STEP][PASSED] - Statement - counter = counter + 1: null

2018-12-14 09:51:32 - [TEST_STEP][PASSED] - Statement - PreSaveFile = new java.io.File(((pathPrefix + java.lang.Integer.toString(counter)) + .png)): null

2018-12-14 09:51:32 - [TEST_STEP][PASSED] - Statement - counter = counter + 1: null

2018-12-14 09:51:32 - [TEST_STEP][PASSED] - Statement - PreSaveFile = new java.io.File(((pathPrefix + java.lang.Integer.toString(counter)) + .png)): null

2018-12-14 09:51:32 - [TEST_STEP][PASSED] - Statement - counter = counter + 1: null

2018-12-14 09:51:32 - [TEST_STEP][PASSED] - Statement - PreSaveFile = new java.io.File(((pathPrefix + java.lang.Integer.toString(counter)) + .png)): null

2018-12-14 09:51:32 - [TEST_STEP][PASSED] - Statement - counter = counter + 1: null

2018-12-14 09:51:32 - [TEST_STEP][PASSED] - Statement - PreSaveFile = new java.io.File(((pathPrefix + java.lang.Integer.toString(counter)) + .png)): null

2018-12-14 09:51:32 - [TEST_STEP][PASSED] - Statement - counter = counter + 1: null

2018-12-14 09:51:32 - [TEST_STEP][PASSED] - Statement - PreSaveFile = new java.io.File(((pathPrefix + java.lang.Integer.toString(counter)) + .png)): null

2018-12-14 09:51:32 - [TEST_STEP][PASSED] - Statement - counter = counter + 1: null

2018-12-14 09:51:32 - [TEST_STEP][PASSED] - Statement - PreSaveFile = new java.io.File(((pathPrefix + java.lang.Integer.toString(counter)) + .png)): null

2018-12-14 09:51:32 - [TEST_STEP][PASSED] - Statement - counter = counter + 1: null

2018-12-14 09:51:32 - [TEST_STEP][PASSED] - Statement - PreSaveFile = new java.io.File(((pathPrefix + java.lang.Integer.toString(counter)) + .png)): null

2018-12-14 09:51:32 - [TEST_STEP][PASSED] - Statement - counter = counter + 1: null

2018-12-14 09:51:32 - [TEST_STEP][PASSED] - Statement - PreSaveFile = new java.io.File(((pathPrefix + java.lang.Integer.toString(counter)) + .png)): null

2018-12-14 09:51:32 - [TEST_STEP][PASSED] - Statement - counter = counter + 1: null

2018-12-14 09:51:32 - [TEST_STEP][PASSED] - Statement - PreSaveFile = new java.io.File(((pathPrefix + java.lang.Integer.toString(counter)) + .png)): null

2018-12-14 09:51:32 - [TEST_STEP][PASSED] - Statement - counter = counter + 1: null

2018-12-14 09:51:32 - [TEST_STEP][PASSED] - Statement - PreSaveFile = new java.io.File(((pathPrefix + java.lang.Integer.toString(counter)) + .png)): null

2018-12-14 09:51:32 - [TEST_STEP][PASSED] - Statement - counter = counter + 1: null

2018-12-14 09:51:32 - [TEST_STEP][PASSED] - Statement - PreSaveFile = new java.io.File(((pathPrefix + java.lang.Integer.toString(counter)) + .png)): null

2018-12-14 09:51:32 - [TEST_STEP][PASSED] - Statement - counter = counter + 1: null

2018-12-14 09:51:32 - [TEST_STEP][PASSED] - Statement - PreSaveFile = new java.io.File(((pathPrefix + java.lang.Integer.toString(counter)) + .png)): null

2018-12-14 09:51:32 - [TEST_STEP][PASSED] - Statement - counter = counter + 1: null

2018-12-14 09:51:32 - [TEST_STEP][PASSED] - Statement - PreSaveFile = new java.io.File(((pathPrefix + java.lang.Integer.toString(counter)) + .png)): null

2018-12-14 09:51:32 - [TEST_STEP][PASSED] - Statement - counter = counter + 1: null

2018-12-14 09:51:32 - [TEST_STEP][PASSED] - Statement - PreSaveFile = new java.io.File(((pathPrefix + java.lang.Integer.toString(counter)) + .png)): null

2018-12-14 09:51:32 - [TEST_STEP][PASSED] - Statement - counter = counter + 1: null

2018-12-14 09:51:32 - [TEST_STEP][PASSED] - Statement - PreSaveFile = new java.io.File(((pathPrefix + java.lang.Integer.toString(counter)) + .png)): null

2018-12-14 09:51:32 - [TEST_STEP][PASSED] - Statement - counter = counter + 1: null

2018-12-14 09:51:32 - [TEST_STEP][PASSED] - Statement - PreSaveFile = new java.io.File(((pathPrefix + java.lang.Integer.toString(counter)) + .png)): null

2018-12-14 09:51:32 - [TEST_STEP][PASSED] - Statement - counter = counter + 1: null

2018-12-14 09:51:32 - [TEST_STEP][PASSED] - Statement - PreSaveFile = new java.io.File(((pathPrefix + java.lang.Integer.toString(counter)) + .png)): null

2018-12-14 09:51:32 - [TEST_STEP][PASSED] - Statement - counter = counter + 1: null

2018-12-14 09:51:32 - [TEST_STEP][PASSED] - Statement - PreSaveFile = new java.io.File(((pathPrefix + java.lang.Integer.toString(counter)) + .png)): null

2018-12-14 09:51:32 - [TEST_STEP][PASSED] - Statement - counter = counter + 1: null

2018-12-14 09:51:32 - [TEST_STEP][PASSED] - Statement - PreSaveFile = new java.io.File(((pathPrefix + java.lang.Integer.toString(counter)) + .png)): null

2018-12-14 09:51:32 - [TEST_STEP][PASSED] - Statement - counter = counter + 1: null

2018-12-14 09:51:32 - [TEST_STEP][PASSED] - Statement - PreSaveFile = new java.io.File(((pathPrefix + java.lang.Integer.toString(counter)) + .png)): null

2018-12-14 09:51:32 - [TEST_STEP][PASSED] - Statement - counter = counter + 1: null

2018-12-14 09:51:32 - [TEST_STEP][PASSED] - Statement - PreSaveFile = new java.io.File(((pathPrefix + java.lang.Integer.toString(counter)) + .png)): null

2018-12-14 09:51:32 - [TEST_STEP][PASSED] - Statement - counter = counter + 1: null

2018-12-14 09:51:32 - [TEST_STEP][PASSED] - Statement - PreSaveFile = new java.io.File(((pathPrefix + java.lang.Integer.toString(counter)) + .png)): null

2018-12-14 09:51:32 - [TEST_STEP][PASSED] - Statement - counter = counter + 1: null

2018-12-14 09:51:32 - [TEST_STEP][PASSED] - Statement - PreSaveFile = new java.io.File(((pathPrefix + java.lang.Integer.toString(counter)) + .png)): null

2018-12-14 09:51:32 - [TEST_STEP][PASSED] - Statement - counter = counter + 1: null

2018-12-14 09:51:32 - [TEST_STEP][PASSED] - Statement - PreSaveFile = new java.io.File(((pathPrefix + java.lang.Integer.toString(counter)) + .png)): null

2018-12-14 09:51:32 - [TEST_STEP][PASSED] - Statement - counter = counter + 1: null

2018-12-14 09:51:32 - [TEST_STEP][PASSED] - Statement - PreSaveFile = new java.io.File(((pathPrefix + java.lang.Integer.toString(counter)) + .png)): null

2018-12-14 09:51:32 - [TEST_STEP][PASSED] - Statement - counter = counter + 1: null

2018-12-14 09:51:32 - [TEST_STEP][PASSED] - Statement - PreSaveFile = new java.io.File(((pathPrefix + java.lang.Integer.toString(counter)) + .png)): null

2018-12-14 09:51:32 - [TEST_STEP][PASSED] - Statement - counter = counter + 1: null

2018-12-14 09:51:32 - [TEST_STEP][PASSED] - Statement - PreSaveFile = new java.io.File(((pathPrefix + java.lang.Integer.toString(counter)) + .png)): null

2018-12-14 09:51:32 - [TEST_STEP][PASSED] - Statement - counter = counter + 1: null

2018-12-14 09:51:32 - [TEST_STEP][PASSED] - Statement - PreSaveFile = new java.io.File(((pathPrefix + java.lang.Integer.toString(counter)) + .png)): null

2018-12-14 09:51:32 - [TEST_STEP][PASSED] - Statement - counter = counter + 1: null

2018-12-14 09:51:32 - [TEST_STEP][PASSED] - Statement - PreSaveFile = new java.io.File(((pathPrefix + java.lang.Integer.toString(counter)) + .png)): null

2018-12-14 09:51:32 - [TEST_STEP][PASSED] - Statement - counter = counter + 1: null

2018-12-14 09:51:32 - [TEST_STEP][PASSED] - Statement - PreSaveFile = new java.io.File(((pathPrefix + java.lang.Integer.toString(counter)) + .png)): null

2018-12-14 09:51:32 - [TEST_STEP][PASSED] - Statement - counter = counter + 1: null

2018-12-14 09:51:32 - [TEST_STEP][PASSED] - Statement - PreSaveFile = new java.io.File(((pathPrefix + java.lang.Integer.toString(counter)) + .png)): null

2018-12-14 09:51:32 - [TEST_STEP][PASSED] - Statement - counter = counter + 1: null

2018-12-14 09:51:32 - [TEST_STEP][PASSED] - Statement - PreSaveFile = new java.io.File(((pathPrefix + java.lang.Integer.toString(counter)) + .png)): null

2018-12-14 09:51:32 - [TEST_STEP][PASSED] - Statement - counter = counter + 1: null

2018-12-14 09:51:32 - [TEST_STEP][PASSED] - Statement - PreSaveFile = new java.io.File(((pathPrefix + java.lang.Integer.toString(counter)) + .png)): null

2018-12-14 09:51:32 - [TEST_STEP][PASSED] - Statement - counter = counter + 1: null

2018-12-14 09:51:32 - [TEST_STEP][PASSED] - Statement - PreSaveFile = new java.io.File(((pathPrefix + java.lang.Integer.toString(counter)) + .png)): null

2018-12-14 09:51:32 - [TEST_STEP][PASSED] - Statement - counter = counter + 1: null

2018-12-14 09:51:32 - [TEST_STEP][PASSED] - Statement - PreSaveFile = new java.io.File(((pathPrefix + java.lang.Integer.toString(counter)) + .png)): null

2018-12-14 09:51:32 - [TEST_STEP][PASSED] - Statement - counter = counter + 1: null

2018-12-14 09:51:32 - [TEST_STEP][PASSED] - Statement - PreSaveFile = new java.io.File(((pathPrefix + java.lang.Integer.toString(counter)) + .png)): null

2018-12-14 09:51:32 - [TEST_STEP][PASSED] - Statement - counter = counter + 1: null

2018-12-14 09:51:32 - [TEST_STEP][PASSED] - Statement - PreSaveFile = new java.io.File(((pathPrefix + java.lang.Integer.toString(counter)) + .png)): null

2018-12-14 09:51:32 - [TEST_STEP][PASSED] - Statement - counter = counter + 1: null

2018-12-14 09:51:32 - [TEST_STEP][PASSED] - Statement - PreSaveFile = new java.io.File(((pathPrefix + java.lang.Integer.toString(counter)) + .png)): null

2018-12-14 09:51:32 - [TEST_STEP][PASSED] - Statement - counter = counter + 1: null

2018-12-14 09:51:32 - [TEST_STEP][PASSED] - Statement - PreSaveFile = new java.io.File(((pathPrefix + java.lang.Integer.toString(counter)) + .png)): null

2018-12-14 09:51:32 - [TEST_STEP][PASSED] - Statement - counter = counter + 1: null

2018-12-14 09:51:32 - [TEST_STEP][PASSED] - Statement - PreSaveFile = new java.io.File(((pathPrefix + java.lang.Integer.toString(counter)) + .png)): null

2018-12-14 09:51:32 - [TEST_STEP][PASSED] - Statement - counter = counter + 1: null

2018-12-14 09:51:32 - [TEST_STEP][PASSED] - Statement - PreSaveFile = new java.io.File(((pathPrefix + java.lang.Integer.toString(counter)) + .png)): null

2018-12-14 09:51:32 - [TEST_STEP][PASSED] - Statement - counter = counter + 1: null

2018-12-14 09:51:32 - [TEST_STEP][PASSED] - Statement - PreSaveFile = new java.io.File(((pathPrefix + java.lang.Integer.toString(counter)) + .png)): null

2018-12-14 09:51:32 - [TEST_STEP][PASSED] - Statement - counter = counter + 1: null

2018-12-14 09:51:32 - [TEST_STEP][PASSED] - Statement - PreSaveFile = new java.io.File(((pathPrefix + java.lang.Integer.toString(counter)) + .png)): null

2018-12-14 09:51:32 - [TEST_STEP][PASSED] - Statement - counter = counter + 1: null

2018-12-14 09:51:32 - [TEST_STEP][PASSED] - Statement - PreSaveFile = new java.io.File(((pathPrefix + java.lang.Integer.toString(counter)) + .png)): null

2018-12-14 09:51:32 - [TEST_STEP][PASSED] - Statement - counter = counter + 1: null

2018-12-14 09:51:32 - [TEST_STEP][PASSED] - Statement - PreSaveFile = new java.io.File(((pathPrefix + java.lang.Integer.toString(counter)) + .png)): null

2018-12-14 09:51:32 - [TEST_STEP][PASSED] - Statement - counter = counter + 1: null

2018-12-14 09:51:32 - [TEST_STEP][PASSED] - Statement - PreSaveFile = new java.io.File(((pathPrefix + java.lang.Integer.toString(counter)) + .png)): null

2018-12-14 09:51:32 - [TEST_STEP][PASSED] - Statement - counter = counter + 1: null

2018-12-14 09:51:32 - [TEST_STEP][PASSED] - Statement - PreSaveFile = new java.io.File(((pathPrefix + java.lang.Integer.toString(counter)) + .png)): null

2018-12-14 09:51:32 - [TEST_STEP][PASSED] - Statement - counter = counter + 1: null

2018-12-14 09:51:32 - [TEST_STEP][PASSED] - Statement - PreSaveFile = new java.io.File(((pathPrefix + java.lang.Integer.toString(counter)) + .png)): null

2018-12-14 09:51:32 - [TEST_STEP][PASSED] - Statement - counter = counter + 1: null

2018-12-14 09:51:32 - [TEST_STEP][PASSED] - Statement - PreSaveFile = new java.io.File(((pathPrefix + java.lang.Integer.toString(counter)) + .png)): null

2018-12-14 09:51:32 - [TEST_STEP][PASSED] - Statement - counter = counter + 1: null

2018-12-14 09:51:32 - [TEST_STEP][PASSED] - Statement - PreSaveFile = new java.io.File(((pathPrefix + java.lang.Integer.toString(counter)) + .png)): null

2018-12-14 09:51:32 - [TEST_STEP][PASSED] - Statement - counter = counter + 1: null

2018-12-14 09:51:32 - [TEST_STEP][PASSED] - Statement - PreSaveFile = new java.io.File(((pathPrefix + java.lang.Integer.toString(counter)) + .png)): null

2018-12-14 09:51:32 - [TEST_STEP][PASSED] - Statement - counter = counter + 1: null

2018-12-14 09:51:32 - [TEST_STEP][PASSED] - Statement - PreSaveFile = new java.io.File(((pathPrefix + java.lang.Integer.toString(counter)) + .png)): null

2018-12-14 09:51:32 - [TEST_STEP][PASSED] - Statement - counter = counter + 1: null

2018-12-14 09:51:32 - [TEST_STEP][PASSED] - Statement - PreSaveFile = new java.io.File(((pathPrefix + java.lang.Integer.toString(counter)) + .png)): null

2018-12-14 09:51:32 - [TEST_STEP][PASSED] - Statement - counter = counter + 1: null

2018-12-14 09:51:32 - [TEST_STEP][PASSED] - Statement - PreSaveFile = new java.io.File(((pathPrefix + java.lang.Integer.toString(counter)) + .png)): null

2018-12-14 09:51:32 - [TEST_STEP][PASSED] - Statement - counter = counter + 1: null

2018-12-14 09:51:32 - [TEST_STEP][PASSED] - Statement - PreSaveFile = new java.io.File(((pathPrefix + java.lang.Integer.toString(counter)) + .png)): null

2018-12-14 09:51:32 - [TEST_STEP][PASSED] - Statement - counter = counter + 1: null

2018-12-14 09:51:32 - [TEST_STEP][PASSED] - Statement - PreSaveFile = new java.io.File(((pathPrefix + java.lang.Integer.toString(counter)) + .png)): null

2018-12-14 09:51:32 - [TEST_STEP][PASSED] - Statement - counter = counter + 1: null

2018-12-14 09:51:32 - [TEST_STEP][PASSED] - Statement - PreSaveFile = new java.io.File(((pathPrefix + java.lang.Integer.toString(counter)) + .png)): null

2018-12-14 09:51:32 - [TEST_STEP][PASSED] - Statement - counter = counter + 1: null

2018-12-14 09:51:32 - [TEST_STEP][PASSED] - Statement - PreSaveFile = new java.io.File(((pathPrefix + java.lang.Integer.toString(counter)) + .png)): null

2018-12-14 09:51:32 - [TEST_STEP][PASSED] - Statement - counter = counter + 1: null

2018-12-14 09:51:32 - [TEST_STEP][PASSED] - Statement - PreSaveFile = new java.io.File(((pathPrefix + java.lang.Integer.toString(counter)) + .png)): null

2018-12-14 09:51:32 - [TEST_STEP][PASSED] - Statement - counter = counter + 1: null

2018-12-14 09:51:32 - [TEST_STEP][PASSED] - Statement - PreSaveFile = new java.io.File(((pathPrefix + java.lang.Integer.toString(counter)) + .png)): null

2018-12-14 09:51:32 - [TEST_STEP][PASSED] - Statement - counter = counter + 1: null

2018-12-14 09:51:32 - [TEST_STEP][PASSED] - Statement - PreSaveFile = new java.io.File(((pathPrefix + java.lang.Integer.toString(counter)) + .png)): null

2018-12-14 09:51:32 - [TEST_STEP][PASSED] - Statement - counter = counter + 1: null

2018-12-14 09:51:32 - [TEST_STEP][PASSED] - Statement - PreSaveFile = new java.io.File(((pathPrefix + java.lang.Integer.toString(counter)) + .png)): null

2018-12-14 09:51:32 - [TEST_STEP][PASSED] - Statement - counter = counter + 1: null

2018-12-14 09:51:32 - [TEST_STEP][PASSED] - Statement - PreSaveFile = new java.io.File(((pathPrefix + java.lang.Integer.toString(counter)) + .png)): null

2018-12-14 09:51:32 - [TEST_STEP][PASSED] - Statement - counter = counter + 1: null

2018-12-14 09:51:32 - [TEST_STEP][PASSED] - Statement - PreSaveFile = new java.io.File(((pathPrefix + java.lang.Integer.toString(counter)) + .png)): null

2018-12-14 09:51:32 - [TEST_STEP][PASSED] - Statement - counter = counter + 1: null

2018-12-14 09:51:32 - [TEST_STEP][PASSED] - Statement - PreSaveFile = new java.io.File(((pathPrefix + java.lang.Integer.toString(counter)) + .png)): null

2018-12-14 09:51:32 - [TEST_STEP][PASSED] - Statement - counter = counter + 1: null

2018-12-14 09:51:32 - [TEST_STEP][PASSED] - Statement - PreSaveFile = new java.io.File(((pathPrefix + java.lang.Integer.toString(counter)) + .png)): null

2018-12-14 09:51:32 - [TEST_STEP][PASSED] - Statement - counter = counter + 1: null

2018-12-14 09:51:32 - [TEST_STEP][PASSED] - Statement - PreSaveFile = new java.io.File(((pathPrefix + java.lang.Integer.toString(counter)) + .png)): null

2018-12-14 09:51:32 - [TEST_STEP][PASSED] - Statement - counter = counter + 1: null

2018-12-14 09:51:32 - [TEST_STEP][PASSED] - Statement - PreSaveFile = new java.io.File(((pathPrefix + java.lang.Integer.toString(counter)) + .png)): null

2018-12-14 09:51:32 - [TEST_STEP][PASSED] - Statement - counter = counter + 1: null

2018-12-14 09:51:32 - [TEST_STEP][PASSED] - Statement - PreSaveFile = new java.io.File(((pathPrefix + java.lang.Integer.toString(counter)) + .png)): null

2018-12-14 09:51:32 - [TEST_STEP][PASSED] - Statement - counter = counter + 1: null

2018-12-14 09:51:32 - [TEST_STEP][PASSED] - Statement - PreSaveFile = new java.io.File(((pathPrefix + java.lang.Integer.toString(counter)) + .png)): null

2018-12-14 09:51:32 - [TEST_STEP][PASSED] - Statement - counter = counter + 1: null

2018-12-14 09:51:32 - [TEST_STEP][PASSED] - Statement - PreSaveFile = new java.io.File(((pathPrefix + java.lang.Integer.toString(counter)) + .png)): null

2018-12-14 09:51:32 - [TEST_STEP][PASSED] - Statement - counter = counter + 1: null

2018-12-14 09:51:32 - [TEST_STEP][PASSED] - Statement - PreSaveFile = new java.io.File(((pathPrefix + java.lang.Integer.toString(counter)) + .png)): null

2018-12-14 09:51:32 - [TEST_STEP][PASSED] - Statement - counter = counter + 1: null

2018-12-14 09:51:32 - [TEST_STEP][PASSED] - Statement - PreSaveFile = new java.io.File(((pathPrefix + java.lang.Integer.toString(counter)) + .png)): null

2018-12-14 09:51:32 - [TEST_STEP][PASSED] - Statement - counter = counter + 1: null

2018-12-14 09:51:32 - [TEST_STEP][PASSED] - Statement - PreSaveFile = new java.io.File(((pathPrefix + java.lang.Integer.toString(counter)) + .png)): null

2018-12-14 09:51:32 - [TEST_STEP][PASSED] - Statement - counter = counter + 1: null

2018-12-14 09:51:32 - [TEST_STEP][PASSED] - Statement - PreSaveFile = new java.io.File(((pathPrefix + java.lang.Integer.toString(counter)) + .png)): null

2018-12-14 09:51:32 - [TEST_STEP][PASSED] - Statement - counter = counter + 1: null

2018-12-14 09:51:32 - [TEST_STEP][PASSED] - Statement - PreSaveFile = new java.io.File(((pathPrefix + java.lang.Integer.toString(counter)) + .png)): null

2018-12-14 09:51:32 - [TEST_STEP][PASSED] - Statement - counter = counter + 1: null

2018-12-14 09:51:32 - [TEST_STEP][PASSED] - Statement - PreSaveFile = new java.io.File(((pathPrefix + java.lang.Integer.toString(counter)) + .png)): null

2018-12-14 09:51:32 - [TEST_STEP][PASSED] - Statement - counter = counter + 1: null

2018-12-14 09:51:32 - [TEST_STEP][PASSED] - Statement - PreSaveFile = new java.io.File(((pathPrefix + java.lang.Integer.toString(counter)) + .png)): null

2018-12-14 09:51:32 - [TEST_STEP][PASSED] - Statement - counter = counter + 1: null

2018-12-14 09:51:32 - [TEST_STEP][PASSED] - Statement - PreSaveFile = new java.io.File(((pathPrefix + java.lang.Integer.toString(counter)) + .png)): null

2018-12-14 09:51:32 - [TEST_STEP][PASSED] - Statement - counter = counter + 1: null

2018-12-14 09:51:32 - [TEST_STEP][PASSED] - Statement - PreSaveFile = new java.io.File(((pathPrefix + java.lang.Integer.toString(counter)) + .png)): null

2018-12-14 09:51:32 - [TEST_STEP][PASSED] - Statement - counter = counter + 1: null

2018-12-14 09:51:32 - [TEST_STEP][PASSED] - Statement - PreSaveFile = new java.io.File(((pathPrefix + java.lang.Integer.toString(counter)) + .png)): null

2018-12-14 09:51:32 - [TEST_STEP][PASSED] - Statement - counter = counter + 1: null

2018-12-14 09:51:32 - [TEST_STEP][PASSED] - Statement - PreSaveFile = new java.io.File(((pathPrefix + java.lang.Integer.toString(counter)) + .png)): null

2018-12-14 09:51:32 - [TEST_STEP][PASSED] - Statement - counter = counter + 1: null

2018-12-14 09:51:32 - [TEST_STEP][PASSED] - Statement - PreSaveFile = new java.io.File(((pathPrefix + java.lang.Integer.toString(counter)) + .png)): null

2018-12-14 09:51:32 - [TEST_STEP][PASSED] - Statement - counter = counter + 1: null

2018-12-14 09:51:32 - [TEST_STEP][PASSED] - Statement - PreSaveFile = new java.io.File(((pathPrefix + java.lang.Integer.toString(counter)) + .png)): null

2018-12-14 09:51:32 - [TEST_STEP][PASSED] - Statement - counter = counter + 1: null

2018-12-14 09:51:32 - [TEST_STEP][PASSED] - Statement - PreSaveFile = new java.io.File(((pathPrefix + java.lang.Integer.toString(counter)) + .png)): null

2018-12-14 09:51:32 - [TEST_STEP][PASSED] - Statement - counter = counter + 1: null

2018-12-14 09:51:32 - [TEST_STEP][PASSED] - Statement - PreSaveFile = new java.io.File(((pathPrefix + java.lang.Integer.toString(counter)) + .png)): null

2018-12-14 09:51:32 - [TEST_STEP][PASSED] - Statement - counter = counter + 1: null

2018-12-14 09:51:32 - [TEST_STEP][PASSED] - Statement - PreSaveFile = new java.io.File(((pathPrefix + java.lang.Integer.toString(counter)) + .png)): null

2018-12-14 09:51:32 - [TEST_STEP][PASSED] - Statement - counter = counter + 1: null

2018-12-14 09:51:32 - [TEST_STEP][PASSED] - Statement - PreSaveFile = new java.io.File(((pathPrefix + java.lang.Integer.toString(counter)) + .png)): null

2018-12-14 09:51:32 - [TEST_STEP][PASSED] - Statement - counter = counter + 1: null

2018-12-14 09:51:32 - [TEST_STEP][PASSED] - Statement - PreSaveFile = new java.io.File(((pathPrefix + java.lang.Integer.toString(counter)) + .png)): null

2018-12-14 09:51:32 - [TEST_STEP][PASSED] - Statement - counter = counter + 1: null

2018-12-14 09:51:32 - [TEST_STEP][PASSED] - Statement - PreSaveFile = new java.io.File(((pathPrefix + java.lang.Integer.toString(counter)) + .png)): null

2018-12-14 09:51:32 - [TEST_STEP][PASSED] - Statement - counter = counter + 1: null

2018-12-14 09:51:32 - [TEST_STEP][PASSED] - Statement - PreSaveFile = new java.io.File(((pathPrefix + java.lang.Integer.toString(counter)) + .png)): null

2018-12-14 09:51:32 - [TEST_STEP][PASSED] - Statement - counter = counter + 1: null

2018-12-14 09:51:32 - [TEST_STEP][PASSED] - Statement - PreSaveFile = new java.io.File(((pathPrefix + java.lang.Integer.toString(counter)) + .png)): null

2018-12-14 09:51:32 - [TEST_STEP][PASSED] - Statement - counter = counter + 1: null

2018-12-14 09:51:32 - [TEST_STEP][PASSED] - Statement - PreSaveFile = new java.io.File(((pathPrefix + java.lang.Integer.toString(counter)) + .png)): null

2018-12-14 09:51:32 - [TEST_STEP][PASSED] - Statement - counter = counter + 1: null

2018-12-14 09:51:32 - [TEST_STEP][PASSED] - Statement - PreSaveFile = new java.io.File(((pathPrefix + java.lang.Integer.toString(counter)) + .png)): null

2018-12-14 09:51:32 - [TEST_STEP][PASSED] - Statement - counter = counter + 1: null

2018-12-14 09:51:32 - [TEST_STEP][PASSED] - Statement - PreSaveFile = new java.io.File(((pathPrefix + java.lang.Integer.toString(counter)) + .png)): null

2018-12-14 09:51:32 - [TEST_STEP][PASSED] - Statement - counter = counter + 1: null

2018-12-14 09:51:32 - [TEST_STEP][PASSED] - Statement - PreSaveFile = new java.io.File(((pathPrefix + java.lang.Integer.toString(counter)) + .png)): null

2018-12-14 09:51:32 - [TEST_STEP][PASSED] - Statement - counter = counter + 1: null

2018-12-14 09:51:32 - [TEST_STEP][PASSED] - Statement - PreSaveFile = new java.io.File(((pathPrefix + java.lang.Integer.toString(counter)) + .png)): null

2018-12-14 09:51:32 - [TEST_STEP][PASSED] - Statement - counter = counter + 1: null

2018-12-14 09:51:32 - [TEST_STEP][PASSED] - Statement - PreSaveFile = new java.io.File(((pathPrefix + java.lang.Integer.toString(counter)) + .png)): null

2018-12-14 09:51:32 - [TEST_STEP][PASSED] - Statement - counter = counter + 1: null

2018-12-14 09:51:32 - [TEST_STEP][PASSED] - Statement - PreSaveFile = new java.io.File(((pathPrefix + java.lang.Integer.toString(counter)) + .png)): null

2018-12-14 09:51:32 - [TEST_STEP][PASSED] - Statement - counter = counter + 1: null

2018-12-14 09:51:32 - [TEST_STEP][PASSED] - Statement - PreSaveFile = new java.io.File(((pathPrefix + java.lang.Integer.toString(counter)) + .png)): null

2018-12-14 09:51:32 - [TEST_STEP][PASSED] - Statement - counter = counter + 1: null

2018-12-14 09:51:32 - [TEST_STEP][PASSED] - Statement - PreSaveFile = new java.io.File(((pathPrefix + java.lang.Integer.toString(counter)) + .png)): null

2018-12-14 09:51:32 - [TEST_STEP][PASSED] - Statement - counter = counter + 1: null

2018-12-14 09:51:32 - [TEST_STEP][PASSED] - Statement - PreSaveFile = new java.io.File(((pathPrefix + java.lang.Integer.toString(counter)) + .png)): null

2018-12-14 09:51:32 - [TEST_STEP][PASSED] - Statement - counter = counter + 1: null

2018-12-14 09:51:32 - [TEST_STEP][PASSED] - Statement - PreSaveFile = new java.io.File(((pathPrefix + java.lang.Integer.toString(counter)) + .png)): null

2018-12-14 09:51:32 - [TEST_STEP][PASSED] - Statement - counter = counter + 1: null

2018-12-14 09:51:32 - [TEST_STEP][PASSED] - Statement - PreSaveFile = new java.io.File(((pathPrefix + java.lang.Integer.toString(counter)) + .png)): null

2018-12-14 09:51:32 - [TEST_STEP][PASSED] - Statement - counter = counter + 1: null

2018-12-14 09:51:32 - [TEST_STEP][PASSED] - Statement - PreSaveFile = new java.io.File(((pathPrefix + java.lang.Integer.toString(counter)) + .png)): null

2018-12-14 09:51:32 - [TEST_STEP][PASSED] - Statement - counter = counter + 1: null

2018-12-14 09:51:32 - [TEST_STEP][PASSED] - Statement - PreSaveFile = new java.io.File(((pathPrefix + java.lang.Integer.toString(counter)) + .png)): null

2018-12-14 09:51:32 - [TEST_STEP][PASSED] - Statement - counter = counter + 1: null

2018-12-14 09:51:32 - [TEST_STEP][PASSED] - Statement - PreSaveFile = new java.io.File(((pathPrefix + java.lang.Integer.toString(counter)) + .png)): null

2018-12-14 09:51:32 - [TEST_STEP][PASSED] - Statement - counter = counter + 1: null

2018-12-14 09:51:32 - [TEST_STEP][PASSED] - Statement - PreSaveFile = new java.io.File(((pathPrefix + java.lang.Integer.toString(counter)) + .png)): null

2018-12-14 09:51:32 - [TEST_STEP][PASSED] - Statement - counter = counter + 1: null

2018-12-14 09:51:32 - [TEST_STEP][PASSED] - Statement - PreSaveFile = new java.io.File(((pathPrefix + java.lang.Integer.toString(counter)) + .png)): null

2018-12-14 09:51:32 - [TEST_STEP][PASSED] - Statement - finalPath = pathPrefix + java.lang.Integer.toString(counter) + ".png": null

2018-12-14 09:51:32 - [TEST_STEP][PASSED] - Statement - SaveFile = new java.io.File(finalPath): null

2018-12-14 09:51:32 - [TEST_STEP][PASSED] - Statement - Try: null

2018-12-14 09:51:32 - [TEST_STEP][PASSED] - Statement - org.apache.commons.io.FileUtils.copyFile(scrFile, SaveFile): null

2018-12-14 09:51:33 - [TEST_STEP][PASSED] - Statement - out.println("file kept"): null

2018-12-14 09:51:33 - [TEST_STEP][PASSED] - delay: Delayed 10 second(s)

2018-12-14 09:51:43 - [MESSAGE][PASSED] - Delayed 10 second(s)

2018-12-14 09:51:43 - [MESSAGE][PASSED] - Call Test Case 'Test Cases/Final Aug 2018 - PKS Automation/Registration Module/New Registration/Submit and Screenshot/Submit Registration and Screenshot - Copy' successfully

2018-12-14 09:51:43 - [TEST_STEP][PASSED] - Statement - UpdateAddNewECode = com.kms.katalon.core.webui.keyword.WebUiBuiltInKeywords.getText(com.kms.katalon.core.testobject.ObjectRepository.findTestObject(Object Repository/Final Object Repo/Page_Update Add New Employee - ASSIST/getEmpCode)): Text of object 'Object Repository/Final Object Repo/Page_Update Add New Employee - ASSIST/getEmpCode' is: 'E1102070885B'

2018-12-14 09:51:43 - [MESSAGE][PASSED] - Text of object 'Object Repository/Final Object Repo/Page_Update Add New Employee - ASSIST/getEmpCode' is: 'E1102070885B'

2018-12-14 09:51:43 - [TEST_STEP][PASSED] - callTestCase: Call Test Case 'Test Cases/Final Aug 2018 - PKS Automation/Common/Emp Code Setter' successfully

2018-12-14 09:51:43 - [TEST_CASE][PASSED] - Test Cases/Final Aug 2018 - PKS Automation/Common/Emp Code Setter: Test Cases/Final Aug 2018 - PKS Automation/Common/Emp Code Setter

2018-12-14 09:51:43 - [TEST_STEP][PASSED] - Statement - EmpCodeOld = new java.io.File(C://Users//Admin//Desktop//PKS//Automation Reference Point//EmpCode.txt): null

2018-12-14 09:51:43 - [TEST_STEP][PASSED] - Statement - EmpCodeOld.delete(): null

2018-12-14 09:51:43 - [TEST_STEP][PASSED] - Statement - EmpCode = new java.io.File(C://Users//Admin//Desktop//PKS//Automation Reference Point//EmpCode.txt): null

2018-12-14 09:51:43 - [TEST_STEP][PASSED] - Statement - f2 = new java.io.FileWriter(EmpCode, false): null

2018-12-14 09:51:43 - [TEST_STEP][PASSED] - Statement - f2.write(UpdateAddNewECode): null

2018-12-14 09:51:43 - [TEST_STEP][PASSED] - Statement - f2.close(): null

2018-12-14 09:51:43 - [TEST_STEP][PASSED] - Statement - out.println("


" + UpdateAddNewECode + "


"): null

2018-12-14 09:51:43 - [MESSAGE][PASSED] - Call Test Case 'Test Cases/Final Aug 2018 - PKS Automation/Common/Emp Code Setter' successfully

2018-12-14 09:51:43 - [MESSAGE][PASSED] - Call Test Case 'Test Cases/Final Aug 2018 - PKS Automation/Registration Module/Workflow/Update Add New Employee/Template/New Company for Update Add New - Employer' successfully

2018-12-14 09:51:43 - [TEST_STEP][PASSED] - callTestCase: Call Test Case 'Test Cases/Final Aug 2018 - PKS Automation/Create Employer Acc/Login to Employer Account (Second time)' successfully

2018-12-14 09:51:43 - [TEST_CASE][PASSED] - Test Cases/Final Aug 2018 - PKS Automation/Create Employer Acc/Login to Employer Account (Second time): Test Cases/Final Aug 2018 - PKS Automation/Create Employer Acc/Login to Employer Account (Second time)

2018-12-14 09:51:43 - [TEST_STEP][PASSED] - openBrowser: Browser is opened with url: ''

2018-12-14 09:51:43 - [MESSAGE][WARNING] - A browser is already opened. Closing browser and opening a new one

2018-12-14 09:51:46 - [MESSAGE][PASSED] - Browser is opened with url: ''

2018-12-14 09:51:46 - [TEST_STEP][PASSED] - navigateToUrl: Navigate to 'https://assist2-uat.perkeso.gov.my/employer/login' successfully

2018-12-14 09:51:48 - [MESSAGE][PASSED] - Navigate to 'https://assist2-uat.perkeso.gov.my/employer/login' successfully

2018-12-14 09:51:48 - [TEST_STEP][PASSED] - delay: Delayed 3 second(s)

2018-12-14 09:51:51 - [MESSAGE][PASSED] - Delayed 3 second(s)

2018-12-14 09:51:51 - [TEST_STEP][PASSED] - callTestCase: Call Test Case 'Test Cases/Final Aug 2018 - PKS Automation/Create Employer Acc/Template/Employer Email Getter' successfully

2018-12-14 09:51:51 - [TEST_CASE][PASSED] - Test Cases/Final Aug 2018 - PKS Automation/Create Employer Acc/Template/Employer Email Getter: Test Cases/Final Aug 2018 - PKS Automation/Create Employer Acc/Template/Employer Email Getter

2018-12-14 09:51:51 - [TEST_STEP][PASSED] - Statement - Try: null

2018-12-14 09:51:51 - [TEST_STEP][PASSED] - Statement - EmpEmail = new java.io.File(C://Users//Admin//Desktop//PKS//Automation Reference Point//EmpEmail.txt): null

2018-12-14 09:51:51 - [TEST_STEP][PASSED] - Statement - bufferread = new java.io.BufferedReader(new java.io.FileReader(EmpEmail)): null

2018-12-14 09:51:51 - [TEST_STEP][PASSED] - Statement - readedVal = bufferread.readLine(): null

2018-12-14 09:51:51 - [TEST_STEP][PASSED] - Statement - out.println(readedVal): null

2018-12-14 09:51:51 - [TEST_STEP][PASSED] - Statement - Email = readedVal: null

2018-12-14 09:51:51 - [MESSAGE][PASSED] - Call Test Case 'Test Cases/Final Aug 2018 - PKS Automation/Create Employer Acc/Template/Employer Email Getter' successfully

2018-12-14 09:51:51 - [TEST_STEP][PASSED] - setText: Text 'perkeso518133335366@gmail.com' is set on object 'Object Repository/Final Object Repo/Login Page/External Login Page/Email'

2018-12-14 09:51:51 - [MESSAGE][PASSED] - Text 'perkeso518133335366@gmail.com' is set on object 'Object Repository/Final Object Repo/Login Page/External Login Page/Email'

2018-12-14 09:51:51 - [TEST_STEP][PASSED] - click: Object: 'Object Repository/Final Object Repo/Login Page/External Login Page/Next' is clicked on

2018-12-14 09:51:51 - [MESSAGE][PASSED] - Object: 'Object Repository/Final Object Repo/Login Page/External Login Page/Next' is clicked on

2018-12-14 09:51:51 - [TEST_STEP][PASSED] - delay: Delayed 3 second(s)

2018-12-14 09:51:54 - [MESSAGE][PASSED] - Delayed 3 second(s)

2018-12-14 09:51:54 - [TEST_STEP][PASSED] - setEncryptedText: Text ****** has been set on object 'Object Repository/Final Object Repo/Login Page/External Login Page/Password'

2018-12-14 09:51:54 - [MESSAGE][PASSED] - Text ****** has been set on object 'Object Repository/Final Object Repo/Login Page/External Login Page/Password'

2018-12-14 09:51:54 - [TEST_STEP][PASSED] - click: Object: 'Object Repository/Final Object Repo/Login Page/External Login Page/Login' is clicked on

2018-12-14 09:51:55 - [MESSAGE][PASSED] - Object: 'Object Repository/Final Object Repo/Login Page/External Login Page/Login' is clicked on

2018-12-14 09:51:55 - [TEST_STEP][PASSED] - delay: Delayed 5 second(s)

2018-12-14 09:52:00 - [MESSAGE][PASSED] - Delayed 5 second(s)

2018-12-14 09:52:00 - [MESSAGE][PASSED] - Call Test Case 'Test Cases/Final Aug 2018 - PKS Automation/Create Employer Acc/Login to Employer Account (Second time)' successfully

2018-12-14 09:52:00 - [TEST_STEP][PASSED] - navigateToUrl: Navigate to 'https://assist2-uat.perkeso.gov.my/web/registration/update/form-1a-cessation-as-employer-discontinue-business-' successfully

2018-12-14 09:52:01 - [MESSAGE][PASSED] - Navigate to 'https://assist2-uat.perkeso.gov.my/web/registration/update/form-1a-cessation-as-employer-discontinue-business-' successfully

2018-12-14 09:52:01 - [TEST_STEP][PASSED] - callTestCase: Call Test Case 'Test Cases/Final Aug 2018 - PKS Automation/Common/Emp Code Getter' successfully

2018-12-14 09:52:01 - [TEST_CASE][PASSED] - Test Cases/Final Aug 2018 - PKS Automation/Common/Emp Code Getter: Test Cases/Final Aug 2018 - PKS Automation/Common/Emp Code Getter

2018-12-14 09:52:02 - [TEST_STEP][PASSED] - Statement - Try: null

2018-12-14 09:52:02 - [TEST_STEP][PASSED] - Statement - EmpCode = new java.io.File(C://Users//Admin//Desktop//PKS//Automation Reference Point//EmpCode.txt): null

2018-12-14 09:52:02 - [TEST_STEP][PASSED] - Statement - bufferread = new java.io.BufferedReader(new java.io.FileReader(EmpCode)): null

2018-12-14 09:52:02 - [TEST_STEP][PASSED] - Statement - readedVal = bufferread.readLine(): null

2018-12-14 09:52:02 - [TEST_STEP][PASSED] - Statement - out.println(readedVal): null

2018-12-14 09:52:02 - [TEST_STEP][PASSED] - Statement - UpdateAddNewECode = readedVal: null

2018-12-14 09:52:02 - [MESSAGE][PASSED] - Call Test Case 'Test Cases/Final Aug 2018 - PKS Automation/Common/Emp Code Getter' successfully

2018-12-14 09:52:02 - [TEST_STEP][PASSED] - setText: Text 'E1102070885B' is set on object 'Object Repository/Final Object Repo/Page_Update Employer Information/Employer Code'

2018-12-14 09:52:02 - [MESSAGE][PASSED] - Text 'E1102070885B' is set on object 'Object Repository/Final Object Repo/Page_Update Employer Information/Employer Code'

2018-12-14 09:52:02 - [TEST_STEP][PASSED] - click: Object: 'Object Repository/Final Object Repo/Page_Update Employer Information/Search Button' is clicked on

2018-12-14 09:52:02 - [MESSAGE][PASSED] - Object: 'Object Repository/Final Object Repo/Page_Update Employer Information/Search Button' is clicked on

2018-12-14 09:52:02 - [TEST_STEP][PASSED] - delay: Delayed 2 second(s)

2018-12-14 09:52:04 - [MESSAGE][PASSED] - Delayed 2 second(s)

2018-12-14 09:52:04 - [TEST_STEP][PASSED] - click: Object: 'Object Repository/Final Object Repo/Page_Update Employer Information/Edit Button' is clicked on

2018-12-14 09:52:05 - [MESSAGE][PASSED] - Object: 'Object Repository/Final Object Repo/Page_Update Employer Information/Edit Button' is clicked on

2018-12-14 09:52:05 - [TEST_STEP][PASSED] - Statement - abc = com.kms.katalon.core.webui.keyword.WebUiBuiltInKeywords.getAttribute(com.kms.katalon.core.testobject.ObjectRepository.findTestObject(Final Object Repo/Page_Form 1A - Cessation As Employer/Employer Status), "value"): Attribute 'value' of object 'Object Repository/Final Object Repo/Page_Form 1A - Cessation As Employer/Employer Status' is: 'Active'

2018-12-14 09:52:05 - [MESSAGE][PASSED] - Attribute 'value' of object 'Object Repository/Final Object Repo/Page_Form 1A - Cessation As Employer/Employer Status' is: 'Active'

2018-12-14 09:52:05 - [TEST_STEP][PASSED] - Statement - out.println(abc): null

2018-12-14 09:52:05 - [TEST_STEP][PASSED] - Statement - If (abc == "Active"): Object: 'Object Repository/Final Object Repo/Page_Form 1A - Cessation As Employer/Change Employer Status to - Dormant' is clicked on

2018-12-14 09:52:05 - [TEST_STEP][PASSED] - click: Object: 'Object Repository/Final Object Repo/Page_Form 1A - Cessation As Employer/Change Employer Status to' is clicked on

2018-12-14 09:52:05 - [MESSAGE][PASSED] - Object: 'Object Repository/Final Object Repo/Page_Form 1A - Cessation As Employer/Change Employer Status to' is clicked on

2018-12-14 09:52:05 - [TEST_STEP][PASSED] - click: Object: 'Object Repository/Final Object Repo/Page_Form 1A - Cessation As Employer/Change Employer Status to - Dormant' is clicked on

2018-12-14 09:52:06 - [MESSAGE][PASSED] - Object: 'Object Repository/Final Object Repo/Page_Form 1A - Cessation As Employer/Change Employer Status to - Dormant' is clicked on

2018-12-14 09:52:06 - [TEST_STEP][PASSED] - click: Object: 'Object Repository/Final Object Repo/Page_Form 1A - Cessation As Employer/Calender' is clicked on

2018-12-14 09:52:06 - [MESSAGE][PASSED] - Object: 'Object Repository/Final Object Repo/Page_Form 1A - Cessation As Employer/Calender' is clicked on

2018-12-14 09:52:06 - [TEST_STEP][PASSED] - click: Object: 'Object Repository/Final Object Repo/Page_Form 1A - Cessation As Employer/Calender - Date' is clicked on

2018-12-14 09:52:06 - [MESSAGE][PASSED] - Object: 'Object Repository/Final Object Repo/Page_Form 1A - Cessation As Employer/Calender - Date' is clicked on

2018-12-14 09:52:06 - [TEST_STEP][PASSED] - delay: Delayed 2 second(s)

2018-12-14 09:52:08 - [MESSAGE][PASSED] - Delayed 2 second(s)

2018-12-14 09:52:08 - [TEST_STEP][PASSED] - click: Object: 'Object Repository/Final Object Repo/Page_Form 1A - Cessation As Employer/Save  Continue in Form 1A Page' is clicked on

2018-12-14 09:52:08 - [MESSAGE][PASSED] - Object: 'Object Repository/Final Object Repo/Page_Form 1A - Cessation As Employer/Save  Continue in Form 1A Page' is clicked on

2018-12-14 09:52:08 - [TEST_STEP][PASSED] - delay: Delayed 2 second(s)

2018-12-14 09:52:10 - [MESSAGE][PASSED] - Delayed 2 second(s)

2018-12-14 09:52:10 - [TEST_STEP][PASSED] - click: Object: 'Object Repository/Final Object Repo/Page_Form 1A - Cessation As Employer/Employment Resign Date' is clicked on

2018-12-14 09:52:11 - [MESSAGE][PASSED] - Object: 'Object Repository/Final Object Repo/Page_Form 1A - Cessation As Employer/Employment Resign Date' is clicked on

2018-12-14 09:52:11 - [TEST_STEP][PASSED] - delay: Delayed 1 second(s)

2018-12-14 09:52:12 - [MESSAGE][PASSED] - Delayed 1 second(s)

2018-12-14 09:52:12 - [TEST_STEP][PASSED] - Statement - CaseReferenceNo = com.kms.katalon.core.webui.keyword.WebUiBuiltInKeywords.getText(com.kms.katalon.core.testobject.ObjectRepository.findTestObject(Final Object Repo/Page_Update Employer Information/Reference Number in Update Employee Information Page)): Text of object 'Object Repository/Final Object Repo/Page_Update Employer Information/Reference Number in Update Employee Information Page' is: 'CUN122018C200001750'

2018-12-14 09:52:12 - [MESSAGE][PASSED] - Text of object 'Object Repository/Final Object Repo/Page_Update Employer Information/Reference Number in Update Employee Information Page' is: 'CUN122018C200001750'

2018-12-14 09:52:12 - [TEST_STEP][PASSED] - callTestCase: Call Test Case 'Test Cases/Final Aug 2018 - PKS Automation/Common/Reference Number Setter' successfully

2018-12-14 09:52:12 - [TEST_CASE][PASSED] - Test Cases/Final Aug 2018 - PKS Automation/Common/Reference Number Setter: Test Cases/Final Aug 2018 - PKS Automation/Common/Reference Number Setter

2018-12-14 09:52:12 - [TEST_STEP][PASSED] - Statement - RefNoOldFile = new java.io.File(C://Users//Admin//Desktop//PKS//Automation Reference Point//KatalonReference.txt): null

2018-12-14 09:52:12 - [TEST_STEP][PASSED] - Statement - RefNoOldFile.delete(): null

2018-12-14 09:52:12 - [TEST_STEP][PASSED] - delay: Delayed 5 second(s)

2018-12-14 09:52:17 - [MESSAGE][PASSED] - Delayed 5 second(s)

2018-12-14 09:52:17 - [TEST_STEP][PASSED] - Statement - RefNo = new java.io.File(C://Users//Admin//Desktop//PKS//Automation Reference Point//KatalonReference.txt): null

2018-12-14 09:52:17 - [TEST_STEP][PASSED] - Statement - f2 = new java.io.FileWriter(RefNo, false): null

2018-12-14 09:52:17 - [TEST_STEP][PASSED] - Statement - f2.write(CaseReferenceNo): null

2018-12-14 09:52:17 - [TEST_STEP][PASSED] - Statement - f2.close(): null

2018-12-14 09:52:17 - [TEST_STEP][PASSED] - Statement - out.println("


" + CaseReferenceNo + "


"): null

2018-12-14 09:52:17 - [MESSAGE][PASSED] - Call Test Case 'Test Cases/Final Aug 2018 - PKS Automation/Common/Reference Number Setter' successfully

2018-12-14 09:52:17 - [TEST_STEP][PASSED] - selectOptionByValue: All options with value '2030' are selected in object 'Object Repository/Final Object Repo/Page_Form 1A - Cessation As Employer/Employment Resign Date - Year' 

2018-12-14 09:52:17 - [MESSAGE][PASSED] - All options with value '2030' are selected in object 'Object Repository/Final Object Repo/Page_Form 1A - Cessation As Employer/Employment Resign Date - Year' 

2018-12-14 09:52:17 - [TEST_STEP][PASSED] - delay: Delayed 1 second(s)

2018-12-14 09:52:18 - [MESSAGE][PASSED] - Delayed 1 second(s)

2018-12-14 09:52:18 - [TEST_STEP][PASSED] - click: Object: 'Object Repository/Final Object Repo/Page_Form 1A - Cessation As Employer/Employment Resign Date - Year - Date' is clicked on

2018-12-14 09:52:18 - [MESSAGE][PASSED] - Object: 'Object Repository/Final Object Repo/Page_Form 1A - Cessation As Employer/Employment Resign Date - Year - Date' is clicked on

2018-12-14 09:52:18 - [TEST_STEP][PASSED] - delay: Delayed 2 second(s)

2018-12-14 09:52:20 - [MESSAGE][PASSED] - Delayed 2 second(s)

2018-12-14 09:52:20 - [TEST_STEP][PASSED] - click: Object: 'Object Repository/Final Object Repo/Page_Form 1A - Cessation As Employer/Save  Continue in Update Add Employee Resigned Date Page' is clicked on

2018-12-14 09:52:20 - [MESSAGE][PASSED] - Object: 'Object Repository/Final Object Repo/Page_Form 1A - Cessation As Employer/Save  Continue in Update Add Employee Resigned Date Page' is clicked on

2018-12-14 09:52:20 - [TEST_STEP][PASSED] - delay: Delayed 2 second(s)

2018-12-14 09:52:22 - [MESSAGE][PASSED] - Delayed 2 second(s)

2018-12-14 09:52:22 - [TEST_STEP][PASSED] - click: Object: 'Object Repository/Final Object Repo/Page_Form 1A - Cessation As Employer/Set Latest - Yes' is clicked on

2018-12-14 09:52:23 - [MESSAGE][PASSED] - Object: 'Object Repository/Final Object Repo/Page_Form 1A - Cessation As Employer/Set Latest - Yes' is clicked on

2018-12-14 09:52:23 - [TEST_STEP][PASSED] - delay: Delayed 2 second(s)

2018-12-14 09:52:25 - [MESSAGE][PASSED] - Delayed 2 second(s)

2018-12-14 09:52:25 - [TEST_STEP][PASSED] - click: Object: 'Object Repository/Final Object Repo/Page_Form 1A - Cessation As Employer/Add Document' is clicked on

2018-12-14 09:52:26 - [MESSAGE][PASSED] - Object: 'Object Repository/Final Object Repo/Page_Form 1A - Cessation As Employer/Add Document' is clicked on

2018-12-14 09:52:26 - [TEST_STEP][PASSED] - delay: Delayed 3 second(s)

2018-12-14 09:52:29 - [MESSAGE][PASSED] - Delayed 3 second(s)

2018-12-14 09:52:29 - [TEST_STEP][PASSED] - click: Object: 'Object Repository/Final Object Repo/Page_Form 1A - Cessation As Employer/Document Type' is clicked on

2018-12-14 09:52:29 - [MESSAGE][PASSED] - Object: 'Object Repository/Final Object Repo/Page_Form 1A - Cessation As Employer/Document Type' is clicked on

2018-12-14 09:52:29 - [TEST_STEP][PASSED] - delay: Delayed 2 second(s)

2018-12-14 09:52:31 - [MESSAGE][PASSED] - Delayed 2 second(s)

2018-12-14 09:52:31 - [TEST_STEP][PASSED] - click: Object: 'Object Repository/Final Object Repo/Page_Form 1A - Cessation As Employer/Document Type - Supporting Document For Cessation' is clicked on

2018-12-14 09:52:31 - [MESSAGE][PASSED] - Object: 'Object Repository/Final Object Repo/Page_Form 1A - Cessation As Employer/Document Type - Supporting Document For Cessation' is clicked on

2018-12-14 09:52:31 - [TEST_STEP][PASSED] - delay: Delayed 2 second(s)

2018-12-14 09:52:33 - [MESSAGE][PASSED] - Delayed 2 second(s)

2018-12-14 09:52:33 - [TEST_STEP][PASSED] - sendKeys: Keys 'C:\Users\Public\Pictures\Sample Pictures\Koala.jpg' sent to object: 'Object Repository/Final Object Repo/Page_Form 1A - Cessation As Employer/Uploading File'

2018-12-14 09:52:33 - [MESSAGE][PASSED] - Keys 'C:\Users\Public\Pictures\Sample Pictures\Koala.jpg' sent to object: 'Object Repository/Final Object Repo/Page_Form 1A - Cessation As Employer/Uploading File'

2018-12-14 09:52:33 - [TEST_STEP][PASSED] - delay: Delayed 2 second(s)

2018-12-14 09:52:35 - [MESSAGE][PASSED] - Delayed 2 second(s)

2018-12-14 09:52:35 - [TEST_STEP][PASSED] - click: Object: 'Object Repository/Final Object Repo/Page_Form 1A - Cessation As Employer/Add Document in Uploading Page' is clicked on

2018-12-14 09:52:35 - [MESSAGE][PASSED] - Object: 'Object Repository/Final Object Repo/Page_Form 1A - Cessation As Employer/Add Document in Uploading Page' is clicked on

2018-12-14 09:52:35 - [TEST_STEP][PASSED] - delay: Delayed 2 second(s)

2018-12-14 09:52:37 - [MESSAGE][PASSED] - Delayed 2 second(s)

2018-12-14 09:52:37 - [TEST_STEP][PASSED] - click: Object: 'Object Repository/Final Object Repo/Page_Form 1A - Cessation As Employer/Save  Continue in Uploading Page' is clicked on

2018-12-14 09:52:39 - [MESSAGE][PASSED] - Object: 'Object Repository/Final Object Repo/Page_Form 1A - Cessation As Employer/Save  Continue in Uploading Page' is clicked on

2018-12-14 09:52:39 - [TEST_STEP][PASSED] - delay: Delayed 2 second(s)

2018-12-14 09:52:41 - [MESSAGE][PASSED] - Delayed 2 second(s)

2018-12-14 09:52:41 - [TEST_STEP][PASSED] - click: Object: 'Object Repository/Final Object Repo/Page_Form 1A - Cessation As Employer/Submit2' is clicked on

2018-12-14 09:52:45 - [MESSAGE][PASSED] - Object: 'Object Repository/Final Object Repo/Page_Form 1A - Cessation As Employer/Submit2' is clicked on

2018-12-14 09:52:45 - [TEST_STEP][PASSED] - delay: Delayed 2 second(s)

2018-12-14 09:52:47 - [MESSAGE][PASSED] - Delayed 2 second(s)

2018-12-14 09:52:47 - [TEST_STEP][PASSED] - click: Object: 'Object Repository/Final Object Repo/Page_Form 1A - Cessation As Employer/Confirm' is clicked on

2018-12-14 09:52:47 - [MESSAGE][PASSED] - Object: 'Object Repository/Final Object Repo/Page_Form 1A - Cessation As Employer/Confirm' is clicked on

2018-12-14 09:52:47 - [TEST_STEP][PASSED] - delay: Delayed 2 second(s)

2018-12-14 09:52:49 - [MESSAGE][PASSED] - Delayed 2 second(s)

2018-12-14 09:52:49 - [TEST_STEP][PASSED] - verifyElementVisible: Object 'Object Repository/Final Object Repo/Page_Form 1A - Cessation As Employer/Message Your Request will be routed to UO' is visible

2018-12-14 09:52:53 - [MESSAGE][PASSED] - Object 'Object Repository/Final Object Repo/Page_Form 1A - Cessation As Employer/Message Your Request will be routed to UO' is visible

2018-12-14 09:52:53 - [TEST_STEP][PASSED] - delay: Delayed 1 second(s)

2018-12-14 09:52:54 - [MESSAGE][PASSED] - Delayed 1 second(s)

2018-12-14 09:52:54 - [TEST_STEP][PASSED] - verifyElementVisible: Object 'Object Repository/Final Object Repo/Page_Form 1A - Cessation As Employer/Letter of acknowledgement' is visible

2018-12-14 09:52:54 - [MESSAGE][PASSED] - Object 'Object Repository/Final Object Repo/Page_Form 1A - Cessation As Employer/Letter of acknowledgement' is visible

2018-12-14 09:52:54 - [MESSAGE][PASSED] - Call Test Case 'Test Cases/Final Aug 2018 - PKS Automation/Registration Module/Workflow/Form 1A - Cessation As Employer/Template/Form 1 A - Cessation As Employer (Employer)' successfully

2018-12-14 09:52:54 - [TEST_STEP][PASSED] - callTestCase: Call Test Case 'Test Cases/Final Aug 2018 - PKS Automation/Registration Module/Workflow/Form 1A - Cessation As Employer/Template/Form 1 A - Cessation As Employer (Approve)' successfully

2018-12-14 09:52:54 - [TEST_CASE][PASSED] - Test Cases/Final Aug 2018 - PKS Automation/Registration Module/Workflow/Form 1A - Cessation As Employer/Template/Form 1 A - Cessation As Employer (Approve): Test Cases/Final Aug 2018 - PKS Automation/Registration Module/Workflow/Form 1A - Cessation As Employer/Template/Form 1 A - Cessation As Employer (Approve)

2018-12-14 09:52:54 - [TEST_STEP][NOT_RUN] - callTestCase: NOT_RUN: callTestCase

2018-12-14 09:52:54 - [MESSAGE][NOT_RUN] - NOT_RUN: callTestCase

2018-12-14 09:52:54 - [TEST_STEP][PASSED] - delay: Delayed 1 second(s)

2018-12-14 09:52:55 - [MESSAGE][PASSED] - Delayed 1 second(s)

2018-12-14 09:52:55 - [TEST_STEP][PASSED] - navigateToUrl: Navigate to 'https://assist2-uat.perkeso.gov.my/c/portal/logout' successfully

2018-12-14 09:52:56 - [MESSAGE][PASSED] - Navigate to 'https://assist2-uat.perkeso.gov.my/c/portal/logout' successfully

2018-12-14 09:52:56 - [TEST_STEP][PASSED] - delay: Delayed 1 second(s)

2018-12-14 09:52:57 - [MESSAGE][PASSED] - Delayed 1 second(s)

2018-12-14 09:52:57 - [TEST_STEP][PASSED] - callTestCase: Call Test Case 'Test Cases/Final Aug 2018 - PKS Automation/Common/Reference Number Getter' successfully

2018-12-14 09:52:57 - [TEST_CASE][PASSED] - Test Cases/Final Aug 2018 - PKS Automation/Common/Reference Number Getter: Test Cases/Final Aug 2018 - PKS Automation/Common/Reference Number Getter

2018-12-14 09:52:57 - [TEST_STEP][PASSED] - Statement - Try: null

2018-12-14 09:52:57 - [TEST_STEP][PASSED] - Statement - RefNo = new java.io.File(C://Users//Admin//Desktop//PKS//Automation Reference Point//KatalonReference.txt): null

2018-12-14 09:52:57 - [TEST_STEP][PASSED] - Statement - bufferread = new java.io.BufferedReader(new java.io.FileReader(RefNo)): null

2018-12-14 09:52:57 - [TEST_STEP][PASSED] - Statement - readedVal = bufferread.readLine(): null

2018-12-14 09:52:57 - [TEST_STEP][PASSED] - Statement - out.println(CaseReferenceNo): null

2018-12-14 09:52:57 - [TEST_STEP][PASSED] - Statement - out.println(readedVal): null

2018-12-14 09:52:57 - [TEST_STEP][PASSED] - Statement - CaseReferenceNo = "": null

2018-12-14 09:52:57 - [TEST_STEP][PASSED] - Statement - CaseReferenceNo = readedVal: null

2018-12-14 09:52:57 - [MESSAGE][PASSED] - Call Test Case 'Test Cases/Final Aug 2018 - PKS Automation/Common/Reference Number Getter' successfully

2018-12-14 09:52:57 - [TEST_STEP][PASSED] - callTestCase: Call Test Case 'Test Cases/Final Aug 2018 - PKS Automation/Common/Workflow Owner Finder' successfully

2018-12-14 09:52:57 - [TEST_CASE][PASSED] - Test Cases/Final Aug 2018 - PKS Automation/Common/Workflow Owner Finder: Test Cases/Final Aug 2018 - PKS Automation/Common/Workflow Owner Finder

2018-12-14 09:52:58 - [TEST_STEP][PASSED] - openBrowser: Browser is opened with url: ''

2018-12-14 09:52:58 - [MESSAGE][WARNING] - A browser is already opened. Closing browser and opening a new one

2018-12-14 09:53:03 - [MESSAGE][PASSED] - Browser is opened with url: ''

2018-12-14 09:53:03 - [TEST_STEP][PASSED] - navigateToUrl: Navigate to 'https://assist2-uat.perkeso.gov.my/login' successfully

2018-12-14 09:53:04 - [MESSAGE][PASSED] - Navigate to 'https://assist2-uat.perkeso.gov.my/login' successfully

2018-12-14 09:53:04 - [TEST_STEP][PASSED] - delay: Delayed 5 second(s)

2018-12-14 09:53:09 - [MESSAGE][PASSED] - Delayed 5 second(s)

2018-12-14 09:53:09 - [TEST_STEP][PASSED] - setText: Text 'test@liferay.com' is set on object 'Object Repository/Final Object Repo/Login Page/Internal User/Email Address'

2018-12-14 09:53:10 - [MESSAGE][PASSED] - Text 'test@liferay.com' is set on object 'Object Repository/Final Object Repo/Login Page/Internal User/Email Address'

2018-12-14 09:53:10 - [TEST_STEP][PASSED] - click: Object: 'Object Repository/Final Object Repo/Login Page/Internal User/Next Button' is clicked on

2018-12-14 09:53:10 - [MESSAGE][PASSED] - Object: 'Object Repository/Final Object Repo/Login Page/Internal User/Next Button' is clicked on

2018-12-14 09:53:10 - [TEST_STEP][PASSED] - delay: Delayed 2 second(s)

2018-12-14 09:53:12 - [MESSAGE][PASSED] - Delayed 2 second(s)

2018-12-14 09:53:12 - [TEST_STEP][PASSED] - setText: Text 'test' is set on object 'Object Repository/Final Object Repo/Login Page/Internal User/Password'

2018-12-14 09:53:12 - [MESSAGE][PASSED] - Text 'test' is set on object 'Object Repository/Final Object Repo/Login Page/Internal User/Password'

2018-12-14 09:53:12 - [TEST_STEP][PASSED] - delay: Delayed 2 second(s)

2018-12-14 09:53:14 - [MESSAGE][PASSED] - Delayed 2 second(s)

2018-12-14 09:53:14 - [TEST_STEP][PASSED] - click: Object: 'Object Repository/Final Object Repo/Login Page/Internal User/Login Button' is clicked on

2018-12-14 09:53:14 - [MESSAGE][PASSED] - Object: 'Object Repository/Final Object Repo/Login Page/Internal User/Login Button' is clicked on

2018-12-14 09:53:14 - [TEST_STEP][PASSED] - Statement - tester = com.kms.katalon.core.testobject.ObjectRepository.findTestObject(Final Object Repo/Landing Page/Select to English): Finding Test Object with id 'Object Repository/Final Object Repo/Landing Page/Select to English'

2018-12-14 09:53:14 - [TEST_STEP][PASSED] - Statement - Try: Delayed 2 second(s)

2018-12-14 09:53:14 - [TEST_STEP][PASSED] - Statement - Checker = com.kms.katalon.core.webui.keyword.WebUiBuiltInKeywords.verifyElementNotPresent(tester, 3): Web element with id: 'Object Repository/Final Object Repo/Landing Page/Select to English' located by 'By.xpath: //a[@class = 'taglib-language-list-text' and @lang = 'en-US' and (contains(text(), 'EN') or contains(., 'EN'))]' is not present after '3' second(s)

2018-12-14 09:53:18 - [MESSAGE][PASSED] - Web element with id: 'Object Repository/Final Object Repo/Landing Page/Select to English' located by 'By.xpath: //a[@class = 'taglib-language-list-text' and @lang = 'en-US' and (contains(text(), 'EN') or contains(., 'EN'))]' is not present after '3' second(s)

2018-12-14 09:53:18 - [TEST_STEP][PASSED] - Statement - If (Checker == false): null

2018-12-14 09:53:18 - [TEST_STEP][PASSED] - delay: Delayed 2 second(s)

2018-12-14 09:53:20 - [MESSAGE][PASSED] - Delayed 2 second(s)

2018-12-14 09:53:20 - [TEST_STEP][PASSED] - delay: Delayed 5 second(s)

2018-12-14 09:53:25 - [MESSAGE][PASSED] - Delayed 5 second(s)

2018-12-14 09:53:25 - [TEST_STEP][PASSED] - mouseOver: Object: 'Object Repository/Final Object Repo/Landing Page/WorkFlow Menu' is hovered

2018-12-14 09:53:25 - [MESSAGE][PASSED] - Object: 'Object Repository/Final Object Repo/Landing Page/WorkFlow Menu' is hovered

2018-12-14 09:53:25 - [TEST_STEP][PASSED] - delay: Delayed 2 second(s)

2018-12-14 09:53:27 - [MESSAGE][PASSED] - Delayed 2 second(s)

2018-12-14 09:53:27 - [TEST_STEP][PASSED] - click: Object: 'Object Repository/Final Object Repo/Landing Page/Select to Workflow Listing' is clicked on

2018-12-14 09:53:28 - [MESSAGE][PASSED] - Object: 'Object Repository/Final Object Repo/Landing Page/Select to Workflow Listing' is clicked on

2018-12-14 09:53:28 - [TEST_STEP][PASSED] - delay: Delayed 2 second(s)

2018-12-14 09:53:30 - [MESSAGE][PASSED] - Delayed 2 second(s)

2018-12-14 09:53:30 - [TEST_STEP][PASSED] - click: Object: 'Object Repository/Final Object Repo/WorkFlow Listing Page/Search Information - To Put Ref No' is clicked on

2018-12-14 09:53:30 - [MESSAGE][PASSED] - Object: 'Object Repository/Final Object Repo/WorkFlow Listing Page/Search Information - To Put Ref No' is clicked on

2018-12-14 09:53:30 - [TEST_STEP][PASSED] - delay: Delayed 2 second(s)

2018-12-14 09:53:32 - [MESSAGE][PASSED] - Delayed 2 second(s)

2018-12-14 09:53:32 - [TEST_STEP][PASSED] - callTestCase: Call Test Case 'Test Cases/Final Aug 2018 - PKS Automation/Common/Reference Number Getter' successfully

2018-12-14 09:53:33 - [TEST_CASE][PASSED] - Test Cases/Final Aug 2018 - PKS Automation/Common/Reference Number Getter: Test Cases/Final Aug 2018 - PKS Automation/Common/Reference Number Getter

2018-12-14 09:53:33 - [TEST_STEP][PASSED] - Statement - Try: null

2018-12-14 09:53:33 - [TEST_STEP][PASSED] - Statement - RefNo = new java.io.File(C://Users//Admin//Desktop//PKS//Automation Reference Point//KatalonReference.txt): null

2018-12-14 09:53:33 - [TEST_STEP][PASSED] - Statement - bufferread = new java.io.BufferedReader(new java.io.FileReader(RefNo)): null

2018-12-14 09:53:33 - [TEST_STEP][PASSED] - Statement - readedVal = bufferread.readLine(): null

2018-12-14 09:53:33 - [TEST_STEP][PASSED] - Statement - out.println(CaseReferenceNo): null

2018-12-14 09:53:33 - [TEST_STEP][PASSED] - Statement - out.println(readedVal): null

2018-12-14 09:53:33 - [TEST_STEP][PASSED] - Statement - CaseReferenceNo = "": null

2018-12-14 09:53:33 - [TEST_STEP][PASSED] - Statement - CaseReferenceNo = readedVal: null

2018-12-14 09:53:33 - [MESSAGE][PASSED] - Call Test Case 'Test Cases/Final Aug 2018 - PKS Automation/Common/Reference Number Getter' successfully

2018-12-14 09:53:33 - [TEST_STEP][PASSED] - setText: Text 'CUN122018C200001750' is set on object 'Object Repository/Final Object Repo/WorkFlow Listing Page/Ref No Set Text'

2018-12-14 09:53:33 - [MESSAGE][PASSED] - Text 'CUN122018C200001750' is set on object 'Object Repository/Final Object Repo/WorkFlow Listing Page/Ref No Set Text'

2018-12-14 09:53:33 - [TEST_STEP][PASSED] - delay: Delayed 2 second(s)

2018-12-14 09:53:35 - [MESSAGE][PASSED] - Delayed 2 second(s)

2018-12-14 09:53:35 - [TEST_STEP][PASSED] - click: Object: 'Object Repository/Final Object Repo/WorkFlow Listing Page/Search Ref No Search Button' is clicked on

2018-12-14 09:53:35 - [MESSAGE][PASSED] - Object: 'Object Repository/Final Object Repo/WorkFlow Listing Page/Search Ref No Search Button' is clicked on

2018-12-14 09:53:35 - [TEST_STEP][PASSED] - delay: Delayed 6 second(s)

2018-12-14 09:53:41 - [MESSAGE][PASSED] - Delayed 6 second(s)

2018-12-14 09:53:41 - [TEST_STEP][PASSED] - click: Object: 'Object Repository/Final Object Repo/WorkFlow Listing Page/Click Continue Tooltip' is clicked on

2018-12-14 09:53:42 - [MESSAGE][PASSED] - Object: 'Object Repository/Final Object Repo/WorkFlow Listing Page/Click Continue Tooltip' is clicked on

2018-12-14 09:53:42 - [TEST_STEP][PASSED] - delay: Delayed 5 second(s)

2018-12-14 09:53:47 - [MESSAGE][PASSED] - Delayed 5 second(s)

2018-12-14 09:53:47 - [TEST_STEP][PASSED] - doubleClick: Object: 'Object Repository/Final Object Repo/WorkFlow Listing Page/Workflow Found - Listing 1' is double clicked on

2018-12-14 09:53:47 - [MESSAGE][PASSED] - Object: 'Object Repository/Final Object Repo/WorkFlow Listing Page/Workflow Found - Listing 1' is double clicked on

2018-12-14 09:53:47 - [TEST_STEP][PASSED] - Statement - println(OwnerID): null

2018-12-14 09:53:47 - [TEST_STEP][PASSED] - Statement - OwnerID = com.kms.katalon.core.webui.keyword.WebUiBuiltInKeywords.getText(com.kms.katalon.core.testobject.ObjectRepository.findTestObject(Final Object Repo/WorkFlow Listing Page/Workflow Found - Listing 1), STOP_ON_FAILURE): Text of object 'Object Repository/Final Object Repo/WorkFlow Listing Page/Workflow Found - Listing 1' is: 'JOHORuo3'

2018-12-14 09:53:47 - [MESSAGE][PASSED] - Text of object 'Object Repository/Final Object Repo/WorkFlow Listing Page/Workflow Found - Listing 1' is: 'JOHORuo3'

2018-12-14 09:53:47 - [TEST_STEP][PASSED] - Statement - OwnerID = OwnerID.toLowerCase() + "@gmail.com": null

2018-12-14 09:53:47 - [TEST_STEP][PASSED] - Statement - println(OwnerID): null

2018-12-14 09:53:47 - [TEST_STEP][PASSED] - delay: Delayed 2 second(s)

2018-12-14 09:53:49 - [MESSAGE][PASSED] - Delayed 2 second(s)

2018-12-14 09:53:49 - [MESSAGE][PASSED] - Call Test Case 'Test Cases/Final Aug 2018 - PKS Automation/Common/Workflow Owner Finder' successfully

2018-12-14 09:53:49 - [TEST_STEP][PASSED] - delay: Delayed 1 second(s)

2018-12-14 09:53:50 - [MESSAGE][PASSED] - Delayed 1 second(s)

2018-12-14 09:53:50 - [TEST_STEP][PASSED] - navigateToUrl: Navigate to 'https://assist2-uat.perkeso.gov.my/c/portal/logout' successfully

2018-12-14 09:53:51 - [MESSAGE][PASSED] - Navigate to 'https://assist2-uat.perkeso.gov.my/c/portal/logout' successfully

2018-12-14 09:53:51 - [TEST_STEP][PASSED] - delay: Delayed 1 second(s)

2018-12-14 09:53:52 - [MESSAGE][PASSED] - Delayed 1 second(s)

2018-12-14 09:53:52 - [TEST_STEP][PASSED] - callTestCase: Call Test Case 'Test Cases/Final Aug 2018 - PKS Automation/Registration Module/Workflow/Login and Search Case For Workflow' successfully

2018-12-14 09:53:52 - [TEST_CASE][PASSED] - Test Cases/Final Aug 2018 - PKS Automation/Registration Module/Workflow/Login and Search Case For Workflow: Test Cases/Final Aug 2018 - PKS Automation/Registration Module/Workflow/Login and Search Case For Workflow

2018-12-14 09:53:53 - [TEST_STEP][PASSED] - navigateToUrl: Navigate to 'https://assist2-uat.perkeso.gov.my/login' successfully

2018-12-14 09:53:53 - [MESSAGE][PASSED] - Navigate to 'https://assist2-uat.perkeso.gov.my/login' successfully

2018-12-14 09:53:53 - [TEST_STEP][PASSED] - setText: Text 'johoruo3@gmail.com' is set on object 'Object Repository/Final Object Repo/Login Page/Internal User/Email Address'

2018-12-14 09:53:54 - [MESSAGE][PASSED] - Text 'johoruo3@gmail.com' is set on object 'Object Repository/Final Object Repo/Login Page/Internal User/Email Address'

2018-12-14 09:53:54 - [TEST_STEP][PASSED] - click: Object: 'Object Repository/Final Object Repo/Login Page/Internal User/Next Button' is clicked on

2018-12-14 09:53:54 - [MESSAGE][PASSED] - Object: 'Object Repository/Final Object Repo/Login Page/Internal User/Next Button' is clicked on

2018-12-14 09:53:54 - [TEST_STEP][PASSED] - delay: Delayed 1 second(s)

2018-12-14 09:53:55 - [MESSAGE][PASSED] - Delayed 1 second(s)

2018-12-14 09:53:55 - [TEST_STEP][PASSED] - setEncryptedText: Text ****** has been set on object 'Object Repository/Final Object Repo/Login Page/Internal User/Password'

2018-12-14 09:53:55 - [MESSAGE][PASSED] - Text ****** has been set on object 'Object Repository/Final Object Repo/Login Page/Internal User/Password'

2018-12-14 09:53:55 - [TEST_STEP][PASSED] - click: Object: 'Object Repository/Final Object Repo/Login Page/Internal User/Login Button' is clicked on

2018-12-14 09:53:55 - [MESSAGE][PASSED] - Object: 'Object Repository/Final Object Repo/Login Page/Internal User/Login Button' is clicked on

2018-12-14 09:53:55 - [TEST_STEP][PASSED] - delay: Delayed 2 second(s)

2018-12-14 09:53:57 - [MESSAGE][PASSED] - Delayed 2 second(s)

2018-12-14 09:53:57 - [TEST_STEP][PASSED] - Statement - Try: Delayed 2 second(s)

2018-12-14 09:53:57 - [TEST_STEP][PASSED] - Statement - Checker = false: null

2018-12-14 09:53:57 - [TEST_STEP][PASSED] - Statement - Checker = com.kms.katalon.core.webui.keyword.WebUiBuiltInKeywords.verifyElementHasAttribute(com.kms.katalon.core.testobject.ObjectRepository.findTestObject(Final Object Repo/Landing Page/BM Detecting), "href", 20, OPTIONAL): Object 'Object Repository/Final Object Repo/Landing Page/BM Detecting' has attribute 'href'

2018-12-14 09:53:57 - [MESSAGE][PASSED] - Object 'Object Repository/Final Object Repo/Landing Page/BM Detecting' has attribute 'href'

2018-12-14 09:53:57 - [TEST_STEP][PASSED] - Statement - out.println(Checker): null

2018-12-14 09:53:57 - [TEST_STEP][PASSED] - Statement - If (Checker == false): null

2018-12-14 09:53:57 - [TEST_STEP][PASSED] - Statement - Else: null

2018-12-14 09:53:57 - [TEST_STEP][PASSED] - delay: Delayed 2 second(s)

2018-12-14 09:53:59 - [MESSAGE][PASSED] - Delayed 2 second(s)

2018-12-14 09:53:59 - [TEST_STEP][PASSED] - click: Object: 'Object Repository/Final Object Repo/Page_MyASSIST - ASSIST - Search Pending Case For Add Supporting Document/Search Information' is clicked on

2018-12-14 09:53:59 - [MESSAGE][PASSED] - Object: 'Object Repository/Final Object Repo/Page_MyASSIST - ASSIST - Search Pending Case For Add Supporting Document/Search Information' is clicked on

2018-12-14 09:53:59 - [TEST_STEP][PASSED] - delay: Delayed 3 second(s)

2018-12-14 09:54:02 - [MESSAGE][PASSED] - Delayed 3 second(s)

2018-12-14 09:54:02 - [TEST_STEP][PASSED] - sendKeys: Keys 'CUN122018C200001750' sent to object: 'Object Repository/Final Object Repo/Page_MyASSIST - ASSIST - Search Pending Case For Add Supporting Document/Reference No'

2018-12-14 09:54:03 - [MESSAGE][PASSED] - Keys 'CUN122018C200001750' sent to object: 'Object Repository/Final Object Repo/Page_MyASSIST - ASSIST - Search Pending Case For Add Supporting Document/Reference No'

2018-12-14 09:54:03 - [TEST_STEP][PASSED] - click: Object: 'Object Repository/Final Object Repo/Page_MyASSIST - ASSIST - Search Pending Case For Add Supporting Document/Search Reference No' is clicked on

2018-12-14 09:54:03 - [MESSAGE][PASSED] - Object: 'Object Repository/Final Object Repo/Page_MyASSIST - ASSIST - Search Pending Case For Add Supporting Document/Search Reference No' is clicked on

2018-12-14 09:54:03 - [TEST_STEP][PASSED] - delay: Delayed 2 second(s)

2018-12-14 09:54:05 - [MESSAGE][PASSED] - Delayed 2 second(s)

2018-12-14 09:54:05 - [TEST_STEP][PASSED] - click: Object: 'Object Repository/Final Object Repo/Page_MyASSIST - ASSIST - Search Pending Case For Add Supporting Document/Continue' is clicked on

2018-12-14 09:54:08 - [MESSAGE][PASSED] - Object: 'Object Repository/Final Object Repo/Page_MyASSIST - ASSIST - Search Pending Case For Add Supporting Document/Continue' is clicked on

2018-12-14 09:54:08 - [TEST_STEP][PASSED] - delay: Delayed 20 second(s)

2018-12-14 09:54:28 - [MESSAGE][PASSED] - Delayed 20 second(s)

2018-12-14 09:54:28 - [MESSAGE][PASSED] - Call Test Case 'Test Cases/Final Aug 2018 - PKS Automation/Registration Module/Workflow/Login and Search Case For Workflow' successfully

2018-12-14 09:54:28 - [TEST_STEP][PASSED] - click: Object: 'Object Repository/Final Object Repo/Page_Form 1A - Cessation As Employer/Page_Form 1A - Cessation As Employer (Approve)/Save  Continue in Form 1A Page' is clicked on

2018-12-14 09:54:29 - [MESSAGE][PASSED] - Object: 'Object Repository/Final Object Repo/Page_Form 1A - Cessation As Employer/Page_Form 1A - Cessation As Employer (Approve)/Save  Continue in Form 1A Page' is clicked on

2018-12-14 09:54:29 - [TEST_STEP][PASSED] - delay: Delayed 2 second(s)

2018-12-14 09:54:31 - [MESSAGE][PASSED] - Delayed 2 second(s)

2018-12-14 09:54:31 - [TEST_STEP][PASSED] - click: Object: 'Object Repository/Final Object Repo/Page_Form 1A - Cessation As Employer/Employment Resign Date' is clicked on

2018-12-14 09:54:31 - [MESSAGE][PASSED] - Object: 'Object Repository/Final Object Repo/Page_Form 1A - Cessation As Employer/Employment Resign Date' is clicked on

2018-12-14 09:54:31 - [TEST_STEP][PASSED] - delay: Delayed 1 second(s)

2018-12-14 09:54:32 - [MESSAGE][PASSED] - Delayed 1 second(s)

2018-12-14 09:54:32 - [TEST_STEP][PASSED] - selectOptionByValue: All options with value '2030' are selected in object 'Object Repository/Final Object Repo/Page_Form 1A - Cessation As Employer/Employment Resign Date - Year' 

2018-12-14 09:54:32 - [MESSAGE][PASSED] - All options with value '2030' are selected in object 'Object Repository/Final Object Repo/Page_Form 1A - Cessation As Employer/Employment Resign Date - Year' 

2018-12-14 09:54:32 - [TEST_STEP][PASSED] - delay: Delayed 1 second(s)

2018-12-14 09:54:33 - [MESSAGE][PASSED] - Delayed 1 second(s)

2018-12-14 09:54:33 - [TEST_STEP][PASSED] - click: Object: 'Object Repository/Final Object Repo/Page_Form 1A - Cessation As Employer/Employment Resign Date - Year - Date' is clicked on

2018-12-14 09:54:33 - [MESSAGE][PASSED] - Object: 'Object Repository/Final Object Repo/Page_Form 1A - Cessation As Employer/Employment Resign Date - Year - Date' is clicked on

2018-12-14 09:54:33 - [TEST_STEP][PASSED] - delay: Delayed 2 second(s)

2018-12-14 09:54:35 - [MESSAGE][PASSED] - Delayed 2 second(s)

2018-12-14 09:54:35 - [TEST_STEP][PASSED] - click: Object: 'Object Repository/Final Object Repo/Page_Form 1A - Cessation As Employer/Page_Form 1A - Cessation As Employer (Approve)/Save  Continue in Update Add Employee Resigned Date Page' is clicked on

2018-12-14 09:54:35 - [MESSAGE][PASSED] - Object: 'Object Repository/Final Object Repo/Page_Form 1A - Cessation As Employer/Page_Form 1A - Cessation As Employer (Approve)/Save  Continue in Update Add Employee Resigned Date Page' is clicked on

2018-12-14 09:54:35 - [TEST_STEP][PASSED] - delay: Delayed 2 second(s)

2018-12-14 09:54:37 - [MESSAGE][PASSED] - Delayed 2 second(s)

2018-12-14 09:54:37 - [TEST_STEP][PASSED] - click: Object: 'Object Repository/Final Object Repo/Page_Form 1A - Cessation As Employer/Set Latest - Yes' is clicked on

2018-12-14 09:54:38 - [MESSAGE][PASSED] - Object: 'Object Repository/Final Object Repo/Page_Form 1A - Cessation As Employer/Set Latest - Yes' is clicked on

2018-12-14 09:54:38 - [TEST_STEP][PASSED] - delay: Delayed 2 second(s)

2018-12-14 09:54:40 - [MESSAGE][PASSED] - Delayed 2 second(s)

2018-12-14 09:54:40 - [TEST_STEP][PASSED] - click: Object: 'Object Repository/Final Object Repo/Page_Form 1A - Cessation As Employer/Page_Form 1A - Cessation As Employer (Approve)/Save  Contine in Uploading Document Page' is clicked on

2018-12-14 09:54:41 - [MESSAGE][PASSED] - Object: 'Object Repository/Final Object Repo/Page_Form 1A - Cessation As Employer/Page_Form 1A - Cessation As Employer (Approve)/Save  Contine in Uploading Document Page' is clicked on

2018-12-14 09:54:41 - [TEST_STEP][PASSED] - delay: Delayed 2 second(s)

2018-12-14 09:54:43 - [MESSAGE][PASSED] - Delayed 2 second(s)

2018-12-14 09:54:43 - [TEST_STEP][PASSED] - click: Object: 'Object Repository/Final Object Repo/Page_Form 1A - Cessation As Employer/Page_Form 1A - Cessation As Employer (Approve)/Approve' is clicked on

2018-12-14 09:54:46 - [MESSAGE][PASSED] - Object: 'Object Repository/Final Object Repo/Page_Form 1A - Cessation As Employer/Page_Form 1A - Cessation As Employer (Approve)/Approve' is clicked on

2018-12-14 09:54:46 - [TEST_STEP][PASSED] - delay: Delayed 2 second(s)

2018-12-14 09:54:48 - [MESSAGE][PASSED] - Delayed 2 second(s)

2018-12-14 09:54:48 - [TEST_STEP][PASSED] - click: Object: 'Object Repository/Final Object Repo/Page_Form 1A - Cessation As Employer/Confirm' is clicked on

2018-12-14 09:54:48 - [MESSAGE][PASSED] - Object: 'Object Repository/Final Object Repo/Page_Form 1A - Cessation As Employer/Confirm' is clicked on

2018-12-14 09:54:48 - [TEST_STEP][PASSED] - delay: Delayed 2 second(s)

2018-12-14 09:54:50 - [MESSAGE][PASSED] - Delayed 2 second(s)

2018-12-14 09:54:50 - [TEST_STEP][PASSED] - click: Object: 'Object Repository/Final Object Repo/Page_Form 1A - Cessation As Employer/Page_Form 1A - Cessation As Employer (Approve)/Message Your Request    Form 1A ' is clicked on

2018-12-14 09:54:58 - [MESSAGE][PASSED] - Object: 'Object Repository/Final Object Repo/Page_Form 1A - Cessation As Employer/Page_Form 1A - Cessation As Employer (Approve)/Message Your Request    Form 1A ' is clicked on

2018-12-14 09:54:58 - [TEST_STEP][PASSED] - delay: Delayed 2 second(s)

2018-12-14 09:55:00 - [MESSAGE][PASSED] - Delayed 2 second(s)

2018-12-14 09:55:00 - [TEST_STEP][PASSED] - click: Object: 'Object Repository/Final Object Repo/Page_Form 1A - Cessation As Employer/Page_Form 1A - Cessation As Employer (Approve)/Letter of successful update' is clicked on

2018-12-14 09:55:01 - [MESSAGE][PASSED] - Object: 'Object Repository/Final Object Repo/Page_Form 1A - Cessation As Employer/Page_Form 1A - Cessation As Employer (Approve)/Letter of successful update' is clicked on

2018-12-14 09:55:01 - [MESSAGE][PASSED] - Call Test Case 'Test Cases/Final Aug 2018 - PKS Automation/Registration Module/Workflow/Form 1A - Cessation As Employer/Template/Form 1 A - Cessation As Employer (Approve)' successfully]]></system-out>
         <system-err><![CDATA[]]></system-err>
      </testcase>
      <testcase name="Test Cases/Final Aug 2018 - PKS Automation/Registration Module/Workflow/Form 1A - Cessation As Employer/Employer to UO (Query)" classname="Test Cases/Final Aug 2018 - PKS Automation/Registration Module/Workflow/Form 1A - Cessation As Employer/Employer to UO (Query)" status="PASSED">
         <system-out><![CDATA[2018-12-14 09:55:01 - [TEST_CASE][PASSED] - Test Cases/Final Aug 2018 - PKS Automation/Registration Module/Workflow/Form 1A - Cessation As Employer/Employer to UO (Query): Test Cases/Final Aug 2018 - PKS Automation/Registration Module/Workflow/Form 1A - Cessation As Employer/Employer to UO (Query)

2018-12-14 09:55:01 - [TEST_STEP][PASSED] - callTestCase: Call Test Case 'Test Cases/Final Aug 2018 - PKS Automation/Registration Module/Workflow/Form 1A - Cessation As Employer/Template/Form 1 A - Cessation As Employer (Employer)' successfully

2018-12-14 09:55:02 - [TEST_CASE][PASSED] - Test Cases/Final Aug 2018 - PKS Automation/Registration Module/Workflow/Form 1A - Cessation As Employer/Template/Form 1 A - Cessation As Employer (Employer): Test Cases/Final Aug 2018 - PKS Automation/Registration Module/Workflow/Form 1A - Cessation As Employer/Template/Form 1 A - Cessation As Employer (Employer)

2018-12-14 09:55:02 - [TEST_STEP][PASSED] - callTestCase: Call Test Case 'Test Cases/Final Aug 2018 - PKS Automation/Registration Module/Workflow/Update Add New Employee/Template/New Company for Update Add New - Employer' successfully

2018-12-14 09:55:02 - [TEST_CASE][PASSED] - Test Cases/Final Aug 2018 - PKS Automation/Registration Module/Workflow/Update Add New Employee/Template/New Company for Update Add New - Employer: Test Cases/Final Aug 2018 - PKS Automation/Registration Module/Workflow/Update Add New Employee/Template/New Company for Update Add New - Employer

2018-12-14 09:55:02 - [TEST_STEP][PASSED] - callTestCase: Call Test Case 'Test Cases/Final Aug 2018 - PKS Automation/Create Employer Acc/Create Employer Account' successfully

2018-12-14 09:55:02 - [TEST_CASE][PASSED] - Test Cases/Final Aug 2018 - PKS Automation/Create Employer Acc/Create Employer Account: Test Cases/Final Aug 2018 - PKS Automation/Create Employer Acc/Create Employer Account

2018-12-14 09:55:02 - [TEST_STEP][PASSED] - callTestCase: Call Test Case 'Test Cases/Final Aug 2018 - PKS Automation/Create Employer Acc/Template/Register Employer' successfully

2018-12-14 09:55:02 - [TEST_CASE][PASSED] - Test Cases/Final Aug 2018 - PKS Automation/Create Employer Acc/Template/Register Employer: Test Cases/Final Aug 2018 - PKS Automation/Create Employer Acc/Template/Register Employer

2018-12-14 09:55:02 - [TEST_STEP][PASSED] - openBrowser: Browser is opened with url: ''

2018-12-14 09:55:02 - [MESSAGE][WARNING] - A browser is already opened. Closing browser and opening a new one

2018-12-14 09:55:05 - [MESSAGE][PASSED] - Browser is opened with url: ''

2018-12-14 09:55:05 - [TEST_STEP][PASSED] - navigateToUrl: Navigate to 'https://assist2-uat.perkeso.gov.my/login' successfully

2018-12-14 09:55:06 - [MESSAGE][PASSED] - Navigate to 'https://assist2-uat.perkeso.gov.my/login' successfully

2018-12-14 09:55:06 - [TEST_STEP][PASSED] - setText: Text 'johorotc1@gmail.com' is set on object 'Object Repository/Final Object Repo/Login Page/Internal User/Email Address'

2018-12-14 09:55:07 - [MESSAGE][PASSED] - Text 'johorotc1@gmail.com' is set on object 'Object Repository/Final Object Repo/Login Page/Internal User/Email Address'

2018-12-14 09:55:07 - [TEST_STEP][PASSED] - click: Object: 'Object Repository/Final Object Repo/Login Page/Internal User/Next Button' is clicked on

2018-12-14 09:55:07 - [MESSAGE][PASSED] - Object: 'Object Repository/Final Object Repo/Login Page/Internal User/Next Button' is clicked on

2018-12-14 09:55:07 - [TEST_STEP][PASSED] - delay: Delayed 1 second(s)

2018-12-14 09:55:08 - [MESSAGE][PASSED] - Delayed 1 second(s)

2018-12-14 09:55:08 - [TEST_STEP][PASSED] - setEncryptedText: Text ****** has been set on object 'Object Repository/Final Object Repo/Login Page/Internal User/Password'

2018-12-14 09:55:08 - [MESSAGE][PASSED] - Text ****** has been set on object 'Object Repository/Final Object Repo/Login Page/Internal User/Password'

2018-12-14 09:55:08 - [TEST_STEP][PASSED] - click: Object: 'Object Repository/Final Object Repo/Login Page/Internal User/Login Button' is clicked on

2018-12-14 09:55:08 - [MESSAGE][PASSED] - Object: 'Object Repository/Final Object Repo/Login Page/Internal User/Login Button' is clicked on

2018-12-14 09:55:08 - [TEST_STEP][PASSED] - delay: Delayed 1 second(s)

2018-12-14 09:55:09 - [MESSAGE][PASSED] - Delayed 1 second(s)

2018-12-14 09:55:09 - [TEST_STEP][PASSED] - navigateToUrl: Navigate to 'https://assist2-uat.perkeso.gov.my/web/base/portal-id/registration' successfully

2018-12-14 09:55:11 - [MESSAGE][PASSED] - Navigate to 'https://assist2-uat.perkeso.gov.my/web/base/portal-id/registration' successfully

2018-12-14 09:55:11 - [TEST_STEP][PASSED] - setText: Text 'AUTOMATION EMPLOYER' is set on object 'Object Repository/Final Object Repo/Creating Employer Account/Page_Registration - ASSIST (Base)/Employer Name'

2018-12-14 09:55:12 - [MESSAGE][PASSED] - Text 'AUTOMATION EMPLOYER' is set on object 'Object Repository/Final Object Repo/Creating Employer Account/Page_Registration - ASSIST (Base)/Employer Name'

2018-12-14 09:55:12 - [TEST_STEP][PASSED] - delay: Delayed 2 second(s)

2018-12-14 09:55:14 - [MESSAGE][PASSED] - Delayed 2 second(s)

2018-12-14 09:55:14 - [TEST_STEP][PASSED] - click: Object: 'Object Repository/Final Object Repo/Creating Employer Account/Page_Registration - ASSIST (Base)/Registration Type' is clicked on

2018-12-14 09:55:14 - [MESSAGE][PASSED] - Object: 'Object Repository/Final Object Repo/Creating Employer Account/Page_Registration - ASSIST (Base)/Registration Type' is clicked on

2018-12-14 09:55:14 - [TEST_STEP][PASSED] - delay: Delayed 2 second(s)

2018-12-14 09:55:16 - [MESSAGE][PASSED] - Delayed 2 second(s)

2018-12-14 09:55:16 - [TEST_STEP][PASSED] - click: Object: 'Object Repository/Final Object Repo/Creating Employer Account/Page_Registration - ASSIST (Base)/Registration Type - Registration No' is clicked on

2018-12-14 09:55:16 - [MESSAGE][PASSED] - Object: 'Object Repository/Final Object Repo/Creating Employer Account/Page_Registration - ASSIST (Base)/Registration Type - Registration No' is clicked on

2018-12-14 09:55:16 - [TEST_STEP][PASSED] - delay: Delayed 2 second(s)

2018-12-14 09:55:18 - [MESSAGE][PASSED] - Delayed 2 second(s)

2018-12-14 09:55:18 - [TEST_STEP][PASSED] - setText: Text 'AUTOMATE001' is set on object 'Object Repository/Final Object Repo/Creating Employer Account/Page_Registration - ASSIST (Base)/Registration Number'

2018-12-14 09:55:19 - [MESSAGE][PASSED] - Text 'AUTOMATE001' is set on object 'Object Repository/Final Object Repo/Creating Employer Account/Page_Registration - ASSIST (Base)/Registration Number'

2018-12-14 09:55:19 - [TEST_STEP][PASSED] - delay: Delayed 2 second(s)

2018-12-14 09:55:21 - [MESSAGE][PASSED] - Delayed 2 second(s)

2018-12-14 09:55:21 - [TEST_STEP][PASSED] - setText: Text 'ADDRESS 1' is set on object 'Object Repository/Final Object Repo/Creating Employer Account/Page_Registration - ASSIST (Base)/Postal Address 1'

2018-12-14 09:55:21 - [MESSAGE][PASSED] - Text 'ADDRESS 1' is set on object 'Object Repository/Final Object Repo/Creating Employer Account/Page_Registration - ASSIST (Base)/Postal Address 1'

2018-12-14 09:55:21 - [TEST_STEP][PASSED] - setText: Text 'ADDRESS 2' is set on object 'Object Repository/Final Object Repo/Creating Employer Account/Page_Registration - ASSIST (Base)/Postal Address 2'

2018-12-14 09:55:21 - [MESSAGE][PASSED] - Text 'ADDRESS 2' is set on object 'Object Repository/Final Object Repo/Creating Employer Account/Page_Registration - ASSIST (Base)/Postal Address 2'

2018-12-14 09:55:21 - [TEST_STEP][PASSED] - click: Object: 'Object Repository/Final Object Repo/Creating Employer Account/Page_Registration - ASSIST (Base)/State' is clicked on

2018-12-14 09:55:22 - [MESSAGE][PASSED] - Object: 'Object Repository/Final Object Repo/Creating Employer Account/Page_Registration - ASSIST (Base)/State' is clicked on

2018-12-14 09:55:22 - [TEST_STEP][PASSED] - delay: Delayed 2 second(s)

2018-12-14 09:55:24 - [MESSAGE][PASSED] - Delayed 2 second(s)

2018-12-14 09:55:24 - [TEST_STEP][PASSED] - click: Object: 'Object Repository/Final Object Repo/Creating Employer Account/Page_Registration - ASSIST (Base)/State - Johor' is clicked on

2018-12-14 09:55:24 - [MESSAGE][PASSED] - Object: 'Object Repository/Final Object Repo/Creating Employer Account/Page_Registration - ASSIST (Base)/State - Johor' is clicked on

2018-12-14 09:55:24 - [TEST_STEP][PASSED] - delay: Delayed 2 second(s)

2018-12-14 09:55:26 - [MESSAGE][PASSED] - Delayed 2 second(s)

2018-12-14 09:55:26 - [TEST_STEP][PASSED] - click: Object: 'Object Repository/Final Object Repo/Creating Employer Account/Page_Registration - ASSIST (Base)/City' is clicked on

2018-12-14 09:55:26 - [MESSAGE][PASSED] - Object: 'Object Repository/Final Object Repo/Creating Employer Account/Page_Registration - ASSIST (Base)/City' is clicked on

2018-12-14 09:55:26 - [TEST_STEP][PASSED] - delay: Delayed 2 second(s)

2018-12-14 09:55:28 - [MESSAGE][PASSED] - Delayed 2 second(s)

2018-12-14 09:55:28 - [TEST_STEP][PASSED] - setText: Text 'joh' is set on object 'Object Repository/Final Object Repo/Creating Employer Account/Page_Registration - ASSIST (Base)/City - joh'

2018-12-14 09:55:28 - [MESSAGE][PASSED] - Text 'joh' is set on object 'Object Repository/Final Object Repo/Creating Employer Account/Page_Registration - ASSIST (Base)/City - joh'

2018-12-14 09:55:28 - [TEST_STEP][PASSED] - delay: Delayed 2 second(s)

2018-12-14 09:55:30 - [MESSAGE][PASSED] - Delayed 2 second(s)

2018-12-14 09:55:30 - [TEST_STEP][PASSED] - click: Object: 'Object Repository/Final Object Repo/Creating Employer Account/Page_Registration - ASSIST (Base)/City - Johor Bharu' is clicked on

2018-12-14 09:55:30 - [MESSAGE][PASSED] - Object: 'Object Repository/Final Object Repo/Creating Employer Account/Page_Registration - ASSIST (Base)/City - Johor Bharu' is clicked on

2018-12-14 09:55:30 - [TEST_STEP][PASSED] - delay: Delayed 2 second(s)

2018-12-14 09:55:32 - [MESSAGE][PASSED] - Delayed 2 second(s)

2018-12-14 09:55:32 - [TEST_STEP][PASSED] - click: Object: 'Object Repository/Final Object Repo/Creating Employer Account/Page_Registration - ASSIST (Base)/Post Code' is clicked on

2018-12-14 09:55:33 - [MESSAGE][PASSED] - Object: 'Object Repository/Final Object Repo/Creating Employer Account/Page_Registration - ASSIST (Base)/Post Code' is clicked on

2018-12-14 09:55:33 - [TEST_STEP][PASSED] - delay: Delayed 2 second(s)

2018-12-14 09:55:35 - [MESSAGE][PASSED] - Delayed 2 second(s)

2018-12-14 09:55:35 - [TEST_STEP][PASSED] - setText: Text '810' is set on object 'Object Repository/Final Object Repo/Creating Employer Account/Page_Registration - ASSIST (Base)/Post Code - 810'

2018-12-14 09:55:35 - [MESSAGE][PASSED] - Text '810' is set on object 'Object Repository/Final Object Repo/Creating Employer Account/Page_Registration - ASSIST (Base)/Post Code - 810'

2018-12-14 09:55:35 - [TEST_STEP][PASSED] - delay: Delayed 2 second(s)

2018-12-14 09:55:37 - [MESSAGE][PASSED] - Delayed 2 second(s)

2018-12-14 09:55:37 - [TEST_STEP][PASSED] - click: Object: 'Object Repository/Final Object Repo/Creating Employer Account/Page_Registration - ASSIST (Base)/Post Code - 81000' is clicked on

2018-12-14 09:55:37 - [MESSAGE][PASSED] - Object: 'Object Repository/Final Object Repo/Creating Employer Account/Page_Registration - ASSIST (Base)/Post Code - 81000' is clicked on

2018-12-14 09:55:37 - [TEST_STEP][PASSED] - delay: Delayed 2 second(s)

2018-12-14 09:55:39 - [MESSAGE][PASSED] - Delayed 2 second(s)

2018-12-14 09:55:39 - [TEST_STEP][PASSED] - setText: Text 'PERKESO' is set on object 'Object Repository/Final Object Repo/Creating Employer Account/Page_Registration - ASSIST (Base)/Full Name'

2018-12-14 09:55:39 - [MESSAGE][PASSED] - Text 'PERKESO' is set on object 'Object Repository/Final Object Repo/Creating Employer Account/Page_Registration - ASSIST (Base)/Full Name'

2018-12-14 09:55:39 - [TEST_STEP][PASSED] - Statement - rnd = new java.util.Random(): null

2018-12-14 09:55:39 - [TEST_STEP][PASSED] - Statement - snum = rnd.nextInt(899999 + 1) + 100000: null

2018-12-14 09:55:39 - [TEST_STEP][PASSED] - Statement - tnum = rnd.nextInt(899999 + 1) + 100000: null

2018-12-14 09:55:39 - [TEST_STEP][PASSED] - Statement - IC = java.lang.Integer.toString(snum) + java.lang.Integer.toString(tnum): null

2018-12-14 09:55:39 - [TEST_STEP][PASSED] - Statement - out.println(IC): null

2018-12-14 09:55:39 - [TEST_STEP][PASSED] - setText: Text '146684727551' is set on object 'Object Repository/Final Object Repo/Creating Employer Account/Page_Registration - ASSIST (Base)/Identification Number'

2018-12-14 09:55:40 - [MESSAGE][PASSED] - Text '146684727551' is set on object 'Object Repository/Final Object Repo/Creating Employer Account/Page_Registration - ASSIST (Base)/Identification Number'

2018-12-14 09:55:40 - [TEST_STEP][PASSED] - delay: Delayed 2 second(s)

2018-12-14 09:55:42 - [MESSAGE][PASSED] - Delayed 2 second(s)

2018-12-14 09:55:42 - [TEST_STEP][PASSED] - setText: Text '123456789012' is set on object 'Object Repository/Final Object Repo/Creating Employer Account/Page_Registration - ASSIST (Base)/Contact Number'

2018-12-14 09:55:42 - [MESSAGE][PASSED] - Text '123456789012' is set on object 'Object Repository/Final Object Repo/Creating Employer Account/Page_Registration - ASSIST (Base)/Contact Number'

2018-12-14 09:55:42 - [TEST_STEP][PASSED] - Statement - Email = "perkeso" + IC + "@gmail.com": null

2018-12-14 09:55:42 - [TEST_STEP][PASSED] - delay: Delayed 2 second(s)

2018-12-14 09:55:44 - [MESSAGE][PASSED] - Delayed 2 second(s)

2018-12-14 09:55:44 - [TEST_STEP][PASSED] - callTestCase: Call Test Case 'Test Cases/Final Aug 2018 - PKS Automation/Create Employer Acc/Template/Employer Email Settler' successfully

2018-12-14 09:55:44 - [TEST_CASE][PASSED] - Test Cases/Final Aug 2018 - PKS Automation/Create Employer Acc/Template/Employer Email Settler: Test Cases/Final Aug 2018 - PKS Automation/Create Employer Acc/Template/Employer Email Settler

2018-12-14 09:55:44 - [TEST_STEP][PASSED] - Statement - EmpEmailOld = new java.io.File(C://Users//Admin//Desktop//PKS//Automation Reference Point//EmpEmail.txt): null

2018-12-14 09:55:44 - [TEST_STEP][PASSED] - Statement - EmpEmailOld.delete(): null

2018-12-14 09:55:44 - [TEST_STEP][PASSED] - delay: Delayed 5 second(s)

2018-12-14 09:55:49 - [MESSAGE][PASSED] - Delayed 5 second(s)

2018-12-14 09:55:49 - [TEST_STEP][PASSED] - Statement - EmpEmail = new java.io.File(C://Users//Admin//Desktop//PKS//Automation Reference Point//EmpEmail.txt): null

2018-12-14 09:55:49 - [TEST_STEP][PASSED] - Statement - f2 = new java.io.FileWriter(EmpEmail, false): null

2018-12-14 09:55:49 - [TEST_STEP][PASSED] - Statement - f2.write(Email): null

2018-12-14 09:55:49 - [TEST_STEP][PASSED] - Statement - f2.close(): null

2018-12-14 09:55:49 - [TEST_STEP][PASSED] - Statement - out.println(Email): null

2018-12-14 09:55:49 - [MESSAGE][PASSED] - Call Test Case 'Test Cases/Final Aug 2018 - PKS Automation/Create Employer Acc/Template/Employer Email Settler' successfully

2018-12-14 09:55:49 - [TEST_STEP][PASSED] - delay: Delayed 2 second(s)

2018-12-14 09:55:51 - [MESSAGE][PASSED] - Delayed 2 second(s)

2018-12-14 09:55:51 - [TEST_STEP][PASSED] - setText: Text 'perkeso146684727551@gmail.com' is set on object 'Object Repository/Final Object Repo/Creating Employer Account/Page_Registration - ASSIST (Base)/Email'

2018-12-14 09:55:52 - [MESSAGE][PASSED] - Text 'perkeso146684727551@gmail.com' is set on object 'Object Repository/Final Object Repo/Creating Employer Account/Page_Registration - ASSIST (Base)/Email'

2018-12-14 09:55:52 - [TEST_STEP][PASSED] - setText: Text '123' is set on object 'Object Repository/Final Object Repo/Creating Employer Account/Page_Registration - ASSIST (Base)/Security Phase'

2018-12-14 09:55:52 - [MESSAGE][PASSED] - Text '123' is set on object 'Object Repository/Final Object Repo/Creating Employer Account/Page_Registration - ASSIST (Base)/Security Phase'

2018-12-14 09:55:52 - [TEST_STEP][PASSED] - click: Object: 'Object Repository/Final Object Repo/Creating Employer Account/Page_Registration - ASSIST (Base)/Save  Continue' is clicked on

2018-12-14 09:55:52 - [MESSAGE][PASSED] - Object: 'Object Repository/Final Object Repo/Creating Employer Account/Page_Registration - ASSIST (Base)/Save  Continue' is clicked on

2018-12-14 09:55:52 - [TEST_STEP][PASSED] - delay: Delayed 2 second(s)

2018-12-14 09:55:54 - [MESSAGE][PASSED] - Delayed 2 second(s)

2018-12-14 09:55:54 - [TEST_STEP][PASSED] - click: Object: 'Object Repository/Final Object Repo/Creating Employer Account/Page_Registration - ASSIST (Base)/Add Document' is clicked on

2018-12-14 09:55:54 - [MESSAGE][PASSED] - Object: 'Object Repository/Final Object Repo/Creating Employer Account/Page_Registration - ASSIST (Base)/Add Document' is clicked on

2018-12-14 09:55:54 - [TEST_STEP][PASSED] - delay: Delayed 2 second(s)

2018-12-14 09:55:56 - [MESSAGE][PASSED] - Delayed 2 second(s)

2018-12-14 09:55:56 - [TEST_STEP][PASSED] - click: Object: 'Object Repository/Final Object Repo/Creating Employer Account/Page_Registration - ASSIST (Base)/Document Type' is clicked on

2018-12-14 09:55:56 - [MESSAGE][PASSED] - Object: 'Object Repository/Final Object Repo/Creating Employer Account/Page_Registration - ASSIST (Base)/Document Type' is clicked on

2018-12-14 09:55:56 - [TEST_STEP][PASSED] - delay: Delayed 2 second(s)

2018-12-14 09:55:58 - [MESSAGE][PASSED] - Delayed 2 second(s)

2018-12-14 09:55:58 - [TEST_STEP][PASSED] - click: Object: 'Object Repository/Final Object Repo/Creating Employer Account/Page_Registration - ASSIST (Base)/Document Type - Letter of Authorization' is clicked on

2018-12-14 09:55:59 - [MESSAGE][PASSED] - Object: 'Object Repository/Final Object Repo/Creating Employer Account/Page_Registration - ASSIST (Base)/Document Type - Letter of Authorization' is clicked on

2018-12-14 09:55:59 - [TEST_STEP][PASSED] - delay: Delayed 2 second(s)

2018-12-14 09:56:01 - [MESSAGE][PASSED] - Delayed 2 second(s)

2018-12-14 09:56:01 - [TEST_STEP][PASSED] - sendKeys: Keys 'C:\Users\Public\Pictures\Sample Pictures\Koala.jpg' sent to object: 'Object Repository/Final Object Repo/Creating Employer Account/Page_Registration - ASSIST (Base)/Uploading File'

2018-12-14 09:56:01 - [MESSAGE][PASSED] - Keys 'C:\Users\Public\Pictures\Sample Pictures\Koala.jpg' sent to object: 'Object Repository/Final Object Repo/Creating Employer Account/Page_Registration - ASSIST (Base)/Uploading File'

2018-12-14 09:56:01 - [TEST_STEP][PASSED] - delay: Delayed 2 second(s)

2018-12-14 09:56:03 - [MESSAGE][PASSED] - Delayed 2 second(s)

2018-12-14 09:56:03 - [TEST_STEP][PASSED] - click: Object: 'Object Repository/Final Object Repo/Creating Employer Account/Page_Registration - ASSIST (Base)/Add Document in Uploading File' is clicked on

2018-12-14 09:56:03 - [MESSAGE][PASSED] - Object: 'Object Repository/Final Object Repo/Creating Employer Account/Page_Registration - ASSIST (Base)/Add Document in Uploading File' is clicked on

2018-12-14 09:56:03 - [TEST_STEP][PASSED] - delay: Delayed 2 second(s)

2018-12-14 09:56:05 - [MESSAGE][PASSED] - Delayed 2 second(s)

2018-12-14 09:56:05 - [TEST_STEP][PASSED] - click: Object: 'Object Repository/Final Object Repo/Creating Employer Account/Page_Registration - ASSIST (Base)/Save' is clicked on

2018-12-14 09:56:05 - [MESSAGE][PASSED] - Object: 'Object Repository/Final Object Repo/Creating Employer Account/Page_Registration - ASSIST (Base)/Save' is clicked on

2018-12-14 09:56:05 - [TEST_STEP][PASSED] - delay: Delayed 2 second(s)

2018-12-14 09:56:07 - [MESSAGE][PASSED] - Delayed 2 second(s)

2018-12-14 09:56:07 - [TEST_STEP][PASSED] - click: Object: 'Object Repository/Final Object Repo/Creating Employer Account/Page_Registration - ASSIST (Base)/Submit' is clicked on

2018-12-14 09:56:07 - [MESSAGE][PASSED] - Object: 'Object Repository/Final Object Repo/Creating Employer Account/Page_Registration - ASSIST (Base)/Submit' is clicked on

2018-12-14 09:56:07 - [TEST_STEP][PASSED] - delay: Delayed 2 second(s)

2018-12-14 09:56:09 - [MESSAGE][PASSED] - Delayed 2 second(s)

2018-12-14 09:56:09 - [TEST_STEP][PASSED] - click: Object: 'Object Repository/Final Object Repo/Creating Employer Account/Page_Registration - ASSIST (Base)/Confirm' is clicked on

2018-12-14 09:56:09 - [MESSAGE][PASSED] - Object: 'Object Repository/Final Object Repo/Creating Employer Account/Page_Registration - ASSIST (Base)/Confirm' is clicked on

2018-12-14 09:56:09 - [MESSAGE][PASSED] - Call Test Case 'Test Cases/Final Aug 2018 - PKS Automation/Create Employer Acc/Template/Register Employer' successfully

2018-12-14 09:56:09 - [TEST_STEP][PASSED] - delay: Delayed 1 second(s)

2018-12-14 09:56:10 - [MESSAGE][PASSED] - Delayed 1 second(s)

2018-12-14 09:56:10 - [TEST_STEP][PASSED] - navigateToUrl: Navigate to 'https://assist2-uat.perkeso.gov.my/c/portal/logout' successfully

2018-12-14 09:56:12 - [MESSAGE][PASSED] - Navigate to 'https://assist2-uat.perkeso.gov.my/c/portal/logout' successfully

2018-12-14 09:56:12 - [TEST_STEP][PASSED] - delay: Delayed 1 second(s)

2018-12-14 09:56:13 - [MESSAGE][PASSED] - Delayed 1 second(s)

2018-12-14 09:56:13 - [TEST_STEP][PASSED] - callTestCase: Call Test Case 'Test Cases/Final Aug 2018 - PKS Automation/Create Employer Acc/Template/Change Password of Employer' successfully

2018-12-14 09:56:13 - [TEST_CASE][PASSED] - Test Cases/Final Aug 2018 - PKS Automation/Create Employer Acc/Template/Change Password of Employer: Test Cases/Final Aug 2018 - PKS Automation/Create Employer Acc/Template/Change Password of Employer

2018-12-14 09:56:13 - [TEST_STEP][PASSED] - openBrowser: Browser is opened with url: ''

2018-12-14 09:56:13 - [MESSAGE][WARNING] - A browser is already opened. Closing browser and opening a new one

2018-12-14 09:56:17 - [MESSAGE][PASSED] - Browser is opened with url: ''

2018-12-14 09:56:17 - [TEST_STEP][PASSED] - navigateToUrl: Navigate to 'https://assist2-uat.perkeso.gov.my/login' successfully

2018-12-14 09:56:18 - [MESSAGE][PASSED] - Navigate to 'https://assist2-uat.perkeso.gov.my/login' successfully

2018-12-14 09:56:18 - [TEST_STEP][PASSED] - delay: Delayed 5 second(s)

2018-12-14 09:56:23 - [MESSAGE][PASSED] - Delayed 5 second(s)

2018-12-14 09:56:23 - [TEST_STEP][PASSED] - setText: Text 'test@liferay.com' is set on object 'Object Repository/Final Object Repo/Login Page/Internal User/Email Address'

2018-12-14 09:56:23 - [MESSAGE][PASSED] - Text 'test@liferay.com' is set on object 'Object Repository/Final Object Repo/Login Page/Internal User/Email Address'

2018-12-14 09:56:23 - [TEST_STEP][PASSED] - click: Object: 'Object Repository/Final Object Repo/Login Page/Internal User/Next Button' is clicked on

2018-12-14 09:56:23 - [MESSAGE][PASSED] - Object: 'Object Repository/Final Object Repo/Login Page/Internal User/Next Button' is clicked on

2018-12-14 09:56:23 - [TEST_STEP][PASSED] - delay: Delayed 2 second(s)

2018-12-14 09:56:25 - [MESSAGE][PASSED] - Delayed 2 second(s)

2018-12-14 09:56:25 - [TEST_STEP][PASSED] - setText: Text 'test' is set on object 'Object Repository/Final Object Repo/Login Page/Internal User/Password'

2018-12-14 09:56:25 - [MESSAGE][PASSED] - Text 'test' is set on object 'Object Repository/Final Object Repo/Login Page/Internal User/Password'

2018-12-14 09:56:25 - [TEST_STEP][PASSED] - delay: Delayed 2 second(s)

2018-12-14 09:56:27 - [MESSAGE][PASSED] - Delayed 2 second(s)

2018-12-14 09:56:27 - [TEST_STEP][PASSED] - click: Object: 'Object Repository/Final Object Repo/Login Page/Internal User/Login Button' is clicked on

2018-12-14 09:56:28 - [MESSAGE][PASSED] - Object: 'Object Repository/Final Object Repo/Login Page/Internal User/Login Button' is clicked on

2018-12-14 09:56:28 - [TEST_STEP][PASSED] - delay: Delayed 3 second(s)

2018-12-14 09:56:31 - [MESSAGE][PASSED] - Delayed 3 second(s)

2018-12-14 09:56:31 - [TEST_STEP][PASSED] - navigateToUrl: Navigate to 'https://assist2-uat.perkeso.gov.my/group/control_panel/manage?p_p_id=125&p_p_lifecycle=0&p_p_state=maximized&p_p_mode=view&refererPlid=20455&_125_usersListView=flat-users&_125_toolbarItem=view-all-users&_125_saveUsersListView=true&_125_struts_action=%2Fusers_admin%2Fview' successfully

2018-12-14 09:56:32 - [MESSAGE][PASSED] - Navigate to 'https://assist2-uat.perkeso.gov.my/group/control_panel/manage?p_p_id=125&p_p_lifecycle=0&p_p_state=maximized&p_p_mode=view&refererPlid=20455&_125_usersListView=flat-users&_125_toolbarItem=view-all-users&_125_saveUsersListView=true&_125_struts_action=%2Fusers_admin%2Fview' successfully

2018-12-14 09:56:32 - [TEST_STEP][PASSED] - delay: Delayed 3 second(s)

2018-12-14 09:56:35 - [MESSAGE][PASSED] - Delayed 3 second(s)

2018-12-14 09:56:35 - [TEST_STEP][PASSED] - setText: Text 'perkeso146684727551@gmail.com' is set on object 'Object Repository/Final Object Repo/Creating Employer Account/Page_Users and Organizations - ASSIST/Employer name'

2018-12-14 09:56:36 - [MESSAGE][PASSED] - Text 'perkeso146684727551@gmail.com' is set on object 'Object Repository/Final Object Repo/Creating Employer Account/Page_Users and Organizations - ASSIST/Employer name'

2018-12-14 09:56:36 - [TEST_STEP][PASSED] - delay: Delayed 3 second(s)

2018-12-14 09:56:39 - [MESSAGE][PASSED] - Delayed 3 second(s)

2018-12-14 09:56:39 - [TEST_STEP][PASSED] - click: Object: 'Object Repository/Final Object Repo/Creating Employer Account/Page_Users and Organizations - ASSIST/Search' is clicked on

2018-12-14 09:56:39 - [MESSAGE][PASSED] - Object: 'Object Repository/Final Object Repo/Creating Employer Account/Page_Users and Organizations - ASSIST/Search' is clicked on

2018-12-14 09:56:39 - [TEST_STEP][PASSED] - delay: Delayed 3 second(s)

2018-12-14 09:56:42 - [MESSAGE][PASSED] - Delayed 3 second(s)

2018-12-14 09:56:42 - [TEST_STEP][PASSED] - click: Object: 'Object Repository/Final Object Repo/Creating Employer Account/Page_Users and Organizations - ASSIST/Action' is clicked on

2018-12-14 09:56:42 - [MESSAGE][PASSED] - Object: 'Object Repository/Final Object Repo/Creating Employer Account/Page_Users and Organizations - ASSIST/Action' is clicked on

2018-12-14 09:56:42 - [TEST_STEP][PASSED] - delay: Delayed 3 second(s)

2018-12-14 09:56:45 - [MESSAGE][PASSED] - Delayed 3 second(s)

2018-12-14 09:56:45 - [TEST_STEP][PASSED] - click: Object: 'Object Repository/Final Object Repo/Creating Employer Account/Page_Users and Organizations - ASSIST/Edit' is clicked on

2018-12-14 09:56:46 - [MESSAGE][PASSED] - Object: 'Object Repository/Final Object Repo/Creating Employer Account/Page_Users and Organizations - ASSIST/Edit' is clicked on

2018-12-14 09:56:46 - [TEST_STEP][PASSED] - delay: Delayed 3 second(s)

2018-12-14 09:56:49 - [MESSAGE][PASSED] - Delayed 3 second(s)

2018-12-14 09:56:49 - [TEST_STEP][PASSED] - click: Object: 'Object Repository/Final Object Repo/Creating Employer Account/Page_PERKESO - Users and Organizati/a_Password (Modified)' is clicked on

2018-12-14 09:56:49 - [MESSAGE][PASSED] - Object: 'Object Repository/Final Object Repo/Creating Employer Account/Page_PERKESO - Users and Organizati/a_Password (Modified)' is clicked on

2018-12-14 09:56:49 - [TEST_STEP][PASSED] - delay: Delayed 3 second(s)

2018-12-14 09:56:52 - [MESSAGE][PASSED] - Delayed 3 second(s)

2018-12-14 09:56:52 - [TEST_STEP][PASSED] - setEncryptedText: Text ****** has been set on object 'Object Repository/Final Object Repo/Creating Employer Account/Page_PERKESO - Users and Organizati/input__125_password1'

2018-12-14 09:56:53 - [MESSAGE][PASSED] - Text ****** has been set on object 'Object Repository/Final Object Repo/Creating Employer Account/Page_PERKESO - Users and Organizati/input__125_password1'

2018-12-14 09:56:53 - [TEST_STEP][PASSED] - delay: Delayed 3 second(s)

2018-12-14 09:56:56 - [MESSAGE][PASSED] - Delayed 3 second(s)

2018-12-14 09:56:56 - [TEST_STEP][PASSED] - setEncryptedText: Text ****** has been set on object 'Object Repository/Final Object Repo/Creating Employer Account/Page_PERKESO - Users and Organizati/input__125_password2'

2018-12-14 09:56:56 - [MESSAGE][PASSED] - Text ****** has been set on object 'Object Repository/Final Object Repo/Creating Employer Account/Page_PERKESO - Users and Organizati/input__125_password2'

2018-12-14 09:56:56 - [TEST_STEP][PASSED] - delay: Delayed 3 second(s)

2018-12-14 09:56:59 - [MESSAGE][PASSED] - Delayed 3 second(s)

2018-12-14 09:56:59 - [TEST_STEP][PASSED] - click: Object: 'Object Repository/Final Object Repo/Creating Employer Account/Page_PERKESO - Users and Organizati/Save' is clicked on

2018-12-14 09:57:01 - [MESSAGE][PASSED] - Object: 'Object Repository/Final Object Repo/Creating Employer Account/Page_PERKESO - Users and Organizati/Save' is clicked on

2018-12-14 09:57:01 - [MESSAGE][PASSED] - Call Test Case 'Test Cases/Final Aug 2018 - PKS Automation/Create Employer Acc/Template/Change Password of Employer' successfully

2018-12-14 09:57:01 - [TEST_STEP][PASSED] - delay: Delayed 1 second(s)

2018-12-14 09:57:02 - [MESSAGE][PASSED] - Delayed 1 second(s)

2018-12-14 09:57:02 - [TEST_STEP][PASSED] - navigateToUrl: Navigate to 'https://assist2-uat.perkeso.gov.my/c/portal/logout' successfully

2018-12-14 09:57:03 - [MESSAGE][PASSED] - Navigate to 'https://assist2-uat.perkeso.gov.my/c/portal/logout' successfully

2018-12-14 09:57:03 - [TEST_STEP][PASSED] - delay: Delayed 1 second(s)

2018-12-14 09:57:04 - [MESSAGE][PASSED] - Delayed 1 second(s)

2018-12-14 09:57:04 - [TEST_STEP][PASSED] - callTestCase: Call Test Case 'Test Cases/Final Aug 2018 - PKS Automation/Create Employer Acc/Template/Login to Employer Account (First Time)' successfully

2018-12-14 09:57:04 - [TEST_CASE][PASSED] - Test Cases/Final Aug 2018 - PKS Automation/Create Employer Acc/Template/Login to Employer Account (First Time): Test Cases/Final Aug 2018 - PKS Automation/Create Employer Acc/Template/Login to Employer Account (First Time)

2018-12-14 09:57:04 - [TEST_STEP][PASSED] - openBrowser: Browser is opened with url: ''

2018-12-14 09:57:04 - [MESSAGE][WARNING] - A browser is already opened. Closing browser and opening a new one

2018-12-14 09:57:07 - [MESSAGE][PASSED] - Browser is opened with url: ''

2018-12-14 09:57:07 - [TEST_STEP][PASSED] - navigateToUrl: Navigate to 'https://assist2-uat.perkeso.gov.my/employer/login' successfully

2018-12-14 09:57:08 - [MESSAGE][PASSED] - Navigate to 'https://assist2-uat.perkeso.gov.my/employer/login' successfully

2018-12-14 09:57:08 - [TEST_STEP][PASSED] - delay: Delayed 3 second(s)

2018-12-14 09:57:11 - [MESSAGE][PASSED] - Delayed 3 second(s)

2018-12-14 09:57:11 - [TEST_STEP][PASSED] - callTestCase: Call Test Case 'Test Cases/Final Aug 2018 - PKS Automation/Create Employer Acc/Template/Employer Email Getter' successfully

2018-12-14 09:57:11 - [TEST_CASE][PASSED] - Test Cases/Final Aug 2018 - PKS Automation/Create Employer Acc/Template/Employer Email Getter: Test Cases/Final Aug 2018 - PKS Automation/Create Employer Acc/Template/Employer Email Getter

2018-12-14 09:57:11 - [TEST_STEP][PASSED] - Statement - Try: null

2018-12-14 09:57:11 - [TEST_STEP][PASSED] - Statement - EmpEmail = new java.io.File(C://Users//Admin//Desktop//PKS//Automation Reference Point//EmpEmail.txt): null

2018-12-14 09:57:11 - [TEST_STEP][PASSED] - Statement - bufferread = new java.io.BufferedReader(new java.io.FileReader(EmpEmail)): null

2018-12-14 09:57:11 - [TEST_STEP][PASSED] - Statement - readedVal = bufferread.readLine(): null

2018-12-14 09:57:11 - [TEST_STEP][PASSED] - Statement - out.println(readedVal): null

2018-12-14 09:57:11 - [TEST_STEP][PASSED] - Statement - Email = readedVal: null

2018-12-14 09:57:11 - [MESSAGE][PASSED] - Call Test Case 'Test Cases/Final Aug 2018 - PKS Automation/Create Employer Acc/Template/Employer Email Getter' successfully

2018-12-14 09:57:11 - [TEST_STEP][PASSED] - setText: Text 'perkeso146684727551@gmail.com' is set on object 'Object Repository/Final Object Repo/Login Page/External Login Page/Email'

2018-12-14 09:57:11 - [MESSAGE][PASSED] - Text 'perkeso146684727551@gmail.com' is set on object 'Object Repository/Final Object Repo/Login Page/External Login Page/Email'

2018-12-14 09:57:11 - [TEST_STEP][PASSED] - click: Object: 'Object Repository/Final Object Repo/Login Page/External Login Page/Next' is clicked on

2018-12-14 09:57:12 - [MESSAGE][PASSED] - Object: 'Object Repository/Final Object Repo/Login Page/External Login Page/Next' is clicked on

2018-12-14 09:57:12 - [TEST_STEP][PASSED] - delay: Delayed 3 second(s)

2018-12-14 09:57:15 - [MESSAGE][PASSED] - Delayed 3 second(s)

2018-12-14 09:57:15 - [TEST_STEP][PASSED] - setEncryptedText: Text ****** has been set on object 'Object Repository/Final Object Repo/Login Page/External Login Page/Password'

2018-12-14 09:57:15 - [MESSAGE][PASSED] - Text ****** has been set on object 'Object Repository/Final Object Repo/Login Page/External Login Page/Password'

2018-12-14 09:57:15 - [TEST_STEP][PASSED] - click: Object: 'Object Repository/Final Object Repo/Login Page/External Login Page/Login' is clicked on

2018-12-14 09:57:15 - [MESSAGE][PASSED] - Object: 'Object Repository/Final Object Repo/Login Page/External Login Page/Login' is clicked on

2018-12-14 09:57:15 - [TEST_STEP][PASSED] - delay: Delayed 3 second(s)

2018-12-14 09:57:18 - [MESSAGE][PASSED] - Delayed 3 second(s)

2018-12-14 09:57:18 - [TEST_STEP][PASSED] - click: Object: 'Object Repository/Final Object Repo/Creating Employer Account/Page_Terms of Use - ASSIST/button_I Agree' is clicked on

2018-12-14 09:57:19 - [MESSAGE][PASSED] - Object: 'Object Repository/Final Object Repo/Creating Employer Account/Page_Terms of Use - ASSIST/button_I Agree' is clicked on

2018-12-14 09:57:19 - [TEST_STEP][PASSED] - delay: Delayed 2 second(s)

2018-12-14 09:57:21 - [MESSAGE][PASSED] - Delayed 2 second(s)

2018-12-14 09:57:21 - [TEST_STEP][PASSED] - setEncryptedText: Text ****** has been set on object 'Object Repository/Final Object Repo/Creating Employer Account/Page_New Password - ASSIST/input_password1'

2018-12-14 09:57:21 - [MESSAGE][PASSED] - Text ****** has been set on object 'Object Repository/Final Object Repo/Creating Employer Account/Page_New Password - ASSIST/input_password1'

2018-12-14 09:57:21 - [TEST_STEP][PASSED] - setEncryptedText: Text ****** has been set on object 'Object Repository/Final Object Repo/Creating Employer Account/Page_New Password - ASSIST/input_password2'

2018-12-14 09:57:21 - [MESSAGE][PASSED] - Text ****** has been set on object 'Object Repository/Final Object Repo/Creating Employer Account/Page_New Password - ASSIST/input_password2'

2018-12-14 09:57:21 - [TEST_STEP][PASSED] - delay: Delayed 2 second(s)

2018-12-14 09:57:23 - [MESSAGE][PASSED] - Delayed 2 second(s)

2018-12-14 09:57:23 - [TEST_STEP][PASSED] - click: Object: 'Object Repository/Final Object Repo/Creating Employer Account/Page_New Password - ASSIST/Save' is clicked on

2018-12-14 09:57:24 - [MESSAGE][PASSED] - Object: 'Object Repository/Final Object Repo/Creating Employer Account/Page_New Password - ASSIST/Save' is clicked on

2018-12-14 09:57:24 - [TEST_STEP][PASSED] - delay: Delayed 2 second(s)

2018-12-14 09:57:26 - [MESSAGE][PASSED] - Delayed 2 second(s)

2018-12-14 09:57:26 - [TEST_STEP][PASSED] - setText: Text 'test' is set on object 'Object Repository/Final Object Repo/Creating Employer Account/Page_Password Reminder - ASSIST/Reminder Query Answer'

2018-12-14 09:57:26 - [MESSAGE][PASSED] - Text 'test' is set on object 'Object Repository/Final Object Repo/Creating Employer Account/Page_Password Reminder - ASSIST/Reminder Query Answer'

2018-12-14 09:57:26 - [TEST_STEP][PASSED] - delay: Delayed 2 second(s)

2018-12-14 09:57:28 - [MESSAGE][PASSED] - Delayed 2 second(s)

2018-12-14 09:57:28 - [TEST_STEP][PASSED] - doubleClick: Object: 'Object Repository/Final Object Repo/Creating Employer Account/Page_Password Reminder - ASSIST/Save' is double clicked on

2018-12-14 09:57:30 - [MESSAGE][PASSED] - Object: 'Object Repository/Final Object Repo/Creating Employer Account/Page_Password Reminder - ASSIST/Save' is double clicked on

2018-12-14 09:57:30 - [MESSAGE][PASSED] - Call Test Case 'Test Cases/Final Aug 2018 - PKS Automation/Create Employer Acc/Template/Login to Employer Account (First Time)' successfully

2018-12-14 09:57:30 - [MESSAGE][PASSED] - Call Test Case 'Test Cases/Final Aug 2018 - PKS Automation/Create Employer Acc/Create Employer Account' successfully

2018-12-14 09:57:30 - [TEST_STEP][PASSED] - callTestCase: Call Test Case 'Test Cases/Final Aug 2018 - PKS Automation/Registration Module/Log Out/log out avoiding katalon tagging' successfully

2018-12-14 09:57:30 - [TEST_CASE][PASSED] - Test Cases/Final Aug 2018 - PKS Automation/Registration Module/Log Out/log out avoiding katalon tagging: Test Cases/Final Aug 2018 - PKS Automation/Registration Module/Log Out/log out avoiding katalon tagging

2018-12-14 09:57:30 - [TEST_STEP][PASSED] - navigateToUrl: Navigate to 'https://assist2-uat.perkeso.gov.my/c/portal/logout' successfully

2018-12-14 09:57:31 - [MESSAGE][PASSED] - Navigate to 'https://assist2-uat.perkeso.gov.my/c/portal/logout' successfully

2018-12-14 09:57:31 - [MESSAGE][PASSED] - Call Test Case 'Test Cases/Final Aug 2018 - PKS Automation/Registration Module/Log Out/log out avoiding katalon tagging' successfully

2018-12-14 09:57:31 - [TEST_STEP][PASSED] - callTestCase: Call Test Case 'Test Cases/Final Aug 2018 - PKS Automation/Create Employer Acc/Login to Employer Account (Second time)' successfully

2018-12-14 09:57:31 - [TEST_CASE][PASSED] - Test Cases/Final Aug 2018 - PKS Automation/Create Employer Acc/Login to Employer Account (Second time): Test Cases/Final Aug 2018 - PKS Automation/Create Employer Acc/Login to Employer Account (Second time)

2018-12-14 09:57:31 - [TEST_STEP][PASSED] - openBrowser: Browser is opened with url: ''

2018-12-14 09:57:31 - [MESSAGE][WARNING] - A browser is already opened. Closing browser and opening a new one

2018-12-14 09:57:34 - [MESSAGE][PASSED] - Browser is opened with url: ''

2018-12-14 09:57:34 - [TEST_STEP][PASSED] - navigateToUrl: Navigate to 'https://assist2-uat.perkeso.gov.my/employer/login' successfully

2018-12-14 09:57:36 - [MESSAGE][PASSED] - Navigate to 'https://assist2-uat.perkeso.gov.my/employer/login' successfully

2018-12-14 09:57:36 - [TEST_STEP][PASSED] - delay: Delayed 3 second(s)

2018-12-14 09:57:39 - [MESSAGE][PASSED] - Delayed 3 second(s)

2018-12-14 09:57:39 - [TEST_STEP][PASSED] - callTestCase: Call Test Case 'Test Cases/Final Aug 2018 - PKS Automation/Create Employer Acc/Template/Employer Email Getter' successfully

2018-12-14 09:57:39 - [TEST_CASE][PASSED] - Test Cases/Final Aug 2018 - PKS Automation/Create Employer Acc/Template/Employer Email Getter: Test Cases/Final Aug 2018 - PKS Automation/Create Employer Acc/Template/Employer Email Getter

2018-12-14 09:57:39 - [TEST_STEP][PASSED] - Statement - Try: null

2018-12-14 09:57:39 - [TEST_STEP][PASSED] - Statement - EmpEmail = new java.io.File(C://Users//Admin//Desktop//PKS//Automation Reference Point//EmpEmail.txt): null

2018-12-14 09:57:39 - [TEST_STEP][PASSED] - Statement - bufferread = new java.io.BufferedReader(new java.io.FileReader(EmpEmail)): null

2018-12-14 09:57:39 - [TEST_STEP][PASSED] - Statement - readedVal = bufferread.readLine(): null

2018-12-14 09:57:39 - [TEST_STEP][PASSED] - Statement - out.println(readedVal): null

2018-12-14 09:57:39 - [TEST_STEP][PASSED] - Statement - Email = readedVal: null

2018-12-14 09:57:39 - [MESSAGE][PASSED] - Call Test Case 'Test Cases/Final Aug 2018 - PKS Automation/Create Employer Acc/Template/Employer Email Getter' successfully

2018-12-14 09:57:39 - [TEST_STEP][PASSED] - setText: Text 'perkeso146684727551@gmail.com' is set on object 'Object Repository/Final Object Repo/Login Page/External Login Page/Email'

2018-12-14 09:57:39 - [MESSAGE][PASSED] - Text 'perkeso146684727551@gmail.com' is set on object 'Object Repository/Final Object Repo/Login Page/External Login Page/Email'

2018-12-14 09:57:39 - [TEST_STEP][PASSED] - click: Object: 'Object Repository/Final Object Repo/Login Page/External Login Page/Next' is clicked on

2018-12-14 09:57:39 - [MESSAGE][PASSED] - Object: 'Object Repository/Final Object Repo/Login Page/External Login Page/Next' is clicked on

2018-12-14 09:57:39 - [TEST_STEP][PASSED] - delay: Delayed 3 second(s)

2018-12-14 09:57:42 - [MESSAGE][PASSED] - Delayed 3 second(s)

2018-12-14 09:57:42 - [TEST_STEP][PASSED] - setEncryptedText: Text ****** has been set on object 'Object Repository/Final Object Repo/Login Page/External Login Page/Password'

2018-12-14 09:57:43 - [MESSAGE][PASSED] - Text ****** has been set on object 'Object Repository/Final Object Repo/Login Page/External Login Page/Password'

2018-12-14 09:57:43 - [TEST_STEP][PASSED] - click: Object: 'Object Repository/Final Object Repo/Login Page/External Login Page/Login' is clicked on

2018-12-14 09:57:43 - [MESSAGE][PASSED] - Object: 'Object Repository/Final Object Repo/Login Page/External Login Page/Login' is clicked on

2018-12-14 09:57:43 - [TEST_STEP][PASSED] - delay: Delayed 5 second(s)

2018-12-14 09:57:48 - [MESSAGE][PASSED] - Delayed 5 second(s)

2018-12-14 09:57:48 - [MESSAGE][PASSED] - Call Test Case 'Test Cases/Final Aug 2018 - PKS Automation/Create Employer Acc/Login to Employer Account (Second time)' successfully

2018-12-14 09:57:48 - [TEST_STEP][PASSED] - delay: Delayed 4 second(s)

2018-12-14 09:57:52 - [MESSAGE][PASSED] - Delayed 4 second(s)

2018-12-14 09:57:52 - [TEST_STEP][PASSED] - Statement - Try: Delayed 2 second(s)

2018-12-14 09:57:52 - [TEST_STEP][PASSED] - Statement - Checker = false: null

2018-12-14 09:57:52 - [TEST_STEP][PASSED] - Statement - Checker = com.kms.katalon.core.webui.keyword.WebUiBuiltInKeywords.verifyElementHasAttribute(com.kms.katalon.core.testobject.ObjectRepository.findTestObject(Final Object Repo/Landing Page/BM Detecting), "href", 20, OPTIONAL): Object 'Object Repository/Final Object Repo/Landing Page/BM Detecting' has attribute 'href'

2018-12-14 09:57:52 - [MESSAGE][PASSED] - Object 'Object Repository/Final Object Repo/Landing Page/BM Detecting' has attribute 'href'

2018-12-14 09:57:52 - [TEST_STEP][PASSED] - Statement - out.println(Checker): null

2018-12-14 09:57:52 - [TEST_STEP][PASSED] - Statement - If (Checker == false): null

2018-12-14 09:57:52 - [TEST_STEP][PASSED] - Statement - Else: null

2018-12-14 09:57:52 - [TEST_STEP][PASSED] - delay: Delayed 2 second(s)

2018-12-14 09:57:54 - [MESSAGE][PASSED] - Delayed 2 second(s)

2018-12-14 09:57:54 - [TEST_STEP][PASSED] - delay: Delayed 4 second(s)

2018-12-14 09:57:58 - [MESSAGE][PASSED] - Delayed 4 second(s)

2018-12-14 09:57:58 - [TEST_STEP][PASSED] - click: Object: 'Object Repository/Final Object Repo/Landing Page/My Sites Drop Down' is clicked on

2018-12-14 09:57:58 - [MESSAGE][PASSED] - Object: 'Object Repository/Final Object Repo/Landing Page/My Sites Drop Down' is clicked on

2018-12-14 09:57:58 - [TEST_STEP][PASSED] - click: Object: 'Object Repository/Final Object Repo/Landing Page/Select to Registration Module' is clicked on

2018-12-14 09:58:00 - [MESSAGE][PASSED] - Object: 'Object Repository/Final Object Repo/Landing Page/Select to Registration Module' is clicked on

2018-12-14 09:58:00 - [TEST_STEP][PASSED] - click: Object: 'Object Repository/Final Object Repo/Landing Page/Registration Button' is clicked on

2018-12-14 09:58:02 - [MESSAGE][PASSED] - Object: 'Object Repository/Final Object Repo/Landing Page/Registration Button' is clicked on

2018-12-14 09:58:02 - [TEST_STEP][PASSED] - delay: Delayed 2 second(s)

2018-12-14 09:58:04 - [MESSAGE][PASSED] - Delayed 2 second(s)

2018-12-14 09:58:04 - [TEST_STEP][PASSED] - click: Object: 'Object Repository/Final Object Repo/New Registration - Registration Module Pages/New Reg - OTC to RO/Special Case - OTC - Form 1/AEC NO' is clicked on

2018-12-14 09:58:04 - [MESSAGE][PASSED] - Object: 'Object Repository/Final Object Repo/New Registration - Registration Module Pages/New Reg - OTC to RO/Special Case - OTC - Form 1/AEC NO' is clicked on

2018-12-14 09:58:04 - [TEST_STEP][PASSED] - click: Object: 'Object Repository/Final Object Repo/New Registration - Registration Module Pages/New Reg - OTC to RO/Special Case - OTC - Form 1/Business Entity - Please Select' is clicked on

2018-12-14 09:58:04 - [MESSAGE][PASSED] - Object: 'Object Repository/Final Object Repo/New Registration - Registration Module Pages/New Reg - OTC to RO/Special Case - OTC - Form 1/Business Entity - Please Select' is clicked on

2018-12-14 09:58:04 - [TEST_STEP][PASSED] - click: Object: 'Object Repository/Final Object Repo/New Registration - Registration Module Pages/New Reg - OTC to RO/Special Case - OTC - Form 1/Selected - Corporation' is clicked on

2018-12-14 09:58:05 - [MESSAGE][PASSED] - Object: 'Object Repository/Final Object Repo/New Registration - Registration Module Pages/New Reg - OTC to RO/Special Case - OTC - Form 1/Selected - Corporation' is clicked on

2018-12-14 09:58:05 - [TEST_STEP][PASSED] - delay: Delayed 2 second(s)

2018-12-14 09:58:07 - [MESSAGE][PASSED] - Delayed 2 second(s)

2018-12-14 09:58:07 - [TEST_STEP][PASSED] - click: Object: 'Object Repository/Final Object Repo/New Registration - Registration Module Pages/New Reg - OTC to RO/Special Case - OTC - Form 1/Sub Business Entity - Please Select' is clicked on

2018-12-14 09:58:07 - [MESSAGE][PASSED] - Object: 'Object Repository/Final Object Repo/New Registration - Registration Module Pages/New Reg - OTC to RO/Special Case - OTC - Form 1/Sub Business Entity - Please Select' is clicked on

2018-12-14 09:58:07 - [TEST_STEP][PASSED] - delay: Delayed 2 second(s)

2018-12-14 09:58:09 - [MESSAGE][PASSED] - Delayed 2 second(s)

2018-12-14 09:58:09 - [TEST_STEP][PASSED] - click: Object: 'Object Repository/Final Object Repo/New Registration - Registration Module Pages/New Reg - OTC to RO/Special Case - OTC - Form 1/Selected - Sendirian Berhad' is clicked on

2018-12-14 09:58:09 - [MESSAGE][PASSED] - Object: 'Object Repository/Final Object Repo/New Registration - Registration Module Pages/New Reg - OTC to RO/Special Case - OTC - Form 1/Selected - Sendirian Berhad' is clicked on

2018-12-14 09:58:09 - [TEST_STEP][PASSED] - setText: Text 'AUTOMATE001' is set on object 'Object Repository/Final Object Repo/New Registration - Registration Module Pages/New Reg - OTC to RO/Special Case - OTC - Form 1/Input BRN Number'

2018-12-14 09:58:11 - [MESSAGE][PASSED] - Text 'AUTOMATE001' is set on object 'Object Repository/Final Object Repo/New Registration - Registration Module Pages/New Reg - OTC to RO/Special Case - OTC - Form 1/Input BRN Number'

2018-12-14 09:58:11 - [TEST_STEP][PASSED] - delay: Delayed 2 second(s)

2018-12-14 09:58:13 - [MESSAGE][PASSED] - Delayed 2 second(s)

2018-12-14 09:58:13 - [TEST_STEP][PASSED] - click: Object: 'Object Repository/Final Object Repo/New Registration - Registration Module Pages/New Reg - OTC to RO/Special Case - OTC - Form 1/BRN Search' is clicked on

2018-12-14 09:58:13 - [MESSAGE][PASSED] - Object: 'Object Repository/Final Object Repo/New Registration - Registration Module Pages/New Reg - OTC to RO/Special Case - OTC - Form 1/BRN Search' is clicked on

2018-12-14 09:58:13 - [TEST_STEP][PASSED] - delay: Delayed 4 second(s)

2018-12-14 09:58:17 - [MESSAGE][PASSED] - Delayed 4 second(s)

2018-12-14 09:58:17 - [TEST_STEP][PASSED] - click: Object: 'Object Repository/Final Object Repo/New Registration - Registration Module Pages/New Reg - OTC to RO/Special Case - OTC - Form 1/Registered with SSM - After Feb 2017' is clicked on

2018-12-14 09:58:17 - [MESSAGE][PASSED] - Object: 'Object Repository/Final Object Repo/New Registration - Registration Module Pages/New Reg - OTC to RO/Special Case - OTC - Form 1/Registered with SSM - After Feb 2017' is clicked on

2018-12-14 09:58:17 - [TEST_STEP][PASSED] - delay: Delayed 2 second(s)

2018-12-14 09:58:19 - [MESSAGE][PASSED] - Delayed 2 second(s)

2018-12-14 09:58:19 - [TEST_STEP][PASSED] - click: Object: 'Object Repository/Final Object Repo/New Registration - Registration Module Pages/Form 1/Registered As a Branch - Yes' is clicked on

2018-12-14 09:58:19 - [MESSAGE][PASSED] - Object: 'Object Repository/Final Object Repo/New Registration - Registration Module Pages/Form 1/Registered As a Branch - Yes' is clicked on

2018-12-14 09:58:19 - [TEST_STEP][PASSED] - click: Object: 'Object Repository/Final Object Repo/New Registration - Registration Module Pages/New Reg - OTC to RO/Special Case - OTC - Form 1/Acknowledgement Ticked' is clicked on

2018-12-14 09:58:19 - [MESSAGE][PASSED] - Object: 'Object Repository/Final Object Repo/New Registration - Registration Module Pages/New Reg - OTC to RO/Special Case - OTC - Form 1/Acknowledgement Ticked' is clicked on

2018-12-14 09:58:19 - [TEST_STEP][PASSED] - setText: Text 'perkeso146684727551@gmail.com' is set on object 'Object Repository/Final Object Repo/New Registration - Registration Module Pages/Form 1/Email'

2018-12-14 09:58:20 - [MESSAGE][PASSED] - Text 'perkeso146684727551@gmail.com' is set on object 'Object Repository/Final Object Repo/New Registration - Registration Module Pages/Form 1/Email'

2018-12-14 09:58:20 - [TEST_STEP][PASSED] - click: Object: 'Object Repository/Final Object Repo/New Registration - Registration Module Pages/New Reg - OTC to RO/Special Case - OTC - Form 1/Submit Button' is clicked on

2018-12-14 09:58:20 - [MESSAGE][PASSED] - Object: 'Object Repository/Final Object Repo/New Registration - Registration Module Pages/New Reg - OTC to RO/Special Case - OTC - Form 1/Submit Button' is clicked on

2018-12-14 09:58:20 - [TEST_STEP][PASSED] - callTestCase: Call Test Case 'Test Cases/Final Aug 2018 - PKS Automation/Registration Module/New Registration/Form 2/Add 1 Eligible - Employer Account Use' successfully

2018-12-14 09:58:20 - [TEST_CASE][PASSED] - Test Cases/Final Aug 2018 - PKS Automation/Registration Module/New Registration/Form 2/Add 1 Eligible - Employer Account Use: Test Cases/Final Aug 2018 - PKS Automation/Registration Module/New Registration/Form 2/Add 1 Eligible - Employer Account Use

2018-12-14 09:58:20 - [TEST_STEP][PASSED] - delay: Delayed 2 second(s)

2018-12-14 09:58:22 - [MESSAGE][PASSED] - Delayed 2 second(s)

2018-12-14 09:58:22 - [TEST_STEP][PASSED] - callTestCase: Call Test Case 'Test Cases/Final Aug 2018 - PKS Automation/Registration Module/New Registration/Form 2/Date Updater' successfully

2018-12-14 09:58:23 - [TEST_CASE][PASSED] - Test Cases/Final Aug 2018 - PKS Automation/Registration Module/New Registration/Form 2/Date Updater: Test Cases/Final Aug 2018 - PKS Automation/Registration Module/New Registration/Form 2/Date Updater

2018-12-14 09:58:23 - [TEST_STEP][PASSED] - Statement - TodayDate = new java.util.Date(): null

2018-12-14 09:58:23 - [TEST_STEP][PASSED] - Statement - CurrentDateNoFilter = new java.text.SimpleDateFormat(): null

2018-12-14 09:58:23 - [TEST_STEP][PASSED] - Statement - CurrentDateNoFilter.applyPattern("MM"): null

2018-12-14 09:58:23 - [TEST_STEP][PASSED] - Statement - monthContainerMatcher = java.lang.Integer.parseInt(CurrentDateNoFilter.format(TodayDate)): null

2018-12-14 09:58:23 - [TEST_STEP][PASSED] - Statement - monthContainerMatcher = monthContainerMatcher - 1: null

2018-12-14 09:58:23 - [TEST_STEP][PASSED] - Statement - CurrentMonth = monthContainerMatcher.toString(): null

2018-12-14 09:58:23 - [TEST_STEP][PASSED] - Statement - CurrentMonth = CurrentMonth: null

2018-12-14 09:58:23 - [TEST_STEP][PASSED] - Statement - CurrentDateNoFilter.applyPattern("yyyy"): null

2018-12-14 09:58:23 - [TEST_STEP][PASSED] - Statement - CurrentYear = CurrentDateNoFilter.format(TodayDate): null

2018-12-14 09:58:23 - [TEST_STEP][PASSED] - Statement - CurrentYear = CurrentYear: null

2018-12-14 09:58:23 - [TEST_STEP][PASSED] - Statement - intCurrentYear = java.lang.Integer.parseInt(CurrentDateNoFilter.format(TodayDate)): null

2018-12-14 09:58:23 - [TEST_STEP][PASSED] - Statement - eighteenYrsAgo = intCurrentYear - 18: null

2018-12-14 09:58:23 - [TEST_STEP][PASSED] - Statement - eighteenYrsBeforeThisYr = eighteenYrsAgo.toString(): null

2018-12-14 09:58:23 - [TEST_STEP][PASSED] - Statement - EighteenYrsBefore = eighteenYrsBeforeThisYr: null

2018-12-14 09:58:23 - [TEST_STEP][PASSED] - Statement - fiftysevenYrsAgo = intCurrentYear - 57: null

2018-12-14 09:58:23 - [TEST_STEP][PASSED] - Statement - fiftysevenYrsBeforeThisYr = fiftysevenYrsAgo.toString(): null

2018-12-14 09:58:23 - [TEST_STEP][PASSED] - Statement - FiftysevenYrsBefore = fiftysevenYrsBeforeThisYr: null

2018-12-14 09:58:23 - [TEST_STEP][PASSED] - Statement - leapYear = false: null

2018-12-14 09:58:23 - [TEST_STEP][PASSED] - Statement - leapYear = intCurrentYear % 4 == 0: null

2018-12-14 09:58:23 - [TEST_STEP][PASSED] - Statement - CurrentDateNoFilter.applyPattern("dd"): null

2018-12-14 09:58:23 - [TEST_STEP][PASSED] - Statement - CurrentDate = CurrentDateNoFilter.format(TodayDate): null

2018-12-14 09:58:23 - [TEST_STEP][PASSED] - Statement - CurrentDate = java.lang.Integer.parseInt(CurrentDate): null

2018-12-14 09:58:23 - [TEST_STEP][PASSED] - Statement - CurrentDate = CurrentDate: null

2018-12-14 09:58:23 - [TEST_STEP][PASSED] - Statement - CurrentDay = java.lang.Integer.parseInt(CurrentDate): null

2018-12-14 09:58:23 - [TEST_STEP][PASSED] - Statement - ConfAdder = <not implemented yet for class: org.codehaus.groovy.ast.expr.EmptyExpression>: null

2018-12-14 09:58:23 - [TEST_STEP][PASSED] - Statement - out.println(CurrentMonth): null

2018-12-14 09:58:23 - [TEST_STEP][PASSED] - Statement - out.println(CurrentDate): null

2018-12-14 09:58:23 - [TEST_STEP][PASSED] - Statement - switch (CurrentDate): null

2018-12-14 09:58:23 - [TEST_STEP][PASSED] - Statement - Default: null

2018-12-14 09:58:23 - [TEST_STEP][PASSED] - Statement - ConfAdder = true: null

2018-12-14 09:58:23 - [TEST_STEP][PASSED] - Statement - Break: null

2018-12-14 09:58:23 - [TEST_STEP][PASSED] - Statement - aDayBefore = <not implemented yet for class: org.codehaus.groovy.ast.expr.EmptyExpression>: null

2018-12-14 09:58:23 - [TEST_STEP][PASSED] - Statement - out.println(ConfAdder): null

2018-12-14 09:58:23 - [TEST_STEP][PASSED] - Statement - If (ConfAdder == true): null

2018-12-14 09:58:23 - [TEST_STEP][PASSED] - Statement - aDayBefore = CurrentDay + 1: null

2018-12-14 09:58:23 - [TEST_STEP][PASSED] - Statement - out.println(aDayBefore): null

2018-12-14 09:58:23 - [TEST_STEP][PASSED] - Statement - If (aDayBefore == 1 && CurrentMonth == 11): null

2018-12-14 09:58:23 - [TEST_STEP][PASSED] - Statement - DayBefore = aDayBefore.toString(): null

2018-12-14 09:58:23 - [TEST_STEP][PASSED] - Statement - OneDayBefore = DayBefore: null

2018-12-14 09:58:23 - [MESSAGE][PASSED] - Call Test Case 'Test Cases/Final Aug 2018 - PKS Automation/Registration Module/New Registration/Form 2/Date Updater' successfully

2018-12-14 09:58:23 - [TEST_STEP][PASSED] - delay: Delayed 1 second(s)

2018-12-14 09:58:24 - [MESSAGE][PASSED] - Delayed 1 second(s)

2018-12-14 09:58:24 - [TEST_STEP][PASSED] - Statement - CaseReferenceNo = com.kms.katalon.core.webui.keyword.WebUiBuiltInKeywords.getText(com.kms.katalon.core.testobject.ObjectRepository.findTestObject(Final Object Repo/New Registration - Registration Module Pages/Form 2/RefNo Acquiring)): Text of object 'Object Repository/Final Object Repo/New Registration - Registration Module Pages/Form 2/RefNo Acquiring' is: 'CRN12201800123332'

2018-12-14 09:58:24 - [MESSAGE][PASSED] - Text of object 'Object Repository/Final Object Repo/New Registration - Registration Module Pages/Form 2/RefNo Acquiring' is: 'CRN12201800123332'

2018-12-14 09:58:24 - [TEST_STEP][PASSED] - delay: Delayed 1 second(s)

2018-12-14 09:58:25 - [MESSAGE][PASSED] - Delayed 1 second(s)

2018-12-14 09:58:25 - [TEST_STEP][PASSED] - click: Object: 'Object Repository/Final Object Repo/New Registration - Registration Module Pages/Form 2/Add Employee Button' is clicked on

2018-12-14 09:58:25 - [MESSAGE][PASSED] - Object: 'Object Repository/Final Object Repo/New Registration - Registration Module Pages/Form 2/Add Employee Button' is clicked on

2018-12-14 09:58:25 - [TEST_STEP][PASSED] - delay: Delayed 1 second(s)

2018-12-14 09:58:26 - [MESSAGE][PASSED] - Delayed 1 second(s)

2018-12-14 09:58:26 - [TEST_STEP][PASSED] - setText: Text '010903091948' is set on object 'Object Repository/Final Object Repo/New Registration - Registration Module Pages/Form 2/NRIC Input'

2018-12-14 09:58:26 - [MESSAGE][PASSED] - Text '010903091948' is set on object 'Object Repository/Final Object Repo/New Registration - Registration Module Pages/Form 2/NRIC Input'

2018-12-14 09:58:26 - [TEST_STEP][PASSED] - delay: Delayed 2 second(s)

2018-12-14 09:58:28 - [MESSAGE][PASSED] - Delayed 2 second(s)

2018-12-14 09:58:28 - [TEST_STEP][PASSED] - setText: Text 'Automate001 eligible 1' is set on object 'Object Repository/Final Object Repo/New Registration - Registration Module Pages/Form 2/Employee Name Input'

2018-12-14 09:58:29 - [MESSAGE][PASSED] - Text 'Automate001 eligible 1' is set on object 'Object Repository/Final Object Repo/New Registration - Registration Module Pages/Form 2/Employee Name Input'

2018-12-14 09:58:29 - [TEST_STEP][PASSED] - delay: Delayed 2 second(s)

2018-12-14 09:58:31 - [MESSAGE][PASSED] - Delayed 2 second(s)

2018-12-14 09:58:31 - [TEST_STEP][PASSED] - click: Object: 'Object Repository/Final Object Repo/New Registration - Registration Module Pages/Form 2/DatePicker Pop Up' is clicked on

2018-12-14 09:58:31 - [MESSAGE][PASSED] - Object: 'Object Repository/Final Object Repo/New Registration - Registration Module Pages/Form 2/DatePicker Pop Up' is clicked on

2018-12-14 09:58:31 - [TEST_STEP][PASSED] - click: Object: 'Object Repository/Final Object Repo/New Registration - Registration Module Pages/Form 2/DOB Month' is clicked on

2018-12-14 09:58:31 - [MESSAGE][PASSED] - Object: 'Object Repository/Final Object Repo/New Registration - Registration Module Pages/Form 2/DOB Month' is clicked on

2018-12-14 09:58:31 - [TEST_STEP][PASSED] - Statement - CurrentMonth = CurrentMonth: null

2018-12-14 09:58:31 - [TEST_STEP][PASSED] - Statement - selectMonth = new com.kms.katalon.core.testobject.TestObject(): null

2018-12-14 09:58:31 - [TEST_STEP][PASSED] - Statement - selectMonth.addProperty("xpath", EQUALS, "//body/div/div/div/select/option[@value='" + CurrentMonth + "']", true): null

2018-12-14 09:58:31 - [TEST_STEP][PASSED] - click: Object: '' is clicked on

2018-12-14 09:58:31 - [MESSAGE][PASSED] - Object: '' is clicked on

2018-12-14 09:58:31 - [TEST_STEP][PASSED] - click: Object: 'Object Repository/Final Object Repo/New Registration - Registration Module Pages/Form 2/DOB Year' is clicked on

2018-12-14 09:58:32 - [MESSAGE][PASSED] - Object: 'Object Repository/Final Object Repo/New Registration - Registration Module Pages/Form 2/DOB Year' is clicked on

2018-12-14 09:58:32 - [TEST_STEP][PASSED] - Statement - Eyearsbf = EighteenYrsBefore: null

2018-12-14 09:58:32 - [TEST_STEP][PASSED] - Statement - selectYear = new com.kms.katalon.core.testobject.TestObject(): null

2018-12-14 09:58:32 - [TEST_STEP][PASSED] - Statement - selectYear.addProperty("xpath", EQUALS, "//div/div/div/select/option[@value='" + Eyearsbf + "']", true): null

2018-12-14 09:58:32 - [TEST_STEP][PASSED] - click: Object: '' is clicked on

2018-12-14 09:58:32 - [MESSAGE][PASSED] - Object: '' is clicked on

2018-12-14 09:58:32 - [TEST_STEP][PASSED] - Statement - UpdatedSelectDate = com.kms.katalon.core.webui.keyword.WebUiBuiltInKeywords.modifyObjectProperty(com.kms.katalon.core.testobject.ObjectRepository.findTestObject(Final Object Repo/New Registration - Registration Module Pages/Form 2/DOB Date), "xpath", "equals", "//body/div/table/tbody/tr/td/a[text()="" + CurrentDate + ""]", true): Modify property of object successfully

2018-12-14 09:58:32 - [MESSAGE][PASSED] - Modify property of object successfully

2018-12-14 09:58:32 - [TEST_STEP][PASSED] - delay: Delayed 3 second(s)

2018-12-14 09:58:35 - [MESSAGE][PASSED] - Delayed 3 second(s)

2018-12-14 09:58:35 - [TEST_STEP][PASSED] - click: Object: 'Object Repository/Final Object Repo/New Registration - Registration Module Pages/Form 2/DOB Date' is clicked on

2018-12-14 09:58:35 - [MESSAGE][PASSED] - Object: 'Object Repository/Final Object Repo/New Registration - Registration Module Pages/Form 2/DOB Date' is clicked on

2018-12-14 09:58:35 - [TEST_STEP][PASSED] - delay: Delayed 2 second(s)

2018-12-14 09:58:37 - [MESSAGE][PASSED] - Delayed 2 second(s)

2018-12-14 09:58:37 - [TEST_STEP][PASSED] - click: Object: 'Object Repository/Final Object Repo/New Registration - Registration Module Pages/Form 2/EmploymentStartDate Pop Up' is clicked on

2018-12-14 09:58:37 - [MESSAGE][PASSED] - Object: 'Object Repository/Final Object Repo/New Registration - Registration Module Pages/Form 2/EmploymentStartDate Pop Up' is clicked on

2018-12-14 09:58:37 - [TEST_STEP][PASSED] - delay: Delayed 2 second(s)

2018-12-14 09:58:39 - [MESSAGE][PASSED] - Delayed 2 second(s)

2018-12-14 09:58:39 - [TEST_STEP][PASSED] - click: Object: 'Object Repository/Final Object Repo/New Registration - Registration Module Pages/Form 2/Socso Employment StartDate Month' is clicked on

2018-12-14 09:58:39 - [MESSAGE][PASSED] - Object: 'Object Repository/Final Object Repo/New Registration - Registration Module Pages/Form 2/Socso Employment StartDate Month' is clicked on

2018-12-14 09:58:39 - [TEST_STEP][PASSED] - delay: Delayed 1 second(s)

2018-12-14 09:58:40 - [MESSAGE][PASSED] - Delayed 1 second(s)

2018-12-14 09:58:40 - [TEST_STEP][PASSED] - click: Object: 'Object Repository/Final Object Repo/New Registration - Registration Module Pages/Form 2/Select Socso Employement Startdate Month' is clicked on

2018-12-14 09:58:40 - [MESSAGE][PASSED] - Object: 'Object Repository/Final Object Repo/New Registration - Registration Module Pages/Form 2/Select Socso Employement Startdate Month' is clicked on

2018-12-14 09:58:40 - [TEST_STEP][PASSED] - delay: Delayed 2 second(s)

2018-12-14 09:58:42 - [MESSAGE][PASSED] - Delayed 2 second(s)

2018-12-14 09:58:42 - [TEST_STEP][PASSED] - click: Object: 'Object Repository/Final Object Repo/New Registration - Registration Module Pages/Form 2/Socso Employment StartDate Year' is clicked on

2018-12-14 09:58:43 - [MESSAGE][PASSED] - Object: 'Object Repository/Final Object Repo/New Registration - Registration Module Pages/Form 2/Socso Employment StartDate Year' is clicked on

2018-12-14 09:58:43 - [TEST_STEP][PASSED] - delay: Delayed 1 second(s)

2018-12-14 09:58:44 - [MESSAGE][PASSED] - Delayed 1 second(s)

2018-12-14 09:58:44 - [TEST_STEP][PASSED] - click: Object: 'Object Repository/Final Object Repo/New Registration - Registration Module Pages/Form 2/Select Socso Employment Startdate Year' is clicked on

2018-12-14 09:58:44 - [MESSAGE][PASSED] - Object: 'Object Repository/Final Object Repo/New Registration - Registration Module Pages/Form 2/Select Socso Employment Startdate Year' is clicked on

2018-12-14 09:58:44 - [TEST_STEP][PASSED] - delay: Delayed 2 second(s)

2018-12-14 09:58:46 - [MESSAGE][PASSED] - Delayed 2 second(s)

2018-12-14 09:58:46 - [TEST_STEP][PASSED] - click: Object: 'Object Repository/Final Object Repo/New Registration - Registration Module Pages/Form 2/Socso Employment Start Date Day' is clicked on

2018-12-14 09:58:46 - [MESSAGE][PASSED] - Object: 'Object Repository/Final Object Repo/New Registration - Registration Module Pages/Form 2/Socso Employment Start Date Day' is clicked on

2018-12-14 09:58:46 - [TEST_STEP][PASSED] - delay: Delayed 2 second(s)

2018-12-14 09:58:48 - [MESSAGE][PASSED] - Delayed 2 second(s)

2018-12-14 09:58:48 - [TEST_STEP][PASSED] - click: Object: 'Object Repository/Final Object Repo/New Registration - Registration Module Pages/Form 2/Save Button for Add Employee' is clicked on

2018-12-14 09:58:48 - [MESSAGE][PASSED] - Object: 'Object Repository/Final Object Repo/New Registration - Registration Module Pages/Form 2/Save Button for Add Employee' is clicked on

2018-12-14 09:58:48 - [TEST_STEP][PASSED] - delay: Delayed 6 second(s)

2018-12-14 09:58:54 - [MESSAGE][PASSED] - Delayed 6 second(s)

2018-12-14 09:58:54 - [TEST_STEP][PASSED] - click: Object: 'Object Repository/Final Object Repo/New Registration - Registration Module Pages/Form 2/Save and Continue Form 2' is clicked on

2018-12-14 09:58:54 - [MESSAGE][PASSED] - Object: 'Object Repository/Final Object Repo/New Registration - Registration Module Pages/Form 2/Save and Continue Form 2' is clicked on

2018-12-14 09:58:54 - [MESSAGE][PASSED] - Call Test Case 'Test Cases/Final Aug 2018 - PKS Automation/Registration Module/New Registration/Form 2/Add 1 Eligible - Employer Account Use' successfully

2018-12-14 09:58:54 - [TEST_STEP][PASSED] - callTestCase: Call Test Case 'Test Cases/Final Aug 2018 - PKS Automation/Registration Module/New Registration/Flow of New Registration/Third Screen - Upload Supporting Doc - Preview' successfully

2018-12-14 09:58:54 - [TEST_CASE][PASSED] - Test Cases/Final Aug 2018 - PKS Automation/Registration Module/New Registration/Flow of New Registration/Third Screen - Upload Supporting Doc - Preview: Test Cases/Final Aug 2018 - PKS Automation/Registration Module/New Registration/Flow of New Registration/Third Screen - Upload Supporting Doc - Preview

2018-12-14 09:58:54 - [TEST_STEP][PASSED] - waitForPageLoad: Wait for page load successfully

2018-12-14 09:58:55 - [MESSAGE][PASSED] - Wait for page load successfully

2018-12-14 09:58:55 - [TEST_STEP][PASSED] - Statement - CaseReferenceNo = com.kms.katalon.core.webui.keyword.WebUiBuiltInKeywords.getText(com.kms.katalon.core.testobject.ObjectRepository.findTestObject(Final Object Repo/New Registration - Registration Module Pages/Third Screen - Upload Supporting Doc- Preview/RefNo Acquiring)): Text of object 'Object Repository/Final Object Repo/New Registration - Registration Module Pages/Third Screen - Upload Supporting Doc- Preview/RefNo Acquiring' is: 'CRN12201800123332'

2018-12-14 09:58:55 - [MESSAGE][PASSED] - Text of object 'Object Repository/Final Object Repo/New Registration - Registration Module Pages/Third Screen - Upload Supporting Doc- Preview/RefNo Acquiring' is: 'CRN12201800123332'

2018-12-14 09:58:55 - [TEST_STEP][PASSED] - delay: Delayed 2 second(s)

2018-12-14 09:58:57 - [MESSAGE][PASSED] - Delayed 2 second(s)

2018-12-14 09:58:57 - [TEST_STEP][PASSED] - callTestCase: Call Test Case 'Test Cases/Final Aug 2018 - PKS Automation/Common/Reference Number Setter' successfully

2018-12-14 09:58:57 - [TEST_CASE][PASSED] - Test Cases/Final Aug 2018 - PKS Automation/Common/Reference Number Setter: Test Cases/Final Aug 2018 - PKS Automation/Common/Reference Number Setter

2018-12-14 09:58:57 - [TEST_STEP][PASSED] - Statement - RefNoOldFile = new java.io.File(C://Users//Admin//Desktop//PKS//Automation Reference Point//KatalonReference.txt): null

2018-12-14 09:58:57 - [TEST_STEP][PASSED] - Statement - RefNoOldFile.delete(): null

2018-12-14 09:58:57 - [TEST_STEP][PASSED] - delay: Delayed 5 second(s)

2018-12-14 09:59:02 - [MESSAGE][PASSED] - Delayed 5 second(s)

2018-12-14 09:59:02 - [TEST_STEP][PASSED] - Statement - RefNo = new java.io.File(C://Users//Admin//Desktop//PKS//Automation Reference Point//KatalonReference.txt): null

2018-12-14 09:59:02 - [TEST_STEP][PASSED] - Statement - f2 = new java.io.FileWriter(RefNo, false): null

2018-12-14 09:59:02 - [TEST_STEP][PASSED] - Statement - f2.write(CaseReferenceNo): null

2018-12-14 09:59:02 - [TEST_STEP][PASSED] - Statement - f2.close(): null

2018-12-14 09:59:02 - [TEST_STEP][PASSED] - Statement - out.println("


" + CaseReferenceNo + "


"): null

2018-12-14 09:59:02 - [MESSAGE][PASSED] - Call Test Case 'Test Cases/Final Aug 2018 - PKS Automation/Common/Reference Number Setter' successfully

2018-12-14 09:59:02 - [TEST_STEP][PASSED] - waitForElementClickable: Object 'Object Repository/Final Object Repo/New Registration - Registration Module Pages/Third Screen - Upload Supporting Doc- Preview/Save n Continue in SIP Employee Listing Page' is clickable

2018-12-14 09:59:02 - [MESSAGE][PASSED] - Object 'Object Repository/Final Object Repo/New Registration - Registration Module Pages/Third Screen - Upload Supporting Doc- Preview/Save n Continue in SIP Employee Listing Page' is clickable

2018-12-14 09:59:02 - [TEST_STEP][PASSED] - click: Object: 'Object Repository/Final Object Repo/New Registration - Registration Module Pages/Third Screen - Upload Supporting Doc- Preview/Save n Continue in SIP Employee Listing Page' is clicked on

2018-12-14 09:59:08 - [MESSAGE][PASSED] - Object: 'Object Repository/Final Object Repo/New Registration - Registration Module Pages/Third Screen - Upload Supporting Doc- Preview/Save n Continue in SIP Employee Listing Page' is clicked on

2018-12-14 09:59:08 - [TEST_STEP][PASSED] - delay: Delayed 7 second(s)

2018-12-14 09:59:15 - [MESSAGE][PASSED] - Delayed 7 second(s)

2018-12-14 09:59:15 - [TEST_STEP][PASSED] - click: Object: 'Object Repository/Final Object Repo/New Registration - Registration Module Pages/Third Screen - Upload Supporting Doc- Preview/Add Document Button' is clicked on

2018-12-14 09:59:16 - [MESSAGE][PASSED] - Object: 'Object Repository/Final Object Repo/New Registration - Registration Module Pages/Third Screen - Upload Supporting Doc- Preview/Add Document Button' is clicked on

2018-12-14 09:59:16 - [TEST_STEP][PASSED] - delay: Delayed 30 second(s)

2018-12-14 09:59:46 - [MESSAGE][PASSED] - Delayed 30 second(s)

2018-12-14 09:59:46 - [TEST_STEP][PASSED] - click: Object: 'Object Repository/Final Object Repo/New Registration - Registration Module Pages/Third Screen - Upload Supporting Doc- Preview/Supporting Doc Please Select Drop Down' is clicked on

2018-12-14 09:59:46 - [MESSAGE][PASSED] - Object: 'Object Repository/Final Object Repo/New Registration - Registration Module Pages/Third Screen - Upload Supporting Doc- Preview/Supporting Doc Please Select Drop Down' is clicked on

2018-12-14 09:59:46 - [TEST_STEP][PASSED] - delay: Delayed 2 second(s)

2018-12-14 09:59:48 - [MESSAGE][PASSED] - Delayed 2 second(s)

2018-12-14 09:59:48 - [TEST_STEP][PASSED] - click: Object: 'Object Repository/Final Object Repo/New Registration - Registration Module Pages/Third Screen - Upload Supporting Doc- Preview/Select to Upload Form 1' is clicked on

2018-12-14 09:59:48 - [MESSAGE][PASSED] - Object: 'Object Repository/Final Object Repo/New Registration - Registration Module Pages/Third Screen - Upload Supporting Doc- Preview/Select to Upload Form 1' is clicked on

2018-12-14 09:59:48 - [TEST_STEP][PASSED] - delay: Delayed 2 second(s)

2018-12-14 09:59:50 - [MESSAGE][PASSED] - Delayed 2 second(s)

2018-12-14 09:59:50 - [TEST_STEP][PASSED] - uploadFile: File 'C:\Users\Public\Pictures\Sample Pictures\Koala.jpg' sent to object: 'Object Repository/Final Object Repo/New Registration - Registration Module Pages/Third Screen - Upload Supporting Doc- Preview/Upload File Adding'

2018-12-14 09:59:50 - [MESSAGE][PASSED] - File 'C:\Users\Public\Pictures\Sample Pictures\Koala.jpg' sent to object: 'Object Repository/Final Object Repo/New Registration - Registration Module Pages/Third Screen - Upload Supporting Doc- Preview/Upload File Adding'

2018-12-14 09:59:50 - [TEST_STEP][PASSED] - delay: Delayed 5 second(s)

2018-12-14 09:59:55 - [MESSAGE][PASSED] - Delayed 5 second(s)

2018-12-14 09:59:55 - [TEST_STEP][PASSED] - click: Object: 'Object Repository/Final Object Repo/New Registration - Registration Module Pages/Third Screen - Upload Supporting Doc- Preview/Inner Form Add Document Button' is clicked on

2018-12-14 09:59:55 - [MESSAGE][PASSED] - Object: 'Object Repository/Final Object Repo/New Registration - Registration Module Pages/Third Screen - Upload Supporting Doc- Preview/Inner Form Add Document Button' is clicked on

2018-12-14 09:59:55 - [TEST_STEP][PASSED] - delay: Delayed 3 second(s)

2018-12-14 09:59:58 - [MESSAGE][PASSED] - Delayed 3 second(s)

2018-12-14 09:59:58 - [TEST_STEP][PASSED] - click: Object: 'Object Repository/Final Object Repo/New Registration - Registration Module Pages/Third Screen - Upload Supporting Doc- Preview/Add Document Button' is clicked on

2018-12-14 09:59:59 - [MESSAGE][PASSED] - Object: 'Object Repository/Final Object Repo/New Registration - Registration Module Pages/Third Screen - Upload Supporting Doc- Preview/Add Document Button' is clicked on

2018-12-14 09:59:59 - [TEST_STEP][PASSED] - delay: Delayed 30 second(s)

2018-12-14 10:00:29 - [MESSAGE][PASSED] - Delayed 30 second(s)

2018-12-14 10:00:29 - [TEST_STEP][PASSED] - click: Object: 'Object Repository/Final Object Repo/New Registration - Registration Module Pages/Third Screen - Upload Supporting Doc- Preview/Supporting Doc Please Select Drop Down' is clicked on

2018-12-14 10:00:29 - [MESSAGE][PASSED] - Object: 'Object Repository/Final Object Repo/New Registration - Registration Module Pages/Third Screen - Upload Supporting Doc- Preview/Supporting Doc Please Select Drop Down' is clicked on

2018-12-14 10:00:29 - [TEST_STEP][PASSED] - delay: Delayed 4 second(s)

2018-12-14 10:00:33 - [MESSAGE][PASSED] - Delayed 4 second(s)

2018-12-14 10:00:33 - [TEST_STEP][PASSED] - click: Object: 'Object Repository/Final Object Repo/New Registration - Registration Module Pages/Third Screen - Upload Supporting Doc- Preview/Select to Upload Form 2' is clicked on

2018-12-14 10:00:34 - [MESSAGE][PASSED] - Object: 'Object Repository/Final Object Repo/New Registration - Registration Module Pages/Third Screen - Upload Supporting Doc- Preview/Select to Upload Form 2' is clicked on

2018-12-14 10:00:34 - [TEST_STEP][PASSED] - delay: Delayed 2 second(s)

2018-12-14 10:00:36 - [MESSAGE][PASSED] - Delayed 2 second(s)

2018-12-14 10:00:36 - [TEST_STEP][PASSED] - uploadFile: File 'C:\Users\Public\Pictures\Sample Pictures\Koala.jpg' sent to object: 'Object Repository/Final Object Repo/New Registration - Registration Module Pages/Third Screen - Upload Supporting Doc- Preview/Upload File Adding'

2018-12-14 10:00:36 - [MESSAGE][PASSED] - File 'C:\Users\Public\Pictures\Sample Pictures\Koala.jpg' sent to object: 'Object Repository/Final Object Repo/New Registration - Registration Module Pages/Third Screen - Upload Supporting Doc- Preview/Upload File Adding'

2018-12-14 10:00:36 - [TEST_STEP][PASSED] - click: Object: 'Object Repository/Final Object Repo/New Registration - Registration Module Pages/Third Screen - Upload Supporting Doc- Preview/Inner Form Add Document Button' is clicked on

2018-12-14 10:00:36 - [MESSAGE][PASSED] - Object: 'Object Repository/Final Object Repo/New Registration - Registration Module Pages/Third Screen - Upload Supporting Doc- Preview/Inner Form Add Document Button' is clicked on

2018-12-14 10:00:36 - [TEST_STEP][PASSED] - delay: Delayed 5 second(s)

2018-12-14 10:00:41 - [MESSAGE][PASSED] - Delayed 5 second(s)

2018-12-14 10:00:41 - [TEST_STEP][PASSED] - click: Object: 'Object Repository/Final Object Repo/New Registration - Registration Module Pages/Third Screen - Upload Supporting Doc- Preview/Add Document Button' is clicked on

2018-12-14 10:00:41 - [MESSAGE][PASSED] - Object: 'Object Repository/Final Object Repo/New Registration - Registration Module Pages/Third Screen - Upload Supporting Doc- Preview/Add Document Button' is clicked on

2018-12-14 10:00:41 - [TEST_STEP][PASSED] - delay: Delayed 30 second(s)

2018-12-14 10:01:11 - [MESSAGE][PASSED] - Delayed 30 second(s)

2018-12-14 10:01:11 - [TEST_STEP][PASSED] - click: Object: 'Object Repository/Final Object Repo/New Registration - Registration Module Pages/Third Screen - Upload Supporting Doc- Preview/Supporting Doc Please Select Drop Down' is clicked on

2018-12-14 10:01:11 - [MESSAGE][PASSED] - Object: 'Object Repository/Final Object Repo/New Registration - Registration Module Pages/Third Screen - Upload Supporting Doc- Preview/Supporting Doc Please Select Drop Down' is clicked on

2018-12-14 10:01:11 - [TEST_STEP][PASSED] - click: Object: 'Object Repository/Final Object Repo/New Registration - Registration Module Pages/Third Screen - Upload Supporting Doc- Preview/Select to Upload Borang SIP 1' is clicked on

2018-12-14 10:01:11 - [MESSAGE][PASSED] - Object: 'Object Repository/Final Object Repo/New Registration - Registration Module Pages/Third Screen - Upload Supporting Doc- Preview/Select to Upload Borang SIP 1' is clicked on

2018-12-14 10:01:11 - [TEST_STEP][PASSED] - delay: Delayed 2 second(s)

2018-12-14 10:01:13 - [MESSAGE][PASSED] - Delayed 2 second(s)

2018-12-14 10:01:13 - [TEST_STEP][PASSED] - uploadFile: File 'C:\Users\Public\Pictures\Sample Pictures\Koala.jpg' sent to object: 'Object Repository/Final Object Repo/New Registration - Registration Module Pages/Third Screen - Upload Supporting Doc- Preview/Upload File Adding'

2018-12-14 10:01:14 - [MESSAGE][PASSED] - File 'C:\Users\Public\Pictures\Sample Pictures\Koala.jpg' sent to object: 'Object Repository/Final Object Repo/New Registration - Registration Module Pages/Third Screen - Upload Supporting Doc- Preview/Upload File Adding'

2018-12-14 10:01:14 - [TEST_STEP][PASSED] - click: Object: 'Object Repository/Final Object Repo/New Registration - Registration Module Pages/Third Screen - Upload Supporting Doc- Preview/Inner Form Add Document Button' is clicked on

2018-12-14 10:01:14 - [MESSAGE][PASSED] - Object: 'Object Repository/Final Object Repo/New Registration - Registration Module Pages/Third Screen - Upload Supporting Doc- Preview/Inner Form Add Document Button' is clicked on

2018-12-14 10:01:14 - [TEST_STEP][PASSED] - delay: Delayed 5 second(s)

2018-12-14 10:01:19 - [MESSAGE][PASSED] - Delayed 5 second(s)

2018-12-14 10:01:19 - [TEST_STEP][PASSED] - click: Object: 'Object Repository/Final Object Repo/New Registration - Registration Module Pages/Third Screen - Upload Supporting Doc- Preview/Add Document Button' is clicked on

2018-12-14 10:01:19 - [MESSAGE][PASSED] - Object: 'Object Repository/Final Object Repo/New Registration - Registration Module Pages/Third Screen - Upload Supporting Doc- Preview/Add Document Button' is clicked on

2018-12-14 10:01:19 - [TEST_STEP][PASSED] - delay: Delayed 30 second(s)

2018-12-14 10:01:49 - [MESSAGE][PASSED] - Delayed 30 second(s)

2018-12-14 10:01:49 - [TEST_STEP][PASSED] - click: Object: 'Object Repository/Final Object Repo/New Registration - Registration Module Pages/Third Screen - Upload Supporting Doc- Preview/Supporting Doc Please Select Drop Down' is clicked on

2018-12-14 10:01:49 - [MESSAGE][PASSED] - Object: 'Object Repository/Final Object Repo/New Registration - Registration Module Pages/Third Screen - Upload Supporting Doc- Preview/Supporting Doc Please Select Drop Down' is clicked on

2018-12-14 10:01:49 - [TEST_STEP][PASSED] - delay: Delayed 3 second(s)

2018-12-14 10:01:52 - [MESSAGE][PASSED] - Delayed 3 second(s)

2018-12-14 10:01:52 - [TEST_STEP][PASSED] - click: Object: 'Object Repository/Final Object Repo/New Registration - Registration Module Pages/Third Screen - Upload Supporting Doc- Preview/Select to Upload Borang SIP 2' is clicked on

2018-12-14 10:01:52 - [MESSAGE][PASSED] - Object: 'Object Repository/Final Object Repo/New Registration - Registration Module Pages/Third Screen - Upload Supporting Doc- Preview/Select to Upload Borang SIP 2' is clicked on

2018-12-14 10:01:52 - [TEST_STEP][PASSED] - delay: Delayed 2 second(s)

2018-12-14 10:01:54 - [MESSAGE][PASSED] - Delayed 2 second(s)

2018-12-14 10:01:54 - [TEST_STEP][PASSED] - uploadFile: File 'C:\Users\Public\Pictures\Sample Pictures\Koala.jpg' sent to object: 'Object Repository/Final Object Repo/New Registration - Registration Module Pages/Third Screen - Upload Supporting Doc- Preview/Upload File Adding'

2018-12-14 10:01:54 - [MESSAGE][PASSED] - File 'C:\Users\Public\Pictures\Sample Pictures\Koala.jpg' sent to object: 'Object Repository/Final Object Repo/New Registration - Registration Module Pages/Third Screen - Upload Supporting Doc- Preview/Upload File Adding'

2018-12-14 10:01:54 - [TEST_STEP][PASSED] - delay: Delayed 5 second(s)

2018-12-14 10:01:59 - [MESSAGE][PASSED] - Delayed 5 second(s)

2018-12-14 10:01:59 - [TEST_STEP][PASSED] - click: Object: 'Object Repository/Final Object Repo/New Registration - Registration Module Pages/Third Screen - Upload Supporting Doc- Preview/Inner Form Add Document Button' is clicked on

2018-12-14 10:02:00 - [MESSAGE][PASSED] - Object: 'Object Repository/Final Object Repo/New Registration - Registration Module Pages/Third Screen - Upload Supporting Doc- Preview/Inner Form Add Document Button' is clicked on

2018-12-14 10:02:00 - [TEST_STEP][PASSED] - delay: Delayed 3 second(s)

2018-12-14 10:02:03 - [MESSAGE][PASSED] - Delayed 3 second(s)

2018-12-14 10:02:03 - [TEST_STEP][PASSED] - waitForElementClickable: Object 'Object Repository/Final Object Repo/New Registration - Registration Module Pages/Third Screen - Upload Supporting Doc- Preview/Save n Continue in Uploading Supporting Doc Page' is clickable

2018-12-14 10:02:04 - [MESSAGE][PASSED] - Object 'Object Repository/Final Object Repo/New Registration - Registration Module Pages/Third Screen - Upload Supporting Doc- Preview/Save n Continue in Uploading Supporting Doc Page' is clickable

2018-12-14 10:02:04 - [TEST_STEP][PASSED] - click: Object: 'Object Repository/Final Object Repo/New Registration - Registration Module Pages/Third Screen - Upload Supporting Doc- Preview/Save n Continue in Uploading Supporting Doc Page' is clicked on

2018-12-14 10:02:04 - [MESSAGE][PASSED] - Object: 'Object Repository/Final Object Repo/New Registration - Registration Module Pages/Third Screen - Upload Supporting Doc- Preview/Save n Continue in Uploading Supporting Doc Page' is clicked on

2018-12-14 10:02:04 - [MESSAGE][PASSED] - Call Test Case 'Test Cases/Final Aug 2018 - PKS Automation/Registration Module/New Registration/Flow of New Registration/Third Screen - Upload Supporting Doc - Preview' successfully

2018-12-14 10:02:04 - [TEST_STEP][PASSED] - setText: Text 'Tester' is set on object 'Object Repository/Final Object Repo/New Registration - Registration Module Pages/New Reg - OTC to RO/Special Case - All Related Objects/Employer Preview Name'

2018-12-14 10:02:09 - [MESSAGE][PASSED] - Text 'Tester' is set on object 'Object Repository/Final Object Repo/New Registration - Registration Module Pages/New Reg - OTC to RO/Special Case - All Related Objects/Employer Preview Name'

2018-12-14 10:02:09 - [TEST_STEP][PASSED] - click: Object: 'Object Repository/Final Object Repo/New Registration - Registration Module Pages/New Reg - OTC to RO/Special Case - All Related Objects/IC Type Drop Down' is clicked on

2018-12-14 10:02:09 - [MESSAGE][PASSED] - Object: 'Object Repository/Final Object Repo/New Registration - Registration Module Pages/New Reg - OTC to RO/Special Case - All Related Objects/IC Type Drop Down' is clicked on

2018-12-14 10:02:09 - [TEST_STEP][PASSED] - click: Object: 'Object Repository/Final Object Repo/New Registration - Registration Module Pages/New Reg - OTC to RO/Special Case - All Related Objects/Select to NRIC' is clicked on

2018-12-14 10:02:10 - [MESSAGE][PASSED] - Object: 'Object Repository/Final Object Repo/New Registration - Registration Module Pages/New Reg - OTC to RO/Special Case - All Related Objects/Select to NRIC' is clicked on

2018-12-14 10:02:10 - [TEST_STEP][PASSED] - setText: Text '133245561223' is set on object 'Object Repository/Final Object Repo/New Registration - Registration Module Pages/New Reg - OTC to RO/Special Case - All Related Objects/IC Value'

2018-12-14 10:02:10 - [MESSAGE][PASSED] - Text '133245561223' is set on object 'Object Repository/Final Object Repo/New Registration - Registration Module Pages/New Reg - OTC to RO/Special Case - All Related Objects/IC Value'

2018-12-14 10:02:10 - [TEST_STEP][PASSED] - setText: Text 'Auto' is set on object 'Object Repository/Final Object Repo/New Registration - Registration Module Pages/New Reg - OTC to RO/Special Case - All Related Objects/Designation'

2018-12-14 10:02:10 - [MESSAGE][PASSED] - Text 'Auto' is set on object 'Object Repository/Final Object Repo/New Registration - Registration Module Pages/New Reg - OTC to RO/Special Case - All Related Objects/Designation'

2018-12-14 10:02:10 - [TEST_STEP][PASSED] - callTestCase: Call Test Case 'Test Cases/Final Aug 2018 - PKS Automation/Registration Module/New Registration/Submit and Screenshot/Submit Registration and Screenshot - Copy' successfully

2018-12-14 10:02:10 - [TEST_CASE][PASSED] - Test Cases/Final Aug 2018 - PKS Automation/Registration Module/New Registration/Submit and Screenshot/Submit Registration and Screenshot - Copy: Test Cases/Final Aug 2018 - PKS Automation/Registration Module/New Registration/Submit and Screenshot/Submit Registration and Screenshot - Copy

2018-12-14 10:02:10 - [TEST_STEP][PASSED] - delay: Delayed 6 second(s)

2018-12-14 10:02:16 - [MESSAGE][PASSED] - Delayed 6 second(s)

2018-12-14 10:02:16 - [TEST_STEP][PASSED] - click: Object: 'Object Repository/Final Object Repo/New Registration - Registration Module Pages/Third Screen - Upload Supporting Doc- Preview/Preview Submit Button' is clicked on

2018-12-14 10:02:16 - [MESSAGE][PASSED] - Object: 'Object Repository/Final Object Repo/New Registration - Registration Module Pages/Third Screen - Upload Supporting Doc- Preview/Preview Submit Button' is clicked on

2018-12-14 10:02:16 - [TEST_STEP][PASSED] - delay: Delayed 2 second(s)

2018-12-14 10:02:18 - [MESSAGE][PASSED] - Delayed 2 second(s)

2018-12-14 10:02:18 - [TEST_STEP][PASSED] - click: Object: 'Object Repository/Final Object Repo/New Registration - Registration Module Pages/Third Screen - Upload Supporting Doc- Preview/Preview Submit - Confirm' is clicked on

2018-12-14 10:02:18 - [MESSAGE][PASSED] - Object: 'Object Repository/Final Object Repo/New Registration - Registration Module Pages/Third Screen - Upload Supporting Doc- Preview/Preview Submit - Confirm' is clicked on

2018-12-14 10:02:18 - [TEST_STEP][PASSED] - delay: Delayed 15 second(s)

2018-12-14 10:02:33 - [MESSAGE][PASSED] - Delayed 15 second(s)

2018-12-14 10:02:33 - [TEST_STEP][PASSED] - Statement - driver = com.kms.katalon.core.webui.driver.DriverFactory.getWebDriver(): null

2018-12-14 10:02:33 - [TEST_STEP][PASSED] - Statement - driver.manage().timeouts().implicitlyWait(10, SECONDS): null

2018-12-14 10:02:33 - [TEST_STEP][PASSED] - Statement - PresavePath = KatalonScreenshots: null

2018-12-14 10:02:33 - [TEST_STEP][PASSED] - Statement - pathPrefix = "C:\Users\Public\Pictures\Sample Pictures\Katalon Screenshots\Automate Ending Screen": null

2018-12-14 10:02:33 - [TEST_STEP][PASSED] - Statement - finalPath = <not implemented yet for class: org.codehaus.groovy.ast.expr.EmptyExpression>: null

2018-12-14 10:02:33 - [TEST_STEP][PASSED] - Statement - scrFile = driver.getScreenshotAs(FILE): null

2018-12-14 10:02:34 - [TEST_STEP][PASSED] - Statement - PreSaveFile = new java.io.File(PresavePath): null

2018-12-14 10:02:34 - [TEST_STEP][PASSED] - Statement - counter = 0: null

2018-12-14 10:02:34 - [TEST_STEP][PASSED] - Statement - If (PreSaveFile.exists()): null

2018-12-14 10:02:34 - [TEST_STEP][PASSED] - Statement - While (PreSaveFile.exists()): null

2018-12-14 10:02:34 - [TEST_STEP][PASSED] - Statement - counter = counter + 1: null

2018-12-14 10:02:34 - [TEST_STEP][PASSED] - Statement - PreSaveFile = new java.io.File(((pathPrefix + java.lang.Integer.toString(counter)) + .png)): null

2018-12-14 10:02:34 - [TEST_STEP][PASSED] - Statement - counter = counter + 1: null

2018-12-14 10:02:34 - [TEST_STEP][PASSED] - Statement - PreSaveFile = new java.io.File(((pathPrefix + java.lang.Integer.toString(counter)) + .png)): null

2018-12-14 10:02:34 - [TEST_STEP][PASSED] - Statement - counter = counter + 1: null

2018-12-14 10:02:34 - [TEST_STEP][PASSED] - Statement - PreSaveFile = new java.io.File(((pathPrefix + java.lang.Integer.toString(counter)) + .png)): null

2018-12-14 10:02:34 - [TEST_STEP][PASSED] - Statement - counter = counter + 1: null

2018-12-14 10:02:34 - [TEST_STEP][PASSED] - Statement - PreSaveFile = new java.io.File(((pathPrefix + java.lang.Integer.toString(counter)) + .png)): null

2018-12-14 10:02:34 - [TEST_STEP][PASSED] - Statement - counter = counter + 1: null

2018-12-14 10:02:34 - [TEST_STEP][PASSED] - Statement - PreSaveFile = new java.io.File(((pathPrefix + java.lang.Integer.toString(counter)) + .png)): null

2018-12-14 10:02:34 - [TEST_STEP][PASSED] - Statement - counter = counter + 1: null

2018-12-14 10:02:34 - [TEST_STEP][PASSED] - Statement - PreSaveFile = new java.io.File(((pathPrefix + java.lang.Integer.toString(counter)) + .png)): null

2018-12-14 10:02:34 - [TEST_STEP][PASSED] - Statement - counter = counter + 1: null

2018-12-14 10:02:34 - [TEST_STEP][PASSED] - Statement - PreSaveFile = new java.io.File(((pathPrefix + java.lang.Integer.toString(counter)) + .png)): null

2018-12-14 10:02:34 - [TEST_STEP][PASSED] - Statement - counter = counter + 1: null

2018-12-14 10:02:34 - [TEST_STEP][PASSED] - Statement - PreSaveFile = new java.io.File(((pathPrefix + java.lang.Integer.toString(counter)) + .png)): null

2018-12-14 10:02:34 - [TEST_STEP][PASSED] - Statement - counter = counter + 1: null

2018-12-14 10:02:34 - [TEST_STEP][PASSED] - Statement - PreSaveFile = new java.io.File(((pathPrefix + java.lang.Integer.toString(counter)) + .png)): null

2018-12-14 10:02:34 - [TEST_STEP][PASSED] - Statement - counter = counter + 1: null

2018-12-14 10:02:34 - [TEST_STEP][PASSED] - Statement - PreSaveFile = new java.io.File(((pathPrefix + java.lang.Integer.toString(counter)) + .png)): null

2018-12-14 10:02:34 - [TEST_STEP][PASSED] - Statement - counter = counter + 1: null

2018-12-14 10:02:34 - [TEST_STEP][PASSED] - Statement - PreSaveFile = new java.io.File(((pathPrefix + java.lang.Integer.toString(counter)) + .png)): null

2018-12-14 10:02:34 - [TEST_STEP][PASSED] - Statement - counter = counter + 1: null

2018-12-14 10:02:34 - [TEST_STEP][PASSED] - Statement - PreSaveFile = new java.io.File(((pathPrefix + java.lang.Integer.toString(counter)) + .png)): null

2018-12-14 10:02:34 - [TEST_STEP][PASSED] - Statement - counter = counter + 1: null

2018-12-14 10:02:34 - [TEST_STEP][PASSED] - Statement - PreSaveFile = new java.io.File(((pathPrefix + java.lang.Integer.toString(counter)) + .png)): null

2018-12-14 10:02:34 - [TEST_STEP][PASSED] - Statement - counter = counter + 1: null

2018-12-14 10:02:34 - [TEST_STEP][PASSED] - Statement - PreSaveFile = new java.io.File(((pathPrefix + java.lang.Integer.toString(counter)) + .png)): null

2018-12-14 10:02:34 - [TEST_STEP][PASSED] - Statement - counter = counter + 1: null

2018-12-14 10:02:34 - [TEST_STEP][PASSED] - Statement - PreSaveFile = new java.io.File(((pathPrefix + java.lang.Integer.toString(counter)) + .png)): null

2018-12-14 10:02:34 - [TEST_STEP][PASSED] - Statement - counter = counter + 1: null

2018-12-14 10:02:34 - [TEST_STEP][PASSED] - Statement - PreSaveFile = new java.io.File(((pathPrefix + java.lang.Integer.toString(counter)) + .png)): null

2018-12-14 10:02:34 - [TEST_STEP][PASSED] - Statement - counter = counter + 1: null

2018-12-14 10:02:34 - [TEST_STEP][PASSED] - Statement - PreSaveFile = new java.io.File(((pathPrefix + java.lang.Integer.toString(counter)) + .png)): null

2018-12-14 10:02:34 - [TEST_STEP][PASSED] - Statement - counter = counter + 1: null

2018-12-14 10:02:34 - [TEST_STEP][PASSED] - Statement - PreSaveFile = new java.io.File(((pathPrefix + java.lang.Integer.toString(counter)) + .png)): null

2018-12-14 10:02:34 - [TEST_STEP][PASSED] - Statement - counter = counter + 1: null

2018-12-14 10:02:34 - [TEST_STEP][PASSED] - Statement - PreSaveFile = new java.io.File(((pathPrefix + java.lang.Integer.toString(counter)) + .png)): null

2018-12-14 10:02:34 - [TEST_STEP][PASSED] - Statement - counter = counter + 1: null

2018-12-14 10:02:34 - [TEST_STEP][PASSED] - Statement - PreSaveFile = new java.io.File(((pathPrefix + java.lang.Integer.toString(counter)) + .png)): null

2018-12-14 10:02:34 - [TEST_STEP][PASSED] - Statement - counter = counter + 1: null

2018-12-14 10:02:34 - [TEST_STEP][PASSED] - Statement - PreSaveFile = new java.io.File(((pathPrefix + java.lang.Integer.toString(counter)) + .png)): null

2018-12-14 10:02:34 - [TEST_STEP][PASSED] - Statement - counter = counter + 1: null

2018-12-14 10:02:34 - [TEST_STEP][PASSED] - Statement - PreSaveFile = new java.io.File(((pathPrefix + java.lang.Integer.toString(counter)) + .png)): null

2018-12-14 10:02:34 - [TEST_STEP][PASSED] - Statement - counter = counter + 1: null

2018-12-14 10:02:34 - [TEST_STEP][PASSED] - Statement - PreSaveFile = new java.io.File(((pathPrefix + java.lang.Integer.toString(counter)) + .png)): null

2018-12-14 10:02:34 - [TEST_STEP][PASSED] - Statement - counter = counter + 1: null

2018-12-14 10:02:34 - [TEST_STEP][PASSED] - Statement - PreSaveFile = new java.io.File(((pathPrefix + java.lang.Integer.toString(counter)) + .png)): null

2018-12-14 10:02:34 - [TEST_STEP][PASSED] - Statement - counter = counter + 1: null

2018-12-14 10:02:34 - [TEST_STEP][PASSED] - Statement - PreSaveFile = new java.io.File(((pathPrefix + java.lang.Integer.toString(counter)) + .png)): null

2018-12-14 10:02:34 - [TEST_STEP][PASSED] - Statement - counter = counter + 1: null

2018-12-14 10:02:34 - [TEST_STEP][PASSED] - Statement - PreSaveFile = new java.io.File(((pathPrefix + java.lang.Integer.toString(counter)) + .png)): null

2018-12-14 10:02:34 - [TEST_STEP][PASSED] - Statement - counter = counter + 1: null

2018-12-14 10:02:34 - [TEST_STEP][PASSED] - Statement - PreSaveFile = new java.io.File(((pathPrefix + java.lang.Integer.toString(counter)) + .png)): null

2018-12-14 10:02:34 - [TEST_STEP][PASSED] - Statement - counter = counter + 1: null

2018-12-14 10:02:34 - [TEST_STEP][PASSED] - Statement - PreSaveFile = new java.io.File(((pathPrefix + java.lang.Integer.toString(counter)) + .png)): null

2018-12-14 10:02:34 - [TEST_STEP][PASSED] - Statement - counter = counter + 1: null

2018-12-14 10:02:34 - [TEST_STEP][PASSED] - Statement - PreSaveFile = new java.io.File(((pathPrefix + java.lang.Integer.toString(counter)) + .png)): null

2018-12-14 10:02:34 - [TEST_STEP][PASSED] - Statement - counter = counter + 1: null

2018-12-14 10:02:34 - [TEST_STEP][PASSED] - Statement - PreSaveFile = new java.io.File(((pathPrefix + java.lang.Integer.toString(counter)) + .png)): null

2018-12-14 10:02:34 - [TEST_STEP][PASSED] - Statement - counter = counter + 1: null

2018-12-14 10:02:34 - [TEST_STEP][PASSED] - Statement - PreSaveFile = new java.io.File(((pathPrefix + java.lang.Integer.toString(counter)) + .png)): null

2018-12-14 10:02:34 - [TEST_STEP][PASSED] - Statement - counter = counter + 1: null

2018-12-14 10:02:34 - [TEST_STEP][PASSED] - Statement - PreSaveFile = new java.io.File(((pathPrefix + java.lang.Integer.toString(counter)) + .png)): null

2018-12-14 10:02:34 - [TEST_STEP][PASSED] - Statement - counter = counter + 1: null

2018-12-14 10:02:34 - [TEST_STEP][PASSED] - Statement - PreSaveFile = new java.io.File(((pathPrefix + java.lang.Integer.toString(counter)) + .png)): null

2018-12-14 10:02:34 - [TEST_STEP][PASSED] - Statement - counter = counter + 1: null

2018-12-14 10:02:34 - [TEST_STEP][PASSED] - Statement - PreSaveFile = new java.io.File(((pathPrefix + java.lang.Integer.toString(counter)) + .png)): null

2018-12-14 10:02:34 - [TEST_STEP][PASSED] - Statement - counter = counter + 1: null

2018-12-14 10:02:34 - [TEST_STEP][PASSED] - Statement - PreSaveFile = new java.io.File(((pathPrefix + java.lang.Integer.toString(counter)) + .png)): null

2018-12-14 10:02:34 - [TEST_STEP][PASSED] - Statement - counter = counter + 1: null

2018-12-14 10:02:34 - [TEST_STEP][PASSED] - Statement - PreSaveFile = new java.io.File(((pathPrefix + java.lang.Integer.toString(counter)) + .png)): null

2018-12-14 10:02:34 - [TEST_STEP][PASSED] - Statement - counter = counter + 1: null

2018-12-14 10:02:34 - [TEST_STEP][PASSED] - Statement - PreSaveFile = new java.io.File(((pathPrefix + java.lang.Integer.toString(counter)) + .png)): null

2018-12-14 10:02:34 - [TEST_STEP][PASSED] - Statement - counter = counter + 1: null

2018-12-14 10:02:34 - [TEST_STEP][PASSED] - Statement - PreSaveFile = new java.io.File(((pathPrefix + java.lang.Integer.toString(counter)) + .png)): null

2018-12-14 10:02:34 - [TEST_STEP][PASSED] - Statement - counter = counter + 1: null

2018-12-14 10:02:34 - [TEST_STEP][PASSED] - Statement - PreSaveFile = new java.io.File(((pathPrefix + java.lang.Integer.toString(counter)) + .png)): null

2018-12-14 10:02:34 - [TEST_STEP][PASSED] - Statement - counter = counter + 1: null

2018-12-14 10:02:34 - [TEST_STEP][PASSED] - Statement - PreSaveFile = new java.io.File(((pathPrefix + java.lang.Integer.toString(counter)) + .png)): null

2018-12-14 10:02:34 - [TEST_STEP][PASSED] - Statement - counter = counter + 1: null

2018-12-14 10:02:34 - [TEST_STEP][PASSED] - Statement - PreSaveFile = new java.io.File(((pathPrefix + java.lang.Integer.toString(counter)) + .png)): null

2018-12-14 10:02:34 - [TEST_STEP][PASSED] - Statement - counter = counter + 1: null

2018-12-14 10:02:34 - [TEST_STEP][PASSED] - Statement - PreSaveFile = new java.io.File(((pathPrefix + java.lang.Integer.toString(counter)) + .png)): null

2018-12-14 10:02:34 - [TEST_STEP][PASSED] - Statement - counter = counter + 1: null

2018-12-14 10:02:34 - [TEST_STEP][PASSED] - Statement - PreSaveFile = new java.io.File(((pathPrefix + java.lang.Integer.toString(counter)) + .png)): null

2018-12-14 10:02:34 - [TEST_STEP][PASSED] - Statement - counter = counter + 1: null

2018-12-14 10:02:34 - [TEST_STEP][PASSED] - Statement - PreSaveFile = new java.io.File(((pathPrefix + java.lang.Integer.toString(counter)) + .png)): null

2018-12-14 10:02:34 - [TEST_STEP][PASSED] - Statement - counter = counter + 1: null

2018-12-14 10:02:34 - [TEST_STEP][PASSED] - Statement - PreSaveFile = new java.io.File(((pathPrefix + java.lang.Integer.toString(counter)) + .png)): null

2018-12-14 10:02:34 - [TEST_STEP][PASSED] - Statement - counter = counter + 1: null

2018-12-14 10:02:34 - [TEST_STEP][PASSED] - Statement - PreSaveFile = new java.io.File(((pathPrefix + java.lang.Integer.toString(counter)) + .png)): null

2018-12-14 10:02:34 - [TEST_STEP][PASSED] - Statement - counter = counter + 1: null

2018-12-14 10:02:34 - [TEST_STEP][PASSED] - Statement - PreSaveFile = new java.io.File(((pathPrefix + java.lang.Integer.toString(counter)) + .png)): null

2018-12-14 10:02:34 - [TEST_STEP][PASSED] - Statement - counter = counter + 1: null

2018-12-14 10:02:34 - [TEST_STEP][PASSED] - Statement - PreSaveFile = new java.io.File(((pathPrefix + java.lang.Integer.toString(counter)) + .png)): null

2018-12-14 10:02:34 - [TEST_STEP][PASSED] - Statement - counter = counter + 1: null

2018-12-14 10:02:34 - [TEST_STEP][PASSED] - Statement - PreSaveFile = new java.io.File(((pathPrefix + java.lang.Integer.toString(counter)) + .png)): null

2018-12-14 10:02:34 - [TEST_STEP][PASSED] - Statement - counter = counter + 1: null

2018-12-14 10:02:34 - [TEST_STEP][PASSED] - Statement - PreSaveFile = new java.io.File(((pathPrefix + java.lang.Integer.toString(counter)) + .png)): null

2018-12-14 10:02:34 - [TEST_STEP][PASSED] - Statement - counter = counter + 1: null

2018-12-14 10:02:34 - [TEST_STEP][PASSED] - Statement - PreSaveFile = new java.io.File(((pathPrefix + java.lang.Integer.toString(counter)) + .png)): null

2018-12-14 10:02:34 - [TEST_STEP][PASSED] - Statement - counter = counter + 1: null

2018-12-14 10:02:34 - [TEST_STEP][PASSED] - Statement - PreSaveFile = new java.io.File(((pathPrefix + java.lang.Integer.toString(counter)) + .png)): null

2018-12-14 10:02:34 - [TEST_STEP][PASSED] - Statement - counter = counter + 1: null

2018-12-14 10:02:34 - [TEST_STEP][PASSED] - Statement - PreSaveFile = new java.io.File(((pathPrefix + java.lang.Integer.toString(counter)) + .png)): null

2018-12-14 10:02:34 - [TEST_STEP][PASSED] - Statement - counter = counter + 1: null

2018-12-14 10:02:34 - [TEST_STEP][PASSED] - Statement - PreSaveFile = new java.io.File(((pathPrefix + java.lang.Integer.toString(counter)) + .png)): null

2018-12-14 10:02:34 - [TEST_STEP][PASSED] - Statement - counter = counter + 1: null

2018-12-14 10:02:34 - [TEST_STEP][PASSED] - Statement - PreSaveFile = new java.io.File(((pathPrefix + java.lang.Integer.toString(counter)) + .png)): null

2018-12-14 10:02:34 - [TEST_STEP][PASSED] - Statement - counter = counter + 1: null

2018-12-14 10:02:34 - [TEST_STEP][PASSED] - Statement - PreSaveFile = new java.io.File(((pathPrefix + java.lang.Integer.toString(counter)) + .png)): null

2018-12-14 10:02:34 - [TEST_STEP][PASSED] - Statement - counter = counter + 1: null

2018-12-14 10:02:34 - [TEST_STEP][PASSED] - Statement - PreSaveFile = new java.io.File(((pathPrefix + java.lang.Integer.toString(counter)) + .png)): null

2018-12-14 10:02:34 - [TEST_STEP][PASSED] - Statement - counter = counter + 1: null

2018-12-14 10:02:34 - [TEST_STEP][PASSED] - Statement - PreSaveFile = new java.io.File(((pathPrefix + java.lang.Integer.toString(counter)) + .png)): null

2018-12-14 10:02:34 - [TEST_STEP][PASSED] - Statement - counter = counter + 1: null

2018-12-14 10:02:34 - [TEST_STEP][PASSED] - Statement - PreSaveFile = new java.io.File(((pathPrefix + java.lang.Integer.toString(counter)) + .png)): null

2018-12-14 10:02:34 - [TEST_STEP][PASSED] - Statement - counter = counter + 1: null

2018-12-14 10:02:34 - [TEST_STEP][PASSED] - Statement - PreSaveFile = new java.io.File(((pathPrefix + java.lang.Integer.toString(counter)) + .png)): null

2018-12-14 10:02:34 - [TEST_STEP][PASSED] - Statement - counter = counter + 1: null

2018-12-14 10:02:34 - [TEST_STEP][PASSED] - Statement - PreSaveFile = new java.io.File(((pathPrefix + java.lang.Integer.toString(counter)) + .png)): null

2018-12-14 10:02:34 - [TEST_STEP][PASSED] - Statement - counter = counter + 1: null

2018-12-14 10:02:34 - [TEST_STEP][PASSED] - Statement - PreSaveFile = new java.io.File(((pathPrefix + java.lang.Integer.toString(counter)) + .png)): null

2018-12-14 10:02:34 - [TEST_STEP][PASSED] - Statement - counter = counter + 1: null

2018-12-14 10:02:34 - [TEST_STEP][PASSED] - Statement - PreSaveFile = new java.io.File(((pathPrefix + java.lang.Integer.toString(counter)) + .png)): null

2018-12-14 10:02:34 - [TEST_STEP][PASSED] - Statement - counter = counter + 1: null

2018-12-14 10:02:34 - [TEST_STEP][PASSED] - Statement - PreSaveFile = new java.io.File(((pathPrefix + java.lang.Integer.toString(counter)) + .png)): null

2018-12-14 10:02:34 - [TEST_STEP][PASSED] - Statement - counter = counter + 1: null

2018-12-14 10:02:34 - [TEST_STEP][PASSED] - Statement - PreSaveFile = new java.io.File(((pathPrefix + java.lang.Integer.toString(counter)) + .png)): null

2018-12-14 10:02:34 - [TEST_STEP][PASSED] - Statement - counter = counter + 1: null

2018-12-14 10:02:34 - [TEST_STEP][PASSED] - Statement - PreSaveFile = new java.io.File(((pathPrefix + java.lang.Integer.toString(counter)) + .png)): null

2018-12-14 10:02:34 - [TEST_STEP][PASSED] - Statement - counter = counter + 1: null

2018-12-14 10:02:34 - [TEST_STEP][PASSED] - Statement - PreSaveFile = new java.io.File(((pathPrefix + java.lang.Integer.toString(counter)) + .png)): null

2018-12-14 10:02:34 - [TEST_STEP][PASSED] - Statement - counter = counter + 1: null

2018-12-14 10:02:34 - [TEST_STEP][PASSED] - Statement - PreSaveFile = new java.io.File(((pathPrefix + java.lang.Integer.toString(counter)) + .png)): null

2018-12-14 10:02:34 - [TEST_STEP][PASSED] - Statement - counter = counter + 1: null

2018-12-14 10:02:34 - [TEST_STEP][PASSED] - Statement - PreSaveFile = new java.io.File(((pathPrefix + java.lang.Integer.toString(counter)) + .png)): null

2018-12-14 10:02:34 - [TEST_STEP][PASSED] - Statement - counter = counter + 1: null

2018-12-14 10:02:34 - [TEST_STEP][PASSED] - Statement - PreSaveFile = new java.io.File(((pathPrefix + java.lang.Integer.toString(counter)) + .png)): null

2018-12-14 10:02:34 - [TEST_STEP][PASSED] - Statement - counter = counter + 1: null

2018-12-14 10:02:34 - [TEST_STEP][PASSED] - Statement - PreSaveFile = new java.io.File(((pathPrefix + java.lang.Integer.toString(counter)) + .png)): null

2018-12-14 10:02:34 - [TEST_STEP][PASSED] - Statement - counter = counter + 1: null

2018-12-14 10:02:34 - [TEST_STEP][PASSED] - Statement - PreSaveFile = new java.io.File(((pathPrefix + java.lang.Integer.toString(counter)) + .png)): null

2018-12-14 10:02:34 - [TEST_STEP][PASSED] - Statement - counter = counter + 1: null

2018-12-14 10:02:34 - [TEST_STEP][PASSED] - Statement - PreSaveFile = new java.io.File(((pathPrefix + java.lang.Integer.toString(counter)) + .png)): null

2018-12-14 10:02:34 - [TEST_STEP][PASSED] - Statement - counter = counter + 1: null

2018-12-14 10:02:34 - [TEST_STEP][PASSED] - Statement - PreSaveFile = new java.io.File(((pathPrefix + java.lang.Integer.toString(counter)) + .png)): null

2018-12-14 10:02:34 - [TEST_STEP][PASSED] - Statement - counter = counter + 1: null

2018-12-14 10:02:34 - [TEST_STEP][PASSED] - Statement - PreSaveFile = new java.io.File(((pathPrefix + java.lang.Integer.toString(counter)) + .png)): null

2018-12-14 10:02:34 - [TEST_STEP][PASSED] - Statement - counter = counter + 1: null

2018-12-14 10:02:34 - [TEST_STEP][PASSED] - Statement - PreSaveFile = new java.io.File(((pathPrefix + java.lang.Integer.toString(counter)) + .png)): null

2018-12-14 10:02:34 - [TEST_STEP][PASSED] - Statement - counter = counter + 1: null

2018-12-14 10:02:34 - [TEST_STEP][PASSED] - Statement - PreSaveFile = new java.io.File(((pathPrefix + java.lang.Integer.toString(counter)) + .png)): null

2018-12-14 10:02:34 - [TEST_STEP][PASSED] - Statement - counter = counter + 1: null

2018-12-14 10:02:34 - [TEST_STEP][PASSED] - Statement - PreSaveFile = new java.io.File(((pathPrefix + java.lang.Integer.toString(counter)) + .png)): null

2018-12-14 10:02:34 - [TEST_STEP][PASSED] - Statement - counter = counter + 1: null

2018-12-14 10:02:34 - [TEST_STEP][PASSED] - Statement - PreSaveFile = new java.io.File(((pathPrefix + java.lang.Integer.toString(counter)) + .png)): null

2018-12-14 10:02:34 - [TEST_STEP][PASSED] - Statement - counter = counter + 1: null

2018-12-14 10:02:34 - [TEST_STEP][PASSED] - Statement - PreSaveFile = new java.io.File(((pathPrefix + java.lang.Integer.toString(counter)) + .png)): null

2018-12-14 10:02:34 - [TEST_STEP][PASSED] - Statement - counter = counter + 1: null

2018-12-14 10:02:34 - [TEST_STEP][PASSED] - Statement - PreSaveFile = new java.io.File(((pathPrefix + java.lang.Integer.toString(counter)) + .png)): null

2018-12-14 10:02:34 - [TEST_STEP][PASSED] - Statement - counter = counter + 1: null

2018-12-14 10:02:34 - [TEST_STEP][PASSED] - Statement - PreSaveFile = new java.io.File(((pathPrefix + java.lang.Integer.toString(counter)) + .png)): null

2018-12-14 10:02:34 - [TEST_STEP][PASSED] - Statement - counter = counter + 1: null

2018-12-14 10:02:34 - [TEST_STEP][PASSED] - Statement - PreSaveFile = new java.io.File(((pathPrefix + java.lang.Integer.toString(counter)) + .png)): null

2018-12-14 10:02:34 - [TEST_STEP][PASSED] - Statement - counter = counter + 1: null

2018-12-14 10:02:34 - [TEST_STEP][PASSED] - Statement - PreSaveFile = new java.io.File(((pathPrefix + java.lang.Integer.toString(counter)) + .png)): null

2018-12-14 10:02:34 - [TEST_STEP][PASSED] - Statement - counter = counter + 1: null

2018-12-14 10:02:34 - [TEST_STEP][PASSED] - Statement - PreSaveFile = new java.io.File(((pathPrefix + java.lang.Integer.toString(counter)) + .png)): null

2018-12-14 10:02:34 - [TEST_STEP][PASSED] - Statement - counter = counter + 1: null

2018-12-14 10:02:34 - [TEST_STEP][PASSED] - Statement - PreSaveFile = new java.io.File(((pathPrefix + java.lang.Integer.toString(counter)) + .png)): null

2018-12-14 10:02:34 - [TEST_STEP][PASSED] - Statement - counter = counter + 1: null

2018-12-14 10:02:34 - [TEST_STEP][PASSED] - Statement - PreSaveFile = new java.io.File(((pathPrefix + java.lang.Integer.toString(counter)) + .png)): null

2018-12-14 10:02:34 - [TEST_STEP][PASSED] - Statement - counter = counter + 1: null

2018-12-14 10:02:34 - [TEST_STEP][PASSED] - Statement - PreSaveFile = new java.io.File(((pathPrefix + java.lang.Integer.toString(counter)) + .png)): null

2018-12-14 10:02:34 - [TEST_STEP][PASSED] - Statement - counter = counter + 1: null

2018-12-14 10:02:34 - [TEST_STEP][PASSED] - Statement - PreSaveFile = new java.io.File(((pathPrefix + java.lang.Integer.toString(counter)) + .png)): null

2018-12-14 10:02:34 - [TEST_STEP][PASSED] - Statement - counter = counter + 1: null

2018-12-14 10:02:34 - [TEST_STEP][PASSED] - Statement - PreSaveFile = new java.io.File(((pathPrefix + java.lang.Integer.toString(counter)) + .png)): null

2018-12-14 10:02:34 - [TEST_STEP][PASSED] - Statement - counter = counter + 1: null

2018-12-14 10:02:34 - [TEST_STEP][PASSED] - Statement - PreSaveFile = new java.io.File(((pathPrefix + java.lang.Integer.toString(counter)) + .png)): null

2018-12-14 10:02:34 - [TEST_STEP][PASSED] - Statement - counter = counter + 1: null

2018-12-14 10:02:34 - [TEST_STEP][PASSED] - Statement - PreSaveFile = new java.io.File(((pathPrefix + java.lang.Integer.toString(counter)) + .png)): null

2018-12-14 10:02:34 - [TEST_STEP][PASSED] - Statement - counter = counter + 1: null

2018-12-14 10:02:34 - [TEST_STEP][PASSED] - Statement - PreSaveFile = new java.io.File(((pathPrefix + java.lang.Integer.toString(counter)) + .png)): null

2018-12-14 10:02:34 - [TEST_STEP][PASSED] - Statement - counter = counter + 1: null

2018-12-14 10:02:34 - [TEST_STEP][PASSED] - Statement - PreSaveFile = new java.io.File(((pathPrefix + java.lang.Integer.toString(counter)) + .png)): null

2018-12-14 10:02:34 - [TEST_STEP][PASSED] - Statement - counter = counter + 1: null

2018-12-14 10:02:34 - [TEST_STEP][PASSED] - Statement - PreSaveFile = new java.io.File(((pathPrefix + java.lang.Integer.toString(counter)) + .png)): null

2018-12-14 10:02:34 - [TEST_STEP][PASSED] - Statement - counter = counter + 1: null

2018-12-14 10:02:34 - [TEST_STEP][PASSED] - Statement - PreSaveFile = new java.io.File(((pathPrefix + java.lang.Integer.toString(counter)) + .png)): null

2018-12-14 10:02:34 - [TEST_STEP][PASSED] - Statement - counter = counter + 1: null

2018-12-14 10:02:34 - [TEST_STEP][PASSED] - Statement - PreSaveFile = new java.io.File(((pathPrefix + java.lang.Integer.toString(counter)) + .png)): null

2018-12-14 10:02:34 - [TEST_STEP][PASSED] - Statement - counter = counter + 1: null

2018-12-14 10:02:34 - [TEST_STEP][PASSED] - Statement - PreSaveFile = new java.io.File(((pathPrefix + java.lang.Integer.toString(counter)) + .png)): null

2018-12-14 10:02:34 - [TEST_STEP][PASSED] - Statement - counter = counter + 1: null

2018-12-14 10:02:34 - [TEST_STEP][PASSED] - Statement - PreSaveFile = new java.io.File(((pathPrefix + java.lang.Integer.toString(counter)) + .png)): null

2018-12-14 10:02:34 - [TEST_STEP][PASSED] - Statement - counter = counter + 1: null

2018-12-14 10:02:34 - [TEST_STEP][PASSED] - Statement - PreSaveFile = new java.io.File(((pathPrefix + java.lang.Integer.toString(counter)) + .png)): null

2018-12-14 10:02:34 - [TEST_STEP][PASSED] - Statement - counter = counter + 1: null

2018-12-14 10:02:34 - [TEST_STEP][PASSED] - Statement - PreSaveFile = new java.io.File(((pathPrefix + java.lang.Integer.toString(counter)) + .png)): null

2018-12-14 10:02:34 - [TEST_STEP][PASSED] - Statement - counter = counter + 1: null

2018-12-14 10:02:34 - [TEST_STEP][PASSED] - Statement - PreSaveFile = new java.io.File(((pathPrefix + java.lang.Integer.toString(counter)) + .png)): null

2018-12-14 10:02:34 - [TEST_STEP][PASSED] - Statement - counter = counter + 1: null

2018-12-14 10:02:34 - [TEST_STEP][PASSED] - Statement - PreSaveFile = new java.io.File(((pathPrefix + java.lang.Integer.toString(counter)) + .png)): null

2018-12-14 10:02:34 - [TEST_STEP][PASSED] - Statement - counter = counter + 1: null

2018-12-14 10:02:34 - [TEST_STEP][PASSED] - Statement - PreSaveFile = new java.io.File(((pathPrefix + java.lang.Integer.toString(counter)) + .png)): null

2018-12-14 10:02:35 - [TEST_STEP][PASSED] - Statement - counter = counter + 1: null

2018-12-14 10:02:35 - [TEST_STEP][PASSED] - Statement - PreSaveFile = new java.io.File(((pathPrefix + java.lang.Integer.toString(counter)) + .png)): null

2018-12-14 10:02:35 - [TEST_STEP][PASSED] - Statement - counter = counter + 1: null

2018-12-14 10:02:35 - [TEST_STEP][PASSED] - Statement - PreSaveFile = new java.io.File(((pathPrefix + java.lang.Integer.toString(counter)) + .png)): null

2018-12-14 10:02:35 - [TEST_STEP][PASSED] - Statement - counter = counter + 1: null

2018-12-14 10:02:35 - [TEST_STEP][PASSED] - Statement - PreSaveFile = new java.io.File(((pathPrefix + java.lang.Integer.toString(counter)) + .png)): null

2018-12-14 10:02:35 - [TEST_STEP][PASSED] - Statement - counter = counter + 1: null

2018-12-14 10:02:35 - [TEST_STEP][PASSED] - Statement - PreSaveFile = new java.io.File(((pathPrefix + java.lang.Integer.toString(counter)) + .png)): null

2018-12-14 10:02:35 - [TEST_STEP][PASSED] - Statement - counter = counter + 1: null

2018-12-14 10:02:35 - [TEST_STEP][PASSED] - Statement - PreSaveFile = new java.io.File(((pathPrefix + java.lang.Integer.toString(counter)) + .png)): null

2018-12-14 10:02:35 - [TEST_STEP][PASSED] - Statement - counter = counter + 1: null

2018-12-14 10:02:35 - [TEST_STEP][PASSED] - Statement - PreSaveFile = new java.io.File(((pathPrefix + java.lang.Integer.toString(counter)) + .png)): null

2018-12-14 10:02:35 - [TEST_STEP][PASSED] - Statement - counter = counter + 1: null

2018-12-14 10:02:35 - [TEST_STEP][PASSED] - Statement - PreSaveFile = new java.io.File(((pathPrefix + java.lang.Integer.toString(counter)) + .png)): null

2018-12-14 10:02:35 - [TEST_STEP][PASSED] - Statement - counter = counter + 1: null

2018-12-14 10:02:35 - [TEST_STEP][PASSED] - Statement - PreSaveFile = new java.io.File(((pathPrefix + java.lang.Integer.toString(counter)) + .png)): null

2018-12-14 10:02:35 - [TEST_STEP][PASSED] - Statement - counter = counter + 1: null

2018-12-14 10:02:35 - [TEST_STEP][PASSED] - Statement - PreSaveFile = new java.io.File(((pathPrefix + java.lang.Integer.toString(counter)) + .png)): null

2018-12-14 10:02:35 - [TEST_STEP][PASSED] - Statement - counter = counter + 1: null

2018-12-14 10:02:35 - [TEST_STEP][PASSED] - Statement - PreSaveFile = new java.io.File(((pathPrefix + java.lang.Integer.toString(counter)) + .png)): null

2018-12-14 10:02:35 - [TEST_STEP][PASSED] - Statement - counter = counter + 1: null

2018-12-14 10:02:35 - [TEST_STEP][PASSED] - Statement - PreSaveFile = new java.io.File(((pathPrefix + java.lang.Integer.toString(counter)) + .png)): null

2018-12-14 10:02:35 - [TEST_STEP][PASSED] - Statement - counter = counter + 1: null

2018-12-14 10:02:35 - [TEST_STEP][PASSED] - Statement - PreSaveFile = new java.io.File(((pathPrefix + java.lang.Integer.toString(counter)) + .png)): null

2018-12-14 10:02:35 - [TEST_STEP][PASSED] - Statement - counter = counter + 1: null

2018-12-14 10:02:35 - [TEST_STEP][PASSED] - Statement - PreSaveFile = new java.io.File(((pathPrefix + java.lang.Integer.toString(counter)) + .png)): null

2018-12-14 10:02:35 - [TEST_STEP][PASSED] - Statement - counter = counter + 1: null

2018-12-14 10:02:35 - [TEST_STEP][PASSED] - Statement - PreSaveFile = new java.io.File(((pathPrefix + java.lang.Integer.toString(counter)) + .png)): null

2018-12-14 10:02:35 - [TEST_STEP][PASSED] - Statement - counter = counter + 1: null

2018-12-14 10:02:35 - [TEST_STEP][PASSED] - Statement - PreSaveFile = new java.io.File(((pathPrefix + java.lang.Integer.toString(counter)) + .png)): null

2018-12-14 10:02:35 - [TEST_STEP][PASSED] - Statement - counter = counter + 1: null

2018-12-14 10:02:35 - [TEST_STEP][PASSED] - Statement - PreSaveFile = new java.io.File(((pathPrefix + java.lang.Integer.toString(counter)) + .png)): null

2018-12-14 10:02:35 - [TEST_STEP][PASSED] - Statement - counter = counter + 1: null

2018-12-14 10:02:35 - [TEST_STEP][PASSED] - Statement - PreSaveFile = new java.io.File(((pathPrefix + java.lang.Integer.toString(counter)) + .png)): null

2018-12-14 10:02:35 - [TEST_STEP][PASSED] - Statement - counter = counter + 1: null

2018-12-14 10:02:35 - [TEST_STEP][PASSED] - Statement - PreSaveFile = new java.io.File(((pathPrefix + java.lang.Integer.toString(counter)) + .png)): null

2018-12-14 10:02:35 - [TEST_STEP][PASSED] - Statement - counter = counter + 1: null

2018-12-14 10:02:35 - [TEST_STEP][PASSED] - Statement - PreSaveFile = new java.io.File(((pathPrefix + java.lang.Integer.toString(counter)) + .png)): null

2018-12-14 10:02:35 - [TEST_STEP][PASSED] - Statement - counter = counter + 1: null

2018-12-14 10:02:35 - [TEST_STEP][PASSED] - Statement - PreSaveFile = new java.io.File(((pathPrefix + java.lang.Integer.toString(counter)) + .png)): null

2018-12-14 10:02:35 - [TEST_STEP][PASSED] - Statement - counter = counter + 1: null

2018-12-14 10:02:35 - [TEST_STEP][PASSED] - Statement - PreSaveFile = new java.io.File(((pathPrefix + java.lang.Integer.toString(counter)) + .png)): null

2018-12-14 10:02:35 - [TEST_STEP][PASSED] - Statement - counter = counter + 1: null

2018-12-14 10:02:35 - [TEST_STEP][PASSED] - Statement - PreSaveFile = new java.io.File(((pathPrefix + java.lang.Integer.toString(counter)) + .png)): null

2018-12-14 10:02:35 - [TEST_STEP][PASSED] - Statement - counter = counter + 1: null

2018-12-14 10:02:35 - [TEST_STEP][PASSED] - Statement - PreSaveFile = new java.io.File(((pathPrefix + java.lang.Integer.toString(counter)) + .png)): null

2018-12-14 10:02:35 - [TEST_STEP][PASSED] - Statement - counter = counter + 1: null

2018-12-14 10:02:35 - [TEST_STEP][PASSED] - Statement - PreSaveFile = new java.io.File(((pathPrefix + java.lang.Integer.toString(counter)) + .png)): null

2018-12-14 10:02:35 - [TEST_STEP][PASSED] - Statement - counter = counter + 1: null

2018-12-14 10:02:35 - [TEST_STEP][PASSED] - Statement - PreSaveFile = new java.io.File(((pathPrefix + java.lang.Integer.toString(counter)) + .png)): null

2018-12-14 10:02:35 - [TEST_STEP][PASSED] - Statement - counter = counter + 1: null

2018-12-14 10:02:35 - [TEST_STEP][PASSED] - Statement - PreSaveFile = new java.io.File(((pathPrefix + java.lang.Integer.toString(counter)) + .png)): null

2018-12-14 10:02:35 - [TEST_STEP][PASSED] - Statement - counter = counter + 1: null

2018-12-14 10:02:35 - [TEST_STEP][PASSED] - Statement - PreSaveFile = new java.io.File(((pathPrefix + java.lang.Integer.toString(counter)) + .png)): null

2018-12-14 10:02:35 - [TEST_STEP][PASSED] - Statement - counter = counter + 1: null

2018-12-14 10:02:35 - [TEST_STEP][PASSED] - Statement - PreSaveFile = new java.io.File(((pathPrefix + java.lang.Integer.toString(counter)) + .png)): null

2018-12-14 10:02:35 - [TEST_STEP][PASSED] - Statement - counter = counter + 1: null

2018-12-14 10:02:35 - [TEST_STEP][PASSED] - Statement - PreSaveFile = new java.io.File(((pathPrefix + java.lang.Integer.toString(counter)) + .png)): null

2018-12-14 10:02:35 - [TEST_STEP][PASSED] - Statement - counter = counter + 1: null

2018-12-14 10:02:35 - [TEST_STEP][PASSED] - Statement - PreSaveFile = new java.io.File(((pathPrefix + java.lang.Integer.toString(counter)) + .png)): null

2018-12-14 10:02:35 - [TEST_STEP][PASSED] - Statement - counter = counter + 1: null

2018-12-14 10:02:35 - [TEST_STEP][PASSED] - Statement - PreSaveFile = new java.io.File(((pathPrefix + java.lang.Integer.toString(counter)) + .png)): null

2018-12-14 10:02:35 - [TEST_STEP][PASSED] - Statement - counter = counter + 1: null

2018-12-14 10:02:35 - [TEST_STEP][PASSED] - Statement - PreSaveFile = new java.io.File(((pathPrefix + java.lang.Integer.toString(counter)) + .png)): null

2018-12-14 10:02:35 - [TEST_STEP][PASSED] - Statement - counter = counter + 1: null

2018-12-14 10:02:35 - [TEST_STEP][PASSED] - Statement - PreSaveFile = new java.io.File(((pathPrefix + java.lang.Integer.toString(counter)) + .png)): null

2018-12-14 10:02:35 - [TEST_STEP][PASSED] - Statement - counter = counter + 1: null

2018-12-14 10:02:35 - [TEST_STEP][PASSED] - Statement - PreSaveFile = new java.io.File(((pathPrefix + java.lang.Integer.toString(counter)) + .png)): null

2018-12-14 10:02:35 - [TEST_STEP][PASSED] - Statement - counter = counter + 1: null

2018-12-14 10:02:35 - [TEST_STEP][PASSED] - Statement - PreSaveFile = new java.io.File(((pathPrefix + java.lang.Integer.toString(counter)) + .png)): null

2018-12-14 10:02:35 - [TEST_STEP][PASSED] - Statement - counter = counter + 1: null

2018-12-14 10:02:35 - [TEST_STEP][PASSED] - Statement - PreSaveFile = new java.io.File(((pathPrefix + java.lang.Integer.toString(counter)) + .png)): null

2018-12-14 10:02:35 - [TEST_STEP][PASSED] - Statement - counter = counter + 1: null

2018-12-14 10:02:35 - [TEST_STEP][PASSED] - Statement - PreSaveFile = new java.io.File(((pathPrefix + java.lang.Integer.toString(counter)) + .png)): null

2018-12-14 10:02:35 - [TEST_STEP][PASSED] - Statement - counter = counter + 1: null

2018-12-14 10:02:35 - [TEST_STEP][PASSED] - Statement - PreSaveFile = new java.io.File(((pathPrefix + java.lang.Integer.toString(counter)) + .png)): null

2018-12-14 10:02:35 - [TEST_STEP][PASSED] - Statement - counter = counter + 1: null

2018-12-14 10:02:35 - [TEST_STEP][PASSED] - Statement - PreSaveFile = new java.io.File(((pathPrefix + java.lang.Integer.toString(counter)) + .png)): null

2018-12-14 10:02:35 - [TEST_STEP][PASSED] - Statement - counter = counter + 1: null

2018-12-14 10:02:35 - [TEST_STEP][PASSED] - Statement - PreSaveFile = new java.io.File(((pathPrefix + java.lang.Integer.toString(counter)) + .png)): null

2018-12-14 10:02:35 - [TEST_STEP][PASSED] - Statement - counter = counter + 1: null

2018-12-14 10:02:35 - [TEST_STEP][PASSED] - Statement - PreSaveFile = new java.io.File(((pathPrefix + java.lang.Integer.toString(counter)) + .png)): null

2018-12-14 10:02:35 - [TEST_STEP][PASSED] - Statement - counter = counter + 1: null

2018-12-14 10:02:35 - [TEST_STEP][PASSED] - Statement - PreSaveFile = new java.io.File(((pathPrefix + java.lang.Integer.toString(counter)) + .png)): null

2018-12-14 10:02:35 - [TEST_STEP][PASSED] - Statement - counter = counter + 1: null

2018-12-14 10:02:35 - [TEST_STEP][PASSED] - Statement - PreSaveFile = new java.io.File(((pathPrefix + java.lang.Integer.toString(counter)) + .png)): null

2018-12-14 10:02:35 - [TEST_STEP][PASSED] - Statement - counter = counter + 1: null

2018-12-14 10:02:35 - [TEST_STEP][PASSED] - Statement - PreSaveFile = new java.io.File(((pathPrefix + java.lang.Integer.toString(counter)) + .png)): null

2018-12-14 10:02:35 - [TEST_STEP][PASSED] - Statement - counter = counter + 1: null

2018-12-14 10:02:35 - [TEST_STEP][PASSED] - Statement - PreSaveFile = new java.io.File(((pathPrefix + java.lang.Integer.toString(counter)) + .png)): null

2018-12-14 10:02:35 - [TEST_STEP][PASSED] - Statement - counter = counter + 1: null

2018-12-14 10:02:35 - [TEST_STEP][PASSED] - Statement - PreSaveFile = new java.io.File(((pathPrefix + java.lang.Integer.toString(counter)) + .png)): null

2018-12-14 10:02:35 - [TEST_STEP][PASSED] - Statement - counter = counter + 1: null

2018-12-14 10:02:35 - [TEST_STEP][PASSED] - Statement - PreSaveFile = new java.io.File(((pathPrefix + java.lang.Integer.toString(counter)) + .png)): null

2018-12-14 10:02:35 - [TEST_STEP][PASSED] - Statement - counter = counter + 1: null

2018-12-14 10:02:35 - [TEST_STEP][PASSED] - Statement - PreSaveFile = new java.io.File(((pathPrefix + java.lang.Integer.toString(counter)) + .png)): null

2018-12-14 10:02:35 - [TEST_STEP][PASSED] - Statement - counter = counter + 1: null

2018-12-14 10:02:35 - [TEST_STEP][PASSED] - Statement - PreSaveFile = new java.io.File(((pathPrefix + java.lang.Integer.toString(counter)) + .png)): null

2018-12-14 10:02:35 - [TEST_STEP][PASSED] - Statement - counter = counter + 1: null

2018-12-14 10:02:35 - [TEST_STEP][PASSED] - Statement - PreSaveFile = new java.io.File(((pathPrefix + java.lang.Integer.toString(counter)) + .png)): null

2018-12-14 10:02:35 - [TEST_STEP][PASSED] - Statement - counter = counter + 1: null

2018-12-14 10:02:35 - [TEST_STEP][PASSED] - Statement - PreSaveFile = new java.io.File(((pathPrefix + java.lang.Integer.toString(counter)) + .png)): null

2018-12-14 10:02:35 - [TEST_STEP][PASSED] - Statement - counter = counter + 1: null

2018-12-14 10:02:35 - [TEST_STEP][PASSED] - Statement - PreSaveFile = new java.io.File(((pathPrefix + java.lang.Integer.toString(counter)) + .png)): null

2018-12-14 10:02:35 - [TEST_STEP][PASSED] - Statement - counter = counter + 1: null

2018-12-14 10:02:35 - [TEST_STEP][PASSED] - Statement - PreSaveFile = new java.io.File(((pathPrefix + java.lang.Integer.toString(counter)) + .png)): null

2018-12-14 10:02:35 - [TEST_STEP][PASSED] - Statement - counter = counter + 1: null

2018-12-14 10:02:35 - [TEST_STEP][PASSED] - Statement - PreSaveFile = new java.io.File(((pathPrefix + java.lang.Integer.toString(counter)) + .png)): null

2018-12-14 10:02:35 - [TEST_STEP][PASSED] - Statement - counter = counter + 1: null

2018-12-14 10:02:35 - [TEST_STEP][PASSED] - Statement - PreSaveFile = new java.io.File(((pathPrefix + java.lang.Integer.toString(counter)) + .png)): null

2018-12-14 10:02:35 - [TEST_STEP][PASSED] - Statement - counter = counter + 1: null

2018-12-14 10:02:35 - [TEST_STEP][PASSED] - Statement - PreSaveFile = new java.io.File(((pathPrefix + java.lang.Integer.toString(counter)) + .png)): null

2018-12-14 10:02:35 - [TEST_STEP][PASSED] - Statement - counter = counter + 1: null

2018-12-14 10:02:35 - [TEST_STEP][PASSED] - Statement - PreSaveFile = new java.io.File(((pathPrefix + java.lang.Integer.toString(counter)) + .png)): null

2018-12-14 10:02:35 - [TEST_STEP][PASSED] - Statement - counter = counter + 1: null

2018-12-14 10:02:35 - [TEST_STEP][PASSED] - Statement - PreSaveFile = new java.io.File(((pathPrefix + java.lang.Integer.toString(counter)) + .png)): null

2018-12-14 10:02:35 - [TEST_STEP][PASSED] - Statement - counter = counter + 1: null

2018-12-14 10:02:35 - [TEST_STEP][PASSED] - Statement - PreSaveFile = new java.io.File(((pathPrefix + java.lang.Integer.toString(counter)) + .png)): null

2018-12-14 10:02:35 - [TEST_STEP][PASSED] - Statement - counter = counter + 1: null

2018-12-14 10:02:35 - [TEST_STEP][PASSED] - Statement - PreSaveFile = new java.io.File(((pathPrefix + java.lang.Integer.toString(counter)) + .png)): null

2018-12-14 10:02:35 - [TEST_STEP][PASSED] - Statement - counter = counter + 1: null

2018-12-14 10:02:35 - [TEST_STEP][PASSED] - Statement - PreSaveFile = new java.io.File(((pathPrefix + java.lang.Integer.toString(counter)) + .png)): null

2018-12-14 10:02:35 - [TEST_STEP][PASSED] - Statement - counter = counter + 1: null

2018-12-14 10:02:35 - [TEST_STEP][PASSED] - Statement - PreSaveFile = new java.io.File(((pathPrefix + java.lang.Integer.toString(counter)) + .png)): null

2018-12-14 10:02:35 - [TEST_STEP][PASSED] - Statement - counter = counter + 1: null

2018-12-14 10:02:35 - [TEST_STEP][PASSED] - Statement - PreSaveFile = new java.io.File(((pathPrefix + java.lang.Integer.toString(counter)) + .png)): null

2018-12-14 10:02:35 - [TEST_STEP][PASSED] - Statement - counter = counter + 1: null

2018-12-14 10:02:35 - [TEST_STEP][PASSED] - Statement - PreSaveFile = new java.io.File(((pathPrefix + java.lang.Integer.toString(counter)) + .png)): null

2018-12-14 10:02:35 - [TEST_STEP][PASSED] - Statement - counter = counter + 1: null

2018-12-14 10:02:35 - [TEST_STEP][PASSED] - Statement - PreSaveFile = new java.io.File(((pathPrefix + java.lang.Integer.toString(counter)) + .png)): null

2018-12-14 10:02:35 - [TEST_STEP][PASSED] - Statement - counter = counter + 1: null

2018-12-14 10:02:35 - [TEST_STEP][PASSED] - Statement - PreSaveFile = new java.io.File(((pathPrefix + java.lang.Integer.toString(counter)) + .png)): null

2018-12-14 10:02:35 - [TEST_STEP][PASSED] - Statement - counter = counter + 1: null

2018-12-14 10:02:35 - [TEST_STEP][PASSED] - Statement - PreSaveFile = new java.io.File(((pathPrefix + java.lang.Integer.toString(counter)) + .png)): null

2018-12-14 10:02:35 - [TEST_STEP][PASSED] - Statement - counter = counter + 1: null

2018-12-14 10:02:35 - [TEST_STEP][PASSED] - Statement - PreSaveFile = new java.io.File(((pathPrefix + java.lang.Integer.toString(counter)) + .png)): null

2018-12-14 10:02:35 - [TEST_STEP][PASSED] - Statement - counter = counter + 1: null

2018-12-14 10:02:35 - [TEST_STEP][PASSED] - Statement - PreSaveFile = new java.io.File(((pathPrefix + java.lang.Integer.toString(counter)) + .png)): null

2018-12-14 10:02:35 - [TEST_STEP][PASSED] - Statement - counter = counter + 1: null

2018-12-14 10:02:35 - [TEST_STEP][PASSED] - Statement - PreSaveFile = new java.io.File(((pathPrefix + java.lang.Integer.toString(counter)) + .png)): null

2018-12-14 10:02:35 - [TEST_STEP][PASSED] - Statement - counter = counter + 1: null

2018-12-14 10:02:35 - [TEST_STEP][PASSED] - Statement - PreSaveFile = new java.io.File(((pathPrefix + java.lang.Integer.toString(counter)) + .png)): null

2018-12-14 10:02:35 - [TEST_STEP][PASSED] - Statement - counter = counter + 1: null

2018-12-14 10:02:35 - [TEST_STEP][PASSED] - Statement - PreSaveFile = new java.io.File(((pathPrefix + java.lang.Integer.toString(counter)) + .png)): null

2018-12-14 10:02:35 - [TEST_STEP][PASSED] - Statement - counter = counter + 1: null

2018-12-14 10:02:35 - [TEST_STEP][PASSED] - Statement - PreSaveFile = new java.io.File(((pathPrefix + java.lang.Integer.toString(counter)) + .png)): null

2018-12-14 10:02:35 - [TEST_STEP][PASSED] - Statement - counter = counter + 1: null

2018-12-14 10:02:35 - [TEST_STEP][PASSED] - Statement - PreSaveFile = new java.io.File(((pathPrefix + java.lang.Integer.toString(counter)) + .png)): null

2018-12-14 10:02:35 - [TEST_STEP][PASSED] - Statement - counter = counter + 1: null

2018-12-14 10:02:35 - [TEST_STEP][PASSED] - Statement - PreSaveFile = new java.io.File(((pathPrefix + java.lang.Integer.toString(counter)) + .png)): null

2018-12-14 10:02:35 - [TEST_STEP][PASSED] - Statement - counter = counter + 1: null

2018-12-14 10:02:35 - [TEST_STEP][PASSED] - Statement - PreSaveFile = new java.io.File(((pathPrefix + java.lang.Integer.toString(counter)) + .png)): null

2018-12-14 10:02:35 - [TEST_STEP][PASSED] - Statement - counter = counter + 1: null

2018-12-14 10:02:35 - [TEST_STEP][PASSED] - Statement - PreSaveFile = new java.io.File(((pathPrefix + java.lang.Integer.toString(counter)) + .png)): null

2018-12-14 10:02:35 - [TEST_STEP][PASSED] - Statement - counter = counter + 1: null

2018-12-14 10:02:35 - [TEST_STEP][PASSED] - Statement - PreSaveFile = new java.io.File(((pathPrefix + java.lang.Integer.toString(counter)) + .png)): null

2018-12-14 10:02:35 - [TEST_STEP][PASSED] - Statement - counter = counter + 1: null

2018-12-14 10:02:35 - [TEST_STEP][PASSED] - Statement - PreSaveFile = new java.io.File(((pathPrefix + java.lang.Integer.toString(counter)) + .png)): null

2018-12-14 10:02:35 - [TEST_STEP][PASSED] - Statement - counter = counter + 1: null

2018-12-14 10:02:35 - [TEST_STEP][PASSED] - Statement - PreSaveFile = new java.io.File(((pathPrefix + java.lang.Integer.toString(counter)) + .png)): null

2018-12-14 10:02:35 - [TEST_STEP][PASSED] - Statement - counter = counter + 1: null

2018-12-14 10:02:35 - [TEST_STEP][PASSED] - Statement - PreSaveFile = new java.io.File(((pathPrefix + java.lang.Integer.toString(counter)) + .png)): null

2018-12-14 10:02:35 - [TEST_STEP][PASSED] - Statement - counter = counter + 1: null

2018-12-14 10:02:35 - [TEST_STEP][PASSED] - Statement - PreSaveFile = new java.io.File(((pathPrefix + java.lang.Integer.toString(counter)) + .png)): null

2018-12-14 10:02:35 - [TEST_STEP][PASSED] - Statement - counter = counter + 1: null

2018-12-14 10:02:35 - [TEST_STEP][PASSED] - Statement - PreSaveFile = new java.io.File(((pathPrefix + java.lang.Integer.toString(counter)) + .png)): null

2018-12-14 10:02:35 - [TEST_STEP][PASSED] - Statement - counter = counter + 1: null

2018-12-14 10:02:35 - [TEST_STEP][PASSED] - Statement - PreSaveFile = new java.io.File(((pathPrefix + java.lang.Integer.toString(counter)) + .png)): null

2018-12-14 10:02:35 - [TEST_STEP][PASSED] - Statement - counter = counter + 1: null

2018-12-14 10:02:35 - [TEST_STEP][PASSED] - Statement - PreSaveFile = new java.io.File(((pathPrefix + java.lang.Integer.toString(counter)) + .png)): null

2018-12-14 10:02:35 - [TEST_STEP][PASSED] - Statement - counter = counter + 1: null

2018-12-14 10:02:35 - [TEST_STEP][PASSED] - Statement - PreSaveFile = new java.io.File(((pathPrefix + java.lang.Integer.toString(counter)) + .png)): null

2018-12-14 10:02:35 - [TEST_STEP][PASSED] - Statement - counter = counter + 1: null

2018-12-14 10:02:35 - [TEST_STEP][PASSED] - Statement - PreSaveFile = new java.io.File(((pathPrefix + java.lang.Integer.toString(counter)) + .png)): null

2018-12-14 10:02:35 - [TEST_STEP][PASSED] - Statement - counter = counter + 1: null

2018-12-14 10:02:35 - [TEST_STEP][PASSED] - Statement - PreSaveFile = new java.io.File(((pathPrefix + java.lang.Integer.toString(counter)) + .png)): null

2018-12-14 10:02:35 - [TEST_STEP][PASSED] - Statement - counter = counter + 1: null

2018-12-14 10:02:35 - [TEST_STEP][PASSED] - Statement - PreSaveFile = new java.io.File(((pathPrefix + java.lang.Integer.toString(counter)) + .png)): null

2018-12-14 10:02:35 - [TEST_STEP][PASSED] - Statement - counter = counter + 1: null

2018-12-14 10:02:35 - [TEST_STEP][PASSED] - Statement - PreSaveFile = new java.io.File(((pathPrefix + java.lang.Integer.toString(counter)) + .png)): null

2018-12-14 10:02:35 - [TEST_STEP][PASSED] - Statement - counter = counter + 1: null

2018-12-14 10:02:35 - [TEST_STEP][PASSED] - Statement - PreSaveFile = new java.io.File(((pathPrefix + java.lang.Integer.toString(counter)) + .png)): null

2018-12-14 10:02:35 - [TEST_STEP][PASSED] - Statement - counter = counter + 1: null

2018-12-14 10:02:35 - [TEST_STEP][PASSED] - Statement - PreSaveFile = new java.io.File(((pathPrefix + java.lang.Integer.toString(counter)) + .png)): null

2018-12-14 10:02:35 - [TEST_STEP][PASSED] - Statement - counter = counter + 1: null

2018-12-14 10:02:35 - [TEST_STEP][PASSED] - Statement - PreSaveFile = new java.io.File(((pathPrefix + java.lang.Integer.toString(counter)) + .png)): null

2018-12-14 10:02:35 - [TEST_STEP][PASSED] - Statement - counter = counter + 1: null

2018-12-14 10:02:35 - [TEST_STEP][PASSED] - Statement - PreSaveFile = new java.io.File(((pathPrefix + java.lang.Integer.toString(counter)) + .png)): null

2018-12-14 10:02:35 - [TEST_STEP][PASSED] - Statement - counter = counter + 1: null

2018-12-14 10:02:35 - [TEST_STEP][PASSED] - Statement - PreSaveFile = new java.io.File(((pathPrefix + java.lang.Integer.toString(counter)) + .png)): null

2018-12-14 10:02:35 - [TEST_STEP][PASSED] - Statement - counter = counter + 1: null

2018-12-14 10:02:35 - [TEST_STEP][PASSED] - Statement - PreSaveFile = new java.io.File(((pathPrefix + java.lang.Integer.toString(counter)) + .png)): null

2018-12-14 10:02:35 - [TEST_STEP][PASSED] - Statement - counter = counter + 1: null

2018-12-14 10:02:35 - [TEST_STEP][PASSED] - Statement - PreSaveFile = new java.io.File(((pathPrefix + java.lang.Integer.toString(counter)) + .png)): null

2018-12-14 10:02:35 - [TEST_STEP][PASSED] - Statement - counter = counter + 1: null

2018-12-14 10:02:35 - [TEST_STEP][PASSED] - Statement - PreSaveFile = new java.io.File(((pathPrefix + java.lang.Integer.toString(counter)) + .png)): null

2018-12-14 10:02:35 - [TEST_STEP][PASSED] - Statement - counter = counter + 1: null

2018-12-14 10:02:35 - [TEST_STEP][PASSED] - Statement - PreSaveFile = new java.io.File(((pathPrefix + java.lang.Integer.toString(counter)) + .png)): null

2018-12-14 10:02:35 - [TEST_STEP][PASSED] - Statement - counter = counter + 1: null

2018-12-14 10:02:35 - [TEST_STEP][PASSED] - Statement - PreSaveFile = new java.io.File(((pathPrefix + java.lang.Integer.toString(counter)) + .png)): null

2018-12-14 10:02:35 - [TEST_STEP][PASSED] - Statement - counter = counter + 1: null

2018-12-14 10:02:35 - [TEST_STEP][PASSED] - Statement - PreSaveFile = new java.io.File(((pathPrefix + java.lang.Integer.toString(counter)) + .png)): null

2018-12-14 10:02:35 - [TEST_STEP][PASSED] - Statement - counter = counter + 1: null

2018-12-14 10:02:35 - [TEST_STEP][PASSED] - Statement - PreSaveFile = new java.io.File(((pathPrefix + java.lang.Integer.toString(counter)) + .png)): null

2018-12-14 10:02:35 - [TEST_STEP][PASSED] - Statement - counter = counter + 1: null

2018-12-14 10:02:35 - [TEST_STEP][PASSED] - Statement - PreSaveFile = new java.io.File(((pathPrefix + java.lang.Integer.toString(counter)) + .png)): null

2018-12-14 10:02:35 - [TEST_STEP][PASSED] - Statement - counter = counter + 1: null

2018-12-14 10:02:35 - [TEST_STEP][PASSED] - Statement - PreSaveFile = new java.io.File(((pathPrefix + java.lang.Integer.toString(counter)) + .png)): null

2018-12-14 10:02:35 - [TEST_STEP][PASSED] - Statement - counter = counter + 1: null

2018-12-14 10:02:35 - [TEST_STEP][PASSED] - Statement - PreSaveFile = new java.io.File(((pathPrefix + java.lang.Integer.toString(counter)) + .png)): null

2018-12-14 10:02:35 - [TEST_STEP][PASSED] - Statement - counter = counter + 1: null

2018-12-14 10:02:35 - [TEST_STEP][PASSED] - Statement - PreSaveFile = new java.io.File(((pathPrefix + java.lang.Integer.toString(counter)) + .png)): null

2018-12-14 10:02:35 - [TEST_STEP][PASSED] - Statement - counter = counter + 1: null

2018-12-14 10:02:35 - [TEST_STEP][PASSED] - Statement - PreSaveFile = new java.io.File(((pathPrefix + java.lang.Integer.toString(counter)) + .png)): null

2018-12-14 10:02:35 - [TEST_STEP][PASSED] - Statement - counter = counter + 1: null

2018-12-14 10:02:35 - [TEST_STEP][PASSED] - Statement - PreSaveFile = new java.io.File(((pathPrefix + java.lang.Integer.toString(counter)) + .png)): null

2018-12-14 10:02:35 - [TEST_STEP][PASSED] - Statement - counter = counter + 1: null

2018-12-14 10:02:35 - [TEST_STEP][PASSED] - Statement - PreSaveFile = new java.io.File(((pathPrefix + java.lang.Integer.toString(counter)) + .png)): null

2018-12-14 10:02:35 - [TEST_STEP][PASSED] - Statement - counter = counter + 1: null

2018-12-14 10:02:35 - [TEST_STEP][PASSED] - Statement - PreSaveFile = new java.io.File(((pathPrefix + java.lang.Integer.toString(counter)) + .png)): null

2018-12-14 10:02:35 - [TEST_STEP][PASSED] - Statement - counter = counter + 1: null

2018-12-14 10:02:35 - [TEST_STEP][PASSED] - Statement - PreSaveFile = new java.io.File(((pathPrefix + java.lang.Integer.toString(counter)) + .png)): null

2018-12-14 10:02:35 - [TEST_STEP][PASSED] - Statement - counter = counter + 1: null

2018-12-14 10:02:35 - [TEST_STEP][PASSED] - Statement - PreSaveFile = new java.io.File(((pathPrefix + java.lang.Integer.toString(counter)) + .png)): null

2018-12-14 10:02:35 - [TEST_STEP][PASSED] - Statement - counter = counter + 1: null

2018-12-14 10:02:35 - [TEST_STEP][PASSED] - Statement - PreSaveFile = new java.io.File(((pathPrefix + java.lang.Integer.toString(counter)) + .png)): null

2018-12-14 10:02:35 - [TEST_STEP][PASSED] - Statement - counter = counter + 1: null

2018-12-14 10:02:35 - [TEST_STEP][PASSED] - Statement - PreSaveFile = new java.io.File(((pathPrefix + java.lang.Integer.toString(counter)) + .png)): null

2018-12-14 10:02:35 - [TEST_STEP][PASSED] - Statement - counter = counter + 1: null

2018-12-14 10:02:35 - [TEST_STEP][PASSED] - Statement - PreSaveFile = new java.io.File(((pathPrefix + java.lang.Integer.toString(counter)) + .png)): null

2018-12-14 10:02:35 - [TEST_STEP][PASSED] - Statement - counter = counter + 1: null

2018-12-14 10:02:35 - [TEST_STEP][PASSED] - Statement - PreSaveFile = new java.io.File(((pathPrefix + java.lang.Integer.toString(counter)) + .png)): null

2018-12-14 10:02:35 - [TEST_STEP][PASSED] - Statement - counter = counter + 1: null

2018-12-14 10:02:35 - [TEST_STEP][PASSED] - Statement - PreSaveFile = new java.io.File(((pathPrefix + java.lang.Integer.toString(counter)) + .png)): null

2018-12-14 10:02:35 - [TEST_STEP][PASSED] - Statement - counter = counter + 1: null

2018-12-14 10:02:35 - [TEST_STEP][PASSED] - Statement - PreSaveFile = new java.io.File(((pathPrefix + java.lang.Integer.toString(counter)) + .png)): null

2018-12-14 10:02:35 - [TEST_STEP][PASSED] - Statement - counter = counter + 1: null

2018-12-14 10:02:35 - [TEST_STEP][PASSED] - Statement - PreSaveFile = new java.io.File(((pathPrefix + java.lang.Integer.toString(counter)) + .png)): null

2018-12-14 10:02:35 - [TEST_STEP][PASSED] - Statement - counter = counter + 1: null

2018-12-14 10:02:35 - [TEST_STEP][PASSED] - Statement - PreSaveFile = new java.io.File(((pathPrefix + java.lang.Integer.toString(counter)) + .png)): null

2018-12-14 10:02:35 - [TEST_STEP][PASSED] - Statement - counter = counter + 1: null

2018-12-14 10:02:35 - [TEST_STEP][PASSED] - Statement - PreSaveFile = new java.io.File(((pathPrefix + java.lang.Integer.toString(counter)) + .png)): null

2018-12-14 10:02:35 - [TEST_STEP][PASSED] - Statement - counter = counter + 1: null

2018-12-14 10:02:35 - [TEST_STEP][PASSED] - Statement - PreSaveFile = new java.io.File(((pathPrefix + java.lang.Integer.toString(counter)) + .png)): null

2018-12-14 10:02:35 - [TEST_STEP][PASSED] - Statement - counter = counter + 1: null

2018-12-14 10:02:35 - [TEST_STEP][PASSED] - Statement - PreSaveFile = new java.io.File(((pathPrefix + java.lang.Integer.toString(counter)) + .png)): null

2018-12-14 10:02:35 - [TEST_STEP][PASSED] - Statement - counter = counter + 1: null

2018-12-14 10:02:35 - [TEST_STEP][PASSED] - Statement - PreSaveFile = new java.io.File(((pathPrefix + java.lang.Integer.toString(counter)) + .png)): null

2018-12-14 10:02:35 - [TEST_STEP][PASSED] - Statement - counter = counter + 1: null

2018-12-14 10:02:35 - [TEST_STEP][PASSED] - Statement - PreSaveFile = new java.io.File(((pathPrefix + java.lang.Integer.toString(counter)) + .png)): null

2018-12-14 10:02:35 - [TEST_STEP][PASSED] - Statement - counter = counter + 1: null

2018-12-14 10:02:35 - [TEST_STEP][PASSED] - Statement - PreSaveFile = new java.io.File(((pathPrefix + java.lang.Integer.toString(counter)) + .png)): null

2018-12-14 10:02:35 - [TEST_STEP][PASSED] - Statement - counter = counter + 1: null

2018-12-14 10:02:35 - [TEST_STEP][PASSED] - Statement - PreSaveFile = new java.io.File(((pathPrefix + java.lang.Integer.toString(counter)) + .png)): null

2018-12-14 10:02:35 - [TEST_STEP][PASSED] - Statement - counter = counter + 1: null

2018-12-14 10:02:35 - [TEST_STEP][PASSED] - Statement - PreSaveFile = new java.io.File(((pathPrefix + java.lang.Integer.toString(counter)) + .png)): null

2018-12-14 10:02:35 - [TEST_STEP][PASSED] - Statement - counter = counter + 1: null

2018-12-14 10:02:35 - [TEST_STEP][PASSED] - Statement - PreSaveFile = new java.io.File(((pathPrefix + java.lang.Integer.toString(counter)) + .png)): null

2018-12-14 10:02:35 - [TEST_STEP][PASSED] - Statement - counter = counter + 1: null

2018-12-14 10:02:35 - [TEST_STEP][PASSED] - Statement - PreSaveFile = new java.io.File(((pathPrefix + java.lang.Integer.toString(counter)) + .png)): null

2018-12-14 10:02:35 - [TEST_STEP][PASSED] - Statement - counter = counter + 1: null

2018-12-14 10:02:35 - [TEST_STEP][PASSED] - Statement - PreSaveFile = new java.io.File(((pathPrefix + java.lang.Integer.toString(counter)) + .png)): null

2018-12-14 10:02:35 - [TEST_STEP][PASSED] - Statement - counter = counter + 1: null

2018-12-14 10:02:35 - [TEST_STEP][PASSED] - Statement - PreSaveFile = new java.io.File(((pathPrefix + java.lang.Integer.toString(counter)) + .png)): null

2018-12-14 10:02:35 - [TEST_STEP][PASSED] - Statement - counter = counter + 1: null

2018-12-14 10:02:35 - [TEST_STEP][PASSED] - Statement - PreSaveFile = new java.io.File(((pathPrefix + java.lang.Integer.toString(counter)) + .png)): null

2018-12-14 10:02:35 - [TEST_STEP][PASSED] - Statement - counter = counter + 1: null

2018-12-14 10:02:35 - [TEST_STEP][PASSED] - Statement - PreSaveFile = new java.io.File(((pathPrefix + java.lang.Integer.toString(counter)) + .png)): null

2018-12-14 10:02:35 - [TEST_STEP][PASSED] - Statement - counter = counter + 1: null

2018-12-14 10:02:35 - [TEST_STEP][PASSED] - Statement - PreSaveFile = new java.io.File(((pathPrefix + java.lang.Integer.toString(counter)) + .png)): null

2018-12-14 10:02:35 - [TEST_STEP][PASSED] - Statement - counter = counter + 1: null

2018-12-14 10:02:35 - [TEST_STEP][PASSED] - Statement - PreSaveFile = new java.io.File(((pathPrefix + java.lang.Integer.toString(counter)) + .png)): null

2018-12-14 10:02:35 - [TEST_STEP][PASSED] - Statement - counter = counter + 1: null

2018-12-14 10:02:35 - [TEST_STEP][PASSED] - Statement - PreSaveFile = new java.io.File(((pathPrefix + java.lang.Integer.toString(counter)) + .png)): null

2018-12-14 10:02:35 - [TEST_STEP][PASSED] - Statement - counter = counter + 1: null

2018-12-14 10:02:35 - [TEST_STEP][PASSED] - Statement - PreSaveFile = new java.io.File(((pathPrefix + java.lang.Integer.toString(counter)) + .png)): null

2018-12-14 10:02:35 - [TEST_STEP][PASSED] - Statement - counter = counter + 1: null

2018-12-14 10:02:35 - [TEST_STEP][PASSED] - Statement - PreSaveFile = new java.io.File(((pathPrefix + java.lang.Integer.toString(counter)) + .png)): null

2018-12-14 10:02:35 - [TEST_STEP][PASSED] - Statement - counter = counter + 1: null

2018-12-14 10:02:35 - [TEST_STEP][PASSED] - Statement - PreSaveFile = new java.io.File(((pathPrefix + java.lang.Integer.toString(counter)) + .png)): null

2018-12-14 10:02:35 - [TEST_STEP][PASSED] - Statement - counter = counter + 1: null

2018-12-14 10:02:35 - [TEST_STEP][PASSED] - Statement - PreSaveFile = new java.io.File(((pathPrefix + java.lang.Integer.toString(counter)) + .png)): null

2018-12-14 10:02:35 - [TEST_STEP][PASSED] - Statement - counter = counter + 1: null

2018-12-14 10:02:35 - [TEST_STEP][PASSED] - Statement - PreSaveFile = new java.io.File(((pathPrefix + java.lang.Integer.toString(counter)) + .png)): null

2018-12-14 10:02:35 - [TEST_STEP][PASSED] - Statement - counter = counter + 1: null

2018-12-14 10:02:35 - [TEST_STEP][PASSED] - Statement - PreSaveFile = new java.io.File(((pathPrefix + java.lang.Integer.toString(counter)) + .png)): null

2018-12-14 10:02:35 - [TEST_STEP][PASSED] - Statement - counter = counter + 1: null

2018-12-14 10:02:35 - [TEST_STEP][PASSED] - Statement - PreSaveFile = new java.io.File(((pathPrefix + java.lang.Integer.toString(counter)) + .png)): null

2018-12-14 10:02:35 - [TEST_STEP][PASSED] - Statement - counter = counter + 1: null

2018-12-14 10:02:35 - [TEST_STEP][PASSED] - Statement - PreSaveFile = new java.io.File(((pathPrefix + java.lang.Integer.toString(counter)) + .png)): null

2018-12-14 10:02:35 - [TEST_STEP][PASSED] - Statement - counter = counter + 1: null

2018-12-14 10:02:35 - [TEST_STEP][PASSED] - Statement - PreSaveFile = new java.io.File(((pathPrefix + java.lang.Integer.toString(counter)) + .png)): null

2018-12-14 10:02:35 - [TEST_STEP][PASSED] - Statement - counter = counter + 1: null

2018-12-14 10:02:35 - [TEST_STEP][PASSED] - Statement - PreSaveFile = new java.io.File(((pathPrefix + java.lang.Integer.toString(counter)) + .png)): null

2018-12-14 10:02:35 - [TEST_STEP][PASSED] - Statement - counter = counter + 1: null

2018-12-14 10:02:35 - [TEST_STEP][PASSED] - Statement - PreSaveFile = new java.io.File(((pathPrefix + java.lang.Integer.toString(counter)) + .png)): null

2018-12-14 10:02:35 - [TEST_STEP][PASSED] - Statement - counter = counter + 1: null

2018-12-14 10:02:35 - [TEST_STEP][PASSED] - Statement - PreSaveFile = new java.io.File(((pathPrefix + java.lang.Integer.toString(counter)) + .png)): null

2018-12-14 10:02:35 - [TEST_STEP][PASSED] - Statement - counter = counter + 1: null

2018-12-14 10:02:35 - [TEST_STEP][PASSED] - Statement - PreSaveFile = new java.io.File(((pathPrefix + java.lang.Integer.toString(counter)) + .png)): null

2018-12-14 10:02:35 - [TEST_STEP][PASSED] - Statement - counter = counter + 1: null

2018-12-14 10:02:35 - [TEST_STEP][PASSED] - Statement - PreSaveFile = new java.io.File(((pathPrefix + java.lang.Integer.toString(counter)) + .png)): null

2018-12-14 10:02:35 - [TEST_STEP][PASSED] - Statement - counter = counter + 1: null

2018-12-14 10:02:35 - [TEST_STEP][PASSED] - Statement - PreSaveFile = new java.io.File(((pathPrefix + java.lang.Integer.toString(counter)) + .png)): null

2018-12-14 10:02:35 - [TEST_STEP][PASSED] - Statement - counter = counter + 1: null

2018-12-14 10:02:35 - [TEST_STEP][PASSED] - Statement - PreSaveFile = new java.io.File(((pathPrefix + java.lang.Integer.toString(counter)) + .png)): null

2018-12-14 10:02:35 - [TEST_STEP][PASSED] - Statement - counter = counter + 1: null

2018-12-14 10:02:35 - [TEST_STEP][PASSED] - Statement - PreSaveFile = new java.io.File(((pathPrefix + java.lang.Integer.toString(counter)) + .png)): null

2018-12-14 10:02:35 - [TEST_STEP][PASSED] - Statement - counter = counter + 1: null

2018-12-14 10:02:35 - [TEST_STEP][PASSED] - Statement - PreSaveFile = new java.io.File(((pathPrefix + java.lang.Integer.toString(counter)) + .png)): null

2018-12-14 10:02:35 - [TEST_STEP][PASSED] - Statement - counter = counter + 1: null

2018-12-14 10:02:35 - [TEST_STEP][PASSED] - Statement - PreSaveFile = new java.io.File(((pathPrefix + java.lang.Integer.toString(counter)) + .png)): null

2018-12-14 10:02:35 - [TEST_STEP][PASSED] - Statement - counter = counter + 1: null

2018-12-14 10:02:35 - [TEST_STEP][PASSED] - Statement - PreSaveFile = new java.io.File(((pathPrefix + java.lang.Integer.toString(counter)) + .png)): null

2018-12-14 10:02:35 - [TEST_STEP][PASSED] - Statement - counter = counter + 1: null

2018-12-14 10:02:35 - [TEST_STEP][PASSED] - Statement - PreSaveFile = new java.io.File(((pathPrefix + java.lang.Integer.toString(counter)) + .png)): null

2018-12-14 10:02:35 - [TEST_STEP][PASSED] - Statement - counter = counter + 1: null

2018-12-14 10:02:35 - [TEST_STEP][PASSED] - Statement - PreSaveFile = new java.io.File(((pathPrefix + java.lang.Integer.toString(counter)) + .png)): null

2018-12-14 10:02:35 - [TEST_STEP][PASSED] - Statement - counter = counter + 1: null

2018-12-14 10:02:35 - [TEST_STEP][PASSED] - Statement - PreSaveFile = new java.io.File(((pathPrefix + java.lang.Integer.toString(counter)) + .png)): null

2018-12-14 10:02:35 - [TEST_STEP][PASSED] - Statement - counter = counter + 1: null

2018-12-14 10:02:35 - [TEST_STEP][PASSED] - Statement - PreSaveFile = new java.io.File(((pathPrefix + java.lang.Integer.toString(counter)) + .png)): null

2018-12-14 10:02:35 - [TEST_STEP][PASSED] - Statement - counter = counter + 1: null

2018-12-14 10:02:35 - [TEST_STEP][PASSED] - Statement - PreSaveFile = new java.io.File(((pathPrefix + java.lang.Integer.toString(counter)) + .png)): null

2018-12-14 10:02:35 - [TEST_STEP][PASSED] - Statement - counter = counter + 1: null

2018-12-14 10:02:35 - [TEST_STEP][PASSED] - Statement - PreSaveFile = new java.io.File(((pathPrefix + java.lang.Integer.toString(counter)) + .png)): null

2018-12-14 10:02:35 - [TEST_STEP][PASSED] - Statement - counter = counter + 1: null

2018-12-14 10:02:35 - [TEST_STEP][PASSED] - Statement - PreSaveFile = new java.io.File(((pathPrefix + java.lang.Integer.toString(counter)) + .png)): null

2018-12-14 10:02:35 - [TEST_STEP][PASSED] - Statement - counter = counter + 1: null

2018-12-14 10:02:35 - [TEST_STEP][PASSED] - Statement - PreSaveFile = new java.io.File(((pathPrefix + java.lang.Integer.toString(counter)) + .png)): null

2018-12-14 10:02:35 - [TEST_STEP][PASSED] - Statement - counter = counter + 1: null

2018-12-14 10:02:35 - [TEST_STEP][PASSED] - Statement - PreSaveFile = new java.io.File(((pathPrefix + java.lang.Integer.toString(counter)) + .png)): null

2018-12-14 10:02:35 - [TEST_STEP][PASSED] - Statement - counter = counter + 1: null

2018-12-14 10:02:35 - [TEST_STEP][PASSED] - Statement - PreSaveFile = new java.io.File(((pathPrefix + java.lang.Integer.toString(counter)) + .png)): null

2018-12-14 10:02:35 - [TEST_STEP][PASSED] - Statement - counter = counter + 1: null

2018-12-14 10:02:35 - [TEST_STEP][PASSED] - Statement - PreSaveFile = new java.io.File(((pathPrefix + java.lang.Integer.toString(counter)) + .png)): null

2018-12-14 10:02:35 - [TEST_STEP][PASSED] - Statement - counter = counter + 1: null

2018-12-14 10:02:35 - [TEST_STEP][PASSED] - Statement - PreSaveFile = new java.io.File(((pathPrefix + java.lang.Integer.toString(counter)) + .png)): null

2018-12-14 10:02:35 - [TEST_STEP][PASSED] - Statement - counter = counter + 1: null

2018-12-14 10:02:35 - [TEST_STEP][PASSED] - Statement - PreSaveFile = new java.io.File(((pathPrefix + java.lang.Integer.toString(counter)) + .png)): null

2018-12-14 10:02:35 - [TEST_STEP][PASSED] - Statement - counter = counter + 1: null

2018-12-14 10:02:35 - [TEST_STEP][PASSED] - Statement - PreSaveFile = new java.io.File(((pathPrefix + java.lang.Integer.toString(counter)) + .png)): null

2018-12-14 10:02:35 - [TEST_STEP][PASSED] - Statement - counter = counter + 1: null

2018-12-14 10:02:35 - [TEST_STEP][PASSED] - Statement - PreSaveFile = new java.io.File(((pathPrefix + java.lang.Integer.toString(counter)) + .png)): null

2018-12-14 10:02:35 - [TEST_STEP][PASSED] - Statement - counter = counter + 1: null

2018-12-14 10:02:35 - [TEST_STEP][PASSED] - Statement - PreSaveFile = new java.io.File(((pathPrefix + java.lang.Integer.toString(counter)) + .png)): null

2018-12-14 10:02:35 - [TEST_STEP][PASSED] - Statement - counter = counter + 1: null

2018-12-14 10:02:35 - [TEST_STEP][PASSED] - Statement - PreSaveFile = new java.io.File(((pathPrefix + java.lang.Integer.toString(counter)) + .png)): null

2018-12-14 10:02:35 - [TEST_STEP][PASSED] - Statement - counter = counter + 1: null

2018-12-14 10:02:35 - [TEST_STEP][PASSED] - Statement - PreSaveFile = new java.io.File(((pathPrefix + java.lang.Integer.toString(counter)) + .png)): null

2018-12-14 10:02:35 - [TEST_STEP][PASSED] - Statement - counter = counter + 1: null

2018-12-14 10:02:35 - [TEST_STEP][PASSED] - Statement - PreSaveFile = new java.io.File(((pathPrefix + java.lang.Integer.toString(counter)) + .png)): null

2018-12-14 10:02:35 - [TEST_STEP][PASSED] - Statement - counter = counter + 1: null

2018-12-14 10:02:35 - [TEST_STEP][PASSED] - Statement - PreSaveFile = new java.io.File(((pathPrefix + java.lang.Integer.toString(counter)) + .png)): null

2018-12-14 10:02:35 - [TEST_STEP][PASSED] - Statement - counter = counter + 1: null

2018-12-14 10:02:35 - [TEST_STEP][PASSED] - Statement - PreSaveFile = new java.io.File(((pathPrefix + java.lang.Integer.toString(counter)) + .png)): null

2018-12-14 10:02:35 - [TEST_STEP][PASSED] - Statement - counter = counter + 1: null

2018-12-14 10:02:35 - [TEST_STEP][PASSED] - Statement - PreSaveFile = new java.io.File(((pathPrefix + java.lang.Integer.toString(counter)) + .png)): null

2018-12-14 10:02:35 - [TEST_STEP][PASSED] - Statement - counter = counter + 1: null

2018-12-14 10:02:35 - [TEST_STEP][PASSED] - Statement - PreSaveFile = new java.io.File(((pathPrefix + java.lang.Integer.toString(counter)) + .png)): null

2018-12-14 10:02:35 - [TEST_STEP][PASSED] - Statement - counter = counter + 1: null

2018-12-14 10:02:35 - [TEST_STEP][PASSED] - Statement - PreSaveFile = new java.io.File(((pathPrefix + java.lang.Integer.toString(counter)) + .png)): null

2018-12-14 10:02:35 - [TEST_STEP][PASSED] - Statement - counter = counter + 1: null

2018-12-14 10:02:35 - [TEST_STEP][PASSED] - Statement - PreSaveFile = new java.io.File(((pathPrefix + java.lang.Integer.toString(counter)) + .png)): null

2018-12-14 10:02:35 - [TEST_STEP][PASSED] - Statement - counter = counter + 1: null

2018-12-14 10:02:35 - [TEST_STEP][PASSED] - Statement - PreSaveFile = new java.io.File(((pathPrefix + java.lang.Integer.toString(counter)) + .png)): null

2018-12-14 10:02:35 - [TEST_STEP][PASSED] - Statement - counter = counter + 1: null

2018-12-14 10:02:35 - [TEST_STEP][PASSED] - Statement - PreSaveFile = new java.io.File(((pathPrefix + java.lang.Integer.toString(counter)) + .png)): null

2018-12-14 10:02:35 - [TEST_STEP][PASSED] - Statement - counter = counter + 1: null

2018-12-14 10:02:35 - [TEST_STEP][PASSED] - Statement - PreSaveFile = new java.io.File(((pathPrefix + java.lang.Integer.toString(counter)) + .png)): null

2018-12-14 10:02:35 - [TEST_STEP][PASSED] - Statement - counter = counter + 1: null

2018-12-14 10:02:35 - [TEST_STEP][PASSED] - Statement - PreSaveFile = new java.io.File(((pathPrefix + java.lang.Integer.toString(counter)) + .png)): null

2018-12-14 10:02:35 - [TEST_STEP][PASSED] - Statement - counter = counter + 1: null

2018-12-14 10:02:35 - [TEST_STEP][PASSED] - Statement - PreSaveFile = new java.io.File(((pathPrefix + java.lang.Integer.toString(counter)) + .png)): null

2018-12-14 10:02:35 - [TEST_STEP][PASSED] - Statement - counter = counter + 1: null

2018-12-14 10:02:35 - [TEST_STEP][PASSED] - Statement - PreSaveFile = new java.io.File(((pathPrefix + java.lang.Integer.toString(counter)) + .png)): null

2018-12-14 10:02:35 - [TEST_STEP][PASSED] - Statement - counter = counter + 1: null

2018-12-14 10:02:35 - [TEST_STEP][PASSED] - Statement - PreSaveFile = new java.io.File(((pathPrefix + java.lang.Integer.toString(counter)) + .png)): null

2018-12-14 10:02:35 - [TEST_STEP][PASSED] - Statement - counter = counter + 1: null

2018-12-14 10:02:35 - [TEST_STEP][PASSED] - Statement - PreSaveFile = new java.io.File(((pathPrefix + java.lang.Integer.toString(counter)) + .png)): null

2018-12-14 10:02:35 - [TEST_STEP][PASSED] - Statement - counter = counter + 1: null

2018-12-14 10:02:35 - [TEST_STEP][PASSED] - Statement - PreSaveFile = new java.io.File(((pathPrefix + java.lang.Integer.toString(counter)) + .png)): null

2018-12-14 10:02:35 - [TEST_STEP][PASSED] - Statement - counter = counter + 1: null

2018-12-14 10:02:35 - [TEST_STEP][PASSED] - Statement - PreSaveFile = new java.io.File(((pathPrefix + java.lang.Integer.toString(counter)) + .png)): null

2018-12-14 10:02:35 - [TEST_STEP][PASSED] - Statement - counter = counter + 1: null

2018-12-14 10:02:35 - [TEST_STEP][PASSED] - Statement - PreSaveFile = new java.io.File(((pathPrefix + java.lang.Integer.toString(counter)) + .png)): null

2018-12-14 10:02:35 - [TEST_STEP][PASSED] - Statement - counter = counter + 1: null

2018-12-14 10:02:35 - [TEST_STEP][PASSED] - Statement - PreSaveFile = new java.io.File(((pathPrefix + java.lang.Integer.toString(counter)) + .png)): null

2018-12-14 10:02:35 - [TEST_STEP][PASSED] - Statement - counter = counter + 1: null

2018-12-14 10:02:35 - [TEST_STEP][PASSED] - Statement - PreSaveFile = new java.io.File(((pathPrefix + java.lang.Integer.toString(counter)) + .png)): null

2018-12-14 10:02:35 - [TEST_STEP][PASSED] - Statement - counter = counter + 1: null

2018-12-14 10:02:35 - [TEST_STEP][PASSED] - Statement - PreSaveFile = new java.io.File(((pathPrefix + java.lang.Integer.toString(counter)) + .png)): null

2018-12-14 10:02:35 - [TEST_STEP][PASSED] - Statement - counter = counter + 1: null

2018-12-14 10:02:35 - [TEST_STEP][PASSED] - Statement - PreSaveFile = new java.io.File(((pathPrefix + java.lang.Integer.toString(counter)) + .png)): null

2018-12-14 10:02:35 - [TEST_STEP][PASSED] - Statement - counter = counter + 1: null

2018-12-14 10:02:35 - [TEST_STEP][PASSED] - Statement - PreSaveFile = new java.io.File(((pathPrefix + java.lang.Integer.toString(counter)) + .png)): null

2018-12-14 10:02:35 - [TEST_STEP][PASSED] - Statement - counter = counter + 1: null

2018-12-14 10:02:35 - [TEST_STEP][PASSED] - Statement - PreSaveFile = new java.io.File(((pathPrefix + java.lang.Integer.toString(counter)) + .png)): null

2018-12-14 10:02:35 - [TEST_STEP][PASSED] - Statement - counter = counter + 1: null

2018-12-14 10:02:35 - [TEST_STEP][PASSED] - Statement - PreSaveFile = new java.io.File(((pathPrefix + java.lang.Integer.toString(counter)) + .png)): null

2018-12-14 10:02:35 - [TEST_STEP][PASSED] - Statement - counter = counter + 1: null

2018-12-14 10:02:35 - [TEST_STEP][PASSED] - Statement - PreSaveFile = new java.io.File(((pathPrefix + java.lang.Integer.toString(counter)) + .png)): null

2018-12-14 10:02:35 - [TEST_STEP][PASSED] - Statement - counter = counter + 1: null

2018-12-14 10:02:35 - [TEST_STEP][PASSED] - Statement - PreSaveFile = new java.io.File(((pathPrefix + java.lang.Integer.toString(counter)) + .png)): null

2018-12-14 10:02:35 - [TEST_STEP][PASSED] - Statement - counter = counter + 1: null

2018-12-14 10:02:35 - [TEST_STEP][PASSED] - Statement - PreSaveFile = new java.io.File(((pathPrefix + java.lang.Integer.toString(counter)) + .png)): null

2018-12-14 10:02:35 - [TEST_STEP][PASSED] - Statement - counter = counter + 1: null

2018-12-14 10:02:35 - [TEST_STEP][PASSED] - Statement - PreSaveFile = new java.io.File(((pathPrefix + java.lang.Integer.toString(counter)) + .png)): null

2018-12-14 10:02:35 - [TEST_STEP][PASSED] - Statement - counter = counter + 1: null

2018-12-14 10:02:35 - [TEST_STEP][PASSED] - Statement - PreSaveFile = new java.io.File(((pathPrefix + java.lang.Integer.toString(counter)) + .png)): null

2018-12-14 10:02:35 - [TEST_STEP][PASSED] - Statement - counter = counter + 1: null

2018-12-14 10:02:35 - [TEST_STEP][PASSED] - Statement - PreSaveFile = new java.io.File(((pathPrefix + java.lang.Integer.toString(counter)) + .png)): null

2018-12-14 10:02:35 - [TEST_STEP][PASSED] - Statement - counter = counter + 1: null

2018-12-14 10:02:35 - [TEST_STEP][PASSED] - Statement - PreSaveFile = new java.io.File(((pathPrefix + java.lang.Integer.toString(counter)) + .png)): null

2018-12-14 10:02:35 - [TEST_STEP][PASSED] - Statement - counter = counter + 1: null

2018-12-14 10:02:35 - [TEST_STEP][PASSED] - Statement - PreSaveFile = new java.io.File(((pathPrefix + java.lang.Integer.toString(counter)) + .png)): null

2018-12-14 10:02:35 - [TEST_STEP][PASSED] - Statement - counter = counter + 1: null

2018-12-14 10:02:35 - [TEST_STEP][PASSED] - Statement - PreSaveFile = new java.io.File(((pathPrefix + java.lang.Integer.toString(counter)) + .png)): null

2018-12-14 10:02:35 - [TEST_STEP][PASSED] - Statement - counter = counter + 1: null

2018-12-14 10:02:35 - [TEST_STEP][PASSED] - Statement - PreSaveFile = new java.io.File(((pathPrefix + java.lang.Integer.toString(counter)) + .png)): null

2018-12-14 10:02:35 - [TEST_STEP][PASSED] - Statement - counter = counter + 1: null

2018-12-14 10:02:35 - [TEST_STEP][PASSED] - Statement - PreSaveFile = new java.io.File(((pathPrefix + java.lang.Integer.toString(counter)) + .png)): null

2018-12-14 10:02:35 - [TEST_STEP][PASSED] - Statement - counter = counter + 1: null

2018-12-14 10:02:35 - [TEST_STEP][PASSED] - Statement - PreSaveFile = new java.io.File(((pathPrefix + java.lang.Integer.toString(counter)) + .png)): null

2018-12-14 10:02:35 - [TEST_STEP][PASSED] - Statement - counter = counter + 1: null

2018-12-14 10:02:35 - [TEST_STEP][PASSED] - Statement - PreSaveFile = new java.io.File(((pathPrefix + java.lang.Integer.toString(counter)) + .png)): null

2018-12-14 10:02:35 - [TEST_STEP][PASSED] - Statement - counter = counter + 1: null

2018-12-14 10:02:35 - [TEST_STEP][PASSED] - Statement - PreSaveFile = new java.io.File(((pathPrefix + java.lang.Integer.toString(counter)) + .png)): null

2018-12-14 10:02:35 - [TEST_STEP][PASSED] - Statement - counter = counter + 1: null

2018-12-14 10:02:35 - [TEST_STEP][PASSED] - Statement - PreSaveFile = new java.io.File(((pathPrefix + java.lang.Integer.toString(counter)) + .png)): null

2018-12-14 10:02:35 - [TEST_STEP][PASSED] - Statement - counter = counter + 1: null

2018-12-14 10:02:35 - [TEST_STEP][PASSED] - Statement - PreSaveFile = new java.io.File(((pathPrefix + java.lang.Integer.toString(counter)) + .png)): null

2018-12-14 10:02:35 - [TEST_STEP][PASSED] - Statement - counter = counter + 1: null

2018-12-14 10:02:35 - [TEST_STEP][PASSED] - Statement - PreSaveFile = new java.io.File(((pathPrefix + java.lang.Integer.toString(counter)) + .png)): null

2018-12-14 10:02:35 - [TEST_STEP][PASSED] - Statement - counter = counter + 1: null

2018-12-14 10:02:35 - [TEST_STEP][PASSED] - Statement - PreSaveFile = new java.io.File(((pathPrefix + java.lang.Integer.toString(counter)) + .png)): null

2018-12-14 10:02:35 - [TEST_STEP][PASSED] - Statement - counter = counter + 1: null

2018-12-14 10:02:35 - [TEST_STEP][PASSED] - Statement - PreSaveFile = new java.io.File(((pathPrefix + java.lang.Integer.toString(counter)) + .png)): null

2018-12-14 10:02:35 - [TEST_STEP][PASSED] - Statement - counter = counter + 1: null

2018-12-14 10:02:35 - [TEST_STEP][PASSED] - Statement - PreSaveFile = new java.io.File(((pathPrefix + java.lang.Integer.toString(counter)) + .png)): null

2018-12-14 10:02:35 - [TEST_STEP][PASSED] - Statement - counter = counter + 1: null

2018-12-14 10:02:35 - [TEST_STEP][PASSED] - Statement - PreSaveFile = new java.io.File(((pathPrefix + java.lang.Integer.toString(counter)) + .png)): null

2018-12-14 10:02:35 - [TEST_STEP][PASSED] - Statement - counter = counter + 1: null

2018-12-14 10:02:35 - [TEST_STEP][PASSED] - Statement - PreSaveFile = new java.io.File(((pathPrefix + java.lang.Integer.toString(counter)) + .png)): null

2018-12-14 10:02:35 - [TEST_STEP][PASSED] - Statement - counter = counter + 1: null

2018-12-14 10:02:35 - [TEST_STEP][PASSED] - Statement - PreSaveFile = new java.io.File(((pathPrefix + java.lang.Integer.toString(counter)) + .png)): null

2018-12-14 10:02:35 - [TEST_STEP][PASSED] - Statement - counter = counter + 1: null

2018-12-14 10:02:35 - [TEST_STEP][PASSED] - Statement - PreSaveFile = new java.io.File(((pathPrefix + java.lang.Integer.toString(counter)) + .png)): null

2018-12-14 10:02:35 - [TEST_STEP][PASSED] - Statement - counter = counter + 1: null

2018-12-14 10:02:35 - [TEST_STEP][PASSED] - Statement - PreSaveFile = new java.io.File(((pathPrefix + java.lang.Integer.toString(counter)) + .png)): null

2018-12-14 10:02:35 - [TEST_STEP][PASSED] - Statement - counter = counter + 1: null

2018-12-14 10:02:35 - [TEST_STEP][PASSED] - Statement - PreSaveFile = new java.io.File(((pathPrefix + java.lang.Integer.toString(counter)) + .png)): null

2018-12-14 10:02:35 - [TEST_STEP][PASSED] - Statement - counter = counter + 1: null

2018-12-14 10:02:35 - [TEST_STEP][PASSED] - Statement - PreSaveFile = new java.io.File(((pathPrefix + java.lang.Integer.toString(counter)) + .png)): null

2018-12-14 10:02:35 - [TEST_STEP][PASSED] - Statement - counter = counter + 1: null

2018-12-14 10:02:35 - [TEST_STEP][PASSED] - Statement - PreSaveFile = new java.io.File(((pathPrefix + java.lang.Integer.toString(counter)) + .png)): null

2018-12-14 10:02:35 - [TEST_STEP][PASSED] - Statement - counter = counter + 1: null

2018-12-14 10:02:35 - [TEST_STEP][PASSED] - Statement - PreSaveFile = new java.io.File(((pathPrefix + java.lang.Integer.toString(counter)) + .png)): null

2018-12-14 10:02:35 - [TEST_STEP][PASSED] - Statement - counter = counter + 1: null

2018-12-14 10:02:35 - [TEST_STEP][PASSED] - Statement - PreSaveFile = new java.io.File(((pathPrefix + java.lang.Integer.toString(counter)) + .png)): null

2018-12-14 10:02:35 - [TEST_STEP][PASSED] - Statement - counter = counter + 1: null

2018-12-14 10:02:35 - [TEST_STEP][PASSED] - Statement - PreSaveFile = new java.io.File(((pathPrefix + java.lang.Integer.toString(counter)) + .png)): null

2018-12-14 10:02:35 - [TEST_STEP][PASSED] - Statement - counter = counter + 1: null

2018-12-14 10:02:35 - [TEST_STEP][PASSED] - Statement - PreSaveFile = new java.io.File(((pathPrefix + java.lang.Integer.toString(counter)) + .png)): null

2018-12-14 10:02:35 - [TEST_STEP][PASSED] - Statement - counter = counter + 1: null

2018-12-14 10:02:35 - [TEST_STEP][PASSED] - Statement - PreSaveFile = new java.io.File(((pathPrefix + java.lang.Integer.toString(counter)) + .png)): null

2018-12-14 10:02:35 - [TEST_STEP][PASSED] - Statement - counter = counter + 1: null

2018-12-14 10:02:35 - [TEST_STEP][PASSED] - Statement - PreSaveFile = new java.io.File(((pathPrefix + java.lang.Integer.toString(counter)) + .png)): null

2018-12-14 10:02:35 - [TEST_STEP][PASSED] - Statement - counter = counter + 1: null

2018-12-14 10:02:35 - [TEST_STEP][PASSED] - Statement - PreSaveFile = new java.io.File(((pathPrefix + java.lang.Integer.toString(counter)) + .png)): null

2018-12-14 10:02:35 - [TEST_STEP][PASSED] - Statement - counter = counter + 1: null

2018-12-14 10:02:35 - [TEST_STEP][PASSED] - Statement - PreSaveFile = new java.io.File(((pathPrefix + java.lang.Integer.toString(counter)) + .png)): null

2018-12-14 10:02:35 - [TEST_STEP][PASSED] - Statement - counter = counter + 1: null

2018-12-14 10:02:35 - [TEST_STEP][PASSED] - Statement - PreSaveFile = new java.io.File(((pathPrefix + java.lang.Integer.toString(counter)) + .png)): null

2018-12-14 10:02:35 - [TEST_STEP][PASSED] - Statement - counter = counter + 1: null

2018-12-14 10:02:35 - [TEST_STEP][PASSED] - Statement - PreSaveFile = new java.io.File(((pathPrefix + java.lang.Integer.toString(counter)) + .png)): null

2018-12-14 10:02:35 - [TEST_STEP][PASSED] - Statement - counter = counter + 1: null

2018-12-14 10:02:35 - [TEST_STEP][PASSED] - Statement - PreSaveFile = new java.io.File(((pathPrefix + java.lang.Integer.toString(counter)) + .png)): null

2018-12-14 10:02:35 - [TEST_STEP][PASSED] - Statement - counter = counter + 1: null

2018-12-14 10:02:35 - [TEST_STEP][PASSED] - Statement - PreSaveFile = new java.io.File(((pathPrefix + java.lang.Integer.toString(counter)) + .png)): null

2018-12-14 10:02:35 - [TEST_STEP][PASSED] - Statement - counter = counter + 1: null

2018-12-14 10:02:35 - [TEST_STEP][PASSED] - Statement - PreSaveFile = new java.io.File(((pathPrefix + java.lang.Integer.toString(counter)) + .png)): null

2018-12-14 10:02:36 - [TEST_STEP][PASSED] - Statement - counter = counter + 1: null

2018-12-14 10:02:36 - [TEST_STEP][PASSED] - Statement - PreSaveFile = new java.io.File(((pathPrefix + java.lang.Integer.toString(counter)) + .png)): null

2018-12-14 10:02:36 - [TEST_STEP][PASSED] - Statement - counter = counter + 1: null

2018-12-14 10:02:36 - [TEST_STEP][PASSED] - Statement - PreSaveFile = new java.io.File(((pathPrefix + java.lang.Integer.toString(counter)) + .png)): null

2018-12-14 10:02:36 - [TEST_STEP][PASSED] - Statement - counter = counter + 1: null

2018-12-14 10:02:36 - [TEST_STEP][PASSED] - Statement - PreSaveFile = new java.io.File(((pathPrefix + java.lang.Integer.toString(counter)) + .png)): null

2018-12-14 10:02:36 - [TEST_STEP][PASSED] - Statement - counter = counter + 1: null

2018-12-14 10:02:36 - [TEST_STEP][PASSED] - Statement - PreSaveFile = new java.io.File(((pathPrefix + java.lang.Integer.toString(counter)) + .png)): null

2018-12-14 10:02:36 - [TEST_STEP][PASSED] - Statement - counter = counter + 1: null

2018-12-14 10:02:36 - [TEST_STEP][PASSED] - Statement - PreSaveFile = new java.io.File(((pathPrefix + java.lang.Integer.toString(counter)) + .png)): null

2018-12-14 10:02:36 - [TEST_STEP][PASSED] - Statement - counter = counter + 1: null

2018-12-14 10:02:36 - [TEST_STEP][PASSED] - Statement - PreSaveFile = new java.io.File(((pathPrefix + java.lang.Integer.toString(counter)) + .png)): null

2018-12-14 10:02:36 - [TEST_STEP][PASSED] - Statement - counter = counter + 1: null

2018-12-14 10:02:36 - [TEST_STEP][PASSED] - Statement - PreSaveFile = new java.io.File(((pathPrefix + java.lang.Integer.toString(counter)) + .png)): null

2018-12-14 10:02:36 - [TEST_STEP][PASSED] - Statement - counter = counter + 1: null

2018-12-14 10:02:36 - [TEST_STEP][PASSED] - Statement - PreSaveFile = new java.io.File(((pathPrefix + java.lang.Integer.toString(counter)) + .png)): null

2018-12-14 10:02:36 - [TEST_STEP][PASSED] - Statement - counter = counter + 1: null

2018-12-14 10:02:36 - [TEST_STEP][PASSED] - Statement - PreSaveFile = new java.io.File(((pathPrefix + java.lang.Integer.toString(counter)) + .png)): null

2018-12-14 10:02:36 - [TEST_STEP][PASSED] - Statement - counter = counter + 1: null

2018-12-14 10:02:36 - [TEST_STEP][PASSED] - Statement - PreSaveFile = new java.io.File(((pathPrefix + java.lang.Integer.toString(counter)) + .png)): null

2018-12-14 10:02:36 - [TEST_STEP][PASSED] - Statement - counter = counter + 1: null

2018-12-14 10:02:36 - [TEST_STEP][PASSED] - Statement - PreSaveFile = new java.io.File(((pathPrefix + java.lang.Integer.toString(counter)) + .png)): null

2018-12-14 10:02:36 - [TEST_STEP][PASSED] - Statement - counter = counter + 1: null

2018-12-14 10:02:36 - [TEST_STEP][PASSED] - Statement - PreSaveFile = new java.io.File(((pathPrefix + java.lang.Integer.toString(counter)) + .png)): null

2018-12-14 10:02:36 - [TEST_STEP][PASSED] - Statement - counter = counter + 1: null

2018-12-14 10:02:36 - [TEST_STEP][PASSED] - Statement - PreSaveFile = new java.io.File(((pathPrefix + java.lang.Integer.toString(counter)) + .png)): null

2018-12-14 10:02:36 - [TEST_STEP][PASSED] - Statement - counter = counter + 1: null

2018-12-14 10:02:36 - [TEST_STEP][PASSED] - Statement - PreSaveFile = new java.io.File(((pathPrefix + java.lang.Integer.toString(counter)) + .png)): null

2018-12-14 10:02:36 - [TEST_STEP][PASSED] - Statement - counter = counter + 1: null

2018-12-14 10:02:36 - [TEST_STEP][PASSED] - Statement - PreSaveFile = new java.io.File(((pathPrefix + java.lang.Integer.toString(counter)) + .png)): null

2018-12-14 10:02:36 - [TEST_STEP][PASSED] - Statement - counter = counter + 1: null

2018-12-14 10:02:36 - [TEST_STEP][PASSED] - Statement - PreSaveFile = new java.io.File(((pathPrefix + java.lang.Integer.toString(counter)) + .png)): null

2018-12-14 10:02:36 - [TEST_STEP][PASSED] - Statement - counter = counter + 1: null

2018-12-14 10:02:36 - [TEST_STEP][PASSED] - Statement - PreSaveFile = new java.io.File(((pathPrefix + java.lang.Integer.toString(counter)) + .png)): null

2018-12-14 10:02:36 - [TEST_STEP][PASSED] - Statement - counter = counter + 1: null

2018-12-14 10:02:36 - [TEST_STEP][PASSED] - Statement - PreSaveFile = new java.io.File(((pathPrefix + java.lang.Integer.toString(counter)) + .png)): null

2018-12-14 10:02:36 - [TEST_STEP][PASSED] - Statement - counter = counter + 1: null

2018-12-14 10:02:36 - [TEST_STEP][PASSED] - Statement - PreSaveFile = new java.io.File(((pathPrefix + java.lang.Integer.toString(counter)) + .png)): null

2018-12-14 10:02:36 - [TEST_STEP][PASSED] - Statement - counter = counter + 1: null

2018-12-14 10:02:36 - [TEST_STEP][PASSED] - Statement - PreSaveFile = new java.io.File(((pathPrefix + java.lang.Integer.toString(counter)) + .png)): null

2018-12-14 10:02:36 - [TEST_STEP][PASSED] - Statement - counter = counter + 1: null

2018-12-14 10:02:36 - [TEST_STEP][PASSED] - Statement - PreSaveFile = new java.io.File(((pathPrefix + java.lang.Integer.toString(counter)) + .png)): null

2018-12-14 10:02:36 - [TEST_STEP][PASSED] - Statement - counter = counter + 1: null

2018-12-14 10:02:36 - [TEST_STEP][PASSED] - Statement - PreSaveFile = new java.io.File(((pathPrefix + java.lang.Integer.toString(counter)) + .png)): null

2018-12-14 10:02:36 - [TEST_STEP][PASSED] - Statement - counter = counter + 1: null

2018-12-14 10:02:36 - [TEST_STEP][PASSED] - Statement - PreSaveFile = new java.io.File(((pathPrefix + java.lang.Integer.toString(counter)) + .png)): null

2018-12-14 10:02:36 - [TEST_STEP][PASSED] - Statement - counter = counter + 1: null

2018-12-14 10:02:36 - [TEST_STEP][PASSED] - Statement - PreSaveFile = new java.io.File(((pathPrefix + java.lang.Integer.toString(counter)) + .png)): null

2018-12-14 10:02:36 - [TEST_STEP][PASSED] - Statement - counter = counter + 1: null

2018-12-14 10:02:36 - [TEST_STEP][PASSED] - Statement - PreSaveFile = new java.io.File(((pathPrefix + java.lang.Integer.toString(counter)) + .png)): null

2018-12-14 10:02:36 - [TEST_STEP][PASSED] - Statement - counter = counter + 1: null

2018-12-14 10:02:36 - [TEST_STEP][PASSED] - Statement - PreSaveFile = new java.io.File(((pathPrefix + java.lang.Integer.toString(counter)) + .png)): null

2018-12-14 10:02:36 - [TEST_STEP][PASSED] - Statement - counter = counter + 1: null

2018-12-14 10:02:36 - [TEST_STEP][PASSED] - Statement - PreSaveFile = new java.io.File(((pathPrefix + java.lang.Integer.toString(counter)) + .png)): null

2018-12-14 10:02:36 - [TEST_STEP][PASSED] - Statement - counter = counter + 1: null

2018-12-14 10:02:36 - [TEST_STEP][PASSED] - Statement - PreSaveFile = new java.io.File(((pathPrefix + java.lang.Integer.toString(counter)) + .png)): null

2018-12-14 10:02:36 - [TEST_STEP][PASSED] - Statement - counter = counter + 1: null

2018-12-14 10:02:36 - [TEST_STEP][PASSED] - Statement - PreSaveFile = new java.io.File(((pathPrefix + java.lang.Integer.toString(counter)) + .png)): null

2018-12-14 10:02:36 - [TEST_STEP][PASSED] - Statement - counter = counter + 1: null

2018-12-14 10:02:36 - [TEST_STEP][PASSED] - Statement - PreSaveFile = new java.io.File(((pathPrefix + java.lang.Integer.toString(counter)) + .png)): null

2018-12-14 10:02:36 - [TEST_STEP][PASSED] - Statement - counter = counter + 1: null

2018-12-14 10:02:36 - [TEST_STEP][PASSED] - Statement - PreSaveFile = new java.io.File(((pathPrefix + java.lang.Integer.toString(counter)) + .png)): null

2018-12-14 10:02:36 - [TEST_STEP][PASSED] - Statement - counter = counter + 1: null

2018-12-14 10:02:36 - [TEST_STEP][PASSED] - Statement - PreSaveFile = new java.io.File(((pathPrefix + java.lang.Integer.toString(counter)) + .png)): null

2018-12-14 10:02:36 - [TEST_STEP][PASSED] - Statement - counter = counter + 1: null

2018-12-14 10:02:36 - [TEST_STEP][PASSED] - Statement - PreSaveFile = new java.io.File(((pathPrefix + java.lang.Integer.toString(counter)) + .png)): null

2018-12-14 10:02:36 - [TEST_STEP][PASSED] - Statement - counter = counter + 1: null

2018-12-14 10:02:36 - [TEST_STEP][PASSED] - Statement - PreSaveFile = new java.io.File(((pathPrefix + java.lang.Integer.toString(counter)) + .png)): null

2018-12-14 10:02:36 - [TEST_STEP][PASSED] - Statement - counter = counter + 1: null

2018-12-14 10:02:36 - [TEST_STEP][PASSED] - Statement - PreSaveFile = new java.io.File(((pathPrefix + java.lang.Integer.toString(counter)) + .png)): null

2018-12-14 10:02:36 - [TEST_STEP][PASSED] - Statement - counter = counter + 1: null

2018-12-14 10:02:36 - [TEST_STEP][PASSED] - Statement - PreSaveFile = new java.io.File(((pathPrefix + java.lang.Integer.toString(counter)) + .png)): null

2018-12-14 10:02:36 - [TEST_STEP][PASSED] - Statement - counter = counter + 1: null

2018-12-14 10:02:36 - [TEST_STEP][PASSED] - Statement - PreSaveFile = new java.io.File(((pathPrefix + java.lang.Integer.toString(counter)) + .png)): null

2018-12-14 10:02:36 - [TEST_STEP][PASSED] - Statement - counter = counter + 1: null

2018-12-14 10:02:36 - [TEST_STEP][PASSED] - Statement - PreSaveFile = new java.io.File(((pathPrefix + java.lang.Integer.toString(counter)) + .png)): null

2018-12-14 10:02:36 - [TEST_STEP][PASSED] - Statement - counter = counter + 1: null

2018-12-14 10:02:36 - [TEST_STEP][PASSED] - Statement - PreSaveFile = new java.io.File(((pathPrefix + java.lang.Integer.toString(counter)) + .png)): null

2018-12-14 10:02:36 - [TEST_STEP][PASSED] - Statement - counter = counter + 1: null

2018-12-14 10:02:36 - [TEST_STEP][PASSED] - Statement - PreSaveFile = new java.io.File(((pathPrefix + java.lang.Integer.toString(counter)) + .png)): null

2018-12-14 10:02:36 - [TEST_STEP][PASSED] - Statement - counter = counter + 1: null

2018-12-14 10:02:36 - [TEST_STEP][PASSED] - Statement - PreSaveFile = new java.io.File(((pathPrefix + java.lang.Integer.toString(counter)) + .png)): null

2018-12-14 10:02:36 - [TEST_STEP][PASSED] - Statement - counter = counter + 1: null

2018-12-14 10:02:36 - [TEST_STEP][PASSED] - Statement - PreSaveFile = new java.io.File(((pathPrefix + java.lang.Integer.toString(counter)) + .png)): null

2018-12-14 10:02:36 - [TEST_STEP][PASSED] - Statement - counter = counter + 1: null

2018-12-14 10:02:36 - [TEST_STEP][PASSED] - Statement - PreSaveFile = new java.io.File(((pathPrefix + java.lang.Integer.toString(counter)) + .png)): null

2018-12-14 10:02:36 - [TEST_STEP][PASSED] - Statement - counter = counter + 1: null

2018-12-14 10:02:36 - [TEST_STEP][PASSED] - Statement - PreSaveFile = new java.io.File(((pathPrefix + java.lang.Integer.toString(counter)) + .png)): null

2018-12-14 10:02:36 - [TEST_STEP][PASSED] - Statement - counter = counter + 1: null

2018-12-14 10:02:36 - [TEST_STEP][PASSED] - Statement - PreSaveFile = new java.io.File(((pathPrefix + java.lang.Integer.toString(counter)) + .png)): null

2018-12-14 10:02:36 - [TEST_STEP][PASSED] - Statement - counter = counter + 1: null

2018-12-14 10:02:36 - [TEST_STEP][PASSED] - Statement - PreSaveFile = new java.io.File(((pathPrefix + java.lang.Integer.toString(counter)) + .png)): null

2018-12-14 10:02:36 - [TEST_STEP][PASSED] - Statement - counter = counter + 1: null

2018-12-14 10:02:36 - [TEST_STEP][PASSED] - Statement - PreSaveFile = new java.io.File(((pathPrefix + java.lang.Integer.toString(counter)) + .png)): null

2018-12-14 10:02:36 - [TEST_STEP][PASSED] - Statement - counter = counter + 1: null

2018-12-14 10:02:36 - [TEST_STEP][PASSED] - Statement - PreSaveFile = new java.io.File(((pathPrefix + java.lang.Integer.toString(counter)) + .png)): null

2018-12-14 10:02:36 - [TEST_STEP][PASSED] - Statement - counter = counter + 1: null

2018-12-14 10:02:36 - [TEST_STEP][PASSED] - Statement - PreSaveFile = new java.io.File(((pathPrefix + java.lang.Integer.toString(counter)) + .png)): null

2018-12-14 10:02:36 - [TEST_STEP][PASSED] - Statement - counter = counter + 1: null

2018-12-14 10:02:36 - [TEST_STEP][PASSED] - Statement - PreSaveFile = new java.io.File(((pathPrefix + java.lang.Integer.toString(counter)) + .png)): null

2018-12-14 10:02:36 - [TEST_STEP][PASSED] - Statement - counter = counter + 1: null

2018-12-14 10:02:36 - [TEST_STEP][PASSED] - Statement - PreSaveFile = new java.io.File(((pathPrefix + java.lang.Integer.toString(counter)) + .png)): null

2018-12-14 10:02:36 - [TEST_STEP][PASSED] - Statement - counter = counter + 1: null

2018-12-14 10:02:36 - [TEST_STEP][PASSED] - Statement - PreSaveFile = new java.io.File(((pathPrefix + java.lang.Integer.toString(counter)) + .png)): null

2018-12-14 10:02:36 - [TEST_STEP][PASSED] - Statement - counter = counter + 1: null

2018-12-14 10:02:36 - [TEST_STEP][PASSED] - Statement - PreSaveFile = new java.io.File(((pathPrefix + java.lang.Integer.toString(counter)) + .png)): null

2018-12-14 10:02:36 - [TEST_STEP][PASSED] - Statement - counter = counter + 1: null

2018-12-14 10:02:36 - [TEST_STEP][PASSED] - Statement - PreSaveFile = new java.io.File(((pathPrefix + java.lang.Integer.toString(counter)) + .png)): null

2018-12-14 10:02:36 - [TEST_STEP][PASSED] - Statement - counter = counter + 1: null

2018-12-14 10:02:36 - [TEST_STEP][PASSED] - Statement - PreSaveFile = new java.io.File(((pathPrefix + java.lang.Integer.toString(counter)) + .png)): null

2018-12-14 10:02:36 - [TEST_STEP][PASSED] - Statement - counter = counter + 1: null

2018-12-14 10:02:36 - [TEST_STEP][PASSED] - Statement - PreSaveFile = new java.io.File(((pathPrefix + java.lang.Integer.toString(counter)) + .png)): null

2018-12-14 10:02:36 - [TEST_STEP][PASSED] - Statement - counter = counter + 1: null

2018-12-14 10:02:36 - [TEST_STEP][PASSED] - Statement - PreSaveFile = new java.io.File(((pathPrefix + java.lang.Integer.toString(counter)) + .png)): null

2018-12-14 10:02:36 - [TEST_STEP][PASSED] - Statement - counter = counter + 1: null

2018-12-14 10:02:36 - [TEST_STEP][PASSED] - Statement - PreSaveFile = new java.io.File(((pathPrefix + java.lang.Integer.toString(counter)) + .png)): null

2018-12-14 10:02:36 - [TEST_STEP][PASSED] - Statement - counter = counter + 1: null

2018-12-14 10:02:36 - [TEST_STEP][PASSED] - Statement - PreSaveFile = new java.io.File(((pathPrefix + java.lang.Integer.toString(counter)) + .png)): null

2018-12-14 10:02:36 - [TEST_STEP][PASSED] - Statement - counter = counter + 1: null

2018-12-14 10:02:36 - [TEST_STEP][PASSED] - Statement - PreSaveFile = new java.io.File(((pathPrefix + java.lang.Integer.toString(counter)) + .png)): null

2018-12-14 10:02:36 - [TEST_STEP][PASSED] - Statement - counter = counter + 1: null

2018-12-14 10:02:36 - [TEST_STEP][PASSED] - Statement - PreSaveFile = new java.io.File(((pathPrefix + java.lang.Integer.toString(counter)) + .png)): null

2018-12-14 10:02:36 - [TEST_STEP][PASSED] - Statement - counter = counter + 1: null

2018-12-14 10:02:36 - [TEST_STEP][PASSED] - Statement - PreSaveFile = new java.io.File(((pathPrefix + java.lang.Integer.toString(counter)) + .png)): null

2018-12-14 10:02:36 - [TEST_STEP][PASSED] - Statement - counter = counter + 1: null

2018-12-14 10:02:36 - [TEST_STEP][PASSED] - Statement - PreSaveFile = new java.io.File(((pathPrefix + java.lang.Integer.toString(counter)) + .png)): null

2018-12-14 10:02:36 - [TEST_STEP][PASSED] - Statement - counter = counter + 1: null

2018-12-14 10:02:36 - [TEST_STEP][PASSED] - Statement - PreSaveFile = new java.io.File(((pathPrefix + java.lang.Integer.toString(counter)) + .png)): null

2018-12-14 10:02:36 - [TEST_STEP][PASSED] - Statement - counter = counter + 1: null

2018-12-14 10:02:36 - [TEST_STEP][PASSED] - Statement - PreSaveFile = new java.io.File(((pathPrefix + java.lang.Integer.toString(counter)) + .png)): null

2018-12-14 10:02:36 - [TEST_STEP][PASSED] - Statement - counter = counter + 1: null

2018-12-14 10:02:36 - [TEST_STEP][PASSED] - Statement - PreSaveFile = new java.io.File(((pathPrefix + java.lang.Integer.toString(counter)) + .png)): null

2018-12-14 10:02:36 - [TEST_STEP][PASSED] - Statement - counter = counter + 1: null

2018-12-14 10:02:36 - [TEST_STEP][PASSED] - Statement - PreSaveFile = new java.io.File(((pathPrefix + java.lang.Integer.toString(counter)) + .png)): null

2018-12-14 10:02:36 - [TEST_STEP][PASSED] - Statement - counter = counter + 1: null

2018-12-14 10:02:36 - [TEST_STEP][PASSED] - Statement - PreSaveFile = new java.io.File(((pathPrefix + java.lang.Integer.toString(counter)) + .png)): null

2018-12-14 10:02:36 - [TEST_STEP][PASSED] - Statement - counter = counter + 1: null

2018-12-14 10:02:36 - [TEST_STEP][PASSED] - Statement - PreSaveFile = new java.io.File(((pathPrefix + java.lang.Integer.toString(counter)) + .png)): null

2018-12-14 10:02:36 - [TEST_STEP][PASSED] - Statement - counter = counter + 1: null

2018-12-14 10:02:36 - [TEST_STEP][PASSED] - Statement - PreSaveFile = new java.io.File(((pathPrefix + java.lang.Integer.toString(counter)) + .png)): null

2018-12-14 10:02:36 - [TEST_STEP][PASSED] - Statement - counter = counter + 1: null

2018-12-14 10:02:36 - [TEST_STEP][PASSED] - Statement - PreSaveFile = new java.io.File(((pathPrefix + java.lang.Integer.toString(counter)) + .png)): null

2018-12-14 10:02:36 - [TEST_STEP][PASSED] - Statement - counter = counter + 1: null

2018-12-14 10:02:36 - [TEST_STEP][PASSED] - Statement - PreSaveFile = new java.io.File(((pathPrefix + java.lang.Integer.toString(counter)) + .png)): null

2018-12-14 10:02:36 - [TEST_STEP][PASSED] - Statement - counter = counter + 1: null

2018-12-14 10:02:36 - [TEST_STEP][PASSED] - Statement - PreSaveFile = new java.io.File(((pathPrefix + java.lang.Integer.toString(counter)) + .png)): null

2018-12-14 10:02:36 - [TEST_STEP][PASSED] - Statement - counter = counter + 1: null

2018-12-14 10:02:36 - [TEST_STEP][PASSED] - Statement - PreSaveFile = new java.io.File(((pathPrefix + java.lang.Integer.toString(counter)) + .png)): null

2018-12-14 10:02:36 - [TEST_STEP][PASSED] - Statement - counter = counter + 1: null

2018-12-14 10:02:36 - [TEST_STEP][PASSED] - Statement - PreSaveFile = new java.io.File(((pathPrefix + java.lang.Integer.toString(counter)) + .png)): null

2018-12-14 10:02:36 - [TEST_STEP][PASSED] - Statement - counter = counter + 1: null

2018-12-14 10:02:36 - [TEST_STEP][PASSED] - Statement - PreSaveFile = new java.io.File(((pathPrefix + java.lang.Integer.toString(counter)) + .png)): null

2018-12-14 10:02:36 - [TEST_STEP][PASSED] - Statement - counter = counter + 1: null

2018-12-14 10:02:36 - [TEST_STEP][PASSED] - Statement - PreSaveFile = new java.io.File(((pathPrefix + java.lang.Integer.toString(counter)) + .png)): null

2018-12-14 10:02:36 - [TEST_STEP][PASSED] - Statement - counter = counter + 1: null

2018-12-14 10:02:36 - [TEST_STEP][PASSED] - Statement - PreSaveFile = new java.io.File(((pathPrefix + java.lang.Integer.toString(counter)) + .png)): null

2018-12-14 10:02:36 - [TEST_STEP][PASSED] - Statement - counter = counter + 1: null

2018-12-14 10:02:36 - [TEST_STEP][PASSED] - Statement - PreSaveFile = new java.io.File(((pathPrefix + java.lang.Integer.toString(counter)) + .png)): null

2018-12-14 10:02:36 - [TEST_STEP][PASSED] - Statement - counter = counter + 1: null

2018-12-14 10:02:36 - [TEST_STEP][PASSED] - Statement - PreSaveFile = new java.io.File(((pathPrefix + java.lang.Integer.toString(counter)) + .png)): null

2018-12-14 10:02:36 - [TEST_STEP][PASSED] - Statement - counter = counter + 1: null

2018-12-14 10:02:36 - [TEST_STEP][PASSED] - Statement - PreSaveFile = new java.io.File(((pathPrefix + java.lang.Integer.toString(counter)) + .png)): null

2018-12-14 10:02:36 - [TEST_STEP][PASSED] - Statement - counter = counter + 1: null

2018-12-14 10:02:36 - [TEST_STEP][PASSED] - Statement - PreSaveFile = new java.io.File(((pathPrefix + java.lang.Integer.toString(counter)) + .png)): null

2018-12-14 10:02:36 - [TEST_STEP][PASSED] - Statement - counter = counter + 1: null

2018-12-14 10:02:36 - [TEST_STEP][PASSED] - Statement - PreSaveFile = new java.io.File(((pathPrefix + java.lang.Integer.toString(counter)) + .png)): null

2018-12-14 10:02:36 - [TEST_STEP][PASSED] - Statement - counter = counter + 1: null

2018-12-14 10:02:36 - [TEST_STEP][PASSED] - Statement - PreSaveFile = new java.io.File(((pathPrefix + java.lang.Integer.toString(counter)) + .png)): null

2018-12-14 10:02:36 - [TEST_STEP][PASSED] - Statement - counter = counter + 1: null

2018-12-14 10:02:36 - [TEST_STEP][PASSED] - Statement - PreSaveFile = new java.io.File(((pathPrefix + java.lang.Integer.toString(counter)) + .png)): null

2018-12-14 10:02:36 - [TEST_STEP][PASSED] - Statement - counter = counter + 1: null

2018-12-14 10:02:36 - [TEST_STEP][PASSED] - Statement - PreSaveFile = new java.io.File(((pathPrefix + java.lang.Integer.toString(counter)) + .png)): null

2018-12-14 10:02:36 - [TEST_STEP][PASSED] - Statement - counter = counter + 1: null

2018-12-14 10:02:36 - [TEST_STEP][PASSED] - Statement - PreSaveFile = new java.io.File(((pathPrefix + java.lang.Integer.toString(counter)) + .png)): null

2018-12-14 10:02:36 - [TEST_STEP][PASSED] - Statement - counter = counter + 1: null

2018-12-14 10:02:36 - [TEST_STEP][PASSED] - Statement - PreSaveFile = new java.io.File(((pathPrefix + java.lang.Integer.toString(counter)) + .png)): null

2018-12-14 10:02:36 - [TEST_STEP][PASSED] - Statement - counter = counter + 1: null

2018-12-14 10:02:36 - [TEST_STEP][PASSED] - Statement - PreSaveFile = new java.io.File(((pathPrefix + java.lang.Integer.toString(counter)) + .png)): null

2018-12-14 10:02:36 - [TEST_STEP][PASSED] - Statement - counter = counter + 1: null

2018-12-14 10:02:36 - [TEST_STEP][PASSED] - Statement - PreSaveFile = new java.io.File(((pathPrefix + java.lang.Integer.toString(counter)) + .png)): null

2018-12-14 10:02:36 - [TEST_STEP][PASSED] - Statement - counter = counter + 1: null

2018-12-14 10:02:36 - [TEST_STEP][PASSED] - Statement - PreSaveFile = new java.io.File(((pathPrefix + java.lang.Integer.toString(counter)) + .png)): null

2018-12-14 10:02:36 - [TEST_STEP][PASSED] - Statement - counter = counter + 1: null

2018-12-14 10:02:36 - [TEST_STEP][PASSED] - Statement - PreSaveFile = new java.io.File(((pathPrefix + java.lang.Integer.toString(counter)) + .png)): null

2018-12-14 10:02:36 - [TEST_STEP][PASSED] - Statement - counter = counter + 1: null

2018-12-14 10:02:36 - [TEST_STEP][PASSED] - Statement - PreSaveFile = new java.io.File(((pathPrefix + java.lang.Integer.toString(counter)) + .png)): null

2018-12-14 10:02:36 - [TEST_STEP][PASSED] - Statement - counter = counter + 1: null

2018-12-14 10:02:36 - [TEST_STEP][PASSED] - Statement - PreSaveFile = new java.io.File(((pathPrefix + java.lang.Integer.toString(counter)) + .png)): null

2018-12-14 10:02:36 - [TEST_STEP][PASSED] - Statement - counter = counter + 1: null

2018-12-14 10:02:36 - [TEST_STEP][PASSED] - Statement - PreSaveFile = new java.io.File(((pathPrefix + java.lang.Integer.toString(counter)) + .png)): null

2018-12-14 10:02:36 - [TEST_STEP][PASSED] - Statement - counter = counter + 1: null

2018-12-14 10:02:36 - [TEST_STEP][PASSED] - Statement - PreSaveFile = new java.io.File(((pathPrefix + java.lang.Integer.toString(counter)) + .png)): null

2018-12-14 10:02:36 - [TEST_STEP][PASSED] - Statement - counter = counter + 1: null

2018-12-14 10:02:36 - [TEST_STEP][PASSED] - Statement - PreSaveFile = new java.io.File(((pathPrefix + java.lang.Integer.toString(counter)) + .png)): null

2018-12-14 10:02:36 - [TEST_STEP][PASSED] - Statement - counter = counter + 1: null

2018-12-14 10:02:36 - [TEST_STEP][PASSED] - Statement - PreSaveFile = new java.io.File(((pathPrefix + java.lang.Integer.toString(counter)) + .png)): null

2018-12-14 10:02:36 - [TEST_STEP][PASSED] - Statement - counter = counter + 1: null

2018-12-14 10:02:36 - [TEST_STEP][PASSED] - Statement - PreSaveFile = new java.io.File(((pathPrefix + java.lang.Integer.toString(counter)) + .png)): null

2018-12-14 10:02:36 - [TEST_STEP][PASSED] - Statement - counter = counter + 1: null

2018-12-14 10:02:36 - [TEST_STEP][PASSED] - Statement - PreSaveFile = new java.io.File(((pathPrefix + java.lang.Integer.toString(counter)) + .png)): null

2018-12-14 10:02:36 - [TEST_STEP][PASSED] - Statement - counter = counter + 1: null

2018-12-14 10:02:36 - [TEST_STEP][PASSED] - Statement - PreSaveFile = new java.io.File(((pathPrefix + java.lang.Integer.toString(counter)) + .png)): null

2018-12-14 10:02:36 - [TEST_STEP][PASSED] - Statement - counter = counter + 1: null

2018-12-14 10:02:36 - [TEST_STEP][PASSED] - Statement - PreSaveFile = new java.io.File(((pathPrefix + java.lang.Integer.toString(counter)) + .png)): null

2018-12-14 10:02:36 - [TEST_STEP][PASSED] - Statement - counter = counter + 1: null

2018-12-14 10:02:36 - [TEST_STEP][PASSED] - Statement - PreSaveFile = new java.io.File(((pathPrefix + java.lang.Integer.toString(counter)) + .png)): null

2018-12-14 10:02:36 - [TEST_STEP][PASSED] - Statement - counter = counter + 1: null

2018-12-14 10:02:36 - [TEST_STEP][PASSED] - Statement - PreSaveFile = new java.io.File(((pathPrefix + java.lang.Integer.toString(counter)) + .png)): null

2018-12-14 10:02:36 - [TEST_STEP][PASSED] - Statement - counter = counter + 1: null

2018-12-14 10:02:36 - [TEST_STEP][PASSED] - Statement - PreSaveFile = new java.io.File(((pathPrefix + java.lang.Integer.toString(counter)) + .png)): null

2018-12-14 10:02:36 - [TEST_STEP][PASSED] - Statement - counter = counter + 1: null

2018-12-14 10:02:36 - [TEST_STEP][PASSED] - Statement - PreSaveFile = new java.io.File(((pathPrefix + java.lang.Integer.toString(counter)) + .png)): null

2018-12-14 10:02:36 - [TEST_STEP][PASSED] - Statement - counter = counter + 1: null

2018-12-14 10:02:36 - [TEST_STEP][PASSED] - Statement - PreSaveFile = new java.io.File(((pathPrefix + java.lang.Integer.toString(counter)) + .png)): null

2018-12-14 10:02:36 - [TEST_STEP][PASSED] - Statement - finalPath = pathPrefix + java.lang.Integer.toString(counter) + ".png": null

2018-12-14 10:02:36 - [TEST_STEP][PASSED] - Statement - SaveFile = new java.io.File(finalPath): null

2018-12-14 10:02:36 - [TEST_STEP][PASSED] - Statement - Try: null

2018-12-14 10:02:36 - [TEST_STEP][PASSED] - Statement - org.apache.commons.io.FileUtils.copyFile(scrFile, SaveFile): null

2018-12-14 10:02:36 - [TEST_STEP][PASSED] - Statement - out.println("file kept"): null

2018-12-14 10:02:36 - [TEST_STEP][PASSED] - delay: Delayed 10 second(s)

2018-12-14 10:02:46 - [MESSAGE][PASSED] - Delayed 10 second(s)

2018-12-14 10:02:46 - [MESSAGE][PASSED] - Call Test Case 'Test Cases/Final Aug 2018 - PKS Automation/Registration Module/New Registration/Submit and Screenshot/Submit Registration and Screenshot - Copy' successfully

2018-12-14 10:02:46 - [TEST_STEP][PASSED] - Statement - UpdateAddNewECode = com.kms.katalon.core.webui.keyword.WebUiBuiltInKeywords.getText(com.kms.katalon.core.testobject.ObjectRepository.findTestObject(Object Repository/Final Object Repo/Page_Update Add New Employee - ASSIST/getEmpCode)): Text of object 'Object Repository/Final Object Repo/Page_Update Add New Employee - ASSIST/getEmpCode' is: 'E1102070886Z'

2018-12-14 10:02:46 - [MESSAGE][PASSED] - Text of object 'Object Repository/Final Object Repo/Page_Update Add New Employee - ASSIST/getEmpCode' is: 'E1102070886Z'

2018-12-14 10:02:46 - [TEST_STEP][PASSED] - callTestCase: Call Test Case 'Test Cases/Final Aug 2018 - PKS Automation/Common/Emp Code Setter' successfully

2018-12-14 10:02:46 - [TEST_CASE][PASSED] - Test Cases/Final Aug 2018 - PKS Automation/Common/Emp Code Setter: Test Cases/Final Aug 2018 - PKS Automation/Common/Emp Code Setter

2018-12-14 10:02:46 - [TEST_STEP][PASSED] - Statement - EmpCodeOld = new java.io.File(C://Users//Admin//Desktop//PKS//Automation Reference Point//EmpCode.txt): null

2018-12-14 10:02:46 - [TEST_STEP][PASSED] - Statement - EmpCodeOld.delete(): null

2018-12-14 10:02:46 - [TEST_STEP][PASSED] - Statement - EmpCode = new java.io.File(C://Users//Admin//Desktop//PKS//Automation Reference Point//EmpCode.txt): null

2018-12-14 10:02:46 - [TEST_STEP][PASSED] - Statement - f2 = new java.io.FileWriter(EmpCode, false): null

2018-12-14 10:02:46 - [TEST_STEP][PASSED] - Statement - f2.write(UpdateAddNewECode): null

2018-12-14 10:02:46 - [TEST_STEP][PASSED] - Statement - f2.close(): null

2018-12-14 10:02:46 - [TEST_STEP][PASSED] - Statement - out.println("


" + UpdateAddNewECode + "


"): null

2018-12-14 10:02:46 - [MESSAGE][PASSED] - Call Test Case 'Test Cases/Final Aug 2018 - PKS Automation/Common/Emp Code Setter' successfully

2018-12-14 10:02:46 - [MESSAGE][PASSED] - Call Test Case 'Test Cases/Final Aug 2018 - PKS Automation/Registration Module/Workflow/Update Add New Employee/Template/New Company for Update Add New - Employer' successfully

2018-12-14 10:02:46 - [TEST_STEP][PASSED] - callTestCase: Call Test Case 'Test Cases/Final Aug 2018 - PKS Automation/Create Employer Acc/Login to Employer Account (Second time)' successfully

2018-12-14 10:02:46 - [TEST_CASE][PASSED] - Test Cases/Final Aug 2018 - PKS Automation/Create Employer Acc/Login to Employer Account (Second time): Test Cases/Final Aug 2018 - PKS Automation/Create Employer Acc/Login to Employer Account (Second time)

2018-12-14 10:02:46 - [TEST_STEP][PASSED] - openBrowser: Browser is opened with url: ''

2018-12-14 10:02:46 - [MESSAGE][WARNING] - A browser is already opened. Closing browser and opening a new one

2018-12-14 10:02:49 - [MESSAGE][PASSED] - Browser is opened with url: ''

2018-12-14 10:02:49 - [TEST_STEP][PASSED] - navigateToUrl: Navigate to 'https://assist2-uat.perkeso.gov.my/employer/login' successfully

2018-12-14 10:02:50 - [MESSAGE][PASSED] - Navigate to 'https://assist2-uat.perkeso.gov.my/employer/login' successfully

2018-12-14 10:02:50 - [TEST_STEP][PASSED] - delay: Delayed 3 second(s)

2018-12-14 10:02:53 - [MESSAGE][PASSED] - Delayed 3 second(s)

2018-12-14 10:02:53 - [TEST_STEP][PASSED] - callTestCase: Call Test Case 'Test Cases/Final Aug 2018 - PKS Automation/Create Employer Acc/Template/Employer Email Getter' successfully

2018-12-14 10:02:53 - [TEST_CASE][PASSED] - Test Cases/Final Aug 2018 - PKS Automation/Create Employer Acc/Template/Employer Email Getter: Test Cases/Final Aug 2018 - PKS Automation/Create Employer Acc/Template/Employer Email Getter

2018-12-14 10:02:53 - [TEST_STEP][PASSED] - Statement - Try: null

2018-12-14 10:02:53 - [TEST_STEP][PASSED] - Statement - EmpEmail = new java.io.File(C://Users//Admin//Desktop//PKS//Automation Reference Point//EmpEmail.txt): null

2018-12-14 10:02:53 - [TEST_STEP][PASSED] - Statement - bufferread = new java.io.BufferedReader(new java.io.FileReader(EmpEmail)): null

2018-12-14 10:02:53 - [TEST_STEP][PASSED] - Statement - readedVal = bufferread.readLine(): null

2018-12-14 10:02:53 - [TEST_STEP][PASSED] - Statement - out.println(readedVal): null

2018-12-14 10:02:53 - [TEST_STEP][PASSED] - Statement - Email = readedVal: null

2018-12-14 10:02:53 - [MESSAGE][PASSED] - Call Test Case 'Test Cases/Final Aug 2018 - PKS Automation/Create Employer Acc/Template/Employer Email Getter' successfully

2018-12-14 10:02:53 - [TEST_STEP][PASSED] - setText: Text 'perkeso146684727551@gmail.com' is set on object 'Object Repository/Final Object Repo/Login Page/External Login Page/Email'

2018-12-14 10:02:54 - [MESSAGE][PASSED] - Text 'perkeso146684727551@gmail.com' is set on object 'Object Repository/Final Object Repo/Login Page/External Login Page/Email'

2018-12-14 10:02:54 - [TEST_STEP][PASSED] - click: Object: 'Object Repository/Final Object Repo/Login Page/External Login Page/Next' is clicked on

2018-12-14 10:02:54 - [MESSAGE][PASSED] - Object: 'Object Repository/Final Object Repo/Login Page/External Login Page/Next' is clicked on

2018-12-14 10:02:54 - [TEST_STEP][PASSED] - delay: Delayed 3 second(s)

2018-12-14 10:02:57 - [MESSAGE][PASSED] - Delayed 3 second(s)

2018-12-14 10:02:57 - [TEST_STEP][PASSED] - setEncryptedText: Text ****** has been set on object 'Object Repository/Final Object Repo/Login Page/External Login Page/Password'

2018-12-14 10:02:57 - [MESSAGE][PASSED] - Text ****** has been set on object 'Object Repository/Final Object Repo/Login Page/External Login Page/Password'

2018-12-14 10:02:57 - [TEST_STEP][PASSED] - click: Object: 'Object Repository/Final Object Repo/Login Page/External Login Page/Login' is clicked on

2018-12-14 10:02:57 - [MESSAGE][PASSED] - Object: 'Object Repository/Final Object Repo/Login Page/External Login Page/Login' is clicked on

2018-12-14 10:02:57 - [TEST_STEP][PASSED] - delay: Delayed 5 second(s)

2018-12-14 10:03:02 - [MESSAGE][PASSED] - Delayed 5 second(s)

2018-12-14 10:03:02 - [MESSAGE][PASSED] - Call Test Case 'Test Cases/Final Aug 2018 - PKS Automation/Create Employer Acc/Login to Employer Account (Second time)' successfully

2018-12-14 10:03:02 - [TEST_STEP][PASSED] - navigateToUrl: Navigate to 'https://assist2-uat.perkeso.gov.my/web/registration/update/form-1a-cessation-as-employer-discontinue-business-' successfully

2018-12-14 10:03:03 - [MESSAGE][PASSED] - Navigate to 'https://assist2-uat.perkeso.gov.my/web/registration/update/form-1a-cessation-as-employer-discontinue-business-' successfully

2018-12-14 10:03:03 - [TEST_STEP][PASSED] - callTestCase: Call Test Case 'Test Cases/Final Aug 2018 - PKS Automation/Common/Emp Code Getter' successfully

2018-12-14 10:03:03 - [TEST_CASE][PASSED] - Test Cases/Final Aug 2018 - PKS Automation/Common/Emp Code Getter: Test Cases/Final Aug 2018 - PKS Automation/Common/Emp Code Getter

2018-12-14 10:03:03 - [TEST_STEP][PASSED] - Statement - Try: null

2018-12-14 10:03:03 - [TEST_STEP][PASSED] - Statement - EmpCode = new java.io.File(C://Users//Admin//Desktop//PKS//Automation Reference Point//EmpCode.txt): null

2018-12-14 10:03:03 - [TEST_STEP][PASSED] - Statement - bufferread = new java.io.BufferedReader(new java.io.FileReader(EmpCode)): null

2018-12-14 10:03:03 - [TEST_STEP][PASSED] - Statement - readedVal = bufferread.readLine(): null

2018-12-14 10:03:03 - [TEST_STEP][PASSED] - Statement - out.println(readedVal): null

2018-12-14 10:03:03 - [TEST_STEP][PASSED] - Statement - UpdateAddNewECode = readedVal: null

2018-12-14 10:03:03 - [MESSAGE][PASSED] - Call Test Case 'Test Cases/Final Aug 2018 - PKS Automation/Common/Emp Code Getter' successfully

2018-12-14 10:03:03 - [TEST_STEP][PASSED] - setText: Text 'E1102070886Z' is set on object 'Object Repository/Final Object Repo/Page_Update Employer Information/Employer Code'

2018-12-14 10:03:04 - [MESSAGE][PASSED] - Text 'E1102070886Z' is set on object 'Object Repository/Final Object Repo/Page_Update Employer Information/Employer Code'

2018-12-14 10:03:04 - [TEST_STEP][PASSED] - click: Object: 'Object Repository/Final Object Repo/Page_Update Employer Information/Search Button' is clicked on

2018-12-14 10:03:04 - [MESSAGE][PASSED] - Object: 'Object Repository/Final Object Repo/Page_Update Employer Information/Search Button' is clicked on

2018-12-14 10:03:04 - [TEST_STEP][PASSED] - delay: Delayed 2 second(s)

2018-12-14 10:03:06 - [MESSAGE][PASSED] - Delayed 2 second(s)

2018-12-14 10:03:06 - [TEST_STEP][PASSED] - click: Object: 'Object Repository/Final Object Repo/Page_Update Employer Information/Edit Button' is clicked on

2018-12-14 10:03:07 - [MESSAGE][PASSED] - Object: 'Object Repository/Final Object Repo/Page_Update Employer Information/Edit Button' is clicked on

2018-12-14 10:03:07 - [TEST_STEP][PASSED] - Statement - abc = com.kms.katalon.core.webui.keyword.WebUiBuiltInKeywords.getAttribute(com.kms.katalon.core.testobject.ObjectRepository.findTestObject(Final Object Repo/Page_Form 1A - Cessation As Employer/Employer Status), "value"): Attribute 'value' of object 'Object Repository/Final Object Repo/Page_Form 1A - Cessation As Employer/Employer Status' is: 'Active'

2018-12-14 10:03:07 - [MESSAGE][PASSED] - Attribute 'value' of object 'Object Repository/Final Object Repo/Page_Form 1A - Cessation As Employer/Employer Status' is: 'Active'

2018-12-14 10:03:07 - [TEST_STEP][PASSED] - Statement - out.println(abc): null

2018-12-14 10:03:07 - [TEST_STEP][PASSED] - Statement - If (abc == "Active"): Object: 'Object Repository/Final Object Repo/Page_Form 1A - Cessation As Employer/Change Employer Status to - Dormant' is clicked on

2018-12-14 10:03:07 - [TEST_STEP][PASSED] - click: Object: 'Object Repository/Final Object Repo/Page_Form 1A - Cessation As Employer/Change Employer Status to' is clicked on

2018-12-14 10:03:07 - [MESSAGE][PASSED] - Object: 'Object Repository/Final Object Repo/Page_Form 1A - Cessation As Employer/Change Employer Status to' is clicked on

2018-12-14 10:03:07 - [TEST_STEP][PASSED] - click: Object: 'Object Repository/Final Object Repo/Page_Form 1A - Cessation As Employer/Change Employer Status to - Dormant' is clicked on

2018-12-14 10:03:08 - [MESSAGE][PASSED] - Object: 'Object Repository/Final Object Repo/Page_Form 1A - Cessation As Employer/Change Employer Status to - Dormant' is clicked on

2018-12-14 10:03:08 - [TEST_STEP][PASSED] - click: Object: 'Object Repository/Final Object Repo/Page_Form 1A - Cessation As Employer/Calender' is clicked on

2018-12-14 10:03:08 - [MESSAGE][PASSED] - Object: 'Object Repository/Final Object Repo/Page_Form 1A - Cessation As Employer/Calender' is clicked on

2018-12-14 10:03:08 - [TEST_STEP][PASSED] - click: Object: 'Object Repository/Final Object Repo/Page_Form 1A - Cessation As Employer/Calender - Date' is clicked on

2018-12-14 10:03:08 - [MESSAGE][PASSED] - Object: 'Object Repository/Final Object Repo/Page_Form 1A - Cessation As Employer/Calender - Date' is clicked on

2018-12-14 10:03:08 - [TEST_STEP][PASSED] - delay: Delayed 2 second(s)

2018-12-14 10:03:10 - [MESSAGE][PASSED] - Delayed 2 second(s)

2018-12-14 10:03:10 - [TEST_STEP][PASSED] - click: Object: 'Object Repository/Final Object Repo/Page_Form 1A - Cessation As Employer/Save  Continue in Form 1A Page' is clicked on

2018-12-14 10:03:10 - [MESSAGE][PASSED] - Object: 'Object Repository/Final Object Repo/Page_Form 1A - Cessation As Employer/Save  Continue in Form 1A Page' is clicked on

2018-12-14 10:03:10 - [TEST_STEP][PASSED] - delay: Delayed 2 second(s)

2018-12-14 10:03:12 - [MESSAGE][PASSED] - Delayed 2 second(s)

2018-12-14 10:03:12 - [TEST_STEP][PASSED] - click: Object: 'Object Repository/Final Object Repo/Page_Form 1A - Cessation As Employer/Employment Resign Date' is clicked on

2018-12-14 10:03:13 - [MESSAGE][PASSED] - Object: 'Object Repository/Final Object Repo/Page_Form 1A - Cessation As Employer/Employment Resign Date' is clicked on

2018-12-14 10:03:13 - [TEST_STEP][PASSED] - delay: Delayed 1 second(s)

2018-12-14 10:03:14 - [MESSAGE][PASSED] - Delayed 1 second(s)

2018-12-14 10:03:14 - [TEST_STEP][PASSED] - Statement - CaseReferenceNo = com.kms.katalon.core.webui.keyword.WebUiBuiltInKeywords.getText(com.kms.katalon.core.testobject.ObjectRepository.findTestObject(Final Object Repo/Page_Update Employer Information/Reference Number in Update Employee Information Page)): Text of object 'Object Repository/Final Object Repo/Page_Update Employer Information/Reference Number in Update Employee Information Page' is: 'CUN122018C200001751'

2018-12-14 10:03:14 - [MESSAGE][PASSED] - Text of object 'Object Repository/Final Object Repo/Page_Update Employer Information/Reference Number in Update Employee Information Page' is: 'CUN122018C200001751'

2018-12-14 10:03:14 - [TEST_STEP][PASSED] - callTestCase: Call Test Case 'Test Cases/Final Aug 2018 - PKS Automation/Common/Reference Number Setter' successfully

2018-12-14 10:03:14 - [TEST_CASE][PASSED] - Test Cases/Final Aug 2018 - PKS Automation/Common/Reference Number Setter: Test Cases/Final Aug 2018 - PKS Automation/Common/Reference Number Setter

2018-12-14 10:03:14 - [TEST_STEP][PASSED] - Statement - RefNoOldFile = new java.io.File(C://Users//Admin//Desktop//PKS//Automation Reference Point//KatalonReference.txt): null

2018-12-14 10:03:14 - [TEST_STEP][PASSED] - Statement - RefNoOldFile.delete(): null

2018-12-14 10:03:14 - [TEST_STEP][PASSED] - delay: Delayed 5 second(s)

2018-12-14 10:03:19 - [MESSAGE][PASSED] - Delayed 5 second(s)

2018-12-14 10:03:19 - [TEST_STEP][PASSED] - Statement - RefNo = new java.io.File(C://Users//Admin//Desktop//PKS//Automation Reference Point//KatalonReference.txt): null

2018-12-14 10:03:19 - [TEST_STEP][PASSED] - Statement - f2 = new java.io.FileWriter(RefNo, false): null

2018-12-14 10:03:19 - [TEST_STEP][PASSED] - Statement - f2.write(CaseReferenceNo): null

2018-12-14 10:03:19 - [TEST_STEP][PASSED] - Statement - f2.close(): null

2018-12-14 10:03:19 - [TEST_STEP][PASSED] - Statement - out.println("


" + CaseReferenceNo + "


"): null

2018-12-14 10:03:19 - [MESSAGE][PASSED] - Call Test Case 'Test Cases/Final Aug 2018 - PKS Automation/Common/Reference Number Setter' successfully

2018-12-14 10:03:19 - [TEST_STEP][PASSED] - selectOptionByValue: All options with value '2030' are selected in object 'Object Repository/Final Object Repo/Page_Form 1A - Cessation As Employer/Employment Resign Date - Year' 

2018-12-14 10:03:19 - [MESSAGE][PASSED] - All options with value '2030' are selected in object 'Object Repository/Final Object Repo/Page_Form 1A - Cessation As Employer/Employment Resign Date - Year' 

2018-12-14 10:03:19 - [TEST_STEP][PASSED] - delay: Delayed 1 second(s)

2018-12-14 10:03:20 - [MESSAGE][PASSED] - Delayed 1 second(s)

2018-12-14 10:03:20 - [TEST_STEP][PASSED] - click: Object: 'Object Repository/Final Object Repo/Page_Form 1A - Cessation As Employer/Employment Resign Date - Year - Date' is clicked on

2018-12-14 10:03:20 - [MESSAGE][PASSED] - Object: 'Object Repository/Final Object Repo/Page_Form 1A - Cessation As Employer/Employment Resign Date - Year - Date' is clicked on

2018-12-14 10:03:20 - [TEST_STEP][PASSED] - delay: Delayed 2 second(s)

2018-12-14 10:03:22 - [MESSAGE][PASSED] - Delayed 2 second(s)

2018-12-14 10:03:22 - [TEST_STEP][PASSED] - click: Object: 'Object Repository/Final Object Repo/Page_Form 1A - Cessation As Employer/Save  Continue in Update Add Employee Resigned Date Page' is clicked on

2018-12-14 10:03:22 - [MESSAGE][PASSED] - Object: 'Object Repository/Final Object Repo/Page_Form 1A - Cessation As Employer/Save  Continue in Update Add Employee Resigned Date Page' is clicked on

2018-12-14 10:03:22 - [TEST_STEP][PASSED] - delay: Delayed 2 second(s)

2018-12-14 10:03:24 - [MESSAGE][PASSED] - Delayed 2 second(s)

2018-12-14 10:03:24 - [TEST_STEP][PASSED] - click: Object: 'Object Repository/Final Object Repo/Page_Form 1A - Cessation As Employer/Set Latest - Yes' is clicked on

2018-12-14 10:03:24 - [MESSAGE][PASSED] - Object: 'Object Repository/Final Object Repo/Page_Form 1A - Cessation As Employer/Set Latest - Yes' is clicked on

2018-12-14 10:03:24 - [TEST_STEP][PASSED] - delay: Delayed 2 second(s)

2018-12-14 10:03:26 - [MESSAGE][PASSED] - Delayed 2 second(s)

2018-12-14 10:03:26 - [TEST_STEP][PASSED] - click: Object: 'Object Repository/Final Object Repo/Page_Form 1A - Cessation As Employer/Add Document' is clicked on

2018-12-14 10:03:28 - [MESSAGE][PASSED] - Object: 'Object Repository/Final Object Repo/Page_Form 1A - Cessation As Employer/Add Document' is clicked on

2018-12-14 10:03:28 - [TEST_STEP][PASSED] - delay: Delayed 3 second(s)

2018-12-14 10:03:31 - [MESSAGE][PASSED] - Delayed 3 second(s)

2018-12-14 10:03:31 - [TEST_STEP][PASSED] - click: Object: 'Object Repository/Final Object Repo/Page_Form 1A - Cessation As Employer/Document Type' is clicked on

2018-12-14 10:03:31 - [MESSAGE][PASSED] - Object: 'Object Repository/Final Object Repo/Page_Form 1A - Cessation As Employer/Document Type' is clicked on

2018-12-14 10:03:31 - [TEST_STEP][PASSED] - delay: Delayed 2 second(s)

2018-12-14 10:03:33 - [MESSAGE][PASSED] - Delayed 2 second(s)

2018-12-14 10:03:33 - [TEST_STEP][PASSED] - click: Object: 'Object Repository/Final Object Repo/Page_Form 1A - Cessation As Employer/Document Type - Supporting Document For Cessation' is clicked on

2018-12-14 10:03:33 - [MESSAGE][PASSED] - Object: 'Object Repository/Final Object Repo/Page_Form 1A - Cessation As Employer/Document Type - Supporting Document For Cessation' is clicked on

2018-12-14 10:03:33 - [TEST_STEP][PASSED] - delay: Delayed 2 second(s)

2018-12-14 10:03:35 - [MESSAGE][PASSED] - Delayed 2 second(s)

2018-12-14 10:03:35 - [TEST_STEP][PASSED] - sendKeys: Keys 'C:\Users\Public\Pictures\Sample Pictures\Koala.jpg' sent to object: 'Object Repository/Final Object Repo/Page_Form 1A - Cessation As Employer/Uploading File'

2018-12-14 10:03:35 - [MESSAGE][PASSED] - Keys 'C:\Users\Public\Pictures\Sample Pictures\Koala.jpg' sent to object: 'Object Repository/Final Object Repo/Page_Form 1A - Cessation As Employer/Uploading File'

2018-12-14 10:03:35 - [TEST_STEP][PASSED] - delay: Delayed 2 second(s)

2018-12-14 10:03:37 - [MESSAGE][PASSED] - Delayed 2 second(s)

2018-12-14 10:03:37 - [TEST_STEP][PASSED] - click: Object: 'Object Repository/Final Object Repo/Page_Form 1A - Cessation As Employer/Add Document in Uploading Page' is clicked on

2018-12-14 10:03:37 - [MESSAGE][PASSED] - Object: 'Object Repository/Final Object Repo/Page_Form 1A - Cessation As Employer/Add Document in Uploading Page' is clicked on

2018-12-14 10:03:37 - [TEST_STEP][PASSED] - delay: Delayed 2 second(s)

2018-12-14 10:03:39 - [MESSAGE][PASSED] - Delayed 2 second(s)

2018-12-14 10:03:39 - [TEST_STEP][PASSED] - click: Object: 'Object Repository/Final Object Repo/Page_Form 1A - Cessation As Employer/Save  Continue in Uploading Page' is clicked on

2018-12-14 10:03:41 - [MESSAGE][PASSED] - Object: 'Object Repository/Final Object Repo/Page_Form 1A - Cessation As Employer/Save  Continue in Uploading Page' is clicked on

2018-12-14 10:03:41 - [TEST_STEP][PASSED] - delay: Delayed 2 second(s)

2018-12-14 10:03:43 - [MESSAGE][PASSED] - Delayed 2 second(s)

2018-12-14 10:03:43 - [TEST_STEP][PASSED] - click: Object: 'Object Repository/Final Object Repo/Page_Form 1A - Cessation As Employer/Submit2' is clicked on

2018-12-14 10:03:46 - [MESSAGE][PASSED] - Object: 'Object Repository/Final Object Repo/Page_Form 1A - Cessation As Employer/Submit2' is clicked on

2018-12-14 10:03:46 - [TEST_STEP][PASSED] - delay: Delayed 2 second(s)

2018-12-14 10:03:48 - [MESSAGE][PASSED] - Delayed 2 second(s)

2018-12-14 10:03:48 - [TEST_STEP][PASSED] - click: Object: 'Object Repository/Final Object Repo/Page_Form 1A - Cessation As Employer/Confirm' is clicked on

2018-12-14 10:03:48 - [MESSAGE][PASSED] - Object: 'Object Repository/Final Object Repo/Page_Form 1A - Cessation As Employer/Confirm' is clicked on

2018-12-14 10:03:48 - [TEST_STEP][PASSED] - delay: Delayed 2 second(s)

2018-12-14 10:03:50 - [MESSAGE][PASSED] - Delayed 2 second(s)

2018-12-14 10:03:50 - [TEST_STEP][PASSED] - verifyElementVisible: Object 'Object Repository/Final Object Repo/Page_Form 1A - Cessation As Employer/Message Your Request will be routed to UO' is visible

2018-12-14 10:03:54 - [MESSAGE][PASSED] - Object 'Object Repository/Final Object Repo/Page_Form 1A - Cessation As Employer/Message Your Request will be routed to UO' is visible

2018-12-14 10:03:54 - [TEST_STEP][PASSED] - delay: Delayed 1 second(s)

2018-12-14 10:03:55 - [MESSAGE][PASSED] - Delayed 1 second(s)

2018-12-14 10:03:55 - [TEST_STEP][PASSED] - verifyElementVisible: Object 'Object Repository/Final Object Repo/Page_Form 1A - Cessation As Employer/Letter of acknowledgement' is visible

2018-12-14 10:03:56 - [MESSAGE][PASSED] - Object 'Object Repository/Final Object Repo/Page_Form 1A - Cessation As Employer/Letter of acknowledgement' is visible

2018-12-14 10:03:56 - [MESSAGE][PASSED] - Call Test Case 'Test Cases/Final Aug 2018 - PKS Automation/Registration Module/Workflow/Form 1A - Cessation As Employer/Template/Form 1 A - Cessation As Employer (Employer)' successfully

2018-12-14 10:03:56 - [TEST_STEP][PASSED] - callTestCase: Call Test Case 'Test Cases/Final Aug 2018 - PKS Automation/Registration Module/Workflow/Form 1A - Cessation As Employer/Template/Form 1 A - Cessation As Employer (Query)' successfully

2018-12-14 10:03:56 - [TEST_CASE][PASSED] - Test Cases/Final Aug 2018 - PKS Automation/Registration Module/Workflow/Form 1A - Cessation As Employer/Template/Form 1 A - Cessation As Employer (Query): Test Cases/Final Aug 2018 - PKS Automation/Registration Module/Workflow/Form 1A - Cessation As Employer/Template/Form 1 A - Cessation As Employer (Query)

2018-12-14 10:03:56 - [TEST_STEP][NOT_RUN] - callTestCase: NOT_RUN: callTestCase

2018-12-14 10:03:56 - [MESSAGE][NOT_RUN] - NOT_RUN: callTestCase

2018-12-14 10:03:56 - [TEST_STEP][PASSED] - delay: Delayed 1 second(s)

2018-12-14 10:03:57 - [MESSAGE][PASSED] - Delayed 1 second(s)

2018-12-14 10:03:57 - [TEST_STEP][PASSED] - navigateToUrl: Navigate to 'https://assist2-uat.perkeso.gov.my/c/portal/logout' successfully

2018-12-14 10:03:58 - [MESSAGE][PASSED] - Navigate to 'https://assist2-uat.perkeso.gov.my/c/portal/logout' successfully

2018-12-14 10:03:58 - [TEST_STEP][PASSED] - delay: Delayed 1 second(s)

2018-12-14 10:03:59 - [MESSAGE][PASSED] - Delayed 1 second(s)

2018-12-14 10:03:59 - [TEST_STEP][PASSED] - callTestCase: Call Test Case 'Test Cases/Final Aug 2018 - PKS Automation/Common/Reference Number Getter' successfully

2018-12-14 10:03:59 - [TEST_CASE][PASSED] - Test Cases/Final Aug 2018 - PKS Automation/Common/Reference Number Getter: Test Cases/Final Aug 2018 - PKS Automation/Common/Reference Number Getter

2018-12-14 10:03:59 - [TEST_STEP][PASSED] - Statement - Try: null

2018-12-14 10:03:59 - [TEST_STEP][PASSED] - Statement - RefNo = new java.io.File(C://Users//Admin//Desktop//PKS//Automation Reference Point//KatalonReference.txt): null

2018-12-14 10:03:59 - [TEST_STEP][PASSED] - Statement - bufferread = new java.io.BufferedReader(new java.io.FileReader(RefNo)): null

2018-12-14 10:03:59 - [TEST_STEP][PASSED] - Statement - readedVal = bufferread.readLine(): null

2018-12-14 10:03:59 - [TEST_STEP][PASSED] - Statement - out.println(CaseReferenceNo): null

2018-12-14 10:03:59 - [TEST_STEP][PASSED] - Statement - out.println(readedVal): null

2018-12-14 10:03:59 - [TEST_STEP][PASSED] - Statement - CaseReferenceNo = "": null

2018-12-14 10:03:59 - [TEST_STEP][PASSED] - Statement - CaseReferenceNo = readedVal: null

2018-12-14 10:03:59 - [MESSAGE][PASSED] - Call Test Case 'Test Cases/Final Aug 2018 - PKS Automation/Common/Reference Number Getter' successfully

2018-12-14 10:03:59 - [TEST_STEP][PASSED] - callTestCase: Call Test Case 'Test Cases/Final Aug 2018 - PKS Automation/Common/Workflow Owner Finder' successfully

2018-12-14 10:03:59 - [TEST_CASE][PASSED] - Test Cases/Final Aug 2018 - PKS Automation/Common/Workflow Owner Finder: Test Cases/Final Aug 2018 - PKS Automation/Common/Workflow Owner Finder

2018-12-14 10:03:59 - [TEST_STEP][PASSED] - openBrowser: Browser is opened with url: ''

2018-12-14 10:03:59 - [MESSAGE][WARNING] - A browser is already opened. Closing browser and opening a new one

2018-12-14 10:04:03 - [MESSAGE][PASSED] - Browser is opened with url: ''

2018-12-14 10:04:03 - [TEST_STEP][PASSED] - navigateToUrl: Navigate to 'https://assist2-uat.perkeso.gov.my/login' successfully

2018-12-14 10:04:04 - [MESSAGE][PASSED] - Navigate to 'https://assist2-uat.perkeso.gov.my/login' successfully

2018-12-14 10:04:04 - [TEST_STEP][PASSED] - delay: Delayed 5 second(s)

2018-12-14 10:04:09 - [MESSAGE][PASSED] - Delayed 5 second(s)

2018-12-14 10:04:09 - [TEST_STEP][PASSED] - setText: Text 'test@liferay.com' is set on object 'Object Repository/Final Object Repo/Login Page/Internal User/Email Address'

2018-12-14 10:04:10 - [MESSAGE][PASSED] - Text 'test@liferay.com' is set on object 'Object Repository/Final Object Repo/Login Page/Internal User/Email Address'

2018-12-14 10:04:10 - [TEST_STEP][PASSED] - click: Object: 'Object Repository/Final Object Repo/Login Page/Internal User/Next Button' is clicked on

2018-12-14 10:04:10 - [MESSAGE][PASSED] - Object: 'Object Repository/Final Object Repo/Login Page/Internal User/Next Button' is clicked on

2018-12-14 10:04:10 - [TEST_STEP][PASSED] - delay: Delayed 2 second(s)

2018-12-14 10:04:12 - [MESSAGE][PASSED] - Delayed 2 second(s)

2018-12-14 10:04:12 - [TEST_STEP][PASSED] - setText: Text 'test' is set on object 'Object Repository/Final Object Repo/Login Page/Internal User/Password'

2018-12-14 10:04:12 - [MESSAGE][PASSED] - Text 'test' is set on object 'Object Repository/Final Object Repo/Login Page/Internal User/Password'

2018-12-14 10:04:12 - [TEST_STEP][PASSED] - delay: Delayed 2 second(s)

2018-12-14 10:04:14 - [MESSAGE][PASSED] - Delayed 2 second(s)

2018-12-14 10:04:14 - [TEST_STEP][PASSED] - click: Object: 'Object Repository/Final Object Repo/Login Page/Internal User/Login Button' is clicked on

2018-12-14 10:04:14 - [MESSAGE][PASSED] - Object: 'Object Repository/Final Object Repo/Login Page/Internal User/Login Button' is clicked on

2018-12-14 10:04:14 - [TEST_STEP][PASSED] - Statement - tester = com.kms.katalon.core.testobject.ObjectRepository.findTestObject(Final Object Repo/Landing Page/Select to English): Finding Test Object with id 'Object Repository/Final Object Repo/Landing Page/Select to English'

2018-12-14 10:04:14 - [TEST_STEP][PASSED] - Statement - Try: Delayed 2 second(s)

2018-12-14 10:04:14 - [TEST_STEP][PASSED] - Statement - Checker = com.kms.katalon.core.webui.keyword.WebUiBuiltInKeywords.verifyElementNotPresent(tester, 3): Web element with id: 'Object Repository/Final Object Repo/Landing Page/Select to English' located by 'By.xpath: //a[@class = 'taglib-language-list-text' and @lang = 'en-US' and (contains(text(), 'EN') or contains(., 'EN'))]' is not present after '3' second(s)

2018-12-14 10:04:16 - [MESSAGE][PASSED] - Web element with id: 'Object Repository/Final Object Repo/Landing Page/Select to English' located by 'By.xpath: //a[@class = 'taglib-language-list-text' and @lang = 'en-US' and (contains(text(), 'EN') or contains(., 'EN'))]' is not present after '3' second(s)

2018-12-14 10:04:16 - [TEST_STEP][PASSED] - Statement - If (Checker == false): null

2018-12-14 10:04:16 - [TEST_STEP][PASSED] - delay: Delayed 2 second(s)

2018-12-14 10:04:18 - [MESSAGE][PASSED] - Delayed 2 second(s)

2018-12-14 10:04:18 - [TEST_STEP][PASSED] - delay: Delayed 5 second(s)

2018-12-14 10:04:23 - [MESSAGE][PASSED] - Delayed 5 second(s)

2018-12-14 10:04:23 - [TEST_STEP][PASSED] - mouseOver: Object: 'Object Repository/Final Object Repo/Landing Page/WorkFlow Menu' is hovered

2018-12-14 10:04:23 - [MESSAGE][PASSED] - Object: 'Object Repository/Final Object Repo/Landing Page/WorkFlow Menu' is hovered

2018-12-14 10:04:23 - [TEST_STEP][PASSED] - delay: Delayed 2 second(s)

2018-12-14 10:04:25 - [MESSAGE][PASSED] - Delayed 2 second(s)

2018-12-14 10:04:25 - [TEST_STEP][PASSED] - click: Object: 'Object Repository/Final Object Repo/Landing Page/Select to Workflow Listing' is clicked on

2018-12-14 10:04:27 - [MESSAGE][PASSED] - Object: 'Object Repository/Final Object Repo/Landing Page/Select to Workflow Listing' is clicked on

2018-12-14 10:04:27 - [TEST_STEP][PASSED] - delay: Delayed 2 second(s)

2018-12-14 10:04:29 - [MESSAGE][PASSED] - Delayed 2 second(s)

2018-12-14 10:04:29 - [TEST_STEP][PASSED] - click: Object: 'Object Repository/Final Object Repo/WorkFlow Listing Page/Search Information - To Put Ref No' is clicked on

2018-12-14 10:04:29 - [MESSAGE][PASSED] - Object: 'Object Repository/Final Object Repo/WorkFlow Listing Page/Search Information - To Put Ref No' is clicked on

2018-12-14 10:04:29 - [TEST_STEP][PASSED] - delay: Delayed 2 second(s)

2018-12-14 10:04:31 - [MESSAGE][PASSED] - Delayed 2 second(s)

2018-12-14 10:04:31 - [TEST_STEP][PASSED] - callTestCase: Call Test Case 'Test Cases/Final Aug 2018 - PKS Automation/Common/Reference Number Getter' successfully

2018-12-14 10:04:31 - [TEST_CASE][PASSED] - Test Cases/Final Aug 2018 - PKS Automation/Common/Reference Number Getter: Test Cases/Final Aug 2018 - PKS Automation/Common/Reference Number Getter

2018-12-14 10:04:31 - [TEST_STEP][PASSED] - Statement - Try: null

2018-12-14 10:04:31 - [TEST_STEP][PASSED] - Statement - RefNo = new java.io.File(C://Users//Admin//Desktop//PKS//Automation Reference Point//KatalonReference.txt): null

2018-12-14 10:04:31 - [TEST_STEP][PASSED] - Statement - bufferread = new java.io.BufferedReader(new java.io.FileReader(RefNo)): null

2018-12-14 10:04:31 - [TEST_STEP][PASSED] - Statement - readedVal = bufferread.readLine(): null

2018-12-14 10:04:31 - [TEST_STEP][PASSED] - Statement - out.println(CaseReferenceNo): null

2018-12-14 10:04:31 - [TEST_STEP][PASSED] - Statement - out.println(readedVal): null

2018-12-14 10:04:31 - [TEST_STEP][PASSED] - Statement - CaseReferenceNo = "": null

2018-12-14 10:04:31 - [TEST_STEP][PASSED] - Statement - CaseReferenceNo = readedVal: null

2018-12-14 10:04:31 - [MESSAGE][PASSED] - Call Test Case 'Test Cases/Final Aug 2018 - PKS Automation/Common/Reference Number Getter' successfully

2018-12-14 10:04:31 - [TEST_STEP][PASSED] - setText: Text 'CUN122018C200001751' is set on object 'Object Repository/Final Object Repo/WorkFlow Listing Page/Ref No Set Text'

2018-12-14 10:04:31 - [MESSAGE][PASSED] - Text 'CUN122018C200001751' is set on object 'Object Repository/Final Object Repo/WorkFlow Listing Page/Ref No Set Text'

2018-12-14 10:04:31 - [TEST_STEP][PASSED] - delay: Delayed 2 second(s)

2018-12-14 10:04:33 - [MESSAGE][PASSED] - Delayed 2 second(s)

2018-12-14 10:04:33 - [TEST_STEP][PASSED] - click: Object: 'Object Repository/Final Object Repo/WorkFlow Listing Page/Search Ref No Search Button' is clicked on

2018-12-14 10:04:33 - [MESSAGE][PASSED] - Object: 'Object Repository/Final Object Repo/WorkFlow Listing Page/Search Ref No Search Button' is clicked on

2018-12-14 10:04:33 - [TEST_STEP][PASSED] - delay: Delayed 6 second(s)

2018-12-14 10:04:39 - [MESSAGE][PASSED] - Delayed 6 second(s)

2018-12-14 10:04:39 - [TEST_STEP][PASSED] - click: Object: 'Object Repository/Final Object Repo/WorkFlow Listing Page/Click Continue Tooltip' is clicked on

2018-12-14 10:04:40 - [MESSAGE][PASSED] - Object: 'Object Repository/Final Object Repo/WorkFlow Listing Page/Click Continue Tooltip' is clicked on

2018-12-14 10:04:40 - [TEST_STEP][PASSED] - delay: Delayed 5 second(s)

2018-12-14 10:04:45 - [MESSAGE][PASSED] - Delayed 5 second(s)

2018-12-14 10:04:45 - [TEST_STEP][PASSED] - doubleClick: Object: 'Object Repository/Final Object Repo/WorkFlow Listing Page/Workflow Found - Listing 1' is double clicked on

2018-12-14 10:04:46 - [MESSAGE][PASSED] - Object: 'Object Repository/Final Object Repo/WorkFlow Listing Page/Workflow Found - Listing 1' is double clicked on

2018-12-14 10:04:46 - [TEST_STEP][PASSED] - Statement - println(OwnerID): null

2018-12-14 10:04:46 - [TEST_STEP][PASSED] - Statement - OwnerID = com.kms.katalon.core.webui.keyword.WebUiBuiltInKeywords.getText(com.kms.katalon.core.testobject.ObjectRepository.findTestObject(Final Object Repo/WorkFlow Listing Page/Workflow Found - Listing 1), STOP_ON_FAILURE): Text of object 'Object Repository/Final Object Repo/WorkFlow Listing Page/Workflow Found - Listing 1' is: 'JOHORuo1'

2018-12-14 10:04:46 - [MESSAGE][PASSED] - Text of object 'Object Repository/Final Object Repo/WorkFlow Listing Page/Workflow Found - Listing 1' is: 'JOHORuo1'

2018-12-14 10:04:46 - [TEST_STEP][PASSED] - Statement - OwnerID = OwnerID.toLowerCase() + "@gmail.com": null

2018-12-14 10:04:46 - [TEST_STEP][PASSED] - Statement - println(OwnerID): null

2018-12-14 10:04:46 - [TEST_STEP][PASSED] - delay: Delayed 2 second(s)

2018-12-14 10:04:48 - [MESSAGE][PASSED] - Delayed 2 second(s)

2018-12-14 10:04:48 - [MESSAGE][PASSED] - Call Test Case 'Test Cases/Final Aug 2018 - PKS Automation/Common/Workflow Owner Finder' successfully

2018-12-14 10:04:48 - [TEST_STEP][PASSED] - delay: Delayed 1 second(s)

2018-12-14 10:04:49 - [MESSAGE][PASSED] - Delayed 1 second(s)

2018-12-14 10:04:49 - [TEST_STEP][PASSED] - navigateToUrl: Navigate to 'https://assist2-uat.perkeso.gov.my/c/portal/logout' successfully

2018-12-14 10:04:50 - [MESSAGE][PASSED] - Navigate to 'https://assist2-uat.perkeso.gov.my/c/portal/logout' successfully

2018-12-14 10:04:50 - [TEST_STEP][PASSED] - delay: Delayed 1 second(s)

2018-12-14 10:04:51 - [MESSAGE][PASSED] - Delayed 1 second(s)

2018-12-14 10:04:51 - [TEST_STEP][PASSED] - callTestCase: Call Test Case 'Test Cases/Final Aug 2018 - PKS Automation/Registration Module/Workflow/Login and Search Case For Workflow' successfully

2018-12-14 10:04:51 - [TEST_CASE][PASSED] - Test Cases/Final Aug 2018 - PKS Automation/Registration Module/Workflow/Login and Search Case For Workflow: Test Cases/Final Aug 2018 - PKS Automation/Registration Module/Workflow/Login and Search Case For Workflow

2018-12-14 10:04:51 - [TEST_STEP][PASSED] - navigateToUrl: Navigate to 'https://assist2-uat.perkeso.gov.my/login' successfully

2018-12-14 10:04:51 - [MESSAGE][PASSED] - Navigate to 'https://assist2-uat.perkeso.gov.my/login' successfully

2018-12-14 10:04:51 - [TEST_STEP][PASSED] - setText: Text 'johoruo1@gmail.com' is set on object 'Object Repository/Final Object Repo/Login Page/Internal User/Email Address'

2018-12-14 10:04:51 - [MESSAGE][PASSED] - Text 'johoruo1@gmail.com' is set on object 'Object Repository/Final Object Repo/Login Page/Internal User/Email Address'

2018-12-14 10:04:51 - [TEST_STEP][PASSED] - click: Object: 'Object Repository/Final Object Repo/Login Page/Internal User/Next Button' is clicked on

2018-12-14 10:04:52 - [MESSAGE][PASSED] - Object: 'Object Repository/Final Object Repo/Login Page/Internal User/Next Button' is clicked on

2018-12-14 10:04:52 - [TEST_STEP][PASSED] - delay: Delayed 1 second(s)

2018-12-14 10:04:53 - [MESSAGE][PASSED] - Delayed 1 second(s)

2018-12-14 10:04:53 - [TEST_STEP][PASSED] - setEncryptedText: Text ****** has been set on object 'Object Repository/Final Object Repo/Login Page/Internal User/Password'

2018-12-14 10:04:53 - [MESSAGE][PASSED] - Text ****** has been set on object 'Object Repository/Final Object Repo/Login Page/Internal User/Password'

2018-12-14 10:04:53 - [TEST_STEP][PASSED] - click: Object: 'Object Repository/Final Object Repo/Login Page/Internal User/Login Button' is clicked on

2018-12-14 10:04:53 - [MESSAGE][PASSED] - Object: 'Object Repository/Final Object Repo/Login Page/Internal User/Login Button' is clicked on

2018-12-14 10:04:53 - [TEST_STEP][PASSED] - delay: Delayed 2 second(s)

2018-12-14 10:04:55 - [MESSAGE][PASSED] - Delayed 2 second(s)

2018-12-14 10:04:55 - [TEST_STEP][PASSED] - Statement - Try: Delayed 2 second(s)

2018-12-14 10:04:55 - [TEST_STEP][PASSED] - Statement - Checker = false: null

2018-12-14 10:04:55 - [TEST_STEP][PASSED] - Statement - Checker = com.kms.katalon.core.webui.keyword.WebUiBuiltInKeywords.verifyElementHasAttribute(com.kms.katalon.core.testobject.ObjectRepository.findTestObject(Final Object Repo/Landing Page/BM Detecting), "href", 20, OPTIONAL): Object 'Object Repository/Final Object Repo/Landing Page/BM Detecting' has attribute 'href'

2018-12-14 10:04:55 - [MESSAGE][PASSED] - Object 'Object Repository/Final Object Repo/Landing Page/BM Detecting' has attribute 'href'

2018-12-14 10:04:55 - [TEST_STEP][PASSED] - Statement - out.println(Checker): null

2018-12-14 10:04:55 - [TEST_STEP][PASSED] - Statement - If (Checker == false): null

2018-12-14 10:04:55 - [TEST_STEP][PASSED] - Statement - Else: null

2018-12-14 10:04:55 - [TEST_STEP][PASSED] - delay: Delayed 2 second(s)

2018-12-14 10:04:57 - [MESSAGE][PASSED] - Delayed 2 second(s)

2018-12-14 10:04:57 - [TEST_STEP][PASSED] - click: Object: 'Object Repository/Final Object Repo/Page_MyASSIST - ASSIST - Search Pending Case For Add Supporting Document/Search Information' is clicked on

2018-12-14 10:04:57 - [MESSAGE][PASSED] - Object: 'Object Repository/Final Object Repo/Page_MyASSIST - ASSIST - Search Pending Case For Add Supporting Document/Search Information' is clicked on

2018-12-14 10:04:57 - [TEST_STEP][PASSED] - delay: Delayed 3 second(s)

2018-12-14 10:05:00 - [MESSAGE][PASSED] - Delayed 3 second(s)

2018-12-14 10:05:00 - [TEST_STEP][PASSED] - sendKeys: Keys 'CUN122018C200001751' sent to object: 'Object Repository/Final Object Repo/Page_MyASSIST - ASSIST - Search Pending Case For Add Supporting Document/Reference No'

2018-12-14 10:05:00 - [MESSAGE][PASSED] - Keys 'CUN122018C200001751' sent to object: 'Object Repository/Final Object Repo/Page_MyASSIST - ASSIST - Search Pending Case For Add Supporting Document/Reference No'

2018-12-14 10:05:00 - [TEST_STEP][PASSED] - click: Object: 'Object Repository/Final Object Repo/Page_MyASSIST - ASSIST - Search Pending Case For Add Supporting Document/Search Reference No' is clicked on

2018-12-14 10:05:01 - [MESSAGE][PASSED] - Object: 'Object Repository/Final Object Repo/Page_MyASSIST - ASSIST - Search Pending Case For Add Supporting Document/Search Reference No' is clicked on

2018-12-14 10:05:01 - [TEST_STEP][PASSED] - delay: Delayed 2 second(s)

2018-12-14 10:05:03 - [MESSAGE][PASSED] - Delayed 2 second(s)

2018-12-14 10:05:03 - [TEST_STEP][PASSED] - click: Object: 'Object Repository/Final Object Repo/Page_MyASSIST - ASSIST - Search Pending Case For Add Supporting Document/Continue' is clicked on

2018-12-14 10:05:06 - [MESSAGE][PASSED] - Object: 'Object Repository/Final Object Repo/Page_MyASSIST - ASSIST - Search Pending Case For Add Supporting Document/Continue' is clicked on

2018-12-14 10:05:06 - [TEST_STEP][PASSED] - delay: Delayed 20 second(s)

2018-12-14 10:05:26 - [MESSAGE][PASSED] - Delayed 20 second(s)

2018-12-14 10:05:26 - [MESSAGE][PASSED] - Call Test Case 'Test Cases/Final Aug 2018 - PKS Automation/Registration Module/Workflow/Login and Search Case For Workflow' successfully

2018-12-14 10:05:26 - [TEST_STEP][PASSED] - click: Object: 'Object Repository/Final Object Repo/Page_Form 1A - Cessation As Employer/Page_Form 1A - Cessation As Employer (Approve)/Save  Continue in Form 1A Page' is clicked on

2018-12-14 10:05:26 - [MESSAGE][PASSED] - Object: 'Object Repository/Final Object Repo/Page_Form 1A - Cessation As Employer/Page_Form 1A - Cessation As Employer (Approve)/Save  Continue in Form 1A Page' is clicked on

2018-12-14 10:05:26 - [TEST_STEP][PASSED] - delay: Delayed 2 second(s)

2018-12-14 10:05:28 - [MESSAGE][PASSED] - Delayed 2 second(s)

2018-12-14 10:05:28 - [TEST_STEP][PASSED] - click: Object: 'Object Repository/Final Object Repo/Page_Form 1A - Cessation As Employer/Employment Resign Date' is clicked on

2018-12-14 10:05:28 - [MESSAGE][PASSED] - Object: 'Object Repository/Final Object Repo/Page_Form 1A - Cessation As Employer/Employment Resign Date' is clicked on

2018-12-14 10:05:28 - [TEST_STEP][PASSED] - delay: Delayed 1 second(s)

2018-12-14 10:05:29 - [MESSAGE][PASSED] - Delayed 1 second(s)

2018-12-14 10:05:29 - [TEST_STEP][PASSED] - selectOptionByValue: All options with value '2030' are selected in object 'Object Repository/Final Object Repo/Page_Form 1A - Cessation As Employer/Employment Resign Date - Year' 

2018-12-14 10:05:30 - [MESSAGE][PASSED] - All options with value '2030' are selected in object 'Object Repository/Final Object Repo/Page_Form 1A - Cessation As Employer/Employment Resign Date - Year' 

2018-12-14 10:05:30 - [TEST_STEP][PASSED] - delay: Delayed 1 second(s)

2018-12-14 10:05:31 - [MESSAGE][PASSED] - Delayed 1 second(s)

2018-12-14 10:05:31 - [TEST_STEP][PASSED] - click: Object: 'Object Repository/Final Object Repo/Page_Form 1A - Cessation As Employer/Employment Resign Date - Year - Date' is clicked on

2018-12-14 10:05:31 - [MESSAGE][PASSED] - Object: 'Object Repository/Final Object Repo/Page_Form 1A - Cessation As Employer/Employment Resign Date - Year - Date' is clicked on

2018-12-14 10:05:31 - [TEST_STEP][PASSED] - delay: Delayed 2 second(s)

2018-12-14 10:05:33 - [MESSAGE][PASSED] - Delayed 2 second(s)

2018-12-14 10:05:33 - [TEST_STEP][PASSED] - click: Object: 'Object Repository/Final Object Repo/Page_Form 1A - Cessation As Employer/Page_Form 1A - Cessation As Employer (Approve)/Save  Continue in Update Add Employee Resigned Date Page' is clicked on

2018-12-14 10:05:33 - [MESSAGE][PASSED] - Object: 'Object Repository/Final Object Repo/Page_Form 1A - Cessation As Employer/Page_Form 1A - Cessation As Employer (Approve)/Save  Continue in Update Add Employee Resigned Date Page' is clicked on

2018-12-14 10:05:33 - [TEST_STEP][PASSED] - delay: Delayed 2 second(s)

2018-12-14 10:05:35 - [MESSAGE][PASSED] - Delayed 2 second(s)

2018-12-14 10:05:35 - [TEST_STEP][PASSED] - click: Object: 'Object Repository/Final Object Repo/Page_Form 1A - Cessation As Employer/Set Latest - Yes' is clicked on

2018-12-14 10:05:35 - [MESSAGE][PASSED] - Object: 'Object Repository/Final Object Repo/Page_Form 1A - Cessation As Employer/Set Latest - Yes' is clicked on

2018-12-14 10:05:35 - [TEST_STEP][PASSED] - delay: Delayed 2 second(s)

2018-12-14 10:05:37 - [MESSAGE][PASSED] - Delayed 2 second(s)

2018-12-14 10:05:37 - [TEST_STEP][PASSED] - setText: Text 'remark' is set on object 'Object Repository/Final Object Repo/Page_Form 1A - Cessation As Employer/Page_Form 1A - Cessation As Employer (Query)/Query - remark'

2018-12-14 10:05:38 - [MESSAGE][PASSED] - Text 'remark' is set on object 'Object Repository/Final Object Repo/Page_Form 1A - Cessation As Employer/Page_Form 1A - Cessation As Employer (Query)/Query - remark'

2018-12-14 10:05:38 - [TEST_STEP][PASSED] - delay: Delayed 2 second(s)

2018-12-14 10:05:40 - [MESSAGE][PASSED] - Delayed 2 second(s)

2018-12-14 10:05:40 - [TEST_STEP][PASSED] - click: Object: 'Object Repository/Final Object Repo/Page_Form 1A - Cessation As Employer/Page_Form 1A - Cessation As Employer (Approve)/Save  Contine in Uploading Document Page' is clicked on

2018-12-14 10:05:41 - [MESSAGE][PASSED] - Object: 'Object Repository/Final Object Repo/Page_Form 1A - Cessation As Employer/Page_Form 1A - Cessation As Employer (Approve)/Save  Contine in Uploading Document Page' is clicked on

2018-12-14 10:05:41 - [TEST_STEP][PASSED] - delay: Delayed 2 second(s)

2018-12-14 10:05:43 - [MESSAGE][PASSED] - Delayed 2 second(s)

2018-12-14 10:05:43 - [TEST_STEP][PASSED] - click: Object: 'Object Repository/Final Object Repo/Page_Form 1A - Cessation As Employer/Page_Form 1A - Cessation As Employer (Query)/Query' is clicked on

2018-12-14 10:05:45 - [MESSAGE][PASSED] - Object: 'Object Repository/Final Object Repo/Page_Form 1A - Cessation As Employer/Page_Form 1A - Cessation As Employer (Query)/Query' is clicked on

2018-12-14 10:05:45 - [TEST_STEP][PASSED] - delay: Delayed 2 second(s)

2018-12-14 10:05:47 - [MESSAGE][PASSED] - Delayed 2 second(s)

2018-12-14 10:05:47 - [TEST_STEP][PASSED] - click: Object: 'Object Repository/Final Object Repo/Page_Form 1A - Cessation As Employer/Page_Form 1A - Cessation As Employer (Query)/Confirm' is clicked on

2018-12-14 10:05:55 - [MESSAGE][PASSED] - Object: 'Object Repository/Final Object Repo/Page_Form 1A - Cessation As Employer/Page_Form 1A - Cessation As Employer (Query)/Confirm' is clicked on

2018-12-14 10:05:55 - [TEST_STEP][PASSED] - delay: Delayed 2 second(s)

2018-12-14 10:05:57 - [MESSAGE][PASSED] - Delayed 2 second(s)

2018-12-14 10:05:57 - [TEST_STEP][PASSED] - verifyElementVisible: Object 'Object Repository/Final Object Repo/Page_Form 1A - Cessation As Employer/Page_Form 1A - Cessation As Employer (Query)/MessageThe Case Is Under Query' is visible

2018-12-14 10:05:57 - [MESSAGE][PASSED] - Object 'Object Repository/Final Object Repo/Page_Form 1A - Cessation As Employer/Page_Form 1A - Cessation As Employer (Query)/MessageThe Case Is Under Query' is visible

2018-12-14 10:05:57 - [TEST_STEP][PASSED] - delay: Delayed 1 second(s)

2018-12-14 10:05:58 - [MESSAGE][PASSED] - Delayed 1 second(s)

2018-12-14 10:05:58 - [TEST_STEP][PASSED] - verifyElementVisible: Object 'Object Repository/Final Object Repo/Page_Form 1A - Cessation As Employer/Page_Form 1A - Cessation As Employer (Query)/Letter of inquiry' is visible

2018-12-14 10:05:59 - [MESSAGE][PASSED] - Object 'Object Repository/Final Object Repo/Page_Form 1A - Cessation As Employer/Page_Form 1A - Cessation As Employer (Query)/Letter of inquiry' is visible

2018-12-14 10:05:59 - [TEST_STEP][PASSED] - delay: Delayed 1 second(s)

2018-12-14 10:06:00 - [MESSAGE][PASSED] - Delayed 1 second(s)

2018-12-14 10:06:00 - [TEST_STEP][PASSED] - navigateToUrl: Navigate to 'https://assist2-uat.perkeso.gov.my/c/portal/logout' successfully

2018-12-14 10:06:00 - [MESSAGE][PASSED] - Navigate to 'https://assist2-uat.perkeso.gov.my/c/portal/logout' successfully

2018-12-14 10:06:00 - [TEST_STEP][PASSED] - delay: Delayed 1 second(s)

2018-12-14 10:06:01 - [MESSAGE][PASSED] - Delayed 1 second(s)

2018-12-14 10:06:01 - [TEST_STEP][PASSED] - callTestCase: Call Test Case 'Test Cases/Final Aug 2018 - PKS Automation/Registration Module/Workflow/Search Pending Case For Add Supporting Document (OTC)' successfully

2018-12-14 10:06:01 - [TEST_CASE][PASSED] - Test Cases/Final Aug 2018 - PKS Automation/Registration Module/Workflow/Search Pending Case For Add Supporting Document (OTC): Test Cases/Final Aug 2018 - PKS Automation/Registration Module/Workflow/Search Pending Case For Add Supporting Document (OTC)

2018-12-14 10:06:02 - [TEST_STEP][PASSED] - openBrowser: Browser is opened with url: ''

2018-12-14 10:06:02 - [MESSAGE][WARNING] - A browser is already opened. Closing browser and opening a new one

2018-12-14 10:06:05 - [MESSAGE][PASSED] - Browser is opened with url: ''

2018-12-14 10:06:05 - [TEST_STEP][PASSED] - navigateToUrl: Navigate to 'https://assist2-uat.perkeso.gov.my/login' successfully

2018-12-14 10:06:06 - [MESSAGE][PASSED] - Navigate to 'https://assist2-uat.perkeso.gov.my/login' successfully

2018-12-14 10:06:06 - [TEST_STEP][PASSED] - setText: Text 'johorotc1@gmail.com' is set on object 'Object Repository/Final Object Repo/Login Page/Internal User/Email Address'

2018-12-14 10:06:06 - [MESSAGE][PASSED] - Text 'johorotc1@gmail.com' is set on object 'Object Repository/Final Object Repo/Login Page/Internal User/Email Address'

2018-12-14 10:06:06 - [TEST_STEP][PASSED] - click: Object: 'Object Repository/Final Object Repo/Login Page/Internal User/Next Button' is clicked on

2018-12-14 10:06:06 - [MESSAGE][PASSED] - Object: 'Object Repository/Final Object Repo/Login Page/Internal User/Next Button' is clicked on

2018-12-14 10:06:06 - [TEST_STEP][PASSED] - delay: Delayed 1 second(s)

2018-12-14 10:06:07 - [MESSAGE][PASSED] - Delayed 1 second(s)

2018-12-14 10:06:07 - [TEST_STEP][PASSED] - setEncryptedText: Text ****** has been set on object 'Object Repository/Final Object Repo/Login Page/Internal User/Password'

2018-12-14 10:06:08 - [MESSAGE][PASSED] - Text ****** has been set on object 'Object Repository/Final Object Repo/Login Page/Internal User/Password'

2018-12-14 10:06:08 - [TEST_STEP][PASSED] - click: Object: 'Object Repository/Final Object Repo/Login Page/Internal User/Login Button' is clicked on

2018-12-14 10:06:08 - [MESSAGE][PASSED] - Object: 'Object Repository/Final Object Repo/Login Page/Internal User/Login Button' is clicked on

2018-12-14 10:06:08 - [TEST_STEP][PASSED] - delay: Delayed 1 second(s)

2018-12-14 10:06:09 - [MESSAGE][PASSED] - Delayed 1 second(s)

2018-12-14 10:06:09 - [TEST_STEP][PASSED] - Statement - Try: Delayed 2 second(s)

2018-12-14 10:06:09 - [TEST_STEP][PASSED] - Statement - Checker = false: null

2018-12-14 10:06:09 - [TEST_STEP][PASSED] - Statement - Checker = com.kms.katalon.core.webui.keyword.WebUiBuiltInKeywords.verifyElementHasAttribute(com.kms.katalon.core.testobject.ObjectRepository.findTestObject(Final Object Repo/Landing Page/BM Detecting), "href", 20, OPTIONAL): Object 'Object Repository/Final Object Repo/Landing Page/BM Detecting' has attribute 'href'

2018-12-14 10:06:10 - [MESSAGE][PASSED] - Object 'Object Repository/Final Object Repo/Landing Page/BM Detecting' has attribute 'href'

2018-12-14 10:06:10 - [TEST_STEP][PASSED] - Statement - out.println(Checker): null

2018-12-14 10:06:10 - [TEST_STEP][PASSED] - Statement - If (Checker == false): null

2018-12-14 10:06:10 - [TEST_STEP][PASSED] - Statement - Else: null

2018-12-14 10:06:10 - [TEST_STEP][PASSED] - delay: Delayed 2 second(s)

2018-12-14 10:06:12 - [MESSAGE][PASSED] - Delayed 2 second(s)

2018-12-14 10:06:12 - [TEST_STEP][PASSED] - navigateToUrl: Navigate to 'https://assist2-uat.perkeso.gov.my/web/registration/search/search-pending-case-for-add-supporting-document' successfully

2018-12-14 10:06:13 - [MESSAGE][PASSED] - Navigate to 'https://assist2-uat.perkeso.gov.my/web/registration/search/search-pending-case-for-add-supporting-document' successfully

2018-12-14 10:06:13 - [TEST_STEP][PASSED] - click: Object: 'Object Repository/Final Object Repo/Page_Search Pending Case For Add Suporting Document/Search By' is clicked on

2018-12-14 10:06:13 - [MESSAGE][PASSED] - Object: 'Object Repository/Final Object Repo/Page_Search Pending Case For Add Suporting Document/Search By' is clicked on

2018-12-14 10:06:13 - [TEST_STEP][PASSED] - click: Object: 'Object Repository/Final Object Repo/Page_Search Pending Case For Add Suporting Document/Search By - Reference ID' is clicked on

2018-12-14 10:06:13 - [MESSAGE][PASSED] - Object: 'Object Repository/Final Object Repo/Page_Search Pending Case For Add Suporting Document/Search By - Reference ID' is clicked on

2018-12-14 10:06:13 - [TEST_STEP][PASSED] - delay: Delayed 2 second(s)

2018-12-14 10:06:15 - [MESSAGE][PASSED] - Delayed 2 second(s)

2018-12-14 10:06:15 - [TEST_STEP][PASSED] - setText: Text 'CUN122018C200001751' is set on object 'Object Repository/Final Object Repo/Page_Search Pending Case For Add Suporting Document/Reference ID'

2018-12-14 10:06:15 - [MESSAGE][PASSED] - Text 'CUN122018C200001751' is set on object 'Object Repository/Final Object Repo/Page_Search Pending Case For Add Suporting Document/Reference ID'

2018-12-14 10:06:15 - [TEST_STEP][PASSED] - click: Object: 'Object Repository/Final Object Repo/Page_Search Pending Case For Add Suporting Document/Search' is clicked on

2018-12-14 10:06:16 - [MESSAGE][PASSED] - Object: 'Object Repository/Final Object Repo/Page_Search Pending Case For Add Suporting Document/Search' is clicked on

2018-12-14 10:06:16 - [TEST_STEP][PASSED] - delay: Delayed 2 second(s)

2018-12-14 10:06:18 - [MESSAGE][PASSED] - Delayed 2 second(s)

2018-12-14 10:06:18 - [TEST_STEP][PASSED] - click: Object: 'Object Repository/Final Object Repo/Page_Search Pending Case For Add Suporting Document/Edit' is clicked on

2018-12-14 10:06:20 - [MESSAGE][PASSED] - Object: 'Object Repository/Final Object Repo/Page_Search Pending Case For Add Suporting Document/Edit' is clicked on

2018-12-14 10:06:20 - [MESSAGE][PASSED] - Call Test Case 'Test Cases/Final Aug 2018 - PKS Automation/Registration Module/Workflow/Search Pending Case For Add Supporting Document (OTC)' successfully

2018-12-14 10:06:20 - [TEST_STEP][PASSED] - click: Object: 'Object Repository/Final Object Repo/Page_Form 1A - Cessation As Employer/Page_Form 1A - Cessation As Employer (Query -OTC -UO)/Next in Form 1A Page' is clicked on

2018-12-14 10:06:22 - [MESSAGE][PASSED] - Object: 'Object Repository/Final Object Repo/Page_Form 1A - Cessation As Employer/Page_Form 1A - Cessation As Employer (Query -OTC -UO)/Next in Form 1A Page' is clicked on

2018-12-14 10:06:22 - [TEST_STEP][PASSED] - delay: Delayed 2 second(s)

2018-12-14 10:06:24 - [MESSAGE][PASSED] - Delayed 2 second(s)

2018-12-14 10:06:24 - [TEST_STEP][PASSED] - click: Object: 'Object Repository/Final Object Repo/Page_Form 1A - Cessation As Employer/Page_Form 1A - Cessation As Employer (Query -OTC -UO)/Next in Resigned Date Page' is clicked on

2018-12-14 10:06:27 - [MESSAGE][PASSED] - Object: 'Object Repository/Final Object Repo/Page_Form 1A - Cessation As Employer/Page_Form 1A - Cessation As Employer (Query -OTC -UO)/Next in Resigned Date Page' is clicked on

2018-12-14 10:06:27 - [TEST_STEP][PASSED] - delay: Delayed 2 second(s)

2018-12-14 10:06:29 - [MESSAGE][PASSED] - Delayed 2 second(s)

2018-12-14 10:06:29 - [TEST_STEP][PASSED] - click: Object: 'Object Repository/Final Object Repo/Page_Form 1A - Cessation As Employer/Page_Form 1A - Cessation As Employer (Query -OTC -UO)/Add Document' is clicked on

2018-12-14 10:06:29 - [MESSAGE][PASSED] - Object: 'Object Repository/Final Object Repo/Page_Form 1A - Cessation As Employer/Page_Form 1A - Cessation As Employer (Query -OTC -UO)/Add Document' is clicked on

2018-12-14 10:06:29 - [TEST_STEP][PASSED] - delay: Delayed 2 second(s)

2018-12-14 10:06:31 - [MESSAGE][PASSED] - Delayed 2 second(s)

2018-12-14 10:06:31 - [TEST_STEP][PASSED] - click: Object: 'Object Repository/Final Object Repo/Page_Form 1A - Cessation As Employer/Page_Form 1A - Cessation As Employer (Query -OTC -UO)/Document Type' is clicked on

2018-12-14 10:06:32 - [MESSAGE][PASSED] - Object: 'Object Repository/Final Object Repo/Page_Form 1A - Cessation As Employer/Page_Form 1A - Cessation As Employer (Query -OTC -UO)/Document Type' is clicked on

2018-12-14 10:06:32 - [TEST_STEP][PASSED] - click: Object: 'Object Repository/Final Object Repo/Page_Form 1A - Cessation As Employer/Page_Form 1A - Cessation As Employer (Query -OTC -UO)/Document Type - Others' is clicked on

2018-12-14 10:06:33 - [MESSAGE][PASSED] - Object: 'Object Repository/Final Object Repo/Page_Form 1A - Cessation As Employer/Page_Form 1A - Cessation As Employer (Query -OTC -UO)/Document Type - Others' is clicked on

2018-12-14 10:06:33 - [TEST_STEP][PASSED] - delay: Delayed 2 second(s)

2018-12-14 10:06:35 - [MESSAGE][PASSED] - Delayed 2 second(s)

2018-12-14 10:06:35 - [TEST_STEP][PASSED] - sendKeys: Keys 'C:\Users\Public\Pictures\Sample Pictures\Koala.jpg' sent to object: 'Object Repository/Final Object Repo/Page_Form 1A - Cessation As Employer/Uploading File'

2018-12-14 10:06:35 - [MESSAGE][PASSED] - Keys 'C:\Users\Public\Pictures\Sample Pictures\Koala.jpg' sent to object: 'Object Repository/Final Object Repo/Page_Form 1A - Cessation As Employer/Uploading File'

2018-12-14 10:06:35 - [TEST_STEP][PASSED] - delay: Delayed 2 second(s)

2018-12-14 10:06:37 - [MESSAGE][PASSED] - Delayed 2 second(s)

2018-12-14 10:06:37 - [TEST_STEP][PASSED] - click: Object: 'Object Repository/Final Object Repo/Page_Form 1A - Cessation As Employer/Page_Form 1A - Cessation As Employer (Query -OTC -UO)/Add Document in Uploading Page' is clicked on

2018-12-14 10:06:37 - [MESSAGE][PASSED] - Object: 'Object Repository/Final Object Repo/Page_Form 1A - Cessation As Employer/Page_Form 1A - Cessation As Employer (Query -OTC -UO)/Add Document in Uploading Page' is clicked on

2018-12-14 10:06:37 - [TEST_STEP][PASSED] - delay: Delayed 4 second(s)

2018-12-14 10:06:41 - [MESSAGE][PASSED] - Delayed 4 second(s)

2018-12-14 10:06:41 - [TEST_STEP][PASSED] - click: Object: 'Object Repository/Final Object Repo/Page_Form 1A - Cessation As Employer/Page_Form 1A - Cessation As Employer (Query -OTC -UO)/Exit' is clicked on

2018-12-14 10:06:42 - [MESSAGE][PASSED] - Object: 'Object Repository/Final Object Repo/Page_Form 1A - Cessation As Employer/Page_Form 1A - Cessation As Employer (Query -OTC -UO)/Exit' is clicked on

2018-12-14 10:06:42 - [TEST_STEP][PASSED] - delay: Delayed 1 second(s)

2018-12-14 10:06:43 - [MESSAGE][PASSED] - Delayed 1 second(s)

2018-12-14 10:06:43 - [TEST_STEP][PASSED] - navigateToUrl: Navigate to 'https://assist2-uat.perkeso.gov.my/c/portal/logout' successfully

2018-12-14 10:06:44 - [MESSAGE][PASSED] - Navigate to 'https://assist2-uat.perkeso.gov.my/c/portal/logout' successfully

2018-12-14 10:06:44 - [TEST_STEP][PASSED] - delay: Delayed 1 second(s)

2018-12-14 10:06:45 - [MESSAGE][PASSED] - Delayed 1 second(s)

2018-12-14 10:06:45 - [TEST_STEP][PASSED] - callTestCase: Call Test Case 'Test Cases/Final Aug 2018 - PKS Automation/Registration Module/Workflow/Login and Search Case For Workflow' successfully

2018-12-14 10:06:45 - [TEST_CASE][PASSED] - Test Cases/Final Aug 2018 - PKS Automation/Registration Module/Workflow/Login and Search Case For Workflow: Test Cases/Final Aug 2018 - PKS Automation/Registration Module/Workflow/Login and Search Case For Workflow

2018-12-14 10:06:45 - [TEST_STEP][PASSED] - navigateToUrl: Navigate to 'https://assist2-uat.perkeso.gov.my/login' successfully

2018-12-14 10:06:45 - [MESSAGE][PASSED] - Navigate to 'https://assist2-uat.perkeso.gov.my/login' successfully

2018-12-14 10:06:45 - [TEST_STEP][PASSED] - setText: Text 'johoruo1@gmail.com' is set on object 'Object Repository/Final Object Repo/Login Page/Internal User/Email Address'

2018-12-14 10:06:45 - [MESSAGE][PASSED] - Text 'johoruo1@gmail.com' is set on object 'Object Repository/Final Object Repo/Login Page/Internal User/Email Address'

2018-12-14 10:06:45 - [TEST_STEP][PASSED] - click: Object: 'Object Repository/Final Object Repo/Login Page/Internal User/Next Button' is clicked on

2018-12-14 10:06:46 - [MESSAGE][PASSED] - Object: 'Object Repository/Final Object Repo/Login Page/Internal User/Next Button' is clicked on

2018-12-14 10:06:46 - [TEST_STEP][PASSED] - delay: Delayed 1 second(s)

2018-12-14 10:06:47 - [MESSAGE][PASSED] - Delayed 1 second(s)

2018-12-14 10:06:47 - [TEST_STEP][PASSED] - setEncryptedText: Text ****** has been set on object 'Object Repository/Final Object Repo/Login Page/Internal User/Password'

2018-12-14 10:06:47 - [MESSAGE][PASSED] - Text ****** has been set on object 'Object Repository/Final Object Repo/Login Page/Internal User/Password'

2018-12-14 10:06:47 - [TEST_STEP][PASSED] - click: Object: 'Object Repository/Final Object Repo/Login Page/Internal User/Login Button' is clicked on

2018-12-14 10:06:47 - [MESSAGE][PASSED] - Object: 'Object Repository/Final Object Repo/Login Page/Internal User/Login Button' is clicked on

2018-12-14 10:06:47 - [TEST_STEP][PASSED] - delay: Delayed 2 second(s)

2018-12-14 10:06:49 - [MESSAGE][PASSED] - Delayed 2 second(s)

2018-12-14 10:06:49 - [TEST_STEP][PASSED] - Statement - Try: Delayed 2 second(s)

2018-12-14 10:06:49 - [TEST_STEP][PASSED] - Statement - Checker = false: null

2018-12-14 10:06:49 - [TEST_STEP][PASSED] - Statement - Checker = com.kms.katalon.core.webui.keyword.WebUiBuiltInKeywords.verifyElementHasAttribute(com.kms.katalon.core.testobject.ObjectRepository.findTestObject(Final Object Repo/Landing Page/BM Detecting), "href", 20, OPTIONAL): Object 'Object Repository/Final Object Repo/Landing Page/BM Detecting' has attribute 'href'

2018-12-14 10:06:49 - [MESSAGE][PASSED] - Object 'Object Repository/Final Object Repo/Landing Page/BM Detecting' has attribute 'href'

2018-12-14 10:06:49 - [TEST_STEP][PASSED] - Statement - out.println(Checker): null

2018-12-14 10:06:49 - [TEST_STEP][PASSED] - Statement - If (Checker == false): null

2018-12-14 10:06:49 - [TEST_STEP][PASSED] - Statement - Else: null

2018-12-14 10:06:49 - [TEST_STEP][PASSED] - delay: Delayed 2 second(s)

2018-12-14 10:06:51 - [MESSAGE][PASSED] - Delayed 2 second(s)

2018-12-14 10:06:51 - [TEST_STEP][PASSED] - click: Object: 'Object Repository/Final Object Repo/Page_MyASSIST - ASSIST - Search Pending Case For Add Supporting Document/Search Information' is clicked on

2018-12-14 10:06:51 - [MESSAGE][PASSED] - Object: 'Object Repository/Final Object Repo/Page_MyASSIST - ASSIST - Search Pending Case For Add Supporting Document/Search Information' is clicked on

2018-12-14 10:06:51 - [TEST_STEP][PASSED] - delay: Delayed 3 second(s)

2018-12-14 10:06:54 - [MESSAGE][PASSED] - Delayed 3 second(s)

2018-12-14 10:06:54 - [TEST_STEP][PASSED] - sendKeys: Keys 'CUN122018C200001751' sent to object: 'Object Repository/Final Object Repo/Page_MyASSIST - ASSIST - Search Pending Case For Add Supporting Document/Reference No'

2018-12-14 10:06:55 - [MESSAGE][PASSED] - Keys 'CUN122018C200001751' sent to object: 'Object Repository/Final Object Repo/Page_MyASSIST - ASSIST - Search Pending Case For Add Supporting Document/Reference No'

2018-12-14 10:06:55 - [TEST_STEP][PASSED] - click: Object: 'Object Repository/Final Object Repo/Page_MyASSIST - ASSIST - Search Pending Case For Add Supporting Document/Search Reference No' is clicked on

2018-12-14 10:06:55 - [MESSAGE][PASSED] - Object: 'Object Repository/Final Object Repo/Page_MyASSIST - ASSIST - Search Pending Case For Add Supporting Document/Search Reference No' is clicked on

2018-12-14 10:06:55 - [TEST_STEP][PASSED] - delay: Delayed 2 second(s)

2018-12-14 10:06:57 - [MESSAGE][PASSED] - Delayed 2 second(s)

2018-12-14 10:06:57 - [TEST_STEP][PASSED] - click: Object: 'Object Repository/Final Object Repo/Page_MyASSIST - ASSIST - Search Pending Case For Add Supporting Document/Continue' is clicked on

2018-12-14 10:07:00 - [MESSAGE][PASSED] - Object: 'Object Repository/Final Object Repo/Page_MyASSIST - ASSIST - Search Pending Case For Add Supporting Document/Continue' is clicked on

2018-12-14 10:07:00 - [TEST_STEP][PASSED] - delay: Delayed 20 second(s)

2018-12-14 10:07:20 - [MESSAGE][PASSED] - Delayed 20 second(s)

2018-12-14 10:07:20 - [MESSAGE][PASSED] - Call Test Case 'Test Cases/Final Aug 2018 - PKS Automation/Registration Module/Workflow/Login and Search Case For Workflow' successfully

2018-12-14 10:07:20 - [TEST_STEP][PASSED] - click: Object: 'Object Repository/Final Object Repo/Page_Form 1A - Cessation As Employer/Page_Form 1A - Cessation As Employer (Approve)/Save  Continue in Form 1A Page' is clicked on

2018-12-14 10:07:20 - [MESSAGE][PASSED] - Object: 'Object Repository/Final Object Repo/Page_Form 1A - Cessation As Employer/Page_Form 1A - Cessation As Employer (Approve)/Save  Continue in Form 1A Page' is clicked on

2018-12-14 10:07:20 - [TEST_STEP][PASSED] - delay: Delayed 3 second(s)

2018-12-14 10:07:23 - [MESSAGE][PASSED] - Delayed 3 second(s)

2018-12-14 10:07:23 - [TEST_STEP][PASSED] - click: Object: 'Object Repository/Final Object Repo/Page_Form 1A - Cessation As Employer/Page_Form 1A - Cessation As Employer (Approve)/Save  Continue in Update Add Employee Resigned Date Page' is clicked on

2018-12-14 10:07:24 - [MESSAGE][PASSED] - Object: 'Object Repository/Final Object Repo/Page_Form 1A - Cessation As Employer/Page_Form 1A - Cessation As Employer (Approve)/Save  Continue in Update Add Employee Resigned Date Page' is clicked on

2018-12-14 10:07:24 - [TEST_STEP][PASSED] - delay: Delayed 3 second(s)

2018-12-14 10:07:27 - [MESSAGE][PASSED] - Delayed 3 second(s)

2018-12-14 10:07:27 - [TEST_STEP][PASSED] - click: Object: 'Object Repository/Final Object Repo/Page_Form 1A - Cessation As Employer/Page_Form 1A - Cessation As Employer (Approve)/Save  Contine in Uploading Document Page' is clicked on

2018-12-14 10:07:27 - [MESSAGE][PASSED] - Object: 'Object Repository/Final Object Repo/Page_Form 1A - Cessation As Employer/Page_Form 1A - Cessation As Employer (Approve)/Save  Contine in Uploading Document Page' is clicked on

2018-12-14 10:07:27 - [TEST_STEP][PASSED] - delay: Delayed 3 second(s)

2018-12-14 10:07:30 - [MESSAGE][PASSED] - Delayed 3 second(s)

2018-12-14 10:07:30 - [TEST_STEP][PASSED] - click: Object: 'Object Repository/Final Object Repo/Page_Form 1A - Cessation As Employer/Page_Form 1A - Cessation As Employer (Approve)/Approve' is clicked on

2018-12-14 10:07:32 - [MESSAGE][PASSED] - Object: 'Object Repository/Final Object Repo/Page_Form 1A - Cessation As Employer/Page_Form 1A - Cessation As Employer (Approve)/Approve' is clicked on

2018-12-14 10:07:32 - [TEST_STEP][PASSED] - delay: Delayed 2 second(s)

2018-12-14 10:07:34 - [MESSAGE][PASSED] - Delayed 2 second(s)

2018-12-14 10:07:34 - [TEST_STEP][PASSED] - click: Object: 'Object Repository/Final Object Repo/Page_Form 1A - Cessation As Employer/Confirm' is clicked on

2018-12-14 10:07:34 - [MESSAGE][PASSED] - Object: 'Object Repository/Final Object Repo/Page_Form 1A - Cessation As Employer/Confirm' is clicked on

2018-12-14 10:07:34 - [TEST_STEP][PASSED] - delay: Delayed 2 second(s)

2018-12-14 10:07:36 - [MESSAGE][PASSED] - Delayed 2 second(s)

2018-12-14 10:07:36 - [TEST_STEP][PASSED] - click: Object: 'Object Repository/Final Object Repo/Page_Form 1A - Cessation As Employer/Page_Form 1A - Cessation As Employer (Approve)/Message Your Request    Form 1A ' is clicked on

2018-12-14 10:07:45 - [MESSAGE][PASSED] - Object: 'Object Repository/Final Object Repo/Page_Form 1A - Cessation As Employer/Page_Form 1A - Cessation As Employer (Approve)/Message Your Request    Form 1A ' is clicked on

2018-12-14 10:07:45 - [TEST_STEP][PASSED] - delay: Delayed 2 second(s)

2018-12-14 10:07:47 - [MESSAGE][PASSED] - Delayed 2 second(s)

2018-12-14 10:07:47 - [TEST_STEP][PASSED] - click: Object: 'Object Repository/Final Object Repo/Page_Form 1A - Cessation As Employer/Page_Form 1A - Cessation As Employer (Approve)/Letter of successful update' is clicked on

2018-12-14 10:07:48 - [MESSAGE][PASSED] - Object: 'Object Repository/Final Object Repo/Page_Form 1A - Cessation As Employer/Page_Form 1A - Cessation As Employer (Approve)/Letter of successful update' is clicked on

2018-12-14 10:07:48 - [MESSAGE][PASSED] - Call Test Case 'Test Cases/Final Aug 2018 - PKS Automation/Registration Module/Workflow/Form 1A - Cessation As Employer/Template/Form 1 A - Cessation As Employer (Query)' successfully]]></system-out>
         <system-err><![CDATA[]]></system-err>
      </testcase>
      <testcase name="Test Cases/Final Aug 2018 - PKS Automation/Registration Module/Workflow/Form 1A - Cessation As Employer/Employer to UO (Reject)" classname="Test Cases/Final Aug 2018 - PKS Automation/Registration Module/Workflow/Form 1A - Cessation As Employer/Employer to UO (Reject)" status="PASSED">
         <system-out><![CDATA[2018-12-14 10:07:48 - [TEST_CASE][PASSED] - Test Cases/Final Aug 2018 - PKS Automation/Registration Module/Workflow/Form 1A - Cessation As Employer/Employer to UO (Reject): Test Cases/Final Aug 2018 - PKS Automation/Registration Module/Workflow/Form 1A - Cessation As Employer/Employer to UO (Reject)

2018-12-14 10:07:48 - [TEST_STEP][PASSED] - callTestCase: Call Test Case 'Test Cases/Final Aug 2018 - PKS Automation/Registration Module/Workflow/Form 1A - Cessation As Employer/Template/Form 1 A - Cessation As Employer (Employer)' successfully

2018-12-14 10:07:48 - [TEST_CASE][PASSED] - Test Cases/Final Aug 2018 - PKS Automation/Registration Module/Workflow/Form 1A - Cessation As Employer/Template/Form 1 A - Cessation As Employer (Employer): Test Cases/Final Aug 2018 - PKS Automation/Registration Module/Workflow/Form 1A - Cessation As Employer/Template/Form 1 A - Cessation As Employer (Employer)

2018-12-14 10:07:48 - [TEST_STEP][PASSED] - callTestCase: Call Test Case 'Test Cases/Final Aug 2018 - PKS Automation/Registration Module/Workflow/Update Add New Employee/Template/New Company for Update Add New - Employer' successfully

2018-12-14 10:07:48 - [TEST_CASE][PASSED] - Test Cases/Final Aug 2018 - PKS Automation/Registration Module/Workflow/Update Add New Employee/Template/New Company for Update Add New - Employer: Test Cases/Final Aug 2018 - PKS Automation/Registration Module/Workflow/Update Add New Employee/Template/New Company for Update Add New - Employer

2018-12-14 10:07:48 - [TEST_STEP][PASSED] - callTestCase: Call Test Case 'Test Cases/Final Aug 2018 - PKS Automation/Create Employer Acc/Create Employer Account' successfully

2018-12-14 10:07:48 - [TEST_CASE][PASSED] - Test Cases/Final Aug 2018 - PKS Automation/Create Employer Acc/Create Employer Account: Test Cases/Final Aug 2018 - PKS Automation/Create Employer Acc/Create Employer Account

2018-12-14 10:07:48 - [TEST_STEP][PASSED] - callTestCase: Call Test Case 'Test Cases/Final Aug 2018 - PKS Automation/Create Employer Acc/Template/Register Employer' successfully

2018-12-14 10:07:48 - [TEST_CASE][PASSED] - Test Cases/Final Aug 2018 - PKS Automation/Create Employer Acc/Template/Register Employer: Test Cases/Final Aug 2018 - PKS Automation/Create Employer Acc/Template/Register Employer

2018-12-14 10:07:48 - [TEST_STEP][PASSED] - openBrowser: Browser is opened with url: ''

2018-12-14 10:07:48 - [MESSAGE][WARNING] - A browser is already opened. Closing browser and opening a new one

2018-12-14 10:07:52 - [MESSAGE][PASSED] - Browser is opened with url: ''

2018-12-14 10:07:52 - [TEST_STEP][PASSED] - navigateToUrl: Navigate to 'https://assist2-uat.perkeso.gov.my/login' successfully

2018-12-14 10:07:53 - [MESSAGE][PASSED] - Navigate to 'https://assist2-uat.perkeso.gov.my/login' successfully

2018-12-14 10:07:53 - [TEST_STEP][PASSED] - setText: Text 'johorotc1@gmail.com' is set on object 'Object Repository/Final Object Repo/Login Page/Internal User/Email Address'

2018-12-14 10:07:53 - [MESSAGE][PASSED] - Text 'johorotc1@gmail.com' is set on object 'Object Repository/Final Object Repo/Login Page/Internal User/Email Address'

2018-12-14 10:07:53 - [TEST_STEP][PASSED] - click: Object: 'Object Repository/Final Object Repo/Login Page/Internal User/Next Button' is clicked on

2018-12-14 10:07:54 - [MESSAGE][PASSED] - Object: 'Object Repository/Final Object Repo/Login Page/Internal User/Next Button' is clicked on

2018-12-14 10:07:54 - [TEST_STEP][PASSED] - delay: Delayed 1 second(s)

2018-12-14 10:07:55 - [MESSAGE][PASSED] - Delayed 1 second(s)

2018-12-14 10:07:55 - [TEST_STEP][PASSED] - setEncryptedText: Text ****** has been set on object 'Object Repository/Final Object Repo/Login Page/Internal User/Password'

2018-12-14 10:07:55 - [MESSAGE][PASSED] - Text ****** has been set on object 'Object Repository/Final Object Repo/Login Page/Internal User/Password'

2018-12-14 10:07:55 - [TEST_STEP][PASSED] - click: Object: 'Object Repository/Final Object Repo/Login Page/Internal User/Login Button' is clicked on

2018-12-14 10:07:55 - [MESSAGE][PASSED] - Object: 'Object Repository/Final Object Repo/Login Page/Internal User/Login Button' is clicked on

2018-12-14 10:07:55 - [TEST_STEP][PASSED] - delay: Delayed 1 second(s)

2018-12-14 10:07:56 - [MESSAGE][PASSED] - Delayed 1 second(s)

2018-12-14 10:07:56 - [TEST_STEP][PASSED] - navigateToUrl: Navigate to 'https://assist2-uat.perkeso.gov.my/web/base/portal-id/registration' successfully

2018-12-14 10:07:58 - [MESSAGE][PASSED] - Navigate to 'https://assist2-uat.perkeso.gov.my/web/base/portal-id/registration' successfully

2018-12-14 10:07:58 - [TEST_STEP][PASSED] - setText: Text 'AUTOMATION EMPLOYER' is set on object 'Object Repository/Final Object Repo/Creating Employer Account/Page_Registration - ASSIST (Base)/Employer Name'

2018-12-14 10:07:59 - [MESSAGE][PASSED] - Text 'AUTOMATION EMPLOYER' is set on object 'Object Repository/Final Object Repo/Creating Employer Account/Page_Registration - ASSIST (Base)/Employer Name'

2018-12-14 10:07:59 - [TEST_STEP][PASSED] - delay: Delayed 2 second(s)

2018-12-14 10:08:01 - [MESSAGE][PASSED] - Delayed 2 second(s)

2018-12-14 10:08:01 - [TEST_STEP][PASSED] - click: Object: 'Object Repository/Final Object Repo/Creating Employer Account/Page_Registration - ASSIST (Base)/Registration Type' is clicked on

2018-12-14 10:08:01 - [MESSAGE][PASSED] - Object: 'Object Repository/Final Object Repo/Creating Employer Account/Page_Registration - ASSIST (Base)/Registration Type' is clicked on

2018-12-14 10:08:01 - [TEST_STEP][PASSED] - delay: Delayed 2 second(s)

2018-12-14 10:08:03 - [MESSAGE][PASSED] - Delayed 2 second(s)

2018-12-14 10:08:03 - [TEST_STEP][PASSED] - click: Object: 'Object Repository/Final Object Repo/Creating Employer Account/Page_Registration - ASSIST (Base)/Registration Type - Registration No' is clicked on

2018-12-14 10:08:03 - [MESSAGE][PASSED] - Object: 'Object Repository/Final Object Repo/Creating Employer Account/Page_Registration - ASSIST (Base)/Registration Type - Registration No' is clicked on

2018-12-14 10:08:03 - [TEST_STEP][PASSED] - delay: Delayed 2 second(s)

2018-12-14 10:08:05 - [MESSAGE][PASSED] - Delayed 2 second(s)

2018-12-14 10:08:05 - [TEST_STEP][PASSED] - setText: Text 'AUTOMATE001' is set on object 'Object Repository/Final Object Repo/Creating Employer Account/Page_Registration - ASSIST (Base)/Registration Number'

2018-12-14 10:08:05 - [MESSAGE][PASSED] - Text 'AUTOMATE001' is set on object 'Object Repository/Final Object Repo/Creating Employer Account/Page_Registration - ASSIST (Base)/Registration Number'

2018-12-14 10:08:05 - [TEST_STEP][PASSED] - delay: Delayed 2 second(s)

2018-12-14 10:08:07 - [MESSAGE][PASSED] - Delayed 2 second(s)

2018-12-14 10:08:07 - [TEST_STEP][PASSED] - setText: Text 'ADDRESS 1' is set on object 'Object Repository/Final Object Repo/Creating Employer Account/Page_Registration - ASSIST (Base)/Postal Address 1'

2018-12-14 10:08:08 - [MESSAGE][PASSED] - Text 'ADDRESS 1' is set on object 'Object Repository/Final Object Repo/Creating Employer Account/Page_Registration - ASSIST (Base)/Postal Address 1'

2018-12-14 10:08:08 - [TEST_STEP][PASSED] - setText: Text 'ADDRESS 2' is set on object 'Object Repository/Final Object Repo/Creating Employer Account/Page_Registration - ASSIST (Base)/Postal Address 2'

2018-12-14 10:08:08 - [MESSAGE][PASSED] - Text 'ADDRESS 2' is set on object 'Object Repository/Final Object Repo/Creating Employer Account/Page_Registration - ASSIST (Base)/Postal Address 2'

2018-12-14 10:08:08 - [TEST_STEP][PASSED] - click: Object: 'Object Repository/Final Object Repo/Creating Employer Account/Page_Registration - ASSIST (Base)/State' is clicked on

2018-12-14 10:08:08 - [MESSAGE][PASSED] - Object: 'Object Repository/Final Object Repo/Creating Employer Account/Page_Registration - ASSIST (Base)/State' is clicked on

2018-12-14 10:08:08 - [TEST_STEP][PASSED] - delay: Delayed 2 second(s)

2018-12-14 10:08:10 - [MESSAGE][PASSED] - Delayed 2 second(s)

2018-12-14 10:08:10 - [TEST_STEP][PASSED] - click: Object: 'Object Repository/Final Object Repo/Creating Employer Account/Page_Registration - ASSIST (Base)/State - Johor' is clicked on

2018-12-14 10:08:10 - [MESSAGE][PASSED] - Object: 'Object Repository/Final Object Repo/Creating Employer Account/Page_Registration - ASSIST (Base)/State - Johor' is clicked on

2018-12-14 10:08:10 - [TEST_STEP][PASSED] - delay: Delayed 2 second(s)

2018-12-14 10:08:12 - [MESSAGE][PASSED] - Delayed 2 second(s)

2018-12-14 10:08:12 - [TEST_STEP][PASSED] - click: Object: 'Object Repository/Final Object Repo/Creating Employer Account/Page_Registration - ASSIST (Base)/City' is clicked on

2018-12-14 10:08:13 - [MESSAGE][PASSED] - Object: 'Object Repository/Final Object Repo/Creating Employer Account/Page_Registration - ASSIST (Base)/City' is clicked on

2018-12-14 10:08:13 - [TEST_STEP][PASSED] - delay: Delayed 2 second(s)

2018-12-14 10:08:15 - [MESSAGE][PASSED] - Delayed 2 second(s)

2018-12-14 10:08:15 - [TEST_STEP][PASSED] - setText: Text 'joh' is set on object 'Object Repository/Final Object Repo/Creating Employer Account/Page_Registration - ASSIST (Base)/City - joh'

2018-12-14 10:08:15 - [MESSAGE][PASSED] - Text 'joh' is set on object 'Object Repository/Final Object Repo/Creating Employer Account/Page_Registration - ASSIST (Base)/City - joh'

2018-12-14 10:08:15 - [TEST_STEP][PASSED] - delay: Delayed 2 second(s)

2018-12-14 10:08:17 - [MESSAGE][PASSED] - Delayed 2 second(s)

2018-12-14 10:08:17 - [TEST_STEP][PASSED] - click: Object: 'Object Repository/Final Object Repo/Creating Employer Account/Page_Registration - ASSIST (Base)/City - Johor Bharu' is clicked on

2018-12-14 10:08:17 - [MESSAGE][PASSED] - Object: 'Object Repository/Final Object Repo/Creating Employer Account/Page_Registration - ASSIST (Base)/City - Johor Bharu' is clicked on

2018-12-14 10:08:17 - [TEST_STEP][PASSED] - delay: Delayed 2 second(s)

2018-12-14 10:08:19 - [MESSAGE][PASSED] - Delayed 2 second(s)

2018-12-14 10:08:19 - [TEST_STEP][PASSED] - click: Object: 'Object Repository/Final Object Repo/Creating Employer Account/Page_Registration - ASSIST (Base)/Post Code' is clicked on

2018-12-14 10:08:19 - [MESSAGE][PASSED] - Object: 'Object Repository/Final Object Repo/Creating Employer Account/Page_Registration - ASSIST (Base)/Post Code' is clicked on

2018-12-14 10:08:19 - [TEST_STEP][PASSED] - delay: Delayed 2 second(s)

2018-12-14 10:08:21 - [MESSAGE][PASSED] - Delayed 2 second(s)

2018-12-14 10:08:21 - [TEST_STEP][PASSED] - setText: Text '810' is set on object 'Object Repository/Final Object Repo/Creating Employer Account/Page_Registration - ASSIST (Base)/Post Code - 810'

2018-12-14 10:08:21 - [MESSAGE][PASSED] - Text '810' is set on object 'Object Repository/Final Object Repo/Creating Employer Account/Page_Registration - ASSIST (Base)/Post Code - 810'

2018-12-14 10:08:21 - [TEST_STEP][PASSED] - delay: Delayed 2 second(s)

2018-12-14 10:08:23 - [MESSAGE][PASSED] - Delayed 2 second(s)

2018-12-14 10:08:23 - [TEST_STEP][PASSED] - click: Object: 'Object Repository/Final Object Repo/Creating Employer Account/Page_Registration - ASSIST (Base)/Post Code - 81000' is clicked on

2018-12-14 10:08:24 - [MESSAGE][PASSED] - Object: 'Object Repository/Final Object Repo/Creating Employer Account/Page_Registration - ASSIST (Base)/Post Code - 81000' is clicked on

2018-12-14 10:08:24 - [TEST_STEP][PASSED] - delay: Delayed 2 second(s)

2018-12-14 10:08:26 - [MESSAGE][PASSED] - Delayed 2 second(s)

2018-12-14 10:08:26 - [TEST_STEP][PASSED] - setText: Text 'PERKESO' is set on object 'Object Repository/Final Object Repo/Creating Employer Account/Page_Registration - ASSIST (Base)/Full Name'

2018-12-14 10:08:26 - [MESSAGE][PASSED] - Text 'PERKESO' is set on object 'Object Repository/Final Object Repo/Creating Employer Account/Page_Registration - ASSIST (Base)/Full Name'

2018-12-14 10:08:26 - [TEST_STEP][PASSED] - Statement - rnd = new java.util.Random(): null

2018-12-14 10:08:26 - [TEST_STEP][PASSED] - Statement - snum = rnd.nextInt(899999 + 1) + 100000: null

2018-12-14 10:08:26 - [TEST_STEP][PASSED] - Statement - tnum = rnd.nextInt(899999 + 1) + 100000: null

2018-12-14 10:08:26 - [TEST_STEP][PASSED] - Statement - IC = java.lang.Integer.toString(snum) + java.lang.Integer.toString(tnum): null

2018-12-14 10:08:26 - [TEST_STEP][PASSED] - Statement - out.println(IC): null

2018-12-14 10:08:26 - [TEST_STEP][PASSED] - setText: Text '271932472168' is set on object 'Object Repository/Final Object Repo/Creating Employer Account/Page_Registration - ASSIST (Base)/Identification Number'

2018-12-14 10:08:26 - [MESSAGE][PASSED] - Text '271932472168' is set on object 'Object Repository/Final Object Repo/Creating Employer Account/Page_Registration - ASSIST (Base)/Identification Number'

2018-12-14 10:08:26 - [TEST_STEP][PASSED] - delay: Delayed 2 second(s)

2018-12-14 10:08:28 - [MESSAGE][PASSED] - Delayed 2 second(s)

2018-12-14 10:08:28 - [TEST_STEP][PASSED] - setText: Text '123456789012' is set on object 'Object Repository/Final Object Repo/Creating Employer Account/Page_Registration - ASSIST (Base)/Contact Number'

2018-12-14 10:08:29 - [MESSAGE][PASSED] - Text '123456789012' is set on object 'Object Repository/Final Object Repo/Creating Employer Account/Page_Registration - ASSIST (Base)/Contact Number'

2018-12-14 10:08:29 - [TEST_STEP][PASSED] - Statement - Email = "perkeso" + IC + "@gmail.com": null

2018-12-14 10:08:29 - [TEST_STEP][PASSED] - delay: Delayed 2 second(s)

2018-12-14 10:08:31 - [MESSAGE][PASSED] - Delayed 2 second(s)

2018-12-14 10:08:31 - [TEST_STEP][PASSED] - callTestCase: Call Test Case 'Test Cases/Final Aug 2018 - PKS Automation/Create Employer Acc/Template/Employer Email Settler' successfully

2018-12-14 10:08:31 - [TEST_CASE][PASSED] - Test Cases/Final Aug 2018 - PKS Automation/Create Employer Acc/Template/Employer Email Settler: Test Cases/Final Aug 2018 - PKS Automation/Create Employer Acc/Template/Employer Email Settler

2018-12-14 10:08:31 - [TEST_STEP][PASSED] - Statement - EmpEmailOld = new java.io.File(C://Users//Admin//Desktop//PKS//Automation Reference Point//EmpEmail.txt): null

2018-12-14 10:08:31 - [TEST_STEP][PASSED] - Statement - EmpEmailOld.delete(): null

2018-12-14 10:08:31 - [TEST_STEP][PASSED] - delay: Delayed 5 second(s)

2018-12-14 10:08:36 - [MESSAGE][PASSED] - Delayed 5 second(s)

2018-12-14 10:08:36 - [TEST_STEP][PASSED] - Statement - EmpEmail = new java.io.File(C://Users//Admin//Desktop//PKS//Automation Reference Point//EmpEmail.txt): null

2018-12-14 10:08:36 - [TEST_STEP][PASSED] - Statement - f2 = new java.io.FileWriter(EmpEmail, false): null

2018-12-14 10:08:36 - [TEST_STEP][PASSED] - Statement - f2.write(Email): null

2018-12-14 10:08:36 - [TEST_STEP][PASSED] - Statement - f2.close(): null

2018-12-14 10:08:36 - [TEST_STEP][PASSED] - Statement - out.println(Email): null

2018-12-14 10:08:36 - [MESSAGE][PASSED] - Call Test Case 'Test Cases/Final Aug 2018 - PKS Automation/Create Employer Acc/Template/Employer Email Settler' successfully

2018-12-14 10:08:36 - [TEST_STEP][PASSED] - delay: Delayed 2 second(s)

2018-12-14 10:08:38 - [MESSAGE][PASSED] - Delayed 2 second(s)

2018-12-14 10:08:38 - [TEST_STEP][PASSED] - setText: Text 'perkeso271932472168@gmail.com' is set on object 'Object Repository/Final Object Repo/Creating Employer Account/Page_Registration - ASSIST (Base)/Email'

2018-12-14 10:08:38 - [MESSAGE][PASSED] - Text 'perkeso271932472168@gmail.com' is set on object 'Object Repository/Final Object Repo/Creating Employer Account/Page_Registration - ASSIST (Base)/Email'

2018-12-14 10:08:38 - [TEST_STEP][PASSED] - setText: Text '123' is set on object 'Object Repository/Final Object Repo/Creating Employer Account/Page_Registration - ASSIST (Base)/Security Phase'

2018-12-14 10:08:38 - [MESSAGE][PASSED] - Text '123' is set on object 'Object Repository/Final Object Repo/Creating Employer Account/Page_Registration - ASSIST (Base)/Security Phase'

2018-12-14 10:08:38 - [TEST_STEP][PASSED] - click: Object: 'Object Repository/Final Object Repo/Creating Employer Account/Page_Registration - ASSIST (Base)/Save  Continue' is clicked on

2018-12-14 10:08:39 - [MESSAGE][PASSED] - Object: 'Object Repository/Final Object Repo/Creating Employer Account/Page_Registration - ASSIST (Base)/Save  Continue' is clicked on

2018-12-14 10:08:39 - [TEST_STEP][PASSED] - delay: Delayed 2 second(s)

2018-12-14 10:08:41 - [MESSAGE][PASSED] - Delayed 2 second(s)

2018-12-14 10:08:41 - [TEST_STEP][PASSED] - click: Object: 'Object Repository/Final Object Repo/Creating Employer Account/Page_Registration - ASSIST (Base)/Add Document' is clicked on

2018-12-14 10:08:41 - [MESSAGE][PASSED] - Object: 'Object Repository/Final Object Repo/Creating Employer Account/Page_Registration - ASSIST (Base)/Add Document' is clicked on

2018-12-14 10:08:41 - [TEST_STEP][PASSED] - delay: Delayed 2 second(s)

2018-12-14 10:08:43 - [MESSAGE][PASSED] - Delayed 2 second(s)

2018-12-14 10:08:43 - [TEST_STEP][PASSED] - click: Object: 'Object Repository/Final Object Repo/Creating Employer Account/Page_Registration - ASSIST (Base)/Document Type' is clicked on

2018-12-14 10:08:43 - [MESSAGE][PASSED] - Object: 'Object Repository/Final Object Repo/Creating Employer Account/Page_Registration - ASSIST (Base)/Document Type' is clicked on

2018-12-14 10:08:43 - [TEST_STEP][PASSED] - delay: Delayed 2 second(s)

2018-12-14 10:08:45 - [MESSAGE][PASSED] - Delayed 2 second(s)

2018-12-14 10:08:45 - [TEST_STEP][PASSED] - click: Object: 'Object Repository/Final Object Repo/Creating Employer Account/Page_Registration - ASSIST (Base)/Document Type - Letter of Authorization' is clicked on

2018-12-14 10:08:45 - [MESSAGE][PASSED] - Object: 'Object Repository/Final Object Repo/Creating Employer Account/Page_Registration - ASSIST (Base)/Document Type - Letter of Authorization' is clicked on

2018-12-14 10:08:45 - [TEST_STEP][PASSED] - delay: Delayed 2 second(s)

2018-12-14 10:08:47 - [MESSAGE][PASSED] - Delayed 2 second(s)

2018-12-14 10:08:47 - [TEST_STEP][PASSED] - sendKeys: Keys 'C:\Users\Public\Pictures\Sample Pictures\Koala.jpg' sent to object: 'Object Repository/Final Object Repo/Creating Employer Account/Page_Registration - ASSIST (Base)/Uploading File'

2018-12-14 10:08:47 - [MESSAGE][PASSED] - Keys 'C:\Users\Public\Pictures\Sample Pictures\Koala.jpg' sent to object: 'Object Repository/Final Object Repo/Creating Employer Account/Page_Registration - ASSIST (Base)/Uploading File'

2018-12-14 10:08:47 - [TEST_STEP][PASSED] - delay: Delayed 2 second(s)

2018-12-14 10:08:49 - [MESSAGE][PASSED] - Delayed 2 second(s)

2018-12-14 10:08:49 - [TEST_STEP][PASSED] - click: Object: 'Object Repository/Final Object Repo/Creating Employer Account/Page_Registration - ASSIST (Base)/Add Document in Uploading File' is clicked on

2018-12-14 10:08:49 - [MESSAGE][PASSED] - Object: 'Object Repository/Final Object Repo/Creating Employer Account/Page_Registration - ASSIST (Base)/Add Document in Uploading File' is clicked on

2018-12-14 10:08:49 - [TEST_STEP][PASSED] - delay: Delayed 2 second(s)

2018-12-14 10:08:51 - [MESSAGE][PASSED] - Delayed 2 second(s)

2018-12-14 10:08:51 - [TEST_STEP][PASSED] - click: Object: 'Object Repository/Final Object Repo/Creating Employer Account/Page_Registration - ASSIST (Base)/Save' is clicked on

2018-12-14 10:08:52 - [MESSAGE][PASSED] - Object: 'Object Repository/Final Object Repo/Creating Employer Account/Page_Registration - ASSIST (Base)/Save' is clicked on

2018-12-14 10:08:52 - [TEST_STEP][PASSED] - delay: Delayed 2 second(s)

2018-12-14 10:08:54 - [MESSAGE][PASSED] - Delayed 2 second(s)

2018-12-14 10:08:54 - [TEST_STEP][PASSED] - click: Object: 'Object Repository/Final Object Repo/Creating Employer Account/Page_Registration - ASSIST (Base)/Submit' is clicked on

2018-12-14 10:08:54 - [MESSAGE][PASSED] - Object: 'Object Repository/Final Object Repo/Creating Employer Account/Page_Registration - ASSIST (Base)/Submit' is clicked on

2018-12-14 10:08:54 - [TEST_STEP][PASSED] - delay: Delayed 2 second(s)

2018-12-14 10:08:56 - [MESSAGE][PASSED] - Delayed 2 second(s)

2018-12-14 10:08:56 - [TEST_STEP][PASSED] - click: Object: 'Object Repository/Final Object Repo/Creating Employer Account/Page_Registration - ASSIST (Base)/Confirm' is clicked on

2018-12-14 10:08:56 - [MESSAGE][PASSED] - Object: 'Object Repository/Final Object Repo/Creating Employer Account/Page_Registration - ASSIST (Base)/Confirm' is clicked on

2018-12-14 10:08:56 - [MESSAGE][PASSED] - Call Test Case 'Test Cases/Final Aug 2018 - PKS Automation/Create Employer Acc/Template/Register Employer' successfully

2018-12-14 10:08:56 - [TEST_STEP][PASSED] - delay: Delayed 1 second(s)

2018-12-14 10:08:57 - [MESSAGE][PASSED] - Delayed 1 second(s)

2018-12-14 10:08:57 - [TEST_STEP][PASSED] - navigateToUrl: Navigate to 'https://assist2-uat.perkeso.gov.my/c/portal/logout' successfully

2018-12-14 10:08:59 - [MESSAGE][PASSED] - Navigate to 'https://assist2-uat.perkeso.gov.my/c/portal/logout' successfully

2018-12-14 10:08:59 - [TEST_STEP][PASSED] - delay: Delayed 1 second(s)

2018-12-14 10:09:00 - [MESSAGE][PASSED] - Delayed 1 second(s)

2018-12-14 10:09:00 - [TEST_STEP][PASSED] - callTestCase: Call Test Case 'Test Cases/Final Aug 2018 - PKS Automation/Create Employer Acc/Template/Change Password of Employer' successfully

2018-12-14 10:09:00 - [TEST_CASE][PASSED] - Test Cases/Final Aug 2018 - PKS Automation/Create Employer Acc/Template/Change Password of Employer: Test Cases/Final Aug 2018 - PKS Automation/Create Employer Acc/Template/Change Password of Employer

2018-12-14 10:09:00 - [TEST_STEP][PASSED] - openBrowser: Browser is opened with url: ''

2018-12-14 10:09:00 - [MESSAGE][WARNING] - A browser is already opened. Closing browser and opening a new one

2018-12-14 10:09:03 - [MESSAGE][PASSED] - Browser is opened with url: ''

2018-12-14 10:09:03 - [TEST_STEP][PASSED] - navigateToUrl: Navigate to 'https://assist2-uat.perkeso.gov.my/login' successfully

2018-12-14 10:09:04 - [MESSAGE][PASSED] - Navigate to 'https://assist2-uat.perkeso.gov.my/login' successfully

2018-12-14 10:09:04 - [TEST_STEP][PASSED] - delay: Delayed 5 second(s)

2018-12-14 10:09:09 - [MESSAGE][PASSED] - Delayed 5 second(s)

2018-12-14 10:09:09 - [TEST_STEP][PASSED] - setText: Text 'test@liferay.com' is set on object 'Object Repository/Final Object Repo/Login Page/Internal User/Email Address'

2018-12-14 10:09:09 - [MESSAGE][PASSED] - Text 'test@liferay.com' is set on object 'Object Repository/Final Object Repo/Login Page/Internal User/Email Address'

2018-12-14 10:09:09 - [TEST_STEP][PASSED] - click: Object: 'Object Repository/Final Object Repo/Login Page/Internal User/Next Button' is clicked on

2018-12-14 10:09:10 - [MESSAGE][PASSED] - Object: 'Object Repository/Final Object Repo/Login Page/Internal User/Next Button' is clicked on

2018-12-14 10:09:10 - [TEST_STEP][PASSED] - delay: Delayed 2 second(s)

2018-12-14 10:09:12 - [MESSAGE][PASSED] - Delayed 2 second(s)

2018-12-14 10:09:12 - [TEST_STEP][PASSED] - setText: Text 'test' is set on object 'Object Repository/Final Object Repo/Login Page/Internal User/Password'

2018-12-14 10:09:12 - [MESSAGE][PASSED] - Text 'test' is set on object 'Object Repository/Final Object Repo/Login Page/Internal User/Password'

2018-12-14 10:09:12 - [TEST_STEP][PASSED] - delay: Delayed 2 second(s)

2018-12-14 10:09:14 - [MESSAGE][PASSED] - Delayed 2 second(s)

2018-12-14 10:09:14 - [TEST_STEP][PASSED] - click: Object: 'Object Repository/Final Object Repo/Login Page/Internal User/Login Button' is clicked on

2018-12-14 10:09:14 - [MESSAGE][PASSED] - Object: 'Object Repository/Final Object Repo/Login Page/Internal User/Login Button' is clicked on

2018-12-14 10:09:14 - [TEST_STEP][PASSED] - delay: Delayed 3 second(s)

2018-12-14 10:09:17 - [MESSAGE][PASSED] - Delayed 3 second(s)

2018-12-14 10:09:17 - [TEST_STEP][PASSED] - navigateToUrl: Navigate to 'https://assist2-uat.perkeso.gov.my/group/control_panel/manage?p_p_id=125&p_p_lifecycle=0&p_p_state=maximized&p_p_mode=view&refererPlid=20455&_125_usersListView=flat-users&_125_toolbarItem=view-all-users&_125_saveUsersListView=true&_125_struts_action=%2Fusers_admin%2Fview' successfully

2018-12-14 10:09:19 - [MESSAGE][PASSED] - Navigate to 'https://assist2-uat.perkeso.gov.my/group/control_panel/manage?p_p_id=125&p_p_lifecycle=0&p_p_state=maximized&p_p_mode=view&refererPlid=20455&_125_usersListView=flat-users&_125_toolbarItem=view-all-users&_125_saveUsersListView=true&_125_struts_action=%2Fusers_admin%2Fview' successfully

2018-12-14 10:09:19 - [TEST_STEP][PASSED] - delay: Delayed 3 second(s)

2018-12-14 10:09:22 - [MESSAGE][PASSED] - Delayed 3 second(s)

2018-12-14 10:09:22 - [TEST_STEP][PASSED] - setText: Text 'perkeso271932472168@gmail.com' is set on object 'Object Repository/Final Object Repo/Creating Employer Account/Page_Users and Organizations - ASSIST/Employer name'

2018-12-14 10:09:22 - [MESSAGE][PASSED] - Text 'perkeso271932472168@gmail.com' is set on object 'Object Repository/Final Object Repo/Creating Employer Account/Page_Users and Organizations - ASSIST/Employer name'

2018-12-14 10:09:22 - [TEST_STEP][PASSED] - delay: Delayed 3 second(s)

2018-12-14 10:09:25 - [MESSAGE][PASSED] - Delayed 3 second(s)

2018-12-14 10:09:25 - [TEST_STEP][PASSED] - click: Object: 'Object Repository/Final Object Repo/Creating Employer Account/Page_Users and Organizations - ASSIST/Search' is clicked on

2018-12-14 10:09:25 - [MESSAGE][PASSED] - Object: 'Object Repository/Final Object Repo/Creating Employer Account/Page_Users and Organizations - ASSIST/Search' is clicked on

2018-12-14 10:09:25 - [TEST_STEP][PASSED] - delay: Delayed 3 second(s)

2018-12-14 10:09:28 - [MESSAGE][PASSED] - Delayed 3 second(s)

2018-12-14 10:09:28 - [TEST_STEP][PASSED] - click: Object: 'Object Repository/Final Object Repo/Creating Employer Account/Page_Users and Organizations - ASSIST/Action' is clicked on

2018-12-14 10:09:29 - [MESSAGE][PASSED] - Object: 'Object Repository/Final Object Repo/Creating Employer Account/Page_Users and Organizations - ASSIST/Action' is clicked on

2018-12-14 10:09:29 - [TEST_STEP][PASSED] - delay: Delayed 3 second(s)

2018-12-14 10:09:32 - [MESSAGE][PASSED] - Delayed 3 second(s)

2018-12-14 10:09:32 - [TEST_STEP][PASSED] - click: Object: 'Object Repository/Final Object Repo/Creating Employer Account/Page_Users and Organizations - ASSIST/Edit' is clicked on

2018-12-14 10:09:33 - [MESSAGE][PASSED] - Object: 'Object Repository/Final Object Repo/Creating Employer Account/Page_Users and Organizations - ASSIST/Edit' is clicked on

2018-12-14 10:09:33 - [TEST_STEP][PASSED] - delay: Delayed 3 second(s)

2018-12-14 10:09:36 - [MESSAGE][PASSED] - Delayed 3 second(s)

2018-12-14 10:09:36 - [TEST_STEP][PASSED] - click: Object: 'Object Repository/Final Object Repo/Creating Employer Account/Page_PERKESO - Users and Organizati/a_Password (Modified)' is clicked on

2018-12-14 10:09:36 - [MESSAGE][PASSED] - Object: 'Object Repository/Final Object Repo/Creating Employer Account/Page_PERKESO - Users and Organizati/a_Password (Modified)' is clicked on

2018-12-14 10:09:36 - [TEST_STEP][PASSED] - delay: Delayed 3 second(s)

2018-12-14 10:09:39 - [MESSAGE][PASSED] - Delayed 3 second(s)

2018-12-14 10:09:39 - [TEST_STEP][PASSED] - setEncryptedText: Text ****** has been set on object 'Object Repository/Final Object Repo/Creating Employer Account/Page_PERKESO - Users and Organizati/input__125_password1'

2018-12-14 10:09:39 - [MESSAGE][PASSED] - Text ****** has been set on object 'Object Repository/Final Object Repo/Creating Employer Account/Page_PERKESO - Users and Organizati/input__125_password1'

2018-12-14 10:09:39 - [TEST_STEP][PASSED] - delay: Delayed 3 second(s)

2018-12-14 10:09:42 - [MESSAGE][PASSED] - Delayed 3 second(s)

2018-12-14 10:09:42 - [TEST_STEP][PASSED] - setEncryptedText: Text ****** has been set on object 'Object Repository/Final Object Repo/Creating Employer Account/Page_PERKESO - Users and Organizati/input__125_password2'

2018-12-14 10:09:43 - [MESSAGE][PASSED] - Text ****** has been set on object 'Object Repository/Final Object Repo/Creating Employer Account/Page_PERKESO - Users and Organizati/input__125_password2'

2018-12-14 10:09:43 - [TEST_STEP][PASSED] - delay: Delayed 3 second(s)

2018-12-14 10:09:46 - [MESSAGE][PASSED] - Delayed 3 second(s)

2018-12-14 10:09:46 - [TEST_STEP][PASSED] - click: Object: 'Object Repository/Final Object Repo/Creating Employer Account/Page_PERKESO - Users and Organizati/Save' is clicked on

2018-12-14 10:09:47 - [MESSAGE][PASSED] - Object: 'Object Repository/Final Object Repo/Creating Employer Account/Page_PERKESO - Users and Organizati/Save' is clicked on

2018-12-14 10:09:47 - [MESSAGE][PASSED] - Call Test Case 'Test Cases/Final Aug 2018 - PKS Automation/Create Employer Acc/Template/Change Password of Employer' successfully

2018-12-14 10:09:47 - [TEST_STEP][PASSED] - delay: Delayed 1 second(s)

2018-12-14 10:09:48 - [MESSAGE][PASSED] - Delayed 1 second(s)

2018-12-14 10:09:48 - [TEST_STEP][PASSED] - navigateToUrl: Navigate to 'https://assist2-uat.perkeso.gov.my/c/portal/logout' successfully

2018-12-14 10:09:49 - [MESSAGE][PASSED] - Navigate to 'https://assist2-uat.perkeso.gov.my/c/portal/logout' successfully

2018-12-14 10:09:49 - [TEST_STEP][PASSED] - delay: Delayed 1 second(s)

2018-12-14 10:09:50 - [MESSAGE][PASSED] - Delayed 1 second(s)

2018-12-14 10:09:50 - [TEST_STEP][PASSED] - callTestCase: Call Test Case 'Test Cases/Final Aug 2018 - PKS Automation/Create Employer Acc/Template/Login to Employer Account (First Time)' successfully

2018-12-14 10:09:50 - [TEST_CASE][PASSED] - Test Cases/Final Aug 2018 - PKS Automation/Create Employer Acc/Template/Login to Employer Account (First Time): Test Cases/Final Aug 2018 - PKS Automation/Create Employer Acc/Template/Login to Employer Account (First Time)

2018-12-14 10:09:50 - [TEST_STEP][PASSED] - openBrowser: Browser is opened with url: ''

2018-12-14 10:09:50 - [MESSAGE][WARNING] - A browser is already opened. Closing browser and opening a new one

2018-12-14 10:09:53 - [MESSAGE][PASSED] - Browser is opened with url: ''

2018-12-14 10:09:53 - [TEST_STEP][PASSED] - navigateToUrl: Navigate to 'https://assist2-uat.perkeso.gov.my/employer/login' successfully

2018-12-14 10:09:55 - [MESSAGE][PASSED] - Navigate to 'https://assist2-uat.perkeso.gov.my/employer/login' successfully

2018-12-14 10:09:55 - [TEST_STEP][PASSED] - delay: Delayed 3 second(s)

2018-12-14 10:09:58 - [MESSAGE][PASSED] - Delayed 3 second(s)

2018-12-14 10:09:58 - [TEST_STEP][PASSED] - callTestCase: Call Test Case 'Test Cases/Final Aug 2018 - PKS Automation/Create Employer Acc/Template/Employer Email Getter' successfully

2018-12-14 10:09:58 - [TEST_CASE][PASSED] - Test Cases/Final Aug 2018 - PKS Automation/Create Employer Acc/Template/Employer Email Getter: Test Cases/Final Aug 2018 - PKS Automation/Create Employer Acc/Template/Employer Email Getter

2018-12-14 10:09:58 - [TEST_STEP][PASSED] - Statement - Try: null

2018-12-14 10:09:58 - [TEST_STEP][PASSED] - Statement - EmpEmail = new java.io.File(C://Users//Admin//Desktop//PKS//Automation Reference Point//EmpEmail.txt): null

2018-12-14 10:09:58 - [TEST_STEP][PASSED] - Statement - bufferread = new java.io.BufferedReader(new java.io.FileReader(EmpEmail)): null

2018-12-14 10:09:58 - [TEST_STEP][PASSED] - Statement - readedVal = bufferread.readLine(): null

2018-12-14 10:09:58 - [TEST_STEP][PASSED] - Statement - out.println(readedVal): null

2018-12-14 10:09:58 - [TEST_STEP][PASSED] - Statement - Email = readedVal: null

2018-12-14 10:09:58 - [MESSAGE][PASSED] - Call Test Case 'Test Cases/Final Aug 2018 - PKS Automation/Create Employer Acc/Template/Employer Email Getter' successfully

2018-12-14 10:09:58 - [TEST_STEP][PASSED] - setText: Text 'perkeso271932472168@gmail.com' is set on object 'Object Repository/Final Object Repo/Login Page/External Login Page/Email'

2018-12-14 10:09:58 - [MESSAGE][PASSED] - Text 'perkeso271932472168@gmail.com' is set on object 'Object Repository/Final Object Repo/Login Page/External Login Page/Email'

2018-12-14 10:09:58 - [TEST_STEP][PASSED] - click: Object: 'Object Repository/Final Object Repo/Login Page/External Login Page/Next' is clicked on

2018-12-14 10:09:58 - [MESSAGE][PASSED] - Object: 'Object Repository/Final Object Repo/Login Page/External Login Page/Next' is clicked on

2018-12-14 10:09:58 - [TEST_STEP][PASSED] - delay: Delayed 3 second(s)

2018-12-14 10:10:01 - [MESSAGE][PASSED] - Delayed 3 second(s)

2018-12-14 10:10:01 - [TEST_STEP][PASSED] - setEncryptedText: Text ****** has been set on object 'Object Repository/Final Object Repo/Login Page/External Login Page/Password'

2018-12-14 10:10:02 - [MESSAGE][PASSED] - Text ****** has been set on object 'Object Repository/Final Object Repo/Login Page/External Login Page/Password'

2018-12-14 10:10:02 - [TEST_STEP][PASSED] - click: Object: 'Object Repository/Final Object Repo/Login Page/External Login Page/Login' is clicked on

2018-12-14 10:10:02 - [MESSAGE][PASSED] - Object: 'Object Repository/Final Object Repo/Login Page/External Login Page/Login' is clicked on

2018-12-14 10:10:02 - [TEST_STEP][PASSED] - delay: Delayed 3 second(s)

2018-12-14 10:10:05 - [MESSAGE][PASSED] - Delayed 3 second(s)

2018-12-14 10:10:05 - [TEST_STEP][PASSED] - click: Object: 'Object Repository/Final Object Repo/Creating Employer Account/Page_Terms of Use - ASSIST/button_I Agree' is clicked on

2018-12-14 10:10:05 - [MESSAGE][PASSED] - Object: 'Object Repository/Final Object Repo/Creating Employer Account/Page_Terms of Use - ASSIST/button_I Agree' is clicked on

2018-12-14 10:10:05 - [TEST_STEP][PASSED] - delay: Delayed 2 second(s)

2018-12-14 10:10:07 - [MESSAGE][PASSED] - Delayed 2 second(s)

2018-12-14 10:10:07 - [TEST_STEP][PASSED] - setEncryptedText: Text ****** has been set on object 'Object Repository/Final Object Repo/Creating Employer Account/Page_New Password - ASSIST/input_password1'

2018-12-14 10:10:07 - [MESSAGE][PASSED] - Text ****** has been set on object 'Object Repository/Final Object Repo/Creating Employer Account/Page_New Password - ASSIST/input_password1'

2018-12-14 10:10:07 - [TEST_STEP][PASSED] - setEncryptedText: Text ****** has been set on object 'Object Repository/Final Object Repo/Creating Employer Account/Page_New Password - ASSIST/input_password2'

2018-12-14 10:10:07 - [MESSAGE][PASSED] - Text ****** has been set on object 'Object Repository/Final Object Repo/Creating Employer Account/Page_New Password - ASSIST/input_password2'

2018-12-14 10:10:07 - [TEST_STEP][PASSED] - delay: Delayed 2 second(s)

2018-12-14 10:10:09 - [MESSAGE][PASSED] - Delayed 2 second(s)

2018-12-14 10:10:09 - [TEST_STEP][PASSED] - click: Object: 'Object Repository/Final Object Repo/Creating Employer Account/Page_New Password - ASSIST/Save' is clicked on

2018-12-14 10:10:10 - [MESSAGE][PASSED] - Object: 'Object Repository/Final Object Repo/Creating Employer Account/Page_New Password - ASSIST/Save' is clicked on

2018-12-14 10:10:10 - [TEST_STEP][PASSED] - delay: Delayed 2 second(s)

2018-12-14 10:10:12 - [MESSAGE][PASSED] - Delayed 2 second(s)

2018-12-14 10:10:12 - [TEST_STEP][PASSED] - setText: Text 'test' is set on object 'Object Repository/Final Object Repo/Creating Employer Account/Page_Password Reminder - ASSIST/Reminder Query Answer'

2018-12-14 10:10:12 - [MESSAGE][PASSED] - Text 'test' is set on object 'Object Repository/Final Object Repo/Creating Employer Account/Page_Password Reminder - ASSIST/Reminder Query Answer'

2018-12-14 10:10:12 - [TEST_STEP][PASSED] - delay: Delayed 2 second(s)

2018-12-14 10:10:14 - [MESSAGE][PASSED] - Delayed 2 second(s)

2018-12-14 10:10:14 - [TEST_STEP][PASSED] - doubleClick: Object: 'Object Repository/Final Object Repo/Creating Employer Account/Page_Password Reminder - ASSIST/Save' is double clicked on

2018-12-14 10:10:14 - [MESSAGE][PASSED] - Object: 'Object Repository/Final Object Repo/Creating Employer Account/Page_Password Reminder - ASSIST/Save' is double clicked on

2018-12-14 10:10:14 - [MESSAGE][PASSED] - Call Test Case 'Test Cases/Final Aug 2018 - PKS Automation/Create Employer Acc/Template/Login to Employer Account (First Time)' successfully

2018-12-14 10:10:14 - [MESSAGE][PASSED] - Call Test Case 'Test Cases/Final Aug 2018 - PKS Automation/Create Employer Acc/Create Employer Account' successfully

2018-12-14 10:10:14 - [TEST_STEP][PASSED] - callTestCase: Call Test Case 'Test Cases/Final Aug 2018 - PKS Automation/Registration Module/Log Out/log out avoiding katalon tagging' successfully

2018-12-14 10:10:14 - [TEST_CASE][PASSED] - Test Cases/Final Aug 2018 - PKS Automation/Registration Module/Log Out/log out avoiding katalon tagging: Test Cases/Final Aug 2018 - PKS Automation/Registration Module/Log Out/log out avoiding katalon tagging

2018-12-14 10:10:14 - [TEST_STEP][PASSED] - navigateToUrl: Navigate to 'https://assist2-uat.perkeso.gov.my/c/portal/logout' successfully

2018-12-14 10:10:17 - [MESSAGE][PASSED] - Navigate to 'https://assist2-uat.perkeso.gov.my/c/portal/logout' successfully

2018-12-14 10:10:17 - [MESSAGE][PASSED] - Call Test Case 'Test Cases/Final Aug 2018 - PKS Automation/Registration Module/Log Out/log out avoiding katalon tagging' successfully

2018-12-14 10:10:17 - [TEST_STEP][PASSED] - callTestCase: Call Test Case 'Test Cases/Final Aug 2018 - PKS Automation/Create Employer Acc/Login to Employer Account (Second time)' successfully

2018-12-14 10:10:17 - [TEST_CASE][PASSED] - Test Cases/Final Aug 2018 - PKS Automation/Create Employer Acc/Login to Employer Account (Second time): Test Cases/Final Aug 2018 - PKS Automation/Create Employer Acc/Login to Employer Account (Second time)

2018-12-14 10:10:17 - [TEST_STEP][PASSED] - openBrowser: Browser is opened with url: ''

2018-12-14 10:10:17 - [MESSAGE][WARNING] - A browser is already opened. Closing browser and opening a new one

2018-12-14 10:10:20 - [MESSAGE][PASSED] - Browser is opened with url: ''

2018-12-14 10:10:20 - [TEST_STEP][PASSED] - navigateToUrl: Navigate to 'https://assist2-uat.perkeso.gov.my/employer/login' successfully

2018-12-14 10:10:21 - [MESSAGE][PASSED] - Navigate to 'https://assist2-uat.perkeso.gov.my/employer/login' successfully

2018-12-14 10:10:21 - [TEST_STEP][PASSED] - delay: Delayed 3 second(s)

2018-12-14 10:10:24 - [MESSAGE][PASSED] - Delayed 3 second(s)

2018-12-14 10:10:24 - [TEST_STEP][PASSED] - callTestCase: Call Test Case 'Test Cases/Final Aug 2018 - PKS Automation/Create Employer Acc/Template/Employer Email Getter' successfully

2018-12-14 10:10:24 - [TEST_CASE][PASSED] - Test Cases/Final Aug 2018 - PKS Automation/Create Employer Acc/Template/Employer Email Getter: Test Cases/Final Aug 2018 - PKS Automation/Create Employer Acc/Template/Employer Email Getter

2018-12-14 10:10:24 - [TEST_STEP][PASSED] - Statement - Try: null

2018-12-14 10:10:24 - [TEST_STEP][PASSED] - Statement - EmpEmail = new java.io.File(C://Users//Admin//Desktop//PKS//Automation Reference Point//EmpEmail.txt): null

2018-12-14 10:10:24 - [TEST_STEP][PASSED] - Statement - bufferread = new java.io.BufferedReader(new java.io.FileReader(EmpEmail)): null

2018-12-14 10:10:24 - [TEST_STEP][PASSED] - Statement - readedVal = bufferread.readLine(): null

2018-12-14 10:10:24 - [TEST_STEP][PASSED] - Statement - out.println(readedVal): null

2018-12-14 10:10:24 - [TEST_STEP][PASSED] - Statement - Email = readedVal: null

2018-12-14 10:10:24 - [MESSAGE][PASSED] - Call Test Case 'Test Cases/Final Aug 2018 - PKS Automation/Create Employer Acc/Template/Employer Email Getter' successfully

2018-12-14 10:10:24 - [TEST_STEP][PASSED] - setText: Text 'perkeso271932472168@gmail.com' is set on object 'Object Repository/Final Object Repo/Login Page/External Login Page/Email'

2018-12-14 10:10:25 - [MESSAGE][PASSED] - Text 'perkeso271932472168@gmail.com' is set on object 'Object Repository/Final Object Repo/Login Page/External Login Page/Email'

2018-12-14 10:10:25 - [TEST_STEP][PASSED] - click: Object: 'Object Repository/Final Object Repo/Login Page/External Login Page/Next' is clicked on

2018-12-14 10:10:25 - [MESSAGE][PASSED] - Object: 'Object Repository/Final Object Repo/Login Page/External Login Page/Next' is clicked on

2018-12-14 10:10:25 - [TEST_STEP][PASSED] - delay: Delayed 3 second(s)

2018-12-14 10:10:28 - [MESSAGE][PASSED] - Delayed 3 second(s)

2018-12-14 10:10:28 - [TEST_STEP][PASSED] - setEncryptedText: Text ****** has been set on object 'Object Repository/Final Object Repo/Login Page/External Login Page/Password'

2018-12-14 10:10:28 - [MESSAGE][PASSED] - Text ****** has been set on object 'Object Repository/Final Object Repo/Login Page/External Login Page/Password'

2018-12-14 10:10:28 - [TEST_STEP][PASSED] - click: Object: 'Object Repository/Final Object Repo/Login Page/External Login Page/Login' is clicked on

2018-12-14 10:10:29 - [MESSAGE][PASSED] - Object: 'Object Repository/Final Object Repo/Login Page/External Login Page/Login' is clicked on

2018-12-14 10:10:29 - [TEST_STEP][PASSED] - delay: Delayed 5 second(s)

2018-12-14 10:10:34 - [MESSAGE][PASSED] - Delayed 5 second(s)

2018-12-14 10:10:34 - [MESSAGE][PASSED] - Call Test Case 'Test Cases/Final Aug 2018 - PKS Automation/Create Employer Acc/Login to Employer Account (Second time)' successfully

2018-12-14 10:10:34 - [TEST_STEP][PASSED] - delay: Delayed 4 second(s)

2018-12-14 10:10:38 - [MESSAGE][PASSED] - Delayed 4 second(s)

2018-12-14 10:10:38 - [TEST_STEP][PASSED] - Statement - Try: Delayed 2 second(s)

2018-12-14 10:10:38 - [TEST_STEP][PASSED] - Statement - Checker = false: null

2018-12-14 10:10:38 - [TEST_STEP][PASSED] - Statement - Checker = com.kms.katalon.core.webui.keyword.WebUiBuiltInKeywords.verifyElementHasAttribute(com.kms.katalon.core.testobject.ObjectRepository.findTestObject(Final Object Repo/Landing Page/BM Detecting), "href", 20, OPTIONAL): Object 'Object Repository/Final Object Repo/Landing Page/BM Detecting' has attribute 'href'

2018-12-14 10:10:38 - [MESSAGE][PASSED] - Object 'Object Repository/Final Object Repo/Landing Page/BM Detecting' has attribute 'href'

2018-12-14 10:10:38 - [TEST_STEP][PASSED] - Statement - out.println(Checker): null

2018-12-14 10:10:38 - [TEST_STEP][PASSED] - Statement - If (Checker == false): null

2018-12-14 10:10:38 - [TEST_STEP][PASSED] - Statement - Else: null

2018-12-14 10:10:38 - [TEST_STEP][PASSED] - delay: Delayed 2 second(s)

2018-12-14 10:10:40 - [MESSAGE][PASSED] - Delayed 2 second(s)

2018-12-14 10:10:40 - [TEST_STEP][PASSED] - delay: Delayed 4 second(s)

2018-12-14 10:10:44 - [MESSAGE][PASSED] - Delayed 4 second(s)

2018-12-14 10:10:44 - [TEST_STEP][PASSED] - click: Object: 'Object Repository/Final Object Repo/Landing Page/My Sites Drop Down' is clicked on

2018-12-14 10:10:44 - [MESSAGE][PASSED] - Object: 'Object Repository/Final Object Repo/Landing Page/My Sites Drop Down' is clicked on

2018-12-14 10:10:44 - [TEST_STEP][PASSED] - click: Object: 'Object Repository/Final Object Repo/Landing Page/Select to Registration Module' is clicked on

2018-12-14 10:10:46 - [MESSAGE][PASSED] - Object: 'Object Repository/Final Object Repo/Landing Page/Select to Registration Module' is clicked on

2018-12-14 10:10:46 - [TEST_STEP][PASSED] - click: Object: 'Object Repository/Final Object Repo/Landing Page/Registration Button' is clicked on

2018-12-14 10:10:48 - [MESSAGE][PASSED] - Object: 'Object Repository/Final Object Repo/Landing Page/Registration Button' is clicked on

2018-12-14 10:10:48 - [TEST_STEP][PASSED] - delay: Delayed 2 second(s)

2018-12-14 10:10:50 - [MESSAGE][PASSED] - Delayed 2 second(s)

2018-12-14 10:10:50 - [TEST_STEP][PASSED] - click: Object: 'Object Repository/Final Object Repo/New Registration - Registration Module Pages/New Reg - OTC to RO/Special Case - OTC - Form 1/AEC NO' is clicked on

2018-12-14 10:10:50 - [MESSAGE][PASSED] - Object: 'Object Repository/Final Object Repo/New Registration - Registration Module Pages/New Reg - OTC to RO/Special Case - OTC - Form 1/AEC NO' is clicked on

2018-12-14 10:10:50 - [TEST_STEP][PASSED] - click: Object: 'Object Repository/Final Object Repo/New Registration - Registration Module Pages/New Reg - OTC to RO/Special Case - OTC - Form 1/Business Entity - Please Select' is clicked on

2018-12-14 10:10:50 - [MESSAGE][PASSED] - Object: 'Object Repository/Final Object Repo/New Registration - Registration Module Pages/New Reg - OTC to RO/Special Case - OTC - Form 1/Business Entity - Please Select' is clicked on

2018-12-14 10:10:50 - [TEST_STEP][PASSED] - click: Object: 'Object Repository/Final Object Repo/New Registration - Registration Module Pages/New Reg - OTC to RO/Special Case - OTC - Form 1/Selected - Corporation' is clicked on

2018-12-14 10:10:51 - [MESSAGE][PASSED] - Object: 'Object Repository/Final Object Repo/New Registration - Registration Module Pages/New Reg - OTC to RO/Special Case - OTC - Form 1/Selected - Corporation' is clicked on

2018-12-14 10:10:51 - [TEST_STEP][PASSED] - delay: Delayed 2 second(s)

2018-12-14 10:10:53 - [MESSAGE][PASSED] - Delayed 2 second(s)

2018-12-14 10:10:53 - [TEST_STEP][PASSED] - click: Object: 'Object Repository/Final Object Repo/New Registration - Registration Module Pages/New Reg - OTC to RO/Special Case - OTC - Form 1/Sub Business Entity - Please Select' is clicked on

2018-12-14 10:10:53 - [MESSAGE][PASSED] - Object: 'Object Repository/Final Object Repo/New Registration - Registration Module Pages/New Reg - OTC to RO/Special Case - OTC - Form 1/Sub Business Entity - Please Select' is clicked on

2018-12-14 10:10:53 - [TEST_STEP][PASSED] - delay: Delayed 2 second(s)

2018-12-14 10:10:55 - [MESSAGE][PASSED] - Delayed 2 second(s)

2018-12-14 10:10:55 - [TEST_STEP][PASSED] - click: Object: 'Object Repository/Final Object Repo/New Registration - Registration Module Pages/New Reg - OTC to RO/Special Case - OTC - Form 1/Selected - Sendirian Berhad' is clicked on

2018-12-14 10:10:55 - [MESSAGE][PASSED] - Object: 'Object Repository/Final Object Repo/New Registration - Registration Module Pages/New Reg - OTC to RO/Special Case - OTC - Form 1/Selected - Sendirian Berhad' is clicked on

2018-12-14 10:10:55 - [TEST_STEP][PASSED] - setText: Text 'AUTOMATE001' is set on object 'Object Repository/Final Object Repo/New Registration - Registration Module Pages/New Reg - OTC to RO/Special Case - OTC - Form 1/Input BRN Number'

2018-12-14 10:10:56 - [MESSAGE][PASSED] - Text 'AUTOMATE001' is set on object 'Object Repository/Final Object Repo/New Registration - Registration Module Pages/New Reg - OTC to RO/Special Case - OTC - Form 1/Input BRN Number'

2018-12-14 10:10:56 - [TEST_STEP][PASSED] - delay: Delayed 2 second(s)

2018-12-14 10:10:58 - [MESSAGE][PASSED] - Delayed 2 second(s)

2018-12-14 10:10:58 - [TEST_STEP][PASSED] - click: Object: 'Object Repository/Final Object Repo/New Registration - Registration Module Pages/New Reg - OTC to RO/Special Case - OTC - Form 1/BRN Search' is clicked on

2018-12-14 10:10:58 - [MESSAGE][PASSED] - Object: 'Object Repository/Final Object Repo/New Registration - Registration Module Pages/New Reg - OTC to RO/Special Case - OTC - Form 1/BRN Search' is clicked on

2018-12-14 10:10:58 - [TEST_STEP][PASSED] - delay: Delayed 4 second(s)

2018-12-14 10:11:02 - [MESSAGE][PASSED] - Delayed 4 second(s)

2018-12-14 10:11:02 - [TEST_STEP][PASSED] - click: Object: 'Object Repository/Final Object Repo/New Registration - Registration Module Pages/New Reg - OTC to RO/Special Case - OTC - Form 1/Registered with SSM - After Feb 2017' is clicked on

2018-12-14 10:11:02 - [MESSAGE][PASSED] - Object: 'Object Repository/Final Object Repo/New Registration - Registration Module Pages/New Reg - OTC to RO/Special Case - OTC - Form 1/Registered with SSM - After Feb 2017' is clicked on

2018-12-14 10:11:02 - [TEST_STEP][PASSED] - delay: Delayed 2 second(s)

2018-12-14 10:11:04 - [MESSAGE][PASSED] - Delayed 2 second(s)

2018-12-14 10:11:04 - [TEST_STEP][PASSED] - click: Object: 'Object Repository/Final Object Repo/New Registration - Registration Module Pages/Form 1/Registered As a Branch - Yes' is clicked on

2018-12-14 10:11:04 - [MESSAGE][PASSED] - Object: 'Object Repository/Final Object Repo/New Registration - Registration Module Pages/Form 1/Registered As a Branch - Yes' is clicked on

2018-12-14 10:11:04 - [TEST_STEP][PASSED] - click: Object: 'Object Repository/Final Object Repo/New Registration - Registration Module Pages/New Reg - OTC to RO/Special Case - OTC - Form 1/Acknowledgement Ticked' is clicked on

2018-12-14 10:11:04 - [MESSAGE][PASSED] - Object: 'Object Repository/Final Object Repo/New Registration - Registration Module Pages/New Reg - OTC to RO/Special Case - OTC - Form 1/Acknowledgement Ticked' is clicked on

2018-12-14 10:11:04 - [TEST_STEP][PASSED] - setText: Text 'perkeso271932472168@gmail.com' is set on object 'Object Repository/Final Object Repo/New Registration - Registration Module Pages/Form 1/Email'

2018-12-14 10:11:05 - [MESSAGE][PASSED] - Text 'perkeso271932472168@gmail.com' is set on object 'Object Repository/Final Object Repo/New Registration - Registration Module Pages/Form 1/Email'

2018-12-14 10:11:05 - [TEST_STEP][PASSED] - click: Object: 'Object Repository/Final Object Repo/New Registration - Registration Module Pages/New Reg - OTC to RO/Special Case - OTC - Form 1/Submit Button' is clicked on

2018-12-14 10:11:05 - [MESSAGE][PASSED] - Object: 'Object Repository/Final Object Repo/New Registration - Registration Module Pages/New Reg - OTC to RO/Special Case - OTC - Form 1/Submit Button' is clicked on

2018-12-14 10:11:05 - [TEST_STEP][PASSED] - callTestCase: Call Test Case 'Test Cases/Final Aug 2018 - PKS Automation/Registration Module/New Registration/Form 2/Add 1 Eligible - Employer Account Use' successfully

2018-12-14 10:11:05 - [TEST_CASE][PASSED] - Test Cases/Final Aug 2018 - PKS Automation/Registration Module/New Registration/Form 2/Add 1 Eligible - Employer Account Use: Test Cases/Final Aug 2018 - PKS Automation/Registration Module/New Registration/Form 2/Add 1 Eligible - Employer Account Use

2018-12-14 10:11:05 - [TEST_STEP][PASSED] - delay: Delayed 2 second(s)

2018-12-14 10:11:07 - [MESSAGE][PASSED] - Delayed 2 second(s)

2018-12-14 10:11:07 - [TEST_STEP][PASSED] - callTestCase: Call Test Case 'Test Cases/Final Aug 2018 - PKS Automation/Registration Module/New Registration/Form 2/Date Updater' successfully

2018-12-14 10:11:07 - [TEST_CASE][PASSED] - Test Cases/Final Aug 2018 - PKS Automation/Registration Module/New Registration/Form 2/Date Updater: Test Cases/Final Aug 2018 - PKS Automation/Registration Module/New Registration/Form 2/Date Updater

2018-12-14 10:11:07 - [TEST_STEP][PASSED] - Statement - TodayDate = new java.util.Date(): null

2018-12-14 10:11:07 - [TEST_STEP][PASSED] - Statement - CurrentDateNoFilter = new java.text.SimpleDateFormat(): null

2018-12-14 10:11:07 - [TEST_STEP][PASSED] - Statement - CurrentDateNoFilter.applyPattern("MM"): null

2018-12-14 10:11:07 - [TEST_STEP][PASSED] - Statement - monthContainerMatcher = java.lang.Integer.parseInt(CurrentDateNoFilter.format(TodayDate)): null

2018-12-14 10:11:07 - [TEST_STEP][PASSED] - Statement - monthContainerMatcher = monthContainerMatcher - 1: null

2018-12-14 10:11:07 - [TEST_STEP][PASSED] - Statement - CurrentMonth = monthContainerMatcher.toString(): null

2018-12-14 10:11:07 - [TEST_STEP][PASSED] - Statement - CurrentMonth = CurrentMonth: null

2018-12-14 10:11:07 - [TEST_STEP][PASSED] - Statement - CurrentDateNoFilter.applyPattern("yyyy"): null

2018-12-14 10:11:07 - [TEST_STEP][PASSED] - Statement - CurrentYear = CurrentDateNoFilter.format(TodayDate): null

2018-12-14 10:11:07 - [TEST_STEP][PASSED] - Statement - CurrentYear = CurrentYear: null

2018-12-14 10:11:07 - [TEST_STEP][PASSED] - Statement - intCurrentYear = java.lang.Integer.parseInt(CurrentDateNoFilter.format(TodayDate)): null

2018-12-14 10:11:07 - [TEST_STEP][PASSED] - Statement - eighteenYrsAgo = intCurrentYear - 18: null

2018-12-14 10:11:07 - [TEST_STEP][PASSED] - Statement - eighteenYrsBeforeThisYr = eighteenYrsAgo.toString(): null

2018-12-14 10:11:07 - [TEST_STEP][PASSED] - Statement - EighteenYrsBefore = eighteenYrsBeforeThisYr: null

2018-12-14 10:11:07 - [TEST_STEP][PASSED] - Statement - fiftysevenYrsAgo = intCurrentYear - 57: null

2018-12-14 10:11:07 - [TEST_STEP][PASSED] - Statement - fiftysevenYrsBeforeThisYr = fiftysevenYrsAgo.toString(): null

2018-12-14 10:11:07 - [TEST_STEP][PASSED] - Statement - FiftysevenYrsBefore = fiftysevenYrsBeforeThisYr: null

2018-12-14 10:11:07 - [TEST_STEP][PASSED] - Statement - leapYear = false: null

2018-12-14 10:11:07 - [TEST_STEP][PASSED] - Statement - leapYear = intCurrentYear % 4 == 0: null

2018-12-14 10:11:07 - [TEST_STEP][PASSED] - Statement - CurrentDateNoFilter.applyPattern("dd"): null

2018-12-14 10:11:07 - [TEST_STEP][PASSED] - Statement - CurrentDate = CurrentDateNoFilter.format(TodayDate): null

2018-12-14 10:11:07 - [TEST_STEP][PASSED] - Statement - CurrentDate = java.lang.Integer.parseInt(CurrentDate): null

2018-12-14 10:11:07 - [TEST_STEP][PASSED] - Statement - CurrentDate = CurrentDate: null

2018-12-14 10:11:07 - [TEST_STEP][PASSED] - Statement - CurrentDay = java.lang.Integer.parseInt(CurrentDate): null

2018-12-14 10:11:07 - [TEST_STEP][PASSED] - Statement - ConfAdder = <not implemented yet for class: org.codehaus.groovy.ast.expr.EmptyExpression>: null

2018-12-14 10:11:07 - [TEST_STEP][PASSED] - Statement - out.println(CurrentMonth): null

2018-12-14 10:11:07 - [TEST_STEP][PASSED] - Statement - out.println(CurrentDate): null

2018-12-14 10:11:07 - [TEST_STEP][PASSED] - Statement - switch (CurrentDate): null

2018-12-14 10:11:07 - [TEST_STEP][PASSED] - Statement - Default: null

2018-12-14 10:11:07 - [TEST_STEP][PASSED] - Statement - ConfAdder = true: null

2018-12-14 10:11:07 - [TEST_STEP][PASSED] - Statement - Break: null

2018-12-14 10:11:07 - [TEST_STEP][PASSED] - Statement - aDayBefore = <not implemented yet for class: org.codehaus.groovy.ast.expr.EmptyExpression>: null

2018-12-14 10:11:07 - [TEST_STEP][PASSED] - Statement - out.println(ConfAdder): null

2018-12-14 10:11:07 - [TEST_STEP][PASSED] - Statement - If (ConfAdder == true): null

2018-12-14 10:11:07 - [TEST_STEP][PASSED] - Statement - aDayBefore = CurrentDay + 1: null

2018-12-14 10:11:07 - [TEST_STEP][PASSED] - Statement - out.println(aDayBefore): null

2018-12-14 10:11:07 - [TEST_STEP][PASSED] - Statement - If (aDayBefore == 1 && CurrentMonth == 11): null

2018-12-14 10:11:07 - [TEST_STEP][PASSED] - Statement - DayBefore = aDayBefore.toString(): null

2018-12-14 10:11:07 - [TEST_STEP][PASSED] - Statement - OneDayBefore = DayBefore: null

2018-12-14 10:11:07 - [MESSAGE][PASSED] - Call Test Case 'Test Cases/Final Aug 2018 - PKS Automation/Registration Module/New Registration/Form 2/Date Updater' successfully

2018-12-14 10:11:07 - [TEST_STEP][PASSED] - delay: Delayed 1 second(s)

2018-12-14 10:11:08 - [MESSAGE][PASSED] - Delayed 1 second(s)

2018-12-14 10:11:08 - [TEST_STEP][PASSED] - Statement - CaseReferenceNo = com.kms.katalon.core.webui.keyword.WebUiBuiltInKeywords.getText(com.kms.katalon.core.testobject.ObjectRepository.findTestObject(Final Object Repo/New Registration - Registration Module Pages/Form 2/RefNo Acquiring)): Text of object 'Object Repository/Final Object Repo/New Registration - Registration Module Pages/Form 2/RefNo Acquiring' is: 'CRN12201800123333'

2018-12-14 10:11:09 - [MESSAGE][PASSED] - Text of object 'Object Repository/Final Object Repo/New Registration - Registration Module Pages/Form 2/RefNo Acquiring' is: 'CRN12201800123333'

2018-12-14 10:11:09 - [TEST_STEP][PASSED] - delay: Delayed 1 second(s)

2018-12-14 10:11:10 - [MESSAGE][PASSED] - Delayed 1 second(s)

2018-12-14 10:11:10 - [TEST_STEP][PASSED] - click: Object: 'Object Repository/Final Object Repo/New Registration - Registration Module Pages/Form 2/Add Employee Button' is clicked on

2018-12-14 10:11:10 - [MESSAGE][PASSED] - Object: 'Object Repository/Final Object Repo/New Registration - Registration Module Pages/Form 2/Add Employee Button' is clicked on

2018-12-14 10:11:10 - [TEST_STEP][PASSED] - delay: Delayed 1 second(s)

2018-12-14 10:11:11 - [MESSAGE][PASSED] - Delayed 1 second(s)

2018-12-14 10:11:11 - [TEST_STEP][PASSED] - setText: Text '010903091948' is set on object 'Object Repository/Final Object Repo/New Registration - Registration Module Pages/Form 2/NRIC Input'

2018-12-14 10:11:11 - [MESSAGE][PASSED] - Text '010903091948' is set on object 'Object Repository/Final Object Repo/New Registration - Registration Module Pages/Form 2/NRIC Input'

2018-12-14 10:11:11 - [TEST_STEP][PASSED] - delay: Delayed 2 second(s)

2018-12-14 10:11:13 - [MESSAGE][PASSED] - Delayed 2 second(s)

2018-12-14 10:11:13 - [TEST_STEP][PASSED] - setText: Text 'Automate001 eligible 1' is set on object 'Object Repository/Final Object Repo/New Registration - Registration Module Pages/Form 2/Employee Name Input'

2018-12-14 10:11:14 - [MESSAGE][PASSED] - Text 'Automate001 eligible 1' is set on object 'Object Repository/Final Object Repo/New Registration - Registration Module Pages/Form 2/Employee Name Input'

2018-12-14 10:11:14 - [TEST_STEP][PASSED] - delay: Delayed 2 second(s)

2018-12-14 10:11:16 - [MESSAGE][PASSED] - Delayed 2 second(s)

2018-12-14 10:11:16 - [TEST_STEP][PASSED] - click: Object: 'Object Repository/Final Object Repo/New Registration - Registration Module Pages/Form 2/DatePicker Pop Up' is clicked on

2018-12-14 10:11:16 - [MESSAGE][PASSED] - Object: 'Object Repository/Final Object Repo/New Registration - Registration Module Pages/Form 2/DatePicker Pop Up' is clicked on

2018-12-14 10:11:16 - [TEST_STEP][PASSED] - click: Object: 'Object Repository/Final Object Repo/New Registration - Registration Module Pages/Form 2/DOB Month' is clicked on

2018-12-14 10:11:16 - [MESSAGE][PASSED] - Object: 'Object Repository/Final Object Repo/New Registration - Registration Module Pages/Form 2/DOB Month' is clicked on

2018-12-14 10:11:16 - [TEST_STEP][PASSED] - Statement - CurrentMonth = CurrentMonth: null

2018-12-14 10:11:16 - [TEST_STEP][PASSED] - Statement - selectMonth = new com.kms.katalon.core.testobject.TestObject(): null

2018-12-14 10:11:16 - [TEST_STEP][PASSED] - Statement - selectMonth.addProperty("xpath", EQUALS, "//body/div/div/div/select/option[@value='" + CurrentMonth + "']", true): null

2018-12-14 10:11:16 - [TEST_STEP][PASSED] - click: Object: '' is clicked on

2018-12-14 10:11:16 - [MESSAGE][PASSED] - Object: '' is clicked on

2018-12-14 10:11:16 - [TEST_STEP][PASSED] - click: Object: 'Object Repository/Final Object Repo/New Registration - Registration Module Pages/Form 2/DOB Year' is clicked on

2018-12-14 10:11:16 - [MESSAGE][PASSED] - Object: 'Object Repository/Final Object Repo/New Registration - Registration Module Pages/Form 2/DOB Year' is clicked on

2018-12-14 10:11:16 - [TEST_STEP][PASSED] - Statement - Eyearsbf = EighteenYrsBefore: null

2018-12-14 10:11:16 - [TEST_STEP][PASSED] - Statement - selectYear = new com.kms.katalon.core.testobject.TestObject(): null

2018-12-14 10:11:16 - [TEST_STEP][PASSED] - Statement - selectYear.addProperty("xpath", EQUALS, "//div/div/div/select/option[@value='" + Eyearsbf + "']", true): null

2018-12-14 10:11:16 - [TEST_STEP][PASSED] - click: Object: '' is clicked on

2018-12-14 10:11:16 - [MESSAGE][PASSED] - Object: '' is clicked on

2018-12-14 10:11:16 - [TEST_STEP][PASSED] - Statement - UpdatedSelectDate = com.kms.katalon.core.webui.keyword.WebUiBuiltInKeywords.modifyObjectProperty(com.kms.katalon.core.testobject.ObjectRepository.findTestObject(Final Object Repo/New Registration - Registration Module Pages/Form 2/DOB Date), "xpath", "equals", "//body/div/table/tbody/tr/td/a[text()="" + CurrentDate + ""]", true): Modify property of object successfully

2018-12-14 10:11:16 - [MESSAGE][PASSED] - Modify property of object successfully

2018-12-14 10:11:16 - [TEST_STEP][PASSED] - delay: Delayed 3 second(s)

2018-12-14 10:11:19 - [MESSAGE][PASSED] - Delayed 3 second(s)

2018-12-14 10:11:19 - [TEST_STEP][PASSED] - click: Object: 'Object Repository/Final Object Repo/New Registration - Registration Module Pages/Form 2/DOB Date' is clicked on

2018-12-14 10:11:20 - [MESSAGE][PASSED] - Object: 'Object Repository/Final Object Repo/New Registration - Registration Module Pages/Form 2/DOB Date' is clicked on

2018-12-14 10:11:20 - [TEST_STEP][PASSED] - delay: Delayed 2 second(s)

2018-12-14 10:11:22 - [MESSAGE][PASSED] - Delayed 2 second(s)

2018-12-14 10:11:22 - [TEST_STEP][PASSED] - click: Object: 'Object Repository/Final Object Repo/New Registration - Registration Module Pages/Form 2/EmploymentStartDate Pop Up' is clicked on

2018-12-14 10:11:22 - [MESSAGE][PASSED] - Object: 'Object Repository/Final Object Repo/New Registration - Registration Module Pages/Form 2/EmploymentStartDate Pop Up' is clicked on

2018-12-14 10:11:22 - [TEST_STEP][PASSED] - delay: Delayed 2 second(s)

2018-12-14 10:11:24 - [MESSAGE][PASSED] - Delayed 2 second(s)

2018-12-14 10:11:24 - [TEST_STEP][PASSED] - click: Object: 'Object Repository/Final Object Repo/New Registration - Registration Module Pages/Form 2/Socso Employment StartDate Month' is clicked on

2018-12-14 10:11:24 - [MESSAGE][PASSED] - Object: 'Object Repository/Final Object Repo/New Registration - Registration Module Pages/Form 2/Socso Employment StartDate Month' is clicked on

2018-12-14 10:11:24 - [TEST_STEP][PASSED] - delay: Delayed 1 second(s)

2018-12-14 10:11:25 - [MESSAGE][PASSED] - Delayed 1 second(s)

2018-12-14 10:11:25 - [TEST_STEP][PASSED] - click: Object: 'Object Repository/Final Object Repo/New Registration - Registration Module Pages/Form 2/Select Socso Employement Startdate Month' is clicked on

2018-12-14 10:11:25 - [MESSAGE][PASSED] - Object: 'Object Repository/Final Object Repo/New Registration - Registration Module Pages/Form 2/Select Socso Employement Startdate Month' is clicked on

2018-12-14 10:11:25 - [TEST_STEP][PASSED] - delay: Delayed 2 second(s)

2018-12-14 10:11:27 - [MESSAGE][PASSED] - Delayed 2 second(s)

2018-12-14 10:11:27 - [TEST_STEP][PASSED] - click: Object: 'Object Repository/Final Object Repo/New Registration - Registration Module Pages/Form 2/Socso Employment StartDate Year' is clicked on

2018-12-14 10:11:27 - [MESSAGE][PASSED] - Object: 'Object Repository/Final Object Repo/New Registration - Registration Module Pages/Form 2/Socso Employment StartDate Year' is clicked on

2018-12-14 10:11:27 - [TEST_STEP][PASSED] - delay: Delayed 1 second(s)

2018-12-14 10:11:28 - [MESSAGE][PASSED] - Delayed 1 second(s)

2018-12-14 10:11:28 - [TEST_STEP][PASSED] - click: Object: 'Object Repository/Final Object Repo/New Registration - Registration Module Pages/Form 2/Select Socso Employment Startdate Year' is clicked on

2018-12-14 10:11:28 - [MESSAGE][PASSED] - Object: 'Object Repository/Final Object Repo/New Registration - Registration Module Pages/Form 2/Select Socso Employment Startdate Year' is clicked on

2018-12-14 10:11:28 - [TEST_STEP][PASSED] - delay: Delayed 2 second(s)

2018-12-14 10:11:30 - [MESSAGE][PASSED] - Delayed 2 second(s)

2018-12-14 10:11:30 - [TEST_STEP][PASSED] - click: Object: 'Object Repository/Final Object Repo/New Registration - Registration Module Pages/Form 2/Socso Employment Start Date Day' is clicked on

2018-12-14 10:11:31 - [MESSAGE][PASSED] - Object: 'Object Repository/Final Object Repo/New Registration - Registration Module Pages/Form 2/Socso Employment Start Date Day' is clicked on

2018-12-14 10:11:31 - [TEST_STEP][PASSED] - delay: Delayed 2 second(s)

2018-12-14 10:11:33 - [MESSAGE][PASSED] - Delayed 2 second(s)

2018-12-14 10:11:33 - [TEST_STEP][PASSED] - click: Object: 'Object Repository/Final Object Repo/New Registration - Registration Module Pages/Form 2/Save Button for Add Employee' is clicked on

2018-12-14 10:11:33 - [MESSAGE][PASSED] - Object: 'Object Repository/Final Object Repo/New Registration - Registration Module Pages/Form 2/Save Button for Add Employee' is clicked on

2018-12-14 10:11:33 - [TEST_STEP][PASSED] - delay: Delayed 6 second(s)

2018-12-14 10:11:39 - [MESSAGE][PASSED] - Delayed 6 second(s)

2018-12-14 10:11:39 - [TEST_STEP][PASSED] - click: Object: 'Object Repository/Final Object Repo/New Registration - Registration Module Pages/Form 2/Save and Continue Form 2' is clicked on

2018-12-14 10:11:39 - [MESSAGE][PASSED] - Object: 'Object Repository/Final Object Repo/New Registration - Registration Module Pages/Form 2/Save and Continue Form 2' is clicked on

2018-12-14 10:11:39 - [MESSAGE][PASSED] - Call Test Case 'Test Cases/Final Aug 2018 - PKS Automation/Registration Module/New Registration/Form 2/Add 1 Eligible - Employer Account Use' successfully

2018-12-14 10:11:39 - [TEST_STEP][PASSED] - callTestCase: Call Test Case 'Test Cases/Final Aug 2018 - PKS Automation/Registration Module/New Registration/Flow of New Registration/Third Screen - Upload Supporting Doc - Preview' successfully

2018-12-14 10:11:39 - [TEST_CASE][PASSED] - Test Cases/Final Aug 2018 - PKS Automation/Registration Module/New Registration/Flow of New Registration/Third Screen - Upload Supporting Doc - Preview: Test Cases/Final Aug 2018 - PKS Automation/Registration Module/New Registration/Flow of New Registration/Third Screen - Upload Supporting Doc - Preview

2018-12-14 10:11:39 - [TEST_STEP][PASSED] - waitForPageLoad: Wait for page load successfully

2018-12-14 10:11:40 - [MESSAGE][PASSED] - Wait for page load successfully

2018-12-14 10:11:40 - [TEST_STEP][PASSED] - Statement - CaseReferenceNo = com.kms.katalon.core.webui.keyword.WebUiBuiltInKeywords.getText(com.kms.katalon.core.testobject.ObjectRepository.findTestObject(Final Object Repo/New Registration - Registration Module Pages/Third Screen - Upload Supporting Doc- Preview/RefNo Acquiring)): Text of object 'Object Repository/Final Object Repo/New Registration - Registration Module Pages/Third Screen - Upload Supporting Doc- Preview/RefNo Acquiring' is: 'CRN12201800123333'

2018-12-14 10:11:40 - [MESSAGE][PASSED] - Text of object 'Object Repository/Final Object Repo/New Registration - Registration Module Pages/Third Screen - Upload Supporting Doc- Preview/RefNo Acquiring' is: 'CRN12201800123333'

2018-12-14 10:11:40 - [TEST_STEP][PASSED] - delay: Delayed 2 second(s)

2018-12-14 10:11:42 - [MESSAGE][PASSED] - Delayed 2 second(s)

2018-12-14 10:11:42 - [TEST_STEP][PASSED] - callTestCase: Call Test Case 'Test Cases/Final Aug 2018 - PKS Automation/Common/Reference Number Setter' successfully

2018-12-14 10:11:42 - [TEST_CASE][PASSED] - Test Cases/Final Aug 2018 - PKS Automation/Common/Reference Number Setter: Test Cases/Final Aug 2018 - PKS Automation/Common/Reference Number Setter

2018-12-14 10:11:42 - [TEST_STEP][PASSED] - Statement - RefNoOldFile = new java.io.File(C://Users//Admin//Desktop//PKS//Automation Reference Point//KatalonReference.txt): null

2018-12-14 10:11:42 - [TEST_STEP][PASSED] - Statement - RefNoOldFile.delete(): null

2018-12-14 10:11:42 - [TEST_STEP][PASSED] - delay: Delayed 5 second(s)

2018-12-14 10:11:47 - [MESSAGE][PASSED] - Delayed 5 second(s)

2018-12-14 10:11:47 - [TEST_STEP][PASSED] - Statement - RefNo = new java.io.File(C://Users//Admin//Desktop//PKS//Automation Reference Point//KatalonReference.txt): null

2018-12-14 10:11:47 - [TEST_STEP][PASSED] - Statement - f2 = new java.io.FileWriter(RefNo, false): null

2018-12-14 10:11:47 - [TEST_STEP][PASSED] - Statement - f2.write(CaseReferenceNo): null

2018-12-14 10:11:47 - [TEST_STEP][PASSED] - Statement - f2.close(): null

2018-12-14 10:11:47 - [TEST_STEP][PASSED] - Statement - out.println("


" + CaseReferenceNo + "


"): null

2018-12-14 10:11:47 - [MESSAGE][PASSED] - Call Test Case 'Test Cases/Final Aug 2018 - PKS Automation/Common/Reference Number Setter' successfully

2018-12-14 10:11:47 - [TEST_STEP][PASSED] - waitForElementClickable: Object 'Object Repository/Final Object Repo/New Registration - Registration Module Pages/Third Screen - Upload Supporting Doc- Preview/Save n Continue in SIP Employee Listing Page' is clickable

2018-12-14 10:11:47 - [MESSAGE][PASSED] - Object 'Object Repository/Final Object Repo/New Registration - Registration Module Pages/Third Screen - Upload Supporting Doc- Preview/Save n Continue in SIP Employee Listing Page' is clickable

2018-12-14 10:11:47 - [TEST_STEP][PASSED] - click: Object: 'Object Repository/Final Object Repo/New Registration - Registration Module Pages/Third Screen - Upload Supporting Doc- Preview/Save n Continue in SIP Employee Listing Page' is clicked on

2018-12-14 10:11:53 - [MESSAGE][PASSED] - Object: 'Object Repository/Final Object Repo/New Registration - Registration Module Pages/Third Screen - Upload Supporting Doc- Preview/Save n Continue in SIP Employee Listing Page' is clicked on

2018-12-14 10:11:53 - [TEST_STEP][PASSED] - delay: Delayed 7 second(s)

2018-12-14 10:12:00 - [MESSAGE][PASSED] - Delayed 7 second(s)

2018-12-14 10:12:00 - [TEST_STEP][PASSED] - click: Object: 'Object Repository/Final Object Repo/New Registration - Registration Module Pages/Third Screen - Upload Supporting Doc- Preview/Add Document Button' is clicked on

2018-12-14 10:12:00 - [MESSAGE][PASSED] - Object: 'Object Repository/Final Object Repo/New Registration - Registration Module Pages/Third Screen - Upload Supporting Doc- Preview/Add Document Button' is clicked on

2018-12-14 10:12:00 - [TEST_STEP][PASSED] - delay: Delayed 30 second(s)

2018-12-14 10:12:30 - [MESSAGE][PASSED] - Delayed 30 second(s)

2018-12-14 10:12:30 - [TEST_STEP][PASSED] - click: Object: 'Object Repository/Final Object Repo/New Registration - Registration Module Pages/Third Screen - Upload Supporting Doc- Preview/Supporting Doc Please Select Drop Down' is clicked on

2018-12-14 10:12:30 - [MESSAGE][PASSED] - Object: 'Object Repository/Final Object Repo/New Registration - Registration Module Pages/Third Screen - Upload Supporting Doc- Preview/Supporting Doc Please Select Drop Down' is clicked on

2018-12-14 10:12:30 - [TEST_STEP][PASSED] - delay: Delayed 2 second(s)

2018-12-14 10:12:32 - [MESSAGE][PASSED] - Delayed 2 second(s)

2018-12-14 10:12:32 - [TEST_STEP][PASSED] - click: Object: 'Object Repository/Final Object Repo/New Registration - Registration Module Pages/Third Screen - Upload Supporting Doc- Preview/Select to Upload Form 1' is clicked on

2018-12-14 10:12:33 - [MESSAGE][PASSED] - Object: 'Object Repository/Final Object Repo/New Registration - Registration Module Pages/Third Screen - Upload Supporting Doc- Preview/Select to Upload Form 1' is clicked on

2018-12-14 10:12:33 - [TEST_STEP][PASSED] - delay: Delayed 2 second(s)

2018-12-14 10:12:35 - [MESSAGE][PASSED] - Delayed 2 second(s)

2018-12-14 10:12:35 - [TEST_STEP][PASSED] - uploadFile: File 'C:\Users\Public\Pictures\Sample Pictures\Koala.jpg' sent to object: 'Object Repository/Final Object Repo/New Registration - Registration Module Pages/Third Screen - Upload Supporting Doc- Preview/Upload File Adding'

2018-12-14 10:12:35 - [MESSAGE][PASSED] - File 'C:\Users\Public\Pictures\Sample Pictures\Koala.jpg' sent to object: 'Object Repository/Final Object Repo/New Registration - Registration Module Pages/Third Screen - Upload Supporting Doc- Preview/Upload File Adding'

2018-12-14 10:12:35 - [TEST_STEP][PASSED] - delay: Delayed 5 second(s)

2018-12-14 10:12:40 - [MESSAGE][PASSED] - Delayed 5 second(s)

2018-12-14 10:12:40 - [TEST_STEP][PASSED] - click: Object: 'Object Repository/Final Object Repo/New Registration - Registration Module Pages/Third Screen - Upload Supporting Doc- Preview/Inner Form Add Document Button' is clicked on

2018-12-14 10:12:40 - [MESSAGE][PASSED] - Object: 'Object Repository/Final Object Repo/New Registration - Registration Module Pages/Third Screen - Upload Supporting Doc- Preview/Inner Form Add Document Button' is clicked on

2018-12-14 10:12:40 - [TEST_STEP][PASSED] - delay: Delayed 3 second(s)

2018-12-14 10:12:43 - [MESSAGE][PASSED] - Delayed 3 second(s)

2018-12-14 10:12:43 - [TEST_STEP][PASSED] - click: Object: 'Object Repository/Final Object Repo/New Registration - Registration Module Pages/Third Screen - Upload Supporting Doc- Preview/Add Document Button' is clicked on

2018-12-14 10:12:44 - [MESSAGE][PASSED] - Object: 'Object Repository/Final Object Repo/New Registration - Registration Module Pages/Third Screen - Upload Supporting Doc- Preview/Add Document Button' is clicked on

2018-12-14 10:12:44 - [TEST_STEP][PASSED] - delay: Delayed 30 second(s)

2018-12-14 10:13:14 - [MESSAGE][PASSED] - Delayed 30 second(s)

2018-12-14 10:13:14 - [TEST_STEP][PASSED] - click: Object: 'Object Repository/Final Object Repo/New Registration - Registration Module Pages/Third Screen - Upload Supporting Doc- Preview/Supporting Doc Please Select Drop Down' is clicked on

2018-12-14 10:13:14 - [MESSAGE][PASSED] - Object: 'Object Repository/Final Object Repo/New Registration - Registration Module Pages/Third Screen - Upload Supporting Doc- Preview/Supporting Doc Please Select Drop Down' is clicked on

2018-12-14 10:13:14 - [TEST_STEP][PASSED] - delay: Delayed 4 second(s)

2018-12-14 10:13:18 - [MESSAGE][PASSED] - Delayed 4 second(s)

2018-12-14 10:13:18 - [TEST_STEP][PASSED] - click: Object: 'Object Repository/Final Object Repo/New Registration - Registration Module Pages/Third Screen - Upload Supporting Doc- Preview/Select to Upload Form 2' is clicked on

2018-12-14 10:13:19 - [MESSAGE][PASSED] - Object: 'Object Repository/Final Object Repo/New Registration - Registration Module Pages/Third Screen - Upload Supporting Doc- Preview/Select to Upload Form 2' is clicked on

2018-12-14 10:13:19 - [TEST_STEP][PASSED] - delay: Delayed 2 second(s)

2018-12-14 10:13:21 - [MESSAGE][PASSED] - Delayed 2 second(s)

2018-12-14 10:13:21 - [TEST_STEP][PASSED] - uploadFile: File 'C:\Users\Public\Pictures\Sample Pictures\Koala.jpg' sent to object: 'Object Repository/Final Object Repo/New Registration - Registration Module Pages/Third Screen - Upload Supporting Doc- Preview/Upload File Adding'

2018-12-14 10:13:21 - [MESSAGE][PASSED] - File 'C:\Users\Public\Pictures\Sample Pictures\Koala.jpg' sent to object: 'Object Repository/Final Object Repo/New Registration - Registration Module Pages/Third Screen - Upload Supporting Doc- Preview/Upload File Adding'

2018-12-14 10:13:21 - [TEST_STEP][PASSED] - click: Object: 'Object Repository/Final Object Repo/New Registration - Registration Module Pages/Third Screen - Upload Supporting Doc- Preview/Inner Form Add Document Button' is clicked on

2018-12-14 10:13:21 - [MESSAGE][PASSED] - Object: 'Object Repository/Final Object Repo/New Registration - Registration Module Pages/Third Screen - Upload Supporting Doc- Preview/Inner Form Add Document Button' is clicked on

2018-12-14 10:13:21 - [TEST_STEP][PASSED] - delay: Delayed 5 second(s)

2018-12-14 10:13:26 - [MESSAGE][PASSED] - Delayed 5 second(s)

2018-12-14 10:13:26 - [TEST_STEP][PASSED] - click: Object: 'Object Repository/Final Object Repo/New Registration - Registration Module Pages/Third Screen - Upload Supporting Doc- Preview/Add Document Button' is clicked on

2018-12-14 10:13:26 - [MESSAGE][PASSED] - Object: 'Object Repository/Final Object Repo/New Registration - Registration Module Pages/Third Screen - Upload Supporting Doc- Preview/Add Document Button' is clicked on

2018-12-14 10:13:26 - [TEST_STEP][PASSED] - delay: Delayed 30 second(s)

2018-12-14 10:13:56 - [MESSAGE][PASSED] - Delayed 30 second(s)

2018-12-14 10:13:56 - [TEST_STEP][PASSED] - click: Object: 'Object Repository/Final Object Repo/New Registration - Registration Module Pages/Third Screen - Upload Supporting Doc- Preview/Supporting Doc Please Select Drop Down' is clicked on

2018-12-14 10:13:56 - [MESSAGE][PASSED] - Object: 'Object Repository/Final Object Repo/New Registration - Registration Module Pages/Third Screen - Upload Supporting Doc- Preview/Supporting Doc Please Select Drop Down' is clicked on

2018-12-14 10:13:56 - [TEST_STEP][PASSED] - click: Object: 'Object Repository/Final Object Repo/New Registration - Registration Module Pages/Third Screen - Upload Supporting Doc- Preview/Select to Upload Borang SIP 1' is clicked on

2018-12-14 10:13:56 - [MESSAGE][PASSED] - Object: 'Object Repository/Final Object Repo/New Registration - Registration Module Pages/Third Screen - Upload Supporting Doc- Preview/Select to Upload Borang SIP 1' is clicked on

2018-12-14 10:13:56 - [TEST_STEP][PASSED] - delay: Delayed 2 second(s)

2018-12-14 10:13:58 - [MESSAGE][PASSED] - Delayed 2 second(s)

2018-12-14 10:13:58 - [TEST_STEP][PASSED] - uploadFile: File 'C:\Users\Public\Pictures\Sample Pictures\Koala.jpg' sent to object: 'Object Repository/Final Object Repo/New Registration - Registration Module Pages/Third Screen - Upload Supporting Doc- Preview/Upload File Adding'

2018-12-14 10:13:58 - [MESSAGE][PASSED] - File 'C:\Users\Public\Pictures\Sample Pictures\Koala.jpg' sent to object: 'Object Repository/Final Object Repo/New Registration - Registration Module Pages/Third Screen - Upload Supporting Doc- Preview/Upload File Adding'

2018-12-14 10:13:58 - [TEST_STEP][PASSED] - click: Object: 'Object Repository/Final Object Repo/New Registration - Registration Module Pages/Third Screen - Upload Supporting Doc- Preview/Inner Form Add Document Button' is clicked on

2018-12-14 10:13:59 - [MESSAGE][PASSED] - Object: 'Object Repository/Final Object Repo/New Registration - Registration Module Pages/Third Screen - Upload Supporting Doc- Preview/Inner Form Add Document Button' is clicked on

2018-12-14 10:13:59 - [TEST_STEP][PASSED] - delay: Delayed 5 second(s)

2018-12-14 10:14:04 - [MESSAGE][PASSED] - Delayed 5 second(s)

2018-12-14 10:14:04 - [TEST_STEP][PASSED] - click: Object: 'Object Repository/Final Object Repo/New Registration - Registration Module Pages/Third Screen - Upload Supporting Doc- Preview/Add Document Button' is clicked on

2018-12-14 10:14:04 - [MESSAGE][PASSED] - Object: 'Object Repository/Final Object Repo/New Registration - Registration Module Pages/Third Screen - Upload Supporting Doc- Preview/Add Document Button' is clicked on

2018-12-14 10:14:04 - [TEST_STEP][PASSED] - delay: Delayed 30 second(s)

2018-12-14 10:14:34 - [MESSAGE][PASSED] - Delayed 30 second(s)

2018-12-14 10:14:34 - [TEST_STEP][PASSED] - click: Object: 'Object Repository/Final Object Repo/New Registration - Registration Module Pages/Third Screen - Upload Supporting Doc- Preview/Supporting Doc Please Select Drop Down' is clicked on

2018-12-14 10:14:34 - [MESSAGE][PASSED] - Object: 'Object Repository/Final Object Repo/New Registration - Registration Module Pages/Third Screen - Upload Supporting Doc- Preview/Supporting Doc Please Select Drop Down' is clicked on

2018-12-14 10:14:34 - [TEST_STEP][PASSED] - delay: Delayed 3 second(s)

2018-12-14 10:14:37 - [MESSAGE][PASSED] - Delayed 3 second(s)

2018-12-14 10:14:37 - [TEST_STEP][PASSED] - click: Object: 'Object Repository/Final Object Repo/New Registration - Registration Module Pages/Third Screen - Upload Supporting Doc- Preview/Select to Upload Borang SIP 2' is clicked on

2018-12-14 10:14:37 - [MESSAGE][PASSED] - Object: 'Object Repository/Final Object Repo/New Registration - Registration Module Pages/Third Screen - Upload Supporting Doc- Preview/Select to Upload Borang SIP 2' is clicked on

2018-12-14 10:14:37 - [TEST_STEP][PASSED] - delay: Delayed 2 second(s)

2018-12-14 10:14:39 - [MESSAGE][PASSED] - Delayed 2 second(s)

2018-12-14 10:14:39 - [TEST_STEP][PASSED] - uploadFile: File 'C:\Users\Public\Pictures\Sample Pictures\Koala.jpg' sent to object: 'Object Repository/Final Object Repo/New Registration - Registration Module Pages/Third Screen - Upload Supporting Doc- Preview/Upload File Adding'

2018-12-14 10:14:39 - [MESSAGE][PASSED] - File 'C:\Users\Public\Pictures\Sample Pictures\Koala.jpg' sent to object: 'Object Repository/Final Object Repo/New Registration - Registration Module Pages/Third Screen - Upload Supporting Doc- Preview/Upload File Adding'

2018-12-14 10:14:39 - [TEST_STEP][PASSED] - delay: Delayed 5 second(s)

2018-12-14 10:14:44 - [MESSAGE][PASSED] - Delayed 5 second(s)

2018-12-14 10:14:44 - [TEST_STEP][PASSED] - click: Object: 'Object Repository/Final Object Repo/New Registration - Registration Module Pages/Third Screen - Upload Supporting Doc- Preview/Inner Form Add Document Button' is clicked on

2018-12-14 10:14:45 - [MESSAGE][PASSED] - Object: 'Object Repository/Final Object Repo/New Registration - Registration Module Pages/Third Screen - Upload Supporting Doc- Preview/Inner Form Add Document Button' is clicked on

2018-12-14 10:14:45 - [TEST_STEP][PASSED] - delay: Delayed 3 second(s)

2018-12-14 10:14:48 - [MESSAGE][PASSED] - Delayed 3 second(s)

2018-12-14 10:14:48 - [TEST_STEP][PASSED] - waitForElementClickable: Object 'Object Repository/Final Object Repo/New Registration - Registration Module Pages/Third Screen - Upload Supporting Doc- Preview/Save n Continue in Uploading Supporting Doc Page' is clickable

2018-12-14 10:14:49 - [MESSAGE][PASSED] - Object 'Object Repository/Final Object Repo/New Registration - Registration Module Pages/Third Screen - Upload Supporting Doc- Preview/Save n Continue in Uploading Supporting Doc Page' is clickable

2018-12-14 10:14:49 - [TEST_STEP][PASSED] - click: Object: 'Object Repository/Final Object Repo/New Registration - Registration Module Pages/Third Screen - Upload Supporting Doc- Preview/Save n Continue in Uploading Supporting Doc Page' is clicked on

2018-12-14 10:14:49 - [MESSAGE][PASSED] - Object: 'Object Repository/Final Object Repo/New Registration - Registration Module Pages/Third Screen - Upload Supporting Doc- Preview/Save n Continue in Uploading Supporting Doc Page' is clicked on

2018-12-14 10:14:49 - [MESSAGE][PASSED] - Call Test Case 'Test Cases/Final Aug 2018 - PKS Automation/Registration Module/New Registration/Flow of New Registration/Third Screen - Upload Supporting Doc - Preview' successfully

2018-12-14 10:14:49 - [TEST_STEP][PASSED] - setText: Text 'Tester' is set on object 'Object Repository/Final Object Repo/New Registration - Registration Module Pages/New Reg - OTC to RO/Special Case - All Related Objects/Employer Preview Name'

2018-12-14 10:14:54 - [MESSAGE][PASSED] - Text 'Tester' is set on object 'Object Repository/Final Object Repo/New Registration - Registration Module Pages/New Reg - OTC to RO/Special Case - All Related Objects/Employer Preview Name'

2018-12-14 10:14:54 - [TEST_STEP][PASSED] - click: Object: 'Object Repository/Final Object Repo/New Registration - Registration Module Pages/New Reg - OTC to RO/Special Case - All Related Objects/IC Type Drop Down' is clicked on

2018-12-14 10:14:54 - [MESSAGE][PASSED] - Object: 'Object Repository/Final Object Repo/New Registration - Registration Module Pages/New Reg - OTC to RO/Special Case - All Related Objects/IC Type Drop Down' is clicked on

2018-12-14 10:14:54 - [TEST_STEP][PASSED] - click: Object: 'Object Repository/Final Object Repo/New Registration - Registration Module Pages/New Reg - OTC to RO/Special Case - All Related Objects/Select to NRIC' is clicked on

2018-12-14 10:14:54 - [MESSAGE][PASSED] - Object: 'Object Repository/Final Object Repo/New Registration - Registration Module Pages/New Reg - OTC to RO/Special Case - All Related Objects/Select to NRIC' is clicked on

2018-12-14 10:14:54 - [TEST_STEP][PASSED] - setText: Text '133245561223' is set on object 'Object Repository/Final Object Repo/New Registration - Registration Module Pages/New Reg - OTC to RO/Special Case - All Related Objects/IC Value'

2018-12-14 10:14:54 - [MESSAGE][PASSED] - Text '133245561223' is set on object 'Object Repository/Final Object Repo/New Registration - Registration Module Pages/New Reg - OTC to RO/Special Case - All Related Objects/IC Value'

2018-12-14 10:14:54 - [TEST_STEP][PASSED] - setText: Text 'Auto' is set on object 'Object Repository/Final Object Repo/New Registration - Registration Module Pages/New Reg - OTC to RO/Special Case - All Related Objects/Designation'

2018-12-14 10:14:55 - [MESSAGE][PASSED] - Text 'Auto' is set on object 'Object Repository/Final Object Repo/New Registration - Registration Module Pages/New Reg - OTC to RO/Special Case - All Related Objects/Designation'

2018-12-14 10:14:55 - [TEST_STEP][PASSED] - callTestCase: Call Test Case 'Test Cases/Final Aug 2018 - PKS Automation/Registration Module/New Registration/Submit and Screenshot/Submit Registration and Screenshot - Copy' successfully

2018-12-14 10:14:55 - [TEST_CASE][PASSED] - Test Cases/Final Aug 2018 - PKS Automation/Registration Module/New Registration/Submit and Screenshot/Submit Registration and Screenshot - Copy: Test Cases/Final Aug 2018 - PKS Automation/Registration Module/New Registration/Submit and Screenshot/Submit Registration and Screenshot - Copy

2018-12-14 10:14:55 - [TEST_STEP][PASSED] - delay: Delayed 6 second(s)

2018-12-14 10:15:01 - [MESSAGE][PASSED] - Delayed 6 second(s)

2018-12-14 10:15:01 - [TEST_STEP][PASSED] - click: Object: 'Object Repository/Final Object Repo/New Registration - Registration Module Pages/Third Screen - Upload Supporting Doc- Preview/Preview Submit Button' is clicked on

2018-12-14 10:15:01 - [MESSAGE][PASSED] - Object: 'Object Repository/Final Object Repo/New Registration - Registration Module Pages/Third Screen - Upload Supporting Doc- Preview/Preview Submit Button' is clicked on

2018-12-14 10:15:01 - [TEST_STEP][PASSED] - delay: Delayed 2 second(s)

2018-12-14 10:15:03 - [MESSAGE][PASSED] - Delayed 2 second(s)

2018-12-14 10:15:03 - [TEST_STEP][PASSED] - click: Object: 'Object Repository/Final Object Repo/New Registration - Registration Module Pages/Third Screen - Upload Supporting Doc- Preview/Preview Submit - Confirm' is clicked on

2018-12-14 10:15:03 - [MESSAGE][PASSED] - Object: 'Object Repository/Final Object Repo/New Registration - Registration Module Pages/Third Screen - Upload Supporting Doc- Preview/Preview Submit - Confirm' is clicked on

2018-12-14 10:15:03 - [TEST_STEP][PASSED] - delay: Delayed 15 second(s)

2018-12-14 10:15:18 - [MESSAGE][PASSED] - Delayed 15 second(s)

2018-12-14 10:15:18 - [TEST_STEP][PASSED] - Statement - driver = com.kms.katalon.core.webui.driver.DriverFactory.getWebDriver(): null

2018-12-14 10:15:18 - [TEST_STEP][PASSED] - Statement - driver.manage().timeouts().implicitlyWait(10, SECONDS): null

2018-12-14 10:15:18 - [TEST_STEP][PASSED] - Statement - PresavePath = KatalonScreenshots: null

2018-12-14 10:15:18 - [TEST_STEP][PASSED] - Statement - pathPrefix = "C:\Users\Public\Pictures\Sample Pictures\Katalon Screenshots\Automate Ending Screen": null

2018-12-14 10:15:18 - [TEST_STEP][PASSED] - Statement - finalPath = <not implemented yet for class: org.codehaus.groovy.ast.expr.EmptyExpression>: null

2018-12-14 10:15:18 - [TEST_STEP][PASSED] - Statement - scrFile = driver.getScreenshotAs(FILE): null

2018-12-14 10:15:18 - [TEST_STEP][PASSED] - Statement - PreSaveFile = new java.io.File(PresavePath): null

2018-12-14 10:15:18 - [TEST_STEP][PASSED] - Statement - counter = 0: null

2018-12-14 10:15:18 - [TEST_STEP][PASSED] - Statement - If (PreSaveFile.exists()): null

2018-12-14 10:15:18 - [TEST_STEP][PASSED] - Statement - While (PreSaveFile.exists()): null

2018-12-14 10:15:18 - [TEST_STEP][PASSED] - Statement - counter = counter + 1: null

2018-12-14 10:15:18 - [TEST_STEP][PASSED] - Statement - PreSaveFile = new java.io.File(((pathPrefix + java.lang.Integer.toString(counter)) + .png)): null

2018-12-14 10:15:18 - [TEST_STEP][PASSED] - Statement - counter = counter + 1: null

2018-12-14 10:15:18 - [TEST_STEP][PASSED] - Statement - PreSaveFile = new java.io.File(((pathPrefix + java.lang.Integer.toString(counter)) + .png)): null

2018-12-14 10:15:18 - [TEST_STEP][PASSED] - Statement - counter = counter + 1: null

2018-12-14 10:15:18 - [TEST_STEP][PASSED] - Statement - PreSaveFile = new java.io.File(((pathPrefix + java.lang.Integer.toString(counter)) + .png)): null

2018-12-14 10:15:18 - [TEST_STEP][PASSED] - Statement - counter = counter + 1: null

2018-12-14 10:15:18 - [TEST_STEP][PASSED] - Statement - PreSaveFile = new java.io.File(((pathPrefix + java.lang.Integer.toString(counter)) + .png)): null

2018-12-14 10:15:18 - [TEST_STEP][PASSED] - Statement - counter = counter + 1: null

2018-12-14 10:15:18 - [TEST_STEP][PASSED] - Statement - PreSaveFile = new java.io.File(((pathPrefix + java.lang.Integer.toString(counter)) + .png)): null

2018-12-14 10:15:18 - [TEST_STEP][PASSED] - Statement - counter = counter + 1: null

2018-12-14 10:15:18 - [TEST_STEP][PASSED] - Statement - PreSaveFile = new java.io.File(((pathPrefix + java.lang.Integer.toString(counter)) + .png)): null

2018-12-14 10:15:18 - [TEST_STEP][PASSED] - Statement - counter = counter + 1: null

2018-12-14 10:15:18 - [TEST_STEP][PASSED] - Statement - PreSaveFile = new java.io.File(((pathPrefix + java.lang.Integer.toString(counter)) + .png)): null

2018-12-14 10:15:18 - [TEST_STEP][PASSED] - Statement - counter = counter + 1: null

2018-12-14 10:15:18 - [TEST_STEP][PASSED] - Statement - PreSaveFile = new java.io.File(((pathPrefix + java.lang.Integer.toString(counter)) + .png)): null

2018-12-14 10:15:18 - [TEST_STEP][PASSED] - Statement - counter = counter + 1: null

2018-12-14 10:15:18 - [TEST_STEP][PASSED] - Statement - PreSaveFile = new java.io.File(((pathPrefix + java.lang.Integer.toString(counter)) + .png)): null

2018-12-14 10:15:18 - [TEST_STEP][PASSED] - Statement - counter = counter + 1: null

2018-12-14 10:15:18 - [TEST_STEP][PASSED] - Statement - PreSaveFile = new java.io.File(((pathPrefix + java.lang.Integer.toString(counter)) + .png)): null

2018-12-14 10:15:18 - [TEST_STEP][PASSED] - Statement - counter = counter + 1: null

2018-12-14 10:15:18 - [TEST_STEP][PASSED] - Statement - PreSaveFile = new java.io.File(((pathPrefix + java.lang.Integer.toString(counter)) + .png)): null

2018-12-14 10:15:18 - [TEST_STEP][PASSED] - Statement - counter = counter + 1: null

2018-12-14 10:15:18 - [TEST_STEP][PASSED] - Statement - PreSaveFile = new java.io.File(((pathPrefix + java.lang.Integer.toString(counter)) + .png)): null

2018-12-14 10:15:18 - [TEST_STEP][PASSED] - Statement - counter = counter + 1: null

2018-12-14 10:15:18 - [TEST_STEP][PASSED] - Statement - PreSaveFile = new java.io.File(((pathPrefix + java.lang.Integer.toString(counter)) + .png)): null

2018-12-14 10:15:18 - [TEST_STEP][PASSED] - Statement - counter = counter + 1: null

2018-12-14 10:15:18 - [TEST_STEP][PASSED] - Statement - PreSaveFile = new java.io.File(((pathPrefix + java.lang.Integer.toString(counter)) + .png)): null

2018-12-14 10:15:18 - [TEST_STEP][PASSED] - Statement - counter = counter + 1: null

2018-12-14 10:15:18 - [TEST_STEP][PASSED] - Statement - PreSaveFile = new java.io.File(((pathPrefix + java.lang.Integer.toString(counter)) + .png)): null

2018-12-14 10:15:18 - [TEST_STEP][PASSED] - Statement - counter = counter + 1: null

2018-12-14 10:15:18 - [TEST_STEP][PASSED] - Statement - PreSaveFile = new java.io.File(((pathPrefix + java.lang.Integer.toString(counter)) + .png)): null

2018-12-14 10:15:18 - [TEST_STEP][PASSED] - Statement - counter = counter + 1: null

2018-12-14 10:15:18 - [TEST_STEP][PASSED] - Statement - PreSaveFile = new java.io.File(((pathPrefix + java.lang.Integer.toString(counter)) + .png)): null

2018-12-14 10:15:18 - [TEST_STEP][PASSED] - Statement - counter = counter + 1: null

2018-12-14 10:15:18 - [TEST_STEP][PASSED] - Statement - PreSaveFile = new java.io.File(((pathPrefix + java.lang.Integer.toString(counter)) + .png)): null

2018-12-14 10:15:18 - [TEST_STEP][PASSED] - Statement - counter = counter + 1: null

2018-12-14 10:15:18 - [TEST_STEP][PASSED] - Statement - PreSaveFile = new java.io.File(((pathPrefix + java.lang.Integer.toString(counter)) + .png)): null

2018-12-14 10:15:18 - [TEST_STEP][PASSED] - Statement - counter = counter + 1: null

2018-12-14 10:15:18 - [TEST_STEP][PASSED] - Statement - PreSaveFile = new java.io.File(((pathPrefix + java.lang.Integer.toString(counter)) + .png)): null

2018-12-14 10:15:18 - [TEST_STEP][PASSED] - Statement - counter = counter + 1: null

2018-12-14 10:15:18 - [TEST_STEP][PASSED] - Statement - PreSaveFile = new java.io.File(((pathPrefix + java.lang.Integer.toString(counter)) + .png)): null

2018-12-14 10:15:18 - [TEST_STEP][PASSED] - Statement - counter = counter + 1: null

2018-12-14 10:15:18 - [TEST_STEP][PASSED] - Statement - PreSaveFile = new java.io.File(((pathPrefix + java.lang.Integer.toString(counter)) + .png)): null

2018-12-14 10:15:18 - [TEST_STEP][PASSED] - Statement - counter = counter + 1: null

2018-12-14 10:15:18 - [TEST_STEP][PASSED] - Statement - PreSaveFile = new java.io.File(((pathPrefix + java.lang.Integer.toString(counter)) + .png)): null

2018-12-14 10:15:18 - [TEST_STEP][PASSED] - Statement - counter = counter + 1: null

2018-12-14 10:15:18 - [TEST_STEP][PASSED] - Statement - PreSaveFile = new java.io.File(((pathPrefix + java.lang.Integer.toString(counter)) + .png)): null

2018-12-14 10:15:18 - [TEST_STEP][PASSED] - Statement - counter = counter + 1: null

2018-12-14 10:15:18 - [TEST_STEP][PASSED] - Statement - PreSaveFile = new java.io.File(((pathPrefix + java.lang.Integer.toString(counter)) + .png)): null

2018-12-14 10:15:18 - [TEST_STEP][PASSED] - Statement - counter = counter + 1: null

2018-12-14 10:15:18 - [TEST_STEP][PASSED] - Statement - PreSaveFile = new java.io.File(((pathPrefix + java.lang.Integer.toString(counter)) + .png)): null

2018-12-14 10:15:18 - [TEST_STEP][PASSED] - Statement - counter = counter + 1: null

2018-12-14 10:15:18 - [TEST_STEP][PASSED] - Statement - PreSaveFile = new java.io.File(((pathPrefix + java.lang.Integer.toString(counter)) + .png)): null

2018-12-14 10:15:18 - [TEST_STEP][PASSED] - Statement - counter = counter + 1: null

2018-12-14 10:15:18 - [TEST_STEP][PASSED] - Statement - PreSaveFile = new java.io.File(((pathPrefix + java.lang.Integer.toString(counter)) + .png)): null

2018-12-14 10:15:18 - [TEST_STEP][PASSED] - Statement - counter = counter + 1: null

2018-12-14 10:15:18 - [TEST_STEP][PASSED] - Statement - PreSaveFile = new java.io.File(((pathPrefix + java.lang.Integer.toString(counter)) + .png)): null

2018-12-14 10:15:18 - [TEST_STEP][PASSED] - Statement - counter = counter + 1: null

2018-12-14 10:15:18 - [TEST_STEP][PASSED] - Statement - PreSaveFile = new java.io.File(((pathPrefix + java.lang.Integer.toString(counter)) + .png)): null

2018-12-14 10:15:18 - [TEST_STEP][PASSED] - Statement - counter = counter + 1: null

2018-12-14 10:15:18 - [TEST_STEP][PASSED] - Statement - PreSaveFile = new java.io.File(((pathPrefix + java.lang.Integer.toString(counter)) + .png)): null

2018-12-14 10:15:18 - [TEST_STEP][PASSED] - Statement - counter = counter + 1: null

2018-12-14 10:15:18 - [TEST_STEP][PASSED] - Statement - PreSaveFile = new java.io.File(((pathPrefix + java.lang.Integer.toString(counter)) + .png)): null

2018-12-14 10:15:18 - [TEST_STEP][PASSED] - Statement - counter = counter + 1: null

2018-12-14 10:15:19 - [TEST_STEP][PASSED] - Statement - PreSaveFile = new java.io.File(((pathPrefix + java.lang.Integer.toString(counter)) + .png)): null

2018-12-14 10:15:19 - [TEST_STEP][PASSED] - Statement - counter = counter + 1: null

2018-12-14 10:15:19 - [TEST_STEP][PASSED] - Statement - PreSaveFile = new java.io.File(((pathPrefix + java.lang.Integer.toString(counter)) + .png)): null

2018-12-14 10:15:19 - [TEST_STEP][PASSED] - Statement - counter = counter + 1: null

2018-12-14 10:15:19 - [TEST_STEP][PASSED] - Statement - PreSaveFile = new java.io.File(((pathPrefix + java.lang.Integer.toString(counter)) + .png)): null

2018-12-14 10:15:19 - [TEST_STEP][PASSED] - Statement - counter = counter + 1: null

2018-12-14 10:15:19 - [TEST_STEP][PASSED] - Statement - PreSaveFile = new java.io.File(((pathPrefix + java.lang.Integer.toString(counter)) + .png)): null

2018-12-14 10:15:19 - [TEST_STEP][PASSED] - Statement - counter = counter + 1: null

2018-12-14 10:15:19 - [TEST_STEP][PASSED] - Statement - PreSaveFile = new java.io.File(((pathPrefix + java.lang.Integer.toString(counter)) + .png)): null

2018-12-14 10:15:19 - [TEST_STEP][PASSED] - Statement - counter = counter + 1: null

2018-12-14 10:15:19 - [TEST_STEP][PASSED] - Statement - PreSaveFile = new java.io.File(((pathPrefix + java.lang.Integer.toString(counter)) + .png)): null

2018-12-14 10:15:19 - [TEST_STEP][PASSED] - Statement - counter = counter + 1: null

2018-12-14 10:15:19 - [TEST_STEP][PASSED] - Statement - PreSaveFile = new java.io.File(((pathPrefix + java.lang.Integer.toString(counter)) + .png)): null

2018-12-14 10:15:19 - [TEST_STEP][PASSED] - Statement - counter = counter + 1: null

2018-12-14 10:15:19 - [TEST_STEP][PASSED] - Statement - PreSaveFile = new java.io.File(((pathPrefix + java.lang.Integer.toString(counter)) + .png)): null

2018-12-14 10:15:19 - [TEST_STEP][PASSED] - Statement - counter = counter + 1: null

2018-12-14 10:15:19 - [TEST_STEP][PASSED] - Statement - PreSaveFile = new java.io.File(((pathPrefix + java.lang.Integer.toString(counter)) + .png)): null

2018-12-14 10:15:19 - [TEST_STEP][PASSED] - Statement - counter = counter + 1: null

2018-12-14 10:15:19 - [TEST_STEP][PASSED] - Statement - PreSaveFile = new java.io.File(((pathPrefix + java.lang.Integer.toString(counter)) + .png)): null

2018-12-14 10:15:19 - [TEST_STEP][PASSED] - Statement - counter = counter + 1: null

2018-12-14 10:15:19 - [TEST_STEP][PASSED] - Statement - PreSaveFile = new java.io.File(((pathPrefix + java.lang.Integer.toString(counter)) + .png)): null

2018-12-14 10:15:19 - [TEST_STEP][PASSED] - Statement - counter = counter + 1: null

2018-12-14 10:15:19 - [TEST_STEP][PASSED] - Statement - PreSaveFile = new java.io.File(((pathPrefix + java.lang.Integer.toString(counter)) + .png)): null

2018-12-14 10:15:19 - [TEST_STEP][PASSED] - Statement - counter = counter + 1: null

2018-12-14 10:15:19 - [TEST_STEP][PASSED] - Statement - PreSaveFile = new java.io.File(((pathPrefix + java.lang.Integer.toString(counter)) + .png)): null

2018-12-14 10:15:19 - [TEST_STEP][PASSED] - Statement - counter = counter + 1: null

2018-12-14 10:15:19 - [TEST_STEP][PASSED] - Statement - PreSaveFile = new java.io.File(((pathPrefix + java.lang.Integer.toString(counter)) + .png)): null

2018-12-14 10:15:19 - [TEST_STEP][PASSED] - Statement - counter = counter + 1: null

2018-12-14 10:15:19 - [TEST_STEP][PASSED] - Statement - PreSaveFile = new java.io.File(((pathPrefix + java.lang.Integer.toString(counter)) + .png)): null

2018-12-14 10:15:19 - [TEST_STEP][PASSED] - Statement - counter = counter + 1: null

2018-12-14 10:15:19 - [TEST_STEP][PASSED] - Statement - PreSaveFile = new java.io.File(((pathPrefix + java.lang.Integer.toString(counter)) + .png)): null

2018-12-14 10:15:19 - [TEST_STEP][PASSED] - Statement - counter = counter + 1: null

2018-12-14 10:15:19 - [TEST_STEP][PASSED] - Statement - PreSaveFile = new java.io.File(((pathPrefix + java.lang.Integer.toString(counter)) + .png)): null

2018-12-14 10:15:19 - [TEST_STEP][PASSED] - Statement - counter = counter + 1: null

2018-12-14 10:15:19 - [TEST_STEP][PASSED] - Statement - PreSaveFile = new java.io.File(((pathPrefix + java.lang.Integer.toString(counter)) + .png)): null

2018-12-14 10:15:19 - [TEST_STEP][PASSED] - Statement - counter = counter + 1: null

2018-12-14 10:15:19 - [TEST_STEP][PASSED] - Statement - PreSaveFile = new java.io.File(((pathPrefix + java.lang.Integer.toString(counter)) + .png)): null

2018-12-14 10:15:19 - [TEST_STEP][PASSED] - Statement - counter = counter + 1: null

2018-12-14 10:15:19 - [TEST_STEP][PASSED] - Statement - PreSaveFile = new java.io.File(((pathPrefix + java.lang.Integer.toString(counter)) + .png)): null

2018-12-14 10:15:19 - [TEST_STEP][PASSED] - Statement - counter = counter + 1: null

2018-12-14 10:15:19 - [TEST_STEP][PASSED] - Statement - PreSaveFile = new java.io.File(((pathPrefix + java.lang.Integer.toString(counter)) + .png)): null

2018-12-14 10:15:19 - [TEST_STEP][PASSED] - Statement - counter = counter + 1: null

2018-12-14 10:15:19 - [TEST_STEP][PASSED] - Statement - PreSaveFile = new java.io.File(((pathPrefix + java.lang.Integer.toString(counter)) + .png)): null

2018-12-14 10:15:19 - [TEST_STEP][PASSED] - Statement - counter = counter + 1: null

2018-12-14 10:15:19 - [TEST_STEP][PASSED] - Statement - PreSaveFile = new java.io.File(((pathPrefix + java.lang.Integer.toString(counter)) + .png)): null

2018-12-14 10:15:19 - [TEST_STEP][PASSED] - Statement - counter = counter + 1: null

2018-12-14 10:15:19 - [TEST_STEP][PASSED] - Statement - PreSaveFile = new java.io.File(((pathPrefix + java.lang.Integer.toString(counter)) + .png)): null

2018-12-14 10:15:19 - [TEST_STEP][PASSED] - Statement - counter = counter + 1: null

2018-12-14 10:15:19 - [TEST_STEP][PASSED] - Statement - PreSaveFile = new java.io.File(((pathPrefix + java.lang.Integer.toString(counter)) + .png)): null

2018-12-14 10:15:19 - [TEST_STEP][PASSED] - Statement - counter = counter + 1: null

2018-12-14 10:15:19 - [TEST_STEP][PASSED] - Statement - PreSaveFile = new java.io.File(((pathPrefix + java.lang.Integer.toString(counter)) + .png)): null

2018-12-14 10:15:19 - [TEST_STEP][PASSED] - Statement - counter = counter + 1: null

2018-12-14 10:15:19 - [TEST_STEP][PASSED] - Statement - PreSaveFile = new java.io.File(((pathPrefix + java.lang.Integer.toString(counter)) + .png)): null

2018-12-14 10:15:19 - [TEST_STEP][PASSED] - Statement - counter = counter + 1: null

2018-12-14 10:15:19 - [TEST_STEP][PASSED] - Statement - PreSaveFile = new java.io.File(((pathPrefix + java.lang.Integer.toString(counter)) + .png)): null

2018-12-14 10:15:19 - [TEST_STEP][PASSED] - Statement - counter = counter + 1: null

2018-12-14 10:15:19 - [TEST_STEP][PASSED] - Statement - PreSaveFile = new java.io.File(((pathPrefix + java.lang.Integer.toString(counter)) + .png)): null

2018-12-14 10:15:19 - [TEST_STEP][PASSED] - Statement - counter = counter + 1: null

2018-12-14 10:15:19 - [TEST_STEP][PASSED] - Statement - PreSaveFile = new java.io.File(((pathPrefix + java.lang.Integer.toString(counter)) + .png)): null

2018-12-14 10:15:19 - [TEST_STEP][PASSED] - Statement - counter = counter + 1: null

2018-12-14 10:15:19 - [TEST_STEP][PASSED] - Statement - PreSaveFile = new java.io.File(((pathPrefix + java.lang.Integer.toString(counter)) + .png)): null

2018-12-14 10:15:19 - [TEST_STEP][PASSED] - Statement - counter = counter + 1: null

2018-12-14 10:15:19 - [TEST_STEP][PASSED] - Statement - PreSaveFile = new java.io.File(((pathPrefix + java.lang.Integer.toString(counter)) + .png)): null

2018-12-14 10:15:19 - [TEST_STEP][PASSED] - Statement - counter = counter + 1: null

2018-12-14 10:15:19 - [TEST_STEP][PASSED] - Statement - PreSaveFile = new java.io.File(((pathPrefix + java.lang.Integer.toString(counter)) + .png)): null

2018-12-14 10:15:19 - [TEST_STEP][PASSED] - Statement - counter = counter + 1: null

2018-12-14 10:15:19 - [TEST_STEP][PASSED] - Statement - PreSaveFile = new java.io.File(((pathPrefix + java.lang.Integer.toString(counter)) + .png)): null

2018-12-14 10:15:19 - [TEST_STEP][PASSED] - Statement - counter = counter + 1: null

2018-12-14 10:15:19 - [TEST_STEP][PASSED] - Statement - PreSaveFile = new java.io.File(((pathPrefix + java.lang.Integer.toString(counter)) + .png)): null

2018-12-14 10:15:19 - [TEST_STEP][PASSED] - Statement - counter = counter + 1: null

2018-12-14 10:15:19 - [TEST_STEP][PASSED] - Statement - PreSaveFile = new java.io.File(((pathPrefix + java.lang.Integer.toString(counter)) + .png)): null

2018-12-14 10:15:19 - [TEST_STEP][PASSED] - Statement - counter = counter + 1: null

2018-12-14 10:15:19 - [TEST_STEP][PASSED] - Statement - PreSaveFile = new java.io.File(((pathPrefix + java.lang.Integer.toString(counter)) + .png)): null

2018-12-14 10:15:19 - [TEST_STEP][PASSED] - Statement - counter = counter + 1: null

2018-12-14 10:15:19 - [TEST_STEP][PASSED] - Statement - PreSaveFile = new java.io.File(((pathPrefix + java.lang.Integer.toString(counter)) + .png)): null

2018-12-14 10:15:19 - [TEST_STEP][PASSED] - Statement - counter = counter + 1: null

2018-12-14 10:15:19 - [TEST_STEP][PASSED] - Statement - PreSaveFile = new java.io.File(((pathPrefix + java.lang.Integer.toString(counter)) + .png)): null

2018-12-14 10:15:19 - [TEST_STEP][PASSED] - Statement - counter = counter + 1: null

2018-12-14 10:15:19 - [TEST_STEP][PASSED] - Statement - PreSaveFile = new java.io.File(((pathPrefix + java.lang.Integer.toString(counter)) + .png)): null

2018-12-14 10:15:19 - [TEST_STEP][PASSED] - Statement - counter = counter + 1: null

2018-12-14 10:15:19 - [TEST_STEP][PASSED] - Statement - PreSaveFile = new java.io.File(((pathPrefix + java.lang.Integer.toString(counter)) + .png)): null

2018-12-14 10:15:19 - [TEST_STEP][PASSED] - Statement - counter = counter + 1: null

2018-12-14 10:15:19 - [TEST_STEP][PASSED] - Statement - PreSaveFile = new java.io.File(((pathPrefix + java.lang.Integer.toString(counter)) + .png)): null

2018-12-14 10:15:19 - [TEST_STEP][PASSED] - Statement - counter = counter + 1: null

2018-12-14 10:15:19 - [TEST_STEP][PASSED] - Statement - PreSaveFile = new java.io.File(((pathPrefix + java.lang.Integer.toString(counter)) + .png)): null

2018-12-14 10:15:19 - [TEST_STEP][PASSED] - Statement - counter = counter + 1: null

2018-12-14 10:15:19 - [TEST_STEP][PASSED] - Statement - PreSaveFile = new java.io.File(((pathPrefix + java.lang.Integer.toString(counter)) + .png)): null

2018-12-14 10:15:19 - [TEST_STEP][PASSED] - Statement - counter = counter + 1: null

2018-12-14 10:15:19 - [TEST_STEP][PASSED] - Statement - PreSaveFile = new java.io.File(((pathPrefix + java.lang.Integer.toString(counter)) + .png)): null

2018-12-14 10:15:19 - [TEST_STEP][PASSED] - Statement - counter = counter + 1: null

2018-12-14 10:15:19 - [TEST_STEP][PASSED] - Statement - PreSaveFile = new java.io.File(((pathPrefix + java.lang.Integer.toString(counter)) + .png)): null

2018-12-14 10:15:19 - [TEST_STEP][PASSED] - Statement - counter = counter + 1: null

2018-12-14 10:15:19 - [TEST_STEP][PASSED] - Statement - PreSaveFile = new java.io.File(((pathPrefix + java.lang.Integer.toString(counter)) + .png)): null

2018-12-14 10:15:19 - [TEST_STEP][PASSED] - Statement - counter = counter + 1: null

2018-12-14 10:15:19 - [TEST_STEP][PASSED] - Statement - PreSaveFile = new java.io.File(((pathPrefix + java.lang.Integer.toString(counter)) + .png)): null

2018-12-14 10:15:19 - [TEST_STEP][PASSED] - Statement - counter = counter + 1: null

2018-12-14 10:15:19 - [TEST_STEP][PASSED] - Statement - PreSaveFile = new java.io.File(((pathPrefix + java.lang.Integer.toString(counter)) + .png)): null

2018-12-14 10:15:19 - [TEST_STEP][PASSED] - Statement - counter = counter + 1: null

2018-12-14 10:15:19 - [TEST_STEP][PASSED] - Statement - PreSaveFile = new java.io.File(((pathPrefix + java.lang.Integer.toString(counter)) + .png)): null

2018-12-14 10:15:19 - [TEST_STEP][PASSED] - Statement - counter = counter + 1: null

2018-12-14 10:15:19 - [TEST_STEP][PASSED] - Statement - PreSaveFile = new java.io.File(((pathPrefix + java.lang.Integer.toString(counter)) + .png)): null

2018-12-14 10:15:19 - [TEST_STEP][PASSED] - Statement - counter = counter + 1: null

2018-12-14 10:15:19 - [TEST_STEP][PASSED] - Statement - PreSaveFile = new java.io.File(((pathPrefix + java.lang.Integer.toString(counter)) + .png)): null

2018-12-14 10:15:19 - [TEST_STEP][PASSED] - Statement - counter = counter + 1: null

2018-12-14 10:15:19 - [TEST_STEP][PASSED] - Statement - PreSaveFile = new java.io.File(((pathPrefix + java.lang.Integer.toString(counter)) + .png)): null

2018-12-14 10:15:19 - [TEST_STEP][PASSED] - Statement - counter = counter + 1: null

2018-12-14 10:15:19 - [TEST_STEP][PASSED] - Statement - PreSaveFile = new java.io.File(((pathPrefix + java.lang.Integer.toString(counter)) + .png)): null

2018-12-14 10:15:19 - [TEST_STEP][PASSED] - Statement - counter = counter + 1: null

2018-12-14 10:15:19 - [TEST_STEP][PASSED] - Statement - PreSaveFile = new java.io.File(((pathPrefix + java.lang.Integer.toString(counter)) + .png)): null

2018-12-14 10:15:19 - [TEST_STEP][PASSED] - Statement - counter = counter + 1: null

2018-12-14 10:15:19 - [TEST_STEP][PASSED] - Statement - PreSaveFile = new java.io.File(((pathPrefix + java.lang.Integer.toString(counter)) + .png)): null

2018-12-14 10:15:19 - [TEST_STEP][PASSED] - Statement - counter = counter + 1: null

2018-12-14 10:15:19 - [TEST_STEP][PASSED] - Statement - PreSaveFile = new java.io.File(((pathPrefix + java.lang.Integer.toString(counter)) + .png)): null

2018-12-14 10:15:19 - [TEST_STEP][PASSED] - Statement - counter = counter + 1: null

2018-12-14 10:15:19 - [TEST_STEP][PASSED] - Statement - PreSaveFile = new java.io.File(((pathPrefix + java.lang.Integer.toString(counter)) + .png)): null

2018-12-14 10:15:19 - [TEST_STEP][PASSED] - Statement - counter = counter + 1: null

2018-12-14 10:15:19 - [TEST_STEP][PASSED] - Statement - PreSaveFile = new java.io.File(((pathPrefix + java.lang.Integer.toString(counter)) + .png)): null

2018-12-14 10:15:19 - [TEST_STEP][PASSED] - Statement - counter = counter + 1: null

2018-12-14 10:15:19 - [TEST_STEP][PASSED] - Statement - PreSaveFile = new java.io.File(((pathPrefix + java.lang.Integer.toString(counter)) + .png)): null

2018-12-14 10:15:19 - [TEST_STEP][PASSED] - Statement - counter = counter + 1: null

2018-12-14 10:15:19 - [TEST_STEP][PASSED] - Statement - PreSaveFile = new java.io.File(((pathPrefix + java.lang.Integer.toString(counter)) + .png)): null

2018-12-14 10:15:19 - [TEST_STEP][PASSED] - Statement - counter = counter + 1: null

2018-12-14 10:15:19 - [TEST_STEP][PASSED] - Statement - PreSaveFile = new java.io.File(((pathPrefix + java.lang.Integer.toString(counter)) + .png)): null

2018-12-14 10:15:19 - [TEST_STEP][PASSED] - Statement - counter = counter + 1: null

2018-12-14 10:15:19 - [TEST_STEP][PASSED] - Statement - PreSaveFile = new java.io.File(((pathPrefix + java.lang.Integer.toString(counter)) + .png)): null

2018-12-14 10:15:19 - [TEST_STEP][PASSED] - Statement - counter = counter + 1: null

2018-12-14 10:15:19 - [TEST_STEP][PASSED] - Statement - PreSaveFile = new java.io.File(((pathPrefix + java.lang.Integer.toString(counter)) + .png)): null

2018-12-14 10:15:19 - [TEST_STEP][PASSED] - Statement - counter = counter + 1: null

2018-12-14 10:15:19 - [TEST_STEP][PASSED] - Statement - PreSaveFile = new java.io.File(((pathPrefix + java.lang.Integer.toString(counter)) + .png)): null

2018-12-14 10:15:19 - [TEST_STEP][PASSED] - Statement - counter = counter + 1: null

2018-12-14 10:15:19 - [TEST_STEP][PASSED] - Statement - PreSaveFile = new java.io.File(((pathPrefix + java.lang.Integer.toString(counter)) + .png)): null

2018-12-14 10:15:19 - [TEST_STEP][PASSED] - Statement - counter = counter + 1: null

2018-12-14 10:15:19 - [TEST_STEP][PASSED] - Statement - PreSaveFile = new java.io.File(((pathPrefix + java.lang.Integer.toString(counter)) + .png)): null

2018-12-14 10:15:19 - [TEST_STEP][PASSED] - Statement - counter = counter + 1: null

2018-12-14 10:15:19 - [TEST_STEP][PASSED] - Statement - PreSaveFile = new java.io.File(((pathPrefix + java.lang.Integer.toString(counter)) + .png)): null

2018-12-14 10:15:19 - [TEST_STEP][PASSED] - Statement - counter = counter + 1: null

2018-12-14 10:15:19 - [TEST_STEP][PASSED] - Statement - PreSaveFile = new java.io.File(((pathPrefix + java.lang.Integer.toString(counter)) + .png)): null

2018-12-14 10:15:19 - [TEST_STEP][PASSED] - Statement - counter = counter + 1: null

2018-12-14 10:15:19 - [TEST_STEP][PASSED] - Statement - PreSaveFile = new java.io.File(((pathPrefix + java.lang.Integer.toString(counter)) + .png)): null

2018-12-14 10:15:19 - [TEST_STEP][PASSED] - Statement - counter = counter + 1: null

2018-12-14 10:15:19 - [TEST_STEP][PASSED] - Statement - PreSaveFile = new java.io.File(((pathPrefix + java.lang.Integer.toString(counter)) + .png)): null

2018-12-14 10:15:19 - [TEST_STEP][PASSED] - Statement - counter = counter + 1: null

2018-12-14 10:15:19 - [TEST_STEP][PASSED] - Statement - PreSaveFile = new java.io.File(((pathPrefix + java.lang.Integer.toString(counter)) + .png)): null

2018-12-14 10:15:19 - [TEST_STEP][PASSED] - Statement - counter = counter + 1: null

2018-12-14 10:15:19 - [TEST_STEP][PASSED] - Statement - PreSaveFile = new java.io.File(((pathPrefix + java.lang.Integer.toString(counter)) + .png)): null

2018-12-14 10:15:19 - [TEST_STEP][PASSED] - Statement - counter = counter + 1: null

2018-12-14 10:15:19 - [TEST_STEP][PASSED] - Statement - PreSaveFile = new java.io.File(((pathPrefix + java.lang.Integer.toString(counter)) + .png)): null

2018-12-14 10:15:19 - [TEST_STEP][PASSED] - Statement - counter = counter + 1: null

2018-12-14 10:15:19 - [TEST_STEP][PASSED] - Statement - PreSaveFile = new java.io.File(((pathPrefix + java.lang.Integer.toString(counter)) + .png)): null

2018-12-14 10:15:19 - [TEST_STEP][PASSED] - Statement - counter = counter + 1: null

2018-12-14 10:15:19 - [TEST_STEP][PASSED] - Statement - PreSaveFile = new java.io.File(((pathPrefix + java.lang.Integer.toString(counter)) + .png)): null

2018-12-14 10:15:19 - [TEST_STEP][PASSED] - Statement - counter = counter + 1: null

2018-12-14 10:15:19 - [TEST_STEP][PASSED] - Statement - PreSaveFile = new java.io.File(((pathPrefix + java.lang.Integer.toString(counter)) + .png)): null

2018-12-14 10:15:19 - [TEST_STEP][PASSED] - Statement - counter = counter + 1: null

2018-12-14 10:15:19 - [TEST_STEP][PASSED] - Statement - PreSaveFile = new java.io.File(((pathPrefix + java.lang.Integer.toString(counter)) + .png)): null

2018-12-14 10:15:19 - [TEST_STEP][PASSED] - Statement - counter = counter + 1: null

2018-12-14 10:15:19 - [TEST_STEP][PASSED] - Statement - PreSaveFile = new java.io.File(((pathPrefix + java.lang.Integer.toString(counter)) + .png)): null

2018-12-14 10:15:19 - [TEST_STEP][PASSED] - Statement - counter = counter + 1: null

2018-12-14 10:15:19 - [TEST_STEP][PASSED] - Statement - PreSaveFile = new java.io.File(((pathPrefix + java.lang.Integer.toString(counter)) + .png)): null

2018-12-14 10:15:19 - [TEST_STEP][PASSED] - Statement - counter = counter + 1: null

2018-12-14 10:15:19 - [TEST_STEP][PASSED] - Statement - PreSaveFile = new java.io.File(((pathPrefix + java.lang.Integer.toString(counter)) + .png)): null

2018-12-14 10:15:19 - [TEST_STEP][PASSED] - Statement - counter = counter + 1: null

2018-12-14 10:15:19 - [TEST_STEP][PASSED] - Statement - PreSaveFile = new java.io.File(((pathPrefix + java.lang.Integer.toString(counter)) + .png)): null

2018-12-14 10:15:19 - [TEST_STEP][PASSED] - Statement - counter = counter + 1: null

2018-12-14 10:15:19 - [TEST_STEP][PASSED] - Statement - PreSaveFile = new java.io.File(((pathPrefix + java.lang.Integer.toString(counter)) + .png)): null

2018-12-14 10:15:19 - [TEST_STEP][PASSED] - Statement - counter = counter + 1: null

2018-12-14 10:15:19 - [TEST_STEP][PASSED] - Statement - PreSaveFile = new java.io.File(((pathPrefix + java.lang.Integer.toString(counter)) + .png)): null

2018-12-14 10:15:19 - [TEST_STEP][PASSED] - Statement - counter = counter + 1: null

2018-12-14 10:15:19 - [TEST_STEP][PASSED] - Statement - PreSaveFile = new java.io.File(((pathPrefix + java.lang.Integer.toString(counter)) + .png)): null

2018-12-14 10:15:19 - [TEST_STEP][PASSED] - Statement - counter = counter + 1: null

2018-12-14 10:15:19 - [TEST_STEP][PASSED] - Statement - PreSaveFile = new java.io.File(((pathPrefix + java.lang.Integer.toString(counter)) + .png)): null

2018-12-14 10:15:19 - [TEST_STEP][PASSED] - Statement - counter = counter + 1: null

2018-12-14 10:15:19 - [TEST_STEP][PASSED] - Statement - PreSaveFile = new java.io.File(((pathPrefix + java.lang.Integer.toString(counter)) + .png)): null

2018-12-14 10:15:19 - [TEST_STEP][PASSED] - Statement - counter = counter + 1: null

2018-12-14 10:15:19 - [TEST_STEP][PASSED] - Statement - PreSaveFile = new java.io.File(((pathPrefix + java.lang.Integer.toString(counter)) + .png)): null

2018-12-14 10:15:19 - [TEST_STEP][PASSED] - Statement - counter = counter + 1: null

2018-12-14 10:15:19 - [TEST_STEP][PASSED] - Statement - PreSaveFile = new java.io.File(((pathPrefix + java.lang.Integer.toString(counter)) + .png)): null

2018-12-14 10:15:19 - [TEST_STEP][PASSED] - Statement - counter = counter + 1: null

2018-12-14 10:15:19 - [TEST_STEP][PASSED] - Statement - PreSaveFile = new java.io.File(((pathPrefix + java.lang.Integer.toString(counter)) + .png)): null

2018-12-14 10:15:19 - [TEST_STEP][PASSED] - Statement - counter = counter + 1: null

2018-12-14 10:15:19 - [TEST_STEP][PASSED] - Statement - PreSaveFile = new java.io.File(((pathPrefix + java.lang.Integer.toString(counter)) + .png)): null

2018-12-14 10:15:19 - [TEST_STEP][PASSED] - Statement - counter = counter + 1: null

2018-12-14 10:15:19 - [TEST_STEP][PASSED] - Statement - PreSaveFile = new java.io.File(((pathPrefix + java.lang.Integer.toString(counter)) + .png)): null

2018-12-14 10:15:19 - [TEST_STEP][PASSED] - Statement - counter = counter + 1: null

2018-12-14 10:15:19 - [TEST_STEP][PASSED] - Statement - PreSaveFile = new java.io.File(((pathPrefix + java.lang.Integer.toString(counter)) + .png)): null

2018-12-14 10:15:19 - [TEST_STEP][PASSED] - Statement - counter = counter + 1: null

2018-12-14 10:15:19 - [TEST_STEP][PASSED] - Statement - PreSaveFile = new java.io.File(((pathPrefix + java.lang.Integer.toString(counter)) + .png)): null

2018-12-14 10:15:19 - [TEST_STEP][PASSED] - Statement - counter = counter + 1: null

2018-12-14 10:15:19 - [TEST_STEP][PASSED] - Statement - PreSaveFile = new java.io.File(((pathPrefix + java.lang.Integer.toString(counter)) + .png)): null

2018-12-14 10:15:19 - [TEST_STEP][PASSED] - Statement - counter = counter + 1: null

2018-12-14 10:15:19 - [TEST_STEP][PASSED] - Statement - PreSaveFile = new java.io.File(((pathPrefix + java.lang.Integer.toString(counter)) + .png)): null

2018-12-14 10:15:19 - [TEST_STEP][PASSED] - Statement - counter = counter + 1: null

2018-12-14 10:15:19 - [TEST_STEP][PASSED] - Statement - PreSaveFile = new java.io.File(((pathPrefix + java.lang.Integer.toString(counter)) + .png)): null

2018-12-14 10:15:19 - [TEST_STEP][PASSED] - Statement - counter = counter + 1: null

2018-12-14 10:15:19 - [TEST_STEP][PASSED] - Statement - PreSaveFile = new java.io.File(((pathPrefix + java.lang.Integer.toString(counter)) + .png)): null

2018-12-14 10:15:19 - [TEST_STEP][PASSED] - Statement - counter = counter + 1: null

2018-12-14 10:15:19 - [TEST_STEP][PASSED] - Statement - PreSaveFile = new java.io.File(((pathPrefix + java.lang.Integer.toString(counter)) + .png)): null

2018-12-14 10:15:19 - [TEST_STEP][PASSED] - Statement - counter = counter + 1: null

2018-12-14 10:15:19 - [TEST_STEP][PASSED] - Statement - PreSaveFile = new java.io.File(((pathPrefix + java.lang.Integer.toString(counter)) + .png)): null

2018-12-14 10:15:19 - [TEST_STEP][PASSED] - Statement - counter = counter + 1: null

2018-12-14 10:15:19 - [TEST_STEP][PASSED] - Statement - PreSaveFile = new java.io.File(((pathPrefix + java.lang.Integer.toString(counter)) + .png)): null

2018-12-14 10:15:19 - [TEST_STEP][PASSED] - Statement - counter = counter + 1: null

2018-12-14 10:15:19 - [TEST_STEP][PASSED] - Statement - PreSaveFile = new java.io.File(((pathPrefix + java.lang.Integer.toString(counter)) + .png)): null

2018-12-14 10:15:19 - [TEST_STEP][PASSED] - Statement - counter = counter + 1: null

2018-12-14 10:15:19 - [TEST_STEP][PASSED] - Statement - PreSaveFile = new java.io.File(((pathPrefix + java.lang.Integer.toString(counter)) + .png)): null

2018-12-14 10:15:19 - [TEST_STEP][PASSED] - Statement - counter = counter + 1: null

2018-12-14 10:15:19 - [TEST_STEP][PASSED] - Statement - PreSaveFile = new java.io.File(((pathPrefix + java.lang.Integer.toString(counter)) + .png)): null

2018-12-14 10:15:19 - [TEST_STEP][PASSED] - Statement - counter = counter + 1: null

2018-12-14 10:15:19 - [TEST_STEP][PASSED] - Statement - PreSaveFile = new java.io.File(((pathPrefix + java.lang.Integer.toString(counter)) + .png)): null

2018-12-14 10:15:19 - [TEST_STEP][PASSED] - Statement - counter = counter + 1: null

2018-12-14 10:15:19 - [TEST_STEP][PASSED] - Statement - PreSaveFile = new java.io.File(((pathPrefix + java.lang.Integer.toString(counter)) + .png)): null

2018-12-14 10:15:19 - [TEST_STEP][PASSED] - Statement - counter = counter + 1: null

2018-12-14 10:15:19 - [TEST_STEP][PASSED] - Statement - PreSaveFile = new java.io.File(((pathPrefix + java.lang.Integer.toString(counter)) + .png)): null

2018-12-14 10:15:19 - [TEST_STEP][PASSED] - Statement - counter = counter + 1: null

2018-12-14 10:15:19 - [TEST_STEP][PASSED] - Statement - PreSaveFile = new java.io.File(((pathPrefix + java.lang.Integer.toString(counter)) + .png)): null

2018-12-14 10:15:19 - [TEST_STEP][PASSED] - Statement - counter = counter + 1: null

2018-12-14 10:15:19 - [TEST_STEP][PASSED] - Statement - PreSaveFile = new java.io.File(((pathPrefix + java.lang.Integer.toString(counter)) + .png)): null

2018-12-14 10:15:19 - [TEST_STEP][PASSED] - Statement - counter = counter + 1: null

2018-12-14 10:15:19 - [TEST_STEP][PASSED] - Statement - PreSaveFile = new java.io.File(((pathPrefix + java.lang.Integer.toString(counter)) + .png)): null

2018-12-14 10:15:19 - [TEST_STEP][PASSED] - Statement - counter = counter + 1: null

2018-12-14 10:15:19 - [TEST_STEP][PASSED] - Statement - PreSaveFile = new java.io.File(((pathPrefix + java.lang.Integer.toString(counter)) + .png)): null

2018-12-14 10:15:19 - [TEST_STEP][PASSED] - Statement - counter = counter + 1: null

2018-12-14 10:15:19 - [TEST_STEP][PASSED] - Statement - PreSaveFile = new java.io.File(((pathPrefix + java.lang.Integer.toString(counter)) + .png)): null

2018-12-14 10:15:19 - [TEST_STEP][PASSED] - Statement - counter = counter + 1: null

2018-12-14 10:15:19 - [TEST_STEP][PASSED] - Statement - PreSaveFile = new java.io.File(((pathPrefix + java.lang.Integer.toString(counter)) + .png)): null

2018-12-14 10:15:19 - [TEST_STEP][PASSED] - Statement - counter = counter + 1: null

2018-12-14 10:15:19 - [TEST_STEP][PASSED] - Statement - PreSaveFile = new java.io.File(((pathPrefix + java.lang.Integer.toString(counter)) + .png)): null

2018-12-14 10:15:19 - [TEST_STEP][PASSED] - Statement - counter = counter + 1: null

2018-12-14 10:15:19 - [TEST_STEP][PASSED] - Statement - PreSaveFile = new java.io.File(((pathPrefix + java.lang.Integer.toString(counter)) + .png)): null

2018-12-14 10:15:19 - [TEST_STEP][PASSED] - Statement - counter = counter + 1: null

2018-12-14 10:15:19 - [TEST_STEP][PASSED] - Statement - PreSaveFile = new java.io.File(((pathPrefix + java.lang.Integer.toString(counter)) + .png)): null

2018-12-14 10:15:19 - [TEST_STEP][PASSED] - Statement - counter = counter + 1: null

2018-12-14 10:15:19 - [TEST_STEP][PASSED] - Statement - PreSaveFile = new java.io.File(((pathPrefix + java.lang.Integer.toString(counter)) + .png)): null

2018-12-14 10:15:19 - [TEST_STEP][PASSED] - Statement - counter = counter + 1: null

2018-12-14 10:15:19 - [TEST_STEP][PASSED] - Statement - PreSaveFile = new java.io.File(((pathPrefix + java.lang.Integer.toString(counter)) + .png)): null

2018-12-14 10:15:19 - [TEST_STEP][PASSED] - Statement - counter = counter + 1: null

2018-12-14 10:15:19 - [TEST_STEP][PASSED] - Statement - PreSaveFile = new java.io.File(((pathPrefix + java.lang.Integer.toString(counter)) + .png)): null

2018-12-14 10:15:19 - [TEST_STEP][PASSED] - Statement - counter = counter + 1: null

2018-12-14 10:15:19 - [TEST_STEP][PASSED] - Statement - PreSaveFile = new java.io.File(((pathPrefix + java.lang.Integer.toString(counter)) + .png)): null

2018-12-14 10:15:19 - [TEST_STEP][PASSED] - Statement - counter = counter + 1: null

2018-12-14 10:15:19 - [TEST_STEP][PASSED] - Statement - PreSaveFile = new java.io.File(((pathPrefix + java.lang.Integer.toString(counter)) + .png)): null

2018-12-14 10:15:19 - [TEST_STEP][PASSED] - Statement - counter = counter + 1: null

2018-12-14 10:15:19 - [TEST_STEP][PASSED] - Statement - PreSaveFile = new java.io.File(((pathPrefix + java.lang.Integer.toString(counter)) + .png)): null

2018-12-14 10:15:19 - [TEST_STEP][PASSED] - Statement - counter = counter + 1: null

2018-12-14 10:15:19 - [TEST_STEP][PASSED] - Statement - PreSaveFile = new java.io.File(((pathPrefix + java.lang.Integer.toString(counter)) + .png)): null

2018-12-14 10:15:19 - [TEST_STEP][PASSED] - Statement - counter = counter + 1: null

2018-12-14 10:15:19 - [TEST_STEP][PASSED] - Statement - PreSaveFile = new java.io.File(((pathPrefix + java.lang.Integer.toString(counter)) + .png)): null

2018-12-14 10:15:19 - [TEST_STEP][PASSED] - Statement - counter = counter + 1: null

2018-12-14 10:15:19 - [TEST_STEP][PASSED] - Statement - PreSaveFile = new java.io.File(((pathPrefix + java.lang.Integer.toString(counter)) + .png)): null

2018-12-14 10:15:19 - [TEST_STEP][PASSED] - Statement - counter = counter + 1: null

2018-12-14 10:15:19 - [TEST_STEP][PASSED] - Statement - PreSaveFile = new java.io.File(((pathPrefix + java.lang.Integer.toString(counter)) + .png)): null

2018-12-14 10:15:19 - [TEST_STEP][PASSED] - Statement - counter = counter + 1: null

2018-12-14 10:15:19 - [TEST_STEP][PASSED] - Statement - PreSaveFile = new java.io.File(((pathPrefix + java.lang.Integer.toString(counter)) + .png)): null

2018-12-14 10:15:19 - [TEST_STEP][PASSED] - Statement - counter = counter + 1: null

2018-12-14 10:15:19 - [TEST_STEP][PASSED] - Statement - PreSaveFile = new java.io.File(((pathPrefix + java.lang.Integer.toString(counter)) + .png)): null

2018-12-14 10:15:19 - [TEST_STEP][PASSED] - Statement - counter = counter + 1: null

2018-12-14 10:15:19 - [TEST_STEP][PASSED] - Statement - PreSaveFile = new java.io.File(((pathPrefix + java.lang.Integer.toString(counter)) + .png)): null

2018-12-14 10:15:19 - [TEST_STEP][PASSED] - Statement - counter = counter + 1: null

2018-12-14 10:15:19 - [TEST_STEP][PASSED] - Statement - PreSaveFile = new java.io.File(((pathPrefix + java.lang.Integer.toString(counter)) + .png)): null

2018-12-14 10:15:19 - [TEST_STEP][PASSED] - Statement - counter = counter + 1: null

2018-12-14 10:15:19 - [TEST_STEP][PASSED] - Statement - PreSaveFile = new java.io.File(((pathPrefix + java.lang.Integer.toString(counter)) + .png)): null

2018-12-14 10:15:19 - [TEST_STEP][PASSED] - Statement - counter = counter + 1: null

2018-12-14 10:15:19 - [TEST_STEP][PASSED] - Statement - PreSaveFile = new java.io.File(((pathPrefix + java.lang.Integer.toString(counter)) + .png)): null

2018-12-14 10:15:19 - [TEST_STEP][PASSED] - Statement - counter = counter + 1: null

2018-12-14 10:15:19 - [TEST_STEP][PASSED] - Statement - PreSaveFile = new java.io.File(((pathPrefix + java.lang.Integer.toString(counter)) + .png)): null

2018-12-14 10:15:19 - [TEST_STEP][PASSED] - Statement - counter = counter + 1: null

2018-12-14 10:15:19 - [TEST_STEP][PASSED] - Statement - PreSaveFile = new java.io.File(((pathPrefix + java.lang.Integer.toString(counter)) + .png)): null

2018-12-14 10:15:19 - [TEST_STEP][PASSED] - Statement - counter = counter + 1: null

2018-12-14 10:15:19 - [TEST_STEP][PASSED] - Statement - PreSaveFile = new java.io.File(((pathPrefix + java.lang.Integer.toString(counter)) + .png)): null

2018-12-14 10:15:19 - [TEST_STEP][PASSED] - Statement - counter = counter + 1: null

2018-12-14 10:15:19 - [TEST_STEP][PASSED] - Statement - PreSaveFile = new java.io.File(((pathPrefix + java.lang.Integer.toString(counter)) + .png)): null

2018-12-14 10:15:19 - [TEST_STEP][PASSED] - Statement - counter = counter + 1: null

2018-12-14 10:15:19 - [TEST_STEP][PASSED] - Statement - PreSaveFile = new java.io.File(((pathPrefix + java.lang.Integer.toString(counter)) + .png)): null

2018-12-14 10:15:19 - [TEST_STEP][PASSED] - Statement - counter = counter + 1: null

2018-12-14 10:15:19 - [TEST_STEP][PASSED] - Statement - PreSaveFile = new java.io.File(((pathPrefix + java.lang.Integer.toString(counter)) + .png)): null

2018-12-14 10:15:19 - [TEST_STEP][PASSED] - Statement - counter = counter + 1: null

2018-12-14 10:15:19 - [TEST_STEP][PASSED] - Statement - PreSaveFile = new java.io.File(((pathPrefix + java.lang.Integer.toString(counter)) + .png)): null

2018-12-14 10:15:19 - [TEST_STEP][PASSED] - Statement - counter = counter + 1: null

2018-12-14 10:15:19 - [TEST_STEP][PASSED] - Statement - PreSaveFile = new java.io.File(((pathPrefix + java.lang.Integer.toString(counter)) + .png)): null

2018-12-14 10:15:19 - [TEST_STEP][PASSED] - Statement - counter = counter + 1: null

2018-12-14 10:15:19 - [TEST_STEP][PASSED] - Statement - PreSaveFile = new java.io.File(((pathPrefix + java.lang.Integer.toString(counter)) + .png)): null

2018-12-14 10:15:19 - [TEST_STEP][PASSED] - Statement - counter = counter + 1: null

2018-12-14 10:15:19 - [TEST_STEP][PASSED] - Statement - PreSaveFile = new java.io.File(((pathPrefix + java.lang.Integer.toString(counter)) + .png)): null

2018-12-14 10:15:19 - [TEST_STEP][PASSED] - Statement - counter = counter + 1: null

2018-12-14 10:15:19 - [TEST_STEP][PASSED] - Statement - PreSaveFile = new java.io.File(((pathPrefix + java.lang.Integer.toString(counter)) + .png)): null

2018-12-14 10:15:19 - [TEST_STEP][PASSED] - Statement - counter = counter + 1: null

2018-12-14 10:15:19 - [TEST_STEP][PASSED] - Statement - PreSaveFile = new java.io.File(((pathPrefix + java.lang.Integer.toString(counter)) + .png)): null

2018-12-14 10:15:19 - [TEST_STEP][PASSED] - Statement - counter = counter + 1: null

2018-12-14 10:15:19 - [TEST_STEP][PASSED] - Statement - PreSaveFile = new java.io.File(((pathPrefix + java.lang.Integer.toString(counter)) + .png)): null

2018-12-14 10:15:19 - [TEST_STEP][PASSED] - Statement - counter = counter + 1: null

2018-12-14 10:15:19 - [TEST_STEP][PASSED] - Statement - PreSaveFile = new java.io.File(((pathPrefix + java.lang.Integer.toString(counter)) + .png)): null

2018-12-14 10:15:19 - [TEST_STEP][PASSED] - Statement - counter = counter + 1: null

2018-12-14 10:15:19 - [TEST_STEP][PASSED] - Statement - PreSaveFile = new java.io.File(((pathPrefix + java.lang.Integer.toString(counter)) + .png)): null

2018-12-14 10:15:19 - [TEST_STEP][PASSED] - Statement - counter = counter + 1: null

2018-12-14 10:15:19 - [TEST_STEP][PASSED] - Statement - PreSaveFile = new java.io.File(((pathPrefix + java.lang.Integer.toString(counter)) + .png)): null

2018-12-14 10:15:19 - [TEST_STEP][PASSED] - Statement - counter = counter + 1: null

2018-12-14 10:15:19 - [TEST_STEP][PASSED] - Statement - PreSaveFile = new java.io.File(((pathPrefix + java.lang.Integer.toString(counter)) + .png)): null

2018-12-14 10:15:19 - [TEST_STEP][PASSED] - Statement - counter = counter + 1: null

2018-12-14 10:15:19 - [TEST_STEP][PASSED] - Statement - PreSaveFile = new java.io.File(((pathPrefix + java.lang.Integer.toString(counter)) + .png)): null

2018-12-14 10:15:19 - [TEST_STEP][PASSED] - Statement - counter = counter + 1: null

2018-12-14 10:15:19 - [TEST_STEP][PASSED] - Statement - PreSaveFile = new java.io.File(((pathPrefix + java.lang.Integer.toString(counter)) + .png)): null

2018-12-14 10:15:19 - [TEST_STEP][PASSED] - Statement - counter = counter + 1: null

2018-12-14 10:15:19 - [TEST_STEP][PASSED] - Statement - PreSaveFile = new java.io.File(((pathPrefix + java.lang.Integer.toString(counter)) + .png)): null

2018-12-14 10:15:19 - [TEST_STEP][PASSED] - Statement - counter = counter + 1: null

2018-12-14 10:15:19 - [TEST_STEP][PASSED] - Statement - PreSaveFile = new java.io.File(((pathPrefix + java.lang.Integer.toString(counter)) + .png)): null

2018-12-14 10:15:19 - [TEST_STEP][PASSED] - Statement - counter = counter + 1: null

2018-12-14 10:15:19 - [TEST_STEP][PASSED] - Statement - PreSaveFile = new java.io.File(((pathPrefix + java.lang.Integer.toString(counter)) + .png)): null

2018-12-14 10:15:19 - [TEST_STEP][PASSED] - Statement - counter = counter + 1: null

2018-12-14 10:15:19 - [TEST_STEP][PASSED] - Statement - PreSaveFile = new java.io.File(((pathPrefix + java.lang.Integer.toString(counter)) + .png)): null

2018-12-14 10:15:19 - [TEST_STEP][PASSED] - Statement - counter = counter + 1: null

2018-12-14 10:15:19 - [TEST_STEP][PASSED] - Statement - PreSaveFile = new java.io.File(((pathPrefix + java.lang.Integer.toString(counter)) + .png)): null

2018-12-14 10:15:19 - [TEST_STEP][PASSED] - Statement - counter = counter + 1: null

2018-12-14 10:15:19 - [TEST_STEP][PASSED] - Statement - PreSaveFile = new java.io.File(((pathPrefix + java.lang.Integer.toString(counter)) + .png)): null

2018-12-14 10:15:19 - [TEST_STEP][PASSED] - Statement - counter = counter + 1: null

2018-12-14 10:15:19 - [TEST_STEP][PASSED] - Statement - PreSaveFile = new java.io.File(((pathPrefix + java.lang.Integer.toString(counter)) + .png)): null

2018-12-14 10:15:19 - [TEST_STEP][PASSED] - Statement - counter = counter + 1: null

2018-12-14 10:15:19 - [TEST_STEP][PASSED] - Statement - PreSaveFile = new java.io.File(((pathPrefix + java.lang.Integer.toString(counter)) + .png)): null

2018-12-14 10:15:19 - [TEST_STEP][PASSED] - Statement - counter = counter + 1: null

2018-12-14 10:15:19 - [TEST_STEP][PASSED] - Statement - PreSaveFile = new java.io.File(((pathPrefix + java.lang.Integer.toString(counter)) + .png)): null

2018-12-14 10:15:19 - [TEST_STEP][PASSED] - Statement - counter = counter + 1: null

2018-12-14 10:15:19 - [TEST_STEP][PASSED] - Statement - PreSaveFile = new java.io.File(((pathPrefix + java.lang.Integer.toString(counter)) + .png)): null

2018-12-14 10:15:19 - [TEST_STEP][PASSED] - Statement - counter = counter + 1: null

2018-12-14 10:15:19 - [TEST_STEP][PASSED] - Statement - PreSaveFile = new java.io.File(((pathPrefix + java.lang.Integer.toString(counter)) + .png)): null

2018-12-14 10:15:19 - [TEST_STEP][PASSED] - Statement - counter = counter + 1: null

2018-12-14 10:15:19 - [TEST_STEP][PASSED] - Statement - PreSaveFile = new java.io.File(((pathPrefix + java.lang.Integer.toString(counter)) + .png)): null

2018-12-14 10:15:19 - [TEST_STEP][PASSED] - Statement - counter = counter + 1: null

2018-12-14 10:15:19 - [TEST_STEP][PASSED] - Statement - PreSaveFile = new java.io.File(((pathPrefix + java.lang.Integer.toString(counter)) + .png)): null

2018-12-14 10:15:19 - [TEST_STEP][PASSED] - Statement - counter = counter + 1: null

2018-12-14 10:15:19 - [TEST_STEP][PASSED] - Statement - PreSaveFile = new java.io.File(((pathPrefix + java.lang.Integer.toString(counter)) + .png)): null

2018-12-14 10:15:19 - [TEST_STEP][PASSED] - Statement - counter = counter + 1: null

2018-12-14 10:15:19 - [TEST_STEP][PASSED] - Statement - PreSaveFile = new java.io.File(((pathPrefix + java.lang.Integer.toString(counter)) + .png)): null

2018-12-14 10:15:19 - [TEST_STEP][PASSED] - Statement - counter = counter + 1: null

2018-12-14 10:15:19 - [TEST_STEP][PASSED] - Statement - PreSaveFile = new java.io.File(((pathPrefix + java.lang.Integer.toString(counter)) + .png)): null

2018-12-14 10:15:19 - [TEST_STEP][PASSED] - Statement - counter = counter + 1: null

2018-12-14 10:15:19 - [TEST_STEP][PASSED] - Statement - PreSaveFile = new java.io.File(((pathPrefix + java.lang.Integer.toString(counter)) + .png)): null

2018-12-14 10:15:19 - [TEST_STEP][PASSED] - Statement - counter = counter + 1: null

2018-12-14 10:15:19 - [TEST_STEP][PASSED] - Statement - PreSaveFile = new java.io.File(((pathPrefix + java.lang.Integer.toString(counter)) + .png)): null

2018-12-14 10:15:19 - [TEST_STEP][PASSED] - Statement - counter = counter + 1: null

2018-12-14 10:15:19 - [TEST_STEP][PASSED] - Statement - PreSaveFile = new java.io.File(((pathPrefix + java.lang.Integer.toString(counter)) + .png)): null

2018-12-14 10:15:19 - [TEST_STEP][PASSED] - Statement - counter = counter + 1: null

2018-12-14 10:15:19 - [TEST_STEP][PASSED] - Statement - PreSaveFile = new java.io.File(((pathPrefix + java.lang.Integer.toString(counter)) + .png)): null

2018-12-14 10:15:19 - [TEST_STEP][PASSED] - Statement - counter = counter + 1: null

2018-12-14 10:15:19 - [TEST_STEP][PASSED] - Statement - PreSaveFile = new java.io.File(((pathPrefix + java.lang.Integer.toString(counter)) + .png)): null

2018-12-14 10:15:19 - [TEST_STEP][PASSED] - Statement - counter = counter + 1: null

2018-12-14 10:15:19 - [TEST_STEP][PASSED] - Statement - PreSaveFile = new java.io.File(((pathPrefix + java.lang.Integer.toString(counter)) + .png)): null

2018-12-14 10:15:19 - [TEST_STEP][PASSED] - Statement - counter = counter + 1: null

2018-12-14 10:15:19 - [TEST_STEP][PASSED] - Statement - PreSaveFile = new java.io.File(((pathPrefix + java.lang.Integer.toString(counter)) + .png)): null

2018-12-14 10:15:19 - [TEST_STEP][PASSED] - Statement - counter = counter + 1: null

2018-12-14 10:15:19 - [TEST_STEP][PASSED] - Statement - PreSaveFile = new java.io.File(((pathPrefix + java.lang.Integer.toString(counter)) + .png)): null

2018-12-14 10:15:19 - [TEST_STEP][PASSED] - Statement - counter = counter + 1: null

2018-12-14 10:15:19 - [TEST_STEP][PASSED] - Statement - PreSaveFile = new java.io.File(((pathPrefix + java.lang.Integer.toString(counter)) + .png)): null

2018-12-14 10:15:19 - [TEST_STEP][PASSED] - Statement - counter = counter + 1: null

2018-12-14 10:15:19 - [TEST_STEP][PASSED] - Statement - PreSaveFile = new java.io.File(((pathPrefix + java.lang.Integer.toString(counter)) + .png)): null

2018-12-14 10:15:19 - [TEST_STEP][PASSED] - Statement - counter = counter + 1: null

2018-12-14 10:15:19 - [TEST_STEP][PASSED] - Statement - PreSaveFile = new java.io.File(((pathPrefix + java.lang.Integer.toString(counter)) + .png)): null

2018-12-14 10:15:19 - [TEST_STEP][PASSED] - Statement - counter = counter + 1: null

2018-12-14 10:15:19 - [TEST_STEP][PASSED] - Statement - PreSaveFile = new java.io.File(((pathPrefix + java.lang.Integer.toString(counter)) + .png)): null

2018-12-14 10:15:19 - [TEST_STEP][PASSED] - Statement - counter = counter + 1: null

2018-12-14 10:15:19 - [TEST_STEP][PASSED] - Statement - PreSaveFile = new java.io.File(((pathPrefix + java.lang.Integer.toString(counter)) + .png)): null

2018-12-14 10:15:19 - [TEST_STEP][PASSED] - Statement - counter = counter + 1: null

2018-12-14 10:15:19 - [TEST_STEP][PASSED] - Statement - PreSaveFile = new java.io.File(((pathPrefix + java.lang.Integer.toString(counter)) + .png)): null

2018-12-14 10:15:19 - [TEST_STEP][PASSED] - Statement - counter = counter + 1: null

2018-12-14 10:15:19 - [TEST_STEP][PASSED] - Statement - PreSaveFile = new java.io.File(((pathPrefix + java.lang.Integer.toString(counter)) + .png)): null

2018-12-14 10:15:19 - [TEST_STEP][PASSED] - Statement - counter = counter + 1: null

2018-12-14 10:15:19 - [TEST_STEP][PASSED] - Statement - PreSaveFile = new java.io.File(((pathPrefix + java.lang.Integer.toString(counter)) + .png)): null

2018-12-14 10:15:19 - [TEST_STEP][PASSED] - Statement - counter = counter + 1: null

2018-12-14 10:15:19 - [TEST_STEP][PASSED] - Statement - PreSaveFile = new java.io.File(((pathPrefix + java.lang.Integer.toString(counter)) + .png)): null

2018-12-14 10:15:19 - [TEST_STEP][PASSED] - Statement - counter = counter + 1: null

2018-12-14 10:15:19 - [TEST_STEP][PASSED] - Statement - PreSaveFile = new java.io.File(((pathPrefix + java.lang.Integer.toString(counter)) + .png)): null

2018-12-14 10:15:19 - [TEST_STEP][PASSED] - Statement - counter = counter + 1: null

2018-12-14 10:15:19 - [TEST_STEP][PASSED] - Statement - PreSaveFile = new java.io.File(((pathPrefix + java.lang.Integer.toString(counter)) + .png)): null

2018-12-14 10:15:19 - [TEST_STEP][PASSED] - Statement - counter = counter + 1: null

2018-12-14 10:15:19 - [TEST_STEP][PASSED] - Statement - PreSaveFile = new java.io.File(((pathPrefix + java.lang.Integer.toString(counter)) + .png)): null

2018-12-14 10:15:19 - [TEST_STEP][PASSED] - Statement - counter = counter + 1: null

2018-12-14 10:15:19 - [TEST_STEP][PASSED] - Statement - PreSaveFile = new java.io.File(((pathPrefix + java.lang.Integer.toString(counter)) + .png)): null

2018-12-14 10:15:19 - [TEST_STEP][PASSED] - Statement - counter = counter + 1: null

2018-12-14 10:15:19 - [TEST_STEP][PASSED] - Statement - PreSaveFile = new java.io.File(((pathPrefix + java.lang.Integer.toString(counter)) + .png)): null

2018-12-14 10:15:19 - [TEST_STEP][PASSED] - Statement - counter = counter + 1: null

2018-12-14 10:15:19 - [TEST_STEP][PASSED] - Statement - PreSaveFile = new java.io.File(((pathPrefix + java.lang.Integer.toString(counter)) + .png)): null

2018-12-14 10:15:19 - [TEST_STEP][PASSED] - Statement - counter = counter + 1: null

2018-12-14 10:15:19 - [TEST_STEP][PASSED] - Statement - PreSaveFile = new java.io.File(((pathPrefix + java.lang.Integer.toString(counter)) + .png)): null

2018-12-14 10:15:19 - [TEST_STEP][PASSED] - Statement - counter = counter + 1: null

2018-12-14 10:15:19 - [TEST_STEP][PASSED] - Statement - PreSaveFile = new java.io.File(((pathPrefix + java.lang.Integer.toString(counter)) + .png)): null

2018-12-14 10:15:19 - [TEST_STEP][PASSED] - Statement - counter = counter + 1: null

2018-12-14 10:15:19 - [TEST_STEP][PASSED] - Statement - PreSaveFile = new java.io.File(((pathPrefix + java.lang.Integer.toString(counter)) + .png)): null

2018-12-14 10:15:19 - [TEST_STEP][PASSED] - Statement - counter = counter + 1: null

2018-12-14 10:15:19 - [TEST_STEP][PASSED] - Statement - PreSaveFile = new java.io.File(((pathPrefix + java.lang.Integer.toString(counter)) + .png)): null

2018-12-14 10:15:19 - [TEST_STEP][PASSED] - Statement - counter = counter + 1: null

2018-12-14 10:15:19 - [TEST_STEP][PASSED] - Statement - PreSaveFile = new java.io.File(((pathPrefix + java.lang.Integer.toString(counter)) + .png)): null

2018-12-14 10:15:19 - [TEST_STEP][PASSED] - Statement - counter = counter + 1: null

2018-12-14 10:15:19 - [TEST_STEP][PASSED] - Statement - PreSaveFile = new java.io.File(((pathPrefix + java.lang.Integer.toString(counter)) + .png)): null

2018-12-14 10:15:19 - [TEST_STEP][PASSED] - Statement - counter = counter + 1: null

2018-12-14 10:15:19 - [TEST_STEP][PASSED] - Statement - PreSaveFile = new java.io.File(((pathPrefix + java.lang.Integer.toString(counter)) + .png)): null

2018-12-14 10:15:19 - [TEST_STEP][PASSED] - Statement - counter = counter + 1: null

2018-12-14 10:15:19 - [TEST_STEP][PASSED] - Statement - PreSaveFile = new java.io.File(((pathPrefix + java.lang.Integer.toString(counter)) + .png)): null

2018-12-14 10:15:19 - [TEST_STEP][PASSED] - Statement - counter = counter + 1: null

2018-12-14 10:15:19 - [TEST_STEP][PASSED] - Statement - PreSaveFile = new java.io.File(((pathPrefix + java.lang.Integer.toString(counter)) + .png)): null

2018-12-14 10:15:19 - [TEST_STEP][PASSED] - Statement - counter = counter + 1: null

2018-12-14 10:15:19 - [TEST_STEP][PASSED] - Statement - PreSaveFile = new java.io.File(((pathPrefix + java.lang.Integer.toString(counter)) + .png)): null

2018-12-14 10:15:19 - [TEST_STEP][PASSED] - Statement - counter = counter + 1: null

2018-12-14 10:15:19 - [TEST_STEP][PASSED] - Statement - PreSaveFile = new java.io.File(((pathPrefix + java.lang.Integer.toString(counter)) + .png)): null

2018-12-14 10:15:19 - [TEST_STEP][PASSED] - Statement - counter = counter + 1: null

2018-12-14 10:15:19 - [TEST_STEP][PASSED] - Statement - PreSaveFile = new java.io.File(((pathPrefix + java.lang.Integer.toString(counter)) + .png)): null

2018-12-14 10:15:19 - [TEST_STEP][PASSED] - Statement - counter = counter + 1: null

2018-12-14 10:15:19 - [TEST_STEP][PASSED] - Statement - PreSaveFile = new java.io.File(((pathPrefix + java.lang.Integer.toString(counter)) + .png)): null

2018-12-14 10:15:19 - [TEST_STEP][PASSED] - Statement - counter = counter + 1: null

2018-12-14 10:15:19 - [TEST_STEP][PASSED] - Statement - PreSaveFile = new java.io.File(((pathPrefix + java.lang.Integer.toString(counter)) + .png)): null

2018-12-14 10:15:19 - [TEST_STEP][PASSED] - Statement - counter = counter + 1: null

2018-12-14 10:15:19 - [TEST_STEP][PASSED] - Statement - PreSaveFile = new java.io.File(((pathPrefix + java.lang.Integer.toString(counter)) + .png)): null

2018-12-14 10:15:19 - [TEST_STEP][PASSED] - Statement - counter = counter + 1: null

2018-12-14 10:15:19 - [TEST_STEP][PASSED] - Statement - PreSaveFile = new java.io.File(((pathPrefix + java.lang.Integer.toString(counter)) + .png)): null

2018-12-14 10:15:19 - [TEST_STEP][PASSED] - Statement - counter = counter + 1: null

2018-12-14 10:15:19 - [TEST_STEP][PASSED] - Statement - PreSaveFile = new java.io.File(((pathPrefix + java.lang.Integer.toString(counter)) + .png)): null

2018-12-14 10:15:19 - [TEST_STEP][PASSED] - Statement - counter = counter + 1: null

2018-12-14 10:15:19 - [TEST_STEP][PASSED] - Statement - PreSaveFile = new java.io.File(((pathPrefix + java.lang.Integer.toString(counter)) + .png)): null

2018-12-14 10:15:19 - [TEST_STEP][PASSED] - Statement - counter = counter + 1: null

2018-12-14 10:15:19 - [TEST_STEP][PASSED] - Statement - PreSaveFile = new java.io.File(((pathPrefix + java.lang.Integer.toString(counter)) + .png)): null

2018-12-14 10:15:19 - [TEST_STEP][PASSED] - Statement - counter = counter + 1: null

2018-12-14 10:15:19 - [TEST_STEP][PASSED] - Statement - PreSaveFile = new java.io.File(((pathPrefix + java.lang.Integer.toString(counter)) + .png)): null

2018-12-14 10:15:19 - [TEST_STEP][PASSED] - Statement - counter = counter + 1: null

2018-12-14 10:15:19 - [TEST_STEP][PASSED] - Statement - PreSaveFile = new java.io.File(((pathPrefix + java.lang.Integer.toString(counter)) + .png)): null

2018-12-14 10:15:19 - [TEST_STEP][PASSED] - Statement - counter = counter + 1: null

2018-12-14 10:15:19 - [TEST_STEP][PASSED] - Statement - PreSaveFile = new java.io.File(((pathPrefix + java.lang.Integer.toString(counter)) + .png)): null

2018-12-14 10:15:19 - [TEST_STEP][PASSED] - Statement - counter = counter + 1: null

2018-12-14 10:15:19 - [TEST_STEP][PASSED] - Statement - PreSaveFile = new java.io.File(((pathPrefix + java.lang.Integer.toString(counter)) + .png)): null

2018-12-14 10:15:19 - [TEST_STEP][PASSED] - Statement - counter = counter + 1: null

2018-12-14 10:15:19 - [TEST_STEP][PASSED] - Statement - PreSaveFile = new java.io.File(((pathPrefix + java.lang.Integer.toString(counter)) + .png)): null

2018-12-14 10:15:19 - [TEST_STEP][PASSED] - Statement - counter = counter + 1: null

2018-12-14 10:15:19 - [TEST_STEP][PASSED] - Statement - PreSaveFile = new java.io.File(((pathPrefix + java.lang.Integer.toString(counter)) + .png)): null

2018-12-14 10:15:19 - [TEST_STEP][PASSED] - Statement - counter = counter + 1: null

2018-12-14 10:15:19 - [TEST_STEP][PASSED] - Statement - PreSaveFile = new java.io.File(((pathPrefix + java.lang.Integer.toString(counter)) + .png)): null

2018-12-14 10:15:19 - [TEST_STEP][PASSED] - Statement - counter = counter + 1: null

2018-12-14 10:15:19 - [TEST_STEP][PASSED] - Statement - PreSaveFile = new java.io.File(((pathPrefix + java.lang.Integer.toString(counter)) + .png)): null

2018-12-14 10:15:19 - [TEST_STEP][PASSED] - Statement - counter = counter + 1: null

2018-12-14 10:15:19 - [TEST_STEP][PASSED] - Statement - PreSaveFile = new java.io.File(((pathPrefix + java.lang.Integer.toString(counter)) + .png)): null

2018-12-14 10:15:19 - [TEST_STEP][PASSED] - Statement - counter = counter + 1: null

2018-12-14 10:15:19 - [TEST_STEP][PASSED] - Statement - PreSaveFile = new java.io.File(((pathPrefix + java.lang.Integer.toString(counter)) + .png)): null

2018-12-14 10:15:19 - [TEST_STEP][PASSED] - Statement - counter = counter + 1: null

2018-12-14 10:15:19 - [TEST_STEP][PASSED] - Statement - PreSaveFile = new java.io.File(((pathPrefix + java.lang.Integer.toString(counter)) + .png)): null

2018-12-14 10:15:19 - [TEST_STEP][PASSED] - Statement - counter = counter + 1: null

2018-12-14 10:15:19 - [TEST_STEP][PASSED] - Statement - PreSaveFile = new java.io.File(((pathPrefix + java.lang.Integer.toString(counter)) + .png)): null

2018-12-14 10:15:19 - [TEST_STEP][PASSED] - Statement - counter = counter + 1: null

2018-12-14 10:15:19 - [TEST_STEP][PASSED] - Statement - PreSaveFile = new java.io.File(((pathPrefix + java.lang.Integer.toString(counter)) + .png)): null

2018-12-14 10:15:19 - [TEST_STEP][PASSED] - Statement - counter = counter + 1: null

2018-12-14 10:15:19 - [TEST_STEP][PASSED] - Statement - PreSaveFile = new java.io.File(((pathPrefix + java.lang.Integer.toString(counter)) + .png)): null

2018-12-14 10:15:19 - [TEST_STEP][PASSED] - Statement - counter = counter + 1: null

2018-12-14 10:15:19 - [TEST_STEP][PASSED] - Statement - PreSaveFile = new java.io.File(((pathPrefix + java.lang.Integer.toString(counter)) + .png)): null

2018-12-14 10:15:19 - [TEST_STEP][PASSED] - Statement - counter = counter + 1: null

2018-12-14 10:15:19 - [TEST_STEP][PASSED] - Statement - PreSaveFile = new java.io.File(((pathPrefix + java.lang.Integer.toString(counter)) + .png)): null

2018-12-14 10:15:19 - [TEST_STEP][PASSED] - Statement - counter = counter + 1: null

2018-12-14 10:15:19 - [TEST_STEP][PASSED] - Statement - PreSaveFile = new java.io.File(((pathPrefix + java.lang.Integer.toString(counter)) + .png)): null

2018-12-14 10:15:19 - [TEST_STEP][PASSED] - Statement - counter = counter + 1: null

2018-12-14 10:15:19 - [TEST_STEP][PASSED] - Statement - PreSaveFile = new java.io.File(((pathPrefix + java.lang.Integer.toString(counter)) + .png)): null

2018-12-14 10:15:19 - [TEST_STEP][PASSED] - Statement - counter = counter + 1: null

2018-12-14 10:15:19 - [TEST_STEP][PASSED] - Statement - PreSaveFile = new java.io.File(((pathPrefix + java.lang.Integer.toString(counter)) + .png)): null

2018-12-14 10:15:19 - [TEST_STEP][PASSED] - Statement - counter = counter + 1: null

2018-12-14 10:15:19 - [TEST_STEP][PASSED] - Statement - PreSaveFile = new java.io.File(((pathPrefix + java.lang.Integer.toString(counter)) + .png)): null

2018-12-14 10:15:19 - [TEST_STEP][PASSED] - Statement - counter = counter + 1: null

2018-12-14 10:15:19 - [TEST_STEP][PASSED] - Statement - PreSaveFile = new java.io.File(((pathPrefix + java.lang.Integer.toString(counter)) + .png)): null

2018-12-14 10:15:19 - [TEST_STEP][PASSED] - Statement - counter = counter + 1: null

2018-12-14 10:15:19 - [TEST_STEP][PASSED] - Statement - PreSaveFile = new java.io.File(((pathPrefix + java.lang.Integer.toString(counter)) + .png)): null

2018-12-14 10:15:19 - [TEST_STEP][PASSED] - Statement - counter = counter + 1: null

2018-12-14 10:15:19 - [TEST_STEP][PASSED] - Statement - PreSaveFile = new java.io.File(((pathPrefix + java.lang.Integer.toString(counter)) + .png)): null

2018-12-14 10:15:19 - [TEST_STEP][PASSED] - Statement - counter = counter + 1: null

2018-12-14 10:15:19 - [TEST_STEP][PASSED] - Statement - PreSaveFile = new java.io.File(((pathPrefix + java.lang.Integer.toString(counter)) + .png)): null

2018-12-14 10:15:19 - [TEST_STEP][PASSED] - Statement - counter = counter + 1: null

2018-12-14 10:15:19 - [TEST_STEP][PASSED] - Statement - PreSaveFile = new java.io.File(((pathPrefix + java.lang.Integer.toString(counter)) + .png)): null

2018-12-14 10:15:19 - [TEST_STEP][PASSED] - Statement - counter = counter + 1: null

2018-12-14 10:15:19 - [TEST_STEP][PASSED] - Statement - PreSaveFile = new java.io.File(((pathPrefix + java.lang.Integer.toString(counter)) + .png)): null

2018-12-14 10:15:19 - [TEST_STEP][PASSED] - Statement - counter = counter + 1: null

2018-12-14 10:15:19 - [TEST_STEP][PASSED] - Statement - PreSaveFile = new java.io.File(((pathPrefix + java.lang.Integer.toString(counter)) + .png)): null

2018-12-14 10:15:19 - [TEST_STEP][PASSED] - Statement - counter = counter + 1: null

2018-12-14 10:15:19 - [TEST_STEP][PASSED] - Statement - PreSaveFile = new java.io.File(((pathPrefix + java.lang.Integer.toString(counter)) + .png)): null

2018-12-14 10:15:19 - [TEST_STEP][PASSED] - Statement - counter = counter + 1: null

2018-12-14 10:15:19 - [TEST_STEP][PASSED] - Statement - PreSaveFile = new java.io.File(((pathPrefix + java.lang.Integer.toString(counter)) + .png)): null

2018-12-14 10:15:19 - [TEST_STEP][PASSED] - Statement - counter = counter + 1: null

2018-12-14 10:15:19 - [TEST_STEP][PASSED] - Statement - PreSaveFile = new java.io.File(((pathPrefix + java.lang.Integer.toString(counter)) + .png)): null

2018-12-14 10:15:19 - [TEST_STEP][PASSED] - Statement - counter = counter + 1: null

2018-12-14 10:15:19 - [TEST_STEP][PASSED] - Statement - PreSaveFile = new java.io.File(((pathPrefix + java.lang.Integer.toString(counter)) + .png)): null

2018-12-14 10:15:19 - [TEST_STEP][PASSED] - Statement - counter = counter + 1: null

2018-12-14 10:15:19 - [TEST_STEP][PASSED] - Statement - PreSaveFile = new java.io.File(((pathPrefix + java.lang.Integer.toString(counter)) + .png)): null

2018-12-14 10:15:19 - [TEST_STEP][PASSED] - Statement - counter = counter + 1: null

2018-12-14 10:15:19 - [TEST_STEP][PASSED] - Statement - PreSaveFile = new java.io.File(((pathPrefix + java.lang.Integer.toString(counter)) + .png)): null

2018-12-14 10:15:19 - [TEST_STEP][PASSED] - Statement - counter = counter + 1: null

2018-12-14 10:15:19 - [TEST_STEP][PASSED] - Statement - PreSaveFile = new java.io.File(((pathPrefix + java.lang.Integer.toString(counter)) + .png)): null

2018-12-14 10:15:19 - [TEST_STEP][PASSED] - Statement - counter = counter + 1: null

2018-12-14 10:15:19 - [TEST_STEP][PASSED] - Statement - PreSaveFile = new java.io.File(((pathPrefix + java.lang.Integer.toString(counter)) + .png)): null

2018-12-14 10:15:19 - [TEST_STEP][PASSED] - Statement - counter = counter + 1: null

2018-12-14 10:15:19 - [TEST_STEP][PASSED] - Statement - PreSaveFile = new java.io.File(((pathPrefix + java.lang.Integer.toString(counter)) + .png)): null

2018-12-14 10:15:19 - [TEST_STEP][PASSED] - Statement - counter = counter + 1: null

2018-12-14 10:15:19 - [TEST_STEP][PASSED] - Statement - PreSaveFile = new java.io.File(((pathPrefix + java.lang.Integer.toString(counter)) + .png)): null

2018-12-14 10:15:19 - [TEST_STEP][PASSED] - Statement - counter = counter + 1: null

2018-12-14 10:15:19 - [TEST_STEP][PASSED] - Statement - PreSaveFile = new java.io.File(((pathPrefix + java.lang.Integer.toString(counter)) + .png)): null

2018-12-14 10:15:19 - [TEST_STEP][PASSED] - Statement - counter = counter + 1: null

2018-12-14 10:15:20 - [TEST_STEP][PASSED] - Statement - PreSaveFile = new java.io.File(((pathPrefix + java.lang.Integer.toString(counter)) + .png)): null

2018-12-14 10:15:20 - [TEST_STEP][PASSED] - Statement - counter = counter + 1: null

2018-12-14 10:15:20 - [TEST_STEP][PASSED] - Statement - PreSaveFile = new java.io.File(((pathPrefix + java.lang.Integer.toString(counter)) + .png)): null

2018-12-14 10:15:20 - [TEST_STEP][PASSED] - Statement - counter = counter + 1: null

2018-12-14 10:15:20 - [TEST_STEP][PASSED] - Statement - PreSaveFile = new java.io.File(((pathPrefix + java.lang.Integer.toString(counter)) + .png)): null

2018-12-14 10:15:20 - [TEST_STEP][PASSED] - Statement - counter = counter + 1: null

2018-12-14 10:15:20 - [TEST_STEP][PASSED] - Statement - PreSaveFile = new java.io.File(((pathPrefix + java.lang.Integer.toString(counter)) + .png)): null

2018-12-14 10:15:20 - [TEST_STEP][PASSED] - Statement - counter = counter + 1: null

2018-12-14 10:15:20 - [TEST_STEP][PASSED] - Statement - PreSaveFile = new java.io.File(((pathPrefix + java.lang.Integer.toString(counter)) + .png)): null

2018-12-14 10:15:20 - [TEST_STEP][PASSED] - Statement - counter = counter + 1: null

2018-12-14 10:15:20 - [TEST_STEP][PASSED] - Statement - PreSaveFile = new java.io.File(((pathPrefix + java.lang.Integer.toString(counter)) + .png)): null

2018-12-14 10:15:20 - [TEST_STEP][PASSED] - Statement - counter = counter + 1: null

2018-12-14 10:15:20 - [TEST_STEP][PASSED] - Statement - PreSaveFile = new java.io.File(((pathPrefix + java.lang.Integer.toString(counter)) + .png)): null

2018-12-14 10:15:20 - [TEST_STEP][PASSED] - Statement - counter = counter + 1: null

2018-12-14 10:15:20 - [TEST_STEP][PASSED] - Statement - PreSaveFile = new java.io.File(((pathPrefix + java.lang.Integer.toString(counter)) + .png)): null

2018-12-14 10:15:20 - [TEST_STEP][PASSED] - Statement - counter = counter + 1: null

2018-12-14 10:15:20 - [TEST_STEP][PASSED] - Statement - PreSaveFile = new java.io.File(((pathPrefix + java.lang.Integer.toString(counter)) + .png)): null

2018-12-14 10:15:20 - [TEST_STEP][PASSED] - Statement - counter = counter + 1: null

2018-12-14 10:15:20 - [TEST_STEP][PASSED] - Statement - PreSaveFile = new java.io.File(((pathPrefix + java.lang.Integer.toString(counter)) + .png)): null

2018-12-14 10:15:20 - [TEST_STEP][PASSED] - Statement - counter = counter + 1: null

2018-12-14 10:15:20 - [TEST_STEP][PASSED] - Statement - PreSaveFile = new java.io.File(((pathPrefix + java.lang.Integer.toString(counter)) + .png)): null

2018-12-14 10:15:20 - [TEST_STEP][PASSED] - Statement - counter = counter + 1: null

2018-12-14 10:15:20 - [TEST_STEP][PASSED] - Statement - PreSaveFile = new java.io.File(((pathPrefix + java.lang.Integer.toString(counter)) + .png)): null

2018-12-14 10:15:20 - [TEST_STEP][PASSED] - Statement - counter = counter + 1: null

2018-12-14 10:15:20 - [TEST_STEP][PASSED] - Statement - PreSaveFile = new java.io.File(((pathPrefix + java.lang.Integer.toString(counter)) + .png)): null

2018-12-14 10:15:20 - [TEST_STEP][PASSED] - Statement - counter = counter + 1: null

2018-12-14 10:15:20 - [TEST_STEP][PASSED] - Statement - PreSaveFile = new java.io.File(((pathPrefix + java.lang.Integer.toString(counter)) + .png)): null

2018-12-14 10:15:20 - [TEST_STEP][PASSED] - Statement - counter = counter + 1: null

2018-12-14 10:15:20 - [TEST_STEP][PASSED] - Statement - PreSaveFile = new java.io.File(((pathPrefix + java.lang.Integer.toString(counter)) + .png)): null

2018-12-14 10:15:20 - [TEST_STEP][PASSED] - Statement - counter = counter + 1: null

2018-12-14 10:15:20 - [TEST_STEP][PASSED] - Statement - PreSaveFile = new java.io.File(((pathPrefix + java.lang.Integer.toString(counter)) + .png)): null

2018-12-14 10:15:20 - [TEST_STEP][PASSED] - Statement - counter = counter + 1: null

2018-12-14 10:15:20 - [TEST_STEP][PASSED] - Statement - PreSaveFile = new java.io.File(((pathPrefix + java.lang.Integer.toString(counter)) + .png)): null

2018-12-14 10:15:20 - [TEST_STEP][PASSED] - Statement - counter = counter + 1: null

2018-12-14 10:15:20 - [TEST_STEP][PASSED] - Statement - PreSaveFile = new java.io.File(((pathPrefix + java.lang.Integer.toString(counter)) + .png)): null

2018-12-14 10:15:20 - [TEST_STEP][PASSED] - Statement - counter = counter + 1: null

2018-12-14 10:15:20 - [TEST_STEP][PASSED] - Statement - PreSaveFile = new java.io.File(((pathPrefix + java.lang.Integer.toString(counter)) + .png)): null

2018-12-14 10:15:20 - [TEST_STEP][PASSED] - Statement - counter = counter + 1: null

2018-12-14 10:15:20 - [TEST_STEP][PASSED] - Statement - PreSaveFile = new java.io.File(((pathPrefix + java.lang.Integer.toString(counter)) + .png)): null

2018-12-14 10:15:20 - [TEST_STEP][PASSED] - Statement - counter = counter + 1: null

2018-12-14 10:15:20 - [TEST_STEP][PASSED] - Statement - PreSaveFile = new java.io.File(((pathPrefix + java.lang.Integer.toString(counter)) + .png)): null

2018-12-14 10:15:20 - [TEST_STEP][PASSED] - Statement - counter = counter + 1: null

2018-12-14 10:15:20 - [TEST_STEP][PASSED] - Statement - PreSaveFile = new java.io.File(((pathPrefix + java.lang.Integer.toString(counter)) + .png)): null

2018-12-14 10:15:20 - [TEST_STEP][PASSED] - Statement - counter = counter + 1: null

2018-12-14 10:15:20 - [TEST_STEP][PASSED] - Statement - PreSaveFile = new java.io.File(((pathPrefix + java.lang.Integer.toString(counter)) + .png)): null

2018-12-14 10:15:20 - [TEST_STEP][PASSED] - Statement - counter = counter + 1: null

2018-12-14 10:15:20 - [TEST_STEP][PASSED] - Statement - PreSaveFile = new java.io.File(((pathPrefix + java.lang.Integer.toString(counter)) + .png)): null

2018-12-14 10:15:20 - [TEST_STEP][PASSED] - Statement - counter = counter + 1: null

2018-12-14 10:15:20 - [TEST_STEP][PASSED] - Statement - PreSaveFile = new java.io.File(((pathPrefix + java.lang.Integer.toString(counter)) + .png)): null

2018-12-14 10:15:20 - [TEST_STEP][PASSED] - Statement - counter = counter + 1: null

2018-12-14 10:15:20 - [TEST_STEP][PASSED] - Statement - PreSaveFile = new java.io.File(((pathPrefix + java.lang.Integer.toString(counter)) + .png)): null

2018-12-14 10:15:20 - [TEST_STEP][PASSED] - Statement - counter = counter + 1: null

2018-12-14 10:15:20 - [TEST_STEP][PASSED] - Statement - PreSaveFile = new java.io.File(((pathPrefix + java.lang.Integer.toString(counter)) + .png)): null

2018-12-14 10:15:20 - [TEST_STEP][PASSED] - Statement - counter = counter + 1: null

2018-12-14 10:15:20 - [TEST_STEP][PASSED] - Statement - PreSaveFile = new java.io.File(((pathPrefix + java.lang.Integer.toString(counter)) + .png)): null

2018-12-14 10:15:20 - [TEST_STEP][PASSED] - Statement - counter = counter + 1: null

2018-12-14 10:15:20 - [TEST_STEP][PASSED] - Statement - PreSaveFile = new java.io.File(((pathPrefix + java.lang.Integer.toString(counter)) + .png)): null

2018-12-14 10:15:20 - [TEST_STEP][PASSED] - Statement - counter = counter + 1: null

2018-12-14 10:15:20 - [TEST_STEP][PASSED] - Statement - PreSaveFile = new java.io.File(((pathPrefix + java.lang.Integer.toString(counter)) + .png)): null

2018-12-14 10:15:20 - [TEST_STEP][PASSED] - Statement - counter = counter + 1: null

2018-12-14 10:15:20 - [TEST_STEP][PASSED] - Statement - PreSaveFile = new java.io.File(((pathPrefix + java.lang.Integer.toString(counter)) + .png)): null

2018-12-14 10:15:20 - [TEST_STEP][PASSED] - Statement - counter = counter + 1: null

2018-12-14 10:15:20 - [TEST_STEP][PASSED] - Statement - PreSaveFile = new java.io.File(((pathPrefix + java.lang.Integer.toString(counter)) + .png)): null

2018-12-14 10:15:20 - [TEST_STEP][PASSED] - Statement - counter = counter + 1: null

2018-12-14 10:15:20 - [TEST_STEP][PASSED] - Statement - PreSaveFile = new java.io.File(((pathPrefix + java.lang.Integer.toString(counter)) + .png)): null

2018-12-14 10:15:20 - [TEST_STEP][PASSED] - Statement - counter = counter + 1: null

2018-12-14 10:15:20 - [TEST_STEP][PASSED] - Statement - PreSaveFile = new java.io.File(((pathPrefix + java.lang.Integer.toString(counter)) + .png)): null

2018-12-14 10:15:20 - [TEST_STEP][PASSED] - Statement - counter = counter + 1: null

2018-12-14 10:15:20 - [TEST_STEP][PASSED] - Statement - PreSaveFile = new java.io.File(((pathPrefix + java.lang.Integer.toString(counter)) + .png)): null

2018-12-14 10:15:20 - [TEST_STEP][PASSED] - Statement - counter = counter + 1: null

2018-12-14 10:15:20 - [TEST_STEP][PASSED] - Statement - PreSaveFile = new java.io.File(((pathPrefix + java.lang.Integer.toString(counter)) + .png)): null

2018-12-14 10:15:20 - [TEST_STEP][PASSED] - Statement - counter = counter + 1: null

2018-12-14 10:15:20 - [TEST_STEP][PASSED] - Statement - PreSaveFile = new java.io.File(((pathPrefix + java.lang.Integer.toString(counter)) + .png)): null

2018-12-14 10:15:20 - [TEST_STEP][PASSED] - Statement - counter = counter + 1: null

2018-12-14 10:15:20 - [TEST_STEP][PASSED] - Statement - PreSaveFile = new java.io.File(((pathPrefix + java.lang.Integer.toString(counter)) + .png)): null

2018-12-14 10:15:20 - [TEST_STEP][PASSED] - Statement - counter = counter + 1: null

2018-12-14 10:15:20 - [TEST_STEP][PASSED] - Statement - PreSaveFile = new java.io.File(((pathPrefix + java.lang.Integer.toString(counter)) + .png)): null

2018-12-14 10:15:20 - [TEST_STEP][PASSED] - Statement - counter = counter + 1: null

2018-12-14 10:15:20 - [TEST_STEP][PASSED] - Statement - PreSaveFile = new java.io.File(((pathPrefix + java.lang.Integer.toString(counter)) + .png)): null

2018-12-14 10:15:20 - [TEST_STEP][PASSED] - Statement - counter = counter + 1: null

2018-12-14 10:15:20 - [TEST_STEP][PASSED] - Statement - PreSaveFile = new java.io.File(((pathPrefix + java.lang.Integer.toString(counter)) + .png)): null

2018-12-14 10:15:20 - [TEST_STEP][PASSED] - Statement - counter = counter + 1: null

2018-12-14 10:15:20 - [TEST_STEP][PASSED] - Statement - PreSaveFile = new java.io.File(((pathPrefix + java.lang.Integer.toString(counter)) + .png)): null

2018-12-14 10:15:20 - [TEST_STEP][PASSED] - Statement - counter = counter + 1: null

2018-12-14 10:15:20 - [TEST_STEP][PASSED] - Statement - PreSaveFile = new java.io.File(((pathPrefix + java.lang.Integer.toString(counter)) + .png)): null

2018-12-14 10:15:20 - [TEST_STEP][PASSED] - Statement - counter = counter + 1: null

2018-12-14 10:15:20 - [TEST_STEP][PASSED] - Statement - PreSaveFile = new java.io.File(((pathPrefix + java.lang.Integer.toString(counter)) + .png)): null

2018-12-14 10:15:20 - [TEST_STEP][PASSED] - Statement - counter = counter + 1: null

2018-12-14 10:15:20 - [TEST_STEP][PASSED] - Statement - PreSaveFile = new java.io.File(((pathPrefix + java.lang.Integer.toString(counter)) + .png)): null

2018-12-14 10:15:20 - [TEST_STEP][PASSED] - Statement - counter = counter + 1: null

2018-12-14 10:15:20 - [TEST_STEP][PASSED] - Statement - PreSaveFile = new java.io.File(((pathPrefix + java.lang.Integer.toString(counter)) + .png)): null

2018-12-14 10:15:20 - [TEST_STEP][PASSED] - Statement - counter = counter + 1: null

2018-12-14 10:15:20 - [TEST_STEP][PASSED] - Statement - PreSaveFile = new java.io.File(((pathPrefix + java.lang.Integer.toString(counter)) + .png)): null

2018-12-14 10:15:20 - [TEST_STEP][PASSED] - Statement - counter = counter + 1: null

2018-12-14 10:15:20 - [TEST_STEP][PASSED] - Statement - PreSaveFile = new java.io.File(((pathPrefix + java.lang.Integer.toString(counter)) + .png)): null

2018-12-14 10:15:20 - [TEST_STEP][PASSED] - Statement - counter = counter + 1: null

2018-12-14 10:15:20 - [TEST_STEP][PASSED] - Statement - PreSaveFile = new java.io.File(((pathPrefix + java.lang.Integer.toString(counter)) + .png)): null

2018-12-14 10:15:20 - [TEST_STEP][PASSED] - Statement - counter = counter + 1: null

2018-12-14 10:15:20 - [TEST_STEP][PASSED] - Statement - PreSaveFile = new java.io.File(((pathPrefix + java.lang.Integer.toString(counter)) + .png)): null

2018-12-14 10:15:20 - [TEST_STEP][PASSED] - Statement - counter = counter + 1: null

2018-12-14 10:15:20 - [TEST_STEP][PASSED] - Statement - PreSaveFile = new java.io.File(((pathPrefix + java.lang.Integer.toString(counter)) + .png)): null

2018-12-14 10:15:20 - [TEST_STEP][PASSED] - Statement - counter = counter + 1: null

2018-12-14 10:15:20 - [TEST_STEP][PASSED] - Statement - PreSaveFile = new java.io.File(((pathPrefix + java.lang.Integer.toString(counter)) + .png)): null

2018-12-14 10:15:20 - [TEST_STEP][PASSED] - Statement - counter = counter + 1: null

2018-12-14 10:15:20 - [TEST_STEP][PASSED] - Statement - PreSaveFile = new java.io.File(((pathPrefix + java.lang.Integer.toString(counter)) + .png)): null

2018-12-14 10:15:20 - [TEST_STEP][PASSED] - Statement - counter = counter + 1: null

2018-12-14 10:15:20 - [TEST_STEP][PASSED] - Statement - PreSaveFile = new java.io.File(((pathPrefix + java.lang.Integer.toString(counter)) + .png)): null

2018-12-14 10:15:20 - [TEST_STEP][PASSED] - Statement - counter = counter + 1: null

2018-12-14 10:15:20 - [TEST_STEP][PASSED] - Statement - PreSaveFile = new java.io.File(((pathPrefix + java.lang.Integer.toString(counter)) + .png)): null

2018-12-14 10:15:20 - [TEST_STEP][PASSED] - Statement - counter = counter + 1: null

2018-12-14 10:15:20 - [TEST_STEP][PASSED] - Statement - PreSaveFile = new java.io.File(((pathPrefix + java.lang.Integer.toString(counter)) + .png)): null

2018-12-14 10:15:20 - [TEST_STEP][PASSED] - Statement - counter = counter + 1: null

2018-12-14 10:15:20 - [TEST_STEP][PASSED] - Statement - PreSaveFile = new java.io.File(((pathPrefix + java.lang.Integer.toString(counter)) + .png)): null

2018-12-14 10:15:20 - [TEST_STEP][PASSED] - Statement - counter = counter + 1: null

2018-12-14 10:15:20 - [TEST_STEP][PASSED] - Statement - PreSaveFile = new java.io.File(((pathPrefix + java.lang.Integer.toString(counter)) + .png)): null

2018-12-14 10:15:20 - [TEST_STEP][PASSED] - Statement - counter = counter + 1: null

2018-12-14 10:15:20 - [TEST_STEP][PASSED] - Statement - PreSaveFile = new java.io.File(((pathPrefix + java.lang.Integer.toString(counter)) + .png)): null

2018-12-14 10:15:20 - [TEST_STEP][PASSED] - Statement - counter = counter + 1: null

2018-12-14 10:15:20 - [TEST_STEP][PASSED] - Statement - PreSaveFile = new java.io.File(((pathPrefix + java.lang.Integer.toString(counter)) + .png)): null

2018-12-14 10:15:20 - [TEST_STEP][PASSED] - Statement - counter = counter + 1: null

2018-12-14 10:15:20 - [TEST_STEP][PASSED] - Statement - PreSaveFile = new java.io.File(((pathPrefix + java.lang.Integer.toString(counter)) + .png)): null

2018-12-14 10:15:20 - [TEST_STEP][PASSED] - Statement - counter = counter + 1: null

2018-12-14 10:15:20 - [TEST_STEP][PASSED] - Statement - PreSaveFile = new java.io.File(((pathPrefix + java.lang.Integer.toString(counter)) + .png)): null

2018-12-14 10:15:20 - [TEST_STEP][PASSED] - Statement - counter = counter + 1: null

2018-12-14 10:15:20 - [TEST_STEP][PASSED] - Statement - PreSaveFile = new java.io.File(((pathPrefix + java.lang.Integer.toString(counter)) + .png)): null

2018-12-14 10:15:20 - [TEST_STEP][PASSED] - Statement - counter = counter + 1: null

2018-12-14 10:15:20 - [TEST_STEP][PASSED] - Statement - PreSaveFile = new java.io.File(((pathPrefix + java.lang.Integer.toString(counter)) + .png)): null

2018-12-14 10:15:20 - [TEST_STEP][PASSED] - Statement - counter = counter + 1: null

2018-12-14 10:15:20 - [TEST_STEP][PASSED] - Statement - PreSaveFile = new java.io.File(((pathPrefix + java.lang.Integer.toString(counter)) + .png)): null

2018-12-14 10:15:20 - [TEST_STEP][PASSED] - Statement - counter = counter + 1: null

2018-12-14 10:15:20 - [TEST_STEP][PASSED] - Statement - PreSaveFile = new java.io.File(((pathPrefix + java.lang.Integer.toString(counter)) + .png)): null

2018-12-14 10:15:20 - [TEST_STEP][PASSED] - Statement - counter = counter + 1: null

2018-12-14 10:15:20 - [TEST_STEP][PASSED] - Statement - PreSaveFile = new java.io.File(((pathPrefix + java.lang.Integer.toString(counter)) + .png)): null

2018-12-14 10:15:20 - [TEST_STEP][PASSED] - Statement - counter = counter + 1: null

2018-12-14 10:15:20 - [TEST_STEP][PASSED] - Statement - PreSaveFile = new java.io.File(((pathPrefix + java.lang.Integer.toString(counter)) + .png)): null

2018-12-14 10:15:20 - [TEST_STEP][PASSED] - Statement - counter = counter + 1: null

2018-12-14 10:15:20 - [TEST_STEP][PASSED] - Statement - PreSaveFile = new java.io.File(((pathPrefix + java.lang.Integer.toString(counter)) + .png)): null

2018-12-14 10:15:20 - [TEST_STEP][PASSED] - Statement - counter = counter + 1: null

2018-12-14 10:15:20 - [TEST_STEP][PASSED] - Statement - PreSaveFile = new java.io.File(((pathPrefix + java.lang.Integer.toString(counter)) + .png)): null

2018-12-14 10:15:20 - [TEST_STEP][PASSED] - Statement - counter = counter + 1: null

2018-12-14 10:15:20 - [TEST_STEP][PASSED] - Statement - PreSaveFile = new java.io.File(((pathPrefix + java.lang.Integer.toString(counter)) + .png)): null

2018-12-14 10:15:20 - [TEST_STEP][PASSED] - Statement - counter = counter + 1: null

2018-12-14 10:15:20 - [TEST_STEP][PASSED] - Statement - PreSaveFile = new java.io.File(((pathPrefix + java.lang.Integer.toString(counter)) + .png)): null

2018-12-14 10:15:20 - [TEST_STEP][PASSED] - Statement - counter = counter + 1: null

2018-12-14 10:15:20 - [TEST_STEP][PASSED] - Statement - PreSaveFile = new java.io.File(((pathPrefix + java.lang.Integer.toString(counter)) + .png)): null

2018-12-14 10:15:20 - [TEST_STEP][PASSED] - Statement - counter = counter + 1: null

2018-12-14 10:15:20 - [TEST_STEP][PASSED] - Statement - PreSaveFile = new java.io.File(((pathPrefix + java.lang.Integer.toString(counter)) + .png)): null

2018-12-14 10:15:20 - [TEST_STEP][PASSED] - Statement - counter = counter + 1: null

2018-12-14 10:15:20 - [TEST_STEP][PASSED] - Statement - PreSaveFile = new java.io.File(((pathPrefix + java.lang.Integer.toString(counter)) + .png)): null

2018-12-14 10:15:20 - [TEST_STEP][PASSED] - Statement - counter = counter + 1: null

2018-12-14 10:15:20 - [TEST_STEP][PASSED] - Statement - PreSaveFile = new java.io.File(((pathPrefix + java.lang.Integer.toString(counter)) + .png)): null

2018-12-14 10:15:20 - [TEST_STEP][PASSED] - Statement - counter = counter + 1: null

2018-12-14 10:15:20 - [TEST_STEP][PASSED] - Statement - PreSaveFile = new java.io.File(((pathPrefix + java.lang.Integer.toString(counter)) + .png)): null

2018-12-14 10:15:20 - [TEST_STEP][PASSED] - Statement - counter = counter + 1: null

2018-12-14 10:15:20 - [TEST_STEP][PASSED] - Statement - PreSaveFile = new java.io.File(((pathPrefix + java.lang.Integer.toString(counter)) + .png)): null

2018-12-14 10:15:20 - [TEST_STEP][PASSED] - Statement - counter = counter + 1: null

2018-12-14 10:15:20 - [TEST_STEP][PASSED] - Statement - PreSaveFile = new java.io.File(((pathPrefix + java.lang.Integer.toString(counter)) + .png)): null

2018-12-14 10:15:20 - [TEST_STEP][PASSED] - Statement - counter = counter + 1: null

2018-12-14 10:15:20 - [TEST_STEP][PASSED] - Statement - PreSaveFile = new java.io.File(((pathPrefix + java.lang.Integer.toString(counter)) + .png)): null

2018-12-14 10:15:20 - [TEST_STEP][PASSED] - Statement - counter = counter + 1: null

2018-12-14 10:15:20 - [TEST_STEP][PASSED] - Statement - PreSaveFile = new java.io.File(((pathPrefix + java.lang.Integer.toString(counter)) + .png)): null

2018-12-14 10:15:20 - [TEST_STEP][PASSED] - Statement - counter = counter + 1: null

2018-12-14 10:15:20 - [TEST_STEP][PASSED] - Statement - PreSaveFile = new java.io.File(((pathPrefix + java.lang.Integer.toString(counter)) + .png)): null

2018-12-14 10:15:20 - [TEST_STEP][PASSED] - Statement - counter = counter + 1: null

2018-12-14 10:15:20 - [TEST_STEP][PASSED] - Statement - PreSaveFile = new java.io.File(((pathPrefix + java.lang.Integer.toString(counter)) + .png)): null

2018-12-14 10:15:20 - [TEST_STEP][PASSED] - Statement - counter = counter + 1: null

2018-12-14 10:15:20 - [TEST_STEP][PASSED] - Statement - PreSaveFile = new java.io.File(((pathPrefix + java.lang.Integer.toString(counter)) + .png)): null

2018-12-14 10:15:20 - [TEST_STEP][PASSED] - Statement - counter = counter + 1: null

2018-12-14 10:15:20 - [TEST_STEP][PASSED] - Statement - PreSaveFile = new java.io.File(((pathPrefix + java.lang.Integer.toString(counter)) + .png)): null

2018-12-14 10:15:20 - [TEST_STEP][PASSED] - Statement - counter = counter + 1: null

2018-12-14 10:15:20 - [TEST_STEP][PASSED] - Statement - PreSaveFile = new java.io.File(((pathPrefix + java.lang.Integer.toString(counter)) + .png)): null

2018-12-14 10:15:20 - [TEST_STEP][PASSED] - Statement - counter = counter + 1: null

2018-12-14 10:15:20 - [TEST_STEP][PASSED] - Statement - PreSaveFile = new java.io.File(((pathPrefix + java.lang.Integer.toString(counter)) + .png)): null

2018-12-14 10:15:20 - [TEST_STEP][PASSED] - Statement - counter = counter + 1: null

2018-12-14 10:15:20 - [TEST_STEP][PASSED] - Statement - PreSaveFile = new java.io.File(((pathPrefix + java.lang.Integer.toString(counter)) + .png)): null

2018-12-14 10:15:20 - [TEST_STEP][PASSED] - Statement - counter = counter + 1: null

2018-12-14 10:15:20 - [TEST_STEP][PASSED] - Statement - PreSaveFile = new java.io.File(((pathPrefix + java.lang.Integer.toString(counter)) + .png)): null

2018-12-14 10:15:20 - [TEST_STEP][PASSED] - Statement - counter = counter + 1: null

2018-12-14 10:15:20 - [TEST_STEP][PASSED] - Statement - PreSaveFile = new java.io.File(((pathPrefix + java.lang.Integer.toString(counter)) + .png)): null

2018-12-14 10:15:20 - [TEST_STEP][PASSED] - Statement - counter = counter + 1: null

2018-12-14 10:15:20 - [TEST_STEP][PASSED] - Statement - PreSaveFile = new java.io.File(((pathPrefix + java.lang.Integer.toString(counter)) + .png)): null

2018-12-14 10:15:20 - [TEST_STEP][PASSED] - Statement - counter = counter + 1: null

2018-12-14 10:15:20 - [TEST_STEP][PASSED] - Statement - PreSaveFile = new java.io.File(((pathPrefix + java.lang.Integer.toString(counter)) + .png)): null

2018-12-14 10:15:20 - [TEST_STEP][PASSED] - Statement - counter = counter + 1: null

2018-12-14 10:15:20 - [TEST_STEP][PASSED] - Statement - PreSaveFile = new java.io.File(((pathPrefix + java.lang.Integer.toString(counter)) + .png)): null

2018-12-14 10:15:20 - [TEST_STEP][PASSED] - Statement - counter = counter + 1: null

2018-12-14 10:15:20 - [TEST_STEP][PASSED] - Statement - PreSaveFile = new java.io.File(((pathPrefix + java.lang.Integer.toString(counter)) + .png)): null

2018-12-14 10:15:20 - [TEST_STEP][PASSED] - Statement - counter = counter + 1: null

2018-12-14 10:15:20 - [TEST_STEP][PASSED] - Statement - PreSaveFile = new java.io.File(((pathPrefix + java.lang.Integer.toString(counter)) + .png)): null

2018-12-14 10:15:20 - [TEST_STEP][PASSED] - Statement - counter = counter + 1: null

2018-12-14 10:15:20 - [TEST_STEP][PASSED] - Statement - PreSaveFile = new java.io.File(((pathPrefix + java.lang.Integer.toString(counter)) + .png)): null

2018-12-14 10:15:20 - [TEST_STEP][PASSED] - Statement - counter = counter + 1: null

2018-12-14 10:15:20 - [TEST_STEP][PASSED] - Statement - PreSaveFile = new java.io.File(((pathPrefix + java.lang.Integer.toString(counter)) + .png)): null

2018-12-14 10:15:20 - [TEST_STEP][PASSED] - Statement - counter = counter + 1: null

2018-12-14 10:15:20 - [TEST_STEP][PASSED] - Statement - PreSaveFile = new java.io.File(((pathPrefix + java.lang.Integer.toString(counter)) + .png)): null

2018-12-14 10:15:20 - [TEST_STEP][PASSED] - Statement - counter = counter + 1: null

2018-12-14 10:15:20 - [TEST_STEP][PASSED] - Statement - PreSaveFile = new java.io.File(((pathPrefix + java.lang.Integer.toString(counter)) + .png)): null

2018-12-14 10:15:20 - [TEST_STEP][PASSED] - Statement - counter = counter + 1: null

2018-12-14 10:15:20 - [TEST_STEP][PASSED] - Statement - PreSaveFile = new java.io.File(((pathPrefix + java.lang.Integer.toString(counter)) + .png)): null

2018-12-14 10:15:20 - [TEST_STEP][PASSED] - Statement - counter = counter + 1: null

2018-12-14 10:15:20 - [TEST_STEP][PASSED] - Statement - PreSaveFile = new java.io.File(((pathPrefix + java.lang.Integer.toString(counter)) + .png)): null

2018-12-14 10:15:20 - [TEST_STEP][PASSED] - Statement - counter = counter + 1: null

2018-12-14 10:15:20 - [TEST_STEP][PASSED] - Statement - PreSaveFile = new java.io.File(((pathPrefix + java.lang.Integer.toString(counter)) + .png)): null

2018-12-14 10:15:20 - [TEST_STEP][PASSED] - Statement - counter = counter + 1: null

2018-12-14 10:15:20 - [TEST_STEP][PASSED] - Statement - PreSaveFile = new java.io.File(((pathPrefix + java.lang.Integer.toString(counter)) + .png)): null

2018-12-14 10:15:20 - [TEST_STEP][PASSED] - Statement - counter = counter + 1: null

2018-12-14 10:15:20 - [TEST_STEP][PASSED] - Statement - PreSaveFile = new java.io.File(((pathPrefix + java.lang.Integer.toString(counter)) + .png)): null

2018-12-14 10:15:20 - [TEST_STEP][PASSED] - Statement - counter = counter + 1: null

2018-12-14 10:15:20 - [TEST_STEP][PASSED] - Statement - PreSaveFile = new java.io.File(((pathPrefix + java.lang.Integer.toString(counter)) + .png)): null

2018-12-14 10:15:20 - [TEST_STEP][PASSED] - Statement - counter = counter + 1: null

2018-12-14 10:15:20 - [TEST_STEP][PASSED] - Statement - PreSaveFile = new java.io.File(((pathPrefix + java.lang.Integer.toString(counter)) + .png)): null

2018-12-14 10:15:20 - [TEST_STEP][PASSED] - Statement - counter = counter + 1: null

2018-12-14 10:15:20 - [TEST_STEP][PASSED] - Statement - PreSaveFile = new java.io.File(((pathPrefix + java.lang.Integer.toString(counter)) + .png)): null

2018-12-14 10:15:20 - [TEST_STEP][PASSED] - Statement - counter = counter + 1: null

2018-12-14 10:15:20 - [TEST_STEP][PASSED] - Statement - PreSaveFile = new java.io.File(((pathPrefix + java.lang.Integer.toString(counter)) + .png)): null

2018-12-14 10:15:20 - [TEST_STEP][PASSED] - Statement - counter = counter + 1: null

2018-12-14 10:15:20 - [TEST_STEP][PASSED] - Statement - PreSaveFile = new java.io.File(((pathPrefix + java.lang.Integer.toString(counter)) + .png)): null

2018-12-14 10:15:20 - [TEST_STEP][PASSED] - Statement - counter = counter + 1: null

2018-12-14 10:15:20 - [TEST_STEP][PASSED] - Statement - PreSaveFile = new java.io.File(((pathPrefix + java.lang.Integer.toString(counter)) + .png)): null

2018-12-14 10:15:20 - [TEST_STEP][PASSED] - Statement - counter = counter + 1: null

2018-12-14 10:15:20 - [TEST_STEP][PASSED] - Statement - PreSaveFile = new java.io.File(((pathPrefix + java.lang.Integer.toString(counter)) + .png)): null

2018-12-14 10:15:20 - [TEST_STEP][PASSED] - Statement - counter = counter + 1: null

2018-12-14 10:15:20 - [TEST_STEP][PASSED] - Statement - PreSaveFile = new java.io.File(((pathPrefix + java.lang.Integer.toString(counter)) + .png)): null

2018-12-14 10:15:20 - [TEST_STEP][PASSED] - Statement - counter = counter + 1: null

2018-12-14 10:15:20 - [TEST_STEP][PASSED] - Statement - PreSaveFile = new java.io.File(((pathPrefix + java.lang.Integer.toString(counter)) + .png)): null

2018-12-14 10:15:20 - [TEST_STEP][PASSED] - Statement - counter = counter + 1: null

2018-12-14 10:15:20 - [TEST_STEP][PASSED] - Statement - PreSaveFile = new java.io.File(((pathPrefix + java.lang.Integer.toString(counter)) + .png)): null

2018-12-14 10:15:20 - [TEST_STEP][PASSED] - Statement - counter = counter + 1: null

2018-12-14 10:15:20 - [TEST_STEP][PASSED] - Statement - PreSaveFile = new java.io.File(((pathPrefix + java.lang.Integer.toString(counter)) + .png)): null

2018-12-14 10:15:20 - [TEST_STEP][PASSED] - Statement - counter = counter + 1: null

2018-12-14 10:15:20 - [TEST_STEP][PASSED] - Statement - PreSaveFile = new java.io.File(((pathPrefix + java.lang.Integer.toString(counter)) + .png)): null

2018-12-14 10:15:20 - [TEST_STEP][PASSED] - Statement - counter = counter + 1: null

2018-12-14 10:15:20 - [TEST_STEP][PASSED] - Statement - PreSaveFile = new java.io.File(((pathPrefix + java.lang.Integer.toString(counter)) + .png)): null

2018-12-14 10:15:20 - [TEST_STEP][PASSED] - Statement - counter = counter + 1: null

2018-12-14 10:15:20 - [TEST_STEP][PASSED] - Statement - PreSaveFile = new java.io.File(((pathPrefix + java.lang.Integer.toString(counter)) + .png)): null

2018-12-14 10:15:20 - [TEST_STEP][PASSED] - Statement - counter = counter + 1: null

2018-12-14 10:15:20 - [TEST_STEP][PASSED] - Statement - PreSaveFile = new java.io.File(((pathPrefix + java.lang.Integer.toString(counter)) + .png)): null

2018-12-14 10:15:20 - [TEST_STEP][PASSED] - Statement - counter = counter + 1: null

2018-12-14 10:15:20 - [TEST_STEP][PASSED] - Statement - PreSaveFile = new java.io.File(((pathPrefix + java.lang.Integer.toString(counter)) + .png)): null

2018-12-14 10:15:20 - [TEST_STEP][PASSED] - Statement - counter = counter + 1: null

2018-12-14 10:15:20 - [TEST_STEP][PASSED] - Statement - PreSaveFile = new java.io.File(((pathPrefix + java.lang.Integer.toString(counter)) + .png)): null

2018-12-14 10:15:20 - [TEST_STEP][PASSED] - Statement - counter = counter + 1: null

2018-12-14 10:15:20 - [TEST_STEP][PASSED] - Statement - PreSaveFile = new java.io.File(((pathPrefix + java.lang.Integer.toString(counter)) + .png)): null

2018-12-14 10:15:20 - [TEST_STEP][PASSED] - Statement - counter = counter + 1: null

2018-12-14 10:15:20 - [TEST_STEP][PASSED] - Statement - PreSaveFile = new java.io.File(((pathPrefix + java.lang.Integer.toString(counter)) + .png)): null

2018-12-14 10:15:20 - [TEST_STEP][PASSED] - Statement - counter = counter + 1: null

2018-12-14 10:15:20 - [TEST_STEP][PASSED] - Statement - PreSaveFile = new java.io.File(((pathPrefix + java.lang.Integer.toString(counter)) + .png)): null

2018-12-14 10:15:20 - [TEST_STEP][PASSED] - Statement - counter = counter + 1: null

2018-12-14 10:15:20 - [TEST_STEP][PASSED] - Statement - PreSaveFile = new java.io.File(((pathPrefix + java.lang.Integer.toString(counter)) + .png)): null

2018-12-14 10:15:20 - [TEST_STEP][PASSED] - Statement - counter = counter + 1: null

2018-12-14 10:15:20 - [TEST_STEP][PASSED] - Statement - PreSaveFile = new java.io.File(((pathPrefix + java.lang.Integer.toString(counter)) + .png)): null

2018-12-14 10:15:20 - [TEST_STEP][PASSED] - Statement - counter = counter + 1: null

2018-12-14 10:15:20 - [TEST_STEP][PASSED] - Statement - PreSaveFile = new java.io.File(((pathPrefix + java.lang.Integer.toString(counter)) + .png)): null

2018-12-14 10:15:20 - [TEST_STEP][PASSED] - Statement - counter = counter + 1: null

2018-12-14 10:15:20 - [TEST_STEP][PASSED] - Statement - PreSaveFile = new java.io.File(((pathPrefix + java.lang.Integer.toString(counter)) + .png)): null

2018-12-14 10:15:20 - [TEST_STEP][PASSED] - Statement - counter = counter + 1: null

2018-12-14 10:15:20 - [TEST_STEP][PASSED] - Statement - PreSaveFile = new java.io.File(((pathPrefix + java.lang.Integer.toString(counter)) + .png)): null

2018-12-14 10:15:20 - [TEST_STEP][PASSED] - Statement - counter = counter + 1: null

2018-12-14 10:15:20 - [TEST_STEP][PASSED] - Statement - PreSaveFile = new java.io.File(((pathPrefix + java.lang.Integer.toString(counter)) + .png)): null

2018-12-14 10:15:20 - [TEST_STEP][PASSED] - Statement - counter = counter + 1: null

2018-12-14 10:15:20 - [TEST_STEP][PASSED] - Statement - PreSaveFile = new java.io.File(((pathPrefix + java.lang.Integer.toString(counter)) + .png)): null

2018-12-14 10:15:20 - [TEST_STEP][PASSED] - Statement - counter = counter + 1: null

2018-12-14 10:15:20 - [TEST_STEP][PASSED] - Statement - PreSaveFile = new java.io.File(((pathPrefix + java.lang.Integer.toString(counter)) + .png)): null

2018-12-14 10:15:20 - [TEST_STEP][PASSED] - Statement - counter = counter + 1: null

2018-12-14 10:15:20 - [TEST_STEP][PASSED] - Statement - PreSaveFile = new java.io.File(((pathPrefix + java.lang.Integer.toString(counter)) + .png)): null

2018-12-14 10:15:20 - [TEST_STEP][PASSED] - Statement - counter = counter + 1: null

2018-12-14 10:15:20 - [TEST_STEP][PASSED] - Statement - PreSaveFile = new java.io.File(((pathPrefix + java.lang.Integer.toString(counter)) + .png)): null

2018-12-14 10:15:20 - [TEST_STEP][PASSED] - Statement - counter = counter + 1: null

2018-12-14 10:15:20 - [TEST_STEP][PASSED] - Statement - PreSaveFile = new java.io.File(((pathPrefix + java.lang.Integer.toString(counter)) + .png)): null

2018-12-14 10:15:20 - [TEST_STEP][PASSED] - Statement - counter = counter + 1: null

2018-12-14 10:15:20 - [TEST_STEP][PASSED] - Statement - PreSaveFile = new java.io.File(((pathPrefix + java.lang.Integer.toString(counter)) + .png)): null

2018-12-14 10:15:20 - [TEST_STEP][PASSED] - Statement - counter = counter + 1: null

2018-12-14 10:15:20 - [TEST_STEP][PASSED] - Statement - PreSaveFile = new java.io.File(((pathPrefix + java.lang.Integer.toString(counter)) + .png)): null

2018-12-14 10:15:20 - [TEST_STEP][PASSED] - Statement - counter = counter + 1: null

2018-12-14 10:15:20 - [TEST_STEP][PASSED] - Statement - PreSaveFile = new java.io.File(((pathPrefix + java.lang.Integer.toString(counter)) + .png)): null

2018-12-14 10:15:20 - [TEST_STEP][PASSED] - Statement - counter = counter + 1: null

2018-12-14 10:15:20 - [TEST_STEP][PASSED] - Statement - PreSaveFile = new java.io.File(((pathPrefix + java.lang.Integer.toString(counter)) + .png)): null

2018-12-14 10:15:20 - [TEST_STEP][PASSED] - Statement - counter = counter + 1: null

2018-12-14 10:15:20 - [TEST_STEP][PASSED] - Statement - PreSaveFile = new java.io.File(((pathPrefix + java.lang.Integer.toString(counter)) + .png)): null

2018-12-14 10:15:20 - [TEST_STEP][PASSED] - Statement - counter = counter + 1: null

2018-12-14 10:15:20 - [TEST_STEP][PASSED] - Statement - PreSaveFile = new java.io.File(((pathPrefix + java.lang.Integer.toString(counter)) + .png)): null

2018-12-14 10:15:20 - [TEST_STEP][PASSED] - Statement - counter = counter + 1: null

2018-12-14 10:15:20 - [TEST_STEP][PASSED] - Statement - PreSaveFile = new java.io.File(((pathPrefix + java.lang.Integer.toString(counter)) + .png)): null

2018-12-14 10:15:20 - [TEST_STEP][PASSED] - Statement - counter = counter + 1: null

2018-12-14 10:15:20 - [TEST_STEP][PASSED] - Statement - PreSaveFile = new java.io.File(((pathPrefix + java.lang.Integer.toString(counter)) + .png)): null

2018-12-14 10:15:20 - [TEST_STEP][PASSED] - Statement - counter = counter + 1: null

2018-12-14 10:15:20 - [TEST_STEP][PASSED] - Statement - PreSaveFile = new java.io.File(((pathPrefix + java.lang.Integer.toString(counter)) + .png)): null

2018-12-14 10:15:20 - [TEST_STEP][PASSED] - Statement - counter = counter + 1: null

2018-12-14 10:15:20 - [TEST_STEP][PASSED] - Statement - PreSaveFile = new java.io.File(((pathPrefix + java.lang.Integer.toString(counter)) + .png)): null

2018-12-14 10:15:20 - [TEST_STEP][PASSED] - Statement - counter = counter + 1: null

2018-12-14 10:15:20 - [TEST_STEP][PASSED] - Statement - PreSaveFile = new java.io.File(((pathPrefix + java.lang.Integer.toString(counter)) + .png)): null

2018-12-14 10:15:20 - [TEST_STEP][PASSED] - Statement - counter = counter + 1: null

2018-12-14 10:15:20 - [TEST_STEP][PASSED] - Statement - PreSaveFile = new java.io.File(((pathPrefix + java.lang.Integer.toString(counter)) + .png)): null

2018-12-14 10:15:20 - [TEST_STEP][PASSED] - Statement - counter = counter + 1: null

2018-12-14 10:15:20 - [TEST_STEP][PASSED] - Statement - PreSaveFile = new java.io.File(((pathPrefix + java.lang.Integer.toString(counter)) + .png)): null

2018-12-14 10:15:20 - [TEST_STEP][PASSED] - Statement - counter = counter + 1: null

2018-12-14 10:15:20 - [TEST_STEP][PASSED] - Statement - PreSaveFile = new java.io.File(((pathPrefix + java.lang.Integer.toString(counter)) + .png)): null

2018-12-14 10:15:20 - [TEST_STEP][PASSED] - Statement - counter = counter + 1: null

2018-12-14 10:15:20 - [TEST_STEP][PASSED] - Statement - PreSaveFile = new java.io.File(((pathPrefix + java.lang.Integer.toString(counter)) + .png)): null

2018-12-14 10:15:20 - [TEST_STEP][PASSED] - Statement - counter = counter + 1: null

2018-12-14 10:15:20 - [TEST_STEP][PASSED] - Statement - PreSaveFile = new java.io.File(((pathPrefix + java.lang.Integer.toString(counter)) + .png)): null

2018-12-14 10:15:20 - [TEST_STEP][PASSED] - Statement - counter = counter + 1: null

2018-12-14 10:15:20 - [TEST_STEP][PASSED] - Statement - PreSaveFile = new java.io.File(((pathPrefix + java.lang.Integer.toString(counter)) + .png)): null

2018-12-14 10:15:20 - [TEST_STEP][PASSED] - Statement - counter = counter + 1: null

2018-12-14 10:15:20 - [TEST_STEP][PASSED] - Statement - PreSaveFile = new java.io.File(((pathPrefix + java.lang.Integer.toString(counter)) + .png)): null

2018-12-14 10:15:20 - [TEST_STEP][PASSED] - Statement - counter = counter + 1: null

2018-12-14 10:15:20 - [TEST_STEP][PASSED] - Statement - PreSaveFile = new java.io.File(((pathPrefix + java.lang.Integer.toString(counter)) + .png)): null

2018-12-14 10:15:20 - [TEST_STEP][PASSED] - Statement - counter = counter + 1: null

2018-12-14 10:15:20 - [TEST_STEP][PASSED] - Statement - PreSaveFile = new java.io.File(((pathPrefix + java.lang.Integer.toString(counter)) + .png)): null

2018-12-14 10:15:20 - [TEST_STEP][PASSED] - Statement - counter = counter + 1: null

2018-12-14 10:15:20 - [TEST_STEP][PASSED] - Statement - PreSaveFile = new java.io.File(((pathPrefix + java.lang.Integer.toString(counter)) + .png)): null

2018-12-14 10:15:20 - [TEST_STEP][PASSED] - Statement - counter = counter + 1: null

2018-12-14 10:15:20 - [TEST_STEP][PASSED] - Statement - PreSaveFile = new java.io.File(((pathPrefix + java.lang.Integer.toString(counter)) + .png)): null

2018-12-14 10:15:20 - [TEST_STEP][PASSED] - Statement - counter = counter + 1: null

2018-12-14 10:15:20 - [TEST_STEP][PASSED] - Statement - PreSaveFile = new java.io.File(((pathPrefix + java.lang.Integer.toString(counter)) + .png)): null

2018-12-14 10:15:20 - [TEST_STEP][PASSED] - Statement - counter = counter + 1: null

2018-12-14 10:15:20 - [TEST_STEP][PASSED] - Statement - PreSaveFile = new java.io.File(((pathPrefix + java.lang.Integer.toString(counter)) + .png)): null

2018-12-14 10:15:20 - [TEST_STEP][PASSED] - Statement - counter = counter + 1: null

2018-12-14 10:15:20 - [TEST_STEP][PASSED] - Statement - PreSaveFile = new java.io.File(((pathPrefix + java.lang.Integer.toString(counter)) + .png)): null

2018-12-14 10:15:20 - [TEST_STEP][PASSED] - Statement - counter = counter + 1: null

2018-12-14 10:15:20 - [TEST_STEP][PASSED] - Statement - PreSaveFile = new java.io.File(((pathPrefix + java.lang.Integer.toString(counter)) + .png)): null

2018-12-14 10:15:20 - [TEST_STEP][PASSED] - Statement - counter = counter + 1: null

2018-12-14 10:15:20 - [TEST_STEP][PASSED] - Statement - PreSaveFile = new java.io.File(((pathPrefix + java.lang.Integer.toString(counter)) + .png)): null

2018-12-14 10:15:20 - [TEST_STEP][PASSED] - Statement - counter = counter + 1: null

2018-12-14 10:15:20 - [TEST_STEP][PASSED] - Statement - PreSaveFile = new java.io.File(((pathPrefix + java.lang.Integer.toString(counter)) + .png)): null

2018-12-14 10:15:20 - [TEST_STEP][PASSED] - Statement - counter = counter + 1: null

2018-12-14 10:15:20 - [TEST_STEP][PASSED] - Statement - PreSaveFile = new java.io.File(((pathPrefix + java.lang.Integer.toString(counter)) + .png)): null

2018-12-14 10:15:20 - [TEST_STEP][PASSED] - Statement - counter = counter + 1: null

2018-12-14 10:15:20 - [TEST_STEP][PASSED] - Statement - PreSaveFile = new java.io.File(((pathPrefix + java.lang.Integer.toString(counter)) + .png)): null

2018-12-14 10:15:20 - [TEST_STEP][PASSED] - Statement - counter = counter + 1: null

2018-12-14 10:15:20 - [TEST_STEP][PASSED] - Statement - PreSaveFile = new java.io.File(((pathPrefix + java.lang.Integer.toString(counter)) + .png)): null

2018-12-14 10:15:20 - [TEST_STEP][PASSED] - Statement - counter = counter + 1: null

2018-12-14 10:15:20 - [TEST_STEP][PASSED] - Statement - PreSaveFile = new java.io.File(((pathPrefix + java.lang.Integer.toString(counter)) + .png)): null

2018-12-14 10:15:20 - [TEST_STEP][PASSED] - Statement - counter = counter + 1: null

2018-12-14 10:15:20 - [TEST_STEP][PASSED] - Statement - PreSaveFile = new java.io.File(((pathPrefix + java.lang.Integer.toString(counter)) + .png)): null

2018-12-14 10:15:20 - [TEST_STEP][PASSED] - Statement - counter = counter + 1: null

2018-12-14 10:15:20 - [TEST_STEP][PASSED] - Statement - PreSaveFile = new java.io.File(((pathPrefix + java.lang.Integer.toString(counter)) + .png)): null

2018-12-14 10:15:20 - [TEST_STEP][PASSED] - Statement - counter = counter + 1: null

2018-12-14 10:15:20 - [TEST_STEP][PASSED] - Statement - PreSaveFile = new java.io.File(((pathPrefix + java.lang.Integer.toString(counter)) + .png)): null

2018-12-14 10:15:20 - [TEST_STEP][PASSED] - Statement - counter = counter + 1: null

2018-12-14 10:15:20 - [TEST_STEP][PASSED] - Statement - PreSaveFile = new java.io.File(((pathPrefix + java.lang.Integer.toString(counter)) + .png)): null

2018-12-14 10:15:20 - [TEST_STEP][PASSED] - Statement - counter = counter + 1: null

2018-12-14 10:15:20 - [TEST_STEP][PASSED] - Statement - PreSaveFile = new java.io.File(((pathPrefix + java.lang.Integer.toString(counter)) + .png)): null

2018-12-14 10:15:20 - [TEST_STEP][PASSED] - Statement - counter = counter + 1: null

2018-12-14 10:15:20 - [TEST_STEP][PASSED] - Statement - PreSaveFile = new java.io.File(((pathPrefix + java.lang.Integer.toString(counter)) + .png)): null

2018-12-14 10:15:20 - [TEST_STEP][PASSED] - Statement - counter = counter + 1: null

2018-12-14 10:15:20 - [TEST_STEP][PASSED] - Statement - PreSaveFile = new java.io.File(((pathPrefix + java.lang.Integer.toString(counter)) + .png)): null

2018-12-14 10:15:20 - [TEST_STEP][PASSED] - Statement - finalPath = pathPrefix + java.lang.Integer.toString(counter) + ".png": null

2018-12-14 10:15:20 - [TEST_STEP][PASSED] - Statement - SaveFile = new java.io.File(finalPath): null

2018-12-14 10:15:20 - [TEST_STEP][PASSED] - Statement - Try: null

2018-12-14 10:15:20 - [TEST_STEP][PASSED] - Statement - org.apache.commons.io.FileUtils.copyFile(scrFile, SaveFile): null

2018-12-14 10:15:20 - [TEST_STEP][PASSED] - Statement - out.println("file kept"): null

2018-12-14 10:15:20 - [TEST_STEP][PASSED] - delay: Delayed 10 second(s)

2018-12-14 10:15:30 - [MESSAGE][PASSED] - Delayed 10 second(s)

2018-12-14 10:15:30 - [MESSAGE][PASSED] - Call Test Case 'Test Cases/Final Aug 2018 - PKS Automation/Registration Module/New Registration/Submit and Screenshot/Submit Registration and Screenshot - Copy' successfully

2018-12-14 10:15:30 - [TEST_STEP][PASSED] - Statement - UpdateAddNewECode = com.kms.katalon.core.webui.keyword.WebUiBuiltInKeywords.getText(com.kms.katalon.core.testobject.ObjectRepository.findTestObject(Object Repository/Final Object Repo/Page_Update Add New Employee - ASSIST/getEmpCode)): Text of object 'Object Repository/Final Object Repo/Page_Update Add New Employee - ASSIST/getEmpCode' is: 'E1102070887X'

2018-12-14 10:15:30 - [MESSAGE][PASSED] - Text of object 'Object Repository/Final Object Repo/Page_Update Add New Employee - ASSIST/getEmpCode' is: 'E1102070887X'

2018-12-14 10:15:30 - [TEST_STEP][PASSED] - callTestCase: Call Test Case 'Test Cases/Final Aug 2018 - PKS Automation/Common/Emp Code Setter' successfully

2018-12-14 10:15:30 - [TEST_CASE][PASSED] - Test Cases/Final Aug 2018 - PKS Automation/Common/Emp Code Setter: Test Cases/Final Aug 2018 - PKS Automation/Common/Emp Code Setter

2018-12-14 10:15:30 - [TEST_STEP][PASSED] - Statement - EmpCodeOld = new java.io.File(C://Users//Admin//Desktop//PKS//Automation Reference Point//EmpCode.txt): null

2018-12-14 10:15:30 - [TEST_STEP][PASSED] - Statement - EmpCodeOld.delete(): null

2018-12-14 10:15:30 - [TEST_STEP][PASSED] - Statement - EmpCode = new java.io.File(C://Users//Admin//Desktop//PKS//Automation Reference Point//EmpCode.txt): null

2018-12-14 10:15:30 - [TEST_STEP][PASSED] - Statement - f2 = new java.io.FileWriter(EmpCode, false): null

2018-12-14 10:15:30 - [TEST_STEP][PASSED] - Statement - f2.write(UpdateAddNewECode): null

2018-12-14 10:15:30 - [TEST_STEP][PASSED] - Statement - f2.close(): null

2018-12-14 10:15:30 - [TEST_STEP][PASSED] - Statement - out.println("


" + UpdateAddNewECode + "


"): null

2018-12-14 10:15:30 - [MESSAGE][PASSED] - Call Test Case 'Test Cases/Final Aug 2018 - PKS Automation/Common/Emp Code Setter' successfully

2018-12-14 10:15:30 - [MESSAGE][PASSED] - Call Test Case 'Test Cases/Final Aug 2018 - PKS Automation/Registration Module/Workflow/Update Add New Employee/Template/New Company for Update Add New - Employer' successfully

2018-12-14 10:15:30 - [TEST_STEP][PASSED] - callTestCase: Call Test Case 'Test Cases/Final Aug 2018 - PKS Automation/Create Employer Acc/Login to Employer Account (Second time)' successfully

2018-12-14 10:15:30 - [TEST_CASE][PASSED] - Test Cases/Final Aug 2018 - PKS Automation/Create Employer Acc/Login to Employer Account (Second time): Test Cases/Final Aug 2018 - PKS Automation/Create Employer Acc/Login to Employer Account (Second time)

2018-12-14 10:15:30 - [TEST_STEP][PASSED] - openBrowser: Browser is opened with url: ''

2018-12-14 10:15:30 - [MESSAGE][WARNING] - A browser is already opened. Closing browser and opening a new one

2018-12-14 10:15:34 - [MESSAGE][PASSED] - Browser is opened with url: ''

2018-12-14 10:15:34 - [TEST_STEP][PASSED] - navigateToUrl: Navigate to 'https://assist2-uat.perkeso.gov.my/employer/login' successfully

2018-12-14 10:15:35 - [MESSAGE][PASSED] - Navigate to 'https://assist2-uat.perkeso.gov.my/employer/login' successfully

2018-12-14 10:15:35 - [TEST_STEP][PASSED] - delay: Delayed 3 second(s)

2018-12-14 10:15:38 - [MESSAGE][PASSED] - Delayed 3 second(s)

2018-12-14 10:15:38 - [TEST_STEP][PASSED] - callTestCase: Call Test Case 'Test Cases/Final Aug 2018 - PKS Automation/Create Employer Acc/Template/Employer Email Getter' successfully

2018-12-14 10:15:38 - [TEST_CASE][PASSED] - Test Cases/Final Aug 2018 - PKS Automation/Create Employer Acc/Template/Employer Email Getter: Test Cases/Final Aug 2018 - PKS Automation/Create Employer Acc/Template/Employer Email Getter

2018-12-14 10:15:38 - [TEST_STEP][PASSED] - Statement - Try: null

2018-12-14 10:15:38 - [TEST_STEP][PASSED] - Statement - EmpEmail = new java.io.File(C://Users//Admin//Desktop//PKS//Automation Reference Point//EmpEmail.txt): null

2018-12-14 10:15:38 - [TEST_STEP][PASSED] - Statement - bufferread = new java.io.BufferedReader(new java.io.FileReader(EmpEmail)): null

2018-12-14 10:15:38 - [TEST_STEP][PASSED] - Statement - readedVal = bufferread.readLine(): null

2018-12-14 10:15:38 - [TEST_STEP][PASSED] - Statement - out.println(readedVal): null

2018-12-14 10:15:38 - [TEST_STEP][PASSED] - Statement - Email = readedVal: null

2018-12-14 10:15:38 - [MESSAGE][PASSED] - Call Test Case 'Test Cases/Final Aug 2018 - PKS Automation/Create Employer Acc/Template/Employer Email Getter' successfully

2018-12-14 10:15:38 - [TEST_STEP][PASSED] - setText: Text 'perkeso271932472168@gmail.com' is set on object 'Object Repository/Final Object Repo/Login Page/External Login Page/Email'

2018-12-14 10:15:38 - [MESSAGE][PASSED] - Text 'perkeso271932472168@gmail.com' is set on object 'Object Repository/Final Object Repo/Login Page/External Login Page/Email'

2018-12-14 10:15:38 - [TEST_STEP][PASSED] - click: Object: 'Object Repository/Final Object Repo/Login Page/External Login Page/Next' is clicked on

2018-12-14 10:15:38 - [MESSAGE][PASSED] - Object: 'Object Repository/Final Object Repo/Login Page/External Login Page/Next' is clicked on

2018-12-14 10:15:38 - [TEST_STEP][PASSED] - delay: Delayed 3 second(s)

2018-12-14 10:15:41 - [MESSAGE][PASSED] - Delayed 3 second(s)

2018-12-14 10:15:41 - [TEST_STEP][PASSED] - setEncryptedText: Text ****** has been set on object 'Object Repository/Final Object Repo/Login Page/External Login Page/Password'

2018-12-14 10:15:42 - [MESSAGE][PASSED] - Text ****** has been set on object 'Object Repository/Final Object Repo/Login Page/External Login Page/Password'

2018-12-14 10:15:42 - [TEST_STEP][PASSED] - click: Object: 'Object Repository/Final Object Repo/Login Page/External Login Page/Login' is clicked on

2018-12-14 10:15:42 - [MESSAGE][PASSED] - Object: 'Object Repository/Final Object Repo/Login Page/External Login Page/Login' is clicked on

2018-12-14 10:15:42 - [TEST_STEP][PASSED] - delay: Delayed 5 second(s)

2018-12-14 10:15:47 - [MESSAGE][PASSED] - Delayed 5 second(s)

2018-12-14 10:15:47 - [MESSAGE][PASSED] - Call Test Case 'Test Cases/Final Aug 2018 - PKS Automation/Create Employer Acc/Login to Employer Account (Second time)' successfully

2018-12-14 10:15:47 - [TEST_STEP][PASSED] - navigateToUrl: Navigate to 'https://assist2-uat.perkeso.gov.my/web/registration/update/form-1a-cessation-as-employer-discontinue-business-' successfully

2018-12-14 10:15:48 - [MESSAGE][PASSED] - Navigate to 'https://assist2-uat.perkeso.gov.my/web/registration/update/form-1a-cessation-as-employer-discontinue-business-' successfully

2018-12-14 10:15:48 - [TEST_STEP][PASSED] - callTestCase: Call Test Case 'Test Cases/Final Aug 2018 - PKS Automation/Common/Emp Code Getter' successfully

2018-12-14 10:15:48 - [TEST_CASE][PASSED] - Test Cases/Final Aug 2018 - PKS Automation/Common/Emp Code Getter: Test Cases/Final Aug 2018 - PKS Automation/Common/Emp Code Getter

2018-12-14 10:15:48 - [TEST_STEP][PASSED] - Statement - Try: null

2018-12-14 10:15:48 - [TEST_STEP][PASSED] - Statement - EmpCode = new java.io.File(C://Users//Admin//Desktop//PKS//Automation Reference Point//EmpCode.txt): null

2018-12-14 10:15:48 - [TEST_STEP][PASSED] - Statement - bufferread = new java.io.BufferedReader(new java.io.FileReader(EmpCode)): null

2018-12-14 10:15:48 - [TEST_STEP][PASSED] - Statement - readedVal = bufferread.readLine(): null

2018-12-14 10:15:48 - [TEST_STEP][PASSED] - Statement - out.println(readedVal): null

2018-12-14 10:15:48 - [TEST_STEP][PASSED] - Statement - UpdateAddNewECode = readedVal: null

2018-12-14 10:15:48 - [MESSAGE][PASSED] - Call Test Case 'Test Cases/Final Aug 2018 - PKS Automation/Common/Emp Code Getter' successfully

2018-12-14 10:15:48 - [TEST_STEP][PASSED] - setText: Text 'E1102070887X' is set on object 'Object Repository/Final Object Repo/Page_Update Employer Information/Employer Code'

2018-12-14 10:15:48 - [MESSAGE][PASSED] - Text 'E1102070887X' is set on object 'Object Repository/Final Object Repo/Page_Update Employer Information/Employer Code'

2018-12-14 10:15:48 - [TEST_STEP][PASSED] - click: Object: 'Object Repository/Final Object Repo/Page_Update Employer Information/Search Button' is clicked on

2018-12-14 10:15:48 - [MESSAGE][PASSED] - Object: 'Object Repository/Final Object Repo/Page_Update Employer Information/Search Button' is clicked on

2018-12-14 10:15:48 - [TEST_STEP][PASSED] - delay: Delayed 2 second(s)

2018-12-14 10:15:50 - [MESSAGE][PASSED] - Delayed 2 second(s)

2018-12-14 10:15:50 - [TEST_STEP][PASSED] - click: Object: 'Object Repository/Final Object Repo/Page_Update Employer Information/Edit Button' is clicked on

2018-12-14 10:15:51 - [MESSAGE][PASSED] - Object: 'Object Repository/Final Object Repo/Page_Update Employer Information/Edit Button' is clicked on

2018-12-14 10:15:51 - [TEST_STEP][PASSED] - Statement - abc = com.kms.katalon.core.webui.keyword.WebUiBuiltInKeywords.getAttribute(com.kms.katalon.core.testobject.ObjectRepository.findTestObject(Final Object Repo/Page_Form 1A - Cessation As Employer/Employer Status), "value"): Attribute 'value' of object 'Object Repository/Final Object Repo/Page_Form 1A - Cessation As Employer/Employer Status' is: 'Active'

2018-12-14 10:15:51 - [MESSAGE][PASSED] - Attribute 'value' of object 'Object Repository/Final Object Repo/Page_Form 1A - Cessation As Employer/Employer Status' is: 'Active'

2018-12-14 10:15:51 - [TEST_STEP][PASSED] - Statement - out.println(abc): null

2018-12-14 10:15:51 - [TEST_STEP][PASSED] - Statement - If (abc == "Active"): Object: 'Object Repository/Final Object Repo/Page_Form 1A - Cessation As Employer/Change Employer Status to - Dormant' is clicked on

2018-12-14 10:15:51 - [TEST_STEP][PASSED] - click: Object: 'Object Repository/Final Object Repo/Page_Form 1A - Cessation As Employer/Change Employer Status to' is clicked on

2018-12-14 10:15:52 - [MESSAGE][PASSED] - Object: 'Object Repository/Final Object Repo/Page_Form 1A - Cessation As Employer/Change Employer Status to' is clicked on

2018-12-14 10:15:52 - [TEST_STEP][PASSED] - click: Object: 'Object Repository/Final Object Repo/Page_Form 1A - Cessation As Employer/Change Employer Status to - Dormant' is clicked on

2018-12-14 10:15:52 - [MESSAGE][PASSED] - Object: 'Object Repository/Final Object Repo/Page_Form 1A - Cessation As Employer/Change Employer Status to - Dormant' is clicked on

2018-12-14 10:15:52 - [TEST_STEP][PASSED] - click: Object: 'Object Repository/Final Object Repo/Page_Form 1A - Cessation As Employer/Calender' is clicked on

2018-12-14 10:15:52 - [MESSAGE][PASSED] - Object: 'Object Repository/Final Object Repo/Page_Form 1A - Cessation As Employer/Calender' is clicked on

2018-12-14 10:15:52 - [TEST_STEP][PASSED] - click: Object: 'Object Repository/Final Object Repo/Page_Form 1A - Cessation As Employer/Calender - Date' is clicked on

2018-12-14 10:15:52 - [MESSAGE][PASSED] - Object: 'Object Repository/Final Object Repo/Page_Form 1A - Cessation As Employer/Calender - Date' is clicked on

2018-12-14 10:15:52 - [TEST_STEP][PASSED] - delay: Delayed 2 second(s)

2018-12-14 10:15:54 - [MESSAGE][PASSED] - Delayed 2 second(s)

2018-12-14 10:15:54 - [TEST_STEP][PASSED] - click: Object: 'Object Repository/Final Object Repo/Page_Form 1A - Cessation As Employer/Save  Continue in Form 1A Page' is clicked on

2018-12-14 10:15:54 - [MESSAGE][PASSED] - Object: 'Object Repository/Final Object Repo/Page_Form 1A - Cessation As Employer/Save  Continue in Form 1A Page' is clicked on

2018-12-14 10:15:54 - [TEST_STEP][PASSED] - delay: Delayed 2 second(s)

2018-12-14 10:15:56 - [MESSAGE][PASSED] - Delayed 2 second(s)

2018-12-14 10:15:56 - [TEST_STEP][PASSED] - click: Object: 'Object Repository/Final Object Repo/Page_Form 1A - Cessation As Employer/Employment Resign Date' is clicked on

2018-12-14 10:15:57 - [MESSAGE][PASSED] - Object: 'Object Repository/Final Object Repo/Page_Form 1A - Cessation As Employer/Employment Resign Date' is clicked on

2018-12-14 10:15:57 - [TEST_STEP][PASSED] - delay: Delayed 1 second(s)

2018-12-14 10:15:58 - [MESSAGE][PASSED] - Delayed 1 second(s)

2018-12-14 10:15:58 - [TEST_STEP][PASSED] - Statement - CaseReferenceNo = com.kms.katalon.core.webui.keyword.WebUiBuiltInKeywords.getText(com.kms.katalon.core.testobject.ObjectRepository.findTestObject(Final Object Repo/Page_Update Employer Information/Reference Number in Update Employee Information Page)): Text of object 'Object Repository/Final Object Repo/Page_Update Employer Information/Reference Number in Update Employee Information Page' is: 'CUN122018C200001752'

2018-12-14 10:15:58 - [MESSAGE][PASSED] - Text of object 'Object Repository/Final Object Repo/Page_Update Employer Information/Reference Number in Update Employee Information Page' is: 'CUN122018C200001752'

2018-12-14 10:15:58 - [TEST_STEP][PASSED] - callTestCase: Call Test Case 'Test Cases/Final Aug 2018 - PKS Automation/Common/Reference Number Setter' successfully

2018-12-14 10:15:58 - [TEST_CASE][PASSED] - Test Cases/Final Aug 2018 - PKS Automation/Common/Reference Number Setter: Test Cases/Final Aug 2018 - PKS Automation/Common/Reference Number Setter

2018-12-14 10:15:58 - [TEST_STEP][PASSED] - Statement - RefNoOldFile = new java.io.File(C://Users//Admin//Desktop//PKS//Automation Reference Point//KatalonReference.txt): null

2018-12-14 10:15:58 - [TEST_STEP][PASSED] - Statement - RefNoOldFile.delete(): null

2018-12-14 10:15:58 - [TEST_STEP][PASSED] - delay: Delayed 5 second(s)

2018-12-14 10:16:03 - [MESSAGE][PASSED] - Delayed 5 second(s)

2018-12-14 10:16:03 - [TEST_STEP][PASSED] - Statement - RefNo = new java.io.File(C://Users//Admin//Desktop//PKS//Automation Reference Point//KatalonReference.txt): null

2018-12-14 10:16:03 - [TEST_STEP][PASSED] - Statement - f2 = new java.io.FileWriter(RefNo, false): null

2018-12-14 10:16:03 - [TEST_STEP][PASSED] - Statement - f2.write(CaseReferenceNo): null

2018-12-14 10:16:03 - [TEST_STEP][PASSED] - Statement - f2.close(): null

2018-12-14 10:16:03 - [TEST_STEP][PASSED] - Statement - out.println("


" + CaseReferenceNo + "


"): null

2018-12-14 10:16:03 - [MESSAGE][PASSED] - Call Test Case 'Test Cases/Final Aug 2018 - PKS Automation/Common/Reference Number Setter' successfully

2018-12-14 10:16:03 - [TEST_STEP][PASSED] - selectOptionByValue: All options with value '2030' are selected in object 'Object Repository/Final Object Repo/Page_Form 1A - Cessation As Employer/Employment Resign Date - Year' 

2018-12-14 10:16:03 - [MESSAGE][PASSED] - All options with value '2030' are selected in object 'Object Repository/Final Object Repo/Page_Form 1A - Cessation As Employer/Employment Resign Date - Year' 

2018-12-14 10:16:03 - [TEST_STEP][PASSED] - delay: Delayed 1 second(s)

2018-12-14 10:16:04 - [MESSAGE][PASSED] - Delayed 1 second(s)

2018-12-14 10:16:04 - [TEST_STEP][PASSED] - click: Object: 'Object Repository/Final Object Repo/Page_Form 1A - Cessation As Employer/Employment Resign Date - Year - Date' is clicked on

2018-12-14 10:16:04 - [MESSAGE][PASSED] - Object: 'Object Repository/Final Object Repo/Page_Form 1A - Cessation As Employer/Employment Resign Date - Year - Date' is clicked on

2018-12-14 10:16:04 - [TEST_STEP][PASSED] - delay: Delayed 2 second(s)

2018-12-14 10:16:06 - [MESSAGE][PASSED] - Delayed 2 second(s)

2018-12-14 10:16:06 - [TEST_STEP][PASSED] - click: Object: 'Object Repository/Final Object Repo/Page_Form 1A - Cessation As Employer/Save  Continue in Update Add Employee Resigned Date Page' is clicked on

2018-12-14 10:16:06 - [MESSAGE][PASSED] - Object: 'Object Repository/Final Object Repo/Page_Form 1A - Cessation As Employer/Save  Continue in Update Add Employee Resigned Date Page' is clicked on

2018-12-14 10:16:06 - [TEST_STEP][PASSED] - delay: Delayed 2 second(s)

2018-12-14 10:16:08 - [MESSAGE][PASSED] - Delayed 2 second(s)

2018-12-14 10:16:08 - [TEST_STEP][PASSED] - click: Object: 'Object Repository/Final Object Repo/Page_Form 1A - Cessation As Employer/Set Latest - Yes' is clicked on

2018-12-14 10:16:09 - [MESSAGE][PASSED] - Object: 'Object Repository/Final Object Repo/Page_Form 1A - Cessation As Employer/Set Latest - Yes' is clicked on

2018-12-14 10:16:09 - [TEST_STEP][PASSED] - delay: Delayed 2 second(s)

2018-12-14 10:16:11 - [MESSAGE][PASSED] - Delayed 2 second(s)

2018-12-14 10:16:11 - [TEST_STEP][PASSED] - click: Object: 'Object Repository/Final Object Repo/Page_Form 1A - Cessation As Employer/Add Document' is clicked on

2018-12-14 10:16:12 - [MESSAGE][PASSED] - Object: 'Object Repository/Final Object Repo/Page_Form 1A - Cessation As Employer/Add Document' is clicked on

2018-12-14 10:16:12 - [TEST_STEP][PASSED] - delay: Delayed 3 second(s)

2018-12-14 10:16:15 - [MESSAGE][PASSED] - Delayed 3 second(s)

2018-12-14 10:16:15 - [TEST_STEP][PASSED] - click: Object: 'Object Repository/Final Object Repo/Page_Form 1A - Cessation As Employer/Document Type' is clicked on

2018-12-14 10:16:15 - [MESSAGE][PASSED] - Object: 'Object Repository/Final Object Repo/Page_Form 1A - Cessation As Employer/Document Type' is clicked on

2018-12-14 10:16:15 - [TEST_STEP][PASSED] - delay: Delayed 2 second(s)

2018-12-14 10:16:17 - [MESSAGE][PASSED] - Delayed 2 second(s)

2018-12-14 10:16:17 - [TEST_STEP][PASSED] - click: Object: 'Object Repository/Final Object Repo/Page_Form 1A - Cessation As Employer/Document Type - Supporting Document For Cessation' is clicked on

2018-12-14 10:16:17 - [MESSAGE][PASSED] - Object: 'Object Repository/Final Object Repo/Page_Form 1A - Cessation As Employer/Document Type - Supporting Document For Cessation' is clicked on

2018-12-14 10:16:17 - [TEST_STEP][PASSED] - delay: Delayed 2 second(s)

2018-12-14 10:16:19 - [MESSAGE][PASSED] - Delayed 2 second(s)

2018-12-14 10:16:19 - [TEST_STEP][PASSED] - sendKeys: Keys 'C:\Users\Public\Pictures\Sample Pictures\Koala.jpg' sent to object: 'Object Repository/Final Object Repo/Page_Form 1A - Cessation As Employer/Uploading File'

2018-12-14 10:16:19 - [MESSAGE][PASSED] - Keys 'C:\Users\Public\Pictures\Sample Pictures\Koala.jpg' sent to object: 'Object Repository/Final Object Repo/Page_Form 1A - Cessation As Employer/Uploading File'

2018-12-14 10:16:19 - [TEST_STEP][PASSED] - delay: Delayed 2 second(s)

2018-12-14 10:16:21 - [MESSAGE][PASSED] - Delayed 2 second(s)

2018-12-14 10:16:21 - [TEST_STEP][PASSED] - click: Object: 'Object Repository/Final Object Repo/Page_Form 1A - Cessation As Employer/Add Document in Uploading Page' is clicked on

2018-12-14 10:16:21 - [MESSAGE][PASSED] - Object: 'Object Repository/Final Object Repo/Page_Form 1A - Cessation As Employer/Add Document in Uploading Page' is clicked on

2018-12-14 10:16:21 - [TEST_STEP][PASSED] - delay: Delayed 2 second(s)

2018-12-14 10:16:23 - [MESSAGE][PASSED] - Delayed 2 second(s)

2018-12-14 10:16:23 - [TEST_STEP][PASSED] - click: Object: 'Object Repository/Final Object Repo/Page_Form 1A - Cessation As Employer/Save  Continue in Uploading Page' is clicked on

2018-12-14 10:16:26 - [MESSAGE][PASSED] - Object: 'Object Repository/Final Object Repo/Page_Form 1A - Cessation As Employer/Save  Continue in Uploading Page' is clicked on

2018-12-14 10:16:26 - [TEST_STEP][PASSED] - delay: Delayed 2 second(s)

2018-12-14 10:16:28 - [MESSAGE][PASSED] - Delayed 2 second(s)

2018-12-14 10:16:28 - [TEST_STEP][PASSED] - click: Object: 'Object Repository/Final Object Repo/Page_Form 1A - Cessation As Employer/Submit2' is clicked on

2018-12-14 10:16:31 - [MESSAGE][PASSED] - Object: 'Object Repository/Final Object Repo/Page_Form 1A - Cessation As Employer/Submit2' is clicked on

2018-12-14 10:16:31 - [TEST_STEP][PASSED] - delay: Delayed 2 second(s)

2018-12-14 10:16:33 - [MESSAGE][PASSED] - Delayed 2 second(s)

2018-12-14 10:16:33 - [TEST_STEP][PASSED] - click: Object: 'Object Repository/Final Object Repo/Page_Form 1A - Cessation As Employer/Confirm' is clicked on

2018-12-14 10:16:33 - [MESSAGE][PASSED] - Object: 'Object Repository/Final Object Repo/Page_Form 1A - Cessation As Employer/Confirm' is clicked on

2018-12-14 10:16:33 - [TEST_STEP][PASSED] - delay: Delayed 2 second(s)

2018-12-14 10:16:35 - [MESSAGE][PASSED] - Delayed 2 second(s)

2018-12-14 10:16:35 - [TEST_STEP][PASSED] - verifyElementVisible: Object 'Object Repository/Final Object Repo/Page_Form 1A - Cessation As Employer/Message Your Request will be routed to UO' is visible

2018-12-14 10:16:39 - [MESSAGE][PASSED] - Object 'Object Repository/Final Object Repo/Page_Form 1A - Cessation As Employer/Message Your Request will be routed to UO' is visible

2018-12-14 10:16:39 - [TEST_STEP][PASSED] - delay: Delayed 1 second(s)

2018-12-14 10:16:40 - [MESSAGE][PASSED] - Delayed 1 second(s)

2018-12-14 10:16:40 - [TEST_STEP][PASSED] - verifyElementVisible: Object 'Object Repository/Final Object Repo/Page_Form 1A - Cessation As Employer/Letter of acknowledgement' is visible

2018-12-14 10:16:40 - [MESSAGE][PASSED] - Object 'Object Repository/Final Object Repo/Page_Form 1A - Cessation As Employer/Letter of acknowledgement' is visible

2018-12-14 10:16:40 - [MESSAGE][PASSED] - Call Test Case 'Test Cases/Final Aug 2018 - PKS Automation/Registration Module/Workflow/Form 1A - Cessation As Employer/Template/Form 1 A - Cessation As Employer (Employer)' successfully

2018-12-14 10:16:40 - [TEST_STEP][PASSED] - callTestCase: Call Test Case 'Test Cases/Final Aug 2018 - PKS Automation/Registration Module/Workflow/Form 1A - Cessation As Employer/Template/Form 1 A - Cessation As Employer (Reject)' successfully

2018-12-14 10:16:40 - [TEST_CASE][PASSED] - Test Cases/Final Aug 2018 - PKS Automation/Registration Module/Workflow/Form 1A - Cessation As Employer/Template/Form 1 A - Cessation As Employer (Reject): Test Cases/Final Aug 2018 - PKS Automation/Registration Module/Workflow/Form 1A - Cessation As Employer/Template/Form 1 A - Cessation As Employer (Reject)

2018-12-14 10:16:40 - [TEST_STEP][PASSED] - callTestCase: Call Test Case 'Test Cases/Final Aug 2018 - PKS Automation/Registration Module/Workflow/Form 1A - Cessation As Employer/Template/Form 1 A - Cessation As Employer (OTC)' successfully

2018-12-14 10:16:41 - [TEST_CASE][PASSED] - Test Cases/Final Aug 2018 - PKS Automation/Registration Module/Workflow/Form 1A - Cessation As Employer/Template/Form 1 A - Cessation As Employer (OTC): Test Cases/Final Aug 2018 - PKS Automation/Registration Module/Workflow/Form 1A - Cessation As Employer/Template/Form 1 A - Cessation As Employer (OTC)

2018-12-14 10:16:41 - [TEST_STEP][PASSED] - openBrowser: Browser is opened with url: ''

2018-12-14 10:16:41 - [MESSAGE][WARNING] - A browser is already opened. Closing browser and opening a new one

2018-12-14 10:16:44 - [MESSAGE][PASSED] - Browser is opened with url: ''

2018-12-14 10:16:44 - [TEST_STEP][PASSED] - navigateToUrl: Navigate to 'https://assist2-uat.perkeso.gov.my/login' successfully

2018-12-14 10:16:45 - [MESSAGE][PASSED] - Navigate to 'https://assist2-uat.perkeso.gov.my/login' successfully

2018-12-14 10:16:45 - [TEST_STEP][PASSED] - setText: Text 'johorotc1@gmail.com' is set on object 'Object Repository/Final Object Repo/Login Page/Internal User/Email Address'

2018-12-14 10:16:46 - [MESSAGE][PASSED] - Text 'johorotc1@gmail.com' is set on object 'Object Repository/Final Object Repo/Login Page/Internal User/Email Address'

2018-12-14 10:16:46 - [TEST_STEP][PASSED] - click: Object: 'Object Repository/Final Object Repo/Login Page/Internal User/Next Button' is clicked on

2018-12-14 10:16:46 - [MESSAGE][PASSED] - Object: 'Object Repository/Final Object Repo/Login Page/Internal User/Next Button' is clicked on

2018-12-14 10:16:46 - [TEST_STEP][PASSED] - delay: Delayed 1 second(s)

2018-12-14 10:16:47 - [MESSAGE][PASSED] - Delayed 1 second(s)

2018-12-14 10:16:47 - [TEST_STEP][PASSED] - setEncryptedText: Text ****** has been set on object 'Object Repository/Final Object Repo/Login Page/Internal User/Password'

2018-12-14 10:16:47 - [MESSAGE][PASSED] - Text ****** has been set on object 'Object Repository/Final Object Repo/Login Page/Internal User/Password'

2018-12-14 10:16:47 - [TEST_STEP][PASSED] - click: Object: 'Object Repository/Final Object Repo/Login Page/Internal User/Login Button' is clicked on

2018-12-14 10:16:47 - [MESSAGE][PASSED] - Object: 'Object Repository/Final Object Repo/Login Page/Internal User/Login Button' is clicked on

2018-12-14 10:16:47 - [TEST_STEP][PASSED] - delay: Delayed 1 second(s)

2018-12-14 10:16:48 - [MESSAGE][PASSED] - Delayed 1 second(s)

2018-12-14 10:16:48 - [TEST_STEP][PASSED] - Statement - Try: Delayed 2 second(s)

2018-12-14 10:16:48 - [TEST_STEP][PASSED] - Statement - Checker = false: null

2018-12-14 10:16:48 - [TEST_STEP][PASSED] - Statement - Checker = com.kms.katalon.core.webui.keyword.WebUiBuiltInKeywords.verifyElementHasAttribute(com.kms.katalon.core.testobject.ObjectRepository.findTestObject(Final Object Repo/Landing Page/BM Detecting), "href", 20, OPTIONAL): Object 'Object Repository/Final Object Repo/Landing Page/BM Detecting' has attribute 'href'

2018-12-14 10:16:49 - [MESSAGE][PASSED] - Object 'Object Repository/Final Object Repo/Landing Page/BM Detecting' has attribute 'href'

2018-12-14 10:16:49 - [TEST_STEP][PASSED] - Statement - out.println(Checker): null

2018-12-14 10:16:49 - [TEST_STEP][PASSED] - Statement - If (Checker == false): null

2018-12-14 10:16:49 - [TEST_STEP][PASSED] - Statement - Else: null

2018-12-14 10:16:49 - [TEST_STEP][PASSED] - delay: Delayed 2 second(s)

2018-12-14 10:16:51 - [MESSAGE][PASSED] - Delayed 2 second(s)

2018-12-14 10:16:51 - [TEST_STEP][PASSED] - navigateToUrl: Navigate to 'https://assist2-uat.perkeso.gov.my/web/registration/update/form-1a-cessation-as-employer-discontinue-business-' successfully

2018-12-14 10:16:52 - [MESSAGE][PASSED] - Navigate to 'https://assist2-uat.perkeso.gov.my/web/registration/update/form-1a-cessation-as-employer-discontinue-business-' successfully

2018-12-14 10:16:52 - [TEST_STEP][PASSED] - setText: Text 'E1102069770Z' is set on object 'Object Repository/Final Object Repo/Page_Update Employer Information/Employer Code'

2018-12-14 10:16:52 - [MESSAGE][PASSED] - Text 'E1102069770Z' is set on object 'Object Repository/Final Object Repo/Page_Update Employer Information/Employer Code'

2018-12-14 10:16:52 - [TEST_STEP][PASSED] - click: Object: 'Object Repository/Final Object Repo/Page_Update Employer Information/Search Button' is clicked on

2018-12-14 10:16:52 - [MESSAGE][PASSED] - Object: 'Object Repository/Final Object Repo/Page_Update Employer Information/Search Button' is clicked on

2018-12-14 10:16:52 - [TEST_STEP][PASSED] - click: Object: 'Object Repository/Final Object Repo/Page_Update Employer Information/Edit Button' is clicked on

2018-12-14 10:16:55 - [MESSAGE][PASSED] - Object: 'Object Repository/Final Object Repo/Page_Update Employer Information/Edit Button' is clicked on

2018-12-14 10:16:55 - [TEST_STEP][PASSED] - Statement - abc = com.kms.katalon.core.webui.keyword.WebUiBuiltInKeywords.getAttribute(com.kms.katalon.core.testobject.ObjectRepository.findTestObject(Final Object Repo/Page_Form 1A - Cessation As Employer/Employer Status), "value"): Attribute 'value' of object 'Object Repository/Final Object Repo/Page_Form 1A - Cessation As Employer/Employer Status' is: 'Dormant'

2018-12-14 10:16:55 - [MESSAGE][PASSED] - Attribute 'value' of object 'Object Repository/Final Object Repo/Page_Form 1A - Cessation As Employer/Employer Status' is: 'Dormant'

2018-12-14 10:16:55 - [TEST_STEP][PASSED] - Statement - out.println(abc): null

2018-12-14 10:16:55 - [TEST_STEP][PASSED] - Statement - If (abc == "Active"): null

2018-12-14 10:16:55 - [TEST_STEP][PASSED] - Statement - Else If (abc == "Cancel"): null

2018-12-14 10:16:55 - [TEST_STEP][PASSED] - Statement - Else If (abc == "Dormant"): Object: 'Object Repository/Final Object Repo/Page_Form 1A - Cessation As Employer/Change Employer Status to - Dormant' is clicked on

2018-12-14 10:16:55 - [TEST_STEP][PASSED] - click: Object: 'Object Repository/Final Object Repo/Page_Form 1A - Cessation As Employer/Change Employer Status to' is clicked on

2018-12-14 10:16:55 - [MESSAGE][PASSED] - Object: 'Object Repository/Final Object Repo/Page_Form 1A - Cessation As Employer/Change Employer Status to' is clicked on

2018-12-14 10:16:55 - [TEST_STEP][PASSED] - click: Object: 'Object Repository/Final Object Repo/Page_Form 1A - Cessation As Employer/Change Employer Status to - Dormant' is clicked on

2018-12-14 10:16:56 - [MESSAGE][PASSED] - Object: 'Object Repository/Final Object Repo/Page_Form 1A - Cessation As Employer/Change Employer Status to - Dormant' is clicked on

2018-12-14 10:16:56 - [TEST_STEP][PASSED] - click: Object: 'Object Repository/Final Object Repo/Page_Form 1A - Cessation As Employer/Calender' is clicked on

2018-12-14 10:16:56 - [MESSAGE][PASSED] - Object: 'Object Repository/Final Object Repo/Page_Form 1A - Cessation As Employer/Calender' is clicked on

2018-12-14 10:16:56 - [TEST_STEP][PASSED] - click: Object: 'Object Repository/Final Object Repo/Page_Form 1A - Cessation As Employer/Calender - Date' is clicked on

2018-12-14 10:16:56 - [MESSAGE][PASSED] - Object: 'Object Repository/Final Object Repo/Page_Form 1A - Cessation As Employer/Calender - Date' is clicked on

2018-12-14 10:16:56 - [TEST_STEP][PASSED] - delay: Delayed 2 second(s)

2018-12-14 10:16:58 - [MESSAGE][PASSED] - Delayed 2 second(s)

2018-12-14 10:16:58 - [TEST_STEP][PASSED] - click: Object: 'Object Repository/Final Object Repo/Page_Form 1A - Cessation As Employer/Save  Continue in Form 1A Page' is clicked on

2018-12-14 10:16:58 - [MESSAGE][PASSED] - Object: 'Object Repository/Final Object Repo/Page_Form 1A - Cessation As Employer/Save  Continue in Form 1A Page' is clicked on

2018-12-14 10:16:58 - [TEST_STEP][PASSED] - delay: Delayed 2 second(s)

2018-12-14 10:17:00 - [MESSAGE][PASSED] - Delayed 2 second(s)

2018-12-14 10:17:00 - [TEST_STEP][PASSED] - click: Object: 'Object Repository/Final Object Repo/Page_Form 1A - Cessation As Employer/Employment Resign Date' is clicked on

2018-12-14 10:17:00 - [MESSAGE][PASSED] - Object: 'Object Repository/Final Object Repo/Page_Form 1A - Cessation As Employer/Employment Resign Date' is clicked on

2018-12-14 10:17:00 - [TEST_STEP][PASSED] - delay: Delayed 1 second(s)

2018-12-14 10:17:01 - [MESSAGE][PASSED] - Delayed 1 second(s)

2018-12-14 10:17:01 - [TEST_STEP][PASSED] - Statement - CaseReferenceNo = com.kms.katalon.core.webui.keyword.WebUiBuiltInKeywords.getText(com.kms.katalon.core.testobject.ObjectRepository.findTestObject(Final Object Repo/Page_Update Employer Information/Reference Number in Update Employee Information Page)): Text of object 'Object Repository/Final Object Repo/Page_Update Employer Information/Reference Number in Update Employee Information Page' is: 'CUN122018C200001753'

2018-12-14 10:17:01 - [MESSAGE][PASSED] - Text of object 'Object Repository/Final Object Repo/Page_Update Employer Information/Reference Number in Update Employee Information Page' is: 'CUN122018C200001753'

2018-12-14 10:17:01 - [TEST_STEP][PASSED] - callTestCase: Call Test Case 'Test Cases/Final Aug 2018 - PKS Automation/Common/Reference Number Setter' successfully

2018-12-14 10:17:02 - [TEST_CASE][PASSED] - Test Cases/Final Aug 2018 - PKS Automation/Common/Reference Number Setter: Test Cases/Final Aug 2018 - PKS Automation/Common/Reference Number Setter

2018-12-14 10:17:02 - [TEST_STEP][PASSED] - Statement - RefNoOldFile = new java.io.File(C://Users//Admin//Desktop//PKS//Automation Reference Point//KatalonReference.txt): null

2018-12-14 10:17:02 - [TEST_STEP][PASSED] - Statement - RefNoOldFile.delete(): null

2018-12-14 10:17:02 - [TEST_STEP][PASSED] - delay: Delayed 5 second(s)

2018-12-14 10:17:07 - [MESSAGE][PASSED] - Delayed 5 second(s)

2018-12-14 10:17:07 - [TEST_STEP][PASSED] - Statement - RefNo = new java.io.File(C://Users//Admin//Desktop//PKS//Automation Reference Point//KatalonReference.txt): null

2018-12-14 10:17:07 - [TEST_STEP][PASSED] - Statement - f2 = new java.io.FileWriter(RefNo, false): null

2018-12-14 10:17:07 - [TEST_STEP][PASSED] - Statement - f2.write(CaseReferenceNo): null

2018-12-14 10:17:07 - [TEST_STEP][PASSED] - Statement - f2.close(): null

2018-12-14 10:17:07 - [TEST_STEP][PASSED] - Statement - out.println("


" + CaseReferenceNo + "


"): null

2018-12-14 10:17:07 - [MESSAGE][PASSED] - Call Test Case 'Test Cases/Final Aug 2018 - PKS Automation/Common/Reference Number Setter' successfully

2018-12-14 10:17:07 - [TEST_STEP][PASSED] - selectOptionByValue: All options with value '2030' are selected in object 'Object Repository/Final Object Repo/Page_Form 1A - Cessation As Employer/Employment Resign Date - Year' 

2018-12-14 10:17:07 - [MESSAGE][PASSED] - All options with value '2030' are selected in object 'Object Repository/Final Object Repo/Page_Form 1A - Cessation As Employer/Employment Resign Date - Year' 

2018-12-14 10:17:07 - [TEST_STEP][PASSED] - delay: Delayed 1 second(s)

2018-12-14 10:17:08 - [MESSAGE][PASSED] - Delayed 1 second(s)

2018-12-14 10:17:08 - [TEST_STEP][PASSED] - click: Object: 'Object Repository/Final Object Repo/Page_Form 1A - Cessation As Employer/Employment Resign Date - Year - Date' is clicked on

2018-12-14 10:17:08 - [MESSAGE][PASSED] - Object: 'Object Repository/Final Object Repo/Page_Form 1A - Cessation As Employer/Employment Resign Date - Year - Date' is clicked on

2018-12-14 10:17:08 - [TEST_STEP][PASSED] - delay: Delayed 2 second(s)

2018-12-14 10:17:10 - [MESSAGE][PASSED] - Delayed 2 second(s)

2018-12-14 10:17:10 - [TEST_STEP][PASSED] - click: Object: 'Object Repository/Final Object Repo/Page_Form 1A - Cessation As Employer/Save  Continue in Update Add Employee Resigned Date Page' is clicked on

2018-12-14 10:17:10 - [MESSAGE][PASSED] - Object: 'Object Repository/Final Object Repo/Page_Form 1A - Cessation As Employer/Save  Continue in Update Add Employee Resigned Date Page' is clicked on

2018-12-14 10:17:10 - [TEST_STEP][PASSED] - delay: Delayed 2 second(s)

2018-12-14 10:17:12 - [MESSAGE][PASSED] - Delayed 2 second(s)

2018-12-14 10:17:12 - [TEST_STEP][PASSED] - click: Object: 'Object Repository/Final Object Repo/Page_Form 1A - Cessation As Employer/Set Latest - Yes' is clicked on

2018-12-14 10:17:12 - [MESSAGE][PASSED] - Object: 'Object Repository/Final Object Repo/Page_Form 1A - Cessation As Employer/Set Latest - Yes' is clicked on

2018-12-14 10:17:12 - [TEST_STEP][PASSED] - delay: Delayed 2 second(s)

2018-12-14 10:17:14 - [MESSAGE][PASSED] - Delayed 2 second(s)

2018-12-14 10:17:14 - [TEST_STEP][PASSED] - click: Object: 'Object Repository/Final Object Repo/Page_Form 1A - Cessation As Employer/Add Document' is clicked on

2018-12-14 10:17:15 - [MESSAGE][PASSED] - Object: 'Object Repository/Final Object Repo/Page_Form 1A - Cessation As Employer/Add Document' is clicked on

2018-12-14 10:17:15 - [TEST_STEP][PASSED] - delay: Delayed 2 second(s)

2018-12-14 10:17:17 - [MESSAGE][PASSED] - Delayed 2 second(s)

2018-12-14 10:17:17 - [TEST_STEP][PASSED] - click: Object: 'Object Repository/Final Object Repo/Page_Form 1A - Cessation As Employer/Document Type' is clicked on

2018-12-14 10:17:19 - [MESSAGE][PASSED] - Object: 'Object Repository/Final Object Repo/Page_Form 1A - Cessation As Employer/Document Type' is clicked on

2018-12-14 10:17:19 - [TEST_STEP][PASSED] - delay: Delayed 2 second(s)

2018-12-14 10:17:21 - [MESSAGE][PASSED] - Delayed 2 second(s)

2018-12-14 10:17:21 - [TEST_STEP][PASSED] - click: Object: 'Object Repository/Final Object Repo/Page_Form 1A - Cessation As Employer/Document Type - Supporting Document For Cessation' is clicked on

2018-12-14 10:17:21 - [MESSAGE][PASSED] - Object: 'Object Repository/Final Object Repo/Page_Form 1A - Cessation As Employer/Document Type - Supporting Document For Cessation' is clicked on

2018-12-14 10:17:21 - [TEST_STEP][PASSED] - delay: Delayed 2 second(s)

2018-12-14 10:17:23 - [MESSAGE][PASSED] - Delayed 2 second(s)

2018-12-14 10:17:23 - [TEST_STEP][PASSED] - sendKeys: Keys 'C:\Users\Public\Pictures\Sample Pictures\Koala.jpg' sent to object: 'Object Repository/Final Object Repo/Page_Form 1A - Cessation As Employer/Uploading File'

2018-12-14 10:17:23 - [MESSAGE][PASSED] - Keys 'C:\Users\Public\Pictures\Sample Pictures\Koala.jpg' sent to object: 'Object Repository/Final Object Repo/Page_Form 1A - Cessation As Employer/Uploading File'

2018-12-14 10:17:23 - [TEST_STEP][PASSED] - delay: Delayed 2 second(s)

2018-12-14 10:17:25 - [MESSAGE][PASSED] - Delayed 2 second(s)

2018-12-14 10:17:25 - [TEST_STEP][PASSED] - click: Object: 'Object Repository/Final Object Repo/Page_Form 1A - Cessation As Employer/Add Document in Uploading Page' is clicked on

2018-12-14 10:17:25 - [MESSAGE][PASSED] - Object: 'Object Repository/Final Object Repo/Page_Form 1A - Cessation As Employer/Add Document in Uploading Page' is clicked on

2018-12-14 10:17:25 - [TEST_STEP][PASSED] - delay: Delayed 20 second(s)

2018-12-14 10:17:45 - [MESSAGE][PASSED] - Delayed 20 second(s)

2018-12-14 10:17:45 - [TEST_STEP][PASSED] - click: Object: 'Object Repository/Final Object Repo/Page_Form 1A - Cessation As Employer/Save  Continue in Uploading Page' is clicked on

2018-12-14 10:17:46 - [MESSAGE][PASSED] - Object: 'Object Repository/Final Object Repo/Page_Form 1A - Cessation As Employer/Save  Continue in Uploading Page' is clicked on

2018-12-14 10:17:46 - [TEST_STEP][PASSED] - delay: Delayed 2 second(s)

2018-12-14 10:17:48 - [MESSAGE][PASSED] - Delayed 2 second(s)

2018-12-14 10:17:48 - [TEST_STEP][PASSED] - click: Object: 'Object Repository/Final Object Repo/Page_Form 1A - Cessation As Employer/Submit2' is clicked on

2018-12-14 10:17:50 - [MESSAGE][PASSED] - Object: 'Object Repository/Final Object Repo/Page_Form 1A - Cessation As Employer/Submit2' is clicked on

2018-12-14 10:17:50 - [TEST_STEP][PASSED] - delay: Delayed 2 second(s)

2018-12-14 10:17:52 - [MESSAGE][PASSED] - Delayed 2 second(s)

2018-12-14 10:17:52 - [TEST_STEP][PASSED] - click: Object: 'Object Repository/Final Object Repo/Page_Form 1A - Cessation As Employer/Confirm' is clicked on

2018-12-14 10:17:53 - [MESSAGE][PASSED] - Object: 'Object Repository/Final Object Repo/Page_Form 1A - Cessation As Employer/Confirm' is clicked on

2018-12-14 10:17:53 - [TEST_STEP][PASSED] - delay: Delayed 2 second(s)

2018-12-14 10:17:55 - [MESSAGE][PASSED] - Delayed 2 second(s)

2018-12-14 10:17:55 - [TEST_STEP][PASSED] - verifyElementVisible: Object 'Object Repository/Final Object Repo/Page_Form 1A - Cessation As Employer/Message Your Request will be routed to UO' is visible

2018-12-14 10:17:58 - [MESSAGE][PASSED] - Object 'Object Repository/Final Object Repo/Page_Form 1A - Cessation As Employer/Message Your Request will be routed to UO' is visible

2018-12-14 10:17:58 - [TEST_STEP][PASSED] - delay: Delayed 1 second(s)

2018-12-14 10:17:59 - [MESSAGE][PASSED] - Delayed 1 second(s)

2018-12-14 10:17:59 - [TEST_STEP][PASSED] - verifyElementVisible: Object 'Object Repository/Final Object Repo/Page_Form 1A - Cessation As Employer/Letter of acknowledgement' is visible

2018-12-14 10:17:59 - [MESSAGE][PASSED] - Object 'Object Repository/Final Object Repo/Page_Form 1A - Cessation As Employer/Letter of acknowledgement' is visible

2018-12-14 10:17:59 - [MESSAGE][PASSED] - Call Test Case 'Test Cases/Final Aug 2018 - PKS Automation/Registration Module/Workflow/Form 1A - Cessation As Employer/Template/Form 1 A - Cessation As Employer (OTC)' successfully

2018-12-14 10:17:59 - [TEST_STEP][PASSED] - delay: Delayed 1 second(s)

2018-12-14 10:18:00 - [MESSAGE][PASSED] - Delayed 1 second(s)

2018-12-14 10:18:00 - [TEST_STEP][PASSED] - navigateToUrl: Navigate to 'https://assist2-uat.perkeso.gov.my/c/portal/logout' successfully

2018-12-14 10:18:01 - [MESSAGE][PASSED] - Navigate to 'https://assist2-uat.perkeso.gov.my/c/portal/logout' successfully

2018-12-14 10:18:01 - [TEST_STEP][PASSED] - delay: Delayed 1 second(s)

2018-12-14 10:18:02 - [MESSAGE][PASSED] - Delayed 1 second(s)

2018-12-14 10:18:02 - [TEST_STEP][PASSED] - callTestCase: Call Test Case 'Test Cases/Final Aug 2018 - PKS Automation/Common/Reference Number Getter' successfully

2018-12-14 10:18:02 - [TEST_CASE][PASSED] - Test Cases/Final Aug 2018 - PKS Automation/Common/Reference Number Getter: Test Cases/Final Aug 2018 - PKS Automation/Common/Reference Number Getter

2018-12-14 10:18:02 - [TEST_STEP][PASSED] - Statement - Try: null

2018-12-14 10:18:02 - [TEST_STEP][PASSED] - Statement - RefNo = new java.io.File(C://Users//Admin//Desktop//PKS//Automation Reference Point//KatalonReference.txt): null

2018-12-14 10:18:02 - [TEST_STEP][PASSED] - Statement - bufferread = new java.io.BufferedReader(new java.io.FileReader(RefNo)): null

2018-12-14 10:18:02 - [TEST_STEP][PASSED] - Statement - readedVal = bufferread.readLine(): null

2018-12-14 10:18:02 - [TEST_STEP][PASSED] - Statement - out.println(CaseReferenceNo): null

2018-12-14 10:18:02 - [TEST_STEP][PASSED] - Statement - out.println(readedVal): null

2018-12-14 10:18:02 - [TEST_STEP][PASSED] - Statement - CaseReferenceNo = "": null

2018-12-14 10:18:02 - [TEST_STEP][PASSED] - Statement - CaseReferenceNo = readedVal: null

2018-12-14 10:18:02 - [MESSAGE][PASSED] - Call Test Case 'Test Cases/Final Aug 2018 - PKS Automation/Common/Reference Number Getter' successfully

2018-12-14 10:18:02 - [TEST_STEP][PASSED] - callTestCase: Call Test Case 'Test Cases/Final Aug 2018 - PKS Automation/Common/Workflow Owner Finder' successfully

2018-12-14 10:18:02 - [TEST_CASE][PASSED] - Test Cases/Final Aug 2018 - PKS Automation/Common/Workflow Owner Finder: Test Cases/Final Aug 2018 - PKS Automation/Common/Workflow Owner Finder

2018-12-14 10:18:02 - [TEST_STEP][PASSED] - openBrowser: Browser is opened with url: ''

2018-12-14 10:18:02 - [MESSAGE][WARNING] - A browser is already opened. Closing browser and opening a new one

2018-12-14 10:18:06 - [MESSAGE][PASSED] - Browser is opened with url: ''

2018-12-14 10:18:06 - [TEST_STEP][PASSED] - navigateToUrl: Navigate to 'https://assist2-uat.perkeso.gov.my/login' successfully

2018-12-14 10:18:06 - [MESSAGE][PASSED] - Navigate to 'https://assist2-uat.perkeso.gov.my/login' successfully

2018-12-14 10:18:06 - [TEST_STEP][PASSED] - delay: Delayed 5 second(s)

2018-12-14 10:18:11 - [MESSAGE][PASSED] - Delayed 5 second(s)

2018-12-14 10:18:11 - [TEST_STEP][PASSED] - setText: Text 'test@liferay.com' is set on object 'Object Repository/Final Object Repo/Login Page/Internal User/Email Address'

2018-12-14 10:18:12 - [MESSAGE][PASSED] - Text 'test@liferay.com' is set on object 'Object Repository/Final Object Repo/Login Page/Internal User/Email Address'

2018-12-14 10:18:12 - [TEST_STEP][PASSED] - click: Object: 'Object Repository/Final Object Repo/Login Page/Internal User/Next Button' is clicked on

2018-12-14 10:18:12 - [MESSAGE][PASSED] - Object: 'Object Repository/Final Object Repo/Login Page/Internal User/Next Button' is clicked on

2018-12-14 10:18:12 - [TEST_STEP][PASSED] - delay: Delayed 2 second(s)

2018-12-14 10:18:14 - [MESSAGE][PASSED] - Delayed 2 second(s)

2018-12-14 10:18:14 - [TEST_STEP][PASSED] - setText: Text 'test' is set on object 'Object Repository/Final Object Repo/Login Page/Internal User/Password'

2018-12-14 10:18:14 - [MESSAGE][PASSED] - Text 'test' is set on object 'Object Repository/Final Object Repo/Login Page/Internal User/Password'

2018-12-14 10:18:14 - [TEST_STEP][PASSED] - delay: Delayed 2 second(s)

2018-12-14 10:18:16 - [MESSAGE][PASSED] - Delayed 2 second(s)

2018-12-14 10:18:16 - [TEST_STEP][PASSED] - click: Object: 'Object Repository/Final Object Repo/Login Page/Internal User/Login Button' is clicked on

2018-12-14 10:18:16 - [MESSAGE][PASSED] - Object: 'Object Repository/Final Object Repo/Login Page/Internal User/Login Button' is clicked on

2018-12-14 10:18:16 - [TEST_STEP][PASSED] - Statement - tester = com.kms.katalon.core.testobject.ObjectRepository.findTestObject(Final Object Repo/Landing Page/Select to English): Finding Test Object with id 'Object Repository/Final Object Repo/Landing Page/Select to English'

2018-12-14 10:18:16 - [TEST_STEP][PASSED] - Statement - Try: Delayed 2 second(s)

2018-12-14 10:18:16 - [TEST_STEP][PASSED] - Statement - Checker = com.kms.katalon.core.webui.keyword.WebUiBuiltInKeywords.verifyElementNotPresent(tester, 3): Web element with id: 'Object Repository/Final Object Repo/Landing Page/Select to English' located by 'By.xpath: //a[@class = 'taglib-language-list-text' and @lang = 'en-US' and (contains(text(), 'EN') or contains(., 'EN'))]' is not present after '3' second(s)

2018-12-14 10:18:19 - [MESSAGE][PASSED] - Web element with id: 'Object Repository/Final Object Repo/Landing Page/Select to English' located by 'By.xpath: //a[@class = 'taglib-language-list-text' and @lang = 'en-US' and (contains(text(), 'EN') or contains(., 'EN'))]' is not present after '3' second(s)

2018-12-14 10:18:19 - [TEST_STEP][PASSED] - Statement - If (Checker == false): null

2018-12-14 10:18:19 - [TEST_STEP][PASSED] - delay: Delayed 2 second(s)

2018-12-14 10:18:21 - [MESSAGE][PASSED] - Delayed 2 second(s)

2018-12-14 10:18:21 - [TEST_STEP][PASSED] - delay: Delayed 5 second(s)

2018-12-14 10:18:26 - [MESSAGE][PASSED] - Delayed 5 second(s)

2018-12-14 10:18:26 - [TEST_STEP][PASSED] - mouseOver: Object: 'Object Repository/Final Object Repo/Landing Page/WorkFlow Menu' is hovered

2018-12-14 10:18:26 - [MESSAGE][PASSED] - Object: 'Object Repository/Final Object Repo/Landing Page/WorkFlow Menu' is hovered

2018-12-14 10:18:26 - [TEST_STEP][PASSED] - delay: Delayed 2 second(s)

2018-12-14 10:18:28 - [MESSAGE][PASSED] - Delayed 2 second(s)

2018-12-14 10:18:28 - [TEST_STEP][PASSED] - click: Object: 'Object Repository/Final Object Repo/Landing Page/Select to Workflow Listing' is clicked on

2018-12-14 10:18:29 - [MESSAGE][PASSED] - Object: 'Object Repository/Final Object Repo/Landing Page/Select to Workflow Listing' is clicked on

2018-12-14 10:18:29 - [TEST_STEP][PASSED] - delay: Delayed 2 second(s)

2018-12-14 10:18:31 - [MESSAGE][PASSED] - Delayed 2 second(s)

2018-12-14 10:18:31 - [TEST_STEP][PASSED] - click: Object: 'Object Repository/Final Object Repo/WorkFlow Listing Page/Search Information - To Put Ref No' is clicked on

2018-12-14 10:18:31 - [MESSAGE][PASSED] - Object: 'Object Repository/Final Object Repo/WorkFlow Listing Page/Search Information - To Put Ref No' is clicked on

2018-12-14 10:18:31 - [TEST_STEP][PASSED] - delay: Delayed 2 second(s)

2018-12-14 10:18:33 - [MESSAGE][PASSED] - Delayed 2 second(s)

2018-12-14 10:18:33 - [TEST_STEP][PASSED] - callTestCase: Call Test Case 'Test Cases/Final Aug 2018 - PKS Automation/Common/Reference Number Getter' successfully

2018-12-14 10:18:33 - [TEST_CASE][PASSED] - Test Cases/Final Aug 2018 - PKS Automation/Common/Reference Number Getter: Test Cases/Final Aug 2018 - PKS Automation/Common/Reference Number Getter

2018-12-14 10:18:33 - [TEST_STEP][PASSED] - Statement - Try: null

2018-12-14 10:18:33 - [TEST_STEP][PASSED] - Statement - RefNo = new java.io.File(C://Users//Admin//Desktop//PKS//Automation Reference Point//KatalonReference.txt): null

2018-12-14 10:18:33 - [TEST_STEP][PASSED] - Statement - bufferread = new java.io.BufferedReader(new java.io.FileReader(RefNo)): null

2018-12-14 10:18:33 - [TEST_STEP][PASSED] - Statement - readedVal = bufferread.readLine(): null

2018-12-14 10:18:33 - [TEST_STEP][PASSED] - Statement - out.println(CaseReferenceNo): null

2018-12-14 10:18:33 - [TEST_STEP][PASSED] - Statement - out.println(readedVal): null

2018-12-14 10:18:33 - [TEST_STEP][PASSED] - Statement - CaseReferenceNo = "": null

2018-12-14 10:18:33 - [TEST_STEP][PASSED] - Statement - CaseReferenceNo = readedVal: null

2018-12-14 10:18:33 - [MESSAGE][PASSED] - Call Test Case 'Test Cases/Final Aug 2018 - PKS Automation/Common/Reference Number Getter' successfully

2018-12-14 10:18:33 - [TEST_STEP][PASSED] - setText: Text 'CUN122018C200001753' is set on object 'Object Repository/Final Object Repo/WorkFlow Listing Page/Ref No Set Text'

2018-12-14 10:18:34 - [MESSAGE][PASSED] - Text 'CUN122018C200001753' is set on object 'Object Repository/Final Object Repo/WorkFlow Listing Page/Ref No Set Text'

2018-12-14 10:18:34 - [TEST_STEP][PASSED] - delay: Delayed 2 second(s)

2018-12-14 10:18:36 - [MESSAGE][PASSED] - Delayed 2 second(s)

2018-12-14 10:18:36 - [TEST_STEP][PASSED] - click: Object: 'Object Repository/Final Object Repo/WorkFlow Listing Page/Search Ref No Search Button' is clicked on

2018-12-14 10:18:36 - [MESSAGE][PASSED] - Object: 'Object Repository/Final Object Repo/WorkFlow Listing Page/Search Ref No Search Button' is clicked on

2018-12-14 10:18:36 - [TEST_STEP][PASSED] - delay: Delayed 6 second(s)

2018-12-14 10:18:42 - [MESSAGE][PASSED] - Delayed 6 second(s)

2018-12-14 10:18:42 - [TEST_STEP][PASSED] - click: Object: 'Object Repository/Final Object Repo/WorkFlow Listing Page/Click Continue Tooltip' is clicked on

2018-12-14 10:18:43 - [MESSAGE][PASSED] - Object: 'Object Repository/Final Object Repo/WorkFlow Listing Page/Click Continue Tooltip' is clicked on

2018-12-14 10:18:43 - [TEST_STEP][PASSED] - delay: Delayed 5 second(s)

2018-12-14 10:18:48 - [MESSAGE][PASSED] - Delayed 5 second(s)

2018-12-14 10:18:48 - [TEST_STEP][PASSED] - doubleClick: Object: 'Object Repository/Final Object Repo/WorkFlow Listing Page/Workflow Found - Listing 1' is double clicked on

2018-12-14 10:18:48 - [MESSAGE][PASSED] - Object: 'Object Repository/Final Object Repo/WorkFlow Listing Page/Workflow Found - Listing 1' is double clicked on

2018-12-14 10:18:48 - [TEST_STEP][PASSED] - Statement - println(OwnerID): null

2018-12-14 10:18:48 - [TEST_STEP][PASSED] - Statement - OwnerID = com.kms.katalon.core.webui.keyword.WebUiBuiltInKeywords.getText(com.kms.katalon.core.testobject.ObjectRepository.findTestObject(Final Object Repo/WorkFlow Listing Page/Workflow Found - Listing 1), STOP_ON_FAILURE): Text of object 'Object Repository/Final Object Repo/WorkFlow Listing Page/Workflow Found - Listing 1' is: 'JOHORuo3'

2018-12-14 10:18:48 - [MESSAGE][PASSED] - Text of object 'Object Repository/Final Object Repo/WorkFlow Listing Page/Workflow Found - Listing 1' is: 'JOHORuo3'

2018-12-14 10:18:48 - [TEST_STEP][PASSED] - Statement - OwnerID = OwnerID.toLowerCase() + "@gmail.com": null

2018-12-14 10:18:48 - [TEST_STEP][PASSED] - Statement - println(OwnerID): null

2018-12-14 10:18:48 - [TEST_STEP][PASSED] - delay: Delayed 2 second(s)

2018-12-14 10:18:50 - [MESSAGE][PASSED] - Delayed 2 second(s)

2018-12-14 10:18:50 - [MESSAGE][PASSED] - Call Test Case 'Test Cases/Final Aug 2018 - PKS Automation/Common/Workflow Owner Finder' successfully

2018-12-14 10:18:50 - [TEST_STEP][PASSED] - delay: Delayed 1 second(s)

2018-12-14 10:18:51 - [MESSAGE][PASSED] - Delayed 1 second(s)

2018-12-14 10:18:51 - [TEST_STEP][PASSED] - navigateToUrl: Navigate to 'https://assist2-uat.perkeso.gov.my/c/portal/logout' successfully

2018-12-14 10:18:52 - [MESSAGE][PASSED] - Navigate to 'https://assist2-uat.perkeso.gov.my/c/portal/logout' successfully

2018-12-14 10:18:52 - [TEST_STEP][PASSED] - delay: Delayed 1 second(s)

2018-12-14 10:18:53 - [MESSAGE][PASSED] - Delayed 1 second(s)

2018-12-14 10:18:53 - [TEST_STEP][PASSED] - callTestCase: Call Test Case 'Test Cases/Final Aug 2018 - PKS Automation/Registration Module/Workflow/Login and Search Case For Workflow' successfully

2018-12-14 10:18:53 - [TEST_CASE][PASSED] - Test Cases/Final Aug 2018 - PKS Automation/Registration Module/Workflow/Login and Search Case For Workflow: Test Cases/Final Aug 2018 - PKS Automation/Registration Module/Workflow/Login and Search Case For Workflow

2018-12-14 10:18:53 - [TEST_STEP][PASSED] - navigateToUrl: Navigate to 'https://assist2-uat.perkeso.gov.my/login' successfully

2018-12-14 10:18:53 - [MESSAGE][PASSED] - Navigate to 'https://assist2-uat.perkeso.gov.my/login' successfully

2018-12-14 10:18:53 - [TEST_STEP][PASSED] - setText: Text 'johoruo3@gmail.com' is set on object 'Object Repository/Final Object Repo/Login Page/Internal User/Email Address'

2018-12-14 10:18:54 - [MESSAGE][PASSED] - Text 'johoruo3@gmail.com' is set on object 'Object Repository/Final Object Repo/Login Page/Internal User/Email Address'

2018-12-14 10:18:54 - [TEST_STEP][PASSED] - click: Object: 'Object Repository/Final Object Repo/Login Page/Internal User/Next Button' is clicked on

2018-12-14 10:18:54 - [MESSAGE][PASSED] - Object: 'Object Repository/Final Object Repo/Login Page/Internal User/Next Button' is clicked on

2018-12-14 10:18:54 - [TEST_STEP][PASSED] - delay: Delayed 1 second(s)

2018-12-14 10:18:55 - [MESSAGE][PASSED] - Delayed 1 second(s)

2018-12-14 10:18:55 - [TEST_STEP][PASSED] - setEncryptedText: Text ****** has been set on object 'Object Repository/Final Object Repo/Login Page/Internal User/Password'

2018-12-14 10:18:55 - [MESSAGE][PASSED] - Text ****** has been set on object 'Object Repository/Final Object Repo/Login Page/Internal User/Password'

2018-12-14 10:18:55 - [TEST_STEP][PASSED] - click: Object: 'Object Repository/Final Object Repo/Login Page/Internal User/Login Button' is clicked on

2018-12-14 10:18:55 - [MESSAGE][PASSED] - Object: 'Object Repository/Final Object Repo/Login Page/Internal User/Login Button' is clicked on

2018-12-14 10:18:55 - [TEST_STEP][PASSED] - delay: Delayed 2 second(s)

2018-12-14 10:18:57 - [MESSAGE][PASSED] - Delayed 2 second(s)

2018-12-14 10:18:57 - [TEST_STEP][PASSED] - Statement - Try: Delayed 2 second(s)

2018-12-14 10:18:57 - [TEST_STEP][PASSED] - Statement - Checker = false: null

2018-12-14 10:18:57 - [TEST_STEP][PASSED] - Statement - Checker = com.kms.katalon.core.webui.keyword.WebUiBuiltInKeywords.verifyElementHasAttribute(com.kms.katalon.core.testobject.ObjectRepository.findTestObject(Final Object Repo/Landing Page/BM Detecting), "href", 20, OPTIONAL): Object 'Object Repository/Final Object Repo/Landing Page/BM Detecting' has attribute 'href'

2018-12-14 10:18:57 - [MESSAGE][PASSED] - Object 'Object Repository/Final Object Repo/Landing Page/BM Detecting' has attribute 'href'

2018-12-14 10:18:57 - [TEST_STEP][PASSED] - Statement - out.println(Checker): null

2018-12-14 10:18:57 - [TEST_STEP][PASSED] - Statement - If (Checker == false): null

2018-12-14 10:18:57 - [TEST_STEP][PASSED] - Statement - Else: null

2018-12-14 10:18:57 - [TEST_STEP][PASSED] - delay: Delayed 2 second(s)

2018-12-14 10:18:59 - [MESSAGE][PASSED] - Delayed 2 second(s)

2018-12-14 10:18:59 - [TEST_STEP][PASSED] - click: Object: 'Object Repository/Final Object Repo/Page_MyASSIST - ASSIST - Search Pending Case For Add Supporting Document/Search Information' is clicked on

2018-12-14 10:19:00 - [MESSAGE][PASSED] - Object: 'Object Repository/Final Object Repo/Page_MyASSIST - ASSIST - Search Pending Case For Add Supporting Document/Search Information' is clicked on

2018-12-14 10:19:00 - [TEST_STEP][PASSED] - delay: Delayed 3 second(s)

2018-12-14 10:19:03 - [MESSAGE][PASSED] - Delayed 3 second(s)

2018-12-14 10:19:03 - [TEST_STEP][PASSED] - sendKeys: Keys 'CUN122018C200001753' sent to object: 'Object Repository/Final Object Repo/Page_MyASSIST - ASSIST - Search Pending Case For Add Supporting Document/Reference No'

2018-12-14 10:19:03 - [MESSAGE][PASSED] - Keys 'CUN122018C200001753' sent to object: 'Object Repository/Final Object Repo/Page_MyASSIST - ASSIST - Search Pending Case For Add Supporting Document/Reference No'

2018-12-14 10:19:03 - [TEST_STEP][PASSED] - click: Object: 'Object Repository/Final Object Repo/Page_MyASSIST - ASSIST - Search Pending Case For Add Supporting Document/Search Reference No' is clicked on

2018-12-14 10:19:03 - [MESSAGE][PASSED] - Object: 'Object Repository/Final Object Repo/Page_MyASSIST - ASSIST - Search Pending Case For Add Supporting Document/Search Reference No' is clicked on

2018-12-14 10:19:03 - [TEST_STEP][PASSED] - delay: Delayed 2 second(s)

2018-12-14 10:19:05 - [MESSAGE][PASSED] - Delayed 2 second(s)

2018-12-14 10:19:05 - [TEST_STEP][PASSED] - click: Object: 'Object Repository/Final Object Repo/Page_MyASSIST - ASSIST - Search Pending Case For Add Supporting Document/Continue' is clicked on

2018-12-14 10:19:09 - [MESSAGE][PASSED] - Object: 'Object Repository/Final Object Repo/Page_MyASSIST - ASSIST - Search Pending Case For Add Supporting Document/Continue' is clicked on

2018-12-14 10:19:09 - [TEST_STEP][PASSED] - delay: Delayed 20 second(s)

2018-12-14 10:19:29 - [MESSAGE][PASSED] - Delayed 20 second(s)

2018-12-14 10:19:29 - [MESSAGE][PASSED] - Call Test Case 'Test Cases/Final Aug 2018 - PKS Automation/Registration Module/Workflow/Login and Search Case For Workflow' successfully

2018-12-14 10:19:29 - [TEST_STEP][PASSED] - click: Object: 'Object Repository/Final Object Repo/Page_Form 1A - Cessation As Employer/Page_Form 1A - Cessation As Employer (Approve)/Save  Continue in Form 1A Page' is clicked on

2018-12-14 10:19:29 - [MESSAGE][PASSED] - Object: 'Object Repository/Final Object Repo/Page_Form 1A - Cessation As Employer/Page_Form 1A - Cessation As Employer (Approve)/Save  Continue in Form 1A Page' is clicked on

2018-12-14 10:19:29 - [TEST_STEP][PASSED] - delay: Delayed 2 second(s)

2018-12-14 10:19:31 - [MESSAGE][PASSED] - Delayed 2 second(s)

2018-12-14 10:19:31 - [TEST_STEP][PASSED] - click: Object: 'Object Repository/Final Object Repo/Page_Form 1A - Cessation As Employer/Employment Resign Date' is clicked on

2018-12-14 10:19:31 - [MESSAGE][PASSED] - Object: 'Object Repository/Final Object Repo/Page_Form 1A - Cessation As Employer/Employment Resign Date' is clicked on

2018-12-14 10:19:31 - [TEST_STEP][PASSED] - delay: Delayed 1 second(s)

2018-12-14 10:19:32 - [MESSAGE][PASSED] - Delayed 1 second(s)

2018-12-14 10:19:32 - [TEST_STEP][PASSED] - selectOptionByValue: All options with value '2030' are selected in object 'Object Repository/Final Object Repo/Page_Form 1A - Cessation As Employer/Employment Resign Date - Year' 

2018-12-14 10:19:32 - [MESSAGE][PASSED] - All options with value '2030' are selected in object 'Object Repository/Final Object Repo/Page_Form 1A - Cessation As Employer/Employment Resign Date - Year' 

2018-12-14 10:19:32 - [TEST_STEP][PASSED] - delay: Delayed 1 second(s)

2018-12-14 10:19:33 - [MESSAGE][PASSED] - Delayed 1 second(s)

2018-12-14 10:19:33 - [TEST_STEP][PASSED] - click: Object: 'Object Repository/Final Object Repo/Page_Form 1A - Cessation As Employer/Employment Resign Date - Year - Date' is clicked on

2018-12-14 10:19:33 - [MESSAGE][PASSED] - Object: 'Object Repository/Final Object Repo/Page_Form 1A - Cessation As Employer/Employment Resign Date - Year - Date' is clicked on

2018-12-14 10:19:33 - [TEST_STEP][PASSED] - delay: Delayed 2 second(s)

2018-12-14 10:19:35 - [MESSAGE][PASSED] - Delayed 2 second(s)

2018-12-14 10:19:35 - [TEST_STEP][PASSED] - click: Object: 'Object Repository/Final Object Repo/Page_Form 1A - Cessation As Employer/Page_Form 1A - Cessation As Employer (Approve)/Save  Continue in Update Add Employee Resigned Date Page' is clicked on

2018-12-14 10:19:36 - [MESSAGE][PASSED] - Object: 'Object Repository/Final Object Repo/Page_Form 1A - Cessation As Employer/Page_Form 1A - Cessation As Employer (Approve)/Save  Continue in Update Add Employee Resigned Date Page' is clicked on

2018-12-14 10:19:36 - [TEST_STEP][PASSED] - delay: Delayed 2 second(s)

2018-12-14 10:19:38 - [MESSAGE][PASSED] - Delayed 2 second(s)

2018-12-14 10:19:38 - [TEST_STEP][PASSED] - click: Object: 'Object Repository/Final Object Repo/Page_Form 1A - Cessation As Employer/Set Latest - Yes' is clicked on

2018-12-14 10:19:38 - [MESSAGE][PASSED] - Object: 'Object Repository/Final Object Repo/Page_Form 1A - Cessation As Employer/Set Latest - Yes' is clicked on

2018-12-14 10:19:38 - [TEST_STEP][PASSED] - delay: Delayed 2 second(s)

2018-12-14 10:19:40 - [MESSAGE][PASSED] - Delayed 2 second(s)

2018-12-14 10:19:40 - [TEST_STEP][PASSED] - click: Object: 'Object Repository/Final Object Repo/Page_Form 1A - Cessation As Employer/Page_Form 1A - Cessation As Employer (Approve)/Save  Contine in Uploading Document Page' is clicked on

2018-12-14 10:19:41 - [MESSAGE][PASSED] - Object: 'Object Repository/Final Object Repo/Page_Form 1A - Cessation As Employer/Page_Form 1A - Cessation As Employer (Approve)/Save  Contine in Uploading Document Page' is clicked on

2018-12-14 10:19:41 - [TEST_STEP][PASSED] - delay: Delayed 2 second(s)

2018-12-14 10:19:43 - [MESSAGE][PASSED] - Delayed 2 second(s)

2018-12-14 10:19:43 - [TEST_STEP][PASSED] - click: Object: 'Object Repository/Final Object Repo/Page_Form 1A - Cessation As Employer/Page_Form 1A - Cessation As Employer (Reject)/Reject' is clicked on

2018-12-14 10:19:46 - [MESSAGE][PASSED] - Object: 'Object Repository/Final Object Repo/Page_Form 1A - Cessation As Employer/Page_Form 1A - Cessation As Employer (Reject)/Reject' is clicked on

2018-12-14 10:19:46 - [TEST_STEP][PASSED] - delay: Delayed 2 second(s)

2018-12-14 10:19:48 - [MESSAGE][PASSED] - Delayed 2 second(s)

2018-12-14 10:19:48 - [TEST_STEP][PASSED] - click: Object: 'Object Repository/Final Object Repo/Page_Form 1A - Cessation As Employer/Page_Form 1A - Cessation As Employer (Reject)/Confirm' is clicked on

2018-12-14 10:19:48 - [MESSAGE][PASSED] - Object: 'Object Repository/Final Object Repo/Page_Form 1A - Cessation As Employer/Page_Form 1A - Cessation As Employer (Reject)/Confirm' is clicked on

2018-12-14 10:19:48 - [TEST_STEP][PASSED] - delay: Delayed 2 second(s)

2018-12-14 10:19:50 - [MESSAGE][PASSED] - Delayed 2 second(s)

2018-12-14 10:19:50 - [TEST_STEP][PASSED] - verifyElementVisible: Object 'Object Repository/Final Object Repo/Page_Form 1A - Cessation As Employer/Page_Form 1A - Cessation As Employer (Reject)/Message This Case has been Rejected' is visible

2018-12-14 10:19:53 - [MESSAGE][PASSED] - Object 'Object Repository/Final Object Repo/Page_Form 1A - Cessation As Employer/Page_Form 1A - Cessation As Employer (Reject)/Message This Case has been Rejected' is visible

2018-12-14 10:19:53 - [TEST_STEP][PASSED] - delay: Delayed 1 second(s)

2018-12-14 10:19:54 - [MESSAGE][PASSED] - Delayed 1 second(s)

2018-12-14 10:19:54 - [TEST_STEP][PASSED] - verifyElementVisible: Object 'Object Repository/Final Object Repo/Page_Form 1A - Cessation As Employer/Page_Form 1A - Cessation As Employer (Reject)/Letter of update rejection' is visible

2018-12-14 10:19:54 - [MESSAGE][PASSED] - Object 'Object Repository/Final Object Repo/Page_Form 1A - Cessation As Employer/Page_Form 1A - Cessation As Employer (Reject)/Letter of update rejection' is visible

2018-12-14 10:19:54 - [MESSAGE][PASSED] - Call Test Case 'Test Cases/Final Aug 2018 - PKS Automation/Registration Module/Workflow/Form 1A - Cessation As Employer/Template/Form 1 A - Cessation As Employer (Reject)' successfully]]></system-out>
         <system-err><![CDATA[]]></system-err>
      </testcase>
      <testcase name="Test Cases/Final Aug 2018 - PKS Automation/Registration Module/Workflow/Form 1A - Cessation As Employer/Employer to UO (Under enforcement)" classname="Test Cases/Final Aug 2018 - PKS Automation/Registration Module/Workflow/Form 1A - Cessation As Employer/Employer to UO (Under enforcement)" status="PASSED">
         <system-out><![CDATA[2018-12-14 10:19:54 - [TEST_CASE][PASSED] - Test Cases/Final Aug 2018 - PKS Automation/Registration Module/Workflow/Form 1A - Cessation As Employer/Employer to UO (Under enforcement): Test Cases/Final Aug 2018 - PKS Automation/Registration Module/Workflow/Form 1A - Cessation As Employer/Employer to UO (Under enforcement)

2018-12-14 10:19:55 - [TEST_STEP][PASSED] - callTestCase: Call Test Case 'Test Cases/Final Aug 2018 - PKS Automation/Registration Module/Workflow/Form 1A - Cessation As Employer/Template/Form 1 A - Cessation As Employer (OTC)' successfully

2018-12-14 10:19:55 - [TEST_CASE][PASSED] - Test Cases/Final Aug 2018 - PKS Automation/Registration Module/Workflow/Form 1A - Cessation As Employer/Template/Form 1 A - Cessation As Employer (OTC): Test Cases/Final Aug 2018 - PKS Automation/Registration Module/Workflow/Form 1A - Cessation As Employer/Template/Form 1 A - Cessation As Employer (OTC)

2018-12-14 10:19:55 - [TEST_STEP][PASSED] - openBrowser: Browser is opened with url: ''

2018-12-14 10:19:55 - [MESSAGE][WARNING] - A browser is already opened. Closing browser and opening a new one

2018-12-14 10:19:58 - [MESSAGE][PASSED] - Browser is opened with url: ''

2018-12-14 10:19:58 - [TEST_STEP][PASSED] - navigateToUrl: Navigate to 'https://assist2-uat.perkeso.gov.my/login' successfully

2018-12-14 10:19:59 - [MESSAGE][PASSED] - Navigate to 'https://assist2-uat.perkeso.gov.my/login' successfully

2018-12-14 10:19:59 - [TEST_STEP][PASSED] - setText: Text 'johorotc1@gmail.com' is set on object 'Object Repository/Final Object Repo/Login Page/Internal User/Email Address'

2018-12-14 10:19:59 - [MESSAGE][PASSED] - Text 'johorotc1@gmail.com' is set on object 'Object Repository/Final Object Repo/Login Page/Internal User/Email Address'

2018-12-14 10:19:59 - [TEST_STEP][PASSED] - click: Object: 'Object Repository/Final Object Repo/Login Page/Internal User/Next Button' is clicked on

2018-12-14 10:20:00 - [MESSAGE][PASSED] - Object: 'Object Repository/Final Object Repo/Login Page/Internal User/Next Button' is clicked on

2018-12-14 10:20:00 - [TEST_STEP][PASSED] - delay: Delayed 1 second(s)

2018-12-14 10:20:01 - [MESSAGE][PASSED] - Delayed 1 second(s)

2018-12-14 10:20:01 - [TEST_STEP][PASSED] - setEncryptedText: Text ****** has been set on object 'Object Repository/Final Object Repo/Login Page/Internal User/Password'

2018-12-14 10:20:01 - [MESSAGE][PASSED] - Text ****** has been set on object 'Object Repository/Final Object Repo/Login Page/Internal User/Password'

2018-12-14 10:20:01 - [TEST_STEP][PASSED] - click: Object: 'Object Repository/Final Object Repo/Login Page/Internal User/Login Button' is clicked on

2018-12-14 10:20:01 - [MESSAGE][PASSED] - Object: 'Object Repository/Final Object Repo/Login Page/Internal User/Login Button' is clicked on

2018-12-14 10:20:01 - [TEST_STEP][PASSED] - delay: Delayed 1 second(s)

2018-12-14 10:20:02 - [MESSAGE][PASSED] - Delayed 1 second(s)

2018-12-14 10:20:02 - [TEST_STEP][PASSED] - Statement - Try: Delayed 2 second(s)

2018-12-14 10:20:02 - [TEST_STEP][PASSED] - Statement - Checker = false: null

2018-12-14 10:20:02 - [TEST_STEP][PASSED] - Statement - Checker = com.kms.katalon.core.webui.keyword.WebUiBuiltInKeywords.verifyElementHasAttribute(com.kms.katalon.core.testobject.ObjectRepository.findTestObject(Final Object Repo/Landing Page/BM Detecting), "href", 20, OPTIONAL): Object 'Object Repository/Final Object Repo/Landing Page/BM Detecting' has attribute 'href'

2018-12-14 10:20:03 - [MESSAGE][PASSED] - Object 'Object Repository/Final Object Repo/Landing Page/BM Detecting' has attribute 'href'

2018-12-14 10:20:03 - [TEST_STEP][PASSED] - Statement - out.println(Checker): null

2018-12-14 10:20:03 - [TEST_STEP][PASSED] - Statement - If (Checker == false): null

2018-12-14 10:20:03 - [TEST_STEP][PASSED] - Statement - Else: null

2018-12-14 10:20:03 - [TEST_STEP][PASSED] - delay: Delayed 2 second(s)

2018-12-14 10:20:05 - [MESSAGE][PASSED] - Delayed 2 second(s)

2018-12-14 10:20:05 - [TEST_STEP][PASSED] - navigateToUrl: Navigate to 'https://assist2-uat.perkeso.gov.my/web/registration/update/form-1a-cessation-as-employer-discontinue-business-' successfully

2018-12-14 10:20:06 - [MESSAGE][PASSED] - Navigate to 'https://assist2-uat.perkeso.gov.my/web/registration/update/form-1a-cessation-as-employer-discontinue-business-' successfully

2018-12-14 10:20:06 - [TEST_STEP][PASSED] - setText: Text 'E1102069770Z' is set on object 'Object Repository/Final Object Repo/Page_Update Employer Information/Employer Code'

2018-12-14 10:20:06 - [MESSAGE][PASSED] - Text 'E1102069770Z' is set on object 'Object Repository/Final Object Repo/Page_Update Employer Information/Employer Code'

2018-12-14 10:20:06 - [TEST_STEP][PASSED] - click: Object: 'Object Repository/Final Object Repo/Page_Update Employer Information/Search Button' is clicked on

2018-12-14 10:20:06 - [MESSAGE][PASSED] - Object: 'Object Repository/Final Object Repo/Page_Update Employer Information/Search Button' is clicked on

2018-12-14 10:20:06 - [TEST_STEP][PASSED] - click: Object: 'Object Repository/Final Object Repo/Page_Update Employer Information/Edit Button' is clicked on

2018-12-14 10:20:09 - [MESSAGE][PASSED] - Object: 'Object Repository/Final Object Repo/Page_Update Employer Information/Edit Button' is clicked on

2018-12-14 10:20:09 - [TEST_STEP][PASSED] - Statement - abc = com.kms.katalon.core.webui.keyword.WebUiBuiltInKeywords.getAttribute(com.kms.katalon.core.testobject.ObjectRepository.findTestObject(Final Object Repo/Page_Form 1A - Cessation As Employer/Employer Status), "value"): Attribute 'value' of object 'Object Repository/Final Object Repo/Page_Form 1A - Cessation As Employer/Employer Status' is: 'Dormant'

2018-12-14 10:20:09 - [MESSAGE][PASSED] - Attribute 'value' of object 'Object Repository/Final Object Repo/Page_Form 1A - Cessation As Employer/Employer Status' is: 'Dormant'

2018-12-14 10:20:09 - [TEST_STEP][PASSED] - Statement - out.println(abc): null

2018-12-14 10:20:09 - [TEST_STEP][PASSED] - Statement - If (abc == "Active"): null

2018-12-14 10:20:09 - [TEST_STEP][PASSED] - Statement - Else If (abc == "Cancel"): null

2018-12-14 10:20:09 - [TEST_STEP][PASSED] - Statement - Else If (abc == "Dormant"): Object: 'Object Repository/Final Object Repo/Page_Form 1A - Cessation As Employer/Change Employer Status to - Dormant' is clicked on

2018-12-14 10:20:09 - [TEST_STEP][PASSED] - click: Object: 'Object Repository/Final Object Repo/Page_Form 1A - Cessation As Employer/Change Employer Status to' is clicked on

2018-12-14 10:20:09 - [MESSAGE][PASSED] - Object: 'Object Repository/Final Object Repo/Page_Form 1A - Cessation As Employer/Change Employer Status to' is clicked on

2018-12-14 10:20:09 - [TEST_STEP][PASSED] - click: Object: 'Object Repository/Final Object Repo/Page_Form 1A - Cessation As Employer/Change Employer Status to - Dormant' is clicked on

2018-12-14 10:20:09 - [MESSAGE][PASSED] - Object: 'Object Repository/Final Object Repo/Page_Form 1A - Cessation As Employer/Change Employer Status to - Dormant' is clicked on

2018-12-14 10:20:09 - [TEST_STEP][PASSED] - click: Object: 'Object Repository/Final Object Repo/Page_Form 1A - Cessation As Employer/Calender' is clicked on

2018-12-14 10:20:10 - [MESSAGE][PASSED] - Object: 'Object Repository/Final Object Repo/Page_Form 1A - Cessation As Employer/Calender' is clicked on

2018-12-14 10:20:10 - [TEST_STEP][PASSED] - click: Object: 'Object Repository/Final Object Repo/Page_Form 1A - Cessation As Employer/Calender - Date' is clicked on

2018-12-14 10:20:10 - [MESSAGE][PASSED] - Object: 'Object Repository/Final Object Repo/Page_Form 1A - Cessation As Employer/Calender - Date' is clicked on

2018-12-14 10:20:10 - [TEST_STEP][PASSED] - delay: Delayed 2 second(s)

2018-12-14 10:20:12 - [MESSAGE][PASSED] - Delayed 2 second(s)

2018-12-14 10:20:12 - [TEST_STEP][PASSED] - click: Object: 'Object Repository/Final Object Repo/Page_Form 1A - Cessation As Employer/Save  Continue in Form 1A Page' is clicked on

2018-12-14 10:20:12 - [MESSAGE][PASSED] - Object: 'Object Repository/Final Object Repo/Page_Form 1A - Cessation As Employer/Save  Continue in Form 1A Page' is clicked on

2018-12-14 10:20:12 - [TEST_STEP][PASSED] - delay: Delayed 2 second(s)

2018-12-14 10:20:14 - [MESSAGE][PASSED] - Delayed 2 second(s)

2018-12-14 10:20:14 - [TEST_STEP][PASSED] - click: Object: 'Object Repository/Final Object Repo/Page_Form 1A - Cessation As Employer/Employment Resign Date' is clicked on

2018-12-14 10:20:14 - [MESSAGE][PASSED] - Object: 'Object Repository/Final Object Repo/Page_Form 1A - Cessation As Employer/Employment Resign Date' is clicked on

2018-12-14 10:20:14 - [TEST_STEP][PASSED] - delay: Delayed 1 second(s)

2018-12-14 10:20:15 - [MESSAGE][PASSED] - Delayed 1 second(s)

2018-12-14 10:20:15 - [TEST_STEP][PASSED] - Statement - CaseReferenceNo = com.kms.katalon.core.webui.keyword.WebUiBuiltInKeywords.getText(com.kms.katalon.core.testobject.ObjectRepository.findTestObject(Final Object Repo/Page_Update Employer Information/Reference Number in Update Employee Information Page)): Text of object 'Object Repository/Final Object Repo/Page_Update Employer Information/Reference Number in Update Employee Information Page' is: 'CUN122018C200001754'

2018-12-14 10:20:15 - [MESSAGE][PASSED] - Text of object 'Object Repository/Final Object Repo/Page_Update Employer Information/Reference Number in Update Employee Information Page' is: 'CUN122018C200001754'

2018-12-14 10:20:15 - [TEST_STEP][PASSED] - callTestCase: Call Test Case 'Test Cases/Final Aug 2018 - PKS Automation/Common/Reference Number Setter' successfully

2018-12-14 10:20:16 - [TEST_CASE][PASSED] - Test Cases/Final Aug 2018 - PKS Automation/Common/Reference Number Setter: Test Cases/Final Aug 2018 - PKS Automation/Common/Reference Number Setter

2018-12-14 10:20:16 - [TEST_STEP][PASSED] - Statement - RefNoOldFile = new java.io.File(C://Users//Admin//Desktop//PKS//Automation Reference Point//KatalonReference.txt): null

2018-12-14 10:20:16 - [TEST_STEP][PASSED] - Statement - RefNoOldFile.delete(): null

2018-12-14 10:20:16 - [TEST_STEP][PASSED] - delay: Delayed 5 second(s)

2018-12-14 10:20:21 - [MESSAGE][PASSED] - Delayed 5 second(s)

2018-12-14 10:20:21 - [TEST_STEP][PASSED] - Statement - RefNo = new java.io.File(C://Users//Admin//Desktop//PKS//Automation Reference Point//KatalonReference.txt): null

2018-12-14 10:20:21 - [TEST_STEP][PASSED] - Statement - f2 = new java.io.FileWriter(RefNo, false): null

2018-12-14 10:20:21 - [TEST_STEP][PASSED] - Statement - f2.write(CaseReferenceNo): null

2018-12-14 10:20:21 - [TEST_STEP][PASSED] - Statement - f2.close(): null

2018-12-14 10:20:21 - [TEST_STEP][PASSED] - Statement - out.println("


" + CaseReferenceNo + "


"): null

2018-12-14 10:20:21 - [MESSAGE][PASSED] - Call Test Case 'Test Cases/Final Aug 2018 - PKS Automation/Common/Reference Number Setter' successfully

2018-12-14 10:20:21 - [TEST_STEP][PASSED] - selectOptionByValue: All options with value '2030' are selected in object 'Object Repository/Final Object Repo/Page_Form 1A - Cessation As Employer/Employment Resign Date - Year' 

2018-12-14 10:20:21 - [MESSAGE][PASSED] - All options with value '2030' are selected in object 'Object Repository/Final Object Repo/Page_Form 1A - Cessation As Employer/Employment Resign Date - Year' 

2018-12-14 10:20:21 - [TEST_STEP][PASSED] - delay: Delayed 1 second(s)

2018-12-14 10:20:22 - [MESSAGE][PASSED] - Delayed 1 second(s)

2018-12-14 10:20:22 - [TEST_STEP][PASSED] - click: Object: 'Object Repository/Final Object Repo/Page_Form 1A - Cessation As Employer/Employment Resign Date - Year - Date' is clicked on

2018-12-14 10:20:22 - [MESSAGE][PASSED] - Object: 'Object Repository/Final Object Repo/Page_Form 1A - Cessation As Employer/Employment Resign Date - Year - Date' is clicked on

2018-12-14 10:20:22 - [TEST_STEP][PASSED] - delay: Delayed 2 second(s)

2018-12-14 10:20:24 - [MESSAGE][PASSED] - Delayed 2 second(s)

2018-12-14 10:20:24 - [TEST_STEP][PASSED] - click: Object: 'Object Repository/Final Object Repo/Page_Form 1A - Cessation As Employer/Save  Continue in Update Add Employee Resigned Date Page' is clicked on

2018-12-14 10:20:24 - [MESSAGE][PASSED] - Object: 'Object Repository/Final Object Repo/Page_Form 1A - Cessation As Employer/Save  Continue in Update Add Employee Resigned Date Page' is clicked on

2018-12-14 10:20:24 - [TEST_STEP][PASSED] - delay: Delayed 2 second(s)

2018-12-14 10:20:26 - [MESSAGE][PASSED] - Delayed 2 second(s)

2018-12-14 10:20:26 - [TEST_STEP][PASSED] - click: Object: 'Object Repository/Final Object Repo/Page_Form 1A - Cessation As Employer/Set Latest - Yes' is clicked on

2018-12-14 10:20:26 - [MESSAGE][PASSED] - Object: 'Object Repository/Final Object Repo/Page_Form 1A - Cessation As Employer/Set Latest - Yes' is clicked on

2018-12-14 10:20:26 - [TEST_STEP][PASSED] - delay: Delayed 2 second(s)

2018-12-14 10:20:28 - [MESSAGE][PASSED] - Delayed 2 second(s)

2018-12-14 10:20:28 - [TEST_STEP][PASSED] - click: Object: 'Object Repository/Final Object Repo/Page_Form 1A - Cessation As Employer/Add Document' is clicked on

2018-12-14 10:20:29 - [MESSAGE][PASSED] - Object: 'Object Repository/Final Object Repo/Page_Form 1A - Cessation As Employer/Add Document' is clicked on

2018-12-14 10:20:29 - [TEST_STEP][PASSED] - delay: Delayed 2 second(s)

2018-12-14 10:20:31 - [MESSAGE][PASSED] - Delayed 2 second(s)

2018-12-14 10:20:31 - [TEST_STEP][PASSED] - click: Object: 'Object Repository/Final Object Repo/Page_Form 1A - Cessation As Employer/Document Type' is clicked on

2018-12-14 10:20:32 - [MESSAGE][PASSED] - Object: 'Object Repository/Final Object Repo/Page_Form 1A - Cessation As Employer/Document Type' is clicked on

2018-12-14 10:20:32 - [TEST_STEP][PASSED] - delay: Delayed 2 second(s)

2018-12-14 10:20:34 - [MESSAGE][PASSED] - Delayed 2 second(s)

2018-12-14 10:20:34 - [TEST_STEP][PASSED] - click: Object: 'Object Repository/Final Object Repo/Page_Form 1A - Cessation As Employer/Document Type - Supporting Document For Cessation' is clicked on

2018-12-14 10:20:34 - [MESSAGE][PASSED] - Object: 'Object Repository/Final Object Repo/Page_Form 1A - Cessation As Employer/Document Type - Supporting Document For Cessation' is clicked on

2018-12-14 10:20:34 - [TEST_STEP][PASSED] - delay: Delayed 2 second(s)

2018-12-14 10:20:36 - [MESSAGE][PASSED] - Delayed 2 second(s)

2018-12-14 10:20:36 - [TEST_STEP][PASSED] - sendKeys: Keys 'C:\Users\Public\Pictures\Sample Pictures\Koala.jpg' sent to object: 'Object Repository/Final Object Repo/Page_Form 1A - Cessation As Employer/Uploading File'

2018-12-14 10:20:36 - [MESSAGE][PASSED] - Keys 'C:\Users\Public\Pictures\Sample Pictures\Koala.jpg' sent to object: 'Object Repository/Final Object Repo/Page_Form 1A - Cessation As Employer/Uploading File'

2018-12-14 10:20:36 - [TEST_STEP][PASSED] - delay: Delayed 2 second(s)

2018-12-14 10:20:38 - [MESSAGE][PASSED] - Delayed 2 second(s)

2018-12-14 10:20:38 - [TEST_STEP][PASSED] - click: Object: 'Object Repository/Final Object Repo/Page_Form 1A - Cessation As Employer/Add Document in Uploading Page' is clicked on

2018-12-14 10:20:39 - [MESSAGE][PASSED] - Object: 'Object Repository/Final Object Repo/Page_Form 1A - Cessation As Employer/Add Document in Uploading Page' is clicked on

2018-12-14 10:20:39 - [TEST_STEP][PASSED] - delay: Delayed 20 second(s)

2018-12-14 10:20:59 - [MESSAGE][PASSED] - Delayed 20 second(s)

2018-12-14 10:20:59 - [TEST_STEP][PASSED] - click: Object: 'Object Repository/Final Object Repo/Page_Form 1A - Cessation As Employer/Save  Continue in Uploading Page' is clicked on

2018-12-14 10:20:59 - [MESSAGE][PASSED] - Object: 'Object Repository/Final Object Repo/Page_Form 1A - Cessation As Employer/Save  Continue in Uploading Page' is clicked on

2018-12-14 10:20:59 - [TEST_STEP][PASSED] - delay: Delayed 2 second(s)

2018-12-14 10:21:01 - [MESSAGE][PASSED] - Delayed 2 second(s)

2018-12-14 10:21:01 - [TEST_STEP][PASSED] - click: Object: 'Object Repository/Final Object Repo/Page_Form 1A - Cessation As Employer/Submit2' is clicked on

2018-12-14 10:21:04 - [MESSAGE][PASSED] - Object: 'Object Repository/Final Object Repo/Page_Form 1A - Cessation As Employer/Submit2' is clicked on

2018-12-14 10:21:04 - [TEST_STEP][PASSED] - delay: Delayed 2 second(s)

2018-12-14 10:21:06 - [MESSAGE][PASSED] - Delayed 2 second(s)

2018-12-14 10:21:06 - [TEST_STEP][PASSED] - click: Object: 'Object Repository/Final Object Repo/Page_Form 1A - Cessation As Employer/Confirm' is clicked on

2018-12-14 10:21:06 - [MESSAGE][PASSED] - Object: 'Object Repository/Final Object Repo/Page_Form 1A - Cessation As Employer/Confirm' is clicked on

2018-12-14 10:21:06 - [TEST_STEP][PASSED] - delay: Delayed 2 second(s)

2018-12-14 10:21:08 - [MESSAGE][PASSED] - Delayed 2 second(s)

2018-12-14 10:21:08 - [TEST_STEP][PASSED] - verifyElementVisible: Object 'Object Repository/Final Object Repo/Page_Form 1A - Cessation As Employer/Message Your Request will be routed to UO' is visible

2018-12-14 10:21:12 - [MESSAGE][PASSED] - Object 'Object Repository/Final Object Repo/Page_Form 1A - Cessation As Employer/Message Your Request will be routed to UO' is visible

2018-12-14 10:21:12 - [TEST_STEP][PASSED] - delay: Delayed 1 second(s)

2018-12-14 10:21:13 - [MESSAGE][PASSED] - Delayed 1 second(s)

2018-12-14 10:21:13 - [TEST_STEP][PASSED] - verifyElementVisible: Object 'Object Repository/Final Object Repo/Page_Form 1A - Cessation As Employer/Letter of acknowledgement' is visible

2018-12-14 10:21:13 - [MESSAGE][PASSED] - Object 'Object Repository/Final Object Repo/Page_Form 1A - Cessation As Employer/Letter of acknowledgement' is visible

2018-12-14 10:21:13 - [MESSAGE][PASSED] - Call Test Case 'Test Cases/Final Aug 2018 - PKS Automation/Registration Module/Workflow/Form 1A - Cessation As Employer/Template/Form 1 A - Cessation As Employer (OTC)' successfully

2018-12-14 10:21:13 - [TEST_STEP][PASSED] - callTestCase: Call Test Case 'Test Cases/Final Aug 2018 - PKS Automation/Registration Module/Workflow/Form 1A - Cessation As Employer/Template/Form 1 A - Cessation As Employer (Under enforcement)' successfully

2018-12-14 10:21:13 - [TEST_CASE][PASSED] - Test Cases/Final Aug 2018 - PKS Automation/Registration Module/Workflow/Form 1A - Cessation As Employer/Template/Form 1 A - Cessation As Employer (Under enforcement): Test Cases/Final Aug 2018 - PKS Automation/Registration Module/Workflow/Form 1A - Cessation As Employer/Template/Form 1 A - Cessation As Employer (Under enforcement)

2018-12-14 10:21:13 - [TEST_STEP][NOT_RUN] - callTestCase: NOT_RUN: callTestCase

2018-12-14 10:21:13 - [MESSAGE][NOT_RUN] - NOT_RUN: callTestCase

2018-12-14 10:21:13 - [TEST_STEP][PASSED] - delay: Delayed 1 second(s)

2018-12-14 10:21:14 - [MESSAGE][PASSED] - Delayed 1 second(s)

2018-12-14 10:21:14 - [TEST_STEP][PASSED] - navigateToUrl: Navigate to 'https://assist2-uat.perkeso.gov.my/c/portal/logout' successfully

2018-12-14 10:21:15 - [MESSAGE][PASSED] - Navigate to 'https://assist2-uat.perkeso.gov.my/c/portal/logout' successfully

2018-12-14 10:21:15 - [TEST_STEP][PASSED] - delay: Delayed 1 second(s)

2018-12-14 10:21:16 - [MESSAGE][PASSED] - Delayed 1 second(s)

2018-12-14 10:21:16 - [TEST_STEP][PASSED] - callTestCase: Call Test Case 'Test Cases/Final Aug 2018 - PKS Automation/Common/Reference Number Getter' successfully

2018-12-14 10:21:16 - [TEST_CASE][PASSED] - Test Cases/Final Aug 2018 - PKS Automation/Common/Reference Number Getter: Test Cases/Final Aug 2018 - PKS Automation/Common/Reference Number Getter

2018-12-14 10:21:16 - [TEST_STEP][PASSED] - Statement - Try: null

2018-12-14 10:21:16 - [TEST_STEP][PASSED] - Statement - RefNo = new java.io.File(C://Users//Admin//Desktop//PKS//Automation Reference Point//KatalonReference.txt): null

2018-12-14 10:21:16 - [TEST_STEP][PASSED] - Statement - bufferread = new java.io.BufferedReader(new java.io.FileReader(RefNo)): null

2018-12-14 10:21:16 - [TEST_STEP][PASSED] - Statement - readedVal = bufferread.readLine(): null

2018-12-14 10:21:16 - [TEST_STEP][PASSED] - Statement - out.println(CaseReferenceNo): null

2018-12-14 10:21:16 - [TEST_STEP][PASSED] - Statement - out.println(readedVal): null

2018-12-14 10:21:16 - [TEST_STEP][PASSED] - Statement - CaseReferenceNo = "": null

2018-12-14 10:21:16 - [TEST_STEP][PASSED] - Statement - CaseReferenceNo = readedVal: null

2018-12-14 10:21:16 - [MESSAGE][PASSED] - Call Test Case 'Test Cases/Final Aug 2018 - PKS Automation/Common/Reference Number Getter' successfully

2018-12-14 10:21:16 - [TEST_STEP][PASSED] - callTestCase: Call Test Case 'Test Cases/Final Aug 2018 - PKS Automation/Common/Workflow Owner Finder' successfully

2018-12-14 10:21:16 - [TEST_CASE][PASSED] - Test Cases/Final Aug 2018 - PKS Automation/Common/Workflow Owner Finder: Test Cases/Final Aug 2018 - PKS Automation/Common/Workflow Owner Finder

2018-12-14 10:21:16 - [TEST_STEP][PASSED] - openBrowser: Browser is opened with url: ''

2018-12-14 10:21:16 - [MESSAGE][WARNING] - A browser is already opened. Closing browser and opening a new one

2018-12-14 10:21:19 - [MESSAGE][PASSED] - Browser is opened with url: ''

2018-12-14 10:21:19 - [TEST_STEP][PASSED] - navigateToUrl: Navigate to 'https://assist2-uat.perkeso.gov.my/login' successfully

2018-12-14 10:21:21 - [MESSAGE][PASSED] - Navigate to 'https://assist2-uat.perkeso.gov.my/login' successfully

2018-12-14 10:21:21 - [TEST_STEP][PASSED] - delay: Delayed 5 second(s)

2018-12-14 10:21:26 - [MESSAGE][PASSED] - Delayed 5 second(s)

2018-12-14 10:21:26 - [TEST_STEP][PASSED] - setText: Text 'test@liferay.com' is set on object 'Object Repository/Final Object Repo/Login Page/Internal User/Email Address'

2018-12-14 10:21:26 - [MESSAGE][PASSED] - Text 'test@liferay.com' is set on object 'Object Repository/Final Object Repo/Login Page/Internal User/Email Address'

2018-12-14 10:21:26 - [TEST_STEP][PASSED] - click: Object: 'Object Repository/Final Object Repo/Login Page/Internal User/Next Button' is clicked on

2018-12-14 10:21:26 - [MESSAGE][PASSED] - Object: 'Object Repository/Final Object Repo/Login Page/Internal User/Next Button' is clicked on

2018-12-14 10:21:26 - [TEST_STEP][PASSED] - delay: Delayed 2 second(s)

2018-12-14 10:21:28 - [MESSAGE][PASSED] - Delayed 2 second(s)

2018-12-14 10:21:28 - [TEST_STEP][PASSED] - setText: Text 'test' is set on object 'Object Repository/Final Object Repo/Login Page/Internal User/Password'

2018-12-14 10:21:28 - [MESSAGE][PASSED] - Text 'test' is set on object 'Object Repository/Final Object Repo/Login Page/Internal User/Password'

2018-12-14 10:21:28 - [TEST_STEP][PASSED] - delay: Delayed 2 second(s)

2018-12-14 10:21:30 - [MESSAGE][PASSED] - Delayed 2 second(s)

2018-12-14 10:21:30 - [TEST_STEP][PASSED] - click: Object: 'Object Repository/Final Object Repo/Login Page/Internal User/Login Button' is clicked on

2018-12-14 10:21:31 - [MESSAGE][PASSED] - Object: 'Object Repository/Final Object Repo/Login Page/Internal User/Login Button' is clicked on

2018-12-14 10:21:31 - [TEST_STEP][PASSED] - Statement - tester = com.kms.katalon.core.testobject.ObjectRepository.findTestObject(Final Object Repo/Landing Page/Select to English): Finding Test Object with id 'Object Repository/Final Object Repo/Landing Page/Select to English'

2018-12-14 10:21:31 - [TEST_STEP][PASSED] - Statement - Try: Delayed 2 second(s)

2018-12-14 10:21:31 - [TEST_STEP][PASSED] - Statement - Checker = com.kms.katalon.core.webui.keyword.WebUiBuiltInKeywords.verifyElementNotPresent(tester, 3): Web element with id: 'Object Repository/Final Object Repo/Landing Page/Select to English' located by 'By.xpath: //a[@class = 'taglib-language-list-text' and @lang = 'en-US' and (contains(text(), 'EN') or contains(., 'EN'))]' is not present after '3' second(s)

2018-12-14 10:21:33 - [MESSAGE][PASSED] - Web element with id: 'Object Repository/Final Object Repo/Landing Page/Select to English' located by 'By.xpath: //a[@class = 'taglib-language-list-text' and @lang = 'en-US' and (contains(text(), 'EN') or contains(., 'EN'))]' is not present after '3' second(s)

2018-12-14 10:21:33 - [TEST_STEP][PASSED] - Statement - If (Checker == false): null

2018-12-14 10:21:33 - [TEST_STEP][PASSED] - delay: Delayed 2 second(s)

2018-12-14 10:21:35 - [MESSAGE][PASSED] - Delayed 2 second(s)

2018-12-14 10:21:35 - [TEST_STEP][PASSED] - delay: Delayed 5 second(s)

2018-12-14 10:21:40 - [MESSAGE][PASSED] - Delayed 5 second(s)

2018-12-14 10:21:40 - [TEST_STEP][PASSED] - mouseOver: Object: 'Object Repository/Final Object Repo/Landing Page/WorkFlow Menu' is hovered

2018-12-14 10:21:40 - [MESSAGE][PASSED] - Object: 'Object Repository/Final Object Repo/Landing Page/WorkFlow Menu' is hovered

2018-12-14 10:21:40 - [TEST_STEP][PASSED] - delay: Delayed 2 second(s)

2018-12-14 10:21:42 - [MESSAGE][PASSED] - Delayed 2 second(s)

2018-12-14 10:21:42 - [TEST_STEP][PASSED] - click: Object: 'Object Repository/Final Object Repo/Landing Page/Select to Workflow Listing' is clicked on

2018-12-14 10:21:43 - [MESSAGE][PASSED] - Object: 'Object Repository/Final Object Repo/Landing Page/Select to Workflow Listing' is clicked on

2018-12-14 10:21:43 - [TEST_STEP][PASSED] - delay: Delayed 2 second(s)

2018-12-14 10:21:45 - [MESSAGE][PASSED] - Delayed 2 second(s)

2018-12-14 10:21:45 - [TEST_STEP][PASSED] - click: Object: 'Object Repository/Final Object Repo/WorkFlow Listing Page/Search Information - To Put Ref No' is clicked on

2018-12-14 10:21:45 - [MESSAGE][PASSED] - Object: 'Object Repository/Final Object Repo/WorkFlow Listing Page/Search Information - To Put Ref No' is clicked on

2018-12-14 10:21:45 - [TEST_STEP][PASSED] - delay: Delayed 2 second(s)

2018-12-14 10:21:47 - [MESSAGE][PASSED] - Delayed 2 second(s)

2018-12-14 10:21:47 - [TEST_STEP][PASSED] - callTestCase: Call Test Case 'Test Cases/Final Aug 2018 - PKS Automation/Common/Reference Number Getter' successfully

2018-12-14 10:21:47 - [TEST_CASE][PASSED] - Test Cases/Final Aug 2018 - PKS Automation/Common/Reference Number Getter: Test Cases/Final Aug 2018 - PKS Automation/Common/Reference Number Getter

2018-12-14 10:21:47 - [TEST_STEP][PASSED] - Statement - Try: null

2018-12-14 10:21:47 - [TEST_STEP][PASSED] - Statement - RefNo = new java.io.File(C://Users//Admin//Desktop//PKS//Automation Reference Point//KatalonReference.txt): null

2018-12-14 10:21:47 - [TEST_STEP][PASSED] - Statement - bufferread = new java.io.BufferedReader(new java.io.FileReader(RefNo)): null

2018-12-14 10:21:47 - [TEST_STEP][PASSED] - Statement - readedVal = bufferread.readLine(): null

2018-12-14 10:21:47 - [TEST_STEP][PASSED] - Statement - out.println(CaseReferenceNo): null

2018-12-14 10:21:47 - [TEST_STEP][PASSED] - Statement - out.println(readedVal): null

2018-12-14 10:21:47 - [TEST_STEP][PASSED] - Statement - CaseReferenceNo = "": null

2018-12-14 10:21:47 - [TEST_STEP][PASSED] - Statement - CaseReferenceNo = readedVal: null

2018-12-14 10:21:47 - [MESSAGE][PASSED] - Call Test Case 'Test Cases/Final Aug 2018 - PKS Automation/Common/Reference Number Getter' successfully

2018-12-14 10:21:47 - [TEST_STEP][PASSED] - setText: Text 'CUN122018C200001754' is set on object 'Object Repository/Final Object Repo/WorkFlow Listing Page/Ref No Set Text'

2018-12-14 10:21:48 - [MESSAGE][PASSED] - Text 'CUN122018C200001754' is set on object 'Object Repository/Final Object Repo/WorkFlow Listing Page/Ref No Set Text'

2018-12-14 10:21:48 - [TEST_STEP][PASSED] - delay: Delayed 2 second(s)

2018-12-14 10:21:50 - [MESSAGE][PASSED] - Delayed 2 second(s)

2018-12-14 10:21:50 - [TEST_STEP][PASSED] - click: Object: 'Object Repository/Final Object Repo/WorkFlow Listing Page/Search Ref No Search Button' is clicked on

2018-12-14 10:21:50 - [MESSAGE][PASSED] - Object: 'Object Repository/Final Object Repo/WorkFlow Listing Page/Search Ref No Search Button' is clicked on

2018-12-14 10:21:50 - [TEST_STEP][PASSED] - delay: Delayed 6 second(s)

2018-12-14 10:21:56 - [MESSAGE][PASSED] - Delayed 6 second(s)

2018-12-14 10:21:56 - [TEST_STEP][PASSED] - click: Object: 'Object Repository/Final Object Repo/WorkFlow Listing Page/Click Continue Tooltip' is clicked on

2018-12-14 10:21:57 - [MESSAGE][PASSED] - Object: 'Object Repository/Final Object Repo/WorkFlow Listing Page/Click Continue Tooltip' is clicked on

2018-12-14 10:21:57 - [TEST_STEP][PASSED] - delay: Delayed 5 second(s)

2018-12-14 10:22:02 - [MESSAGE][PASSED] - Delayed 5 second(s)

2018-12-14 10:22:02 - [TEST_STEP][PASSED] - doubleClick: Object: 'Object Repository/Final Object Repo/WorkFlow Listing Page/Workflow Found - Listing 1' is double clicked on

2018-12-14 10:22:02 - [MESSAGE][PASSED] - Object: 'Object Repository/Final Object Repo/WorkFlow Listing Page/Workflow Found - Listing 1' is double clicked on

2018-12-14 10:22:02 - [TEST_STEP][PASSED] - Statement - println(OwnerID): null

2018-12-14 10:22:02 - [TEST_STEP][PASSED] - Statement - OwnerID = com.kms.katalon.core.webui.keyword.WebUiBuiltInKeywords.getText(com.kms.katalon.core.testobject.ObjectRepository.findTestObject(Final Object Repo/WorkFlow Listing Page/Workflow Found - Listing 1), STOP_ON_FAILURE): Text of object 'Object Repository/Final Object Repo/WorkFlow Listing Page/Workflow Found - Listing 1' is: 'JOHORuo1'

2018-12-14 10:22:02 - [MESSAGE][PASSED] - Text of object 'Object Repository/Final Object Repo/WorkFlow Listing Page/Workflow Found - Listing 1' is: 'JOHORuo1'

2018-12-14 10:22:02 - [TEST_STEP][PASSED] - Statement - OwnerID = OwnerID.toLowerCase() + "@gmail.com": null

2018-12-14 10:22:02 - [TEST_STEP][PASSED] - Statement - println(OwnerID): null

2018-12-14 10:22:02 - [TEST_STEP][PASSED] - delay: Delayed 2 second(s)

2018-12-14 10:22:04 - [MESSAGE][PASSED] - Delayed 2 second(s)

2018-12-14 10:22:04 - [MESSAGE][PASSED] - Call Test Case 'Test Cases/Final Aug 2018 - PKS Automation/Common/Workflow Owner Finder' successfully

2018-12-14 10:22:04 - [TEST_STEP][PASSED] - delay: Delayed 1 second(s)

2018-12-14 10:22:05 - [MESSAGE][PASSED] - Delayed 1 second(s)

2018-12-14 10:22:05 - [TEST_STEP][PASSED] - navigateToUrl: Navigate to 'https://assist2-uat.perkeso.gov.my/c/portal/logout' successfully

2018-12-14 10:22:06 - [MESSAGE][PASSED] - Navigate to 'https://assist2-uat.perkeso.gov.my/c/portal/logout' successfully

2018-12-14 10:22:06 - [TEST_STEP][PASSED] - delay: Delayed 1 second(s)

2018-12-14 10:22:07 - [MESSAGE][PASSED] - Delayed 1 second(s)

2018-12-14 10:22:07 - [TEST_STEP][PASSED] - callTestCase: Call Test Case 'Test Cases/Final Aug 2018 - PKS Automation/Registration Module/Workflow/Login and Search Case For Workflow' successfully

2018-12-14 10:22:07 - [TEST_CASE][PASSED] - Test Cases/Final Aug 2018 - PKS Automation/Registration Module/Workflow/Login and Search Case For Workflow: Test Cases/Final Aug 2018 - PKS Automation/Registration Module/Workflow/Login and Search Case For Workflow

2018-12-14 10:22:07 - [TEST_STEP][PASSED] - navigateToUrl: Navigate to 'https://assist2-uat.perkeso.gov.my/login' successfully

2018-12-14 10:22:08 - [MESSAGE][PASSED] - Navigate to 'https://assist2-uat.perkeso.gov.my/login' successfully

2018-12-14 10:22:08 - [TEST_STEP][PASSED] - setText: Text 'johoruo1@gmail.com' is set on object 'Object Repository/Final Object Repo/Login Page/Internal User/Email Address'

2018-12-14 10:22:08 - [MESSAGE][PASSED] - Text 'johoruo1@gmail.com' is set on object 'Object Repository/Final Object Repo/Login Page/Internal User/Email Address'

2018-12-14 10:22:08 - [TEST_STEP][PASSED] - click: Object: 'Object Repository/Final Object Repo/Login Page/Internal User/Next Button' is clicked on

2018-12-14 10:22:08 - [MESSAGE][PASSED] - Object: 'Object Repository/Final Object Repo/Login Page/Internal User/Next Button' is clicked on

2018-12-14 10:22:08 - [TEST_STEP][PASSED] - delay: Delayed 1 second(s)

2018-12-14 10:22:09 - [MESSAGE][PASSED] - Delayed 1 second(s)

2018-12-14 10:22:09 - [TEST_STEP][PASSED] - setEncryptedText: Text ****** has been set on object 'Object Repository/Final Object Repo/Login Page/Internal User/Password'

2018-12-14 10:22:10 - [MESSAGE][PASSED] - Text ****** has been set on object 'Object Repository/Final Object Repo/Login Page/Internal User/Password'

2018-12-14 10:22:10 - [TEST_STEP][PASSED] - click: Object: 'Object Repository/Final Object Repo/Login Page/Internal User/Login Button' is clicked on

2018-12-14 10:22:10 - [MESSAGE][PASSED] - Object: 'Object Repository/Final Object Repo/Login Page/Internal User/Login Button' is clicked on

2018-12-14 10:22:10 - [TEST_STEP][PASSED] - delay: Delayed 2 second(s)

2018-12-14 10:22:12 - [MESSAGE][PASSED] - Delayed 2 second(s)

2018-12-14 10:22:12 - [TEST_STEP][PASSED] - Statement - Try: Delayed 2 second(s)

2018-12-14 10:22:12 - [TEST_STEP][PASSED] - Statement - Checker = false: null

2018-12-14 10:22:12 - [TEST_STEP][PASSED] - Statement - Checker = com.kms.katalon.core.webui.keyword.WebUiBuiltInKeywords.verifyElementHasAttribute(com.kms.katalon.core.testobject.ObjectRepository.findTestObject(Final Object Repo/Landing Page/BM Detecting), "href", 20, OPTIONAL): Object 'Object Repository/Final Object Repo/Landing Page/BM Detecting' has attribute 'href'

2018-12-14 10:22:12 - [MESSAGE][PASSED] - Object 'Object Repository/Final Object Repo/Landing Page/BM Detecting' has attribute 'href'

2018-12-14 10:22:12 - [TEST_STEP][PASSED] - Statement - out.println(Checker): null

2018-12-14 10:22:12 - [TEST_STEP][PASSED] - Statement - If (Checker == false): null

2018-12-14 10:22:12 - [TEST_STEP][PASSED] - Statement - Else: null

2018-12-14 10:22:12 - [TEST_STEP][PASSED] - delay: Delayed 2 second(s)

2018-12-14 10:22:14 - [MESSAGE][PASSED] - Delayed 2 second(s)

2018-12-14 10:22:14 - [TEST_STEP][PASSED] - click: Object: 'Object Repository/Final Object Repo/Page_MyASSIST - ASSIST - Search Pending Case For Add Supporting Document/Search Information' is clicked on

2018-12-14 10:22:14 - [MESSAGE][PASSED] - Object: 'Object Repository/Final Object Repo/Page_MyASSIST - ASSIST - Search Pending Case For Add Supporting Document/Search Information' is clicked on

2018-12-14 10:22:14 - [TEST_STEP][PASSED] - delay: Delayed 3 second(s)

2018-12-14 10:22:17 - [MESSAGE][PASSED] - Delayed 3 second(s)

2018-12-14 10:22:17 - [TEST_STEP][PASSED] - sendKeys: Keys 'CUN122018C200001754' sent to object: 'Object Repository/Final Object Repo/Page_MyASSIST - ASSIST - Search Pending Case For Add Supporting Document/Reference No'

2018-12-14 10:22:18 - [MESSAGE][PASSED] - Keys 'CUN122018C200001754' sent to object: 'Object Repository/Final Object Repo/Page_MyASSIST - ASSIST - Search Pending Case For Add Supporting Document/Reference No'

2018-12-14 10:22:18 - [TEST_STEP][PASSED] - click: Object: 'Object Repository/Final Object Repo/Page_MyASSIST - ASSIST - Search Pending Case For Add Supporting Document/Search Reference No' is clicked on

2018-12-14 10:22:18 - [MESSAGE][PASSED] - Object: 'Object Repository/Final Object Repo/Page_MyASSIST - ASSIST - Search Pending Case For Add Supporting Document/Search Reference No' is clicked on

2018-12-14 10:22:18 - [TEST_STEP][PASSED] - delay: Delayed 2 second(s)

2018-12-14 10:22:20 - [MESSAGE][PASSED] - Delayed 2 second(s)

2018-12-14 10:22:20 - [TEST_STEP][PASSED] - click: Object: 'Object Repository/Final Object Repo/Page_MyASSIST - ASSIST - Search Pending Case For Add Supporting Document/Continue' is clicked on

2018-12-14 10:22:23 - [MESSAGE][PASSED] - Object: 'Object Repository/Final Object Repo/Page_MyASSIST - ASSIST - Search Pending Case For Add Supporting Document/Continue' is clicked on

2018-12-14 10:22:23 - [TEST_STEP][PASSED] - delay: Delayed 20 second(s)

2018-12-14 10:22:43 - [MESSAGE][PASSED] - Delayed 20 second(s)

2018-12-14 10:22:43 - [MESSAGE][PASSED] - Call Test Case 'Test Cases/Final Aug 2018 - PKS Automation/Registration Module/Workflow/Login and Search Case For Workflow' successfully

2018-12-14 10:22:43 - [TEST_STEP][PASSED] - click: Object: 'Object Repository/Final Object Repo/Page_Form 1A - Cessation As Employer/Page_Form 1A - Cessation As Employer (Approve)/Save  Continue in Form 1A Page' is clicked on

2018-12-14 10:22:44 - [MESSAGE][PASSED] - Object: 'Object Repository/Final Object Repo/Page_Form 1A - Cessation As Employer/Page_Form 1A - Cessation As Employer (Approve)/Save  Continue in Form 1A Page' is clicked on

2018-12-14 10:22:44 - [TEST_STEP][PASSED] - delay: Delayed 2 second(s)

2018-12-14 10:22:46 - [MESSAGE][PASSED] - Delayed 2 second(s)

2018-12-14 10:22:46 - [TEST_STEP][PASSED] - click: Object: 'Object Repository/Final Object Repo/Page_Form 1A - Cessation As Employer/Employment Resign Date' is clicked on

2018-12-14 10:22:46 - [MESSAGE][PASSED] - Object: 'Object Repository/Final Object Repo/Page_Form 1A - Cessation As Employer/Employment Resign Date' is clicked on

2018-12-14 10:22:46 - [TEST_STEP][PASSED] - delay: Delayed 1 second(s)

2018-12-14 10:22:47 - [MESSAGE][PASSED] - Delayed 1 second(s)

2018-12-14 10:22:47 - [TEST_STEP][PASSED] - selectOptionByValue: All options with value '2030' are selected in object 'Object Repository/Final Object Repo/Page_Form 1A - Cessation As Employer/Employment Resign Date - Year' 

2018-12-14 10:22:47 - [MESSAGE][PASSED] - All options with value '2030' are selected in object 'Object Repository/Final Object Repo/Page_Form 1A - Cessation As Employer/Employment Resign Date - Year' 

2018-12-14 10:22:47 - [TEST_STEP][PASSED] - delay: Delayed 1 second(s)

2018-12-14 10:22:48 - [MESSAGE][PASSED] - Delayed 1 second(s)

2018-12-14 10:22:48 - [TEST_STEP][PASSED] - click: Object: 'Object Repository/Final Object Repo/Page_Form 1A - Cessation As Employer/Employment Resign Date - Year - Date' is clicked on

2018-12-14 10:22:48 - [MESSAGE][PASSED] - Object: 'Object Repository/Final Object Repo/Page_Form 1A - Cessation As Employer/Employment Resign Date - Year - Date' is clicked on

2018-12-14 10:22:48 - [TEST_STEP][PASSED] - delay: Delayed 2 second(s)

2018-12-14 10:22:50 - [MESSAGE][PASSED] - Delayed 2 second(s)

2018-12-14 10:22:50 - [TEST_STEP][PASSED] - click: Object: 'Object Repository/Final Object Repo/Page_Form 1A - Cessation As Employer/Page_Form 1A - Cessation As Employer (Approve)/Save  Continue in Update Add Employee Resigned Date Page' is clicked on

2018-12-14 10:22:50 - [MESSAGE][PASSED] - Object: 'Object Repository/Final Object Repo/Page_Form 1A - Cessation As Employer/Page_Form 1A - Cessation As Employer (Approve)/Save  Continue in Update Add Employee Resigned Date Page' is clicked on

2018-12-14 10:22:50 - [TEST_STEP][PASSED] - delay: Delayed 2 second(s)

2018-12-14 10:22:52 - [MESSAGE][PASSED] - Delayed 2 second(s)

2018-12-14 10:22:52 - [TEST_STEP][PASSED] - click: Object: 'Object Repository/Final Object Repo/Page_Form 1A - Cessation As Employer/Set Latest - Yes' is clicked on

2018-12-14 10:22:53 - [MESSAGE][PASSED] - Object: 'Object Repository/Final Object Repo/Page_Form 1A - Cessation As Employer/Set Latest - Yes' is clicked on

2018-12-14 10:22:53 - [TEST_STEP][PASSED] - delay: Delayed 2 second(s)

2018-12-14 10:22:55 - [MESSAGE][PASSED] - Delayed 2 second(s)

2018-12-14 10:22:55 - [TEST_STEP][PASSED] - click: Object: 'Object Repository/Final Object Repo/Page_Form 1A - Cessation As Employer/Page_Form 1A - Cessation As Employer (Approve)/Save  Contine in Uploading Document Page' is clicked on

2018-12-14 10:22:56 - [MESSAGE][PASSED] - Object: 'Object Repository/Final Object Repo/Page_Form 1A - Cessation As Employer/Page_Form 1A - Cessation As Employer (Approve)/Save  Contine in Uploading Document Page' is clicked on

2018-12-14 10:22:56 - [TEST_STEP][PASSED] - delay: Delayed 2 second(s)

2018-12-14 10:22:58 - [MESSAGE][PASSED] - Delayed 2 second(s)

2018-12-14 10:22:58 - [TEST_STEP][PASSED] - click: Object: 'Object Repository/Final Object Repo/Page_Form 1A - Cessation As Employer/Page_Form 1A - Cessation As Employer (Under enforcement)/Under enforcement' is clicked on

2018-12-14 10:23:01 - [MESSAGE][PASSED] - Object: 'Object Repository/Final Object Repo/Page_Form 1A - Cessation As Employer/Page_Form 1A - Cessation As Employer (Under enforcement)/Under enforcement' is clicked on

2018-12-14 10:23:01 - [TEST_STEP][PASSED] - delay: Delayed 2 second(s)

2018-12-14 10:23:03 - [MESSAGE][PASSED] - Delayed 2 second(s)

2018-12-14 10:23:03 - [TEST_STEP][PASSED] - setText: Text 'remark' is set on object 'Object Repository/Final Object Repo/Page_Form 1A - Cessation As Employer/Page_Form 1A - Cessation As Employer (Under enforcement)/Under enforcement - remark'

2018-12-14 10:23:03 - [MESSAGE][PASSED] - Text 'remark' is set on object 'Object Repository/Final Object Repo/Page_Form 1A - Cessation As Employer/Page_Form 1A - Cessation As Employer (Under enforcement)/Under enforcement - remark'

2018-12-14 10:23:03 - [TEST_STEP][PASSED] - delay: Delayed 2 second(s)

2018-12-14 10:23:05 - [MESSAGE][PASSED] - Delayed 2 second(s)

2018-12-14 10:23:05 - [TEST_STEP][PASSED] - click: Object: 'Object Repository/Final Object Repo/Page_Form 1A - Cessation As Employer/Page_Form 1A - Cessation As Employer (Under enforcement)/Save  Continue in Under enforcement Page' is clicked on

2018-12-14 10:23:05 - [MESSAGE][PASSED] - Object: 'Object Repository/Final Object Repo/Page_Form 1A - Cessation As Employer/Page_Form 1A - Cessation As Employer (Under enforcement)/Save  Continue in Under enforcement Page' is clicked on

2018-12-14 10:23:05 - [TEST_STEP][PASSED] - delay: Delayed 2 second(s)

2018-12-14 10:23:07 - [MESSAGE][PASSED] - Delayed 2 second(s)

2018-12-14 10:23:07 - [TEST_STEP][PASSED] - click: Object: 'Object Repository/Final Object Repo/Page_Form 1A - Cessation As Employer/Page_Form 1A - Cessation As Employer (Under enforcement)/Message The case is under enforcement' is clicked on

2018-12-14 10:23:09 - [MESSAGE][PASSED] - Object: 'Object Repository/Final Object Repo/Page_Form 1A - Cessation As Employer/Page_Form 1A - Cessation As Employer (Under enforcement)/Message The case is under enforcement' is clicked on

2018-12-14 10:23:09 - [MESSAGE][PASSED] - Call Test Case 'Test Cases/Final Aug 2018 - PKS Automation/Registration Module/Workflow/Form 1A - Cessation As Employer/Template/Form 1 A - Cessation As Employer (Under enforcement)' successfully]]></system-out>
         <system-err><![CDATA[]]></system-err>
      </testcase>
      <testcase name="Test Cases/Final Aug 2018 - PKS Automation/Registration Module/Workflow/Form 1A - Cessation As Employer/OTC to UO (Approve)" classname="Test Cases/Final Aug 2018 - PKS Automation/Registration Module/Workflow/Form 1A - Cessation As Employer/OTC to UO (Approve)" status="PASSED">
         <system-out><![CDATA[2018-12-14 10:23:09 - [TEST_CASE][PASSED] - Test Cases/Final Aug 2018 - PKS Automation/Registration Module/Workflow/Form 1A - Cessation As Employer/OTC to UO (Approve): Test Cases/Final Aug 2018 - PKS Automation/Registration Module/Workflow/Form 1A - Cessation As Employer/OTC to UO (Approve)

2018-12-14 10:23:10 - [TEST_STEP][PASSED] - callTestCase: Call Test Case 'Test Cases/Final Aug 2018 - PKS Automation/Registration Module/Workflow/Form 1A - Cessation As Employer/Template/Form 1 A - Cessation As Employer (OTC)' successfully

2018-12-14 10:23:10 - [TEST_CASE][PASSED] - Test Cases/Final Aug 2018 - PKS Automation/Registration Module/Workflow/Form 1A - Cessation As Employer/Template/Form 1 A - Cessation As Employer (OTC): Test Cases/Final Aug 2018 - PKS Automation/Registration Module/Workflow/Form 1A - Cessation As Employer/Template/Form 1 A - Cessation As Employer (OTC)

2018-12-14 10:23:10 - [TEST_STEP][PASSED] - openBrowser: Browser is opened with url: ''

2018-12-14 10:23:10 - [MESSAGE][WARNING] - A browser is already opened. Closing browser and opening a new one

2018-12-14 10:23:17 - [MESSAGE][PASSED] - Browser is opened with url: ''

2018-12-14 10:23:17 - [TEST_STEP][PASSED] - navigateToUrl: Navigate to 'https://assist2-uat.perkeso.gov.my/login' successfully

2018-12-14 10:23:19 - [MESSAGE][PASSED] - Navigate to 'https://assist2-uat.perkeso.gov.my/login' successfully

2018-12-14 10:23:19 - [TEST_STEP][PASSED] - setText: Text 'johorotc1@gmail.com' is set on object 'Object Repository/Final Object Repo/Login Page/Internal User/Email Address'

2018-12-14 10:23:19 - [MESSAGE][PASSED] - Text 'johorotc1@gmail.com' is set on object 'Object Repository/Final Object Repo/Login Page/Internal User/Email Address'

2018-12-14 10:23:19 - [TEST_STEP][PASSED] - click: Object: 'Object Repository/Final Object Repo/Login Page/Internal User/Next Button' is clicked on

2018-12-14 10:23:19 - [MESSAGE][PASSED] - Object: 'Object Repository/Final Object Repo/Login Page/Internal User/Next Button' is clicked on

2018-12-14 10:23:19 - [TEST_STEP][PASSED] - delay: Delayed 1 second(s)

2018-12-14 10:23:20 - [MESSAGE][PASSED] - Delayed 1 second(s)

2018-12-14 10:23:20 - [TEST_STEP][PASSED] - setEncryptedText: Text ****** has been set on object 'Object Repository/Final Object Repo/Login Page/Internal User/Password'

2018-12-14 10:23:21 - [MESSAGE][PASSED] - Text ****** has been set on object 'Object Repository/Final Object Repo/Login Page/Internal User/Password'

2018-12-14 10:23:21 - [TEST_STEP][PASSED] - click: Object: 'Object Repository/Final Object Repo/Login Page/Internal User/Login Button' is clicked on

2018-12-14 10:23:21 - [MESSAGE][PASSED] - Object: 'Object Repository/Final Object Repo/Login Page/Internal User/Login Button' is clicked on

2018-12-14 10:23:21 - [TEST_STEP][PASSED] - delay: Delayed 1 second(s)

2018-12-14 10:23:22 - [MESSAGE][PASSED] - Delayed 1 second(s)

2018-12-14 10:23:22 - [TEST_STEP][PASSED] - Statement - Try: Delayed 2 second(s)

2018-12-14 10:23:22 - [TEST_STEP][PASSED] - Statement - Checker = false: null

2018-12-14 10:23:22 - [TEST_STEP][PASSED] - Statement - Checker = com.kms.katalon.core.webui.keyword.WebUiBuiltInKeywords.verifyElementHasAttribute(com.kms.katalon.core.testobject.ObjectRepository.findTestObject(Final Object Repo/Landing Page/BM Detecting), "href", 20, OPTIONAL): Object 'Object Repository/Final Object Repo/Landing Page/BM Detecting' has attribute 'href'

2018-12-14 10:23:24 - [MESSAGE][PASSED] - Object 'Object Repository/Final Object Repo/Landing Page/BM Detecting' has attribute 'href'

2018-12-14 10:23:24 - [TEST_STEP][PASSED] - Statement - out.println(Checker): null

2018-12-14 10:23:24 - [TEST_STEP][PASSED] - Statement - If (Checker == false): null

2018-12-14 10:23:24 - [TEST_STEP][PASSED] - Statement - Else: null

2018-12-14 10:23:24 - [TEST_STEP][PASSED] - delay: Delayed 2 second(s)

2018-12-14 10:23:26 - [MESSAGE][PASSED] - Delayed 2 second(s)

2018-12-14 10:23:26 - [TEST_STEP][PASSED] - navigateToUrl: Navigate to 'https://assist2-uat.perkeso.gov.my/web/registration/update/form-1a-cessation-as-employer-discontinue-business-' successfully

2018-12-14 10:23:27 - [MESSAGE][PASSED] - Navigate to 'https://assist2-uat.perkeso.gov.my/web/registration/update/form-1a-cessation-as-employer-discontinue-business-' successfully

2018-12-14 10:23:27 - [TEST_STEP][PASSED] - setText: Text 'E1102069770Z' is set on object 'Object Repository/Final Object Repo/Page_Update Employer Information/Employer Code'

2018-12-14 10:23:27 - [MESSAGE][PASSED] - Text 'E1102069770Z' is set on object 'Object Repository/Final Object Repo/Page_Update Employer Information/Employer Code'

2018-12-14 10:23:27 - [TEST_STEP][PASSED] - click: Object: 'Object Repository/Final Object Repo/Page_Update Employer Information/Search Button' is clicked on

2018-12-14 10:23:28 - [MESSAGE][PASSED] - Object: 'Object Repository/Final Object Repo/Page_Update Employer Information/Search Button' is clicked on

2018-12-14 10:23:28 - [TEST_STEP][PASSED] - click: Object: 'Object Repository/Final Object Repo/Page_Update Employer Information/Edit Button' is clicked on

2018-12-14 10:23:31 - [MESSAGE][PASSED] - Object: 'Object Repository/Final Object Repo/Page_Update Employer Information/Edit Button' is clicked on

2018-12-14 10:23:31 - [TEST_STEP][PASSED] - Statement - abc = com.kms.katalon.core.webui.keyword.WebUiBuiltInKeywords.getAttribute(com.kms.katalon.core.testobject.ObjectRepository.findTestObject(Final Object Repo/Page_Form 1A - Cessation As Employer/Employer Status), "value"): Attribute 'value' of object 'Object Repository/Final Object Repo/Page_Form 1A - Cessation As Employer/Employer Status' is: 'Dormant'

2018-12-14 10:23:31 - [MESSAGE][PASSED] - Attribute 'value' of object 'Object Repository/Final Object Repo/Page_Form 1A - Cessation As Employer/Employer Status' is: 'Dormant'

2018-12-14 10:23:31 - [TEST_STEP][PASSED] - Statement - out.println(abc): null

2018-12-14 10:23:31 - [TEST_STEP][PASSED] - Statement - If (abc == "Active"): null

2018-12-14 10:23:31 - [TEST_STEP][PASSED] - Statement - Else If (abc == "Cancel"): null

2018-12-14 10:23:31 - [TEST_STEP][PASSED] - Statement - Else If (abc == "Dormant"): Object: 'Object Repository/Final Object Repo/Page_Form 1A - Cessation As Employer/Change Employer Status to - Dormant' is clicked on

2018-12-14 10:23:31 - [TEST_STEP][PASSED] - click: Object: 'Object Repository/Final Object Repo/Page_Form 1A - Cessation As Employer/Change Employer Status to' is clicked on

2018-12-14 10:23:31 - [MESSAGE][PASSED] - Object: 'Object Repository/Final Object Repo/Page_Form 1A - Cessation As Employer/Change Employer Status to' is clicked on

2018-12-14 10:23:31 - [TEST_STEP][PASSED] - click: Object: 'Object Repository/Final Object Repo/Page_Form 1A - Cessation As Employer/Change Employer Status to - Dormant' is clicked on

2018-12-14 10:23:32 - [MESSAGE][PASSED] - Object: 'Object Repository/Final Object Repo/Page_Form 1A - Cessation As Employer/Change Employer Status to - Dormant' is clicked on

2018-12-14 10:23:32 - [TEST_STEP][PASSED] - click: Object: 'Object Repository/Final Object Repo/Page_Form 1A - Cessation As Employer/Calender' is clicked on

2018-12-14 10:23:32 - [MESSAGE][PASSED] - Object: 'Object Repository/Final Object Repo/Page_Form 1A - Cessation As Employer/Calender' is clicked on

2018-12-14 10:23:32 - [TEST_STEP][PASSED] - click: Object: 'Object Repository/Final Object Repo/Page_Form 1A - Cessation As Employer/Calender - Date' is clicked on

2018-12-14 10:23:32 - [MESSAGE][PASSED] - Object: 'Object Repository/Final Object Repo/Page_Form 1A - Cessation As Employer/Calender - Date' is clicked on

2018-12-14 10:23:32 - [TEST_STEP][PASSED] - delay: Delayed 2 second(s)

2018-12-14 10:23:34 - [MESSAGE][PASSED] - Delayed 2 second(s)

2018-12-14 10:23:34 - [TEST_STEP][PASSED] - click: Object: 'Object Repository/Final Object Repo/Page_Form 1A - Cessation As Employer/Save  Continue in Form 1A Page' is clicked on

2018-12-14 10:23:35 - [MESSAGE][PASSED] - Object: 'Object Repository/Final Object Repo/Page_Form 1A - Cessation As Employer/Save  Continue in Form 1A Page' is clicked on

2018-12-14 10:23:35 - [TEST_STEP][PASSED] - delay: Delayed 2 second(s)

2018-12-14 10:23:37 - [MESSAGE][PASSED] - Delayed 2 second(s)

2018-12-14 10:23:37 - [TEST_STEP][PASSED] - click: Object: 'Object Repository/Final Object Repo/Page_Form 1A - Cessation As Employer/Employment Resign Date' is clicked on

2018-12-14 10:23:37 - [MESSAGE][PASSED] - Object: 'Object Repository/Final Object Repo/Page_Form 1A - Cessation As Employer/Employment Resign Date' is clicked on

2018-12-14 10:23:37 - [TEST_STEP][PASSED] - delay: Delayed 1 second(s)

2018-12-14 10:23:38 - [MESSAGE][PASSED] - Delayed 1 second(s)

2018-12-14 10:23:38 - [TEST_STEP][PASSED] - Statement - CaseReferenceNo = com.kms.katalon.core.webui.keyword.WebUiBuiltInKeywords.getText(com.kms.katalon.core.testobject.ObjectRepository.findTestObject(Final Object Repo/Page_Update Employer Information/Reference Number in Update Employee Information Page)): Text of object 'Object Repository/Final Object Repo/Page_Update Employer Information/Reference Number in Update Employee Information Page' is: 'CUN122018C200001755'

2018-12-14 10:23:39 - [MESSAGE][PASSED] - Text of object 'Object Repository/Final Object Repo/Page_Update Employer Information/Reference Number in Update Employee Information Page' is: 'CUN122018C200001755'

2018-12-14 10:23:39 - [TEST_STEP][PASSED] - callTestCase: Call Test Case 'Test Cases/Final Aug 2018 - PKS Automation/Common/Reference Number Setter' successfully

2018-12-14 10:23:39 - [TEST_CASE][PASSED] - Test Cases/Final Aug 2018 - PKS Automation/Common/Reference Number Setter: Test Cases/Final Aug 2018 - PKS Automation/Common/Reference Number Setter

2018-12-14 10:23:39 - [TEST_STEP][PASSED] - Statement - RefNoOldFile = new java.io.File(C://Users//Admin//Desktop//PKS//Automation Reference Point//KatalonReference.txt): null

2018-12-14 10:23:39 - [TEST_STEP][PASSED] - Statement - RefNoOldFile.delete(): null

2018-12-14 10:23:39 - [TEST_STEP][PASSED] - delay: Delayed 5 second(s)

2018-12-14 10:23:44 - [MESSAGE][PASSED] - Delayed 5 second(s)

2018-12-14 10:23:44 - [TEST_STEP][PASSED] - Statement - RefNo = new java.io.File(C://Users//Admin//Desktop//PKS//Automation Reference Point//KatalonReference.txt): null

2018-12-14 10:23:44 - [TEST_STEP][PASSED] - Statement - f2 = new java.io.FileWriter(RefNo, false): null

2018-12-14 10:23:44 - [TEST_STEP][PASSED] - Statement - f2.write(CaseReferenceNo): null

2018-12-14 10:23:44 - [TEST_STEP][PASSED] - Statement - f2.close(): null

2018-12-14 10:23:44 - [TEST_STEP][PASSED] - Statement - out.println("


" + CaseReferenceNo + "


"): null

2018-12-14 10:23:44 - [MESSAGE][PASSED] - Call Test Case 'Test Cases/Final Aug 2018 - PKS Automation/Common/Reference Number Setter' successfully

2018-12-14 10:23:44 - [TEST_STEP][PASSED] - selectOptionByValue: All options with value '2030' are selected in object 'Object Repository/Final Object Repo/Page_Form 1A - Cessation As Employer/Employment Resign Date - Year' 

2018-12-14 10:23:45 - [MESSAGE][PASSED] - All options with value '2030' are selected in object 'Object Repository/Final Object Repo/Page_Form 1A - Cessation As Employer/Employment Resign Date - Year' 

2018-12-14 10:23:45 - [TEST_STEP][PASSED] - delay: Delayed 1 second(s)

2018-12-14 10:23:46 - [MESSAGE][PASSED] - Delayed 1 second(s)

2018-12-14 10:23:46 - [TEST_STEP][PASSED] - click: Object: 'Object Repository/Final Object Repo/Page_Form 1A - Cessation As Employer/Employment Resign Date - Year - Date' is clicked on

2018-12-14 10:23:46 - [MESSAGE][PASSED] - Object: 'Object Repository/Final Object Repo/Page_Form 1A - Cessation As Employer/Employment Resign Date - Year - Date' is clicked on

2018-12-14 10:23:46 - [TEST_STEP][PASSED] - delay: Delayed 2 second(s)

2018-12-14 10:23:48 - [MESSAGE][PASSED] - Delayed 2 second(s)

2018-12-14 10:23:48 - [TEST_STEP][PASSED] - click: Object: 'Object Repository/Final Object Repo/Page_Form 1A - Cessation As Employer/Save  Continue in Update Add Employee Resigned Date Page' is clicked on

2018-12-14 10:23:48 - [MESSAGE][PASSED] - Object: 'Object Repository/Final Object Repo/Page_Form 1A - Cessation As Employer/Save  Continue in Update Add Employee Resigned Date Page' is clicked on

2018-12-14 10:23:48 - [TEST_STEP][PASSED] - delay: Delayed 2 second(s)

2018-12-14 10:23:50 - [MESSAGE][PASSED] - Delayed 2 second(s)

2018-12-14 10:23:50 - [TEST_STEP][PASSED] - click: Object: 'Object Repository/Final Object Repo/Page_Form 1A - Cessation As Employer/Set Latest - Yes' is clicked on

2018-12-14 10:23:50 - [MESSAGE][PASSED] - Object: 'Object Repository/Final Object Repo/Page_Form 1A - Cessation As Employer/Set Latest - Yes' is clicked on

2018-12-14 10:23:50 - [TEST_STEP][PASSED] - delay: Delayed 2 second(s)

2018-12-14 10:23:52 - [MESSAGE][PASSED] - Delayed 2 second(s)

2018-12-14 10:23:52 - [TEST_STEP][PASSED] - click: Object: 'Object Repository/Final Object Repo/Page_Form 1A - Cessation As Employer/Add Document' is clicked on

2018-12-14 10:23:53 - [MESSAGE][PASSED] - Object: 'Object Repository/Final Object Repo/Page_Form 1A - Cessation As Employer/Add Document' is clicked on

2018-12-14 10:23:53 - [TEST_STEP][PASSED] - delay: Delayed 2 second(s)

2018-12-14 10:23:55 - [MESSAGE][PASSED] - Delayed 2 second(s)

2018-12-14 10:23:55 - [TEST_STEP][PASSED] - click: Object: 'Object Repository/Final Object Repo/Page_Form 1A - Cessation As Employer/Document Type' is clicked on

2018-12-14 10:23:59 - [MESSAGE][PASSED] - Object: 'Object Repository/Final Object Repo/Page_Form 1A - Cessation As Employer/Document Type' is clicked on

2018-12-14 10:23:59 - [TEST_STEP][PASSED] - delay: Delayed 2 second(s)

2018-12-14 10:24:01 - [MESSAGE][PASSED] - Delayed 2 second(s)

2018-12-14 10:24:01 - [TEST_STEP][PASSED] - click: Object: 'Object Repository/Final Object Repo/Page_Form 1A - Cessation As Employer/Document Type - Supporting Document For Cessation' is clicked on

2018-12-14 10:24:01 - [MESSAGE][PASSED] - Object: 'Object Repository/Final Object Repo/Page_Form 1A - Cessation As Employer/Document Type - Supporting Document For Cessation' is clicked on

2018-12-14 10:24:01 - [TEST_STEP][PASSED] - delay: Delayed 2 second(s)

2018-12-14 10:24:03 - [MESSAGE][PASSED] - Delayed 2 second(s)

2018-12-14 10:24:03 - [TEST_STEP][PASSED] - sendKeys: Keys 'C:\Users\Public\Pictures\Sample Pictures\Koala.jpg' sent to object: 'Object Repository/Final Object Repo/Page_Form 1A - Cessation As Employer/Uploading File'

2018-12-14 10:24:03 - [MESSAGE][PASSED] - Keys 'C:\Users\Public\Pictures\Sample Pictures\Koala.jpg' sent to object: 'Object Repository/Final Object Repo/Page_Form 1A - Cessation As Employer/Uploading File'

2018-12-14 10:24:03 - [TEST_STEP][PASSED] - delay: Delayed 2 second(s)

2018-12-14 10:24:05 - [MESSAGE][PASSED] - Delayed 2 second(s)

2018-12-14 10:24:05 - [TEST_STEP][PASSED] - click: Object: 'Object Repository/Final Object Repo/Page_Form 1A - Cessation As Employer/Add Document in Uploading Page' is clicked on

2018-12-14 10:24:06 - [MESSAGE][PASSED] - Object: 'Object Repository/Final Object Repo/Page_Form 1A - Cessation As Employer/Add Document in Uploading Page' is clicked on

2018-12-14 10:24:06 - [TEST_STEP][PASSED] - delay: Delayed 20 second(s)

2018-12-14 10:24:26 - [MESSAGE][PASSED] - Delayed 20 second(s)

2018-12-14 10:24:26 - [TEST_STEP][PASSED] - click: Object: 'Object Repository/Final Object Repo/Page_Form 1A - Cessation As Employer/Save  Continue in Uploading Page' is clicked on

2018-12-14 10:24:26 - [MESSAGE][PASSED] - Object: 'Object Repository/Final Object Repo/Page_Form 1A - Cessation As Employer/Save  Continue in Uploading Page' is clicked on

2018-12-14 10:24:26 - [TEST_STEP][PASSED] - delay: Delayed 2 second(s)

2018-12-14 10:24:28 - [MESSAGE][PASSED] - Delayed 2 second(s)

2018-12-14 10:24:28 - [TEST_STEP][PASSED] - click: Object: 'Object Repository/Final Object Repo/Page_Form 1A - Cessation As Employer/Submit2' is clicked on

2018-12-14 10:24:31 - [MESSAGE][PASSED] - Object: 'Object Repository/Final Object Repo/Page_Form 1A - Cessation As Employer/Submit2' is clicked on

2018-12-14 10:24:31 - [TEST_STEP][PASSED] - delay: Delayed 2 second(s)

2018-12-14 10:24:33 - [MESSAGE][PASSED] - Delayed 2 second(s)

2018-12-14 10:24:33 - [TEST_STEP][PASSED] - click: Object: 'Object Repository/Final Object Repo/Page_Form 1A - Cessation As Employer/Confirm' is clicked on

2018-12-14 10:24:33 - [MESSAGE][PASSED] - Object: 'Object Repository/Final Object Repo/Page_Form 1A - Cessation As Employer/Confirm' is clicked on

2018-12-14 10:24:33 - [TEST_STEP][PASSED] - delay: Delayed 2 second(s)

2018-12-14 10:24:35 - [MESSAGE][PASSED] - Delayed 2 second(s)

2018-12-14 10:24:35 - [TEST_STEP][PASSED] - verifyElementVisible: Object 'Object Repository/Final Object Repo/Page_Form 1A - Cessation As Employer/Message Your Request will be routed to UO' is visible

2018-12-14 10:24:39 - [MESSAGE][PASSED] - Object 'Object Repository/Final Object Repo/Page_Form 1A - Cessation As Employer/Message Your Request will be routed to UO' is visible

2018-12-14 10:24:39 - [TEST_STEP][PASSED] - delay: Delayed 1 second(s)

2018-12-14 10:24:40 - [MESSAGE][PASSED] - Delayed 1 second(s)

2018-12-14 10:24:40 - [TEST_STEP][PASSED] - verifyElementVisible: Object 'Object Repository/Final Object Repo/Page_Form 1A - Cessation As Employer/Letter of acknowledgement' is visible

2018-12-14 10:24:40 - [MESSAGE][PASSED] - Object 'Object Repository/Final Object Repo/Page_Form 1A - Cessation As Employer/Letter of acknowledgement' is visible

2018-12-14 10:24:40 - [MESSAGE][PASSED] - Call Test Case 'Test Cases/Final Aug 2018 - PKS Automation/Registration Module/Workflow/Form 1A - Cessation As Employer/Template/Form 1 A - Cessation As Employer (OTC)' successfully

2018-12-14 10:24:40 - [TEST_STEP][PASSED] - callTestCase: Call Test Case 'Test Cases/Final Aug 2018 - PKS Automation/Registration Module/Workflow/Form 1A - Cessation As Employer/Template/Form 1 A - Cessation As Employer (Approve)' successfully

2018-12-14 10:24:40 - [TEST_CASE][PASSED] - Test Cases/Final Aug 2018 - PKS Automation/Registration Module/Workflow/Form 1A - Cessation As Employer/Template/Form 1 A - Cessation As Employer (Approve): Test Cases/Final Aug 2018 - PKS Automation/Registration Module/Workflow/Form 1A - Cessation As Employer/Template/Form 1 A - Cessation As Employer (Approve)

2018-12-14 10:24:40 - [TEST_STEP][NOT_RUN] - callTestCase: NOT_RUN: callTestCase

2018-12-14 10:24:40 - [MESSAGE][NOT_RUN] - NOT_RUN: callTestCase

2018-12-14 10:24:40 - [TEST_STEP][PASSED] - delay: Delayed 1 second(s)

2018-12-14 10:24:41 - [MESSAGE][PASSED] - Delayed 1 second(s)

2018-12-14 10:24:41 - [TEST_STEP][PASSED] - navigateToUrl: Navigate to 'https://assist2-uat.perkeso.gov.my/c/portal/logout' successfully

2018-12-14 10:24:42 - [MESSAGE][PASSED] - Navigate to 'https://assist2-uat.perkeso.gov.my/c/portal/logout' successfully

2018-12-14 10:24:42 - [TEST_STEP][PASSED] - delay: Delayed 1 second(s)

2018-12-14 10:24:43 - [MESSAGE][PASSED] - Delayed 1 second(s)

2018-12-14 10:24:43 - [TEST_STEP][PASSED] - callTestCase: Call Test Case 'Test Cases/Final Aug 2018 - PKS Automation/Common/Reference Number Getter' successfully

2018-12-14 10:24:43 - [TEST_CASE][PASSED] - Test Cases/Final Aug 2018 - PKS Automation/Common/Reference Number Getter: Test Cases/Final Aug 2018 - PKS Automation/Common/Reference Number Getter

2018-12-14 10:24:43 - [TEST_STEP][PASSED] - Statement - Try: null

2018-12-14 10:24:43 - [TEST_STEP][PASSED] - Statement - RefNo = new java.io.File(C://Users//Admin//Desktop//PKS//Automation Reference Point//KatalonReference.txt): null

2018-12-14 10:24:43 - [TEST_STEP][PASSED] - Statement - bufferread = new java.io.BufferedReader(new java.io.FileReader(RefNo)): null

2018-12-14 10:24:43 - [TEST_STEP][PASSED] - Statement - readedVal = bufferread.readLine(): null

2018-12-14 10:24:43 - [TEST_STEP][PASSED] - Statement - out.println(CaseReferenceNo): null

2018-12-14 10:24:43 - [TEST_STEP][PASSED] - Statement - out.println(readedVal): null

2018-12-14 10:24:43 - [TEST_STEP][PASSED] - Statement - CaseReferenceNo = "": null

2018-12-14 10:24:43 - [TEST_STEP][PASSED] - Statement - CaseReferenceNo = readedVal: null

2018-12-14 10:24:43 - [MESSAGE][PASSED] - Call Test Case 'Test Cases/Final Aug 2018 - PKS Automation/Common/Reference Number Getter' successfully

2018-12-14 10:24:43 - [TEST_STEP][PASSED] - callTestCase: Call Test Case 'Test Cases/Final Aug 2018 - PKS Automation/Common/Workflow Owner Finder' successfully

2018-12-14 10:24:43 - [TEST_CASE][PASSED] - Test Cases/Final Aug 2018 - PKS Automation/Common/Workflow Owner Finder: Test Cases/Final Aug 2018 - PKS Automation/Common/Workflow Owner Finder

2018-12-14 10:24:43 - [TEST_STEP][PASSED] - openBrowser: Browser is opened with url: ''

2018-12-14 10:24:43 - [MESSAGE][WARNING] - A browser is already opened. Closing browser and opening a new one

2018-12-14 10:24:49 - [MESSAGE][PASSED] - Browser is opened with url: ''

2018-12-14 10:24:49 - [TEST_STEP][PASSED] - navigateToUrl: Navigate to 'https://assist2-uat.perkeso.gov.my/login' successfully

2018-12-14 10:24:50 - [MESSAGE][PASSED] - Navigate to 'https://assist2-uat.perkeso.gov.my/login' successfully

2018-12-14 10:24:50 - [TEST_STEP][PASSED] - delay: Delayed 5 second(s)

2018-12-14 10:24:55 - [MESSAGE][PASSED] - Delayed 5 second(s)

2018-12-14 10:24:55 - [TEST_STEP][PASSED] - setText: Text 'test@liferay.com' is set on object 'Object Repository/Final Object Repo/Login Page/Internal User/Email Address'

2018-12-14 10:24:55 - [MESSAGE][PASSED] - Text 'test@liferay.com' is set on object 'Object Repository/Final Object Repo/Login Page/Internal User/Email Address'

2018-12-14 10:24:55 - [TEST_STEP][PASSED] - click: Object: 'Object Repository/Final Object Repo/Login Page/Internal User/Next Button' is clicked on

2018-12-14 10:24:56 - [MESSAGE][PASSED] - Object: 'Object Repository/Final Object Repo/Login Page/Internal User/Next Button' is clicked on

2018-12-14 10:24:56 - [TEST_STEP][PASSED] - delay: Delayed 2 second(s)

2018-12-14 10:24:58 - [MESSAGE][PASSED] - Delayed 2 second(s)

2018-12-14 10:24:58 - [TEST_STEP][PASSED] - setText: Text 'test' is set on object 'Object Repository/Final Object Repo/Login Page/Internal User/Password'

2018-12-14 10:24:58 - [MESSAGE][PASSED] - Text 'test' is set on object 'Object Repository/Final Object Repo/Login Page/Internal User/Password'

2018-12-14 10:24:58 - [TEST_STEP][PASSED] - delay: Delayed 2 second(s)

2018-12-14 10:25:00 - [MESSAGE][PASSED] - Delayed 2 second(s)

2018-12-14 10:25:00 - [TEST_STEP][PASSED] - click: Object: 'Object Repository/Final Object Repo/Login Page/Internal User/Login Button' is clicked on

2018-12-14 10:25:00 - [MESSAGE][PASSED] - Object: 'Object Repository/Final Object Repo/Login Page/Internal User/Login Button' is clicked on

2018-12-14 10:25:00 - [TEST_STEP][PASSED] - Statement - tester = com.kms.katalon.core.testobject.ObjectRepository.findTestObject(Final Object Repo/Landing Page/Select to English): Finding Test Object with id 'Object Repository/Final Object Repo/Landing Page/Select to English'

2018-12-14 10:25:00 - [TEST_STEP][PASSED] - Statement - Try: Delayed 2 second(s)

2018-12-14 10:25:00 - [TEST_STEP][PASSED] - Statement - Checker = com.kms.katalon.core.webui.keyword.WebUiBuiltInKeywords.verifyElementNotPresent(tester, 3): Web element with id: 'Object Repository/Final Object Repo/Landing Page/Select to English' located by 'By.xpath: //a[@class = 'taglib-language-list-text' and @lang = 'en-US' and (contains(text(), 'EN') or contains(., 'EN'))]' is not present after '3' second(s)

2018-12-14 10:25:03 - [MESSAGE][PASSED] - Web element with id: 'Object Repository/Final Object Repo/Landing Page/Select to English' located by 'By.xpath: //a[@class = 'taglib-language-list-text' and @lang = 'en-US' and (contains(text(), 'EN') or contains(., 'EN'))]' is not present after '3' second(s)

2018-12-14 10:25:03 - [TEST_STEP][PASSED] - Statement - If (Checker == false): null

2018-12-14 10:25:03 - [TEST_STEP][PASSED] - delay: Delayed 2 second(s)

2018-12-14 10:25:05 - [MESSAGE][PASSED] - Delayed 2 second(s)

2018-12-14 10:25:05 - [TEST_STEP][PASSED] - delay: Delayed 5 second(s)

2018-12-14 10:25:10 - [MESSAGE][PASSED] - Delayed 5 second(s)

2018-12-14 10:25:10 - [TEST_STEP][PASSED] - mouseOver: Object: 'Object Repository/Final Object Repo/Landing Page/WorkFlow Menu' is hovered

2018-12-14 10:25:10 - [MESSAGE][PASSED] - Object: 'Object Repository/Final Object Repo/Landing Page/WorkFlow Menu' is hovered

2018-12-14 10:25:10 - [TEST_STEP][PASSED] - delay: Delayed 2 second(s)

2018-12-14 10:25:12 - [MESSAGE][PASSED] - Delayed 2 second(s)

2018-12-14 10:25:12 - [TEST_STEP][PASSED] - click: Object: 'Object Repository/Final Object Repo/Landing Page/Select to Workflow Listing' is clicked on

2018-12-14 10:25:13 - [MESSAGE][PASSED] - Object: 'Object Repository/Final Object Repo/Landing Page/Select to Workflow Listing' is clicked on

2018-12-14 10:25:13 - [TEST_STEP][PASSED] - delay: Delayed 2 second(s)

2018-12-14 10:25:15 - [MESSAGE][PASSED] - Delayed 2 second(s)

2018-12-14 10:25:15 - [TEST_STEP][PASSED] - click: Object: 'Object Repository/Final Object Repo/WorkFlow Listing Page/Search Information - To Put Ref No' is clicked on

2018-12-14 10:25:16 - [MESSAGE][PASSED] - Object: 'Object Repository/Final Object Repo/WorkFlow Listing Page/Search Information - To Put Ref No' is clicked on

2018-12-14 10:25:16 - [TEST_STEP][PASSED] - delay: Delayed 2 second(s)

2018-12-14 10:25:18 - [MESSAGE][PASSED] - Delayed 2 second(s)

2018-12-14 10:25:18 - [TEST_STEP][PASSED] - callTestCase: Call Test Case 'Test Cases/Final Aug 2018 - PKS Automation/Common/Reference Number Getter' successfully

2018-12-14 10:25:18 - [TEST_CASE][PASSED] - Test Cases/Final Aug 2018 - PKS Automation/Common/Reference Number Getter: Test Cases/Final Aug 2018 - PKS Automation/Common/Reference Number Getter

2018-12-14 10:25:18 - [TEST_STEP][PASSED] - Statement - Try: null

2018-12-14 10:25:18 - [TEST_STEP][PASSED] - Statement - RefNo = new java.io.File(C://Users//Admin//Desktop//PKS//Automation Reference Point//KatalonReference.txt): null

2018-12-14 10:25:18 - [TEST_STEP][PASSED] - Statement - bufferread = new java.io.BufferedReader(new java.io.FileReader(RefNo)): null

2018-12-14 10:25:18 - [TEST_STEP][PASSED] - Statement - readedVal = bufferread.readLine(): null

2018-12-14 10:25:18 - [TEST_STEP][PASSED] - Statement - out.println(CaseReferenceNo): null

2018-12-14 10:25:18 - [TEST_STEP][PASSED] - Statement - out.println(readedVal): null

2018-12-14 10:25:18 - [TEST_STEP][PASSED] - Statement - CaseReferenceNo = "": null

2018-12-14 10:25:18 - [TEST_STEP][PASSED] - Statement - CaseReferenceNo = readedVal: null

2018-12-14 10:25:18 - [MESSAGE][PASSED] - Call Test Case 'Test Cases/Final Aug 2018 - PKS Automation/Common/Reference Number Getter' successfully

2018-12-14 10:25:18 - [TEST_STEP][PASSED] - setText: Text 'CUN122018C200001755' is set on object 'Object Repository/Final Object Repo/WorkFlow Listing Page/Ref No Set Text'

2018-12-14 10:25:18 - [MESSAGE][PASSED] - Text 'CUN122018C200001755' is set on object 'Object Repository/Final Object Repo/WorkFlow Listing Page/Ref No Set Text'

2018-12-14 10:25:18 - [TEST_STEP][PASSED] - delay: Delayed 2 second(s)

2018-12-14 10:25:20 - [MESSAGE][PASSED] - Delayed 2 second(s)

2018-12-14 10:25:20 - [TEST_STEP][PASSED] - click: Object: 'Object Repository/Final Object Repo/WorkFlow Listing Page/Search Ref No Search Button' is clicked on

2018-12-14 10:25:20 - [MESSAGE][PASSED] - Object: 'Object Repository/Final Object Repo/WorkFlow Listing Page/Search Ref No Search Button' is clicked on

2018-12-14 10:25:20 - [TEST_STEP][PASSED] - delay: Delayed 6 second(s)

2018-12-14 10:25:26 - [MESSAGE][PASSED] - Delayed 6 second(s)

2018-12-14 10:25:26 - [TEST_STEP][PASSED] - click: Object: 'Object Repository/Final Object Repo/WorkFlow Listing Page/Click Continue Tooltip' is clicked on

2018-12-14 10:25:27 - [MESSAGE][PASSED] - Object: 'Object Repository/Final Object Repo/WorkFlow Listing Page/Click Continue Tooltip' is clicked on

2018-12-14 10:25:27 - [TEST_STEP][PASSED] - delay: Delayed 5 second(s)

2018-12-14 10:25:32 - [MESSAGE][PASSED] - Delayed 5 second(s)

2018-12-14 10:25:32 - [TEST_STEP][PASSED] - doubleClick: Object: 'Object Repository/Final Object Repo/WorkFlow Listing Page/Workflow Found - Listing 1' is double clicked on

2018-12-14 10:25:32 - [MESSAGE][PASSED] - Object: 'Object Repository/Final Object Repo/WorkFlow Listing Page/Workflow Found - Listing 1' is double clicked on

2018-12-14 10:25:32 - [TEST_STEP][PASSED] - Statement - println(OwnerID): null

2018-12-14 10:25:32 - [TEST_STEP][PASSED] - Statement - OwnerID = com.kms.katalon.core.webui.keyword.WebUiBuiltInKeywords.getText(com.kms.katalon.core.testobject.ObjectRepository.findTestObject(Final Object Repo/WorkFlow Listing Page/Workflow Found - Listing 1), STOP_ON_FAILURE): Text of object 'Object Repository/Final Object Repo/WorkFlow Listing Page/Workflow Found - Listing 1' is: 'JOHORuo2'

2018-12-14 10:25:32 - [MESSAGE][PASSED] - Text of object 'Object Repository/Final Object Repo/WorkFlow Listing Page/Workflow Found - Listing 1' is: 'JOHORuo2'

2018-12-14 10:25:32 - [TEST_STEP][PASSED] - Statement - OwnerID = OwnerID.toLowerCase() + "@gmail.com": null

2018-12-14 10:25:32 - [TEST_STEP][PASSED] - Statement - println(OwnerID): null

2018-12-14 10:25:32 - [TEST_STEP][PASSED] - delay: Delayed 2 second(s)

2018-12-14 10:25:34 - [MESSAGE][PASSED] - Delayed 2 second(s)

2018-12-14 10:25:34 - [MESSAGE][PASSED] - Call Test Case 'Test Cases/Final Aug 2018 - PKS Automation/Common/Workflow Owner Finder' successfully

2018-12-14 10:25:34 - [TEST_STEP][PASSED] - delay: Delayed 1 second(s)

2018-12-14 10:25:35 - [MESSAGE][PASSED] - Delayed 1 second(s)

2018-12-14 10:25:35 - [TEST_STEP][PASSED] - navigateToUrl: Navigate to 'https://assist2-uat.perkeso.gov.my/c/portal/logout' successfully

2018-12-14 10:25:36 - [MESSAGE][PASSED] - Navigate to 'https://assist2-uat.perkeso.gov.my/c/portal/logout' successfully

2018-12-14 10:25:36 - [TEST_STEP][PASSED] - delay: Delayed 1 second(s)

2018-12-14 10:25:37 - [MESSAGE][PASSED] - Delayed 1 second(s)

2018-12-14 10:25:37 - [TEST_STEP][PASSED] - callTestCase: Call Test Case 'Test Cases/Final Aug 2018 - PKS Automation/Registration Module/Workflow/Login and Search Case For Workflow' successfully

2018-12-14 10:25:37 - [TEST_CASE][PASSED] - Test Cases/Final Aug 2018 - PKS Automation/Registration Module/Workflow/Login and Search Case For Workflow: Test Cases/Final Aug 2018 - PKS Automation/Registration Module/Workflow/Login and Search Case For Workflow

2018-12-14 10:25:37 - [TEST_STEP][PASSED] - navigateToUrl: Navigate to 'https://assist2-uat.perkeso.gov.my/login' successfully

2018-12-14 10:25:38 - [MESSAGE][PASSED] - Navigate to 'https://assist2-uat.perkeso.gov.my/login' successfully

2018-12-14 10:25:38 - [TEST_STEP][PASSED] - setText: Text 'johoruo2@gmail.com' is set on object 'Object Repository/Final Object Repo/Login Page/Internal User/Email Address'

2018-12-14 10:25:38 - [MESSAGE][PASSED] - Text 'johoruo2@gmail.com' is set on object 'Object Repository/Final Object Repo/Login Page/Internal User/Email Address'

2018-12-14 10:25:38 - [TEST_STEP][PASSED] - click: Object: 'Object Repository/Final Object Repo/Login Page/Internal User/Next Button' is clicked on

2018-12-14 10:25:38 - [MESSAGE][PASSED] - Object: 'Object Repository/Final Object Repo/Login Page/Internal User/Next Button' is clicked on

2018-12-14 10:25:38 - [TEST_STEP][PASSED] - delay: Delayed 1 second(s)

2018-12-14 10:25:39 - [MESSAGE][PASSED] - Delayed 1 second(s)

2018-12-14 10:25:39 - [TEST_STEP][PASSED] - setEncryptedText: Text ****** has been set on object 'Object Repository/Final Object Repo/Login Page/Internal User/Password'

2018-12-14 10:25:41 - [MESSAGE][PASSED] - Text ****** has been set on object 'Object Repository/Final Object Repo/Login Page/Internal User/Password'

2018-12-14 10:25:41 - [TEST_STEP][PASSED] - click: Object: 'Object Repository/Final Object Repo/Login Page/Internal User/Login Button' is clicked on

2018-12-14 10:25:41 - [MESSAGE][PASSED] - Object: 'Object Repository/Final Object Repo/Login Page/Internal User/Login Button' is clicked on

2018-12-14 10:25:41 - [TEST_STEP][PASSED] - delay: Delayed 2 second(s)

2018-12-14 10:25:43 - [MESSAGE][PASSED] - Delayed 2 second(s)

2018-12-14 10:25:43 - [TEST_STEP][PASSED] - Statement - Try: Delayed 2 second(s)

2018-12-14 10:25:43 - [TEST_STEP][PASSED] - Statement - Checker = false: null

2018-12-14 10:25:43 - [TEST_STEP][PASSED] - Statement - Checker = com.kms.katalon.core.webui.keyword.WebUiBuiltInKeywords.verifyElementHasAttribute(com.kms.katalon.core.testobject.ObjectRepository.findTestObject(Final Object Repo/Landing Page/BM Detecting), "href", 20, OPTIONAL): Object 'Object Repository/Final Object Repo/Landing Page/BM Detecting' has attribute 'href'

2018-12-14 10:25:43 - [MESSAGE][PASSED] - Object 'Object Repository/Final Object Repo/Landing Page/BM Detecting' has attribute 'href'

2018-12-14 10:25:43 - [TEST_STEP][PASSED] - Statement - out.println(Checker): null

2018-12-14 10:25:43 - [TEST_STEP][PASSED] - Statement - If (Checker == false): null

2018-12-14 10:25:43 - [TEST_STEP][PASSED] - Statement - Else: null

2018-12-14 10:25:43 - [TEST_STEP][PASSED] - delay: Delayed 2 second(s)

2018-12-14 10:25:45 - [MESSAGE][PASSED] - Delayed 2 second(s)

2018-12-14 10:25:45 - [TEST_STEP][PASSED] - click: Object: 'Object Repository/Final Object Repo/Page_MyASSIST - ASSIST - Search Pending Case For Add Supporting Document/Search Information' is clicked on

2018-12-14 10:25:45 - [MESSAGE][PASSED] - Object: 'Object Repository/Final Object Repo/Page_MyASSIST - ASSIST - Search Pending Case For Add Supporting Document/Search Information' is clicked on

2018-12-14 10:25:45 - [TEST_STEP][PASSED] - delay: Delayed 3 second(s)

2018-12-14 10:25:48 - [MESSAGE][PASSED] - Delayed 3 second(s)

2018-12-14 10:25:48 - [TEST_STEP][PASSED] - sendKeys: Keys 'CUN122018C200001755' sent to object: 'Object Repository/Final Object Repo/Page_MyASSIST - ASSIST - Search Pending Case For Add Supporting Document/Reference No'

2018-12-14 10:25:48 - [MESSAGE][PASSED] - Keys 'CUN122018C200001755' sent to object: 'Object Repository/Final Object Repo/Page_MyASSIST - ASSIST - Search Pending Case For Add Supporting Document/Reference No'

2018-12-14 10:25:48 - [TEST_STEP][PASSED] - click: Object: 'Object Repository/Final Object Repo/Page_MyASSIST - ASSIST - Search Pending Case For Add Supporting Document/Search Reference No' is clicked on

2018-12-14 10:25:48 - [MESSAGE][PASSED] - Object: 'Object Repository/Final Object Repo/Page_MyASSIST - ASSIST - Search Pending Case For Add Supporting Document/Search Reference No' is clicked on

2018-12-14 10:25:48 - [TEST_STEP][PASSED] - delay: Delayed 2 second(s)

2018-12-14 10:25:50 - [MESSAGE][PASSED] - Delayed 2 second(s)

2018-12-14 10:25:50 - [TEST_STEP][PASSED] - click: Object: 'Object Repository/Final Object Repo/Page_MyASSIST - ASSIST - Search Pending Case For Add Supporting Document/Continue' is clicked on

2018-12-14 10:25:54 - [MESSAGE][PASSED] - Object: 'Object Repository/Final Object Repo/Page_MyASSIST - ASSIST - Search Pending Case For Add Supporting Document/Continue' is clicked on

2018-12-14 10:25:54 - [TEST_STEP][PASSED] - delay: Delayed 20 second(s)

2018-12-14 10:26:14 - [MESSAGE][PASSED] - Delayed 20 second(s)

2018-12-14 10:26:14 - [MESSAGE][PASSED] - Call Test Case 'Test Cases/Final Aug 2018 - PKS Automation/Registration Module/Workflow/Login and Search Case For Workflow' successfully

2018-12-14 10:26:14 - [TEST_STEP][PASSED] - click: Object: 'Object Repository/Final Object Repo/Page_Form 1A - Cessation As Employer/Page_Form 1A - Cessation As Employer (Approve)/Save  Continue in Form 1A Page' is clicked on

2018-12-14 10:26:14 - [MESSAGE][PASSED] - Object: 'Object Repository/Final Object Repo/Page_Form 1A - Cessation As Employer/Page_Form 1A - Cessation As Employer (Approve)/Save  Continue in Form 1A Page' is clicked on

2018-12-14 10:26:14 - [TEST_STEP][PASSED] - delay: Delayed 2 second(s)

2018-12-14 10:26:16 - [MESSAGE][PASSED] - Delayed 2 second(s)

2018-12-14 10:26:16 - [TEST_STEP][PASSED] - click: Object: 'Object Repository/Final Object Repo/Page_Form 1A - Cessation As Employer/Employment Resign Date' is clicked on

2018-12-14 10:26:16 - [MESSAGE][PASSED] - Object: 'Object Repository/Final Object Repo/Page_Form 1A - Cessation As Employer/Employment Resign Date' is clicked on

2018-12-14 10:26:16 - [TEST_STEP][PASSED] - delay: Delayed 1 second(s)

2018-12-14 10:26:17 - [MESSAGE][PASSED] - Delayed 1 second(s)

2018-12-14 10:26:17 - [TEST_STEP][PASSED] - selectOptionByValue: All options with value '2030' are selected in object 'Object Repository/Final Object Repo/Page_Form 1A - Cessation As Employer/Employment Resign Date - Year' 

2018-12-14 10:26:17 - [MESSAGE][PASSED] - All options with value '2030' are selected in object 'Object Repository/Final Object Repo/Page_Form 1A - Cessation As Employer/Employment Resign Date - Year' 

2018-12-14 10:26:17 - [TEST_STEP][PASSED] - delay: Delayed 1 second(s)

2018-12-14 10:26:18 - [MESSAGE][PASSED] - Delayed 1 second(s)

2018-12-14 10:26:18 - [TEST_STEP][PASSED] - click: Object: 'Object Repository/Final Object Repo/Page_Form 1A - Cessation As Employer/Employment Resign Date - Year - Date' is clicked on

2018-12-14 10:26:18 - [MESSAGE][PASSED] - Object: 'Object Repository/Final Object Repo/Page_Form 1A - Cessation As Employer/Employment Resign Date - Year - Date' is clicked on

2018-12-14 10:26:18 - [TEST_STEP][PASSED] - delay: Delayed 2 second(s)

2018-12-14 10:26:20 - [MESSAGE][PASSED] - Delayed 2 second(s)

2018-12-14 10:26:20 - [TEST_STEP][PASSED] - click: Object: 'Object Repository/Final Object Repo/Page_Form 1A - Cessation As Employer/Page_Form 1A - Cessation As Employer (Approve)/Save  Continue in Update Add Employee Resigned Date Page' is clicked on

2018-12-14 10:26:21 - [MESSAGE][PASSED] - Object: 'Object Repository/Final Object Repo/Page_Form 1A - Cessation As Employer/Page_Form 1A - Cessation As Employer (Approve)/Save  Continue in Update Add Employee Resigned Date Page' is clicked on

2018-12-14 10:26:21 - [TEST_STEP][PASSED] - delay: Delayed 2 second(s)

2018-12-14 10:26:23 - [MESSAGE][PASSED] - Delayed 2 second(s)

2018-12-14 10:26:23 - [TEST_STEP][PASSED] - click: Object: 'Object Repository/Final Object Repo/Page_Form 1A - Cessation As Employer/Set Latest - Yes' is clicked on

2018-12-14 10:26:23 - [MESSAGE][PASSED] - Object: 'Object Repository/Final Object Repo/Page_Form 1A - Cessation As Employer/Set Latest - Yes' is clicked on

2018-12-14 10:26:23 - [TEST_STEP][PASSED] - delay: Delayed 2 second(s)

2018-12-14 10:26:25 - [MESSAGE][PASSED] - Delayed 2 second(s)

2018-12-14 10:26:25 - [TEST_STEP][PASSED] - click: Object: 'Object Repository/Final Object Repo/Page_Form 1A - Cessation As Employer/Page_Form 1A - Cessation As Employer (Approve)/Save  Contine in Uploading Document Page' is clicked on

2018-12-14 10:26:26 - [MESSAGE][PASSED] - Object: 'Object Repository/Final Object Repo/Page_Form 1A - Cessation As Employer/Page_Form 1A - Cessation As Employer (Approve)/Save  Contine in Uploading Document Page' is clicked on

2018-12-14 10:26:26 - [TEST_STEP][PASSED] - delay: Delayed 2 second(s)

2018-12-14 10:26:28 - [MESSAGE][PASSED] - Delayed 2 second(s)

2018-12-14 10:26:28 - [TEST_STEP][PASSED] - click: Object: 'Object Repository/Final Object Repo/Page_Form 1A - Cessation As Employer/Page_Form 1A - Cessation As Employer (Approve)/Approve' is clicked on

2018-12-14 10:26:31 - [MESSAGE][PASSED] - Object: 'Object Repository/Final Object Repo/Page_Form 1A - Cessation As Employer/Page_Form 1A - Cessation As Employer (Approve)/Approve' is clicked on

2018-12-14 10:26:31 - [TEST_STEP][PASSED] - delay: Delayed 2 second(s)

2018-12-14 10:26:33 - [MESSAGE][PASSED] - Delayed 2 second(s)

2018-12-14 10:26:33 - [TEST_STEP][PASSED] - click: Object: 'Object Repository/Final Object Repo/Page_Form 1A - Cessation As Employer/Confirm' is clicked on

2018-12-14 10:26:33 - [MESSAGE][PASSED] - Object: 'Object Repository/Final Object Repo/Page_Form 1A - Cessation As Employer/Confirm' is clicked on

2018-12-14 10:26:33 - [TEST_STEP][PASSED] - delay: Delayed 2 second(s)

2018-12-14 10:26:35 - [MESSAGE][PASSED] - Delayed 2 second(s)

2018-12-14 10:26:35 - [TEST_STEP][PASSED] - click: Object: 'Object Repository/Final Object Repo/Page_Form 1A - Cessation As Employer/Page_Form 1A - Cessation As Employer (Approve)/Message Your Request    Form 1A ' is clicked on

2018-12-14 10:26:43 - [MESSAGE][PASSED] - Object: 'Object Repository/Final Object Repo/Page_Form 1A - Cessation As Employer/Page_Form 1A - Cessation As Employer (Approve)/Message Your Request    Form 1A ' is clicked on

2018-12-14 10:26:43 - [TEST_STEP][PASSED] - delay: Delayed 2 second(s)

2018-12-14 10:26:45 - [MESSAGE][PASSED] - Delayed 2 second(s)

2018-12-14 10:26:45 - [TEST_STEP][PASSED] - click: Object: 'Object Repository/Final Object Repo/Page_Form 1A - Cessation As Employer/Page_Form 1A - Cessation As Employer (Approve)/Letter of successful update' is clicked on

2018-12-14 10:26:46 - [MESSAGE][PASSED] - Object: 'Object Repository/Final Object Repo/Page_Form 1A - Cessation As Employer/Page_Form 1A - Cessation As Employer (Approve)/Letter of successful update' is clicked on

2018-12-14 10:26:46 - [MESSAGE][PASSED] - Call Test Case 'Test Cases/Final Aug 2018 - PKS Automation/Registration Module/Workflow/Form 1A - Cessation As Employer/Template/Form 1 A - Cessation As Employer (Approve)' successfully]]></system-out>
         <system-err><![CDATA[]]></system-err>
      </testcase>
      <testcase name="Test Cases/Final Aug 2018 - PKS Automation/Registration Module/Workflow/Form 1A - Cessation As Employer/OTC to UO (Query)" classname="Test Cases/Final Aug 2018 - PKS Automation/Registration Module/Workflow/Form 1A - Cessation As Employer/OTC to UO (Query)" status="PASSED">
         <system-out><![CDATA[2018-12-14 10:26:46 - [TEST_CASE][PASSED] - Test Cases/Final Aug 2018 - PKS Automation/Registration Module/Workflow/Form 1A - Cessation As Employer/OTC to UO (Query): Test Cases/Final Aug 2018 - PKS Automation/Registration Module/Workflow/Form 1A - Cessation As Employer/OTC to UO (Query)

2018-12-14 10:26:46 - [TEST_STEP][PASSED] - callTestCase: Call Test Case 'Test Cases/Final Aug 2018 - PKS Automation/Registration Module/Workflow/Form 1A - Cessation As Employer/Template/Form 1 A - Cessation As Employer (OTC)' successfully

2018-12-14 10:26:46 - [TEST_CASE][PASSED] - Test Cases/Final Aug 2018 - PKS Automation/Registration Module/Workflow/Form 1A - Cessation As Employer/Template/Form 1 A - Cessation As Employer (OTC): Test Cases/Final Aug 2018 - PKS Automation/Registration Module/Workflow/Form 1A - Cessation As Employer/Template/Form 1 A - Cessation As Employer (OTC)

2018-12-14 10:26:46 - [TEST_STEP][PASSED] - openBrowser: Browser is opened with url: ''

2018-12-14 10:26:46 - [MESSAGE][WARNING] - A browser is already opened. Closing browser and opening a new one

2018-12-14 10:26:51 - [MESSAGE][PASSED] - Browser is opened with url: ''

2018-12-14 10:26:51 - [TEST_STEP][PASSED] - navigateToUrl: Navigate to 'https://assist2-uat.perkeso.gov.my/login' successfully

2018-12-14 10:26:52 - [MESSAGE][PASSED] - Navigate to 'https://assist2-uat.perkeso.gov.my/login' successfully

2018-12-14 10:26:52 - [TEST_STEP][PASSED] - setText: Text 'johorotc1@gmail.com' is set on object 'Object Repository/Final Object Repo/Login Page/Internal User/Email Address'

2018-12-14 10:26:52 - [MESSAGE][PASSED] - Text 'johorotc1@gmail.com' is set on object 'Object Repository/Final Object Repo/Login Page/Internal User/Email Address'

2018-12-14 10:26:52 - [TEST_STEP][PASSED] - click: Object: 'Object Repository/Final Object Repo/Login Page/Internal User/Next Button' is clicked on

2018-12-14 10:26:52 - [MESSAGE][PASSED] - Object: 'Object Repository/Final Object Repo/Login Page/Internal User/Next Button' is clicked on

2018-12-14 10:26:52 - [TEST_STEP][PASSED] - delay: Delayed 1 second(s)

2018-12-14 10:26:53 - [MESSAGE][PASSED] - Delayed 1 second(s)

2018-12-14 10:26:53 - [TEST_STEP][PASSED] - setEncryptedText: Text ****** has been set on object 'Object Repository/Final Object Repo/Login Page/Internal User/Password'

2018-12-14 10:26:54 - [MESSAGE][PASSED] - Text ****** has been set on object 'Object Repository/Final Object Repo/Login Page/Internal User/Password'

2018-12-14 10:26:54 - [TEST_STEP][PASSED] - click: Object: 'Object Repository/Final Object Repo/Login Page/Internal User/Login Button' is clicked on

2018-12-14 10:26:54 - [MESSAGE][PASSED] - Object: 'Object Repository/Final Object Repo/Login Page/Internal User/Login Button' is clicked on

2018-12-14 10:26:54 - [TEST_STEP][PASSED] - delay: Delayed 1 second(s)

2018-12-14 10:26:55 - [MESSAGE][PASSED] - Delayed 1 second(s)

2018-12-14 10:26:55 - [TEST_STEP][PASSED] - Statement - Try: Delayed 2 second(s)

2018-12-14 10:26:55 - [TEST_STEP][PASSED] - Statement - Checker = false: null

2018-12-14 10:26:55 - [TEST_STEP][PASSED] - Statement - Checker = com.kms.katalon.core.webui.keyword.WebUiBuiltInKeywords.verifyElementHasAttribute(com.kms.katalon.core.testobject.ObjectRepository.findTestObject(Final Object Repo/Landing Page/BM Detecting), "href", 20, OPTIONAL): Object 'Object Repository/Final Object Repo/Landing Page/BM Detecting' has attribute 'href'

2018-12-14 10:26:57 - [MESSAGE][PASSED] - Object 'Object Repository/Final Object Repo/Landing Page/BM Detecting' has attribute 'href'

2018-12-14 10:26:57 - [TEST_STEP][PASSED] - Statement - out.println(Checker): null

2018-12-14 10:26:57 - [TEST_STEP][PASSED] - Statement - If (Checker == false): null

2018-12-14 10:26:57 - [TEST_STEP][PASSED] - Statement - Else: null

2018-12-14 10:26:57 - [TEST_STEP][PASSED] - delay: Delayed 2 second(s)

2018-12-14 10:26:59 - [MESSAGE][PASSED] - Delayed 2 second(s)

2018-12-14 10:26:59 - [TEST_STEP][PASSED] - navigateToUrl: Navigate to 'https://assist2-uat.perkeso.gov.my/web/registration/update/form-1a-cessation-as-employer-discontinue-business-' successfully

2018-12-14 10:27:00 - [MESSAGE][PASSED] - Navigate to 'https://assist2-uat.perkeso.gov.my/web/registration/update/form-1a-cessation-as-employer-discontinue-business-' successfully

2018-12-14 10:27:00 - [TEST_STEP][PASSED] - setText: Text 'E1102069770Z' is set on object 'Object Repository/Final Object Repo/Page_Update Employer Information/Employer Code'

2018-12-14 10:27:00 - [MESSAGE][PASSED] - Text 'E1102069770Z' is set on object 'Object Repository/Final Object Repo/Page_Update Employer Information/Employer Code'

2018-12-14 10:27:00 - [TEST_STEP][PASSED] - click: Object: 'Object Repository/Final Object Repo/Page_Update Employer Information/Search Button' is clicked on

2018-12-14 10:27:01 - [MESSAGE][PASSED] - Object: 'Object Repository/Final Object Repo/Page_Update Employer Information/Search Button' is clicked on

2018-12-14 10:27:01 - [TEST_STEP][PASSED] - click: Object: 'Object Repository/Final Object Repo/Page_Update Employer Information/Edit Button' is clicked on

2018-12-14 10:27:04 - [MESSAGE][PASSED] - Object: 'Object Repository/Final Object Repo/Page_Update Employer Information/Edit Button' is clicked on

2018-12-14 10:27:04 - [TEST_STEP][PASSED] - Statement - abc = com.kms.katalon.core.webui.keyword.WebUiBuiltInKeywords.getAttribute(com.kms.katalon.core.testobject.ObjectRepository.findTestObject(Final Object Repo/Page_Form 1A - Cessation As Employer/Employer Status), "value"): Attribute 'value' of object 'Object Repository/Final Object Repo/Page_Form 1A - Cessation As Employer/Employer Status' is: 'Dormant'

2018-12-14 10:27:04 - [MESSAGE][PASSED] - Attribute 'value' of object 'Object Repository/Final Object Repo/Page_Form 1A - Cessation As Employer/Employer Status' is: 'Dormant'

2018-12-14 10:27:04 - [TEST_STEP][PASSED] - Statement - out.println(abc): null

2018-12-14 10:27:04 - [TEST_STEP][PASSED] - Statement - If (abc == "Active"): null

2018-12-14 10:27:04 - [TEST_STEP][PASSED] - Statement - Else If (abc == "Cancel"): null

2018-12-14 10:27:04 - [TEST_STEP][PASSED] - Statement - Else If (abc == "Dormant"): Object: 'Object Repository/Final Object Repo/Page_Form 1A - Cessation As Employer/Change Employer Status to - Dormant' is clicked on

2018-12-14 10:27:04 - [TEST_STEP][PASSED] - click: Object: 'Object Repository/Final Object Repo/Page_Form 1A - Cessation As Employer/Change Employer Status to' is clicked on

2018-12-14 10:27:04 - [MESSAGE][PASSED] - Object: 'Object Repository/Final Object Repo/Page_Form 1A - Cessation As Employer/Change Employer Status to' is clicked on

2018-12-14 10:27:04 - [TEST_STEP][PASSED] - click: Object: 'Object Repository/Final Object Repo/Page_Form 1A - Cessation As Employer/Change Employer Status to - Dormant' is clicked on

2018-12-14 10:27:04 - [MESSAGE][PASSED] - Object: 'Object Repository/Final Object Repo/Page_Form 1A - Cessation As Employer/Change Employer Status to - Dormant' is clicked on

2018-12-14 10:27:04 - [TEST_STEP][PASSED] - click: Object: 'Object Repository/Final Object Repo/Page_Form 1A - Cessation As Employer/Calender' is clicked on

2018-12-14 10:27:05 - [MESSAGE][PASSED] - Object: 'Object Repository/Final Object Repo/Page_Form 1A - Cessation As Employer/Calender' is clicked on

2018-12-14 10:27:05 - [TEST_STEP][PASSED] - click: Object: 'Object Repository/Final Object Repo/Page_Form 1A - Cessation As Employer/Calender - Date' is clicked on

2018-12-14 10:27:05 - [MESSAGE][PASSED] - Object: 'Object Repository/Final Object Repo/Page_Form 1A - Cessation As Employer/Calender - Date' is clicked on

2018-12-14 10:27:05 - [TEST_STEP][PASSED] - delay: Delayed 2 second(s)

2018-12-14 10:27:07 - [MESSAGE][PASSED] - Delayed 2 second(s)

2018-12-14 10:27:07 - [TEST_STEP][PASSED] - click: Object: 'Object Repository/Final Object Repo/Page_Form 1A - Cessation As Employer/Save  Continue in Form 1A Page' is clicked on

2018-12-14 10:27:07 - [MESSAGE][PASSED] - Object: 'Object Repository/Final Object Repo/Page_Form 1A - Cessation As Employer/Save  Continue in Form 1A Page' is clicked on

2018-12-14 10:27:07 - [TEST_STEP][PASSED] - delay: Delayed 2 second(s)

2018-12-14 10:27:09 - [MESSAGE][PASSED] - Delayed 2 second(s)

2018-12-14 10:27:09 - [TEST_STEP][PASSED] - click: Object: 'Object Repository/Final Object Repo/Page_Form 1A - Cessation As Employer/Employment Resign Date' is clicked on

2018-12-14 10:27:09 - [MESSAGE][PASSED] - Object: 'Object Repository/Final Object Repo/Page_Form 1A - Cessation As Employer/Employment Resign Date' is clicked on

2018-12-14 10:27:09 - [TEST_STEP][PASSED] - delay: Delayed 1 second(s)

2018-12-14 10:27:10 - [MESSAGE][PASSED] - Delayed 1 second(s)

2018-12-14 10:27:10 - [TEST_STEP][PASSED] - Statement - CaseReferenceNo = com.kms.katalon.core.webui.keyword.WebUiBuiltInKeywords.getText(com.kms.katalon.core.testobject.ObjectRepository.findTestObject(Final Object Repo/Page_Update Employer Information/Reference Number in Update Employee Information Page)): Text of object 'Object Repository/Final Object Repo/Page_Update Employer Information/Reference Number in Update Employee Information Page' is: 'CUN122018C200001756'

2018-12-14 10:27:10 - [MESSAGE][PASSED] - Text of object 'Object Repository/Final Object Repo/Page_Update Employer Information/Reference Number in Update Employee Information Page' is: 'CUN122018C200001756'

2018-12-14 10:27:10 - [TEST_STEP][PASSED] - callTestCase: Call Test Case 'Test Cases/Final Aug 2018 - PKS Automation/Common/Reference Number Setter' successfully

2018-12-14 10:27:10 - [TEST_CASE][PASSED] - Test Cases/Final Aug 2018 - PKS Automation/Common/Reference Number Setter: Test Cases/Final Aug 2018 - PKS Automation/Common/Reference Number Setter

2018-12-14 10:27:10 - [TEST_STEP][PASSED] - Statement - RefNoOldFile = new java.io.File(C://Users//Admin//Desktop//PKS//Automation Reference Point//KatalonReference.txt): null

2018-12-14 10:27:10 - [TEST_STEP][PASSED] - Statement - RefNoOldFile.delete(): null

2018-12-14 10:27:10 - [TEST_STEP][PASSED] - delay: Delayed 5 second(s)

2018-12-14 10:27:15 - [MESSAGE][PASSED] - Delayed 5 second(s)

2018-12-14 10:27:15 - [TEST_STEP][PASSED] - Statement - RefNo = new java.io.File(C://Users//Admin//Desktop//PKS//Automation Reference Point//KatalonReference.txt): null

2018-12-14 10:27:15 - [TEST_STEP][PASSED] - Statement - f2 = new java.io.FileWriter(RefNo, false): null

2018-12-14 10:27:15 - [TEST_STEP][PASSED] - Statement - f2.write(CaseReferenceNo): null

2018-12-14 10:27:15 - [TEST_STEP][PASSED] - Statement - f2.close(): null

2018-12-14 10:27:15 - [TEST_STEP][PASSED] - Statement - out.println("


" + CaseReferenceNo + "


"): null

2018-12-14 10:27:15 - [MESSAGE][PASSED] - Call Test Case 'Test Cases/Final Aug 2018 - PKS Automation/Common/Reference Number Setter' successfully

2018-12-14 10:27:15 - [TEST_STEP][PASSED] - selectOptionByValue: All options with value '2030' are selected in object 'Object Repository/Final Object Repo/Page_Form 1A - Cessation As Employer/Employment Resign Date - Year' 

2018-12-14 10:27:16 - [MESSAGE][PASSED] - All options with value '2030' are selected in object 'Object Repository/Final Object Repo/Page_Form 1A - Cessation As Employer/Employment Resign Date - Year' 

2018-12-14 10:27:16 - [TEST_STEP][PASSED] - delay: Delayed 1 second(s)

2018-12-14 10:27:17 - [MESSAGE][PASSED] - Delayed 1 second(s)

2018-12-14 10:27:17 - [TEST_STEP][PASSED] - click: Object: 'Object Repository/Final Object Repo/Page_Form 1A - Cessation As Employer/Employment Resign Date - Year - Date' is clicked on

2018-12-14 10:27:17 - [MESSAGE][PASSED] - Object: 'Object Repository/Final Object Repo/Page_Form 1A - Cessation As Employer/Employment Resign Date - Year - Date' is clicked on

2018-12-14 10:27:17 - [TEST_STEP][PASSED] - delay: Delayed 2 second(s)

2018-12-14 10:27:19 - [MESSAGE][PASSED] - Delayed 2 second(s)

2018-12-14 10:27:19 - [TEST_STEP][PASSED] - click: Object: 'Object Repository/Final Object Repo/Page_Form 1A - Cessation As Employer/Save  Continue in Update Add Employee Resigned Date Page' is clicked on

2018-12-14 10:27:19 - [MESSAGE][PASSED] - Object: 'Object Repository/Final Object Repo/Page_Form 1A - Cessation As Employer/Save  Continue in Update Add Employee Resigned Date Page' is clicked on

2018-12-14 10:27:19 - [TEST_STEP][PASSED] - delay: Delayed 2 second(s)

2018-12-14 10:27:21 - [MESSAGE][PASSED] - Delayed 2 second(s)

2018-12-14 10:27:21 - [TEST_STEP][PASSED] - click: Object: 'Object Repository/Final Object Repo/Page_Form 1A - Cessation As Employer/Set Latest - Yes' is clicked on

2018-12-14 10:27:21 - [MESSAGE][PASSED] - Object: 'Object Repository/Final Object Repo/Page_Form 1A - Cessation As Employer/Set Latest - Yes' is clicked on

2018-12-14 10:27:21 - [TEST_STEP][PASSED] - delay: Delayed 2 second(s)

2018-12-14 10:27:23 - [MESSAGE][PASSED] - Delayed 2 second(s)

2018-12-14 10:27:23 - [TEST_STEP][PASSED] - click: Object: 'Object Repository/Final Object Repo/Page_Form 1A - Cessation As Employer/Add Document' is clicked on

2018-12-14 10:27:24 - [MESSAGE][PASSED] - Object: 'Object Repository/Final Object Repo/Page_Form 1A - Cessation As Employer/Add Document' is clicked on

2018-12-14 10:27:24 - [TEST_STEP][PASSED] - delay: Delayed 2 second(s)

2018-12-14 10:27:26 - [MESSAGE][PASSED] - Delayed 2 second(s)

2018-12-14 10:27:26 - [TEST_STEP][PASSED] - click: Object: 'Object Repository/Final Object Repo/Page_Form 1A - Cessation As Employer/Document Type' is clicked on

2018-12-14 10:27:28 - [MESSAGE][PASSED] - Object: 'Object Repository/Final Object Repo/Page_Form 1A - Cessation As Employer/Document Type' is clicked on

2018-12-14 10:27:28 - [TEST_STEP][PASSED] - delay: Delayed 2 second(s)

2018-12-14 10:27:30 - [MESSAGE][PASSED] - Delayed 2 second(s)

2018-12-14 10:27:30 - [TEST_STEP][PASSED] - click: Object: 'Object Repository/Final Object Repo/Page_Form 1A - Cessation As Employer/Document Type - Supporting Document For Cessation' is clicked on

2018-12-14 10:27:30 - [MESSAGE][PASSED] - Object: 'Object Repository/Final Object Repo/Page_Form 1A - Cessation As Employer/Document Type - Supporting Document For Cessation' is clicked on

2018-12-14 10:27:30 - [TEST_STEP][PASSED] - delay: Delayed 2 second(s)

2018-12-14 10:27:32 - [MESSAGE][PASSED] - Delayed 2 second(s)

2018-12-14 10:27:32 - [TEST_STEP][PASSED] - sendKeys: Keys 'C:\Users\Public\Pictures\Sample Pictures\Koala.jpg' sent to object: 'Object Repository/Final Object Repo/Page_Form 1A - Cessation As Employer/Uploading File'

2018-12-14 10:27:32 - [MESSAGE][PASSED] - Keys 'C:\Users\Public\Pictures\Sample Pictures\Koala.jpg' sent to object: 'Object Repository/Final Object Repo/Page_Form 1A - Cessation As Employer/Uploading File'

2018-12-14 10:27:32 - [TEST_STEP][PASSED] - delay: Delayed 2 second(s)

2018-12-14 10:27:34 - [MESSAGE][PASSED] - Delayed 2 second(s)

2018-12-14 10:27:34 - [TEST_STEP][PASSED] - click: Object: 'Object Repository/Final Object Repo/Page_Form 1A - Cessation As Employer/Add Document in Uploading Page' is clicked on

2018-12-14 10:27:35 - [MESSAGE][PASSED] - Object: 'Object Repository/Final Object Repo/Page_Form 1A - Cessation As Employer/Add Document in Uploading Page' is clicked on

2018-12-14 10:27:35 - [TEST_STEP][PASSED] - delay: Delayed 20 second(s)

2018-12-14 10:27:55 - [MESSAGE][PASSED] - Delayed 20 second(s)

2018-12-14 10:27:55 - [TEST_STEP][PASSED] - click: Object: 'Object Repository/Final Object Repo/Page_Form 1A - Cessation As Employer/Save  Continue in Uploading Page' is clicked on

2018-12-14 10:27:55 - [MESSAGE][PASSED] - Object: 'Object Repository/Final Object Repo/Page_Form 1A - Cessation As Employer/Save  Continue in Uploading Page' is clicked on

2018-12-14 10:27:55 - [TEST_STEP][PASSED] - delay: Delayed 2 second(s)

2018-12-14 10:27:57 - [MESSAGE][PASSED] - Delayed 2 second(s)

2018-12-14 10:27:57 - [TEST_STEP][PASSED] - click: Object: 'Object Repository/Final Object Repo/Page_Form 1A - Cessation As Employer/Submit2' is clicked on

2018-12-14 10:28:00 - [MESSAGE][PASSED] - Object: 'Object Repository/Final Object Repo/Page_Form 1A - Cessation As Employer/Submit2' is clicked on

2018-12-14 10:28:00 - [TEST_STEP][PASSED] - delay: Delayed 2 second(s)

2018-12-14 10:28:02 - [MESSAGE][PASSED] - Delayed 2 second(s)

2018-12-14 10:28:02 - [TEST_STEP][PASSED] - click: Object: 'Object Repository/Final Object Repo/Page_Form 1A - Cessation As Employer/Confirm' is clicked on

2018-12-14 10:28:02 - [MESSAGE][PASSED] - Object: 'Object Repository/Final Object Repo/Page_Form 1A - Cessation As Employer/Confirm' is clicked on

2018-12-14 10:28:02 - [TEST_STEP][PASSED] - delay: Delayed 2 second(s)

2018-12-14 10:28:04 - [MESSAGE][PASSED] - Delayed 2 second(s)

2018-12-14 10:28:04 - [TEST_STEP][PASSED] - verifyElementVisible: Object 'Object Repository/Final Object Repo/Page_Form 1A - Cessation As Employer/Message Your Request will be routed to UO' is visible

2018-12-14 10:28:07 - [MESSAGE][PASSED] - Object 'Object Repository/Final Object Repo/Page_Form 1A - Cessation As Employer/Message Your Request will be routed to UO' is visible

2018-12-14 10:28:07 - [TEST_STEP][PASSED] - delay: Delayed 1 second(s)

2018-12-14 10:28:08 - [MESSAGE][PASSED] - Delayed 1 second(s)

2018-12-14 10:28:08 - [TEST_STEP][PASSED] - verifyElementVisible: Object 'Object Repository/Final Object Repo/Page_Form 1A - Cessation As Employer/Letter of acknowledgement' is visible

2018-12-14 10:28:08 - [MESSAGE][PASSED] - Object 'Object Repository/Final Object Repo/Page_Form 1A - Cessation As Employer/Letter of acknowledgement' is visible

2018-12-14 10:28:08 - [MESSAGE][PASSED] - Call Test Case 'Test Cases/Final Aug 2018 - PKS Automation/Registration Module/Workflow/Form 1A - Cessation As Employer/Template/Form 1 A - Cessation As Employer (OTC)' successfully

2018-12-14 10:28:08 - [TEST_STEP][PASSED] - callTestCase: Call Test Case 'Test Cases/Final Aug 2018 - PKS Automation/Registration Module/Workflow/Form 1A - Cessation As Employer/Template/Form 1 A - Cessation As Employer (Query)' successfully

2018-12-14 10:28:08 - [TEST_CASE][PASSED] - Test Cases/Final Aug 2018 - PKS Automation/Registration Module/Workflow/Form 1A - Cessation As Employer/Template/Form 1 A - Cessation As Employer (Query): Test Cases/Final Aug 2018 - PKS Automation/Registration Module/Workflow/Form 1A - Cessation As Employer/Template/Form 1 A - Cessation As Employer (Query)

2018-12-14 10:28:08 - [TEST_STEP][NOT_RUN] - callTestCase: NOT_RUN: callTestCase

2018-12-14 10:28:08 - [MESSAGE][NOT_RUN] - NOT_RUN: callTestCase

2018-12-14 10:28:08 - [TEST_STEP][PASSED] - delay: Delayed 1 second(s)

2018-12-14 10:28:09 - [MESSAGE][PASSED] - Delayed 1 second(s)

2018-12-14 10:28:09 - [TEST_STEP][PASSED] - navigateToUrl: Navigate to 'https://assist2-uat.perkeso.gov.my/c/portal/logout' successfully

2018-12-14 10:28:10 - [MESSAGE][PASSED] - Navigate to 'https://assist2-uat.perkeso.gov.my/c/portal/logout' successfully

2018-12-14 10:28:10 - [TEST_STEP][PASSED] - delay: Delayed 1 second(s)

2018-12-14 10:28:11 - [MESSAGE][PASSED] - Delayed 1 second(s)

2018-12-14 10:28:11 - [TEST_STEP][PASSED] - callTestCase: Call Test Case 'Test Cases/Final Aug 2018 - PKS Automation/Common/Reference Number Getter' successfully

2018-12-14 10:28:11 - [TEST_CASE][PASSED] - Test Cases/Final Aug 2018 - PKS Automation/Common/Reference Number Getter: Test Cases/Final Aug 2018 - PKS Automation/Common/Reference Number Getter

2018-12-14 10:28:11 - [TEST_STEP][PASSED] - Statement - Try: null

2018-12-14 10:28:11 - [TEST_STEP][PASSED] - Statement - RefNo = new java.io.File(C://Users//Admin//Desktop//PKS//Automation Reference Point//KatalonReference.txt): null

2018-12-14 10:28:11 - [TEST_STEP][PASSED] - Statement - bufferread = new java.io.BufferedReader(new java.io.FileReader(RefNo)): null

2018-12-14 10:28:11 - [TEST_STEP][PASSED] - Statement - readedVal = bufferread.readLine(): null

2018-12-14 10:28:11 - [TEST_STEP][PASSED] - Statement - out.println(CaseReferenceNo): null

2018-12-14 10:28:11 - [TEST_STEP][PASSED] - Statement - out.println(readedVal): null

2018-12-14 10:28:11 - [TEST_STEP][PASSED] - Statement - CaseReferenceNo = "": null

2018-12-14 10:28:11 - [TEST_STEP][PASSED] - Statement - CaseReferenceNo = readedVal: null

2018-12-14 10:28:11 - [MESSAGE][PASSED] - Call Test Case 'Test Cases/Final Aug 2018 - PKS Automation/Common/Reference Number Getter' successfully

2018-12-14 10:28:11 - [TEST_STEP][PASSED] - callTestCase: Call Test Case 'Test Cases/Final Aug 2018 - PKS Automation/Common/Workflow Owner Finder' successfully

2018-12-14 10:28:11 - [TEST_CASE][PASSED] - Test Cases/Final Aug 2018 - PKS Automation/Common/Workflow Owner Finder: Test Cases/Final Aug 2018 - PKS Automation/Common/Workflow Owner Finder

2018-12-14 10:28:11 - [TEST_STEP][PASSED] - openBrowser: Browser is opened with url: ''

2018-12-14 10:28:11 - [MESSAGE][WARNING] - A browser is already opened. Closing browser and opening a new one

2018-12-14 10:28:15 - [MESSAGE][PASSED] - Browser is opened with url: ''

2018-12-14 10:28:15 - [TEST_STEP][PASSED] - navigateToUrl: Navigate to 'https://assist2-uat.perkeso.gov.my/login' successfully

2018-12-14 10:28:16 - [MESSAGE][PASSED] - Navigate to 'https://assist2-uat.perkeso.gov.my/login' successfully

2018-12-14 10:28:16 - [TEST_STEP][PASSED] - delay: Delayed 5 second(s)

2018-12-14 10:28:21 - [MESSAGE][PASSED] - Delayed 5 second(s)

2018-12-14 10:28:21 - [TEST_STEP][PASSED] - setText: Text 'test@liferay.com' is set on object 'Object Repository/Final Object Repo/Login Page/Internal User/Email Address'

2018-12-14 10:28:21 - [MESSAGE][PASSED] - Text 'test@liferay.com' is set on object 'Object Repository/Final Object Repo/Login Page/Internal User/Email Address'

2018-12-14 10:28:21 - [TEST_STEP][PASSED] - click: Object: 'Object Repository/Final Object Repo/Login Page/Internal User/Next Button' is clicked on

2018-12-14 10:28:21 - [MESSAGE][PASSED] - Object: 'Object Repository/Final Object Repo/Login Page/Internal User/Next Button' is clicked on

2018-12-14 10:28:21 - [TEST_STEP][PASSED] - delay: Delayed 2 second(s)

2018-12-14 10:28:23 - [MESSAGE][PASSED] - Delayed 2 second(s)

2018-12-14 10:28:23 - [TEST_STEP][PASSED] - setText: Text 'test' is set on object 'Object Repository/Final Object Repo/Login Page/Internal User/Password'

2018-12-14 10:28:24 - [MESSAGE][PASSED] - Text 'test' is set on object 'Object Repository/Final Object Repo/Login Page/Internal User/Password'

2018-12-14 10:28:24 - [TEST_STEP][PASSED] - delay: Delayed 2 second(s)

2018-12-14 10:28:26 - [MESSAGE][PASSED] - Delayed 2 second(s)

2018-12-14 10:28:26 - [TEST_STEP][PASSED] - click: Object: 'Object Repository/Final Object Repo/Login Page/Internal User/Login Button' is clicked on

2018-12-14 10:28:26 - [MESSAGE][PASSED] - Object: 'Object Repository/Final Object Repo/Login Page/Internal User/Login Button' is clicked on

2018-12-14 10:28:26 - [TEST_STEP][PASSED] - Statement - tester = com.kms.katalon.core.testobject.ObjectRepository.findTestObject(Final Object Repo/Landing Page/Select to English): Finding Test Object with id 'Object Repository/Final Object Repo/Landing Page/Select to English'

2018-12-14 10:28:26 - [TEST_STEP][PASSED] - Statement - Try: Delayed 2 second(s)

2018-12-14 10:28:26 - [TEST_STEP][PASSED] - Statement - Checker = com.kms.katalon.core.webui.keyword.WebUiBuiltInKeywords.verifyElementNotPresent(tester, 3): Web element with id: 'Object Repository/Final Object Repo/Landing Page/Select to English' located by 'By.xpath: //a[@class = 'taglib-language-list-text' and @lang = 'en-US' and (contains(text(), 'EN') or contains(., 'EN'))]' is not present after '3' second(s)

2018-12-14 10:28:28 - [MESSAGE][PASSED] - Web element with id: 'Object Repository/Final Object Repo/Landing Page/Select to English' located by 'By.xpath: //a[@class = 'taglib-language-list-text' and @lang = 'en-US' and (contains(text(), 'EN') or contains(., 'EN'))]' is not present after '3' second(s)

2018-12-14 10:28:28 - [TEST_STEP][PASSED] - Statement - If (Checker == false): null

2018-12-14 10:28:28 - [TEST_STEP][PASSED] - delay: Delayed 2 second(s)

2018-12-14 10:28:30 - [MESSAGE][PASSED] - Delayed 2 second(s)

2018-12-14 10:28:30 - [TEST_STEP][PASSED] - delay: Delayed 5 second(s)

2018-12-14 10:28:35 - [MESSAGE][PASSED] - Delayed 5 second(s)

2018-12-14 10:28:35 - [TEST_STEP][PASSED] - mouseOver: Object: 'Object Repository/Final Object Repo/Landing Page/WorkFlow Menu' is hovered

2018-12-14 10:28:35 - [MESSAGE][PASSED] - Object: 'Object Repository/Final Object Repo/Landing Page/WorkFlow Menu' is hovered

2018-12-14 10:28:35 - [TEST_STEP][PASSED] - delay: Delayed 2 second(s)

2018-12-14 10:28:37 - [MESSAGE][PASSED] - Delayed 2 second(s)

2018-12-14 10:28:37 - [TEST_STEP][PASSED] - click: Object: 'Object Repository/Final Object Repo/Landing Page/Select to Workflow Listing' is clicked on

2018-12-14 10:28:38 - [MESSAGE][PASSED] - Object: 'Object Repository/Final Object Repo/Landing Page/Select to Workflow Listing' is clicked on

2018-12-14 10:28:38 - [TEST_STEP][PASSED] - delay: Delayed 2 second(s)

2018-12-14 10:28:40 - [MESSAGE][PASSED] - Delayed 2 second(s)

2018-12-14 10:28:40 - [TEST_STEP][PASSED] - click: Object: 'Object Repository/Final Object Repo/WorkFlow Listing Page/Search Information - To Put Ref No' is clicked on

2018-12-14 10:28:40 - [MESSAGE][PASSED] - Object: 'Object Repository/Final Object Repo/WorkFlow Listing Page/Search Information - To Put Ref No' is clicked on

2018-12-14 10:28:40 - [TEST_STEP][PASSED] - delay: Delayed 2 second(s)

2018-12-14 10:28:42 - [MESSAGE][PASSED] - Delayed 2 second(s)

2018-12-14 10:28:42 - [TEST_STEP][PASSED] - callTestCase: Call Test Case 'Test Cases/Final Aug 2018 - PKS Automation/Common/Reference Number Getter' successfully

2018-12-14 10:28:42 - [TEST_CASE][PASSED] - Test Cases/Final Aug 2018 - PKS Automation/Common/Reference Number Getter: Test Cases/Final Aug 2018 - PKS Automation/Common/Reference Number Getter

2018-12-14 10:28:42 - [TEST_STEP][PASSED] - Statement - Try: null

2018-12-14 10:28:42 - [TEST_STEP][PASSED] - Statement - RefNo = new java.io.File(C://Users//Admin//Desktop//PKS//Automation Reference Point//KatalonReference.txt): null

2018-12-14 10:28:42 - [TEST_STEP][PASSED] - Statement - bufferread = new java.io.BufferedReader(new java.io.FileReader(RefNo)): null

2018-12-14 10:28:42 - [TEST_STEP][PASSED] - Statement - readedVal = bufferread.readLine(): null

2018-12-14 10:28:42 - [TEST_STEP][PASSED] - Statement - out.println(CaseReferenceNo): null

2018-12-14 10:28:42 - [TEST_STEP][PASSED] - Statement - out.println(readedVal): null

2018-12-14 10:28:42 - [TEST_STEP][PASSED] - Statement - CaseReferenceNo = "": null

2018-12-14 10:28:42 - [TEST_STEP][PASSED] - Statement - CaseReferenceNo = readedVal: null

2018-12-14 10:28:42 - [MESSAGE][PASSED] - Call Test Case 'Test Cases/Final Aug 2018 - PKS Automation/Common/Reference Number Getter' successfully

2018-12-14 10:28:42 - [TEST_STEP][PASSED] - setText: Text 'CUN122018C200001756' is set on object 'Object Repository/Final Object Repo/WorkFlow Listing Page/Ref No Set Text'

2018-12-14 10:28:42 - [MESSAGE][PASSED] - Text 'CUN122018C200001756' is set on object 'Object Repository/Final Object Repo/WorkFlow Listing Page/Ref No Set Text'

2018-12-14 10:28:42 - [TEST_STEP][PASSED] - delay: Delayed 2 second(s)

2018-12-14 10:28:44 - [MESSAGE][PASSED] - Delayed 2 second(s)

2018-12-14 10:28:44 - [TEST_STEP][PASSED] - click: Object: 'Object Repository/Final Object Repo/WorkFlow Listing Page/Search Ref No Search Button' is clicked on

2018-12-14 10:28:45 - [MESSAGE][PASSED] - Object: 'Object Repository/Final Object Repo/WorkFlow Listing Page/Search Ref No Search Button' is clicked on

2018-12-14 10:28:45 - [TEST_STEP][PASSED] - delay: Delayed 6 second(s)

2018-12-14 10:28:51 - [MESSAGE][PASSED] - Delayed 6 second(s)

2018-12-14 10:28:51 - [TEST_STEP][PASSED] - click: Object: 'Object Repository/Final Object Repo/WorkFlow Listing Page/Click Continue Tooltip' is clicked on

2018-12-14 10:28:53 - [MESSAGE][PASSED] - Object: 'Object Repository/Final Object Repo/WorkFlow Listing Page/Click Continue Tooltip' is clicked on

2018-12-14 10:28:53 - [TEST_STEP][PASSED] - delay: Delayed 5 second(s)

2018-12-14 10:28:58 - [MESSAGE][PASSED] - Delayed 5 second(s)

2018-12-14 10:28:58 - [TEST_STEP][PASSED] - doubleClick: Object: 'Object Repository/Final Object Repo/WorkFlow Listing Page/Workflow Found - Listing 1' is double clicked on

2018-12-14 10:28:58 - [MESSAGE][PASSED] - Object: 'Object Repository/Final Object Repo/WorkFlow Listing Page/Workflow Found - Listing 1' is double clicked on

2018-12-14 10:28:58 - [TEST_STEP][PASSED] - Statement - println(OwnerID): null

2018-12-14 10:28:58 - [TEST_STEP][PASSED] - Statement - OwnerID = com.kms.katalon.core.webui.keyword.WebUiBuiltInKeywords.getText(com.kms.katalon.core.testobject.ObjectRepository.findTestObject(Final Object Repo/WorkFlow Listing Page/Workflow Found - Listing 1), STOP_ON_FAILURE): Text of object 'Object Repository/Final Object Repo/WorkFlow Listing Page/Workflow Found - Listing 1' is: 'JOHORuo3'

2018-12-14 10:28:58 - [MESSAGE][PASSED] - Text of object 'Object Repository/Final Object Repo/WorkFlow Listing Page/Workflow Found - Listing 1' is: 'JOHORuo3'

2018-12-14 10:28:58 - [TEST_STEP][PASSED] - Statement - OwnerID = OwnerID.toLowerCase() + "@gmail.com": null

2018-12-14 10:28:58 - [TEST_STEP][PASSED] - Statement - println(OwnerID): null

2018-12-14 10:28:58 - [TEST_STEP][PASSED] - delay: Delayed 2 second(s)

2018-12-14 10:29:00 - [MESSAGE][PASSED] - Delayed 2 second(s)

2018-12-14 10:29:00 - [MESSAGE][PASSED] - Call Test Case 'Test Cases/Final Aug 2018 - PKS Automation/Common/Workflow Owner Finder' successfully

2018-12-14 10:29:00 - [TEST_STEP][PASSED] - delay: Delayed 1 second(s)

2018-12-14 10:29:01 - [MESSAGE][PASSED] - Delayed 1 second(s)

2018-12-14 10:29:01 - [TEST_STEP][PASSED] - navigateToUrl: Navigate to 'https://assist2-uat.perkeso.gov.my/c/portal/logout' successfully

2018-12-14 10:29:02 - [MESSAGE][PASSED] - Navigate to 'https://assist2-uat.perkeso.gov.my/c/portal/logout' successfully

2018-12-14 10:29:02 - [TEST_STEP][PASSED] - delay: Delayed 1 second(s)

2018-12-14 10:29:03 - [MESSAGE][PASSED] - Delayed 1 second(s)

2018-12-14 10:29:03 - [TEST_STEP][PASSED] - callTestCase: Call Test Case 'Test Cases/Final Aug 2018 - PKS Automation/Registration Module/Workflow/Login and Search Case For Workflow' successfully

2018-12-14 10:29:03 - [TEST_CASE][PASSED] - Test Cases/Final Aug 2018 - PKS Automation/Registration Module/Workflow/Login and Search Case For Workflow: Test Cases/Final Aug 2018 - PKS Automation/Registration Module/Workflow/Login and Search Case For Workflow

2018-12-14 10:29:03 - [TEST_STEP][PASSED] - navigateToUrl: Navigate to 'https://assist2-uat.perkeso.gov.my/login' successfully

2018-12-14 10:29:03 - [MESSAGE][PASSED] - Navigate to 'https://assist2-uat.perkeso.gov.my/login' successfully

2018-12-14 10:29:03 - [TEST_STEP][PASSED] - setText: Text 'johoruo3@gmail.com' is set on object 'Object Repository/Final Object Repo/Login Page/Internal User/Email Address'

2018-12-14 10:29:04 - [MESSAGE][PASSED] - Text 'johoruo3@gmail.com' is set on object 'Object Repository/Final Object Repo/Login Page/Internal User/Email Address'

2018-12-14 10:29:04 - [TEST_STEP][PASSED] - click: Object: 'Object Repository/Final Object Repo/Login Page/Internal User/Next Button' is clicked on

2018-12-14 10:29:04 - [MESSAGE][PASSED] - Object: 'Object Repository/Final Object Repo/Login Page/Internal User/Next Button' is clicked on

2018-12-14 10:29:04 - [TEST_STEP][PASSED] - delay: Delayed 1 second(s)

2018-12-14 10:29:05 - [MESSAGE][PASSED] - Delayed 1 second(s)

2018-12-14 10:29:05 - [TEST_STEP][PASSED] - setEncryptedText: Text ****** has been set on object 'Object Repository/Final Object Repo/Login Page/Internal User/Password'

2018-12-14 10:29:06 - [MESSAGE][PASSED] - Text ****** has been set on object 'Object Repository/Final Object Repo/Login Page/Internal User/Password'

2018-12-14 10:29:06 - [TEST_STEP][PASSED] - click: Object: 'Object Repository/Final Object Repo/Login Page/Internal User/Login Button' is clicked on

2018-12-14 10:29:06 - [MESSAGE][PASSED] - Object: 'Object Repository/Final Object Repo/Login Page/Internal User/Login Button' is clicked on

2018-12-14 10:29:06 - [TEST_STEP][PASSED] - delay: Delayed 2 second(s)

2018-12-14 10:29:08 - [MESSAGE][PASSED] - Delayed 2 second(s)

2018-12-14 10:29:08 - [TEST_STEP][PASSED] - Statement - Try: Delayed 2 second(s)

2018-12-14 10:29:08 - [TEST_STEP][PASSED] - Statement - Checker = false: null

2018-12-14 10:29:08 - [TEST_STEP][PASSED] - Statement - Checker = com.kms.katalon.core.webui.keyword.WebUiBuiltInKeywords.verifyElementHasAttribute(com.kms.katalon.core.testobject.ObjectRepository.findTestObject(Final Object Repo/Landing Page/BM Detecting), "href", 20, OPTIONAL): Object 'Object Repository/Final Object Repo/Landing Page/BM Detecting' has attribute 'href'

2018-12-14 10:29:08 - [MESSAGE][PASSED] - Object 'Object Repository/Final Object Repo/Landing Page/BM Detecting' has attribute 'href'

2018-12-14 10:29:08 - [TEST_STEP][PASSED] - Statement - out.println(Checker): null

2018-12-14 10:29:08 - [TEST_STEP][PASSED] - Statement - If (Checker == false): null

2018-12-14 10:29:08 - [TEST_STEP][PASSED] - Statement - Else: null

2018-12-14 10:29:08 - [TEST_STEP][PASSED] - delay: Delayed 2 second(s)

2018-12-14 10:29:10 - [MESSAGE][PASSED] - Delayed 2 second(s)

2018-12-14 10:29:10 - [TEST_STEP][PASSED] - click: Object: 'Object Repository/Final Object Repo/Page_MyASSIST - ASSIST - Search Pending Case For Add Supporting Document/Search Information' is clicked on

2018-12-14 10:29:10 - [MESSAGE][PASSED] - Object: 'Object Repository/Final Object Repo/Page_MyASSIST - ASSIST - Search Pending Case For Add Supporting Document/Search Information' is clicked on

2018-12-14 10:29:10 - [TEST_STEP][PASSED] - delay: Delayed 3 second(s)

2018-12-14 10:29:13 - [MESSAGE][PASSED] - Delayed 3 second(s)

2018-12-14 10:29:13 - [TEST_STEP][PASSED] - sendKeys: Keys 'CUN122018C200001756' sent to object: 'Object Repository/Final Object Repo/Page_MyASSIST - ASSIST - Search Pending Case For Add Supporting Document/Reference No'

2018-12-14 10:29:14 - [MESSAGE][PASSED] - Keys 'CUN122018C200001756' sent to object: 'Object Repository/Final Object Repo/Page_MyASSIST - ASSIST - Search Pending Case For Add Supporting Document/Reference No'

2018-12-14 10:29:14 - [TEST_STEP][PASSED] - click: Object: 'Object Repository/Final Object Repo/Page_MyASSIST - ASSIST - Search Pending Case For Add Supporting Document/Search Reference No' is clicked on

2018-12-14 10:29:14 - [MESSAGE][PASSED] - Object: 'Object Repository/Final Object Repo/Page_MyASSIST - ASSIST - Search Pending Case For Add Supporting Document/Search Reference No' is clicked on

2018-12-14 10:29:14 - [TEST_STEP][PASSED] - delay: Delayed 2 second(s)

2018-12-14 10:29:16 - [MESSAGE][PASSED] - Delayed 2 second(s)

2018-12-14 10:29:16 - [TEST_STEP][PASSED] - click: Object: 'Object Repository/Final Object Repo/Page_MyASSIST - ASSIST - Search Pending Case For Add Supporting Document/Continue' is clicked on

2018-12-14 10:29:20 - [MESSAGE][PASSED] - Object: 'Object Repository/Final Object Repo/Page_MyASSIST - ASSIST - Search Pending Case For Add Supporting Document/Continue' is clicked on

2018-12-14 10:29:20 - [TEST_STEP][PASSED] - delay: Delayed 20 second(s)

2018-12-14 10:29:40 - [MESSAGE][PASSED] - Delayed 20 second(s)

2018-12-14 10:29:40 - [MESSAGE][PASSED] - Call Test Case 'Test Cases/Final Aug 2018 - PKS Automation/Registration Module/Workflow/Login and Search Case For Workflow' successfully

2018-12-14 10:29:40 - [TEST_STEP][PASSED] - click: Object: 'Object Repository/Final Object Repo/Page_Form 1A - Cessation As Employer/Page_Form 1A - Cessation As Employer (Approve)/Save  Continue in Form 1A Page' is clicked on

2018-12-14 10:29:40 - [MESSAGE][PASSED] - Object: 'Object Repository/Final Object Repo/Page_Form 1A - Cessation As Employer/Page_Form 1A - Cessation As Employer (Approve)/Save  Continue in Form 1A Page' is clicked on

2018-12-14 10:29:40 - [TEST_STEP][PASSED] - delay: Delayed 2 second(s)

2018-12-14 10:29:42 - [MESSAGE][PASSED] - Delayed 2 second(s)

2018-12-14 10:29:42 - [TEST_STEP][PASSED] - click: Object: 'Object Repository/Final Object Repo/Page_Form 1A - Cessation As Employer/Employment Resign Date' is clicked on

2018-12-14 10:29:43 - [MESSAGE][PASSED] - Object: 'Object Repository/Final Object Repo/Page_Form 1A - Cessation As Employer/Employment Resign Date' is clicked on

2018-12-14 10:29:43 - [TEST_STEP][PASSED] - delay: Delayed 1 second(s)

2018-12-14 10:29:44 - [MESSAGE][PASSED] - Delayed 1 second(s)

2018-12-14 10:29:44 - [TEST_STEP][PASSED] - selectOptionByValue: All options with value '2030' are selected in object 'Object Repository/Final Object Repo/Page_Form 1A - Cessation As Employer/Employment Resign Date - Year' 

2018-12-14 10:29:44 - [MESSAGE][PASSED] - All options with value '2030' are selected in object 'Object Repository/Final Object Repo/Page_Form 1A - Cessation As Employer/Employment Resign Date - Year' 

2018-12-14 10:29:44 - [TEST_STEP][PASSED] - delay: Delayed 1 second(s)

2018-12-14 10:29:45 - [MESSAGE][PASSED] - Delayed 1 second(s)

2018-12-14 10:29:45 - [TEST_STEP][PASSED] - click: Object: 'Object Repository/Final Object Repo/Page_Form 1A - Cessation As Employer/Employment Resign Date - Year - Date' is clicked on

2018-12-14 10:29:45 - [MESSAGE][PASSED] - Object: 'Object Repository/Final Object Repo/Page_Form 1A - Cessation As Employer/Employment Resign Date - Year - Date' is clicked on

2018-12-14 10:29:45 - [TEST_STEP][PASSED] - delay: Delayed 2 second(s)

2018-12-14 10:29:47 - [MESSAGE][PASSED] - Delayed 2 second(s)

2018-12-14 10:29:47 - [TEST_STEP][PASSED] - click: Object: 'Object Repository/Final Object Repo/Page_Form 1A - Cessation As Employer/Page_Form 1A - Cessation As Employer (Approve)/Save  Continue in Update Add Employee Resigned Date Page' is clicked on

2018-12-14 10:29:47 - [MESSAGE][PASSED] - Object: 'Object Repository/Final Object Repo/Page_Form 1A - Cessation As Employer/Page_Form 1A - Cessation As Employer (Approve)/Save  Continue in Update Add Employee Resigned Date Page' is clicked on

2018-12-14 10:29:47 - [TEST_STEP][PASSED] - delay: Delayed 2 second(s)

2018-12-14 10:29:49 - [MESSAGE][PASSED] - Delayed 2 second(s)

2018-12-14 10:29:49 - [TEST_STEP][PASSED] - click: Object: 'Object Repository/Final Object Repo/Page_Form 1A - Cessation As Employer/Set Latest - Yes' is clicked on

2018-12-14 10:29:50 - [MESSAGE][PASSED] - Object: 'Object Repository/Final Object Repo/Page_Form 1A - Cessation As Employer/Set Latest - Yes' is clicked on

2018-12-14 10:29:50 - [TEST_STEP][PASSED] - delay: Delayed 2 second(s)

2018-12-14 10:29:52 - [MESSAGE][PASSED] - Delayed 2 second(s)

2018-12-14 10:29:52 - [TEST_STEP][PASSED] - setText: Text 'remark' is set on object 'Object Repository/Final Object Repo/Page_Form 1A - Cessation As Employer/Page_Form 1A - Cessation As Employer (Query)/Query - remark'

2018-12-14 10:29:54 - [MESSAGE][PASSED] - Text 'remark' is set on object 'Object Repository/Final Object Repo/Page_Form 1A - Cessation As Employer/Page_Form 1A - Cessation As Employer (Query)/Query - remark'

2018-12-14 10:29:54 - [TEST_STEP][PASSED] - delay: Delayed 2 second(s)

2018-12-14 10:29:56 - [MESSAGE][PASSED] - Delayed 2 second(s)

2018-12-14 10:29:56 - [TEST_STEP][PASSED] - click: Object: 'Object Repository/Final Object Repo/Page_Form 1A - Cessation As Employer/Page_Form 1A - Cessation As Employer (Approve)/Save  Contine in Uploading Document Page' is clicked on

2018-12-14 10:29:56 - [MESSAGE][PASSED] - Object: 'Object Repository/Final Object Repo/Page_Form 1A - Cessation As Employer/Page_Form 1A - Cessation As Employer (Approve)/Save  Contine in Uploading Document Page' is clicked on

2018-12-14 10:29:56 - [TEST_STEP][PASSED] - delay: Delayed 2 second(s)

2018-12-14 10:29:58 - [MESSAGE][PASSED] - Delayed 2 second(s)

2018-12-14 10:29:58 - [TEST_STEP][PASSED] - click: Object: 'Object Repository/Final Object Repo/Page_Form 1A - Cessation As Employer/Page_Form 1A - Cessation As Employer (Query)/Query' is clicked on

2018-12-14 10:30:01 - [MESSAGE][PASSED] - Object: 'Object Repository/Final Object Repo/Page_Form 1A - Cessation As Employer/Page_Form 1A - Cessation As Employer (Query)/Query' is clicked on

2018-12-14 10:30:01 - [TEST_STEP][PASSED] - delay: Delayed 2 second(s)

2018-12-14 10:30:03 - [MESSAGE][PASSED] - Delayed 2 second(s)

2018-12-14 10:30:03 - [TEST_STEP][PASSED] - click: Object: 'Object Repository/Final Object Repo/Page_Form 1A - Cessation As Employer/Page_Form 1A - Cessation As Employer (Query)/Confirm' is clicked on

2018-12-14 10:30:09 - [MESSAGE][PASSED] - Object: 'Object Repository/Final Object Repo/Page_Form 1A - Cessation As Employer/Page_Form 1A - Cessation As Employer (Query)/Confirm' is clicked on

2018-12-14 10:30:09 - [TEST_STEP][PASSED] - delay: Delayed 2 second(s)

2018-12-14 10:30:11 - [MESSAGE][PASSED] - Delayed 2 second(s)

2018-12-14 10:30:11 - [TEST_STEP][PASSED] - verifyElementVisible: Object 'Object Repository/Final Object Repo/Page_Form 1A - Cessation As Employer/Page_Form 1A - Cessation As Employer (Query)/MessageThe Case Is Under Query' is visible

2018-12-14 10:30:11 - [MESSAGE][PASSED] - Object 'Object Repository/Final Object Repo/Page_Form 1A - Cessation As Employer/Page_Form 1A - Cessation As Employer (Query)/MessageThe Case Is Under Query' is visible

2018-12-14 10:30:11 - [TEST_STEP][PASSED] - delay: Delayed 1 second(s)

2018-12-14 10:30:12 - [MESSAGE][PASSED] - Delayed 1 second(s)

2018-12-14 10:30:12 - [TEST_STEP][PASSED] - verifyElementVisible: Object 'Object Repository/Final Object Repo/Page_Form 1A - Cessation As Employer/Page_Form 1A - Cessation As Employer (Query)/Letter of inquiry' is visible

2018-12-14 10:30:12 - [MESSAGE][PASSED] - Object 'Object Repository/Final Object Repo/Page_Form 1A - Cessation As Employer/Page_Form 1A - Cessation As Employer (Query)/Letter of inquiry' is visible

2018-12-14 10:30:12 - [TEST_STEP][PASSED] - delay: Delayed 1 second(s)

2018-12-14 10:30:13 - [MESSAGE][PASSED] - Delayed 1 second(s)

2018-12-14 10:30:13 - [TEST_STEP][PASSED] - navigateToUrl: Navigate to 'https://assist2-uat.perkeso.gov.my/c/portal/logout' successfully

2018-12-14 10:30:14 - [MESSAGE][PASSED] - Navigate to 'https://assist2-uat.perkeso.gov.my/c/portal/logout' successfully

2018-12-14 10:30:14 - [TEST_STEP][PASSED] - delay: Delayed 1 second(s)

2018-12-14 10:30:15 - [MESSAGE][PASSED] - Delayed 1 second(s)

2018-12-14 10:30:15 - [TEST_STEP][PASSED] - callTestCase: Call Test Case 'Test Cases/Final Aug 2018 - PKS Automation/Registration Module/Workflow/Search Pending Case For Add Supporting Document (OTC)' successfully

2018-12-14 10:30:15 - [TEST_CASE][PASSED] - Test Cases/Final Aug 2018 - PKS Automation/Registration Module/Workflow/Search Pending Case For Add Supporting Document (OTC): Test Cases/Final Aug 2018 - PKS Automation/Registration Module/Workflow/Search Pending Case For Add Supporting Document (OTC)

2018-12-14 10:30:15 - [TEST_STEP][PASSED] - openBrowser: Browser is opened with url: ''

2018-12-14 10:30:15 - [MESSAGE][WARNING] - A browser is already opened. Closing browser and opening a new one

2018-12-14 10:30:18 - [MESSAGE][PASSED] - Browser is opened with url: ''

2018-12-14 10:30:18 - [TEST_STEP][PASSED] - navigateToUrl: Navigate to 'https://assist2-uat.perkeso.gov.my/login' successfully

2018-12-14 10:30:19 - [MESSAGE][PASSED] - Navigate to 'https://assist2-uat.perkeso.gov.my/login' successfully

2018-12-14 10:30:19 - [TEST_STEP][PASSED] - setText: Text 'johorotc1@gmail.com' is set on object 'Object Repository/Final Object Repo/Login Page/Internal User/Email Address'

2018-12-14 10:30:20 - [MESSAGE][PASSED] - Text 'johorotc1@gmail.com' is set on object 'Object Repository/Final Object Repo/Login Page/Internal User/Email Address'

2018-12-14 10:30:20 - [TEST_STEP][PASSED] - click: Object: 'Object Repository/Final Object Repo/Login Page/Internal User/Next Button' is clicked on

2018-12-14 10:30:20 - [MESSAGE][PASSED] - Object: 'Object Repository/Final Object Repo/Login Page/Internal User/Next Button' is clicked on

2018-12-14 10:30:20 - [TEST_STEP][PASSED] - delay: Delayed 1 second(s)

2018-12-14 10:30:21 - [MESSAGE][PASSED] - Delayed 1 second(s)

2018-12-14 10:30:21 - [TEST_STEP][PASSED] - setEncryptedText: Text ****** has been set on object 'Object Repository/Final Object Repo/Login Page/Internal User/Password'

2018-12-14 10:30:21 - [MESSAGE][PASSED] - Text ****** has been set on object 'Object Repository/Final Object Repo/Login Page/Internal User/Password'

2018-12-14 10:30:21 - [TEST_STEP][PASSED] - click: Object: 'Object Repository/Final Object Repo/Login Page/Internal User/Login Button' is clicked on

2018-12-14 10:30:21 - [MESSAGE][PASSED] - Object: 'Object Repository/Final Object Repo/Login Page/Internal User/Login Button' is clicked on

2018-12-14 10:30:21 - [TEST_STEP][PASSED] - delay: Delayed 1 second(s)

2018-12-14 10:30:22 - [MESSAGE][PASSED] - Delayed 1 second(s)

2018-12-14 10:30:22 - [TEST_STEP][PASSED] - Statement - Try: Delayed 2 second(s)

2018-12-14 10:30:22 - [TEST_STEP][PASSED] - Statement - Checker = false: null

2018-12-14 10:30:22 - [TEST_STEP][PASSED] - Statement - Checker = com.kms.katalon.core.webui.keyword.WebUiBuiltInKeywords.verifyElementHasAttribute(com.kms.katalon.core.testobject.ObjectRepository.findTestObject(Final Object Repo/Landing Page/BM Detecting), "href", 20, OPTIONAL): Object 'Object Repository/Final Object Repo/Landing Page/BM Detecting' has attribute 'href'

2018-12-14 10:30:24 - [MESSAGE][PASSED] - Object 'Object Repository/Final Object Repo/Landing Page/BM Detecting' has attribute 'href'

2018-12-14 10:30:24 - [TEST_STEP][PASSED] - Statement - out.println(Checker): null

2018-12-14 10:30:24 - [TEST_STEP][PASSED] - Statement - If (Checker == false): null

2018-12-14 10:30:24 - [TEST_STEP][PASSED] - Statement - Else: null

2018-12-14 10:30:24 - [TEST_STEP][PASSED] - delay: Delayed 2 second(s)

2018-12-14 10:30:26 - [MESSAGE][PASSED] - Delayed 2 second(s)

2018-12-14 10:30:26 - [TEST_STEP][PASSED] - navigateToUrl: Navigate to 'https://assist2-uat.perkeso.gov.my/web/registration/search/search-pending-case-for-add-supporting-document' successfully

2018-12-14 10:30:27 - [MESSAGE][PASSED] - Navigate to 'https://assist2-uat.perkeso.gov.my/web/registration/search/search-pending-case-for-add-supporting-document' successfully

2018-12-14 10:30:27 - [TEST_STEP][PASSED] - click: Object: 'Object Repository/Final Object Repo/Page_Search Pending Case For Add Suporting Document/Search By' is clicked on

2018-12-14 10:30:27 - [MESSAGE][PASSED] - Object: 'Object Repository/Final Object Repo/Page_Search Pending Case For Add Suporting Document/Search By' is clicked on

2018-12-14 10:30:27 - [TEST_STEP][PASSED] - click: Object: 'Object Repository/Final Object Repo/Page_Search Pending Case For Add Suporting Document/Search By - Reference ID' is clicked on

2018-12-14 10:30:27 - [MESSAGE][PASSED] - Object: 'Object Repository/Final Object Repo/Page_Search Pending Case For Add Suporting Document/Search By - Reference ID' is clicked on

2018-12-14 10:30:27 - [TEST_STEP][PASSED] - delay: Delayed 2 second(s)

2018-12-14 10:30:29 - [MESSAGE][PASSED] - Delayed 2 second(s)

2018-12-14 10:30:29 - [TEST_STEP][PASSED] - setText: Text 'CUN122018C200001756' is set on object 'Object Repository/Final Object Repo/Page_Search Pending Case For Add Suporting Document/Reference ID'

2018-12-14 10:30:29 - [MESSAGE][PASSED] - Text 'CUN122018C200001756' is set on object 'Object Repository/Final Object Repo/Page_Search Pending Case For Add Suporting Document/Reference ID'

2018-12-14 10:30:29 - [TEST_STEP][PASSED] - click: Object: 'Object Repository/Final Object Repo/Page_Search Pending Case For Add Suporting Document/Search' is clicked on

2018-12-14 10:30:29 - [MESSAGE][PASSED] - Object: 'Object Repository/Final Object Repo/Page_Search Pending Case For Add Suporting Document/Search' is clicked on

2018-12-14 10:30:29 - [TEST_STEP][PASSED] - delay: Delayed 2 second(s)

2018-12-14 10:30:31 - [MESSAGE][PASSED] - Delayed 2 second(s)

2018-12-14 10:30:31 - [TEST_STEP][PASSED] - click: Object: 'Object Repository/Final Object Repo/Page_Search Pending Case For Add Suporting Document/Edit' is clicked on

2018-12-14 10:30:37 - [MESSAGE][PASSED] - Object: 'Object Repository/Final Object Repo/Page_Search Pending Case For Add Suporting Document/Edit' is clicked on

2018-12-14 10:30:37 - [MESSAGE][PASSED] - Call Test Case 'Test Cases/Final Aug 2018 - PKS Automation/Registration Module/Workflow/Search Pending Case For Add Supporting Document (OTC)' successfully

2018-12-14 10:30:37 - [TEST_STEP][PASSED] - click: Object: 'Object Repository/Final Object Repo/Page_Form 1A - Cessation As Employer/Page_Form 1A - Cessation As Employer (Query -OTC -UO)/Next in Form 1A Page' is clicked on

2018-12-14 10:30:38 - [MESSAGE][PASSED] - Object: 'Object Repository/Final Object Repo/Page_Form 1A - Cessation As Employer/Page_Form 1A - Cessation As Employer (Query -OTC -UO)/Next in Form 1A Page' is clicked on

2018-12-14 10:30:38 - [TEST_STEP][PASSED] - delay: Delayed 2 second(s)

2018-12-14 10:30:40 - [MESSAGE][PASSED] - Delayed 2 second(s)

2018-12-14 10:30:40 - [TEST_STEP][PASSED] - click: Object: 'Object Repository/Final Object Repo/Page_Form 1A - Cessation As Employer/Page_Form 1A - Cessation As Employer (Query -OTC -UO)/Next in Resigned Date Page' is clicked on

2018-12-14 10:30:43 - [MESSAGE][PASSED] - Object: 'Object Repository/Final Object Repo/Page_Form 1A - Cessation As Employer/Page_Form 1A - Cessation As Employer (Query -OTC -UO)/Next in Resigned Date Page' is clicked on

2018-12-14 10:30:43 - [TEST_STEP][PASSED] - delay: Delayed 2 second(s)

2018-12-14 10:30:45 - [MESSAGE][PASSED] - Delayed 2 second(s)

2018-12-14 10:30:45 - [TEST_STEP][PASSED] - click: Object: 'Object Repository/Final Object Repo/Page_Form 1A - Cessation As Employer/Page_Form 1A - Cessation As Employer (Query -OTC -UO)/Add Document' is clicked on

2018-12-14 10:30:45 - [MESSAGE][PASSED] - Object: 'Object Repository/Final Object Repo/Page_Form 1A - Cessation As Employer/Page_Form 1A - Cessation As Employer (Query -OTC -UO)/Add Document' is clicked on

2018-12-14 10:30:45 - [TEST_STEP][PASSED] - delay: Delayed 2 second(s)

2018-12-14 10:30:47 - [MESSAGE][PASSED] - Delayed 2 second(s)

2018-12-14 10:30:47 - [TEST_STEP][PASSED] - click: Object: 'Object Repository/Final Object Repo/Page_Form 1A - Cessation As Employer/Page_Form 1A - Cessation As Employer (Query -OTC -UO)/Document Type' is clicked on

2018-12-14 10:30:51 - [MESSAGE][PASSED] - Object: 'Object Repository/Final Object Repo/Page_Form 1A - Cessation As Employer/Page_Form 1A - Cessation As Employer (Query -OTC -UO)/Document Type' is clicked on

2018-12-14 10:30:51 - [TEST_STEP][PASSED] - click: Object: 'Object Repository/Final Object Repo/Page_Form 1A - Cessation As Employer/Page_Form 1A - Cessation As Employer (Query -OTC -UO)/Document Type - Others' is clicked on

2018-12-14 10:30:51 - [MESSAGE][PASSED] - Object: 'Object Repository/Final Object Repo/Page_Form 1A - Cessation As Employer/Page_Form 1A - Cessation As Employer (Query -OTC -UO)/Document Type - Others' is clicked on

2018-12-14 10:30:51 - [TEST_STEP][PASSED] - delay: Delayed 2 second(s)

2018-12-14 10:30:53 - [MESSAGE][PASSED] - Delayed 2 second(s)

2018-12-14 10:30:53 - [TEST_STEP][PASSED] - sendKeys: Keys 'C:\Users\Public\Pictures\Sample Pictures\Koala.jpg' sent to object: 'Object Repository/Final Object Repo/Page_Form 1A - Cessation As Employer/Uploading File'

2018-12-14 10:30:53 - [MESSAGE][PASSED] - Keys 'C:\Users\Public\Pictures\Sample Pictures\Koala.jpg' sent to object: 'Object Repository/Final Object Repo/Page_Form 1A - Cessation As Employer/Uploading File'

2018-12-14 10:30:53 - [TEST_STEP][PASSED] - delay: Delayed 2 second(s)

2018-12-14 10:30:55 - [MESSAGE][PASSED] - Delayed 2 second(s)

2018-12-14 10:30:55 - [TEST_STEP][PASSED] - click: Object: 'Object Repository/Final Object Repo/Page_Form 1A - Cessation As Employer/Page_Form 1A - Cessation As Employer (Query -OTC -UO)/Add Document in Uploading Page' is clicked on

2018-12-14 10:30:55 - [MESSAGE][PASSED] - Object: 'Object Repository/Final Object Repo/Page_Form 1A - Cessation As Employer/Page_Form 1A - Cessation As Employer (Query -OTC -UO)/Add Document in Uploading Page' is clicked on

2018-12-14 10:30:55 - [TEST_STEP][PASSED] - delay: Delayed 4 second(s)

2018-12-14 10:30:59 - [MESSAGE][PASSED] - Delayed 4 second(s)

2018-12-14 10:30:59 - [TEST_STEP][PASSED] - click: Object: 'Object Repository/Final Object Repo/Page_Form 1A - Cessation As Employer/Page_Form 1A - Cessation As Employer (Query -OTC -UO)/Exit' is clicked on

2018-12-14 10:31:00 - [MESSAGE][PASSED] - Object: 'Object Repository/Final Object Repo/Page_Form 1A - Cessation As Employer/Page_Form 1A - Cessation As Employer (Query -OTC -UO)/Exit' is clicked on

2018-12-14 10:31:00 - [TEST_STEP][PASSED] - delay: Delayed 1 second(s)

2018-12-14 10:31:01 - [MESSAGE][PASSED] - Delayed 1 second(s)

2018-12-14 10:31:01 - [TEST_STEP][PASSED] - navigateToUrl: Navigate to 'https://assist2-uat.perkeso.gov.my/c/portal/logout' successfully

2018-12-14 10:31:02 - [MESSAGE][PASSED] - Navigate to 'https://assist2-uat.perkeso.gov.my/c/portal/logout' successfully

2018-12-14 10:31:02 - [TEST_STEP][PASSED] - delay: Delayed 1 second(s)

2018-12-14 10:31:03 - [MESSAGE][PASSED] - Delayed 1 second(s)

2018-12-14 10:31:03 - [TEST_STEP][PASSED] - callTestCase: Call Test Case 'Test Cases/Final Aug 2018 - PKS Automation/Registration Module/Workflow/Login and Search Case For Workflow' successfully

2018-12-14 10:31:03 - [TEST_CASE][PASSED] - Test Cases/Final Aug 2018 - PKS Automation/Registration Module/Workflow/Login and Search Case For Workflow: Test Cases/Final Aug 2018 - PKS Automation/Registration Module/Workflow/Login and Search Case For Workflow

2018-12-14 10:31:03 - [TEST_STEP][PASSED] - navigateToUrl: Navigate to 'https://assist2-uat.perkeso.gov.my/login' successfully

2018-12-14 10:31:03 - [MESSAGE][PASSED] - Navigate to 'https://assist2-uat.perkeso.gov.my/login' successfully

2018-12-14 10:31:03 - [TEST_STEP][PASSED] - setText: Text 'johoruo3@gmail.com' is set on object 'Object Repository/Final Object Repo/Login Page/Internal User/Email Address'

2018-12-14 10:31:04 - [MESSAGE][PASSED] - Text 'johoruo3@gmail.com' is set on object 'Object Repository/Final Object Repo/Login Page/Internal User/Email Address'

2018-12-14 10:31:04 - [TEST_STEP][PASSED] - click: Object: 'Object Repository/Final Object Repo/Login Page/Internal User/Next Button' is clicked on

2018-12-14 10:31:04 - [MESSAGE][PASSED] - Object: 'Object Repository/Final Object Repo/Login Page/Internal User/Next Button' is clicked on

2018-12-14 10:31:04 - [TEST_STEP][PASSED] - delay: Delayed 1 second(s)

2018-12-14 10:31:05 - [MESSAGE][PASSED] - Delayed 1 second(s)

2018-12-14 10:31:05 - [TEST_STEP][PASSED] - setEncryptedText: Text ****** has been set on object 'Object Repository/Final Object Repo/Login Page/Internal User/Password'

2018-12-14 10:31:06 - [MESSAGE][PASSED] - Text ****** has been set on object 'Object Repository/Final Object Repo/Login Page/Internal User/Password'

2018-12-14 10:31:06 - [TEST_STEP][PASSED] - click: Object: 'Object Repository/Final Object Repo/Login Page/Internal User/Login Button' is clicked on

2018-12-14 10:31:06 - [MESSAGE][PASSED] - Object: 'Object Repository/Final Object Repo/Login Page/Internal User/Login Button' is clicked on

2018-12-14 10:31:06 - [TEST_STEP][PASSED] - delay: Delayed 2 second(s)

2018-12-14 10:31:08 - [MESSAGE][PASSED] - Delayed 2 second(s)

2018-12-14 10:31:08 - [TEST_STEP][PASSED] - Statement - Try: Delayed 2 second(s)

2018-12-14 10:31:08 - [TEST_STEP][PASSED] - Statement - Checker = false: null

2018-12-14 10:31:08 - [TEST_STEP][PASSED] - Statement - Checker = com.kms.katalon.core.webui.keyword.WebUiBuiltInKeywords.verifyElementHasAttribute(com.kms.katalon.core.testobject.ObjectRepository.findTestObject(Final Object Repo/Landing Page/BM Detecting), "href", 20, OPTIONAL): Object 'Object Repository/Final Object Repo/Landing Page/BM Detecting' has attribute 'href'

2018-12-14 10:31:09 - [MESSAGE][PASSED] - Object 'Object Repository/Final Object Repo/Landing Page/BM Detecting' has attribute 'href'

2018-12-14 10:31:09 - [TEST_STEP][PASSED] - Statement - out.println(Checker): null

2018-12-14 10:31:09 - [TEST_STEP][PASSED] - Statement - If (Checker == false): null

2018-12-14 10:31:09 - [TEST_STEP][PASSED] - Statement - Else: null

2018-12-14 10:31:09 - [TEST_STEP][PASSED] - delay: Delayed 2 second(s)

2018-12-14 10:31:11 - [MESSAGE][PASSED] - Delayed 2 second(s)

2018-12-14 10:31:11 - [TEST_STEP][PASSED] - click: Object: 'Object Repository/Final Object Repo/Page_MyASSIST - ASSIST - Search Pending Case For Add Supporting Document/Search Information' is clicked on

2018-12-14 10:31:11 - [MESSAGE][PASSED] - Object: 'Object Repository/Final Object Repo/Page_MyASSIST - ASSIST - Search Pending Case For Add Supporting Document/Search Information' is clicked on

2018-12-14 10:31:11 - [TEST_STEP][PASSED] - delay: Delayed 3 second(s)

2018-12-14 10:31:14 - [MESSAGE][PASSED] - Delayed 3 second(s)

2018-12-14 10:31:14 - [TEST_STEP][PASSED] - sendKeys: Keys 'CUN122018C200001756' sent to object: 'Object Repository/Final Object Repo/Page_MyASSIST - ASSIST - Search Pending Case For Add Supporting Document/Reference No'

2018-12-14 10:31:14 - [MESSAGE][PASSED] - Keys 'CUN122018C200001756' sent to object: 'Object Repository/Final Object Repo/Page_MyASSIST - ASSIST - Search Pending Case For Add Supporting Document/Reference No'

2018-12-14 10:31:14 - [TEST_STEP][PASSED] - click: Object: 'Object Repository/Final Object Repo/Page_MyASSIST - ASSIST - Search Pending Case For Add Supporting Document/Search Reference No' is clicked on

2018-12-14 10:31:14 - [MESSAGE][PASSED] - Object: 'Object Repository/Final Object Repo/Page_MyASSIST - ASSIST - Search Pending Case For Add Supporting Document/Search Reference No' is clicked on

2018-12-14 10:31:14 - [TEST_STEP][PASSED] - delay: Delayed 2 second(s)

2018-12-14 10:31:16 - [MESSAGE][PASSED] - Delayed 2 second(s)

2018-12-14 10:31:16 - [TEST_STEP][PASSED] - click: Object: 'Object Repository/Final Object Repo/Page_MyASSIST - ASSIST - Search Pending Case For Add Supporting Document/Continue' is clicked on

2018-12-14 10:31:19 - [MESSAGE][PASSED] - Object: 'Object Repository/Final Object Repo/Page_MyASSIST - ASSIST - Search Pending Case For Add Supporting Document/Continue' is clicked on

2018-12-14 10:31:19 - [TEST_STEP][PASSED] - delay: Delayed 20 second(s)

2018-12-14 10:31:39 - [MESSAGE][PASSED] - Delayed 20 second(s)

2018-12-14 10:31:39 - [MESSAGE][PASSED] - Call Test Case 'Test Cases/Final Aug 2018 - PKS Automation/Registration Module/Workflow/Login and Search Case For Workflow' successfully

2018-12-14 10:31:39 - [TEST_STEP][PASSED] - click: Object: 'Object Repository/Final Object Repo/Page_Form 1A - Cessation As Employer/Page_Form 1A - Cessation As Employer (Approve)/Save  Continue in Form 1A Page' is clicked on

2018-12-14 10:31:40 - [MESSAGE][PASSED] - Object: 'Object Repository/Final Object Repo/Page_Form 1A - Cessation As Employer/Page_Form 1A - Cessation As Employer (Approve)/Save  Continue in Form 1A Page' is clicked on

2018-12-14 10:31:40 - [TEST_STEP][PASSED] - delay: Delayed 3 second(s)

2018-12-14 10:31:43 - [MESSAGE][PASSED] - Delayed 3 second(s)

2018-12-14 10:31:43 - [TEST_STEP][PASSED] - click: Object: 'Object Repository/Final Object Repo/Page_Form 1A - Cessation As Employer/Page_Form 1A - Cessation As Employer (Approve)/Save  Continue in Update Add Employee Resigned Date Page' is clicked on

2018-12-14 10:31:43 - [MESSAGE][PASSED] - Object: 'Object Repository/Final Object Repo/Page_Form 1A - Cessation As Employer/Page_Form 1A - Cessation As Employer (Approve)/Save  Continue in Update Add Employee Resigned Date Page' is clicked on

2018-12-14 10:31:43 - [TEST_STEP][PASSED] - delay: Delayed 3 second(s)

2018-12-14 10:31:46 - [MESSAGE][PASSED] - Delayed 3 second(s)

2018-12-14 10:31:46 - [TEST_STEP][PASSED] - click: Object: 'Object Repository/Final Object Repo/Page_Form 1A - Cessation As Employer/Page_Form 1A - Cessation As Employer (Approve)/Save  Contine in Uploading Document Page' is clicked on

2018-12-14 10:31:46 - [MESSAGE][PASSED] - Object: 'Object Repository/Final Object Repo/Page_Form 1A - Cessation As Employer/Page_Form 1A - Cessation As Employer (Approve)/Save  Contine in Uploading Document Page' is clicked on

2018-12-14 10:31:46 - [TEST_STEP][PASSED] - delay: Delayed 3 second(s)

2018-12-14 10:31:49 - [MESSAGE][PASSED] - Delayed 3 second(s)

2018-12-14 10:31:49 - [TEST_STEP][PASSED] - click: Object: 'Object Repository/Final Object Repo/Page_Form 1A - Cessation As Employer/Page_Form 1A - Cessation As Employer (Approve)/Approve' is clicked on

2018-12-14 10:31:51 - [MESSAGE][PASSED] - Object: 'Object Repository/Final Object Repo/Page_Form 1A - Cessation As Employer/Page_Form 1A - Cessation As Employer (Approve)/Approve' is clicked on

2018-12-14 10:31:51 - [TEST_STEP][PASSED] - delay: Delayed 2 second(s)

2018-12-14 10:31:53 - [MESSAGE][PASSED] - Delayed 2 second(s)

2018-12-14 10:31:53 - [TEST_STEP][PASSED] - click: Object: 'Object Repository/Final Object Repo/Page_Form 1A - Cessation As Employer/Confirm' is clicked on

2018-12-14 10:31:53 - [MESSAGE][PASSED] - Object: 'Object Repository/Final Object Repo/Page_Form 1A - Cessation As Employer/Confirm' is clicked on

2018-12-14 10:31:53 - [TEST_STEP][PASSED] - delay: Delayed 2 second(s)

2018-12-14 10:31:55 - [MESSAGE][PASSED] - Delayed 2 second(s)

2018-12-14 10:31:55 - [TEST_STEP][PASSED] - click: Object: 'Object Repository/Final Object Repo/Page_Form 1A - Cessation As Employer/Page_Form 1A - Cessation As Employer (Approve)/Message Your Request    Form 1A ' is clicked on

2018-12-14 10:32:04 - [MESSAGE][PASSED] - Object: 'Object Repository/Final Object Repo/Page_Form 1A - Cessation As Employer/Page_Form 1A - Cessation As Employer (Approve)/Message Your Request    Form 1A ' is clicked on

2018-12-14 10:32:04 - [TEST_STEP][PASSED] - delay: Delayed 2 second(s)

2018-12-14 10:32:06 - [MESSAGE][PASSED] - Delayed 2 second(s)

2018-12-14 10:32:06 - [TEST_STEP][PASSED] - click: Object: 'Object Repository/Final Object Repo/Page_Form 1A - Cessation As Employer/Page_Form 1A - Cessation As Employer (Approve)/Letter of successful update' is clicked on

2018-12-14 10:32:07 - [MESSAGE][PASSED] - Object: 'Object Repository/Final Object Repo/Page_Form 1A - Cessation As Employer/Page_Form 1A - Cessation As Employer (Approve)/Letter of successful update' is clicked on

2018-12-14 10:32:07 - [MESSAGE][PASSED] - Call Test Case 'Test Cases/Final Aug 2018 - PKS Automation/Registration Module/Workflow/Form 1A - Cessation As Employer/Template/Form 1 A - Cessation As Employer (Query)' successfully]]></system-out>
         <system-err><![CDATA[]]></system-err>
      </testcase>
      <testcase name="Test Cases/Final Aug 2018 - PKS Automation/Registration Module/Workflow/Form 1A - Cessation As Employer/OTC to UO (Reject)" classname="Test Cases/Final Aug 2018 - PKS Automation/Registration Module/Workflow/Form 1A - Cessation As Employer/OTC to UO (Reject)" status="PASSED">
         <system-out><![CDATA[2018-12-14 10:32:07 - [TEST_CASE][PASSED] - Test Cases/Final Aug 2018 - PKS Automation/Registration Module/Workflow/Form 1A - Cessation As Employer/OTC to UO (Reject): Test Cases/Final Aug 2018 - PKS Automation/Registration Module/Workflow/Form 1A - Cessation As Employer/OTC to UO (Reject)

2018-12-14 10:32:07 - [TEST_STEP][PASSED] - callTestCase: Call Test Case 'Test Cases/Final Aug 2018 - PKS Automation/Registration Module/Workflow/Form 1A - Cessation As Employer/Template/Form 1 A - Cessation As Employer (OTC)' successfully

2018-12-14 10:32:07 - [TEST_CASE][PASSED] - Test Cases/Final Aug 2018 - PKS Automation/Registration Module/Workflow/Form 1A - Cessation As Employer/Template/Form 1 A - Cessation As Employer (OTC): Test Cases/Final Aug 2018 - PKS Automation/Registration Module/Workflow/Form 1A - Cessation As Employer/Template/Form 1 A - Cessation As Employer (OTC)

2018-12-14 10:32:07 - [TEST_STEP][PASSED] - openBrowser: Browser is opened with url: ''

2018-12-14 10:32:07 - [MESSAGE][WARNING] - A browser is already opened. Closing browser and opening a new one

2018-12-14 10:32:10 - [MESSAGE][PASSED] - Browser is opened with url: ''

2018-12-14 10:32:10 - [TEST_STEP][PASSED] - navigateToUrl: Navigate to 'https://assist2-uat.perkeso.gov.my/login' successfully

2018-12-14 10:32:12 - [MESSAGE][PASSED] - Navigate to 'https://assist2-uat.perkeso.gov.my/login' successfully

2018-12-14 10:32:12 - [TEST_STEP][PASSED] - setText: Text 'johorotc1@gmail.com' is set on object 'Object Repository/Final Object Repo/Login Page/Internal User/Email Address'

2018-12-14 10:32:12 - [MESSAGE][PASSED] - Text 'johorotc1@gmail.com' is set on object 'Object Repository/Final Object Repo/Login Page/Internal User/Email Address'

2018-12-14 10:32:12 - [TEST_STEP][PASSED] - click: Object: 'Object Repository/Final Object Repo/Login Page/Internal User/Next Button' is clicked on

2018-12-14 10:32:12 - [MESSAGE][PASSED] - Object: 'Object Repository/Final Object Repo/Login Page/Internal User/Next Button' is clicked on

2018-12-14 10:32:12 - [TEST_STEP][PASSED] - delay: Delayed 1 second(s)

2018-12-14 10:32:13 - [MESSAGE][PASSED] - Delayed 1 second(s)

2018-12-14 10:32:13 - [TEST_STEP][PASSED] - setEncryptedText: Text ****** has been set on object 'Object Repository/Final Object Repo/Login Page/Internal User/Password'

2018-12-14 10:32:13 - [MESSAGE][PASSED] - Text ****** has been set on object 'Object Repository/Final Object Repo/Login Page/Internal User/Password'

2018-12-14 10:32:13 - [TEST_STEP][PASSED] - click: Object: 'Object Repository/Final Object Repo/Login Page/Internal User/Login Button' is clicked on

2018-12-14 10:32:14 - [MESSAGE][PASSED] - Object: 'Object Repository/Final Object Repo/Login Page/Internal User/Login Button' is clicked on

2018-12-14 10:32:14 - [TEST_STEP][PASSED] - delay: Delayed 1 second(s)

2018-12-14 10:32:15 - [MESSAGE][PASSED] - Delayed 1 second(s)

2018-12-14 10:32:15 - [TEST_STEP][PASSED] - Statement - Try: Delayed 2 second(s)

2018-12-14 10:32:15 - [TEST_STEP][PASSED] - Statement - Checker = false: null

2018-12-14 10:32:15 - [TEST_STEP][PASSED] - Statement - Checker = com.kms.katalon.core.webui.keyword.WebUiBuiltInKeywords.verifyElementHasAttribute(com.kms.katalon.core.testobject.ObjectRepository.findTestObject(Final Object Repo/Landing Page/BM Detecting), "href", 20, OPTIONAL): Object 'Object Repository/Final Object Repo/Landing Page/BM Detecting' has attribute 'href'

2018-12-14 10:32:16 - [MESSAGE][PASSED] - Object 'Object Repository/Final Object Repo/Landing Page/BM Detecting' has attribute 'href'

2018-12-14 10:32:16 - [TEST_STEP][PASSED] - Statement - out.println(Checker): null

2018-12-14 10:32:16 - [TEST_STEP][PASSED] - Statement - If (Checker == false): null

2018-12-14 10:32:16 - [TEST_STEP][PASSED] - Statement - Else: null

2018-12-14 10:32:16 - [TEST_STEP][PASSED] - delay: Delayed 2 second(s)

2018-12-14 10:32:18 - [MESSAGE][PASSED] - Delayed 2 second(s)

2018-12-14 10:32:18 - [TEST_STEP][PASSED] - navigateToUrl: Navigate to 'https://assist2-uat.perkeso.gov.my/web/registration/update/form-1a-cessation-as-employer-discontinue-business-' successfully

2018-12-14 10:32:18 - [MESSAGE][PASSED] - Navigate to 'https://assist2-uat.perkeso.gov.my/web/registration/update/form-1a-cessation-as-employer-discontinue-business-' successfully

2018-12-14 10:32:18 - [TEST_STEP][PASSED] - setText: Text 'E1102069770Z' is set on object 'Object Repository/Final Object Repo/Page_Update Employer Information/Employer Code'

2018-12-14 10:32:19 - [MESSAGE][PASSED] - Text 'E1102069770Z' is set on object 'Object Repository/Final Object Repo/Page_Update Employer Information/Employer Code'

2018-12-14 10:32:19 - [TEST_STEP][PASSED] - click: Object: 'Object Repository/Final Object Repo/Page_Update Employer Information/Search Button' is clicked on

2018-12-14 10:32:19 - [MESSAGE][PASSED] - Object: 'Object Repository/Final Object Repo/Page_Update Employer Information/Search Button' is clicked on

2018-12-14 10:32:19 - [TEST_STEP][PASSED] - click: Object: 'Object Repository/Final Object Repo/Page_Update Employer Information/Edit Button' is clicked on

2018-12-14 10:32:21 - [MESSAGE][PASSED] - Object: 'Object Repository/Final Object Repo/Page_Update Employer Information/Edit Button' is clicked on

2018-12-14 10:32:21 - [TEST_STEP][PASSED] - Statement - abc = com.kms.katalon.core.webui.keyword.WebUiBuiltInKeywords.getAttribute(com.kms.katalon.core.testobject.ObjectRepository.findTestObject(Final Object Repo/Page_Form 1A - Cessation As Employer/Employer Status), "value"): Attribute 'value' of object 'Object Repository/Final Object Repo/Page_Form 1A - Cessation As Employer/Employer Status' is: 'Dormant'

2018-12-14 10:32:21 - [MESSAGE][PASSED] - Attribute 'value' of object 'Object Repository/Final Object Repo/Page_Form 1A - Cessation As Employer/Employer Status' is: 'Dormant'

2018-12-14 10:32:21 - [TEST_STEP][PASSED] - Statement - out.println(abc): null

2018-12-14 10:32:21 - [TEST_STEP][PASSED] - Statement - If (abc == "Active"): null

2018-12-14 10:32:21 - [TEST_STEP][PASSED] - Statement - Else If (abc == "Cancel"): null

2018-12-14 10:32:21 - [TEST_STEP][PASSED] - Statement - Else If (abc == "Dormant"): Object: 'Object Repository/Final Object Repo/Page_Form 1A - Cessation As Employer/Change Employer Status to - Dormant' is clicked on

2018-12-14 10:32:21 - [TEST_STEP][PASSED] - click: Object: 'Object Repository/Final Object Repo/Page_Form 1A - Cessation As Employer/Change Employer Status to' is clicked on

2018-12-14 10:32:22 - [MESSAGE][PASSED] - Object: 'Object Repository/Final Object Repo/Page_Form 1A - Cessation As Employer/Change Employer Status to' is clicked on

2018-12-14 10:32:22 - [TEST_STEP][PASSED] - click: Object: 'Object Repository/Final Object Repo/Page_Form 1A - Cessation As Employer/Change Employer Status to - Dormant' is clicked on

2018-12-14 10:32:22 - [MESSAGE][PASSED] - Object: 'Object Repository/Final Object Repo/Page_Form 1A - Cessation As Employer/Change Employer Status to - Dormant' is clicked on

2018-12-14 10:32:22 - [TEST_STEP][PASSED] - click: Object: 'Object Repository/Final Object Repo/Page_Form 1A - Cessation As Employer/Calender' is clicked on

2018-12-14 10:32:22 - [MESSAGE][PASSED] - Object: 'Object Repository/Final Object Repo/Page_Form 1A - Cessation As Employer/Calender' is clicked on

2018-12-14 10:32:22 - [TEST_STEP][PASSED] - click: Object: 'Object Repository/Final Object Repo/Page_Form 1A - Cessation As Employer/Calender - Date' is clicked on

2018-12-14 10:32:22 - [MESSAGE][PASSED] - Object: 'Object Repository/Final Object Repo/Page_Form 1A - Cessation As Employer/Calender - Date' is clicked on

2018-12-14 10:32:22 - [TEST_STEP][PASSED] - delay: Delayed 2 second(s)

2018-12-14 10:32:24 - [MESSAGE][PASSED] - Delayed 2 second(s)

2018-12-14 10:32:24 - [TEST_STEP][PASSED] - click: Object: 'Object Repository/Final Object Repo/Page_Form 1A - Cessation As Employer/Save  Continue in Form 1A Page' is clicked on

2018-12-14 10:32:25 - [MESSAGE][PASSED] - Object: 'Object Repository/Final Object Repo/Page_Form 1A - Cessation As Employer/Save  Continue in Form 1A Page' is clicked on

2018-12-14 10:32:25 - [TEST_STEP][PASSED] - delay: Delayed 2 second(s)

2018-12-14 10:32:27 - [MESSAGE][PASSED] - Delayed 2 second(s)

2018-12-14 10:32:27 - [TEST_STEP][PASSED] - click: Object: 'Object Repository/Final Object Repo/Page_Form 1A - Cessation As Employer/Employment Resign Date' is clicked on

2018-12-14 10:32:27 - [MESSAGE][PASSED] - Object: 'Object Repository/Final Object Repo/Page_Form 1A - Cessation As Employer/Employment Resign Date' is clicked on

2018-12-14 10:32:27 - [TEST_STEP][PASSED] - delay: Delayed 1 second(s)

2018-12-14 10:32:28 - [MESSAGE][PASSED] - Delayed 1 second(s)

2018-12-14 10:32:28 - [TEST_STEP][PASSED] - Statement - CaseReferenceNo = com.kms.katalon.core.webui.keyword.WebUiBuiltInKeywords.getText(com.kms.katalon.core.testobject.ObjectRepository.findTestObject(Final Object Repo/Page_Update Employer Information/Reference Number in Update Employee Information Page)): Text of object 'Object Repository/Final Object Repo/Page_Update Employer Information/Reference Number in Update Employee Information Page' is: 'CUN122018C200001757'

2018-12-14 10:32:28 - [MESSAGE][PASSED] - Text of object 'Object Repository/Final Object Repo/Page_Update Employer Information/Reference Number in Update Employee Information Page' is: 'CUN122018C200001757'

2018-12-14 10:32:28 - [TEST_STEP][PASSED] - callTestCase: Call Test Case 'Test Cases/Final Aug 2018 - PKS Automation/Common/Reference Number Setter' successfully

2018-12-14 10:32:28 - [TEST_CASE][PASSED] - Test Cases/Final Aug 2018 - PKS Automation/Common/Reference Number Setter: Test Cases/Final Aug 2018 - PKS Automation/Common/Reference Number Setter

2018-12-14 10:32:28 - [TEST_STEP][PASSED] - Statement - RefNoOldFile = new java.io.File(C://Users//Admin//Desktop//PKS//Automation Reference Point//KatalonReference.txt): null

2018-12-14 10:32:28 - [TEST_STEP][PASSED] - Statement - RefNoOldFile.delete(): null

2018-12-14 10:32:28 - [TEST_STEP][PASSED] - delay: Delayed 5 second(s)

2018-12-14 10:32:33 - [MESSAGE][PASSED] - Delayed 5 second(s)

2018-12-14 10:32:33 - [TEST_STEP][PASSED] - Statement - RefNo = new java.io.File(C://Users//Admin//Desktop//PKS//Automation Reference Point//KatalonReference.txt): null

2018-12-14 10:32:33 - [TEST_STEP][PASSED] - Statement - f2 = new java.io.FileWriter(RefNo, false): null

2018-12-14 10:32:33 - [TEST_STEP][PASSED] - Statement - f2.write(CaseReferenceNo): null

2018-12-14 10:32:33 - [TEST_STEP][PASSED] - Statement - f2.close(): null

2018-12-14 10:32:33 - [TEST_STEP][PASSED] - Statement - out.println("


" + CaseReferenceNo + "


"): null

2018-12-14 10:32:33 - [MESSAGE][PASSED] - Call Test Case 'Test Cases/Final Aug 2018 - PKS Automation/Common/Reference Number Setter' successfully

2018-12-14 10:32:33 - [TEST_STEP][PASSED] - selectOptionByValue: All options with value '2030' are selected in object 'Object Repository/Final Object Repo/Page_Form 1A - Cessation As Employer/Employment Resign Date - Year' 

2018-12-14 10:32:33 - [MESSAGE][PASSED] - All options with value '2030' are selected in object 'Object Repository/Final Object Repo/Page_Form 1A - Cessation As Employer/Employment Resign Date - Year' 

2018-12-14 10:32:33 - [TEST_STEP][PASSED] - delay: Delayed 1 second(s)

2018-12-14 10:32:34 - [MESSAGE][PASSED] - Delayed 1 second(s)

2018-12-14 10:32:34 - [TEST_STEP][PASSED] - click: Object: 'Object Repository/Final Object Repo/Page_Form 1A - Cessation As Employer/Employment Resign Date - Year - Date' is clicked on

2018-12-14 10:32:34 - [MESSAGE][PASSED] - Object: 'Object Repository/Final Object Repo/Page_Form 1A - Cessation As Employer/Employment Resign Date - Year - Date' is clicked on

2018-12-14 10:32:34 - [TEST_STEP][PASSED] - delay: Delayed 2 second(s)

2018-12-14 10:32:36 - [MESSAGE][PASSED] - Delayed 2 second(s)

2018-12-14 10:32:36 - [TEST_STEP][PASSED] - click: Object: 'Object Repository/Final Object Repo/Page_Form 1A - Cessation As Employer/Save  Continue in Update Add Employee Resigned Date Page' is clicked on

2018-12-14 10:32:37 - [MESSAGE][PASSED] - Object: 'Object Repository/Final Object Repo/Page_Form 1A - Cessation As Employer/Save  Continue in Update Add Employee Resigned Date Page' is clicked on

2018-12-14 10:32:37 - [TEST_STEP][PASSED] - delay: Delayed 2 second(s)

2018-12-14 10:32:39 - [MESSAGE][PASSED] - Delayed 2 second(s)

2018-12-14 10:32:39 - [TEST_STEP][PASSED] - click: Object: 'Object Repository/Final Object Repo/Page_Form 1A - Cessation As Employer/Set Latest - Yes' is clicked on

2018-12-14 10:32:39 - [MESSAGE][PASSED] - Object: 'Object Repository/Final Object Repo/Page_Form 1A - Cessation As Employer/Set Latest - Yes' is clicked on

2018-12-14 10:32:39 - [TEST_STEP][PASSED] - delay: Delayed 2 second(s)

2018-12-14 10:32:41 - [MESSAGE][PASSED] - Delayed 2 second(s)

2018-12-14 10:32:41 - [TEST_STEP][PASSED] - click: Object: 'Object Repository/Final Object Repo/Page_Form 1A - Cessation As Employer/Add Document' is clicked on

2018-12-14 10:32:42 - [MESSAGE][PASSED] - Object: 'Object Repository/Final Object Repo/Page_Form 1A - Cessation As Employer/Add Document' is clicked on

2018-12-14 10:32:42 - [TEST_STEP][PASSED] - delay: Delayed 2 second(s)

2018-12-14 10:32:44 - [MESSAGE][PASSED] - Delayed 2 second(s)

2018-12-14 10:32:44 - [TEST_STEP][PASSED] - click: Object: 'Object Repository/Final Object Repo/Page_Form 1A - Cessation As Employer/Document Type' is clicked on

2018-12-14 10:32:45 - [MESSAGE][PASSED] - Object: 'Object Repository/Final Object Repo/Page_Form 1A - Cessation As Employer/Document Type' is clicked on

2018-12-14 10:32:45 - [TEST_STEP][PASSED] - delay: Delayed 2 second(s)

2018-12-14 10:32:47 - [MESSAGE][PASSED] - Delayed 2 second(s)

2018-12-14 10:32:47 - [TEST_STEP][PASSED] - click: Object: 'Object Repository/Final Object Repo/Page_Form 1A - Cessation As Employer/Document Type - Supporting Document For Cessation' is clicked on

2018-12-14 10:32:47 - [MESSAGE][PASSED] - Object: 'Object Repository/Final Object Repo/Page_Form 1A - Cessation As Employer/Document Type - Supporting Document For Cessation' is clicked on

2018-12-14 10:32:47 - [TEST_STEP][PASSED] - delay: Delayed 2 second(s)

2018-12-14 10:32:49 - [MESSAGE][PASSED] - Delayed 2 second(s)

2018-12-14 10:32:49 - [TEST_STEP][PASSED] - sendKeys: Keys 'C:\Users\Public\Pictures\Sample Pictures\Koala.jpg' sent to object: 'Object Repository/Final Object Repo/Page_Form 1A - Cessation As Employer/Uploading File'

2018-12-14 10:32:49 - [MESSAGE][PASSED] - Keys 'C:\Users\Public\Pictures\Sample Pictures\Koala.jpg' sent to object: 'Object Repository/Final Object Repo/Page_Form 1A - Cessation As Employer/Uploading File'

2018-12-14 10:32:49 - [TEST_STEP][PASSED] - delay: Delayed 2 second(s)

2018-12-14 10:32:51 - [MESSAGE][PASSED] - Delayed 2 second(s)

2018-12-14 10:32:51 - [TEST_STEP][PASSED] - click: Object: 'Object Repository/Final Object Repo/Page_Form 1A - Cessation As Employer/Add Document in Uploading Page' is clicked on

2018-12-14 10:32:51 - [MESSAGE][PASSED] - Object: 'Object Repository/Final Object Repo/Page_Form 1A - Cessation As Employer/Add Document in Uploading Page' is clicked on

2018-12-14 10:32:51 - [TEST_STEP][PASSED] - delay: Delayed 20 second(s)

2018-12-14 10:33:11 - [MESSAGE][PASSED] - Delayed 20 second(s)

2018-12-14 10:33:11 - [TEST_STEP][PASSED] - click: Object: 'Object Repository/Final Object Repo/Page_Form 1A - Cessation As Employer/Save  Continue in Uploading Page' is clicked on

2018-12-14 10:33:12 - [MESSAGE][PASSED] - Object: 'Object Repository/Final Object Repo/Page_Form 1A - Cessation As Employer/Save  Continue in Uploading Page' is clicked on

2018-12-14 10:33:12 - [TEST_STEP][PASSED] - delay: Delayed 2 second(s)

2018-12-14 10:33:14 - [MESSAGE][PASSED] - Delayed 2 second(s)

2018-12-14 10:33:14 - [TEST_STEP][PASSED] - click: Object: 'Object Repository/Final Object Repo/Page_Form 1A - Cessation As Employer/Submit2' is clicked on

2018-12-14 10:33:17 - [MESSAGE][PASSED] - Object: 'Object Repository/Final Object Repo/Page_Form 1A - Cessation As Employer/Submit2' is clicked on

2018-12-14 10:33:17 - [TEST_STEP][PASSED] - delay: Delayed 2 second(s)

2018-12-14 10:33:19 - [MESSAGE][PASSED] - Delayed 2 second(s)

2018-12-14 10:33:19 - [TEST_STEP][PASSED] - click: Object: 'Object Repository/Final Object Repo/Page_Form 1A - Cessation As Employer/Confirm' is clicked on

2018-12-14 10:33:19 - [MESSAGE][PASSED] - Object: 'Object Repository/Final Object Repo/Page_Form 1A - Cessation As Employer/Confirm' is clicked on

2018-12-14 10:33:19 - [TEST_STEP][PASSED] - delay: Delayed 2 second(s)

2018-12-14 10:33:21 - [MESSAGE][PASSED] - Delayed 2 second(s)

2018-12-14 10:33:21 - [TEST_STEP][PASSED] - verifyElementVisible: Object 'Object Repository/Final Object Repo/Page_Form 1A - Cessation As Employer/Message Your Request will be routed to UO' is visible

2018-12-14 10:33:24 - [MESSAGE][PASSED] - Object 'Object Repository/Final Object Repo/Page_Form 1A - Cessation As Employer/Message Your Request will be routed to UO' is visible

2018-12-14 10:33:24 - [TEST_STEP][PASSED] - delay: Delayed 1 second(s)

2018-12-14 10:33:25 - [MESSAGE][PASSED] - Delayed 1 second(s)

2018-12-14 10:33:25 - [TEST_STEP][PASSED] - verifyElementVisible: Object 'Object Repository/Final Object Repo/Page_Form 1A - Cessation As Employer/Letter of acknowledgement' is visible

2018-12-14 10:33:25 - [MESSAGE][PASSED] - Object 'Object Repository/Final Object Repo/Page_Form 1A - Cessation As Employer/Letter of acknowledgement' is visible

2018-12-14 10:33:25 - [MESSAGE][PASSED] - Call Test Case 'Test Cases/Final Aug 2018 - PKS Automation/Registration Module/Workflow/Form 1A - Cessation As Employer/Template/Form 1 A - Cessation As Employer (OTC)' successfully

2018-12-14 10:33:25 - [TEST_STEP][PASSED] - callTestCase: Call Test Case 'Test Cases/Final Aug 2018 - PKS Automation/Registration Module/Workflow/Form 1A - Cessation As Employer/Template/Form 1 A - Cessation As Employer (Reject)' successfully

2018-12-14 10:33:25 - [TEST_CASE][PASSED] - Test Cases/Final Aug 2018 - PKS Automation/Registration Module/Workflow/Form 1A - Cessation As Employer/Template/Form 1 A - Cessation As Employer (Reject): Test Cases/Final Aug 2018 - PKS Automation/Registration Module/Workflow/Form 1A - Cessation As Employer/Template/Form 1 A - Cessation As Employer (Reject)

2018-12-14 10:33:25 - [TEST_STEP][PASSED] - callTestCase: Call Test Case 'Test Cases/Final Aug 2018 - PKS Automation/Registration Module/Workflow/Form 1A - Cessation As Employer/Template/Form 1 A - Cessation As Employer (OTC)' successfully

2018-12-14 10:33:25 - [TEST_CASE][PASSED] - Test Cases/Final Aug 2018 - PKS Automation/Registration Module/Workflow/Form 1A - Cessation As Employer/Template/Form 1 A - Cessation As Employer (OTC): Test Cases/Final Aug 2018 - PKS Automation/Registration Module/Workflow/Form 1A - Cessation As Employer/Template/Form 1 A - Cessation As Employer (OTC)

2018-12-14 10:33:25 - [TEST_STEP][PASSED] - openBrowser: Browser is opened with url: ''

2018-12-14 10:33:25 - [MESSAGE][WARNING] - A browser is already opened. Closing browser and opening a new one

2018-12-14 10:33:29 - [MESSAGE][PASSED] - Browser is opened with url: ''

2018-12-14 10:33:29 - [TEST_STEP][PASSED] - navigateToUrl: Navigate to 'https://assist2-uat.perkeso.gov.my/login' successfully

2018-12-14 10:33:30 - [MESSAGE][PASSED] - Navigate to 'https://assist2-uat.perkeso.gov.my/login' successfully

2018-12-14 10:33:30 - [TEST_STEP][PASSED] - setText: Text 'johorotc1@gmail.com' is set on object 'Object Repository/Final Object Repo/Login Page/Internal User/Email Address'

2018-12-14 10:33:30 - [MESSAGE][PASSED] - Text 'johorotc1@gmail.com' is set on object 'Object Repository/Final Object Repo/Login Page/Internal User/Email Address'

2018-12-14 10:33:30 - [TEST_STEP][PASSED] - click: Object: 'Object Repository/Final Object Repo/Login Page/Internal User/Next Button' is clicked on

2018-12-14 10:33:30 - [MESSAGE][PASSED] - Object: 'Object Repository/Final Object Repo/Login Page/Internal User/Next Button' is clicked on

2018-12-14 10:33:30 - [TEST_STEP][PASSED] - delay: Delayed 1 second(s)

2018-12-14 10:33:31 - [MESSAGE][PASSED] - Delayed 1 second(s)

2018-12-14 10:33:31 - [TEST_STEP][PASSED] - setEncryptedText: Text ****** has been set on object 'Object Repository/Final Object Repo/Login Page/Internal User/Password'

2018-12-14 10:33:32 - [MESSAGE][PASSED] - Text ****** has been set on object 'Object Repository/Final Object Repo/Login Page/Internal User/Password'

2018-12-14 10:33:32 - [TEST_STEP][PASSED] - click: Object: 'Object Repository/Final Object Repo/Login Page/Internal User/Login Button' is clicked on

2018-12-14 10:33:32 - [MESSAGE][PASSED] - Object: 'Object Repository/Final Object Repo/Login Page/Internal User/Login Button' is clicked on

2018-12-14 10:33:32 - [TEST_STEP][PASSED] - delay: Delayed 1 second(s)

2018-12-14 10:33:33 - [MESSAGE][PASSED] - Delayed 1 second(s)

2018-12-14 10:33:33 - [TEST_STEP][PASSED] - Statement - Try: Delayed 2 second(s)

2018-12-14 10:33:33 - [TEST_STEP][PASSED] - Statement - Checker = false: null

2018-12-14 10:33:33 - [TEST_STEP][PASSED] - Statement - Checker = com.kms.katalon.core.webui.keyword.WebUiBuiltInKeywords.verifyElementHasAttribute(com.kms.katalon.core.testobject.ObjectRepository.findTestObject(Final Object Repo/Landing Page/BM Detecting), "href", 20, OPTIONAL): Object 'Object Repository/Final Object Repo/Landing Page/BM Detecting' has attribute 'href'

2018-12-14 10:33:34 - [MESSAGE][PASSED] - Object 'Object Repository/Final Object Repo/Landing Page/BM Detecting' has attribute 'href'

2018-12-14 10:33:34 - [TEST_STEP][PASSED] - Statement - out.println(Checker): null

2018-12-14 10:33:34 - [TEST_STEP][PASSED] - Statement - If (Checker == false): null

2018-12-14 10:33:34 - [TEST_STEP][PASSED] - Statement - Else: null

2018-12-14 10:33:34 - [TEST_STEP][PASSED] - delay: Delayed 2 second(s)

2018-12-14 10:33:36 - [MESSAGE][PASSED] - Delayed 2 second(s)

2018-12-14 10:33:36 - [TEST_STEP][PASSED] - navigateToUrl: Navigate to 'https://assist2-uat.perkeso.gov.my/web/registration/update/form-1a-cessation-as-employer-discontinue-business-' successfully

2018-12-14 10:33:37 - [MESSAGE][PASSED] - Navigate to 'https://assist2-uat.perkeso.gov.my/web/registration/update/form-1a-cessation-as-employer-discontinue-business-' successfully

2018-12-14 10:33:37 - [TEST_STEP][PASSED] - setText: Text 'E1102069770Z' is set on object 'Object Repository/Final Object Repo/Page_Update Employer Information/Employer Code'

2018-12-14 10:33:37 - [MESSAGE][PASSED] - Text 'E1102069770Z' is set on object 'Object Repository/Final Object Repo/Page_Update Employer Information/Employer Code'

2018-12-14 10:33:37 - [TEST_STEP][PASSED] - click: Object: 'Object Repository/Final Object Repo/Page_Update Employer Information/Search Button' is clicked on

2018-12-14 10:33:37 - [MESSAGE][PASSED] - Object: 'Object Repository/Final Object Repo/Page_Update Employer Information/Search Button' is clicked on

2018-12-14 10:33:37 - [TEST_STEP][PASSED] - click: Object: 'Object Repository/Final Object Repo/Page_Update Employer Information/Edit Button' is clicked on

2018-12-14 10:33:40 - [MESSAGE][PASSED] - Object: 'Object Repository/Final Object Repo/Page_Update Employer Information/Edit Button' is clicked on

2018-12-14 10:33:40 - [TEST_STEP][PASSED] - Statement - abc = com.kms.katalon.core.webui.keyword.WebUiBuiltInKeywords.getAttribute(com.kms.katalon.core.testobject.ObjectRepository.findTestObject(Final Object Repo/Page_Form 1A - Cessation As Employer/Employer Status), "value"): Attribute 'value' of object 'Object Repository/Final Object Repo/Page_Form 1A - Cessation As Employer/Employer Status' is: 'Dormant'

2018-12-14 10:33:40 - [MESSAGE][PASSED] - Attribute 'value' of object 'Object Repository/Final Object Repo/Page_Form 1A - Cessation As Employer/Employer Status' is: 'Dormant'

2018-12-14 10:33:40 - [TEST_STEP][PASSED] - Statement - out.println(abc): null

2018-12-14 10:33:40 - [TEST_STEP][PASSED] - Statement - If (abc == "Active"): null

2018-12-14 10:33:40 - [TEST_STEP][PASSED] - Statement - Else If (abc == "Cancel"): null

2018-12-14 10:33:40 - [TEST_STEP][PASSED] - Statement - Else If (abc == "Dormant"): Object: 'Object Repository/Final Object Repo/Page_Form 1A - Cessation As Employer/Change Employer Status to - Dormant' is clicked on

2018-12-14 10:33:40 - [TEST_STEP][PASSED] - click: Object: 'Object Repository/Final Object Repo/Page_Form 1A - Cessation As Employer/Change Employer Status to' is clicked on

2018-12-14 10:33:40 - [MESSAGE][PASSED] - Object: 'Object Repository/Final Object Repo/Page_Form 1A - Cessation As Employer/Change Employer Status to' is clicked on

2018-12-14 10:33:40 - [TEST_STEP][PASSED] - click: Object: 'Object Repository/Final Object Repo/Page_Form 1A - Cessation As Employer/Change Employer Status to - Dormant' is clicked on

2018-12-14 10:33:41 - [MESSAGE][PASSED] - Object: 'Object Repository/Final Object Repo/Page_Form 1A - Cessation As Employer/Change Employer Status to - Dormant' is clicked on

2018-12-14 10:33:41 - [TEST_STEP][PASSED] - click: Object: 'Object Repository/Final Object Repo/Page_Form 1A - Cessation As Employer/Calender' is clicked on

2018-12-14 10:33:41 - [MESSAGE][PASSED] - Object: 'Object Repository/Final Object Repo/Page_Form 1A - Cessation As Employer/Calender' is clicked on

2018-12-14 10:33:41 - [TEST_STEP][PASSED] - click: Object: 'Object Repository/Final Object Repo/Page_Form 1A - Cessation As Employer/Calender - Date' is clicked on

2018-12-14 10:33:41 - [MESSAGE][PASSED] - Object: 'Object Repository/Final Object Repo/Page_Form 1A - Cessation As Employer/Calender - Date' is clicked on

2018-12-14 10:33:41 - [TEST_STEP][PASSED] - delay: Delayed 2 second(s)

2018-12-14 10:33:43 - [MESSAGE][PASSED] - Delayed 2 second(s)

2018-12-14 10:33:43 - [TEST_STEP][PASSED] - click: Object: 'Object Repository/Final Object Repo/Page_Form 1A - Cessation As Employer/Save  Continue in Form 1A Page' is clicked on

2018-12-14 10:33:43 - [MESSAGE][PASSED] - Object: 'Object Repository/Final Object Repo/Page_Form 1A - Cessation As Employer/Save  Continue in Form 1A Page' is clicked on

2018-12-14 10:33:43 - [TEST_STEP][PASSED] - delay: Delayed 2 second(s)

2018-12-14 10:33:45 - [MESSAGE][PASSED] - Delayed 2 second(s)

2018-12-14 10:33:45 - [TEST_STEP][PASSED] - click: Object: 'Object Repository/Final Object Repo/Page_Form 1A - Cessation As Employer/Employment Resign Date' is clicked on

2018-12-14 10:33:46 - [MESSAGE][PASSED] - Object: 'Object Repository/Final Object Repo/Page_Form 1A - Cessation As Employer/Employment Resign Date' is clicked on

2018-12-14 10:33:46 - [TEST_STEP][PASSED] - delay: Delayed 1 second(s)

2018-12-14 10:33:47 - [MESSAGE][PASSED] - Delayed 1 second(s)

2018-12-14 10:33:47 - [TEST_STEP][PASSED] - Statement - CaseReferenceNo = com.kms.katalon.core.webui.keyword.WebUiBuiltInKeywords.getText(com.kms.katalon.core.testobject.ObjectRepository.findTestObject(Final Object Repo/Page_Update Employer Information/Reference Number in Update Employee Information Page)): Text of object 'Object Repository/Final Object Repo/Page_Update Employer Information/Reference Number in Update Employee Information Page' is: 'CUN122018C200001758'

2018-12-14 10:33:47 - [MESSAGE][PASSED] - Text of object 'Object Repository/Final Object Repo/Page_Update Employer Information/Reference Number in Update Employee Information Page' is: 'CUN122018C200001758'

2018-12-14 10:33:47 - [TEST_STEP][PASSED] - callTestCase: Call Test Case 'Test Cases/Final Aug 2018 - PKS Automation/Common/Reference Number Setter' successfully

2018-12-14 10:33:47 - [TEST_CASE][PASSED] - Test Cases/Final Aug 2018 - PKS Automation/Common/Reference Number Setter: Test Cases/Final Aug 2018 - PKS Automation/Common/Reference Number Setter

2018-12-14 10:33:47 - [TEST_STEP][PASSED] - Statement - RefNoOldFile = new java.io.File(C://Users//Admin//Desktop//PKS//Automation Reference Point//KatalonReference.txt): null

2018-12-14 10:33:47 - [TEST_STEP][PASSED] - Statement - RefNoOldFile.delete(): null

2018-12-14 10:33:47 - [TEST_STEP][PASSED] - delay: Delayed 5 second(s)

2018-12-14 10:33:52 - [MESSAGE][PASSED] - Delayed 5 second(s)

2018-12-14 10:33:52 - [TEST_STEP][PASSED] - Statement - RefNo = new java.io.File(C://Users//Admin//Desktop//PKS//Automation Reference Point//KatalonReference.txt): null

2018-12-14 10:33:52 - [TEST_STEP][PASSED] - Statement - f2 = new java.io.FileWriter(RefNo, false): null

2018-12-14 10:33:52 - [TEST_STEP][PASSED] - Statement - f2.write(CaseReferenceNo): null

2018-12-14 10:33:52 - [TEST_STEP][PASSED] - Statement - f2.close(): null

2018-12-14 10:33:52 - [TEST_STEP][PASSED] - Statement - out.println("


" + CaseReferenceNo + "


"): null

2018-12-14 10:33:52 - [MESSAGE][PASSED] - Call Test Case 'Test Cases/Final Aug 2018 - PKS Automation/Common/Reference Number Setter' successfully

2018-12-14 10:33:52 - [TEST_STEP][PASSED] - selectOptionByValue: All options with value '2030' are selected in object 'Object Repository/Final Object Repo/Page_Form 1A - Cessation As Employer/Employment Resign Date - Year' 

2018-12-14 10:33:52 - [MESSAGE][PASSED] - All options with value '2030' are selected in object 'Object Repository/Final Object Repo/Page_Form 1A - Cessation As Employer/Employment Resign Date - Year' 

2018-12-14 10:33:52 - [TEST_STEP][PASSED] - delay: Delayed 1 second(s)

2018-12-14 10:33:53 - [MESSAGE][PASSED] - Delayed 1 second(s)

2018-12-14 10:33:53 - [TEST_STEP][PASSED] - click: Object: 'Object Repository/Final Object Repo/Page_Form 1A - Cessation As Employer/Employment Resign Date - Year - Date' is clicked on

2018-12-14 10:33:53 - [MESSAGE][PASSED] - Object: 'Object Repository/Final Object Repo/Page_Form 1A - Cessation As Employer/Employment Resign Date - Year - Date' is clicked on

2018-12-14 10:33:53 - [TEST_STEP][PASSED] - delay: Delayed 2 second(s)

2018-12-14 10:33:55 - [MESSAGE][PASSED] - Delayed 2 second(s)

2018-12-14 10:33:55 - [TEST_STEP][PASSED] - click: Object: 'Object Repository/Final Object Repo/Page_Form 1A - Cessation As Employer/Save  Continue in Update Add Employee Resigned Date Page' is clicked on

2018-12-14 10:33:55 - [MESSAGE][PASSED] - Object: 'Object Repository/Final Object Repo/Page_Form 1A - Cessation As Employer/Save  Continue in Update Add Employee Resigned Date Page' is clicked on

2018-12-14 10:33:55 - [TEST_STEP][PASSED] - delay: Delayed 2 second(s)

2018-12-14 10:33:57 - [MESSAGE][PASSED] - Delayed 2 second(s)

2018-12-14 10:33:57 - [TEST_STEP][PASSED] - click: Object: 'Object Repository/Final Object Repo/Page_Form 1A - Cessation As Employer/Set Latest - Yes' is clicked on

2018-12-14 10:33:57 - [MESSAGE][PASSED] - Object: 'Object Repository/Final Object Repo/Page_Form 1A - Cessation As Employer/Set Latest - Yes' is clicked on

2018-12-14 10:33:57 - [TEST_STEP][PASSED] - delay: Delayed 2 second(s)

2018-12-14 10:33:59 - [MESSAGE][PASSED] - Delayed 2 second(s)

2018-12-14 10:33:59 - [TEST_STEP][PASSED] - click: Object: 'Object Repository/Final Object Repo/Page_Form 1A - Cessation As Employer/Add Document' is clicked on

2018-12-14 10:34:00 - [MESSAGE][PASSED] - Object: 'Object Repository/Final Object Repo/Page_Form 1A - Cessation As Employer/Add Document' is clicked on

2018-12-14 10:34:00 - [TEST_STEP][PASSED] - delay: Delayed 2 second(s)

2018-12-14 10:34:02 - [MESSAGE][PASSED] - Delayed 2 second(s)

2018-12-14 10:34:02 - [TEST_STEP][PASSED] - click: Object: 'Object Repository/Final Object Repo/Page_Form 1A - Cessation As Employer/Document Type' is clicked on

2018-12-14 10:34:03 - [MESSAGE][PASSED] - Object: 'Object Repository/Final Object Repo/Page_Form 1A - Cessation As Employer/Document Type' is clicked on

2018-12-14 10:34:03 - [TEST_STEP][PASSED] - delay: Delayed 2 second(s)

2018-12-14 10:34:05 - [MESSAGE][PASSED] - Delayed 2 second(s)

2018-12-14 10:34:05 - [TEST_STEP][PASSED] - click: Object: 'Object Repository/Final Object Repo/Page_Form 1A - Cessation As Employer/Document Type - Supporting Document For Cessation' is clicked on

2018-12-14 10:34:05 - [MESSAGE][PASSED] - Object: 'Object Repository/Final Object Repo/Page_Form 1A - Cessation As Employer/Document Type - Supporting Document For Cessation' is clicked on

2018-12-14 10:34:05 - [TEST_STEP][PASSED] - delay: Delayed 2 second(s)

2018-12-14 10:34:07 - [MESSAGE][PASSED] - Delayed 2 second(s)

2018-12-14 10:34:07 - [TEST_STEP][PASSED] - sendKeys: Keys 'C:\Users\Public\Pictures\Sample Pictures\Koala.jpg' sent to object: 'Object Repository/Final Object Repo/Page_Form 1A - Cessation As Employer/Uploading File'

2018-12-14 10:34:08 - [MESSAGE][PASSED] - Keys 'C:\Users\Public\Pictures\Sample Pictures\Koala.jpg' sent to object: 'Object Repository/Final Object Repo/Page_Form 1A - Cessation As Employer/Uploading File'

2018-12-14 10:34:08 - [TEST_STEP][PASSED] - delay: Delayed 2 second(s)

2018-12-14 10:34:10 - [MESSAGE][PASSED] - Delayed 2 second(s)

2018-12-14 10:34:10 - [TEST_STEP][PASSED] - click: Object: 'Object Repository/Final Object Repo/Page_Form 1A - Cessation As Employer/Add Document in Uploading Page' is clicked on

2018-12-14 10:34:10 - [MESSAGE][PASSED] - Object: 'Object Repository/Final Object Repo/Page_Form 1A - Cessation As Employer/Add Document in Uploading Page' is clicked on

2018-12-14 10:34:10 - [TEST_STEP][PASSED] - delay: Delayed 20 second(s)

2018-12-14 10:34:30 - [MESSAGE][PASSED] - Delayed 20 second(s)

2018-12-14 10:34:30 - [TEST_STEP][PASSED] - click: Object: 'Object Repository/Final Object Repo/Page_Form 1A - Cessation As Employer/Save  Continue in Uploading Page' is clicked on

2018-12-14 10:34:30 - [MESSAGE][PASSED] - Object: 'Object Repository/Final Object Repo/Page_Form 1A - Cessation As Employer/Save  Continue in Uploading Page' is clicked on

2018-12-14 10:34:30 - [TEST_STEP][PASSED] - delay: Delayed 2 second(s)

2018-12-14 10:34:32 - [MESSAGE][PASSED] - Delayed 2 second(s)

2018-12-14 10:34:32 - [TEST_STEP][PASSED] - click: Object: 'Object Repository/Final Object Repo/Page_Form 1A - Cessation As Employer/Submit2' is clicked on

2018-12-14 10:34:35 - [MESSAGE][PASSED] - Object: 'Object Repository/Final Object Repo/Page_Form 1A - Cessation As Employer/Submit2' is clicked on

2018-12-14 10:34:35 - [TEST_STEP][PASSED] - delay: Delayed 2 second(s)

2018-12-14 10:34:37 - [MESSAGE][PASSED] - Delayed 2 second(s)

2018-12-14 10:34:37 - [TEST_STEP][PASSED] - click: Object: 'Object Repository/Final Object Repo/Page_Form 1A - Cessation As Employer/Confirm' is clicked on

2018-12-14 10:34:37 - [MESSAGE][PASSED] - Object: 'Object Repository/Final Object Repo/Page_Form 1A - Cessation As Employer/Confirm' is clicked on

2018-12-14 10:34:37 - [TEST_STEP][PASSED] - delay: Delayed 2 second(s)

2018-12-14 10:34:39 - [MESSAGE][PASSED] - Delayed 2 second(s)

2018-12-14 10:34:39 - [TEST_STEP][PASSED] - verifyElementVisible: Object 'Object Repository/Final Object Repo/Page_Form 1A - Cessation As Employer/Message Your Request will be routed to UO' is visible

2018-12-14 10:34:42 - [MESSAGE][PASSED] - Object 'Object Repository/Final Object Repo/Page_Form 1A - Cessation As Employer/Message Your Request will be routed to UO' is visible

2018-12-14 10:34:42 - [TEST_STEP][PASSED] - delay: Delayed 1 second(s)

2018-12-14 10:34:43 - [MESSAGE][PASSED] - Delayed 1 second(s)

2018-12-14 10:34:43 - [TEST_STEP][PASSED] - verifyElementVisible: Object 'Object Repository/Final Object Repo/Page_Form 1A - Cessation As Employer/Letter of acknowledgement' is visible

2018-12-14 10:34:43 - [MESSAGE][PASSED] - Object 'Object Repository/Final Object Repo/Page_Form 1A - Cessation As Employer/Letter of acknowledgement' is visible

2018-12-14 10:34:43 - [MESSAGE][PASSED] - Call Test Case 'Test Cases/Final Aug 2018 - PKS Automation/Registration Module/Workflow/Form 1A - Cessation As Employer/Template/Form 1 A - Cessation As Employer (OTC)' successfully

2018-12-14 10:34:43 - [TEST_STEP][PASSED] - delay: Delayed 1 second(s)

2018-12-14 10:34:44 - [MESSAGE][PASSED] - Delayed 1 second(s)

2018-12-14 10:34:44 - [TEST_STEP][PASSED] - navigateToUrl: Navigate to 'https://assist2-uat.perkeso.gov.my/c/portal/logout' successfully

2018-12-14 10:34:45 - [MESSAGE][PASSED] - Navigate to 'https://assist2-uat.perkeso.gov.my/c/portal/logout' successfully

2018-12-14 10:34:45 - [TEST_STEP][PASSED] - delay: Delayed 1 second(s)

2018-12-14 10:34:46 - [MESSAGE][PASSED] - Delayed 1 second(s)

2018-12-14 10:34:46 - [TEST_STEP][PASSED] - callTestCase: Call Test Case 'Test Cases/Final Aug 2018 - PKS Automation/Common/Reference Number Getter' successfully

2018-12-14 10:34:46 - [TEST_CASE][PASSED] - Test Cases/Final Aug 2018 - PKS Automation/Common/Reference Number Getter: Test Cases/Final Aug 2018 - PKS Automation/Common/Reference Number Getter

2018-12-14 10:34:46 - [TEST_STEP][PASSED] - Statement - Try: null

2018-12-14 10:34:46 - [TEST_STEP][PASSED] - Statement - RefNo = new java.io.File(C://Users//Admin//Desktop//PKS//Automation Reference Point//KatalonReference.txt): null

2018-12-14 10:34:46 - [TEST_STEP][PASSED] - Statement - bufferread = new java.io.BufferedReader(new java.io.FileReader(RefNo)): null

2018-12-14 10:34:46 - [TEST_STEP][PASSED] - Statement - readedVal = bufferread.readLine(): null

2018-12-14 10:34:46 - [TEST_STEP][PASSED] - Statement - out.println(CaseReferenceNo): null

2018-12-14 10:34:46 - [TEST_STEP][PASSED] - Statement - out.println(readedVal): null

2018-12-14 10:34:46 - [TEST_STEP][PASSED] - Statement - CaseReferenceNo = "": null

2018-12-14 10:34:46 - [TEST_STEP][PASSED] - Statement - CaseReferenceNo = readedVal: null

2018-12-14 10:34:46 - [MESSAGE][PASSED] - Call Test Case 'Test Cases/Final Aug 2018 - PKS Automation/Common/Reference Number Getter' successfully

2018-12-14 10:34:46 - [TEST_STEP][PASSED] - callTestCase: Call Test Case 'Test Cases/Final Aug 2018 - PKS Automation/Common/Workflow Owner Finder' successfully

2018-12-14 10:34:46 - [TEST_CASE][PASSED] - Test Cases/Final Aug 2018 - PKS Automation/Common/Workflow Owner Finder: Test Cases/Final Aug 2018 - PKS Automation/Common/Workflow Owner Finder

2018-12-14 10:34:46 - [TEST_STEP][PASSED] - openBrowser: Browser is opened with url: ''

2018-12-14 10:34:46 - [MESSAGE][WARNING] - A browser is already opened. Closing browser and opening a new one

2018-12-14 10:34:50 - [MESSAGE][PASSED] - Browser is opened with url: ''

2018-12-14 10:34:50 - [TEST_STEP][PASSED] - navigateToUrl: Navigate to 'https://assist2-uat.perkeso.gov.my/login' successfully

2018-12-14 10:34:51 - [MESSAGE][PASSED] - Navigate to 'https://assist2-uat.perkeso.gov.my/login' successfully

2018-12-14 10:34:51 - [TEST_STEP][PASSED] - delay: Delayed 5 second(s)

2018-12-14 10:34:56 - [MESSAGE][PASSED] - Delayed 5 second(s)

2018-12-14 10:34:56 - [TEST_STEP][PASSED] - setText: Text 'test@liferay.com' is set on object 'Object Repository/Final Object Repo/Login Page/Internal User/Email Address'

2018-12-14 10:34:56 - [MESSAGE][PASSED] - Text 'test@liferay.com' is set on object 'Object Repository/Final Object Repo/Login Page/Internal User/Email Address'

2018-12-14 10:34:56 - [TEST_STEP][PASSED] - click: Object: 'Object Repository/Final Object Repo/Login Page/Internal User/Next Button' is clicked on

2018-12-14 10:34:56 - [MESSAGE][PASSED] - Object: 'Object Repository/Final Object Repo/Login Page/Internal User/Next Button' is clicked on

2018-12-14 10:34:56 - [TEST_STEP][PASSED] - delay: Delayed 2 second(s)

2018-12-14 10:34:58 - [MESSAGE][PASSED] - Delayed 2 second(s)

2018-12-14 10:34:58 - [TEST_STEP][PASSED] - setText: Text 'test' is set on object 'Object Repository/Final Object Repo/Login Page/Internal User/Password'

2018-12-14 10:34:59 - [MESSAGE][PASSED] - Text 'test' is set on object 'Object Repository/Final Object Repo/Login Page/Internal User/Password'

2018-12-14 10:34:59 - [TEST_STEP][PASSED] - delay: Delayed 2 second(s)

2018-12-14 10:35:01 - [MESSAGE][PASSED] - Delayed 2 second(s)

2018-12-14 10:35:01 - [TEST_STEP][PASSED] - click: Object: 'Object Repository/Final Object Repo/Login Page/Internal User/Login Button' is clicked on

2018-12-14 10:35:01 - [MESSAGE][PASSED] - Object: 'Object Repository/Final Object Repo/Login Page/Internal User/Login Button' is clicked on

2018-12-14 10:35:01 - [TEST_STEP][PASSED] - Statement - tester = com.kms.katalon.core.testobject.ObjectRepository.findTestObject(Final Object Repo/Landing Page/Select to English): Finding Test Object with id 'Object Repository/Final Object Repo/Landing Page/Select to English'

2018-12-14 10:35:01 - [TEST_STEP][PASSED] - Statement - Try: Delayed 2 second(s)

2018-12-14 10:35:01 - [TEST_STEP][PASSED] - Statement - Checker = com.kms.katalon.core.webui.keyword.WebUiBuiltInKeywords.verifyElementNotPresent(tester, 3): Web element with id: 'Object Repository/Final Object Repo/Landing Page/Select to English' located by 'By.xpath: //a[@class = 'taglib-language-list-text' and @lang = 'en-US' and (contains(text(), 'EN') or contains(., 'EN'))]' is not present after '3' second(s)

2018-12-14 10:35:03 - [MESSAGE][PASSED] - Web element with id: 'Object Repository/Final Object Repo/Landing Page/Select to English' located by 'By.xpath: //a[@class = 'taglib-language-list-text' and @lang = 'en-US' and (contains(text(), 'EN') or contains(., 'EN'))]' is not present after '3' second(s)

2018-12-14 10:35:03 - [TEST_STEP][PASSED] - Statement - If (Checker == false): null

2018-12-14 10:35:03 - [TEST_STEP][PASSED] - delay: Delayed 2 second(s)

2018-12-14 10:35:05 - [MESSAGE][PASSED] - Delayed 2 second(s)

2018-12-14 10:35:05 - [TEST_STEP][PASSED] - delay: Delayed 5 second(s)

2018-12-14 10:35:10 - [MESSAGE][PASSED] - Delayed 5 second(s)

2018-12-14 10:35:10 - [TEST_STEP][PASSED] - mouseOver: Object: 'Object Repository/Final Object Repo/Landing Page/WorkFlow Menu' is hovered

2018-12-14 10:35:10 - [MESSAGE][PASSED] - Object: 'Object Repository/Final Object Repo/Landing Page/WorkFlow Menu' is hovered

2018-12-14 10:35:10 - [TEST_STEP][PASSED] - delay: Delayed 2 second(s)

2018-12-14 10:35:12 - [MESSAGE][PASSED] - Delayed 2 second(s)

2018-12-14 10:35:12 - [TEST_STEP][PASSED] - click: Object: 'Object Repository/Final Object Repo/Landing Page/Select to Workflow Listing' is clicked on

2018-12-14 10:35:13 - [MESSAGE][PASSED] - Object: 'Object Repository/Final Object Repo/Landing Page/Select to Workflow Listing' is clicked on

2018-12-14 10:35:13 - [TEST_STEP][PASSED] - delay: Delayed 2 second(s)

2018-12-14 10:35:15 - [MESSAGE][PASSED] - Delayed 2 second(s)

2018-12-14 10:35:15 - [TEST_STEP][PASSED] - click: Object: 'Object Repository/Final Object Repo/WorkFlow Listing Page/Search Information - To Put Ref No' is clicked on

2018-12-14 10:35:15 - [MESSAGE][PASSED] - Object: 'Object Repository/Final Object Repo/WorkFlow Listing Page/Search Information - To Put Ref No' is clicked on

2018-12-14 10:35:15 - [TEST_STEP][PASSED] - delay: Delayed 2 second(s)

2018-12-14 10:35:17 - [MESSAGE][PASSED] - Delayed 2 second(s)

2018-12-14 10:35:17 - [TEST_STEP][PASSED] - callTestCase: Call Test Case 'Test Cases/Final Aug 2018 - PKS Automation/Common/Reference Number Getter' successfully

2018-12-14 10:35:17 - [TEST_CASE][PASSED] - Test Cases/Final Aug 2018 - PKS Automation/Common/Reference Number Getter: Test Cases/Final Aug 2018 - PKS Automation/Common/Reference Number Getter

2018-12-14 10:35:17 - [TEST_STEP][PASSED] - Statement - Try: null

2018-12-14 10:35:17 - [TEST_STEP][PASSED] - Statement - RefNo = new java.io.File(C://Users//Admin//Desktop//PKS//Automation Reference Point//KatalonReference.txt): null

2018-12-14 10:35:17 - [TEST_STEP][PASSED] - Statement - bufferread = new java.io.BufferedReader(new java.io.FileReader(RefNo)): null

2018-12-14 10:35:17 - [TEST_STEP][PASSED] - Statement - readedVal = bufferread.readLine(): null

2018-12-14 10:35:17 - [TEST_STEP][PASSED] - Statement - out.println(CaseReferenceNo): null

2018-12-14 10:35:17 - [TEST_STEP][PASSED] - Statement - out.println(readedVal): null

2018-12-14 10:35:17 - [TEST_STEP][PASSED] - Statement - CaseReferenceNo = "": null

2018-12-14 10:35:17 - [TEST_STEP][PASSED] - Statement - CaseReferenceNo = readedVal: null

2018-12-14 10:35:17 - [MESSAGE][PASSED] - Call Test Case 'Test Cases/Final Aug 2018 - PKS Automation/Common/Reference Number Getter' successfully

2018-12-14 10:35:17 - [TEST_STEP][PASSED] - setText: Text 'CUN122018C200001758' is set on object 'Object Repository/Final Object Repo/WorkFlow Listing Page/Ref No Set Text'

2018-12-14 10:35:18 - [MESSAGE][PASSED] - Text 'CUN122018C200001758' is set on object 'Object Repository/Final Object Repo/WorkFlow Listing Page/Ref No Set Text'

2018-12-14 10:35:18 - [TEST_STEP][PASSED] - delay: Delayed 2 second(s)

2018-12-14 10:35:20 - [MESSAGE][PASSED] - Delayed 2 second(s)

2018-12-14 10:35:20 - [TEST_STEP][PASSED] - click: Object: 'Object Repository/Final Object Repo/WorkFlow Listing Page/Search Ref No Search Button' is clicked on

2018-12-14 10:35:20 - [MESSAGE][PASSED] - Object: 'Object Repository/Final Object Repo/WorkFlow Listing Page/Search Ref No Search Button' is clicked on

2018-12-14 10:35:20 - [TEST_STEP][PASSED] - delay: Delayed 6 second(s)

2018-12-14 10:35:26 - [MESSAGE][PASSED] - Delayed 6 second(s)

2018-12-14 10:35:26 - [TEST_STEP][PASSED] - click: Object: 'Object Repository/Final Object Repo/WorkFlow Listing Page/Click Continue Tooltip' is clicked on

2018-12-14 10:35:27 - [MESSAGE][PASSED] - Object: 'Object Repository/Final Object Repo/WorkFlow Listing Page/Click Continue Tooltip' is clicked on

2018-12-14 10:35:27 - [TEST_STEP][PASSED] - delay: Delayed 5 second(s)

2018-12-14 10:35:32 - [MESSAGE][PASSED] - Delayed 5 second(s)

2018-12-14 10:35:32 - [TEST_STEP][PASSED] - doubleClick: Object: 'Object Repository/Final Object Repo/WorkFlow Listing Page/Workflow Found - Listing 1' is double clicked on

2018-12-14 10:35:32 - [MESSAGE][PASSED] - Object: 'Object Repository/Final Object Repo/WorkFlow Listing Page/Workflow Found - Listing 1' is double clicked on

2018-12-14 10:35:32 - [TEST_STEP][PASSED] - Statement - println(OwnerID): null

2018-12-14 10:35:32 - [TEST_STEP][PASSED] - Statement - OwnerID = com.kms.katalon.core.webui.keyword.WebUiBuiltInKeywords.getText(com.kms.katalon.core.testobject.ObjectRepository.findTestObject(Final Object Repo/WorkFlow Listing Page/Workflow Found - Listing 1), STOP_ON_FAILURE): Text of object 'Object Repository/Final Object Repo/WorkFlow Listing Page/Workflow Found - Listing 1' is: 'JOHORuo2'

2018-12-14 10:35:32 - [MESSAGE][PASSED] - Text of object 'Object Repository/Final Object Repo/WorkFlow Listing Page/Workflow Found - Listing 1' is: 'JOHORuo2'

2018-12-14 10:35:32 - [TEST_STEP][PASSED] - Statement - OwnerID = OwnerID.toLowerCase() + "@gmail.com": null

2018-12-14 10:35:32 - [TEST_STEP][PASSED] - Statement - println(OwnerID): null

2018-12-14 10:35:32 - [TEST_STEP][PASSED] - delay: Delayed 2 second(s)

2018-12-14 10:35:34 - [MESSAGE][PASSED] - Delayed 2 second(s)

2018-12-14 10:35:34 - [MESSAGE][PASSED] - Call Test Case 'Test Cases/Final Aug 2018 - PKS Automation/Common/Workflow Owner Finder' successfully

2018-12-14 10:35:34 - [TEST_STEP][PASSED] - delay: Delayed 1 second(s)

2018-12-14 10:35:35 - [MESSAGE][PASSED] - Delayed 1 second(s)

2018-12-14 10:35:35 - [TEST_STEP][PASSED] - navigateToUrl: Navigate to 'https://assist2-uat.perkeso.gov.my/c/portal/logout' successfully

2018-12-14 10:35:36 - [MESSAGE][PASSED] - Navigate to 'https://assist2-uat.perkeso.gov.my/c/portal/logout' successfully

2018-12-14 10:35:36 - [TEST_STEP][PASSED] - delay: Delayed 1 second(s)

2018-12-14 10:35:37 - [MESSAGE][PASSED] - Delayed 1 second(s)

2018-12-14 10:35:37 - [TEST_STEP][PASSED] - callTestCase: Call Test Case 'Test Cases/Final Aug 2018 - PKS Automation/Registration Module/Workflow/Login and Search Case For Workflow' successfully

2018-12-14 10:35:37 - [TEST_CASE][PASSED] - Test Cases/Final Aug 2018 - PKS Automation/Registration Module/Workflow/Login and Search Case For Workflow: Test Cases/Final Aug 2018 - PKS Automation/Registration Module/Workflow/Login and Search Case For Workflow

2018-12-14 10:35:37 - [TEST_STEP][PASSED] - navigateToUrl: Navigate to 'https://assist2-uat.perkeso.gov.my/login' successfully

2018-12-14 10:35:38 - [MESSAGE][PASSED] - Navigate to 'https://assist2-uat.perkeso.gov.my/login' successfully

2018-12-14 10:35:38 - [TEST_STEP][PASSED] - setText: Text 'johoruo2@gmail.com' is set on object 'Object Repository/Final Object Repo/Login Page/Internal User/Email Address'

2018-12-14 10:35:38 - [MESSAGE][PASSED] - Text 'johoruo2@gmail.com' is set on object 'Object Repository/Final Object Repo/Login Page/Internal User/Email Address'

2018-12-14 10:35:38 - [TEST_STEP][PASSED] - click: Object: 'Object Repository/Final Object Repo/Login Page/Internal User/Next Button' is clicked on

2018-12-14 10:35:38 - [MESSAGE][PASSED] - Object: 'Object Repository/Final Object Repo/Login Page/Internal User/Next Button' is clicked on

2018-12-14 10:35:38 - [TEST_STEP][PASSED] - delay: Delayed 1 second(s)

2018-12-14 10:35:39 - [MESSAGE][PASSED] - Delayed 1 second(s)

2018-12-14 10:35:39 - [TEST_STEP][PASSED] - setEncryptedText: Text ****** has been set on object 'Object Repository/Final Object Repo/Login Page/Internal User/Password'

2018-12-14 10:35:40 - [MESSAGE][PASSED] - Text ****** has been set on object 'Object Repository/Final Object Repo/Login Page/Internal User/Password'

2018-12-14 10:35:40 - [TEST_STEP][PASSED] - click: Object: 'Object Repository/Final Object Repo/Login Page/Internal User/Login Button' is clicked on

2018-12-14 10:35:40 - [MESSAGE][PASSED] - Object: 'Object Repository/Final Object Repo/Login Page/Internal User/Login Button' is clicked on

2018-12-14 10:35:40 - [TEST_STEP][PASSED] - delay: Delayed 2 second(s)

2018-12-14 10:35:42 - [MESSAGE][PASSED] - Delayed 2 second(s)

2018-12-14 10:35:42 - [TEST_STEP][PASSED] - Statement - Try: Delayed 2 second(s)

2018-12-14 10:35:42 - [TEST_STEP][PASSED] - Statement - Checker = false: null

2018-12-14 10:35:42 - [TEST_STEP][PASSED] - Statement - Checker = com.kms.katalon.core.webui.keyword.WebUiBuiltInKeywords.verifyElementHasAttribute(com.kms.katalon.core.testobject.ObjectRepository.findTestObject(Final Object Repo/Landing Page/BM Detecting), "href", 20, OPTIONAL): Object 'Object Repository/Final Object Repo/Landing Page/BM Detecting' has attribute 'href'

2018-12-14 10:35:42 - [MESSAGE][PASSED] - Object 'Object Repository/Final Object Repo/Landing Page/BM Detecting' has attribute 'href'

2018-12-14 10:35:42 - [TEST_STEP][PASSED] - Statement - out.println(Checker): null

2018-12-14 10:35:42 - [TEST_STEP][PASSED] - Statement - If (Checker == false): null

2018-12-14 10:35:42 - [TEST_STEP][PASSED] - Statement - Else: null

2018-12-14 10:35:42 - [TEST_STEP][PASSED] - delay: Delayed 2 second(s)

2018-12-14 10:35:44 - [MESSAGE][PASSED] - Delayed 2 second(s)

2018-12-14 10:35:44 - [TEST_STEP][PASSED] - click: Object: 'Object Repository/Final Object Repo/Page_MyASSIST - ASSIST - Search Pending Case For Add Supporting Document/Search Information' is clicked on

2018-12-14 10:35:44 - [MESSAGE][PASSED] - Object: 'Object Repository/Final Object Repo/Page_MyASSIST - ASSIST - Search Pending Case For Add Supporting Document/Search Information' is clicked on

2018-12-14 10:35:44 - [TEST_STEP][PASSED] - delay: Delayed 3 second(s)

2018-12-14 10:35:47 - [MESSAGE][PASSED] - Delayed 3 second(s)

2018-12-14 10:35:47 - [TEST_STEP][PASSED] - sendKeys: Keys 'CUN122018C200001758' sent to object: 'Object Repository/Final Object Repo/Page_MyASSIST - ASSIST - Search Pending Case For Add Supporting Document/Reference No'

2018-12-14 10:35:47 - [MESSAGE][PASSED] - Keys 'CUN122018C200001758' sent to object: 'Object Repository/Final Object Repo/Page_MyASSIST - ASSIST - Search Pending Case For Add Supporting Document/Reference No'

2018-12-14 10:35:47 - [TEST_STEP][PASSED] - click: Object: 'Object Repository/Final Object Repo/Page_MyASSIST - ASSIST - Search Pending Case For Add Supporting Document/Search Reference No' is clicked on

2018-12-14 10:35:47 - [MESSAGE][PASSED] - Object: 'Object Repository/Final Object Repo/Page_MyASSIST - ASSIST - Search Pending Case For Add Supporting Document/Search Reference No' is clicked on

2018-12-14 10:35:47 - [TEST_STEP][PASSED] - delay: Delayed 2 second(s)

2018-12-14 10:35:49 - [MESSAGE][PASSED] - Delayed 2 second(s)

2018-12-14 10:35:49 - [TEST_STEP][PASSED] - click: Object: 'Object Repository/Final Object Repo/Page_MyASSIST - ASSIST - Search Pending Case For Add Supporting Document/Continue' is clicked on

2018-12-14 10:35:53 - [MESSAGE][PASSED] - Object: 'Object Repository/Final Object Repo/Page_MyASSIST - ASSIST - Search Pending Case For Add Supporting Document/Continue' is clicked on

2018-12-14 10:35:53 - [TEST_STEP][PASSED] - delay: Delayed 20 second(s)

2018-12-14 10:36:13 - [MESSAGE][PASSED] - Delayed 20 second(s)

2018-12-14 10:36:13 - [MESSAGE][PASSED] - Call Test Case 'Test Cases/Final Aug 2018 - PKS Automation/Registration Module/Workflow/Login and Search Case For Workflow' successfully

2018-12-14 10:36:13 - [TEST_STEP][PASSED] - click: Object: 'Object Repository/Final Object Repo/Page_Form 1A - Cessation As Employer/Page_Form 1A - Cessation As Employer (Approve)/Save  Continue in Form 1A Page' is clicked on

2018-12-14 10:36:13 - [MESSAGE][PASSED] - Object: 'Object Repository/Final Object Repo/Page_Form 1A - Cessation As Employer/Page_Form 1A - Cessation As Employer (Approve)/Save  Continue in Form 1A Page' is clicked on

2018-12-14 10:36:13 - [TEST_STEP][PASSED] - delay: Delayed 2 second(s)

2018-12-14 10:36:15 - [MESSAGE][PASSED] - Delayed 2 second(s)

2018-12-14 10:36:15 - [TEST_STEP][PASSED] - click: Object: 'Object Repository/Final Object Repo/Page_Form 1A - Cessation As Employer/Employment Resign Date' is clicked on

2018-12-14 10:36:15 - [MESSAGE][PASSED] - Object: 'Object Repository/Final Object Repo/Page_Form 1A - Cessation As Employer/Employment Resign Date' is clicked on

2018-12-14 10:36:15 - [TEST_STEP][PASSED] - delay: Delayed 1 second(s)

2018-12-14 10:36:16 - [MESSAGE][PASSED] - Delayed 1 second(s)

2018-12-14 10:36:16 - [TEST_STEP][PASSED] - selectOptionByValue: All options with value '2030' are selected in object 'Object Repository/Final Object Repo/Page_Form 1A - Cessation As Employer/Employment Resign Date - Year' 

2018-12-14 10:36:16 - [MESSAGE][PASSED] - All options with value '2030' are selected in object 'Object Repository/Final Object Repo/Page_Form 1A - Cessation As Employer/Employment Resign Date - Year' 

2018-12-14 10:36:16 - [TEST_STEP][PASSED] - delay: Delayed 1 second(s)

2018-12-14 10:36:17 - [MESSAGE][PASSED] - Delayed 1 second(s)

2018-12-14 10:36:17 - [TEST_STEP][PASSED] - click: Object: 'Object Repository/Final Object Repo/Page_Form 1A - Cessation As Employer/Employment Resign Date - Year - Date' is clicked on

2018-12-14 10:36:18 - [MESSAGE][PASSED] - Object: 'Object Repository/Final Object Repo/Page_Form 1A - Cessation As Employer/Employment Resign Date - Year - Date' is clicked on

2018-12-14 10:36:18 - [TEST_STEP][PASSED] - delay: Delayed 2 second(s)

2018-12-14 10:36:20 - [MESSAGE][PASSED] - Delayed 2 second(s)

2018-12-14 10:36:20 - [TEST_STEP][PASSED] - click: Object: 'Object Repository/Final Object Repo/Page_Form 1A - Cessation As Employer/Page_Form 1A - Cessation As Employer (Approve)/Save  Continue in Update Add Employee Resigned Date Page' is clicked on

2018-12-14 10:36:20 - [MESSAGE][PASSED] - Object: 'Object Repository/Final Object Repo/Page_Form 1A - Cessation As Employer/Page_Form 1A - Cessation As Employer (Approve)/Save  Continue in Update Add Employee Resigned Date Page' is clicked on

2018-12-14 10:36:20 - [TEST_STEP][PASSED] - delay: Delayed 2 second(s)

2018-12-14 10:36:22 - [MESSAGE][PASSED] - Delayed 2 second(s)

2018-12-14 10:36:22 - [TEST_STEP][PASSED] - click: Object: 'Object Repository/Final Object Repo/Page_Form 1A - Cessation As Employer/Set Latest - Yes' is clicked on

2018-12-14 10:36:22 - [MESSAGE][PASSED] - Object: 'Object Repository/Final Object Repo/Page_Form 1A - Cessation As Employer/Set Latest - Yes' is clicked on

2018-12-14 10:36:22 - [TEST_STEP][PASSED] - delay: Delayed 2 second(s)

2018-12-14 10:36:24 - [MESSAGE][PASSED] - Delayed 2 second(s)

2018-12-14 10:36:24 - [TEST_STEP][PASSED] - click: Object: 'Object Repository/Final Object Repo/Page_Form 1A - Cessation As Employer/Page_Form 1A - Cessation As Employer (Approve)/Save  Contine in Uploading Document Page' is clicked on

2018-12-14 10:36:25 - [MESSAGE][PASSED] - Object: 'Object Repository/Final Object Repo/Page_Form 1A - Cessation As Employer/Page_Form 1A - Cessation As Employer (Approve)/Save  Contine in Uploading Document Page' is clicked on

2018-12-14 10:36:25 - [TEST_STEP][PASSED] - delay: Delayed 2 second(s)

2018-12-14 10:36:27 - [MESSAGE][PASSED] - Delayed 2 second(s)

2018-12-14 10:36:27 - [TEST_STEP][PASSED] - click: Object: 'Object Repository/Final Object Repo/Page_Form 1A - Cessation As Employer/Page_Form 1A - Cessation As Employer (Reject)/Reject' is clicked on

2018-12-14 10:36:30 - [MESSAGE][PASSED] - Object: 'Object Repository/Final Object Repo/Page_Form 1A - Cessation As Employer/Page_Form 1A - Cessation As Employer (Reject)/Reject' is clicked on

2018-12-14 10:36:30 - [TEST_STEP][PASSED] - delay: Delayed 2 second(s)

2018-12-14 10:36:32 - [MESSAGE][PASSED] - Delayed 2 second(s)

2018-12-14 10:36:32 - [TEST_STEP][PASSED] - click: Object: 'Object Repository/Final Object Repo/Page_Form 1A - Cessation As Employer/Page_Form 1A - Cessation As Employer (Reject)/Confirm' is clicked on

2018-12-14 10:36:32 - [MESSAGE][PASSED] - Object: 'Object Repository/Final Object Repo/Page_Form 1A - Cessation As Employer/Page_Form 1A - Cessation As Employer (Reject)/Confirm' is clicked on

2018-12-14 10:36:32 - [TEST_STEP][PASSED] - delay: Delayed 2 second(s)

2018-12-14 10:36:34 - [MESSAGE][PASSED] - Delayed 2 second(s)

2018-12-14 10:36:34 - [TEST_STEP][PASSED] - verifyElementVisible: Object 'Object Repository/Final Object Repo/Page_Form 1A - Cessation As Employer/Page_Form 1A - Cessation As Employer (Reject)/Message This Case has been Rejected' is visible

2018-12-14 10:36:38 - [MESSAGE][PASSED] - Object 'Object Repository/Final Object Repo/Page_Form 1A - Cessation As Employer/Page_Form 1A - Cessation As Employer (Reject)/Message This Case has been Rejected' is visible

2018-12-14 10:36:38 - [TEST_STEP][PASSED] - delay: Delayed 1 second(s)

2018-12-14 10:36:39 - [MESSAGE][PASSED] - Delayed 1 second(s)

2018-12-14 10:36:39 - [TEST_STEP][PASSED] - verifyElementVisible: Object 'Object Repository/Final Object Repo/Page_Form 1A - Cessation As Employer/Page_Form 1A - Cessation As Employer (Reject)/Letter of update rejection' is visible

2018-12-14 10:36:39 - [MESSAGE][PASSED] - Object 'Object Repository/Final Object Repo/Page_Form 1A - Cessation As Employer/Page_Form 1A - Cessation As Employer (Reject)/Letter of update rejection' is visible

2018-12-14 10:36:39 - [MESSAGE][PASSED] - Call Test Case 'Test Cases/Final Aug 2018 - PKS Automation/Registration Module/Workflow/Form 1A - Cessation As Employer/Template/Form 1 A - Cessation As Employer (Reject)' successfully]]></system-out>
         <system-err><![CDATA[]]></system-err>
      </testcase>
      <testcase name="Test Cases/Final Aug 2018 - PKS Automation/Registration Module/Workflow/Form 1A - Cessation As Employer/OTC to UO (Under enforcement)" classname="Test Cases/Final Aug 2018 - PKS Automation/Registration Module/Workflow/Form 1A - Cessation As Employer/OTC to UO (Under enforcement)" status="PASSED">
         <system-out><![CDATA[2018-12-14 10:36:39 - [TEST_CASE][PASSED] - Test Cases/Final Aug 2018 - PKS Automation/Registration Module/Workflow/Form 1A - Cessation As Employer/OTC to UO (Under enforcement): Test Cases/Final Aug 2018 - PKS Automation/Registration Module/Workflow/Form 1A - Cessation As Employer/OTC to UO (Under enforcement)

2018-12-14 10:36:39 - [TEST_STEP][PASSED] - callTestCase: Call Test Case 'Test Cases/Final Aug 2018 - PKS Automation/Registration Module/Workflow/Form 1A - Cessation As Employer/Template/Form 1 A - Cessation As Employer (OTC)' successfully

2018-12-14 10:36:39 - [TEST_CASE][PASSED] - Test Cases/Final Aug 2018 - PKS Automation/Registration Module/Workflow/Form 1A - Cessation As Employer/Template/Form 1 A - Cessation As Employer (OTC): Test Cases/Final Aug 2018 - PKS Automation/Registration Module/Workflow/Form 1A - Cessation As Employer/Template/Form 1 A - Cessation As Employer (OTC)

2018-12-14 10:36:39 - [TEST_STEP][PASSED] - openBrowser: Browser is opened with url: ''

2018-12-14 10:36:39 - [MESSAGE][WARNING] - A browser is already opened. Closing browser and opening a new one

2018-12-14 10:36:43 - [MESSAGE][PASSED] - Browser is opened with url: ''

2018-12-14 10:36:43 - [TEST_STEP][PASSED] - navigateToUrl: Navigate to 'https://assist2-uat.perkeso.gov.my/login' successfully

2018-12-14 10:36:44 - [MESSAGE][PASSED] - Navigate to 'https://assist2-uat.perkeso.gov.my/login' successfully

2018-12-14 10:36:44 - [TEST_STEP][PASSED] - setText: Text 'johorotc1@gmail.com' is set on object 'Object Repository/Final Object Repo/Login Page/Internal User/Email Address'

2018-12-14 10:36:44 - [MESSAGE][PASSED] - Text 'johorotc1@gmail.com' is set on object 'Object Repository/Final Object Repo/Login Page/Internal User/Email Address'

2018-12-14 10:36:44 - [TEST_STEP][PASSED] - click: Object: 'Object Repository/Final Object Repo/Login Page/Internal User/Next Button' is clicked on

2018-12-14 10:36:44 - [MESSAGE][PASSED] - Object: 'Object Repository/Final Object Repo/Login Page/Internal User/Next Button' is clicked on

2018-12-14 10:36:44 - [TEST_STEP][PASSED] - delay: Delayed 1 second(s)

2018-12-14 10:36:45 - [MESSAGE][PASSED] - Delayed 1 second(s)

2018-12-14 10:36:45 - [TEST_STEP][PASSED] - setEncryptedText: Text ****** has been set on object 'Object Repository/Final Object Repo/Login Page/Internal User/Password'

2018-12-14 10:36:46 - [MESSAGE][PASSED] - Text ****** has been set on object 'Object Repository/Final Object Repo/Login Page/Internal User/Password'

2018-12-14 10:36:46 - [TEST_STEP][PASSED] - click: Object: 'Object Repository/Final Object Repo/Login Page/Internal User/Login Button' is clicked on

2018-12-14 10:36:46 - [MESSAGE][PASSED] - Object: 'Object Repository/Final Object Repo/Login Page/Internal User/Login Button' is clicked on

2018-12-14 10:36:46 - [TEST_STEP][PASSED] - delay: Delayed 1 second(s)

2018-12-14 10:36:47 - [MESSAGE][PASSED] - Delayed 1 second(s)

2018-12-14 10:36:47 - [TEST_STEP][PASSED] - Statement - Try: Delayed 2 second(s)

2018-12-14 10:36:47 - [TEST_STEP][PASSED] - Statement - Checker = false: null

2018-12-14 10:36:47 - [TEST_STEP][PASSED] - Statement - Checker = com.kms.katalon.core.webui.keyword.WebUiBuiltInKeywords.verifyElementHasAttribute(com.kms.katalon.core.testobject.ObjectRepository.findTestObject(Final Object Repo/Landing Page/BM Detecting), "href", 20, OPTIONAL): Object 'Object Repository/Final Object Repo/Landing Page/BM Detecting' has attribute 'href'

2018-12-14 10:36:49 - [MESSAGE][PASSED] - Object 'Object Repository/Final Object Repo/Landing Page/BM Detecting' has attribute 'href'

2018-12-14 10:36:49 - [TEST_STEP][PASSED] - Statement - out.println(Checker): null

2018-12-14 10:36:49 - [TEST_STEP][PASSED] - Statement - If (Checker == false): null

2018-12-14 10:36:49 - [TEST_STEP][PASSED] - Statement - Else: null

2018-12-14 10:36:49 - [TEST_STEP][PASSED] - delay: Delayed 2 second(s)

2018-12-14 10:36:51 - [MESSAGE][PASSED] - Delayed 2 second(s)

2018-12-14 10:36:51 - [TEST_STEP][PASSED] - navigateToUrl: Navigate to 'https://assist2-uat.perkeso.gov.my/web/registration/update/form-1a-cessation-as-employer-discontinue-business-' successfully

2018-12-14 10:36:52 - [MESSAGE][PASSED] - Navigate to 'https://assist2-uat.perkeso.gov.my/web/registration/update/form-1a-cessation-as-employer-discontinue-business-' successfully

2018-12-14 10:36:52 - [TEST_STEP][PASSED] - setText: Text 'E1102069770Z' is set on object 'Object Repository/Final Object Repo/Page_Update Employer Information/Employer Code'

2018-12-14 10:36:52 - [MESSAGE][PASSED] - Text 'E1102069770Z' is set on object 'Object Repository/Final Object Repo/Page_Update Employer Information/Employer Code'

2018-12-14 10:36:52 - [TEST_STEP][PASSED] - click: Object: 'Object Repository/Final Object Repo/Page_Update Employer Information/Search Button' is clicked on

2018-12-14 10:36:52 - [MESSAGE][PASSED] - Object: 'Object Repository/Final Object Repo/Page_Update Employer Information/Search Button' is clicked on

2018-12-14 10:36:52 - [TEST_STEP][PASSED] - click: Object: 'Object Repository/Final Object Repo/Page_Update Employer Information/Edit Button' is clicked on

2018-12-14 10:36:55 - [MESSAGE][PASSED] - Object: 'Object Repository/Final Object Repo/Page_Update Employer Information/Edit Button' is clicked on

2018-12-14 10:36:55 - [TEST_STEP][PASSED] - Statement - abc = com.kms.katalon.core.webui.keyword.WebUiBuiltInKeywords.getAttribute(com.kms.katalon.core.testobject.ObjectRepository.findTestObject(Final Object Repo/Page_Form 1A - Cessation As Employer/Employer Status), "value"): Attribute 'value' of object 'Object Repository/Final Object Repo/Page_Form 1A - Cessation As Employer/Employer Status' is: 'Dormant'

2018-12-14 10:36:55 - [MESSAGE][PASSED] - Attribute 'value' of object 'Object Repository/Final Object Repo/Page_Form 1A - Cessation As Employer/Employer Status' is: 'Dormant'

2018-12-14 10:36:55 - [TEST_STEP][PASSED] - Statement - out.println(abc): null

2018-12-14 10:36:55 - [TEST_STEP][PASSED] - Statement - If (abc == "Active"): null

2018-12-14 10:36:55 - [TEST_STEP][PASSED] - Statement - Else If (abc == "Cancel"): null

2018-12-14 10:36:55 - [TEST_STEP][PASSED] - Statement - Else If (abc == "Dormant"): Object: 'Object Repository/Final Object Repo/Page_Form 1A - Cessation As Employer/Change Employer Status to - Dormant' is clicked on

2018-12-14 10:36:55 - [TEST_STEP][PASSED] - click: Object: 'Object Repository/Final Object Repo/Page_Form 1A - Cessation As Employer/Change Employer Status to' is clicked on

2018-12-14 10:36:55 - [MESSAGE][PASSED] - Object: 'Object Repository/Final Object Repo/Page_Form 1A - Cessation As Employer/Change Employer Status to' is clicked on

2018-12-14 10:36:55 - [TEST_STEP][PASSED] - click: Object: 'Object Repository/Final Object Repo/Page_Form 1A - Cessation As Employer/Change Employer Status to - Dormant' is clicked on

2018-12-14 10:36:55 - [MESSAGE][PASSED] - Object: 'Object Repository/Final Object Repo/Page_Form 1A - Cessation As Employer/Change Employer Status to - Dormant' is clicked on

2018-12-14 10:36:55 - [TEST_STEP][PASSED] - click: Object: 'Object Repository/Final Object Repo/Page_Form 1A - Cessation As Employer/Calender' is clicked on

2018-12-14 10:36:56 - [MESSAGE][PASSED] - Object: 'Object Repository/Final Object Repo/Page_Form 1A - Cessation As Employer/Calender' is clicked on

2018-12-14 10:36:56 - [TEST_STEP][PASSED] - click: Object: 'Object Repository/Final Object Repo/Page_Form 1A - Cessation As Employer/Calender - Date' is clicked on

2018-12-14 10:36:56 - [MESSAGE][PASSED] - Object: 'Object Repository/Final Object Repo/Page_Form 1A - Cessation As Employer/Calender - Date' is clicked on

2018-12-14 10:36:56 - [TEST_STEP][PASSED] - delay: Delayed 2 second(s)

2018-12-14 10:36:58 - [MESSAGE][PASSED] - Delayed 2 second(s)

2018-12-14 10:36:58 - [TEST_STEP][PASSED] - click: Object: 'Object Repository/Final Object Repo/Page_Form 1A - Cessation As Employer/Save  Continue in Form 1A Page' is clicked on

2018-12-14 10:36:58 - [MESSAGE][PASSED] - Object: 'Object Repository/Final Object Repo/Page_Form 1A - Cessation As Employer/Save  Continue in Form 1A Page' is clicked on

2018-12-14 10:36:58 - [TEST_STEP][PASSED] - delay: Delayed 2 second(s)

2018-12-14 10:37:00 - [MESSAGE][PASSED] - Delayed 2 second(s)

2018-12-14 10:37:00 - [TEST_STEP][PASSED] - click: Object: 'Object Repository/Final Object Repo/Page_Form 1A - Cessation As Employer/Employment Resign Date' is clicked on

2018-12-14 10:37:00 - [MESSAGE][PASSED] - Object: 'Object Repository/Final Object Repo/Page_Form 1A - Cessation As Employer/Employment Resign Date' is clicked on

2018-12-14 10:37:00 - [TEST_STEP][PASSED] - delay: Delayed 1 second(s)

2018-12-14 10:37:01 - [MESSAGE][PASSED] - Delayed 1 second(s)

2018-12-14 10:37:01 - [TEST_STEP][PASSED] - Statement - CaseReferenceNo = com.kms.katalon.core.webui.keyword.WebUiBuiltInKeywords.getText(com.kms.katalon.core.testobject.ObjectRepository.findTestObject(Final Object Repo/Page_Update Employer Information/Reference Number in Update Employee Information Page)): Text of object 'Object Repository/Final Object Repo/Page_Update Employer Information/Reference Number in Update Employee Information Page' is: 'CUN122018C200001759'

2018-12-14 10:37:01 - [MESSAGE][PASSED] - Text of object 'Object Repository/Final Object Repo/Page_Update Employer Information/Reference Number in Update Employee Information Page' is: 'CUN122018C200001759'

2018-12-14 10:37:01 - [TEST_STEP][PASSED] - callTestCase: Call Test Case 'Test Cases/Final Aug 2018 - PKS Automation/Common/Reference Number Setter' successfully

2018-12-14 10:37:02 - [TEST_CASE][PASSED] - Test Cases/Final Aug 2018 - PKS Automation/Common/Reference Number Setter: Test Cases/Final Aug 2018 - PKS Automation/Common/Reference Number Setter

2018-12-14 10:37:02 - [TEST_STEP][PASSED] - Statement - RefNoOldFile = new java.io.File(C://Users//Admin//Desktop//PKS//Automation Reference Point//KatalonReference.txt): null

2018-12-14 10:37:02 - [TEST_STEP][PASSED] - Statement - RefNoOldFile.delete(): null

2018-12-14 10:37:02 - [TEST_STEP][PASSED] - delay: Delayed 5 second(s)

2018-12-14 10:37:07 - [MESSAGE][PASSED] - Delayed 5 second(s)

2018-12-14 10:37:07 - [TEST_STEP][PASSED] - Statement - RefNo = new java.io.File(C://Users//Admin//Desktop//PKS//Automation Reference Point//KatalonReference.txt): null

2018-12-14 10:37:07 - [TEST_STEP][PASSED] - Statement - f2 = new java.io.FileWriter(RefNo, false): null

2018-12-14 10:37:07 - [TEST_STEP][PASSED] - Statement - f2.write(CaseReferenceNo): null

2018-12-14 10:37:07 - [TEST_STEP][PASSED] - Statement - f2.close(): null

2018-12-14 10:37:07 - [TEST_STEP][PASSED] - Statement - out.println("


" + CaseReferenceNo + "


"): null

2018-12-14 10:37:07 - [MESSAGE][PASSED] - Call Test Case 'Test Cases/Final Aug 2018 - PKS Automation/Common/Reference Number Setter' successfully

2018-12-14 10:37:07 - [TEST_STEP][PASSED] - selectOptionByValue: All options with value '2030' are selected in object 'Object Repository/Final Object Repo/Page_Form 1A - Cessation As Employer/Employment Resign Date - Year' 

2018-12-14 10:37:07 - [MESSAGE][PASSED] - All options with value '2030' are selected in object 'Object Repository/Final Object Repo/Page_Form 1A - Cessation As Employer/Employment Resign Date - Year' 

2018-12-14 10:37:07 - [TEST_STEP][PASSED] - delay: Delayed 1 second(s)

2018-12-14 10:37:08 - [MESSAGE][PASSED] - Delayed 1 second(s)

2018-12-14 10:37:08 - [TEST_STEP][PASSED] - click: Object: 'Object Repository/Final Object Repo/Page_Form 1A - Cessation As Employer/Employment Resign Date - Year - Date' is clicked on

2018-12-14 10:37:08 - [MESSAGE][PASSED] - Object: 'Object Repository/Final Object Repo/Page_Form 1A - Cessation As Employer/Employment Resign Date - Year - Date' is clicked on

2018-12-14 10:37:08 - [TEST_STEP][PASSED] - delay: Delayed 2 second(s)

2018-12-14 10:37:10 - [MESSAGE][PASSED] - Delayed 2 second(s)

2018-12-14 10:37:10 - [TEST_STEP][PASSED] - click: Object: 'Object Repository/Final Object Repo/Page_Form 1A - Cessation As Employer/Save  Continue in Update Add Employee Resigned Date Page' is clicked on

2018-12-14 10:37:10 - [MESSAGE][PASSED] - Object: 'Object Repository/Final Object Repo/Page_Form 1A - Cessation As Employer/Save  Continue in Update Add Employee Resigned Date Page' is clicked on

2018-12-14 10:37:10 - [TEST_STEP][PASSED] - delay: Delayed 2 second(s)

2018-12-14 10:37:12 - [MESSAGE][PASSED] - Delayed 2 second(s)

2018-12-14 10:37:12 - [TEST_STEP][PASSED] - click: Object: 'Object Repository/Final Object Repo/Page_Form 1A - Cessation As Employer/Set Latest - Yes' is clicked on

2018-12-14 10:37:12 - [MESSAGE][PASSED] - Object: 'Object Repository/Final Object Repo/Page_Form 1A - Cessation As Employer/Set Latest - Yes' is clicked on

2018-12-14 10:37:12 - [TEST_STEP][PASSED] - delay: Delayed 2 second(s)

2018-12-14 10:37:14 - [MESSAGE][PASSED] - Delayed 2 second(s)

2018-12-14 10:37:14 - [TEST_STEP][PASSED] - click: Object: 'Object Repository/Final Object Repo/Page_Form 1A - Cessation As Employer/Add Document' is clicked on

2018-12-14 10:37:15 - [MESSAGE][PASSED] - Object: 'Object Repository/Final Object Repo/Page_Form 1A - Cessation As Employer/Add Document' is clicked on

2018-12-14 10:37:15 - [TEST_STEP][PASSED] - delay: Delayed 2 second(s)

2018-12-14 10:37:17 - [MESSAGE][PASSED] - Delayed 2 second(s)

2018-12-14 10:37:17 - [TEST_STEP][PASSED] - click: Object: 'Object Repository/Final Object Repo/Page_Form 1A - Cessation As Employer/Document Type' is clicked on

2018-12-14 10:37:19 - [MESSAGE][PASSED] - Object: 'Object Repository/Final Object Repo/Page_Form 1A - Cessation As Employer/Document Type' is clicked on

2018-12-14 10:37:19 - [TEST_STEP][PASSED] - delay: Delayed 2 second(s)

2018-12-14 10:37:21 - [MESSAGE][PASSED] - Delayed 2 second(s)

2018-12-14 10:37:21 - [TEST_STEP][PASSED] - click: Object: 'Object Repository/Final Object Repo/Page_Form 1A - Cessation As Employer/Document Type - Supporting Document For Cessation' is clicked on

2018-12-14 10:37:21 - [MESSAGE][PASSED] - Object: 'Object Repository/Final Object Repo/Page_Form 1A - Cessation As Employer/Document Type - Supporting Document For Cessation' is clicked on

2018-12-14 10:37:21 - [TEST_STEP][PASSED] - delay: Delayed 2 second(s)

2018-12-14 10:37:23 - [MESSAGE][PASSED] - Delayed 2 second(s)

2018-12-14 10:37:23 - [TEST_STEP][PASSED] - sendKeys: Keys 'C:\Users\Public\Pictures\Sample Pictures\Koala.jpg' sent to object: 'Object Repository/Final Object Repo/Page_Form 1A - Cessation As Employer/Uploading File'

2018-12-14 10:37:23 - [MESSAGE][PASSED] - Keys 'C:\Users\Public\Pictures\Sample Pictures\Koala.jpg' sent to object: 'Object Repository/Final Object Repo/Page_Form 1A - Cessation As Employer/Uploading File'

2018-12-14 10:37:23 - [TEST_STEP][PASSED] - delay: Delayed 2 second(s)

2018-12-14 10:37:25 - [MESSAGE][PASSED] - Delayed 2 second(s)

2018-12-14 10:37:25 - [TEST_STEP][PASSED] - click: Object: 'Object Repository/Final Object Repo/Page_Form 1A - Cessation As Employer/Add Document in Uploading Page' is clicked on

2018-12-14 10:37:25 - [MESSAGE][PASSED] - Object: 'Object Repository/Final Object Repo/Page_Form 1A - Cessation As Employer/Add Document in Uploading Page' is clicked on

2018-12-14 10:37:25 - [TEST_STEP][PASSED] - delay: Delayed 20 second(s)

2018-12-14 10:37:45 - [MESSAGE][PASSED] - Delayed 20 second(s)

2018-12-14 10:37:45 - [TEST_STEP][PASSED] - click: Object: 'Object Repository/Final Object Repo/Page_Form 1A - Cessation As Employer/Save  Continue in Uploading Page' is clicked on

2018-12-14 10:37:45 - [MESSAGE][PASSED] - Object: 'Object Repository/Final Object Repo/Page_Form 1A - Cessation As Employer/Save  Continue in Uploading Page' is clicked on

2018-12-14 10:37:45 - [TEST_STEP][PASSED] - delay: Delayed 2 second(s)

2018-12-14 10:37:47 - [MESSAGE][PASSED] - Delayed 2 second(s)

2018-12-14 10:37:47 - [TEST_STEP][PASSED] - click: Object: 'Object Repository/Final Object Repo/Page_Form 1A - Cessation As Employer/Submit2' is clicked on

2018-12-14 10:37:50 - [MESSAGE][PASSED] - Object: 'Object Repository/Final Object Repo/Page_Form 1A - Cessation As Employer/Submit2' is clicked on

2018-12-14 10:37:50 - [TEST_STEP][PASSED] - delay: Delayed 2 second(s)

2018-12-14 10:37:52 - [MESSAGE][PASSED] - Delayed 2 second(s)

2018-12-14 10:37:52 - [TEST_STEP][PASSED] - click: Object: 'Object Repository/Final Object Repo/Page_Form 1A - Cessation As Employer/Confirm' is clicked on

2018-12-14 10:37:53 - [MESSAGE][PASSED] - Object: 'Object Repository/Final Object Repo/Page_Form 1A - Cessation As Employer/Confirm' is clicked on

2018-12-14 10:37:53 - [TEST_STEP][PASSED] - delay: Delayed 2 second(s)

2018-12-14 10:37:55 - [MESSAGE][PASSED] - Delayed 2 second(s)

2018-12-14 10:37:55 - [TEST_STEP][PASSED] - verifyElementVisible: Object 'Object Repository/Final Object Repo/Page_Form 1A - Cessation As Employer/Message Your Request will be routed to UO' is visible

2018-12-14 10:37:58 - [MESSAGE][PASSED] - Object 'Object Repository/Final Object Repo/Page_Form 1A - Cessation As Employer/Message Your Request will be routed to UO' is visible

2018-12-14 10:37:58 - [TEST_STEP][PASSED] - delay: Delayed 1 second(s)

2018-12-14 10:37:59 - [MESSAGE][PASSED] - Delayed 1 second(s)

2018-12-14 10:37:59 - [TEST_STEP][PASSED] - verifyElementVisible: Object 'Object Repository/Final Object Repo/Page_Form 1A - Cessation As Employer/Letter of acknowledgement' is visible

2018-12-14 10:37:59 - [MESSAGE][PASSED] - Object 'Object Repository/Final Object Repo/Page_Form 1A - Cessation As Employer/Letter of acknowledgement' is visible

2018-12-14 10:37:59 - [MESSAGE][PASSED] - Call Test Case 'Test Cases/Final Aug 2018 - PKS Automation/Registration Module/Workflow/Form 1A - Cessation As Employer/Template/Form 1 A - Cessation As Employer (OTC)' successfully

2018-12-14 10:37:59 - [TEST_STEP][PASSED] - callTestCase: Call Test Case 'Test Cases/Final Aug 2018 - PKS Automation/Registration Module/Workflow/Form 1A - Cessation As Employer/Template/Form 1 A - Cessation As Employer (Under enforcement)' successfully

2018-12-14 10:37:59 - [TEST_CASE][PASSED] - Test Cases/Final Aug 2018 - PKS Automation/Registration Module/Workflow/Form 1A - Cessation As Employer/Template/Form 1 A - Cessation As Employer (Under enforcement): Test Cases/Final Aug 2018 - PKS Automation/Registration Module/Workflow/Form 1A - Cessation As Employer/Template/Form 1 A - Cessation As Employer (Under enforcement)

2018-12-14 10:37:59 - [TEST_STEP][NOT_RUN] - callTestCase: NOT_RUN: callTestCase

2018-12-14 10:37:59 - [MESSAGE][NOT_RUN] - NOT_RUN: callTestCase

2018-12-14 10:37:59 - [TEST_STEP][PASSED] - delay: Delayed 1 second(s)

2018-12-14 10:38:00 - [MESSAGE][PASSED] - Delayed 1 second(s)

2018-12-14 10:38:00 - [TEST_STEP][PASSED] - navigateToUrl: Navigate to 'https://assist2-uat.perkeso.gov.my/c/portal/logout' successfully

2018-12-14 10:38:01 - [MESSAGE][PASSED] - Navigate to 'https://assist2-uat.perkeso.gov.my/c/portal/logout' successfully

2018-12-14 10:38:01 - [TEST_STEP][PASSED] - delay: Delayed 1 second(s)

2018-12-14 10:38:02 - [MESSAGE][PASSED] - Delayed 1 second(s)

2018-12-14 10:38:02 - [TEST_STEP][PASSED] - callTestCase: Call Test Case 'Test Cases/Final Aug 2018 - PKS Automation/Common/Reference Number Getter' successfully

2018-12-14 10:38:02 - [TEST_CASE][PASSED] - Test Cases/Final Aug 2018 - PKS Automation/Common/Reference Number Getter: Test Cases/Final Aug 2018 - PKS Automation/Common/Reference Number Getter

2018-12-14 10:38:02 - [TEST_STEP][PASSED] - Statement - Try: null

2018-12-14 10:38:02 - [TEST_STEP][PASSED] - Statement - RefNo = new java.io.File(C://Users//Admin//Desktop//PKS//Automation Reference Point//KatalonReference.txt): null

2018-12-14 10:38:02 - [TEST_STEP][PASSED] - Statement - bufferread = new java.io.BufferedReader(new java.io.FileReader(RefNo)): null

2018-12-14 10:38:02 - [TEST_STEP][PASSED] - Statement - readedVal = bufferread.readLine(): null

2018-12-14 10:38:02 - [TEST_STEP][PASSED] - Statement - out.println(CaseReferenceNo): null

2018-12-14 10:38:02 - [TEST_STEP][PASSED] - Statement - out.println(readedVal): null

2018-12-14 10:38:02 - [TEST_STEP][PASSED] - Statement - CaseReferenceNo = "": null

2018-12-14 10:38:02 - [TEST_STEP][PASSED] - Statement - CaseReferenceNo = readedVal: null

2018-12-14 10:38:02 - [MESSAGE][PASSED] - Call Test Case 'Test Cases/Final Aug 2018 - PKS Automation/Common/Reference Number Getter' successfully

2018-12-14 10:38:02 - [TEST_STEP][PASSED] - callTestCase: Call Test Case 'Test Cases/Final Aug 2018 - PKS Automation/Common/Workflow Owner Finder' successfully

2018-12-14 10:38:02 - [TEST_CASE][PASSED] - Test Cases/Final Aug 2018 - PKS Automation/Common/Workflow Owner Finder: Test Cases/Final Aug 2018 - PKS Automation/Common/Workflow Owner Finder

2018-12-14 10:38:02 - [TEST_STEP][PASSED] - openBrowser: Browser is opened with url: ''

2018-12-14 10:38:02 - [MESSAGE][WARNING] - A browser is already opened. Closing browser and opening a new one

2018-12-14 10:38:05 - [MESSAGE][PASSED] - Browser is opened with url: ''

2018-12-14 10:38:05 - [TEST_STEP][PASSED] - navigateToUrl: Navigate to 'https://assist2-uat.perkeso.gov.my/login' successfully

2018-12-14 10:38:06 - [MESSAGE][PASSED] - Navigate to 'https://assist2-uat.perkeso.gov.my/login' successfully

2018-12-14 10:38:06 - [TEST_STEP][PASSED] - delay: Delayed 5 second(s)

2018-12-14 10:38:11 - [MESSAGE][PASSED] - Delayed 5 second(s)

2018-12-14 10:38:11 - [TEST_STEP][PASSED] - setText: Text 'test@liferay.com' is set on object 'Object Repository/Final Object Repo/Login Page/Internal User/Email Address'

2018-12-14 10:38:12 - [MESSAGE][PASSED] - Text 'test@liferay.com' is set on object 'Object Repository/Final Object Repo/Login Page/Internal User/Email Address'

2018-12-14 10:38:12 - [TEST_STEP][PASSED] - click: Object: 'Object Repository/Final Object Repo/Login Page/Internal User/Next Button' is clicked on

2018-12-14 10:38:12 - [MESSAGE][PASSED] - Object: 'Object Repository/Final Object Repo/Login Page/Internal User/Next Button' is clicked on

2018-12-14 10:38:12 - [TEST_STEP][PASSED] - delay: Delayed 2 second(s)

2018-12-14 10:38:14 - [MESSAGE][PASSED] - Delayed 2 second(s)

2018-12-14 10:38:14 - [TEST_STEP][PASSED] - setText: Text 'test' is set on object 'Object Repository/Final Object Repo/Login Page/Internal User/Password'

2018-12-14 10:38:14 - [MESSAGE][PASSED] - Text 'test' is set on object 'Object Repository/Final Object Repo/Login Page/Internal User/Password'

2018-12-14 10:38:14 - [TEST_STEP][PASSED] - delay: Delayed 2 second(s)

2018-12-14 10:38:16 - [MESSAGE][PASSED] - Delayed 2 second(s)

2018-12-14 10:38:16 - [TEST_STEP][PASSED] - click: Object: 'Object Repository/Final Object Repo/Login Page/Internal User/Login Button' is clicked on

2018-12-14 10:38:16 - [MESSAGE][PASSED] - Object: 'Object Repository/Final Object Repo/Login Page/Internal User/Login Button' is clicked on

2018-12-14 10:38:16 - [TEST_STEP][PASSED] - Statement - tester = com.kms.katalon.core.testobject.ObjectRepository.findTestObject(Final Object Repo/Landing Page/Select to English): Finding Test Object with id 'Object Repository/Final Object Repo/Landing Page/Select to English'

2018-12-14 10:38:16 - [TEST_STEP][PASSED] - Statement - Try: Delayed 2 second(s)

2018-12-14 10:38:16 - [TEST_STEP][PASSED] - Statement - Checker = com.kms.katalon.core.webui.keyword.WebUiBuiltInKeywords.verifyElementNotPresent(tester, 3): Web element with id: 'Object Repository/Final Object Repo/Landing Page/Select to English' located by 'By.xpath: //a[@class = 'taglib-language-list-text' and @lang = 'en-US' and (contains(text(), 'EN') or contains(., 'EN'))]' is not present after '3' second(s)

2018-12-14 10:38:18 - [MESSAGE][PASSED] - Web element with id: 'Object Repository/Final Object Repo/Landing Page/Select to English' located by 'By.xpath: //a[@class = 'taglib-language-list-text' and @lang = 'en-US' and (contains(text(), 'EN') or contains(., 'EN'))]' is not present after '3' second(s)

2018-12-14 10:38:18 - [TEST_STEP][PASSED] - Statement - If (Checker == false): null

2018-12-14 10:38:18 - [TEST_STEP][PASSED] - delay: Delayed 2 second(s)

2018-12-14 10:38:20 - [MESSAGE][PASSED] - Delayed 2 second(s)

2018-12-14 10:38:20 - [TEST_STEP][PASSED] - delay: Delayed 5 second(s)

2018-12-14 10:38:25 - [MESSAGE][PASSED] - Delayed 5 second(s)

2018-12-14 10:38:25 - [TEST_STEP][PASSED] - mouseOver: Object: 'Object Repository/Final Object Repo/Landing Page/WorkFlow Menu' is hovered

2018-12-14 10:38:25 - [MESSAGE][PASSED] - Object: 'Object Repository/Final Object Repo/Landing Page/WorkFlow Menu' is hovered

2018-12-14 10:38:25 - [TEST_STEP][PASSED] - delay: Delayed 2 second(s)

2018-12-14 10:38:27 - [MESSAGE][PASSED] - Delayed 2 second(s)

2018-12-14 10:38:27 - [TEST_STEP][PASSED] - click: Object: 'Object Repository/Final Object Repo/Landing Page/Select to Workflow Listing' is clicked on

2018-12-14 10:38:28 - [MESSAGE][PASSED] - Object: 'Object Repository/Final Object Repo/Landing Page/Select to Workflow Listing' is clicked on

2018-12-14 10:38:28 - [TEST_STEP][PASSED] - delay: Delayed 2 second(s)

2018-12-14 10:38:30 - [MESSAGE][PASSED] - Delayed 2 second(s)

2018-12-14 10:38:30 - [TEST_STEP][PASSED] - click: Object: 'Object Repository/Final Object Repo/WorkFlow Listing Page/Search Information - To Put Ref No' is clicked on

2018-12-14 10:38:31 - [MESSAGE][PASSED] - Object: 'Object Repository/Final Object Repo/WorkFlow Listing Page/Search Information - To Put Ref No' is clicked on

2018-12-14 10:38:31 - [TEST_STEP][PASSED] - delay: Delayed 2 second(s)

2018-12-14 10:38:33 - [MESSAGE][PASSED] - Delayed 2 second(s)

2018-12-14 10:38:33 - [TEST_STEP][PASSED] - callTestCase: Call Test Case 'Test Cases/Final Aug 2018 - PKS Automation/Common/Reference Number Getter' successfully

2018-12-14 10:38:33 - [TEST_CASE][PASSED] - Test Cases/Final Aug 2018 - PKS Automation/Common/Reference Number Getter: Test Cases/Final Aug 2018 - PKS Automation/Common/Reference Number Getter

2018-12-14 10:38:33 - [TEST_STEP][PASSED] - Statement - Try: null

2018-12-14 10:38:33 - [TEST_STEP][PASSED] - Statement - RefNo = new java.io.File(C://Users//Admin//Desktop//PKS//Automation Reference Point//KatalonReference.txt): null

2018-12-14 10:38:33 - [TEST_STEP][PASSED] - Statement - bufferread = new java.io.BufferedReader(new java.io.FileReader(RefNo)): null

2018-12-14 10:38:33 - [TEST_STEP][PASSED] - Statement - readedVal = bufferread.readLine(): null

2018-12-14 10:38:33 - [TEST_STEP][PASSED] - Statement - out.println(CaseReferenceNo): null

2018-12-14 10:38:33 - [TEST_STEP][PASSED] - Statement - out.println(readedVal): null

2018-12-14 10:38:33 - [TEST_STEP][PASSED] - Statement - CaseReferenceNo = "": null

2018-12-14 10:38:33 - [TEST_STEP][PASSED] - Statement - CaseReferenceNo = readedVal: null

2018-12-14 10:38:33 - [MESSAGE][PASSED] - Call Test Case 'Test Cases/Final Aug 2018 - PKS Automation/Common/Reference Number Getter' successfully

2018-12-14 10:38:33 - [TEST_STEP][PASSED] - setText: Text 'CUN122018C200001759' is set on object 'Object Repository/Final Object Repo/WorkFlow Listing Page/Ref No Set Text'

2018-12-14 10:38:33 - [MESSAGE][PASSED] - Text 'CUN122018C200001759' is set on object 'Object Repository/Final Object Repo/WorkFlow Listing Page/Ref No Set Text'

2018-12-14 10:38:33 - [TEST_STEP][PASSED] - delay: Delayed 2 second(s)

2018-12-14 10:38:35 - [MESSAGE][PASSED] - Delayed 2 second(s)

2018-12-14 10:38:35 - [TEST_STEP][PASSED] - click: Object: 'Object Repository/Final Object Repo/WorkFlow Listing Page/Search Ref No Search Button' is clicked on

2018-12-14 10:38:35 - [MESSAGE][PASSED] - Object: 'Object Repository/Final Object Repo/WorkFlow Listing Page/Search Ref No Search Button' is clicked on

2018-12-14 10:38:35 - [TEST_STEP][PASSED] - delay: Delayed 6 second(s)

2018-12-14 10:38:41 - [MESSAGE][PASSED] - Delayed 6 second(s)

2018-12-14 10:38:41 - [TEST_STEP][PASSED] - click: Object: 'Object Repository/Final Object Repo/WorkFlow Listing Page/Click Continue Tooltip' is clicked on

2018-12-14 10:38:42 - [MESSAGE][PASSED] - Object: 'Object Repository/Final Object Repo/WorkFlow Listing Page/Click Continue Tooltip' is clicked on

2018-12-14 10:38:42 - [TEST_STEP][PASSED] - delay: Delayed 5 second(s)

2018-12-14 10:38:47 - [MESSAGE][PASSED] - Delayed 5 second(s)

2018-12-14 10:38:47 - [TEST_STEP][PASSED] - doubleClick: Object: 'Object Repository/Final Object Repo/WorkFlow Listing Page/Workflow Found - Listing 1' is double clicked on

2018-12-14 10:38:48 - [MESSAGE][PASSED] - Object: 'Object Repository/Final Object Repo/WorkFlow Listing Page/Workflow Found - Listing 1' is double clicked on

2018-12-14 10:38:48 - [TEST_STEP][PASSED] - Statement - println(OwnerID): null

2018-12-14 10:38:48 - [TEST_STEP][PASSED] - Statement - OwnerID = com.kms.katalon.core.webui.keyword.WebUiBuiltInKeywords.getText(com.kms.katalon.core.testobject.ObjectRepository.findTestObject(Final Object Repo/WorkFlow Listing Page/Workflow Found - Listing 1), STOP_ON_FAILURE): Text of object 'Object Repository/Final Object Repo/WorkFlow Listing Page/Workflow Found - Listing 1' is: 'JOHORuo3'

2018-12-14 10:38:48 - [MESSAGE][PASSED] - Text of object 'Object Repository/Final Object Repo/WorkFlow Listing Page/Workflow Found - Listing 1' is: 'JOHORuo3'

2018-12-14 10:38:48 - [TEST_STEP][PASSED] - Statement - OwnerID = OwnerID.toLowerCase() + "@gmail.com": null

2018-12-14 10:38:48 - [TEST_STEP][PASSED] - Statement - println(OwnerID): null

2018-12-14 10:38:48 - [TEST_STEP][PASSED] - delay: Delayed 2 second(s)

2018-12-14 10:38:50 - [MESSAGE][PASSED] - Delayed 2 second(s)

2018-12-14 10:38:50 - [MESSAGE][PASSED] - Call Test Case 'Test Cases/Final Aug 2018 - PKS Automation/Common/Workflow Owner Finder' successfully

2018-12-14 10:38:50 - [TEST_STEP][PASSED] - delay: Delayed 1 second(s)

2018-12-14 10:38:51 - [MESSAGE][PASSED] - Delayed 1 second(s)

2018-12-14 10:38:51 - [TEST_STEP][PASSED] - navigateToUrl: Navigate to 'https://assist2-uat.perkeso.gov.my/c/portal/logout' successfully

2018-12-14 10:38:51 - [MESSAGE][PASSED] - Navigate to 'https://assist2-uat.perkeso.gov.my/c/portal/logout' successfully

2018-12-14 10:38:51 - [TEST_STEP][PASSED] - delay: Delayed 1 second(s)

2018-12-14 10:38:52 - [MESSAGE][PASSED] - Delayed 1 second(s)

2018-12-14 10:38:52 - [TEST_STEP][PASSED] - callTestCase: Call Test Case 'Test Cases/Final Aug 2018 - PKS Automation/Registration Module/Workflow/Login and Search Case For Workflow' successfully

2018-12-14 10:38:53 - [TEST_CASE][PASSED] - Test Cases/Final Aug 2018 - PKS Automation/Registration Module/Workflow/Login and Search Case For Workflow: Test Cases/Final Aug 2018 - PKS Automation/Registration Module/Workflow/Login and Search Case For Workflow

2018-12-14 10:38:53 - [TEST_STEP][PASSED] - navigateToUrl: Navigate to 'https://assist2-uat.perkeso.gov.my/login' successfully

2018-12-14 10:38:53 - [MESSAGE][PASSED] - Navigate to 'https://assist2-uat.perkeso.gov.my/login' successfully

2018-12-14 10:38:53 - [TEST_STEP][PASSED] - setText: Text 'johoruo3@gmail.com' is set on object 'Object Repository/Final Object Repo/Login Page/Internal User/Email Address'

2018-12-14 10:38:53 - [MESSAGE][PASSED] - Text 'johoruo3@gmail.com' is set on object 'Object Repository/Final Object Repo/Login Page/Internal User/Email Address'

2018-12-14 10:38:53 - [TEST_STEP][PASSED] - click: Object: 'Object Repository/Final Object Repo/Login Page/Internal User/Next Button' is clicked on

2018-12-14 10:38:54 - [MESSAGE][PASSED] - Object: 'Object Repository/Final Object Repo/Login Page/Internal User/Next Button' is clicked on

2018-12-14 10:38:54 - [TEST_STEP][PASSED] - delay: Delayed 1 second(s)

2018-12-14 10:38:55 - [MESSAGE][PASSED] - Delayed 1 second(s)

2018-12-14 10:38:55 - [TEST_STEP][PASSED] - setEncryptedText: Text ****** has been set on object 'Object Repository/Final Object Repo/Login Page/Internal User/Password'

2018-12-14 10:38:55 - [MESSAGE][PASSED] - Text ****** has been set on object 'Object Repository/Final Object Repo/Login Page/Internal User/Password'

2018-12-14 10:38:55 - [TEST_STEP][PASSED] - click: Object: 'Object Repository/Final Object Repo/Login Page/Internal User/Login Button' is clicked on

2018-12-14 10:38:55 - [MESSAGE][PASSED] - Object: 'Object Repository/Final Object Repo/Login Page/Internal User/Login Button' is clicked on

2018-12-14 10:38:55 - [TEST_STEP][PASSED] - delay: Delayed 2 second(s)

2018-12-14 10:38:57 - [MESSAGE][PASSED] - Delayed 2 second(s)

2018-12-14 10:38:57 - [TEST_STEP][PASSED] - Statement - Try: Delayed 2 second(s)

2018-12-14 10:38:57 - [TEST_STEP][PASSED] - Statement - Checker = false: null

2018-12-14 10:38:57 - [TEST_STEP][PASSED] - Statement - Checker = com.kms.katalon.core.webui.keyword.WebUiBuiltInKeywords.verifyElementHasAttribute(com.kms.katalon.core.testobject.ObjectRepository.findTestObject(Final Object Repo/Landing Page/BM Detecting), "href", 20, OPTIONAL): Object 'Object Repository/Final Object Repo/Landing Page/BM Detecting' has attribute 'href'

2018-12-14 10:38:57 - [MESSAGE][PASSED] - Object 'Object Repository/Final Object Repo/Landing Page/BM Detecting' has attribute 'href'

2018-12-14 10:38:57 - [TEST_STEP][PASSED] - Statement - out.println(Checker): null

2018-12-14 10:38:57 - [TEST_STEP][PASSED] - Statement - If (Checker == false): null

2018-12-14 10:38:57 - [TEST_STEP][PASSED] - Statement - Else: null

2018-12-14 10:38:57 - [TEST_STEP][PASSED] - delay: Delayed 2 second(s)

2018-12-14 10:38:59 - [MESSAGE][PASSED] - Delayed 2 second(s)

2018-12-14 10:38:59 - [TEST_STEP][PASSED] - click: Object: 'Object Repository/Final Object Repo/Page_MyASSIST - ASSIST - Search Pending Case For Add Supporting Document/Search Information' is clicked on

2018-12-14 10:38:59 - [MESSAGE][PASSED] - Object: 'Object Repository/Final Object Repo/Page_MyASSIST - ASSIST - Search Pending Case For Add Supporting Document/Search Information' is clicked on

2018-12-14 10:38:59 - [TEST_STEP][PASSED] - delay: Delayed 3 second(s)

2018-12-14 10:39:02 - [MESSAGE][PASSED] - Delayed 3 second(s)

2018-12-14 10:39:02 - [TEST_STEP][PASSED] - sendKeys: Keys 'CUN122018C200001759' sent to object: 'Object Repository/Final Object Repo/Page_MyASSIST - ASSIST - Search Pending Case For Add Supporting Document/Reference No'

2018-12-14 10:39:03 - [MESSAGE][PASSED] - Keys 'CUN122018C200001759' sent to object: 'Object Repository/Final Object Repo/Page_MyASSIST - ASSIST - Search Pending Case For Add Supporting Document/Reference No'

2018-12-14 10:39:03 - [TEST_STEP][PASSED] - click: Object: 'Object Repository/Final Object Repo/Page_MyASSIST - ASSIST - Search Pending Case For Add Supporting Document/Search Reference No' is clicked on

2018-12-14 10:39:03 - [MESSAGE][PASSED] - Object: 'Object Repository/Final Object Repo/Page_MyASSIST - ASSIST - Search Pending Case For Add Supporting Document/Search Reference No' is clicked on

2018-12-14 10:39:03 - [TEST_STEP][PASSED] - delay: Delayed 2 second(s)

2018-12-14 10:39:05 - [MESSAGE][PASSED] - Delayed 2 second(s)

2018-12-14 10:39:05 - [TEST_STEP][PASSED] - click: Object: 'Object Repository/Final Object Repo/Page_MyASSIST - ASSIST - Search Pending Case For Add Supporting Document/Continue' is clicked on

2018-12-14 10:39:09 - [MESSAGE][PASSED] - Object: 'Object Repository/Final Object Repo/Page_MyASSIST - ASSIST - Search Pending Case For Add Supporting Document/Continue' is clicked on

2018-12-14 10:39:09 - [TEST_STEP][PASSED] - delay: Delayed 20 second(s)

2018-12-14 10:39:29 - [MESSAGE][PASSED] - Delayed 20 second(s)

2018-12-14 10:39:29 - [MESSAGE][PASSED] - Call Test Case 'Test Cases/Final Aug 2018 - PKS Automation/Registration Module/Workflow/Login and Search Case For Workflow' successfully

2018-12-14 10:39:29 - [TEST_STEP][PASSED] - click: Object: 'Object Repository/Final Object Repo/Page_Form 1A - Cessation As Employer/Page_Form 1A - Cessation As Employer (Approve)/Save  Continue in Form 1A Page' is clicked on

2018-12-14 10:39:29 - [MESSAGE][PASSED] - Object: 'Object Repository/Final Object Repo/Page_Form 1A - Cessation As Employer/Page_Form 1A - Cessation As Employer (Approve)/Save  Continue in Form 1A Page' is clicked on

2018-12-14 10:39:29 - [TEST_STEP][PASSED] - delay: Delayed 2 second(s)

2018-12-14 10:39:31 - [MESSAGE][PASSED] - Delayed 2 second(s)

2018-12-14 10:39:31 - [TEST_STEP][PASSED] - click: Object: 'Object Repository/Final Object Repo/Page_Form 1A - Cessation As Employer/Employment Resign Date' is clicked on

2018-12-14 10:39:31 - [MESSAGE][PASSED] - Object: 'Object Repository/Final Object Repo/Page_Form 1A - Cessation As Employer/Employment Resign Date' is clicked on

2018-12-14 10:39:31 - [TEST_STEP][PASSED] - delay: Delayed 1 second(s)

2018-12-14 10:39:32 - [MESSAGE][PASSED] - Delayed 1 second(s)

2018-12-14 10:39:32 - [TEST_STEP][PASSED] - selectOptionByValue: All options with value '2030' are selected in object 'Object Repository/Final Object Repo/Page_Form 1A - Cessation As Employer/Employment Resign Date - Year' 

2018-12-14 10:39:33 - [MESSAGE][PASSED] - All options with value '2030' are selected in object 'Object Repository/Final Object Repo/Page_Form 1A - Cessation As Employer/Employment Resign Date - Year' 

2018-12-14 10:39:33 - [TEST_STEP][PASSED] - delay: Delayed 1 second(s)

2018-12-14 10:39:34 - [MESSAGE][PASSED] - Delayed 1 second(s)

2018-12-14 10:39:34 - [TEST_STEP][PASSED] - click: Object: 'Object Repository/Final Object Repo/Page_Form 1A - Cessation As Employer/Employment Resign Date - Year - Date' is clicked on

2018-12-14 10:39:34 - [MESSAGE][PASSED] - Object: 'Object Repository/Final Object Repo/Page_Form 1A - Cessation As Employer/Employment Resign Date - Year - Date' is clicked on

2018-12-14 10:39:34 - [TEST_STEP][PASSED] - delay: Delayed 2 second(s)

2018-12-14 10:39:36 - [MESSAGE][PASSED] - Delayed 2 second(s)

2018-12-14 10:39:36 - [TEST_STEP][PASSED] - click: Object: 'Object Repository/Final Object Repo/Page_Form 1A - Cessation As Employer/Page_Form 1A - Cessation As Employer (Approve)/Save  Continue in Update Add Employee Resigned Date Page' is clicked on

2018-12-14 10:39:37 - [MESSAGE][PASSED] - Object: 'Object Repository/Final Object Repo/Page_Form 1A - Cessation As Employer/Page_Form 1A - Cessation As Employer (Approve)/Save  Continue in Update Add Employee Resigned Date Page' is clicked on

2018-12-14 10:39:37 - [TEST_STEP][PASSED] - delay: Delayed 2 second(s)

2018-12-14 10:39:39 - [MESSAGE][PASSED] - Delayed 2 second(s)

2018-12-14 10:39:39 - [TEST_STEP][PASSED] - click: Object: 'Object Repository/Final Object Repo/Page_Form 1A - Cessation As Employer/Set Latest - Yes' is clicked on

2018-12-14 10:39:40 - [MESSAGE][PASSED] - Object: 'Object Repository/Final Object Repo/Page_Form 1A - Cessation As Employer/Set Latest - Yes' is clicked on

2018-12-14 10:39:40 - [TEST_STEP][PASSED] - delay: Delayed 2 second(s)

2018-12-14 10:39:42 - [MESSAGE][PASSED] - Delayed 2 second(s)

2018-12-14 10:39:42 - [TEST_STEP][PASSED] - click: Object: 'Object Repository/Final Object Repo/Page_Form 1A - Cessation As Employer/Page_Form 1A - Cessation As Employer (Approve)/Save  Contine in Uploading Document Page' is clicked on

2018-12-14 10:39:44 - [MESSAGE][PASSED] - Object: 'Object Repository/Final Object Repo/Page_Form 1A - Cessation As Employer/Page_Form 1A - Cessation As Employer (Approve)/Save  Contine in Uploading Document Page' is clicked on

2018-12-14 10:39:44 - [TEST_STEP][PASSED] - delay: Delayed 2 second(s)

2018-12-14 10:39:46 - [MESSAGE][PASSED] - Delayed 2 second(s)

2018-12-14 10:39:46 - [TEST_STEP][PASSED] - click: Object: 'Object Repository/Final Object Repo/Page_Form 1A - Cessation As Employer/Page_Form 1A - Cessation As Employer (Under enforcement)/Under enforcement' is clicked on

2018-12-14 10:39:49 - [MESSAGE][PASSED] - Object: 'Object Repository/Final Object Repo/Page_Form 1A - Cessation As Employer/Page_Form 1A - Cessation As Employer (Under enforcement)/Under enforcement' is clicked on

2018-12-14 10:39:49 - [TEST_STEP][PASSED] - delay: Delayed 2 second(s)

2018-12-14 10:39:51 - [MESSAGE][PASSED] - Delayed 2 second(s)

2018-12-14 10:39:51 - [TEST_STEP][PASSED] - setText: Text 'remark' is set on object 'Object Repository/Final Object Repo/Page_Form 1A - Cessation As Employer/Page_Form 1A - Cessation As Employer (Under enforcement)/Under enforcement - remark'

2018-12-14 10:39:53 - [MESSAGE][PASSED] - Text 'remark' is set on object 'Object Repository/Final Object Repo/Page_Form 1A - Cessation As Employer/Page_Form 1A - Cessation As Employer (Under enforcement)/Under enforcement - remark'

2018-12-14 10:39:53 - [TEST_STEP][PASSED] - delay: Delayed 2 second(s)

2018-12-14 10:39:55 - [MESSAGE][PASSED] - Delayed 2 second(s)

2018-12-14 10:39:55 - [TEST_STEP][PASSED] - click: Object: 'Object Repository/Final Object Repo/Page_Form 1A - Cessation As Employer/Page_Form 1A - Cessation As Employer (Under enforcement)/Save  Continue in Under enforcement Page' is clicked on

2018-12-14 10:39:55 - [MESSAGE][PASSED] - Object: 'Object Repository/Final Object Repo/Page_Form 1A - Cessation As Employer/Page_Form 1A - Cessation As Employer (Under enforcement)/Save  Continue in Under enforcement Page' is clicked on

2018-12-14 10:39:55 - [TEST_STEP][PASSED] - delay: Delayed 2 second(s)

2018-12-14 10:39:57 - [MESSAGE][PASSED] - Delayed 2 second(s)

2018-12-14 10:39:57 - [TEST_STEP][PASSED] - click: Object: 'Object Repository/Final Object Repo/Page_Form 1A - Cessation As Employer/Page_Form 1A - Cessation As Employer (Under enforcement)/Message The case is under enforcement' is clicked on

2018-12-14 10:39:59 - [MESSAGE][PASSED] - Object: 'Object Repository/Final Object Repo/Page_Form 1A - Cessation As Employer/Page_Form 1A - Cessation As Employer (Under enforcement)/Message The case is under enforcement' is clicked on

2018-12-14 10:39:59 - [MESSAGE][PASSED] - Call Test Case 'Test Cases/Final Aug 2018 - PKS Automation/Registration Module/Workflow/Form 1A - Cessation As Employer/Template/Form 1 A - Cessation As Employer (Under enforcement)' successfully]]></system-out>
         <system-err><![CDATA[]]></system-err>
      </testcase>
      <testcase name="Test Cases/Final Aug 2018 - PKS Automation/Registration Module/Workflow/Form 1A - Cessation As Employer/PKRBO to UO (Approve)" classname="Test Cases/Final Aug 2018 - PKS Automation/Registration Module/Workflow/Form 1A - Cessation As Employer/PKRBO to UO (Approve)" status="PASSED">
         <system-out><![CDATA[2018-12-14 10:39:59 - [TEST_CASE][PASSED] - Test Cases/Final Aug 2018 - PKS Automation/Registration Module/Workflow/Form 1A - Cessation As Employer/PKRBO to UO (Approve): Test Cases/Final Aug 2018 - PKS Automation/Registration Module/Workflow/Form 1A - Cessation As Employer/PKRBO to UO (Approve)

2018-12-14 10:39:59 - [TEST_STEP][PASSED] - callTestCase: Call Test Case 'Test Cases/Final Aug 2018 - PKS Automation/Registration Module/Workflow/Form 1A - Cessation As Employer/Template/Form 1 A - Cessation As Employer (PKRBO)' successfully

2018-12-14 10:39:59 - [TEST_CASE][PASSED] - Test Cases/Final Aug 2018 - PKS Automation/Registration Module/Workflow/Form 1A - Cessation As Employer/Template/Form 1 A - Cessation As Employer (PKRBO): Test Cases/Final Aug 2018 - PKS Automation/Registration Module/Workflow/Form 1A - Cessation As Employer/Template/Form 1 A - Cessation As Employer (PKRBO)

2018-12-14 10:39:59 - [TEST_STEP][PASSED] - openBrowser: Browser is opened with url: ''

2018-12-14 10:39:59 - [MESSAGE][WARNING] - A browser is already opened. Closing browser and opening a new one

2018-12-14 10:40:04 - [MESSAGE][PASSED] - Browser is opened with url: ''

2018-12-14 10:40:04 - [TEST_STEP][PASSED] - navigateToUrl: Navigate to 'https://assist2-uat.perkeso.gov.my/login' successfully

2018-12-14 10:40:05 - [MESSAGE][PASSED] - Navigate to 'https://assist2-uat.perkeso.gov.my/login' successfully

2018-12-14 10:40:05 - [TEST_STEP][PASSED] - setText: Text 'johorpkrbo1@gmail.com' is set on object 'Object Repository/Final Object Repo/Login Page/Internal User/Email Address'

2018-12-14 10:40:06 - [MESSAGE][PASSED] - Text 'johorpkrbo1@gmail.com' is set on object 'Object Repository/Final Object Repo/Login Page/Internal User/Email Address'

2018-12-14 10:40:06 - [TEST_STEP][PASSED] - click: Object: 'Object Repository/Final Object Repo/Login Page/Internal User/Next Button' is clicked on

2018-12-14 10:40:06 - [MESSAGE][PASSED] - Object: 'Object Repository/Final Object Repo/Login Page/Internal User/Next Button' is clicked on

2018-12-14 10:40:06 - [TEST_STEP][PASSED] - delay: Delayed 1 second(s)

2018-12-14 10:40:07 - [MESSAGE][PASSED] - Delayed 1 second(s)

2018-12-14 10:40:07 - [TEST_STEP][PASSED] - setEncryptedText: Text ****** has been set on object 'Object Repository/Final Object Repo/Login Page/Internal User/Password'

2018-12-14 10:40:08 - [MESSAGE][PASSED] - Text ****** has been set on object 'Object Repository/Final Object Repo/Login Page/Internal User/Password'

2018-12-14 10:40:08 - [TEST_STEP][PASSED] - click: Object: 'Object Repository/Final Object Repo/Login Page/Internal User/Login Button' is clicked on

2018-12-14 10:40:08 - [MESSAGE][PASSED] - Object: 'Object Repository/Final Object Repo/Login Page/Internal User/Login Button' is clicked on

2018-12-14 10:40:08 - [TEST_STEP][PASSED] - delay: Delayed 1 second(s)

2018-12-14 10:40:09 - [MESSAGE][PASSED] - Delayed 1 second(s)

2018-12-14 10:40:09 - [TEST_STEP][PASSED] - Statement - Try: Delayed 2 second(s)

2018-12-14 10:40:09 - [TEST_STEP][PASSED] - Statement - Checker = false: null

2018-12-14 10:40:09 - [TEST_STEP][PASSED] - Statement - Checker = com.kms.katalon.core.webui.keyword.WebUiBuiltInKeywords.verifyElementHasAttribute(com.kms.katalon.core.testobject.ObjectRepository.findTestObject(Final Object Repo/Landing Page/BM Detecting), "href", 20, OPTIONAL): Object 'Object Repository/Final Object Repo/Landing Page/BM Detecting' has attribute 'href'

2018-12-14 10:40:11 - [MESSAGE][PASSED] - Object 'Object Repository/Final Object Repo/Landing Page/BM Detecting' has attribute 'href'

2018-12-14 10:40:11 - [TEST_STEP][PASSED] - Statement - out.println(Checker): null

2018-12-14 10:40:11 - [TEST_STEP][PASSED] - Statement - If (Checker == false): null

2018-12-14 10:40:11 - [TEST_STEP][PASSED] - Statement - Else: null

2018-12-14 10:40:11 - [TEST_STEP][PASSED] - delay: Delayed 2 second(s)

2018-12-14 10:40:13 - [MESSAGE][PASSED] - Delayed 2 second(s)

2018-12-14 10:40:13 - [TEST_STEP][PASSED] - navigateToUrl: Navigate to 'https://assist2-uat.perkeso.gov.my/web/registration/update/form-1a-cessation-as-employer-discontinue-business-' successfully

2018-12-14 10:40:14 - [MESSAGE][PASSED] - Navigate to 'https://assist2-uat.perkeso.gov.my/web/registration/update/form-1a-cessation-as-employer-discontinue-business-' successfully

2018-12-14 10:40:14 - [TEST_STEP][PASSED] - setText: Text 'E1102069770Z' is set on object 'Object Repository/Final Object Repo/Page_Update Employer Information/Employer Code'

2018-12-14 10:40:14 - [MESSAGE][PASSED] - Text 'E1102069770Z' is set on object 'Object Repository/Final Object Repo/Page_Update Employer Information/Employer Code'

2018-12-14 10:40:14 - [TEST_STEP][PASSED] - click: Object: 'Object Repository/Final Object Repo/Page_Update Employer Information/Search Button' is clicked on

2018-12-14 10:40:15 - [MESSAGE][PASSED] - Object: 'Object Repository/Final Object Repo/Page_Update Employer Information/Search Button' is clicked on

2018-12-14 10:40:15 - [TEST_STEP][PASSED] - click: Object: 'Object Repository/Final Object Repo/Page_Update Employer Information/Edit Button' is clicked on

2018-12-14 10:40:19 - [MESSAGE][PASSED] - Object: 'Object Repository/Final Object Repo/Page_Update Employer Information/Edit Button' is clicked on

2018-12-14 10:40:19 - [TEST_STEP][PASSED] - Statement - abc = com.kms.katalon.core.webui.keyword.WebUiBuiltInKeywords.getAttribute(com.kms.katalon.core.testobject.ObjectRepository.findTestObject(Final Object Repo/Page_Form 1A - Cessation As Employer/Employer Status), "value"): Attribute 'value' of object 'Object Repository/Final Object Repo/Page_Form 1A - Cessation As Employer/Employer Status' is: 'Dormant'

2018-12-14 10:40:19 - [MESSAGE][PASSED] - Attribute 'value' of object 'Object Repository/Final Object Repo/Page_Form 1A - Cessation As Employer/Employer Status' is: 'Dormant'

2018-12-14 10:40:19 - [TEST_STEP][PASSED] - Statement - out.println(abc): null

2018-12-14 10:40:19 - [TEST_STEP][PASSED] - Statement - If (abc == "Active"): null

2018-12-14 10:40:19 - [TEST_STEP][PASSED] - Statement - Else If (abc == "Cancel"): null

2018-12-14 10:40:19 - [TEST_STEP][PASSED] - Statement - Else If (abc == "Dormant"): Object: 'Object Repository/Final Object Repo/Page_Form 1A - Cessation As Employer/Change Employer Status to - Dormant' is clicked on

2018-12-14 10:40:19 - [TEST_STEP][PASSED] - click: Object: 'Object Repository/Final Object Repo/Page_Form 1A - Cessation As Employer/Change Employer Status to' is clicked on

2018-12-14 10:40:20 - [MESSAGE][PASSED] - Object: 'Object Repository/Final Object Repo/Page_Form 1A - Cessation As Employer/Change Employer Status to' is clicked on

2018-12-14 10:40:20 - [TEST_STEP][PASSED] - click: Object: 'Object Repository/Final Object Repo/Page_Form 1A - Cessation As Employer/Change Employer Status to - Dormant' is clicked on

2018-12-14 10:40:21 - [MESSAGE][PASSED] - Object: 'Object Repository/Final Object Repo/Page_Form 1A - Cessation As Employer/Change Employer Status to - Dormant' is clicked on

2018-12-14 10:40:21 - [TEST_STEP][PASSED] - click: Object: 'Object Repository/Final Object Repo/Page_Form 1A - Cessation As Employer/Calender' is clicked on

2018-12-14 10:40:21 - [MESSAGE][PASSED] - Object: 'Object Repository/Final Object Repo/Page_Form 1A - Cessation As Employer/Calender' is clicked on

2018-12-14 10:40:21 - [TEST_STEP][PASSED] - click: Object: 'Object Repository/Final Object Repo/Page_Form 1A - Cessation As Employer/Calender - Date' is clicked on

2018-12-14 10:40:22 - [MESSAGE][PASSED] - Object: 'Object Repository/Final Object Repo/Page_Form 1A - Cessation As Employer/Calender - Date' is clicked on

2018-12-14 10:40:22 - [TEST_STEP][PASSED] - delay: Delayed 2 second(s)

2018-12-14 10:40:24 - [MESSAGE][PASSED] - Delayed 2 second(s)

2018-12-14 10:40:24 - [TEST_STEP][PASSED] - click: Object: 'Object Repository/Final Object Repo/Page_Form 1A - Cessation As Employer/Save  Continue in Form 1A Page' is clicked on

2018-12-14 10:40:24 - [MESSAGE][PASSED] - Object: 'Object Repository/Final Object Repo/Page_Form 1A - Cessation As Employer/Save  Continue in Form 1A Page' is clicked on

2018-12-14 10:40:24 - [TEST_STEP][PASSED] - delay: Delayed 2 second(s)

2018-12-14 10:40:26 - [MESSAGE][PASSED] - Delayed 2 second(s)

2018-12-14 10:40:26 - [TEST_STEP][PASSED] - click: Object: 'Object Repository/Final Object Repo/Page_Form 1A - Cessation As Employer/Employment Resign Date' is clicked on

2018-12-14 10:40:27 - [MESSAGE][PASSED] - Object: 'Object Repository/Final Object Repo/Page_Form 1A - Cessation As Employer/Employment Resign Date' is clicked on

2018-12-14 10:40:27 - [TEST_STEP][PASSED] - delay: Delayed 1 second(s)

2018-12-14 10:40:28 - [MESSAGE][PASSED] - Delayed 1 second(s)

2018-12-14 10:40:28 - [TEST_STEP][PASSED] - Statement - CaseReferenceNo = com.kms.katalon.core.webui.keyword.WebUiBuiltInKeywords.getText(com.kms.katalon.core.testobject.ObjectRepository.findTestObject(Final Object Repo/Page_Update Employer Information/Reference Number in Update Employee Information Page)): Text of object 'Object Repository/Final Object Repo/Page_Update Employer Information/Reference Number in Update Employee Information Page' is: 'CUN122018C200001760'

2018-12-14 10:40:28 - [MESSAGE][PASSED] - Text of object 'Object Repository/Final Object Repo/Page_Update Employer Information/Reference Number in Update Employee Information Page' is: 'CUN122018C200001760'

2018-12-14 10:40:28 - [TEST_STEP][PASSED] - Statement - out.println(CaseReferenceNo): null

2018-12-14 10:40:28 - [TEST_STEP][PASSED] - callTestCase: Call Test Case 'Test Cases/Final Aug 2018 - PKS Automation/Common/Reference Number Setter' successfully

2018-12-14 10:40:28 - [TEST_CASE][PASSED] - Test Cases/Final Aug 2018 - PKS Automation/Common/Reference Number Setter: Test Cases/Final Aug 2018 - PKS Automation/Common/Reference Number Setter

2018-12-14 10:40:28 - [TEST_STEP][PASSED] - Statement - RefNoOldFile = new java.io.File(C://Users//Admin//Desktop//PKS//Automation Reference Point//KatalonReference.txt): null

2018-12-14 10:40:28 - [TEST_STEP][PASSED] - Statement - RefNoOldFile.delete(): null

2018-12-14 10:40:28 - [TEST_STEP][PASSED] - delay: Delayed 5 second(s)

2018-12-14 10:40:33 - [MESSAGE][PASSED] - Delayed 5 second(s)

2018-12-14 10:40:33 - [TEST_STEP][PASSED] - Statement - RefNo = new java.io.File(C://Users//Admin//Desktop//PKS//Automation Reference Point//KatalonReference.txt): null

2018-12-14 10:40:33 - [TEST_STEP][PASSED] - Statement - f2 = new java.io.FileWriter(RefNo, false): null

2018-12-14 10:40:33 - [TEST_STEP][PASSED] - Statement - f2.write(CaseReferenceNo): null

2018-12-14 10:40:33 - [TEST_STEP][PASSED] - Statement - f2.close(): null

2018-12-14 10:40:33 - [TEST_STEP][PASSED] - Statement - out.println("


" + CaseReferenceNo + "


"): null

2018-12-14 10:40:33 - [MESSAGE][PASSED] - Call Test Case 'Test Cases/Final Aug 2018 - PKS Automation/Common/Reference Number Setter' successfully

2018-12-14 10:40:33 - [TEST_STEP][PASSED] - selectOptionByValue: All options with value '2030' are selected in object 'Object Repository/Final Object Repo/Page_Form 1A - Cessation As Employer/Employment Resign Date - Year' 

2018-12-14 10:40:33 - [MESSAGE][PASSED] - All options with value '2030' are selected in object 'Object Repository/Final Object Repo/Page_Form 1A - Cessation As Employer/Employment Resign Date - Year' 

2018-12-14 10:40:33 - [TEST_STEP][PASSED] - delay: Delayed 1 second(s)

2018-12-14 10:40:34 - [MESSAGE][PASSED] - Delayed 1 second(s)

2018-12-14 10:40:34 - [TEST_STEP][PASSED] - click: Object: 'Object Repository/Final Object Repo/Page_Form 1A - Cessation As Employer/Employment Resign Date - Year - Date' is clicked on

2018-12-14 10:40:35 - [MESSAGE][PASSED] - Object: 'Object Repository/Final Object Repo/Page_Form 1A - Cessation As Employer/Employment Resign Date - Year - Date' is clicked on

2018-12-14 10:40:35 - [TEST_STEP][PASSED] - delay: Delayed 2 second(s)

2018-12-14 10:40:37 - [MESSAGE][PASSED] - Delayed 2 second(s)

2018-12-14 10:40:37 - [TEST_STEP][PASSED] - click: Object: 'Object Repository/Final Object Repo/Page_Form 1A - Cessation As Employer/Save  Continue in Update Add Employee Resigned Date Page' is clicked on

2018-12-14 10:40:37 - [MESSAGE][PASSED] - Object: 'Object Repository/Final Object Repo/Page_Form 1A - Cessation As Employer/Save  Continue in Update Add Employee Resigned Date Page' is clicked on

2018-12-14 10:40:37 - [TEST_STEP][PASSED] - delay: Delayed 2 second(s)

2018-12-14 10:40:39 - [MESSAGE][PASSED] - Delayed 2 second(s)

2018-12-14 10:40:39 - [TEST_STEP][PASSED] - click: Object: 'Object Repository/Final Object Repo/Page_Form 1A - Cessation As Employer/Set Latest - Yes' is clicked on

2018-12-14 10:40:41 - [MESSAGE][PASSED] - Object: 'Object Repository/Final Object Repo/Page_Form 1A - Cessation As Employer/Set Latest - Yes' is clicked on

2018-12-14 10:40:41 - [TEST_STEP][PASSED] - delay: Delayed 2 second(s)

2018-12-14 10:40:43 - [MESSAGE][PASSED] - Delayed 2 second(s)

2018-12-14 10:40:43 - [TEST_STEP][PASSED] - click: Object: 'Object Repository/Final Object Repo/Page_Form 1A - Cessation As Employer/Add Document' is clicked on

2018-12-14 10:40:46 - [MESSAGE][PASSED] - Object: 'Object Repository/Final Object Repo/Page_Form 1A - Cessation As Employer/Add Document' is clicked on

2018-12-14 10:40:46 - [TEST_STEP][PASSED] - delay: Delayed 2 second(s)

2018-12-14 10:40:48 - [MESSAGE][PASSED] - Delayed 2 second(s)

2018-12-14 10:40:48 - [TEST_STEP][PASSED] - click: Object: 'Object Repository/Final Object Repo/Page_Form 1A - Cessation As Employer/Document Type' is clicked on

2018-12-14 10:40:50 - [MESSAGE][PASSED] - Object: 'Object Repository/Final Object Repo/Page_Form 1A - Cessation As Employer/Document Type' is clicked on

2018-12-14 10:40:50 - [TEST_STEP][PASSED] - delay: Delayed 2 second(s)

2018-12-14 10:40:52 - [MESSAGE][PASSED] - Delayed 2 second(s)

2018-12-14 10:40:52 - [TEST_STEP][PASSED] - click: Object: 'Object Repository/Final Object Repo/Page_Form 1A - Cessation As Employer/Document Type - Supporting Document For Cessation' is clicked on

2018-12-14 10:40:52 - [MESSAGE][PASSED] - Object: 'Object Repository/Final Object Repo/Page_Form 1A - Cessation As Employer/Document Type - Supporting Document For Cessation' is clicked on

2018-12-14 10:40:52 - [TEST_STEP][PASSED] - delay: Delayed 2 second(s)

2018-12-14 10:40:54 - [MESSAGE][PASSED] - Delayed 2 second(s)

2018-12-14 10:40:54 - [TEST_STEP][PASSED] - sendKeys: Keys 'C:\Users\Public\Pictures\Sample Pictures\Koala.jpg' sent to object: 'Object Repository/Final Object Repo/Page_Form 1A - Cessation As Employer/Uploading File'

2018-12-14 10:40:54 - [MESSAGE][PASSED] - Keys 'C:\Users\Public\Pictures\Sample Pictures\Koala.jpg' sent to object: 'Object Repository/Final Object Repo/Page_Form 1A - Cessation As Employer/Uploading File'

2018-12-14 10:40:54 - [TEST_STEP][PASSED] - delay: Delayed 2 second(s)

2018-12-14 10:40:56 - [MESSAGE][PASSED] - Delayed 2 second(s)

2018-12-14 10:40:56 - [TEST_STEP][PASSED] - click: Object: 'Object Repository/Final Object Repo/Page_Form 1A - Cessation As Employer/Add Document in Uploading Page' is clicked on

2018-12-14 10:40:56 - [MESSAGE][PASSED] - Object: 'Object Repository/Final Object Repo/Page_Form 1A - Cessation As Employer/Add Document in Uploading Page' is clicked on

2018-12-14 10:40:56 - [TEST_STEP][PASSED] - delay: Delayed 15 second(s)

2018-12-14 10:41:11 - [MESSAGE][PASSED] - Delayed 15 second(s)

2018-12-14 10:41:11 - [TEST_STEP][PASSED] - click: Object: 'Object Repository/Final Object Repo/Page_Form 1A - Cessation As Employer/Save  Continue in Uploading Page' is clicked on

2018-12-14 10:41:11 - [MESSAGE][PASSED] - Object: 'Object Repository/Final Object Repo/Page_Form 1A - Cessation As Employer/Save  Continue in Uploading Page' is clicked on

2018-12-14 10:41:11 - [TEST_STEP][PASSED] - delay: Delayed 2 second(s)

2018-12-14 10:41:13 - [MESSAGE][PASSED] - Delayed 2 second(s)

2018-12-14 10:41:13 - [TEST_STEP][PASSED] - click: Object: 'Object Repository/Final Object Repo/Page_Form 1A - Cessation As Employer/Submit2' is clicked on

2018-12-14 10:41:16 - [MESSAGE][PASSED] - Object: 'Object Repository/Final Object Repo/Page_Form 1A - Cessation As Employer/Submit2' is clicked on

2018-12-14 10:41:16 - [TEST_STEP][PASSED] - delay: Delayed 2 second(s)

2018-12-14 10:41:18 - [MESSAGE][PASSED] - Delayed 2 second(s)

2018-12-14 10:41:18 - [TEST_STEP][PASSED] - click: Object: 'Object Repository/Final Object Repo/Page_Form 1A - Cessation As Employer/Confirm' is clicked on

2018-12-14 10:41:18 - [MESSAGE][PASSED] - Object: 'Object Repository/Final Object Repo/Page_Form 1A - Cessation As Employer/Confirm' is clicked on

2018-12-14 10:41:18 - [TEST_STEP][PASSED] - delay: Delayed 2 second(s)

2018-12-14 10:41:20 - [MESSAGE][PASSED] - Delayed 2 second(s)

2018-12-14 10:41:20 - [TEST_STEP][PASSED] - verifyElementVisible: Object 'Object Repository/Final Object Repo/Page_Form 1A - Cessation As Employer/Message Your Request will be routed to UO' is visible

2018-12-14 10:41:24 - [MESSAGE][PASSED] - Object 'Object Repository/Final Object Repo/Page_Form 1A - Cessation As Employer/Message Your Request will be routed to UO' is visible

2018-12-14 10:41:24 - [TEST_STEP][PASSED] - delay: Delayed 1 second(s)

2018-12-14 10:41:25 - [MESSAGE][PASSED] - Delayed 1 second(s)

2018-12-14 10:41:25 - [TEST_STEP][PASSED] - verifyElementVisible: Object 'Object Repository/Final Object Repo/Page_Form 1A - Cessation As Employer/Letter of acknowledgement' is visible

2018-12-14 10:41:25 - [MESSAGE][PASSED] - Object 'Object Repository/Final Object Repo/Page_Form 1A - Cessation As Employer/Letter of acknowledgement' is visible

2018-12-14 10:41:25 - [MESSAGE][PASSED] - Call Test Case 'Test Cases/Final Aug 2018 - PKS Automation/Registration Module/Workflow/Form 1A - Cessation As Employer/Template/Form 1 A - Cessation As Employer (PKRBO)' successfully

2018-12-14 10:41:25 - [TEST_STEP][PASSED] - callTestCase: Call Test Case 'Test Cases/Final Aug 2018 - PKS Automation/Registration Module/Workflow/Form 1A - Cessation As Employer/Template/Form 1 A - Cessation As Employer (Approve)' successfully

2018-12-14 10:41:25 - [TEST_CASE][PASSED] - Test Cases/Final Aug 2018 - PKS Automation/Registration Module/Workflow/Form 1A - Cessation As Employer/Template/Form 1 A - Cessation As Employer (Approve): Test Cases/Final Aug 2018 - PKS Automation/Registration Module/Workflow/Form 1A - Cessation As Employer/Template/Form 1 A - Cessation As Employer (Approve)

2018-12-14 10:41:25 - [TEST_STEP][NOT_RUN] - callTestCase: NOT_RUN: callTestCase

2018-12-14 10:41:25 - [MESSAGE][NOT_RUN] - NOT_RUN: callTestCase

2018-12-14 10:41:25 - [TEST_STEP][PASSED] - delay: Delayed 1 second(s)

2018-12-14 10:41:26 - [MESSAGE][PASSED] - Delayed 1 second(s)

2018-12-14 10:41:26 - [TEST_STEP][PASSED] - navigateToUrl: Navigate to 'https://assist2-uat.perkeso.gov.my/c/portal/logout' successfully

2018-12-14 10:41:27 - [MESSAGE][PASSED] - Navigate to 'https://assist2-uat.perkeso.gov.my/c/portal/logout' successfully

2018-12-14 10:41:27 - [TEST_STEP][PASSED] - delay: Delayed 1 second(s)

2018-12-14 10:41:28 - [MESSAGE][PASSED] - Delayed 1 second(s)

2018-12-14 10:41:28 - [TEST_STEP][PASSED] - callTestCase: Call Test Case 'Test Cases/Final Aug 2018 - PKS Automation/Common/Reference Number Getter' successfully

2018-12-14 10:41:28 - [TEST_CASE][PASSED] - Test Cases/Final Aug 2018 - PKS Automation/Common/Reference Number Getter: Test Cases/Final Aug 2018 - PKS Automation/Common/Reference Number Getter

2018-12-14 10:41:28 - [TEST_STEP][PASSED] - Statement - Try: null

2018-12-14 10:41:28 - [TEST_STEP][PASSED] - Statement - RefNo = new java.io.File(C://Users//Admin//Desktop//PKS//Automation Reference Point//KatalonReference.txt): null

2018-12-14 10:41:28 - [TEST_STEP][PASSED] - Statement - bufferread = new java.io.BufferedReader(new java.io.FileReader(RefNo)): null

2018-12-14 10:41:28 - [TEST_STEP][PASSED] - Statement - readedVal = bufferread.readLine(): null

2018-12-14 10:41:28 - [TEST_STEP][PASSED] - Statement - out.println(CaseReferenceNo): null

2018-12-14 10:41:28 - [TEST_STEP][PASSED] - Statement - out.println(readedVal): null

2018-12-14 10:41:28 - [TEST_STEP][PASSED] - Statement - CaseReferenceNo = "": null

2018-12-14 10:41:28 - [TEST_STEP][PASSED] - Statement - CaseReferenceNo = readedVal: null

2018-12-14 10:41:28 - [MESSAGE][PASSED] - Call Test Case 'Test Cases/Final Aug 2018 - PKS Automation/Common/Reference Number Getter' successfully

2018-12-14 10:41:28 - [TEST_STEP][PASSED] - callTestCase: Call Test Case 'Test Cases/Final Aug 2018 - PKS Automation/Common/Workflow Owner Finder' successfully

2018-12-14 10:41:28 - [TEST_CASE][PASSED] - Test Cases/Final Aug 2018 - PKS Automation/Common/Workflow Owner Finder: Test Cases/Final Aug 2018 - PKS Automation/Common/Workflow Owner Finder

2018-12-14 10:41:28 - [TEST_STEP][PASSED] - openBrowser: Browser is opened with url: ''

2018-12-14 10:41:28 - [MESSAGE][WARNING] - A browser is already opened. Closing browser and opening a new one

2018-12-14 10:41:36 - [MESSAGE][PASSED] - Browser is opened with url: ''

2018-12-14 10:41:36 - [TEST_STEP][PASSED] - navigateToUrl: Navigate to 'https://assist2-uat.perkeso.gov.my/login' successfully

2018-12-14 10:41:37 - [MESSAGE][PASSED] - Navigate to 'https://assist2-uat.perkeso.gov.my/login' successfully

2018-12-14 10:41:37 - [TEST_STEP][PASSED] - delay: Delayed 5 second(s)

2018-12-14 10:41:42 - [MESSAGE][PASSED] - Delayed 5 second(s)

2018-12-14 10:41:42 - [TEST_STEP][PASSED] - setText: Text 'test@liferay.com' is set on object 'Object Repository/Final Object Repo/Login Page/Internal User/Email Address'

2018-12-14 10:41:43 - [MESSAGE][PASSED] - Text 'test@liferay.com' is set on object 'Object Repository/Final Object Repo/Login Page/Internal User/Email Address'

2018-12-14 10:41:43 - [TEST_STEP][PASSED] - click: Object: 'Object Repository/Final Object Repo/Login Page/Internal User/Next Button' is clicked on

2018-12-14 10:41:43 - [MESSAGE][PASSED] - Object: 'Object Repository/Final Object Repo/Login Page/Internal User/Next Button' is clicked on

2018-12-14 10:41:43 - [TEST_STEP][PASSED] - delay: Delayed 2 second(s)

2018-12-14 10:41:45 - [MESSAGE][PASSED] - Delayed 2 second(s)

2018-12-14 10:41:45 - [TEST_STEP][PASSED] - setText: Text 'test' is set on object 'Object Repository/Final Object Repo/Login Page/Internal User/Password'

2018-12-14 10:41:45 - [MESSAGE][PASSED] - Text 'test' is set on object 'Object Repository/Final Object Repo/Login Page/Internal User/Password'

2018-12-14 10:41:45 - [TEST_STEP][PASSED] - delay: Delayed 2 second(s)

2018-12-14 10:41:47 - [MESSAGE][PASSED] - Delayed 2 second(s)

2018-12-14 10:41:47 - [TEST_STEP][PASSED] - click: Object: 'Object Repository/Final Object Repo/Login Page/Internal User/Login Button' is clicked on

2018-12-14 10:41:47 - [MESSAGE][PASSED] - Object: 'Object Repository/Final Object Repo/Login Page/Internal User/Login Button' is clicked on

2018-12-14 10:41:47 - [TEST_STEP][PASSED] - Statement - tester = com.kms.katalon.core.testobject.ObjectRepository.findTestObject(Final Object Repo/Landing Page/Select to English): Finding Test Object with id 'Object Repository/Final Object Repo/Landing Page/Select to English'

2018-12-14 10:41:47 - [TEST_STEP][PASSED] - Statement - Try: Delayed 2 second(s)

2018-12-14 10:41:47 - [TEST_STEP][PASSED] - Statement - Checker = com.kms.katalon.core.webui.keyword.WebUiBuiltInKeywords.verifyElementNotPresent(tester, 3): Web element with id: 'Object Repository/Final Object Repo/Landing Page/Select to English' located by 'By.xpath: //a[@class = 'taglib-language-list-text' and @lang = 'en-US' and (contains(text(), 'EN') or contains(., 'EN'))]' is not present after '3' second(s)

2018-12-14 10:41:49 - [MESSAGE][PASSED] - Web element with id: 'Object Repository/Final Object Repo/Landing Page/Select to English' located by 'By.xpath: //a[@class = 'taglib-language-list-text' and @lang = 'en-US' and (contains(text(), 'EN') or contains(., 'EN'))]' is not present after '3' second(s)

2018-12-14 10:41:49 - [TEST_STEP][PASSED] - Statement - If (Checker == false): null

2018-12-14 10:41:49 - [TEST_STEP][PASSED] - delay: Delayed 2 second(s)

2018-12-14 10:41:51 - [MESSAGE][PASSED] - Delayed 2 second(s)

2018-12-14 10:41:51 - [TEST_STEP][PASSED] - delay: Delayed 5 second(s)

2018-12-14 10:41:56 - [MESSAGE][PASSED] - Delayed 5 second(s)

2018-12-14 10:41:56 - [TEST_STEP][PASSED] - mouseOver: Object: 'Object Repository/Final Object Repo/Landing Page/WorkFlow Menu' is hovered

2018-12-14 10:41:56 - [MESSAGE][PASSED] - Object: 'Object Repository/Final Object Repo/Landing Page/WorkFlow Menu' is hovered

2018-12-14 10:41:56 - [TEST_STEP][PASSED] - delay: Delayed 2 second(s)

2018-12-14 10:41:58 - [MESSAGE][PASSED] - Delayed 2 second(s)

2018-12-14 10:41:58 - [TEST_STEP][PASSED] - click: Object: 'Object Repository/Final Object Repo/Landing Page/Select to Workflow Listing' is clicked on

2018-12-14 10:42:00 - [MESSAGE][PASSED] - Object: 'Object Repository/Final Object Repo/Landing Page/Select to Workflow Listing' is clicked on

2018-12-14 10:42:00 - [TEST_STEP][PASSED] - delay: Delayed 2 second(s)

2018-12-14 10:42:02 - [MESSAGE][PASSED] - Delayed 2 second(s)

2018-12-14 10:42:02 - [TEST_STEP][PASSED] - click: Object: 'Object Repository/Final Object Repo/WorkFlow Listing Page/Search Information - To Put Ref No' is clicked on

2018-12-14 10:42:03 - [MESSAGE][PASSED] - Object: 'Object Repository/Final Object Repo/WorkFlow Listing Page/Search Information - To Put Ref No' is clicked on

2018-12-14 10:42:03 - [TEST_STEP][PASSED] - delay: Delayed 2 second(s)

2018-12-14 10:42:05 - [MESSAGE][PASSED] - Delayed 2 second(s)

2018-12-14 10:42:05 - [TEST_STEP][PASSED] - callTestCase: Call Test Case 'Test Cases/Final Aug 2018 - PKS Automation/Common/Reference Number Getter' successfully

2018-12-14 10:42:05 - [TEST_CASE][PASSED] - Test Cases/Final Aug 2018 - PKS Automation/Common/Reference Number Getter: Test Cases/Final Aug 2018 - PKS Automation/Common/Reference Number Getter

2018-12-14 10:42:05 - [TEST_STEP][PASSED] - Statement - Try: null

2018-12-14 10:42:05 - [TEST_STEP][PASSED] - Statement - RefNo = new java.io.File(C://Users//Admin//Desktop//PKS//Automation Reference Point//KatalonReference.txt): null

2018-12-14 10:42:05 - [TEST_STEP][PASSED] - Statement - bufferread = new java.io.BufferedReader(new java.io.FileReader(RefNo)): null

2018-12-14 10:42:05 - [TEST_STEP][PASSED] - Statement - readedVal = bufferread.readLine(): null

2018-12-14 10:42:05 - [TEST_STEP][PASSED] - Statement - out.println(CaseReferenceNo): null

2018-12-14 10:42:05 - [TEST_STEP][PASSED] - Statement - out.println(readedVal): null

2018-12-14 10:42:05 - [TEST_STEP][PASSED] - Statement - CaseReferenceNo = "": null

2018-12-14 10:42:05 - [TEST_STEP][PASSED] - Statement - CaseReferenceNo = readedVal: null

2018-12-14 10:42:05 - [MESSAGE][PASSED] - Call Test Case 'Test Cases/Final Aug 2018 - PKS Automation/Common/Reference Number Getter' successfully

2018-12-14 10:42:05 - [TEST_STEP][PASSED] - setText: Text 'CUN122018C200001760' is set on object 'Object Repository/Final Object Repo/WorkFlow Listing Page/Ref No Set Text'

2018-12-14 10:42:05 - [MESSAGE][PASSED] - Text 'CUN122018C200001760' is set on object 'Object Repository/Final Object Repo/WorkFlow Listing Page/Ref No Set Text'

2018-12-14 10:42:05 - [TEST_STEP][PASSED] - delay: Delayed 2 second(s)

2018-12-14 10:42:07 - [MESSAGE][PASSED] - Delayed 2 second(s)

2018-12-14 10:42:07 - [TEST_STEP][PASSED] - click: Object: 'Object Repository/Final Object Repo/WorkFlow Listing Page/Search Ref No Search Button' is clicked on

2018-12-14 10:42:07 - [MESSAGE][PASSED] - Object: 'Object Repository/Final Object Repo/WorkFlow Listing Page/Search Ref No Search Button' is clicked on

2018-12-14 10:42:07 - [TEST_STEP][PASSED] - delay: Delayed 6 second(s)

2018-12-14 10:42:13 - [MESSAGE][PASSED] - Delayed 6 second(s)

2018-12-14 10:42:13 - [TEST_STEP][PASSED] - click: Object: 'Object Repository/Final Object Repo/WorkFlow Listing Page/Click Continue Tooltip' is clicked on

2018-12-14 10:42:14 - [MESSAGE][PASSED] - Object: 'Object Repository/Final Object Repo/WorkFlow Listing Page/Click Continue Tooltip' is clicked on

2018-12-14 10:42:14 - [TEST_STEP][PASSED] - delay: Delayed 5 second(s)

2018-12-14 10:42:19 - [MESSAGE][PASSED] - Delayed 5 second(s)

2018-12-14 10:42:19 - [TEST_STEP][PASSED] - doubleClick: Object: 'Object Repository/Final Object Repo/WorkFlow Listing Page/Workflow Found - Listing 1' is double clicked on

2018-12-14 10:42:19 - [MESSAGE][PASSED] - Object: 'Object Repository/Final Object Repo/WorkFlow Listing Page/Workflow Found - Listing 1' is double clicked on

2018-12-14 10:42:19 - [TEST_STEP][PASSED] - Statement - println(OwnerID): null

2018-12-14 10:42:19 - [TEST_STEP][PASSED] - Statement - OwnerID = com.kms.katalon.core.webui.keyword.WebUiBuiltInKeywords.getText(com.kms.katalon.core.testobject.ObjectRepository.findTestObject(Final Object Repo/WorkFlow Listing Page/Workflow Found - Listing 1), STOP_ON_FAILURE): Text of object 'Object Repository/Final Object Repo/WorkFlow Listing Page/Workflow Found - Listing 1' is: 'JOHORuo1'

2018-12-14 10:42:20 - [MESSAGE][PASSED] - Text of object 'Object Repository/Final Object Repo/WorkFlow Listing Page/Workflow Found - Listing 1' is: 'JOHORuo1'

2018-12-14 10:42:20 - [TEST_STEP][PASSED] - Statement - OwnerID = OwnerID.toLowerCase() + "@gmail.com": null

2018-12-14 10:42:20 - [TEST_STEP][PASSED] - Statement - println(OwnerID): null

2018-12-14 10:42:20 - [TEST_STEP][PASSED] - delay: Delayed 2 second(s)

2018-12-14 10:42:22 - [MESSAGE][PASSED] - Delayed 2 second(s)

2018-12-14 10:42:22 - [MESSAGE][PASSED] - Call Test Case 'Test Cases/Final Aug 2018 - PKS Automation/Common/Workflow Owner Finder' successfully

2018-12-14 10:42:22 - [TEST_STEP][PASSED] - delay: Delayed 1 second(s)

2018-12-14 10:42:23 - [MESSAGE][PASSED] - Delayed 1 second(s)

2018-12-14 10:42:23 - [TEST_STEP][PASSED] - navigateToUrl: Navigate to 'https://assist2-uat.perkeso.gov.my/c/portal/logout' successfully

2018-12-14 10:42:24 - [MESSAGE][PASSED] - Navigate to 'https://assist2-uat.perkeso.gov.my/c/portal/logout' successfully

2018-12-14 10:42:24 - [TEST_STEP][PASSED] - delay: Delayed 1 second(s)

2018-12-14 10:42:25 - [MESSAGE][PASSED] - Delayed 1 second(s)

2018-12-14 10:42:25 - [TEST_STEP][PASSED] - callTestCase: Call Test Case 'Test Cases/Final Aug 2018 - PKS Automation/Registration Module/Workflow/Login and Search Case For Workflow' successfully

2018-12-14 10:42:25 - [TEST_CASE][PASSED] - Test Cases/Final Aug 2018 - PKS Automation/Registration Module/Workflow/Login and Search Case For Workflow: Test Cases/Final Aug 2018 - PKS Automation/Registration Module/Workflow/Login and Search Case For Workflow

2018-12-14 10:42:25 - [TEST_STEP][PASSED] - navigateToUrl: Navigate to 'https://assist2-uat.perkeso.gov.my/login' successfully

2018-12-14 10:42:25 - [MESSAGE][PASSED] - Navigate to 'https://assist2-uat.perkeso.gov.my/login' successfully

2018-12-14 10:42:25 - [TEST_STEP][PASSED] - setText: Text 'johoruo1@gmail.com' is set on object 'Object Repository/Final Object Repo/Login Page/Internal User/Email Address'

2018-12-14 10:42:25 - [MESSAGE][PASSED] - Text 'johoruo1@gmail.com' is set on object 'Object Repository/Final Object Repo/Login Page/Internal User/Email Address'

2018-12-14 10:42:25 - [TEST_STEP][PASSED] - click: Object: 'Object Repository/Final Object Repo/Login Page/Internal User/Next Button' is clicked on

2018-12-14 10:42:26 - [MESSAGE][PASSED] - Object: 'Object Repository/Final Object Repo/Login Page/Internal User/Next Button' is clicked on

2018-12-14 10:42:26 - [TEST_STEP][PASSED] - delay: Delayed 1 second(s)

2018-12-14 10:42:27 - [MESSAGE][PASSED] - Delayed 1 second(s)

2018-12-14 10:42:27 - [TEST_STEP][PASSED] - setEncryptedText: Text ****** has been set on object 'Object Repository/Final Object Repo/Login Page/Internal User/Password'

2018-12-14 10:42:27 - [MESSAGE][PASSED] - Text ****** has been set on object 'Object Repository/Final Object Repo/Login Page/Internal User/Password'

2018-12-14 10:42:27 - [TEST_STEP][PASSED] - click: Object: 'Object Repository/Final Object Repo/Login Page/Internal User/Login Button' is clicked on

2018-12-14 10:42:27 - [MESSAGE][PASSED] - Object: 'Object Repository/Final Object Repo/Login Page/Internal User/Login Button' is clicked on

2018-12-14 10:42:27 - [TEST_STEP][PASSED] - delay: Delayed 2 second(s)

2018-12-14 10:42:29 - [MESSAGE][PASSED] - Delayed 2 second(s)

2018-12-14 10:42:29 - [TEST_STEP][PASSED] - Statement - Try: Delayed 2 second(s)

2018-12-14 10:42:29 - [TEST_STEP][PASSED] - Statement - Checker = false: null

2018-12-14 10:42:29 - [TEST_STEP][PASSED] - Statement - Checker = com.kms.katalon.core.webui.keyword.WebUiBuiltInKeywords.verifyElementHasAttribute(com.kms.katalon.core.testobject.ObjectRepository.findTestObject(Final Object Repo/Landing Page/BM Detecting), "href", 20, OPTIONAL): Object 'Object Repository/Final Object Repo/Landing Page/BM Detecting' has attribute 'href'

2018-12-14 10:42:29 - [MESSAGE][PASSED] - Object 'Object Repository/Final Object Repo/Landing Page/BM Detecting' has attribute 'href'

2018-12-14 10:42:29 - [TEST_STEP][PASSED] - Statement - out.println(Checker): null

2018-12-14 10:42:29 - [TEST_STEP][PASSED] - Statement - If (Checker == false): null

2018-12-14 10:42:29 - [TEST_STEP][PASSED] - Statement - Else: null

2018-12-14 10:42:29 - [TEST_STEP][PASSED] - delay: Delayed 2 second(s)

2018-12-14 10:42:31 - [MESSAGE][PASSED] - Delayed 2 second(s)

2018-12-14 10:42:31 - [TEST_STEP][PASSED] - click: Object: 'Object Repository/Final Object Repo/Page_MyASSIST - ASSIST - Search Pending Case For Add Supporting Document/Search Information' is clicked on

2018-12-14 10:42:31 - [MESSAGE][PASSED] - Object: 'Object Repository/Final Object Repo/Page_MyASSIST - ASSIST - Search Pending Case For Add Supporting Document/Search Information' is clicked on

2018-12-14 10:42:31 - [TEST_STEP][PASSED] - delay: Delayed 3 second(s)

2018-12-14 10:42:34 - [MESSAGE][PASSED] - Delayed 3 second(s)

2018-12-14 10:42:34 - [TEST_STEP][PASSED] - sendKeys: Keys 'CUN122018C200001760' sent to object: 'Object Repository/Final Object Repo/Page_MyASSIST - ASSIST - Search Pending Case For Add Supporting Document/Reference No'

2018-12-14 10:42:35 - [MESSAGE][PASSED] - Keys 'CUN122018C200001760' sent to object: 'Object Repository/Final Object Repo/Page_MyASSIST - ASSIST - Search Pending Case For Add Supporting Document/Reference No'

2018-12-14 10:42:35 - [TEST_STEP][PASSED] - click: Object: 'Object Repository/Final Object Repo/Page_MyASSIST - ASSIST - Search Pending Case For Add Supporting Document/Search Reference No' is clicked on

2018-12-14 10:42:35 - [MESSAGE][PASSED] - Object: 'Object Repository/Final Object Repo/Page_MyASSIST - ASSIST - Search Pending Case For Add Supporting Document/Search Reference No' is clicked on

2018-12-14 10:42:35 - [TEST_STEP][PASSED] - delay: Delayed 2 second(s)

2018-12-14 10:42:37 - [MESSAGE][PASSED] - Delayed 2 second(s)

2018-12-14 10:42:37 - [TEST_STEP][PASSED] - click: Object: 'Object Repository/Final Object Repo/Page_MyASSIST - ASSIST - Search Pending Case For Add Supporting Document/Continue' is clicked on

2018-12-14 10:42:40 - [MESSAGE][PASSED] - Object: 'Object Repository/Final Object Repo/Page_MyASSIST - ASSIST - Search Pending Case For Add Supporting Document/Continue' is clicked on

2018-12-14 10:42:40 - [TEST_STEP][PASSED] - delay: Delayed 20 second(s)

2018-12-14 10:43:00 - [MESSAGE][PASSED] - Delayed 20 second(s)

2018-12-14 10:43:00 - [MESSAGE][PASSED] - Call Test Case 'Test Cases/Final Aug 2018 - PKS Automation/Registration Module/Workflow/Login and Search Case For Workflow' successfully

2018-12-14 10:43:00 - [TEST_STEP][PASSED] - click: Object: 'Object Repository/Final Object Repo/Page_Form 1A - Cessation As Employer/Page_Form 1A - Cessation As Employer (Approve)/Save  Continue in Form 1A Page' is clicked on

2018-12-14 10:43:00 - [MESSAGE][PASSED] - Object: 'Object Repository/Final Object Repo/Page_Form 1A - Cessation As Employer/Page_Form 1A - Cessation As Employer (Approve)/Save  Continue in Form 1A Page' is clicked on

2018-12-14 10:43:00 - [TEST_STEP][PASSED] - delay: Delayed 2 second(s)

2018-12-14 10:43:02 - [MESSAGE][PASSED] - Delayed 2 second(s)

2018-12-14 10:43:02 - [TEST_STEP][PASSED] - click: Object: 'Object Repository/Final Object Repo/Page_Form 1A - Cessation As Employer/Employment Resign Date' is clicked on

2018-12-14 10:43:03 - [MESSAGE][PASSED] - Object: 'Object Repository/Final Object Repo/Page_Form 1A - Cessation As Employer/Employment Resign Date' is clicked on

2018-12-14 10:43:03 - [TEST_STEP][PASSED] - delay: Delayed 1 second(s)

2018-12-14 10:43:04 - [MESSAGE][PASSED] - Delayed 1 second(s)

2018-12-14 10:43:04 - [TEST_STEP][PASSED] - selectOptionByValue: All options with value '2030' are selected in object 'Object Repository/Final Object Repo/Page_Form 1A - Cessation As Employer/Employment Resign Date - Year' 

2018-12-14 10:43:04 - [MESSAGE][PASSED] - All options with value '2030' are selected in object 'Object Repository/Final Object Repo/Page_Form 1A - Cessation As Employer/Employment Resign Date - Year' 

2018-12-14 10:43:04 - [TEST_STEP][PASSED] - delay: Delayed 1 second(s)

2018-12-14 10:43:05 - [MESSAGE][PASSED] - Delayed 1 second(s)

2018-12-14 10:43:05 - [TEST_STEP][PASSED] - click: Object: 'Object Repository/Final Object Repo/Page_Form 1A - Cessation As Employer/Employment Resign Date - Year - Date' is clicked on

2018-12-14 10:43:05 - [MESSAGE][PASSED] - Object: 'Object Repository/Final Object Repo/Page_Form 1A - Cessation As Employer/Employment Resign Date - Year - Date' is clicked on

2018-12-14 10:43:05 - [TEST_STEP][PASSED] - delay: Delayed 2 second(s)

2018-12-14 10:43:07 - [MESSAGE][PASSED] - Delayed 2 second(s)

2018-12-14 10:43:07 - [TEST_STEP][PASSED] - click: Object: 'Object Repository/Final Object Repo/Page_Form 1A - Cessation As Employer/Page_Form 1A - Cessation As Employer (Approve)/Save  Continue in Update Add Employee Resigned Date Page' is clicked on

2018-12-14 10:43:07 - [MESSAGE][PASSED] - Object: 'Object Repository/Final Object Repo/Page_Form 1A - Cessation As Employer/Page_Form 1A - Cessation As Employer (Approve)/Save  Continue in Update Add Employee Resigned Date Page' is clicked on

2018-12-14 10:43:07 - [TEST_STEP][PASSED] - delay: Delayed 2 second(s)

2018-12-14 10:43:09 - [MESSAGE][PASSED] - Delayed 2 second(s)

2018-12-14 10:43:09 - [TEST_STEP][PASSED] - click: Object: 'Object Repository/Final Object Repo/Page_Form 1A - Cessation As Employer/Set Latest - Yes' is clicked on

2018-12-14 10:43:09 - [MESSAGE][PASSED] - Object: 'Object Repository/Final Object Repo/Page_Form 1A - Cessation As Employer/Set Latest - Yes' is clicked on

2018-12-14 10:43:09 - [TEST_STEP][PASSED] - delay: Delayed 2 second(s)

2018-12-14 10:43:11 - [MESSAGE][PASSED] - Delayed 2 second(s)

2018-12-14 10:43:11 - [TEST_STEP][PASSED] - click: Object: 'Object Repository/Final Object Repo/Page_Form 1A - Cessation As Employer/Page_Form 1A - Cessation As Employer (Approve)/Save  Contine in Uploading Document Page' is clicked on

2018-12-14 10:43:13 - [MESSAGE][PASSED] - Object: 'Object Repository/Final Object Repo/Page_Form 1A - Cessation As Employer/Page_Form 1A - Cessation As Employer (Approve)/Save  Contine in Uploading Document Page' is clicked on

2018-12-14 10:43:13 - [TEST_STEP][PASSED] - delay: Delayed 2 second(s)

2018-12-14 10:43:15 - [MESSAGE][PASSED] - Delayed 2 second(s)

2018-12-14 10:43:15 - [TEST_STEP][PASSED] - click: Object: 'Object Repository/Final Object Repo/Page_Form 1A - Cessation As Employer/Page_Form 1A - Cessation As Employer (Approve)/Approve' is clicked on

2018-12-14 10:43:17 - [MESSAGE][PASSED] - Object: 'Object Repository/Final Object Repo/Page_Form 1A - Cessation As Employer/Page_Form 1A - Cessation As Employer (Approve)/Approve' is clicked on

2018-12-14 10:43:17 - [TEST_STEP][PASSED] - delay: Delayed 2 second(s)

2018-12-14 10:43:19 - [MESSAGE][PASSED] - Delayed 2 second(s)

2018-12-14 10:43:19 - [TEST_STEP][PASSED] - click: Object: 'Object Repository/Final Object Repo/Page_Form 1A - Cessation As Employer/Confirm' is clicked on

2018-12-14 10:43:20 - [MESSAGE][PASSED] - Object: 'Object Repository/Final Object Repo/Page_Form 1A - Cessation As Employer/Confirm' is clicked on

2018-12-14 10:43:20 - [TEST_STEP][PASSED] - delay: Delayed 2 second(s)

2018-12-14 10:43:22 - [MESSAGE][PASSED] - Delayed 2 second(s)

2018-12-14 10:43:22 - [TEST_STEP][PASSED] - click: Object: 'Object Repository/Final Object Repo/Page_Form 1A - Cessation As Employer/Page_Form 1A - Cessation As Employer (Approve)/Message Your Request    Form 1A ' is clicked on

2018-12-14 10:43:30 - [MESSAGE][PASSED] - Object: 'Object Repository/Final Object Repo/Page_Form 1A - Cessation As Employer/Page_Form 1A - Cessation As Employer (Approve)/Message Your Request    Form 1A ' is clicked on

2018-12-14 10:43:30 - [TEST_STEP][PASSED] - delay: Delayed 2 second(s)

2018-12-14 10:43:32 - [MESSAGE][PASSED] - Delayed 2 second(s)

2018-12-14 10:43:32 - [TEST_STEP][PASSED] - click: Object: 'Object Repository/Final Object Repo/Page_Form 1A - Cessation As Employer/Page_Form 1A - Cessation As Employer (Approve)/Letter of successful update' is clicked on

2018-12-14 10:43:33 - [MESSAGE][PASSED] - Object: 'Object Repository/Final Object Repo/Page_Form 1A - Cessation As Employer/Page_Form 1A - Cessation As Employer (Approve)/Letter of successful update' is clicked on

2018-12-14 10:43:33 - [MESSAGE][PASSED] - Call Test Case 'Test Cases/Final Aug 2018 - PKS Automation/Registration Module/Workflow/Form 1A - Cessation As Employer/Template/Form 1 A - Cessation As Employer (Approve)' successfully]]></system-out>
         <system-err><![CDATA[]]></system-err>
      </testcase>
      <testcase name="Test Cases/Final Aug 2018 - PKS Automation/Registration Module/Workflow/Form 1A - Cessation As Employer/PKRBO to UO (Query)" classname="Test Cases/Final Aug 2018 - PKS Automation/Registration Module/Workflow/Form 1A - Cessation As Employer/PKRBO to UO (Query)" status="PASSED">
         <system-out><![CDATA[2018-12-14 10:43:33 - [TEST_CASE][PASSED] - Test Cases/Final Aug 2018 - PKS Automation/Registration Module/Workflow/Form 1A - Cessation As Employer/PKRBO to UO (Query): Test Cases/Final Aug 2018 - PKS Automation/Registration Module/Workflow/Form 1A - Cessation As Employer/PKRBO to UO (Query)

2018-12-14 10:43:34 - [TEST_STEP][PASSED] - callTestCase: Call Test Case 'Test Cases/Final Aug 2018 - PKS Automation/Registration Module/Workflow/Form 1A - Cessation As Employer/Template/Form 1 A - Cessation As Employer (PKRBO)' successfully

2018-12-14 10:43:34 - [TEST_CASE][PASSED] - Test Cases/Final Aug 2018 - PKS Automation/Registration Module/Workflow/Form 1A - Cessation As Employer/Template/Form 1 A - Cessation As Employer (PKRBO): Test Cases/Final Aug 2018 - PKS Automation/Registration Module/Workflow/Form 1A - Cessation As Employer/Template/Form 1 A - Cessation As Employer (PKRBO)

2018-12-14 10:43:34 - [TEST_STEP][PASSED] - openBrowser: Browser is opened with url: ''

2018-12-14 10:43:34 - [MESSAGE][WARNING] - A browser is already opened. Closing browser and opening a new one

2018-12-14 10:43:37 - [MESSAGE][PASSED] - Browser is opened with url: ''

2018-12-14 10:43:37 - [TEST_STEP][PASSED] - navigateToUrl: Navigate to 'https://assist2-uat.perkeso.gov.my/login' successfully

2018-12-14 10:43:38 - [MESSAGE][PASSED] - Navigate to 'https://assist2-uat.perkeso.gov.my/login' successfully

2018-12-14 10:43:38 - [TEST_STEP][PASSED] - setText: Text 'johorpkrbo1@gmail.com' is set on object 'Object Repository/Final Object Repo/Login Page/Internal User/Email Address'

2018-12-14 10:43:39 - [MESSAGE][PASSED] - Text 'johorpkrbo1@gmail.com' is set on object 'Object Repository/Final Object Repo/Login Page/Internal User/Email Address'

2018-12-14 10:43:39 - [TEST_STEP][PASSED] - click: Object: 'Object Repository/Final Object Repo/Login Page/Internal User/Next Button' is clicked on

2018-12-14 10:43:39 - [MESSAGE][PASSED] - Object: 'Object Repository/Final Object Repo/Login Page/Internal User/Next Button' is clicked on

2018-12-14 10:43:39 - [TEST_STEP][PASSED] - delay: Delayed 1 second(s)

2018-12-14 10:43:40 - [MESSAGE][PASSED] - Delayed 1 second(s)

2018-12-14 10:43:40 - [TEST_STEP][PASSED] - setEncryptedText: Text ****** has been set on object 'Object Repository/Final Object Repo/Login Page/Internal User/Password'

2018-12-14 10:43:40 - [MESSAGE][PASSED] - Text ****** has been set on object 'Object Repository/Final Object Repo/Login Page/Internal User/Password'

2018-12-14 10:43:40 - [TEST_STEP][PASSED] - click: Object: 'Object Repository/Final Object Repo/Login Page/Internal User/Login Button' is clicked on

2018-12-14 10:43:40 - [MESSAGE][PASSED] - Object: 'Object Repository/Final Object Repo/Login Page/Internal User/Login Button' is clicked on

2018-12-14 10:43:40 - [TEST_STEP][PASSED] - delay: Delayed 1 second(s)

2018-12-14 10:43:41 - [MESSAGE][PASSED] - Delayed 1 second(s)

2018-12-14 10:43:41 - [TEST_STEP][PASSED] - Statement - Try: Delayed 2 second(s)

2018-12-14 10:43:41 - [TEST_STEP][PASSED] - Statement - Checker = false: null

2018-12-14 10:43:41 - [TEST_STEP][PASSED] - Statement - Checker = com.kms.katalon.core.webui.keyword.WebUiBuiltInKeywords.verifyElementHasAttribute(com.kms.katalon.core.testobject.ObjectRepository.findTestObject(Final Object Repo/Landing Page/BM Detecting), "href", 20, OPTIONAL): Object 'Object Repository/Final Object Repo/Landing Page/BM Detecting' has attribute 'href'

2018-12-14 10:43:42 - [MESSAGE][PASSED] - Object 'Object Repository/Final Object Repo/Landing Page/BM Detecting' has attribute 'href'

2018-12-14 10:43:42 - [TEST_STEP][PASSED] - Statement - out.println(Checker): null

2018-12-14 10:43:42 - [TEST_STEP][PASSED] - Statement - If (Checker == false): null

2018-12-14 10:43:42 - [TEST_STEP][PASSED] - Statement - Else: null

2018-12-14 10:43:42 - [TEST_STEP][PASSED] - delay: Delayed 2 second(s)

2018-12-14 10:43:44 - [MESSAGE][PASSED] - Delayed 2 second(s)

2018-12-14 10:43:44 - [TEST_STEP][PASSED] - navigateToUrl: Navigate to 'https://assist2-uat.perkeso.gov.my/web/registration/update/form-1a-cessation-as-employer-discontinue-business-' successfully

2018-12-14 10:43:45 - [MESSAGE][PASSED] - Navigate to 'https://assist2-uat.perkeso.gov.my/web/registration/update/form-1a-cessation-as-employer-discontinue-business-' successfully

2018-12-14 10:43:45 - [TEST_STEP][PASSED] - setText: Text 'E1102069770Z' is set on object 'Object Repository/Final Object Repo/Page_Update Employer Information/Employer Code'

2018-12-14 10:43:45 - [MESSAGE][PASSED] - Text 'E1102069770Z' is set on object 'Object Repository/Final Object Repo/Page_Update Employer Information/Employer Code'

2018-12-14 10:43:45 - [TEST_STEP][PASSED] - click: Object: 'Object Repository/Final Object Repo/Page_Update Employer Information/Search Button' is clicked on

2018-12-14 10:43:46 - [MESSAGE][PASSED] - Object: 'Object Repository/Final Object Repo/Page_Update Employer Information/Search Button' is clicked on

2018-12-14 10:43:46 - [TEST_STEP][PASSED] - click: Object: 'Object Repository/Final Object Repo/Page_Update Employer Information/Edit Button' is clicked on

2018-12-14 10:43:48 - [MESSAGE][PASSED] - Object: 'Object Repository/Final Object Repo/Page_Update Employer Information/Edit Button' is clicked on

2018-12-14 10:43:48 - [TEST_STEP][PASSED] - Statement - abc = com.kms.katalon.core.webui.keyword.WebUiBuiltInKeywords.getAttribute(com.kms.katalon.core.testobject.ObjectRepository.findTestObject(Final Object Repo/Page_Form 1A - Cessation As Employer/Employer Status), "value"): Attribute 'value' of object 'Object Repository/Final Object Repo/Page_Form 1A - Cessation As Employer/Employer Status' is: 'Dormant'

2018-12-14 10:43:48 - [MESSAGE][PASSED] - Attribute 'value' of object 'Object Repository/Final Object Repo/Page_Form 1A - Cessation As Employer/Employer Status' is: 'Dormant'

2018-12-14 10:43:48 - [TEST_STEP][PASSED] - Statement - out.println(abc): null

2018-12-14 10:43:48 - [TEST_STEP][PASSED] - Statement - If (abc == "Active"): null

2018-12-14 10:43:48 - [TEST_STEP][PASSED] - Statement - Else If (abc == "Cancel"): null

2018-12-14 10:43:48 - [TEST_STEP][PASSED] - Statement - Else If (abc == "Dormant"): Object: 'Object Repository/Final Object Repo/Page_Form 1A - Cessation As Employer/Change Employer Status to - Dormant' is clicked on

2018-12-14 10:43:48 - [TEST_STEP][PASSED] - click: Object: 'Object Repository/Final Object Repo/Page_Form 1A - Cessation As Employer/Change Employer Status to' is clicked on

2018-12-14 10:43:48 - [MESSAGE][PASSED] - Object: 'Object Repository/Final Object Repo/Page_Form 1A - Cessation As Employer/Change Employer Status to' is clicked on

2018-12-14 10:43:48 - [TEST_STEP][PASSED] - click: Object: 'Object Repository/Final Object Repo/Page_Form 1A - Cessation As Employer/Change Employer Status to - Dormant' is clicked on

2018-12-14 10:43:49 - [MESSAGE][PASSED] - Object: 'Object Repository/Final Object Repo/Page_Form 1A - Cessation As Employer/Change Employer Status to - Dormant' is clicked on

2018-12-14 10:43:49 - [TEST_STEP][PASSED] - click: Object: 'Object Repository/Final Object Repo/Page_Form 1A - Cessation As Employer/Calender' is clicked on

2018-12-14 10:43:49 - [MESSAGE][PASSED] - Object: 'Object Repository/Final Object Repo/Page_Form 1A - Cessation As Employer/Calender' is clicked on

2018-12-14 10:43:49 - [TEST_STEP][PASSED] - click: Object: 'Object Repository/Final Object Repo/Page_Form 1A - Cessation As Employer/Calender - Date' is clicked on

2018-12-14 10:43:49 - [MESSAGE][PASSED] - Object: 'Object Repository/Final Object Repo/Page_Form 1A - Cessation As Employer/Calender - Date' is clicked on

2018-12-14 10:43:49 - [TEST_STEP][PASSED] - delay: Delayed 2 second(s)

2018-12-14 10:43:51 - [MESSAGE][PASSED] - Delayed 2 second(s)

2018-12-14 10:43:51 - [TEST_STEP][PASSED] - click: Object: 'Object Repository/Final Object Repo/Page_Form 1A - Cessation As Employer/Save  Continue in Form 1A Page' is clicked on

2018-12-14 10:43:51 - [MESSAGE][PASSED] - Object: 'Object Repository/Final Object Repo/Page_Form 1A - Cessation As Employer/Save  Continue in Form 1A Page' is clicked on

2018-12-14 10:43:51 - [TEST_STEP][PASSED] - delay: Delayed 2 second(s)

2018-12-14 10:43:53 - [MESSAGE][PASSED] - Delayed 2 second(s)

2018-12-14 10:43:53 - [TEST_STEP][PASSED] - click: Object: 'Object Repository/Final Object Repo/Page_Form 1A - Cessation As Employer/Employment Resign Date' is clicked on

2018-12-14 10:43:54 - [MESSAGE][PASSED] - Object: 'Object Repository/Final Object Repo/Page_Form 1A - Cessation As Employer/Employment Resign Date' is clicked on

2018-12-14 10:43:54 - [TEST_STEP][PASSED] - delay: Delayed 1 second(s)

2018-12-14 10:43:55 - [MESSAGE][PASSED] - Delayed 1 second(s)

2018-12-14 10:43:55 - [TEST_STEP][PASSED] - Statement - CaseReferenceNo = com.kms.katalon.core.webui.keyword.WebUiBuiltInKeywords.getText(com.kms.katalon.core.testobject.ObjectRepository.findTestObject(Final Object Repo/Page_Update Employer Information/Reference Number in Update Employee Information Page)): Text of object 'Object Repository/Final Object Repo/Page_Update Employer Information/Reference Number in Update Employee Information Page' is: 'CUN122018C200001761'

2018-12-14 10:43:55 - [MESSAGE][PASSED] - Text of object 'Object Repository/Final Object Repo/Page_Update Employer Information/Reference Number in Update Employee Information Page' is: 'CUN122018C200001761'

2018-12-14 10:43:55 - [TEST_STEP][PASSED] - Statement - out.println(CaseReferenceNo): null

2018-12-14 10:43:55 - [TEST_STEP][PASSED] - callTestCase: Call Test Case 'Test Cases/Final Aug 2018 - PKS Automation/Common/Reference Number Setter' successfully

2018-12-14 10:43:55 - [TEST_CASE][PASSED] - Test Cases/Final Aug 2018 - PKS Automation/Common/Reference Number Setter: Test Cases/Final Aug 2018 - PKS Automation/Common/Reference Number Setter

2018-12-14 10:43:55 - [TEST_STEP][PASSED] - Statement - RefNoOldFile = new java.io.File(C://Users//Admin//Desktop//PKS//Automation Reference Point//KatalonReference.txt): null

2018-12-14 10:43:55 - [TEST_STEP][PASSED] - Statement - RefNoOldFile.delete(): null

2018-12-14 10:43:55 - [TEST_STEP][PASSED] - delay: Delayed 5 second(s)

2018-12-14 10:44:00 - [MESSAGE][PASSED] - Delayed 5 second(s)

2018-12-14 10:44:00 - [TEST_STEP][PASSED] - Statement - RefNo = new java.io.File(C://Users//Admin//Desktop//PKS//Automation Reference Point//KatalonReference.txt): null

2018-12-14 10:44:00 - [TEST_STEP][PASSED] - Statement - f2 = new java.io.FileWriter(RefNo, false): null

2018-12-14 10:44:00 - [TEST_STEP][PASSED] - Statement - f2.write(CaseReferenceNo): null

2018-12-14 10:44:00 - [TEST_STEP][PASSED] - Statement - f2.close(): null

2018-12-14 10:44:00 - [TEST_STEP][PASSED] - Statement - out.println("


" + CaseReferenceNo + "


"): null

2018-12-14 10:44:00 - [MESSAGE][PASSED] - Call Test Case 'Test Cases/Final Aug 2018 - PKS Automation/Common/Reference Number Setter' successfully

2018-12-14 10:44:00 - [TEST_STEP][PASSED] - selectOptionByValue: All options with value '2030' are selected in object 'Object Repository/Final Object Repo/Page_Form 1A - Cessation As Employer/Employment Resign Date - Year' 

2018-12-14 10:44:00 - [MESSAGE][PASSED] - All options with value '2030' are selected in object 'Object Repository/Final Object Repo/Page_Form 1A - Cessation As Employer/Employment Resign Date - Year' 

2018-12-14 10:44:00 - [TEST_STEP][PASSED] - delay: Delayed 1 second(s)

2018-12-14 10:44:01 - [MESSAGE][PASSED] - Delayed 1 second(s)

2018-12-14 10:44:01 - [TEST_STEP][PASSED] - click: Object: 'Object Repository/Final Object Repo/Page_Form 1A - Cessation As Employer/Employment Resign Date - Year - Date' is clicked on

2018-12-14 10:44:01 - [MESSAGE][PASSED] - Object: 'Object Repository/Final Object Repo/Page_Form 1A - Cessation As Employer/Employment Resign Date - Year - Date' is clicked on

2018-12-14 10:44:01 - [TEST_STEP][PASSED] - delay: Delayed 2 second(s)

2018-12-14 10:44:03 - [MESSAGE][PASSED] - Delayed 2 second(s)

2018-12-14 10:44:03 - [TEST_STEP][PASSED] - click: Object: 'Object Repository/Final Object Repo/Page_Form 1A - Cessation As Employer/Save  Continue in Update Add Employee Resigned Date Page' is clicked on

2018-12-14 10:44:03 - [MESSAGE][PASSED] - Object: 'Object Repository/Final Object Repo/Page_Form 1A - Cessation As Employer/Save  Continue in Update Add Employee Resigned Date Page' is clicked on

2018-12-14 10:44:03 - [TEST_STEP][PASSED] - delay: Delayed 2 second(s)

2018-12-14 10:44:05 - [MESSAGE][PASSED] - Delayed 2 second(s)

2018-12-14 10:44:05 - [TEST_STEP][PASSED] - click: Object: 'Object Repository/Final Object Repo/Page_Form 1A - Cessation As Employer/Set Latest - Yes' is clicked on

2018-12-14 10:44:05 - [MESSAGE][PASSED] - Object: 'Object Repository/Final Object Repo/Page_Form 1A - Cessation As Employer/Set Latest - Yes' is clicked on

2018-12-14 10:44:05 - [TEST_STEP][PASSED] - delay: Delayed 2 second(s)

2018-12-14 10:44:07 - [MESSAGE][PASSED] - Delayed 2 second(s)

2018-12-14 10:44:07 - [TEST_STEP][PASSED] - click: Object: 'Object Repository/Final Object Repo/Page_Form 1A - Cessation As Employer/Add Document' is clicked on

2018-12-14 10:44:09 - [MESSAGE][PASSED] - Object: 'Object Repository/Final Object Repo/Page_Form 1A - Cessation As Employer/Add Document' is clicked on

2018-12-14 10:44:09 - [TEST_STEP][PASSED] - delay: Delayed 2 second(s)

2018-12-14 10:44:11 - [MESSAGE][PASSED] - Delayed 2 second(s)

2018-12-14 10:44:11 - [TEST_STEP][PASSED] - click: Object: 'Object Repository/Final Object Repo/Page_Form 1A - Cessation As Employer/Document Type' is clicked on

2018-12-14 10:44:12 - [MESSAGE][PASSED] - Object: 'Object Repository/Final Object Repo/Page_Form 1A - Cessation As Employer/Document Type' is clicked on

2018-12-14 10:44:12 - [TEST_STEP][PASSED] - delay: Delayed 2 second(s)

2018-12-14 10:44:14 - [MESSAGE][PASSED] - Delayed 2 second(s)

2018-12-14 10:44:14 - [TEST_STEP][PASSED] - click: Object: 'Object Repository/Final Object Repo/Page_Form 1A - Cessation As Employer/Document Type - Supporting Document For Cessation' is clicked on

2018-12-14 10:44:14 - [MESSAGE][PASSED] - Object: 'Object Repository/Final Object Repo/Page_Form 1A - Cessation As Employer/Document Type - Supporting Document For Cessation' is clicked on

2018-12-14 10:44:14 - [TEST_STEP][PASSED] - delay: Delayed 2 second(s)

2018-12-14 10:44:16 - [MESSAGE][PASSED] - Delayed 2 second(s)

2018-12-14 10:44:16 - [TEST_STEP][PASSED] - sendKeys: Keys 'C:\Users\Public\Pictures\Sample Pictures\Koala.jpg' sent to object: 'Object Repository/Final Object Repo/Page_Form 1A - Cessation As Employer/Uploading File'

2018-12-14 10:44:16 - [MESSAGE][PASSED] - Keys 'C:\Users\Public\Pictures\Sample Pictures\Koala.jpg' sent to object: 'Object Repository/Final Object Repo/Page_Form 1A - Cessation As Employer/Uploading File'

2018-12-14 10:44:16 - [TEST_STEP][PASSED] - delay: Delayed 2 second(s)

2018-12-14 10:44:18 - [MESSAGE][PASSED] - Delayed 2 second(s)

2018-12-14 10:44:18 - [TEST_STEP][PASSED] - click: Object: 'Object Repository/Final Object Repo/Page_Form 1A - Cessation As Employer/Add Document in Uploading Page' is clicked on

2018-12-14 10:44:18 - [MESSAGE][PASSED] - Object: 'Object Repository/Final Object Repo/Page_Form 1A - Cessation As Employer/Add Document in Uploading Page' is clicked on

2018-12-14 10:44:18 - [TEST_STEP][PASSED] - delay: Delayed 15 second(s)

2018-12-14 10:44:33 - [MESSAGE][PASSED] - Delayed 15 second(s)

2018-12-14 10:44:33 - [TEST_STEP][PASSED] - click: Object: 'Object Repository/Final Object Repo/Page_Form 1A - Cessation As Employer/Save  Continue in Uploading Page' is clicked on

2018-12-14 10:44:34 - [MESSAGE][PASSED] - Object: 'Object Repository/Final Object Repo/Page_Form 1A - Cessation As Employer/Save  Continue in Uploading Page' is clicked on

2018-12-14 10:44:34 - [TEST_STEP][PASSED] - delay: Delayed 2 second(s)

2018-12-14 10:44:36 - [MESSAGE][PASSED] - Delayed 2 second(s)

2018-12-14 10:44:36 - [TEST_STEP][PASSED] - click: Object: 'Object Repository/Final Object Repo/Page_Form 1A - Cessation As Employer/Submit2' is clicked on

2018-12-14 10:44:39 - [MESSAGE][PASSED] - Object: 'Object Repository/Final Object Repo/Page_Form 1A - Cessation As Employer/Submit2' is clicked on

2018-12-14 10:44:39 - [TEST_STEP][PASSED] - delay: Delayed 2 second(s)

2018-12-14 10:44:41 - [MESSAGE][PASSED] - Delayed 2 second(s)

2018-12-14 10:44:41 - [TEST_STEP][PASSED] - click: Object: 'Object Repository/Final Object Repo/Page_Form 1A - Cessation As Employer/Confirm' is clicked on

2018-12-14 10:44:41 - [MESSAGE][PASSED] - Object: 'Object Repository/Final Object Repo/Page_Form 1A - Cessation As Employer/Confirm' is clicked on

2018-12-14 10:44:41 - [TEST_STEP][PASSED] - delay: Delayed 2 second(s)

2018-12-14 10:44:43 - [MESSAGE][PASSED] - Delayed 2 second(s)

2018-12-14 10:44:43 - [TEST_STEP][PASSED] - verifyElementVisible: Object 'Object Repository/Final Object Repo/Page_Form 1A - Cessation As Employer/Message Your Request will be routed to UO' is visible

2018-12-14 10:44:46 - [MESSAGE][PASSED] - Object 'Object Repository/Final Object Repo/Page_Form 1A - Cessation As Employer/Message Your Request will be routed to UO' is visible

2018-12-14 10:44:46 - [TEST_STEP][PASSED] - delay: Delayed 1 second(s)

2018-12-14 10:44:47 - [MESSAGE][PASSED] - Delayed 1 second(s)

2018-12-14 10:44:47 - [TEST_STEP][PASSED] - verifyElementVisible: Object 'Object Repository/Final Object Repo/Page_Form 1A - Cessation As Employer/Letter of acknowledgement' is visible

2018-12-14 10:44:47 - [MESSAGE][PASSED] - Object 'Object Repository/Final Object Repo/Page_Form 1A - Cessation As Employer/Letter of acknowledgement' is visible

2018-12-14 10:44:47 - [MESSAGE][PASSED] - Call Test Case 'Test Cases/Final Aug 2018 - PKS Automation/Registration Module/Workflow/Form 1A - Cessation As Employer/Template/Form 1 A - Cessation As Employer (PKRBO)' successfully

2018-12-14 10:44:47 - [TEST_STEP][PASSED] - callTestCase: Call Test Case 'Test Cases/Final Aug 2018 - PKS Automation/Registration Module/Workflow/Form 1A - Cessation As Employer/Template/Form 1 A - Cessation As Employer (Query)' successfully

2018-12-14 10:44:47 - [TEST_CASE][PASSED] - Test Cases/Final Aug 2018 - PKS Automation/Registration Module/Workflow/Form 1A - Cessation As Employer/Template/Form 1 A - Cessation As Employer (Query): Test Cases/Final Aug 2018 - PKS Automation/Registration Module/Workflow/Form 1A - Cessation As Employer/Template/Form 1 A - Cessation As Employer (Query)

2018-12-14 10:44:47 - [TEST_STEP][NOT_RUN] - callTestCase: NOT_RUN: callTestCase

2018-12-14 10:44:47 - [MESSAGE][NOT_RUN] - NOT_RUN: callTestCase

2018-12-14 10:44:47 - [TEST_STEP][PASSED] - delay: Delayed 1 second(s)

2018-12-14 10:44:48 - [MESSAGE][PASSED] - Delayed 1 second(s)

2018-12-14 10:44:48 - [TEST_STEP][PASSED] - navigateToUrl: Navigate to 'https://assist2-uat.perkeso.gov.my/c/portal/logout' successfully

2018-12-14 10:44:49 - [MESSAGE][PASSED] - Navigate to 'https://assist2-uat.perkeso.gov.my/c/portal/logout' successfully

2018-12-14 10:44:49 - [TEST_STEP][PASSED] - delay: Delayed 1 second(s)

2018-12-14 10:44:50 - [MESSAGE][PASSED] - Delayed 1 second(s)

2018-12-14 10:44:50 - [TEST_STEP][PASSED] - callTestCase: Call Test Case 'Test Cases/Final Aug 2018 - PKS Automation/Common/Reference Number Getter' successfully

2018-12-14 10:44:50 - [TEST_CASE][PASSED] - Test Cases/Final Aug 2018 - PKS Automation/Common/Reference Number Getter: Test Cases/Final Aug 2018 - PKS Automation/Common/Reference Number Getter

2018-12-14 10:44:50 - [TEST_STEP][PASSED] - Statement - Try: null

2018-12-14 10:44:50 - [TEST_STEP][PASSED] - Statement - RefNo = new java.io.File(C://Users//Admin//Desktop//PKS//Automation Reference Point//KatalonReference.txt): null

2018-12-14 10:44:50 - [TEST_STEP][PASSED] - Statement - bufferread = new java.io.BufferedReader(new java.io.FileReader(RefNo)): null

2018-12-14 10:44:50 - [TEST_STEP][PASSED] - Statement - readedVal = bufferread.readLine(): null

2018-12-14 10:44:50 - [TEST_STEP][PASSED] - Statement - out.println(CaseReferenceNo): null

2018-12-14 10:44:50 - [TEST_STEP][PASSED] - Statement - out.println(readedVal): null

2018-12-14 10:44:50 - [TEST_STEP][PASSED] - Statement - CaseReferenceNo = "": null

2018-12-14 10:44:50 - [TEST_STEP][PASSED] - Statement - CaseReferenceNo = readedVal: null

2018-12-14 10:44:50 - [MESSAGE][PASSED] - Call Test Case 'Test Cases/Final Aug 2018 - PKS Automation/Common/Reference Number Getter' successfully

2018-12-14 10:44:50 - [TEST_STEP][PASSED] - callTestCase: Call Test Case 'Test Cases/Final Aug 2018 - PKS Automation/Common/Workflow Owner Finder' successfully

2018-12-14 10:44:50 - [TEST_CASE][PASSED] - Test Cases/Final Aug 2018 - PKS Automation/Common/Workflow Owner Finder: Test Cases/Final Aug 2018 - PKS Automation/Common/Workflow Owner Finder

2018-12-14 10:44:51 - [TEST_STEP][PASSED] - openBrowser: Browser is opened with url: ''

2018-12-14 10:44:51 - [MESSAGE][WARNING] - A browser is already opened. Closing browser and opening a new one

2018-12-14 10:44:54 - [MESSAGE][PASSED] - Browser is opened with url: ''

2018-12-14 10:44:54 - [TEST_STEP][PASSED] - navigateToUrl: Navigate to 'https://assist2-uat.perkeso.gov.my/login' successfully

2018-12-14 10:44:55 - [MESSAGE][PASSED] - Navigate to 'https://assist2-uat.perkeso.gov.my/login' successfully

2018-12-14 10:44:55 - [TEST_STEP][PASSED] - delay: Delayed 5 second(s)

2018-12-14 10:45:00 - [MESSAGE][PASSED] - Delayed 5 second(s)

2018-12-14 10:45:00 - [TEST_STEP][PASSED] - setText: Text 'test@liferay.com' is set on object 'Object Repository/Final Object Repo/Login Page/Internal User/Email Address'

2018-12-14 10:45:00 - [MESSAGE][PASSED] - Text 'test@liferay.com' is set on object 'Object Repository/Final Object Repo/Login Page/Internal User/Email Address'

2018-12-14 10:45:00 - [TEST_STEP][PASSED] - click: Object: 'Object Repository/Final Object Repo/Login Page/Internal User/Next Button' is clicked on

2018-12-14 10:45:01 - [MESSAGE][PASSED] - Object: 'Object Repository/Final Object Repo/Login Page/Internal User/Next Button' is clicked on

2018-12-14 10:45:01 - [TEST_STEP][PASSED] - delay: Delayed 2 second(s)

2018-12-14 10:45:03 - [MESSAGE][PASSED] - Delayed 2 second(s)

2018-12-14 10:45:03 - [TEST_STEP][PASSED] - setText: Text 'test' is set on object 'Object Repository/Final Object Repo/Login Page/Internal User/Password'

2018-12-14 10:45:03 - [MESSAGE][PASSED] - Text 'test' is set on object 'Object Repository/Final Object Repo/Login Page/Internal User/Password'

2018-12-14 10:45:03 - [TEST_STEP][PASSED] - delay: Delayed 2 second(s)

2018-12-14 10:45:05 - [MESSAGE][PASSED] - Delayed 2 second(s)

2018-12-14 10:45:05 - [TEST_STEP][PASSED] - click: Object: 'Object Repository/Final Object Repo/Login Page/Internal User/Login Button' is clicked on

2018-12-14 10:45:05 - [MESSAGE][PASSED] - Object: 'Object Repository/Final Object Repo/Login Page/Internal User/Login Button' is clicked on

2018-12-14 10:45:05 - [TEST_STEP][PASSED] - Statement - tester = com.kms.katalon.core.testobject.ObjectRepository.findTestObject(Final Object Repo/Landing Page/Select to English): Finding Test Object with id 'Object Repository/Final Object Repo/Landing Page/Select to English'

2018-12-14 10:45:05 - [TEST_STEP][PASSED] - Statement - Try: Delayed 2 second(s)

2018-12-14 10:45:05 - [TEST_STEP][PASSED] - Statement - Checker = com.kms.katalon.core.webui.keyword.WebUiBuiltInKeywords.verifyElementNotPresent(tester, 3): Web element with id: 'Object Repository/Final Object Repo/Landing Page/Select to English' located by 'By.xpath: //a[@class = 'taglib-language-list-text' and @lang = 'en-US' and (contains(text(), 'EN') or contains(., 'EN'))]' is not present after '3' second(s)

2018-12-14 10:45:07 - [MESSAGE][PASSED] - Web element with id: 'Object Repository/Final Object Repo/Landing Page/Select to English' located by 'By.xpath: //a[@class = 'taglib-language-list-text' and @lang = 'en-US' and (contains(text(), 'EN') or contains(., 'EN'))]' is not present after '3' second(s)

2018-12-14 10:45:07 - [TEST_STEP][PASSED] - Statement - If (Checker == false): null

2018-12-14 10:45:07 - [TEST_STEP][PASSED] - delay: Delayed 2 second(s)

2018-12-14 10:45:09 - [MESSAGE][PASSED] - Delayed 2 second(s)

2018-12-14 10:45:09 - [TEST_STEP][PASSED] - delay: Delayed 5 second(s)

2018-12-14 10:45:14 - [MESSAGE][PASSED] - Delayed 5 second(s)

2018-12-14 10:45:14 - [TEST_STEP][PASSED] - mouseOver: Object: 'Object Repository/Final Object Repo/Landing Page/WorkFlow Menu' is hovered

2018-12-14 10:45:14 - [MESSAGE][PASSED] - Object: 'Object Repository/Final Object Repo/Landing Page/WorkFlow Menu' is hovered

2018-12-14 10:45:14 - [TEST_STEP][PASSED] - delay: Delayed 2 second(s)

2018-12-14 10:45:16 - [MESSAGE][PASSED] - Delayed 2 second(s)

2018-12-14 10:45:16 - [TEST_STEP][PASSED] - click: Object: 'Object Repository/Final Object Repo/Landing Page/Select to Workflow Listing' is clicked on

2018-12-14 10:45:18 - [MESSAGE][PASSED] - Object: 'Object Repository/Final Object Repo/Landing Page/Select to Workflow Listing' is clicked on

2018-12-14 10:45:18 - [TEST_STEP][PASSED] - delay: Delayed 2 second(s)

2018-12-14 10:45:20 - [MESSAGE][PASSED] - Delayed 2 second(s)

2018-12-14 10:45:20 - [TEST_STEP][PASSED] - click: Object: 'Object Repository/Final Object Repo/WorkFlow Listing Page/Search Information - To Put Ref No' is clicked on

2018-12-14 10:45:21 - [MESSAGE][PASSED] - Object: 'Object Repository/Final Object Repo/WorkFlow Listing Page/Search Information - To Put Ref No' is clicked on

2018-12-14 10:45:21 - [TEST_STEP][PASSED] - delay: Delayed 2 second(s)

2018-12-14 10:45:23 - [MESSAGE][PASSED] - Delayed 2 second(s)

2018-12-14 10:45:23 - [TEST_STEP][PASSED] - callTestCase: Call Test Case 'Test Cases/Final Aug 2018 - PKS Automation/Common/Reference Number Getter' successfully

2018-12-14 10:45:23 - [TEST_CASE][PASSED] - Test Cases/Final Aug 2018 - PKS Automation/Common/Reference Number Getter: Test Cases/Final Aug 2018 - PKS Automation/Common/Reference Number Getter

2018-12-14 10:45:23 - [TEST_STEP][PASSED] - Statement - Try: null

2018-12-14 10:45:23 - [TEST_STEP][PASSED] - Statement - RefNo = new java.io.File(C://Users//Admin//Desktop//PKS//Automation Reference Point//KatalonReference.txt): null

2018-12-14 10:45:23 - [TEST_STEP][PASSED] - Statement - bufferread = new java.io.BufferedReader(new java.io.FileReader(RefNo)): null

2018-12-14 10:45:23 - [TEST_STEP][PASSED] - Statement - readedVal = bufferread.readLine(): null

2018-12-14 10:45:23 - [TEST_STEP][PASSED] - Statement - out.println(CaseReferenceNo): null

2018-12-14 10:45:23 - [TEST_STEP][PASSED] - Statement - out.println(readedVal): null

2018-12-14 10:45:23 - [TEST_STEP][PASSED] - Statement - CaseReferenceNo = "": null

2018-12-14 10:45:23 - [TEST_STEP][PASSED] - Statement - CaseReferenceNo = readedVal: null

2018-12-14 10:45:23 - [MESSAGE][PASSED] - Call Test Case 'Test Cases/Final Aug 2018 - PKS Automation/Common/Reference Number Getter' successfully

2018-12-14 10:45:23 - [TEST_STEP][PASSED] - setText: Text 'CUN122018C200001761' is set on object 'Object Repository/Final Object Repo/WorkFlow Listing Page/Ref No Set Text'

2018-12-14 10:45:23 - [MESSAGE][PASSED] - Text 'CUN122018C200001761' is set on object 'Object Repository/Final Object Repo/WorkFlow Listing Page/Ref No Set Text'

2018-12-14 10:45:23 - [TEST_STEP][PASSED] - delay: Delayed 2 second(s)

2018-12-14 10:45:25 - [MESSAGE][PASSED] - Delayed 2 second(s)

2018-12-14 10:45:25 - [TEST_STEP][PASSED] - click: Object: 'Object Repository/Final Object Repo/WorkFlow Listing Page/Search Ref No Search Button' is clicked on

2018-12-14 10:45:25 - [MESSAGE][PASSED] - Object: 'Object Repository/Final Object Repo/WorkFlow Listing Page/Search Ref No Search Button' is clicked on

2018-12-14 10:45:25 - [TEST_STEP][PASSED] - delay: Delayed 6 second(s)

2018-12-14 10:45:31 - [MESSAGE][PASSED] - Delayed 6 second(s)

2018-12-14 10:45:31 - [TEST_STEP][PASSED] - click: Object: 'Object Repository/Final Object Repo/WorkFlow Listing Page/Click Continue Tooltip' is clicked on

2018-12-14 10:45:32 - [MESSAGE][PASSED] - Object: 'Object Repository/Final Object Repo/WorkFlow Listing Page/Click Continue Tooltip' is clicked on

2018-12-14 10:45:32 - [TEST_STEP][PASSED] - delay: Delayed 5 second(s)

2018-12-14 10:45:37 - [MESSAGE][PASSED] - Delayed 5 second(s)

2018-12-14 10:45:37 - [TEST_STEP][PASSED] - doubleClick: Object: 'Object Repository/Final Object Repo/WorkFlow Listing Page/Workflow Found - Listing 1' is double clicked on

2018-12-14 10:45:37 - [MESSAGE][PASSED] - Object: 'Object Repository/Final Object Repo/WorkFlow Listing Page/Workflow Found - Listing 1' is double clicked on

2018-12-14 10:45:37 - [TEST_STEP][PASSED] - Statement - println(OwnerID): null

2018-12-14 10:45:37 - [TEST_STEP][PASSED] - Statement - OwnerID = com.kms.katalon.core.webui.keyword.WebUiBuiltInKeywords.getText(com.kms.katalon.core.testobject.ObjectRepository.findTestObject(Final Object Repo/WorkFlow Listing Page/Workflow Found - Listing 1), STOP_ON_FAILURE): Text of object 'Object Repository/Final Object Repo/WorkFlow Listing Page/Workflow Found - Listing 1' is: 'JOHORuo2'

2018-12-14 10:45:37 - [MESSAGE][PASSED] - Text of object 'Object Repository/Final Object Repo/WorkFlow Listing Page/Workflow Found - Listing 1' is: 'JOHORuo2'

2018-12-14 10:45:37 - [TEST_STEP][PASSED] - Statement - OwnerID = OwnerID.toLowerCase() + "@gmail.com": null

2018-12-14 10:45:37 - [TEST_STEP][PASSED] - Statement - println(OwnerID): null

2018-12-14 10:45:37 - [TEST_STEP][PASSED] - delay: Delayed 2 second(s)

2018-12-14 10:45:39 - [MESSAGE][PASSED] - Delayed 2 second(s)

2018-12-14 10:45:39 - [MESSAGE][PASSED] - Call Test Case 'Test Cases/Final Aug 2018 - PKS Automation/Common/Workflow Owner Finder' successfully

2018-12-14 10:45:39 - [TEST_STEP][PASSED] - delay: Delayed 1 second(s)

2018-12-14 10:45:40 - [MESSAGE][PASSED] - Delayed 1 second(s)

2018-12-14 10:45:40 - [TEST_STEP][PASSED] - navigateToUrl: Navigate to 'https://assist2-uat.perkeso.gov.my/c/portal/logout' successfully

2018-12-14 10:45:41 - [MESSAGE][PASSED] - Navigate to 'https://assist2-uat.perkeso.gov.my/c/portal/logout' successfully

2018-12-14 10:45:41 - [TEST_STEP][PASSED] - delay: Delayed 1 second(s)

2018-12-14 10:45:42 - [MESSAGE][PASSED] - Delayed 1 second(s)

2018-12-14 10:45:42 - [TEST_STEP][PASSED] - callTestCase: Call Test Case 'Test Cases/Final Aug 2018 - PKS Automation/Registration Module/Workflow/Login and Search Case For Workflow' successfully

2018-12-14 10:45:42 - [TEST_CASE][PASSED] - Test Cases/Final Aug 2018 - PKS Automation/Registration Module/Workflow/Login and Search Case For Workflow: Test Cases/Final Aug 2018 - PKS Automation/Registration Module/Workflow/Login and Search Case For Workflow

2018-12-14 10:45:42 - [TEST_STEP][PASSED] - navigateToUrl: Navigate to 'https://assist2-uat.perkeso.gov.my/login' successfully

2018-12-14 10:45:43 - [MESSAGE][PASSED] - Navigate to 'https://assist2-uat.perkeso.gov.my/login' successfully

2018-12-14 10:45:43 - [TEST_STEP][PASSED] - setText: Text 'johoruo2@gmail.com' is set on object 'Object Repository/Final Object Repo/Login Page/Internal User/Email Address'

2018-12-14 10:45:43 - [MESSAGE][PASSED] - Text 'johoruo2@gmail.com' is set on object 'Object Repository/Final Object Repo/Login Page/Internal User/Email Address'

2018-12-14 10:45:43 - [TEST_STEP][PASSED] - click: Object: 'Object Repository/Final Object Repo/Login Page/Internal User/Next Button' is clicked on

2018-12-14 10:45:43 - [MESSAGE][PASSED] - Object: 'Object Repository/Final Object Repo/Login Page/Internal User/Next Button' is clicked on

2018-12-14 10:45:43 - [TEST_STEP][PASSED] - delay: Delayed 1 second(s)

2018-12-14 10:45:44 - [MESSAGE][PASSED] - Delayed 1 second(s)

2018-12-14 10:45:44 - [TEST_STEP][PASSED] - setEncryptedText: Text ****** has been set on object 'Object Repository/Final Object Repo/Login Page/Internal User/Password'

2018-12-14 10:45:45 - [MESSAGE][PASSED] - Text ****** has been set on object 'Object Repository/Final Object Repo/Login Page/Internal User/Password'

2018-12-14 10:45:45 - [TEST_STEP][PASSED] - click: Object: 'Object Repository/Final Object Repo/Login Page/Internal User/Login Button' is clicked on

2018-12-14 10:45:45 - [MESSAGE][PASSED] - Object: 'Object Repository/Final Object Repo/Login Page/Internal User/Login Button' is clicked on

2018-12-14 10:45:45 - [TEST_STEP][PASSED] - delay: Delayed 2 second(s)

2018-12-14 10:45:47 - [MESSAGE][PASSED] - Delayed 2 second(s)

2018-12-14 10:45:47 - [TEST_STEP][PASSED] - Statement - Try: Delayed 2 second(s)

2018-12-14 10:45:47 - [TEST_STEP][PASSED] - Statement - Checker = false: null

2018-12-14 10:45:47 - [TEST_STEP][PASSED] - Statement - Checker = com.kms.katalon.core.webui.keyword.WebUiBuiltInKeywords.verifyElementHasAttribute(com.kms.katalon.core.testobject.ObjectRepository.findTestObject(Final Object Repo/Landing Page/BM Detecting), "href", 20, OPTIONAL): Object 'Object Repository/Final Object Repo/Landing Page/BM Detecting' has attribute 'href'

2018-12-14 10:45:47 - [MESSAGE][PASSED] - Object 'Object Repository/Final Object Repo/Landing Page/BM Detecting' has attribute 'href'

2018-12-14 10:45:47 - [TEST_STEP][PASSED] - Statement - out.println(Checker): null

2018-12-14 10:45:47 - [TEST_STEP][PASSED] - Statement - If (Checker == false): null

2018-12-14 10:45:47 - [TEST_STEP][PASSED] - Statement - Else: null

2018-12-14 10:45:47 - [TEST_STEP][PASSED] - delay: Delayed 2 second(s)

2018-12-14 10:45:49 - [MESSAGE][PASSED] - Delayed 2 second(s)

2018-12-14 10:45:49 - [TEST_STEP][PASSED] - click: Object: 'Object Repository/Final Object Repo/Page_MyASSIST - ASSIST - Search Pending Case For Add Supporting Document/Search Information' is clicked on

2018-12-14 10:45:49 - [MESSAGE][PASSED] - Object: 'Object Repository/Final Object Repo/Page_MyASSIST - ASSIST - Search Pending Case For Add Supporting Document/Search Information' is clicked on

2018-12-14 10:45:49 - [TEST_STEP][PASSED] - delay: Delayed 3 second(s)

2018-12-14 10:45:52 - [MESSAGE][PASSED] - Delayed 3 second(s)

2018-12-14 10:45:52 - [TEST_STEP][PASSED] - sendKeys: Keys 'CUN122018C200001761' sent to object: 'Object Repository/Final Object Repo/Page_MyASSIST - ASSIST - Search Pending Case For Add Supporting Document/Reference No'

2018-12-14 10:45:52 - [MESSAGE][PASSED] - Keys 'CUN122018C200001761' sent to object: 'Object Repository/Final Object Repo/Page_MyASSIST - ASSIST - Search Pending Case For Add Supporting Document/Reference No'

2018-12-14 10:45:52 - [TEST_STEP][PASSED] - click: Object: 'Object Repository/Final Object Repo/Page_MyASSIST - ASSIST - Search Pending Case For Add Supporting Document/Search Reference No' is clicked on

2018-12-14 10:45:52 - [MESSAGE][PASSED] - Object: 'Object Repository/Final Object Repo/Page_MyASSIST - ASSIST - Search Pending Case For Add Supporting Document/Search Reference No' is clicked on

2018-12-14 10:45:52 - [TEST_STEP][PASSED] - delay: Delayed 2 second(s)

2018-12-14 10:45:54 - [MESSAGE][PASSED] - Delayed 2 second(s)

2018-12-14 10:45:54 - [TEST_STEP][PASSED] - click: Object: 'Object Repository/Final Object Repo/Page_MyASSIST - ASSIST - Search Pending Case For Add Supporting Document/Continue' is clicked on

2018-12-14 10:45:58 - [MESSAGE][PASSED] - Object: 'Object Repository/Final Object Repo/Page_MyASSIST - ASSIST - Search Pending Case For Add Supporting Document/Continue' is clicked on

2018-12-14 10:45:58 - [TEST_STEP][PASSED] - delay: Delayed 20 second(s)

2018-12-14 10:46:18 - [MESSAGE][PASSED] - Delayed 20 second(s)

2018-12-14 10:46:18 - [MESSAGE][PASSED] - Call Test Case 'Test Cases/Final Aug 2018 - PKS Automation/Registration Module/Workflow/Login and Search Case For Workflow' successfully

2018-12-14 10:46:18 - [TEST_STEP][PASSED] - click: Object: 'Object Repository/Final Object Repo/Page_Form 1A - Cessation As Employer/Page_Form 1A - Cessation As Employer (Approve)/Save  Continue in Form 1A Page' is clicked on

2018-12-14 10:46:18 - [MESSAGE][PASSED] - Object: 'Object Repository/Final Object Repo/Page_Form 1A - Cessation As Employer/Page_Form 1A - Cessation As Employer (Approve)/Save  Continue in Form 1A Page' is clicked on

2018-12-14 10:46:18 - [TEST_STEP][PASSED] - delay: Delayed 2 second(s)

2018-12-14 10:46:20 - [MESSAGE][PASSED] - Delayed 2 second(s)

2018-12-14 10:46:20 - [TEST_STEP][PASSED] - click: Object: 'Object Repository/Final Object Repo/Page_Form 1A - Cessation As Employer/Employment Resign Date' is clicked on

2018-12-14 10:46:20 - [MESSAGE][PASSED] - Object: 'Object Repository/Final Object Repo/Page_Form 1A - Cessation As Employer/Employment Resign Date' is clicked on

2018-12-14 10:46:20 - [TEST_STEP][PASSED] - delay: Delayed 1 second(s)

2018-12-14 10:46:21 - [MESSAGE][PASSED] - Delayed 1 second(s)

2018-12-14 10:46:21 - [TEST_STEP][PASSED] - selectOptionByValue: All options with value '2030' are selected in object 'Object Repository/Final Object Repo/Page_Form 1A - Cessation As Employer/Employment Resign Date - Year' 

2018-12-14 10:46:22 - [MESSAGE][PASSED] - All options with value '2030' are selected in object 'Object Repository/Final Object Repo/Page_Form 1A - Cessation As Employer/Employment Resign Date - Year' 

2018-12-14 10:46:22 - [TEST_STEP][PASSED] - delay: Delayed 1 second(s)

2018-12-14 10:46:23 - [MESSAGE][PASSED] - Delayed 1 second(s)

2018-12-14 10:46:23 - [TEST_STEP][PASSED] - click: Object: 'Object Repository/Final Object Repo/Page_Form 1A - Cessation As Employer/Employment Resign Date - Year - Date' is clicked on

2018-12-14 10:46:23 - [MESSAGE][PASSED] - Object: 'Object Repository/Final Object Repo/Page_Form 1A - Cessation As Employer/Employment Resign Date - Year - Date' is clicked on

2018-12-14 10:46:23 - [TEST_STEP][PASSED] - delay: Delayed 2 second(s)

2018-12-14 10:46:25 - [MESSAGE][PASSED] - Delayed 2 second(s)

2018-12-14 10:46:25 - [TEST_STEP][PASSED] - click: Object: 'Object Repository/Final Object Repo/Page_Form 1A - Cessation As Employer/Page_Form 1A - Cessation As Employer (Approve)/Save  Continue in Update Add Employee Resigned Date Page' is clicked on

2018-12-14 10:46:25 - [MESSAGE][PASSED] - Object: 'Object Repository/Final Object Repo/Page_Form 1A - Cessation As Employer/Page_Form 1A - Cessation As Employer (Approve)/Save  Continue in Update Add Employee Resigned Date Page' is clicked on

2018-12-14 10:46:25 - [TEST_STEP][PASSED] - delay: Delayed 2 second(s)

2018-12-14 10:46:27 - [MESSAGE][PASSED] - Delayed 2 second(s)

2018-12-14 10:46:27 - [TEST_STEP][PASSED] - click: Object: 'Object Repository/Final Object Repo/Page_Form 1A - Cessation As Employer/Set Latest - Yes' is clicked on

2018-12-14 10:46:27 - [MESSAGE][PASSED] - Object: 'Object Repository/Final Object Repo/Page_Form 1A - Cessation As Employer/Set Latest - Yes' is clicked on

2018-12-14 10:46:27 - [TEST_STEP][PASSED] - delay: Delayed 2 second(s)

2018-12-14 10:46:29 - [MESSAGE][PASSED] - Delayed 2 second(s)

2018-12-14 10:46:29 - [TEST_STEP][PASSED] - setText: Text 'remark' is set on object 'Object Repository/Final Object Repo/Page_Form 1A - Cessation As Employer/Page_Form 1A - Cessation As Employer (Query)/Query - remark'

2018-12-14 10:46:31 - [MESSAGE][PASSED] - Text 'remark' is set on object 'Object Repository/Final Object Repo/Page_Form 1A - Cessation As Employer/Page_Form 1A - Cessation As Employer (Query)/Query - remark'

2018-12-14 10:46:31 - [TEST_STEP][PASSED] - delay: Delayed 2 second(s)

2018-12-14 10:46:33 - [MESSAGE][PASSED] - Delayed 2 second(s)

2018-12-14 10:46:33 - [TEST_STEP][PASSED] - click: Object: 'Object Repository/Final Object Repo/Page_Form 1A - Cessation As Employer/Page_Form 1A - Cessation As Employer (Approve)/Save  Contine in Uploading Document Page' is clicked on

2018-12-14 10:46:33 - [MESSAGE][PASSED] - Object: 'Object Repository/Final Object Repo/Page_Form 1A - Cessation As Employer/Page_Form 1A - Cessation As Employer (Approve)/Save  Contine in Uploading Document Page' is clicked on

2018-12-14 10:46:33 - [TEST_STEP][PASSED] - delay: Delayed 2 second(s)

2018-12-14 10:46:35 - [MESSAGE][PASSED] - Delayed 2 second(s)

2018-12-14 10:46:35 - [TEST_STEP][PASSED] - click: Object: 'Object Repository/Final Object Repo/Page_Form 1A - Cessation As Employer/Page_Form 1A - Cessation As Employer (Query)/Query' is clicked on

2018-12-14 10:46:37 - [MESSAGE][PASSED] - Object: 'Object Repository/Final Object Repo/Page_Form 1A - Cessation As Employer/Page_Form 1A - Cessation As Employer (Query)/Query' is clicked on

2018-12-14 10:46:37 - [TEST_STEP][PASSED] - delay: Delayed 2 second(s)

2018-12-14 10:46:39 - [MESSAGE][PASSED] - Delayed 2 second(s)

2018-12-14 10:46:39 - [TEST_STEP][PASSED] - click: Object: 'Object Repository/Final Object Repo/Page_Form 1A - Cessation As Employer/Page_Form 1A - Cessation As Employer (Query)/Confirm' is clicked on

2018-12-14 10:46:46 - [MESSAGE][PASSED] - Object: 'Object Repository/Final Object Repo/Page_Form 1A - Cessation As Employer/Page_Form 1A - Cessation As Employer (Query)/Confirm' is clicked on

2018-12-14 10:46:46 - [TEST_STEP][PASSED] - delay: Delayed 2 second(s)

2018-12-14 10:46:48 - [MESSAGE][PASSED] - Delayed 2 second(s)

2018-12-14 10:46:48 - [TEST_STEP][PASSED] - verifyElementVisible: Object 'Object Repository/Final Object Repo/Page_Form 1A - Cessation As Employer/Page_Form 1A - Cessation As Employer (Query)/MessageThe Case Is Under Query' is visible

2018-12-14 10:46:48 - [MESSAGE][PASSED] - Object 'Object Repository/Final Object Repo/Page_Form 1A - Cessation As Employer/Page_Form 1A - Cessation As Employer (Query)/MessageThe Case Is Under Query' is visible

2018-12-14 10:46:48 - [TEST_STEP][PASSED] - delay: Delayed 1 second(s)

2018-12-14 10:46:49 - [MESSAGE][PASSED] - Delayed 1 second(s)

2018-12-14 10:46:49 - [TEST_STEP][PASSED] - verifyElementVisible: Object 'Object Repository/Final Object Repo/Page_Form 1A - Cessation As Employer/Page_Form 1A - Cessation As Employer (Query)/Letter of inquiry' is visible

2018-12-14 10:46:49 - [MESSAGE][PASSED] - Object 'Object Repository/Final Object Repo/Page_Form 1A - Cessation As Employer/Page_Form 1A - Cessation As Employer (Query)/Letter of inquiry' is visible

2018-12-14 10:46:49 - [TEST_STEP][PASSED] - delay: Delayed 1 second(s)

2018-12-14 10:46:50 - [MESSAGE][PASSED] - Delayed 1 second(s)

2018-12-14 10:46:50 - [TEST_STEP][PASSED] - navigateToUrl: Navigate to 'https://assist2-uat.perkeso.gov.my/c/portal/logout' successfully

2018-12-14 10:46:51 - [MESSAGE][PASSED] - Navigate to 'https://assist2-uat.perkeso.gov.my/c/portal/logout' successfully

2018-12-14 10:46:51 - [TEST_STEP][PASSED] - delay: Delayed 1 second(s)

2018-12-14 10:46:52 - [MESSAGE][PASSED] - Delayed 1 second(s)

2018-12-14 10:46:52 - [TEST_STEP][PASSED] - callTestCase: Call Test Case 'Test Cases/Final Aug 2018 - PKS Automation/Registration Module/Workflow/Search Pending Case For Add Supporting Document (OTC)' successfully

2018-12-14 10:46:52 - [TEST_CASE][PASSED] - Test Cases/Final Aug 2018 - PKS Automation/Registration Module/Workflow/Search Pending Case For Add Supporting Document (OTC): Test Cases/Final Aug 2018 - PKS Automation/Registration Module/Workflow/Search Pending Case For Add Supporting Document (OTC)

2018-12-14 10:46:52 - [TEST_STEP][PASSED] - openBrowser: Browser is opened with url: ''

2018-12-14 10:46:52 - [MESSAGE][WARNING] - A browser is already opened. Closing browser and opening a new one

2018-12-14 10:46:55 - [MESSAGE][PASSED] - Browser is opened with url: ''

2018-12-14 10:46:55 - [TEST_STEP][PASSED] - navigateToUrl: Navigate to 'https://assist2-uat.perkeso.gov.my/login' successfully

2018-12-14 10:46:56 - [MESSAGE][PASSED] - Navigate to 'https://assist2-uat.perkeso.gov.my/login' successfully

2018-12-14 10:46:56 - [TEST_STEP][PASSED] - setText: Text 'johorotc1@gmail.com' is set on object 'Object Repository/Final Object Repo/Login Page/Internal User/Email Address'

2018-12-14 10:46:57 - [MESSAGE][PASSED] - Text 'johorotc1@gmail.com' is set on object 'Object Repository/Final Object Repo/Login Page/Internal User/Email Address'

2018-12-14 10:46:57 - [TEST_STEP][PASSED] - click: Object: 'Object Repository/Final Object Repo/Login Page/Internal User/Next Button' is clicked on

2018-12-14 10:46:57 - [MESSAGE][PASSED] - Object: 'Object Repository/Final Object Repo/Login Page/Internal User/Next Button' is clicked on

2018-12-14 10:46:57 - [TEST_STEP][PASSED] - delay: Delayed 1 second(s)

2018-12-14 10:46:58 - [MESSAGE][PASSED] - Delayed 1 second(s)

2018-12-14 10:46:58 - [TEST_STEP][PASSED] - setEncryptedText: Text ****** has been set on object 'Object Repository/Final Object Repo/Login Page/Internal User/Password'

2018-12-14 10:46:58 - [MESSAGE][PASSED] - Text ****** has been set on object 'Object Repository/Final Object Repo/Login Page/Internal User/Password'

2018-12-14 10:46:58 - [TEST_STEP][PASSED] - click: Object: 'Object Repository/Final Object Repo/Login Page/Internal User/Login Button' is clicked on

2018-12-14 10:46:58 - [MESSAGE][PASSED] - Object: 'Object Repository/Final Object Repo/Login Page/Internal User/Login Button' is clicked on

2018-12-14 10:46:58 - [TEST_STEP][PASSED] - delay: Delayed 1 second(s)

2018-12-14 10:46:59 - [MESSAGE][PASSED] - Delayed 1 second(s)

2018-12-14 10:46:59 - [TEST_STEP][PASSED] - Statement - Try: Delayed 2 second(s)

2018-12-14 10:46:59 - [TEST_STEP][PASSED] - Statement - Checker = false: null

2018-12-14 10:46:59 - [TEST_STEP][PASSED] - Statement - Checker = com.kms.katalon.core.webui.keyword.WebUiBuiltInKeywords.verifyElementHasAttribute(com.kms.katalon.core.testobject.ObjectRepository.findTestObject(Final Object Repo/Landing Page/BM Detecting), "href", 20, OPTIONAL): Object 'Object Repository/Final Object Repo/Landing Page/BM Detecting' has attribute 'href'

2018-12-14 10:47:00 - [MESSAGE][PASSED] - Object 'Object Repository/Final Object Repo/Landing Page/BM Detecting' has attribute 'href'

2018-12-14 10:47:00 - [TEST_STEP][PASSED] - Statement - out.println(Checker): null

2018-12-14 10:47:00 - [TEST_STEP][PASSED] - Statement - If (Checker == false): null

2018-12-14 10:47:00 - [TEST_STEP][PASSED] - Statement - Else: null

2018-12-14 10:47:00 - [TEST_STEP][PASSED] - delay: Delayed 2 second(s)

2018-12-14 10:47:02 - [MESSAGE][PASSED] - Delayed 2 second(s)

2018-12-14 10:47:02 - [TEST_STEP][PASSED] - navigateToUrl: Navigate to 'https://assist2-uat.perkeso.gov.my/web/registration/search/search-pending-case-for-add-supporting-document' successfully

2018-12-14 10:47:03 - [MESSAGE][PASSED] - Navigate to 'https://assist2-uat.perkeso.gov.my/web/registration/search/search-pending-case-for-add-supporting-document' successfully

2018-12-14 10:47:03 - [TEST_STEP][PASSED] - click: Object: 'Object Repository/Final Object Repo/Page_Search Pending Case For Add Suporting Document/Search By' is clicked on

2018-12-14 10:47:03 - [MESSAGE][PASSED] - Object: 'Object Repository/Final Object Repo/Page_Search Pending Case For Add Suporting Document/Search By' is clicked on

2018-12-14 10:47:03 - [TEST_STEP][PASSED] - click: Object: 'Object Repository/Final Object Repo/Page_Search Pending Case For Add Suporting Document/Search By - Reference ID' is clicked on

2018-12-14 10:47:03 - [MESSAGE][PASSED] - Object: 'Object Repository/Final Object Repo/Page_Search Pending Case For Add Suporting Document/Search By - Reference ID' is clicked on

2018-12-14 10:47:03 - [TEST_STEP][PASSED] - delay: Delayed 2 second(s)

2018-12-14 10:47:05 - [MESSAGE][PASSED] - Delayed 2 second(s)

2018-12-14 10:47:05 - [TEST_STEP][PASSED] - setText: Text 'CUN122018C200001761' is set on object 'Object Repository/Final Object Repo/Page_Search Pending Case For Add Suporting Document/Reference ID'

2018-12-14 10:47:06 - [MESSAGE][PASSED] - Text 'CUN122018C200001761' is set on object 'Object Repository/Final Object Repo/Page_Search Pending Case For Add Suporting Document/Reference ID'

2018-12-14 10:47:06 - [TEST_STEP][PASSED] - click: Object: 'Object Repository/Final Object Repo/Page_Search Pending Case For Add Suporting Document/Search' is clicked on

2018-12-14 10:47:06 - [MESSAGE][PASSED] - Object: 'Object Repository/Final Object Repo/Page_Search Pending Case For Add Suporting Document/Search' is clicked on

2018-12-14 10:47:06 - [TEST_STEP][PASSED] - delay: Delayed 2 second(s)

2018-12-14 10:47:08 - [MESSAGE][PASSED] - Delayed 2 second(s)

2018-12-14 10:47:08 - [TEST_STEP][PASSED] - click: Object: 'Object Repository/Final Object Repo/Page_Search Pending Case For Add Suporting Document/Edit' is clicked on

2018-12-14 10:47:11 - [MESSAGE][PASSED] - Object: 'Object Repository/Final Object Repo/Page_Search Pending Case For Add Suporting Document/Edit' is clicked on

2018-12-14 10:47:11 - [MESSAGE][PASSED] - Call Test Case 'Test Cases/Final Aug 2018 - PKS Automation/Registration Module/Workflow/Search Pending Case For Add Supporting Document (OTC)' successfully

2018-12-14 10:47:11 - [TEST_STEP][PASSED] - click: Object: 'Object Repository/Final Object Repo/Page_Form 1A - Cessation As Employer/Page_Form 1A - Cessation As Employer (Query -OTC -UO)/Next in Form 1A Page' is clicked on

2018-12-14 10:47:12 - [MESSAGE][PASSED] - Object: 'Object Repository/Final Object Repo/Page_Form 1A - Cessation As Employer/Page_Form 1A - Cessation As Employer (Query -OTC -UO)/Next in Form 1A Page' is clicked on

2018-12-14 10:47:12 - [TEST_STEP][PASSED] - delay: Delayed 2 second(s)

2018-12-14 10:47:14 - [MESSAGE][PASSED] - Delayed 2 second(s)

2018-12-14 10:47:14 - [TEST_STEP][PASSED] - click: Object: 'Object Repository/Final Object Repo/Page_Form 1A - Cessation As Employer/Page_Form 1A - Cessation As Employer (Query -OTC -UO)/Next in Resigned Date Page' is clicked on

2018-12-14 10:47:17 - [MESSAGE][PASSED] - Object: 'Object Repository/Final Object Repo/Page_Form 1A - Cessation As Employer/Page_Form 1A - Cessation As Employer (Query -OTC -UO)/Next in Resigned Date Page' is clicked on

2018-12-14 10:47:17 - [TEST_STEP][PASSED] - delay: Delayed 2 second(s)

2018-12-14 10:47:19 - [MESSAGE][PASSED] - Delayed 2 second(s)

2018-12-14 10:47:19 - [TEST_STEP][PASSED] - click: Object: 'Object Repository/Final Object Repo/Page_Form 1A - Cessation As Employer/Page_Form 1A - Cessation As Employer (Query -OTC -UO)/Add Document' is clicked on

2018-12-14 10:47:20 - [MESSAGE][PASSED] - Object: 'Object Repository/Final Object Repo/Page_Form 1A - Cessation As Employer/Page_Form 1A - Cessation As Employer (Query -OTC -UO)/Add Document' is clicked on

2018-12-14 10:47:20 - [TEST_STEP][PASSED] - delay: Delayed 2 second(s)

2018-12-14 10:47:22 - [MESSAGE][PASSED] - Delayed 2 second(s)

2018-12-14 10:47:22 - [TEST_STEP][PASSED] - click: Object: 'Object Repository/Final Object Repo/Page_Form 1A - Cessation As Employer/Page_Form 1A - Cessation As Employer (Query -OTC -UO)/Document Type' is clicked on

2018-12-14 10:47:22 - [MESSAGE][PASSED] - Object: 'Object Repository/Final Object Repo/Page_Form 1A - Cessation As Employer/Page_Form 1A - Cessation As Employer (Query -OTC -UO)/Document Type' is clicked on

2018-12-14 10:47:22 - [TEST_STEP][PASSED] - click: Object: 'Object Repository/Final Object Repo/Page_Form 1A - Cessation As Employer/Page_Form 1A - Cessation As Employer (Query -OTC -UO)/Document Type - Others' is clicked on

2018-12-14 10:47:23 - [MESSAGE][PASSED] - Object: 'Object Repository/Final Object Repo/Page_Form 1A - Cessation As Employer/Page_Form 1A - Cessation As Employer (Query -OTC -UO)/Document Type - Others' is clicked on

2018-12-14 10:47:23 - [TEST_STEP][PASSED] - delay: Delayed 2 second(s)

2018-12-14 10:47:25 - [MESSAGE][PASSED] - Delayed 2 second(s)

2018-12-14 10:47:25 - [TEST_STEP][PASSED] - sendKeys: Keys 'C:\Users\Public\Pictures\Sample Pictures\Koala.jpg' sent to object: 'Object Repository/Final Object Repo/Page_Form 1A - Cessation As Employer/Uploading File'

2018-12-14 10:47:25 - [MESSAGE][PASSED] - Keys 'C:\Users\Public\Pictures\Sample Pictures\Koala.jpg' sent to object: 'Object Repository/Final Object Repo/Page_Form 1A - Cessation As Employer/Uploading File'

2018-12-14 10:47:25 - [TEST_STEP][PASSED] - delay: Delayed 2 second(s)

2018-12-14 10:47:27 - [MESSAGE][PASSED] - Delayed 2 second(s)

2018-12-14 10:47:27 - [TEST_STEP][PASSED] - click: Object: 'Object Repository/Final Object Repo/Page_Form 1A - Cessation As Employer/Page_Form 1A - Cessation As Employer (Query -OTC -UO)/Add Document in Uploading Page' is clicked on

2018-12-14 10:47:27 - [MESSAGE][PASSED] - Object: 'Object Repository/Final Object Repo/Page_Form 1A - Cessation As Employer/Page_Form 1A - Cessation As Employer (Query -OTC -UO)/Add Document in Uploading Page' is clicked on

2018-12-14 10:47:27 - [TEST_STEP][PASSED] - delay: Delayed 4 second(s)

2018-12-14 10:47:31 - [MESSAGE][PASSED] - Delayed 4 second(s)

2018-12-14 10:47:31 - [TEST_STEP][PASSED] - click: Object: 'Object Repository/Final Object Repo/Page_Form 1A - Cessation As Employer/Page_Form 1A - Cessation As Employer (Query -OTC -UO)/Exit' is clicked on

2018-12-14 10:47:32 - [MESSAGE][PASSED] - Object: 'Object Repository/Final Object Repo/Page_Form 1A - Cessation As Employer/Page_Form 1A - Cessation As Employer (Query -OTC -UO)/Exit' is clicked on

2018-12-14 10:47:32 - [TEST_STEP][PASSED] - delay: Delayed 1 second(s)

2018-12-14 10:47:33 - [MESSAGE][PASSED] - Delayed 1 second(s)

2018-12-14 10:47:33 - [TEST_STEP][PASSED] - navigateToUrl: Navigate to 'https://assist2-uat.perkeso.gov.my/c/portal/logout' successfully

2018-12-14 10:47:33 - [MESSAGE][PASSED] - Navigate to 'https://assist2-uat.perkeso.gov.my/c/portal/logout' successfully

2018-12-14 10:47:33 - [TEST_STEP][PASSED] - delay: Delayed 1 second(s)

2018-12-14 10:47:34 - [MESSAGE][PASSED] - Delayed 1 second(s)

2018-12-14 10:47:34 - [TEST_STEP][PASSED] - callTestCase: Call Test Case 'Test Cases/Final Aug 2018 - PKS Automation/Registration Module/Workflow/Login and Search Case For Workflow' successfully

2018-12-14 10:47:35 - [TEST_CASE][PASSED] - Test Cases/Final Aug 2018 - PKS Automation/Registration Module/Workflow/Login and Search Case For Workflow: Test Cases/Final Aug 2018 - PKS Automation/Registration Module/Workflow/Login and Search Case For Workflow

2018-12-14 10:47:35 - [TEST_STEP][PASSED] - navigateToUrl: Navigate to 'https://assist2-uat.perkeso.gov.my/login' successfully

2018-12-14 10:47:35 - [MESSAGE][PASSED] - Navigate to 'https://assist2-uat.perkeso.gov.my/login' successfully

2018-12-14 10:47:35 - [TEST_STEP][PASSED] - setText: Text 'johoruo2@gmail.com' is set on object 'Object Repository/Final Object Repo/Login Page/Internal User/Email Address'

2018-12-14 10:47:35 - [MESSAGE][PASSED] - Text 'johoruo2@gmail.com' is set on object 'Object Repository/Final Object Repo/Login Page/Internal User/Email Address'

2018-12-14 10:47:35 - [TEST_STEP][PASSED] - click: Object: 'Object Repository/Final Object Repo/Login Page/Internal User/Next Button' is clicked on

2018-12-14 10:47:36 - [MESSAGE][PASSED] - Object: 'Object Repository/Final Object Repo/Login Page/Internal User/Next Button' is clicked on

2018-12-14 10:47:36 - [TEST_STEP][PASSED] - delay: Delayed 1 second(s)

2018-12-14 10:47:37 - [MESSAGE][PASSED] - Delayed 1 second(s)

2018-12-14 10:47:37 - [TEST_STEP][PASSED] - setEncryptedText: Text ****** has been set on object 'Object Repository/Final Object Repo/Login Page/Internal User/Password'

2018-12-14 10:47:37 - [MESSAGE][PASSED] - Text ****** has been set on object 'Object Repository/Final Object Repo/Login Page/Internal User/Password'

2018-12-14 10:47:37 - [TEST_STEP][PASSED] - click: Object: 'Object Repository/Final Object Repo/Login Page/Internal User/Login Button' is clicked on

2018-12-14 10:47:37 - [MESSAGE][PASSED] - Object: 'Object Repository/Final Object Repo/Login Page/Internal User/Login Button' is clicked on

2018-12-14 10:47:37 - [TEST_STEP][PASSED] - delay: Delayed 2 second(s)

2018-12-14 10:47:39 - [MESSAGE][PASSED] - Delayed 2 second(s)

2018-12-14 10:47:39 - [TEST_STEP][PASSED] - Statement - Try: Delayed 2 second(s)

2018-12-14 10:47:39 - [TEST_STEP][PASSED] - Statement - Checker = false: null

2018-12-14 10:47:39 - [TEST_STEP][PASSED] - Statement - Checker = com.kms.katalon.core.webui.keyword.WebUiBuiltInKeywords.verifyElementHasAttribute(com.kms.katalon.core.testobject.ObjectRepository.findTestObject(Final Object Repo/Landing Page/BM Detecting), "href", 20, OPTIONAL): Object 'Object Repository/Final Object Repo/Landing Page/BM Detecting' has attribute 'href'

2018-12-14 10:47:39 - [MESSAGE][PASSED] - Object 'Object Repository/Final Object Repo/Landing Page/BM Detecting' has attribute 'href'

2018-12-14 10:47:39 - [TEST_STEP][PASSED] - Statement - out.println(Checker): null

2018-12-14 10:47:39 - [TEST_STEP][PASSED] - Statement - If (Checker == false): null

2018-12-14 10:47:39 - [TEST_STEP][PASSED] - Statement - Else: null

2018-12-14 10:47:39 - [TEST_STEP][PASSED] - delay: Delayed 2 second(s)

2018-12-14 10:47:41 - [MESSAGE][PASSED] - Delayed 2 second(s)

2018-12-14 10:47:41 - [TEST_STEP][PASSED] - click: Object: 'Object Repository/Final Object Repo/Page_MyASSIST - ASSIST - Search Pending Case For Add Supporting Document/Search Information' is clicked on

2018-12-14 10:47:41 - [MESSAGE][PASSED] - Object: 'Object Repository/Final Object Repo/Page_MyASSIST - ASSIST - Search Pending Case For Add Supporting Document/Search Information' is clicked on

2018-12-14 10:47:41 - [TEST_STEP][PASSED] - delay: Delayed 3 second(s)

2018-12-14 10:47:44 - [MESSAGE][PASSED] - Delayed 3 second(s)

2018-12-14 10:47:44 - [TEST_STEP][PASSED] - sendKeys: Keys 'CUN122018C200001761' sent to object: 'Object Repository/Final Object Repo/Page_MyASSIST - ASSIST - Search Pending Case For Add Supporting Document/Reference No'

2018-12-14 10:47:45 - [MESSAGE][PASSED] - Keys 'CUN122018C200001761' sent to object: 'Object Repository/Final Object Repo/Page_MyASSIST - ASSIST - Search Pending Case For Add Supporting Document/Reference No'

2018-12-14 10:47:45 - [TEST_STEP][PASSED] - click: Object: 'Object Repository/Final Object Repo/Page_MyASSIST - ASSIST - Search Pending Case For Add Supporting Document/Search Reference No' is clicked on

2018-12-14 10:47:45 - [MESSAGE][PASSED] - Object: 'Object Repository/Final Object Repo/Page_MyASSIST - ASSIST - Search Pending Case For Add Supporting Document/Search Reference No' is clicked on

2018-12-14 10:47:45 - [TEST_STEP][PASSED] - delay: Delayed 2 second(s)

2018-12-14 10:47:47 - [MESSAGE][PASSED] - Delayed 2 second(s)

2018-12-14 10:47:47 - [TEST_STEP][PASSED] - click: Object: 'Object Repository/Final Object Repo/Page_MyASSIST - ASSIST - Search Pending Case For Add Supporting Document/Continue' is clicked on

2018-12-14 10:47:50 - [MESSAGE][PASSED] - Object: 'Object Repository/Final Object Repo/Page_MyASSIST - ASSIST - Search Pending Case For Add Supporting Document/Continue' is clicked on

2018-12-14 10:47:50 - [TEST_STEP][PASSED] - delay: Delayed 20 second(s)

2018-12-14 10:48:10 - [MESSAGE][PASSED] - Delayed 20 second(s)

2018-12-14 10:48:10 - [MESSAGE][PASSED] - Call Test Case 'Test Cases/Final Aug 2018 - PKS Automation/Registration Module/Workflow/Login and Search Case For Workflow' successfully

2018-12-14 10:48:10 - [TEST_STEP][PASSED] - click: Object: 'Object Repository/Final Object Repo/Page_Form 1A - Cessation As Employer/Page_Form 1A - Cessation As Employer (Approve)/Save  Continue in Form 1A Page' is clicked on

2018-12-14 10:48:10 - [MESSAGE][PASSED] - Object: 'Object Repository/Final Object Repo/Page_Form 1A - Cessation As Employer/Page_Form 1A - Cessation As Employer (Approve)/Save  Continue in Form 1A Page' is clicked on

2018-12-14 10:48:10 - [TEST_STEP][PASSED] - delay: Delayed 3 second(s)

2018-12-14 10:48:13 - [MESSAGE][PASSED] - Delayed 3 second(s)

2018-12-14 10:48:13 - [TEST_STEP][PASSED] - click: Object: 'Object Repository/Final Object Repo/Page_Form 1A - Cessation As Employer/Page_Form 1A - Cessation As Employer (Approve)/Save  Continue in Update Add Employee Resigned Date Page' is clicked on

2018-12-14 10:48:17 - [MESSAGE][PASSED] - Object: 'Object Repository/Final Object Repo/Page_Form 1A - Cessation As Employer/Page_Form 1A - Cessation As Employer (Approve)/Save  Continue in Update Add Employee Resigned Date Page' is clicked on

2018-12-14 10:48:17 - [TEST_STEP][PASSED] - delay: Delayed 3 second(s)

2018-12-14 10:48:20 - [MESSAGE][PASSED] - Delayed 3 second(s)

2018-12-14 10:48:20 - [TEST_STEP][PASSED] - click: Object: 'Object Repository/Final Object Repo/Page_Form 1A - Cessation As Employer/Page_Form 1A - Cessation As Employer (Approve)/Save  Contine in Uploading Document Page' is clicked on

2018-12-14 10:48:20 - [MESSAGE][PASSED] - Object: 'Object Repository/Final Object Repo/Page_Form 1A - Cessation As Employer/Page_Form 1A - Cessation As Employer (Approve)/Save  Contine in Uploading Document Page' is clicked on

2018-12-14 10:48:20 - [TEST_STEP][PASSED] - delay: Delayed 3 second(s)

2018-12-14 10:48:23 - [MESSAGE][PASSED] - Delayed 3 second(s)

2018-12-14 10:48:23 - [TEST_STEP][PASSED] - click: Object: 'Object Repository/Final Object Repo/Page_Form 1A - Cessation As Employer/Page_Form 1A - Cessation As Employer (Approve)/Approve' is clicked on

2018-12-14 10:48:25 - [MESSAGE][PASSED] - Object: 'Object Repository/Final Object Repo/Page_Form 1A - Cessation As Employer/Page_Form 1A - Cessation As Employer (Approve)/Approve' is clicked on

2018-12-14 10:48:25 - [TEST_STEP][PASSED] - delay: Delayed 2 second(s)

2018-12-14 10:48:27 - [MESSAGE][PASSED] - Delayed 2 second(s)

2018-12-14 10:48:27 - [TEST_STEP][PASSED] - click: Object: 'Object Repository/Final Object Repo/Page_Form 1A - Cessation As Employer/Confirm' is clicked on

2018-12-14 10:48:27 - [MESSAGE][PASSED] - Object: 'Object Repository/Final Object Repo/Page_Form 1A - Cessation As Employer/Confirm' is clicked on

2018-12-14 10:48:27 - [TEST_STEP][PASSED] - delay: Delayed 2 second(s)

2018-12-14 10:48:29 - [MESSAGE][PASSED] - Delayed 2 second(s)

2018-12-14 10:48:29 - [TEST_STEP][PASSED] - click: Object: 'Object Repository/Final Object Repo/Page_Form 1A - Cessation As Employer/Page_Form 1A - Cessation As Employer (Approve)/Message Your Request    Form 1A ' is clicked on

2018-12-14 10:48:37 - [MESSAGE][PASSED] - Object: 'Object Repository/Final Object Repo/Page_Form 1A - Cessation As Employer/Page_Form 1A - Cessation As Employer (Approve)/Message Your Request    Form 1A ' is clicked on

2018-12-14 10:48:37 - [TEST_STEP][PASSED] - delay: Delayed 2 second(s)

2018-12-14 10:48:39 - [MESSAGE][PASSED] - Delayed 2 second(s)

2018-12-14 10:48:39 - [TEST_STEP][PASSED] - click: Object: 'Object Repository/Final Object Repo/Page_Form 1A - Cessation As Employer/Page_Form 1A - Cessation As Employer (Approve)/Letter of successful update' is clicked on

2018-12-14 10:48:40 - [MESSAGE][PASSED] - Object: 'Object Repository/Final Object Repo/Page_Form 1A - Cessation As Employer/Page_Form 1A - Cessation As Employer (Approve)/Letter of successful update' is clicked on

2018-12-14 10:48:40 - [MESSAGE][PASSED] - Call Test Case 'Test Cases/Final Aug 2018 - PKS Automation/Registration Module/Workflow/Form 1A - Cessation As Employer/Template/Form 1 A - Cessation As Employer (Query)' successfully]]></system-out>
         <system-err><![CDATA[]]></system-err>
      </testcase>
      <testcase name="Test Cases/Final Aug 2018 - PKS Automation/Registration Module/Workflow/Form 1A - Cessation As Employer/PKRBO to UO (Reject)" classname="Test Cases/Final Aug 2018 - PKS Automation/Registration Module/Workflow/Form 1A - Cessation As Employer/PKRBO to UO (Reject)" status="PASSED">
         <system-out><![CDATA[2018-12-14 10:48:40 - [TEST_CASE][PASSED] - Test Cases/Final Aug 2018 - PKS Automation/Registration Module/Workflow/Form 1A - Cessation As Employer/PKRBO to UO (Reject): Test Cases/Final Aug 2018 - PKS Automation/Registration Module/Workflow/Form 1A - Cessation As Employer/PKRBO to UO (Reject)

2018-12-14 10:48:40 - [TEST_STEP][PASSED] - callTestCase: Call Test Case 'Test Cases/Final Aug 2018 - PKS Automation/Registration Module/Workflow/Form 1A - Cessation As Employer/Template/Form 1 A - Cessation As Employer (PKRBO)' successfully

2018-12-14 10:48:41 - [TEST_CASE][PASSED] - Test Cases/Final Aug 2018 - PKS Automation/Registration Module/Workflow/Form 1A - Cessation As Employer/Template/Form 1 A - Cessation As Employer (PKRBO): Test Cases/Final Aug 2018 - PKS Automation/Registration Module/Workflow/Form 1A - Cessation As Employer/Template/Form 1 A - Cessation As Employer (PKRBO)

2018-12-14 10:48:41 - [TEST_STEP][PASSED] - openBrowser: Browser is opened with url: ''

2018-12-14 10:48:41 - [MESSAGE][WARNING] - A browser is already opened. Closing browser and opening a new one

2018-12-14 10:48:44 - [MESSAGE][PASSED] - Browser is opened with url: ''

2018-12-14 10:48:44 - [TEST_STEP][PASSED] - navigateToUrl: Navigate to 'https://assist2-uat.perkeso.gov.my/login' successfully

2018-12-14 10:48:46 - [MESSAGE][PASSED] - Navigate to 'https://assist2-uat.perkeso.gov.my/login' successfully

2018-12-14 10:48:46 - [TEST_STEP][PASSED] - setText: Text 'johorpkrbo1@gmail.com' is set on object 'Object Repository/Final Object Repo/Login Page/Internal User/Email Address'

2018-12-14 10:48:46 - [MESSAGE][PASSED] - Text 'johorpkrbo1@gmail.com' is set on object 'Object Repository/Final Object Repo/Login Page/Internal User/Email Address'

2018-12-14 10:48:46 - [TEST_STEP][PASSED] - click: Object: 'Object Repository/Final Object Repo/Login Page/Internal User/Next Button' is clicked on

2018-12-14 10:48:46 - [MESSAGE][PASSED] - Object: 'Object Repository/Final Object Repo/Login Page/Internal User/Next Button' is clicked on

2018-12-14 10:48:46 - [TEST_STEP][PASSED] - delay: Delayed 1 second(s)

2018-12-14 10:48:47 - [MESSAGE][PASSED] - Delayed 1 second(s)

2018-12-14 10:48:47 - [TEST_STEP][PASSED] - setEncryptedText: Text ****** has been set on object 'Object Repository/Final Object Repo/Login Page/Internal User/Password'

2018-12-14 10:48:47 - [MESSAGE][PASSED] - Text ****** has been set on object 'Object Repository/Final Object Repo/Login Page/Internal User/Password'

2018-12-14 10:48:47 - [TEST_STEP][PASSED] - click: Object: 'Object Repository/Final Object Repo/Login Page/Internal User/Login Button' is clicked on

2018-12-14 10:48:48 - [MESSAGE][PASSED] - Object: 'Object Repository/Final Object Repo/Login Page/Internal User/Login Button' is clicked on

2018-12-14 10:48:48 - [TEST_STEP][PASSED] - delay: Delayed 1 second(s)

2018-12-14 10:48:49 - [MESSAGE][PASSED] - Delayed 1 second(s)

2018-12-14 10:48:49 - [TEST_STEP][PASSED] - Statement - Try: Delayed 2 second(s)

2018-12-14 10:48:49 - [TEST_STEP][PASSED] - Statement - Checker = false: null

2018-12-14 10:48:49 - [TEST_STEP][PASSED] - Statement - Checker = com.kms.katalon.core.webui.keyword.WebUiBuiltInKeywords.verifyElementHasAttribute(com.kms.katalon.core.testobject.ObjectRepository.findTestObject(Final Object Repo/Landing Page/BM Detecting), "href", 20, OPTIONAL): Object 'Object Repository/Final Object Repo/Landing Page/BM Detecting' has attribute 'href'

2018-12-14 10:48:50 - [MESSAGE][PASSED] - Object 'Object Repository/Final Object Repo/Landing Page/BM Detecting' has attribute 'href'

2018-12-14 10:48:50 - [TEST_STEP][PASSED] - Statement - out.println(Checker): null

2018-12-14 10:48:50 - [TEST_STEP][PASSED] - Statement - If (Checker == false): null

2018-12-14 10:48:50 - [TEST_STEP][PASSED] - Statement - Else: null

2018-12-14 10:48:50 - [TEST_STEP][PASSED] - delay: Delayed 2 second(s)

2018-12-14 10:48:52 - [MESSAGE][PASSED] - Delayed 2 second(s)

2018-12-14 10:48:52 - [TEST_STEP][PASSED] - navigateToUrl: Navigate to 'https://assist2-uat.perkeso.gov.my/web/registration/update/form-1a-cessation-as-employer-discontinue-business-' successfully

2018-12-14 10:48:52 - [MESSAGE][PASSED] - Navigate to 'https://assist2-uat.perkeso.gov.my/web/registration/update/form-1a-cessation-as-employer-discontinue-business-' successfully

2018-12-14 10:48:52 - [TEST_STEP][PASSED] - setText: Text 'E1102069770Z' is set on object 'Object Repository/Final Object Repo/Page_Update Employer Information/Employer Code'

2018-12-14 10:48:53 - [MESSAGE][PASSED] - Text 'E1102069770Z' is set on object 'Object Repository/Final Object Repo/Page_Update Employer Information/Employer Code'

2018-12-14 10:48:53 - [TEST_STEP][PASSED] - click: Object: 'Object Repository/Final Object Repo/Page_Update Employer Information/Search Button' is clicked on

2018-12-14 10:48:53 - [MESSAGE][PASSED] - Object: 'Object Repository/Final Object Repo/Page_Update Employer Information/Search Button' is clicked on

2018-12-14 10:48:53 - [TEST_STEP][PASSED] - click: Object: 'Object Repository/Final Object Repo/Page_Update Employer Information/Edit Button' is clicked on

2018-12-14 10:48:55 - [MESSAGE][PASSED] - Object: 'Object Repository/Final Object Repo/Page_Update Employer Information/Edit Button' is clicked on

2018-12-14 10:48:55 - [TEST_STEP][PASSED] - Statement - abc = com.kms.katalon.core.webui.keyword.WebUiBuiltInKeywords.getAttribute(com.kms.katalon.core.testobject.ObjectRepository.findTestObject(Final Object Repo/Page_Form 1A - Cessation As Employer/Employer Status), "value"): Attribute 'value' of object 'Object Repository/Final Object Repo/Page_Form 1A - Cessation As Employer/Employer Status' is: 'Dormant'

2018-12-14 10:48:55 - [MESSAGE][PASSED] - Attribute 'value' of object 'Object Repository/Final Object Repo/Page_Form 1A - Cessation As Employer/Employer Status' is: 'Dormant'

2018-12-14 10:48:55 - [TEST_STEP][PASSED] - Statement - out.println(abc): null

2018-12-14 10:48:55 - [TEST_STEP][PASSED] - Statement - If (abc == "Active"): null

2018-12-14 10:48:55 - [TEST_STEP][PASSED] - Statement - Else If (abc == "Cancel"): null

2018-12-14 10:48:55 - [TEST_STEP][PASSED] - Statement - Else If (abc == "Dormant"): Object: 'Object Repository/Final Object Repo/Page_Form 1A - Cessation As Employer/Change Employer Status to - Dormant' is clicked on

2018-12-14 10:48:55 - [TEST_STEP][PASSED] - click: Object: 'Object Repository/Final Object Repo/Page_Form 1A - Cessation As Employer/Change Employer Status to' is clicked on

2018-12-14 10:48:56 - [MESSAGE][PASSED] - Object: 'Object Repository/Final Object Repo/Page_Form 1A - Cessation As Employer/Change Employer Status to' is clicked on

2018-12-14 10:48:56 - [TEST_STEP][PASSED] - click: Object: 'Object Repository/Final Object Repo/Page_Form 1A - Cessation As Employer/Change Employer Status to - Dormant' is clicked on

2018-12-14 10:48:56 - [MESSAGE][PASSED] - Object: 'Object Repository/Final Object Repo/Page_Form 1A - Cessation As Employer/Change Employer Status to - Dormant' is clicked on

2018-12-14 10:48:56 - [TEST_STEP][PASSED] - click: Object: 'Object Repository/Final Object Repo/Page_Form 1A - Cessation As Employer/Calender' is clicked on

2018-12-14 10:48:56 - [MESSAGE][PASSED] - Object: 'Object Repository/Final Object Repo/Page_Form 1A - Cessation As Employer/Calender' is clicked on

2018-12-14 10:48:56 - [TEST_STEP][PASSED] - click: Object: 'Object Repository/Final Object Repo/Page_Form 1A - Cessation As Employer/Calender - Date' is clicked on

2018-12-14 10:48:56 - [MESSAGE][PASSED] - Object: 'Object Repository/Final Object Repo/Page_Form 1A - Cessation As Employer/Calender - Date' is clicked on

2018-12-14 10:48:56 - [TEST_STEP][PASSED] - delay: Delayed 2 second(s)

2018-12-14 10:48:58 - [MESSAGE][PASSED] - Delayed 2 second(s)

2018-12-14 10:48:58 - [TEST_STEP][PASSED] - click: Object: 'Object Repository/Final Object Repo/Page_Form 1A - Cessation As Employer/Save  Continue in Form 1A Page' is clicked on

2018-12-14 10:48:59 - [MESSAGE][PASSED] - Object: 'Object Repository/Final Object Repo/Page_Form 1A - Cessation As Employer/Save  Continue in Form 1A Page' is clicked on

2018-12-14 10:48:59 - [TEST_STEP][PASSED] - delay: Delayed 2 second(s)

2018-12-14 10:49:01 - [MESSAGE][PASSED] - Delayed 2 second(s)

2018-12-14 10:49:01 - [TEST_STEP][PASSED] - click: Object: 'Object Repository/Final Object Repo/Page_Form 1A - Cessation As Employer/Employment Resign Date' is clicked on

2018-12-14 10:49:01 - [MESSAGE][PASSED] - Object: 'Object Repository/Final Object Repo/Page_Form 1A - Cessation As Employer/Employment Resign Date' is clicked on

2018-12-14 10:49:01 - [TEST_STEP][PASSED] - delay: Delayed 1 second(s)

2018-12-14 10:49:02 - [MESSAGE][PASSED] - Delayed 1 second(s)

2018-12-14 10:49:02 - [TEST_STEP][PASSED] - Statement - CaseReferenceNo = com.kms.katalon.core.webui.keyword.WebUiBuiltInKeywords.getText(com.kms.katalon.core.testobject.ObjectRepository.findTestObject(Final Object Repo/Page_Update Employer Information/Reference Number in Update Employee Information Page)): Text of object 'Object Repository/Final Object Repo/Page_Update Employer Information/Reference Number in Update Employee Information Page' is: 'CUN122018C200001762'

2018-12-14 10:49:02 - [MESSAGE][PASSED] - Text of object 'Object Repository/Final Object Repo/Page_Update Employer Information/Reference Number in Update Employee Information Page' is: 'CUN122018C200001762'

2018-12-14 10:49:02 - [TEST_STEP][PASSED] - Statement - out.println(CaseReferenceNo): null

2018-12-14 10:49:02 - [TEST_STEP][PASSED] - callTestCase: Call Test Case 'Test Cases/Final Aug 2018 - PKS Automation/Common/Reference Number Setter' successfully

2018-12-14 10:49:02 - [TEST_CASE][PASSED] - Test Cases/Final Aug 2018 - PKS Automation/Common/Reference Number Setter: Test Cases/Final Aug 2018 - PKS Automation/Common/Reference Number Setter

2018-12-14 10:49:02 - [TEST_STEP][PASSED] - Statement - RefNoOldFile = new java.io.File(C://Users//Admin//Desktop//PKS//Automation Reference Point//KatalonReference.txt): null

2018-12-14 10:49:02 - [TEST_STEP][PASSED] - Statement - RefNoOldFile.delete(): null

2018-12-14 10:49:02 - [TEST_STEP][PASSED] - delay: Delayed 5 second(s)

2018-12-14 10:49:07 - [MESSAGE][PASSED] - Delayed 5 second(s)

2018-12-14 10:49:07 - [TEST_STEP][PASSED] - Statement - RefNo = new java.io.File(C://Users//Admin//Desktop//PKS//Automation Reference Point//KatalonReference.txt): null

2018-12-14 10:49:07 - [TEST_STEP][PASSED] - Statement - f2 = new java.io.FileWriter(RefNo, false): null

2018-12-14 10:49:07 - [TEST_STEP][PASSED] - Statement - f2.write(CaseReferenceNo): null

2018-12-14 10:49:07 - [TEST_STEP][PASSED] - Statement - f2.close(): null

2018-12-14 10:49:07 - [TEST_STEP][PASSED] - Statement - out.println("


" + CaseReferenceNo + "


"): null

2018-12-14 10:49:07 - [MESSAGE][PASSED] - Call Test Case 'Test Cases/Final Aug 2018 - PKS Automation/Common/Reference Number Setter' successfully

2018-12-14 10:49:07 - [TEST_STEP][PASSED] - selectOptionByValue: All options with value '2030' are selected in object 'Object Repository/Final Object Repo/Page_Form 1A - Cessation As Employer/Employment Resign Date - Year' 

2018-12-14 10:49:07 - [MESSAGE][PASSED] - All options with value '2030' are selected in object 'Object Repository/Final Object Repo/Page_Form 1A - Cessation As Employer/Employment Resign Date - Year' 

2018-12-14 10:49:07 - [TEST_STEP][PASSED] - delay: Delayed 1 second(s)

2018-12-14 10:49:08 - [MESSAGE][PASSED] - Delayed 1 second(s)

2018-12-14 10:49:08 - [TEST_STEP][PASSED] - click: Object: 'Object Repository/Final Object Repo/Page_Form 1A - Cessation As Employer/Employment Resign Date - Year - Date' is clicked on

2018-12-14 10:49:08 - [MESSAGE][PASSED] - Object: 'Object Repository/Final Object Repo/Page_Form 1A - Cessation As Employer/Employment Resign Date - Year - Date' is clicked on

2018-12-14 10:49:08 - [TEST_STEP][PASSED] - delay: Delayed 2 second(s)

2018-12-14 10:49:10 - [MESSAGE][PASSED] - Delayed 2 second(s)

2018-12-14 10:49:10 - [TEST_STEP][PASSED] - click: Object: 'Object Repository/Final Object Repo/Page_Form 1A - Cessation As Employer/Save  Continue in Update Add Employee Resigned Date Page' is clicked on

2018-12-14 10:49:11 - [MESSAGE][PASSED] - Object: 'Object Repository/Final Object Repo/Page_Form 1A - Cessation As Employer/Save  Continue in Update Add Employee Resigned Date Page' is clicked on

2018-12-14 10:49:11 - [TEST_STEP][PASSED] - delay: Delayed 2 second(s)

2018-12-14 10:49:13 - [MESSAGE][PASSED] - Delayed 2 second(s)

2018-12-14 10:49:13 - [TEST_STEP][PASSED] - click: Object: 'Object Repository/Final Object Repo/Page_Form 1A - Cessation As Employer/Set Latest - Yes' is clicked on

2018-12-14 10:49:13 - [MESSAGE][PASSED] - Object: 'Object Repository/Final Object Repo/Page_Form 1A - Cessation As Employer/Set Latest - Yes' is clicked on

2018-12-14 10:49:13 - [TEST_STEP][PASSED] - delay: Delayed 2 second(s)

2018-12-14 10:49:15 - [MESSAGE][PASSED] - Delayed 2 second(s)

2018-12-14 10:49:15 - [TEST_STEP][PASSED] - click: Object: 'Object Repository/Final Object Repo/Page_Form 1A - Cessation As Employer/Add Document' is clicked on

2018-12-14 10:49:16 - [MESSAGE][PASSED] - Object: 'Object Repository/Final Object Repo/Page_Form 1A - Cessation As Employer/Add Document' is clicked on

2018-12-14 10:49:16 - [TEST_STEP][PASSED] - delay: Delayed 2 second(s)

2018-12-14 10:49:18 - [MESSAGE][PASSED] - Delayed 2 second(s)

2018-12-14 10:49:18 - [TEST_STEP][PASSED] - click: Object: 'Object Repository/Final Object Repo/Page_Form 1A - Cessation As Employer/Document Type' is clicked on

2018-12-14 10:49:19 - [MESSAGE][PASSED] - Object: 'Object Repository/Final Object Repo/Page_Form 1A - Cessation As Employer/Document Type' is clicked on

2018-12-14 10:49:19 - [TEST_STEP][PASSED] - delay: Delayed 2 second(s)

2018-12-14 10:49:21 - [MESSAGE][PASSED] - Delayed 2 second(s)

2018-12-14 10:49:21 - [TEST_STEP][PASSED] - click: Object: 'Object Repository/Final Object Repo/Page_Form 1A - Cessation As Employer/Document Type - Supporting Document For Cessation' is clicked on

2018-12-14 10:49:21 - [MESSAGE][PASSED] - Object: 'Object Repository/Final Object Repo/Page_Form 1A - Cessation As Employer/Document Type - Supporting Document For Cessation' is clicked on

2018-12-14 10:49:21 - [TEST_STEP][PASSED] - delay: Delayed 2 second(s)

2018-12-14 10:49:23 - [MESSAGE][PASSED] - Delayed 2 second(s)

2018-12-14 10:49:23 - [TEST_STEP][PASSED] - sendKeys: Keys 'C:\Users\Public\Pictures\Sample Pictures\Koala.jpg' sent to object: 'Object Repository/Final Object Repo/Page_Form 1A - Cessation As Employer/Uploading File'

2018-12-14 10:49:23 - [MESSAGE][PASSED] - Keys 'C:\Users\Public\Pictures\Sample Pictures\Koala.jpg' sent to object: 'Object Repository/Final Object Repo/Page_Form 1A - Cessation As Employer/Uploading File'

2018-12-14 10:49:23 - [TEST_STEP][PASSED] - delay: Delayed 2 second(s)

2018-12-14 10:49:25 - [MESSAGE][PASSED] - Delayed 2 second(s)

2018-12-14 10:49:25 - [TEST_STEP][PASSED] - click: Object: 'Object Repository/Final Object Repo/Page_Form 1A - Cessation As Employer/Add Document in Uploading Page' is clicked on

2018-12-14 10:49:25 - [MESSAGE][PASSED] - Object: 'Object Repository/Final Object Repo/Page_Form 1A - Cessation As Employer/Add Document in Uploading Page' is clicked on

2018-12-14 10:49:25 - [TEST_STEP][PASSED] - delay: Delayed 15 second(s)

2018-12-14 10:49:40 - [MESSAGE][PASSED] - Delayed 15 second(s)

2018-12-14 10:49:40 - [TEST_STEP][PASSED] - click: Object: 'Object Repository/Final Object Repo/Page_Form 1A - Cessation As Employer/Save  Continue in Uploading Page' is clicked on

2018-12-14 10:49:41 - [MESSAGE][PASSED] - Object: 'Object Repository/Final Object Repo/Page_Form 1A - Cessation As Employer/Save  Continue in Uploading Page' is clicked on

2018-12-14 10:49:41 - [TEST_STEP][PASSED] - delay: Delayed 2 second(s)

2018-12-14 10:49:43 - [MESSAGE][PASSED] - Delayed 2 second(s)

2018-12-14 10:49:43 - [TEST_STEP][PASSED] - click: Object: 'Object Repository/Final Object Repo/Page_Form 1A - Cessation As Employer/Submit2' is clicked on

2018-12-14 10:49:46 - [MESSAGE][PASSED] - Object: 'Object Repository/Final Object Repo/Page_Form 1A - Cessation As Employer/Submit2' is clicked on

2018-12-14 10:49:46 - [TEST_STEP][PASSED] - delay: Delayed 2 second(s)

2018-12-14 10:49:48 - [MESSAGE][PASSED] - Delayed 2 second(s)

2018-12-14 10:49:48 - [TEST_STEP][PASSED] - click: Object: 'Object Repository/Final Object Repo/Page_Form 1A - Cessation As Employer/Confirm' is clicked on

2018-12-14 10:49:48 - [MESSAGE][PASSED] - Object: 'Object Repository/Final Object Repo/Page_Form 1A - Cessation As Employer/Confirm' is clicked on

2018-12-14 10:49:48 - [TEST_STEP][PASSED] - delay: Delayed 2 second(s)

2018-12-14 10:49:50 - [MESSAGE][PASSED] - Delayed 2 second(s)

2018-12-14 10:49:50 - [TEST_STEP][PASSED] - verifyElementVisible: Object 'Object Repository/Final Object Repo/Page_Form 1A - Cessation As Employer/Message Your Request will be routed to UO' is visible

2018-12-14 10:49:54 - [MESSAGE][PASSED] - Object 'Object Repository/Final Object Repo/Page_Form 1A - Cessation As Employer/Message Your Request will be routed to UO' is visible

2018-12-14 10:49:54 - [TEST_STEP][PASSED] - delay: Delayed 1 second(s)

2018-12-14 10:49:55 - [MESSAGE][PASSED] - Delayed 1 second(s)

2018-12-14 10:49:55 - [TEST_STEP][PASSED] - verifyElementVisible: Object 'Object Repository/Final Object Repo/Page_Form 1A - Cessation As Employer/Letter of acknowledgement' is visible

2018-12-14 10:49:55 - [MESSAGE][PASSED] - Object 'Object Repository/Final Object Repo/Page_Form 1A - Cessation As Employer/Letter of acknowledgement' is visible

2018-12-14 10:49:55 - [MESSAGE][PASSED] - Call Test Case 'Test Cases/Final Aug 2018 - PKS Automation/Registration Module/Workflow/Form 1A - Cessation As Employer/Template/Form 1 A - Cessation As Employer (PKRBO)' successfully

2018-12-14 10:49:55 - [TEST_STEP][PASSED] - callTestCase: Call Test Case 'Test Cases/Final Aug 2018 - PKS Automation/Registration Module/Workflow/Form 1A - Cessation As Employer/Template/Form 1 A - Cessation As Employer (Approve)' successfully

2018-12-14 10:49:55 - [TEST_CASE][PASSED] - Test Cases/Final Aug 2018 - PKS Automation/Registration Module/Workflow/Form 1A - Cessation As Employer/Template/Form 1 A - Cessation As Employer (Approve): Test Cases/Final Aug 2018 - PKS Automation/Registration Module/Workflow/Form 1A - Cessation As Employer/Template/Form 1 A - Cessation As Employer (Approve)

2018-12-14 10:49:55 - [TEST_STEP][NOT_RUN] - callTestCase: NOT_RUN: callTestCase

2018-12-14 10:49:55 - [MESSAGE][NOT_RUN] - NOT_RUN: callTestCase

2018-12-14 10:49:55 - [TEST_STEP][PASSED] - delay: Delayed 1 second(s)

2018-12-14 10:49:56 - [MESSAGE][PASSED] - Delayed 1 second(s)

2018-12-14 10:49:56 - [TEST_STEP][PASSED] - navigateToUrl: Navigate to 'https://assist2-uat.perkeso.gov.my/c/portal/logout' successfully

2018-12-14 10:49:56 - [MESSAGE][PASSED] - Navigate to 'https://assist2-uat.perkeso.gov.my/c/portal/logout' successfully

2018-12-14 10:49:56 - [TEST_STEP][PASSED] - delay: Delayed 1 second(s)

2018-12-14 10:49:57 - [MESSAGE][PASSED] - Delayed 1 second(s)

2018-12-14 10:49:57 - [TEST_STEP][PASSED] - callTestCase: Call Test Case 'Test Cases/Final Aug 2018 - PKS Automation/Common/Reference Number Getter' successfully

2018-12-14 10:49:58 - [TEST_CASE][PASSED] - Test Cases/Final Aug 2018 - PKS Automation/Common/Reference Number Getter: Test Cases/Final Aug 2018 - PKS Automation/Common/Reference Number Getter

2018-12-14 10:49:58 - [TEST_STEP][PASSED] - Statement - Try: null

2018-12-14 10:49:58 - [TEST_STEP][PASSED] - Statement - RefNo = new java.io.File(C://Users//Admin//Desktop//PKS//Automation Reference Point//KatalonReference.txt): null

2018-12-14 10:49:58 - [TEST_STEP][PASSED] - Statement - bufferread = new java.io.BufferedReader(new java.io.FileReader(RefNo)): null

2018-12-14 10:49:58 - [TEST_STEP][PASSED] - Statement - readedVal = bufferread.readLine(): null

2018-12-14 10:49:58 - [TEST_STEP][PASSED] - Statement - out.println(CaseReferenceNo): null

2018-12-14 10:49:58 - [TEST_STEP][PASSED] - Statement - out.println(readedVal): null

2018-12-14 10:49:58 - [TEST_STEP][PASSED] - Statement - CaseReferenceNo = "": null

2018-12-14 10:49:58 - [TEST_STEP][PASSED] - Statement - CaseReferenceNo = readedVal: null

2018-12-14 10:49:58 - [MESSAGE][PASSED] - Call Test Case 'Test Cases/Final Aug 2018 - PKS Automation/Common/Reference Number Getter' successfully

2018-12-14 10:49:58 - [TEST_STEP][PASSED] - callTestCase: Call Test Case 'Test Cases/Final Aug 2018 - PKS Automation/Common/Workflow Owner Finder' successfully

2018-12-14 10:49:58 - [TEST_CASE][PASSED] - Test Cases/Final Aug 2018 - PKS Automation/Common/Workflow Owner Finder: Test Cases/Final Aug 2018 - PKS Automation/Common/Workflow Owner Finder

2018-12-14 10:49:58 - [TEST_STEP][PASSED] - openBrowser: Browser is opened with url: ''

2018-12-14 10:49:58 - [MESSAGE][WARNING] - A browser is already opened. Closing browser and opening a new one

2018-12-14 10:50:04 - [MESSAGE][PASSED] - Browser is opened with url: ''

2018-12-14 10:50:04 - [TEST_STEP][PASSED] - navigateToUrl: Navigate to 'https://assist2-uat.perkeso.gov.my/login' successfully

2018-12-14 10:50:05 - [MESSAGE][PASSED] - Navigate to 'https://assist2-uat.perkeso.gov.my/login' successfully

2018-12-14 10:50:05 - [TEST_STEP][PASSED] - delay: Delayed 5 second(s)

2018-12-14 10:50:10 - [MESSAGE][PASSED] - Delayed 5 second(s)

2018-12-14 10:50:10 - [TEST_STEP][PASSED] - setText: Text 'test@liferay.com' is set on object 'Object Repository/Final Object Repo/Login Page/Internal User/Email Address'

2018-12-14 10:50:10 - [MESSAGE][PASSED] - Text 'test@liferay.com' is set on object 'Object Repository/Final Object Repo/Login Page/Internal User/Email Address'

2018-12-14 10:50:10 - [TEST_STEP][PASSED] - click: Object: 'Object Repository/Final Object Repo/Login Page/Internal User/Next Button' is clicked on

2018-12-14 10:50:10 - [MESSAGE][PASSED] - Object: 'Object Repository/Final Object Repo/Login Page/Internal User/Next Button' is clicked on

2018-12-14 10:50:10 - [TEST_STEP][PASSED] - delay: Delayed 2 second(s)

2018-12-14 10:50:12 - [MESSAGE][PASSED] - Delayed 2 second(s)

2018-12-14 10:50:12 - [TEST_STEP][PASSED] - setText: Text 'test' is set on object 'Object Repository/Final Object Repo/Login Page/Internal User/Password'

2018-12-14 10:50:12 - [MESSAGE][PASSED] - Text 'test' is set on object 'Object Repository/Final Object Repo/Login Page/Internal User/Password'

2018-12-14 10:50:12 - [TEST_STEP][PASSED] - delay: Delayed 2 second(s)

2018-12-14 10:50:14 - [MESSAGE][PASSED] - Delayed 2 second(s)

2018-12-14 10:50:14 - [TEST_STEP][PASSED] - click: Object: 'Object Repository/Final Object Repo/Login Page/Internal User/Login Button' is clicked on

2018-12-14 10:50:15 - [MESSAGE][PASSED] - Object: 'Object Repository/Final Object Repo/Login Page/Internal User/Login Button' is clicked on

2018-12-14 10:50:15 - [TEST_STEP][PASSED] - Statement - tester = com.kms.katalon.core.testobject.ObjectRepository.findTestObject(Final Object Repo/Landing Page/Select to English): Finding Test Object with id 'Object Repository/Final Object Repo/Landing Page/Select to English'

2018-12-14 10:50:15 - [TEST_STEP][PASSED] - Statement - Try: Delayed 2 second(s)

2018-12-14 10:50:15 - [TEST_STEP][PASSED] - Statement - Checker = com.kms.katalon.core.webui.keyword.WebUiBuiltInKeywords.verifyElementNotPresent(tester, 3): Web element with id: 'Object Repository/Final Object Repo/Landing Page/Select to English' located by 'By.xpath: //a[@class = 'taglib-language-list-text' and @lang = 'en-US' and (contains(text(), 'EN') or contains(., 'EN'))]' is not present after '3' second(s)

2018-12-14 10:50:17 - [MESSAGE][PASSED] - Web element with id: 'Object Repository/Final Object Repo/Landing Page/Select to English' located by 'By.xpath: //a[@class = 'taglib-language-list-text' and @lang = 'en-US' and (contains(text(), 'EN') or contains(., 'EN'))]' is not present after '3' second(s)

2018-12-14 10:50:17 - [TEST_STEP][PASSED] - Statement - If (Checker == false): null

2018-12-14 10:50:17 - [TEST_STEP][PASSED] - delay: Delayed 2 second(s)

2018-12-14 10:50:19 - [MESSAGE][PASSED] - Delayed 2 second(s)

2018-12-14 10:50:19 - [TEST_STEP][PASSED] - delay: Delayed 5 second(s)

2018-12-14 10:50:24 - [MESSAGE][PASSED] - Delayed 5 second(s)

2018-12-14 10:50:24 - [TEST_STEP][PASSED] - mouseOver: Object: 'Object Repository/Final Object Repo/Landing Page/WorkFlow Menu' is hovered

2018-12-14 10:50:24 - [MESSAGE][PASSED] - Object: 'Object Repository/Final Object Repo/Landing Page/WorkFlow Menu' is hovered

2018-12-14 10:50:24 - [TEST_STEP][PASSED] - delay: Delayed 2 second(s)

2018-12-14 10:50:26 - [MESSAGE][PASSED] - Delayed 2 second(s)

2018-12-14 10:50:26 - [TEST_STEP][PASSED] - click: Object: 'Object Repository/Final Object Repo/Landing Page/Select to Workflow Listing' is clicked on

2018-12-14 10:50:27 - [MESSAGE][PASSED] - Object: 'Object Repository/Final Object Repo/Landing Page/Select to Workflow Listing' is clicked on

2018-12-14 10:50:27 - [TEST_STEP][PASSED] - delay: Delayed 2 second(s)

2018-12-14 10:50:29 - [MESSAGE][PASSED] - Delayed 2 second(s)

2018-12-14 10:50:29 - [TEST_STEP][PASSED] - click: Object: 'Object Repository/Final Object Repo/WorkFlow Listing Page/Search Information - To Put Ref No' is clicked on

2018-12-14 10:50:29 - [MESSAGE][PASSED] - Object: 'Object Repository/Final Object Repo/WorkFlow Listing Page/Search Information - To Put Ref No' is clicked on

2018-12-14 10:50:29 - [TEST_STEP][PASSED] - delay: Delayed 2 second(s)

2018-12-14 10:50:31 - [MESSAGE][PASSED] - Delayed 2 second(s)

2018-12-14 10:50:31 - [TEST_STEP][PASSED] - callTestCase: Call Test Case 'Test Cases/Final Aug 2018 - PKS Automation/Common/Reference Number Getter' successfully

2018-12-14 10:50:31 - [TEST_CASE][PASSED] - Test Cases/Final Aug 2018 - PKS Automation/Common/Reference Number Getter: Test Cases/Final Aug 2018 - PKS Automation/Common/Reference Number Getter

2018-12-14 10:50:31 - [TEST_STEP][PASSED] - Statement - Try: null

2018-12-14 10:50:31 - [TEST_STEP][PASSED] - Statement - RefNo = new java.io.File(C://Users//Admin//Desktop//PKS//Automation Reference Point//KatalonReference.txt): null

2018-12-14 10:50:31 - [TEST_STEP][PASSED] - Statement - bufferread = new java.io.BufferedReader(new java.io.FileReader(RefNo)): null

2018-12-14 10:50:31 - [TEST_STEP][PASSED] - Statement - readedVal = bufferread.readLine(): null

2018-12-14 10:50:31 - [TEST_STEP][PASSED] - Statement - out.println(CaseReferenceNo): null

2018-12-14 10:50:31 - [TEST_STEP][PASSED] - Statement - out.println(readedVal): null

2018-12-14 10:50:31 - [TEST_STEP][PASSED] - Statement - CaseReferenceNo = "": null

2018-12-14 10:50:31 - [TEST_STEP][PASSED] - Statement - CaseReferenceNo = readedVal: null

2018-12-14 10:50:31 - [MESSAGE][PASSED] - Call Test Case 'Test Cases/Final Aug 2018 - PKS Automation/Common/Reference Number Getter' successfully

2018-12-14 10:50:31 - [TEST_STEP][PASSED] - setText: Text 'CUN122018C200001762' is set on object 'Object Repository/Final Object Repo/WorkFlow Listing Page/Ref No Set Text'

2018-12-14 10:50:31 - [MESSAGE][PASSED] - Text 'CUN122018C200001762' is set on object 'Object Repository/Final Object Repo/WorkFlow Listing Page/Ref No Set Text'

2018-12-14 10:50:31 - [TEST_STEP][PASSED] - delay: Delayed 2 second(s)

2018-12-14 10:50:33 - [MESSAGE][PASSED] - Delayed 2 second(s)

2018-12-14 10:50:33 - [TEST_STEP][PASSED] - click: Object: 'Object Repository/Final Object Repo/WorkFlow Listing Page/Search Ref No Search Button' is clicked on

2018-12-14 10:50:34 - [MESSAGE][PASSED] - Object: 'Object Repository/Final Object Repo/WorkFlow Listing Page/Search Ref No Search Button' is clicked on

2018-12-14 10:50:34 - [TEST_STEP][PASSED] - delay: Delayed 6 second(s)

2018-12-14 10:50:40 - [MESSAGE][PASSED] - Delayed 6 second(s)

2018-12-14 10:50:40 - [TEST_STEP][PASSED] - click: Object: 'Object Repository/Final Object Repo/WorkFlow Listing Page/Click Continue Tooltip' is clicked on

2018-12-14 10:50:41 - [MESSAGE][PASSED] - Object: 'Object Repository/Final Object Repo/WorkFlow Listing Page/Click Continue Tooltip' is clicked on

2018-12-14 10:50:41 - [TEST_STEP][PASSED] - delay: Delayed 5 second(s)

2018-12-14 10:50:46 - [MESSAGE][PASSED] - Delayed 5 second(s)

2018-12-14 10:50:46 - [TEST_STEP][PASSED] - doubleClick: Object: 'Object Repository/Final Object Repo/WorkFlow Listing Page/Workflow Found - Listing 1' is double clicked on

2018-12-14 10:50:46 - [MESSAGE][PASSED] - Object: 'Object Repository/Final Object Repo/WorkFlow Listing Page/Workflow Found - Listing 1' is double clicked on

2018-12-14 10:50:46 - [TEST_STEP][PASSED] - Statement - println(OwnerID): null

2018-12-14 10:50:46 - [TEST_STEP][PASSED] - Statement - OwnerID = com.kms.katalon.core.webui.keyword.WebUiBuiltInKeywords.getText(com.kms.katalon.core.testobject.ObjectRepository.findTestObject(Final Object Repo/WorkFlow Listing Page/Workflow Found - Listing 1), STOP_ON_FAILURE): Text of object 'Object Repository/Final Object Repo/WorkFlow Listing Page/Workflow Found - Listing 1' is: 'JOHORuo3'

2018-12-14 10:50:46 - [MESSAGE][PASSED] - Text of object 'Object Repository/Final Object Repo/WorkFlow Listing Page/Workflow Found - Listing 1' is: 'JOHORuo3'

2018-12-14 10:50:46 - [TEST_STEP][PASSED] - Statement - OwnerID = OwnerID.toLowerCase() + "@gmail.com": null

2018-12-14 10:50:46 - [TEST_STEP][PASSED] - Statement - println(OwnerID): null

2018-12-14 10:50:46 - [TEST_STEP][PASSED] - delay: Delayed 2 second(s)

2018-12-14 10:50:48 - [MESSAGE][PASSED] - Delayed 2 second(s)

2018-12-14 10:50:48 - [MESSAGE][PASSED] - Call Test Case 'Test Cases/Final Aug 2018 - PKS Automation/Common/Workflow Owner Finder' successfully

2018-12-14 10:50:48 - [TEST_STEP][PASSED] - delay: Delayed 1 second(s)

2018-12-14 10:50:49 - [MESSAGE][PASSED] - Delayed 1 second(s)

2018-12-14 10:50:49 - [TEST_STEP][PASSED] - navigateToUrl: Navigate to 'https://assist2-uat.perkeso.gov.my/c/portal/logout' successfully

2018-12-14 10:50:50 - [MESSAGE][PASSED] - Navigate to 'https://assist2-uat.perkeso.gov.my/c/portal/logout' successfully

2018-12-14 10:50:50 - [TEST_STEP][PASSED] - delay: Delayed 1 second(s)

2018-12-14 10:50:51 - [MESSAGE][PASSED] - Delayed 1 second(s)

2018-12-14 10:50:51 - [TEST_STEP][PASSED] - callTestCase: Call Test Case 'Test Cases/Final Aug 2018 - PKS Automation/Registration Module/Workflow/Login and Search Case For Workflow' successfully

2018-12-14 10:50:51 - [TEST_CASE][PASSED] - Test Cases/Final Aug 2018 - PKS Automation/Registration Module/Workflow/Login and Search Case For Workflow: Test Cases/Final Aug 2018 - PKS Automation/Registration Module/Workflow/Login and Search Case For Workflow

2018-12-14 10:50:51 - [TEST_STEP][PASSED] - navigateToUrl: Navigate to 'https://assist2-uat.perkeso.gov.my/login' successfully

2018-12-14 10:50:52 - [MESSAGE][PASSED] - Navigate to 'https://assist2-uat.perkeso.gov.my/login' successfully

2018-12-14 10:50:52 - [TEST_STEP][PASSED] - setText: Text 'johoruo3@gmail.com' is set on object 'Object Repository/Final Object Repo/Login Page/Internal User/Email Address'

2018-12-14 10:50:52 - [MESSAGE][PASSED] - Text 'johoruo3@gmail.com' is set on object 'Object Repository/Final Object Repo/Login Page/Internal User/Email Address'

2018-12-14 10:50:52 - [TEST_STEP][PASSED] - click: Object: 'Object Repository/Final Object Repo/Login Page/Internal User/Next Button' is clicked on

2018-12-14 10:50:52 - [MESSAGE][PASSED] - Object: 'Object Repository/Final Object Repo/Login Page/Internal User/Next Button' is clicked on

2018-12-14 10:50:52 - [TEST_STEP][PASSED] - delay: Delayed 1 second(s)

2018-12-14 10:50:53 - [MESSAGE][PASSED] - Delayed 1 second(s)

2018-12-14 10:50:53 - [TEST_STEP][PASSED] - setEncryptedText: Text ****** has been set on object 'Object Repository/Final Object Repo/Login Page/Internal User/Password'

2018-12-14 10:50:53 - [MESSAGE][PASSED] - Text ****** has been set on object 'Object Repository/Final Object Repo/Login Page/Internal User/Password'

2018-12-14 10:50:53 - [TEST_STEP][PASSED] - click: Object: 'Object Repository/Final Object Repo/Login Page/Internal User/Login Button' is clicked on

2018-12-14 10:50:54 - [MESSAGE][PASSED] - Object: 'Object Repository/Final Object Repo/Login Page/Internal User/Login Button' is clicked on

2018-12-14 10:50:54 - [TEST_STEP][PASSED] - delay: Delayed 2 second(s)

2018-12-14 10:50:56 - [MESSAGE][PASSED] - Delayed 2 second(s)

2018-12-14 10:50:56 - [TEST_STEP][PASSED] - Statement - Try: Delayed 2 second(s)

2018-12-14 10:50:56 - [TEST_STEP][PASSED] - Statement - Checker = false: null

2018-12-14 10:50:56 - [TEST_STEP][PASSED] - Statement - Checker = com.kms.katalon.core.webui.keyword.WebUiBuiltInKeywords.verifyElementHasAttribute(com.kms.katalon.core.testobject.ObjectRepository.findTestObject(Final Object Repo/Landing Page/BM Detecting), "href", 20, OPTIONAL): Object 'Object Repository/Final Object Repo/Landing Page/BM Detecting' has attribute 'href'

2018-12-14 10:50:56 - [MESSAGE][PASSED] - Object 'Object Repository/Final Object Repo/Landing Page/BM Detecting' has attribute 'href'

2018-12-14 10:50:56 - [TEST_STEP][PASSED] - Statement - out.println(Checker): null

2018-12-14 10:50:56 - [TEST_STEP][PASSED] - Statement - If (Checker == false): null

2018-12-14 10:50:56 - [TEST_STEP][PASSED] - Statement - Else: null

2018-12-14 10:50:56 - [TEST_STEP][PASSED] - delay: Delayed 2 second(s)

2018-12-14 10:50:58 - [MESSAGE][PASSED] - Delayed 2 second(s)

2018-12-14 10:50:58 - [TEST_STEP][PASSED] - click: Object: 'Object Repository/Final Object Repo/Page_MyASSIST - ASSIST - Search Pending Case For Add Supporting Document/Search Information' is clicked on

2018-12-14 10:50:58 - [MESSAGE][PASSED] - Object: 'Object Repository/Final Object Repo/Page_MyASSIST - ASSIST - Search Pending Case For Add Supporting Document/Search Information' is clicked on

2018-12-14 10:50:58 - [TEST_STEP][PASSED] - delay: Delayed 3 second(s)

2018-12-14 10:51:01 - [MESSAGE][PASSED] - Delayed 3 second(s)

2018-12-14 10:51:01 - [TEST_STEP][PASSED] - sendKeys: Keys 'CUN122018C200001762' sent to object: 'Object Repository/Final Object Repo/Page_MyASSIST - ASSIST - Search Pending Case For Add Supporting Document/Reference No'

2018-12-14 10:51:01 - [MESSAGE][PASSED] - Keys 'CUN122018C200001762' sent to object: 'Object Repository/Final Object Repo/Page_MyASSIST - ASSIST - Search Pending Case For Add Supporting Document/Reference No'

2018-12-14 10:51:01 - [TEST_STEP][PASSED] - click: Object: 'Object Repository/Final Object Repo/Page_MyASSIST - ASSIST - Search Pending Case For Add Supporting Document/Search Reference No' is clicked on

2018-12-14 10:51:01 - [MESSAGE][PASSED] - Object: 'Object Repository/Final Object Repo/Page_MyASSIST - ASSIST - Search Pending Case For Add Supporting Document/Search Reference No' is clicked on

2018-12-14 10:51:01 - [TEST_STEP][PASSED] - delay: Delayed 2 second(s)

2018-12-14 10:51:03 - [MESSAGE][PASSED] - Delayed 2 second(s)

2018-12-14 10:51:03 - [TEST_STEP][PASSED] - click: Object: 'Object Repository/Final Object Repo/Page_MyASSIST - ASSIST - Search Pending Case For Add Supporting Document/Continue' is clicked on

2018-12-14 10:51:06 - [MESSAGE][PASSED] - Object: 'Object Repository/Final Object Repo/Page_MyASSIST - ASSIST - Search Pending Case For Add Supporting Document/Continue' is clicked on

2018-12-14 10:51:06 - [TEST_STEP][PASSED] - delay: Delayed 20 second(s)

2018-12-14 10:51:26 - [MESSAGE][PASSED] - Delayed 20 second(s)

2018-12-14 10:51:26 - [MESSAGE][PASSED] - Call Test Case 'Test Cases/Final Aug 2018 - PKS Automation/Registration Module/Workflow/Login and Search Case For Workflow' successfully

2018-12-14 10:51:26 - [TEST_STEP][PASSED] - click: Object: 'Object Repository/Final Object Repo/Page_Form 1A - Cessation As Employer/Page_Form 1A - Cessation As Employer (Approve)/Save  Continue in Form 1A Page' is clicked on

2018-12-14 10:51:27 - [MESSAGE][PASSED] - Object: 'Object Repository/Final Object Repo/Page_Form 1A - Cessation As Employer/Page_Form 1A - Cessation As Employer (Approve)/Save  Continue in Form 1A Page' is clicked on

2018-12-14 10:51:27 - [TEST_STEP][PASSED] - delay: Delayed 2 second(s)

2018-12-14 10:51:29 - [MESSAGE][PASSED] - Delayed 2 second(s)

2018-12-14 10:51:29 - [TEST_STEP][PASSED] - click: Object: 'Object Repository/Final Object Repo/Page_Form 1A - Cessation As Employer/Employment Resign Date' is clicked on

2018-12-14 10:51:29 - [MESSAGE][PASSED] - Object: 'Object Repository/Final Object Repo/Page_Form 1A - Cessation As Employer/Employment Resign Date' is clicked on

2018-12-14 10:51:29 - [TEST_STEP][PASSED] - delay: Delayed 1 second(s)

2018-12-14 10:51:30 - [MESSAGE][PASSED] - Delayed 1 second(s)

2018-12-14 10:51:30 - [TEST_STEP][PASSED] - selectOptionByValue: All options with value '2030' are selected in object 'Object Repository/Final Object Repo/Page_Form 1A - Cessation As Employer/Employment Resign Date - Year' 

2018-12-14 10:51:30 - [MESSAGE][PASSED] - All options with value '2030' are selected in object 'Object Repository/Final Object Repo/Page_Form 1A - Cessation As Employer/Employment Resign Date - Year' 

2018-12-14 10:51:30 - [TEST_STEP][PASSED] - delay: Delayed 1 second(s)

2018-12-14 10:51:31 - [MESSAGE][PASSED] - Delayed 1 second(s)

2018-12-14 10:51:31 - [TEST_STEP][PASSED] - click: Object: 'Object Repository/Final Object Repo/Page_Form 1A - Cessation As Employer/Employment Resign Date - Year - Date' is clicked on

2018-12-14 10:51:31 - [MESSAGE][PASSED] - Object: 'Object Repository/Final Object Repo/Page_Form 1A - Cessation As Employer/Employment Resign Date - Year - Date' is clicked on

2018-12-14 10:51:31 - [TEST_STEP][PASSED] - delay: Delayed 2 second(s)

2018-12-14 10:51:33 - [MESSAGE][PASSED] - Delayed 2 second(s)

2018-12-14 10:51:33 - [TEST_STEP][PASSED] - click: Object: 'Object Repository/Final Object Repo/Page_Form 1A - Cessation As Employer/Page_Form 1A - Cessation As Employer (Approve)/Save  Continue in Update Add Employee Resigned Date Page' is clicked on

2018-12-14 10:51:34 - [MESSAGE][PASSED] - Object: 'Object Repository/Final Object Repo/Page_Form 1A - Cessation As Employer/Page_Form 1A - Cessation As Employer (Approve)/Save  Continue in Update Add Employee Resigned Date Page' is clicked on

2018-12-14 10:51:34 - [TEST_STEP][PASSED] - delay: Delayed 2 second(s)

2018-12-14 10:51:36 - [MESSAGE][PASSED] - Delayed 2 second(s)

2018-12-14 10:51:36 - [TEST_STEP][PASSED] - click: Object: 'Object Repository/Final Object Repo/Page_Form 1A - Cessation As Employer/Set Latest - Yes' is clicked on

2018-12-14 10:51:36 - [MESSAGE][PASSED] - Object: 'Object Repository/Final Object Repo/Page_Form 1A - Cessation As Employer/Set Latest - Yes' is clicked on

2018-12-14 10:51:36 - [TEST_STEP][PASSED] - delay: Delayed 2 second(s)

2018-12-14 10:51:38 - [MESSAGE][PASSED] - Delayed 2 second(s)

2018-12-14 10:51:38 - [TEST_STEP][PASSED] - click: Object: 'Object Repository/Final Object Repo/Page_Form 1A - Cessation As Employer/Page_Form 1A - Cessation As Employer (Approve)/Save  Contine in Uploading Document Page' is clicked on

2018-12-14 10:51:39 - [MESSAGE][PASSED] - Object: 'Object Repository/Final Object Repo/Page_Form 1A - Cessation As Employer/Page_Form 1A - Cessation As Employer (Approve)/Save  Contine in Uploading Document Page' is clicked on

2018-12-14 10:51:39 - [TEST_STEP][PASSED] - delay: Delayed 2 second(s)

2018-12-14 10:51:41 - [MESSAGE][PASSED] - Delayed 2 second(s)

2018-12-14 10:51:41 - [TEST_STEP][PASSED] - click: Object: 'Object Repository/Final Object Repo/Page_Form 1A - Cessation As Employer/Page_Form 1A - Cessation As Employer (Approve)/Approve' is clicked on

2018-12-14 10:51:44 - [MESSAGE][PASSED] - Object: 'Object Repository/Final Object Repo/Page_Form 1A - Cessation As Employer/Page_Form 1A - Cessation As Employer (Approve)/Approve' is clicked on

2018-12-14 10:51:44 - [TEST_STEP][PASSED] - delay: Delayed 2 second(s)

2018-12-14 10:51:46 - [MESSAGE][PASSED] - Delayed 2 second(s)

2018-12-14 10:51:46 - [TEST_STEP][PASSED] - click: Object: 'Object Repository/Final Object Repo/Page_Form 1A - Cessation As Employer/Confirm' is clicked on

2018-12-14 10:51:46 - [MESSAGE][PASSED] - Object: 'Object Repository/Final Object Repo/Page_Form 1A - Cessation As Employer/Confirm' is clicked on

2018-12-14 10:51:46 - [TEST_STEP][PASSED] - delay: Delayed 2 second(s)

2018-12-14 10:51:48 - [MESSAGE][PASSED] - Delayed 2 second(s)

2018-12-14 10:51:48 - [TEST_STEP][PASSED] - click: Object: 'Object Repository/Final Object Repo/Page_Form 1A - Cessation As Employer/Page_Form 1A - Cessation As Employer (Approve)/Message Your Request    Form 1A ' is clicked on

2018-12-14 10:51:55 - [MESSAGE][PASSED] - Object: 'Object Repository/Final Object Repo/Page_Form 1A - Cessation As Employer/Page_Form 1A - Cessation As Employer (Approve)/Message Your Request    Form 1A ' is clicked on

2018-12-14 10:51:55 - [TEST_STEP][PASSED] - delay: Delayed 2 second(s)

2018-12-14 10:51:57 - [MESSAGE][PASSED] - Delayed 2 second(s)

2018-12-14 10:51:57 - [TEST_STEP][PASSED] - click: Object: 'Object Repository/Final Object Repo/Page_Form 1A - Cessation As Employer/Page_Form 1A - Cessation As Employer (Approve)/Letter of successful update' is clicked on

2018-12-14 10:51:57 - [MESSAGE][PASSED] - Object: 'Object Repository/Final Object Repo/Page_Form 1A - Cessation As Employer/Page_Form 1A - Cessation As Employer (Approve)/Letter of successful update' is clicked on

2018-12-14 10:51:57 - [MESSAGE][PASSED] - Call Test Case 'Test Cases/Final Aug 2018 - PKS Automation/Registration Module/Workflow/Form 1A - Cessation As Employer/Template/Form 1 A - Cessation As Employer (Approve)' successfully]]></system-out>
         <system-err><![CDATA[]]></system-err>
      </testcase>
      <testcase name="Test Cases/Final Aug 2018 - PKS Automation/Registration Module/Workflow/Form 1A - Cessation As Employer/PKRBO to UO (Under enforcement)" classname="Test Cases/Final Aug 2018 - PKS Automation/Registration Module/Workflow/Form 1A - Cessation As Employer/PKRBO to UO (Under enforcement)" status="PASSED">
         <system-out><![CDATA[2018-12-14 10:51:57 - [TEST_CASE][PASSED] - Test Cases/Final Aug 2018 - PKS Automation/Registration Module/Workflow/Form 1A - Cessation As Employer/PKRBO to UO (Under enforcement): Test Cases/Final Aug 2018 - PKS Automation/Registration Module/Workflow/Form 1A - Cessation As Employer/PKRBO to UO (Under enforcement)

2018-12-14 10:51:58 - [TEST_STEP][PASSED] - callTestCase: Call Test Case 'Test Cases/Final Aug 2018 - PKS Automation/Registration Module/Workflow/Form 1A - Cessation As Employer/Template/Form 1 A - Cessation As Employer (PKRBO)' successfully

2018-12-14 10:51:58 - [TEST_CASE][PASSED] - Test Cases/Final Aug 2018 - PKS Automation/Registration Module/Workflow/Form 1A - Cessation As Employer/Template/Form 1 A - Cessation As Employer (PKRBO): Test Cases/Final Aug 2018 - PKS Automation/Registration Module/Workflow/Form 1A - Cessation As Employer/Template/Form 1 A - Cessation As Employer (PKRBO)

2018-12-14 10:51:58 - [TEST_STEP][PASSED] - openBrowser: Browser is opened with url: ''

2018-12-14 10:51:58 - [MESSAGE][WARNING] - A browser is already opened. Closing browser and opening a new one

2018-12-14 10:52:03 - [MESSAGE][PASSED] - Browser is opened with url: ''

2018-12-14 10:52:03 - [TEST_STEP][PASSED] - navigateToUrl: Navigate to 'https://assist2-uat.perkeso.gov.my/login' successfully

2018-12-14 10:52:04 - [MESSAGE][PASSED] - Navigate to 'https://assist2-uat.perkeso.gov.my/login' successfully

2018-12-14 10:52:04 - [TEST_STEP][PASSED] - setText: Text 'johorpkrbo1@gmail.com' is set on object 'Object Repository/Final Object Repo/Login Page/Internal User/Email Address'

2018-12-14 10:52:04 - [MESSAGE][PASSED] - Text 'johorpkrbo1@gmail.com' is set on object 'Object Repository/Final Object Repo/Login Page/Internal User/Email Address'

2018-12-14 10:52:04 - [TEST_STEP][PASSED] - click: Object: 'Object Repository/Final Object Repo/Login Page/Internal User/Next Button' is clicked on

2018-12-14 10:52:05 - [MESSAGE][PASSED] - Object: 'Object Repository/Final Object Repo/Login Page/Internal User/Next Button' is clicked on

2018-12-14 10:52:05 - [TEST_STEP][PASSED] - delay: Delayed 1 second(s)

2018-12-14 10:52:06 - [MESSAGE][PASSED] - Delayed 1 second(s)

2018-12-14 10:52:06 - [TEST_STEP][PASSED] - setEncryptedText: Text ****** has been set on object 'Object Repository/Final Object Repo/Login Page/Internal User/Password'

2018-12-14 10:52:06 - [MESSAGE][PASSED] - Text ****** has been set on object 'Object Repository/Final Object Repo/Login Page/Internal User/Password'

2018-12-14 10:52:06 - [TEST_STEP][PASSED] - click: Object: 'Object Repository/Final Object Repo/Login Page/Internal User/Login Button' is clicked on

2018-12-14 10:52:06 - [MESSAGE][PASSED] - Object: 'Object Repository/Final Object Repo/Login Page/Internal User/Login Button' is clicked on

2018-12-14 10:52:06 - [TEST_STEP][PASSED] - delay: Delayed 1 second(s)

2018-12-14 10:52:07 - [MESSAGE][PASSED] - Delayed 1 second(s)

2018-12-14 10:52:07 - [TEST_STEP][PASSED] - Statement - Try: Delayed 2 second(s)

2018-12-14 10:52:07 - [TEST_STEP][PASSED] - Statement - Checker = false: null

2018-12-14 10:52:07 - [TEST_STEP][PASSED] - Statement - Checker = com.kms.katalon.core.webui.keyword.WebUiBuiltInKeywords.verifyElementHasAttribute(com.kms.katalon.core.testobject.ObjectRepository.findTestObject(Final Object Repo/Landing Page/BM Detecting), "href", 20, OPTIONAL): Object 'Object Repository/Final Object Repo/Landing Page/BM Detecting' has attribute 'href'

2018-12-14 10:52:08 - [MESSAGE][PASSED] - Object 'Object Repository/Final Object Repo/Landing Page/BM Detecting' has attribute 'href'

2018-12-14 10:52:08 - [TEST_STEP][PASSED] - Statement - out.println(Checker): null

2018-12-14 10:52:08 - [TEST_STEP][PASSED] - Statement - If (Checker == false): null

2018-12-14 10:52:08 - [TEST_STEP][PASSED] - Statement - Else: null

2018-12-14 10:52:08 - [TEST_STEP][PASSED] - delay: Delayed 2 second(s)

2018-12-14 10:52:10 - [MESSAGE][PASSED] - Delayed 2 second(s)

2018-12-14 10:52:10 - [TEST_STEP][PASSED] - navigateToUrl: Navigate to 'https://assist2-uat.perkeso.gov.my/web/registration/update/form-1a-cessation-as-employer-discontinue-business-' successfully

2018-12-14 10:52:11 - [MESSAGE][PASSED] - Navigate to 'https://assist2-uat.perkeso.gov.my/web/registration/update/form-1a-cessation-as-employer-discontinue-business-' successfully

2018-12-14 10:52:11 - [TEST_STEP][PASSED] - setText: Text 'E1102069770Z' is set on object 'Object Repository/Final Object Repo/Page_Update Employer Information/Employer Code'

2018-12-14 10:52:11 - [MESSAGE][PASSED] - Text 'E1102069770Z' is set on object 'Object Repository/Final Object Repo/Page_Update Employer Information/Employer Code'

2018-12-14 10:52:11 - [TEST_STEP][PASSED] - click: Object: 'Object Repository/Final Object Repo/Page_Update Employer Information/Search Button' is clicked on

2018-12-14 10:52:12 - [MESSAGE][PASSED] - Object: 'Object Repository/Final Object Repo/Page_Update Employer Information/Search Button' is clicked on

2018-12-14 10:52:12 - [TEST_STEP][PASSED] - click: Object: 'Object Repository/Final Object Repo/Page_Update Employer Information/Edit Button' is clicked on

2018-12-14 10:52:15 - [MESSAGE][PASSED] - Object: 'Object Repository/Final Object Repo/Page_Update Employer Information/Edit Button' is clicked on

2018-12-14 10:52:15 - [TEST_STEP][PASSED] - Statement - abc = com.kms.katalon.core.webui.keyword.WebUiBuiltInKeywords.getAttribute(com.kms.katalon.core.testobject.ObjectRepository.findTestObject(Final Object Repo/Page_Form 1A - Cessation As Employer/Employer Status), "value"): Attribute 'value' of object 'Object Repository/Final Object Repo/Page_Form 1A - Cessation As Employer/Employer Status' is: 'Dormant'

2018-12-14 10:52:15 - [MESSAGE][PASSED] - Attribute 'value' of object 'Object Repository/Final Object Repo/Page_Form 1A - Cessation As Employer/Employer Status' is: 'Dormant'

2018-12-14 10:52:15 - [TEST_STEP][PASSED] - Statement - out.println(abc): null

2018-12-14 10:52:15 - [TEST_STEP][PASSED] - Statement - If (abc == "Active"): null

2018-12-14 10:52:15 - [TEST_STEP][PASSED] - Statement - Else If (abc == "Cancel"): null

2018-12-14 10:52:15 - [TEST_STEP][PASSED] - Statement - Else If (abc == "Dormant"): Object: 'Object Repository/Final Object Repo/Page_Form 1A - Cessation As Employer/Change Employer Status to - Dormant' is clicked on

2018-12-14 10:52:15 - [TEST_STEP][PASSED] - click: Object: 'Object Repository/Final Object Repo/Page_Form 1A - Cessation As Employer/Change Employer Status to' is clicked on

2018-12-14 10:52:15 - [MESSAGE][PASSED] - Object: 'Object Repository/Final Object Repo/Page_Form 1A - Cessation As Employer/Change Employer Status to' is clicked on

2018-12-14 10:52:15 - [TEST_STEP][PASSED] - click: Object: 'Object Repository/Final Object Repo/Page_Form 1A - Cessation As Employer/Change Employer Status to - Dormant' is clicked on

2018-12-14 10:52:15 - [MESSAGE][PASSED] - Object: 'Object Repository/Final Object Repo/Page_Form 1A - Cessation As Employer/Change Employer Status to - Dormant' is clicked on

2018-12-14 10:52:15 - [TEST_STEP][PASSED] - click: Object: 'Object Repository/Final Object Repo/Page_Form 1A - Cessation As Employer/Calender' is clicked on

2018-12-14 10:52:15 - [MESSAGE][PASSED] - Object: 'Object Repository/Final Object Repo/Page_Form 1A - Cessation As Employer/Calender' is clicked on

2018-12-14 10:52:15 - [TEST_STEP][PASSED] - click: Object: 'Object Repository/Final Object Repo/Page_Form 1A - Cessation As Employer/Calender - Date' is clicked on

2018-12-14 10:52:16 - [MESSAGE][PASSED] - Object: 'Object Repository/Final Object Repo/Page_Form 1A - Cessation As Employer/Calender - Date' is clicked on

2018-12-14 10:52:16 - [TEST_STEP][PASSED] - delay: Delayed 2 second(s)

2018-12-14 10:52:18 - [MESSAGE][PASSED] - Delayed 2 second(s)

2018-12-14 10:52:18 - [TEST_STEP][PASSED] - click: Object: 'Object Repository/Final Object Repo/Page_Form 1A - Cessation As Employer/Save  Continue in Form 1A Page' is clicked on

2018-12-14 10:52:18 - [MESSAGE][PASSED] - Object: 'Object Repository/Final Object Repo/Page_Form 1A - Cessation As Employer/Save  Continue in Form 1A Page' is clicked on

2018-12-14 10:52:18 - [TEST_STEP][PASSED] - delay: Delayed 2 second(s)

2018-12-14 10:52:20 - [MESSAGE][PASSED] - Delayed 2 second(s)

2018-12-14 10:52:20 - [TEST_STEP][PASSED] - click: Object: 'Object Repository/Final Object Repo/Page_Form 1A - Cessation As Employer/Employment Resign Date' is clicked on

2018-12-14 10:52:22 - [MESSAGE][PASSED] - Object: 'Object Repository/Final Object Repo/Page_Form 1A - Cessation As Employer/Employment Resign Date' is clicked on

2018-12-14 10:52:22 - [TEST_STEP][PASSED] - delay: Delayed 1 second(s)

2018-12-14 10:52:23 - [MESSAGE][PASSED] - Delayed 1 second(s)

2018-12-14 10:52:23 - [TEST_STEP][PASSED] - Statement - CaseReferenceNo = com.kms.katalon.core.webui.keyword.WebUiBuiltInKeywords.getText(com.kms.katalon.core.testobject.ObjectRepository.findTestObject(Final Object Repo/Page_Update Employer Information/Reference Number in Update Employee Information Page)): Text of object 'Object Repository/Final Object Repo/Page_Update Employer Information/Reference Number in Update Employee Information Page' is: 'CUN122018C200001763'

2018-12-14 10:52:23 - [MESSAGE][PASSED] - Text of object 'Object Repository/Final Object Repo/Page_Update Employer Information/Reference Number in Update Employee Information Page' is: 'CUN122018C200001763'

2018-12-14 10:52:23 - [TEST_STEP][PASSED] - Statement - out.println(CaseReferenceNo): null

2018-12-14 10:52:23 - [TEST_STEP][PASSED] - callTestCase: Call Test Case 'Test Cases/Final Aug 2018 - PKS Automation/Common/Reference Number Setter' successfully

2018-12-14 10:52:23 - [TEST_CASE][PASSED] - Test Cases/Final Aug 2018 - PKS Automation/Common/Reference Number Setter: Test Cases/Final Aug 2018 - PKS Automation/Common/Reference Number Setter

2018-12-14 10:52:23 - [TEST_STEP][PASSED] - Statement - RefNoOldFile = new java.io.File(C://Users//Admin//Desktop//PKS//Automation Reference Point//KatalonReference.txt): null

2018-12-14 10:52:23 - [TEST_STEP][PASSED] - Statement - RefNoOldFile.delete(): null

2018-12-14 10:52:23 - [TEST_STEP][PASSED] - delay: Delayed 5 second(s)

2018-12-14 10:52:28 - [MESSAGE][PASSED] - Delayed 5 second(s)

2018-12-14 10:52:28 - [TEST_STEP][PASSED] - Statement - RefNo = new java.io.File(C://Users//Admin//Desktop//PKS//Automation Reference Point//KatalonReference.txt): null

2018-12-14 10:52:28 - [TEST_STEP][PASSED] - Statement - f2 = new java.io.FileWriter(RefNo, false): null

2018-12-14 10:52:28 - [TEST_STEP][PASSED] - Statement - f2.write(CaseReferenceNo): null

2018-12-14 10:52:28 - [TEST_STEP][PASSED] - Statement - f2.close(): null

2018-12-14 10:52:28 - [TEST_STEP][PASSED] - Statement - out.println("


" + CaseReferenceNo + "


"): null

2018-12-14 10:52:28 - [MESSAGE][PASSED] - Call Test Case 'Test Cases/Final Aug 2018 - PKS Automation/Common/Reference Number Setter' successfully

2018-12-14 10:52:28 - [TEST_STEP][PASSED] - selectOptionByValue: All options with value '2030' are selected in object 'Object Repository/Final Object Repo/Page_Form 1A - Cessation As Employer/Employment Resign Date - Year' 

2018-12-14 10:52:28 - [MESSAGE][PASSED] - All options with value '2030' are selected in object 'Object Repository/Final Object Repo/Page_Form 1A - Cessation As Employer/Employment Resign Date - Year' 

2018-12-14 10:52:28 - [TEST_STEP][PASSED] - delay: Delayed 1 second(s)

2018-12-14 10:52:29 - [MESSAGE][PASSED] - Delayed 1 second(s)

2018-12-14 10:52:29 - [TEST_STEP][PASSED] - click: Object: 'Object Repository/Final Object Repo/Page_Form 1A - Cessation As Employer/Employment Resign Date - Year - Date' is clicked on

2018-12-14 10:52:30 - [MESSAGE][PASSED] - Object: 'Object Repository/Final Object Repo/Page_Form 1A - Cessation As Employer/Employment Resign Date - Year - Date' is clicked on

2018-12-14 10:52:30 - [TEST_STEP][PASSED] - delay: Delayed 2 second(s)

2018-12-14 10:52:32 - [MESSAGE][PASSED] - Delayed 2 second(s)

2018-12-14 10:52:32 - [TEST_STEP][PASSED] - click: Object: 'Object Repository/Final Object Repo/Page_Form 1A - Cessation As Employer/Save  Continue in Update Add Employee Resigned Date Page' is clicked on

2018-12-14 10:52:32 - [MESSAGE][PASSED] - Object: 'Object Repository/Final Object Repo/Page_Form 1A - Cessation As Employer/Save  Continue in Update Add Employee Resigned Date Page' is clicked on

2018-12-14 10:52:32 - [TEST_STEP][PASSED] - delay: Delayed 2 second(s)

2018-12-14 10:52:34 - [MESSAGE][PASSED] - Delayed 2 second(s)

2018-12-14 10:52:34 - [TEST_STEP][PASSED] - click: Object: 'Object Repository/Final Object Repo/Page_Form 1A - Cessation As Employer/Set Latest - Yes' is clicked on

2018-12-14 10:52:34 - [MESSAGE][PASSED] - Object: 'Object Repository/Final Object Repo/Page_Form 1A - Cessation As Employer/Set Latest - Yes' is clicked on

2018-12-14 10:52:34 - [TEST_STEP][PASSED] - delay: Delayed 2 second(s)

2018-12-14 10:52:36 - [MESSAGE][PASSED] - Delayed 2 second(s)

2018-12-14 10:52:36 - [TEST_STEP][PASSED] - click: Object: 'Object Repository/Final Object Repo/Page_Form 1A - Cessation As Employer/Add Document' is clicked on

2018-12-14 10:52:37 - [MESSAGE][PASSED] - Object: 'Object Repository/Final Object Repo/Page_Form 1A - Cessation As Employer/Add Document' is clicked on

2018-12-14 10:52:37 - [TEST_STEP][PASSED] - delay: Delayed 2 second(s)

2018-12-14 10:52:39 - [MESSAGE][PASSED] - Delayed 2 second(s)

2018-12-14 10:52:39 - [TEST_STEP][PASSED] - click: Object: 'Object Repository/Final Object Repo/Page_Form 1A - Cessation As Employer/Document Type' is clicked on

2018-12-14 10:52:40 - [MESSAGE][PASSED] - Object: 'Object Repository/Final Object Repo/Page_Form 1A - Cessation As Employer/Document Type' is clicked on

2018-12-14 10:52:40 - [TEST_STEP][PASSED] - delay: Delayed 2 second(s)

2018-12-14 10:52:42 - [MESSAGE][PASSED] - Delayed 2 second(s)

2018-12-14 10:52:42 - [TEST_STEP][PASSED] - click: Object: 'Object Repository/Final Object Repo/Page_Form 1A - Cessation As Employer/Document Type - Supporting Document For Cessation' is clicked on

2018-12-14 10:52:42 - [MESSAGE][PASSED] - Object: 'Object Repository/Final Object Repo/Page_Form 1A - Cessation As Employer/Document Type - Supporting Document For Cessation' is clicked on

2018-12-14 10:52:42 - [TEST_STEP][PASSED] - delay: Delayed 2 second(s)

2018-12-14 10:52:44 - [MESSAGE][PASSED] - Delayed 2 second(s)

2018-12-14 10:52:44 - [TEST_STEP][PASSED] - sendKeys: Keys 'C:\Users\Public\Pictures\Sample Pictures\Koala.jpg' sent to object: 'Object Repository/Final Object Repo/Page_Form 1A - Cessation As Employer/Uploading File'

2018-12-14 10:52:44 - [MESSAGE][PASSED] - Keys 'C:\Users\Public\Pictures\Sample Pictures\Koala.jpg' sent to object: 'Object Repository/Final Object Repo/Page_Form 1A - Cessation As Employer/Uploading File'

2018-12-14 10:52:44 - [TEST_STEP][PASSED] - delay: Delayed 2 second(s)

2018-12-14 10:52:46 - [MESSAGE][PASSED] - Delayed 2 second(s)

2018-12-14 10:52:46 - [TEST_STEP][PASSED] - click: Object: 'Object Repository/Final Object Repo/Page_Form 1A - Cessation As Employer/Add Document in Uploading Page' is clicked on

2018-12-14 10:52:46 - [MESSAGE][PASSED] - Object: 'Object Repository/Final Object Repo/Page_Form 1A - Cessation As Employer/Add Document in Uploading Page' is clicked on

2018-12-14 10:52:46 - [TEST_STEP][PASSED] - delay: Delayed 15 second(s)

2018-12-14 10:53:01 - [MESSAGE][PASSED] - Delayed 15 second(s)

2018-12-14 10:53:01 - [TEST_STEP][PASSED] - click: Object: 'Object Repository/Final Object Repo/Page_Form 1A - Cessation As Employer/Save  Continue in Uploading Page' is clicked on

2018-12-14 10:53:02 - [MESSAGE][PASSED] - Object: 'Object Repository/Final Object Repo/Page_Form 1A - Cessation As Employer/Save  Continue in Uploading Page' is clicked on

2018-12-14 10:53:02 - [TEST_STEP][PASSED] - delay: Delayed 2 second(s)

2018-12-14 10:53:04 - [MESSAGE][PASSED] - Delayed 2 second(s)

2018-12-14 10:53:04 - [TEST_STEP][PASSED] - click: Object: 'Object Repository/Final Object Repo/Page_Form 1A - Cessation As Employer/Submit2' is clicked on

2018-12-14 10:53:06 - [MESSAGE][PASSED] - Object: 'Object Repository/Final Object Repo/Page_Form 1A - Cessation As Employer/Submit2' is clicked on

2018-12-14 10:53:06 - [TEST_STEP][PASSED] - delay: Delayed 2 second(s)

2018-12-14 10:53:08 - [MESSAGE][PASSED] - Delayed 2 second(s)

2018-12-14 10:53:08 - [TEST_STEP][PASSED] - click: Object: 'Object Repository/Final Object Repo/Page_Form 1A - Cessation As Employer/Confirm' is clicked on

2018-12-14 10:53:09 - [MESSAGE][PASSED] - Object: 'Object Repository/Final Object Repo/Page_Form 1A - Cessation As Employer/Confirm' is clicked on

2018-12-14 10:53:09 - [TEST_STEP][PASSED] - delay: Delayed 2 second(s)

2018-12-14 10:53:11 - [MESSAGE][PASSED] - Delayed 2 second(s)

2018-12-14 10:53:11 - [TEST_STEP][PASSED] - verifyElementVisible: Object 'Object Repository/Final Object Repo/Page_Form 1A - Cessation As Employer/Message Your Request will be routed to UO' is visible

2018-12-14 10:53:14 - [MESSAGE][PASSED] - Object 'Object Repository/Final Object Repo/Page_Form 1A - Cessation As Employer/Message Your Request will be routed to UO' is visible

2018-12-14 10:53:14 - [TEST_STEP][PASSED] - delay: Delayed 1 second(s)

2018-12-14 10:53:15 - [MESSAGE][PASSED] - Delayed 1 second(s)

2018-12-14 10:53:15 - [TEST_STEP][PASSED] - verifyElementVisible: Object 'Object Repository/Final Object Repo/Page_Form 1A - Cessation As Employer/Letter of acknowledgement' is visible

2018-12-14 10:53:15 - [MESSAGE][PASSED] - Object 'Object Repository/Final Object Repo/Page_Form 1A - Cessation As Employer/Letter of acknowledgement' is visible

2018-12-14 10:53:15 - [MESSAGE][PASSED] - Call Test Case 'Test Cases/Final Aug 2018 - PKS Automation/Registration Module/Workflow/Form 1A - Cessation As Employer/Template/Form 1 A - Cessation As Employer (PKRBO)' successfully

2018-12-14 10:53:15 - [TEST_STEP][PASSED] - callTestCase: Call Test Case 'Test Cases/Final Aug 2018 - PKS Automation/Registration Module/Workflow/Form 1A - Cessation As Employer/Template/Form 1 A - Cessation As Employer (Under enforcement)' successfully

2018-12-14 10:53:15 - [TEST_CASE][PASSED] - Test Cases/Final Aug 2018 - PKS Automation/Registration Module/Workflow/Form 1A - Cessation As Employer/Template/Form 1 A - Cessation As Employer (Under enforcement): Test Cases/Final Aug 2018 - PKS Automation/Registration Module/Workflow/Form 1A - Cessation As Employer/Template/Form 1 A - Cessation As Employer (Under enforcement)

2018-12-14 10:53:15 - [TEST_STEP][NOT_RUN] - callTestCase: NOT_RUN: callTestCase

2018-12-14 10:53:15 - [MESSAGE][NOT_RUN] - NOT_RUN: callTestCase

2018-12-14 10:53:15 - [TEST_STEP][PASSED] - delay: Delayed 1 second(s)

2018-12-14 10:53:16 - [MESSAGE][PASSED] - Delayed 1 second(s)

2018-12-14 10:53:16 - [TEST_STEP][PASSED] - navigateToUrl: Navigate to 'https://assist2-uat.perkeso.gov.my/c/portal/logout' successfully

2018-12-14 10:53:17 - [MESSAGE][PASSED] - Navigate to 'https://assist2-uat.perkeso.gov.my/c/portal/logout' successfully

2018-12-14 10:53:17 - [TEST_STEP][PASSED] - delay: Delayed 1 second(s)

2018-12-14 10:53:18 - [MESSAGE][PASSED] - Delayed 1 second(s)

2018-12-14 10:53:18 - [TEST_STEP][PASSED] - callTestCase: Call Test Case 'Test Cases/Final Aug 2018 - PKS Automation/Common/Reference Number Getter' successfully

2018-12-14 10:53:18 - [TEST_CASE][PASSED] - Test Cases/Final Aug 2018 - PKS Automation/Common/Reference Number Getter: Test Cases/Final Aug 2018 - PKS Automation/Common/Reference Number Getter

2018-12-14 10:53:18 - [TEST_STEP][PASSED] - Statement - Try: null

2018-12-14 10:53:18 - [TEST_STEP][PASSED] - Statement - RefNo = new java.io.File(C://Users//Admin//Desktop//PKS//Automation Reference Point//KatalonReference.txt): null

2018-12-14 10:53:18 - [TEST_STEP][PASSED] - Statement - bufferread = new java.io.BufferedReader(new java.io.FileReader(RefNo)): null

2018-12-14 10:53:18 - [TEST_STEP][PASSED] - Statement - readedVal = bufferread.readLine(): null

2018-12-14 10:53:18 - [TEST_STEP][PASSED] - Statement - out.println(CaseReferenceNo): null

2018-12-14 10:53:18 - [TEST_STEP][PASSED] - Statement - out.println(readedVal): null

2018-12-14 10:53:18 - [TEST_STEP][PASSED] - Statement - CaseReferenceNo = "": null

2018-12-14 10:53:18 - [TEST_STEP][PASSED] - Statement - CaseReferenceNo = readedVal: null

2018-12-14 10:53:18 - [MESSAGE][PASSED] - Call Test Case 'Test Cases/Final Aug 2018 - PKS Automation/Common/Reference Number Getter' successfully

2018-12-14 10:53:18 - [TEST_STEP][PASSED] - callTestCase: Call Test Case 'Test Cases/Final Aug 2018 - PKS Automation/Common/Workflow Owner Finder' successfully

2018-12-14 10:53:18 - [TEST_CASE][PASSED] - Test Cases/Final Aug 2018 - PKS Automation/Common/Workflow Owner Finder: Test Cases/Final Aug 2018 - PKS Automation/Common/Workflow Owner Finder

2018-12-14 10:53:18 - [TEST_STEP][PASSED] - openBrowser: Browser is opened with url: ''

2018-12-14 10:53:18 - [MESSAGE][WARNING] - A browser is already opened. Closing browser and opening a new one

2018-12-14 10:53:22 - [MESSAGE][PASSED] - Browser is opened with url: ''

2018-12-14 10:53:22 - [TEST_STEP][PASSED] - navigateToUrl: Navigate to 'https://assist2-uat.perkeso.gov.my/login' successfully

2018-12-14 10:53:23 - [MESSAGE][PASSED] - Navigate to 'https://assist2-uat.perkeso.gov.my/login' successfully

2018-12-14 10:53:23 - [TEST_STEP][PASSED] - delay: Delayed 5 second(s)

2018-12-14 10:53:28 - [MESSAGE][PASSED] - Delayed 5 second(s)

2018-12-14 10:53:28 - [TEST_STEP][PASSED] - setText: Text 'test@liferay.com' is set on object 'Object Repository/Final Object Repo/Login Page/Internal User/Email Address'

2018-12-14 10:53:28 - [MESSAGE][PASSED] - Text 'test@liferay.com' is set on object 'Object Repository/Final Object Repo/Login Page/Internal User/Email Address'

2018-12-14 10:53:28 - [TEST_STEP][PASSED] - click: Object: 'Object Repository/Final Object Repo/Login Page/Internal User/Next Button' is clicked on

2018-12-14 10:53:29 - [MESSAGE][PASSED] - Object: 'Object Repository/Final Object Repo/Login Page/Internal User/Next Button' is clicked on

2018-12-14 10:53:29 - [TEST_STEP][PASSED] - delay: Delayed 2 second(s)

2018-12-14 10:53:31 - [MESSAGE][PASSED] - Delayed 2 second(s)

2018-12-14 10:53:31 - [TEST_STEP][PASSED] - setText: Text 'test' is set on object 'Object Repository/Final Object Repo/Login Page/Internal User/Password'

2018-12-14 10:53:31 - [MESSAGE][PASSED] - Text 'test' is set on object 'Object Repository/Final Object Repo/Login Page/Internal User/Password'

2018-12-14 10:53:31 - [TEST_STEP][PASSED] - delay: Delayed 2 second(s)

2018-12-14 10:53:33 - [MESSAGE][PASSED] - Delayed 2 second(s)

2018-12-14 10:53:33 - [TEST_STEP][PASSED] - click: Object: 'Object Repository/Final Object Repo/Login Page/Internal User/Login Button' is clicked on

2018-12-14 10:53:33 - [MESSAGE][PASSED] - Object: 'Object Repository/Final Object Repo/Login Page/Internal User/Login Button' is clicked on

2018-12-14 10:53:33 - [TEST_STEP][PASSED] - Statement - tester = com.kms.katalon.core.testobject.ObjectRepository.findTestObject(Final Object Repo/Landing Page/Select to English): Finding Test Object with id 'Object Repository/Final Object Repo/Landing Page/Select to English'

2018-12-14 10:53:33 - [TEST_STEP][PASSED] - Statement - Try: Delayed 2 second(s)

2018-12-14 10:53:33 - [TEST_STEP][PASSED] - Statement - Checker = com.kms.katalon.core.webui.keyword.WebUiBuiltInKeywords.verifyElementNotPresent(tester, 3): Web element with id: 'Object Repository/Final Object Repo/Landing Page/Select to English' located by 'By.xpath: //a[@class = 'taglib-language-list-text' and @lang = 'en-US' and (contains(text(), 'EN') or contains(., 'EN'))]' is not present after '3' second(s)

2018-12-14 10:53:36 - [MESSAGE][PASSED] - Web element with id: 'Object Repository/Final Object Repo/Landing Page/Select to English' located by 'By.xpath: //a[@class = 'taglib-language-list-text' and @lang = 'en-US' and (contains(text(), 'EN') or contains(., 'EN'))]' is not present after '3' second(s)

2018-12-14 10:53:36 - [TEST_STEP][PASSED] - Statement - If (Checker == false): null

2018-12-14 10:53:36 - [TEST_STEP][PASSED] - delay: Delayed 2 second(s)

2018-12-14 10:53:38 - [MESSAGE][PASSED] - Delayed 2 second(s)

2018-12-14 10:53:38 - [TEST_STEP][PASSED] - delay: Delayed 5 second(s)

2018-12-14 10:53:43 - [MESSAGE][PASSED] - Delayed 5 second(s)

2018-12-14 10:53:43 - [TEST_STEP][PASSED] - mouseOver: Object: 'Object Repository/Final Object Repo/Landing Page/WorkFlow Menu' is hovered

2018-12-14 10:53:43 - [MESSAGE][PASSED] - Object: 'Object Repository/Final Object Repo/Landing Page/WorkFlow Menu' is hovered

2018-12-14 10:53:43 - [TEST_STEP][PASSED] - delay: Delayed 2 second(s)

2018-12-14 10:53:45 - [MESSAGE][PASSED] - Delayed 2 second(s)

2018-12-14 10:53:45 - [TEST_STEP][PASSED] - click: Object: 'Object Repository/Final Object Repo/Landing Page/Select to Workflow Listing' is clicked on

2018-12-14 10:53:46 - [MESSAGE][PASSED] - Object: 'Object Repository/Final Object Repo/Landing Page/Select to Workflow Listing' is clicked on

2018-12-14 10:53:46 - [TEST_STEP][PASSED] - delay: Delayed 2 second(s)

2018-12-14 10:53:48 - [MESSAGE][PASSED] - Delayed 2 second(s)

2018-12-14 10:53:48 - [TEST_STEP][PASSED] - click: Object: 'Object Repository/Final Object Repo/WorkFlow Listing Page/Search Information - To Put Ref No' is clicked on

2018-12-14 10:53:48 - [MESSAGE][PASSED] - Object: 'Object Repository/Final Object Repo/WorkFlow Listing Page/Search Information - To Put Ref No' is clicked on

2018-12-14 10:53:48 - [TEST_STEP][PASSED] - delay: Delayed 2 second(s)

2018-12-14 10:53:50 - [MESSAGE][PASSED] - Delayed 2 second(s)

2018-12-14 10:53:50 - [TEST_STEP][PASSED] - callTestCase: Call Test Case 'Test Cases/Final Aug 2018 - PKS Automation/Common/Reference Number Getter' successfully

2018-12-14 10:53:50 - [TEST_CASE][PASSED] - Test Cases/Final Aug 2018 - PKS Automation/Common/Reference Number Getter: Test Cases/Final Aug 2018 - PKS Automation/Common/Reference Number Getter

2018-12-14 10:53:50 - [TEST_STEP][PASSED] - Statement - Try: null

2018-12-14 10:53:50 - [TEST_STEP][PASSED] - Statement - RefNo = new java.io.File(C://Users//Admin//Desktop//PKS//Automation Reference Point//KatalonReference.txt): null

2018-12-14 10:53:50 - [TEST_STEP][PASSED] - Statement - bufferread = new java.io.BufferedReader(new java.io.FileReader(RefNo)): null

2018-12-14 10:53:50 - [TEST_STEP][PASSED] - Statement - readedVal = bufferread.readLine(): null

2018-12-14 10:53:50 - [TEST_STEP][PASSED] - Statement - out.println(CaseReferenceNo): null

2018-12-14 10:53:50 - [TEST_STEP][PASSED] - Statement - out.println(readedVal): null

2018-12-14 10:53:50 - [TEST_STEP][PASSED] - Statement - CaseReferenceNo = "": null

2018-12-14 10:53:50 - [TEST_STEP][PASSED] - Statement - CaseReferenceNo = readedVal: null

2018-12-14 10:53:50 - [MESSAGE][PASSED] - Call Test Case 'Test Cases/Final Aug 2018 - PKS Automation/Common/Reference Number Getter' successfully

2018-12-14 10:53:50 - [TEST_STEP][PASSED] - setText: Text 'CUN122018C200001763' is set on object 'Object Repository/Final Object Repo/WorkFlow Listing Page/Ref No Set Text'

2018-12-14 10:53:51 - [MESSAGE][PASSED] - Text 'CUN122018C200001763' is set on object 'Object Repository/Final Object Repo/WorkFlow Listing Page/Ref No Set Text'

2018-12-14 10:53:51 - [TEST_STEP][PASSED] - delay: Delayed 2 second(s)

2018-12-14 10:53:53 - [MESSAGE][PASSED] - Delayed 2 second(s)

2018-12-14 10:53:53 - [TEST_STEP][PASSED] - click: Object: 'Object Repository/Final Object Repo/WorkFlow Listing Page/Search Ref No Search Button' is clicked on

2018-12-14 10:53:53 - [MESSAGE][PASSED] - Object: 'Object Repository/Final Object Repo/WorkFlow Listing Page/Search Ref No Search Button' is clicked on

2018-12-14 10:53:53 - [TEST_STEP][PASSED] - delay: Delayed 6 second(s)

2018-12-14 10:53:59 - [MESSAGE][PASSED] - Delayed 6 second(s)

2018-12-14 10:53:59 - [TEST_STEP][PASSED] - click: Object: 'Object Repository/Final Object Repo/WorkFlow Listing Page/Click Continue Tooltip' is clicked on

2018-12-14 10:54:00 - [MESSAGE][PASSED] - Object: 'Object Repository/Final Object Repo/WorkFlow Listing Page/Click Continue Tooltip' is clicked on

2018-12-14 10:54:00 - [TEST_STEP][PASSED] - delay: Delayed 5 second(s)

2018-12-14 10:54:05 - [MESSAGE][PASSED] - Delayed 5 second(s)

2018-12-14 10:54:05 - [TEST_STEP][PASSED] - doubleClick: Object: 'Object Repository/Final Object Repo/WorkFlow Listing Page/Workflow Found - Listing 1' is double clicked on

2018-12-14 10:54:05 - [MESSAGE][PASSED] - Object: 'Object Repository/Final Object Repo/WorkFlow Listing Page/Workflow Found - Listing 1' is double clicked on

2018-12-14 10:54:05 - [TEST_STEP][PASSED] - Statement - println(OwnerID): null

2018-12-14 10:54:05 - [TEST_STEP][PASSED] - Statement - OwnerID = com.kms.katalon.core.webui.keyword.WebUiBuiltInKeywords.getText(com.kms.katalon.core.testobject.ObjectRepository.findTestObject(Final Object Repo/WorkFlow Listing Page/Workflow Found - Listing 1), STOP_ON_FAILURE): Text of object 'Object Repository/Final Object Repo/WorkFlow Listing Page/Workflow Found - Listing 1' is: 'JOHORuo1'

2018-12-14 10:54:05 - [MESSAGE][PASSED] - Text of object 'Object Repository/Final Object Repo/WorkFlow Listing Page/Workflow Found - Listing 1' is: 'JOHORuo1'

2018-12-14 10:54:05 - [TEST_STEP][PASSED] - Statement - OwnerID = OwnerID.toLowerCase() + "@gmail.com": null

2018-12-14 10:54:05 - [TEST_STEP][PASSED] - Statement - println(OwnerID): null

2018-12-14 10:54:05 - [TEST_STEP][PASSED] - delay: Delayed 2 second(s)

2018-12-14 10:54:07 - [MESSAGE][PASSED] - Delayed 2 second(s)

2018-12-14 10:54:07 - [MESSAGE][PASSED] - Call Test Case 'Test Cases/Final Aug 2018 - PKS Automation/Common/Workflow Owner Finder' successfully

2018-12-14 10:54:07 - [TEST_STEP][PASSED] - delay: Delayed 1 second(s)

2018-12-14 10:54:08 - [MESSAGE][PASSED] - Delayed 1 second(s)

2018-12-14 10:54:08 - [TEST_STEP][PASSED] - navigateToUrl: Navigate to 'https://assist2-uat.perkeso.gov.my/c/portal/logout' successfully

2018-12-14 10:54:09 - [MESSAGE][PASSED] - Navigate to 'https://assist2-uat.perkeso.gov.my/c/portal/logout' successfully

2018-12-14 10:54:09 - [TEST_STEP][PASSED] - delay: Delayed 1 second(s)

2018-12-14 10:54:10 - [MESSAGE][PASSED] - Delayed 1 second(s)

2018-12-14 10:54:10 - [TEST_STEP][PASSED] - callTestCase: Call Test Case 'Test Cases/Final Aug 2018 - PKS Automation/Registration Module/Workflow/Login and Search Case For Workflow' successfully

2018-12-14 10:54:10 - [TEST_CASE][PASSED] - Test Cases/Final Aug 2018 - PKS Automation/Registration Module/Workflow/Login and Search Case For Workflow: Test Cases/Final Aug 2018 - PKS Automation/Registration Module/Workflow/Login and Search Case For Workflow

2018-12-14 10:54:10 - [TEST_STEP][PASSED] - navigateToUrl: Navigate to 'https://assist2-uat.perkeso.gov.my/login' successfully

2018-12-14 10:54:11 - [MESSAGE][PASSED] - Navigate to 'https://assist2-uat.perkeso.gov.my/login' successfully

2018-12-14 10:54:11 - [TEST_STEP][PASSED] - setText: Text 'johoruo1@gmail.com' is set on object 'Object Repository/Final Object Repo/Login Page/Internal User/Email Address'

2018-12-14 10:54:11 - [MESSAGE][PASSED] - Text 'johoruo1@gmail.com' is set on object 'Object Repository/Final Object Repo/Login Page/Internal User/Email Address'

2018-12-14 10:54:11 - [TEST_STEP][PASSED] - click: Object: 'Object Repository/Final Object Repo/Login Page/Internal User/Next Button' is clicked on

2018-12-14 10:54:11 - [MESSAGE][PASSED] - Object: 'Object Repository/Final Object Repo/Login Page/Internal User/Next Button' is clicked on

2018-12-14 10:54:11 - [TEST_STEP][PASSED] - delay: Delayed 1 second(s)

2018-12-14 10:54:12 - [MESSAGE][PASSED] - Delayed 1 second(s)

2018-12-14 10:54:12 - [TEST_STEP][PASSED] - setEncryptedText: Text ****** has been set on object 'Object Repository/Final Object Repo/Login Page/Internal User/Password'

2018-12-14 10:54:12 - [MESSAGE][PASSED] - Text ****** has been set on object 'Object Repository/Final Object Repo/Login Page/Internal User/Password'

2018-12-14 10:54:12 - [TEST_STEP][PASSED] - click: Object: 'Object Repository/Final Object Repo/Login Page/Internal User/Login Button' is clicked on

2018-12-14 10:54:12 - [MESSAGE][PASSED] - Object: 'Object Repository/Final Object Repo/Login Page/Internal User/Login Button' is clicked on

2018-12-14 10:54:12 - [TEST_STEP][PASSED] - delay: Delayed 2 second(s)

2018-12-14 10:54:14 - [MESSAGE][PASSED] - Delayed 2 second(s)

2018-12-14 10:54:14 - [TEST_STEP][PASSED] - Statement - Try: Delayed 2 second(s)

2018-12-14 10:54:14 - [TEST_STEP][PASSED] - Statement - Checker = false: null

2018-12-14 10:54:14 - [TEST_STEP][PASSED] - Statement - Checker = com.kms.katalon.core.webui.keyword.WebUiBuiltInKeywords.verifyElementHasAttribute(com.kms.katalon.core.testobject.ObjectRepository.findTestObject(Final Object Repo/Landing Page/BM Detecting), "href", 20, OPTIONAL): Object 'Object Repository/Final Object Repo/Landing Page/BM Detecting' has attribute 'href'

2018-12-14 10:54:18 - [MESSAGE][PASSED] - Object 'Object Repository/Final Object Repo/Landing Page/BM Detecting' has attribute 'href'

2018-12-14 10:54:18 - [TEST_STEP][PASSED] - Statement - out.println(Checker): null

2018-12-14 10:54:18 - [TEST_STEP][PASSED] - Statement - If (Checker == false): null

2018-12-14 10:54:18 - [TEST_STEP][PASSED] - Statement - Else: null

2018-12-14 10:54:18 - [TEST_STEP][PASSED] - delay: Delayed 2 second(s)

2018-12-14 10:54:20 - [MESSAGE][PASSED] - Delayed 2 second(s)

2018-12-14 10:54:20 - [TEST_STEP][PASSED] - click: Object: 'Object Repository/Final Object Repo/Page_MyASSIST - ASSIST - Search Pending Case For Add Supporting Document/Search Information' is clicked on

2018-12-14 10:54:20 - [MESSAGE][PASSED] - Object: 'Object Repository/Final Object Repo/Page_MyASSIST - ASSIST - Search Pending Case For Add Supporting Document/Search Information' is clicked on

2018-12-14 10:54:20 - [TEST_STEP][PASSED] - delay: Delayed 3 second(s)

2018-12-14 10:54:23 - [MESSAGE][PASSED] - Delayed 3 second(s)

2018-12-14 10:54:23 - [TEST_STEP][PASSED] - sendKeys: Keys 'CUN122018C200001763' sent to object: 'Object Repository/Final Object Repo/Page_MyASSIST - ASSIST - Search Pending Case For Add Supporting Document/Reference No'

2018-12-14 10:54:23 - [MESSAGE][PASSED] - Keys 'CUN122018C200001763' sent to object: 'Object Repository/Final Object Repo/Page_MyASSIST - ASSIST - Search Pending Case For Add Supporting Document/Reference No'

2018-12-14 10:54:23 - [TEST_STEP][PASSED] - click: Object: 'Object Repository/Final Object Repo/Page_MyASSIST - ASSIST - Search Pending Case For Add Supporting Document/Search Reference No' is clicked on

2018-12-14 10:54:23 - [MESSAGE][PASSED] - Object: 'Object Repository/Final Object Repo/Page_MyASSIST - ASSIST - Search Pending Case For Add Supporting Document/Search Reference No' is clicked on

2018-12-14 10:54:23 - [TEST_STEP][PASSED] - delay: Delayed 2 second(s)

2018-12-14 10:54:25 - [MESSAGE][PASSED] - Delayed 2 second(s)

2018-12-14 10:54:25 - [TEST_STEP][PASSED] - click: Object: 'Object Repository/Final Object Repo/Page_MyASSIST - ASSIST - Search Pending Case For Add Supporting Document/Continue' is clicked on

2018-12-14 10:54:29 - [MESSAGE][PASSED] - Object: 'Object Repository/Final Object Repo/Page_MyASSIST - ASSIST - Search Pending Case For Add Supporting Document/Continue' is clicked on

2018-12-14 10:54:29 - [TEST_STEP][PASSED] - delay: Delayed 20 second(s)

2018-12-14 10:54:49 - [MESSAGE][PASSED] - Delayed 20 second(s)

2018-12-14 10:54:49 - [MESSAGE][PASSED] - Call Test Case 'Test Cases/Final Aug 2018 - PKS Automation/Registration Module/Workflow/Login and Search Case For Workflow' successfully

2018-12-14 10:54:49 - [TEST_STEP][PASSED] - click: Object: 'Object Repository/Final Object Repo/Page_Form 1A - Cessation As Employer/Page_Form 1A - Cessation As Employer (Approve)/Save  Continue in Form 1A Page' is clicked on

2018-12-14 10:54:49 - [MESSAGE][PASSED] - Object: 'Object Repository/Final Object Repo/Page_Form 1A - Cessation As Employer/Page_Form 1A - Cessation As Employer (Approve)/Save  Continue in Form 1A Page' is clicked on

2018-12-14 10:54:49 - [TEST_STEP][PASSED] - delay: Delayed 2 second(s)

2018-12-14 10:54:51 - [MESSAGE][PASSED] - Delayed 2 second(s)

2018-12-14 10:54:51 - [TEST_STEP][PASSED] - click: Object: 'Object Repository/Final Object Repo/Page_Form 1A - Cessation As Employer/Employment Resign Date' is clicked on

2018-12-14 10:54:51 - [MESSAGE][PASSED] - Object: 'Object Repository/Final Object Repo/Page_Form 1A - Cessation As Employer/Employment Resign Date' is clicked on

2018-12-14 10:54:51 - [TEST_STEP][PASSED] - delay: Delayed 1 second(s)

2018-12-14 10:54:52 - [MESSAGE][PASSED] - Delayed 1 second(s)

2018-12-14 10:54:52 - [TEST_STEP][PASSED] - selectOptionByValue: All options with value '2030' are selected in object 'Object Repository/Final Object Repo/Page_Form 1A - Cessation As Employer/Employment Resign Date - Year' 

2018-12-14 10:54:52 - [MESSAGE][PASSED] - All options with value '2030' are selected in object 'Object Repository/Final Object Repo/Page_Form 1A - Cessation As Employer/Employment Resign Date - Year' 

2018-12-14 10:54:52 - [TEST_STEP][PASSED] - delay: Delayed 1 second(s)

2018-12-14 10:54:53 - [MESSAGE][PASSED] - Delayed 1 second(s)

2018-12-14 10:54:53 - [TEST_STEP][PASSED] - click: Object: 'Object Repository/Final Object Repo/Page_Form 1A - Cessation As Employer/Employment Resign Date - Year - Date' is clicked on

2018-12-14 10:54:54 - [MESSAGE][PASSED] - Object: 'Object Repository/Final Object Repo/Page_Form 1A - Cessation As Employer/Employment Resign Date - Year - Date' is clicked on

2018-12-14 10:54:54 - [TEST_STEP][PASSED] - delay: Delayed 2 second(s)

2018-12-14 10:54:56 - [MESSAGE][PASSED] - Delayed 2 second(s)

2018-12-14 10:54:56 - [TEST_STEP][PASSED] - click: Object: 'Object Repository/Final Object Repo/Page_Form 1A - Cessation As Employer/Page_Form 1A - Cessation As Employer (Approve)/Save  Continue in Update Add Employee Resigned Date Page' is clicked on

2018-12-14 10:54:56 - [MESSAGE][PASSED] - Object: 'Object Repository/Final Object Repo/Page_Form 1A - Cessation As Employer/Page_Form 1A - Cessation As Employer (Approve)/Save  Continue in Update Add Employee Resigned Date Page' is clicked on

2018-12-14 10:54:56 - [TEST_STEP][PASSED] - delay: Delayed 2 second(s)

2018-12-14 10:54:58 - [MESSAGE][PASSED] - Delayed 2 second(s)

2018-12-14 10:54:58 - [TEST_STEP][PASSED] - click: Object: 'Object Repository/Final Object Repo/Page_Form 1A - Cessation As Employer/Set Latest - Yes' is clicked on

2018-12-14 10:54:58 - [MESSAGE][PASSED] - Object: 'Object Repository/Final Object Repo/Page_Form 1A - Cessation As Employer/Set Latest - Yes' is clicked on

2018-12-14 10:54:58 - [TEST_STEP][PASSED] - delay: Delayed 2 second(s)

2018-12-14 10:55:00 - [MESSAGE][PASSED] - Delayed 2 second(s)

2018-12-14 10:55:00 - [TEST_STEP][PASSED] - click: Object: 'Object Repository/Final Object Repo/Page_Form 1A - Cessation As Employer/Page_Form 1A - Cessation As Employer (Approve)/Save  Contine in Uploading Document Page' is clicked on

2018-12-14 10:55:01 - [MESSAGE][PASSED] - Object: 'Object Repository/Final Object Repo/Page_Form 1A - Cessation As Employer/Page_Form 1A - Cessation As Employer (Approve)/Save  Contine in Uploading Document Page' is clicked on

2018-12-14 10:55:01 - [TEST_STEP][PASSED] - delay: Delayed 2 second(s)

2018-12-14 10:55:03 - [MESSAGE][PASSED] - Delayed 2 second(s)

2018-12-14 10:55:03 - [TEST_STEP][PASSED] - click: Object: 'Object Repository/Final Object Repo/Page_Form 1A - Cessation As Employer/Page_Form 1A - Cessation As Employer (Under enforcement)/Under enforcement' is clicked on

2018-12-14 10:55:06 - [MESSAGE][PASSED] - Object: 'Object Repository/Final Object Repo/Page_Form 1A - Cessation As Employer/Page_Form 1A - Cessation As Employer (Under enforcement)/Under enforcement' is clicked on

2018-12-14 10:55:06 - [TEST_STEP][PASSED] - delay: Delayed 2 second(s)

2018-12-14 10:55:08 - [MESSAGE][PASSED] - Delayed 2 second(s)

2018-12-14 10:55:08 - [TEST_STEP][PASSED] - setText: Text 'remark' is set on object 'Object Repository/Final Object Repo/Page_Form 1A - Cessation As Employer/Page_Form 1A - Cessation As Employer (Under enforcement)/Under enforcement - remark'

2018-12-14 10:55:08 - [MESSAGE][PASSED] - Text 'remark' is set on object 'Object Repository/Final Object Repo/Page_Form 1A - Cessation As Employer/Page_Form 1A - Cessation As Employer (Under enforcement)/Under enforcement - remark'

2018-12-14 10:55:08 - [TEST_STEP][PASSED] - delay: Delayed 2 second(s)

2018-12-14 10:55:10 - [MESSAGE][PASSED] - Delayed 2 second(s)

2018-12-14 10:55:10 - [TEST_STEP][PASSED] - click: Object: 'Object Repository/Final Object Repo/Page_Form 1A - Cessation As Employer/Page_Form 1A - Cessation As Employer (Under enforcement)/Save  Continue in Under enforcement Page' is clicked on

2018-12-14 10:55:11 - [MESSAGE][PASSED] - Object: 'Object Repository/Final Object Repo/Page_Form 1A - Cessation As Employer/Page_Form 1A - Cessation As Employer (Under enforcement)/Save  Continue in Under enforcement Page' is clicked on

2018-12-14 10:55:11 - [TEST_STEP][PASSED] - delay: Delayed 2 second(s)

2018-12-14 10:55:13 - [MESSAGE][PASSED] - Delayed 2 second(s)

2018-12-14 10:55:13 - [TEST_STEP][PASSED] - click: Object: 'Object Repository/Final Object Repo/Page_Form 1A - Cessation As Employer/Page_Form 1A - Cessation As Employer (Under enforcement)/Message The case is under enforcement' is clicked on

2018-12-14 10:55:15 - [MESSAGE][PASSED] - Object: 'Object Repository/Final Object Repo/Page_Form 1A - Cessation As Employer/Page_Form 1A - Cessation As Employer (Under enforcement)/Message The case is under enforcement' is clicked on

2018-12-14 10:55:15 - [MESSAGE][PASSED] - Call Test Case 'Test Cases/Final Aug 2018 - PKS Automation/Registration Module/Workflow/Form 1A - Cessation As Employer/Template/Form 1 A - Cessation As Employer (Under enforcement)' successfully]]></system-out>
         <system-err><![CDATA[]]></system-err>
      </testcase>
      <system-out><![CDATA[2018-12-14 09:43:46 - [TEST_SUITE][PASSED] - Form 1A - Cessation as Employer: Test Cases/Final Aug 2018 - PKS Automation/Registration Module/Workflow/Form 1A - Cessation As Employer/PKRBO to UO (Under enforcement)]]></system-out>
      <system-err><![CDATA[]]></system-err>
   </testsuite>
</testsuites>
