<?xml version="1.0" encoding="UTF-8"?>
<testsuites name="Update Employer Information" time="3786" tests="16" failures="0" errors="0">
   <testsuite name="Update Employer Information" tests="16" failures="0" errors="0" time="3786" timestamp="2018-11-15 10:09:21" hostname="Wei Zheng - WeiZheng" id="Test Suites/Workflow/Update Employer Information">
      <properties>
         <property name="deviceName" value=""/>
         <property name="devicePlatform" value=""/>
         <property name="logFolder" value="C:\\Users\\LENOVO\\Katalon Studio\\Perkeso Phase A\\Reports\\Workflow\\Update Employer Information\\20181115_100919"/>
         <property name="logFiles" value="C:\\Users\\LENOVO\\Katalon Studio\\Perkeso Phase A\\Reports\\Workflow\\Update Employer Information\\20181115_100919\\execution0.log"/>
         <property name="attachments" value=""/>
         <property name="hostName" value="Wei Zheng - WeiZheng"/>
         <property name="os" value="Windows 7 64bit"/>
         <property name="katalonVersion" value="5.8.0.1"/>
         <property name="browser" value="Firefox 63.0"/>
         <property name="hostAddress" value="192.168.137.1"/>
         <property name="sessionId" value="fe84527c-c93e-4c12-b0dc-bbae4ef2bb79"/>
         <property name="seleniumVersion" value="3.9.1"/>
         <property name="proxyInformation" value="ProxyInformation{proxyOption=NO_PROXY, proxyServerType=HTTP, password=, proxyServerAddress=, proxyServerPort=0}"/>
         <property name="platform" value="Windows 7"/>
      </properties>
      <testcase name="Test Cases/Final Aug 2018 - PKS Automation/Registration Module/Workflow/Update Employer Information/Employer - UO (Approve)" classname="Test Cases/Final Aug 2018 - PKS Automation/Registration Module/Workflow/Update Employer Information/Employer - UO (Approve)" status="PASSED">
         <system-out><![CDATA[2018-11-15 10:09:22 - [TEST_CASE][PASSED] - Test Cases/Final Aug 2018 - PKS Automation/Registration Module/Workflow/Update Employer Information/Employer - UO (Approve): Test Cases/Final Aug 2018 - PKS Automation/Registration Module/Workflow/Update Employer Information/Employer - UO (Approve)

2018-11-15 10:09:22 - [TEST_STEP][PASSED] - callTestCase: Call Test Case 'Test Cases/Final Aug 2018 - PKS Automation/Registration Module/Workflow/Update Employer Information/Template/Update Employer Information - Special Case (Employer)' successfully

2018-11-15 10:09:23 - [TEST_CASE][PASSED] - Test Cases/Final Aug 2018 - PKS Automation/Registration Module/Workflow/Update Employer Information/Template/Update Employer Information - Special Case (Employer): Test Cases/Final Aug 2018 - PKS Automation/Registration Module/Workflow/Update Employer Information/Template/Update Employer Information - Special Case (Employer)

2018-11-15 10:09:23 - [TEST_STEP][PASSED] - callTestCase: Call Test Case 'Test Cases/Final Aug 2018 - PKS Automation/Create Employer Acc/Login to Employer Account (Second time)' successfully

2018-11-15 10:09:23 - [TEST_CASE][PASSED] - Test Cases/Final Aug 2018 - PKS Automation/Create Employer Acc/Login to Employer Account (Second time): Test Cases/Final Aug 2018 - PKS Automation/Create Employer Acc/Login to Employer Account (Second time)

2018-11-15 10:09:23 - [TEST_STEP][PASSED] - openBrowser: Browser is opened with url: ''

2018-11-15 10:09:30 - [MESSAGE][PASSED] - Browser is opened with url: ''

2018-11-15 10:09:30 - [TEST_STEP][PASSED] - navigateToUrl: Navigate to 'https://assist2-uat.perkeso.gov.my/employer/login' successfully

2018-11-15 10:09:33 - [MESSAGE][PASSED] - Navigate to 'https://assist2-uat.perkeso.gov.my/employer/login' successfully

2018-11-15 10:09:33 - [TEST_STEP][PASSED] - delay: Delayed 3 second(s)

2018-11-15 10:09:36 - [MESSAGE][PASSED] - Delayed 3 second(s)

2018-11-15 10:09:36 - [TEST_STEP][PASSED] - callTestCase: Call Test Case 'Test Cases/Final Aug 2018 - PKS Automation/Create Employer Acc/Template/Employer Email Getter' successfully

2018-11-15 10:09:36 - [TEST_CASE][PASSED] - Test Cases/Final Aug 2018 - PKS Automation/Create Employer Acc/Template/Employer Email Getter: Test Cases/Final Aug 2018 - PKS Automation/Create Employer Acc/Template/Employer Email Getter

2018-11-15 10:09:36 - [TEST_STEP][PASSED] - Statement - Try: null

2018-11-15 10:09:36 - [TEST_STEP][PASSED] - Statement - EmpEmail = new java.io.File(C://EmpEmail.txt): null

2018-11-15 10:09:36 - [TEST_STEP][PASSED] - Statement - bufferread = new java.io.BufferedReader(new java.io.FileReader(EmpEmail)): null

2018-11-15 10:09:36 - [TEST_STEP][PASSED] - Statement - readedVal = bufferread.readLine(): null

2018-11-15 10:09:36 - [TEST_STEP][PASSED] - Statement - out.println(readedVal): null

2018-11-15 10:09:36 - [TEST_STEP][PASSED] - Statement - Email = readedVal: null

2018-11-15 10:09:36 - [MESSAGE][PASSED] - Call Test Case 'Test Cases/Final Aug 2018 - PKS Automation/Create Employer Acc/Template/Employer Email Getter' successfully

2018-11-15 10:09:36 - [TEST_STEP][PASSED] - setText: Text 'perkeso567246757700@gmail.com' is set on object 'Object Repository/Final Object Repo/Login Page/External Login Page/Email'

2018-11-15 10:09:37 - [MESSAGE][PASSED] - Text 'perkeso567246757700@gmail.com' is set on object 'Object Repository/Final Object Repo/Login Page/External Login Page/Email'

2018-11-15 10:09:37 - [TEST_STEP][PASSED] - click: Object: 'Object Repository/Final Object Repo/Login Page/External Login Page/Next' is clicked on

2018-11-15 10:09:37 - [MESSAGE][PASSED] - Object: 'Object Repository/Final Object Repo/Login Page/External Login Page/Next' is clicked on

2018-11-15 10:09:37 - [TEST_STEP][PASSED] - delay: Delayed 3 second(s)

2018-11-15 10:09:40 - [MESSAGE][PASSED] - Delayed 3 second(s)

2018-11-15 10:09:40 - [TEST_STEP][PASSED] - setEncryptedText: Text ****** has been set on object 'Object Repository/Final Object Repo/Login Page/External Login Page/Password'

2018-11-15 10:09:40 - [MESSAGE][PASSED] - Text ****** has been set on object 'Object Repository/Final Object Repo/Login Page/External Login Page/Password'

2018-11-15 10:09:40 - [TEST_STEP][PASSED] - click: Object: 'Object Repository/Final Object Repo/Login Page/External Login Page/Login' is clicked on

2018-11-15 10:09:46 - [MESSAGE][PASSED] - Object: 'Object Repository/Final Object Repo/Login Page/External Login Page/Login' is clicked on

2018-11-15 10:09:46 - [TEST_STEP][PASSED] - delay: Delayed 5 second(s)

2018-11-15 10:09:51 - [MESSAGE][PASSED] - Delayed 5 second(s)

2018-11-15 10:09:51 - [MESSAGE][PASSED] - Call Test Case 'Test Cases/Final Aug 2018 - PKS Automation/Create Employer Acc/Login to Employer Account (Second time)' successfully

2018-11-15 10:09:51 - [TEST_STEP][PASSED] - Statement - Try: Delayed 2 second(s)

2018-11-15 10:09:51 - [TEST_STEP][PASSED] - Statement - Checker = false: null

2018-11-15 10:09:51 - [TEST_STEP][PASSED] - Statement - Checker = com.kms.katalon.core.webui.keyword.WebUiBuiltInKeywords.verifyElementHasAttribute(com.kms.katalon.core.testobject.ObjectRepository.findTestObject(Final Object Repo/Landing Page/BM Detecting), "href", 20, OPTIONAL): Object 'Object Repository/Final Object Repo/Landing Page/BM Detecting' has attribute 'href'

2018-11-15 10:09:51 - [MESSAGE][PASSED] - Object 'Object Repository/Final Object Repo/Landing Page/BM Detecting' has attribute 'href'

2018-11-15 10:09:51 - [TEST_STEP][PASSED] - Statement - out.println(Checker): null

2018-11-15 10:09:51 - [TEST_STEP][PASSED] - Statement - If (Checker == false): null

2018-11-15 10:09:51 - [TEST_STEP][PASSED] - Statement - Else: null

2018-11-15 10:09:51 - [TEST_STEP][PASSED] - delay: Delayed 2 second(s)

2018-11-15 10:09:53 - [MESSAGE][PASSED] - Delayed 2 second(s)

2018-11-15 10:09:53 - [TEST_STEP][PASSED] - navigateToUrl: Navigate to 'https://assist2-uat.perkeso.gov.my/web/registration/update/update-employer-information' successfully

2018-11-15 10:09:54 - [MESSAGE][PASSED] - Navigate to 'https://assist2-uat.perkeso.gov.my/web/registration/update/update-employer-information' successfully

2018-11-15 10:09:54 - [TEST_STEP][PASSED] - click: Object: 'Object Repository/Final Object Repo/Page_Update Employer Information/Edit Button' is clicked on

2018-11-15 10:09:57 - [MESSAGE][PASSED] - Object: 'Object Repository/Final Object Repo/Page_Update Employer Information/Edit Button' is clicked on

2018-11-15 10:09:57 - [TEST_STEP][PASSED] - click: Object: 'Object Repository/Final Object Repo/Page_Update Employer Information/Business Entity' is clicked on

2018-11-15 10:09:58 - [MESSAGE][PASSED] - Object: 'Object Repository/Final Object Repo/Page_Update Employer Information/Business Entity' is clicked on

2018-11-15 10:09:58 - [TEST_STEP][PASSED] - Statement - CurrentBusinessEntity = "": null

2018-11-15 10:09:58 - [TEST_STEP][PASSED] - Statement - CurrentBusinessEntity = com.kms.katalon.core.webui.keyword.WebUiBuiltInKeywords.getText(com.kms.katalon.core.testobject.ObjectRepository.findTestObject(Final Object Repo/Page_Update Employer Information/Current Business Entity)): Text of object 'Object Repository/Final Object Repo/Page_Update Employer Information/Current Business Entity' is: 'Others'

2018-11-15 10:09:58 - [MESSAGE][PASSED] - Text of object 'Object Repository/Final Object Repo/Page_Update Employer Information/Current Business Entity' is: 'Others'

2018-11-15 10:09:58 - [TEST_STEP][PASSED] - Statement - out.println(CurrentBusinessEntity): null

2018-11-15 10:09:58 - [TEST_STEP][PASSED] - Statement - If (CurrentBusinessEntity == "Corporation"): null

2018-11-15 10:09:58 - [TEST_STEP][PASSED] - Statement - Else If (CurrentBusinessEntity == "Partnership"): null

2018-11-15 10:09:58 - [TEST_STEP][PASSED] - Statement - Else If (CurrentBusinessEntity == "Sole Proprietor / Individual Business"): null

2018-11-15 10:09:58 - [TEST_STEP][PASSED] - Statement - Else If (CurrentBusinessEntity == "Others"): Delayed 3 second(s)

2018-11-15 10:09:58 - [TEST_STEP][PASSED] - Statement - obj = com.kms.katalon.core.webui.keyword.WebUiBuiltInKeywords.modifyObjectProperty(com.kms.katalon.core.testobject.ObjectRepository.findTestObject(Final Object Repo/Page_Update Employer Information/change to this Business Entity), "xpath", "equals", "//ul/li/span[contains(text(),"Partnership")]", true, STOP_ON_FAILURE): Modify property of object successfully

2018-11-15 10:09:58 - [MESSAGE][PASSED] - Modify property of object successfully

2018-11-15 10:09:58 - [TEST_STEP][PASSED] - click: Object: 'Object Repository/Final Object Repo/Page_Update Employer Information/change to this Business Entity' is clicked on

2018-11-15 10:09:59 - [MESSAGE][PASSED] - Object: 'Object Repository/Final Object Repo/Page_Update Employer Information/change to this Business Entity' is clicked on

2018-11-15 10:09:59 - [TEST_STEP][PASSED] - delay: Delayed 1 second(s)

2018-11-15 10:10:00 - [MESSAGE][PASSED] - Delayed 1 second(s)

2018-11-15 10:10:00 - [TEST_STEP][PASSED] - click: Object: 'Object Repository/Final Object Repo/Page_Update Employer Information/Sub Business Entity' is clicked on

2018-11-15 10:10:00 - [MESSAGE][PASSED] - Object: 'Object Repository/Final Object Repo/Page_Update Employer Information/Sub Business Entity' is clicked on

2018-11-15 10:10:00 - [TEST_STEP][PASSED] - click: Object: 'Object Repository/Final Object Repo/Page_Update Employer Information/Sub Business Entity - Partnership - Registered With other Agencies' is clicked on

2018-11-15 10:10:01 - [MESSAGE][PASSED] - Object: 'Object Repository/Final Object Repo/Page_Update Employer Information/Sub Business Entity - Partnership - Registered With other Agencies' is clicked on

2018-11-15 10:10:01 - [TEST_STEP][PASSED] - delay: Delayed 3 second(s)

2018-11-15 10:10:04 - [MESSAGE][PASSED] - Delayed 3 second(s)

2018-11-15 10:10:04 - [TEST_STEP][PASSED] - delay: Delayed 4 second(s)

2018-11-15 10:10:08 - [MESSAGE][PASSED] - Delayed 4 second(s)

2018-11-15 10:10:08 - [TEST_STEP][PASSED] - click: Object: 'Object Repository/Final Object Repo/Page_Update Employer Information/Save  Continue' is clicked on

2018-11-15 10:10:13 - [MESSAGE][PASSED] - Object: 'Object Repository/Final Object Repo/Page_Update Employer Information/Save  Continue' is clicked on

2018-11-15 10:10:13 - [TEST_STEP][PASSED] - delay: Delayed 4 second(s)

2018-11-15 10:10:17 - [MESSAGE][PASSED] - Delayed 4 second(s)

2018-11-15 10:10:17 - [TEST_STEP][PASSED] - click: Object: 'Object Repository/Final Object Repo/Page_Update Employer Information/Save  Continue (1)' is clicked on

2018-11-15 10:10:22 - [MESSAGE][PASSED] - Object: 'Object Repository/Final Object Repo/Page_Update Employer Information/Save  Continue (1)' is clicked on

2018-11-15 10:10:22 - [TEST_STEP][PASSED] - Statement - CaseReferenceNo = com.kms.katalon.core.webui.keyword.WebUiBuiltInKeywords.getText(com.kms.katalon.core.testobject.ObjectRepository.findTestObject(Final Object Repo/Page_Update Employer Information/Reference Number in Update Employee Information Page)): Text of object 'Object Repository/Final Object Repo/Page_Update Employer Information/Reference Number in Update Employee Information Page' is: 'CUN112018C100005436'

2018-11-15 10:10:22 - [MESSAGE][PASSED] - Text of object 'Object Repository/Final Object Repo/Page_Update Employer Information/Reference Number in Update Employee Information Page' is: 'CUN112018C100005436'

2018-11-15 10:10:22 - [TEST_STEP][PASSED] - callTestCase: Call Test Case 'Test Cases/Final Aug 2018 - PKS Automation/Common/Reference Number Setter' successfully

2018-11-15 10:10:22 - [TEST_CASE][PASSED] - Test Cases/Final Aug 2018 - PKS Automation/Common/Reference Number Setter: Test Cases/Final Aug 2018 - PKS Automation/Common/Reference Number Setter

2018-11-15 10:10:22 - [TEST_STEP][PASSED] - Statement - RefNoOldFile = new java.io.File(C://KatalonReference.txt): null

2018-11-15 10:10:22 - [TEST_STEP][PASSED] - Statement - RefNoOldFile.delete(): null

2018-11-15 10:10:22 - [TEST_STEP][PASSED] - delay: Delayed 5 second(s)

2018-11-15 10:10:27 - [MESSAGE][PASSED] - Delayed 5 second(s)

2018-11-15 10:10:27 - [TEST_STEP][PASSED] - Statement - RefNo = new java.io.File(C://KatalonReference.txt): null

2018-11-15 10:10:27 - [TEST_STEP][PASSED] - Statement - f2 = new java.io.FileWriter(RefNo, false): null

2018-11-15 10:10:27 - [TEST_STEP][PASSED] - Statement - f2.write(CaseReferenceNo): null

2018-11-15 10:10:27 - [TEST_STEP][PASSED] - Statement - f2.close(): null

2018-11-15 10:10:27 - [TEST_STEP][PASSED] - Statement - out.println("


" + CaseReferenceNo + "


"): null

2018-11-15 10:10:27 - [MESSAGE][PASSED] - Call Test Case 'Test Cases/Final Aug 2018 - PKS Automation/Common/Reference Number Setter' successfully

2018-11-15 10:10:27 - [TEST_STEP][PASSED] - delay: Delayed 4 second(s)

2018-11-15 10:10:31 - [MESSAGE][PASSED] - Delayed 4 second(s)

2018-11-15 10:10:31 - [TEST_STEP][PASSED] - click: Object: 'Object Repository/Final Object Repo/Page_Update Employer Information/Submit - Copy' is clicked on

2018-11-15 10:10:32 - [MESSAGE][PASSED] - Object: 'Object Repository/Final Object Repo/Page_Update Employer Information/Submit - Copy' is clicked on

2018-11-15 10:10:32 - [TEST_STEP][PASSED] - delay: Delayed 2 second(s)

2018-11-15 10:10:34 - [MESSAGE][PASSED] - Delayed 2 second(s)

2018-11-15 10:10:34 - [TEST_STEP][PASSED] - click: Object: 'Object Repository/Final Object Repo/Page_Update Employer Information/Confirm' is clicked on

2018-11-15 10:10:39 - [MESSAGE][PASSED] - Object: 'Object Repository/Final Object Repo/Page_Update Employer Information/Confirm' is clicked on

2018-11-15 10:10:39 - [TEST_STEP][PASSED] - delay: Delayed 2 second(s)

2018-11-15 10:10:41 - [MESSAGE][PASSED] - Delayed 2 second(s)

2018-11-15 10:10:41 - [TEST_STEP][PASSED] - click: Object: 'Object Repository/Final Object Repo/Page_Update Employer Information/Message Your Request will be route' is clicked on

2018-11-15 10:10:41 - [MESSAGE][PASSED] - Object: 'Object Repository/Final Object Repo/Page_Update Employer Information/Message Your Request will be route' is clicked on

2018-11-15 10:10:41 - [MESSAGE][PASSED] - Call Test Case 'Test Cases/Final Aug 2018 - PKS Automation/Registration Module/Workflow/Update Employer Information/Template/Update Employer Information - Special Case (Employer)' successfully

2018-11-15 10:10:41 - [TEST_STEP][PASSED] - callTestCase: Call Test Case 'Test Cases/Final Aug 2018 - PKS Automation/Registration Module/Workflow/Update Employer Information/Template/Update Employer Information - Special Case - UO (Approve)' successfully

2018-11-15 10:10:42 - [TEST_CASE][PASSED] - Test Cases/Final Aug 2018 - PKS Automation/Registration Module/Workflow/Update Employer Information/Template/Update Employer Information - Special Case - UO (Approve): Test Cases/Final Aug 2018 - PKS Automation/Registration Module/Workflow/Update Employer Information/Template/Update Employer Information - Special Case - UO (Approve)

2018-11-15 10:10:42 - [TEST_STEP][NOT_RUN] - callTestCase: NOT_RUN: callTestCase

2018-11-15 10:10:42 - [MESSAGE][NOT_RUN] - NOT_RUN: callTestCase

2018-11-15 10:10:42 - [TEST_STEP][NOT_RUN] - delay: NOT_RUN: delay

2018-11-15 10:10:42 - [MESSAGE][NOT_RUN] - NOT_RUN: delay

2018-11-15 10:10:42 - [TEST_STEP][NOT_RUN] - navigateToUrl: NOT_RUN: navigateToUrl

2018-11-15 10:10:42 - [MESSAGE][NOT_RUN] - NOT_RUN: navigateToUrl

2018-11-15 10:10:42 - [TEST_STEP][PASSED] - delay: Delayed 1 second(s)

2018-11-15 10:10:43 - [MESSAGE][PASSED] - Delayed 1 second(s)

2018-11-15 10:10:43 - [TEST_STEP][PASSED] - callTestCase: Call Test Case 'Test Cases/Final Aug 2018 - PKS Automation/Common/Reference Number Getter' successfully

2018-11-15 10:10:43 - [TEST_CASE][PASSED] - Test Cases/Final Aug 2018 - PKS Automation/Common/Reference Number Getter: Test Cases/Final Aug 2018 - PKS Automation/Common/Reference Number Getter

2018-11-15 10:10:43 - [TEST_STEP][PASSED] - Statement - Try: null

2018-11-15 10:10:43 - [TEST_STEP][PASSED] - Statement - RefNo = new java.io.File(C://KatalonReference.txt): null

2018-11-15 10:10:43 - [TEST_STEP][PASSED] - Statement - bufferread = new java.io.BufferedReader(new java.io.FileReader(RefNo)): null

2018-11-15 10:10:43 - [TEST_STEP][PASSED] - Statement - readedVal = bufferread.readLine(): null

2018-11-15 10:10:43 - [TEST_STEP][PASSED] - Statement - out.println(CaseReferenceNo): null

2018-11-15 10:10:43 - [TEST_STEP][PASSED] - Statement - out.println(readedVal): null

2018-11-15 10:10:43 - [TEST_STEP][PASSED] - Statement - CaseReferenceNo = "": null

2018-11-15 10:10:43 - [TEST_STEP][PASSED] - Statement - CaseReferenceNo = readedVal: null

2018-11-15 10:10:43 - [MESSAGE][PASSED] - Call Test Case 'Test Cases/Final Aug 2018 - PKS Automation/Common/Reference Number Getter' successfully

2018-11-15 10:10:43 - [TEST_STEP][PASSED] - callTestCase: Call Test Case 'Test Cases/Final Aug 2018 - PKS Automation/Common/Workflow Owner Finder' successfully

2018-11-15 10:10:43 - [TEST_CASE][PASSED] - Test Cases/Final Aug 2018 - PKS Automation/Common/Workflow Owner Finder: Test Cases/Final Aug 2018 - PKS Automation/Common/Workflow Owner Finder

2018-11-15 10:10:44 - [TEST_STEP][PASSED] - openBrowser: Browser is opened with url: ''

2018-11-15 10:10:44 - [MESSAGE][WARNING] - A browser is already opened. Closing browser and opening a new one

2018-11-15 10:10:48 - [MESSAGE][PASSED] - Browser is opened with url: ''

2018-11-15 10:10:48 - [TEST_STEP][PASSED] - navigateToUrl: Navigate to 'https://assist2-uat.perkeso.gov.my/login' successfully

2018-11-15 10:10:50 - [MESSAGE][PASSED] - Navigate to 'https://assist2-uat.perkeso.gov.my/login' successfully

2018-11-15 10:10:50 - [TEST_STEP][PASSED] - delay: Delayed 5 second(s)

2018-11-15 10:10:55 - [MESSAGE][PASSED] - Delayed 5 second(s)

2018-11-15 10:10:55 - [TEST_STEP][PASSED] - setText: Text 'test@liferay.com' is set on object 'Object Repository/Final Object Repo/Login Page/Internal User/Email Address'

2018-11-15 10:10:55 - [MESSAGE][PASSED] - Text 'test@liferay.com' is set on object 'Object Repository/Final Object Repo/Login Page/Internal User/Email Address'

2018-11-15 10:10:55 - [TEST_STEP][PASSED] - click: Object: 'Object Repository/Final Object Repo/Login Page/Internal User/Next Button' is clicked on

2018-11-15 10:10:56 - [MESSAGE][PASSED] - Object: 'Object Repository/Final Object Repo/Login Page/Internal User/Next Button' is clicked on

2018-11-15 10:10:56 - [TEST_STEP][PASSED] - delay: Delayed 2 second(s)

2018-11-15 10:10:58 - [MESSAGE][PASSED] - Delayed 2 second(s)

2018-11-15 10:10:58 - [TEST_STEP][PASSED] - setText: Text 'test' is set on object 'Object Repository/Final Object Repo/Login Page/Internal User/Password'

2018-11-15 10:10:58 - [MESSAGE][PASSED] - Text 'test' is set on object 'Object Repository/Final Object Repo/Login Page/Internal User/Password'

2018-11-15 10:10:58 - [TEST_STEP][PASSED] - delay: Delayed 2 second(s)

2018-11-15 10:11:00 - [MESSAGE][PASSED] - Delayed 2 second(s)

2018-11-15 10:11:00 - [TEST_STEP][PASSED] - click: Object: 'Object Repository/Final Object Repo/Login Page/Internal User/Login Button' is clicked on

2018-11-15 10:11:03 - [MESSAGE][PASSED] - Object: 'Object Repository/Final Object Repo/Login Page/Internal User/Login Button' is clicked on

2018-11-15 10:11:03 - [TEST_STEP][PASSED] - Statement - Try: Delayed 2 second(s)

2018-11-15 10:11:03 - [TEST_STEP][PASSED] - Statement - Checker = false: null

2018-11-15 10:11:03 - [TEST_STEP][PASSED] - Statement - Checker = com.kms.katalon.core.webui.keyword.WebUiBuiltInKeywords.verifyElementHasAttribute(com.kms.katalon.core.testobject.ObjectRepository.findTestObject(Final Object Repo/Landing Page/BM Detecting), "href", 20, OPTIONAL): Object 'Object Repository/Final Object Repo/Landing Page/BM Detecting' has attribute 'href'

2018-11-15 10:11:03 - [MESSAGE][PASSED] - Object 'Object Repository/Final Object Repo/Landing Page/BM Detecting' has attribute 'href'

2018-11-15 10:11:03 - [TEST_STEP][PASSED] - Statement - out.println(Checker): null

2018-11-15 10:11:03 - [TEST_STEP][PASSED] - Statement - If (Checker == false): null

2018-11-15 10:11:03 - [TEST_STEP][PASSED] - Statement - Else: null

2018-11-15 10:11:03 - [TEST_STEP][PASSED] - delay: Delayed 2 second(s)

2018-11-15 10:11:05 - [MESSAGE][PASSED] - Delayed 2 second(s)

2018-11-15 10:11:05 - [TEST_STEP][PASSED] - delay: Delayed 3 second(s)

2018-11-15 10:11:08 - [MESSAGE][PASSED] - Delayed 3 second(s)

2018-11-15 10:11:08 - [TEST_STEP][PASSED] - mouseOver: Object: 'Object Repository/Final Object Repo/Landing Page/WorkFlow Menu' is hovered

2018-11-15 10:11:08 - [MESSAGE][PASSED] - Object: 'Object Repository/Final Object Repo/Landing Page/WorkFlow Menu' is hovered

2018-11-15 10:11:08 - [TEST_STEP][PASSED] - delay: Delayed 2 second(s)

2018-11-15 10:11:10 - [MESSAGE][PASSED] - Delayed 2 second(s)

2018-11-15 10:11:10 - [TEST_STEP][PASSED] - click: Object: 'Object Repository/Final Object Repo/Landing Page/Select to Workflow Listing' is clicked on

2018-11-15 10:11:11 - [MESSAGE][PASSED] - Object: 'Object Repository/Final Object Repo/Landing Page/Select to Workflow Listing' is clicked on

2018-11-15 10:11:11 - [TEST_STEP][PASSED] - delay: Delayed 2 second(s)

2018-11-15 10:11:13 - [MESSAGE][PASSED] - Delayed 2 second(s)

2018-11-15 10:11:13 - [TEST_STEP][PASSED] - click: Object: 'Object Repository/Final Object Repo/WorkFlow Listing Page/Search Information - To Put Ref No' is clicked on

2018-11-15 10:11:14 - [MESSAGE][PASSED] - Object: 'Object Repository/Final Object Repo/WorkFlow Listing Page/Search Information - To Put Ref No' is clicked on

2018-11-15 10:11:14 - [TEST_STEP][PASSED] - delay: Delayed 2 second(s)

2018-11-15 10:11:16 - [MESSAGE][PASSED] - Delayed 2 second(s)

2018-11-15 10:11:16 - [TEST_STEP][PASSED] - callTestCase: Call Test Case 'Test Cases/Final Aug 2018 - PKS Automation/Common/Reference Number Getter' successfully

2018-11-15 10:11:16 - [TEST_CASE][PASSED] - Test Cases/Final Aug 2018 - PKS Automation/Common/Reference Number Getter: Test Cases/Final Aug 2018 - PKS Automation/Common/Reference Number Getter

2018-11-15 10:11:16 - [TEST_STEP][PASSED] - Statement - Try: null

2018-11-15 10:11:16 - [TEST_STEP][PASSED] - Statement - RefNo = new java.io.File(C://KatalonReference.txt): null

2018-11-15 10:11:16 - [TEST_STEP][PASSED] - Statement - bufferread = new java.io.BufferedReader(new java.io.FileReader(RefNo)): null

2018-11-15 10:11:16 - [TEST_STEP][PASSED] - Statement - readedVal = bufferread.readLine(): null

2018-11-15 10:11:16 - [TEST_STEP][PASSED] - Statement - out.println(CaseReferenceNo): null

2018-11-15 10:11:16 - [TEST_STEP][PASSED] - Statement - out.println(readedVal): null

2018-11-15 10:11:16 - [TEST_STEP][PASSED] - Statement - CaseReferenceNo = "": null

2018-11-15 10:11:16 - [TEST_STEP][PASSED] - Statement - CaseReferenceNo = readedVal: null

2018-11-15 10:11:16 - [MESSAGE][PASSED] - Call Test Case 'Test Cases/Final Aug 2018 - PKS Automation/Common/Reference Number Getter' successfully

2018-11-15 10:11:16 - [TEST_STEP][PASSED] - setText: Text 'CUN112018C100005436' is set on object 'Object Repository/Final Object Repo/WorkFlow Listing Page/Ref No Set Text'

2018-11-15 10:11:16 - [MESSAGE][PASSED] - Text 'CUN112018C100005436' is set on object 'Object Repository/Final Object Repo/WorkFlow Listing Page/Ref No Set Text'

2018-11-15 10:11:16 - [TEST_STEP][PASSED] - delay: Delayed 2 second(s)

2018-11-15 10:11:18 - [MESSAGE][PASSED] - Delayed 2 second(s)

2018-11-15 10:11:18 - [TEST_STEP][PASSED] - click: Object: 'Object Repository/Final Object Repo/WorkFlow Listing Page/Search Ref No Search Button' is clicked on

2018-11-15 10:11:20 - [MESSAGE][PASSED] - Object: 'Object Repository/Final Object Repo/WorkFlow Listing Page/Search Ref No Search Button' is clicked on

2018-11-15 10:11:20 - [TEST_STEP][PASSED] - delay: Delayed 4 second(s)

2018-11-15 10:11:24 - [MESSAGE][PASSED] - Delayed 4 second(s)

2018-11-15 10:11:24 - [TEST_STEP][PASSED] - click: Object: 'Object Repository/Final Object Repo/WorkFlow Listing Page/Click Continue Tooltip' is clicked on

2018-11-15 10:11:25 - [MESSAGE][PASSED] - Object: 'Object Repository/Final Object Repo/WorkFlow Listing Page/Click Continue Tooltip' is clicked on

2018-11-15 10:11:25 - [TEST_STEP][PASSED] - delay: Delayed 5 second(s)

2018-11-15 10:11:30 - [MESSAGE][PASSED] - Delayed 5 second(s)

2018-11-15 10:11:30 - [TEST_STEP][PASSED] - doubleClick: Object: 'Object Repository/Final Object Repo/WorkFlow Listing Page/Workflow Found - Listing 1' is double clicked on

2018-11-15 10:11:31 - [MESSAGE][PASSED] - Object: 'Object Repository/Final Object Repo/WorkFlow Listing Page/Workflow Found - Listing 1' is double clicked on

2018-11-15 10:11:31 - [TEST_STEP][PASSED] - Statement - println(OwnerID): null

2018-11-15 10:11:31 - [TEST_STEP][PASSED] - Statement - OwnerID = com.kms.katalon.core.webui.keyword.WebUiBuiltInKeywords.getText(com.kms.katalon.core.testobject.ObjectRepository.findTestObject(Final Object Repo/WorkFlow Listing Page/Workflow Found - Listing 1), STOP_ON_FAILURE): Text of object 'Object Repository/Final Object Repo/WorkFlow Listing Page/Workflow Found - Listing 1' is: 'JOHORuo2'

2018-11-15 10:11:31 - [MESSAGE][PASSED] - Text of object 'Object Repository/Final Object Repo/WorkFlow Listing Page/Workflow Found - Listing 1' is: 'JOHORuo2'

2018-11-15 10:11:31 - [TEST_STEP][PASSED] - Statement - OwnerID = OwnerID.toLowerCase() + "@gmail.com": null

2018-11-15 10:11:31 - [TEST_STEP][PASSED] - Statement - println(OwnerID): null

2018-11-15 10:11:31 - [TEST_STEP][PASSED] - delay: Delayed 2 second(s)

2018-11-15 10:11:33 - [MESSAGE][PASSED] - Delayed 2 second(s)

2018-11-15 10:11:33 - [MESSAGE][PASSED] - Call Test Case 'Test Cases/Final Aug 2018 - PKS Automation/Common/Workflow Owner Finder' successfully

2018-11-15 10:11:33 - [TEST_STEP][PASSED] - delay: Delayed 1 second(s)

2018-11-15 10:11:34 - [MESSAGE][PASSED] - Delayed 1 second(s)

2018-11-15 10:11:34 - [TEST_STEP][PASSED] - navigateToUrl: Navigate to 'https://assist2-uat.perkeso.gov.my/c/portal/logout' successfully

2018-11-15 10:11:36 - [MESSAGE][PASSED] - Navigate to 'https://assist2-uat.perkeso.gov.my/c/portal/logout' successfully

2018-11-15 10:11:36 - [TEST_STEP][PASSED] - callTestCase: Call Test Case 'Test Cases/Final Aug 2018 - PKS Automation/Registration Module/Workflow/Login and Search Case For Workflow' successfully

2018-11-15 10:11:36 - [TEST_CASE][PASSED] - Test Cases/Final Aug 2018 - PKS Automation/Registration Module/Workflow/Login and Search Case For Workflow: Test Cases/Final Aug 2018 - PKS Automation/Registration Module/Workflow/Login and Search Case For Workflow

2018-11-15 10:11:36 - [TEST_STEP][PASSED] - navigateToUrl: Navigate to 'https://assist2-uat.perkeso.gov.my/login' successfully

2018-11-15 10:11:37 - [MESSAGE][PASSED] - Navigate to 'https://assist2-uat.perkeso.gov.my/login' successfully

2018-11-15 10:11:37 - [TEST_STEP][PASSED] - setText: Text 'johoruo2@gmail.com' is set on object 'Object Repository/Final Object Repo/Login Page/Internal User/Email Address'

2018-11-15 10:11:37 - [MESSAGE][PASSED] - Text 'johoruo2@gmail.com' is set on object 'Object Repository/Final Object Repo/Login Page/Internal User/Email Address'

2018-11-15 10:11:37 - [TEST_STEP][PASSED] - click: Object: 'Object Repository/Final Object Repo/Login Page/Internal User/Next Button' is clicked on

2018-11-15 10:11:38 - [MESSAGE][PASSED] - Object: 'Object Repository/Final Object Repo/Login Page/Internal User/Next Button' is clicked on

2018-11-15 10:11:38 - [TEST_STEP][PASSED] - delay: Delayed 1 second(s)

2018-11-15 10:11:39 - [MESSAGE][PASSED] - Delayed 1 second(s)

2018-11-15 10:11:39 - [TEST_STEP][PASSED] - setEncryptedText: Text ****** has been set on object 'Object Repository/Final Object Repo/Login Page/Internal User/Password'

2018-11-15 10:11:39 - [MESSAGE][PASSED] - Text ****** has been set on object 'Object Repository/Final Object Repo/Login Page/Internal User/Password'

2018-11-15 10:11:39 - [TEST_STEP][PASSED] - click: Object: 'Object Repository/Final Object Repo/Login Page/Internal User/Login Button' is clicked on

2018-11-15 10:11:41 - [MESSAGE][PASSED] - Object: 'Object Repository/Final Object Repo/Login Page/Internal User/Login Button' is clicked on

2018-11-15 10:11:41 - [TEST_STEP][PASSED] - delay: Delayed 2 second(s)

2018-11-15 10:11:43 - [MESSAGE][PASSED] - Delayed 2 second(s)

2018-11-15 10:11:43 - [TEST_STEP][PASSED] - Statement - Try: Delayed 2 second(s)

2018-11-15 10:11:43 - [TEST_STEP][PASSED] - Statement - Checker = false: null

2018-11-15 10:11:43 - [TEST_STEP][PASSED] - Statement - Checker = com.kms.katalon.core.webui.keyword.WebUiBuiltInKeywords.verifyElementHasAttribute(com.kms.katalon.core.testobject.ObjectRepository.findTestObject(Final Object Repo/Landing Page/BM Detecting), "href", 20, OPTIONAL): Object 'Object Repository/Final Object Repo/Landing Page/BM Detecting' has attribute 'href'

2018-11-15 10:11:43 - [MESSAGE][PASSED] - Object 'Object Repository/Final Object Repo/Landing Page/BM Detecting' has attribute 'href'

2018-11-15 10:11:43 - [TEST_STEP][PASSED] - Statement - out.println(Checker): null

2018-11-15 10:11:43 - [TEST_STEP][PASSED] - Statement - If (Checker == false): null

2018-11-15 10:11:43 - [TEST_STEP][PASSED] - Statement - Else: null

2018-11-15 10:11:43 - [TEST_STEP][PASSED] - delay: Delayed 2 second(s)

2018-11-15 10:11:45 - [MESSAGE][PASSED] - Delayed 2 second(s)

2018-11-15 10:11:45 - [TEST_STEP][PASSED] - click: Object: 'Object Repository/Final Object Repo/Page_MyASSIST - ASSIST - Search Pending Case For Add Supporting Document/Search Information' is clicked on

2018-11-15 10:11:45 - [MESSAGE][PASSED] - Object: 'Object Repository/Final Object Repo/Page_MyASSIST - ASSIST - Search Pending Case For Add Supporting Document/Search Information' is clicked on

2018-11-15 10:11:45 - [TEST_STEP][PASSED] - delay: Delayed 3 second(s)

2018-11-15 10:11:48 - [MESSAGE][PASSED] - Delayed 3 second(s)

2018-11-15 10:11:48 - [TEST_STEP][PASSED] - sendKeys: Keys 'CUN112018C100005436' sent to object: 'Object Repository/Final Object Repo/Page_MyASSIST - ASSIST - Search Pending Case For Add Supporting Document/Reference No'

2018-11-15 10:11:49 - [MESSAGE][PASSED] - Keys 'CUN112018C100005436' sent to object: 'Object Repository/Final Object Repo/Page_MyASSIST - ASSIST - Search Pending Case For Add Supporting Document/Reference No'

2018-11-15 10:11:49 - [TEST_STEP][PASSED] - click: Object: 'Object Repository/Final Object Repo/Page_MyASSIST - ASSIST - Search Pending Case For Add Supporting Document/Search Reference No' is clicked on

2018-11-15 10:11:50 - [MESSAGE][PASSED] - Object: 'Object Repository/Final Object Repo/Page_MyASSIST - ASSIST - Search Pending Case For Add Supporting Document/Search Reference No' is clicked on

2018-11-15 10:11:50 - [TEST_STEP][PASSED] - delay: Delayed 2 second(s)

2018-11-15 10:11:52 - [MESSAGE][PASSED] - Delayed 2 second(s)

2018-11-15 10:11:52 - [TEST_STEP][PASSED] - click: Object: 'Object Repository/Final Object Repo/Page_MyASSIST - ASSIST - Search Pending Case For Add Supporting Document/Continue' is clicked on

2018-11-15 10:11:56 - [MESSAGE][PASSED] - Object: 'Object Repository/Final Object Repo/Page_MyASSIST - ASSIST - Search Pending Case For Add Supporting Document/Continue' is clicked on

2018-11-15 10:11:56 - [TEST_STEP][PASSED] - delay: Delayed 20 second(s)

2018-11-15 10:12:16 - [MESSAGE][PASSED] - Delayed 20 second(s)

2018-11-15 10:12:16 - [MESSAGE][PASSED] - Call Test Case 'Test Cases/Final Aug 2018 - PKS Automation/Registration Module/Workflow/Login and Search Case For Workflow' successfully

2018-11-15 10:12:16 - [TEST_STEP][PASSED] - delay: Delayed 10 second(s)

2018-11-15 10:12:26 - [MESSAGE][PASSED] - Delayed 10 second(s)

2018-11-15 10:12:26 - [TEST_STEP][PASSED] - click: Object: 'Object Repository/Final Object Repo/Page_Update Employer Information/Page_Update Employer Information UO (Approve)/Continue' is clicked on

2018-11-15 10:12:31 - [MESSAGE][PASSED] - Object: 'Object Repository/Final Object Repo/Page_Update Employer Information/Page_Update Employer Information UO (Approve)/Continue' is clicked on

2018-11-15 10:12:31 - [TEST_STEP][PASSED] - delay: Delayed 10 second(s)

2018-11-15 10:12:41 - [MESSAGE][PASSED] - Delayed 10 second(s)

2018-11-15 10:12:41 - [TEST_STEP][PASSED] - click: Object: 'Object Repository/Final Object Repo/Page_Update Employer Information/Page_Update Employer Information UO (Approve)/Save  Continue in Update Employer Information Page' is clicked on

2018-11-15 10:12:46 - [MESSAGE][PASSED] - Object: 'Object Repository/Final Object Repo/Page_Update Employer Information/Page_Update Employer Information UO (Approve)/Save  Continue in Update Employer Information Page' is clicked on

2018-11-15 10:12:46 - [TEST_STEP][PASSED] - delay: Delayed 3 second(s)

2018-11-15 10:12:49 - [MESSAGE][PASSED] - Delayed 3 second(s)

2018-11-15 10:12:49 - [TEST_STEP][PASSED] - click: Object: 'Object Repository/Final Object Repo/Page_Update Employer Information/Page_Update Employer Information UO (Approve)/Save  Continue in Uploading Supporting Document Page' is clicked on

2018-11-15 10:12:54 - [MESSAGE][PASSED] - Object: 'Object Repository/Final Object Repo/Page_Update Employer Information/Page_Update Employer Information UO (Approve)/Save  Continue in Uploading Supporting Document Page' is clicked on

2018-11-15 10:12:54 - [TEST_STEP][PASSED] - delay: Delayed 3 second(s)

2018-11-15 10:12:57 - [MESSAGE][PASSED] - Delayed 3 second(s)

2018-11-15 10:12:57 - [TEST_STEP][PASSED] - click: Object: 'Object Repository/Final Object Repo/Page_Update Employer Information/Page_Update Employer Information UO (Approve)/Approve' is clicked on

2018-11-15 10:12:58 - [MESSAGE][PASSED] - Object: 'Object Repository/Final Object Repo/Page_Update Employer Information/Page_Update Employer Information UO (Approve)/Approve' is clicked on

2018-11-15 10:12:58 - [TEST_STEP][PASSED] - delay: Delayed 2 second(s)

2018-11-15 10:13:00 - [MESSAGE][PASSED] - Delayed 2 second(s)

2018-11-15 10:13:00 - [TEST_STEP][PASSED] - click: Object: 'Object Repository/Final Object Repo/Page_Update Employer Information/Page_Update Employer Information UO (Approve)/Confirm' is clicked on

2018-11-15 10:13:05 - [MESSAGE][PASSED] - Object: 'Object Repository/Final Object Repo/Page_Update Employer Information/Page_Update Employer Information UO (Approve)/Confirm' is clicked on

2018-11-15 10:13:05 - [TEST_STEP][PASSED] - delay: Delayed 2 second(s)

2018-11-15 10:13:07 - [MESSAGE][PASSED] - Delayed 2 second(s)

2018-11-15 10:13:07 - [TEST_STEP][PASSED] - verifyElementVisible: Object 'Object Repository/Final Object Repo/Page_Update Employer Information/Page_Update Employer Information UO (Approve)/Message Your Request' is visible

2018-11-15 10:13:10 - [MESSAGE][PASSED] - Object 'Object Repository/Final Object Repo/Page_Update Employer Information/Page_Update Employer Information UO (Approve)/Message Your Request' is visible

2018-11-15 10:13:10 - [TEST_STEP][PASSED] - verifyElementVisible: Object 'Object Repository/Final Object Repo/Page_Update Employer Information/Page_Update Employer Information UO (Approve)/Letter of successful update' is visible

2018-11-15 10:13:10 - [MESSAGE][PASSED] - Object 'Object Repository/Final Object Repo/Page_Update Employer Information/Page_Update Employer Information UO (Approve)/Letter of successful update' is visible

2018-11-15 10:13:10 - [MESSAGE][PASSED] - Call Test Case 'Test Cases/Final Aug 2018 - PKS Automation/Registration Module/Workflow/Update Employer Information/Template/Update Employer Information - Special Case - UO (Approve)' successfully]]></system-out>
         <system-err><![CDATA[]]></system-err>
      </testcase>
      <testcase name="Test Cases/Final Aug 2018 - PKS Automation/Registration Module/Workflow/Update Employer Information/Employer - UO (Query)" classname="Test Cases/Final Aug 2018 - PKS Automation/Registration Module/Workflow/Update Employer Information/Employer - UO (Query)" status="PASSED">
         <system-out><![CDATA[2018-11-15 10:13:10 - [TEST_CASE][PASSED] - Test Cases/Final Aug 2018 - PKS Automation/Registration Module/Workflow/Update Employer Information/Employer - UO (Query): Test Cases/Final Aug 2018 - PKS Automation/Registration Module/Workflow/Update Employer Information/Employer - UO (Query)

2018-11-15 10:13:10 - [TEST_STEP][PASSED] - callTestCase: Call Test Case 'Test Cases/Final Aug 2018 - PKS Automation/Registration Module/Workflow/Update Employer Information/Template/Update Employer Information - Special Case (Employer)' successfully

2018-11-15 10:13:10 - [TEST_CASE][PASSED] - Test Cases/Final Aug 2018 - PKS Automation/Registration Module/Workflow/Update Employer Information/Template/Update Employer Information - Special Case (Employer): Test Cases/Final Aug 2018 - PKS Automation/Registration Module/Workflow/Update Employer Information/Template/Update Employer Information - Special Case (Employer)

2018-11-15 10:13:10 - [TEST_STEP][PASSED] - callTestCase: Call Test Case 'Test Cases/Final Aug 2018 - PKS Automation/Create Employer Acc/Login to Employer Account (Second time)' successfully

2018-11-15 10:13:10 - [TEST_CASE][PASSED] - Test Cases/Final Aug 2018 - PKS Automation/Create Employer Acc/Login to Employer Account (Second time): Test Cases/Final Aug 2018 - PKS Automation/Create Employer Acc/Login to Employer Account (Second time)

2018-11-15 10:13:10 - [TEST_STEP][PASSED] - openBrowser: Browser is opened with url: ''

2018-11-15 10:13:10 - [MESSAGE][WARNING] - A browser is already opened. Closing browser and opening a new one

2018-11-15 10:13:16 - [MESSAGE][PASSED] - Browser is opened with url: ''

2018-11-15 10:13:16 - [TEST_STEP][PASSED] - navigateToUrl: Navigate to 'https://assist2-uat.perkeso.gov.my/employer/login' successfully

2018-11-15 10:13:17 - [MESSAGE][PASSED] - Navigate to 'https://assist2-uat.perkeso.gov.my/employer/login' successfully

2018-11-15 10:13:17 - [TEST_STEP][PASSED] - delay: Delayed 3 second(s)

2018-11-15 10:13:20 - [MESSAGE][PASSED] - Delayed 3 second(s)

2018-11-15 10:13:20 - [TEST_STEP][PASSED] - callTestCase: Call Test Case 'Test Cases/Final Aug 2018 - PKS Automation/Create Employer Acc/Template/Employer Email Getter' successfully

2018-11-15 10:13:21 - [TEST_CASE][PASSED] - Test Cases/Final Aug 2018 - PKS Automation/Create Employer Acc/Template/Employer Email Getter: Test Cases/Final Aug 2018 - PKS Automation/Create Employer Acc/Template/Employer Email Getter

2018-11-15 10:13:21 - [TEST_STEP][PASSED] - Statement - Try: null

2018-11-15 10:13:21 - [TEST_STEP][PASSED] - Statement - EmpEmail = new java.io.File(C://EmpEmail.txt): null

2018-11-15 10:13:21 - [TEST_STEP][PASSED] - Statement - bufferread = new java.io.BufferedReader(new java.io.FileReader(EmpEmail)): null

2018-11-15 10:13:21 - [TEST_STEP][PASSED] - Statement - readedVal = bufferread.readLine(): null

2018-11-15 10:13:21 - [TEST_STEP][PASSED] - Statement - out.println(readedVal): null

2018-11-15 10:13:21 - [TEST_STEP][PASSED] - Statement - Email = readedVal: null

2018-11-15 10:13:21 - [MESSAGE][PASSED] - Call Test Case 'Test Cases/Final Aug 2018 - PKS Automation/Create Employer Acc/Template/Employer Email Getter' successfully

2018-11-15 10:13:21 - [TEST_STEP][PASSED] - setText: Text 'perkeso567246757700@gmail.com' is set on object 'Object Repository/Final Object Repo/Login Page/External Login Page/Email'

2018-11-15 10:13:21 - [MESSAGE][PASSED] - Text 'perkeso567246757700@gmail.com' is set on object 'Object Repository/Final Object Repo/Login Page/External Login Page/Email'

2018-11-15 10:13:21 - [TEST_STEP][PASSED] - click: Object: 'Object Repository/Final Object Repo/Login Page/External Login Page/Next' is clicked on

2018-11-15 10:13:21 - [MESSAGE][PASSED] - Object: 'Object Repository/Final Object Repo/Login Page/External Login Page/Next' is clicked on

2018-11-15 10:13:21 - [TEST_STEP][PASSED] - delay: Delayed 3 second(s)

2018-11-15 10:13:24 - [MESSAGE][PASSED] - Delayed 3 second(s)

2018-11-15 10:13:24 - [TEST_STEP][PASSED] - setEncryptedText: Text ****** has been set on object 'Object Repository/Final Object Repo/Login Page/External Login Page/Password'

2018-11-15 10:13:24 - [MESSAGE][PASSED] - Text ****** has been set on object 'Object Repository/Final Object Repo/Login Page/External Login Page/Password'

2018-11-15 10:13:24 - [TEST_STEP][PASSED] - click: Object: 'Object Repository/Final Object Repo/Login Page/External Login Page/Login' is clicked on

2018-11-15 10:13:31 - [MESSAGE][PASSED] - Object: 'Object Repository/Final Object Repo/Login Page/External Login Page/Login' is clicked on

2018-11-15 10:13:31 - [TEST_STEP][PASSED] - delay: Delayed 5 second(s)

2018-11-15 10:13:36 - [MESSAGE][PASSED] - Delayed 5 second(s)

2018-11-15 10:13:36 - [MESSAGE][PASSED] - Call Test Case 'Test Cases/Final Aug 2018 - PKS Automation/Create Employer Acc/Login to Employer Account (Second time)' successfully

2018-11-15 10:13:36 - [TEST_STEP][PASSED] - Statement - Try: Delayed 2 second(s)

2018-11-15 10:13:36 - [TEST_STEP][PASSED] - Statement - Checker = false: null

2018-11-15 10:13:36 - [TEST_STEP][PASSED] - Statement - Checker = com.kms.katalon.core.webui.keyword.WebUiBuiltInKeywords.verifyElementHasAttribute(com.kms.katalon.core.testobject.ObjectRepository.findTestObject(Final Object Repo/Landing Page/BM Detecting), "href", 20, OPTIONAL): Object 'Object Repository/Final Object Repo/Landing Page/BM Detecting' has attribute 'href'

2018-11-15 10:13:36 - [MESSAGE][PASSED] - Object 'Object Repository/Final Object Repo/Landing Page/BM Detecting' has attribute 'href'

2018-11-15 10:13:36 - [TEST_STEP][PASSED] - Statement - out.println(Checker): null

2018-11-15 10:13:36 - [TEST_STEP][PASSED] - Statement - If (Checker == false): null

2018-11-15 10:13:36 - [TEST_STEP][PASSED] - Statement - Else: null

2018-11-15 10:13:36 - [TEST_STEP][PASSED] - delay: Delayed 2 second(s)

2018-11-15 10:13:38 - [MESSAGE][PASSED] - Delayed 2 second(s)

2018-11-15 10:13:38 - [TEST_STEP][PASSED] - navigateToUrl: Navigate to 'https://assist2-uat.perkeso.gov.my/web/registration/update/update-employer-information' successfully

2018-11-15 10:13:39 - [MESSAGE][PASSED] - Navigate to 'https://assist2-uat.perkeso.gov.my/web/registration/update/update-employer-information' successfully

2018-11-15 10:13:39 - [TEST_STEP][PASSED] - click: Object: 'Object Repository/Final Object Repo/Page_Update Employer Information/Edit Button' is clicked on

2018-11-15 10:13:43 - [MESSAGE][PASSED] - Object: 'Object Repository/Final Object Repo/Page_Update Employer Information/Edit Button' is clicked on

2018-11-15 10:13:43 - [TEST_STEP][PASSED] - click: Object: 'Object Repository/Final Object Repo/Page_Update Employer Information/Business Entity' is clicked on

2018-11-15 10:13:43 - [MESSAGE][PASSED] - Object: 'Object Repository/Final Object Repo/Page_Update Employer Information/Business Entity' is clicked on

2018-11-15 10:13:43 - [TEST_STEP][PASSED] - Statement - CurrentBusinessEntity = "": null

2018-11-15 10:13:43 - [TEST_STEP][PASSED] - Statement - CurrentBusinessEntity = com.kms.katalon.core.webui.keyword.WebUiBuiltInKeywords.getText(com.kms.katalon.core.testobject.ObjectRepository.findTestObject(Final Object Repo/Page_Update Employer Information/Current Business Entity)): Text of object 'Object Repository/Final Object Repo/Page_Update Employer Information/Current Business Entity' is: 'Partnership'

2018-11-15 10:13:43 - [MESSAGE][PASSED] - Text of object 'Object Repository/Final Object Repo/Page_Update Employer Information/Current Business Entity' is: 'Partnership'

2018-11-15 10:13:43 - [TEST_STEP][PASSED] - Statement - out.println(CurrentBusinessEntity): null

2018-11-15 10:13:43 - [TEST_STEP][PASSED] - Statement - If (CurrentBusinessEntity == "Corporation"): null

2018-11-15 10:13:43 - [TEST_STEP][PASSED] - Statement - Else If (CurrentBusinessEntity == "Partnership"): Delayed 3 second(s)

2018-11-15 10:13:43 - [TEST_STEP][PASSED] - Statement - obj = com.kms.katalon.core.webui.keyword.WebUiBuiltInKeywords.modifyObjectProperty(com.kms.katalon.core.testobject.ObjectRepository.findTestObject(Final Object Repo/Page_Update Employer Information/change to this Business Entity), "xpath", "equals", "//ul/li/span[contains(text(),"Sole Proprietor / Individual Business")]", true, STOP_ON_FAILURE): Modify property of object successfully

2018-11-15 10:13:43 - [MESSAGE][PASSED] - Modify property of object successfully

2018-11-15 10:13:43 - [TEST_STEP][PASSED] - click: Object: 'Object Repository/Final Object Repo/Page_Update Employer Information/change to this Business Entity' is clicked on

2018-11-15 10:13:44 - [MESSAGE][PASSED] - Object: 'Object Repository/Final Object Repo/Page_Update Employer Information/change to this Business Entity' is clicked on

2018-11-15 10:13:44 - [TEST_STEP][PASSED] - delay: Delayed 1 second(s)

2018-11-15 10:13:45 - [MESSAGE][PASSED] - Delayed 1 second(s)

2018-11-15 10:13:45 - [TEST_STEP][PASSED] - click: Object: 'Object Repository/Final Object Repo/Page_Update Employer Information/Sub Business Entity' is clicked on

2018-11-15 10:13:45 - [MESSAGE][PASSED] - Object: 'Object Repository/Final Object Repo/Page_Update Employer Information/Sub Business Entity' is clicked on

2018-11-15 10:13:45 - [TEST_STEP][PASSED] - click: Object: 'Object Repository/Final Object Repo/Page_Update Employer Information/Sub Business Entity - Sole Properietor - Registered with other Agencies' is clicked on

2018-11-15 10:13:46 - [MESSAGE][PASSED] - Object: 'Object Repository/Final Object Repo/Page_Update Employer Information/Sub Business Entity - Sole Properietor - Registered with other Agencies' is clicked on

2018-11-15 10:13:46 - [TEST_STEP][PASSED] - delay: Delayed 3 second(s)

2018-11-15 10:13:49 - [MESSAGE][PASSED] - Delayed 3 second(s)

2018-11-15 10:13:49 - [TEST_STEP][PASSED] - delay: Delayed 4 second(s)

2018-11-15 10:13:53 - [MESSAGE][PASSED] - Delayed 4 second(s)

2018-11-15 10:13:53 - [TEST_STEP][PASSED] - click: Object: 'Object Repository/Final Object Repo/Page_Update Employer Information/Save  Continue' is clicked on

2018-11-15 10:13:58 - [MESSAGE][PASSED] - Object: 'Object Repository/Final Object Repo/Page_Update Employer Information/Save  Continue' is clicked on

2018-11-15 10:13:58 - [TEST_STEP][PASSED] - delay: Delayed 4 second(s)

2018-11-15 10:14:02 - [MESSAGE][PASSED] - Delayed 4 second(s)

2018-11-15 10:14:02 - [TEST_STEP][PASSED] - click: Object: 'Object Repository/Final Object Repo/Page_Update Employer Information/Save  Continue (1)' is clicked on

2018-11-15 10:14:07 - [MESSAGE][PASSED] - Object: 'Object Repository/Final Object Repo/Page_Update Employer Information/Save  Continue (1)' is clicked on

2018-11-15 10:14:07 - [TEST_STEP][PASSED] - Statement - CaseReferenceNo = com.kms.katalon.core.webui.keyword.WebUiBuiltInKeywords.getText(com.kms.katalon.core.testobject.ObjectRepository.findTestObject(Final Object Repo/Page_Update Employer Information/Reference Number in Update Employee Information Page)): Text of object 'Object Repository/Final Object Repo/Page_Update Employer Information/Reference Number in Update Employee Information Page' is: 'CUN112018C100005437'

2018-11-15 10:14:07 - [MESSAGE][PASSED] - Text of object 'Object Repository/Final Object Repo/Page_Update Employer Information/Reference Number in Update Employee Information Page' is: 'CUN112018C100005437'

2018-11-15 10:14:07 - [TEST_STEP][PASSED] - callTestCase: Call Test Case 'Test Cases/Final Aug 2018 - PKS Automation/Common/Reference Number Setter' successfully

2018-11-15 10:14:07 - [TEST_CASE][PASSED] - Test Cases/Final Aug 2018 - PKS Automation/Common/Reference Number Setter: Test Cases/Final Aug 2018 - PKS Automation/Common/Reference Number Setter

2018-11-15 10:14:07 - [TEST_STEP][PASSED] - Statement - RefNoOldFile = new java.io.File(C://KatalonReference.txt): null

2018-11-15 10:14:07 - [TEST_STEP][PASSED] - Statement - RefNoOldFile.delete(): null

2018-11-15 10:14:07 - [TEST_STEP][PASSED] - delay: Delayed 5 second(s)

2018-11-15 10:14:12 - [MESSAGE][PASSED] - Delayed 5 second(s)

2018-11-15 10:14:12 - [TEST_STEP][PASSED] - Statement - RefNo = new java.io.File(C://KatalonReference.txt): null

2018-11-15 10:14:12 - [TEST_STEP][PASSED] - Statement - f2 = new java.io.FileWriter(RefNo, false): null

2018-11-15 10:14:12 - [TEST_STEP][PASSED] - Statement - f2.write(CaseReferenceNo): null

2018-11-15 10:14:12 - [TEST_STEP][PASSED] - Statement - f2.close(): null

2018-11-15 10:14:12 - [TEST_STEP][PASSED] - Statement - out.println("


" + CaseReferenceNo + "


"): null

2018-11-15 10:14:12 - [MESSAGE][PASSED] - Call Test Case 'Test Cases/Final Aug 2018 - PKS Automation/Common/Reference Number Setter' successfully

2018-11-15 10:14:12 - [TEST_STEP][PASSED] - delay: Delayed 4 second(s)

2018-11-15 10:14:16 - [MESSAGE][PASSED] - Delayed 4 second(s)

2018-11-15 10:14:16 - [TEST_STEP][PASSED] - click: Object: 'Object Repository/Final Object Repo/Page_Update Employer Information/Submit - Copy' is clicked on

2018-11-15 10:14:16 - [MESSAGE][PASSED] - Object: 'Object Repository/Final Object Repo/Page_Update Employer Information/Submit - Copy' is clicked on

2018-11-15 10:14:16 - [TEST_STEP][PASSED] - delay: Delayed 2 second(s)

2018-11-15 10:14:18 - [MESSAGE][PASSED] - Delayed 2 second(s)

2018-11-15 10:14:18 - [TEST_STEP][PASSED] - click: Object: 'Object Repository/Final Object Repo/Page_Update Employer Information/Confirm' is clicked on

2018-11-15 10:14:24 - [MESSAGE][PASSED] - Object: 'Object Repository/Final Object Repo/Page_Update Employer Information/Confirm' is clicked on

2018-11-15 10:14:24 - [TEST_STEP][PASSED] - delay: Delayed 2 second(s)

2018-11-15 10:14:26 - [MESSAGE][PASSED] - Delayed 2 second(s)

2018-11-15 10:14:26 - [TEST_STEP][PASSED] - click: Object: 'Object Repository/Final Object Repo/Page_Update Employer Information/Message Your Request will be route' is clicked on

2018-11-15 10:14:26 - [MESSAGE][PASSED] - Object: 'Object Repository/Final Object Repo/Page_Update Employer Information/Message Your Request will be route' is clicked on

2018-11-15 10:14:26 - [MESSAGE][PASSED] - Call Test Case 'Test Cases/Final Aug 2018 - PKS Automation/Registration Module/Workflow/Update Employer Information/Template/Update Employer Information - Special Case (Employer)' successfully

2018-11-15 10:14:26 - [TEST_STEP][PASSED] - callTestCase: Call Test Case 'Test Cases/Final Aug 2018 - PKS Automation/Registration Module/Workflow/Update Employer Information/Template/Update Employer Information - Special Case - UO (Query)' successfully

2018-11-15 10:14:26 - [TEST_CASE][PASSED] - Test Cases/Final Aug 2018 - PKS Automation/Registration Module/Workflow/Update Employer Information/Template/Update Employer Information - Special Case - UO (Query): Test Cases/Final Aug 2018 - PKS Automation/Registration Module/Workflow/Update Employer Information/Template/Update Employer Information - Special Case - UO (Query)

2018-11-15 10:14:26 - [TEST_STEP][NOT_RUN] - callTestCase: NOT_RUN: callTestCase

2018-11-15 10:14:26 - [MESSAGE][NOT_RUN] - NOT_RUN: callTestCase

2018-11-15 10:14:26 - [TEST_STEP][PASSED] - delay: Delayed 1 second(s)

2018-11-15 10:14:27 - [MESSAGE][PASSED] - Delayed 1 second(s)

2018-11-15 10:14:27 - [TEST_STEP][PASSED] - navigateToUrl: Navigate to 'https://assist2-uat.perkeso.gov.my/c/portal/logout' successfully

2018-11-15 10:14:28 - [MESSAGE][PASSED] - Navigate to 'https://assist2-uat.perkeso.gov.my/c/portal/logout' successfully

2018-11-15 10:14:28 - [TEST_STEP][PASSED] - delay: Delayed 1 second(s)

2018-11-15 10:14:29 - [MESSAGE][PASSED] - Delayed 1 second(s)

2018-11-15 10:14:29 - [TEST_STEP][PASSED] - callTestCase: Call Test Case 'Test Cases/Final Aug 2018 - PKS Automation/Common/Reference Number Getter' successfully

2018-11-15 10:14:29 - [TEST_CASE][PASSED] - Test Cases/Final Aug 2018 - PKS Automation/Common/Reference Number Getter: Test Cases/Final Aug 2018 - PKS Automation/Common/Reference Number Getter

2018-11-15 10:14:29 - [TEST_STEP][PASSED] - Statement - Try: null

2018-11-15 10:14:29 - [TEST_STEP][PASSED] - Statement - RefNo = new java.io.File(C://KatalonReference.txt): null

2018-11-15 10:14:29 - [TEST_STEP][PASSED] - Statement - bufferread = new java.io.BufferedReader(new java.io.FileReader(RefNo)): null

2018-11-15 10:14:29 - [TEST_STEP][PASSED] - Statement - readedVal = bufferread.readLine(): null

2018-11-15 10:14:29 - [TEST_STEP][PASSED] - Statement - out.println(CaseReferenceNo): null

2018-11-15 10:14:29 - [TEST_STEP][PASSED] - Statement - out.println(readedVal): null

2018-11-15 10:14:29 - [TEST_STEP][PASSED] - Statement - CaseReferenceNo = "": null

2018-11-15 10:14:29 - [TEST_STEP][PASSED] - Statement - CaseReferenceNo = readedVal: null

2018-11-15 10:14:29 - [MESSAGE][PASSED] - Call Test Case 'Test Cases/Final Aug 2018 - PKS Automation/Common/Reference Number Getter' successfully

2018-11-15 10:14:29 - [TEST_STEP][PASSED] - callTestCase: Call Test Case 'Test Cases/Final Aug 2018 - PKS Automation/Common/Workflow Owner Finder' successfully

2018-11-15 10:14:29 - [TEST_CASE][PASSED] - Test Cases/Final Aug 2018 - PKS Automation/Common/Workflow Owner Finder: Test Cases/Final Aug 2018 - PKS Automation/Common/Workflow Owner Finder

2018-11-15 10:14:29 - [TEST_STEP][PASSED] - openBrowser: Browser is opened with url: ''

2018-11-15 10:14:29 - [MESSAGE][WARNING] - A browser is already opened. Closing browser and opening a new one

2018-11-15 10:14:35 - [MESSAGE][PASSED] - Browser is opened with url: ''

2018-11-15 10:14:35 - [TEST_STEP][PASSED] - navigateToUrl: Navigate to 'https://assist2-uat.perkeso.gov.my/login' successfully

2018-11-15 10:14:37 - [MESSAGE][PASSED] - Navigate to 'https://assist2-uat.perkeso.gov.my/login' successfully

2018-11-15 10:14:37 - [TEST_STEP][PASSED] - delay: Delayed 5 second(s)

2018-11-15 10:14:42 - [MESSAGE][PASSED] - Delayed 5 second(s)

2018-11-15 10:14:42 - [TEST_STEP][PASSED] - setText: Text 'test@liferay.com' is set on object 'Object Repository/Final Object Repo/Login Page/Internal User/Email Address'

2018-11-15 10:14:42 - [MESSAGE][PASSED] - Text 'test@liferay.com' is set on object 'Object Repository/Final Object Repo/Login Page/Internal User/Email Address'

2018-11-15 10:14:42 - [TEST_STEP][PASSED] - click: Object: 'Object Repository/Final Object Repo/Login Page/Internal User/Next Button' is clicked on

2018-11-15 10:14:42 - [MESSAGE][PASSED] - Object: 'Object Repository/Final Object Repo/Login Page/Internal User/Next Button' is clicked on

2018-11-15 10:14:42 - [TEST_STEP][PASSED] - delay: Delayed 2 second(s)

2018-11-15 10:14:44 - [MESSAGE][PASSED] - Delayed 2 second(s)

2018-11-15 10:14:44 - [TEST_STEP][PASSED] - setText: Text 'test' is set on object 'Object Repository/Final Object Repo/Login Page/Internal User/Password'

2018-11-15 10:14:44 - [MESSAGE][PASSED] - Text 'test' is set on object 'Object Repository/Final Object Repo/Login Page/Internal User/Password'

2018-11-15 10:14:44 - [TEST_STEP][PASSED] - delay: Delayed 2 second(s)

2018-11-15 10:14:46 - [MESSAGE][PASSED] - Delayed 2 second(s)

2018-11-15 10:14:46 - [TEST_STEP][PASSED] - click: Object: 'Object Repository/Final Object Repo/Login Page/Internal User/Login Button' is clicked on

2018-11-15 10:14:49 - [MESSAGE][PASSED] - Object: 'Object Repository/Final Object Repo/Login Page/Internal User/Login Button' is clicked on

2018-11-15 10:14:49 - [TEST_STEP][PASSED] - Statement - Try: Delayed 2 second(s)

2018-11-15 10:14:49 - [TEST_STEP][PASSED] - Statement - Checker = false: null

2018-11-15 10:14:49 - [TEST_STEP][PASSED] - Statement - Checker = com.kms.katalon.core.webui.keyword.WebUiBuiltInKeywords.verifyElementHasAttribute(com.kms.katalon.core.testobject.ObjectRepository.findTestObject(Final Object Repo/Landing Page/BM Detecting), "href", 20, OPTIONAL): Object 'Object Repository/Final Object Repo/Landing Page/BM Detecting' has attribute 'href'

2018-11-15 10:14:49 - [MESSAGE][PASSED] - Object 'Object Repository/Final Object Repo/Landing Page/BM Detecting' has attribute 'href'

2018-11-15 10:14:49 - [TEST_STEP][PASSED] - Statement - out.println(Checker): null

2018-11-15 10:14:49 - [TEST_STEP][PASSED] - Statement - If (Checker == false): null

2018-11-15 10:14:49 - [TEST_STEP][PASSED] - Statement - Else: null

2018-11-15 10:14:49 - [TEST_STEP][PASSED] - delay: Delayed 2 second(s)

2018-11-15 10:14:51 - [MESSAGE][PASSED] - Delayed 2 second(s)

2018-11-15 10:14:51 - [TEST_STEP][PASSED] - delay: Delayed 3 second(s)

2018-11-15 10:14:54 - [MESSAGE][PASSED] - Delayed 3 second(s)

2018-11-15 10:14:54 - [TEST_STEP][PASSED] - mouseOver: Object: 'Object Repository/Final Object Repo/Landing Page/WorkFlow Menu' is hovered

2018-11-15 10:14:55 - [MESSAGE][PASSED] - Object: 'Object Repository/Final Object Repo/Landing Page/WorkFlow Menu' is hovered

2018-11-15 10:14:55 - [TEST_STEP][PASSED] - delay: Delayed 2 second(s)

2018-11-15 10:14:57 - [MESSAGE][PASSED] - Delayed 2 second(s)

2018-11-15 10:14:57 - [TEST_STEP][PASSED] - click: Object: 'Object Repository/Final Object Repo/Landing Page/Select to Workflow Listing' is clicked on

2018-11-15 10:14:58 - [MESSAGE][PASSED] - Object: 'Object Repository/Final Object Repo/Landing Page/Select to Workflow Listing' is clicked on

2018-11-15 10:14:58 - [TEST_STEP][PASSED] - delay: Delayed 2 second(s)

2018-11-15 10:15:00 - [MESSAGE][PASSED] - Delayed 2 second(s)

2018-11-15 10:15:00 - [TEST_STEP][PASSED] - click: Object: 'Object Repository/Final Object Repo/WorkFlow Listing Page/Search Information - To Put Ref No' is clicked on

2018-11-15 10:15:00 - [MESSAGE][PASSED] - Object: 'Object Repository/Final Object Repo/WorkFlow Listing Page/Search Information - To Put Ref No' is clicked on

2018-11-15 10:15:00 - [TEST_STEP][PASSED] - delay: Delayed 2 second(s)

2018-11-15 10:15:02 - [MESSAGE][PASSED] - Delayed 2 second(s)

2018-11-15 10:15:02 - [TEST_STEP][PASSED] - callTestCase: Call Test Case 'Test Cases/Final Aug 2018 - PKS Automation/Common/Reference Number Getter' successfully

2018-11-15 10:15:02 - [TEST_CASE][PASSED] - Test Cases/Final Aug 2018 - PKS Automation/Common/Reference Number Getter: Test Cases/Final Aug 2018 - PKS Automation/Common/Reference Number Getter

2018-11-15 10:15:02 - [TEST_STEP][PASSED] - Statement - Try: null

2018-11-15 10:15:02 - [TEST_STEP][PASSED] - Statement - RefNo = new java.io.File(C://KatalonReference.txt): null

2018-11-15 10:15:02 - [TEST_STEP][PASSED] - Statement - bufferread = new java.io.BufferedReader(new java.io.FileReader(RefNo)): null

2018-11-15 10:15:02 - [TEST_STEP][PASSED] - Statement - readedVal = bufferread.readLine(): null

2018-11-15 10:15:02 - [TEST_STEP][PASSED] - Statement - out.println(CaseReferenceNo): null

2018-11-15 10:15:02 - [TEST_STEP][PASSED] - Statement - out.println(readedVal): null

2018-11-15 10:15:02 - [TEST_STEP][PASSED] - Statement - CaseReferenceNo = "": null

2018-11-15 10:15:02 - [TEST_STEP][PASSED] - Statement - CaseReferenceNo = readedVal: null

2018-11-15 10:15:02 - [MESSAGE][PASSED] - Call Test Case 'Test Cases/Final Aug 2018 - PKS Automation/Common/Reference Number Getter' successfully

2018-11-15 10:15:02 - [TEST_STEP][PASSED] - setText: Text 'CUN112018C100005437' is set on object 'Object Repository/Final Object Repo/WorkFlow Listing Page/Ref No Set Text'

2018-11-15 10:15:03 - [MESSAGE][PASSED] - Text 'CUN112018C100005437' is set on object 'Object Repository/Final Object Repo/WorkFlow Listing Page/Ref No Set Text'

2018-11-15 10:15:03 - [TEST_STEP][PASSED] - delay: Delayed 2 second(s)

2018-11-15 10:15:05 - [MESSAGE][PASSED] - Delayed 2 second(s)

2018-11-15 10:15:05 - [TEST_STEP][PASSED] - click: Object: 'Object Repository/Final Object Repo/WorkFlow Listing Page/Search Ref No Search Button' is clicked on

2018-11-15 10:15:06 - [MESSAGE][PASSED] - Object: 'Object Repository/Final Object Repo/WorkFlow Listing Page/Search Ref No Search Button' is clicked on

2018-11-15 10:15:06 - [TEST_STEP][PASSED] - delay: Delayed 4 second(s)

2018-11-15 10:15:10 - [MESSAGE][PASSED] - Delayed 4 second(s)

2018-11-15 10:15:10 - [TEST_STEP][PASSED] - click: Object: 'Object Repository/Final Object Repo/WorkFlow Listing Page/Click Continue Tooltip' is clicked on

2018-11-15 10:15:13 - [MESSAGE][PASSED] - Object: 'Object Repository/Final Object Repo/WorkFlow Listing Page/Click Continue Tooltip' is clicked on

2018-11-15 10:15:13 - [TEST_STEP][PASSED] - delay: Delayed 5 second(s)

2018-11-15 10:15:18 - [MESSAGE][PASSED] - Delayed 5 second(s)

2018-11-15 10:15:18 - [TEST_STEP][PASSED] - doubleClick: Object: 'Object Repository/Final Object Repo/WorkFlow Listing Page/Workflow Found - Listing 1' is double clicked on

2018-11-15 10:15:18 - [MESSAGE][PASSED] - Object: 'Object Repository/Final Object Repo/WorkFlow Listing Page/Workflow Found - Listing 1' is double clicked on

2018-11-15 10:15:18 - [TEST_STEP][PASSED] - Statement - println(OwnerID): null

2018-11-15 10:15:18 - [TEST_STEP][PASSED] - Statement - OwnerID = com.kms.katalon.core.webui.keyword.WebUiBuiltInKeywords.getText(com.kms.katalon.core.testobject.ObjectRepository.findTestObject(Final Object Repo/WorkFlow Listing Page/Workflow Found - Listing 1), STOP_ON_FAILURE): Text of object 'Object Repository/Final Object Repo/WorkFlow Listing Page/Workflow Found - Listing 1' is: 'JOHORuo3'

2018-11-15 10:15:18 - [MESSAGE][PASSED] - Text of object 'Object Repository/Final Object Repo/WorkFlow Listing Page/Workflow Found - Listing 1' is: 'JOHORuo3'

2018-11-15 10:15:18 - [TEST_STEP][PASSED] - Statement - OwnerID = OwnerID.toLowerCase() + "@gmail.com": null

2018-11-15 10:15:18 - [TEST_STEP][PASSED] - Statement - println(OwnerID): null

2018-11-15 10:15:18 - [TEST_STEP][PASSED] - delay: Delayed 2 second(s)

2018-11-15 10:15:20 - [MESSAGE][PASSED] - Delayed 2 second(s)

2018-11-15 10:15:20 - [MESSAGE][PASSED] - Call Test Case 'Test Cases/Final Aug 2018 - PKS Automation/Common/Workflow Owner Finder' successfully

2018-11-15 10:15:20 - [TEST_STEP][PASSED] - delay: Delayed 1 second(s)

2018-11-15 10:15:21 - [MESSAGE][PASSED] - Delayed 1 second(s)

2018-11-15 10:15:21 - [TEST_STEP][PASSED] - navigateToUrl: Navigate to 'https://assist2-uat.perkeso.gov.my/c/portal/logout' successfully

2018-11-15 10:15:22 - [MESSAGE][PASSED] - Navigate to 'https://assist2-uat.perkeso.gov.my/c/portal/logout' successfully

2018-11-15 10:15:22 - [TEST_STEP][PASSED] - delay: Delayed 1 second(s)

2018-11-15 10:15:23 - [MESSAGE][PASSED] - Delayed 1 second(s)

2018-11-15 10:15:23 - [TEST_STEP][PASSED] - callTestCase: Call Test Case 'Test Cases/Final Aug 2018 - PKS Automation/Registration Module/Workflow/Login and Search Case For Workflow' successfully

2018-11-15 10:15:23 - [TEST_CASE][PASSED] - Test Cases/Final Aug 2018 - PKS Automation/Registration Module/Workflow/Login and Search Case For Workflow: Test Cases/Final Aug 2018 - PKS Automation/Registration Module/Workflow/Login and Search Case For Workflow

2018-11-15 10:15:23 - [TEST_STEP][PASSED] - navigateToUrl: Navigate to 'https://assist2-uat.perkeso.gov.my/login' successfully

2018-11-15 10:15:24 - [MESSAGE][PASSED] - Navigate to 'https://assist2-uat.perkeso.gov.my/login' successfully

2018-11-15 10:15:24 - [TEST_STEP][PASSED] - setText: Text 'johoruo3@gmail.com' is set on object 'Object Repository/Final Object Repo/Login Page/Internal User/Email Address'

2018-11-15 10:15:24 - [MESSAGE][PASSED] - Text 'johoruo3@gmail.com' is set on object 'Object Repository/Final Object Repo/Login Page/Internal User/Email Address'

2018-11-15 10:15:24 - [TEST_STEP][PASSED] - click: Object: 'Object Repository/Final Object Repo/Login Page/Internal User/Next Button' is clicked on

2018-11-15 10:15:25 - [MESSAGE][PASSED] - Object: 'Object Repository/Final Object Repo/Login Page/Internal User/Next Button' is clicked on

2018-11-15 10:15:25 - [TEST_STEP][PASSED] - delay: Delayed 1 second(s)

2018-11-15 10:15:26 - [MESSAGE][PASSED] - Delayed 1 second(s)

2018-11-15 10:15:26 - [TEST_STEP][PASSED] - setEncryptedText: Text ****** has been set on object 'Object Repository/Final Object Repo/Login Page/Internal User/Password'

2018-11-15 10:15:26 - [MESSAGE][PASSED] - Text ****** has been set on object 'Object Repository/Final Object Repo/Login Page/Internal User/Password'

2018-11-15 10:15:26 - [TEST_STEP][PASSED] - click: Object: 'Object Repository/Final Object Repo/Login Page/Internal User/Login Button' is clicked on

2018-11-15 10:15:28 - [MESSAGE][PASSED] - Object: 'Object Repository/Final Object Repo/Login Page/Internal User/Login Button' is clicked on

2018-11-15 10:15:28 - [TEST_STEP][PASSED] - delay: Delayed 2 second(s)

2018-11-15 10:15:30 - [MESSAGE][PASSED] - Delayed 2 second(s)

2018-11-15 10:15:30 - [TEST_STEP][PASSED] - Statement - Try: Delayed 2 second(s)

2018-11-15 10:15:30 - [TEST_STEP][PASSED] - Statement - Checker = false: null

2018-11-15 10:15:30 - [TEST_STEP][PASSED] - Statement - Checker = com.kms.katalon.core.webui.keyword.WebUiBuiltInKeywords.verifyElementHasAttribute(com.kms.katalon.core.testobject.ObjectRepository.findTestObject(Final Object Repo/Landing Page/BM Detecting), "href", 20, OPTIONAL): Object 'Object Repository/Final Object Repo/Landing Page/BM Detecting' has attribute 'href'

2018-11-15 10:15:30 - [MESSAGE][PASSED] - Object 'Object Repository/Final Object Repo/Landing Page/BM Detecting' has attribute 'href'

2018-11-15 10:15:30 - [TEST_STEP][PASSED] - Statement - out.println(Checker): null

2018-11-15 10:15:30 - [TEST_STEP][PASSED] - Statement - If (Checker == false): null

2018-11-15 10:15:30 - [TEST_STEP][PASSED] - Statement - Else: null

2018-11-15 10:15:30 - [TEST_STEP][PASSED] - delay: Delayed 2 second(s)

2018-11-15 10:15:32 - [MESSAGE][PASSED] - Delayed 2 second(s)

2018-11-15 10:15:32 - [TEST_STEP][PASSED] - click: Object: 'Object Repository/Final Object Repo/Page_MyASSIST - ASSIST - Search Pending Case For Add Supporting Document/Search Information' is clicked on

2018-11-15 10:15:32 - [MESSAGE][PASSED] - Object: 'Object Repository/Final Object Repo/Page_MyASSIST - ASSIST - Search Pending Case For Add Supporting Document/Search Information' is clicked on

2018-11-15 10:15:32 - [TEST_STEP][PASSED] - delay: Delayed 3 second(s)

2018-11-15 10:15:35 - [MESSAGE][PASSED] - Delayed 3 second(s)

2018-11-15 10:15:35 - [TEST_STEP][PASSED] - sendKeys: Keys 'CUN112018C100005437' sent to object: 'Object Repository/Final Object Repo/Page_MyASSIST - ASSIST - Search Pending Case For Add Supporting Document/Reference No'

2018-11-15 10:15:35 - [MESSAGE][PASSED] - Keys 'CUN112018C100005437' sent to object: 'Object Repository/Final Object Repo/Page_MyASSIST - ASSIST - Search Pending Case For Add Supporting Document/Reference No'

2018-11-15 10:15:35 - [TEST_STEP][PASSED] - click: Object: 'Object Repository/Final Object Repo/Page_MyASSIST - ASSIST - Search Pending Case For Add Supporting Document/Search Reference No' is clicked on

2018-11-15 10:15:37 - [MESSAGE][PASSED] - Object: 'Object Repository/Final Object Repo/Page_MyASSIST - ASSIST - Search Pending Case For Add Supporting Document/Search Reference No' is clicked on

2018-11-15 10:15:37 - [TEST_STEP][PASSED] - delay: Delayed 2 second(s)

2018-11-15 10:15:39 - [MESSAGE][PASSED] - Delayed 2 second(s)

2018-11-15 10:15:39 - [TEST_STEP][PASSED] - click: Object: 'Object Repository/Final Object Repo/Page_MyASSIST - ASSIST - Search Pending Case For Add Supporting Document/Continue' is clicked on

2018-11-15 10:15:43 - [MESSAGE][PASSED] - Object: 'Object Repository/Final Object Repo/Page_MyASSIST - ASSIST - Search Pending Case For Add Supporting Document/Continue' is clicked on

2018-11-15 10:15:43 - [TEST_STEP][PASSED] - delay: Delayed 20 second(s)

2018-11-15 10:16:03 - [MESSAGE][PASSED] - Delayed 20 second(s)

2018-11-15 10:16:03 - [MESSAGE][PASSED] - Call Test Case 'Test Cases/Final Aug 2018 - PKS Automation/Registration Module/Workflow/Login and Search Case For Workflow' successfully

2018-11-15 10:16:03 - [TEST_STEP][PASSED] - delay: Delayed 2 second(s)

2018-11-15 10:16:05 - [MESSAGE][PASSED] - Delayed 2 second(s)

2018-11-15 10:16:05 - [TEST_STEP][PASSED] - click: Object: 'Object Repository/Final Object Repo/Page_Update Employer Information/Page_Update Employer Information UO (Approve)/Continue' is clicked on

2018-11-15 10:16:10 - [MESSAGE][PASSED] - Object: 'Object Repository/Final Object Repo/Page_Update Employer Information/Page_Update Employer Information UO (Approve)/Continue' is clicked on

2018-11-15 10:16:10 - [TEST_STEP][PASSED] - delay: Delayed 2 second(s)

2018-11-15 10:16:12 - [MESSAGE][PASSED] - Delayed 2 second(s)

2018-11-15 10:16:12 - [TEST_STEP][PASSED] - click: Object: 'Object Repository/Final Object Repo/Page_Update Employer Information/Page_Update Employer Information UO (Approve)/Save  Continue in Update Employer Information Page' is clicked on

2018-11-15 10:16:18 - [MESSAGE][PASSED] - Object: 'Object Repository/Final Object Repo/Page_Update Employer Information/Page_Update Employer Information UO (Approve)/Save  Continue in Update Employer Information Page' is clicked on

2018-11-15 10:16:18 - [TEST_STEP][PASSED] - delay: Delayed 2 second(s)

2018-11-15 10:16:20 - [MESSAGE][PASSED] - Delayed 2 second(s)

2018-11-15 10:16:20 - [TEST_STEP][PASSED] - setText: Text 'Query' is set on object 'Object Repository/Final Object Repo/Page_Update Employer Information/Page_Update Employer Information UO (Query)/Query - Remark'

2018-11-15 10:16:20 - [MESSAGE][PASSED] - Text 'Query' is set on object 'Object Repository/Final Object Repo/Page_Update Employer Information/Page_Update Employer Information UO (Query)/Query - Remark'

2018-11-15 10:16:20 - [TEST_STEP][PASSED] - delay: Delayed 2 second(s)

2018-11-15 10:16:22 - [MESSAGE][PASSED] - Delayed 2 second(s)

2018-11-15 10:16:22 - [TEST_STEP][PASSED] - click: Object: 'Object Repository/Final Object Repo/Page_Update Employer Information/Page_Update Employer Information UO (Approve)/Save  Continue in Uploading Supporting Document Page' is clicked on

2018-11-15 10:16:26 - [MESSAGE][PASSED] - Object: 'Object Repository/Final Object Repo/Page_Update Employer Information/Page_Update Employer Information UO (Approve)/Save  Continue in Uploading Supporting Document Page' is clicked on

2018-11-15 10:16:26 - [TEST_STEP][PASSED] - delay: Delayed 2 second(s)

2018-11-15 10:16:28 - [MESSAGE][PASSED] - Delayed 2 second(s)

2018-11-15 10:16:28 - [TEST_STEP][PASSED] - click: Object: 'Object Repository/Final Object Repo/Page_Update Employer Information/Page_Update Employer Information UO (Query)/Query' is clicked on

2018-11-15 10:16:28 - [MESSAGE][PASSED] - Object: 'Object Repository/Final Object Repo/Page_Update Employer Information/Page_Update Employer Information UO (Query)/Query' is clicked on

2018-11-15 10:16:28 - [TEST_STEP][PASSED] - delay: Delayed 2 second(s)

2018-11-15 10:16:30 - [MESSAGE][PASSED] - Delayed 2 second(s)

2018-11-15 10:16:30 - [TEST_STEP][PASSED] - click: Object: 'Object Repository/Final Object Repo/Page_Update Employer Information/Page_Update Employer Information UO (Query)/Confirm' is clicked on

2018-11-15 10:16:36 - [MESSAGE][PASSED] - Object: 'Object Repository/Final Object Repo/Page_Update Employer Information/Page_Update Employer Information UO (Query)/Confirm' is clicked on

2018-11-15 10:16:36 - [TEST_STEP][PASSED] - delay: Delayed 2 second(s)

2018-11-15 10:16:38 - [MESSAGE][PASSED] - Delayed 2 second(s)

2018-11-15 10:16:38 - [TEST_STEP][PASSED] - doubleClick: Object: 'Object Repository/Final Object Repo/Page_Update Employer Information/Page_Update Employer Information UO (Query)/Message The Case Is Under Query' is double clicked on

2018-11-15 10:16:38 - [MESSAGE][PASSED] - Object: 'Object Repository/Final Object Repo/Page_Update Employer Information/Page_Update Employer Information UO (Query)/Message The Case Is Under Query' is double clicked on

2018-11-15 10:16:38 - [TEST_STEP][PASSED] - delay: Delayed 2 second(s)

2018-11-15 10:16:40 - [MESSAGE][PASSED] - Delayed 2 second(s)

2018-11-15 10:16:40 - [TEST_STEP][PASSED] - click: Object: 'Object Repository/Final Object Repo/Page_Update Employer Information/Page_Update Employer Information UO (Query)/Letter of inquiry.pdf' is clicked on

2018-11-15 10:16:45 - [MESSAGE][PASSED] - Object: 'Object Repository/Final Object Repo/Page_Update Employer Information/Page_Update Employer Information UO (Query)/Letter of inquiry.pdf' is clicked on

2018-11-15 10:16:45 - [TEST_STEP][PASSED] - delay: Delayed 1 second(s)

2018-11-15 10:16:46 - [MESSAGE][PASSED] - Delayed 1 second(s)

2018-11-15 10:16:46 - [TEST_STEP][PASSED] - navigateToUrl: Navigate to 'https://assist2-uat.perkeso.gov.my/c/portal/logout' successfully

2018-11-15 10:16:47 - [MESSAGE][PASSED] - Navigate to 'https://assist2-uat.perkeso.gov.my/c/portal/logout' successfully

2018-11-15 10:16:47 - [TEST_STEP][PASSED] - delay: Delayed 1 second(s)

2018-11-15 10:16:48 - [MESSAGE][PASSED] - Delayed 1 second(s)

2018-11-15 10:16:48 - [TEST_STEP][PASSED] - callTestCase: Call Test Case 'Test Cases/Final Aug 2018 - PKS Automation/Registration Module/Workflow/Search Pending Case For Add Supporting Document (OTC)' successfully

2018-11-15 10:16:49 - [TEST_CASE][PASSED] - Test Cases/Final Aug 2018 - PKS Automation/Registration Module/Workflow/Search Pending Case For Add Supporting Document (OTC): Test Cases/Final Aug 2018 - PKS Automation/Registration Module/Workflow/Search Pending Case For Add Supporting Document (OTC)

2018-11-15 10:16:49 - [TEST_STEP][PASSED] - openBrowser: Browser is opened with url: ''

2018-11-15 10:16:49 - [MESSAGE][WARNING] - A browser is already opened. Closing browser and opening a new one

2018-11-15 10:16:53 - [MESSAGE][PASSED] - Browser is opened with url: ''

2018-11-15 10:16:53 - [TEST_STEP][PASSED] - navigateToUrl: Navigate to 'https://assist2-uat.perkeso.gov.my/login' successfully

2018-11-15 10:16:55 - [MESSAGE][PASSED] - Navigate to 'https://assist2-uat.perkeso.gov.my/login' successfully

2018-11-15 10:16:55 - [TEST_STEP][PASSED] - setText: Text 'johorotc1@gmail.com' is set on object 'Object Repository/Final Object Repo/Login Page/Internal User/Email Address'

2018-11-15 10:16:55 - [MESSAGE][PASSED] - Text 'johorotc1@gmail.com' is set on object 'Object Repository/Final Object Repo/Login Page/Internal User/Email Address'

2018-11-15 10:16:55 - [TEST_STEP][PASSED] - click: Object: 'Object Repository/Final Object Repo/Login Page/Internal User/Next Button' is clicked on

2018-11-15 10:16:56 - [MESSAGE][PASSED] - Object: 'Object Repository/Final Object Repo/Login Page/Internal User/Next Button' is clicked on

2018-11-15 10:16:56 - [TEST_STEP][PASSED] - delay: Delayed 1 second(s)

2018-11-15 10:16:57 - [MESSAGE][PASSED] - Delayed 1 second(s)

2018-11-15 10:16:57 - [TEST_STEP][PASSED] - setEncryptedText: Text ****** has been set on object 'Object Repository/Final Object Repo/Login Page/Internal User/Password'

2018-11-15 10:16:57 - [MESSAGE][PASSED] - Text ****** has been set on object 'Object Repository/Final Object Repo/Login Page/Internal User/Password'

2018-11-15 10:16:57 - [TEST_STEP][PASSED] - click: Object: 'Object Repository/Final Object Repo/Login Page/Internal User/Login Button' is clicked on

2018-11-15 10:17:01 - [MESSAGE][PASSED] - Object: 'Object Repository/Final Object Repo/Login Page/Internal User/Login Button' is clicked on

2018-11-15 10:17:01 - [TEST_STEP][PASSED] - delay: Delayed 1 second(s)

2018-11-15 10:17:02 - [MESSAGE][PASSED] - Delayed 1 second(s)

2018-11-15 10:17:02 - [TEST_STEP][PASSED] - Statement - Try: Delayed 2 second(s)

2018-11-15 10:17:02 - [TEST_STEP][PASSED] - Statement - Checker = false: null

2018-11-15 10:17:02 - [TEST_STEP][PASSED] - Statement - Checker = com.kms.katalon.core.webui.keyword.WebUiBuiltInKeywords.verifyElementHasAttribute(com.kms.katalon.core.testobject.ObjectRepository.findTestObject(Final Object Repo/Landing Page/BM Detecting), "href", 20, OPTIONAL): Object 'Object Repository/Final Object Repo/Landing Page/BM Detecting' has attribute 'href'

2018-11-15 10:17:02 - [MESSAGE][PASSED] - Object 'Object Repository/Final Object Repo/Landing Page/BM Detecting' has attribute 'href'

2018-11-15 10:17:02 - [TEST_STEP][PASSED] - Statement - out.println(Checker): null

2018-11-15 10:17:02 - [TEST_STEP][PASSED] - Statement - If (Checker == false): null

2018-11-15 10:17:02 - [TEST_STEP][PASSED] - Statement - Else: null

2018-11-15 10:17:02 - [TEST_STEP][PASSED] - delay: Delayed 2 second(s)

2018-11-15 10:17:04 - [MESSAGE][PASSED] - Delayed 2 second(s)

2018-11-15 10:17:04 - [TEST_STEP][PASSED] - navigateToUrl: Navigate to 'https://assist2-uat.perkeso.gov.my/web/registration/search/search-pending-case-for-add-supporting-document' successfully

2018-11-15 10:17:05 - [MESSAGE][PASSED] - Navigate to 'https://assist2-uat.perkeso.gov.my/web/registration/search/search-pending-case-for-add-supporting-document' successfully

2018-11-15 10:17:05 - [TEST_STEP][PASSED] - click: Object: 'Object Repository/Final Object Repo/Page_Search Pending Case For Add Suporting Document/Search By' is clicked on

2018-11-15 10:17:05 - [MESSAGE][PASSED] - Object: 'Object Repository/Final Object Repo/Page_Search Pending Case For Add Suporting Document/Search By' is clicked on

2018-11-15 10:17:05 - [TEST_STEP][PASSED] - click: Object: 'Object Repository/Final Object Repo/Page_Search Pending Case For Add Suporting Document/Search By - Reference ID' is clicked on

2018-11-15 10:17:06 - [MESSAGE][PASSED] - Object: 'Object Repository/Final Object Repo/Page_Search Pending Case For Add Suporting Document/Search By - Reference ID' is clicked on

2018-11-15 10:17:06 - [TEST_STEP][PASSED] - delay: Delayed 2 second(s)

2018-11-15 10:17:08 - [MESSAGE][PASSED] - Delayed 2 second(s)

2018-11-15 10:17:08 - [TEST_STEP][PASSED] - setText: Text 'CUN112018C100005437' is set on object 'Object Repository/Final Object Repo/Page_Search Pending Case For Add Suporting Document/Reference ID'

2018-11-15 10:17:08 - [MESSAGE][PASSED] - Text 'CUN112018C100005437' is set on object 'Object Repository/Final Object Repo/Page_Search Pending Case For Add Suporting Document/Reference ID'

2018-11-15 10:17:08 - [TEST_STEP][PASSED] - click: Object: 'Object Repository/Final Object Repo/Page_Search Pending Case For Add Suporting Document/Search' is clicked on

2018-11-15 10:17:09 - [MESSAGE][PASSED] - Object: 'Object Repository/Final Object Repo/Page_Search Pending Case For Add Suporting Document/Search' is clicked on

2018-11-15 10:17:09 - [TEST_STEP][PASSED] - delay: Delayed 2 second(s)

2018-11-15 10:17:11 - [MESSAGE][PASSED] - Delayed 2 second(s)

2018-11-15 10:17:11 - [TEST_STEP][PASSED] - click: Object: 'Object Repository/Final Object Repo/Page_Search Pending Case For Add Suporting Document/Edit' is clicked on

2018-11-15 10:17:16 - [MESSAGE][PASSED] - Object: 'Object Repository/Final Object Repo/Page_Search Pending Case For Add Suporting Document/Edit' is clicked on

2018-11-15 10:17:16 - [MESSAGE][PASSED] - Call Test Case 'Test Cases/Final Aug 2018 - PKS Automation/Registration Module/Workflow/Search Pending Case For Add Supporting Document (OTC)' successfully

2018-11-15 10:17:16 - [TEST_STEP][PASSED] - click: Object: 'Object Repository/Final Object Repo/Page_Update Employer Information/Page_Update Employer Information UO (Query -OTC -UO)/Next' is clicked on

2018-11-15 10:17:20 - [MESSAGE][PASSED] - Object: 'Object Repository/Final Object Repo/Page_Update Employer Information/Page_Update Employer Information UO (Query -OTC -UO)/Next' is clicked on

2018-11-15 10:17:20 - [TEST_STEP][PASSED] - delay: Delayed 2 second(s)

2018-11-15 10:17:22 - [MESSAGE][PASSED] - Delayed 2 second(s)

2018-11-15 10:17:22 - [TEST_STEP][PASSED] - click: Object: 'Object Repository/Final Object Repo/Page_Update Employer Information/Page_Update Employer Information UO (Query -OTC -UO)/Add Document' is clicked on

2018-11-15 10:17:22 - [MESSAGE][PASSED] - Object: 'Object Repository/Final Object Repo/Page_Update Employer Information/Page_Update Employer Information UO (Query -OTC -UO)/Add Document' is clicked on

2018-11-15 10:17:22 - [TEST_STEP][PASSED] - delay: Delayed 2 second(s)

2018-11-15 10:17:24 - [MESSAGE][PASSED] - Delayed 2 second(s)

2018-11-15 10:17:24 - [TEST_STEP][PASSED] - click: Object: 'Object Repository/Final Object Repo/Page_Update Employer Information/Page_Update Employer Information UO (Query -OTC -UO)/Document Type' is clicked on

2018-11-15 10:17:26 - [MESSAGE][PASSED] - Object: 'Object Repository/Final Object Repo/Page_Update Employer Information/Page_Update Employer Information UO (Query -OTC -UO)/Document Type' is clicked on

2018-11-15 10:17:26 - [TEST_STEP][PASSED] - click: Object: 'Object Repository/Final Object Repo/Page_Update Employer Information/Page_Update Employer Information UO (Query -OTC -UO)/Document Type - Other' is clicked on

2018-11-15 10:17:26 - [MESSAGE][PASSED] - Object: 'Object Repository/Final Object Repo/Page_Update Employer Information/Page_Update Employer Information UO (Query -OTC -UO)/Document Type - Other' is clicked on

2018-11-15 10:17:26 - [TEST_STEP][PASSED] - delay: Delayed 2 second(s)

2018-11-15 10:17:28 - [MESSAGE][PASSED] - Delayed 2 second(s)

2018-11-15 10:17:28 - [TEST_STEP][PASSED] - sendKeys: Keys 'C:\Users\Public\Pictures\Sample Pictures\Act.jpg' sent to object: 'Object Repository/Final Object Repo/Page_Update Employer Information/Page_Update Employer Information UO (Query -OTC -UO)/Uploading File'

2018-11-15 10:17:28 - [MESSAGE][PASSED] - Keys 'C:\Users\Public\Pictures\Sample Pictures\Act.jpg' sent to object: 'Object Repository/Final Object Repo/Page_Update Employer Information/Page_Update Employer Information UO (Query -OTC -UO)/Uploading File'

2018-11-15 10:17:28 - [TEST_STEP][PASSED] - delay: Delayed 2 second(s)

2018-11-15 10:17:30 - [MESSAGE][PASSED] - Delayed 2 second(s)

2018-11-15 10:17:30 - [TEST_STEP][PASSED] - click: Object: 'Object Repository/Final Object Repo/Page_Update Employer Information/Page_Update Employer Information UO (Query -OTC -UO)/Add Document in Uploading Page' is clicked on

2018-11-15 10:17:35 - [MESSAGE][PASSED] - Object: 'Object Repository/Final Object Repo/Page_Update Employer Information/Page_Update Employer Information UO (Query -OTC -UO)/Add Document in Uploading Page' is clicked on

2018-11-15 10:17:35 - [TEST_STEP][PASSED] - delay: Delayed 2 second(s)

2018-11-15 10:17:37 - [MESSAGE][PASSED] - Delayed 2 second(s)

2018-11-15 10:17:37 - [TEST_STEP][PASSED] - click: Object: 'Object Repository/Final Object Repo/Page_Update Employer Information/Page_Update Employer Information UO (Query -OTC -UO)/Exit' is clicked on

2018-11-15 10:17:39 - [MESSAGE][PASSED] - Object: 'Object Repository/Final Object Repo/Page_Update Employer Information/Page_Update Employer Information UO (Query -OTC -UO)/Exit' is clicked on

2018-11-15 10:17:39 - [TEST_STEP][PASSED] - delay: Delayed 2 second(s)

2018-11-15 10:17:41 - [MESSAGE][PASSED] - Delayed 2 second(s)

2018-11-15 10:17:41 - [TEST_STEP][PASSED] - delay: Delayed 1 second(s)

2018-11-15 10:17:42 - [MESSAGE][PASSED] - Delayed 1 second(s)

2018-11-15 10:17:42 - [TEST_STEP][PASSED] - navigateToUrl: Navigate to 'https://assist2-uat.perkeso.gov.my/c/portal/logout' successfully

2018-11-15 10:17:43 - [MESSAGE][PASSED] - Navigate to 'https://assist2-uat.perkeso.gov.my/c/portal/logout' successfully

2018-11-15 10:17:43 - [TEST_STEP][PASSED] - delay: Delayed 1 second(s)

2018-11-15 10:17:44 - [MESSAGE][PASSED] - Delayed 1 second(s)

2018-11-15 10:17:44 - [TEST_STEP][PASSED] - callTestCase: Call Test Case 'Test Cases/Final Aug 2018 - PKS Automation/Registration Module/Workflow/Login and Search Case For Workflow' successfully

2018-11-15 10:17:44 - [TEST_CASE][PASSED] - Test Cases/Final Aug 2018 - PKS Automation/Registration Module/Workflow/Login and Search Case For Workflow: Test Cases/Final Aug 2018 - PKS Automation/Registration Module/Workflow/Login and Search Case For Workflow

2018-11-15 10:17:44 - [TEST_STEP][PASSED] - navigateToUrl: Navigate to 'https://assist2-uat.perkeso.gov.my/login' successfully

2018-11-15 10:17:45 - [MESSAGE][PASSED] - Navigate to 'https://assist2-uat.perkeso.gov.my/login' successfully

2018-11-15 10:17:45 - [TEST_STEP][PASSED] - setText: Text 'johoruo3@gmail.com' is set on object 'Object Repository/Final Object Repo/Login Page/Internal User/Email Address'

2018-11-15 10:17:45 - [MESSAGE][PASSED] - Text 'johoruo3@gmail.com' is set on object 'Object Repository/Final Object Repo/Login Page/Internal User/Email Address'

2018-11-15 10:17:45 - [TEST_STEP][PASSED] - click: Object: 'Object Repository/Final Object Repo/Login Page/Internal User/Next Button' is clicked on

2018-11-15 10:17:45 - [MESSAGE][PASSED] - Object: 'Object Repository/Final Object Repo/Login Page/Internal User/Next Button' is clicked on

2018-11-15 10:17:45 - [TEST_STEP][PASSED] - delay: Delayed 1 second(s)

2018-11-15 10:17:46 - [MESSAGE][PASSED] - Delayed 1 second(s)

2018-11-15 10:17:46 - [TEST_STEP][PASSED] - setEncryptedText: Text ****** has been set on object 'Object Repository/Final Object Repo/Login Page/Internal User/Password'

2018-11-15 10:17:46 - [MESSAGE][PASSED] - Text ****** has been set on object 'Object Repository/Final Object Repo/Login Page/Internal User/Password'

2018-11-15 10:17:46 - [TEST_STEP][PASSED] - click: Object: 'Object Repository/Final Object Repo/Login Page/Internal User/Login Button' is clicked on

2018-11-15 10:17:48 - [MESSAGE][PASSED] - Object: 'Object Repository/Final Object Repo/Login Page/Internal User/Login Button' is clicked on

2018-11-15 10:17:48 - [TEST_STEP][PASSED] - delay: Delayed 2 second(s)

2018-11-15 10:17:50 - [MESSAGE][PASSED] - Delayed 2 second(s)

2018-11-15 10:17:50 - [TEST_STEP][PASSED] - Statement - Try: Delayed 2 second(s)

2018-11-15 10:17:50 - [TEST_STEP][PASSED] - Statement - Checker = false: null

2018-11-15 10:17:50 - [TEST_STEP][PASSED] - Statement - Checker = com.kms.katalon.core.webui.keyword.WebUiBuiltInKeywords.verifyElementHasAttribute(com.kms.katalon.core.testobject.ObjectRepository.findTestObject(Final Object Repo/Landing Page/BM Detecting), "href", 20, OPTIONAL): Object 'Object Repository/Final Object Repo/Landing Page/BM Detecting' has attribute 'href'

2018-11-15 10:17:50 - [MESSAGE][PASSED] - Object 'Object Repository/Final Object Repo/Landing Page/BM Detecting' has attribute 'href'

2018-11-15 10:17:50 - [TEST_STEP][PASSED] - Statement - out.println(Checker): null

2018-11-15 10:17:50 - [TEST_STEP][PASSED] - Statement - If (Checker == false): null

2018-11-15 10:17:50 - [TEST_STEP][PASSED] - Statement - Else: null

2018-11-15 10:17:50 - [TEST_STEP][PASSED] - delay: Delayed 2 second(s)

2018-11-15 10:17:52 - [MESSAGE][PASSED] - Delayed 2 second(s)

2018-11-15 10:17:52 - [TEST_STEP][PASSED] - click: Object: 'Object Repository/Final Object Repo/Page_MyASSIST - ASSIST - Search Pending Case For Add Supporting Document/Search Information' is clicked on

2018-11-15 10:17:53 - [MESSAGE][PASSED] - Object: 'Object Repository/Final Object Repo/Page_MyASSIST - ASSIST - Search Pending Case For Add Supporting Document/Search Information' is clicked on

2018-11-15 10:17:53 - [TEST_STEP][PASSED] - delay: Delayed 3 second(s)

2018-11-15 10:17:56 - [MESSAGE][PASSED] - Delayed 3 second(s)

2018-11-15 10:17:56 - [TEST_STEP][PASSED] - sendKeys: Keys 'CUN112018C100005437' sent to object: 'Object Repository/Final Object Repo/Page_MyASSIST - ASSIST - Search Pending Case For Add Supporting Document/Reference No'

2018-11-15 10:17:56 - [MESSAGE][PASSED] - Keys 'CUN112018C100005437' sent to object: 'Object Repository/Final Object Repo/Page_MyASSIST - ASSIST - Search Pending Case For Add Supporting Document/Reference No'

2018-11-15 10:17:56 - [TEST_STEP][PASSED] - click: Object: 'Object Repository/Final Object Repo/Page_MyASSIST - ASSIST - Search Pending Case For Add Supporting Document/Search Reference No' is clicked on

2018-11-15 10:17:57 - [MESSAGE][PASSED] - Object: 'Object Repository/Final Object Repo/Page_MyASSIST - ASSIST - Search Pending Case For Add Supporting Document/Search Reference No' is clicked on

2018-11-15 10:17:57 - [TEST_STEP][PASSED] - delay: Delayed 2 second(s)

2018-11-15 10:17:59 - [MESSAGE][PASSED] - Delayed 2 second(s)

2018-11-15 10:17:59 - [TEST_STEP][PASSED] - click: Object: 'Object Repository/Final Object Repo/Page_MyASSIST - ASSIST - Search Pending Case For Add Supporting Document/Continue' is clicked on

2018-11-15 10:18:04 - [MESSAGE][PASSED] - Object: 'Object Repository/Final Object Repo/Page_MyASSIST - ASSIST - Search Pending Case For Add Supporting Document/Continue' is clicked on

2018-11-15 10:18:04 - [TEST_STEP][PASSED] - delay: Delayed 20 second(s)

2018-11-15 10:18:24 - [MESSAGE][PASSED] - Delayed 20 second(s)

2018-11-15 10:18:24 - [MESSAGE][PASSED] - Call Test Case 'Test Cases/Final Aug 2018 - PKS Automation/Registration Module/Workflow/Login and Search Case For Workflow' successfully

2018-11-15 10:18:24 - [TEST_STEP][PASSED] - click: Object: 'Object Repository/Final Object Repo/Page_Update Employer Information/Page_Update Employer Information UO (Approve)/Continue' is clicked on

2018-11-15 10:18:28 - [MESSAGE][PASSED] - Object: 'Object Repository/Final Object Repo/Page_Update Employer Information/Page_Update Employer Information UO (Approve)/Continue' is clicked on

2018-11-15 10:18:28 - [TEST_STEP][PASSED] - delay: Delayed 2 second(s)

2018-11-15 10:18:30 - [MESSAGE][PASSED] - Delayed 2 second(s)

2018-11-15 10:18:30 - [TEST_STEP][PASSED] - click: Object: 'Object Repository/Final Object Repo/Page_Update Employer Information/Page_Update Employer Information UO (Approve)/Save  Continue in Update Employer Information Page' is clicked on

2018-11-15 10:18:35 - [MESSAGE][PASSED] - Object: 'Object Repository/Final Object Repo/Page_Update Employer Information/Page_Update Employer Information UO (Approve)/Save  Continue in Update Employer Information Page' is clicked on

2018-11-15 10:18:35 - [TEST_STEP][PASSED] - delay: Delayed 2 second(s)

2018-11-15 10:18:37 - [MESSAGE][PASSED] - Delayed 2 second(s)

2018-11-15 10:18:37 - [TEST_STEP][PASSED] - click: Object: 'Object Repository/Final Object Repo/Page_Update Employer Information/Page_Update Employer Information UO (Approve)/Save  Continue in Uploading Supporting Document Page' is clicked on

2018-11-15 10:18:41 - [MESSAGE][PASSED] - Object: 'Object Repository/Final Object Repo/Page_Update Employer Information/Page_Update Employer Information UO (Approve)/Save  Continue in Uploading Supporting Document Page' is clicked on

2018-11-15 10:18:41 - [TEST_STEP][PASSED] - delay: Delayed 2 second(s)

2018-11-15 10:18:43 - [MESSAGE][PASSED] - Delayed 2 second(s)

2018-11-15 10:18:43 - [TEST_STEP][PASSED] - click: Object: 'Object Repository/Final Object Repo/Page_Update Employer Information/Page_Update Employer Information UO (Approve)/Approve' is clicked on

2018-11-15 10:18:43 - [MESSAGE][PASSED] - Object: 'Object Repository/Final Object Repo/Page_Update Employer Information/Page_Update Employer Information UO (Approve)/Approve' is clicked on

2018-11-15 10:18:43 - [TEST_STEP][PASSED] - delay: Delayed 2 second(s)

2018-11-15 10:18:45 - [MESSAGE][PASSED] - Delayed 2 second(s)

2018-11-15 10:18:45 - [TEST_STEP][PASSED] - click: Object: 'Object Repository/Final Object Repo/Page_Update Employer Information/Page_Update Employer Information UO (Approve)/Confirm' is clicked on

2018-11-15 10:18:51 - [MESSAGE][PASSED] - Object: 'Object Repository/Final Object Repo/Page_Update Employer Information/Page_Update Employer Information UO (Approve)/Confirm' is clicked on

2018-11-15 10:18:51 - [TEST_STEP][PASSED] - delay: Delayed 2 second(s)

2018-11-15 10:18:53 - [MESSAGE][PASSED] - Delayed 2 second(s)

2018-11-15 10:18:53 - [TEST_STEP][PASSED] - verifyElementVisible: Object 'Object Repository/Final Object Repo/Page_Update Employer Information/Page_Update Employer Information UO (Approve)/Message Your Request' is visible

2018-11-15 10:18:56 - [MESSAGE][PASSED] - Object 'Object Repository/Final Object Repo/Page_Update Employer Information/Page_Update Employer Information UO (Approve)/Message Your Request' is visible

2018-11-15 10:18:56 - [TEST_STEP][PASSED] - verifyElementVisible: Object 'Object Repository/Final Object Repo/Page_Update Employer Information/Page_Update Employer Information UO (Approve)/Letter of successful update' is visible

2018-11-15 10:18:56 - [MESSAGE][PASSED] - Object 'Object Repository/Final Object Repo/Page_Update Employer Information/Page_Update Employer Information UO (Approve)/Letter of successful update' is visible

2018-11-15 10:18:56 - [MESSAGE][PASSED] - Call Test Case 'Test Cases/Final Aug 2018 - PKS Automation/Registration Module/Workflow/Update Employer Information/Template/Update Employer Information - Special Case - UO (Query)' successfully]]></system-out>
         <system-err><![CDATA[]]></system-err>
      </testcase>
      <testcase name="Test Cases/Final Aug 2018 - PKS Automation/Registration Module/Workflow/Update Employer Information/Employer - UO (Reject)" classname="Test Cases/Final Aug 2018 - PKS Automation/Registration Module/Workflow/Update Employer Information/Employer - UO (Reject)" status="PASSED">
         <system-out><![CDATA[2018-11-15 10:18:56 - [TEST_CASE][PASSED] - Test Cases/Final Aug 2018 - PKS Automation/Registration Module/Workflow/Update Employer Information/Employer - UO (Reject): Test Cases/Final Aug 2018 - PKS Automation/Registration Module/Workflow/Update Employer Information/Employer - UO (Reject)

2018-11-15 10:18:56 - [TEST_STEP][PASSED] - callTestCase: Call Test Case 'Test Cases/Final Aug 2018 - PKS Automation/Registration Module/Workflow/Update Employer Information/Template/Update Employer Information - Special Case (Employer)' successfully

2018-11-15 10:18:56 - [TEST_CASE][PASSED] - Test Cases/Final Aug 2018 - PKS Automation/Registration Module/Workflow/Update Employer Information/Template/Update Employer Information - Special Case (Employer): Test Cases/Final Aug 2018 - PKS Automation/Registration Module/Workflow/Update Employer Information/Template/Update Employer Information - Special Case (Employer)

2018-11-15 10:18:56 - [TEST_STEP][PASSED] - callTestCase: Call Test Case 'Test Cases/Final Aug 2018 - PKS Automation/Create Employer Acc/Login to Employer Account (Second time)' successfully

2018-11-15 10:18:56 - [TEST_CASE][PASSED] - Test Cases/Final Aug 2018 - PKS Automation/Create Employer Acc/Login to Employer Account (Second time): Test Cases/Final Aug 2018 - PKS Automation/Create Employer Acc/Login to Employer Account (Second time)

2018-11-15 10:18:56 - [TEST_STEP][PASSED] - openBrowser: Browser is opened with url: ''

2018-11-15 10:18:56 - [MESSAGE][WARNING] - A browser is already opened. Closing browser and opening a new one

2018-11-15 10:19:01 - [MESSAGE][PASSED] - Browser is opened with url: ''

2018-11-15 10:19:01 - [TEST_STEP][PASSED] - navigateToUrl: Navigate to 'https://assist2-uat.perkeso.gov.my/employer/login' successfully

2018-11-15 10:19:09 - [MESSAGE][PASSED] - Navigate to 'https://assist2-uat.perkeso.gov.my/employer/login' successfully

2018-11-15 10:19:09 - [TEST_STEP][PASSED] - delay: Delayed 3 second(s)

2018-11-15 10:19:12 - [MESSAGE][PASSED] - Delayed 3 second(s)

2018-11-15 10:19:12 - [TEST_STEP][PASSED] - callTestCase: Call Test Case 'Test Cases/Final Aug 2018 - PKS Automation/Create Employer Acc/Template/Employer Email Getter' successfully

2018-11-15 10:19:12 - [TEST_CASE][PASSED] - Test Cases/Final Aug 2018 - PKS Automation/Create Employer Acc/Template/Employer Email Getter: Test Cases/Final Aug 2018 - PKS Automation/Create Employer Acc/Template/Employer Email Getter

2018-11-15 10:19:12 - [TEST_STEP][PASSED] - Statement - Try: null

2018-11-15 10:19:12 - [TEST_STEP][PASSED] - Statement - EmpEmail = new java.io.File(C://EmpEmail.txt): null

2018-11-15 10:19:12 - [TEST_STEP][PASSED] - Statement - bufferread = new java.io.BufferedReader(new java.io.FileReader(EmpEmail)): null

2018-11-15 10:19:12 - [TEST_STEP][PASSED] - Statement - readedVal = bufferread.readLine(): null

2018-11-15 10:19:12 - [TEST_STEP][PASSED] - Statement - out.println(readedVal): null

2018-11-15 10:19:12 - [TEST_STEP][PASSED] - Statement - Email = readedVal: null

2018-11-15 10:19:12 - [MESSAGE][PASSED] - Call Test Case 'Test Cases/Final Aug 2018 - PKS Automation/Create Employer Acc/Template/Employer Email Getter' successfully

2018-11-15 10:19:12 - [TEST_STEP][PASSED] - setText: Text 'perkeso567246757700@gmail.com' is set on object 'Object Repository/Final Object Repo/Login Page/External Login Page/Email'

2018-11-15 10:19:12 - [MESSAGE][PASSED] - Text 'perkeso567246757700@gmail.com' is set on object 'Object Repository/Final Object Repo/Login Page/External Login Page/Email'

2018-11-15 10:19:12 - [TEST_STEP][PASSED] - click: Object: 'Object Repository/Final Object Repo/Login Page/External Login Page/Next' is clicked on

2018-11-15 10:19:13 - [MESSAGE][PASSED] - Object: 'Object Repository/Final Object Repo/Login Page/External Login Page/Next' is clicked on

2018-11-15 10:19:13 - [TEST_STEP][PASSED] - delay: Delayed 3 second(s)

2018-11-15 10:19:16 - [MESSAGE][PASSED] - Delayed 3 second(s)

2018-11-15 10:19:16 - [TEST_STEP][PASSED] - setEncryptedText: Text ****** has been set on object 'Object Repository/Final Object Repo/Login Page/External Login Page/Password'

2018-11-15 10:19:16 - [MESSAGE][PASSED] - Text ****** has been set on object 'Object Repository/Final Object Repo/Login Page/External Login Page/Password'

2018-11-15 10:19:16 - [TEST_STEP][PASSED] - click: Object: 'Object Repository/Final Object Repo/Login Page/External Login Page/Login' is clicked on

2018-11-15 10:19:22 - [MESSAGE][PASSED] - Object: 'Object Repository/Final Object Repo/Login Page/External Login Page/Login' is clicked on

2018-11-15 10:19:22 - [TEST_STEP][PASSED] - delay: Delayed 5 second(s)

2018-11-15 10:19:27 - [MESSAGE][PASSED] - Delayed 5 second(s)

2018-11-15 10:19:27 - [MESSAGE][PASSED] - Call Test Case 'Test Cases/Final Aug 2018 - PKS Automation/Create Employer Acc/Login to Employer Account (Second time)' successfully

2018-11-15 10:19:27 - [TEST_STEP][PASSED] - Statement - Try: Delayed 2 second(s)

2018-11-15 10:19:27 - [TEST_STEP][PASSED] - Statement - Checker = false: null

2018-11-15 10:19:27 - [TEST_STEP][PASSED] - Statement - Checker = com.kms.katalon.core.webui.keyword.WebUiBuiltInKeywords.verifyElementHasAttribute(com.kms.katalon.core.testobject.ObjectRepository.findTestObject(Final Object Repo/Landing Page/BM Detecting), "href", 20, OPTIONAL): Object 'Object Repository/Final Object Repo/Landing Page/BM Detecting' has attribute 'href'

2018-11-15 10:19:27 - [MESSAGE][PASSED] - Object 'Object Repository/Final Object Repo/Landing Page/BM Detecting' has attribute 'href'

2018-11-15 10:19:27 - [TEST_STEP][PASSED] - Statement - out.println(Checker): null

2018-11-15 10:19:27 - [TEST_STEP][PASSED] - Statement - If (Checker == false): null

2018-11-15 10:19:27 - [TEST_STEP][PASSED] - Statement - Else: null

2018-11-15 10:19:27 - [TEST_STEP][PASSED] - delay: Delayed 2 second(s)

2018-11-15 10:19:29 - [MESSAGE][PASSED] - Delayed 2 second(s)

2018-11-15 10:19:29 - [TEST_STEP][PASSED] - navigateToUrl: Navigate to 'https://assist2-uat.perkeso.gov.my/web/registration/update/update-employer-information' successfully

2018-11-15 10:19:30 - [MESSAGE][PASSED] - Navigate to 'https://assist2-uat.perkeso.gov.my/web/registration/update/update-employer-information' successfully

2018-11-15 10:19:30 - [TEST_STEP][PASSED] - click: Object: 'Object Repository/Final Object Repo/Page_Update Employer Information/Edit Button' is clicked on

2018-11-15 10:19:34 - [MESSAGE][PASSED] - Object: 'Object Repository/Final Object Repo/Page_Update Employer Information/Edit Button' is clicked on

2018-11-15 10:19:34 - [TEST_STEP][PASSED] - click: Object: 'Object Repository/Final Object Repo/Page_Update Employer Information/Business Entity' is clicked on

2018-11-15 10:19:34 - [MESSAGE][PASSED] - Object: 'Object Repository/Final Object Repo/Page_Update Employer Information/Business Entity' is clicked on

2018-11-15 10:19:34 - [TEST_STEP][PASSED] - Statement - CurrentBusinessEntity = "": null

2018-11-15 10:19:34 - [TEST_STEP][PASSED] - Statement - CurrentBusinessEntity = com.kms.katalon.core.webui.keyword.WebUiBuiltInKeywords.getText(com.kms.katalon.core.testobject.ObjectRepository.findTestObject(Final Object Repo/Page_Update Employer Information/Current Business Entity)): Text of object 'Object Repository/Final Object Repo/Page_Update Employer Information/Current Business Entity' is: 'Sole Proprietor / Individual Business'

2018-11-15 10:19:34 - [MESSAGE][PASSED] - Text of object 'Object Repository/Final Object Repo/Page_Update Employer Information/Current Business Entity' is: 'Sole Proprietor / Individual Business'

2018-11-15 10:19:34 - [TEST_STEP][PASSED] - Statement - out.println(CurrentBusinessEntity): null

2018-11-15 10:19:34 - [TEST_STEP][PASSED] - Statement - If (CurrentBusinessEntity == "Corporation"): null

2018-11-15 10:19:34 - [TEST_STEP][PASSED] - Statement - Else If (CurrentBusinessEntity == "Partnership"): null

2018-11-15 10:19:34 - [TEST_STEP][PASSED] - Statement - Else If (CurrentBusinessEntity == "Sole Proprietor / Individual Business"): Delayed 3 second(s)

2018-11-15 10:19:34 - [TEST_STEP][PASSED] - Statement - obj = com.kms.katalon.core.webui.keyword.WebUiBuiltInKeywords.modifyObjectProperty(com.kms.katalon.core.testobject.ObjectRepository.findTestObject(Final Object Repo/Page_Update Employer Information/change to this Business Entity), "xpath", "equals", "//ul/li/span[contains(text(),"Others")]", true, STOP_ON_FAILURE): Modify property of object successfully

2018-11-15 10:19:34 - [MESSAGE][PASSED] - Modify property of object successfully

2018-11-15 10:19:34 - [TEST_STEP][PASSED] - click: Object: 'Object Repository/Final Object Repo/Page_Update Employer Information/change to this Business Entity' is clicked on

2018-11-15 10:19:35 - [MESSAGE][PASSED] - Object: 'Object Repository/Final Object Repo/Page_Update Employer Information/change to this Business Entity' is clicked on

2018-11-15 10:19:35 - [TEST_STEP][PASSED] - delay: Delayed 1 second(s)

2018-11-15 10:19:36 - [MESSAGE][PASSED] - Delayed 1 second(s)

2018-11-15 10:19:36 - [TEST_STEP][PASSED] - click: Object: 'Object Repository/Final Object Repo/Page_Update Employer Information/Sub Business Entity' is clicked on

2018-11-15 10:19:36 - [MESSAGE][PASSED] - Object: 'Object Repository/Final Object Repo/Page_Update Employer Information/Sub Business Entity' is clicked on

2018-11-15 10:19:36 - [TEST_STEP][PASSED] - click: Object: 'Object Repository/Final Object Repo/Page_Update Employer Information/Sub Business Entity List - Others - Federal Government Agency' is clicked on

2018-11-15 10:19:37 - [MESSAGE][PASSED] - Object: 'Object Repository/Final Object Repo/Page_Update Employer Information/Sub Business Entity List - Others - Federal Government Agency' is clicked on

2018-11-15 10:19:37 - [TEST_STEP][PASSED] - delay: Delayed 1 second(s)

2018-11-15 10:19:38 - [MESSAGE][PASSED] - Delayed 1 second(s)

2018-11-15 10:19:38 - [TEST_STEP][PASSED] - click: Object: 'Object Repository/Final Object Repo/Page_Update Employer Information/Sub Business Entity List' is clicked on

2018-11-15 10:19:39 - [MESSAGE][PASSED] - Object: 'Object Repository/Final Object Repo/Page_Update Employer Information/Sub Business Entity List' is clicked on

2018-11-15 10:19:39 - [TEST_STEP][PASSED] - click: Object: 'Object Repository/Final Object Repo/Page_Update Employer Information/Sub Business Entity - Others - Federal Government Agency - Kementerian' is clicked on

2018-11-15 10:19:39 - [MESSAGE][PASSED] - Object: 'Object Repository/Final Object Repo/Page_Update Employer Information/Sub Business Entity - Others - Federal Government Agency - Kementerian' is clicked on

2018-11-15 10:19:39 - [TEST_STEP][PASSED] - delay: Delayed 3 second(s)

2018-11-15 10:19:42 - [MESSAGE][PASSED] - Delayed 3 second(s)

2018-11-15 10:19:42 - [TEST_STEP][PASSED] - delay: Delayed 4 second(s)

2018-11-15 10:19:46 - [MESSAGE][PASSED] - Delayed 4 second(s)

2018-11-15 10:19:46 - [TEST_STEP][PASSED] - click: Object: 'Object Repository/Final Object Repo/Page_Update Employer Information/Save  Continue' is clicked on

2018-11-15 10:19:51 - [MESSAGE][PASSED] - Object: 'Object Repository/Final Object Repo/Page_Update Employer Information/Save  Continue' is clicked on

2018-11-15 10:19:51 - [TEST_STEP][PASSED] - delay: Delayed 4 second(s)

2018-11-15 10:19:55 - [MESSAGE][PASSED] - Delayed 4 second(s)

2018-11-15 10:19:55 - [TEST_STEP][PASSED] - click: Object: 'Object Repository/Final Object Repo/Page_Update Employer Information/Save  Continue (1)' is clicked on

2018-11-15 10:20:00 - [MESSAGE][PASSED] - Object: 'Object Repository/Final Object Repo/Page_Update Employer Information/Save  Continue (1)' is clicked on

2018-11-15 10:20:00 - [TEST_STEP][PASSED] - Statement - CaseReferenceNo = com.kms.katalon.core.webui.keyword.WebUiBuiltInKeywords.getText(com.kms.katalon.core.testobject.ObjectRepository.findTestObject(Final Object Repo/Page_Update Employer Information/Reference Number in Update Employee Information Page)): Text of object 'Object Repository/Final Object Repo/Page_Update Employer Information/Reference Number in Update Employee Information Page' is: 'CUN112018C100005438'

2018-11-15 10:20:00 - [MESSAGE][PASSED] - Text of object 'Object Repository/Final Object Repo/Page_Update Employer Information/Reference Number in Update Employee Information Page' is: 'CUN112018C100005438'

2018-11-15 10:20:00 - [TEST_STEP][PASSED] - callTestCase: Call Test Case 'Test Cases/Final Aug 2018 - PKS Automation/Common/Reference Number Setter' successfully

2018-11-15 10:20:00 - [TEST_CASE][PASSED] - Test Cases/Final Aug 2018 - PKS Automation/Common/Reference Number Setter: Test Cases/Final Aug 2018 - PKS Automation/Common/Reference Number Setter

2018-11-15 10:20:00 - [TEST_STEP][PASSED] - Statement - RefNoOldFile = new java.io.File(C://KatalonReference.txt): null

2018-11-15 10:20:00 - [TEST_STEP][PASSED] - Statement - RefNoOldFile.delete(): null

2018-11-15 10:20:00 - [TEST_STEP][PASSED] - delay: Delayed 5 second(s)

2018-11-15 10:20:05 - [MESSAGE][PASSED] - Delayed 5 second(s)

2018-11-15 10:20:05 - [TEST_STEP][PASSED] - Statement - RefNo = new java.io.File(C://KatalonReference.txt): null

2018-11-15 10:20:05 - [TEST_STEP][PASSED] - Statement - f2 = new java.io.FileWriter(RefNo, false): null

2018-11-15 10:20:05 - [TEST_STEP][PASSED] - Statement - f2.write(CaseReferenceNo): null

2018-11-15 10:20:05 - [TEST_STEP][PASSED] - Statement - f2.close(): null

2018-11-15 10:20:05 - [TEST_STEP][PASSED] - Statement - out.println("


" + CaseReferenceNo + "


"): null

2018-11-15 10:20:05 - [MESSAGE][PASSED] - Call Test Case 'Test Cases/Final Aug 2018 - PKS Automation/Common/Reference Number Setter' successfully

2018-11-15 10:20:05 - [TEST_STEP][PASSED] - delay: Delayed 4 second(s)

2018-11-15 10:20:09 - [MESSAGE][PASSED] - Delayed 4 second(s)

2018-11-15 10:20:09 - [TEST_STEP][PASSED] - click: Object: 'Object Repository/Final Object Repo/Page_Update Employer Information/Submit - Copy' is clicked on

2018-11-15 10:20:10 - [MESSAGE][PASSED] - Object: 'Object Repository/Final Object Repo/Page_Update Employer Information/Submit - Copy' is clicked on

2018-11-15 10:20:10 - [TEST_STEP][PASSED] - delay: Delayed 2 second(s)

2018-11-15 10:20:12 - [MESSAGE][PASSED] - Delayed 2 second(s)

2018-11-15 10:20:12 - [TEST_STEP][PASSED] - click: Object: 'Object Repository/Final Object Repo/Page_Update Employer Information/Confirm' is clicked on

2018-11-15 10:20:17 - [MESSAGE][PASSED] - Object: 'Object Repository/Final Object Repo/Page_Update Employer Information/Confirm' is clicked on

2018-11-15 10:20:17 - [TEST_STEP][PASSED] - delay: Delayed 2 second(s)

2018-11-15 10:20:19 - [MESSAGE][PASSED] - Delayed 2 second(s)

2018-11-15 10:20:19 - [TEST_STEP][PASSED] - click: Object: 'Object Repository/Final Object Repo/Page_Update Employer Information/Message Your Request will be route' is clicked on

2018-11-15 10:20:19 - [MESSAGE][PASSED] - Object: 'Object Repository/Final Object Repo/Page_Update Employer Information/Message Your Request will be route' is clicked on

2018-11-15 10:20:19 - [MESSAGE][PASSED] - Call Test Case 'Test Cases/Final Aug 2018 - PKS Automation/Registration Module/Workflow/Update Employer Information/Template/Update Employer Information - Special Case (Employer)' successfully

2018-11-15 10:20:19 - [TEST_STEP][PASSED] - callTestCase: Call Test Case 'Test Cases/Final Aug 2018 - PKS Automation/Registration Module/Workflow/Update Employer Information/Template/Update Employer Information - Special Case - UO (Reject)' successfully

2018-11-15 10:20:19 - [TEST_CASE][PASSED] - Test Cases/Final Aug 2018 - PKS Automation/Registration Module/Workflow/Update Employer Information/Template/Update Employer Information - Special Case - UO (Reject): Test Cases/Final Aug 2018 - PKS Automation/Registration Module/Workflow/Update Employer Information/Template/Update Employer Information - Special Case - UO (Reject)

2018-11-15 10:20:20 - [TEST_STEP][NOT_RUN] - callTestCase: NOT_RUN: callTestCase

2018-11-15 10:20:20 - [MESSAGE][NOT_RUN] - NOT_RUN: callTestCase

2018-11-15 10:20:20 - [TEST_STEP][PASSED] - delay: Delayed 1 second(s)

2018-11-15 10:20:21 - [MESSAGE][PASSED] - Delayed 1 second(s)

2018-11-15 10:20:21 - [TEST_STEP][PASSED] - navigateToUrl: Navigate to 'https://assist2-uat.perkeso.gov.my/c/portal/logout' successfully

2018-11-15 10:20:22 - [MESSAGE][PASSED] - Navigate to 'https://assist2-uat.perkeso.gov.my/c/portal/logout' successfully

2018-11-15 10:20:22 - [TEST_STEP][PASSED] - delay: Delayed 1 second(s)

2018-11-15 10:20:23 - [MESSAGE][PASSED] - Delayed 1 second(s)

2018-11-15 10:20:23 - [TEST_STEP][PASSED] - callTestCase: Call Test Case 'Test Cases/Final Aug 2018 - PKS Automation/Common/Reference Number Getter' successfully

2018-11-15 10:20:23 - [TEST_CASE][PASSED] - Test Cases/Final Aug 2018 - PKS Automation/Common/Reference Number Getter: Test Cases/Final Aug 2018 - PKS Automation/Common/Reference Number Getter

2018-11-15 10:20:23 - [TEST_STEP][PASSED] - Statement - Try: null

2018-11-15 10:20:23 - [TEST_STEP][PASSED] - Statement - RefNo = new java.io.File(C://KatalonReference.txt): null

2018-11-15 10:20:23 - [TEST_STEP][PASSED] - Statement - bufferread = new java.io.BufferedReader(new java.io.FileReader(RefNo)): null

2018-11-15 10:20:23 - [TEST_STEP][PASSED] - Statement - readedVal = bufferread.readLine(): null

2018-11-15 10:20:23 - [TEST_STEP][PASSED] - Statement - out.println(CaseReferenceNo): null

2018-11-15 10:20:23 - [TEST_STEP][PASSED] - Statement - out.println(readedVal): null

2018-11-15 10:20:23 - [TEST_STEP][PASSED] - Statement - CaseReferenceNo = "": null

2018-11-15 10:20:23 - [TEST_STEP][PASSED] - Statement - CaseReferenceNo = readedVal: null

2018-11-15 10:20:23 - [MESSAGE][PASSED] - Call Test Case 'Test Cases/Final Aug 2018 - PKS Automation/Common/Reference Number Getter' successfully

2018-11-15 10:20:23 - [TEST_STEP][PASSED] - callTestCase: Call Test Case 'Test Cases/Final Aug 2018 - PKS Automation/Common/Workflow Owner Finder' successfully

2018-11-15 10:20:23 - [TEST_CASE][PASSED] - Test Cases/Final Aug 2018 - PKS Automation/Common/Workflow Owner Finder: Test Cases/Final Aug 2018 - PKS Automation/Common/Workflow Owner Finder

2018-11-15 10:20:23 - [TEST_STEP][PASSED] - openBrowser: Browser is opened with url: ''

2018-11-15 10:20:23 - [MESSAGE][WARNING] - A browser is already opened. Closing browser and opening a new one

2018-11-15 10:20:28 - [MESSAGE][PASSED] - Browser is opened with url: ''

2018-11-15 10:20:28 - [TEST_STEP][PASSED] - navigateToUrl: Navigate to 'https://assist2-uat.perkeso.gov.my/login' successfully

2018-11-15 10:20:30 - [MESSAGE][PASSED] - Navigate to 'https://assist2-uat.perkeso.gov.my/login' successfully

2018-11-15 10:20:30 - [TEST_STEP][PASSED] - delay: Delayed 5 second(s)

2018-11-15 10:20:35 - [MESSAGE][PASSED] - Delayed 5 second(s)

2018-11-15 10:20:35 - [TEST_STEP][PASSED] - setText: Text 'test@liferay.com' is set on object 'Object Repository/Final Object Repo/Login Page/Internal User/Email Address'

2018-11-15 10:20:35 - [MESSAGE][PASSED] - Text 'test@liferay.com' is set on object 'Object Repository/Final Object Repo/Login Page/Internal User/Email Address'

2018-11-15 10:20:35 - [TEST_STEP][PASSED] - click: Object: 'Object Repository/Final Object Repo/Login Page/Internal User/Next Button' is clicked on

2018-11-15 10:20:35 - [MESSAGE][PASSED] - Object: 'Object Repository/Final Object Repo/Login Page/Internal User/Next Button' is clicked on

2018-11-15 10:20:35 - [TEST_STEP][PASSED] - delay: Delayed 2 second(s)

2018-11-15 10:20:37 - [MESSAGE][PASSED] - Delayed 2 second(s)

2018-11-15 10:20:37 - [TEST_STEP][PASSED] - setText: Text 'test' is set on object 'Object Repository/Final Object Repo/Login Page/Internal User/Password'

2018-11-15 10:20:37 - [MESSAGE][PASSED] - Text 'test' is set on object 'Object Repository/Final Object Repo/Login Page/Internal User/Password'

2018-11-15 10:20:37 - [TEST_STEP][PASSED] - delay: Delayed 2 second(s)

2018-11-15 10:20:39 - [MESSAGE][PASSED] - Delayed 2 second(s)

2018-11-15 10:20:39 - [TEST_STEP][PASSED] - click: Object: 'Object Repository/Final Object Repo/Login Page/Internal User/Login Button' is clicked on

2018-11-15 10:20:42 - [MESSAGE][PASSED] - Object: 'Object Repository/Final Object Repo/Login Page/Internal User/Login Button' is clicked on

2018-11-15 10:20:42 - [TEST_STEP][PASSED] - Statement - Try: Delayed 2 second(s)

2018-11-15 10:20:42 - [TEST_STEP][PASSED] - Statement - Checker = false: null

2018-11-15 10:20:42 - [TEST_STEP][PASSED] - Statement - Checker = com.kms.katalon.core.webui.keyword.WebUiBuiltInKeywords.verifyElementHasAttribute(com.kms.katalon.core.testobject.ObjectRepository.findTestObject(Final Object Repo/Landing Page/BM Detecting), "href", 20, OPTIONAL): Object 'Object Repository/Final Object Repo/Landing Page/BM Detecting' has attribute 'href'

2018-11-15 10:20:42 - [MESSAGE][PASSED] - Object 'Object Repository/Final Object Repo/Landing Page/BM Detecting' has attribute 'href'

2018-11-15 10:20:42 - [TEST_STEP][PASSED] - Statement - out.println(Checker): null

2018-11-15 10:20:42 - [TEST_STEP][PASSED] - Statement - If (Checker == false): null

2018-11-15 10:20:42 - [TEST_STEP][PASSED] - Statement - Else: null

2018-11-15 10:20:42 - [TEST_STEP][PASSED] - delay: Delayed 2 second(s)

2018-11-15 10:20:44 - [MESSAGE][PASSED] - Delayed 2 second(s)

2018-11-15 10:20:44 - [TEST_STEP][PASSED] - delay: Delayed 3 second(s)

2018-11-15 10:20:47 - [MESSAGE][PASSED] - Delayed 3 second(s)

2018-11-15 10:20:47 - [TEST_STEP][PASSED] - mouseOver: Object: 'Object Repository/Final Object Repo/Landing Page/WorkFlow Menu' is hovered

2018-11-15 10:20:47 - [MESSAGE][PASSED] - Object: 'Object Repository/Final Object Repo/Landing Page/WorkFlow Menu' is hovered

2018-11-15 10:20:47 - [TEST_STEP][PASSED] - delay: Delayed 2 second(s)

2018-11-15 10:20:49 - [MESSAGE][PASSED] - Delayed 2 second(s)

2018-11-15 10:20:49 - [TEST_STEP][PASSED] - click: Object: 'Object Repository/Final Object Repo/Landing Page/Select to Workflow Listing' is clicked on

2018-11-15 10:20:51 - [MESSAGE][PASSED] - Object: 'Object Repository/Final Object Repo/Landing Page/Select to Workflow Listing' is clicked on

2018-11-15 10:20:51 - [TEST_STEP][PASSED] - delay: Delayed 2 second(s)

2018-11-15 10:20:53 - [MESSAGE][PASSED] - Delayed 2 second(s)

2018-11-15 10:20:53 - [TEST_STEP][PASSED] - click: Object: 'Object Repository/Final Object Repo/WorkFlow Listing Page/Search Information - To Put Ref No' is clicked on

2018-11-15 10:20:53 - [MESSAGE][PASSED] - Object: 'Object Repository/Final Object Repo/WorkFlow Listing Page/Search Information - To Put Ref No' is clicked on

2018-11-15 10:20:53 - [TEST_STEP][PASSED] - delay: Delayed 2 second(s)

2018-11-15 10:20:55 - [MESSAGE][PASSED] - Delayed 2 second(s)

2018-11-15 10:20:55 - [TEST_STEP][PASSED] - callTestCase: Call Test Case 'Test Cases/Final Aug 2018 - PKS Automation/Common/Reference Number Getter' successfully

2018-11-15 10:20:55 - [TEST_CASE][PASSED] - Test Cases/Final Aug 2018 - PKS Automation/Common/Reference Number Getter: Test Cases/Final Aug 2018 - PKS Automation/Common/Reference Number Getter

2018-11-15 10:20:55 - [TEST_STEP][PASSED] - Statement - Try: null

2018-11-15 10:20:55 - [TEST_STEP][PASSED] - Statement - RefNo = new java.io.File(C://KatalonReference.txt): null

2018-11-15 10:20:55 - [TEST_STEP][PASSED] - Statement - bufferread = new java.io.BufferedReader(new java.io.FileReader(RefNo)): null

2018-11-15 10:20:55 - [TEST_STEP][PASSED] - Statement - readedVal = bufferread.readLine(): null

2018-11-15 10:20:55 - [TEST_STEP][PASSED] - Statement - out.println(CaseReferenceNo): null

2018-11-15 10:20:55 - [TEST_STEP][PASSED] - Statement - out.println(readedVal): null

2018-11-15 10:20:55 - [TEST_STEP][PASSED] - Statement - CaseReferenceNo = "": null

2018-11-15 10:20:55 - [TEST_STEP][PASSED] - Statement - CaseReferenceNo = readedVal: null

2018-11-15 10:20:55 - [MESSAGE][PASSED] - Call Test Case 'Test Cases/Final Aug 2018 - PKS Automation/Common/Reference Number Getter' successfully

2018-11-15 10:20:55 - [TEST_STEP][PASSED] - setText: Text 'CUN112018C100005438' is set on object 'Object Repository/Final Object Repo/WorkFlow Listing Page/Ref No Set Text'

2018-11-15 10:20:55 - [MESSAGE][PASSED] - Text 'CUN112018C100005438' is set on object 'Object Repository/Final Object Repo/WorkFlow Listing Page/Ref No Set Text'

2018-11-15 10:20:55 - [TEST_STEP][PASSED] - delay: Delayed 2 second(s)

2018-11-15 10:20:57 - [MESSAGE][PASSED] - Delayed 2 second(s)

2018-11-15 10:20:57 - [TEST_STEP][PASSED] - click: Object: 'Object Repository/Final Object Repo/WorkFlow Listing Page/Search Ref No Search Button' is clicked on

2018-11-15 10:20:59 - [MESSAGE][PASSED] - Object: 'Object Repository/Final Object Repo/WorkFlow Listing Page/Search Ref No Search Button' is clicked on

2018-11-15 10:20:59 - [TEST_STEP][PASSED] - delay: Delayed 4 second(s)

2018-11-15 10:21:03 - [MESSAGE][PASSED] - Delayed 4 second(s)

2018-11-15 10:21:03 - [TEST_STEP][PASSED] - click: Object: 'Object Repository/Final Object Repo/WorkFlow Listing Page/Click Continue Tooltip' is clicked on

2018-11-15 10:21:04 - [MESSAGE][PASSED] - Object: 'Object Repository/Final Object Repo/WorkFlow Listing Page/Click Continue Tooltip' is clicked on

2018-11-15 10:21:04 - [TEST_STEP][PASSED] - delay: Delayed 5 second(s)

2018-11-15 10:21:09 - [MESSAGE][PASSED] - Delayed 5 second(s)

2018-11-15 10:21:09 - [TEST_STEP][PASSED] - doubleClick: Object: 'Object Repository/Final Object Repo/WorkFlow Listing Page/Workflow Found - Listing 1' is double clicked on

2018-11-15 10:21:10 - [MESSAGE][PASSED] - Object: 'Object Repository/Final Object Repo/WorkFlow Listing Page/Workflow Found - Listing 1' is double clicked on

2018-11-15 10:21:10 - [TEST_STEP][PASSED] - Statement - println(OwnerID): null

2018-11-15 10:21:10 - [TEST_STEP][PASSED] - Statement - OwnerID = com.kms.katalon.core.webui.keyword.WebUiBuiltInKeywords.getText(com.kms.katalon.core.testobject.ObjectRepository.findTestObject(Final Object Repo/WorkFlow Listing Page/Workflow Found - Listing 1), STOP_ON_FAILURE): Text of object 'Object Repository/Final Object Repo/WorkFlow Listing Page/Workflow Found - Listing 1' is: 'JOHORuo1'

2018-11-15 10:21:10 - [MESSAGE][PASSED] - Text of object 'Object Repository/Final Object Repo/WorkFlow Listing Page/Workflow Found - Listing 1' is: 'JOHORuo1'

2018-11-15 10:21:10 - [TEST_STEP][PASSED] - Statement - OwnerID = OwnerID.toLowerCase() + "@gmail.com": null

2018-11-15 10:21:10 - [TEST_STEP][PASSED] - Statement - println(OwnerID): null

2018-11-15 10:21:10 - [TEST_STEP][PASSED] - delay: Delayed 2 second(s)

2018-11-15 10:21:12 - [MESSAGE][PASSED] - Delayed 2 second(s)

2018-11-15 10:21:12 - [MESSAGE][PASSED] - Call Test Case 'Test Cases/Final Aug 2018 - PKS Automation/Common/Workflow Owner Finder' successfully

2018-11-15 10:21:12 - [TEST_STEP][PASSED] - delay: Delayed 1 second(s)

2018-11-15 10:21:13 - [MESSAGE][PASSED] - Delayed 1 second(s)

2018-11-15 10:21:13 - [TEST_STEP][PASSED] - navigateToUrl: Navigate to 'https://assist2-uat.perkeso.gov.my/c/portal/logout' successfully

2018-11-15 10:21:14 - [MESSAGE][PASSED] - Navigate to 'https://assist2-uat.perkeso.gov.my/c/portal/logout' successfully

2018-11-15 10:21:14 - [TEST_STEP][PASSED] - delay: Delayed 1 second(s)

2018-11-15 10:21:15 - [MESSAGE][PASSED] - Delayed 1 second(s)

2018-11-15 10:21:15 - [TEST_STEP][PASSED] - callTestCase: Call Test Case 'Test Cases/Final Aug 2018 - PKS Automation/Registration Module/Workflow/Login and Search Case For Workflow' successfully

2018-11-15 10:21:15 - [TEST_CASE][PASSED] - Test Cases/Final Aug 2018 - PKS Automation/Registration Module/Workflow/Login and Search Case For Workflow: Test Cases/Final Aug 2018 - PKS Automation/Registration Module/Workflow/Login and Search Case For Workflow

2018-11-15 10:21:15 - [TEST_STEP][PASSED] - navigateToUrl: Navigate to 'https://assist2-uat.perkeso.gov.my/login' successfully

2018-11-15 10:21:16 - [MESSAGE][PASSED] - Navigate to 'https://assist2-uat.perkeso.gov.my/login' successfully

2018-11-15 10:21:16 - [TEST_STEP][PASSED] - setText: Text 'johoruo1@gmail.com' is set on object 'Object Repository/Final Object Repo/Login Page/Internal User/Email Address'

2018-11-15 10:21:16 - [MESSAGE][PASSED] - Text 'johoruo1@gmail.com' is set on object 'Object Repository/Final Object Repo/Login Page/Internal User/Email Address'

2018-11-15 10:21:16 - [TEST_STEP][PASSED] - click: Object: 'Object Repository/Final Object Repo/Login Page/Internal User/Next Button' is clicked on

2018-11-15 10:21:16 - [MESSAGE][PASSED] - Object: 'Object Repository/Final Object Repo/Login Page/Internal User/Next Button' is clicked on

2018-11-15 10:21:16 - [TEST_STEP][PASSED] - delay: Delayed 1 second(s)

2018-11-15 10:21:17 - [MESSAGE][PASSED] - Delayed 1 second(s)

2018-11-15 10:21:17 - [TEST_STEP][PASSED] - setEncryptedText: Text ****** has been set on object 'Object Repository/Final Object Repo/Login Page/Internal User/Password'

2018-11-15 10:21:17 - [MESSAGE][PASSED] - Text ****** has been set on object 'Object Repository/Final Object Repo/Login Page/Internal User/Password'

2018-11-15 10:21:17 - [TEST_STEP][PASSED] - click: Object: 'Object Repository/Final Object Repo/Login Page/Internal User/Login Button' is clicked on

2018-11-15 10:21:19 - [MESSAGE][PASSED] - Object: 'Object Repository/Final Object Repo/Login Page/Internal User/Login Button' is clicked on

2018-11-15 10:21:19 - [TEST_STEP][PASSED] - delay: Delayed 2 second(s)

2018-11-15 10:21:21 - [MESSAGE][PASSED] - Delayed 2 second(s)

2018-11-15 10:21:21 - [TEST_STEP][PASSED] - Statement - Try: Delayed 2 second(s)

2018-11-15 10:21:21 - [TEST_STEP][PASSED] - Statement - Checker = false: null

2018-11-15 10:21:21 - [TEST_STEP][PASSED] - Statement - Checker = com.kms.katalon.core.webui.keyword.WebUiBuiltInKeywords.verifyElementHasAttribute(com.kms.katalon.core.testobject.ObjectRepository.findTestObject(Final Object Repo/Landing Page/BM Detecting), "href", 20, OPTIONAL): Object 'Object Repository/Final Object Repo/Landing Page/BM Detecting' has attribute 'href'

2018-11-15 10:21:21 - [MESSAGE][PASSED] - Object 'Object Repository/Final Object Repo/Landing Page/BM Detecting' has attribute 'href'

2018-11-15 10:21:21 - [TEST_STEP][PASSED] - Statement - out.println(Checker): null

2018-11-15 10:21:21 - [TEST_STEP][PASSED] - Statement - If (Checker == false): null

2018-11-15 10:21:21 - [TEST_STEP][PASSED] - Statement - Else: null

2018-11-15 10:21:21 - [TEST_STEP][PASSED] - delay: Delayed 2 second(s)

2018-11-15 10:21:23 - [MESSAGE][PASSED] - Delayed 2 second(s)

2018-11-15 10:21:23 - [TEST_STEP][PASSED] - click: Object: 'Object Repository/Final Object Repo/Page_MyASSIST - ASSIST - Search Pending Case For Add Supporting Document/Search Information' is clicked on

2018-11-15 10:21:24 - [MESSAGE][PASSED] - Object: 'Object Repository/Final Object Repo/Page_MyASSIST - ASSIST - Search Pending Case For Add Supporting Document/Search Information' is clicked on

2018-11-15 10:21:24 - [TEST_STEP][PASSED] - delay: Delayed 3 second(s)

2018-11-15 10:21:27 - [MESSAGE][PASSED] - Delayed 3 second(s)

2018-11-15 10:21:27 - [TEST_STEP][PASSED] - sendKeys: Keys 'CUN112018C100005438' sent to object: 'Object Repository/Final Object Repo/Page_MyASSIST - ASSIST - Search Pending Case For Add Supporting Document/Reference No'

2018-11-15 10:21:27 - [MESSAGE][PASSED] - Keys 'CUN112018C100005438' sent to object: 'Object Repository/Final Object Repo/Page_MyASSIST - ASSIST - Search Pending Case For Add Supporting Document/Reference No'

2018-11-15 10:21:27 - [TEST_STEP][PASSED] - click: Object: 'Object Repository/Final Object Repo/Page_MyASSIST - ASSIST - Search Pending Case For Add Supporting Document/Search Reference No' is clicked on

2018-11-15 10:21:28 - [MESSAGE][PASSED] - Object: 'Object Repository/Final Object Repo/Page_MyASSIST - ASSIST - Search Pending Case For Add Supporting Document/Search Reference No' is clicked on

2018-11-15 10:21:28 - [TEST_STEP][PASSED] - delay: Delayed 2 second(s)

2018-11-15 10:21:30 - [MESSAGE][PASSED] - Delayed 2 second(s)

2018-11-15 10:21:30 - [TEST_STEP][PASSED] - click: Object: 'Object Repository/Final Object Repo/Page_MyASSIST - ASSIST - Search Pending Case For Add Supporting Document/Continue' is clicked on

2018-11-15 10:21:35 - [MESSAGE][PASSED] - Object: 'Object Repository/Final Object Repo/Page_MyASSIST - ASSIST - Search Pending Case For Add Supporting Document/Continue' is clicked on

2018-11-15 10:21:35 - [TEST_STEP][PASSED] - delay: Delayed 20 second(s)

2018-11-15 10:21:55 - [MESSAGE][PASSED] - Delayed 20 second(s)

2018-11-15 10:21:55 - [MESSAGE][PASSED] - Call Test Case 'Test Cases/Final Aug 2018 - PKS Automation/Registration Module/Workflow/Login and Search Case For Workflow' successfully

2018-11-15 10:21:55 - [TEST_STEP][PASSED] - delay: Delayed 2 second(s)

2018-11-15 10:21:57 - [MESSAGE][PASSED] - Delayed 2 second(s)

2018-11-15 10:21:57 - [TEST_STEP][PASSED] - click: Object: 'Object Repository/Final Object Repo/Page_Update Employer Information/Page_Update Employer Information UO (Approve)/Continue' is clicked on

2018-11-15 10:22:01 - [MESSAGE][PASSED] - Object: 'Object Repository/Final Object Repo/Page_Update Employer Information/Page_Update Employer Information UO (Approve)/Continue' is clicked on

2018-11-15 10:22:01 - [TEST_STEP][PASSED] - delay: Delayed 2 second(s)

2018-11-15 10:22:03 - [MESSAGE][PASSED] - Delayed 2 second(s)

2018-11-15 10:22:03 - [TEST_STEP][PASSED] - click: Object: 'Object Repository/Final Object Repo/Page_Update Employer Information/Page_Update Employer Information UO (Approve)/Save  Continue in Update Employer Information Page' is clicked on

2018-11-15 10:22:09 - [MESSAGE][PASSED] - Object: 'Object Repository/Final Object Repo/Page_Update Employer Information/Page_Update Employer Information UO (Approve)/Save  Continue in Update Employer Information Page' is clicked on

2018-11-15 10:22:09 - [TEST_STEP][PASSED] - delay: Delayed 2 second(s)

2018-11-15 10:22:11 - [MESSAGE][PASSED] - Delayed 2 second(s)

2018-11-15 10:22:11 - [TEST_STEP][PASSED] - click: Object: 'Object Repository/Final Object Repo/Page_Update Employer Information/Page_Update Employer Information UO (Approve)/Save  Continue in Uploading Supporting Document Page' is clicked on

2018-11-15 10:22:15 - [MESSAGE][PASSED] - Object: 'Object Repository/Final Object Repo/Page_Update Employer Information/Page_Update Employer Information UO (Approve)/Save  Continue in Uploading Supporting Document Page' is clicked on

2018-11-15 10:22:15 - [TEST_STEP][PASSED] - delay: Delayed 2 second(s)

2018-11-15 10:22:17 - [MESSAGE][PASSED] - Delayed 2 second(s)

2018-11-15 10:22:17 - [TEST_STEP][PASSED] - click: Object: 'Object Repository/Final Object Repo/Page_Update Employer Information/Page_Update Employer Information UO (Reject)/Reject' is clicked on

2018-11-15 10:22:17 - [MESSAGE][PASSED] - Object: 'Object Repository/Final Object Repo/Page_Update Employer Information/Page_Update Employer Information UO (Reject)/Reject' is clicked on

2018-11-15 10:22:17 - [TEST_STEP][PASSED] - delay: Delayed 2 second(s)

2018-11-15 10:22:19 - [MESSAGE][PASSED] - Delayed 2 second(s)

2018-11-15 10:22:19 - [TEST_STEP][PASSED] - click: Object: 'Object Repository/Final Object Repo/Page_Update Employer Information/Page_Update Employer Information UO (Reject)/Confirm' is clicked on

2018-11-15 10:22:24 - [MESSAGE][PASSED] - Object: 'Object Repository/Final Object Repo/Page_Update Employer Information/Page_Update Employer Information UO (Reject)/Confirm' is clicked on

2018-11-15 10:22:24 - [TEST_STEP][PASSED] - delay: Delayed 2 second(s)

2018-11-15 10:22:26 - [MESSAGE][PASSED] - Delayed 2 second(s)

2018-11-15 10:22:26 - [TEST_STEP][PASSED] - click: Object: 'Object Repository/Final Object Repo/Page_Update Employer Information/Page_Update Employer Information UO (Reject)/Message This Case has been Rejected' is clicked on

2018-11-15 10:22:27 - [MESSAGE][PASSED] - Object: 'Object Repository/Final Object Repo/Page_Update Employer Information/Page_Update Employer Information UO (Reject)/Message This Case has been Rejected' is clicked on

2018-11-15 10:22:27 - [MESSAGE][PASSED] - Call Test Case 'Test Cases/Final Aug 2018 - PKS Automation/Registration Module/Workflow/Update Employer Information/Template/Update Employer Information - Special Case - UO (Reject)' successfully]]></system-out>
         <system-err><![CDATA[]]></system-err>
      </testcase>
      <testcase name="Test Cases/Final Aug 2018 - PKS Automation/Registration Module/Workflow/Update Employer Information/Employer - UO (Under enforcement)" classname="Test Cases/Final Aug 2018 - PKS Automation/Registration Module/Workflow/Update Employer Information/Employer - UO (Under enforcement)" status="PASSED">
         <system-out><![CDATA[2018-11-15 10:22:27 - [TEST_CASE][PASSED] - Test Cases/Final Aug 2018 - PKS Automation/Registration Module/Workflow/Update Employer Information/Employer - UO (Under enforcement): Test Cases/Final Aug 2018 - PKS Automation/Registration Module/Workflow/Update Employer Information/Employer - UO (Under enforcement)

2018-11-15 10:22:27 - [TEST_STEP][PASSED] - callTestCase: Call Test Case 'Test Cases/Final Aug 2018 - PKS Automation/Registration Module/Workflow/Update Employer Information/Template/Update Employer Information - Special Case (Employer)' successfully

2018-11-15 10:22:27 - [TEST_CASE][PASSED] - Test Cases/Final Aug 2018 - PKS Automation/Registration Module/Workflow/Update Employer Information/Template/Update Employer Information - Special Case (Employer): Test Cases/Final Aug 2018 - PKS Automation/Registration Module/Workflow/Update Employer Information/Template/Update Employer Information - Special Case (Employer)

2018-11-15 10:22:27 - [TEST_STEP][PASSED] - callTestCase: Call Test Case 'Test Cases/Final Aug 2018 - PKS Automation/Create Employer Acc/Login to Employer Account (Second time)' successfully

2018-11-15 10:22:27 - [TEST_CASE][PASSED] - Test Cases/Final Aug 2018 - PKS Automation/Create Employer Acc/Login to Employer Account (Second time): Test Cases/Final Aug 2018 - PKS Automation/Create Employer Acc/Login to Employer Account (Second time)

2018-11-15 10:22:27 - [TEST_STEP][PASSED] - openBrowser: Browser is opened with url: ''

2018-11-15 10:22:27 - [MESSAGE][WARNING] - A browser is already opened. Closing browser and opening a new one

2018-11-15 10:22:32 - [MESSAGE][PASSED] - Browser is opened with url: ''

2018-11-15 10:22:32 - [TEST_STEP][PASSED] - navigateToUrl: Navigate to 'https://assist2-uat.perkeso.gov.my/employer/login' successfully

2018-11-15 10:22:35 - [MESSAGE][PASSED] - Navigate to 'https://assist2-uat.perkeso.gov.my/employer/login' successfully

2018-11-15 10:22:35 - [TEST_STEP][PASSED] - delay: Delayed 3 second(s)

2018-11-15 10:22:38 - [MESSAGE][PASSED] - Delayed 3 second(s)

2018-11-15 10:22:38 - [TEST_STEP][PASSED] - callTestCase: Call Test Case 'Test Cases/Final Aug 2018 - PKS Automation/Create Employer Acc/Template/Employer Email Getter' successfully

2018-11-15 10:22:38 - [TEST_CASE][PASSED] - Test Cases/Final Aug 2018 - PKS Automation/Create Employer Acc/Template/Employer Email Getter: Test Cases/Final Aug 2018 - PKS Automation/Create Employer Acc/Template/Employer Email Getter

2018-11-15 10:22:38 - [TEST_STEP][PASSED] - Statement - Try: null

2018-11-15 10:22:38 - [TEST_STEP][PASSED] - Statement - EmpEmail = new java.io.File(C://EmpEmail.txt): null

2018-11-15 10:22:38 - [TEST_STEP][PASSED] - Statement - bufferread = new java.io.BufferedReader(new java.io.FileReader(EmpEmail)): null

2018-11-15 10:22:38 - [TEST_STEP][PASSED] - Statement - readedVal = bufferread.readLine(): null

2018-11-15 10:22:38 - [TEST_STEP][PASSED] - Statement - out.println(readedVal): null

2018-11-15 10:22:38 - [TEST_STEP][PASSED] - Statement - Email = readedVal: null

2018-11-15 10:22:38 - [MESSAGE][PASSED] - Call Test Case 'Test Cases/Final Aug 2018 - PKS Automation/Create Employer Acc/Template/Employer Email Getter' successfully

2018-11-15 10:22:38 - [TEST_STEP][PASSED] - setText: Text 'perkeso567246757700@gmail.com' is set on object 'Object Repository/Final Object Repo/Login Page/External Login Page/Email'

2018-11-15 10:22:38 - [MESSAGE][PASSED] - Text 'perkeso567246757700@gmail.com' is set on object 'Object Repository/Final Object Repo/Login Page/External Login Page/Email'

2018-11-15 10:22:38 - [TEST_STEP][PASSED] - click: Object: 'Object Repository/Final Object Repo/Login Page/External Login Page/Next' is clicked on

2018-11-15 10:22:39 - [MESSAGE][PASSED] - Object: 'Object Repository/Final Object Repo/Login Page/External Login Page/Next' is clicked on

2018-11-15 10:22:39 - [TEST_STEP][PASSED] - delay: Delayed 3 second(s)

2018-11-15 10:22:42 - [MESSAGE][PASSED] - Delayed 3 second(s)

2018-11-15 10:22:42 - [TEST_STEP][PASSED] - setEncryptedText: Text ****** has been set on object 'Object Repository/Final Object Repo/Login Page/External Login Page/Password'

2018-11-15 10:22:42 - [MESSAGE][PASSED] - Text ****** has been set on object 'Object Repository/Final Object Repo/Login Page/External Login Page/Password'

2018-11-15 10:22:42 - [TEST_STEP][PASSED] - click: Object: 'Object Repository/Final Object Repo/Login Page/External Login Page/Login' is clicked on

2018-11-15 10:22:49 - [MESSAGE][PASSED] - Object: 'Object Repository/Final Object Repo/Login Page/External Login Page/Login' is clicked on

2018-11-15 10:22:49 - [TEST_STEP][PASSED] - delay: Delayed 5 second(s)

2018-11-15 10:22:54 - [MESSAGE][PASSED] - Delayed 5 second(s)

2018-11-15 10:22:54 - [MESSAGE][PASSED] - Call Test Case 'Test Cases/Final Aug 2018 - PKS Automation/Create Employer Acc/Login to Employer Account (Second time)' successfully

2018-11-15 10:22:54 - [TEST_STEP][PASSED] - Statement - Try: Delayed 2 second(s)

2018-11-15 10:22:54 - [TEST_STEP][PASSED] - Statement - Checker = false: null

2018-11-15 10:22:54 - [TEST_STEP][PASSED] - Statement - Checker = com.kms.katalon.core.webui.keyword.WebUiBuiltInKeywords.verifyElementHasAttribute(com.kms.katalon.core.testobject.ObjectRepository.findTestObject(Final Object Repo/Landing Page/BM Detecting), "href", 20, OPTIONAL): Object 'Object Repository/Final Object Repo/Landing Page/BM Detecting' has attribute 'href'

2018-11-15 10:22:54 - [MESSAGE][PASSED] - Object 'Object Repository/Final Object Repo/Landing Page/BM Detecting' has attribute 'href'

2018-11-15 10:22:54 - [TEST_STEP][PASSED] - Statement - out.println(Checker): null

2018-11-15 10:22:54 - [TEST_STEP][PASSED] - Statement - If (Checker == false): null

2018-11-15 10:22:54 - [TEST_STEP][PASSED] - Statement - Else: null

2018-11-15 10:22:54 - [TEST_STEP][PASSED] - delay: Delayed 2 second(s)

2018-11-15 10:22:56 - [MESSAGE][PASSED] - Delayed 2 second(s)

2018-11-15 10:22:56 - [TEST_STEP][PASSED] - navigateToUrl: Navigate to 'https://assist2-uat.perkeso.gov.my/web/registration/update/update-employer-information' successfully

2018-11-15 10:22:57 - [MESSAGE][PASSED] - Navigate to 'https://assist2-uat.perkeso.gov.my/web/registration/update/update-employer-information' successfully

2018-11-15 10:22:57 - [TEST_STEP][PASSED] - click: Object: 'Object Repository/Final Object Repo/Page_Update Employer Information/Edit Button' is clicked on

2018-11-15 10:23:00 - [MESSAGE][PASSED] - Object: 'Object Repository/Final Object Repo/Page_Update Employer Information/Edit Button' is clicked on

2018-11-15 10:23:00 - [TEST_STEP][PASSED] - click: Object: 'Object Repository/Final Object Repo/Page_Update Employer Information/Business Entity' is clicked on

2018-11-15 10:23:01 - [MESSAGE][PASSED] - Object: 'Object Repository/Final Object Repo/Page_Update Employer Information/Business Entity' is clicked on

2018-11-15 10:23:01 - [TEST_STEP][PASSED] - Statement - CurrentBusinessEntity = "": null

2018-11-15 10:23:01 - [TEST_STEP][PASSED] - Statement - CurrentBusinessEntity = com.kms.katalon.core.webui.keyword.WebUiBuiltInKeywords.getText(com.kms.katalon.core.testobject.ObjectRepository.findTestObject(Final Object Repo/Page_Update Employer Information/Current Business Entity)): Text of object 'Object Repository/Final Object Repo/Page_Update Employer Information/Current Business Entity' is: 'Sole Proprietor / Individual Business'

2018-11-15 10:23:01 - [MESSAGE][PASSED] - Text of object 'Object Repository/Final Object Repo/Page_Update Employer Information/Current Business Entity' is: 'Sole Proprietor / Individual Business'

2018-11-15 10:23:01 - [TEST_STEP][PASSED] - Statement - out.println(CurrentBusinessEntity): null

2018-11-15 10:23:01 - [TEST_STEP][PASSED] - Statement - If (CurrentBusinessEntity == "Corporation"): null

2018-11-15 10:23:01 - [TEST_STEP][PASSED] - Statement - Else If (CurrentBusinessEntity == "Partnership"): null

2018-11-15 10:23:01 - [TEST_STEP][PASSED] - Statement - Else If (CurrentBusinessEntity == "Sole Proprietor / Individual Business"): Delayed 3 second(s)

2018-11-15 10:23:01 - [TEST_STEP][PASSED] - Statement - obj = com.kms.katalon.core.webui.keyword.WebUiBuiltInKeywords.modifyObjectProperty(com.kms.katalon.core.testobject.ObjectRepository.findTestObject(Final Object Repo/Page_Update Employer Information/change to this Business Entity), "xpath", "equals", "//ul/li/span[contains(text(),"Others")]", true, STOP_ON_FAILURE): Modify property of object successfully

2018-11-15 10:23:01 - [MESSAGE][PASSED] - Modify property of object successfully

2018-11-15 10:23:01 - [TEST_STEP][PASSED] - click: Object: 'Object Repository/Final Object Repo/Page_Update Employer Information/change to this Business Entity' is clicked on

2018-11-15 10:23:02 - [MESSAGE][PASSED] - Object: 'Object Repository/Final Object Repo/Page_Update Employer Information/change to this Business Entity' is clicked on

2018-11-15 10:23:02 - [TEST_STEP][PASSED] - delay: Delayed 1 second(s)

2018-11-15 10:23:03 - [MESSAGE][PASSED] - Delayed 1 second(s)

2018-11-15 10:23:03 - [TEST_STEP][PASSED] - click: Object: 'Object Repository/Final Object Repo/Page_Update Employer Information/Sub Business Entity' is clicked on

2018-11-15 10:23:03 - [MESSAGE][PASSED] - Object: 'Object Repository/Final Object Repo/Page_Update Employer Information/Sub Business Entity' is clicked on

2018-11-15 10:23:03 - [TEST_STEP][PASSED] - click: Object: 'Object Repository/Final Object Repo/Page_Update Employer Information/Sub Business Entity List - Others - Federal Government Agency' is clicked on

2018-11-15 10:23:04 - [MESSAGE][PASSED] - Object: 'Object Repository/Final Object Repo/Page_Update Employer Information/Sub Business Entity List - Others - Federal Government Agency' is clicked on

2018-11-15 10:23:04 - [TEST_STEP][PASSED] - delay: Delayed 1 second(s)

2018-11-15 10:23:05 - [MESSAGE][PASSED] - Delayed 1 second(s)

2018-11-15 10:23:05 - [TEST_STEP][PASSED] - click: Object: 'Object Repository/Final Object Repo/Page_Update Employer Information/Sub Business Entity List' is clicked on

2018-11-15 10:23:05 - [MESSAGE][PASSED] - Object: 'Object Repository/Final Object Repo/Page_Update Employer Information/Sub Business Entity List' is clicked on

2018-11-15 10:23:05 - [TEST_STEP][PASSED] - click: Object: 'Object Repository/Final Object Repo/Page_Update Employer Information/Sub Business Entity - Others - Federal Government Agency - Kementerian' is clicked on

2018-11-15 10:23:06 - [MESSAGE][PASSED] - Object: 'Object Repository/Final Object Repo/Page_Update Employer Information/Sub Business Entity - Others - Federal Government Agency - Kementerian' is clicked on

2018-11-15 10:23:06 - [TEST_STEP][PASSED] - delay: Delayed 3 second(s)

2018-11-15 10:23:09 - [MESSAGE][PASSED] - Delayed 3 second(s)

2018-11-15 10:23:09 - [TEST_STEP][PASSED] - delay: Delayed 4 second(s)

2018-11-15 10:23:13 - [MESSAGE][PASSED] - Delayed 4 second(s)

2018-11-15 10:23:13 - [TEST_STEP][PASSED] - click: Object: 'Object Repository/Final Object Repo/Page_Update Employer Information/Save  Continue' is clicked on

2018-11-15 10:23:18 - [MESSAGE][PASSED] - Object: 'Object Repository/Final Object Repo/Page_Update Employer Information/Save  Continue' is clicked on

2018-11-15 10:23:18 - [TEST_STEP][PASSED] - delay: Delayed 4 second(s)

2018-11-15 10:23:22 - [MESSAGE][PASSED] - Delayed 4 second(s)

2018-11-15 10:23:22 - [TEST_STEP][PASSED] - click: Object: 'Object Repository/Final Object Repo/Page_Update Employer Information/Save  Continue (1)' is clicked on

2018-11-15 10:23:26 - [MESSAGE][PASSED] - Object: 'Object Repository/Final Object Repo/Page_Update Employer Information/Save  Continue (1)' is clicked on

2018-11-15 10:23:26 - [TEST_STEP][PASSED] - Statement - CaseReferenceNo = com.kms.katalon.core.webui.keyword.WebUiBuiltInKeywords.getText(com.kms.katalon.core.testobject.ObjectRepository.findTestObject(Final Object Repo/Page_Update Employer Information/Reference Number in Update Employee Information Page)): Text of object 'Object Repository/Final Object Repo/Page_Update Employer Information/Reference Number in Update Employee Information Page' is: 'CUN112018C100005439'

2018-11-15 10:23:26 - [MESSAGE][PASSED] - Text of object 'Object Repository/Final Object Repo/Page_Update Employer Information/Reference Number in Update Employee Information Page' is: 'CUN112018C100005439'

2018-11-15 10:23:26 - [TEST_STEP][PASSED] - callTestCase: Call Test Case 'Test Cases/Final Aug 2018 - PKS Automation/Common/Reference Number Setter' successfully

2018-11-15 10:23:26 - [TEST_CASE][PASSED] - Test Cases/Final Aug 2018 - PKS Automation/Common/Reference Number Setter: Test Cases/Final Aug 2018 - PKS Automation/Common/Reference Number Setter

2018-11-15 10:23:26 - [TEST_STEP][PASSED] - Statement - RefNoOldFile = new java.io.File(C://KatalonReference.txt): null

2018-11-15 10:23:26 - [TEST_STEP][PASSED] - Statement - RefNoOldFile.delete(): null

2018-11-15 10:23:26 - [TEST_STEP][PASSED] - delay: Delayed 5 second(s)

2018-11-15 10:23:31 - [MESSAGE][PASSED] - Delayed 5 second(s)

2018-11-15 10:23:31 - [TEST_STEP][PASSED] - Statement - RefNo = new java.io.File(C://KatalonReference.txt): null

2018-11-15 10:23:31 - [TEST_STEP][PASSED] - Statement - f2 = new java.io.FileWriter(RefNo, false): null

2018-11-15 10:23:31 - [TEST_STEP][PASSED] - Statement - f2.write(CaseReferenceNo): null

2018-11-15 10:23:31 - [TEST_STEP][PASSED] - Statement - f2.close(): null

2018-11-15 10:23:31 - [TEST_STEP][PASSED] - Statement - out.println("


" + CaseReferenceNo + "


"): null

2018-11-15 10:23:31 - [MESSAGE][PASSED] - Call Test Case 'Test Cases/Final Aug 2018 - PKS Automation/Common/Reference Number Setter' successfully

2018-11-15 10:23:31 - [TEST_STEP][PASSED] - delay: Delayed 4 second(s)

2018-11-15 10:23:35 - [MESSAGE][PASSED] - Delayed 4 second(s)

2018-11-15 10:23:35 - [TEST_STEP][PASSED] - click: Object: 'Object Repository/Final Object Repo/Page_Update Employer Information/Submit - Copy' is clicked on

2018-11-15 10:23:36 - [MESSAGE][PASSED] - Object: 'Object Repository/Final Object Repo/Page_Update Employer Information/Submit - Copy' is clicked on

2018-11-15 10:23:36 - [TEST_STEP][PASSED] - delay: Delayed 2 second(s)

2018-11-15 10:23:38 - [MESSAGE][PASSED] - Delayed 2 second(s)

2018-11-15 10:23:38 - [TEST_STEP][PASSED] - click: Object: 'Object Repository/Final Object Repo/Page_Update Employer Information/Confirm' is clicked on

2018-11-15 10:23:43 - [MESSAGE][PASSED] - Object: 'Object Repository/Final Object Repo/Page_Update Employer Information/Confirm' is clicked on

2018-11-15 10:23:43 - [TEST_STEP][PASSED] - delay: Delayed 2 second(s)

2018-11-15 10:23:45 - [MESSAGE][PASSED] - Delayed 2 second(s)

2018-11-15 10:23:45 - [TEST_STEP][PASSED] - click: Object: 'Object Repository/Final Object Repo/Page_Update Employer Information/Message Your Request will be route' is clicked on

2018-11-15 10:23:45 - [MESSAGE][PASSED] - Object: 'Object Repository/Final Object Repo/Page_Update Employer Information/Message Your Request will be route' is clicked on

2018-11-15 10:23:45 - [MESSAGE][PASSED] - Call Test Case 'Test Cases/Final Aug 2018 - PKS Automation/Registration Module/Workflow/Update Employer Information/Template/Update Employer Information - Special Case (Employer)' successfully

2018-11-15 10:23:45 - [TEST_STEP][PASSED] - callTestCase: Call Test Case 'Test Cases/Final Aug 2018 - PKS Automation/Registration Module/Workflow/Update Employer Information/Template/Update Employer Information - Special Case - UO (Under enforcement)' successfully

2018-11-15 10:23:45 - [TEST_CASE][PASSED] - Test Cases/Final Aug 2018 - PKS Automation/Registration Module/Workflow/Update Employer Information/Template/Update Employer Information - Special Case - UO (Under enforcement): Test Cases/Final Aug 2018 - PKS Automation/Registration Module/Workflow/Update Employer Information/Template/Update Employer Information - Special Case - UO (Under enforcement)

2018-11-15 10:23:46 - [TEST_STEP][NOT_RUN] - callTestCase: NOT_RUN: callTestCase

2018-11-15 10:23:46 - [MESSAGE][NOT_RUN] - NOT_RUN: callTestCase

2018-11-15 10:23:46 - [TEST_STEP][PASSED] - delay: Delayed 1 second(s)

2018-11-15 10:23:47 - [MESSAGE][PASSED] - Delayed 1 second(s)

2018-11-15 10:23:47 - [TEST_STEP][PASSED] - navigateToUrl: Navigate to 'https://assist2-uat.perkeso.gov.my/c/portal/logout' successfully

2018-11-15 10:23:48 - [MESSAGE][PASSED] - Navigate to 'https://assist2-uat.perkeso.gov.my/c/portal/logout' successfully

2018-11-15 10:23:48 - [TEST_STEP][PASSED] - delay: Delayed 1 second(s)

2018-11-15 10:23:49 - [MESSAGE][PASSED] - Delayed 1 second(s)

2018-11-15 10:23:49 - [TEST_STEP][PASSED] - callTestCase: Call Test Case 'Test Cases/Final Aug 2018 - PKS Automation/Common/Reference Number Getter' successfully

2018-11-15 10:23:49 - [TEST_CASE][PASSED] - Test Cases/Final Aug 2018 - PKS Automation/Common/Reference Number Getter: Test Cases/Final Aug 2018 - PKS Automation/Common/Reference Number Getter

2018-11-15 10:23:49 - [TEST_STEP][PASSED] - Statement - Try: null

2018-11-15 10:23:49 - [TEST_STEP][PASSED] - Statement - RefNo = new java.io.File(C://KatalonReference.txt): null

2018-11-15 10:23:49 - [TEST_STEP][PASSED] - Statement - bufferread = new java.io.BufferedReader(new java.io.FileReader(RefNo)): null

2018-11-15 10:23:49 - [TEST_STEP][PASSED] - Statement - readedVal = bufferread.readLine(): null

2018-11-15 10:23:49 - [TEST_STEP][PASSED] - Statement - out.println(CaseReferenceNo): null

2018-11-15 10:23:49 - [TEST_STEP][PASSED] - Statement - out.println(readedVal): null

2018-11-15 10:23:49 - [TEST_STEP][PASSED] - Statement - CaseReferenceNo = "": null

2018-11-15 10:23:49 - [TEST_STEP][PASSED] - Statement - CaseReferenceNo = readedVal: null

2018-11-15 10:23:49 - [MESSAGE][PASSED] - Call Test Case 'Test Cases/Final Aug 2018 - PKS Automation/Common/Reference Number Getter' successfully

2018-11-15 10:23:49 - [TEST_STEP][PASSED] - callTestCase: Call Test Case 'Test Cases/Final Aug 2018 - PKS Automation/Common/Workflow Owner Finder' successfully

2018-11-15 10:23:49 - [TEST_CASE][PASSED] - Test Cases/Final Aug 2018 - PKS Automation/Common/Workflow Owner Finder: Test Cases/Final Aug 2018 - PKS Automation/Common/Workflow Owner Finder

2018-11-15 10:23:49 - [TEST_STEP][PASSED] - openBrowser: Browser is opened with url: ''

2018-11-15 10:23:49 - [MESSAGE][WARNING] - A browser is already opened. Closing browser and opening a new one

2018-11-15 10:23:54 - [MESSAGE][PASSED] - Browser is opened with url: ''

2018-11-15 10:23:54 - [TEST_STEP][PASSED] - navigateToUrl: Navigate to 'https://assist2-uat.perkeso.gov.my/login' successfully

2018-11-15 10:23:56 - [MESSAGE][PASSED] - Navigate to 'https://assist2-uat.perkeso.gov.my/login' successfully

2018-11-15 10:23:56 - [TEST_STEP][PASSED] - delay: Delayed 5 second(s)

2018-11-15 10:24:01 - [MESSAGE][PASSED] - Delayed 5 second(s)

2018-11-15 10:24:01 - [TEST_STEP][PASSED] - setText: Text 'test@liferay.com' is set on object 'Object Repository/Final Object Repo/Login Page/Internal User/Email Address'

2018-11-15 10:24:01 - [MESSAGE][PASSED] - Text 'test@liferay.com' is set on object 'Object Repository/Final Object Repo/Login Page/Internal User/Email Address'

2018-11-15 10:24:01 - [TEST_STEP][PASSED] - click: Object: 'Object Repository/Final Object Repo/Login Page/Internal User/Next Button' is clicked on

2018-11-15 10:24:02 - [MESSAGE][PASSED] - Object: 'Object Repository/Final Object Repo/Login Page/Internal User/Next Button' is clicked on

2018-11-15 10:24:02 - [TEST_STEP][PASSED] - delay: Delayed 2 second(s)

2018-11-15 10:24:04 - [MESSAGE][PASSED] - Delayed 2 second(s)

2018-11-15 10:24:04 - [TEST_STEP][PASSED] - setText: Text 'test' is set on object 'Object Repository/Final Object Repo/Login Page/Internal User/Password'

2018-11-15 10:24:04 - [MESSAGE][PASSED] - Text 'test' is set on object 'Object Repository/Final Object Repo/Login Page/Internal User/Password'

2018-11-15 10:24:04 - [TEST_STEP][PASSED] - delay: Delayed 2 second(s)

2018-11-15 10:24:06 - [MESSAGE][PASSED] - Delayed 2 second(s)

2018-11-15 10:24:06 - [TEST_STEP][PASSED] - click: Object: 'Object Repository/Final Object Repo/Login Page/Internal User/Login Button' is clicked on

2018-11-15 10:24:09 - [MESSAGE][PASSED] - Object: 'Object Repository/Final Object Repo/Login Page/Internal User/Login Button' is clicked on

2018-11-15 10:24:09 - [TEST_STEP][PASSED] - Statement - Try: Delayed 2 second(s)

2018-11-15 10:24:09 - [TEST_STEP][PASSED] - Statement - Checker = false: null

2018-11-15 10:24:09 - [TEST_STEP][PASSED] - Statement - Checker = com.kms.katalon.core.webui.keyword.WebUiBuiltInKeywords.verifyElementHasAttribute(com.kms.katalon.core.testobject.ObjectRepository.findTestObject(Final Object Repo/Landing Page/BM Detecting), "href", 20, OPTIONAL): Object 'Object Repository/Final Object Repo/Landing Page/BM Detecting' has attribute 'href'

2018-11-15 10:24:09 - [MESSAGE][PASSED] - Object 'Object Repository/Final Object Repo/Landing Page/BM Detecting' has attribute 'href'

2018-11-15 10:24:09 - [TEST_STEP][PASSED] - Statement - out.println(Checker): null

2018-11-15 10:24:09 - [TEST_STEP][PASSED] - Statement - If (Checker == false): null

2018-11-15 10:24:09 - [TEST_STEP][PASSED] - Statement - Else: null

2018-11-15 10:24:09 - [TEST_STEP][PASSED] - delay: Delayed 2 second(s)

2018-11-15 10:24:11 - [MESSAGE][PASSED] - Delayed 2 second(s)

2018-11-15 10:24:11 - [TEST_STEP][PASSED] - delay: Delayed 3 second(s)

2018-11-15 10:24:14 - [MESSAGE][PASSED] - Delayed 3 second(s)

2018-11-15 10:24:14 - [TEST_STEP][PASSED] - mouseOver: Object: 'Object Repository/Final Object Repo/Landing Page/WorkFlow Menu' is hovered

2018-11-15 10:24:14 - [MESSAGE][PASSED] - Object: 'Object Repository/Final Object Repo/Landing Page/WorkFlow Menu' is hovered

2018-11-15 10:24:14 - [TEST_STEP][PASSED] - delay: Delayed 2 second(s)

2018-11-15 10:24:16 - [MESSAGE][PASSED] - Delayed 2 second(s)

2018-11-15 10:24:16 - [TEST_STEP][PASSED] - click: Object: 'Object Repository/Final Object Repo/Landing Page/Select to Workflow Listing' is clicked on

2018-11-15 10:24:18 - [MESSAGE][PASSED] - Object: 'Object Repository/Final Object Repo/Landing Page/Select to Workflow Listing' is clicked on

2018-11-15 10:24:18 - [TEST_STEP][PASSED] - delay: Delayed 2 second(s)

2018-11-15 10:24:20 - [MESSAGE][PASSED] - Delayed 2 second(s)

2018-11-15 10:24:20 - [TEST_STEP][PASSED] - click: Object: 'Object Repository/Final Object Repo/WorkFlow Listing Page/Search Information - To Put Ref No' is clicked on

2018-11-15 10:24:20 - [MESSAGE][PASSED] - Object: 'Object Repository/Final Object Repo/WorkFlow Listing Page/Search Information - To Put Ref No' is clicked on

2018-11-15 10:24:20 - [TEST_STEP][PASSED] - delay: Delayed 2 second(s)

2018-11-15 10:24:22 - [MESSAGE][PASSED] - Delayed 2 second(s)

2018-11-15 10:24:22 - [TEST_STEP][PASSED] - callTestCase: Call Test Case 'Test Cases/Final Aug 2018 - PKS Automation/Common/Reference Number Getter' successfully

2018-11-15 10:24:22 - [TEST_CASE][PASSED] - Test Cases/Final Aug 2018 - PKS Automation/Common/Reference Number Getter: Test Cases/Final Aug 2018 - PKS Automation/Common/Reference Number Getter

2018-11-15 10:24:22 - [TEST_STEP][PASSED] - Statement - Try: null

2018-11-15 10:24:22 - [TEST_STEP][PASSED] - Statement - RefNo = new java.io.File(C://KatalonReference.txt): null

2018-11-15 10:24:22 - [TEST_STEP][PASSED] - Statement - bufferread = new java.io.BufferedReader(new java.io.FileReader(RefNo)): null

2018-11-15 10:24:22 - [TEST_STEP][PASSED] - Statement - readedVal = bufferread.readLine(): null

2018-11-15 10:24:22 - [TEST_STEP][PASSED] - Statement - out.println(CaseReferenceNo): null

2018-11-15 10:24:22 - [TEST_STEP][PASSED] - Statement - out.println(readedVal): null

2018-11-15 10:24:22 - [TEST_STEP][PASSED] - Statement - CaseReferenceNo = "": null

2018-11-15 10:24:22 - [TEST_STEP][PASSED] - Statement - CaseReferenceNo = readedVal: null

2018-11-15 10:24:22 - [MESSAGE][PASSED] - Call Test Case 'Test Cases/Final Aug 2018 - PKS Automation/Common/Reference Number Getter' successfully

2018-11-15 10:24:22 - [TEST_STEP][PASSED] - setText: Text 'CUN112018C100005439' is set on object 'Object Repository/Final Object Repo/WorkFlow Listing Page/Ref No Set Text'

2018-11-15 10:24:22 - [MESSAGE][PASSED] - Text 'CUN112018C100005439' is set on object 'Object Repository/Final Object Repo/WorkFlow Listing Page/Ref No Set Text'

2018-11-15 10:24:22 - [TEST_STEP][PASSED] - delay: Delayed 2 second(s)

2018-11-15 10:24:24 - [MESSAGE][PASSED] - Delayed 2 second(s)

2018-11-15 10:24:24 - [TEST_STEP][PASSED] - click: Object: 'Object Repository/Final Object Repo/WorkFlow Listing Page/Search Ref No Search Button' is clicked on

2018-11-15 10:24:26 - [MESSAGE][PASSED] - Object: 'Object Repository/Final Object Repo/WorkFlow Listing Page/Search Ref No Search Button' is clicked on

2018-11-15 10:24:26 - [TEST_STEP][PASSED] - delay: Delayed 4 second(s)

2018-11-15 10:24:30 - [MESSAGE][PASSED] - Delayed 4 second(s)

2018-11-15 10:24:30 - [TEST_STEP][PASSED] - click: Object: 'Object Repository/Final Object Repo/WorkFlow Listing Page/Click Continue Tooltip' is clicked on

2018-11-15 10:24:32 - [MESSAGE][PASSED] - Object: 'Object Repository/Final Object Repo/WorkFlow Listing Page/Click Continue Tooltip' is clicked on

2018-11-15 10:24:32 - [TEST_STEP][PASSED] - delay: Delayed 5 second(s)

2018-11-15 10:24:37 - [MESSAGE][PASSED] - Delayed 5 second(s)

2018-11-15 10:24:37 - [TEST_STEP][PASSED] - doubleClick: Object: 'Object Repository/Final Object Repo/WorkFlow Listing Page/Workflow Found - Listing 1' is double clicked on

2018-11-15 10:24:37 - [MESSAGE][PASSED] - Object: 'Object Repository/Final Object Repo/WorkFlow Listing Page/Workflow Found - Listing 1' is double clicked on

2018-11-15 10:24:37 - [TEST_STEP][PASSED] - Statement - println(OwnerID): null

2018-11-15 10:24:37 - [TEST_STEP][PASSED] - Statement - OwnerID = com.kms.katalon.core.webui.keyword.WebUiBuiltInKeywords.getText(com.kms.katalon.core.testobject.ObjectRepository.findTestObject(Final Object Repo/WorkFlow Listing Page/Workflow Found - Listing 1), STOP_ON_FAILURE): Text of object 'Object Repository/Final Object Repo/WorkFlow Listing Page/Workflow Found - Listing 1' is: 'JOHORuo2'

2018-11-15 10:24:37 - [MESSAGE][PASSED] - Text of object 'Object Repository/Final Object Repo/WorkFlow Listing Page/Workflow Found - Listing 1' is: 'JOHORuo2'

2018-11-15 10:24:37 - [TEST_STEP][PASSED] - Statement - OwnerID = OwnerID.toLowerCase() + "@gmail.com": null

2018-11-15 10:24:37 - [TEST_STEP][PASSED] - Statement - println(OwnerID): null

2018-11-15 10:24:37 - [TEST_STEP][PASSED] - delay: Delayed 2 second(s)

2018-11-15 10:24:39 - [MESSAGE][PASSED] - Delayed 2 second(s)

2018-11-15 10:24:39 - [MESSAGE][PASSED] - Call Test Case 'Test Cases/Final Aug 2018 - PKS Automation/Common/Workflow Owner Finder' successfully

2018-11-15 10:24:39 - [TEST_STEP][PASSED] - delay: Delayed 1 second(s)

2018-11-15 10:24:40 - [MESSAGE][PASSED] - Delayed 1 second(s)

2018-11-15 10:24:40 - [TEST_STEP][PASSED] - navigateToUrl: Navigate to 'https://assist2-uat.perkeso.gov.my/c/portal/logout' successfully

2018-11-15 10:24:41 - [MESSAGE][PASSED] - Navigate to 'https://assist2-uat.perkeso.gov.my/c/portal/logout' successfully

2018-11-15 10:24:41 - [TEST_STEP][PASSED] - delay: Delayed 1 second(s)

2018-11-15 10:24:42 - [MESSAGE][PASSED] - Delayed 1 second(s)

2018-11-15 10:24:42 - [TEST_STEP][PASSED] - callTestCase: Call Test Case 'Test Cases/Final Aug 2018 - PKS Automation/Registration Module/Workflow/Login and Search Case For Workflow' successfully

2018-11-15 10:24:42 - [TEST_CASE][PASSED] - Test Cases/Final Aug 2018 - PKS Automation/Registration Module/Workflow/Login and Search Case For Workflow: Test Cases/Final Aug 2018 - PKS Automation/Registration Module/Workflow/Login and Search Case For Workflow

2018-11-15 10:24:42 - [TEST_STEP][PASSED] - navigateToUrl: Navigate to 'https://assist2-uat.perkeso.gov.my/login' successfully

2018-11-15 10:24:43 - [MESSAGE][PASSED] - Navigate to 'https://assist2-uat.perkeso.gov.my/login' successfully

2018-11-15 10:24:43 - [TEST_STEP][PASSED] - setText: Text 'johoruo2@gmail.com' is set on object 'Object Repository/Final Object Repo/Login Page/Internal User/Email Address'

2018-11-15 10:24:43 - [MESSAGE][PASSED] - Text 'johoruo2@gmail.com' is set on object 'Object Repository/Final Object Repo/Login Page/Internal User/Email Address'

2018-11-15 10:24:43 - [TEST_STEP][PASSED] - click: Object: 'Object Repository/Final Object Repo/Login Page/Internal User/Next Button' is clicked on

2018-11-15 10:24:43 - [MESSAGE][PASSED] - Object: 'Object Repository/Final Object Repo/Login Page/Internal User/Next Button' is clicked on

2018-11-15 10:24:43 - [TEST_STEP][PASSED] - delay: Delayed 1 second(s)

2018-11-15 10:24:44 - [MESSAGE][PASSED] - Delayed 1 second(s)

2018-11-15 10:24:44 - [TEST_STEP][PASSED] - setEncryptedText: Text ****** has been set on object 'Object Repository/Final Object Repo/Login Page/Internal User/Password'

2018-11-15 10:24:45 - [MESSAGE][PASSED] - Text ****** has been set on object 'Object Repository/Final Object Repo/Login Page/Internal User/Password'

2018-11-15 10:24:45 - [TEST_STEP][PASSED] - click: Object: 'Object Repository/Final Object Repo/Login Page/Internal User/Login Button' is clicked on

2018-11-15 10:24:47 - [MESSAGE][PASSED] - Object: 'Object Repository/Final Object Repo/Login Page/Internal User/Login Button' is clicked on

2018-11-15 10:24:47 - [TEST_STEP][PASSED] - delay: Delayed 2 second(s)

2018-11-15 10:24:49 - [MESSAGE][PASSED] - Delayed 2 second(s)

2018-11-15 10:24:49 - [TEST_STEP][PASSED] - Statement - Try: Delayed 2 second(s)

2018-11-15 10:24:49 - [TEST_STEP][PASSED] - Statement - Checker = false: null

2018-11-15 10:24:49 - [TEST_STEP][PASSED] - Statement - Checker = com.kms.katalon.core.webui.keyword.WebUiBuiltInKeywords.verifyElementHasAttribute(com.kms.katalon.core.testobject.ObjectRepository.findTestObject(Final Object Repo/Landing Page/BM Detecting), "href", 20, OPTIONAL): Object 'Object Repository/Final Object Repo/Landing Page/BM Detecting' has attribute 'href'

2018-11-15 10:24:49 - [MESSAGE][PASSED] - Object 'Object Repository/Final Object Repo/Landing Page/BM Detecting' has attribute 'href'

2018-11-15 10:24:49 - [TEST_STEP][PASSED] - Statement - out.println(Checker): null

2018-11-15 10:24:49 - [TEST_STEP][PASSED] - Statement - If (Checker == false): null

2018-11-15 10:24:49 - [TEST_STEP][PASSED] - Statement - Else: null

2018-11-15 10:24:49 - [TEST_STEP][PASSED] - delay: Delayed 2 second(s)

2018-11-15 10:24:51 - [MESSAGE][PASSED] - Delayed 2 second(s)

2018-11-15 10:24:51 - [TEST_STEP][PASSED] - click: Object: 'Object Repository/Final Object Repo/Page_MyASSIST - ASSIST - Search Pending Case For Add Supporting Document/Search Information' is clicked on

2018-11-15 10:24:51 - [MESSAGE][PASSED] - Object: 'Object Repository/Final Object Repo/Page_MyASSIST - ASSIST - Search Pending Case For Add Supporting Document/Search Information' is clicked on

2018-11-15 10:24:51 - [TEST_STEP][PASSED] - delay: Delayed 3 second(s)

2018-11-15 10:24:54 - [MESSAGE][PASSED] - Delayed 3 second(s)

2018-11-15 10:24:54 - [TEST_STEP][PASSED] - sendKeys: Keys 'CUN112018C100005439' sent to object: 'Object Repository/Final Object Repo/Page_MyASSIST - ASSIST - Search Pending Case For Add Supporting Document/Reference No'

2018-11-15 10:24:54 - [MESSAGE][PASSED] - Keys 'CUN112018C100005439' sent to object: 'Object Repository/Final Object Repo/Page_MyASSIST - ASSIST - Search Pending Case For Add Supporting Document/Reference No'

2018-11-15 10:24:54 - [TEST_STEP][PASSED] - click: Object: 'Object Repository/Final Object Repo/Page_MyASSIST - ASSIST - Search Pending Case For Add Supporting Document/Search Reference No' is clicked on

2018-11-15 10:24:56 - [MESSAGE][PASSED] - Object: 'Object Repository/Final Object Repo/Page_MyASSIST - ASSIST - Search Pending Case For Add Supporting Document/Search Reference No' is clicked on

2018-11-15 10:24:56 - [TEST_STEP][PASSED] - delay: Delayed 2 second(s)

2018-11-15 10:24:58 - [MESSAGE][PASSED] - Delayed 2 second(s)

2018-11-15 10:24:58 - [TEST_STEP][PASSED] - click: Object: 'Object Repository/Final Object Repo/Page_MyASSIST - ASSIST - Search Pending Case For Add Supporting Document/Continue' is clicked on

2018-11-15 10:25:02 - [MESSAGE][PASSED] - Object: 'Object Repository/Final Object Repo/Page_MyASSIST - ASSIST - Search Pending Case For Add Supporting Document/Continue' is clicked on

2018-11-15 10:25:02 - [TEST_STEP][PASSED] - delay: Delayed 20 second(s)

2018-11-15 10:25:22 - [MESSAGE][PASSED] - Delayed 20 second(s)

2018-11-15 10:25:22 - [MESSAGE][PASSED] - Call Test Case 'Test Cases/Final Aug 2018 - PKS Automation/Registration Module/Workflow/Login and Search Case For Workflow' successfully

2018-11-15 10:25:22 - [TEST_STEP][PASSED] - delay: Delayed 2 second(s)

2018-11-15 10:25:24 - [MESSAGE][PASSED] - Delayed 2 second(s)

2018-11-15 10:25:24 - [TEST_STEP][PASSED] - click: Object: 'Object Repository/Final Object Repo/Page_Update Employer Information/Page_Update Employer Information UO (Approve)/Continue' is clicked on

2018-11-15 10:25:29 - [MESSAGE][PASSED] - Object: 'Object Repository/Final Object Repo/Page_Update Employer Information/Page_Update Employer Information UO (Approve)/Continue' is clicked on

2018-11-15 10:25:29 - [TEST_STEP][PASSED] - delay: Delayed 2 second(s)

2018-11-15 10:25:31 - [MESSAGE][PASSED] - Delayed 2 second(s)

2018-11-15 10:25:31 - [TEST_STEP][PASSED] - click: Object: 'Object Repository/Final Object Repo/Page_Update Employer Information/Page_Update Employer Information UO (Approve)/Save  Continue in Update Employer Information Page' is clicked on

2018-11-15 10:25:37 - [MESSAGE][PASSED] - Object: 'Object Repository/Final Object Repo/Page_Update Employer Information/Page_Update Employer Information UO (Approve)/Save  Continue in Update Employer Information Page' is clicked on

2018-11-15 10:25:37 - [TEST_STEP][PASSED] - delay: Delayed 2 second(s)

2018-11-15 10:25:39 - [MESSAGE][PASSED] - Delayed 2 second(s)

2018-11-15 10:25:39 - [TEST_STEP][PASSED] - click: Object: 'Object Repository/Final Object Repo/Page_Update Employer Information/Page_Update Employer Information UO (Approve)/Save  Continue in Uploading Supporting Document Page' is clicked on

2018-11-15 10:25:43 - [MESSAGE][PASSED] - Object: 'Object Repository/Final Object Repo/Page_Update Employer Information/Page_Update Employer Information UO (Approve)/Save  Continue in Uploading Supporting Document Page' is clicked on

2018-11-15 10:25:43 - [TEST_STEP][PASSED] - delay: Delayed 2 second(s)

2018-11-15 10:25:45 - [MESSAGE][PASSED] - Delayed 2 second(s)

2018-11-15 10:25:45 - [TEST_STEP][PASSED] - click: Object: 'Object Repository/Final Object Repo/Page_Update Employer Information/Page_Update Employer Information UO (Under enforcement)/Under enforcement' is clicked on

2018-11-15 10:25:46 - [MESSAGE][PASSED] - Object: 'Object Repository/Final Object Repo/Page_Update Employer Information/Page_Update Employer Information UO (Under enforcement)/Under enforcement' is clicked on

2018-11-15 10:25:46 - [TEST_STEP][PASSED] - delay: Delayed 2 second(s)

2018-11-15 10:25:48 - [MESSAGE][PASSED] - Delayed 2 second(s)

2018-11-15 10:25:48 - [TEST_STEP][PASSED] - setText: Text 'remark' is set on object 'Object Repository/Final Object Repo/Page_Update Employer Information/Page_Update Employer Information UO (Under enforcement)/Under enforcement - remark'

2018-11-15 10:25:48 - [MESSAGE][PASSED] - Text 'remark' is set on object 'Object Repository/Final Object Repo/Page_Update Employer Information/Page_Update Employer Information UO (Under enforcement)/Under enforcement - remark'

2018-11-15 10:25:48 - [TEST_STEP][PASSED] - delay: Delayed 2 second(s)

2018-11-15 10:25:50 - [MESSAGE][PASSED] - Delayed 2 second(s)

2018-11-15 10:25:50 - [TEST_STEP][PASSED] - click: Object: 'Object Repository/Final Object Repo/Page_Update Employer Information/Page_Update Employer Information UO (Under enforcement)/Save  Continue in Under enfocement Page' is clicked on

2018-11-15 10:25:54 - [MESSAGE][PASSED] - Object: 'Object Repository/Final Object Repo/Page_Update Employer Information/Page_Update Employer Information UO (Under enforcement)/Save  Continue in Under enfocement Page' is clicked on

2018-11-15 10:25:54 - [TEST_STEP][PASSED] - delay: Delayed 2 second(s)

2018-11-15 10:25:56 - [MESSAGE][PASSED] - Delayed 2 second(s)

2018-11-15 10:25:56 - [TEST_STEP][PASSED] - doubleClick: Object: 'Object Repository/Final Object Repo/Page_Update Employer Information/Page_Update Employer Information UO (Under enforcement)/Message The case is under enforceme' is double clicked on

2018-11-15 10:25:56 - [MESSAGE][PASSED] - Object: 'Object Repository/Final Object Repo/Page_Update Employer Information/Page_Update Employer Information UO (Under enforcement)/Message The case is under enforceme' is double clicked on

2018-11-15 10:25:56 - [MESSAGE][PASSED] - Call Test Case 'Test Cases/Final Aug 2018 - PKS Automation/Registration Module/Workflow/Update Employer Information/Template/Update Employer Information - Special Case - UO (Under enforcement)' successfully]]></system-out>
         <system-err><![CDATA[]]></system-err>
      </testcase>
      <testcase name="Test Cases/Final Aug 2018 - PKS Automation/Registration Module/Workflow/Update Employer Information/OTC - UO (Approve)" classname="Test Cases/Final Aug 2018 - PKS Automation/Registration Module/Workflow/Update Employer Information/OTC - UO (Approve)" status="PASSED">
         <system-out><![CDATA[2018-11-15 10:25:56 - [TEST_CASE][PASSED] - Test Cases/Final Aug 2018 - PKS Automation/Registration Module/Workflow/Update Employer Information/OTC - UO (Approve): Test Cases/Final Aug 2018 - PKS Automation/Registration Module/Workflow/Update Employer Information/OTC - UO (Approve)

2018-11-15 10:25:56 - [TEST_STEP][PASSED] - callTestCase: Call Test Case 'Test Cases/Final Aug 2018 - PKS Automation/Registration Module/Workflow/Update Employer Information/Template/Update Employer Information - Special Case (OTC)' successfully

2018-11-15 10:25:56 - [TEST_CASE][PASSED] - Test Cases/Final Aug 2018 - PKS Automation/Registration Module/Workflow/Update Employer Information/Template/Update Employer Information - Special Case (OTC): Test Cases/Final Aug 2018 - PKS Automation/Registration Module/Workflow/Update Employer Information/Template/Update Employer Information - Special Case (OTC)

2018-11-15 10:25:57 - [TEST_STEP][PASSED] - openBrowser: Browser is opened with url: ''

2018-11-15 10:25:57 - [MESSAGE][WARNING] - A browser is already opened. Closing browser and opening a new one

2018-11-15 10:26:02 - [MESSAGE][PASSED] - Browser is opened with url: ''

2018-11-15 10:26:02 - [TEST_STEP][PASSED] - navigateToUrl: Navigate to 'https://assist2-uat.perkeso.gov.my/login' successfully

2018-11-15 10:26:04 - [MESSAGE][PASSED] - Navigate to 'https://assist2-uat.perkeso.gov.my/login' successfully

2018-11-15 10:26:04 - [TEST_STEP][PASSED] - setText: Text 'johorotc1@gmail.com' is set on object 'Object Repository/Final Object Repo/Login Page/Internal User/Email Address'

2018-11-15 10:26:04 - [MESSAGE][PASSED] - Text 'johorotc1@gmail.com' is set on object 'Object Repository/Final Object Repo/Login Page/Internal User/Email Address'

2018-11-15 10:26:04 - [TEST_STEP][PASSED] - click: Object: 'Object Repository/Final Object Repo/Login Page/Internal User/Next Button' is clicked on

2018-11-15 10:26:05 - [MESSAGE][PASSED] - Object: 'Object Repository/Final Object Repo/Login Page/Internal User/Next Button' is clicked on

2018-11-15 10:26:05 - [TEST_STEP][PASSED] - delay: Delayed 1 second(s)

2018-11-15 10:26:06 - [MESSAGE][PASSED] - Delayed 1 second(s)

2018-11-15 10:26:06 - [TEST_STEP][PASSED] - setEncryptedText: Text ****** has been set on object 'Object Repository/Final Object Repo/Login Page/Internal User/Password'

2018-11-15 10:26:06 - [MESSAGE][PASSED] - Text ****** has been set on object 'Object Repository/Final Object Repo/Login Page/Internal User/Password'

2018-11-15 10:26:06 - [TEST_STEP][PASSED] - click: Object: 'Object Repository/Final Object Repo/Login Page/Internal User/Login Button' is clicked on

2018-11-15 10:26:09 - [MESSAGE][PASSED] - Object: 'Object Repository/Final Object Repo/Login Page/Internal User/Login Button' is clicked on

2018-11-15 10:26:09 - [TEST_STEP][PASSED] - Statement - Try: Delayed 2 second(s)

2018-11-15 10:26:09 - [TEST_STEP][PASSED] - Statement - Checker = false: null

2018-11-15 10:26:09 - [TEST_STEP][PASSED] - Statement - Checker = com.kms.katalon.core.webui.keyword.WebUiBuiltInKeywords.verifyElementHasAttribute(com.kms.katalon.core.testobject.ObjectRepository.findTestObject(Final Object Repo/Landing Page/BM Detecting), "href", 20, OPTIONAL): Object 'Object Repository/Final Object Repo/Landing Page/BM Detecting' has attribute 'href'

2018-11-15 10:26:09 - [MESSAGE][PASSED] - Object 'Object Repository/Final Object Repo/Landing Page/BM Detecting' has attribute 'href'

2018-11-15 10:26:09 - [TEST_STEP][PASSED] - Statement - out.println(Checker): null

2018-11-15 10:26:09 - [TEST_STEP][PASSED] - Statement - If (Checker == false): null

2018-11-15 10:26:09 - [TEST_STEP][PASSED] - Statement - Else: null

2018-11-15 10:26:09 - [TEST_STEP][PASSED] - delay: Delayed 2 second(s)

2018-11-15 10:26:11 - [MESSAGE][PASSED] - Delayed 2 second(s)

2018-11-15 10:26:11 - [TEST_STEP][PASSED] - delay: Delayed 1 second(s)

2018-11-15 10:26:12 - [MESSAGE][PASSED] - Delayed 1 second(s)

2018-11-15 10:26:12 - [TEST_STEP][PASSED] - navigateToUrl: Navigate to 'https://assist2-uat.perkeso.gov.my/web/registration/update/update-employer-information' successfully

2018-11-15 10:26:13 - [MESSAGE][PASSED] - Navigate to 'https://assist2-uat.perkeso.gov.my/web/registration/update/update-employer-information' successfully

2018-11-15 10:26:13 - [TEST_STEP][PASSED] - setText: Text 'E1102001065V ' is set on object 'Object Repository/Final Object Repo/Page_Update Employer Information/Employer Code'

2018-11-15 10:26:13 - [MESSAGE][PASSED] - Text 'E1102001065V ' is set on object 'Object Repository/Final Object Repo/Page_Update Employer Information/Employer Code'

2018-11-15 10:26:13 - [TEST_STEP][PASSED] - click: Object: 'Object Repository/Final Object Repo/Page_Update Employer Information/Search Button' is clicked on

2018-11-15 10:26:15 - [MESSAGE][PASSED] - Object: 'Object Repository/Final Object Repo/Page_Update Employer Information/Search Button' is clicked on

2018-11-15 10:26:15 - [TEST_STEP][PASSED] - click: Object: 'Object Repository/Final Object Repo/Page_Update Employer Information/Edit Button' is clicked on

2018-11-15 10:26:18 - [MESSAGE][PASSED] - Object: 'Object Repository/Final Object Repo/Page_Update Employer Information/Edit Button' is clicked on

2018-11-15 10:26:18 - [TEST_STEP][PASSED] - click: Object: 'Object Repository/Final Object Repo/Page_Update Employer Information/Business Entity' is clicked on

2018-11-15 10:26:19 - [MESSAGE][PASSED] - Object: 'Object Repository/Final Object Repo/Page_Update Employer Information/Business Entity' is clicked on

2018-11-15 10:26:19 - [TEST_STEP][PASSED] - Statement - CurrentBusinessEntity = "": null

2018-11-15 10:26:19 - [TEST_STEP][PASSED] - Statement - CurrentBusinessEntity = com.kms.katalon.core.webui.keyword.WebUiBuiltInKeywords.getText(com.kms.katalon.core.testobject.ObjectRepository.findTestObject(Final Object Repo/Page_Update Employer Information/Current Business Entity)): Text of object 'Object Repository/Final Object Repo/Page_Update Employer Information/Current Business Entity' is: 'Others'

2018-11-15 10:26:19 - [MESSAGE][PASSED] - Text of object 'Object Repository/Final Object Repo/Page_Update Employer Information/Current Business Entity' is: 'Others'

2018-11-15 10:26:19 - [TEST_STEP][PASSED] - Statement - out.println(CurrentBusinessEntity): null

2018-11-15 10:26:19 - [TEST_STEP][PASSED] - Statement - If (CurrentBusinessEntity == "Corporation"): null

2018-11-15 10:26:19 - [TEST_STEP][PASSED] - Statement - Else If (CurrentBusinessEntity == "Partnership"): null

2018-11-15 10:26:19 - [TEST_STEP][PASSED] - Statement - Else If (CurrentBusinessEntity == "Sole Proprietor / Individual Business"): null

2018-11-15 10:26:19 - [TEST_STEP][PASSED] - Statement - Else If (CurrentBusinessEntity == "Others"): Delayed 3 second(s)

2018-11-15 10:26:19 - [TEST_STEP][PASSED] - Statement - obj = com.kms.katalon.core.webui.keyword.WebUiBuiltInKeywords.modifyObjectProperty(com.kms.katalon.core.testobject.ObjectRepository.findTestObject(Final Object Repo/Page_Update Employer Information/change to this Business Entity), "xpath", "equals", "//ul/li/span[contains(text(),"Partnership")]", true, STOP_ON_FAILURE): Modify property of object successfully

2018-11-15 10:26:19 - [MESSAGE][PASSED] - Modify property of object successfully

2018-11-15 10:26:19 - [TEST_STEP][PASSED] - click: Object: 'Object Repository/Final Object Repo/Page_Update Employer Information/change to this Business Entity' is clicked on

2018-11-15 10:26:19 - [MESSAGE][PASSED] - Object: 'Object Repository/Final Object Repo/Page_Update Employer Information/change to this Business Entity' is clicked on

2018-11-15 10:26:19 - [TEST_STEP][PASSED] - delay: Delayed 1 second(s)

2018-11-15 10:26:20 - [MESSAGE][PASSED] - Delayed 1 second(s)

2018-11-15 10:26:20 - [TEST_STEP][PASSED] - click: Object: 'Object Repository/Final Object Repo/Page_Update Employer Information/Sub Business Entity' is clicked on

2018-11-15 10:26:21 - [MESSAGE][PASSED] - Object: 'Object Repository/Final Object Repo/Page_Update Employer Information/Sub Business Entity' is clicked on

2018-11-15 10:26:21 - [TEST_STEP][PASSED] - click: Object: 'Object Repository/Final Object Repo/Page_Update Employer Information/Sub Business Entity - Partnership - Registered With other Agencies' is clicked on

2018-11-15 10:26:22 - [MESSAGE][PASSED] - Object: 'Object Repository/Final Object Repo/Page_Update Employer Information/Sub Business Entity - Partnership - Registered With other Agencies' is clicked on

2018-11-15 10:26:22 - [TEST_STEP][PASSED] - delay: Delayed 3 second(s)

2018-11-15 10:26:25 - [MESSAGE][PASSED] - Delayed 3 second(s)

2018-11-15 10:26:25 - [TEST_STEP][PASSED] - delay: Delayed 4 second(s)

2018-11-15 10:26:29 - [MESSAGE][PASSED] - Delayed 4 second(s)

2018-11-15 10:26:29 - [TEST_STEP][PASSED] - click: Object: 'Object Repository/Final Object Repo/Page_Update Employer Information/Save  Continue' is clicked on

2018-11-15 10:26:33 - [MESSAGE][PASSED] - Object: 'Object Repository/Final Object Repo/Page_Update Employer Information/Save  Continue' is clicked on

2018-11-15 10:26:33 - [TEST_STEP][PASSED] - delay: Delayed 4 second(s)

2018-11-15 10:26:37 - [MESSAGE][PASSED] - Delayed 4 second(s)

2018-11-15 10:26:37 - [TEST_STEP][PASSED] - click: Object: 'Object Repository/Final Object Repo/Page_Update Employer Information/Save  Continue (1)' is clicked on

2018-11-15 10:26:42 - [MESSAGE][PASSED] - Object: 'Object Repository/Final Object Repo/Page_Update Employer Information/Save  Continue (1)' is clicked on

2018-11-15 10:26:42 - [TEST_STEP][PASSED] - Statement - CaseReferenceNo = com.kms.katalon.core.webui.keyword.WebUiBuiltInKeywords.getText(com.kms.katalon.core.testobject.ObjectRepository.findTestObject(Final Object Repo/Page_Update Employer Information/Reference Number in Update Employee Information Page)): Text of object 'Object Repository/Final Object Repo/Page_Update Employer Information/Reference Number in Update Employee Information Page' is: 'CUN112018C100005440'

2018-11-15 10:26:42 - [MESSAGE][PASSED] - Text of object 'Object Repository/Final Object Repo/Page_Update Employer Information/Reference Number in Update Employee Information Page' is: 'CUN112018C100005440'

2018-11-15 10:26:42 - [TEST_STEP][PASSED] - callTestCase: Call Test Case 'Test Cases/Final Aug 2018 - PKS Automation/Common/Reference Number Setter' successfully

2018-11-15 10:26:42 - [TEST_CASE][PASSED] - Test Cases/Final Aug 2018 - PKS Automation/Common/Reference Number Setter: Test Cases/Final Aug 2018 - PKS Automation/Common/Reference Number Setter

2018-11-15 10:26:42 - [TEST_STEP][PASSED] - Statement - RefNoOldFile = new java.io.File(C://KatalonReference.txt): null

2018-11-15 10:26:42 - [TEST_STEP][PASSED] - Statement - RefNoOldFile.delete(): null

2018-11-15 10:26:42 - [TEST_STEP][PASSED] - delay: Delayed 5 second(s)

2018-11-15 10:26:47 - [MESSAGE][PASSED] - Delayed 5 second(s)

2018-11-15 10:26:47 - [TEST_STEP][PASSED] - Statement - RefNo = new java.io.File(C://KatalonReference.txt): null

2018-11-15 10:26:47 - [TEST_STEP][PASSED] - Statement - f2 = new java.io.FileWriter(RefNo, false): null

2018-11-15 10:26:47 - [TEST_STEP][PASSED] - Statement - f2.write(CaseReferenceNo): null

2018-11-15 10:26:47 - [TEST_STEP][PASSED] - Statement - f2.close(): null

2018-11-15 10:26:47 - [TEST_STEP][PASSED] - Statement - out.println("


" + CaseReferenceNo + "


"): null

2018-11-15 10:26:47 - [MESSAGE][PASSED] - Call Test Case 'Test Cases/Final Aug 2018 - PKS Automation/Common/Reference Number Setter' successfully

2018-11-15 10:26:47 - [TEST_STEP][PASSED] - delay: Delayed 4 second(s)

2018-11-15 10:26:51 - [MESSAGE][PASSED] - Delayed 4 second(s)

2018-11-15 10:26:51 - [TEST_STEP][PASSED] - click: Object: 'Object Repository/Final Object Repo/Page_Update Employer Information/Submit - Copy' is clicked on

2018-11-15 10:26:52 - [MESSAGE][PASSED] - Object: 'Object Repository/Final Object Repo/Page_Update Employer Information/Submit - Copy' is clicked on

2018-11-15 10:26:52 - [TEST_STEP][PASSED] - delay: Delayed 2 second(s)

2018-11-15 10:26:54 - [MESSAGE][PASSED] - Delayed 2 second(s)

2018-11-15 10:26:54 - [TEST_STEP][PASSED] - click: Object: 'Object Repository/Final Object Repo/Page_Update Employer Information/Confirm' is clicked on

2018-11-15 10:26:58 - [MESSAGE][PASSED] - Object: 'Object Repository/Final Object Repo/Page_Update Employer Information/Confirm' is clicked on

2018-11-15 10:26:58 - [TEST_STEP][PASSED] - delay: Delayed 2 second(s)

2018-11-15 10:27:00 - [MESSAGE][PASSED] - Delayed 2 second(s)

2018-11-15 10:27:00 - [TEST_STEP][PASSED] - click: Object: 'Object Repository/Final Object Repo/Page_Update Employer Information/Message Your Request will be route' is clicked on

2018-11-15 10:27:00 - [MESSAGE][PASSED] - Object: 'Object Repository/Final Object Repo/Page_Update Employer Information/Message Your Request will be route' is clicked on

2018-11-15 10:27:00 - [MESSAGE][PASSED] - Call Test Case 'Test Cases/Final Aug 2018 - PKS Automation/Registration Module/Workflow/Update Employer Information/Template/Update Employer Information - Special Case (OTC)' successfully

2018-11-15 10:27:00 - [TEST_STEP][PASSED] - callTestCase: Call Test Case 'Test Cases/Final Aug 2018 - PKS Automation/Registration Module/Workflow/Update Employer Information/Template/Update Employer Information - Special Case - UO (Approve)' successfully

2018-11-15 10:27:01 - [TEST_CASE][PASSED] - Test Cases/Final Aug 2018 - PKS Automation/Registration Module/Workflow/Update Employer Information/Template/Update Employer Information - Special Case - UO (Approve): Test Cases/Final Aug 2018 - PKS Automation/Registration Module/Workflow/Update Employer Information/Template/Update Employer Information - Special Case - UO (Approve)

2018-11-15 10:27:01 - [TEST_STEP][NOT_RUN] - callTestCase: NOT_RUN: callTestCase

2018-11-15 10:27:01 - [MESSAGE][NOT_RUN] - NOT_RUN: callTestCase

2018-11-15 10:27:01 - [TEST_STEP][NOT_RUN] - delay: NOT_RUN: delay

2018-11-15 10:27:01 - [MESSAGE][NOT_RUN] - NOT_RUN: delay

2018-11-15 10:27:01 - [TEST_STEP][NOT_RUN] - navigateToUrl: NOT_RUN: navigateToUrl

2018-11-15 10:27:01 - [MESSAGE][NOT_RUN] - NOT_RUN: navigateToUrl

2018-11-15 10:27:01 - [TEST_STEP][PASSED] - delay: Delayed 1 second(s)

2018-11-15 10:27:02 - [MESSAGE][PASSED] - Delayed 1 second(s)

2018-11-15 10:27:02 - [TEST_STEP][PASSED] - callTestCase: Call Test Case 'Test Cases/Final Aug 2018 - PKS Automation/Common/Reference Number Getter' successfully

2018-11-15 10:27:02 - [TEST_CASE][PASSED] - Test Cases/Final Aug 2018 - PKS Automation/Common/Reference Number Getter: Test Cases/Final Aug 2018 - PKS Automation/Common/Reference Number Getter

2018-11-15 10:27:02 - [TEST_STEP][PASSED] - Statement - Try: null

2018-11-15 10:27:02 - [TEST_STEP][PASSED] - Statement - RefNo = new java.io.File(C://KatalonReference.txt): null

2018-11-15 10:27:02 - [TEST_STEP][PASSED] - Statement - bufferread = new java.io.BufferedReader(new java.io.FileReader(RefNo)): null

2018-11-15 10:27:02 - [TEST_STEP][PASSED] - Statement - readedVal = bufferread.readLine(): null

2018-11-15 10:27:02 - [TEST_STEP][PASSED] - Statement - out.println(CaseReferenceNo): null

2018-11-15 10:27:02 - [TEST_STEP][PASSED] - Statement - out.println(readedVal): null

2018-11-15 10:27:02 - [TEST_STEP][PASSED] - Statement - CaseReferenceNo = "": null

2018-11-15 10:27:02 - [TEST_STEP][PASSED] - Statement - CaseReferenceNo = readedVal: null

2018-11-15 10:27:02 - [MESSAGE][PASSED] - Call Test Case 'Test Cases/Final Aug 2018 - PKS Automation/Common/Reference Number Getter' successfully

2018-11-15 10:27:02 - [TEST_STEP][PASSED] - callTestCase: Call Test Case 'Test Cases/Final Aug 2018 - PKS Automation/Common/Workflow Owner Finder' successfully

2018-11-15 10:27:02 - [TEST_CASE][PASSED] - Test Cases/Final Aug 2018 - PKS Automation/Common/Workflow Owner Finder: Test Cases/Final Aug 2018 - PKS Automation/Common/Workflow Owner Finder

2018-11-15 10:27:02 - [TEST_STEP][PASSED] - openBrowser: Browser is opened with url: ''

2018-11-15 10:27:02 - [MESSAGE][WARNING] - A browser is already opened. Closing browser and opening a new one

2018-11-15 10:27:07 - [MESSAGE][PASSED] - Browser is opened with url: ''

2018-11-15 10:27:07 - [TEST_STEP][PASSED] - navigateToUrl: Navigate to 'https://assist2-uat.perkeso.gov.my/login' successfully

2018-11-15 10:27:09 - [MESSAGE][PASSED] - Navigate to 'https://assist2-uat.perkeso.gov.my/login' successfully

2018-11-15 10:27:09 - [TEST_STEP][PASSED] - delay: Delayed 5 second(s)

2018-11-15 10:27:14 - [MESSAGE][PASSED] - Delayed 5 second(s)

2018-11-15 10:27:14 - [TEST_STEP][PASSED] - setText: Text 'test@liferay.com' is set on object 'Object Repository/Final Object Repo/Login Page/Internal User/Email Address'

2018-11-15 10:27:14 - [MESSAGE][PASSED] - Text 'test@liferay.com' is set on object 'Object Repository/Final Object Repo/Login Page/Internal User/Email Address'

2018-11-15 10:27:14 - [TEST_STEP][PASSED] - click: Object: 'Object Repository/Final Object Repo/Login Page/Internal User/Next Button' is clicked on

2018-11-15 10:27:15 - [MESSAGE][PASSED] - Object: 'Object Repository/Final Object Repo/Login Page/Internal User/Next Button' is clicked on

2018-11-15 10:27:15 - [TEST_STEP][PASSED] - delay: Delayed 2 second(s)

2018-11-15 10:27:17 - [MESSAGE][PASSED] - Delayed 2 second(s)

2018-11-15 10:27:17 - [TEST_STEP][PASSED] - setText: Text 'test' is set on object 'Object Repository/Final Object Repo/Login Page/Internal User/Password'

2018-11-15 10:27:17 - [MESSAGE][PASSED] - Text 'test' is set on object 'Object Repository/Final Object Repo/Login Page/Internal User/Password'

2018-11-15 10:27:17 - [TEST_STEP][PASSED] - delay: Delayed 2 second(s)

2018-11-15 10:27:19 - [MESSAGE][PASSED] - Delayed 2 second(s)

2018-11-15 10:27:19 - [TEST_STEP][PASSED] - click: Object: 'Object Repository/Final Object Repo/Login Page/Internal User/Login Button' is clicked on

2018-11-15 10:27:22 - [MESSAGE][PASSED] - Object: 'Object Repository/Final Object Repo/Login Page/Internal User/Login Button' is clicked on

2018-11-15 10:27:22 - [TEST_STEP][PASSED] - Statement - Try: Delayed 2 second(s)

2018-11-15 10:27:22 - [TEST_STEP][PASSED] - Statement - Checker = false: null

2018-11-15 10:27:22 - [TEST_STEP][PASSED] - Statement - Checker = com.kms.katalon.core.webui.keyword.WebUiBuiltInKeywords.verifyElementHasAttribute(com.kms.katalon.core.testobject.ObjectRepository.findTestObject(Final Object Repo/Landing Page/BM Detecting), "href", 20, OPTIONAL): Object 'Object Repository/Final Object Repo/Landing Page/BM Detecting' has attribute 'href'

2018-11-15 10:27:22 - [MESSAGE][PASSED] - Object 'Object Repository/Final Object Repo/Landing Page/BM Detecting' has attribute 'href'

2018-11-15 10:27:22 - [TEST_STEP][PASSED] - Statement - out.println(Checker): null

2018-11-15 10:27:22 - [TEST_STEP][PASSED] - Statement - If (Checker == false): null

2018-11-15 10:27:22 - [TEST_STEP][PASSED] - Statement - Else: null

2018-11-15 10:27:22 - [TEST_STEP][PASSED] - delay: Delayed 2 second(s)

2018-11-15 10:27:24 - [MESSAGE][PASSED] - Delayed 2 second(s)

2018-11-15 10:27:24 - [TEST_STEP][PASSED] - delay: Delayed 3 second(s)

2018-11-15 10:27:27 - [MESSAGE][PASSED] - Delayed 3 second(s)

2018-11-15 10:27:27 - [TEST_STEP][PASSED] - mouseOver: Object: 'Object Repository/Final Object Repo/Landing Page/WorkFlow Menu' is hovered

2018-11-15 10:27:27 - [MESSAGE][PASSED] - Object: 'Object Repository/Final Object Repo/Landing Page/WorkFlow Menu' is hovered

2018-11-15 10:27:27 - [TEST_STEP][PASSED] - delay: Delayed 2 second(s)

2018-11-15 10:27:29 - [MESSAGE][PASSED] - Delayed 2 second(s)

2018-11-15 10:27:29 - [TEST_STEP][PASSED] - click: Object: 'Object Repository/Final Object Repo/Landing Page/Select to Workflow Listing' is clicked on

2018-11-15 10:27:31 - [MESSAGE][PASSED] - Object: 'Object Repository/Final Object Repo/Landing Page/Select to Workflow Listing' is clicked on

2018-11-15 10:27:31 - [TEST_STEP][PASSED] - delay: Delayed 2 second(s)

2018-11-15 10:27:33 - [MESSAGE][PASSED] - Delayed 2 second(s)

2018-11-15 10:27:33 - [TEST_STEP][PASSED] - click: Object: 'Object Repository/Final Object Repo/WorkFlow Listing Page/Search Information - To Put Ref No' is clicked on

2018-11-15 10:27:33 - [MESSAGE][PASSED] - Object: 'Object Repository/Final Object Repo/WorkFlow Listing Page/Search Information - To Put Ref No' is clicked on

2018-11-15 10:27:33 - [TEST_STEP][PASSED] - delay: Delayed 2 second(s)

2018-11-15 10:27:35 - [MESSAGE][PASSED] - Delayed 2 second(s)

2018-11-15 10:27:35 - [TEST_STEP][PASSED] - callTestCase: Call Test Case 'Test Cases/Final Aug 2018 - PKS Automation/Common/Reference Number Getter' successfully

2018-11-15 10:27:35 - [TEST_CASE][PASSED] - Test Cases/Final Aug 2018 - PKS Automation/Common/Reference Number Getter: Test Cases/Final Aug 2018 - PKS Automation/Common/Reference Number Getter

2018-11-15 10:27:35 - [TEST_STEP][PASSED] - Statement - Try: null

2018-11-15 10:27:35 - [TEST_STEP][PASSED] - Statement - RefNo = new java.io.File(C://KatalonReference.txt): null

2018-11-15 10:27:35 - [TEST_STEP][PASSED] - Statement - bufferread = new java.io.BufferedReader(new java.io.FileReader(RefNo)): null

2018-11-15 10:27:35 - [TEST_STEP][PASSED] - Statement - readedVal = bufferread.readLine(): null

2018-11-15 10:27:35 - [TEST_STEP][PASSED] - Statement - out.println(CaseReferenceNo): null

2018-11-15 10:27:35 - [TEST_STEP][PASSED] - Statement - out.println(readedVal): null

2018-11-15 10:27:35 - [TEST_STEP][PASSED] - Statement - CaseReferenceNo = "": null

2018-11-15 10:27:35 - [TEST_STEP][PASSED] - Statement - CaseReferenceNo = readedVal: null

2018-11-15 10:27:35 - [MESSAGE][PASSED] - Call Test Case 'Test Cases/Final Aug 2018 - PKS Automation/Common/Reference Number Getter' successfully

2018-11-15 10:27:35 - [TEST_STEP][PASSED] - setText: Text 'CUN112018C100005440' is set on object 'Object Repository/Final Object Repo/WorkFlow Listing Page/Ref No Set Text'

2018-11-15 10:27:36 - [MESSAGE][PASSED] - Text 'CUN112018C100005440' is set on object 'Object Repository/Final Object Repo/WorkFlow Listing Page/Ref No Set Text'

2018-11-15 10:27:36 - [TEST_STEP][PASSED] - delay: Delayed 2 second(s)

2018-11-15 10:27:38 - [MESSAGE][PASSED] - Delayed 2 second(s)

2018-11-15 10:27:38 - [TEST_STEP][PASSED] - click: Object: 'Object Repository/Final Object Repo/WorkFlow Listing Page/Search Ref No Search Button' is clicked on

2018-11-15 10:27:39 - [MESSAGE][PASSED] - Object: 'Object Repository/Final Object Repo/WorkFlow Listing Page/Search Ref No Search Button' is clicked on

2018-11-15 10:27:39 - [TEST_STEP][PASSED] - delay: Delayed 4 second(s)

2018-11-15 10:27:43 - [MESSAGE][PASSED] - Delayed 4 second(s)

2018-11-15 10:27:43 - [TEST_STEP][PASSED] - click: Object: 'Object Repository/Final Object Repo/WorkFlow Listing Page/Click Continue Tooltip' is clicked on

2018-11-15 10:27:45 - [MESSAGE][PASSED] - Object: 'Object Repository/Final Object Repo/WorkFlow Listing Page/Click Continue Tooltip' is clicked on

2018-11-15 10:27:45 - [TEST_STEP][PASSED] - delay: Delayed 5 second(s)

2018-11-15 10:27:50 - [MESSAGE][PASSED] - Delayed 5 second(s)

2018-11-15 10:27:50 - [TEST_STEP][PASSED] - doubleClick: Object: 'Object Repository/Final Object Repo/WorkFlow Listing Page/Workflow Found - Listing 1' is double clicked on

2018-11-15 10:27:50 - [MESSAGE][PASSED] - Object: 'Object Repository/Final Object Repo/WorkFlow Listing Page/Workflow Found - Listing 1' is double clicked on

2018-11-15 10:27:50 - [TEST_STEP][PASSED] - Statement - println(OwnerID): null

2018-11-15 10:27:50 - [TEST_STEP][PASSED] - Statement - OwnerID = com.kms.katalon.core.webui.keyword.WebUiBuiltInKeywords.getText(com.kms.katalon.core.testobject.ObjectRepository.findTestObject(Final Object Repo/WorkFlow Listing Page/Workflow Found - Listing 1), STOP_ON_FAILURE): Text of object 'Object Repository/Final Object Repo/WorkFlow Listing Page/Workflow Found - Listing 1' is: 'JOHORuo3'

2018-11-15 10:27:50 - [MESSAGE][PASSED] - Text of object 'Object Repository/Final Object Repo/WorkFlow Listing Page/Workflow Found - Listing 1' is: 'JOHORuo3'

2018-11-15 10:27:50 - [TEST_STEP][PASSED] - Statement - OwnerID = OwnerID.toLowerCase() + "@gmail.com": null

2018-11-15 10:27:50 - [TEST_STEP][PASSED] - Statement - println(OwnerID): null

2018-11-15 10:27:50 - [TEST_STEP][PASSED] - delay: Delayed 2 second(s)

2018-11-15 10:27:52 - [MESSAGE][PASSED] - Delayed 2 second(s)

2018-11-15 10:27:52 - [MESSAGE][PASSED] - Call Test Case 'Test Cases/Final Aug 2018 - PKS Automation/Common/Workflow Owner Finder' successfully

2018-11-15 10:27:52 - [TEST_STEP][PASSED] - delay: Delayed 1 second(s)

2018-11-15 10:27:53 - [MESSAGE][PASSED] - Delayed 1 second(s)

2018-11-15 10:27:53 - [TEST_STEP][PASSED] - navigateToUrl: Navigate to 'https://assist2-uat.perkeso.gov.my/c/portal/logout' successfully

2018-11-15 10:27:54 - [MESSAGE][PASSED] - Navigate to 'https://assist2-uat.perkeso.gov.my/c/portal/logout' successfully

2018-11-15 10:27:54 - [TEST_STEP][PASSED] - callTestCase: Call Test Case 'Test Cases/Final Aug 2018 - PKS Automation/Registration Module/Workflow/Login and Search Case For Workflow' successfully

2018-11-15 10:27:54 - [TEST_CASE][PASSED] - Test Cases/Final Aug 2018 - PKS Automation/Registration Module/Workflow/Login and Search Case For Workflow: Test Cases/Final Aug 2018 - PKS Automation/Registration Module/Workflow/Login and Search Case For Workflow

2018-11-15 10:27:55 - [TEST_STEP][PASSED] - navigateToUrl: Navigate to 'https://assist2-uat.perkeso.gov.my/login' successfully

2018-11-15 10:27:55 - [MESSAGE][PASSED] - Navigate to 'https://assist2-uat.perkeso.gov.my/login' successfully

2018-11-15 10:27:55 - [TEST_STEP][PASSED] - setText: Text 'johoruo3@gmail.com' is set on object 'Object Repository/Final Object Repo/Login Page/Internal User/Email Address'

2018-11-15 10:27:56 - [MESSAGE][PASSED] - Text 'johoruo3@gmail.com' is set on object 'Object Repository/Final Object Repo/Login Page/Internal User/Email Address'

2018-11-15 10:27:56 - [TEST_STEP][PASSED] - click: Object: 'Object Repository/Final Object Repo/Login Page/Internal User/Next Button' is clicked on

2018-11-15 10:27:56 - [MESSAGE][PASSED] - Object: 'Object Repository/Final Object Repo/Login Page/Internal User/Next Button' is clicked on

2018-11-15 10:27:56 - [TEST_STEP][PASSED] - delay: Delayed 1 second(s)

2018-11-15 10:27:57 - [MESSAGE][PASSED] - Delayed 1 second(s)

2018-11-15 10:27:57 - [TEST_STEP][PASSED] - setEncryptedText: Text ****** has been set on object 'Object Repository/Final Object Repo/Login Page/Internal User/Password'

2018-11-15 10:27:57 - [MESSAGE][PASSED] - Text ****** has been set on object 'Object Repository/Final Object Repo/Login Page/Internal User/Password'

2018-11-15 10:27:57 - [TEST_STEP][PASSED] - click: Object: 'Object Repository/Final Object Repo/Login Page/Internal User/Login Button' is clicked on

2018-11-15 10:27:59 - [MESSAGE][PASSED] - Object: 'Object Repository/Final Object Repo/Login Page/Internal User/Login Button' is clicked on

2018-11-15 10:27:59 - [TEST_STEP][PASSED] - delay: Delayed 2 second(s)

2018-11-15 10:28:01 - [MESSAGE][PASSED] - Delayed 2 second(s)

2018-11-15 10:28:01 - [TEST_STEP][PASSED] - Statement - Try: Delayed 2 second(s)

2018-11-15 10:28:01 - [TEST_STEP][PASSED] - Statement - Checker = false: null

2018-11-15 10:28:01 - [TEST_STEP][PASSED] - Statement - Checker = com.kms.katalon.core.webui.keyword.WebUiBuiltInKeywords.verifyElementHasAttribute(com.kms.katalon.core.testobject.ObjectRepository.findTestObject(Final Object Repo/Landing Page/BM Detecting), "href", 20, OPTIONAL): Object 'Object Repository/Final Object Repo/Landing Page/BM Detecting' has attribute 'href'

2018-11-15 10:28:01 - [MESSAGE][PASSED] - Object 'Object Repository/Final Object Repo/Landing Page/BM Detecting' has attribute 'href'

2018-11-15 10:28:01 - [TEST_STEP][PASSED] - Statement - out.println(Checker): null

2018-11-15 10:28:01 - [TEST_STEP][PASSED] - Statement - If (Checker == false): null

2018-11-15 10:28:01 - [TEST_STEP][PASSED] - Statement - Else: null

2018-11-15 10:28:01 - [TEST_STEP][PASSED] - delay: Delayed 2 second(s)

2018-11-15 10:28:03 - [MESSAGE][PASSED] - Delayed 2 second(s)

2018-11-15 10:28:03 - [TEST_STEP][PASSED] - click: Object: 'Object Repository/Final Object Repo/Page_MyASSIST - ASSIST - Search Pending Case For Add Supporting Document/Search Information' is clicked on

2018-11-15 10:28:04 - [MESSAGE][PASSED] - Object: 'Object Repository/Final Object Repo/Page_MyASSIST - ASSIST - Search Pending Case For Add Supporting Document/Search Information' is clicked on

2018-11-15 10:28:04 - [TEST_STEP][PASSED] - delay: Delayed 3 second(s)

2018-11-15 10:28:07 - [MESSAGE][PASSED] - Delayed 3 second(s)

2018-11-15 10:28:07 - [TEST_STEP][PASSED] - sendKeys: Keys 'CUN112018C100005440' sent to object: 'Object Repository/Final Object Repo/Page_MyASSIST - ASSIST - Search Pending Case For Add Supporting Document/Reference No'

2018-11-15 10:28:07 - [MESSAGE][PASSED] - Keys 'CUN112018C100005440' sent to object: 'Object Repository/Final Object Repo/Page_MyASSIST - ASSIST - Search Pending Case For Add Supporting Document/Reference No'

2018-11-15 10:28:07 - [TEST_STEP][PASSED] - click: Object: 'Object Repository/Final Object Repo/Page_MyASSIST - ASSIST - Search Pending Case For Add Supporting Document/Search Reference No' is clicked on

2018-11-15 10:28:08 - [MESSAGE][PASSED] - Object: 'Object Repository/Final Object Repo/Page_MyASSIST - ASSIST - Search Pending Case For Add Supporting Document/Search Reference No' is clicked on

2018-11-15 10:28:08 - [TEST_STEP][PASSED] - delay: Delayed 2 second(s)

2018-11-15 10:28:10 - [MESSAGE][PASSED] - Delayed 2 second(s)

2018-11-15 10:28:10 - [TEST_STEP][PASSED] - click: Object: 'Object Repository/Final Object Repo/Page_MyASSIST - ASSIST - Search Pending Case For Add Supporting Document/Continue' is clicked on

2018-11-15 10:28:15 - [MESSAGE][PASSED] - Object: 'Object Repository/Final Object Repo/Page_MyASSIST - ASSIST - Search Pending Case For Add Supporting Document/Continue' is clicked on

2018-11-15 10:28:15 - [TEST_STEP][PASSED] - delay: Delayed 20 second(s)

2018-11-15 10:28:35 - [MESSAGE][PASSED] - Delayed 20 second(s)

2018-11-15 10:28:35 - [MESSAGE][PASSED] - Call Test Case 'Test Cases/Final Aug 2018 - PKS Automation/Registration Module/Workflow/Login and Search Case For Workflow' successfully

2018-11-15 10:28:35 - [TEST_STEP][PASSED] - delay: Delayed 10 second(s)

2018-11-15 10:28:45 - [MESSAGE][PASSED] - Delayed 10 second(s)

2018-11-15 10:28:45 - [TEST_STEP][PASSED] - click: Object: 'Object Repository/Final Object Repo/Page_Update Employer Information/Page_Update Employer Information UO (Approve)/Continue' is clicked on

2018-11-15 10:28:50 - [MESSAGE][PASSED] - Object: 'Object Repository/Final Object Repo/Page_Update Employer Information/Page_Update Employer Information UO (Approve)/Continue' is clicked on

2018-11-15 10:28:50 - [TEST_STEP][PASSED] - delay: Delayed 10 second(s)

2018-11-15 10:29:00 - [MESSAGE][PASSED] - Delayed 10 second(s)

2018-11-15 10:29:00 - [TEST_STEP][PASSED] - click: Object: 'Object Repository/Final Object Repo/Page_Update Employer Information/Page_Update Employer Information UO (Approve)/Save  Continue in Update Employer Information Page' is clicked on

2018-11-15 10:29:06 - [MESSAGE][PASSED] - Object: 'Object Repository/Final Object Repo/Page_Update Employer Information/Page_Update Employer Information UO (Approve)/Save  Continue in Update Employer Information Page' is clicked on

2018-11-15 10:29:06 - [TEST_STEP][PASSED] - delay: Delayed 3 second(s)

2018-11-15 10:29:09 - [MESSAGE][PASSED] - Delayed 3 second(s)

2018-11-15 10:29:09 - [TEST_STEP][PASSED] - click: Object: 'Object Repository/Final Object Repo/Page_Update Employer Information/Page_Update Employer Information UO (Approve)/Save  Continue in Uploading Supporting Document Page' is clicked on

2018-11-15 10:29:13 - [MESSAGE][PASSED] - Object: 'Object Repository/Final Object Repo/Page_Update Employer Information/Page_Update Employer Information UO (Approve)/Save  Continue in Uploading Supporting Document Page' is clicked on

2018-11-15 10:29:13 - [TEST_STEP][PASSED] - delay: Delayed 3 second(s)

2018-11-15 10:29:16 - [MESSAGE][PASSED] - Delayed 3 second(s)

2018-11-15 10:29:16 - [TEST_STEP][PASSED] - click: Object: 'Object Repository/Final Object Repo/Page_Update Employer Information/Page_Update Employer Information UO (Approve)/Approve' is clicked on

2018-11-15 10:29:16 - [MESSAGE][PASSED] - Object: 'Object Repository/Final Object Repo/Page_Update Employer Information/Page_Update Employer Information UO (Approve)/Approve' is clicked on

2018-11-15 10:29:16 - [TEST_STEP][PASSED] - delay: Delayed 2 second(s)

2018-11-15 10:29:18 - [MESSAGE][PASSED] - Delayed 2 second(s)

2018-11-15 10:29:18 - [TEST_STEP][PASSED] - click: Object: 'Object Repository/Final Object Repo/Page_Update Employer Information/Page_Update Employer Information UO (Approve)/Confirm' is clicked on

2018-11-15 10:29:24 - [MESSAGE][PASSED] - Object: 'Object Repository/Final Object Repo/Page_Update Employer Information/Page_Update Employer Information UO (Approve)/Confirm' is clicked on

2018-11-15 10:29:24 - [TEST_STEP][PASSED] - delay: Delayed 2 second(s)

2018-11-15 10:29:26 - [MESSAGE][PASSED] - Delayed 2 second(s)

2018-11-15 10:29:26 - [TEST_STEP][PASSED] - verifyElementVisible: Object 'Object Repository/Final Object Repo/Page_Update Employer Information/Page_Update Employer Information UO (Approve)/Message Your Request' is visible

2018-11-15 10:29:28 - [MESSAGE][PASSED] - Object 'Object Repository/Final Object Repo/Page_Update Employer Information/Page_Update Employer Information UO (Approve)/Message Your Request' is visible

2018-11-15 10:29:28 - [TEST_STEP][PASSED] - verifyElementVisible: Object 'Object Repository/Final Object Repo/Page_Update Employer Information/Page_Update Employer Information UO (Approve)/Letter of successful update' is visible

2018-11-15 10:29:29 - [MESSAGE][PASSED] - Object 'Object Repository/Final Object Repo/Page_Update Employer Information/Page_Update Employer Information UO (Approve)/Letter of successful update' is visible

2018-11-15 10:29:29 - [MESSAGE][PASSED] - Call Test Case 'Test Cases/Final Aug 2018 - PKS Automation/Registration Module/Workflow/Update Employer Information/Template/Update Employer Information - Special Case - UO (Approve)' successfully]]></system-out>
         <system-err><![CDATA[]]></system-err>
      </testcase>
      <testcase name="Test Cases/Final Aug 2018 - PKS Automation/Registration Module/Workflow/Update Employer Information/OTC - UO (Query)" classname="Test Cases/Final Aug 2018 - PKS Automation/Registration Module/Workflow/Update Employer Information/OTC - UO (Query)" status="PASSED">
         <system-out><![CDATA[2018-11-15 10:29:29 - [TEST_CASE][PASSED] - Test Cases/Final Aug 2018 - PKS Automation/Registration Module/Workflow/Update Employer Information/OTC - UO (Query): Test Cases/Final Aug 2018 - PKS Automation/Registration Module/Workflow/Update Employer Information/OTC - UO (Query)

2018-11-15 10:29:29 - [TEST_STEP][PASSED] - callTestCase: Call Test Case 'Test Cases/Final Aug 2018 - PKS Automation/Registration Module/Workflow/Update Employer Information/Template/Update Employer Information - Special Case (OTC)' successfully

2018-11-15 10:29:29 - [TEST_CASE][PASSED] - Test Cases/Final Aug 2018 - PKS Automation/Registration Module/Workflow/Update Employer Information/Template/Update Employer Information - Special Case (OTC): Test Cases/Final Aug 2018 - PKS Automation/Registration Module/Workflow/Update Employer Information/Template/Update Employer Information - Special Case (OTC)

2018-11-15 10:29:29 - [TEST_STEP][PASSED] - openBrowser: Browser is opened with url: ''

2018-11-15 10:29:29 - [MESSAGE][WARNING] - A browser is already opened. Closing browser and opening a new one

2018-11-15 10:29:34 - [MESSAGE][PASSED] - Browser is opened with url: ''

2018-11-15 10:29:34 - [TEST_STEP][PASSED] - navigateToUrl: Navigate to 'https://assist2-uat.perkeso.gov.my/login' successfully

2018-11-15 10:29:36 - [MESSAGE][PASSED] - Navigate to 'https://assist2-uat.perkeso.gov.my/login' successfully

2018-11-15 10:29:36 - [TEST_STEP][PASSED] - setText: Text 'johorotc1@gmail.com' is set on object 'Object Repository/Final Object Repo/Login Page/Internal User/Email Address'

2018-11-15 10:29:36 - [MESSAGE][PASSED] - Text 'johorotc1@gmail.com' is set on object 'Object Repository/Final Object Repo/Login Page/Internal User/Email Address'

2018-11-15 10:29:36 - [TEST_STEP][PASSED] - click: Object: 'Object Repository/Final Object Repo/Login Page/Internal User/Next Button' is clicked on

2018-11-15 10:29:36 - [MESSAGE][PASSED] - Object: 'Object Repository/Final Object Repo/Login Page/Internal User/Next Button' is clicked on

2018-11-15 10:29:36 - [TEST_STEP][PASSED] - delay: Delayed 1 second(s)

2018-11-15 10:29:37 - [MESSAGE][PASSED] - Delayed 1 second(s)

2018-11-15 10:29:37 - [TEST_STEP][PASSED] - setEncryptedText: Text ****** has been set on object 'Object Repository/Final Object Repo/Login Page/Internal User/Password'

2018-11-15 10:29:37 - [MESSAGE][PASSED] - Text ****** has been set on object 'Object Repository/Final Object Repo/Login Page/Internal User/Password'

2018-11-15 10:29:37 - [TEST_STEP][PASSED] - click: Object: 'Object Repository/Final Object Repo/Login Page/Internal User/Login Button' is clicked on

2018-11-15 10:29:40 - [MESSAGE][PASSED] - Object: 'Object Repository/Final Object Repo/Login Page/Internal User/Login Button' is clicked on

2018-11-15 10:29:40 - [TEST_STEP][PASSED] - Statement - Try: Delayed 2 second(s)

2018-11-15 10:29:40 - [TEST_STEP][PASSED] - Statement - Checker = false: null

2018-11-15 10:29:40 - [TEST_STEP][PASSED] - Statement - Checker = com.kms.katalon.core.webui.keyword.WebUiBuiltInKeywords.verifyElementHasAttribute(com.kms.katalon.core.testobject.ObjectRepository.findTestObject(Final Object Repo/Landing Page/BM Detecting), "href", 20, OPTIONAL): Object 'Object Repository/Final Object Repo/Landing Page/BM Detecting' has attribute 'href'

2018-11-15 10:29:40 - [MESSAGE][PASSED] - Object 'Object Repository/Final Object Repo/Landing Page/BM Detecting' has attribute 'href'

2018-11-15 10:29:40 - [TEST_STEP][PASSED] - Statement - out.println(Checker): null

2018-11-15 10:29:40 - [TEST_STEP][PASSED] - Statement - If (Checker == false): null

2018-11-15 10:29:40 - [TEST_STEP][PASSED] - Statement - Else: null

2018-11-15 10:29:40 - [TEST_STEP][PASSED] - delay: Delayed 2 second(s)

2018-11-15 10:29:42 - [MESSAGE][PASSED] - Delayed 2 second(s)

2018-11-15 10:29:42 - [TEST_STEP][PASSED] - delay: Delayed 1 second(s)

2018-11-15 10:29:43 - [MESSAGE][PASSED] - Delayed 1 second(s)

2018-11-15 10:29:43 - [TEST_STEP][PASSED] - navigateToUrl: Navigate to 'https://assist2-uat.perkeso.gov.my/web/registration/update/update-employer-information' successfully

2018-11-15 10:29:44 - [MESSAGE][PASSED] - Navigate to 'https://assist2-uat.perkeso.gov.my/web/registration/update/update-employer-information' successfully

2018-11-15 10:29:44 - [TEST_STEP][PASSED] - setText: Text 'E1102001065V ' is set on object 'Object Repository/Final Object Repo/Page_Update Employer Information/Employer Code'

2018-11-15 10:29:44 - [MESSAGE][PASSED] - Text 'E1102001065V ' is set on object 'Object Repository/Final Object Repo/Page_Update Employer Information/Employer Code'

2018-11-15 10:29:44 - [TEST_STEP][PASSED] - click: Object: 'Object Repository/Final Object Repo/Page_Update Employer Information/Search Button' is clicked on

2018-11-15 10:29:46 - [MESSAGE][PASSED] - Object: 'Object Repository/Final Object Repo/Page_Update Employer Information/Search Button' is clicked on

2018-11-15 10:29:46 - [TEST_STEP][PASSED] - click: Object: 'Object Repository/Final Object Repo/Page_Update Employer Information/Edit Button' is clicked on

2018-11-15 10:29:49 - [MESSAGE][PASSED] - Object: 'Object Repository/Final Object Repo/Page_Update Employer Information/Edit Button' is clicked on

2018-11-15 10:29:49 - [TEST_STEP][PASSED] - click: Object: 'Object Repository/Final Object Repo/Page_Update Employer Information/Business Entity' is clicked on

2018-11-15 10:29:50 - [MESSAGE][PASSED] - Object: 'Object Repository/Final Object Repo/Page_Update Employer Information/Business Entity' is clicked on

2018-11-15 10:29:50 - [TEST_STEP][PASSED] - Statement - CurrentBusinessEntity = "": null

2018-11-15 10:29:50 - [TEST_STEP][PASSED] - Statement - CurrentBusinessEntity = com.kms.katalon.core.webui.keyword.WebUiBuiltInKeywords.getText(com.kms.katalon.core.testobject.ObjectRepository.findTestObject(Final Object Repo/Page_Update Employer Information/Current Business Entity)): Text of object 'Object Repository/Final Object Repo/Page_Update Employer Information/Current Business Entity' is: 'Partnership'

2018-11-15 10:29:50 - [MESSAGE][PASSED] - Text of object 'Object Repository/Final Object Repo/Page_Update Employer Information/Current Business Entity' is: 'Partnership'

2018-11-15 10:29:50 - [TEST_STEP][PASSED] - Statement - out.println(CurrentBusinessEntity): null

2018-11-15 10:29:50 - [TEST_STEP][PASSED] - Statement - If (CurrentBusinessEntity == "Corporation"): null

2018-11-15 10:29:50 - [TEST_STEP][PASSED] - Statement - Else If (CurrentBusinessEntity == "Partnership"): Delayed 3 second(s)

2018-11-15 10:29:50 - [TEST_STEP][PASSED] - Statement - obj = com.kms.katalon.core.webui.keyword.WebUiBuiltInKeywords.modifyObjectProperty(com.kms.katalon.core.testobject.ObjectRepository.findTestObject(Final Object Repo/Page_Update Employer Information/change to this Business Entity), "xpath", "equals", "//ul/li/span[contains(text(),"Sole Proprietor / Individual Business")]", true, STOP_ON_FAILURE): Modify property of object successfully

2018-11-15 10:29:50 - [MESSAGE][PASSED] - Modify property of object successfully

2018-11-15 10:29:50 - [TEST_STEP][PASSED] - click: Object: 'Object Repository/Final Object Repo/Page_Update Employer Information/change to this Business Entity' is clicked on

2018-11-15 10:29:50 - [MESSAGE][PASSED] - Object: 'Object Repository/Final Object Repo/Page_Update Employer Information/change to this Business Entity' is clicked on

2018-11-15 10:29:50 - [TEST_STEP][PASSED] - delay: Delayed 1 second(s)

2018-11-15 10:29:51 - [MESSAGE][PASSED] - Delayed 1 second(s)

2018-11-15 10:29:51 - [TEST_STEP][PASSED] - click: Object: 'Object Repository/Final Object Repo/Page_Update Employer Information/Sub Business Entity' is clicked on

2018-11-15 10:29:52 - [MESSAGE][PASSED] - Object: 'Object Repository/Final Object Repo/Page_Update Employer Information/Sub Business Entity' is clicked on

2018-11-15 10:29:52 - [TEST_STEP][PASSED] - click: Object: 'Object Repository/Final Object Repo/Page_Update Employer Information/Sub Business Entity - Sole Properietor - Registered with other Agencies' is clicked on

2018-11-15 10:29:52 - [MESSAGE][PASSED] - Object: 'Object Repository/Final Object Repo/Page_Update Employer Information/Sub Business Entity - Sole Properietor - Registered with other Agencies' is clicked on

2018-11-15 10:29:52 - [TEST_STEP][PASSED] - delay: Delayed 3 second(s)

2018-11-15 10:29:55 - [MESSAGE][PASSED] - Delayed 3 second(s)

2018-11-15 10:29:56 - [TEST_STEP][PASSED] - delay: Delayed 4 second(s)

2018-11-15 10:30:00 - [MESSAGE][PASSED] - Delayed 4 second(s)

2018-11-15 10:30:00 - [TEST_STEP][PASSED] - click: Object: 'Object Repository/Final Object Repo/Page_Update Employer Information/Save  Continue' is clicked on

2018-11-15 10:30:04 - [MESSAGE][PASSED] - Object: 'Object Repository/Final Object Repo/Page_Update Employer Information/Save  Continue' is clicked on

2018-11-15 10:30:04 - [TEST_STEP][PASSED] - delay: Delayed 4 second(s)

2018-11-15 10:30:08 - [MESSAGE][PASSED] - Delayed 4 second(s)

2018-11-15 10:30:08 - [TEST_STEP][PASSED] - click: Object: 'Object Repository/Final Object Repo/Page_Update Employer Information/Save  Continue (1)' is clicked on

2018-11-15 10:30:13 - [MESSAGE][PASSED] - Object: 'Object Repository/Final Object Repo/Page_Update Employer Information/Save  Continue (1)' is clicked on

2018-11-15 10:30:13 - [TEST_STEP][PASSED] - Statement - CaseReferenceNo = com.kms.katalon.core.webui.keyword.WebUiBuiltInKeywords.getText(com.kms.katalon.core.testobject.ObjectRepository.findTestObject(Final Object Repo/Page_Update Employer Information/Reference Number in Update Employee Information Page)): Text of object 'Object Repository/Final Object Repo/Page_Update Employer Information/Reference Number in Update Employee Information Page' is: 'CUN112018C100005441'

2018-11-15 10:30:13 - [MESSAGE][PASSED] - Text of object 'Object Repository/Final Object Repo/Page_Update Employer Information/Reference Number in Update Employee Information Page' is: 'CUN112018C100005441'

2018-11-15 10:30:13 - [TEST_STEP][PASSED] - callTestCase: Call Test Case 'Test Cases/Final Aug 2018 - PKS Automation/Common/Reference Number Setter' successfully

2018-11-15 10:30:13 - [TEST_CASE][PASSED] - Test Cases/Final Aug 2018 - PKS Automation/Common/Reference Number Setter: Test Cases/Final Aug 2018 - PKS Automation/Common/Reference Number Setter

2018-11-15 10:30:13 - [TEST_STEP][PASSED] - Statement - RefNoOldFile = new java.io.File(C://KatalonReference.txt): null

2018-11-15 10:30:13 - [TEST_STEP][PASSED] - Statement - RefNoOldFile.delete(): null

2018-11-15 10:30:13 - [TEST_STEP][PASSED] - delay: Delayed 5 second(s)

2018-11-15 10:30:18 - [MESSAGE][PASSED] - Delayed 5 second(s)

2018-11-15 10:30:18 - [TEST_STEP][PASSED] - Statement - RefNo = new java.io.File(C://KatalonReference.txt): null

2018-11-15 10:30:18 - [TEST_STEP][PASSED] - Statement - f2 = new java.io.FileWriter(RefNo, false): null

2018-11-15 10:30:18 - [TEST_STEP][PASSED] - Statement - f2.write(CaseReferenceNo): null

2018-11-15 10:30:18 - [TEST_STEP][PASSED] - Statement - f2.close(): null

2018-11-15 10:30:18 - [TEST_STEP][PASSED] - Statement - out.println("


" + CaseReferenceNo + "


"): null

2018-11-15 10:30:18 - [MESSAGE][PASSED] - Call Test Case 'Test Cases/Final Aug 2018 - PKS Automation/Common/Reference Number Setter' successfully

2018-11-15 10:30:18 - [TEST_STEP][PASSED] - delay: Delayed 4 second(s)

2018-11-15 10:30:22 - [MESSAGE][PASSED] - Delayed 4 second(s)

2018-11-15 10:30:22 - [TEST_STEP][PASSED] - click: Object: 'Object Repository/Final Object Repo/Page_Update Employer Information/Submit - Copy' is clicked on

2018-11-15 10:30:22 - [MESSAGE][PASSED] - Object: 'Object Repository/Final Object Repo/Page_Update Employer Information/Submit - Copy' is clicked on

2018-11-15 10:30:22 - [TEST_STEP][PASSED] - delay: Delayed 2 second(s)

2018-11-15 10:30:24 - [MESSAGE][PASSED] - Delayed 2 second(s)

2018-11-15 10:30:24 - [TEST_STEP][PASSED] - click: Object: 'Object Repository/Final Object Repo/Page_Update Employer Information/Confirm' is clicked on

2018-11-15 10:30:29 - [MESSAGE][PASSED] - Object: 'Object Repository/Final Object Repo/Page_Update Employer Information/Confirm' is clicked on

2018-11-15 10:30:29 - [TEST_STEP][PASSED] - delay: Delayed 2 second(s)

2018-11-15 10:30:31 - [MESSAGE][PASSED] - Delayed 2 second(s)

2018-11-15 10:30:31 - [TEST_STEP][PASSED] - click: Object: 'Object Repository/Final Object Repo/Page_Update Employer Information/Message Your Request will be route' is clicked on

2018-11-15 10:30:31 - [MESSAGE][PASSED] - Object: 'Object Repository/Final Object Repo/Page_Update Employer Information/Message Your Request will be route' is clicked on

2018-11-15 10:30:31 - [MESSAGE][PASSED] - Call Test Case 'Test Cases/Final Aug 2018 - PKS Automation/Registration Module/Workflow/Update Employer Information/Template/Update Employer Information - Special Case (OTC)' successfully

2018-11-15 10:30:31 - [TEST_STEP][PASSED] - callTestCase: Call Test Case 'Test Cases/Final Aug 2018 - PKS Automation/Registration Module/Workflow/Update Employer Information/Template/Update Employer Information - Special Case - UO (Query)' successfully

2018-11-15 10:30:31 - [TEST_CASE][PASSED] - Test Cases/Final Aug 2018 - PKS Automation/Registration Module/Workflow/Update Employer Information/Template/Update Employer Information - Special Case - UO (Query): Test Cases/Final Aug 2018 - PKS Automation/Registration Module/Workflow/Update Employer Information/Template/Update Employer Information - Special Case - UO (Query)

2018-11-15 10:30:31 - [TEST_STEP][NOT_RUN] - callTestCase: NOT_RUN: callTestCase

2018-11-15 10:30:31 - [MESSAGE][NOT_RUN] - NOT_RUN: callTestCase

2018-11-15 10:30:31 - [TEST_STEP][PASSED] - delay: Delayed 1 second(s)

2018-11-15 10:30:32 - [MESSAGE][PASSED] - Delayed 1 second(s)

2018-11-15 10:30:32 - [TEST_STEP][PASSED] - navigateToUrl: Navigate to 'https://assist2-uat.perkeso.gov.my/c/portal/logout' successfully

2018-11-15 10:30:33 - [MESSAGE][PASSED] - Navigate to 'https://assist2-uat.perkeso.gov.my/c/portal/logout' successfully

2018-11-15 10:30:33 - [TEST_STEP][PASSED] - delay: Delayed 1 second(s)

2018-11-15 10:30:34 - [MESSAGE][PASSED] - Delayed 1 second(s)

2018-11-15 10:30:34 - [TEST_STEP][PASSED] - callTestCase: Call Test Case 'Test Cases/Final Aug 2018 - PKS Automation/Common/Reference Number Getter' successfully

2018-11-15 10:30:34 - [TEST_CASE][PASSED] - Test Cases/Final Aug 2018 - PKS Automation/Common/Reference Number Getter: Test Cases/Final Aug 2018 - PKS Automation/Common/Reference Number Getter

2018-11-15 10:30:34 - [TEST_STEP][PASSED] - Statement - Try: null

2018-11-15 10:30:34 - [TEST_STEP][PASSED] - Statement - RefNo = new java.io.File(C://KatalonReference.txt): null

2018-11-15 10:30:34 - [TEST_STEP][PASSED] - Statement - bufferread = new java.io.BufferedReader(new java.io.FileReader(RefNo)): null

2018-11-15 10:30:34 - [TEST_STEP][PASSED] - Statement - readedVal = bufferread.readLine(): null

2018-11-15 10:30:34 - [TEST_STEP][PASSED] - Statement - out.println(CaseReferenceNo): null

2018-11-15 10:30:34 - [TEST_STEP][PASSED] - Statement - out.println(readedVal): null

2018-11-15 10:30:34 - [TEST_STEP][PASSED] - Statement - CaseReferenceNo = "": null

2018-11-15 10:30:34 - [TEST_STEP][PASSED] - Statement - CaseReferenceNo = readedVal: null

2018-11-15 10:30:34 - [MESSAGE][PASSED] - Call Test Case 'Test Cases/Final Aug 2018 - PKS Automation/Common/Reference Number Getter' successfully

2018-11-15 10:30:34 - [TEST_STEP][PASSED] - callTestCase: Call Test Case 'Test Cases/Final Aug 2018 - PKS Automation/Common/Workflow Owner Finder' successfully

2018-11-15 10:30:34 - [TEST_CASE][PASSED] - Test Cases/Final Aug 2018 - PKS Automation/Common/Workflow Owner Finder: Test Cases/Final Aug 2018 - PKS Automation/Common/Workflow Owner Finder

2018-11-15 10:30:34 - [TEST_STEP][PASSED] - openBrowser: Browser is opened with url: ''

2018-11-15 10:30:34 - [MESSAGE][WARNING] - A browser is already opened. Closing browser and opening a new one

2018-11-15 10:30:40 - [MESSAGE][PASSED] - Browser is opened with url: ''

2018-11-15 10:30:40 - [TEST_STEP][PASSED] - navigateToUrl: Navigate to 'https://assist2-uat.perkeso.gov.my/login' successfully

2018-11-15 10:30:42 - [MESSAGE][PASSED] - Navigate to 'https://assist2-uat.perkeso.gov.my/login' successfully

2018-11-15 10:30:42 - [TEST_STEP][PASSED] - delay: Delayed 5 second(s)

2018-11-15 10:30:47 - [MESSAGE][PASSED] - Delayed 5 second(s)

2018-11-15 10:30:47 - [TEST_STEP][PASSED] - setText: Text 'test@liferay.com' is set on object 'Object Repository/Final Object Repo/Login Page/Internal User/Email Address'

2018-11-15 10:30:47 - [MESSAGE][PASSED] - Text 'test@liferay.com' is set on object 'Object Repository/Final Object Repo/Login Page/Internal User/Email Address'

2018-11-15 10:30:47 - [TEST_STEP][PASSED] - click: Object: 'Object Repository/Final Object Repo/Login Page/Internal User/Next Button' is clicked on

2018-11-15 10:30:47 - [MESSAGE][PASSED] - Object: 'Object Repository/Final Object Repo/Login Page/Internal User/Next Button' is clicked on

2018-11-15 10:30:47 - [TEST_STEP][PASSED] - delay: Delayed 2 second(s)

2018-11-15 10:30:49 - [MESSAGE][PASSED] - Delayed 2 second(s)

2018-11-15 10:30:49 - [TEST_STEP][PASSED] - setText: Text 'test' is set on object 'Object Repository/Final Object Repo/Login Page/Internal User/Password'

2018-11-15 10:30:49 - [MESSAGE][PASSED] - Text 'test' is set on object 'Object Repository/Final Object Repo/Login Page/Internal User/Password'

2018-11-15 10:30:49 - [TEST_STEP][PASSED] - delay: Delayed 2 second(s)

2018-11-15 10:30:51 - [MESSAGE][PASSED] - Delayed 2 second(s)

2018-11-15 10:30:51 - [TEST_STEP][PASSED] - click: Object: 'Object Repository/Final Object Repo/Login Page/Internal User/Login Button' is clicked on

2018-11-15 10:30:54 - [MESSAGE][PASSED] - Object: 'Object Repository/Final Object Repo/Login Page/Internal User/Login Button' is clicked on

2018-11-15 10:30:54 - [TEST_STEP][PASSED] - Statement - Try: Delayed 2 second(s)

2018-11-15 10:30:54 - [TEST_STEP][PASSED] - Statement - Checker = false: null

2018-11-15 10:30:54 - [TEST_STEP][PASSED] - Statement - Checker = com.kms.katalon.core.webui.keyword.WebUiBuiltInKeywords.verifyElementHasAttribute(com.kms.katalon.core.testobject.ObjectRepository.findTestObject(Final Object Repo/Landing Page/BM Detecting), "href", 20, OPTIONAL): Object 'Object Repository/Final Object Repo/Landing Page/BM Detecting' has attribute 'href'

2018-11-15 10:30:54 - [MESSAGE][PASSED] - Object 'Object Repository/Final Object Repo/Landing Page/BM Detecting' has attribute 'href'

2018-11-15 10:30:54 - [TEST_STEP][PASSED] - Statement - out.println(Checker): null

2018-11-15 10:30:54 - [TEST_STEP][PASSED] - Statement - If (Checker == false): null

2018-11-15 10:30:54 - [TEST_STEP][PASSED] - Statement - Else: null

2018-11-15 10:30:54 - [TEST_STEP][PASSED] - delay: Delayed 2 second(s)

2018-11-15 10:30:56 - [MESSAGE][PASSED] - Delayed 2 second(s)

2018-11-15 10:30:56 - [TEST_STEP][PASSED] - delay: Delayed 3 second(s)

2018-11-15 10:30:59 - [MESSAGE][PASSED] - Delayed 3 second(s)

2018-11-15 10:30:59 - [TEST_STEP][PASSED] - mouseOver: Object: 'Object Repository/Final Object Repo/Landing Page/WorkFlow Menu' is hovered

2018-11-15 10:31:00 - [MESSAGE][PASSED] - Object: 'Object Repository/Final Object Repo/Landing Page/WorkFlow Menu' is hovered

2018-11-15 10:31:00 - [TEST_STEP][PASSED] - delay: Delayed 2 second(s)

2018-11-15 10:31:02 - [MESSAGE][PASSED] - Delayed 2 second(s)

2018-11-15 10:31:02 - [TEST_STEP][PASSED] - click: Object: 'Object Repository/Final Object Repo/Landing Page/Select to Workflow Listing' is clicked on

2018-11-15 10:31:03 - [MESSAGE][PASSED] - Object: 'Object Repository/Final Object Repo/Landing Page/Select to Workflow Listing' is clicked on

2018-11-15 10:31:03 - [TEST_STEP][PASSED] - delay: Delayed 2 second(s)

2018-11-15 10:31:05 - [MESSAGE][PASSED] - Delayed 2 second(s)

2018-11-15 10:31:05 - [TEST_STEP][PASSED] - click: Object: 'Object Repository/Final Object Repo/WorkFlow Listing Page/Search Information - To Put Ref No' is clicked on

2018-11-15 10:31:05 - [MESSAGE][PASSED] - Object: 'Object Repository/Final Object Repo/WorkFlow Listing Page/Search Information - To Put Ref No' is clicked on

2018-11-15 10:31:05 - [TEST_STEP][PASSED] - delay: Delayed 2 second(s)

2018-11-15 10:31:07 - [MESSAGE][PASSED] - Delayed 2 second(s)

2018-11-15 10:31:07 - [TEST_STEP][PASSED] - callTestCase: Call Test Case 'Test Cases/Final Aug 2018 - PKS Automation/Common/Reference Number Getter' successfully

2018-11-15 10:31:07 - [TEST_CASE][PASSED] - Test Cases/Final Aug 2018 - PKS Automation/Common/Reference Number Getter: Test Cases/Final Aug 2018 - PKS Automation/Common/Reference Number Getter

2018-11-15 10:31:07 - [TEST_STEP][PASSED] - Statement - Try: null

2018-11-15 10:31:07 - [TEST_STEP][PASSED] - Statement - RefNo = new java.io.File(C://KatalonReference.txt): null

2018-11-15 10:31:07 - [TEST_STEP][PASSED] - Statement - bufferread = new java.io.BufferedReader(new java.io.FileReader(RefNo)): null

2018-11-15 10:31:07 - [TEST_STEP][PASSED] - Statement - readedVal = bufferread.readLine(): null

2018-11-15 10:31:07 - [TEST_STEP][PASSED] - Statement - out.println(CaseReferenceNo): null

2018-11-15 10:31:07 - [TEST_STEP][PASSED] - Statement - out.println(readedVal): null

2018-11-15 10:31:07 - [TEST_STEP][PASSED] - Statement - CaseReferenceNo = "": null

2018-11-15 10:31:07 - [TEST_STEP][PASSED] - Statement - CaseReferenceNo = readedVal: null

2018-11-15 10:31:07 - [MESSAGE][PASSED] - Call Test Case 'Test Cases/Final Aug 2018 - PKS Automation/Common/Reference Number Getter' successfully

2018-11-15 10:31:07 - [TEST_STEP][PASSED] - setText: Text 'CUN112018C100005441' is set on object 'Object Repository/Final Object Repo/WorkFlow Listing Page/Ref No Set Text'

2018-11-15 10:31:07 - [MESSAGE][PASSED] - Text 'CUN112018C100005441' is set on object 'Object Repository/Final Object Repo/WorkFlow Listing Page/Ref No Set Text'

2018-11-15 10:31:07 - [TEST_STEP][PASSED] - delay: Delayed 2 second(s)

2018-11-15 10:31:09 - [MESSAGE][PASSED] - Delayed 2 second(s)

2018-11-15 10:31:09 - [TEST_STEP][PASSED] - click: Object: 'Object Repository/Final Object Repo/WorkFlow Listing Page/Search Ref No Search Button' is clicked on

2018-11-15 10:31:10 - [MESSAGE][PASSED] - Object: 'Object Repository/Final Object Repo/WorkFlow Listing Page/Search Ref No Search Button' is clicked on

2018-11-15 10:31:10 - [TEST_STEP][PASSED] - delay: Delayed 4 second(s)

2018-11-15 10:31:14 - [MESSAGE][PASSED] - Delayed 4 second(s)

2018-11-15 10:31:14 - [TEST_STEP][PASSED] - click: Object: 'Object Repository/Final Object Repo/WorkFlow Listing Page/Click Continue Tooltip' is clicked on

2018-11-15 10:31:15 - [MESSAGE][PASSED] - Object: 'Object Repository/Final Object Repo/WorkFlow Listing Page/Click Continue Tooltip' is clicked on

2018-11-15 10:31:15 - [TEST_STEP][PASSED] - delay: Delayed 5 second(s)

2018-11-15 10:31:20 - [MESSAGE][PASSED] - Delayed 5 second(s)

2018-11-15 10:31:20 - [TEST_STEP][PASSED] - doubleClick: Object: 'Object Repository/Final Object Repo/WorkFlow Listing Page/Workflow Found - Listing 1' is double clicked on

2018-11-15 10:31:20 - [MESSAGE][PASSED] - Object: 'Object Repository/Final Object Repo/WorkFlow Listing Page/Workflow Found - Listing 1' is double clicked on

2018-11-15 10:31:20 - [TEST_STEP][PASSED] - Statement - println(OwnerID): null

2018-11-15 10:31:20 - [TEST_STEP][PASSED] - Statement - OwnerID = com.kms.katalon.core.webui.keyword.WebUiBuiltInKeywords.getText(com.kms.katalon.core.testobject.ObjectRepository.findTestObject(Final Object Repo/WorkFlow Listing Page/Workflow Found - Listing 1), STOP_ON_FAILURE): Text of object 'Object Repository/Final Object Repo/WorkFlow Listing Page/Workflow Found - Listing 1' is: 'JOHORuo1'

2018-11-15 10:31:20 - [MESSAGE][PASSED] - Text of object 'Object Repository/Final Object Repo/WorkFlow Listing Page/Workflow Found - Listing 1' is: 'JOHORuo1'

2018-11-15 10:31:20 - [TEST_STEP][PASSED] - Statement - OwnerID = OwnerID.toLowerCase() + "@gmail.com": null

2018-11-15 10:31:20 - [TEST_STEP][PASSED] - Statement - println(OwnerID): null

2018-11-15 10:31:20 - [TEST_STEP][PASSED] - delay: Delayed 2 second(s)

2018-11-15 10:31:22 - [MESSAGE][PASSED] - Delayed 2 second(s)

2018-11-15 10:31:22 - [MESSAGE][PASSED] - Call Test Case 'Test Cases/Final Aug 2018 - PKS Automation/Common/Workflow Owner Finder' successfully

2018-11-15 10:31:22 - [TEST_STEP][PASSED] - delay: Delayed 1 second(s)

2018-11-15 10:31:23 - [MESSAGE][PASSED] - Delayed 1 second(s)

2018-11-15 10:31:23 - [TEST_STEP][PASSED] - navigateToUrl: Navigate to 'https://assist2-uat.perkeso.gov.my/c/portal/logout' successfully

2018-11-15 10:31:25 - [MESSAGE][PASSED] - Navigate to 'https://assist2-uat.perkeso.gov.my/c/portal/logout' successfully

2018-11-15 10:31:25 - [TEST_STEP][PASSED] - delay: Delayed 1 second(s)

2018-11-15 10:31:26 - [MESSAGE][PASSED] - Delayed 1 second(s)

2018-11-15 10:31:26 - [TEST_STEP][PASSED] - callTestCase: Call Test Case 'Test Cases/Final Aug 2018 - PKS Automation/Registration Module/Workflow/Login and Search Case For Workflow' successfully

2018-11-15 10:31:26 - [TEST_CASE][PASSED] - Test Cases/Final Aug 2018 - PKS Automation/Registration Module/Workflow/Login and Search Case For Workflow: Test Cases/Final Aug 2018 - PKS Automation/Registration Module/Workflow/Login and Search Case For Workflow

2018-11-15 10:31:26 - [TEST_STEP][PASSED] - navigateToUrl: Navigate to 'https://assist2-uat.perkeso.gov.my/login' successfully

2018-11-15 10:31:26 - [MESSAGE][PASSED] - Navigate to 'https://assist2-uat.perkeso.gov.my/login' successfully

2018-11-15 10:31:26 - [TEST_STEP][PASSED] - setText: Text 'johoruo1@gmail.com' is set on object 'Object Repository/Final Object Repo/Login Page/Internal User/Email Address'

2018-11-15 10:31:27 - [MESSAGE][PASSED] - Text 'johoruo1@gmail.com' is set on object 'Object Repository/Final Object Repo/Login Page/Internal User/Email Address'

2018-11-15 10:31:27 - [TEST_STEP][PASSED] - click: Object: 'Object Repository/Final Object Repo/Login Page/Internal User/Next Button' is clicked on

2018-11-15 10:31:27 - [MESSAGE][PASSED] - Object: 'Object Repository/Final Object Repo/Login Page/Internal User/Next Button' is clicked on

2018-11-15 10:31:27 - [TEST_STEP][PASSED] - delay: Delayed 1 second(s)

2018-11-15 10:31:28 - [MESSAGE][PASSED] - Delayed 1 second(s)

2018-11-15 10:31:28 - [TEST_STEP][PASSED] - setEncryptedText: Text ****** has been set on object 'Object Repository/Final Object Repo/Login Page/Internal User/Password'

2018-11-15 10:31:28 - [MESSAGE][PASSED] - Text ****** has been set on object 'Object Repository/Final Object Repo/Login Page/Internal User/Password'

2018-11-15 10:31:28 - [TEST_STEP][PASSED] - click: Object: 'Object Repository/Final Object Repo/Login Page/Internal User/Login Button' is clicked on

2018-11-15 10:31:30 - [MESSAGE][PASSED] - Object: 'Object Repository/Final Object Repo/Login Page/Internal User/Login Button' is clicked on

2018-11-15 10:31:30 - [TEST_STEP][PASSED] - delay: Delayed 2 second(s)

2018-11-15 10:31:32 - [MESSAGE][PASSED] - Delayed 2 second(s)

2018-11-15 10:31:32 - [TEST_STEP][PASSED] - Statement - Try: Delayed 2 second(s)

2018-11-15 10:31:32 - [TEST_STEP][PASSED] - Statement - Checker = false: null

2018-11-15 10:31:32 - [TEST_STEP][PASSED] - Statement - Checker = com.kms.katalon.core.webui.keyword.WebUiBuiltInKeywords.verifyElementHasAttribute(com.kms.katalon.core.testobject.ObjectRepository.findTestObject(Final Object Repo/Landing Page/BM Detecting), "href", 20, OPTIONAL): Object 'Object Repository/Final Object Repo/Landing Page/BM Detecting' has attribute 'href'

2018-11-15 10:31:32 - [MESSAGE][PASSED] - Object 'Object Repository/Final Object Repo/Landing Page/BM Detecting' has attribute 'href'

2018-11-15 10:31:32 - [TEST_STEP][PASSED] - Statement - out.println(Checker): null

2018-11-15 10:31:32 - [TEST_STEP][PASSED] - Statement - If (Checker == false): null

2018-11-15 10:31:32 - [TEST_STEP][PASSED] - Statement - Else: null

2018-11-15 10:31:32 - [TEST_STEP][PASSED] - delay: Delayed 2 second(s)

2018-11-15 10:31:34 - [MESSAGE][PASSED] - Delayed 2 second(s)

2018-11-15 10:31:34 - [TEST_STEP][PASSED] - click: Object: 'Object Repository/Final Object Repo/Page_MyASSIST - ASSIST - Search Pending Case For Add Supporting Document/Search Information' is clicked on

2018-11-15 10:31:35 - [MESSAGE][PASSED] - Object: 'Object Repository/Final Object Repo/Page_MyASSIST - ASSIST - Search Pending Case For Add Supporting Document/Search Information' is clicked on

2018-11-15 10:31:35 - [TEST_STEP][PASSED] - delay: Delayed 3 second(s)

2018-11-15 10:31:38 - [MESSAGE][PASSED] - Delayed 3 second(s)

2018-11-15 10:31:38 - [TEST_STEP][PASSED] - sendKeys: Keys 'CUN112018C100005441' sent to object: 'Object Repository/Final Object Repo/Page_MyASSIST - ASSIST - Search Pending Case For Add Supporting Document/Reference No'

2018-11-15 10:31:38 - [MESSAGE][PASSED] - Keys 'CUN112018C100005441' sent to object: 'Object Repository/Final Object Repo/Page_MyASSIST - ASSIST - Search Pending Case For Add Supporting Document/Reference No'

2018-11-15 10:31:38 - [TEST_STEP][PASSED] - click: Object: 'Object Repository/Final Object Repo/Page_MyASSIST - ASSIST - Search Pending Case For Add Supporting Document/Search Reference No' is clicked on

2018-11-15 10:31:39 - [MESSAGE][PASSED] - Object: 'Object Repository/Final Object Repo/Page_MyASSIST - ASSIST - Search Pending Case For Add Supporting Document/Search Reference No' is clicked on

2018-11-15 10:31:39 - [TEST_STEP][PASSED] - delay: Delayed 2 second(s)

2018-11-15 10:31:41 - [MESSAGE][PASSED] - Delayed 2 second(s)

2018-11-15 10:31:41 - [TEST_STEP][PASSED] - click: Object: 'Object Repository/Final Object Repo/Page_MyASSIST - ASSIST - Search Pending Case For Add Supporting Document/Continue' is clicked on

2018-11-15 10:31:46 - [MESSAGE][PASSED] - Object: 'Object Repository/Final Object Repo/Page_MyASSIST - ASSIST - Search Pending Case For Add Supporting Document/Continue' is clicked on

2018-11-15 10:31:46 - [TEST_STEP][PASSED] - delay: Delayed 20 second(s)

2018-11-15 10:32:06 - [MESSAGE][PASSED] - Delayed 20 second(s)

2018-11-15 10:32:06 - [MESSAGE][PASSED] - Call Test Case 'Test Cases/Final Aug 2018 - PKS Automation/Registration Module/Workflow/Login and Search Case For Workflow' successfully

2018-11-15 10:32:06 - [TEST_STEP][PASSED] - delay: Delayed 2 second(s)

2018-11-15 10:32:08 - [MESSAGE][PASSED] - Delayed 2 second(s)

2018-11-15 10:32:08 - [TEST_STEP][PASSED] - click: Object: 'Object Repository/Final Object Repo/Page_Update Employer Information/Page_Update Employer Information UO (Approve)/Continue' is clicked on

2018-11-15 10:32:12 - [MESSAGE][PASSED] - Object: 'Object Repository/Final Object Repo/Page_Update Employer Information/Page_Update Employer Information UO (Approve)/Continue' is clicked on

2018-11-15 10:32:12 - [TEST_STEP][PASSED] - delay: Delayed 2 second(s)

2018-11-15 10:32:14 - [MESSAGE][PASSED] - Delayed 2 second(s)

2018-11-15 10:32:14 - [TEST_STEP][PASSED] - click: Object: 'Object Repository/Final Object Repo/Page_Update Employer Information/Page_Update Employer Information UO (Approve)/Save  Continue in Update Employer Information Page' is clicked on

2018-11-15 10:32:20 - [MESSAGE][PASSED] - Object: 'Object Repository/Final Object Repo/Page_Update Employer Information/Page_Update Employer Information UO (Approve)/Save  Continue in Update Employer Information Page' is clicked on

2018-11-15 10:32:20 - [TEST_STEP][PASSED] - delay: Delayed 2 second(s)

2018-11-15 10:32:22 - [MESSAGE][PASSED] - Delayed 2 second(s)

2018-11-15 10:32:22 - [TEST_STEP][PASSED] - setText: Text 'Query' is set on object 'Object Repository/Final Object Repo/Page_Update Employer Information/Page_Update Employer Information UO (Query)/Query - Remark'

2018-11-15 10:32:22 - [MESSAGE][PASSED] - Text 'Query' is set on object 'Object Repository/Final Object Repo/Page_Update Employer Information/Page_Update Employer Information UO (Query)/Query - Remark'

2018-11-15 10:32:22 - [TEST_STEP][PASSED] - delay: Delayed 2 second(s)

2018-11-15 10:32:24 - [MESSAGE][PASSED] - Delayed 2 second(s)

2018-11-15 10:32:24 - [TEST_STEP][PASSED] - click: Object: 'Object Repository/Final Object Repo/Page_Update Employer Information/Page_Update Employer Information UO (Approve)/Save  Continue in Uploading Supporting Document Page' is clicked on

2018-11-15 10:32:28 - [MESSAGE][PASSED] - Object: 'Object Repository/Final Object Repo/Page_Update Employer Information/Page_Update Employer Information UO (Approve)/Save  Continue in Uploading Supporting Document Page' is clicked on

2018-11-15 10:32:28 - [TEST_STEP][PASSED] - delay: Delayed 2 second(s)

2018-11-15 10:32:30 - [MESSAGE][PASSED] - Delayed 2 second(s)

2018-11-15 10:32:30 - [TEST_STEP][PASSED] - click: Object: 'Object Repository/Final Object Repo/Page_Update Employer Information/Page_Update Employer Information UO (Query)/Query' is clicked on

2018-11-15 10:32:31 - [MESSAGE][PASSED] - Object: 'Object Repository/Final Object Repo/Page_Update Employer Information/Page_Update Employer Information UO (Query)/Query' is clicked on

2018-11-15 10:32:31 - [TEST_STEP][PASSED] - delay: Delayed 2 second(s)

2018-11-15 10:32:33 - [MESSAGE][PASSED] - Delayed 2 second(s)

2018-11-15 10:32:33 - [TEST_STEP][PASSED] - click: Object: 'Object Repository/Final Object Repo/Page_Update Employer Information/Page_Update Employer Information UO (Query)/Confirm' is clicked on

2018-11-15 10:32:38 - [MESSAGE][PASSED] - Object: 'Object Repository/Final Object Repo/Page_Update Employer Information/Page_Update Employer Information UO (Query)/Confirm' is clicked on

2018-11-15 10:32:38 - [TEST_STEP][PASSED] - delay: Delayed 2 second(s)

2018-11-15 10:32:40 - [MESSAGE][PASSED] - Delayed 2 second(s)

2018-11-15 10:32:40 - [TEST_STEP][PASSED] - doubleClick: Object: 'Object Repository/Final Object Repo/Page_Update Employer Information/Page_Update Employer Information UO (Query)/Message The Case Is Under Query' is double clicked on

2018-11-15 10:32:40 - [MESSAGE][PASSED] - Object: 'Object Repository/Final Object Repo/Page_Update Employer Information/Page_Update Employer Information UO (Query)/Message The Case Is Under Query' is double clicked on

2018-11-15 10:32:40 - [TEST_STEP][PASSED] - delay: Delayed 2 second(s)

2018-11-15 10:32:42 - [MESSAGE][PASSED] - Delayed 2 second(s)

2018-11-15 10:32:42 - [TEST_STEP][PASSED] - click: Object: 'Object Repository/Final Object Repo/Page_Update Employer Information/Page_Update Employer Information UO (Query)/Letter of inquiry.pdf' is clicked on

2018-11-15 10:32:48 - [MESSAGE][PASSED] - Object: 'Object Repository/Final Object Repo/Page_Update Employer Information/Page_Update Employer Information UO (Query)/Letter of inquiry.pdf' is clicked on

2018-11-15 10:32:48 - [TEST_STEP][PASSED] - delay: Delayed 1 second(s)

2018-11-15 10:32:49 - [MESSAGE][PASSED] - Delayed 1 second(s)

2018-11-15 10:32:49 - [TEST_STEP][PASSED] - navigateToUrl: Navigate to 'https://assist2-uat.perkeso.gov.my/c/portal/logout' successfully

2018-11-15 10:32:50 - [MESSAGE][PASSED] - Navigate to 'https://assist2-uat.perkeso.gov.my/c/portal/logout' successfully

2018-11-15 10:32:50 - [TEST_STEP][PASSED] - delay: Delayed 1 second(s)

2018-11-15 10:32:51 - [MESSAGE][PASSED] - Delayed 1 second(s)

2018-11-15 10:32:51 - [TEST_STEP][PASSED] - callTestCase: Call Test Case 'Test Cases/Final Aug 2018 - PKS Automation/Registration Module/Workflow/Search Pending Case For Add Supporting Document (OTC)' successfully

2018-11-15 10:32:51 - [TEST_CASE][PASSED] - Test Cases/Final Aug 2018 - PKS Automation/Registration Module/Workflow/Search Pending Case For Add Supporting Document (OTC): Test Cases/Final Aug 2018 - PKS Automation/Registration Module/Workflow/Search Pending Case For Add Supporting Document (OTC)

2018-11-15 10:32:51 - [TEST_STEP][PASSED] - openBrowser: Browser is opened with url: ''

2018-11-15 10:32:51 - [MESSAGE][WARNING] - A browser is already opened. Closing browser and opening a new one

2018-11-15 10:32:56 - [MESSAGE][PASSED] - Browser is opened with url: ''

2018-11-15 10:32:56 - [TEST_STEP][PASSED] - navigateToUrl: Navigate to 'https://assist2-uat.perkeso.gov.my/login' successfully

2018-11-15 10:32:58 - [MESSAGE][PASSED] - Navigate to 'https://assist2-uat.perkeso.gov.my/login' successfully

2018-11-15 10:32:58 - [TEST_STEP][PASSED] - setText: Text 'johorotc1@gmail.com' is set on object 'Object Repository/Final Object Repo/Login Page/Internal User/Email Address'

2018-11-15 10:32:58 - [MESSAGE][PASSED] - Text 'johorotc1@gmail.com' is set on object 'Object Repository/Final Object Repo/Login Page/Internal User/Email Address'

2018-11-15 10:32:58 - [TEST_STEP][PASSED] - click: Object: 'Object Repository/Final Object Repo/Login Page/Internal User/Next Button' is clicked on

2018-11-15 10:32:58 - [MESSAGE][PASSED] - Object: 'Object Repository/Final Object Repo/Login Page/Internal User/Next Button' is clicked on

2018-11-15 10:32:58 - [TEST_STEP][PASSED] - delay: Delayed 1 second(s)

2018-11-15 10:32:59 - [MESSAGE][PASSED] - Delayed 1 second(s)

2018-11-15 10:32:59 - [TEST_STEP][PASSED] - setEncryptedText: Text ****** has been set on object 'Object Repository/Final Object Repo/Login Page/Internal User/Password'

2018-11-15 10:32:59 - [MESSAGE][PASSED] - Text ****** has been set on object 'Object Repository/Final Object Repo/Login Page/Internal User/Password'

2018-11-15 10:32:59 - [TEST_STEP][PASSED] - click: Object: 'Object Repository/Final Object Repo/Login Page/Internal User/Login Button' is clicked on

2018-11-15 10:33:03 - [MESSAGE][PASSED] - Object: 'Object Repository/Final Object Repo/Login Page/Internal User/Login Button' is clicked on

2018-11-15 10:33:03 - [TEST_STEP][PASSED] - delay: Delayed 1 second(s)

2018-11-15 10:33:04 - [MESSAGE][PASSED] - Delayed 1 second(s)

2018-11-15 10:33:04 - [TEST_STEP][PASSED] - Statement - Try: Delayed 2 second(s)

2018-11-15 10:33:04 - [TEST_STEP][PASSED] - Statement - Checker = false: null

2018-11-15 10:33:04 - [TEST_STEP][PASSED] - Statement - Checker = com.kms.katalon.core.webui.keyword.WebUiBuiltInKeywords.verifyElementHasAttribute(com.kms.katalon.core.testobject.ObjectRepository.findTestObject(Final Object Repo/Landing Page/BM Detecting), "href", 20, OPTIONAL): Object 'Object Repository/Final Object Repo/Landing Page/BM Detecting' has attribute 'href'

2018-11-15 10:33:04 - [MESSAGE][PASSED] - Object 'Object Repository/Final Object Repo/Landing Page/BM Detecting' has attribute 'href'

2018-11-15 10:33:04 - [TEST_STEP][PASSED] - Statement - out.println(Checker): null

2018-11-15 10:33:04 - [TEST_STEP][PASSED] - Statement - If (Checker == false): null

2018-11-15 10:33:04 - [TEST_STEP][PASSED] - Statement - Else: null

2018-11-15 10:33:04 - [TEST_STEP][PASSED] - delay: Delayed 2 second(s)

2018-11-15 10:33:06 - [MESSAGE][PASSED] - Delayed 2 second(s)

2018-11-15 10:33:06 - [TEST_STEP][PASSED] - navigateToUrl: Navigate to 'https://assist2-uat.perkeso.gov.my/web/registration/search/search-pending-case-for-add-supporting-document' successfully

2018-11-15 10:33:08 - [MESSAGE][PASSED] - Navigate to 'https://assist2-uat.perkeso.gov.my/web/registration/search/search-pending-case-for-add-supporting-document' successfully

2018-11-15 10:33:08 - [TEST_STEP][PASSED] - click: Object: 'Object Repository/Final Object Repo/Page_Search Pending Case For Add Suporting Document/Search By' is clicked on

2018-11-15 10:33:08 - [MESSAGE][PASSED] - Object: 'Object Repository/Final Object Repo/Page_Search Pending Case For Add Suporting Document/Search By' is clicked on

2018-11-15 10:33:08 - [TEST_STEP][PASSED] - click: Object: 'Object Repository/Final Object Repo/Page_Search Pending Case For Add Suporting Document/Search By - Reference ID' is clicked on

2018-11-15 10:33:09 - [MESSAGE][PASSED] - Object: 'Object Repository/Final Object Repo/Page_Search Pending Case For Add Suporting Document/Search By - Reference ID' is clicked on

2018-11-15 10:33:09 - [TEST_STEP][PASSED] - delay: Delayed 2 second(s)

2018-11-15 10:33:11 - [MESSAGE][PASSED] - Delayed 2 second(s)

2018-11-15 10:33:11 - [TEST_STEP][PASSED] - setText: Text 'CUN112018C100005441' is set on object 'Object Repository/Final Object Repo/Page_Search Pending Case For Add Suporting Document/Reference ID'

2018-11-15 10:33:11 - [MESSAGE][PASSED] - Text 'CUN112018C100005441' is set on object 'Object Repository/Final Object Repo/Page_Search Pending Case For Add Suporting Document/Reference ID'

2018-11-15 10:33:11 - [TEST_STEP][PASSED] - click: Object: 'Object Repository/Final Object Repo/Page_Search Pending Case For Add Suporting Document/Search' is clicked on

2018-11-15 10:33:12 - [MESSAGE][PASSED] - Object: 'Object Repository/Final Object Repo/Page_Search Pending Case For Add Suporting Document/Search' is clicked on

2018-11-15 10:33:12 - [TEST_STEP][PASSED] - delay: Delayed 2 second(s)

2018-11-15 10:33:14 - [MESSAGE][PASSED] - Delayed 2 second(s)

2018-11-15 10:33:14 - [TEST_STEP][PASSED] - click: Object: 'Object Repository/Final Object Repo/Page_Search Pending Case For Add Suporting Document/Edit' is clicked on

2018-11-15 10:33:26 - [MESSAGE][PASSED] - Object: 'Object Repository/Final Object Repo/Page_Search Pending Case For Add Suporting Document/Edit' is clicked on

2018-11-15 10:33:26 - [MESSAGE][PASSED] - Call Test Case 'Test Cases/Final Aug 2018 - PKS Automation/Registration Module/Workflow/Search Pending Case For Add Supporting Document (OTC)' successfully

2018-11-15 10:33:26 - [TEST_STEP][PASSED] - click: Object: 'Object Repository/Final Object Repo/Page_Update Employer Information/Page_Update Employer Information UO (Query -OTC -UO)/Next' is clicked on

2018-11-15 10:33:30 - [MESSAGE][PASSED] - Object: 'Object Repository/Final Object Repo/Page_Update Employer Information/Page_Update Employer Information UO (Query -OTC -UO)/Next' is clicked on

2018-11-15 10:33:30 - [TEST_STEP][PASSED] - delay: Delayed 2 second(s)

2018-11-15 10:33:32 - [MESSAGE][PASSED] - Delayed 2 second(s)

2018-11-15 10:33:32 - [TEST_STEP][PASSED] - click: Object: 'Object Repository/Final Object Repo/Page_Update Employer Information/Page_Update Employer Information UO (Query -OTC -UO)/Add Document' is clicked on

2018-11-15 10:33:33 - [MESSAGE][PASSED] - Object: 'Object Repository/Final Object Repo/Page_Update Employer Information/Page_Update Employer Information UO (Query -OTC -UO)/Add Document' is clicked on

2018-11-15 10:33:33 - [TEST_STEP][PASSED] - delay: Delayed 2 second(s)

2018-11-15 10:33:35 - [MESSAGE][PASSED] - Delayed 2 second(s)

2018-11-15 10:33:35 - [TEST_STEP][PASSED] - click: Object: 'Object Repository/Final Object Repo/Page_Update Employer Information/Page_Update Employer Information UO (Query -OTC -UO)/Document Type' is clicked on

2018-11-15 10:33:36 - [MESSAGE][PASSED] - Object: 'Object Repository/Final Object Repo/Page_Update Employer Information/Page_Update Employer Information UO (Query -OTC -UO)/Document Type' is clicked on

2018-11-15 10:33:36 - [TEST_STEP][PASSED] - click: Object: 'Object Repository/Final Object Repo/Page_Update Employer Information/Page_Update Employer Information UO (Query -OTC -UO)/Document Type - Other' is clicked on

2018-11-15 10:33:37 - [MESSAGE][PASSED] - Object: 'Object Repository/Final Object Repo/Page_Update Employer Information/Page_Update Employer Information UO (Query -OTC -UO)/Document Type - Other' is clicked on

2018-11-15 10:33:37 - [TEST_STEP][PASSED] - delay: Delayed 2 second(s)

2018-11-15 10:33:39 - [MESSAGE][PASSED] - Delayed 2 second(s)

2018-11-15 10:33:39 - [TEST_STEP][PASSED] - sendKeys: Keys 'C:\Users\Public\Pictures\Sample Pictures\Act.jpg' sent to object: 'Object Repository/Final Object Repo/Page_Update Employer Information/Page_Update Employer Information UO (Query -OTC -UO)/Uploading File'

2018-11-15 10:33:39 - [MESSAGE][PASSED] - Keys 'C:\Users\Public\Pictures\Sample Pictures\Act.jpg' sent to object: 'Object Repository/Final Object Repo/Page_Update Employer Information/Page_Update Employer Information UO (Query -OTC -UO)/Uploading File'

2018-11-15 10:33:39 - [TEST_STEP][PASSED] - delay: Delayed 2 second(s)

2018-11-15 10:33:41 - [MESSAGE][PASSED] - Delayed 2 second(s)

2018-11-15 10:33:41 - [TEST_STEP][PASSED] - click: Object: 'Object Repository/Final Object Repo/Page_Update Employer Information/Page_Update Employer Information UO (Query -OTC -UO)/Add Document in Uploading Page' is clicked on

2018-11-15 10:33:46 - [MESSAGE][PASSED] - Object: 'Object Repository/Final Object Repo/Page_Update Employer Information/Page_Update Employer Information UO (Query -OTC -UO)/Add Document in Uploading Page' is clicked on

2018-11-15 10:33:46 - [TEST_STEP][PASSED] - delay: Delayed 2 second(s)

2018-11-15 10:33:48 - [MESSAGE][PASSED] - Delayed 2 second(s)

2018-11-15 10:33:48 - [TEST_STEP][PASSED] - click: Object: 'Object Repository/Final Object Repo/Page_Update Employer Information/Page_Update Employer Information UO (Query -OTC -UO)/Exit' is clicked on

2018-11-15 10:33:49 - [MESSAGE][PASSED] - Object: 'Object Repository/Final Object Repo/Page_Update Employer Information/Page_Update Employer Information UO (Query -OTC -UO)/Exit' is clicked on

2018-11-15 10:33:49 - [TEST_STEP][PASSED] - delay: Delayed 2 second(s)

2018-11-15 10:33:51 - [MESSAGE][PASSED] - Delayed 2 second(s)

2018-11-15 10:33:51 - [TEST_STEP][PASSED] - delay: Delayed 1 second(s)

2018-11-15 10:33:52 - [MESSAGE][PASSED] - Delayed 1 second(s)

2018-11-15 10:33:52 - [TEST_STEP][PASSED] - navigateToUrl: Navigate to 'https://assist2-uat.perkeso.gov.my/c/portal/logout' successfully

2018-11-15 10:33:53 - [MESSAGE][PASSED] - Navigate to 'https://assist2-uat.perkeso.gov.my/c/portal/logout' successfully

2018-11-15 10:33:53 - [TEST_STEP][PASSED] - delay: Delayed 1 second(s)

2018-11-15 10:33:54 - [MESSAGE][PASSED] - Delayed 1 second(s)

2018-11-15 10:33:54 - [TEST_STEP][PASSED] - callTestCase: Call Test Case 'Test Cases/Final Aug 2018 - PKS Automation/Registration Module/Workflow/Login and Search Case For Workflow' successfully

2018-11-15 10:33:54 - [TEST_CASE][PASSED] - Test Cases/Final Aug 2018 - PKS Automation/Registration Module/Workflow/Login and Search Case For Workflow: Test Cases/Final Aug 2018 - PKS Automation/Registration Module/Workflow/Login and Search Case For Workflow

2018-11-15 10:33:54 - [TEST_STEP][PASSED] - navigateToUrl: Navigate to 'https://assist2-uat.perkeso.gov.my/login' successfully

2018-11-15 10:33:55 - [MESSAGE][PASSED] - Navigate to 'https://assist2-uat.perkeso.gov.my/login' successfully

2018-11-15 10:33:55 - [TEST_STEP][PASSED] - setText: Text 'johoruo1@gmail.com' is set on object 'Object Repository/Final Object Repo/Login Page/Internal User/Email Address'

2018-11-15 10:33:55 - [MESSAGE][PASSED] - Text 'johoruo1@gmail.com' is set on object 'Object Repository/Final Object Repo/Login Page/Internal User/Email Address'

2018-11-15 10:33:55 - [TEST_STEP][PASSED] - click: Object: 'Object Repository/Final Object Repo/Login Page/Internal User/Next Button' is clicked on

2018-11-15 10:33:56 - [MESSAGE][PASSED] - Object: 'Object Repository/Final Object Repo/Login Page/Internal User/Next Button' is clicked on

2018-11-15 10:33:56 - [TEST_STEP][PASSED] - delay: Delayed 1 second(s)

2018-11-15 10:33:57 - [MESSAGE][PASSED] - Delayed 1 second(s)

2018-11-15 10:33:57 - [TEST_STEP][PASSED] - setEncryptedText: Text ****** has been set on object 'Object Repository/Final Object Repo/Login Page/Internal User/Password'

2018-11-15 10:33:57 - [MESSAGE][PASSED] - Text ****** has been set on object 'Object Repository/Final Object Repo/Login Page/Internal User/Password'

2018-11-15 10:33:57 - [TEST_STEP][PASSED] - click: Object: 'Object Repository/Final Object Repo/Login Page/Internal User/Login Button' is clicked on

2018-11-15 10:33:59 - [MESSAGE][PASSED] - Object: 'Object Repository/Final Object Repo/Login Page/Internal User/Login Button' is clicked on

2018-11-15 10:33:59 - [TEST_STEP][PASSED] - delay: Delayed 2 second(s)

2018-11-15 10:34:01 - [MESSAGE][PASSED] - Delayed 2 second(s)

2018-11-15 10:34:01 - [TEST_STEP][PASSED] - Statement - Try: Delayed 2 second(s)

2018-11-15 10:34:01 - [TEST_STEP][PASSED] - Statement - Checker = false: null

2018-11-15 10:34:01 - [TEST_STEP][PASSED] - Statement - Checker = com.kms.katalon.core.webui.keyword.WebUiBuiltInKeywords.verifyElementHasAttribute(com.kms.katalon.core.testobject.ObjectRepository.findTestObject(Final Object Repo/Landing Page/BM Detecting), "href", 20, OPTIONAL): Object 'Object Repository/Final Object Repo/Landing Page/BM Detecting' has attribute 'href'

2018-11-15 10:34:01 - [MESSAGE][PASSED] - Object 'Object Repository/Final Object Repo/Landing Page/BM Detecting' has attribute 'href'

2018-11-15 10:34:01 - [TEST_STEP][PASSED] - Statement - out.println(Checker): null

2018-11-15 10:34:01 - [TEST_STEP][PASSED] - Statement - If (Checker == false): null

2018-11-15 10:34:01 - [TEST_STEP][PASSED] - Statement - Else: null

2018-11-15 10:34:01 - [TEST_STEP][PASSED] - delay: Delayed 2 second(s)

2018-11-15 10:34:03 - [MESSAGE][PASSED] - Delayed 2 second(s)

2018-11-15 10:34:03 - [TEST_STEP][PASSED] - click: Object: 'Object Repository/Final Object Repo/Page_MyASSIST - ASSIST - Search Pending Case For Add Supporting Document/Search Information' is clicked on

2018-11-15 10:34:03 - [MESSAGE][PASSED] - Object: 'Object Repository/Final Object Repo/Page_MyASSIST - ASSIST - Search Pending Case For Add Supporting Document/Search Information' is clicked on

2018-11-15 10:34:03 - [TEST_STEP][PASSED] - delay: Delayed 3 second(s)

2018-11-15 10:34:06 - [MESSAGE][PASSED] - Delayed 3 second(s)

2018-11-15 10:34:06 - [TEST_STEP][PASSED] - sendKeys: Keys 'CUN112018C100005441' sent to object: 'Object Repository/Final Object Repo/Page_MyASSIST - ASSIST - Search Pending Case For Add Supporting Document/Reference No'

2018-11-15 10:34:07 - [MESSAGE][PASSED] - Keys 'CUN112018C100005441' sent to object: 'Object Repository/Final Object Repo/Page_MyASSIST - ASSIST - Search Pending Case For Add Supporting Document/Reference No'

2018-11-15 10:34:07 - [TEST_STEP][PASSED] - click: Object: 'Object Repository/Final Object Repo/Page_MyASSIST - ASSIST - Search Pending Case For Add Supporting Document/Search Reference No' is clicked on

2018-11-15 10:34:08 - [MESSAGE][PASSED] - Object: 'Object Repository/Final Object Repo/Page_MyASSIST - ASSIST - Search Pending Case For Add Supporting Document/Search Reference No' is clicked on

2018-11-15 10:34:08 - [TEST_STEP][PASSED] - delay: Delayed 2 second(s)

2018-11-15 10:34:10 - [MESSAGE][PASSED] - Delayed 2 second(s)

2018-11-15 10:34:10 - [TEST_STEP][PASSED] - click: Object: 'Object Repository/Final Object Repo/Page_MyASSIST - ASSIST - Search Pending Case For Add Supporting Document/Continue' is clicked on

2018-11-15 10:34:15 - [MESSAGE][PASSED] - Object: 'Object Repository/Final Object Repo/Page_MyASSIST - ASSIST - Search Pending Case For Add Supporting Document/Continue' is clicked on

2018-11-15 10:34:15 - [TEST_STEP][PASSED] - delay: Delayed 20 second(s)

2018-11-15 10:34:35 - [MESSAGE][PASSED] - Delayed 20 second(s)

2018-11-15 10:34:35 - [MESSAGE][PASSED] - Call Test Case 'Test Cases/Final Aug 2018 - PKS Automation/Registration Module/Workflow/Login and Search Case For Workflow' successfully

2018-11-15 10:34:35 - [TEST_STEP][PASSED] - click: Object: 'Object Repository/Final Object Repo/Page_Update Employer Information/Page_Update Employer Information UO (Approve)/Continue' is clicked on

2018-11-15 10:34:40 - [MESSAGE][PASSED] - Object: 'Object Repository/Final Object Repo/Page_Update Employer Information/Page_Update Employer Information UO (Approve)/Continue' is clicked on

2018-11-15 10:34:40 - [TEST_STEP][PASSED] - delay: Delayed 2 second(s)

2018-11-15 10:34:42 - [MESSAGE][PASSED] - Delayed 2 second(s)

2018-11-15 10:34:42 - [TEST_STEP][PASSED] - click: Object: 'Object Repository/Final Object Repo/Page_Update Employer Information/Page_Update Employer Information UO (Approve)/Save  Continue in Update Employer Information Page' is clicked on

2018-11-15 10:34:48 - [MESSAGE][PASSED] - Object: 'Object Repository/Final Object Repo/Page_Update Employer Information/Page_Update Employer Information UO (Approve)/Save  Continue in Update Employer Information Page' is clicked on

2018-11-15 10:34:48 - [TEST_STEP][PASSED] - delay: Delayed 2 second(s)

2018-11-15 10:34:50 - [MESSAGE][PASSED] - Delayed 2 second(s)

2018-11-15 10:34:50 - [TEST_STEP][PASSED] - click: Object: 'Object Repository/Final Object Repo/Page_Update Employer Information/Page_Update Employer Information UO (Approve)/Save  Continue in Uploading Supporting Document Page' is clicked on

2018-11-15 10:34:54 - [MESSAGE][PASSED] - Object: 'Object Repository/Final Object Repo/Page_Update Employer Information/Page_Update Employer Information UO (Approve)/Save  Continue in Uploading Supporting Document Page' is clicked on

2018-11-15 10:34:54 - [TEST_STEP][PASSED] - delay: Delayed 2 second(s)

2018-11-15 10:34:56 - [MESSAGE][PASSED] - Delayed 2 second(s)

2018-11-15 10:34:56 - [TEST_STEP][PASSED] - click: Object: 'Object Repository/Final Object Repo/Page_Update Employer Information/Page_Update Employer Information UO (Approve)/Approve' is clicked on

2018-11-15 10:34:56 - [MESSAGE][PASSED] - Object: 'Object Repository/Final Object Repo/Page_Update Employer Information/Page_Update Employer Information UO (Approve)/Approve' is clicked on

2018-11-15 10:34:56 - [TEST_STEP][PASSED] - delay: Delayed 2 second(s)

2018-11-15 10:34:58 - [MESSAGE][PASSED] - Delayed 2 second(s)

2018-11-15 10:34:58 - [TEST_STEP][PASSED] - click: Object: 'Object Repository/Final Object Repo/Page_Update Employer Information/Page_Update Employer Information UO (Approve)/Confirm' is clicked on

2018-11-15 10:35:03 - [MESSAGE][PASSED] - Object: 'Object Repository/Final Object Repo/Page_Update Employer Information/Page_Update Employer Information UO (Approve)/Confirm' is clicked on

2018-11-15 10:35:03 - [TEST_STEP][PASSED] - delay: Delayed 2 second(s)

2018-11-15 10:35:05 - [MESSAGE][PASSED] - Delayed 2 second(s)

2018-11-15 10:35:05 - [TEST_STEP][PASSED] - verifyElementVisible: Object 'Object Repository/Final Object Repo/Page_Update Employer Information/Page_Update Employer Information UO (Approve)/Message Your Request' is visible

2018-11-15 10:35:08 - [MESSAGE][PASSED] - Object 'Object Repository/Final Object Repo/Page_Update Employer Information/Page_Update Employer Information UO (Approve)/Message Your Request' is visible

2018-11-15 10:35:08 - [TEST_STEP][PASSED] - verifyElementVisible: Object 'Object Repository/Final Object Repo/Page_Update Employer Information/Page_Update Employer Information UO (Approve)/Letter of successful update' is visible

2018-11-15 10:35:08 - [MESSAGE][PASSED] - Object 'Object Repository/Final Object Repo/Page_Update Employer Information/Page_Update Employer Information UO (Approve)/Letter of successful update' is visible

2018-11-15 10:35:08 - [MESSAGE][PASSED] - Call Test Case 'Test Cases/Final Aug 2018 - PKS Automation/Registration Module/Workflow/Update Employer Information/Template/Update Employer Information - Special Case - UO (Query)' successfully]]></system-out>
         <system-err><![CDATA[]]></system-err>
      </testcase>
      <testcase name="Test Cases/Final Aug 2018 - PKS Automation/Registration Module/Workflow/Update Employer Information/OTC - UO (Reject)" classname="Test Cases/Final Aug 2018 - PKS Automation/Registration Module/Workflow/Update Employer Information/OTC - UO (Reject)" status="PASSED">
         <system-out><![CDATA[2018-11-15 10:35:08 - [TEST_CASE][PASSED] - Test Cases/Final Aug 2018 - PKS Automation/Registration Module/Workflow/Update Employer Information/OTC - UO (Reject): Test Cases/Final Aug 2018 - PKS Automation/Registration Module/Workflow/Update Employer Information/OTC - UO (Reject)

2018-11-15 10:35:08 - [TEST_STEP][PASSED] - callTestCase: Call Test Case 'Test Cases/Final Aug 2018 - PKS Automation/Registration Module/Workflow/Update Employer Information/Template/Update Employer Information - Special Case (OTC)' successfully

2018-11-15 10:35:08 - [TEST_CASE][PASSED] - Test Cases/Final Aug 2018 - PKS Automation/Registration Module/Workflow/Update Employer Information/Template/Update Employer Information - Special Case (OTC): Test Cases/Final Aug 2018 - PKS Automation/Registration Module/Workflow/Update Employer Information/Template/Update Employer Information - Special Case (OTC)

2018-11-15 10:35:08 - [TEST_STEP][PASSED] - openBrowser: Browser is opened with url: ''

2018-11-15 10:35:08 - [MESSAGE][WARNING] - A browser is already opened. Closing browser and opening a new one

2018-11-15 10:35:13 - [MESSAGE][PASSED] - Browser is opened with url: ''

2018-11-15 10:35:13 - [TEST_STEP][PASSED] - navigateToUrl: Navigate to 'https://assist2-uat.perkeso.gov.my/login' successfully

2018-11-15 10:35:15 - [MESSAGE][PASSED] - Navigate to 'https://assist2-uat.perkeso.gov.my/login' successfully

2018-11-15 10:35:15 - [TEST_STEP][PASSED] - setText: Text 'johorotc1@gmail.com' is set on object 'Object Repository/Final Object Repo/Login Page/Internal User/Email Address'

2018-11-15 10:35:15 - [MESSAGE][PASSED] - Text 'johorotc1@gmail.com' is set on object 'Object Repository/Final Object Repo/Login Page/Internal User/Email Address'

2018-11-15 10:35:15 - [TEST_STEP][PASSED] - click: Object: 'Object Repository/Final Object Repo/Login Page/Internal User/Next Button' is clicked on

2018-11-15 10:35:16 - [MESSAGE][PASSED] - Object: 'Object Repository/Final Object Repo/Login Page/Internal User/Next Button' is clicked on

2018-11-15 10:35:16 - [TEST_STEP][PASSED] - delay: Delayed 1 second(s)

2018-11-15 10:35:17 - [MESSAGE][PASSED] - Delayed 1 second(s)

2018-11-15 10:35:17 - [TEST_STEP][PASSED] - setEncryptedText: Text ****** has been set on object 'Object Repository/Final Object Repo/Login Page/Internal User/Password'

2018-11-15 10:35:17 - [MESSAGE][PASSED] - Text ****** has been set on object 'Object Repository/Final Object Repo/Login Page/Internal User/Password'

2018-11-15 10:35:17 - [TEST_STEP][PASSED] - click: Object: 'Object Repository/Final Object Repo/Login Page/Internal User/Login Button' is clicked on

2018-11-15 10:35:19 - [MESSAGE][PASSED] - Object: 'Object Repository/Final Object Repo/Login Page/Internal User/Login Button' is clicked on

2018-11-15 10:35:19 - [TEST_STEP][PASSED] - Statement - Try: Delayed 2 second(s)

2018-11-15 10:35:19 - [TEST_STEP][PASSED] - Statement - Checker = false: null

2018-11-15 10:35:19 - [TEST_STEP][PASSED] - Statement - Checker = com.kms.katalon.core.webui.keyword.WebUiBuiltInKeywords.verifyElementHasAttribute(com.kms.katalon.core.testobject.ObjectRepository.findTestObject(Final Object Repo/Landing Page/BM Detecting), "href", 20, OPTIONAL): Object 'Object Repository/Final Object Repo/Landing Page/BM Detecting' has attribute 'href'

2018-11-15 10:35:20 - [MESSAGE][PASSED] - Object 'Object Repository/Final Object Repo/Landing Page/BM Detecting' has attribute 'href'

2018-11-15 10:35:20 - [TEST_STEP][PASSED] - Statement - out.println(Checker): null

2018-11-15 10:35:20 - [TEST_STEP][PASSED] - Statement - If (Checker == false): null

2018-11-15 10:35:20 - [TEST_STEP][PASSED] - Statement - Else: null

2018-11-15 10:35:20 - [TEST_STEP][PASSED] - delay: Delayed 2 second(s)

2018-11-15 10:35:22 - [MESSAGE][PASSED] - Delayed 2 second(s)

2018-11-15 10:35:22 - [TEST_STEP][PASSED] - delay: Delayed 1 second(s)

2018-11-15 10:35:23 - [MESSAGE][PASSED] - Delayed 1 second(s)

2018-11-15 10:35:23 - [TEST_STEP][PASSED] - navigateToUrl: Navigate to 'https://assist2-uat.perkeso.gov.my/web/registration/update/update-employer-information' successfully

2018-11-15 10:35:24 - [MESSAGE][PASSED] - Navigate to 'https://assist2-uat.perkeso.gov.my/web/registration/update/update-employer-information' successfully

2018-11-15 10:35:24 - [TEST_STEP][PASSED] - setText: Text 'E1102001065V ' is set on object 'Object Repository/Final Object Repo/Page_Update Employer Information/Employer Code'

2018-11-15 10:35:24 - [MESSAGE][PASSED] - Text 'E1102001065V ' is set on object 'Object Repository/Final Object Repo/Page_Update Employer Information/Employer Code'

2018-11-15 10:35:24 - [TEST_STEP][PASSED] - click: Object: 'Object Repository/Final Object Repo/Page_Update Employer Information/Search Button' is clicked on

2018-11-15 10:35:25 - [MESSAGE][PASSED] - Object: 'Object Repository/Final Object Repo/Page_Update Employer Information/Search Button' is clicked on

2018-11-15 10:35:25 - [TEST_STEP][PASSED] - click: Object: 'Object Repository/Final Object Repo/Page_Update Employer Information/Edit Button' is clicked on

2018-11-15 10:35:28 - [MESSAGE][PASSED] - Object: 'Object Repository/Final Object Repo/Page_Update Employer Information/Edit Button' is clicked on

2018-11-15 10:35:28 - [TEST_STEP][PASSED] - click: Object: 'Object Repository/Final Object Repo/Page_Update Employer Information/Business Entity' is clicked on

2018-11-15 10:35:29 - [MESSAGE][PASSED] - Object: 'Object Repository/Final Object Repo/Page_Update Employer Information/Business Entity' is clicked on

2018-11-15 10:35:29 - [TEST_STEP][PASSED] - Statement - CurrentBusinessEntity = "": null

2018-11-15 10:35:29 - [TEST_STEP][PASSED] - Statement - CurrentBusinessEntity = com.kms.katalon.core.webui.keyword.WebUiBuiltInKeywords.getText(com.kms.katalon.core.testobject.ObjectRepository.findTestObject(Final Object Repo/Page_Update Employer Information/Current Business Entity)): Text of object 'Object Repository/Final Object Repo/Page_Update Employer Information/Current Business Entity' is: 'Sole Proprietor / Individual Business'

2018-11-15 10:35:29 - [MESSAGE][PASSED] - Text of object 'Object Repository/Final Object Repo/Page_Update Employer Information/Current Business Entity' is: 'Sole Proprietor / Individual Business'

2018-11-15 10:35:29 - [TEST_STEP][PASSED] - Statement - out.println(CurrentBusinessEntity): null

2018-11-15 10:35:29 - [TEST_STEP][PASSED] - Statement - If (CurrentBusinessEntity == "Corporation"): null

2018-11-15 10:35:29 - [TEST_STEP][PASSED] - Statement - Else If (CurrentBusinessEntity == "Partnership"): null

2018-11-15 10:35:29 - [TEST_STEP][PASSED] - Statement - Else If (CurrentBusinessEntity == "Sole Proprietor / Individual Business"): Delayed 3 second(s)

2018-11-15 10:35:29 - [TEST_STEP][PASSED] - Statement - obj = com.kms.katalon.core.webui.keyword.WebUiBuiltInKeywords.modifyObjectProperty(com.kms.katalon.core.testobject.ObjectRepository.findTestObject(Final Object Repo/Page_Update Employer Information/change to this Business Entity), "xpath", "equals", "//ul/li/span[contains(text(),"Others")]", true, STOP_ON_FAILURE): Modify property of object successfully

2018-11-15 10:35:29 - [MESSAGE][PASSED] - Modify property of object successfully

2018-11-15 10:35:29 - [TEST_STEP][PASSED] - click: Object: 'Object Repository/Final Object Repo/Page_Update Employer Information/change to this Business Entity' is clicked on

2018-11-15 10:35:30 - [MESSAGE][PASSED] - Object: 'Object Repository/Final Object Repo/Page_Update Employer Information/change to this Business Entity' is clicked on

2018-11-15 10:35:30 - [TEST_STEP][PASSED] - delay: Delayed 1 second(s)

2018-11-15 10:35:31 - [MESSAGE][PASSED] - Delayed 1 second(s)

2018-11-15 10:35:31 - [TEST_STEP][PASSED] - click: Object: 'Object Repository/Final Object Repo/Page_Update Employer Information/Sub Business Entity' is clicked on

2018-11-15 10:35:31 - [MESSAGE][PASSED] - Object: 'Object Repository/Final Object Repo/Page_Update Employer Information/Sub Business Entity' is clicked on

2018-11-15 10:35:31 - [TEST_STEP][PASSED] - click: Object: 'Object Repository/Final Object Repo/Page_Update Employer Information/Sub Business Entity List - Others - Federal Government Agency' is clicked on

2018-11-15 10:35:32 - [MESSAGE][PASSED] - Object: 'Object Repository/Final Object Repo/Page_Update Employer Information/Sub Business Entity List - Others - Federal Government Agency' is clicked on

2018-11-15 10:35:32 - [TEST_STEP][PASSED] - delay: Delayed 1 second(s)

2018-11-15 10:35:33 - [MESSAGE][PASSED] - Delayed 1 second(s)

2018-11-15 10:35:33 - [TEST_STEP][PASSED] - click: Object: 'Object Repository/Final Object Repo/Page_Update Employer Information/Sub Business Entity List' is clicked on

2018-11-15 10:35:33 - [MESSAGE][PASSED] - Object: 'Object Repository/Final Object Repo/Page_Update Employer Information/Sub Business Entity List' is clicked on

2018-11-15 10:35:33 - [TEST_STEP][PASSED] - click: Object: 'Object Repository/Final Object Repo/Page_Update Employer Information/Sub Business Entity - Others - Federal Government Agency - Kementerian' is clicked on

2018-11-15 10:35:34 - [MESSAGE][PASSED] - Object: 'Object Repository/Final Object Repo/Page_Update Employer Information/Sub Business Entity - Others - Federal Government Agency - Kementerian' is clicked on

2018-11-15 10:35:34 - [TEST_STEP][PASSED] - delay: Delayed 3 second(s)

2018-11-15 10:35:37 - [MESSAGE][PASSED] - Delayed 3 second(s)

2018-11-15 10:35:37 - [TEST_STEP][PASSED] - delay: Delayed 4 second(s)

2018-11-15 10:35:41 - [MESSAGE][PASSED] - Delayed 4 second(s)

2018-11-15 10:35:41 - [TEST_STEP][PASSED] - click: Object: 'Object Repository/Final Object Repo/Page_Update Employer Information/Save  Continue' is clicked on

2018-11-15 10:35:46 - [MESSAGE][PASSED] - Object: 'Object Repository/Final Object Repo/Page_Update Employer Information/Save  Continue' is clicked on

2018-11-15 10:35:46 - [TEST_STEP][PASSED] - delay: Delayed 4 second(s)

2018-11-15 10:35:50 - [MESSAGE][PASSED] - Delayed 4 second(s)

2018-11-15 10:35:50 - [TEST_STEP][PASSED] - click: Object: 'Object Repository/Final Object Repo/Page_Update Employer Information/Save  Continue (1)' is clicked on

2018-11-15 10:35:54 - [MESSAGE][PASSED] - Object: 'Object Repository/Final Object Repo/Page_Update Employer Information/Save  Continue (1)' is clicked on

2018-11-15 10:35:54 - [TEST_STEP][PASSED] - Statement - CaseReferenceNo = com.kms.katalon.core.webui.keyword.WebUiBuiltInKeywords.getText(com.kms.katalon.core.testobject.ObjectRepository.findTestObject(Final Object Repo/Page_Update Employer Information/Reference Number in Update Employee Information Page)): Text of object 'Object Repository/Final Object Repo/Page_Update Employer Information/Reference Number in Update Employee Information Page' is: 'CUN112018C100005442'

2018-11-15 10:35:54 - [MESSAGE][PASSED] - Text of object 'Object Repository/Final Object Repo/Page_Update Employer Information/Reference Number in Update Employee Information Page' is: 'CUN112018C100005442'

2018-11-15 10:35:54 - [TEST_STEP][PASSED] - callTestCase: Call Test Case 'Test Cases/Final Aug 2018 - PKS Automation/Common/Reference Number Setter' successfully

2018-11-15 10:35:54 - [TEST_CASE][PASSED] - Test Cases/Final Aug 2018 - PKS Automation/Common/Reference Number Setter: Test Cases/Final Aug 2018 - PKS Automation/Common/Reference Number Setter

2018-11-15 10:35:54 - [TEST_STEP][PASSED] - Statement - RefNoOldFile = new java.io.File(C://KatalonReference.txt): null

2018-11-15 10:35:54 - [TEST_STEP][PASSED] - Statement - RefNoOldFile.delete(): null

2018-11-15 10:35:54 - [TEST_STEP][PASSED] - delay: Delayed 5 second(s)

2018-11-15 10:35:59 - [MESSAGE][PASSED] - Delayed 5 second(s)

2018-11-15 10:35:59 - [TEST_STEP][PASSED] - Statement - RefNo = new java.io.File(C://KatalonReference.txt): null

2018-11-15 10:35:59 - [TEST_STEP][PASSED] - Statement - f2 = new java.io.FileWriter(RefNo, false): null

2018-11-15 10:35:59 - [TEST_STEP][PASSED] - Statement - f2.write(CaseReferenceNo): null

2018-11-15 10:35:59 - [TEST_STEP][PASSED] - Statement - f2.close(): null

2018-11-15 10:35:59 - [TEST_STEP][PASSED] - Statement - out.println("


" + CaseReferenceNo + "


"): null

2018-11-15 10:35:59 - [MESSAGE][PASSED] - Call Test Case 'Test Cases/Final Aug 2018 - PKS Automation/Common/Reference Number Setter' successfully

2018-11-15 10:35:59 - [TEST_STEP][PASSED] - delay: Delayed 4 second(s)

2018-11-15 10:36:03 - [MESSAGE][PASSED] - Delayed 4 second(s)

2018-11-15 10:36:03 - [TEST_STEP][PASSED] - click: Object: 'Object Repository/Final Object Repo/Page_Update Employer Information/Submit - Copy' is clicked on

2018-11-15 10:36:03 - [MESSAGE][PASSED] - Object: 'Object Repository/Final Object Repo/Page_Update Employer Information/Submit - Copy' is clicked on

2018-11-15 10:36:03 - [TEST_STEP][PASSED] - delay: Delayed 2 second(s)

2018-11-15 10:36:05 - [MESSAGE][PASSED] - Delayed 2 second(s)

2018-11-15 10:36:05 - [TEST_STEP][PASSED] - click: Object: 'Object Repository/Final Object Repo/Page_Update Employer Information/Confirm' is clicked on

2018-11-15 10:36:09 - [MESSAGE][PASSED] - Object: 'Object Repository/Final Object Repo/Page_Update Employer Information/Confirm' is clicked on

2018-11-15 10:36:09 - [TEST_STEP][PASSED] - delay: Delayed 2 second(s)

2018-11-15 10:36:11 - [MESSAGE][PASSED] - Delayed 2 second(s)

2018-11-15 10:36:11 - [TEST_STEP][PASSED] - click: Object: 'Object Repository/Final Object Repo/Page_Update Employer Information/Message Your Request will be route' is clicked on

2018-11-15 10:36:12 - [MESSAGE][PASSED] - Object: 'Object Repository/Final Object Repo/Page_Update Employer Information/Message Your Request will be route' is clicked on

2018-11-15 10:36:12 - [MESSAGE][PASSED] - Call Test Case 'Test Cases/Final Aug 2018 - PKS Automation/Registration Module/Workflow/Update Employer Information/Template/Update Employer Information - Special Case (OTC)' successfully

2018-11-15 10:36:12 - [TEST_STEP][PASSED] - callTestCase: Call Test Case 'Test Cases/Final Aug 2018 - PKS Automation/Registration Module/Workflow/Update Employer Information/Template/Update Employer Information - Special Case - UO (Reject)' successfully

2018-11-15 10:36:12 - [TEST_CASE][PASSED] - Test Cases/Final Aug 2018 - PKS Automation/Registration Module/Workflow/Update Employer Information/Template/Update Employer Information - Special Case - UO (Reject): Test Cases/Final Aug 2018 - PKS Automation/Registration Module/Workflow/Update Employer Information/Template/Update Employer Information - Special Case - UO (Reject)

2018-11-15 10:36:12 - [TEST_STEP][NOT_RUN] - callTestCase: NOT_RUN: callTestCase

2018-11-15 10:36:12 - [MESSAGE][NOT_RUN] - NOT_RUN: callTestCase

2018-11-15 10:36:12 - [TEST_STEP][PASSED] - delay: Delayed 1 second(s)

2018-11-15 10:36:13 - [MESSAGE][PASSED] - Delayed 1 second(s)

2018-11-15 10:36:13 - [TEST_STEP][PASSED] - navigateToUrl: Navigate to 'https://assist2-uat.perkeso.gov.my/c/portal/logout' successfully

2018-11-15 10:36:14 - [MESSAGE][PASSED] - Navigate to 'https://assist2-uat.perkeso.gov.my/c/portal/logout' successfully

2018-11-15 10:36:14 - [TEST_STEP][PASSED] - delay: Delayed 1 second(s)

2018-11-15 10:36:15 - [MESSAGE][PASSED] - Delayed 1 second(s)

2018-11-15 10:36:15 - [TEST_STEP][PASSED] - callTestCase: Call Test Case 'Test Cases/Final Aug 2018 - PKS Automation/Common/Reference Number Getter' successfully

2018-11-15 10:36:15 - [TEST_CASE][PASSED] - Test Cases/Final Aug 2018 - PKS Automation/Common/Reference Number Getter: Test Cases/Final Aug 2018 - PKS Automation/Common/Reference Number Getter

2018-11-15 10:36:15 - [TEST_STEP][PASSED] - Statement - Try: null

2018-11-15 10:36:15 - [TEST_STEP][PASSED] - Statement - RefNo = new java.io.File(C://KatalonReference.txt): null

2018-11-15 10:36:15 - [TEST_STEP][PASSED] - Statement - bufferread = new java.io.BufferedReader(new java.io.FileReader(RefNo)): null

2018-11-15 10:36:15 - [TEST_STEP][PASSED] - Statement - readedVal = bufferread.readLine(): null

2018-11-15 10:36:15 - [TEST_STEP][PASSED] - Statement - out.println(CaseReferenceNo): null

2018-11-15 10:36:15 - [TEST_STEP][PASSED] - Statement - out.println(readedVal): null

2018-11-15 10:36:15 - [TEST_STEP][PASSED] - Statement - CaseReferenceNo = "": null

2018-11-15 10:36:15 - [TEST_STEP][PASSED] - Statement - CaseReferenceNo = readedVal: null

2018-11-15 10:36:15 - [MESSAGE][PASSED] - Call Test Case 'Test Cases/Final Aug 2018 - PKS Automation/Common/Reference Number Getter' successfully

2018-11-15 10:36:15 - [TEST_STEP][PASSED] - callTestCase: Call Test Case 'Test Cases/Final Aug 2018 - PKS Automation/Common/Workflow Owner Finder' successfully

2018-11-15 10:36:15 - [TEST_CASE][PASSED] - Test Cases/Final Aug 2018 - PKS Automation/Common/Workflow Owner Finder: Test Cases/Final Aug 2018 - PKS Automation/Common/Workflow Owner Finder

2018-11-15 10:36:15 - [TEST_STEP][PASSED] - openBrowser: Browser is opened with url: ''

2018-11-15 10:36:15 - [MESSAGE][WARNING] - A browser is already opened. Closing browser and opening a new one

2018-11-15 10:36:20 - [MESSAGE][PASSED] - Browser is opened with url: ''

2018-11-15 10:36:20 - [TEST_STEP][PASSED] - navigateToUrl: Navigate to 'https://assist2-uat.perkeso.gov.my/login' successfully

2018-11-15 10:36:22 - [MESSAGE][PASSED] - Navigate to 'https://assist2-uat.perkeso.gov.my/login' successfully

2018-11-15 10:36:22 - [TEST_STEP][PASSED] - delay: Delayed 5 second(s)

2018-11-15 10:36:27 - [MESSAGE][PASSED] - Delayed 5 second(s)

2018-11-15 10:36:27 - [TEST_STEP][PASSED] - setText: Text 'test@liferay.com' is set on object 'Object Repository/Final Object Repo/Login Page/Internal User/Email Address'

2018-11-15 10:36:27 - [MESSAGE][PASSED] - Text 'test@liferay.com' is set on object 'Object Repository/Final Object Repo/Login Page/Internal User/Email Address'

2018-11-15 10:36:27 - [TEST_STEP][PASSED] - click: Object: 'Object Repository/Final Object Repo/Login Page/Internal User/Next Button' is clicked on

2018-11-15 10:36:27 - [MESSAGE][PASSED] - Object: 'Object Repository/Final Object Repo/Login Page/Internal User/Next Button' is clicked on

2018-11-15 10:36:27 - [TEST_STEP][PASSED] - delay: Delayed 2 second(s)

2018-11-15 10:36:29 - [MESSAGE][PASSED] - Delayed 2 second(s)

2018-11-15 10:36:29 - [TEST_STEP][PASSED] - setText: Text 'test' is set on object 'Object Repository/Final Object Repo/Login Page/Internal User/Password'

2018-11-15 10:36:30 - [MESSAGE][PASSED] - Text 'test' is set on object 'Object Repository/Final Object Repo/Login Page/Internal User/Password'

2018-11-15 10:36:30 - [TEST_STEP][PASSED] - delay: Delayed 2 second(s)

2018-11-15 10:36:32 - [MESSAGE][PASSED] - Delayed 2 second(s)

2018-11-15 10:36:32 - [TEST_STEP][PASSED] - click: Object: 'Object Repository/Final Object Repo/Login Page/Internal User/Login Button' is clicked on

2018-11-15 10:36:35 - [MESSAGE][PASSED] - Object: 'Object Repository/Final Object Repo/Login Page/Internal User/Login Button' is clicked on

2018-11-15 10:36:35 - [TEST_STEP][PASSED] - Statement - Try: Delayed 2 second(s)

2018-11-15 10:36:35 - [TEST_STEP][PASSED] - Statement - Checker = false: null

2018-11-15 10:36:35 - [TEST_STEP][PASSED] - Statement - Checker = com.kms.katalon.core.webui.keyword.WebUiBuiltInKeywords.verifyElementHasAttribute(com.kms.katalon.core.testobject.ObjectRepository.findTestObject(Final Object Repo/Landing Page/BM Detecting), "href", 20, OPTIONAL): Object 'Object Repository/Final Object Repo/Landing Page/BM Detecting' has attribute 'href'

2018-11-15 10:36:35 - [MESSAGE][PASSED] - Object 'Object Repository/Final Object Repo/Landing Page/BM Detecting' has attribute 'href'

2018-11-15 10:36:35 - [TEST_STEP][PASSED] - Statement - out.println(Checker): null

2018-11-15 10:36:35 - [TEST_STEP][PASSED] - Statement - If (Checker == false): null

2018-11-15 10:36:35 - [TEST_STEP][PASSED] - Statement - Else: null

2018-11-15 10:36:35 - [TEST_STEP][PASSED] - delay: Delayed 2 second(s)

2018-11-15 10:36:37 - [MESSAGE][PASSED] - Delayed 2 second(s)

2018-11-15 10:36:37 - [TEST_STEP][PASSED] - delay: Delayed 3 second(s)

2018-11-15 10:36:40 - [MESSAGE][PASSED] - Delayed 3 second(s)

2018-11-15 10:36:40 - [TEST_STEP][PASSED] - mouseOver: Object: 'Object Repository/Final Object Repo/Landing Page/WorkFlow Menu' is hovered

2018-11-15 10:36:40 - [MESSAGE][PASSED] - Object: 'Object Repository/Final Object Repo/Landing Page/WorkFlow Menu' is hovered

2018-11-15 10:36:40 - [TEST_STEP][PASSED] - delay: Delayed 2 second(s)

2018-11-15 10:36:42 - [MESSAGE][PASSED] - Delayed 2 second(s)

2018-11-15 10:36:42 - [TEST_STEP][PASSED] - click: Object: 'Object Repository/Final Object Repo/Landing Page/Select to Workflow Listing' is clicked on

2018-11-15 10:36:43 - [MESSAGE][PASSED] - Object: 'Object Repository/Final Object Repo/Landing Page/Select to Workflow Listing' is clicked on

2018-11-15 10:36:43 - [TEST_STEP][PASSED] - delay: Delayed 2 second(s)

2018-11-15 10:36:45 - [MESSAGE][PASSED] - Delayed 2 second(s)

2018-11-15 10:36:45 - [TEST_STEP][PASSED] - click: Object: 'Object Repository/Final Object Repo/WorkFlow Listing Page/Search Information - To Put Ref No' is clicked on

2018-11-15 10:36:45 - [MESSAGE][PASSED] - Object: 'Object Repository/Final Object Repo/WorkFlow Listing Page/Search Information - To Put Ref No' is clicked on

2018-11-15 10:36:45 - [TEST_STEP][PASSED] - delay: Delayed 2 second(s)

2018-11-15 10:36:47 - [MESSAGE][PASSED] - Delayed 2 second(s)

2018-11-15 10:36:47 - [TEST_STEP][PASSED] - callTestCase: Call Test Case 'Test Cases/Final Aug 2018 - PKS Automation/Common/Reference Number Getter' successfully

2018-11-15 10:36:47 - [TEST_CASE][PASSED] - Test Cases/Final Aug 2018 - PKS Automation/Common/Reference Number Getter: Test Cases/Final Aug 2018 - PKS Automation/Common/Reference Number Getter

2018-11-15 10:36:47 - [TEST_STEP][PASSED] - Statement - Try: null

2018-11-15 10:36:47 - [TEST_STEP][PASSED] - Statement - RefNo = new java.io.File(C://KatalonReference.txt): null

2018-11-15 10:36:47 - [TEST_STEP][PASSED] - Statement - bufferread = new java.io.BufferedReader(new java.io.FileReader(RefNo)): null

2018-11-15 10:36:47 - [TEST_STEP][PASSED] - Statement - readedVal = bufferread.readLine(): null

2018-11-15 10:36:47 - [TEST_STEP][PASSED] - Statement - out.println(CaseReferenceNo): null

2018-11-15 10:36:47 - [TEST_STEP][PASSED] - Statement - out.println(readedVal): null

2018-11-15 10:36:47 - [TEST_STEP][PASSED] - Statement - CaseReferenceNo = "": null

2018-11-15 10:36:47 - [TEST_STEP][PASSED] - Statement - CaseReferenceNo = readedVal: null

2018-11-15 10:36:47 - [MESSAGE][PASSED] - Call Test Case 'Test Cases/Final Aug 2018 - PKS Automation/Common/Reference Number Getter' successfully

2018-11-15 10:36:47 - [TEST_STEP][PASSED] - setText: Text 'CUN112018C100005442' is set on object 'Object Repository/Final Object Repo/WorkFlow Listing Page/Ref No Set Text'

2018-11-15 10:36:48 - [MESSAGE][PASSED] - Text 'CUN112018C100005442' is set on object 'Object Repository/Final Object Repo/WorkFlow Listing Page/Ref No Set Text'

2018-11-15 10:36:48 - [TEST_STEP][PASSED] - delay: Delayed 2 second(s)

2018-11-15 10:36:50 - [MESSAGE][PASSED] - Delayed 2 second(s)

2018-11-15 10:36:50 - [TEST_STEP][PASSED] - click: Object: 'Object Repository/Final Object Repo/WorkFlow Listing Page/Search Ref No Search Button' is clicked on

2018-11-15 10:36:51 - [MESSAGE][PASSED] - Object: 'Object Repository/Final Object Repo/WorkFlow Listing Page/Search Ref No Search Button' is clicked on

2018-11-15 10:36:51 - [TEST_STEP][PASSED] - delay: Delayed 4 second(s)

2018-11-15 10:36:55 - [MESSAGE][PASSED] - Delayed 4 second(s)

2018-11-15 10:36:55 - [TEST_STEP][PASSED] - click: Object: 'Object Repository/Final Object Repo/WorkFlow Listing Page/Click Continue Tooltip' is clicked on

2018-11-15 10:36:57 - [MESSAGE][PASSED] - Object: 'Object Repository/Final Object Repo/WorkFlow Listing Page/Click Continue Tooltip' is clicked on

2018-11-15 10:36:57 - [TEST_STEP][PASSED] - delay: Delayed 5 second(s)

2018-11-15 10:37:02 - [MESSAGE][PASSED] - Delayed 5 second(s)

2018-11-15 10:37:02 - [TEST_STEP][PASSED] - doubleClick: Object: 'Object Repository/Final Object Repo/WorkFlow Listing Page/Workflow Found - Listing 1' is double clicked on

2018-11-15 10:37:02 - [MESSAGE][PASSED] - Object: 'Object Repository/Final Object Repo/WorkFlow Listing Page/Workflow Found - Listing 1' is double clicked on

2018-11-15 10:37:02 - [TEST_STEP][PASSED] - Statement - println(OwnerID): null

2018-11-15 10:37:02 - [TEST_STEP][PASSED] - Statement - OwnerID = com.kms.katalon.core.webui.keyword.WebUiBuiltInKeywords.getText(com.kms.katalon.core.testobject.ObjectRepository.findTestObject(Final Object Repo/WorkFlow Listing Page/Workflow Found - Listing 1), STOP_ON_FAILURE): Text of object 'Object Repository/Final Object Repo/WorkFlow Listing Page/Workflow Found - Listing 1' is: 'JOHORuo2'

2018-11-15 10:37:02 - [MESSAGE][PASSED] - Text of object 'Object Repository/Final Object Repo/WorkFlow Listing Page/Workflow Found - Listing 1' is: 'JOHORuo2'

2018-11-15 10:37:02 - [TEST_STEP][PASSED] - Statement - OwnerID = OwnerID.toLowerCase() + "@gmail.com": null

2018-11-15 10:37:02 - [TEST_STEP][PASSED] - Statement - println(OwnerID): null

2018-11-15 10:37:02 - [TEST_STEP][PASSED] - delay: Delayed 2 second(s)

2018-11-15 10:37:04 - [MESSAGE][PASSED] - Delayed 2 second(s)

2018-11-15 10:37:04 - [MESSAGE][PASSED] - Call Test Case 'Test Cases/Final Aug 2018 - PKS Automation/Common/Workflow Owner Finder' successfully

2018-11-15 10:37:04 - [TEST_STEP][PASSED] - delay: Delayed 1 second(s)

2018-11-15 10:37:05 - [MESSAGE][PASSED] - Delayed 1 second(s)

2018-11-15 10:37:05 - [TEST_STEP][PASSED] - navigateToUrl: Navigate to 'https://assist2-uat.perkeso.gov.my/c/portal/logout' successfully

2018-11-15 10:37:06 - [MESSAGE][PASSED] - Navigate to 'https://assist2-uat.perkeso.gov.my/c/portal/logout' successfully

2018-11-15 10:37:06 - [TEST_STEP][PASSED] - delay: Delayed 1 second(s)

2018-11-15 10:37:07 - [MESSAGE][PASSED] - Delayed 1 second(s)

2018-11-15 10:37:07 - [TEST_STEP][PASSED] - callTestCase: Call Test Case 'Test Cases/Final Aug 2018 - PKS Automation/Registration Module/Workflow/Login and Search Case For Workflow' successfully

2018-11-15 10:37:07 - [TEST_CASE][PASSED] - Test Cases/Final Aug 2018 - PKS Automation/Registration Module/Workflow/Login and Search Case For Workflow: Test Cases/Final Aug 2018 - PKS Automation/Registration Module/Workflow/Login and Search Case For Workflow

2018-11-15 10:37:07 - [TEST_STEP][PASSED] - navigateToUrl: Navigate to 'https://assist2-uat.perkeso.gov.my/login' successfully

2018-11-15 10:37:08 - [MESSAGE][PASSED] - Navigate to 'https://assist2-uat.perkeso.gov.my/login' successfully

2018-11-15 10:37:08 - [TEST_STEP][PASSED] - setText: Text 'johoruo2@gmail.com' is set on object 'Object Repository/Final Object Repo/Login Page/Internal User/Email Address'

2018-11-15 10:37:08 - [MESSAGE][PASSED] - Text 'johoruo2@gmail.com' is set on object 'Object Repository/Final Object Repo/Login Page/Internal User/Email Address'

2018-11-15 10:37:08 - [TEST_STEP][PASSED] - click: Object: 'Object Repository/Final Object Repo/Login Page/Internal User/Next Button' is clicked on

2018-11-15 10:37:08 - [MESSAGE][PASSED] - Object: 'Object Repository/Final Object Repo/Login Page/Internal User/Next Button' is clicked on

2018-11-15 10:37:08 - [TEST_STEP][PASSED] - delay: Delayed 1 second(s)

2018-11-15 10:37:09 - [MESSAGE][PASSED] - Delayed 1 second(s)

2018-11-15 10:37:09 - [TEST_STEP][PASSED] - setEncryptedText: Text ****** has been set on object 'Object Repository/Final Object Repo/Login Page/Internal User/Password'

2018-11-15 10:37:09 - [MESSAGE][PASSED] - Text ****** has been set on object 'Object Repository/Final Object Repo/Login Page/Internal User/Password'

2018-11-15 10:37:09 - [TEST_STEP][PASSED] - click: Object: 'Object Repository/Final Object Repo/Login Page/Internal User/Login Button' is clicked on

2018-11-15 10:37:12 - [MESSAGE][PASSED] - Object: 'Object Repository/Final Object Repo/Login Page/Internal User/Login Button' is clicked on

2018-11-15 10:37:12 - [TEST_STEP][PASSED] - delay: Delayed 2 second(s)

2018-11-15 10:37:14 - [MESSAGE][PASSED] - Delayed 2 second(s)

2018-11-15 10:37:14 - [TEST_STEP][PASSED] - Statement - Try: Delayed 2 second(s)

2018-11-15 10:37:14 - [TEST_STEP][PASSED] - Statement - Checker = false: null

2018-11-15 10:37:14 - [TEST_STEP][PASSED] - Statement - Checker = com.kms.katalon.core.webui.keyword.WebUiBuiltInKeywords.verifyElementHasAttribute(com.kms.katalon.core.testobject.ObjectRepository.findTestObject(Final Object Repo/Landing Page/BM Detecting), "href", 20, OPTIONAL): Object 'Object Repository/Final Object Repo/Landing Page/BM Detecting' has attribute 'href'

2018-11-15 10:37:14 - [MESSAGE][PASSED] - Object 'Object Repository/Final Object Repo/Landing Page/BM Detecting' has attribute 'href'

2018-11-15 10:37:14 - [TEST_STEP][PASSED] - Statement - out.println(Checker): null

2018-11-15 10:37:14 - [TEST_STEP][PASSED] - Statement - If (Checker == false): null

2018-11-15 10:37:14 - [TEST_STEP][PASSED] - Statement - Else: null

2018-11-15 10:37:14 - [TEST_STEP][PASSED] - delay: Delayed 2 second(s)

2018-11-15 10:37:16 - [MESSAGE][PASSED] - Delayed 2 second(s)

2018-11-15 10:37:16 - [TEST_STEP][PASSED] - click: Object: 'Object Repository/Final Object Repo/Page_MyASSIST - ASSIST - Search Pending Case For Add Supporting Document/Search Information' is clicked on

2018-11-15 10:37:16 - [MESSAGE][PASSED] - Object: 'Object Repository/Final Object Repo/Page_MyASSIST - ASSIST - Search Pending Case For Add Supporting Document/Search Information' is clicked on

2018-11-15 10:37:16 - [TEST_STEP][PASSED] - delay: Delayed 3 second(s)

2018-11-15 10:37:19 - [MESSAGE][PASSED] - Delayed 3 second(s)

2018-11-15 10:37:19 - [TEST_STEP][PASSED] - sendKeys: Keys 'CUN112018C100005442' sent to object: 'Object Repository/Final Object Repo/Page_MyASSIST - ASSIST - Search Pending Case For Add Supporting Document/Reference No'

2018-11-15 10:37:19 - [MESSAGE][PASSED] - Keys 'CUN112018C100005442' sent to object: 'Object Repository/Final Object Repo/Page_MyASSIST - ASSIST - Search Pending Case For Add Supporting Document/Reference No'

2018-11-15 10:37:19 - [TEST_STEP][PASSED] - click: Object: 'Object Repository/Final Object Repo/Page_MyASSIST - ASSIST - Search Pending Case For Add Supporting Document/Search Reference No' is clicked on

2018-11-15 10:37:21 - [MESSAGE][PASSED] - Object: 'Object Repository/Final Object Repo/Page_MyASSIST - ASSIST - Search Pending Case For Add Supporting Document/Search Reference No' is clicked on

2018-11-15 10:37:21 - [TEST_STEP][PASSED] - delay: Delayed 2 second(s)

2018-11-15 10:37:23 - [MESSAGE][PASSED] - Delayed 2 second(s)

2018-11-15 10:37:23 - [TEST_STEP][PASSED] - click: Object: 'Object Repository/Final Object Repo/Page_MyASSIST - ASSIST - Search Pending Case For Add Supporting Document/Continue' is clicked on

2018-11-15 10:37:27 - [MESSAGE][PASSED] - Object: 'Object Repository/Final Object Repo/Page_MyASSIST - ASSIST - Search Pending Case For Add Supporting Document/Continue' is clicked on

2018-11-15 10:37:27 - [TEST_STEP][PASSED] - delay: Delayed 20 second(s)

2018-11-15 10:37:47 - [MESSAGE][PASSED] - Delayed 20 second(s)

2018-11-15 10:37:47 - [MESSAGE][PASSED] - Call Test Case 'Test Cases/Final Aug 2018 - PKS Automation/Registration Module/Workflow/Login and Search Case For Workflow' successfully

2018-11-15 10:37:47 - [TEST_STEP][PASSED] - delay: Delayed 2 second(s)

2018-11-15 10:37:49 - [MESSAGE][PASSED] - Delayed 2 second(s)

2018-11-15 10:37:49 - [TEST_STEP][PASSED] - click: Object: 'Object Repository/Final Object Repo/Page_Update Employer Information/Page_Update Employer Information UO (Approve)/Continue' is clicked on

2018-11-15 10:37:54 - [MESSAGE][PASSED] - Object: 'Object Repository/Final Object Repo/Page_Update Employer Information/Page_Update Employer Information UO (Approve)/Continue' is clicked on

2018-11-15 10:37:54 - [TEST_STEP][PASSED] - delay: Delayed 2 second(s)

2018-11-15 10:37:56 - [MESSAGE][PASSED] - Delayed 2 second(s)

2018-11-15 10:37:56 - [TEST_STEP][PASSED] - click: Object: 'Object Repository/Final Object Repo/Page_Update Employer Information/Page_Update Employer Information UO (Approve)/Save  Continue in Update Employer Information Page' is clicked on

2018-11-15 10:38:02 - [MESSAGE][PASSED] - Object: 'Object Repository/Final Object Repo/Page_Update Employer Information/Page_Update Employer Information UO (Approve)/Save  Continue in Update Employer Information Page' is clicked on

2018-11-15 10:38:02 - [TEST_STEP][PASSED] - delay: Delayed 2 second(s)

2018-11-15 10:38:04 - [MESSAGE][PASSED] - Delayed 2 second(s)

2018-11-15 10:38:04 - [TEST_STEP][PASSED] - click: Object: 'Object Repository/Final Object Repo/Page_Update Employer Information/Page_Update Employer Information UO (Approve)/Save  Continue in Uploading Supporting Document Page' is clicked on

2018-11-15 10:38:08 - [MESSAGE][PASSED] - Object: 'Object Repository/Final Object Repo/Page_Update Employer Information/Page_Update Employer Information UO (Approve)/Save  Continue in Uploading Supporting Document Page' is clicked on

2018-11-15 10:38:08 - [TEST_STEP][PASSED] - delay: Delayed 2 second(s)

2018-11-15 10:38:10 - [MESSAGE][PASSED] - Delayed 2 second(s)

2018-11-15 10:38:10 - [TEST_STEP][PASSED] - click: Object: 'Object Repository/Final Object Repo/Page_Update Employer Information/Page_Update Employer Information UO (Reject)/Reject' is clicked on

2018-11-15 10:38:11 - [MESSAGE][PASSED] - Object: 'Object Repository/Final Object Repo/Page_Update Employer Information/Page_Update Employer Information UO (Reject)/Reject' is clicked on

2018-11-15 10:38:11 - [TEST_STEP][PASSED] - delay: Delayed 2 second(s)

2018-11-15 10:38:13 - [MESSAGE][PASSED] - Delayed 2 second(s)

2018-11-15 10:38:13 - [TEST_STEP][PASSED] - click: Object: 'Object Repository/Final Object Repo/Page_Update Employer Information/Page_Update Employer Information UO (Reject)/Confirm' is clicked on

2018-11-15 10:38:13 - [MESSAGE][PASSED] - Object: 'Object Repository/Final Object Repo/Page_Update Employer Information/Page_Update Employer Information UO (Reject)/Confirm' is clicked on

2018-11-15 10:38:13 - [TEST_STEP][PASSED] - delay: Delayed 2 second(s)

2018-11-15 10:38:15 - [MESSAGE][PASSED] - Delayed 2 second(s)

2018-11-15 10:38:15 - [TEST_STEP][PASSED] - click: Object: 'Object Repository/Final Object Repo/Page_Update Employer Information/Page_Update Employer Information UO (Reject)/Message This Case has been Rejected' is clicked on

2018-11-15 10:38:17 - [MESSAGE][PASSED] - Object: 'Object Repository/Final Object Repo/Page_Update Employer Information/Page_Update Employer Information UO (Reject)/Message This Case has been Rejected' is clicked on

2018-11-15 10:38:17 - [MESSAGE][PASSED] - Call Test Case 'Test Cases/Final Aug 2018 - PKS Automation/Registration Module/Workflow/Update Employer Information/Template/Update Employer Information - Special Case - UO (Reject)' successfully]]></system-out>
         <system-err><![CDATA[]]></system-err>
      </testcase>
      <testcase name="Test Cases/Final Aug 2018 - PKS Automation/Registration Module/Workflow/Update Employer Information/OTC - UO (Under enforcement)" classname="Test Cases/Final Aug 2018 - PKS Automation/Registration Module/Workflow/Update Employer Information/OTC - UO (Under enforcement)" status="PASSED">
         <system-out><![CDATA[2018-11-15 10:38:17 - [TEST_CASE][PASSED] - Test Cases/Final Aug 2018 - PKS Automation/Registration Module/Workflow/Update Employer Information/OTC - UO (Under enforcement): Test Cases/Final Aug 2018 - PKS Automation/Registration Module/Workflow/Update Employer Information/OTC - UO (Under enforcement)

2018-11-15 10:38:17 - [TEST_STEP][PASSED] - callTestCase: Call Test Case 'Test Cases/Final Aug 2018 - PKS Automation/Registration Module/Workflow/Update Employer Information/Template/Update Employer Information - Special Case (OTC)' successfully

2018-11-15 10:38:17 - [TEST_CASE][PASSED] - Test Cases/Final Aug 2018 - PKS Automation/Registration Module/Workflow/Update Employer Information/Template/Update Employer Information - Special Case (OTC): Test Cases/Final Aug 2018 - PKS Automation/Registration Module/Workflow/Update Employer Information/Template/Update Employer Information - Special Case (OTC)

2018-11-15 10:38:17 - [TEST_STEP][PASSED] - openBrowser: Browser is opened with url: ''

2018-11-15 10:38:17 - [MESSAGE][WARNING] - A browser is already opened. Closing browser and opening a new one

2018-11-15 10:38:22 - [MESSAGE][PASSED] - Browser is opened with url: ''

2018-11-15 10:38:22 - [TEST_STEP][PASSED] - navigateToUrl: Navigate to 'https://assist2-uat.perkeso.gov.my/login' successfully

2018-11-15 10:38:24 - [MESSAGE][PASSED] - Navigate to 'https://assist2-uat.perkeso.gov.my/login' successfully

2018-11-15 10:38:24 - [TEST_STEP][PASSED] - setText: Text 'johorotc1@gmail.com' is set on object 'Object Repository/Final Object Repo/Login Page/Internal User/Email Address'

2018-11-15 10:38:24 - [MESSAGE][PASSED] - Text 'johorotc1@gmail.com' is set on object 'Object Repository/Final Object Repo/Login Page/Internal User/Email Address'

2018-11-15 10:38:24 - [TEST_STEP][PASSED] - click: Object: 'Object Repository/Final Object Repo/Login Page/Internal User/Next Button' is clicked on

2018-11-15 10:38:25 - [MESSAGE][PASSED] - Object: 'Object Repository/Final Object Repo/Login Page/Internal User/Next Button' is clicked on

2018-11-15 10:38:25 - [TEST_STEP][PASSED] - delay: Delayed 1 second(s)

2018-11-15 10:38:26 - [MESSAGE][PASSED] - Delayed 1 second(s)

2018-11-15 10:38:26 - [TEST_STEP][PASSED] - setEncryptedText: Text ****** has been set on object 'Object Repository/Final Object Repo/Login Page/Internal User/Password'

2018-11-15 10:38:26 - [MESSAGE][PASSED] - Text ****** has been set on object 'Object Repository/Final Object Repo/Login Page/Internal User/Password'

2018-11-15 10:38:26 - [TEST_STEP][PASSED] - click: Object: 'Object Repository/Final Object Repo/Login Page/Internal User/Login Button' is clicked on

2018-11-15 10:38:29 - [MESSAGE][PASSED] - Object: 'Object Repository/Final Object Repo/Login Page/Internal User/Login Button' is clicked on

2018-11-15 10:38:29 - [TEST_STEP][PASSED] - Statement - Try: Delayed 2 second(s)

2018-11-15 10:38:29 - [TEST_STEP][PASSED] - Statement - Checker = false: null

2018-11-15 10:38:29 - [TEST_STEP][PASSED] - Statement - Checker = com.kms.katalon.core.webui.keyword.WebUiBuiltInKeywords.verifyElementHasAttribute(com.kms.katalon.core.testobject.ObjectRepository.findTestObject(Final Object Repo/Landing Page/BM Detecting), "href", 20, OPTIONAL): Object 'Object Repository/Final Object Repo/Landing Page/BM Detecting' has attribute 'href'

2018-11-15 10:38:29 - [MESSAGE][PASSED] - Object 'Object Repository/Final Object Repo/Landing Page/BM Detecting' has attribute 'href'

2018-11-15 10:38:29 - [TEST_STEP][PASSED] - Statement - out.println(Checker): null

2018-11-15 10:38:29 - [TEST_STEP][PASSED] - Statement - If (Checker == false): null

2018-11-15 10:38:29 - [TEST_STEP][PASSED] - Statement - Else: null

2018-11-15 10:38:29 - [TEST_STEP][PASSED] - delay: Delayed 2 second(s)

2018-11-15 10:38:31 - [MESSAGE][PASSED] - Delayed 2 second(s)

2018-11-15 10:38:31 - [TEST_STEP][PASSED] - delay: Delayed 1 second(s)

2018-11-15 10:38:32 - [MESSAGE][PASSED] - Delayed 1 second(s)

2018-11-15 10:38:32 - [TEST_STEP][PASSED] - navigateToUrl: Navigate to 'https://assist2-uat.perkeso.gov.my/web/registration/update/update-employer-information' successfully

2018-11-15 10:38:33 - [MESSAGE][PASSED] - Navigate to 'https://assist2-uat.perkeso.gov.my/web/registration/update/update-employer-information' successfully

2018-11-15 10:38:33 - [TEST_STEP][PASSED] - setText: Text 'E1102001065V ' is set on object 'Object Repository/Final Object Repo/Page_Update Employer Information/Employer Code'

2018-11-15 10:38:33 - [MESSAGE][PASSED] - Text 'E1102001065V ' is set on object 'Object Repository/Final Object Repo/Page_Update Employer Information/Employer Code'

2018-11-15 10:38:33 - [TEST_STEP][PASSED] - click: Object: 'Object Repository/Final Object Repo/Page_Update Employer Information/Search Button' is clicked on

2018-11-15 10:38:34 - [MESSAGE][PASSED] - Object: 'Object Repository/Final Object Repo/Page_Update Employer Information/Search Button' is clicked on

2018-11-15 10:38:34 - [TEST_STEP][PASSED] - click: Object: 'Object Repository/Final Object Repo/Page_Update Employer Information/Edit Button' is clicked on

2018-11-15 10:38:38 - [MESSAGE][PASSED] - Object: 'Object Repository/Final Object Repo/Page_Update Employer Information/Edit Button' is clicked on

2018-11-15 10:38:38 - [TEST_STEP][PASSED] - click: Object: 'Object Repository/Final Object Repo/Page_Update Employer Information/Business Entity' is clicked on

2018-11-15 10:38:38 - [MESSAGE][PASSED] - Object: 'Object Repository/Final Object Repo/Page_Update Employer Information/Business Entity' is clicked on

2018-11-15 10:38:38 - [TEST_STEP][PASSED] - Statement - CurrentBusinessEntity = "": null

2018-11-15 10:38:38 - [TEST_STEP][PASSED] - Statement - CurrentBusinessEntity = com.kms.katalon.core.webui.keyword.WebUiBuiltInKeywords.getText(com.kms.katalon.core.testobject.ObjectRepository.findTestObject(Final Object Repo/Page_Update Employer Information/Current Business Entity)): Text of object 'Object Repository/Final Object Repo/Page_Update Employer Information/Current Business Entity' is: 'Sole Proprietor / Individual Business'

2018-11-15 10:38:38 - [MESSAGE][PASSED] - Text of object 'Object Repository/Final Object Repo/Page_Update Employer Information/Current Business Entity' is: 'Sole Proprietor / Individual Business'

2018-11-15 10:38:38 - [TEST_STEP][PASSED] - Statement - out.println(CurrentBusinessEntity): null

2018-11-15 10:38:38 - [TEST_STEP][PASSED] - Statement - If (CurrentBusinessEntity == "Corporation"): null

2018-11-15 10:38:38 - [TEST_STEP][PASSED] - Statement - Else If (CurrentBusinessEntity == "Partnership"): null

2018-11-15 10:38:38 - [TEST_STEP][PASSED] - Statement - Else If (CurrentBusinessEntity == "Sole Proprietor / Individual Business"): Delayed 3 second(s)

2018-11-15 10:38:38 - [TEST_STEP][PASSED] - Statement - obj = com.kms.katalon.core.webui.keyword.WebUiBuiltInKeywords.modifyObjectProperty(com.kms.katalon.core.testobject.ObjectRepository.findTestObject(Final Object Repo/Page_Update Employer Information/change to this Business Entity), "xpath", "equals", "//ul/li/span[contains(text(),"Others")]", true, STOP_ON_FAILURE): Modify property of object successfully

2018-11-15 10:38:38 - [MESSAGE][PASSED] - Modify property of object successfully

2018-11-15 10:38:38 - [TEST_STEP][PASSED] - click: Object: 'Object Repository/Final Object Repo/Page_Update Employer Information/change to this Business Entity' is clicked on

2018-11-15 10:38:39 - [MESSAGE][PASSED] - Object: 'Object Repository/Final Object Repo/Page_Update Employer Information/change to this Business Entity' is clicked on

2018-11-15 10:38:39 - [TEST_STEP][PASSED] - delay: Delayed 1 second(s)

2018-11-15 10:38:40 - [MESSAGE][PASSED] - Delayed 1 second(s)

2018-11-15 10:38:40 - [TEST_STEP][PASSED] - click: Object: 'Object Repository/Final Object Repo/Page_Update Employer Information/Sub Business Entity' is clicked on

2018-11-15 10:38:40 - [MESSAGE][PASSED] - Object: 'Object Repository/Final Object Repo/Page_Update Employer Information/Sub Business Entity' is clicked on

2018-11-15 10:38:40 - [TEST_STEP][PASSED] - click: Object: 'Object Repository/Final Object Repo/Page_Update Employer Information/Sub Business Entity List - Others - Federal Government Agency' is clicked on

2018-11-15 10:38:41 - [MESSAGE][PASSED] - Object: 'Object Repository/Final Object Repo/Page_Update Employer Information/Sub Business Entity List - Others - Federal Government Agency' is clicked on

2018-11-15 10:38:41 - [TEST_STEP][PASSED] - delay: Delayed 1 second(s)

2018-11-15 10:38:42 - [MESSAGE][PASSED] - Delayed 1 second(s)

2018-11-15 10:38:42 - [TEST_STEP][PASSED] - click: Object: 'Object Repository/Final Object Repo/Page_Update Employer Information/Sub Business Entity List' is clicked on

2018-11-15 10:38:42 - [MESSAGE][PASSED] - Object: 'Object Repository/Final Object Repo/Page_Update Employer Information/Sub Business Entity List' is clicked on

2018-11-15 10:38:42 - [TEST_STEP][PASSED] - click: Object: 'Object Repository/Final Object Repo/Page_Update Employer Information/Sub Business Entity - Others - Federal Government Agency - Kementerian' is clicked on

2018-11-15 10:38:43 - [MESSAGE][PASSED] - Object: 'Object Repository/Final Object Repo/Page_Update Employer Information/Sub Business Entity - Others - Federal Government Agency - Kementerian' is clicked on

2018-11-15 10:38:43 - [TEST_STEP][PASSED] - delay: Delayed 3 second(s)

2018-11-15 10:38:46 - [MESSAGE][PASSED] - Delayed 3 second(s)

2018-11-15 10:38:46 - [TEST_STEP][PASSED] - delay: Delayed 4 second(s)

2018-11-15 10:38:50 - [MESSAGE][PASSED] - Delayed 4 second(s)

2018-11-15 10:38:50 - [TEST_STEP][PASSED] - click: Object: 'Object Repository/Final Object Repo/Page_Update Employer Information/Save  Continue' is clicked on

2018-11-15 10:38:55 - [MESSAGE][PASSED] - Object: 'Object Repository/Final Object Repo/Page_Update Employer Information/Save  Continue' is clicked on

2018-11-15 10:38:55 - [TEST_STEP][PASSED] - delay: Delayed 4 second(s)

2018-11-15 10:38:59 - [MESSAGE][PASSED] - Delayed 4 second(s)

2018-11-15 10:38:59 - [TEST_STEP][PASSED] - click: Object: 'Object Repository/Final Object Repo/Page_Update Employer Information/Save  Continue (1)' is clicked on

2018-11-15 10:39:03 - [MESSAGE][PASSED] - Object: 'Object Repository/Final Object Repo/Page_Update Employer Information/Save  Continue (1)' is clicked on

2018-11-15 10:39:03 - [TEST_STEP][PASSED] - Statement - CaseReferenceNo = com.kms.katalon.core.webui.keyword.WebUiBuiltInKeywords.getText(com.kms.katalon.core.testobject.ObjectRepository.findTestObject(Final Object Repo/Page_Update Employer Information/Reference Number in Update Employee Information Page)): Text of object 'Object Repository/Final Object Repo/Page_Update Employer Information/Reference Number in Update Employee Information Page' is: 'CUN112018C100005443'

2018-11-15 10:39:03 - [MESSAGE][PASSED] - Text of object 'Object Repository/Final Object Repo/Page_Update Employer Information/Reference Number in Update Employee Information Page' is: 'CUN112018C100005443'

2018-11-15 10:39:03 - [TEST_STEP][PASSED] - callTestCase: Call Test Case 'Test Cases/Final Aug 2018 - PKS Automation/Common/Reference Number Setter' successfully

2018-11-15 10:39:03 - [TEST_CASE][PASSED] - Test Cases/Final Aug 2018 - PKS Automation/Common/Reference Number Setter: Test Cases/Final Aug 2018 - PKS Automation/Common/Reference Number Setter

2018-11-15 10:39:03 - [TEST_STEP][PASSED] - Statement - RefNoOldFile = new java.io.File(C://KatalonReference.txt): null

2018-11-15 10:39:03 - [TEST_STEP][PASSED] - Statement - RefNoOldFile.delete(): null

2018-11-15 10:39:03 - [TEST_STEP][PASSED] - delay: Delayed 5 second(s)

2018-11-15 10:39:08 - [MESSAGE][PASSED] - Delayed 5 second(s)

2018-11-15 10:39:08 - [TEST_STEP][PASSED] - Statement - RefNo = new java.io.File(C://KatalonReference.txt): null

2018-11-15 10:39:08 - [TEST_STEP][PASSED] - Statement - f2 = new java.io.FileWriter(RefNo, false): null

2018-11-15 10:39:08 - [TEST_STEP][PASSED] - Statement - f2.write(CaseReferenceNo): null

2018-11-15 10:39:08 - [TEST_STEP][PASSED] - Statement - f2.close(): null

2018-11-15 10:39:08 - [TEST_STEP][PASSED] - Statement - out.println("


" + CaseReferenceNo + "


"): null

2018-11-15 10:39:08 - [MESSAGE][PASSED] - Call Test Case 'Test Cases/Final Aug 2018 - PKS Automation/Common/Reference Number Setter' successfully

2018-11-15 10:39:08 - [TEST_STEP][PASSED] - delay: Delayed 4 second(s)

2018-11-15 10:39:12 - [MESSAGE][PASSED] - Delayed 4 second(s)

2018-11-15 10:39:12 - [TEST_STEP][PASSED] - click: Object: 'Object Repository/Final Object Repo/Page_Update Employer Information/Submit - Copy' is clicked on

2018-11-15 10:39:13 - [MESSAGE][PASSED] - Object: 'Object Repository/Final Object Repo/Page_Update Employer Information/Submit - Copy' is clicked on

2018-11-15 10:39:13 - [TEST_STEP][PASSED] - delay: Delayed 2 second(s)

2018-11-15 10:39:15 - [MESSAGE][PASSED] - Delayed 2 second(s)

2018-11-15 10:39:15 - [TEST_STEP][PASSED] - click: Object: 'Object Repository/Final Object Repo/Page_Update Employer Information/Confirm' is clicked on

2018-11-15 10:39:20 - [MESSAGE][PASSED] - Object: 'Object Repository/Final Object Repo/Page_Update Employer Information/Confirm' is clicked on

2018-11-15 10:39:20 - [TEST_STEP][PASSED] - delay: Delayed 2 second(s)

2018-11-15 10:39:22 - [MESSAGE][PASSED] - Delayed 2 second(s)

2018-11-15 10:39:22 - [TEST_STEP][PASSED] - click: Object: 'Object Repository/Final Object Repo/Page_Update Employer Information/Message Your Request will be route' is clicked on

2018-11-15 10:39:22 - [MESSAGE][PASSED] - Object: 'Object Repository/Final Object Repo/Page_Update Employer Information/Message Your Request will be route' is clicked on

2018-11-15 10:39:22 - [MESSAGE][PASSED] - Call Test Case 'Test Cases/Final Aug 2018 - PKS Automation/Registration Module/Workflow/Update Employer Information/Template/Update Employer Information - Special Case (OTC)' successfully

2018-11-15 10:39:22 - [TEST_STEP][PASSED] - callTestCase: Call Test Case 'Test Cases/Final Aug 2018 - PKS Automation/Registration Module/Workflow/Update Employer Information/Template/Update Employer Information - Special Case - UO (Under enforcement)' successfully

2018-11-15 10:39:22 - [TEST_CASE][PASSED] - Test Cases/Final Aug 2018 - PKS Automation/Registration Module/Workflow/Update Employer Information/Template/Update Employer Information - Special Case - UO (Under enforcement): Test Cases/Final Aug 2018 - PKS Automation/Registration Module/Workflow/Update Employer Information/Template/Update Employer Information - Special Case - UO (Under enforcement)

2018-11-15 10:39:22 - [TEST_STEP][NOT_RUN] - callTestCase: NOT_RUN: callTestCase

2018-11-15 10:39:22 - [MESSAGE][NOT_RUN] - NOT_RUN: callTestCase

2018-11-15 10:39:22 - [TEST_STEP][PASSED] - delay: Delayed 1 second(s)

2018-11-15 10:39:23 - [MESSAGE][PASSED] - Delayed 1 second(s)

2018-11-15 10:39:23 - [TEST_STEP][PASSED] - navigateToUrl: Navigate to 'https://assist2-uat.perkeso.gov.my/c/portal/logout' successfully

2018-11-15 10:39:24 - [MESSAGE][PASSED] - Navigate to 'https://assist2-uat.perkeso.gov.my/c/portal/logout' successfully

2018-11-15 10:39:24 - [TEST_STEP][PASSED] - delay: Delayed 1 second(s)

2018-11-15 10:39:25 - [MESSAGE][PASSED] - Delayed 1 second(s)

2018-11-15 10:39:25 - [TEST_STEP][PASSED] - callTestCase: Call Test Case 'Test Cases/Final Aug 2018 - PKS Automation/Common/Reference Number Getter' successfully

2018-11-15 10:39:25 - [TEST_CASE][PASSED] - Test Cases/Final Aug 2018 - PKS Automation/Common/Reference Number Getter: Test Cases/Final Aug 2018 - PKS Automation/Common/Reference Number Getter

2018-11-15 10:39:25 - [TEST_STEP][PASSED] - Statement - Try: null

2018-11-15 10:39:25 - [TEST_STEP][PASSED] - Statement - RefNo = new java.io.File(C://KatalonReference.txt): null

2018-11-15 10:39:25 - [TEST_STEP][PASSED] - Statement - bufferread = new java.io.BufferedReader(new java.io.FileReader(RefNo)): null

2018-11-15 10:39:25 - [TEST_STEP][PASSED] - Statement - readedVal = bufferread.readLine(): null

2018-11-15 10:39:25 - [TEST_STEP][PASSED] - Statement - out.println(CaseReferenceNo): null

2018-11-15 10:39:25 - [TEST_STEP][PASSED] - Statement - out.println(readedVal): null

2018-11-15 10:39:25 - [TEST_STEP][PASSED] - Statement - CaseReferenceNo = "": null

2018-11-15 10:39:25 - [TEST_STEP][PASSED] - Statement - CaseReferenceNo = readedVal: null

2018-11-15 10:39:25 - [MESSAGE][PASSED] - Call Test Case 'Test Cases/Final Aug 2018 - PKS Automation/Common/Reference Number Getter' successfully

2018-11-15 10:39:25 - [TEST_STEP][PASSED] - callTestCase: Call Test Case 'Test Cases/Final Aug 2018 - PKS Automation/Common/Workflow Owner Finder' successfully

2018-11-15 10:39:25 - [TEST_CASE][PASSED] - Test Cases/Final Aug 2018 - PKS Automation/Common/Workflow Owner Finder: Test Cases/Final Aug 2018 - PKS Automation/Common/Workflow Owner Finder

2018-11-15 10:39:25 - [TEST_STEP][PASSED] - openBrowser: Browser is opened with url: ''

2018-11-15 10:39:25 - [MESSAGE][WARNING] - A browser is already opened. Closing browser and opening a new one

2018-11-15 10:39:30 - [MESSAGE][PASSED] - Browser is opened with url: ''

2018-11-15 10:39:30 - [TEST_STEP][PASSED] - navigateToUrl: Navigate to 'https://assist2-uat.perkeso.gov.my/login' successfully

2018-11-15 10:39:32 - [MESSAGE][PASSED] - Navigate to 'https://assist2-uat.perkeso.gov.my/login' successfully

2018-11-15 10:39:32 - [TEST_STEP][PASSED] - delay: Delayed 5 second(s)

2018-11-15 10:39:37 - [MESSAGE][PASSED] - Delayed 5 second(s)

2018-11-15 10:39:37 - [TEST_STEP][PASSED] - setText: Text 'test@liferay.com' is set on object 'Object Repository/Final Object Repo/Login Page/Internal User/Email Address'

2018-11-15 10:39:37 - [MESSAGE][PASSED] - Text 'test@liferay.com' is set on object 'Object Repository/Final Object Repo/Login Page/Internal User/Email Address'

2018-11-15 10:39:37 - [TEST_STEP][PASSED] - click: Object: 'Object Repository/Final Object Repo/Login Page/Internal User/Next Button' is clicked on

2018-11-15 10:39:38 - [MESSAGE][PASSED] - Object: 'Object Repository/Final Object Repo/Login Page/Internal User/Next Button' is clicked on

2018-11-15 10:39:38 - [TEST_STEP][PASSED] - delay: Delayed 2 second(s)

2018-11-15 10:39:40 - [MESSAGE][PASSED] - Delayed 2 second(s)

2018-11-15 10:39:40 - [TEST_STEP][PASSED] - setText: Text 'test' is set on object 'Object Repository/Final Object Repo/Login Page/Internal User/Password'

2018-11-15 10:39:40 - [MESSAGE][PASSED] - Text 'test' is set on object 'Object Repository/Final Object Repo/Login Page/Internal User/Password'

2018-11-15 10:39:40 - [TEST_STEP][PASSED] - delay: Delayed 2 second(s)

2018-11-15 10:39:42 - [MESSAGE][PASSED] - Delayed 2 second(s)

2018-11-15 10:39:42 - [TEST_STEP][PASSED] - click: Object: 'Object Repository/Final Object Repo/Login Page/Internal User/Login Button' is clicked on

2018-11-15 10:39:45 - [MESSAGE][PASSED] - Object: 'Object Repository/Final Object Repo/Login Page/Internal User/Login Button' is clicked on

2018-11-15 10:39:45 - [TEST_STEP][PASSED] - Statement - Try: Delayed 2 second(s)

2018-11-15 10:39:45 - [TEST_STEP][PASSED] - Statement - Checker = false: null

2018-11-15 10:39:45 - [TEST_STEP][PASSED] - Statement - Checker = com.kms.katalon.core.webui.keyword.WebUiBuiltInKeywords.verifyElementHasAttribute(com.kms.katalon.core.testobject.ObjectRepository.findTestObject(Final Object Repo/Landing Page/BM Detecting), "href", 20, OPTIONAL): Object 'Object Repository/Final Object Repo/Landing Page/BM Detecting' has attribute 'href'

2018-11-15 10:39:45 - [MESSAGE][PASSED] - Object 'Object Repository/Final Object Repo/Landing Page/BM Detecting' has attribute 'href'

2018-11-15 10:39:45 - [TEST_STEP][PASSED] - Statement - out.println(Checker): null

2018-11-15 10:39:45 - [TEST_STEP][PASSED] - Statement - If (Checker == false): null

2018-11-15 10:39:45 - [TEST_STEP][PASSED] - Statement - Else: null

2018-11-15 10:39:45 - [TEST_STEP][PASSED] - delay: Delayed 2 second(s)

2018-11-15 10:39:47 - [MESSAGE][PASSED] - Delayed 2 second(s)

2018-11-15 10:39:47 - [TEST_STEP][PASSED] - delay: Delayed 3 second(s)

2018-11-15 10:39:50 - [MESSAGE][PASSED] - Delayed 3 second(s)

2018-11-15 10:39:50 - [TEST_STEP][PASSED] - mouseOver: Object: 'Object Repository/Final Object Repo/Landing Page/WorkFlow Menu' is hovered

2018-11-15 10:39:50 - [MESSAGE][PASSED] - Object: 'Object Repository/Final Object Repo/Landing Page/WorkFlow Menu' is hovered

2018-11-15 10:39:50 - [TEST_STEP][PASSED] - delay: Delayed 2 second(s)

2018-11-15 10:39:52 - [MESSAGE][PASSED] - Delayed 2 second(s)

2018-11-15 10:39:52 - [TEST_STEP][PASSED] - click: Object: 'Object Repository/Final Object Repo/Landing Page/Select to Workflow Listing' is clicked on

2018-11-15 10:39:53 - [MESSAGE][PASSED] - Object: 'Object Repository/Final Object Repo/Landing Page/Select to Workflow Listing' is clicked on

2018-11-15 10:39:53 - [TEST_STEP][PASSED] - delay: Delayed 2 second(s)

2018-11-15 10:39:55 - [MESSAGE][PASSED] - Delayed 2 second(s)

2018-11-15 10:39:55 - [TEST_STEP][PASSED] - click: Object: 'Object Repository/Final Object Repo/WorkFlow Listing Page/Search Information - To Put Ref No' is clicked on

2018-11-15 10:39:56 - [MESSAGE][PASSED] - Object: 'Object Repository/Final Object Repo/WorkFlow Listing Page/Search Information - To Put Ref No' is clicked on

2018-11-15 10:39:56 - [TEST_STEP][PASSED] - delay: Delayed 2 second(s)

2018-11-15 10:39:58 - [MESSAGE][PASSED] - Delayed 2 second(s)

2018-11-15 10:39:58 - [TEST_STEP][PASSED] - callTestCase: Call Test Case 'Test Cases/Final Aug 2018 - PKS Automation/Common/Reference Number Getter' successfully

2018-11-15 10:39:58 - [TEST_CASE][PASSED] - Test Cases/Final Aug 2018 - PKS Automation/Common/Reference Number Getter: Test Cases/Final Aug 2018 - PKS Automation/Common/Reference Number Getter

2018-11-15 10:39:58 - [TEST_STEP][PASSED] - Statement - Try: null

2018-11-15 10:39:58 - [TEST_STEP][PASSED] - Statement - RefNo = new java.io.File(C://KatalonReference.txt): null

2018-11-15 10:39:58 - [TEST_STEP][PASSED] - Statement - bufferread = new java.io.BufferedReader(new java.io.FileReader(RefNo)): null

2018-11-15 10:39:58 - [TEST_STEP][PASSED] - Statement - readedVal = bufferread.readLine(): null

2018-11-15 10:39:58 - [TEST_STEP][PASSED] - Statement - out.println(CaseReferenceNo): null

2018-11-15 10:39:58 - [TEST_STEP][PASSED] - Statement - out.println(readedVal): null

2018-11-15 10:39:58 - [TEST_STEP][PASSED] - Statement - CaseReferenceNo = "": null

2018-11-15 10:39:58 - [TEST_STEP][PASSED] - Statement - CaseReferenceNo = readedVal: null

2018-11-15 10:39:58 - [MESSAGE][PASSED] - Call Test Case 'Test Cases/Final Aug 2018 - PKS Automation/Common/Reference Number Getter' successfully

2018-11-15 10:39:58 - [TEST_STEP][PASSED] - setText: Text 'CUN112018C100005443' is set on object 'Object Repository/Final Object Repo/WorkFlow Listing Page/Ref No Set Text'

2018-11-15 10:39:58 - [MESSAGE][PASSED] - Text 'CUN112018C100005443' is set on object 'Object Repository/Final Object Repo/WorkFlow Listing Page/Ref No Set Text'

2018-11-15 10:39:58 - [TEST_STEP][PASSED] - delay: Delayed 2 second(s)

2018-11-15 10:40:00 - [MESSAGE][PASSED] - Delayed 2 second(s)

2018-11-15 10:40:00 - [TEST_STEP][PASSED] - click: Object: 'Object Repository/Final Object Repo/WorkFlow Listing Page/Search Ref No Search Button' is clicked on

2018-11-15 10:40:02 - [MESSAGE][PASSED] - Object: 'Object Repository/Final Object Repo/WorkFlow Listing Page/Search Ref No Search Button' is clicked on

2018-11-15 10:40:02 - [TEST_STEP][PASSED] - delay: Delayed 4 second(s)

2018-11-15 10:40:06 - [MESSAGE][PASSED] - Delayed 4 second(s)

2018-11-15 10:40:06 - [TEST_STEP][PASSED] - click: Object: 'Object Repository/Final Object Repo/WorkFlow Listing Page/Click Continue Tooltip' is clicked on

2018-11-15 10:40:07 - [MESSAGE][PASSED] - Object: 'Object Repository/Final Object Repo/WorkFlow Listing Page/Click Continue Tooltip' is clicked on

2018-11-15 10:40:07 - [TEST_STEP][PASSED] - delay: Delayed 5 second(s)

2018-11-15 10:40:12 - [MESSAGE][PASSED] - Delayed 5 second(s)

2018-11-15 10:40:12 - [TEST_STEP][PASSED] - doubleClick: Object: 'Object Repository/Final Object Repo/WorkFlow Listing Page/Workflow Found - Listing 1' is double clicked on

2018-11-15 10:40:12 - [MESSAGE][PASSED] - Object: 'Object Repository/Final Object Repo/WorkFlow Listing Page/Workflow Found - Listing 1' is double clicked on

2018-11-15 10:40:12 - [TEST_STEP][PASSED] - Statement - println(OwnerID): null

2018-11-15 10:40:12 - [TEST_STEP][PASSED] - Statement - OwnerID = com.kms.katalon.core.webui.keyword.WebUiBuiltInKeywords.getText(com.kms.katalon.core.testobject.ObjectRepository.findTestObject(Final Object Repo/WorkFlow Listing Page/Workflow Found - Listing 1), STOP_ON_FAILURE): Text of object 'Object Repository/Final Object Repo/WorkFlow Listing Page/Workflow Found - Listing 1' is: 'JOHORuo3'

2018-11-15 10:40:12 - [MESSAGE][PASSED] - Text of object 'Object Repository/Final Object Repo/WorkFlow Listing Page/Workflow Found - Listing 1' is: 'JOHORuo3'

2018-11-15 10:40:12 - [TEST_STEP][PASSED] - Statement - OwnerID = OwnerID.toLowerCase() + "@gmail.com": null

2018-11-15 10:40:12 - [TEST_STEP][PASSED] - Statement - println(OwnerID): null

2018-11-15 10:40:12 - [TEST_STEP][PASSED] - delay: Delayed 2 second(s)

2018-11-15 10:40:14 - [MESSAGE][PASSED] - Delayed 2 second(s)

2018-11-15 10:40:14 - [MESSAGE][PASSED] - Call Test Case 'Test Cases/Final Aug 2018 - PKS Automation/Common/Workflow Owner Finder' successfully

2018-11-15 10:40:14 - [TEST_STEP][PASSED] - delay: Delayed 1 second(s)

2018-11-15 10:40:15 - [MESSAGE][PASSED] - Delayed 1 second(s)

2018-11-15 10:40:15 - [TEST_STEP][PASSED] - navigateToUrl: Navigate to 'https://assist2-uat.perkeso.gov.my/c/portal/logout' successfully

2018-11-15 10:40:16 - [MESSAGE][PASSED] - Navigate to 'https://assist2-uat.perkeso.gov.my/c/portal/logout' successfully

2018-11-15 10:40:16 - [TEST_STEP][PASSED] - delay: Delayed 1 second(s)

2018-11-15 10:40:17 - [MESSAGE][PASSED] - Delayed 1 second(s)

2018-11-15 10:40:17 - [TEST_STEP][PASSED] - callTestCase: Call Test Case 'Test Cases/Final Aug 2018 - PKS Automation/Registration Module/Workflow/Login and Search Case For Workflow' successfully

2018-11-15 10:40:17 - [TEST_CASE][PASSED] - Test Cases/Final Aug 2018 - PKS Automation/Registration Module/Workflow/Login and Search Case For Workflow: Test Cases/Final Aug 2018 - PKS Automation/Registration Module/Workflow/Login and Search Case For Workflow

2018-11-15 10:40:17 - [TEST_STEP][PASSED] - navigateToUrl: Navigate to 'https://assist2-uat.perkeso.gov.my/login' successfully

2018-11-15 10:40:18 - [MESSAGE][PASSED] - Navigate to 'https://assist2-uat.perkeso.gov.my/login' successfully

2018-11-15 10:40:18 - [TEST_STEP][PASSED] - setText: Text 'johoruo3@gmail.com' is set on object 'Object Repository/Final Object Repo/Login Page/Internal User/Email Address'

2018-11-15 10:40:18 - [MESSAGE][PASSED] - Text 'johoruo3@gmail.com' is set on object 'Object Repository/Final Object Repo/Login Page/Internal User/Email Address'

2018-11-15 10:40:18 - [TEST_STEP][PASSED] - click: Object: 'Object Repository/Final Object Repo/Login Page/Internal User/Next Button' is clicked on

2018-11-15 10:40:19 - [MESSAGE][PASSED] - Object: 'Object Repository/Final Object Repo/Login Page/Internal User/Next Button' is clicked on

2018-11-15 10:40:19 - [TEST_STEP][PASSED] - delay: Delayed 1 second(s)

2018-11-15 10:40:20 - [MESSAGE][PASSED] - Delayed 1 second(s)

2018-11-15 10:40:20 - [TEST_STEP][PASSED] - setEncryptedText: Text ****** has been set on object 'Object Repository/Final Object Repo/Login Page/Internal User/Password'

2018-11-15 10:40:20 - [MESSAGE][PASSED] - Text ****** has been set on object 'Object Repository/Final Object Repo/Login Page/Internal User/Password'

2018-11-15 10:40:20 - [TEST_STEP][PASSED] - click: Object: 'Object Repository/Final Object Repo/Login Page/Internal User/Login Button' is clicked on

2018-11-15 10:40:22 - [MESSAGE][PASSED] - Object: 'Object Repository/Final Object Repo/Login Page/Internal User/Login Button' is clicked on

2018-11-15 10:40:22 - [TEST_STEP][PASSED] - delay: Delayed 2 second(s)

2018-11-15 10:40:24 - [MESSAGE][PASSED] - Delayed 2 second(s)

2018-11-15 10:40:24 - [TEST_STEP][PASSED] - Statement - Try: Delayed 2 second(s)

2018-11-15 10:40:24 - [TEST_STEP][PASSED] - Statement - Checker = false: null

2018-11-15 10:40:24 - [TEST_STEP][PASSED] - Statement - Checker = com.kms.katalon.core.webui.keyword.WebUiBuiltInKeywords.verifyElementHasAttribute(com.kms.katalon.core.testobject.ObjectRepository.findTestObject(Final Object Repo/Landing Page/BM Detecting), "href", 20, OPTIONAL): Object 'Object Repository/Final Object Repo/Landing Page/BM Detecting' has attribute 'href'

2018-11-15 10:40:24 - [MESSAGE][PASSED] - Object 'Object Repository/Final Object Repo/Landing Page/BM Detecting' has attribute 'href'

2018-11-15 10:40:24 - [TEST_STEP][PASSED] - Statement - out.println(Checker): null

2018-11-15 10:40:24 - [TEST_STEP][PASSED] - Statement - If (Checker == false): null

2018-11-15 10:40:24 - [TEST_STEP][PASSED] - Statement - Else: null

2018-11-15 10:40:24 - [TEST_STEP][PASSED] - delay: Delayed 2 second(s)

2018-11-15 10:40:26 - [MESSAGE][PASSED] - Delayed 2 second(s)

2018-11-15 10:40:26 - [TEST_STEP][PASSED] - click: Object: 'Object Repository/Final Object Repo/Page_MyASSIST - ASSIST - Search Pending Case For Add Supporting Document/Search Information' is clicked on

2018-11-15 10:40:26 - [MESSAGE][PASSED] - Object: 'Object Repository/Final Object Repo/Page_MyASSIST - ASSIST - Search Pending Case For Add Supporting Document/Search Information' is clicked on

2018-11-15 10:40:26 - [TEST_STEP][PASSED] - delay: Delayed 3 second(s)

2018-11-15 10:40:29 - [MESSAGE][PASSED] - Delayed 3 second(s)

2018-11-15 10:40:29 - [TEST_STEP][PASSED] - sendKeys: Keys 'CUN112018C100005443' sent to object: 'Object Repository/Final Object Repo/Page_MyASSIST - ASSIST - Search Pending Case For Add Supporting Document/Reference No'

2018-11-15 10:40:29 - [MESSAGE][PASSED] - Keys 'CUN112018C100005443' sent to object: 'Object Repository/Final Object Repo/Page_MyASSIST - ASSIST - Search Pending Case For Add Supporting Document/Reference No'

2018-11-15 10:40:29 - [TEST_STEP][PASSED] - click: Object: 'Object Repository/Final Object Repo/Page_MyASSIST - ASSIST - Search Pending Case For Add Supporting Document/Search Reference No' is clicked on

2018-11-15 10:40:31 - [MESSAGE][PASSED] - Object: 'Object Repository/Final Object Repo/Page_MyASSIST - ASSIST - Search Pending Case For Add Supporting Document/Search Reference No' is clicked on

2018-11-15 10:40:31 - [TEST_STEP][PASSED] - delay: Delayed 2 second(s)

2018-11-15 10:40:33 - [MESSAGE][PASSED] - Delayed 2 second(s)

2018-11-15 10:40:33 - [TEST_STEP][PASSED] - click: Object: 'Object Repository/Final Object Repo/Page_MyASSIST - ASSIST - Search Pending Case For Add Supporting Document/Continue' is clicked on

2018-11-15 10:40:37 - [MESSAGE][PASSED] - Object: 'Object Repository/Final Object Repo/Page_MyASSIST - ASSIST - Search Pending Case For Add Supporting Document/Continue' is clicked on

2018-11-15 10:40:37 - [TEST_STEP][PASSED] - delay: Delayed 20 second(s)

2018-11-15 10:40:57 - [MESSAGE][PASSED] - Delayed 20 second(s)

2018-11-15 10:40:57 - [MESSAGE][PASSED] - Call Test Case 'Test Cases/Final Aug 2018 - PKS Automation/Registration Module/Workflow/Login and Search Case For Workflow' successfully

2018-11-15 10:40:57 - [TEST_STEP][PASSED] - delay: Delayed 2 second(s)

2018-11-15 10:40:59 - [MESSAGE][PASSED] - Delayed 2 second(s)

2018-11-15 10:40:59 - [TEST_STEP][PASSED] - click: Object: 'Object Repository/Final Object Repo/Page_Update Employer Information/Page_Update Employer Information UO (Approve)/Continue' is clicked on

2018-11-15 10:41:04 - [MESSAGE][PASSED] - Object: 'Object Repository/Final Object Repo/Page_Update Employer Information/Page_Update Employer Information UO (Approve)/Continue' is clicked on

2018-11-15 10:41:04 - [TEST_STEP][PASSED] - delay: Delayed 2 second(s)

2018-11-15 10:41:06 - [MESSAGE][PASSED] - Delayed 2 second(s)

2018-11-15 10:41:06 - [TEST_STEP][PASSED] - click: Object: 'Object Repository/Final Object Repo/Page_Update Employer Information/Page_Update Employer Information UO (Approve)/Save  Continue in Update Employer Information Page' is clicked on

2018-11-15 10:41:12 - [MESSAGE][PASSED] - Object: 'Object Repository/Final Object Repo/Page_Update Employer Information/Page_Update Employer Information UO (Approve)/Save  Continue in Update Employer Information Page' is clicked on

2018-11-15 10:41:12 - [TEST_STEP][PASSED] - delay: Delayed 2 second(s)

2018-11-15 10:41:14 - [MESSAGE][PASSED] - Delayed 2 second(s)

2018-11-15 10:41:14 - [TEST_STEP][PASSED] - click: Object: 'Object Repository/Final Object Repo/Page_Update Employer Information/Page_Update Employer Information UO (Approve)/Save  Continue in Uploading Supporting Document Page' is clicked on

2018-11-15 10:41:18 - [MESSAGE][PASSED] - Object: 'Object Repository/Final Object Repo/Page_Update Employer Information/Page_Update Employer Information UO (Approve)/Save  Continue in Uploading Supporting Document Page' is clicked on

2018-11-15 10:41:18 - [TEST_STEP][PASSED] - delay: Delayed 2 second(s)

2018-11-15 10:41:20 - [MESSAGE][PASSED] - Delayed 2 second(s)

2018-11-15 10:41:20 - [TEST_STEP][PASSED] - click: Object: 'Object Repository/Final Object Repo/Page_Update Employer Information/Page_Update Employer Information UO (Under enforcement)/Under enforcement' is clicked on

2018-11-15 10:41:20 - [MESSAGE][PASSED] - Object: 'Object Repository/Final Object Repo/Page_Update Employer Information/Page_Update Employer Information UO (Under enforcement)/Under enforcement' is clicked on

2018-11-15 10:41:20 - [TEST_STEP][PASSED] - delay: Delayed 2 second(s)

2018-11-15 10:41:22 - [MESSAGE][PASSED] - Delayed 2 second(s)

2018-11-15 10:41:22 - [TEST_STEP][PASSED] - setText: Text 'remark' is set on object 'Object Repository/Final Object Repo/Page_Update Employer Information/Page_Update Employer Information UO (Under enforcement)/Under enforcement - remark'

2018-11-15 10:41:22 - [MESSAGE][PASSED] - Text 'remark' is set on object 'Object Repository/Final Object Repo/Page_Update Employer Information/Page_Update Employer Information UO (Under enforcement)/Under enforcement - remark'

2018-11-15 10:41:22 - [TEST_STEP][PASSED] - delay: Delayed 2 second(s)

2018-11-15 10:41:24 - [MESSAGE][PASSED] - Delayed 2 second(s)

2018-11-15 10:41:24 - [TEST_STEP][PASSED] - click: Object: 'Object Repository/Final Object Repo/Page_Update Employer Information/Page_Update Employer Information UO (Under enforcement)/Save  Continue in Under enfocement Page' is clicked on

2018-11-15 10:41:28 - [MESSAGE][PASSED] - Object: 'Object Repository/Final Object Repo/Page_Update Employer Information/Page_Update Employer Information UO (Under enforcement)/Save  Continue in Under enfocement Page' is clicked on

2018-11-15 10:41:28 - [TEST_STEP][PASSED] - delay: Delayed 2 second(s)

2018-11-15 10:41:30 - [MESSAGE][PASSED] - Delayed 2 second(s)

2018-11-15 10:41:30 - [TEST_STEP][PASSED] - doubleClick: Object: 'Object Repository/Final Object Repo/Page_Update Employer Information/Page_Update Employer Information UO (Under enforcement)/Message The case is under enforceme' is double clicked on

2018-11-15 10:41:30 - [MESSAGE][PASSED] - Object: 'Object Repository/Final Object Repo/Page_Update Employer Information/Page_Update Employer Information UO (Under enforcement)/Message The case is under enforceme' is double clicked on

2018-11-15 10:41:30 - [MESSAGE][PASSED] - Call Test Case 'Test Cases/Final Aug 2018 - PKS Automation/Registration Module/Workflow/Update Employer Information/Template/Update Employer Information - Special Case - UO (Under enforcement)' successfully]]></system-out>
         <system-err><![CDATA[]]></system-err>
      </testcase>
      <testcase name="Test Cases/Final Aug 2018 - PKS Automation/Registration Module/Workflow/Update Employer Information/PAU - UO (Approve)" classname="Test Cases/Final Aug 2018 - PKS Automation/Registration Module/Workflow/Update Employer Information/PAU - UO (Approve)" status="PASSED">
         <system-out><![CDATA[2018-11-15 10:41:30 - [TEST_CASE][PASSED] - Test Cases/Final Aug 2018 - PKS Automation/Registration Module/Workflow/Update Employer Information/PAU - UO (Approve): Test Cases/Final Aug 2018 - PKS Automation/Registration Module/Workflow/Update Employer Information/PAU - UO (Approve)

2018-11-15 10:41:30 - [TEST_STEP][PASSED] - callTestCase: Call Test Case 'Test Cases/Final Aug 2018 - PKS Automation/Registration Module/Workflow/Update Employer Information/Template/Update Employer Information - Special Case (PAU)' successfully

2018-11-15 10:41:30 - [TEST_CASE][PASSED] - Test Cases/Final Aug 2018 - PKS Automation/Registration Module/Workflow/Update Employer Information/Template/Update Employer Information - Special Case (PAU): Test Cases/Final Aug 2018 - PKS Automation/Registration Module/Workflow/Update Employer Information/Template/Update Employer Information - Special Case (PAU)

2018-11-15 10:41:31 - [TEST_STEP][PASSED] - openBrowser: Browser is opened with url: ''

2018-11-15 10:41:31 - [MESSAGE][WARNING] - A browser is already opened. Closing browser and opening a new one

2018-11-15 10:41:35 - [MESSAGE][PASSED] - Browser is opened with url: ''

2018-11-15 10:41:35 - [TEST_STEP][PASSED] - navigateToUrl: Navigate to 'https://assist2-uat.perkeso.gov.my/login' successfully

2018-11-15 10:41:37 - [MESSAGE][PASSED] - Navigate to 'https://assist2-uat.perkeso.gov.my/login' successfully

2018-11-15 10:41:37 - [TEST_STEP][PASSED] - setText: Text 'johorpau1@gmail.com' is set on object 'Object Repository/Final Object Repo/Login Page/Internal User/Email Address'

2018-11-15 10:41:37 - [MESSAGE][PASSED] - Text 'johorpau1@gmail.com' is set on object 'Object Repository/Final Object Repo/Login Page/Internal User/Email Address'

2018-11-15 10:41:37 - [TEST_STEP][PASSED] - click: Object: 'Object Repository/Final Object Repo/Login Page/Internal User/Next Button' is clicked on

2018-11-15 10:41:38 - [MESSAGE][PASSED] - Object: 'Object Repository/Final Object Repo/Login Page/Internal User/Next Button' is clicked on

2018-11-15 10:41:38 - [TEST_STEP][PASSED] - delay: Delayed 1 second(s)

2018-11-15 10:41:39 - [MESSAGE][PASSED] - Delayed 1 second(s)

2018-11-15 10:41:39 - [TEST_STEP][PASSED] - setEncryptedText: Text ****** has been set on object 'Object Repository/Final Object Repo/Login Page/Internal User/Password'

2018-11-15 10:41:39 - [MESSAGE][PASSED] - Text ****** has been set on object 'Object Repository/Final Object Repo/Login Page/Internal User/Password'

2018-11-15 10:41:39 - [TEST_STEP][PASSED] - click: Object: 'Object Repository/Final Object Repo/Login Page/Internal User/Login Button' is clicked on

2018-11-15 10:41:42 - [MESSAGE][PASSED] - Object: 'Object Repository/Final Object Repo/Login Page/Internal User/Login Button' is clicked on

2018-11-15 10:41:42 - [TEST_STEP][PASSED] - Statement - Try: Delayed 2 second(s)

2018-11-15 10:41:42 - [TEST_STEP][PASSED] - Statement - Checker = false: null

2018-11-15 10:41:42 - [TEST_STEP][PASSED] - Statement - Checker = com.kms.katalon.core.webui.keyword.WebUiBuiltInKeywords.verifyElementHasAttribute(com.kms.katalon.core.testobject.ObjectRepository.findTestObject(Final Object Repo/Landing Page/BM Detecting), "href", 20, OPTIONAL): Object 'Object Repository/Final Object Repo/Landing Page/BM Detecting' has attribute 'href'

2018-11-15 10:41:42 - [MESSAGE][PASSED] - Object 'Object Repository/Final Object Repo/Landing Page/BM Detecting' has attribute 'href'

2018-11-15 10:41:42 - [TEST_STEP][PASSED] - Statement - out.println(Checker): null

2018-11-15 10:41:42 - [TEST_STEP][PASSED] - Statement - If (Checker == false): null

2018-11-15 10:41:42 - [TEST_STEP][PASSED] - Statement - Else: null

2018-11-15 10:41:42 - [TEST_STEP][PASSED] - delay: Delayed 2 second(s)

2018-11-15 10:41:44 - [MESSAGE][PASSED] - Delayed 2 second(s)

2018-11-15 10:41:44 - [TEST_STEP][PASSED] - delay: Delayed 1 second(s)

2018-11-15 10:41:45 - [MESSAGE][PASSED] - Delayed 1 second(s)

2018-11-15 10:41:45 - [TEST_STEP][PASSED] - navigateToUrl: Navigate to 'https://assist2-uat.perkeso.gov.my/web/registration/update/update-employer-information' successfully

2018-11-15 10:41:46 - [MESSAGE][PASSED] - Navigate to 'https://assist2-uat.perkeso.gov.my/web/registration/update/update-employer-information' successfully

2018-11-15 10:41:46 - [TEST_STEP][PASSED] - setText: Text 'E1102001065V ' is set on object 'Object Repository/Final Object Repo/Page_Update Employer Information/Employer Code'

2018-11-15 10:41:46 - [MESSAGE][PASSED] - Text 'E1102001065V ' is set on object 'Object Repository/Final Object Repo/Page_Update Employer Information/Employer Code'

2018-11-15 10:41:46 - [TEST_STEP][PASSED] - click: Object: 'Object Repository/Final Object Repo/Page_Update Employer Information/Search Button' is clicked on

2018-11-15 10:41:47 - [MESSAGE][PASSED] - Object: 'Object Repository/Final Object Repo/Page_Update Employer Information/Search Button' is clicked on

2018-11-15 10:41:47 - [TEST_STEP][PASSED] - click: Object: 'Object Repository/Final Object Repo/Page_Update Employer Information/Edit Button' is clicked on

2018-11-15 10:41:51 - [MESSAGE][PASSED] - Object: 'Object Repository/Final Object Repo/Page_Update Employer Information/Edit Button' is clicked on

2018-11-15 10:41:51 - [TEST_STEP][PASSED] - click: Object: 'Object Repository/Final Object Repo/Page_Update Employer Information/Business Entity' is clicked on

2018-11-15 10:41:51 - [MESSAGE][PASSED] - Object: 'Object Repository/Final Object Repo/Page_Update Employer Information/Business Entity' is clicked on

2018-11-15 10:41:51 - [TEST_STEP][PASSED] - Statement - CurrentBusinessEntity = "": null

2018-11-15 10:41:51 - [TEST_STEP][PASSED] - Statement - CurrentBusinessEntity = com.kms.katalon.core.webui.keyword.WebUiBuiltInKeywords.getText(com.kms.katalon.core.testobject.ObjectRepository.findTestObject(Final Object Repo/Page_Update Employer Information/Current Business Entity)): Text of object 'Object Repository/Final Object Repo/Page_Update Employer Information/Current Business Entity' is: 'Sole Proprietor / Individual Business'

2018-11-15 10:41:51 - [MESSAGE][PASSED] - Text of object 'Object Repository/Final Object Repo/Page_Update Employer Information/Current Business Entity' is: 'Sole Proprietor / Individual Business'

2018-11-15 10:41:51 - [TEST_STEP][PASSED] - Statement - out.println(CurrentBusinessEntity): null

2018-11-15 10:41:51 - [TEST_STEP][PASSED] - Statement - If (CurrentBusinessEntity == "Corporation"): null

2018-11-15 10:41:51 - [TEST_STEP][PASSED] - Statement - Else If (CurrentBusinessEntity == "Partnership"): null

2018-11-15 10:41:51 - [TEST_STEP][PASSED] - Statement - Else If (CurrentBusinessEntity == "Sole Proprietor / Individual Business"): Delayed 3 second(s)

2018-11-15 10:41:51 - [TEST_STEP][PASSED] - Statement - obj = com.kms.katalon.core.webui.keyword.WebUiBuiltInKeywords.modifyObjectProperty(com.kms.katalon.core.testobject.ObjectRepository.findTestObject(Final Object Repo/Page_Update Employer Information/change to this Business Entity), "xpath", "equals", "//ul/li/span[contains(text(),"Others")]", true, STOP_ON_FAILURE): Modify property of object successfully

2018-11-15 10:41:51 - [MESSAGE][PASSED] - Modify property of object successfully

2018-11-15 10:41:51 - [TEST_STEP][PASSED] - click: Object: 'Object Repository/Final Object Repo/Page_Update Employer Information/change to this Business Entity' is clicked on

2018-11-15 10:41:52 - [MESSAGE][PASSED] - Object: 'Object Repository/Final Object Repo/Page_Update Employer Information/change to this Business Entity' is clicked on

2018-11-15 10:41:52 - [TEST_STEP][PASSED] - delay: Delayed 1 second(s)

2018-11-15 10:41:53 - [MESSAGE][PASSED] - Delayed 1 second(s)

2018-11-15 10:41:53 - [TEST_STEP][PASSED] - click: Object: 'Object Repository/Final Object Repo/Page_Update Employer Information/Sub Business Entity' is clicked on

2018-11-15 10:41:53 - [MESSAGE][PASSED] - Object: 'Object Repository/Final Object Repo/Page_Update Employer Information/Sub Business Entity' is clicked on

2018-11-15 10:41:53 - [TEST_STEP][PASSED] - click: Object: 'Object Repository/Final Object Repo/Page_Update Employer Information/Sub Business Entity List - Others - Federal Government Agency' is clicked on

2018-11-15 10:41:54 - [MESSAGE][PASSED] - Object: 'Object Repository/Final Object Repo/Page_Update Employer Information/Sub Business Entity List - Others - Federal Government Agency' is clicked on

2018-11-15 10:41:54 - [TEST_STEP][PASSED] - delay: Delayed 1 second(s)

2018-11-15 10:41:55 - [MESSAGE][PASSED] - Delayed 1 second(s)

2018-11-15 10:41:55 - [TEST_STEP][PASSED] - click: Object: 'Object Repository/Final Object Repo/Page_Update Employer Information/Sub Business Entity List' is clicked on

2018-11-15 10:41:56 - [MESSAGE][PASSED] - Object: 'Object Repository/Final Object Repo/Page_Update Employer Information/Sub Business Entity List' is clicked on

2018-11-15 10:41:56 - [TEST_STEP][PASSED] - click: Object: 'Object Repository/Final Object Repo/Page_Update Employer Information/Sub Business Entity - Others - Federal Government Agency - Kementerian' is clicked on

2018-11-15 10:41:56 - [MESSAGE][PASSED] - Object: 'Object Repository/Final Object Repo/Page_Update Employer Information/Sub Business Entity - Others - Federal Government Agency - Kementerian' is clicked on

2018-11-15 10:41:56 - [TEST_STEP][PASSED] - delay: Delayed 3 second(s)

2018-11-15 10:41:59 - [MESSAGE][PASSED] - Delayed 3 second(s)

2018-11-15 10:41:59 - [TEST_STEP][PASSED] - delay: Delayed 4 second(s)

2018-11-15 10:42:03 - [MESSAGE][PASSED] - Delayed 4 second(s)

2018-11-15 10:42:03 - [TEST_STEP][PASSED] - click: Object: 'Object Repository/Final Object Repo/Page_Update Employer Information/Save  Continue' is clicked on

2018-11-15 10:42:08 - [MESSAGE][PASSED] - Object: 'Object Repository/Final Object Repo/Page_Update Employer Information/Save  Continue' is clicked on

2018-11-15 10:42:08 - [TEST_STEP][PASSED] - delay: Delayed 4 second(s)

2018-11-15 10:42:12 - [MESSAGE][PASSED] - Delayed 4 second(s)

2018-11-15 10:42:12 - [TEST_STEP][PASSED] - click: Object: 'Object Repository/Final Object Repo/Page_Update Employer Information/Save  Continue (1)' is clicked on

2018-11-15 10:42:16 - [MESSAGE][PASSED] - Object: 'Object Repository/Final Object Repo/Page_Update Employer Information/Save  Continue (1)' is clicked on

2018-11-15 10:42:16 - [TEST_STEP][PASSED] - Statement - CaseReferenceNo = com.kms.katalon.core.webui.keyword.WebUiBuiltInKeywords.getText(com.kms.katalon.core.testobject.ObjectRepository.findTestObject(Final Object Repo/Page_Update Employer Information/Reference Number in Update Employee Information Page)): Text of object 'Object Repository/Final Object Repo/Page_Update Employer Information/Reference Number in Update Employee Information Page' is: 'CUN112018C100005444'

2018-11-15 10:42:17 - [MESSAGE][PASSED] - Text of object 'Object Repository/Final Object Repo/Page_Update Employer Information/Reference Number in Update Employee Information Page' is: 'CUN112018C100005444'

2018-11-15 10:42:17 - [TEST_STEP][PASSED] - callTestCase: Call Test Case 'Test Cases/Final Aug 2018 - PKS Automation/Common/Reference Number Setter' successfully

2018-11-15 10:42:17 - [TEST_CASE][PASSED] - Test Cases/Final Aug 2018 - PKS Automation/Common/Reference Number Setter: Test Cases/Final Aug 2018 - PKS Automation/Common/Reference Number Setter

2018-11-15 10:42:17 - [TEST_STEP][PASSED] - Statement - RefNoOldFile = new java.io.File(C://KatalonReference.txt): null

2018-11-15 10:42:17 - [TEST_STEP][PASSED] - Statement - RefNoOldFile.delete(): null

2018-11-15 10:42:17 - [TEST_STEP][PASSED] - delay: Delayed 5 second(s)

2018-11-15 10:42:22 - [MESSAGE][PASSED] - Delayed 5 second(s)

2018-11-15 10:42:22 - [TEST_STEP][PASSED] - Statement - RefNo = new java.io.File(C://KatalonReference.txt): null

2018-11-15 10:42:22 - [TEST_STEP][PASSED] - Statement - f2 = new java.io.FileWriter(RefNo, false): null

2018-11-15 10:42:22 - [TEST_STEP][PASSED] - Statement - f2.write(CaseReferenceNo): null

2018-11-15 10:42:22 - [TEST_STEP][PASSED] - Statement - f2.close(): null

2018-11-15 10:42:22 - [TEST_STEP][PASSED] - Statement - out.println("


" + CaseReferenceNo + "


"): null

2018-11-15 10:42:22 - [MESSAGE][PASSED] - Call Test Case 'Test Cases/Final Aug 2018 - PKS Automation/Common/Reference Number Setter' successfully

2018-11-15 10:42:22 - [TEST_STEP][PASSED] - delay: Delayed 4 second(s)

2018-11-15 10:42:26 - [MESSAGE][PASSED] - Delayed 4 second(s)

2018-11-15 10:42:26 - [TEST_STEP][PASSED] - click: Object: 'Object Repository/Final Object Repo/Page_Update Employer Information/Submit - Copy' is clicked on

2018-11-15 10:42:26 - [MESSAGE][PASSED] - Object: 'Object Repository/Final Object Repo/Page_Update Employer Information/Submit - Copy' is clicked on

2018-11-15 10:42:26 - [TEST_STEP][PASSED] - delay: Delayed 2 second(s)

2018-11-15 10:42:28 - [MESSAGE][PASSED] - Delayed 2 second(s)

2018-11-15 10:42:28 - [TEST_STEP][PASSED] - click: Object: 'Object Repository/Final Object Repo/Page_Update Employer Information/Confirm' is clicked on

2018-11-15 10:42:33 - [MESSAGE][PASSED] - Object: 'Object Repository/Final Object Repo/Page_Update Employer Information/Confirm' is clicked on

2018-11-15 10:42:33 - [TEST_STEP][PASSED] - delay: Delayed 2 second(s)

2018-11-15 10:42:35 - [MESSAGE][PASSED] - Delayed 2 second(s)

2018-11-15 10:42:35 - [TEST_STEP][PASSED] - click: Object: 'Object Repository/Final Object Repo/Page_Update Employer Information/Message Your Request will be route' is clicked on

2018-11-15 10:42:35 - [MESSAGE][PASSED] - Object: 'Object Repository/Final Object Repo/Page_Update Employer Information/Message Your Request will be route' is clicked on

2018-11-15 10:42:35 - [MESSAGE][PASSED] - Call Test Case 'Test Cases/Final Aug 2018 - PKS Automation/Registration Module/Workflow/Update Employer Information/Template/Update Employer Information - Special Case (PAU)' successfully

2018-11-15 10:42:35 - [TEST_STEP][PASSED] - callTestCase: Call Test Case 'Test Cases/Final Aug 2018 - PKS Automation/Registration Module/Workflow/Update Employer Information/Template/Update Employer Information - Special Case - UO (Approve)' successfully

2018-11-15 10:42:35 - [TEST_CASE][PASSED] - Test Cases/Final Aug 2018 - PKS Automation/Registration Module/Workflow/Update Employer Information/Template/Update Employer Information - Special Case - UO (Approve): Test Cases/Final Aug 2018 - PKS Automation/Registration Module/Workflow/Update Employer Information/Template/Update Employer Information - Special Case - UO (Approve)

2018-11-15 10:42:35 - [TEST_STEP][NOT_RUN] - callTestCase: NOT_RUN: callTestCase

2018-11-15 10:42:35 - [MESSAGE][NOT_RUN] - NOT_RUN: callTestCase

2018-11-15 10:42:35 - [TEST_STEP][NOT_RUN] - delay: NOT_RUN: delay

2018-11-15 10:42:35 - [MESSAGE][NOT_RUN] - NOT_RUN: delay

2018-11-15 10:42:35 - [TEST_STEP][NOT_RUN] - navigateToUrl: NOT_RUN: navigateToUrl

2018-11-15 10:42:35 - [MESSAGE][NOT_RUN] - NOT_RUN: navigateToUrl

2018-11-15 10:42:35 - [TEST_STEP][PASSED] - delay: Delayed 1 second(s)

2018-11-15 10:42:36 - [MESSAGE][PASSED] - Delayed 1 second(s)

2018-11-15 10:42:36 - [TEST_STEP][PASSED] - callTestCase: Call Test Case 'Test Cases/Final Aug 2018 - PKS Automation/Common/Reference Number Getter' successfully

2018-11-15 10:42:36 - [TEST_CASE][PASSED] - Test Cases/Final Aug 2018 - PKS Automation/Common/Reference Number Getter: Test Cases/Final Aug 2018 - PKS Automation/Common/Reference Number Getter

2018-11-15 10:42:36 - [TEST_STEP][PASSED] - Statement - Try: null

2018-11-15 10:42:36 - [TEST_STEP][PASSED] - Statement - RefNo = new java.io.File(C://KatalonReference.txt): null

2018-11-15 10:42:36 - [TEST_STEP][PASSED] - Statement - bufferread = new java.io.BufferedReader(new java.io.FileReader(RefNo)): null

2018-11-15 10:42:36 - [TEST_STEP][PASSED] - Statement - readedVal = bufferread.readLine(): null

2018-11-15 10:42:36 - [TEST_STEP][PASSED] - Statement - out.println(CaseReferenceNo): null

2018-11-15 10:42:36 - [TEST_STEP][PASSED] - Statement - out.println(readedVal): null

2018-11-15 10:42:36 - [TEST_STEP][PASSED] - Statement - CaseReferenceNo = "": null

2018-11-15 10:42:36 - [TEST_STEP][PASSED] - Statement - CaseReferenceNo = readedVal: null

2018-11-15 10:42:36 - [MESSAGE][PASSED] - Call Test Case 'Test Cases/Final Aug 2018 - PKS Automation/Common/Reference Number Getter' successfully

2018-11-15 10:42:36 - [TEST_STEP][PASSED] - callTestCase: Call Test Case 'Test Cases/Final Aug 2018 - PKS Automation/Common/Workflow Owner Finder' successfully

2018-11-15 10:42:36 - [TEST_CASE][PASSED] - Test Cases/Final Aug 2018 - PKS Automation/Common/Workflow Owner Finder: Test Cases/Final Aug 2018 - PKS Automation/Common/Workflow Owner Finder

2018-11-15 10:42:36 - [TEST_STEP][PASSED] - openBrowser: Browser is opened with url: ''

2018-11-15 10:42:36 - [MESSAGE][WARNING] - A browser is already opened. Closing browser and opening a new one

2018-11-15 10:42:41 - [MESSAGE][PASSED] - Browser is opened with url: ''

2018-11-15 10:42:41 - [TEST_STEP][PASSED] - navigateToUrl: Navigate to 'https://assist2-uat.perkeso.gov.my/login' successfully

2018-11-15 10:42:43 - [MESSAGE][PASSED] - Navigate to 'https://assist2-uat.perkeso.gov.my/login' successfully

2018-11-15 10:42:43 - [TEST_STEP][PASSED] - delay: Delayed 5 second(s)

2018-11-15 10:42:48 - [MESSAGE][PASSED] - Delayed 5 second(s)

2018-11-15 10:42:48 - [TEST_STEP][PASSED] - setText: Text 'test@liferay.com' is set on object 'Object Repository/Final Object Repo/Login Page/Internal User/Email Address'

2018-11-15 10:42:48 - [MESSAGE][PASSED] - Text 'test@liferay.com' is set on object 'Object Repository/Final Object Repo/Login Page/Internal User/Email Address'

2018-11-15 10:42:48 - [TEST_STEP][PASSED] - click: Object: 'Object Repository/Final Object Repo/Login Page/Internal User/Next Button' is clicked on

2018-11-15 10:42:49 - [MESSAGE][PASSED] - Object: 'Object Repository/Final Object Repo/Login Page/Internal User/Next Button' is clicked on

2018-11-15 10:42:49 - [TEST_STEP][PASSED] - delay: Delayed 2 second(s)

2018-11-15 10:42:51 - [MESSAGE][PASSED] - Delayed 2 second(s)

2018-11-15 10:42:51 - [TEST_STEP][PASSED] - setText: Text 'test' is set on object 'Object Repository/Final Object Repo/Login Page/Internal User/Password'

2018-11-15 10:42:51 - [MESSAGE][PASSED] - Text 'test' is set on object 'Object Repository/Final Object Repo/Login Page/Internal User/Password'

2018-11-15 10:42:51 - [TEST_STEP][PASSED] - delay: Delayed 2 second(s)

2018-11-15 10:42:53 - [MESSAGE][PASSED] - Delayed 2 second(s)

2018-11-15 10:42:53 - [TEST_STEP][PASSED] - click: Object: 'Object Repository/Final Object Repo/Login Page/Internal User/Login Button' is clicked on

2018-11-15 10:42:56 - [MESSAGE][PASSED] - Object: 'Object Repository/Final Object Repo/Login Page/Internal User/Login Button' is clicked on

2018-11-15 10:42:56 - [TEST_STEP][PASSED] - Statement - Try: Delayed 2 second(s)

2018-11-15 10:42:56 - [TEST_STEP][PASSED] - Statement - Checker = false: null

2018-11-15 10:42:56 - [TEST_STEP][PASSED] - Statement - Checker = com.kms.katalon.core.webui.keyword.WebUiBuiltInKeywords.verifyElementHasAttribute(com.kms.katalon.core.testobject.ObjectRepository.findTestObject(Final Object Repo/Landing Page/BM Detecting), "href", 20, OPTIONAL): Object 'Object Repository/Final Object Repo/Landing Page/BM Detecting' has attribute 'href'

2018-11-15 10:42:56 - [MESSAGE][PASSED] - Object 'Object Repository/Final Object Repo/Landing Page/BM Detecting' has attribute 'href'

2018-11-15 10:42:56 - [TEST_STEP][PASSED] - Statement - out.println(Checker): null

2018-11-15 10:42:56 - [TEST_STEP][PASSED] - Statement - If (Checker == false): null

2018-11-15 10:42:56 - [TEST_STEP][PASSED] - Statement - Else: null

2018-11-15 10:42:56 - [TEST_STEP][PASSED] - delay: Delayed 2 second(s)

2018-11-15 10:42:58 - [MESSAGE][PASSED] - Delayed 2 second(s)

2018-11-15 10:42:58 - [TEST_STEP][PASSED] - delay: Delayed 3 second(s)

2018-11-15 10:43:01 - [MESSAGE][PASSED] - Delayed 3 second(s)

2018-11-15 10:43:01 - [TEST_STEP][PASSED] - mouseOver: Object: 'Object Repository/Final Object Repo/Landing Page/WorkFlow Menu' is hovered

2018-11-15 10:43:01 - [MESSAGE][PASSED] - Object: 'Object Repository/Final Object Repo/Landing Page/WorkFlow Menu' is hovered

2018-11-15 10:43:01 - [TEST_STEP][PASSED] - delay: Delayed 2 second(s)

2018-11-15 10:43:03 - [MESSAGE][PASSED] - Delayed 2 second(s)

2018-11-15 10:43:03 - [TEST_STEP][PASSED] - click: Object: 'Object Repository/Final Object Repo/Landing Page/Select to Workflow Listing' is clicked on

2018-11-15 10:43:04 - [MESSAGE][PASSED] - Object: 'Object Repository/Final Object Repo/Landing Page/Select to Workflow Listing' is clicked on

2018-11-15 10:43:04 - [TEST_STEP][PASSED] - delay: Delayed 2 second(s)

2018-11-15 10:43:06 - [MESSAGE][PASSED] - Delayed 2 second(s)

2018-11-15 10:43:06 - [TEST_STEP][PASSED] - click: Object: 'Object Repository/Final Object Repo/WorkFlow Listing Page/Search Information - To Put Ref No' is clicked on

2018-11-15 10:43:06 - [MESSAGE][PASSED] - Object: 'Object Repository/Final Object Repo/WorkFlow Listing Page/Search Information - To Put Ref No' is clicked on

2018-11-15 10:43:06 - [TEST_STEP][PASSED] - delay: Delayed 2 second(s)

2018-11-15 10:43:08 - [MESSAGE][PASSED] - Delayed 2 second(s)

2018-11-15 10:43:08 - [TEST_STEP][PASSED] - callTestCase: Call Test Case 'Test Cases/Final Aug 2018 - PKS Automation/Common/Reference Number Getter' successfully

2018-11-15 10:43:09 - [TEST_CASE][PASSED] - Test Cases/Final Aug 2018 - PKS Automation/Common/Reference Number Getter: Test Cases/Final Aug 2018 - PKS Automation/Common/Reference Number Getter

2018-11-15 10:43:09 - [TEST_STEP][PASSED] - Statement - Try: null

2018-11-15 10:43:09 - [TEST_STEP][PASSED] - Statement - RefNo = new java.io.File(C://KatalonReference.txt): null

2018-11-15 10:43:09 - [TEST_STEP][PASSED] - Statement - bufferread = new java.io.BufferedReader(new java.io.FileReader(RefNo)): null

2018-11-15 10:43:09 - [TEST_STEP][PASSED] - Statement - readedVal = bufferread.readLine(): null

2018-11-15 10:43:09 - [TEST_STEP][PASSED] - Statement - out.println(CaseReferenceNo): null

2018-11-15 10:43:09 - [TEST_STEP][PASSED] - Statement - out.println(readedVal): null

2018-11-15 10:43:09 - [TEST_STEP][PASSED] - Statement - CaseReferenceNo = "": null

2018-11-15 10:43:09 - [TEST_STEP][PASSED] - Statement - CaseReferenceNo = readedVal: null

2018-11-15 10:43:09 - [MESSAGE][PASSED] - Call Test Case 'Test Cases/Final Aug 2018 - PKS Automation/Common/Reference Number Getter' successfully

2018-11-15 10:43:09 - [TEST_STEP][PASSED] - setText: Text 'CUN112018C100005444' is set on object 'Object Repository/Final Object Repo/WorkFlow Listing Page/Ref No Set Text'

2018-11-15 10:43:09 - [MESSAGE][PASSED] - Text 'CUN112018C100005444' is set on object 'Object Repository/Final Object Repo/WorkFlow Listing Page/Ref No Set Text'

2018-11-15 10:43:09 - [TEST_STEP][PASSED] - delay: Delayed 2 second(s)

2018-11-15 10:43:11 - [MESSAGE][PASSED] - Delayed 2 second(s)

2018-11-15 10:43:11 - [TEST_STEP][PASSED] - click: Object: 'Object Repository/Final Object Repo/WorkFlow Listing Page/Search Ref No Search Button' is clicked on

2018-11-15 10:43:12 - [MESSAGE][PASSED] - Object: 'Object Repository/Final Object Repo/WorkFlow Listing Page/Search Ref No Search Button' is clicked on

2018-11-15 10:43:12 - [TEST_STEP][PASSED] - delay: Delayed 4 second(s)

2018-11-15 10:43:16 - [MESSAGE][PASSED] - Delayed 4 second(s)

2018-11-15 10:43:16 - [TEST_STEP][PASSED] - click: Object: 'Object Repository/Final Object Repo/WorkFlow Listing Page/Click Continue Tooltip' is clicked on

2018-11-15 10:43:18 - [MESSAGE][PASSED] - Object: 'Object Repository/Final Object Repo/WorkFlow Listing Page/Click Continue Tooltip' is clicked on

2018-11-15 10:43:18 - [TEST_STEP][PASSED] - delay: Delayed 5 second(s)

2018-11-15 10:43:23 - [MESSAGE][PASSED] - Delayed 5 second(s)

2018-11-15 10:43:23 - [TEST_STEP][PASSED] - doubleClick: Object: 'Object Repository/Final Object Repo/WorkFlow Listing Page/Workflow Found - Listing 1' is double clicked on

2018-11-15 10:43:23 - [MESSAGE][PASSED] - Object: 'Object Repository/Final Object Repo/WorkFlow Listing Page/Workflow Found - Listing 1' is double clicked on

2018-11-15 10:43:23 - [TEST_STEP][PASSED] - Statement - println(OwnerID): null

2018-11-15 10:43:23 - [TEST_STEP][PASSED] - Statement - OwnerID = com.kms.katalon.core.webui.keyword.WebUiBuiltInKeywords.getText(com.kms.katalon.core.testobject.ObjectRepository.findTestObject(Final Object Repo/WorkFlow Listing Page/Workflow Found - Listing 1), STOP_ON_FAILURE): Text of object 'Object Repository/Final Object Repo/WorkFlow Listing Page/Workflow Found - Listing 1' is: 'JOHORuo1'

2018-11-15 10:43:23 - [MESSAGE][PASSED] - Text of object 'Object Repository/Final Object Repo/WorkFlow Listing Page/Workflow Found - Listing 1' is: 'JOHORuo1'

2018-11-15 10:43:23 - [TEST_STEP][PASSED] - Statement - OwnerID = OwnerID.toLowerCase() + "@gmail.com": null

2018-11-15 10:43:23 - [TEST_STEP][PASSED] - Statement - println(OwnerID): null

2018-11-15 10:43:23 - [TEST_STEP][PASSED] - delay: Delayed 2 second(s)

2018-11-15 10:43:25 - [MESSAGE][PASSED] - Delayed 2 second(s)

2018-11-15 10:43:25 - [MESSAGE][PASSED] - Call Test Case 'Test Cases/Final Aug 2018 - PKS Automation/Common/Workflow Owner Finder' successfully

2018-11-15 10:43:25 - [TEST_STEP][PASSED] - delay: Delayed 1 second(s)

2018-11-15 10:43:26 - [MESSAGE][PASSED] - Delayed 1 second(s)

2018-11-15 10:43:26 - [TEST_STEP][PASSED] - navigateToUrl: Navigate to 'https://assist2-uat.perkeso.gov.my/c/portal/logout' successfully

2018-11-15 10:43:27 - [MESSAGE][PASSED] - Navigate to 'https://assist2-uat.perkeso.gov.my/c/portal/logout' successfully

2018-11-15 10:43:27 - [TEST_STEP][PASSED] - callTestCase: Call Test Case 'Test Cases/Final Aug 2018 - PKS Automation/Registration Module/Workflow/Login and Search Case For Workflow' successfully

2018-11-15 10:43:27 - [TEST_CASE][PASSED] - Test Cases/Final Aug 2018 - PKS Automation/Registration Module/Workflow/Login and Search Case For Workflow: Test Cases/Final Aug 2018 - PKS Automation/Registration Module/Workflow/Login and Search Case For Workflow

2018-11-15 10:43:27 - [TEST_STEP][PASSED] - navigateToUrl: Navigate to 'https://assist2-uat.perkeso.gov.my/login' successfully

2018-11-15 10:43:28 - [MESSAGE][PASSED] - Navigate to 'https://assist2-uat.perkeso.gov.my/login' successfully

2018-11-15 10:43:28 - [TEST_STEP][PASSED] - setText: Text 'johoruo1@gmail.com' is set on object 'Object Repository/Final Object Repo/Login Page/Internal User/Email Address'

2018-11-15 10:43:28 - [MESSAGE][PASSED] - Text 'johoruo1@gmail.com' is set on object 'Object Repository/Final Object Repo/Login Page/Internal User/Email Address'

2018-11-15 10:43:28 - [TEST_STEP][PASSED] - click: Object: 'Object Repository/Final Object Repo/Login Page/Internal User/Next Button' is clicked on

2018-11-15 10:43:28 - [MESSAGE][PASSED] - Object: 'Object Repository/Final Object Repo/Login Page/Internal User/Next Button' is clicked on

2018-11-15 10:43:28 - [TEST_STEP][PASSED] - delay: Delayed 1 second(s)

2018-11-15 10:43:29 - [MESSAGE][PASSED] - Delayed 1 second(s)

2018-11-15 10:43:29 - [TEST_STEP][PASSED] - setEncryptedText: Text ****** has been set on object 'Object Repository/Final Object Repo/Login Page/Internal User/Password'

2018-11-15 10:43:30 - [MESSAGE][PASSED] - Text ****** has been set on object 'Object Repository/Final Object Repo/Login Page/Internal User/Password'

2018-11-15 10:43:30 - [TEST_STEP][PASSED] - click: Object: 'Object Repository/Final Object Repo/Login Page/Internal User/Login Button' is clicked on

2018-11-15 10:43:32 - [MESSAGE][PASSED] - Object: 'Object Repository/Final Object Repo/Login Page/Internal User/Login Button' is clicked on

2018-11-15 10:43:32 - [TEST_STEP][PASSED] - delay: Delayed 2 second(s)

2018-11-15 10:43:34 - [MESSAGE][PASSED] - Delayed 2 second(s)

2018-11-15 10:43:34 - [TEST_STEP][PASSED] - Statement - Try: Delayed 2 second(s)

2018-11-15 10:43:34 - [TEST_STEP][PASSED] - Statement - Checker = false: null

2018-11-15 10:43:34 - [TEST_STEP][PASSED] - Statement - Checker = com.kms.katalon.core.webui.keyword.WebUiBuiltInKeywords.verifyElementHasAttribute(com.kms.katalon.core.testobject.ObjectRepository.findTestObject(Final Object Repo/Landing Page/BM Detecting), "href", 20, OPTIONAL): Object 'Object Repository/Final Object Repo/Landing Page/BM Detecting' has attribute 'href'

2018-11-15 10:43:34 - [MESSAGE][PASSED] - Object 'Object Repository/Final Object Repo/Landing Page/BM Detecting' has attribute 'href'

2018-11-15 10:43:34 - [TEST_STEP][PASSED] - Statement - out.println(Checker): null

2018-11-15 10:43:34 - [TEST_STEP][PASSED] - Statement - If (Checker == false): null

2018-11-15 10:43:34 - [TEST_STEP][PASSED] - Statement - Else: null

2018-11-15 10:43:34 - [TEST_STEP][PASSED] - delay: Delayed 2 second(s)

2018-11-15 10:43:36 - [MESSAGE][PASSED] - Delayed 2 second(s)

2018-11-15 10:43:36 - [TEST_STEP][PASSED] - click: Object: 'Object Repository/Final Object Repo/Page_MyASSIST - ASSIST - Search Pending Case For Add Supporting Document/Search Information' is clicked on

2018-11-15 10:43:36 - [MESSAGE][PASSED] - Object: 'Object Repository/Final Object Repo/Page_MyASSIST - ASSIST - Search Pending Case For Add Supporting Document/Search Information' is clicked on

2018-11-15 10:43:36 - [TEST_STEP][PASSED] - delay: Delayed 3 second(s)

2018-11-15 10:43:39 - [MESSAGE][PASSED] - Delayed 3 second(s)

2018-11-15 10:43:39 - [TEST_STEP][PASSED] - sendKeys: Keys 'CUN112018C100005444' sent to object: 'Object Repository/Final Object Repo/Page_MyASSIST - ASSIST - Search Pending Case For Add Supporting Document/Reference No'

2018-11-15 10:43:39 - [MESSAGE][PASSED] - Keys 'CUN112018C100005444' sent to object: 'Object Repository/Final Object Repo/Page_MyASSIST - ASSIST - Search Pending Case For Add Supporting Document/Reference No'

2018-11-15 10:43:39 - [TEST_STEP][PASSED] - click: Object: 'Object Repository/Final Object Repo/Page_MyASSIST - ASSIST - Search Pending Case For Add Supporting Document/Search Reference No' is clicked on

2018-11-15 10:43:41 - [MESSAGE][PASSED] - Object: 'Object Repository/Final Object Repo/Page_MyASSIST - ASSIST - Search Pending Case For Add Supporting Document/Search Reference No' is clicked on

2018-11-15 10:43:41 - [TEST_STEP][PASSED] - delay: Delayed 2 second(s)

2018-11-15 10:43:43 - [MESSAGE][PASSED] - Delayed 2 second(s)

2018-11-15 10:43:43 - [TEST_STEP][PASSED] - click: Object: 'Object Repository/Final Object Repo/Page_MyASSIST - ASSIST - Search Pending Case For Add Supporting Document/Continue' is clicked on

2018-11-15 10:43:47 - [MESSAGE][PASSED] - Object: 'Object Repository/Final Object Repo/Page_MyASSIST - ASSIST - Search Pending Case For Add Supporting Document/Continue' is clicked on

2018-11-15 10:43:47 - [TEST_STEP][PASSED] - delay: Delayed 20 second(s)

2018-11-15 10:44:07 - [MESSAGE][PASSED] - Delayed 20 second(s)

2018-11-15 10:44:07 - [MESSAGE][PASSED] - Call Test Case 'Test Cases/Final Aug 2018 - PKS Automation/Registration Module/Workflow/Login and Search Case For Workflow' successfully

2018-11-15 10:44:07 - [TEST_STEP][PASSED] - delay: Delayed 10 second(s)

2018-11-15 10:44:17 - [MESSAGE][PASSED] - Delayed 10 second(s)

2018-11-15 10:44:17 - [TEST_STEP][PASSED] - click: Object: 'Object Repository/Final Object Repo/Page_Update Employer Information/Page_Update Employer Information UO (Approve)/Continue' is clicked on

2018-11-15 10:44:21 - [MESSAGE][PASSED] - Object: 'Object Repository/Final Object Repo/Page_Update Employer Information/Page_Update Employer Information UO (Approve)/Continue' is clicked on

2018-11-15 10:44:21 - [TEST_STEP][PASSED] - delay: Delayed 10 second(s)

2018-11-15 10:44:31 - [MESSAGE][PASSED] - Delayed 10 second(s)

2018-11-15 10:44:31 - [TEST_STEP][PASSED] - click: Object: 'Object Repository/Final Object Repo/Page_Update Employer Information/Page_Update Employer Information UO (Approve)/Save  Continue in Update Employer Information Page' is clicked on

2018-11-15 10:44:32 - [MESSAGE][PASSED] - Object: 'Object Repository/Final Object Repo/Page_Update Employer Information/Page_Update Employer Information UO (Approve)/Save  Continue in Update Employer Information Page' is clicked on

2018-11-15 10:44:32 - [TEST_STEP][PASSED] - delay: Delayed 3 second(s)

2018-11-15 10:44:35 - [MESSAGE][PASSED] - Delayed 3 second(s)

2018-11-15 10:44:35 - [TEST_STEP][PASSED] - click: Object: 'Object Repository/Final Object Repo/Page_Update Employer Information/Page_Update Employer Information UO (Approve)/Save  Continue in Uploading Supporting Document Page' is clicked on

2018-11-15 10:44:41 - [MESSAGE][PASSED] - Object: 'Object Repository/Final Object Repo/Page_Update Employer Information/Page_Update Employer Information UO (Approve)/Save  Continue in Uploading Supporting Document Page' is clicked on

2018-11-15 10:44:41 - [TEST_STEP][PASSED] - delay: Delayed 3 second(s)

2018-11-15 10:44:44 - [MESSAGE][PASSED] - Delayed 3 second(s)

2018-11-15 10:44:44 - [TEST_STEP][PASSED] - click: Object: 'Object Repository/Final Object Repo/Page_Update Employer Information/Page_Update Employer Information UO (Approve)/Approve' is clicked on

2018-11-15 10:44:45 - [MESSAGE][PASSED] - Object: 'Object Repository/Final Object Repo/Page_Update Employer Information/Page_Update Employer Information UO (Approve)/Approve' is clicked on

2018-11-15 10:44:45 - [TEST_STEP][PASSED] - delay: Delayed 2 second(s)

2018-11-15 10:44:47 - [MESSAGE][PASSED] - Delayed 2 second(s)

2018-11-15 10:44:47 - [TEST_STEP][PASSED] - click: Object: 'Object Repository/Final Object Repo/Page_Update Employer Information/Page_Update Employer Information UO (Approve)/Confirm' is clicked on

2018-11-15 10:44:52 - [MESSAGE][PASSED] - Object: 'Object Repository/Final Object Repo/Page_Update Employer Information/Page_Update Employer Information UO (Approve)/Confirm' is clicked on

2018-11-15 10:44:52 - [TEST_STEP][PASSED] - delay: Delayed 2 second(s)

2018-11-15 10:44:54 - [MESSAGE][PASSED] - Delayed 2 second(s)

2018-11-15 10:44:54 - [TEST_STEP][PASSED] - verifyElementVisible: Object 'Object Repository/Final Object Repo/Page_Update Employer Information/Page_Update Employer Information UO (Approve)/Message Your Request' is visible

2018-11-15 10:44:57 - [MESSAGE][PASSED] - Object 'Object Repository/Final Object Repo/Page_Update Employer Information/Page_Update Employer Information UO (Approve)/Message Your Request' is visible

2018-11-15 10:44:57 - [TEST_STEP][PASSED] - verifyElementVisible: Object 'Object Repository/Final Object Repo/Page_Update Employer Information/Page_Update Employer Information UO (Approve)/Letter of successful update' is visible

2018-11-15 10:44:58 - [MESSAGE][PASSED] - Object 'Object Repository/Final Object Repo/Page_Update Employer Information/Page_Update Employer Information UO (Approve)/Letter of successful update' is visible

2018-11-15 10:44:58 - [MESSAGE][PASSED] - Call Test Case 'Test Cases/Final Aug 2018 - PKS Automation/Registration Module/Workflow/Update Employer Information/Template/Update Employer Information - Special Case - UO (Approve)' successfully]]></system-out>
         <system-err><![CDATA[]]></system-err>
      </testcase>
      <testcase name="Test Cases/Final Aug 2018 - PKS Automation/Registration Module/Workflow/Update Employer Information/PAU - UO (Query)" classname="Test Cases/Final Aug 2018 - PKS Automation/Registration Module/Workflow/Update Employer Information/PAU - UO (Query)" status="PASSED">
         <system-out><![CDATA[2018-11-15 10:44:58 - [TEST_CASE][PASSED] - Test Cases/Final Aug 2018 - PKS Automation/Registration Module/Workflow/Update Employer Information/PAU - UO (Query): Test Cases/Final Aug 2018 - PKS Automation/Registration Module/Workflow/Update Employer Information/PAU - UO (Query)

2018-11-15 10:44:58 - [TEST_STEP][PASSED] - callTestCase: Call Test Case 'Test Cases/Final Aug 2018 - PKS Automation/Registration Module/Workflow/Update Employer Information/Template/Update Employer Information - Special Case (PAU)' successfully

2018-11-15 10:44:58 - [TEST_CASE][PASSED] - Test Cases/Final Aug 2018 - PKS Automation/Registration Module/Workflow/Update Employer Information/Template/Update Employer Information - Special Case (PAU): Test Cases/Final Aug 2018 - PKS Automation/Registration Module/Workflow/Update Employer Information/Template/Update Employer Information - Special Case (PAU)

2018-11-15 10:44:58 - [TEST_STEP][PASSED] - openBrowser: Browser is opened with url: ''

2018-11-15 10:44:58 - [MESSAGE][WARNING] - A browser is already opened. Closing browser and opening a new one

2018-11-15 10:45:08 - [MESSAGE][PASSED] - Browser is opened with url: ''

2018-11-15 10:45:08 - [TEST_STEP][PASSED] - navigateToUrl: Navigate to 'https://assist2-uat.perkeso.gov.my/login' successfully

2018-11-15 10:45:10 - [MESSAGE][PASSED] - Navigate to 'https://assist2-uat.perkeso.gov.my/login' successfully

2018-11-15 10:45:10 - [TEST_STEP][PASSED] - setText: Text 'johorpau1@gmail.com' is set on object 'Object Repository/Final Object Repo/Login Page/Internal User/Email Address'

2018-11-15 10:45:10 - [MESSAGE][PASSED] - Text 'johorpau1@gmail.com' is set on object 'Object Repository/Final Object Repo/Login Page/Internal User/Email Address'

2018-11-15 10:45:10 - [TEST_STEP][PASSED] - click: Object: 'Object Repository/Final Object Repo/Login Page/Internal User/Next Button' is clicked on

2018-11-15 10:45:10 - [MESSAGE][PASSED] - Object: 'Object Repository/Final Object Repo/Login Page/Internal User/Next Button' is clicked on

2018-11-15 10:45:10 - [TEST_STEP][PASSED] - delay: Delayed 1 second(s)

2018-11-15 10:45:11 - [MESSAGE][PASSED] - Delayed 1 second(s)

2018-11-15 10:45:11 - [TEST_STEP][PASSED] - setEncryptedText: Text ****** has been set on object 'Object Repository/Final Object Repo/Login Page/Internal User/Password'

2018-11-15 10:45:11 - [MESSAGE][PASSED] - Text ****** has been set on object 'Object Repository/Final Object Repo/Login Page/Internal User/Password'

2018-11-15 10:45:11 - [TEST_STEP][PASSED] - click: Object: 'Object Repository/Final Object Repo/Login Page/Internal User/Login Button' is clicked on

2018-11-15 10:45:14 - [MESSAGE][PASSED] - Object: 'Object Repository/Final Object Repo/Login Page/Internal User/Login Button' is clicked on

2018-11-15 10:45:14 - [TEST_STEP][PASSED] - Statement - Try: Delayed 2 second(s)

2018-11-15 10:45:14 - [TEST_STEP][PASSED] - Statement - Checker = false: null

2018-11-15 10:45:14 - [TEST_STEP][PASSED] - Statement - Checker = com.kms.katalon.core.webui.keyword.WebUiBuiltInKeywords.verifyElementHasAttribute(com.kms.katalon.core.testobject.ObjectRepository.findTestObject(Final Object Repo/Landing Page/BM Detecting), "href", 20, OPTIONAL): Object 'Object Repository/Final Object Repo/Landing Page/BM Detecting' has attribute 'href'

2018-11-15 10:45:14 - [MESSAGE][PASSED] - Object 'Object Repository/Final Object Repo/Landing Page/BM Detecting' has attribute 'href'

2018-11-15 10:45:14 - [TEST_STEP][PASSED] - Statement - out.println(Checker): null

2018-11-15 10:45:14 - [TEST_STEP][PASSED] - Statement - If (Checker == false): null

2018-11-15 10:45:14 - [TEST_STEP][PASSED] - Statement - Else: null

2018-11-15 10:45:14 - [TEST_STEP][PASSED] - delay: Delayed 2 second(s)

2018-11-15 10:45:16 - [MESSAGE][PASSED] - Delayed 2 second(s)

2018-11-15 10:45:16 - [TEST_STEP][PASSED] - delay: Delayed 1 second(s)

2018-11-15 10:45:17 - [MESSAGE][PASSED] - Delayed 1 second(s)

2018-11-15 10:45:17 - [TEST_STEP][PASSED] - navigateToUrl: Navigate to 'https://assist2-uat.perkeso.gov.my/web/registration/update/update-employer-information' successfully

2018-11-15 10:45:18 - [MESSAGE][PASSED] - Navigate to 'https://assist2-uat.perkeso.gov.my/web/registration/update/update-employer-information' successfully

2018-11-15 10:45:18 - [TEST_STEP][PASSED] - setText: Text 'E1102001065V ' is set on object 'Object Repository/Final Object Repo/Page_Update Employer Information/Employer Code'

2018-11-15 10:45:18 - [MESSAGE][PASSED] - Text 'E1102001065V ' is set on object 'Object Repository/Final Object Repo/Page_Update Employer Information/Employer Code'

2018-11-15 10:45:18 - [TEST_STEP][PASSED] - click: Object: 'Object Repository/Final Object Repo/Page_Update Employer Information/Search Button' is clicked on

2018-11-15 10:45:20 - [MESSAGE][PASSED] - Object: 'Object Repository/Final Object Repo/Page_Update Employer Information/Search Button' is clicked on

2018-11-15 10:45:20 - [TEST_STEP][PASSED] - click: Object: 'Object Repository/Final Object Repo/Page_Update Employer Information/Edit Button' is clicked on

2018-11-15 10:45:23 - [MESSAGE][PASSED] - Object: 'Object Repository/Final Object Repo/Page_Update Employer Information/Edit Button' is clicked on

2018-11-15 10:45:23 - [TEST_STEP][PASSED] - click: Object: 'Object Repository/Final Object Repo/Page_Update Employer Information/Business Entity' is clicked on

2018-11-15 10:45:23 - [MESSAGE][PASSED] - Object: 'Object Repository/Final Object Repo/Page_Update Employer Information/Business Entity' is clicked on

2018-11-15 10:45:23 - [TEST_STEP][PASSED] - Statement - CurrentBusinessEntity = "": null

2018-11-15 10:45:23 - [TEST_STEP][PASSED] - Statement - CurrentBusinessEntity = com.kms.katalon.core.webui.keyword.WebUiBuiltInKeywords.getText(com.kms.katalon.core.testobject.ObjectRepository.findTestObject(Final Object Repo/Page_Update Employer Information/Current Business Entity)): Text of object 'Object Repository/Final Object Repo/Page_Update Employer Information/Current Business Entity' is: 'Others'

2018-11-15 10:45:23 - [MESSAGE][PASSED] - Text of object 'Object Repository/Final Object Repo/Page_Update Employer Information/Current Business Entity' is: 'Others'

2018-11-15 10:45:23 - [TEST_STEP][PASSED] - Statement - out.println(CurrentBusinessEntity): null

2018-11-15 10:45:23 - [TEST_STEP][PASSED] - Statement - If (CurrentBusinessEntity == "Corporation"): null

2018-11-15 10:45:23 - [TEST_STEP][PASSED] - Statement - Else If (CurrentBusinessEntity == "Partnership"): null

2018-11-15 10:45:23 - [TEST_STEP][PASSED] - Statement - Else If (CurrentBusinessEntity == "Sole Proprietor / Individual Business"): null

2018-11-15 10:45:23 - [TEST_STEP][PASSED] - Statement - Else If (CurrentBusinessEntity == "Others"): Delayed 3 second(s)

2018-11-15 10:45:23 - [TEST_STEP][PASSED] - Statement - obj = com.kms.katalon.core.webui.keyword.WebUiBuiltInKeywords.modifyObjectProperty(com.kms.katalon.core.testobject.ObjectRepository.findTestObject(Final Object Repo/Page_Update Employer Information/change to this Business Entity), "xpath", "equals", "//ul/li/span[contains(text(),"Partnership")]", true, STOP_ON_FAILURE): Modify property of object successfully

2018-11-15 10:45:23 - [MESSAGE][PASSED] - Modify property of object successfully

2018-11-15 10:45:23 - [TEST_STEP][PASSED] - click: Object: 'Object Repository/Final Object Repo/Page_Update Employer Information/change to this Business Entity' is clicked on

2018-11-15 10:45:24 - [MESSAGE][PASSED] - Object: 'Object Repository/Final Object Repo/Page_Update Employer Information/change to this Business Entity' is clicked on

2018-11-15 10:45:24 - [TEST_STEP][PASSED] - delay: Delayed 1 second(s)

2018-11-15 10:45:25 - [MESSAGE][PASSED] - Delayed 1 second(s)

2018-11-15 10:45:25 - [TEST_STEP][PASSED] - click: Object: 'Object Repository/Final Object Repo/Page_Update Employer Information/Sub Business Entity' is clicked on

2018-11-15 10:45:25 - [MESSAGE][PASSED] - Object: 'Object Repository/Final Object Repo/Page_Update Employer Information/Sub Business Entity' is clicked on

2018-11-15 10:45:25 - [TEST_STEP][PASSED] - click: Object: 'Object Repository/Final Object Repo/Page_Update Employer Information/Sub Business Entity - Partnership - Registered With other Agencies' is clicked on

2018-11-15 10:45:26 - [MESSAGE][PASSED] - Object: 'Object Repository/Final Object Repo/Page_Update Employer Information/Sub Business Entity - Partnership - Registered With other Agencies' is clicked on

2018-11-15 10:45:26 - [TEST_STEP][PASSED] - delay: Delayed 3 second(s)

2018-11-15 10:45:29 - [MESSAGE][PASSED] - Delayed 3 second(s)

2018-11-15 10:45:29 - [TEST_STEP][PASSED] - delay: Delayed 4 second(s)

2018-11-15 10:45:33 - [MESSAGE][PASSED] - Delayed 4 second(s)

2018-11-15 10:45:33 - [TEST_STEP][PASSED] - click: Object: 'Object Repository/Final Object Repo/Page_Update Employer Information/Save  Continue' is clicked on

2018-11-15 10:45:34 - [MESSAGE][PASSED] - Object: 'Object Repository/Final Object Repo/Page_Update Employer Information/Save  Continue' is clicked on

2018-11-15 10:45:34 - [TEST_STEP][PASSED] - delay: Delayed 4 second(s)

2018-11-15 10:45:38 - [MESSAGE][PASSED] - Delayed 4 second(s)

2018-11-15 10:45:38 - [TEST_STEP][PASSED] - click: Object: 'Object Repository/Final Object Repo/Page_Update Employer Information/Save  Continue (1)' is clicked on

2018-11-15 10:45:38 - [MESSAGE][PASSED] - Object: 'Object Repository/Final Object Repo/Page_Update Employer Information/Save  Continue (1)' is clicked on

2018-11-15 10:45:38 - [TEST_STEP][PASSED] - Statement - CaseReferenceNo = com.kms.katalon.core.webui.keyword.WebUiBuiltInKeywords.getText(com.kms.katalon.core.testobject.ObjectRepository.findTestObject(Final Object Repo/Page_Update Employer Information/Reference Number in Update Employee Information Page)): Text of object 'Object Repository/Final Object Repo/Page_Update Employer Information/Reference Number in Update Employee Information Page' is: 'CUN112018C100005445'

2018-11-15 10:45:39 - [MESSAGE][PASSED] - Text of object 'Object Repository/Final Object Repo/Page_Update Employer Information/Reference Number in Update Employee Information Page' is: 'CUN112018C100005445'

2018-11-15 10:45:39 - [TEST_STEP][PASSED] - callTestCase: Call Test Case 'Test Cases/Final Aug 2018 - PKS Automation/Common/Reference Number Setter' successfully

2018-11-15 10:45:39 - [TEST_CASE][PASSED] - Test Cases/Final Aug 2018 - PKS Automation/Common/Reference Number Setter: Test Cases/Final Aug 2018 - PKS Automation/Common/Reference Number Setter

2018-11-15 10:45:39 - [TEST_STEP][PASSED] - Statement - RefNoOldFile = new java.io.File(C://KatalonReference.txt): null

2018-11-15 10:45:39 - [TEST_STEP][PASSED] - Statement - RefNoOldFile.delete(): null

2018-11-15 10:45:39 - [TEST_STEP][PASSED] - delay: Delayed 5 second(s)

2018-11-15 10:45:44 - [MESSAGE][PASSED] - Delayed 5 second(s)

2018-11-15 10:45:44 - [TEST_STEP][PASSED] - Statement - RefNo = new java.io.File(C://KatalonReference.txt): null

2018-11-15 10:45:44 - [TEST_STEP][PASSED] - Statement - f2 = new java.io.FileWriter(RefNo, false): null

2018-11-15 10:45:44 - [TEST_STEP][PASSED] - Statement - f2.write(CaseReferenceNo): null

2018-11-15 10:45:44 - [TEST_STEP][PASSED] - Statement - f2.close(): null

2018-11-15 10:45:44 - [TEST_STEP][PASSED] - Statement - out.println("


" + CaseReferenceNo + "


"): null

2018-11-15 10:45:44 - [MESSAGE][PASSED] - Call Test Case 'Test Cases/Final Aug 2018 - PKS Automation/Common/Reference Number Setter' successfully

2018-11-15 10:45:44 - [TEST_STEP][PASSED] - delay: Delayed 4 second(s)

2018-11-15 10:45:48 - [MESSAGE][PASSED] - Delayed 4 second(s)

2018-11-15 10:45:48 - [TEST_STEP][PASSED] - click: Object: 'Object Repository/Final Object Repo/Page_Update Employer Information/Submit - Copy' is clicked on

2018-11-15 10:45:48 - [MESSAGE][PASSED] - Object: 'Object Repository/Final Object Repo/Page_Update Employer Information/Submit - Copy' is clicked on

2018-11-15 10:45:48 - [TEST_STEP][PASSED] - delay: Delayed 2 second(s)

2018-11-15 10:45:50 - [MESSAGE][PASSED] - Delayed 2 second(s)

2018-11-15 10:45:50 - [TEST_STEP][PASSED] - click: Object: 'Object Repository/Final Object Repo/Page_Update Employer Information/Confirm' is clicked on

2018-11-15 10:45:54 - [MESSAGE][PASSED] - Object: 'Object Repository/Final Object Repo/Page_Update Employer Information/Confirm' is clicked on

2018-11-15 10:45:54 - [TEST_STEP][PASSED] - delay: Delayed 2 second(s)

2018-11-15 10:45:56 - [MESSAGE][PASSED] - Delayed 2 second(s)

2018-11-15 10:45:56 - [TEST_STEP][PASSED] - click: Object: 'Object Repository/Final Object Repo/Page_Update Employer Information/Message Your Request will be route' is clicked on

2018-11-15 10:45:57 - [MESSAGE][PASSED] - Object: 'Object Repository/Final Object Repo/Page_Update Employer Information/Message Your Request will be route' is clicked on

2018-11-15 10:45:57 - [MESSAGE][PASSED] - Call Test Case 'Test Cases/Final Aug 2018 - PKS Automation/Registration Module/Workflow/Update Employer Information/Template/Update Employer Information - Special Case (PAU)' successfully

2018-11-15 10:45:57 - [TEST_STEP][PASSED] - callTestCase: Call Test Case 'Test Cases/Final Aug 2018 - PKS Automation/Registration Module/Workflow/Update Employer Information/Template/Update Employer Information - Special Case - UO (Query)' successfully

2018-11-15 10:45:57 - [TEST_CASE][PASSED] - Test Cases/Final Aug 2018 - PKS Automation/Registration Module/Workflow/Update Employer Information/Template/Update Employer Information - Special Case - UO (Query): Test Cases/Final Aug 2018 - PKS Automation/Registration Module/Workflow/Update Employer Information/Template/Update Employer Information - Special Case - UO (Query)

2018-11-15 10:45:57 - [TEST_STEP][NOT_RUN] - callTestCase: NOT_RUN: callTestCase

2018-11-15 10:45:57 - [MESSAGE][NOT_RUN] - NOT_RUN: callTestCase

2018-11-15 10:45:57 - [TEST_STEP][PASSED] - delay: Delayed 1 second(s)

2018-11-15 10:45:58 - [MESSAGE][PASSED] - Delayed 1 second(s)

2018-11-15 10:45:58 - [TEST_STEP][PASSED] - navigateToUrl: Navigate to 'https://assist2-uat.perkeso.gov.my/c/portal/logout' successfully

2018-11-15 10:45:59 - [MESSAGE][PASSED] - Navigate to 'https://assist2-uat.perkeso.gov.my/c/portal/logout' successfully

2018-11-15 10:45:59 - [TEST_STEP][PASSED] - delay: Delayed 1 second(s)

2018-11-15 10:46:00 - [MESSAGE][PASSED] - Delayed 1 second(s)

2018-11-15 10:46:00 - [TEST_STEP][PASSED] - callTestCase: Call Test Case 'Test Cases/Final Aug 2018 - PKS Automation/Common/Reference Number Getter' successfully

2018-11-15 10:46:00 - [TEST_CASE][PASSED] - Test Cases/Final Aug 2018 - PKS Automation/Common/Reference Number Getter: Test Cases/Final Aug 2018 - PKS Automation/Common/Reference Number Getter

2018-11-15 10:46:00 - [TEST_STEP][PASSED] - Statement - Try: null

2018-11-15 10:46:00 - [TEST_STEP][PASSED] - Statement - RefNo = new java.io.File(C://KatalonReference.txt): null

2018-11-15 10:46:00 - [TEST_STEP][PASSED] - Statement - bufferread = new java.io.BufferedReader(new java.io.FileReader(RefNo)): null

2018-11-15 10:46:00 - [TEST_STEP][PASSED] - Statement - readedVal = bufferread.readLine(): null

2018-11-15 10:46:00 - [TEST_STEP][PASSED] - Statement - out.println(CaseReferenceNo): null

2018-11-15 10:46:00 - [TEST_STEP][PASSED] - Statement - out.println(readedVal): null

2018-11-15 10:46:00 - [TEST_STEP][PASSED] - Statement - CaseReferenceNo = "": null

2018-11-15 10:46:00 - [TEST_STEP][PASSED] - Statement - CaseReferenceNo = readedVal: null

2018-11-15 10:46:00 - [MESSAGE][PASSED] - Call Test Case 'Test Cases/Final Aug 2018 - PKS Automation/Common/Reference Number Getter' successfully

2018-11-15 10:46:00 - [TEST_STEP][PASSED] - callTestCase: Call Test Case 'Test Cases/Final Aug 2018 - PKS Automation/Common/Workflow Owner Finder' successfully

2018-11-15 10:46:00 - [TEST_CASE][PASSED] - Test Cases/Final Aug 2018 - PKS Automation/Common/Workflow Owner Finder: Test Cases/Final Aug 2018 - PKS Automation/Common/Workflow Owner Finder

2018-11-15 10:46:00 - [TEST_STEP][PASSED] - openBrowser: Browser is opened with url: ''

2018-11-15 10:46:00 - [MESSAGE][WARNING] - A browser is already opened. Closing browser and opening a new one

2018-11-15 10:46:05 - [MESSAGE][PASSED] - Browser is opened with url: ''

2018-11-15 10:46:05 - [TEST_STEP][PASSED] - navigateToUrl: Navigate to 'https://assist2-uat.perkeso.gov.my/login' successfully

2018-11-15 10:46:07 - [MESSAGE][PASSED] - Navigate to 'https://assist2-uat.perkeso.gov.my/login' successfully

2018-11-15 10:46:07 - [TEST_STEP][PASSED] - delay: Delayed 5 second(s)

2018-11-15 10:46:12 - [MESSAGE][PASSED] - Delayed 5 second(s)

2018-11-15 10:46:12 - [TEST_STEP][PASSED] - setText: Text 'test@liferay.com' is set on object 'Object Repository/Final Object Repo/Login Page/Internal User/Email Address'

2018-11-15 10:46:12 - [MESSAGE][PASSED] - Text 'test@liferay.com' is set on object 'Object Repository/Final Object Repo/Login Page/Internal User/Email Address'

2018-11-15 10:46:12 - [TEST_STEP][PASSED] - click: Object: 'Object Repository/Final Object Repo/Login Page/Internal User/Next Button' is clicked on

2018-11-15 10:46:13 - [MESSAGE][PASSED] - Object: 'Object Repository/Final Object Repo/Login Page/Internal User/Next Button' is clicked on

2018-11-15 10:46:13 - [TEST_STEP][PASSED] - delay: Delayed 2 second(s)

2018-11-15 10:46:15 - [MESSAGE][PASSED] - Delayed 2 second(s)

2018-11-15 10:46:15 - [TEST_STEP][PASSED] - setText: Text 'test' is set on object 'Object Repository/Final Object Repo/Login Page/Internal User/Password'

2018-11-15 10:46:15 - [MESSAGE][PASSED] - Text 'test' is set on object 'Object Repository/Final Object Repo/Login Page/Internal User/Password'

2018-11-15 10:46:15 - [TEST_STEP][PASSED] - delay: Delayed 2 second(s)

2018-11-15 10:46:17 - [MESSAGE][PASSED] - Delayed 2 second(s)

2018-11-15 10:46:17 - [TEST_STEP][PASSED] - click: Object: 'Object Repository/Final Object Repo/Login Page/Internal User/Login Button' is clicked on

2018-11-15 10:46:20 - [MESSAGE][PASSED] - Object: 'Object Repository/Final Object Repo/Login Page/Internal User/Login Button' is clicked on

2018-11-15 10:46:20 - [TEST_STEP][PASSED] - Statement - Try: Delayed 2 second(s)

2018-11-15 10:46:20 - [TEST_STEP][PASSED] - Statement - Checker = false: null

2018-11-15 10:46:20 - [TEST_STEP][PASSED] - Statement - Checker = com.kms.katalon.core.webui.keyword.WebUiBuiltInKeywords.verifyElementHasAttribute(com.kms.katalon.core.testobject.ObjectRepository.findTestObject(Final Object Repo/Landing Page/BM Detecting), "href", 20, OPTIONAL): Object 'Object Repository/Final Object Repo/Landing Page/BM Detecting' has attribute 'href'

2018-11-15 10:46:20 - [MESSAGE][PASSED] - Object 'Object Repository/Final Object Repo/Landing Page/BM Detecting' has attribute 'href'

2018-11-15 10:46:20 - [TEST_STEP][PASSED] - Statement - out.println(Checker): null

2018-11-15 10:46:20 - [TEST_STEP][PASSED] - Statement - If (Checker == false): null

2018-11-15 10:46:20 - [TEST_STEP][PASSED] - Statement - Else: null

2018-11-15 10:46:20 - [TEST_STEP][PASSED] - delay: Delayed 2 second(s)

2018-11-15 10:46:22 - [MESSAGE][PASSED] - Delayed 2 second(s)

2018-11-15 10:46:22 - [TEST_STEP][PASSED] - delay: Delayed 3 second(s)

2018-11-15 10:46:25 - [MESSAGE][PASSED] - Delayed 3 second(s)

2018-11-15 10:46:25 - [TEST_STEP][PASSED] - mouseOver: Object: 'Object Repository/Final Object Repo/Landing Page/WorkFlow Menu' is hovered

2018-11-15 10:46:25 - [MESSAGE][PASSED] - Object: 'Object Repository/Final Object Repo/Landing Page/WorkFlow Menu' is hovered

2018-11-15 10:46:25 - [TEST_STEP][PASSED] - delay: Delayed 2 second(s)

2018-11-15 10:46:27 - [MESSAGE][PASSED] - Delayed 2 second(s)

2018-11-15 10:46:27 - [TEST_STEP][PASSED] - click: Object: 'Object Repository/Final Object Repo/Landing Page/Select to Workflow Listing' is clicked on

2018-11-15 10:46:28 - [MESSAGE][PASSED] - Object: 'Object Repository/Final Object Repo/Landing Page/Select to Workflow Listing' is clicked on

2018-11-15 10:46:28 - [TEST_STEP][PASSED] - delay: Delayed 2 second(s)

2018-11-15 10:46:30 - [MESSAGE][PASSED] - Delayed 2 second(s)

2018-11-15 10:46:30 - [TEST_STEP][PASSED] - click: Object: 'Object Repository/Final Object Repo/WorkFlow Listing Page/Search Information - To Put Ref No' is clicked on

2018-11-15 10:46:30 - [MESSAGE][PASSED] - Object: 'Object Repository/Final Object Repo/WorkFlow Listing Page/Search Information - To Put Ref No' is clicked on

2018-11-15 10:46:30 - [TEST_STEP][PASSED] - delay: Delayed 2 second(s)

2018-11-15 10:46:32 - [MESSAGE][PASSED] - Delayed 2 second(s)

2018-11-15 10:46:32 - [TEST_STEP][PASSED] - callTestCase: Call Test Case 'Test Cases/Final Aug 2018 - PKS Automation/Common/Reference Number Getter' successfully

2018-11-15 10:46:32 - [TEST_CASE][PASSED] - Test Cases/Final Aug 2018 - PKS Automation/Common/Reference Number Getter: Test Cases/Final Aug 2018 - PKS Automation/Common/Reference Number Getter

2018-11-15 10:46:32 - [TEST_STEP][PASSED] - Statement - Try: null

2018-11-15 10:46:32 - [TEST_STEP][PASSED] - Statement - RefNo = new java.io.File(C://KatalonReference.txt): null

2018-11-15 10:46:32 - [TEST_STEP][PASSED] - Statement - bufferread = new java.io.BufferedReader(new java.io.FileReader(RefNo)): null

2018-11-15 10:46:32 - [TEST_STEP][PASSED] - Statement - readedVal = bufferread.readLine(): null

2018-11-15 10:46:32 - [TEST_STEP][PASSED] - Statement - out.println(CaseReferenceNo): null

2018-11-15 10:46:32 - [TEST_STEP][PASSED] - Statement - out.println(readedVal): null

2018-11-15 10:46:32 - [TEST_STEP][PASSED] - Statement - CaseReferenceNo = "": null

2018-11-15 10:46:32 - [TEST_STEP][PASSED] - Statement - CaseReferenceNo = readedVal: null

2018-11-15 10:46:32 - [MESSAGE][PASSED] - Call Test Case 'Test Cases/Final Aug 2018 - PKS Automation/Common/Reference Number Getter' successfully

2018-11-15 10:46:32 - [TEST_STEP][PASSED] - setText: Text 'CUN112018C100005445' is set on object 'Object Repository/Final Object Repo/WorkFlow Listing Page/Ref No Set Text'

2018-11-15 10:46:33 - [MESSAGE][PASSED] - Text 'CUN112018C100005445' is set on object 'Object Repository/Final Object Repo/WorkFlow Listing Page/Ref No Set Text'

2018-11-15 10:46:33 - [TEST_STEP][PASSED] - delay: Delayed 2 second(s)

2018-11-15 10:46:35 - [MESSAGE][PASSED] - Delayed 2 second(s)

2018-11-15 10:46:35 - [TEST_STEP][PASSED] - click: Object: 'Object Repository/Final Object Repo/WorkFlow Listing Page/Search Ref No Search Button' is clicked on

2018-11-15 10:46:36 - [MESSAGE][PASSED] - Object: 'Object Repository/Final Object Repo/WorkFlow Listing Page/Search Ref No Search Button' is clicked on

2018-11-15 10:46:36 - [TEST_STEP][PASSED] - delay: Delayed 4 second(s)

2018-11-15 10:46:40 - [MESSAGE][PASSED] - Delayed 4 second(s)

2018-11-15 10:46:40 - [TEST_STEP][PASSED] - click: Object: 'Object Repository/Final Object Repo/WorkFlow Listing Page/Click Continue Tooltip' is clicked on

2018-11-15 10:46:42 - [MESSAGE][PASSED] - Object: 'Object Repository/Final Object Repo/WorkFlow Listing Page/Click Continue Tooltip' is clicked on

2018-11-15 10:46:42 - [TEST_STEP][PASSED] - delay: Delayed 5 second(s)

2018-11-15 10:46:47 - [MESSAGE][PASSED] - Delayed 5 second(s)

2018-11-15 10:46:47 - [TEST_STEP][PASSED] - doubleClick: Object: 'Object Repository/Final Object Repo/WorkFlow Listing Page/Workflow Found - Listing 1' is double clicked on

2018-11-15 10:46:47 - [MESSAGE][PASSED] - Object: 'Object Repository/Final Object Repo/WorkFlow Listing Page/Workflow Found - Listing 1' is double clicked on

2018-11-15 10:46:47 - [TEST_STEP][PASSED] - Statement - println(OwnerID): null

2018-11-15 10:46:47 - [TEST_STEP][PASSED] - Statement - OwnerID = com.kms.katalon.core.webui.keyword.WebUiBuiltInKeywords.getText(com.kms.katalon.core.testobject.ObjectRepository.findTestObject(Final Object Repo/WorkFlow Listing Page/Workflow Found - Listing 1), STOP_ON_FAILURE): Text of object 'Object Repository/Final Object Repo/WorkFlow Listing Page/Workflow Found - Listing 1' is: 'JOHORuo2'

2018-11-15 10:46:47 - [MESSAGE][PASSED] - Text of object 'Object Repository/Final Object Repo/WorkFlow Listing Page/Workflow Found - Listing 1' is: 'JOHORuo2'

2018-11-15 10:46:47 - [TEST_STEP][PASSED] - Statement - OwnerID = OwnerID.toLowerCase() + "@gmail.com": null

2018-11-15 10:46:47 - [TEST_STEP][PASSED] - Statement - println(OwnerID): null

2018-11-15 10:46:47 - [TEST_STEP][PASSED] - delay: Delayed 2 second(s)

2018-11-15 10:46:49 - [MESSAGE][PASSED] - Delayed 2 second(s)

2018-11-15 10:46:49 - [MESSAGE][PASSED] - Call Test Case 'Test Cases/Final Aug 2018 - PKS Automation/Common/Workflow Owner Finder' successfully

2018-11-15 10:46:49 - [TEST_STEP][PASSED] - delay: Delayed 1 second(s)

2018-11-15 10:46:50 - [MESSAGE][PASSED] - Delayed 1 second(s)

2018-11-15 10:46:50 - [TEST_STEP][PASSED] - navigateToUrl: Navigate to 'https://assist2-uat.perkeso.gov.my/c/portal/logout' successfully

2018-11-15 10:46:51 - [MESSAGE][PASSED] - Navigate to 'https://assist2-uat.perkeso.gov.my/c/portal/logout' successfully

2018-11-15 10:46:51 - [TEST_STEP][PASSED] - delay: Delayed 1 second(s)

2018-11-15 10:46:52 - [MESSAGE][PASSED] - Delayed 1 second(s)

2018-11-15 10:46:52 - [TEST_STEP][PASSED] - callTestCase: Call Test Case 'Test Cases/Final Aug 2018 - PKS Automation/Registration Module/Workflow/Login and Search Case For Workflow' successfully

2018-11-15 10:46:52 - [TEST_CASE][PASSED] - Test Cases/Final Aug 2018 - PKS Automation/Registration Module/Workflow/Login and Search Case For Workflow: Test Cases/Final Aug 2018 - PKS Automation/Registration Module/Workflow/Login and Search Case For Workflow

2018-11-15 10:46:52 - [TEST_STEP][PASSED] - navigateToUrl: Navigate to 'https://assist2-uat.perkeso.gov.my/login' successfully

2018-11-15 10:46:53 - [MESSAGE][PASSED] - Navigate to 'https://assist2-uat.perkeso.gov.my/login' successfully

2018-11-15 10:46:53 - [TEST_STEP][PASSED] - setText: Text 'johoruo2@gmail.com' is set on object 'Object Repository/Final Object Repo/Login Page/Internal User/Email Address'

2018-11-15 10:46:53 - [MESSAGE][PASSED] - Text 'johoruo2@gmail.com' is set on object 'Object Repository/Final Object Repo/Login Page/Internal User/Email Address'

2018-11-15 10:46:53 - [TEST_STEP][PASSED] - click: Object: 'Object Repository/Final Object Repo/Login Page/Internal User/Next Button' is clicked on

2018-11-15 10:46:53 - [MESSAGE][PASSED] - Object: 'Object Repository/Final Object Repo/Login Page/Internal User/Next Button' is clicked on

2018-11-15 10:46:53 - [TEST_STEP][PASSED] - delay: Delayed 1 second(s)

2018-11-15 10:46:54 - [MESSAGE][PASSED] - Delayed 1 second(s)

2018-11-15 10:46:54 - [TEST_STEP][PASSED] - setEncryptedText: Text ****** has been set on object 'Object Repository/Final Object Repo/Login Page/Internal User/Password'

2018-11-15 10:46:54 - [MESSAGE][PASSED] - Text ****** has been set on object 'Object Repository/Final Object Repo/Login Page/Internal User/Password'

2018-11-15 10:46:54 - [TEST_STEP][PASSED] - click: Object: 'Object Repository/Final Object Repo/Login Page/Internal User/Login Button' is clicked on

2018-11-15 10:46:56 - [MESSAGE][PASSED] - Object: 'Object Repository/Final Object Repo/Login Page/Internal User/Login Button' is clicked on

2018-11-15 10:46:56 - [TEST_STEP][PASSED] - delay: Delayed 2 second(s)

2018-11-15 10:46:58 - [MESSAGE][PASSED] - Delayed 2 second(s)

2018-11-15 10:46:58 - [TEST_STEP][PASSED] - Statement - Try: Delayed 2 second(s)

2018-11-15 10:46:58 - [TEST_STEP][PASSED] - Statement - Checker = false: null

2018-11-15 10:46:58 - [TEST_STEP][PASSED] - Statement - Checker = com.kms.katalon.core.webui.keyword.WebUiBuiltInKeywords.verifyElementHasAttribute(com.kms.katalon.core.testobject.ObjectRepository.findTestObject(Final Object Repo/Landing Page/BM Detecting), "href", 20, OPTIONAL): Object 'Object Repository/Final Object Repo/Landing Page/BM Detecting' has attribute 'href'

2018-11-15 10:46:58 - [MESSAGE][PASSED] - Object 'Object Repository/Final Object Repo/Landing Page/BM Detecting' has attribute 'href'

2018-11-15 10:46:58 - [TEST_STEP][PASSED] - Statement - out.println(Checker): null

2018-11-15 10:46:58 - [TEST_STEP][PASSED] - Statement - If (Checker == false): null

2018-11-15 10:46:58 - [TEST_STEP][PASSED] - Statement - Else: null

2018-11-15 10:46:58 - [TEST_STEP][PASSED] - delay: Delayed 2 second(s)

2018-11-15 10:47:00 - [MESSAGE][PASSED] - Delayed 2 second(s)

2018-11-15 10:47:00 - [TEST_STEP][PASSED] - click: Object: 'Object Repository/Final Object Repo/Page_MyASSIST - ASSIST - Search Pending Case For Add Supporting Document/Search Information' is clicked on

2018-11-15 10:47:01 - [MESSAGE][PASSED] - Object: 'Object Repository/Final Object Repo/Page_MyASSIST - ASSIST - Search Pending Case For Add Supporting Document/Search Information' is clicked on

2018-11-15 10:47:01 - [TEST_STEP][PASSED] - delay: Delayed 3 second(s)

2018-11-15 10:47:04 - [MESSAGE][PASSED] - Delayed 3 second(s)

2018-11-15 10:47:04 - [TEST_STEP][PASSED] - sendKeys: Keys 'CUN112018C100005445' sent to object: 'Object Repository/Final Object Repo/Page_MyASSIST - ASSIST - Search Pending Case For Add Supporting Document/Reference No'

2018-11-15 10:47:04 - [MESSAGE][PASSED] - Keys 'CUN112018C100005445' sent to object: 'Object Repository/Final Object Repo/Page_MyASSIST - ASSIST - Search Pending Case For Add Supporting Document/Reference No'

2018-11-15 10:47:04 - [TEST_STEP][PASSED] - click: Object: 'Object Repository/Final Object Repo/Page_MyASSIST - ASSIST - Search Pending Case For Add Supporting Document/Search Reference No' is clicked on

2018-11-15 10:47:05 - [MESSAGE][PASSED] - Object: 'Object Repository/Final Object Repo/Page_MyASSIST - ASSIST - Search Pending Case For Add Supporting Document/Search Reference No' is clicked on

2018-11-15 10:47:05 - [TEST_STEP][PASSED] - delay: Delayed 2 second(s)

2018-11-15 10:47:07 - [MESSAGE][PASSED] - Delayed 2 second(s)

2018-11-15 10:47:07 - [TEST_STEP][PASSED] - click: Object: 'Object Repository/Final Object Repo/Page_MyASSIST - ASSIST - Search Pending Case For Add Supporting Document/Continue' is clicked on

2018-11-15 10:47:12 - [MESSAGE][PASSED] - Object: 'Object Repository/Final Object Repo/Page_MyASSIST - ASSIST - Search Pending Case For Add Supporting Document/Continue' is clicked on

2018-11-15 10:47:12 - [TEST_STEP][PASSED] - delay: Delayed 20 second(s)

2018-11-15 10:47:32 - [MESSAGE][PASSED] - Delayed 20 second(s)

2018-11-15 10:47:32 - [MESSAGE][PASSED] - Call Test Case 'Test Cases/Final Aug 2018 - PKS Automation/Registration Module/Workflow/Login and Search Case For Workflow' successfully

2018-11-15 10:47:32 - [TEST_STEP][PASSED] - delay: Delayed 2 second(s)

2018-11-15 10:47:34 - [MESSAGE][PASSED] - Delayed 2 second(s)

2018-11-15 10:47:34 - [TEST_STEP][PASSED] - click: Object: 'Object Repository/Final Object Repo/Page_Update Employer Information/Page_Update Employer Information UO (Approve)/Continue' is clicked on

2018-11-15 10:47:39 - [MESSAGE][PASSED] - Object: 'Object Repository/Final Object Repo/Page_Update Employer Information/Page_Update Employer Information UO (Approve)/Continue' is clicked on

2018-11-15 10:47:39 - [TEST_STEP][PASSED] - delay: Delayed 2 second(s)

2018-11-15 10:47:41 - [MESSAGE][PASSED] - Delayed 2 second(s)

2018-11-15 10:47:41 - [TEST_STEP][PASSED] - click: Object: 'Object Repository/Final Object Repo/Page_Update Employer Information/Page_Update Employer Information UO (Approve)/Save  Continue in Update Employer Information Page' is clicked on

2018-11-15 10:47:46 - [MESSAGE][PASSED] - Object: 'Object Repository/Final Object Repo/Page_Update Employer Information/Page_Update Employer Information UO (Approve)/Save  Continue in Update Employer Information Page' is clicked on

2018-11-15 10:47:46 - [TEST_STEP][PASSED] - delay: Delayed 2 second(s)

2018-11-15 10:47:48 - [MESSAGE][PASSED] - Delayed 2 second(s)

2018-11-15 10:47:48 - [TEST_STEP][PASSED] - setText: Text 'Query' is set on object 'Object Repository/Final Object Repo/Page_Update Employer Information/Page_Update Employer Information UO (Query)/Query - Remark'

2018-11-15 10:47:48 - [MESSAGE][PASSED] - Text 'Query' is set on object 'Object Repository/Final Object Repo/Page_Update Employer Information/Page_Update Employer Information UO (Query)/Query - Remark'

2018-11-15 10:47:48 - [TEST_STEP][PASSED] - delay: Delayed 2 second(s)

2018-11-15 10:47:50 - [MESSAGE][PASSED] - Delayed 2 second(s)

2018-11-15 10:47:50 - [TEST_STEP][PASSED] - click: Object: 'Object Repository/Final Object Repo/Page_Update Employer Information/Page_Update Employer Information UO (Approve)/Save  Continue in Uploading Supporting Document Page' is clicked on

2018-11-15 10:47:54 - [MESSAGE][PASSED] - Object: 'Object Repository/Final Object Repo/Page_Update Employer Information/Page_Update Employer Information UO (Approve)/Save  Continue in Uploading Supporting Document Page' is clicked on

2018-11-15 10:47:54 - [TEST_STEP][PASSED] - delay: Delayed 2 second(s)

2018-11-15 10:47:56 - [MESSAGE][PASSED] - Delayed 2 second(s)

2018-11-15 10:47:56 - [TEST_STEP][PASSED] - click: Object: 'Object Repository/Final Object Repo/Page_Update Employer Information/Page_Update Employer Information UO (Query)/Query' is clicked on

2018-11-15 10:47:57 - [MESSAGE][PASSED] - Object: 'Object Repository/Final Object Repo/Page_Update Employer Information/Page_Update Employer Information UO (Query)/Query' is clicked on

2018-11-15 10:47:57 - [TEST_STEP][PASSED] - delay: Delayed 2 second(s)

2018-11-15 10:47:59 - [MESSAGE][PASSED] - Delayed 2 second(s)

2018-11-15 10:47:59 - [TEST_STEP][PASSED] - click: Object: 'Object Repository/Final Object Repo/Page_Update Employer Information/Page_Update Employer Information UO (Query)/Confirm' is clicked on

2018-11-15 10:48:04 - [MESSAGE][PASSED] - Object: 'Object Repository/Final Object Repo/Page_Update Employer Information/Page_Update Employer Information UO (Query)/Confirm' is clicked on

2018-11-15 10:48:04 - [TEST_STEP][PASSED] - delay: Delayed 2 second(s)

2018-11-15 10:48:06 - [MESSAGE][PASSED] - Delayed 2 second(s)

2018-11-15 10:48:06 - [TEST_STEP][PASSED] - doubleClick: Object: 'Object Repository/Final Object Repo/Page_Update Employer Information/Page_Update Employer Information UO (Query)/Message The Case Is Under Query' is double clicked on

2018-11-15 10:48:06 - [MESSAGE][PASSED] - Object: 'Object Repository/Final Object Repo/Page_Update Employer Information/Page_Update Employer Information UO (Query)/Message The Case Is Under Query' is double clicked on

2018-11-15 10:48:06 - [TEST_STEP][PASSED] - delay: Delayed 2 second(s)

2018-11-15 10:48:08 - [MESSAGE][PASSED] - Delayed 2 second(s)

2018-11-15 10:48:08 - [TEST_STEP][PASSED] - click: Object: 'Object Repository/Final Object Repo/Page_Update Employer Information/Page_Update Employer Information UO (Query)/Letter of inquiry.pdf' is clicked on

2018-11-15 10:48:14 - [MESSAGE][PASSED] - Object: 'Object Repository/Final Object Repo/Page_Update Employer Information/Page_Update Employer Information UO (Query)/Letter of inquiry.pdf' is clicked on

2018-11-15 10:48:14 - [TEST_STEP][PASSED] - delay: Delayed 1 second(s)

2018-11-15 10:48:15 - [MESSAGE][PASSED] - Delayed 1 second(s)

2018-11-15 10:48:15 - [TEST_STEP][PASSED] - navigateToUrl: Navigate to 'https://assist2-uat.perkeso.gov.my/c/portal/logout' successfully

2018-11-15 10:48:16 - [MESSAGE][PASSED] - Navigate to 'https://assist2-uat.perkeso.gov.my/c/portal/logout' successfully

2018-11-15 10:48:16 - [TEST_STEP][PASSED] - delay: Delayed 1 second(s)

2018-11-15 10:48:17 - [MESSAGE][PASSED] - Delayed 1 second(s)

2018-11-15 10:48:17 - [TEST_STEP][PASSED] - callTestCase: Call Test Case 'Test Cases/Final Aug 2018 - PKS Automation/Registration Module/Workflow/Search Pending Case For Add Supporting Document (OTC)' successfully

2018-11-15 10:48:17 - [TEST_CASE][PASSED] - Test Cases/Final Aug 2018 - PKS Automation/Registration Module/Workflow/Search Pending Case For Add Supporting Document (OTC): Test Cases/Final Aug 2018 - PKS Automation/Registration Module/Workflow/Search Pending Case For Add Supporting Document (OTC)

2018-11-15 10:48:17 - [TEST_STEP][PASSED] - openBrowser: Browser is opened with url: ''

2018-11-15 10:48:17 - [MESSAGE][WARNING] - A browser is already opened. Closing browser and opening a new one

2018-11-15 10:48:21 - [MESSAGE][PASSED] - Browser is opened with url: ''

2018-11-15 10:48:21 - [TEST_STEP][PASSED] - navigateToUrl: Navigate to 'https://assist2-uat.perkeso.gov.my/login' successfully

2018-11-15 10:48:24 - [MESSAGE][PASSED] - Navigate to 'https://assist2-uat.perkeso.gov.my/login' successfully

2018-11-15 10:48:24 - [TEST_STEP][PASSED] - setText: Text 'johorotc1@gmail.com' is set on object 'Object Repository/Final Object Repo/Login Page/Internal User/Email Address'

2018-11-15 10:48:24 - [MESSAGE][PASSED] - Text 'johorotc1@gmail.com' is set on object 'Object Repository/Final Object Repo/Login Page/Internal User/Email Address'

2018-11-15 10:48:24 - [TEST_STEP][PASSED] - click: Object: 'Object Repository/Final Object Repo/Login Page/Internal User/Next Button' is clicked on

2018-11-15 10:48:24 - [MESSAGE][PASSED] - Object: 'Object Repository/Final Object Repo/Login Page/Internal User/Next Button' is clicked on

2018-11-15 10:48:24 - [TEST_STEP][PASSED] - delay: Delayed 1 second(s)

2018-11-15 10:48:25 - [MESSAGE][PASSED] - Delayed 1 second(s)

2018-11-15 10:48:25 - [TEST_STEP][PASSED] - setEncryptedText: Text ****** has been set on object 'Object Repository/Final Object Repo/Login Page/Internal User/Password'

2018-11-15 10:48:25 - [MESSAGE][PASSED] - Text ****** has been set on object 'Object Repository/Final Object Repo/Login Page/Internal User/Password'

2018-11-15 10:48:25 - [TEST_STEP][PASSED] - click: Object: 'Object Repository/Final Object Repo/Login Page/Internal User/Login Button' is clicked on

2018-11-15 10:48:28 - [MESSAGE][PASSED] - Object: 'Object Repository/Final Object Repo/Login Page/Internal User/Login Button' is clicked on

2018-11-15 10:48:28 - [TEST_STEP][PASSED] - delay: Delayed 1 second(s)

2018-11-15 10:48:29 - [MESSAGE][PASSED] - Delayed 1 second(s)

2018-11-15 10:48:29 - [TEST_STEP][PASSED] - Statement - Try: Delayed 2 second(s)

2018-11-15 10:48:29 - [TEST_STEP][PASSED] - Statement - Checker = false: null

2018-11-15 10:48:29 - [TEST_STEP][PASSED] - Statement - Checker = com.kms.katalon.core.webui.keyword.WebUiBuiltInKeywords.verifyElementHasAttribute(com.kms.katalon.core.testobject.ObjectRepository.findTestObject(Final Object Repo/Landing Page/BM Detecting), "href", 20, OPTIONAL): Object 'Object Repository/Final Object Repo/Landing Page/BM Detecting' has attribute 'href'

2018-11-15 10:48:29 - [MESSAGE][PASSED] - Object 'Object Repository/Final Object Repo/Landing Page/BM Detecting' has attribute 'href'

2018-11-15 10:48:29 - [TEST_STEP][PASSED] - Statement - out.println(Checker): null

2018-11-15 10:48:29 - [TEST_STEP][PASSED] - Statement - If (Checker == false): null

2018-11-15 10:48:29 - [TEST_STEP][PASSED] - Statement - Else: null

2018-11-15 10:48:29 - [TEST_STEP][PASSED] - delay: Delayed 2 second(s)

2018-11-15 10:48:31 - [MESSAGE][PASSED] - Delayed 2 second(s)

2018-11-15 10:48:31 - [TEST_STEP][PASSED] - navigateToUrl: Navigate to 'https://assist2-uat.perkeso.gov.my/web/registration/search/search-pending-case-for-add-supporting-document' successfully

2018-11-15 10:48:32 - [MESSAGE][PASSED] - Navigate to 'https://assist2-uat.perkeso.gov.my/web/registration/search/search-pending-case-for-add-supporting-document' successfully

2018-11-15 10:48:32 - [TEST_STEP][PASSED] - click: Object: 'Object Repository/Final Object Repo/Page_Search Pending Case For Add Suporting Document/Search By' is clicked on

2018-11-15 10:48:32 - [MESSAGE][PASSED] - Object: 'Object Repository/Final Object Repo/Page_Search Pending Case For Add Suporting Document/Search By' is clicked on

2018-11-15 10:48:32 - [TEST_STEP][PASSED] - click: Object: 'Object Repository/Final Object Repo/Page_Search Pending Case For Add Suporting Document/Search By - Reference ID' is clicked on

2018-11-15 10:48:33 - [MESSAGE][PASSED] - Object: 'Object Repository/Final Object Repo/Page_Search Pending Case For Add Suporting Document/Search By - Reference ID' is clicked on

2018-11-15 10:48:33 - [TEST_STEP][PASSED] - delay: Delayed 2 second(s)

2018-11-15 10:48:35 - [MESSAGE][PASSED] - Delayed 2 second(s)

2018-11-15 10:48:35 - [TEST_STEP][PASSED] - setText: Text 'CUN112018C100005445' is set on object 'Object Repository/Final Object Repo/Page_Search Pending Case For Add Suporting Document/Reference ID'

2018-11-15 10:48:35 - [MESSAGE][PASSED] - Text 'CUN112018C100005445' is set on object 'Object Repository/Final Object Repo/Page_Search Pending Case For Add Suporting Document/Reference ID'

2018-11-15 10:48:35 - [TEST_STEP][PASSED] - click: Object: 'Object Repository/Final Object Repo/Page_Search Pending Case For Add Suporting Document/Search' is clicked on

2018-11-15 10:48:37 - [MESSAGE][PASSED] - Object: 'Object Repository/Final Object Repo/Page_Search Pending Case For Add Suporting Document/Search' is clicked on

2018-11-15 10:48:37 - [TEST_STEP][PASSED] - delay: Delayed 2 second(s)

2018-11-15 10:48:39 - [MESSAGE][PASSED] - Delayed 2 second(s)

2018-11-15 10:48:39 - [TEST_STEP][PASSED] - click: Object: 'Object Repository/Final Object Repo/Page_Search Pending Case For Add Suporting Document/Edit' is clicked on

2018-11-15 10:48:43 - [MESSAGE][PASSED] - Object: 'Object Repository/Final Object Repo/Page_Search Pending Case For Add Suporting Document/Edit' is clicked on

2018-11-15 10:48:43 - [MESSAGE][PASSED] - Call Test Case 'Test Cases/Final Aug 2018 - PKS Automation/Registration Module/Workflow/Search Pending Case For Add Supporting Document (OTC)' successfully

2018-11-15 10:48:43 - [TEST_STEP][PASSED] - click: Object: 'Object Repository/Final Object Repo/Page_Update Employer Information/Page_Update Employer Information UO (Query -OTC -UO)/Next' is clicked on

2018-11-15 10:48:47 - [MESSAGE][PASSED] - Object: 'Object Repository/Final Object Repo/Page_Update Employer Information/Page_Update Employer Information UO (Query -OTC -UO)/Next' is clicked on

2018-11-15 10:48:47 - [TEST_STEP][PASSED] - delay: Delayed 2 second(s)

2018-11-15 10:48:49 - [MESSAGE][PASSED] - Delayed 2 second(s)

2018-11-15 10:48:49 - [TEST_STEP][PASSED] - click: Object: 'Object Repository/Final Object Repo/Page_Update Employer Information/Page_Update Employer Information UO (Query -OTC -UO)/Add Document' is clicked on

2018-11-15 10:48:49 - [MESSAGE][PASSED] - Object: 'Object Repository/Final Object Repo/Page_Update Employer Information/Page_Update Employer Information UO (Query -OTC -UO)/Add Document' is clicked on

2018-11-15 10:48:49 - [TEST_STEP][PASSED] - delay: Delayed 2 second(s)

2018-11-15 10:48:51 - [MESSAGE][PASSED] - Delayed 2 second(s)

2018-11-15 10:48:51 - [TEST_STEP][PASSED] - click: Object: 'Object Repository/Final Object Repo/Page_Update Employer Information/Page_Update Employer Information UO (Query -OTC -UO)/Document Type' is clicked on

2018-11-15 10:48:53 - [MESSAGE][PASSED] - Object: 'Object Repository/Final Object Repo/Page_Update Employer Information/Page_Update Employer Information UO (Query -OTC -UO)/Document Type' is clicked on

2018-11-15 10:48:53 - [TEST_STEP][PASSED] - click: Object: 'Object Repository/Final Object Repo/Page_Update Employer Information/Page_Update Employer Information UO (Query -OTC -UO)/Document Type - Other' is clicked on

2018-11-15 10:48:53 - [MESSAGE][PASSED] - Object: 'Object Repository/Final Object Repo/Page_Update Employer Information/Page_Update Employer Information UO (Query -OTC -UO)/Document Type - Other' is clicked on

2018-11-15 10:48:53 - [TEST_STEP][PASSED] - delay: Delayed 2 second(s)

2018-11-15 10:48:55 - [MESSAGE][PASSED] - Delayed 2 second(s)

2018-11-15 10:48:55 - [TEST_STEP][PASSED] - sendKeys: Keys 'C:\Users\Public\Pictures\Sample Pictures\Act.jpg' sent to object: 'Object Repository/Final Object Repo/Page_Update Employer Information/Page_Update Employer Information UO (Query -OTC -UO)/Uploading File'

2018-11-15 10:48:56 - [MESSAGE][PASSED] - Keys 'C:\Users\Public\Pictures\Sample Pictures\Act.jpg' sent to object: 'Object Repository/Final Object Repo/Page_Update Employer Information/Page_Update Employer Information UO (Query -OTC -UO)/Uploading File'

2018-11-15 10:48:56 - [TEST_STEP][PASSED] - delay: Delayed 2 second(s)

2018-11-15 10:48:58 - [MESSAGE][PASSED] - Delayed 2 second(s)

2018-11-15 10:48:58 - [TEST_STEP][PASSED] - click: Object: 'Object Repository/Final Object Repo/Page_Update Employer Information/Page_Update Employer Information UO (Query -OTC -UO)/Add Document in Uploading Page' is clicked on

2018-11-15 10:49:03 - [MESSAGE][PASSED] - Object: 'Object Repository/Final Object Repo/Page_Update Employer Information/Page_Update Employer Information UO (Query -OTC -UO)/Add Document in Uploading Page' is clicked on

2018-11-15 10:49:03 - [TEST_STEP][PASSED] - delay: Delayed 2 second(s)

2018-11-15 10:49:05 - [MESSAGE][PASSED] - Delayed 2 second(s)

2018-11-15 10:49:05 - [TEST_STEP][PASSED] - click: Object: 'Object Repository/Final Object Repo/Page_Update Employer Information/Page_Update Employer Information UO (Query -OTC -UO)/Exit' is clicked on

2018-11-15 10:49:06 - [MESSAGE][PASSED] - Object: 'Object Repository/Final Object Repo/Page_Update Employer Information/Page_Update Employer Information UO (Query -OTC -UO)/Exit' is clicked on

2018-11-15 10:49:06 - [TEST_STEP][PASSED] - delay: Delayed 2 second(s)

2018-11-15 10:49:08 - [MESSAGE][PASSED] - Delayed 2 second(s)

2018-11-15 10:49:08 - [TEST_STEP][PASSED] - delay: Delayed 1 second(s)

2018-11-15 10:49:09 - [MESSAGE][PASSED] - Delayed 1 second(s)

2018-11-15 10:49:09 - [TEST_STEP][PASSED] - navigateToUrl: Navigate to 'https://assist2-uat.perkeso.gov.my/c/portal/logout' successfully

2018-11-15 10:49:10 - [MESSAGE][PASSED] - Navigate to 'https://assist2-uat.perkeso.gov.my/c/portal/logout' successfully

2018-11-15 10:49:10 - [TEST_STEP][PASSED] - delay: Delayed 1 second(s)

2018-11-15 10:49:11 - [MESSAGE][PASSED] - Delayed 1 second(s)

2018-11-15 10:49:11 - [TEST_STEP][PASSED] - callTestCase: Call Test Case 'Test Cases/Final Aug 2018 - PKS Automation/Registration Module/Workflow/Login and Search Case For Workflow' successfully

2018-11-15 10:49:11 - [TEST_CASE][PASSED] - Test Cases/Final Aug 2018 - PKS Automation/Registration Module/Workflow/Login and Search Case For Workflow: Test Cases/Final Aug 2018 - PKS Automation/Registration Module/Workflow/Login and Search Case For Workflow

2018-11-15 10:49:11 - [TEST_STEP][PASSED] - navigateToUrl: Navigate to 'https://assist2-uat.perkeso.gov.my/login' successfully

2018-11-15 10:49:12 - [MESSAGE][PASSED] - Navigate to 'https://assist2-uat.perkeso.gov.my/login' successfully

2018-11-15 10:49:12 - [TEST_STEP][PASSED] - setText: Text 'johoruo2@gmail.com' is set on object 'Object Repository/Final Object Repo/Login Page/Internal User/Email Address'

2018-11-15 10:49:12 - [MESSAGE][PASSED] - Text 'johoruo2@gmail.com' is set on object 'Object Repository/Final Object Repo/Login Page/Internal User/Email Address'

2018-11-15 10:49:12 - [TEST_STEP][PASSED] - click: Object: 'Object Repository/Final Object Repo/Login Page/Internal User/Next Button' is clicked on

2018-11-15 10:49:12 - [MESSAGE][PASSED] - Object: 'Object Repository/Final Object Repo/Login Page/Internal User/Next Button' is clicked on

2018-11-15 10:49:12 - [TEST_STEP][PASSED] - delay: Delayed 1 second(s)

2018-11-15 10:49:13 - [MESSAGE][PASSED] - Delayed 1 second(s)

2018-11-15 10:49:13 - [TEST_STEP][PASSED] - setEncryptedText: Text ****** has been set on object 'Object Repository/Final Object Repo/Login Page/Internal User/Password'

2018-11-15 10:49:13 - [MESSAGE][PASSED] - Text ****** has been set on object 'Object Repository/Final Object Repo/Login Page/Internal User/Password'

2018-11-15 10:49:13 - [TEST_STEP][PASSED] - click: Object: 'Object Repository/Final Object Repo/Login Page/Internal User/Login Button' is clicked on

2018-11-15 10:49:15 - [MESSAGE][PASSED] - Object: 'Object Repository/Final Object Repo/Login Page/Internal User/Login Button' is clicked on

2018-11-15 10:49:15 - [TEST_STEP][PASSED] - delay: Delayed 2 second(s)

2018-11-15 10:49:17 - [MESSAGE][PASSED] - Delayed 2 second(s)

2018-11-15 10:49:17 - [TEST_STEP][PASSED] - Statement - Try: Delayed 2 second(s)

2018-11-15 10:49:17 - [TEST_STEP][PASSED] - Statement - Checker = false: null

2018-11-15 10:49:17 - [TEST_STEP][PASSED] - Statement - Checker = com.kms.katalon.core.webui.keyword.WebUiBuiltInKeywords.verifyElementHasAttribute(com.kms.katalon.core.testobject.ObjectRepository.findTestObject(Final Object Repo/Landing Page/BM Detecting), "href", 20, OPTIONAL): Object 'Object Repository/Final Object Repo/Landing Page/BM Detecting' has attribute 'href'

2018-11-15 10:49:18 - [MESSAGE][PASSED] - Object 'Object Repository/Final Object Repo/Landing Page/BM Detecting' has attribute 'href'

2018-11-15 10:49:18 - [TEST_STEP][PASSED] - Statement - out.println(Checker): null

2018-11-15 10:49:18 - [TEST_STEP][PASSED] - Statement - If (Checker == false): null

2018-11-15 10:49:18 - [TEST_STEP][PASSED] - Statement - Else: null

2018-11-15 10:49:18 - [TEST_STEP][PASSED] - delay: Delayed 2 second(s)

2018-11-15 10:49:20 - [MESSAGE][PASSED] - Delayed 2 second(s)

2018-11-15 10:49:20 - [TEST_STEP][PASSED] - click: Object: 'Object Repository/Final Object Repo/Page_MyASSIST - ASSIST - Search Pending Case For Add Supporting Document/Search Information' is clicked on

2018-11-15 10:49:20 - [MESSAGE][PASSED] - Object: 'Object Repository/Final Object Repo/Page_MyASSIST - ASSIST - Search Pending Case For Add Supporting Document/Search Information' is clicked on

2018-11-15 10:49:20 - [TEST_STEP][PASSED] - delay: Delayed 3 second(s)

2018-11-15 10:49:23 - [MESSAGE][PASSED] - Delayed 3 second(s)

2018-11-15 10:49:23 - [TEST_STEP][PASSED] - sendKeys: Keys 'CUN112018C100005445' sent to object: 'Object Repository/Final Object Repo/Page_MyASSIST - ASSIST - Search Pending Case For Add Supporting Document/Reference No'

2018-11-15 10:49:23 - [MESSAGE][PASSED] - Keys 'CUN112018C100005445' sent to object: 'Object Repository/Final Object Repo/Page_MyASSIST - ASSIST - Search Pending Case For Add Supporting Document/Reference No'

2018-11-15 10:49:23 - [TEST_STEP][PASSED] - click: Object: 'Object Repository/Final Object Repo/Page_MyASSIST - ASSIST - Search Pending Case For Add Supporting Document/Search Reference No' is clicked on

2018-11-15 10:49:24 - [MESSAGE][PASSED] - Object: 'Object Repository/Final Object Repo/Page_MyASSIST - ASSIST - Search Pending Case For Add Supporting Document/Search Reference No' is clicked on

2018-11-15 10:49:24 - [TEST_STEP][PASSED] - delay: Delayed 2 second(s)

2018-11-15 10:49:26 - [MESSAGE][PASSED] - Delayed 2 second(s)

2018-11-15 10:49:26 - [TEST_STEP][PASSED] - click: Object: 'Object Repository/Final Object Repo/Page_MyASSIST - ASSIST - Search Pending Case For Add Supporting Document/Continue' is clicked on

2018-11-15 10:49:31 - [MESSAGE][PASSED] - Object: 'Object Repository/Final Object Repo/Page_MyASSIST - ASSIST - Search Pending Case For Add Supporting Document/Continue' is clicked on

2018-11-15 10:49:31 - [TEST_STEP][PASSED] - delay: Delayed 20 second(s)

2018-11-15 10:49:51 - [MESSAGE][PASSED] - Delayed 20 second(s)

2018-11-15 10:49:51 - [MESSAGE][PASSED] - Call Test Case 'Test Cases/Final Aug 2018 - PKS Automation/Registration Module/Workflow/Login and Search Case For Workflow' successfully

2018-11-15 10:49:51 - [TEST_STEP][PASSED] - click: Object: 'Object Repository/Final Object Repo/Page_Update Employer Information/Page_Update Employer Information UO (Approve)/Continue' is clicked on

2018-11-15 10:49:56 - [MESSAGE][PASSED] - Object: 'Object Repository/Final Object Repo/Page_Update Employer Information/Page_Update Employer Information UO (Approve)/Continue' is clicked on

2018-11-15 10:49:56 - [TEST_STEP][PASSED] - delay: Delayed 2 second(s)

2018-11-15 10:49:58 - [MESSAGE][PASSED] - Delayed 2 second(s)

2018-11-15 10:49:58 - [TEST_STEP][PASSED] - click: Object: 'Object Repository/Final Object Repo/Page_Update Employer Information/Page_Update Employer Information UO (Approve)/Save  Continue in Update Employer Information Page' is clicked on

2018-11-15 10:50:04 - [MESSAGE][PASSED] - Object: 'Object Repository/Final Object Repo/Page_Update Employer Information/Page_Update Employer Information UO (Approve)/Save  Continue in Update Employer Information Page' is clicked on

2018-11-15 10:50:04 - [TEST_STEP][PASSED] - delay: Delayed 2 second(s)

2018-11-15 10:50:06 - [MESSAGE][PASSED] - Delayed 2 second(s)

2018-11-15 10:50:06 - [TEST_STEP][PASSED] - click: Object: 'Object Repository/Final Object Repo/Page_Update Employer Information/Page_Update Employer Information UO (Approve)/Save  Continue in Uploading Supporting Document Page' is clicked on

2018-11-15 10:50:10 - [MESSAGE][PASSED] - Object: 'Object Repository/Final Object Repo/Page_Update Employer Information/Page_Update Employer Information UO (Approve)/Save  Continue in Uploading Supporting Document Page' is clicked on

2018-11-15 10:50:10 - [TEST_STEP][PASSED] - delay: Delayed 2 second(s)

2018-11-15 10:50:12 - [MESSAGE][PASSED] - Delayed 2 second(s)

2018-11-15 10:50:12 - [TEST_STEP][PASSED] - click: Object: 'Object Repository/Final Object Repo/Page_Update Employer Information/Page_Update Employer Information UO (Approve)/Approve' is clicked on

2018-11-15 10:50:12 - [MESSAGE][PASSED] - Object: 'Object Repository/Final Object Repo/Page_Update Employer Information/Page_Update Employer Information UO (Approve)/Approve' is clicked on

2018-11-15 10:50:12 - [TEST_STEP][PASSED] - delay: Delayed 2 second(s)

2018-11-15 10:50:14 - [MESSAGE][PASSED] - Delayed 2 second(s)

2018-11-15 10:50:14 - [TEST_STEP][PASSED] - click: Object: 'Object Repository/Final Object Repo/Page_Update Employer Information/Page_Update Employer Information UO (Approve)/Confirm' is clicked on

2018-11-15 10:50:20 - [MESSAGE][PASSED] - Object: 'Object Repository/Final Object Repo/Page_Update Employer Information/Page_Update Employer Information UO (Approve)/Confirm' is clicked on

2018-11-15 10:50:20 - [TEST_STEP][PASSED] - delay: Delayed 2 second(s)

2018-11-15 10:50:22 - [MESSAGE][PASSED] - Delayed 2 second(s)

2018-11-15 10:50:22 - [TEST_STEP][PASSED] - verifyElementVisible: Object 'Object Repository/Final Object Repo/Page_Update Employer Information/Page_Update Employer Information UO (Approve)/Message Your Request' is visible

2018-11-15 10:50:25 - [MESSAGE][PASSED] - Object 'Object Repository/Final Object Repo/Page_Update Employer Information/Page_Update Employer Information UO (Approve)/Message Your Request' is visible

2018-11-15 10:50:25 - [TEST_STEP][PASSED] - verifyElementVisible: Object 'Object Repository/Final Object Repo/Page_Update Employer Information/Page_Update Employer Information UO (Approve)/Letter of successful update' is visible

2018-11-15 10:50:25 - [MESSAGE][PASSED] - Object 'Object Repository/Final Object Repo/Page_Update Employer Information/Page_Update Employer Information UO (Approve)/Letter of successful update' is visible

2018-11-15 10:50:25 - [MESSAGE][PASSED] - Call Test Case 'Test Cases/Final Aug 2018 - PKS Automation/Registration Module/Workflow/Update Employer Information/Template/Update Employer Information - Special Case - UO (Query)' successfully]]></system-out>
         <system-err><![CDATA[]]></system-err>
      </testcase>
      <testcase name="Test Cases/Final Aug 2018 - PKS Automation/Registration Module/Workflow/Update Employer Information/PAU - UO (Reject)" classname="Test Cases/Final Aug 2018 - PKS Automation/Registration Module/Workflow/Update Employer Information/PAU - UO (Reject)" status="PASSED">
         <system-out><![CDATA[2018-11-15 10:50:25 - [TEST_CASE][PASSED] - Test Cases/Final Aug 2018 - PKS Automation/Registration Module/Workflow/Update Employer Information/PAU - UO (Reject): Test Cases/Final Aug 2018 - PKS Automation/Registration Module/Workflow/Update Employer Information/PAU - UO (Reject)

2018-11-15 10:50:25 - [TEST_STEP][PASSED] - callTestCase: Call Test Case 'Test Cases/Final Aug 2018 - PKS Automation/Registration Module/Workflow/Update Employer Information/Template/Update Employer Information - Special Case (PAU)' successfully

2018-11-15 10:50:25 - [TEST_CASE][PASSED] - Test Cases/Final Aug 2018 - PKS Automation/Registration Module/Workflow/Update Employer Information/Template/Update Employer Information - Special Case (PAU): Test Cases/Final Aug 2018 - PKS Automation/Registration Module/Workflow/Update Employer Information/Template/Update Employer Information - Special Case (PAU)

2018-11-15 10:50:25 - [TEST_STEP][PASSED] - openBrowser: Browser is opened with url: ''

2018-11-15 10:50:25 - [MESSAGE][WARNING] - A browser is already opened. Closing browser and opening a new one

2018-11-15 10:50:30 - [MESSAGE][PASSED] - Browser is opened with url: ''

2018-11-15 10:50:30 - [TEST_STEP][PASSED] - navigateToUrl: Navigate to 'https://assist2-uat.perkeso.gov.my/login' successfully

2018-11-15 10:50:32 - [MESSAGE][PASSED] - Navigate to 'https://assist2-uat.perkeso.gov.my/login' successfully

2018-11-15 10:50:32 - [TEST_STEP][PASSED] - setText: Text 'johorpau1@gmail.com' is set on object 'Object Repository/Final Object Repo/Login Page/Internal User/Email Address'

2018-11-15 10:50:32 - [MESSAGE][PASSED] - Text 'johorpau1@gmail.com' is set on object 'Object Repository/Final Object Repo/Login Page/Internal User/Email Address'

2018-11-15 10:50:32 - [TEST_STEP][PASSED] - click: Object: 'Object Repository/Final Object Repo/Login Page/Internal User/Next Button' is clicked on

2018-11-15 10:50:32 - [MESSAGE][PASSED] - Object: 'Object Repository/Final Object Repo/Login Page/Internal User/Next Button' is clicked on

2018-11-15 10:50:32 - [TEST_STEP][PASSED] - delay: Delayed 1 second(s)

2018-11-15 10:50:33 - [MESSAGE][PASSED] - Delayed 1 second(s)

2018-11-15 10:50:33 - [TEST_STEP][PASSED] - setEncryptedText: Text ****** has been set on object 'Object Repository/Final Object Repo/Login Page/Internal User/Password'

2018-11-15 10:50:33 - [MESSAGE][PASSED] - Text ****** has been set on object 'Object Repository/Final Object Repo/Login Page/Internal User/Password'

2018-11-15 10:50:33 - [TEST_STEP][PASSED] - click: Object: 'Object Repository/Final Object Repo/Login Page/Internal User/Login Button' is clicked on

2018-11-15 10:50:36 - [MESSAGE][PASSED] - Object: 'Object Repository/Final Object Repo/Login Page/Internal User/Login Button' is clicked on

2018-11-15 10:50:36 - [TEST_STEP][PASSED] - Statement - Try: Delayed 2 second(s)

2018-11-15 10:50:36 - [TEST_STEP][PASSED] - Statement - Checker = false: null

2018-11-15 10:50:36 - [TEST_STEP][PASSED] - Statement - Checker = com.kms.katalon.core.webui.keyword.WebUiBuiltInKeywords.verifyElementHasAttribute(com.kms.katalon.core.testobject.ObjectRepository.findTestObject(Final Object Repo/Landing Page/BM Detecting), "href", 20, OPTIONAL): Object 'Object Repository/Final Object Repo/Landing Page/BM Detecting' has attribute 'href'

2018-11-15 10:50:36 - [MESSAGE][PASSED] - Object 'Object Repository/Final Object Repo/Landing Page/BM Detecting' has attribute 'href'

2018-11-15 10:50:36 - [TEST_STEP][PASSED] - Statement - out.println(Checker): null

2018-11-15 10:50:36 - [TEST_STEP][PASSED] - Statement - If (Checker == false): null

2018-11-15 10:50:36 - [TEST_STEP][PASSED] - Statement - Else: null

2018-11-15 10:50:36 - [TEST_STEP][PASSED] - delay: Delayed 2 second(s)

2018-11-15 10:50:38 - [MESSAGE][PASSED] - Delayed 2 second(s)

2018-11-15 10:50:38 - [TEST_STEP][PASSED] - delay: Delayed 1 second(s)

2018-11-15 10:50:39 - [MESSAGE][PASSED] - Delayed 1 second(s)

2018-11-15 10:50:39 - [TEST_STEP][PASSED] - navigateToUrl: Navigate to 'https://assist2-uat.perkeso.gov.my/web/registration/update/update-employer-information' successfully

2018-11-15 10:50:41 - [MESSAGE][PASSED] - Navigate to 'https://assist2-uat.perkeso.gov.my/web/registration/update/update-employer-information' successfully

2018-11-15 10:50:41 - [TEST_STEP][PASSED] - setText: Text 'E1102001065V ' is set on object 'Object Repository/Final Object Repo/Page_Update Employer Information/Employer Code'

2018-11-15 10:50:41 - [MESSAGE][PASSED] - Text 'E1102001065V ' is set on object 'Object Repository/Final Object Repo/Page_Update Employer Information/Employer Code'

2018-11-15 10:50:41 - [TEST_STEP][PASSED] - click: Object: 'Object Repository/Final Object Repo/Page_Update Employer Information/Search Button' is clicked on

2018-11-15 10:50:43 - [MESSAGE][PASSED] - Object: 'Object Repository/Final Object Repo/Page_Update Employer Information/Search Button' is clicked on

2018-11-15 10:50:43 - [TEST_STEP][PASSED] - click: Object: 'Object Repository/Final Object Repo/Page_Update Employer Information/Edit Button' is clicked on

2018-11-15 10:50:46 - [MESSAGE][PASSED] - Object: 'Object Repository/Final Object Repo/Page_Update Employer Information/Edit Button' is clicked on

2018-11-15 10:50:46 - [TEST_STEP][PASSED] - click: Object: 'Object Repository/Final Object Repo/Page_Update Employer Information/Business Entity' is clicked on

2018-11-15 10:50:46 - [MESSAGE][PASSED] - Object: 'Object Repository/Final Object Repo/Page_Update Employer Information/Business Entity' is clicked on

2018-11-15 10:50:46 - [TEST_STEP][PASSED] - Statement - CurrentBusinessEntity = "": null

2018-11-15 10:50:46 - [TEST_STEP][PASSED] - Statement - CurrentBusinessEntity = com.kms.katalon.core.webui.keyword.WebUiBuiltInKeywords.getText(com.kms.katalon.core.testobject.ObjectRepository.findTestObject(Final Object Repo/Page_Update Employer Information/Current Business Entity)): Text of object 'Object Repository/Final Object Repo/Page_Update Employer Information/Current Business Entity' is: 'Partnership'

2018-11-15 10:50:46 - [MESSAGE][PASSED] - Text of object 'Object Repository/Final Object Repo/Page_Update Employer Information/Current Business Entity' is: 'Partnership'

2018-11-15 10:50:46 - [TEST_STEP][PASSED] - Statement - out.println(CurrentBusinessEntity): null

2018-11-15 10:50:46 - [TEST_STEP][PASSED] - Statement - If (CurrentBusinessEntity == "Corporation"): null

2018-11-15 10:50:46 - [TEST_STEP][PASSED] - Statement - Else If (CurrentBusinessEntity == "Partnership"): Delayed 3 second(s)

2018-11-15 10:50:46 - [TEST_STEP][PASSED] - Statement - obj = com.kms.katalon.core.webui.keyword.WebUiBuiltInKeywords.modifyObjectProperty(com.kms.katalon.core.testobject.ObjectRepository.findTestObject(Final Object Repo/Page_Update Employer Information/change to this Business Entity), "xpath", "equals", "//ul/li/span[contains(text(),"Sole Proprietor / Individual Business")]", true, STOP_ON_FAILURE): Modify property of object successfully

2018-11-15 10:50:46 - [MESSAGE][PASSED] - Modify property of object successfully

2018-11-15 10:50:46 - [TEST_STEP][PASSED] - click: Object: 'Object Repository/Final Object Repo/Page_Update Employer Information/change to this Business Entity' is clicked on

2018-11-15 10:50:47 - [MESSAGE][PASSED] - Object: 'Object Repository/Final Object Repo/Page_Update Employer Information/change to this Business Entity' is clicked on

2018-11-15 10:50:47 - [TEST_STEP][PASSED] - delay: Delayed 1 second(s)

2018-11-15 10:50:48 - [MESSAGE][PASSED] - Delayed 1 second(s)

2018-11-15 10:50:48 - [TEST_STEP][PASSED] - click: Object: 'Object Repository/Final Object Repo/Page_Update Employer Information/Sub Business Entity' is clicked on

2018-11-15 10:50:49 - [MESSAGE][PASSED] - Object: 'Object Repository/Final Object Repo/Page_Update Employer Information/Sub Business Entity' is clicked on

2018-11-15 10:50:49 - [TEST_STEP][PASSED] - click: Object: 'Object Repository/Final Object Repo/Page_Update Employer Information/Sub Business Entity - Sole Properietor - Registered with other Agencies' is clicked on

2018-11-15 10:50:49 - [MESSAGE][PASSED] - Object: 'Object Repository/Final Object Repo/Page_Update Employer Information/Sub Business Entity - Sole Properietor - Registered with other Agencies' is clicked on

2018-11-15 10:50:49 - [TEST_STEP][PASSED] - delay: Delayed 3 second(s)

2018-11-15 10:50:52 - [MESSAGE][PASSED] - Delayed 3 second(s)

2018-11-15 10:50:52 - [TEST_STEP][PASSED] - delay: Delayed 4 second(s)

2018-11-15 10:50:56 - [MESSAGE][PASSED] - Delayed 4 second(s)

2018-11-15 10:50:56 - [TEST_STEP][PASSED] - click: Object: 'Object Repository/Final Object Repo/Page_Update Employer Information/Save  Continue' is clicked on

2018-11-15 10:51:01 - [MESSAGE][PASSED] - Object: 'Object Repository/Final Object Repo/Page_Update Employer Information/Save  Continue' is clicked on

2018-11-15 10:51:01 - [TEST_STEP][PASSED] - delay: Delayed 4 second(s)

2018-11-15 10:51:05 - [MESSAGE][PASSED] - Delayed 4 second(s)

2018-11-15 10:51:05 - [TEST_STEP][PASSED] - click: Object: 'Object Repository/Final Object Repo/Page_Update Employer Information/Save  Continue (1)' is clicked on

2018-11-15 10:51:09 - [MESSAGE][PASSED] - Object: 'Object Repository/Final Object Repo/Page_Update Employer Information/Save  Continue (1)' is clicked on

2018-11-15 10:51:09 - [TEST_STEP][PASSED] - Statement - CaseReferenceNo = com.kms.katalon.core.webui.keyword.WebUiBuiltInKeywords.getText(com.kms.katalon.core.testobject.ObjectRepository.findTestObject(Final Object Repo/Page_Update Employer Information/Reference Number in Update Employee Information Page)): Text of object 'Object Repository/Final Object Repo/Page_Update Employer Information/Reference Number in Update Employee Information Page' is: 'CUN112018C100005446'

2018-11-15 10:51:09 - [MESSAGE][PASSED] - Text of object 'Object Repository/Final Object Repo/Page_Update Employer Information/Reference Number in Update Employee Information Page' is: 'CUN112018C100005446'

2018-11-15 10:51:09 - [TEST_STEP][PASSED] - callTestCase: Call Test Case 'Test Cases/Final Aug 2018 - PKS Automation/Common/Reference Number Setter' successfully

2018-11-15 10:51:09 - [TEST_CASE][PASSED] - Test Cases/Final Aug 2018 - PKS Automation/Common/Reference Number Setter: Test Cases/Final Aug 2018 - PKS Automation/Common/Reference Number Setter

2018-11-15 10:51:09 - [TEST_STEP][PASSED] - Statement - RefNoOldFile = new java.io.File(C://KatalonReference.txt): null

2018-11-15 10:51:09 - [TEST_STEP][PASSED] - Statement - RefNoOldFile.delete(): null

2018-11-15 10:51:09 - [TEST_STEP][PASSED] - delay: Delayed 5 second(s)

2018-11-15 10:51:14 - [MESSAGE][PASSED] - Delayed 5 second(s)

2018-11-15 10:51:14 - [TEST_STEP][PASSED] - Statement - RefNo = new java.io.File(C://KatalonReference.txt): null

2018-11-15 10:51:14 - [TEST_STEP][PASSED] - Statement - f2 = new java.io.FileWriter(RefNo, false): null

2018-11-15 10:51:14 - [TEST_STEP][PASSED] - Statement - f2.write(CaseReferenceNo): null

2018-11-15 10:51:14 - [TEST_STEP][PASSED] - Statement - f2.close(): null

2018-11-15 10:51:14 - [TEST_STEP][PASSED] - Statement - out.println("


" + CaseReferenceNo + "


"): null

2018-11-15 10:51:14 - [MESSAGE][PASSED] - Call Test Case 'Test Cases/Final Aug 2018 - PKS Automation/Common/Reference Number Setter' successfully

2018-11-15 10:51:14 - [TEST_STEP][PASSED] - delay: Delayed 4 second(s)

2018-11-15 10:51:18 - [MESSAGE][PASSED] - Delayed 4 second(s)

2018-11-15 10:51:18 - [TEST_STEP][PASSED] - click: Object: 'Object Repository/Final Object Repo/Page_Update Employer Information/Submit - Copy' is clicked on

2018-11-15 10:51:19 - [MESSAGE][PASSED] - Object: 'Object Repository/Final Object Repo/Page_Update Employer Information/Submit - Copy' is clicked on

2018-11-15 10:51:19 - [TEST_STEP][PASSED] - delay: Delayed 2 second(s)

2018-11-15 10:51:21 - [MESSAGE][PASSED] - Delayed 2 second(s)

2018-11-15 10:51:21 - [TEST_STEP][PASSED] - click: Object: 'Object Repository/Final Object Repo/Page_Update Employer Information/Confirm' is clicked on

2018-11-15 10:51:25 - [MESSAGE][PASSED] - Object: 'Object Repository/Final Object Repo/Page_Update Employer Information/Confirm' is clicked on

2018-11-15 10:51:25 - [TEST_STEP][PASSED] - delay: Delayed 2 second(s)

2018-11-15 10:51:27 - [MESSAGE][PASSED] - Delayed 2 second(s)

2018-11-15 10:51:27 - [TEST_STEP][PASSED] - click: Object: 'Object Repository/Final Object Repo/Page_Update Employer Information/Message Your Request will be route' is clicked on

2018-11-15 10:51:27 - [MESSAGE][PASSED] - Object: 'Object Repository/Final Object Repo/Page_Update Employer Information/Message Your Request will be route' is clicked on

2018-11-15 10:51:27 - [MESSAGE][PASSED] - Call Test Case 'Test Cases/Final Aug 2018 - PKS Automation/Registration Module/Workflow/Update Employer Information/Template/Update Employer Information - Special Case (PAU)' successfully

2018-11-15 10:51:27 - [TEST_STEP][PASSED] - callTestCase: Call Test Case 'Test Cases/Final Aug 2018 - PKS Automation/Registration Module/Workflow/Update Employer Information/Template/Update Employer Information - Special Case - UO (Reject)' successfully

2018-11-15 10:51:28 - [TEST_CASE][PASSED] - Test Cases/Final Aug 2018 - PKS Automation/Registration Module/Workflow/Update Employer Information/Template/Update Employer Information - Special Case - UO (Reject): Test Cases/Final Aug 2018 - PKS Automation/Registration Module/Workflow/Update Employer Information/Template/Update Employer Information - Special Case - UO (Reject)

2018-11-15 10:51:28 - [TEST_STEP][NOT_RUN] - callTestCase: NOT_RUN: callTestCase

2018-11-15 10:51:28 - [MESSAGE][NOT_RUN] - NOT_RUN: callTestCase

2018-11-15 10:51:28 - [TEST_STEP][PASSED] - delay: Delayed 1 second(s)

2018-11-15 10:51:29 - [MESSAGE][PASSED] - Delayed 1 second(s)

2018-11-15 10:51:29 - [TEST_STEP][PASSED] - navigateToUrl: Navigate to 'https://assist2-uat.perkeso.gov.my/c/portal/logout' successfully

2018-11-15 10:51:29 - [MESSAGE][PASSED] - Navigate to 'https://assist2-uat.perkeso.gov.my/c/portal/logout' successfully

2018-11-15 10:51:29 - [TEST_STEP][PASSED] - delay: Delayed 1 second(s)

2018-11-15 10:51:30 - [MESSAGE][PASSED] - Delayed 1 second(s)

2018-11-15 10:51:30 - [TEST_STEP][PASSED] - callTestCase: Call Test Case 'Test Cases/Final Aug 2018 - PKS Automation/Common/Reference Number Getter' successfully

2018-11-15 10:51:31 - [TEST_CASE][PASSED] - Test Cases/Final Aug 2018 - PKS Automation/Common/Reference Number Getter: Test Cases/Final Aug 2018 - PKS Automation/Common/Reference Number Getter

2018-11-15 10:51:31 - [TEST_STEP][PASSED] - Statement - Try: null

2018-11-15 10:51:31 - [TEST_STEP][PASSED] - Statement - RefNo = new java.io.File(C://KatalonReference.txt): null

2018-11-15 10:51:31 - [TEST_STEP][PASSED] - Statement - bufferread = new java.io.BufferedReader(new java.io.FileReader(RefNo)): null

2018-11-15 10:51:31 - [TEST_STEP][PASSED] - Statement - readedVal = bufferread.readLine(): null

2018-11-15 10:51:31 - [TEST_STEP][PASSED] - Statement - out.println(CaseReferenceNo): null

2018-11-15 10:51:31 - [TEST_STEP][PASSED] - Statement - out.println(readedVal): null

2018-11-15 10:51:31 - [TEST_STEP][PASSED] - Statement - CaseReferenceNo = "": null

2018-11-15 10:51:31 - [TEST_STEP][PASSED] - Statement - CaseReferenceNo = readedVal: null

2018-11-15 10:51:31 - [MESSAGE][PASSED] - Call Test Case 'Test Cases/Final Aug 2018 - PKS Automation/Common/Reference Number Getter' successfully

2018-11-15 10:51:31 - [TEST_STEP][PASSED] - callTestCase: Call Test Case 'Test Cases/Final Aug 2018 - PKS Automation/Common/Workflow Owner Finder' successfully

2018-11-15 10:51:31 - [TEST_CASE][PASSED] - Test Cases/Final Aug 2018 - PKS Automation/Common/Workflow Owner Finder: Test Cases/Final Aug 2018 - PKS Automation/Common/Workflow Owner Finder

2018-11-15 10:51:31 - [TEST_STEP][PASSED] - openBrowser: Browser is opened with url: ''

2018-11-15 10:51:31 - [MESSAGE][WARNING] - A browser is already opened. Closing browser and opening a new one

2018-11-15 10:51:36 - [MESSAGE][PASSED] - Browser is opened with url: ''

2018-11-15 10:51:36 - [TEST_STEP][PASSED] - navigateToUrl: Navigate to 'https://assist2-uat.perkeso.gov.my/login' successfully

2018-11-15 10:51:38 - [MESSAGE][PASSED] - Navigate to 'https://assist2-uat.perkeso.gov.my/login' successfully

2018-11-15 10:51:38 - [TEST_STEP][PASSED] - delay: Delayed 5 second(s)

2018-11-15 10:51:43 - [MESSAGE][PASSED] - Delayed 5 second(s)

2018-11-15 10:51:43 - [TEST_STEP][PASSED] - setText: Text 'test@liferay.com' is set on object 'Object Repository/Final Object Repo/Login Page/Internal User/Email Address'

2018-11-15 10:51:43 - [MESSAGE][PASSED] - Text 'test@liferay.com' is set on object 'Object Repository/Final Object Repo/Login Page/Internal User/Email Address'

2018-11-15 10:51:43 - [TEST_STEP][PASSED] - click: Object: 'Object Repository/Final Object Repo/Login Page/Internal User/Next Button' is clicked on

2018-11-15 10:51:43 - [MESSAGE][PASSED] - Object: 'Object Repository/Final Object Repo/Login Page/Internal User/Next Button' is clicked on

2018-11-15 10:51:43 - [TEST_STEP][PASSED] - delay: Delayed 2 second(s)

2018-11-15 10:51:45 - [MESSAGE][PASSED] - Delayed 2 second(s)

2018-11-15 10:51:45 - [TEST_STEP][PASSED] - setText: Text 'test' is set on object 'Object Repository/Final Object Repo/Login Page/Internal User/Password'

2018-11-15 10:51:46 - [MESSAGE][PASSED] - Text 'test' is set on object 'Object Repository/Final Object Repo/Login Page/Internal User/Password'

2018-11-15 10:51:46 - [TEST_STEP][PASSED] - delay: Delayed 2 second(s)

2018-11-15 10:51:48 - [MESSAGE][PASSED] - Delayed 2 second(s)

2018-11-15 10:51:48 - [TEST_STEP][PASSED] - click: Object: 'Object Repository/Final Object Repo/Login Page/Internal User/Login Button' is clicked on

2018-11-15 10:51:51 - [MESSAGE][PASSED] - Object: 'Object Repository/Final Object Repo/Login Page/Internal User/Login Button' is clicked on

2018-11-15 10:51:51 - [TEST_STEP][PASSED] - Statement - Try: Delayed 2 second(s)

2018-11-15 10:51:51 - [TEST_STEP][PASSED] - Statement - Checker = false: null

2018-11-15 10:51:51 - [TEST_STEP][PASSED] - Statement - Checker = com.kms.katalon.core.webui.keyword.WebUiBuiltInKeywords.verifyElementHasAttribute(com.kms.katalon.core.testobject.ObjectRepository.findTestObject(Final Object Repo/Landing Page/BM Detecting), "href", 20, OPTIONAL): Object 'Object Repository/Final Object Repo/Landing Page/BM Detecting' has attribute 'href'

2018-11-15 10:51:51 - [MESSAGE][PASSED] - Object 'Object Repository/Final Object Repo/Landing Page/BM Detecting' has attribute 'href'

2018-11-15 10:51:51 - [TEST_STEP][PASSED] - Statement - out.println(Checker): null

2018-11-15 10:51:51 - [TEST_STEP][PASSED] - Statement - If (Checker == false): null

2018-11-15 10:51:51 - [TEST_STEP][PASSED] - Statement - Else: null

2018-11-15 10:51:51 - [TEST_STEP][PASSED] - delay: Delayed 2 second(s)

2018-11-15 10:51:53 - [MESSAGE][PASSED] - Delayed 2 second(s)

2018-11-15 10:51:53 - [TEST_STEP][PASSED] - delay: Delayed 3 second(s)

2018-11-15 10:51:56 - [MESSAGE][PASSED] - Delayed 3 second(s)

2018-11-15 10:51:56 - [TEST_STEP][PASSED] - mouseOver: Object: 'Object Repository/Final Object Repo/Landing Page/WorkFlow Menu' is hovered

2018-11-15 10:51:56 - [MESSAGE][PASSED] - Object: 'Object Repository/Final Object Repo/Landing Page/WorkFlow Menu' is hovered

2018-11-15 10:51:56 - [TEST_STEP][PASSED] - delay: Delayed 2 second(s)

2018-11-15 10:51:58 - [MESSAGE][PASSED] - Delayed 2 second(s)

2018-11-15 10:51:58 - [TEST_STEP][PASSED] - click: Object: 'Object Repository/Final Object Repo/Landing Page/Select to Workflow Listing' is clicked on

2018-11-15 10:51:59 - [MESSAGE][PASSED] - Object: 'Object Repository/Final Object Repo/Landing Page/Select to Workflow Listing' is clicked on

2018-11-15 10:51:59 - [TEST_STEP][PASSED] - delay: Delayed 2 second(s)

2018-11-15 10:52:01 - [MESSAGE][PASSED] - Delayed 2 second(s)

2018-11-15 10:52:01 - [TEST_STEP][PASSED] - click: Object: 'Object Repository/Final Object Repo/WorkFlow Listing Page/Search Information - To Put Ref No' is clicked on

2018-11-15 10:52:01 - [MESSAGE][PASSED] - Object: 'Object Repository/Final Object Repo/WorkFlow Listing Page/Search Information - To Put Ref No' is clicked on

2018-11-15 10:52:01 - [TEST_STEP][PASSED] - delay: Delayed 2 second(s)

2018-11-15 10:52:03 - [MESSAGE][PASSED] - Delayed 2 second(s)

2018-11-15 10:52:03 - [TEST_STEP][PASSED] - callTestCase: Call Test Case 'Test Cases/Final Aug 2018 - PKS Automation/Common/Reference Number Getter' successfully

2018-11-15 10:52:03 - [TEST_CASE][PASSED] - Test Cases/Final Aug 2018 - PKS Automation/Common/Reference Number Getter: Test Cases/Final Aug 2018 - PKS Automation/Common/Reference Number Getter

2018-11-15 10:52:03 - [TEST_STEP][PASSED] - Statement - Try: null

2018-11-15 10:52:03 - [TEST_STEP][PASSED] - Statement - RefNo = new java.io.File(C://KatalonReference.txt): null

2018-11-15 10:52:03 - [TEST_STEP][PASSED] - Statement - bufferread = new java.io.BufferedReader(new java.io.FileReader(RefNo)): null

2018-11-15 10:52:03 - [TEST_STEP][PASSED] - Statement - readedVal = bufferread.readLine(): null

2018-11-15 10:52:03 - [TEST_STEP][PASSED] - Statement - out.println(CaseReferenceNo): null

2018-11-15 10:52:03 - [TEST_STEP][PASSED] - Statement - out.println(readedVal): null

2018-11-15 10:52:03 - [TEST_STEP][PASSED] - Statement - CaseReferenceNo = "": null

2018-11-15 10:52:03 - [TEST_STEP][PASSED] - Statement - CaseReferenceNo = readedVal: null

2018-11-15 10:52:03 - [MESSAGE][PASSED] - Call Test Case 'Test Cases/Final Aug 2018 - PKS Automation/Common/Reference Number Getter' successfully

2018-11-15 10:52:03 - [TEST_STEP][PASSED] - setText: Text 'CUN112018C100005446' is set on object 'Object Repository/Final Object Repo/WorkFlow Listing Page/Ref No Set Text'

2018-11-15 10:52:04 - [MESSAGE][PASSED] - Text 'CUN112018C100005446' is set on object 'Object Repository/Final Object Repo/WorkFlow Listing Page/Ref No Set Text'

2018-11-15 10:52:04 - [TEST_STEP][PASSED] - delay: Delayed 2 second(s)

2018-11-15 10:52:06 - [MESSAGE][PASSED] - Delayed 2 second(s)

2018-11-15 10:52:06 - [TEST_STEP][PASSED] - click: Object: 'Object Repository/Final Object Repo/WorkFlow Listing Page/Search Ref No Search Button' is clicked on

2018-11-15 10:52:07 - [MESSAGE][PASSED] - Object: 'Object Repository/Final Object Repo/WorkFlow Listing Page/Search Ref No Search Button' is clicked on

2018-11-15 10:52:07 - [TEST_STEP][PASSED] - delay: Delayed 4 second(s)

2018-11-15 10:52:11 - [MESSAGE][PASSED] - Delayed 4 second(s)

2018-11-15 10:52:11 - [TEST_STEP][PASSED] - click: Object: 'Object Repository/Final Object Repo/WorkFlow Listing Page/Click Continue Tooltip' is clicked on

2018-11-15 10:52:13 - [MESSAGE][PASSED] - Object: 'Object Repository/Final Object Repo/WorkFlow Listing Page/Click Continue Tooltip' is clicked on

2018-11-15 10:52:13 - [TEST_STEP][PASSED] - delay: Delayed 5 second(s)

2018-11-15 10:52:18 - [MESSAGE][PASSED] - Delayed 5 second(s)

2018-11-15 10:52:18 - [TEST_STEP][PASSED] - doubleClick: Object: 'Object Repository/Final Object Repo/WorkFlow Listing Page/Workflow Found - Listing 1' is double clicked on

2018-11-15 10:52:18 - [MESSAGE][PASSED] - Object: 'Object Repository/Final Object Repo/WorkFlow Listing Page/Workflow Found - Listing 1' is double clicked on

2018-11-15 10:52:18 - [TEST_STEP][PASSED] - Statement - println(OwnerID): null

2018-11-15 10:52:18 - [TEST_STEP][PASSED] - Statement - OwnerID = com.kms.katalon.core.webui.keyword.WebUiBuiltInKeywords.getText(com.kms.katalon.core.testobject.ObjectRepository.findTestObject(Final Object Repo/WorkFlow Listing Page/Workflow Found - Listing 1), STOP_ON_FAILURE): Text of object 'Object Repository/Final Object Repo/WorkFlow Listing Page/Workflow Found - Listing 1' is: 'JOHORuo3'

2018-11-15 10:52:18 - [MESSAGE][PASSED] - Text of object 'Object Repository/Final Object Repo/WorkFlow Listing Page/Workflow Found - Listing 1' is: 'JOHORuo3'

2018-11-15 10:52:18 - [TEST_STEP][PASSED] - Statement - OwnerID = OwnerID.toLowerCase() + "@gmail.com": null

2018-11-15 10:52:18 - [TEST_STEP][PASSED] - Statement - println(OwnerID): null

2018-11-15 10:52:18 - [TEST_STEP][PASSED] - delay: Delayed 2 second(s)

2018-11-15 10:52:20 - [MESSAGE][PASSED] - Delayed 2 second(s)

2018-11-15 10:52:20 - [MESSAGE][PASSED] - Call Test Case 'Test Cases/Final Aug 2018 - PKS Automation/Common/Workflow Owner Finder' successfully

2018-11-15 10:52:20 - [TEST_STEP][PASSED] - delay: Delayed 1 second(s)

2018-11-15 10:52:21 - [MESSAGE][PASSED] - Delayed 1 second(s)

2018-11-15 10:52:21 - [TEST_STEP][PASSED] - navigateToUrl: Navigate to 'https://assist2-uat.perkeso.gov.my/c/portal/logout' successfully

2018-11-15 10:52:22 - [MESSAGE][PASSED] - Navigate to 'https://assist2-uat.perkeso.gov.my/c/portal/logout' successfully

2018-11-15 10:52:22 - [TEST_STEP][PASSED] - delay: Delayed 1 second(s)

2018-11-15 10:52:23 - [MESSAGE][PASSED] - Delayed 1 second(s)

2018-11-15 10:52:23 - [TEST_STEP][PASSED] - callTestCase: Call Test Case 'Test Cases/Final Aug 2018 - PKS Automation/Registration Module/Workflow/Login and Search Case For Workflow' successfully

2018-11-15 10:52:23 - [TEST_CASE][PASSED] - Test Cases/Final Aug 2018 - PKS Automation/Registration Module/Workflow/Login and Search Case For Workflow: Test Cases/Final Aug 2018 - PKS Automation/Registration Module/Workflow/Login and Search Case For Workflow

2018-11-15 10:52:23 - [TEST_STEP][PASSED] - navigateToUrl: Navigate to 'https://assist2-uat.perkeso.gov.my/login' successfully

2018-11-15 10:52:24 - [MESSAGE][PASSED] - Navigate to 'https://assist2-uat.perkeso.gov.my/login' successfully

2018-11-15 10:52:24 - [TEST_STEP][PASSED] - setText: Text 'johoruo3@gmail.com' is set on object 'Object Repository/Final Object Repo/Login Page/Internal User/Email Address'

2018-11-15 10:52:24 - [MESSAGE][PASSED] - Text 'johoruo3@gmail.com' is set on object 'Object Repository/Final Object Repo/Login Page/Internal User/Email Address'

2018-11-15 10:52:24 - [TEST_STEP][PASSED] - click: Object: 'Object Repository/Final Object Repo/Login Page/Internal User/Next Button' is clicked on

2018-11-15 10:52:24 - [MESSAGE][PASSED] - Object: 'Object Repository/Final Object Repo/Login Page/Internal User/Next Button' is clicked on

2018-11-15 10:52:24 - [TEST_STEP][PASSED] - delay: Delayed 1 second(s)

2018-11-15 10:52:25 - [MESSAGE][PASSED] - Delayed 1 second(s)

2018-11-15 10:52:25 - [TEST_STEP][PASSED] - setEncryptedText: Text ****** has been set on object 'Object Repository/Final Object Repo/Login Page/Internal User/Password'

2018-11-15 10:52:25 - [MESSAGE][PASSED] - Text ****** has been set on object 'Object Repository/Final Object Repo/Login Page/Internal User/Password'

2018-11-15 10:52:25 - [TEST_STEP][PASSED] - click: Object: 'Object Repository/Final Object Repo/Login Page/Internal User/Login Button' is clicked on

2018-11-15 10:52:28 - [MESSAGE][PASSED] - Object: 'Object Repository/Final Object Repo/Login Page/Internal User/Login Button' is clicked on

2018-11-15 10:52:28 - [TEST_STEP][PASSED] - delay: Delayed 2 second(s)

2018-11-15 10:52:30 - [MESSAGE][PASSED] - Delayed 2 second(s)

2018-11-15 10:52:30 - [TEST_STEP][PASSED] - Statement - Try: Delayed 2 second(s)

2018-11-15 10:52:30 - [TEST_STEP][PASSED] - Statement - Checker = false: null

2018-11-15 10:52:30 - [TEST_STEP][PASSED] - Statement - Checker = com.kms.katalon.core.webui.keyword.WebUiBuiltInKeywords.verifyElementHasAttribute(com.kms.katalon.core.testobject.ObjectRepository.findTestObject(Final Object Repo/Landing Page/BM Detecting), "href", 20, OPTIONAL): Object 'Object Repository/Final Object Repo/Landing Page/BM Detecting' has attribute 'href'

2018-11-15 10:52:30 - [MESSAGE][PASSED] - Object 'Object Repository/Final Object Repo/Landing Page/BM Detecting' has attribute 'href'

2018-11-15 10:52:30 - [TEST_STEP][PASSED] - Statement - out.println(Checker): null

2018-11-15 10:52:30 - [TEST_STEP][PASSED] - Statement - If (Checker == false): null

2018-11-15 10:52:30 - [TEST_STEP][PASSED] - Statement - Else: null

2018-11-15 10:52:30 - [TEST_STEP][PASSED] - delay: Delayed 2 second(s)

2018-11-15 10:52:32 - [MESSAGE][PASSED] - Delayed 2 second(s)

2018-11-15 10:52:32 - [TEST_STEP][PASSED] - click: Object: 'Object Repository/Final Object Repo/Page_MyASSIST - ASSIST - Search Pending Case For Add Supporting Document/Search Information' is clicked on

2018-11-15 10:52:32 - [MESSAGE][PASSED] - Object: 'Object Repository/Final Object Repo/Page_MyASSIST - ASSIST - Search Pending Case For Add Supporting Document/Search Information' is clicked on

2018-11-15 10:52:32 - [TEST_STEP][PASSED] - delay: Delayed 3 second(s)

2018-11-15 10:52:35 - [MESSAGE][PASSED] - Delayed 3 second(s)

2018-11-15 10:52:35 - [TEST_STEP][PASSED] - sendKeys: Keys 'CUN112018C100005446' sent to object: 'Object Repository/Final Object Repo/Page_MyASSIST - ASSIST - Search Pending Case For Add Supporting Document/Reference No'

2018-11-15 10:52:35 - [MESSAGE][PASSED] - Keys 'CUN112018C100005446' sent to object: 'Object Repository/Final Object Repo/Page_MyASSIST - ASSIST - Search Pending Case For Add Supporting Document/Reference No'

2018-11-15 10:52:35 - [TEST_STEP][PASSED] - click: Object: 'Object Repository/Final Object Repo/Page_MyASSIST - ASSIST - Search Pending Case For Add Supporting Document/Search Reference No' is clicked on

2018-11-15 10:52:37 - [MESSAGE][PASSED] - Object: 'Object Repository/Final Object Repo/Page_MyASSIST - ASSIST - Search Pending Case For Add Supporting Document/Search Reference No' is clicked on

2018-11-15 10:52:37 - [TEST_STEP][PASSED] - delay: Delayed 2 second(s)

2018-11-15 10:52:39 - [MESSAGE][PASSED] - Delayed 2 second(s)

2018-11-15 10:52:39 - [TEST_STEP][PASSED] - click: Object: 'Object Repository/Final Object Repo/Page_MyASSIST - ASSIST - Search Pending Case For Add Supporting Document/Continue' is clicked on

2018-11-15 10:52:43 - [MESSAGE][PASSED] - Object: 'Object Repository/Final Object Repo/Page_MyASSIST - ASSIST - Search Pending Case For Add Supporting Document/Continue' is clicked on

2018-11-15 10:52:43 - [TEST_STEP][PASSED] - delay: Delayed 20 second(s)

2018-11-15 10:53:03 - [MESSAGE][PASSED] - Delayed 20 second(s)

2018-11-15 10:53:03 - [MESSAGE][PASSED] - Call Test Case 'Test Cases/Final Aug 2018 - PKS Automation/Registration Module/Workflow/Login and Search Case For Workflow' successfully

2018-11-15 10:53:03 - [TEST_STEP][PASSED] - delay: Delayed 2 second(s)

2018-11-15 10:53:05 - [MESSAGE][PASSED] - Delayed 2 second(s)

2018-11-15 10:53:05 - [TEST_STEP][PASSED] - click: Object: 'Object Repository/Final Object Repo/Page_Update Employer Information/Page_Update Employer Information UO (Approve)/Continue' is clicked on

2018-11-15 10:53:10 - [MESSAGE][PASSED] - Object: 'Object Repository/Final Object Repo/Page_Update Employer Information/Page_Update Employer Information UO (Approve)/Continue' is clicked on

2018-11-15 10:53:10 - [TEST_STEP][PASSED] - delay: Delayed 2 second(s)

2018-11-15 10:53:12 - [MESSAGE][PASSED] - Delayed 2 second(s)

2018-11-15 10:53:12 - [TEST_STEP][PASSED] - click: Object: 'Object Repository/Final Object Repo/Page_Update Employer Information/Page_Update Employer Information UO (Approve)/Save  Continue in Update Employer Information Page' is clicked on

2018-11-15 10:53:17 - [MESSAGE][PASSED] - Object: 'Object Repository/Final Object Repo/Page_Update Employer Information/Page_Update Employer Information UO (Approve)/Save  Continue in Update Employer Information Page' is clicked on

2018-11-15 10:53:17 - [TEST_STEP][PASSED] - delay: Delayed 2 second(s)

2018-11-15 10:53:19 - [MESSAGE][PASSED] - Delayed 2 second(s)

2018-11-15 10:53:19 - [TEST_STEP][PASSED] - click: Object: 'Object Repository/Final Object Repo/Page_Update Employer Information/Page_Update Employer Information UO (Approve)/Save  Continue in Uploading Supporting Document Page' is clicked on

2018-11-15 10:53:24 - [MESSAGE][PASSED] - Object: 'Object Repository/Final Object Repo/Page_Update Employer Information/Page_Update Employer Information UO (Approve)/Save  Continue in Uploading Supporting Document Page' is clicked on

2018-11-15 10:53:24 - [TEST_STEP][PASSED] - delay: Delayed 2 second(s)

2018-11-15 10:53:26 - [MESSAGE][PASSED] - Delayed 2 second(s)

2018-11-15 10:53:26 - [TEST_STEP][PASSED] - click: Object: 'Object Repository/Final Object Repo/Page_Update Employer Information/Page_Update Employer Information UO (Reject)/Reject' is clicked on

2018-11-15 10:53:26 - [MESSAGE][PASSED] - Object: 'Object Repository/Final Object Repo/Page_Update Employer Information/Page_Update Employer Information UO (Reject)/Reject' is clicked on

2018-11-15 10:53:26 - [TEST_STEP][PASSED] - delay: Delayed 2 second(s)

2018-11-15 10:53:28 - [MESSAGE][PASSED] - Delayed 2 second(s)

2018-11-15 10:53:28 - [TEST_STEP][PASSED] - click: Object: 'Object Repository/Final Object Repo/Page_Update Employer Information/Page_Update Employer Information UO (Reject)/Confirm' is clicked on

2018-11-15 10:53:32 - [MESSAGE][PASSED] - Object: 'Object Repository/Final Object Repo/Page_Update Employer Information/Page_Update Employer Information UO (Reject)/Confirm' is clicked on

2018-11-15 10:53:32 - [TEST_STEP][PASSED] - delay: Delayed 2 second(s)

2018-11-15 10:53:34 - [MESSAGE][PASSED] - Delayed 2 second(s)

2018-11-15 10:53:34 - [TEST_STEP][PASSED] - click: Object: 'Object Repository/Final Object Repo/Page_Update Employer Information/Page_Update Employer Information UO (Reject)/Message This Case has been Rejected' is clicked on

2018-11-15 10:53:35 - [MESSAGE][PASSED] - Object: 'Object Repository/Final Object Repo/Page_Update Employer Information/Page_Update Employer Information UO (Reject)/Message This Case has been Rejected' is clicked on

2018-11-15 10:53:35 - [MESSAGE][PASSED] - Call Test Case 'Test Cases/Final Aug 2018 - PKS Automation/Registration Module/Workflow/Update Employer Information/Template/Update Employer Information - Special Case - UO (Reject)' successfully]]></system-out>
         <system-err><![CDATA[]]></system-err>
      </testcase>
      <testcase name="Test Cases/Final Aug 2018 - PKS Automation/Registration Module/Workflow/Update Employer Information/PAU - UO (Under enforcement)" classname="Test Cases/Final Aug 2018 - PKS Automation/Registration Module/Workflow/Update Employer Information/PAU - UO (Under enforcement)" status="PASSED">
         <system-out><![CDATA[2018-11-15 10:53:35 - [TEST_CASE][PASSED] - Test Cases/Final Aug 2018 - PKS Automation/Registration Module/Workflow/Update Employer Information/PAU - UO (Under enforcement): Test Cases/Final Aug 2018 - PKS Automation/Registration Module/Workflow/Update Employer Information/PAU - UO (Under enforcement)

2018-11-15 10:53:35 - [TEST_STEP][PASSED] - callTestCase: Call Test Case 'Test Cases/Final Aug 2018 - PKS Automation/Registration Module/Workflow/Update Employer Information/Template/Update Employer Information - Special Case (PAU)' successfully

2018-11-15 10:53:35 - [TEST_CASE][PASSED] - Test Cases/Final Aug 2018 - PKS Automation/Registration Module/Workflow/Update Employer Information/Template/Update Employer Information - Special Case (PAU): Test Cases/Final Aug 2018 - PKS Automation/Registration Module/Workflow/Update Employer Information/Template/Update Employer Information - Special Case (PAU)

2018-11-15 10:53:35 - [TEST_STEP][PASSED] - openBrowser: Browser is opened with url: ''

2018-11-15 10:53:35 - [MESSAGE][WARNING] - A browser is already opened. Closing browser and opening a new one

2018-11-15 10:53:40 - [MESSAGE][PASSED] - Browser is opened with url: ''

2018-11-15 10:53:40 - [TEST_STEP][PASSED] - navigateToUrl: Navigate to 'https://assist2-uat.perkeso.gov.my/login' successfully

2018-11-15 10:53:42 - [MESSAGE][PASSED] - Navigate to 'https://assist2-uat.perkeso.gov.my/login' successfully

2018-11-15 10:53:42 - [TEST_STEP][PASSED] - setText: Text 'johorpau1@gmail.com' is set on object 'Object Repository/Final Object Repo/Login Page/Internal User/Email Address'

2018-11-15 10:53:42 - [MESSAGE][PASSED] - Text 'johorpau1@gmail.com' is set on object 'Object Repository/Final Object Repo/Login Page/Internal User/Email Address'

2018-11-15 10:53:42 - [TEST_STEP][PASSED] - click: Object: 'Object Repository/Final Object Repo/Login Page/Internal User/Next Button' is clicked on

2018-11-15 10:53:42 - [MESSAGE][PASSED] - Object: 'Object Repository/Final Object Repo/Login Page/Internal User/Next Button' is clicked on

2018-11-15 10:53:42 - [TEST_STEP][PASSED] - delay: Delayed 1 second(s)

2018-11-15 10:53:43 - [MESSAGE][PASSED] - Delayed 1 second(s)

2018-11-15 10:53:43 - [TEST_STEP][PASSED] - setEncryptedText: Text ****** has been set on object 'Object Repository/Final Object Repo/Login Page/Internal User/Password'

2018-11-15 10:53:44 - [MESSAGE][PASSED] - Text ****** has been set on object 'Object Repository/Final Object Repo/Login Page/Internal User/Password'

2018-11-15 10:53:44 - [TEST_STEP][PASSED] - click: Object: 'Object Repository/Final Object Repo/Login Page/Internal User/Login Button' is clicked on

2018-11-15 10:53:46 - [MESSAGE][PASSED] - Object: 'Object Repository/Final Object Repo/Login Page/Internal User/Login Button' is clicked on

2018-11-15 10:53:46 - [TEST_STEP][PASSED] - Statement - Try: Delayed 2 second(s)

2018-11-15 10:53:46 - [TEST_STEP][PASSED] - Statement - Checker = false: null

2018-11-15 10:53:46 - [TEST_STEP][PASSED] - Statement - Checker = com.kms.katalon.core.webui.keyword.WebUiBuiltInKeywords.verifyElementHasAttribute(com.kms.katalon.core.testobject.ObjectRepository.findTestObject(Final Object Repo/Landing Page/BM Detecting), "href", 20, OPTIONAL): Object 'Object Repository/Final Object Repo/Landing Page/BM Detecting' has attribute 'href'

2018-11-15 10:53:46 - [MESSAGE][PASSED] - Object 'Object Repository/Final Object Repo/Landing Page/BM Detecting' has attribute 'href'

2018-11-15 10:53:46 - [TEST_STEP][PASSED] - Statement - out.println(Checker): null

2018-11-15 10:53:46 - [TEST_STEP][PASSED] - Statement - If (Checker == false): null

2018-11-15 10:53:46 - [TEST_STEP][PASSED] - Statement - Else: null

2018-11-15 10:53:46 - [TEST_STEP][PASSED] - delay: Delayed 2 second(s)

2018-11-15 10:53:48 - [MESSAGE][PASSED] - Delayed 2 second(s)

2018-11-15 10:53:48 - [TEST_STEP][PASSED] - delay: Delayed 1 second(s)

2018-11-15 10:53:49 - [MESSAGE][PASSED] - Delayed 1 second(s)

2018-11-15 10:53:49 - [TEST_STEP][PASSED] - navigateToUrl: Navigate to 'https://assist2-uat.perkeso.gov.my/web/registration/update/update-employer-information' successfully

2018-11-15 10:53:51 - [MESSAGE][PASSED] - Navigate to 'https://assist2-uat.perkeso.gov.my/web/registration/update/update-employer-information' successfully

2018-11-15 10:53:51 - [TEST_STEP][PASSED] - setText: Text 'E1102001065V ' is set on object 'Object Repository/Final Object Repo/Page_Update Employer Information/Employer Code'

2018-11-15 10:53:51 - [MESSAGE][PASSED] - Text 'E1102001065V ' is set on object 'Object Repository/Final Object Repo/Page_Update Employer Information/Employer Code'

2018-11-15 10:53:51 - [TEST_STEP][PASSED] - click: Object: 'Object Repository/Final Object Repo/Page_Update Employer Information/Search Button' is clicked on

2018-11-15 10:53:52 - [MESSAGE][PASSED] - Object: 'Object Repository/Final Object Repo/Page_Update Employer Information/Search Button' is clicked on

2018-11-15 10:53:52 - [TEST_STEP][PASSED] - click: Object: 'Object Repository/Final Object Repo/Page_Update Employer Information/Edit Button' is clicked on

2018-11-15 10:53:55 - [MESSAGE][PASSED] - Object: 'Object Repository/Final Object Repo/Page_Update Employer Information/Edit Button' is clicked on

2018-11-15 10:53:55 - [TEST_STEP][PASSED] - click: Object: 'Object Repository/Final Object Repo/Page_Update Employer Information/Business Entity' is clicked on

2018-11-15 10:53:55 - [MESSAGE][PASSED] - Object: 'Object Repository/Final Object Repo/Page_Update Employer Information/Business Entity' is clicked on

2018-11-15 10:53:55 - [TEST_STEP][PASSED] - Statement - CurrentBusinessEntity = "": null

2018-11-15 10:53:55 - [TEST_STEP][PASSED] - Statement - CurrentBusinessEntity = com.kms.katalon.core.webui.keyword.WebUiBuiltInKeywords.getText(com.kms.katalon.core.testobject.ObjectRepository.findTestObject(Final Object Repo/Page_Update Employer Information/Current Business Entity)): Text of object 'Object Repository/Final Object Repo/Page_Update Employer Information/Current Business Entity' is: 'Partnership'

2018-11-15 10:53:55 - [MESSAGE][PASSED] - Text of object 'Object Repository/Final Object Repo/Page_Update Employer Information/Current Business Entity' is: 'Partnership'

2018-11-15 10:53:55 - [TEST_STEP][PASSED] - Statement - out.println(CurrentBusinessEntity): null

2018-11-15 10:53:55 - [TEST_STEP][PASSED] - Statement - If (CurrentBusinessEntity == "Corporation"): null

2018-11-15 10:53:55 - [TEST_STEP][PASSED] - Statement - Else If (CurrentBusinessEntity == "Partnership"): Delayed 3 second(s)

2018-11-15 10:53:55 - [TEST_STEP][PASSED] - Statement - obj = com.kms.katalon.core.webui.keyword.WebUiBuiltInKeywords.modifyObjectProperty(com.kms.katalon.core.testobject.ObjectRepository.findTestObject(Final Object Repo/Page_Update Employer Information/change to this Business Entity), "xpath", "equals", "//ul/li/span[contains(text(),"Sole Proprietor / Individual Business")]", true, STOP_ON_FAILURE): Modify property of object successfully

2018-11-15 10:53:55 - [MESSAGE][PASSED] - Modify property of object successfully

2018-11-15 10:53:55 - [TEST_STEP][PASSED] - click: Object: 'Object Repository/Final Object Repo/Page_Update Employer Information/change to this Business Entity' is clicked on

2018-11-15 10:53:56 - [MESSAGE][PASSED] - Object: 'Object Repository/Final Object Repo/Page_Update Employer Information/change to this Business Entity' is clicked on

2018-11-15 10:53:56 - [TEST_STEP][PASSED] - delay: Delayed 1 second(s)

2018-11-15 10:53:57 - [MESSAGE][PASSED] - Delayed 1 second(s)

2018-11-15 10:53:57 - [TEST_STEP][PASSED] - click: Object: 'Object Repository/Final Object Repo/Page_Update Employer Information/Sub Business Entity' is clicked on

2018-11-15 10:53:57 - [MESSAGE][PASSED] - Object: 'Object Repository/Final Object Repo/Page_Update Employer Information/Sub Business Entity' is clicked on

2018-11-15 10:53:57 - [TEST_STEP][PASSED] - click: Object: 'Object Repository/Final Object Repo/Page_Update Employer Information/Sub Business Entity - Sole Properietor - Registered with other Agencies' is clicked on

2018-11-15 10:53:58 - [MESSAGE][PASSED] - Object: 'Object Repository/Final Object Repo/Page_Update Employer Information/Sub Business Entity - Sole Properietor - Registered with other Agencies' is clicked on

2018-11-15 10:53:58 - [TEST_STEP][PASSED] - delay: Delayed 3 second(s)

2018-11-15 10:54:01 - [MESSAGE][PASSED] - Delayed 3 second(s)

2018-11-15 10:54:01 - [TEST_STEP][PASSED] - delay: Delayed 4 second(s)

2018-11-15 10:54:05 - [MESSAGE][PASSED] - Delayed 4 second(s)

2018-11-15 10:54:05 - [TEST_STEP][PASSED] - click: Object: 'Object Repository/Final Object Repo/Page_Update Employer Information/Save  Continue' is clicked on

2018-11-15 10:54:10 - [MESSAGE][PASSED] - Object: 'Object Repository/Final Object Repo/Page_Update Employer Information/Save  Continue' is clicked on

2018-11-15 10:54:10 - [TEST_STEP][PASSED] - delay: Delayed 4 second(s)

2018-11-15 10:54:14 - [MESSAGE][PASSED] - Delayed 4 second(s)

2018-11-15 10:54:14 - [TEST_STEP][PASSED] - click: Object: 'Object Repository/Final Object Repo/Page_Update Employer Information/Save  Continue (1)' is clicked on

2018-11-15 10:54:18 - [MESSAGE][PASSED] - Object: 'Object Repository/Final Object Repo/Page_Update Employer Information/Save  Continue (1)' is clicked on

2018-11-15 10:54:18 - [TEST_STEP][PASSED] - Statement - CaseReferenceNo = com.kms.katalon.core.webui.keyword.WebUiBuiltInKeywords.getText(com.kms.katalon.core.testobject.ObjectRepository.findTestObject(Final Object Repo/Page_Update Employer Information/Reference Number in Update Employee Information Page)): Text of object 'Object Repository/Final Object Repo/Page_Update Employer Information/Reference Number in Update Employee Information Page' is: 'CUN112018C100005447'

2018-11-15 10:54:18 - [MESSAGE][PASSED] - Text of object 'Object Repository/Final Object Repo/Page_Update Employer Information/Reference Number in Update Employee Information Page' is: 'CUN112018C100005447'

2018-11-15 10:54:18 - [TEST_STEP][PASSED] - callTestCase: Call Test Case 'Test Cases/Final Aug 2018 - PKS Automation/Common/Reference Number Setter' successfully

2018-11-15 10:54:18 - [TEST_CASE][PASSED] - Test Cases/Final Aug 2018 - PKS Automation/Common/Reference Number Setter: Test Cases/Final Aug 2018 - PKS Automation/Common/Reference Number Setter

2018-11-15 10:54:18 - [TEST_STEP][PASSED] - Statement - RefNoOldFile = new java.io.File(C://KatalonReference.txt): null

2018-11-15 10:54:18 - [TEST_STEP][PASSED] - Statement - RefNoOldFile.delete(): null

2018-11-15 10:54:18 - [TEST_STEP][PASSED] - delay: Delayed 5 second(s)

2018-11-15 10:54:23 - [MESSAGE][PASSED] - Delayed 5 second(s)

2018-11-15 10:54:23 - [TEST_STEP][PASSED] - Statement - RefNo = new java.io.File(C://KatalonReference.txt): null

2018-11-15 10:54:23 - [TEST_STEP][PASSED] - Statement - f2 = new java.io.FileWriter(RefNo, false): null

2018-11-15 10:54:23 - [TEST_STEP][PASSED] - Statement - f2.write(CaseReferenceNo): null

2018-11-15 10:54:23 - [TEST_STEP][PASSED] - Statement - f2.close(): null

2018-11-15 10:54:23 - [TEST_STEP][PASSED] - Statement - out.println("


" + CaseReferenceNo + "


"): null

2018-11-15 10:54:23 - [MESSAGE][PASSED] - Call Test Case 'Test Cases/Final Aug 2018 - PKS Automation/Common/Reference Number Setter' successfully

2018-11-15 10:54:23 - [TEST_STEP][PASSED] - delay: Delayed 4 second(s)

2018-11-15 10:54:27 - [MESSAGE][PASSED] - Delayed 4 second(s)

2018-11-15 10:54:27 - [TEST_STEP][PASSED] - click: Object: 'Object Repository/Final Object Repo/Page_Update Employer Information/Submit - Copy' is clicked on

2018-11-15 10:54:27 - [MESSAGE][PASSED] - Object: 'Object Repository/Final Object Repo/Page_Update Employer Information/Submit - Copy' is clicked on

2018-11-15 10:54:27 - [TEST_STEP][PASSED] - delay: Delayed 2 second(s)

2018-11-15 10:54:29 - [MESSAGE][PASSED] - Delayed 2 second(s)

2018-11-15 10:54:29 - [TEST_STEP][PASSED] - click: Object: 'Object Repository/Final Object Repo/Page_Update Employer Information/Confirm' is clicked on

2018-11-15 10:54:34 - [MESSAGE][PASSED] - Object: 'Object Repository/Final Object Repo/Page_Update Employer Information/Confirm' is clicked on

2018-11-15 10:54:34 - [TEST_STEP][PASSED] - delay: Delayed 2 second(s)

2018-11-15 10:54:36 - [MESSAGE][PASSED] - Delayed 2 second(s)

2018-11-15 10:54:36 - [TEST_STEP][PASSED] - click: Object: 'Object Repository/Final Object Repo/Page_Update Employer Information/Message Your Request will be route' is clicked on

2018-11-15 10:54:36 - [MESSAGE][PASSED] - Object: 'Object Repository/Final Object Repo/Page_Update Employer Information/Message Your Request will be route' is clicked on

2018-11-15 10:54:36 - [MESSAGE][PASSED] - Call Test Case 'Test Cases/Final Aug 2018 - PKS Automation/Registration Module/Workflow/Update Employer Information/Template/Update Employer Information - Special Case (PAU)' successfully

2018-11-15 10:54:36 - [TEST_STEP][PASSED] - callTestCase: Call Test Case 'Test Cases/Final Aug 2018 - PKS Automation/Registration Module/Workflow/Update Employer Information/Template/Update Employer Information - Special Case - UO (Under enforcement)' successfully

2018-11-15 10:54:36 - [TEST_CASE][PASSED] - Test Cases/Final Aug 2018 - PKS Automation/Registration Module/Workflow/Update Employer Information/Template/Update Employer Information - Special Case - UO (Under enforcement): Test Cases/Final Aug 2018 - PKS Automation/Registration Module/Workflow/Update Employer Information/Template/Update Employer Information - Special Case - UO (Under enforcement)

2018-11-15 10:54:36 - [TEST_STEP][NOT_RUN] - callTestCase: NOT_RUN: callTestCase

2018-11-15 10:54:36 - [MESSAGE][NOT_RUN] - NOT_RUN: callTestCase

2018-11-15 10:54:36 - [TEST_STEP][PASSED] - delay: Delayed 1 second(s)

2018-11-15 10:54:37 - [MESSAGE][PASSED] - Delayed 1 second(s)

2018-11-15 10:54:37 - [TEST_STEP][PASSED] - navigateToUrl: Navigate to 'https://assist2-uat.perkeso.gov.my/c/portal/logout' successfully

2018-11-15 10:54:38 - [MESSAGE][PASSED] - Navigate to 'https://assist2-uat.perkeso.gov.my/c/portal/logout' successfully

2018-11-15 10:54:38 - [TEST_STEP][PASSED] - delay: Delayed 1 second(s)

2018-11-15 10:54:39 - [MESSAGE][PASSED] - Delayed 1 second(s)

2018-11-15 10:54:39 - [TEST_STEP][PASSED] - callTestCase: Call Test Case 'Test Cases/Final Aug 2018 - PKS Automation/Common/Reference Number Getter' successfully

2018-11-15 10:54:39 - [TEST_CASE][PASSED] - Test Cases/Final Aug 2018 - PKS Automation/Common/Reference Number Getter: Test Cases/Final Aug 2018 - PKS Automation/Common/Reference Number Getter

2018-11-15 10:54:39 - [TEST_STEP][PASSED] - Statement - Try: null

2018-11-15 10:54:39 - [TEST_STEP][PASSED] - Statement - RefNo = new java.io.File(C://KatalonReference.txt): null

2018-11-15 10:54:39 - [TEST_STEP][PASSED] - Statement - bufferread = new java.io.BufferedReader(new java.io.FileReader(RefNo)): null

2018-11-15 10:54:39 - [TEST_STEP][PASSED] - Statement - readedVal = bufferread.readLine(): null

2018-11-15 10:54:39 - [TEST_STEP][PASSED] - Statement - out.println(CaseReferenceNo): null

2018-11-15 10:54:39 - [TEST_STEP][PASSED] - Statement - out.println(readedVal): null

2018-11-15 10:54:39 - [TEST_STEP][PASSED] - Statement - CaseReferenceNo = "": null

2018-11-15 10:54:39 - [TEST_STEP][PASSED] - Statement - CaseReferenceNo = readedVal: null

2018-11-15 10:54:39 - [MESSAGE][PASSED] - Call Test Case 'Test Cases/Final Aug 2018 - PKS Automation/Common/Reference Number Getter' successfully

2018-11-15 10:54:39 - [TEST_STEP][PASSED] - callTestCase: Call Test Case 'Test Cases/Final Aug 2018 - PKS Automation/Common/Workflow Owner Finder' successfully

2018-11-15 10:54:39 - [TEST_CASE][PASSED] - Test Cases/Final Aug 2018 - PKS Automation/Common/Workflow Owner Finder: Test Cases/Final Aug 2018 - PKS Automation/Common/Workflow Owner Finder

2018-11-15 10:54:39 - [TEST_STEP][PASSED] - openBrowser: Browser is opened with url: ''

2018-11-15 10:54:39 - [MESSAGE][WARNING] - A browser is already opened. Closing browser and opening a new one

2018-11-15 10:54:44 - [MESSAGE][PASSED] - Browser is opened with url: ''

2018-11-15 10:54:44 - [TEST_STEP][PASSED] - navigateToUrl: Navigate to 'https://assist2-uat.perkeso.gov.my/login' successfully

2018-11-15 10:54:46 - [MESSAGE][PASSED] - Navigate to 'https://assist2-uat.perkeso.gov.my/login' successfully

2018-11-15 10:54:46 - [TEST_STEP][PASSED] - delay: Delayed 5 second(s)

2018-11-15 10:54:51 - [MESSAGE][PASSED] - Delayed 5 second(s)

2018-11-15 10:54:51 - [TEST_STEP][PASSED] - setText: Text 'test@liferay.com' is set on object 'Object Repository/Final Object Repo/Login Page/Internal User/Email Address'

2018-11-15 10:54:51 - [MESSAGE][PASSED] - Text 'test@liferay.com' is set on object 'Object Repository/Final Object Repo/Login Page/Internal User/Email Address'

2018-11-15 10:54:51 - [TEST_STEP][PASSED] - click: Object: 'Object Repository/Final Object Repo/Login Page/Internal User/Next Button' is clicked on

2018-11-15 10:54:51 - [MESSAGE][PASSED] - Object: 'Object Repository/Final Object Repo/Login Page/Internal User/Next Button' is clicked on

2018-11-15 10:54:51 - [TEST_STEP][PASSED] - delay: Delayed 2 second(s)

2018-11-15 10:54:53 - [MESSAGE][PASSED] - Delayed 2 second(s)

2018-11-15 10:54:53 - [TEST_STEP][PASSED] - setText: Text 'test' is set on object 'Object Repository/Final Object Repo/Login Page/Internal User/Password'

2018-11-15 10:54:53 - [MESSAGE][PASSED] - Text 'test' is set on object 'Object Repository/Final Object Repo/Login Page/Internal User/Password'

2018-11-15 10:54:53 - [TEST_STEP][PASSED] - delay: Delayed 2 second(s)

2018-11-15 10:54:55 - [MESSAGE][PASSED] - Delayed 2 second(s)

2018-11-15 10:54:55 - [TEST_STEP][PASSED] - click: Object: 'Object Repository/Final Object Repo/Login Page/Internal User/Login Button' is clicked on

2018-11-15 10:54:58 - [MESSAGE][PASSED] - Object: 'Object Repository/Final Object Repo/Login Page/Internal User/Login Button' is clicked on

2018-11-15 10:54:58 - [TEST_STEP][PASSED] - Statement - Try: Delayed 2 second(s)

2018-11-15 10:54:58 - [TEST_STEP][PASSED] - Statement - Checker = false: null

2018-11-15 10:54:58 - [TEST_STEP][PASSED] - Statement - Checker = com.kms.katalon.core.webui.keyword.WebUiBuiltInKeywords.verifyElementHasAttribute(com.kms.katalon.core.testobject.ObjectRepository.findTestObject(Final Object Repo/Landing Page/BM Detecting), "href", 20, OPTIONAL): Object 'Object Repository/Final Object Repo/Landing Page/BM Detecting' has attribute 'href'

2018-11-15 10:54:58 - [MESSAGE][PASSED] - Object 'Object Repository/Final Object Repo/Landing Page/BM Detecting' has attribute 'href'

2018-11-15 10:54:58 - [TEST_STEP][PASSED] - Statement - out.println(Checker): null

2018-11-15 10:54:58 - [TEST_STEP][PASSED] - Statement - If (Checker == false): null

2018-11-15 10:54:58 - [TEST_STEP][PASSED] - Statement - Else: null

2018-11-15 10:54:58 - [TEST_STEP][PASSED] - delay: Delayed 2 second(s)

2018-11-15 10:55:00 - [MESSAGE][PASSED] - Delayed 2 second(s)

2018-11-15 10:55:00 - [TEST_STEP][PASSED] - delay: Delayed 3 second(s)

2018-11-15 10:55:03 - [MESSAGE][PASSED] - Delayed 3 second(s)

2018-11-15 10:55:03 - [TEST_STEP][PASSED] - mouseOver: Object: 'Object Repository/Final Object Repo/Landing Page/WorkFlow Menu' is hovered

2018-11-15 10:55:04 - [MESSAGE][PASSED] - Object: 'Object Repository/Final Object Repo/Landing Page/WorkFlow Menu' is hovered

2018-11-15 10:55:04 - [TEST_STEP][PASSED] - delay: Delayed 2 second(s)

2018-11-15 10:55:06 - [MESSAGE][PASSED] - Delayed 2 second(s)

2018-11-15 10:55:06 - [TEST_STEP][PASSED] - click: Object: 'Object Repository/Final Object Repo/Landing Page/Select to Workflow Listing' is clicked on

2018-11-15 10:55:07 - [MESSAGE][PASSED] - Object: 'Object Repository/Final Object Repo/Landing Page/Select to Workflow Listing' is clicked on

2018-11-15 10:55:07 - [TEST_STEP][PASSED] - delay: Delayed 2 second(s)

2018-11-15 10:55:09 - [MESSAGE][PASSED] - Delayed 2 second(s)

2018-11-15 10:55:09 - [TEST_STEP][PASSED] - click: Object: 'Object Repository/Final Object Repo/WorkFlow Listing Page/Search Information - To Put Ref No' is clicked on

2018-11-15 10:55:09 - [MESSAGE][PASSED] - Object: 'Object Repository/Final Object Repo/WorkFlow Listing Page/Search Information - To Put Ref No' is clicked on

2018-11-15 10:55:09 - [TEST_STEP][PASSED] - delay: Delayed 2 second(s)

2018-11-15 10:55:11 - [MESSAGE][PASSED] - Delayed 2 second(s)

2018-11-15 10:55:11 - [TEST_STEP][PASSED] - callTestCase: Call Test Case 'Test Cases/Final Aug 2018 - PKS Automation/Common/Reference Number Getter' successfully

2018-11-15 10:55:11 - [TEST_CASE][PASSED] - Test Cases/Final Aug 2018 - PKS Automation/Common/Reference Number Getter: Test Cases/Final Aug 2018 - PKS Automation/Common/Reference Number Getter

2018-11-15 10:55:11 - [TEST_STEP][PASSED] - Statement - Try: null

2018-11-15 10:55:11 - [TEST_STEP][PASSED] - Statement - RefNo = new java.io.File(C://KatalonReference.txt): null

2018-11-15 10:55:11 - [TEST_STEP][PASSED] - Statement - bufferread = new java.io.BufferedReader(new java.io.FileReader(RefNo)): null

2018-11-15 10:55:11 - [TEST_STEP][PASSED] - Statement - readedVal = bufferread.readLine(): null

2018-11-15 10:55:11 - [TEST_STEP][PASSED] - Statement - out.println(CaseReferenceNo): null

2018-11-15 10:55:11 - [TEST_STEP][PASSED] - Statement - out.println(readedVal): null

2018-11-15 10:55:11 - [TEST_STEP][PASSED] - Statement - CaseReferenceNo = "": null

2018-11-15 10:55:11 - [TEST_STEP][PASSED] - Statement - CaseReferenceNo = readedVal: null

2018-11-15 10:55:11 - [MESSAGE][PASSED] - Call Test Case 'Test Cases/Final Aug 2018 - PKS Automation/Common/Reference Number Getter' successfully

2018-11-15 10:55:11 - [TEST_STEP][PASSED] - setText: Text 'CUN112018C100005447' is set on object 'Object Repository/Final Object Repo/WorkFlow Listing Page/Ref No Set Text'

2018-11-15 10:55:12 - [MESSAGE][PASSED] - Text 'CUN112018C100005447' is set on object 'Object Repository/Final Object Repo/WorkFlow Listing Page/Ref No Set Text'

2018-11-15 10:55:12 - [TEST_STEP][PASSED] - delay: Delayed 2 second(s)

2018-11-15 10:55:14 - [MESSAGE][PASSED] - Delayed 2 second(s)

2018-11-15 10:55:14 - [TEST_STEP][PASSED] - click: Object: 'Object Repository/Final Object Repo/WorkFlow Listing Page/Search Ref No Search Button' is clicked on

2018-11-15 10:55:16 - [MESSAGE][PASSED] - Object: 'Object Repository/Final Object Repo/WorkFlow Listing Page/Search Ref No Search Button' is clicked on

2018-11-15 10:55:16 - [TEST_STEP][PASSED] - delay: Delayed 4 second(s)

2018-11-15 10:55:20 - [MESSAGE][PASSED] - Delayed 4 second(s)

2018-11-15 10:55:20 - [TEST_STEP][PASSED] - click: Object: 'Object Repository/Final Object Repo/WorkFlow Listing Page/Click Continue Tooltip' is clicked on

2018-11-15 10:55:21 - [MESSAGE][PASSED] - Object: 'Object Repository/Final Object Repo/WorkFlow Listing Page/Click Continue Tooltip' is clicked on

2018-11-15 10:55:21 - [TEST_STEP][PASSED] - delay: Delayed 5 second(s)

2018-11-15 10:55:26 - [MESSAGE][PASSED] - Delayed 5 second(s)

2018-11-15 10:55:26 - [TEST_STEP][PASSED] - doubleClick: Object: 'Object Repository/Final Object Repo/WorkFlow Listing Page/Workflow Found - Listing 1' is double clicked on

2018-11-15 10:55:26 - [MESSAGE][PASSED] - Object: 'Object Repository/Final Object Repo/WorkFlow Listing Page/Workflow Found - Listing 1' is double clicked on

2018-11-15 10:55:26 - [TEST_STEP][PASSED] - Statement - println(OwnerID): null

2018-11-15 10:55:26 - [TEST_STEP][PASSED] - Statement - OwnerID = com.kms.katalon.core.webui.keyword.WebUiBuiltInKeywords.getText(com.kms.katalon.core.testobject.ObjectRepository.findTestObject(Final Object Repo/WorkFlow Listing Page/Workflow Found - Listing 1), STOP_ON_FAILURE): Text of object 'Object Repository/Final Object Repo/WorkFlow Listing Page/Workflow Found - Listing 1' is: 'JOHORuo1'

2018-11-15 10:55:26 - [MESSAGE][PASSED] - Text of object 'Object Repository/Final Object Repo/WorkFlow Listing Page/Workflow Found - Listing 1' is: 'JOHORuo1'

2018-11-15 10:55:26 - [TEST_STEP][PASSED] - Statement - OwnerID = OwnerID.toLowerCase() + "@gmail.com": null

2018-11-15 10:55:26 - [TEST_STEP][PASSED] - Statement - println(OwnerID): null

2018-11-15 10:55:26 - [TEST_STEP][PASSED] - delay: Delayed 2 second(s)

2018-11-15 10:55:28 - [MESSAGE][PASSED] - Delayed 2 second(s)

2018-11-15 10:55:28 - [MESSAGE][PASSED] - Call Test Case 'Test Cases/Final Aug 2018 - PKS Automation/Common/Workflow Owner Finder' successfully

2018-11-15 10:55:28 - [TEST_STEP][PASSED] - delay: Delayed 1 second(s)

2018-11-15 10:55:29 - [MESSAGE][PASSED] - Delayed 1 second(s)

2018-11-15 10:55:29 - [TEST_STEP][PASSED] - navigateToUrl: Navigate to 'https://assist2-uat.perkeso.gov.my/c/portal/logout' successfully

2018-11-15 10:55:30 - [MESSAGE][PASSED] - Navigate to 'https://assist2-uat.perkeso.gov.my/c/portal/logout' successfully

2018-11-15 10:55:30 - [TEST_STEP][PASSED] - delay: Delayed 1 second(s)

2018-11-15 10:55:31 - [MESSAGE][PASSED] - Delayed 1 second(s)

2018-11-15 10:55:31 - [TEST_STEP][PASSED] - callTestCase: Call Test Case 'Test Cases/Final Aug 2018 - PKS Automation/Registration Module/Workflow/Login and Search Case For Workflow' successfully

2018-11-15 10:55:31 - [TEST_CASE][PASSED] - Test Cases/Final Aug 2018 - PKS Automation/Registration Module/Workflow/Login and Search Case For Workflow: Test Cases/Final Aug 2018 - PKS Automation/Registration Module/Workflow/Login and Search Case For Workflow

2018-11-15 10:55:31 - [TEST_STEP][PASSED] - navigateToUrl: Navigate to 'https://assist2-uat.perkeso.gov.my/login' successfully

2018-11-15 10:55:32 - [MESSAGE][PASSED] - Navigate to 'https://assist2-uat.perkeso.gov.my/login' successfully

2018-11-15 10:55:32 - [TEST_STEP][PASSED] - setText: Text 'johoruo1@gmail.com' is set on object 'Object Repository/Final Object Repo/Login Page/Internal User/Email Address'

2018-11-15 10:55:32 - [MESSAGE][PASSED] - Text 'johoruo1@gmail.com' is set on object 'Object Repository/Final Object Repo/Login Page/Internal User/Email Address'

2018-11-15 10:55:32 - [TEST_STEP][PASSED] - click: Object: 'Object Repository/Final Object Repo/Login Page/Internal User/Next Button' is clicked on

2018-11-15 10:55:33 - [MESSAGE][PASSED] - Object: 'Object Repository/Final Object Repo/Login Page/Internal User/Next Button' is clicked on

2018-11-15 10:55:33 - [TEST_STEP][PASSED] - delay: Delayed 1 second(s)

2018-11-15 10:55:34 - [MESSAGE][PASSED] - Delayed 1 second(s)

2018-11-15 10:55:34 - [TEST_STEP][PASSED] - setEncryptedText: Text ****** has been set on object 'Object Repository/Final Object Repo/Login Page/Internal User/Password'

2018-11-15 10:55:34 - [MESSAGE][PASSED] - Text ****** has been set on object 'Object Repository/Final Object Repo/Login Page/Internal User/Password'

2018-11-15 10:55:34 - [TEST_STEP][PASSED] - click: Object: 'Object Repository/Final Object Repo/Login Page/Internal User/Login Button' is clicked on

2018-11-15 10:55:36 - [MESSAGE][PASSED] - Object: 'Object Repository/Final Object Repo/Login Page/Internal User/Login Button' is clicked on

2018-11-15 10:55:36 - [TEST_STEP][PASSED] - delay: Delayed 2 second(s)

2018-11-15 10:55:38 - [MESSAGE][PASSED] - Delayed 2 second(s)

2018-11-15 10:55:38 - [TEST_STEP][PASSED] - Statement - Try: Delayed 2 second(s)

2018-11-15 10:55:38 - [TEST_STEP][PASSED] - Statement - Checker = false: null

2018-11-15 10:55:38 - [TEST_STEP][PASSED] - Statement - Checker = com.kms.katalon.core.webui.keyword.WebUiBuiltInKeywords.verifyElementHasAttribute(com.kms.katalon.core.testobject.ObjectRepository.findTestObject(Final Object Repo/Landing Page/BM Detecting), "href", 20, OPTIONAL): Object 'Object Repository/Final Object Repo/Landing Page/BM Detecting' has attribute 'href'

2018-11-15 10:55:38 - [MESSAGE][PASSED] - Object 'Object Repository/Final Object Repo/Landing Page/BM Detecting' has attribute 'href'

2018-11-15 10:55:38 - [TEST_STEP][PASSED] - Statement - out.println(Checker): null

2018-11-15 10:55:38 - [TEST_STEP][PASSED] - Statement - If (Checker == false): null

2018-11-15 10:55:38 - [TEST_STEP][PASSED] - Statement - Else: null

2018-11-15 10:55:38 - [TEST_STEP][PASSED] - delay: Delayed 2 second(s)

2018-11-15 10:55:40 - [MESSAGE][PASSED] - Delayed 2 second(s)

2018-11-15 10:55:40 - [TEST_STEP][PASSED] - click: Object: 'Object Repository/Final Object Repo/Page_MyASSIST - ASSIST - Search Pending Case For Add Supporting Document/Search Information' is clicked on

2018-11-15 10:55:40 - [MESSAGE][PASSED] - Object: 'Object Repository/Final Object Repo/Page_MyASSIST - ASSIST - Search Pending Case For Add Supporting Document/Search Information' is clicked on

2018-11-15 10:55:40 - [TEST_STEP][PASSED] - delay: Delayed 3 second(s)

2018-11-15 10:55:43 - [MESSAGE][PASSED] - Delayed 3 second(s)

2018-11-15 10:55:43 - [TEST_STEP][PASSED] - sendKeys: Keys 'CUN112018C100005447' sent to object: 'Object Repository/Final Object Repo/Page_MyASSIST - ASSIST - Search Pending Case For Add Supporting Document/Reference No'

2018-11-15 10:55:44 - [MESSAGE][PASSED] - Keys 'CUN112018C100005447' sent to object: 'Object Repository/Final Object Repo/Page_MyASSIST - ASSIST - Search Pending Case For Add Supporting Document/Reference No'

2018-11-15 10:55:44 - [TEST_STEP][PASSED] - click: Object: 'Object Repository/Final Object Repo/Page_MyASSIST - ASSIST - Search Pending Case For Add Supporting Document/Search Reference No' is clicked on

2018-11-15 10:55:45 - [MESSAGE][PASSED] - Object: 'Object Repository/Final Object Repo/Page_MyASSIST - ASSIST - Search Pending Case For Add Supporting Document/Search Reference No' is clicked on

2018-11-15 10:55:45 - [TEST_STEP][PASSED] - delay: Delayed 2 second(s)

2018-11-15 10:55:47 - [MESSAGE][PASSED] - Delayed 2 second(s)

2018-11-15 10:55:47 - [TEST_STEP][PASSED] - click: Object: 'Object Repository/Final Object Repo/Page_MyASSIST - ASSIST - Search Pending Case For Add Supporting Document/Continue' is clicked on

2018-11-15 10:55:52 - [MESSAGE][PASSED] - Object: 'Object Repository/Final Object Repo/Page_MyASSIST - ASSIST - Search Pending Case For Add Supporting Document/Continue' is clicked on

2018-11-15 10:55:52 - [TEST_STEP][PASSED] - delay: Delayed 20 second(s)

2018-11-15 10:56:12 - [MESSAGE][PASSED] - Delayed 20 second(s)

2018-11-15 10:56:12 - [MESSAGE][PASSED] - Call Test Case 'Test Cases/Final Aug 2018 - PKS Automation/Registration Module/Workflow/Login and Search Case For Workflow' successfully

2018-11-15 10:56:12 - [TEST_STEP][PASSED] - delay: Delayed 2 second(s)

2018-11-15 10:56:14 - [MESSAGE][PASSED] - Delayed 2 second(s)

2018-11-15 10:56:14 - [TEST_STEP][PASSED] - click: Object: 'Object Repository/Final Object Repo/Page_Update Employer Information/Page_Update Employer Information UO (Approve)/Continue' is clicked on

2018-11-15 10:56:18 - [MESSAGE][PASSED] - Object: 'Object Repository/Final Object Repo/Page_Update Employer Information/Page_Update Employer Information UO (Approve)/Continue' is clicked on

2018-11-15 10:56:18 - [TEST_STEP][PASSED] - delay: Delayed 2 second(s)

2018-11-15 10:56:20 - [MESSAGE][PASSED] - Delayed 2 second(s)

2018-11-15 10:56:20 - [TEST_STEP][PASSED] - click: Object: 'Object Repository/Final Object Repo/Page_Update Employer Information/Page_Update Employer Information UO (Approve)/Save  Continue in Update Employer Information Page' is clicked on

2018-11-15 10:56:25 - [MESSAGE][PASSED] - Object: 'Object Repository/Final Object Repo/Page_Update Employer Information/Page_Update Employer Information UO (Approve)/Save  Continue in Update Employer Information Page' is clicked on

2018-11-15 10:56:25 - [TEST_STEP][PASSED] - delay: Delayed 2 second(s)

2018-11-15 10:56:27 - [MESSAGE][PASSED] - Delayed 2 second(s)

2018-11-15 10:56:27 - [TEST_STEP][PASSED] - click: Object: 'Object Repository/Final Object Repo/Page_Update Employer Information/Page_Update Employer Information UO (Approve)/Save  Continue in Uploading Supporting Document Page' is clicked on

2018-11-15 10:56:31 - [MESSAGE][PASSED] - Object: 'Object Repository/Final Object Repo/Page_Update Employer Information/Page_Update Employer Information UO (Approve)/Save  Continue in Uploading Supporting Document Page' is clicked on

2018-11-15 10:56:31 - [TEST_STEP][PASSED] - delay: Delayed 2 second(s)

2018-11-15 10:56:33 - [MESSAGE][PASSED] - Delayed 2 second(s)

2018-11-15 10:56:33 - [TEST_STEP][PASSED] - click: Object: 'Object Repository/Final Object Repo/Page_Update Employer Information/Page_Update Employer Information UO (Under enforcement)/Under enforcement' is clicked on

2018-11-15 10:56:34 - [MESSAGE][PASSED] - Object: 'Object Repository/Final Object Repo/Page_Update Employer Information/Page_Update Employer Information UO (Under enforcement)/Under enforcement' is clicked on

2018-11-15 10:56:34 - [TEST_STEP][PASSED] - delay: Delayed 2 second(s)

2018-11-15 10:56:36 - [MESSAGE][PASSED] - Delayed 2 second(s)

2018-11-15 10:56:36 - [TEST_STEP][PASSED] - setText: Text 'remark' is set on object 'Object Repository/Final Object Repo/Page_Update Employer Information/Page_Update Employer Information UO (Under enforcement)/Under enforcement - remark'

2018-11-15 10:56:36 - [MESSAGE][PASSED] - Text 'remark' is set on object 'Object Repository/Final Object Repo/Page_Update Employer Information/Page_Update Employer Information UO (Under enforcement)/Under enforcement - remark'

2018-11-15 10:56:36 - [TEST_STEP][PASSED] - delay: Delayed 2 second(s)

2018-11-15 10:56:38 - [MESSAGE][PASSED] - Delayed 2 second(s)

2018-11-15 10:56:38 - [TEST_STEP][PASSED] - click: Object: 'Object Repository/Final Object Repo/Page_Update Employer Information/Page_Update Employer Information UO (Under enforcement)/Save  Continue in Under enfocement Page' is clicked on

2018-11-15 10:56:42 - [MESSAGE][PASSED] - Object: 'Object Repository/Final Object Repo/Page_Update Employer Information/Page_Update Employer Information UO (Under enforcement)/Save  Continue in Under enfocement Page' is clicked on

2018-11-15 10:56:42 - [TEST_STEP][PASSED] - delay: Delayed 2 second(s)

2018-11-15 10:56:44 - [MESSAGE][PASSED] - Delayed 2 second(s)

2018-11-15 10:56:44 - [TEST_STEP][PASSED] - doubleClick: Object: 'Object Repository/Final Object Repo/Page_Update Employer Information/Page_Update Employer Information UO (Under enforcement)/Message The case is under enforceme' is double clicked on

2018-11-15 10:56:44 - [MESSAGE][PASSED] - Object: 'Object Repository/Final Object Repo/Page_Update Employer Information/Page_Update Employer Information UO (Under enforcement)/Message The case is under enforceme' is double clicked on

2018-11-15 10:56:44 - [MESSAGE][PASSED] - Call Test Case 'Test Cases/Final Aug 2018 - PKS Automation/Registration Module/Workflow/Update Employer Information/Template/Update Employer Information - Special Case - UO (Under enforcement)' successfully]]></system-out>
         <system-err><![CDATA[]]></system-err>
      </testcase>
      <testcase name="Test Cases/Final Aug 2018 - PKS Automation/Registration Module/Workflow/Update Employer Information/PKRBO - UO (Approve)" classname="Test Cases/Final Aug 2018 - PKS Automation/Registration Module/Workflow/Update Employer Information/PKRBO - UO (Approve)" status="PASSED">
         <system-out><![CDATA[2018-11-15 10:56:44 - [TEST_CASE][PASSED] - Test Cases/Final Aug 2018 - PKS Automation/Registration Module/Workflow/Update Employer Information/PKRBO - UO (Approve): Test Cases/Final Aug 2018 - PKS Automation/Registration Module/Workflow/Update Employer Information/PKRBO - UO (Approve)

2018-11-15 10:56:44 - [TEST_STEP][PASSED] - callTestCase: Call Test Case 'Test Cases/Final Aug 2018 - PKS Automation/Registration Module/Workflow/Update Employer Information/Template/Update Employer Information - Special Case (PKRBO)' successfully

2018-11-15 10:56:44 - [TEST_CASE][PASSED] - Test Cases/Final Aug 2018 - PKS Automation/Registration Module/Workflow/Update Employer Information/Template/Update Employer Information - Special Case (PKRBO): Test Cases/Final Aug 2018 - PKS Automation/Registration Module/Workflow/Update Employer Information/Template/Update Employer Information - Special Case (PKRBO)

2018-11-15 10:56:45 - [TEST_STEP][PASSED] - openBrowser: Browser is opened with url: ''

2018-11-15 10:56:45 - [MESSAGE][WARNING] - A browser is already opened. Closing browser and opening a new one

2018-11-15 10:56:49 - [MESSAGE][PASSED] - Browser is opened with url: ''

2018-11-15 10:56:49 - [TEST_STEP][PASSED] - navigateToUrl: Navigate to 'https://assist2-uat.perkeso.gov.my/login' successfully

2018-11-15 10:56:51 - [MESSAGE][PASSED] - Navigate to 'https://assist2-uat.perkeso.gov.my/login' successfully

2018-11-15 10:56:51 - [TEST_STEP][PASSED] - setText: Text 'johorpkrbo1@gmail.com' is set on object 'Object Repository/Final Object Repo/Login Page/Internal User/Email Address'

2018-11-15 10:56:51 - [MESSAGE][PASSED] - Text 'johorpkrbo1@gmail.com' is set on object 'Object Repository/Final Object Repo/Login Page/Internal User/Email Address'

2018-11-15 10:56:51 - [TEST_STEP][PASSED] - click: Object: 'Object Repository/Final Object Repo/Login Page/Internal User/Next Button' is clicked on

2018-11-15 10:56:52 - [MESSAGE][PASSED] - Object: 'Object Repository/Final Object Repo/Login Page/Internal User/Next Button' is clicked on

2018-11-15 10:56:52 - [TEST_STEP][PASSED] - delay: Delayed 1 second(s)

2018-11-15 10:56:53 - [MESSAGE][PASSED] - Delayed 1 second(s)

2018-11-15 10:56:53 - [TEST_STEP][PASSED] - setEncryptedText: Text ****** has been set on object 'Object Repository/Final Object Repo/Login Page/Internal User/Password'

2018-11-15 10:56:53 - [MESSAGE][PASSED] - Text ****** has been set on object 'Object Repository/Final Object Repo/Login Page/Internal User/Password'

2018-11-15 10:56:53 - [TEST_STEP][PASSED] - click: Object: 'Object Repository/Final Object Repo/Login Page/Internal User/Login Button' is clicked on

2018-11-15 10:56:56 - [MESSAGE][PASSED] - Object: 'Object Repository/Final Object Repo/Login Page/Internal User/Login Button' is clicked on

2018-11-15 10:56:56 - [TEST_STEP][PASSED] - Statement - Try: Delayed 2 second(s)

2018-11-15 10:56:56 - [TEST_STEP][PASSED] - Statement - Checker = false: null

2018-11-15 10:56:56 - [TEST_STEP][PASSED] - Statement - Checker = com.kms.katalon.core.webui.keyword.WebUiBuiltInKeywords.verifyElementHasAttribute(com.kms.katalon.core.testobject.ObjectRepository.findTestObject(Final Object Repo/Landing Page/BM Detecting), "href", 20, OPTIONAL): Object 'Object Repository/Final Object Repo/Landing Page/BM Detecting' has attribute 'href'

2018-11-15 10:56:56 - [MESSAGE][PASSED] - Object 'Object Repository/Final Object Repo/Landing Page/BM Detecting' has attribute 'href'

2018-11-15 10:56:56 - [TEST_STEP][PASSED] - Statement - out.println(Checker): null

2018-11-15 10:56:56 - [TEST_STEP][PASSED] - Statement - If (Checker == false): null

2018-11-15 10:56:56 - [TEST_STEP][PASSED] - Statement - Else: null

2018-11-15 10:56:56 - [TEST_STEP][PASSED] - delay: Delayed 2 second(s)

2018-11-15 10:56:58 - [MESSAGE][PASSED] - Delayed 2 second(s)

2018-11-15 10:56:58 - [TEST_STEP][PASSED] - delay: Delayed 1 second(s)

2018-11-15 10:56:59 - [MESSAGE][PASSED] - Delayed 1 second(s)

2018-11-15 10:56:59 - [TEST_STEP][PASSED] - navigateToUrl: Navigate to 'https://assist2-uat.perkeso.gov.my/web/registration/update/update-employer-information' successfully

2018-11-15 10:57:00 - [MESSAGE][PASSED] - Navigate to 'https://assist2-uat.perkeso.gov.my/web/registration/update/update-employer-information' successfully

2018-11-15 10:57:00 - [TEST_STEP][PASSED] - setText: Text 'E1102001065V ' is set on object 'Object Repository/Final Object Repo/Page_Update Employer Information/Employer Code'

2018-11-15 10:57:00 - [MESSAGE][PASSED] - Text 'E1102001065V ' is set on object 'Object Repository/Final Object Repo/Page_Update Employer Information/Employer Code'

2018-11-15 10:57:00 - [TEST_STEP][PASSED] - click: Object: 'Object Repository/Final Object Repo/Page_Update Employer Information/Search Button' is clicked on

2018-11-15 10:57:01 - [MESSAGE][PASSED] - Object: 'Object Repository/Final Object Repo/Page_Update Employer Information/Search Button' is clicked on

2018-11-15 10:57:01 - [TEST_STEP][PASSED] - click: Object: 'Object Repository/Final Object Repo/Page_Update Employer Information/Edit Button' is clicked on

2018-11-15 10:57:05 - [MESSAGE][PASSED] - Object: 'Object Repository/Final Object Repo/Page_Update Employer Information/Edit Button' is clicked on

2018-11-15 10:57:05 - [TEST_STEP][PASSED] - click: Object: 'Object Repository/Final Object Repo/Page_Update Employer Information/Business Entity' is clicked on

2018-11-15 10:57:05 - [MESSAGE][PASSED] - Object: 'Object Repository/Final Object Repo/Page_Update Employer Information/Business Entity' is clicked on

2018-11-15 10:57:05 - [TEST_STEP][PASSED] - Statement - CurrentBusinessEntity = "": null

2018-11-15 10:57:05 - [TEST_STEP][PASSED] - Statement - CurrentBusinessEntity = com.kms.katalon.core.webui.keyword.WebUiBuiltInKeywords.getText(com.kms.katalon.core.testobject.ObjectRepository.findTestObject(Final Object Repo/Page_Update Employer Information/Current Business Entity)): Text of object 'Object Repository/Final Object Repo/Page_Update Employer Information/Current Business Entity' is: 'Partnership'

2018-11-15 10:57:05 - [MESSAGE][PASSED] - Text of object 'Object Repository/Final Object Repo/Page_Update Employer Information/Current Business Entity' is: 'Partnership'

2018-11-15 10:57:05 - [TEST_STEP][PASSED] - Statement - out.println(CurrentBusinessEntity): null

2018-11-15 10:57:05 - [TEST_STEP][PASSED] - Statement - If (CurrentBusinessEntity == "Corporation"): null

2018-11-15 10:57:05 - [TEST_STEP][PASSED] - Statement - Else If (CurrentBusinessEntity == "Partnership"): Delayed 3 second(s)

2018-11-15 10:57:05 - [TEST_STEP][PASSED] - Statement - obj = com.kms.katalon.core.webui.keyword.WebUiBuiltInKeywords.modifyObjectProperty(com.kms.katalon.core.testobject.ObjectRepository.findTestObject(Final Object Repo/Page_Update Employer Information/change to this Business Entity), "xpath", "equals", "//ul/li/span[contains(text(),"Sole Proprietor / Individual Business")]", true, STOP_ON_FAILURE): Modify property of object successfully

2018-11-15 10:57:05 - [MESSAGE][PASSED] - Modify property of object successfully

2018-11-15 10:57:05 - [TEST_STEP][PASSED] - click: Object: 'Object Repository/Final Object Repo/Page_Update Employer Information/change to this Business Entity' is clicked on

2018-11-15 10:57:06 - [MESSAGE][PASSED] - Object: 'Object Repository/Final Object Repo/Page_Update Employer Information/change to this Business Entity' is clicked on

2018-11-15 10:57:06 - [TEST_STEP][PASSED] - delay: Delayed 1 second(s)

2018-11-15 10:57:07 - [MESSAGE][PASSED] - Delayed 1 second(s)

2018-11-15 10:57:07 - [TEST_STEP][PASSED] - click: Object: 'Object Repository/Final Object Repo/Page_Update Employer Information/Sub Business Entity' is clicked on

2018-11-15 10:57:07 - [MESSAGE][PASSED] - Object: 'Object Repository/Final Object Repo/Page_Update Employer Information/Sub Business Entity' is clicked on

2018-11-15 10:57:07 - [TEST_STEP][PASSED] - click: Object: 'Object Repository/Final Object Repo/Page_Update Employer Information/Sub Business Entity - Sole Properietor - Registered with other Agencies' is clicked on

2018-11-15 10:57:08 - [MESSAGE][PASSED] - Object: 'Object Repository/Final Object Repo/Page_Update Employer Information/Sub Business Entity - Sole Properietor - Registered with other Agencies' is clicked on

2018-11-15 10:57:08 - [TEST_STEP][PASSED] - delay: Delayed 3 second(s)

2018-11-15 10:57:11 - [MESSAGE][PASSED] - Delayed 3 second(s)

2018-11-15 10:57:11 - [TEST_STEP][PASSED] - delay: Delayed 4 second(s)

2018-11-15 10:57:15 - [MESSAGE][PASSED] - Delayed 4 second(s)

2018-11-15 10:57:15 - [TEST_STEP][PASSED] - click: Object: 'Object Repository/Final Object Repo/Page_Update Employer Information/Save  Continue' is clicked on

2018-11-15 10:57:19 - [MESSAGE][PASSED] - Object: 'Object Repository/Final Object Repo/Page_Update Employer Information/Save  Continue' is clicked on

2018-11-15 10:57:19 - [TEST_STEP][PASSED] - delay: Delayed 4 second(s)

2018-11-15 10:57:23 - [MESSAGE][PASSED] - Delayed 4 second(s)

2018-11-15 10:57:23 - [TEST_STEP][PASSED] - click: Object: 'Object Repository/Final Object Repo/Page_Update Employer Information/Save  Continue (1)' is clicked on

2018-11-15 10:57:28 - [MESSAGE][PASSED] - Object: 'Object Repository/Final Object Repo/Page_Update Employer Information/Save  Continue (1)' is clicked on

2018-11-15 10:57:28 - [TEST_STEP][PASSED] - Statement - CaseReferenceNo = com.kms.katalon.core.webui.keyword.WebUiBuiltInKeywords.getText(com.kms.katalon.core.testobject.ObjectRepository.findTestObject(Final Object Repo/Page_Update Employer Information/Reference Number in Update Employee Information Page)): Text of object 'Object Repository/Final Object Repo/Page_Update Employer Information/Reference Number in Update Employee Information Page' is: 'CUN112018C100005448'

2018-11-15 10:57:28 - [MESSAGE][PASSED] - Text of object 'Object Repository/Final Object Repo/Page_Update Employer Information/Reference Number in Update Employee Information Page' is: 'CUN112018C100005448'

2018-11-15 10:57:28 - [TEST_STEP][PASSED] - callTestCase: Call Test Case 'Test Cases/Final Aug 2018 - PKS Automation/Common/Reference Number Setter' successfully

2018-11-15 10:57:28 - [TEST_CASE][PASSED] - Test Cases/Final Aug 2018 - PKS Automation/Common/Reference Number Setter: Test Cases/Final Aug 2018 - PKS Automation/Common/Reference Number Setter

2018-11-15 10:57:28 - [TEST_STEP][PASSED] - Statement - RefNoOldFile = new java.io.File(C://KatalonReference.txt): null

2018-11-15 10:57:28 - [TEST_STEP][PASSED] - Statement - RefNoOldFile.delete(): null

2018-11-15 10:57:28 - [TEST_STEP][PASSED] - delay: Delayed 5 second(s)

2018-11-15 10:57:33 - [MESSAGE][PASSED] - Delayed 5 second(s)

2018-11-15 10:57:33 - [TEST_STEP][PASSED] - Statement - RefNo = new java.io.File(C://KatalonReference.txt): null

2018-11-15 10:57:33 - [TEST_STEP][PASSED] - Statement - f2 = new java.io.FileWriter(RefNo, false): null

2018-11-15 10:57:33 - [TEST_STEP][PASSED] - Statement - f2.write(CaseReferenceNo): null

2018-11-15 10:57:33 - [TEST_STEP][PASSED] - Statement - f2.close(): null

2018-11-15 10:57:33 - [TEST_STEP][PASSED] - Statement - out.println("


" + CaseReferenceNo + "


"): null

2018-11-15 10:57:33 - [MESSAGE][PASSED] - Call Test Case 'Test Cases/Final Aug 2018 - PKS Automation/Common/Reference Number Setter' successfully

2018-11-15 10:57:33 - [TEST_STEP][PASSED] - delay: Delayed 4 second(s)

2018-11-15 10:57:37 - [MESSAGE][PASSED] - Delayed 4 second(s)

2018-11-15 10:57:37 - [TEST_STEP][PASSED] - click: Object: 'Object Repository/Final Object Repo/Page_Update Employer Information/Submit - Copy' is clicked on

2018-11-15 10:57:37 - [MESSAGE][PASSED] - Object: 'Object Repository/Final Object Repo/Page_Update Employer Information/Submit - Copy' is clicked on

2018-11-15 10:57:37 - [TEST_STEP][PASSED] - delay: Delayed 2 second(s)

2018-11-15 10:57:39 - [MESSAGE][PASSED] - Delayed 2 second(s)

2018-11-15 10:57:39 - [TEST_STEP][PASSED] - click: Object: 'Object Repository/Final Object Repo/Page_Update Employer Information/Confirm' is clicked on

2018-11-15 10:57:44 - [MESSAGE][PASSED] - Object: 'Object Repository/Final Object Repo/Page_Update Employer Information/Confirm' is clicked on

2018-11-15 10:57:44 - [TEST_STEP][PASSED] - delay: Delayed 2 second(s)

2018-11-15 10:57:46 - [MESSAGE][PASSED] - Delayed 2 second(s)

2018-11-15 10:57:46 - [TEST_STEP][PASSED] - click: Object: 'Object Repository/Final Object Repo/Page_Update Employer Information/Message Your Request will be route' is clicked on

2018-11-15 10:57:46 - [MESSAGE][PASSED] - Object: 'Object Repository/Final Object Repo/Page_Update Employer Information/Message Your Request will be route' is clicked on

2018-11-15 10:57:46 - [MESSAGE][PASSED] - Call Test Case 'Test Cases/Final Aug 2018 - PKS Automation/Registration Module/Workflow/Update Employer Information/Template/Update Employer Information - Special Case (PKRBO)' successfully

2018-11-15 10:57:46 - [TEST_STEP][PASSED] - callTestCase: Call Test Case 'Test Cases/Final Aug 2018 - PKS Automation/Registration Module/Workflow/Update Employer Information/Template/Update Employer Information - Special Case - UO (Approve)' successfully

2018-11-15 10:57:46 - [TEST_CASE][PASSED] - Test Cases/Final Aug 2018 - PKS Automation/Registration Module/Workflow/Update Employer Information/Template/Update Employer Information - Special Case - UO (Approve): Test Cases/Final Aug 2018 - PKS Automation/Registration Module/Workflow/Update Employer Information/Template/Update Employer Information - Special Case - UO (Approve)

2018-11-15 10:57:46 - [TEST_STEP][NOT_RUN] - callTestCase: NOT_RUN: callTestCase

2018-11-15 10:57:46 - [MESSAGE][NOT_RUN] - NOT_RUN: callTestCase

2018-11-15 10:57:46 - [TEST_STEP][NOT_RUN] - delay: NOT_RUN: delay

2018-11-15 10:57:46 - [MESSAGE][NOT_RUN] - NOT_RUN: delay

2018-11-15 10:57:46 - [TEST_STEP][NOT_RUN] - navigateToUrl: NOT_RUN: navigateToUrl

2018-11-15 10:57:46 - [MESSAGE][NOT_RUN] - NOT_RUN: navigateToUrl

2018-11-15 10:57:46 - [TEST_STEP][PASSED] - delay: Delayed 1 second(s)

2018-11-15 10:57:47 - [MESSAGE][PASSED] - Delayed 1 second(s)

2018-11-15 10:57:47 - [TEST_STEP][PASSED] - callTestCase: Call Test Case 'Test Cases/Final Aug 2018 - PKS Automation/Common/Reference Number Getter' successfully

2018-11-15 10:57:47 - [TEST_CASE][PASSED] - Test Cases/Final Aug 2018 - PKS Automation/Common/Reference Number Getter: Test Cases/Final Aug 2018 - PKS Automation/Common/Reference Number Getter

2018-11-15 10:57:47 - [TEST_STEP][PASSED] - Statement - Try: null

2018-11-15 10:57:47 - [TEST_STEP][PASSED] - Statement - RefNo = new java.io.File(C://KatalonReference.txt): null

2018-11-15 10:57:47 - [TEST_STEP][PASSED] - Statement - bufferread = new java.io.BufferedReader(new java.io.FileReader(RefNo)): null

2018-11-15 10:57:47 - [TEST_STEP][PASSED] - Statement - readedVal = bufferread.readLine(): null

2018-11-15 10:57:47 - [TEST_STEP][PASSED] - Statement - out.println(CaseReferenceNo): null

2018-11-15 10:57:47 - [TEST_STEP][PASSED] - Statement - out.println(readedVal): null

2018-11-15 10:57:47 - [TEST_STEP][PASSED] - Statement - CaseReferenceNo = "": null

2018-11-15 10:57:47 - [TEST_STEP][PASSED] - Statement - CaseReferenceNo = readedVal: null

2018-11-15 10:57:47 - [MESSAGE][PASSED] - Call Test Case 'Test Cases/Final Aug 2018 - PKS Automation/Common/Reference Number Getter' successfully

2018-11-15 10:57:47 - [TEST_STEP][PASSED] - callTestCase: Call Test Case 'Test Cases/Final Aug 2018 - PKS Automation/Common/Workflow Owner Finder' successfully

2018-11-15 10:57:47 - [TEST_CASE][PASSED] - Test Cases/Final Aug 2018 - PKS Automation/Common/Workflow Owner Finder: Test Cases/Final Aug 2018 - PKS Automation/Common/Workflow Owner Finder

2018-11-15 10:57:47 - [TEST_STEP][PASSED] - openBrowser: Browser is opened with url: ''

2018-11-15 10:57:47 - [MESSAGE][WARNING] - A browser is already opened. Closing browser and opening a new one

2018-11-15 10:57:52 - [MESSAGE][PASSED] - Browser is opened with url: ''

2018-11-15 10:57:52 - [TEST_STEP][PASSED] - navigateToUrl: Navigate to 'https://assist2-uat.perkeso.gov.my/login' successfully

2018-11-15 10:57:54 - [MESSAGE][PASSED] - Navigate to 'https://assist2-uat.perkeso.gov.my/login' successfully

2018-11-15 10:57:54 - [TEST_STEP][PASSED] - delay: Delayed 5 second(s)

2018-11-15 10:57:59 - [MESSAGE][PASSED] - Delayed 5 second(s)

2018-11-15 10:57:59 - [TEST_STEP][PASSED] - setText: Text 'test@liferay.com' is set on object 'Object Repository/Final Object Repo/Login Page/Internal User/Email Address'

2018-11-15 10:57:59 - [MESSAGE][PASSED] - Text 'test@liferay.com' is set on object 'Object Repository/Final Object Repo/Login Page/Internal User/Email Address'

2018-11-15 10:57:59 - [TEST_STEP][PASSED] - click: Object: 'Object Repository/Final Object Repo/Login Page/Internal User/Next Button' is clicked on

2018-11-15 10:57:59 - [MESSAGE][PASSED] - Object: 'Object Repository/Final Object Repo/Login Page/Internal User/Next Button' is clicked on

2018-11-15 10:57:59 - [TEST_STEP][PASSED] - delay: Delayed 2 second(s)

2018-11-15 10:58:01 - [MESSAGE][PASSED] - Delayed 2 second(s)

2018-11-15 10:58:01 - [TEST_STEP][PASSED] - setText: Text 'test' is set on object 'Object Repository/Final Object Repo/Login Page/Internal User/Password'

2018-11-15 10:58:01 - [MESSAGE][PASSED] - Text 'test' is set on object 'Object Repository/Final Object Repo/Login Page/Internal User/Password'

2018-11-15 10:58:01 - [TEST_STEP][PASSED] - delay: Delayed 2 second(s)

2018-11-15 10:58:03 - [MESSAGE][PASSED] - Delayed 2 second(s)

2018-11-15 10:58:03 - [TEST_STEP][PASSED] - click: Object: 'Object Repository/Final Object Repo/Login Page/Internal User/Login Button' is clicked on

2018-11-15 10:58:06 - [MESSAGE][PASSED] - Object: 'Object Repository/Final Object Repo/Login Page/Internal User/Login Button' is clicked on

2018-11-15 10:58:06 - [TEST_STEP][PASSED] - Statement - Try: Delayed 2 second(s)

2018-11-15 10:58:06 - [TEST_STEP][PASSED] - Statement - Checker = false: null

2018-11-15 10:58:06 - [TEST_STEP][PASSED] - Statement - Checker = com.kms.katalon.core.webui.keyword.WebUiBuiltInKeywords.verifyElementHasAttribute(com.kms.katalon.core.testobject.ObjectRepository.findTestObject(Final Object Repo/Landing Page/BM Detecting), "href", 20, OPTIONAL): Object 'Object Repository/Final Object Repo/Landing Page/BM Detecting' has attribute 'href'

2018-11-15 10:58:07 - [MESSAGE][PASSED] - Object 'Object Repository/Final Object Repo/Landing Page/BM Detecting' has attribute 'href'

2018-11-15 10:58:07 - [TEST_STEP][PASSED] - Statement - out.println(Checker): null

2018-11-15 10:58:07 - [TEST_STEP][PASSED] - Statement - If (Checker == false): null

2018-11-15 10:58:07 - [TEST_STEP][PASSED] - Statement - Else: null

2018-11-15 10:58:07 - [TEST_STEP][PASSED] - delay: Delayed 2 second(s)

2018-11-15 10:58:09 - [MESSAGE][PASSED] - Delayed 2 second(s)

2018-11-15 10:58:09 - [TEST_STEP][PASSED] - delay: Delayed 3 second(s)

2018-11-15 10:58:12 - [MESSAGE][PASSED] - Delayed 3 second(s)

2018-11-15 10:58:12 - [TEST_STEP][PASSED] - mouseOver: Object: 'Object Repository/Final Object Repo/Landing Page/WorkFlow Menu' is hovered

2018-11-15 10:58:12 - [MESSAGE][PASSED] - Object: 'Object Repository/Final Object Repo/Landing Page/WorkFlow Menu' is hovered

2018-11-15 10:58:12 - [TEST_STEP][PASSED] - delay: Delayed 2 second(s)

2018-11-15 10:58:14 - [MESSAGE][PASSED] - Delayed 2 second(s)

2018-11-15 10:58:14 - [TEST_STEP][PASSED] - click: Object: 'Object Repository/Final Object Repo/Landing Page/Select to Workflow Listing' is clicked on

2018-11-15 10:58:15 - [MESSAGE][PASSED] - Object: 'Object Repository/Final Object Repo/Landing Page/Select to Workflow Listing' is clicked on

2018-11-15 10:58:15 - [TEST_STEP][PASSED] - delay: Delayed 2 second(s)

2018-11-15 10:58:17 - [MESSAGE][PASSED] - Delayed 2 second(s)

2018-11-15 10:58:17 - [TEST_STEP][PASSED] - click: Object: 'Object Repository/Final Object Repo/WorkFlow Listing Page/Search Information - To Put Ref No' is clicked on

2018-11-15 10:58:17 - [MESSAGE][PASSED] - Object: 'Object Repository/Final Object Repo/WorkFlow Listing Page/Search Information - To Put Ref No' is clicked on

2018-11-15 10:58:17 - [TEST_STEP][PASSED] - delay: Delayed 2 second(s)

2018-11-15 10:58:19 - [MESSAGE][PASSED] - Delayed 2 second(s)

2018-11-15 10:58:19 - [TEST_STEP][PASSED] - callTestCase: Call Test Case 'Test Cases/Final Aug 2018 - PKS Automation/Common/Reference Number Getter' successfully

2018-11-15 10:58:19 - [TEST_CASE][PASSED] - Test Cases/Final Aug 2018 - PKS Automation/Common/Reference Number Getter: Test Cases/Final Aug 2018 - PKS Automation/Common/Reference Number Getter

2018-11-15 10:58:19 - [TEST_STEP][PASSED] - Statement - Try: null

2018-11-15 10:58:19 - [TEST_STEP][PASSED] - Statement - RefNo = new java.io.File(C://KatalonReference.txt): null

2018-11-15 10:58:19 - [TEST_STEP][PASSED] - Statement - bufferread = new java.io.BufferedReader(new java.io.FileReader(RefNo)): null

2018-11-15 10:58:19 - [TEST_STEP][PASSED] - Statement - readedVal = bufferread.readLine(): null

2018-11-15 10:58:19 - [TEST_STEP][PASSED] - Statement - out.println(CaseReferenceNo): null

2018-11-15 10:58:19 - [TEST_STEP][PASSED] - Statement - out.println(readedVal): null

2018-11-15 10:58:19 - [TEST_STEP][PASSED] - Statement - CaseReferenceNo = "": null

2018-11-15 10:58:19 - [TEST_STEP][PASSED] - Statement - CaseReferenceNo = readedVal: null

2018-11-15 10:58:19 - [MESSAGE][PASSED] - Call Test Case 'Test Cases/Final Aug 2018 - PKS Automation/Common/Reference Number Getter' successfully

2018-11-15 10:58:19 - [TEST_STEP][PASSED] - setText: Text 'CUN112018C100005448' is set on object 'Object Repository/Final Object Repo/WorkFlow Listing Page/Ref No Set Text'

2018-11-15 10:58:20 - [MESSAGE][PASSED] - Text 'CUN112018C100005448' is set on object 'Object Repository/Final Object Repo/WorkFlow Listing Page/Ref No Set Text'

2018-11-15 10:58:20 - [TEST_STEP][PASSED] - delay: Delayed 2 second(s)

2018-11-15 10:58:22 - [MESSAGE][PASSED] - Delayed 2 second(s)

2018-11-15 10:58:22 - [TEST_STEP][PASSED] - click: Object: 'Object Repository/Final Object Repo/WorkFlow Listing Page/Search Ref No Search Button' is clicked on

2018-11-15 10:58:24 - [MESSAGE][PASSED] - Object: 'Object Repository/Final Object Repo/WorkFlow Listing Page/Search Ref No Search Button' is clicked on

2018-11-15 10:58:24 - [TEST_STEP][PASSED] - delay: Delayed 4 second(s)

2018-11-15 10:58:28 - [MESSAGE][PASSED] - Delayed 4 second(s)

2018-11-15 10:58:28 - [TEST_STEP][PASSED] - click: Object: 'Object Repository/Final Object Repo/WorkFlow Listing Page/Click Continue Tooltip' is clicked on

2018-11-15 10:58:29 - [MESSAGE][PASSED] - Object: 'Object Repository/Final Object Repo/WorkFlow Listing Page/Click Continue Tooltip' is clicked on

2018-11-15 10:58:29 - [TEST_STEP][PASSED] - delay: Delayed 5 second(s)

2018-11-15 10:58:34 - [MESSAGE][PASSED] - Delayed 5 second(s)

2018-11-15 10:58:34 - [TEST_STEP][PASSED] - doubleClick: Object: 'Object Repository/Final Object Repo/WorkFlow Listing Page/Workflow Found - Listing 1' is double clicked on

2018-11-15 10:58:34 - [MESSAGE][PASSED] - Object: 'Object Repository/Final Object Repo/WorkFlow Listing Page/Workflow Found - Listing 1' is double clicked on

2018-11-15 10:58:34 - [TEST_STEP][PASSED] - Statement - println(OwnerID): null

2018-11-15 10:58:34 - [TEST_STEP][PASSED] - Statement - OwnerID = com.kms.katalon.core.webui.keyword.WebUiBuiltInKeywords.getText(com.kms.katalon.core.testobject.ObjectRepository.findTestObject(Final Object Repo/WorkFlow Listing Page/Workflow Found - Listing 1), STOP_ON_FAILURE): Text of object 'Object Repository/Final Object Repo/WorkFlow Listing Page/Workflow Found - Listing 1' is: 'JOHORuo2'

2018-11-15 10:58:34 - [MESSAGE][PASSED] - Text of object 'Object Repository/Final Object Repo/WorkFlow Listing Page/Workflow Found - Listing 1' is: 'JOHORuo2'

2018-11-15 10:58:34 - [TEST_STEP][PASSED] - Statement - OwnerID = OwnerID.toLowerCase() + "@gmail.com": null

2018-11-15 10:58:34 - [TEST_STEP][PASSED] - Statement - println(OwnerID): null

2018-11-15 10:58:34 - [TEST_STEP][PASSED] - delay: Delayed 2 second(s)

2018-11-15 10:58:36 - [MESSAGE][PASSED] - Delayed 2 second(s)

2018-11-15 10:58:36 - [MESSAGE][PASSED] - Call Test Case 'Test Cases/Final Aug 2018 - PKS Automation/Common/Workflow Owner Finder' successfully

2018-11-15 10:58:36 - [TEST_STEP][PASSED] - delay: Delayed 1 second(s)

2018-11-15 10:58:37 - [MESSAGE][PASSED] - Delayed 1 second(s)

2018-11-15 10:58:37 - [TEST_STEP][PASSED] - navigateToUrl: Navigate to 'https://assist2-uat.perkeso.gov.my/c/portal/logout' successfully

2018-11-15 10:58:38 - [MESSAGE][PASSED] - Navigate to 'https://assist2-uat.perkeso.gov.my/c/portal/logout' successfully

2018-11-15 10:58:38 - [TEST_STEP][PASSED] - callTestCase: Call Test Case 'Test Cases/Final Aug 2018 - PKS Automation/Registration Module/Workflow/Login and Search Case For Workflow' successfully

2018-11-15 10:58:38 - [TEST_CASE][PASSED] - Test Cases/Final Aug 2018 - PKS Automation/Registration Module/Workflow/Login and Search Case For Workflow: Test Cases/Final Aug 2018 - PKS Automation/Registration Module/Workflow/Login and Search Case For Workflow

2018-11-15 10:58:38 - [TEST_STEP][PASSED] - navigateToUrl: Navigate to 'https://assist2-uat.perkeso.gov.my/login' successfully

2018-11-15 10:58:39 - [MESSAGE][PASSED] - Navigate to 'https://assist2-uat.perkeso.gov.my/login' successfully

2018-11-15 10:58:39 - [TEST_STEP][PASSED] - setText: Text 'johoruo2@gmail.com' is set on object 'Object Repository/Final Object Repo/Login Page/Internal User/Email Address'

2018-11-15 10:58:39 - [MESSAGE][PASSED] - Text 'johoruo2@gmail.com' is set on object 'Object Repository/Final Object Repo/Login Page/Internal User/Email Address'

2018-11-15 10:58:39 - [TEST_STEP][PASSED] - click: Object: 'Object Repository/Final Object Repo/Login Page/Internal User/Next Button' is clicked on

2018-11-15 10:58:40 - [MESSAGE][PASSED] - Object: 'Object Repository/Final Object Repo/Login Page/Internal User/Next Button' is clicked on

2018-11-15 10:58:40 - [TEST_STEP][PASSED] - delay: Delayed 1 second(s)

2018-11-15 10:58:41 - [MESSAGE][PASSED] - Delayed 1 second(s)

2018-11-15 10:58:41 - [TEST_STEP][PASSED] - setEncryptedText: Text ****** has been set on object 'Object Repository/Final Object Repo/Login Page/Internal User/Password'

2018-11-15 10:58:41 - [MESSAGE][PASSED] - Text ****** has been set on object 'Object Repository/Final Object Repo/Login Page/Internal User/Password'

2018-11-15 10:58:41 - [TEST_STEP][PASSED] - click: Object: 'Object Repository/Final Object Repo/Login Page/Internal User/Login Button' is clicked on

2018-11-15 10:58:43 - [MESSAGE][PASSED] - Object: 'Object Repository/Final Object Repo/Login Page/Internal User/Login Button' is clicked on

2018-11-15 10:58:43 - [TEST_STEP][PASSED] - delay: Delayed 2 second(s)

2018-11-15 10:58:45 - [MESSAGE][PASSED] - Delayed 2 second(s)

2018-11-15 10:58:45 - [TEST_STEP][PASSED] - Statement - Try: Delayed 2 second(s)

2018-11-15 10:58:45 - [TEST_STEP][PASSED] - Statement - Checker = false: null

2018-11-15 10:58:45 - [TEST_STEP][PASSED] - Statement - Checker = com.kms.katalon.core.webui.keyword.WebUiBuiltInKeywords.verifyElementHasAttribute(com.kms.katalon.core.testobject.ObjectRepository.findTestObject(Final Object Repo/Landing Page/BM Detecting), "href", 20, OPTIONAL): Object 'Object Repository/Final Object Repo/Landing Page/BM Detecting' has attribute 'href'

2018-11-15 10:58:45 - [MESSAGE][PASSED] - Object 'Object Repository/Final Object Repo/Landing Page/BM Detecting' has attribute 'href'

2018-11-15 10:58:45 - [TEST_STEP][PASSED] - Statement - out.println(Checker): null

2018-11-15 10:58:45 - [TEST_STEP][PASSED] - Statement - If (Checker == false): null

2018-11-15 10:58:45 - [TEST_STEP][PASSED] - Statement - Else: null

2018-11-15 10:58:45 - [TEST_STEP][PASSED] - delay: Delayed 2 second(s)

2018-11-15 10:58:47 - [MESSAGE][PASSED] - Delayed 2 second(s)

2018-11-15 10:58:47 - [TEST_STEP][PASSED] - click: Object: 'Object Repository/Final Object Repo/Page_MyASSIST - ASSIST - Search Pending Case For Add Supporting Document/Search Information' is clicked on

2018-11-15 10:58:47 - [MESSAGE][PASSED] - Object: 'Object Repository/Final Object Repo/Page_MyASSIST - ASSIST - Search Pending Case For Add Supporting Document/Search Information' is clicked on

2018-11-15 10:58:47 - [TEST_STEP][PASSED] - delay: Delayed 3 second(s)

2018-11-15 10:58:50 - [MESSAGE][PASSED] - Delayed 3 second(s)

2018-11-15 10:58:50 - [TEST_STEP][PASSED] - sendKeys: Keys 'CUN112018C100005448' sent to object: 'Object Repository/Final Object Repo/Page_MyASSIST - ASSIST - Search Pending Case For Add Supporting Document/Reference No'

2018-11-15 10:58:50 - [MESSAGE][PASSED] - Keys 'CUN112018C100005448' sent to object: 'Object Repository/Final Object Repo/Page_MyASSIST - ASSIST - Search Pending Case For Add Supporting Document/Reference No'

2018-11-15 10:58:50 - [TEST_STEP][PASSED] - click: Object: 'Object Repository/Final Object Repo/Page_MyASSIST - ASSIST - Search Pending Case For Add Supporting Document/Search Reference No' is clicked on

2018-11-15 10:58:52 - [MESSAGE][PASSED] - Object: 'Object Repository/Final Object Repo/Page_MyASSIST - ASSIST - Search Pending Case For Add Supporting Document/Search Reference No' is clicked on

2018-11-15 10:58:52 - [TEST_STEP][PASSED] - delay: Delayed 2 second(s)

2018-11-15 10:58:54 - [MESSAGE][PASSED] - Delayed 2 second(s)

2018-11-15 10:58:54 - [TEST_STEP][PASSED] - click: Object: 'Object Repository/Final Object Repo/Page_MyASSIST - ASSIST - Search Pending Case For Add Supporting Document/Continue' is clicked on

2018-11-15 10:58:58 - [MESSAGE][PASSED] - Object: 'Object Repository/Final Object Repo/Page_MyASSIST - ASSIST - Search Pending Case For Add Supporting Document/Continue' is clicked on

2018-11-15 10:58:58 - [TEST_STEP][PASSED] - delay: Delayed 20 second(s)

2018-11-15 10:59:18 - [MESSAGE][PASSED] - Delayed 20 second(s)

2018-11-15 10:59:18 - [MESSAGE][PASSED] - Call Test Case 'Test Cases/Final Aug 2018 - PKS Automation/Registration Module/Workflow/Login and Search Case For Workflow' successfully

2018-11-15 10:59:18 - [TEST_STEP][PASSED] - delay: Delayed 10 second(s)

2018-11-15 10:59:28 - [MESSAGE][PASSED] - Delayed 10 second(s)

2018-11-15 10:59:28 - [TEST_STEP][PASSED] - click: Object: 'Object Repository/Final Object Repo/Page_Update Employer Information/Page_Update Employer Information UO (Approve)/Continue' is clicked on

2018-11-15 10:59:32 - [MESSAGE][PASSED] - Object: 'Object Repository/Final Object Repo/Page_Update Employer Information/Page_Update Employer Information UO (Approve)/Continue' is clicked on

2018-11-15 10:59:32 - [TEST_STEP][PASSED] - delay: Delayed 10 second(s)

2018-11-15 10:59:42 - [MESSAGE][PASSED] - Delayed 10 second(s)

2018-11-15 10:59:42 - [TEST_STEP][PASSED] - click: Object: 'Object Repository/Final Object Repo/Page_Update Employer Information/Page_Update Employer Information UO (Approve)/Save  Continue in Update Employer Information Page' is clicked on

2018-11-15 10:59:47 - [MESSAGE][PASSED] - Object: 'Object Repository/Final Object Repo/Page_Update Employer Information/Page_Update Employer Information UO (Approve)/Save  Continue in Update Employer Information Page' is clicked on

2018-11-15 10:59:47 - [TEST_STEP][PASSED] - delay: Delayed 3 second(s)

2018-11-15 10:59:50 - [MESSAGE][PASSED] - Delayed 3 second(s)

2018-11-15 10:59:50 - [TEST_STEP][PASSED] - click: Object: 'Object Repository/Final Object Repo/Page_Update Employer Information/Page_Update Employer Information UO (Approve)/Save  Continue in Uploading Supporting Document Page' is clicked on

2018-11-15 10:59:55 - [MESSAGE][PASSED] - Object: 'Object Repository/Final Object Repo/Page_Update Employer Information/Page_Update Employer Information UO (Approve)/Save  Continue in Uploading Supporting Document Page' is clicked on

2018-11-15 10:59:55 - [TEST_STEP][PASSED] - delay: Delayed 3 second(s)

2018-11-15 10:59:58 - [MESSAGE][PASSED] - Delayed 3 second(s)

2018-11-15 10:59:58 - [TEST_STEP][PASSED] - click: Object: 'Object Repository/Final Object Repo/Page_Update Employer Information/Page_Update Employer Information UO (Approve)/Approve' is clicked on

2018-11-15 10:59:58 - [MESSAGE][PASSED] - Object: 'Object Repository/Final Object Repo/Page_Update Employer Information/Page_Update Employer Information UO (Approve)/Approve' is clicked on

2018-11-15 10:59:58 - [TEST_STEP][PASSED] - delay: Delayed 2 second(s)

2018-11-15 11:00:00 - [MESSAGE][PASSED] - Delayed 2 second(s)

2018-11-15 11:00:00 - [TEST_STEP][PASSED] - click: Object: 'Object Repository/Final Object Repo/Page_Update Employer Information/Page_Update Employer Information UO (Approve)/Confirm' is clicked on

2018-11-15 11:00:05 - [MESSAGE][PASSED] - Object: 'Object Repository/Final Object Repo/Page_Update Employer Information/Page_Update Employer Information UO (Approve)/Confirm' is clicked on

2018-11-15 11:00:05 - [TEST_STEP][PASSED] - delay: Delayed 2 second(s)

2018-11-15 11:00:07 - [MESSAGE][PASSED] - Delayed 2 second(s)

2018-11-15 11:00:07 - [TEST_STEP][PASSED] - verifyElementVisible: Object 'Object Repository/Final Object Repo/Page_Update Employer Information/Page_Update Employer Information UO (Approve)/Message Your Request' is visible

2018-11-15 11:00:09 - [MESSAGE][PASSED] - Object 'Object Repository/Final Object Repo/Page_Update Employer Information/Page_Update Employer Information UO (Approve)/Message Your Request' is visible

2018-11-15 11:00:09 - [TEST_STEP][PASSED] - verifyElementVisible: Object 'Object Repository/Final Object Repo/Page_Update Employer Information/Page_Update Employer Information UO (Approve)/Letter of successful update' is visible

2018-11-15 11:00:09 - [MESSAGE][PASSED] - Object 'Object Repository/Final Object Repo/Page_Update Employer Information/Page_Update Employer Information UO (Approve)/Letter of successful update' is visible

2018-11-15 11:00:09 - [MESSAGE][PASSED] - Call Test Case 'Test Cases/Final Aug 2018 - PKS Automation/Registration Module/Workflow/Update Employer Information/Template/Update Employer Information - Special Case - UO (Approve)' successfully]]></system-out>
         <system-err><![CDATA[]]></system-err>
      </testcase>
      <testcase name="Test Cases/Final Aug 2018 - PKS Automation/Registration Module/Workflow/Update Employer Information/PKRBO - UO (Query)" classname="Test Cases/Final Aug 2018 - PKS Automation/Registration Module/Workflow/Update Employer Information/PKRBO - UO (Query)" status="PASSED">
         <system-out><![CDATA[2018-11-15 11:00:09 - [TEST_CASE][PASSED] - Test Cases/Final Aug 2018 - PKS Automation/Registration Module/Workflow/Update Employer Information/PKRBO - UO (Query): Test Cases/Final Aug 2018 - PKS Automation/Registration Module/Workflow/Update Employer Information/PKRBO - UO (Query)

2018-11-15 11:00:09 - [TEST_STEP][PASSED] - callTestCase: Call Test Case 'Test Cases/Final Aug 2018 - PKS Automation/Registration Module/Workflow/Update Employer Information/Template/Update Employer Information - Special Case (PKRBO)' successfully

2018-11-15 11:00:09 - [TEST_CASE][PASSED] - Test Cases/Final Aug 2018 - PKS Automation/Registration Module/Workflow/Update Employer Information/Template/Update Employer Information - Special Case (PKRBO): Test Cases/Final Aug 2018 - PKS Automation/Registration Module/Workflow/Update Employer Information/Template/Update Employer Information - Special Case (PKRBO)

2018-11-15 11:00:09 - [TEST_STEP][PASSED] - openBrowser: Browser is opened with url: ''

2018-11-15 11:00:09 - [MESSAGE][WARNING] - A browser is already opened. Closing browser and opening a new one

2018-11-15 11:00:14 - [MESSAGE][PASSED] - Browser is opened with url: ''

2018-11-15 11:00:14 - [TEST_STEP][PASSED] - navigateToUrl: Navigate to 'https://assist2-uat.perkeso.gov.my/login' successfully

2018-11-15 11:00:16 - [MESSAGE][PASSED] - Navigate to 'https://assist2-uat.perkeso.gov.my/login' successfully

2018-11-15 11:00:16 - [TEST_STEP][PASSED] - setText: Text 'johorpkrbo1@gmail.com' is set on object 'Object Repository/Final Object Repo/Login Page/Internal User/Email Address'

2018-11-15 11:00:16 - [MESSAGE][PASSED] - Text 'johorpkrbo1@gmail.com' is set on object 'Object Repository/Final Object Repo/Login Page/Internal User/Email Address'

2018-11-15 11:00:16 - [TEST_STEP][PASSED] - click: Object: 'Object Repository/Final Object Repo/Login Page/Internal User/Next Button' is clicked on

2018-11-15 11:00:16 - [MESSAGE][PASSED] - Object: 'Object Repository/Final Object Repo/Login Page/Internal User/Next Button' is clicked on

2018-11-15 11:00:16 - [TEST_STEP][PASSED] - delay: Delayed 1 second(s)

2018-11-15 11:00:17 - [MESSAGE][PASSED] - Delayed 1 second(s)

2018-11-15 11:00:17 - [TEST_STEP][PASSED] - setEncryptedText: Text ****** has been set on object 'Object Repository/Final Object Repo/Login Page/Internal User/Password'

2018-11-15 11:00:18 - [MESSAGE][PASSED] - Text ****** has been set on object 'Object Repository/Final Object Repo/Login Page/Internal User/Password'

2018-11-15 11:00:18 - [TEST_STEP][PASSED] - click: Object: 'Object Repository/Final Object Repo/Login Page/Internal User/Login Button' is clicked on

2018-11-15 11:00:20 - [MESSAGE][PASSED] - Object: 'Object Repository/Final Object Repo/Login Page/Internal User/Login Button' is clicked on

2018-11-15 11:00:20 - [TEST_STEP][PASSED] - Statement - Try: Delayed 2 second(s)

2018-11-15 11:00:20 - [TEST_STEP][PASSED] - Statement - Checker = false: null

2018-11-15 11:00:20 - [TEST_STEP][PASSED] - Statement - Checker = com.kms.katalon.core.webui.keyword.WebUiBuiltInKeywords.verifyElementHasAttribute(com.kms.katalon.core.testobject.ObjectRepository.findTestObject(Final Object Repo/Landing Page/BM Detecting), "href", 20, OPTIONAL): Object 'Object Repository/Final Object Repo/Landing Page/BM Detecting' has attribute 'href'

2018-11-15 11:00:20 - [MESSAGE][PASSED] - Object 'Object Repository/Final Object Repo/Landing Page/BM Detecting' has attribute 'href'

2018-11-15 11:00:20 - [TEST_STEP][PASSED] - Statement - out.println(Checker): null

2018-11-15 11:00:20 - [TEST_STEP][PASSED] - Statement - If (Checker == false): null

2018-11-15 11:00:20 - [TEST_STEP][PASSED] - Statement - Else: null

2018-11-15 11:00:20 - [TEST_STEP][PASSED] - delay: Delayed 2 second(s)

2018-11-15 11:00:22 - [MESSAGE][PASSED] - Delayed 2 second(s)

2018-11-15 11:00:22 - [TEST_STEP][PASSED] - delay: Delayed 1 second(s)

2018-11-15 11:00:23 - [MESSAGE][PASSED] - Delayed 1 second(s)

2018-11-15 11:00:23 - [TEST_STEP][PASSED] - navigateToUrl: Navigate to 'https://assist2-uat.perkeso.gov.my/web/registration/update/update-employer-information' successfully

2018-11-15 11:00:25 - [MESSAGE][PASSED] - Navigate to 'https://assist2-uat.perkeso.gov.my/web/registration/update/update-employer-information' successfully

2018-11-15 11:00:25 - [TEST_STEP][PASSED] - setText: Text 'E1102001065V ' is set on object 'Object Repository/Final Object Repo/Page_Update Employer Information/Employer Code'

2018-11-15 11:00:25 - [MESSAGE][PASSED] - Text 'E1102001065V ' is set on object 'Object Repository/Final Object Repo/Page_Update Employer Information/Employer Code'

2018-11-15 11:00:25 - [TEST_STEP][PASSED] - click: Object: 'Object Repository/Final Object Repo/Page_Update Employer Information/Search Button' is clicked on

2018-11-15 11:00:26 - [MESSAGE][PASSED] - Object: 'Object Repository/Final Object Repo/Page_Update Employer Information/Search Button' is clicked on

2018-11-15 11:00:26 - [TEST_STEP][PASSED] - click: Object: 'Object Repository/Final Object Repo/Page_Update Employer Information/Edit Button' is clicked on

2018-11-15 11:00:30 - [MESSAGE][PASSED] - Object: 'Object Repository/Final Object Repo/Page_Update Employer Information/Edit Button' is clicked on

2018-11-15 11:00:30 - [TEST_STEP][PASSED] - click: Object: 'Object Repository/Final Object Repo/Page_Update Employer Information/Business Entity' is clicked on

2018-11-15 11:00:30 - [MESSAGE][PASSED] - Object: 'Object Repository/Final Object Repo/Page_Update Employer Information/Business Entity' is clicked on

2018-11-15 11:00:30 - [TEST_STEP][PASSED] - Statement - CurrentBusinessEntity = "": null

2018-11-15 11:00:30 - [TEST_STEP][PASSED] - Statement - CurrentBusinessEntity = com.kms.katalon.core.webui.keyword.WebUiBuiltInKeywords.getText(com.kms.katalon.core.testobject.ObjectRepository.findTestObject(Final Object Repo/Page_Update Employer Information/Current Business Entity)): Text of object 'Object Repository/Final Object Repo/Page_Update Employer Information/Current Business Entity' is: 'Sole Proprietor / Individual Business'

2018-11-15 11:00:30 - [MESSAGE][PASSED] - Text of object 'Object Repository/Final Object Repo/Page_Update Employer Information/Current Business Entity' is: 'Sole Proprietor / Individual Business'

2018-11-15 11:00:30 - [TEST_STEP][PASSED] - Statement - out.println(CurrentBusinessEntity): null

2018-11-15 11:00:30 - [TEST_STEP][PASSED] - Statement - If (CurrentBusinessEntity == "Corporation"): null

2018-11-15 11:00:30 - [TEST_STEP][PASSED] - Statement - Else If (CurrentBusinessEntity == "Partnership"): null

2018-11-15 11:00:30 - [TEST_STEP][PASSED] - Statement - Else If (CurrentBusinessEntity == "Sole Proprietor / Individual Business"): Delayed 3 second(s)

2018-11-15 11:00:30 - [TEST_STEP][PASSED] - Statement - obj = com.kms.katalon.core.webui.keyword.WebUiBuiltInKeywords.modifyObjectProperty(com.kms.katalon.core.testobject.ObjectRepository.findTestObject(Final Object Repo/Page_Update Employer Information/change to this Business Entity), "xpath", "equals", "//ul/li/span[contains(text(),"Others")]", true, STOP_ON_FAILURE): Modify property of object successfully

2018-11-15 11:00:30 - [MESSAGE][PASSED] - Modify property of object successfully

2018-11-15 11:00:30 - [TEST_STEP][PASSED] - click: Object: 'Object Repository/Final Object Repo/Page_Update Employer Information/change to this Business Entity' is clicked on

2018-11-15 11:00:31 - [MESSAGE][PASSED] - Object: 'Object Repository/Final Object Repo/Page_Update Employer Information/change to this Business Entity' is clicked on

2018-11-15 11:00:31 - [TEST_STEP][PASSED] - delay: Delayed 1 second(s)

2018-11-15 11:00:32 - [MESSAGE][PASSED] - Delayed 1 second(s)

2018-11-15 11:00:32 - [TEST_STEP][PASSED] - click: Object: 'Object Repository/Final Object Repo/Page_Update Employer Information/Sub Business Entity' is clicked on

2018-11-15 11:00:32 - [MESSAGE][PASSED] - Object: 'Object Repository/Final Object Repo/Page_Update Employer Information/Sub Business Entity' is clicked on

2018-11-15 11:00:32 - [TEST_STEP][PASSED] - click: Object: 'Object Repository/Final Object Repo/Page_Update Employer Information/Sub Business Entity List - Others - Federal Government Agency' is clicked on

2018-11-15 11:00:33 - [MESSAGE][PASSED] - Object: 'Object Repository/Final Object Repo/Page_Update Employer Information/Sub Business Entity List - Others - Federal Government Agency' is clicked on

2018-11-15 11:00:33 - [TEST_STEP][PASSED] - delay: Delayed 1 second(s)

2018-11-15 11:00:34 - [MESSAGE][PASSED] - Delayed 1 second(s)

2018-11-15 11:00:34 - [TEST_STEP][PASSED] - click: Object: 'Object Repository/Final Object Repo/Page_Update Employer Information/Sub Business Entity List' is clicked on

2018-11-15 11:00:34 - [MESSAGE][PASSED] - Object: 'Object Repository/Final Object Repo/Page_Update Employer Information/Sub Business Entity List' is clicked on

2018-11-15 11:00:34 - [TEST_STEP][PASSED] - click: Object: 'Object Repository/Final Object Repo/Page_Update Employer Information/Sub Business Entity - Others - Federal Government Agency - Kementerian' is clicked on

2018-11-15 11:00:35 - [MESSAGE][PASSED] - Object: 'Object Repository/Final Object Repo/Page_Update Employer Information/Sub Business Entity - Others - Federal Government Agency - Kementerian' is clicked on

2018-11-15 11:00:35 - [TEST_STEP][PASSED] - delay: Delayed 3 second(s)

2018-11-15 11:00:38 - [MESSAGE][PASSED] - Delayed 3 second(s)

2018-11-15 11:00:38 - [TEST_STEP][PASSED] - delay: Delayed 4 second(s)

2018-11-15 11:00:42 - [MESSAGE][PASSED] - Delayed 4 second(s)

2018-11-15 11:00:42 - [TEST_STEP][PASSED] - click: Object: 'Object Repository/Final Object Repo/Page_Update Employer Information/Save  Continue' is clicked on

2018-11-15 11:00:47 - [MESSAGE][PASSED] - Object: 'Object Repository/Final Object Repo/Page_Update Employer Information/Save  Continue' is clicked on

2018-11-15 11:00:47 - [TEST_STEP][PASSED] - delay: Delayed 4 second(s)

2018-11-15 11:00:51 - [MESSAGE][PASSED] - Delayed 4 second(s)

2018-11-15 11:00:51 - [TEST_STEP][PASSED] - click: Object: 'Object Repository/Final Object Repo/Page_Update Employer Information/Save  Continue (1)' is clicked on

2018-11-15 11:00:56 - [MESSAGE][PASSED] - Object: 'Object Repository/Final Object Repo/Page_Update Employer Information/Save  Continue (1)' is clicked on

2018-11-15 11:00:56 - [TEST_STEP][PASSED] - Statement - CaseReferenceNo = com.kms.katalon.core.webui.keyword.WebUiBuiltInKeywords.getText(com.kms.katalon.core.testobject.ObjectRepository.findTestObject(Final Object Repo/Page_Update Employer Information/Reference Number in Update Employee Information Page)): Text of object 'Object Repository/Final Object Repo/Page_Update Employer Information/Reference Number in Update Employee Information Page' is: 'CUN112018C100005449'

2018-11-15 11:00:56 - [MESSAGE][PASSED] - Text of object 'Object Repository/Final Object Repo/Page_Update Employer Information/Reference Number in Update Employee Information Page' is: 'CUN112018C100005449'

2018-11-15 11:00:56 - [TEST_STEP][PASSED] - callTestCase: Call Test Case 'Test Cases/Final Aug 2018 - PKS Automation/Common/Reference Number Setter' successfully

2018-11-15 11:00:56 - [TEST_CASE][PASSED] - Test Cases/Final Aug 2018 - PKS Automation/Common/Reference Number Setter: Test Cases/Final Aug 2018 - PKS Automation/Common/Reference Number Setter

2018-11-15 11:00:56 - [TEST_STEP][PASSED] - Statement - RefNoOldFile = new java.io.File(C://KatalonReference.txt): null

2018-11-15 11:00:56 - [TEST_STEP][PASSED] - Statement - RefNoOldFile.delete(): null

2018-11-15 11:00:56 - [TEST_STEP][PASSED] - delay: Delayed 5 second(s)

2018-11-15 11:01:01 - [MESSAGE][PASSED] - Delayed 5 second(s)

2018-11-15 11:01:01 - [TEST_STEP][PASSED] - Statement - RefNo = new java.io.File(C://KatalonReference.txt): null

2018-11-15 11:01:01 - [TEST_STEP][PASSED] - Statement - f2 = new java.io.FileWriter(RefNo, false): null

2018-11-15 11:01:01 - [TEST_STEP][PASSED] - Statement - f2.write(CaseReferenceNo): null

2018-11-15 11:01:01 - [TEST_STEP][PASSED] - Statement - f2.close(): null

2018-11-15 11:01:01 - [TEST_STEP][PASSED] - Statement - out.println("


" + CaseReferenceNo + "


"): null

2018-11-15 11:01:01 - [MESSAGE][PASSED] - Call Test Case 'Test Cases/Final Aug 2018 - PKS Automation/Common/Reference Number Setter' successfully

2018-11-15 11:01:01 - [TEST_STEP][PASSED] - delay: Delayed 4 second(s)

2018-11-15 11:01:05 - [MESSAGE][PASSED] - Delayed 4 second(s)

2018-11-15 11:01:05 - [TEST_STEP][PASSED] - click: Object: 'Object Repository/Final Object Repo/Page_Update Employer Information/Submit - Copy' is clicked on

2018-11-15 11:01:05 - [MESSAGE][PASSED] - Object: 'Object Repository/Final Object Repo/Page_Update Employer Information/Submit - Copy' is clicked on

2018-11-15 11:01:05 - [TEST_STEP][PASSED] - delay: Delayed 2 second(s)

2018-11-15 11:01:07 - [MESSAGE][PASSED] - Delayed 2 second(s)

2018-11-15 11:01:07 - [TEST_STEP][PASSED] - click: Object: 'Object Repository/Final Object Repo/Page_Update Employer Information/Confirm' is clicked on

2018-11-15 11:01:12 - [MESSAGE][PASSED] - Object: 'Object Repository/Final Object Repo/Page_Update Employer Information/Confirm' is clicked on

2018-11-15 11:01:12 - [TEST_STEP][PASSED] - delay: Delayed 2 second(s)

2018-11-15 11:01:14 - [MESSAGE][PASSED] - Delayed 2 second(s)

2018-11-15 11:01:14 - [TEST_STEP][PASSED] - click: Object: 'Object Repository/Final Object Repo/Page_Update Employer Information/Message Your Request will be route' is clicked on

2018-11-15 11:01:14 - [MESSAGE][PASSED] - Object: 'Object Repository/Final Object Repo/Page_Update Employer Information/Message Your Request will be route' is clicked on

2018-11-15 11:01:14 - [MESSAGE][PASSED] - Call Test Case 'Test Cases/Final Aug 2018 - PKS Automation/Registration Module/Workflow/Update Employer Information/Template/Update Employer Information - Special Case (PKRBO)' successfully

2018-11-15 11:01:14 - [TEST_STEP][PASSED] - callTestCase: Call Test Case 'Test Cases/Final Aug 2018 - PKS Automation/Registration Module/Workflow/Update Employer Information/Template/Update Employer Information - Special Case - UO (Query)' successfully

2018-11-15 11:01:14 - [TEST_CASE][PASSED] - Test Cases/Final Aug 2018 - PKS Automation/Registration Module/Workflow/Update Employer Information/Template/Update Employer Information - Special Case - UO (Query): Test Cases/Final Aug 2018 - PKS Automation/Registration Module/Workflow/Update Employer Information/Template/Update Employer Information - Special Case - UO (Query)

2018-11-15 11:01:14 - [TEST_STEP][NOT_RUN] - callTestCase: NOT_RUN: callTestCase

2018-11-15 11:01:14 - [MESSAGE][NOT_RUN] - NOT_RUN: callTestCase

2018-11-15 11:01:14 - [TEST_STEP][PASSED] - delay: Delayed 1 second(s)

2018-11-15 11:01:15 - [MESSAGE][PASSED] - Delayed 1 second(s)

2018-11-15 11:01:15 - [TEST_STEP][PASSED] - navigateToUrl: Navigate to 'https://assist2-uat.perkeso.gov.my/c/portal/logout' successfully

2018-11-15 11:01:16 - [MESSAGE][PASSED] - Navigate to 'https://assist2-uat.perkeso.gov.my/c/portal/logout' successfully

2018-11-15 11:01:16 - [TEST_STEP][PASSED] - delay: Delayed 1 second(s)

2018-11-15 11:01:17 - [MESSAGE][PASSED] - Delayed 1 second(s)

2018-11-15 11:01:17 - [TEST_STEP][PASSED] - callTestCase: Call Test Case 'Test Cases/Final Aug 2018 - PKS Automation/Common/Reference Number Getter' successfully

2018-11-15 11:01:17 - [TEST_CASE][PASSED] - Test Cases/Final Aug 2018 - PKS Automation/Common/Reference Number Getter: Test Cases/Final Aug 2018 - PKS Automation/Common/Reference Number Getter

2018-11-15 11:01:17 - [TEST_STEP][PASSED] - Statement - Try: null

2018-11-15 11:01:17 - [TEST_STEP][PASSED] - Statement - RefNo = new java.io.File(C://KatalonReference.txt): null

2018-11-15 11:01:17 - [TEST_STEP][PASSED] - Statement - bufferread = new java.io.BufferedReader(new java.io.FileReader(RefNo)): null

2018-11-15 11:01:17 - [TEST_STEP][PASSED] - Statement - readedVal = bufferread.readLine(): null

2018-11-15 11:01:17 - [TEST_STEP][PASSED] - Statement - out.println(CaseReferenceNo): null

2018-11-15 11:01:17 - [TEST_STEP][PASSED] - Statement - out.println(readedVal): null

2018-11-15 11:01:17 - [TEST_STEP][PASSED] - Statement - CaseReferenceNo = "": null

2018-11-15 11:01:17 - [TEST_STEP][PASSED] - Statement - CaseReferenceNo = readedVal: null

2018-11-15 11:01:17 - [MESSAGE][PASSED] - Call Test Case 'Test Cases/Final Aug 2018 - PKS Automation/Common/Reference Number Getter' successfully

2018-11-15 11:01:17 - [TEST_STEP][PASSED] - callTestCase: Call Test Case 'Test Cases/Final Aug 2018 - PKS Automation/Common/Workflow Owner Finder' successfully

2018-11-15 11:01:17 - [TEST_CASE][PASSED] - Test Cases/Final Aug 2018 - PKS Automation/Common/Workflow Owner Finder: Test Cases/Final Aug 2018 - PKS Automation/Common/Workflow Owner Finder

2018-11-15 11:01:17 - [TEST_STEP][PASSED] - openBrowser: Browser is opened with url: ''

2018-11-15 11:01:17 - [MESSAGE][WARNING] - A browser is already opened. Closing browser and opening a new one

2018-11-15 11:01:22 - [MESSAGE][PASSED] - Browser is opened with url: ''

2018-11-15 11:01:22 - [TEST_STEP][PASSED] - navigateToUrl: Navigate to 'https://assist2-uat.perkeso.gov.my/login' successfully

2018-11-15 11:01:24 - [MESSAGE][PASSED] - Navigate to 'https://assist2-uat.perkeso.gov.my/login' successfully

2018-11-15 11:01:24 - [TEST_STEP][PASSED] - delay: Delayed 5 second(s)

2018-11-15 11:01:29 - [MESSAGE][PASSED] - Delayed 5 second(s)

2018-11-15 11:01:29 - [TEST_STEP][PASSED] - setText: Text 'test@liferay.com' is set on object 'Object Repository/Final Object Repo/Login Page/Internal User/Email Address'

2018-11-15 11:01:29 - [MESSAGE][PASSED] - Text 'test@liferay.com' is set on object 'Object Repository/Final Object Repo/Login Page/Internal User/Email Address'

2018-11-15 11:01:29 - [TEST_STEP][PASSED] - click: Object: 'Object Repository/Final Object Repo/Login Page/Internal User/Next Button' is clicked on

2018-11-15 11:01:30 - [MESSAGE][PASSED] - Object: 'Object Repository/Final Object Repo/Login Page/Internal User/Next Button' is clicked on

2018-11-15 11:01:30 - [TEST_STEP][PASSED] - delay: Delayed 2 second(s)

2018-11-15 11:01:32 - [MESSAGE][PASSED] - Delayed 2 second(s)

2018-11-15 11:01:32 - [TEST_STEP][PASSED] - setText: Text 'test' is set on object 'Object Repository/Final Object Repo/Login Page/Internal User/Password'

2018-11-15 11:01:32 - [MESSAGE][PASSED] - Text 'test' is set on object 'Object Repository/Final Object Repo/Login Page/Internal User/Password'

2018-11-15 11:01:32 - [TEST_STEP][PASSED] - delay: Delayed 2 second(s)

2018-11-15 11:01:34 - [MESSAGE][PASSED] - Delayed 2 second(s)

2018-11-15 11:01:34 - [TEST_STEP][PASSED] - click: Object: 'Object Repository/Final Object Repo/Login Page/Internal User/Login Button' is clicked on

2018-11-15 11:01:37 - [MESSAGE][PASSED] - Object: 'Object Repository/Final Object Repo/Login Page/Internal User/Login Button' is clicked on

2018-11-15 11:01:37 - [TEST_STEP][PASSED] - Statement - Try: Delayed 2 second(s)

2018-11-15 11:01:37 - [TEST_STEP][PASSED] - Statement - Checker = false: null

2018-11-15 11:01:37 - [TEST_STEP][PASSED] - Statement - Checker = com.kms.katalon.core.webui.keyword.WebUiBuiltInKeywords.verifyElementHasAttribute(com.kms.katalon.core.testobject.ObjectRepository.findTestObject(Final Object Repo/Landing Page/BM Detecting), "href", 20, OPTIONAL): Object 'Object Repository/Final Object Repo/Landing Page/BM Detecting' has attribute 'href'

2018-11-15 11:01:37 - [MESSAGE][PASSED] - Object 'Object Repository/Final Object Repo/Landing Page/BM Detecting' has attribute 'href'

2018-11-15 11:01:37 - [TEST_STEP][PASSED] - Statement - out.println(Checker): null

2018-11-15 11:01:37 - [TEST_STEP][PASSED] - Statement - If (Checker == false): null

2018-11-15 11:01:37 - [TEST_STEP][PASSED] - Statement - Else: null

2018-11-15 11:01:37 - [TEST_STEP][PASSED] - delay: Delayed 2 second(s)

2018-11-15 11:01:39 - [MESSAGE][PASSED] - Delayed 2 second(s)

2018-11-15 11:01:39 - [TEST_STEP][PASSED] - delay: Delayed 3 second(s)

2018-11-15 11:01:42 - [MESSAGE][PASSED] - Delayed 3 second(s)

2018-11-15 11:01:42 - [TEST_STEP][PASSED] - mouseOver: Object: 'Object Repository/Final Object Repo/Landing Page/WorkFlow Menu' is hovered

2018-11-15 11:01:42 - [MESSAGE][PASSED] - Object: 'Object Repository/Final Object Repo/Landing Page/WorkFlow Menu' is hovered

2018-11-15 11:01:42 - [TEST_STEP][PASSED] - delay: Delayed 2 second(s)

2018-11-15 11:01:44 - [MESSAGE][PASSED] - Delayed 2 second(s)

2018-11-15 11:01:44 - [TEST_STEP][PASSED] - click: Object: 'Object Repository/Final Object Repo/Landing Page/Select to Workflow Listing' is clicked on

2018-11-15 11:01:45 - [MESSAGE][PASSED] - Object: 'Object Repository/Final Object Repo/Landing Page/Select to Workflow Listing' is clicked on

2018-11-15 11:01:45 - [TEST_STEP][PASSED] - delay: Delayed 2 second(s)

2018-11-15 11:01:47 - [MESSAGE][PASSED] - Delayed 2 second(s)

2018-11-15 11:01:47 - [TEST_STEP][PASSED] - click: Object: 'Object Repository/Final Object Repo/WorkFlow Listing Page/Search Information - To Put Ref No' is clicked on

2018-11-15 11:01:48 - [MESSAGE][PASSED] - Object: 'Object Repository/Final Object Repo/WorkFlow Listing Page/Search Information - To Put Ref No' is clicked on

2018-11-15 11:01:48 - [TEST_STEP][PASSED] - delay: Delayed 2 second(s)

2018-11-15 11:01:50 - [MESSAGE][PASSED] - Delayed 2 second(s)

2018-11-15 11:01:50 - [TEST_STEP][PASSED] - callTestCase: Call Test Case 'Test Cases/Final Aug 2018 - PKS Automation/Common/Reference Number Getter' successfully

2018-11-15 11:01:50 - [TEST_CASE][PASSED] - Test Cases/Final Aug 2018 - PKS Automation/Common/Reference Number Getter: Test Cases/Final Aug 2018 - PKS Automation/Common/Reference Number Getter

2018-11-15 11:01:50 - [TEST_STEP][PASSED] - Statement - Try: null

2018-11-15 11:01:50 - [TEST_STEP][PASSED] - Statement - RefNo = new java.io.File(C://KatalonReference.txt): null

2018-11-15 11:01:50 - [TEST_STEP][PASSED] - Statement - bufferread = new java.io.BufferedReader(new java.io.FileReader(RefNo)): null

2018-11-15 11:01:50 - [TEST_STEP][PASSED] - Statement - readedVal = bufferread.readLine(): null

2018-11-15 11:01:50 - [TEST_STEP][PASSED] - Statement - out.println(CaseReferenceNo): null

2018-11-15 11:01:50 - [TEST_STEP][PASSED] - Statement - out.println(readedVal): null

2018-11-15 11:01:50 - [TEST_STEP][PASSED] - Statement - CaseReferenceNo = "": null

2018-11-15 11:01:50 - [TEST_STEP][PASSED] - Statement - CaseReferenceNo = readedVal: null

2018-11-15 11:01:50 - [MESSAGE][PASSED] - Call Test Case 'Test Cases/Final Aug 2018 - PKS Automation/Common/Reference Number Getter' successfully

2018-11-15 11:01:50 - [TEST_STEP][PASSED] - setText: Text 'CUN112018C100005449' is set on object 'Object Repository/Final Object Repo/WorkFlow Listing Page/Ref No Set Text'

2018-11-15 11:01:50 - [MESSAGE][PASSED] - Text 'CUN112018C100005449' is set on object 'Object Repository/Final Object Repo/WorkFlow Listing Page/Ref No Set Text'

2018-11-15 11:01:50 - [TEST_STEP][PASSED] - delay: Delayed 2 second(s)

2018-11-15 11:01:52 - [MESSAGE][PASSED] - Delayed 2 second(s)

2018-11-15 11:01:52 - [TEST_STEP][PASSED] - click: Object: 'Object Repository/Final Object Repo/WorkFlow Listing Page/Search Ref No Search Button' is clicked on

2018-11-15 11:01:54 - [MESSAGE][PASSED] - Object: 'Object Repository/Final Object Repo/WorkFlow Listing Page/Search Ref No Search Button' is clicked on

2018-11-15 11:01:54 - [TEST_STEP][PASSED] - delay: Delayed 4 second(s)

2018-11-15 11:01:58 - [MESSAGE][PASSED] - Delayed 4 second(s)

2018-11-15 11:01:58 - [TEST_STEP][PASSED] - click: Object: 'Object Repository/Final Object Repo/WorkFlow Listing Page/Click Continue Tooltip' is clicked on

2018-11-15 11:01:59 - [MESSAGE][PASSED] - Object: 'Object Repository/Final Object Repo/WorkFlow Listing Page/Click Continue Tooltip' is clicked on

2018-11-15 11:01:59 - [TEST_STEP][PASSED] - delay: Delayed 5 second(s)

2018-11-15 11:02:04 - [MESSAGE][PASSED] - Delayed 5 second(s)

2018-11-15 11:02:04 - [TEST_STEP][PASSED] - doubleClick: Object: 'Object Repository/Final Object Repo/WorkFlow Listing Page/Workflow Found - Listing 1' is double clicked on

2018-11-15 11:02:04 - [MESSAGE][PASSED] - Object: 'Object Repository/Final Object Repo/WorkFlow Listing Page/Workflow Found - Listing 1' is double clicked on

2018-11-15 11:02:04 - [TEST_STEP][PASSED] - Statement - println(OwnerID): null

2018-11-15 11:02:04 - [TEST_STEP][PASSED] - Statement - OwnerID = com.kms.katalon.core.webui.keyword.WebUiBuiltInKeywords.getText(com.kms.katalon.core.testobject.ObjectRepository.findTestObject(Final Object Repo/WorkFlow Listing Page/Workflow Found - Listing 1), STOP_ON_FAILURE): Text of object 'Object Repository/Final Object Repo/WorkFlow Listing Page/Workflow Found - Listing 1' is: 'JOHORuo3'

2018-11-15 11:02:04 - [MESSAGE][PASSED] - Text of object 'Object Repository/Final Object Repo/WorkFlow Listing Page/Workflow Found - Listing 1' is: 'JOHORuo3'

2018-11-15 11:02:04 - [TEST_STEP][PASSED] - Statement - OwnerID = OwnerID.toLowerCase() + "@gmail.com": null

2018-11-15 11:02:04 - [TEST_STEP][PASSED] - Statement - println(OwnerID): null

2018-11-15 11:02:04 - [TEST_STEP][PASSED] - delay: Delayed 2 second(s)

2018-11-15 11:02:06 - [MESSAGE][PASSED] - Delayed 2 second(s)

2018-11-15 11:02:06 - [MESSAGE][PASSED] - Call Test Case 'Test Cases/Final Aug 2018 - PKS Automation/Common/Workflow Owner Finder' successfully

2018-11-15 11:02:06 - [TEST_STEP][PASSED] - delay: Delayed 1 second(s)

2018-11-15 11:02:07 - [MESSAGE][PASSED] - Delayed 1 second(s)

2018-11-15 11:02:07 - [TEST_STEP][PASSED] - navigateToUrl: Navigate to 'https://assist2-uat.perkeso.gov.my/c/portal/logout' successfully

2018-11-15 11:02:08 - [MESSAGE][PASSED] - Navigate to 'https://assist2-uat.perkeso.gov.my/c/portal/logout' successfully

2018-11-15 11:02:08 - [TEST_STEP][PASSED] - delay: Delayed 1 second(s)

2018-11-15 11:02:09 - [MESSAGE][PASSED] - Delayed 1 second(s)

2018-11-15 11:02:09 - [TEST_STEP][PASSED] - callTestCase: Call Test Case 'Test Cases/Final Aug 2018 - PKS Automation/Registration Module/Workflow/Login and Search Case For Workflow' successfully

2018-11-15 11:02:09 - [TEST_CASE][PASSED] - Test Cases/Final Aug 2018 - PKS Automation/Registration Module/Workflow/Login and Search Case For Workflow: Test Cases/Final Aug 2018 - PKS Automation/Registration Module/Workflow/Login and Search Case For Workflow

2018-11-15 11:02:09 - [TEST_STEP][PASSED] - navigateToUrl: Navigate to 'https://assist2-uat.perkeso.gov.my/login' successfully

2018-11-15 11:02:10 - [MESSAGE][PASSED] - Navigate to 'https://assist2-uat.perkeso.gov.my/login' successfully

2018-11-15 11:02:10 - [TEST_STEP][PASSED] - setText: Text 'johoruo3@gmail.com' is set on object 'Object Repository/Final Object Repo/Login Page/Internal User/Email Address'

2018-11-15 11:02:10 - [MESSAGE][PASSED] - Text 'johoruo3@gmail.com' is set on object 'Object Repository/Final Object Repo/Login Page/Internal User/Email Address'

2018-11-15 11:02:10 - [TEST_STEP][PASSED] - click: Object: 'Object Repository/Final Object Repo/Login Page/Internal User/Next Button' is clicked on

2018-11-15 11:02:10 - [MESSAGE][PASSED] - Object: 'Object Repository/Final Object Repo/Login Page/Internal User/Next Button' is clicked on

2018-11-15 11:02:10 - [TEST_STEP][PASSED] - delay: Delayed 1 second(s)

2018-11-15 11:02:11 - [MESSAGE][PASSED] - Delayed 1 second(s)

2018-11-15 11:02:11 - [TEST_STEP][PASSED] - setEncryptedText: Text ****** has been set on object 'Object Repository/Final Object Repo/Login Page/Internal User/Password'

2018-11-15 11:02:11 - [MESSAGE][PASSED] - Text ****** has been set on object 'Object Repository/Final Object Repo/Login Page/Internal User/Password'

2018-11-15 11:02:11 - [TEST_STEP][PASSED] - click: Object: 'Object Repository/Final Object Repo/Login Page/Internal User/Login Button' is clicked on

2018-11-15 11:02:13 - [MESSAGE][PASSED] - Object: 'Object Repository/Final Object Repo/Login Page/Internal User/Login Button' is clicked on

2018-11-15 11:02:13 - [TEST_STEP][PASSED] - delay: Delayed 2 second(s)

2018-11-15 11:02:15 - [MESSAGE][PASSED] - Delayed 2 second(s)

2018-11-15 11:02:15 - [TEST_STEP][PASSED] - Statement - Try: Delayed 2 second(s)

2018-11-15 11:02:15 - [TEST_STEP][PASSED] - Statement - Checker = false: null

2018-11-15 11:02:15 - [TEST_STEP][PASSED] - Statement - Checker = com.kms.katalon.core.webui.keyword.WebUiBuiltInKeywords.verifyElementHasAttribute(com.kms.katalon.core.testobject.ObjectRepository.findTestObject(Final Object Repo/Landing Page/BM Detecting), "href", 20, OPTIONAL): Object 'Object Repository/Final Object Repo/Landing Page/BM Detecting' has attribute 'href'

2018-11-15 11:02:16 - [MESSAGE][PASSED] - Object 'Object Repository/Final Object Repo/Landing Page/BM Detecting' has attribute 'href'

2018-11-15 11:02:16 - [TEST_STEP][PASSED] - Statement - out.println(Checker): null

2018-11-15 11:02:16 - [TEST_STEP][PASSED] - Statement - If (Checker == false): null

2018-11-15 11:02:16 - [TEST_STEP][PASSED] - Statement - Else: null

2018-11-15 11:02:16 - [TEST_STEP][PASSED] - delay: Delayed 2 second(s)

2018-11-15 11:02:18 - [MESSAGE][PASSED] - Delayed 2 second(s)

2018-11-15 11:02:18 - [TEST_STEP][PASSED] - click: Object: 'Object Repository/Final Object Repo/Page_MyASSIST - ASSIST - Search Pending Case For Add Supporting Document/Search Information' is clicked on

2018-11-15 11:02:18 - [MESSAGE][PASSED] - Object: 'Object Repository/Final Object Repo/Page_MyASSIST - ASSIST - Search Pending Case For Add Supporting Document/Search Information' is clicked on

2018-11-15 11:02:18 - [TEST_STEP][PASSED] - delay: Delayed 3 second(s)

2018-11-15 11:02:21 - [MESSAGE][PASSED] - Delayed 3 second(s)

2018-11-15 11:02:21 - [TEST_STEP][PASSED] - sendKeys: Keys 'CUN112018C100005449' sent to object: 'Object Repository/Final Object Repo/Page_MyASSIST - ASSIST - Search Pending Case For Add Supporting Document/Reference No'

2018-11-15 11:02:21 - [MESSAGE][PASSED] - Keys 'CUN112018C100005449' sent to object: 'Object Repository/Final Object Repo/Page_MyASSIST - ASSIST - Search Pending Case For Add Supporting Document/Reference No'

2018-11-15 11:02:21 - [TEST_STEP][PASSED] - click: Object: 'Object Repository/Final Object Repo/Page_MyASSIST - ASSIST - Search Pending Case For Add Supporting Document/Search Reference No' is clicked on

2018-11-15 11:02:23 - [MESSAGE][PASSED] - Object: 'Object Repository/Final Object Repo/Page_MyASSIST - ASSIST - Search Pending Case For Add Supporting Document/Search Reference No' is clicked on

2018-11-15 11:02:23 - [TEST_STEP][PASSED] - delay: Delayed 2 second(s)

2018-11-15 11:02:25 - [MESSAGE][PASSED] - Delayed 2 second(s)

2018-11-15 11:02:25 - [TEST_STEP][PASSED] - click: Object: 'Object Repository/Final Object Repo/Page_MyASSIST - ASSIST - Search Pending Case For Add Supporting Document/Continue' is clicked on

2018-11-15 11:02:29 - [MESSAGE][PASSED] - Object: 'Object Repository/Final Object Repo/Page_MyASSIST - ASSIST - Search Pending Case For Add Supporting Document/Continue' is clicked on

2018-11-15 11:02:29 - [TEST_STEP][PASSED] - delay: Delayed 20 second(s)

2018-11-15 11:02:49 - [MESSAGE][PASSED] - Delayed 20 second(s)

2018-11-15 11:02:49 - [MESSAGE][PASSED] - Call Test Case 'Test Cases/Final Aug 2018 - PKS Automation/Registration Module/Workflow/Login and Search Case For Workflow' successfully

2018-11-15 11:02:49 - [TEST_STEP][PASSED] - delay: Delayed 2 second(s)

2018-11-15 11:02:51 - [MESSAGE][PASSED] - Delayed 2 second(s)

2018-11-15 11:02:51 - [TEST_STEP][PASSED] - click: Object: 'Object Repository/Final Object Repo/Page_Update Employer Information/Page_Update Employer Information UO (Approve)/Continue' is clicked on

2018-11-15 11:02:56 - [MESSAGE][PASSED] - Object: 'Object Repository/Final Object Repo/Page_Update Employer Information/Page_Update Employer Information UO (Approve)/Continue' is clicked on

2018-11-15 11:02:56 - [TEST_STEP][PASSED] - delay: Delayed 2 second(s)

2018-11-15 11:02:58 - [MESSAGE][PASSED] - Delayed 2 second(s)

2018-11-15 11:02:58 - [TEST_STEP][PASSED] - click: Object: 'Object Repository/Final Object Repo/Page_Update Employer Information/Page_Update Employer Information UO (Approve)/Save  Continue in Update Employer Information Page' is clicked on

2018-11-15 11:03:03 - [MESSAGE][PASSED] - Object: 'Object Repository/Final Object Repo/Page_Update Employer Information/Page_Update Employer Information UO (Approve)/Save  Continue in Update Employer Information Page' is clicked on

2018-11-15 11:03:03 - [TEST_STEP][PASSED] - delay: Delayed 2 second(s)

2018-11-15 11:03:05 - [MESSAGE][PASSED] - Delayed 2 second(s)

2018-11-15 11:03:05 - [TEST_STEP][PASSED] - setText: Text 'Query' is set on object 'Object Repository/Final Object Repo/Page_Update Employer Information/Page_Update Employer Information UO (Query)/Query - Remark'

2018-11-15 11:03:05 - [MESSAGE][PASSED] - Text 'Query' is set on object 'Object Repository/Final Object Repo/Page_Update Employer Information/Page_Update Employer Information UO (Query)/Query - Remark'

2018-11-15 11:03:05 - [TEST_STEP][PASSED] - delay: Delayed 2 second(s)

2018-11-15 11:03:07 - [MESSAGE][PASSED] - Delayed 2 second(s)

2018-11-15 11:03:07 - [TEST_STEP][PASSED] - click: Object: 'Object Repository/Final Object Repo/Page_Update Employer Information/Page_Update Employer Information UO (Approve)/Save  Continue in Uploading Supporting Document Page' is clicked on

2018-11-15 11:03:12 - [MESSAGE][PASSED] - Object: 'Object Repository/Final Object Repo/Page_Update Employer Information/Page_Update Employer Information UO (Approve)/Save  Continue in Uploading Supporting Document Page' is clicked on

2018-11-15 11:03:12 - [TEST_STEP][PASSED] - delay: Delayed 2 second(s)

2018-11-15 11:03:14 - [MESSAGE][PASSED] - Delayed 2 second(s)

2018-11-15 11:03:14 - [TEST_STEP][PASSED] - click: Object: 'Object Repository/Final Object Repo/Page_Update Employer Information/Page_Update Employer Information UO (Query)/Query' is clicked on

2018-11-15 11:03:14 - [MESSAGE][PASSED] - Object: 'Object Repository/Final Object Repo/Page_Update Employer Information/Page_Update Employer Information UO (Query)/Query' is clicked on

2018-11-15 11:03:14 - [TEST_STEP][PASSED] - delay: Delayed 2 second(s)

2018-11-15 11:03:16 - [MESSAGE][PASSED] - Delayed 2 second(s)

2018-11-15 11:03:16 - [TEST_STEP][PASSED] - click: Object: 'Object Repository/Final Object Repo/Page_Update Employer Information/Page_Update Employer Information UO (Query)/Confirm' is clicked on

2018-11-15 11:03:21 - [MESSAGE][PASSED] - Object: 'Object Repository/Final Object Repo/Page_Update Employer Information/Page_Update Employer Information UO (Query)/Confirm' is clicked on

2018-11-15 11:03:21 - [TEST_STEP][PASSED] - delay: Delayed 2 second(s)

2018-11-15 11:03:23 - [MESSAGE][PASSED] - Delayed 2 second(s)

2018-11-15 11:03:23 - [TEST_STEP][PASSED] - doubleClick: Object: 'Object Repository/Final Object Repo/Page_Update Employer Information/Page_Update Employer Information UO (Query)/Message The Case Is Under Query' is double clicked on

2018-11-15 11:03:23 - [MESSAGE][PASSED] - Object: 'Object Repository/Final Object Repo/Page_Update Employer Information/Page_Update Employer Information UO (Query)/Message The Case Is Under Query' is double clicked on

2018-11-15 11:03:23 - [TEST_STEP][PASSED] - delay: Delayed 2 second(s)

2018-11-15 11:03:25 - [MESSAGE][PASSED] - Delayed 2 second(s)

2018-11-15 11:03:25 - [TEST_STEP][PASSED] - click: Object: 'Object Repository/Final Object Repo/Page_Update Employer Information/Page_Update Employer Information UO (Query)/Letter of inquiry.pdf' is clicked on

2018-11-15 11:03:31 - [MESSAGE][PASSED] - Object: 'Object Repository/Final Object Repo/Page_Update Employer Information/Page_Update Employer Information UO (Query)/Letter of inquiry.pdf' is clicked on

2018-11-15 11:03:31 - [TEST_STEP][PASSED] - delay: Delayed 1 second(s)

2018-11-15 11:03:32 - [MESSAGE][PASSED] - Delayed 1 second(s)

2018-11-15 11:03:32 - [TEST_STEP][PASSED] - navigateToUrl: Navigate to 'https://assist2-uat.perkeso.gov.my/c/portal/logout' successfully

2018-11-15 11:03:33 - [MESSAGE][PASSED] - Navigate to 'https://assist2-uat.perkeso.gov.my/c/portal/logout' successfully

2018-11-15 11:03:33 - [TEST_STEP][PASSED] - delay: Delayed 1 second(s)

2018-11-15 11:03:34 - [MESSAGE][PASSED] - Delayed 1 second(s)

2018-11-15 11:03:34 - [TEST_STEP][PASSED] - callTestCase: Call Test Case 'Test Cases/Final Aug 2018 - PKS Automation/Registration Module/Workflow/Search Pending Case For Add Supporting Document (OTC)' successfully

2018-11-15 11:03:34 - [TEST_CASE][PASSED] - Test Cases/Final Aug 2018 - PKS Automation/Registration Module/Workflow/Search Pending Case For Add Supporting Document (OTC): Test Cases/Final Aug 2018 - PKS Automation/Registration Module/Workflow/Search Pending Case For Add Supporting Document (OTC)

2018-11-15 11:03:34 - [TEST_STEP][PASSED] - openBrowser: Browser is opened with url: ''

2018-11-15 11:03:34 - [MESSAGE][WARNING] - A browser is already opened. Closing browser and opening a new one

2018-11-15 11:03:47 - [MESSAGE][PASSED] - Browser is opened with url: ''

2018-11-15 11:03:47 - [TEST_STEP][PASSED] - navigateToUrl: Navigate to 'https://assist2-uat.perkeso.gov.my/login' successfully

2018-11-15 11:03:49 - [MESSAGE][PASSED] - Navigate to 'https://assist2-uat.perkeso.gov.my/login' successfully

2018-11-15 11:03:49 - [TEST_STEP][PASSED] - setText: Text 'johorotc1@gmail.com' is set on object 'Object Repository/Final Object Repo/Login Page/Internal User/Email Address'

2018-11-15 11:03:49 - [MESSAGE][PASSED] - Text 'johorotc1@gmail.com' is set on object 'Object Repository/Final Object Repo/Login Page/Internal User/Email Address'

2018-11-15 11:03:49 - [TEST_STEP][PASSED] - click: Object: 'Object Repository/Final Object Repo/Login Page/Internal User/Next Button' is clicked on

2018-11-15 11:03:50 - [MESSAGE][PASSED] - Object: 'Object Repository/Final Object Repo/Login Page/Internal User/Next Button' is clicked on

2018-11-15 11:03:50 - [TEST_STEP][PASSED] - delay: Delayed 1 second(s)

2018-11-15 11:03:51 - [MESSAGE][PASSED] - Delayed 1 second(s)

2018-11-15 11:03:51 - [TEST_STEP][PASSED] - setEncryptedText: Text ****** has been set on object 'Object Repository/Final Object Repo/Login Page/Internal User/Password'

2018-11-15 11:03:51 - [MESSAGE][PASSED] - Text ****** has been set on object 'Object Repository/Final Object Repo/Login Page/Internal User/Password'

2018-11-15 11:03:51 - [TEST_STEP][PASSED] - click: Object: 'Object Repository/Final Object Repo/Login Page/Internal User/Login Button' is clicked on

2018-11-15 11:03:53 - [MESSAGE][PASSED] - Object: 'Object Repository/Final Object Repo/Login Page/Internal User/Login Button' is clicked on

2018-11-15 11:03:53 - [TEST_STEP][PASSED] - delay: Delayed 1 second(s)

2018-11-15 11:03:54 - [MESSAGE][PASSED] - Delayed 1 second(s)

2018-11-15 11:03:54 - [TEST_STEP][PASSED] - Statement - Try: Delayed 2 second(s)

2018-11-15 11:03:54 - [TEST_STEP][PASSED] - Statement - Checker = false: null

2018-11-15 11:03:54 - [TEST_STEP][PASSED] - Statement - Checker = com.kms.katalon.core.webui.keyword.WebUiBuiltInKeywords.verifyElementHasAttribute(com.kms.katalon.core.testobject.ObjectRepository.findTestObject(Final Object Repo/Landing Page/BM Detecting), "href", 20, OPTIONAL): Object 'Object Repository/Final Object Repo/Landing Page/BM Detecting' has attribute 'href'

2018-11-15 11:03:55 - [MESSAGE][PASSED] - Object 'Object Repository/Final Object Repo/Landing Page/BM Detecting' has attribute 'href'

2018-11-15 11:03:55 - [TEST_STEP][PASSED] - Statement - out.println(Checker): null

2018-11-15 11:03:55 - [TEST_STEP][PASSED] - Statement - If (Checker == false): null

2018-11-15 11:03:55 - [TEST_STEP][PASSED] - Statement - Else: null

2018-11-15 11:03:55 - [TEST_STEP][PASSED] - delay: Delayed 2 second(s)

2018-11-15 11:03:57 - [MESSAGE][PASSED] - Delayed 2 second(s)

2018-11-15 11:03:57 - [TEST_STEP][PASSED] - navigateToUrl: Navigate to 'https://assist2-uat.perkeso.gov.my/web/registration/search/search-pending-case-for-add-supporting-document' successfully

2018-11-15 11:03:58 - [MESSAGE][PASSED] - Navigate to 'https://assist2-uat.perkeso.gov.my/web/registration/search/search-pending-case-for-add-supporting-document' successfully

2018-11-15 11:03:58 - [TEST_STEP][PASSED] - click: Object: 'Object Repository/Final Object Repo/Page_Search Pending Case For Add Suporting Document/Search By' is clicked on

2018-11-15 11:03:58 - [MESSAGE][PASSED] - Object: 'Object Repository/Final Object Repo/Page_Search Pending Case For Add Suporting Document/Search By' is clicked on

2018-11-15 11:03:58 - [TEST_STEP][PASSED] - click: Object: 'Object Repository/Final Object Repo/Page_Search Pending Case For Add Suporting Document/Search By - Reference ID' is clicked on

2018-11-15 11:03:59 - [MESSAGE][PASSED] - Object: 'Object Repository/Final Object Repo/Page_Search Pending Case For Add Suporting Document/Search By - Reference ID' is clicked on

2018-11-15 11:03:59 - [TEST_STEP][PASSED] - delay: Delayed 2 second(s)

2018-11-15 11:04:01 - [MESSAGE][PASSED] - Delayed 2 second(s)

2018-11-15 11:04:01 - [TEST_STEP][PASSED] - setText: Text 'CUN112018C100005449' is set on object 'Object Repository/Final Object Repo/Page_Search Pending Case For Add Suporting Document/Reference ID'

2018-11-15 11:04:01 - [MESSAGE][PASSED] - Text 'CUN112018C100005449' is set on object 'Object Repository/Final Object Repo/Page_Search Pending Case For Add Suporting Document/Reference ID'

2018-11-15 11:04:01 - [TEST_STEP][PASSED] - click: Object: 'Object Repository/Final Object Repo/Page_Search Pending Case For Add Suporting Document/Search' is clicked on

2018-11-15 11:04:02 - [MESSAGE][PASSED] - Object: 'Object Repository/Final Object Repo/Page_Search Pending Case For Add Suporting Document/Search' is clicked on

2018-11-15 11:04:02 - [TEST_STEP][PASSED] - delay: Delayed 2 second(s)

2018-11-15 11:04:04 - [MESSAGE][PASSED] - Delayed 2 second(s)

2018-11-15 11:04:04 - [TEST_STEP][PASSED] - click: Object: 'Object Repository/Final Object Repo/Page_Search Pending Case For Add Suporting Document/Edit' is clicked on

2018-11-15 11:04:09 - [MESSAGE][PASSED] - Object: 'Object Repository/Final Object Repo/Page_Search Pending Case For Add Suporting Document/Edit' is clicked on

2018-11-15 11:04:09 - [MESSAGE][PASSED] - Call Test Case 'Test Cases/Final Aug 2018 - PKS Automation/Registration Module/Workflow/Search Pending Case For Add Supporting Document (OTC)' successfully

2018-11-15 11:04:09 - [TEST_STEP][PASSED] - click: Object: 'Object Repository/Final Object Repo/Page_Update Employer Information/Page_Update Employer Information UO (Query -OTC -UO)/Next' is clicked on

2018-11-15 11:04:13 - [MESSAGE][PASSED] - Object: 'Object Repository/Final Object Repo/Page_Update Employer Information/Page_Update Employer Information UO (Query -OTC -UO)/Next' is clicked on

2018-11-15 11:04:13 - [TEST_STEP][PASSED] - delay: Delayed 2 second(s)

2018-11-15 11:04:15 - [MESSAGE][PASSED] - Delayed 2 second(s)

2018-11-15 11:04:15 - [TEST_STEP][PASSED] - click: Object: 'Object Repository/Final Object Repo/Page_Update Employer Information/Page_Update Employer Information UO (Query -OTC -UO)/Add Document' is clicked on

2018-11-15 11:04:15 - [MESSAGE][PASSED] - Object: 'Object Repository/Final Object Repo/Page_Update Employer Information/Page_Update Employer Information UO (Query -OTC -UO)/Add Document' is clicked on

2018-11-15 11:04:15 - [TEST_STEP][PASSED] - delay: Delayed 2 second(s)

2018-11-15 11:04:17 - [MESSAGE][PASSED] - Delayed 2 second(s)

2018-11-15 11:04:17 - [TEST_STEP][PASSED] - click: Object: 'Object Repository/Final Object Repo/Page_Update Employer Information/Page_Update Employer Information UO (Query -OTC -UO)/Document Type' is clicked on

2018-11-15 11:04:18 - [MESSAGE][PASSED] - Object: 'Object Repository/Final Object Repo/Page_Update Employer Information/Page_Update Employer Information UO (Query -OTC -UO)/Document Type' is clicked on

2018-11-15 11:04:18 - [TEST_STEP][PASSED] - click: Object: 'Object Repository/Final Object Repo/Page_Update Employer Information/Page_Update Employer Information UO (Query -OTC -UO)/Document Type - Other' is clicked on

2018-11-15 11:04:19 - [MESSAGE][PASSED] - Object: 'Object Repository/Final Object Repo/Page_Update Employer Information/Page_Update Employer Information UO (Query -OTC -UO)/Document Type - Other' is clicked on

2018-11-15 11:04:19 - [TEST_STEP][PASSED] - delay: Delayed 2 second(s)

2018-11-15 11:04:21 - [MESSAGE][PASSED] - Delayed 2 second(s)

2018-11-15 11:04:21 - [TEST_STEP][PASSED] - sendKeys: Keys 'C:\Users\Public\Pictures\Sample Pictures\Act.jpg' sent to object: 'Object Repository/Final Object Repo/Page_Update Employer Information/Page_Update Employer Information UO (Query -OTC -UO)/Uploading File'

2018-11-15 11:04:21 - [MESSAGE][PASSED] - Keys 'C:\Users\Public\Pictures\Sample Pictures\Act.jpg' sent to object: 'Object Repository/Final Object Repo/Page_Update Employer Information/Page_Update Employer Information UO (Query -OTC -UO)/Uploading File'

2018-11-15 11:04:21 - [TEST_STEP][PASSED] - delay: Delayed 2 second(s)

2018-11-15 11:04:23 - [MESSAGE][PASSED] - Delayed 2 second(s)

2018-11-15 11:04:23 - [TEST_STEP][PASSED] - click: Object: 'Object Repository/Final Object Repo/Page_Update Employer Information/Page_Update Employer Information UO (Query -OTC -UO)/Add Document in Uploading Page' is clicked on

2018-11-15 11:04:29 - [MESSAGE][PASSED] - Object: 'Object Repository/Final Object Repo/Page_Update Employer Information/Page_Update Employer Information UO (Query -OTC -UO)/Add Document in Uploading Page' is clicked on

2018-11-15 11:04:29 - [TEST_STEP][PASSED] - delay: Delayed 2 second(s)

2018-11-15 11:04:31 - [MESSAGE][PASSED] - Delayed 2 second(s)

2018-11-15 11:04:31 - [TEST_STEP][PASSED] - click: Object: 'Object Repository/Final Object Repo/Page_Update Employer Information/Page_Update Employer Information UO (Query -OTC -UO)/Exit' is clicked on

2018-11-15 11:04:32 - [MESSAGE][PASSED] - Object: 'Object Repository/Final Object Repo/Page_Update Employer Information/Page_Update Employer Information UO (Query -OTC -UO)/Exit' is clicked on

2018-11-15 11:04:32 - [TEST_STEP][PASSED] - delay: Delayed 2 second(s)

2018-11-15 11:04:34 - [MESSAGE][PASSED] - Delayed 2 second(s)

2018-11-15 11:04:34 - [TEST_STEP][PASSED] - delay: Delayed 1 second(s)

2018-11-15 11:04:35 - [MESSAGE][PASSED] - Delayed 1 second(s)

2018-11-15 11:04:35 - [TEST_STEP][PASSED] - navigateToUrl: Navigate to 'https://assist2-uat.perkeso.gov.my/c/portal/logout' successfully

2018-11-15 11:04:36 - [MESSAGE][PASSED] - Navigate to 'https://assist2-uat.perkeso.gov.my/c/portal/logout' successfully

2018-11-15 11:04:36 - [TEST_STEP][PASSED] - delay: Delayed 1 second(s)

2018-11-15 11:04:37 - [MESSAGE][PASSED] - Delayed 1 second(s)

2018-11-15 11:04:37 - [TEST_STEP][PASSED] - callTestCase: Call Test Case 'Test Cases/Final Aug 2018 - PKS Automation/Registration Module/Workflow/Login and Search Case For Workflow' successfully

2018-11-15 11:04:37 - [TEST_CASE][PASSED] - Test Cases/Final Aug 2018 - PKS Automation/Registration Module/Workflow/Login and Search Case For Workflow: Test Cases/Final Aug 2018 - PKS Automation/Registration Module/Workflow/Login and Search Case For Workflow

2018-11-15 11:04:37 - [TEST_STEP][PASSED] - navigateToUrl: Navigate to 'https://assist2-uat.perkeso.gov.my/login' successfully

2018-11-15 11:04:38 - [MESSAGE][PASSED] - Navigate to 'https://assist2-uat.perkeso.gov.my/login' successfully

2018-11-15 11:04:38 - [TEST_STEP][PASSED] - setText: Text 'johoruo3@gmail.com' is set on object 'Object Repository/Final Object Repo/Login Page/Internal User/Email Address'

2018-11-15 11:04:38 - [MESSAGE][PASSED] - Text 'johoruo3@gmail.com' is set on object 'Object Repository/Final Object Repo/Login Page/Internal User/Email Address'

2018-11-15 11:04:38 - [TEST_STEP][PASSED] - click: Object: 'Object Repository/Final Object Repo/Login Page/Internal User/Next Button' is clicked on

2018-11-15 11:04:39 - [MESSAGE][PASSED] - Object: 'Object Repository/Final Object Repo/Login Page/Internal User/Next Button' is clicked on

2018-11-15 11:04:39 - [TEST_STEP][PASSED] - delay: Delayed 1 second(s)

2018-11-15 11:04:40 - [MESSAGE][PASSED] - Delayed 1 second(s)

2018-11-15 11:04:40 - [TEST_STEP][PASSED] - setEncryptedText: Text ****** has been set on object 'Object Repository/Final Object Repo/Login Page/Internal User/Password'

2018-11-15 11:04:40 - [MESSAGE][PASSED] - Text ****** has been set on object 'Object Repository/Final Object Repo/Login Page/Internal User/Password'

2018-11-15 11:04:40 - [TEST_STEP][PASSED] - click: Object: 'Object Repository/Final Object Repo/Login Page/Internal User/Login Button' is clicked on

2018-11-15 11:04:42 - [MESSAGE][PASSED] - Object: 'Object Repository/Final Object Repo/Login Page/Internal User/Login Button' is clicked on

2018-11-15 11:04:42 - [TEST_STEP][PASSED] - delay: Delayed 2 second(s)

2018-11-15 11:04:44 - [MESSAGE][PASSED] - Delayed 2 second(s)

2018-11-15 11:04:44 - [TEST_STEP][PASSED] - Statement - Try: Delayed 2 second(s)

2018-11-15 11:04:44 - [TEST_STEP][PASSED] - Statement - Checker = false: null

2018-11-15 11:04:44 - [TEST_STEP][PASSED] - Statement - Checker = com.kms.katalon.core.webui.keyword.WebUiBuiltInKeywords.verifyElementHasAttribute(com.kms.katalon.core.testobject.ObjectRepository.findTestObject(Final Object Repo/Landing Page/BM Detecting), "href", 20, OPTIONAL): Object 'Object Repository/Final Object Repo/Landing Page/BM Detecting' has attribute 'href'

2018-11-15 11:04:44 - [MESSAGE][PASSED] - Object 'Object Repository/Final Object Repo/Landing Page/BM Detecting' has attribute 'href'

2018-11-15 11:04:44 - [TEST_STEP][PASSED] - Statement - out.println(Checker): null

2018-11-15 11:04:44 - [TEST_STEP][PASSED] - Statement - If (Checker == false): null

2018-11-15 11:04:44 - [TEST_STEP][PASSED] - Statement - Else: null

2018-11-15 11:04:44 - [TEST_STEP][PASSED] - delay: Delayed 2 second(s)

2018-11-15 11:04:46 - [MESSAGE][PASSED] - Delayed 2 second(s)

2018-11-15 11:04:46 - [TEST_STEP][PASSED] - click: Object: 'Object Repository/Final Object Repo/Page_MyASSIST - ASSIST - Search Pending Case For Add Supporting Document/Search Information' is clicked on

2018-11-15 11:04:47 - [MESSAGE][PASSED] - Object: 'Object Repository/Final Object Repo/Page_MyASSIST - ASSIST - Search Pending Case For Add Supporting Document/Search Information' is clicked on

2018-11-15 11:04:47 - [TEST_STEP][PASSED] - delay: Delayed 3 second(s)

2018-11-15 11:04:50 - [MESSAGE][PASSED] - Delayed 3 second(s)

2018-11-15 11:04:50 - [TEST_STEP][PASSED] - sendKeys: Keys 'CUN112018C100005449' sent to object: 'Object Repository/Final Object Repo/Page_MyASSIST - ASSIST - Search Pending Case For Add Supporting Document/Reference No'

2018-11-15 11:04:50 - [MESSAGE][PASSED] - Keys 'CUN112018C100005449' sent to object: 'Object Repository/Final Object Repo/Page_MyASSIST - ASSIST - Search Pending Case For Add Supporting Document/Reference No'

2018-11-15 11:04:50 - [TEST_STEP][PASSED] - click: Object: 'Object Repository/Final Object Repo/Page_MyASSIST - ASSIST - Search Pending Case For Add Supporting Document/Search Reference No' is clicked on

2018-11-15 11:04:51 - [MESSAGE][PASSED] - Object: 'Object Repository/Final Object Repo/Page_MyASSIST - ASSIST - Search Pending Case For Add Supporting Document/Search Reference No' is clicked on

2018-11-15 11:04:51 - [TEST_STEP][PASSED] - delay: Delayed 2 second(s)

2018-11-15 11:04:53 - [MESSAGE][PASSED] - Delayed 2 second(s)

2018-11-15 11:04:53 - [TEST_STEP][PASSED] - click: Object: 'Object Repository/Final Object Repo/Page_MyASSIST - ASSIST - Search Pending Case For Add Supporting Document/Continue' is clicked on

2018-11-15 11:04:58 - [MESSAGE][PASSED] - Object: 'Object Repository/Final Object Repo/Page_MyASSIST - ASSIST - Search Pending Case For Add Supporting Document/Continue' is clicked on

2018-11-15 11:04:58 - [TEST_STEP][PASSED] - delay: Delayed 20 second(s)

2018-11-15 11:05:18 - [MESSAGE][PASSED] - Delayed 20 second(s)

2018-11-15 11:05:18 - [MESSAGE][PASSED] - Call Test Case 'Test Cases/Final Aug 2018 - PKS Automation/Registration Module/Workflow/Login and Search Case For Workflow' successfully

2018-11-15 11:05:18 - [TEST_STEP][PASSED] - click: Object: 'Object Repository/Final Object Repo/Page_Update Employer Information/Page_Update Employer Information UO (Approve)/Continue' is clicked on

2018-11-15 11:05:23 - [MESSAGE][PASSED] - Object: 'Object Repository/Final Object Repo/Page_Update Employer Information/Page_Update Employer Information UO (Approve)/Continue' is clicked on

2018-11-15 11:05:23 - [TEST_STEP][PASSED] - delay: Delayed 2 second(s)

2018-11-15 11:05:25 - [MESSAGE][PASSED] - Delayed 2 second(s)

2018-11-15 11:05:25 - [TEST_STEP][PASSED] - click: Object: 'Object Repository/Final Object Repo/Page_Update Employer Information/Page_Update Employer Information UO (Approve)/Save  Continue in Update Employer Information Page' is clicked on

2018-11-15 11:05:31 - [MESSAGE][PASSED] - Object: 'Object Repository/Final Object Repo/Page_Update Employer Information/Page_Update Employer Information UO (Approve)/Save  Continue in Update Employer Information Page' is clicked on

2018-11-15 11:05:31 - [TEST_STEP][PASSED] - delay: Delayed 2 second(s)

2018-11-15 11:05:33 - [MESSAGE][PASSED] - Delayed 2 second(s)

2018-11-15 11:05:33 - [TEST_STEP][PASSED] - click: Object: 'Object Repository/Final Object Repo/Page_Update Employer Information/Page_Update Employer Information UO (Approve)/Save  Continue in Uploading Supporting Document Page' is clicked on

2018-11-15 11:05:38 - [MESSAGE][PASSED] - Object: 'Object Repository/Final Object Repo/Page_Update Employer Information/Page_Update Employer Information UO (Approve)/Save  Continue in Uploading Supporting Document Page' is clicked on

2018-11-15 11:05:38 - [TEST_STEP][PASSED] - delay: Delayed 2 second(s)

2018-11-15 11:05:40 - [MESSAGE][PASSED] - Delayed 2 second(s)

2018-11-15 11:05:40 - [TEST_STEP][PASSED] - click: Object: 'Object Repository/Final Object Repo/Page_Update Employer Information/Page_Update Employer Information UO (Approve)/Approve' is clicked on

2018-11-15 11:05:40 - [MESSAGE][PASSED] - Object: 'Object Repository/Final Object Repo/Page_Update Employer Information/Page_Update Employer Information UO (Approve)/Approve' is clicked on

2018-11-15 11:05:40 - [TEST_STEP][PASSED] - delay: Delayed 2 second(s)

2018-11-15 11:05:42 - [MESSAGE][PASSED] - Delayed 2 second(s)

2018-11-15 11:05:42 - [TEST_STEP][PASSED] - click: Object: 'Object Repository/Final Object Repo/Page_Update Employer Information/Page_Update Employer Information UO (Approve)/Confirm' is clicked on

2018-11-15 11:05:47 - [MESSAGE][PASSED] - Object: 'Object Repository/Final Object Repo/Page_Update Employer Information/Page_Update Employer Information UO (Approve)/Confirm' is clicked on

2018-11-15 11:05:47 - [TEST_STEP][PASSED] - delay: Delayed 2 second(s)

2018-11-15 11:05:49 - [MESSAGE][PASSED] - Delayed 2 second(s)

2018-11-15 11:05:49 - [TEST_STEP][PASSED] - verifyElementVisible: Object 'Object Repository/Final Object Repo/Page_Update Employer Information/Page_Update Employer Information UO (Approve)/Message Your Request' is visible

2018-11-15 11:05:51 - [MESSAGE][PASSED] - Object 'Object Repository/Final Object Repo/Page_Update Employer Information/Page_Update Employer Information UO (Approve)/Message Your Request' is visible

2018-11-15 11:05:51 - [TEST_STEP][PASSED] - verifyElementVisible: Object 'Object Repository/Final Object Repo/Page_Update Employer Information/Page_Update Employer Information UO (Approve)/Letter of successful update' is visible

2018-11-15 11:05:51 - [MESSAGE][PASSED] - Object 'Object Repository/Final Object Repo/Page_Update Employer Information/Page_Update Employer Information UO (Approve)/Letter of successful update' is visible

2018-11-15 11:05:51 - [MESSAGE][PASSED] - Call Test Case 'Test Cases/Final Aug 2018 - PKS Automation/Registration Module/Workflow/Update Employer Information/Template/Update Employer Information - Special Case - UO (Query)' successfully]]></system-out>
         <system-err><![CDATA[]]></system-err>
      </testcase>
      <testcase name="Test Cases/Final Aug 2018 - PKS Automation/Registration Module/Workflow/Update Employer Information/PKRBO - UO (Reject)" classname="Test Cases/Final Aug 2018 - PKS Automation/Registration Module/Workflow/Update Employer Information/PKRBO - UO (Reject)" status="PASSED">
         <system-out><![CDATA[2018-11-15 11:05:51 - [TEST_CASE][PASSED] - Test Cases/Final Aug 2018 - PKS Automation/Registration Module/Workflow/Update Employer Information/PKRBO - UO (Reject): Test Cases/Final Aug 2018 - PKS Automation/Registration Module/Workflow/Update Employer Information/PKRBO - UO (Reject)

2018-11-15 11:05:52 - [TEST_STEP][PASSED] - callTestCase: Call Test Case 'Test Cases/Final Aug 2018 - PKS Automation/Registration Module/Workflow/Update Employer Information/Template/Update Employer Information - Special Case (PKRBO)' successfully

2018-11-15 11:05:52 - [TEST_CASE][PASSED] - Test Cases/Final Aug 2018 - PKS Automation/Registration Module/Workflow/Update Employer Information/Template/Update Employer Information - Special Case (PKRBO): Test Cases/Final Aug 2018 - PKS Automation/Registration Module/Workflow/Update Employer Information/Template/Update Employer Information - Special Case (PKRBO)

2018-11-15 11:05:52 - [TEST_STEP][PASSED] - openBrowser: Browser is opened with url: ''

2018-11-15 11:05:52 - [MESSAGE][WARNING] - A browser is already opened. Closing browser and opening a new one

2018-11-15 11:05:57 - [MESSAGE][PASSED] - Browser is opened with url: ''

2018-11-15 11:05:57 - [TEST_STEP][PASSED] - navigateToUrl: Navigate to 'https://assist2-uat.perkeso.gov.my/login' successfully

2018-11-15 11:06:00 - [MESSAGE][PASSED] - Navigate to 'https://assist2-uat.perkeso.gov.my/login' successfully

2018-11-15 11:06:00 - [TEST_STEP][PASSED] - setText: Text 'johorpkrbo1@gmail.com' is set on object 'Object Repository/Final Object Repo/Login Page/Internal User/Email Address'

2018-11-15 11:06:00 - [MESSAGE][PASSED] - Text 'johorpkrbo1@gmail.com' is set on object 'Object Repository/Final Object Repo/Login Page/Internal User/Email Address'

2018-11-15 11:06:00 - [TEST_STEP][PASSED] - click: Object: 'Object Repository/Final Object Repo/Login Page/Internal User/Next Button' is clicked on

2018-11-15 11:06:00 - [MESSAGE][PASSED] - Object: 'Object Repository/Final Object Repo/Login Page/Internal User/Next Button' is clicked on

2018-11-15 11:06:00 - [TEST_STEP][PASSED] - delay: Delayed 1 second(s)

2018-11-15 11:06:01 - [MESSAGE][PASSED] - Delayed 1 second(s)

2018-11-15 11:06:01 - [TEST_STEP][PASSED] - setEncryptedText: Text ****** has been set on object 'Object Repository/Final Object Repo/Login Page/Internal User/Password'

2018-11-15 11:06:01 - [MESSAGE][PASSED] - Text ****** has been set on object 'Object Repository/Final Object Repo/Login Page/Internal User/Password'

2018-11-15 11:06:01 - [TEST_STEP][PASSED] - click: Object: 'Object Repository/Final Object Repo/Login Page/Internal User/Login Button' is clicked on

2018-11-15 11:06:05 - [MESSAGE][PASSED] - Object: 'Object Repository/Final Object Repo/Login Page/Internal User/Login Button' is clicked on

2018-11-15 11:06:05 - [TEST_STEP][PASSED] - Statement - Try: Delayed 2 second(s)

2018-11-15 11:06:05 - [TEST_STEP][PASSED] - Statement - Checker = false: null

2018-11-15 11:06:05 - [TEST_STEP][PASSED] - Statement - Checker = com.kms.katalon.core.webui.keyword.WebUiBuiltInKeywords.verifyElementHasAttribute(com.kms.katalon.core.testobject.ObjectRepository.findTestObject(Final Object Repo/Landing Page/BM Detecting), "href", 20, OPTIONAL): Object 'Object Repository/Final Object Repo/Landing Page/BM Detecting' has attribute 'href'

2018-11-15 11:06:05 - [MESSAGE][PASSED] - Object 'Object Repository/Final Object Repo/Landing Page/BM Detecting' has attribute 'href'

2018-11-15 11:06:05 - [TEST_STEP][PASSED] - Statement - out.println(Checker): null

2018-11-15 11:06:05 - [TEST_STEP][PASSED] - Statement - If (Checker == false): null

2018-11-15 11:06:05 - [TEST_STEP][PASSED] - Statement - Else: null

2018-11-15 11:06:05 - [TEST_STEP][PASSED] - delay: Delayed 2 second(s)

2018-11-15 11:06:07 - [MESSAGE][PASSED] - Delayed 2 second(s)

2018-11-15 11:06:07 - [TEST_STEP][PASSED] - delay: Delayed 1 second(s)

2018-11-15 11:06:08 - [MESSAGE][PASSED] - Delayed 1 second(s)

2018-11-15 11:06:08 - [TEST_STEP][PASSED] - navigateToUrl: Navigate to 'https://assist2-uat.perkeso.gov.my/web/registration/update/update-employer-information' successfully

2018-11-15 11:06:10 - [MESSAGE][PASSED] - Navigate to 'https://assist2-uat.perkeso.gov.my/web/registration/update/update-employer-information' successfully

2018-11-15 11:06:10 - [TEST_STEP][PASSED] - setText: Text 'E1102001065V ' is set on object 'Object Repository/Final Object Repo/Page_Update Employer Information/Employer Code'

2018-11-15 11:06:10 - [MESSAGE][PASSED] - Text 'E1102001065V ' is set on object 'Object Repository/Final Object Repo/Page_Update Employer Information/Employer Code'

2018-11-15 11:06:10 - [TEST_STEP][PASSED] - click: Object: 'Object Repository/Final Object Repo/Page_Update Employer Information/Search Button' is clicked on

2018-11-15 11:06:12 - [MESSAGE][PASSED] - Object: 'Object Repository/Final Object Repo/Page_Update Employer Information/Search Button' is clicked on

2018-11-15 11:06:12 - [TEST_STEP][PASSED] - click: Object: 'Object Repository/Final Object Repo/Page_Update Employer Information/Edit Button' is clicked on

2018-11-15 11:06:15 - [MESSAGE][PASSED] - Object: 'Object Repository/Final Object Repo/Page_Update Employer Information/Edit Button' is clicked on

2018-11-15 11:06:15 - [TEST_STEP][PASSED] - click: Object: 'Object Repository/Final Object Repo/Page_Update Employer Information/Business Entity' is clicked on

2018-11-15 11:06:16 - [MESSAGE][PASSED] - Object: 'Object Repository/Final Object Repo/Page_Update Employer Information/Business Entity' is clicked on

2018-11-15 11:06:16 - [TEST_STEP][PASSED] - Statement - CurrentBusinessEntity = "": null

2018-11-15 11:06:16 - [TEST_STEP][PASSED] - Statement - CurrentBusinessEntity = com.kms.katalon.core.webui.keyword.WebUiBuiltInKeywords.getText(com.kms.katalon.core.testobject.ObjectRepository.findTestObject(Final Object Repo/Page_Update Employer Information/Current Business Entity)): Text of object 'Object Repository/Final Object Repo/Page_Update Employer Information/Current Business Entity' is: 'Others'

2018-11-15 11:06:16 - [MESSAGE][PASSED] - Text of object 'Object Repository/Final Object Repo/Page_Update Employer Information/Current Business Entity' is: 'Others'

2018-11-15 11:06:16 - [TEST_STEP][PASSED] - Statement - out.println(CurrentBusinessEntity): null

2018-11-15 11:06:16 - [TEST_STEP][PASSED] - Statement - If (CurrentBusinessEntity == "Corporation"): null

2018-11-15 11:06:16 - [TEST_STEP][PASSED] - Statement - Else If (CurrentBusinessEntity == "Partnership"): null

2018-11-15 11:06:16 - [TEST_STEP][PASSED] - Statement - Else If (CurrentBusinessEntity == "Sole Proprietor / Individual Business"): null

2018-11-15 11:06:16 - [TEST_STEP][PASSED] - Statement - Else If (CurrentBusinessEntity == "Others"): Delayed 3 second(s)

2018-11-15 11:06:16 - [TEST_STEP][PASSED] - Statement - obj = com.kms.katalon.core.webui.keyword.WebUiBuiltInKeywords.modifyObjectProperty(com.kms.katalon.core.testobject.ObjectRepository.findTestObject(Final Object Repo/Page_Update Employer Information/change to this Business Entity), "xpath", "equals", "//ul/li/span[contains(text(),"Partnership")]", true, STOP_ON_FAILURE): Modify property of object successfully

2018-11-15 11:06:16 - [MESSAGE][PASSED] - Modify property of object successfully

2018-11-15 11:06:16 - [TEST_STEP][PASSED] - click: Object: 'Object Repository/Final Object Repo/Page_Update Employer Information/change to this Business Entity' is clicked on

2018-11-15 11:06:16 - [MESSAGE][PASSED] - Object: 'Object Repository/Final Object Repo/Page_Update Employer Information/change to this Business Entity' is clicked on

2018-11-15 11:06:16 - [TEST_STEP][PASSED] - delay: Delayed 1 second(s)

2018-11-15 11:06:17 - [MESSAGE][PASSED] - Delayed 1 second(s)

2018-11-15 11:06:17 - [TEST_STEP][PASSED] - click: Object: 'Object Repository/Final Object Repo/Page_Update Employer Information/Sub Business Entity' is clicked on

2018-11-15 11:06:18 - [MESSAGE][PASSED] - Object: 'Object Repository/Final Object Repo/Page_Update Employer Information/Sub Business Entity' is clicked on

2018-11-15 11:06:18 - [TEST_STEP][PASSED] - click: Object: 'Object Repository/Final Object Repo/Page_Update Employer Information/Sub Business Entity - Partnership - Registered With other Agencies' is clicked on

2018-11-15 11:06:19 - [MESSAGE][PASSED] - Object: 'Object Repository/Final Object Repo/Page_Update Employer Information/Sub Business Entity - Partnership - Registered With other Agencies' is clicked on

2018-11-15 11:06:19 - [TEST_STEP][PASSED] - delay: Delayed 3 second(s)

2018-11-15 11:06:22 - [MESSAGE][PASSED] - Delayed 3 second(s)

2018-11-15 11:06:22 - [TEST_STEP][PASSED] - delay: Delayed 4 second(s)

2018-11-15 11:06:26 - [MESSAGE][PASSED] - Delayed 4 second(s)

2018-11-15 11:06:26 - [TEST_STEP][PASSED] - click: Object: 'Object Repository/Final Object Repo/Page_Update Employer Information/Save  Continue' is clicked on

2018-11-15 11:06:30 - [MESSAGE][PASSED] - Object: 'Object Repository/Final Object Repo/Page_Update Employer Information/Save  Continue' is clicked on

2018-11-15 11:06:30 - [TEST_STEP][PASSED] - delay: Delayed 4 second(s)

2018-11-15 11:06:34 - [MESSAGE][PASSED] - Delayed 4 second(s)

2018-11-15 11:06:34 - [TEST_STEP][PASSED] - click: Object: 'Object Repository/Final Object Repo/Page_Update Employer Information/Save  Continue (1)' is clicked on

2018-11-15 11:06:40 - [MESSAGE][PASSED] - Object: 'Object Repository/Final Object Repo/Page_Update Employer Information/Save  Continue (1)' is clicked on

2018-11-15 11:06:40 - [TEST_STEP][PASSED] - Statement - CaseReferenceNo = com.kms.katalon.core.webui.keyword.WebUiBuiltInKeywords.getText(com.kms.katalon.core.testobject.ObjectRepository.findTestObject(Final Object Repo/Page_Update Employer Information/Reference Number in Update Employee Information Page)): Text of object 'Object Repository/Final Object Repo/Page_Update Employer Information/Reference Number in Update Employee Information Page' is: 'CUN112018C100005450'

2018-11-15 11:06:40 - [MESSAGE][PASSED] - Text of object 'Object Repository/Final Object Repo/Page_Update Employer Information/Reference Number in Update Employee Information Page' is: 'CUN112018C100005450'

2018-11-15 11:06:40 - [TEST_STEP][PASSED] - callTestCase: Call Test Case 'Test Cases/Final Aug 2018 - PKS Automation/Common/Reference Number Setter' successfully

2018-11-15 11:06:40 - [TEST_CASE][PASSED] - Test Cases/Final Aug 2018 - PKS Automation/Common/Reference Number Setter: Test Cases/Final Aug 2018 - PKS Automation/Common/Reference Number Setter

2018-11-15 11:06:40 - [TEST_STEP][PASSED] - Statement - RefNoOldFile = new java.io.File(C://KatalonReference.txt): null

2018-11-15 11:06:40 - [TEST_STEP][PASSED] - Statement - RefNoOldFile.delete(): null

2018-11-15 11:06:40 - [TEST_STEP][PASSED] - delay: Delayed 5 second(s)

2018-11-15 11:06:45 - [MESSAGE][PASSED] - Delayed 5 second(s)

2018-11-15 11:06:45 - [TEST_STEP][PASSED] - Statement - RefNo = new java.io.File(C://KatalonReference.txt): null

2018-11-15 11:06:45 - [TEST_STEP][PASSED] - Statement - f2 = new java.io.FileWriter(RefNo, false): null

2018-11-15 11:06:45 - [TEST_STEP][PASSED] - Statement - f2.write(CaseReferenceNo): null

2018-11-15 11:06:45 - [TEST_STEP][PASSED] - Statement - f2.close(): null

2018-11-15 11:06:45 - [TEST_STEP][PASSED] - Statement - out.println("


" + CaseReferenceNo + "


"): null

2018-11-15 11:06:45 - [MESSAGE][PASSED] - Call Test Case 'Test Cases/Final Aug 2018 - PKS Automation/Common/Reference Number Setter' successfully

2018-11-15 11:06:45 - [TEST_STEP][PASSED] - delay: Delayed 4 second(s)

2018-11-15 11:06:49 - [MESSAGE][PASSED] - Delayed 4 second(s)

2018-11-15 11:06:49 - [TEST_STEP][PASSED] - click: Object: 'Object Repository/Final Object Repo/Page_Update Employer Information/Submit - Copy' is clicked on

2018-11-15 11:06:50 - [MESSAGE][PASSED] - Object: 'Object Repository/Final Object Repo/Page_Update Employer Information/Submit - Copy' is clicked on

2018-11-15 11:06:50 - [TEST_STEP][PASSED] - delay: Delayed 2 second(s)

2018-11-15 11:06:52 - [MESSAGE][PASSED] - Delayed 2 second(s)

2018-11-15 11:06:52 - [TEST_STEP][PASSED] - click: Object: 'Object Repository/Final Object Repo/Page_Update Employer Information/Confirm' is clicked on

2018-11-15 11:06:52 - [MESSAGE][PASSED] - Object: 'Object Repository/Final Object Repo/Page_Update Employer Information/Confirm' is clicked on

2018-11-15 11:06:52 - [TEST_STEP][PASSED] - delay: Delayed 2 second(s)

2018-11-15 11:06:54 - [MESSAGE][PASSED] - Delayed 2 second(s)

2018-11-15 11:06:54 - [TEST_STEP][PASSED] - click: Object: 'Object Repository/Final Object Repo/Page_Update Employer Information/Message Your Request will be route' is clicked on

2018-11-15 11:06:56 - [MESSAGE][PASSED] - Object: 'Object Repository/Final Object Repo/Page_Update Employer Information/Message Your Request will be route' is clicked on

2018-11-15 11:06:56 - [MESSAGE][PASSED] - Call Test Case 'Test Cases/Final Aug 2018 - PKS Automation/Registration Module/Workflow/Update Employer Information/Template/Update Employer Information - Special Case (PKRBO)' successfully

2018-11-15 11:06:56 - [TEST_STEP][PASSED] - callTestCase: Call Test Case 'Test Cases/Final Aug 2018 - PKS Automation/Registration Module/Workflow/Update Employer Information/Template/Update Employer Information - Special Case - UO (Reject)' successfully

2018-11-15 11:06:56 - [TEST_CASE][PASSED] - Test Cases/Final Aug 2018 - PKS Automation/Registration Module/Workflow/Update Employer Information/Template/Update Employer Information - Special Case - UO (Reject): Test Cases/Final Aug 2018 - PKS Automation/Registration Module/Workflow/Update Employer Information/Template/Update Employer Information - Special Case - UO (Reject)

2018-11-15 11:06:56 - [TEST_STEP][NOT_RUN] - callTestCase: NOT_RUN: callTestCase

2018-11-15 11:06:57 - [MESSAGE][NOT_RUN] - NOT_RUN: callTestCase

2018-11-15 11:06:57 - [TEST_STEP][PASSED] - delay: Delayed 1 second(s)

2018-11-15 11:06:58 - [MESSAGE][PASSED] - Delayed 1 second(s)

2018-11-15 11:06:58 - [TEST_STEP][PASSED] - navigateToUrl: Navigate to 'https://assist2-uat.perkeso.gov.my/c/portal/logout' successfully

2018-11-15 11:06:59 - [MESSAGE][PASSED] - Navigate to 'https://assist2-uat.perkeso.gov.my/c/portal/logout' successfully

2018-11-15 11:06:59 - [TEST_STEP][PASSED] - delay: Delayed 1 second(s)

2018-11-15 11:07:00 - [MESSAGE][PASSED] - Delayed 1 second(s)

2018-11-15 11:07:00 - [TEST_STEP][PASSED] - callTestCase: Call Test Case 'Test Cases/Final Aug 2018 - PKS Automation/Common/Reference Number Getter' successfully

2018-11-15 11:07:00 - [TEST_CASE][PASSED] - Test Cases/Final Aug 2018 - PKS Automation/Common/Reference Number Getter: Test Cases/Final Aug 2018 - PKS Automation/Common/Reference Number Getter

2018-11-15 11:07:00 - [TEST_STEP][PASSED] - Statement - Try: null

2018-11-15 11:07:00 - [TEST_STEP][PASSED] - Statement - RefNo = new java.io.File(C://KatalonReference.txt): null

2018-11-15 11:07:00 - [TEST_STEP][PASSED] - Statement - bufferread = new java.io.BufferedReader(new java.io.FileReader(RefNo)): null

2018-11-15 11:07:00 - [TEST_STEP][PASSED] - Statement - readedVal = bufferread.readLine(): null

2018-11-15 11:07:00 - [TEST_STEP][PASSED] - Statement - out.println(CaseReferenceNo): null

2018-11-15 11:07:00 - [TEST_STEP][PASSED] - Statement - out.println(readedVal): null

2018-11-15 11:07:00 - [TEST_STEP][PASSED] - Statement - CaseReferenceNo = "": null

2018-11-15 11:07:00 - [TEST_STEP][PASSED] - Statement - CaseReferenceNo = readedVal: null

2018-11-15 11:07:00 - [MESSAGE][PASSED] - Call Test Case 'Test Cases/Final Aug 2018 - PKS Automation/Common/Reference Number Getter' successfully

2018-11-15 11:07:00 - [TEST_STEP][PASSED] - callTestCase: Call Test Case 'Test Cases/Final Aug 2018 - PKS Automation/Common/Workflow Owner Finder' successfully

2018-11-15 11:07:00 - [TEST_CASE][PASSED] - Test Cases/Final Aug 2018 - PKS Automation/Common/Workflow Owner Finder: Test Cases/Final Aug 2018 - PKS Automation/Common/Workflow Owner Finder

2018-11-15 11:07:00 - [TEST_STEP][PASSED] - openBrowser: Browser is opened with url: ''

2018-11-15 11:07:00 - [MESSAGE][WARNING] - A browser is already opened. Closing browser and opening a new one

2018-11-15 11:07:05 - [MESSAGE][PASSED] - Browser is opened with url: ''

2018-11-15 11:07:05 - [TEST_STEP][PASSED] - navigateToUrl: Navigate to 'https://assist2-uat.perkeso.gov.my/login' successfully

2018-11-15 11:07:08 - [MESSAGE][PASSED] - Navigate to 'https://assist2-uat.perkeso.gov.my/login' successfully

2018-11-15 11:07:08 - [TEST_STEP][PASSED] - delay: Delayed 5 second(s)

2018-11-15 11:07:13 - [MESSAGE][PASSED] - Delayed 5 second(s)

2018-11-15 11:07:13 - [TEST_STEP][PASSED] - setText: Text 'test@liferay.com' is set on object 'Object Repository/Final Object Repo/Login Page/Internal User/Email Address'

2018-11-15 11:07:13 - [MESSAGE][PASSED] - Text 'test@liferay.com' is set on object 'Object Repository/Final Object Repo/Login Page/Internal User/Email Address'

2018-11-15 11:07:13 - [TEST_STEP][PASSED] - click: Object: 'Object Repository/Final Object Repo/Login Page/Internal User/Next Button' is clicked on

2018-11-15 11:07:13 - [MESSAGE][PASSED] - Object: 'Object Repository/Final Object Repo/Login Page/Internal User/Next Button' is clicked on

2018-11-15 11:07:13 - [TEST_STEP][PASSED] - delay: Delayed 2 second(s)

2018-11-15 11:07:15 - [MESSAGE][PASSED] - Delayed 2 second(s)

2018-11-15 11:07:15 - [TEST_STEP][PASSED] - setText: Text 'test' is set on object 'Object Repository/Final Object Repo/Login Page/Internal User/Password'

2018-11-15 11:07:15 - [MESSAGE][PASSED] - Text 'test' is set on object 'Object Repository/Final Object Repo/Login Page/Internal User/Password'

2018-11-15 11:07:15 - [TEST_STEP][PASSED] - delay: Delayed 2 second(s)

2018-11-15 11:07:17 - [MESSAGE][PASSED] - Delayed 2 second(s)

2018-11-15 11:07:17 - [TEST_STEP][PASSED] - click: Object: 'Object Repository/Final Object Repo/Login Page/Internal User/Login Button' is clicked on

2018-11-15 11:07:21 - [MESSAGE][PASSED] - Object: 'Object Repository/Final Object Repo/Login Page/Internal User/Login Button' is clicked on

2018-11-15 11:07:21 - [TEST_STEP][PASSED] - Statement - Try: Delayed 2 second(s)

2018-11-15 11:07:21 - [TEST_STEP][PASSED] - Statement - Checker = false: null

2018-11-15 11:07:21 - [TEST_STEP][PASSED] - Statement - Checker = com.kms.katalon.core.webui.keyword.WebUiBuiltInKeywords.verifyElementHasAttribute(com.kms.katalon.core.testobject.ObjectRepository.findTestObject(Final Object Repo/Landing Page/BM Detecting), "href", 20, OPTIONAL): Object 'Object Repository/Final Object Repo/Landing Page/BM Detecting' has attribute 'href'

2018-11-15 11:07:21 - [MESSAGE][PASSED] - Object 'Object Repository/Final Object Repo/Landing Page/BM Detecting' has attribute 'href'

2018-11-15 11:07:21 - [TEST_STEP][PASSED] - Statement - out.println(Checker): null

2018-11-15 11:07:21 - [TEST_STEP][PASSED] - Statement - If (Checker == false): null

2018-11-15 11:07:21 - [TEST_STEP][PASSED] - Statement - Else: null

2018-11-15 11:07:21 - [TEST_STEP][PASSED] - delay: Delayed 2 second(s)

2018-11-15 11:07:23 - [MESSAGE][PASSED] - Delayed 2 second(s)

2018-11-15 11:07:23 - [TEST_STEP][PASSED] - delay: Delayed 3 second(s)

2018-11-15 11:07:26 - [MESSAGE][PASSED] - Delayed 3 second(s)

2018-11-15 11:07:26 - [TEST_STEP][PASSED] - mouseOver: Object: 'Object Repository/Final Object Repo/Landing Page/WorkFlow Menu' is hovered

2018-11-15 11:07:26 - [MESSAGE][PASSED] - Object: 'Object Repository/Final Object Repo/Landing Page/WorkFlow Menu' is hovered

2018-11-15 11:07:26 - [TEST_STEP][PASSED] - delay: Delayed 2 second(s)

2018-11-15 11:07:28 - [MESSAGE][PASSED] - Delayed 2 second(s)

2018-11-15 11:07:28 - [TEST_STEP][PASSED] - click: Object: 'Object Repository/Final Object Repo/Landing Page/Select to Workflow Listing' is clicked on

2018-11-15 11:07:30 - [MESSAGE][PASSED] - Object: 'Object Repository/Final Object Repo/Landing Page/Select to Workflow Listing' is clicked on

2018-11-15 11:07:30 - [TEST_STEP][PASSED] - delay: Delayed 2 second(s)

2018-11-15 11:07:32 - [MESSAGE][PASSED] - Delayed 2 second(s)

2018-11-15 11:07:32 - [TEST_STEP][PASSED] - click: Object: 'Object Repository/Final Object Repo/WorkFlow Listing Page/Search Information - To Put Ref No' is clicked on

2018-11-15 11:07:32 - [MESSAGE][PASSED] - Object: 'Object Repository/Final Object Repo/WorkFlow Listing Page/Search Information - To Put Ref No' is clicked on

2018-11-15 11:07:32 - [TEST_STEP][PASSED] - delay: Delayed 2 second(s)

2018-11-15 11:07:34 - [MESSAGE][PASSED] - Delayed 2 second(s)

2018-11-15 11:07:34 - [TEST_STEP][PASSED] - callTestCase: Call Test Case 'Test Cases/Final Aug 2018 - PKS Automation/Common/Reference Number Getter' successfully

2018-11-15 11:07:34 - [TEST_CASE][PASSED] - Test Cases/Final Aug 2018 - PKS Automation/Common/Reference Number Getter: Test Cases/Final Aug 2018 - PKS Automation/Common/Reference Number Getter

2018-11-15 11:07:34 - [TEST_STEP][PASSED] - Statement - Try: null

2018-11-15 11:07:34 - [TEST_STEP][PASSED] - Statement - RefNo = new java.io.File(C://KatalonReference.txt): null

2018-11-15 11:07:34 - [TEST_STEP][PASSED] - Statement - bufferread = new java.io.BufferedReader(new java.io.FileReader(RefNo)): null

2018-11-15 11:07:34 - [TEST_STEP][PASSED] - Statement - readedVal = bufferread.readLine(): null

2018-11-15 11:07:34 - [TEST_STEP][PASSED] - Statement - out.println(CaseReferenceNo): null

2018-11-15 11:07:34 - [TEST_STEP][PASSED] - Statement - out.println(readedVal): null

2018-11-15 11:07:34 - [TEST_STEP][PASSED] - Statement - CaseReferenceNo = "": null

2018-11-15 11:07:34 - [TEST_STEP][PASSED] - Statement - CaseReferenceNo = readedVal: null

2018-11-15 11:07:34 - [MESSAGE][PASSED] - Call Test Case 'Test Cases/Final Aug 2018 - PKS Automation/Common/Reference Number Getter' successfully

2018-11-15 11:07:34 - [TEST_STEP][PASSED] - setText: Text 'CUN112018C100005450' is set on object 'Object Repository/Final Object Repo/WorkFlow Listing Page/Ref No Set Text'

2018-11-15 11:07:34 - [MESSAGE][PASSED] - Text 'CUN112018C100005450' is set on object 'Object Repository/Final Object Repo/WorkFlow Listing Page/Ref No Set Text'

2018-11-15 11:07:34 - [TEST_STEP][PASSED] - delay: Delayed 2 second(s)

2018-11-15 11:07:36 - [MESSAGE][PASSED] - Delayed 2 second(s)

2018-11-15 11:07:36 - [TEST_STEP][PASSED] - click: Object: 'Object Repository/Final Object Repo/WorkFlow Listing Page/Search Ref No Search Button' is clicked on

2018-11-15 11:07:38 - [MESSAGE][PASSED] - Object: 'Object Repository/Final Object Repo/WorkFlow Listing Page/Search Ref No Search Button' is clicked on

2018-11-15 11:07:38 - [TEST_STEP][PASSED] - delay: Delayed 4 second(s)

2018-11-15 11:07:42 - [MESSAGE][PASSED] - Delayed 4 second(s)

2018-11-15 11:07:42 - [TEST_STEP][PASSED] - click: Object: 'Object Repository/Final Object Repo/WorkFlow Listing Page/Click Continue Tooltip' is clicked on

2018-11-15 11:07:44 - [MESSAGE][PASSED] - Object: 'Object Repository/Final Object Repo/WorkFlow Listing Page/Click Continue Tooltip' is clicked on

2018-11-15 11:07:44 - [TEST_STEP][PASSED] - delay: Delayed 5 second(s)

2018-11-15 11:07:49 - [MESSAGE][PASSED] - Delayed 5 second(s)

2018-11-15 11:07:49 - [TEST_STEP][PASSED] - doubleClick: Object: 'Object Repository/Final Object Repo/WorkFlow Listing Page/Workflow Found - Listing 1' is double clicked on

2018-11-15 11:07:49 - [MESSAGE][PASSED] - Object: 'Object Repository/Final Object Repo/WorkFlow Listing Page/Workflow Found - Listing 1' is double clicked on

2018-11-15 11:07:49 - [TEST_STEP][PASSED] - Statement - println(OwnerID): null

2018-11-15 11:07:49 - [TEST_STEP][PASSED] - Statement - OwnerID = com.kms.katalon.core.webui.keyword.WebUiBuiltInKeywords.getText(com.kms.katalon.core.testobject.ObjectRepository.findTestObject(Final Object Repo/WorkFlow Listing Page/Workflow Found - Listing 1), STOP_ON_FAILURE): Text of object 'Object Repository/Final Object Repo/WorkFlow Listing Page/Workflow Found - Listing 1' is: 'JOHORuo1'

2018-11-15 11:07:49 - [MESSAGE][PASSED] - Text of object 'Object Repository/Final Object Repo/WorkFlow Listing Page/Workflow Found - Listing 1' is: 'JOHORuo1'

2018-11-15 11:07:49 - [TEST_STEP][PASSED] - Statement - OwnerID = OwnerID.toLowerCase() + "@gmail.com": null

2018-11-15 11:07:49 - [TEST_STEP][PASSED] - Statement - println(OwnerID): null

2018-11-15 11:07:49 - [TEST_STEP][PASSED] - delay: Delayed 2 second(s)

2018-11-15 11:07:51 - [MESSAGE][PASSED] - Delayed 2 second(s)

2018-11-15 11:07:51 - [MESSAGE][PASSED] - Call Test Case 'Test Cases/Final Aug 2018 - PKS Automation/Common/Workflow Owner Finder' successfully

2018-11-15 11:07:51 - [TEST_STEP][PASSED] - delay: Delayed 1 second(s)

2018-11-15 11:07:52 - [MESSAGE][PASSED] - Delayed 1 second(s)

2018-11-15 11:07:52 - [TEST_STEP][PASSED] - navigateToUrl: Navigate to 'https://assist2-uat.perkeso.gov.my/c/portal/logout' successfully

2018-11-15 11:07:54 - [MESSAGE][PASSED] - Navigate to 'https://assist2-uat.perkeso.gov.my/c/portal/logout' successfully

2018-11-15 11:07:54 - [TEST_STEP][PASSED] - delay: Delayed 1 second(s)

2018-11-15 11:07:55 - [MESSAGE][PASSED] - Delayed 1 second(s)

2018-11-15 11:07:55 - [TEST_STEP][PASSED] - callTestCase: Call Test Case 'Test Cases/Final Aug 2018 - PKS Automation/Registration Module/Workflow/Login and Search Case For Workflow' successfully

2018-11-15 11:07:55 - [TEST_CASE][PASSED] - Test Cases/Final Aug 2018 - PKS Automation/Registration Module/Workflow/Login and Search Case For Workflow: Test Cases/Final Aug 2018 - PKS Automation/Registration Module/Workflow/Login and Search Case For Workflow

2018-11-15 11:07:55 - [TEST_STEP][PASSED] - navigateToUrl: Navigate to 'https://assist2-uat.perkeso.gov.my/login' successfully

2018-11-15 11:07:56 - [MESSAGE][PASSED] - Navigate to 'https://assist2-uat.perkeso.gov.my/login' successfully

2018-11-15 11:07:56 - [TEST_STEP][PASSED] - setText: Text 'johoruo1@gmail.com' is set on object 'Object Repository/Final Object Repo/Login Page/Internal User/Email Address'

2018-11-15 11:07:56 - [MESSAGE][PASSED] - Text 'johoruo1@gmail.com' is set on object 'Object Repository/Final Object Repo/Login Page/Internal User/Email Address'

2018-11-15 11:07:56 - [TEST_STEP][PASSED] - click: Object: 'Object Repository/Final Object Repo/Login Page/Internal User/Next Button' is clicked on

2018-11-15 11:07:56 - [MESSAGE][PASSED] - Object: 'Object Repository/Final Object Repo/Login Page/Internal User/Next Button' is clicked on

2018-11-15 11:07:56 - [TEST_STEP][PASSED] - delay: Delayed 1 second(s)

2018-11-15 11:07:57 - [MESSAGE][PASSED] - Delayed 1 second(s)

2018-11-15 11:07:57 - [TEST_STEP][PASSED] - setEncryptedText: Text ****** has been set on object 'Object Repository/Final Object Repo/Login Page/Internal User/Password'

2018-11-15 11:07:57 - [MESSAGE][PASSED] - Text ****** has been set on object 'Object Repository/Final Object Repo/Login Page/Internal User/Password'

2018-11-15 11:07:57 - [TEST_STEP][PASSED] - click: Object: 'Object Repository/Final Object Repo/Login Page/Internal User/Login Button' is clicked on

2018-11-15 11:08:00 - [MESSAGE][PASSED] - Object: 'Object Repository/Final Object Repo/Login Page/Internal User/Login Button' is clicked on

2018-11-15 11:08:00 - [TEST_STEP][PASSED] - delay: Delayed 2 second(s)

2018-11-15 11:08:02 - [MESSAGE][PASSED] - Delayed 2 second(s)

2018-11-15 11:08:02 - [TEST_STEP][PASSED] - Statement - Try: Delayed 2 second(s)

2018-11-15 11:08:02 - [TEST_STEP][PASSED] - Statement - Checker = false: null

2018-11-15 11:08:02 - [TEST_STEP][PASSED] - Statement - Checker = com.kms.katalon.core.webui.keyword.WebUiBuiltInKeywords.verifyElementHasAttribute(com.kms.katalon.core.testobject.ObjectRepository.findTestObject(Final Object Repo/Landing Page/BM Detecting), "href", 20, OPTIONAL): Object 'Object Repository/Final Object Repo/Landing Page/BM Detecting' has attribute 'href'

2018-11-15 11:08:02 - [MESSAGE][PASSED] - Object 'Object Repository/Final Object Repo/Landing Page/BM Detecting' has attribute 'href'

2018-11-15 11:08:02 - [TEST_STEP][PASSED] - Statement - out.println(Checker): null

2018-11-15 11:08:02 - [TEST_STEP][PASSED] - Statement - If (Checker == false): null

2018-11-15 11:08:02 - [TEST_STEP][PASSED] - Statement - Else: null

2018-11-15 11:08:02 - [TEST_STEP][PASSED] - delay: Delayed 2 second(s)

2018-11-15 11:08:04 - [MESSAGE][PASSED] - Delayed 2 second(s)

2018-11-15 11:08:04 - [TEST_STEP][PASSED] - click: Object: 'Object Repository/Final Object Repo/Page_MyASSIST - ASSIST - Search Pending Case For Add Supporting Document/Search Information' is clicked on

2018-11-15 11:08:04 - [MESSAGE][PASSED] - Object: 'Object Repository/Final Object Repo/Page_MyASSIST - ASSIST - Search Pending Case For Add Supporting Document/Search Information' is clicked on

2018-11-15 11:08:04 - [TEST_STEP][PASSED] - delay: Delayed 3 second(s)

2018-11-15 11:08:07 - [MESSAGE][PASSED] - Delayed 3 second(s)

2018-11-15 11:08:07 - [TEST_STEP][PASSED] - sendKeys: Keys 'CUN112018C100005450' sent to object: 'Object Repository/Final Object Repo/Page_MyASSIST - ASSIST - Search Pending Case For Add Supporting Document/Reference No'

2018-11-15 11:08:07 - [MESSAGE][PASSED] - Keys 'CUN112018C100005450' sent to object: 'Object Repository/Final Object Repo/Page_MyASSIST - ASSIST - Search Pending Case For Add Supporting Document/Reference No'

2018-11-15 11:08:07 - [TEST_STEP][PASSED] - click: Object: 'Object Repository/Final Object Repo/Page_MyASSIST - ASSIST - Search Pending Case For Add Supporting Document/Search Reference No' is clicked on

2018-11-15 11:08:09 - [MESSAGE][PASSED] - Object: 'Object Repository/Final Object Repo/Page_MyASSIST - ASSIST - Search Pending Case For Add Supporting Document/Search Reference No' is clicked on

2018-11-15 11:08:09 - [TEST_STEP][PASSED] - delay: Delayed 2 second(s)

2018-11-15 11:08:11 - [MESSAGE][PASSED] - Delayed 2 second(s)

2018-11-15 11:08:11 - [TEST_STEP][PASSED] - click: Object: 'Object Repository/Final Object Repo/Page_MyASSIST - ASSIST - Search Pending Case For Add Supporting Document/Continue' is clicked on

2018-11-15 11:08:16 - [MESSAGE][PASSED] - Object: 'Object Repository/Final Object Repo/Page_MyASSIST - ASSIST - Search Pending Case For Add Supporting Document/Continue' is clicked on

2018-11-15 11:08:16 - [TEST_STEP][PASSED] - delay: Delayed 20 second(s)

2018-11-15 11:08:36 - [MESSAGE][PASSED] - Delayed 20 second(s)

2018-11-15 11:08:36 - [MESSAGE][PASSED] - Call Test Case 'Test Cases/Final Aug 2018 - PKS Automation/Registration Module/Workflow/Login and Search Case For Workflow' successfully

2018-11-15 11:08:36 - [TEST_STEP][PASSED] - delay: Delayed 2 second(s)

2018-11-15 11:08:38 - [MESSAGE][PASSED] - Delayed 2 second(s)

2018-11-15 11:08:38 - [TEST_STEP][PASSED] - click: Object: 'Object Repository/Final Object Repo/Page_Update Employer Information/Page_Update Employer Information UO (Approve)/Continue' is clicked on

2018-11-15 11:08:43 - [MESSAGE][PASSED] - Object: 'Object Repository/Final Object Repo/Page_Update Employer Information/Page_Update Employer Information UO (Approve)/Continue' is clicked on

2018-11-15 11:08:43 - [TEST_STEP][PASSED] - delay: Delayed 2 second(s)

2018-11-15 11:08:45 - [MESSAGE][PASSED] - Delayed 2 second(s)

2018-11-15 11:08:45 - [TEST_STEP][PASSED] - click: Object: 'Object Repository/Final Object Repo/Page_Update Employer Information/Page_Update Employer Information UO (Approve)/Save  Continue in Update Employer Information Page' is clicked on

2018-11-15 11:08:50 - [MESSAGE][PASSED] - Object: 'Object Repository/Final Object Repo/Page_Update Employer Information/Page_Update Employer Information UO (Approve)/Save  Continue in Update Employer Information Page' is clicked on

2018-11-15 11:08:50 - [TEST_STEP][PASSED] - delay: Delayed 2 second(s)

2018-11-15 11:08:52 - [MESSAGE][PASSED] - Delayed 2 second(s)

2018-11-15 11:08:52 - [TEST_STEP][PASSED] - click: Object: 'Object Repository/Final Object Repo/Page_Update Employer Information/Page_Update Employer Information UO (Approve)/Save  Continue in Uploading Supporting Document Page' is clicked on

2018-11-15 11:08:57 - [MESSAGE][PASSED] - Object: 'Object Repository/Final Object Repo/Page_Update Employer Information/Page_Update Employer Information UO (Approve)/Save  Continue in Uploading Supporting Document Page' is clicked on

2018-11-15 11:08:57 - [TEST_STEP][PASSED] - delay: Delayed 2 second(s)

2018-11-15 11:08:59 - [MESSAGE][PASSED] - Delayed 2 second(s)

2018-11-15 11:08:59 - [TEST_STEP][PASSED] - click: Object: 'Object Repository/Final Object Repo/Page_Update Employer Information/Page_Update Employer Information UO (Reject)/Reject' is clicked on

2018-11-15 11:08:59 - [MESSAGE][PASSED] - Object: 'Object Repository/Final Object Repo/Page_Update Employer Information/Page_Update Employer Information UO (Reject)/Reject' is clicked on

2018-11-15 11:08:59 - [TEST_STEP][PASSED] - delay: Delayed 2 second(s)

2018-11-15 11:09:01 - [MESSAGE][PASSED] - Delayed 2 second(s)

2018-11-15 11:09:01 - [TEST_STEP][PASSED] - click: Object: 'Object Repository/Final Object Repo/Page_Update Employer Information/Page_Update Employer Information UO (Reject)/Confirm' is clicked on

2018-11-15 11:09:06 - [MESSAGE][PASSED] - Object: 'Object Repository/Final Object Repo/Page_Update Employer Information/Page_Update Employer Information UO (Reject)/Confirm' is clicked on

2018-11-15 11:09:06 - [TEST_STEP][PASSED] - delay: Delayed 2 second(s)

2018-11-15 11:09:08 - [MESSAGE][PASSED] - Delayed 2 second(s)

2018-11-15 11:09:08 - [TEST_STEP][PASSED] - click: Object: 'Object Repository/Final Object Repo/Page_Update Employer Information/Page_Update Employer Information UO (Reject)/Message This Case has been Rejected' is clicked on

2018-11-15 11:09:08 - [MESSAGE][PASSED] - Object: 'Object Repository/Final Object Repo/Page_Update Employer Information/Page_Update Employer Information UO (Reject)/Message This Case has been Rejected' is clicked on

2018-11-15 11:09:08 - [MESSAGE][PASSED] - Call Test Case 'Test Cases/Final Aug 2018 - PKS Automation/Registration Module/Workflow/Update Employer Information/Template/Update Employer Information - Special Case - UO (Reject)' successfully]]></system-out>
         <system-err><![CDATA[]]></system-err>
      </testcase>
      <testcase name="Test Cases/Final Aug 2018 - PKS Automation/Registration Module/Workflow/Update Employer Information/PKRBO - UO (Under enforcement)" classname="Test Cases/Final Aug 2018 - PKS Automation/Registration Module/Workflow/Update Employer Information/PKRBO - UO (Under enforcement)" status="PASSED">
         <system-out><![CDATA[2018-11-15 11:09:08 - [TEST_CASE][PASSED] - Test Cases/Final Aug 2018 - PKS Automation/Registration Module/Workflow/Update Employer Information/PKRBO - UO (Under enforcement): Test Cases/Final Aug 2018 - PKS Automation/Registration Module/Workflow/Update Employer Information/PKRBO - UO (Under enforcement)

2018-11-15 11:09:09 - [TEST_STEP][PASSED] - callTestCase: Call Test Case 'Test Cases/Final Aug 2018 - PKS Automation/Registration Module/Workflow/Update Employer Information/Template/Update Employer Information - Special Case (PKRBO)' successfully

2018-11-15 11:09:09 - [TEST_CASE][PASSED] - Test Cases/Final Aug 2018 - PKS Automation/Registration Module/Workflow/Update Employer Information/Template/Update Employer Information - Special Case (PKRBO): Test Cases/Final Aug 2018 - PKS Automation/Registration Module/Workflow/Update Employer Information/Template/Update Employer Information - Special Case (PKRBO)

2018-11-15 11:09:09 - [TEST_STEP][PASSED] - openBrowser: Browser is opened with url: ''

2018-11-15 11:09:09 - [MESSAGE][WARNING] - A browser is already opened. Closing browser and opening a new one

2018-11-15 11:09:13 - [MESSAGE][PASSED] - Browser is opened with url: ''

2018-11-15 11:09:13 - [TEST_STEP][PASSED] - navigateToUrl: Navigate to 'https://assist2-uat.perkeso.gov.my/login' successfully

2018-11-15 11:09:16 - [MESSAGE][PASSED] - Navigate to 'https://assist2-uat.perkeso.gov.my/login' successfully

2018-11-15 11:09:16 - [TEST_STEP][PASSED] - setText: Text 'johorpkrbo1@gmail.com' is set on object 'Object Repository/Final Object Repo/Login Page/Internal User/Email Address'

2018-11-15 11:09:16 - [MESSAGE][PASSED] - Text 'johorpkrbo1@gmail.com' is set on object 'Object Repository/Final Object Repo/Login Page/Internal User/Email Address'

2018-11-15 11:09:16 - [TEST_STEP][PASSED] - click: Object: 'Object Repository/Final Object Repo/Login Page/Internal User/Next Button' is clicked on

2018-11-15 11:09:16 - [MESSAGE][PASSED] - Object: 'Object Repository/Final Object Repo/Login Page/Internal User/Next Button' is clicked on

2018-11-15 11:09:16 - [TEST_STEP][PASSED] - delay: Delayed 1 second(s)

2018-11-15 11:09:17 - [MESSAGE][PASSED] - Delayed 1 second(s)

2018-11-15 11:09:17 - [TEST_STEP][PASSED] - setEncryptedText: Text ****** has been set on object 'Object Repository/Final Object Repo/Login Page/Internal User/Password'

2018-11-15 11:09:17 - [MESSAGE][PASSED] - Text ****** has been set on object 'Object Repository/Final Object Repo/Login Page/Internal User/Password'

2018-11-15 11:09:17 - [TEST_STEP][PASSED] - click: Object: 'Object Repository/Final Object Repo/Login Page/Internal User/Login Button' is clicked on

2018-11-15 11:09:21 - [MESSAGE][PASSED] - Object: 'Object Repository/Final Object Repo/Login Page/Internal User/Login Button' is clicked on

2018-11-15 11:09:21 - [TEST_STEP][PASSED] - Statement - Try: Delayed 2 second(s)

2018-11-15 11:09:21 - [TEST_STEP][PASSED] - Statement - Checker = false: null

2018-11-15 11:09:21 - [TEST_STEP][PASSED] - Statement - Checker = com.kms.katalon.core.webui.keyword.WebUiBuiltInKeywords.verifyElementHasAttribute(com.kms.katalon.core.testobject.ObjectRepository.findTestObject(Final Object Repo/Landing Page/BM Detecting), "href", 20, OPTIONAL): Object 'Object Repository/Final Object Repo/Landing Page/BM Detecting' has attribute 'href'

2018-11-15 11:09:21 - [MESSAGE][PASSED] - Object 'Object Repository/Final Object Repo/Landing Page/BM Detecting' has attribute 'href'

2018-11-15 11:09:21 - [TEST_STEP][PASSED] - Statement - out.println(Checker): null

2018-11-15 11:09:21 - [TEST_STEP][PASSED] - Statement - If (Checker == false): null

2018-11-15 11:09:21 - [TEST_STEP][PASSED] - Statement - Else: null

2018-11-15 11:09:21 - [TEST_STEP][PASSED] - delay: Delayed 2 second(s)

2018-11-15 11:09:23 - [MESSAGE][PASSED] - Delayed 2 second(s)

2018-11-15 11:09:23 - [TEST_STEP][PASSED] - delay: Delayed 1 second(s)

2018-11-15 11:09:24 - [MESSAGE][PASSED] - Delayed 1 second(s)

2018-11-15 11:09:24 - [TEST_STEP][PASSED] - navigateToUrl: Navigate to 'https://assist2-uat.perkeso.gov.my/web/registration/update/update-employer-information' successfully

2018-11-15 11:09:25 - [MESSAGE][PASSED] - Navigate to 'https://assist2-uat.perkeso.gov.my/web/registration/update/update-employer-information' successfully

2018-11-15 11:09:25 - [TEST_STEP][PASSED] - setText: Text 'E1102001065V ' is set on object 'Object Repository/Final Object Repo/Page_Update Employer Information/Employer Code'

2018-11-15 11:09:25 - [MESSAGE][PASSED] - Text 'E1102001065V ' is set on object 'Object Repository/Final Object Repo/Page_Update Employer Information/Employer Code'

2018-11-15 11:09:25 - [TEST_STEP][PASSED] - click: Object: 'Object Repository/Final Object Repo/Page_Update Employer Information/Search Button' is clicked on

2018-11-15 11:09:27 - [MESSAGE][PASSED] - Object: 'Object Repository/Final Object Repo/Page_Update Employer Information/Search Button' is clicked on

2018-11-15 11:09:27 - [TEST_STEP][PASSED] - click: Object: 'Object Repository/Final Object Repo/Page_Update Employer Information/Edit Button' is clicked on

2018-11-15 11:09:31 - [MESSAGE][PASSED] - Object: 'Object Repository/Final Object Repo/Page_Update Employer Information/Edit Button' is clicked on

2018-11-15 11:09:31 - [TEST_STEP][PASSED] - click: Object: 'Object Repository/Final Object Repo/Page_Update Employer Information/Business Entity' is clicked on

2018-11-15 11:09:31 - [MESSAGE][PASSED] - Object: 'Object Repository/Final Object Repo/Page_Update Employer Information/Business Entity' is clicked on

2018-11-15 11:09:31 - [TEST_STEP][PASSED] - Statement - CurrentBusinessEntity = "": null

2018-11-15 11:09:31 - [TEST_STEP][PASSED] - Statement - CurrentBusinessEntity = com.kms.katalon.core.webui.keyword.WebUiBuiltInKeywords.getText(com.kms.katalon.core.testobject.ObjectRepository.findTestObject(Final Object Repo/Page_Update Employer Information/Current Business Entity)): Text of object 'Object Repository/Final Object Repo/Page_Update Employer Information/Current Business Entity' is: 'Others'

2018-11-15 11:09:31 - [MESSAGE][PASSED] - Text of object 'Object Repository/Final Object Repo/Page_Update Employer Information/Current Business Entity' is: 'Others'

2018-11-15 11:09:31 - [TEST_STEP][PASSED] - Statement - out.println(CurrentBusinessEntity): null

2018-11-15 11:09:31 - [TEST_STEP][PASSED] - Statement - If (CurrentBusinessEntity == "Corporation"): null

2018-11-15 11:09:31 - [TEST_STEP][PASSED] - Statement - Else If (CurrentBusinessEntity == "Partnership"): null

2018-11-15 11:09:31 - [TEST_STEP][PASSED] - Statement - Else If (CurrentBusinessEntity == "Sole Proprietor / Individual Business"): null

2018-11-15 11:09:31 - [TEST_STEP][PASSED] - Statement - Else If (CurrentBusinessEntity == "Others"): Delayed 3 second(s)

2018-11-15 11:09:31 - [TEST_STEP][PASSED] - Statement - obj = com.kms.katalon.core.webui.keyword.WebUiBuiltInKeywords.modifyObjectProperty(com.kms.katalon.core.testobject.ObjectRepository.findTestObject(Final Object Repo/Page_Update Employer Information/change to this Business Entity), "xpath", "equals", "//ul/li/span[contains(text(),"Partnership")]", true, STOP_ON_FAILURE): Modify property of object successfully

2018-11-15 11:09:31 - [MESSAGE][PASSED] - Modify property of object successfully

2018-11-15 11:09:31 - [TEST_STEP][PASSED] - click: Object: 'Object Repository/Final Object Repo/Page_Update Employer Information/change to this Business Entity' is clicked on

2018-11-15 11:09:32 - [MESSAGE][PASSED] - Object: 'Object Repository/Final Object Repo/Page_Update Employer Information/change to this Business Entity' is clicked on

2018-11-15 11:09:32 - [TEST_STEP][PASSED] - delay: Delayed 1 second(s)

2018-11-15 11:09:33 - [MESSAGE][PASSED] - Delayed 1 second(s)

2018-11-15 11:09:33 - [TEST_STEP][PASSED] - click: Object: 'Object Repository/Final Object Repo/Page_Update Employer Information/Sub Business Entity' is clicked on

2018-11-15 11:09:33 - [MESSAGE][PASSED] - Object: 'Object Repository/Final Object Repo/Page_Update Employer Information/Sub Business Entity' is clicked on

2018-11-15 11:09:33 - [TEST_STEP][PASSED] - click: Object: 'Object Repository/Final Object Repo/Page_Update Employer Information/Sub Business Entity - Partnership - Registered With other Agencies' is clicked on

2018-11-15 11:09:34 - [MESSAGE][PASSED] - Object: 'Object Repository/Final Object Repo/Page_Update Employer Information/Sub Business Entity - Partnership - Registered With other Agencies' is clicked on

2018-11-15 11:09:34 - [TEST_STEP][PASSED] - delay: Delayed 3 second(s)

2018-11-15 11:09:37 - [MESSAGE][PASSED] - Delayed 3 second(s)

2018-11-15 11:09:37 - [TEST_STEP][PASSED] - delay: Delayed 4 second(s)

2018-11-15 11:09:41 - [MESSAGE][PASSED] - Delayed 4 second(s)

2018-11-15 11:09:41 - [TEST_STEP][PASSED] - click: Object: 'Object Repository/Final Object Repo/Page_Update Employer Information/Save  Continue' is clicked on

2018-11-15 11:09:46 - [MESSAGE][PASSED] - Object: 'Object Repository/Final Object Repo/Page_Update Employer Information/Save  Continue' is clicked on

2018-11-15 11:09:46 - [TEST_STEP][PASSED] - delay: Delayed 4 second(s)

2018-11-15 11:09:50 - [MESSAGE][PASSED] - Delayed 4 second(s)

2018-11-15 11:09:50 - [TEST_STEP][PASSED] - click: Object: 'Object Repository/Final Object Repo/Page_Update Employer Information/Save  Continue (1)' is clicked on

2018-11-15 11:09:54 - [MESSAGE][PASSED] - Object: 'Object Repository/Final Object Repo/Page_Update Employer Information/Save  Continue (1)' is clicked on

2018-11-15 11:09:54 - [TEST_STEP][PASSED] - Statement - CaseReferenceNo = com.kms.katalon.core.webui.keyword.WebUiBuiltInKeywords.getText(com.kms.katalon.core.testobject.ObjectRepository.findTestObject(Final Object Repo/Page_Update Employer Information/Reference Number in Update Employee Information Page)): Text of object 'Object Repository/Final Object Repo/Page_Update Employer Information/Reference Number in Update Employee Information Page' is: 'CUN112018C100005451'

2018-11-15 11:09:54 - [MESSAGE][PASSED] - Text of object 'Object Repository/Final Object Repo/Page_Update Employer Information/Reference Number in Update Employee Information Page' is: 'CUN112018C100005451'

2018-11-15 11:09:54 - [TEST_STEP][PASSED] - callTestCase: Call Test Case 'Test Cases/Final Aug 2018 - PKS Automation/Common/Reference Number Setter' successfully

2018-11-15 11:09:54 - [TEST_CASE][PASSED] - Test Cases/Final Aug 2018 - PKS Automation/Common/Reference Number Setter: Test Cases/Final Aug 2018 - PKS Automation/Common/Reference Number Setter

2018-11-15 11:09:54 - [TEST_STEP][PASSED] - Statement - RefNoOldFile = new java.io.File(C://KatalonReference.txt): null

2018-11-15 11:09:54 - [TEST_STEP][PASSED] - Statement - RefNoOldFile.delete(): null

2018-11-15 11:09:54 - [TEST_STEP][PASSED] - delay: Delayed 5 second(s)

2018-11-15 11:09:59 - [MESSAGE][PASSED] - Delayed 5 second(s)

2018-11-15 11:09:59 - [TEST_STEP][PASSED] - Statement - RefNo = new java.io.File(C://KatalonReference.txt): null

2018-11-15 11:09:59 - [TEST_STEP][PASSED] - Statement - f2 = new java.io.FileWriter(RefNo, false): null

2018-11-15 11:09:59 - [TEST_STEP][PASSED] - Statement - f2.write(CaseReferenceNo): null

2018-11-15 11:09:59 - [TEST_STEP][PASSED] - Statement - f2.close(): null

2018-11-15 11:09:59 - [TEST_STEP][PASSED] - Statement - out.println("


" + CaseReferenceNo + "


"): null

2018-11-15 11:09:59 - [MESSAGE][PASSED] - Call Test Case 'Test Cases/Final Aug 2018 - PKS Automation/Common/Reference Number Setter' successfully

2018-11-15 11:09:59 - [TEST_STEP][PASSED] - delay: Delayed 4 second(s)

2018-11-15 11:10:03 - [MESSAGE][PASSED] - Delayed 4 second(s)

2018-11-15 11:10:03 - [TEST_STEP][PASSED] - click: Object: 'Object Repository/Final Object Repo/Page_Update Employer Information/Submit - Copy' is clicked on

2018-11-15 11:10:04 - [MESSAGE][PASSED] - Object: 'Object Repository/Final Object Repo/Page_Update Employer Information/Submit - Copy' is clicked on

2018-11-15 11:10:04 - [TEST_STEP][PASSED] - delay: Delayed 2 second(s)

2018-11-15 11:10:06 - [MESSAGE][PASSED] - Delayed 2 second(s)

2018-11-15 11:10:06 - [TEST_STEP][PASSED] - click: Object: 'Object Repository/Final Object Repo/Page_Update Employer Information/Confirm' is clicked on

2018-11-15 11:10:10 - [MESSAGE][PASSED] - Object: 'Object Repository/Final Object Repo/Page_Update Employer Information/Confirm' is clicked on

2018-11-15 11:10:10 - [TEST_STEP][PASSED] - delay: Delayed 2 second(s)

2018-11-15 11:10:12 - [MESSAGE][PASSED] - Delayed 2 second(s)

2018-11-15 11:10:12 - [TEST_STEP][PASSED] - click: Object: 'Object Repository/Final Object Repo/Page_Update Employer Information/Message Your Request will be route' is clicked on

2018-11-15 11:10:13 - [MESSAGE][PASSED] - Object: 'Object Repository/Final Object Repo/Page_Update Employer Information/Message Your Request will be route' is clicked on

2018-11-15 11:10:13 - [MESSAGE][PASSED] - Call Test Case 'Test Cases/Final Aug 2018 - PKS Automation/Registration Module/Workflow/Update Employer Information/Template/Update Employer Information - Special Case (PKRBO)' successfully

2018-11-15 11:10:13 - [TEST_STEP][PASSED] - callTestCase: Call Test Case 'Test Cases/Final Aug 2018 - PKS Automation/Registration Module/Workflow/Update Employer Information/Template/Update Employer Information - Special Case - UO (Under enforcement)' successfully

2018-11-15 11:10:13 - [TEST_CASE][PASSED] - Test Cases/Final Aug 2018 - PKS Automation/Registration Module/Workflow/Update Employer Information/Template/Update Employer Information - Special Case - UO (Under enforcement): Test Cases/Final Aug 2018 - PKS Automation/Registration Module/Workflow/Update Employer Information/Template/Update Employer Information - Special Case - UO (Under enforcement)

2018-11-15 11:10:13 - [TEST_STEP][NOT_RUN] - callTestCase: NOT_RUN: callTestCase

2018-11-15 11:10:13 - [MESSAGE][NOT_RUN] - NOT_RUN: callTestCase

2018-11-15 11:10:13 - [TEST_STEP][PASSED] - delay: Delayed 1 second(s)

2018-11-15 11:10:14 - [MESSAGE][PASSED] - Delayed 1 second(s)

2018-11-15 11:10:14 - [TEST_STEP][PASSED] - navigateToUrl: Navigate to 'https://assist2-uat.perkeso.gov.my/c/portal/logout' successfully

2018-11-15 11:10:15 - [MESSAGE][PASSED] - Navigate to 'https://assist2-uat.perkeso.gov.my/c/portal/logout' successfully

2018-11-15 11:10:15 - [TEST_STEP][PASSED] - delay: Delayed 1 second(s)

2018-11-15 11:10:16 - [MESSAGE][PASSED] - Delayed 1 second(s)

2018-11-15 11:10:16 - [TEST_STEP][PASSED] - callTestCase: Call Test Case 'Test Cases/Final Aug 2018 - PKS Automation/Common/Reference Number Getter' successfully

2018-11-15 11:10:16 - [TEST_CASE][PASSED] - Test Cases/Final Aug 2018 - PKS Automation/Common/Reference Number Getter: Test Cases/Final Aug 2018 - PKS Automation/Common/Reference Number Getter

2018-11-15 11:10:16 - [TEST_STEP][PASSED] - Statement - Try: null

2018-11-15 11:10:16 - [TEST_STEP][PASSED] - Statement - RefNo = new java.io.File(C://KatalonReference.txt): null

2018-11-15 11:10:16 - [TEST_STEP][PASSED] - Statement - bufferread = new java.io.BufferedReader(new java.io.FileReader(RefNo)): null

2018-11-15 11:10:16 - [TEST_STEP][PASSED] - Statement - readedVal = bufferread.readLine(): null

2018-11-15 11:10:16 - [TEST_STEP][PASSED] - Statement - out.println(CaseReferenceNo): null

2018-11-15 11:10:16 - [TEST_STEP][PASSED] - Statement - out.println(readedVal): null

2018-11-15 11:10:16 - [TEST_STEP][PASSED] - Statement - CaseReferenceNo = "": null

2018-11-15 11:10:16 - [TEST_STEP][PASSED] - Statement - CaseReferenceNo = readedVal: null

2018-11-15 11:10:16 - [MESSAGE][PASSED] - Call Test Case 'Test Cases/Final Aug 2018 - PKS Automation/Common/Reference Number Getter' successfully

2018-11-15 11:10:16 - [TEST_STEP][PASSED] - callTestCase: Call Test Case 'Test Cases/Final Aug 2018 - PKS Automation/Common/Workflow Owner Finder' successfully

2018-11-15 11:10:16 - [TEST_CASE][PASSED] - Test Cases/Final Aug 2018 - PKS Automation/Common/Workflow Owner Finder: Test Cases/Final Aug 2018 - PKS Automation/Common/Workflow Owner Finder

2018-11-15 11:10:16 - [TEST_STEP][PASSED] - openBrowser: Browser is opened with url: ''

2018-11-15 11:10:16 - [MESSAGE][WARNING] - A browser is already opened. Closing browser and opening a new one

2018-11-15 11:10:21 - [MESSAGE][PASSED] - Browser is opened with url: ''

2018-11-15 11:10:21 - [TEST_STEP][PASSED] - navigateToUrl: Navigate to 'https://assist2-uat.perkeso.gov.my/login' successfully

2018-11-15 11:10:24 - [MESSAGE][PASSED] - Navigate to 'https://assist2-uat.perkeso.gov.my/login' successfully

2018-11-15 11:10:24 - [TEST_STEP][PASSED] - delay: Delayed 5 second(s)

2018-11-15 11:10:29 - [MESSAGE][PASSED] - Delayed 5 second(s)

2018-11-15 11:10:29 - [TEST_STEP][PASSED] - setText: Text 'test@liferay.com' is set on object 'Object Repository/Final Object Repo/Login Page/Internal User/Email Address'

2018-11-15 11:10:29 - [MESSAGE][PASSED] - Text 'test@liferay.com' is set on object 'Object Repository/Final Object Repo/Login Page/Internal User/Email Address'

2018-11-15 11:10:29 - [TEST_STEP][PASSED] - click: Object: 'Object Repository/Final Object Repo/Login Page/Internal User/Next Button' is clicked on

2018-11-15 11:10:29 - [MESSAGE][PASSED] - Object: 'Object Repository/Final Object Repo/Login Page/Internal User/Next Button' is clicked on

2018-11-15 11:10:29 - [TEST_STEP][PASSED] - delay: Delayed 2 second(s)

2018-11-15 11:10:31 - [MESSAGE][PASSED] - Delayed 2 second(s)

2018-11-15 11:10:31 - [TEST_STEP][PASSED] - setText: Text 'test' is set on object 'Object Repository/Final Object Repo/Login Page/Internal User/Password'

2018-11-15 11:10:31 - [MESSAGE][PASSED] - Text 'test' is set on object 'Object Repository/Final Object Repo/Login Page/Internal User/Password'

2018-11-15 11:10:31 - [TEST_STEP][PASSED] - delay: Delayed 2 second(s)

2018-11-15 11:10:33 - [MESSAGE][PASSED] - Delayed 2 second(s)

2018-11-15 11:10:33 - [TEST_STEP][PASSED] - click: Object: 'Object Repository/Final Object Repo/Login Page/Internal User/Login Button' is clicked on

2018-11-15 11:10:36 - [MESSAGE][PASSED] - Object: 'Object Repository/Final Object Repo/Login Page/Internal User/Login Button' is clicked on

2018-11-15 11:10:36 - [TEST_STEP][PASSED] - Statement - Try: Delayed 2 second(s)

2018-11-15 11:10:36 - [TEST_STEP][PASSED] - Statement - Checker = false: null

2018-11-15 11:10:36 - [TEST_STEP][PASSED] - Statement - Checker = com.kms.katalon.core.webui.keyword.WebUiBuiltInKeywords.verifyElementHasAttribute(com.kms.katalon.core.testobject.ObjectRepository.findTestObject(Final Object Repo/Landing Page/BM Detecting), "href", 20, OPTIONAL): Object 'Object Repository/Final Object Repo/Landing Page/BM Detecting' has attribute 'href'

2018-11-15 11:10:36 - [MESSAGE][PASSED] - Object 'Object Repository/Final Object Repo/Landing Page/BM Detecting' has attribute 'href'

2018-11-15 11:10:36 - [TEST_STEP][PASSED] - Statement - out.println(Checker): null

2018-11-15 11:10:36 - [TEST_STEP][PASSED] - Statement - If (Checker == false): null

2018-11-15 11:10:36 - [TEST_STEP][PASSED] - Statement - Else: null

2018-11-15 11:10:36 - [TEST_STEP][PASSED] - delay: Delayed 2 second(s)

2018-11-15 11:10:38 - [MESSAGE][PASSED] - Delayed 2 second(s)

2018-11-15 11:10:38 - [TEST_STEP][PASSED] - delay: Delayed 3 second(s)

2018-11-15 11:10:41 - [MESSAGE][PASSED] - Delayed 3 second(s)

2018-11-15 11:10:41 - [TEST_STEP][PASSED] - mouseOver: Object: 'Object Repository/Final Object Repo/Landing Page/WorkFlow Menu' is hovered

2018-11-15 11:10:42 - [MESSAGE][PASSED] - Object: 'Object Repository/Final Object Repo/Landing Page/WorkFlow Menu' is hovered

2018-11-15 11:10:42 - [TEST_STEP][PASSED] - delay: Delayed 2 second(s)

2018-11-15 11:10:44 - [MESSAGE][PASSED] - Delayed 2 second(s)

2018-11-15 11:10:44 - [TEST_STEP][PASSED] - click: Object: 'Object Repository/Final Object Repo/Landing Page/Select to Workflow Listing' is clicked on

2018-11-15 11:10:45 - [MESSAGE][PASSED] - Object: 'Object Repository/Final Object Repo/Landing Page/Select to Workflow Listing' is clicked on

2018-11-15 11:10:45 - [TEST_STEP][PASSED] - delay: Delayed 2 second(s)

2018-11-15 11:10:47 - [MESSAGE][PASSED] - Delayed 2 second(s)

2018-11-15 11:10:47 - [TEST_STEP][PASSED] - click: Object: 'Object Repository/Final Object Repo/WorkFlow Listing Page/Search Information - To Put Ref No' is clicked on

2018-11-15 11:10:47 - [MESSAGE][PASSED] - Object: 'Object Repository/Final Object Repo/WorkFlow Listing Page/Search Information - To Put Ref No' is clicked on

2018-11-15 11:10:47 - [TEST_STEP][PASSED] - delay: Delayed 2 second(s)

2018-11-15 11:10:49 - [MESSAGE][PASSED] - Delayed 2 second(s)

2018-11-15 11:10:49 - [TEST_STEP][PASSED] - callTestCase: Call Test Case 'Test Cases/Final Aug 2018 - PKS Automation/Common/Reference Number Getter' successfully

2018-11-15 11:10:50 - [TEST_CASE][PASSED] - Test Cases/Final Aug 2018 - PKS Automation/Common/Reference Number Getter: Test Cases/Final Aug 2018 - PKS Automation/Common/Reference Number Getter

2018-11-15 11:10:50 - [TEST_STEP][PASSED] - Statement - Try: null

2018-11-15 11:10:50 - [TEST_STEP][PASSED] - Statement - RefNo = new java.io.File(C://KatalonReference.txt): null

2018-11-15 11:10:50 - [TEST_STEP][PASSED] - Statement - bufferread = new java.io.BufferedReader(new java.io.FileReader(RefNo)): null

2018-11-15 11:10:50 - [TEST_STEP][PASSED] - Statement - readedVal = bufferread.readLine(): null

2018-11-15 11:10:50 - [TEST_STEP][PASSED] - Statement - out.println(CaseReferenceNo): null

2018-11-15 11:10:50 - [TEST_STEP][PASSED] - Statement - out.println(readedVal): null

2018-11-15 11:10:50 - [TEST_STEP][PASSED] - Statement - CaseReferenceNo = "": null

2018-11-15 11:10:50 - [TEST_STEP][PASSED] - Statement - CaseReferenceNo = readedVal: null

2018-11-15 11:10:50 - [MESSAGE][PASSED] - Call Test Case 'Test Cases/Final Aug 2018 - PKS Automation/Common/Reference Number Getter' successfully

2018-11-15 11:10:50 - [TEST_STEP][PASSED] - setText: Text 'CUN112018C100005451' is set on object 'Object Repository/Final Object Repo/WorkFlow Listing Page/Ref No Set Text'

2018-11-15 11:10:50 - [MESSAGE][PASSED] - Text 'CUN112018C100005451' is set on object 'Object Repository/Final Object Repo/WorkFlow Listing Page/Ref No Set Text'

2018-11-15 11:10:50 - [TEST_STEP][PASSED] - delay: Delayed 2 second(s)

2018-11-15 11:10:52 - [MESSAGE][PASSED] - Delayed 2 second(s)

2018-11-15 11:10:52 - [TEST_STEP][PASSED] - click: Object: 'Object Repository/Final Object Repo/WorkFlow Listing Page/Search Ref No Search Button' is clicked on

2018-11-15 11:10:54 - [MESSAGE][PASSED] - Object: 'Object Repository/Final Object Repo/WorkFlow Listing Page/Search Ref No Search Button' is clicked on

2018-11-15 11:10:54 - [TEST_STEP][PASSED] - delay: Delayed 4 second(s)

2018-11-15 11:10:58 - [MESSAGE][PASSED] - Delayed 4 second(s)

2018-11-15 11:10:58 - [TEST_STEP][PASSED] - click: Object: 'Object Repository/Final Object Repo/WorkFlow Listing Page/Click Continue Tooltip' is clicked on

2018-11-15 11:10:59 - [MESSAGE][PASSED] - Object: 'Object Repository/Final Object Repo/WorkFlow Listing Page/Click Continue Tooltip' is clicked on

2018-11-15 11:10:59 - [TEST_STEP][PASSED] - delay: Delayed 5 second(s)

2018-11-15 11:11:04 - [MESSAGE][PASSED] - Delayed 5 second(s)

2018-11-15 11:11:04 - [TEST_STEP][PASSED] - doubleClick: Object: 'Object Repository/Final Object Repo/WorkFlow Listing Page/Workflow Found - Listing 1' is double clicked on

2018-11-15 11:11:05 - [MESSAGE][PASSED] - Object: 'Object Repository/Final Object Repo/WorkFlow Listing Page/Workflow Found - Listing 1' is double clicked on

2018-11-15 11:11:05 - [TEST_STEP][PASSED] - Statement - println(OwnerID): null

2018-11-15 11:11:05 - [TEST_STEP][PASSED] - Statement - OwnerID = com.kms.katalon.core.webui.keyword.WebUiBuiltInKeywords.getText(com.kms.katalon.core.testobject.ObjectRepository.findTestObject(Final Object Repo/WorkFlow Listing Page/Workflow Found - Listing 1), STOP_ON_FAILURE): Text of object 'Object Repository/Final Object Repo/WorkFlow Listing Page/Workflow Found - Listing 1' is: 'JOHORuo2'

2018-11-15 11:11:05 - [MESSAGE][PASSED] - Text of object 'Object Repository/Final Object Repo/WorkFlow Listing Page/Workflow Found - Listing 1' is: 'JOHORuo2'

2018-11-15 11:11:05 - [TEST_STEP][PASSED] - Statement - OwnerID = OwnerID.toLowerCase() + "@gmail.com": null

2018-11-15 11:11:05 - [TEST_STEP][PASSED] - Statement - println(OwnerID): null

2018-11-15 11:11:05 - [TEST_STEP][PASSED] - delay: Delayed 2 second(s)

2018-11-15 11:11:07 - [MESSAGE][PASSED] - Delayed 2 second(s)

2018-11-15 11:11:07 - [MESSAGE][PASSED] - Call Test Case 'Test Cases/Final Aug 2018 - PKS Automation/Common/Workflow Owner Finder' successfully

2018-11-15 11:11:07 - [TEST_STEP][PASSED] - delay: Delayed 1 second(s)

2018-11-15 11:11:08 - [MESSAGE][PASSED] - Delayed 1 second(s)

2018-11-15 11:11:08 - [TEST_STEP][PASSED] - navigateToUrl: Navigate to 'https://assist2-uat.perkeso.gov.my/c/portal/logout' successfully

2018-11-15 11:11:10 - [MESSAGE][PASSED] - Navigate to 'https://assist2-uat.perkeso.gov.my/c/portal/logout' successfully

2018-11-15 11:11:10 - [TEST_STEP][PASSED] - delay: Delayed 1 second(s)

2018-11-15 11:11:11 - [MESSAGE][PASSED] - Delayed 1 second(s)

2018-11-15 11:11:11 - [TEST_STEP][PASSED] - callTestCase: Call Test Case 'Test Cases/Final Aug 2018 - PKS Automation/Registration Module/Workflow/Login and Search Case For Workflow' successfully

2018-11-15 11:11:11 - [TEST_CASE][PASSED] - Test Cases/Final Aug 2018 - PKS Automation/Registration Module/Workflow/Login and Search Case For Workflow: Test Cases/Final Aug 2018 - PKS Automation/Registration Module/Workflow/Login and Search Case For Workflow

2018-11-15 11:11:11 - [TEST_STEP][PASSED] - navigateToUrl: Navigate to 'https://assist2-uat.perkeso.gov.my/login' successfully

2018-11-15 11:11:13 - [MESSAGE][PASSED] - Navigate to 'https://assist2-uat.perkeso.gov.my/login' successfully

2018-11-15 11:11:13 - [TEST_STEP][PASSED] - setText: Text 'johoruo2@gmail.com' is set on object 'Object Repository/Final Object Repo/Login Page/Internal User/Email Address'

2018-11-15 11:11:13 - [MESSAGE][PASSED] - Text 'johoruo2@gmail.com' is set on object 'Object Repository/Final Object Repo/Login Page/Internal User/Email Address'

2018-11-15 11:11:13 - [TEST_STEP][PASSED] - click: Object: 'Object Repository/Final Object Repo/Login Page/Internal User/Next Button' is clicked on

2018-11-15 11:11:13 - [MESSAGE][PASSED] - Object: 'Object Repository/Final Object Repo/Login Page/Internal User/Next Button' is clicked on

2018-11-15 11:11:13 - [TEST_STEP][PASSED] - delay: Delayed 1 second(s)

2018-11-15 11:11:14 - [MESSAGE][PASSED] - Delayed 1 second(s)

2018-11-15 11:11:14 - [TEST_STEP][PASSED] - setEncryptedText: Text ****** has been set on object 'Object Repository/Final Object Repo/Login Page/Internal User/Password'

2018-11-15 11:11:15 - [MESSAGE][PASSED] - Text ****** has been set on object 'Object Repository/Final Object Repo/Login Page/Internal User/Password'

2018-11-15 11:11:15 - [TEST_STEP][PASSED] - click: Object: 'Object Repository/Final Object Repo/Login Page/Internal User/Login Button' is clicked on

2018-11-15 11:11:17 - [MESSAGE][PASSED] - Object: 'Object Repository/Final Object Repo/Login Page/Internal User/Login Button' is clicked on

2018-11-15 11:11:17 - [TEST_STEP][PASSED] - delay: Delayed 2 second(s)

2018-11-15 11:11:19 - [MESSAGE][PASSED] - Delayed 2 second(s)

2018-11-15 11:11:19 - [TEST_STEP][PASSED] - Statement - Try: Delayed 2 second(s)

2018-11-15 11:11:19 - [TEST_STEP][PASSED] - Statement - Checker = false: null

2018-11-15 11:11:19 - [TEST_STEP][PASSED] - Statement - Checker = com.kms.katalon.core.webui.keyword.WebUiBuiltInKeywords.verifyElementHasAttribute(com.kms.katalon.core.testobject.ObjectRepository.findTestObject(Final Object Repo/Landing Page/BM Detecting), "href", 20, OPTIONAL): Object 'Object Repository/Final Object Repo/Landing Page/BM Detecting' has attribute 'href'

2018-11-15 11:11:19 - [MESSAGE][PASSED] - Object 'Object Repository/Final Object Repo/Landing Page/BM Detecting' has attribute 'href'

2018-11-15 11:11:19 - [TEST_STEP][PASSED] - Statement - out.println(Checker): null

2018-11-15 11:11:19 - [TEST_STEP][PASSED] - Statement - If (Checker == false): null

2018-11-15 11:11:19 - [TEST_STEP][PASSED] - Statement - Else: null

2018-11-15 11:11:19 - [TEST_STEP][PASSED] - delay: Delayed 2 second(s)

2018-11-15 11:11:21 - [MESSAGE][PASSED] - Delayed 2 second(s)

2018-11-15 11:11:21 - [TEST_STEP][PASSED] - click: Object: 'Object Repository/Final Object Repo/Page_MyASSIST - ASSIST - Search Pending Case For Add Supporting Document/Search Information' is clicked on

2018-11-15 11:11:21 - [MESSAGE][PASSED] - Object: 'Object Repository/Final Object Repo/Page_MyASSIST - ASSIST - Search Pending Case For Add Supporting Document/Search Information' is clicked on

2018-11-15 11:11:21 - [TEST_STEP][PASSED] - delay: Delayed 3 second(s)

2018-11-15 11:11:24 - [MESSAGE][PASSED] - Delayed 3 second(s)

2018-11-15 11:11:24 - [TEST_STEP][PASSED] - sendKeys: Keys 'CUN112018C100005451' sent to object: 'Object Repository/Final Object Repo/Page_MyASSIST - ASSIST - Search Pending Case For Add Supporting Document/Reference No'

2018-11-15 11:11:25 - [MESSAGE][PASSED] - Keys 'CUN112018C100005451' sent to object: 'Object Repository/Final Object Repo/Page_MyASSIST - ASSIST - Search Pending Case For Add Supporting Document/Reference No'

2018-11-15 11:11:25 - [TEST_STEP][PASSED] - click: Object: 'Object Repository/Final Object Repo/Page_MyASSIST - ASSIST - Search Pending Case For Add Supporting Document/Search Reference No' is clicked on

2018-11-15 11:11:26 - [MESSAGE][PASSED] - Object: 'Object Repository/Final Object Repo/Page_MyASSIST - ASSIST - Search Pending Case For Add Supporting Document/Search Reference No' is clicked on

2018-11-15 11:11:26 - [TEST_STEP][PASSED] - delay: Delayed 2 second(s)

2018-11-15 11:11:28 - [MESSAGE][PASSED] - Delayed 2 second(s)

2018-11-15 11:11:28 - [TEST_STEP][PASSED] - click: Object: 'Object Repository/Final Object Repo/Page_MyASSIST - ASSIST - Search Pending Case For Add Supporting Document/Continue' is clicked on

2018-11-15 11:11:33 - [MESSAGE][PASSED] - Object: 'Object Repository/Final Object Repo/Page_MyASSIST - ASSIST - Search Pending Case For Add Supporting Document/Continue' is clicked on

2018-11-15 11:11:33 - [TEST_STEP][PASSED] - delay: Delayed 20 second(s)

2018-11-15 11:11:53 - [MESSAGE][PASSED] - Delayed 20 second(s)

2018-11-15 11:11:53 - [MESSAGE][PASSED] - Call Test Case 'Test Cases/Final Aug 2018 - PKS Automation/Registration Module/Workflow/Login and Search Case For Workflow' successfully

2018-11-15 11:11:53 - [TEST_STEP][PASSED] - delay: Delayed 2 second(s)

2018-11-15 11:11:55 - [MESSAGE][PASSED] - Delayed 2 second(s)

2018-11-15 11:11:55 - [TEST_STEP][PASSED] - click: Object: 'Object Repository/Final Object Repo/Page_Update Employer Information/Page_Update Employer Information UO (Approve)/Continue' is clicked on

2018-11-15 11:12:00 - [MESSAGE][PASSED] - Object: 'Object Repository/Final Object Repo/Page_Update Employer Information/Page_Update Employer Information UO (Approve)/Continue' is clicked on

2018-11-15 11:12:00 - [TEST_STEP][PASSED] - delay: Delayed 2 second(s)

2018-11-15 11:12:02 - [MESSAGE][PASSED] - Delayed 2 second(s)

2018-11-15 11:12:02 - [TEST_STEP][PASSED] - click: Object: 'Object Repository/Final Object Repo/Page_Update Employer Information/Page_Update Employer Information UO (Approve)/Save  Continue in Update Employer Information Page' is clicked on

2018-11-15 11:12:07 - [MESSAGE][PASSED] - Object: 'Object Repository/Final Object Repo/Page_Update Employer Information/Page_Update Employer Information UO (Approve)/Save  Continue in Update Employer Information Page' is clicked on

2018-11-15 11:12:07 - [TEST_STEP][PASSED] - delay: Delayed 2 second(s)

2018-11-15 11:12:09 - [MESSAGE][PASSED] - Delayed 2 second(s)

2018-11-15 11:12:09 - [TEST_STEP][PASSED] - click: Object: 'Object Repository/Final Object Repo/Page_Update Employer Information/Page_Update Employer Information UO (Approve)/Save  Continue in Uploading Supporting Document Page' is clicked on

2018-11-15 11:12:14 - [MESSAGE][PASSED] - Object: 'Object Repository/Final Object Repo/Page_Update Employer Information/Page_Update Employer Information UO (Approve)/Save  Continue in Uploading Supporting Document Page' is clicked on

2018-11-15 11:12:14 - [TEST_STEP][PASSED] - delay: Delayed 2 second(s)

2018-11-15 11:12:16 - [MESSAGE][PASSED] - Delayed 2 second(s)

2018-11-15 11:12:16 - [TEST_STEP][PASSED] - click: Object: 'Object Repository/Final Object Repo/Page_Update Employer Information/Page_Update Employer Information UO (Under enforcement)/Under enforcement' is clicked on

2018-11-15 11:12:16 - [MESSAGE][PASSED] - Object: 'Object Repository/Final Object Repo/Page_Update Employer Information/Page_Update Employer Information UO (Under enforcement)/Under enforcement' is clicked on

2018-11-15 11:12:16 - [TEST_STEP][PASSED] - delay: Delayed 2 second(s)

2018-11-15 11:12:18 - [MESSAGE][PASSED] - Delayed 2 second(s)

2018-11-15 11:12:18 - [TEST_STEP][PASSED] - setText: Text 'remark' is set on object 'Object Repository/Final Object Repo/Page_Update Employer Information/Page_Update Employer Information UO (Under enforcement)/Under enforcement - remark'

2018-11-15 11:12:18 - [MESSAGE][PASSED] - Text 'remark' is set on object 'Object Repository/Final Object Repo/Page_Update Employer Information/Page_Update Employer Information UO (Under enforcement)/Under enforcement - remark'

2018-11-15 11:12:18 - [TEST_STEP][PASSED] - delay: Delayed 2 second(s)

2018-11-15 11:12:20 - [MESSAGE][PASSED] - Delayed 2 second(s)

2018-11-15 11:12:20 - [TEST_STEP][PASSED] - click: Object: 'Object Repository/Final Object Repo/Page_Update Employer Information/Page_Update Employer Information UO (Under enforcement)/Save  Continue in Under enfocement Page' is clicked on

2018-11-15 11:12:24 - [MESSAGE][PASSED] - Object: 'Object Repository/Final Object Repo/Page_Update Employer Information/Page_Update Employer Information UO (Under enforcement)/Save  Continue in Under enfocement Page' is clicked on

2018-11-15 11:12:24 - [TEST_STEP][PASSED] - delay: Delayed 2 second(s)

2018-11-15 11:12:26 - [MESSAGE][PASSED] - Delayed 2 second(s)

2018-11-15 11:12:26 - [TEST_STEP][PASSED] - doubleClick: Object: 'Object Repository/Final Object Repo/Page_Update Employer Information/Page_Update Employer Information UO (Under enforcement)/Message The case is under enforceme' is double clicked on

2018-11-15 11:12:26 - [MESSAGE][PASSED] - Object: 'Object Repository/Final Object Repo/Page_Update Employer Information/Page_Update Employer Information UO (Under enforcement)/Message The case is under enforceme' is double clicked on

2018-11-15 11:12:26 - [MESSAGE][PASSED] - Call Test Case 'Test Cases/Final Aug 2018 - PKS Automation/Registration Module/Workflow/Update Employer Information/Template/Update Employer Information - Special Case - UO (Under enforcement)' successfully]]></system-out>
         <system-err><![CDATA[]]></system-err>
      </testcase>
      <system-out><![CDATA[2018-11-15 10:09:21 - [TEST_SUITE][PASSED] - Update Employer Information: Test Cases/Final Aug 2018 - PKS Automation/Registration Module/Workflow/Update Employer Information/PKRBO - UO (Under enforcement)]]></system-out>
      <system-err><![CDATA[]]></system-err>
   </testsuite>
</testsuites>
