<?xml version="1.0" encoding="UTF-8"?>
<testsuites name="Form 3 EIS - Cessation as Employer" time="3762" tests="11" failures="1" errors="0">
   <testsuite name="Form 3 EIS - Cessation as Employer" tests="11" failures="1" errors="0" time="3762" timestamp="2018-12-17 14:04:35" hostname="Admin - Win7Test02" id="Test Suites/Workflow/Form 3 EIS - Cessation as Employer">
      <properties>
         <property name="deviceName" value=""/>
         <property name="devicePlatform" value=""/>
         <property name="logFolder" value="C:\\Users\\Admin\\Desktop\\PKS\\Perkeso Phase A\\Reports\\Workflow\\Form 3 EIS - Cessation as Employer\\20181217_140432"/>
         <property name="logFiles" value="C:\\Users\\Admin\\Desktop\\PKS\\Perkeso Phase A\\Reports\\Workflow\\Form 3 EIS - Cessation as Employer\\20181217_140432\\execution0.log"/>
         <property name="attachments" value="C:\\Users\\Admin\\Desktop\\PKS\\Perkeso Phase A\\Reports\\Workflow\\Form 3 EIS - Cessation as Employer\\20181217_140432\\1545028967574.png, C:\\Users\\Admin\\Desktop\\PKS\\Perkeso Phase A\\Reports\\Workflow\\Form 3 EIS - Cessation as Employer\\20181217_140432\\1545029002270.png, C:\\Users\\Admin\\Desktop\\PKS\\Perkeso Phase A\\Reports\\Workflow\\Form 3 EIS - Cessation as Employer\\20181217_140432\\1545029037343.png, C:\\Users\\Admin\\Desktop\\PKS\\Perkeso Phase A\\Reports\\Workflow\\Form 3 EIS - Cessation as Employer\\20181217_140432\\1545029075903.png, C:\\Users\\Admin\\Desktop\\PKS\\Perkeso Phase A\\Reports\\Workflow\\Form 3 EIS - Cessation as Employer\\20181217_140432\\1545029109734.png, C:\\Users\\Admin\\Desktop\\PKS\\Perkeso Phase A\\Reports\\Workflow\\Form 3 EIS - Cessation as Employer\\20181217_140432\\1545029144716.png, C:\\Users\\Admin\\Desktop\\PKS\\Perkeso Phase A\\Reports\\Workflow\\Form 3 EIS - Cessation as Employer\\20181217_140432\\1545029180730.png, C:\\Users\\Admin\\Desktop\\PKS\\Perkeso Phase A\\Reports\\Workflow\\Form 3 EIS - Cessation as Employer\\20181217_140432\\1545029215414.png"/>
         <property name="hostName" value="Admin - Win7Test02"/>
         <property name="os" value="Windows 7 64bit"/>
         <property name="katalonVersion" value="5.8.6.1"/>
         <property name="browser" value="Chrome 71.0.3578.98"/>
         <property name="hostAddress" value="10.20.3.72"/>
         <property name="sessionId" value="82cc09c10d706a91d583d9269ecc413a"/>
         <property name="seleniumVersion" value="3.7.1"/>
         <property name="proxyInformation" value="ProxyInformation{proxyOption=NO_PROXY, proxyServerType=HTTP, password=, proxyServerAddress=, proxyServerPort=0}"/>
         <property name="platform" value="Windows 7"/>
      </properties>
      <testcase name="Test Cases/Final Aug 2018 - PKS Automation/Registration Module/Workflow/Form 3 EIS - Cessation As Employer/Employer to UO (Approve)" classname="Test Cases/Final Aug 2018 - PKS Automation/Registration Module/Workflow/Form 3 EIS - Cessation As Employer/Employer to UO (Approve)" status="PASSED">
         <system-out><![CDATA[2018-12-17 14:04:35 - [TEST_CASE][PASSED] - Test Cases/Final Aug 2018 - PKS Automation/Registration Module/Workflow/Form 3 EIS - Cessation As Employer/Employer to UO (Approve): Test Cases/Final Aug 2018 - PKS Automation/Registration Module/Workflow/Form 3 EIS - Cessation As Employer/Employer to UO (Approve)

2018-12-17 14:04:35 - [TEST_STEP][PASSED] - callTestCase: Call Test Case 'Test Cases/Final Aug 2018 - PKS Automation/Registration Module/Workflow/Form 3 EIS - Cessation As Employer/Template/Form 3 A - Cessation As Employer (Employer)' successfully

2018-12-17 14:04:36 - [TEST_CASE][PASSED] - Test Cases/Final Aug 2018 - PKS Automation/Registration Module/Workflow/Form 3 EIS - Cessation As Employer/Template/Form 3 A - Cessation As Employer (Employer): Test Cases/Final Aug 2018 - PKS Automation/Registration Module/Workflow/Form 3 EIS - Cessation As Employer/Template/Form 3 A - Cessation As Employer (Employer)

2018-12-17 14:04:36 - [TEST_STEP][PASSED] - callTestCase: Call Test Case 'Test Cases/Final Aug 2018 - PKS Automation/Registration Module/Workflow/Update Add New Employee/Template/New Company for Update Add New - Employer' successfully

2018-12-17 14:04:36 - [TEST_CASE][PASSED] - Test Cases/Final Aug 2018 - PKS Automation/Registration Module/Workflow/Update Add New Employee/Template/New Company for Update Add New - Employer: Test Cases/Final Aug 2018 - PKS Automation/Registration Module/Workflow/Update Add New Employee/Template/New Company for Update Add New - Employer

2018-12-17 14:04:36 - [TEST_STEP][PASSED] - callTestCase: Call Test Case 'Test Cases/Final Aug 2018 - PKS Automation/Create Employer Acc/Create Employer Account' successfully

2018-12-17 14:04:36 - [TEST_CASE][PASSED] - Test Cases/Final Aug 2018 - PKS Automation/Create Employer Acc/Create Employer Account: Test Cases/Final Aug 2018 - PKS Automation/Create Employer Acc/Create Employer Account

2018-12-17 14:04:36 - [TEST_STEP][PASSED] - callTestCase: Call Test Case 'Test Cases/Final Aug 2018 - PKS Automation/Create Employer Acc/Template/Register Employer' successfully

2018-12-17 14:04:36 - [TEST_CASE][PASSED] - Test Cases/Final Aug 2018 - PKS Automation/Create Employer Acc/Template/Register Employer: Test Cases/Final Aug 2018 - PKS Automation/Create Employer Acc/Template/Register Employer

2018-12-17 14:04:37 - [TEST_STEP][PASSED] - openBrowser: Browser is opened with url: ''

2018-12-17 14:04:40 - [MESSAGE][PASSED] - Browser is opened with url: ''

2018-12-17 14:04:40 - [TEST_STEP][PASSED] - navigateToUrl: Navigate to 'https://assist2-uat.perkeso.gov.my/login' successfully

2018-12-17 14:04:42 - [MESSAGE][PASSED] - Navigate to 'https://assist2-uat.perkeso.gov.my/login' successfully

2018-12-17 14:04:42 - [TEST_STEP][PASSED] - setText: Text 'johorotc1@gmail.com' is set on object 'Object Repository/Final Object Repo/Login Page/Internal User/Email Address'

2018-12-17 14:04:42 - [MESSAGE][PASSED] - Text 'johorotc1@gmail.com' is set on object 'Object Repository/Final Object Repo/Login Page/Internal User/Email Address'

2018-12-17 14:04:42 - [TEST_STEP][PASSED] - click: Object: 'Object Repository/Final Object Repo/Login Page/Internal User/Next Button' is clicked on

2018-12-17 14:04:42 - [MESSAGE][PASSED] - Object: 'Object Repository/Final Object Repo/Login Page/Internal User/Next Button' is clicked on

2018-12-17 14:04:42 - [TEST_STEP][PASSED] - delay: Delayed 1 second(s)

2018-12-17 14:04:43 - [MESSAGE][PASSED] - Delayed 1 second(s)

2018-12-17 14:04:43 - [TEST_STEP][PASSED] - setEncryptedText: Text ****** has been set on object 'Object Repository/Final Object Repo/Login Page/Internal User/Password'

2018-12-17 14:04:44 - [MESSAGE][PASSED] - Text ****** has been set on object 'Object Repository/Final Object Repo/Login Page/Internal User/Password'

2018-12-17 14:04:44 - [TEST_STEP][PASSED] - click: Object: 'Object Repository/Final Object Repo/Login Page/Internal User/Login Button' is clicked on

2018-12-17 14:04:44 - [MESSAGE][PASSED] - Object: 'Object Repository/Final Object Repo/Login Page/Internal User/Login Button' is clicked on

2018-12-17 14:04:44 - [TEST_STEP][PASSED] - delay: Delayed 1 second(s)

2018-12-17 14:04:45 - [MESSAGE][PASSED] - Delayed 1 second(s)

2018-12-17 14:04:45 - [TEST_STEP][PASSED] - navigateToUrl: Navigate to 'https://assist2-uat.perkeso.gov.my/web/base/portal-id/registration' successfully

2018-12-17 14:04:47 - [MESSAGE][PASSED] - Navigate to 'https://assist2-uat.perkeso.gov.my/web/base/portal-id/registration' successfully

2018-12-17 14:04:47 - [TEST_STEP][PASSED] - setText: Text 'AUTOMATION EMPLOYER' is set on object 'Object Repository/Final Object Repo/Creating Employer Account/Page_Registration - ASSIST (Base)/Employer Name'

2018-12-17 14:04:47 - [MESSAGE][PASSED] - Text 'AUTOMATION EMPLOYER' is set on object 'Object Repository/Final Object Repo/Creating Employer Account/Page_Registration - ASSIST (Base)/Employer Name'

2018-12-17 14:04:47 - [TEST_STEP][PASSED] - delay: Delayed 2 second(s)

2018-12-17 14:04:49 - [MESSAGE][PASSED] - Delayed 2 second(s)

2018-12-17 14:04:49 - [TEST_STEP][PASSED] - click: Object: 'Object Repository/Final Object Repo/Creating Employer Account/Page_Registration - ASSIST (Base)/Registration Type' is clicked on

2018-12-17 14:04:50 - [MESSAGE][PASSED] - Object: 'Object Repository/Final Object Repo/Creating Employer Account/Page_Registration - ASSIST (Base)/Registration Type' is clicked on

2018-12-17 14:04:50 - [TEST_STEP][PASSED] - delay: Delayed 2 second(s)

2018-12-17 14:04:52 - [MESSAGE][PASSED] - Delayed 2 second(s)

2018-12-17 14:04:52 - [TEST_STEP][PASSED] - click: Object: 'Object Repository/Final Object Repo/Creating Employer Account/Page_Registration - ASSIST (Base)/Registration Type - Registration No' is clicked on

2018-12-17 14:04:52 - [MESSAGE][PASSED] - Object: 'Object Repository/Final Object Repo/Creating Employer Account/Page_Registration - ASSIST (Base)/Registration Type - Registration No' is clicked on

2018-12-17 14:04:52 - [TEST_STEP][PASSED] - delay: Delayed 2 second(s)

2018-12-17 14:04:54 - [MESSAGE][PASSED] - Delayed 2 second(s)

2018-12-17 14:04:54 - [TEST_STEP][PASSED] - setText: Text 'AUTOMATE001' is set on object 'Object Repository/Final Object Repo/Creating Employer Account/Page_Registration - ASSIST (Base)/Registration Number'

2018-12-17 14:04:54 - [MESSAGE][PASSED] - Text 'AUTOMATE001' is set on object 'Object Repository/Final Object Repo/Creating Employer Account/Page_Registration - ASSIST (Base)/Registration Number'

2018-12-17 14:04:54 - [TEST_STEP][PASSED] - delay: Delayed 2 second(s)

2018-12-17 14:04:56 - [MESSAGE][PASSED] - Delayed 2 second(s)

2018-12-17 14:04:56 - [TEST_STEP][PASSED] - setText: Text 'ADDRESS 1' is set on object 'Object Repository/Final Object Repo/Creating Employer Account/Page_Registration - ASSIST (Base)/Postal Address 1'

2018-12-17 14:04:57 - [MESSAGE][PASSED] - Text 'ADDRESS 1' is set on object 'Object Repository/Final Object Repo/Creating Employer Account/Page_Registration - ASSIST (Base)/Postal Address 1'

2018-12-17 14:04:57 - [TEST_STEP][PASSED] - setText: Text 'ADDRESS 2' is set on object 'Object Repository/Final Object Repo/Creating Employer Account/Page_Registration - ASSIST (Base)/Postal Address 2'

2018-12-17 14:04:57 - [MESSAGE][PASSED] - Text 'ADDRESS 2' is set on object 'Object Repository/Final Object Repo/Creating Employer Account/Page_Registration - ASSIST (Base)/Postal Address 2'

2018-12-17 14:04:57 - [TEST_STEP][PASSED] - click: Object: 'Object Repository/Final Object Repo/Creating Employer Account/Page_Registration - ASSIST (Base)/State' is clicked on

2018-12-17 14:04:57 - [MESSAGE][PASSED] - Object: 'Object Repository/Final Object Repo/Creating Employer Account/Page_Registration - ASSIST (Base)/State' is clicked on

2018-12-17 14:04:57 - [TEST_STEP][PASSED] - delay: Delayed 2 second(s)

2018-12-17 14:04:59 - [MESSAGE][PASSED] - Delayed 2 second(s)

2018-12-17 14:04:59 - [TEST_STEP][PASSED] - click: Object: 'Object Repository/Final Object Repo/Creating Employer Account/Page_Registration - ASSIST (Base)/State - Johor' is clicked on

2018-12-17 14:04:59 - [MESSAGE][PASSED] - Object: 'Object Repository/Final Object Repo/Creating Employer Account/Page_Registration - ASSIST (Base)/State - Johor' is clicked on

2018-12-17 14:04:59 - [TEST_STEP][PASSED] - delay: Delayed 2 second(s)

2018-12-17 14:05:01 - [MESSAGE][PASSED] - Delayed 2 second(s)

2018-12-17 14:05:01 - [TEST_STEP][PASSED] - click: Object: 'Object Repository/Final Object Repo/Creating Employer Account/Page_Registration - ASSIST (Base)/City' is clicked on

2018-12-17 14:05:02 - [MESSAGE][PASSED] - Object: 'Object Repository/Final Object Repo/Creating Employer Account/Page_Registration - ASSIST (Base)/City' is clicked on

2018-12-17 14:05:02 - [TEST_STEP][PASSED] - delay: Delayed 2 second(s)

2018-12-17 14:05:04 - [MESSAGE][PASSED] - Delayed 2 second(s)

2018-12-17 14:05:04 - [TEST_STEP][PASSED] - setText: Text 'joh' is set on object 'Object Repository/Final Object Repo/Creating Employer Account/Page_Registration - ASSIST (Base)/City - joh'

2018-12-17 14:05:04 - [MESSAGE][PASSED] - Text 'joh' is set on object 'Object Repository/Final Object Repo/Creating Employer Account/Page_Registration - ASSIST (Base)/City - joh'

2018-12-17 14:05:04 - [TEST_STEP][PASSED] - delay: Delayed 2 second(s)

2018-12-17 14:05:06 - [MESSAGE][PASSED] - Delayed 2 second(s)

2018-12-17 14:05:06 - [TEST_STEP][PASSED] - click: Object: 'Object Repository/Final Object Repo/Creating Employer Account/Page_Registration - ASSIST (Base)/City - Johor Bharu' is clicked on

2018-12-17 14:05:06 - [MESSAGE][PASSED] - Object: 'Object Repository/Final Object Repo/Creating Employer Account/Page_Registration - ASSIST (Base)/City - Johor Bharu' is clicked on

2018-12-17 14:05:06 - [TEST_STEP][PASSED] - delay: Delayed 2 second(s)

2018-12-17 14:05:08 - [MESSAGE][PASSED] - Delayed 2 second(s)

2018-12-17 14:05:08 - [TEST_STEP][PASSED] - click: Object: 'Object Repository/Final Object Repo/Creating Employer Account/Page_Registration - ASSIST (Base)/Post Code' is clicked on

2018-12-17 14:05:08 - [MESSAGE][PASSED] - Object: 'Object Repository/Final Object Repo/Creating Employer Account/Page_Registration - ASSIST (Base)/Post Code' is clicked on

2018-12-17 14:05:08 - [TEST_STEP][PASSED] - delay: Delayed 2 second(s)

2018-12-17 14:05:10 - [MESSAGE][PASSED] - Delayed 2 second(s)

2018-12-17 14:05:10 - [TEST_STEP][PASSED] - setText: Text '810' is set on object 'Object Repository/Final Object Repo/Creating Employer Account/Page_Registration - ASSIST (Base)/Post Code - 810'

2018-12-17 14:05:10 - [MESSAGE][PASSED] - Text '810' is set on object 'Object Repository/Final Object Repo/Creating Employer Account/Page_Registration - ASSIST (Base)/Post Code - 810'

2018-12-17 14:05:10 - [TEST_STEP][PASSED] - delay: Delayed 2 second(s)

2018-12-17 14:05:12 - [MESSAGE][PASSED] - Delayed 2 second(s)

2018-12-17 14:05:12 - [TEST_STEP][PASSED] - click: Object: 'Object Repository/Final Object Repo/Creating Employer Account/Page_Registration - ASSIST (Base)/Post Code - 81000' is clicked on

2018-12-17 14:05:13 - [MESSAGE][PASSED] - Object: 'Object Repository/Final Object Repo/Creating Employer Account/Page_Registration - ASSIST (Base)/Post Code - 81000' is clicked on

2018-12-17 14:05:13 - [TEST_STEP][PASSED] - delay: Delayed 2 second(s)

2018-12-17 14:05:15 - [MESSAGE][PASSED] - Delayed 2 second(s)

2018-12-17 14:05:15 - [TEST_STEP][PASSED] - setText: Text 'PERKESO' is set on object 'Object Repository/Final Object Repo/Creating Employer Account/Page_Registration - ASSIST (Base)/Full Name'

2018-12-17 14:05:15 - [MESSAGE][PASSED] - Text 'PERKESO' is set on object 'Object Repository/Final Object Repo/Creating Employer Account/Page_Registration - ASSIST (Base)/Full Name'

2018-12-17 14:05:15 - [TEST_STEP][PASSED] - Statement - rnd = new java.util.Random(): null

2018-12-17 14:05:15 - [TEST_STEP][PASSED] - Statement - snum = rnd.nextInt(899999 + 1) + 100000: null

2018-12-17 14:05:15 - [TEST_STEP][PASSED] - Statement - tnum = rnd.nextInt(899999 + 1) + 100000: null

2018-12-17 14:05:15 - [TEST_STEP][PASSED] - Statement - IC = java.lang.Integer.toString(snum) + java.lang.Integer.toString(tnum): null

2018-12-17 14:05:15 - [TEST_STEP][PASSED] - Statement - out.println(IC): null

2018-12-17 14:05:15 - [TEST_STEP][PASSED] - setText: Text '296872329760' is set on object 'Object Repository/Final Object Repo/Creating Employer Account/Page_Registration - ASSIST (Base)/Identification Number'

2018-12-17 14:05:15 - [MESSAGE][PASSED] - Text '296872329760' is set on object 'Object Repository/Final Object Repo/Creating Employer Account/Page_Registration - ASSIST (Base)/Identification Number'

2018-12-17 14:05:15 - [TEST_STEP][PASSED] - delay: Delayed 2 second(s)

2018-12-17 14:05:17 - [MESSAGE][PASSED] - Delayed 2 second(s)

2018-12-17 14:05:17 - [TEST_STEP][PASSED] - setText: Text '123456789012' is set on object 'Object Repository/Final Object Repo/Creating Employer Account/Page_Registration - ASSIST (Base)/Contact Number'

2018-12-17 14:05:18 - [MESSAGE][PASSED] - Text '123456789012' is set on object 'Object Repository/Final Object Repo/Creating Employer Account/Page_Registration - ASSIST (Base)/Contact Number'

2018-12-17 14:05:18 - [TEST_STEP][PASSED] - Statement - Email = "perkeso" + IC + "@gmail.com": null

2018-12-17 14:05:18 - [TEST_STEP][PASSED] - delay: Delayed 2 second(s)

2018-12-17 14:05:20 - [MESSAGE][PASSED] - Delayed 2 second(s)

2018-12-17 14:05:20 - [TEST_STEP][PASSED] - callTestCase: Call Test Case 'Test Cases/Final Aug 2018 - PKS Automation/Create Employer Acc/Template/Employer Email Settler' successfully

2018-12-17 14:05:20 - [TEST_CASE][PASSED] - Test Cases/Final Aug 2018 - PKS Automation/Create Employer Acc/Template/Employer Email Settler: Test Cases/Final Aug 2018 - PKS Automation/Create Employer Acc/Template/Employer Email Settler

2018-12-17 14:05:20 - [TEST_STEP][PASSED] - Statement - EmpEmailOld = new java.io.File(C://Users//Admin//Desktop//PKS//Automation Reference Point//EmpEmail.txt): null

2018-12-17 14:05:20 - [TEST_STEP][PASSED] - Statement - EmpEmailOld.delete(): null

2018-12-17 14:05:20 - [TEST_STEP][PASSED] - delay: Delayed 5 second(s)

2018-12-17 14:05:25 - [MESSAGE][PASSED] - Delayed 5 second(s)

2018-12-17 14:05:25 - [TEST_STEP][PASSED] - Statement - EmpEmail = new java.io.File(C://Users//Admin//Desktop//PKS//Automation Reference Point//EmpEmail.txt): null

2018-12-17 14:05:25 - [TEST_STEP][PASSED] - Statement - f2 = new java.io.FileWriter(EmpEmail, false): null

2018-12-17 14:05:25 - [TEST_STEP][PASSED] - Statement - f2.write(Email): null

2018-12-17 14:05:25 - [TEST_STEP][PASSED] - Statement - f2.close(): null

2018-12-17 14:05:25 - [TEST_STEP][PASSED] - Statement - out.println(Email): null

2018-12-17 14:05:25 - [MESSAGE][PASSED] - Call Test Case 'Test Cases/Final Aug 2018 - PKS Automation/Create Employer Acc/Template/Employer Email Settler' successfully

2018-12-17 14:05:25 - [TEST_STEP][PASSED] - delay: Delayed 2 second(s)

2018-12-17 14:05:27 - [MESSAGE][PASSED] - Delayed 2 second(s)

2018-12-17 14:05:27 - [TEST_STEP][PASSED] - setText: Text 'perkeso296872329760@gmail.com' is set on object 'Object Repository/Final Object Repo/Creating Employer Account/Page_Registration - ASSIST (Base)/Email'

2018-12-17 14:05:28 - [MESSAGE][PASSED] - Text 'perkeso296872329760@gmail.com' is set on object 'Object Repository/Final Object Repo/Creating Employer Account/Page_Registration - ASSIST (Base)/Email'

2018-12-17 14:05:28 - [TEST_STEP][PASSED] - setText: Text '123' is set on object 'Object Repository/Final Object Repo/Creating Employer Account/Page_Registration - ASSIST (Base)/Security Phase'

2018-12-17 14:05:28 - [MESSAGE][PASSED] - Text '123' is set on object 'Object Repository/Final Object Repo/Creating Employer Account/Page_Registration - ASSIST (Base)/Security Phase'

2018-12-17 14:05:28 - [TEST_STEP][PASSED] - click: Object: 'Object Repository/Final Object Repo/Creating Employer Account/Page_Registration - ASSIST (Base)/Save  Continue' is clicked on

2018-12-17 14:05:28 - [MESSAGE][PASSED] - Object: 'Object Repository/Final Object Repo/Creating Employer Account/Page_Registration - ASSIST (Base)/Save  Continue' is clicked on

2018-12-17 14:05:28 - [TEST_STEP][PASSED] - delay: Delayed 2 second(s)

2018-12-17 14:05:30 - [MESSAGE][PASSED] - Delayed 2 second(s)

2018-12-17 14:05:30 - [TEST_STEP][PASSED] - click: Object: 'Object Repository/Final Object Repo/Creating Employer Account/Page_Registration - ASSIST (Base)/Add Document' is clicked on

2018-12-17 14:05:31 - [MESSAGE][PASSED] - Object: 'Object Repository/Final Object Repo/Creating Employer Account/Page_Registration - ASSIST (Base)/Add Document' is clicked on

2018-12-17 14:05:31 - [TEST_STEP][PASSED] - delay: Delayed 2 second(s)

2018-12-17 14:05:33 - [MESSAGE][PASSED] - Delayed 2 second(s)

2018-12-17 14:05:33 - [TEST_STEP][PASSED] - click: Object: 'Object Repository/Final Object Repo/Creating Employer Account/Page_Registration - ASSIST (Base)/Document Type' is clicked on

2018-12-17 14:05:33 - [MESSAGE][PASSED] - Object: 'Object Repository/Final Object Repo/Creating Employer Account/Page_Registration - ASSIST (Base)/Document Type' is clicked on

2018-12-17 14:05:33 - [TEST_STEP][PASSED] - delay: Delayed 2 second(s)

2018-12-17 14:05:35 - [MESSAGE][PASSED] - Delayed 2 second(s)

2018-12-17 14:05:35 - [TEST_STEP][PASSED] - click: Object: 'Object Repository/Final Object Repo/Creating Employer Account/Page_Registration - ASSIST (Base)/Document Type - Letter of Authorization' is clicked on

2018-12-17 14:05:35 - [MESSAGE][PASSED] - Object: 'Object Repository/Final Object Repo/Creating Employer Account/Page_Registration - ASSIST (Base)/Document Type - Letter of Authorization' is clicked on

2018-12-17 14:05:35 - [TEST_STEP][PASSED] - delay: Delayed 2 second(s)

2018-12-17 14:05:37 - [MESSAGE][PASSED] - Delayed 2 second(s)

2018-12-17 14:05:37 - [TEST_STEP][PASSED] - sendKeys: Keys 'C:\Users\Public\Pictures\Sample Pictures\Koala.jpg' sent to object: 'Object Repository/Final Object Repo/Creating Employer Account/Page_Registration - ASSIST (Base)/Uploading File'

2018-12-17 14:05:37 - [MESSAGE][PASSED] - Keys 'C:\Users\Public\Pictures\Sample Pictures\Koala.jpg' sent to object: 'Object Repository/Final Object Repo/Creating Employer Account/Page_Registration - ASSIST (Base)/Uploading File'

2018-12-17 14:05:37 - [TEST_STEP][PASSED] - delay: Delayed 2 second(s)

2018-12-17 14:05:39 - [MESSAGE][PASSED] - Delayed 2 second(s)

2018-12-17 14:05:39 - [TEST_STEP][PASSED] - click: Object: 'Object Repository/Final Object Repo/Creating Employer Account/Page_Registration - ASSIST (Base)/Add Document in Uploading File' is clicked on

2018-12-17 14:05:39 - [MESSAGE][PASSED] - Object: 'Object Repository/Final Object Repo/Creating Employer Account/Page_Registration - ASSIST (Base)/Add Document in Uploading File' is clicked on

2018-12-17 14:05:39 - [TEST_STEP][PASSED] - delay: Delayed 2 second(s)

2018-12-17 14:05:41 - [MESSAGE][PASSED] - Delayed 2 second(s)

2018-12-17 14:05:41 - [TEST_STEP][PASSED] - click: Object: 'Object Repository/Final Object Repo/Creating Employer Account/Page_Registration - ASSIST (Base)/Save' is clicked on

2018-12-17 14:05:42 - [MESSAGE][PASSED] - Object: 'Object Repository/Final Object Repo/Creating Employer Account/Page_Registration - ASSIST (Base)/Save' is clicked on

2018-12-17 14:05:42 - [TEST_STEP][PASSED] - delay: Delayed 2 second(s)

2018-12-17 14:05:44 - [MESSAGE][PASSED] - Delayed 2 second(s)

2018-12-17 14:05:44 - [TEST_STEP][PASSED] - click: Object: 'Object Repository/Final Object Repo/Creating Employer Account/Page_Registration - ASSIST (Base)/Submit' is clicked on

2018-12-17 14:05:44 - [MESSAGE][PASSED] - Object: 'Object Repository/Final Object Repo/Creating Employer Account/Page_Registration - ASSIST (Base)/Submit' is clicked on

2018-12-17 14:05:44 - [TEST_STEP][PASSED] - delay: Delayed 2 second(s)

2018-12-17 14:05:46 - [MESSAGE][PASSED] - Delayed 2 second(s)

2018-12-17 14:05:46 - [TEST_STEP][PASSED] - click: Object: 'Object Repository/Final Object Repo/Creating Employer Account/Page_Registration - ASSIST (Base)/Confirm' is clicked on

2018-12-17 14:05:46 - [MESSAGE][PASSED] - Object: 'Object Repository/Final Object Repo/Creating Employer Account/Page_Registration - ASSIST (Base)/Confirm' is clicked on

2018-12-17 14:05:46 - [MESSAGE][PASSED] - Call Test Case 'Test Cases/Final Aug 2018 - PKS Automation/Create Employer Acc/Template/Register Employer' successfully

2018-12-17 14:05:46 - [TEST_STEP][PASSED] - delay: Delayed 1 second(s)

2018-12-17 14:05:47 - [MESSAGE][PASSED] - Delayed 1 second(s)

2018-12-17 14:05:47 - [TEST_STEP][PASSED] - navigateToUrl: Navigate to 'https://assist2-uat.perkeso.gov.my/c/portal/logout' successfully

2018-12-17 14:05:49 - [MESSAGE][PASSED] - Navigate to 'https://assist2-uat.perkeso.gov.my/c/portal/logout' successfully

2018-12-17 14:05:49 - [TEST_STEP][PASSED] - delay: Delayed 1 second(s)

2018-12-17 14:05:50 - [MESSAGE][PASSED] - Delayed 1 second(s)

2018-12-17 14:05:50 - [TEST_STEP][PASSED] - callTestCase: Call Test Case 'Test Cases/Final Aug 2018 - PKS Automation/Create Employer Acc/Template/Change Password of Employer' successfully

2018-12-17 14:05:50 - [TEST_CASE][PASSED] - Test Cases/Final Aug 2018 - PKS Automation/Create Employer Acc/Template/Change Password of Employer: Test Cases/Final Aug 2018 - PKS Automation/Create Employer Acc/Template/Change Password of Employer

2018-12-17 14:05:50 - [TEST_STEP][PASSED] - openBrowser: Browser is opened with url: ''

2018-12-17 14:05:50 - [MESSAGE][WARNING] - A browser is already opened. Closing browser and opening a new one

2018-12-17 14:05:53 - [MESSAGE][PASSED] - Browser is opened with url: ''

2018-12-17 14:05:53 - [TEST_STEP][PASSED] - navigateToUrl: Navigate to 'https://assist2-uat.perkeso.gov.my/login' successfully

2018-12-17 14:05:54 - [MESSAGE][PASSED] - Navigate to 'https://assist2-uat.perkeso.gov.my/login' successfully

2018-12-17 14:05:54 - [TEST_STEP][PASSED] - delay: Delayed 5 second(s)

2018-12-17 14:05:59 - [MESSAGE][PASSED] - Delayed 5 second(s)

2018-12-17 14:05:59 - [TEST_STEP][PASSED] - setText: Text 'test@liferay.com' is set on object 'Object Repository/Final Object Repo/Login Page/Internal User/Email Address'

2018-12-17 14:05:59 - [MESSAGE][PASSED] - Text 'test@liferay.com' is set on object 'Object Repository/Final Object Repo/Login Page/Internal User/Email Address'

2018-12-17 14:05:59 - [TEST_STEP][PASSED] - click: Object: 'Object Repository/Final Object Repo/Login Page/Internal User/Next Button' is clicked on

2018-12-17 14:06:00 - [MESSAGE][PASSED] - Object: 'Object Repository/Final Object Repo/Login Page/Internal User/Next Button' is clicked on

2018-12-17 14:06:00 - [TEST_STEP][PASSED] - delay: Delayed 2 second(s)

2018-12-17 14:06:02 - [MESSAGE][PASSED] - Delayed 2 second(s)

2018-12-17 14:06:02 - [TEST_STEP][PASSED] - setText: Text 'test' is set on object 'Object Repository/Final Object Repo/Login Page/Internal User/Password'

2018-12-17 14:06:02 - [MESSAGE][PASSED] - Text 'test' is set on object 'Object Repository/Final Object Repo/Login Page/Internal User/Password'

2018-12-17 14:06:02 - [TEST_STEP][PASSED] - delay: Delayed 2 second(s)

2018-12-17 14:06:04 - [MESSAGE][PASSED] - Delayed 2 second(s)

2018-12-17 14:06:04 - [TEST_STEP][PASSED] - click: Object: 'Object Repository/Final Object Repo/Login Page/Internal User/Login Button' is clicked on

2018-12-17 14:06:04 - [MESSAGE][PASSED] - Object: 'Object Repository/Final Object Repo/Login Page/Internal User/Login Button' is clicked on

2018-12-17 14:06:04 - [TEST_STEP][PASSED] - delay: Delayed 3 second(s)

2018-12-17 14:06:07 - [MESSAGE][PASSED] - Delayed 3 second(s)

2018-12-17 14:06:07 - [TEST_STEP][PASSED] - navigateToUrl: Navigate to 'https://assist2-uat.perkeso.gov.my/group/control_panel/manage?p_p_id=125&p_p_lifecycle=0&p_p_state=maximized&p_p_mode=view&refererPlid=20455&_125_usersListView=flat-users&_125_toolbarItem=view-all-users&_125_saveUsersListView=true&_125_struts_action=%2Fusers_admin%2Fview' successfully

2018-12-17 14:06:09 - [MESSAGE][PASSED] - Navigate to 'https://assist2-uat.perkeso.gov.my/group/control_panel/manage?p_p_id=125&p_p_lifecycle=0&p_p_state=maximized&p_p_mode=view&refererPlid=20455&_125_usersListView=flat-users&_125_toolbarItem=view-all-users&_125_saveUsersListView=true&_125_struts_action=%2Fusers_admin%2Fview' successfully

2018-12-17 14:06:09 - [TEST_STEP][PASSED] - delay: Delayed 3 second(s)

2018-12-17 14:06:12 - [MESSAGE][PASSED] - Delayed 3 second(s)

2018-12-17 14:06:12 - [TEST_STEP][PASSED] - setText: Text 'perkeso296872329760@gmail.com' is set on object 'Object Repository/Final Object Repo/Creating Employer Account/Page_Users and Organizations - ASSIST/Employer name'

2018-12-17 14:06:12 - [MESSAGE][PASSED] - Text 'perkeso296872329760@gmail.com' is set on object 'Object Repository/Final Object Repo/Creating Employer Account/Page_Users and Organizations - ASSIST/Employer name'

2018-12-17 14:06:12 - [TEST_STEP][PASSED] - delay: Delayed 3 second(s)

2018-12-17 14:06:15 - [MESSAGE][PASSED] - Delayed 3 second(s)

2018-12-17 14:06:15 - [TEST_STEP][PASSED] - click: Object: 'Object Repository/Final Object Repo/Creating Employer Account/Page_Users and Organizations - ASSIST/Search' is clicked on

2018-12-17 14:06:15 - [MESSAGE][PASSED] - Object: 'Object Repository/Final Object Repo/Creating Employer Account/Page_Users and Organizations - ASSIST/Search' is clicked on

2018-12-17 14:06:15 - [TEST_STEP][PASSED] - delay: Delayed 3 second(s)

2018-12-17 14:06:18 - [MESSAGE][PASSED] - Delayed 3 second(s)

2018-12-17 14:06:18 - [TEST_STEP][PASSED] - click: Object: 'Object Repository/Final Object Repo/Creating Employer Account/Page_Users and Organizations - ASSIST/Action' is clicked on

2018-12-17 14:06:19 - [MESSAGE][PASSED] - Object: 'Object Repository/Final Object Repo/Creating Employer Account/Page_Users and Organizations - ASSIST/Action' is clicked on

2018-12-17 14:06:19 - [TEST_STEP][PASSED] - delay: Delayed 3 second(s)

2018-12-17 14:06:22 - [MESSAGE][PASSED] - Delayed 3 second(s)

2018-12-17 14:06:22 - [TEST_STEP][PASSED] - click: Object: 'Object Repository/Final Object Repo/Creating Employer Account/Page_Users and Organizations - ASSIST/Edit' is clicked on

2018-12-17 14:06:23 - [MESSAGE][PASSED] - Object: 'Object Repository/Final Object Repo/Creating Employer Account/Page_Users and Organizations - ASSIST/Edit' is clicked on

2018-12-17 14:06:23 - [TEST_STEP][PASSED] - delay: Delayed 3 second(s)

2018-12-17 14:06:26 - [MESSAGE][PASSED] - Delayed 3 second(s)

2018-12-17 14:06:26 - [TEST_STEP][PASSED] - click: Object: 'Object Repository/Final Object Repo/Creating Employer Account/Page_PERKESO - Users and Organizati/a_Password (Modified)' is clicked on

2018-12-17 14:06:26 - [MESSAGE][PASSED] - Object: 'Object Repository/Final Object Repo/Creating Employer Account/Page_PERKESO - Users and Organizati/a_Password (Modified)' is clicked on

2018-12-17 14:06:26 - [TEST_STEP][PASSED] - delay: Delayed 3 second(s)

2018-12-17 14:06:29 - [MESSAGE][PASSED] - Delayed 3 second(s)

2018-12-17 14:06:29 - [TEST_STEP][PASSED] - setEncryptedText: Text ****** has been set on object 'Object Repository/Final Object Repo/Creating Employer Account/Page_PERKESO - Users and Organizati/input__125_password1'

2018-12-17 14:06:29 - [MESSAGE][PASSED] - Text ****** has been set on object 'Object Repository/Final Object Repo/Creating Employer Account/Page_PERKESO - Users and Organizati/input__125_password1'

2018-12-17 14:06:29 - [TEST_STEP][PASSED] - delay: Delayed 3 second(s)

2018-12-17 14:06:32 - [MESSAGE][PASSED] - Delayed 3 second(s)

2018-12-17 14:06:32 - [TEST_STEP][PASSED] - setEncryptedText: Text ****** has been set on object 'Object Repository/Final Object Repo/Creating Employer Account/Page_PERKESO - Users and Organizati/input__125_password2'

2018-12-17 14:06:33 - [MESSAGE][PASSED] - Text ****** has been set on object 'Object Repository/Final Object Repo/Creating Employer Account/Page_PERKESO - Users and Organizati/input__125_password2'

2018-12-17 14:06:33 - [TEST_STEP][PASSED] - delay: Delayed 3 second(s)

2018-12-17 14:06:36 - [MESSAGE][PASSED] - Delayed 3 second(s)

2018-12-17 14:06:36 - [TEST_STEP][PASSED] - click: Object: 'Object Repository/Final Object Repo/Creating Employer Account/Page_PERKESO - Users and Organizati/Save' is clicked on

2018-12-17 14:06:37 - [MESSAGE][PASSED] - Object: 'Object Repository/Final Object Repo/Creating Employer Account/Page_PERKESO - Users and Organizati/Save' is clicked on

2018-12-17 14:06:37 - [MESSAGE][PASSED] - Call Test Case 'Test Cases/Final Aug 2018 - PKS Automation/Create Employer Acc/Template/Change Password of Employer' successfully

2018-12-17 14:06:37 - [TEST_STEP][PASSED] - delay: Delayed 1 second(s)

2018-12-17 14:06:38 - [MESSAGE][PASSED] - Delayed 1 second(s)

2018-12-17 14:06:38 - [TEST_STEP][PASSED] - navigateToUrl: Navigate to 'https://assist2-uat.perkeso.gov.my/c/portal/logout' successfully

2018-12-17 14:06:39 - [MESSAGE][PASSED] - Navigate to 'https://assist2-uat.perkeso.gov.my/c/portal/logout' successfully

2018-12-17 14:06:39 - [TEST_STEP][PASSED] - delay: Delayed 1 second(s)

2018-12-17 14:06:40 - [MESSAGE][PASSED] - Delayed 1 second(s)

2018-12-17 14:06:40 - [TEST_STEP][PASSED] - callTestCase: Call Test Case 'Test Cases/Final Aug 2018 - PKS Automation/Create Employer Acc/Template/Login to Employer Account (First Time)' successfully

2018-12-17 14:06:40 - [TEST_CASE][PASSED] - Test Cases/Final Aug 2018 - PKS Automation/Create Employer Acc/Template/Login to Employer Account (First Time): Test Cases/Final Aug 2018 - PKS Automation/Create Employer Acc/Template/Login to Employer Account (First Time)

2018-12-17 14:06:40 - [TEST_STEP][PASSED] - openBrowser: Browser is opened with url: ''

2018-12-17 14:06:40 - [MESSAGE][WARNING] - A browser is already opened. Closing browser and opening a new one

2018-12-17 14:06:43 - [MESSAGE][PASSED] - Browser is opened with url: ''

2018-12-17 14:06:43 - [TEST_STEP][PASSED] - navigateToUrl: Navigate to 'https://assist2-uat.perkeso.gov.my/employer/login' successfully

2018-12-17 14:06:44 - [MESSAGE][PASSED] - Navigate to 'https://assist2-uat.perkeso.gov.my/employer/login' successfully

2018-12-17 14:06:44 - [TEST_STEP][PASSED] - delay: Delayed 3 second(s)

2018-12-17 14:06:47 - [MESSAGE][PASSED] - Delayed 3 second(s)

2018-12-17 14:06:47 - [TEST_STEP][PASSED] - callTestCase: Call Test Case 'Test Cases/Final Aug 2018 - PKS Automation/Create Employer Acc/Template/Employer Email Getter' successfully

2018-12-17 14:06:47 - [TEST_CASE][PASSED] - Test Cases/Final Aug 2018 - PKS Automation/Create Employer Acc/Template/Employer Email Getter: Test Cases/Final Aug 2018 - PKS Automation/Create Employer Acc/Template/Employer Email Getter

2018-12-17 14:06:48 - [TEST_STEP][PASSED] - Statement - Try: null

2018-12-17 14:06:48 - [TEST_STEP][PASSED] - Statement - EmpEmail = new java.io.File(C://Users//Admin//Desktop//PKS//Automation Reference Point//EmpEmail.txt): null

2018-12-17 14:06:48 - [TEST_STEP][PASSED] - Statement - bufferread = new java.io.BufferedReader(new java.io.FileReader(EmpEmail)): null

2018-12-17 14:06:48 - [TEST_STEP][PASSED] - Statement - readedVal = bufferread.readLine(): null

2018-12-17 14:06:48 - [TEST_STEP][PASSED] - Statement - out.println(readedVal): null

2018-12-17 14:06:48 - [TEST_STEP][PASSED] - Statement - Email = readedVal: null

2018-12-17 14:06:48 - [MESSAGE][PASSED] - Call Test Case 'Test Cases/Final Aug 2018 - PKS Automation/Create Employer Acc/Template/Employer Email Getter' successfully

2018-12-17 14:06:48 - [TEST_STEP][PASSED] - setText: Text 'perkeso296872329760@gmail.com' is set on object 'Object Repository/Final Object Repo/Login Page/External Login Page/Email'

2018-12-17 14:06:48 - [MESSAGE][PASSED] - Text 'perkeso296872329760@gmail.com' is set on object 'Object Repository/Final Object Repo/Login Page/External Login Page/Email'

2018-12-17 14:06:48 - [TEST_STEP][PASSED] - click: Object: 'Object Repository/Final Object Repo/Login Page/External Login Page/Next' is clicked on

2018-12-17 14:06:48 - [MESSAGE][PASSED] - Object: 'Object Repository/Final Object Repo/Login Page/External Login Page/Next' is clicked on

2018-12-17 14:06:48 - [TEST_STEP][PASSED] - delay: Delayed 3 second(s)

2018-12-17 14:06:51 - [MESSAGE][PASSED] - Delayed 3 second(s)

2018-12-17 14:06:51 - [TEST_STEP][PASSED] - setEncryptedText: Text ****** has been set on object 'Object Repository/Final Object Repo/Login Page/External Login Page/Password'

2018-12-17 14:06:52 - [MESSAGE][PASSED] - Text ****** has been set on object 'Object Repository/Final Object Repo/Login Page/External Login Page/Password'

2018-12-17 14:06:52 - [TEST_STEP][PASSED] - click: Object: 'Object Repository/Final Object Repo/Login Page/External Login Page/Login' is clicked on

2018-12-17 14:06:52 - [MESSAGE][PASSED] - Object: 'Object Repository/Final Object Repo/Login Page/External Login Page/Login' is clicked on

2018-12-17 14:06:52 - [TEST_STEP][PASSED] - delay: Delayed 3 second(s)

2018-12-17 14:06:55 - [MESSAGE][PASSED] - Delayed 3 second(s)

2018-12-17 14:06:55 - [TEST_STEP][PASSED] - click: Object: 'Object Repository/Final Object Repo/Creating Employer Account/Page_Terms of Use - ASSIST/button_I Agree' is clicked on

2018-12-17 14:06:56 - [MESSAGE][PASSED] - Object: 'Object Repository/Final Object Repo/Creating Employer Account/Page_Terms of Use - ASSIST/button_I Agree' is clicked on

2018-12-17 14:06:56 - [TEST_STEP][PASSED] - delay: Delayed 2 second(s)

2018-12-17 14:06:58 - [MESSAGE][PASSED] - Delayed 2 second(s)

2018-12-17 14:06:58 - [TEST_STEP][PASSED] - setEncryptedText: Text ****** has been set on object 'Object Repository/Final Object Repo/Creating Employer Account/Page_New Password - ASSIST/input_password1'

2018-12-17 14:06:58 - [MESSAGE][PASSED] - Text ****** has been set on object 'Object Repository/Final Object Repo/Creating Employer Account/Page_New Password - ASSIST/input_password1'

2018-12-17 14:06:58 - [TEST_STEP][PASSED] - setEncryptedText: Text ****** has been set on object 'Object Repository/Final Object Repo/Creating Employer Account/Page_New Password - ASSIST/input_password2'

2018-12-17 14:06:58 - [MESSAGE][PASSED] - Text ****** has been set on object 'Object Repository/Final Object Repo/Creating Employer Account/Page_New Password - ASSIST/input_password2'

2018-12-17 14:06:58 - [TEST_STEP][PASSED] - delay: Delayed 2 second(s)

2018-12-17 14:07:00 - [MESSAGE][PASSED] - Delayed 2 second(s)

2018-12-17 14:07:00 - [TEST_STEP][PASSED] - click: Object: 'Object Repository/Final Object Repo/Creating Employer Account/Page_New Password - ASSIST/Save' is clicked on

2018-12-17 14:07:01 - [MESSAGE][PASSED] - Object: 'Object Repository/Final Object Repo/Creating Employer Account/Page_New Password - ASSIST/Save' is clicked on

2018-12-17 14:07:01 - [TEST_STEP][PASSED] - delay: Delayed 2 second(s)

2018-12-17 14:07:03 - [MESSAGE][PASSED] - Delayed 2 second(s)

2018-12-17 14:07:03 - [TEST_STEP][PASSED] - setText: Text 'test' is set on object 'Object Repository/Final Object Repo/Creating Employer Account/Page_Password Reminder - ASSIST/Reminder Query Answer'

2018-12-17 14:07:03 - [MESSAGE][PASSED] - Text 'test' is set on object 'Object Repository/Final Object Repo/Creating Employer Account/Page_Password Reminder - ASSIST/Reminder Query Answer'

2018-12-17 14:07:03 - [TEST_STEP][PASSED] - delay: Delayed 2 second(s)

2018-12-17 14:07:05 - [MESSAGE][PASSED] - Delayed 2 second(s)

2018-12-17 14:07:05 - [TEST_STEP][PASSED] - doubleClick: Object: 'Object Repository/Final Object Repo/Creating Employer Account/Page_Password Reminder - ASSIST/Save' is double clicked on

2018-12-17 14:07:05 - [MESSAGE][PASSED] - Object: 'Object Repository/Final Object Repo/Creating Employer Account/Page_Password Reminder - ASSIST/Save' is double clicked on

2018-12-17 14:07:05 - [MESSAGE][PASSED] - Call Test Case 'Test Cases/Final Aug 2018 - PKS Automation/Create Employer Acc/Template/Login to Employer Account (First Time)' successfully

2018-12-17 14:07:05 - [MESSAGE][PASSED] - Call Test Case 'Test Cases/Final Aug 2018 - PKS Automation/Create Employer Acc/Create Employer Account' successfully

2018-12-17 14:07:05 - [TEST_STEP][PASSED] - callTestCase: Call Test Case 'Test Cases/Final Aug 2018 - PKS Automation/Registration Module/Log Out/log out avoiding katalon tagging' successfully

2018-12-17 14:07:05 - [TEST_CASE][PASSED] - Test Cases/Final Aug 2018 - PKS Automation/Registration Module/Log Out/log out avoiding katalon tagging: Test Cases/Final Aug 2018 - PKS Automation/Registration Module/Log Out/log out avoiding katalon tagging

2018-12-17 14:07:06 - [TEST_STEP][PASSED] - navigateToUrl: Navigate to 'https://assist2-uat.perkeso.gov.my/c/portal/logout' successfully

2018-12-17 14:07:08 - [MESSAGE][PASSED] - Navigate to 'https://assist2-uat.perkeso.gov.my/c/portal/logout' successfully

2018-12-17 14:07:08 - [MESSAGE][PASSED] - Call Test Case 'Test Cases/Final Aug 2018 - PKS Automation/Registration Module/Log Out/log out avoiding katalon tagging' successfully

2018-12-17 14:07:08 - [TEST_STEP][PASSED] - callTestCase: Call Test Case 'Test Cases/Final Aug 2018 - PKS Automation/Create Employer Acc/Login to Employer Account (Second time)' successfully

2018-12-17 14:07:08 - [TEST_CASE][PASSED] - Test Cases/Final Aug 2018 - PKS Automation/Create Employer Acc/Login to Employer Account (Second time): Test Cases/Final Aug 2018 - PKS Automation/Create Employer Acc/Login to Employer Account (Second time)

2018-12-17 14:07:09 - [TEST_STEP][PASSED] - openBrowser: Browser is opened with url: ''

2018-12-17 14:07:09 - [MESSAGE][WARNING] - A browser is already opened. Closing browser and opening a new one

2018-12-17 14:07:11 - [MESSAGE][PASSED] - Browser is opened with url: ''

2018-12-17 14:07:11 - [TEST_STEP][PASSED] - navigateToUrl: Navigate to 'https://assist2-uat.perkeso.gov.my/employer/login' successfully

2018-12-17 14:07:13 - [MESSAGE][PASSED] - Navigate to 'https://assist2-uat.perkeso.gov.my/employer/login' successfully

2018-12-17 14:07:13 - [TEST_STEP][PASSED] - delay: Delayed 3 second(s)

2018-12-17 14:07:16 - [MESSAGE][PASSED] - Delayed 3 second(s)

2018-12-17 14:07:16 - [TEST_STEP][PASSED] - callTestCase: Call Test Case 'Test Cases/Final Aug 2018 - PKS Automation/Create Employer Acc/Template/Employer Email Getter' successfully

2018-12-17 14:07:16 - [TEST_CASE][PASSED] - Test Cases/Final Aug 2018 - PKS Automation/Create Employer Acc/Template/Employer Email Getter: Test Cases/Final Aug 2018 - PKS Automation/Create Employer Acc/Template/Employer Email Getter

2018-12-17 14:07:16 - [TEST_STEP][PASSED] - Statement - Try: null

2018-12-17 14:07:16 - [TEST_STEP][PASSED] - Statement - EmpEmail = new java.io.File(C://Users//Admin//Desktop//PKS//Automation Reference Point//EmpEmail.txt): null

2018-12-17 14:07:16 - [TEST_STEP][PASSED] - Statement - bufferread = new java.io.BufferedReader(new java.io.FileReader(EmpEmail)): null

2018-12-17 14:07:16 - [TEST_STEP][PASSED] - Statement - readedVal = bufferread.readLine(): null

2018-12-17 14:07:16 - [TEST_STEP][PASSED] - Statement - out.println(readedVal): null

2018-12-17 14:07:16 - [TEST_STEP][PASSED] - Statement - Email = readedVal: null

2018-12-17 14:07:16 - [MESSAGE][PASSED] - Call Test Case 'Test Cases/Final Aug 2018 - PKS Automation/Create Employer Acc/Template/Employer Email Getter' successfully

2018-12-17 14:07:16 - [TEST_STEP][PASSED] - setText: Text 'perkeso296872329760@gmail.com' is set on object 'Object Repository/Final Object Repo/Login Page/External Login Page/Email'

2018-12-17 14:07:16 - [MESSAGE][PASSED] - Text 'perkeso296872329760@gmail.com' is set on object 'Object Repository/Final Object Repo/Login Page/External Login Page/Email'

2018-12-17 14:07:16 - [TEST_STEP][PASSED] - click: Object: 'Object Repository/Final Object Repo/Login Page/External Login Page/Next' is clicked on

2018-12-17 14:07:16 - [MESSAGE][PASSED] - Object: 'Object Repository/Final Object Repo/Login Page/External Login Page/Next' is clicked on

2018-12-17 14:07:16 - [TEST_STEP][PASSED] - delay: Delayed 3 second(s)

2018-12-17 14:07:19 - [MESSAGE][PASSED] - Delayed 3 second(s)

2018-12-17 14:07:19 - [TEST_STEP][PASSED] - setEncryptedText: Text ****** has been set on object 'Object Repository/Final Object Repo/Login Page/External Login Page/Password'

2018-12-17 14:07:20 - [MESSAGE][PASSED] - Text ****** has been set on object 'Object Repository/Final Object Repo/Login Page/External Login Page/Password'

2018-12-17 14:07:20 - [TEST_STEP][PASSED] - click: Object: 'Object Repository/Final Object Repo/Login Page/External Login Page/Login' is clicked on

2018-12-17 14:07:20 - [MESSAGE][PASSED] - Object: 'Object Repository/Final Object Repo/Login Page/External Login Page/Login' is clicked on

2018-12-17 14:07:20 - [TEST_STEP][PASSED] - delay: Delayed 5 second(s)

2018-12-17 14:07:25 - [MESSAGE][PASSED] - Delayed 5 second(s)

2018-12-17 14:07:25 - [MESSAGE][PASSED] - Call Test Case 'Test Cases/Final Aug 2018 - PKS Automation/Create Employer Acc/Login to Employer Account (Second time)' successfully

2018-12-17 14:07:25 - [TEST_STEP][PASSED] - delay: Delayed 4 second(s)

2018-12-17 14:07:29 - [MESSAGE][PASSED] - Delayed 4 second(s)

2018-12-17 14:07:29 - [TEST_STEP][PASSED] - Statement - Try: Delayed 2 second(s)

2018-12-17 14:07:29 - [TEST_STEP][PASSED] - Statement - Checker = false: null

2018-12-17 14:07:29 - [TEST_STEP][PASSED] - Statement - Checker = com.kms.katalon.core.webui.keyword.WebUiBuiltInKeywords.verifyElementHasAttribute(com.kms.katalon.core.testobject.ObjectRepository.findTestObject(Final Object Repo/Landing Page/BM Detecting), "href", 20, OPTIONAL): Object 'Object Repository/Final Object Repo/Landing Page/BM Detecting' has attribute 'href'

2018-12-17 14:07:29 - [MESSAGE][PASSED] - Object 'Object Repository/Final Object Repo/Landing Page/BM Detecting' has attribute 'href'

2018-12-17 14:07:29 - [TEST_STEP][PASSED] - Statement - out.println(Checker): null

2018-12-17 14:07:29 - [TEST_STEP][PASSED] - Statement - If (Checker == false): null

2018-12-17 14:07:29 - [TEST_STEP][PASSED] - Statement - Else: null

2018-12-17 14:07:29 - [TEST_STEP][PASSED] - delay: Delayed 2 second(s)

2018-12-17 14:07:31 - [MESSAGE][PASSED] - Delayed 2 second(s)

2018-12-17 14:07:31 - [TEST_STEP][PASSED] - delay: Delayed 4 second(s)

2018-12-17 14:07:35 - [MESSAGE][PASSED] - Delayed 4 second(s)

2018-12-17 14:07:35 - [TEST_STEP][PASSED] - click: Object: 'Object Repository/Final Object Repo/Landing Page/My Sites Drop Down' is clicked on

2018-12-17 14:07:35 - [MESSAGE][PASSED] - Object: 'Object Repository/Final Object Repo/Landing Page/My Sites Drop Down' is clicked on

2018-12-17 14:07:35 - [TEST_STEP][PASSED] - click: Object: 'Object Repository/Final Object Repo/Landing Page/Select to Registration Module' is clicked on

2018-12-17 14:07:38 - [MESSAGE][PASSED] - Object: 'Object Repository/Final Object Repo/Landing Page/Select to Registration Module' is clicked on

2018-12-17 14:07:38 - [TEST_STEP][PASSED] - click: Object: 'Object Repository/Final Object Repo/Landing Page/Registration Button' is clicked on

2018-12-17 14:07:39 - [MESSAGE][PASSED] - Object: 'Object Repository/Final Object Repo/Landing Page/Registration Button' is clicked on

2018-12-17 14:07:39 - [TEST_STEP][PASSED] - delay: Delayed 2 second(s)

2018-12-17 14:07:41 - [MESSAGE][PASSED] - Delayed 2 second(s)

2018-12-17 14:07:41 - [TEST_STEP][PASSED] - click: Object: 'Object Repository/Final Object Repo/New Registration - Registration Module Pages/New Reg - OTC to RO/Special Case - OTC - Form 1/AEC NO' is clicked on

2018-12-17 14:07:42 - [MESSAGE][PASSED] - Object: 'Object Repository/Final Object Repo/New Registration - Registration Module Pages/New Reg - OTC to RO/Special Case - OTC - Form 1/AEC NO' is clicked on

2018-12-17 14:07:42 - [TEST_STEP][PASSED] - click: Object: 'Object Repository/Final Object Repo/New Registration - Registration Module Pages/New Reg - OTC to RO/Special Case - OTC - Form 1/Business Entity - Please Select' is clicked on

2018-12-17 14:07:42 - [MESSAGE][PASSED] - Object: 'Object Repository/Final Object Repo/New Registration - Registration Module Pages/New Reg - OTC to RO/Special Case - OTC - Form 1/Business Entity - Please Select' is clicked on

2018-12-17 14:07:42 - [TEST_STEP][PASSED] - click: Object: 'Object Repository/Final Object Repo/New Registration - Registration Module Pages/New Reg - OTC to RO/Special Case - OTC - Form 1/Selected - Corporation' is clicked on

2018-12-17 14:07:42 - [MESSAGE][PASSED] - Object: 'Object Repository/Final Object Repo/New Registration - Registration Module Pages/New Reg - OTC to RO/Special Case - OTC - Form 1/Selected - Corporation' is clicked on

2018-12-17 14:07:42 - [TEST_STEP][PASSED] - delay: Delayed 2 second(s)

2018-12-17 14:07:44 - [MESSAGE][PASSED] - Delayed 2 second(s)

2018-12-17 14:07:44 - [TEST_STEP][PASSED] - click: Object: 'Object Repository/Final Object Repo/New Registration - Registration Module Pages/New Reg - OTC to RO/Special Case - OTC - Form 1/Sub Business Entity - Please Select' is clicked on

2018-12-17 14:07:44 - [MESSAGE][PASSED] - Object: 'Object Repository/Final Object Repo/New Registration - Registration Module Pages/New Reg - OTC to RO/Special Case - OTC - Form 1/Sub Business Entity - Please Select' is clicked on

2018-12-17 14:07:44 - [TEST_STEP][PASSED] - delay: Delayed 2 second(s)

2018-12-17 14:07:46 - [MESSAGE][PASSED] - Delayed 2 second(s)

2018-12-17 14:07:46 - [TEST_STEP][PASSED] - click: Object: 'Object Repository/Final Object Repo/New Registration - Registration Module Pages/New Reg - OTC to RO/Special Case - OTC - Form 1/Selected - Sendirian Berhad' is clicked on

2018-12-17 14:07:46 - [MESSAGE][PASSED] - Object: 'Object Repository/Final Object Repo/New Registration - Registration Module Pages/New Reg - OTC to RO/Special Case - OTC - Form 1/Selected - Sendirian Berhad' is clicked on

2018-12-17 14:07:46 - [TEST_STEP][PASSED] - setText: Text 'AUTOMATE001' is set on object 'Object Repository/Final Object Repo/New Registration - Registration Module Pages/New Reg - OTC to RO/Special Case - OTC - Form 1/Input BRN Number'

2018-12-17 14:07:47 - [MESSAGE][PASSED] - Text 'AUTOMATE001' is set on object 'Object Repository/Final Object Repo/New Registration - Registration Module Pages/New Reg - OTC to RO/Special Case - OTC - Form 1/Input BRN Number'

2018-12-17 14:07:47 - [TEST_STEP][PASSED] - delay: Delayed 2 second(s)

2018-12-17 14:07:49 - [MESSAGE][PASSED] - Delayed 2 second(s)

2018-12-17 14:07:49 - [TEST_STEP][PASSED] - click: Object: 'Object Repository/Final Object Repo/New Registration - Registration Module Pages/New Reg - OTC to RO/Special Case - OTC - Form 1/BRN Search' is clicked on

2018-12-17 14:07:49 - [MESSAGE][PASSED] - Object: 'Object Repository/Final Object Repo/New Registration - Registration Module Pages/New Reg - OTC to RO/Special Case - OTC - Form 1/BRN Search' is clicked on

2018-12-17 14:07:49 - [TEST_STEP][PASSED] - delay: Delayed 4 second(s)

2018-12-17 14:07:53 - [MESSAGE][PASSED] - Delayed 4 second(s)

2018-12-17 14:07:53 - [TEST_STEP][PASSED] - click: Object: 'Object Repository/Final Object Repo/New Registration - Registration Module Pages/New Reg - OTC to RO/Special Case - OTC - Form 1/Registered with SSM - After Feb 2017' is clicked on

2018-12-17 14:07:53 - [MESSAGE][PASSED] - Object: 'Object Repository/Final Object Repo/New Registration - Registration Module Pages/New Reg - OTC to RO/Special Case - OTC - Form 1/Registered with SSM - After Feb 2017' is clicked on

2018-12-17 14:07:53 - [TEST_STEP][PASSED] - delay: Delayed 2 second(s)

2018-12-17 14:07:55 - [MESSAGE][PASSED] - Delayed 2 second(s)

2018-12-17 14:07:55 - [TEST_STEP][PASSED] - click: Object: 'Object Repository/Final Object Repo/New Registration - Registration Module Pages/Form 1/Registered As a Branch - Yes' is clicked on

2018-12-17 14:07:55 - [MESSAGE][PASSED] - Object: 'Object Repository/Final Object Repo/New Registration - Registration Module Pages/Form 1/Registered As a Branch - Yes' is clicked on

2018-12-17 14:07:55 - [TEST_STEP][PASSED] - click: Object: 'Object Repository/Final Object Repo/New Registration - Registration Module Pages/New Reg - OTC to RO/Special Case - OTC - Form 1/Acknowledgement Ticked' is clicked on

2018-12-17 14:07:56 - [MESSAGE][PASSED] - Object: 'Object Repository/Final Object Repo/New Registration - Registration Module Pages/New Reg - OTC to RO/Special Case - OTC - Form 1/Acknowledgement Ticked' is clicked on

2018-12-17 14:07:56 - [TEST_STEP][PASSED] - setText: Text 'perkeso296872329760@gmail.com' is set on object 'Object Repository/Final Object Repo/New Registration - Registration Module Pages/Form 1/Email'

2018-12-17 14:07:56 - [MESSAGE][PASSED] - Text 'perkeso296872329760@gmail.com' is set on object 'Object Repository/Final Object Repo/New Registration - Registration Module Pages/Form 1/Email'

2018-12-17 14:07:56 - [TEST_STEP][PASSED] - click: Object: 'Object Repository/Final Object Repo/New Registration - Registration Module Pages/New Reg - OTC to RO/Special Case - OTC - Form 1/Submit Button' is clicked on

2018-12-17 14:07:57 - [MESSAGE][PASSED] - Object: 'Object Repository/Final Object Repo/New Registration - Registration Module Pages/New Reg - OTC to RO/Special Case - OTC - Form 1/Submit Button' is clicked on

2018-12-17 14:07:57 - [TEST_STEP][PASSED] - callTestCase: Call Test Case 'Test Cases/Final Aug 2018 - PKS Automation/Registration Module/New Registration/Form 2/Add 1 Eligible - Employer Account Use' successfully

2018-12-17 14:07:57 - [TEST_CASE][PASSED] - Test Cases/Final Aug 2018 - PKS Automation/Registration Module/New Registration/Form 2/Add 1 Eligible - Employer Account Use: Test Cases/Final Aug 2018 - PKS Automation/Registration Module/New Registration/Form 2/Add 1 Eligible - Employer Account Use

2018-12-17 14:07:57 - [TEST_STEP][PASSED] - delay: Delayed 2 second(s)

2018-12-17 14:07:59 - [MESSAGE][PASSED] - Delayed 2 second(s)

2018-12-17 14:07:59 - [TEST_STEP][PASSED] - callTestCase: Call Test Case 'Test Cases/Final Aug 2018 - PKS Automation/Registration Module/New Registration/Form 2/Date Updater' successfully

2018-12-17 14:07:59 - [TEST_CASE][PASSED] - Test Cases/Final Aug 2018 - PKS Automation/Registration Module/New Registration/Form 2/Date Updater: Test Cases/Final Aug 2018 - PKS Automation/Registration Module/New Registration/Form 2/Date Updater

2018-12-17 14:07:59 - [TEST_STEP][PASSED] - Statement - TodayDate = new java.util.Date(): null

2018-12-17 14:07:59 - [TEST_STEP][PASSED] - Statement - CurrentDateNoFilter = new java.text.SimpleDateFormat(): null

2018-12-17 14:07:59 - [TEST_STEP][PASSED] - Statement - CurrentDateNoFilter.applyPattern("MM"): null

2018-12-17 14:07:59 - [TEST_STEP][PASSED] - Statement - monthContainerMatcher = java.lang.Integer.parseInt(CurrentDateNoFilter.format(TodayDate)): null

2018-12-17 14:07:59 - [TEST_STEP][PASSED] - Statement - monthContainerMatcher = monthContainerMatcher - 1: null

2018-12-17 14:07:59 - [TEST_STEP][PASSED] - Statement - CurrentMonth = monthContainerMatcher.toString(): null

2018-12-17 14:07:59 - [TEST_STEP][PASSED] - Statement - CurrentMonth = CurrentMonth: null

2018-12-17 14:07:59 - [TEST_STEP][PASSED] - Statement - CurrentDateNoFilter.applyPattern("yyyy"): null

2018-12-17 14:07:59 - [TEST_STEP][PASSED] - Statement - CurrentYear = CurrentDateNoFilter.format(TodayDate): null

2018-12-17 14:07:59 - [TEST_STEP][PASSED] - Statement - CurrentYear = CurrentYear: null

2018-12-17 14:07:59 - [TEST_STEP][PASSED] - Statement - intCurrentYear = java.lang.Integer.parseInt(CurrentDateNoFilter.format(TodayDate)): null

2018-12-17 14:07:59 - [TEST_STEP][PASSED] - Statement - eighteenYrsAgo = intCurrentYear - 18: null

2018-12-17 14:07:59 - [TEST_STEP][PASSED] - Statement - eighteenYrsBeforeThisYr = eighteenYrsAgo.toString(): null

2018-12-17 14:07:59 - [TEST_STEP][PASSED] - Statement - EighteenYrsBefore = eighteenYrsBeforeThisYr: null

2018-12-17 14:07:59 - [TEST_STEP][PASSED] - Statement - fiftysevenYrsAgo = intCurrentYear - 57: null

2018-12-17 14:07:59 - [TEST_STEP][PASSED] - Statement - fiftysevenYrsBeforeThisYr = fiftysevenYrsAgo.toString(): null

2018-12-17 14:07:59 - [TEST_STEP][PASSED] - Statement - FiftysevenYrsBefore = fiftysevenYrsBeforeThisYr: null

2018-12-17 14:07:59 - [TEST_STEP][PASSED] - Statement - leapYear = false: null

2018-12-17 14:07:59 - [TEST_STEP][PASSED] - Statement - leapYear = intCurrentYear % 4 == 0: null

2018-12-17 14:07:59 - [TEST_STEP][PASSED] - Statement - CurrentDateNoFilter.applyPattern("dd"): null

2018-12-17 14:07:59 - [TEST_STEP][PASSED] - Statement - CurrentDate = CurrentDateNoFilter.format(TodayDate): null

2018-12-17 14:07:59 - [TEST_STEP][PASSED] - Statement - CurrentDate = java.lang.Integer.parseInt(CurrentDate): null

2018-12-17 14:07:59 - [TEST_STEP][PASSED] - Statement - CurrentDate = CurrentDate: null

2018-12-17 14:07:59 - [TEST_STEP][PASSED] - Statement - CurrentDay = java.lang.Integer.parseInt(CurrentDate): null

2018-12-17 14:07:59 - [TEST_STEP][PASSED] - Statement - ConfAdder = <not implemented yet for class: org.codehaus.groovy.ast.expr.EmptyExpression>: null

2018-12-17 14:07:59 - [TEST_STEP][PASSED] - Statement - out.println(CurrentMonth): null

2018-12-17 14:07:59 - [TEST_STEP][PASSED] - Statement - out.println(CurrentDate): null

2018-12-17 14:07:59 - [TEST_STEP][PASSED] - Statement - switch (CurrentDate): null

2018-12-17 14:07:59 - [TEST_STEP][PASSED] - Statement - Default: null

2018-12-17 14:07:59 - [TEST_STEP][PASSED] - Statement - ConfAdder = true: null

2018-12-17 14:07:59 - [TEST_STEP][PASSED] - Statement - Break: null

2018-12-17 14:07:59 - [TEST_STEP][PASSED] - Statement - aDayBefore = <not implemented yet for class: org.codehaus.groovy.ast.expr.EmptyExpression>: null

2018-12-17 14:07:59 - [TEST_STEP][PASSED] - Statement - out.println(ConfAdder): null

2018-12-17 14:07:59 - [TEST_STEP][PASSED] - Statement - If (ConfAdder == true): null

2018-12-17 14:07:59 - [TEST_STEP][PASSED] - Statement - aDayBefore = CurrentDay + 1: null

2018-12-17 14:07:59 - [TEST_STEP][PASSED] - Statement - out.println(aDayBefore): null

2018-12-17 14:07:59 - [TEST_STEP][PASSED] - Statement - If (aDayBefore == 1 && CurrentMonth == 11): null

2018-12-17 14:07:59 - [TEST_STEP][PASSED] - Statement - DayBefore = aDayBefore.toString(): null

2018-12-17 14:07:59 - [TEST_STEP][PASSED] - Statement - OneDayBefore = DayBefore: null

2018-12-17 14:08:00 - [MESSAGE][PASSED] - Call Test Case 'Test Cases/Final Aug 2018 - PKS Automation/Registration Module/New Registration/Form 2/Date Updater' successfully

2018-12-17 14:08:00 - [TEST_STEP][PASSED] - delay: Delayed 1 second(s)

2018-12-17 14:08:01 - [MESSAGE][PASSED] - Delayed 1 second(s)

2018-12-17 14:08:01 - [TEST_STEP][PASSED] - Statement - CaseReferenceNo = com.kms.katalon.core.webui.keyword.WebUiBuiltInKeywords.getText(com.kms.katalon.core.testobject.ObjectRepository.findTestObject(Final Object Repo/New Registration - Registration Module Pages/Form 2/RefNo Acquiring)): Text of object 'Object Repository/Final Object Repo/New Registration - Registration Module Pages/Form 2/RefNo Acquiring' is: 'CRN12201800123365'

2018-12-17 14:08:01 - [MESSAGE][PASSED] - Text of object 'Object Repository/Final Object Repo/New Registration - Registration Module Pages/Form 2/RefNo Acquiring' is: 'CRN12201800123365'

2018-12-17 14:08:01 - [TEST_STEP][PASSED] - delay: Delayed 1 second(s)

2018-12-17 14:08:02 - [MESSAGE][PASSED] - Delayed 1 second(s)

2018-12-17 14:08:02 - [TEST_STEP][PASSED] - click: Object: 'Object Repository/Final Object Repo/New Registration - Registration Module Pages/Form 2/Add Employee Button' is clicked on

2018-12-17 14:08:02 - [MESSAGE][PASSED] - Object: 'Object Repository/Final Object Repo/New Registration - Registration Module Pages/Form 2/Add Employee Button' is clicked on

2018-12-17 14:08:02 - [TEST_STEP][PASSED] - delay: Delayed 1 second(s)

2018-12-17 14:08:03 - [MESSAGE][PASSED] - Delayed 1 second(s)

2018-12-17 14:08:03 - [TEST_STEP][PASSED] - setText: Text '010903091948' is set on object 'Object Repository/Final Object Repo/New Registration - Registration Module Pages/Form 2/NRIC Input'

2018-12-17 14:08:04 - [MESSAGE][PASSED] - Text '010903091948' is set on object 'Object Repository/Final Object Repo/New Registration - Registration Module Pages/Form 2/NRIC Input'

2018-12-17 14:08:04 - [TEST_STEP][PASSED] - delay: Delayed 2 second(s)

2018-12-17 14:08:06 - [MESSAGE][PASSED] - Delayed 2 second(s)

2018-12-17 14:08:06 - [TEST_STEP][PASSED] - setText: Text 'Automate001 eligible 1' is set on object 'Object Repository/Final Object Repo/New Registration - Registration Module Pages/Form 2/Employee Name Input'

2018-12-17 14:08:06 - [MESSAGE][PASSED] - Text 'Automate001 eligible 1' is set on object 'Object Repository/Final Object Repo/New Registration - Registration Module Pages/Form 2/Employee Name Input'

2018-12-17 14:08:06 - [TEST_STEP][PASSED] - delay: Delayed 2 second(s)

2018-12-17 14:08:08 - [MESSAGE][PASSED] - Delayed 2 second(s)

2018-12-17 14:08:08 - [TEST_STEP][PASSED] - click: Object: 'Object Repository/Final Object Repo/New Registration - Registration Module Pages/Form 2/DatePicker Pop Up' is clicked on

2018-12-17 14:08:08 - [MESSAGE][PASSED] - Object: 'Object Repository/Final Object Repo/New Registration - Registration Module Pages/Form 2/DatePicker Pop Up' is clicked on

2018-12-17 14:08:08 - [TEST_STEP][PASSED] - click: Object: 'Object Repository/Final Object Repo/New Registration - Registration Module Pages/Form 2/DOB Month' is clicked on

2018-12-17 14:08:09 - [MESSAGE][PASSED] - Object: 'Object Repository/Final Object Repo/New Registration - Registration Module Pages/Form 2/DOB Month' is clicked on

2018-12-17 14:08:09 - [TEST_STEP][PASSED] - Statement - CurrentMonth = CurrentMonth: null

2018-12-17 14:08:09 - [TEST_STEP][PASSED] - Statement - selectMonth = new com.kms.katalon.core.testobject.TestObject(): null

2018-12-17 14:08:09 - [TEST_STEP][PASSED] - Statement - selectMonth.addProperty("xpath", EQUALS, "//body/div/div/div/select/option[@value='" + CurrentMonth + "']", true): null

2018-12-17 14:08:09 - [TEST_STEP][PASSED] - click: Object: '' is clicked on

2018-12-17 14:08:09 - [MESSAGE][PASSED] - Object: '' is clicked on

2018-12-17 14:08:09 - [TEST_STEP][PASSED] - click: Object: 'Object Repository/Final Object Repo/New Registration - Registration Module Pages/Form 2/DOB Year' is clicked on

2018-12-17 14:08:09 - [MESSAGE][PASSED] - Object: 'Object Repository/Final Object Repo/New Registration - Registration Module Pages/Form 2/DOB Year' is clicked on

2018-12-17 14:08:09 - [TEST_STEP][PASSED] - Statement - Eyearsbf = EighteenYrsBefore: null

2018-12-17 14:08:09 - [TEST_STEP][PASSED] - Statement - selectYear = new com.kms.katalon.core.testobject.TestObject(): null

2018-12-17 14:08:09 - [TEST_STEP][PASSED] - Statement - selectYear.addProperty("xpath", EQUALS, "//div/div/div/select/option[@value='" + Eyearsbf + "']", true): null

2018-12-17 14:08:09 - [TEST_STEP][PASSED] - click: Object: '' is clicked on

2018-12-17 14:08:09 - [MESSAGE][PASSED] - Object: '' is clicked on

2018-12-17 14:08:09 - [TEST_STEP][PASSED] - Statement - UpdatedSelectDate = com.kms.katalon.core.webui.keyword.WebUiBuiltInKeywords.modifyObjectProperty(com.kms.katalon.core.testobject.ObjectRepository.findTestObject(Final Object Repo/New Registration - Registration Module Pages/Form 2/DOB Date), "xpath", "equals", "//body/div/table/tbody/tr/td/a[text()="" + CurrentDate + ""]", true): Modify property of object successfully

2018-12-17 14:08:09 - [MESSAGE][PASSED] - Modify property of object successfully

2018-12-17 14:08:09 - [TEST_STEP][PASSED] - delay: Delayed 3 second(s)

2018-12-17 14:08:12 - [MESSAGE][PASSED] - Delayed 3 second(s)

2018-12-17 14:08:12 - [TEST_STEP][PASSED] - click: Object: 'Object Repository/Final Object Repo/New Registration - Registration Module Pages/Form 2/DOB Date' is clicked on

2018-12-17 14:08:12 - [MESSAGE][PASSED] - Object: 'Object Repository/Final Object Repo/New Registration - Registration Module Pages/Form 2/DOB Date' is clicked on

2018-12-17 14:08:12 - [TEST_STEP][PASSED] - delay: Delayed 2 second(s)

2018-12-17 14:08:14 - [MESSAGE][PASSED] - Delayed 2 second(s)

2018-12-17 14:08:14 - [TEST_STEP][PASSED] - click: Object: 'Object Repository/Final Object Repo/New Registration - Registration Module Pages/Form 2/EmploymentStartDate Pop Up' is clicked on

2018-12-17 14:08:14 - [MESSAGE][PASSED] - Object: 'Object Repository/Final Object Repo/New Registration - Registration Module Pages/Form 2/EmploymentStartDate Pop Up' is clicked on

2018-12-17 14:08:14 - [TEST_STEP][PASSED] - delay: Delayed 2 second(s)

2018-12-17 14:08:16 - [MESSAGE][PASSED] - Delayed 2 second(s)

2018-12-17 14:08:16 - [TEST_STEP][PASSED] - click: Object: 'Object Repository/Final Object Repo/New Registration - Registration Module Pages/Form 2/Socso Employment StartDate Month' is clicked on

2018-12-17 14:08:17 - [MESSAGE][PASSED] - Object: 'Object Repository/Final Object Repo/New Registration - Registration Module Pages/Form 2/Socso Employment StartDate Month' is clicked on

2018-12-17 14:08:17 - [TEST_STEP][PASSED] - delay: Delayed 1 second(s)

2018-12-17 14:08:18 - [MESSAGE][PASSED] - Delayed 1 second(s)

2018-12-17 14:08:18 - [TEST_STEP][PASSED] - click: Object: 'Object Repository/Final Object Repo/New Registration - Registration Module Pages/Form 2/Select Socso Employement Startdate Month' is clicked on

2018-12-17 14:08:18 - [MESSAGE][PASSED] - Object: 'Object Repository/Final Object Repo/New Registration - Registration Module Pages/Form 2/Select Socso Employement Startdate Month' is clicked on

2018-12-17 14:08:18 - [TEST_STEP][PASSED] - delay: Delayed 2 second(s)

2018-12-17 14:08:20 - [MESSAGE][PASSED] - Delayed 2 second(s)

2018-12-17 14:08:20 - [TEST_STEP][PASSED] - click: Object: 'Object Repository/Final Object Repo/New Registration - Registration Module Pages/Form 2/Socso Employment StartDate Year' is clicked on

2018-12-17 14:08:20 - [MESSAGE][PASSED] - Object: 'Object Repository/Final Object Repo/New Registration - Registration Module Pages/Form 2/Socso Employment StartDate Year' is clicked on

2018-12-17 14:08:20 - [TEST_STEP][PASSED] - delay: Delayed 1 second(s)

2018-12-17 14:08:21 - [MESSAGE][PASSED] - Delayed 1 second(s)

2018-12-17 14:08:21 - [TEST_STEP][PASSED] - click: Object: 'Object Repository/Final Object Repo/New Registration - Registration Module Pages/Form 2/Select Socso Employment Startdate Year' is clicked on

2018-12-17 14:08:21 - [MESSAGE][PASSED] - Object: 'Object Repository/Final Object Repo/New Registration - Registration Module Pages/Form 2/Select Socso Employment Startdate Year' is clicked on

2018-12-17 14:08:21 - [TEST_STEP][PASSED] - delay: Delayed 2 second(s)

2018-12-17 14:08:23 - [MESSAGE][PASSED] - Delayed 2 second(s)

2018-12-17 14:08:23 - [TEST_STEP][PASSED] - click: Object: 'Object Repository/Final Object Repo/New Registration - Registration Module Pages/Form 2/Socso Employment Start Date Day' is clicked on

2018-12-17 14:08:23 - [MESSAGE][PASSED] - Object: 'Object Repository/Final Object Repo/New Registration - Registration Module Pages/Form 2/Socso Employment Start Date Day' is clicked on

2018-12-17 14:08:23 - [TEST_STEP][PASSED] - delay: Delayed 2 second(s)

2018-12-17 14:08:25 - [MESSAGE][PASSED] - Delayed 2 second(s)

2018-12-17 14:08:25 - [TEST_STEP][PASSED] - click: Object: 'Object Repository/Final Object Repo/New Registration - Registration Module Pages/Form 2/Save Button for Add Employee' is clicked on

2018-12-17 14:08:26 - [MESSAGE][PASSED] - Object: 'Object Repository/Final Object Repo/New Registration - Registration Module Pages/Form 2/Save Button for Add Employee' is clicked on

2018-12-17 14:08:26 - [TEST_STEP][PASSED] - delay: Delayed 6 second(s)

2018-12-17 14:08:32 - [MESSAGE][PASSED] - Delayed 6 second(s)

2018-12-17 14:08:32 - [TEST_STEP][PASSED] - click: Object: 'Object Repository/Final Object Repo/New Registration - Registration Module Pages/Form 2/Save and Continue Form 2' is clicked on

2018-12-17 14:08:32 - [MESSAGE][PASSED] - Object: 'Object Repository/Final Object Repo/New Registration - Registration Module Pages/Form 2/Save and Continue Form 2' is clicked on

2018-12-17 14:08:32 - [MESSAGE][PASSED] - Call Test Case 'Test Cases/Final Aug 2018 - PKS Automation/Registration Module/New Registration/Form 2/Add 1 Eligible - Employer Account Use' successfully

2018-12-17 14:08:32 - [TEST_STEP][PASSED] - callTestCase: Call Test Case 'Test Cases/Final Aug 2018 - PKS Automation/Registration Module/New Registration/Flow of New Registration/Third Screen - Upload Supporting Doc - Preview' successfully

2018-12-17 14:08:32 - [TEST_CASE][PASSED] - Test Cases/Final Aug 2018 - PKS Automation/Registration Module/New Registration/Flow of New Registration/Third Screen - Upload Supporting Doc - Preview: Test Cases/Final Aug 2018 - PKS Automation/Registration Module/New Registration/Flow of New Registration/Third Screen - Upload Supporting Doc - Preview

2018-12-17 14:08:32 - [TEST_STEP][PASSED] - waitForPageLoad: Wait for page load successfully

2018-12-17 14:08:33 - [MESSAGE][PASSED] - Wait for page load successfully

2018-12-17 14:08:33 - [TEST_STEP][PASSED] - Statement - CaseReferenceNo = com.kms.katalon.core.webui.keyword.WebUiBuiltInKeywords.getText(com.kms.katalon.core.testobject.ObjectRepository.findTestObject(Final Object Repo/New Registration - Registration Module Pages/Third Screen - Upload Supporting Doc- Preview/RefNo Acquiring)): Text of object 'Object Repository/Final Object Repo/New Registration - Registration Module Pages/Third Screen - Upload Supporting Doc- Preview/RefNo Acquiring' is: 'CRN12201800123365'

2018-12-17 14:08:33 - [MESSAGE][PASSED] - Text of object 'Object Repository/Final Object Repo/New Registration - Registration Module Pages/Third Screen - Upload Supporting Doc- Preview/RefNo Acquiring' is: 'CRN12201800123365'

2018-12-17 14:08:33 - [TEST_STEP][PASSED] - delay: Delayed 2 second(s)

2018-12-17 14:08:35 - [MESSAGE][PASSED] - Delayed 2 second(s)

2018-12-17 14:08:35 - [TEST_STEP][PASSED] - callTestCase: Call Test Case 'Test Cases/Final Aug 2018 - PKS Automation/Common/Reference Number Setter' successfully

2018-12-17 14:08:35 - [TEST_CASE][PASSED] - Test Cases/Final Aug 2018 - PKS Automation/Common/Reference Number Setter: Test Cases/Final Aug 2018 - PKS Automation/Common/Reference Number Setter

2018-12-17 14:08:35 - [TEST_STEP][PASSED] - Statement - RefNoOldFile = new java.io.File(C://Users//Admin//Desktop//PKS//Automation Reference Point//KatalonReference.txt): null

2018-12-17 14:08:35 - [TEST_STEP][PASSED] - Statement - RefNoOldFile.delete(): null

2018-12-17 14:08:35 - [TEST_STEP][PASSED] - delay: Delayed 5 second(s)

2018-12-17 14:08:40 - [MESSAGE][PASSED] - Delayed 5 second(s)

2018-12-17 14:08:40 - [TEST_STEP][PASSED] - Statement - RefNo = new java.io.File(C://Users//Admin//Desktop//PKS//Automation Reference Point//KatalonReference.txt): null

2018-12-17 14:08:40 - [TEST_STEP][PASSED] - Statement - f2 = new java.io.FileWriter(RefNo, false): null

2018-12-17 14:08:40 - [TEST_STEP][PASSED] - Statement - f2.write(CaseReferenceNo): null

2018-12-17 14:08:40 - [TEST_STEP][PASSED] - Statement - f2.close(): null

2018-12-17 14:08:40 - [TEST_STEP][PASSED] - Statement - out.println("


" + CaseReferenceNo + "


"): null

2018-12-17 14:08:40 - [MESSAGE][PASSED] - Call Test Case 'Test Cases/Final Aug 2018 - PKS Automation/Common/Reference Number Setter' successfully

2018-12-17 14:08:40 - [TEST_STEP][PASSED] - waitForElementClickable: Object 'Object Repository/Final Object Repo/New Registration - Registration Module Pages/Third Screen - Upload Supporting Doc- Preview/Save n Continue in SIP Employee Listing Page' is clickable

2018-12-17 14:08:40 - [MESSAGE][PASSED] - Object 'Object Repository/Final Object Repo/New Registration - Registration Module Pages/Third Screen - Upload Supporting Doc- Preview/Save n Continue in SIP Employee Listing Page' is clickable

2018-12-17 14:08:40 - [TEST_STEP][PASSED] - click: Object: 'Object Repository/Final Object Repo/New Registration - Registration Module Pages/Third Screen - Upload Supporting Doc- Preview/Save n Continue in SIP Employee Listing Page' is clicked on

2018-12-17 14:08:46 - [MESSAGE][PASSED] - Object: 'Object Repository/Final Object Repo/New Registration - Registration Module Pages/Third Screen - Upload Supporting Doc- Preview/Save n Continue in SIP Employee Listing Page' is clicked on

2018-12-17 14:08:46 - [TEST_STEP][PASSED] - delay: Delayed 7 second(s)

2018-12-17 14:08:53 - [MESSAGE][PASSED] - Delayed 7 second(s)

2018-12-17 14:08:53 - [TEST_STEP][PASSED] - click: Object: 'Object Repository/Final Object Repo/New Registration - Registration Module Pages/Third Screen - Upload Supporting Doc- Preview/Add Document Button' is clicked on

2018-12-17 14:08:53 - [MESSAGE][PASSED] - Object: 'Object Repository/Final Object Repo/New Registration - Registration Module Pages/Third Screen - Upload Supporting Doc- Preview/Add Document Button' is clicked on

2018-12-17 14:08:53 - [TEST_STEP][PASSED] - delay: Delayed 30 second(s)

2018-12-17 14:09:23 - [MESSAGE][PASSED] - Delayed 30 second(s)

2018-12-17 14:09:23 - [TEST_STEP][PASSED] - click: Object: 'Object Repository/Final Object Repo/New Registration - Registration Module Pages/Third Screen - Upload Supporting Doc- Preview/Supporting Doc Please Select Drop Down' is clicked on

2018-12-17 14:09:24 - [MESSAGE][PASSED] - Object: 'Object Repository/Final Object Repo/New Registration - Registration Module Pages/Third Screen - Upload Supporting Doc- Preview/Supporting Doc Please Select Drop Down' is clicked on

2018-12-17 14:09:24 - [TEST_STEP][PASSED] - delay: Delayed 2 second(s)

2018-12-17 14:09:26 - [MESSAGE][PASSED] - Delayed 2 second(s)

2018-12-17 14:09:26 - [TEST_STEP][PASSED] - click: Object: 'Object Repository/Final Object Repo/New Registration - Registration Module Pages/Third Screen - Upload Supporting Doc- Preview/Select to Upload Form 1' is clicked on

2018-12-17 14:09:26 - [MESSAGE][PASSED] - Object: 'Object Repository/Final Object Repo/New Registration - Registration Module Pages/Third Screen - Upload Supporting Doc- Preview/Select to Upload Form 1' is clicked on

2018-12-17 14:09:26 - [TEST_STEP][PASSED] - delay: Delayed 2 second(s)

2018-12-17 14:09:28 - [MESSAGE][PASSED] - Delayed 2 second(s)

2018-12-17 14:09:28 - [TEST_STEP][PASSED] - uploadFile: File 'C:\Users\Public\Pictures\Sample Pictures\Koala.jpg' sent to object: 'Object Repository/Final Object Repo/New Registration - Registration Module Pages/Third Screen - Upload Supporting Doc- Preview/Upload File Adding'

2018-12-17 14:09:28 - [MESSAGE][PASSED] - File 'C:\Users\Public\Pictures\Sample Pictures\Koala.jpg' sent to object: 'Object Repository/Final Object Repo/New Registration - Registration Module Pages/Third Screen - Upload Supporting Doc- Preview/Upload File Adding'

2018-12-17 14:09:28 - [TEST_STEP][PASSED] - delay: Delayed 5 second(s)

2018-12-17 14:09:33 - [MESSAGE][PASSED] - Delayed 5 second(s)

2018-12-17 14:09:33 - [TEST_STEP][PASSED] - click: Object: 'Object Repository/Final Object Repo/New Registration - Registration Module Pages/Third Screen - Upload Supporting Doc- Preview/Inner Form Add Document Button' is clicked on

2018-12-17 14:09:33 - [MESSAGE][PASSED] - Object: 'Object Repository/Final Object Repo/New Registration - Registration Module Pages/Third Screen - Upload Supporting Doc- Preview/Inner Form Add Document Button' is clicked on

2018-12-17 14:09:33 - [TEST_STEP][PASSED] - delay: Delayed 3 second(s)

2018-12-17 14:09:36 - [MESSAGE][PASSED] - Delayed 3 second(s)

2018-12-17 14:09:36 - [TEST_STEP][PASSED] - click: Object: 'Object Repository/Final Object Repo/New Registration - Registration Module Pages/Third Screen - Upload Supporting Doc- Preview/Add Document Button' is clicked on

2018-12-17 14:09:37 - [MESSAGE][PASSED] - Object: 'Object Repository/Final Object Repo/New Registration - Registration Module Pages/Third Screen - Upload Supporting Doc- Preview/Add Document Button' is clicked on

2018-12-17 14:09:37 - [TEST_STEP][PASSED] - delay: Delayed 30 second(s)

2018-12-17 14:10:07 - [MESSAGE][PASSED] - Delayed 30 second(s)

2018-12-17 14:10:07 - [TEST_STEP][PASSED] - click: Object: 'Object Repository/Final Object Repo/New Registration - Registration Module Pages/Third Screen - Upload Supporting Doc- Preview/Supporting Doc Please Select Drop Down' is clicked on

2018-12-17 14:10:08 - [MESSAGE][PASSED] - Object: 'Object Repository/Final Object Repo/New Registration - Registration Module Pages/Third Screen - Upload Supporting Doc- Preview/Supporting Doc Please Select Drop Down' is clicked on

2018-12-17 14:10:08 - [TEST_STEP][PASSED] - delay: Delayed 4 second(s)

2018-12-17 14:10:12 - [MESSAGE][PASSED] - Delayed 4 second(s)

2018-12-17 14:10:12 - [TEST_STEP][PASSED] - click: Object: 'Object Repository/Final Object Repo/New Registration - Registration Module Pages/Third Screen - Upload Supporting Doc- Preview/Select to Upload Form 2' is clicked on

2018-12-17 14:10:12 - [MESSAGE][PASSED] - Object: 'Object Repository/Final Object Repo/New Registration - Registration Module Pages/Third Screen - Upload Supporting Doc- Preview/Select to Upload Form 2' is clicked on

2018-12-17 14:10:12 - [TEST_STEP][PASSED] - delay: Delayed 2 second(s)

2018-12-17 14:10:14 - [MESSAGE][PASSED] - Delayed 2 second(s)

2018-12-17 14:10:14 - [TEST_STEP][PASSED] - uploadFile: File 'C:\Users\Public\Pictures\Sample Pictures\Koala.jpg' sent to object: 'Object Repository/Final Object Repo/New Registration - Registration Module Pages/Third Screen - Upload Supporting Doc- Preview/Upload File Adding'

2018-12-17 14:10:14 - [MESSAGE][PASSED] - File 'C:\Users\Public\Pictures\Sample Pictures\Koala.jpg' sent to object: 'Object Repository/Final Object Repo/New Registration - Registration Module Pages/Third Screen - Upload Supporting Doc- Preview/Upload File Adding'

2018-12-17 14:10:14 - [TEST_STEP][PASSED] - click: Object: 'Object Repository/Final Object Repo/New Registration - Registration Module Pages/Third Screen - Upload Supporting Doc- Preview/Inner Form Add Document Button' is clicked on

2018-12-17 14:10:14 - [MESSAGE][PASSED] - Object: 'Object Repository/Final Object Repo/New Registration - Registration Module Pages/Third Screen - Upload Supporting Doc- Preview/Inner Form Add Document Button' is clicked on

2018-12-17 14:10:14 - [TEST_STEP][PASSED] - delay: Delayed 5 second(s)

2018-12-17 14:10:19 - [MESSAGE][PASSED] - Delayed 5 second(s)

2018-12-17 14:10:19 - [TEST_STEP][PASSED] - click: Object: 'Object Repository/Final Object Repo/New Registration - Registration Module Pages/Third Screen - Upload Supporting Doc- Preview/Add Document Button' is clicked on

2018-12-17 14:10:19 - [MESSAGE][PASSED] - Object: 'Object Repository/Final Object Repo/New Registration - Registration Module Pages/Third Screen - Upload Supporting Doc- Preview/Add Document Button' is clicked on

2018-12-17 14:10:19 - [TEST_STEP][PASSED] - delay: Delayed 30 second(s)

2018-12-17 14:10:49 - [MESSAGE][PASSED] - Delayed 30 second(s)

2018-12-17 14:10:49 - [TEST_STEP][PASSED] - click: Object: 'Object Repository/Final Object Repo/New Registration - Registration Module Pages/Third Screen - Upload Supporting Doc- Preview/Supporting Doc Please Select Drop Down' is clicked on

2018-12-17 14:10:50 - [MESSAGE][PASSED] - Object: 'Object Repository/Final Object Repo/New Registration - Registration Module Pages/Third Screen - Upload Supporting Doc- Preview/Supporting Doc Please Select Drop Down' is clicked on

2018-12-17 14:10:50 - [TEST_STEP][PASSED] - click: Object: 'Object Repository/Final Object Repo/New Registration - Registration Module Pages/Third Screen - Upload Supporting Doc- Preview/Select to Upload Borang SIP 1' is clicked on

2018-12-17 14:10:50 - [MESSAGE][PASSED] - Object: 'Object Repository/Final Object Repo/New Registration - Registration Module Pages/Third Screen - Upload Supporting Doc- Preview/Select to Upload Borang SIP 1' is clicked on

2018-12-17 14:10:50 - [TEST_STEP][PASSED] - delay: Delayed 2 second(s)

2018-12-17 14:10:52 - [MESSAGE][PASSED] - Delayed 2 second(s)

2018-12-17 14:10:52 - [TEST_STEP][PASSED] - uploadFile: File 'C:\Users\Public\Pictures\Sample Pictures\Koala.jpg' sent to object: 'Object Repository/Final Object Repo/New Registration - Registration Module Pages/Third Screen - Upload Supporting Doc- Preview/Upload File Adding'

2018-12-17 14:10:52 - [MESSAGE][PASSED] - File 'C:\Users\Public\Pictures\Sample Pictures\Koala.jpg' sent to object: 'Object Repository/Final Object Repo/New Registration - Registration Module Pages/Third Screen - Upload Supporting Doc- Preview/Upload File Adding'

2018-12-17 14:10:52 - [TEST_STEP][PASSED] - click: Object: 'Object Repository/Final Object Repo/New Registration - Registration Module Pages/Third Screen - Upload Supporting Doc- Preview/Inner Form Add Document Button' is clicked on

2018-12-17 14:10:52 - [MESSAGE][PASSED] - Object: 'Object Repository/Final Object Repo/New Registration - Registration Module Pages/Third Screen - Upload Supporting Doc- Preview/Inner Form Add Document Button' is clicked on

2018-12-17 14:10:52 - [TEST_STEP][PASSED] - delay: Delayed 5 second(s)

2018-12-17 14:10:57 - [MESSAGE][PASSED] - Delayed 5 second(s)

2018-12-17 14:10:57 - [TEST_STEP][PASSED] - click: Object: 'Object Repository/Final Object Repo/New Registration - Registration Module Pages/Third Screen - Upload Supporting Doc- Preview/Add Document Button' is clicked on

2018-12-17 14:10:57 - [MESSAGE][PASSED] - Object: 'Object Repository/Final Object Repo/New Registration - Registration Module Pages/Third Screen - Upload Supporting Doc- Preview/Add Document Button' is clicked on

2018-12-17 14:10:57 - [TEST_STEP][PASSED] - delay: Delayed 30 second(s)

2018-12-17 14:11:27 - [MESSAGE][PASSED] - Delayed 30 second(s)

2018-12-17 14:11:27 - [TEST_STEP][PASSED] - click: Object: 'Object Repository/Final Object Repo/New Registration - Registration Module Pages/Third Screen - Upload Supporting Doc- Preview/Supporting Doc Please Select Drop Down' is clicked on

2018-12-17 14:11:27 - [MESSAGE][PASSED] - Object: 'Object Repository/Final Object Repo/New Registration - Registration Module Pages/Third Screen - Upload Supporting Doc- Preview/Supporting Doc Please Select Drop Down' is clicked on

2018-12-17 14:11:27 - [TEST_STEP][PASSED] - delay: Delayed 3 second(s)

2018-12-17 14:11:30 - [MESSAGE][PASSED] - Delayed 3 second(s)

2018-12-17 14:11:30 - [TEST_STEP][PASSED] - click: Object: 'Object Repository/Final Object Repo/New Registration - Registration Module Pages/Third Screen - Upload Supporting Doc- Preview/Select to Upload Borang SIP 2' is clicked on

2018-12-17 14:11:31 - [MESSAGE][PASSED] - Object: 'Object Repository/Final Object Repo/New Registration - Registration Module Pages/Third Screen - Upload Supporting Doc- Preview/Select to Upload Borang SIP 2' is clicked on

2018-12-17 14:11:31 - [TEST_STEP][PASSED] - delay: Delayed 2 second(s)

2018-12-17 14:11:33 - [MESSAGE][PASSED] - Delayed 2 second(s)

2018-12-17 14:11:33 - [TEST_STEP][PASSED] - uploadFile: File 'C:\Users\Public\Pictures\Sample Pictures\Koala.jpg' sent to object: 'Object Repository/Final Object Repo/New Registration - Registration Module Pages/Third Screen - Upload Supporting Doc- Preview/Upload File Adding'

2018-12-17 14:11:33 - [MESSAGE][PASSED] - File 'C:\Users\Public\Pictures\Sample Pictures\Koala.jpg' sent to object: 'Object Repository/Final Object Repo/New Registration - Registration Module Pages/Third Screen - Upload Supporting Doc- Preview/Upload File Adding'

2018-12-17 14:11:33 - [TEST_STEP][PASSED] - delay: Delayed 5 second(s)

2018-12-17 14:11:38 - [MESSAGE][PASSED] - Delayed 5 second(s)

2018-12-17 14:11:38 - [TEST_STEP][PASSED] - click: Object: 'Object Repository/Final Object Repo/New Registration - Registration Module Pages/Third Screen - Upload Supporting Doc- Preview/Inner Form Add Document Button' is clicked on

2018-12-17 14:11:38 - [MESSAGE][PASSED] - Object: 'Object Repository/Final Object Repo/New Registration - Registration Module Pages/Third Screen - Upload Supporting Doc- Preview/Inner Form Add Document Button' is clicked on

2018-12-17 14:11:38 - [TEST_STEP][PASSED] - delay: Delayed 3 second(s)

2018-12-17 14:11:41 - [MESSAGE][PASSED] - Delayed 3 second(s)

2018-12-17 14:11:41 - [TEST_STEP][PASSED] - waitForElementClickable: Object 'Object Repository/Final Object Repo/New Registration - Registration Module Pages/Third Screen - Upload Supporting Doc- Preview/Save n Continue in Uploading Supporting Doc Page' is clickable

2018-12-17 14:11:43 - [MESSAGE][PASSED] - Object 'Object Repository/Final Object Repo/New Registration - Registration Module Pages/Third Screen - Upload Supporting Doc- Preview/Save n Continue in Uploading Supporting Doc Page' is clickable

2018-12-17 14:11:43 - [TEST_STEP][PASSED] - click: Object: 'Object Repository/Final Object Repo/New Registration - Registration Module Pages/Third Screen - Upload Supporting Doc- Preview/Save n Continue in Uploading Supporting Doc Page' is clicked on

2018-12-17 14:11:43 - [MESSAGE][PASSED] - Object: 'Object Repository/Final Object Repo/New Registration - Registration Module Pages/Third Screen - Upload Supporting Doc- Preview/Save n Continue in Uploading Supporting Doc Page' is clicked on

2018-12-17 14:11:43 - [MESSAGE][PASSED] - Call Test Case 'Test Cases/Final Aug 2018 - PKS Automation/Registration Module/New Registration/Flow of New Registration/Third Screen - Upload Supporting Doc - Preview' successfully

2018-12-17 14:11:43 - [TEST_STEP][PASSED] - setText: Text 'Tester' is set on object 'Object Repository/Final Object Repo/New Registration - Registration Module Pages/New Reg - OTC to RO/Special Case - All Related Objects/Employer Preview Name'

2018-12-17 14:11:48 - [MESSAGE][PASSED] - Text 'Tester' is set on object 'Object Repository/Final Object Repo/New Registration - Registration Module Pages/New Reg - OTC to RO/Special Case - All Related Objects/Employer Preview Name'

2018-12-17 14:11:48 - [TEST_STEP][PASSED] - click: Object: 'Object Repository/Final Object Repo/New Registration - Registration Module Pages/New Reg - OTC to RO/Special Case - All Related Objects/IC Type Drop Down' is clicked on

2018-12-17 14:11:48 - [MESSAGE][PASSED] - Object: 'Object Repository/Final Object Repo/New Registration - Registration Module Pages/New Reg - OTC to RO/Special Case - All Related Objects/IC Type Drop Down' is clicked on

2018-12-17 14:11:48 - [TEST_STEP][PASSED] - click: Object: 'Object Repository/Final Object Repo/New Registration - Registration Module Pages/New Reg - OTC to RO/Special Case - All Related Objects/Select to NRIC' is clicked on

2018-12-17 14:11:48 - [MESSAGE][PASSED] - Object: 'Object Repository/Final Object Repo/New Registration - Registration Module Pages/New Reg - OTC to RO/Special Case - All Related Objects/Select to NRIC' is clicked on

2018-12-17 14:11:48 - [TEST_STEP][PASSED] - setText: Text '133245561223' is set on object 'Object Repository/Final Object Repo/New Registration - Registration Module Pages/New Reg - OTC to RO/Special Case - All Related Objects/IC Value'

2018-12-17 14:11:49 - [MESSAGE][PASSED] - Text '133245561223' is set on object 'Object Repository/Final Object Repo/New Registration - Registration Module Pages/New Reg - OTC to RO/Special Case - All Related Objects/IC Value'

2018-12-17 14:11:49 - [TEST_STEP][PASSED] - setText: Text 'Auto' is set on object 'Object Repository/Final Object Repo/New Registration - Registration Module Pages/New Reg - OTC to RO/Special Case - All Related Objects/Designation'

2018-12-17 14:11:49 - [MESSAGE][PASSED] - Text 'Auto' is set on object 'Object Repository/Final Object Repo/New Registration - Registration Module Pages/New Reg - OTC to RO/Special Case - All Related Objects/Designation'

2018-12-17 14:11:49 - [TEST_STEP][PASSED] - callTestCase: Call Test Case 'Test Cases/Final Aug 2018 - PKS Automation/Registration Module/New Registration/Submit and Screenshot/Submit Registration and Screenshot - Copy' successfully

2018-12-17 14:11:49 - [TEST_CASE][PASSED] - Test Cases/Final Aug 2018 - PKS Automation/Registration Module/New Registration/Submit and Screenshot/Submit Registration and Screenshot - Copy: Test Cases/Final Aug 2018 - PKS Automation/Registration Module/New Registration/Submit and Screenshot/Submit Registration and Screenshot - Copy

2018-12-17 14:11:49 - [TEST_STEP][PASSED] - delay: Delayed 6 second(s)

2018-12-17 14:11:55 - [MESSAGE][PASSED] - Delayed 6 second(s)

2018-12-17 14:11:55 - [TEST_STEP][PASSED] - click: Object: 'Object Repository/Final Object Repo/New Registration - Registration Module Pages/Third Screen - Upload Supporting Doc- Preview/Preview Submit Button' is clicked on

2018-12-17 14:11:55 - [MESSAGE][PASSED] - Object: 'Object Repository/Final Object Repo/New Registration - Registration Module Pages/Third Screen - Upload Supporting Doc- Preview/Preview Submit Button' is clicked on

2018-12-17 14:11:55 - [TEST_STEP][PASSED] - delay: Delayed 2 second(s)

2018-12-17 14:11:57 - [MESSAGE][PASSED] - Delayed 2 second(s)

2018-12-17 14:11:57 - [TEST_STEP][PASSED] - click: Object: 'Object Repository/Final Object Repo/New Registration - Registration Module Pages/Third Screen - Upload Supporting Doc- Preview/Preview Submit - Confirm' is clicked on

2018-12-17 14:11:58 - [MESSAGE][PASSED] - Object: 'Object Repository/Final Object Repo/New Registration - Registration Module Pages/Third Screen - Upload Supporting Doc- Preview/Preview Submit - Confirm' is clicked on

2018-12-17 14:11:58 - [TEST_STEP][PASSED] - delay: Delayed 15 second(s)

2018-12-17 14:12:13 - [MESSAGE][PASSED] - Delayed 15 second(s)

2018-12-17 14:12:13 - [TEST_STEP][PASSED] - Statement - driver = com.kms.katalon.core.webui.driver.DriverFactory.getWebDriver(): null

2018-12-17 14:12:13 - [TEST_STEP][PASSED] - Statement - driver.manage().timeouts().implicitlyWait(10, SECONDS): null

2018-12-17 14:12:13 - [TEST_STEP][PASSED] - Statement - PresavePath = KatalonScreenshots: null

2018-12-17 14:12:13 - [TEST_STEP][PASSED] - Statement - pathPrefix = "C:\Users\Public\Pictures\Sample Pictures\Katalon Screenshots\Automate Ending Screen": null

2018-12-17 14:12:13 - [TEST_STEP][PASSED] - Statement - finalPath = <not implemented yet for class: org.codehaus.groovy.ast.expr.EmptyExpression>: null

2018-12-17 14:12:13 - [TEST_STEP][PASSED] - Statement - scrFile = driver.getScreenshotAs(FILE): null

2018-12-17 14:12:13 - [TEST_STEP][PASSED] - Statement - PreSaveFile = new java.io.File(PresavePath): null

2018-12-17 14:12:13 - [TEST_STEP][PASSED] - Statement - counter = 0: null

2018-12-17 14:12:13 - [TEST_STEP][PASSED] - Statement - If (PreSaveFile.exists()): null

2018-12-17 14:12:13 - [TEST_STEP][PASSED] - Statement - While (PreSaveFile.exists()): null

2018-12-17 14:12:13 - [TEST_STEP][PASSED] - Statement - counter = counter + 1: null

2018-12-17 14:12:13 - [TEST_STEP][PASSED] - Statement - PreSaveFile = new java.io.File(((pathPrefix + java.lang.Integer.toString(counter)) + .png)): null

2018-12-17 14:12:13 - [TEST_STEP][PASSED] - Statement - counter = counter + 1: null

2018-12-17 14:12:13 - [TEST_STEP][PASSED] - Statement - PreSaveFile = new java.io.File(((pathPrefix + java.lang.Integer.toString(counter)) + .png)): null

2018-12-17 14:12:13 - [TEST_STEP][PASSED] - Statement - counter = counter + 1: null

2018-12-17 14:12:13 - [TEST_STEP][PASSED] - Statement - PreSaveFile = new java.io.File(((pathPrefix + java.lang.Integer.toString(counter)) + .png)): null

2018-12-17 14:12:13 - [TEST_STEP][PASSED] - Statement - counter = counter + 1: null

2018-12-17 14:12:13 - [TEST_STEP][PASSED] - Statement - PreSaveFile = new java.io.File(((pathPrefix + java.lang.Integer.toString(counter)) + .png)): null

2018-12-17 14:12:13 - [TEST_STEP][PASSED] - Statement - counter = counter + 1: null

2018-12-17 14:12:13 - [TEST_STEP][PASSED] - Statement - PreSaveFile = new java.io.File(((pathPrefix + java.lang.Integer.toString(counter)) + .png)): null

2018-12-17 14:12:13 - [TEST_STEP][PASSED] - Statement - counter = counter + 1: null

2018-12-17 14:12:13 - [TEST_STEP][PASSED] - Statement - PreSaveFile = new java.io.File(((pathPrefix + java.lang.Integer.toString(counter)) + .png)): null

2018-12-17 14:12:13 - [TEST_STEP][PASSED] - Statement - counter = counter + 1: null

2018-12-17 14:12:13 - [TEST_STEP][PASSED] - Statement - PreSaveFile = new java.io.File(((pathPrefix + java.lang.Integer.toString(counter)) + .png)): null

2018-12-17 14:12:13 - [TEST_STEP][PASSED] - Statement - counter = counter + 1: null

2018-12-17 14:12:13 - [TEST_STEP][PASSED] - Statement - PreSaveFile = new java.io.File(((pathPrefix + java.lang.Integer.toString(counter)) + .png)): null

2018-12-17 14:12:13 - [TEST_STEP][PASSED] - Statement - counter = counter + 1: null

2018-12-17 14:12:13 - [TEST_STEP][PASSED] - Statement - PreSaveFile = new java.io.File(((pathPrefix + java.lang.Integer.toString(counter)) + .png)): null

2018-12-17 14:12:13 - [TEST_STEP][PASSED] - Statement - counter = counter + 1: null

2018-12-17 14:12:13 - [TEST_STEP][PASSED] - Statement - PreSaveFile = new java.io.File(((pathPrefix + java.lang.Integer.toString(counter)) + .png)): null

2018-12-17 14:12:13 - [TEST_STEP][PASSED] - Statement - counter = counter + 1: null

2018-12-17 14:12:13 - [TEST_STEP][PASSED] - Statement - PreSaveFile = new java.io.File(((pathPrefix + java.lang.Integer.toString(counter)) + .png)): null

2018-12-17 14:12:13 - [TEST_STEP][PASSED] - Statement - counter = counter + 1: null

2018-12-17 14:12:13 - [TEST_STEP][PASSED] - Statement - PreSaveFile = new java.io.File(((pathPrefix + java.lang.Integer.toString(counter)) + .png)): null

2018-12-17 14:12:13 - [TEST_STEP][PASSED] - Statement - counter = counter + 1: null

2018-12-17 14:12:13 - [TEST_STEP][PASSED] - Statement - PreSaveFile = new java.io.File(((pathPrefix + java.lang.Integer.toString(counter)) + .png)): null

2018-12-17 14:12:13 - [TEST_STEP][PASSED] - Statement - counter = counter + 1: null

2018-12-17 14:12:13 - [TEST_STEP][PASSED] - Statement - PreSaveFile = new java.io.File(((pathPrefix + java.lang.Integer.toString(counter)) + .png)): null

2018-12-17 14:12:13 - [TEST_STEP][PASSED] - Statement - counter = counter + 1: null

2018-12-17 14:12:13 - [TEST_STEP][PASSED] - Statement - PreSaveFile = new java.io.File(((pathPrefix + java.lang.Integer.toString(counter)) + .png)): null

2018-12-17 14:12:13 - [TEST_STEP][PASSED] - Statement - counter = counter + 1: null

2018-12-17 14:12:13 - [TEST_STEP][PASSED] - Statement - PreSaveFile = new java.io.File(((pathPrefix + java.lang.Integer.toString(counter)) + .png)): null

2018-12-17 14:12:13 - [TEST_STEP][PASSED] - Statement - counter = counter + 1: null

2018-12-17 14:12:14 - [TEST_STEP][PASSED] - Statement - PreSaveFile = new java.io.File(((pathPrefix + java.lang.Integer.toString(counter)) + .png)): null

2018-12-17 14:12:14 - [TEST_STEP][PASSED] - Statement - counter = counter + 1: null

2018-12-17 14:12:14 - [TEST_STEP][PASSED] - Statement - PreSaveFile = new java.io.File(((pathPrefix + java.lang.Integer.toString(counter)) + .png)): null

2018-12-17 14:12:14 - [TEST_STEP][PASSED] - Statement - counter = counter + 1: null

2018-12-17 14:12:14 - [TEST_STEP][PASSED] - Statement - PreSaveFile = new java.io.File(((pathPrefix + java.lang.Integer.toString(counter)) + .png)): null

2018-12-17 14:12:14 - [TEST_STEP][PASSED] - Statement - counter = counter + 1: null

2018-12-17 14:12:14 - [TEST_STEP][PASSED] - Statement - PreSaveFile = new java.io.File(((pathPrefix + java.lang.Integer.toString(counter)) + .png)): null

2018-12-17 14:12:14 - [TEST_STEP][PASSED] - Statement - counter = counter + 1: null

2018-12-17 14:12:14 - [TEST_STEP][PASSED] - Statement - PreSaveFile = new java.io.File(((pathPrefix + java.lang.Integer.toString(counter)) + .png)): null

2018-12-17 14:12:14 - [TEST_STEP][PASSED] - Statement - counter = counter + 1: null

2018-12-17 14:12:14 - [TEST_STEP][PASSED] - Statement - PreSaveFile = new java.io.File(((pathPrefix + java.lang.Integer.toString(counter)) + .png)): null

2018-12-17 14:12:14 - [TEST_STEP][PASSED] - Statement - counter = counter + 1: null

2018-12-17 14:12:14 - [TEST_STEP][PASSED] - Statement - PreSaveFile = new java.io.File(((pathPrefix + java.lang.Integer.toString(counter)) + .png)): null

2018-12-17 14:12:14 - [TEST_STEP][PASSED] - Statement - counter = counter + 1: null

2018-12-17 14:12:14 - [TEST_STEP][PASSED] - Statement - PreSaveFile = new java.io.File(((pathPrefix + java.lang.Integer.toString(counter)) + .png)): null

2018-12-17 14:12:14 - [TEST_STEP][PASSED] - Statement - counter = counter + 1: null

2018-12-17 14:12:14 - [TEST_STEP][PASSED] - Statement - PreSaveFile = new java.io.File(((pathPrefix + java.lang.Integer.toString(counter)) + .png)): null

2018-12-17 14:12:14 - [TEST_STEP][PASSED] - Statement - counter = counter + 1: null

2018-12-17 14:12:14 - [TEST_STEP][PASSED] - Statement - PreSaveFile = new java.io.File(((pathPrefix + java.lang.Integer.toString(counter)) + .png)): null

2018-12-17 14:12:14 - [TEST_STEP][PASSED] - Statement - counter = counter + 1: null

2018-12-17 14:12:14 - [TEST_STEP][PASSED] - Statement - PreSaveFile = new java.io.File(((pathPrefix + java.lang.Integer.toString(counter)) + .png)): null

2018-12-17 14:12:14 - [TEST_STEP][PASSED] - Statement - counter = counter + 1: null

2018-12-17 14:12:14 - [TEST_STEP][PASSED] - Statement - PreSaveFile = new java.io.File(((pathPrefix + java.lang.Integer.toString(counter)) + .png)): null

2018-12-17 14:12:14 - [TEST_STEP][PASSED] - Statement - counter = counter + 1: null

2018-12-17 14:12:14 - [TEST_STEP][PASSED] - Statement - PreSaveFile = new java.io.File(((pathPrefix + java.lang.Integer.toString(counter)) + .png)): null

2018-12-17 14:12:14 - [TEST_STEP][PASSED] - Statement - counter = counter + 1: null

2018-12-17 14:12:14 - [TEST_STEP][PASSED] - Statement - PreSaveFile = new java.io.File(((pathPrefix + java.lang.Integer.toString(counter)) + .png)): null

2018-12-17 14:12:14 - [TEST_STEP][PASSED] - Statement - counter = counter + 1: null

2018-12-17 14:12:14 - [TEST_STEP][PASSED] - Statement - PreSaveFile = new java.io.File(((pathPrefix + java.lang.Integer.toString(counter)) + .png)): null

2018-12-17 14:12:14 - [TEST_STEP][PASSED] - Statement - counter = counter + 1: null

2018-12-17 14:12:14 - [TEST_STEP][PASSED] - Statement - PreSaveFile = new java.io.File(((pathPrefix + java.lang.Integer.toString(counter)) + .png)): null

2018-12-17 14:12:15 - [TEST_STEP][PASSED] - Statement - counter = counter + 1: null

2018-12-17 14:12:15 - [TEST_STEP][PASSED] - Statement - PreSaveFile = new java.io.File(((pathPrefix + java.lang.Integer.toString(counter)) + .png)): null

2018-12-17 14:12:15 - [TEST_STEP][PASSED] - Statement - counter = counter + 1: null

2018-12-17 14:12:15 - [TEST_STEP][PASSED] - Statement - PreSaveFile = new java.io.File(((pathPrefix + java.lang.Integer.toString(counter)) + .png)): null

2018-12-17 14:12:15 - [TEST_STEP][PASSED] - Statement - counter = counter + 1: null

2018-12-17 14:12:15 - [TEST_STEP][PASSED] - Statement - PreSaveFile = new java.io.File(((pathPrefix + java.lang.Integer.toString(counter)) + .png)): null

2018-12-17 14:12:15 - [TEST_STEP][PASSED] - Statement - counter = counter + 1: null

2018-12-17 14:12:15 - [TEST_STEP][PASSED] - Statement - PreSaveFile = new java.io.File(((pathPrefix + java.lang.Integer.toString(counter)) + .png)): null

2018-12-17 14:12:15 - [TEST_STEP][PASSED] - Statement - counter = counter + 1: null

2018-12-17 14:12:15 - [TEST_STEP][PASSED] - Statement - PreSaveFile = new java.io.File(((pathPrefix + java.lang.Integer.toString(counter)) + .png)): null

2018-12-17 14:12:15 - [TEST_STEP][PASSED] - Statement - counter = counter + 1: null

2018-12-17 14:12:15 - [TEST_STEP][PASSED] - Statement - PreSaveFile = new java.io.File(((pathPrefix + java.lang.Integer.toString(counter)) + .png)): null

2018-12-17 14:12:15 - [TEST_STEP][PASSED] - Statement - counter = counter + 1: null

2018-12-17 14:12:15 - [TEST_STEP][PASSED] - Statement - PreSaveFile = new java.io.File(((pathPrefix + java.lang.Integer.toString(counter)) + .png)): null

2018-12-17 14:12:15 - [TEST_STEP][PASSED] - Statement - counter = counter + 1: null

2018-12-17 14:12:15 - [TEST_STEP][PASSED] - Statement - PreSaveFile = new java.io.File(((pathPrefix + java.lang.Integer.toString(counter)) + .png)): null

2018-12-17 14:12:15 - [TEST_STEP][PASSED] - Statement - counter = counter + 1: null

2018-12-17 14:12:15 - [TEST_STEP][PASSED] - Statement - PreSaveFile = new java.io.File(((pathPrefix + java.lang.Integer.toString(counter)) + .png)): null

2018-12-17 14:12:15 - [TEST_STEP][PASSED] - Statement - counter = counter + 1: null

2018-12-17 14:12:15 - [TEST_STEP][PASSED] - Statement - PreSaveFile = new java.io.File(((pathPrefix + java.lang.Integer.toString(counter)) + .png)): null

2018-12-17 14:12:15 - [TEST_STEP][PASSED] - Statement - counter = counter + 1: null

2018-12-17 14:12:15 - [TEST_STEP][PASSED] - Statement - PreSaveFile = new java.io.File(((pathPrefix + java.lang.Integer.toString(counter)) + .png)): null

2018-12-17 14:12:15 - [TEST_STEP][PASSED] - Statement - counter = counter + 1: null

2018-12-17 14:12:15 - [TEST_STEP][PASSED] - Statement - PreSaveFile = new java.io.File(((pathPrefix + java.lang.Integer.toString(counter)) + .png)): null

2018-12-17 14:12:15 - [TEST_STEP][PASSED] - Statement - counter = counter + 1: null

2018-12-17 14:12:15 - [TEST_STEP][PASSED] - Statement - PreSaveFile = new java.io.File(((pathPrefix + java.lang.Integer.toString(counter)) + .png)): null

2018-12-17 14:12:15 - [TEST_STEP][PASSED] - Statement - counter = counter + 1: null

2018-12-17 14:12:15 - [TEST_STEP][PASSED] - Statement - PreSaveFile = new java.io.File(((pathPrefix + java.lang.Integer.toString(counter)) + .png)): null

2018-12-17 14:12:15 - [TEST_STEP][PASSED] - Statement - counter = counter + 1: null

2018-12-17 14:12:15 - [TEST_STEP][PASSED] - Statement - PreSaveFile = new java.io.File(((pathPrefix + java.lang.Integer.toString(counter)) + .png)): null

2018-12-17 14:12:16 - [TEST_STEP][PASSED] - Statement - counter = counter + 1: null

2018-12-17 14:12:16 - [TEST_STEP][PASSED] - Statement - PreSaveFile = new java.io.File(((pathPrefix + java.lang.Integer.toString(counter)) + .png)): null

2018-12-17 14:12:16 - [TEST_STEP][PASSED] - Statement - counter = counter + 1: null

2018-12-17 14:12:16 - [TEST_STEP][PASSED] - Statement - PreSaveFile = new java.io.File(((pathPrefix + java.lang.Integer.toString(counter)) + .png)): null

2018-12-17 14:12:16 - [TEST_STEP][PASSED] - Statement - counter = counter + 1: null

2018-12-17 14:12:16 - [TEST_STEP][PASSED] - Statement - PreSaveFile = new java.io.File(((pathPrefix + java.lang.Integer.toString(counter)) + .png)): null

2018-12-17 14:12:16 - [TEST_STEP][PASSED] - Statement - counter = counter + 1: null

2018-12-17 14:12:16 - [TEST_STEP][PASSED] - Statement - PreSaveFile = new java.io.File(((pathPrefix + java.lang.Integer.toString(counter)) + .png)): null

2018-12-17 14:12:16 - [TEST_STEP][PASSED] - Statement - counter = counter + 1: null

2018-12-17 14:12:16 - [TEST_STEP][PASSED] - Statement - PreSaveFile = new java.io.File(((pathPrefix + java.lang.Integer.toString(counter)) + .png)): null

2018-12-17 14:12:16 - [TEST_STEP][PASSED] - Statement - counter = counter + 1: null

2018-12-17 14:12:16 - [TEST_STEP][PASSED] - Statement - PreSaveFile = new java.io.File(((pathPrefix + java.lang.Integer.toString(counter)) + .png)): null

2018-12-17 14:12:16 - [TEST_STEP][PASSED] - Statement - counter = counter + 1: null

2018-12-17 14:12:16 - [TEST_STEP][PASSED] - Statement - PreSaveFile = new java.io.File(((pathPrefix + java.lang.Integer.toString(counter)) + .png)): null

2018-12-17 14:12:16 - [TEST_STEP][PASSED] - Statement - counter = counter + 1: null

2018-12-17 14:12:16 - [TEST_STEP][PASSED] - Statement - PreSaveFile = new java.io.File(((pathPrefix + java.lang.Integer.toString(counter)) + .png)): null

2018-12-17 14:12:16 - [TEST_STEP][PASSED] - Statement - counter = counter + 1: null

2018-12-17 14:12:16 - [TEST_STEP][PASSED] - Statement - PreSaveFile = new java.io.File(((pathPrefix + java.lang.Integer.toString(counter)) + .png)): null

2018-12-17 14:12:16 - [TEST_STEP][PASSED] - Statement - counter = counter + 1: null

2018-12-17 14:12:16 - [TEST_STEP][PASSED] - Statement - PreSaveFile = new java.io.File(((pathPrefix + java.lang.Integer.toString(counter)) + .png)): null

2018-12-17 14:12:16 - [TEST_STEP][PASSED] - Statement - counter = counter + 1: null

2018-12-17 14:12:16 - [TEST_STEP][PASSED] - Statement - PreSaveFile = new java.io.File(((pathPrefix + java.lang.Integer.toString(counter)) + .png)): null

2018-12-17 14:12:16 - [TEST_STEP][PASSED] - Statement - counter = counter + 1: null

2018-12-17 14:12:16 - [TEST_STEP][PASSED] - Statement - PreSaveFile = new java.io.File(((pathPrefix + java.lang.Integer.toString(counter)) + .png)): null

2018-12-17 14:12:16 - [TEST_STEP][PASSED] - Statement - counter = counter + 1: null

2018-12-17 14:12:16 - [TEST_STEP][PASSED] - Statement - PreSaveFile = new java.io.File(((pathPrefix + java.lang.Integer.toString(counter)) + .png)): null

2018-12-17 14:12:16 - [TEST_STEP][PASSED] - Statement - counter = counter + 1: null

2018-12-17 14:12:16 - [TEST_STEP][PASSED] - Statement - PreSaveFile = new java.io.File(((pathPrefix + java.lang.Integer.toString(counter)) + .png)): null

2018-12-17 14:12:16 - [TEST_STEP][PASSED] - Statement - counter = counter + 1: null

2018-12-17 14:12:16 - [TEST_STEP][PASSED] - Statement - PreSaveFile = new java.io.File(((pathPrefix + java.lang.Integer.toString(counter)) + .png)): null

2018-12-17 14:12:16 - [TEST_STEP][PASSED] - Statement - counter = counter + 1: null

2018-12-17 14:12:16 - [TEST_STEP][PASSED] - Statement - PreSaveFile = new java.io.File(((pathPrefix + java.lang.Integer.toString(counter)) + .png)): null

2018-12-17 14:12:16 - [TEST_STEP][PASSED] - Statement - counter = counter + 1: null

2018-12-17 14:12:16 - [TEST_STEP][PASSED] - Statement - PreSaveFile = new java.io.File(((pathPrefix + java.lang.Integer.toString(counter)) + .png)): null

2018-12-17 14:12:16 - [TEST_STEP][PASSED] - Statement - counter = counter + 1: null

2018-12-17 14:12:16 - [TEST_STEP][PASSED] - Statement - PreSaveFile = new java.io.File(((pathPrefix + java.lang.Integer.toString(counter)) + .png)): null

2018-12-17 14:12:16 - [TEST_STEP][PASSED] - Statement - counter = counter + 1: null

2018-12-17 14:12:16 - [TEST_STEP][PASSED] - Statement - PreSaveFile = new java.io.File(((pathPrefix + java.lang.Integer.toString(counter)) + .png)): null

2018-12-17 14:12:17 - [TEST_STEP][PASSED] - Statement - counter = counter + 1: null

2018-12-17 14:12:17 - [TEST_STEP][PASSED] - Statement - PreSaveFile = new java.io.File(((pathPrefix + java.lang.Integer.toString(counter)) + .png)): null

2018-12-17 14:12:17 - [TEST_STEP][PASSED] - Statement - counter = counter + 1: null

2018-12-17 14:12:17 - [TEST_STEP][PASSED] - Statement - PreSaveFile = new java.io.File(((pathPrefix + java.lang.Integer.toString(counter)) + .png)): null

2018-12-17 14:12:17 - [TEST_STEP][PASSED] - Statement - counter = counter + 1: null

2018-12-17 14:12:17 - [TEST_STEP][PASSED] - Statement - PreSaveFile = new java.io.File(((pathPrefix + java.lang.Integer.toString(counter)) + .png)): null

2018-12-17 14:12:17 - [TEST_STEP][PASSED] - Statement - counter = counter + 1: null

2018-12-17 14:12:17 - [TEST_STEP][PASSED] - Statement - PreSaveFile = new java.io.File(((pathPrefix + java.lang.Integer.toString(counter)) + .png)): null

2018-12-17 14:12:17 - [TEST_STEP][PASSED] - Statement - counter = counter + 1: null

2018-12-17 14:12:17 - [TEST_STEP][PASSED] - Statement - PreSaveFile = new java.io.File(((pathPrefix + java.lang.Integer.toString(counter)) + .png)): null

2018-12-17 14:12:17 - [TEST_STEP][PASSED] - Statement - counter = counter + 1: null

2018-12-17 14:12:17 - [TEST_STEP][PASSED] - Statement - PreSaveFile = new java.io.File(((pathPrefix + java.lang.Integer.toString(counter)) + .png)): null

2018-12-17 14:12:17 - [TEST_STEP][PASSED] - Statement - counter = counter + 1: null

2018-12-17 14:12:17 - [TEST_STEP][PASSED] - Statement - PreSaveFile = new java.io.File(((pathPrefix + java.lang.Integer.toString(counter)) + .png)): null

2018-12-17 14:12:17 - [TEST_STEP][PASSED] - Statement - counter = counter + 1: null

2018-12-17 14:12:17 - [TEST_STEP][PASSED] - Statement - PreSaveFile = new java.io.File(((pathPrefix + java.lang.Integer.toString(counter)) + .png)): null

2018-12-17 14:12:17 - [TEST_STEP][PASSED] - Statement - counter = counter + 1: null

2018-12-17 14:12:17 - [TEST_STEP][PASSED] - Statement - PreSaveFile = new java.io.File(((pathPrefix + java.lang.Integer.toString(counter)) + .png)): null

2018-12-17 14:12:17 - [TEST_STEP][PASSED] - Statement - counter = counter + 1: null

2018-12-17 14:12:17 - [TEST_STEP][PASSED] - Statement - PreSaveFile = new java.io.File(((pathPrefix + java.lang.Integer.toString(counter)) + .png)): null

2018-12-17 14:12:17 - [TEST_STEP][PASSED] - Statement - counter = counter + 1: null

2018-12-17 14:12:17 - [TEST_STEP][PASSED] - Statement - PreSaveFile = new java.io.File(((pathPrefix + java.lang.Integer.toString(counter)) + .png)): null

2018-12-17 14:12:17 - [TEST_STEP][PASSED] - Statement - counter = counter + 1: null

2018-12-17 14:12:17 - [TEST_STEP][PASSED] - Statement - PreSaveFile = new java.io.File(((pathPrefix + java.lang.Integer.toString(counter)) + .png)): null

2018-12-17 14:12:17 - [TEST_STEP][PASSED] - Statement - counter = counter + 1: null

2018-12-17 14:12:17 - [TEST_STEP][PASSED] - Statement - PreSaveFile = new java.io.File(((pathPrefix + java.lang.Integer.toString(counter)) + .png)): null

2018-12-17 14:12:17 - [TEST_STEP][PASSED] - Statement - counter = counter + 1: null

2018-12-17 14:12:17 - [TEST_STEP][PASSED] - Statement - PreSaveFile = new java.io.File(((pathPrefix + java.lang.Integer.toString(counter)) + .png)): null

2018-12-17 14:12:17 - [TEST_STEP][PASSED] - Statement - counter = counter + 1: null

2018-12-17 14:12:18 - [TEST_STEP][PASSED] - Statement - PreSaveFile = new java.io.File(((pathPrefix + java.lang.Integer.toString(counter)) + .png)): null

2018-12-17 14:12:18 - [TEST_STEP][PASSED] - Statement - counter = counter + 1: null

2018-12-17 14:12:18 - [TEST_STEP][PASSED] - Statement - PreSaveFile = new java.io.File(((pathPrefix + java.lang.Integer.toString(counter)) + .png)): null

2018-12-17 14:12:18 - [TEST_STEP][PASSED] - Statement - counter = counter + 1: null

2018-12-17 14:12:18 - [TEST_STEP][PASSED] - Statement - PreSaveFile = new java.io.File(((pathPrefix + java.lang.Integer.toString(counter)) + .png)): null

2018-12-17 14:12:18 - [TEST_STEP][PASSED] - Statement - counter = counter + 1: null

2018-12-17 14:12:18 - [TEST_STEP][PASSED] - Statement - PreSaveFile = new java.io.File(((pathPrefix + java.lang.Integer.toString(counter)) + .png)): null

2018-12-17 14:12:18 - [TEST_STEP][PASSED] - Statement - counter = counter + 1: null

2018-12-17 14:12:18 - [TEST_STEP][PASSED] - Statement - PreSaveFile = new java.io.File(((pathPrefix + java.lang.Integer.toString(counter)) + .png)): null

2018-12-17 14:12:18 - [TEST_STEP][PASSED] - Statement - counter = counter + 1: null

2018-12-17 14:12:18 - [TEST_STEP][PASSED] - Statement - PreSaveFile = new java.io.File(((pathPrefix + java.lang.Integer.toString(counter)) + .png)): null

2018-12-17 14:12:18 - [TEST_STEP][PASSED] - Statement - counter = counter + 1: null

2018-12-17 14:12:18 - [TEST_STEP][PASSED] - Statement - PreSaveFile = new java.io.File(((pathPrefix + java.lang.Integer.toString(counter)) + .png)): null

2018-12-17 14:12:18 - [TEST_STEP][PASSED] - Statement - counter = counter + 1: null

2018-12-17 14:12:18 - [TEST_STEP][PASSED] - Statement - PreSaveFile = new java.io.File(((pathPrefix + java.lang.Integer.toString(counter)) + .png)): null

2018-12-17 14:12:18 - [TEST_STEP][PASSED] - Statement - counter = counter + 1: null

2018-12-17 14:12:18 - [TEST_STEP][PASSED] - Statement - PreSaveFile = new java.io.File(((pathPrefix + java.lang.Integer.toString(counter)) + .png)): null

2018-12-17 14:12:18 - [TEST_STEP][PASSED] - Statement - counter = counter + 1: null

2018-12-17 14:12:18 - [TEST_STEP][PASSED] - Statement - PreSaveFile = new java.io.File(((pathPrefix + java.lang.Integer.toString(counter)) + .png)): null

2018-12-17 14:12:18 - [TEST_STEP][PASSED] - Statement - counter = counter + 1: null

2018-12-17 14:12:18 - [TEST_STEP][PASSED] - Statement - PreSaveFile = new java.io.File(((pathPrefix + java.lang.Integer.toString(counter)) + .png)): null

2018-12-17 14:12:18 - [TEST_STEP][PASSED] - Statement - counter = counter + 1: null

2018-12-17 14:12:18 - [TEST_STEP][PASSED] - Statement - PreSaveFile = new java.io.File(((pathPrefix + java.lang.Integer.toString(counter)) + .png)): null

2018-12-17 14:12:18 - [TEST_STEP][PASSED] - Statement - counter = counter + 1: null

2018-12-17 14:12:18 - [TEST_STEP][PASSED] - Statement - PreSaveFile = new java.io.File(((pathPrefix + java.lang.Integer.toString(counter)) + .png)): null

2018-12-17 14:12:18 - [TEST_STEP][PASSED] - Statement - counter = counter + 1: null

2018-12-17 14:12:18 - [TEST_STEP][PASSED] - Statement - PreSaveFile = new java.io.File(((pathPrefix + java.lang.Integer.toString(counter)) + .png)): null

2018-12-17 14:12:18 - [TEST_STEP][PASSED] - Statement - counter = counter + 1: null

2018-12-17 14:12:18 - [TEST_STEP][PASSED] - Statement - PreSaveFile = new java.io.File(((pathPrefix + java.lang.Integer.toString(counter)) + .png)): null

2018-12-17 14:12:19 - [TEST_STEP][PASSED] - Statement - counter = counter + 1: null

2018-12-17 14:12:19 - [TEST_STEP][PASSED] - Statement - PreSaveFile = new java.io.File(((pathPrefix + java.lang.Integer.toString(counter)) + .png)): null

2018-12-17 14:12:19 - [TEST_STEP][PASSED] - Statement - counter = counter + 1: null

2018-12-17 14:12:19 - [TEST_STEP][PASSED] - Statement - PreSaveFile = new java.io.File(((pathPrefix + java.lang.Integer.toString(counter)) + .png)): null

2018-12-17 14:12:19 - [TEST_STEP][PASSED] - Statement - counter = counter + 1: null

2018-12-17 14:12:19 - [TEST_STEP][PASSED] - Statement - PreSaveFile = new java.io.File(((pathPrefix + java.lang.Integer.toString(counter)) + .png)): null

2018-12-17 14:12:19 - [TEST_STEP][PASSED] - Statement - counter = counter + 1: null

2018-12-17 14:12:19 - [TEST_STEP][PASSED] - Statement - PreSaveFile = new java.io.File(((pathPrefix + java.lang.Integer.toString(counter)) + .png)): null

2018-12-17 14:12:19 - [TEST_STEP][PASSED] - Statement - counter = counter + 1: null

2018-12-17 14:12:19 - [TEST_STEP][PASSED] - Statement - PreSaveFile = new java.io.File(((pathPrefix + java.lang.Integer.toString(counter)) + .png)): null

2018-12-17 14:12:19 - [TEST_STEP][PASSED] - Statement - counter = counter + 1: null

2018-12-17 14:12:19 - [TEST_STEP][PASSED] - Statement - PreSaveFile = new java.io.File(((pathPrefix + java.lang.Integer.toString(counter)) + .png)): null

2018-12-17 14:12:19 - [TEST_STEP][PASSED] - Statement - counter = counter + 1: null

2018-12-17 14:12:19 - [TEST_STEP][PASSED] - Statement - PreSaveFile = new java.io.File(((pathPrefix + java.lang.Integer.toString(counter)) + .png)): null

2018-12-17 14:12:19 - [TEST_STEP][PASSED] - Statement - counter = counter + 1: null

2018-12-17 14:12:19 - [TEST_STEP][PASSED] - Statement - PreSaveFile = new java.io.File(((pathPrefix + java.lang.Integer.toString(counter)) + .png)): null

2018-12-17 14:12:19 - [TEST_STEP][PASSED] - Statement - counter = counter + 1: null

2018-12-17 14:12:19 - [TEST_STEP][PASSED] - Statement - PreSaveFile = new java.io.File(((pathPrefix + java.lang.Integer.toString(counter)) + .png)): null

2018-12-17 14:12:19 - [TEST_STEP][PASSED] - Statement - counter = counter + 1: null

2018-12-17 14:12:19 - [TEST_STEP][PASSED] - Statement - PreSaveFile = new java.io.File(((pathPrefix + java.lang.Integer.toString(counter)) + .png)): null

2018-12-17 14:12:19 - [TEST_STEP][PASSED] - Statement - counter = counter + 1: null

2018-12-17 14:12:19 - [TEST_STEP][PASSED] - Statement - PreSaveFile = new java.io.File(((pathPrefix + java.lang.Integer.toString(counter)) + .png)): null

2018-12-17 14:12:19 - [TEST_STEP][PASSED] - Statement - counter = counter + 1: null

2018-12-17 14:12:19 - [TEST_STEP][PASSED] - Statement - PreSaveFile = new java.io.File(((pathPrefix + java.lang.Integer.toString(counter)) + .png)): null

2018-12-17 14:12:19 - [TEST_STEP][PASSED] - Statement - counter = counter + 1: null

2018-12-17 14:12:19 - [TEST_STEP][PASSED] - Statement - PreSaveFile = new java.io.File(((pathPrefix + java.lang.Integer.toString(counter)) + .png)): null

2018-12-17 14:12:19 - [TEST_STEP][PASSED] - Statement - counter = counter + 1: null

2018-12-17 14:12:19 - [TEST_STEP][PASSED] - Statement - PreSaveFile = new java.io.File(((pathPrefix + java.lang.Integer.toString(counter)) + .png)): null

2018-12-17 14:12:19 - [TEST_STEP][PASSED] - Statement - counter = counter + 1: null

2018-12-17 14:12:20 - [TEST_STEP][PASSED] - Statement - PreSaveFile = new java.io.File(((pathPrefix + java.lang.Integer.toString(counter)) + .png)): null

2018-12-17 14:12:20 - [TEST_STEP][PASSED] - Statement - counter = counter + 1: null

2018-12-17 14:12:20 - [TEST_STEP][PASSED] - Statement - PreSaveFile = new java.io.File(((pathPrefix + java.lang.Integer.toString(counter)) + .png)): null

2018-12-17 14:12:20 - [TEST_STEP][PASSED] - Statement - counter = counter + 1: null

2018-12-17 14:12:20 - [TEST_STEP][PASSED] - Statement - PreSaveFile = new java.io.File(((pathPrefix + java.lang.Integer.toString(counter)) + .png)): null

2018-12-17 14:12:20 - [TEST_STEP][PASSED] - Statement - counter = counter + 1: null

2018-12-17 14:12:20 - [TEST_STEP][PASSED] - Statement - PreSaveFile = new java.io.File(((pathPrefix + java.lang.Integer.toString(counter)) + .png)): null

2018-12-17 14:12:20 - [TEST_STEP][PASSED] - Statement - counter = counter + 1: null

2018-12-17 14:12:20 - [TEST_STEP][PASSED] - Statement - PreSaveFile = new java.io.File(((pathPrefix + java.lang.Integer.toString(counter)) + .png)): null

2018-12-17 14:12:20 - [TEST_STEP][PASSED] - Statement - counter = counter + 1: null

2018-12-17 14:12:20 - [TEST_STEP][PASSED] - Statement - PreSaveFile = new java.io.File(((pathPrefix + java.lang.Integer.toString(counter)) + .png)): null

2018-12-17 14:12:20 - [TEST_STEP][PASSED] - Statement - counter = counter + 1: null

2018-12-17 14:12:20 - [TEST_STEP][PASSED] - Statement - PreSaveFile = new java.io.File(((pathPrefix + java.lang.Integer.toString(counter)) + .png)): null

2018-12-17 14:12:20 - [TEST_STEP][PASSED] - Statement - counter = counter + 1: null

2018-12-17 14:12:20 - [TEST_STEP][PASSED] - Statement - PreSaveFile = new java.io.File(((pathPrefix + java.lang.Integer.toString(counter)) + .png)): null

2018-12-17 14:12:20 - [TEST_STEP][PASSED] - Statement - counter = counter + 1: null

2018-12-17 14:12:20 - [TEST_STEP][PASSED] - Statement - PreSaveFile = new java.io.File(((pathPrefix + java.lang.Integer.toString(counter)) + .png)): null

2018-12-17 14:12:20 - [TEST_STEP][PASSED] - Statement - counter = counter + 1: null

2018-12-17 14:12:20 - [TEST_STEP][PASSED] - Statement - PreSaveFile = new java.io.File(((pathPrefix + java.lang.Integer.toString(counter)) + .png)): null

2018-12-17 14:12:20 - [TEST_STEP][PASSED] - Statement - counter = counter + 1: null

2018-12-17 14:12:20 - [TEST_STEP][PASSED] - Statement - PreSaveFile = new java.io.File(((pathPrefix + java.lang.Integer.toString(counter)) + .png)): null

2018-12-17 14:12:20 - [TEST_STEP][PASSED] - Statement - counter = counter + 1: null

2018-12-17 14:12:20 - [TEST_STEP][PASSED] - Statement - PreSaveFile = new java.io.File(((pathPrefix + java.lang.Integer.toString(counter)) + .png)): null

2018-12-17 14:12:20 - [TEST_STEP][PASSED] - Statement - counter = counter + 1: null

2018-12-17 14:12:20 - [TEST_STEP][PASSED] - Statement - PreSaveFile = new java.io.File(((pathPrefix + java.lang.Integer.toString(counter)) + .png)): null

2018-12-17 14:12:20 - [TEST_STEP][PASSED] - Statement - counter = counter + 1: null

2018-12-17 14:12:20 - [TEST_STEP][PASSED] - Statement - PreSaveFile = new java.io.File(((pathPrefix + java.lang.Integer.toString(counter)) + .png)): null

2018-12-17 14:12:20 - [TEST_STEP][PASSED] - Statement - counter = counter + 1: null

2018-12-17 14:12:20 - [TEST_STEP][PASSED] - Statement - PreSaveFile = new java.io.File(((pathPrefix + java.lang.Integer.toString(counter)) + .png)): null

2018-12-17 14:12:20 - [TEST_STEP][PASSED] - Statement - counter = counter + 1: null

2018-12-17 14:12:20 - [TEST_STEP][PASSED] - Statement - PreSaveFile = new java.io.File(((pathPrefix + java.lang.Integer.toString(counter)) + .png)): null

2018-12-17 14:12:20 - [TEST_STEP][PASSED] - Statement - counter = counter + 1: null

2018-12-17 14:12:20 - [TEST_STEP][PASSED] - Statement - PreSaveFile = new java.io.File(((pathPrefix + java.lang.Integer.toString(counter)) + .png)): null

2018-12-17 14:12:20 - [TEST_STEP][PASSED] - Statement - counter = counter + 1: null

2018-12-17 14:12:20 - [TEST_STEP][PASSED] - Statement - PreSaveFile = new java.io.File(((pathPrefix + java.lang.Integer.toString(counter)) + .png)): null

2018-12-17 14:12:20 - [TEST_STEP][PASSED] - Statement - counter = counter + 1: null

2018-12-17 14:12:20 - [TEST_STEP][PASSED] - Statement - PreSaveFile = new java.io.File(((pathPrefix + java.lang.Integer.toString(counter)) + .png)): null

2018-12-17 14:12:20 - [TEST_STEP][PASSED] - Statement - counter = counter + 1: null

2018-12-17 14:12:21 - [TEST_STEP][PASSED] - Statement - PreSaveFile = new java.io.File(((pathPrefix + java.lang.Integer.toString(counter)) + .png)): null

2018-12-17 14:12:21 - [TEST_STEP][PASSED] - Statement - counter = counter + 1: null

2018-12-17 14:12:21 - [TEST_STEP][PASSED] - Statement - PreSaveFile = new java.io.File(((pathPrefix + java.lang.Integer.toString(counter)) + .png)): null

2018-12-17 14:12:21 - [TEST_STEP][PASSED] - Statement - counter = counter + 1: null

2018-12-17 14:12:21 - [TEST_STEP][PASSED] - Statement - PreSaveFile = new java.io.File(((pathPrefix + java.lang.Integer.toString(counter)) + .png)): null

2018-12-17 14:12:21 - [TEST_STEP][PASSED] - Statement - counter = counter + 1: null

2018-12-17 14:12:21 - [TEST_STEP][PASSED] - Statement - PreSaveFile = new java.io.File(((pathPrefix + java.lang.Integer.toString(counter)) + .png)): null

2018-12-17 14:12:21 - [TEST_STEP][PASSED] - Statement - counter = counter + 1: null

2018-12-17 14:12:21 - [TEST_STEP][PASSED] - Statement - PreSaveFile = new java.io.File(((pathPrefix + java.lang.Integer.toString(counter)) + .png)): null

2018-12-17 14:12:21 - [TEST_STEP][PASSED] - Statement - counter = counter + 1: null

2018-12-17 14:12:21 - [TEST_STEP][PASSED] - Statement - PreSaveFile = new java.io.File(((pathPrefix + java.lang.Integer.toString(counter)) + .png)): null

2018-12-17 14:12:21 - [TEST_STEP][PASSED] - Statement - counter = counter + 1: null

2018-12-17 14:12:21 - [TEST_STEP][PASSED] - Statement - PreSaveFile = new java.io.File(((pathPrefix + java.lang.Integer.toString(counter)) + .png)): null

2018-12-17 14:12:21 - [TEST_STEP][PASSED] - Statement - counter = counter + 1: null

2018-12-17 14:12:21 - [TEST_STEP][PASSED] - Statement - PreSaveFile = new java.io.File(((pathPrefix + java.lang.Integer.toString(counter)) + .png)): null

2018-12-17 14:12:21 - [TEST_STEP][PASSED] - Statement - counter = counter + 1: null

2018-12-17 14:12:21 - [TEST_STEP][PASSED] - Statement - PreSaveFile = new java.io.File(((pathPrefix + java.lang.Integer.toString(counter)) + .png)): null

2018-12-17 14:12:21 - [TEST_STEP][PASSED] - Statement - counter = counter + 1: null

2018-12-17 14:12:21 - [TEST_STEP][PASSED] - Statement - PreSaveFile = new java.io.File(((pathPrefix + java.lang.Integer.toString(counter)) + .png)): null

2018-12-17 14:12:21 - [TEST_STEP][PASSED] - Statement - counter = counter + 1: null

2018-12-17 14:12:21 - [TEST_STEP][PASSED] - Statement - PreSaveFile = new java.io.File(((pathPrefix + java.lang.Integer.toString(counter)) + .png)): null

2018-12-17 14:12:21 - [TEST_STEP][PASSED] - Statement - counter = counter + 1: null

2018-12-17 14:12:21 - [TEST_STEP][PASSED] - Statement - PreSaveFile = new java.io.File(((pathPrefix + java.lang.Integer.toString(counter)) + .png)): null

2018-12-17 14:12:21 - [TEST_STEP][PASSED] - Statement - counter = counter + 1: null

2018-12-17 14:12:21 - [TEST_STEP][PASSED] - Statement - PreSaveFile = new java.io.File(((pathPrefix + java.lang.Integer.toString(counter)) + .png)): null

2018-12-17 14:12:21 - [TEST_STEP][PASSED] - Statement - counter = counter + 1: null

2018-12-17 14:12:21 - [TEST_STEP][PASSED] - Statement - PreSaveFile = new java.io.File(((pathPrefix + java.lang.Integer.toString(counter)) + .png)): null

2018-12-17 14:12:21 - [TEST_STEP][PASSED] - Statement - counter = counter + 1: null

2018-12-17 14:12:21 - [TEST_STEP][PASSED] - Statement - PreSaveFile = new java.io.File(((pathPrefix + java.lang.Integer.toString(counter)) + .png)): null

2018-12-17 14:12:22 - [TEST_STEP][PASSED] - Statement - counter = counter + 1: null

2018-12-17 14:12:22 - [TEST_STEP][PASSED] - Statement - PreSaveFile = new java.io.File(((pathPrefix + java.lang.Integer.toString(counter)) + .png)): null

2018-12-17 14:12:22 - [TEST_STEP][PASSED] - Statement - counter = counter + 1: null

2018-12-17 14:12:22 - [TEST_STEP][PASSED] - Statement - PreSaveFile = new java.io.File(((pathPrefix + java.lang.Integer.toString(counter)) + .png)): null

2018-12-17 14:12:22 - [TEST_STEP][PASSED] - Statement - counter = counter + 1: null

2018-12-17 14:12:22 - [TEST_STEP][PASSED] - Statement - PreSaveFile = new java.io.File(((pathPrefix + java.lang.Integer.toString(counter)) + .png)): null

2018-12-17 14:12:22 - [TEST_STEP][PASSED] - Statement - counter = counter + 1: null

2018-12-17 14:12:22 - [TEST_STEP][PASSED] - Statement - PreSaveFile = new java.io.File(((pathPrefix + java.lang.Integer.toString(counter)) + .png)): null

2018-12-17 14:12:22 - [TEST_STEP][PASSED] - Statement - counter = counter + 1: null

2018-12-17 14:12:22 - [TEST_STEP][PASSED] - Statement - PreSaveFile = new java.io.File(((pathPrefix + java.lang.Integer.toString(counter)) + .png)): null

2018-12-17 14:12:22 - [TEST_STEP][PASSED] - Statement - counter = counter + 1: null

2018-12-17 14:12:22 - [TEST_STEP][PASSED] - Statement - PreSaveFile = new java.io.File(((pathPrefix + java.lang.Integer.toString(counter)) + .png)): null

2018-12-17 14:12:22 - [TEST_STEP][PASSED] - Statement - counter = counter + 1: null

2018-12-17 14:12:22 - [TEST_STEP][PASSED] - Statement - PreSaveFile = new java.io.File(((pathPrefix + java.lang.Integer.toString(counter)) + .png)): null

2018-12-17 14:12:22 - [TEST_STEP][PASSED] - Statement - counter = counter + 1: null

2018-12-17 14:12:22 - [TEST_STEP][PASSED] - Statement - PreSaveFile = new java.io.File(((pathPrefix + java.lang.Integer.toString(counter)) + .png)): null

2018-12-17 14:12:22 - [TEST_STEP][PASSED] - Statement - counter = counter + 1: null

2018-12-17 14:12:22 - [TEST_STEP][PASSED] - Statement - PreSaveFile = new java.io.File(((pathPrefix + java.lang.Integer.toString(counter)) + .png)): null

2018-12-17 14:12:22 - [TEST_STEP][PASSED] - Statement - counter = counter + 1: null

2018-12-17 14:12:22 - [TEST_STEP][PASSED] - Statement - PreSaveFile = new java.io.File(((pathPrefix + java.lang.Integer.toString(counter)) + .png)): null

2018-12-17 14:12:22 - [TEST_STEP][PASSED] - Statement - counter = counter + 1: null

2018-12-17 14:12:22 - [TEST_STEP][PASSED] - Statement - PreSaveFile = new java.io.File(((pathPrefix + java.lang.Integer.toString(counter)) + .png)): null

2018-12-17 14:12:22 - [TEST_STEP][PASSED] - Statement - counter = counter + 1: null

2018-12-17 14:12:22 - [TEST_STEP][PASSED] - Statement - PreSaveFile = new java.io.File(((pathPrefix + java.lang.Integer.toString(counter)) + .png)): null

2018-12-17 14:12:22 - [TEST_STEP][PASSED] - Statement - counter = counter + 1: null

2018-12-17 14:12:22 - [TEST_STEP][PASSED] - Statement - PreSaveFile = new java.io.File(((pathPrefix + java.lang.Integer.toString(counter)) + .png)): null

2018-12-17 14:12:22 - [TEST_STEP][PASSED] - Statement - counter = counter + 1: null

2018-12-17 14:12:22 - [TEST_STEP][PASSED] - Statement - PreSaveFile = new java.io.File(((pathPrefix + java.lang.Integer.toString(counter)) + .png)): null

2018-12-17 14:12:22 - [TEST_STEP][PASSED] - Statement - counter = counter + 1: null

2018-12-17 14:12:23 - [TEST_STEP][PASSED] - Statement - PreSaveFile = new java.io.File(((pathPrefix + java.lang.Integer.toString(counter)) + .png)): null

2018-12-17 14:12:23 - [TEST_STEP][PASSED] - Statement - counter = counter + 1: null

2018-12-17 14:12:23 - [TEST_STEP][PASSED] - Statement - PreSaveFile = new java.io.File(((pathPrefix + java.lang.Integer.toString(counter)) + .png)): null

2018-12-17 14:12:23 - [TEST_STEP][PASSED] - Statement - counter = counter + 1: null

2018-12-17 14:12:23 - [TEST_STEP][PASSED] - Statement - PreSaveFile = new java.io.File(((pathPrefix + java.lang.Integer.toString(counter)) + .png)): null

2018-12-17 14:12:23 - [TEST_STEP][PASSED] - Statement - counter = counter + 1: null

2018-12-17 14:12:23 - [TEST_STEP][PASSED] - Statement - PreSaveFile = new java.io.File(((pathPrefix + java.lang.Integer.toString(counter)) + .png)): null

2018-12-17 14:12:23 - [TEST_STEP][PASSED] - Statement - counter = counter + 1: null

2018-12-17 14:12:23 - [TEST_STEP][PASSED] - Statement - PreSaveFile = new java.io.File(((pathPrefix + java.lang.Integer.toString(counter)) + .png)): null

2018-12-17 14:12:23 - [TEST_STEP][PASSED] - Statement - counter = counter + 1: null

2018-12-17 14:12:23 - [TEST_STEP][PASSED] - Statement - PreSaveFile = new java.io.File(((pathPrefix + java.lang.Integer.toString(counter)) + .png)): null

2018-12-17 14:12:23 - [TEST_STEP][PASSED] - Statement - counter = counter + 1: null

2018-12-17 14:12:23 - [TEST_STEP][PASSED] - Statement - PreSaveFile = new java.io.File(((pathPrefix + java.lang.Integer.toString(counter)) + .png)): null

2018-12-17 14:12:23 - [TEST_STEP][PASSED] - Statement - counter = counter + 1: null

2018-12-17 14:12:23 - [TEST_STEP][PASSED] - Statement - PreSaveFile = new java.io.File(((pathPrefix + java.lang.Integer.toString(counter)) + .png)): null

2018-12-17 14:12:23 - [TEST_STEP][PASSED] - Statement - counter = counter + 1: null

2018-12-17 14:12:23 - [TEST_STEP][PASSED] - Statement - PreSaveFile = new java.io.File(((pathPrefix + java.lang.Integer.toString(counter)) + .png)): null

2018-12-17 14:12:23 - [TEST_STEP][PASSED] - Statement - counter = counter + 1: null

2018-12-17 14:12:23 - [TEST_STEP][PASSED] - Statement - PreSaveFile = new java.io.File(((pathPrefix + java.lang.Integer.toString(counter)) + .png)): null

2018-12-17 14:12:23 - [TEST_STEP][PASSED] - Statement - counter = counter + 1: null

2018-12-17 14:12:23 - [TEST_STEP][PASSED] - Statement - PreSaveFile = new java.io.File(((pathPrefix + java.lang.Integer.toString(counter)) + .png)): null

2018-12-17 14:12:23 - [TEST_STEP][PASSED] - Statement - counter = counter + 1: null

2018-12-17 14:12:23 - [TEST_STEP][PASSED] - Statement - PreSaveFile = new java.io.File(((pathPrefix + java.lang.Integer.toString(counter)) + .png)): null

2018-12-17 14:12:23 - [TEST_STEP][PASSED] - Statement - counter = counter + 1: null

2018-12-17 14:12:23 - [TEST_STEP][PASSED] - Statement - PreSaveFile = new java.io.File(((pathPrefix + java.lang.Integer.toString(counter)) + .png)): null

2018-12-17 14:12:23 - [TEST_STEP][PASSED] - Statement - counter = counter + 1: null

2018-12-17 14:12:23 - [TEST_STEP][PASSED] - Statement - PreSaveFile = new java.io.File(((pathPrefix + java.lang.Integer.toString(counter)) + .png)): null

2018-12-17 14:12:23 - [TEST_STEP][PASSED] - Statement - counter = counter + 1: null

2018-12-17 14:12:23 - [TEST_STEP][PASSED] - Statement - PreSaveFile = new java.io.File(((pathPrefix + java.lang.Integer.toString(counter)) + .png)): null

2018-12-17 14:12:24 - [TEST_STEP][PASSED] - Statement - counter = counter + 1: null

2018-12-17 14:12:24 - [TEST_STEP][PASSED] - Statement - PreSaveFile = new java.io.File(((pathPrefix + java.lang.Integer.toString(counter)) + .png)): null

2018-12-17 14:12:24 - [TEST_STEP][PASSED] - Statement - counter = counter + 1: null

2018-12-17 14:12:24 - [TEST_STEP][PASSED] - Statement - PreSaveFile = new java.io.File(((pathPrefix + java.lang.Integer.toString(counter)) + .png)): null

2018-12-17 14:12:24 - [TEST_STEP][PASSED] - Statement - counter = counter + 1: null

2018-12-17 14:12:24 - [TEST_STEP][PASSED] - Statement - PreSaveFile = new java.io.File(((pathPrefix + java.lang.Integer.toString(counter)) + .png)): null

2018-12-17 14:12:24 - [TEST_STEP][PASSED] - Statement - counter = counter + 1: null

2018-12-17 14:12:24 - [TEST_STEP][PASSED] - Statement - PreSaveFile = new java.io.File(((pathPrefix + java.lang.Integer.toString(counter)) + .png)): null

2018-12-17 14:12:24 - [TEST_STEP][PASSED] - Statement - counter = counter + 1: null

2018-12-17 14:12:24 - [TEST_STEP][PASSED] - Statement - PreSaveFile = new java.io.File(((pathPrefix + java.lang.Integer.toString(counter)) + .png)): null

2018-12-17 14:12:24 - [TEST_STEP][PASSED] - Statement - counter = counter + 1: null

2018-12-17 14:12:24 - [TEST_STEP][PASSED] - Statement - PreSaveFile = new java.io.File(((pathPrefix + java.lang.Integer.toString(counter)) + .png)): null

2018-12-17 14:12:24 - [TEST_STEP][PASSED] - Statement - counter = counter + 1: null

2018-12-17 14:12:24 - [TEST_STEP][PASSED] - Statement - PreSaveFile = new java.io.File(((pathPrefix + java.lang.Integer.toString(counter)) + .png)): null

2018-12-17 14:12:24 - [TEST_STEP][PASSED] - Statement - counter = counter + 1: null

2018-12-17 14:12:24 - [TEST_STEP][PASSED] - Statement - PreSaveFile = new java.io.File(((pathPrefix + java.lang.Integer.toString(counter)) + .png)): null

2018-12-17 14:12:24 - [TEST_STEP][PASSED] - Statement - counter = counter + 1: null

2018-12-17 14:12:24 - [TEST_STEP][PASSED] - Statement - PreSaveFile = new java.io.File(((pathPrefix + java.lang.Integer.toString(counter)) + .png)): null

2018-12-17 14:12:24 - [TEST_STEP][PASSED] - Statement - counter = counter + 1: null

2018-12-17 14:12:24 - [TEST_STEP][PASSED] - Statement - PreSaveFile = new java.io.File(((pathPrefix + java.lang.Integer.toString(counter)) + .png)): null

2018-12-17 14:12:24 - [TEST_STEP][PASSED] - Statement - counter = counter + 1: null

2018-12-17 14:12:24 - [TEST_STEP][PASSED] - Statement - PreSaveFile = new java.io.File(((pathPrefix + java.lang.Integer.toString(counter)) + .png)): null

2018-12-17 14:12:24 - [TEST_STEP][PASSED] - Statement - counter = counter + 1: null

2018-12-17 14:12:24 - [TEST_STEP][PASSED] - Statement - PreSaveFile = new java.io.File(((pathPrefix + java.lang.Integer.toString(counter)) + .png)): null

2018-12-17 14:12:24 - [TEST_STEP][PASSED] - Statement - counter = counter + 1: null

2018-12-17 14:12:24 - [TEST_STEP][PASSED] - Statement - PreSaveFile = new java.io.File(((pathPrefix + java.lang.Integer.toString(counter)) + .png)): null

2018-12-17 14:12:24 - [TEST_STEP][PASSED] - Statement - counter = counter + 1: null

2018-12-17 14:12:24 - [TEST_STEP][PASSED] - Statement - PreSaveFile = new java.io.File(((pathPrefix + java.lang.Integer.toString(counter)) + .png)): null

2018-12-17 14:12:24 - [TEST_STEP][PASSED] - Statement - counter = counter + 1: null

2018-12-17 14:12:25 - [TEST_STEP][PASSED] - Statement - PreSaveFile = new java.io.File(((pathPrefix + java.lang.Integer.toString(counter)) + .png)): null

2018-12-17 14:12:25 - [TEST_STEP][PASSED] - Statement - counter = counter + 1: null

2018-12-17 14:12:25 - [TEST_STEP][PASSED] - Statement - PreSaveFile = new java.io.File(((pathPrefix + java.lang.Integer.toString(counter)) + .png)): null

2018-12-17 14:12:25 - [TEST_STEP][PASSED] - Statement - counter = counter + 1: null

2018-12-17 14:12:25 - [TEST_STEP][PASSED] - Statement - PreSaveFile = new java.io.File(((pathPrefix + java.lang.Integer.toString(counter)) + .png)): null

2018-12-17 14:12:25 - [TEST_STEP][PASSED] - Statement - counter = counter + 1: null

2018-12-17 14:12:25 - [TEST_STEP][PASSED] - Statement - PreSaveFile = new java.io.File(((pathPrefix + java.lang.Integer.toString(counter)) + .png)): null

2018-12-17 14:12:25 - [TEST_STEP][PASSED] - Statement - counter = counter + 1: null

2018-12-17 14:12:25 - [TEST_STEP][PASSED] - Statement - PreSaveFile = new java.io.File(((pathPrefix + java.lang.Integer.toString(counter)) + .png)): null

2018-12-17 14:12:25 - [TEST_STEP][PASSED] - Statement - counter = counter + 1: null

2018-12-17 14:12:25 - [TEST_STEP][PASSED] - Statement - PreSaveFile = new java.io.File(((pathPrefix + java.lang.Integer.toString(counter)) + .png)): null

2018-12-17 14:12:25 - [TEST_STEP][PASSED] - Statement - counter = counter + 1: null

2018-12-17 14:12:25 - [TEST_STEP][PASSED] - Statement - PreSaveFile = new java.io.File(((pathPrefix + java.lang.Integer.toString(counter)) + .png)): null

2018-12-17 14:12:25 - [TEST_STEP][PASSED] - Statement - counter = counter + 1: null

2018-12-17 14:12:25 - [TEST_STEP][PASSED] - Statement - PreSaveFile = new java.io.File(((pathPrefix + java.lang.Integer.toString(counter)) + .png)): null

2018-12-17 14:12:25 - [TEST_STEP][PASSED] - Statement - counter = counter + 1: null

2018-12-17 14:12:25 - [TEST_STEP][PASSED] - Statement - PreSaveFile = new java.io.File(((pathPrefix + java.lang.Integer.toString(counter)) + .png)): null

2018-12-17 14:12:25 - [TEST_STEP][PASSED] - Statement - counter = counter + 1: null

2018-12-17 14:12:25 - [TEST_STEP][PASSED] - Statement - PreSaveFile = new java.io.File(((pathPrefix + java.lang.Integer.toString(counter)) + .png)): null

2018-12-17 14:12:25 - [TEST_STEP][PASSED] - Statement - counter = counter + 1: null

2018-12-17 14:12:25 - [TEST_STEP][PASSED] - Statement - PreSaveFile = new java.io.File(((pathPrefix + java.lang.Integer.toString(counter)) + .png)): null

2018-12-17 14:12:25 - [TEST_STEP][PASSED] - Statement - counter = counter + 1: null

2018-12-17 14:12:25 - [TEST_STEP][PASSED] - Statement - PreSaveFile = new java.io.File(((pathPrefix + java.lang.Integer.toString(counter)) + .png)): null

2018-12-17 14:12:25 - [TEST_STEP][PASSED] - Statement - counter = counter + 1: null

2018-12-17 14:12:25 - [TEST_STEP][PASSED] - Statement - PreSaveFile = new java.io.File(((pathPrefix + java.lang.Integer.toString(counter)) + .png)): null

2018-12-17 14:12:25 - [TEST_STEP][PASSED] - Statement - counter = counter + 1: null

2018-12-17 14:12:25 - [TEST_STEP][PASSED] - Statement - PreSaveFile = new java.io.File(((pathPrefix + java.lang.Integer.toString(counter)) + .png)): null

2018-12-17 14:12:25 - [TEST_STEP][PASSED] - Statement - counter = counter + 1: null

2018-12-17 14:12:26 - [TEST_STEP][PASSED] - Statement - PreSaveFile = new java.io.File(((pathPrefix + java.lang.Integer.toString(counter)) + .png)): null

2018-12-17 14:12:26 - [TEST_STEP][PASSED] - Statement - counter = counter + 1: null

2018-12-17 14:12:26 - [TEST_STEP][PASSED] - Statement - PreSaveFile = new java.io.File(((pathPrefix + java.lang.Integer.toString(counter)) + .png)): null

2018-12-17 14:12:26 - [TEST_STEP][PASSED] - Statement - counter = counter + 1: null

2018-12-17 14:12:26 - [TEST_STEP][PASSED] - Statement - PreSaveFile = new java.io.File(((pathPrefix + java.lang.Integer.toString(counter)) + .png)): null

2018-12-17 14:12:26 - [TEST_STEP][PASSED] - Statement - counter = counter + 1: null

2018-12-17 14:12:26 - [TEST_STEP][PASSED] - Statement - PreSaveFile = new java.io.File(((pathPrefix + java.lang.Integer.toString(counter)) + .png)): null

2018-12-17 14:12:26 - [TEST_STEP][PASSED] - Statement - counter = counter + 1: null

2018-12-17 14:12:26 - [TEST_STEP][PASSED] - Statement - PreSaveFile = new java.io.File(((pathPrefix + java.lang.Integer.toString(counter)) + .png)): null

2018-12-17 14:12:26 - [TEST_STEP][PASSED] - Statement - counter = counter + 1: null

2018-12-17 14:12:26 - [TEST_STEP][PASSED] - Statement - PreSaveFile = new java.io.File(((pathPrefix + java.lang.Integer.toString(counter)) + .png)): null

2018-12-17 14:12:26 - [TEST_STEP][PASSED] - Statement - counter = counter + 1: null

2018-12-17 14:12:26 - [TEST_STEP][PASSED] - Statement - PreSaveFile = new java.io.File(((pathPrefix + java.lang.Integer.toString(counter)) + .png)): null

2018-12-17 14:12:26 - [TEST_STEP][PASSED] - Statement - counter = counter + 1: null

2018-12-17 14:12:26 - [TEST_STEP][PASSED] - Statement - PreSaveFile = new java.io.File(((pathPrefix + java.lang.Integer.toString(counter)) + .png)): null

2018-12-17 14:12:26 - [TEST_STEP][PASSED] - Statement - counter = counter + 1: null

2018-12-17 14:12:26 - [TEST_STEP][PASSED] - Statement - PreSaveFile = new java.io.File(((pathPrefix + java.lang.Integer.toString(counter)) + .png)): null

2018-12-17 14:12:26 - [TEST_STEP][PASSED] - Statement - counter = counter + 1: null

2018-12-17 14:12:26 - [TEST_STEP][PASSED] - Statement - PreSaveFile = new java.io.File(((pathPrefix + java.lang.Integer.toString(counter)) + .png)): null

2018-12-17 14:12:26 - [TEST_STEP][PASSED] - Statement - counter = counter + 1: null

2018-12-17 14:12:26 - [TEST_STEP][PASSED] - Statement - PreSaveFile = new java.io.File(((pathPrefix + java.lang.Integer.toString(counter)) + .png)): null

2018-12-17 14:12:26 - [TEST_STEP][PASSED] - Statement - counter = counter + 1: null

2018-12-17 14:12:26 - [TEST_STEP][PASSED] - Statement - PreSaveFile = new java.io.File(((pathPrefix + java.lang.Integer.toString(counter)) + .png)): null

2018-12-17 14:12:26 - [TEST_STEP][PASSED] - Statement - counter = counter + 1: null

2018-12-17 14:12:26 - [TEST_STEP][PASSED] - Statement - PreSaveFile = new java.io.File(((pathPrefix + java.lang.Integer.toString(counter)) + .png)): null

2018-12-17 14:12:26 - [TEST_STEP][PASSED] - Statement - counter = counter + 1: null

2018-12-17 14:12:26 - [TEST_STEP][PASSED] - Statement - PreSaveFile = new java.io.File(((pathPrefix + java.lang.Integer.toString(counter)) + .png)): null

2018-12-17 14:12:26 - [TEST_STEP][PASSED] - Statement - counter = counter + 1: null

2018-12-17 14:12:26 - [TEST_STEP][PASSED] - Statement - PreSaveFile = new java.io.File(((pathPrefix + java.lang.Integer.toString(counter)) + .png)): null

2018-12-17 14:12:26 - [TEST_STEP][PASSED] - Statement - counter = counter + 1: null

2018-12-17 14:12:26 - [TEST_STEP][PASSED] - Statement - PreSaveFile = new java.io.File(((pathPrefix + java.lang.Integer.toString(counter)) + .png)): null

2018-12-17 14:12:26 - [TEST_STEP][PASSED] - Statement - counter = counter + 1: null

2018-12-17 14:12:26 - [TEST_STEP][PASSED] - Statement - PreSaveFile = new java.io.File(((pathPrefix + java.lang.Integer.toString(counter)) + .png)): null

2018-12-17 14:12:26 - [TEST_STEP][PASSED] - Statement - counter = counter + 1: null

2018-12-17 14:12:26 - [TEST_STEP][PASSED] - Statement - PreSaveFile = new java.io.File(((pathPrefix + java.lang.Integer.toString(counter)) + .png)): null

2018-12-17 14:12:26 - [TEST_STEP][PASSED] - Statement - counter = counter + 1: null

2018-12-17 14:12:26 - [TEST_STEP][PASSED] - Statement - PreSaveFile = new java.io.File(((pathPrefix + java.lang.Integer.toString(counter)) + .png)): null

2018-12-17 14:12:26 - [TEST_STEP][PASSED] - Statement - counter = counter + 1: null

2018-12-17 14:12:26 - [TEST_STEP][PASSED] - Statement - PreSaveFile = new java.io.File(((pathPrefix + java.lang.Integer.toString(counter)) + .png)): null

2018-12-17 14:12:27 - [TEST_STEP][PASSED] - Statement - counter = counter + 1: null

2018-12-17 14:12:27 - [TEST_STEP][PASSED] - Statement - PreSaveFile = new java.io.File(((pathPrefix + java.lang.Integer.toString(counter)) + .png)): null

2018-12-17 14:12:27 - [TEST_STEP][PASSED] - Statement - counter = counter + 1: null

2018-12-17 14:12:27 - [TEST_STEP][PASSED] - Statement - PreSaveFile = new java.io.File(((pathPrefix + java.lang.Integer.toString(counter)) + .png)): null

2018-12-17 14:12:27 - [TEST_STEP][PASSED] - Statement - counter = counter + 1: null

2018-12-17 14:12:27 - [TEST_STEP][PASSED] - Statement - PreSaveFile = new java.io.File(((pathPrefix + java.lang.Integer.toString(counter)) + .png)): null

2018-12-17 14:12:27 - [TEST_STEP][PASSED] - Statement - counter = counter + 1: null

2018-12-17 14:12:27 - [TEST_STEP][PASSED] - Statement - PreSaveFile = new java.io.File(((pathPrefix + java.lang.Integer.toString(counter)) + .png)): null

2018-12-17 14:12:27 - [TEST_STEP][PASSED] - Statement - counter = counter + 1: null

2018-12-17 14:12:27 - [TEST_STEP][PASSED] - Statement - PreSaveFile = new java.io.File(((pathPrefix + java.lang.Integer.toString(counter)) + .png)): null

2018-12-17 14:12:27 - [TEST_STEP][PASSED] - Statement - counter = counter + 1: null

2018-12-17 14:12:27 - [TEST_STEP][PASSED] - Statement - PreSaveFile = new java.io.File(((pathPrefix + java.lang.Integer.toString(counter)) + .png)): null

2018-12-17 14:12:27 - [TEST_STEP][PASSED] - Statement - counter = counter + 1: null

2018-12-17 14:12:27 - [TEST_STEP][PASSED] - Statement - PreSaveFile = new java.io.File(((pathPrefix + java.lang.Integer.toString(counter)) + .png)): null

2018-12-17 14:12:27 - [TEST_STEP][PASSED] - Statement - counter = counter + 1: null

2018-12-17 14:12:27 - [TEST_STEP][PASSED] - Statement - PreSaveFile = new java.io.File(((pathPrefix + java.lang.Integer.toString(counter)) + .png)): null

2018-12-17 14:12:27 - [TEST_STEP][PASSED] - Statement - counter = counter + 1: null

2018-12-17 14:12:27 - [TEST_STEP][PASSED] - Statement - PreSaveFile = new java.io.File(((pathPrefix + java.lang.Integer.toString(counter)) + .png)): null

2018-12-17 14:12:27 - [TEST_STEP][PASSED] - Statement - counter = counter + 1: null

2018-12-17 14:12:27 - [TEST_STEP][PASSED] - Statement - PreSaveFile = new java.io.File(((pathPrefix + java.lang.Integer.toString(counter)) + .png)): null

2018-12-17 14:12:27 - [TEST_STEP][PASSED] - Statement - counter = counter + 1: null

2018-12-17 14:12:27 - [TEST_STEP][PASSED] - Statement - PreSaveFile = new java.io.File(((pathPrefix + java.lang.Integer.toString(counter)) + .png)): null

2018-12-17 14:12:27 - [TEST_STEP][PASSED] - Statement - counter = counter + 1: null

2018-12-17 14:12:27 - [TEST_STEP][PASSED] - Statement - PreSaveFile = new java.io.File(((pathPrefix + java.lang.Integer.toString(counter)) + .png)): null

2018-12-17 14:12:27 - [TEST_STEP][PASSED] - Statement - counter = counter + 1: null

2018-12-17 14:12:27 - [TEST_STEP][PASSED] - Statement - PreSaveFile = new java.io.File(((pathPrefix + java.lang.Integer.toString(counter)) + .png)): null

2018-12-17 14:12:27 - [TEST_STEP][PASSED] - Statement - counter = counter + 1: null

2018-12-17 14:12:27 - [TEST_STEP][PASSED] - Statement - PreSaveFile = new java.io.File(((pathPrefix + java.lang.Integer.toString(counter)) + .png)): null

2018-12-17 14:12:27 - [TEST_STEP][PASSED] - Statement - counter = counter + 1: null

2018-12-17 14:12:28 - [TEST_STEP][PASSED] - Statement - PreSaveFile = new java.io.File(((pathPrefix + java.lang.Integer.toString(counter)) + .png)): null

2018-12-17 14:12:28 - [TEST_STEP][PASSED] - Statement - counter = counter + 1: null

2018-12-17 14:12:28 - [TEST_STEP][PASSED] - Statement - PreSaveFile = new java.io.File(((pathPrefix + java.lang.Integer.toString(counter)) + .png)): null

2018-12-17 14:12:28 - [TEST_STEP][PASSED] - Statement - counter = counter + 1: null

2018-12-17 14:12:28 - [TEST_STEP][PASSED] - Statement - PreSaveFile = new java.io.File(((pathPrefix + java.lang.Integer.toString(counter)) + .png)): null

2018-12-17 14:12:28 - [TEST_STEP][PASSED] - Statement - counter = counter + 1: null

2018-12-17 14:12:28 - [TEST_STEP][PASSED] - Statement - PreSaveFile = new java.io.File(((pathPrefix + java.lang.Integer.toString(counter)) + .png)): null

2018-12-17 14:12:28 - [TEST_STEP][PASSED] - Statement - counter = counter + 1: null

2018-12-17 14:12:28 - [TEST_STEP][PASSED] - Statement - PreSaveFile = new java.io.File(((pathPrefix + java.lang.Integer.toString(counter)) + .png)): null

2018-12-17 14:12:28 - [TEST_STEP][PASSED] - Statement - counter = counter + 1: null

2018-12-17 14:12:28 - [TEST_STEP][PASSED] - Statement - PreSaveFile = new java.io.File(((pathPrefix + java.lang.Integer.toString(counter)) + .png)): null

2018-12-17 14:12:28 - [TEST_STEP][PASSED] - Statement - counter = counter + 1: null

2018-12-17 14:12:28 - [TEST_STEP][PASSED] - Statement - PreSaveFile = new java.io.File(((pathPrefix + java.lang.Integer.toString(counter)) + .png)): null

2018-12-17 14:12:28 - [TEST_STEP][PASSED] - Statement - counter = counter + 1: null

2018-12-17 14:12:28 - [TEST_STEP][PASSED] - Statement - PreSaveFile = new java.io.File(((pathPrefix + java.lang.Integer.toString(counter)) + .png)): null

2018-12-17 14:12:28 - [TEST_STEP][PASSED] - Statement - counter = counter + 1: null

2018-12-17 14:12:28 - [TEST_STEP][PASSED] - Statement - PreSaveFile = new java.io.File(((pathPrefix + java.lang.Integer.toString(counter)) + .png)): null

2018-12-17 14:12:28 - [TEST_STEP][PASSED] - Statement - counter = counter + 1: null

2018-12-17 14:12:28 - [TEST_STEP][PASSED] - Statement - PreSaveFile = new java.io.File(((pathPrefix + java.lang.Integer.toString(counter)) + .png)): null

2018-12-17 14:12:28 - [TEST_STEP][PASSED] - Statement - counter = counter + 1: null

2018-12-17 14:12:28 - [TEST_STEP][PASSED] - Statement - PreSaveFile = new java.io.File(((pathPrefix + java.lang.Integer.toString(counter)) + .png)): null

2018-12-17 14:12:28 - [TEST_STEP][PASSED] - Statement - counter = counter + 1: null

2018-12-17 14:12:28 - [TEST_STEP][PASSED] - Statement - PreSaveFile = new java.io.File(((pathPrefix + java.lang.Integer.toString(counter)) + .png)): null

2018-12-17 14:12:28 - [TEST_STEP][PASSED] - Statement - counter = counter + 1: null

2018-12-17 14:12:28 - [TEST_STEP][PASSED] - Statement - PreSaveFile = new java.io.File(((pathPrefix + java.lang.Integer.toString(counter)) + .png)): null

2018-12-17 14:12:28 - [TEST_STEP][PASSED] - Statement - counter = counter + 1: null

2018-12-17 14:12:28 - [TEST_STEP][PASSED] - Statement - PreSaveFile = new java.io.File(((pathPrefix + java.lang.Integer.toString(counter)) + .png)): null

2018-12-17 14:12:28 - [TEST_STEP][PASSED] - Statement - counter = counter + 1: null

2018-12-17 14:12:29 - [TEST_STEP][PASSED] - Statement - PreSaveFile = new java.io.File(((pathPrefix + java.lang.Integer.toString(counter)) + .png)): null

2018-12-17 14:12:29 - [TEST_STEP][PASSED] - Statement - counter = counter + 1: null

2018-12-17 14:12:29 - [TEST_STEP][PASSED] - Statement - PreSaveFile = new java.io.File(((pathPrefix + java.lang.Integer.toString(counter)) + .png)): null

2018-12-17 14:12:29 - [TEST_STEP][PASSED] - Statement - counter = counter + 1: null

2018-12-17 14:12:29 - [TEST_STEP][PASSED] - Statement - PreSaveFile = new java.io.File(((pathPrefix + java.lang.Integer.toString(counter)) + .png)): null

2018-12-17 14:12:29 - [TEST_STEP][PASSED] - Statement - counter = counter + 1: null

2018-12-17 14:12:29 - [TEST_STEP][PASSED] - Statement - PreSaveFile = new java.io.File(((pathPrefix + java.lang.Integer.toString(counter)) + .png)): null

2018-12-17 14:12:29 - [TEST_STEP][PASSED] - Statement - counter = counter + 1: null

2018-12-17 14:12:29 - [TEST_STEP][PASSED] - Statement - PreSaveFile = new java.io.File(((pathPrefix + java.lang.Integer.toString(counter)) + .png)): null

2018-12-17 14:12:29 - [TEST_STEP][PASSED] - Statement - counter = counter + 1: null

2018-12-17 14:12:29 - [TEST_STEP][PASSED] - Statement - PreSaveFile = new java.io.File(((pathPrefix + java.lang.Integer.toString(counter)) + .png)): null

2018-12-17 14:12:29 - [TEST_STEP][PASSED] - Statement - counter = counter + 1: null

2018-12-17 14:12:29 - [TEST_STEP][PASSED] - Statement - PreSaveFile = new java.io.File(((pathPrefix + java.lang.Integer.toString(counter)) + .png)): null

2018-12-17 14:12:29 - [TEST_STEP][PASSED] - Statement - counter = counter + 1: null

2018-12-17 14:12:29 - [TEST_STEP][PASSED] - Statement - PreSaveFile = new java.io.File(((pathPrefix + java.lang.Integer.toString(counter)) + .png)): null

2018-12-17 14:12:29 - [TEST_STEP][PASSED] - Statement - counter = counter + 1: null

2018-12-17 14:12:29 - [TEST_STEP][PASSED] - Statement - PreSaveFile = new java.io.File(((pathPrefix + java.lang.Integer.toString(counter)) + .png)): null

2018-12-17 14:12:29 - [TEST_STEP][PASSED] - Statement - counter = counter + 1: null

2018-12-17 14:12:29 - [TEST_STEP][PASSED] - Statement - PreSaveFile = new java.io.File(((pathPrefix + java.lang.Integer.toString(counter)) + .png)): null

2018-12-17 14:12:29 - [TEST_STEP][PASSED] - Statement - counter = counter + 1: null

2018-12-17 14:12:29 - [TEST_STEP][PASSED] - Statement - PreSaveFile = new java.io.File(((pathPrefix + java.lang.Integer.toString(counter)) + .png)): null

2018-12-17 14:12:29 - [TEST_STEP][PASSED] - Statement - counter = counter + 1: null

2018-12-17 14:12:29 - [TEST_STEP][PASSED] - Statement - PreSaveFile = new java.io.File(((pathPrefix + java.lang.Integer.toString(counter)) + .png)): null

2018-12-17 14:12:29 - [TEST_STEP][PASSED] - Statement - counter = counter + 1: null

2018-12-17 14:12:29 - [TEST_STEP][PASSED] - Statement - PreSaveFile = new java.io.File(((pathPrefix + java.lang.Integer.toString(counter)) + .png)): null

2018-12-17 14:12:29 - [TEST_STEP][PASSED] - Statement - counter = counter + 1: null

2018-12-17 14:12:29 - [TEST_STEP][PASSED] - Statement - PreSaveFile = new java.io.File(((pathPrefix + java.lang.Integer.toString(counter)) + .png)): null

2018-12-17 14:12:29 - [TEST_STEP][PASSED] - Statement - counter = counter + 1: null

2018-12-17 14:12:29 - [TEST_STEP][PASSED] - Statement - PreSaveFile = new java.io.File(((pathPrefix + java.lang.Integer.toString(counter)) + .png)): null

2018-12-17 14:12:30 - [TEST_STEP][PASSED] - Statement - counter = counter + 1: null

2018-12-17 14:12:30 - [TEST_STEP][PASSED] - Statement - PreSaveFile = new java.io.File(((pathPrefix + java.lang.Integer.toString(counter)) + .png)): null

2018-12-17 14:12:30 - [TEST_STEP][PASSED] - Statement - counter = counter + 1: null

2018-12-17 14:12:30 - [TEST_STEP][PASSED] - Statement - PreSaveFile = new java.io.File(((pathPrefix + java.lang.Integer.toString(counter)) + .png)): null

2018-12-17 14:12:30 - [TEST_STEP][PASSED] - Statement - counter = counter + 1: null

2018-12-17 14:12:30 - [TEST_STEP][PASSED] - Statement - PreSaveFile = new java.io.File(((pathPrefix + java.lang.Integer.toString(counter)) + .png)): null

2018-12-17 14:12:30 - [TEST_STEP][PASSED] - Statement - counter = counter + 1: null

2018-12-17 14:12:30 - [TEST_STEP][PASSED] - Statement - PreSaveFile = new java.io.File(((pathPrefix + java.lang.Integer.toString(counter)) + .png)): null

2018-12-17 14:12:30 - [TEST_STEP][PASSED] - Statement - counter = counter + 1: null

2018-12-17 14:12:30 - [TEST_STEP][PASSED] - Statement - PreSaveFile = new java.io.File(((pathPrefix + java.lang.Integer.toString(counter)) + .png)): null

2018-12-17 14:12:30 - [TEST_STEP][PASSED] - Statement - counter = counter + 1: null

2018-12-17 14:12:30 - [TEST_STEP][PASSED] - Statement - PreSaveFile = new java.io.File(((pathPrefix + java.lang.Integer.toString(counter)) + .png)): null

2018-12-17 14:12:30 - [TEST_STEP][PASSED] - Statement - counter = counter + 1: null

2018-12-17 14:12:30 - [TEST_STEP][PASSED] - Statement - PreSaveFile = new java.io.File(((pathPrefix + java.lang.Integer.toString(counter)) + .png)): null

2018-12-17 14:12:30 - [TEST_STEP][PASSED] - Statement - counter = counter + 1: null

2018-12-17 14:12:30 - [TEST_STEP][PASSED] - Statement - PreSaveFile = new java.io.File(((pathPrefix + java.lang.Integer.toString(counter)) + .png)): null

2018-12-17 14:12:30 - [TEST_STEP][PASSED] - Statement - counter = counter + 1: null

2018-12-17 14:12:30 - [TEST_STEP][PASSED] - Statement - PreSaveFile = new java.io.File(((pathPrefix + java.lang.Integer.toString(counter)) + .png)): null

2018-12-17 14:12:30 - [TEST_STEP][PASSED] - Statement - counter = counter + 1: null

2018-12-17 14:12:30 - [TEST_STEP][PASSED] - Statement - PreSaveFile = new java.io.File(((pathPrefix + java.lang.Integer.toString(counter)) + .png)): null

2018-12-17 14:12:30 - [TEST_STEP][PASSED] - Statement - counter = counter + 1: null

2018-12-17 14:12:30 - [TEST_STEP][PASSED] - Statement - PreSaveFile = new java.io.File(((pathPrefix + java.lang.Integer.toString(counter)) + .png)): null

2018-12-17 14:12:30 - [TEST_STEP][PASSED] - Statement - counter = counter + 1: null

2018-12-17 14:12:30 - [TEST_STEP][PASSED] - Statement - PreSaveFile = new java.io.File(((pathPrefix + java.lang.Integer.toString(counter)) + .png)): null

2018-12-17 14:12:30 - [TEST_STEP][PASSED] - Statement - counter = counter + 1: null

2018-12-17 14:12:30 - [TEST_STEP][PASSED] - Statement - PreSaveFile = new java.io.File(((pathPrefix + java.lang.Integer.toString(counter)) + .png)): null

2018-12-17 14:12:30 - [TEST_STEP][PASSED] - Statement - counter = counter + 1: null

2018-12-17 14:12:30 - [TEST_STEP][PASSED] - Statement - PreSaveFile = new java.io.File(((pathPrefix + java.lang.Integer.toString(counter)) + .png)): null

2018-12-17 14:12:30 - [TEST_STEP][PASSED] - Statement - counter = counter + 1: null

2018-12-17 14:12:31 - [TEST_STEP][PASSED] - Statement - PreSaveFile = new java.io.File(((pathPrefix + java.lang.Integer.toString(counter)) + .png)): null

2018-12-17 14:12:31 - [TEST_STEP][PASSED] - Statement - counter = counter + 1: null

2018-12-17 14:12:31 - [TEST_STEP][PASSED] - Statement - PreSaveFile = new java.io.File(((pathPrefix + java.lang.Integer.toString(counter)) + .png)): null

2018-12-17 14:12:31 - [TEST_STEP][PASSED] - Statement - counter = counter + 1: null

2018-12-17 14:12:31 - [TEST_STEP][PASSED] - Statement - PreSaveFile = new java.io.File(((pathPrefix + java.lang.Integer.toString(counter)) + .png)): null

2018-12-17 14:12:31 - [TEST_STEP][PASSED] - Statement - counter = counter + 1: null

2018-12-17 14:12:31 - [TEST_STEP][PASSED] - Statement - PreSaveFile = new java.io.File(((pathPrefix + java.lang.Integer.toString(counter)) + .png)): null

2018-12-17 14:12:31 - [TEST_STEP][PASSED] - Statement - counter = counter + 1: null

2018-12-17 14:12:31 - [TEST_STEP][PASSED] - Statement - PreSaveFile = new java.io.File(((pathPrefix + java.lang.Integer.toString(counter)) + .png)): null

2018-12-17 14:12:31 - [TEST_STEP][PASSED] - Statement - counter = counter + 1: null

2018-12-17 14:12:31 - [TEST_STEP][PASSED] - Statement - PreSaveFile = new java.io.File(((pathPrefix + java.lang.Integer.toString(counter)) + .png)): null

2018-12-17 14:12:31 - [TEST_STEP][PASSED] - Statement - counter = counter + 1: null

2018-12-17 14:12:31 - [TEST_STEP][PASSED] - Statement - PreSaveFile = new java.io.File(((pathPrefix + java.lang.Integer.toString(counter)) + .png)): null

2018-12-17 14:12:31 - [TEST_STEP][PASSED] - Statement - counter = counter + 1: null

2018-12-17 14:12:31 - [TEST_STEP][PASSED] - Statement - PreSaveFile = new java.io.File(((pathPrefix + java.lang.Integer.toString(counter)) + .png)): null

2018-12-17 14:12:31 - [TEST_STEP][PASSED] - Statement - counter = counter + 1: null

2018-12-17 14:12:31 - [TEST_STEP][PASSED] - Statement - PreSaveFile = new java.io.File(((pathPrefix + java.lang.Integer.toString(counter)) + .png)): null

2018-12-17 14:12:31 - [TEST_STEP][PASSED] - Statement - counter = counter + 1: null

2018-12-17 14:12:31 - [TEST_STEP][PASSED] - Statement - PreSaveFile = new java.io.File(((pathPrefix + java.lang.Integer.toString(counter)) + .png)): null

2018-12-17 14:12:31 - [TEST_STEP][PASSED] - Statement - counter = counter + 1: null

2018-12-17 14:12:31 - [TEST_STEP][PASSED] - Statement - PreSaveFile = new java.io.File(((pathPrefix + java.lang.Integer.toString(counter)) + .png)): null

2018-12-17 14:12:31 - [TEST_STEP][PASSED] - Statement - counter = counter + 1: null

2018-12-17 14:12:31 - [TEST_STEP][PASSED] - Statement - PreSaveFile = new java.io.File(((pathPrefix + java.lang.Integer.toString(counter)) + .png)): null

2018-12-17 14:12:31 - [TEST_STEP][PASSED] - Statement - counter = counter + 1: null

2018-12-17 14:12:31 - [TEST_STEP][PASSED] - Statement - PreSaveFile = new java.io.File(((pathPrefix + java.lang.Integer.toString(counter)) + .png)): null

2018-12-17 14:12:31 - [TEST_STEP][PASSED] - Statement - counter = counter + 1: null

2018-12-17 14:12:31 - [TEST_STEP][PASSED] - Statement - PreSaveFile = new java.io.File(((pathPrefix + java.lang.Integer.toString(counter)) + .png)): null

2018-12-17 14:12:31 - [TEST_STEP][PASSED] - Statement - counter = counter + 1: null

2018-12-17 14:12:31 - [TEST_STEP][PASSED] - Statement - PreSaveFile = new java.io.File(((pathPrefix + java.lang.Integer.toString(counter)) + .png)): null

2018-12-17 14:12:32 - [TEST_STEP][PASSED] - Statement - counter = counter + 1: null

2018-12-17 14:12:32 - [TEST_STEP][PASSED] - Statement - PreSaveFile = new java.io.File(((pathPrefix + java.lang.Integer.toString(counter)) + .png)): null

2018-12-17 14:12:32 - [TEST_STEP][PASSED] - Statement - counter = counter + 1: null

2018-12-17 14:12:32 - [TEST_STEP][PASSED] - Statement - PreSaveFile = new java.io.File(((pathPrefix + java.lang.Integer.toString(counter)) + .png)): null

2018-12-17 14:12:32 - [TEST_STEP][PASSED] - Statement - counter = counter + 1: null

2018-12-17 14:12:32 - [TEST_STEP][PASSED] - Statement - PreSaveFile = new java.io.File(((pathPrefix + java.lang.Integer.toString(counter)) + .png)): null

2018-12-17 14:12:32 - [TEST_STEP][PASSED] - Statement - counter = counter + 1: null

2018-12-17 14:12:32 - [TEST_STEP][PASSED] - Statement - PreSaveFile = new java.io.File(((pathPrefix + java.lang.Integer.toString(counter)) + .png)): null

2018-12-17 14:12:32 - [TEST_STEP][PASSED] - Statement - counter = counter + 1: null

2018-12-17 14:12:32 - [TEST_STEP][PASSED] - Statement - PreSaveFile = new java.io.File(((pathPrefix + java.lang.Integer.toString(counter)) + .png)): null

2018-12-17 14:12:32 - [TEST_STEP][PASSED] - Statement - counter = counter + 1: null

2018-12-17 14:12:32 - [TEST_STEP][PASSED] - Statement - PreSaveFile = new java.io.File(((pathPrefix + java.lang.Integer.toString(counter)) + .png)): null

2018-12-17 14:12:32 - [TEST_STEP][PASSED] - Statement - counter = counter + 1: null

2018-12-17 14:12:32 - [TEST_STEP][PASSED] - Statement - PreSaveFile = new java.io.File(((pathPrefix + java.lang.Integer.toString(counter)) + .png)): null

2018-12-17 14:12:32 - [TEST_STEP][PASSED] - Statement - counter = counter + 1: null

2018-12-17 14:12:32 - [TEST_STEP][PASSED] - Statement - PreSaveFile = new java.io.File(((pathPrefix + java.lang.Integer.toString(counter)) + .png)): null

2018-12-17 14:12:32 - [TEST_STEP][PASSED] - Statement - counter = counter + 1: null

2018-12-17 14:12:32 - [TEST_STEP][PASSED] - Statement - PreSaveFile = new java.io.File(((pathPrefix + java.lang.Integer.toString(counter)) + .png)): null

2018-12-17 14:12:32 - [TEST_STEP][PASSED] - Statement - counter = counter + 1: null

2018-12-17 14:12:32 - [TEST_STEP][PASSED] - Statement - PreSaveFile = new java.io.File(((pathPrefix + java.lang.Integer.toString(counter)) + .png)): null

2018-12-17 14:12:32 - [TEST_STEP][PASSED] - Statement - counter = counter + 1: null

2018-12-17 14:12:32 - [TEST_STEP][PASSED] - Statement - PreSaveFile = new java.io.File(((pathPrefix + java.lang.Integer.toString(counter)) + .png)): null

2018-12-17 14:12:32 - [TEST_STEP][PASSED] - Statement - counter = counter + 1: null

2018-12-17 14:12:32 - [TEST_STEP][PASSED] - Statement - PreSaveFile = new java.io.File(((pathPrefix + java.lang.Integer.toString(counter)) + .png)): null

2018-12-17 14:12:32 - [TEST_STEP][PASSED] - Statement - counter = counter + 1: null

2018-12-17 14:12:32 - [TEST_STEP][PASSED] - Statement - PreSaveFile = new java.io.File(((pathPrefix + java.lang.Integer.toString(counter)) + .png)): null

2018-12-17 14:12:32 - [TEST_STEP][PASSED] - Statement - counter = counter + 1: null

2018-12-17 14:12:32 - [TEST_STEP][PASSED] - Statement - PreSaveFile = new java.io.File(((pathPrefix + java.lang.Integer.toString(counter)) + .png)): null

2018-12-17 14:12:32 - [TEST_STEP][PASSED] - Statement - counter = counter + 1: null

2018-12-17 14:12:33 - [TEST_STEP][PASSED] - Statement - PreSaveFile = new java.io.File(((pathPrefix + java.lang.Integer.toString(counter)) + .png)): null

2018-12-17 14:12:33 - [TEST_STEP][PASSED] - Statement - counter = counter + 1: null

2018-12-17 14:12:33 - [TEST_STEP][PASSED] - Statement - PreSaveFile = new java.io.File(((pathPrefix + java.lang.Integer.toString(counter)) + .png)): null

2018-12-17 14:12:33 - [TEST_STEP][PASSED] - Statement - counter = counter + 1: null

2018-12-17 14:12:33 - [TEST_STEP][PASSED] - Statement - PreSaveFile = new java.io.File(((pathPrefix + java.lang.Integer.toString(counter)) + .png)): null

2018-12-17 14:12:33 - [TEST_STEP][PASSED] - Statement - counter = counter + 1: null

2018-12-17 14:12:33 - [TEST_STEP][PASSED] - Statement - PreSaveFile = new java.io.File(((pathPrefix + java.lang.Integer.toString(counter)) + .png)): null

2018-12-17 14:12:33 - [TEST_STEP][PASSED] - Statement - counter = counter + 1: null

2018-12-17 14:12:33 - [TEST_STEP][PASSED] - Statement - PreSaveFile = new java.io.File(((pathPrefix + java.lang.Integer.toString(counter)) + .png)): null

2018-12-17 14:12:33 - [TEST_STEP][PASSED] - Statement - counter = counter + 1: null

2018-12-17 14:12:33 - [TEST_STEP][PASSED] - Statement - PreSaveFile = new java.io.File(((pathPrefix + java.lang.Integer.toString(counter)) + .png)): null

2018-12-17 14:12:33 - [TEST_STEP][PASSED] - Statement - counter = counter + 1: null

2018-12-17 14:12:33 - [TEST_STEP][PASSED] - Statement - PreSaveFile = new java.io.File(((pathPrefix + java.lang.Integer.toString(counter)) + .png)): null

2018-12-17 14:12:33 - [TEST_STEP][PASSED] - Statement - counter = counter + 1: null

2018-12-17 14:12:33 - [TEST_STEP][PASSED] - Statement - PreSaveFile = new java.io.File(((pathPrefix + java.lang.Integer.toString(counter)) + .png)): null

2018-12-17 14:12:33 - [TEST_STEP][PASSED] - Statement - counter = counter + 1: null

2018-12-17 14:12:33 - [TEST_STEP][PASSED] - Statement - PreSaveFile = new java.io.File(((pathPrefix + java.lang.Integer.toString(counter)) + .png)): null

2018-12-17 14:12:33 - [TEST_STEP][PASSED] - Statement - counter = counter + 1: null

2018-12-17 14:12:33 - [TEST_STEP][PASSED] - Statement - PreSaveFile = new java.io.File(((pathPrefix + java.lang.Integer.toString(counter)) + .png)): null

2018-12-17 14:12:33 - [TEST_STEP][PASSED] - Statement - counter = counter + 1: null

2018-12-17 14:12:33 - [TEST_STEP][PASSED] - Statement - PreSaveFile = new java.io.File(((pathPrefix + java.lang.Integer.toString(counter)) + .png)): null

2018-12-17 14:12:33 - [TEST_STEP][PASSED] - Statement - counter = counter + 1: null

2018-12-17 14:12:33 - [TEST_STEP][PASSED] - Statement - PreSaveFile = new java.io.File(((pathPrefix + java.lang.Integer.toString(counter)) + .png)): null

2018-12-17 14:12:33 - [TEST_STEP][PASSED] - Statement - counter = counter + 1: null

2018-12-17 14:12:33 - [TEST_STEP][PASSED] - Statement - PreSaveFile = new java.io.File(((pathPrefix + java.lang.Integer.toString(counter)) + .png)): null

2018-12-17 14:12:33 - [TEST_STEP][PASSED] - Statement - counter = counter + 1: null

2018-12-17 14:12:33 - [TEST_STEP][PASSED] - Statement - PreSaveFile = new java.io.File(((pathPrefix + java.lang.Integer.toString(counter)) + .png)): null

2018-12-17 14:12:33 - [TEST_STEP][PASSED] - Statement - counter = counter + 1: null

2018-12-17 14:12:33 - [TEST_STEP][PASSED] - Statement - PreSaveFile = new java.io.File(((pathPrefix + java.lang.Integer.toString(counter)) + .png)): null

2018-12-17 14:12:34 - [TEST_STEP][PASSED] - Statement - counter = counter + 1: null

2018-12-17 14:12:34 - [TEST_STEP][PASSED] - Statement - PreSaveFile = new java.io.File(((pathPrefix + java.lang.Integer.toString(counter)) + .png)): null

2018-12-17 14:12:34 - [TEST_STEP][PASSED] - Statement - counter = counter + 1: null

2018-12-17 14:12:34 - [TEST_STEP][PASSED] - Statement - PreSaveFile = new java.io.File(((pathPrefix + java.lang.Integer.toString(counter)) + .png)): null

2018-12-17 14:12:34 - [TEST_STEP][PASSED] - Statement - counter = counter + 1: null

2018-12-17 14:12:34 - [TEST_STEP][PASSED] - Statement - PreSaveFile = new java.io.File(((pathPrefix + java.lang.Integer.toString(counter)) + .png)): null

2018-12-17 14:12:34 - [TEST_STEP][PASSED] - Statement - counter = counter + 1: null

2018-12-17 14:12:34 - [TEST_STEP][PASSED] - Statement - PreSaveFile = new java.io.File(((pathPrefix + java.lang.Integer.toString(counter)) + .png)): null

2018-12-17 14:12:34 - [TEST_STEP][PASSED] - Statement - counter = counter + 1: null

2018-12-17 14:12:34 - [TEST_STEP][PASSED] - Statement - PreSaveFile = new java.io.File(((pathPrefix + java.lang.Integer.toString(counter)) + .png)): null

2018-12-17 14:12:34 - [TEST_STEP][PASSED] - Statement - counter = counter + 1: null

2018-12-17 14:12:34 - [TEST_STEP][PASSED] - Statement - PreSaveFile = new java.io.File(((pathPrefix + java.lang.Integer.toString(counter)) + .png)): null

2018-12-17 14:12:34 - [TEST_STEP][PASSED] - Statement - counter = counter + 1: null

2018-12-17 14:12:34 - [TEST_STEP][PASSED] - Statement - PreSaveFile = new java.io.File(((pathPrefix + java.lang.Integer.toString(counter)) + .png)): null

2018-12-17 14:12:34 - [TEST_STEP][PASSED] - Statement - counter = counter + 1: null

2018-12-17 14:12:34 - [TEST_STEP][PASSED] - Statement - PreSaveFile = new java.io.File(((pathPrefix + java.lang.Integer.toString(counter)) + .png)): null

2018-12-17 14:12:34 - [TEST_STEP][PASSED] - Statement - counter = counter + 1: null

2018-12-17 14:12:34 - [TEST_STEP][PASSED] - Statement - PreSaveFile = new java.io.File(((pathPrefix + java.lang.Integer.toString(counter)) + .png)): null

2018-12-17 14:12:34 - [TEST_STEP][PASSED] - Statement - counter = counter + 1: null

2018-12-17 14:12:34 - [TEST_STEP][PASSED] - Statement - PreSaveFile = new java.io.File(((pathPrefix + java.lang.Integer.toString(counter)) + .png)): null

2018-12-17 14:12:34 - [TEST_STEP][PASSED] - Statement - counter = counter + 1: null

2018-12-17 14:12:34 - [TEST_STEP][PASSED] - Statement - PreSaveFile = new java.io.File(((pathPrefix + java.lang.Integer.toString(counter)) + .png)): null

2018-12-17 14:12:34 - [TEST_STEP][PASSED] - Statement - counter = counter + 1: null

2018-12-17 14:12:34 - [TEST_STEP][PASSED] - Statement - PreSaveFile = new java.io.File(((pathPrefix + java.lang.Integer.toString(counter)) + .png)): null

2018-12-17 14:12:34 - [TEST_STEP][PASSED] - Statement - counter = counter + 1: null

2018-12-17 14:12:34 - [TEST_STEP][PASSED] - Statement - PreSaveFile = new java.io.File(((pathPrefix + java.lang.Integer.toString(counter)) + .png)): null

2018-12-17 14:12:34 - [TEST_STEP][PASSED] - Statement - counter = counter + 1: null

2018-12-17 14:12:34 - [TEST_STEP][PASSED] - Statement - PreSaveFile = new java.io.File(((pathPrefix + java.lang.Integer.toString(counter)) + .png)): null

2018-12-17 14:12:35 - [TEST_STEP][PASSED] - Statement - counter = counter + 1: null

2018-12-17 14:12:35 - [TEST_STEP][PASSED] - Statement - PreSaveFile = new java.io.File(((pathPrefix + java.lang.Integer.toString(counter)) + .png)): null

2018-12-17 14:12:35 - [TEST_STEP][PASSED] - Statement - counter = counter + 1: null

2018-12-17 14:12:35 - [TEST_STEP][PASSED] - Statement - PreSaveFile = new java.io.File(((pathPrefix + java.lang.Integer.toString(counter)) + .png)): null

2018-12-17 14:12:35 - [TEST_STEP][PASSED] - Statement - counter = counter + 1: null

2018-12-17 14:12:35 - [TEST_STEP][PASSED] - Statement - PreSaveFile = new java.io.File(((pathPrefix + java.lang.Integer.toString(counter)) + .png)): null

2018-12-17 14:12:35 - [TEST_STEP][PASSED] - Statement - counter = counter + 1: null

2018-12-17 14:12:35 - [TEST_STEP][PASSED] - Statement - PreSaveFile = new java.io.File(((pathPrefix + java.lang.Integer.toString(counter)) + .png)): null

2018-12-17 14:12:35 - [TEST_STEP][PASSED] - Statement - counter = counter + 1: null

2018-12-17 14:12:35 - [TEST_STEP][PASSED] - Statement - PreSaveFile = new java.io.File(((pathPrefix + java.lang.Integer.toString(counter)) + .png)): null

2018-12-17 14:12:35 - [TEST_STEP][PASSED] - Statement - counter = counter + 1: null

2018-12-17 14:12:35 - [TEST_STEP][PASSED] - Statement - PreSaveFile = new java.io.File(((pathPrefix + java.lang.Integer.toString(counter)) + .png)): null

2018-12-17 14:12:35 - [TEST_STEP][PASSED] - Statement - counter = counter + 1: null

2018-12-17 14:12:35 - [TEST_STEP][PASSED] - Statement - PreSaveFile = new java.io.File(((pathPrefix + java.lang.Integer.toString(counter)) + .png)): null

2018-12-17 14:12:35 - [TEST_STEP][PASSED] - Statement - counter = counter + 1: null

2018-12-17 14:12:35 - [TEST_STEP][PASSED] - Statement - PreSaveFile = new java.io.File(((pathPrefix + java.lang.Integer.toString(counter)) + .png)): null

2018-12-17 14:12:35 - [TEST_STEP][PASSED] - Statement - counter = counter + 1: null

2018-12-17 14:12:35 - [TEST_STEP][PASSED] - Statement - PreSaveFile = new java.io.File(((pathPrefix + java.lang.Integer.toString(counter)) + .png)): null

2018-12-17 14:12:35 - [TEST_STEP][PASSED] - Statement - counter = counter + 1: null

2018-12-17 14:12:35 - [TEST_STEP][PASSED] - Statement - PreSaveFile = new java.io.File(((pathPrefix + java.lang.Integer.toString(counter)) + .png)): null

2018-12-17 14:12:35 - [TEST_STEP][PASSED] - Statement - counter = counter + 1: null

2018-12-17 14:12:35 - [TEST_STEP][PASSED] - Statement - PreSaveFile = new java.io.File(((pathPrefix + java.lang.Integer.toString(counter)) + .png)): null

2018-12-17 14:12:35 - [TEST_STEP][PASSED] - Statement - counter = counter + 1: null

2018-12-17 14:12:35 - [TEST_STEP][PASSED] - Statement - PreSaveFile = new java.io.File(((pathPrefix + java.lang.Integer.toString(counter)) + .png)): null

2018-12-17 14:12:35 - [TEST_STEP][PASSED] - Statement - counter = counter + 1: null

2018-12-17 14:12:35 - [TEST_STEP][PASSED] - Statement - PreSaveFile = new java.io.File(((pathPrefix + java.lang.Integer.toString(counter)) + .png)): null

2018-12-17 14:12:35 - [TEST_STEP][PASSED] - Statement - counter = counter + 1: null

2018-12-17 14:12:35 - [TEST_STEP][PASSED] - Statement - PreSaveFile = new java.io.File(((pathPrefix + java.lang.Integer.toString(counter)) + .png)): null

2018-12-17 14:12:35 - [TEST_STEP][PASSED] - Statement - counter = counter + 1: null

2018-12-17 14:12:36 - [TEST_STEP][PASSED] - Statement - PreSaveFile = new java.io.File(((pathPrefix + java.lang.Integer.toString(counter)) + .png)): null

2018-12-17 14:12:36 - [TEST_STEP][PASSED] - Statement - counter = counter + 1: null

2018-12-17 14:12:36 - [TEST_STEP][PASSED] - Statement - PreSaveFile = new java.io.File(((pathPrefix + java.lang.Integer.toString(counter)) + .png)): null

2018-12-17 14:12:36 - [TEST_STEP][PASSED] - Statement - counter = counter + 1: null

2018-12-17 14:12:36 - [TEST_STEP][PASSED] - Statement - PreSaveFile = new java.io.File(((pathPrefix + java.lang.Integer.toString(counter)) + .png)): null

2018-12-17 14:12:36 - [TEST_STEP][PASSED] - Statement - counter = counter + 1: null

2018-12-17 14:12:36 - [TEST_STEP][PASSED] - Statement - PreSaveFile = new java.io.File(((pathPrefix + java.lang.Integer.toString(counter)) + .png)): null

2018-12-17 14:12:36 - [TEST_STEP][PASSED] - Statement - counter = counter + 1: null

2018-12-17 14:12:36 - [TEST_STEP][PASSED] - Statement - PreSaveFile = new java.io.File(((pathPrefix + java.lang.Integer.toString(counter)) + .png)): null

2018-12-17 14:12:36 - [TEST_STEP][PASSED] - Statement - counter = counter + 1: null

2018-12-17 14:12:36 - [TEST_STEP][PASSED] - Statement - PreSaveFile = new java.io.File(((pathPrefix + java.lang.Integer.toString(counter)) + .png)): null

2018-12-17 14:12:36 - [TEST_STEP][PASSED] - Statement - counter = counter + 1: null

2018-12-17 14:12:36 - [TEST_STEP][PASSED] - Statement - PreSaveFile = new java.io.File(((pathPrefix + java.lang.Integer.toString(counter)) + .png)): null

2018-12-17 14:12:36 - [TEST_STEP][PASSED] - Statement - counter = counter + 1: null

2018-12-17 14:12:36 - [TEST_STEP][PASSED] - Statement - PreSaveFile = new java.io.File(((pathPrefix + java.lang.Integer.toString(counter)) + .png)): null

2018-12-17 14:12:36 - [TEST_STEP][PASSED] - Statement - counter = counter + 1: null

2018-12-17 14:12:36 - [TEST_STEP][PASSED] - Statement - PreSaveFile = new java.io.File(((pathPrefix + java.lang.Integer.toString(counter)) + .png)): null

2018-12-17 14:12:36 - [TEST_STEP][PASSED] - Statement - counter = counter + 1: null

2018-12-17 14:12:36 - [TEST_STEP][PASSED] - Statement - PreSaveFile = new java.io.File(((pathPrefix + java.lang.Integer.toString(counter)) + .png)): null

2018-12-17 14:12:36 - [TEST_STEP][PASSED] - Statement - counter = counter + 1: null

2018-12-17 14:12:36 - [TEST_STEP][PASSED] - Statement - PreSaveFile = new java.io.File(((pathPrefix + java.lang.Integer.toString(counter)) + .png)): null

2018-12-17 14:12:36 - [TEST_STEP][PASSED] - Statement - counter = counter + 1: null

2018-12-17 14:12:36 - [TEST_STEP][PASSED] - Statement - PreSaveFile = new java.io.File(((pathPrefix + java.lang.Integer.toString(counter)) + .png)): null

2018-12-17 14:12:36 - [TEST_STEP][PASSED] - Statement - counter = counter + 1: null

2018-12-17 14:12:36 - [TEST_STEP][PASSED] - Statement - PreSaveFile = new java.io.File(((pathPrefix + java.lang.Integer.toString(counter)) + .png)): null

2018-12-17 14:12:36 - [TEST_STEP][PASSED] - Statement - counter = counter + 1: null

2018-12-17 14:12:36 - [TEST_STEP][PASSED] - Statement - PreSaveFile = new java.io.File(((pathPrefix + java.lang.Integer.toString(counter)) + .png)): null

2018-12-17 14:12:36 - [TEST_STEP][PASSED] - Statement - counter = counter + 1: null

2018-12-17 14:12:36 - [TEST_STEP][PASSED] - Statement - PreSaveFile = new java.io.File(((pathPrefix + java.lang.Integer.toString(counter)) + .png)): null

2018-12-17 14:12:37 - [TEST_STEP][PASSED] - Statement - counter = counter + 1: null

2018-12-17 14:12:37 - [TEST_STEP][PASSED] - Statement - PreSaveFile = new java.io.File(((pathPrefix + java.lang.Integer.toString(counter)) + .png)): null

2018-12-17 14:12:37 - [TEST_STEP][PASSED] - Statement - counter = counter + 1: null

2018-12-17 14:12:37 - [TEST_STEP][PASSED] - Statement - PreSaveFile = new java.io.File(((pathPrefix + java.lang.Integer.toString(counter)) + .png)): null

2018-12-17 14:12:37 - [TEST_STEP][PASSED] - Statement - counter = counter + 1: null

2018-12-17 14:12:37 - [TEST_STEP][PASSED] - Statement - PreSaveFile = new java.io.File(((pathPrefix + java.lang.Integer.toString(counter)) + .png)): null

2018-12-17 14:12:37 - [TEST_STEP][PASSED] - Statement - counter = counter + 1: null

2018-12-17 14:12:37 - [TEST_STEP][PASSED] - Statement - PreSaveFile = new java.io.File(((pathPrefix + java.lang.Integer.toString(counter)) + .png)): null

2018-12-17 14:12:37 - [TEST_STEP][PASSED] - Statement - counter = counter + 1: null

2018-12-17 14:12:37 - [TEST_STEP][PASSED] - Statement - PreSaveFile = new java.io.File(((pathPrefix + java.lang.Integer.toString(counter)) + .png)): null

2018-12-17 14:12:37 - [TEST_STEP][PASSED] - Statement - counter = counter + 1: null

2018-12-17 14:12:37 - [TEST_STEP][PASSED] - Statement - PreSaveFile = new java.io.File(((pathPrefix + java.lang.Integer.toString(counter)) + .png)): null

2018-12-17 14:12:37 - [TEST_STEP][PASSED] - Statement - counter = counter + 1: null

2018-12-17 14:12:37 - [TEST_STEP][PASSED] - Statement - PreSaveFile = new java.io.File(((pathPrefix + java.lang.Integer.toString(counter)) + .png)): null

2018-12-17 14:12:37 - [TEST_STEP][PASSED] - Statement - counter = counter + 1: null

2018-12-17 14:12:37 - [TEST_STEP][PASSED] - Statement - PreSaveFile = new java.io.File(((pathPrefix + java.lang.Integer.toString(counter)) + .png)): null

2018-12-17 14:12:37 - [TEST_STEP][PASSED] - Statement - counter = counter + 1: null

2018-12-17 14:12:37 - [TEST_STEP][PASSED] - Statement - PreSaveFile = new java.io.File(((pathPrefix + java.lang.Integer.toString(counter)) + .png)): null

2018-12-17 14:12:37 - [TEST_STEP][PASSED] - Statement - counter = counter + 1: null

2018-12-17 14:12:37 - [TEST_STEP][PASSED] - Statement - PreSaveFile = new java.io.File(((pathPrefix + java.lang.Integer.toString(counter)) + .png)): null

2018-12-17 14:12:37 - [TEST_STEP][PASSED] - Statement - counter = counter + 1: null

2018-12-17 14:12:37 - [TEST_STEP][PASSED] - Statement - PreSaveFile = new java.io.File(((pathPrefix + java.lang.Integer.toString(counter)) + .png)): null

2018-12-17 14:12:37 - [TEST_STEP][PASSED] - Statement - counter = counter + 1: null

2018-12-17 14:12:37 - [TEST_STEP][PASSED] - Statement - PreSaveFile = new java.io.File(((pathPrefix + java.lang.Integer.toString(counter)) + .png)): null

2018-12-17 14:12:37 - [TEST_STEP][PASSED] - Statement - counter = counter + 1: null

2018-12-17 14:12:37 - [TEST_STEP][PASSED] - Statement - PreSaveFile = new java.io.File(((pathPrefix + java.lang.Integer.toString(counter)) + .png)): null

2018-12-17 14:12:37 - [TEST_STEP][PASSED] - Statement - counter = counter + 1: null

2018-12-17 14:12:37 - [TEST_STEP][PASSED] - Statement - PreSaveFile = new java.io.File(((pathPrefix + java.lang.Integer.toString(counter)) + .png)): null

2018-12-17 14:12:37 - [TEST_STEP][PASSED] - Statement - counter = counter + 1: null

2018-12-17 14:12:38 - [TEST_STEP][PASSED] - Statement - PreSaveFile = new java.io.File(((pathPrefix + java.lang.Integer.toString(counter)) + .png)): null

2018-12-17 14:12:38 - [TEST_STEP][PASSED] - Statement - counter = counter + 1: null

2018-12-17 14:12:38 - [TEST_STEP][PASSED] - Statement - PreSaveFile = new java.io.File(((pathPrefix + java.lang.Integer.toString(counter)) + .png)): null

2018-12-17 14:12:38 - [TEST_STEP][PASSED] - Statement - counter = counter + 1: null

2018-12-17 14:12:38 - [TEST_STEP][PASSED] - Statement - PreSaveFile = new java.io.File(((pathPrefix + java.lang.Integer.toString(counter)) + .png)): null

2018-12-17 14:12:38 - [TEST_STEP][PASSED] - Statement - counter = counter + 1: null

2018-12-17 14:12:38 - [TEST_STEP][PASSED] - Statement - PreSaveFile = new java.io.File(((pathPrefix + java.lang.Integer.toString(counter)) + .png)): null

2018-12-17 14:12:38 - [TEST_STEP][PASSED] - Statement - counter = counter + 1: null

2018-12-17 14:12:38 - [TEST_STEP][PASSED] - Statement - PreSaveFile = new java.io.File(((pathPrefix + java.lang.Integer.toString(counter)) + .png)): null

2018-12-17 14:12:38 - [TEST_STEP][PASSED] - Statement - counter = counter + 1: null

2018-12-17 14:12:38 - [TEST_STEP][PASSED] - Statement - PreSaveFile = new java.io.File(((pathPrefix + java.lang.Integer.toString(counter)) + .png)): null

2018-12-17 14:12:38 - [TEST_STEP][PASSED] - Statement - counter = counter + 1: null

2018-12-17 14:12:38 - [TEST_STEP][PASSED] - Statement - PreSaveFile = new java.io.File(((pathPrefix + java.lang.Integer.toString(counter)) + .png)): null

2018-12-17 14:12:38 - [TEST_STEP][PASSED] - Statement - counter = counter + 1: null

2018-12-17 14:12:38 - [TEST_STEP][PASSED] - Statement - PreSaveFile = new java.io.File(((pathPrefix + java.lang.Integer.toString(counter)) + .png)): null

2018-12-17 14:12:38 - [TEST_STEP][PASSED] - Statement - counter = counter + 1: null

2018-12-17 14:12:38 - [TEST_STEP][PASSED] - Statement - PreSaveFile = new java.io.File(((pathPrefix + java.lang.Integer.toString(counter)) + .png)): null

2018-12-17 14:12:38 - [TEST_STEP][PASSED] - Statement - counter = counter + 1: null

2018-12-17 14:12:38 - [TEST_STEP][PASSED] - Statement - PreSaveFile = new java.io.File(((pathPrefix + java.lang.Integer.toString(counter)) + .png)): null

2018-12-17 14:12:38 - [TEST_STEP][PASSED] - Statement - counter = counter + 1: null

2018-12-17 14:12:38 - [TEST_STEP][PASSED] - Statement - PreSaveFile = new java.io.File(((pathPrefix + java.lang.Integer.toString(counter)) + .png)): null

2018-12-17 14:12:38 - [TEST_STEP][PASSED] - Statement - counter = counter + 1: null

2018-12-17 14:12:38 - [TEST_STEP][PASSED] - Statement - PreSaveFile = new java.io.File(((pathPrefix + java.lang.Integer.toString(counter)) + .png)): null

2018-12-17 14:12:38 - [TEST_STEP][PASSED] - Statement - counter = counter + 1: null

2018-12-17 14:12:38 - [TEST_STEP][PASSED] - Statement - PreSaveFile = new java.io.File(((pathPrefix + java.lang.Integer.toString(counter)) + .png)): null

2018-12-17 14:12:38 - [TEST_STEP][PASSED] - Statement - counter = counter + 1: null

2018-12-17 14:12:38 - [TEST_STEP][PASSED] - Statement - PreSaveFile = new java.io.File(((pathPrefix + java.lang.Integer.toString(counter)) + .png)): null

2018-12-17 14:12:38 - [TEST_STEP][PASSED] - Statement - counter = counter + 1: null

2018-12-17 14:12:38 - [TEST_STEP][PASSED] - Statement - PreSaveFile = new java.io.File(((pathPrefix + java.lang.Integer.toString(counter)) + .png)): null

2018-12-17 14:12:39 - [TEST_STEP][PASSED] - Statement - counter = counter + 1: null

2018-12-17 14:12:39 - [TEST_STEP][PASSED] - Statement - PreSaveFile = new java.io.File(((pathPrefix + java.lang.Integer.toString(counter)) + .png)): null

2018-12-17 14:12:39 - [TEST_STEP][PASSED] - Statement - counter = counter + 1: null

2018-12-17 14:12:39 - [TEST_STEP][PASSED] - Statement - PreSaveFile = new java.io.File(((pathPrefix + java.lang.Integer.toString(counter)) + .png)): null

2018-12-17 14:12:39 - [TEST_STEP][PASSED] - Statement - counter = counter + 1: null

2018-12-17 14:12:39 - [TEST_STEP][PASSED] - Statement - PreSaveFile = new java.io.File(((pathPrefix + java.lang.Integer.toString(counter)) + .png)): null

2018-12-17 14:12:39 - [TEST_STEP][PASSED] - Statement - counter = counter + 1: null

2018-12-17 14:12:39 - [TEST_STEP][PASSED] - Statement - PreSaveFile = new java.io.File(((pathPrefix + java.lang.Integer.toString(counter)) + .png)): null

2018-12-17 14:12:39 - [TEST_STEP][PASSED] - Statement - counter = counter + 1: null

2018-12-17 14:12:39 - [TEST_STEP][PASSED] - Statement - PreSaveFile = new java.io.File(((pathPrefix + java.lang.Integer.toString(counter)) + .png)): null

2018-12-17 14:12:39 - [TEST_STEP][PASSED] - Statement - counter = counter + 1: null

2018-12-17 14:12:39 - [TEST_STEP][PASSED] - Statement - PreSaveFile = new java.io.File(((pathPrefix + java.lang.Integer.toString(counter)) + .png)): null

2018-12-17 14:12:39 - [TEST_STEP][PASSED] - Statement - counter = counter + 1: null

2018-12-17 14:12:39 - [TEST_STEP][PASSED] - Statement - PreSaveFile = new java.io.File(((pathPrefix + java.lang.Integer.toString(counter)) + .png)): null

2018-12-17 14:12:39 - [TEST_STEP][PASSED] - Statement - counter = counter + 1: null

2018-12-17 14:12:39 - [TEST_STEP][PASSED] - Statement - PreSaveFile = new java.io.File(((pathPrefix + java.lang.Integer.toString(counter)) + .png)): null

2018-12-17 14:12:39 - [TEST_STEP][PASSED] - Statement - counter = counter + 1: null

2018-12-17 14:12:39 - [TEST_STEP][PASSED] - Statement - PreSaveFile = new java.io.File(((pathPrefix + java.lang.Integer.toString(counter)) + .png)): null

2018-12-17 14:12:39 - [TEST_STEP][PASSED] - Statement - counter = counter + 1: null

2018-12-17 14:12:39 - [TEST_STEP][PASSED] - Statement - PreSaveFile = new java.io.File(((pathPrefix + java.lang.Integer.toString(counter)) + .png)): null

2018-12-17 14:12:39 - [TEST_STEP][PASSED] - Statement - counter = counter + 1: null

2018-12-17 14:12:39 - [TEST_STEP][PASSED] - Statement - PreSaveFile = new java.io.File(((pathPrefix + java.lang.Integer.toString(counter)) + .png)): null

2018-12-17 14:12:39 - [TEST_STEP][PASSED] - Statement - counter = counter + 1: null

2018-12-17 14:12:39 - [TEST_STEP][PASSED] - Statement - PreSaveFile = new java.io.File(((pathPrefix + java.lang.Integer.toString(counter)) + .png)): null

2018-12-17 14:12:39 - [TEST_STEP][PASSED] - Statement - counter = counter + 1: null

2018-12-17 14:12:39 - [TEST_STEP][PASSED] - Statement - PreSaveFile = new java.io.File(((pathPrefix + java.lang.Integer.toString(counter)) + .png)): null

2018-12-17 14:12:39 - [TEST_STEP][PASSED] - Statement - counter = counter + 1: null

2018-12-17 14:12:39 - [TEST_STEP][PASSED] - Statement - PreSaveFile = new java.io.File(((pathPrefix + java.lang.Integer.toString(counter)) + .png)): null

2018-12-17 14:12:40 - [TEST_STEP][PASSED] - Statement - counter = counter + 1: null

2018-12-17 14:12:40 - [TEST_STEP][PASSED] - Statement - PreSaveFile = new java.io.File(((pathPrefix + java.lang.Integer.toString(counter)) + .png)): null

2018-12-17 14:12:40 - [TEST_STEP][PASSED] - Statement - counter = counter + 1: null

2018-12-17 14:12:40 - [TEST_STEP][PASSED] - Statement - PreSaveFile = new java.io.File(((pathPrefix + java.lang.Integer.toString(counter)) + .png)): null

2018-12-17 14:12:40 - [TEST_STEP][PASSED] - Statement - counter = counter + 1: null

2018-12-17 14:12:40 - [TEST_STEP][PASSED] - Statement - PreSaveFile = new java.io.File(((pathPrefix + java.lang.Integer.toString(counter)) + .png)): null

2018-12-17 14:12:40 - [TEST_STEP][PASSED] - Statement - counter = counter + 1: null

2018-12-17 14:12:40 - [TEST_STEP][PASSED] - Statement - PreSaveFile = new java.io.File(((pathPrefix + java.lang.Integer.toString(counter)) + .png)): null

2018-12-17 14:12:40 - [TEST_STEP][PASSED] - Statement - counter = counter + 1: null

2018-12-17 14:12:40 - [TEST_STEP][PASSED] - Statement - PreSaveFile = new java.io.File(((pathPrefix + java.lang.Integer.toString(counter)) + .png)): null

2018-12-17 14:12:40 - [TEST_STEP][PASSED] - Statement - counter = counter + 1: null

2018-12-17 14:12:40 - [TEST_STEP][PASSED] - Statement - PreSaveFile = new java.io.File(((pathPrefix + java.lang.Integer.toString(counter)) + .png)): null

2018-12-17 14:12:40 - [TEST_STEP][PASSED] - Statement - counter = counter + 1: null

2018-12-17 14:12:40 - [TEST_STEP][PASSED] - Statement - PreSaveFile = new java.io.File(((pathPrefix + java.lang.Integer.toString(counter)) + .png)): null

2018-12-17 14:12:40 - [TEST_STEP][PASSED] - Statement - counter = counter + 1: null

2018-12-17 14:12:40 - [TEST_STEP][PASSED] - Statement - PreSaveFile = new java.io.File(((pathPrefix + java.lang.Integer.toString(counter)) + .png)): null

2018-12-17 14:12:40 - [TEST_STEP][PASSED] - Statement - counter = counter + 1: null

2018-12-17 14:12:40 - [TEST_STEP][PASSED] - Statement - PreSaveFile = new java.io.File(((pathPrefix + java.lang.Integer.toString(counter)) + .png)): null

2018-12-17 14:12:40 - [TEST_STEP][PASSED] - Statement - counter = counter + 1: null

2018-12-17 14:12:40 - [TEST_STEP][PASSED] - Statement - PreSaveFile = new java.io.File(((pathPrefix + java.lang.Integer.toString(counter)) + .png)): null

2018-12-17 14:12:40 - [TEST_STEP][PASSED] - Statement - counter = counter + 1: null

2018-12-17 14:12:40 - [TEST_STEP][PASSED] - Statement - PreSaveFile = new java.io.File(((pathPrefix + java.lang.Integer.toString(counter)) + .png)): null

2018-12-17 14:12:40 - [TEST_STEP][PASSED] - Statement - counter = counter + 1: null

2018-12-17 14:12:40 - [TEST_STEP][PASSED] - Statement - PreSaveFile = new java.io.File(((pathPrefix + java.lang.Integer.toString(counter)) + .png)): null

2018-12-17 14:12:40 - [TEST_STEP][PASSED] - Statement - counter = counter + 1: null

2018-12-17 14:12:40 - [TEST_STEP][PASSED] - Statement - PreSaveFile = new java.io.File(((pathPrefix + java.lang.Integer.toString(counter)) + .png)): null

2018-12-17 14:12:40 - [TEST_STEP][PASSED] - Statement - counter = counter + 1: null

2018-12-17 14:12:40 - [TEST_STEP][PASSED] - Statement - PreSaveFile = new java.io.File(((pathPrefix + java.lang.Integer.toString(counter)) + .png)): null

2018-12-17 14:12:40 - [TEST_STEP][PASSED] - Statement - counter = counter + 1: null

2018-12-17 14:12:41 - [TEST_STEP][PASSED] - Statement - PreSaveFile = new java.io.File(((pathPrefix + java.lang.Integer.toString(counter)) + .png)): null

2018-12-17 14:12:41 - [TEST_STEP][PASSED] - Statement - counter = counter + 1: null

2018-12-17 14:12:41 - [TEST_STEP][PASSED] - Statement - PreSaveFile = new java.io.File(((pathPrefix + java.lang.Integer.toString(counter)) + .png)): null

2018-12-17 14:12:41 - [TEST_STEP][PASSED] - Statement - counter = counter + 1: null

2018-12-17 14:12:41 - [TEST_STEP][PASSED] - Statement - PreSaveFile = new java.io.File(((pathPrefix + java.lang.Integer.toString(counter)) + .png)): null

2018-12-17 14:12:41 - [TEST_STEP][PASSED] - Statement - counter = counter + 1: null

2018-12-17 14:12:41 - [TEST_STEP][PASSED] - Statement - PreSaveFile = new java.io.File(((pathPrefix + java.lang.Integer.toString(counter)) + .png)): null

2018-12-17 14:12:41 - [TEST_STEP][PASSED] - Statement - counter = counter + 1: null

2018-12-17 14:12:41 - [TEST_STEP][PASSED] - Statement - PreSaveFile = new java.io.File(((pathPrefix + java.lang.Integer.toString(counter)) + .png)): null

2018-12-17 14:12:41 - [TEST_STEP][PASSED] - Statement - counter = counter + 1: null

2018-12-17 14:12:41 - [TEST_STEP][PASSED] - Statement - PreSaveFile = new java.io.File(((pathPrefix + java.lang.Integer.toString(counter)) + .png)): null

2018-12-17 14:12:41 - [TEST_STEP][PASSED] - Statement - counter = counter + 1: null

2018-12-17 14:12:41 - [TEST_STEP][PASSED] - Statement - PreSaveFile = new java.io.File(((pathPrefix + java.lang.Integer.toString(counter)) + .png)): null

2018-12-17 14:12:41 - [TEST_STEP][PASSED] - Statement - counter = counter + 1: null

2018-12-17 14:12:41 - [TEST_STEP][PASSED] - Statement - PreSaveFile = new java.io.File(((pathPrefix + java.lang.Integer.toString(counter)) + .png)): null

2018-12-17 14:12:41 - [TEST_STEP][PASSED] - Statement - counter = counter + 1: null

2018-12-17 14:12:41 - [TEST_STEP][PASSED] - Statement - PreSaveFile = new java.io.File(((pathPrefix + java.lang.Integer.toString(counter)) + .png)): null

2018-12-17 14:12:41 - [TEST_STEP][PASSED] - Statement - counter = counter + 1: null

2018-12-17 14:12:41 - [TEST_STEP][PASSED] - Statement - PreSaveFile = new java.io.File(((pathPrefix + java.lang.Integer.toString(counter)) + .png)): null

2018-12-17 14:12:41 - [TEST_STEP][PASSED] - Statement - counter = counter + 1: null

2018-12-17 14:12:41 - [TEST_STEP][PASSED] - Statement - PreSaveFile = new java.io.File(((pathPrefix + java.lang.Integer.toString(counter)) + .png)): null

2018-12-17 14:12:41 - [TEST_STEP][PASSED] - Statement - counter = counter + 1: null

2018-12-17 14:12:41 - [TEST_STEP][PASSED] - Statement - PreSaveFile = new java.io.File(((pathPrefix + java.lang.Integer.toString(counter)) + .png)): null

2018-12-17 14:12:41 - [TEST_STEP][PASSED] - Statement - counter = counter + 1: null

2018-12-17 14:12:41 - [TEST_STEP][PASSED] - Statement - PreSaveFile = new java.io.File(((pathPrefix + java.lang.Integer.toString(counter)) + .png)): null

2018-12-17 14:12:41 - [TEST_STEP][PASSED] - Statement - counter = counter + 1: null

2018-12-17 14:12:41 - [TEST_STEP][PASSED] - Statement - PreSaveFile = new java.io.File(((pathPrefix + java.lang.Integer.toString(counter)) + .png)): null

2018-12-17 14:12:41 - [TEST_STEP][PASSED] - Statement - counter = counter + 1: null

2018-12-17 14:12:41 - [TEST_STEP][PASSED] - Statement - PreSaveFile = new java.io.File(((pathPrefix + java.lang.Integer.toString(counter)) + .png)): null

2018-12-17 14:12:42 - [TEST_STEP][PASSED] - Statement - counter = counter + 1: null

2018-12-17 14:12:42 - [TEST_STEP][PASSED] - Statement - PreSaveFile = new java.io.File(((pathPrefix + java.lang.Integer.toString(counter)) + .png)): null

2018-12-17 14:12:42 - [TEST_STEP][PASSED] - Statement - counter = counter + 1: null

2018-12-17 14:12:42 - [TEST_STEP][PASSED] - Statement - PreSaveFile = new java.io.File(((pathPrefix + java.lang.Integer.toString(counter)) + .png)): null

2018-12-17 14:12:42 - [TEST_STEP][PASSED] - Statement - counter = counter + 1: null

2018-12-17 14:12:42 - [TEST_STEP][PASSED] - Statement - PreSaveFile = new java.io.File(((pathPrefix + java.lang.Integer.toString(counter)) + .png)): null

2018-12-17 14:12:42 - [TEST_STEP][PASSED] - Statement - counter = counter + 1: null

2018-12-17 14:12:42 - [TEST_STEP][PASSED] - Statement - PreSaveFile = new java.io.File(((pathPrefix + java.lang.Integer.toString(counter)) + .png)): null

2018-12-17 14:12:42 - [TEST_STEP][PASSED] - Statement - counter = counter + 1: null

2018-12-17 14:12:42 - [TEST_STEP][PASSED] - Statement - PreSaveFile = new java.io.File(((pathPrefix + java.lang.Integer.toString(counter)) + .png)): null

2018-12-17 14:12:42 - [TEST_STEP][PASSED] - Statement - counter = counter + 1: null

2018-12-17 14:12:42 - [TEST_STEP][PASSED] - Statement - PreSaveFile = new java.io.File(((pathPrefix + java.lang.Integer.toString(counter)) + .png)): null

2018-12-17 14:12:42 - [TEST_STEP][PASSED] - Statement - counter = counter + 1: null

2018-12-17 14:12:42 - [TEST_STEP][PASSED] - Statement - PreSaveFile = new java.io.File(((pathPrefix + java.lang.Integer.toString(counter)) + .png)): null

2018-12-17 14:12:42 - [TEST_STEP][PASSED] - Statement - counter = counter + 1: null

2018-12-17 14:12:42 - [TEST_STEP][PASSED] - Statement - PreSaveFile = new java.io.File(((pathPrefix + java.lang.Integer.toString(counter)) + .png)): null

2018-12-17 14:12:42 - [TEST_STEP][PASSED] - Statement - counter = counter + 1: null

2018-12-17 14:12:42 - [TEST_STEP][PASSED] - Statement - PreSaveFile = new java.io.File(((pathPrefix + java.lang.Integer.toString(counter)) + .png)): null

2018-12-17 14:12:42 - [TEST_STEP][PASSED] - Statement - counter = counter + 1: null

2018-12-17 14:12:43 - [TEST_STEP][PASSED] - Statement - PreSaveFile = new java.io.File(((pathPrefix + java.lang.Integer.toString(counter)) + .png)): null

2018-12-17 14:12:43 - [TEST_STEP][PASSED] - Statement - counter = counter + 1: null

2018-12-17 14:12:43 - [TEST_STEP][PASSED] - Statement - PreSaveFile = new java.io.File(((pathPrefix + java.lang.Integer.toString(counter)) + .png)): null

2018-12-17 14:12:43 - [TEST_STEP][PASSED] - Statement - counter = counter + 1: null

2018-12-17 14:12:43 - [TEST_STEP][PASSED] - Statement - PreSaveFile = new java.io.File(((pathPrefix + java.lang.Integer.toString(counter)) + .png)): null

2018-12-17 14:12:43 - [TEST_STEP][PASSED] - Statement - counter = counter + 1: null

2018-12-17 14:12:43 - [TEST_STEP][PASSED] - Statement - PreSaveFile = new java.io.File(((pathPrefix + java.lang.Integer.toString(counter)) + .png)): null

2018-12-17 14:12:43 - [TEST_STEP][PASSED] - Statement - counter = counter + 1: null

2018-12-17 14:12:43 - [TEST_STEP][PASSED] - Statement - PreSaveFile = new java.io.File(((pathPrefix + java.lang.Integer.toString(counter)) + .png)): null

2018-12-17 14:12:43 - [TEST_STEP][PASSED] - Statement - counter = counter + 1: null

2018-12-17 14:12:43 - [TEST_STEP][PASSED] - Statement - PreSaveFile = new java.io.File(((pathPrefix + java.lang.Integer.toString(counter)) + .png)): null

2018-12-17 14:12:43 - [TEST_STEP][PASSED] - Statement - counter = counter + 1: null

2018-12-17 14:12:43 - [TEST_STEP][PASSED] - Statement - PreSaveFile = new java.io.File(((pathPrefix + java.lang.Integer.toString(counter)) + .png)): null

2018-12-17 14:12:43 - [TEST_STEP][PASSED] - Statement - counter = counter + 1: null

2018-12-17 14:12:43 - [TEST_STEP][PASSED] - Statement - PreSaveFile = new java.io.File(((pathPrefix + java.lang.Integer.toString(counter)) + .png)): null

2018-12-17 14:12:43 - [TEST_STEP][PASSED] - Statement - counter = counter + 1: null

2018-12-17 14:12:43 - [TEST_STEP][PASSED] - Statement - PreSaveFile = new java.io.File(((pathPrefix + java.lang.Integer.toString(counter)) + .png)): null

2018-12-17 14:12:43 - [TEST_STEP][PASSED] - Statement - counter = counter + 1: null

2018-12-17 14:12:43 - [TEST_STEP][PASSED] - Statement - PreSaveFile = new java.io.File(((pathPrefix + java.lang.Integer.toString(counter)) + .png)): null

2018-12-17 14:12:43 - [TEST_STEP][PASSED] - Statement - counter = counter + 1: null

2018-12-17 14:12:43 - [TEST_STEP][PASSED] - Statement - PreSaveFile = new java.io.File(((pathPrefix + java.lang.Integer.toString(counter)) + .png)): null

2018-12-17 14:12:43 - [TEST_STEP][PASSED] - Statement - counter = counter + 1: null

2018-12-17 14:12:43 - [TEST_STEP][PASSED] - Statement - PreSaveFile = new java.io.File(((pathPrefix + java.lang.Integer.toString(counter)) + .png)): null

2018-12-17 14:12:43 - [TEST_STEP][PASSED] - Statement - counter = counter + 1: null

2018-12-17 14:12:43 - [TEST_STEP][PASSED] - Statement - PreSaveFile = new java.io.File(((pathPrefix + java.lang.Integer.toString(counter)) + .png)): null

2018-12-17 14:12:43 - [TEST_STEP][PASSED] - Statement - counter = counter + 1: null

2018-12-17 14:12:43 - [TEST_STEP][PASSED] - Statement - PreSaveFile = new java.io.File(((pathPrefix + java.lang.Integer.toString(counter)) + .png)): null

2018-12-17 14:12:43 - [TEST_STEP][PASSED] - Statement - counter = counter + 1: null

2018-12-17 14:12:43 - [TEST_STEP][PASSED] - Statement - PreSaveFile = new java.io.File(((pathPrefix + java.lang.Integer.toString(counter)) + .png)): null

2018-12-17 14:12:44 - [TEST_STEP][PASSED] - Statement - counter = counter + 1: null

2018-12-17 14:12:44 - [TEST_STEP][PASSED] - Statement - PreSaveFile = new java.io.File(((pathPrefix + java.lang.Integer.toString(counter)) + .png)): null

2018-12-17 14:12:44 - [TEST_STEP][PASSED] - Statement - counter = counter + 1: null

2018-12-17 14:12:44 - [TEST_STEP][PASSED] - Statement - PreSaveFile = new java.io.File(((pathPrefix + java.lang.Integer.toString(counter)) + .png)): null

2018-12-17 14:12:44 - [TEST_STEP][PASSED] - Statement - counter = counter + 1: null

2018-12-17 14:12:44 - [TEST_STEP][PASSED] - Statement - PreSaveFile = new java.io.File(((pathPrefix + java.lang.Integer.toString(counter)) + .png)): null

2018-12-17 14:12:44 - [TEST_STEP][PASSED] - Statement - counter = counter + 1: null

2018-12-17 14:12:44 - [TEST_STEP][PASSED] - Statement - PreSaveFile = new java.io.File(((pathPrefix + java.lang.Integer.toString(counter)) + .png)): null

2018-12-17 14:12:44 - [TEST_STEP][PASSED] - Statement - counter = counter + 1: null

2018-12-17 14:12:44 - [TEST_STEP][PASSED] - Statement - PreSaveFile = new java.io.File(((pathPrefix + java.lang.Integer.toString(counter)) + .png)): null

2018-12-17 14:12:44 - [TEST_STEP][PASSED] - Statement - counter = counter + 1: null

2018-12-17 14:12:44 - [TEST_STEP][PASSED] - Statement - PreSaveFile = new java.io.File(((pathPrefix + java.lang.Integer.toString(counter)) + .png)): null

2018-12-17 14:12:44 - [TEST_STEP][PASSED] - Statement - counter = counter + 1: null

2018-12-17 14:12:44 - [TEST_STEP][PASSED] - Statement - PreSaveFile = new java.io.File(((pathPrefix + java.lang.Integer.toString(counter)) + .png)): null

2018-12-17 14:12:44 - [TEST_STEP][PASSED] - Statement - counter = counter + 1: null

2018-12-17 14:12:44 - [TEST_STEP][PASSED] - Statement - PreSaveFile = new java.io.File(((pathPrefix + java.lang.Integer.toString(counter)) + .png)): null

2018-12-17 14:12:44 - [TEST_STEP][PASSED] - Statement - counter = counter + 1: null

2018-12-17 14:12:44 - [TEST_STEP][PASSED] - Statement - PreSaveFile = new java.io.File(((pathPrefix + java.lang.Integer.toString(counter)) + .png)): null

2018-12-17 14:12:44 - [TEST_STEP][PASSED] - Statement - counter = counter + 1: null

2018-12-17 14:12:45 - [TEST_STEP][PASSED] - Statement - PreSaveFile = new java.io.File(((pathPrefix + java.lang.Integer.toString(counter)) + .png)): null

2018-12-17 14:12:45 - [TEST_STEP][PASSED] - Statement - counter = counter + 1: null

2018-12-17 14:12:45 - [TEST_STEP][PASSED] - Statement - PreSaveFile = new java.io.File(((pathPrefix + java.lang.Integer.toString(counter)) + .png)): null

2018-12-17 14:12:45 - [TEST_STEP][PASSED] - Statement - counter = counter + 1: null

2018-12-17 14:12:45 - [TEST_STEP][PASSED] - Statement - PreSaveFile = new java.io.File(((pathPrefix + java.lang.Integer.toString(counter)) + .png)): null

2018-12-17 14:12:45 - [TEST_STEP][PASSED] - Statement - counter = counter + 1: null

2018-12-17 14:12:45 - [TEST_STEP][PASSED] - Statement - PreSaveFile = new java.io.File(((pathPrefix + java.lang.Integer.toString(counter)) + .png)): null

2018-12-17 14:12:45 - [TEST_STEP][PASSED] - Statement - counter = counter + 1: null

2018-12-17 14:12:45 - [TEST_STEP][PASSED] - Statement - PreSaveFile = new java.io.File(((pathPrefix + java.lang.Integer.toString(counter)) + .png)): null

2018-12-17 14:12:45 - [TEST_STEP][PASSED] - Statement - counter = counter + 1: null

2018-12-17 14:12:45 - [TEST_STEP][PASSED] - Statement - PreSaveFile = new java.io.File(((pathPrefix + java.lang.Integer.toString(counter)) + .png)): null

2018-12-17 14:12:45 - [TEST_STEP][PASSED] - Statement - counter = counter + 1: null

2018-12-17 14:12:45 - [TEST_STEP][PASSED] - Statement - PreSaveFile = new java.io.File(((pathPrefix + java.lang.Integer.toString(counter)) + .png)): null

2018-12-17 14:12:45 - [TEST_STEP][PASSED] - Statement - counter = counter + 1: null

2018-12-17 14:12:45 - [TEST_STEP][PASSED] - Statement - PreSaveFile = new java.io.File(((pathPrefix + java.lang.Integer.toString(counter)) + .png)): null

2018-12-17 14:12:45 - [TEST_STEP][PASSED] - Statement - counter = counter + 1: null

2018-12-17 14:12:45 - [TEST_STEP][PASSED] - Statement - PreSaveFile = new java.io.File(((pathPrefix + java.lang.Integer.toString(counter)) + .png)): null

2018-12-17 14:12:45 - [TEST_STEP][PASSED] - Statement - counter = counter + 1: null

2018-12-17 14:12:45 - [TEST_STEP][PASSED] - Statement - PreSaveFile = new java.io.File(((pathPrefix + java.lang.Integer.toString(counter)) + .png)): null

2018-12-17 14:12:45 - [TEST_STEP][PASSED] - Statement - counter = counter + 1: null

2018-12-17 14:12:45 - [TEST_STEP][PASSED] - Statement - PreSaveFile = new java.io.File(((pathPrefix + java.lang.Integer.toString(counter)) + .png)): null

2018-12-17 14:12:45 - [TEST_STEP][PASSED] - Statement - counter = counter + 1: null

2018-12-17 14:12:45 - [TEST_STEP][PASSED] - Statement - PreSaveFile = new java.io.File(((pathPrefix + java.lang.Integer.toString(counter)) + .png)): null

2018-12-17 14:12:45 - [TEST_STEP][PASSED] - Statement - counter = counter + 1: null

2018-12-17 14:12:45 - [TEST_STEP][PASSED] - Statement - PreSaveFile = new java.io.File(((pathPrefix + java.lang.Integer.toString(counter)) + .png)): null

2018-12-17 14:12:45 - [TEST_STEP][PASSED] - Statement - counter = counter + 1: null

2018-12-17 14:12:45 - [TEST_STEP][PASSED] - Statement - PreSaveFile = new java.io.File(((pathPrefix + java.lang.Integer.toString(counter)) + .png)): null

2018-12-17 14:12:45 - [TEST_STEP][PASSED] - Statement - counter = counter + 1: null

2018-12-17 14:12:45 - [TEST_STEP][PASSED] - Statement - PreSaveFile = new java.io.File(((pathPrefix + java.lang.Integer.toString(counter)) + .png)): null

2018-12-17 14:12:46 - [TEST_STEP][PASSED] - Statement - counter = counter + 1: null

2018-12-17 14:12:46 - [TEST_STEP][PASSED] - Statement - PreSaveFile = new java.io.File(((pathPrefix + java.lang.Integer.toString(counter)) + .png)): null

2018-12-17 14:12:46 - [TEST_STEP][PASSED] - Statement - counter = counter + 1: null

2018-12-17 14:12:46 - [TEST_STEP][PASSED] - Statement - PreSaveFile = new java.io.File(((pathPrefix + java.lang.Integer.toString(counter)) + .png)): null

2018-12-17 14:12:46 - [TEST_STEP][PASSED] - Statement - counter = counter + 1: null

2018-12-17 14:12:46 - [TEST_STEP][PASSED] - Statement - PreSaveFile = new java.io.File(((pathPrefix + java.lang.Integer.toString(counter)) + .png)): null

2018-12-17 14:12:46 - [TEST_STEP][PASSED] - Statement - counter = counter + 1: null

2018-12-17 14:12:46 - [TEST_STEP][PASSED] - Statement - PreSaveFile = new java.io.File(((pathPrefix + java.lang.Integer.toString(counter)) + .png)): null

2018-12-17 14:12:46 - [TEST_STEP][PASSED] - Statement - counter = counter + 1: null

2018-12-17 14:12:46 - [TEST_STEP][PASSED] - Statement - PreSaveFile = new java.io.File(((pathPrefix + java.lang.Integer.toString(counter)) + .png)): null

2018-12-17 14:12:46 - [TEST_STEP][PASSED] - Statement - counter = counter + 1: null

2018-12-17 14:12:46 - [TEST_STEP][PASSED] - Statement - PreSaveFile = new java.io.File(((pathPrefix + java.lang.Integer.toString(counter)) + .png)): null

2018-12-17 14:12:46 - [TEST_STEP][PASSED] - Statement - counter = counter + 1: null

2018-12-17 14:12:46 - [TEST_STEP][PASSED] - Statement - PreSaveFile = new java.io.File(((pathPrefix + java.lang.Integer.toString(counter)) + .png)): null

2018-12-17 14:12:46 - [TEST_STEP][PASSED] - Statement - counter = counter + 1: null

2018-12-17 14:12:46 - [TEST_STEP][PASSED] - Statement - PreSaveFile = new java.io.File(((pathPrefix + java.lang.Integer.toString(counter)) + .png)): null

2018-12-17 14:12:46 - [TEST_STEP][PASSED] - Statement - counter = counter + 1: null

2018-12-17 14:12:46 - [TEST_STEP][PASSED] - Statement - PreSaveFile = new java.io.File(((pathPrefix + java.lang.Integer.toString(counter)) + .png)): null

2018-12-17 14:12:46 - [TEST_STEP][PASSED] - Statement - counter = counter + 1: null

2018-12-17 14:12:47 - [TEST_STEP][PASSED] - Statement - PreSaveFile = new java.io.File(((pathPrefix + java.lang.Integer.toString(counter)) + .png)): null

2018-12-17 14:12:47 - [TEST_STEP][PASSED] - Statement - counter = counter + 1: null

2018-12-17 14:12:47 - [TEST_STEP][PASSED] - Statement - PreSaveFile = new java.io.File(((pathPrefix + java.lang.Integer.toString(counter)) + .png)): null

2018-12-17 14:12:47 - [TEST_STEP][PASSED] - Statement - counter = counter + 1: null

2018-12-17 14:12:47 - [TEST_STEP][PASSED] - Statement - PreSaveFile = new java.io.File(((pathPrefix + java.lang.Integer.toString(counter)) + .png)): null

2018-12-17 14:12:47 - [TEST_STEP][PASSED] - Statement - counter = counter + 1: null

2018-12-17 14:12:47 - [TEST_STEP][PASSED] - Statement - PreSaveFile = new java.io.File(((pathPrefix + java.lang.Integer.toString(counter)) + .png)): null

2018-12-17 14:12:47 - [TEST_STEP][PASSED] - Statement - counter = counter + 1: null

2018-12-17 14:12:47 - [TEST_STEP][PASSED] - Statement - PreSaveFile = new java.io.File(((pathPrefix + java.lang.Integer.toString(counter)) + .png)): null

2018-12-17 14:12:47 - [TEST_STEP][PASSED] - Statement - counter = counter + 1: null

2018-12-17 14:12:47 - [TEST_STEP][PASSED] - Statement - PreSaveFile = new java.io.File(((pathPrefix + java.lang.Integer.toString(counter)) + .png)): null

2018-12-17 14:12:47 - [TEST_STEP][PASSED] - Statement - counter = counter + 1: null

2018-12-17 14:12:47 - [TEST_STEP][PASSED] - Statement - PreSaveFile = new java.io.File(((pathPrefix + java.lang.Integer.toString(counter)) + .png)): null

2018-12-17 14:12:47 - [TEST_STEP][PASSED] - Statement - counter = counter + 1: null

2018-12-17 14:12:47 - [TEST_STEP][PASSED] - Statement - PreSaveFile = new java.io.File(((pathPrefix + java.lang.Integer.toString(counter)) + .png)): null

2018-12-17 14:12:47 - [TEST_STEP][PASSED] - Statement - counter = counter + 1: null

2018-12-17 14:12:47 - [TEST_STEP][PASSED] - Statement - PreSaveFile = new java.io.File(((pathPrefix + java.lang.Integer.toString(counter)) + .png)): null

2018-12-17 14:12:47 - [TEST_STEP][PASSED] - Statement - counter = counter + 1: null

2018-12-17 14:12:47 - [TEST_STEP][PASSED] - Statement - PreSaveFile = new java.io.File(((pathPrefix + java.lang.Integer.toString(counter)) + .png)): null

2018-12-17 14:12:47 - [TEST_STEP][PASSED] - Statement - counter = counter + 1: null

2018-12-17 14:12:47 - [TEST_STEP][PASSED] - Statement - PreSaveFile = new java.io.File(((pathPrefix + java.lang.Integer.toString(counter)) + .png)): null

2018-12-17 14:12:47 - [TEST_STEP][PASSED] - Statement - counter = counter + 1: null

2018-12-17 14:12:47 - [TEST_STEP][PASSED] - Statement - PreSaveFile = new java.io.File(((pathPrefix + java.lang.Integer.toString(counter)) + .png)): null

2018-12-17 14:12:47 - [TEST_STEP][PASSED] - Statement - counter = counter + 1: null

2018-12-17 14:12:47 - [TEST_STEP][PASSED] - Statement - PreSaveFile = new java.io.File(((pathPrefix + java.lang.Integer.toString(counter)) + .png)): null

2018-12-17 14:12:47 - [TEST_STEP][PASSED] - Statement - counter = counter + 1: null

2018-12-17 14:12:47 - [TEST_STEP][PASSED] - Statement - PreSaveFile = new java.io.File(((pathPrefix + java.lang.Integer.toString(counter)) + .png)): null

2018-12-17 14:12:47 - [TEST_STEP][PASSED] - Statement - counter = counter + 1: null

2018-12-17 14:12:47 - [TEST_STEP][PASSED] - Statement - PreSaveFile = new java.io.File(((pathPrefix + java.lang.Integer.toString(counter)) + .png)): null

2018-12-17 14:12:48 - [TEST_STEP][PASSED] - Statement - counter = counter + 1: null

2018-12-17 14:12:48 - [TEST_STEP][PASSED] - Statement - PreSaveFile = new java.io.File(((pathPrefix + java.lang.Integer.toString(counter)) + .png)): null

2018-12-17 14:12:48 - [TEST_STEP][PASSED] - Statement - counter = counter + 1: null

2018-12-17 14:12:48 - [TEST_STEP][PASSED] - Statement - PreSaveFile = new java.io.File(((pathPrefix + java.lang.Integer.toString(counter)) + .png)): null

2018-12-17 14:12:48 - [TEST_STEP][PASSED] - Statement - counter = counter + 1: null

2018-12-17 14:12:48 - [TEST_STEP][PASSED] - Statement - PreSaveFile = new java.io.File(((pathPrefix + java.lang.Integer.toString(counter)) + .png)): null

2018-12-17 14:12:48 - [TEST_STEP][PASSED] - Statement - counter = counter + 1: null

2018-12-17 14:12:48 - [TEST_STEP][PASSED] - Statement - PreSaveFile = new java.io.File(((pathPrefix + java.lang.Integer.toString(counter)) + .png)): null

2018-12-17 14:12:48 - [TEST_STEP][PASSED] - Statement - counter = counter + 1: null

2018-12-17 14:12:48 - [TEST_STEP][PASSED] - Statement - PreSaveFile = new java.io.File(((pathPrefix + java.lang.Integer.toString(counter)) + .png)): null

2018-12-17 14:12:48 - [TEST_STEP][PASSED] - Statement - counter = counter + 1: null

2018-12-17 14:12:48 - [TEST_STEP][PASSED] - Statement - PreSaveFile = new java.io.File(((pathPrefix + java.lang.Integer.toString(counter)) + .png)): null

2018-12-17 14:12:48 - [TEST_STEP][PASSED] - Statement - counter = counter + 1: null

2018-12-17 14:12:48 - [TEST_STEP][PASSED] - Statement - PreSaveFile = new java.io.File(((pathPrefix + java.lang.Integer.toString(counter)) + .png)): null

2018-12-17 14:12:48 - [TEST_STEP][PASSED] - Statement - counter = counter + 1: null

2018-12-17 14:12:48 - [TEST_STEP][PASSED] - Statement - PreSaveFile = new java.io.File(((pathPrefix + java.lang.Integer.toString(counter)) + .png)): null

2018-12-17 14:12:48 - [TEST_STEP][PASSED] - Statement - counter = counter + 1: null

2018-12-17 14:12:48 - [TEST_STEP][PASSED] - Statement - PreSaveFile = new java.io.File(((pathPrefix + java.lang.Integer.toString(counter)) + .png)): null

2018-12-17 14:12:48 - [TEST_STEP][PASSED] - Statement - counter = counter + 1: null

2018-12-17 14:12:48 - [TEST_STEP][PASSED] - Statement - PreSaveFile = new java.io.File(((pathPrefix + java.lang.Integer.toString(counter)) + .png)): null

2018-12-17 14:12:48 - [TEST_STEP][PASSED] - Statement - counter = counter + 1: null

2018-12-17 14:12:48 - [TEST_STEP][PASSED] - Statement - PreSaveFile = new java.io.File(((pathPrefix + java.lang.Integer.toString(counter)) + .png)): null

2018-12-17 14:12:48 - [TEST_STEP][PASSED] - Statement - counter = counter + 1: null

2018-12-17 14:12:48 - [TEST_STEP][PASSED] - Statement - PreSaveFile = new java.io.File(((pathPrefix + java.lang.Integer.toString(counter)) + .png)): null

2018-12-17 14:12:48 - [TEST_STEP][PASSED] - Statement - counter = counter + 1: null

2018-12-17 14:12:48 - [TEST_STEP][PASSED] - Statement - PreSaveFile = new java.io.File(((pathPrefix + java.lang.Integer.toString(counter)) + .png)): null

2018-12-17 14:12:48 - [TEST_STEP][PASSED] - Statement - counter = counter + 1: null

2018-12-17 14:12:48 - [TEST_STEP][PASSED] - Statement - PreSaveFile = new java.io.File(((pathPrefix + java.lang.Integer.toString(counter)) + .png)): null

2018-12-17 14:12:48 - [TEST_STEP][PASSED] - Statement - counter = counter + 1: null

2018-12-17 14:12:49 - [TEST_STEP][PASSED] - Statement - PreSaveFile = new java.io.File(((pathPrefix + java.lang.Integer.toString(counter)) + .png)): null

2018-12-17 14:12:49 - [TEST_STEP][PASSED] - Statement - counter = counter + 1: null

2018-12-17 14:12:49 - [TEST_STEP][PASSED] - Statement - PreSaveFile = new java.io.File(((pathPrefix + java.lang.Integer.toString(counter)) + .png)): null

2018-12-17 14:12:49 - [TEST_STEP][PASSED] - Statement - counter = counter + 1: null

2018-12-17 14:12:49 - [TEST_STEP][PASSED] - Statement - PreSaveFile = new java.io.File(((pathPrefix + java.lang.Integer.toString(counter)) + .png)): null

2018-12-17 14:12:49 - [TEST_STEP][PASSED] - Statement - counter = counter + 1: null

2018-12-17 14:12:49 - [TEST_STEP][PASSED] - Statement - PreSaveFile = new java.io.File(((pathPrefix + java.lang.Integer.toString(counter)) + .png)): null

2018-12-17 14:12:49 - [TEST_STEP][PASSED] - Statement - counter = counter + 1: null

2018-12-17 14:12:49 - [TEST_STEP][PASSED] - Statement - PreSaveFile = new java.io.File(((pathPrefix + java.lang.Integer.toString(counter)) + .png)): null

2018-12-17 14:12:49 - [TEST_STEP][PASSED] - Statement - counter = counter + 1: null

2018-12-17 14:12:49 - [TEST_STEP][PASSED] - Statement - PreSaveFile = new java.io.File(((pathPrefix + java.lang.Integer.toString(counter)) + .png)): null

2018-12-17 14:12:49 - [TEST_STEP][PASSED] - Statement - counter = counter + 1: null

2018-12-17 14:12:49 - [TEST_STEP][PASSED] - Statement - PreSaveFile = new java.io.File(((pathPrefix + java.lang.Integer.toString(counter)) + .png)): null

2018-12-17 14:12:49 - [TEST_STEP][PASSED] - Statement - counter = counter + 1: null

2018-12-17 14:12:49 - [TEST_STEP][PASSED] - Statement - PreSaveFile = new java.io.File(((pathPrefix + java.lang.Integer.toString(counter)) + .png)): null

2018-12-17 14:12:49 - [TEST_STEP][PASSED] - Statement - counter = counter + 1: null

2018-12-17 14:12:49 - [TEST_STEP][PASSED] - Statement - PreSaveFile = new java.io.File(((pathPrefix + java.lang.Integer.toString(counter)) + .png)): null

2018-12-17 14:12:49 - [TEST_STEP][PASSED] - Statement - counter = counter + 1: null

2018-12-17 14:12:49 - [TEST_STEP][PASSED] - Statement - PreSaveFile = new java.io.File(((pathPrefix + java.lang.Integer.toString(counter)) + .png)): null

2018-12-17 14:12:50 - [TEST_STEP][PASSED] - Statement - counter = counter + 1: null

2018-12-17 14:12:50 - [TEST_STEP][PASSED] - Statement - PreSaveFile = new java.io.File(((pathPrefix + java.lang.Integer.toString(counter)) + .png)): null

2018-12-17 14:12:50 - [TEST_STEP][PASSED] - Statement - counter = counter + 1: null

2018-12-17 14:12:50 - [TEST_STEP][PASSED] - Statement - PreSaveFile = new java.io.File(((pathPrefix + java.lang.Integer.toString(counter)) + .png)): null

2018-12-17 14:12:50 - [TEST_STEP][PASSED] - Statement - counter = counter + 1: null

2018-12-17 14:12:50 - [TEST_STEP][PASSED] - Statement - PreSaveFile = new java.io.File(((pathPrefix + java.lang.Integer.toString(counter)) + .png)): null

2018-12-17 14:12:50 - [TEST_STEP][PASSED] - Statement - counter = counter + 1: null

2018-12-17 14:12:50 - [TEST_STEP][PASSED] - Statement - PreSaveFile = new java.io.File(((pathPrefix + java.lang.Integer.toString(counter)) + .png)): null

2018-12-17 14:12:50 - [TEST_STEP][PASSED] - Statement - counter = counter + 1: null

2018-12-17 14:12:50 - [TEST_STEP][PASSED] - Statement - PreSaveFile = new java.io.File(((pathPrefix + java.lang.Integer.toString(counter)) + .png)): null

2018-12-17 14:12:50 - [TEST_STEP][PASSED] - Statement - counter = counter + 1: null

2018-12-17 14:12:50 - [TEST_STEP][PASSED] - Statement - PreSaveFile = new java.io.File(((pathPrefix + java.lang.Integer.toString(counter)) + .png)): null

2018-12-17 14:12:50 - [TEST_STEP][PASSED] - Statement - counter = counter + 1: null

2018-12-17 14:12:50 - [TEST_STEP][PASSED] - Statement - PreSaveFile = new java.io.File(((pathPrefix + java.lang.Integer.toString(counter)) + .png)): null

2018-12-17 14:12:50 - [TEST_STEP][PASSED] - Statement - counter = counter + 1: null

2018-12-17 14:12:50 - [TEST_STEP][PASSED] - Statement - PreSaveFile = new java.io.File(((pathPrefix + java.lang.Integer.toString(counter)) + .png)): null

2018-12-17 14:12:50 - [TEST_STEP][PASSED] - Statement - counter = counter + 1: null

2018-12-17 14:12:50 - [TEST_STEP][PASSED] - Statement - PreSaveFile = new java.io.File(((pathPrefix + java.lang.Integer.toString(counter)) + .png)): null

2018-12-17 14:12:50 - [TEST_STEP][PASSED] - Statement - counter = counter + 1: null

2018-12-17 14:12:51 - [TEST_STEP][PASSED] - Statement - PreSaveFile = new java.io.File(((pathPrefix + java.lang.Integer.toString(counter)) + .png)): null

2018-12-17 14:12:51 - [TEST_STEP][PASSED] - Statement - counter = counter + 1: null

2018-12-17 14:12:51 - [TEST_STEP][PASSED] - Statement - PreSaveFile = new java.io.File(((pathPrefix + java.lang.Integer.toString(counter)) + .png)): null

2018-12-17 14:12:51 - [TEST_STEP][PASSED] - Statement - counter = counter + 1: null

2018-12-17 14:12:51 - [TEST_STEP][PASSED] - Statement - PreSaveFile = new java.io.File(((pathPrefix + java.lang.Integer.toString(counter)) + .png)): null

2018-12-17 14:12:51 - [TEST_STEP][PASSED] - Statement - counter = counter + 1: null

2018-12-17 14:12:51 - [TEST_STEP][PASSED] - Statement - PreSaveFile = new java.io.File(((pathPrefix + java.lang.Integer.toString(counter)) + .png)): null

2018-12-17 14:12:51 - [TEST_STEP][PASSED] - Statement - counter = counter + 1: null

2018-12-17 14:12:51 - [TEST_STEP][PASSED] - Statement - PreSaveFile = new java.io.File(((pathPrefix + java.lang.Integer.toString(counter)) + .png)): null

2018-12-17 14:12:51 - [TEST_STEP][PASSED] - Statement - finalPath = pathPrefix + java.lang.Integer.toString(counter) + ".png": null

2018-12-17 14:12:51 - [TEST_STEP][PASSED] - Statement - SaveFile = new java.io.File(finalPath): null

2018-12-17 14:12:51 - [TEST_STEP][PASSED] - Statement - Try: null

2018-12-17 14:12:51 - [TEST_STEP][PASSED] - Statement - org.apache.commons.io.FileUtils.copyFile(scrFile, SaveFile): null

2018-12-17 14:12:51 - [TEST_STEP][PASSED] - Statement - out.println("file kept"): null

2018-12-17 14:12:51 - [TEST_STEP][PASSED] - delay: Delayed 10 second(s)

2018-12-17 14:13:01 - [MESSAGE][PASSED] - Delayed 10 second(s)

2018-12-17 14:13:01 - [MESSAGE][PASSED] - Call Test Case 'Test Cases/Final Aug 2018 - PKS Automation/Registration Module/New Registration/Submit and Screenshot/Submit Registration and Screenshot - Copy' successfully

2018-12-17 14:13:01 - [TEST_STEP][PASSED] - Statement - UpdateAddNewECode = com.kms.katalon.core.webui.keyword.WebUiBuiltInKeywords.getText(com.kms.katalon.core.testobject.ObjectRepository.findTestObject(Object Repository/Final Object Repo/Page_Update Add New Employee - ASSIST/getEmpCode)): Text of object 'Object Repository/Final Object Repo/Page_Update Add New Employee - ASSIST/getEmpCode' is: 'E1102070916X'

2018-12-17 14:13:01 - [MESSAGE][PASSED] - Text of object 'Object Repository/Final Object Repo/Page_Update Add New Employee - ASSIST/getEmpCode' is: 'E1102070916X'

2018-12-17 14:13:01 - [TEST_STEP][PASSED] - callTestCase: Call Test Case 'Test Cases/Final Aug 2018 - PKS Automation/Common/Emp Code Setter' successfully

2018-12-17 14:13:01 - [TEST_CASE][PASSED] - Test Cases/Final Aug 2018 - PKS Automation/Common/Emp Code Setter: Test Cases/Final Aug 2018 - PKS Automation/Common/Emp Code Setter

2018-12-17 14:13:02 - [TEST_STEP][PASSED] - Statement - EmpCodeOld = new java.io.File(C://Users//Admin//Desktop//PKS//Automation Reference Point//EmpCode.txt): null

2018-12-17 14:13:02 - [TEST_STEP][PASSED] - Statement - EmpCodeOld.delete(): null

2018-12-17 14:13:02 - [TEST_STEP][PASSED] - Statement - EmpCode = new java.io.File(C://Users//Admin//Desktop//PKS//Automation Reference Point//EmpCode.txt): null

2018-12-17 14:13:02 - [TEST_STEP][PASSED] - Statement - f2 = new java.io.FileWriter(EmpCode, false): null

2018-12-17 14:13:02 - [TEST_STEP][PASSED] - Statement - f2.write(UpdateAddNewECode): null

2018-12-17 14:13:02 - [TEST_STEP][PASSED] - Statement - f2.close(): null

2018-12-17 14:13:02 - [TEST_STEP][PASSED] - Statement - out.println("


" + UpdateAddNewECode + "


"): null

2018-12-17 14:13:02 - [MESSAGE][PASSED] - Call Test Case 'Test Cases/Final Aug 2018 - PKS Automation/Common/Emp Code Setter' successfully

2018-12-17 14:13:02 - [MESSAGE][PASSED] - Call Test Case 'Test Cases/Final Aug 2018 - PKS Automation/Registration Module/Workflow/Update Add New Employee/Template/New Company for Update Add New - Employer' successfully

2018-12-17 14:13:02 - [TEST_STEP][PASSED] - callTestCase: Call Test Case 'Test Cases/Final Aug 2018 - PKS Automation/Create Employer Acc/Login to Employer Account (Second time)' successfully

2018-12-17 14:13:02 - [TEST_CASE][PASSED] - Test Cases/Final Aug 2018 - PKS Automation/Create Employer Acc/Login to Employer Account (Second time): Test Cases/Final Aug 2018 - PKS Automation/Create Employer Acc/Login to Employer Account (Second time)

2018-12-17 14:13:02 - [TEST_STEP][PASSED] - openBrowser: Browser is opened with url: ''

2018-12-17 14:13:02 - [MESSAGE][WARNING] - A browser is already opened. Closing browser and opening a new one

2018-12-17 14:13:05 - [MESSAGE][PASSED] - Browser is opened with url: ''

2018-12-17 14:13:05 - [TEST_STEP][PASSED] - navigateToUrl: Navigate to 'https://assist2-uat.perkeso.gov.my/employer/login' successfully

2018-12-17 14:13:06 - [MESSAGE][PASSED] - Navigate to 'https://assist2-uat.perkeso.gov.my/employer/login' successfully

2018-12-17 14:13:06 - [TEST_STEP][PASSED] - delay: Delayed 3 second(s)

2018-12-17 14:13:09 - [MESSAGE][PASSED] - Delayed 3 second(s)

2018-12-17 14:13:09 - [TEST_STEP][PASSED] - callTestCase: Call Test Case 'Test Cases/Final Aug 2018 - PKS Automation/Create Employer Acc/Template/Employer Email Getter' successfully

2018-12-17 14:13:09 - [TEST_CASE][PASSED] - Test Cases/Final Aug 2018 - PKS Automation/Create Employer Acc/Template/Employer Email Getter: Test Cases/Final Aug 2018 - PKS Automation/Create Employer Acc/Template/Employer Email Getter

2018-12-17 14:13:09 - [TEST_STEP][PASSED] - Statement - Try: null

2018-12-17 14:13:09 - [TEST_STEP][PASSED] - Statement - EmpEmail = new java.io.File(C://Users//Admin//Desktop//PKS//Automation Reference Point//EmpEmail.txt): null

2018-12-17 14:13:09 - [TEST_STEP][PASSED] - Statement - bufferread = new java.io.BufferedReader(new java.io.FileReader(EmpEmail)): null

2018-12-17 14:13:09 - [TEST_STEP][PASSED] - Statement - readedVal = bufferread.readLine(): null

2018-12-17 14:13:09 - [TEST_STEP][PASSED] - Statement - out.println(readedVal): null

2018-12-17 14:13:09 - [TEST_STEP][PASSED] - Statement - Email = readedVal: null

2018-12-17 14:13:09 - [MESSAGE][PASSED] - Call Test Case 'Test Cases/Final Aug 2018 - PKS Automation/Create Employer Acc/Template/Employer Email Getter' successfully

2018-12-17 14:13:09 - [TEST_STEP][PASSED] - setText: Text 'perkeso296872329760@gmail.com' is set on object 'Object Repository/Final Object Repo/Login Page/External Login Page/Email'

2018-12-17 14:13:09 - [MESSAGE][PASSED] - Text 'perkeso296872329760@gmail.com' is set on object 'Object Repository/Final Object Repo/Login Page/External Login Page/Email'

2018-12-17 14:13:09 - [TEST_STEP][PASSED] - click: Object: 'Object Repository/Final Object Repo/Login Page/External Login Page/Next' is clicked on

2018-12-17 14:13:09 - [MESSAGE][PASSED] - Object: 'Object Repository/Final Object Repo/Login Page/External Login Page/Next' is clicked on

2018-12-17 14:13:09 - [TEST_STEP][PASSED] - delay: Delayed 3 second(s)

2018-12-17 14:13:12 - [MESSAGE][PASSED] - Delayed 3 second(s)

2018-12-17 14:13:12 - [TEST_STEP][PASSED] - setEncryptedText: Text ****** has been set on object 'Object Repository/Final Object Repo/Login Page/External Login Page/Password'

2018-12-17 14:13:13 - [MESSAGE][PASSED] - Text ****** has been set on object 'Object Repository/Final Object Repo/Login Page/External Login Page/Password'

2018-12-17 14:13:13 - [TEST_STEP][PASSED] - click: Object: 'Object Repository/Final Object Repo/Login Page/External Login Page/Login' is clicked on

2018-12-17 14:13:13 - [MESSAGE][PASSED] - Object: 'Object Repository/Final Object Repo/Login Page/External Login Page/Login' is clicked on

2018-12-17 14:13:13 - [TEST_STEP][PASSED] - delay: Delayed 5 second(s)

2018-12-17 14:13:18 - [MESSAGE][PASSED] - Delayed 5 second(s)

2018-12-17 14:13:18 - [MESSAGE][PASSED] - Call Test Case 'Test Cases/Final Aug 2018 - PKS Automation/Create Employer Acc/Login to Employer Account (Second time)' successfully

2018-12-17 14:13:18 - [TEST_STEP][PASSED] - navigateToUrl: Navigate to 'https://assist2-uat.perkeso.gov.my/web/registration/eis-update/form-3-eis-cessation-as-employer' successfully

2018-12-17 14:13:19 - [MESSAGE][PASSED] - Navigate to 'https://assist2-uat.perkeso.gov.my/web/registration/eis-update/form-3-eis-cessation-as-employer' successfully

2018-12-17 14:13:19 - [TEST_STEP][PASSED] - delay: Delayed 1 second(s)

2018-12-17 14:13:20 - [MESSAGE][PASSED] - Delayed 1 second(s)

2018-12-17 14:13:20 - [TEST_STEP][PASSED] - click: Object: 'Object Repository/Final Object Repo/Page_Form 3 EIS - Cessation as Employer/Edit' is clicked on

2018-12-17 14:13:22 - [MESSAGE][PASSED] - Object: 'Object Repository/Final Object Repo/Page_Form 3 EIS - Cessation as Employer/Edit' is clicked on

2018-12-17 14:13:22 - [TEST_STEP][PASSED] - delay: Delayed 1 second(s)

2018-12-17 14:13:23 - [MESSAGE][PASSED] - Delayed 1 second(s)

2018-12-17 14:13:23 - [TEST_STEP][PASSED] - Statement - abc = com.kms.katalon.core.webui.keyword.WebUiBuiltInKeywords.getAttribute(com.kms.katalon.core.testobject.ObjectRepository.findTestObject(Final Object Repo/Page_Form 3 EIS - Cessation as Employer/Employer Status), "value"): Attribute 'value' of object 'Object Repository/Final Object Repo/Page_Form 3 EIS - Cessation as Employer/Employer Status' is: 'Active'

2018-12-17 14:13:23 - [MESSAGE][PASSED] - Attribute 'value' of object 'Object Repository/Final Object Repo/Page_Form 3 EIS - Cessation as Employer/Employer Status' is: 'Active'

2018-12-17 14:13:23 - [TEST_STEP][PASSED] - Statement - out.println(abc): null

2018-12-17 14:13:23 - [TEST_STEP][PASSED] - Statement - If (abc == "Active"): Object: 'Object Repository/Final Object Repo/Page_Form 3 EIS - Cessation as Employer/Dormant EIS' is clicked on

2018-12-17 14:13:23 - [TEST_STEP][PASSED] - click: Object: 'Object Repository/Final Object Repo/Page_Form 3 EIS - Cessation as Employer/Change Employer Status to' is clicked on

2018-12-17 14:13:23 - [MESSAGE][PASSED] - Object: 'Object Repository/Final Object Repo/Page_Form 3 EIS - Cessation as Employer/Change Employer Status to' is clicked on

2018-12-17 14:13:23 - [TEST_STEP][PASSED] - click: Object: 'Object Repository/Final Object Repo/Page_Form 3 EIS - Cessation as Employer/Dormant EIS' is clicked on

2018-12-17 14:13:23 - [MESSAGE][PASSED] - Object: 'Object Repository/Final Object Repo/Page_Form 3 EIS - Cessation as Employer/Dormant EIS' is clicked on

2018-12-17 14:13:23 - [TEST_STEP][PASSED] - click: Object: 'Object Repository/Final Object Repo/Page_Form 3 EIS - Cessation as Employer/Calender' is clicked on

2018-12-17 14:13:24 - [MESSAGE][PASSED] - Object: 'Object Repository/Final Object Repo/Page_Form 3 EIS - Cessation as Employer/Calender' is clicked on

2018-12-17 14:13:24 - [TEST_STEP][PASSED] - delay: Delayed 1 second(s)

2018-12-17 14:13:25 - [MESSAGE][PASSED] - Delayed 1 second(s)

2018-12-17 14:13:25 - [TEST_STEP][PASSED] - click: Object: 'Object Repository/Final Object Repo/Page_Form 3 EIS - Cessation as Employer/Calender - Date' is clicked on

2018-12-17 14:13:25 - [MESSAGE][PASSED] - Object: 'Object Repository/Final Object Repo/Page_Form 3 EIS - Cessation as Employer/Calender - Date' is clicked on

2018-12-17 14:13:25 - [TEST_STEP][PASSED] - click: Object: 'Object Repository/Final Object Repo/Page_Form 3 EIS - Cessation as Employer/Save  Continue in Form 3 EIS Page' is clicked on

2018-12-17 14:13:25 - [MESSAGE][PASSED] - Object: 'Object Repository/Final Object Repo/Page_Form 3 EIS - Cessation as Employer/Save  Continue in Form 3 EIS Page' is clicked on

2018-12-17 14:13:25 - [TEST_STEP][PASSED] - delay: Delayed 1 second(s)

2018-12-17 14:13:26 - [MESSAGE][PASSED] - Delayed 1 second(s)

2018-12-17 14:13:26 - [TEST_STEP][PASSED] - click: Object: 'Object Repository/Final Object Repo/Page_Form 3 EIS - Cessation as Employer/Employment Resign Date' is clicked on

2018-12-17 14:13:27 - [MESSAGE][PASSED] - Object: 'Object Repository/Final Object Repo/Page_Form 3 EIS - Cessation as Employer/Employment Resign Date' is clicked on

2018-12-17 14:13:27 - [TEST_STEP][PASSED] - selectOptionByValue: All options with value '2019' are selected in object 'Object Repository/Final Object Repo/Page_Form 3 EIS - Cessation as Employer/Employment Resign Date - Year' 

2018-12-17 14:13:27 - [MESSAGE][PASSED] - All options with value '2019' are selected in object 'Object Repository/Final Object Repo/Page_Form 3 EIS - Cessation as Employer/Employment Resign Date - Year' 

2018-12-17 14:13:27 - [TEST_STEP][PASSED] - delay: Delayed 2 second(s)

2018-12-17 14:13:29 - [MESSAGE][PASSED] - Delayed 2 second(s)

2018-12-17 14:13:29 - [TEST_STEP][PASSED] - click: Object: 'Object Repository/Final Object Repo/Page_Form 3 EIS - Cessation as Employer/Employment Resign Date - Year - Date' is clicked on

2018-12-17 14:13:29 - [MESSAGE][PASSED] - Object: 'Object Repository/Final Object Repo/Page_Form 3 EIS - Cessation as Employer/Employment Resign Date - Year - Date' is clicked on

2018-12-17 14:13:29 - [TEST_STEP][PASSED] - delay: Delayed 2 second(s)

2018-12-17 14:13:31 - [MESSAGE][PASSED] - Delayed 2 second(s)

2018-12-17 14:13:31 - [TEST_STEP][PASSED] - click: Object: 'Object Repository/Final Object Repo/Page_Form 3 EIS - Cessation as Employer/Save  Continue in Employment Resign Page' is clicked on

2018-12-17 14:13:32 - [MESSAGE][PASSED] - Object: 'Object Repository/Final Object Repo/Page_Form 3 EIS - Cessation as Employer/Save  Continue in Employment Resign Page' is clicked on

2018-12-17 14:13:32 - [TEST_STEP][PASSED] - delay: Delayed 2 second(s)

2018-12-17 14:13:34 - [MESSAGE][PASSED] - Delayed 2 second(s)

2018-12-17 14:13:34 - [TEST_STEP][PASSED] - click: Object: 'Object Repository/Final Object Repo/Page_Form 3 EIS - Cessation as Employer/Set Latest - Yes' is clicked on

2018-12-17 14:13:34 - [MESSAGE][PASSED] - Object: 'Object Repository/Final Object Repo/Page_Form 3 EIS - Cessation as Employer/Set Latest - Yes' is clicked on

2018-12-17 14:13:34 - [TEST_STEP][PASSED] - delay: Delayed 2 second(s)

2018-12-17 14:13:36 - [MESSAGE][PASSED] - Delayed 2 second(s)

2018-12-17 14:13:36 - [TEST_STEP][PASSED] - click: Object: 'Object Repository/Final Object Repo/Page_Form 3 EIS - Cessation as Employer/Add Document' is clicked on

2018-12-17 14:13:37 - [MESSAGE][PASSED] - Object: 'Object Repository/Final Object Repo/Page_Form 3 EIS - Cessation as Employer/Add Document' is clicked on

2018-12-17 14:13:37 - [TEST_STEP][PASSED] - delay: Delayed 3 second(s)

2018-12-17 14:13:40 - [MESSAGE][PASSED] - Delayed 3 second(s)

2018-12-17 14:13:40 - [TEST_STEP][PASSED] - click: Object: 'Object Repository/Final Object Repo/Page_Form 3 EIS - Cessation as Employer/Document Type' is clicked on

2018-12-17 14:13:40 - [MESSAGE][PASSED] - Object: 'Object Repository/Final Object Repo/Page_Form 3 EIS - Cessation as Employer/Document Type' is clicked on

2018-12-17 14:13:40 - [TEST_STEP][PASSED] - click: Object: 'Object Repository/Final Object Repo/Page_Form 3 EIS - Cessation as Employer/Document Type - Form 3' is clicked on

2018-12-17 14:13:40 - [MESSAGE][PASSED] - Object: 'Object Repository/Final Object Repo/Page_Form 3 EIS - Cessation as Employer/Document Type - Form 3' is clicked on

2018-12-17 14:13:40 - [TEST_STEP][PASSED] - delay: Delayed 2 second(s)

2018-12-17 14:13:42 - [MESSAGE][PASSED] - Delayed 2 second(s)

2018-12-17 14:13:42 - [TEST_STEP][PASSED] - sendKeys: Keys 'C:\Users\Public\Pictures\Sample Pictures\Koala.jpg' sent to object: 'Object Repository/Final Object Repo/Page_Form 3 EIS - Cessation as Employer/ploading File'

2018-12-17 14:13:42 - [MESSAGE][PASSED] - Keys 'C:\Users\Public\Pictures\Sample Pictures\Koala.jpg' sent to object: 'Object Repository/Final Object Repo/Page_Form 3 EIS - Cessation as Employer/ploading File'

2018-12-17 14:13:42 - [TEST_STEP][PASSED] - delay: Delayed 1 second(s)

2018-12-17 14:13:43 - [MESSAGE][PASSED] - Delayed 1 second(s)

2018-12-17 14:13:43 - [TEST_STEP][PASSED] - click: Object: 'Object Repository/Final Object Repo/Page_Form 3 EIS - Cessation as Employer/Add Document in Uploading Page' is clicked on

2018-12-17 14:13:44 - [MESSAGE][PASSED] - Object: 'Object Repository/Final Object Repo/Page_Form 3 EIS - Cessation as Employer/Add Document in Uploading Page' is clicked on

2018-12-17 14:13:44 - [TEST_STEP][PASSED] - delay: Delayed 2 second(s)

2018-12-17 14:13:46 - [MESSAGE][PASSED] - Delayed 2 second(s)

2018-12-17 14:13:46 - [TEST_STEP][PASSED] - Statement - CaseReferenceNo = com.kms.katalon.core.webui.keyword.WebUiBuiltInKeywords.getText(com.kms.katalon.core.testobject.ObjectRepository.findTestObject(Final Object Repo/Page_Update Employer Information/Reference Number in Update Employee Information Page)): Text of object 'Object Repository/Final Object Repo/Page_Update Employer Information/Reference Number in Update Employee Information Page' is: 'ERN122018C200002460'

2018-12-17 14:13:48 - [MESSAGE][PASSED] - Text of object 'Object Repository/Final Object Repo/Page_Update Employer Information/Reference Number in Update Employee Information Page' is: 'ERN122018C200002460'

2018-12-17 14:13:48 - [TEST_STEP][PASSED] - callTestCase: Call Test Case 'Test Cases/Final Aug 2018 - PKS Automation/Common/Reference Number Setter' successfully

2018-12-17 14:13:48 - [TEST_CASE][PASSED] - Test Cases/Final Aug 2018 - PKS Automation/Common/Reference Number Setter: Test Cases/Final Aug 2018 - PKS Automation/Common/Reference Number Setter

2018-12-17 14:13:48 - [TEST_STEP][PASSED] - Statement - RefNoOldFile = new java.io.File(C://Users//Admin//Desktop//PKS//Automation Reference Point//KatalonReference.txt): null

2018-12-17 14:13:48 - [TEST_STEP][PASSED] - Statement - RefNoOldFile.delete(): null

2018-12-17 14:13:48 - [TEST_STEP][PASSED] - delay: Delayed 5 second(s)

2018-12-17 14:13:53 - [MESSAGE][PASSED] - Delayed 5 second(s)

2018-12-17 14:13:53 - [TEST_STEP][PASSED] - Statement - RefNo = new java.io.File(C://Users//Admin//Desktop//PKS//Automation Reference Point//KatalonReference.txt): null

2018-12-17 14:13:53 - [TEST_STEP][PASSED] - Statement - f2 = new java.io.FileWriter(RefNo, false): null

2018-12-17 14:13:53 - [TEST_STEP][PASSED] - Statement - f2.write(CaseReferenceNo): null

2018-12-17 14:13:53 - [TEST_STEP][PASSED] - Statement - f2.close(): null

2018-12-17 14:13:53 - [TEST_STEP][PASSED] - Statement - out.println("


" + CaseReferenceNo + "


"): null

2018-12-17 14:13:53 - [MESSAGE][PASSED] - Call Test Case 'Test Cases/Final Aug 2018 - PKS Automation/Common/Reference Number Setter' successfully

2018-12-17 14:13:53 - [TEST_STEP][PASSED] - delay: Delayed 2 second(s)

2018-12-17 14:13:55 - [MESSAGE][PASSED] - Delayed 2 second(s)

2018-12-17 14:13:55 - [TEST_STEP][PASSED] - click: Object: 'Object Repository/Final Object Repo/Page_Form 3 EIS - Cessation as Employer/Save  Continue in Uploading Page' is clicked on

2018-12-17 14:13:55 - [MESSAGE][PASSED] - Object: 'Object Repository/Final Object Repo/Page_Form 3 EIS - Cessation as Employer/Save  Continue in Uploading Page' is clicked on

2018-12-17 14:13:55 - [TEST_STEP][PASSED] - delay: Delayed 2 second(s)

2018-12-17 14:13:57 - [MESSAGE][PASSED] - Delayed 2 second(s)

2018-12-17 14:13:57 - [TEST_STEP][PASSED] - click: Object: 'Object Repository/Final Object Repo/Page_Form 3 EIS - Cessation as Employer/Submit' is clicked on

2018-12-17 14:14:00 - [MESSAGE][PASSED] - Object: 'Object Repository/Final Object Repo/Page_Form 3 EIS - Cessation as Employer/Submit' is clicked on

2018-12-17 14:14:00 - [TEST_STEP][PASSED] - delay: Delayed 2 second(s)

2018-12-17 14:14:02 - [MESSAGE][PASSED] - Delayed 2 second(s)

2018-12-17 14:14:02 - [TEST_STEP][PASSED] - click: Object: 'Object Repository/Final Object Repo/Page_Form 3 EIS - Cessation as Employer/Confirm' is clicked on

2018-12-17 14:14:02 - [MESSAGE][PASSED] - Object: 'Object Repository/Final Object Repo/Page_Form 3 EIS - Cessation as Employer/Confirm' is clicked on

2018-12-17 14:14:02 - [TEST_STEP][PASSED] - delay: Delayed 2 second(s)

2018-12-17 14:14:04 - [MESSAGE][PASSED] - Delayed 2 second(s)

2018-12-17 14:14:04 - [TEST_STEP][PASSED] - click: Object: 'Object Repository/Final Object Repo/Page_Form 3 EIS - Cessation as Employer/Message Your Request will be routed to UO' is clicked on

2018-12-17 14:14:08 - [MESSAGE][PASSED] - Object: 'Object Repository/Final Object Repo/Page_Form 3 EIS - Cessation as Employer/Message Your Request will be routed to UO' is clicked on

2018-12-17 14:14:08 - [TEST_STEP][PASSED] - click: Object: 'Object Repository/Final Object Repo/Page_Form 3 EIS - Cessation as Employer/Letter of acknowledgement' is clicked on

2018-12-17 14:14:09 - [MESSAGE][PASSED] - Object: 'Object Repository/Final Object Repo/Page_Form 3 EIS - Cessation as Employer/Letter of acknowledgement' is clicked on

2018-12-17 14:14:09 - [MESSAGE][PASSED] - Call Test Case 'Test Cases/Final Aug 2018 - PKS Automation/Registration Module/Workflow/Form 3 EIS - Cessation As Employer/Template/Form 3 A - Cessation As Employer (Employer)' successfully

2018-12-17 14:14:09 - [TEST_STEP][PASSED] - callTestCase: Call Test Case 'Test Cases/Final Aug 2018 - PKS Automation/Registration Module/Workflow/Form 3 EIS - Cessation As Employer/Template/Form 3 A - Cessation As Employer (Approve)' successfully

2018-12-17 14:14:09 - [TEST_CASE][PASSED] - Test Cases/Final Aug 2018 - PKS Automation/Registration Module/Workflow/Form 3 EIS - Cessation As Employer/Template/Form 3 A - Cessation As Employer (Approve): Test Cases/Final Aug 2018 - PKS Automation/Registration Module/Workflow/Form 3 EIS - Cessation As Employer/Template/Form 3 A - Cessation As Employer (Approve)

2018-12-17 14:14:09 - [TEST_STEP][NOT_RUN] - callTestCase: NOT_RUN: callTestCase

2018-12-17 14:14:09 - [MESSAGE][NOT_RUN] - NOT_RUN: callTestCase

2018-12-17 14:14:09 - [TEST_STEP][PASSED] - delay: Delayed 1 second(s)

2018-12-17 14:14:10 - [MESSAGE][PASSED] - Delayed 1 second(s)

2018-12-17 14:14:10 - [TEST_STEP][PASSED] - navigateToUrl: Navigate to 'https://assist2-uat.perkeso.gov.my/c/portal/logout' successfully

2018-12-17 14:14:11 - [MESSAGE][PASSED] - Navigate to 'https://assist2-uat.perkeso.gov.my/c/portal/logout' successfully

2018-12-17 14:14:11 - [TEST_STEP][PASSED] - delay: Delayed 1 second(s)

2018-12-17 14:14:12 - [MESSAGE][PASSED] - Delayed 1 second(s)

2018-12-17 14:14:12 - [TEST_STEP][PASSED] - callTestCase: Call Test Case 'Test Cases/Final Aug 2018 - PKS Automation/Common/Reference Number Getter' successfully

2018-12-17 14:14:12 - [TEST_CASE][PASSED] - Test Cases/Final Aug 2018 - PKS Automation/Common/Reference Number Getter: Test Cases/Final Aug 2018 - PKS Automation/Common/Reference Number Getter

2018-12-17 14:14:13 - [TEST_STEP][PASSED] - Statement - Try: null

2018-12-17 14:14:13 - [TEST_STEP][PASSED] - Statement - RefNo = new java.io.File(C://Users//Admin//Desktop//PKS//Automation Reference Point//KatalonReference.txt): null

2018-12-17 14:14:13 - [TEST_STEP][PASSED] - Statement - bufferread = new java.io.BufferedReader(new java.io.FileReader(RefNo)): null

2018-12-17 14:14:13 - [TEST_STEP][PASSED] - Statement - readedVal = bufferread.readLine(): null

2018-12-17 14:14:13 - [TEST_STEP][PASSED] - Statement - out.println(CaseReferenceNo): null

2018-12-17 14:14:13 - [TEST_STEP][PASSED] - Statement - out.println(readedVal): null

2018-12-17 14:14:13 - [TEST_STEP][PASSED] - Statement - CaseReferenceNo = "": null

2018-12-17 14:14:13 - [TEST_STEP][PASSED] - Statement - CaseReferenceNo = readedVal: null

2018-12-17 14:14:13 - [MESSAGE][PASSED] - Call Test Case 'Test Cases/Final Aug 2018 - PKS Automation/Common/Reference Number Getter' successfully

2018-12-17 14:14:13 - [TEST_STEP][PASSED] - callTestCase: Call Test Case 'Test Cases/Final Aug 2018 - PKS Automation/Common/Workflow Owner Finder' successfully

2018-12-17 14:14:13 - [TEST_CASE][PASSED] - Test Cases/Final Aug 2018 - PKS Automation/Common/Workflow Owner Finder: Test Cases/Final Aug 2018 - PKS Automation/Common/Workflow Owner Finder

2018-12-17 14:14:13 - [TEST_STEP][PASSED] - openBrowser: Browser is opened with url: ''

2018-12-17 14:14:13 - [MESSAGE][WARNING] - A browser is already opened. Closing browser and opening a new one

2018-12-17 14:14:16 - [MESSAGE][PASSED] - Browser is opened with url: ''

2018-12-17 14:14:16 - [TEST_STEP][PASSED] - navigateToUrl: Navigate to 'https://assist2-uat.perkeso.gov.my/login' successfully

2018-12-17 14:14:17 - [MESSAGE][PASSED] - Navigate to 'https://assist2-uat.perkeso.gov.my/login' successfully

2018-12-17 14:14:17 - [TEST_STEP][PASSED] - delay: Delayed 5 second(s)

2018-12-17 14:14:22 - [MESSAGE][PASSED] - Delayed 5 second(s)

2018-12-17 14:14:22 - [TEST_STEP][PASSED] - setText: Text 'test@liferay.com' is set on object 'Object Repository/Final Object Repo/Login Page/Internal User/Email Address'

2018-12-17 14:14:22 - [MESSAGE][PASSED] - Text 'test@liferay.com' is set on object 'Object Repository/Final Object Repo/Login Page/Internal User/Email Address'

2018-12-17 14:14:22 - [TEST_STEP][PASSED] - click: Object: 'Object Repository/Final Object Repo/Login Page/Internal User/Next Button' is clicked on

2018-12-17 14:14:23 - [MESSAGE][PASSED] - Object: 'Object Repository/Final Object Repo/Login Page/Internal User/Next Button' is clicked on

2018-12-17 14:14:23 - [TEST_STEP][PASSED] - delay: Delayed 2 second(s)

2018-12-17 14:14:25 - [MESSAGE][PASSED] - Delayed 2 second(s)

2018-12-17 14:14:25 - [TEST_STEP][PASSED] - setText: Text 'test' is set on object 'Object Repository/Final Object Repo/Login Page/Internal User/Password'

2018-12-17 14:14:25 - [MESSAGE][PASSED] - Text 'test' is set on object 'Object Repository/Final Object Repo/Login Page/Internal User/Password'

2018-12-17 14:14:25 - [TEST_STEP][PASSED] - delay: Delayed 2 second(s)

2018-12-17 14:14:27 - [MESSAGE][PASSED] - Delayed 2 second(s)

2018-12-17 14:14:27 - [TEST_STEP][PASSED] - click: Object: 'Object Repository/Final Object Repo/Login Page/Internal User/Login Button' is clicked on

2018-12-17 14:14:27 - [MESSAGE][PASSED] - Object: 'Object Repository/Final Object Repo/Login Page/Internal User/Login Button' is clicked on

2018-12-17 14:14:27 - [TEST_STEP][PASSED] - Statement - tester = com.kms.katalon.core.testobject.ObjectRepository.findTestObject(Final Object Repo/Landing Page/Select to English): Finding Test Object with id 'Object Repository/Final Object Repo/Landing Page/Select to English'

2018-12-17 14:14:27 - [TEST_STEP][PASSED] - Statement - Try: Delayed 2 second(s)

2018-12-17 14:14:27 - [TEST_STEP][PASSED] - Statement - Checker = com.kms.katalon.core.webui.keyword.WebUiBuiltInKeywords.verifyElementNotPresent(tester, 3): Web element with id: 'Object Repository/Final Object Repo/Landing Page/Select to English' located by 'By.xpath: //a[@class = 'taglib-language-list-text' and @lang = 'en-US' and (contains(text(), 'EN') or contains(., 'EN'))]' is not present after '3' second(s)

2018-12-17 14:14:29 - [MESSAGE][PASSED] - Web element with id: 'Object Repository/Final Object Repo/Landing Page/Select to English' located by 'By.xpath: //a[@class = 'taglib-language-list-text' and @lang = 'en-US' and (contains(text(), 'EN') or contains(., 'EN'))]' is not present after '3' second(s)

2018-12-17 14:14:29 - [TEST_STEP][PASSED] - Statement - If (Checker == false): null

2018-12-17 14:14:29 - [TEST_STEP][PASSED] - delay: Delayed 2 second(s)

2018-12-17 14:14:31 - [MESSAGE][PASSED] - Delayed 2 second(s)

2018-12-17 14:14:31 - [TEST_STEP][PASSED] - delay: Delayed 5 second(s)

2018-12-17 14:14:36 - [MESSAGE][PASSED] - Delayed 5 second(s)

2018-12-17 14:14:36 - [TEST_STEP][PASSED] - mouseOver: Object: 'Object Repository/Final Object Repo/Landing Page/WorkFlow Menu' is hovered

2018-12-17 14:14:36 - [MESSAGE][PASSED] - Object: 'Object Repository/Final Object Repo/Landing Page/WorkFlow Menu' is hovered

2018-12-17 14:14:36 - [TEST_STEP][PASSED] - delay: Delayed 2 second(s)

2018-12-17 14:14:38 - [MESSAGE][PASSED] - Delayed 2 second(s)

2018-12-17 14:14:38 - [TEST_STEP][PASSED] - click: Object: 'Object Repository/Final Object Repo/Landing Page/Select to Workflow Listing' is clicked on

2018-12-17 14:14:39 - [MESSAGE][PASSED] - Object: 'Object Repository/Final Object Repo/Landing Page/Select to Workflow Listing' is clicked on

2018-12-17 14:14:39 - [TEST_STEP][PASSED] - delay: Delayed 2 second(s)

2018-12-17 14:14:41 - [MESSAGE][PASSED] - Delayed 2 second(s)

2018-12-17 14:14:41 - [TEST_STEP][PASSED] - click: Object: 'Object Repository/Final Object Repo/WorkFlow Listing Page/Search Information - To Put Ref No' is clicked on

2018-12-17 14:14:41 - [MESSAGE][PASSED] - Object: 'Object Repository/Final Object Repo/WorkFlow Listing Page/Search Information - To Put Ref No' is clicked on

2018-12-17 14:14:41 - [TEST_STEP][PASSED] - delay: Delayed 2 second(s)

2018-12-17 14:14:43 - [MESSAGE][PASSED] - Delayed 2 second(s)

2018-12-17 14:14:43 - [TEST_STEP][PASSED] - callTestCase: Call Test Case 'Test Cases/Final Aug 2018 - PKS Automation/Common/Reference Number Getter' successfully

2018-12-17 14:14:43 - [TEST_CASE][PASSED] - Test Cases/Final Aug 2018 - PKS Automation/Common/Reference Number Getter: Test Cases/Final Aug 2018 - PKS Automation/Common/Reference Number Getter

2018-12-17 14:14:43 - [TEST_STEP][PASSED] - Statement - Try: null

2018-12-17 14:14:43 - [TEST_STEP][PASSED] - Statement - RefNo = new java.io.File(C://Users//Admin//Desktop//PKS//Automation Reference Point//KatalonReference.txt): null

2018-12-17 14:14:43 - [TEST_STEP][PASSED] - Statement - bufferread = new java.io.BufferedReader(new java.io.FileReader(RefNo)): null

2018-12-17 14:14:43 - [TEST_STEP][PASSED] - Statement - readedVal = bufferread.readLine(): null

2018-12-17 14:14:43 - [TEST_STEP][PASSED] - Statement - out.println(CaseReferenceNo): null

2018-12-17 14:14:43 - [TEST_STEP][PASSED] - Statement - out.println(readedVal): null

2018-12-17 14:14:43 - [TEST_STEP][PASSED] - Statement - CaseReferenceNo = "": null

2018-12-17 14:14:43 - [TEST_STEP][PASSED] - Statement - CaseReferenceNo = readedVal: null

2018-12-17 14:14:43 - [MESSAGE][PASSED] - Call Test Case 'Test Cases/Final Aug 2018 - PKS Automation/Common/Reference Number Getter' successfully

2018-12-17 14:14:43 - [TEST_STEP][PASSED] - setText: Text 'ERN122018C200002460' is set on object 'Object Repository/Final Object Repo/WorkFlow Listing Page/Ref No Set Text'

2018-12-17 14:14:44 - [MESSAGE][PASSED] - Text 'ERN122018C200002460' is set on object 'Object Repository/Final Object Repo/WorkFlow Listing Page/Ref No Set Text'

2018-12-17 14:14:44 - [TEST_STEP][PASSED] - delay: Delayed 2 second(s)

2018-12-17 14:14:46 - [MESSAGE][PASSED] - Delayed 2 second(s)

2018-12-17 14:14:46 - [TEST_STEP][PASSED] - click: Object: 'Object Repository/Final Object Repo/WorkFlow Listing Page/Search Ref No Search Button' is clicked on

2018-12-17 14:14:46 - [MESSAGE][PASSED] - Object: 'Object Repository/Final Object Repo/WorkFlow Listing Page/Search Ref No Search Button' is clicked on

2018-12-17 14:14:46 - [TEST_STEP][PASSED] - delay: Delayed 6 second(s)

2018-12-17 14:14:52 - [MESSAGE][PASSED] - Delayed 6 second(s)

2018-12-17 14:14:52 - [TEST_STEP][PASSED] - click: Object: 'Object Repository/Final Object Repo/WorkFlow Listing Page/Click Continue Tooltip' is clicked on

2018-12-17 14:14:53 - [MESSAGE][PASSED] - Object: 'Object Repository/Final Object Repo/WorkFlow Listing Page/Click Continue Tooltip' is clicked on

2018-12-17 14:14:53 - [TEST_STEP][PASSED] - delay: Delayed 5 second(s)

2018-12-17 14:14:58 - [MESSAGE][PASSED] - Delayed 5 second(s)

2018-12-17 14:14:58 - [TEST_STEP][PASSED] - doubleClick: Object: 'Object Repository/Final Object Repo/WorkFlow Listing Page/Workflow Found - Listing 1' is double clicked on

2018-12-17 14:14:59 - [MESSAGE][PASSED] - Object: 'Object Repository/Final Object Repo/WorkFlow Listing Page/Workflow Found - Listing 1' is double clicked on

2018-12-17 14:14:59 - [TEST_STEP][PASSED] - Statement - println(OwnerID): null

2018-12-17 14:14:59 - [TEST_STEP][PASSED] - Statement - OwnerID = com.kms.katalon.core.webui.keyword.WebUiBuiltInKeywords.getText(com.kms.katalon.core.testobject.ObjectRepository.findTestObject(Final Object Repo/WorkFlow Listing Page/Workflow Found - Listing 1), STOP_ON_FAILURE): Text of object 'Object Repository/Final Object Repo/WorkFlow Listing Page/Workflow Found - Listing 1' is: 'JOHORuo2'

2018-12-17 14:14:59 - [MESSAGE][PASSED] - Text of object 'Object Repository/Final Object Repo/WorkFlow Listing Page/Workflow Found - Listing 1' is: 'JOHORuo2'

2018-12-17 14:14:59 - [TEST_STEP][PASSED] - Statement - OwnerID = OwnerID.toLowerCase() + "@gmail.com": null

2018-12-17 14:14:59 - [TEST_STEP][PASSED] - Statement - println(OwnerID): null

2018-12-17 14:14:59 - [TEST_STEP][PASSED] - delay: Delayed 2 second(s)

2018-12-17 14:15:01 - [MESSAGE][PASSED] - Delayed 2 second(s)

2018-12-17 14:15:01 - [MESSAGE][PASSED] - Call Test Case 'Test Cases/Final Aug 2018 - PKS Automation/Common/Workflow Owner Finder' successfully

2018-12-17 14:15:01 - [TEST_STEP][PASSED] - delay: Delayed 1 second(s)

2018-12-17 14:15:02 - [MESSAGE][PASSED] - Delayed 1 second(s)

2018-12-17 14:15:02 - [TEST_STEP][PASSED] - navigateToUrl: Navigate to 'https://assist2-uat.perkeso.gov.my/c/portal/logout' successfully

2018-12-17 14:15:02 - [MESSAGE][PASSED] - Navigate to 'https://assist2-uat.perkeso.gov.my/c/portal/logout' successfully

2018-12-17 14:15:02 - [TEST_STEP][PASSED] - delay: Delayed 1 second(s)

2018-12-17 14:15:03 - [MESSAGE][PASSED] - Delayed 1 second(s)

2018-12-17 14:15:03 - [TEST_STEP][PASSED] - callTestCase: Call Test Case 'Test Cases/Final Aug 2018 - PKS Automation/Registration Module/Workflow/Login and Search Case For Workflow' successfully

2018-12-17 14:15:03 - [TEST_CASE][PASSED] - Test Cases/Final Aug 2018 - PKS Automation/Registration Module/Workflow/Login and Search Case For Workflow: Test Cases/Final Aug 2018 - PKS Automation/Registration Module/Workflow/Login and Search Case For Workflow

2018-12-17 14:15:04 - [TEST_STEP][PASSED] - navigateToUrl: Navigate to 'https://assist2-uat.perkeso.gov.my/login' successfully

2018-12-17 14:15:04 - [MESSAGE][PASSED] - Navigate to 'https://assist2-uat.perkeso.gov.my/login' successfully

2018-12-17 14:15:04 - [TEST_STEP][PASSED] - setText: Text 'johoruo2@gmail.com' is set on object 'Object Repository/Final Object Repo/Login Page/Internal User/Email Address'

2018-12-17 14:15:05 - [MESSAGE][PASSED] - Text 'johoruo2@gmail.com' is set on object 'Object Repository/Final Object Repo/Login Page/Internal User/Email Address'

2018-12-17 14:15:05 - [TEST_STEP][PASSED] - click: Object: 'Object Repository/Final Object Repo/Login Page/Internal User/Next Button' is clicked on

2018-12-17 14:15:05 - [MESSAGE][PASSED] - Object: 'Object Repository/Final Object Repo/Login Page/Internal User/Next Button' is clicked on

2018-12-17 14:15:05 - [TEST_STEP][PASSED] - delay: Delayed 1 second(s)

2018-12-17 14:15:06 - [MESSAGE][PASSED] - Delayed 1 second(s)

2018-12-17 14:15:06 - [TEST_STEP][PASSED] - setEncryptedText: Text ****** has been set on object 'Object Repository/Final Object Repo/Login Page/Internal User/Password'

2018-12-17 14:15:06 - [MESSAGE][PASSED] - Text ****** has been set on object 'Object Repository/Final Object Repo/Login Page/Internal User/Password'

2018-12-17 14:15:06 - [TEST_STEP][PASSED] - click: Object: 'Object Repository/Final Object Repo/Login Page/Internal User/Login Button' is clicked on

2018-12-17 14:15:06 - [MESSAGE][PASSED] - Object: 'Object Repository/Final Object Repo/Login Page/Internal User/Login Button' is clicked on

2018-12-17 14:15:06 - [TEST_STEP][PASSED] - delay: Delayed 2 second(s)

2018-12-17 14:15:08 - [MESSAGE][PASSED] - Delayed 2 second(s)

2018-12-17 14:15:08 - [TEST_STEP][PASSED] - Statement - Try: Delayed 2 second(s)

2018-12-17 14:15:08 - [TEST_STEP][PASSED] - Statement - Checker = false: null

2018-12-17 14:15:08 - [TEST_STEP][PASSED] - Statement - Checker = com.kms.katalon.core.webui.keyword.WebUiBuiltInKeywords.verifyElementHasAttribute(com.kms.katalon.core.testobject.ObjectRepository.findTestObject(Final Object Repo/Landing Page/BM Detecting), "href", 20, OPTIONAL): Object 'Object Repository/Final Object Repo/Landing Page/BM Detecting' has attribute 'href'

2018-12-17 14:15:08 - [MESSAGE][PASSED] - Object 'Object Repository/Final Object Repo/Landing Page/BM Detecting' has attribute 'href'

2018-12-17 14:15:08 - [TEST_STEP][PASSED] - Statement - out.println(Checker): null

2018-12-17 14:15:08 - [TEST_STEP][PASSED] - Statement - If (Checker == false): null

2018-12-17 14:15:08 - [TEST_STEP][PASSED] - Statement - Else: null

2018-12-17 14:15:08 - [TEST_STEP][PASSED] - delay: Delayed 2 second(s)

2018-12-17 14:15:10 - [MESSAGE][PASSED] - Delayed 2 second(s)

2018-12-17 14:15:10 - [TEST_STEP][PASSED] - click: Object: 'Object Repository/Final Object Repo/Page_MyASSIST - ASSIST - Search Pending Case For Add Supporting Document/Search Information' is clicked on

2018-12-17 14:15:10 - [MESSAGE][PASSED] - Object: 'Object Repository/Final Object Repo/Page_MyASSIST - ASSIST - Search Pending Case For Add Supporting Document/Search Information' is clicked on

2018-12-17 14:15:10 - [TEST_STEP][PASSED] - delay: Delayed 3 second(s)

2018-12-17 14:15:13 - [MESSAGE][PASSED] - Delayed 3 second(s)

2018-12-17 14:15:13 - [TEST_STEP][PASSED] - sendKeys: Keys 'ERN122018C200002460' sent to object: 'Object Repository/Final Object Repo/Page_MyASSIST - ASSIST - Search Pending Case For Add Supporting Document/Reference No'

2018-12-17 14:15:14 - [MESSAGE][PASSED] - Keys 'ERN122018C200002460' sent to object: 'Object Repository/Final Object Repo/Page_MyASSIST - ASSIST - Search Pending Case For Add Supporting Document/Reference No'

2018-12-17 14:15:14 - [TEST_STEP][PASSED] - click: Object: 'Object Repository/Final Object Repo/Page_MyASSIST - ASSIST - Search Pending Case For Add Supporting Document/Search Reference No' is clicked on

2018-12-17 14:15:14 - [MESSAGE][PASSED] - Object: 'Object Repository/Final Object Repo/Page_MyASSIST - ASSIST - Search Pending Case For Add Supporting Document/Search Reference No' is clicked on

2018-12-17 14:15:14 - [TEST_STEP][PASSED] - delay: Delayed 2 second(s)

2018-12-17 14:15:16 - [MESSAGE][PASSED] - Delayed 2 second(s)

2018-12-17 14:15:16 - [TEST_STEP][PASSED] - click: Object: 'Object Repository/Final Object Repo/Page_MyASSIST - ASSIST - Search Pending Case For Add Supporting Document/Continue' is clicked on

2018-12-17 14:15:19 - [MESSAGE][PASSED] - Object: 'Object Repository/Final Object Repo/Page_MyASSIST - ASSIST - Search Pending Case For Add Supporting Document/Continue' is clicked on

2018-12-17 14:15:19 - [TEST_STEP][PASSED] - delay: Delayed 20 second(s)

2018-12-17 14:15:39 - [MESSAGE][PASSED] - Delayed 20 second(s)

2018-12-17 14:15:39 - [MESSAGE][PASSED] - Call Test Case 'Test Cases/Final Aug 2018 - PKS Automation/Registration Module/Workflow/Login and Search Case For Workflow' successfully

2018-12-17 14:15:39 - [TEST_STEP][PASSED] - click: Object: 'Object Repository/Final Object Repo/Page_Form 3 EIS - Cessation as Employer/Page_Form 3 EIS - Cessation as Employer (Approve)/Save  Continue in Form 3 Page' is clicked on

2018-12-17 14:15:39 - [MESSAGE][PASSED] - Object: 'Object Repository/Final Object Repo/Page_Form 3 EIS - Cessation as Employer/Page_Form 3 EIS - Cessation as Employer (Approve)/Save  Continue in Form 3 Page' is clicked on

2018-12-17 14:15:39 - [TEST_STEP][PASSED] - delay: Delayed 2 second(s)

2018-12-17 14:15:41 - [MESSAGE][PASSED] - Delayed 2 second(s)

2018-12-17 14:15:41 - [TEST_STEP][PASSED] - click: Object: 'Object Repository/Final Object Repo/Page_Form 3 EIS - Cessation as Employer/Page_Form 3 EIS - Cessation as Employer (Approve)/Save  Continue in Resigned Page' is clicked on

2018-12-17 14:15:42 - [MESSAGE][PASSED] - Object: 'Object Repository/Final Object Repo/Page_Form 3 EIS - Cessation as Employer/Page_Form 3 EIS - Cessation as Employer (Approve)/Save  Continue in Resigned Page' is clicked on

2018-12-17 14:15:42 - [TEST_STEP][PASSED] - delay: Delayed 2 second(s)

2018-12-17 14:15:44 - [MESSAGE][PASSED] - Delayed 2 second(s)

2018-12-17 14:15:44 - [TEST_STEP][PASSED] - click: Object: 'Object Repository/Final Object Repo/Page_Form 3 EIS - Cessation as Employer/Page_Form 3 EIS - Cessation as Employer (Approve)/Save  Continue in Uploading Page' is clicked on

2018-12-17 14:15:45 - [MESSAGE][PASSED] - Object: 'Object Repository/Final Object Repo/Page_Form 3 EIS - Cessation as Employer/Page_Form 3 EIS - Cessation as Employer (Approve)/Save  Continue in Uploading Page' is clicked on

2018-12-17 14:15:45 - [TEST_STEP][PASSED] - delay: Delayed 2 second(s)

2018-12-17 14:15:47 - [MESSAGE][PASSED] - Delayed 2 second(s)

2018-12-17 14:15:47 - [TEST_STEP][PASSED] - click: Object: 'Object Repository/Final Object Repo/Page_Form 3 EIS - Cessation as Employer/Page_Form 3 EIS - Cessation as Employer (Approve)/Approve' is clicked on

2018-12-17 14:15:50 - [MESSAGE][PASSED] - Object: 'Object Repository/Final Object Repo/Page_Form 3 EIS - Cessation as Employer/Page_Form 3 EIS - Cessation as Employer (Approve)/Approve' is clicked on

2018-12-17 14:15:50 - [TEST_STEP][PASSED] - delay: Delayed 2 second(s)

2018-12-17 14:15:52 - [MESSAGE][PASSED] - Delayed 2 second(s)

2018-12-17 14:15:52 - [TEST_STEP][PASSED] - click: Object: 'Object Repository/Final Object Repo/Page_Form 3 EIS - Cessation as Employer/Page_Form 3 EIS - Cessation as Employer (Approve)/Confirm' is clicked on

2018-12-17 14:15:52 - [MESSAGE][PASSED] - Object: 'Object Repository/Final Object Repo/Page_Form 3 EIS - Cessation as Employer/Page_Form 3 EIS - Cessation as Employer (Approve)/Confirm' is clicked on

2018-12-17 14:15:52 - [TEST_STEP][PASSED] - delay: Delayed 2 second(s)

2018-12-17 14:15:54 - [MESSAGE][PASSED] - Delayed 2 second(s)

2018-12-17 14:15:54 - [TEST_STEP][PASSED] - click: Object: 'Object Repository/Final Object Repo/Page_Form 3 EIS - Cessation as Employer/Page_Form 3 EIS - Cessation as Employer (Approve)/Message Your Request    Form 3 EIS' is clicked on

2018-12-17 14:15:59 - [MESSAGE][PASSED] - Object: 'Object Repository/Final Object Repo/Page_Form 3 EIS - Cessation as Employer/Page_Form 3 EIS - Cessation as Employer (Approve)/Message Your Request    Form 3 EIS' is clicked on

2018-12-17 14:15:59 - [TEST_STEP][PASSED] - click: Object: 'Object Repository/Final Object Repo/Page_Form 3 EIS - Cessation as Employer/Page_Form 3 EIS - Cessation as Employer (Approve)/Letter of successful update' is clicked on

2018-12-17 14:16:00 - [MESSAGE][PASSED] - Object: 'Object Repository/Final Object Repo/Page_Form 3 EIS - Cessation as Employer/Page_Form 3 EIS - Cessation as Employer (Approve)/Letter of successful update' is clicked on

2018-12-17 14:16:00 - [MESSAGE][PASSED] - Call Test Case 'Test Cases/Final Aug 2018 - PKS Automation/Registration Module/Workflow/Form 3 EIS - Cessation As Employer/Template/Form 3 A - Cessation As Employer (Approve)' successfully]]></system-out>
         <system-err><![CDATA[]]></system-err>
      </testcase>
      <testcase name="Test Cases/Final Aug 2018 - PKS Automation/Registration Module/Workflow/Form 3 EIS - Cessation As Employer/Employer to UO (Query)" classname="Test Cases/Final Aug 2018 - PKS Automation/Registration Module/Workflow/Form 3 EIS - Cessation As Employer/Employer to UO (Query)" status="PASSED">
         <system-out><![CDATA[2018-12-17 14:16:00 - [TEST_CASE][PASSED] - Test Cases/Final Aug 2018 - PKS Automation/Registration Module/Workflow/Form 3 EIS - Cessation As Employer/Employer to UO (Query): Test Cases/Final Aug 2018 - PKS Automation/Registration Module/Workflow/Form 3 EIS - Cessation As Employer/Employer to UO (Query)

2018-12-17 14:16:00 - [TEST_STEP][PASSED] - callTestCase: Call Test Case 'Test Cases/Final Aug 2018 - PKS Automation/Registration Module/Workflow/Form 3 EIS - Cessation As Employer/Template/Form 3 A - Cessation As Employer (OTC)' successfully

2018-12-17 14:16:00 - [TEST_CASE][PASSED] - Test Cases/Final Aug 2018 - PKS Automation/Registration Module/Workflow/Form 3 EIS - Cessation As Employer/Template/Form 3 A - Cessation As Employer (OTC): Test Cases/Final Aug 2018 - PKS Automation/Registration Module/Workflow/Form 3 EIS - Cessation As Employer/Template/Form 3 A - Cessation As Employer (OTC)

2018-12-17 14:16:00 - [TEST_STEP][PASSED] - openBrowser: Browser is opened with url: ''

2018-12-17 14:16:00 - [MESSAGE][WARNING] - A browser is already opened. Closing browser and opening a new one

2018-12-17 14:16:03 - [MESSAGE][PASSED] - Browser is opened with url: ''

2018-12-17 14:16:03 - [TEST_STEP][PASSED] - navigateToUrl: Navigate to 'https://assist2-uat.perkeso.gov.my/login' successfully

2018-12-17 14:16:04 - [MESSAGE][PASSED] - Navigate to 'https://assist2-uat.perkeso.gov.my/login' successfully

2018-12-17 14:16:04 - [TEST_STEP][PASSED] - setText: Text 'johorotc1@gmail.com' is set on object 'Object Repository/Final Object Repo/Login Page/Internal User/Email Address'

2018-12-17 14:16:05 - [MESSAGE][PASSED] - Text 'johorotc1@gmail.com' is set on object 'Object Repository/Final Object Repo/Login Page/Internal User/Email Address'

2018-12-17 14:16:05 - [TEST_STEP][PASSED] - click: Object: 'Object Repository/Final Object Repo/Login Page/Internal User/Next Button' is clicked on

2018-12-17 14:16:05 - [MESSAGE][PASSED] - Object: 'Object Repository/Final Object Repo/Login Page/Internal User/Next Button' is clicked on

2018-12-17 14:16:05 - [TEST_STEP][PASSED] - delay: Delayed 1 second(s)

2018-12-17 14:16:06 - [MESSAGE][PASSED] - Delayed 1 second(s)

2018-12-17 14:16:06 - [TEST_STEP][PASSED] - setEncryptedText: Text ****** has been set on object 'Object Repository/Final Object Repo/Login Page/Internal User/Password'

2018-12-17 14:16:06 - [MESSAGE][PASSED] - Text ****** has been set on object 'Object Repository/Final Object Repo/Login Page/Internal User/Password'

2018-12-17 14:16:06 - [TEST_STEP][PASSED] - click: Object: 'Object Repository/Final Object Repo/Login Page/Internal User/Login Button' is clicked on

2018-12-17 14:16:07 - [MESSAGE][PASSED] - Object: 'Object Repository/Final Object Repo/Login Page/Internal User/Login Button' is clicked on

2018-12-17 14:16:07 - [TEST_STEP][PASSED] - delay: Delayed 1 second(s)

2018-12-17 14:16:08 - [MESSAGE][PASSED] - Delayed 1 second(s)

2018-12-17 14:16:08 - [TEST_STEP][PASSED] - Statement - Try: Delayed 2 second(s)

2018-12-17 14:16:08 - [TEST_STEP][PASSED] - Statement - Checker = false: null

2018-12-17 14:16:08 - [TEST_STEP][PASSED] - Statement - Checker = com.kms.katalon.core.webui.keyword.WebUiBuiltInKeywords.verifyElementHasAttribute(com.kms.katalon.core.testobject.ObjectRepository.findTestObject(Final Object Repo/Landing Page/BM Detecting), "href", 20, OPTIONAL): Object 'Object Repository/Final Object Repo/Landing Page/BM Detecting' has attribute 'href'

2018-12-17 14:16:09 - [MESSAGE][PASSED] - Object 'Object Repository/Final Object Repo/Landing Page/BM Detecting' has attribute 'href'

2018-12-17 14:16:09 - [TEST_STEP][PASSED] - Statement - out.println(Checker): null

2018-12-17 14:16:09 - [TEST_STEP][PASSED] - Statement - If (Checker == false): null

2018-12-17 14:16:09 - [TEST_STEP][PASSED] - Statement - Else: null

2018-12-17 14:16:09 - [TEST_STEP][PASSED] - delay: Delayed 2 second(s)

2018-12-17 14:16:11 - [MESSAGE][PASSED] - Delayed 2 second(s)

2018-12-17 14:16:11 - [TEST_STEP][PASSED] - navigateToUrl: Navigate to 'https://assist2-uat.perkeso.gov.my/web/registration/eis-update/form-3-eis-cessation-as-employer' successfully

2018-12-17 14:16:12 - [MESSAGE][PASSED] - Navigate to 'https://assist2-uat.perkeso.gov.my/web/registration/eis-update/form-3-eis-cessation-as-employer' successfully

2018-12-17 14:16:12 - [TEST_STEP][PASSED] - delay: Delayed 1 second(s)

2018-12-17 14:16:13 - [MESSAGE][PASSED] - Delayed 1 second(s)

2018-12-17 14:16:13 - [TEST_STEP][PASSED] - setText: Text 'E1102069769W' is set on object 'Object Repository/Final Object Repo/Page_Form 3 EIS - Cessation as Employer/Employer Code'

2018-12-17 14:16:13 - [MESSAGE][PASSED] - Text 'E1102069769W' is set on object 'Object Repository/Final Object Repo/Page_Form 3 EIS - Cessation as Employer/Employer Code'

2018-12-17 14:16:13 - [TEST_STEP][PASSED] - click: Object: 'Object Repository/Final Object Repo/Page_Form 3 EIS - Cessation as Employer/Search' is clicked on

2018-12-17 14:16:13 - [MESSAGE][PASSED] - Object: 'Object Repository/Final Object Repo/Page_Form 3 EIS - Cessation as Employer/Search' is clicked on

2018-12-17 14:16:13 - [TEST_STEP][PASSED] - click: Object: 'Object Repository/Final Object Repo/Page_Form 3 EIS - Cessation as Employer/Edit' is clicked on

2018-12-17 14:16:16 - [MESSAGE][PASSED] - Object: 'Object Repository/Final Object Repo/Page_Form 3 EIS - Cessation as Employer/Edit' is clicked on

2018-12-17 14:16:16 - [TEST_STEP][PASSED] - delay: Delayed 1 second(s)

2018-12-17 14:16:17 - [MESSAGE][PASSED] - Delayed 1 second(s)

2018-12-17 14:16:17 - [TEST_STEP][PASSED] - Statement - abc = com.kms.katalon.core.webui.keyword.WebUiBuiltInKeywords.getAttribute(com.kms.katalon.core.testobject.ObjectRepository.findTestObject(Final Object Repo/Page_Form 3 EIS - Cessation as Employer/Employer Status), "value"): Attribute 'value' of object 'Object Repository/Final Object Repo/Page_Form 3 EIS - Cessation as Employer/Employer Status' is: 'Active'

2018-12-17 14:16:17 - [MESSAGE][PASSED] - Attribute 'value' of object 'Object Repository/Final Object Repo/Page_Form 3 EIS - Cessation as Employer/Employer Status' is: 'Active'

2018-12-17 14:16:17 - [TEST_STEP][PASSED] - Statement - out.println(abc): null

2018-12-17 14:16:17 - [TEST_STEP][PASSED] - Statement - If (abc == "Active"): Object: 'Object Repository/Final Object Repo/Page_Form 3 EIS - Cessation as Employer/Dormant EIS' is clicked on

2018-12-17 14:16:17 - [TEST_STEP][PASSED] - click: Object: 'Object Repository/Final Object Repo/Page_Form 3 EIS - Cessation as Employer/Change Employer Status to' is clicked on

2018-12-17 14:16:17 - [MESSAGE][PASSED] - Object: 'Object Repository/Final Object Repo/Page_Form 3 EIS - Cessation as Employer/Change Employer Status to' is clicked on

2018-12-17 14:16:17 - [TEST_STEP][PASSED] - click: Object: 'Object Repository/Final Object Repo/Page_Form 3 EIS - Cessation as Employer/Dormant EIS' is clicked on

2018-12-17 14:16:17 - [MESSAGE][PASSED] - Object: 'Object Repository/Final Object Repo/Page_Form 3 EIS - Cessation as Employer/Dormant EIS' is clicked on

2018-12-17 14:16:17 - [TEST_STEP][PASSED] - click: Object: 'Object Repository/Final Object Repo/Page_Form 3 EIS - Cessation as Employer/Calender' is clicked on

2018-12-17 14:16:17 - [MESSAGE][PASSED] - Object: 'Object Repository/Final Object Repo/Page_Form 3 EIS - Cessation as Employer/Calender' is clicked on

2018-12-17 14:16:17 - [TEST_STEP][PASSED] - delay: Delayed 1 second(s)

2018-12-17 14:16:18 - [MESSAGE][PASSED] - Delayed 1 second(s)

2018-12-17 14:16:18 - [TEST_STEP][PASSED] - click: Object: 'Object Repository/Final Object Repo/Page_Form 3 EIS - Cessation as Employer/Calender - Date' is clicked on

2018-12-17 14:16:19 - [MESSAGE][PASSED] - Object: 'Object Repository/Final Object Repo/Page_Form 3 EIS - Cessation as Employer/Calender - Date' is clicked on

2018-12-17 14:16:19 - [TEST_STEP][PASSED] - click: Object: 'Object Repository/Final Object Repo/Page_Form 3 EIS - Cessation as Employer/Save  Continue in Form 3 EIS Page' is clicked on

2018-12-17 14:16:19 - [MESSAGE][PASSED] - Object: 'Object Repository/Final Object Repo/Page_Form 3 EIS - Cessation as Employer/Save  Continue in Form 3 EIS Page' is clicked on

2018-12-17 14:16:19 - [TEST_STEP][PASSED] - delay: Delayed 1 second(s)

2018-12-17 14:16:20 - [MESSAGE][PASSED] - Delayed 1 second(s)

2018-12-17 14:16:20 - [TEST_STEP][PASSED] - click: Object: 'Object Repository/Final Object Repo/Page_Form 3 EIS - Cessation as Employer/Employment Resign Date' is clicked on

2018-12-17 14:16:20 - [MESSAGE][PASSED] - Object: 'Object Repository/Final Object Repo/Page_Form 3 EIS - Cessation as Employer/Employment Resign Date' is clicked on

2018-12-17 14:16:20 - [TEST_STEP][PASSED] - selectOptionByValue: All options with value '2030' are selected in object 'Object Repository/Final Object Repo/Page_Form 3 EIS - Cessation as Employer/Employment Resign Date - Year' 

2018-12-17 14:16:21 - [MESSAGE][PASSED] - All options with value '2030' are selected in object 'Object Repository/Final Object Repo/Page_Form 3 EIS - Cessation as Employer/Employment Resign Date - Year' 

2018-12-17 14:16:21 - [TEST_STEP][PASSED] - delay: Delayed 2 second(s)

2018-12-17 14:16:23 - [MESSAGE][PASSED] - Delayed 2 second(s)

2018-12-17 14:16:23 - [TEST_STEP][PASSED] - click: Object: 'Object Repository/Final Object Repo/Page_Form 3 EIS - Cessation as Employer/Employment Resign Date - Year - Date' is clicked on

2018-12-17 14:16:23 - [MESSAGE][PASSED] - Object: 'Object Repository/Final Object Repo/Page_Form 3 EIS - Cessation as Employer/Employment Resign Date - Year - Date' is clicked on

2018-12-17 14:16:23 - [TEST_STEP][PASSED] - delay: Delayed 2 second(s)

2018-12-17 14:16:25 - [MESSAGE][PASSED] - Delayed 2 second(s)

2018-12-17 14:16:25 - [TEST_STEP][PASSED] - click: Object: 'Object Repository/Final Object Repo/Page_Form 3 EIS - Cessation as Employer/Save  Continue in Employment Resign Page' is clicked on

2018-12-17 14:16:25 - [MESSAGE][PASSED] - Object: 'Object Repository/Final Object Repo/Page_Form 3 EIS - Cessation as Employer/Save  Continue in Employment Resign Page' is clicked on

2018-12-17 14:16:25 - [TEST_STEP][PASSED] - delay: Delayed 2 second(s)

2018-12-17 14:16:27 - [MESSAGE][PASSED] - Delayed 2 second(s)

2018-12-17 14:16:27 - [TEST_STEP][PASSED] - click: Object: 'Object Repository/Final Object Repo/Page_Form 3 EIS - Cessation as Employer/Set Latest - Yes' is clicked on

2018-12-17 14:16:27 - [MESSAGE][PASSED] - Object: 'Object Repository/Final Object Repo/Page_Form 3 EIS - Cessation as Employer/Set Latest - Yes' is clicked on

2018-12-17 14:16:27 - [TEST_STEP][PASSED] - delay: Delayed 2 second(s)

2018-12-17 14:16:29 - [MESSAGE][PASSED] - Delayed 2 second(s)

2018-12-17 14:16:29 - [TEST_STEP][PASSED] - click: Object: 'Object Repository/Final Object Repo/Page_Form 3 EIS - Cessation as Employer/Add Document' is clicked on

2018-12-17 14:16:30 - [MESSAGE][PASSED] - Object: 'Object Repository/Final Object Repo/Page_Form 3 EIS - Cessation as Employer/Add Document' is clicked on

2018-12-17 14:16:30 - [TEST_STEP][PASSED] - delay: Delayed 3 second(s)

2018-12-17 14:16:33 - [MESSAGE][PASSED] - Delayed 3 second(s)

2018-12-17 14:16:33 - [TEST_STEP][PASSED] - click: Object: 'Object Repository/Final Object Repo/Page_Form 3 EIS - Cessation as Employer/Document Type' is clicked on

2018-12-17 14:16:33 - [MESSAGE][PASSED] - Object: 'Object Repository/Final Object Repo/Page_Form 3 EIS - Cessation as Employer/Document Type' is clicked on

2018-12-17 14:16:33 - [TEST_STEP][PASSED] - click: Object: 'Object Repository/Final Object Repo/Page_Form 3 EIS - Cessation as Employer/Document Type - Form 3' is clicked on

2018-12-17 14:16:34 - [MESSAGE][PASSED] - Object: 'Object Repository/Final Object Repo/Page_Form 3 EIS - Cessation as Employer/Document Type - Form 3' is clicked on

2018-12-17 14:16:34 - [TEST_STEP][PASSED] - delay: Delayed 2 second(s)

2018-12-17 14:16:36 - [MESSAGE][PASSED] - Delayed 2 second(s)

2018-12-17 14:16:36 - [TEST_STEP][PASSED] - sendKeys: Keys 'C:\Users\Public\Pictures\Sample Pictures\Koala.jpg' sent to object: 'Object Repository/Final Object Repo/Page_Form 3 EIS - Cessation as Employer/ploading File'

2018-12-17 14:16:36 - [MESSAGE][PASSED] - Keys 'C:\Users\Public\Pictures\Sample Pictures\Koala.jpg' sent to object: 'Object Repository/Final Object Repo/Page_Form 3 EIS - Cessation as Employer/ploading File'

2018-12-17 14:16:36 - [TEST_STEP][PASSED] - delay: Delayed 1 second(s)

2018-12-17 14:16:37 - [MESSAGE][PASSED] - Delayed 1 second(s)

2018-12-17 14:16:37 - [TEST_STEP][PASSED] - click: Object: 'Object Repository/Final Object Repo/Page_Form 3 EIS - Cessation as Employer/Add Document in Uploading Page' is clicked on

2018-12-17 14:16:37 - [MESSAGE][PASSED] - Object: 'Object Repository/Final Object Repo/Page_Form 3 EIS - Cessation as Employer/Add Document in Uploading Page' is clicked on

2018-12-17 14:16:37 - [TEST_STEP][PASSED] - delay: Delayed 2 second(s)

2018-12-17 14:16:39 - [MESSAGE][PASSED] - Delayed 2 second(s)

2018-12-17 14:16:39 - [TEST_STEP][PASSED] - Statement - CaseReferenceNo = com.kms.katalon.core.webui.keyword.WebUiBuiltInKeywords.getText(com.kms.katalon.core.testobject.ObjectRepository.findTestObject(Final Object Repo/Page_Update Employer Information/Reference Number in Update Employee Information Page)): Text of object 'Object Repository/Final Object Repo/Page_Update Employer Information/Reference Number in Update Employee Information Page' is: 'ERN122018C200002461'

2018-12-17 14:16:41 - [MESSAGE][PASSED] - Text of object 'Object Repository/Final Object Repo/Page_Update Employer Information/Reference Number in Update Employee Information Page' is: 'ERN122018C200002461'

2018-12-17 14:16:41 - [TEST_STEP][PASSED] - callTestCase: Call Test Case 'Test Cases/Final Aug 2018 - PKS Automation/Common/Reference Number Setter' successfully

2018-12-17 14:16:41 - [TEST_CASE][PASSED] - Test Cases/Final Aug 2018 - PKS Automation/Common/Reference Number Setter: Test Cases/Final Aug 2018 - PKS Automation/Common/Reference Number Setter

2018-12-17 14:16:41 - [TEST_STEP][PASSED] - Statement - RefNoOldFile = new java.io.File(C://Users//Admin//Desktop//PKS//Automation Reference Point//KatalonReference.txt): null

2018-12-17 14:16:41 - [TEST_STEP][PASSED] - Statement - RefNoOldFile.delete(): null

2018-12-17 14:16:41 - [TEST_STEP][PASSED] - delay: Delayed 5 second(s)

2018-12-17 14:16:46 - [MESSAGE][PASSED] - Delayed 5 second(s)

2018-12-17 14:16:46 - [TEST_STEP][PASSED] - Statement - RefNo = new java.io.File(C://Users//Admin//Desktop//PKS//Automation Reference Point//KatalonReference.txt): null

2018-12-17 14:16:46 - [TEST_STEP][PASSED] - Statement - f2 = new java.io.FileWriter(RefNo, false): null

2018-12-17 14:16:46 - [TEST_STEP][PASSED] - Statement - f2.write(CaseReferenceNo): null

2018-12-17 14:16:46 - [TEST_STEP][PASSED] - Statement - f2.close(): null

2018-12-17 14:16:46 - [TEST_STEP][PASSED] - Statement - out.println("


" + CaseReferenceNo + "


"): null

2018-12-17 14:16:46 - [MESSAGE][PASSED] - Call Test Case 'Test Cases/Final Aug 2018 - PKS Automation/Common/Reference Number Setter' successfully

2018-12-17 14:16:46 - [TEST_STEP][PASSED] - delay: Delayed 2 second(s)

2018-12-17 14:16:48 - [MESSAGE][PASSED] - Delayed 2 second(s)

2018-12-17 14:16:48 - [TEST_STEP][PASSED] - click: Object: 'Object Repository/Final Object Repo/Page_Form 3 EIS - Cessation as Employer/Save  Continue in Uploading Page' is clicked on

2018-12-17 14:16:49 - [MESSAGE][PASSED] - Object: 'Object Repository/Final Object Repo/Page_Form 3 EIS - Cessation as Employer/Save  Continue in Uploading Page' is clicked on

2018-12-17 14:16:49 - [TEST_STEP][PASSED] - delay: Delayed 2 second(s)

2018-12-17 14:16:51 - [MESSAGE][PASSED] - Delayed 2 second(s)

2018-12-17 14:16:51 - [TEST_STEP][PASSED] - click: Object: 'Object Repository/Final Object Repo/Page_Form 3 EIS - Cessation as Employer/Submit' is clicked on

2018-12-17 14:16:53 - [MESSAGE][PASSED] - Object: 'Object Repository/Final Object Repo/Page_Form 3 EIS - Cessation as Employer/Submit' is clicked on

2018-12-17 14:16:53 - [TEST_STEP][PASSED] - delay: Delayed 2 second(s)

2018-12-17 14:16:55 - [MESSAGE][PASSED] - Delayed 2 second(s)

2018-12-17 14:16:55 - [TEST_STEP][PASSED] - click: Object: 'Object Repository/Final Object Repo/Page_Form 3 EIS - Cessation as Employer/Confirm' is clicked on

2018-12-17 14:16:56 - [MESSAGE][PASSED] - Object: 'Object Repository/Final Object Repo/Page_Form 3 EIS - Cessation as Employer/Confirm' is clicked on

2018-12-17 14:16:56 - [TEST_STEP][PASSED] - delay: Delayed 2 second(s)

2018-12-17 14:16:58 - [MESSAGE][PASSED] - Delayed 2 second(s)

2018-12-17 14:16:58 - [TEST_STEP][PASSED] - click: Object: 'Object Repository/Final Object Repo/Page_Form 3 EIS - Cessation as Employer/Message Your Request will be routed to UO' is clicked on

2018-12-17 14:17:01 - [MESSAGE][PASSED] - Object: 'Object Repository/Final Object Repo/Page_Form 3 EIS - Cessation as Employer/Message Your Request will be routed to UO' is clicked on

2018-12-17 14:17:01 - [TEST_STEP][PASSED] - click: Object: 'Object Repository/Final Object Repo/Page_Form 3 EIS - Cessation as Employer/Letter of acknowledgement' is clicked on

2018-12-17 14:17:02 - [MESSAGE][PASSED] - Object: 'Object Repository/Final Object Repo/Page_Form 3 EIS - Cessation as Employer/Letter of acknowledgement' is clicked on

2018-12-17 14:17:02 - [MESSAGE][PASSED] - Call Test Case 'Test Cases/Final Aug 2018 - PKS Automation/Registration Module/Workflow/Form 3 EIS - Cessation As Employer/Template/Form 3 A - Cessation As Employer (OTC)' successfully

2018-12-17 14:17:02 - [TEST_STEP][PASSED] - callTestCase: Call Test Case 'Test Cases/Final Aug 2018 - PKS Automation/Registration Module/Workflow/Form 3 EIS - Cessation As Employer/Template/Form 3 A - Cessation As Employer (Query)' successfully

2018-12-17 14:17:02 - [TEST_CASE][PASSED] - Test Cases/Final Aug 2018 - PKS Automation/Registration Module/Workflow/Form 3 EIS - Cessation As Employer/Template/Form 3 A - Cessation As Employer (Query): Test Cases/Final Aug 2018 - PKS Automation/Registration Module/Workflow/Form 3 EIS - Cessation As Employer/Template/Form 3 A - Cessation As Employer (Query)

2018-12-17 14:17:02 - [TEST_STEP][NOT_RUN] - callTestCase: NOT_RUN: callTestCase

2018-12-17 14:17:02 - [MESSAGE][NOT_RUN] - NOT_RUN: callTestCase

2018-12-17 14:17:02 - [TEST_STEP][PASSED] - delay: Delayed 1 second(s)

2018-12-17 14:17:03 - [MESSAGE][PASSED] - Delayed 1 second(s)

2018-12-17 14:17:03 - [TEST_STEP][PASSED] - navigateToUrl: Navigate to 'https://assist2-uat.perkeso.gov.my/c/portal/logout' successfully

2018-12-17 14:17:04 - [MESSAGE][PASSED] - Navigate to 'https://assist2-uat.perkeso.gov.my/c/portal/logout' successfully

2018-12-17 14:17:04 - [TEST_STEP][PASSED] - delay: Delayed 1 second(s)

2018-12-17 14:17:05 - [MESSAGE][PASSED] - Delayed 1 second(s)

2018-12-17 14:17:05 - [TEST_STEP][PASSED] - callTestCase: Call Test Case 'Test Cases/Final Aug 2018 - PKS Automation/Common/Reference Number Getter' successfully

2018-12-17 14:17:05 - [TEST_CASE][PASSED] - Test Cases/Final Aug 2018 - PKS Automation/Common/Reference Number Getter: Test Cases/Final Aug 2018 - PKS Automation/Common/Reference Number Getter

2018-12-17 14:17:05 - [TEST_STEP][PASSED] - Statement - Try: null

2018-12-17 14:17:05 - [TEST_STEP][PASSED] - Statement - RefNo = new java.io.File(C://Users//Admin//Desktop//PKS//Automation Reference Point//KatalonReference.txt): null

2018-12-17 14:17:05 - [TEST_STEP][PASSED] - Statement - bufferread = new java.io.BufferedReader(new java.io.FileReader(RefNo)): null

2018-12-17 14:17:05 - [TEST_STEP][PASSED] - Statement - readedVal = bufferread.readLine(): null

2018-12-17 14:17:05 - [TEST_STEP][PASSED] - Statement - out.println(CaseReferenceNo): null

2018-12-17 14:17:05 - [TEST_STEP][PASSED] - Statement - out.println(readedVal): null

2018-12-17 14:17:05 - [TEST_STEP][PASSED] - Statement - CaseReferenceNo = "": null

2018-12-17 14:17:05 - [TEST_STEP][PASSED] - Statement - CaseReferenceNo = readedVal: null

2018-12-17 14:17:05 - [MESSAGE][PASSED] - Call Test Case 'Test Cases/Final Aug 2018 - PKS Automation/Common/Reference Number Getter' successfully

2018-12-17 14:17:05 - [TEST_STEP][PASSED] - callTestCase: Call Test Case 'Test Cases/Final Aug 2018 - PKS Automation/Common/Workflow Owner Finder' successfully

2018-12-17 14:17:05 - [TEST_CASE][PASSED] - Test Cases/Final Aug 2018 - PKS Automation/Common/Workflow Owner Finder: Test Cases/Final Aug 2018 - PKS Automation/Common/Workflow Owner Finder

2018-12-17 14:17:05 - [TEST_STEP][PASSED] - openBrowser: Browser is opened with url: ''

2018-12-17 14:17:05 - [MESSAGE][WARNING] - A browser is already opened. Closing browser and opening a new one

2018-12-17 14:17:08 - [MESSAGE][PASSED] - Browser is opened with url: ''

2018-12-17 14:17:08 - [TEST_STEP][PASSED] - navigateToUrl: Navigate to 'https://assist2-uat.perkeso.gov.my/login' successfully

2018-12-17 14:17:09 - [MESSAGE][PASSED] - Navigate to 'https://assist2-uat.perkeso.gov.my/login' successfully

2018-12-17 14:17:09 - [TEST_STEP][PASSED] - delay: Delayed 5 second(s)

2018-12-17 14:17:14 - [MESSAGE][PASSED] - Delayed 5 second(s)

2018-12-17 14:17:14 - [TEST_STEP][PASSED] - setText: Text 'test@liferay.com' is set on object 'Object Repository/Final Object Repo/Login Page/Internal User/Email Address'

2018-12-17 14:17:15 - [MESSAGE][PASSED] - Text 'test@liferay.com' is set on object 'Object Repository/Final Object Repo/Login Page/Internal User/Email Address'

2018-12-17 14:17:15 - [TEST_STEP][PASSED] - click: Object: 'Object Repository/Final Object Repo/Login Page/Internal User/Next Button' is clicked on

2018-12-17 14:17:15 - [MESSAGE][PASSED] - Object: 'Object Repository/Final Object Repo/Login Page/Internal User/Next Button' is clicked on

2018-12-17 14:17:15 - [TEST_STEP][PASSED] - delay: Delayed 2 second(s)

2018-12-17 14:17:17 - [MESSAGE][PASSED] - Delayed 2 second(s)

2018-12-17 14:17:17 - [TEST_STEP][PASSED] - setText: Text 'test' is set on object 'Object Repository/Final Object Repo/Login Page/Internal User/Password'

2018-12-17 14:17:17 - [MESSAGE][PASSED] - Text 'test' is set on object 'Object Repository/Final Object Repo/Login Page/Internal User/Password'

2018-12-17 14:17:17 - [TEST_STEP][PASSED] - delay: Delayed 2 second(s)

2018-12-17 14:17:19 - [MESSAGE][PASSED] - Delayed 2 second(s)

2018-12-17 14:17:19 - [TEST_STEP][PASSED] - click: Object: 'Object Repository/Final Object Repo/Login Page/Internal User/Login Button' is clicked on

2018-12-17 14:17:19 - [MESSAGE][PASSED] - Object: 'Object Repository/Final Object Repo/Login Page/Internal User/Login Button' is clicked on

2018-12-17 14:17:19 - [TEST_STEP][PASSED] - Statement - tester = com.kms.katalon.core.testobject.ObjectRepository.findTestObject(Final Object Repo/Landing Page/Select to English): Finding Test Object with id 'Object Repository/Final Object Repo/Landing Page/Select to English'

2018-12-17 14:17:19 - [TEST_STEP][PASSED] - Statement - Try: Delayed 2 second(s)

2018-12-17 14:17:19 - [TEST_STEP][PASSED] - Statement - Checker = com.kms.katalon.core.webui.keyword.WebUiBuiltInKeywords.verifyElementNotPresent(tester, 3): Web element with id: 'Object Repository/Final Object Repo/Landing Page/Select to English' located by 'By.xpath: //a[@class = 'taglib-language-list-text' and @lang = 'en-US' and (contains(text(), 'EN') or contains(., 'EN'))]' is not present after '3' second(s)

2018-12-17 14:17:21 - [MESSAGE][PASSED] - Web element with id: 'Object Repository/Final Object Repo/Landing Page/Select to English' located by 'By.xpath: //a[@class = 'taglib-language-list-text' and @lang = 'en-US' and (contains(text(), 'EN') or contains(., 'EN'))]' is not present after '3' second(s)

2018-12-17 14:17:21 - [TEST_STEP][PASSED] - Statement - If (Checker == false): null

2018-12-17 14:17:21 - [TEST_STEP][PASSED] - delay: Delayed 2 second(s)

2018-12-17 14:17:23 - [MESSAGE][PASSED] - Delayed 2 second(s)

2018-12-17 14:17:23 - [TEST_STEP][PASSED] - delay: Delayed 5 second(s)

2018-12-17 14:17:28 - [MESSAGE][PASSED] - Delayed 5 second(s)

2018-12-17 14:17:28 - [TEST_STEP][PASSED] - mouseOver: Object: 'Object Repository/Final Object Repo/Landing Page/WorkFlow Menu' is hovered

2018-12-17 14:17:28 - [MESSAGE][PASSED] - Object: 'Object Repository/Final Object Repo/Landing Page/WorkFlow Menu' is hovered

2018-12-17 14:17:28 - [TEST_STEP][PASSED] - delay: Delayed 2 second(s)

2018-12-17 14:17:30 - [MESSAGE][PASSED] - Delayed 2 second(s)

2018-12-17 14:17:30 - [TEST_STEP][PASSED] - click: Object: 'Object Repository/Final Object Repo/Landing Page/Select to Workflow Listing' is clicked on

2018-12-17 14:17:31 - [MESSAGE][PASSED] - Object: 'Object Repository/Final Object Repo/Landing Page/Select to Workflow Listing' is clicked on

2018-12-17 14:17:31 - [TEST_STEP][PASSED] - delay: Delayed 2 second(s)

2018-12-17 14:17:33 - [MESSAGE][PASSED] - Delayed 2 second(s)

2018-12-17 14:17:33 - [TEST_STEP][PASSED] - click: Object: 'Object Repository/Final Object Repo/WorkFlow Listing Page/Search Information - To Put Ref No' is clicked on

2018-12-17 14:17:34 - [MESSAGE][PASSED] - Object: 'Object Repository/Final Object Repo/WorkFlow Listing Page/Search Information - To Put Ref No' is clicked on

2018-12-17 14:17:34 - [TEST_STEP][PASSED] - delay: Delayed 2 second(s)

2018-12-17 14:17:36 - [MESSAGE][PASSED] - Delayed 2 second(s)

2018-12-17 14:17:36 - [TEST_STEP][PASSED] - callTestCase: Call Test Case 'Test Cases/Final Aug 2018 - PKS Automation/Common/Reference Number Getter' successfully

2018-12-17 14:17:36 - [TEST_CASE][PASSED] - Test Cases/Final Aug 2018 - PKS Automation/Common/Reference Number Getter: Test Cases/Final Aug 2018 - PKS Automation/Common/Reference Number Getter

2018-12-17 14:17:36 - [TEST_STEP][PASSED] - Statement - Try: null

2018-12-17 14:17:36 - [TEST_STEP][PASSED] - Statement - RefNo = new java.io.File(C://Users//Admin//Desktop//PKS//Automation Reference Point//KatalonReference.txt): null

2018-12-17 14:17:36 - [TEST_STEP][PASSED] - Statement - bufferread = new java.io.BufferedReader(new java.io.FileReader(RefNo)): null

2018-12-17 14:17:36 - [TEST_STEP][PASSED] - Statement - readedVal = bufferread.readLine(): null

2018-12-17 14:17:36 - [TEST_STEP][PASSED] - Statement - out.println(CaseReferenceNo): null

2018-12-17 14:17:36 - [TEST_STEP][PASSED] - Statement - out.println(readedVal): null

2018-12-17 14:17:36 - [TEST_STEP][PASSED] - Statement - CaseReferenceNo = "": null

2018-12-17 14:17:36 - [TEST_STEP][PASSED] - Statement - CaseReferenceNo = readedVal: null

2018-12-17 14:17:36 - [MESSAGE][PASSED] - Call Test Case 'Test Cases/Final Aug 2018 - PKS Automation/Common/Reference Number Getter' successfully

2018-12-17 14:17:36 - [TEST_STEP][PASSED] - setText: Text 'ERN122018C200002461' is set on object 'Object Repository/Final Object Repo/WorkFlow Listing Page/Ref No Set Text'

2018-12-17 14:17:36 - [MESSAGE][PASSED] - Text 'ERN122018C200002461' is set on object 'Object Repository/Final Object Repo/WorkFlow Listing Page/Ref No Set Text'

2018-12-17 14:17:36 - [TEST_STEP][PASSED] - delay: Delayed 2 second(s)

2018-12-17 14:17:38 - [MESSAGE][PASSED] - Delayed 2 second(s)

2018-12-17 14:17:38 - [TEST_STEP][PASSED] - click: Object: 'Object Repository/Final Object Repo/WorkFlow Listing Page/Search Ref No Search Button' is clicked on

2018-12-17 14:17:38 - [MESSAGE][PASSED] - Object: 'Object Repository/Final Object Repo/WorkFlow Listing Page/Search Ref No Search Button' is clicked on

2018-12-17 14:17:38 - [TEST_STEP][PASSED] - delay: Delayed 6 second(s)

2018-12-17 14:17:44 - [MESSAGE][PASSED] - Delayed 6 second(s)

2018-12-17 14:17:44 - [TEST_STEP][PASSED] - click: Object: 'Object Repository/Final Object Repo/WorkFlow Listing Page/Click Continue Tooltip' is clicked on

2018-12-17 14:17:46 - [MESSAGE][PASSED] - Object: 'Object Repository/Final Object Repo/WorkFlow Listing Page/Click Continue Tooltip' is clicked on

2018-12-17 14:17:46 - [TEST_STEP][PASSED] - delay: Delayed 5 second(s)

2018-12-17 14:17:51 - [MESSAGE][PASSED] - Delayed 5 second(s)

2018-12-17 14:17:51 - [TEST_STEP][PASSED] - doubleClick: Object: 'Object Repository/Final Object Repo/WorkFlow Listing Page/Workflow Found - Listing 1' is double clicked on

2018-12-17 14:17:51 - [MESSAGE][PASSED] - Object: 'Object Repository/Final Object Repo/WorkFlow Listing Page/Workflow Found - Listing 1' is double clicked on

2018-12-17 14:17:51 - [TEST_STEP][PASSED] - Statement - println(OwnerID): null

2018-12-17 14:17:51 - [TEST_STEP][PASSED] - Statement - OwnerID = com.kms.katalon.core.webui.keyword.WebUiBuiltInKeywords.getText(com.kms.katalon.core.testobject.ObjectRepository.findTestObject(Final Object Repo/WorkFlow Listing Page/Workflow Found - Listing 1), STOP_ON_FAILURE): Text of object 'Object Repository/Final Object Repo/WorkFlow Listing Page/Workflow Found - Listing 1' is: 'JOHORuo3'

2018-12-17 14:17:51 - [MESSAGE][PASSED] - Text of object 'Object Repository/Final Object Repo/WorkFlow Listing Page/Workflow Found - Listing 1' is: 'JOHORuo3'

2018-12-17 14:17:51 - [TEST_STEP][PASSED] - Statement - OwnerID = OwnerID.toLowerCase() + "@gmail.com": null

2018-12-17 14:17:51 - [TEST_STEP][PASSED] - Statement - println(OwnerID): null

2018-12-17 14:17:51 - [TEST_STEP][PASSED] - delay: Delayed 2 second(s)

2018-12-17 14:17:53 - [MESSAGE][PASSED] - Delayed 2 second(s)

2018-12-17 14:17:53 - [MESSAGE][PASSED] - Call Test Case 'Test Cases/Final Aug 2018 - PKS Automation/Common/Workflow Owner Finder' successfully

2018-12-17 14:17:53 - [TEST_STEP][PASSED] - delay: Delayed 1 second(s)

2018-12-17 14:17:54 - [MESSAGE][PASSED] - Delayed 1 second(s)

2018-12-17 14:17:54 - [TEST_STEP][PASSED] - navigateToUrl: Navigate to 'https://assist2-uat.perkeso.gov.my/c/portal/logout' successfully

2018-12-17 14:17:55 - [MESSAGE][PASSED] - Navigate to 'https://assist2-uat.perkeso.gov.my/c/portal/logout' successfully

2018-12-17 14:17:55 - [TEST_STEP][PASSED] - delay: Delayed 1 second(s)

2018-12-17 14:17:56 - [MESSAGE][PASSED] - Delayed 1 second(s)

2018-12-17 14:17:56 - [TEST_STEP][PASSED] - callTestCase: Call Test Case 'Test Cases/Final Aug 2018 - PKS Automation/Registration Module/Workflow/Login and Search Case For Workflow' successfully

2018-12-17 14:17:56 - [TEST_CASE][PASSED] - Test Cases/Final Aug 2018 - PKS Automation/Registration Module/Workflow/Login and Search Case For Workflow: Test Cases/Final Aug 2018 - PKS Automation/Registration Module/Workflow/Login and Search Case For Workflow

2018-12-17 14:17:56 - [TEST_STEP][PASSED] - navigateToUrl: Navigate to 'https://assist2-uat.perkeso.gov.my/login' successfully

2018-12-17 14:17:57 - [MESSAGE][PASSED] - Navigate to 'https://assist2-uat.perkeso.gov.my/login' successfully

2018-12-17 14:17:57 - [TEST_STEP][PASSED] - setText: Text 'johoruo3@gmail.com' is set on object 'Object Repository/Final Object Repo/Login Page/Internal User/Email Address'

2018-12-17 14:17:57 - [MESSAGE][PASSED] - Text 'johoruo3@gmail.com' is set on object 'Object Repository/Final Object Repo/Login Page/Internal User/Email Address'

2018-12-17 14:17:57 - [TEST_STEP][PASSED] - click: Object: 'Object Repository/Final Object Repo/Login Page/Internal User/Next Button' is clicked on

2018-12-17 14:17:57 - [MESSAGE][PASSED] - Object: 'Object Repository/Final Object Repo/Login Page/Internal User/Next Button' is clicked on

2018-12-17 14:17:57 - [TEST_STEP][PASSED] - delay: Delayed 1 second(s)

2018-12-17 14:17:58 - [MESSAGE][PASSED] - Delayed 1 second(s)

2018-12-17 14:17:58 - [TEST_STEP][PASSED] - setEncryptedText: Text ****** has been set on object 'Object Repository/Final Object Repo/Login Page/Internal User/Password'

2018-12-17 14:17:59 - [MESSAGE][PASSED] - Text ****** has been set on object 'Object Repository/Final Object Repo/Login Page/Internal User/Password'

2018-12-17 14:17:59 - [TEST_STEP][PASSED] - click: Object: 'Object Repository/Final Object Repo/Login Page/Internal User/Login Button' is clicked on

2018-12-17 14:17:59 - [MESSAGE][PASSED] - Object: 'Object Repository/Final Object Repo/Login Page/Internal User/Login Button' is clicked on

2018-12-17 14:17:59 - [TEST_STEP][PASSED] - delay: Delayed 2 second(s)

2018-12-17 14:18:01 - [MESSAGE][PASSED] - Delayed 2 second(s)

2018-12-17 14:18:01 - [TEST_STEP][PASSED] - Statement - Try: Delayed 2 second(s)

2018-12-17 14:18:01 - [TEST_STEP][PASSED] - Statement - Checker = false: null

2018-12-17 14:18:01 - [TEST_STEP][PASSED] - Statement - Checker = com.kms.katalon.core.webui.keyword.WebUiBuiltInKeywords.verifyElementHasAttribute(com.kms.katalon.core.testobject.ObjectRepository.findTestObject(Final Object Repo/Landing Page/BM Detecting), "href", 20, OPTIONAL): Object 'Object Repository/Final Object Repo/Landing Page/BM Detecting' has attribute 'href'

2018-12-17 14:18:01 - [MESSAGE][PASSED] - Object 'Object Repository/Final Object Repo/Landing Page/BM Detecting' has attribute 'href'

2018-12-17 14:18:01 - [TEST_STEP][PASSED] - Statement - out.println(Checker): null

2018-12-17 14:18:01 - [TEST_STEP][PASSED] - Statement - If (Checker == false): null

2018-12-17 14:18:01 - [TEST_STEP][PASSED] - Statement - Else: null

2018-12-17 14:18:01 - [TEST_STEP][PASSED] - delay: Delayed 2 second(s)

2018-12-17 14:18:03 - [MESSAGE][PASSED] - Delayed 2 second(s)

2018-12-17 14:18:03 - [TEST_STEP][PASSED] - click: Object: 'Object Repository/Final Object Repo/Page_MyASSIST - ASSIST - Search Pending Case For Add Supporting Document/Search Information' is clicked on

2018-12-17 14:18:03 - [MESSAGE][PASSED] - Object: 'Object Repository/Final Object Repo/Page_MyASSIST - ASSIST - Search Pending Case For Add Supporting Document/Search Information' is clicked on

2018-12-17 14:18:03 - [TEST_STEP][PASSED] - delay: Delayed 3 second(s)

2018-12-17 14:18:06 - [MESSAGE][PASSED] - Delayed 3 second(s)

2018-12-17 14:18:06 - [TEST_STEP][PASSED] - sendKeys: Keys 'ERN122018C200002461' sent to object: 'Object Repository/Final Object Repo/Page_MyASSIST - ASSIST - Search Pending Case For Add Supporting Document/Reference No'

2018-12-17 14:18:06 - [MESSAGE][PASSED] - Keys 'ERN122018C200002461' sent to object: 'Object Repository/Final Object Repo/Page_MyASSIST - ASSIST - Search Pending Case For Add Supporting Document/Reference No'

2018-12-17 14:18:06 - [TEST_STEP][PASSED] - click: Object: 'Object Repository/Final Object Repo/Page_MyASSIST - ASSIST - Search Pending Case For Add Supporting Document/Search Reference No' is clicked on

2018-12-17 14:18:07 - [MESSAGE][PASSED] - Object: 'Object Repository/Final Object Repo/Page_MyASSIST - ASSIST - Search Pending Case For Add Supporting Document/Search Reference No' is clicked on

2018-12-17 14:18:07 - [TEST_STEP][PASSED] - delay: Delayed 2 second(s)

2018-12-17 14:18:09 - [MESSAGE][PASSED] - Delayed 2 second(s)

2018-12-17 14:18:09 - [TEST_STEP][PASSED] - click: Object: 'Object Repository/Final Object Repo/Page_MyASSIST - ASSIST - Search Pending Case For Add Supporting Document/Continue' is clicked on

2018-12-17 14:18:12 - [MESSAGE][PASSED] - Object: 'Object Repository/Final Object Repo/Page_MyASSIST - ASSIST - Search Pending Case For Add Supporting Document/Continue' is clicked on

2018-12-17 14:18:12 - [TEST_STEP][PASSED] - delay: Delayed 20 second(s)

2018-12-17 14:18:32 - [MESSAGE][PASSED] - Delayed 20 second(s)

2018-12-17 14:18:32 - [MESSAGE][PASSED] - Call Test Case 'Test Cases/Final Aug 2018 - PKS Automation/Registration Module/Workflow/Login and Search Case For Workflow' successfully

2018-12-17 14:18:32 - [TEST_STEP][PASSED] - click: Object: 'Object Repository/Final Object Repo/Page_Form 3 EIS - Cessation as Employer/Page_Form 3 EIS - Cessation as Employer (Approve)/Save  Continue in Form 3 Page' is clicked on

2018-12-17 14:18:32 - [MESSAGE][PASSED] - Object: 'Object Repository/Final Object Repo/Page_Form 3 EIS - Cessation as Employer/Page_Form 3 EIS - Cessation as Employer (Approve)/Save  Continue in Form 3 Page' is clicked on

2018-12-17 14:18:32 - [TEST_STEP][PASSED] - delay: Delayed 4 second(s)

2018-12-17 14:18:36 - [MESSAGE][PASSED] - Delayed 4 second(s)

2018-12-17 14:18:36 - [TEST_STEP][PASSED] - click: Object: 'Object Repository/Final Object Repo/Page_Form 3 EIS - Cessation as Employer/Page_Form 3 EIS - Cessation as Employer (Approve)/Save  Continue in Resigned Page' is clicked on

2018-12-17 14:18:37 - [MESSAGE][PASSED] - Object: 'Object Repository/Final Object Repo/Page_Form 3 EIS - Cessation as Employer/Page_Form 3 EIS - Cessation as Employer (Approve)/Save  Continue in Resigned Page' is clicked on

2018-12-17 14:18:37 - [TEST_STEP][PASSED] - delay: Delayed 2 second(s)

2018-12-17 14:18:39 - [MESSAGE][PASSED] - Delayed 2 second(s)

2018-12-17 14:18:39 - [TEST_STEP][PASSED] - setText: Text 'Remark' is set on object 'Object Repository/Final Object Repo/Page_Form 3 EIS - Cessation as Employer/Page_Form 3 EIS - Cessation as Employer (Query)/Query - Remark'

2018-12-17 14:18:40 - [MESSAGE][PASSED] - Text 'Remark' is set on object 'Object Repository/Final Object Repo/Page_Form 3 EIS - Cessation as Employer/Page_Form 3 EIS - Cessation as Employer (Query)/Query - Remark'

2018-12-17 14:18:40 - [TEST_STEP][PASSED] - delay: Delayed 2 second(s)

2018-12-17 14:18:42 - [MESSAGE][PASSED] - Delayed 2 second(s)

2018-12-17 14:18:42 - [TEST_STEP][PASSED] - click: Object: 'Object Repository/Final Object Repo/Page_Form 3 EIS - Cessation as Employer/Page_Form 3 EIS - Cessation as Employer (Query)/Save  Continue' is clicked on

2018-12-17 14:18:42 - [MESSAGE][PASSED] - Object: 'Object Repository/Final Object Repo/Page_Form 3 EIS - Cessation as Employer/Page_Form 3 EIS - Cessation as Employer (Query)/Save  Continue' is clicked on

2018-12-17 14:18:42 - [TEST_STEP][PASSED] - delay: Delayed 2 second(s)

2018-12-17 14:18:44 - [MESSAGE][PASSED] - Delayed 2 second(s)

2018-12-17 14:18:44 - [TEST_STEP][PASSED] - click: Object: 'Object Repository/Final Object Repo/Page_Form 3 EIS - Cessation as Employer/Page_Form 3 EIS - Cessation as Employer (Query)/Query' is clicked on

2018-12-17 14:18:47 - [MESSAGE][PASSED] - Object: 'Object Repository/Final Object Repo/Page_Form 3 EIS - Cessation as Employer/Page_Form 3 EIS - Cessation as Employer (Query)/Query' is clicked on

2018-12-17 14:18:47 - [TEST_STEP][PASSED] - delay: Delayed 2 second(s)

2018-12-17 14:18:49 - [MESSAGE][PASSED] - Delayed 2 second(s)

2018-12-17 14:18:49 - [TEST_STEP][PASSED] - click: Object: 'Object Repository/Final Object Repo/Page_Form 3 EIS - Cessation as Employer/Page_Form 3 EIS - Cessation as Employer (Query)/Confirm' is clicked on

2018-12-17 14:18:56 - [MESSAGE][PASSED] - Object: 'Object Repository/Final Object Repo/Page_Form 3 EIS - Cessation as Employer/Page_Form 3 EIS - Cessation as Employer (Query)/Confirm' is clicked on

2018-12-17 14:18:56 - [TEST_STEP][PASSED] - delay: Delayed 2 second(s)

2018-12-17 14:18:58 - [MESSAGE][PASSED] - Delayed 2 second(s)

2018-12-17 14:18:58 - [TEST_STEP][PASSED] - click: Object: 'Object Repository/Final Object Repo/Page_Form 3 EIS - Cessation as Employer/Page_Form 3 EIS - Cessation as Employer (Query)/Message The Case Is Under Query' is clicked on

2018-12-17 14:18:58 - [MESSAGE][PASSED] - Object: 'Object Repository/Final Object Repo/Page_Form 3 EIS - Cessation as Employer/Page_Form 3 EIS - Cessation as Employer (Query)/Message The Case Is Under Query' is clicked on

2018-12-17 14:18:58 - [TEST_STEP][PASSED] - click: Object: 'Object Repository/Final Object Repo/Page_Form 3 EIS - Cessation as Employer/Page_Form 3 EIS - Cessation as Employer (Query)/Letter of inquiry' is clicked on

2018-12-17 14:18:58 - [MESSAGE][PASSED] - Object: 'Object Repository/Final Object Repo/Page_Form 3 EIS - Cessation as Employer/Page_Form 3 EIS - Cessation as Employer (Query)/Letter of inquiry' is clicked on

2018-12-17 14:18:58 - [TEST_STEP][PASSED] - delay: Delayed 1 second(s)

2018-12-17 14:18:59 - [MESSAGE][PASSED] - Delayed 1 second(s)

2018-12-17 14:18:59 - [TEST_STEP][PASSED] - navigateToUrl: Navigate to 'https://assist2-uat.perkeso.gov.my/c/portal/logout' successfully

2018-12-17 14:19:00 - [MESSAGE][PASSED] - Navigate to 'https://assist2-uat.perkeso.gov.my/c/portal/logout' successfully

2018-12-17 14:19:00 - [TEST_STEP][PASSED] - delay: Delayed 1 second(s)

2018-12-17 14:19:01 - [MESSAGE][PASSED] - Delayed 1 second(s)

2018-12-17 14:19:01 - [TEST_STEP][PASSED] - callTestCase: Call Test Case 'Test Cases/Final Aug 2018 - PKS Automation/Registration Module/Workflow/Login and Search Case For Workflow' successfully

2018-12-17 14:19:01 - [TEST_CASE][PASSED] - Test Cases/Final Aug 2018 - PKS Automation/Registration Module/Workflow/Login and Search Case For Workflow: Test Cases/Final Aug 2018 - PKS Automation/Registration Module/Workflow/Login and Search Case For Workflow

2018-12-17 14:19:01 - [TEST_STEP][PASSED] - navigateToUrl: Navigate to 'https://assist2-uat.perkeso.gov.my/login' successfully

2018-12-17 14:19:02 - [MESSAGE][PASSED] - Navigate to 'https://assist2-uat.perkeso.gov.my/login' successfully

2018-12-17 14:19:02 - [TEST_STEP][PASSED] - setText: Text 'johoruo3@gmail.com' is set on object 'Object Repository/Final Object Repo/Login Page/Internal User/Email Address'

2018-12-17 14:19:02 - [MESSAGE][PASSED] - Text 'johoruo3@gmail.com' is set on object 'Object Repository/Final Object Repo/Login Page/Internal User/Email Address'

2018-12-17 14:19:02 - [TEST_STEP][PASSED] - click: Object: 'Object Repository/Final Object Repo/Login Page/Internal User/Next Button' is clicked on

2018-12-17 14:19:02 - [MESSAGE][PASSED] - Object: 'Object Repository/Final Object Repo/Login Page/Internal User/Next Button' is clicked on

2018-12-17 14:19:02 - [TEST_STEP][PASSED] - delay: Delayed 1 second(s)

2018-12-17 14:19:03 - [MESSAGE][PASSED] - Delayed 1 second(s)

2018-12-17 14:19:03 - [TEST_STEP][PASSED] - setEncryptedText: Text ****** has been set on object 'Object Repository/Final Object Repo/Login Page/Internal User/Password'

2018-12-17 14:19:03 - [MESSAGE][PASSED] - Text ****** has been set on object 'Object Repository/Final Object Repo/Login Page/Internal User/Password'

2018-12-17 14:19:03 - [TEST_STEP][PASSED] - click: Object: 'Object Repository/Final Object Repo/Login Page/Internal User/Login Button' is clicked on

2018-12-17 14:19:04 - [MESSAGE][PASSED] - Object: 'Object Repository/Final Object Repo/Login Page/Internal User/Login Button' is clicked on

2018-12-17 14:19:04 - [TEST_STEP][PASSED] - delay: Delayed 2 second(s)

2018-12-17 14:19:06 - [MESSAGE][PASSED] - Delayed 2 second(s)

2018-12-17 14:19:06 - [TEST_STEP][PASSED] - Statement - Try: Delayed 2 second(s)

2018-12-17 14:19:06 - [TEST_STEP][PASSED] - Statement - Checker = false: null

2018-12-17 14:19:06 - [TEST_STEP][PASSED] - Statement - Checker = com.kms.katalon.core.webui.keyword.WebUiBuiltInKeywords.verifyElementHasAttribute(com.kms.katalon.core.testobject.ObjectRepository.findTestObject(Final Object Repo/Landing Page/BM Detecting), "href", 20, OPTIONAL): Object 'Object Repository/Final Object Repo/Landing Page/BM Detecting' has attribute 'href'

2018-12-17 14:19:06 - [MESSAGE][PASSED] - Object 'Object Repository/Final Object Repo/Landing Page/BM Detecting' has attribute 'href'

2018-12-17 14:19:06 - [TEST_STEP][PASSED] - Statement - out.println(Checker): null

2018-12-17 14:19:06 - [TEST_STEP][PASSED] - Statement - If (Checker == false): null

2018-12-17 14:19:06 - [TEST_STEP][PASSED] - Statement - Else: null

2018-12-17 14:19:06 - [TEST_STEP][PASSED] - delay: Delayed 2 second(s)

2018-12-17 14:19:08 - [MESSAGE][PASSED] - Delayed 2 second(s)

2018-12-17 14:19:08 - [TEST_STEP][PASSED] - click: Object: 'Object Repository/Final Object Repo/Page_MyASSIST - ASSIST - Search Pending Case For Add Supporting Document/Search Information' is clicked on

2018-12-17 14:19:08 - [MESSAGE][PASSED] - Object: 'Object Repository/Final Object Repo/Page_MyASSIST - ASSIST - Search Pending Case For Add Supporting Document/Search Information' is clicked on

2018-12-17 14:19:08 - [TEST_STEP][PASSED] - delay: Delayed 3 second(s)

2018-12-17 14:19:11 - [MESSAGE][PASSED] - Delayed 3 second(s)

2018-12-17 14:19:11 - [TEST_STEP][PASSED] - sendKeys: Keys 'ERN122018C200002461' sent to object: 'Object Repository/Final Object Repo/Page_MyASSIST - ASSIST - Search Pending Case For Add Supporting Document/Reference No'

2018-12-17 14:19:11 - [MESSAGE][PASSED] - Keys 'ERN122018C200002461' sent to object: 'Object Repository/Final Object Repo/Page_MyASSIST - ASSIST - Search Pending Case For Add Supporting Document/Reference No'

2018-12-17 14:19:11 - [TEST_STEP][PASSED] - click: Object: 'Object Repository/Final Object Repo/Page_MyASSIST - ASSIST - Search Pending Case For Add Supporting Document/Search Reference No' is clicked on

2018-12-17 14:19:11 - [MESSAGE][PASSED] - Object: 'Object Repository/Final Object Repo/Page_MyASSIST - ASSIST - Search Pending Case For Add Supporting Document/Search Reference No' is clicked on

2018-12-17 14:19:11 - [TEST_STEP][PASSED] - delay: Delayed 2 second(s)

2018-12-17 14:19:13 - [MESSAGE][PASSED] - Delayed 2 second(s)

2018-12-17 14:19:13 - [TEST_STEP][PASSED] - click: Object: 'Object Repository/Final Object Repo/Page_MyASSIST - ASSIST - Search Pending Case For Add Supporting Document/Continue' is clicked on

2018-12-17 14:19:16 - [MESSAGE][PASSED] - Object: 'Object Repository/Final Object Repo/Page_MyASSIST - ASSIST - Search Pending Case For Add Supporting Document/Continue' is clicked on

2018-12-17 14:19:16 - [TEST_STEP][PASSED] - delay: Delayed 20 second(s)

2018-12-17 14:19:36 - [MESSAGE][PASSED] - Delayed 20 second(s)

2018-12-17 14:19:36 - [MESSAGE][PASSED] - Call Test Case 'Test Cases/Final Aug 2018 - PKS Automation/Registration Module/Workflow/Login and Search Case For Workflow' successfully

2018-12-17 14:19:36 - [TEST_STEP][PASSED] - navigateToUrl: Navigate to 'https://assist2-uat.perkeso.gov.my/web/registration/eis-update/form-3-eis-cessation-as-employer?p_p_id=searchforemployersip_WAR_registrationportlet&p_p_lifecycle=0&_searchforemployersip_WAR_registrationportlet_regViewKey=87&_searchforemployersip_WAR_registrationportlet_browserIdKey=1536115932192&_searchforemployersip_WAR_registrationportlet_tempEmployerIdKey=128990&_searchforemployersip_WAR_registrationportlet_employerIdKey=&_searchforemployersip_WAR_registrationportlet_refCaseNo=ERN092018C200002133&_searchforemployersip_WAR_registrationportlet_mvcPath=%2Fapps%2Freg%2Fdiscontinue_business_sip%2Fdiscontinue_business_sip_form.jsp&_searchforemployersip_WAR_registrationportlet_regSectionKey=215' successfully

2018-12-17 14:19:47 - [MESSAGE][PASSED] - Navigate to 'https://assist2-uat.perkeso.gov.my/web/registration/eis-update/form-3-eis-cessation-as-employer?p_p_id=searchforemployersip_WAR_registrationportlet&p_p_lifecycle=0&_searchforemployersip_WAR_registrationportlet_regViewKey=87&_searchforemployersip_WAR_registrationportlet_browserIdKey=1536115932192&_searchforemployersip_WAR_registrationportlet_tempEmployerIdKey=128990&_searchforemployersip_WAR_registrationportlet_employerIdKey=&_searchforemployersip_WAR_registrationportlet_refCaseNo=ERN092018C200002133&_searchforemployersip_WAR_registrationportlet_mvcPath=%2Fapps%2Freg%2Fdiscontinue_business_sip%2Fdiscontinue_business_sip_form.jsp&_searchforemployersip_WAR_registrationportlet_regSectionKey=215' successfully

2018-12-17 14:19:47 - [TEST_STEP][PASSED] - delay: Delayed 10 second(s)

2018-12-17 14:19:57 - [MESSAGE][PASSED] - Delayed 10 second(s)

2018-12-17 14:19:57 - [TEST_STEP][PASSED] - click: Object: 'Object Repository/Final Object Repo/Page_Form 3 EIS - Cessation as Employer/Page_Form 3 EIS - Cessation as Employer (Query - OTC - UO)/Next' is clicked on

2018-12-17 14:20:00 - [MESSAGE][PASSED] - Object: 'Object Repository/Final Object Repo/Page_Form 3 EIS - Cessation as Employer/Page_Form 3 EIS - Cessation as Employer (Query - OTC - UO)/Next' is clicked on

2018-12-17 14:20:00 - [TEST_STEP][PASSED] - delay: Delayed 2 second(s)

2018-12-17 14:20:02 - [MESSAGE][PASSED] - Delayed 2 second(s)

2018-12-17 14:20:02 - [TEST_STEP][PASSED] - click: Object: 'Object Repository/Final Object Repo/Page_Form 3 EIS - Cessation as Employer/Page_Form 3 EIS - Cessation as Employer (Query - OTC - UO)/Next in Resigned Page' is clicked on

2018-12-17 14:20:05 - [MESSAGE][PASSED] - Object: 'Object Repository/Final Object Repo/Page_Form 3 EIS - Cessation as Employer/Page_Form 3 EIS - Cessation as Employer (Query - OTC - UO)/Next in Resigned Page' is clicked on

2018-12-17 14:20:05 - [TEST_STEP][PASSED] - delay: Delayed 2 second(s)

2018-12-17 14:20:07 - [MESSAGE][PASSED] - Delayed 2 second(s)

2018-12-17 14:20:07 - [TEST_STEP][PASSED] - click: Object: 'Object Repository/Final Object Repo/Page_Form 3 EIS - Cessation as Employer/Page_Form 3 EIS - Cessation as Employer (Query - OTC - UO)/Add Document' is clicked on

2018-12-17 14:20:08 - [MESSAGE][PASSED] - Object: 'Object Repository/Final Object Repo/Page_Form 3 EIS - Cessation as Employer/Page_Form 3 EIS - Cessation as Employer (Query - OTC - UO)/Add Document' is clicked on

2018-12-17 14:20:08 - [TEST_STEP][PASSED] - delay: Delayed 2 second(s)

2018-12-17 14:20:10 - [MESSAGE][PASSED] - Delayed 2 second(s)

2018-12-17 14:20:10 - [TEST_STEP][PASSED] - click: Object: 'Object Repository/Final Object Repo/Page_Form 3 EIS - Cessation as Employer/Page_Form 3 EIS - Cessation as Employer (Query - OTC - UO)/Document Type' is clicked on

2018-12-17 14:20:11 - [MESSAGE][PASSED] - Object: 'Object Repository/Final Object Repo/Page_Form 3 EIS - Cessation as Employer/Page_Form 3 EIS - Cessation as Employer (Query - OTC - UO)/Document Type' is clicked on

2018-12-17 14:20:11 - [TEST_STEP][PASSED] - delay: Delayed 2 second(s)

2018-12-17 14:20:13 - [MESSAGE][PASSED] - Delayed 2 second(s)

2018-12-17 14:20:13 - [TEST_STEP][PASSED] - click: Object: 'Object Repository/Final Object Repo/Page_Form 3 EIS - Cessation as Employer/Page_Form 3 EIS - Cessation as Employer (Query - OTC - UO)/Document Type - Others' is clicked on

2018-12-17 14:20:13 - [MESSAGE][PASSED] - Object: 'Object Repository/Final Object Repo/Page_Form 3 EIS - Cessation as Employer/Page_Form 3 EIS - Cessation as Employer (Query - OTC - UO)/Document Type - Others' is clicked on

2018-12-17 14:20:13 - [TEST_STEP][PASSED] - delay: Delayed 2 second(s)

2018-12-17 14:20:15 - [MESSAGE][PASSED] - Delayed 2 second(s)

2018-12-17 14:20:15 - [TEST_STEP][PASSED] - sendKeys: Keys 'C:\Users\Public\Pictures\Sample Pictures\Koala.jpg' sent to object: 'Object Repository/Final Object Repo/Page_Form 3 EIS - Cessation as Employer/Page_Form 3 EIS - Cessation as Employer (Query - OTC - UO)/ploading File'

2018-12-17 14:20:15 - [MESSAGE][PASSED] - Keys 'C:\Users\Public\Pictures\Sample Pictures\Koala.jpg' sent to object: 'Object Repository/Final Object Repo/Page_Form 3 EIS - Cessation as Employer/Page_Form 3 EIS - Cessation as Employer (Query - OTC - UO)/ploading File'

2018-12-17 14:20:15 - [TEST_STEP][PASSED] - delay: Delayed 2 second(s)

2018-12-17 14:20:17 - [MESSAGE][PASSED] - Delayed 2 second(s)

2018-12-17 14:20:17 - [TEST_STEP][PASSED] - click: Object: 'Object Repository/Final Object Repo/Page_Form 3 EIS - Cessation as Employer/Page_Form 3 EIS - Cessation as Employer (Query - OTC - UO)/Add Document in Uploading Page' is clicked on

2018-12-17 14:20:18 - [MESSAGE][PASSED] - Object: 'Object Repository/Final Object Repo/Page_Form 3 EIS - Cessation as Employer/Page_Form 3 EIS - Cessation as Employer (Query - OTC - UO)/Add Document in Uploading Page' is clicked on

2018-12-17 14:20:18 - [TEST_STEP][PASSED] - delay: Delayed 2 second(s)

2018-12-17 14:20:20 - [MESSAGE][PASSED] - Delayed 2 second(s)

2018-12-17 14:20:20 - [TEST_STEP][PASSED] - click: Object: 'Object Repository/Final Object Repo/Page_Form 3 EIS - Cessation as Employer/Page_Form 3 EIS - Cessation as Employer (Query - OTC - UO)/Exit' is clicked on

2018-12-17 14:20:22 - [MESSAGE][PASSED] - Object: 'Object Repository/Final Object Repo/Page_Form 3 EIS - Cessation as Employer/Page_Form 3 EIS - Cessation as Employer (Query - OTC - UO)/Exit' is clicked on

2018-12-17 14:20:22 - [TEST_STEP][PASSED] - delay: Delayed 1 second(s)

2018-12-17 14:20:23 - [MESSAGE][PASSED] - Delayed 1 second(s)

2018-12-17 14:20:23 - [TEST_STEP][PASSED] - navigateToUrl: Navigate to 'https://assist2-uat.perkeso.gov.my/c/portal/logout' successfully

2018-12-17 14:20:24 - [MESSAGE][PASSED] - Navigate to 'https://assist2-uat.perkeso.gov.my/c/portal/logout' successfully

2018-12-17 14:20:24 - [TEST_STEP][PASSED] - delay: Delayed 1 second(s)

2018-12-17 14:20:25 - [MESSAGE][PASSED] - Delayed 1 second(s)

2018-12-17 14:20:25 - [TEST_STEP][PASSED] - callTestCase: Call Test Case 'Test Cases/Final Aug 2018 - PKS Automation/Registration Module/Workflow/Login and Search Case For Workflow' successfully

2018-12-17 14:20:25 - [TEST_CASE][PASSED] - Test Cases/Final Aug 2018 - PKS Automation/Registration Module/Workflow/Login and Search Case For Workflow: Test Cases/Final Aug 2018 - PKS Automation/Registration Module/Workflow/Login and Search Case For Workflow

2018-12-17 14:20:25 - [TEST_STEP][PASSED] - navigateToUrl: Navigate to 'https://assist2-uat.perkeso.gov.my/login' successfully

2018-12-17 14:20:26 - [MESSAGE][PASSED] - Navigate to 'https://assist2-uat.perkeso.gov.my/login' successfully

2018-12-17 14:20:26 - [TEST_STEP][PASSED] - setText: Text 'johoruo3@gmail.com' is set on object 'Object Repository/Final Object Repo/Login Page/Internal User/Email Address'

2018-12-17 14:20:26 - [MESSAGE][PASSED] - Text 'johoruo3@gmail.com' is set on object 'Object Repository/Final Object Repo/Login Page/Internal User/Email Address'

2018-12-17 14:20:26 - [TEST_STEP][PASSED] - click: Object: 'Object Repository/Final Object Repo/Login Page/Internal User/Next Button' is clicked on

2018-12-17 14:20:26 - [MESSAGE][PASSED] - Object: 'Object Repository/Final Object Repo/Login Page/Internal User/Next Button' is clicked on

2018-12-17 14:20:26 - [TEST_STEP][PASSED] - delay: Delayed 1 second(s)

2018-12-17 14:20:27 - [MESSAGE][PASSED] - Delayed 1 second(s)

2018-12-17 14:20:27 - [TEST_STEP][PASSED] - setEncryptedText: Text ****** has been set on object 'Object Repository/Final Object Repo/Login Page/Internal User/Password'

2018-12-17 14:20:27 - [MESSAGE][PASSED] - Text ****** has been set on object 'Object Repository/Final Object Repo/Login Page/Internal User/Password'

2018-12-17 14:20:27 - [TEST_STEP][PASSED] - click: Object: 'Object Repository/Final Object Repo/Login Page/Internal User/Login Button' is clicked on

2018-12-17 14:20:28 - [MESSAGE][PASSED] - Object: 'Object Repository/Final Object Repo/Login Page/Internal User/Login Button' is clicked on

2018-12-17 14:20:28 - [TEST_STEP][PASSED] - delay: Delayed 2 second(s)

2018-12-17 14:20:30 - [MESSAGE][PASSED] - Delayed 2 second(s)

2018-12-17 14:20:30 - [TEST_STEP][PASSED] - Statement - Try: Delayed 2 second(s)

2018-12-17 14:20:30 - [TEST_STEP][PASSED] - Statement - Checker = false: null

2018-12-17 14:20:30 - [TEST_STEP][PASSED] - Statement - Checker = com.kms.katalon.core.webui.keyword.WebUiBuiltInKeywords.verifyElementHasAttribute(com.kms.katalon.core.testobject.ObjectRepository.findTestObject(Final Object Repo/Landing Page/BM Detecting), "href", 20, OPTIONAL): Object 'Object Repository/Final Object Repo/Landing Page/BM Detecting' has attribute 'href'

2018-12-17 14:20:30 - [MESSAGE][PASSED] - Object 'Object Repository/Final Object Repo/Landing Page/BM Detecting' has attribute 'href'

2018-12-17 14:20:30 - [TEST_STEP][PASSED] - Statement - out.println(Checker): null

2018-12-17 14:20:30 - [TEST_STEP][PASSED] - Statement - If (Checker == false): null

2018-12-17 14:20:30 - [TEST_STEP][PASSED] - Statement - Else: null

2018-12-17 14:20:30 - [TEST_STEP][PASSED] - delay: Delayed 2 second(s)

2018-12-17 14:20:32 - [MESSAGE][PASSED] - Delayed 2 second(s)

2018-12-17 14:20:32 - [TEST_STEP][PASSED] - click: Object: 'Object Repository/Final Object Repo/Page_MyASSIST - ASSIST - Search Pending Case For Add Supporting Document/Search Information' is clicked on

2018-12-17 14:20:32 - [MESSAGE][PASSED] - Object: 'Object Repository/Final Object Repo/Page_MyASSIST - ASSIST - Search Pending Case For Add Supporting Document/Search Information' is clicked on

2018-12-17 14:20:32 - [TEST_STEP][PASSED] - delay: Delayed 3 second(s)

2018-12-17 14:20:35 - [MESSAGE][PASSED] - Delayed 3 second(s)

2018-12-17 14:20:35 - [TEST_STEP][PASSED] - sendKeys: Keys 'ERN122018C200002461' sent to object: 'Object Repository/Final Object Repo/Page_MyASSIST - ASSIST - Search Pending Case For Add Supporting Document/Reference No'

2018-12-17 14:20:35 - [MESSAGE][PASSED] - Keys 'ERN122018C200002461' sent to object: 'Object Repository/Final Object Repo/Page_MyASSIST - ASSIST - Search Pending Case For Add Supporting Document/Reference No'

2018-12-17 14:20:35 - [TEST_STEP][PASSED] - click: Object: 'Object Repository/Final Object Repo/Page_MyASSIST - ASSIST - Search Pending Case For Add Supporting Document/Search Reference No' is clicked on

2018-12-17 14:20:35 - [MESSAGE][PASSED] - Object: 'Object Repository/Final Object Repo/Page_MyASSIST - ASSIST - Search Pending Case For Add Supporting Document/Search Reference No' is clicked on

2018-12-17 14:20:35 - [TEST_STEP][PASSED] - delay: Delayed 2 second(s)

2018-12-17 14:20:37 - [MESSAGE][PASSED] - Delayed 2 second(s)

2018-12-17 14:20:37 - [TEST_STEP][PASSED] - click: Object: 'Object Repository/Final Object Repo/Page_MyASSIST - ASSIST - Search Pending Case For Add Supporting Document/Continue' is clicked on

2018-12-17 14:20:45 - [MESSAGE][PASSED] - Object: 'Object Repository/Final Object Repo/Page_MyASSIST - ASSIST - Search Pending Case For Add Supporting Document/Continue' is clicked on

2018-12-17 14:20:45 - [TEST_STEP][PASSED] - delay: Delayed 20 second(s)

2018-12-17 14:21:05 - [MESSAGE][PASSED] - Delayed 20 second(s)

2018-12-17 14:21:05 - [MESSAGE][PASSED] - Call Test Case 'Test Cases/Final Aug 2018 - PKS Automation/Registration Module/Workflow/Login and Search Case For Workflow' successfully

2018-12-17 14:21:05 - [TEST_STEP][PASSED] - click: Object: 'Object Repository/Final Object Repo/Page_Form 3 EIS - Cessation as Employer/Page_Form 3 EIS - Cessation as Employer (Approve)/Save  Continue in Form 3 Page' is clicked on

2018-12-17 14:21:05 - [MESSAGE][PASSED] - Object: 'Object Repository/Final Object Repo/Page_Form 3 EIS - Cessation as Employer/Page_Form 3 EIS - Cessation as Employer (Approve)/Save  Continue in Form 3 Page' is clicked on

2018-12-17 14:21:05 - [TEST_STEP][PASSED] - delay: Delayed 2 second(s)

2018-12-17 14:21:07 - [MESSAGE][PASSED] - Delayed 2 second(s)

2018-12-17 14:21:07 - [TEST_STEP][PASSED] - click: Object: 'Object Repository/Final Object Repo/Page_Form 3 EIS - Cessation as Employer/Page_Form 3 EIS - Cessation as Employer (Approve)/Save  Continue in Resigned Page' is clicked on

2018-12-17 14:21:08 - [MESSAGE][PASSED] - Object: 'Object Repository/Final Object Repo/Page_Form 3 EIS - Cessation as Employer/Page_Form 3 EIS - Cessation as Employer (Approve)/Save  Continue in Resigned Page' is clicked on

2018-12-17 14:21:08 - [TEST_STEP][PASSED] - delay: Delayed 2 second(s)

2018-12-17 14:21:10 - [MESSAGE][PASSED] - Delayed 2 second(s)

2018-12-17 14:21:10 - [TEST_STEP][PASSED] - click: Object: 'Object Repository/Final Object Repo/Page_Form 3 EIS - Cessation as Employer/Page_Form 3 EIS - Cessation as Employer (Approve)/Save  Continue in Uploading Page' is clicked on

2018-12-17 14:21:11 - [MESSAGE][PASSED] - Object: 'Object Repository/Final Object Repo/Page_Form 3 EIS - Cessation as Employer/Page_Form 3 EIS - Cessation as Employer (Approve)/Save  Continue in Uploading Page' is clicked on

2018-12-17 14:21:11 - [TEST_STEP][PASSED] - delay: Delayed 2 second(s)

2018-12-17 14:21:13 - [MESSAGE][PASSED] - Delayed 2 second(s)

2018-12-17 14:21:13 - [TEST_STEP][PASSED] - click: Object: 'Object Repository/Final Object Repo/Page_Form 3 EIS - Cessation as Employer/Page_Form 3 EIS - Cessation as Employer (Reject)/Reject' is clicked on

2018-12-17 14:21:15 - [MESSAGE][PASSED] - Object: 'Object Repository/Final Object Repo/Page_Form 3 EIS - Cessation as Employer/Page_Form 3 EIS - Cessation as Employer (Reject)/Reject' is clicked on

2018-12-17 14:21:15 - [TEST_STEP][PASSED] - delay: Delayed 2 second(s)

2018-12-17 14:21:17 - [MESSAGE][PASSED] - Delayed 2 second(s)

2018-12-17 14:21:17 - [TEST_STEP][PASSED] - click: Object: 'Object Repository/Final Object Repo/Page_Form 3 EIS - Cessation as Employer/Page_Form 3 EIS - Cessation as Employer (Reject)/Confirm' is clicked on

2018-12-17 14:21:18 - [MESSAGE][PASSED] - Object: 'Object Repository/Final Object Repo/Page_Form 3 EIS - Cessation as Employer/Page_Form 3 EIS - Cessation as Employer (Reject)/Confirm' is clicked on

2018-12-17 14:21:18 - [TEST_STEP][PASSED] - delay: Delayed 2 second(s)

2018-12-17 14:21:20 - [MESSAGE][PASSED] - Delayed 2 second(s)

2018-12-17 14:21:20 - [TEST_STEP][PASSED] - click: Object: 'Object Repository/Final Object Repo/Page_Form 3 EIS - Cessation as Employer/Page_Form 3 EIS - Cessation as Employer (Reject)/Message This Case has been Rejected' is clicked on

2018-12-17 14:21:23 - [MESSAGE][PASSED] - Object: 'Object Repository/Final Object Repo/Page_Form 3 EIS - Cessation as Employer/Page_Form 3 EIS - Cessation as Employer (Reject)/Message This Case has been Rejected' is clicked on

2018-12-17 14:21:23 - [TEST_STEP][PASSED] - click: Object: 'Object Repository/Final Object Repo/Page_Form 3 EIS - Cessation as Employer/Page_Form 3 EIS - Cessation as Employer (Reject)/Letter of update rejection' is clicked on

2018-12-17 14:21:24 - [MESSAGE][PASSED] - Object: 'Object Repository/Final Object Repo/Page_Form 3 EIS - Cessation as Employer/Page_Form 3 EIS - Cessation as Employer (Reject)/Letter of update rejection' is clicked on

2018-12-17 14:21:24 - [MESSAGE][PASSED] - Call Test Case 'Test Cases/Final Aug 2018 - PKS Automation/Registration Module/Workflow/Form 3 EIS - Cessation As Employer/Template/Form 3 A - Cessation As Employer (Query)' successfully]]></system-out>
         <system-err><![CDATA[]]></system-err>
      </testcase>
      <testcase name="Test Cases/Final Aug 2018 - PKS Automation/Registration Module/Workflow/Form 3 EIS - Cessation As Employer/Employer to UO (Reject)" classname="Test Cases/Final Aug 2018 - PKS Automation/Registration Module/Workflow/Form 3 EIS - Cessation As Employer/Employer to UO (Reject)" status="PASSED">
         <system-out><![CDATA[2018-12-17 14:21:24 - [TEST_CASE][PASSED] - Test Cases/Final Aug 2018 - PKS Automation/Registration Module/Workflow/Form 3 EIS - Cessation As Employer/Employer to UO (Reject): Test Cases/Final Aug 2018 - PKS Automation/Registration Module/Workflow/Form 3 EIS - Cessation As Employer/Employer to UO (Reject)

2018-12-17 14:21:24 - [TEST_STEP][PASSED] - callTestCase: Call Test Case 'Test Cases/Final Aug 2018 - PKS Automation/Registration Module/Workflow/Form 3 EIS - Cessation As Employer/Template/Form 3 A - Cessation As Employer (Employer)' successfully

2018-12-17 14:21:24 - [TEST_CASE][PASSED] - Test Cases/Final Aug 2018 - PKS Automation/Registration Module/Workflow/Form 3 EIS - Cessation As Employer/Template/Form 3 A - Cessation As Employer (Employer): Test Cases/Final Aug 2018 - PKS Automation/Registration Module/Workflow/Form 3 EIS - Cessation As Employer/Template/Form 3 A - Cessation As Employer (Employer)

2018-12-17 14:21:24 - [TEST_STEP][PASSED] - callTestCase: Call Test Case 'Test Cases/Final Aug 2018 - PKS Automation/Registration Module/Workflow/Update Add New Employee/Template/New Company for Update Add New - Employer' successfully

2018-12-17 14:21:24 - [TEST_CASE][PASSED] - Test Cases/Final Aug 2018 - PKS Automation/Registration Module/Workflow/Update Add New Employee/Template/New Company for Update Add New - Employer: Test Cases/Final Aug 2018 - PKS Automation/Registration Module/Workflow/Update Add New Employee/Template/New Company for Update Add New - Employer

2018-12-17 14:21:24 - [TEST_STEP][PASSED] - callTestCase: Call Test Case 'Test Cases/Final Aug 2018 - PKS Automation/Create Employer Acc/Create Employer Account' successfully

2018-12-17 14:21:24 - [TEST_CASE][PASSED] - Test Cases/Final Aug 2018 - PKS Automation/Create Employer Acc/Create Employer Account: Test Cases/Final Aug 2018 - PKS Automation/Create Employer Acc/Create Employer Account

2018-12-17 14:21:24 - [TEST_STEP][PASSED] - callTestCase: Call Test Case 'Test Cases/Final Aug 2018 - PKS Automation/Create Employer Acc/Template/Register Employer' successfully

2018-12-17 14:21:25 - [TEST_CASE][PASSED] - Test Cases/Final Aug 2018 - PKS Automation/Create Employer Acc/Template/Register Employer: Test Cases/Final Aug 2018 - PKS Automation/Create Employer Acc/Template/Register Employer

2018-12-17 14:21:25 - [TEST_STEP][PASSED] - openBrowser: Browser is opened with url: ''

2018-12-17 14:21:25 - [MESSAGE][WARNING] - A browser is already opened. Closing browser and opening a new one

2018-12-17 14:21:27 - [MESSAGE][PASSED] - Browser is opened with url: ''

2018-12-17 14:21:27 - [TEST_STEP][PASSED] - navigateToUrl: Navigate to 'https://assist2-uat.perkeso.gov.my/login' successfully

2018-12-17 14:21:29 - [MESSAGE][PASSED] - Navigate to 'https://assist2-uat.perkeso.gov.my/login' successfully

2018-12-17 14:21:29 - [TEST_STEP][PASSED] - setText: Text 'johorotc1@gmail.com' is set on object 'Object Repository/Final Object Repo/Login Page/Internal User/Email Address'

2018-12-17 14:21:29 - [MESSAGE][PASSED] - Text 'johorotc1@gmail.com' is set on object 'Object Repository/Final Object Repo/Login Page/Internal User/Email Address'

2018-12-17 14:21:29 - [TEST_STEP][PASSED] - click: Object: 'Object Repository/Final Object Repo/Login Page/Internal User/Next Button' is clicked on

2018-12-17 14:21:29 - [MESSAGE][PASSED] - Object: 'Object Repository/Final Object Repo/Login Page/Internal User/Next Button' is clicked on

2018-12-17 14:21:29 - [TEST_STEP][PASSED] - delay: Delayed 1 second(s)

2018-12-17 14:21:30 - [MESSAGE][PASSED] - Delayed 1 second(s)

2018-12-17 14:21:30 - [TEST_STEP][PASSED] - setEncryptedText: Text ****** has been set on object 'Object Repository/Final Object Repo/Login Page/Internal User/Password'

2018-12-17 14:21:30 - [MESSAGE][PASSED] - Text ****** has been set on object 'Object Repository/Final Object Repo/Login Page/Internal User/Password'

2018-12-17 14:21:30 - [TEST_STEP][PASSED] - click: Object: 'Object Repository/Final Object Repo/Login Page/Internal User/Login Button' is clicked on

2018-12-17 14:21:31 - [MESSAGE][PASSED] - Object: 'Object Repository/Final Object Repo/Login Page/Internal User/Login Button' is clicked on

2018-12-17 14:21:31 - [TEST_STEP][PASSED] - delay: Delayed 1 second(s)

2018-12-17 14:21:32 - [MESSAGE][PASSED] - Delayed 1 second(s)

2018-12-17 14:21:32 - [TEST_STEP][PASSED] - navigateToUrl: Navigate to 'https://assist2-uat.perkeso.gov.my/web/base/portal-id/registration' successfully

2018-12-17 14:21:34 - [MESSAGE][PASSED] - Navigate to 'https://assist2-uat.perkeso.gov.my/web/base/portal-id/registration' successfully

2018-12-17 14:21:34 - [TEST_STEP][PASSED] - setText: Text 'AUTOMATION EMPLOYER' is set on object 'Object Repository/Final Object Repo/Creating Employer Account/Page_Registration - ASSIST (Base)/Employer Name'

2018-12-17 14:21:34 - [MESSAGE][PASSED] - Text 'AUTOMATION EMPLOYER' is set on object 'Object Repository/Final Object Repo/Creating Employer Account/Page_Registration - ASSIST (Base)/Employer Name'

2018-12-17 14:21:34 - [TEST_STEP][PASSED] - delay: Delayed 2 second(s)

2018-12-17 14:21:36 - [MESSAGE][PASSED] - Delayed 2 second(s)

2018-12-17 14:21:36 - [TEST_STEP][PASSED] - click: Object: 'Object Repository/Final Object Repo/Creating Employer Account/Page_Registration - ASSIST (Base)/Registration Type' is clicked on

2018-12-17 14:21:36 - [MESSAGE][PASSED] - Object: 'Object Repository/Final Object Repo/Creating Employer Account/Page_Registration - ASSIST (Base)/Registration Type' is clicked on

2018-12-17 14:21:36 - [TEST_STEP][PASSED] - delay: Delayed 2 second(s)

2018-12-17 14:21:38 - [MESSAGE][PASSED] - Delayed 2 second(s)

2018-12-17 14:21:38 - [TEST_STEP][PASSED] - click: Object: 'Object Repository/Final Object Repo/Creating Employer Account/Page_Registration - ASSIST (Base)/Registration Type - Registration No' is clicked on

2018-12-17 14:21:39 - [MESSAGE][PASSED] - Object: 'Object Repository/Final Object Repo/Creating Employer Account/Page_Registration - ASSIST (Base)/Registration Type - Registration No' is clicked on

2018-12-17 14:21:39 - [TEST_STEP][PASSED] - delay: Delayed 2 second(s)

2018-12-17 14:21:41 - [MESSAGE][PASSED] - Delayed 2 second(s)

2018-12-17 14:21:41 - [TEST_STEP][PASSED] - setText: Text 'AUTOMATE001' is set on object 'Object Repository/Final Object Repo/Creating Employer Account/Page_Registration - ASSIST (Base)/Registration Number'

2018-12-17 14:21:41 - [MESSAGE][PASSED] - Text 'AUTOMATE001' is set on object 'Object Repository/Final Object Repo/Creating Employer Account/Page_Registration - ASSIST (Base)/Registration Number'

2018-12-17 14:21:41 - [TEST_STEP][PASSED] - delay: Delayed 2 second(s)

2018-12-17 14:21:43 - [MESSAGE][PASSED] - Delayed 2 second(s)

2018-12-17 14:21:43 - [TEST_STEP][PASSED] - setText: Text 'ADDRESS 1' is set on object 'Object Repository/Final Object Repo/Creating Employer Account/Page_Registration - ASSIST (Base)/Postal Address 1'

2018-12-17 14:21:43 - [MESSAGE][PASSED] - Text 'ADDRESS 1' is set on object 'Object Repository/Final Object Repo/Creating Employer Account/Page_Registration - ASSIST (Base)/Postal Address 1'

2018-12-17 14:21:43 - [TEST_STEP][PASSED] - setText: Text 'ADDRESS 2' is set on object 'Object Repository/Final Object Repo/Creating Employer Account/Page_Registration - ASSIST (Base)/Postal Address 2'

2018-12-17 14:21:44 - [MESSAGE][PASSED] - Text 'ADDRESS 2' is set on object 'Object Repository/Final Object Repo/Creating Employer Account/Page_Registration - ASSIST (Base)/Postal Address 2'

2018-12-17 14:21:44 - [TEST_STEP][PASSED] - click: Object: 'Object Repository/Final Object Repo/Creating Employer Account/Page_Registration - ASSIST (Base)/State' is clicked on

2018-12-17 14:21:44 - [MESSAGE][PASSED] - Object: 'Object Repository/Final Object Repo/Creating Employer Account/Page_Registration - ASSIST (Base)/State' is clicked on

2018-12-17 14:21:44 - [TEST_STEP][PASSED] - delay: Delayed 2 second(s)

2018-12-17 14:21:46 - [MESSAGE][PASSED] - Delayed 2 second(s)

2018-12-17 14:21:46 - [TEST_STEP][PASSED] - click: Object: 'Object Repository/Final Object Repo/Creating Employer Account/Page_Registration - ASSIST (Base)/State - Johor' is clicked on

2018-12-17 14:21:46 - [MESSAGE][PASSED] - Object: 'Object Repository/Final Object Repo/Creating Employer Account/Page_Registration - ASSIST (Base)/State - Johor' is clicked on

2018-12-17 14:21:46 - [TEST_STEP][PASSED] - delay: Delayed 2 second(s)

2018-12-17 14:21:48 - [MESSAGE][PASSED] - Delayed 2 second(s)

2018-12-17 14:21:48 - [TEST_STEP][PASSED] - click: Object: 'Object Repository/Final Object Repo/Creating Employer Account/Page_Registration - ASSIST (Base)/City' is clicked on

2018-12-17 14:21:48 - [MESSAGE][PASSED] - Object: 'Object Repository/Final Object Repo/Creating Employer Account/Page_Registration - ASSIST (Base)/City' is clicked on

2018-12-17 14:21:48 - [TEST_STEP][PASSED] - delay: Delayed 2 second(s)

2018-12-17 14:21:50 - [MESSAGE][PASSED] - Delayed 2 second(s)

2018-12-17 14:21:50 - [TEST_STEP][PASSED] - setText: Text 'joh' is set on object 'Object Repository/Final Object Repo/Creating Employer Account/Page_Registration - ASSIST (Base)/City - joh'

2018-12-17 14:21:51 - [MESSAGE][PASSED] - Text 'joh' is set on object 'Object Repository/Final Object Repo/Creating Employer Account/Page_Registration - ASSIST (Base)/City - joh'

2018-12-17 14:21:51 - [TEST_STEP][PASSED] - delay: Delayed 2 second(s)

2018-12-17 14:21:53 - [MESSAGE][PASSED] - Delayed 2 second(s)

2018-12-17 14:21:53 - [TEST_STEP][PASSED] - click: Object: 'Object Repository/Final Object Repo/Creating Employer Account/Page_Registration - ASSIST (Base)/City - Johor Bharu' is clicked on

2018-12-17 14:21:53 - [MESSAGE][PASSED] - Object: 'Object Repository/Final Object Repo/Creating Employer Account/Page_Registration - ASSIST (Base)/City - Johor Bharu' is clicked on

2018-12-17 14:21:53 - [TEST_STEP][PASSED] - delay: Delayed 2 second(s)

2018-12-17 14:21:55 - [MESSAGE][PASSED] - Delayed 2 second(s)

2018-12-17 14:21:55 - [TEST_STEP][PASSED] - click: Object: 'Object Repository/Final Object Repo/Creating Employer Account/Page_Registration - ASSIST (Base)/Post Code' is clicked on

2018-12-17 14:21:55 - [MESSAGE][PASSED] - Object: 'Object Repository/Final Object Repo/Creating Employer Account/Page_Registration - ASSIST (Base)/Post Code' is clicked on

2018-12-17 14:21:55 - [TEST_STEP][PASSED] - delay: Delayed 2 second(s)

2018-12-17 14:21:57 - [MESSAGE][PASSED] - Delayed 2 second(s)

2018-12-17 14:21:57 - [TEST_STEP][PASSED] - setText: Text '810' is set on object 'Object Repository/Final Object Repo/Creating Employer Account/Page_Registration - ASSIST (Base)/Post Code - 810'

2018-12-17 14:21:57 - [MESSAGE][PASSED] - Text '810' is set on object 'Object Repository/Final Object Repo/Creating Employer Account/Page_Registration - ASSIST (Base)/Post Code - 810'

2018-12-17 14:21:57 - [TEST_STEP][PASSED] - delay: Delayed 2 second(s)

2018-12-17 14:21:59 - [MESSAGE][PASSED] - Delayed 2 second(s)

2018-12-17 14:21:59 - [TEST_STEP][PASSED] - click: Object: 'Object Repository/Final Object Repo/Creating Employer Account/Page_Registration - ASSIST (Base)/Post Code - 81000' is clicked on

2018-12-17 14:21:59 - [MESSAGE][PASSED] - Object: 'Object Repository/Final Object Repo/Creating Employer Account/Page_Registration - ASSIST (Base)/Post Code - 81000' is clicked on

2018-12-17 14:21:59 - [TEST_STEP][PASSED] - delay: Delayed 2 second(s)

2018-12-17 14:22:01 - [MESSAGE][PASSED] - Delayed 2 second(s)

2018-12-17 14:22:01 - [TEST_STEP][PASSED] - setText: Text 'PERKESO' is set on object 'Object Repository/Final Object Repo/Creating Employer Account/Page_Registration - ASSIST (Base)/Full Name'

2018-12-17 14:22:02 - [MESSAGE][PASSED] - Text 'PERKESO' is set on object 'Object Repository/Final Object Repo/Creating Employer Account/Page_Registration - ASSIST (Base)/Full Name'

2018-12-17 14:22:02 - [TEST_STEP][PASSED] - Statement - rnd = new java.util.Random(): null

2018-12-17 14:22:02 - [TEST_STEP][PASSED] - Statement - snum = rnd.nextInt(899999 + 1) + 100000: null

2018-12-17 14:22:02 - [TEST_STEP][PASSED] - Statement - tnum = rnd.nextInt(899999 + 1) + 100000: null

2018-12-17 14:22:02 - [TEST_STEP][PASSED] - Statement - IC = java.lang.Integer.toString(snum) + java.lang.Integer.toString(tnum): null

2018-12-17 14:22:02 - [TEST_STEP][PASSED] - Statement - out.println(IC): null

2018-12-17 14:22:02 - [TEST_STEP][PASSED] - setText: Text '955561717153' is set on object 'Object Repository/Final Object Repo/Creating Employer Account/Page_Registration - ASSIST (Base)/Identification Number'

2018-12-17 14:22:02 - [MESSAGE][PASSED] - Text '955561717153' is set on object 'Object Repository/Final Object Repo/Creating Employer Account/Page_Registration - ASSIST (Base)/Identification Number'

2018-12-17 14:22:02 - [TEST_STEP][PASSED] - delay: Delayed 2 second(s)

2018-12-17 14:22:04 - [MESSAGE][PASSED] - Delayed 2 second(s)

2018-12-17 14:22:04 - [TEST_STEP][PASSED] - setText: Text '123456789012' is set on object 'Object Repository/Final Object Repo/Creating Employer Account/Page_Registration - ASSIST (Base)/Contact Number'

2018-12-17 14:22:04 - [MESSAGE][PASSED] - Text '123456789012' is set on object 'Object Repository/Final Object Repo/Creating Employer Account/Page_Registration - ASSIST (Base)/Contact Number'

2018-12-17 14:22:04 - [TEST_STEP][PASSED] - Statement - Email = "perkeso" + IC + "@gmail.com": null

2018-12-17 14:22:04 - [TEST_STEP][PASSED] - delay: Delayed 2 second(s)

2018-12-17 14:22:06 - [MESSAGE][PASSED] - Delayed 2 second(s)

2018-12-17 14:22:06 - [TEST_STEP][PASSED] - callTestCase: Call Test Case 'Test Cases/Final Aug 2018 - PKS Automation/Create Employer Acc/Template/Employer Email Settler' successfully

2018-12-17 14:22:07 - [TEST_CASE][PASSED] - Test Cases/Final Aug 2018 - PKS Automation/Create Employer Acc/Template/Employer Email Settler: Test Cases/Final Aug 2018 - PKS Automation/Create Employer Acc/Template/Employer Email Settler

2018-12-17 14:22:07 - [TEST_STEP][PASSED] - Statement - EmpEmailOld = new java.io.File(C://Users//Admin//Desktop//PKS//Automation Reference Point//EmpEmail.txt): null

2018-12-17 14:22:07 - [TEST_STEP][PASSED] - Statement - EmpEmailOld.delete(): null

2018-12-17 14:22:07 - [TEST_STEP][PASSED] - delay: Delayed 5 second(s)

2018-12-17 14:22:12 - [MESSAGE][PASSED] - Delayed 5 second(s)

2018-12-17 14:22:12 - [TEST_STEP][PASSED] - Statement - EmpEmail = new java.io.File(C://Users//Admin//Desktop//PKS//Automation Reference Point//EmpEmail.txt): null

2018-12-17 14:22:12 - [TEST_STEP][PASSED] - Statement - f2 = new java.io.FileWriter(EmpEmail, false): null

2018-12-17 14:22:12 - [TEST_STEP][PASSED] - Statement - f2.write(Email): null

2018-12-17 14:22:12 - [TEST_STEP][PASSED] - Statement - f2.close(): null

2018-12-17 14:22:12 - [TEST_STEP][PASSED] - Statement - out.println(Email): null

2018-12-17 14:22:12 - [MESSAGE][PASSED] - Call Test Case 'Test Cases/Final Aug 2018 - PKS Automation/Create Employer Acc/Template/Employer Email Settler' successfully

2018-12-17 14:22:12 - [TEST_STEP][PASSED] - delay: Delayed 2 second(s)

2018-12-17 14:22:14 - [MESSAGE][PASSED] - Delayed 2 second(s)

2018-12-17 14:22:14 - [TEST_STEP][PASSED] - setText: Text 'perkeso955561717153@gmail.com' is set on object 'Object Repository/Final Object Repo/Creating Employer Account/Page_Registration - ASSIST (Base)/Email'

2018-12-17 14:22:14 - [MESSAGE][PASSED] - Text 'perkeso955561717153@gmail.com' is set on object 'Object Repository/Final Object Repo/Creating Employer Account/Page_Registration - ASSIST (Base)/Email'

2018-12-17 14:22:14 - [TEST_STEP][PASSED] - setText: Text '123' is set on object 'Object Repository/Final Object Repo/Creating Employer Account/Page_Registration - ASSIST (Base)/Security Phase'

2018-12-17 14:22:14 - [MESSAGE][PASSED] - Text '123' is set on object 'Object Repository/Final Object Repo/Creating Employer Account/Page_Registration - ASSIST (Base)/Security Phase'

2018-12-17 14:22:14 - [TEST_STEP][PASSED] - click: Object: 'Object Repository/Final Object Repo/Creating Employer Account/Page_Registration - ASSIST (Base)/Save  Continue' is clicked on

2018-12-17 14:22:15 - [MESSAGE][PASSED] - Object: 'Object Repository/Final Object Repo/Creating Employer Account/Page_Registration - ASSIST (Base)/Save  Continue' is clicked on

2018-12-17 14:22:15 - [TEST_STEP][PASSED] - delay: Delayed 2 second(s)

2018-12-17 14:22:17 - [MESSAGE][PASSED] - Delayed 2 second(s)

2018-12-17 14:22:17 - [TEST_STEP][PASSED] - click: Object: 'Object Repository/Final Object Repo/Creating Employer Account/Page_Registration - ASSIST (Base)/Add Document' is clicked on

2018-12-17 14:22:17 - [MESSAGE][PASSED] - Object: 'Object Repository/Final Object Repo/Creating Employer Account/Page_Registration - ASSIST (Base)/Add Document' is clicked on

2018-12-17 14:22:17 - [TEST_STEP][PASSED] - delay: Delayed 2 second(s)

2018-12-17 14:22:19 - [MESSAGE][PASSED] - Delayed 2 second(s)

2018-12-17 14:22:19 - [TEST_STEP][PASSED] - click: Object: 'Object Repository/Final Object Repo/Creating Employer Account/Page_Registration - ASSIST (Base)/Document Type' is clicked on

2018-12-17 14:22:19 - [MESSAGE][PASSED] - Object: 'Object Repository/Final Object Repo/Creating Employer Account/Page_Registration - ASSIST (Base)/Document Type' is clicked on

2018-12-17 14:22:19 - [TEST_STEP][PASSED] - delay: Delayed 2 second(s)

2018-12-17 14:22:21 - [MESSAGE][PASSED] - Delayed 2 second(s)

2018-12-17 14:22:21 - [TEST_STEP][PASSED] - click: Object: 'Object Repository/Final Object Repo/Creating Employer Account/Page_Registration - ASSIST (Base)/Document Type - Letter of Authorization' is clicked on

2018-12-17 14:22:21 - [MESSAGE][PASSED] - Object: 'Object Repository/Final Object Repo/Creating Employer Account/Page_Registration - ASSIST (Base)/Document Type - Letter of Authorization' is clicked on

2018-12-17 14:22:21 - [TEST_STEP][PASSED] - delay: Delayed 2 second(s)

2018-12-17 14:22:23 - [MESSAGE][PASSED] - Delayed 2 second(s)

2018-12-17 14:22:23 - [TEST_STEP][PASSED] - sendKeys: Keys 'C:\Users\Public\Pictures\Sample Pictures\Koala.jpg' sent to object: 'Object Repository/Final Object Repo/Creating Employer Account/Page_Registration - ASSIST (Base)/Uploading File'

2018-12-17 14:22:23 - [MESSAGE][PASSED] - Keys 'C:\Users\Public\Pictures\Sample Pictures\Koala.jpg' sent to object: 'Object Repository/Final Object Repo/Creating Employer Account/Page_Registration - ASSIST (Base)/Uploading File'

2018-12-17 14:22:23 - [TEST_STEP][PASSED] - delay: Delayed 2 second(s)

2018-12-17 14:22:25 - [MESSAGE][PASSED] - Delayed 2 second(s)

2018-12-17 14:22:25 - [TEST_STEP][PASSED] - click: Object: 'Object Repository/Final Object Repo/Creating Employer Account/Page_Registration - ASSIST (Base)/Add Document in Uploading File' is clicked on

2018-12-17 14:22:25 - [MESSAGE][PASSED] - Object: 'Object Repository/Final Object Repo/Creating Employer Account/Page_Registration - ASSIST (Base)/Add Document in Uploading File' is clicked on

2018-12-17 14:22:25 - [TEST_STEP][PASSED] - delay: Delayed 2 second(s)

2018-12-17 14:22:27 - [MESSAGE][PASSED] - Delayed 2 second(s)

2018-12-17 14:22:27 - [TEST_STEP][PASSED] - click: Object: 'Object Repository/Final Object Repo/Creating Employer Account/Page_Registration - ASSIST (Base)/Save' is clicked on

2018-12-17 14:22:28 - [MESSAGE][PASSED] - Object: 'Object Repository/Final Object Repo/Creating Employer Account/Page_Registration - ASSIST (Base)/Save' is clicked on

2018-12-17 14:22:28 - [TEST_STEP][PASSED] - delay: Delayed 2 second(s)

2018-12-17 14:22:30 - [MESSAGE][PASSED] - Delayed 2 second(s)

2018-12-17 14:22:30 - [TEST_STEP][PASSED] - click: Object: 'Object Repository/Final Object Repo/Creating Employer Account/Page_Registration - ASSIST (Base)/Submit' is clicked on

2018-12-17 14:22:30 - [MESSAGE][PASSED] - Object: 'Object Repository/Final Object Repo/Creating Employer Account/Page_Registration - ASSIST (Base)/Submit' is clicked on

2018-12-17 14:22:30 - [TEST_STEP][PASSED] - delay: Delayed 2 second(s)

2018-12-17 14:22:32 - [MESSAGE][PASSED] - Delayed 2 second(s)

2018-12-17 14:22:32 - [TEST_STEP][PASSED] - click: Object: 'Object Repository/Final Object Repo/Creating Employer Account/Page_Registration - ASSIST (Base)/Confirm' is clicked on

2018-12-17 14:22:32 - [MESSAGE][PASSED] - Object: 'Object Repository/Final Object Repo/Creating Employer Account/Page_Registration - ASSIST (Base)/Confirm' is clicked on

2018-12-17 14:22:32 - [MESSAGE][PASSED] - Call Test Case 'Test Cases/Final Aug 2018 - PKS Automation/Create Employer Acc/Template/Register Employer' successfully

2018-12-17 14:22:32 - [TEST_STEP][PASSED] - delay: Delayed 1 second(s)

2018-12-17 14:22:33 - [MESSAGE][PASSED] - Delayed 1 second(s)

2018-12-17 14:22:33 - [TEST_STEP][PASSED] - navigateToUrl: Navigate to 'https://assist2-uat.perkeso.gov.my/c/portal/logout' successfully

2018-12-17 14:22:35 - [MESSAGE][PASSED] - Navigate to 'https://assist2-uat.perkeso.gov.my/c/portal/logout' successfully

2018-12-17 14:22:35 - [TEST_STEP][PASSED] - delay: Delayed 1 second(s)

2018-12-17 14:22:36 - [MESSAGE][PASSED] - Delayed 1 second(s)

2018-12-17 14:22:36 - [TEST_STEP][PASSED] - callTestCase: Call Test Case 'Test Cases/Final Aug 2018 - PKS Automation/Create Employer Acc/Template/Change Password of Employer' successfully

2018-12-17 14:22:36 - [TEST_CASE][PASSED] - Test Cases/Final Aug 2018 - PKS Automation/Create Employer Acc/Template/Change Password of Employer: Test Cases/Final Aug 2018 - PKS Automation/Create Employer Acc/Template/Change Password of Employer

2018-12-17 14:22:36 - [TEST_STEP][PASSED] - openBrowser: Browser is opened with url: ''

2018-12-17 14:22:36 - [MESSAGE][WARNING] - A browser is already opened. Closing browser and opening a new one

2018-12-17 14:22:39 - [MESSAGE][PASSED] - Browser is opened with url: ''

2018-12-17 14:22:39 - [TEST_STEP][PASSED] - navigateToUrl: Navigate to 'https://assist2-uat.perkeso.gov.my/login' successfully

2018-12-17 14:22:40 - [MESSAGE][PASSED] - Navigate to 'https://assist2-uat.perkeso.gov.my/login' successfully

2018-12-17 14:22:40 - [TEST_STEP][PASSED] - delay: Delayed 5 second(s)

2018-12-17 14:22:45 - [MESSAGE][PASSED] - Delayed 5 second(s)

2018-12-17 14:22:45 - [TEST_STEP][PASSED] - setText: Text 'test@liferay.com' is set on object 'Object Repository/Final Object Repo/Login Page/Internal User/Email Address'

2018-12-17 14:22:45 - [MESSAGE][PASSED] - Text 'test@liferay.com' is set on object 'Object Repository/Final Object Repo/Login Page/Internal User/Email Address'

2018-12-17 14:22:45 - [TEST_STEP][PASSED] - click: Object: 'Object Repository/Final Object Repo/Login Page/Internal User/Next Button' is clicked on

2018-12-17 14:22:45 - [MESSAGE][PASSED] - Object: 'Object Repository/Final Object Repo/Login Page/Internal User/Next Button' is clicked on

2018-12-17 14:22:45 - [TEST_STEP][PASSED] - delay: Delayed 2 second(s)

2018-12-17 14:22:47 - [MESSAGE][PASSED] - Delayed 2 second(s)

2018-12-17 14:22:47 - [TEST_STEP][PASSED] - setText: Text 'test' is set on object 'Object Repository/Final Object Repo/Login Page/Internal User/Password'

2018-12-17 14:22:48 - [MESSAGE][PASSED] - Text 'test' is set on object 'Object Repository/Final Object Repo/Login Page/Internal User/Password'

2018-12-17 14:22:48 - [TEST_STEP][PASSED] - delay: Delayed 2 second(s)

2018-12-17 14:22:50 - [MESSAGE][PASSED] - Delayed 2 second(s)

2018-12-17 14:22:50 - [TEST_STEP][PASSED] - click: Object: 'Object Repository/Final Object Repo/Login Page/Internal User/Login Button' is clicked on

2018-12-17 14:22:50 - [MESSAGE][PASSED] - Object: 'Object Repository/Final Object Repo/Login Page/Internal User/Login Button' is clicked on

2018-12-17 14:22:50 - [TEST_STEP][PASSED] - delay: Delayed 3 second(s)

2018-12-17 14:22:53 - [MESSAGE][PASSED] - Delayed 3 second(s)

2018-12-17 14:22:53 - [TEST_STEP][PASSED] - navigateToUrl: Navigate to 'https://assist2-uat.perkeso.gov.my/group/control_panel/manage?p_p_id=125&p_p_lifecycle=0&p_p_state=maximized&p_p_mode=view&refererPlid=20455&_125_usersListView=flat-users&_125_toolbarItem=view-all-users&_125_saveUsersListView=true&_125_struts_action=%2Fusers_admin%2Fview' successfully

2018-12-17 14:22:54 - [MESSAGE][PASSED] - Navigate to 'https://assist2-uat.perkeso.gov.my/group/control_panel/manage?p_p_id=125&p_p_lifecycle=0&p_p_state=maximized&p_p_mode=view&refererPlid=20455&_125_usersListView=flat-users&_125_toolbarItem=view-all-users&_125_saveUsersListView=true&_125_struts_action=%2Fusers_admin%2Fview' successfully

2018-12-17 14:22:54 - [TEST_STEP][PASSED] - delay: Delayed 3 second(s)

2018-12-17 14:22:57 - [MESSAGE][PASSED] - Delayed 3 second(s)

2018-12-17 14:22:57 - [TEST_STEP][PASSED] - setText: Text 'perkeso955561717153@gmail.com' is set on object 'Object Repository/Final Object Repo/Creating Employer Account/Page_Users and Organizations - ASSIST/Employer name'

2018-12-17 14:22:58 - [MESSAGE][PASSED] - Text 'perkeso955561717153@gmail.com' is set on object 'Object Repository/Final Object Repo/Creating Employer Account/Page_Users and Organizations - ASSIST/Employer name'

2018-12-17 14:22:58 - [TEST_STEP][PASSED] - delay: Delayed 3 second(s)

2018-12-17 14:23:01 - [MESSAGE][PASSED] - Delayed 3 second(s)

2018-12-17 14:23:01 - [TEST_STEP][PASSED] - click: Object: 'Object Repository/Final Object Repo/Creating Employer Account/Page_Users and Organizations - ASSIST/Search' is clicked on

2018-12-17 14:23:01 - [MESSAGE][PASSED] - Object: 'Object Repository/Final Object Repo/Creating Employer Account/Page_Users and Organizations - ASSIST/Search' is clicked on

2018-12-17 14:23:01 - [TEST_STEP][PASSED] - delay: Delayed 3 second(s)

2018-12-17 14:23:04 - [MESSAGE][PASSED] - Delayed 3 second(s)

2018-12-17 14:23:04 - [TEST_STEP][PASSED] - click: Object: 'Object Repository/Final Object Repo/Creating Employer Account/Page_Users and Organizations - ASSIST/Action' is clicked on

2018-12-17 14:23:04 - [MESSAGE][PASSED] - Object: 'Object Repository/Final Object Repo/Creating Employer Account/Page_Users and Organizations - ASSIST/Action' is clicked on

2018-12-17 14:23:04 - [TEST_STEP][PASSED] - delay: Delayed 3 second(s)

2018-12-17 14:23:07 - [MESSAGE][PASSED] - Delayed 3 second(s)

2018-12-17 14:23:07 - [TEST_STEP][PASSED] - click: Object: 'Object Repository/Final Object Repo/Creating Employer Account/Page_Users and Organizations - ASSIST/Edit' is clicked on

2018-12-17 14:23:08 - [MESSAGE][PASSED] - Object: 'Object Repository/Final Object Repo/Creating Employer Account/Page_Users and Organizations - ASSIST/Edit' is clicked on

2018-12-17 14:23:08 - [TEST_STEP][PASSED] - delay: Delayed 3 second(s)

2018-12-17 14:23:11 - [MESSAGE][PASSED] - Delayed 3 second(s)

2018-12-17 14:23:11 - [TEST_STEP][PASSED] - click: Object: 'Object Repository/Final Object Repo/Creating Employer Account/Page_PERKESO - Users and Organizati/a_Password (Modified)' is clicked on

2018-12-17 14:23:12 - [MESSAGE][PASSED] - Object: 'Object Repository/Final Object Repo/Creating Employer Account/Page_PERKESO - Users and Organizati/a_Password (Modified)' is clicked on

2018-12-17 14:23:12 - [TEST_STEP][PASSED] - delay: Delayed 3 second(s)

2018-12-17 14:23:15 - [MESSAGE][PASSED] - Delayed 3 second(s)

2018-12-17 14:23:15 - [TEST_STEP][PASSED] - setEncryptedText: Text ****** has been set on object 'Object Repository/Final Object Repo/Creating Employer Account/Page_PERKESO - Users and Organizati/input__125_password1'

2018-12-17 14:23:15 - [MESSAGE][PASSED] - Text ****** has been set on object 'Object Repository/Final Object Repo/Creating Employer Account/Page_PERKESO - Users and Organizati/input__125_password1'

2018-12-17 14:23:15 - [TEST_STEP][PASSED] - delay: Delayed 3 second(s)

2018-12-17 14:23:18 - [MESSAGE][PASSED] - Delayed 3 second(s)

2018-12-17 14:23:18 - [TEST_STEP][PASSED] - setEncryptedText: Text ****** has been set on object 'Object Repository/Final Object Repo/Creating Employer Account/Page_PERKESO - Users and Organizati/input__125_password2'

2018-12-17 14:23:18 - [MESSAGE][PASSED] - Text ****** has been set on object 'Object Repository/Final Object Repo/Creating Employer Account/Page_PERKESO - Users and Organizati/input__125_password2'

2018-12-17 14:23:18 - [TEST_STEP][PASSED] - delay: Delayed 3 second(s)

2018-12-17 14:23:21 - [MESSAGE][PASSED] - Delayed 3 second(s)

2018-12-17 14:23:21 - [TEST_STEP][PASSED] - click: Object: 'Object Repository/Final Object Repo/Creating Employer Account/Page_PERKESO - Users and Organizati/Save' is clicked on

2018-12-17 14:23:23 - [MESSAGE][PASSED] - Object: 'Object Repository/Final Object Repo/Creating Employer Account/Page_PERKESO - Users and Organizati/Save' is clicked on

2018-12-17 14:23:23 - [MESSAGE][PASSED] - Call Test Case 'Test Cases/Final Aug 2018 - PKS Automation/Create Employer Acc/Template/Change Password of Employer' successfully

2018-12-17 14:23:23 - [TEST_STEP][PASSED] - delay: Delayed 1 second(s)

2018-12-17 14:23:24 - [MESSAGE][PASSED] - Delayed 1 second(s)

2018-12-17 14:23:24 - [TEST_STEP][PASSED] - navigateToUrl: Navigate to 'https://assist2-uat.perkeso.gov.my/c/portal/logout' successfully

2018-12-17 14:23:25 - [MESSAGE][PASSED] - Navigate to 'https://assist2-uat.perkeso.gov.my/c/portal/logout' successfully

2018-12-17 14:23:25 - [TEST_STEP][PASSED] - delay: Delayed 1 second(s)

2018-12-17 14:23:26 - [MESSAGE][PASSED] - Delayed 1 second(s)

2018-12-17 14:23:26 - [TEST_STEP][PASSED] - callTestCase: Call Test Case 'Test Cases/Final Aug 2018 - PKS Automation/Create Employer Acc/Template/Login to Employer Account (First Time)' successfully

2018-12-17 14:23:26 - [TEST_CASE][PASSED] - Test Cases/Final Aug 2018 - PKS Automation/Create Employer Acc/Template/Login to Employer Account (First Time): Test Cases/Final Aug 2018 - PKS Automation/Create Employer Acc/Template/Login to Employer Account (First Time)

2018-12-17 14:23:26 - [TEST_STEP][PASSED] - openBrowser: Browser is opened with url: ''

2018-12-17 14:23:26 - [MESSAGE][WARNING] - A browser is already opened. Closing browser and opening a new one

2018-12-17 14:23:29 - [MESSAGE][PASSED] - Browser is opened with url: ''

2018-12-17 14:23:29 - [TEST_STEP][PASSED] - navigateToUrl: Navigate to 'https://assist2-uat.perkeso.gov.my/employer/login' successfully

2018-12-17 14:23:30 - [MESSAGE][PASSED] - Navigate to 'https://assist2-uat.perkeso.gov.my/employer/login' successfully

2018-12-17 14:23:30 - [TEST_STEP][PASSED] - delay: Delayed 3 second(s)

2018-12-17 14:23:33 - [MESSAGE][PASSED] - Delayed 3 second(s)

2018-12-17 14:23:33 - [TEST_STEP][PASSED] - callTestCase: Call Test Case 'Test Cases/Final Aug 2018 - PKS Automation/Create Employer Acc/Template/Employer Email Getter' successfully

2018-12-17 14:23:33 - [TEST_CASE][PASSED] - Test Cases/Final Aug 2018 - PKS Automation/Create Employer Acc/Template/Employer Email Getter: Test Cases/Final Aug 2018 - PKS Automation/Create Employer Acc/Template/Employer Email Getter

2018-12-17 14:23:33 - [TEST_STEP][PASSED] - Statement - Try: null

2018-12-17 14:23:33 - [TEST_STEP][PASSED] - Statement - EmpEmail = new java.io.File(C://Users//Admin//Desktop//PKS//Automation Reference Point//EmpEmail.txt): null

2018-12-17 14:23:33 - [TEST_STEP][PASSED] - Statement - bufferread = new java.io.BufferedReader(new java.io.FileReader(EmpEmail)): null

2018-12-17 14:23:33 - [TEST_STEP][PASSED] - Statement - readedVal = bufferread.readLine(): null

2018-12-17 14:23:33 - [TEST_STEP][PASSED] - Statement - out.println(readedVal): null

2018-12-17 14:23:33 - [TEST_STEP][PASSED] - Statement - Email = readedVal: null

2018-12-17 14:23:33 - [MESSAGE][PASSED] - Call Test Case 'Test Cases/Final Aug 2018 - PKS Automation/Create Employer Acc/Template/Employer Email Getter' successfully

2018-12-17 14:23:33 - [TEST_STEP][PASSED] - setText: Text 'perkeso955561717153@gmail.com' is set on object 'Object Repository/Final Object Repo/Login Page/External Login Page/Email'

2018-12-17 14:23:34 - [MESSAGE][PASSED] - Text 'perkeso955561717153@gmail.com' is set on object 'Object Repository/Final Object Repo/Login Page/External Login Page/Email'

2018-12-17 14:23:34 - [TEST_STEP][PASSED] - click: Object: 'Object Repository/Final Object Repo/Login Page/External Login Page/Next' is clicked on

2018-12-17 14:23:34 - [MESSAGE][PASSED] - Object: 'Object Repository/Final Object Repo/Login Page/External Login Page/Next' is clicked on

2018-12-17 14:23:34 - [TEST_STEP][PASSED] - delay: Delayed 3 second(s)

2018-12-17 14:23:37 - [MESSAGE][PASSED] - Delayed 3 second(s)

2018-12-17 14:23:37 - [TEST_STEP][PASSED] - setEncryptedText: Text ****** has been set on object 'Object Repository/Final Object Repo/Login Page/External Login Page/Password'

2018-12-17 14:23:37 - [MESSAGE][PASSED] - Text ****** has been set on object 'Object Repository/Final Object Repo/Login Page/External Login Page/Password'

2018-12-17 14:23:37 - [TEST_STEP][PASSED] - click: Object: 'Object Repository/Final Object Repo/Login Page/External Login Page/Login' is clicked on

2018-12-17 14:23:37 - [MESSAGE][PASSED] - Object: 'Object Repository/Final Object Repo/Login Page/External Login Page/Login' is clicked on

2018-12-17 14:23:37 - [TEST_STEP][PASSED] - delay: Delayed 3 second(s)

2018-12-17 14:23:40 - [MESSAGE][PASSED] - Delayed 3 second(s)

2018-12-17 14:23:40 - [TEST_STEP][PASSED] - click: Object: 'Object Repository/Final Object Repo/Creating Employer Account/Page_Terms of Use - ASSIST/button_I Agree' is clicked on

2018-12-17 14:23:41 - [MESSAGE][PASSED] - Object: 'Object Repository/Final Object Repo/Creating Employer Account/Page_Terms of Use - ASSIST/button_I Agree' is clicked on

2018-12-17 14:23:41 - [TEST_STEP][PASSED] - delay: Delayed 2 second(s)

2018-12-17 14:23:43 - [MESSAGE][PASSED] - Delayed 2 second(s)

2018-12-17 14:23:43 - [TEST_STEP][PASSED] - setEncryptedText: Text ****** has been set on object 'Object Repository/Final Object Repo/Creating Employer Account/Page_New Password - ASSIST/input_password1'

2018-12-17 14:23:44 - [MESSAGE][PASSED] - Text ****** has been set on object 'Object Repository/Final Object Repo/Creating Employer Account/Page_New Password - ASSIST/input_password1'

2018-12-17 14:23:44 - [TEST_STEP][PASSED] - setEncryptedText: Text ****** has been set on object 'Object Repository/Final Object Repo/Creating Employer Account/Page_New Password - ASSIST/input_password2'

2018-12-17 14:23:44 - [MESSAGE][PASSED] - Text ****** has been set on object 'Object Repository/Final Object Repo/Creating Employer Account/Page_New Password - ASSIST/input_password2'

2018-12-17 14:23:44 - [TEST_STEP][PASSED] - delay: Delayed 2 second(s)

2018-12-17 14:23:46 - [MESSAGE][PASSED] - Delayed 2 second(s)

2018-12-17 14:23:46 - [TEST_STEP][PASSED] - click: Object: 'Object Repository/Final Object Repo/Creating Employer Account/Page_New Password - ASSIST/Save' is clicked on

2018-12-17 14:23:46 - [MESSAGE][PASSED] - Object: 'Object Repository/Final Object Repo/Creating Employer Account/Page_New Password - ASSIST/Save' is clicked on

2018-12-17 14:23:46 - [TEST_STEP][PASSED] - delay: Delayed 2 second(s)

2018-12-17 14:23:48 - [MESSAGE][PASSED] - Delayed 2 second(s)

2018-12-17 14:23:48 - [TEST_STEP][PASSED] - setText: Text 'test' is set on object 'Object Repository/Final Object Repo/Creating Employer Account/Page_Password Reminder - ASSIST/Reminder Query Answer'

2018-12-17 14:23:48 - [MESSAGE][PASSED] - Text 'test' is set on object 'Object Repository/Final Object Repo/Creating Employer Account/Page_Password Reminder - ASSIST/Reminder Query Answer'

2018-12-17 14:23:48 - [TEST_STEP][PASSED] - delay: Delayed 2 second(s)

2018-12-17 14:23:50 - [MESSAGE][PASSED] - Delayed 2 second(s)

2018-12-17 14:23:50 - [TEST_STEP][PASSED] - doubleClick: Object: 'Object Repository/Final Object Repo/Creating Employer Account/Page_Password Reminder - ASSIST/Save' is double clicked on

2018-12-17 14:23:53 - [MESSAGE][PASSED] - Object: 'Object Repository/Final Object Repo/Creating Employer Account/Page_Password Reminder - ASSIST/Save' is double clicked on

2018-12-17 14:23:53 - [MESSAGE][PASSED] - Call Test Case 'Test Cases/Final Aug 2018 - PKS Automation/Create Employer Acc/Template/Login to Employer Account (First Time)' successfully

2018-12-17 14:23:53 - [MESSAGE][PASSED] - Call Test Case 'Test Cases/Final Aug 2018 - PKS Automation/Create Employer Acc/Create Employer Account' successfully

2018-12-17 14:23:53 - [TEST_STEP][PASSED] - callTestCase: Call Test Case 'Test Cases/Final Aug 2018 - PKS Automation/Registration Module/Log Out/log out avoiding katalon tagging' successfully

2018-12-17 14:23:53 - [TEST_CASE][PASSED] - Test Cases/Final Aug 2018 - PKS Automation/Registration Module/Log Out/log out avoiding katalon tagging: Test Cases/Final Aug 2018 - PKS Automation/Registration Module/Log Out/log out avoiding katalon tagging

2018-12-17 14:23:53 - [TEST_STEP][PASSED] - navigateToUrl: Navigate to 'https://assist2-uat.perkeso.gov.my/c/portal/logout' successfully

2018-12-17 14:23:54 - [MESSAGE][PASSED] - Navigate to 'https://assist2-uat.perkeso.gov.my/c/portal/logout' successfully

2018-12-17 14:23:54 - [MESSAGE][PASSED] - Call Test Case 'Test Cases/Final Aug 2018 - PKS Automation/Registration Module/Log Out/log out avoiding katalon tagging' successfully

2018-12-17 14:23:54 - [TEST_STEP][PASSED] - callTestCase: Call Test Case 'Test Cases/Final Aug 2018 - PKS Automation/Create Employer Acc/Login to Employer Account (Second time)' successfully

2018-12-17 14:23:54 - [TEST_CASE][PASSED] - Test Cases/Final Aug 2018 - PKS Automation/Create Employer Acc/Login to Employer Account (Second time): Test Cases/Final Aug 2018 - PKS Automation/Create Employer Acc/Login to Employer Account (Second time)

2018-12-17 14:23:54 - [TEST_STEP][PASSED] - openBrowser: Browser is opened with url: ''

2018-12-17 14:23:54 - [MESSAGE][WARNING] - A browser is already opened. Closing browser and opening a new one

2018-12-17 14:23:57 - [MESSAGE][PASSED] - Browser is opened with url: ''

2018-12-17 14:23:57 - [TEST_STEP][PASSED] - navigateToUrl: Navigate to 'https://assist2-uat.perkeso.gov.my/employer/login' successfully

2018-12-17 14:23:58 - [MESSAGE][PASSED] - Navigate to 'https://assist2-uat.perkeso.gov.my/employer/login' successfully

2018-12-17 14:23:58 - [TEST_STEP][PASSED] - delay: Delayed 3 second(s)

2018-12-17 14:24:01 - [MESSAGE][PASSED] - Delayed 3 second(s)

2018-12-17 14:24:01 - [TEST_STEP][PASSED] - callTestCase: Call Test Case 'Test Cases/Final Aug 2018 - PKS Automation/Create Employer Acc/Template/Employer Email Getter' successfully

2018-12-17 14:24:01 - [TEST_CASE][PASSED] - Test Cases/Final Aug 2018 - PKS Automation/Create Employer Acc/Template/Employer Email Getter: Test Cases/Final Aug 2018 - PKS Automation/Create Employer Acc/Template/Employer Email Getter

2018-12-17 14:24:01 - [TEST_STEP][PASSED] - Statement - Try: null

2018-12-17 14:24:01 - [TEST_STEP][PASSED] - Statement - EmpEmail = new java.io.File(C://Users//Admin//Desktop//PKS//Automation Reference Point//EmpEmail.txt): null

2018-12-17 14:24:01 - [TEST_STEP][PASSED] - Statement - bufferread = new java.io.BufferedReader(new java.io.FileReader(EmpEmail)): null

2018-12-17 14:24:01 - [TEST_STEP][PASSED] - Statement - readedVal = bufferread.readLine(): null

2018-12-17 14:24:01 - [TEST_STEP][PASSED] - Statement - out.println(readedVal): null

2018-12-17 14:24:01 - [TEST_STEP][PASSED] - Statement - Email = readedVal: null

2018-12-17 14:24:01 - [MESSAGE][PASSED] - Call Test Case 'Test Cases/Final Aug 2018 - PKS Automation/Create Employer Acc/Template/Employer Email Getter' successfully

2018-12-17 14:24:01 - [TEST_STEP][PASSED] - setText: Text 'perkeso955561717153@gmail.com' is set on object 'Object Repository/Final Object Repo/Login Page/External Login Page/Email'

2018-12-17 14:24:02 - [MESSAGE][PASSED] - Text 'perkeso955561717153@gmail.com' is set on object 'Object Repository/Final Object Repo/Login Page/External Login Page/Email'

2018-12-17 14:24:02 - [TEST_STEP][PASSED] - click: Object: 'Object Repository/Final Object Repo/Login Page/External Login Page/Next' is clicked on

2018-12-17 14:24:02 - [MESSAGE][PASSED] - Object: 'Object Repository/Final Object Repo/Login Page/External Login Page/Next' is clicked on

2018-12-17 14:24:02 - [TEST_STEP][PASSED] - delay: Delayed 3 second(s)

2018-12-17 14:24:05 - [MESSAGE][PASSED] - Delayed 3 second(s)

2018-12-17 14:24:05 - [TEST_STEP][PASSED] - setEncryptedText: Text ****** has been set on object 'Object Repository/Final Object Repo/Login Page/External Login Page/Password'

2018-12-17 14:24:05 - [MESSAGE][PASSED] - Text ****** has been set on object 'Object Repository/Final Object Repo/Login Page/External Login Page/Password'

2018-12-17 14:24:05 - [TEST_STEP][PASSED] - click: Object: 'Object Repository/Final Object Repo/Login Page/External Login Page/Login' is clicked on

2018-12-17 14:24:05 - [MESSAGE][PASSED] - Object: 'Object Repository/Final Object Repo/Login Page/External Login Page/Login' is clicked on

2018-12-17 14:24:05 - [TEST_STEP][PASSED] - delay: Delayed 5 second(s)

2018-12-17 14:24:10 - [MESSAGE][PASSED] - Delayed 5 second(s)

2018-12-17 14:24:10 - [MESSAGE][PASSED] - Call Test Case 'Test Cases/Final Aug 2018 - PKS Automation/Create Employer Acc/Login to Employer Account (Second time)' successfully

2018-12-17 14:24:10 - [TEST_STEP][PASSED] - delay: Delayed 4 second(s)

2018-12-17 14:24:14 - [MESSAGE][PASSED] - Delayed 4 second(s)

2018-12-17 14:24:14 - [TEST_STEP][PASSED] - Statement - Try: Delayed 2 second(s)

2018-12-17 14:24:14 - [TEST_STEP][PASSED] - Statement - Checker = false: null

2018-12-17 14:24:14 - [TEST_STEP][PASSED] - Statement - Checker = com.kms.katalon.core.webui.keyword.WebUiBuiltInKeywords.verifyElementHasAttribute(com.kms.katalon.core.testobject.ObjectRepository.findTestObject(Final Object Repo/Landing Page/BM Detecting), "href", 20, OPTIONAL): Object 'Object Repository/Final Object Repo/Landing Page/BM Detecting' has attribute 'href'

2018-12-17 14:24:14 - [MESSAGE][PASSED] - Object 'Object Repository/Final Object Repo/Landing Page/BM Detecting' has attribute 'href'

2018-12-17 14:24:14 - [TEST_STEP][PASSED] - Statement - out.println(Checker): null

2018-12-17 14:24:14 - [TEST_STEP][PASSED] - Statement - If (Checker == false): null

2018-12-17 14:24:14 - [TEST_STEP][PASSED] - Statement - Else: null

2018-12-17 14:24:14 - [TEST_STEP][PASSED] - delay: Delayed 2 second(s)

2018-12-17 14:24:16 - [MESSAGE][PASSED] - Delayed 2 second(s)

2018-12-17 14:24:16 - [TEST_STEP][PASSED] - delay: Delayed 4 second(s)

2018-12-17 14:24:20 - [MESSAGE][PASSED] - Delayed 4 second(s)

2018-12-17 14:24:20 - [TEST_STEP][PASSED] - click: Object: 'Object Repository/Final Object Repo/Landing Page/My Sites Drop Down' is clicked on

2018-12-17 14:24:20 - [MESSAGE][PASSED] - Object: 'Object Repository/Final Object Repo/Landing Page/My Sites Drop Down' is clicked on

2018-12-17 14:24:20 - [TEST_STEP][PASSED] - click: Object: 'Object Repository/Final Object Repo/Landing Page/Select to Registration Module' is clicked on

2018-12-17 14:24:23 - [MESSAGE][PASSED] - Object: 'Object Repository/Final Object Repo/Landing Page/Select to Registration Module' is clicked on

2018-12-17 14:24:23 - [TEST_STEP][PASSED] - click: Object: 'Object Repository/Final Object Repo/Landing Page/Registration Button' is clicked on

2018-12-17 14:24:25 - [MESSAGE][PASSED] - Object: 'Object Repository/Final Object Repo/Landing Page/Registration Button' is clicked on

2018-12-17 14:24:25 - [TEST_STEP][PASSED] - delay: Delayed 2 second(s)

2018-12-17 14:24:27 - [MESSAGE][PASSED] - Delayed 2 second(s)

2018-12-17 14:24:27 - [TEST_STEP][PASSED] - click: Object: 'Object Repository/Final Object Repo/New Registration - Registration Module Pages/New Reg - OTC to RO/Special Case - OTC - Form 1/AEC NO' is clicked on

2018-12-17 14:24:27 - [MESSAGE][PASSED] - Object: 'Object Repository/Final Object Repo/New Registration - Registration Module Pages/New Reg - OTC to RO/Special Case - OTC - Form 1/AEC NO' is clicked on

2018-12-17 14:24:27 - [TEST_STEP][PASSED] - click: Object: 'Object Repository/Final Object Repo/New Registration - Registration Module Pages/New Reg - OTC to RO/Special Case - OTC - Form 1/Business Entity - Please Select' is clicked on

2018-12-17 14:24:27 - [MESSAGE][PASSED] - Object: 'Object Repository/Final Object Repo/New Registration - Registration Module Pages/New Reg - OTC to RO/Special Case - OTC - Form 1/Business Entity - Please Select' is clicked on

2018-12-17 14:24:27 - [TEST_STEP][PASSED] - click: Object: 'Object Repository/Final Object Repo/New Registration - Registration Module Pages/New Reg - OTC to RO/Special Case - OTC - Form 1/Selected - Corporation' is clicked on

2018-12-17 14:24:28 - [MESSAGE][PASSED] - Object: 'Object Repository/Final Object Repo/New Registration - Registration Module Pages/New Reg - OTC to RO/Special Case - OTC - Form 1/Selected - Corporation' is clicked on

2018-12-17 14:24:28 - [TEST_STEP][PASSED] - delay: Delayed 2 second(s)

2018-12-17 14:24:30 - [MESSAGE][PASSED] - Delayed 2 second(s)

2018-12-17 14:24:30 - [TEST_STEP][PASSED] - click: Object: 'Object Repository/Final Object Repo/New Registration - Registration Module Pages/New Reg - OTC to RO/Special Case - OTC - Form 1/Sub Business Entity - Please Select' is clicked on

2018-12-17 14:24:30 - [MESSAGE][PASSED] - Object: 'Object Repository/Final Object Repo/New Registration - Registration Module Pages/New Reg - OTC to RO/Special Case - OTC - Form 1/Sub Business Entity - Please Select' is clicked on

2018-12-17 14:24:30 - [TEST_STEP][PASSED] - delay: Delayed 2 second(s)

2018-12-17 14:24:32 - [MESSAGE][PASSED] - Delayed 2 second(s)

2018-12-17 14:24:32 - [TEST_STEP][PASSED] - click: Object: 'Object Repository/Final Object Repo/New Registration - Registration Module Pages/New Reg - OTC to RO/Special Case - OTC - Form 1/Selected - Sendirian Berhad' is clicked on

2018-12-17 14:24:32 - [MESSAGE][PASSED] - Object: 'Object Repository/Final Object Repo/New Registration - Registration Module Pages/New Reg - OTC to RO/Special Case - OTC - Form 1/Selected - Sendirian Berhad' is clicked on

2018-12-17 14:24:32 - [TEST_STEP][PASSED] - setText: Text 'AUTOMATE001' is set on object 'Object Repository/Final Object Repo/New Registration - Registration Module Pages/New Reg - OTC to RO/Special Case - OTC - Form 1/Input BRN Number'

2018-12-17 14:24:32 - [MESSAGE][PASSED] - Text 'AUTOMATE001' is set on object 'Object Repository/Final Object Repo/New Registration - Registration Module Pages/New Reg - OTC to RO/Special Case - OTC - Form 1/Input BRN Number'

2018-12-17 14:24:32 - [TEST_STEP][PASSED] - delay: Delayed 2 second(s)

2018-12-17 14:24:34 - [MESSAGE][PASSED] - Delayed 2 second(s)

2018-12-17 14:24:34 - [TEST_STEP][PASSED] - click: Object: 'Object Repository/Final Object Repo/New Registration - Registration Module Pages/New Reg - OTC to RO/Special Case - OTC - Form 1/BRN Search' is clicked on

2018-12-17 14:24:35 - [MESSAGE][PASSED] - Object: 'Object Repository/Final Object Repo/New Registration - Registration Module Pages/New Reg - OTC to RO/Special Case - OTC - Form 1/BRN Search' is clicked on

2018-12-17 14:24:35 - [TEST_STEP][PASSED] - delay: Delayed 4 second(s)

2018-12-17 14:24:39 - [MESSAGE][PASSED] - Delayed 4 second(s)

2018-12-17 14:24:39 - [TEST_STEP][PASSED] - click: Object: 'Object Repository/Final Object Repo/New Registration - Registration Module Pages/New Reg - OTC to RO/Special Case - OTC - Form 1/Registered with SSM - After Feb 2017' is clicked on

2018-12-17 14:24:39 - [MESSAGE][PASSED] - Object: 'Object Repository/Final Object Repo/New Registration - Registration Module Pages/New Reg - OTC to RO/Special Case - OTC - Form 1/Registered with SSM - After Feb 2017' is clicked on

2018-12-17 14:24:39 - [TEST_STEP][PASSED] - delay: Delayed 2 second(s)

2018-12-17 14:24:41 - [MESSAGE][PASSED] - Delayed 2 second(s)

2018-12-17 14:24:41 - [TEST_STEP][PASSED] - click: Object: 'Object Repository/Final Object Repo/New Registration - Registration Module Pages/Form 1/Registered As a Branch - Yes' is clicked on

2018-12-17 14:24:41 - [MESSAGE][PASSED] - Object: 'Object Repository/Final Object Repo/New Registration - Registration Module Pages/Form 1/Registered As a Branch - Yes' is clicked on

2018-12-17 14:24:41 - [TEST_STEP][PASSED] - click: Object: 'Object Repository/Final Object Repo/New Registration - Registration Module Pages/New Reg - OTC to RO/Special Case - OTC - Form 1/Acknowledgement Ticked' is clicked on

2018-12-17 14:24:41 - [MESSAGE][PASSED] - Object: 'Object Repository/Final Object Repo/New Registration - Registration Module Pages/New Reg - OTC to RO/Special Case - OTC - Form 1/Acknowledgement Ticked' is clicked on

2018-12-17 14:24:41 - [TEST_STEP][PASSED] - setText: Text 'perkeso955561717153@gmail.com' is set on object 'Object Repository/Final Object Repo/New Registration - Registration Module Pages/Form 1/Email'

2018-12-17 14:24:42 - [MESSAGE][PASSED] - Text 'perkeso955561717153@gmail.com' is set on object 'Object Repository/Final Object Repo/New Registration - Registration Module Pages/Form 1/Email'

2018-12-17 14:24:42 - [TEST_STEP][PASSED] - click: Object: 'Object Repository/Final Object Repo/New Registration - Registration Module Pages/New Reg - OTC to RO/Special Case - OTC - Form 1/Submit Button' is clicked on

2018-12-17 14:24:42 - [MESSAGE][PASSED] - Object: 'Object Repository/Final Object Repo/New Registration - Registration Module Pages/New Reg - OTC to RO/Special Case - OTC - Form 1/Submit Button' is clicked on

2018-12-17 14:24:42 - [TEST_STEP][PASSED] - callTestCase: Call Test Case 'Test Cases/Final Aug 2018 - PKS Automation/Registration Module/New Registration/Form 2/Add 1 Eligible - Employer Account Use' successfully

2018-12-17 14:24:42 - [TEST_CASE][PASSED] - Test Cases/Final Aug 2018 - PKS Automation/Registration Module/New Registration/Form 2/Add 1 Eligible - Employer Account Use: Test Cases/Final Aug 2018 - PKS Automation/Registration Module/New Registration/Form 2/Add 1 Eligible - Employer Account Use

2018-12-17 14:24:42 - [TEST_STEP][PASSED] - delay: Delayed 2 second(s)

2018-12-17 14:24:44 - [MESSAGE][PASSED] - Delayed 2 second(s)

2018-12-17 14:24:44 - [TEST_STEP][PASSED] - callTestCase: Call Test Case 'Test Cases/Final Aug 2018 - PKS Automation/Registration Module/New Registration/Form 2/Date Updater' successfully

2018-12-17 14:24:44 - [TEST_CASE][PASSED] - Test Cases/Final Aug 2018 - PKS Automation/Registration Module/New Registration/Form 2/Date Updater: Test Cases/Final Aug 2018 - PKS Automation/Registration Module/New Registration/Form 2/Date Updater

2018-12-17 14:24:44 - [TEST_STEP][PASSED] - Statement - TodayDate = new java.util.Date(): null

2018-12-17 14:24:44 - [TEST_STEP][PASSED] - Statement - CurrentDateNoFilter = new java.text.SimpleDateFormat(): null

2018-12-17 14:24:44 - [TEST_STEP][PASSED] - Statement - CurrentDateNoFilter.applyPattern("MM"): null

2018-12-17 14:24:44 - [TEST_STEP][PASSED] - Statement - monthContainerMatcher = java.lang.Integer.parseInt(CurrentDateNoFilter.format(TodayDate)): null

2018-12-17 14:24:44 - [TEST_STEP][PASSED] - Statement - monthContainerMatcher = monthContainerMatcher - 1: null

2018-12-17 14:24:44 - [TEST_STEP][PASSED] - Statement - CurrentMonth = monthContainerMatcher.toString(): null

2018-12-17 14:24:44 - [TEST_STEP][PASSED] - Statement - CurrentMonth = CurrentMonth: null

2018-12-17 14:24:44 - [TEST_STEP][PASSED] - Statement - CurrentDateNoFilter.applyPattern("yyyy"): null

2018-12-17 14:24:44 - [TEST_STEP][PASSED] - Statement - CurrentYear = CurrentDateNoFilter.format(TodayDate): null

2018-12-17 14:24:44 - [TEST_STEP][PASSED] - Statement - CurrentYear = CurrentYear: null

2018-12-17 14:24:44 - [TEST_STEP][PASSED] - Statement - intCurrentYear = java.lang.Integer.parseInt(CurrentDateNoFilter.format(TodayDate)): null

2018-12-17 14:24:44 - [TEST_STEP][PASSED] - Statement - eighteenYrsAgo = intCurrentYear - 18: null

2018-12-17 14:24:44 - [TEST_STEP][PASSED] - Statement - eighteenYrsBeforeThisYr = eighteenYrsAgo.toString(): null

2018-12-17 14:24:44 - [TEST_STEP][PASSED] - Statement - EighteenYrsBefore = eighteenYrsBeforeThisYr: null

2018-12-17 14:24:44 - [TEST_STEP][PASSED] - Statement - fiftysevenYrsAgo = intCurrentYear - 57: null

2018-12-17 14:24:44 - [TEST_STEP][PASSED] - Statement - fiftysevenYrsBeforeThisYr = fiftysevenYrsAgo.toString(): null

2018-12-17 14:24:44 - [TEST_STEP][PASSED] - Statement - FiftysevenYrsBefore = fiftysevenYrsBeforeThisYr: null

2018-12-17 14:24:44 - [TEST_STEP][PASSED] - Statement - leapYear = false: null

2018-12-17 14:24:44 - [TEST_STEP][PASSED] - Statement - leapYear = intCurrentYear % 4 == 0: null

2018-12-17 14:24:44 - [TEST_STEP][PASSED] - Statement - CurrentDateNoFilter.applyPattern("dd"): null

2018-12-17 14:24:45 - [TEST_STEP][PASSED] - Statement - CurrentDate = CurrentDateNoFilter.format(TodayDate): null

2018-12-17 14:24:45 - [TEST_STEP][PASSED] - Statement - CurrentDate = java.lang.Integer.parseInt(CurrentDate): null

2018-12-17 14:24:45 - [TEST_STEP][PASSED] - Statement - CurrentDate = CurrentDate: null

2018-12-17 14:24:45 - [TEST_STEP][PASSED] - Statement - CurrentDay = java.lang.Integer.parseInt(CurrentDate): null

2018-12-17 14:24:45 - [TEST_STEP][PASSED] - Statement - ConfAdder = <not implemented yet for class: org.codehaus.groovy.ast.expr.EmptyExpression>: null

2018-12-17 14:24:45 - [TEST_STEP][PASSED] - Statement - out.println(CurrentMonth): null

2018-12-17 14:24:45 - [TEST_STEP][PASSED] - Statement - out.println(CurrentDate): null

2018-12-17 14:24:45 - [TEST_STEP][PASSED] - Statement - switch (CurrentDate): null

2018-12-17 14:24:45 - [TEST_STEP][PASSED] - Statement - Default: null

2018-12-17 14:24:45 - [TEST_STEP][PASSED] - Statement - ConfAdder = true: null

2018-12-17 14:24:45 - [TEST_STEP][PASSED] - Statement - Break: null

2018-12-17 14:24:45 - [TEST_STEP][PASSED] - Statement - aDayBefore = <not implemented yet for class: org.codehaus.groovy.ast.expr.EmptyExpression>: null

2018-12-17 14:24:45 - [TEST_STEP][PASSED] - Statement - out.println(ConfAdder): null

2018-12-17 14:24:45 - [TEST_STEP][PASSED] - Statement - If (ConfAdder == true): null

2018-12-17 14:24:45 - [TEST_STEP][PASSED] - Statement - aDayBefore = CurrentDay + 1: null

2018-12-17 14:24:45 - [TEST_STEP][PASSED] - Statement - out.println(aDayBefore): null

2018-12-17 14:24:45 - [TEST_STEP][PASSED] - Statement - If (aDayBefore == 1 && CurrentMonth == 11): null

2018-12-17 14:24:45 - [TEST_STEP][PASSED] - Statement - DayBefore = aDayBefore.toString(): null

2018-12-17 14:24:45 - [TEST_STEP][PASSED] - Statement - OneDayBefore = DayBefore: null

2018-12-17 14:24:45 - [MESSAGE][PASSED] - Call Test Case 'Test Cases/Final Aug 2018 - PKS Automation/Registration Module/New Registration/Form 2/Date Updater' successfully

2018-12-17 14:24:45 - [TEST_STEP][PASSED] - delay: Delayed 1 second(s)

2018-12-17 14:24:46 - [MESSAGE][PASSED] - Delayed 1 second(s)

2018-12-17 14:24:46 - [TEST_STEP][PASSED] - Statement - CaseReferenceNo = com.kms.katalon.core.webui.keyword.WebUiBuiltInKeywords.getText(com.kms.katalon.core.testobject.ObjectRepository.findTestObject(Final Object Repo/New Registration - Registration Module Pages/Form 2/RefNo Acquiring)): Text of object 'Object Repository/Final Object Repo/New Registration - Registration Module Pages/Form 2/RefNo Acquiring' is: 'CRN12201800123366'

2018-12-17 14:24:46 - [MESSAGE][PASSED] - Text of object 'Object Repository/Final Object Repo/New Registration - Registration Module Pages/Form 2/RefNo Acquiring' is: 'CRN12201800123366'

2018-12-17 14:24:46 - [TEST_STEP][PASSED] - delay: Delayed 1 second(s)

2018-12-17 14:24:47 - [MESSAGE][PASSED] - Delayed 1 second(s)

2018-12-17 14:24:47 - [TEST_STEP][PASSED] - click: Object: 'Object Repository/Final Object Repo/New Registration - Registration Module Pages/Form 2/Add Employee Button' is clicked on

2018-12-17 14:24:47 - [MESSAGE][PASSED] - Object: 'Object Repository/Final Object Repo/New Registration - Registration Module Pages/Form 2/Add Employee Button' is clicked on

2018-12-17 14:24:47 - [TEST_STEP][PASSED] - delay: Delayed 1 second(s)

2018-12-17 14:24:48 - [MESSAGE][PASSED] - Delayed 1 second(s)

2018-12-17 14:24:48 - [TEST_STEP][PASSED] - setText: Text '010903091948' is set on object 'Object Repository/Final Object Repo/New Registration - Registration Module Pages/Form 2/NRIC Input'

2018-12-17 14:24:49 - [MESSAGE][PASSED] - Text '010903091948' is set on object 'Object Repository/Final Object Repo/New Registration - Registration Module Pages/Form 2/NRIC Input'

2018-12-17 14:24:49 - [TEST_STEP][PASSED] - delay: Delayed 2 second(s)

2018-12-17 14:24:51 - [MESSAGE][PASSED] - Delayed 2 second(s)

2018-12-17 14:24:51 - [TEST_STEP][PASSED] - setText: Text 'Automate001 eligible 1' is set on object 'Object Repository/Final Object Repo/New Registration - Registration Module Pages/Form 2/Employee Name Input'

2018-12-17 14:24:51 - [MESSAGE][PASSED] - Text 'Automate001 eligible 1' is set on object 'Object Repository/Final Object Repo/New Registration - Registration Module Pages/Form 2/Employee Name Input'

2018-12-17 14:24:51 - [TEST_STEP][PASSED] - delay: Delayed 2 second(s)

2018-12-17 14:24:53 - [MESSAGE][PASSED] - Delayed 2 second(s)

2018-12-17 14:24:53 - [TEST_STEP][PASSED] - click: Object: 'Object Repository/Final Object Repo/New Registration - Registration Module Pages/Form 2/DatePicker Pop Up' is clicked on

2018-12-17 14:24:54 - [MESSAGE][PASSED] - Object: 'Object Repository/Final Object Repo/New Registration - Registration Module Pages/Form 2/DatePicker Pop Up' is clicked on

2018-12-17 14:24:54 - [TEST_STEP][PASSED] - click: Object: 'Object Repository/Final Object Repo/New Registration - Registration Module Pages/Form 2/DOB Month' is clicked on

2018-12-17 14:24:54 - [MESSAGE][PASSED] - Object: 'Object Repository/Final Object Repo/New Registration - Registration Module Pages/Form 2/DOB Month' is clicked on

2018-12-17 14:24:54 - [TEST_STEP][PASSED] - Statement - CurrentMonth = CurrentMonth: null

2018-12-17 14:24:54 - [TEST_STEP][PASSED] - Statement - selectMonth = new com.kms.katalon.core.testobject.TestObject(): null

2018-12-17 14:24:54 - [TEST_STEP][PASSED] - Statement - selectMonth.addProperty("xpath", EQUALS, "//body/div/div/div/select/option[@value='" + CurrentMonth + "']", true): null

2018-12-17 14:24:54 - [TEST_STEP][PASSED] - click: Object: '' is clicked on

2018-12-17 14:24:54 - [MESSAGE][PASSED] - Object: '' is clicked on

2018-12-17 14:24:54 - [TEST_STEP][PASSED] - click: Object: 'Object Repository/Final Object Repo/New Registration - Registration Module Pages/Form 2/DOB Year' is clicked on

2018-12-17 14:24:54 - [MESSAGE][PASSED] - Object: 'Object Repository/Final Object Repo/New Registration - Registration Module Pages/Form 2/DOB Year' is clicked on

2018-12-17 14:24:54 - [TEST_STEP][PASSED] - Statement - Eyearsbf = EighteenYrsBefore: null

2018-12-17 14:24:54 - [TEST_STEP][PASSED] - Statement - selectYear = new com.kms.katalon.core.testobject.TestObject(): null

2018-12-17 14:24:54 - [TEST_STEP][PASSED] - Statement - selectYear.addProperty("xpath", EQUALS, "//div/div/div/select/option[@value='" + Eyearsbf + "']", true): null

2018-12-17 14:24:54 - [TEST_STEP][PASSED] - click: Object: '' is clicked on

2018-12-17 14:24:54 - [MESSAGE][PASSED] - Object: '' is clicked on

2018-12-17 14:24:54 - [TEST_STEP][PASSED] - Statement - UpdatedSelectDate = com.kms.katalon.core.webui.keyword.WebUiBuiltInKeywords.modifyObjectProperty(com.kms.katalon.core.testobject.ObjectRepository.findTestObject(Final Object Repo/New Registration - Registration Module Pages/Form 2/DOB Date), "xpath", "equals", "//body/div/table/tbody/tr/td/a[text()="" + CurrentDate + ""]", true): Modify property of object successfully

2018-12-17 14:24:54 - [MESSAGE][PASSED] - Modify property of object successfully

2018-12-17 14:24:54 - [TEST_STEP][PASSED] - delay: Delayed 3 second(s)

2018-12-17 14:24:57 - [MESSAGE][PASSED] - Delayed 3 second(s)

2018-12-17 14:24:57 - [TEST_STEP][PASSED] - click: Object: 'Object Repository/Final Object Repo/New Registration - Registration Module Pages/Form 2/DOB Date' is clicked on

2018-12-17 14:24:57 - [MESSAGE][PASSED] - Object: 'Object Repository/Final Object Repo/New Registration - Registration Module Pages/Form 2/DOB Date' is clicked on

2018-12-17 14:24:57 - [TEST_STEP][PASSED] - delay: Delayed 2 second(s)

2018-12-17 14:24:59 - [MESSAGE][PASSED] - Delayed 2 second(s)

2018-12-17 14:24:59 - [TEST_STEP][PASSED] - click: Object: 'Object Repository/Final Object Repo/New Registration - Registration Module Pages/Form 2/EmploymentStartDate Pop Up' is clicked on

2018-12-17 14:25:00 - [MESSAGE][PASSED] - Object: 'Object Repository/Final Object Repo/New Registration - Registration Module Pages/Form 2/EmploymentStartDate Pop Up' is clicked on

2018-12-17 14:25:00 - [TEST_STEP][PASSED] - delay: Delayed 2 second(s)

2018-12-17 14:25:02 - [MESSAGE][PASSED] - Delayed 2 second(s)

2018-12-17 14:25:02 - [TEST_STEP][PASSED] - click: Object: 'Object Repository/Final Object Repo/New Registration - Registration Module Pages/Form 2/Socso Employment StartDate Month' is clicked on

2018-12-17 14:25:02 - [MESSAGE][PASSED] - Object: 'Object Repository/Final Object Repo/New Registration - Registration Module Pages/Form 2/Socso Employment StartDate Month' is clicked on

2018-12-17 14:25:02 - [TEST_STEP][PASSED] - delay: Delayed 1 second(s)

2018-12-17 14:25:03 - [MESSAGE][PASSED] - Delayed 1 second(s)

2018-12-17 14:25:03 - [TEST_STEP][PASSED] - click: Object: 'Object Repository/Final Object Repo/New Registration - Registration Module Pages/Form 2/Select Socso Employement Startdate Month' is clicked on

2018-12-17 14:25:03 - [MESSAGE][PASSED] - Object: 'Object Repository/Final Object Repo/New Registration - Registration Module Pages/Form 2/Select Socso Employement Startdate Month' is clicked on

2018-12-17 14:25:03 - [TEST_STEP][PASSED] - delay: Delayed 2 second(s)

2018-12-17 14:25:05 - [MESSAGE][PASSED] - Delayed 2 second(s)

2018-12-17 14:25:05 - [TEST_STEP][PASSED] - click: Object: 'Object Repository/Final Object Repo/New Registration - Registration Module Pages/Form 2/Socso Employment StartDate Year' is clicked on

2018-12-17 14:25:05 - [MESSAGE][PASSED] - Object: 'Object Repository/Final Object Repo/New Registration - Registration Module Pages/Form 2/Socso Employment StartDate Year' is clicked on

2018-12-17 14:25:05 - [TEST_STEP][PASSED] - delay: Delayed 1 second(s)

2018-12-17 14:25:06 - [MESSAGE][PASSED] - Delayed 1 second(s)

2018-12-17 14:25:06 - [TEST_STEP][PASSED] - click: Object: 'Object Repository/Final Object Repo/New Registration - Registration Module Pages/Form 2/Select Socso Employment Startdate Year' is clicked on

2018-12-17 14:25:06 - [MESSAGE][PASSED] - Object: 'Object Repository/Final Object Repo/New Registration - Registration Module Pages/Form 2/Select Socso Employment Startdate Year' is clicked on

2018-12-17 14:25:06 - [TEST_STEP][PASSED] - delay: Delayed 2 second(s)

2018-12-17 14:25:08 - [MESSAGE][PASSED] - Delayed 2 second(s)

2018-12-17 14:25:08 - [TEST_STEP][PASSED] - click: Object: 'Object Repository/Final Object Repo/New Registration - Registration Module Pages/Form 2/Socso Employment Start Date Day' is clicked on

2018-12-17 14:25:08 - [MESSAGE][PASSED] - Object: 'Object Repository/Final Object Repo/New Registration - Registration Module Pages/Form 2/Socso Employment Start Date Day' is clicked on

2018-12-17 14:25:08 - [TEST_STEP][PASSED] - delay: Delayed 2 second(s)

2018-12-17 14:25:10 - [MESSAGE][PASSED] - Delayed 2 second(s)

2018-12-17 14:25:10 - [TEST_STEP][PASSED] - click: Object: 'Object Repository/Final Object Repo/New Registration - Registration Module Pages/Form 2/Save Button for Add Employee' is clicked on

2018-12-17 14:25:11 - [MESSAGE][PASSED] - Object: 'Object Repository/Final Object Repo/New Registration - Registration Module Pages/Form 2/Save Button for Add Employee' is clicked on

2018-12-17 14:25:11 - [TEST_STEP][PASSED] - delay: Delayed 6 second(s)

2018-12-17 14:25:17 - [MESSAGE][PASSED] - Delayed 6 second(s)

2018-12-17 14:25:17 - [TEST_STEP][PASSED] - click: Object: 'Object Repository/Final Object Repo/New Registration - Registration Module Pages/Form 2/Save and Continue Form 2' is clicked on

2018-12-17 14:25:17 - [MESSAGE][PASSED] - Object: 'Object Repository/Final Object Repo/New Registration - Registration Module Pages/Form 2/Save and Continue Form 2' is clicked on

2018-12-17 14:25:17 - [MESSAGE][PASSED] - Call Test Case 'Test Cases/Final Aug 2018 - PKS Automation/Registration Module/New Registration/Form 2/Add 1 Eligible - Employer Account Use' successfully

2018-12-17 14:25:17 - [TEST_STEP][PASSED] - callTestCase: Call Test Case 'Test Cases/Final Aug 2018 - PKS Automation/Registration Module/New Registration/Flow of New Registration/Third Screen - Upload Supporting Doc - Preview' successfully

2018-12-17 14:25:17 - [TEST_CASE][PASSED] - Test Cases/Final Aug 2018 - PKS Automation/Registration Module/New Registration/Flow of New Registration/Third Screen - Upload Supporting Doc - Preview: Test Cases/Final Aug 2018 - PKS Automation/Registration Module/New Registration/Flow of New Registration/Third Screen - Upload Supporting Doc - Preview

2018-12-17 14:25:17 - [TEST_STEP][PASSED] - waitForPageLoad: Wait for page load successfully

2018-12-17 14:25:18 - [MESSAGE][PASSED] - Wait for page load successfully

2018-12-17 14:25:18 - [TEST_STEP][PASSED] - Statement - CaseReferenceNo = com.kms.katalon.core.webui.keyword.WebUiBuiltInKeywords.getText(com.kms.katalon.core.testobject.ObjectRepository.findTestObject(Final Object Repo/New Registration - Registration Module Pages/Third Screen - Upload Supporting Doc- Preview/RefNo Acquiring)): Text of object 'Object Repository/Final Object Repo/New Registration - Registration Module Pages/Third Screen - Upload Supporting Doc- Preview/RefNo Acquiring' is: 'CRN12201800123366'

2018-12-17 14:25:18 - [MESSAGE][PASSED] - Text of object 'Object Repository/Final Object Repo/New Registration - Registration Module Pages/Third Screen - Upload Supporting Doc- Preview/RefNo Acquiring' is: 'CRN12201800123366'

2018-12-17 14:25:18 - [TEST_STEP][PASSED] - delay: Delayed 2 second(s)

2018-12-17 14:25:20 - [MESSAGE][PASSED] - Delayed 2 second(s)

2018-12-17 14:25:20 - [TEST_STEP][PASSED] - callTestCase: Call Test Case 'Test Cases/Final Aug 2018 - PKS Automation/Common/Reference Number Setter' successfully

2018-12-17 14:25:20 - [TEST_CASE][PASSED] - Test Cases/Final Aug 2018 - PKS Automation/Common/Reference Number Setter: Test Cases/Final Aug 2018 - PKS Automation/Common/Reference Number Setter

2018-12-17 14:25:20 - [TEST_STEP][PASSED] - Statement - RefNoOldFile = new java.io.File(C://Users//Admin//Desktop//PKS//Automation Reference Point//KatalonReference.txt): null

2018-12-17 14:25:20 - [TEST_STEP][PASSED] - Statement - RefNoOldFile.delete(): null

2018-12-17 14:25:20 - [TEST_STEP][PASSED] - delay: Delayed 5 second(s)

2018-12-17 14:25:25 - [MESSAGE][PASSED] - Delayed 5 second(s)

2018-12-17 14:25:25 - [TEST_STEP][PASSED] - Statement - RefNo = new java.io.File(C://Users//Admin//Desktop//PKS//Automation Reference Point//KatalonReference.txt): null

2018-12-17 14:25:25 - [TEST_STEP][PASSED] - Statement - f2 = new java.io.FileWriter(RefNo, false): null

2018-12-17 14:25:25 - [TEST_STEP][PASSED] - Statement - f2.write(CaseReferenceNo): null

2018-12-17 14:25:25 - [TEST_STEP][PASSED] - Statement - f2.close(): null

2018-12-17 14:25:25 - [TEST_STEP][PASSED] - Statement - out.println("


" + CaseReferenceNo + "


"): null

2018-12-17 14:25:25 - [MESSAGE][PASSED] - Call Test Case 'Test Cases/Final Aug 2018 - PKS Automation/Common/Reference Number Setter' successfully

2018-12-17 14:25:25 - [TEST_STEP][PASSED] - waitForElementClickable: Object 'Object Repository/Final Object Repo/New Registration - Registration Module Pages/Third Screen - Upload Supporting Doc- Preview/Save n Continue in SIP Employee Listing Page' is clickable

2018-12-17 14:25:25 - [MESSAGE][PASSED] - Object 'Object Repository/Final Object Repo/New Registration - Registration Module Pages/Third Screen - Upload Supporting Doc- Preview/Save n Continue in SIP Employee Listing Page' is clickable

2018-12-17 14:25:25 - [TEST_STEP][PASSED] - click: Object: 'Object Repository/Final Object Repo/New Registration - Registration Module Pages/Third Screen - Upload Supporting Doc- Preview/Save n Continue in SIP Employee Listing Page' is clicked on

2018-12-17 14:25:30 - [MESSAGE][PASSED] - Object: 'Object Repository/Final Object Repo/New Registration - Registration Module Pages/Third Screen - Upload Supporting Doc- Preview/Save n Continue in SIP Employee Listing Page' is clicked on

2018-12-17 14:25:30 - [TEST_STEP][PASSED] - delay: Delayed 7 second(s)

2018-12-17 14:25:37 - [MESSAGE][PASSED] - Delayed 7 second(s)

2018-12-17 14:25:37 - [TEST_STEP][PASSED] - click: Object: 'Object Repository/Final Object Repo/New Registration - Registration Module Pages/Third Screen - Upload Supporting Doc- Preview/Add Document Button' is clicked on

2018-12-17 14:25:37 - [MESSAGE][PASSED] - Object: 'Object Repository/Final Object Repo/New Registration - Registration Module Pages/Third Screen - Upload Supporting Doc- Preview/Add Document Button' is clicked on

2018-12-17 14:25:37 - [TEST_STEP][PASSED] - delay: Delayed 30 second(s)

2018-12-17 14:26:07 - [MESSAGE][PASSED] - Delayed 30 second(s)

2018-12-17 14:26:07 - [TEST_STEP][PASSED] - click: Object: 'Object Repository/Final Object Repo/New Registration - Registration Module Pages/Third Screen - Upload Supporting Doc- Preview/Supporting Doc Please Select Drop Down' is clicked on

2018-12-17 14:26:08 - [MESSAGE][PASSED] - Object: 'Object Repository/Final Object Repo/New Registration - Registration Module Pages/Third Screen - Upload Supporting Doc- Preview/Supporting Doc Please Select Drop Down' is clicked on

2018-12-17 14:26:08 - [TEST_STEP][PASSED] - delay: Delayed 2 second(s)

2018-12-17 14:26:10 - [MESSAGE][PASSED] - Delayed 2 second(s)

2018-12-17 14:26:10 - [TEST_STEP][PASSED] - click: Object: 'Object Repository/Final Object Repo/New Registration - Registration Module Pages/Third Screen - Upload Supporting Doc- Preview/Select to Upload Form 1' is clicked on

2018-12-17 14:26:10 - [MESSAGE][PASSED] - Object: 'Object Repository/Final Object Repo/New Registration - Registration Module Pages/Third Screen - Upload Supporting Doc- Preview/Select to Upload Form 1' is clicked on

2018-12-17 14:26:10 - [TEST_STEP][PASSED] - delay: Delayed 2 second(s)

2018-12-17 14:26:12 - [MESSAGE][PASSED] - Delayed 2 second(s)

2018-12-17 14:26:12 - [TEST_STEP][PASSED] - uploadFile: File 'C:\Users\Public\Pictures\Sample Pictures\Koala.jpg' sent to object: 'Object Repository/Final Object Repo/New Registration - Registration Module Pages/Third Screen - Upload Supporting Doc- Preview/Upload File Adding'

2018-12-17 14:26:12 - [MESSAGE][PASSED] - File 'C:\Users\Public\Pictures\Sample Pictures\Koala.jpg' sent to object: 'Object Repository/Final Object Repo/New Registration - Registration Module Pages/Third Screen - Upload Supporting Doc- Preview/Upload File Adding'

2018-12-17 14:26:12 - [TEST_STEP][PASSED] - delay: Delayed 5 second(s)

2018-12-17 14:26:17 - [MESSAGE][PASSED] - Delayed 5 second(s)

2018-12-17 14:26:17 - [TEST_STEP][PASSED] - click: Object: 'Object Repository/Final Object Repo/New Registration - Registration Module Pages/Third Screen - Upload Supporting Doc- Preview/Inner Form Add Document Button' is clicked on

2018-12-17 14:26:17 - [MESSAGE][PASSED] - Object: 'Object Repository/Final Object Repo/New Registration - Registration Module Pages/Third Screen - Upload Supporting Doc- Preview/Inner Form Add Document Button' is clicked on

2018-12-17 14:26:17 - [TEST_STEP][PASSED] - delay: Delayed 3 second(s)

2018-12-17 14:26:20 - [MESSAGE][PASSED] - Delayed 3 second(s)

2018-12-17 14:26:20 - [TEST_STEP][PASSED] - click: Object: 'Object Repository/Final Object Repo/New Registration - Registration Module Pages/Third Screen - Upload Supporting Doc- Preview/Add Document Button' is clicked on

2018-12-17 14:26:21 - [MESSAGE][PASSED] - Object: 'Object Repository/Final Object Repo/New Registration - Registration Module Pages/Third Screen - Upload Supporting Doc- Preview/Add Document Button' is clicked on

2018-12-17 14:26:21 - [TEST_STEP][PASSED] - delay: Delayed 30 second(s)

2018-12-17 14:26:51 - [MESSAGE][PASSED] - Delayed 30 second(s)

2018-12-17 14:26:51 - [TEST_STEP][PASSED] - click: Object: 'Object Repository/Final Object Repo/New Registration - Registration Module Pages/Third Screen - Upload Supporting Doc- Preview/Supporting Doc Please Select Drop Down' is clicked on

2018-12-17 14:26:52 - [MESSAGE][PASSED] - Object: 'Object Repository/Final Object Repo/New Registration - Registration Module Pages/Third Screen - Upload Supporting Doc- Preview/Supporting Doc Please Select Drop Down' is clicked on

2018-12-17 14:26:52 - [TEST_STEP][PASSED] - delay: Delayed 4 second(s)

2018-12-17 14:26:56 - [MESSAGE][PASSED] - Delayed 4 second(s)

2018-12-17 14:26:56 - [TEST_STEP][PASSED] - click: Object: 'Object Repository/Final Object Repo/New Registration - Registration Module Pages/Third Screen - Upload Supporting Doc- Preview/Select to Upload Form 2' is clicked on

2018-12-17 14:26:56 - [MESSAGE][PASSED] - Object: 'Object Repository/Final Object Repo/New Registration - Registration Module Pages/Third Screen - Upload Supporting Doc- Preview/Select to Upload Form 2' is clicked on

2018-12-17 14:26:56 - [TEST_STEP][PASSED] - delay: Delayed 2 second(s)

2018-12-17 14:26:58 - [MESSAGE][PASSED] - Delayed 2 second(s)

2018-12-17 14:26:58 - [TEST_STEP][PASSED] - uploadFile: File 'C:\Users\Public\Pictures\Sample Pictures\Koala.jpg' sent to object: 'Object Repository/Final Object Repo/New Registration - Registration Module Pages/Third Screen - Upload Supporting Doc- Preview/Upload File Adding'

2018-12-17 14:26:58 - [MESSAGE][PASSED] - File 'C:\Users\Public\Pictures\Sample Pictures\Koala.jpg' sent to object: 'Object Repository/Final Object Repo/New Registration - Registration Module Pages/Third Screen - Upload Supporting Doc- Preview/Upload File Adding'

2018-12-17 14:26:58 - [TEST_STEP][PASSED] - click: Object: 'Object Repository/Final Object Repo/New Registration - Registration Module Pages/Third Screen - Upload Supporting Doc- Preview/Inner Form Add Document Button' is clicked on

2018-12-17 14:26:58 - [MESSAGE][PASSED] - Object: 'Object Repository/Final Object Repo/New Registration - Registration Module Pages/Third Screen - Upload Supporting Doc- Preview/Inner Form Add Document Button' is clicked on

2018-12-17 14:26:58 - [TEST_STEP][PASSED] - delay: Delayed 5 second(s)

2018-12-17 14:27:03 - [MESSAGE][PASSED] - Delayed 5 second(s)

2018-12-17 14:27:03 - [TEST_STEP][PASSED] - click: Object: 'Object Repository/Final Object Repo/New Registration - Registration Module Pages/Third Screen - Upload Supporting Doc- Preview/Add Document Button' is clicked on

2018-12-17 14:27:03 - [MESSAGE][PASSED] - Object: 'Object Repository/Final Object Repo/New Registration - Registration Module Pages/Third Screen - Upload Supporting Doc- Preview/Add Document Button' is clicked on

2018-12-17 14:27:03 - [TEST_STEP][PASSED] - delay: Delayed 30 second(s)

2018-12-17 14:27:33 - [MESSAGE][PASSED] - Delayed 30 second(s)

2018-12-17 14:27:33 - [TEST_STEP][PASSED] - click: Object: 'Object Repository/Final Object Repo/New Registration - Registration Module Pages/Third Screen - Upload Supporting Doc- Preview/Supporting Doc Please Select Drop Down' is clicked on

2018-12-17 14:27:34 - [MESSAGE][PASSED] - Object: 'Object Repository/Final Object Repo/New Registration - Registration Module Pages/Third Screen - Upload Supporting Doc- Preview/Supporting Doc Please Select Drop Down' is clicked on

2018-12-17 14:27:34 - [TEST_STEP][PASSED] - click: Object: 'Object Repository/Final Object Repo/New Registration - Registration Module Pages/Third Screen - Upload Supporting Doc- Preview/Select to Upload Borang SIP 1' is clicked on

2018-12-17 14:27:34 - [MESSAGE][PASSED] - Object: 'Object Repository/Final Object Repo/New Registration - Registration Module Pages/Third Screen - Upload Supporting Doc- Preview/Select to Upload Borang SIP 1' is clicked on

2018-12-17 14:27:34 - [TEST_STEP][PASSED] - delay: Delayed 2 second(s)

2018-12-17 14:27:36 - [MESSAGE][PASSED] - Delayed 2 second(s)

2018-12-17 14:27:36 - [TEST_STEP][PASSED] - uploadFile: File 'C:\Users\Public\Pictures\Sample Pictures\Koala.jpg' sent to object: 'Object Repository/Final Object Repo/New Registration - Registration Module Pages/Third Screen - Upload Supporting Doc- Preview/Upload File Adding'

2018-12-17 14:27:36 - [MESSAGE][PASSED] - File 'C:\Users\Public\Pictures\Sample Pictures\Koala.jpg' sent to object: 'Object Repository/Final Object Repo/New Registration - Registration Module Pages/Third Screen - Upload Supporting Doc- Preview/Upload File Adding'

2018-12-17 14:27:36 - [TEST_STEP][PASSED] - click: Object: 'Object Repository/Final Object Repo/New Registration - Registration Module Pages/Third Screen - Upload Supporting Doc- Preview/Inner Form Add Document Button' is clicked on

2018-12-17 14:27:36 - [MESSAGE][PASSED] - Object: 'Object Repository/Final Object Repo/New Registration - Registration Module Pages/Third Screen - Upload Supporting Doc- Preview/Inner Form Add Document Button' is clicked on

2018-12-17 14:27:36 - [TEST_STEP][PASSED] - delay: Delayed 5 second(s)

2018-12-17 14:27:41 - [MESSAGE][PASSED] - Delayed 5 second(s)

2018-12-17 14:27:41 - [TEST_STEP][PASSED] - click: Object: 'Object Repository/Final Object Repo/New Registration - Registration Module Pages/Third Screen - Upload Supporting Doc- Preview/Add Document Button' is clicked on

2018-12-17 14:27:41 - [MESSAGE][PASSED] - Object: 'Object Repository/Final Object Repo/New Registration - Registration Module Pages/Third Screen - Upload Supporting Doc- Preview/Add Document Button' is clicked on

2018-12-17 14:27:41 - [TEST_STEP][PASSED] - delay: Delayed 30 second(s)

2018-12-17 14:28:11 - [MESSAGE][PASSED] - Delayed 30 second(s)

2018-12-17 14:28:11 - [TEST_STEP][PASSED] - click: Object: 'Object Repository/Final Object Repo/New Registration - Registration Module Pages/Third Screen - Upload Supporting Doc- Preview/Supporting Doc Please Select Drop Down' is clicked on

2018-12-17 14:28:11 - [MESSAGE][PASSED] - Object: 'Object Repository/Final Object Repo/New Registration - Registration Module Pages/Third Screen - Upload Supporting Doc- Preview/Supporting Doc Please Select Drop Down' is clicked on

2018-12-17 14:28:11 - [TEST_STEP][PASSED] - delay: Delayed 3 second(s)

2018-12-17 14:28:14 - [MESSAGE][PASSED] - Delayed 3 second(s)

2018-12-17 14:28:14 - [TEST_STEP][PASSED] - click: Object: 'Object Repository/Final Object Repo/New Registration - Registration Module Pages/Third Screen - Upload Supporting Doc- Preview/Select to Upload Borang SIP 2' is clicked on

2018-12-17 14:28:15 - [MESSAGE][PASSED] - Object: 'Object Repository/Final Object Repo/New Registration - Registration Module Pages/Third Screen - Upload Supporting Doc- Preview/Select to Upload Borang SIP 2' is clicked on

2018-12-17 14:28:15 - [TEST_STEP][PASSED] - delay: Delayed 2 second(s)

2018-12-17 14:28:17 - [MESSAGE][PASSED] - Delayed 2 second(s)

2018-12-17 14:28:17 - [TEST_STEP][PASSED] - uploadFile: File 'C:\Users\Public\Pictures\Sample Pictures\Koala.jpg' sent to object: 'Object Repository/Final Object Repo/New Registration - Registration Module Pages/Third Screen - Upload Supporting Doc- Preview/Upload File Adding'

2018-12-17 14:28:17 - [MESSAGE][PASSED] - File 'C:\Users\Public\Pictures\Sample Pictures\Koala.jpg' sent to object: 'Object Repository/Final Object Repo/New Registration - Registration Module Pages/Third Screen - Upload Supporting Doc- Preview/Upload File Adding'

2018-12-17 14:28:17 - [TEST_STEP][PASSED] - delay: Delayed 5 second(s)

2018-12-17 14:28:22 - [MESSAGE][PASSED] - Delayed 5 second(s)

2018-12-17 14:28:22 - [TEST_STEP][PASSED] - click: Object: 'Object Repository/Final Object Repo/New Registration - Registration Module Pages/Third Screen - Upload Supporting Doc- Preview/Inner Form Add Document Button' is clicked on

2018-12-17 14:28:22 - [MESSAGE][PASSED] - Object: 'Object Repository/Final Object Repo/New Registration - Registration Module Pages/Third Screen - Upload Supporting Doc- Preview/Inner Form Add Document Button' is clicked on

2018-12-17 14:28:22 - [TEST_STEP][PASSED] - delay: Delayed 3 second(s)

2018-12-17 14:28:25 - [MESSAGE][PASSED] - Delayed 3 second(s)

2018-12-17 14:28:25 - [TEST_STEP][PASSED] - waitForElementClickable: Object 'Object Repository/Final Object Repo/New Registration - Registration Module Pages/Third Screen - Upload Supporting Doc- Preview/Save n Continue in Uploading Supporting Doc Page' is clickable

2018-12-17 14:28:26 - [MESSAGE][PASSED] - Object 'Object Repository/Final Object Repo/New Registration - Registration Module Pages/Third Screen - Upload Supporting Doc- Preview/Save n Continue in Uploading Supporting Doc Page' is clickable

2018-12-17 14:28:26 - [TEST_STEP][PASSED] - click: Object: 'Object Repository/Final Object Repo/New Registration - Registration Module Pages/Third Screen - Upload Supporting Doc- Preview/Save n Continue in Uploading Supporting Doc Page' is clicked on

2018-12-17 14:28:27 - [MESSAGE][PASSED] - Object: 'Object Repository/Final Object Repo/New Registration - Registration Module Pages/Third Screen - Upload Supporting Doc- Preview/Save n Continue in Uploading Supporting Doc Page' is clicked on

2018-12-17 14:28:27 - [MESSAGE][PASSED] - Call Test Case 'Test Cases/Final Aug 2018 - PKS Automation/Registration Module/New Registration/Flow of New Registration/Third Screen - Upload Supporting Doc - Preview' successfully

2018-12-17 14:28:27 - [TEST_STEP][PASSED] - setText: Text 'Tester' is set on object 'Object Repository/Final Object Repo/New Registration - Registration Module Pages/New Reg - OTC to RO/Special Case - All Related Objects/Employer Preview Name'

2018-12-17 14:28:31 - [MESSAGE][PASSED] - Text 'Tester' is set on object 'Object Repository/Final Object Repo/New Registration - Registration Module Pages/New Reg - OTC to RO/Special Case - All Related Objects/Employer Preview Name'

2018-12-17 14:28:31 - [TEST_STEP][PASSED] - click: Object: 'Object Repository/Final Object Repo/New Registration - Registration Module Pages/New Reg - OTC to RO/Special Case - All Related Objects/IC Type Drop Down' is clicked on

2018-12-17 14:28:31 - [MESSAGE][PASSED] - Object: 'Object Repository/Final Object Repo/New Registration - Registration Module Pages/New Reg - OTC to RO/Special Case - All Related Objects/IC Type Drop Down' is clicked on

2018-12-17 14:28:31 - [TEST_STEP][PASSED] - click: Object: 'Object Repository/Final Object Repo/New Registration - Registration Module Pages/New Reg - OTC to RO/Special Case - All Related Objects/Select to NRIC' is clicked on

2018-12-17 14:28:32 - [MESSAGE][PASSED] - Object: 'Object Repository/Final Object Repo/New Registration - Registration Module Pages/New Reg - OTC to RO/Special Case - All Related Objects/Select to NRIC' is clicked on

2018-12-17 14:28:32 - [TEST_STEP][PASSED] - setText: Text '133245561223' is set on object 'Object Repository/Final Object Repo/New Registration - Registration Module Pages/New Reg - OTC to RO/Special Case - All Related Objects/IC Value'

2018-12-17 14:28:32 - [MESSAGE][PASSED] - Text '133245561223' is set on object 'Object Repository/Final Object Repo/New Registration - Registration Module Pages/New Reg - OTC to RO/Special Case - All Related Objects/IC Value'

2018-12-17 14:28:32 - [TEST_STEP][PASSED] - setText: Text 'Auto' is set on object 'Object Repository/Final Object Repo/New Registration - Registration Module Pages/New Reg - OTC to RO/Special Case - All Related Objects/Designation'

2018-12-17 14:28:32 - [MESSAGE][PASSED] - Text 'Auto' is set on object 'Object Repository/Final Object Repo/New Registration - Registration Module Pages/New Reg - OTC to RO/Special Case - All Related Objects/Designation'

2018-12-17 14:28:32 - [TEST_STEP][PASSED] - callTestCase: Call Test Case 'Test Cases/Final Aug 2018 - PKS Automation/Registration Module/New Registration/Submit and Screenshot/Submit Registration and Screenshot - Copy' successfully

2018-12-17 14:28:32 - [TEST_CASE][PASSED] - Test Cases/Final Aug 2018 - PKS Automation/Registration Module/New Registration/Submit and Screenshot/Submit Registration and Screenshot - Copy: Test Cases/Final Aug 2018 - PKS Automation/Registration Module/New Registration/Submit and Screenshot/Submit Registration and Screenshot - Copy

2018-12-17 14:28:32 - [TEST_STEP][PASSED] - delay: Delayed 6 second(s)

2018-12-17 14:28:38 - [MESSAGE][PASSED] - Delayed 6 second(s)

2018-12-17 14:28:38 - [TEST_STEP][PASSED] - click: Object: 'Object Repository/Final Object Repo/New Registration - Registration Module Pages/Third Screen - Upload Supporting Doc- Preview/Preview Submit Button' is clicked on

2018-12-17 14:28:39 - [MESSAGE][PASSED] - Object: 'Object Repository/Final Object Repo/New Registration - Registration Module Pages/Third Screen - Upload Supporting Doc- Preview/Preview Submit Button' is clicked on

2018-12-17 14:28:39 - [TEST_STEP][PASSED] - delay: Delayed 2 second(s)

2018-12-17 14:28:41 - [MESSAGE][PASSED] - Delayed 2 second(s)

2018-12-17 14:28:41 - [TEST_STEP][PASSED] - click: Object: 'Object Repository/Final Object Repo/New Registration - Registration Module Pages/Third Screen - Upload Supporting Doc- Preview/Preview Submit - Confirm' is clicked on

2018-12-17 14:28:41 - [MESSAGE][PASSED] - Object: 'Object Repository/Final Object Repo/New Registration - Registration Module Pages/Third Screen - Upload Supporting Doc- Preview/Preview Submit - Confirm' is clicked on

2018-12-17 14:28:41 - [TEST_STEP][PASSED] - delay: Delayed 15 second(s)

2018-12-17 14:28:56 - [MESSAGE][PASSED] - Delayed 15 second(s)

2018-12-17 14:28:56 - [TEST_STEP][PASSED] - Statement - driver = com.kms.katalon.core.webui.driver.DriverFactory.getWebDriver(): null

2018-12-17 14:28:56 - [TEST_STEP][PASSED] - Statement - driver.manage().timeouts().implicitlyWait(10, SECONDS): null

2018-12-17 14:28:56 - [TEST_STEP][PASSED] - Statement - PresavePath = KatalonScreenshots: null

2018-12-17 14:28:56 - [TEST_STEP][PASSED] - Statement - pathPrefix = "C:\Users\Public\Pictures\Sample Pictures\Katalon Screenshots\Automate Ending Screen": null

2018-12-17 14:28:56 - [TEST_STEP][PASSED] - Statement - finalPath = <not implemented yet for class: org.codehaus.groovy.ast.expr.EmptyExpression>: null

2018-12-17 14:28:56 - [TEST_STEP][PASSED] - Statement - scrFile = driver.getScreenshotAs(FILE): null

2018-12-17 14:28:56 - [TEST_STEP][PASSED] - Statement - PreSaveFile = new java.io.File(PresavePath): null

2018-12-17 14:28:56 - [TEST_STEP][PASSED] - Statement - counter = 0: null

2018-12-17 14:28:56 - [TEST_STEP][PASSED] - Statement - If (PreSaveFile.exists()): null

2018-12-17 14:28:56 - [TEST_STEP][PASSED] - Statement - While (PreSaveFile.exists()): null

2018-12-17 14:28:56 - [TEST_STEP][PASSED] - Statement - counter = counter + 1: null

2018-12-17 14:28:56 - [TEST_STEP][PASSED] - Statement - PreSaveFile = new java.io.File(((pathPrefix + java.lang.Integer.toString(counter)) + .png)): null

2018-12-17 14:28:56 - [TEST_STEP][PASSED] - Statement - counter = counter + 1: null

2018-12-17 14:28:56 - [TEST_STEP][PASSED] - Statement - PreSaveFile = new java.io.File(((pathPrefix + java.lang.Integer.toString(counter)) + .png)): null

2018-12-17 14:28:56 - [TEST_STEP][PASSED] - Statement - counter = counter + 1: null

2018-12-17 14:28:56 - [TEST_STEP][PASSED] - Statement - PreSaveFile = new java.io.File(((pathPrefix + java.lang.Integer.toString(counter)) + .png)): null

2018-12-17 14:28:56 - [TEST_STEP][PASSED] - Statement - counter = counter + 1: null

2018-12-17 14:28:56 - [TEST_STEP][PASSED] - Statement - PreSaveFile = new java.io.File(((pathPrefix + java.lang.Integer.toString(counter)) + .png)): null

2018-12-17 14:28:56 - [TEST_STEP][PASSED] - Statement - counter = counter + 1: null

2018-12-17 14:28:56 - [TEST_STEP][PASSED] - Statement - PreSaveFile = new java.io.File(((pathPrefix + java.lang.Integer.toString(counter)) + .png)): null

2018-12-17 14:28:56 - [TEST_STEP][PASSED] - Statement - counter = counter + 1: null

2018-12-17 14:28:56 - [TEST_STEP][PASSED] - Statement - PreSaveFile = new java.io.File(((pathPrefix + java.lang.Integer.toString(counter)) + .png)): null

2018-12-17 14:28:56 - [TEST_STEP][PASSED] - Statement - counter = counter + 1: null

2018-12-17 14:28:56 - [TEST_STEP][PASSED] - Statement - PreSaveFile = new java.io.File(((pathPrefix + java.lang.Integer.toString(counter)) + .png)): null

2018-12-17 14:28:56 - [TEST_STEP][PASSED] - Statement - counter = counter + 1: null

2018-12-17 14:28:56 - [TEST_STEP][PASSED] - Statement - PreSaveFile = new java.io.File(((pathPrefix + java.lang.Integer.toString(counter)) + .png)): null

2018-12-17 14:28:56 - [TEST_STEP][PASSED] - Statement - counter = counter + 1: null

2018-12-17 14:28:56 - [TEST_STEP][PASSED] - Statement - PreSaveFile = new java.io.File(((pathPrefix + java.lang.Integer.toString(counter)) + .png)): null

2018-12-17 14:28:56 - [TEST_STEP][PASSED] - Statement - counter = counter + 1: null

2018-12-17 14:28:56 - [TEST_STEP][PASSED] - Statement - PreSaveFile = new java.io.File(((pathPrefix + java.lang.Integer.toString(counter)) + .png)): null

2018-12-17 14:28:56 - [TEST_STEP][PASSED] - Statement - counter = counter + 1: null

2018-12-17 14:28:56 - [TEST_STEP][PASSED] - Statement - PreSaveFile = new java.io.File(((pathPrefix + java.lang.Integer.toString(counter)) + .png)): null

2018-12-17 14:28:56 - [TEST_STEP][PASSED] - Statement - counter = counter + 1: null

2018-12-17 14:28:56 - [TEST_STEP][PASSED] - Statement - PreSaveFile = new java.io.File(((pathPrefix + java.lang.Integer.toString(counter)) + .png)): null

2018-12-17 14:28:56 - [TEST_STEP][PASSED] - Statement - counter = counter + 1: null

2018-12-17 14:28:56 - [TEST_STEP][PASSED] - Statement - PreSaveFile = new java.io.File(((pathPrefix + java.lang.Integer.toString(counter)) + .png)): null

2018-12-17 14:28:56 - [TEST_STEP][PASSED] - Statement - counter = counter + 1: null

2018-12-17 14:28:56 - [TEST_STEP][PASSED] - Statement - PreSaveFile = new java.io.File(((pathPrefix + java.lang.Integer.toString(counter)) + .png)): null

2018-12-17 14:28:56 - [TEST_STEP][PASSED] - Statement - counter = counter + 1: null

2018-12-17 14:28:56 - [TEST_STEP][PASSED] - Statement - PreSaveFile = new java.io.File(((pathPrefix + java.lang.Integer.toString(counter)) + .png)): null

2018-12-17 14:28:56 - [TEST_STEP][PASSED] - Statement - counter = counter + 1: null

2018-12-17 14:28:56 - [TEST_STEP][PASSED] - Statement - PreSaveFile = new java.io.File(((pathPrefix + java.lang.Integer.toString(counter)) + .png)): null

2018-12-17 14:28:56 - [TEST_STEP][PASSED] - Statement - counter = counter + 1: null

2018-12-17 14:28:56 - [TEST_STEP][PASSED] - Statement - PreSaveFile = new java.io.File(((pathPrefix + java.lang.Integer.toString(counter)) + .png)): null

2018-12-17 14:28:56 - [TEST_STEP][PASSED] - Statement - counter = counter + 1: null

2018-12-17 14:28:56 - [TEST_STEP][PASSED] - Statement - PreSaveFile = new java.io.File(((pathPrefix + java.lang.Integer.toString(counter)) + .png)): null

2018-12-17 14:28:56 - [TEST_STEP][PASSED] - Statement - counter = counter + 1: null

2018-12-17 14:28:56 - [TEST_STEP][PASSED] - Statement - PreSaveFile = new java.io.File(((pathPrefix + java.lang.Integer.toString(counter)) + .png)): null

2018-12-17 14:28:56 - [TEST_STEP][PASSED] - Statement - counter = counter + 1: null

2018-12-17 14:28:56 - [TEST_STEP][PASSED] - Statement - PreSaveFile = new java.io.File(((pathPrefix + java.lang.Integer.toString(counter)) + .png)): null

2018-12-17 14:28:56 - [TEST_STEP][PASSED] - Statement - counter = counter + 1: null

2018-12-17 14:28:56 - [TEST_STEP][PASSED] - Statement - PreSaveFile = new java.io.File(((pathPrefix + java.lang.Integer.toString(counter)) + .png)): null

2018-12-17 14:28:56 - [TEST_STEP][PASSED] - Statement - counter = counter + 1: null

2018-12-17 14:28:57 - [TEST_STEP][PASSED] - Statement - PreSaveFile = new java.io.File(((pathPrefix + java.lang.Integer.toString(counter)) + .png)): null

2018-12-17 14:28:57 - [TEST_STEP][PASSED] - Statement - counter = counter + 1: null

2018-12-17 14:28:57 - [TEST_STEP][PASSED] - Statement - PreSaveFile = new java.io.File(((pathPrefix + java.lang.Integer.toString(counter)) + .png)): null

2018-12-17 14:28:57 - [TEST_STEP][PASSED] - Statement - counter = counter + 1: null

2018-12-17 14:28:57 - [TEST_STEP][PASSED] - Statement - PreSaveFile = new java.io.File(((pathPrefix + java.lang.Integer.toString(counter)) + .png)): null

2018-12-17 14:28:57 - [TEST_STEP][PASSED] - Statement - counter = counter + 1: null

2018-12-17 14:28:57 - [TEST_STEP][PASSED] - Statement - PreSaveFile = new java.io.File(((pathPrefix + java.lang.Integer.toString(counter)) + .png)): null

2018-12-17 14:28:57 - [TEST_STEP][PASSED] - Statement - counter = counter + 1: null

2018-12-17 14:28:57 - [TEST_STEP][PASSED] - Statement - PreSaveFile = new java.io.File(((pathPrefix + java.lang.Integer.toString(counter)) + .png)): null

2018-12-17 14:28:57 - [TEST_STEP][PASSED] - Statement - counter = counter + 1: null

2018-12-17 14:28:57 - [TEST_STEP][PASSED] - Statement - PreSaveFile = new java.io.File(((pathPrefix + java.lang.Integer.toString(counter)) + .png)): null

2018-12-17 14:28:57 - [TEST_STEP][PASSED] - Statement - counter = counter + 1: null

2018-12-17 14:28:57 - [TEST_STEP][PASSED] - Statement - PreSaveFile = new java.io.File(((pathPrefix + java.lang.Integer.toString(counter)) + .png)): null

2018-12-17 14:28:57 - [TEST_STEP][PASSED] - Statement - counter = counter + 1: null

2018-12-17 14:28:57 - [TEST_STEP][PASSED] - Statement - PreSaveFile = new java.io.File(((pathPrefix + java.lang.Integer.toString(counter)) + .png)): null

2018-12-17 14:28:57 - [TEST_STEP][PASSED] - Statement - counter = counter + 1: null

2018-12-17 14:28:57 - [TEST_STEP][PASSED] - Statement - PreSaveFile = new java.io.File(((pathPrefix + java.lang.Integer.toString(counter)) + .png)): null

2018-12-17 14:28:57 - [TEST_STEP][PASSED] - Statement - counter = counter + 1: null

2018-12-17 14:28:57 - [TEST_STEP][PASSED] - Statement - PreSaveFile = new java.io.File(((pathPrefix + java.lang.Integer.toString(counter)) + .png)): null

2018-12-17 14:28:57 - [TEST_STEP][PASSED] - Statement - counter = counter + 1: null

2018-12-17 14:28:57 - [TEST_STEP][PASSED] - Statement - PreSaveFile = new java.io.File(((pathPrefix + java.lang.Integer.toString(counter)) + .png)): null

2018-12-17 14:28:57 - [TEST_STEP][PASSED] - Statement - counter = counter + 1: null

2018-12-17 14:28:57 - [TEST_STEP][PASSED] - Statement - PreSaveFile = new java.io.File(((pathPrefix + java.lang.Integer.toString(counter)) + .png)): null

2018-12-17 14:28:57 - [TEST_STEP][PASSED] - Statement - counter = counter + 1: null

2018-12-17 14:28:57 - [TEST_STEP][PASSED] - Statement - PreSaveFile = new java.io.File(((pathPrefix + java.lang.Integer.toString(counter)) + .png)): null

2018-12-17 14:28:57 - [TEST_STEP][PASSED] - Statement - counter = counter + 1: null

2018-12-17 14:28:57 - [TEST_STEP][PASSED] - Statement - PreSaveFile = new java.io.File(((pathPrefix + java.lang.Integer.toString(counter)) + .png)): null

2018-12-17 14:28:57 - [TEST_STEP][PASSED] - Statement - counter = counter + 1: null

2018-12-17 14:28:57 - [TEST_STEP][PASSED] - Statement - PreSaveFile = new java.io.File(((pathPrefix + java.lang.Integer.toString(counter)) + .png)): null

2018-12-17 14:28:57 - [TEST_STEP][PASSED] - Statement - counter = counter + 1: null

2018-12-17 14:28:57 - [TEST_STEP][PASSED] - Statement - PreSaveFile = new java.io.File(((pathPrefix + java.lang.Integer.toString(counter)) + .png)): null

2018-12-17 14:28:57 - [TEST_STEP][PASSED] - Statement - counter = counter + 1: null

2018-12-17 14:28:58 - [TEST_STEP][PASSED] - Statement - PreSaveFile = new java.io.File(((pathPrefix + java.lang.Integer.toString(counter)) + .png)): null

2018-12-17 14:28:58 - [TEST_STEP][PASSED] - Statement - counter = counter + 1: null

2018-12-17 14:28:58 - [TEST_STEP][PASSED] - Statement - PreSaveFile = new java.io.File(((pathPrefix + java.lang.Integer.toString(counter)) + .png)): null

2018-12-17 14:28:58 - [TEST_STEP][PASSED] - Statement - counter = counter + 1: null

2018-12-17 14:28:58 - [TEST_STEP][PASSED] - Statement - PreSaveFile = new java.io.File(((pathPrefix + java.lang.Integer.toString(counter)) + .png)): null

2018-12-17 14:28:58 - [TEST_STEP][PASSED] - Statement - counter = counter + 1: null

2018-12-17 14:28:58 - [TEST_STEP][PASSED] - Statement - PreSaveFile = new java.io.File(((pathPrefix + java.lang.Integer.toString(counter)) + .png)): null

2018-12-17 14:28:58 - [TEST_STEP][PASSED] - Statement - counter = counter + 1: null

2018-12-17 14:28:58 - [TEST_STEP][PASSED] - Statement - PreSaveFile = new java.io.File(((pathPrefix + java.lang.Integer.toString(counter)) + .png)): null

2018-12-17 14:28:58 - [TEST_STEP][PASSED] - Statement - counter = counter + 1: null

2018-12-17 14:28:58 - [TEST_STEP][PASSED] - Statement - PreSaveFile = new java.io.File(((pathPrefix + java.lang.Integer.toString(counter)) + .png)): null

2018-12-17 14:28:58 - [TEST_STEP][PASSED] - Statement - counter = counter + 1: null

2018-12-17 14:28:58 - [TEST_STEP][PASSED] - Statement - PreSaveFile = new java.io.File(((pathPrefix + java.lang.Integer.toString(counter)) + .png)): null

2018-12-17 14:28:58 - [TEST_STEP][PASSED] - Statement - counter = counter + 1: null

2018-12-17 14:28:58 - [TEST_STEP][PASSED] - Statement - PreSaveFile = new java.io.File(((pathPrefix + java.lang.Integer.toString(counter)) + .png)): null

2018-12-17 14:28:58 - [TEST_STEP][PASSED] - Statement - counter = counter + 1: null

2018-12-17 14:28:58 - [TEST_STEP][PASSED] - Statement - PreSaveFile = new java.io.File(((pathPrefix + java.lang.Integer.toString(counter)) + .png)): null

2018-12-17 14:28:58 - [TEST_STEP][PASSED] - Statement - counter = counter + 1: null

2018-12-17 14:28:58 - [TEST_STEP][PASSED] - Statement - PreSaveFile = new java.io.File(((pathPrefix + java.lang.Integer.toString(counter)) + .png)): null

2018-12-17 14:28:58 - [TEST_STEP][PASSED] - Statement - counter = counter + 1: null

2018-12-17 14:28:58 - [TEST_STEP][PASSED] - Statement - PreSaveFile = new java.io.File(((pathPrefix + java.lang.Integer.toString(counter)) + .png)): null

2018-12-17 14:28:58 - [TEST_STEP][PASSED] - Statement - counter = counter + 1: null

2018-12-17 14:28:58 - [TEST_STEP][PASSED] - Statement - PreSaveFile = new java.io.File(((pathPrefix + java.lang.Integer.toString(counter)) + .png)): null

2018-12-17 14:28:58 - [TEST_STEP][PASSED] - Statement - counter = counter + 1: null

2018-12-17 14:28:58 - [TEST_STEP][PASSED] - Statement - PreSaveFile = new java.io.File(((pathPrefix + java.lang.Integer.toString(counter)) + .png)): null

2018-12-17 14:28:58 - [TEST_STEP][PASSED] - Statement - counter = counter + 1: null

2018-12-17 14:28:58 - [TEST_STEP][PASSED] - Statement - PreSaveFile = new java.io.File(((pathPrefix + java.lang.Integer.toString(counter)) + .png)): null

2018-12-17 14:28:58 - [TEST_STEP][PASSED] - Statement - counter = counter + 1: null

2018-12-17 14:28:58 - [TEST_STEP][PASSED] - Statement - PreSaveFile = new java.io.File(((pathPrefix + java.lang.Integer.toString(counter)) + .png)): null

2018-12-17 14:28:59 - [TEST_STEP][PASSED] - Statement - counter = counter + 1: null

2018-12-17 14:28:59 - [TEST_STEP][PASSED] - Statement - PreSaveFile = new java.io.File(((pathPrefix + java.lang.Integer.toString(counter)) + .png)): null

2018-12-17 14:28:59 - [TEST_STEP][PASSED] - Statement - counter = counter + 1: null

2018-12-17 14:28:59 - [TEST_STEP][PASSED] - Statement - PreSaveFile = new java.io.File(((pathPrefix + java.lang.Integer.toString(counter)) + .png)): null

2018-12-17 14:28:59 - [TEST_STEP][PASSED] - Statement - counter = counter + 1: null

2018-12-17 14:28:59 - [TEST_STEP][PASSED] - Statement - PreSaveFile = new java.io.File(((pathPrefix + java.lang.Integer.toString(counter)) + .png)): null

2018-12-17 14:28:59 - [TEST_STEP][PASSED] - Statement - counter = counter + 1: null

2018-12-17 14:28:59 - [TEST_STEP][PASSED] - Statement - PreSaveFile = new java.io.File(((pathPrefix + java.lang.Integer.toString(counter)) + .png)): null

2018-12-17 14:28:59 - [TEST_STEP][PASSED] - Statement - counter = counter + 1: null

2018-12-17 14:28:59 - [TEST_STEP][PASSED] - Statement - PreSaveFile = new java.io.File(((pathPrefix + java.lang.Integer.toString(counter)) + .png)): null

2018-12-17 14:28:59 - [TEST_STEP][PASSED] - Statement - counter = counter + 1: null

2018-12-17 14:28:59 - [TEST_STEP][PASSED] - Statement - PreSaveFile = new java.io.File(((pathPrefix + java.lang.Integer.toString(counter)) + .png)): null

2018-12-17 14:28:59 - [TEST_STEP][PASSED] - Statement - counter = counter + 1: null

2018-12-17 14:28:59 - [TEST_STEP][PASSED] - Statement - PreSaveFile = new java.io.File(((pathPrefix + java.lang.Integer.toString(counter)) + .png)): null

2018-12-17 14:28:59 - [TEST_STEP][PASSED] - Statement - counter = counter + 1: null

2018-12-17 14:28:59 - [TEST_STEP][PASSED] - Statement - PreSaveFile = new java.io.File(((pathPrefix + java.lang.Integer.toString(counter)) + .png)): null

2018-12-17 14:28:59 - [TEST_STEP][PASSED] - Statement - counter = counter + 1: null

2018-12-17 14:28:59 - [TEST_STEP][PASSED] - Statement - PreSaveFile = new java.io.File(((pathPrefix + java.lang.Integer.toString(counter)) + .png)): null

2018-12-17 14:28:59 - [TEST_STEP][PASSED] - Statement - counter = counter + 1: null

2018-12-17 14:28:59 - [TEST_STEP][PASSED] - Statement - PreSaveFile = new java.io.File(((pathPrefix + java.lang.Integer.toString(counter)) + .png)): null

2018-12-17 14:28:59 - [TEST_STEP][PASSED] - Statement - counter = counter + 1: null

2018-12-17 14:28:59 - [TEST_STEP][PASSED] - Statement - PreSaveFile = new java.io.File(((pathPrefix + java.lang.Integer.toString(counter)) + .png)): null

2018-12-17 14:28:59 - [TEST_STEP][PASSED] - Statement - counter = counter + 1: null

2018-12-17 14:28:59 - [TEST_STEP][PASSED] - Statement - PreSaveFile = new java.io.File(((pathPrefix + java.lang.Integer.toString(counter)) + .png)): null

2018-12-17 14:28:59 - [TEST_STEP][PASSED] - Statement - counter = counter + 1: null

2018-12-17 14:28:59 - [TEST_STEP][PASSED] - Statement - PreSaveFile = new java.io.File(((pathPrefix + java.lang.Integer.toString(counter)) + .png)): null

2018-12-17 14:28:59 - [TEST_STEP][PASSED] - Statement - counter = counter + 1: null

2018-12-17 14:28:59 - [TEST_STEP][PASSED] - Statement - PreSaveFile = new java.io.File(((pathPrefix + java.lang.Integer.toString(counter)) + .png)): null

2018-12-17 14:29:00 - [TEST_STEP][PASSED] - Statement - counter = counter + 1: null

2018-12-17 14:29:00 - [TEST_STEP][PASSED] - Statement - PreSaveFile = new java.io.File(((pathPrefix + java.lang.Integer.toString(counter)) + .png)): null

2018-12-17 14:29:00 - [TEST_STEP][PASSED] - Statement - counter = counter + 1: null

2018-12-17 14:29:00 - [TEST_STEP][PASSED] - Statement - PreSaveFile = new java.io.File(((pathPrefix + java.lang.Integer.toString(counter)) + .png)): null

2018-12-17 14:29:00 - [TEST_STEP][PASSED] - Statement - counter = counter + 1: null

2018-12-17 14:29:00 - [TEST_STEP][PASSED] - Statement - PreSaveFile = new java.io.File(((pathPrefix + java.lang.Integer.toString(counter)) + .png)): null

2018-12-17 14:29:00 - [TEST_STEP][PASSED] - Statement - counter = counter + 1: null

2018-12-17 14:29:00 - [TEST_STEP][PASSED] - Statement - PreSaveFile = new java.io.File(((pathPrefix + java.lang.Integer.toString(counter)) + .png)): null

2018-12-17 14:29:00 - [TEST_STEP][PASSED] - Statement - counter = counter + 1: null

2018-12-17 14:29:00 - [TEST_STEP][PASSED] - Statement - PreSaveFile = new java.io.File(((pathPrefix + java.lang.Integer.toString(counter)) + .png)): null

2018-12-17 14:29:00 - [TEST_STEP][PASSED] - Statement - counter = counter + 1: null

2018-12-17 14:29:00 - [TEST_STEP][PASSED] - Statement - PreSaveFile = new java.io.File(((pathPrefix + java.lang.Integer.toString(counter)) + .png)): null

2018-12-17 14:29:00 - [TEST_STEP][PASSED] - Statement - counter = counter + 1: null

2018-12-17 14:29:00 - [TEST_STEP][PASSED] - Statement - PreSaveFile = new java.io.File(((pathPrefix + java.lang.Integer.toString(counter)) + .png)): null

2018-12-17 14:29:00 - [TEST_STEP][PASSED] - Statement - counter = counter + 1: null

2018-12-17 14:29:00 - [TEST_STEP][PASSED] - Statement - PreSaveFile = new java.io.File(((pathPrefix + java.lang.Integer.toString(counter)) + .png)): null

2018-12-17 14:29:00 - [TEST_STEP][PASSED] - Statement - counter = counter + 1: null

2018-12-17 14:29:00 - [TEST_STEP][PASSED] - Statement - PreSaveFile = new java.io.File(((pathPrefix + java.lang.Integer.toString(counter)) + .png)): null

2018-12-17 14:29:00 - [TEST_STEP][PASSED] - Statement - counter = counter + 1: null

2018-12-17 14:29:00 - [TEST_STEP][PASSED] - Statement - PreSaveFile = new java.io.File(((pathPrefix + java.lang.Integer.toString(counter)) + .png)): null

2018-12-17 14:29:00 - [TEST_STEP][PASSED] - Statement - counter = counter + 1: null

2018-12-17 14:29:00 - [TEST_STEP][PASSED] - Statement - PreSaveFile = new java.io.File(((pathPrefix + java.lang.Integer.toString(counter)) + .png)): null

2018-12-17 14:29:00 - [TEST_STEP][PASSED] - Statement - counter = counter + 1: null

2018-12-17 14:29:00 - [TEST_STEP][PASSED] - Statement - PreSaveFile = new java.io.File(((pathPrefix + java.lang.Integer.toString(counter)) + .png)): null

2018-12-17 14:29:00 - [TEST_STEP][PASSED] - Statement - counter = counter + 1: null

2018-12-17 14:29:00 - [TEST_STEP][PASSED] - Statement - PreSaveFile = new java.io.File(((pathPrefix + java.lang.Integer.toString(counter)) + .png)): null

2018-12-17 14:29:00 - [TEST_STEP][PASSED] - Statement - counter = counter + 1: null

2018-12-17 14:29:00 - [TEST_STEP][PASSED] - Statement - PreSaveFile = new java.io.File(((pathPrefix + java.lang.Integer.toString(counter)) + .png)): null

2018-12-17 14:29:00 - [TEST_STEP][PASSED] - Statement - counter = counter + 1: null

2018-12-17 14:29:01 - [TEST_STEP][PASSED] - Statement - PreSaveFile = new java.io.File(((pathPrefix + java.lang.Integer.toString(counter)) + .png)): null

2018-12-17 14:29:01 - [TEST_STEP][PASSED] - Statement - counter = counter + 1: null

2018-12-17 14:29:01 - [TEST_STEP][PASSED] - Statement - PreSaveFile = new java.io.File(((pathPrefix + java.lang.Integer.toString(counter)) + .png)): null

2018-12-17 14:29:01 - [TEST_STEP][PASSED] - Statement - counter = counter + 1: null

2018-12-17 14:29:01 - [TEST_STEP][PASSED] - Statement - PreSaveFile = new java.io.File(((pathPrefix + java.lang.Integer.toString(counter)) + .png)): null

2018-12-17 14:29:01 - [TEST_STEP][PASSED] - Statement - counter = counter + 1: null

2018-12-17 14:29:01 - [TEST_STEP][PASSED] - Statement - PreSaveFile = new java.io.File(((pathPrefix + java.lang.Integer.toString(counter)) + .png)): null

2018-12-17 14:29:01 - [TEST_STEP][PASSED] - Statement - counter = counter + 1: null

2018-12-17 14:29:01 - [TEST_STEP][PASSED] - Statement - PreSaveFile = new java.io.File(((pathPrefix + java.lang.Integer.toString(counter)) + .png)): null

2018-12-17 14:29:01 - [TEST_STEP][PASSED] - Statement - counter = counter + 1: null

2018-12-17 14:29:01 - [TEST_STEP][PASSED] - Statement - PreSaveFile = new java.io.File(((pathPrefix + java.lang.Integer.toString(counter)) + .png)): null

2018-12-17 14:29:01 - [TEST_STEP][PASSED] - Statement - counter = counter + 1: null

2018-12-17 14:29:01 - [TEST_STEP][PASSED] - Statement - PreSaveFile = new java.io.File(((pathPrefix + java.lang.Integer.toString(counter)) + .png)): null

2018-12-17 14:29:01 - [TEST_STEP][PASSED] - Statement - counter = counter + 1: null

2018-12-17 14:29:01 - [TEST_STEP][PASSED] - Statement - PreSaveFile = new java.io.File(((pathPrefix + java.lang.Integer.toString(counter)) + .png)): null

2018-12-17 14:29:01 - [TEST_STEP][PASSED] - Statement - counter = counter + 1: null

2018-12-17 14:29:01 - [TEST_STEP][PASSED] - Statement - PreSaveFile = new java.io.File(((pathPrefix + java.lang.Integer.toString(counter)) + .png)): null

2018-12-17 14:29:01 - [TEST_STEP][PASSED] - Statement - counter = counter + 1: null

2018-12-17 14:29:01 - [TEST_STEP][PASSED] - Statement - PreSaveFile = new java.io.File(((pathPrefix + java.lang.Integer.toString(counter)) + .png)): null

2018-12-17 14:29:01 - [TEST_STEP][PASSED] - Statement - counter = counter + 1: null

2018-12-17 14:29:01 - [TEST_STEP][PASSED] - Statement - PreSaveFile = new java.io.File(((pathPrefix + java.lang.Integer.toString(counter)) + .png)): null

2018-12-17 14:29:01 - [TEST_STEP][PASSED] - Statement - counter = counter + 1: null

2018-12-17 14:29:01 - [TEST_STEP][PASSED] - Statement - PreSaveFile = new java.io.File(((pathPrefix + java.lang.Integer.toString(counter)) + .png)): null

2018-12-17 14:29:01 - [TEST_STEP][PASSED] - Statement - counter = counter + 1: null

2018-12-17 14:29:01 - [TEST_STEP][PASSED] - Statement - PreSaveFile = new java.io.File(((pathPrefix + java.lang.Integer.toString(counter)) + .png)): null

2018-12-17 14:29:01 - [TEST_STEP][PASSED] - Statement - counter = counter + 1: null

2018-12-17 14:29:01 - [TEST_STEP][PASSED] - Statement - PreSaveFile = new java.io.File(((pathPrefix + java.lang.Integer.toString(counter)) + .png)): null

2018-12-17 14:29:01 - [TEST_STEP][PASSED] - Statement - counter = counter + 1: null

2018-12-17 14:29:01 - [TEST_STEP][PASSED] - Statement - PreSaveFile = new java.io.File(((pathPrefix + java.lang.Integer.toString(counter)) + .png)): null

2018-12-17 14:29:02 - [TEST_STEP][PASSED] - Statement - counter = counter + 1: null

2018-12-17 14:29:02 - [TEST_STEP][PASSED] - Statement - PreSaveFile = new java.io.File(((pathPrefix + java.lang.Integer.toString(counter)) + .png)): null

2018-12-17 14:29:02 - [TEST_STEP][PASSED] - Statement - counter = counter + 1: null

2018-12-17 14:29:02 - [TEST_STEP][PASSED] - Statement - PreSaveFile = new java.io.File(((pathPrefix + java.lang.Integer.toString(counter)) + .png)): null

2018-12-17 14:29:02 - [TEST_STEP][PASSED] - Statement - counter = counter + 1: null

2018-12-17 14:29:02 - [TEST_STEP][PASSED] - Statement - PreSaveFile = new java.io.File(((pathPrefix + java.lang.Integer.toString(counter)) + .png)): null

2018-12-17 14:29:02 - [TEST_STEP][PASSED] - Statement - counter = counter + 1: null

2018-12-17 14:29:02 - [TEST_STEP][PASSED] - Statement - PreSaveFile = new java.io.File(((pathPrefix + java.lang.Integer.toString(counter)) + .png)): null

2018-12-17 14:29:02 - [TEST_STEP][PASSED] - Statement - counter = counter + 1: null

2018-12-17 14:29:02 - [TEST_STEP][PASSED] - Statement - PreSaveFile = new java.io.File(((pathPrefix + java.lang.Integer.toString(counter)) + .png)): null

2018-12-17 14:29:02 - [TEST_STEP][PASSED] - Statement - counter = counter + 1: null

2018-12-17 14:29:02 - [TEST_STEP][PASSED] - Statement - PreSaveFile = new java.io.File(((pathPrefix + java.lang.Integer.toString(counter)) + .png)): null

2018-12-17 14:29:02 - [TEST_STEP][PASSED] - Statement - counter = counter + 1: null

2018-12-17 14:29:02 - [TEST_STEP][PASSED] - Statement - PreSaveFile = new java.io.File(((pathPrefix + java.lang.Integer.toString(counter)) + .png)): null

2018-12-17 14:29:02 - [TEST_STEP][PASSED] - Statement - counter = counter + 1: null

2018-12-17 14:29:02 - [TEST_STEP][PASSED] - Statement - PreSaveFile = new java.io.File(((pathPrefix + java.lang.Integer.toString(counter)) + .png)): null

2018-12-17 14:29:02 - [TEST_STEP][PASSED] - Statement - counter = counter + 1: null

2018-12-17 14:29:02 - [TEST_STEP][PASSED] - Statement - PreSaveFile = new java.io.File(((pathPrefix + java.lang.Integer.toString(counter)) + .png)): null

2018-12-17 14:29:02 - [TEST_STEP][PASSED] - Statement - counter = counter + 1: null

2018-12-17 14:29:02 - [TEST_STEP][PASSED] - Statement - PreSaveFile = new java.io.File(((pathPrefix + java.lang.Integer.toString(counter)) + .png)): null

2018-12-17 14:29:02 - [TEST_STEP][PASSED] - Statement - counter = counter + 1: null

2018-12-17 14:29:02 - [TEST_STEP][PASSED] - Statement - PreSaveFile = new java.io.File(((pathPrefix + java.lang.Integer.toString(counter)) + .png)): null

2018-12-17 14:29:02 - [TEST_STEP][PASSED] - Statement - counter = counter + 1: null

2018-12-17 14:29:02 - [TEST_STEP][PASSED] - Statement - PreSaveFile = new java.io.File(((pathPrefix + java.lang.Integer.toString(counter)) + .png)): null

2018-12-17 14:29:02 - [TEST_STEP][PASSED] - Statement - counter = counter + 1: null

2018-12-17 14:29:02 - [TEST_STEP][PASSED] - Statement - PreSaveFile = new java.io.File(((pathPrefix + java.lang.Integer.toString(counter)) + .png)): null

2018-12-17 14:29:02 - [TEST_STEP][PASSED] - Statement - counter = counter + 1: null

2018-12-17 14:29:02 - [TEST_STEP][PASSED] - Statement - PreSaveFile = new java.io.File(((pathPrefix + java.lang.Integer.toString(counter)) + .png)): null

2018-12-17 14:29:02 - [TEST_STEP][PASSED] - Statement - counter = counter + 1: null

2018-12-17 14:29:02 - [TEST_STEP][PASSED] - Statement - PreSaveFile = new java.io.File(((pathPrefix + java.lang.Integer.toString(counter)) + .png)): null

2018-12-17 14:29:02 - [TEST_STEP][PASSED] - Statement - counter = counter + 1: null

2018-12-17 14:29:02 - [TEST_STEP][PASSED] - Statement - PreSaveFile = new java.io.File(((pathPrefix + java.lang.Integer.toString(counter)) + .png)): null

2018-12-17 14:29:02 - [TEST_STEP][PASSED] - Statement - counter = counter + 1: null

2018-12-17 14:29:02 - [TEST_STEP][PASSED] - Statement - PreSaveFile = new java.io.File(((pathPrefix + java.lang.Integer.toString(counter)) + .png)): null

2018-12-17 14:29:02 - [TEST_STEP][PASSED] - Statement - counter = counter + 1: null

2018-12-17 14:29:02 - [TEST_STEP][PASSED] - Statement - PreSaveFile = new java.io.File(((pathPrefix + java.lang.Integer.toString(counter)) + .png)): null

2018-12-17 14:29:02 - [TEST_STEP][PASSED] - Statement - counter = counter + 1: null

2018-12-17 14:29:02 - [TEST_STEP][PASSED] - Statement - PreSaveFile = new java.io.File(((pathPrefix + java.lang.Integer.toString(counter)) + .png)): null

2018-12-17 14:29:03 - [TEST_STEP][PASSED] - Statement - counter = counter + 1: null

2018-12-17 14:29:03 - [TEST_STEP][PASSED] - Statement - PreSaveFile = new java.io.File(((pathPrefix + java.lang.Integer.toString(counter)) + .png)): null

2018-12-17 14:29:03 - [TEST_STEP][PASSED] - Statement - counter = counter + 1: null

2018-12-17 14:29:03 - [TEST_STEP][PASSED] - Statement - PreSaveFile = new java.io.File(((pathPrefix + java.lang.Integer.toString(counter)) + .png)): null

2018-12-17 14:29:03 - [TEST_STEP][PASSED] - Statement - counter = counter + 1: null

2018-12-17 14:29:03 - [TEST_STEP][PASSED] - Statement - PreSaveFile = new java.io.File(((pathPrefix + java.lang.Integer.toString(counter)) + .png)): null

2018-12-17 14:29:03 - [TEST_STEP][PASSED] - Statement - counter = counter + 1: null

2018-12-17 14:29:03 - [TEST_STEP][PASSED] - Statement - PreSaveFile = new java.io.File(((pathPrefix + java.lang.Integer.toString(counter)) + .png)): null

2018-12-17 14:29:03 - [TEST_STEP][PASSED] - Statement - counter = counter + 1: null

2018-12-17 14:29:03 - [TEST_STEP][PASSED] - Statement - PreSaveFile = new java.io.File(((pathPrefix + java.lang.Integer.toString(counter)) + .png)): null

2018-12-17 14:29:03 - [TEST_STEP][PASSED] - Statement - counter = counter + 1: null

2018-12-17 14:29:03 - [TEST_STEP][PASSED] - Statement - PreSaveFile = new java.io.File(((pathPrefix + java.lang.Integer.toString(counter)) + .png)): null

2018-12-17 14:29:03 - [TEST_STEP][PASSED] - Statement - counter = counter + 1: null

2018-12-17 14:29:03 - [TEST_STEP][PASSED] - Statement - PreSaveFile = new java.io.File(((pathPrefix + java.lang.Integer.toString(counter)) + .png)): null

2018-12-17 14:29:03 - [TEST_STEP][PASSED] - Statement - counter = counter + 1: null

2018-12-17 14:29:03 - [TEST_STEP][PASSED] - Statement - PreSaveFile = new java.io.File(((pathPrefix + java.lang.Integer.toString(counter)) + .png)): null

2018-12-17 14:29:03 - [TEST_STEP][PASSED] - Statement - counter = counter + 1: null

2018-12-17 14:29:03 - [TEST_STEP][PASSED] - Statement - PreSaveFile = new java.io.File(((pathPrefix + java.lang.Integer.toString(counter)) + .png)): null

2018-12-17 14:29:03 - [TEST_STEP][PASSED] - Statement - counter = counter + 1: null

2018-12-17 14:29:03 - [TEST_STEP][PASSED] - Statement - PreSaveFile = new java.io.File(((pathPrefix + java.lang.Integer.toString(counter)) + .png)): null

2018-12-17 14:29:03 - [TEST_STEP][PASSED] - Statement - counter = counter + 1: null

2018-12-17 14:29:03 - [TEST_STEP][PASSED] - Statement - PreSaveFile = new java.io.File(((pathPrefix + java.lang.Integer.toString(counter)) + .png)): null

2018-12-17 14:29:03 - [TEST_STEP][PASSED] - Statement - counter = counter + 1: null

2018-12-17 14:29:03 - [TEST_STEP][PASSED] - Statement - PreSaveFile = new java.io.File(((pathPrefix + java.lang.Integer.toString(counter)) + .png)): null

2018-12-17 14:29:03 - [TEST_STEP][PASSED] - Statement - counter = counter + 1: null

2018-12-17 14:29:03 - [TEST_STEP][PASSED] - Statement - PreSaveFile = new java.io.File(((pathPrefix + java.lang.Integer.toString(counter)) + .png)): null

2018-12-17 14:29:03 - [TEST_STEP][PASSED] - Statement - counter = counter + 1: null

2018-12-17 14:29:03 - [TEST_STEP][PASSED] - Statement - PreSaveFile = new java.io.File(((pathPrefix + java.lang.Integer.toString(counter)) + .png)): null

2018-12-17 14:29:03 - [TEST_STEP][PASSED] - Statement - counter = counter + 1: null

2018-12-17 14:29:04 - [TEST_STEP][PASSED] - Statement - PreSaveFile = new java.io.File(((pathPrefix + java.lang.Integer.toString(counter)) + .png)): null

2018-12-17 14:29:04 - [TEST_STEP][PASSED] - Statement - counter = counter + 1: null

2018-12-17 14:29:04 - [TEST_STEP][PASSED] - Statement - PreSaveFile = new java.io.File(((pathPrefix + java.lang.Integer.toString(counter)) + .png)): null

2018-12-17 14:29:04 - [TEST_STEP][PASSED] - Statement - counter = counter + 1: null

2018-12-17 14:29:04 - [TEST_STEP][PASSED] - Statement - PreSaveFile = new java.io.File(((pathPrefix + java.lang.Integer.toString(counter)) + .png)): null

2018-12-17 14:29:04 - [TEST_STEP][PASSED] - Statement - counter = counter + 1: null

2018-12-17 14:29:04 - [TEST_STEP][PASSED] - Statement - PreSaveFile = new java.io.File(((pathPrefix + java.lang.Integer.toString(counter)) + .png)): null

2018-12-17 14:29:04 - [TEST_STEP][PASSED] - Statement - counter = counter + 1: null

2018-12-17 14:29:04 - [TEST_STEP][PASSED] - Statement - PreSaveFile = new java.io.File(((pathPrefix + java.lang.Integer.toString(counter)) + .png)): null

2018-12-17 14:29:04 - [TEST_STEP][PASSED] - Statement - counter = counter + 1: null

2018-12-17 14:29:04 - [TEST_STEP][PASSED] - Statement - PreSaveFile = new java.io.File(((pathPrefix + java.lang.Integer.toString(counter)) + .png)): null

2018-12-17 14:29:04 - [TEST_STEP][PASSED] - Statement - counter = counter + 1: null

2018-12-17 14:29:04 - [TEST_STEP][PASSED] - Statement - PreSaveFile = new java.io.File(((pathPrefix + java.lang.Integer.toString(counter)) + .png)): null

2018-12-17 14:29:04 - [TEST_STEP][PASSED] - Statement - counter = counter + 1: null

2018-12-17 14:29:04 - [TEST_STEP][PASSED] - Statement - PreSaveFile = new java.io.File(((pathPrefix + java.lang.Integer.toString(counter)) + .png)): null

2018-12-17 14:29:04 - [TEST_STEP][PASSED] - Statement - counter = counter + 1: null

2018-12-17 14:29:04 - [TEST_STEP][PASSED] - Statement - PreSaveFile = new java.io.File(((pathPrefix + java.lang.Integer.toString(counter)) + .png)): null

2018-12-17 14:29:04 - [TEST_STEP][PASSED] - Statement - counter = counter + 1: null

2018-12-17 14:29:04 - [TEST_STEP][PASSED] - Statement - PreSaveFile = new java.io.File(((pathPrefix + java.lang.Integer.toString(counter)) + .png)): null

2018-12-17 14:29:04 - [TEST_STEP][PASSED] - Statement - counter = counter + 1: null

2018-12-17 14:29:04 - [TEST_STEP][PASSED] - Statement - PreSaveFile = new java.io.File(((pathPrefix + java.lang.Integer.toString(counter)) + .png)): null

2018-12-17 14:29:04 - [TEST_STEP][PASSED] - Statement - counter = counter + 1: null

2018-12-17 14:29:04 - [TEST_STEP][PASSED] - Statement - PreSaveFile = new java.io.File(((pathPrefix + java.lang.Integer.toString(counter)) + .png)): null

2018-12-17 14:29:04 - [TEST_STEP][PASSED] - Statement - counter = counter + 1: null

2018-12-17 14:29:04 - [TEST_STEP][PASSED] - Statement - PreSaveFile = new java.io.File(((pathPrefix + java.lang.Integer.toString(counter)) + .png)): null

2018-12-17 14:29:04 - [TEST_STEP][PASSED] - Statement - counter = counter + 1: null

2018-12-17 14:29:04 - [TEST_STEP][PASSED] - Statement - PreSaveFile = new java.io.File(((pathPrefix + java.lang.Integer.toString(counter)) + .png)): null

2018-12-17 14:29:04 - [TEST_STEP][PASSED] - Statement - counter = counter + 1: null

2018-12-17 14:29:04 - [TEST_STEP][PASSED] - Statement - PreSaveFile = new java.io.File(((pathPrefix + java.lang.Integer.toString(counter)) + .png)): null

2018-12-17 14:29:05 - [TEST_STEP][PASSED] - Statement - counter = counter + 1: null

2018-12-17 14:29:05 - [TEST_STEP][PASSED] - Statement - PreSaveFile = new java.io.File(((pathPrefix + java.lang.Integer.toString(counter)) + .png)): null

2018-12-17 14:29:05 - [TEST_STEP][PASSED] - Statement - counter = counter + 1: null

2018-12-17 14:29:05 - [TEST_STEP][PASSED] - Statement - PreSaveFile = new java.io.File(((pathPrefix + java.lang.Integer.toString(counter)) + .png)): null

2018-12-17 14:29:05 - [TEST_STEP][PASSED] - Statement - counter = counter + 1: null

2018-12-17 14:29:05 - [TEST_STEP][PASSED] - Statement - PreSaveFile = new java.io.File(((pathPrefix + java.lang.Integer.toString(counter)) + .png)): null

2018-12-17 14:29:05 - [TEST_STEP][PASSED] - Statement - counter = counter + 1: null

2018-12-17 14:29:05 - [TEST_STEP][PASSED] - Statement - PreSaveFile = new java.io.File(((pathPrefix + java.lang.Integer.toString(counter)) + .png)): null

2018-12-17 14:29:05 - [TEST_STEP][PASSED] - Statement - counter = counter + 1: null

2018-12-17 14:29:05 - [TEST_STEP][PASSED] - Statement - PreSaveFile = new java.io.File(((pathPrefix + java.lang.Integer.toString(counter)) + .png)): null

2018-12-17 14:29:05 - [TEST_STEP][PASSED] - Statement - counter = counter + 1: null

2018-12-17 14:29:05 - [TEST_STEP][PASSED] - Statement - PreSaveFile = new java.io.File(((pathPrefix + java.lang.Integer.toString(counter)) + .png)): null

2018-12-17 14:29:05 - [TEST_STEP][PASSED] - Statement - counter = counter + 1: null

2018-12-17 14:29:05 - [TEST_STEP][PASSED] - Statement - PreSaveFile = new java.io.File(((pathPrefix + java.lang.Integer.toString(counter)) + .png)): null

2018-12-17 14:29:05 - [TEST_STEP][PASSED] - Statement - counter = counter + 1: null

2018-12-17 14:29:05 - [TEST_STEP][PASSED] - Statement - PreSaveFile = new java.io.File(((pathPrefix + java.lang.Integer.toString(counter)) + .png)): null

2018-12-17 14:29:05 - [TEST_STEP][PASSED] - Statement - counter = counter + 1: null

2018-12-17 14:29:05 - [TEST_STEP][PASSED] - Statement - PreSaveFile = new java.io.File(((pathPrefix + java.lang.Integer.toString(counter)) + .png)): null

2018-12-17 14:29:05 - [TEST_STEP][PASSED] - Statement - counter = counter + 1: null

2018-12-17 14:29:05 - [TEST_STEP][PASSED] - Statement - PreSaveFile = new java.io.File(((pathPrefix + java.lang.Integer.toString(counter)) + .png)): null

2018-12-17 14:29:05 - [TEST_STEP][PASSED] - Statement - counter = counter + 1: null

2018-12-17 14:29:05 - [TEST_STEP][PASSED] - Statement - PreSaveFile = new java.io.File(((pathPrefix + java.lang.Integer.toString(counter)) + .png)): null

2018-12-17 14:29:05 - [TEST_STEP][PASSED] - Statement - counter = counter + 1: null

2018-12-17 14:29:05 - [TEST_STEP][PASSED] - Statement - PreSaveFile = new java.io.File(((pathPrefix + java.lang.Integer.toString(counter)) + .png)): null

2018-12-17 14:29:05 - [TEST_STEP][PASSED] - Statement - counter = counter + 1: null

2018-12-17 14:29:05 - [TEST_STEP][PASSED] - Statement - PreSaveFile = new java.io.File(((pathPrefix + java.lang.Integer.toString(counter)) + .png)): null

2018-12-17 14:29:05 - [TEST_STEP][PASSED] - Statement - counter = counter + 1: null

2018-12-17 14:29:05 - [TEST_STEP][PASSED] - Statement - PreSaveFile = new java.io.File(((pathPrefix + java.lang.Integer.toString(counter)) + .png)): null

2018-12-17 14:29:05 - [TEST_STEP][PASSED] - Statement - counter = counter + 1: null

2018-12-17 14:29:06 - [TEST_STEP][PASSED] - Statement - PreSaveFile = new java.io.File(((pathPrefix + java.lang.Integer.toString(counter)) + .png)): null

2018-12-17 14:29:06 - [TEST_STEP][PASSED] - Statement - counter = counter + 1: null

2018-12-17 14:29:06 - [TEST_STEP][PASSED] - Statement - PreSaveFile = new java.io.File(((pathPrefix + java.lang.Integer.toString(counter)) + .png)): null

2018-12-17 14:29:06 - [TEST_STEP][PASSED] - Statement - counter = counter + 1: null

2018-12-17 14:29:06 - [TEST_STEP][PASSED] - Statement - PreSaveFile = new java.io.File(((pathPrefix + java.lang.Integer.toString(counter)) + .png)): null

2018-12-17 14:29:06 - [TEST_STEP][PASSED] - Statement - counter = counter + 1: null

2018-12-17 14:29:06 - [TEST_STEP][PASSED] - Statement - PreSaveFile = new java.io.File(((pathPrefix + java.lang.Integer.toString(counter)) + .png)): null

2018-12-17 14:29:06 - [TEST_STEP][PASSED] - Statement - counter = counter + 1: null

2018-12-17 14:29:06 - [TEST_STEP][PASSED] - Statement - PreSaveFile = new java.io.File(((pathPrefix + java.lang.Integer.toString(counter)) + .png)): null

2018-12-17 14:29:06 - [TEST_STEP][PASSED] - Statement - counter = counter + 1: null

2018-12-17 14:29:06 - [TEST_STEP][PASSED] - Statement - PreSaveFile = new java.io.File(((pathPrefix + java.lang.Integer.toString(counter)) + .png)): null

2018-12-17 14:29:06 - [TEST_STEP][PASSED] - Statement - counter = counter + 1: null

2018-12-17 14:29:06 - [TEST_STEP][PASSED] - Statement - PreSaveFile = new java.io.File(((pathPrefix + java.lang.Integer.toString(counter)) + .png)): null

2018-12-17 14:29:06 - [TEST_STEP][PASSED] - Statement - counter = counter + 1: null

2018-12-17 14:29:06 - [TEST_STEP][PASSED] - Statement - PreSaveFile = new java.io.File(((pathPrefix + java.lang.Integer.toString(counter)) + .png)): null

2018-12-17 14:29:06 - [TEST_STEP][PASSED] - Statement - counter = counter + 1: null

2018-12-17 14:29:06 - [TEST_STEP][PASSED] - Statement - PreSaveFile = new java.io.File(((pathPrefix + java.lang.Integer.toString(counter)) + .png)): null

2018-12-17 14:29:06 - [TEST_STEP][PASSED] - Statement - counter = counter + 1: null

2018-12-17 14:29:06 - [TEST_STEP][PASSED] - Statement - PreSaveFile = new java.io.File(((pathPrefix + java.lang.Integer.toString(counter)) + .png)): null

2018-12-17 14:29:06 - [TEST_STEP][PASSED] - Statement - counter = counter + 1: null

2018-12-17 14:29:06 - [TEST_STEP][PASSED] - Statement - PreSaveFile = new java.io.File(((pathPrefix + java.lang.Integer.toString(counter)) + .png)): null

2018-12-17 14:29:06 - [TEST_STEP][PASSED] - Statement - counter = counter + 1: null

2018-12-17 14:29:06 - [TEST_STEP][PASSED] - Statement - PreSaveFile = new java.io.File(((pathPrefix + java.lang.Integer.toString(counter)) + .png)): null

2018-12-17 14:29:06 - [TEST_STEP][PASSED] - Statement - counter = counter + 1: null

2018-12-17 14:29:06 - [TEST_STEP][PASSED] - Statement - PreSaveFile = new java.io.File(((pathPrefix + java.lang.Integer.toString(counter)) + .png)): null

2018-12-17 14:29:06 - [TEST_STEP][PASSED] - Statement - counter = counter + 1: null

2018-12-17 14:29:06 - [TEST_STEP][PASSED] - Statement - PreSaveFile = new java.io.File(((pathPrefix + java.lang.Integer.toString(counter)) + .png)): null

2018-12-17 14:29:06 - [TEST_STEP][PASSED] - Statement - counter = counter + 1: null

2018-12-17 14:29:06 - [TEST_STEP][PASSED] - Statement - PreSaveFile = new java.io.File(((pathPrefix + java.lang.Integer.toString(counter)) + .png)): null

2018-12-17 14:29:07 - [TEST_STEP][PASSED] - Statement - counter = counter + 1: null

2018-12-17 14:29:07 - [TEST_STEP][PASSED] - Statement - PreSaveFile = new java.io.File(((pathPrefix + java.lang.Integer.toString(counter)) + .png)): null

2018-12-17 14:29:07 - [TEST_STEP][PASSED] - Statement - counter = counter + 1: null

2018-12-17 14:29:07 - [TEST_STEP][PASSED] - Statement - PreSaveFile = new java.io.File(((pathPrefix + java.lang.Integer.toString(counter)) + .png)): null

2018-12-17 14:29:07 - [TEST_STEP][PASSED] - Statement - counter = counter + 1: null

2018-12-17 14:29:07 - [TEST_STEP][PASSED] - Statement - PreSaveFile = new java.io.File(((pathPrefix + java.lang.Integer.toString(counter)) + .png)): null

2018-12-17 14:29:07 - [TEST_STEP][PASSED] - Statement - counter = counter + 1: null

2018-12-17 14:29:07 - [TEST_STEP][PASSED] - Statement - PreSaveFile = new java.io.File(((pathPrefix + java.lang.Integer.toString(counter)) + .png)): null

2018-12-17 14:29:07 - [TEST_STEP][PASSED] - Statement - counter = counter + 1: null

2018-12-17 14:29:07 - [TEST_STEP][PASSED] - Statement - PreSaveFile = new java.io.File(((pathPrefix + java.lang.Integer.toString(counter)) + .png)): null

2018-12-17 14:29:07 - [TEST_STEP][PASSED] - Statement - counter = counter + 1: null

2018-12-17 14:29:07 - [TEST_STEP][PASSED] - Statement - PreSaveFile = new java.io.File(((pathPrefix + java.lang.Integer.toString(counter)) + .png)): null

2018-12-17 14:29:07 - [TEST_STEP][PASSED] - Statement - counter = counter + 1: null

2018-12-17 14:29:07 - [TEST_STEP][PASSED] - Statement - PreSaveFile = new java.io.File(((pathPrefix + java.lang.Integer.toString(counter)) + .png)): null

2018-12-17 14:29:07 - [TEST_STEP][PASSED] - Statement - counter = counter + 1: null

2018-12-17 14:29:07 - [TEST_STEP][PASSED] - Statement - PreSaveFile = new java.io.File(((pathPrefix + java.lang.Integer.toString(counter)) + .png)): null

2018-12-17 14:29:07 - [TEST_STEP][PASSED] - Statement - counter = counter + 1: null

2018-12-17 14:29:07 - [TEST_STEP][PASSED] - Statement - PreSaveFile = new java.io.File(((pathPrefix + java.lang.Integer.toString(counter)) + .png)): null

2018-12-17 14:29:07 - [TEST_STEP][PASSED] - Statement - counter = counter + 1: null

2018-12-17 14:29:07 - [TEST_STEP][PASSED] - Statement - PreSaveFile = new java.io.File(((pathPrefix + java.lang.Integer.toString(counter)) + .png)): null

2018-12-17 14:29:07 - [TEST_STEP][PASSED] - Statement - counter = counter + 1: null

2018-12-17 14:29:07 - [TEST_STEP][PASSED] - Statement - PreSaveFile = new java.io.File(((pathPrefix + java.lang.Integer.toString(counter)) + .png)): null

2018-12-17 14:29:07 - [TEST_STEP][PASSED] - Statement - counter = counter + 1: null

2018-12-17 14:29:07 - [TEST_STEP][PASSED] - Statement - PreSaveFile = new java.io.File(((pathPrefix + java.lang.Integer.toString(counter)) + .png)): null

2018-12-17 14:29:07 - [TEST_STEP][PASSED] - Statement - counter = counter + 1: null

2018-12-17 14:29:07 - [TEST_STEP][PASSED] - Statement - PreSaveFile = new java.io.File(((pathPrefix + java.lang.Integer.toString(counter)) + .png)): null

2018-12-17 14:29:07 - [TEST_STEP][PASSED] - Statement - counter = counter + 1: null

2018-12-17 14:29:07 - [TEST_STEP][PASSED] - Statement - PreSaveFile = new java.io.File(((pathPrefix + java.lang.Integer.toString(counter)) + .png)): null

2018-12-17 14:29:07 - [TEST_STEP][PASSED] - Statement - counter = counter + 1: null

2018-12-17 14:29:07 - [TEST_STEP][PASSED] - Statement - PreSaveFile = new java.io.File(((pathPrefix + java.lang.Integer.toString(counter)) + .png)): null

2018-12-17 14:29:07 - [TEST_STEP][PASSED] - Statement - counter = counter + 1: null

2018-12-17 14:29:07 - [TEST_STEP][PASSED] - Statement - PreSaveFile = new java.io.File(((pathPrefix + java.lang.Integer.toString(counter)) + .png)): null

2018-12-17 14:29:07 - [TEST_STEP][PASSED] - Statement - counter = counter + 1: null

2018-12-17 14:29:07 - [TEST_STEP][PASSED] - Statement - PreSaveFile = new java.io.File(((pathPrefix + java.lang.Integer.toString(counter)) + .png)): null

2018-12-17 14:29:07 - [TEST_STEP][PASSED] - Statement - counter = counter + 1: null

2018-12-17 14:29:07 - [TEST_STEP][PASSED] - Statement - PreSaveFile = new java.io.File(((pathPrefix + java.lang.Integer.toString(counter)) + .png)): null

2018-12-17 14:29:07 - [TEST_STEP][PASSED] - Statement - counter = counter + 1: null

2018-12-17 14:29:07 - [TEST_STEP][PASSED] - Statement - PreSaveFile = new java.io.File(((pathPrefix + java.lang.Integer.toString(counter)) + .png)): null

2018-12-17 14:29:08 - [TEST_STEP][PASSED] - Statement - counter = counter + 1: null

2018-12-17 14:29:08 - [TEST_STEP][PASSED] - Statement - PreSaveFile = new java.io.File(((pathPrefix + java.lang.Integer.toString(counter)) + .png)): null

2018-12-17 14:29:08 - [TEST_STEP][PASSED] - Statement - counter = counter + 1: null

2018-12-17 14:29:08 - [TEST_STEP][PASSED] - Statement - PreSaveFile = new java.io.File(((pathPrefix + java.lang.Integer.toString(counter)) + .png)): null

2018-12-17 14:29:08 - [TEST_STEP][PASSED] - Statement - counter = counter + 1: null

2018-12-17 14:29:08 - [TEST_STEP][PASSED] - Statement - PreSaveFile = new java.io.File(((pathPrefix + java.lang.Integer.toString(counter)) + .png)): null

2018-12-17 14:29:08 - [TEST_STEP][PASSED] - Statement - counter = counter + 1: null

2018-12-17 14:29:08 - [TEST_STEP][PASSED] - Statement - PreSaveFile = new java.io.File(((pathPrefix + java.lang.Integer.toString(counter)) + .png)): null

2018-12-17 14:29:08 - [TEST_STEP][PASSED] - Statement - counter = counter + 1: null

2018-12-17 14:29:08 - [TEST_STEP][PASSED] - Statement - PreSaveFile = new java.io.File(((pathPrefix + java.lang.Integer.toString(counter)) + .png)): null

2018-12-17 14:29:08 - [TEST_STEP][PASSED] - Statement - counter = counter + 1: null

2018-12-17 14:29:08 - [TEST_STEP][PASSED] - Statement - PreSaveFile = new java.io.File(((pathPrefix + java.lang.Integer.toString(counter)) + .png)): null

2018-12-17 14:29:08 - [TEST_STEP][PASSED] - Statement - counter = counter + 1: null

2018-12-17 14:29:08 - [TEST_STEP][PASSED] - Statement - PreSaveFile = new java.io.File(((pathPrefix + java.lang.Integer.toString(counter)) + .png)): null

2018-12-17 14:29:08 - [TEST_STEP][PASSED] - Statement - counter = counter + 1: null

2018-12-17 14:29:08 - [TEST_STEP][PASSED] - Statement - PreSaveFile = new java.io.File(((pathPrefix + java.lang.Integer.toString(counter)) + .png)): null

2018-12-17 14:29:08 - [TEST_STEP][PASSED] - Statement - counter = counter + 1: null

2018-12-17 14:29:08 - [TEST_STEP][PASSED] - Statement - PreSaveFile = new java.io.File(((pathPrefix + java.lang.Integer.toString(counter)) + .png)): null

2018-12-17 14:29:08 - [TEST_STEP][PASSED] - Statement - counter = counter + 1: null

2018-12-17 14:29:08 - [TEST_STEP][PASSED] - Statement - PreSaveFile = new java.io.File(((pathPrefix + java.lang.Integer.toString(counter)) + .png)): null

2018-12-17 14:29:08 - [TEST_STEP][PASSED] - Statement - counter = counter + 1: null

2018-12-17 14:29:08 - [TEST_STEP][PASSED] - Statement - PreSaveFile = new java.io.File(((pathPrefix + java.lang.Integer.toString(counter)) + .png)): null

2018-12-17 14:29:08 - [TEST_STEP][PASSED] - Statement - counter = counter + 1: null

2018-12-17 14:29:08 - [TEST_STEP][PASSED] - Statement - PreSaveFile = new java.io.File(((pathPrefix + java.lang.Integer.toString(counter)) + .png)): null

2018-12-17 14:29:08 - [TEST_STEP][PASSED] - Statement - counter = counter + 1: null

2018-12-17 14:29:08 - [TEST_STEP][PASSED] - Statement - PreSaveFile = new java.io.File(((pathPrefix + java.lang.Integer.toString(counter)) + .png)): null

2018-12-17 14:29:08 - [TEST_STEP][PASSED] - Statement - counter = counter + 1: null

2018-12-17 14:29:08 - [TEST_STEP][PASSED] - Statement - PreSaveFile = new java.io.File(((pathPrefix + java.lang.Integer.toString(counter)) + .png)): null

2018-12-17 14:29:08 - [TEST_STEP][PASSED] - Statement - counter = counter + 1: null

2018-12-17 14:29:09 - [TEST_STEP][PASSED] - Statement - PreSaveFile = new java.io.File(((pathPrefix + java.lang.Integer.toString(counter)) + .png)): null

2018-12-17 14:29:09 - [TEST_STEP][PASSED] - Statement - counter = counter + 1: null

2018-12-17 14:29:09 - [TEST_STEP][PASSED] - Statement - PreSaveFile = new java.io.File(((pathPrefix + java.lang.Integer.toString(counter)) + .png)): null

2018-12-17 14:29:09 - [TEST_STEP][PASSED] - Statement - counter = counter + 1: null

2018-12-17 14:29:09 - [TEST_STEP][PASSED] - Statement - PreSaveFile = new java.io.File(((pathPrefix + java.lang.Integer.toString(counter)) + .png)): null

2018-12-17 14:29:09 - [TEST_STEP][PASSED] - Statement - counter = counter + 1: null

2018-12-17 14:29:09 - [TEST_STEP][PASSED] - Statement - PreSaveFile = new java.io.File(((pathPrefix + java.lang.Integer.toString(counter)) + .png)): null

2018-12-17 14:29:09 - [TEST_STEP][PASSED] - Statement - counter = counter + 1: null

2018-12-17 14:29:09 - [TEST_STEP][PASSED] - Statement - PreSaveFile = new java.io.File(((pathPrefix + java.lang.Integer.toString(counter)) + .png)): null

2018-12-17 14:29:09 - [TEST_STEP][PASSED] - Statement - counter = counter + 1: null

2018-12-17 14:29:09 - [TEST_STEP][PASSED] - Statement - PreSaveFile = new java.io.File(((pathPrefix + java.lang.Integer.toString(counter)) + .png)): null

2018-12-17 14:29:09 - [TEST_STEP][PASSED] - Statement - counter = counter + 1: null

2018-12-17 14:29:09 - [TEST_STEP][PASSED] - Statement - PreSaveFile = new java.io.File(((pathPrefix + java.lang.Integer.toString(counter)) + .png)): null

2018-12-17 14:29:09 - [TEST_STEP][PASSED] - Statement - counter = counter + 1: null

2018-12-17 14:29:09 - [TEST_STEP][PASSED] - Statement - PreSaveFile = new java.io.File(((pathPrefix + java.lang.Integer.toString(counter)) + .png)): null

2018-12-17 14:29:09 - [TEST_STEP][PASSED] - Statement - counter = counter + 1: null

2018-12-17 14:29:09 - [TEST_STEP][PASSED] - Statement - PreSaveFile = new java.io.File(((pathPrefix + java.lang.Integer.toString(counter)) + .png)): null

2018-12-17 14:29:09 - [TEST_STEP][PASSED] - Statement - counter = counter + 1: null

2018-12-17 14:29:09 - [TEST_STEP][PASSED] - Statement - PreSaveFile = new java.io.File(((pathPrefix + java.lang.Integer.toString(counter)) + .png)): null

2018-12-17 14:29:09 - [TEST_STEP][PASSED] - Statement - counter = counter + 1: null

2018-12-17 14:29:09 - [TEST_STEP][PASSED] - Statement - PreSaveFile = new java.io.File(((pathPrefix + java.lang.Integer.toString(counter)) + .png)): null

2018-12-17 14:29:09 - [TEST_STEP][PASSED] - Statement - counter = counter + 1: null

2018-12-17 14:29:09 - [TEST_STEP][PASSED] - Statement - PreSaveFile = new java.io.File(((pathPrefix + java.lang.Integer.toString(counter)) + .png)): null

2018-12-17 14:29:09 - [TEST_STEP][PASSED] - Statement - counter = counter + 1: null

2018-12-17 14:29:09 - [TEST_STEP][PASSED] - Statement - PreSaveFile = new java.io.File(((pathPrefix + java.lang.Integer.toString(counter)) + .png)): null

2018-12-17 14:29:09 - [TEST_STEP][PASSED] - Statement - counter = counter + 1: null

2018-12-17 14:29:09 - [TEST_STEP][PASSED] - Statement - PreSaveFile = new java.io.File(((pathPrefix + java.lang.Integer.toString(counter)) + .png)): null

2018-12-17 14:29:09 - [TEST_STEP][PASSED] - Statement - counter = counter + 1: null

2018-12-17 14:29:09 - [TEST_STEP][PASSED] - Statement - PreSaveFile = new java.io.File(((pathPrefix + java.lang.Integer.toString(counter)) + .png)): null

2018-12-17 14:29:10 - [TEST_STEP][PASSED] - Statement - counter = counter + 1: null

2018-12-17 14:29:10 - [TEST_STEP][PASSED] - Statement - PreSaveFile = new java.io.File(((pathPrefix + java.lang.Integer.toString(counter)) + .png)): null

2018-12-17 14:29:10 - [TEST_STEP][PASSED] - Statement - counter = counter + 1: null

2018-12-17 14:29:10 - [TEST_STEP][PASSED] - Statement - PreSaveFile = new java.io.File(((pathPrefix + java.lang.Integer.toString(counter)) + .png)): null

2018-12-17 14:29:10 - [TEST_STEP][PASSED] - Statement - counter = counter + 1: null

2018-12-17 14:29:10 - [TEST_STEP][PASSED] - Statement - PreSaveFile = new java.io.File(((pathPrefix + java.lang.Integer.toString(counter)) + .png)): null

2018-12-17 14:29:10 - [TEST_STEP][PASSED] - Statement - counter = counter + 1: null

2018-12-17 14:29:10 - [TEST_STEP][PASSED] - Statement - PreSaveFile = new java.io.File(((pathPrefix + java.lang.Integer.toString(counter)) + .png)): null

2018-12-17 14:29:10 - [TEST_STEP][PASSED] - Statement - counter = counter + 1: null

2018-12-17 14:29:10 - [TEST_STEP][PASSED] - Statement - PreSaveFile = new java.io.File(((pathPrefix + java.lang.Integer.toString(counter)) + .png)): null

2018-12-17 14:29:10 - [TEST_STEP][PASSED] - Statement - counter = counter + 1: null

2018-12-17 14:29:10 - [TEST_STEP][PASSED] - Statement - PreSaveFile = new java.io.File(((pathPrefix + java.lang.Integer.toString(counter)) + .png)): null

2018-12-17 14:29:10 - [TEST_STEP][PASSED] - Statement - counter = counter + 1: null

2018-12-17 14:29:10 - [TEST_STEP][PASSED] - Statement - PreSaveFile = new java.io.File(((pathPrefix + java.lang.Integer.toString(counter)) + .png)): null

2018-12-17 14:29:10 - [TEST_STEP][PASSED] - Statement - counter = counter + 1: null

2018-12-17 14:29:10 - [TEST_STEP][PASSED] - Statement - PreSaveFile = new java.io.File(((pathPrefix + java.lang.Integer.toString(counter)) + .png)): null

2018-12-17 14:29:10 - [TEST_STEP][PASSED] - Statement - counter = counter + 1: null

2018-12-17 14:29:10 - [TEST_STEP][PASSED] - Statement - PreSaveFile = new java.io.File(((pathPrefix + java.lang.Integer.toString(counter)) + .png)): null

2018-12-17 14:29:10 - [TEST_STEP][PASSED] - Statement - counter = counter + 1: null

2018-12-17 14:29:10 - [TEST_STEP][PASSED] - Statement - PreSaveFile = new java.io.File(((pathPrefix + java.lang.Integer.toString(counter)) + .png)): null

2018-12-17 14:29:10 - [TEST_STEP][PASSED] - Statement - counter = counter + 1: null

2018-12-17 14:29:10 - [TEST_STEP][PASSED] - Statement - PreSaveFile = new java.io.File(((pathPrefix + java.lang.Integer.toString(counter)) + .png)): null

2018-12-17 14:29:10 - [TEST_STEP][PASSED] - Statement - counter = counter + 1: null

2018-12-17 14:29:10 - [TEST_STEP][PASSED] - Statement - PreSaveFile = new java.io.File(((pathPrefix + java.lang.Integer.toString(counter)) + .png)): null

2018-12-17 14:29:10 - [TEST_STEP][PASSED] - Statement - counter = counter + 1: null

2018-12-17 14:29:10 - [TEST_STEP][PASSED] - Statement - PreSaveFile = new java.io.File(((pathPrefix + java.lang.Integer.toString(counter)) + .png)): null

2018-12-17 14:29:10 - [TEST_STEP][PASSED] - Statement - counter = counter + 1: null

2018-12-17 14:29:10 - [TEST_STEP][PASSED] - Statement - PreSaveFile = new java.io.File(((pathPrefix + java.lang.Integer.toString(counter)) + .png)): null

2018-12-17 14:29:11 - [TEST_STEP][PASSED] - Statement - counter = counter + 1: null

2018-12-17 14:29:11 - [TEST_STEP][PASSED] - Statement - PreSaveFile = new java.io.File(((pathPrefix + java.lang.Integer.toString(counter)) + .png)): null

2018-12-17 14:29:11 - [TEST_STEP][PASSED] - Statement - counter = counter + 1: null

2018-12-17 14:29:11 - [TEST_STEP][PASSED] - Statement - PreSaveFile = new java.io.File(((pathPrefix + java.lang.Integer.toString(counter)) + .png)): null

2018-12-17 14:29:11 - [TEST_STEP][PASSED] - Statement - counter = counter + 1: null

2018-12-17 14:29:11 - [TEST_STEP][PASSED] - Statement - PreSaveFile = new java.io.File(((pathPrefix + java.lang.Integer.toString(counter)) + .png)): null

2018-12-17 14:29:11 - [TEST_STEP][PASSED] - Statement - counter = counter + 1: null

2018-12-17 14:29:11 - [TEST_STEP][PASSED] - Statement - PreSaveFile = new java.io.File(((pathPrefix + java.lang.Integer.toString(counter)) + .png)): null

2018-12-17 14:29:11 - [TEST_STEP][PASSED] - Statement - counter = counter + 1: null

2018-12-17 14:29:11 - [TEST_STEP][PASSED] - Statement - PreSaveFile = new java.io.File(((pathPrefix + java.lang.Integer.toString(counter)) + .png)): null

2018-12-17 14:29:11 - [TEST_STEP][PASSED] - Statement - counter = counter + 1: null

2018-12-17 14:29:11 - [TEST_STEP][PASSED] - Statement - PreSaveFile = new java.io.File(((pathPrefix + java.lang.Integer.toString(counter)) + .png)): null

2018-12-17 14:29:11 - [TEST_STEP][PASSED] - Statement - counter = counter + 1: null

2018-12-17 14:29:11 - [TEST_STEP][PASSED] - Statement - PreSaveFile = new java.io.File(((pathPrefix + java.lang.Integer.toString(counter)) + .png)): null

2018-12-17 14:29:11 - [TEST_STEP][PASSED] - Statement - counter = counter + 1: null

2018-12-17 14:29:11 - [TEST_STEP][PASSED] - Statement - PreSaveFile = new java.io.File(((pathPrefix + java.lang.Integer.toString(counter)) + .png)): null

2018-12-17 14:29:11 - [TEST_STEP][PASSED] - Statement - counter = counter + 1: null

2018-12-17 14:29:11 - [TEST_STEP][PASSED] - Statement - PreSaveFile = new java.io.File(((pathPrefix + java.lang.Integer.toString(counter)) + .png)): null

2018-12-17 14:29:11 - [TEST_STEP][PASSED] - Statement - counter = counter + 1: null

2018-12-17 14:29:11 - [TEST_STEP][PASSED] - Statement - PreSaveFile = new java.io.File(((pathPrefix + java.lang.Integer.toString(counter)) + .png)): null

2018-12-17 14:29:11 - [TEST_STEP][PASSED] - Statement - counter = counter + 1: null

2018-12-17 14:29:11 - [TEST_STEP][PASSED] - Statement - PreSaveFile = new java.io.File(((pathPrefix + java.lang.Integer.toString(counter)) + .png)): null

2018-12-17 14:29:11 - [TEST_STEP][PASSED] - Statement - counter = counter + 1: null

2018-12-17 14:29:11 - [TEST_STEP][PASSED] - Statement - PreSaveFile = new java.io.File(((pathPrefix + java.lang.Integer.toString(counter)) + .png)): null

2018-12-17 14:29:11 - [TEST_STEP][PASSED] - Statement - counter = counter + 1: null

2018-12-17 14:29:11 - [TEST_STEP][PASSED] - Statement - PreSaveFile = new java.io.File(((pathPrefix + java.lang.Integer.toString(counter)) + .png)): null

2018-12-17 14:29:11 - [TEST_STEP][PASSED] - Statement - counter = counter + 1: null

2018-12-17 14:29:11 - [TEST_STEP][PASSED] - Statement - PreSaveFile = new java.io.File(((pathPrefix + java.lang.Integer.toString(counter)) + .png)): null

2018-12-17 14:29:11 - [TEST_STEP][PASSED] - Statement - counter = counter + 1: null

2018-12-17 14:29:12 - [TEST_STEP][PASSED] - Statement - PreSaveFile = new java.io.File(((pathPrefix + java.lang.Integer.toString(counter)) + .png)): null

2018-12-17 14:29:12 - [TEST_STEP][PASSED] - Statement - counter = counter + 1: null

2018-12-17 14:29:12 - [TEST_STEP][PASSED] - Statement - PreSaveFile = new java.io.File(((pathPrefix + java.lang.Integer.toString(counter)) + .png)): null

2018-12-17 14:29:12 - [TEST_STEP][PASSED] - Statement - counter = counter + 1: null

2018-12-17 14:29:12 - [TEST_STEP][PASSED] - Statement - PreSaveFile = new java.io.File(((pathPrefix + java.lang.Integer.toString(counter)) + .png)): null

2018-12-17 14:29:12 - [TEST_STEP][PASSED] - Statement - counter = counter + 1: null

2018-12-17 14:29:12 - [TEST_STEP][PASSED] - Statement - PreSaveFile = new java.io.File(((pathPrefix + java.lang.Integer.toString(counter)) + .png)): null

2018-12-17 14:29:12 - [TEST_STEP][PASSED] - Statement - counter = counter + 1: null

2018-12-17 14:29:12 - [TEST_STEP][PASSED] - Statement - PreSaveFile = new java.io.File(((pathPrefix + java.lang.Integer.toString(counter)) + .png)): null

2018-12-17 14:29:12 - [TEST_STEP][PASSED] - Statement - counter = counter + 1: null

2018-12-17 14:29:12 - [TEST_STEP][PASSED] - Statement - PreSaveFile = new java.io.File(((pathPrefix + java.lang.Integer.toString(counter)) + .png)): null

2018-12-17 14:29:12 - [TEST_STEP][PASSED] - Statement - counter = counter + 1: null

2018-12-17 14:29:12 - [TEST_STEP][PASSED] - Statement - PreSaveFile = new java.io.File(((pathPrefix + java.lang.Integer.toString(counter)) + .png)): null

2018-12-17 14:29:12 - [TEST_STEP][PASSED] - Statement - counter = counter + 1: null

2018-12-17 14:29:12 - [TEST_STEP][PASSED] - Statement - PreSaveFile = new java.io.File(((pathPrefix + java.lang.Integer.toString(counter)) + .png)): null

2018-12-17 14:29:12 - [TEST_STEP][PASSED] - Statement - counter = counter + 1: null

2018-12-17 14:29:12 - [TEST_STEP][PASSED] - Statement - PreSaveFile = new java.io.File(((pathPrefix + java.lang.Integer.toString(counter)) + .png)): null

2018-12-17 14:29:12 - [TEST_STEP][PASSED] - Statement - counter = counter + 1: null

2018-12-17 14:29:12 - [TEST_STEP][PASSED] - Statement - PreSaveFile = new java.io.File(((pathPrefix + java.lang.Integer.toString(counter)) + .png)): null

2018-12-17 14:29:12 - [TEST_STEP][PASSED] - Statement - counter = counter + 1: null

2018-12-17 14:29:12 - [TEST_STEP][PASSED] - Statement - PreSaveFile = new java.io.File(((pathPrefix + java.lang.Integer.toString(counter)) + .png)): null

2018-12-17 14:29:12 - [TEST_STEP][PASSED] - Statement - counter = counter + 1: null

2018-12-17 14:29:12 - [TEST_STEP][PASSED] - Statement - PreSaveFile = new java.io.File(((pathPrefix + java.lang.Integer.toString(counter)) + .png)): null

2018-12-17 14:29:12 - [TEST_STEP][PASSED] - Statement - counter = counter + 1: null

2018-12-17 14:29:12 - [TEST_STEP][PASSED] - Statement - PreSaveFile = new java.io.File(((pathPrefix + java.lang.Integer.toString(counter)) + .png)): null

2018-12-17 14:29:12 - [TEST_STEP][PASSED] - Statement - counter = counter + 1: null

2018-12-17 14:29:12 - [TEST_STEP][PASSED] - Statement - PreSaveFile = new java.io.File(((pathPrefix + java.lang.Integer.toString(counter)) + .png)): null

2018-12-17 14:29:12 - [TEST_STEP][PASSED] - Statement - counter = counter + 1: null

2018-12-17 14:29:12 - [TEST_STEP][PASSED] - Statement - PreSaveFile = new java.io.File(((pathPrefix + java.lang.Integer.toString(counter)) + .png)): null

2018-12-17 14:29:13 - [TEST_STEP][PASSED] - Statement - counter = counter + 1: null

2018-12-17 14:29:13 - [TEST_STEP][PASSED] - Statement - PreSaveFile = new java.io.File(((pathPrefix + java.lang.Integer.toString(counter)) + .png)): null

2018-12-17 14:29:13 - [TEST_STEP][PASSED] - Statement - counter = counter + 1: null

2018-12-17 14:29:13 - [TEST_STEP][PASSED] - Statement - PreSaveFile = new java.io.File(((pathPrefix + java.lang.Integer.toString(counter)) + .png)): null

2018-12-17 14:29:13 - [TEST_STEP][PASSED] - Statement - counter = counter + 1: null

2018-12-17 14:29:13 - [TEST_STEP][PASSED] - Statement - PreSaveFile = new java.io.File(((pathPrefix + java.lang.Integer.toString(counter)) + .png)): null

2018-12-17 14:29:13 - [TEST_STEP][PASSED] - Statement - counter = counter + 1: null

2018-12-17 14:29:13 - [TEST_STEP][PASSED] - Statement - PreSaveFile = new java.io.File(((pathPrefix + java.lang.Integer.toString(counter)) + .png)): null

2018-12-17 14:29:13 - [TEST_STEP][PASSED] - Statement - counter = counter + 1: null

2018-12-17 14:29:13 - [TEST_STEP][PASSED] - Statement - PreSaveFile = new java.io.File(((pathPrefix + java.lang.Integer.toString(counter)) + .png)): null

2018-12-17 14:29:13 - [TEST_STEP][PASSED] - Statement - counter = counter + 1: null

2018-12-17 14:29:13 - [TEST_STEP][PASSED] - Statement - PreSaveFile = new java.io.File(((pathPrefix + java.lang.Integer.toString(counter)) + .png)): null

2018-12-17 14:29:13 - [TEST_STEP][PASSED] - Statement - counter = counter + 1: null

2018-12-17 14:29:13 - [TEST_STEP][PASSED] - Statement - PreSaveFile = new java.io.File(((pathPrefix + java.lang.Integer.toString(counter)) + .png)): null

2018-12-17 14:29:13 - [TEST_STEP][PASSED] - Statement - counter = counter + 1: null

2018-12-17 14:29:13 - [TEST_STEP][PASSED] - Statement - PreSaveFile = new java.io.File(((pathPrefix + java.lang.Integer.toString(counter)) + .png)): null

2018-12-17 14:29:13 - [TEST_STEP][PASSED] - Statement - counter = counter + 1: null

2018-12-17 14:29:13 - [TEST_STEP][PASSED] - Statement - PreSaveFile = new java.io.File(((pathPrefix + java.lang.Integer.toString(counter)) + .png)): null

2018-12-17 14:29:13 - [TEST_STEP][PASSED] - Statement - counter = counter + 1: null

2018-12-17 14:29:13 - [TEST_STEP][PASSED] - Statement - PreSaveFile = new java.io.File(((pathPrefix + java.lang.Integer.toString(counter)) + .png)): null

2018-12-17 14:29:13 - [TEST_STEP][PASSED] - Statement - counter = counter + 1: null

2018-12-17 14:29:13 - [TEST_STEP][PASSED] - Statement - PreSaveFile = new java.io.File(((pathPrefix + java.lang.Integer.toString(counter)) + .png)): null

2018-12-17 14:29:13 - [TEST_STEP][PASSED] - Statement - counter = counter + 1: null

2018-12-17 14:29:13 - [TEST_STEP][PASSED] - Statement - PreSaveFile = new java.io.File(((pathPrefix + java.lang.Integer.toString(counter)) + .png)): null

2018-12-17 14:29:13 - [TEST_STEP][PASSED] - Statement - counter = counter + 1: null

2018-12-17 14:29:13 - [TEST_STEP][PASSED] - Statement - PreSaveFile = new java.io.File(((pathPrefix + java.lang.Integer.toString(counter)) + .png)): null

2018-12-17 14:29:13 - [TEST_STEP][PASSED] - Statement - counter = counter + 1: null

2018-12-17 14:29:13 - [TEST_STEP][PASSED] - Statement - PreSaveFile = new java.io.File(((pathPrefix + java.lang.Integer.toString(counter)) + .png)): null

2018-12-17 14:29:13 - [TEST_STEP][PASSED] - Statement - counter = counter + 1: null

2018-12-17 14:29:14 - [TEST_STEP][PASSED] - Statement - PreSaveFile = new java.io.File(((pathPrefix + java.lang.Integer.toString(counter)) + .png)): null

2018-12-17 14:29:14 - [TEST_STEP][PASSED] - Statement - counter = counter + 1: null

2018-12-17 14:29:14 - [TEST_STEP][PASSED] - Statement - PreSaveFile = new java.io.File(((pathPrefix + java.lang.Integer.toString(counter)) + .png)): null

2018-12-17 14:29:14 - [TEST_STEP][PASSED] - Statement - counter = counter + 1: null

2018-12-17 14:29:14 - [TEST_STEP][PASSED] - Statement - PreSaveFile = new java.io.File(((pathPrefix + java.lang.Integer.toString(counter)) + .png)): null

2018-12-17 14:29:14 - [TEST_STEP][PASSED] - Statement - counter = counter + 1: null

2018-12-17 14:29:14 - [TEST_STEP][PASSED] - Statement - PreSaveFile = new java.io.File(((pathPrefix + java.lang.Integer.toString(counter)) + .png)): null

2018-12-17 14:29:14 - [TEST_STEP][PASSED] - Statement - counter = counter + 1: null

2018-12-17 14:29:14 - [TEST_STEP][PASSED] - Statement - PreSaveFile = new java.io.File(((pathPrefix + java.lang.Integer.toString(counter)) + .png)): null

2018-12-17 14:29:14 - [TEST_STEP][PASSED] - Statement - counter = counter + 1: null

2018-12-17 14:29:14 - [TEST_STEP][PASSED] - Statement - PreSaveFile = new java.io.File(((pathPrefix + java.lang.Integer.toString(counter)) + .png)): null

2018-12-17 14:29:14 - [TEST_STEP][PASSED] - Statement - counter = counter + 1: null

2018-12-17 14:29:14 - [TEST_STEP][PASSED] - Statement - PreSaveFile = new java.io.File(((pathPrefix + java.lang.Integer.toString(counter)) + .png)): null

2018-12-17 14:29:14 - [TEST_STEP][PASSED] - Statement - counter = counter + 1: null

2018-12-17 14:29:14 - [TEST_STEP][PASSED] - Statement - PreSaveFile = new java.io.File(((pathPrefix + java.lang.Integer.toString(counter)) + .png)): null

2018-12-17 14:29:14 - [TEST_STEP][PASSED] - Statement - counter = counter + 1: null

2018-12-17 14:29:14 - [TEST_STEP][PASSED] - Statement - PreSaveFile = new java.io.File(((pathPrefix + java.lang.Integer.toString(counter)) + .png)): null

2018-12-17 14:29:14 - [TEST_STEP][PASSED] - Statement - counter = counter + 1: null

2018-12-17 14:29:14 - [TEST_STEP][PASSED] - Statement - PreSaveFile = new java.io.File(((pathPrefix + java.lang.Integer.toString(counter)) + .png)): null

2018-12-17 14:29:14 - [TEST_STEP][PASSED] - Statement - counter = counter + 1: null

2018-12-17 14:29:14 - [TEST_STEP][PASSED] - Statement - PreSaveFile = new java.io.File(((pathPrefix + java.lang.Integer.toString(counter)) + .png)): null

2018-12-17 14:29:14 - [TEST_STEP][PASSED] - Statement - counter = counter + 1: null

2018-12-17 14:29:14 - [TEST_STEP][PASSED] - Statement - PreSaveFile = new java.io.File(((pathPrefix + java.lang.Integer.toString(counter)) + .png)): null

2018-12-17 14:29:14 - [TEST_STEP][PASSED] - Statement - counter = counter + 1: null

2018-12-17 14:29:14 - [TEST_STEP][PASSED] - Statement - PreSaveFile = new java.io.File(((pathPrefix + java.lang.Integer.toString(counter)) + .png)): null

2018-12-17 14:29:14 - [TEST_STEP][PASSED] - Statement - counter = counter + 1: null

2018-12-17 14:29:14 - [TEST_STEP][PASSED] - Statement - PreSaveFile = new java.io.File(((pathPrefix + java.lang.Integer.toString(counter)) + .png)): null

2018-12-17 14:29:14 - [TEST_STEP][PASSED] - Statement - counter = counter + 1: null

2018-12-17 14:29:14 - [TEST_STEP][PASSED] - Statement - PreSaveFile = new java.io.File(((pathPrefix + java.lang.Integer.toString(counter)) + .png)): null

2018-12-17 14:29:15 - [TEST_STEP][PASSED] - Statement - counter = counter + 1: null

2018-12-17 14:29:15 - [TEST_STEP][PASSED] - Statement - PreSaveFile = new java.io.File(((pathPrefix + java.lang.Integer.toString(counter)) + .png)): null

2018-12-17 14:29:15 - [TEST_STEP][PASSED] - Statement - counter = counter + 1: null

2018-12-17 14:29:15 - [TEST_STEP][PASSED] - Statement - PreSaveFile = new java.io.File(((pathPrefix + java.lang.Integer.toString(counter)) + .png)): null

2018-12-17 14:29:15 - [TEST_STEP][PASSED] - Statement - counter = counter + 1: null

2018-12-17 14:29:15 - [TEST_STEP][PASSED] - Statement - PreSaveFile = new java.io.File(((pathPrefix + java.lang.Integer.toString(counter)) + .png)): null

2018-12-17 14:29:15 - [TEST_STEP][PASSED] - Statement - counter = counter + 1: null

2018-12-17 14:29:15 - [TEST_STEP][PASSED] - Statement - PreSaveFile = new java.io.File(((pathPrefix + java.lang.Integer.toString(counter)) + .png)): null

2018-12-17 14:29:15 - [TEST_STEP][PASSED] - Statement - counter = counter + 1: null

2018-12-17 14:29:15 - [TEST_STEP][PASSED] - Statement - PreSaveFile = new java.io.File(((pathPrefix + java.lang.Integer.toString(counter)) + .png)): null

2018-12-17 14:29:15 - [TEST_STEP][PASSED] - Statement - counter = counter + 1: null

2018-12-17 14:29:15 - [TEST_STEP][PASSED] - Statement - PreSaveFile = new java.io.File(((pathPrefix + java.lang.Integer.toString(counter)) + .png)): null

2018-12-17 14:29:15 - [TEST_STEP][PASSED] - Statement - counter = counter + 1: null

2018-12-17 14:29:15 - [TEST_STEP][PASSED] - Statement - PreSaveFile = new java.io.File(((pathPrefix + java.lang.Integer.toString(counter)) + .png)): null

2018-12-17 14:29:15 - [TEST_STEP][PASSED] - Statement - counter = counter + 1: null

2018-12-17 14:29:15 - [TEST_STEP][PASSED] - Statement - PreSaveFile = new java.io.File(((pathPrefix + java.lang.Integer.toString(counter)) + .png)): null

2018-12-17 14:29:15 - [TEST_STEP][PASSED] - Statement - counter = counter + 1: null

2018-12-17 14:29:15 - [TEST_STEP][PASSED] - Statement - PreSaveFile = new java.io.File(((pathPrefix + java.lang.Integer.toString(counter)) + .png)): null

2018-12-17 14:29:15 - [TEST_STEP][PASSED] - Statement - counter = counter + 1: null

2018-12-17 14:29:15 - [TEST_STEP][PASSED] - Statement - PreSaveFile = new java.io.File(((pathPrefix + java.lang.Integer.toString(counter)) + .png)): null

2018-12-17 14:29:15 - [TEST_STEP][PASSED] - Statement - counter = counter + 1: null

2018-12-17 14:29:15 - [TEST_STEP][PASSED] - Statement - PreSaveFile = new java.io.File(((pathPrefix + java.lang.Integer.toString(counter)) + .png)): null

2018-12-17 14:29:15 - [TEST_STEP][PASSED] - Statement - counter = counter + 1: null

2018-12-17 14:29:15 - [TEST_STEP][PASSED] - Statement - PreSaveFile = new java.io.File(((pathPrefix + java.lang.Integer.toString(counter)) + .png)): null

2018-12-17 14:29:15 - [TEST_STEP][PASSED] - Statement - counter = counter + 1: null

2018-12-17 14:29:15 - [TEST_STEP][PASSED] - Statement - PreSaveFile = new java.io.File(((pathPrefix + java.lang.Integer.toString(counter)) + .png)): null

2018-12-17 14:29:15 - [TEST_STEP][PASSED] - Statement - counter = counter + 1: null

2018-12-17 14:29:15 - [TEST_STEP][PASSED] - Statement - PreSaveFile = new java.io.File(((pathPrefix + java.lang.Integer.toString(counter)) + .png)): null

2018-12-17 14:29:15 - [TEST_STEP][PASSED] - Statement - counter = counter + 1: null

2018-12-17 14:29:15 - [TEST_STEP][PASSED] - Statement - PreSaveFile = new java.io.File(((pathPrefix + java.lang.Integer.toString(counter)) + .png)): null

2018-12-17 14:29:15 - [TEST_STEP][PASSED] - Statement - counter = counter + 1: null

2018-12-17 14:29:15 - [TEST_STEP][PASSED] - Statement - PreSaveFile = new java.io.File(((pathPrefix + java.lang.Integer.toString(counter)) + .png)): null

2018-12-17 14:29:15 - [TEST_STEP][PASSED] - Statement - counter = counter + 1: null

2018-12-17 14:29:15 - [TEST_STEP][PASSED] - Statement - PreSaveFile = new java.io.File(((pathPrefix + java.lang.Integer.toString(counter)) + .png)): null

2018-12-17 14:29:15 - [TEST_STEP][PASSED] - Statement - counter = counter + 1: null

2018-12-17 14:29:15 - [TEST_STEP][PASSED] - Statement - PreSaveFile = new java.io.File(((pathPrefix + java.lang.Integer.toString(counter)) + .png)): null

2018-12-17 14:29:15 - [TEST_STEP][PASSED] - Statement - counter = counter + 1: null

2018-12-17 14:29:15 - [TEST_STEP][PASSED] - Statement - PreSaveFile = new java.io.File(((pathPrefix + java.lang.Integer.toString(counter)) + .png)): null

2018-12-17 14:29:16 - [TEST_STEP][PASSED] - Statement - counter = counter + 1: null

2018-12-17 14:29:16 - [TEST_STEP][PASSED] - Statement - PreSaveFile = new java.io.File(((pathPrefix + java.lang.Integer.toString(counter)) + .png)): null

2018-12-17 14:29:16 - [TEST_STEP][PASSED] - Statement - counter = counter + 1: null

2018-12-17 14:29:16 - [TEST_STEP][PASSED] - Statement - PreSaveFile = new java.io.File(((pathPrefix + java.lang.Integer.toString(counter)) + .png)): null

2018-12-17 14:29:16 - [TEST_STEP][PASSED] - Statement - counter = counter + 1: null

2018-12-17 14:29:16 - [TEST_STEP][PASSED] - Statement - PreSaveFile = new java.io.File(((pathPrefix + java.lang.Integer.toString(counter)) + .png)): null

2018-12-17 14:29:16 - [TEST_STEP][PASSED] - Statement - counter = counter + 1: null

2018-12-17 14:29:16 - [TEST_STEP][PASSED] - Statement - PreSaveFile = new java.io.File(((pathPrefix + java.lang.Integer.toString(counter)) + .png)): null

2018-12-17 14:29:16 - [TEST_STEP][PASSED] - Statement - counter = counter + 1: null

2018-12-17 14:29:16 - [TEST_STEP][PASSED] - Statement - PreSaveFile = new java.io.File(((pathPrefix + java.lang.Integer.toString(counter)) + .png)): null

2018-12-17 14:29:16 - [TEST_STEP][PASSED] - Statement - counter = counter + 1: null

2018-12-17 14:29:16 - [TEST_STEP][PASSED] - Statement - PreSaveFile = new java.io.File(((pathPrefix + java.lang.Integer.toString(counter)) + .png)): null

2018-12-17 14:29:16 - [TEST_STEP][PASSED] - Statement - counter = counter + 1: null

2018-12-17 14:29:16 - [TEST_STEP][PASSED] - Statement - PreSaveFile = new java.io.File(((pathPrefix + java.lang.Integer.toString(counter)) + .png)): null

2018-12-17 14:29:16 - [TEST_STEP][PASSED] - Statement - counter = counter + 1: null

2018-12-17 14:29:16 - [TEST_STEP][PASSED] - Statement - PreSaveFile = new java.io.File(((pathPrefix + java.lang.Integer.toString(counter)) + .png)): null

2018-12-17 14:29:16 - [TEST_STEP][PASSED] - Statement - counter = counter + 1: null

2018-12-17 14:29:16 - [TEST_STEP][PASSED] - Statement - PreSaveFile = new java.io.File(((pathPrefix + java.lang.Integer.toString(counter)) + .png)): null

2018-12-17 14:29:16 - [TEST_STEP][PASSED] - Statement - counter = counter + 1: null

2018-12-17 14:29:16 - [TEST_STEP][PASSED] - Statement - PreSaveFile = new java.io.File(((pathPrefix + java.lang.Integer.toString(counter)) + .png)): null

2018-12-17 14:29:16 - [TEST_STEP][PASSED] - Statement - counter = counter + 1: null

2018-12-17 14:29:16 - [TEST_STEP][PASSED] - Statement - PreSaveFile = new java.io.File(((pathPrefix + java.lang.Integer.toString(counter)) + .png)): null

2018-12-17 14:29:16 - [TEST_STEP][PASSED] - Statement - counter = counter + 1: null

2018-12-17 14:29:16 - [TEST_STEP][PASSED] - Statement - PreSaveFile = new java.io.File(((pathPrefix + java.lang.Integer.toString(counter)) + .png)): null

2018-12-17 14:29:16 - [TEST_STEP][PASSED] - Statement - counter = counter + 1: null

2018-12-17 14:29:16 - [TEST_STEP][PASSED] - Statement - PreSaveFile = new java.io.File(((pathPrefix + java.lang.Integer.toString(counter)) + .png)): null

2018-12-17 14:29:16 - [TEST_STEP][PASSED] - Statement - counter = counter + 1: null

2018-12-17 14:29:16 - [TEST_STEP][PASSED] - Statement - PreSaveFile = new java.io.File(((pathPrefix + java.lang.Integer.toString(counter)) + .png)): null

2018-12-17 14:29:16 - [TEST_STEP][PASSED] - Statement - counter = counter + 1: null

2018-12-17 14:29:17 - [TEST_STEP][PASSED] - Statement - PreSaveFile = new java.io.File(((pathPrefix + java.lang.Integer.toString(counter)) + .png)): null

2018-12-17 14:29:17 - [TEST_STEP][PASSED] - Statement - counter = counter + 1: null

2018-12-17 14:29:17 - [TEST_STEP][PASSED] - Statement - PreSaveFile = new java.io.File(((pathPrefix + java.lang.Integer.toString(counter)) + .png)): null

2018-12-17 14:29:17 - [TEST_STEP][PASSED] - Statement - counter = counter + 1: null

2018-12-17 14:29:17 - [TEST_STEP][PASSED] - Statement - PreSaveFile = new java.io.File(((pathPrefix + java.lang.Integer.toString(counter)) + .png)): null

2018-12-17 14:29:17 - [TEST_STEP][PASSED] - Statement - counter = counter + 1: null

2018-12-17 14:29:17 - [TEST_STEP][PASSED] - Statement - PreSaveFile = new java.io.File(((pathPrefix + java.lang.Integer.toString(counter)) + .png)): null

2018-12-17 14:29:17 - [TEST_STEP][PASSED] - Statement - counter = counter + 1: null

2018-12-17 14:29:17 - [TEST_STEP][PASSED] - Statement - PreSaveFile = new java.io.File(((pathPrefix + java.lang.Integer.toString(counter)) + .png)): null

2018-12-17 14:29:17 - [TEST_STEP][PASSED] - Statement - counter = counter + 1: null

2018-12-17 14:29:17 - [TEST_STEP][PASSED] - Statement - PreSaveFile = new java.io.File(((pathPrefix + java.lang.Integer.toString(counter)) + .png)): null

2018-12-17 14:29:17 - [TEST_STEP][PASSED] - Statement - counter = counter + 1: null

2018-12-17 14:29:17 - [TEST_STEP][PASSED] - Statement - PreSaveFile = new java.io.File(((pathPrefix + java.lang.Integer.toString(counter)) + .png)): null

2018-12-17 14:29:17 - [TEST_STEP][PASSED] - Statement - counter = counter + 1: null

2018-12-17 14:29:17 - [TEST_STEP][PASSED] - Statement - PreSaveFile = new java.io.File(((pathPrefix + java.lang.Integer.toString(counter)) + .png)): null

2018-12-17 14:29:17 - [TEST_STEP][PASSED] - Statement - counter = counter + 1: null

2018-12-17 14:29:17 - [TEST_STEP][PASSED] - Statement - PreSaveFile = new java.io.File(((pathPrefix + java.lang.Integer.toString(counter)) + .png)): null

2018-12-17 14:29:17 - [TEST_STEP][PASSED] - Statement - counter = counter + 1: null

2018-12-17 14:29:17 - [TEST_STEP][PASSED] - Statement - PreSaveFile = new java.io.File(((pathPrefix + java.lang.Integer.toString(counter)) + .png)): null

2018-12-17 14:29:17 - [TEST_STEP][PASSED] - Statement - counter = counter + 1: null

2018-12-17 14:29:17 - [TEST_STEP][PASSED] - Statement - PreSaveFile = new java.io.File(((pathPrefix + java.lang.Integer.toString(counter)) + .png)): null

2018-12-17 14:29:17 - [TEST_STEP][PASSED] - Statement - counter = counter + 1: null

2018-12-17 14:29:17 - [TEST_STEP][PASSED] - Statement - PreSaveFile = new java.io.File(((pathPrefix + java.lang.Integer.toString(counter)) + .png)): null

2018-12-17 14:29:17 - [TEST_STEP][PASSED] - Statement - counter = counter + 1: null

2018-12-17 14:29:17 - [TEST_STEP][PASSED] - Statement - PreSaveFile = new java.io.File(((pathPrefix + java.lang.Integer.toString(counter)) + .png)): null

2018-12-17 14:29:17 - [TEST_STEP][PASSED] - Statement - counter = counter + 1: null

2018-12-17 14:29:17 - [TEST_STEP][PASSED] - Statement - PreSaveFile = new java.io.File(((pathPrefix + java.lang.Integer.toString(counter)) + .png)): null

2018-12-17 14:29:17 - [TEST_STEP][PASSED] - Statement - counter = counter + 1: null

2018-12-17 14:29:18 - [TEST_STEP][PASSED] - Statement - PreSaveFile = new java.io.File(((pathPrefix + java.lang.Integer.toString(counter)) + .png)): null

2018-12-17 14:29:18 - [TEST_STEP][PASSED] - Statement - counter = counter + 1: null

2018-12-17 14:29:18 - [TEST_STEP][PASSED] - Statement - PreSaveFile = new java.io.File(((pathPrefix + java.lang.Integer.toString(counter)) + .png)): null

2018-12-17 14:29:18 - [TEST_STEP][PASSED] - Statement - counter = counter + 1: null

2018-12-17 14:29:18 - [TEST_STEP][PASSED] - Statement - PreSaveFile = new java.io.File(((pathPrefix + java.lang.Integer.toString(counter)) + .png)): null

2018-12-17 14:29:18 - [TEST_STEP][PASSED] - Statement - counter = counter + 1: null

2018-12-17 14:29:18 - [TEST_STEP][PASSED] - Statement - PreSaveFile = new java.io.File(((pathPrefix + java.lang.Integer.toString(counter)) + .png)): null

2018-12-17 14:29:18 - [TEST_STEP][PASSED] - Statement - counter = counter + 1: null

2018-12-17 14:29:18 - [TEST_STEP][PASSED] - Statement - PreSaveFile = new java.io.File(((pathPrefix + java.lang.Integer.toString(counter)) + .png)): null

2018-12-17 14:29:18 - [TEST_STEP][PASSED] - Statement - counter = counter + 1: null

2018-12-17 14:29:18 - [TEST_STEP][PASSED] - Statement - PreSaveFile = new java.io.File(((pathPrefix + java.lang.Integer.toString(counter)) + .png)): null

2018-12-17 14:29:18 - [TEST_STEP][PASSED] - Statement - counter = counter + 1: null

2018-12-17 14:29:18 - [TEST_STEP][PASSED] - Statement - PreSaveFile = new java.io.File(((pathPrefix + java.lang.Integer.toString(counter)) + .png)): null

2018-12-17 14:29:18 - [TEST_STEP][PASSED] - Statement - counter = counter + 1: null

2018-12-17 14:29:18 - [TEST_STEP][PASSED] - Statement - PreSaveFile = new java.io.File(((pathPrefix + java.lang.Integer.toString(counter)) + .png)): null

2018-12-17 14:29:18 - [TEST_STEP][PASSED] - Statement - counter = counter + 1: null

2018-12-17 14:29:18 - [TEST_STEP][PASSED] - Statement - PreSaveFile = new java.io.File(((pathPrefix + java.lang.Integer.toString(counter)) + .png)): null

2018-12-17 14:29:18 - [TEST_STEP][PASSED] - Statement - counter = counter + 1: null

2018-12-17 14:29:18 - [TEST_STEP][PASSED] - Statement - PreSaveFile = new java.io.File(((pathPrefix + java.lang.Integer.toString(counter)) + .png)): null

2018-12-17 14:29:18 - [TEST_STEP][PASSED] - Statement - counter = counter + 1: null

2018-12-17 14:29:18 - [TEST_STEP][PASSED] - Statement - PreSaveFile = new java.io.File(((pathPrefix + java.lang.Integer.toString(counter)) + .png)): null

2018-12-17 14:29:18 - [TEST_STEP][PASSED] - Statement - counter = counter + 1: null

2018-12-17 14:29:18 - [TEST_STEP][PASSED] - Statement - PreSaveFile = new java.io.File(((pathPrefix + java.lang.Integer.toString(counter)) + .png)): null

2018-12-17 14:29:18 - [TEST_STEP][PASSED] - Statement - counter = counter + 1: null

2018-12-17 14:29:18 - [TEST_STEP][PASSED] - Statement - PreSaveFile = new java.io.File(((pathPrefix + java.lang.Integer.toString(counter)) + .png)): null

2018-12-17 14:29:18 - [TEST_STEP][PASSED] - Statement - counter = counter + 1: null

2018-12-17 14:29:18 - [TEST_STEP][PASSED] - Statement - PreSaveFile = new java.io.File(((pathPrefix + java.lang.Integer.toString(counter)) + .png)): null

2018-12-17 14:29:18 - [TEST_STEP][PASSED] - Statement - counter = counter + 1: null

2018-12-17 14:29:18 - [TEST_STEP][PASSED] - Statement - PreSaveFile = new java.io.File(((pathPrefix + java.lang.Integer.toString(counter)) + .png)): null

2018-12-17 14:29:19 - [TEST_STEP][PASSED] - Statement - counter = counter + 1: null

2018-12-17 14:29:19 - [TEST_STEP][PASSED] - Statement - PreSaveFile = new java.io.File(((pathPrefix + java.lang.Integer.toString(counter)) + .png)): null

2018-12-17 14:29:19 - [TEST_STEP][PASSED] - Statement - counter = counter + 1: null

2018-12-17 14:29:19 - [TEST_STEP][PASSED] - Statement - PreSaveFile = new java.io.File(((pathPrefix + java.lang.Integer.toString(counter)) + .png)): null

2018-12-17 14:29:19 - [TEST_STEP][PASSED] - Statement - counter = counter + 1: null

2018-12-17 14:29:19 - [TEST_STEP][PASSED] - Statement - PreSaveFile = new java.io.File(((pathPrefix + java.lang.Integer.toString(counter)) + .png)): null

2018-12-17 14:29:19 - [TEST_STEP][PASSED] - Statement - counter = counter + 1: null

2018-12-17 14:29:19 - [TEST_STEP][PASSED] - Statement - PreSaveFile = new java.io.File(((pathPrefix + java.lang.Integer.toString(counter)) + .png)): null

2018-12-17 14:29:19 - [TEST_STEP][PASSED] - Statement - counter = counter + 1: null

2018-12-17 14:29:19 - [TEST_STEP][PASSED] - Statement - PreSaveFile = new java.io.File(((pathPrefix + java.lang.Integer.toString(counter)) + .png)): null

2018-12-17 14:29:19 - [TEST_STEP][PASSED] - Statement - counter = counter + 1: null

2018-12-17 14:29:19 - [TEST_STEP][PASSED] - Statement - PreSaveFile = new java.io.File(((pathPrefix + java.lang.Integer.toString(counter)) + .png)): null

2018-12-17 14:29:19 - [TEST_STEP][PASSED] - Statement - counter = counter + 1: null

2018-12-17 14:29:19 - [TEST_STEP][PASSED] - Statement - PreSaveFile = new java.io.File(((pathPrefix + java.lang.Integer.toString(counter)) + .png)): null

2018-12-17 14:29:19 - [TEST_STEP][PASSED] - Statement - counter = counter + 1: null

2018-12-17 14:29:19 - [TEST_STEP][PASSED] - Statement - PreSaveFile = new java.io.File(((pathPrefix + java.lang.Integer.toString(counter)) + .png)): null

2018-12-17 14:29:19 - [TEST_STEP][PASSED] - Statement - counter = counter + 1: null

2018-12-17 14:29:19 - [TEST_STEP][PASSED] - Statement - PreSaveFile = new java.io.File(((pathPrefix + java.lang.Integer.toString(counter)) + .png)): null

2018-12-17 14:29:19 - [TEST_STEP][PASSED] - Statement - counter = counter + 1: null

2018-12-17 14:29:19 - [TEST_STEP][PASSED] - Statement - PreSaveFile = new java.io.File(((pathPrefix + java.lang.Integer.toString(counter)) + .png)): null

2018-12-17 14:29:19 - [TEST_STEP][PASSED] - Statement - counter = counter + 1: null

2018-12-17 14:29:19 - [TEST_STEP][PASSED] - Statement - PreSaveFile = new java.io.File(((pathPrefix + java.lang.Integer.toString(counter)) + .png)): null

2018-12-17 14:29:19 - [TEST_STEP][PASSED] - Statement - counter = counter + 1: null

2018-12-17 14:29:19 - [TEST_STEP][PASSED] - Statement - PreSaveFile = new java.io.File(((pathPrefix + java.lang.Integer.toString(counter)) + .png)): null

2018-12-17 14:29:19 - [TEST_STEP][PASSED] - Statement - counter = counter + 1: null

2018-12-17 14:29:19 - [TEST_STEP][PASSED] - Statement - PreSaveFile = new java.io.File(((pathPrefix + java.lang.Integer.toString(counter)) + .png)): null

2018-12-17 14:29:19 - [TEST_STEP][PASSED] - Statement - counter = counter + 1: null

2018-12-17 14:29:19 - [TEST_STEP][PASSED] - Statement - PreSaveFile = new java.io.File(((pathPrefix + java.lang.Integer.toString(counter)) + .png)): null

2018-12-17 14:29:19 - [TEST_STEP][PASSED] - Statement - counter = counter + 1: null

2018-12-17 14:29:20 - [TEST_STEP][PASSED] - Statement - PreSaveFile = new java.io.File(((pathPrefix + java.lang.Integer.toString(counter)) + .png)): null

2018-12-17 14:29:20 - [TEST_STEP][PASSED] - Statement - counter = counter + 1: null

2018-12-17 14:29:20 - [TEST_STEP][PASSED] - Statement - PreSaveFile = new java.io.File(((pathPrefix + java.lang.Integer.toString(counter)) + .png)): null

2018-12-17 14:29:20 - [TEST_STEP][PASSED] - Statement - counter = counter + 1: null

2018-12-17 14:29:20 - [TEST_STEP][PASSED] - Statement - PreSaveFile = new java.io.File(((pathPrefix + java.lang.Integer.toString(counter)) + .png)): null

2018-12-17 14:29:20 - [TEST_STEP][PASSED] - Statement - counter = counter + 1: null

2018-12-17 14:29:20 - [TEST_STEP][PASSED] - Statement - PreSaveFile = new java.io.File(((pathPrefix + java.lang.Integer.toString(counter)) + .png)): null

2018-12-17 14:29:20 - [TEST_STEP][PASSED] - Statement - counter = counter + 1: null

2018-12-17 14:29:20 - [TEST_STEP][PASSED] - Statement - PreSaveFile = new java.io.File(((pathPrefix + java.lang.Integer.toString(counter)) + .png)): null

2018-12-17 14:29:20 - [TEST_STEP][PASSED] - Statement - counter = counter + 1: null

2018-12-17 14:29:20 - [TEST_STEP][PASSED] - Statement - PreSaveFile = new java.io.File(((pathPrefix + java.lang.Integer.toString(counter)) + .png)): null

2018-12-17 14:29:20 - [TEST_STEP][PASSED] - Statement - counter = counter + 1: null

2018-12-17 14:29:20 - [TEST_STEP][PASSED] - Statement - PreSaveFile = new java.io.File(((pathPrefix + java.lang.Integer.toString(counter)) + .png)): null

2018-12-17 14:29:20 - [TEST_STEP][PASSED] - Statement - counter = counter + 1: null

2018-12-17 14:29:20 - [TEST_STEP][PASSED] - Statement - PreSaveFile = new java.io.File(((pathPrefix + java.lang.Integer.toString(counter)) + .png)): null

2018-12-17 14:29:20 - [TEST_STEP][PASSED] - Statement - counter = counter + 1: null

2018-12-17 14:29:20 - [TEST_STEP][PASSED] - Statement - PreSaveFile = new java.io.File(((pathPrefix + java.lang.Integer.toString(counter)) + .png)): null

2018-12-17 14:29:20 - [TEST_STEP][PASSED] - Statement - counter = counter + 1: null

2018-12-17 14:29:20 - [TEST_STEP][PASSED] - Statement - PreSaveFile = new java.io.File(((pathPrefix + java.lang.Integer.toString(counter)) + .png)): null

2018-12-17 14:29:20 - [TEST_STEP][PASSED] - Statement - counter = counter + 1: null

2018-12-17 14:29:20 - [TEST_STEP][PASSED] - Statement - PreSaveFile = new java.io.File(((pathPrefix + java.lang.Integer.toString(counter)) + .png)): null

2018-12-17 14:29:20 - [TEST_STEP][PASSED] - Statement - counter = counter + 1: null

2018-12-17 14:29:20 - [TEST_STEP][PASSED] - Statement - PreSaveFile = new java.io.File(((pathPrefix + java.lang.Integer.toString(counter)) + .png)): null

2018-12-17 14:29:20 - [TEST_STEP][PASSED] - Statement - counter = counter + 1: null

2018-12-17 14:29:20 - [TEST_STEP][PASSED] - Statement - PreSaveFile = new java.io.File(((pathPrefix + java.lang.Integer.toString(counter)) + .png)): null

2018-12-17 14:29:20 - [TEST_STEP][PASSED] - Statement - counter = counter + 1: null

2018-12-17 14:29:20 - [TEST_STEP][PASSED] - Statement - PreSaveFile = new java.io.File(((pathPrefix + java.lang.Integer.toString(counter)) + .png)): null

2018-12-17 14:29:20 - [TEST_STEP][PASSED] - Statement - counter = counter + 1: null

2018-12-17 14:29:21 - [TEST_STEP][PASSED] - Statement - PreSaveFile = new java.io.File(((pathPrefix + java.lang.Integer.toString(counter)) + .png)): null

2018-12-17 14:29:21 - [TEST_STEP][PASSED] - Statement - counter = counter + 1: null

2018-12-17 14:29:21 - [TEST_STEP][PASSED] - Statement - PreSaveFile = new java.io.File(((pathPrefix + java.lang.Integer.toString(counter)) + .png)): null

2018-12-17 14:29:21 - [TEST_STEP][PASSED] - Statement - counter = counter + 1: null

2018-12-17 14:29:21 - [TEST_STEP][PASSED] - Statement - PreSaveFile = new java.io.File(((pathPrefix + java.lang.Integer.toString(counter)) + .png)): null

2018-12-17 14:29:21 - [TEST_STEP][PASSED] - Statement - counter = counter + 1: null

2018-12-17 14:29:21 - [TEST_STEP][PASSED] - Statement - PreSaveFile = new java.io.File(((pathPrefix + java.lang.Integer.toString(counter)) + .png)): null

2018-12-17 14:29:21 - [TEST_STEP][PASSED] - Statement - counter = counter + 1: null

2018-12-17 14:29:21 - [TEST_STEP][PASSED] - Statement - PreSaveFile = new java.io.File(((pathPrefix + java.lang.Integer.toString(counter)) + .png)): null

2018-12-17 14:29:21 - [TEST_STEP][PASSED] - Statement - counter = counter + 1: null

2018-12-17 14:29:21 - [TEST_STEP][PASSED] - Statement - PreSaveFile = new java.io.File(((pathPrefix + java.lang.Integer.toString(counter)) + .png)): null

2018-12-17 14:29:21 - [TEST_STEP][PASSED] - Statement - counter = counter + 1: null

2018-12-17 14:29:21 - [TEST_STEP][PASSED] - Statement - PreSaveFile = new java.io.File(((pathPrefix + java.lang.Integer.toString(counter)) + .png)): null

2018-12-17 14:29:21 - [TEST_STEP][PASSED] - Statement - counter = counter + 1: null

2018-12-17 14:29:21 - [TEST_STEP][PASSED] - Statement - PreSaveFile = new java.io.File(((pathPrefix + java.lang.Integer.toString(counter)) + .png)): null

2018-12-17 14:29:21 - [TEST_STEP][PASSED] - Statement - counter = counter + 1: null

2018-12-17 14:29:21 - [TEST_STEP][PASSED] - Statement - PreSaveFile = new java.io.File(((pathPrefix + java.lang.Integer.toString(counter)) + .png)): null

2018-12-17 14:29:21 - [TEST_STEP][PASSED] - Statement - counter = counter + 1: null

2018-12-17 14:29:21 - [TEST_STEP][PASSED] - Statement - PreSaveFile = new java.io.File(((pathPrefix + java.lang.Integer.toString(counter)) + .png)): null

2018-12-17 14:29:21 - [TEST_STEP][PASSED] - Statement - counter = counter + 1: null

2018-12-17 14:29:21 - [TEST_STEP][PASSED] - Statement - PreSaveFile = new java.io.File(((pathPrefix + java.lang.Integer.toString(counter)) + .png)): null

2018-12-17 14:29:21 - [TEST_STEP][PASSED] - Statement - counter = counter + 1: null

2018-12-17 14:29:21 - [TEST_STEP][PASSED] - Statement - PreSaveFile = new java.io.File(((pathPrefix + java.lang.Integer.toString(counter)) + .png)): null

2018-12-17 14:29:21 - [TEST_STEP][PASSED] - Statement - counter = counter + 1: null

2018-12-17 14:29:21 - [TEST_STEP][PASSED] - Statement - PreSaveFile = new java.io.File(((pathPrefix + java.lang.Integer.toString(counter)) + .png)): null

2018-12-17 14:29:21 - [TEST_STEP][PASSED] - Statement - counter = counter + 1: null

2018-12-17 14:29:21 - [TEST_STEP][PASSED] - Statement - PreSaveFile = new java.io.File(((pathPrefix + java.lang.Integer.toString(counter)) + .png)): null

2018-12-17 14:29:21 - [TEST_STEP][PASSED] - Statement - counter = counter + 1: null

2018-12-17 14:29:21 - [TEST_STEP][PASSED] - Statement - PreSaveFile = new java.io.File(((pathPrefix + java.lang.Integer.toString(counter)) + .png)): null

2018-12-17 14:29:21 - [TEST_STEP][PASSED] - Statement - counter = counter + 1: null

2018-12-17 14:29:22 - [TEST_STEP][PASSED] - Statement - PreSaveFile = new java.io.File(((pathPrefix + java.lang.Integer.toString(counter)) + .png)): null

2018-12-17 14:29:22 - [TEST_STEP][PASSED] - Statement - counter = counter + 1: null

2018-12-17 14:29:22 - [TEST_STEP][PASSED] - Statement - PreSaveFile = new java.io.File(((pathPrefix + java.lang.Integer.toString(counter)) + .png)): null

2018-12-17 14:29:22 - [TEST_STEP][PASSED] - Statement - counter = counter + 1: null

2018-12-17 14:29:22 - [TEST_STEP][PASSED] - Statement - PreSaveFile = new java.io.File(((pathPrefix + java.lang.Integer.toString(counter)) + .png)): null

2018-12-17 14:29:22 - [TEST_STEP][PASSED] - Statement - counter = counter + 1: null

2018-12-17 14:29:22 - [TEST_STEP][PASSED] - Statement - PreSaveFile = new java.io.File(((pathPrefix + java.lang.Integer.toString(counter)) + .png)): null

2018-12-17 14:29:22 - [TEST_STEP][PASSED] - Statement - counter = counter + 1: null

2018-12-17 14:29:22 - [TEST_STEP][PASSED] - Statement - PreSaveFile = new java.io.File(((pathPrefix + java.lang.Integer.toString(counter)) + .png)): null

2018-12-17 14:29:22 - [TEST_STEP][PASSED] - Statement - counter = counter + 1: null

2018-12-17 14:29:22 - [TEST_STEP][PASSED] - Statement - PreSaveFile = new java.io.File(((pathPrefix + java.lang.Integer.toString(counter)) + .png)): null

2018-12-17 14:29:22 - [TEST_STEP][PASSED] - Statement - counter = counter + 1: null

2018-12-17 14:29:22 - [TEST_STEP][PASSED] - Statement - PreSaveFile = new java.io.File(((pathPrefix + java.lang.Integer.toString(counter)) + .png)): null

2018-12-17 14:29:22 - [TEST_STEP][PASSED] - Statement - counter = counter + 1: null

2018-12-17 14:29:22 - [TEST_STEP][PASSED] - Statement - PreSaveFile = new java.io.File(((pathPrefix + java.lang.Integer.toString(counter)) + .png)): null

2018-12-17 14:29:22 - [TEST_STEP][PASSED] - Statement - counter = counter + 1: null

2018-12-17 14:29:22 - [TEST_STEP][PASSED] - Statement - PreSaveFile = new java.io.File(((pathPrefix + java.lang.Integer.toString(counter)) + .png)): null

2018-12-17 14:29:22 - [TEST_STEP][PASSED] - Statement - counter = counter + 1: null

2018-12-17 14:29:22 - [TEST_STEP][PASSED] - Statement - PreSaveFile = new java.io.File(((pathPrefix + java.lang.Integer.toString(counter)) + .png)): null

2018-12-17 14:29:22 - [TEST_STEP][PASSED] - Statement - counter = counter + 1: null

2018-12-17 14:29:22 - [TEST_STEP][PASSED] - Statement - PreSaveFile = new java.io.File(((pathPrefix + java.lang.Integer.toString(counter)) + .png)): null

2018-12-17 14:29:22 - [TEST_STEP][PASSED] - Statement - counter = counter + 1: null

2018-12-17 14:29:22 - [TEST_STEP][PASSED] - Statement - PreSaveFile = new java.io.File(((pathPrefix + java.lang.Integer.toString(counter)) + .png)): null

2018-12-17 14:29:22 - [TEST_STEP][PASSED] - Statement - counter = counter + 1: null

2018-12-17 14:29:22 - [TEST_STEP][PASSED] - Statement - PreSaveFile = new java.io.File(((pathPrefix + java.lang.Integer.toString(counter)) + .png)): null

2018-12-17 14:29:22 - [TEST_STEP][PASSED] - Statement - counter = counter + 1: null

2018-12-17 14:29:22 - [TEST_STEP][PASSED] - Statement - PreSaveFile = new java.io.File(((pathPrefix + java.lang.Integer.toString(counter)) + .png)): null

2018-12-17 14:29:22 - [TEST_STEP][PASSED] - Statement - counter = counter + 1: null

2018-12-17 14:29:23 - [TEST_STEP][PASSED] - Statement - PreSaveFile = new java.io.File(((pathPrefix + java.lang.Integer.toString(counter)) + .png)): null

2018-12-17 14:29:23 - [TEST_STEP][PASSED] - Statement - counter = counter + 1: null

2018-12-17 14:29:23 - [TEST_STEP][PASSED] - Statement - PreSaveFile = new java.io.File(((pathPrefix + java.lang.Integer.toString(counter)) + .png)): null

2018-12-17 14:29:23 - [TEST_STEP][PASSED] - Statement - counter = counter + 1: null

2018-12-17 14:29:23 - [TEST_STEP][PASSED] - Statement - PreSaveFile = new java.io.File(((pathPrefix + java.lang.Integer.toString(counter)) + .png)): null

2018-12-17 14:29:23 - [TEST_STEP][PASSED] - Statement - counter = counter + 1: null

2018-12-17 14:29:23 - [TEST_STEP][PASSED] - Statement - PreSaveFile = new java.io.File(((pathPrefix + java.lang.Integer.toString(counter)) + .png)): null

2018-12-17 14:29:23 - [TEST_STEP][PASSED] - Statement - counter = counter + 1: null

2018-12-17 14:29:23 - [TEST_STEP][PASSED] - Statement - PreSaveFile = new java.io.File(((pathPrefix + java.lang.Integer.toString(counter)) + .png)): null

2018-12-17 14:29:23 - [TEST_STEP][PASSED] - Statement - counter = counter + 1: null

2018-12-17 14:29:23 - [TEST_STEP][PASSED] - Statement - PreSaveFile = new java.io.File(((pathPrefix + java.lang.Integer.toString(counter)) + .png)): null

2018-12-17 14:29:23 - [TEST_STEP][PASSED] - Statement - counter = counter + 1: null

2018-12-17 14:29:23 - [TEST_STEP][PASSED] - Statement - PreSaveFile = new java.io.File(((pathPrefix + java.lang.Integer.toString(counter)) + .png)): null

2018-12-17 14:29:23 - [TEST_STEP][PASSED] - Statement - counter = counter + 1: null

2018-12-17 14:29:23 - [TEST_STEP][PASSED] - Statement - PreSaveFile = new java.io.File(((pathPrefix + java.lang.Integer.toString(counter)) + .png)): null

2018-12-17 14:29:23 - [TEST_STEP][PASSED] - Statement - counter = counter + 1: null

2018-12-17 14:29:23 - [TEST_STEP][PASSED] - Statement - PreSaveFile = new java.io.File(((pathPrefix + java.lang.Integer.toString(counter)) + .png)): null

2018-12-17 14:29:23 - [TEST_STEP][PASSED] - Statement - counter = counter + 1: null

2018-12-17 14:29:23 - [TEST_STEP][PASSED] - Statement - PreSaveFile = new java.io.File(((pathPrefix + java.lang.Integer.toString(counter)) + .png)): null

2018-12-17 14:29:23 - [TEST_STEP][PASSED] - Statement - counter = counter + 1: null

2018-12-17 14:29:23 - [TEST_STEP][PASSED] - Statement - PreSaveFile = new java.io.File(((pathPrefix + java.lang.Integer.toString(counter)) + .png)): null

2018-12-17 14:29:23 - [TEST_STEP][PASSED] - Statement - counter = counter + 1: null

2018-12-17 14:29:23 - [TEST_STEP][PASSED] - Statement - PreSaveFile = new java.io.File(((pathPrefix + java.lang.Integer.toString(counter)) + .png)): null

2018-12-17 14:29:23 - [TEST_STEP][PASSED] - Statement - counter = counter + 1: null

2018-12-17 14:29:23 - [TEST_STEP][PASSED] - Statement - PreSaveFile = new java.io.File(((pathPrefix + java.lang.Integer.toString(counter)) + .png)): null

2018-12-17 14:29:23 - [TEST_STEP][PASSED] - Statement - counter = counter + 1: null

2018-12-17 14:29:23 - [TEST_STEP][PASSED] - Statement - PreSaveFile = new java.io.File(((pathPrefix + java.lang.Integer.toString(counter)) + .png)): null

2018-12-17 14:29:23 - [TEST_STEP][PASSED] - Statement - counter = counter + 1: null

2018-12-17 14:29:23 - [TEST_STEP][PASSED] - Statement - PreSaveFile = new java.io.File(((pathPrefix + java.lang.Integer.toString(counter)) + .png)): null

2018-12-17 14:29:24 - [TEST_STEP][PASSED] - Statement - counter = counter + 1: null

2018-12-17 14:29:24 - [TEST_STEP][PASSED] - Statement - PreSaveFile = new java.io.File(((pathPrefix + java.lang.Integer.toString(counter)) + .png)): null

2018-12-17 14:29:24 - [TEST_STEP][PASSED] - Statement - counter = counter + 1: null

2018-12-17 14:29:24 - [TEST_STEP][PASSED] - Statement - PreSaveFile = new java.io.File(((pathPrefix + java.lang.Integer.toString(counter)) + .png)): null

2018-12-17 14:29:24 - [TEST_STEP][PASSED] - Statement - counter = counter + 1: null

2018-12-17 14:29:24 - [TEST_STEP][PASSED] - Statement - PreSaveFile = new java.io.File(((pathPrefix + java.lang.Integer.toString(counter)) + .png)): null

2018-12-17 14:29:24 - [TEST_STEP][PASSED] - Statement - counter = counter + 1: null

2018-12-17 14:29:24 - [TEST_STEP][PASSED] - Statement - PreSaveFile = new java.io.File(((pathPrefix + java.lang.Integer.toString(counter)) + .png)): null

2018-12-17 14:29:24 - [TEST_STEP][PASSED] - Statement - counter = counter + 1: null

2018-12-17 14:29:24 - [TEST_STEP][PASSED] - Statement - PreSaveFile = new java.io.File(((pathPrefix + java.lang.Integer.toString(counter)) + .png)): null

2018-12-17 14:29:24 - [TEST_STEP][PASSED] - Statement - counter = counter + 1: null

2018-12-17 14:29:24 - [TEST_STEP][PASSED] - Statement - PreSaveFile = new java.io.File(((pathPrefix + java.lang.Integer.toString(counter)) + .png)): null

2018-12-17 14:29:24 - [TEST_STEP][PASSED] - Statement - counter = counter + 1: null

2018-12-17 14:29:24 - [TEST_STEP][PASSED] - Statement - PreSaveFile = new java.io.File(((pathPrefix + java.lang.Integer.toString(counter)) + .png)): null

2018-12-17 14:29:24 - [TEST_STEP][PASSED] - Statement - counter = counter + 1: null

2018-12-17 14:29:24 - [TEST_STEP][PASSED] - Statement - PreSaveFile = new java.io.File(((pathPrefix + java.lang.Integer.toString(counter)) + .png)): null

2018-12-17 14:29:24 - [TEST_STEP][PASSED] - Statement - counter = counter + 1: null

2018-12-17 14:29:24 - [TEST_STEP][PASSED] - Statement - PreSaveFile = new java.io.File(((pathPrefix + java.lang.Integer.toString(counter)) + .png)): null

2018-12-17 14:29:24 - [TEST_STEP][PASSED] - Statement - counter = counter + 1: null

2018-12-17 14:29:25 - [TEST_STEP][PASSED] - Statement - PreSaveFile = new java.io.File(((pathPrefix + java.lang.Integer.toString(counter)) + .png)): null

2018-12-17 14:29:25 - [TEST_STEP][PASSED] - Statement - counter = counter + 1: null

2018-12-17 14:29:25 - [TEST_STEP][PASSED] - Statement - PreSaveFile = new java.io.File(((pathPrefix + java.lang.Integer.toString(counter)) + .png)): null

2018-12-17 14:29:25 - [TEST_STEP][PASSED] - Statement - counter = counter + 1: null

2018-12-17 14:29:25 - [TEST_STEP][PASSED] - Statement - PreSaveFile = new java.io.File(((pathPrefix + java.lang.Integer.toString(counter)) + .png)): null

2018-12-17 14:29:25 - [TEST_STEP][PASSED] - Statement - counter = counter + 1: null

2018-12-17 14:29:25 - [TEST_STEP][PASSED] - Statement - PreSaveFile = new java.io.File(((pathPrefix + java.lang.Integer.toString(counter)) + .png)): null

2018-12-17 14:29:25 - [TEST_STEP][PASSED] - Statement - counter = counter + 1: null

2018-12-17 14:29:25 - [TEST_STEP][PASSED] - Statement - PreSaveFile = new java.io.File(((pathPrefix + java.lang.Integer.toString(counter)) + .png)): null

2018-12-17 14:29:25 - [TEST_STEP][PASSED] - Statement - counter = counter + 1: null

2018-12-17 14:29:25 - [TEST_STEP][PASSED] - Statement - PreSaveFile = new java.io.File(((pathPrefix + java.lang.Integer.toString(counter)) + .png)): null

2018-12-17 14:29:25 - [TEST_STEP][PASSED] - Statement - counter = counter + 1: null

2018-12-17 14:29:25 - [TEST_STEP][PASSED] - Statement - PreSaveFile = new java.io.File(((pathPrefix + java.lang.Integer.toString(counter)) + .png)): null

2018-12-17 14:29:25 - [TEST_STEP][PASSED] - Statement - counter = counter + 1: null

2018-12-17 14:29:25 - [TEST_STEP][PASSED] - Statement - PreSaveFile = new java.io.File(((pathPrefix + java.lang.Integer.toString(counter)) + .png)): null

2018-12-17 14:29:25 - [TEST_STEP][PASSED] - Statement - counter = counter + 1: null

2018-12-17 14:29:25 - [TEST_STEP][PASSED] - Statement - PreSaveFile = new java.io.File(((pathPrefix + java.lang.Integer.toString(counter)) + .png)): null

2018-12-17 14:29:25 - [TEST_STEP][PASSED] - Statement - counter = counter + 1: null

2018-12-17 14:29:25 - [TEST_STEP][PASSED] - Statement - PreSaveFile = new java.io.File(((pathPrefix + java.lang.Integer.toString(counter)) + .png)): null

2018-12-17 14:29:25 - [TEST_STEP][PASSED] - Statement - counter = counter + 1: null

2018-12-17 14:29:25 - [TEST_STEP][PASSED] - Statement - PreSaveFile = new java.io.File(((pathPrefix + java.lang.Integer.toString(counter)) + .png)): null

2018-12-17 14:29:25 - [TEST_STEP][PASSED] - Statement - counter = counter + 1: null

2018-12-17 14:29:25 - [TEST_STEP][PASSED] - Statement - PreSaveFile = new java.io.File(((pathPrefix + java.lang.Integer.toString(counter)) + .png)): null

2018-12-17 14:29:25 - [TEST_STEP][PASSED] - Statement - counter = counter + 1: null

2018-12-17 14:29:25 - [TEST_STEP][PASSED] - Statement - PreSaveFile = new java.io.File(((pathPrefix + java.lang.Integer.toString(counter)) + .png)): null

2018-12-17 14:29:25 - [TEST_STEP][PASSED] - Statement - counter = counter + 1: null

2018-12-17 14:29:25 - [TEST_STEP][PASSED] - Statement - PreSaveFile = new java.io.File(((pathPrefix + java.lang.Integer.toString(counter)) + .png)): null

2018-12-17 14:29:25 - [TEST_STEP][PASSED] - Statement - counter = counter + 1: null

2018-12-17 14:29:26 - [TEST_STEP][PASSED] - Statement - PreSaveFile = new java.io.File(((pathPrefix + java.lang.Integer.toString(counter)) + .png)): null

2018-12-17 14:29:26 - [TEST_STEP][PASSED] - Statement - counter = counter + 1: null

2018-12-17 14:29:26 - [TEST_STEP][PASSED] - Statement - PreSaveFile = new java.io.File(((pathPrefix + java.lang.Integer.toString(counter)) + .png)): null

2018-12-17 14:29:26 - [TEST_STEP][PASSED] - Statement - counter = counter + 1: null

2018-12-17 14:29:26 - [TEST_STEP][PASSED] - Statement - PreSaveFile = new java.io.File(((pathPrefix + java.lang.Integer.toString(counter)) + .png)): null

2018-12-17 14:29:26 - [TEST_STEP][PASSED] - Statement - counter = counter + 1: null

2018-12-17 14:29:26 - [TEST_STEP][PASSED] - Statement - PreSaveFile = new java.io.File(((pathPrefix + java.lang.Integer.toString(counter)) + .png)): null

2018-12-17 14:29:26 - [TEST_STEP][PASSED] - Statement - counter = counter + 1: null

2018-12-17 14:29:26 - [TEST_STEP][PASSED] - Statement - PreSaveFile = new java.io.File(((pathPrefix + java.lang.Integer.toString(counter)) + .png)): null

2018-12-17 14:29:26 - [TEST_STEP][PASSED] - Statement - counter = counter + 1: null

2018-12-17 14:29:26 - [TEST_STEP][PASSED] - Statement - PreSaveFile = new java.io.File(((pathPrefix + java.lang.Integer.toString(counter)) + .png)): null

2018-12-17 14:29:26 - [TEST_STEP][PASSED] - Statement - counter = counter + 1: null

2018-12-17 14:29:26 - [TEST_STEP][PASSED] - Statement - PreSaveFile = new java.io.File(((pathPrefix + java.lang.Integer.toString(counter)) + .png)): null

2018-12-17 14:29:26 - [TEST_STEP][PASSED] - Statement - counter = counter + 1: null

2018-12-17 14:29:26 - [TEST_STEP][PASSED] - Statement - PreSaveFile = new java.io.File(((pathPrefix + java.lang.Integer.toString(counter)) + .png)): null

2018-12-17 14:29:26 - [TEST_STEP][PASSED] - Statement - counter = counter + 1: null

2018-12-17 14:29:26 - [TEST_STEP][PASSED] - Statement - PreSaveFile = new java.io.File(((pathPrefix + java.lang.Integer.toString(counter)) + .png)): null

2018-12-17 14:29:26 - [TEST_STEP][PASSED] - Statement - counter = counter + 1: null

2018-12-17 14:29:26 - [TEST_STEP][PASSED] - Statement - PreSaveFile = new java.io.File(((pathPrefix + java.lang.Integer.toString(counter)) + .png)): null

2018-12-17 14:29:26 - [TEST_STEP][PASSED] - Statement - counter = counter + 1: null

2018-12-17 14:29:27 - [TEST_STEP][PASSED] - Statement - PreSaveFile = new java.io.File(((pathPrefix + java.lang.Integer.toString(counter)) + .png)): null

2018-12-17 14:29:27 - [TEST_STEP][PASSED] - Statement - counter = counter + 1: null

2018-12-17 14:29:27 - [TEST_STEP][PASSED] - Statement - PreSaveFile = new java.io.File(((pathPrefix + java.lang.Integer.toString(counter)) + .png)): null

2018-12-17 14:29:27 - [TEST_STEP][PASSED] - Statement - counter = counter + 1: null

2018-12-17 14:29:27 - [TEST_STEP][PASSED] - Statement - PreSaveFile = new java.io.File(((pathPrefix + java.lang.Integer.toString(counter)) + .png)): null

2018-12-17 14:29:27 - [TEST_STEP][PASSED] - Statement - counter = counter + 1: null

2018-12-17 14:29:27 - [TEST_STEP][PASSED] - Statement - PreSaveFile = new java.io.File(((pathPrefix + java.lang.Integer.toString(counter)) + .png)): null

2018-12-17 14:29:27 - [TEST_STEP][PASSED] - Statement - counter = counter + 1: null

2018-12-17 14:29:27 - [TEST_STEP][PASSED] - Statement - PreSaveFile = new java.io.File(((pathPrefix + java.lang.Integer.toString(counter)) + .png)): null

2018-12-17 14:29:27 - [TEST_STEP][PASSED] - Statement - counter = counter + 1: null

2018-12-17 14:29:27 - [TEST_STEP][PASSED] - Statement - PreSaveFile = new java.io.File(((pathPrefix + java.lang.Integer.toString(counter)) + .png)): null

2018-12-17 14:29:27 - [TEST_STEP][PASSED] - Statement - counter = counter + 1: null

2018-12-17 14:29:27 - [TEST_STEP][PASSED] - Statement - PreSaveFile = new java.io.File(((pathPrefix + java.lang.Integer.toString(counter)) + .png)): null

2018-12-17 14:29:27 - [TEST_STEP][PASSED] - Statement - counter = counter + 1: null

2018-12-17 14:29:27 - [TEST_STEP][PASSED] - Statement - PreSaveFile = new java.io.File(((pathPrefix + java.lang.Integer.toString(counter)) + .png)): null

2018-12-17 14:29:27 - [TEST_STEP][PASSED] - Statement - counter = counter + 1: null

2018-12-17 14:29:27 - [TEST_STEP][PASSED] - Statement - PreSaveFile = new java.io.File(((pathPrefix + java.lang.Integer.toString(counter)) + .png)): null

2018-12-17 14:29:27 - [TEST_STEP][PASSED] - Statement - counter = counter + 1: null

2018-12-17 14:29:27 - [TEST_STEP][PASSED] - Statement - PreSaveFile = new java.io.File(((pathPrefix + java.lang.Integer.toString(counter)) + .png)): null

2018-12-17 14:29:27 - [TEST_STEP][PASSED] - Statement - counter = counter + 1: null

2018-12-17 14:29:27 - [TEST_STEP][PASSED] - Statement - PreSaveFile = new java.io.File(((pathPrefix + java.lang.Integer.toString(counter)) + .png)): null

2018-12-17 14:29:27 - [TEST_STEP][PASSED] - Statement - counter = counter + 1: null

2018-12-17 14:29:27 - [TEST_STEP][PASSED] - Statement - PreSaveFile = new java.io.File(((pathPrefix + java.lang.Integer.toString(counter)) + .png)): null

2018-12-17 14:29:27 - [TEST_STEP][PASSED] - Statement - counter = counter + 1: null

2018-12-17 14:29:27 - [TEST_STEP][PASSED] - Statement - PreSaveFile = new java.io.File(((pathPrefix + java.lang.Integer.toString(counter)) + .png)): null

2018-12-17 14:29:27 - [TEST_STEP][PASSED] - Statement - counter = counter + 1: null

2018-12-17 14:29:27 - [TEST_STEP][PASSED] - Statement - PreSaveFile = new java.io.File(((pathPrefix + java.lang.Integer.toString(counter)) + .png)): null

2018-12-17 14:29:27 - [TEST_STEP][PASSED] - Statement - counter = counter + 1: null

2018-12-17 14:29:28 - [TEST_STEP][PASSED] - Statement - PreSaveFile = new java.io.File(((pathPrefix + java.lang.Integer.toString(counter)) + .png)): null

2018-12-17 14:29:28 - [TEST_STEP][PASSED] - Statement - counter = counter + 1: null

2018-12-17 14:29:28 - [TEST_STEP][PASSED] - Statement - PreSaveFile = new java.io.File(((pathPrefix + java.lang.Integer.toString(counter)) + .png)): null

2018-12-17 14:29:28 - [TEST_STEP][PASSED] - Statement - counter = counter + 1: null

2018-12-17 14:29:28 - [TEST_STEP][PASSED] - Statement - PreSaveFile = new java.io.File(((pathPrefix + java.lang.Integer.toString(counter)) + .png)): null

2018-12-17 14:29:28 - [TEST_STEP][PASSED] - Statement - counter = counter + 1: null

2018-12-17 14:29:28 - [TEST_STEP][PASSED] - Statement - PreSaveFile = new java.io.File(((pathPrefix + java.lang.Integer.toString(counter)) + .png)): null

2018-12-17 14:29:28 - [TEST_STEP][PASSED] - Statement - counter = counter + 1: null

2018-12-17 14:29:28 - [TEST_STEP][PASSED] - Statement - PreSaveFile = new java.io.File(((pathPrefix + java.lang.Integer.toString(counter)) + .png)): null

2018-12-17 14:29:28 - [TEST_STEP][PASSED] - Statement - counter = counter + 1: null

2018-12-17 14:29:28 - [TEST_STEP][PASSED] - Statement - PreSaveFile = new java.io.File(((pathPrefix + java.lang.Integer.toString(counter)) + .png)): null

2018-12-17 14:29:28 - [TEST_STEP][PASSED] - Statement - counter = counter + 1: null

2018-12-17 14:29:28 - [TEST_STEP][PASSED] - Statement - PreSaveFile = new java.io.File(((pathPrefix + java.lang.Integer.toString(counter)) + .png)): null

2018-12-17 14:29:28 - [TEST_STEP][PASSED] - Statement - counter = counter + 1: null

2018-12-17 14:29:28 - [TEST_STEP][PASSED] - Statement - PreSaveFile = new java.io.File(((pathPrefix + java.lang.Integer.toString(counter)) + .png)): null

2018-12-17 14:29:28 - [TEST_STEP][PASSED] - Statement - counter = counter + 1: null

2018-12-17 14:29:28 - [TEST_STEP][PASSED] - Statement - PreSaveFile = new java.io.File(((pathPrefix + java.lang.Integer.toString(counter)) + .png)): null

2018-12-17 14:29:28 - [TEST_STEP][PASSED] - Statement - counter = counter + 1: null

2018-12-17 14:29:28 - [TEST_STEP][PASSED] - Statement - PreSaveFile = new java.io.File(((pathPrefix + java.lang.Integer.toString(counter)) + .png)): null

2018-12-17 14:29:28 - [TEST_STEP][PASSED] - Statement - counter = counter + 1: null

2018-12-17 14:29:28 - [TEST_STEP][PASSED] - Statement - PreSaveFile = new java.io.File(((pathPrefix + java.lang.Integer.toString(counter)) + .png)): null

2018-12-17 14:29:28 - [TEST_STEP][PASSED] - Statement - counter = counter + 1: null

2018-12-17 14:29:28 - [TEST_STEP][PASSED] - Statement - PreSaveFile = new java.io.File(((pathPrefix + java.lang.Integer.toString(counter)) + .png)): null

2018-12-17 14:29:28 - [TEST_STEP][PASSED] - Statement - counter = counter + 1: null

2018-12-17 14:29:28 - [TEST_STEP][PASSED] - Statement - PreSaveFile = new java.io.File(((pathPrefix + java.lang.Integer.toString(counter)) + .png)): null

2018-12-17 14:29:28 - [TEST_STEP][PASSED] - Statement - counter = counter + 1: null

2018-12-17 14:29:28 - [TEST_STEP][PASSED] - Statement - PreSaveFile = new java.io.File(((pathPrefix + java.lang.Integer.toString(counter)) + .png)): null

2018-12-17 14:29:28 - [TEST_STEP][PASSED] - Statement - counter = counter + 1: null

2018-12-17 14:29:28 - [TEST_STEP][PASSED] - Statement - PreSaveFile = new java.io.File(((pathPrefix + java.lang.Integer.toString(counter)) + .png)): null

2018-12-17 14:29:29 - [TEST_STEP][PASSED] - Statement - counter = counter + 1: null

2018-12-17 14:29:29 - [TEST_STEP][PASSED] - Statement - PreSaveFile = new java.io.File(((pathPrefix + java.lang.Integer.toString(counter)) + .png)): null

2018-12-17 14:29:29 - [TEST_STEP][PASSED] - Statement - counter = counter + 1: null

2018-12-17 14:29:29 - [TEST_STEP][PASSED] - Statement - PreSaveFile = new java.io.File(((pathPrefix + java.lang.Integer.toString(counter)) + .png)): null

2018-12-17 14:29:29 - [TEST_STEP][PASSED] - Statement - counter = counter + 1: null

2018-12-17 14:29:29 - [TEST_STEP][PASSED] - Statement - PreSaveFile = new java.io.File(((pathPrefix + java.lang.Integer.toString(counter)) + .png)): null

2018-12-17 14:29:29 - [TEST_STEP][PASSED] - Statement - counter = counter + 1: null

2018-12-17 14:29:29 - [TEST_STEP][PASSED] - Statement - PreSaveFile = new java.io.File(((pathPrefix + java.lang.Integer.toString(counter)) + .png)): null

2018-12-17 14:29:29 - [TEST_STEP][PASSED] - Statement - counter = counter + 1: null

2018-12-17 14:29:29 - [TEST_STEP][PASSED] - Statement - PreSaveFile = new java.io.File(((pathPrefix + java.lang.Integer.toString(counter)) + .png)): null

2018-12-17 14:29:29 - [TEST_STEP][PASSED] - Statement - counter = counter + 1: null

2018-12-17 14:29:29 - [TEST_STEP][PASSED] - Statement - PreSaveFile = new java.io.File(((pathPrefix + java.lang.Integer.toString(counter)) + .png)): null

2018-12-17 14:29:29 - [TEST_STEP][PASSED] - Statement - counter = counter + 1: null

2018-12-17 14:29:29 - [TEST_STEP][PASSED] - Statement - PreSaveFile = new java.io.File(((pathPrefix + java.lang.Integer.toString(counter)) + .png)): null

2018-12-17 14:29:29 - [TEST_STEP][PASSED] - Statement - counter = counter + 1: null

2018-12-17 14:29:29 - [TEST_STEP][PASSED] - Statement - PreSaveFile = new java.io.File(((pathPrefix + java.lang.Integer.toString(counter)) + .png)): null

2018-12-17 14:29:29 - [TEST_STEP][PASSED] - Statement - counter = counter + 1: null

2018-12-17 14:29:29 - [TEST_STEP][PASSED] - Statement - PreSaveFile = new java.io.File(((pathPrefix + java.lang.Integer.toString(counter)) + .png)): null

2018-12-17 14:29:29 - [TEST_STEP][PASSED] - Statement - counter = counter + 1: null

2018-12-17 14:29:30 - [TEST_STEP][PASSED] - Statement - PreSaveFile = new java.io.File(((pathPrefix + java.lang.Integer.toString(counter)) + .png)): null

2018-12-17 14:29:30 - [TEST_STEP][PASSED] - Statement - counter = counter + 1: null

2018-12-17 14:29:30 - [TEST_STEP][PASSED] - Statement - PreSaveFile = new java.io.File(((pathPrefix + java.lang.Integer.toString(counter)) + .png)): null

2018-12-17 14:29:30 - [TEST_STEP][PASSED] - Statement - counter = counter + 1: null

2018-12-17 14:29:30 - [TEST_STEP][PASSED] - Statement - PreSaveFile = new java.io.File(((pathPrefix + java.lang.Integer.toString(counter)) + .png)): null

2018-12-17 14:29:30 - [TEST_STEP][PASSED] - Statement - counter = counter + 1: null

2018-12-17 14:29:30 - [TEST_STEP][PASSED] - Statement - PreSaveFile = new java.io.File(((pathPrefix + java.lang.Integer.toString(counter)) + .png)): null

2018-12-17 14:29:30 - [TEST_STEP][PASSED] - Statement - counter = counter + 1: null

2018-12-17 14:29:30 - [TEST_STEP][PASSED] - Statement - PreSaveFile = new java.io.File(((pathPrefix + java.lang.Integer.toString(counter)) + .png)): null

2018-12-17 14:29:30 - [TEST_STEP][PASSED] - Statement - counter = counter + 1: null

2018-12-17 14:29:30 - [TEST_STEP][PASSED] - Statement - PreSaveFile = new java.io.File(((pathPrefix + java.lang.Integer.toString(counter)) + .png)): null

2018-12-17 14:29:30 - [TEST_STEP][PASSED] - Statement - counter = counter + 1: null

2018-12-17 14:29:30 - [TEST_STEP][PASSED] - Statement - PreSaveFile = new java.io.File(((pathPrefix + java.lang.Integer.toString(counter)) + .png)): null

2018-12-17 14:29:30 - [TEST_STEP][PASSED] - Statement - counter = counter + 1: null

2018-12-17 14:29:30 - [TEST_STEP][PASSED] - Statement - PreSaveFile = new java.io.File(((pathPrefix + java.lang.Integer.toString(counter)) + .png)): null

2018-12-17 14:29:30 - [TEST_STEP][PASSED] - Statement - counter = counter + 1: null

2018-12-17 14:29:30 - [TEST_STEP][PASSED] - Statement - PreSaveFile = new java.io.File(((pathPrefix + java.lang.Integer.toString(counter)) + .png)): null

2018-12-17 14:29:30 - [TEST_STEP][PASSED] - Statement - counter = counter + 1: null

2018-12-17 14:29:30 - [TEST_STEP][PASSED] - Statement - PreSaveFile = new java.io.File(((pathPrefix + java.lang.Integer.toString(counter)) + .png)): null

2018-12-17 14:29:30 - [TEST_STEP][PASSED] - Statement - counter = counter + 1: null

2018-12-17 14:29:30 - [TEST_STEP][PASSED] - Statement - PreSaveFile = new java.io.File(((pathPrefix + java.lang.Integer.toString(counter)) + .png)): null

2018-12-17 14:29:30 - [TEST_STEP][PASSED] - Statement - counter = counter + 1: null

2018-12-17 14:29:30 - [TEST_STEP][PASSED] - Statement - PreSaveFile = new java.io.File(((pathPrefix + java.lang.Integer.toString(counter)) + .png)): null

2018-12-17 14:29:30 - [TEST_STEP][PASSED] - Statement - counter = counter + 1: null

2018-12-17 14:29:30 - [TEST_STEP][PASSED] - Statement - PreSaveFile = new java.io.File(((pathPrefix + java.lang.Integer.toString(counter)) + .png)): null

2018-12-17 14:29:30 - [TEST_STEP][PASSED] - Statement - counter = counter + 1: null

2018-12-17 14:29:30 - [TEST_STEP][PASSED] - Statement - PreSaveFile = new java.io.File(((pathPrefix + java.lang.Integer.toString(counter)) + .png)): null

2018-12-17 14:29:30 - [TEST_STEP][PASSED] - Statement - counter = counter + 1: null

2018-12-17 14:29:30 - [TEST_STEP][PASSED] - Statement - PreSaveFile = new java.io.File(((pathPrefix + java.lang.Integer.toString(counter)) + .png)): null

2018-12-17 14:29:31 - [TEST_STEP][PASSED] - Statement - counter = counter + 1: null

2018-12-17 14:29:31 - [TEST_STEP][PASSED] - Statement - PreSaveFile = new java.io.File(((pathPrefix + java.lang.Integer.toString(counter)) + .png)): null

2018-12-17 14:29:31 - [TEST_STEP][PASSED] - Statement - counter = counter + 1: null

2018-12-17 14:29:31 - [TEST_STEP][PASSED] - Statement - PreSaveFile = new java.io.File(((pathPrefix + java.lang.Integer.toString(counter)) + .png)): null

2018-12-17 14:29:31 - [TEST_STEP][PASSED] - Statement - counter = counter + 1: null

2018-12-17 14:29:31 - [TEST_STEP][PASSED] - Statement - PreSaveFile = new java.io.File(((pathPrefix + java.lang.Integer.toString(counter)) + .png)): null

2018-12-17 14:29:31 - [TEST_STEP][PASSED] - Statement - counter = counter + 1: null

2018-12-17 14:29:31 - [TEST_STEP][PASSED] - Statement - PreSaveFile = new java.io.File(((pathPrefix + java.lang.Integer.toString(counter)) + .png)): null

2018-12-17 14:29:31 - [TEST_STEP][PASSED] - Statement - counter = counter + 1: null

2018-12-17 14:29:31 - [TEST_STEP][PASSED] - Statement - PreSaveFile = new java.io.File(((pathPrefix + java.lang.Integer.toString(counter)) + .png)): null

2018-12-17 14:29:31 - [TEST_STEP][PASSED] - Statement - counter = counter + 1: null

2018-12-17 14:29:31 - [TEST_STEP][PASSED] - Statement - PreSaveFile = new java.io.File(((pathPrefix + java.lang.Integer.toString(counter)) + .png)): null

2018-12-17 14:29:31 - [TEST_STEP][PASSED] - Statement - counter = counter + 1: null

2018-12-17 14:29:31 - [TEST_STEP][PASSED] - Statement - PreSaveFile = new java.io.File(((pathPrefix + java.lang.Integer.toString(counter)) + .png)): null

2018-12-17 14:29:31 - [TEST_STEP][PASSED] - Statement - counter = counter + 1: null

2018-12-17 14:29:31 - [TEST_STEP][PASSED] - Statement - PreSaveFile = new java.io.File(((pathPrefix + java.lang.Integer.toString(counter)) + .png)): null

2018-12-17 14:29:31 - [TEST_STEP][PASSED] - Statement - counter = counter + 1: null

2018-12-17 14:29:31 - [TEST_STEP][PASSED] - Statement - PreSaveFile = new java.io.File(((pathPrefix + java.lang.Integer.toString(counter)) + .png)): null

2018-12-17 14:29:31 - [TEST_STEP][PASSED] - Statement - counter = counter + 1: null

2018-12-17 14:29:32 - [TEST_STEP][PASSED] - Statement - PreSaveFile = new java.io.File(((pathPrefix + java.lang.Integer.toString(counter)) + .png)): null

2018-12-17 14:29:32 - [TEST_STEP][PASSED] - Statement - counter = counter + 1: null

2018-12-17 14:29:32 - [TEST_STEP][PASSED] - Statement - PreSaveFile = new java.io.File(((pathPrefix + java.lang.Integer.toString(counter)) + .png)): null

2018-12-17 14:29:32 - [TEST_STEP][PASSED] - Statement - counter = counter + 1: null

2018-12-17 14:29:32 - [TEST_STEP][PASSED] - Statement - PreSaveFile = new java.io.File(((pathPrefix + java.lang.Integer.toString(counter)) + .png)): null

2018-12-17 14:29:32 - [TEST_STEP][PASSED] - Statement - counter = counter + 1: null

2018-12-17 14:29:32 - [TEST_STEP][PASSED] - Statement - PreSaveFile = new java.io.File(((pathPrefix + java.lang.Integer.toString(counter)) + .png)): null

2018-12-17 14:29:32 - [TEST_STEP][PASSED] - Statement - counter = counter + 1: null

2018-12-17 14:29:32 - [TEST_STEP][PASSED] - Statement - PreSaveFile = new java.io.File(((pathPrefix + java.lang.Integer.toString(counter)) + .png)): null

2018-12-17 14:29:32 - [TEST_STEP][PASSED] - Statement - counter = counter + 1: null

2018-12-17 14:29:32 - [TEST_STEP][PASSED] - Statement - PreSaveFile = new java.io.File(((pathPrefix + java.lang.Integer.toString(counter)) + .png)): null

2018-12-17 14:29:32 - [TEST_STEP][PASSED] - Statement - counter = counter + 1: null

2018-12-17 14:29:32 - [TEST_STEP][PASSED] - Statement - PreSaveFile = new java.io.File(((pathPrefix + java.lang.Integer.toString(counter)) + .png)): null

2018-12-17 14:29:32 - [TEST_STEP][PASSED] - Statement - counter = counter + 1: null

2018-12-17 14:29:32 - [TEST_STEP][PASSED] - Statement - PreSaveFile = new java.io.File(((pathPrefix + java.lang.Integer.toString(counter)) + .png)): null

2018-12-17 14:29:32 - [TEST_STEP][PASSED] - Statement - counter = counter + 1: null

2018-12-17 14:29:32 - [TEST_STEP][PASSED] - Statement - PreSaveFile = new java.io.File(((pathPrefix + java.lang.Integer.toString(counter)) + .png)): null

2018-12-17 14:29:32 - [TEST_STEP][PASSED] - Statement - counter = counter + 1: null

2018-12-17 14:29:32 - [TEST_STEP][PASSED] - Statement - PreSaveFile = new java.io.File(((pathPrefix + java.lang.Integer.toString(counter)) + .png)): null

2018-12-17 14:29:32 - [TEST_STEP][PASSED] - Statement - counter = counter + 1: null

2018-12-17 14:29:33 - [TEST_STEP][PASSED] - Statement - PreSaveFile = new java.io.File(((pathPrefix + java.lang.Integer.toString(counter)) + .png)): null

2018-12-17 14:29:33 - [TEST_STEP][PASSED] - Statement - counter = counter + 1: null

2018-12-17 14:29:33 - [TEST_STEP][PASSED] - Statement - PreSaveFile = new java.io.File(((pathPrefix + java.lang.Integer.toString(counter)) + .png)): null

2018-12-17 14:29:33 - [TEST_STEP][PASSED] - Statement - counter = counter + 1: null

2018-12-17 14:29:33 - [TEST_STEP][PASSED] - Statement - PreSaveFile = new java.io.File(((pathPrefix + java.lang.Integer.toString(counter)) + .png)): null

2018-12-17 14:29:33 - [TEST_STEP][PASSED] - Statement - counter = counter + 1: null

2018-12-17 14:29:33 - [TEST_STEP][PASSED] - Statement - PreSaveFile = new java.io.File(((pathPrefix + java.lang.Integer.toString(counter)) + .png)): null

2018-12-17 14:29:33 - [TEST_STEP][PASSED] - Statement - counter = counter + 1: null

2018-12-17 14:29:33 - [TEST_STEP][PASSED] - Statement - PreSaveFile = new java.io.File(((pathPrefix + java.lang.Integer.toString(counter)) + .png)): null

2018-12-17 14:29:33 - [TEST_STEP][PASSED] - Statement - counter = counter + 1: null

2018-12-17 14:29:33 - [TEST_STEP][PASSED] - Statement - PreSaveFile = new java.io.File(((pathPrefix + java.lang.Integer.toString(counter)) + .png)): null

2018-12-17 14:29:33 - [TEST_STEP][PASSED] - Statement - counter = counter + 1: null

2018-12-17 14:29:33 - [TEST_STEP][PASSED] - Statement - PreSaveFile = new java.io.File(((pathPrefix + java.lang.Integer.toString(counter)) + .png)): null

2018-12-17 14:29:33 - [TEST_STEP][PASSED] - Statement - counter = counter + 1: null

2018-12-17 14:29:33 - [TEST_STEP][PASSED] - Statement - PreSaveFile = new java.io.File(((pathPrefix + java.lang.Integer.toString(counter)) + .png)): null

2018-12-17 14:29:33 - [TEST_STEP][PASSED] - Statement - counter = counter + 1: null

2018-12-17 14:29:33 - [TEST_STEP][PASSED] - Statement - PreSaveFile = new java.io.File(((pathPrefix + java.lang.Integer.toString(counter)) + .png)): null

2018-12-17 14:29:33 - [TEST_STEP][PASSED] - Statement - counter = counter + 1: null

2018-12-17 14:29:34 - [TEST_STEP][PASSED] - Statement - PreSaveFile = new java.io.File(((pathPrefix + java.lang.Integer.toString(counter)) + .png)): null

2018-12-17 14:29:34 - [TEST_STEP][PASSED] - Statement - counter = counter + 1: null

2018-12-17 14:29:34 - [TEST_STEP][PASSED] - Statement - PreSaveFile = new java.io.File(((pathPrefix + java.lang.Integer.toString(counter)) + .png)): null

2018-12-17 14:29:34 - [TEST_STEP][PASSED] - Statement - counter = counter + 1: null

2018-12-17 14:29:34 - [TEST_STEP][PASSED] - Statement - PreSaveFile = new java.io.File(((pathPrefix + java.lang.Integer.toString(counter)) + .png)): null

2018-12-17 14:29:34 - [TEST_STEP][PASSED] - Statement - counter = counter + 1: null

2018-12-17 14:29:34 - [TEST_STEP][PASSED] - Statement - PreSaveFile = new java.io.File(((pathPrefix + java.lang.Integer.toString(counter)) + .png)): null

2018-12-17 14:29:34 - [TEST_STEP][PASSED] - Statement - counter = counter + 1: null

2018-12-17 14:29:34 - [TEST_STEP][PASSED] - Statement - PreSaveFile = new java.io.File(((pathPrefix + java.lang.Integer.toString(counter)) + .png)): null

2018-12-17 14:29:34 - [TEST_STEP][PASSED] - Statement - counter = counter + 1: null

2018-12-17 14:29:34 - [TEST_STEP][PASSED] - Statement - PreSaveFile = new java.io.File(((pathPrefix + java.lang.Integer.toString(counter)) + .png)): null

2018-12-17 14:29:34 - [TEST_STEP][PASSED] - Statement - counter = counter + 1: null

2018-12-17 14:29:34 - [TEST_STEP][PASSED] - Statement - PreSaveFile = new java.io.File(((pathPrefix + java.lang.Integer.toString(counter)) + .png)): null

2018-12-17 14:29:34 - [TEST_STEP][PASSED] - Statement - finalPath = pathPrefix + java.lang.Integer.toString(counter) + ".png": null

2018-12-17 14:29:34 - [TEST_STEP][PASSED] - Statement - SaveFile = new java.io.File(finalPath): null

2018-12-17 14:29:34 - [TEST_STEP][PASSED] - Statement - Try: null

2018-12-17 14:29:34 - [TEST_STEP][PASSED] - Statement - org.apache.commons.io.FileUtils.copyFile(scrFile, SaveFile): null

2018-12-17 14:29:34 - [TEST_STEP][PASSED] - Statement - out.println("file kept"): null

2018-12-17 14:29:34 - [TEST_STEP][PASSED] - delay: Delayed 10 second(s)

2018-12-17 14:29:45 - [MESSAGE][PASSED] - Delayed 10 second(s)

2018-12-17 14:29:45 - [MESSAGE][PASSED] - Call Test Case 'Test Cases/Final Aug 2018 - PKS Automation/Registration Module/New Registration/Submit and Screenshot/Submit Registration and Screenshot - Copy' successfully

2018-12-17 14:29:45 - [TEST_STEP][PASSED] - Statement - UpdateAddNewECode = com.kms.katalon.core.webui.keyword.WebUiBuiltInKeywords.getText(com.kms.katalon.core.testobject.ObjectRepository.findTestObject(Object Repository/Final Object Repo/Page_Update Add New Employee - ASSIST/getEmpCode)): Text of object 'Object Repository/Final Object Repo/Page_Update Add New Employee - ASSIST/getEmpCode' is: 'E1102070917V'

2018-12-17 14:29:45 - [MESSAGE][PASSED] - Text of object 'Object Repository/Final Object Repo/Page_Update Add New Employee - ASSIST/getEmpCode' is: 'E1102070917V'

2018-12-17 14:29:45 - [TEST_STEP][PASSED] - callTestCase: Call Test Case 'Test Cases/Final Aug 2018 - PKS Automation/Common/Emp Code Setter' successfully

2018-12-17 14:29:45 - [TEST_CASE][PASSED] - Test Cases/Final Aug 2018 - PKS Automation/Common/Emp Code Setter: Test Cases/Final Aug 2018 - PKS Automation/Common/Emp Code Setter

2018-12-17 14:29:45 - [TEST_STEP][PASSED] - Statement - EmpCodeOld = new java.io.File(C://Users//Admin//Desktop//PKS//Automation Reference Point//EmpCode.txt): null

2018-12-17 14:29:45 - [TEST_STEP][PASSED] - Statement - EmpCodeOld.delete(): null

2018-12-17 14:29:45 - [TEST_STEP][PASSED] - Statement - EmpCode = new java.io.File(C://Users//Admin//Desktop//PKS//Automation Reference Point//EmpCode.txt): null

2018-12-17 14:29:45 - [TEST_STEP][PASSED] - Statement - f2 = new java.io.FileWriter(EmpCode, false): null

2018-12-17 14:29:45 - [TEST_STEP][PASSED] - Statement - f2.write(UpdateAddNewECode): null

2018-12-17 14:29:45 - [TEST_STEP][PASSED] - Statement - f2.close(): null

2018-12-17 14:29:45 - [TEST_STEP][PASSED] - Statement - out.println("


" + UpdateAddNewECode + "


"): null

2018-12-17 14:29:45 - [MESSAGE][PASSED] - Call Test Case 'Test Cases/Final Aug 2018 - PKS Automation/Common/Emp Code Setter' successfully

2018-12-17 14:29:45 - [MESSAGE][PASSED] - Call Test Case 'Test Cases/Final Aug 2018 - PKS Automation/Registration Module/Workflow/Update Add New Employee/Template/New Company for Update Add New - Employer' successfully

2018-12-17 14:29:45 - [TEST_STEP][PASSED] - callTestCase: Call Test Case 'Test Cases/Final Aug 2018 - PKS Automation/Create Employer Acc/Login to Employer Account (Second time)' successfully

2018-12-17 14:29:45 - [TEST_CASE][PASSED] - Test Cases/Final Aug 2018 - PKS Automation/Create Employer Acc/Login to Employer Account (Second time): Test Cases/Final Aug 2018 - PKS Automation/Create Employer Acc/Login to Employer Account (Second time)

2018-12-17 14:29:45 - [TEST_STEP][PASSED] - openBrowser: Browser is opened with url: ''

2018-12-17 14:29:45 - [MESSAGE][WARNING] - A browser is already opened. Closing browser and opening a new one

2018-12-17 14:29:48 - [MESSAGE][PASSED] - Browser is opened with url: ''

2018-12-17 14:29:48 - [TEST_STEP][PASSED] - navigateToUrl: Navigate to 'https://assist2-uat.perkeso.gov.my/employer/login' successfully

2018-12-17 14:29:49 - [MESSAGE][PASSED] - Navigate to 'https://assist2-uat.perkeso.gov.my/employer/login' successfully

2018-12-17 14:29:49 - [TEST_STEP][PASSED] - delay: Delayed 3 second(s)

2018-12-17 14:29:52 - [MESSAGE][PASSED] - Delayed 3 second(s)

2018-12-17 14:29:52 - [TEST_STEP][PASSED] - callTestCase: Call Test Case 'Test Cases/Final Aug 2018 - PKS Automation/Create Employer Acc/Template/Employer Email Getter' successfully

2018-12-17 14:29:52 - [TEST_CASE][PASSED] - Test Cases/Final Aug 2018 - PKS Automation/Create Employer Acc/Template/Employer Email Getter: Test Cases/Final Aug 2018 - PKS Automation/Create Employer Acc/Template/Employer Email Getter

2018-12-17 14:29:52 - [TEST_STEP][PASSED] - Statement - Try: null

2018-12-17 14:29:52 - [TEST_STEP][PASSED] - Statement - EmpEmail = new java.io.File(C://Users//Admin//Desktop//PKS//Automation Reference Point//EmpEmail.txt): null

2018-12-17 14:29:52 - [TEST_STEP][PASSED] - Statement - bufferread = new java.io.BufferedReader(new java.io.FileReader(EmpEmail)): null

2018-12-17 14:29:52 - [TEST_STEP][PASSED] - Statement - readedVal = bufferread.readLine(): null

2018-12-17 14:29:52 - [TEST_STEP][PASSED] - Statement - out.println(readedVal): null

2018-12-17 14:29:52 - [TEST_STEP][PASSED] - Statement - Email = readedVal: null

2018-12-17 14:29:52 - [MESSAGE][PASSED] - Call Test Case 'Test Cases/Final Aug 2018 - PKS Automation/Create Employer Acc/Template/Employer Email Getter' successfully

2018-12-17 14:29:52 - [TEST_STEP][PASSED] - setText: Text 'perkeso955561717153@gmail.com' is set on object 'Object Repository/Final Object Repo/Login Page/External Login Page/Email'

2018-12-17 14:29:52 - [MESSAGE][PASSED] - Text 'perkeso955561717153@gmail.com' is set on object 'Object Repository/Final Object Repo/Login Page/External Login Page/Email'

2018-12-17 14:29:52 - [TEST_STEP][PASSED] - click: Object: 'Object Repository/Final Object Repo/Login Page/External Login Page/Next' is clicked on

2018-12-17 14:29:53 - [MESSAGE][PASSED] - Object: 'Object Repository/Final Object Repo/Login Page/External Login Page/Next' is clicked on

2018-12-17 14:29:53 - [TEST_STEP][PASSED] - delay: Delayed 3 second(s)

2018-12-17 14:29:56 - [MESSAGE][PASSED] - Delayed 3 second(s)

2018-12-17 14:29:56 - [TEST_STEP][PASSED] - setEncryptedText: Text ****** has been set on object 'Object Repository/Final Object Repo/Login Page/External Login Page/Password'

2018-12-17 14:29:56 - [MESSAGE][PASSED] - Text ****** has been set on object 'Object Repository/Final Object Repo/Login Page/External Login Page/Password'

2018-12-17 14:29:56 - [TEST_STEP][PASSED] - click: Object: 'Object Repository/Final Object Repo/Login Page/External Login Page/Login' is clicked on

2018-12-17 14:29:56 - [MESSAGE][PASSED] - Object: 'Object Repository/Final Object Repo/Login Page/External Login Page/Login' is clicked on

2018-12-17 14:29:56 - [TEST_STEP][PASSED] - delay: Delayed 5 second(s)

2018-12-17 14:30:01 - [MESSAGE][PASSED] - Delayed 5 second(s)

2018-12-17 14:30:01 - [MESSAGE][PASSED] - Call Test Case 'Test Cases/Final Aug 2018 - PKS Automation/Create Employer Acc/Login to Employer Account (Second time)' successfully

2018-12-17 14:30:01 - [TEST_STEP][PASSED] - navigateToUrl: Navigate to 'https://assist2-uat.perkeso.gov.my/web/registration/eis-update/form-3-eis-cessation-as-employer' successfully

2018-12-17 14:30:02 - [MESSAGE][PASSED] - Navigate to 'https://assist2-uat.perkeso.gov.my/web/registration/eis-update/form-3-eis-cessation-as-employer' successfully

2018-12-17 14:30:02 - [TEST_STEP][PASSED] - delay: Delayed 1 second(s)

2018-12-17 14:30:03 - [MESSAGE][PASSED] - Delayed 1 second(s)

2018-12-17 14:30:03 - [TEST_STEP][PASSED] - click: Object: 'Object Repository/Final Object Repo/Page_Form 3 EIS - Cessation as Employer/Edit' is clicked on

2018-12-17 14:30:04 - [MESSAGE][PASSED] - Object: 'Object Repository/Final Object Repo/Page_Form 3 EIS - Cessation as Employer/Edit' is clicked on

2018-12-17 14:30:04 - [TEST_STEP][PASSED] - delay: Delayed 1 second(s)

2018-12-17 14:30:05 - [MESSAGE][PASSED] - Delayed 1 second(s)

2018-12-17 14:30:05 - [TEST_STEP][PASSED] - Statement - abc = com.kms.katalon.core.webui.keyword.WebUiBuiltInKeywords.getAttribute(com.kms.katalon.core.testobject.ObjectRepository.findTestObject(Final Object Repo/Page_Form 3 EIS - Cessation as Employer/Employer Status), "value"): Attribute 'value' of object 'Object Repository/Final Object Repo/Page_Form 3 EIS - Cessation as Employer/Employer Status' is: 'Active'

2018-12-17 14:30:06 - [MESSAGE][PASSED] - Attribute 'value' of object 'Object Repository/Final Object Repo/Page_Form 3 EIS - Cessation as Employer/Employer Status' is: 'Active'

2018-12-17 14:30:06 - [TEST_STEP][PASSED] - Statement - out.println(abc): null

2018-12-17 14:30:06 - [TEST_STEP][PASSED] - Statement - If (abc == "Active"): Object: 'Object Repository/Final Object Repo/Page_Form 3 EIS - Cessation as Employer/Dormant EIS' is clicked on

2018-12-17 14:30:06 - [TEST_STEP][PASSED] - click: Object: 'Object Repository/Final Object Repo/Page_Form 3 EIS - Cessation as Employer/Change Employer Status to' is clicked on

2018-12-17 14:30:06 - [MESSAGE][PASSED] - Object: 'Object Repository/Final Object Repo/Page_Form 3 EIS - Cessation as Employer/Change Employer Status to' is clicked on

2018-12-17 14:30:06 - [TEST_STEP][PASSED] - click: Object: 'Object Repository/Final Object Repo/Page_Form 3 EIS - Cessation as Employer/Dormant EIS' is clicked on

2018-12-17 14:30:06 - [MESSAGE][PASSED] - Object: 'Object Repository/Final Object Repo/Page_Form 3 EIS - Cessation as Employer/Dormant EIS' is clicked on

2018-12-17 14:30:06 - [TEST_STEP][PASSED] - click: Object: 'Object Repository/Final Object Repo/Page_Form 3 EIS - Cessation as Employer/Calender' is clicked on

2018-12-17 14:30:06 - [MESSAGE][PASSED] - Object: 'Object Repository/Final Object Repo/Page_Form 3 EIS - Cessation as Employer/Calender' is clicked on

2018-12-17 14:30:06 - [TEST_STEP][PASSED] - delay: Delayed 1 second(s)

2018-12-17 14:30:07 - [MESSAGE][PASSED] - Delayed 1 second(s)

2018-12-17 14:30:07 - [TEST_STEP][PASSED] - click: Object: 'Object Repository/Final Object Repo/Page_Form 3 EIS - Cessation as Employer/Calender - Date' is clicked on

2018-12-17 14:30:07 - [MESSAGE][PASSED] - Object: 'Object Repository/Final Object Repo/Page_Form 3 EIS - Cessation as Employer/Calender - Date' is clicked on

2018-12-17 14:30:07 - [TEST_STEP][PASSED] - click: Object: 'Object Repository/Final Object Repo/Page_Form 3 EIS - Cessation as Employer/Save  Continue in Form 3 EIS Page' is clicked on

2018-12-17 14:30:08 - [MESSAGE][PASSED] - Object: 'Object Repository/Final Object Repo/Page_Form 3 EIS - Cessation as Employer/Save  Continue in Form 3 EIS Page' is clicked on

2018-12-17 14:30:08 - [TEST_STEP][PASSED] - delay: Delayed 1 second(s)

2018-12-17 14:30:09 - [MESSAGE][PASSED] - Delayed 1 second(s)

2018-12-17 14:30:09 - [TEST_STEP][PASSED] - click: Object: 'Object Repository/Final Object Repo/Page_Form 3 EIS - Cessation as Employer/Employment Resign Date' is clicked on

2018-12-17 14:30:09 - [MESSAGE][PASSED] - Object: 'Object Repository/Final Object Repo/Page_Form 3 EIS - Cessation as Employer/Employment Resign Date' is clicked on

2018-12-17 14:30:09 - [TEST_STEP][PASSED] - selectOptionByValue: All options with value '2019' are selected in object 'Object Repository/Final Object Repo/Page_Form 3 EIS - Cessation as Employer/Employment Resign Date - Year' 

2018-12-17 14:30:10 - [MESSAGE][PASSED] - All options with value '2019' are selected in object 'Object Repository/Final Object Repo/Page_Form 3 EIS - Cessation as Employer/Employment Resign Date - Year' 

2018-12-17 14:30:10 - [TEST_STEP][PASSED] - delay: Delayed 2 second(s)

2018-12-17 14:30:12 - [MESSAGE][PASSED] - Delayed 2 second(s)

2018-12-17 14:30:12 - [TEST_STEP][PASSED] - click: Object: 'Object Repository/Final Object Repo/Page_Form 3 EIS - Cessation as Employer/Employment Resign Date - Year - Date' is clicked on

2018-12-17 14:30:12 - [MESSAGE][PASSED] - Object: 'Object Repository/Final Object Repo/Page_Form 3 EIS - Cessation as Employer/Employment Resign Date - Year - Date' is clicked on

2018-12-17 14:30:12 - [TEST_STEP][PASSED] - delay: Delayed 2 second(s)

2018-12-17 14:30:14 - [MESSAGE][PASSED] - Delayed 2 second(s)

2018-12-17 14:30:14 - [TEST_STEP][PASSED] - click: Object: 'Object Repository/Final Object Repo/Page_Form 3 EIS - Cessation as Employer/Save  Continue in Employment Resign Page' is clicked on

2018-12-17 14:30:14 - [MESSAGE][PASSED] - Object: 'Object Repository/Final Object Repo/Page_Form 3 EIS - Cessation as Employer/Save  Continue in Employment Resign Page' is clicked on

2018-12-17 14:30:14 - [TEST_STEP][PASSED] - delay: Delayed 2 second(s)

2018-12-17 14:30:16 - [MESSAGE][PASSED] - Delayed 2 second(s)

2018-12-17 14:30:16 - [TEST_STEP][PASSED] - click: Object: 'Object Repository/Final Object Repo/Page_Form 3 EIS - Cessation as Employer/Set Latest - Yes' is clicked on

2018-12-17 14:30:16 - [MESSAGE][PASSED] - Object: 'Object Repository/Final Object Repo/Page_Form 3 EIS - Cessation as Employer/Set Latest - Yes' is clicked on

2018-12-17 14:30:16 - [TEST_STEP][PASSED] - delay: Delayed 2 second(s)

2018-12-17 14:30:18 - [MESSAGE][PASSED] - Delayed 2 second(s)

2018-12-17 14:30:18 - [TEST_STEP][PASSED] - click: Object: 'Object Repository/Final Object Repo/Page_Form 3 EIS - Cessation as Employer/Add Document' is clicked on

2018-12-17 14:30:20 - [MESSAGE][PASSED] - Object: 'Object Repository/Final Object Repo/Page_Form 3 EIS - Cessation as Employer/Add Document' is clicked on

2018-12-17 14:30:20 - [TEST_STEP][PASSED] - delay: Delayed 3 second(s)

2018-12-17 14:30:23 - [MESSAGE][PASSED] - Delayed 3 second(s)

2018-12-17 14:30:23 - [TEST_STEP][PASSED] - click: Object: 'Object Repository/Final Object Repo/Page_Form 3 EIS - Cessation as Employer/Document Type' is clicked on

2018-12-17 14:30:23 - [MESSAGE][PASSED] - Object: 'Object Repository/Final Object Repo/Page_Form 3 EIS - Cessation as Employer/Document Type' is clicked on

2018-12-17 14:30:23 - [TEST_STEP][PASSED] - click: Object: 'Object Repository/Final Object Repo/Page_Form 3 EIS - Cessation as Employer/Document Type - Form 3' is clicked on

2018-12-17 14:30:23 - [MESSAGE][PASSED] - Object: 'Object Repository/Final Object Repo/Page_Form 3 EIS - Cessation as Employer/Document Type - Form 3' is clicked on

2018-12-17 14:30:23 - [TEST_STEP][PASSED] - delay: Delayed 2 second(s)

2018-12-17 14:30:25 - [MESSAGE][PASSED] - Delayed 2 second(s)

2018-12-17 14:30:25 - [TEST_STEP][PASSED] - sendKeys: Keys 'C:\Users\Public\Pictures\Sample Pictures\Koala.jpg' sent to object: 'Object Repository/Final Object Repo/Page_Form 3 EIS - Cessation as Employer/ploading File'

2018-12-17 14:30:25 - [MESSAGE][PASSED] - Keys 'C:\Users\Public\Pictures\Sample Pictures\Koala.jpg' sent to object: 'Object Repository/Final Object Repo/Page_Form 3 EIS - Cessation as Employer/ploading File'

2018-12-17 14:30:25 - [TEST_STEP][PASSED] - delay: Delayed 1 second(s)

2018-12-17 14:30:26 - [MESSAGE][PASSED] - Delayed 1 second(s)

2018-12-17 14:30:26 - [TEST_STEP][PASSED] - click: Object: 'Object Repository/Final Object Repo/Page_Form 3 EIS - Cessation as Employer/Add Document in Uploading Page' is clicked on

2018-12-17 14:30:26 - [MESSAGE][PASSED] - Object: 'Object Repository/Final Object Repo/Page_Form 3 EIS - Cessation as Employer/Add Document in Uploading Page' is clicked on

2018-12-17 14:30:26 - [TEST_STEP][PASSED] - delay: Delayed 2 second(s)

2018-12-17 14:30:28 - [MESSAGE][PASSED] - Delayed 2 second(s)

2018-12-17 14:30:28 - [TEST_STEP][PASSED] - Statement - CaseReferenceNo = com.kms.katalon.core.webui.keyword.WebUiBuiltInKeywords.getText(com.kms.katalon.core.testobject.ObjectRepository.findTestObject(Final Object Repo/Page_Update Employer Information/Reference Number in Update Employee Information Page)): Text of object 'Object Repository/Final Object Repo/Page_Update Employer Information/Reference Number in Update Employee Information Page' is: 'ERN122018C200002462'

2018-12-17 14:30:30 - [MESSAGE][PASSED] - Text of object 'Object Repository/Final Object Repo/Page_Update Employer Information/Reference Number in Update Employee Information Page' is: 'ERN122018C200002462'

2018-12-17 14:30:30 - [TEST_STEP][PASSED] - callTestCase: Call Test Case 'Test Cases/Final Aug 2018 - PKS Automation/Common/Reference Number Setter' successfully

2018-12-17 14:30:30 - [TEST_CASE][PASSED] - Test Cases/Final Aug 2018 - PKS Automation/Common/Reference Number Setter: Test Cases/Final Aug 2018 - PKS Automation/Common/Reference Number Setter

2018-12-17 14:30:30 - [TEST_STEP][PASSED] - Statement - RefNoOldFile = new java.io.File(C://Users//Admin//Desktop//PKS//Automation Reference Point//KatalonReference.txt): null

2018-12-17 14:30:30 - [TEST_STEP][PASSED] - Statement - RefNoOldFile.delete(): null

2018-12-17 14:30:30 - [TEST_STEP][PASSED] - delay: Delayed 5 second(s)

2018-12-17 14:30:35 - [MESSAGE][PASSED] - Delayed 5 second(s)

2018-12-17 14:30:35 - [TEST_STEP][PASSED] - Statement - RefNo = new java.io.File(C://Users//Admin//Desktop//PKS//Automation Reference Point//KatalonReference.txt): null

2018-12-17 14:30:35 - [TEST_STEP][PASSED] - Statement - f2 = new java.io.FileWriter(RefNo, false): null

2018-12-17 14:30:35 - [TEST_STEP][PASSED] - Statement - f2.write(CaseReferenceNo): null

2018-12-17 14:30:35 - [TEST_STEP][PASSED] - Statement - f2.close(): null

2018-12-17 14:30:35 - [TEST_STEP][PASSED] - Statement - out.println("


" + CaseReferenceNo + "


"): null

2018-12-17 14:30:35 - [MESSAGE][PASSED] - Call Test Case 'Test Cases/Final Aug 2018 - PKS Automation/Common/Reference Number Setter' successfully

2018-12-17 14:30:35 - [TEST_STEP][PASSED] - delay: Delayed 2 second(s)

2018-12-17 14:30:37 - [MESSAGE][PASSED] - Delayed 2 second(s)

2018-12-17 14:30:37 - [TEST_STEP][PASSED] - click: Object: 'Object Repository/Final Object Repo/Page_Form 3 EIS - Cessation as Employer/Save  Continue in Uploading Page' is clicked on

2018-12-17 14:30:37 - [MESSAGE][PASSED] - Object: 'Object Repository/Final Object Repo/Page_Form 3 EIS - Cessation as Employer/Save  Continue in Uploading Page' is clicked on

2018-12-17 14:30:37 - [TEST_STEP][PASSED] - delay: Delayed 2 second(s)

2018-12-17 14:30:39 - [MESSAGE][PASSED] - Delayed 2 second(s)

2018-12-17 14:30:39 - [TEST_STEP][PASSED] - click: Object: 'Object Repository/Final Object Repo/Page_Form 3 EIS - Cessation as Employer/Submit' is clicked on

2018-12-17 14:30:42 - [MESSAGE][PASSED] - Object: 'Object Repository/Final Object Repo/Page_Form 3 EIS - Cessation as Employer/Submit' is clicked on

2018-12-17 14:30:42 - [TEST_STEP][PASSED] - delay: Delayed 2 second(s)

2018-12-17 14:30:44 - [MESSAGE][PASSED] - Delayed 2 second(s)

2018-12-17 14:30:44 - [TEST_STEP][PASSED] - click: Object: 'Object Repository/Final Object Repo/Page_Form 3 EIS - Cessation as Employer/Confirm' is clicked on

2018-12-17 14:30:45 - [MESSAGE][PASSED] - Object: 'Object Repository/Final Object Repo/Page_Form 3 EIS - Cessation as Employer/Confirm' is clicked on

2018-12-17 14:30:45 - [TEST_STEP][PASSED] - delay: Delayed 2 second(s)

2018-12-17 14:30:47 - [MESSAGE][PASSED] - Delayed 2 second(s)

2018-12-17 14:30:47 - [TEST_STEP][PASSED] - click: Object: 'Object Repository/Final Object Repo/Page_Form 3 EIS - Cessation as Employer/Message Your Request will be routed to UO' is clicked on

2018-12-17 14:30:51 - [MESSAGE][PASSED] - Object: 'Object Repository/Final Object Repo/Page_Form 3 EIS - Cessation as Employer/Message Your Request will be routed to UO' is clicked on

2018-12-17 14:30:51 - [TEST_STEP][PASSED] - click: Object: 'Object Repository/Final Object Repo/Page_Form 3 EIS - Cessation as Employer/Letter of acknowledgement' is clicked on

2018-12-17 14:30:51 - [MESSAGE][PASSED] - Object: 'Object Repository/Final Object Repo/Page_Form 3 EIS - Cessation as Employer/Letter of acknowledgement' is clicked on

2018-12-17 14:30:51 - [MESSAGE][PASSED] - Call Test Case 'Test Cases/Final Aug 2018 - PKS Automation/Registration Module/Workflow/Form 3 EIS - Cessation As Employer/Template/Form 3 A - Cessation As Employer (Employer)' successfully

2018-12-17 14:30:51 - [TEST_STEP][PASSED] - callTestCase: Call Test Case 'Test Cases/Final Aug 2018 - PKS Automation/Registration Module/Workflow/Form 3 EIS - Cessation As Employer/Template/Form 3 A - Cessation As Employer (Reject)' successfully

2018-12-17 14:30:51 - [TEST_CASE][PASSED] - Test Cases/Final Aug 2018 - PKS Automation/Registration Module/Workflow/Form 3 EIS - Cessation As Employer/Template/Form 3 A - Cessation As Employer (Reject): Test Cases/Final Aug 2018 - PKS Automation/Registration Module/Workflow/Form 3 EIS - Cessation As Employer/Template/Form 3 A - Cessation As Employer (Reject)

2018-12-17 14:30:52 - [TEST_STEP][NOT_RUN] - callTestCase: NOT_RUN: callTestCase

2018-12-17 14:30:52 - [MESSAGE][NOT_RUN] - NOT_RUN: callTestCase

2018-12-17 14:30:52 - [TEST_STEP][PASSED] - delay: Delayed 1 second(s)

2018-12-17 14:30:53 - [MESSAGE][PASSED] - Delayed 1 second(s)

2018-12-17 14:30:53 - [TEST_STEP][PASSED] - navigateToUrl: Navigate to 'https://assist2-uat.perkeso.gov.my/c/portal/logout' successfully

2018-12-17 14:30:53 - [MESSAGE][PASSED] - Navigate to 'https://assist2-uat.perkeso.gov.my/c/portal/logout' successfully

2018-12-17 14:30:53 - [TEST_STEP][PASSED] - delay: Delayed 1 second(s)

2018-12-17 14:30:54 - [MESSAGE][PASSED] - Delayed 1 second(s)

2018-12-17 14:30:54 - [TEST_STEP][PASSED] - callTestCase: Call Test Case 'Test Cases/Final Aug 2018 - PKS Automation/Common/Reference Number Getter' successfully

2018-12-17 14:30:54 - [TEST_CASE][PASSED] - Test Cases/Final Aug 2018 - PKS Automation/Common/Reference Number Getter: Test Cases/Final Aug 2018 - PKS Automation/Common/Reference Number Getter

2018-12-17 14:30:54 - [TEST_STEP][PASSED] - Statement - Try: null

2018-12-17 14:30:54 - [TEST_STEP][PASSED] - Statement - RefNo = new java.io.File(C://Users//Admin//Desktop//PKS//Automation Reference Point//KatalonReference.txt): null

2018-12-17 14:30:54 - [TEST_STEP][PASSED] - Statement - bufferread = new java.io.BufferedReader(new java.io.FileReader(RefNo)): null

2018-12-17 14:30:54 - [TEST_STEP][PASSED] - Statement - readedVal = bufferread.readLine(): null

2018-12-17 14:30:54 - [TEST_STEP][PASSED] - Statement - out.println(CaseReferenceNo): null

2018-12-17 14:30:54 - [TEST_STEP][PASSED] - Statement - out.println(readedVal): null

2018-12-17 14:30:54 - [TEST_STEP][PASSED] - Statement - CaseReferenceNo = "": null

2018-12-17 14:30:54 - [TEST_STEP][PASSED] - Statement - CaseReferenceNo = readedVal: null

2018-12-17 14:30:54 - [MESSAGE][PASSED] - Call Test Case 'Test Cases/Final Aug 2018 - PKS Automation/Common/Reference Number Getter' successfully

2018-12-17 14:30:54 - [TEST_STEP][PASSED] - callTestCase: Call Test Case 'Test Cases/Final Aug 2018 - PKS Automation/Common/Workflow Owner Finder' successfully

2018-12-17 14:30:54 - [TEST_CASE][PASSED] - Test Cases/Final Aug 2018 - PKS Automation/Common/Workflow Owner Finder: Test Cases/Final Aug 2018 - PKS Automation/Common/Workflow Owner Finder

2018-12-17 14:30:55 - [TEST_STEP][PASSED] - openBrowser: Browser is opened with url: ''

2018-12-17 14:30:55 - [MESSAGE][WARNING] - A browser is already opened. Closing browser and opening a new one

2018-12-17 14:30:58 - [MESSAGE][PASSED] - Browser is opened with url: ''

2018-12-17 14:30:58 - [TEST_STEP][PASSED] - navigateToUrl: Navigate to 'https://assist2-uat.perkeso.gov.my/login' successfully

2018-12-17 14:30:59 - [MESSAGE][PASSED] - Navigate to 'https://assist2-uat.perkeso.gov.my/login' successfully

2018-12-17 14:30:59 - [TEST_STEP][PASSED] - delay: Delayed 5 second(s)

2018-12-17 14:31:04 - [MESSAGE][PASSED] - Delayed 5 second(s)

2018-12-17 14:31:04 - [TEST_STEP][PASSED] - setText: Text 'test@liferay.com' is set on object 'Object Repository/Final Object Repo/Login Page/Internal User/Email Address'

2018-12-17 14:31:04 - [MESSAGE][PASSED] - Text 'test@liferay.com' is set on object 'Object Repository/Final Object Repo/Login Page/Internal User/Email Address'

2018-12-17 14:31:04 - [TEST_STEP][PASSED] - click: Object: 'Object Repository/Final Object Repo/Login Page/Internal User/Next Button' is clicked on

2018-12-17 14:31:04 - [MESSAGE][PASSED] - Object: 'Object Repository/Final Object Repo/Login Page/Internal User/Next Button' is clicked on

2018-12-17 14:31:04 - [TEST_STEP][PASSED] - delay: Delayed 2 second(s)

2018-12-17 14:31:06 - [MESSAGE][PASSED] - Delayed 2 second(s)

2018-12-17 14:31:06 - [TEST_STEP][PASSED] - setText: Text 'test' is set on object 'Object Repository/Final Object Repo/Login Page/Internal User/Password'

2018-12-17 14:31:06 - [MESSAGE][PASSED] - Text 'test' is set on object 'Object Repository/Final Object Repo/Login Page/Internal User/Password'

2018-12-17 14:31:06 - [TEST_STEP][PASSED] - delay: Delayed 2 second(s)

2018-12-17 14:31:08 - [MESSAGE][PASSED] - Delayed 2 second(s)

2018-12-17 14:31:08 - [TEST_STEP][PASSED] - click: Object: 'Object Repository/Final Object Repo/Login Page/Internal User/Login Button' is clicked on

2018-12-17 14:31:09 - [MESSAGE][PASSED] - Object: 'Object Repository/Final Object Repo/Login Page/Internal User/Login Button' is clicked on

2018-12-17 14:31:09 - [TEST_STEP][PASSED] - Statement - tester = com.kms.katalon.core.testobject.ObjectRepository.findTestObject(Final Object Repo/Landing Page/Select to English): Finding Test Object with id 'Object Repository/Final Object Repo/Landing Page/Select to English'

2018-12-17 14:31:09 - [TEST_STEP][PASSED] - Statement - Try: Delayed 2 second(s)

2018-12-17 14:31:09 - [TEST_STEP][PASSED] - Statement - Checker = com.kms.katalon.core.webui.keyword.WebUiBuiltInKeywords.verifyElementNotPresent(tester, 3): Web element with id: 'Object Repository/Final Object Repo/Landing Page/Select to English' located by 'By.xpath: //a[@class = 'taglib-language-list-text' and @lang = 'en-US' and (contains(text(), 'EN') or contains(., 'EN'))]' is not present after '3' second(s)

2018-12-17 14:31:11 - [MESSAGE][PASSED] - Web element with id: 'Object Repository/Final Object Repo/Landing Page/Select to English' located by 'By.xpath: //a[@class = 'taglib-language-list-text' and @lang = 'en-US' and (contains(text(), 'EN') or contains(., 'EN'))]' is not present after '3' second(s)

2018-12-17 14:31:11 - [TEST_STEP][PASSED] - Statement - If (Checker == false): null

2018-12-17 14:31:11 - [TEST_STEP][PASSED] - delay: Delayed 2 second(s)

2018-12-17 14:31:13 - [MESSAGE][PASSED] - Delayed 2 second(s)

2018-12-17 14:31:13 - [TEST_STEP][PASSED] - delay: Delayed 5 second(s)

2018-12-17 14:31:18 - [MESSAGE][PASSED] - Delayed 5 second(s)

2018-12-17 14:31:18 - [TEST_STEP][PASSED] - mouseOver: Object: 'Object Repository/Final Object Repo/Landing Page/WorkFlow Menu' is hovered

2018-12-17 14:31:18 - [MESSAGE][PASSED] - Object: 'Object Repository/Final Object Repo/Landing Page/WorkFlow Menu' is hovered

2018-12-17 14:31:18 - [TEST_STEP][PASSED] - delay: Delayed 2 second(s)

2018-12-17 14:31:20 - [MESSAGE][PASSED] - Delayed 2 second(s)

2018-12-17 14:31:20 - [TEST_STEP][PASSED] - click: Object: 'Object Repository/Final Object Repo/Landing Page/Select to Workflow Listing' is clicked on

2018-12-17 14:31:21 - [MESSAGE][PASSED] - Object: 'Object Repository/Final Object Repo/Landing Page/Select to Workflow Listing' is clicked on

2018-12-17 14:31:21 - [TEST_STEP][PASSED] - delay: Delayed 2 second(s)

2018-12-17 14:31:23 - [MESSAGE][PASSED] - Delayed 2 second(s)

2018-12-17 14:31:23 - [TEST_STEP][PASSED] - click: Object: 'Object Repository/Final Object Repo/WorkFlow Listing Page/Search Information - To Put Ref No' is clicked on

2018-12-17 14:31:23 - [MESSAGE][PASSED] - Object: 'Object Repository/Final Object Repo/WorkFlow Listing Page/Search Information - To Put Ref No' is clicked on

2018-12-17 14:31:23 - [TEST_STEP][PASSED] - delay: Delayed 2 second(s)

2018-12-17 14:31:25 - [MESSAGE][PASSED] - Delayed 2 second(s)

2018-12-17 14:31:25 - [TEST_STEP][PASSED] - callTestCase: Call Test Case 'Test Cases/Final Aug 2018 - PKS Automation/Common/Reference Number Getter' successfully

2018-12-17 14:31:25 - [TEST_CASE][PASSED] - Test Cases/Final Aug 2018 - PKS Automation/Common/Reference Number Getter: Test Cases/Final Aug 2018 - PKS Automation/Common/Reference Number Getter

2018-12-17 14:31:25 - [TEST_STEP][PASSED] - Statement - Try: null

2018-12-17 14:31:25 - [TEST_STEP][PASSED] - Statement - RefNo = new java.io.File(C://Users//Admin//Desktop//PKS//Automation Reference Point//KatalonReference.txt): null

2018-12-17 14:31:25 - [TEST_STEP][PASSED] - Statement - bufferread = new java.io.BufferedReader(new java.io.FileReader(RefNo)): null

2018-12-17 14:31:25 - [TEST_STEP][PASSED] - Statement - readedVal = bufferread.readLine(): null

2018-12-17 14:31:25 - [TEST_STEP][PASSED] - Statement - out.println(CaseReferenceNo): null

2018-12-17 14:31:25 - [TEST_STEP][PASSED] - Statement - out.println(readedVal): null

2018-12-17 14:31:25 - [TEST_STEP][PASSED] - Statement - CaseReferenceNo = "": null

2018-12-17 14:31:25 - [TEST_STEP][PASSED] - Statement - CaseReferenceNo = readedVal: null

2018-12-17 14:31:25 - [MESSAGE][PASSED] - Call Test Case 'Test Cases/Final Aug 2018 - PKS Automation/Common/Reference Number Getter' successfully

2018-12-17 14:31:25 - [TEST_STEP][PASSED] - setText: Text 'ERN122018C200002462' is set on object 'Object Repository/Final Object Repo/WorkFlow Listing Page/Ref No Set Text'

2018-12-17 14:31:26 - [MESSAGE][PASSED] - Text 'ERN122018C200002462' is set on object 'Object Repository/Final Object Repo/WorkFlow Listing Page/Ref No Set Text'

2018-12-17 14:31:26 - [TEST_STEP][PASSED] - delay: Delayed 2 second(s)

2018-12-17 14:31:28 - [MESSAGE][PASSED] - Delayed 2 second(s)

2018-12-17 14:31:28 - [TEST_STEP][PASSED] - click: Object: 'Object Repository/Final Object Repo/WorkFlow Listing Page/Search Ref No Search Button' is clicked on

2018-12-17 14:31:28 - [MESSAGE][PASSED] - Object: 'Object Repository/Final Object Repo/WorkFlow Listing Page/Search Ref No Search Button' is clicked on

2018-12-17 14:31:28 - [TEST_STEP][PASSED] - delay: Delayed 6 second(s)

2018-12-17 14:31:34 - [MESSAGE][PASSED] - Delayed 6 second(s)

2018-12-17 14:31:34 - [TEST_STEP][PASSED] - click: Object: 'Object Repository/Final Object Repo/WorkFlow Listing Page/Click Continue Tooltip' is clicked on

2018-12-17 14:31:35 - [MESSAGE][PASSED] - Object: 'Object Repository/Final Object Repo/WorkFlow Listing Page/Click Continue Tooltip' is clicked on

2018-12-17 14:31:35 - [TEST_STEP][PASSED] - delay: Delayed 5 second(s)

2018-12-17 14:31:40 - [MESSAGE][PASSED] - Delayed 5 second(s)

2018-12-17 14:31:40 - [TEST_STEP][PASSED] - doubleClick: Object: 'Object Repository/Final Object Repo/WorkFlow Listing Page/Workflow Found - Listing 1' is double clicked on

2018-12-17 14:31:40 - [MESSAGE][PASSED] - Object: 'Object Repository/Final Object Repo/WorkFlow Listing Page/Workflow Found - Listing 1' is double clicked on

2018-12-17 14:31:40 - [TEST_STEP][PASSED] - Statement - println(OwnerID): null

2018-12-17 14:31:40 - [TEST_STEP][PASSED] - Statement - OwnerID = com.kms.katalon.core.webui.keyword.WebUiBuiltInKeywords.getText(com.kms.katalon.core.testobject.ObjectRepository.findTestObject(Final Object Repo/WorkFlow Listing Page/Workflow Found - Listing 1), STOP_ON_FAILURE): Text of object 'Object Repository/Final Object Repo/WorkFlow Listing Page/Workflow Found - Listing 1' is: 'JOHORuo1'

2018-12-17 14:31:40 - [MESSAGE][PASSED] - Text of object 'Object Repository/Final Object Repo/WorkFlow Listing Page/Workflow Found - Listing 1' is: 'JOHORuo1'

2018-12-17 14:31:40 - [TEST_STEP][PASSED] - Statement - OwnerID = OwnerID.toLowerCase() + "@gmail.com": null

2018-12-17 14:31:40 - [TEST_STEP][PASSED] - Statement - println(OwnerID): null

2018-12-17 14:31:40 - [TEST_STEP][PASSED] - delay: Delayed 2 second(s)

2018-12-17 14:31:42 - [MESSAGE][PASSED] - Delayed 2 second(s)

2018-12-17 14:31:42 - [MESSAGE][PASSED] - Call Test Case 'Test Cases/Final Aug 2018 - PKS Automation/Common/Workflow Owner Finder' successfully

2018-12-17 14:31:42 - [TEST_STEP][PASSED] - delay: Delayed 1 second(s)

2018-12-17 14:31:43 - [MESSAGE][PASSED] - Delayed 1 second(s)

2018-12-17 14:31:43 - [TEST_STEP][PASSED] - navigateToUrl: Navigate to 'https://assist2-uat.perkeso.gov.my/c/portal/logout' successfully

2018-12-17 14:31:44 - [MESSAGE][PASSED] - Navigate to 'https://assist2-uat.perkeso.gov.my/c/portal/logout' successfully

2018-12-17 14:31:44 - [TEST_STEP][PASSED] - delay: Delayed 1 second(s)

2018-12-17 14:31:45 - [MESSAGE][PASSED] - Delayed 1 second(s)

2018-12-17 14:31:45 - [TEST_STEP][PASSED] - callTestCase: Call Test Case 'Test Cases/Final Aug 2018 - PKS Automation/Registration Module/Workflow/Login and Search Case For Workflow' successfully

2018-12-17 14:31:45 - [TEST_CASE][PASSED] - Test Cases/Final Aug 2018 - PKS Automation/Registration Module/Workflow/Login and Search Case For Workflow: Test Cases/Final Aug 2018 - PKS Automation/Registration Module/Workflow/Login and Search Case For Workflow

2018-12-17 14:31:45 - [TEST_STEP][PASSED] - navigateToUrl: Navigate to 'https://assist2-uat.perkeso.gov.my/login' successfully

2018-12-17 14:31:46 - [MESSAGE][PASSED] - Navigate to 'https://assist2-uat.perkeso.gov.my/login' successfully

2018-12-17 14:31:46 - [TEST_STEP][PASSED] - setText: Text 'johoruo1@gmail.com' is set on object 'Object Repository/Final Object Repo/Login Page/Internal User/Email Address'

2018-12-17 14:31:46 - [MESSAGE][PASSED] - Text 'johoruo1@gmail.com' is set on object 'Object Repository/Final Object Repo/Login Page/Internal User/Email Address'

2018-12-17 14:31:46 - [TEST_STEP][PASSED] - click: Object: 'Object Repository/Final Object Repo/Login Page/Internal User/Next Button' is clicked on

2018-12-17 14:31:46 - [MESSAGE][PASSED] - Object: 'Object Repository/Final Object Repo/Login Page/Internal User/Next Button' is clicked on

2018-12-17 14:31:46 - [TEST_STEP][PASSED] - delay: Delayed 1 second(s)

2018-12-17 14:31:47 - [MESSAGE][PASSED] - Delayed 1 second(s)

2018-12-17 14:31:47 - [TEST_STEP][PASSED] - setEncryptedText: Text ****** has been set on object 'Object Repository/Final Object Repo/Login Page/Internal User/Password'

2018-12-17 14:31:48 - [MESSAGE][PASSED] - Text ****** has been set on object 'Object Repository/Final Object Repo/Login Page/Internal User/Password'

2018-12-17 14:31:48 - [TEST_STEP][PASSED] - click: Object: 'Object Repository/Final Object Repo/Login Page/Internal User/Login Button' is clicked on

2018-12-17 14:31:48 - [MESSAGE][PASSED] - Object: 'Object Repository/Final Object Repo/Login Page/Internal User/Login Button' is clicked on

2018-12-17 14:31:48 - [TEST_STEP][PASSED] - delay: Delayed 2 second(s)

2018-12-17 14:31:50 - [MESSAGE][PASSED] - Delayed 2 second(s)

2018-12-17 14:31:50 - [TEST_STEP][PASSED] - Statement - Try: Delayed 2 second(s)

2018-12-17 14:31:50 - [TEST_STEP][PASSED] - Statement - Checker = false: null

2018-12-17 14:31:50 - [TEST_STEP][PASSED] - Statement - Checker = com.kms.katalon.core.webui.keyword.WebUiBuiltInKeywords.verifyElementHasAttribute(com.kms.katalon.core.testobject.ObjectRepository.findTestObject(Final Object Repo/Landing Page/BM Detecting), "href", 20, OPTIONAL): Object 'Object Repository/Final Object Repo/Landing Page/BM Detecting' has attribute 'href'

2018-12-17 14:31:50 - [MESSAGE][PASSED] - Object 'Object Repository/Final Object Repo/Landing Page/BM Detecting' has attribute 'href'

2018-12-17 14:31:50 - [TEST_STEP][PASSED] - Statement - out.println(Checker): null

2018-12-17 14:31:50 - [TEST_STEP][PASSED] - Statement - If (Checker == false): null

2018-12-17 14:31:50 - [TEST_STEP][PASSED] - Statement - Else: null

2018-12-17 14:31:50 - [TEST_STEP][PASSED] - delay: Delayed 2 second(s)

2018-12-17 14:31:52 - [MESSAGE][PASSED] - Delayed 2 second(s)

2018-12-17 14:31:52 - [TEST_STEP][PASSED] - click: Object: 'Object Repository/Final Object Repo/Page_MyASSIST - ASSIST - Search Pending Case For Add Supporting Document/Search Information' is clicked on

2018-12-17 14:31:52 - [MESSAGE][PASSED] - Object: 'Object Repository/Final Object Repo/Page_MyASSIST - ASSIST - Search Pending Case For Add Supporting Document/Search Information' is clicked on

2018-12-17 14:31:52 - [TEST_STEP][PASSED] - delay: Delayed 3 second(s)

2018-12-17 14:31:55 - [MESSAGE][PASSED] - Delayed 3 second(s)

2018-12-17 14:31:55 - [TEST_STEP][PASSED] - sendKeys: Keys 'ERN122018C200002462' sent to object: 'Object Repository/Final Object Repo/Page_MyASSIST - ASSIST - Search Pending Case For Add Supporting Document/Reference No'

2018-12-17 14:31:55 - [MESSAGE][PASSED] - Keys 'ERN122018C200002462' sent to object: 'Object Repository/Final Object Repo/Page_MyASSIST - ASSIST - Search Pending Case For Add Supporting Document/Reference No'

2018-12-17 14:31:55 - [TEST_STEP][PASSED] - click: Object: 'Object Repository/Final Object Repo/Page_MyASSIST - ASSIST - Search Pending Case For Add Supporting Document/Search Reference No' is clicked on

2018-12-17 14:31:55 - [MESSAGE][PASSED] - Object: 'Object Repository/Final Object Repo/Page_MyASSIST - ASSIST - Search Pending Case For Add Supporting Document/Search Reference No' is clicked on

2018-12-17 14:31:55 - [TEST_STEP][PASSED] - delay: Delayed 2 second(s)

2018-12-17 14:31:57 - [MESSAGE][PASSED] - Delayed 2 second(s)

2018-12-17 14:31:57 - [TEST_STEP][PASSED] - click: Object: 'Object Repository/Final Object Repo/Page_MyASSIST - ASSIST - Search Pending Case For Add Supporting Document/Continue' is clicked on

2018-12-17 14:32:01 - [MESSAGE][PASSED] - Object: 'Object Repository/Final Object Repo/Page_MyASSIST - ASSIST - Search Pending Case For Add Supporting Document/Continue' is clicked on

2018-12-17 14:32:01 - [TEST_STEP][PASSED] - delay: Delayed 20 second(s)

2018-12-17 14:32:21 - [MESSAGE][PASSED] - Delayed 20 second(s)

2018-12-17 14:32:21 - [MESSAGE][PASSED] - Call Test Case 'Test Cases/Final Aug 2018 - PKS Automation/Registration Module/Workflow/Login and Search Case For Workflow' successfully

2018-12-17 14:32:21 - [TEST_STEP][PASSED] - click: Object: 'Object Repository/Final Object Repo/Page_Form 3 EIS - Cessation as Employer/Page_Form 3 EIS - Cessation as Employer (Approve)/Save  Continue in Form 3 Page' is clicked on

2018-12-17 14:32:21 - [MESSAGE][PASSED] - Object: 'Object Repository/Final Object Repo/Page_Form 3 EIS - Cessation as Employer/Page_Form 3 EIS - Cessation as Employer (Approve)/Save  Continue in Form 3 Page' is clicked on

2018-12-17 14:32:21 - [TEST_STEP][PASSED] - delay: Delayed 2 second(s)

2018-12-17 14:32:23 - [MESSAGE][PASSED] - Delayed 2 second(s)

2018-12-17 14:32:23 - [TEST_STEP][PASSED] - click: Object: 'Object Repository/Final Object Repo/Page_Form 3 EIS - Cessation as Employer/Page_Form 3 EIS - Cessation as Employer (Approve)/Save  Continue in Resigned Page' is clicked on

2018-12-17 14:32:24 - [MESSAGE][PASSED] - Object: 'Object Repository/Final Object Repo/Page_Form 3 EIS - Cessation as Employer/Page_Form 3 EIS - Cessation as Employer (Approve)/Save  Continue in Resigned Page' is clicked on

2018-12-17 14:32:24 - [TEST_STEP][PASSED] - delay: Delayed 2 second(s)

2018-12-17 14:32:26 - [MESSAGE][PASSED] - Delayed 2 second(s)

2018-12-17 14:32:26 - [TEST_STEP][PASSED] - click: Object: 'Object Repository/Final Object Repo/Page_Form 3 EIS - Cessation as Employer/Page_Form 3 EIS - Cessation as Employer (Approve)/Save  Continue in Uploading Page' is clicked on

2018-12-17 14:32:27 - [MESSAGE][PASSED] - Object: 'Object Repository/Final Object Repo/Page_Form 3 EIS - Cessation as Employer/Page_Form 3 EIS - Cessation as Employer (Approve)/Save  Continue in Uploading Page' is clicked on

2018-12-17 14:32:27 - [TEST_STEP][PASSED] - delay: Delayed 2 second(s)

2018-12-17 14:32:29 - [MESSAGE][PASSED] - Delayed 2 second(s)

2018-12-17 14:32:29 - [TEST_STEP][PASSED] - click: Object: 'Object Repository/Final Object Repo/Page_Form 3 EIS - Cessation as Employer/Page_Form 3 EIS - Cessation as Employer (Reject)/Reject' is clicked on

2018-12-17 14:32:32 - [MESSAGE][PASSED] - Object: 'Object Repository/Final Object Repo/Page_Form 3 EIS - Cessation as Employer/Page_Form 3 EIS - Cessation as Employer (Reject)/Reject' is clicked on

2018-12-17 14:32:32 - [TEST_STEP][PASSED] - delay: Delayed 2 second(s)

2018-12-17 14:32:34 - [MESSAGE][PASSED] - Delayed 2 second(s)

2018-12-17 14:32:34 - [TEST_STEP][PASSED] - click: Object: 'Object Repository/Final Object Repo/Page_Form 3 EIS - Cessation as Employer/Page_Form 3 EIS - Cessation as Employer (Reject)/Confirm' is clicked on

2018-12-17 14:32:34 - [MESSAGE][PASSED] - Object: 'Object Repository/Final Object Repo/Page_Form 3 EIS - Cessation as Employer/Page_Form 3 EIS - Cessation as Employer (Reject)/Confirm' is clicked on

2018-12-17 14:32:34 - [TEST_STEP][PASSED] - delay: Delayed 2 second(s)

2018-12-17 14:32:36 - [MESSAGE][PASSED] - Delayed 2 second(s)

2018-12-17 14:32:36 - [TEST_STEP][PASSED] - click: Object: 'Object Repository/Final Object Repo/Page_Form 3 EIS - Cessation as Employer/Page_Form 3 EIS - Cessation as Employer (Reject)/Message This Case has been Rejected' is clicked on

2018-12-17 14:32:40 - [MESSAGE][PASSED] - Object: 'Object Repository/Final Object Repo/Page_Form 3 EIS - Cessation as Employer/Page_Form 3 EIS - Cessation as Employer (Reject)/Message This Case has been Rejected' is clicked on

2018-12-17 14:32:40 - [TEST_STEP][PASSED] - click: Object: 'Object Repository/Final Object Repo/Page_Form 3 EIS - Cessation as Employer/Page_Form 3 EIS - Cessation as Employer (Reject)/Letter of update rejection' is clicked on

2018-12-17 14:32:41 - [MESSAGE][PASSED] - Object: 'Object Repository/Final Object Repo/Page_Form 3 EIS - Cessation as Employer/Page_Form 3 EIS - Cessation as Employer (Reject)/Letter of update rejection' is clicked on

2018-12-17 14:32:41 - [MESSAGE][PASSED] - Call Test Case 'Test Cases/Final Aug 2018 - PKS Automation/Registration Module/Workflow/Form 3 EIS - Cessation As Employer/Template/Form 3 A - Cessation As Employer (Reject)' successfully]]></system-out>
         <system-err><![CDATA[]]></system-err>
      </testcase>
      <testcase name="Test Cases/Final Aug 2018 - PKS Automation/Registration Module/Workflow/Form 3 EIS - Cessation As Employer/Employer to UO (Under enforcement)" classname="Test Cases/Final Aug 2018 - PKS Automation/Registration Module/Workflow/Form 3 EIS - Cessation As Employer/Employer to UO (Under enforcement)" status="PASSED">
         <system-out><![CDATA[2018-12-17 14:32:41 - [TEST_CASE][PASSED] - Test Cases/Final Aug 2018 - PKS Automation/Registration Module/Workflow/Form 3 EIS - Cessation As Employer/Employer to UO (Under enforcement): Test Cases/Final Aug 2018 - PKS Automation/Registration Module/Workflow/Form 3 EIS - Cessation As Employer/Employer to UO (Under enforcement)

2018-12-17 14:32:41 - [TEST_STEP][PASSED] - callTestCase: Call Test Case 'Test Cases/Final Aug 2018 - PKS Automation/Registration Module/Workflow/Form 3 EIS - Cessation As Employer/Template/Form 3 A - Cessation As Employer (OTC)' successfully

2018-12-17 14:32:41 - [TEST_CASE][PASSED] - Test Cases/Final Aug 2018 - PKS Automation/Registration Module/Workflow/Form 3 EIS - Cessation As Employer/Template/Form 3 A - Cessation As Employer (OTC): Test Cases/Final Aug 2018 - PKS Automation/Registration Module/Workflow/Form 3 EIS - Cessation As Employer/Template/Form 3 A - Cessation As Employer (OTC)

2018-12-17 14:32:41 - [TEST_STEP][PASSED] - openBrowser: Browser is opened with url: ''

2018-12-17 14:32:41 - [MESSAGE][WARNING] - A browser is already opened. Closing browser and opening a new one

2018-12-17 14:32:44 - [MESSAGE][PASSED] - Browser is opened with url: ''

2018-12-17 14:32:44 - [TEST_STEP][PASSED] - navigateToUrl: Navigate to 'https://assist2-uat.perkeso.gov.my/login' successfully

2018-12-17 14:32:45 - [MESSAGE][PASSED] - Navigate to 'https://assist2-uat.perkeso.gov.my/login' successfully

2018-12-17 14:32:45 - [TEST_STEP][PASSED] - setText: Text 'johorotc1@gmail.com' is set on object 'Object Repository/Final Object Repo/Login Page/Internal User/Email Address'

2018-12-17 14:32:45 - [MESSAGE][PASSED] - Text 'johorotc1@gmail.com' is set on object 'Object Repository/Final Object Repo/Login Page/Internal User/Email Address'

2018-12-17 14:32:45 - [TEST_STEP][PASSED] - click: Object: 'Object Repository/Final Object Repo/Login Page/Internal User/Next Button' is clicked on

2018-12-17 14:32:46 - [MESSAGE][PASSED] - Object: 'Object Repository/Final Object Repo/Login Page/Internal User/Next Button' is clicked on

2018-12-17 14:32:46 - [TEST_STEP][PASSED] - delay: Delayed 1 second(s)

2018-12-17 14:32:47 - [MESSAGE][PASSED] - Delayed 1 second(s)

2018-12-17 14:32:47 - [TEST_STEP][PASSED] - setEncryptedText: Text ****** has been set on object 'Object Repository/Final Object Repo/Login Page/Internal User/Password'

2018-12-17 14:32:47 - [MESSAGE][PASSED] - Text ****** has been set on object 'Object Repository/Final Object Repo/Login Page/Internal User/Password'

2018-12-17 14:32:47 - [TEST_STEP][PASSED] - click: Object: 'Object Repository/Final Object Repo/Login Page/Internal User/Login Button' is clicked on

2018-12-17 14:32:47 - [MESSAGE][PASSED] - Object: 'Object Repository/Final Object Repo/Login Page/Internal User/Login Button' is clicked on

2018-12-17 14:32:47 - [TEST_STEP][PASSED] - delay: Delayed 1 second(s)

2018-12-17 14:32:48 - [MESSAGE][PASSED] - Delayed 1 second(s)

2018-12-17 14:32:48 - [TEST_STEP][PASSED] - Statement - Try: Delayed 2 second(s)

2018-12-17 14:32:48 - [TEST_STEP][PASSED] - Statement - Checker = false: null

2018-12-17 14:32:48 - [TEST_STEP][PASSED] - Statement - Checker = com.kms.katalon.core.webui.keyword.WebUiBuiltInKeywords.verifyElementHasAttribute(com.kms.katalon.core.testobject.ObjectRepository.findTestObject(Final Object Repo/Landing Page/BM Detecting), "href", 20, OPTIONAL): Object 'Object Repository/Final Object Repo/Landing Page/BM Detecting' has attribute 'href'

2018-12-17 14:32:49 - [MESSAGE][PASSED] - Object 'Object Repository/Final Object Repo/Landing Page/BM Detecting' has attribute 'href'

2018-12-17 14:32:49 - [TEST_STEP][PASSED] - Statement - out.println(Checker): null

2018-12-17 14:32:49 - [TEST_STEP][PASSED] - Statement - If (Checker == false): null

2018-12-17 14:32:49 - [TEST_STEP][PASSED] - Statement - Else: null

2018-12-17 14:32:49 - [TEST_STEP][PASSED] - delay: Delayed 2 second(s)

2018-12-17 14:32:51 - [MESSAGE][PASSED] - Delayed 2 second(s)

2018-12-17 14:32:51 - [TEST_STEP][PASSED] - navigateToUrl: Navigate to 'https://assist2-uat.perkeso.gov.my/web/registration/eis-update/form-3-eis-cessation-as-employer' successfully

2018-12-17 14:32:52 - [MESSAGE][PASSED] - Navigate to 'https://assist2-uat.perkeso.gov.my/web/registration/eis-update/form-3-eis-cessation-as-employer' successfully

2018-12-17 14:32:52 - [TEST_STEP][PASSED] - delay: Delayed 1 second(s)

2018-12-17 14:32:53 - [MESSAGE][PASSED] - Delayed 1 second(s)

2018-12-17 14:32:53 - [TEST_STEP][PASSED] - setText: Text 'E1102069769W' is set on object 'Object Repository/Final Object Repo/Page_Form 3 EIS - Cessation as Employer/Employer Code'

2018-12-17 14:32:53 - [MESSAGE][PASSED] - Text 'E1102069769W' is set on object 'Object Repository/Final Object Repo/Page_Form 3 EIS - Cessation as Employer/Employer Code'

2018-12-17 14:32:53 - [TEST_STEP][PASSED] - click: Object: 'Object Repository/Final Object Repo/Page_Form 3 EIS - Cessation as Employer/Search' is clicked on

2018-12-17 14:32:54 - [MESSAGE][PASSED] - Object: 'Object Repository/Final Object Repo/Page_Form 3 EIS - Cessation as Employer/Search' is clicked on

2018-12-17 14:32:54 - [TEST_STEP][PASSED] - click: Object: 'Object Repository/Final Object Repo/Page_Form 3 EIS - Cessation as Employer/Edit' is clicked on

2018-12-17 14:32:56 - [MESSAGE][PASSED] - Object: 'Object Repository/Final Object Repo/Page_Form 3 EIS - Cessation as Employer/Edit' is clicked on

2018-12-17 14:32:56 - [TEST_STEP][PASSED] - delay: Delayed 1 second(s)

2018-12-17 14:32:57 - [MESSAGE][PASSED] - Delayed 1 second(s)

2018-12-17 14:32:57 - [TEST_STEP][PASSED] - Statement - abc = com.kms.katalon.core.webui.keyword.WebUiBuiltInKeywords.getAttribute(com.kms.katalon.core.testobject.ObjectRepository.findTestObject(Final Object Repo/Page_Form 3 EIS - Cessation as Employer/Employer Status), "value"): Attribute 'value' of object 'Object Repository/Final Object Repo/Page_Form 3 EIS - Cessation as Employer/Employer Status' is: 'Active'

2018-12-17 14:32:57 - [MESSAGE][PASSED] - Attribute 'value' of object 'Object Repository/Final Object Repo/Page_Form 3 EIS - Cessation as Employer/Employer Status' is: 'Active'

2018-12-17 14:32:57 - [TEST_STEP][PASSED] - Statement - out.println(abc): null

2018-12-17 14:32:57 - [TEST_STEP][PASSED] - Statement - If (abc == "Active"): Object: 'Object Repository/Final Object Repo/Page_Form 3 EIS - Cessation as Employer/Dormant EIS' is clicked on

2018-12-17 14:32:57 - [TEST_STEP][PASSED] - click: Object: 'Object Repository/Final Object Repo/Page_Form 3 EIS - Cessation as Employer/Change Employer Status to' is clicked on

2018-12-17 14:32:57 - [MESSAGE][PASSED] - Object: 'Object Repository/Final Object Repo/Page_Form 3 EIS - Cessation as Employer/Change Employer Status to' is clicked on

2018-12-17 14:32:57 - [TEST_STEP][PASSED] - click: Object: 'Object Repository/Final Object Repo/Page_Form 3 EIS - Cessation as Employer/Dormant EIS' is clicked on

2018-12-17 14:32:57 - [MESSAGE][PASSED] - Object: 'Object Repository/Final Object Repo/Page_Form 3 EIS - Cessation as Employer/Dormant EIS' is clicked on

2018-12-17 14:32:57 - [TEST_STEP][PASSED] - click: Object: 'Object Repository/Final Object Repo/Page_Form 3 EIS - Cessation as Employer/Calender' is clicked on

2018-12-17 14:32:58 - [MESSAGE][PASSED] - Object: 'Object Repository/Final Object Repo/Page_Form 3 EIS - Cessation as Employer/Calender' is clicked on

2018-12-17 14:32:58 - [TEST_STEP][PASSED] - delay: Delayed 1 second(s)

2018-12-17 14:32:59 - [MESSAGE][PASSED] - Delayed 1 second(s)

2018-12-17 14:32:59 - [TEST_STEP][PASSED] - click: Object: 'Object Repository/Final Object Repo/Page_Form 3 EIS - Cessation as Employer/Calender - Date' is clicked on

2018-12-17 14:32:59 - [MESSAGE][PASSED] - Object: 'Object Repository/Final Object Repo/Page_Form 3 EIS - Cessation as Employer/Calender - Date' is clicked on

2018-12-17 14:32:59 - [TEST_STEP][PASSED] - click: Object: 'Object Repository/Final Object Repo/Page_Form 3 EIS - Cessation as Employer/Save  Continue in Form 3 EIS Page' is clicked on

2018-12-17 14:33:00 - [MESSAGE][PASSED] - Object: 'Object Repository/Final Object Repo/Page_Form 3 EIS - Cessation as Employer/Save  Continue in Form 3 EIS Page' is clicked on

2018-12-17 14:33:00 - [TEST_STEP][PASSED] - delay: Delayed 1 second(s)

2018-12-17 14:33:01 - [MESSAGE][PASSED] - Delayed 1 second(s)

2018-12-17 14:33:01 - [TEST_STEP][PASSED] - click: Object: 'Object Repository/Final Object Repo/Page_Form 3 EIS - Cessation as Employer/Employment Resign Date' is clicked on

2018-12-17 14:33:01 - [MESSAGE][PASSED] - Object: 'Object Repository/Final Object Repo/Page_Form 3 EIS - Cessation as Employer/Employment Resign Date' is clicked on

2018-12-17 14:33:01 - [TEST_STEP][PASSED] - selectOptionByValue: All options with value '2030' are selected in object 'Object Repository/Final Object Repo/Page_Form 3 EIS - Cessation as Employer/Employment Resign Date - Year' 

2018-12-17 14:33:01 - [MESSAGE][PASSED] - All options with value '2030' are selected in object 'Object Repository/Final Object Repo/Page_Form 3 EIS - Cessation as Employer/Employment Resign Date - Year' 

2018-12-17 14:33:01 - [TEST_STEP][PASSED] - delay: Delayed 2 second(s)

2018-12-17 14:33:03 - [MESSAGE][PASSED] - Delayed 2 second(s)

2018-12-17 14:33:03 - [TEST_STEP][PASSED] - click: Object: 'Object Repository/Final Object Repo/Page_Form 3 EIS - Cessation as Employer/Employment Resign Date - Year - Date' is clicked on

2018-12-17 14:33:04 - [MESSAGE][PASSED] - Object: 'Object Repository/Final Object Repo/Page_Form 3 EIS - Cessation as Employer/Employment Resign Date - Year - Date' is clicked on

2018-12-17 14:33:04 - [TEST_STEP][PASSED] - delay: Delayed 2 second(s)

2018-12-17 14:33:06 - [MESSAGE][PASSED] - Delayed 2 second(s)

2018-12-17 14:33:06 - [TEST_STEP][PASSED] - click: Object: 'Object Repository/Final Object Repo/Page_Form 3 EIS - Cessation as Employer/Save  Continue in Employment Resign Page' is clicked on

2018-12-17 14:33:06 - [MESSAGE][PASSED] - Object: 'Object Repository/Final Object Repo/Page_Form 3 EIS - Cessation as Employer/Save  Continue in Employment Resign Page' is clicked on

2018-12-17 14:33:06 - [TEST_STEP][PASSED] - delay: Delayed 2 second(s)

2018-12-17 14:33:08 - [MESSAGE][PASSED] - Delayed 2 second(s)

2018-12-17 14:33:08 - [TEST_STEP][PASSED] - click: Object: 'Object Repository/Final Object Repo/Page_Form 3 EIS - Cessation as Employer/Set Latest - Yes' is clicked on

2018-12-17 14:33:08 - [MESSAGE][PASSED] - Object: 'Object Repository/Final Object Repo/Page_Form 3 EIS - Cessation as Employer/Set Latest - Yes' is clicked on

2018-12-17 14:33:08 - [TEST_STEP][PASSED] - delay: Delayed 2 second(s)

2018-12-17 14:33:10 - [MESSAGE][PASSED] - Delayed 2 second(s)

2018-12-17 14:33:10 - [TEST_STEP][PASSED] - click: Object: 'Object Repository/Final Object Repo/Page_Form 3 EIS - Cessation as Employer/Add Document' is clicked on

2018-12-17 14:33:11 - [MESSAGE][PASSED] - Object: 'Object Repository/Final Object Repo/Page_Form 3 EIS - Cessation as Employer/Add Document' is clicked on

2018-12-17 14:33:11 - [TEST_STEP][PASSED] - delay: Delayed 3 second(s)

2018-12-17 14:33:14 - [MESSAGE][PASSED] - Delayed 3 second(s)

2018-12-17 14:33:14 - [TEST_STEP][PASSED] - click: Object: 'Object Repository/Final Object Repo/Page_Form 3 EIS - Cessation as Employer/Document Type' is clicked on

2018-12-17 14:33:14 - [MESSAGE][PASSED] - Object: 'Object Repository/Final Object Repo/Page_Form 3 EIS - Cessation as Employer/Document Type' is clicked on

2018-12-17 14:33:14 - [TEST_STEP][PASSED] - click: Object: 'Object Repository/Final Object Repo/Page_Form 3 EIS - Cessation as Employer/Document Type - Form 3' is clicked on

2018-12-17 14:33:14 - [MESSAGE][PASSED] - Object: 'Object Repository/Final Object Repo/Page_Form 3 EIS - Cessation as Employer/Document Type - Form 3' is clicked on

2018-12-17 14:33:15 - [TEST_STEP][PASSED] - delay: Delayed 2 second(s)

2018-12-17 14:33:17 - [MESSAGE][PASSED] - Delayed 2 second(s)

2018-12-17 14:33:17 - [TEST_STEP][PASSED] - sendKeys: Keys 'C:\Users\Public\Pictures\Sample Pictures\Koala.jpg' sent to object: 'Object Repository/Final Object Repo/Page_Form 3 EIS - Cessation as Employer/ploading File'

2018-12-17 14:33:17 - [MESSAGE][PASSED] - Keys 'C:\Users\Public\Pictures\Sample Pictures\Koala.jpg' sent to object: 'Object Repository/Final Object Repo/Page_Form 3 EIS - Cessation as Employer/ploading File'

2018-12-17 14:33:17 - [TEST_STEP][PASSED] - delay: Delayed 1 second(s)

2018-12-17 14:33:18 - [MESSAGE][PASSED] - Delayed 1 second(s)

2018-12-17 14:33:18 - [TEST_STEP][PASSED] - click: Object: 'Object Repository/Final Object Repo/Page_Form 3 EIS - Cessation as Employer/Add Document in Uploading Page' is clicked on

2018-12-17 14:33:18 - [MESSAGE][PASSED] - Object: 'Object Repository/Final Object Repo/Page_Form 3 EIS - Cessation as Employer/Add Document in Uploading Page' is clicked on

2018-12-17 14:33:18 - [TEST_STEP][PASSED] - delay: Delayed 2 second(s)

2018-12-17 14:33:20 - [MESSAGE][PASSED] - Delayed 2 second(s)

2018-12-17 14:33:20 - [TEST_STEP][PASSED] - Statement - CaseReferenceNo = com.kms.katalon.core.webui.keyword.WebUiBuiltInKeywords.getText(com.kms.katalon.core.testobject.ObjectRepository.findTestObject(Final Object Repo/Page_Update Employer Information/Reference Number in Update Employee Information Page)): Text of object 'Object Repository/Final Object Repo/Page_Update Employer Information/Reference Number in Update Employee Information Page' is: 'ERN122018C200002463'

2018-12-17 14:33:22 - [MESSAGE][PASSED] - Text of object 'Object Repository/Final Object Repo/Page_Update Employer Information/Reference Number in Update Employee Information Page' is: 'ERN122018C200002463'

2018-12-17 14:33:22 - [TEST_STEP][PASSED] - callTestCase: Call Test Case 'Test Cases/Final Aug 2018 - PKS Automation/Common/Reference Number Setter' successfully

2018-12-17 14:33:22 - [TEST_CASE][PASSED] - Test Cases/Final Aug 2018 - PKS Automation/Common/Reference Number Setter: Test Cases/Final Aug 2018 - PKS Automation/Common/Reference Number Setter

2018-12-17 14:33:22 - [TEST_STEP][PASSED] - Statement - RefNoOldFile = new java.io.File(C://Users//Admin//Desktop//PKS//Automation Reference Point//KatalonReference.txt): null

2018-12-17 14:33:22 - [TEST_STEP][PASSED] - Statement - RefNoOldFile.delete(): null

2018-12-17 14:33:22 - [TEST_STEP][PASSED] - delay: Delayed 5 second(s)

2018-12-17 14:33:27 - [MESSAGE][PASSED] - Delayed 5 second(s)

2018-12-17 14:33:27 - [TEST_STEP][PASSED] - Statement - RefNo = new java.io.File(C://Users//Admin//Desktop//PKS//Automation Reference Point//KatalonReference.txt): null

2018-12-17 14:33:27 - [TEST_STEP][PASSED] - Statement - f2 = new java.io.FileWriter(RefNo, false): null

2018-12-17 14:33:27 - [TEST_STEP][PASSED] - Statement - f2.write(CaseReferenceNo): null

2018-12-17 14:33:27 - [TEST_STEP][PASSED] - Statement - f2.close(): null

2018-12-17 14:33:27 - [TEST_STEP][PASSED] - Statement - out.println("


" + CaseReferenceNo + "


"): null

2018-12-17 14:33:27 - [MESSAGE][PASSED] - Call Test Case 'Test Cases/Final Aug 2018 - PKS Automation/Common/Reference Number Setter' successfully

2018-12-17 14:33:27 - [TEST_STEP][PASSED] - delay: Delayed 2 second(s)

2018-12-17 14:33:29 - [MESSAGE][PASSED] - Delayed 2 second(s)

2018-12-17 14:33:29 - [TEST_STEP][PASSED] - click: Object: 'Object Repository/Final Object Repo/Page_Form 3 EIS - Cessation as Employer/Save  Continue in Uploading Page' is clicked on

2018-12-17 14:33:29 - [MESSAGE][PASSED] - Object: 'Object Repository/Final Object Repo/Page_Form 3 EIS - Cessation as Employer/Save  Continue in Uploading Page' is clicked on

2018-12-17 14:33:29 - [TEST_STEP][PASSED] - delay: Delayed 2 second(s)

2018-12-17 14:33:31 - [MESSAGE][PASSED] - Delayed 2 second(s)

2018-12-17 14:33:31 - [TEST_STEP][PASSED] - click: Object: 'Object Repository/Final Object Repo/Page_Form 3 EIS - Cessation as Employer/Submit' is clicked on

2018-12-17 14:33:34 - [MESSAGE][PASSED] - Object: 'Object Repository/Final Object Repo/Page_Form 3 EIS - Cessation as Employer/Submit' is clicked on

2018-12-17 14:33:34 - [TEST_STEP][PASSED] - delay: Delayed 2 second(s)

2018-12-17 14:33:36 - [MESSAGE][PASSED] - Delayed 2 second(s)

2018-12-17 14:33:36 - [TEST_STEP][PASSED] - click: Object: 'Object Repository/Final Object Repo/Page_Form 3 EIS - Cessation as Employer/Confirm' is clicked on

2018-12-17 14:33:36 - [MESSAGE][PASSED] - Object: 'Object Repository/Final Object Repo/Page_Form 3 EIS - Cessation as Employer/Confirm' is clicked on

2018-12-17 14:33:36 - [TEST_STEP][PASSED] - delay: Delayed 2 second(s)

2018-12-17 14:33:38 - [MESSAGE][PASSED] - Delayed 2 second(s)

2018-12-17 14:33:38 - [TEST_STEP][PASSED] - click: Object: 'Object Repository/Final Object Repo/Page_Form 3 EIS - Cessation as Employer/Message Your Request will be routed to UO' is clicked on

2018-12-17 14:33:42 - [MESSAGE][PASSED] - Object: 'Object Repository/Final Object Repo/Page_Form 3 EIS - Cessation as Employer/Message Your Request will be routed to UO' is clicked on

2018-12-17 14:33:42 - [TEST_STEP][PASSED] - click: Object: 'Object Repository/Final Object Repo/Page_Form 3 EIS - Cessation as Employer/Letter of acknowledgement' is clicked on

2018-12-17 14:33:42 - [MESSAGE][PASSED] - Object: 'Object Repository/Final Object Repo/Page_Form 3 EIS - Cessation as Employer/Letter of acknowledgement' is clicked on

2018-12-17 14:33:42 - [MESSAGE][PASSED] - Call Test Case 'Test Cases/Final Aug 2018 - PKS Automation/Registration Module/Workflow/Form 3 EIS - Cessation As Employer/Template/Form 3 A - Cessation As Employer (OTC)' successfully

2018-12-17 14:33:42 - [TEST_STEP][PASSED] - callTestCase: Call Test Case 'Test Cases/Final Aug 2018 - PKS Automation/Registration Module/Workflow/Form 3 EIS - Cessation As Employer/Template/Form 3 A - Cessation As Employer (Under enforcement)' successfully

2018-12-17 14:33:43 - [TEST_CASE][PASSED] - Test Cases/Final Aug 2018 - PKS Automation/Registration Module/Workflow/Form 3 EIS - Cessation As Employer/Template/Form 3 A - Cessation As Employer (Under enforcement): Test Cases/Final Aug 2018 - PKS Automation/Registration Module/Workflow/Form 3 EIS - Cessation As Employer/Template/Form 3 A - Cessation As Employer (Under enforcement)

2018-12-17 14:33:43 - [TEST_STEP][NOT_RUN] - callTestCase: NOT_RUN: callTestCase

2018-12-17 14:33:43 - [MESSAGE][NOT_RUN] - NOT_RUN: callTestCase

2018-12-17 14:33:43 - [TEST_STEP][PASSED] - delay: Delayed 1 second(s)

2018-12-17 14:33:44 - [MESSAGE][PASSED] - Delayed 1 second(s)

2018-12-17 14:33:44 - [TEST_STEP][PASSED] - navigateToUrl: Navigate to 'https://assist2-uat.perkeso.gov.my/c/portal/logout' successfully

2018-12-17 14:33:45 - [MESSAGE][PASSED] - Navigate to 'https://assist2-uat.perkeso.gov.my/c/portal/logout' successfully

2018-12-17 14:33:45 - [TEST_STEP][PASSED] - delay: Delayed 1 second(s)

2018-12-17 14:33:46 - [MESSAGE][PASSED] - Delayed 1 second(s)

2018-12-17 14:33:46 - [TEST_STEP][PASSED] - callTestCase: Call Test Case 'Test Cases/Final Aug 2018 - PKS Automation/Common/Reference Number Getter' successfully

2018-12-17 14:33:46 - [TEST_CASE][PASSED] - Test Cases/Final Aug 2018 - PKS Automation/Common/Reference Number Getter: Test Cases/Final Aug 2018 - PKS Automation/Common/Reference Number Getter

2018-12-17 14:33:46 - [TEST_STEP][PASSED] - Statement - Try: null

2018-12-17 14:33:46 - [TEST_STEP][PASSED] - Statement - RefNo = new java.io.File(C://Users//Admin//Desktop//PKS//Automation Reference Point//KatalonReference.txt): null

2018-12-17 14:33:46 - [TEST_STEP][PASSED] - Statement - bufferread = new java.io.BufferedReader(new java.io.FileReader(RefNo)): null

2018-12-17 14:33:46 - [TEST_STEP][PASSED] - Statement - readedVal = bufferread.readLine(): null

2018-12-17 14:33:46 - [TEST_STEP][PASSED] - Statement - out.println(CaseReferenceNo): null

2018-12-17 14:33:46 - [TEST_STEP][PASSED] - Statement - out.println(readedVal): null

2018-12-17 14:33:46 - [TEST_STEP][PASSED] - Statement - CaseReferenceNo = "": null

2018-12-17 14:33:46 - [TEST_STEP][PASSED] - Statement - CaseReferenceNo = readedVal: null

2018-12-17 14:33:46 - [MESSAGE][PASSED] - Call Test Case 'Test Cases/Final Aug 2018 - PKS Automation/Common/Reference Number Getter' successfully

2018-12-17 14:33:46 - [TEST_STEP][PASSED] - callTestCase: Call Test Case 'Test Cases/Final Aug 2018 - PKS Automation/Common/Workflow Owner Finder' successfully

2018-12-17 14:33:46 - [TEST_CASE][PASSED] - Test Cases/Final Aug 2018 - PKS Automation/Common/Workflow Owner Finder: Test Cases/Final Aug 2018 - PKS Automation/Common/Workflow Owner Finder

2018-12-17 14:33:46 - [TEST_STEP][PASSED] - openBrowser: Browser is opened with url: ''

2018-12-17 14:33:46 - [MESSAGE][WARNING] - A browser is already opened. Closing browser and opening a new one

2018-12-17 14:33:49 - [MESSAGE][PASSED] - Browser is opened with url: ''

2018-12-17 14:33:49 - [TEST_STEP][PASSED] - navigateToUrl: Navigate to 'https://assist2-uat.perkeso.gov.my/login' successfully

2018-12-17 14:33:50 - [MESSAGE][PASSED] - Navigate to 'https://assist2-uat.perkeso.gov.my/login' successfully

2018-12-17 14:33:50 - [TEST_STEP][PASSED] - delay: Delayed 5 second(s)

2018-12-17 14:33:55 - [MESSAGE][PASSED] - Delayed 5 second(s)

2018-12-17 14:33:55 - [TEST_STEP][PASSED] - setText: Text 'test@liferay.com' is set on object 'Object Repository/Final Object Repo/Login Page/Internal User/Email Address'

2018-12-17 14:33:55 - [MESSAGE][PASSED] - Text 'test@liferay.com' is set on object 'Object Repository/Final Object Repo/Login Page/Internal User/Email Address'

2018-12-17 14:33:55 - [TEST_STEP][PASSED] - click: Object: 'Object Repository/Final Object Repo/Login Page/Internal User/Next Button' is clicked on

2018-12-17 14:33:55 - [MESSAGE][PASSED] - Object: 'Object Repository/Final Object Repo/Login Page/Internal User/Next Button' is clicked on

2018-12-17 14:33:55 - [TEST_STEP][PASSED] - delay: Delayed 2 second(s)

2018-12-17 14:33:57 - [MESSAGE][PASSED] - Delayed 2 second(s)

2018-12-17 14:33:57 - [TEST_STEP][PASSED] - setText: Text 'test' is set on object 'Object Repository/Final Object Repo/Login Page/Internal User/Password'

2018-12-17 14:33:57 - [MESSAGE][PASSED] - Text 'test' is set on object 'Object Repository/Final Object Repo/Login Page/Internal User/Password'

2018-12-17 14:33:57 - [TEST_STEP][PASSED] - delay: Delayed 2 second(s)

2018-12-17 14:33:59 - [MESSAGE][PASSED] - Delayed 2 second(s)

2018-12-17 14:33:59 - [TEST_STEP][PASSED] - click: Object: 'Object Repository/Final Object Repo/Login Page/Internal User/Login Button' is clicked on

2018-12-17 14:34:00 - [MESSAGE][PASSED] - Object: 'Object Repository/Final Object Repo/Login Page/Internal User/Login Button' is clicked on

2018-12-17 14:34:00 - [TEST_STEP][PASSED] - Statement - tester = com.kms.katalon.core.testobject.ObjectRepository.findTestObject(Final Object Repo/Landing Page/Select to English): Finding Test Object with id 'Object Repository/Final Object Repo/Landing Page/Select to English'

2018-12-17 14:34:00 - [TEST_STEP][PASSED] - Statement - Try: Delayed 2 second(s)

2018-12-17 14:34:00 - [TEST_STEP][PASSED] - Statement - Checker = com.kms.katalon.core.webui.keyword.WebUiBuiltInKeywords.verifyElementNotPresent(tester, 3): Web element with id: 'Object Repository/Final Object Repo/Landing Page/Select to English' located by 'By.xpath: //a[@class = 'taglib-language-list-text' and @lang = 'en-US' and (contains(text(), 'EN') or contains(., 'EN'))]' is not present after '3' second(s)

2018-12-17 14:34:02 - [MESSAGE][PASSED] - Web element with id: 'Object Repository/Final Object Repo/Landing Page/Select to English' located by 'By.xpath: //a[@class = 'taglib-language-list-text' and @lang = 'en-US' and (contains(text(), 'EN') or contains(., 'EN'))]' is not present after '3' second(s)

2018-12-17 14:34:02 - [TEST_STEP][PASSED] - Statement - If (Checker == false): null

2018-12-17 14:34:02 - [TEST_STEP][PASSED] - delay: Delayed 2 second(s)

2018-12-17 14:34:04 - [MESSAGE][PASSED] - Delayed 2 second(s)

2018-12-17 14:34:04 - [TEST_STEP][PASSED] - delay: Delayed 5 second(s)

2018-12-17 14:34:09 - [MESSAGE][PASSED] - Delayed 5 second(s)

2018-12-17 14:34:09 - [TEST_STEP][PASSED] - mouseOver: Object: 'Object Repository/Final Object Repo/Landing Page/WorkFlow Menu' is hovered

2018-12-17 14:34:09 - [MESSAGE][PASSED] - Object: 'Object Repository/Final Object Repo/Landing Page/WorkFlow Menu' is hovered

2018-12-17 14:34:09 - [TEST_STEP][PASSED] - delay: Delayed 2 second(s)

2018-12-17 14:34:11 - [MESSAGE][PASSED] - Delayed 2 second(s)

2018-12-17 14:34:11 - [TEST_STEP][PASSED] - click: Object: 'Object Repository/Final Object Repo/Landing Page/Select to Workflow Listing' is clicked on

2018-12-17 14:34:12 - [MESSAGE][PASSED] - Object: 'Object Repository/Final Object Repo/Landing Page/Select to Workflow Listing' is clicked on

2018-12-17 14:34:12 - [TEST_STEP][PASSED] - delay: Delayed 2 second(s)

2018-12-17 14:34:14 - [MESSAGE][PASSED] - Delayed 2 second(s)

2018-12-17 14:34:14 - [TEST_STEP][PASSED] - click: Object: 'Object Repository/Final Object Repo/WorkFlow Listing Page/Search Information - To Put Ref No' is clicked on

2018-12-17 14:34:14 - [MESSAGE][PASSED] - Object: 'Object Repository/Final Object Repo/WorkFlow Listing Page/Search Information - To Put Ref No' is clicked on

2018-12-17 14:34:14 - [TEST_STEP][PASSED] - delay: Delayed 2 second(s)

2018-12-17 14:34:16 - [MESSAGE][PASSED] - Delayed 2 second(s)

2018-12-17 14:34:16 - [TEST_STEP][PASSED] - callTestCase: Call Test Case 'Test Cases/Final Aug 2018 - PKS Automation/Common/Reference Number Getter' successfully

2018-12-17 14:34:16 - [TEST_CASE][PASSED] - Test Cases/Final Aug 2018 - PKS Automation/Common/Reference Number Getter: Test Cases/Final Aug 2018 - PKS Automation/Common/Reference Number Getter

2018-12-17 14:34:16 - [TEST_STEP][PASSED] - Statement - Try: null

2018-12-17 14:34:16 - [TEST_STEP][PASSED] - Statement - RefNo = new java.io.File(C://Users//Admin//Desktop//PKS//Automation Reference Point//KatalonReference.txt): null

2018-12-17 14:34:16 - [TEST_STEP][PASSED] - Statement - bufferread = new java.io.BufferedReader(new java.io.FileReader(RefNo)): null

2018-12-17 14:34:16 - [TEST_STEP][PASSED] - Statement - readedVal = bufferread.readLine(): null

2018-12-17 14:34:16 - [TEST_STEP][PASSED] - Statement - out.println(CaseReferenceNo): null

2018-12-17 14:34:16 - [TEST_STEP][PASSED] - Statement - out.println(readedVal): null

2018-12-17 14:34:16 - [TEST_STEP][PASSED] - Statement - CaseReferenceNo = "": null

2018-12-17 14:34:16 - [TEST_STEP][PASSED] - Statement - CaseReferenceNo = readedVal: null

2018-12-17 14:34:16 - [MESSAGE][PASSED] - Call Test Case 'Test Cases/Final Aug 2018 - PKS Automation/Common/Reference Number Getter' successfully

2018-12-17 14:34:16 - [TEST_STEP][PASSED] - setText: Text 'ERN122018C200002463' is set on object 'Object Repository/Final Object Repo/WorkFlow Listing Page/Ref No Set Text'

2018-12-17 14:34:16 - [MESSAGE][PASSED] - Text 'ERN122018C200002463' is set on object 'Object Repository/Final Object Repo/WorkFlow Listing Page/Ref No Set Text'

2018-12-17 14:34:16 - [TEST_STEP][PASSED] - delay: Delayed 2 second(s)

2018-12-17 14:34:18 - [MESSAGE][PASSED] - Delayed 2 second(s)

2018-12-17 14:34:18 - [TEST_STEP][PASSED] - click: Object: 'Object Repository/Final Object Repo/WorkFlow Listing Page/Search Ref No Search Button' is clicked on

2018-12-17 14:34:19 - [MESSAGE][PASSED] - Object: 'Object Repository/Final Object Repo/WorkFlow Listing Page/Search Ref No Search Button' is clicked on

2018-12-17 14:34:19 - [TEST_STEP][PASSED] - delay: Delayed 6 second(s)

2018-12-17 14:34:25 - [MESSAGE][PASSED] - Delayed 6 second(s)

2018-12-17 14:34:25 - [TEST_STEP][PASSED] - click: Object: 'Object Repository/Final Object Repo/WorkFlow Listing Page/Click Continue Tooltip' is clicked on

2018-12-17 14:34:26 - [MESSAGE][PASSED] - Object: 'Object Repository/Final Object Repo/WorkFlow Listing Page/Click Continue Tooltip' is clicked on

2018-12-17 14:34:26 - [TEST_STEP][PASSED] - delay: Delayed 5 second(s)

2018-12-17 14:34:31 - [MESSAGE][PASSED] - Delayed 5 second(s)

2018-12-17 14:34:31 - [TEST_STEP][PASSED] - doubleClick: Object: 'Object Repository/Final Object Repo/WorkFlow Listing Page/Workflow Found - Listing 1' is double clicked on

2018-12-17 14:34:31 - [MESSAGE][PASSED] - Object: 'Object Repository/Final Object Repo/WorkFlow Listing Page/Workflow Found - Listing 1' is double clicked on

2018-12-17 14:34:31 - [TEST_STEP][PASSED] - Statement - println(OwnerID): null

2018-12-17 14:34:31 - [TEST_STEP][PASSED] - Statement - OwnerID = com.kms.katalon.core.webui.keyword.WebUiBuiltInKeywords.getText(com.kms.katalon.core.testobject.ObjectRepository.findTestObject(Final Object Repo/WorkFlow Listing Page/Workflow Found - Listing 1), STOP_ON_FAILURE): Text of object 'Object Repository/Final Object Repo/WorkFlow Listing Page/Workflow Found - Listing 1' is: 'JOHORuo2'

2018-12-17 14:34:31 - [MESSAGE][PASSED] - Text of object 'Object Repository/Final Object Repo/WorkFlow Listing Page/Workflow Found - Listing 1' is: 'JOHORuo2'

2018-12-17 14:34:31 - [TEST_STEP][PASSED] - Statement - OwnerID = OwnerID.toLowerCase() + "@gmail.com": null

2018-12-17 14:34:31 - [TEST_STEP][PASSED] - Statement - println(OwnerID): null

2018-12-17 14:34:31 - [TEST_STEP][PASSED] - delay: Delayed 2 second(s)

2018-12-17 14:34:33 - [MESSAGE][PASSED] - Delayed 2 second(s)

2018-12-17 14:34:33 - [MESSAGE][PASSED] - Call Test Case 'Test Cases/Final Aug 2018 - PKS Automation/Common/Workflow Owner Finder' successfully

2018-12-17 14:34:33 - [TEST_STEP][PASSED] - delay: Delayed 1 second(s)

2018-12-17 14:34:34 - [MESSAGE][PASSED] - Delayed 1 second(s)

2018-12-17 14:34:34 - [TEST_STEP][PASSED] - navigateToUrl: Navigate to 'https://assist2-uat.perkeso.gov.my/c/portal/logout' successfully

2018-12-17 14:34:35 - [MESSAGE][PASSED] - Navigate to 'https://assist2-uat.perkeso.gov.my/c/portal/logout' successfully

2018-12-17 14:34:35 - [TEST_STEP][PASSED] - delay: Delayed 1 second(s)

2018-12-17 14:34:36 - [MESSAGE][PASSED] - Delayed 1 second(s)

2018-12-17 14:34:36 - [TEST_STEP][PASSED] - callTestCase: Call Test Case 'Test Cases/Final Aug 2018 - PKS Automation/Registration Module/Workflow/Login and Search Case For Workflow' successfully

2018-12-17 14:34:36 - [TEST_CASE][PASSED] - Test Cases/Final Aug 2018 - PKS Automation/Registration Module/Workflow/Login and Search Case For Workflow: Test Cases/Final Aug 2018 - PKS Automation/Registration Module/Workflow/Login and Search Case For Workflow

2018-12-17 14:34:36 - [TEST_STEP][PASSED] - navigateToUrl: Navigate to 'https://assist2-uat.perkeso.gov.my/login' successfully

2018-12-17 14:34:36 - [MESSAGE][PASSED] - Navigate to 'https://assist2-uat.perkeso.gov.my/login' successfully

2018-12-17 14:34:36 - [TEST_STEP][PASSED] - setText: Text 'johoruo2@gmail.com' is set on object 'Object Repository/Final Object Repo/Login Page/Internal User/Email Address'

2018-12-17 14:34:37 - [MESSAGE][PASSED] - Text 'johoruo2@gmail.com' is set on object 'Object Repository/Final Object Repo/Login Page/Internal User/Email Address'

2018-12-17 14:34:37 - [TEST_STEP][PASSED] - click: Object: 'Object Repository/Final Object Repo/Login Page/Internal User/Next Button' is clicked on

2018-12-17 14:34:37 - [MESSAGE][PASSED] - Object: 'Object Repository/Final Object Repo/Login Page/Internal User/Next Button' is clicked on

2018-12-17 14:34:37 - [TEST_STEP][PASSED] - delay: Delayed 1 second(s)

2018-12-17 14:34:38 - [MESSAGE][PASSED] - Delayed 1 second(s)

2018-12-17 14:34:38 - [TEST_STEP][PASSED] - setEncryptedText: Text ****** has been set on object 'Object Repository/Final Object Repo/Login Page/Internal User/Password'

2018-12-17 14:34:38 - [MESSAGE][PASSED] - Text ****** has been set on object 'Object Repository/Final Object Repo/Login Page/Internal User/Password'

2018-12-17 14:34:38 - [TEST_STEP][PASSED] - click: Object: 'Object Repository/Final Object Repo/Login Page/Internal User/Login Button' is clicked on

2018-12-17 14:34:38 - [MESSAGE][PASSED] - Object: 'Object Repository/Final Object Repo/Login Page/Internal User/Login Button' is clicked on

2018-12-17 14:34:38 - [TEST_STEP][PASSED] - delay: Delayed 2 second(s)

2018-12-17 14:34:40 - [MESSAGE][PASSED] - Delayed 2 second(s)

2018-12-17 14:34:40 - [TEST_STEP][PASSED] - Statement - Try: Delayed 2 second(s)

2018-12-17 14:34:40 - [TEST_STEP][PASSED] - Statement - Checker = false: null

2018-12-17 14:34:40 - [TEST_STEP][PASSED] - Statement - Checker = com.kms.katalon.core.webui.keyword.WebUiBuiltInKeywords.verifyElementHasAttribute(com.kms.katalon.core.testobject.ObjectRepository.findTestObject(Final Object Repo/Landing Page/BM Detecting), "href", 20, OPTIONAL): Object 'Object Repository/Final Object Repo/Landing Page/BM Detecting' has attribute 'href'

2018-12-17 14:34:40 - [MESSAGE][PASSED] - Object 'Object Repository/Final Object Repo/Landing Page/BM Detecting' has attribute 'href'

2018-12-17 14:34:40 - [TEST_STEP][PASSED] - Statement - out.println(Checker): null

2018-12-17 14:34:40 - [TEST_STEP][PASSED] - Statement - If (Checker == false): null

2018-12-17 14:34:40 - [TEST_STEP][PASSED] - Statement - Else: null

2018-12-17 14:34:40 - [TEST_STEP][PASSED] - delay: Delayed 2 second(s)

2018-12-17 14:34:42 - [MESSAGE][PASSED] - Delayed 2 second(s)

2018-12-17 14:34:42 - [TEST_STEP][PASSED] - click: Object: 'Object Repository/Final Object Repo/Page_MyASSIST - ASSIST - Search Pending Case For Add Supporting Document/Search Information' is clicked on

2018-12-17 14:34:43 - [MESSAGE][PASSED] - Object: 'Object Repository/Final Object Repo/Page_MyASSIST - ASSIST - Search Pending Case For Add Supporting Document/Search Information' is clicked on

2018-12-17 14:34:43 - [TEST_STEP][PASSED] - delay: Delayed 3 second(s)

2018-12-17 14:34:46 - [MESSAGE][PASSED] - Delayed 3 second(s)

2018-12-17 14:34:46 - [TEST_STEP][PASSED] - sendKeys: Keys 'ERN122018C200002463' sent to object: 'Object Repository/Final Object Repo/Page_MyASSIST - ASSIST - Search Pending Case For Add Supporting Document/Reference No'

2018-12-17 14:34:46 - [MESSAGE][PASSED] - Keys 'ERN122018C200002463' sent to object: 'Object Repository/Final Object Repo/Page_MyASSIST - ASSIST - Search Pending Case For Add Supporting Document/Reference No'

2018-12-17 14:34:46 - [TEST_STEP][PASSED] - click: Object: 'Object Repository/Final Object Repo/Page_MyASSIST - ASSIST - Search Pending Case For Add Supporting Document/Search Reference No' is clicked on

2018-12-17 14:34:46 - [MESSAGE][PASSED] - Object: 'Object Repository/Final Object Repo/Page_MyASSIST - ASSIST - Search Pending Case For Add Supporting Document/Search Reference No' is clicked on

2018-12-17 14:34:46 - [TEST_STEP][PASSED] - delay: Delayed 2 second(s)

2018-12-17 14:34:48 - [MESSAGE][PASSED] - Delayed 2 second(s)

2018-12-17 14:34:48 - [TEST_STEP][PASSED] - click: Object: 'Object Repository/Final Object Repo/Page_MyASSIST - ASSIST - Search Pending Case For Add Supporting Document/Continue' is clicked on

2018-12-17 14:34:52 - [MESSAGE][PASSED] - Object: 'Object Repository/Final Object Repo/Page_MyASSIST - ASSIST - Search Pending Case For Add Supporting Document/Continue' is clicked on

2018-12-17 14:34:52 - [TEST_STEP][PASSED] - delay: Delayed 20 second(s)

2018-12-17 14:35:12 - [MESSAGE][PASSED] - Delayed 20 second(s)

2018-12-17 14:35:12 - [MESSAGE][PASSED] - Call Test Case 'Test Cases/Final Aug 2018 - PKS Automation/Registration Module/Workflow/Login and Search Case For Workflow' successfully

2018-12-17 14:35:12 - [TEST_STEP][PASSED] - click: Object: 'Object Repository/Final Object Repo/Page_Form 3 EIS - Cessation as Employer/Page_Form 3 EIS - Cessation as Employer (Approve)/Save  Continue in Form 3 Page' is clicked on

2018-12-17 14:35:12 - [MESSAGE][PASSED] - Object: 'Object Repository/Final Object Repo/Page_Form 3 EIS - Cessation as Employer/Page_Form 3 EIS - Cessation as Employer (Approve)/Save  Continue in Form 3 Page' is clicked on

2018-12-17 14:35:12 - [TEST_STEP][PASSED] - delay: Delayed 2 second(s)

2018-12-17 14:35:14 - [MESSAGE][PASSED] - Delayed 2 second(s)

2018-12-17 14:35:14 - [TEST_STEP][PASSED] - click: Object: 'Object Repository/Final Object Repo/Page_Form 3 EIS - Cessation as Employer/Page_Form 3 EIS - Cessation as Employer (Approve)/Save  Continue in Resigned Page' is clicked on

2018-12-17 14:35:14 - [MESSAGE][PASSED] - Object: 'Object Repository/Final Object Repo/Page_Form 3 EIS - Cessation as Employer/Page_Form 3 EIS - Cessation as Employer (Approve)/Save  Continue in Resigned Page' is clicked on

2018-12-17 14:35:14 - [TEST_STEP][PASSED] - delay: Delayed 2 second(s)

2018-12-17 14:35:16 - [MESSAGE][PASSED] - Delayed 2 second(s)

2018-12-17 14:35:16 - [TEST_STEP][PASSED] - click: Object: 'Object Repository/Final Object Repo/Page_Form 3 EIS - Cessation as Employer/Page_Form 3 EIS - Cessation as Employer (Approve)/Save  Continue in Uploading Page' is clicked on

2018-12-17 14:35:17 - [MESSAGE][PASSED] - Object: 'Object Repository/Final Object Repo/Page_Form 3 EIS - Cessation as Employer/Page_Form 3 EIS - Cessation as Employer (Approve)/Save  Continue in Uploading Page' is clicked on

2018-12-17 14:35:17 - [TEST_STEP][PASSED] - delay: Delayed 2 second(s)

2018-12-17 14:35:19 - [MESSAGE][PASSED] - Delayed 2 second(s)

2018-12-17 14:35:19 - [TEST_STEP][PASSED] - click: Object: 'Object Repository/Final Object Repo/Page_Form 3 EIS - Cessation as Employer/Page_Form 3 EIS - Cessation as Employer (Under enforcement)/Underenforcement' is clicked on

2018-12-17 14:35:22 - [MESSAGE][PASSED] - Object: 'Object Repository/Final Object Repo/Page_Form 3 EIS - Cessation as Employer/Page_Form 3 EIS - Cessation as Employer (Under enforcement)/Underenforcement' is clicked on

2018-12-17 14:35:22 - [TEST_STEP][PASSED] - delay: Delayed 2 second(s)

2018-12-17 14:35:24 - [MESSAGE][PASSED] - Delayed 2 second(s)

2018-12-17 14:35:24 - [TEST_STEP][PASSED] - setText: Text 'Remark' is set on object 'Object Repository/Final Object Repo/Page_Form 3 EIS - Cessation as Employer/Page_Form 3 EIS - Cessation as Employer (Under enforcement)/Under enforcement - Remark'

2018-12-17 14:35:24 - [MESSAGE][PASSED] - Text 'Remark' is set on object 'Object Repository/Final Object Repo/Page_Form 3 EIS - Cessation as Employer/Page_Form 3 EIS - Cessation as Employer (Under enforcement)/Under enforcement - Remark'

2018-12-17 14:35:24 - [TEST_STEP][PASSED] - delay: Delayed 2 second(s)

2018-12-17 14:35:26 - [MESSAGE][PASSED] - Delayed 2 second(s)

2018-12-17 14:35:26 - [TEST_STEP][PASSED] - click: Object: 'Object Repository/Final Object Repo/Page_Form 3 EIS - Cessation as Employer/Page_Form 3 EIS - Cessation as Employer (Under enforcement)/Save  Continue in Under enforcement' is clicked on

2018-12-17 14:35:26 - [MESSAGE][PASSED] - Object: 'Object Repository/Final Object Repo/Page_Form 3 EIS - Cessation as Employer/Page_Form 3 EIS - Cessation as Employer (Under enforcement)/Save  Continue in Under enforcement' is clicked on

2018-12-17 14:35:26 - [TEST_STEP][PASSED] - doubleClick: Object: 'Object Repository/Final Object Repo/Page_Form 3 EIS - Cessation as Employer/Page_Form 3 EIS - Cessation as Employer (Under enforcement)/Message The case is under enforcement' is double clicked on

2018-12-17 14:35:31 - [MESSAGE][PASSED] - Object: 'Object Repository/Final Object Repo/Page_Form 3 EIS - Cessation as Employer/Page_Form 3 EIS - Cessation as Employer (Under enforcement)/Message The case is under enforcement' is double clicked on

2018-12-17 14:35:31 - [MESSAGE][PASSED] - Call Test Case 'Test Cases/Final Aug 2018 - PKS Automation/Registration Module/Workflow/Form 3 EIS - Cessation As Employer/Template/Form 3 A - Cessation As Employer (Under enforcement)' successfully]]></system-out>
         <system-err><![CDATA[]]></system-err>
      </testcase>
      <testcase name="Test Cases/Final Aug 2018 - PKS Automation/Registration Module/Workflow/Form 3 EIS - Cessation As Employer/OTC to UO (Approve)" classname="Test Cases/Final Aug 2018 - PKS Automation/Registration Module/Workflow/Form 3 EIS - Cessation As Employer/OTC to UO (Approve)" status="PASSED">
         <system-out><![CDATA[2018-12-17 14:35:31 - [TEST_CASE][PASSED] - Test Cases/Final Aug 2018 - PKS Automation/Registration Module/Workflow/Form 3 EIS - Cessation As Employer/OTC to UO (Approve): Test Cases/Final Aug 2018 - PKS Automation/Registration Module/Workflow/Form 3 EIS - Cessation As Employer/OTC to UO (Approve)

2018-12-17 14:35:31 - [TEST_STEP][PASSED] - callTestCase: Call Test Case 'Test Cases/Final Aug 2018 - PKS Automation/Registration Module/Workflow/Form 3 EIS - Cessation As Employer/Template/Form 3 A - Cessation As Employer (OTC)' successfully

2018-12-17 14:35:31 - [TEST_CASE][PASSED] - Test Cases/Final Aug 2018 - PKS Automation/Registration Module/Workflow/Form 3 EIS - Cessation As Employer/Template/Form 3 A - Cessation As Employer (OTC): Test Cases/Final Aug 2018 - PKS Automation/Registration Module/Workflow/Form 3 EIS - Cessation As Employer/Template/Form 3 A - Cessation As Employer (OTC)

2018-12-17 14:35:31 - [TEST_STEP][PASSED] - openBrowser: Browser is opened with url: ''

2018-12-17 14:35:31 - [MESSAGE][WARNING] - A browser is already opened. Closing browser and opening a new one

2018-12-17 14:35:34 - [MESSAGE][PASSED] - Browser is opened with url: ''

2018-12-17 14:35:34 - [TEST_STEP][PASSED] - navigateToUrl: Navigate to 'https://assist2-uat.perkeso.gov.my/login' successfully

2018-12-17 14:35:35 - [MESSAGE][PASSED] - Navigate to 'https://assist2-uat.perkeso.gov.my/login' successfully

2018-12-17 14:35:35 - [TEST_STEP][PASSED] - setText: Text 'johorotc1@gmail.com' is set on object 'Object Repository/Final Object Repo/Login Page/Internal User/Email Address'

2018-12-17 14:35:35 - [MESSAGE][PASSED] - Text 'johorotc1@gmail.com' is set on object 'Object Repository/Final Object Repo/Login Page/Internal User/Email Address'

2018-12-17 14:35:35 - [TEST_STEP][PASSED] - click: Object: 'Object Repository/Final Object Repo/Login Page/Internal User/Next Button' is clicked on

2018-12-17 14:35:36 - [MESSAGE][PASSED] - Object: 'Object Repository/Final Object Repo/Login Page/Internal User/Next Button' is clicked on

2018-12-17 14:35:36 - [TEST_STEP][PASSED] - delay: Delayed 1 second(s)

2018-12-17 14:35:37 - [MESSAGE][PASSED] - Delayed 1 second(s)

2018-12-17 14:35:37 - [TEST_STEP][PASSED] - setEncryptedText: Text ****** has been set on object 'Object Repository/Final Object Repo/Login Page/Internal User/Password'

2018-12-17 14:35:37 - [MESSAGE][PASSED] - Text ****** has been set on object 'Object Repository/Final Object Repo/Login Page/Internal User/Password'

2018-12-17 14:35:37 - [TEST_STEP][PASSED] - click: Object: 'Object Repository/Final Object Repo/Login Page/Internal User/Login Button' is clicked on

2018-12-17 14:35:37 - [MESSAGE][PASSED] - Object: 'Object Repository/Final Object Repo/Login Page/Internal User/Login Button' is clicked on

2018-12-17 14:35:37 - [TEST_STEP][PASSED] - delay: Delayed 1 second(s)

2018-12-17 14:35:38 - [MESSAGE][PASSED] - Delayed 1 second(s)

2018-12-17 14:35:38 - [TEST_STEP][PASSED] - Statement - Try: Delayed 2 second(s)

2018-12-17 14:35:38 - [TEST_STEP][PASSED] - Statement - Checker = false: null

2018-12-17 14:35:38 - [TEST_STEP][PASSED] - Statement - Checker = com.kms.katalon.core.webui.keyword.WebUiBuiltInKeywords.verifyElementHasAttribute(com.kms.katalon.core.testobject.ObjectRepository.findTestObject(Final Object Repo/Landing Page/BM Detecting), "href", 20, OPTIONAL): Object 'Object Repository/Final Object Repo/Landing Page/BM Detecting' has attribute 'href'

2018-12-17 14:35:39 - [MESSAGE][PASSED] - Object 'Object Repository/Final Object Repo/Landing Page/BM Detecting' has attribute 'href'

2018-12-17 14:35:39 - [TEST_STEP][PASSED] - Statement - out.println(Checker): null

2018-12-17 14:35:39 - [TEST_STEP][PASSED] - Statement - If (Checker == false): null

2018-12-17 14:35:39 - [TEST_STEP][PASSED] - Statement - Else: null

2018-12-17 14:35:39 - [TEST_STEP][PASSED] - delay: Delayed 2 second(s)

2018-12-17 14:35:41 - [MESSAGE][PASSED] - Delayed 2 second(s)

2018-12-17 14:35:41 - [TEST_STEP][PASSED] - navigateToUrl: Navigate to 'https://assist2-uat.perkeso.gov.my/web/registration/eis-update/form-3-eis-cessation-as-employer' successfully

2018-12-17 14:35:42 - [MESSAGE][PASSED] - Navigate to 'https://assist2-uat.perkeso.gov.my/web/registration/eis-update/form-3-eis-cessation-as-employer' successfully

2018-12-17 14:35:42 - [TEST_STEP][PASSED] - delay: Delayed 1 second(s)

2018-12-17 14:35:43 - [MESSAGE][PASSED] - Delayed 1 second(s)

2018-12-17 14:35:43 - [TEST_STEP][PASSED] - setText: Text 'E1102069769W' is set on object 'Object Repository/Final Object Repo/Page_Form 3 EIS - Cessation as Employer/Employer Code'

2018-12-17 14:35:44 - [MESSAGE][PASSED] - Text 'E1102069769W' is set on object 'Object Repository/Final Object Repo/Page_Form 3 EIS - Cessation as Employer/Employer Code'

2018-12-17 14:35:44 - [TEST_STEP][PASSED] - click: Object: 'Object Repository/Final Object Repo/Page_Form 3 EIS - Cessation as Employer/Search' is clicked on

2018-12-17 14:35:44 - [MESSAGE][PASSED] - Object: 'Object Repository/Final Object Repo/Page_Form 3 EIS - Cessation as Employer/Search' is clicked on

2018-12-17 14:35:44 - [TEST_STEP][PASSED] - click: Object: 'Object Repository/Final Object Repo/Page_Form 3 EIS - Cessation as Employer/Edit' is clicked on

2018-12-17 14:35:46 - [MESSAGE][PASSED] - Object: 'Object Repository/Final Object Repo/Page_Form 3 EIS - Cessation as Employer/Edit' is clicked on

2018-12-17 14:35:46 - [TEST_STEP][PASSED] - delay: Delayed 1 second(s)

2018-12-17 14:35:47 - [MESSAGE][PASSED] - Delayed 1 second(s)

2018-12-17 14:35:47 - [TEST_STEP][PASSED] - Statement - abc = com.kms.katalon.core.webui.keyword.WebUiBuiltInKeywords.getAttribute(com.kms.katalon.core.testobject.ObjectRepository.findTestObject(Final Object Repo/Page_Form 3 EIS - Cessation as Employer/Employer Status), "value"): Attribute 'value' of object 'Object Repository/Final Object Repo/Page_Form 3 EIS - Cessation as Employer/Employer Status' is: 'Active'

2018-12-17 14:35:47 - [MESSAGE][PASSED] - Attribute 'value' of object 'Object Repository/Final Object Repo/Page_Form 3 EIS - Cessation as Employer/Employer Status' is: 'Active'

2018-12-17 14:35:47 - [TEST_STEP][PASSED] - Statement - out.println(abc): null

2018-12-17 14:35:47 - [TEST_STEP][PASSED] - Statement - If (abc == "Active"): Object: 'Object Repository/Final Object Repo/Page_Form 3 EIS - Cessation as Employer/Dormant EIS' is clicked on

2018-12-17 14:35:47 - [TEST_STEP][PASSED] - click: Object: 'Object Repository/Final Object Repo/Page_Form 3 EIS - Cessation as Employer/Change Employer Status to' is clicked on

2018-12-17 14:35:48 - [MESSAGE][PASSED] - Object: 'Object Repository/Final Object Repo/Page_Form 3 EIS - Cessation as Employer/Change Employer Status to' is clicked on

2018-12-17 14:35:48 - [TEST_STEP][PASSED] - click: Object: 'Object Repository/Final Object Repo/Page_Form 3 EIS - Cessation as Employer/Dormant EIS' is clicked on

2018-12-17 14:35:48 - [MESSAGE][PASSED] - Object: 'Object Repository/Final Object Repo/Page_Form 3 EIS - Cessation as Employer/Dormant EIS' is clicked on

2018-12-17 14:35:48 - [TEST_STEP][PASSED] - click: Object: 'Object Repository/Final Object Repo/Page_Form 3 EIS - Cessation as Employer/Calender' is clicked on

2018-12-17 14:35:48 - [MESSAGE][PASSED] - Object: 'Object Repository/Final Object Repo/Page_Form 3 EIS - Cessation as Employer/Calender' is clicked on

2018-12-17 14:35:48 - [TEST_STEP][PASSED] - delay: Delayed 1 second(s)

2018-12-17 14:35:49 - [MESSAGE][PASSED] - Delayed 1 second(s)

2018-12-17 14:35:49 - [TEST_STEP][PASSED] - click: Object: 'Object Repository/Final Object Repo/Page_Form 3 EIS - Cessation as Employer/Calender - Date' is clicked on

2018-12-17 14:35:49 - [MESSAGE][PASSED] - Object: 'Object Repository/Final Object Repo/Page_Form 3 EIS - Cessation as Employer/Calender - Date' is clicked on

2018-12-17 14:35:49 - [TEST_STEP][PASSED] - click: Object: 'Object Repository/Final Object Repo/Page_Form 3 EIS - Cessation as Employer/Save  Continue in Form 3 EIS Page' is clicked on

2018-12-17 14:35:50 - [MESSAGE][PASSED] - Object: 'Object Repository/Final Object Repo/Page_Form 3 EIS - Cessation as Employer/Save  Continue in Form 3 EIS Page' is clicked on

2018-12-17 14:35:50 - [TEST_STEP][PASSED] - delay: Delayed 1 second(s)

2018-12-17 14:35:51 - [MESSAGE][PASSED] - Delayed 1 second(s)

2018-12-17 14:35:51 - [TEST_STEP][PASSED] - click: Object: 'Object Repository/Final Object Repo/Page_Form 3 EIS - Cessation as Employer/Employment Resign Date' is clicked on

2018-12-17 14:35:51 - [MESSAGE][PASSED] - Object: 'Object Repository/Final Object Repo/Page_Form 3 EIS - Cessation as Employer/Employment Resign Date' is clicked on

2018-12-17 14:35:51 - [TEST_STEP][PASSED] - selectOptionByValue: All options with value '2030' are selected in object 'Object Repository/Final Object Repo/Page_Form 3 EIS - Cessation as Employer/Employment Resign Date - Year' 

2018-12-17 14:35:52 - [MESSAGE][PASSED] - All options with value '2030' are selected in object 'Object Repository/Final Object Repo/Page_Form 3 EIS - Cessation as Employer/Employment Resign Date - Year' 

2018-12-17 14:35:52 - [TEST_STEP][PASSED] - delay: Delayed 2 second(s)

2018-12-17 14:35:54 - [MESSAGE][PASSED] - Delayed 2 second(s)

2018-12-17 14:35:54 - [TEST_STEP][PASSED] - click: Object: 'Object Repository/Final Object Repo/Page_Form 3 EIS - Cessation as Employer/Employment Resign Date - Year - Date' is clicked on

2018-12-17 14:35:54 - [MESSAGE][PASSED] - Object: 'Object Repository/Final Object Repo/Page_Form 3 EIS - Cessation as Employer/Employment Resign Date - Year - Date' is clicked on

2018-12-17 14:35:54 - [TEST_STEP][PASSED] - delay: Delayed 2 second(s)

2018-12-17 14:35:56 - [MESSAGE][PASSED] - Delayed 2 second(s)

2018-12-17 14:35:56 - [TEST_STEP][PASSED] - click: Object: 'Object Repository/Final Object Repo/Page_Form 3 EIS - Cessation as Employer/Save  Continue in Employment Resign Page' is clicked on

2018-12-17 14:35:56 - [MESSAGE][PASSED] - Object: 'Object Repository/Final Object Repo/Page_Form 3 EIS - Cessation as Employer/Save  Continue in Employment Resign Page' is clicked on

2018-12-17 14:35:56 - [TEST_STEP][PASSED] - delay: Delayed 2 second(s)

2018-12-17 14:35:58 - [MESSAGE][PASSED] - Delayed 2 second(s)

2018-12-17 14:35:58 - [TEST_STEP][PASSED] - click: Object: 'Object Repository/Final Object Repo/Page_Form 3 EIS - Cessation as Employer/Set Latest - Yes' is clicked on

2018-12-17 14:35:58 - [MESSAGE][PASSED] - Object: 'Object Repository/Final Object Repo/Page_Form 3 EIS - Cessation as Employer/Set Latest - Yes' is clicked on

2018-12-17 14:35:58 - [TEST_STEP][PASSED] - delay: Delayed 2 second(s)

2018-12-17 14:36:00 - [MESSAGE][PASSED] - Delayed 2 second(s)

2018-12-17 14:36:00 - [TEST_STEP][PASSED] - click: Object: 'Object Repository/Final Object Repo/Page_Form 3 EIS - Cessation as Employer/Add Document' is clicked on

2018-12-17 14:36:01 - [MESSAGE][PASSED] - Object: 'Object Repository/Final Object Repo/Page_Form 3 EIS - Cessation as Employer/Add Document' is clicked on

2018-12-17 14:36:01 - [TEST_STEP][PASSED] - delay: Delayed 3 second(s)

2018-12-17 14:36:04 - [MESSAGE][PASSED] - Delayed 3 second(s)

2018-12-17 14:36:04 - [TEST_STEP][PASSED] - click: Object: 'Object Repository/Final Object Repo/Page_Form 3 EIS - Cessation as Employer/Document Type' is clicked on

2018-12-17 14:36:05 - [MESSAGE][PASSED] - Object: 'Object Repository/Final Object Repo/Page_Form 3 EIS - Cessation as Employer/Document Type' is clicked on

2018-12-17 14:36:05 - [TEST_STEP][PASSED] - click: Object: 'Object Repository/Final Object Repo/Page_Form 3 EIS - Cessation as Employer/Document Type - Form 3' is clicked on

2018-12-17 14:36:05 - [MESSAGE][PASSED] - Object: 'Object Repository/Final Object Repo/Page_Form 3 EIS - Cessation as Employer/Document Type - Form 3' is clicked on

2018-12-17 14:36:05 - [TEST_STEP][PASSED] - delay: Delayed 2 second(s)

2018-12-17 14:36:07 - [MESSAGE][PASSED] - Delayed 2 second(s)

2018-12-17 14:36:07 - [TEST_STEP][PASSED] - sendKeys: Keys 'C:\Users\Public\Pictures\Sample Pictures\Koala.jpg' sent to object: 'Object Repository/Final Object Repo/Page_Form 3 EIS - Cessation as Employer/ploading File'

2018-12-17 14:36:07 - [MESSAGE][PASSED] - Keys 'C:\Users\Public\Pictures\Sample Pictures\Koala.jpg' sent to object: 'Object Repository/Final Object Repo/Page_Form 3 EIS - Cessation as Employer/ploading File'

2018-12-17 14:36:07 - [TEST_STEP][PASSED] - delay: Delayed 1 second(s)

2018-12-17 14:36:08 - [MESSAGE][PASSED] - Delayed 1 second(s)

2018-12-17 14:36:08 - [TEST_STEP][PASSED] - click: Object: 'Object Repository/Final Object Repo/Page_Form 3 EIS - Cessation as Employer/Add Document in Uploading Page' is clicked on

2018-12-17 14:36:08 - [MESSAGE][PASSED] - Object: 'Object Repository/Final Object Repo/Page_Form 3 EIS - Cessation as Employer/Add Document in Uploading Page' is clicked on

2018-12-17 14:36:08 - [TEST_STEP][PASSED] - delay: Delayed 2 second(s)

2018-12-17 14:36:10 - [MESSAGE][PASSED] - Delayed 2 second(s)

2018-12-17 14:36:10 - [TEST_STEP][PASSED] - Statement - CaseReferenceNo = com.kms.katalon.core.webui.keyword.WebUiBuiltInKeywords.getText(com.kms.katalon.core.testobject.ObjectRepository.findTestObject(Final Object Repo/Page_Update Employer Information/Reference Number in Update Employee Information Page)): Text of object 'Object Repository/Final Object Repo/Page_Update Employer Information/Reference Number in Update Employee Information Page' is: 'ERN122018C200002464'

2018-12-17 14:36:12 - [MESSAGE][PASSED] - Text of object 'Object Repository/Final Object Repo/Page_Update Employer Information/Reference Number in Update Employee Information Page' is: 'ERN122018C200002464'

2018-12-17 14:36:12 - [TEST_STEP][PASSED] - callTestCase: Call Test Case 'Test Cases/Final Aug 2018 - PKS Automation/Common/Reference Number Setter' successfully

2018-12-17 14:36:12 - [TEST_CASE][PASSED] - Test Cases/Final Aug 2018 - PKS Automation/Common/Reference Number Setter: Test Cases/Final Aug 2018 - PKS Automation/Common/Reference Number Setter

2018-12-17 14:36:12 - [TEST_STEP][PASSED] - Statement - RefNoOldFile = new java.io.File(C://Users//Admin//Desktop//PKS//Automation Reference Point//KatalonReference.txt): null

2018-12-17 14:36:12 - [TEST_STEP][PASSED] - Statement - RefNoOldFile.delete(): null

2018-12-17 14:36:12 - [TEST_STEP][PASSED] - delay: Delayed 5 second(s)

2018-12-17 14:36:17 - [MESSAGE][PASSED] - Delayed 5 second(s)

2018-12-17 14:36:17 - [TEST_STEP][PASSED] - Statement - RefNo = new java.io.File(C://Users//Admin//Desktop//PKS//Automation Reference Point//KatalonReference.txt): null

2018-12-17 14:36:17 - [TEST_STEP][PASSED] - Statement - f2 = new java.io.FileWriter(RefNo, false): null

2018-12-17 14:36:17 - [TEST_STEP][PASSED] - Statement - f2.write(CaseReferenceNo): null

2018-12-17 14:36:17 - [TEST_STEP][PASSED] - Statement - f2.close(): null

2018-12-17 14:36:17 - [TEST_STEP][PASSED] - Statement - out.println("


" + CaseReferenceNo + "


"): null

2018-12-17 14:36:17 - [MESSAGE][PASSED] - Call Test Case 'Test Cases/Final Aug 2018 - PKS Automation/Common/Reference Number Setter' successfully

2018-12-17 14:36:17 - [TEST_STEP][PASSED] - delay: Delayed 2 second(s)

2018-12-17 14:36:19 - [MESSAGE][PASSED] - Delayed 2 second(s)

2018-12-17 14:36:19 - [TEST_STEP][PASSED] - click: Object: 'Object Repository/Final Object Repo/Page_Form 3 EIS - Cessation as Employer/Save  Continue in Uploading Page' is clicked on

2018-12-17 14:36:19 - [MESSAGE][PASSED] - Object: 'Object Repository/Final Object Repo/Page_Form 3 EIS - Cessation as Employer/Save  Continue in Uploading Page' is clicked on

2018-12-17 14:36:19 - [TEST_STEP][PASSED] - delay: Delayed 2 second(s)

2018-12-17 14:36:21 - [MESSAGE][PASSED] - Delayed 2 second(s)

2018-12-17 14:36:21 - [TEST_STEP][PASSED] - click: Object: 'Object Repository/Final Object Repo/Page_Form 3 EIS - Cessation as Employer/Submit' is clicked on

2018-12-17 14:36:24 - [MESSAGE][PASSED] - Object: 'Object Repository/Final Object Repo/Page_Form 3 EIS - Cessation as Employer/Submit' is clicked on

2018-12-17 14:36:24 - [TEST_STEP][PASSED] - delay: Delayed 2 second(s)

2018-12-17 14:36:26 - [MESSAGE][PASSED] - Delayed 2 second(s)

2018-12-17 14:36:26 - [TEST_STEP][PASSED] - click: Object: 'Object Repository/Final Object Repo/Page_Form 3 EIS - Cessation as Employer/Confirm' is clicked on

2018-12-17 14:36:26 - [MESSAGE][PASSED] - Object: 'Object Repository/Final Object Repo/Page_Form 3 EIS - Cessation as Employer/Confirm' is clicked on

2018-12-17 14:36:26 - [TEST_STEP][PASSED] - delay: Delayed 2 second(s)

2018-12-17 14:36:28 - [MESSAGE][PASSED] - Delayed 2 second(s)

2018-12-17 14:36:28 - [TEST_STEP][PASSED] - click: Object: 'Object Repository/Final Object Repo/Page_Form 3 EIS - Cessation as Employer/Message Your Request will be routed to UO' is clicked on

2018-12-17 14:36:32 - [MESSAGE][PASSED] - Object: 'Object Repository/Final Object Repo/Page_Form 3 EIS - Cessation as Employer/Message Your Request will be routed to UO' is clicked on

2018-12-17 14:36:32 - [TEST_STEP][PASSED] - click: Object: 'Object Repository/Final Object Repo/Page_Form 3 EIS - Cessation as Employer/Letter of acknowledgement' is clicked on

2018-12-17 14:36:33 - [MESSAGE][PASSED] - Object: 'Object Repository/Final Object Repo/Page_Form 3 EIS - Cessation as Employer/Letter of acknowledgement' is clicked on

2018-12-17 14:36:33 - [MESSAGE][PASSED] - Call Test Case 'Test Cases/Final Aug 2018 - PKS Automation/Registration Module/Workflow/Form 3 EIS - Cessation As Employer/Template/Form 3 A - Cessation As Employer (OTC)' successfully

2018-12-17 14:36:33 - [TEST_STEP][PASSED] - callTestCase: Call Test Case 'Test Cases/Final Aug 2018 - PKS Automation/Registration Module/Workflow/Form 3 EIS - Cessation As Employer/Template/Form 3 A - Cessation As Employer (Approve)' successfully

2018-12-17 14:36:33 - [TEST_CASE][PASSED] - Test Cases/Final Aug 2018 - PKS Automation/Registration Module/Workflow/Form 3 EIS - Cessation As Employer/Template/Form 3 A - Cessation As Employer (Approve): Test Cases/Final Aug 2018 - PKS Automation/Registration Module/Workflow/Form 3 EIS - Cessation As Employer/Template/Form 3 A - Cessation As Employer (Approve)

2018-12-17 14:36:33 - [TEST_STEP][NOT_RUN] - callTestCase: NOT_RUN: callTestCase

2018-12-17 14:36:33 - [MESSAGE][NOT_RUN] - NOT_RUN: callTestCase

2018-12-17 14:36:33 - [TEST_STEP][PASSED] - delay: Delayed 1 second(s)

2018-12-17 14:36:34 - [MESSAGE][PASSED] - Delayed 1 second(s)

2018-12-17 14:36:34 - [TEST_STEP][PASSED] - navigateToUrl: Navigate to 'https://assist2-uat.perkeso.gov.my/c/portal/logout' successfully

2018-12-17 14:36:35 - [MESSAGE][PASSED] - Navigate to 'https://assist2-uat.perkeso.gov.my/c/portal/logout' successfully

2018-12-17 14:36:35 - [TEST_STEP][PASSED] - delay: Delayed 1 second(s)

2018-12-17 14:36:36 - [MESSAGE][PASSED] - Delayed 1 second(s)

2018-12-17 14:36:36 - [TEST_STEP][PASSED] - callTestCase: Call Test Case 'Test Cases/Final Aug 2018 - PKS Automation/Common/Reference Number Getter' successfully

2018-12-17 14:36:36 - [TEST_CASE][PASSED] - Test Cases/Final Aug 2018 - PKS Automation/Common/Reference Number Getter: Test Cases/Final Aug 2018 - PKS Automation/Common/Reference Number Getter

2018-12-17 14:36:36 - [TEST_STEP][PASSED] - Statement - Try: null

2018-12-17 14:36:36 - [TEST_STEP][PASSED] - Statement - RefNo = new java.io.File(C://Users//Admin//Desktop//PKS//Automation Reference Point//KatalonReference.txt): null

2018-12-17 14:36:36 - [TEST_STEP][PASSED] - Statement - bufferread = new java.io.BufferedReader(new java.io.FileReader(RefNo)): null

2018-12-17 14:36:36 - [TEST_STEP][PASSED] - Statement - readedVal = bufferread.readLine(): null

2018-12-17 14:36:36 - [TEST_STEP][PASSED] - Statement - out.println(CaseReferenceNo): null

2018-12-17 14:36:36 - [TEST_STEP][PASSED] - Statement - out.println(readedVal): null

2018-12-17 14:36:36 - [TEST_STEP][PASSED] - Statement - CaseReferenceNo = "": null

2018-12-17 14:36:36 - [TEST_STEP][PASSED] - Statement - CaseReferenceNo = readedVal: null

2018-12-17 14:36:36 - [MESSAGE][PASSED] - Call Test Case 'Test Cases/Final Aug 2018 - PKS Automation/Common/Reference Number Getter' successfully

2018-12-17 14:36:36 - [TEST_STEP][PASSED] - callTestCase: Call Test Case 'Test Cases/Final Aug 2018 - PKS Automation/Common/Workflow Owner Finder' successfully

2018-12-17 14:36:36 - [TEST_CASE][PASSED] - Test Cases/Final Aug 2018 - PKS Automation/Common/Workflow Owner Finder: Test Cases/Final Aug 2018 - PKS Automation/Common/Workflow Owner Finder

2018-12-17 14:36:36 - [TEST_STEP][PASSED] - openBrowser: Browser is opened with url: ''

2018-12-17 14:36:36 - [MESSAGE][WARNING] - A browser is already opened. Closing browser and opening a new one

2018-12-17 14:36:39 - [MESSAGE][PASSED] - Browser is opened with url: ''

2018-12-17 14:36:39 - [TEST_STEP][PASSED] - navigateToUrl: Navigate to 'https://assist2-uat.perkeso.gov.my/login' successfully

2018-12-17 14:36:40 - [MESSAGE][PASSED] - Navigate to 'https://assist2-uat.perkeso.gov.my/login' successfully

2018-12-17 14:36:40 - [TEST_STEP][PASSED] - delay: Delayed 5 second(s)

2018-12-17 14:36:45 - [MESSAGE][PASSED] - Delayed 5 second(s)

2018-12-17 14:36:45 - [TEST_STEP][PASSED] - setText: Text 'test@liferay.com' is set on object 'Object Repository/Final Object Repo/Login Page/Internal User/Email Address'

2018-12-17 14:36:45 - [MESSAGE][PASSED] - Text 'test@liferay.com' is set on object 'Object Repository/Final Object Repo/Login Page/Internal User/Email Address'

2018-12-17 14:36:45 - [TEST_STEP][PASSED] - click: Object: 'Object Repository/Final Object Repo/Login Page/Internal User/Next Button' is clicked on

2018-12-17 14:36:45 - [MESSAGE][PASSED] - Object: 'Object Repository/Final Object Repo/Login Page/Internal User/Next Button' is clicked on

2018-12-17 14:36:45 - [TEST_STEP][PASSED] - delay: Delayed 2 second(s)

2018-12-17 14:36:47 - [MESSAGE][PASSED] - Delayed 2 second(s)

2018-12-17 14:36:47 - [TEST_STEP][PASSED] - setText: Text 'test' is set on object 'Object Repository/Final Object Repo/Login Page/Internal User/Password'

2018-12-17 14:36:47 - [MESSAGE][PASSED] - Text 'test' is set on object 'Object Repository/Final Object Repo/Login Page/Internal User/Password'

2018-12-17 14:36:47 - [TEST_STEP][PASSED] - delay: Delayed 2 second(s)

2018-12-17 14:36:49 - [MESSAGE][PASSED] - Delayed 2 second(s)

2018-12-17 14:36:49 - [TEST_STEP][PASSED] - click: Object: 'Object Repository/Final Object Repo/Login Page/Internal User/Login Button' is clicked on

2018-12-17 14:36:50 - [MESSAGE][PASSED] - Object: 'Object Repository/Final Object Repo/Login Page/Internal User/Login Button' is clicked on

2018-12-17 14:36:50 - [TEST_STEP][PASSED] - Statement - tester = com.kms.katalon.core.testobject.ObjectRepository.findTestObject(Final Object Repo/Landing Page/Select to English): Finding Test Object with id 'Object Repository/Final Object Repo/Landing Page/Select to English'

2018-12-17 14:36:50 - [TEST_STEP][PASSED] - Statement - Try: Delayed 2 second(s)

2018-12-17 14:36:50 - [TEST_STEP][PASSED] - Statement - Checker = com.kms.katalon.core.webui.keyword.WebUiBuiltInKeywords.verifyElementNotPresent(tester, 3): Web element with id: 'Object Repository/Final Object Repo/Landing Page/Select to English' located by 'By.xpath: //a[@class = 'taglib-language-list-text' and @lang = 'en-US' and (contains(text(), 'EN') or contains(., 'EN'))]' is not present after '3' second(s)

2018-12-17 14:36:52 - [MESSAGE][PASSED] - Web element with id: 'Object Repository/Final Object Repo/Landing Page/Select to English' located by 'By.xpath: //a[@class = 'taglib-language-list-text' and @lang = 'en-US' and (contains(text(), 'EN') or contains(., 'EN'))]' is not present after '3' second(s)

2018-12-17 14:36:52 - [TEST_STEP][PASSED] - Statement - If (Checker == false): null

2018-12-17 14:36:52 - [TEST_STEP][PASSED] - delay: Delayed 2 second(s)

2018-12-17 14:36:54 - [MESSAGE][PASSED] - Delayed 2 second(s)

2018-12-17 14:36:54 - [TEST_STEP][PASSED] - delay: Delayed 5 second(s)

2018-12-17 14:36:59 - [MESSAGE][PASSED] - Delayed 5 second(s)

2018-12-17 14:36:59 - [TEST_STEP][PASSED] - mouseOver: Object: 'Object Repository/Final Object Repo/Landing Page/WorkFlow Menu' is hovered

2018-12-17 14:36:59 - [MESSAGE][PASSED] - Object: 'Object Repository/Final Object Repo/Landing Page/WorkFlow Menu' is hovered

2018-12-17 14:36:59 - [TEST_STEP][PASSED] - delay: Delayed 2 second(s)

2018-12-17 14:37:01 - [MESSAGE][PASSED] - Delayed 2 second(s)

2018-12-17 14:37:01 - [TEST_STEP][PASSED] - click: Object: 'Object Repository/Final Object Repo/Landing Page/Select to Workflow Listing' is clicked on

2018-12-17 14:37:02 - [MESSAGE][PASSED] - Object: 'Object Repository/Final Object Repo/Landing Page/Select to Workflow Listing' is clicked on

2018-12-17 14:37:02 - [TEST_STEP][PASSED] - delay: Delayed 2 second(s)

2018-12-17 14:37:04 - [MESSAGE][PASSED] - Delayed 2 second(s)

2018-12-17 14:37:04 - [TEST_STEP][PASSED] - click: Object: 'Object Repository/Final Object Repo/WorkFlow Listing Page/Search Information - To Put Ref No' is clicked on

2018-12-17 14:37:04 - [MESSAGE][PASSED] - Object: 'Object Repository/Final Object Repo/WorkFlow Listing Page/Search Information - To Put Ref No' is clicked on

2018-12-17 14:37:04 - [TEST_STEP][PASSED] - delay: Delayed 2 second(s)

2018-12-17 14:37:06 - [MESSAGE][PASSED] - Delayed 2 second(s)

2018-12-17 14:37:06 - [TEST_STEP][PASSED] - callTestCase: Call Test Case 'Test Cases/Final Aug 2018 - PKS Automation/Common/Reference Number Getter' successfully

2018-12-17 14:37:06 - [TEST_CASE][PASSED] - Test Cases/Final Aug 2018 - PKS Automation/Common/Reference Number Getter: Test Cases/Final Aug 2018 - PKS Automation/Common/Reference Number Getter

2018-12-17 14:37:06 - [TEST_STEP][PASSED] - Statement - Try: null

2018-12-17 14:37:06 - [TEST_STEP][PASSED] - Statement - RefNo = new java.io.File(C://Users//Admin//Desktop//PKS//Automation Reference Point//KatalonReference.txt): null

2018-12-17 14:37:06 - [TEST_STEP][PASSED] - Statement - bufferread = new java.io.BufferedReader(new java.io.FileReader(RefNo)): null

2018-12-17 14:37:06 - [TEST_STEP][PASSED] - Statement - readedVal = bufferread.readLine(): null

2018-12-17 14:37:06 - [TEST_STEP][PASSED] - Statement - out.println(CaseReferenceNo): null

2018-12-17 14:37:06 - [TEST_STEP][PASSED] - Statement - out.println(readedVal): null

2018-12-17 14:37:06 - [TEST_STEP][PASSED] - Statement - CaseReferenceNo = "": null

2018-12-17 14:37:06 - [TEST_STEP][PASSED] - Statement - CaseReferenceNo = readedVal: null

2018-12-17 14:37:06 - [MESSAGE][PASSED] - Call Test Case 'Test Cases/Final Aug 2018 - PKS Automation/Common/Reference Number Getter' successfully

2018-12-17 14:37:06 - [TEST_STEP][PASSED] - setText: Text 'ERN122018C200002464' is set on object 'Object Repository/Final Object Repo/WorkFlow Listing Page/Ref No Set Text'

2018-12-17 14:37:07 - [MESSAGE][PASSED] - Text 'ERN122018C200002464' is set on object 'Object Repository/Final Object Repo/WorkFlow Listing Page/Ref No Set Text'

2018-12-17 14:37:07 - [TEST_STEP][PASSED] - delay: Delayed 2 second(s)

2018-12-17 14:37:09 - [MESSAGE][PASSED] - Delayed 2 second(s)

2018-12-17 14:37:09 - [TEST_STEP][PASSED] - click: Object: 'Object Repository/Final Object Repo/WorkFlow Listing Page/Search Ref No Search Button' is clicked on

2018-12-17 14:37:09 - [MESSAGE][PASSED] - Object: 'Object Repository/Final Object Repo/WorkFlow Listing Page/Search Ref No Search Button' is clicked on

2018-12-17 14:37:09 - [TEST_STEP][PASSED] - delay: Delayed 6 second(s)

2018-12-17 14:37:15 - [MESSAGE][PASSED] - Delayed 6 second(s)

2018-12-17 14:37:15 - [TEST_STEP][PASSED] - click: Object: 'Object Repository/Final Object Repo/WorkFlow Listing Page/Click Continue Tooltip' is clicked on

2018-12-17 14:37:16 - [MESSAGE][PASSED] - Object: 'Object Repository/Final Object Repo/WorkFlow Listing Page/Click Continue Tooltip' is clicked on

2018-12-17 14:37:16 - [TEST_STEP][PASSED] - delay: Delayed 5 second(s)

2018-12-17 14:37:21 - [MESSAGE][PASSED] - Delayed 5 second(s)

2018-12-17 14:37:21 - [TEST_STEP][PASSED] - doubleClick: Object: 'Object Repository/Final Object Repo/WorkFlow Listing Page/Workflow Found - Listing 1' is double clicked on

2018-12-17 14:37:21 - [MESSAGE][PASSED] - Object: 'Object Repository/Final Object Repo/WorkFlow Listing Page/Workflow Found - Listing 1' is double clicked on

2018-12-17 14:37:21 - [TEST_STEP][PASSED] - Statement - println(OwnerID): null

2018-12-17 14:37:21 - [TEST_STEP][PASSED] - Statement - OwnerID = com.kms.katalon.core.webui.keyword.WebUiBuiltInKeywords.getText(com.kms.katalon.core.testobject.ObjectRepository.findTestObject(Final Object Repo/WorkFlow Listing Page/Workflow Found - Listing 1), STOP_ON_FAILURE): Text of object 'Object Repository/Final Object Repo/WorkFlow Listing Page/Workflow Found - Listing 1' is: 'JOHORuo3'

2018-12-17 14:37:21 - [MESSAGE][PASSED] - Text of object 'Object Repository/Final Object Repo/WorkFlow Listing Page/Workflow Found - Listing 1' is: 'JOHORuo3'

2018-12-17 14:37:21 - [TEST_STEP][PASSED] - Statement - OwnerID = OwnerID.toLowerCase() + "@gmail.com": null

2018-12-17 14:37:21 - [TEST_STEP][PASSED] - Statement - println(OwnerID): null

2018-12-17 14:37:21 - [TEST_STEP][PASSED] - delay: Delayed 2 second(s)

2018-12-17 14:37:23 - [MESSAGE][PASSED] - Delayed 2 second(s)

2018-12-17 14:37:23 - [MESSAGE][PASSED] - Call Test Case 'Test Cases/Final Aug 2018 - PKS Automation/Common/Workflow Owner Finder' successfully

2018-12-17 14:37:23 - [TEST_STEP][PASSED] - delay: Delayed 1 second(s)

2018-12-17 14:37:24 - [MESSAGE][PASSED] - Delayed 1 second(s)

2018-12-17 14:37:24 - [TEST_STEP][PASSED] - navigateToUrl: Navigate to 'https://assist2-uat.perkeso.gov.my/c/portal/logout' successfully

2018-12-17 14:37:25 - [MESSAGE][PASSED] - Navigate to 'https://assist2-uat.perkeso.gov.my/c/portal/logout' successfully

2018-12-17 14:37:25 - [TEST_STEP][PASSED] - delay: Delayed 1 second(s)

2018-12-17 14:37:26 - [MESSAGE][PASSED] - Delayed 1 second(s)

2018-12-17 14:37:26 - [TEST_STEP][PASSED] - callTestCase: Call Test Case 'Test Cases/Final Aug 2018 - PKS Automation/Registration Module/Workflow/Login and Search Case For Workflow' successfully

2018-12-17 14:37:26 - [TEST_CASE][PASSED] - Test Cases/Final Aug 2018 - PKS Automation/Registration Module/Workflow/Login and Search Case For Workflow: Test Cases/Final Aug 2018 - PKS Automation/Registration Module/Workflow/Login and Search Case For Workflow

2018-12-17 14:37:26 - [TEST_STEP][PASSED] - navigateToUrl: Navigate to 'https://assist2-uat.perkeso.gov.my/login' successfully

2018-12-17 14:37:27 - [MESSAGE][PASSED] - Navigate to 'https://assist2-uat.perkeso.gov.my/login' successfully

2018-12-17 14:37:27 - [TEST_STEP][PASSED] - setText: Text 'johoruo3@gmail.com' is set on object 'Object Repository/Final Object Repo/Login Page/Internal User/Email Address'

2018-12-17 14:37:27 - [MESSAGE][PASSED] - Text 'johoruo3@gmail.com' is set on object 'Object Repository/Final Object Repo/Login Page/Internal User/Email Address'

2018-12-17 14:37:27 - [TEST_STEP][PASSED] - click: Object: 'Object Repository/Final Object Repo/Login Page/Internal User/Next Button' is clicked on

2018-12-17 14:37:27 - [MESSAGE][PASSED] - Object: 'Object Repository/Final Object Repo/Login Page/Internal User/Next Button' is clicked on

2018-12-17 14:37:27 - [TEST_STEP][PASSED] - delay: Delayed 1 second(s)

2018-12-17 14:37:28 - [MESSAGE][PASSED] - Delayed 1 second(s)

2018-12-17 14:37:28 - [TEST_STEP][PASSED] - setEncryptedText: Text ****** has been set on object 'Object Repository/Final Object Repo/Login Page/Internal User/Password'

2018-12-17 14:37:29 - [MESSAGE][PASSED] - Text ****** has been set on object 'Object Repository/Final Object Repo/Login Page/Internal User/Password'

2018-12-17 14:37:29 - [TEST_STEP][PASSED] - click: Object: 'Object Repository/Final Object Repo/Login Page/Internal User/Login Button' is clicked on

2018-12-17 14:37:29 - [MESSAGE][PASSED] - Object: 'Object Repository/Final Object Repo/Login Page/Internal User/Login Button' is clicked on

2018-12-17 14:37:29 - [TEST_STEP][PASSED] - delay: Delayed 2 second(s)

2018-12-17 14:37:31 - [MESSAGE][PASSED] - Delayed 2 second(s)

2018-12-17 14:37:31 - [TEST_STEP][PASSED] - Statement - Try: Delayed 2 second(s)

2018-12-17 14:37:31 - [TEST_STEP][PASSED] - Statement - Checker = false: null

2018-12-17 14:37:31 - [TEST_STEP][PASSED] - Statement - Checker = com.kms.katalon.core.webui.keyword.WebUiBuiltInKeywords.verifyElementHasAttribute(com.kms.katalon.core.testobject.ObjectRepository.findTestObject(Final Object Repo/Landing Page/BM Detecting), "href", 20, OPTIONAL): Object 'Object Repository/Final Object Repo/Landing Page/BM Detecting' has attribute 'href'

2018-12-17 14:37:31 - [MESSAGE][PASSED] - Object 'Object Repository/Final Object Repo/Landing Page/BM Detecting' has attribute 'href'

2018-12-17 14:37:31 - [TEST_STEP][PASSED] - Statement - out.println(Checker): null

2018-12-17 14:37:31 - [TEST_STEP][PASSED] - Statement - If (Checker == false): null

2018-12-17 14:37:31 - [TEST_STEP][PASSED] - Statement - Else: null

2018-12-17 14:37:31 - [TEST_STEP][PASSED] - delay: Delayed 2 second(s)

2018-12-17 14:37:33 - [MESSAGE][PASSED] - Delayed 2 second(s)

2018-12-17 14:37:33 - [TEST_STEP][PASSED] - click: Object: 'Object Repository/Final Object Repo/Page_MyASSIST - ASSIST - Search Pending Case For Add Supporting Document/Search Information' is clicked on

2018-12-17 14:37:33 - [MESSAGE][PASSED] - Object: 'Object Repository/Final Object Repo/Page_MyASSIST - ASSIST - Search Pending Case For Add Supporting Document/Search Information' is clicked on

2018-12-17 14:37:33 - [TEST_STEP][PASSED] - delay: Delayed 3 second(s)

2018-12-17 14:37:36 - [MESSAGE][PASSED] - Delayed 3 second(s)

2018-12-17 14:37:36 - [TEST_STEP][PASSED] - sendKeys: Keys 'ERN122018C200002464' sent to object: 'Object Repository/Final Object Repo/Page_MyASSIST - ASSIST - Search Pending Case For Add Supporting Document/Reference No'

2018-12-17 14:37:36 - [MESSAGE][PASSED] - Keys 'ERN122018C200002464' sent to object: 'Object Repository/Final Object Repo/Page_MyASSIST - ASSIST - Search Pending Case For Add Supporting Document/Reference No'

2018-12-17 14:37:36 - [TEST_STEP][PASSED] - click: Object: 'Object Repository/Final Object Repo/Page_MyASSIST - ASSIST - Search Pending Case For Add Supporting Document/Search Reference No' is clicked on

2018-12-17 14:37:37 - [MESSAGE][PASSED] - Object: 'Object Repository/Final Object Repo/Page_MyASSIST - ASSIST - Search Pending Case For Add Supporting Document/Search Reference No' is clicked on

2018-12-17 14:37:37 - [TEST_STEP][PASSED] - delay: Delayed 2 second(s)

2018-12-17 14:37:39 - [MESSAGE][PASSED] - Delayed 2 second(s)

2018-12-17 14:37:39 - [TEST_STEP][PASSED] - click: Object: 'Object Repository/Final Object Repo/Page_MyASSIST - ASSIST - Search Pending Case For Add Supporting Document/Continue' is clicked on

2018-12-17 14:37:42 - [MESSAGE][PASSED] - Object: 'Object Repository/Final Object Repo/Page_MyASSIST - ASSIST - Search Pending Case For Add Supporting Document/Continue' is clicked on

2018-12-17 14:37:42 - [TEST_STEP][PASSED] - delay: Delayed 20 second(s)

2018-12-17 14:38:02 - [MESSAGE][PASSED] - Delayed 20 second(s)

2018-12-17 14:38:02 - [MESSAGE][PASSED] - Call Test Case 'Test Cases/Final Aug 2018 - PKS Automation/Registration Module/Workflow/Login and Search Case For Workflow' successfully

2018-12-17 14:38:02 - [TEST_STEP][PASSED] - click: Object: 'Object Repository/Final Object Repo/Page_Form 3 EIS - Cessation as Employer/Page_Form 3 EIS - Cessation as Employer (Approve)/Save  Continue in Form 3 Page' is clicked on

2018-12-17 14:38:02 - [MESSAGE][PASSED] - Object: 'Object Repository/Final Object Repo/Page_Form 3 EIS - Cessation as Employer/Page_Form 3 EIS - Cessation as Employer (Approve)/Save  Continue in Form 3 Page' is clicked on

2018-12-17 14:38:02 - [TEST_STEP][PASSED] - delay: Delayed 2 second(s)

2018-12-17 14:38:04 - [MESSAGE][PASSED] - Delayed 2 second(s)

2018-12-17 14:38:04 - [TEST_STEP][PASSED] - click: Object: 'Object Repository/Final Object Repo/Page_Form 3 EIS - Cessation as Employer/Page_Form 3 EIS - Cessation as Employer (Approve)/Save  Continue in Resigned Page' is clicked on

2018-12-17 14:38:04 - [MESSAGE][PASSED] - Object: 'Object Repository/Final Object Repo/Page_Form 3 EIS - Cessation as Employer/Page_Form 3 EIS - Cessation as Employer (Approve)/Save  Continue in Resigned Page' is clicked on

2018-12-17 14:38:04 - [TEST_STEP][PASSED] - delay: Delayed 2 second(s)

2018-12-17 14:38:06 - [MESSAGE][PASSED] - Delayed 2 second(s)

2018-12-17 14:38:06 - [TEST_STEP][PASSED] - click: Object: 'Object Repository/Final Object Repo/Page_Form 3 EIS - Cessation as Employer/Page_Form 3 EIS - Cessation as Employer (Approve)/Save  Continue in Uploading Page' is clicked on

2018-12-17 14:38:08 - [MESSAGE][PASSED] - Object: 'Object Repository/Final Object Repo/Page_Form 3 EIS - Cessation as Employer/Page_Form 3 EIS - Cessation as Employer (Approve)/Save  Continue in Uploading Page' is clicked on

2018-12-17 14:38:08 - [TEST_STEP][PASSED] - delay: Delayed 2 second(s)

2018-12-17 14:38:10 - [MESSAGE][PASSED] - Delayed 2 second(s)

2018-12-17 14:38:10 - [TEST_STEP][PASSED] - click: Object: 'Object Repository/Final Object Repo/Page_Form 3 EIS - Cessation as Employer/Page_Form 3 EIS - Cessation as Employer (Approve)/Approve' is clicked on

2018-12-17 14:38:13 - [MESSAGE][PASSED] - Object: 'Object Repository/Final Object Repo/Page_Form 3 EIS - Cessation as Employer/Page_Form 3 EIS - Cessation as Employer (Approve)/Approve' is clicked on

2018-12-17 14:38:13 - [TEST_STEP][PASSED] - delay: Delayed 2 second(s)

2018-12-17 14:38:15 - [MESSAGE][PASSED] - Delayed 2 second(s)

2018-12-17 14:38:15 - [TEST_STEP][PASSED] - click: Object: 'Object Repository/Final Object Repo/Page_Form 3 EIS - Cessation as Employer/Page_Form 3 EIS - Cessation as Employer (Approve)/Confirm' is clicked on

2018-12-17 14:38:15 - [MESSAGE][PASSED] - Object: 'Object Repository/Final Object Repo/Page_Form 3 EIS - Cessation as Employer/Page_Form 3 EIS - Cessation as Employer (Approve)/Confirm' is clicked on

2018-12-17 14:38:15 - [TEST_STEP][PASSED] - delay: Delayed 2 second(s)

2018-12-17 14:38:17 - [MESSAGE][PASSED] - Delayed 2 second(s)

2018-12-17 14:38:17 - [TEST_STEP][PASSED] - click: Object: 'Object Repository/Final Object Repo/Page_Form 3 EIS - Cessation as Employer/Page_Form 3 EIS - Cessation as Employer (Approve)/Message Your Request    Form 3 EIS' is clicked on

2018-12-17 14:38:22 - [MESSAGE][PASSED] - Object: 'Object Repository/Final Object Repo/Page_Form 3 EIS - Cessation as Employer/Page_Form 3 EIS - Cessation as Employer (Approve)/Message Your Request    Form 3 EIS' is clicked on

2018-12-17 14:38:22 - [TEST_STEP][PASSED] - click: Object: 'Object Repository/Final Object Repo/Page_Form 3 EIS - Cessation as Employer/Page_Form 3 EIS - Cessation as Employer (Approve)/Letter of successful update' is clicked on

2018-12-17 14:38:23 - [MESSAGE][PASSED] - Object: 'Object Repository/Final Object Repo/Page_Form 3 EIS - Cessation as Employer/Page_Form 3 EIS - Cessation as Employer (Approve)/Letter of successful update' is clicked on

2018-12-17 14:38:23 - [MESSAGE][PASSED] - Call Test Case 'Test Cases/Final Aug 2018 - PKS Automation/Registration Module/Workflow/Form 3 EIS - Cessation As Employer/Template/Form 3 A - Cessation As Employer (Approve)' successfully]]></system-out>
         <system-err><![CDATA[]]></system-err>
      </testcase>
      <testcase name="Test Cases/Final Aug 2018 - PKS Automation/Registration Module/Workflow/Form 3 EIS - Cessation As Employer/OTC to UO (Query)" classname="Test Cases/Final Aug 2018 - PKS Automation/Registration Module/Workflow/Form 3 EIS - Cessation As Employer/OTC to UO (Query)" status="FAILED">
         <failure type="FAILED" message="(Stack trace: com.kms.katalon.core.exception.StepFailedException: Unable to click on object 'Object Repository/Final Object Repo/Page_Form 3 EIS - Cessation as Employer/Page_Form 3 EIS - Cessation as Employer (Query - OTC - UO)/Next' (Root cause: com.kms.katalon.core.webui.exception.WebElementNotFoundException: Web element with id: 'Object Repository/Final Object Repo/Page_Form 3 EIS - Cessation as Employer/Page_Form 3 EIS - Cessation as Employer (Query - OTC - UO)/Next' located by 'By.xpath: //a[(contains(text(), 'NEXT') or contains(., 'NEXT'))]' not found)
	at com.kms.katalon.core.keyword.internal.KeywordMain.stepFailed(KeywordMain.groovy:32)
	at com.kms.katalon.core.webui.keyword.internal.WebUIKeywordMain.stepFailed(WebUIKeywordMain.groovy:65)
	at com.kms.katalon.core.webui.keyword.internal.WebUIKeywordMain.runKeyword(WebUIKeywordMain.groovy:27)
	at com.kms.katalon.core.webui.keyword.builtin.ClickKeyword.click(ClickKeyword.groovy:86)
	at com.kms.katalon.core.webui.keyword.builtin.ClickKeyword.execute(ClickKeyword.groovy:67)
	at com.kms.katalon.core.keyword.internal.KeywordExecutor.executeKeywordForPlatform(KeywordExecutor.groovy:53)
	at com.kms.katalon.core.webui.keyword.WebUiBuiltInKeywords.click(WebUiBuiltInKeywords.groovy:616)
	at com.kms.katalon.core.webui.keyword.WebUiBuiltInKeywords$click$2.call(Unknown Source)
	at Script1536114876563.run(Script1536114876563.groovy:87)
	at com.kms.katalon.core.main.ScriptEngine.run(ScriptEngine.java:183)
	at com.kms.katalon.core.main.ScriptEngine.runScriptAsRawText(ScriptEngine.java:108)
	at com.kms.katalon.core.main.TestCaseExecutor.runScript(TestCaseExecutor.java:294)
	at com.kms.katalon.core.main.TestCaseExecutor.doExecute(TestCaseExecutor.java:285)
	at com.kms.katalon.core.main.TestCaseExecutor.processExecutionPhase(TestCaseExecutor.java:264)
	at com.kms.katalon.core.main.TestCaseExecutor.accessMainPhase(TestCaseExecutor.java:256)
	at com.kms.katalon.core.main.TestCaseExecutor.execute(TestCaseExecutor.java:200)
	at com.kms.katalon.core.main.TestCaseMain.runTestCase(TestCaseMain.java:99)
	at com.kms.katalon.core.keyword.builtin.CallTestCaseKeyword$_callTestCase_closure1.doCall(CallTestCaseKeyword.groovy:60)
	at com.kms.katalon.core.keyword.builtin.CallTestCaseKeyword$_callTestCase_closure1.call(CallTestCaseKeyword.groovy)
	at com.kms.katalon.core.keyword.internal.KeywordMain.runKeyword(KeywordMain.groovy:54)
	at com.kms.katalon.core.keyword.builtin.CallTestCaseKeyword.callTestCase(CallTestCaseKeyword.groovy:81)
	at com.kms.katalon.core.keyword.builtin.CallTestCaseKeyword.execute(CallTestCaseKeyword.groovy:45)
	at com.kms.katalon.core.keyword.internal.KeywordExecutor.executeKeywordForPlatform(KeywordExecutor.groovy:53)
	at com.kms.katalon.core.keyword.BuiltinKeywords.callTestCase(BuiltinKeywords.groovy:334)
	at sun.reflect.GeneratedMethodAccessor13.invoke(Unknown Source)
	at sun.reflect.DelegatingMethodAccessorImpl.invoke(DelegatingMethodAccessorImpl.java:43)
	at java.lang.reflect.Method.invoke(Method.java:498)
	at org.codehaus.groovy.reflection.CachedMethod.invoke(CachedMethod.java:93)
	at groovy.lang.MetaMethod.doMethodInvoke(MetaMethod.java:325)
	at groovy.lang.MetaClassImpl.invokeStaticMethod(MetaClassImpl.java:1469)
	at org.codehaus.groovy.runtime.callsite.StaticMetaClassSite.call(StaticMetaClassSite.java:53)
	at org.codehaus.groovy.runtime.callsite.CallSiteArray.defaultCall(CallSiteArray.java:48)
	at org.codehaus.groovy.runtime.callsite.AbstractCallSite.call(AbstractCallSite.java:113)
	at org.codehaus.groovy.runtime.callsite.AbstractCallSite.call(AbstractCallSite.java:141)
	at Script1536204253481.run(Script1536204253481.groovy:25)
	at com.kms.katalon.core.main.ScriptEngine.run(ScriptEngine.java:183)
	at com.kms.katalon.core.main.ScriptEngine.runScriptAsRawText(ScriptEngine.java:108)
	at com.kms.katalon.core.main.TestCaseExecutor.runScript(TestCaseExecutor.java:294)
	at com.kms.katalon.core.main.TestCaseExecutor.doExecute(TestCaseExecutor.java:285)
	at com.kms.katalon.core.main.TestCaseExecutor.processExecutionPhase(TestCaseExecutor.java:264)
	at com.kms.katalon.core.main.TestCaseExecutor.accessMainPhase(TestCaseExecutor.java:256)
	at com.kms.katalon.core.main.TestCaseExecutor.execute(TestCaseExecutor.java:200)
	at com.kms.katalon.core.main.TestSuiteExecutor.accessTestCaseMainPhase(TestSuiteExecutor.java:129)
	at com.kms.katalon.core.main.TestSuiteExecutor.accessTestSuiteMainPhase(TestSuiteExecutor.java:112)
	at com.kms.katalon.core.main.TestSuiteExecutor.execute(TestSuiteExecutor.java:81)
	at com.kms.katalon.core.main.TestCaseMain.startTestSuite(TestCaseMain.java:142)
	at com.kms.katalon.core.main.TestCaseMain$startTestSuite$0.call(Unknown Source)
	at org.codehaus.groovy.runtime.callsite.CallSiteArray.defaultCall(CallSiteArray.java:48)
	at org.codehaus.groovy.runtime.callsite.AbstractCallSite.call(AbstractCallSite.java:113)
	at org.codehaus.groovy.runtime.callsite.AbstractCallSite.call(AbstractCallSite.java:141)
	at TempTestSuite1545026672972.run(TempTestSuite1545026672972.groovy:36)
	at groovy.lang.GroovyShell.runScriptOrMainOrTestOrRunnable(GroovyShell.java:263)
	at groovy.lang.GroovyShell.run(GroovyShell.java:518)
	at groovy.lang.GroovyShell.run(GroovyShell.java:507)
	at groovy.ui.GroovyMain.processOnce(GroovyMain.java:653)
	at groovy.ui.GroovyMain.run(GroovyMain.java:384)
	at groovy.ui.GroovyMain.process(GroovyMain.java:370)
	at groovy.ui.GroovyMain.processArgs(GroovyMain.java:129)
	at groovy.ui.GroovyMain.main(GroovyMain.java:109)
	at sun.reflect.NativeMethodAccessorImpl.invoke0(Native Method)
	at sun.reflect.NativeMethodAccessorImpl.invoke(NativeMethodAccessorImpl.java:62)
	at sun.reflect.DelegatingMethodAccessorImpl.invoke(DelegatingMethodAccessorImpl.java:43)
	at java.lang.reflect.Method.invoke(Method.java:498)
	at org.codehaus.groovy.tools.GroovyStarter.rootLoader(GroovyStarter.java:109)
	at org.codehaus.groovy.tools.GroovyStarter.main(GroovyStarter.java:131)
)"/>
         <system-out><![CDATA[2018-12-17 14:38:23 - [TEST_CASE][FAILED] - Test Cases/Final Aug 2018 - PKS Automation/Registration Module/Workflow/Form 3 EIS - Cessation As Employer/OTC to UO (Query): Test Cases/Final Aug 2018 - PKS Automation/Registration Module/Workflow/Form 3 EIS - Cessation As Employer/OTC to UO (Query) FAILED because (of) (Stack trace: com.kms.katalon.core.exception.StepFailedException: Unable to click on object 'Object Repository/Final Object Repo/Page_Form 3 EIS - Cessation as Employer/Page_Form 3 EIS - Cessation as Employer (Query - OTC - UO)/Next' (Root cause: com.kms.katalon.core.webui.exception.WebElementNotFoundException: Web element with id: 'Object Repository/Final Object Repo/Page_Form 3 EIS - Cessation as Employer/Page_Form 3 EIS - Cessation as Employer (Query - OTC - UO)/Next' located by 'By.xpath: //a[(contains(text(), 'NEXT') or contains(., 'NEXT'))]' not found)
	at com.kms.katalon.core.keyword.internal.KeywordMain.stepFailed(KeywordMain.groovy:32)
	at com.kms.katalon.core.webui.keyword.internal.WebUIKeywordMain.stepFailed(WebUIKeywordMain.groovy:65)
	at com.kms.katalon.core.webui.keyword.internal.WebUIKeywordMain.runKeyword(WebUIKeywordMain.groovy:27)
	at com.kms.katalon.core.webui.keyword.builtin.ClickKeyword.click(ClickKeyword.groovy:86)
	at com.kms.katalon.core.webui.keyword.builtin.ClickKeyword.execute(ClickKeyword.groovy:67)
	at com.kms.katalon.core.keyword.internal.KeywordExecutor.executeKeywordForPlatform(KeywordExecutor.groovy:53)
	at com.kms.katalon.core.webui.keyword.WebUiBuiltInKeywords.click(WebUiBuiltInKeywords.groovy:616)
	at com.kms.katalon.core.webui.keyword.WebUiBuiltInKeywords$click$2.call(Unknown Source)
	at Script1536114876563.run(Script1536114876563.groovy:87)
	at com.kms.katalon.core.main.ScriptEngine.run(ScriptEngine.java:183)
	at com.kms.katalon.core.main.ScriptEngine.runScriptAsRawText(ScriptEngine.java:108)
	at com.kms.katalon.core.main.TestCaseExecutor.runScript(TestCaseExecutor.java:294)
	at com.kms.katalon.core.main.TestCaseExecutor.doExecute(TestCaseExecutor.java:285)
	at com.kms.katalon.core.main.TestCaseExecutor.processExecutionPhase(TestCaseExecutor.java:264)
	at com.kms.katalon.core.main.TestCaseExecutor.accessMainPhase(TestCaseExecutor.java:256)
	at com.kms.katalon.core.main.TestCaseExecutor.execute(TestCaseExecutor.java:200)
	at com.kms.katalon.core.main.TestCaseMain.runTestCase(TestCaseMain.java:99)
	at com.kms.katalon.core.keyword.builtin.CallTestCaseKeyword$_callTestCase_closure1.doCall(CallTestCaseKeyword.groovy:60)
	at com.kms.katalon.core.keyword.builtin.CallTestCaseKeyword$_callTestCase_closure1.call(CallTestCaseKeyword.groovy)
	at com.kms.katalon.core.keyword.internal.KeywordMain.runKeyword(KeywordMain.groovy:54)
	at com.kms.katalon.core.keyword.builtin.CallTestCaseKeyword.callTestCase(CallTestCaseKeyword.groovy:81)
	at com.kms.katalon.core.keyword.builtin.CallTestCaseKeyword.execute(CallTestCaseKeyword.groovy:45)
	at com.kms.katalon.core.keyword.internal.KeywordExecutor.executeKeywordForPlatform(KeywordExecutor.groovy:53)
	at com.kms.katalon.core.keyword.BuiltinKeywords.callTestCase(BuiltinKeywords.groovy:334)
	at sun.reflect.GeneratedMethodAccessor13.invoke(Unknown Source)
	at sun.reflect.DelegatingMethodAccessorImpl.invoke(DelegatingMethodAccessorImpl.java:43)
	at java.lang.reflect.Method.invoke(Method.java:498)
	at org.codehaus.groovy.reflection.CachedMethod.invoke(CachedMethod.java:93)
	at groovy.lang.MetaMethod.doMethodInvoke(MetaMethod.java:325)
	at groovy.lang.MetaClassImpl.invokeStaticMethod(MetaClassImpl.java:1469)
	at org.codehaus.groovy.runtime.callsite.StaticMetaClassSite.call(StaticMetaClassSite.java:53)
	at org.codehaus.groovy.runtime.callsite.CallSiteArray.defaultCall(CallSiteArray.java:48)
	at org.codehaus.groovy.runtime.callsite.AbstractCallSite.call(AbstractCallSite.java:113)
	at org.codehaus.groovy.runtime.callsite.AbstractCallSite.call(AbstractCallSite.java:141)
	at Script1536204253481.run(Script1536204253481.groovy:25)
	at com.kms.katalon.core.main.ScriptEngine.run(ScriptEngine.java:183)
	at com.kms.katalon.core.main.ScriptEngine.runScriptAsRawText(ScriptEngine.java:108)
	at com.kms.katalon.core.main.TestCaseExecutor.runScript(TestCaseExecutor.java:294)
	at com.kms.katalon.core.main.TestCaseExecutor.doExecute(TestCaseExecutor.java:285)
	at com.kms.katalon.core.main.TestCaseExecutor.processExecutionPhase(TestCaseExecutor.java:264)
	at com.kms.katalon.core.main.TestCaseExecutor.accessMainPhase(TestCaseExecutor.java:256)
	at com.kms.katalon.core.main.TestCaseExecutor.execute(TestCaseExecutor.java:200)
	at com.kms.katalon.core.main.TestSuiteExecutor.accessTestCaseMainPhase(TestSuiteExecutor.java:129)
	at com.kms.katalon.core.main.TestSuiteExecutor.accessTestSuiteMainPhase(TestSuiteExecutor.java:112)
	at com.kms.katalon.core.main.TestSuiteExecutor.execute(TestSuiteExecutor.java:81)
	at com.kms.katalon.core.main.TestCaseMain.startTestSuite(TestCaseMain.java:142)
	at com.kms.katalon.core.main.TestCaseMain$startTestSuite$0.call(Unknown Source)
	at org.codehaus.groovy.runtime.callsite.CallSiteArray.defaultCall(CallSiteArray.java:48)
	at org.codehaus.groovy.runtime.callsite.AbstractCallSite.call(AbstractCallSite.java:113)
	at org.codehaus.groovy.runtime.callsite.AbstractCallSite.call(AbstractCallSite.java:141)
	at TempTestSuite1545026672972.run(TempTestSuite1545026672972.groovy:36)
	at groovy.lang.GroovyShell.runScriptOrMainOrTestOrRunnable(GroovyShell.java:263)
	at groovy.lang.GroovyShell.run(GroovyShell.java:518)
	at groovy.lang.GroovyShell.run(GroovyShell.java:507)
	at groovy.ui.GroovyMain.processOnce(GroovyMain.java:653)
	at groovy.ui.GroovyMain.run(GroovyMain.java:384)
	at groovy.ui.GroovyMain.process(GroovyMain.java:370)
	at groovy.ui.GroovyMain.processArgs(GroovyMain.java:129)
	at groovy.ui.GroovyMain.main(GroovyMain.java:109)
	at sun.reflect.NativeMethodAccessorImpl.invoke0(Native Method)
	at sun.reflect.NativeMethodAccessorImpl.invoke(NativeMethodAccessorImpl.java:62)
	at sun.reflect.DelegatingMethodAccessorImpl.invoke(DelegatingMethodAccessorImpl.java:43)
	at java.lang.reflect.Method.invoke(Method.java:498)
	at org.codehaus.groovy.tools.GroovyStarter.rootLoader(GroovyStarter.java:109)
	at org.codehaus.groovy.tools.GroovyStarter.main(GroovyStarter.java:131)
)

2018-12-17 14:38:23 - [TEST_STEP][PASSED] - callTestCase: Call Test Case 'Test Cases/Final Aug 2018 - PKS Automation/Registration Module/Workflow/Form 3 EIS - Cessation As Employer/Template/Form 3 A - Cessation As Employer (OTC)' successfully

2018-12-17 14:38:23 - [TEST_CASE][PASSED] - Test Cases/Final Aug 2018 - PKS Automation/Registration Module/Workflow/Form 3 EIS - Cessation As Employer/Template/Form 3 A - Cessation As Employer (OTC): Test Cases/Final Aug 2018 - PKS Automation/Registration Module/Workflow/Form 3 EIS - Cessation As Employer/Template/Form 3 A - Cessation As Employer (OTC)

2018-12-17 14:38:23 - [TEST_STEP][PASSED] - openBrowser: Browser is opened with url: ''

2018-12-17 14:38:23 - [MESSAGE][WARNING] - A browser is already opened. Closing browser and opening a new one

2018-12-17 14:38:26 - [MESSAGE][PASSED] - Browser is opened with url: ''

2018-12-17 14:38:26 - [TEST_STEP][PASSED] - navigateToUrl: Navigate to 'https://assist2-uat.perkeso.gov.my/login' successfully

2018-12-17 14:38:27 - [MESSAGE][PASSED] - Navigate to 'https://assist2-uat.perkeso.gov.my/login' successfully

2018-12-17 14:38:27 - [TEST_STEP][PASSED] - setText: Text 'johorotc1@gmail.com' is set on object 'Object Repository/Final Object Repo/Login Page/Internal User/Email Address'

2018-12-17 14:38:27 - [MESSAGE][PASSED] - Text 'johorotc1@gmail.com' is set on object 'Object Repository/Final Object Repo/Login Page/Internal User/Email Address'

2018-12-17 14:38:27 - [TEST_STEP][PASSED] - click: Object: 'Object Repository/Final Object Repo/Login Page/Internal User/Next Button' is clicked on

2018-12-17 14:38:28 - [MESSAGE][PASSED] - Object: 'Object Repository/Final Object Repo/Login Page/Internal User/Next Button' is clicked on

2018-12-17 14:38:28 - [TEST_STEP][PASSED] - delay: Delayed 1 second(s)

2018-12-17 14:38:29 - [MESSAGE][PASSED] - Delayed 1 second(s)

2018-12-17 14:38:29 - [TEST_STEP][PASSED] - setEncryptedText: Text ****** has been set on object 'Object Repository/Final Object Repo/Login Page/Internal User/Password'

2018-12-17 14:38:29 - [MESSAGE][PASSED] - Text ****** has been set on object 'Object Repository/Final Object Repo/Login Page/Internal User/Password'

2018-12-17 14:38:29 - [TEST_STEP][PASSED] - click: Object: 'Object Repository/Final Object Repo/Login Page/Internal User/Login Button' is clicked on

2018-12-17 14:38:29 - [MESSAGE][PASSED] - Object: 'Object Repository/Final Object Repo/Login Page/Internal User/Login Button' is clicked on

2018-12-17 14:38:29 - [TEST_STEP][PASSED] - delay: Delayed 1 second(s)

2018-12-17 14:38:30 - [MESSAGE][PASSED] - Delayed 1 second(s)

2018-12-17 14:38:30 - [TEST_STEP][PASSED] - Statement - Try: Delayed 2 second(s)

2018-12-17 14:38:30 - [TEST_STEP][PASSED] - Statement - Checker = false: null

2018-12-17 14:38:30 - [TEST_STEP][PASSED] - Statement - Checker = com.kms.katalon.core.webui.keyword.WebUiBuiltInKeywords.verifyElementHasAttribute(com.kms.katalon.core.testobject.ObjectRepository.findTestObject(Final Object Repo/Landing Page/BM Detecting), "href", 20, OPTIONAL): Object 'Object Repository/Final Object Repo/Landing Page/BM Detecting' has attribute 'href'

2018-12-17 14:38:31 - [MESSAGE][PASSED] - Object 'Object Repository/Final Object Repo/Landing Page/BM Detecting' has attribute 'href'

2018-12-17 14:38:31 - [TEST_STEP][PASSED] - Statement - out.println(Checker): null

2018-12-17 14:38:31 - [TEST_STEP][PASSED] - Statement - If (Checker == false): null

2018-12-17 14:38:31 - [TEST_STEP][PASSED] - Statement - Else: null

2018-12-17 14:38:31 - [TEST_STEP][PASSED] - delay: Delayed 2 second(s)

2018-12-17 14:38:33 - [MESSAGE][PASSED] - Delayed 2 second(s)

2018-12-17 14:38:33 - [TEST_STEP][PASSED] - navigateToUrl: Navigate to 'https://assist2-uat.perkeso.gov.my/web/registration/eis-update/form-3-eis-cessation-as-employer' successfully

2018-12-17 14:38:34 - [MESSAGE][PASSED] - Navigate to 'https://assist2-uat.perkeso.gov.my/web/registration/eis-update/form-3-eis-cessation-as-employer' successfully

2018-12-17 14:38:34 - [TEST_STEP][PASSED] - delay: Delayed 1 second(s)

2018-12-17 14:38:35 - [MESSAGE][PASSED] - Delayed 1 second(s)

2018-12-17 14:38:35 - [TEST_STEP][PASSED] - setText: Text 'E1102069769W' is set on object 'Object Repository/Final Object Repo/Page_Form 3 EIS - Cessation as Employer/Employer Code'

2018-12-17 14:38:35 - [MESSAGE][PASSED] - Text 'E1102069769W' is set on object 'Object Repository/Final Object Repo/Page_Form 3 EIS - Cessation as Employer/Employer Code'

2018-12-17 14:38:35 - [TEST_STEP][PASSED] - click: Object: 'Object Repository/Final Object Repo/Page_Form 3 EIS - Cessation as Employer/Search' is clicked on

2018-12-17 14:38:36 - [MESSAGE][PASSED] - Object: 'Object Repository/Final Object Repo/Page_Form 3 EIS - Cessation as Employer/Search' is clicked on

2018-12-17 14:38:36 - [TEST_STEP][PASSED] - click: Object: 'Object Repository/Final Object Repo/Page_Form 3 EIS - Cessation as Employer/Edit' is clicked on

2018-12-17 14:38:38 - [MESSAGE][PASSED] - Object: 'Object Repository/Final Object Repo/Page_Form 3 EIS - Cessation as Employer/Edit' is clicked on

2018-12-17 14:38:38 - [TEST_STEP][PASSED] - delay: Delayed 1 second(s)

2018-12-17 14:38:39 - [MESSAGE][PASSED] - Delayed 1 second(s)

2018-12-17 14:38:39 - [TEST_STEP][PASSED] - Statement - abc = com.kms.katalon.core.webui.keyword.WebUiBuiltInKeywords.getAttribute(com.kms.katalon.core.testobject.ObjectRepository.findTestObject(Final Object Repo/Page_Form 3 EIS - Cessation as Employer/Employer Status), "value"): Attribute 'value' of object 'Object Repository/Final Object Repo/Page_Form 3 EIS - Cessation as Employer/Employer Status' is: 'Active'

2018-12-17 14:38:39 - [MESSAGE][PASSED] - Attribute 'value' of object 'Object Repository/Final Object Repo/Page_Form 3 EIS - Cessation as Employer/Employer Status' is: 'Active'

2018-12-17 14:38:39 - [TEST_STEP][PASSED] - Statement - out.println(abc): null

2018-12-17 14:38:39 - [TEST_STEP][PASSED] - Statement - If (abc == "Active"): Object: 'Object Repository/Final Object Repo/Page_Form 3 EIS - Cessation as Employer/Dormant EIS' is clicked on

2018-12-17 14:38:39 - [TEST_STEP][PASSED] - click: Object: 'Object Repository/Final Object Repo/Page_Form 3 EIS - Cessation as Employer/Change Employer Status to' is clicked on

2018-12-17 14:38:39 - [MESSAGE][PASSED] - Object: 'Object Repository/Final Object Repo/Page_Form 3 EIS - Cessation as Employer/Change Employer Status to' is clicked on

2018-12-17 14:38:39 - [TEST_STEP][PASSED] - click: Object: 'Object Repository/Final Object Repo/Page_Form 3 EIS - Cessation as Employer/Dormant EIS' is clicked on

2018-12-17 14:38:39 - [MESSAGE][PASSED] - Object: 'Object Repository/Final Object Repo/Page_Form 3 EIS - Cessation as Employer/Dormant EIS' is clicked on

2018-12-17 14:38:39 - [TEST_STEP][PASSED] - click: Object: 'Object Repository/Final Object Repo/Page_Form 3 EIS - Cessation as Employer/Calender' is clicked on

2018-12-17 14:38:40 - [MESSAGE][PASSED] - Object: 'Object Repository/Final Object Repo/Page_Form 3 EIS - Cessation as Employer/Calender' is clicked on

2018-12-17 14:38:40 - [TEST_STEP][PASSED] - delay: Delayed 1 second(s)

2018-12-17 14:38:41 - [MESSAGE][PASSED] - Delayed 1 second(s)

2018-12-17 14:38:41 - [TEST_STEP][PASSED] - click: Object: 'Object Repository/Final Object Repo/Page_Form 3 EIS - Cessation as Employer/Calender - Date' is clicked on

2018-12-17 14:38:41 - [MESSAGE][PASSED] - Object: 'Object Repository/Final Object Repo/Page_Form 3 EIS - Cessation as Employer/Calender - Date' is clicked on

2018-12-17 14:38:41 - [TEST_STEP][PASSED] - click: Object: 'Object Repository/Final Object Repo/Page_Form 3 EIS - Cessation as Employer/Save  Continue in Form 3 EIS Page' is clicked on

2018-12-17 14:38:41 - [MESSAGE][PASSED] - Object: 'Object Repository/Final Object Repo/Page_Form 3 EIS - Cessation as Employer/Save  Continue in Form 3 EIS Page' is clicked on

2018-12-17 14:38:41 - [TEST_STEP][PASSED] - delay: Delayed 1 second(s)

2018-12-17 14:38:42 - [MESSAGE][PASSED] - Delayed 1 second(s)

2018-12-17 14:38:42 - [TEST_STEP][PASSED] - click: Object: 'Object Repository/Final Object Repo/Page_Form 3 EIS - Cessation as Employer/Employment Resign Date' is clicked on

2018-12-17 14:38:43 - [MESSAGE][PASSED] - Object: 'Object Repository/Final Object Repo/Page_Form 3 EIS - Cessation as Employer/Employment Resign Date' is clicked on

2018-12-17 14:38:43 - [TEST_STEP][PASSED] - selectOptionByValue: All options with value '2030' are selected in object 'Object Repository/Final Object Repo/Page_Form 3 EIS - Cessation as Employer/Employment Resign Date - Year' 

2018-12-17 14:38:43 - [MESSAGE][PASSED] - All options with value '2030' are selected in object 'Object Repository/Final Object Repo/Page_Form 3 EIS - Cessation as Employer/Employment Resign Date - Year' 

2018-12-17 14:38:43 - [TEST_STEP][PASSED] - delay: Delayed 2 second(s)

2018-12-17 14:38:45 - [MESSAGE][PASSED] - Delayed 2 second(s)

2018-12-17 14:38:45 - [TEST_STEP][PASSED] - click: Object: 'Object Repository/Final Object Repo/Page_Form 3 EIS - Cessation as Employer/Employment Resign Date - Year - Date' is clicked on

2018-12-17 14:38:45 - [MESSAGE][PASSED] - Object: 'Object Repository/Final Object Repo/Page_Form 3 EIS - Cessation as Employer/Employment Resign Date - Year - Date' is clicked on

2018-12-17 14:38:45 - [TEST_STEP][PASSED] - delay: Delayed 2 second(s)

2018-12-17 14:38:47 - [MESSAGE][PASSED] - Delayed 2 second(s)

2018-12-17 14:38:47 - [TEST_STEP][PASSED] - click: Object: 'Object Repository/Final Object Repo/Page_Form 3 EIS - Cessation as Employer/Save  Continue in Employment Resign Page' is clicked on

2018-12-17 14:38:47 - [MESSAGE][PASSED] - Object: 'Object Repository/Final Object Repo/Page_Form 3 EIS - Cessation as Employer/Save  Continue in Employment Resign Page' is clicked on

2018-12-17 14:38:47 - [TEST_STEP][PASSED] - delay: Delayed 2 second(s)

2018-12-17 14:38:49 - [MESSAGE][PASSED] - Delayed 2 second(s)

2018-12-17 14:38:49 - [TEST_STEP][PASSED] - click: Object: 'Object Repository/Final Object Repo/Page_Form 3 EIS - Cessation as Employer/Set Latest - Yes' is clicked on

2018-12-17 14:38:50 - [MESSAGE][PASSED] - Object: 'Object Repository/Final Object Repo/Page_Form 3 EIS - Cessation as Employer/Set Latest - Yes' is clicked on

2018-12-17 14:38:50 - [TEST_STEP][PASSED] - delay: Delayed 2 second(s)

2018-12-17 14:38:52 - [MESSAGE][PASSED] - Delayed 2 second(s)

2018-12-17 14:38:52 - [TEST_STEP][PASSED] - click: Object: 'Object Repository/Final Object Repo/Page_Form 3 EIS - Cessation as Employer/Add Document' is clicked on

2018-12-17 14:38:53 - [MESSAGE][PASSED] - Object: 'Object Repository/Final Object Repo/Page_Form 3 EIS - Cessation as Employer/Add Document' is clicked on

2018-12-17 14:38:53 - [TEST_STEP][PASSED] - delay: Delayed 3 second(s)

2018-12-17 14:38:56 - [MESSAGE][PASSED] - Delayed 3 second(s)

2018-12-17 14:38:56 - [TEST_STEP][PASSED] - click: Object: 'Object Repository/Final Object Repo/Page_Form 3 EIS - Cessation as Employer/Document Type' is clicked on

2018-12-17 14:38:56 - [MESSAGE][PASSED] - Object: 'Object Repository/Final Object Repo/Page_Form 3 EIS - Cessation as Employer/Document Type' is clicked on

2018-12-17 14:38:56 - [TEST_STEP][PASSED] - click: Object: 'Object Repository/Final Object Repo/Page_Form 3 EIS - Cessation as Employer/Document Type - Form 3' is clicked on

2018-12-17 14:38:56 - [MESSAGE][PASSED] - Object: 'Object Repository/Final Object Repo/Page_Form 3 EIS - Cessation as Employer/Document Type - Form 3' is clicked on

2018-12-17 14:38:56 - [TEST_STEP][PASSED] - delay: Delayed 2 second(s)

2018-12-17 14:38:58 - [MESSAGE][PASSED] - Delayed 2 second(s)

2018-12-17 14:38:58 - [TEST_STEP][PASSED] - sendKeys: Keys 'C:\Users\Public\Pictures\Sample Pictures\Koala.jpg' sent to object: 'Object Repository/Final Object Repo/Page_Form 3 EIS - Cessation as Employer/ploading File'

2018-12-17 14:38:58 - [MESSAGE][PASSED] - Keys 'C:\Users\Public\Pictures\Sample Pictures\Koala.jpg' sent to object: 'Object Repository/Final Object Repo/Page_Form 3 EIS - Cessation as Employer/ploading File'

2018-12-17 14:38:58 - [TEST_STEP][PASSED] - delay: Delayed 1 second(s)

2018-12-17 14:38:59 - [MESSAGE][PASSED] - Delayed 1 second(s)

2018-12-17 14:38:59 - [TEST_STEP][PASSED] - click: Object: 'Object Repository/Final Object Repo/Page_Form 3 EIS - Cessation as Employer/Add Document in Uploading Page' is clicked on

2018-12-17 14:39:00 - [MESSAGE][PASSED] - Object: 'Object Repository/Final Object Repo/Page_Form 3 EIS - Cessation as Employer/Add Document in Uploading Page' is clicked on

2018-12-17 14:39:00 - [TEST_STEP][PASSED] - delay: Delayed 2 second(s)

2018-12-17 14:39:02 - [MESSAGE][PASSED] - Delayed 2 second(s)

2018-12-17 14:39:02 - [TEST_STEP][PASSED] - Statement - CaseReferenceNo = com.kms.katalon.core.webui.keyword.WebUiBuiltInKeywords.getText(com.kms.katalon.core.testobject.ObjectRepository.findTestObject(Final Object Repo/Page_Update Employer Information/Reference Number in Update Employee Information Page)): Text of object 'Object Repository/Final Object Repo/Page_Update Employer Information/Reference Number in Update Employee Information Page' is: 'ERN122018C200002465'

2018-12-17 14:39:04 - [MESSAGE][PASSED] - Text of object 'Object Repository/Final Object Repo/Page_Update Employer Information/Reference Number in Update Employee Information Page' is: 'ERN122018C200002465'

2018-12-17 14:39:04 - [TEST_STEP][PASSED] - callTestCase: Call Test Case 'Test Cases/Final Aug 2018 - PKS Automation/Common/Reference Number Setter' successfully

2018-12-17 14:39:04 - [TEST_CASE][PASSED] - Test Cases/Final Aug 2018 - PKS Automation/Common/Reference Number Setter: Test Cases/Final Aug 2018 - PKS Automation/Common/Reference Number Setter

2018-12-17 14:39:04 - [TEST_STEP][PASSED] - Statement - RefNoOldFile = new java.io.File(C://Users//Admin//Desktop//PKS//Automation Reference Point//KatalonReference.txt): null

2018-12-17 14:39:04 - [TEST_STEP][PASSED] - Statement - RefNoOldFile.delete(): null

2018-12-17 14:39:04 - [TEST_STEP][PASSED] - delay: Delayed 5 second(s)

2018-12-17 14:39:09 - [MESSAGE][PASSED] - Delayed 5 second(s)

2018-12-17 14:39:09 - [TEST_STEP][PASSED] - Statement - RefNo = new java.io.File(C://Users//Admin//Desktop//PKS//Automation Reference Point//KatalonReference.txt): null

2018-12-17 14:39:09 - [TEST_STEP][PASSED] - Statement - f2 = new java.io.FileWriter(RefNo, false): null

2018-12-17 14:39:09 - [TEST_STEP][PASSED] - Statement - f2.write(CaseReferenceNo): null

2018-12-17 14:39:09 - [TEST_STEP][PASSED] - Statement - f2.close(): null

2018-12-17 14:39:09 - [TEST_STEP][PASSED] - Statement - out.println("


" + CaseReferenceNo + "


"): null

2018-12-17 14:39:09 - [MESSAGE][PASSED] - Call Test Case 'Test Cases/Final Aug 2018 - PKS Automation/Common/Reference Number Setter' successfully

2018-12-17 14:39:09 - [TEST_STEP][PASSED] - delay: Delayed 2 second(s)

2018-12-17 14:39:11 - [MESSAGE][PASSED] - Delayed 2 second(s)

2018-12-17 14:39:11 - [TEST_STEP][PASSED] - click: Object: 'Object Repository/Final Object Repo/Page_Form 3 EIS - Cessation as Employer/Save  Continue in Uploading Page' is clicked on

2018-12-17 14:39:11 - [MESSAGE][PASSED] - Object: 'Object Repository/Final Object Repo/Page_Form 3 EIS - Cessation as Employer/Save  Continue in Uploading Page' is clicked on

2018-12-17 14:39:11 - [TEST_STEP][PASSED] - delay: Delayed 2 second(s)

2018-12-17 14:39:13 - [MESSAGE][PASSED] - Delayed 2 second(s)

2018-12-17 14:39:13 - [TEST_STEP][PASSED] - click: Object: 'Object Repository/Final Object Repo/Page_Form 3 EIS - Cessation as Employer/Submit' is clicked on

2018-12-17 14:39:16 - [MESSAGE][PASSED] - Object: 'Object Repository/Final Object Repo/Page_Form 3 EIS - Cessation as Employer/Submit' is clicked on

2018-12-17 14:39:16 - [TEST_STEP][PASSED] - delay: Delayed 2 second(s)

2018-12-17 14:39:18 - [MESSAGE][PASSED] - Delayed 2 second(s)

2018-12-17 14:39:18 - [TEST_STEP][PASSED] - click: Object: 'Object Repository/Final Object Repo/Page_Form 3 EIS - Cessation as Employer/Confirm' is clicked on

2018-12-17 14:39:18 - [MESSAGE][PASSED] - Object: 'Object Repository/Final Object Repo/Page_Form 3 EIS - Cessation as Employer/Confirm' is clicked on

2018-12-17 14:39:18 - [TEST_STEP][PASSED] - delay: Delayed 2 second(s)

2018-12-17 14:39:20 - [MESSAGE][PASSED] - Delayed 2 second(s)

2018-12-17 14:39:20 - [TEST_STEP][PASSED] - click: Object: 'Object Repository/Final Object Repo/Page_Form 3 EIS - Cessation as Employer/Message Your Request will be routed to UO' is clicked on

2018-12-17 14:39:24 - [MESSAGE][PASSED] - Object: 'Object Repository/Final Object Repo/Page_Form 3 EIS - Cessation as Employer/Message Your Request will be routed to UO' is clicked on

2018-12-17 14:39:24 - [TEST_STEP][PASSED] - click: Object: 'Object Repository/Final Object Repo/Page_Form 3 EIS - Cessation as Employer/Letter of acknowledgement' is clicked on

2018-12-17 14:39:24 - [MESSAGE][PASSED] - Object: 'Object Repository/Final Object Repo/Page_Form 3 EIS - Cessation as Employer/Letter of acknowledgement' is clicked on

2018-12-17 14:39:24 - [MESSAGE][PASSED] - Call Test Case 'Test Cases/Final Aug 2018 - PKS Automation/Registration Module/Workflow/Form 3 EIS - Cessation As Employer/Template/Form 3 A - Cessation As Employer (OTC)' successfully

2018-12-17 14:39:24 - [TEST_STEP][FAILED] - callTestCase: Unable to call Test Case with id 'Test Cases/Final Aug 2018 - PKS Automation/Registration Module/Workflow/Form 3 EIS - Cessation As Employer/Template/Form 3 A - Cessation As Employer (Query)' (Root cause: Call Test Case 'Test Cases/Final Aug 2018 - PKS Automation/Registration Module/Workflow/Form 3 EIS - Cessation As Employer/Template/Form 3 A - Cessation As Employer (Query)' failed)

2018-12-17 14:39:24 - [TEST_CASE][FAILED] - Test Cases/Final Aug 2018 - PKS Automation/Registration Module/Workflow/Form 3 EIS - Cessation As Employer/Template/Form 3 A - Cessation As Employer (Query): Test Cases/Final Aug 2018 - PKS Automation/Registration Module/Workflow/Form 3 EIS - Cessation As Employer/Template/Form 3 A - Cessation As Employer (Query) FAILED because (of) (Stack trace: com.kms.katalon.core.exception.StepFailedException: Unable to click on object 'Object Repository/Final Object Repo/Page_Form 3 EIS - Cessation as Employer/Page_Form 3 EIS - Cessation as Employer (Query - OTC - UO)/Next' (Root cause: com.kms.katalon.core.webui.exception.WebElementNotFoundException: Web element with id: 'Object Repository/Final Object Repo/Page_Form 3 EIS - Cessation as Employer/Page_Form 3 EIS - Cessation as Employer (Query - OTC - UO)/Next' located by 'By.xpath: //a[(contains(text(), 'NEXT') or contains(., 'NEXT'))]' not found)
	at com.kms.katalon.core.keyword.internal.KeywordMain.stepFailed(KeywordMain.groovy:32)
	at com.kms.katalon.core.webui.keyword.internal.WebUIKeywordMain.stepFailed(WebUIKeywordMain.groovy:65)
	at com.kms.katalon.core.webui.keyword.internal.WebUIKeywordMain.runKeyword(WebUIKeywordMain.groovy:27)
	at com.kms.katalon.core.webui.keyword.builtin.ClickKeyword.click(ClickKeyword.groovy:86)
	at com.kms.katalon.core.webui.keyword.builtin.ClickKeyword.execute(ClickKeyword.groovy:67)
	at com.kms.katalon.core.keyword.internal.KeywordExecutor.executeKeywordForPlatform(KeywordExecutor.groovy:53)
	at com.kms.katalon.core.webui.keyword.WebUiBuiltInKeywords.click(WebUiBuiltInKeywords.groovy:616)
	at com.kms.katalon.core.webui.keyword.WebUiBuiltInKeywords$click$2.call(Unknown Source)
	at Script1536114876563.run(Script1536114876563.groovy:87)
	at com.kms.katalon.core.main.ScriptEngine.run(ScriptEngine.java:183)
	at com.kms.katalon.core.main.ScriptEngine.runScriptAsRawText(ScriptEngine.java:108)
	at com.kms.katalon.core.main.TestCaseExecutor.runScript(TestCaseExecutor.java:294)
	at com.kms.katalon.core.main.TestCaseExecutor.doExecute(TestCaseExecutor.java:285)
	at com.kms.katalon.core.main.TestCaseExecutor.processExecutionPhase(TestCaseExecutor.java:264)
	at com.kms.katalon.core.main.TestCaseExecutor.accessMainPhase(TestCaseExecutor.java:256)
	at com.kms.katalon.core.main.TestCaseExecutor.execute(TestCaseExecutor.java:200)
	at com.kms.katalon.core.main.TestCaseMain.runTestCase(TestCaseMain.java:99)
	at com.kms.katalon.core.keyword.builtin.CallTestCaseKeyword$_callTestCase_closure1.doCall(CallTestCaseKeyword.groovy:60)
	at com.kms.katalon.core.keyword.builtin.CallTestCaseKeyword$_callTestCase_closure1.call(CallTestCaseKeyword.groovy)
	at com.kms.katalon.core.keyword.internal.KeywordMain.runKeyword(KeywordMain.groovy:54)
	at com.kms.katalon.core.keyword.builtin.CallTestCaseKeyword.callTestCase(CallTestCaseKeyword.groovy:81)
	at com.kms.katalon.core.keyword.builtin.CallTestCaseKeyword.execute(CallTestCaseKeyword.groovy:45)
	at com.kms.katalon.core.keyword.internal.KeywordExecutor.executeKeywordForPlatform(KeywordExecutor.groovy:53)
	at com.kms.katalon.core.keyword.BuiltinKeywords.callTestCase(BuiltinKeywords.groovy:334)
	at sun.reflect.GeneratedMethodAccessor13.invoke(Unknown Source)
	at sun.reflect.DelegatingMethodAccessorImpl.invoke(DelegatingMethodAccessorImpl.java:43)
	at java.lang.reflect.Method.invoke(Method.java:498)
	at org.codehaus.groovy.reflection.CachedMethod.invoke(CachedMethod.java:93)
	at groovy.lang.MetaMethod.doMethodInvoke(MetaMethod.java:325)
	at groovy.lang.MetaClassImpl.invokeStaticMethod(MetaClassImpl.java:1469)
	at org.codehaus.groovy.runtime.callsite.StaticMetaClassSite.call(StaticMetaClassSite.java:53)
	at org.codehaus.groovy.runtime.callsite.CallSiteArray.defaultCall(CallSiteArray.java:48)
	at org.codehaus.groovy.runtime.callsite.AbstractCallSite.call(AbstractCallSite.java:113)
	at org.codehaus.groovy.runtime.callsite.AbstractCallSite.call(AbstractCallSite.java:141)
	at Script1536204253481.run(Script1536204253481.groovy:25)
	at com.kms.katalon.core.main.ScriptEngine.run(ScriptEngine.java:183)
	at com.kms.katalon.core.main.ScriptEngine.runScriptAsRawText(ScriptEngine.java:108)
	at com.kms.katalon.core.main.TestCaseExecutor.runScript(TestCaseExecutor.java:294)
	at com.kms.katalon.core.main.TestCaseExecutor.doExecute(TestCaseExecutor.java:285)
	at com.kms.katalon.core.main.TestCaseExecutor.processExecutionPhase(TestCaseExecutor.java:264)
	at com.kms.katalon.core.main.TestCaseExecutor.accessMainPhase(TestCaseExecutor.java:256)
	at com.kms.katalon.core.main.TestCaseExecutor.execute(TestCaseExecutor.java:200)
	at com.kms.katalon.core.main.TestSuiteExecutor.accessTestCaseMainPhase(TestSuiteExecutor.java:129)
	at com.kms.katalon.core.main.TestSuiteExecutor.accessTestSuiteMainPhase(TestSuiteExecutor.java:112)
	at com.kms.katalon.core.main.TestSuiteExecutor.execute(TestSuiteExecutor.java:81)
	at com.kms.katalon.core.main.TestCaseMain.startTestSuite(TestCaseMain.java:142)
	at com.kms.katalon.core.main.TestCaseMain$startTestSuite$0.call(Unknown Source)
	at org.codehaus.groovy.runtime.callsite.CallSiteArray.defaultCall(CallSiteArray.java:48)
	at org.codehaus.groovy.runtime.callsite.AbstractCallSite.call(AbstractCallSite.java:113)
	at org.codehaus.groovy.runtime.callsite.AbstractCallSite.call(AbstractCallSite.java:141)
	at TempTestSuite1545026672972.run(TempTestSuite1545026672972.groovy:36)
	at groovy.lang.GroovyShell.runScriptOrMainOrTestOrRunnable(GroovyShell.java:263)
	at groovy.lang.GroovyShell.run(GroovyShell.java:518)
	at groovy.lang.GroovyShell.run(GroovyShell.java:507)
	at groovy.ui.GroovyMain.processOnce(GroovyMain.java:653)
	at groovy.ui.GroovyMain.run(GroovyMain.java:384)
	at groovy.ui.GroovyMain.process(GroovyMain.java:370)
	at groovy.ui.GroovyMain.processArgs(GroovyMain.java:129)
	at groovy.ui.GroovyMain.main(GroovyMain.java:109)
	at sun.reflect.NativeMethodAccessorImpl.invoke0(Native Method)
	at sun.reflect.NativeMethodAccessorImpl.invoke(NativeMethodAccessorImpl.java:62)
	at sun.reflect.DelegatingMethodAccessorImpl.invoke(DelegatingMethodAccessorImpl.java:43)
	at java.lang.reflect.Method.invoke(Method.java:498)
	at org.codehaus.groovy.tools.GroovyStarter.rootLoader(GroovyStarter.java:109)
	at org.codehaus.groovy.tools.GroovyStarter.main(GroovyStarter.java:131)
)

2018-12-17 14:39:24 - [TEST_STEP][NOT_RUN] - callTestCase: NOT_RUN: callTestCase

2018-12-17 14:39:24 - [MESSAGE][NOT_RUN] - NOT_RUN: callTestCase

2018-12-17 14:39:24 - [TEST_STEP][PASSED] - delay: Delayed 1 second(s)

2018-12-17 14:39:25 - [MESSAGE][PASSED] - Delayed 1 second(s)

2018-12-17 14:39:25 - [TEST_STEP][PASSED] - navigateToUrl: Navigate to 'https://assist2-uat.perkeso.gov.my/c/portal/logout' successfully

2018-12-17 14:39:26 - [MESSAGE][PASSED] - Navigate to 'https://assist2-uat.perkeso.gov.my/c/portal/logout' successfully

2018-12-17 14:39:26 - [TEST_STEP][PASSED] - delay: Delayed 1 second(s)

2018-12-17 14:39:27 - [MESSAGE][PASSED] - Delayed 1 second(s)

2018-12-17 14:39:27 - [TEST_STEP][PASSED] - callTestCase: Call Test Case 'Test Cases/Final Aug 2018 - PKS Automation/Common/Reference Number Getter' successfully

2018-12-17 14:39:27 - [TEST_CASE][PASSED] - Test Cases/Final Aug 2018 - PKS Automation/Common/Reference Number Getter: Test Cases/Final Aug 2018 - PKS Automation/Common/Reference Number Getter

2018-12-17 14:39:27 - [TEST_STEP][PASSED] - Statement - Try: null

2018-12-17 14:39:27 - [TEST_STEP][PASSED] - Statement - RefNo = new java.io.File(C://Users//Admin//Desktop//PKS//Automation Reference Point//KatalonReference.txt): null

2018-12-17 14:39:27 - [TEST_STEP][PASSED] - Statement - bufferread = new java.io.BufferedReader(new java.io.FileReader(RefNo)): null

2018-12-17 14:39:27 - [TEST_STEP][PASSED] - Statement - readedVal = bufferread.readLine(): null

2018-12-17 14:39:27 - [TEST_STEP][PASSED] - Statement - out.println(CaseReferenceNo): null

2018-12-17 14:39:27 - [TEST_STEP][PASSED] - Statement - out.println(readedVal): null

2018-12-17 14:39:27 - [TEST_STEP][PASSED] - Statement - CaseReferenceNo = "": null

2018-12-17 14:39:27 - [TEST_STEP][PASSED] - Statement - CaseReferenceNo = readedVal: null

2018-12-17 14:39:27 - [MESSAGE][PASSED] - Call Test Case 'Test Cases/Final Aug 2018 - PKS Automation/Common/Reference Number Getter' successfully

2018-12-17 14:39:27 - [TEST_STEP][PASSED] - callTestCase: Call Test Case 'Test Cases/Final Aug 2018 - PKS Automation/Common/Workflow Owner Finder' successfully

2018-12-17 14:39:27 - [TEST_CASE][PASSED] - Test Cases/Final Aug 2018 - PKS Automation/Common/Workflow Owner Finder: Test Cases/Final Aug 2018 - PKS Automation/Common/Workflow Owner Finder

2018-12-17 14:39:27 - [TEST_STEP][PASSED] - openBrowser: Browser is opened with url: ''

2018-12-17 14:39:27 - [MESSAGE][WARNING] - A browser is already opened. Closing browser and opening a new one

2018-12-17 14:39:30 - [MESSAGE][PASSED] - Browser is opened with url: ''

2018-12-17 14:39:30 - [TEST_STEP][PASSED] - navigateToUrl: Navigate to 'https://assist2-uat.perkeso.gov.my/login' successfully

2018-12-17 14:39:32 - [MESSAGE][PASSED] - Navigate to 'https://assist2-uat.perkeso.gov.my/login' successfully

2018-12-17 14:39:32 - [TEST_STEP][PASSED] - delay: Delayed 5 second(s)

2018-12-17 14:39:37 - [MESSAGE][PASSED] - Delayed 5 second(s)

2018-12-17 14:39:37 - [TEST_STEP][PASSED] - setText: Text 'test@liferay.com' is set on object 'Object Repository/Final Object Repo/Login Page/Internal User/Email Address'

2018-12-17 14:39:37 - [MESSAGE][PASSED] - Text 'test@liferay.com' is set on object 'Object Repository/Final Object Repo/Login Page/Internal User/Email Address'

2018-12-17 14:39:37 - [TEST_STEP][PASSED] - click: Object: 'Object Repository/Final Object Repo/Login Page/Internal User/Next Button' is clicked on

2018-12-17 14:39:37 - [MESSAGE][PASSED] - Object: 'Object Repository/Final Object Repo/Login Page/Internal User/Next Button' is clicked on

2018-12-17 14:39:37 - [TEST_STEP][PASSED] - delay: Delayed 2 second(s)

2018-12-17 14:39:39 - [MESSAGE][PASSED] - Delayed 2 second(s)

2018-12-17 14:39:39 - [TEST_STEP][PASSED] - setText: Text 'test' is set on object 'Object Repository/Final Object Repo/Login Page/Internal User/Password'

2018-12-17 14:39:39 - [MESSAGE][PASSED] - Text 'test' is set on object 'Object Repository/Final Object Repo/Login Page/Internal User/Password'

2018-12-17 14:39:39 - [TEST_STEP][PASSED] - delay: Delayed 2 second(s)

2018-12-17 14:39:41 - [MESSAGE][PASSED] - Delayed 2 second(s)

2018-12-17 14:39:41 - [TEST_STEP][PASSED] - click: Object: 'Object Repository/Final Object Repo/Login Page/Internal User/Login Button' is clicked on

2018-12-17 14:39:42 - [MESSAGE][PASSED] - Object: 'Object Repository/Final Object Repo/Login Page/Internal User/Login Button' is clicked on

2018-12-17 14:39:42 - [TEST_STEP][PASSED] - Statement - tester = com.kms.katalon.core.testobject.ObjectRepository.findTestObject(Final Object Repo/Landing Page/Select to English): Finding Test Object with id 'Object Repository/Final Object Repo/Landing Page/Select to English'

2018-12-17 14:39:42 - [TEST_STEP][PASSED] - Statement - Try: Delayed 2 second(s)

2018-12-17 14:39:42 - [TEST_STEP][PASSED] - Statement - Checker = com.kms.katalon.core.webui.keyword.WebUiBuiltInKeywords.verifyElementNotPresent(tester, 3): Web element with id: 'Object Repository/Final Object Repo/Landing Page/Select to English' located by 'By.xpath: //a[@class = 'taglib-language-list-text' and @lang = 'en-US' and (contains(text(), 'EN') or contains(., 'EN'))]' is not present after '3' second(s)

2018-12-17 14:39:44 - [MESSAGE][PASSED] - Web element with id: 'Object Repository/Final Object Repo/Landing Page/Select to English' located by 'By.xpath: //a[@class = 'taglib-language-list-text' and @lang = 'en-US' and (contains(text(), 'EN') or contains(., 'EN'))]' is not present after '3' second(s)

2018-12-17 14:39:44 - [TEST_STEP][PASSED] - Statement - If (Checker == false): null

2018-12-17 14:39:44 - [TEST_STEP][PASSED] - delay: Delayed 2 second(s)

2018-12-17 14:39:46 - [MESSAGE][PASSED] - Delayed 2 second(s)

2018-12-17 14:39:46 - [TEST_STEP][PASSED] - delay: Delayed 5 second(s)

2018-12-17 14:39:51 - [MESSAGE][PASSED] - Delayed 5 second(s)

2018-12-17 14:39:51 - [TEST_STEP][PASSED] - mouseOver: Object: 'Object Repository/Final Object Repo/Landing Page/WorkFlow Menu' is hovered

2018-12-17 14:39:51 - [MESSAGE][PASSED] - Object: 'Object Repository/Final Object Repo/Landing Page/WorkFlow Menu' is hovered

2018-12-17 14:39:51 - [TEST_STEP][PASSED] - delay: Delayed 2 second(s)

2018-12-17 14:39:53 - [MESSAGE][PASSED] - Delayed 2 second(s)

2018-12-17 14:39:53 - [TEST_STEP][PASSED] - click: Object: 'Object Repository/Final Object Repo/Landing Page/Select to Workflow Listing' is clicked on

2018-12-17 14:39:55 - [MESSAGE][PASSED] - Object: 'Object Repository/Final Object Repo/Landing Page/Select to Workflow Listing' is clicked on

2018-12-17 14:39:55 - [TEST_STEP][PASSED] - delay: Delayed 2 second(s)

2018-12-17 14:39:57 - [MESSAGE][PASSED] - Delayed 2 second(s)

2018-12-17 14:39:57 - [TEST_STEP][PASSED] - click: Object: 'Object Repository/Final Object Repo/WorkFlow Listing Page/Search Information - To Put Ref No' is clicked on

2018-12-17 14:39:57 - [MESSAGE][PASSED] - Object: 'Object Repository/Final Object Repo/WorkFlow Listing Page/Search Information - To Put Ref No' is clicked on

2018-12-17 14:39:57 - [TEST_STEP][PASSED] - delay: Delayed 2 second(s)

2018-12-17 14:39:59 - [MESSAGE][PASSED] - Delayed 2 second(s)

2018-12-17 14:39:59 - [TEST_STEP][PASSED] - callTestCase: Call Test Case 'Test Cases/Final Aug 2018 - PKS Automation/Common/Reference Number Getter' successfully

2018-12-17 14:39:59 - [TEST_CASE][PASSED] - Test Cases/Final Aug 2018 - PKS Automation/Common/Reference Number Getter: Test Cases/Final Aug 2018 - PKS Automation/Common/Reference Number Getter

2018-12-17 14:39:59 - [TEST_STEP][PASSED] - Statement - Try: null

2018-12-17 14:39:59 - [TEST_STEP][PASSED] - Statement - RefNo = new java.io.File(C://Users//Admin//Desktop//PKS//Automation Reference Point//KatalonReference.txt): null

2018-12-17 14:39:59 - [TEST_STEP][PASSED] - Statement - bufferread = new java.io.BufferedReader(new java.io.FileReader(RefNo)): null

2018-12-17 14:39:59 - [TEST_STEP][PASSED] - Statement - readedVal = bufferread.readLine(): null

2018-12-17 14:39:59 - [TEST_STEP][PASSED] - Statement - out.println(CaseReferenceNo): null

2018-12-17 14:39:59 - [TEST_STEP][PASSED] - Statement - out.println(readedVal): null

2018-12-17 14:39:59 - [TEST_STEP][PASSED] - Statement - CaseReferenceNo = "": null

2018-12-17 14:39:59 - [TEST_STEP][PASSED] - Statement - CaseReferenceNo = readedVal: null

2018-12-17 14:39:59 - [MESSAGE][PASSED] - Call Test Case 'Test Cases/Final Aug 2018 - PKS Automation/Common/Reference Number Getter' successfully

2018-12-17 14:39:59 - [TEST_STEP][PASSED] - setText: Text 'ERN122018C200002465' is set on object 'Object Repository/Final Object Repo/WorkFlow Listing Page/Ref No Set Text'

2018-12-17 14:39:59 - [MESSAGE][PASSED] - Text 'ERN122018C200002465' is set on object 'Object Repository/Final Object Repo/WorkFlow Listing Page/Ref No Set Text'

2018-12-17 14:39:59 - [TEST_STEP][PASSED] - delay: Delayed 2 second(s)

2018-12-17 14:40:01 - [MESSAGE][PASSED] - Delayed 2 second(s)

2018-12-17 14:40:01 - [TEST_STEP][PASSED] - click: Object: 'Object Repository/Final Object Repo/WorkFlow Listing Page/Search Ref No Search Button' is clicked on

2018-12-17 14:40:02 - [MESSAGE][PASSED] - Object: 'Object Repository/Final Object Repo/WorkFlow Listing Page/Search Ref No Search Button' is clicked on

2018-12-17 14:40:02 - [TEST_STEP][PASSED] - delay: Delayed 6 second(s)

2018-12-17 14:40:08 - [MESSAGE][PASSED] - Delayed 6 second(s)

2018-12-17 14:40:08 - [TEST_STEP][PASSED] - click: Object: 'Object Repository/Final Object Repo/WorkFlow Listing Page/Click Continue Tooltip' is clicked on

2018-12-17 14:40:09 - [MESSAGE][PASSED] - Object: 'Object Repository/Final Object Repo/WorkFlow Listing Page/Click Continue Tooltip' is clicked on

2018-12-17 14:40:09 - [TEST_STEP][PASSED] - delay: Delayed 5 second(s)

2018-12-17 14:40:14 - [MESSAGE][PASSED] - Delayed 5 second(s)

2018-12-17 14:40:14 - [TEST_STEP][PASSED] - doubleClick: Object: 'Object Repository/Final Object Repo/WorkFlow Listing Page/Workflow Found - Listing 1' is double clicked on

2018-12-17 14:40:14 - [MESSAGE][PASSED] - Object: 'Object Repository/Final Object Repo/WorkFlow Listing Page/Workflow Found - Listing 1' is double clicked on

2018-12-17 14:40:14 - [TEST_STEP][PASSED] - Statement - println(OwnerID): null

2018-12-17 14:40:14 - [TEST_STEP][PASSED] - Statement - OwnerID = com.kms.katalon.core.webui.keyword.WebUiBuiltInKeywords.getText(com.kms.katalon.core.testobject.ObjectRepository.findTestObject(Final Object Repo/WorkFlow Listing Page/Workflow Found - Listing 1), STOP_ON_FAILURE): Text of object 'Object Repository/Final Object Repo/WorkFlow Listing Page/Workflow Found - Listing 1' is: 'JOHORuo1'

2018-12-17 14:40:14 - [MESSAGE][PASSED] - Text of object 'Object Repository/Final Object Repo/WorkFlow Listing Page/Workflow Found - Listing 1' is: 'JOHORuo1'

2018-12-17 14:40:14 - [TEST_STEP][PASSED] - Statement - OwnerID = OwnerID.toLowerCase() + "@gmail.com": null

2018-12-17 14:40:14 - [TEST_STEP][PASSED] - Statement - println(OwnerID): null

2018-12-17 14:40:14 - [TEST_STEP][PASSED] - delay: Delayed 2 second(s)

2018-12-17 14:40:16 - [MESSAGE][PASSED] - Delayed 2 second(s)

2018-12-17 14:40:16 - [MESSAGE][PASSED] - Call Test Case 'Test Cases/Final Aug 2018 - PKS Automation/Common/Workflow Owner Finder' successfully

2018-12-17 14:40:16 - [TEST_STEP][PASSED] - delay: Delayed 1 second(s)

2018-12-17 14:40:17 - [MESSAGE][PASSED] - Delayed 1 second(s)

2018-12-17 14:40:17 - [TEST_STEP][PASSED] - navigateToUrl: Navigate to 'https://assist2-uat.perkeso.gov.my/c/portal/logout' successfully

2018-12-17 14:40:18 - [MESSAGE][PASSED] - Navigate to 'https://assist2-uat.perkeso.gov.my/c/portal/logout' successfully

2018-12-17 14:40:18 - [TEST_STEP][PASSED] - delay: Delayed 1 second(s)

2018-12-17 14:40:19 - [MESSAGE][PASSED] - Delayed 1 second(s)

2018-12-17 14:40:19 - [TEST_STEP][PASSED] - callTestCase: Call Test Case 'Test Cases/Final Aug 2018 - PKS Automation/Registration Module/Workflow/Login and Search Case For Workflow' successfully

2018-12-17 14:40:19 - [TEST_CASE][PASSED] - Test Cases/Final Aug 2018 - PKS Automation/Registration Module/Workflow/Login and Search Case For Workflow: Test Cases/Final Aug 2018 - PKS Automation/Registration Module/Workflow/Login and Search Case For Workflow

2018-12-17 14:40:19 - [TEST_STEP][PASSED] - navigateToUrl: Navigate to 'https://assist2-uat.perkeso.gov.my/login' successfully

2018-12-17 14:40:19 - [MESSAGE][PASSED] - Navigate to 'https://assist2-uat.perkeso.gov.my/login' successfully

2018-12-17 14:40:19 - [TEST_STEP][PASSED] - setText: Text 'johoruo1@gmail.com' is set on object 'Object Repository/Final Object Repo/Login Page/Internal User/Email Address'

2018-12-17 14:40:19 - [MESSAGE][PASSED] - Text 'johoruo1@gmail.com' is set on object 'Object Repository/Final Object Repo/Login Page/Internal User/Email Address'

2018-12-17 14:40:19 - [TEST_STEP][PASSED] - click: Object: 'Object Repository/Final Object Repo/Login Page/Internal User/Next Button' is clicked on

2018-12-17 14:40:20 - [MESSAGE][PASSED] - Object: 'Object Repository/Final Object Repo/Login Page/Internal User/Next Button' is clicked on

2018-12-17 14:40:20 - [TEST_STEP][PASSED] - delay: Delayed 1 second(s)

2018-12-17 14:40:21 - [MESSAGE][PASSED] - Delayed 1 second(s)

2018-12-17 14:40:21 - [TEST_STEP][PASSED] - setEncryptedText: Text ****** has been set on object 'Object Repository/Final Object Repo/Login Page/Internal User/Password'

2018-12-17 14:40:23 - [MESSAGE][PASSED] - Text ****** has been set on object 'Object Repository/Final Object Repo/Login Page/Internal User/Password'

2018-12-17 14:40:23 - [TEST_STEP][PASSED] - click: Object: 'Object Repository/Final Object Repo/Login Page/Internal User/Login Button' is clicked on

2018-12-17 14:40:23 - [MESSAGE][PASSED] - Object: 'Object Repository/Final Object Repo/Login Page/Internal User/Login Button' is clicked on

2018-12-17 14:40:23 - [TEST_STEP][PASSED] - delay: Delayed 2 second(s)

2018-12-17 14:40:25 - [MESSAGE][PASSED] - Delayed 2 second(s)

2018-12-17 14:40:25 - [TEST_STEP][PASSED] - Statement - Try: Delayed 2 second(s)

2018-12-17 14:40:25 - [TEST_STEP][PASSED] - Statement - Checker = false: null

2018-12-17 14:40:25 - [TEST_STEP][PASSED] - Statement - Checker = com.kms.katalon.core.webui.keyword.WebUiBuiltInKeywords.verifyElementHasAttribute(com.kms.katalon.core.testobject.ObjectRepository.findTestObject(Final Object Repo/Landing Page/BM Detecting), "href", 20, OPTIONAL): Object 'Object Repository/Final Object Repo/Landing Page/BM Detecting' has attribute 'href'

2018-12-17 14:40:25 - [MESSAGE][PASSED] - Object 'Object Repository/Final Object Repo/Landing Page/BM Detecting' has attribute 'href'

2018-12-17 14:40:25 - [TEST_STEP][PASSED] - Statement - out.println(Checker): null

2018-12-17 14:40:25 - [TEST_STEP][PASSED] - Statement - If (Checker == false): null

2018-12-17 14:40:25 - [TEST_STEP][PASSED] - Statement - Else: null

2018-12-17 14:40:25 - [TEST_STEP][PASSED] - delay: Delayed 2 second(s)

2018-12-17 14:40:27 - [MESSAGE][PASSED] - Delayed 2 second(s)

2018-12-17 14:40:27 - [TEST_STEP][PASSED] - click: Object: 'Object Repository/Final Object Repo/Page_MyASSIST - ASSIST - Search Pending Case For Add Supporting Document/Search Information' is clicked on

2018-12-17 14:40:27 - [MESSAGE][PASSED] - Object: 'Object Repository/Final Object Repo/Page_MyASSIST - ASSIST - Search Pending Case For Add Supporting Document/Search Information' is clicked on

2018-12-17 14:40:27 - [TEST_STEP][PASSED] - delay: Delayed 3 second(s)

2018-12-17 14:40:30 - [MESSAGE][PASSED] - Delayed 3 second(s)

2018-12-17 14:40:30 - [TEST_STEP][PASSED] - sendKeys: Keys 'ERN122018C200002465' sent to object: 'Object Repository/Final Object Repo/Page_MyASSIST - ASSIST - Search Pending Case For Add Supporting Document/Reference No'

2018-12-17 14:40:31 - [MESSAGE][PASSED] - Keys 'ERN122018C200002465' sent to object: 'Object Repository/Final Object Repo/Page_MyASSIST - ASSIST - Search Pending Case For Add Supporting Document/Reference No'

2018-12-17 14:40:31 - [TEST_STEP][PASSED] - click: Object: 'Object Repository/Final Object Repo/Page_MyASSIST - ASSIST - Search Pending Case For Add Supporting Document/Search Reference No' is clicked on

2018-12-17 14:40:31 - [MESSAGE][PASSED] - Object: 'Object Repository/Final Object Repo/Page_MyASSIST - ASSIST - Search Pending Case For Add Supporting Document/Search Reference No' is clicked on

2018-12-17 14:40:31 - [TEST_STEP][PASSED] - delay: Delayed 2 second(s)

2018-12-17 14:40:33 - [MESSAGE][PASSED] - Delayed 2 second(s)

2018-12-17 14:40:33 - [TEST_STEP][PASSED] - click: Object: 'Object Repository/Final Object Repo/Page_MyASSIST - ASSIST - Search Pending Case For Add Supporting Document/Continue' is clicked on

2018-12-17 14:40:36 - [MESSAGE][PASSED] - Object: 'Object Repository/Final Object Repo/Page_MyASSIST - ASSIST - Search Pending Case For Add Supporting Document/Continue' is clicked on

2018-12-17 14:40:36 - [TEST_STEP][PASSED] - delay: Delayed 20 second(s)

2018-12-17 14:40:56 - [MESSAGE][PASSED] - Delayed 20 second(s)

2018-12-17 14:40:56 - [MESSAGE][PASSED] - Call Test Case 'Test Cases/Final Aug 2018 - PKS Automation/Registration Module/Workflow/Login and Search Case For Workflow' successfully

2018-12-17 14:40:56 - [TEST_STEP][PASSED] - click: Object: 'Object Repository/Final Object Repo/Page_Form 3 EIS - Cessation as Employer/Page_Form 3 EIS - Cessation as Employer (Approve)/Save  Continue in Form 3 Page' is clicked on

2018-12-17 14:40:56 - [MESSAGE][PASSED] - Object: 'Object Repository/Final Object Repo/Page_Form 3 EIS - Cessation as Employer/Page_Form 3 EIS - Cessation as Employer (Approve)/Save  Continue in Form 3 Page' is clicked on

2018-12-17 14:40:56 - [TEST_STEP][PASSED] - delay: Delayed 4 second(s)

2018-12-17 14:41:00 - [MESSAGE][PASSED] - Delayed 4 second(s)

2018-12-17 14:41:00 - [TEST_STEP][PASSED] - click: Object: 'Object Repository/Final Object Repo/Page_Form 3 EIS - Cessation as Employer/Page_Form 3 EIS - Cessation as Employer (Approve)/Save  Continue in Resigned Page' is clicked on

2018-12-17 14:41:01 - [MESSAGE][PASSED] - Object: 'Object Repository/Final Object Repo/Page_Form 3 EIS - Cessation as Employer/Page_Form 3 EIS - Cessation as Employer (Approve)/Save  Continue in Resigned Page' is clicked on

2018-12-17 14:41:01 - [TEST_STEP][PASSED] - delay: Delayed 2 second(s)

2018-12-17 14:41:03 - [MESSAGE][PASSED] - Delayed 2 second(s)

2018-12-17 14:41:03 - [TEST_STEP][PASSED] - setText: Text 'Remark' is set on object 'Object Repository/Final Object Repo/Page_Form 3 EIS - Cessation as Employer/Page_Form 3 EIS - Cessation as Employer (Query)/Query - Remark'

2018-12-17 14:41:04 - [MESSAGE][PASSED] - Text 'Remark' is set on object 'Object Repository/Final Object Repo/Page_Form 3 EIS - Cessation as Employer/Page_Form 3 EIS - Cessation as Employer (Query)/Query - Remark'

2018-12-17 14:41:04 - [TEST_STEP][PASSED] - delay: Delayed 2 second(s)

2018-12-17 14:41:06 - [MESSAGE][PASSED] - Delayed 2 second(s)

2018-12-17 14:41:06 - [TEST_STEP][PASSED] - click: Object: 'Object Repository/Final Object Repo/Page_Form 3 EIS - Cessation as Employer/Page_Form 3 EIS - Cessation as Employer (Query)/Save  Continue' is clicked on

2018-12-17 14:41:06 - [MESSAGE][PASSED] - Object: 'Object Repository/Final Object Repo/Page_Form 3 EIS - Cessation as Employer/Page_Form 3 EIS - Cessation as Employer (Query)/Save  Continue' is clicked on

2018-12-17 14:41:06 - [TEST_STEP][PASSED] - delay: Delayed 2 second(s)

2018-12-17 14:41:08 - [MESSAGE][PASSED] - Delayed 2 second(s)

2018-12-17 14:41:08 - [TEST_STEP][PASSED] - click: Object: 'Object Repository/Final Object Repo/Page_Form 3 EIS - Cessation as Employer/Page_Form 3 EIS - Cessation as Employer (Query)/Query' is clicked on

2018-12-17 14:41:11 - [MESSAGE][PASSED] - Object: 'Object Repository/Final Object Repo/Page_Form 3 EIS - Cessation as Employer/Page_Form 3 EIS - Cessation as Employer (Query)/Query' is clicked on

2018-12-17 14:41:11 - [TEST_STEP][PASSED] - delay: Delayed 2 second(s)

2018-12-17 14:41:13 - [MESSAGE][PASSED] - Delayed 2 second(s)

2018-12-17 14:41:13 - [TEST_STEP][PASSED] - click: Object: 'Object Repository/Final Object Repo/Page_Form 3 EIS - Cessation as Employer/Page_Form 3 EIS - Cessation as Employer (Query)/Confirm' is clicked on

2018-12-17 14:41:20 - [MESSAGE][PASSED] - Object: 'Object Repository/Final Object Repo/Page_Form 3 EIS - Cessation as Employer/Page_Form 3 EIS - Cessation as Employer (Query)/Confirm' is clicked on

2018-12-17 14:41:20 - [TEST_STEP][PASSED] - delay: Delayed 2 second(s)

2018-12-17 14:41:22 - [MESSAGE][PASSED] - Delayed 2 second(s)

2018-12-17 14:41:22 - [TEST_STEP][PASSED] - click: Object: 'Object Repository/Final Object Repo/Page_Form 3 EIS - Cessation as Employer/Page_Form 3 EIS - Cessation as Employer (Query)/Message The Case Is Under Query' is clicked on

2018-12-17 14:41:22 - [MESSAGE][PASSED] - Object: 'Object Repository/Final Object Repo/Page_Form 3 EIS - Cessation as Employer/Page_Form 3 EIS - Cessation as Employer (Query)/Message The Case Is Under Query' is clicked on

2018-12-17 14:41:22 - [TEST_STEP][PASSED] - click: Object: 'Object Repository/Final Object Repo/Page_Form 3 EIS - Cessation as Employer/Page_Form 3 EIS - Cessation as Employer (Query)/Letter of inquiry' is clicked on

2018-12-17 14:41:23 - [MESSAGE][PASSED] - Object: 'Object Repository/Final Object Repo/Page_Form 3 EIS - Cessation as Employer/Page_Form 3 EIS - Cessation as Employer (Query)/Letter of inquiry' is clicked on

2018-12-17 14:41:23 - [TEST_STEP][PASSED] - delay: Delayed 1 second(s)

2018-12-17 14:41:24 - [MESSAGE][PASSED] - Delayed 1 second(s)

2018-12-17 14:41:24 - [TEST_STEP][PASSED] - navigateToUrl: Navigate to 'https://assist2-uat.perkeso.gov.my/c/portal/logout' successfully

2018-12-17 14:41:25 - [MESSAGE][PASSED] - Navigate to 'https://assist2-uat.perkeso.gov.my/c/portal/logout' successfully

2018-12-17 14:41:25 - [TEST_STEP][PASSED] - delay: Delayed 1 second(s)

2018-12-17 14:41:26 - [MESSAGE][PASSED] - Delayed 1 second(s)

2018-12-17 14:41:26 - [TEST_STEP][PASSED] - callTestCase: Call Test Case 'Test Cases/Final Aug 2018 - PKS Automation/Registration Module/Workflow/Login and Search Case For Workflow' successfully

2018-12-17 14:41:26 - [TEST_CASE][PASSED] - Test Cases/Final Aug 2018 - PKS Automation/Registration Module/Workflow/Login and Search Case For Workflow: Test Cases/Final Aug 2018 - PKS Automation/Registration Module/Workflow/Login and Search Case For Workflow

2018-12-17 14:41:26 - [TEST_STEP][PASSED] - navigateToUrl: Navigate to 'https://assist2-uat.perkeso.gov.my/login' successfully

2018-12-17 14:41:26 - [MESSAGE][PASSED] - Navigate to 'https://assist2-uat.perkeso.gov.my/login' successfully

2018-12-17 14:41:26 - [TEST_STEP][PASSED] - setText: Text 'johoruo1@gmail.com' is set on object 'Object Repository/Final Object Repo/Login Page/Internal User/Email Address'

2018-12-17 14:41:26 - [MESSAGE][PASSED] - Text 'johoruo1@gmail.com' is set on object 'Object Repository/Final Object Repo/Login Page/Internal User/Email Address'

2018-12-17 14:41:26 - [TEST_STEP][PASSED] - click: Object: 'Object Repository/Final Object Repo/Login Page/Internal User/Next Button' is clicked on

2018-12-17 14:41:27 - [MESSAGE][PASSED] - Object: 'Object Repository/Final Object Repo/Login Page/Internal User/Next Button' is clicked on

2018-12-17 14:41:27 - [TEST_STEP][PASSED] - delay: Delayed 1 second(s)

2018-12-17 14:41:28 - [MESSAGE][PASSED] - Delayed 1 second(s)

2018-12-17 14:41:28 - [TEST_STEP][PASSED] - setEncryptedText: Text ****** has been set on object 'Object Repository/Final Object Repo/Login Page/Internal User/Password'

2018-12-17 14:41:28 - [MESSAGE][PASSED] - Text ****** has been set on object 'Object Repository/Final Object Repo/Login Page/Internal User/Password'

2018-12-17 14:41:28 - [TEST_STEP][PASSED] - click: Object: 'Object Repository/Final Object Repo/Login Page/Internal User/Login Button' is clicked on

2018-12-17 14:41:28 - [MESSAGE][PASSED] - Object: 'Object Repository/Final Object Repo/Login Page/Internal User/Login Button' is clicked on

2018-12-17 14:41:28 - [TEST_STEP][PASSED] - delay: Delayed 2 second(s)

2018-12-17 14:41:30 - [MESSAGE][PASSED] - Delayed 2 second(s)

2018-12-17 14:41:30 - [TEST_STEP][PASSED] - Statement - Try: Delayed 2 second(s)

2018-12-17 14:41:30 - [TEST_STEP][PASSED] - Statement - Checker = false: null

2018-12-17 14:41:30 - [TEST_STEP][PASSED] - Statement - Checker = com.kms.katalon.core.webui.keyword.WebUiBuiltInKeywords.verifyElementHasAttribute(com.kms.katalon.core.testobject.ObjectRepository.findTestObject(Final Object Repo/Landing Page/BM Detecting), "href", 20, OPTIONAL): Object 'Object Repository/Final Object Repo/Landing Page/BM Detecting' has attribute 'href'

2018-12-17 14:41:30 - [MESSAGE][PASSED] - Object 'Object Repository/Final Object Repo/Landing Page/BM Detecting' has attribute 'href'

2018-12-17 14:41:30 - [TEST_STEP][PASSED] - Statement - out.println(Checker): null

2018-12-17 14:41:30 - [TEST_STEP][PASSED] - Statement - If (Checker == false): null

2018-12-17 14:41:30 - [TEST_STEP][PASSED] - Statement - Else: null

2018-12-17 14:41:30 - [TEST_STEP][PASSED] - delay: Delayed 2 second(s)

2018-12-17 14:41:32 - [MESSAGE][PASSED] - Delayed 2 second(s)

2018-12-17 14:41:32 - [TEST_STEP][PASSED] - click: Object: 'Object Repository/Final Object Repo/Page_MyASSIST - ASSIST - Search Pending Case For Add Supporting Document/Search Information' is clicked on

2018-12-17 14:41:32 - [MESSAGE][PASSED] - Object: 'Object Repository/Final Object Repo/Page_MyASSIST - ASSIST - Search Pending Case For Add Supporting Document/Search Information' is clicked on

2018-12-17 14:41:32 - [TEST_STEP][PASSED] - delay: Delayed 3 second(s)

2018-12-17 14:41:35 - [MESSAGE][PASSED] - Delayed 3 second(s)

2018-12-17 14:41:35 - [TEST_STEP][PASSED] - sendKeys: Keys 'ERN122018C200002465' sent to object: 'Object Repository/Final Object Repo/Page_MyASSIST - ASSIST - Search Pending Case For Add Supporting Document/Reference No'

2018-12-17 14:41:36 - [MESSAGE][PASSED] - Keys 'ERN122018C200002465' sent to object: 'Object Repository/Final Object Repo/Page_MyASSIST - ASSIST - Search Pending Case For Add Supporting Document/Reference No'

2018-12-17 14:41:36 - [TEST_STEP][PASSED] - click: Object: 'Object Repository/Final Object Repo/Page_MyASSIST - ASSIST - Search Pending Case For Add Supporting Document/Search Reference No' is clicked on

2018-12-17 14:41:36 - [MESSAGE][PASSED] - Object: 'Object Repository/Final Object Repo/Page_MyASSIST - ASSIST - Search Pending Case For Add Supporting Document/Search Reference No' is clicked on

2018-12-17 14:41:36 - [TEST_STEP][PASSED] - delay: Delayed 2 second(s)

2018-12-17 14:41:38 - [MESSAGE][PASSED] - Delayed 2 second(s)

2018-12-17 14:41:38 - [TEST_STEP][PASSED] - click: Object: 'Object Repository/Final Object Repo/Page_MyASSIST - ASSIST - Search Pending Case For Add Supporting Document/Continue' is clicked on

2018-12-17 14:41:41 - [MESSAGE][PASSED] - Object: 'Object Repository/Final Object Repo/Page_MyASSIST - ASSIST - Search Pending Case For Add Supporting Document/Continue' is clicked on

2018-12-17 14:41:41 - [TEST_STEP][PASSED] - delay: Delayed 20 second(s)

2018-12-17 14:42:01 - [MESSAGE][PASSED] - Delayed 20 second(s)

2018-12-17 14:42:01 - [MESSAGE][PASSED] - Call Test Case 'Test Cases/Final Aug 2018 - PKS Automation/Registration Module/Workflow/Login and Search Case For Workflow' successfully

2018-12-17 14:42:01 - [TEST_STEP][PASSED] - navigateToUrl: Navigate to 'https://assist2-uat.perkeso.gov.my/web/registration/eis-update/form-3-eis-cessation-as-employer?p_p_id=searchforemployersip_WAR_registrationportlet&p_p_lifecycle=0&_searchforemployersip_WAR_registrationportlet_regViewKey=87&_searchforemployersip_WAR_registrationportlet_browserIdKey=1536115932192&_searchforemployersip_WAR_registrationportlet_tempEmployerIdKey=128990&_searchforemployersip_WAR_registrationportlet_employerIdKey=&_searchforemployersip_WAR_registrationportlet_refCaseNo=ERN092018C200002133&_searchforemployersip_WAR_registrationportlet_mvcPath=%2Fapps%2Freg%2Fdiscontinue_business_sip%2Fdiscontinue_business_sip_form.jsp&_searchforemployersip_WAR_registrationportlet_regSectionKey=215' successfully

2018-12-17 14:42:04 - [MESSAGE][PASSED] - Navigate to 'https://assist2-uat.perkeso.gov.my/web/registration/eis-update/form-3-eis-cessation-as-employer?p_p_id=searchforemployersip_WAR_registrationportlet&p_p_lifecycle=0&_searchforemployersip_WAR_registrationportlet_regViewKey=87&_searchforemployersip_WAR_registrationportlet_browserIdKey=1536115932192&_searchforemployersip_WAR_registrationportlet_tempEmployerIdKey=128990&_searchforemployersip_WAR_registrationportlet_employerIdKey=&_searchforemployersip_WAR_registrationportlet_refCaseNo=ERN092018C200002133&_searchforemployersip_WAR_registrationportlet_mvcPath=%2Fapps%2Freg%2Fdiscontinue_business_sip%2Fdiscontinue_business_sip_form.jsp&_searchforemployersip_WAR_registrationportlet_regSectionKey=215' successfully

2018-12-17 14:42:04 - [TEST_STEP][PASSED] - delay: Delayed 10 second(s)

2018-12-17 14:42:14 - [MESSAGE][PASSED] - Delayed 10 second(s)

2018-12-17 14:42:14 - [TEST_STEP][FAILED] - click: Unable to click on object 'Object Repository/Final Object Repo/Page_Form 3 EIS - Cessation as Employer/Page_Form 3 EIS - Cessation as Employer (Query - OTC - UO)/Next' (Root cause: com.kms.katalon.core.webui.exception.WebElementNotFoundException: Web element with id: 'Object Repository/Final Object Repo/Page_Form 3 EIS - Cessation as Employer/Page_Form 3 EIS - Cessation as Employer (Query - OTC - UO)/Next' located by 'By.xpath: //a[(contains(text(), 'NEXT') or contains(., 'NEXT'))]' not found)

2018-12-17 14:42:47 - [MESSAGE][FAILED] - Unable to click on object 'Object Repository/Final Object Repo/Page_Form 3 EIS - Cessation as Employer/Page_Form 3 EIS - Cessation as Employer (Query - OTC - UO)/Next' (Root cause: com.kms.katalon.core.webui.exception.WebElementNotFoundException: Web element with id: 'Object Repository/Final Object Repo/Page_Form 3 EIS - Cessation as Employer/Page_Form 3 EIS - Cessation as Employer (Query - OTC - UO)/Next' located by 'By.xpath: //a[(contains(text(), 'NEXT') or contains(., 'NEXT'))]' not found)
[[ATTACHMENT|C:\\Users\\Admin\\Desktop\\PKS\\Perkeso Phase A\\Reports\\Workflow\\Form 3 EIS - Cessation as Employer\\20181217_140432\\1545028967574.png]]

2018-12-17 14:42:47 - [TEST_STEP][PASSED] - delay: Delayed 2 second(s)

2018-12-17 14:42:49 - [MESSAGE][PASSED] - Delayed 2 second(s)

2018-12-17 14:42:49 - [TEST_STEP][FAILED] - click: Unable to click on object 'Object Repository/Final Object Repo/Page_Form 3 EIS - Cessation as Employer/Page_Form 3 EIS - Cessation as Employer (Query - OTC - UO)/Next in Resigned Page' (Root cause: com.kms.katalon.core.webui.exception.WebElementNotFoundException: Web element with id: 'Object Repository/Final Object Repo/Page_Form 3 EIS - Cessation as Employer/Page_Form 3 EIS - Cessation as Employer (Query - OTC - UO)/Next in Resigned Page' located by 'By.xpath: //a[(text() = ' NEXT
					' or . = ' NEXT
					')]' not found)

2018-12-17 14:43:22 - [MESSAGE][FAILED] - Unable to click on object 'Object Repository/Final Object Repo/Page_Form 3 EIS - Cessation as Employer/Page_Form 3 EIS - Cessation as Employer (Query - OTC - UO)/Next in Resigned Page' (Root cause: com.kms.katalon.core.webui.exception.WebElementNotFoundException: Web element with id: 'Object Repository/Final Object Repo/Page_Form 3 EIS - Cessation as Employer/Page_Form 3 EIS - Cessation as Employer (Query - OTC - UO)/Next in Resigned Page' located by 'By.xpath: //a[(text() = ' NEXT
					' or . = ' NEXT
					')]' not found)
[[ATTACHMENT|C:\\Users\\Admin\\Desktop\\PKS\\Perkeso Phase A\\Reports\\Workflow\\Form 3 EIS - Cessation as Employer\\20181217_140432\\1545029002270.png]]

2018-12-17 14:43:22 - [TEST_STEP][PASSED] - delay: Delayed 2 second(s)

2018-12-17 14:43:24 - [MESSAGE][PASSED] - Delayed 2 second(s)

2018-12-17 14:43:24 - [TEST_STEP][FAILED] - click: Unable to click on object 'Object Repository/Final Object Repo/Page_Form 3 EIS - Cessation as Employer/Page_Form 3 EIS - Cessation as Employer (Query - OTC - UO)/Add Document' (Root cause: com.kms.katalon.core.webui.exception.WebElementNotFoundException: Web element with id: 'Object Repository/Final Object Repo/Page_Form 3 EIS - Cessation as Employer/Page_Form 3 EIS - Cessation as Employer (Query - OTC - UO)/Add Document' located by 'By.xpath: //a[(text() = '
					ADD DOCUMENT
	             ' or . = '
					ADD DOCUMENT
	             ')]' not found)

2018-12-17 14:43:57 - [MESSAGE][FAILED] - Unable to click on object 'Object Repository/Final Object Repo/Page_Form 3 EIS - Cessation as Employer/Page_Form 3 EIS - Cessation as Employer (Query - OTC - UO)/Add Document' (Root cause: com.kms.katalon.core.webui.exception.WebElementNotFoundException: Web element with id: 'Object Repository/Final Object Repo/Page_Form 3 EIS - Cessation as Employer/Page_Form 3 EIS - Cessation as Employer (Query - OTC - UO)/Add Document' located by 'By.xpath: //a[(text() = '
					ADD DOCUMENT
	             ' or . = '
					ADD DOCUMENT
	             ')]' not found)
[[ATTACHMENT|C:\\Users\\Admin\\Desktop\\PKS\\Perkeso Phase A\\Reports\\Workflow\\Form 3 EIS - Cessation as Employer\\20181217_140432\\1545029037343.png]]

2018-12-17 14:43:57 - [TEST_STEP][PASSED] - delay: Delayed 2 second(s)

2018-12-17 14:43:59 - [MESSAGE][PASSED] - Delayed 2 second(s)

2018-12-17 14:43:59 - [TEST_STEP][FAILED] - click: Unable to click on object 'Object Repository/Final Object Repo/Page_Form 3 EIS - Cessation as Employer/Page_Form 3 EIS - Cessation as Employer (Query - OTC - UO)/Document Type' (Root cause: com.kms.katalon.core.webui.exception.WebElementNotFoundException: Web element with id: 'Object Repository/Final Object Repo/Page_Form 3 EIS - Cessation as Employer/Page_Form 3 EIS - Cessation as Employer (Query - OTC - UO)/Document Type' located by 'By.xpath: //span[@aria-labelledby = 'select2-_searchforemployersip_WAR_registrationportlet_objdocTypeId-container']' not found)

2018-12-17 14:44:36 - [MESSAGE][FAILED] - Unable to click on object 'Object Repository/Final Object Repo/Page_Form 3 EIS - Cessation as Employer/Page_Form 3 EIS - Cessation as Employer (Query - OTC - UO)/Document Type' (Root cause: com.kms.katalon.core.webui.exception.WebElementNotFoundException: Web element with id: 'Object Repository/Final Object Repo/Page_Form 3 EIS - Cessation as Employer/Page_Form 3 EIS - Cessation as Employer (Query - OTC - UO)/Document Type' located by 'By.xpath: //span[@aria-labelledby = 'select2-_searchforemployersip_WAR_registrationportlet_objdocTypeId-container']' not found)
[[ATTACHMENT|C:\\Users\\Admin\\Desktop\\PKS\\Perkeso Phase A\\Reports\\Workflow\\Form 3 EIS - Cessation as Employer\\20181217_140432\\1545029075903.png]]

2018-12-17 14:44:36 - [TEST_STEP][PASSED] - delay: Delayed 2 second(s)

2018-12-17 14:44:38 - [MESSAGE][PASSED] - Delayed 2 second(s)

2018-12-17 14:44:38 - [TEST_STEP][FAILED] - click: Unable to click on object 'Object Repository/Final Object Repo/Page_Form 3 EIS - Cessation as Employer/Page_Form 3 EIS - Cessation as Employer (Query - OTC - UO)/Document Type - Others' (Root cause: com.kms.katalon.core.webui.exception.WebElementNotFoundException: Web element with id: 'Object Repository/Final Object Repo/Page_Form 3 EIS - Cessation as Employer/Page_Form 3 EIS - Cessation as Employer (Query - OTC - UO)/Document Type - Others' located by 'By.xpath: //span[(text() = '


	Others
' or . = '


	Others
')]' not found)

2018-12-17 14:45:10 - [MESSAGE][FAILED] - Unable to click on object 'Object Repository/Final Object Repo/Page_Form 3 EIS - Cessation as Employer/Page_Form 3 EIS - Cessation as Employer (Query - OTC - UO)/Document Type - Others' (Root cause: com.kms.katalon.core.webui.exception.WebElementNotFoundException: Web element with id: 'Object Repository/Final Object Repo/Page_Form 3 EIS - Cessation as Employer/Page_Form 3 EIS - Cessation as Employer (Query - OTC - UO)/Document Type - Others' located by 'By.xpath: //span[(text() = '


	Others
' or . = '


	Others
')]' not found)
[[ATTACHMENT|C:\\Users\\Admin\\Desktop\\PKS\\Perkeso Phase A\\Reports\\Workflow\\Form 3 EIS - Cessation as Employer\\20181217_140432\\1545029109734.png]]

2018-12-17 14:45:10 - [TEST_STEP][PASSED] - delay: Delayed 2 second(s)

2018-12-17 14:45:12 - [MESSAGE][PASSED] - Delayed 2 second(s)

2018-12-17 14:45:12 - [TEST_STEP][FAILED] - sendKeys: Unable to send keys 'C:\Users\Public\Pictures\Sample Pictures\Koala.jpg' to object 'Object Repository/Final Object Repo/Page_Form 3 EIS - Cessation as Employer/Page_Form 3 EIS - Cessation as Employer (Query - OTC - UO)/ploading File' (Root cause: com.kms.katalon.core.webui.exception.WebElementNotFoundException: Web element with id: 'Object Repository/Final Object Repo/Page_Form 3 EIS - Cessation as Employer/Page_Form 3 EIS - Cessation as Employer (Query - OTC - UO)/ploading File' located by 'By.xpath: //input[@type = 'file' and @id = '_searchforemployersip_WAR_registrationportlet_uploadFile']' not found)

2018-12-17 14:45:45 - [MESSAGE][FAILED] - Unable to send keys 'C:\Users\Public\Pictures\Sample Pictures\Koala.jpg' to object 'Object Repository/Final Object Repo/Page_Form 3 EIS - Cessation as Employer/Page_Form 3 EIS - Cessation as Employer (Query - OTC - UO)/ploading File' (Root cause: com.kms.katalon.core.webui.exception.WebElementNotFoundException: Web element with id: 'Object Repository/Final Object Repo/Page_Form 3 EIS - Cessation as Employer/Page_Form 3 EIS - Cessation as Employer (Query - OTC - UO)/ploading File' located by 'By.xpath: //input[@type = 'file' and @id = '_searchforemployersip_WAR_registrationportlet_uploadFile']' not found)
[[ATTACHMENT|C:\\Users\\Admin\\Desktop\\PKS\\Perkeso Phase A\\Reports\\Workflow\\Form 3 EIS - Cessation as Employer\\20181217_140432\\1545029144716.png]]

2018-12-17 14:45:45 - [TEST_STEP][PASSED] - delay: Delayed 2 second(s)

2018-12-17 14:45:47 - [MESSAGE][PASSED] - Delayed 2 second(s)

2018-12-17 14:45:47 - [TEST_STEP][FAILED] - click: Unable to click on object 'Object Repository/Final Object Repo/Page_Form 3 EIS - Cessation as Employer/Page_Form 3 EIS - Cessation as Employer (Query - OTC - UO)/Add Document in Uploading Page' (Root cause: com.kms.katalon.core.webui.exception.WebElementNotFoundException: Web element with id: 'Object Repository/Final Object Repo/Page_Form 3 EIS - Cessation as Employer/Page_Form 3 EIS - Cessation as Employer (Query - OTC - UO)/Add Document in Uploading Page' located by 'By.xpath: //a[(text() = '
										ADD DOCUMENT
								     ' or . = '
										ADD DOCUMENT
								     ')]' not found)

2018-12-17 14:46:21 - [MESSAGE][FAILED] - Unable to click on object 'Object Repository/Final Object Repo/Page_Form 3 EIS - Cessation as Employer/Page_Form 3 EIS - Cessation as Employer (Query - OTC - UO)/Add Document in Uploading Page' (Root cause: com.kms.katalon.core.webui.exception.WebElementNotFoundException: Web element with id: 'Object Repository/Final Object Repo/Page_Form 3 EIS - Cessation as Employer/Page_Form 3 EIS - Cessation as Employer (Query - OTC - UO)/Add Document in Uploading Page' located by 'By.xpath: //a[(text() = '
										ADD DOCUMENT
								     ' or . = '
										ADD DOCUMENT
								     ')]' not found)
[[ATTACHMENT|C:\\Users\\Admin\\Desktop\\PKS\\Perkeso Phase A\\Reports\\Workflow\\Form 3 EIS - Cessation as Employer\\20181217_140432\\1545029180730.png]]

2018-12-17 14:46:21 - [TEST_STEP][PASSED] - delay: Delayed 2 second(s)

2018-12-17 14:46:23 - [MESSAGE][PASSED] - Delayed 2 second(s)

2018-12-17 14:46:23 - [TEST_STEP][FAILED] - click: Unable to click on object 'Object Repository/Final Object Repo/Page_Form 3 EIS - Cessation as Employer/Page_Form 3 EIS - Cessation as Employer (Query - OTC - UO)/Exit' (Root cause: com.kms.katalon.core.webui.exception.WebElementNotFoundException: Web element with id: 'Object Repository/Final Object Repo/Page_Form 3 EIS - Cessation as Employer/Page_Form 3 EIS - Cessation as Employer (Query - OTC - UO)/Exit' located by 'By.xpath: //a[(text() = '
									EXIT
				                ' or . = '
									EXIT
				                ')]' not found)

2018-12-17 14:46:55 - [MESSAGE][FAILED] - Unable to click on object 'Object Repository/Final Object Repo/Page_Form 3 EIS - Cessation as Employer/Page_Form 3 EIS - Cessation as Employer (Query - OTC - UO)/Exit' (Root cause: com.kms.katalon.core.webui.exception.WebElementNotFoundException: Web element with id: 'Object Repository/Final Object Repo/Page_Form 3 EIS - Cessation as Employer/Page_Form 3 EIS - Cessation as Employer (Query - OTC - UO)/Exit' located by 'By.xpath: //a[(text() = '
									EXIT
				                ' or . = '
									EXIT
				                ')]' not found)
[[ATTACHMENT|C:\\Users\\Admin\\Desktop\\PKS\\Perkeso Phase A\\Reports\\Workflow\\Form 3 EIS - Cessation as Employer\\20181217_140432\\1545029215414.png]]

2018-12-17 14:46:55 - [TEST_STEP][PASSED] - delay: Delayed 1 second(s)

2018-12-17 14:46:56 - [MESSAGE][PASSED] - Delayed 1 second(s)

2018-12-17 14:46:56 - [TEST_STEP][PASSED] - navigateToUrl: Navigate to 'https://assist2-uat.perkeso.gov.my/c/portal/logout' successfully

2018-12-17 14:46:57 - [MESSAGE][PASSED] - Navigate to 'https://assist2-uat.perkeso.gov.my/c/portal/logout' successfully

2018-12-17 14:46:57 - [TEST_STEP][PASSED] - delay: Delayed 1 second(s)

2018-12-17 14:46:58 - [MESSAGE][PASSED] - Delayed 1 second(s)

2018-12-17 14:46:58 - [TEST_STEP][PASSED] - callTestCase: Call Test Case 'Test Cases/Final Aug 2018 - PKS Automation/Registration Module/Workflow/Login and Search Case For Workflow' successfully

2018-12-17 14:46:58 - [TEST_CASE][PASSED] - Test Cases/Final Aug 2018 - PKS Automation/Registration Module/Workflow/Login and Search Case For Workflow: Test Cases/Final Aug 2018 - PKS Automation/Registration Module/Workflow/Login and Search Case For Workflow

2018-12-17 14:46:58 - [TEST_STEP][PASSED] - navigateToUrl: Navigate to 'https://assist2-uat.perkeso.gov.my/login' successfully

2018-12-17 14:46:59 - [MESSAGE][PASSED] - Navigate to 'https://assist2-uat.perkeso.gov.my/login' successfully

2018-12-17 14:46:59 - [TEST_STEP][PASSED] - setText: Text 'johoruo1@gmail.com' is set on object 'Object Repository/Final Object Repo/Login Page/Internal User/Email Address'

2018-12-17 14:46:59 - [MESSAGE][PASSED] - Text 'johoruo1@gmail.com' is set on object 'Object Repository/Final Object Repo/Login Page/Internal User/Email Address'

2018-12-17 14:46:59 - [TEST_STEP][PASSED] - click: Object: 'Object Repository/Final Object Repo/Login Page/Internal User/Next Button' is clicked on

2018-12-17 14:46:59 - [MESSAGE][PASSED] - Object: 'Object Repository/Final Object Repo/Login Page/Internal User/Next Button' is clicked on

2018-12-17 14:46:59 - [TEST_STEP][PASSED] - delay: Delayed 1 second(s)

2018-12-17 14:47:00 - [MESSAGE][PASSED] - Delayed 1 second(s)

2018-12-17 14:47:00 - [TEST_STEP][PASSED] - setEncryptedText: Text ****** has been set on object 'Object Repository/Final Object Repo/Login Page/Internal User/Password'

2018-12-17 14:47:00 - [MESSAGE][PASSED] - Text ****** has been set on object 'Object Repository/Final Object Repo/Login Page/Internal User/Password'

2018-12-17 14:47:00 - [TEST_STEP][PASSED] - click: Object: 'Object Repository/Final Object Repo/Login Page/Internal User/Login Button' is clicked on

2018-12-17 14:47:00 - [MESSAGE][PASSED] - Object: 'Object Repository/Final Object Repo/Login Page/Internal User/Login Button' is clicked on

2018-12-17 14:47:00 - [TEST_STEP][PASSED] - delay: Delayed 2 second(s)

2018-12-17 14:47:02 - [MESSAGE][PASSED] - Delayed 2 second(s)

2018-12-17 14:47:02 - [TEST_STEP][PASSED] - Statement - Try: Delayed 2 second(s)

2018-12-17 14:47:02 - [TEST_STEP][PASSED] - Statement - Checker = false: null

2018-12-17 14:47:02 - [TEST_STEP][PASSED] - Statement - Checker = com.kms.katalon.core.webui.keyword.WebUiBuiltInKeywords.verifyElementHasAttribute(com.kms.katalon.core.testobject.ObjectRepository.findTestObject(Final Object Repo/Landing Page/BM Detecting), "href", 20, OPTIONAL): Object 'Object Repository/Final Object Repo/Landing Page/BM Detecting' has attribute 'href'

2018-12-17 14:47:03 - [MESSAGE][PASSED] - Object 'Object Repository/Final Object Repo/Landing Page/BM Detecting' has attribute 'href'

2018-12-17 14:47:03 - [TEST_STEP][PASSED] - Statement - out.println(Checker): null

2018-12-17 14:47:03 - [TEST_STEP][PASSED] - Statement - If (Checker == false): null

2018-12-17 14:47:03 - [TEST_STEP][PASSED] - Statement - Else: null

2018-12-17 14:47:03 - [TEST_STEP][PASSED] - delay: Delayed 2 second(s)

2018-12-17 14:47:05 - [MESSAGE][PASSED] - Delayed 2 second(s)

2018-12-17 14:47:05 - [TEST_STEP][PASSED] - click: Object: 'Object Repository/Final Object Repo/Page_MyASSIST - ASSIST - Search Pending Case For Add Supporting Document/Search Information' is clicked on

2018-12-17 14:47:05 - [MESSAGE][PASSED] - Object: 'Object Repository/Final Object Repo/Page_MyASSIST - ASSIST - Search Pending Case For Add Supporting Document/Search Information' is clicked on

2018-12-17 14:47:05 - [TEST_STEP][PASSED] - delay: Delayed 3 second(s)

2018-12-17 14:47:08 - [MESSAGE][PASSED] - Delayed 3 second(s)

2018-12-17 14:47:08 - [TEST_STEP][PASSED] - sendKeys: Keys 'ERN122018C200002465' sent to object: 'Object Repository/Final Object Repo/Page_MyASSIST - ASSIST - Search Pending Case For Add Supporting Document/Reference No'

2018-12-17 14:47:08 - [MESSAGE][PASSED] - Keys 'ERN122018C200002465' sent to object: 'Object Repository/Final Object Repo/Page_MyASSIST - ASSIST - Search Pending Case For Add Supporting Document/Reference No'

2018-12-17 14:47:08 - [TEST_STEP][PASSED] - click: Object: 'Object Repository/Final Object Repo/Page_MyASSIST - ASSIST - Search Pending Case For Add Supporting Document/Search Reference No' is clicked on

2018-12-17 14:47:08 - [MESSAGE][PASSED] - Object: 'Object Repository/Final Object Repo/Page_MyASSIST - ASSIST - Search Pending Case For Add Supporting Document/Search Reference No' is clicked on

2018-12-17 14:47:08 - [TEST_STEP][PASSED] - delay: Delayed 2 second(s)

2018-12-17 14:47:10 - [MESSAGE][PASSED] - Delayed 2 second(s)

2018-12-17 14:47:10 - [TEST_STEP][PASSED] - click: Object: 'Object Repository/Final Object Repo/Page_MyASSIST - ASSIST - Search Pending Case For Add Supporting Document/Continue' is clicked on

2018-12-17 14:47:13 - [MESSAGE][PASSED] - Object: 'Object Repository/Final Object Repo/Page_MyASSIST - ASSIST - Search Pending Case For Add Supporting Document/Continue' is clicked on

2018-12-17 14:47:13 - [TEST_STEP][PASSED] - delay: Delayed 20 second(s)

2018-12-17 14:47:33 - [MESSAGE][PASSED] - Delayed 20 second(s)

2018-12-17 14:47:33 - [MESSAGE][PASSED] - Call Test Case 'Test Cases/Final Aug 2018 - PKS Automation/Registration Module/Workflow/Login and Search Case For Workflow' successfully

2018-12-17 14:47:33 - [TEST_STEP][PASSED] - click: Object: 'Object Repository/Final Object Repo/Page_Form 3 EIS - Cessation as Employer/Page_Form 3 EIS - Cessation as Employer (Approve)/Save  Continue in Form 3 Page' is clicked on

2018-12-17 14:47:34 - [MESSAGE][PASSED] - Object: 'Object Repository/Final Object Repo/Page_Form 3 EIS - Cessation as Employer/Page_Form 3 EIS - Cessation as Employer (Approve)/Save  Continue in Form 3 Page' is clicked on

2018-12-17 14:47:34 - [TEST_STEP][PASSED] - delay: Delayed 2 second(s)

2018-12-17 14:47:36 - [MESSAGE][PASSED] - Delayed 2 second(s)

2018-12-17 14:47:36 - [TEST_STEP][PASSED] - click: Object: 'Object Repository/Final Object Repo/Page_Form 3 EIS - Cessation as Employer/Page_Form 3 EIS - Cessation as Employer (Approve)/Save  Continue in Resigned Page' is clicked on

2018-12-17 14:47:36 - [MESSAGE][PASSED] - Object: 'Object Repository/Final Object Repo/Page_Form 3 EIS - Cessation as Employer/Page_Form 3 EIS - Cessation as Employer (Approve)/Save  Continue in Resigned Page' is clicked on

2018-12-17 14:47:36 - [TEST_STEP][PASSED] - delay: Delayed 2 second(s)

2018-12-17 14:47:38 - [MESSAGE][PASSED] - Delayed 2 second(s)

2018-12-17 14:47:38 - [TEST_STEP][PASSED] - click: Object: 'Object Repository/Final Object Repo/Page_Form 3 EIS - Cessation as Employer/Page_Form 3 EIS - Cessation as Employer (Approve)/Save  Continue in Uploading Page' is clicked on

2018-12-17 14:47:39 - [MESSAGE][PASSED] - Object: 'Object Repository/Final Object Repo/Page_Form 3 EIS - Cessation as Employer/Page_Form 3 EIS - Cessation as Employer (Approve)/Save  Continue in Uploading Page' is clicked on

2018-12-17 14:47:39 - [TEST_STEP][PASSED] - delay: Delayed 2 second(s)

2018-12-17 14:47:41 - [MESSAGE][PASSED] - Delayed 2 second(s)

2018-12-17 14:47:41 - [TEST_STEP][PASSED] - click: Object: 'Object Repository/Final Object Repo/Page_Form 3 EIS - Cessation as Employer/Page_Form 3 EIS - Cessation as Employer (Reject)/Reject' is clicked on

2018-12-17 14:47:44 - [MESSAGE][PASSED] - Object: 'Object Repository/Final Object Repo/Page_Form 3 EIS - Cessation as Employer/Page_Form 3 EIS - Cessation as Employer (Reject)/Reject' is clicked on

2018-12-17 14:47:44 - [TEST_STEP][PASSED] - delay: Delayed 2 second(s)

2018-12-17 14:47:46 - [MESSAGE][PASSED] - Delayed 2 second(s)

2018-12-17 14:47:46 - [TEST_STEP][PASSED] - click: Object: 'Object Repository/Final Object Repo/Page_Form 3 EIS - Cessation as Employer/Page_Form 3 EIS - Cessation as Employer (Reject)/Confirm' is clicked on

2018-12-17 14:47:46 - [MESSAGE][PASSED] - Object: 'Object Repository/Final Object Repo/Page_Form 3 EIS - Cessation as Employer/Page_Form 3 EIS - Cessation as Employer (Reject)/Confirm' is clicked on

2018-12-17 14:47:46 - [TEST_STEP][PASSED] - delay: Delayed 2 second(s)

2018-12-17 14:47:48 - [MESSAGE][PASSED] - Delayed 2 second(s)

2018-12-17 14:47:48 - [TEST_STEP][PASSED] - click: Object: 'Object Repository/Final Object Repo/Page_Form 3 EIS - Cessation as Employer/Page_Form 3 EIS - Cessation as Employer (Reject)/Message This Case has been Rejected' is clicked on

2018-12-17 14:47:53 - [MESSAGE][PASSED] - Object: 'Object Repository/Final Object Repo/Page_Form 3 EIS - Cessation as Employer/Page_Form 3 EIS - Cessation as Employer (Reject)/Message This Case has been Rejected' is clicked on

2018-12-17 14:47:53 - [TEST_STEP][PASSED] - click: Object: 'Object Repository/Final Object Repo/Page_Form 3 EIS - Cessation as Employer/Page_Form 3 EIS - Cessation as Employer (Reject)/Letter of update rejection' is clicked on

2018-12-17 14:47:53 - [MESSAGE][PASSED] - Object: 'Object Repository/Final Object Repo/Page_Form 3 EIS - Cessation as Employer/Page_Form 3 EIS - Cessation as Employer (Reject)/Letter of update rejection' is clicked on

2018-12-17 14:47:53 - [MESSAGE][FAILED] - Unable to call Test Case with id 'Test Cases/Final Aug 2018 - PKS Automation/Registration Module/Workflow/Form 3 EIS - Cessation As Employer/Template/Form 3 A - Cessation As Employer (Query)' (Root cause: Call Test Case 'Test Cases/Final Aug 2018 - PKS Automation/Registration Module/Workflow/Form 3 EIS - Cessation As Employer/Template/Form 3 A - Cessation As Employer (Query)' failed)]]></system-out>
         <system-err><![CDATA[2018-12-17 14:38:23 - [TEST_CASE][FAILED] - Test Cases/Final Aug 2018 - PKS Automation/Registration Module/Workflow/Form 3 EIS - Cessation As Employer/OTC to UO (Query): Test Cases/Final Aug 2018 - PKS Automation/Registration Module/Workflow/Form 3 EIS - Cessation As Employer/OTC to UO (Query) FAILED because (of) (Stack trace: com.kms.katalon.core.exception.StepFailedException: Unable to click on object 'Object Repository/Final Object Repo/Page_Form 3 EIS - Cessation as Employer/Page_Form 3 EIS - Cessation as Employer (Query - OTC - UO)/Next' (Root cause: com.kms.katalon.core.webui.exception.WebElementNotFoundException: Web element with id: 'Object Repository/Final Object Repo/Page_Form 3 EIS - Cessation as Employer/Page_Form 3 EIS - Cessation as Employer (Query - OTC - UO)/Next' located by 'By.xpath: //a[(contains(text(), 'NEXT') or contains(., 'NEXT'))]' not found)
	at com.kms.katalon.core.keyword.internal.KeywordMain.stepFailed(KeywordMain.groovy:32)
	at com.kms.katalon.core.webui.keyword.internal.WebUIKeywordMain.stepFailed(WebUIKeywordMain.groovy:65)
	at com.kms.katalon.core.webui.keyword.internal.WebUIKeywordMain.runKeyword(WebUIKeywordMain.groovy:27)
	at com.kms.katalon.core.webui.keyword.builtin.ClickKeyword.click(ClickKeyword.groovy:86)
	at com.kms.katalon.core.webui.keyword.builtin.ClickKeyword.execute(ClickKeyword.groovy:67)
	at com.kms.katalon.core.keyword.internal.KeywordExecutor.executeKeywordForPlatform(KeywordExecutor.groovy:53)
	at com.kms.katalon.core.webui.keyword.WebUiBuiltInKeywords.click(WebUiBuiltInKeywords.groovy:616)
	at com.kms.katalon.core.webui.keyword.WebUiBuiltInKeywords$click$2.call(Unknown Source)
	at Script1536114876563.run(Script1536114876563.groovy:87)
	at com.kms.katalon.core.main.ScriptEngine.run(ScriptEngine.java:183)
	at com.kms.katalon.core.main.ScriptEngine.runScriptAsRawText(ScriptEngine.java:108)
	at com.kms.katalon.core.main.TestCaseExecutor.runScript(TestCaseExecutor.java:294)
	at com.kms.katalon.core.main.TestCaseExecutor.doExecute(TestCaseExecutor.java:285)
	at com.kms.katalon.core.main.TestCaseExecutor.processExecutionPhase(TestCaseExecutor.java:264)
	at com.kms.katalon.core.main.TestCaseExecutor.accessMainPhase(TestCaseExecutor.java:256)
	at com.kms.katalon.core.main.TestCaseExecutor.execute(TestCaseExecutor.java:200)
	at com.kms.katalon.core.main.TestCaseMain.runTestCase(TestCaseMain.java:99)
	at com.kms.katalon.core.keyword.builtin.CallTestCaseKeyword$_callTestCase_closure1.doCall(CallTestCaseKeyword.groovy:60)
	at com.kms.katalon.core.keyword.builtin.CallTestCaseKeyword$_callTestCase_closure1.call(CallTestCaseKeyword.groovy)
	at com.kms.katalon.core.keyword.internal.KeywordMain.runKeyword(KeywordMain.groovy:54)
	at com.kms.katalon.core.keyword.builtin.CallTestCaseKeyword.callTestCase(CallTestCaseKeyword.groovy:81)
	at com.kms.katalon.core.keyword.builtin.CallTestCaseKeyword.execute(CallTestCaseKeyword.groovy:45)
	at com.kms.katalon.core.keyword.internal.KeywordExecutor.executeKeywordForPlatform(KeywordExecutor.groovy:53)
	at com.kms.katalon.core.keyword.BuiltinKeywords.callTestCase(BuiltinKeywords.groovy:334)
	at sun.reflect.GeneratedMethodAccessor13.invoke(Unknown Source)
	at sun.reflect.DelegatingMethodAccessorImpl.invoke(DelegatingMethodAccessorImpl.java:43)
	at java.lang.reflect.Method.invoke(Method.java:498)
	at org.codehaus.groovy.reflection.CachedMethod.invoke(CachedMethod.java:93)
	at groovy.lang.MetaMethod.doMethodInvoke(MetaMethod.java:325)
	at groovy.lang.MetaClassImpl.invokeStaticMethod(MetaClassImpl.java:1469)
	at org.codehaus.groovy.runtime.callsite.StaticMetaClassSite.call(StaticMetaClassSite.java:53)
	at org.codehaus.groovy.runtime.callsite.CallSiteArray.defaultCall(CallSiteArray.java:48)
	at org.codehaus.groovy.runtime.callsite.AbstractCallSite.call(AbstractCallSite.java:113)
	at org.codehaus.groovy.runtime.callsite.AbstractCallSite.call(AbstractCallSite.java:141)
	at Script1536204253481.run(Script1536204253481.groovy:25)
	at com.kms.katalon.core.main.ScriptEngine.run(ScriptEngine.java:183)
	at com.kms.katalon.core.main.ScriptEngine.runScriptAsRawText(ScriptEngine.java:108)
	at com.kms.katalon.core.main.TestCaseExecutor.runScript(TestCaseExecutor.java:294)
	at com.kms.katalon.core.main.TestCaseExecutor.doExecute(TestCaseExecutor.java:285)
	at com.kms.katalon.core.main.TestCaseExecutor.processExecutionPhase(TestCaseExecutor.java:264)
	at com.kms.katalon.core.main.TestCaseExecutor.accessMainPhase(TestCaseExecutor.java:256)
	at com.kms.katalon.core.main.TestCaseExecutor.execute(TestCaseExecutor.java:200)
	at com.kms.katalon.core.main.TestSuiteExecutor.accessTestCaseMainPhase(TestSuiteExecutor.java:129)
	at com.kms.katalon.core.main.TestSuiteExecutor.accessTestSuiteMainPhase(TestSuiteExecutor.java:112)
	at com.kms.katalon.core.main.TestSuiteExecutor.execute(TestSuiteExecutor.java:81)
	at com.kms.katalon.core.main.TestCaseMain.startTestSuite(TestCaseMain.java:142)
	at com.kms.katalon.core.main.TestCaseMain$startTestSuite$0.call(Unknown Source)
	at org.codehaus.groovy.runtime.callsite.CallSiteArray.defaultCall(CallSiteArray.java:48)
	at org.codehaus.groovy.runtime.callsite.AbstractCallSite.call(AbstractCallSite.java:113)
	at org.codehaus.groovy.runtime.callsite.AbstractCallSite.call(AbstractCallSite.java:141)
	at TempTestSuite1545026672972.run(TempTestSuite1545026672972.groovy:36)
	at groovy.lang.GroovyShell.runScriptOrMainOrTestOrRunnable(GroovyShell.java:263)
	at groovy.lang.GroovyShell.run(GroovyShell.java:518)
	at groovy.lang.GroovyShell.run(GroovyShell.java:507)
	at groovy.ui.GroovyMain.processOnce(GroovyMain.java:653)
	at groovy.ui.GroovyMain.run(GroovyMain.java:384)
	at groovy.ui.GroovyMain.process(GroovyMain.java:370)
	at groovy.ui.GroovyMain.processArgs(GroovyMain.java:129)
	at groovy.ui.GroovyMain.main(GroovyMain.java:109)
	at sun.reflect.NativeMethodAccessorImpl.invoke0(Native Method)
	at sun.reflect.NativeMethodAccessorImpl.invoke(NativeMethodAccessorImpl.java:62)
	at sun.reflect.DelegatingMethodAccessorImpl.invoke(DelegatingMethodAccessorImpl.java:43)
	at java.lang.reflect.Method.invoke(Method.java:498)
	at org.codehaus.groovy.tools.GroovyStarter.rootLoader(GroovyStarter.java:109)
	at org.codehaus.groovy.tools.GroovyStarter.main(GroovyStarter.java:131)
)]]></system-err>
      </testcase>
      <testcase name="Test Cases/Final Aug 2018 - PKS Automation/Registration Module/Workflow/Form 3 EIS - Cessation As Employer/OTC to UO (Reject)" classname="Test Cases/Final Aug 2018 - PKS Automation/Registration Module/Workflow/Form 3 EIS - Cessation As Employer/OTC to UO (Reject)" status="PASSED">
         <system-out><![CDATA[2018-12-17 14:47:54 - [TEST_CASE][PASSED] - Test Cases/Final Aug 2018 - PKS Automation/Registration Module/Workflow/Form 3 EIS - Cessation As Employer/OTC to UO (Reject): Test Cases/Final Aug 2018 - PKS Automation/Registration Module/Workflow/Form 3 EIS - Cessation As Employer/OTC to UO (Reject)

2018-12-17 14:47:54 - [TEST_STEP][PASSED] - callTestCase: Call Test Case 'Test Cases/Final Aug 2018 - PKS Automation/Registration Module/Workflow/Form 3 EIS - Cessation As Employer/Template/Form 3 A - Cessation As Employer (OTC)' successfully

2018-12-17 14:47:54 - [TEST_CASE][PASSED] - Test Cases/Final Aug 2018 - PKS Automation/Registration Module/Workflow/Form 3 EIS - Cessation As Employer/Template/Form 3 A - Cessation As Employer (OTC): Test Cases/Final Aug 2018 - PKS Automation/Registration Module/Workflow/Form 3 EIS - Cessation As Employer/Template/Form 3 A - Cessation As Employer (OTC)

2018-12-17 14:47:54 - [TEST_STEP][PASSED] - openBrowser: Browser is opened with url: ''

2018-12-17 14:47:54 - [MESSAGE][WARNING] - A browser is already opened. Closing browser and opening a new one

2018-12-17 14:47:57 - [MESSAGE][PASSED] - Browser is opened with url: ''

2018-12-17 14:47:57 - [TEST_STEP][PASSED] - navigateToUrl: Navigate to 'https://assist2-uat.perkeso.gov.my/login' successfully

2018-12-17 14:47:58 - [MESSAGE][PASSED] - Navigate to 'https://assist2-uat.perkeso.gov.my/login' successfully

2018-12-17 14:47:58 - [TEST_STEP][PASSED] - setText: Text 'johorotc1@gmail.com' is set on object 'Object Repository/Final Object Repo/Login Page/Internal User/Email Address'

2018-12-17 14:47:58 - [MESSAGE][PASSED] - Text 'johorotc1@gmail.com' is set on object 'Object Repository/Final Object Repo/Login Page/Internal User/Email Address'

2018-12-17 14:47:58 - [TEST_STEP][PASSED] - click: Object: 'Object Repository/Final Object Repo/Login Page/Internal User/Next Button' is clicked on

2018-12-17 14:47:59 - [MESSAGE][PASSED] - Object: 'Object Repository/Final Object Repo/Login Page/Internal User/Next Button' is clicked on

2018-12-17 14:47:59 - [TEST_STEP][PASSED] - delay: Delayed 1 second(s)

2018-12-17 14:48:00 - [MESSAGE][PASSED] - Delayed 1 second(s)

2018-12-17 14:48:00 - [TEST_STEP][PASSED] - setEncryptedText: Text ****** has been set on object 'Object Repository/Final Object Repo/Login Page/Internal User/Password'

2018-12-17 14:48:00 - [MESSAGE][PASSED] - Text ****** has been set on object 'Object Repository/Final Object Repo/Login Page/Internal User/Password'

2018-12-17 14:48:00 - [TEST_STEP][PASSED] - click: Object: 'Object Repository/Final Object Repo/Login Page/Internal User/Login Button' is clicked on

2018-12-17 14:48:00 - [MESSAGE][PASSED] - Object: 'Object Repository/Final Object Repo/Login Page/Internal User/Login Button' is clicked on

2018-12-17 14:48:00 - [TEST_STEP][PASSED] - delay: Delayed 1 second(s)

2018-12-17 14:48:01 - [MESSAGE][PASSED] - Delayed 1 second(s)

2018-12-17 14:48:01 - [TEST_STEP][PASSED] - Statement - Try: Delayed 2 second(s)

2018-12-17 14:48:01 - [TEST_STEP][PASSED] - Statement - Checker = false: null

2018-12-17 14:48:01 - [TEST_STEP][PASSED] - Statement - Checker = com.kms.katalon.core.webui.keyword.WebUiBuiltInKeywords.verifyElementHasAttribute(com.kms.katalon.core.testobject.ObjectRepository.findTestObject(Final Object Repo/Landing Page/BM Detecting), "href", 20, OPTIONAL): Object 'Object Repository/Final Object Repo/Landing Page/BM Detecting' has attribute 'href'

2018-12-17 14:48:02 - [MESSAGE][PASSED] - Object 'Object Repository/Final Object Repo/Landing Page/BM Detecting' has attribute 'href'

2018-12-17 14:48:02 - [TEST_STEP][PASSED] - Statement - out.println(Checker): null

2018-12-17 14:48:02 - [TEST_STEP][PASSED] - Statement - If (Checker == false): null

2018-12-17 14:48:02 - [TEST_STEP][PASSED] - Statement - Else: null

2018-12-17 14:48:02 - [TEST_STEP][PASSED] - delay: Delayed 2 second(s)

2018-12-17 14:48:04 - [MESSAGE][PASSED] - Delayed 2 second(s)

2018-12-17 14:48:04 - [TEST_STEP][PASSED] - navigateToUrl: Navigate to 'https://assist2-uat.perkeso.gov.my/web/registration/eis-update/form-3-eis-cessation-as-employer' successfully

2018-12-17 14:48:05 - [MESSAGE][PASSED] - Navigate to 'https://assist2-uat.perkeso.gov.my/web/registration/eis-update/form-3-eis-cessation-as-employer' successfully

2018-12-17 14:48:05 - [TEST_STEP][PASSED] - delay: Delayed 1 second(s)

2018-12-17 14:48:06 - [MESSAGE][PASSED] - Delayed 1 second(s)

2018-12-17 14:48:06 - [TEST_STEP][PASSED] - setText: Text 'E1102069769W' is set on object 'Object Repository/Final Object Repo/Page_Form 3 EIS - Cessation as Employer/Employer Code'

2018-12-17 14:48:06 - [MESSAGE][PASSED] - Text 'E1102069769W' is set on object 'Object Repository/Final Object Repo/Page_Form 3 EIS - Cessation as Employer/Employer Code'

2018-12-17 14:48:06 - [TEST_STEP][PASSED] - click: Object: 'Object Repository/Final Object Repo/Page_Form 3 EIS - Cessation as Employer/Search' is clicked on

2018-12-17 14:48:06 - [MESSAGE][PASSED] - Object: 'Object Repository/Final Object Repo/Page_Form 3 EIS - Cessation as Employer/Search' is clicked on

2018-12-17 14:48:06 - [TEST_STEP][PASSED] - click: Object: 'Object Repository/Final Object Repo/Page_Form 3 EIS - Cessation as Employer/Edit' is clicked on

2018-12-17 14:48:09 - [MESSAGE][PASSED] - Object: 'Object Repository/Final Object Repo/Page_Form 3 EIS - Cessation as Employer/Edit' is clicked on

2018-12-17 14:48:09 - [TEST_STEP][PASSED] - delay: Delayed 1 second(s)

2018-12-17 14:48:10 - [MESSAGE][PASSED] - Delayed 1 second(s)

2018-12-17 14:48:10 - [TEST_STEP][PASSED] - Statement - abc = com.kms.katalon.core.webui.keyword.WebUiBuiltInKeywords.getAttribute(com.kms.katalon.core.testobject.ObjectRepository.findTestObject(Final Object Repo/Page_Form 3 EIS - Cessation as Employer/Employer Status), "value"): Attribute 'value' of object 'Object Repository/Final Object Repo/Page_Form 3 EIS - Cessation as Employer/Employer Status' is: 'Active'

2018-12-17 14:48:10 - [MESSAGE][PASSED] - Attribute 'value' of object 'Object Repository/Final Object Repo/Page_Form 3 EIS - Cessation as Employer/Employer Status' is: 'Active'

2018-12-17 14:48:10 - [TEST_STEP][PASSED] - Statement - out.println(abc): null

2018-12-17 14:48:10 - [TEST_STEP][PASSED] - Statement - If (abc == "Active"): Object: 'Object Repository/Final Object Repo/Page_Form 3 EIS - Cessation as Employer/Dormant EIS' is clicked on

2018-12-17 14:48:10 - [TEST_STEP][PASSED] - click: Object: 'Object Repository/Final Object Repo/Page_Form 3 EIS - Cessation as Employer/Change Employer Status to' is clicked on

2018-12-17 14:48:10 - [MESSAGE][PASSED] - Object: 'Object Repository/Final Object Repo/Page_Form 3 EIS - Cessation as Employer/Change Employer Status to' is clicked on

2018-12-17 14:48:10 - [TEST_STEP][PASSED] - click: Object: 'Object Repository/Final Object Repo/Page_Form 3 EIS - Cessation as Employer/Dormant EIS' is clicked on

2018-12-17 14:48:10 - [MESSAGE][PASSED] - Object: 'Object Repository/Final Object Repo/Page_Form 3 EIS - Cessation as Employer/Dormant EIS' is clicked on

2018-12-17 14:48:10 - [TEST_STEP][PASSED] - click: Object: 'Object Repository/Final Object Repo/Page_Form 3 EIS - Cessation as Employer/Calender' is clicked on

2018-12-17 14:48:11 - [MESSAGE][PASSED] - Object: 'Object Repository/Final Object Repo/Page_Form 3 EIS - Cessation as Employer/Calender' is clicked on

2018-12-17 14:48:11 - [TEST_STEP][PASSED] - delay: Delayed 1 second(s)

2018-12-17 14:48:12 - [MESSAGE][PASSED] - Delayed 1 second(s)

2018-12-17 14:48:12 - [TEST_STEP][PASSED] - click: Object: 'Object Repository/Final Object Repo/Page_Form 3 EIS - Cessation as Employer/Calender - Date' is clicked on

2018-12-17 14:48:12 - [MESSAGE][PASSED] - Object: 'Object Repository/Final Object Repo/Page_Form 3 EIS - Cessation as Employer/Calender - Date' is clicked on

2018-12-17 14:48:12 - [TEST_STEP][PASSED] - click: Object: 'Object Repository/Final Object Repo/Page_Form 3 EIS - Cessation as Employer/Save  Continue in Form 3 EIS Page' is clicked on

2018-12-17 14:48:12 - [MESSAGE][PASSED] - Object: 'Object Repository/Final Object Repo/Page_Form 3 EIS - Cessation as Employer/Save  Continue in Form 3 EIS Page' is clicked on

2018-12-17 14:48:12 - [TEST_STEP][PASSED] - delay: Delayed 1 second(s)

2018-12-17 14:48:13 - [MESSAGE][PASSED] - Delayed 1 second(s)

2018-12-17 14:48:13 - [TEST_STEP][PASSED] - click: Object: 'Object Repository/Final Object Repo/Page_Form 3 EIS - Cessation as Employer/Employment Resign Date' is clicked on

2018-12-17 14:48:14 - [MESSAGE][PASSED] - Object: 'Object Repository/Final Object Repo/Page_Form 3 EIS - Cessation as Employer/Employment Resign Date' is clicked on

2018-12-17 14:48:14 - [TEST_STEP][PASSED] - selectOptionByValue: All options with value '2030' are selected in object 'Object Repository/Final Object Repo/Page_Form 3 EIS - Cessation as Employer/Employment Resign Date - Year' 

2018-12-17 14:48:14 - [MESSAGE][PASSED] - All options with value '2030' are selected in object 'Object Repository/Final Object Repo/Page_Form 3 EIS - Cessation as Employer/Employment Resign Date - Year' 

2018-12-17 14:48:14 - [TEST_STEP][PASSED] - delay: Delayed 2 second(s)

2018-12-17 14:48:16 - [MESSAGE][PASSED] - Delayed 2 second(s)

2018-12-17 14:48:16 - [TEST_STEP][PASSED] - click: Object: 'Object Repository/Final Object Repo/Page_Form 3 EIS - Cessation as Employer/Employment Resign Date - Year - Date' is clicked on

2018-12-17 14:48:16 - [MESSAGE][PASSED] - Object: 'Object Repository/Final Object Repo/Page_Form 3 EIS - Cessation as Employer/Employment Resign Date - Year - Date' is clicked on

2018-12-17 14:48:16 - [TEST_STEP][PASSED] - delay: Delayed 2 second(s)

2018-12-17 14:48:18 - [MESSAGE][PASSED] - Delayed 2 second(s)

2018-12-17 14:48:18 - [TEST_STEP][PASSED] - click: Object: 'Object Repository/Final Object Repo/Page_Form 3 EIS - Cessation as Employer/Save  Continue in Employment Resign Page' is clicked on

2018-12-17 14:48:18 - [MESSAGE][PASSED] - Object: 'Object Repository/Final Object Repo/Page_Form 3 EIS - Cessation as Employer/Save  Continue in Employment Resign Page' is clicked on

2018-12-17 14:48:18 - [TEST_STEP][PASSED] - delay: Delayed 2 second(s)

2018-12-17 14:48:20 - [MESSAGE][PASSED] - Delayed 2 second(s)

2018-12-17 14:48:20 - [TEST_STEP][PASSED] - click: Object: 'Object Repository/Final Object Repo/Page_Form 3 EIS - Cessation as Employer/Set Latest - Yes' is clicked on

2018-12-17 14:48:21 - [MESSAGE][PASSED] - Object: 'Object Repository/Final Object Repo/Page_Form 3 EIS - Cessation as Employer/Set Latest - Yes' is clicked on

2018-12-17 14:48:21 - [TEST_STEP][PASSED] - delay: Delayed 2 second(s)

2018-12-17 14:48:23 - [MESSAGE][PASSED] - Delayed 2 second(s)

2018-12-17 14:48:23 - [TEST_STEP][PASSED] - click: Object: 'Object Repository/Final Object Repo/Page_Form 3 EIS - Cessation as Employer/Add Document' is clicked on

2018-12-17 14:48:24 - [MESSAGE][PASSED] - Object: 'Object Repository/Final Object Repo/Page_Form 3 EIS - Cessation as Employer/Add Document' is clicked on

2018-12-17 14:48:24 - [TEST_STEP][PASSED] - delay: Delayed 3 second(s)

2018-12-17 14:48:27 - [MESSAGE][PASSED] - Delayed 3 second(s)

2018-12-17 14:48:27 - [TEST_STEP][PASSED] - click: Object: 'Object Repository/Final Object Repo/Page_Form 3 EIS - Cessation as Employer/Document Type' is clicked on

2018-12-17 14:48:27 - [MESSAGE][PASSED] - Object: 'Object Repository/Final Object Repo/Page_Form 3 EIS - Cessation as Employer/Document Type' is clicked on

2018-12-17 14:48:27 - [TEST_STEP][PASSED] - click: Object: 'Object Repository/Final Object Repo/Page_Form 3 EIS - Cessation as Employer/Document Type - Form 3' is clicked on

2018-12-17 14:48:27 - [MESSAGE][PASSED] - Object: 'Object Repository/Final Object Repo/Page_Form 3 EIS - Cessation as Employer/Document Type - Form 3' is clicked on

2018-12-17 14:48:27 - [TEST_STEP][PASSED] - delay: Delayed 2 second(s)

2018-12-17 14:48:29 - [MESSAGE][PASSED] - Delayed 2 second(s)

2018-12-17 14:48:29 - [TEST_STEP][PASSED] - sendKeys: Keys 'C:\Users\Public\Pictures\Sample Pictures\Koala.jpg' sent to object: 'Object Repository/Final Object Repo/Page_Form 3 EIS - Cessation as Employer/ploading File'

2018-12-17 14:48:29 - [MESSAGE][PASSED] - Keys 'C:\Users\Public\Pictures\Sample Pictures\Koala.jpg' sent to object: 'Object Repository/Final Object Repo/Page_Form 3 EIS - Cessation as Employer/ploading File'

2018-12-17 14:48:29 - [TEST_STEP][PASSED] - delay: Delayed 1 second(s)

2018-12-17 14:48:30 - [MESSAGE][PASSED] - Delayed 1 second(s)

2018-12-17 14:48:30 - [TEST_STEP][PASSED] - click: Object: 'Object Repository/Final Object Repo/Page_Form 3 EIS - Cessation as Employer/Add Document in Uploading Page' is clicked on

2018-12-17 14:48:30 - [MESSAGE][PASSED] - Object: 'Object Repository/Final Object Repo/Page_Form 3 EIS - Cessation as Employer/Add Document in Uploading Page' is clicked on

2018-12-17 14:48:30 - [TEST_STEP][PASSED] - delay: Delayed 2 second(s)

2018-12-17 14:48:32 - [MESSAGE][PASSED] - Delayed 2 second(s)

2018-12-17 14:48:32 - [TEST_STEP][PASSED] - Statement - CaseReferenceNo = com.kms.katalon.core.webui.keyword.WebUiBuiltInKeywords.getText(com.kms.katalon.core.testobject.ObjectRepository.findTestObject(Final Object Repo/Page_Update Employer Information/Reference Number in Update Employee Information Page)): Text of object 'Object Repository/Final Object Repo/Page_Update Employer Information/Reference Number in Update Employee Information Page' is: 'ERN122018C200002466'

2018-12-17 14:48:34 - [MESSAGE][PASSED] - Text of object 'Object Repository/Final Object Repo/Page_Update Employer Information/Reference Number in Update Employee Information Page' is: 'ERN122018C200002466'

2018-12-17 14:48:34 - [TEST_STEP][PASSED] - callTestCase: Call Test Case 'Test Cases/Final Aug 2018 - PKS Automation/Common/Reference Number Setter' successfully

2018-12-17 14:48:34 - [TEST_CASE][PASSED] - Test Cases/Final Aug 2018 - PKS Automation/Common/Reference Number Setter: Test Cases/Final Aug 2018 - PKS Automation/Common/Reference Number Setter

2018-12-17 14:48:34 - [TEST_STEP][PASSED] - Statement - RefNoOldFile = new java.io.File(C://Users//Admin//Desktop//PKS//Automation Reference Point//KatalonReference.txt): null

2018-12-17 14:48:34 - [TEST_STEP][PASSED] - Statement - RefNoOldFile.delete(): null

2018-12-17 14:48:34 - [TEST_STEP][PASSED] - delay: Delayed 5 second(s)

2018-12-17 14:48:39 - [MESSAGE][PASSED] - Delayed 5 second(s)

2018-12-17 14:48:39 - [TEST_STEP][PASSED] - Statement - RefNo = new java.io.File(C://Users//Admin//Desktop//PKS//Automation Reference Point//KatalonReference.txt): null

2018-12-17 14:48:39 - [TEST_STEP][PASSED] - Statement - f2 = new java.io.FileWriter(RefNo, false): null

2018-12-17 14:48:39 - [TEST_STEP][PASSED] - Statement - f2.write(CaseReferenceNo): null

2018-12-17 14:48:39 - [TEST_STEP][PASSED] - Statement - f2.close(): null

2018-12-17 14:48:39 - [TEST_STEP][PASSED] - Statement - out.println("


" + CaseReferenceNo + "


"): null

2018-12-17 14:48:39 - [MESSAGE][PASSED] - Call Test Case 'Test Cases/Final Aug 2018 - PKS Automation/Common/Reference Number Setter' successfully

2018-12-17 14:48:39 - [TEST_STEP][PASSED] - delay: Delayed 2 second(s)

2018-12-17 14:48:41 - [MESSAGE][PASSED] - Delayed 2 second(s)

2018-12-17 14:48:41 - [TEST_STEP][PASSED] - click: Object: 'Object Repository/Final Object Repo/Page_Form 3 EIS - Cessation as Employer/Save  Continue in Uploading Page' is clicked on

2018-12-17 14:48:41 - [MESSAGE][PASSED] - Object: 'Object Repository/Final Object Repo/Page_Form 3 EIS - Cessation as Employer/Save  Continue in Uploading Page' is clicked on

2018-12-17 14:48:41 - [TEST_STEP][PASSED] - delay: Delayed 2 second(s)

2018-12-17 14:48:43 - [MESSAGE][PASSED] - Delayed 2 second(s)

2018-12-17 14:48:43 - [TEST_STEP][PASSED] - click: Object: 'Object Repository/Final Object Repo/Page_Form 3 EIS - Cessation as Employer/Submit' is clicked on

2018-12-17 14:48:46 - [MESSAGE][PASSED] - Object: 'Object Repository/Final Object Repo/Page_Form 3 EIS - Cessation as Employer/Submit' is clicked on

2018-12-17 14:48:46 - [TEST_STEP][PASSED] - delay: Delayed 2 second(s)

2018-12-17 14:48:48 - [MESSAGE][PASSED] - Delayed 2 second(s)

2018-12-17 14:48:48 - [TEST_STEP][PASSED] - click: Object: 'Object Repository/Final Object Repo/Page_Form 3 EIS - Cessation as Employer/Confirm' is clicked on

2018-12-17 14:48:48 - [MESSAGE][PASSED] - Object: 'Object Repository/Final Object Repo/Page_Form 3 EIS - Cessation as Employer/Confirm' is clicked on

2018-12-17 14:48:48 - [TEST_STEP][PASSED] - delay: Delayed 2 second(s)

2018-12-17 14:48:50 - [MESSAGE][PASSED] - Delayed 2 second(s)

2018-12-17 14:48:50 - [TEST_STEP][PASSED] - click: Object: 'Object Repository/Final Object Repo/Page_Form 3 EIS - Cessation as Employer/Message Your Request will be routed to UO' is clicked on

2018-12-17 14:48:54 - [MESSAGE][PASSED] - Object: 'Object Repository/Final Object Repo/Page_Form 3 EIS - Cessation as Employer/Message Your Request will be routed to UO' is clicked on

2018-12-17 14:48:54 - [TEST_STEP][PASSED] - click: Object: 'Object Repository/Final Object Repo/Page_Form 3 EIS - Cessation as Employer/Letter of acknowledgement' is clicked on

2018-12-17 14:48:54 - [MESSAGE][PASSED] - Object: 'Object Repository/Final Object Repo/Page_Form 3 EIS - Cessation as Employer/Letter of acknowledgement' is clicked on

2018-12-17 14:48:54 - [MESSAGE][PASSED] - Call Test Case 'Test Cases/Final Aug 2018 - PKS Automation/Registration Module/Workflow/Form 3 EIS - Cessation As Employer/Template/Form 3 A - Cessation As Employer (OTC)' successfully

2018-12-17 14:48:54 - [TEST_STEP][PASSED] - callTestCase: Call Test Case 'Test Cases/Final Aug 2018 - PKS Automation/Registration Module/Workflow/Form 3 EIS - Cessation As Employer/Template/Form 3 A - Cessation As Employer (Reject)' successfully

2018-12-17 14:48:54 - [TEST_CASE][PASSED] - Test Cases/Final Aug 2018 - PKS Automation/Registration Module/Workflow/Form 3 EIS - Cessation As Employer/Template/Form 3 A - Cessation As Employer (Reject): Test Cases/Final Aug 2018 - PKS Automation/Registration Module/Workflow/Form 3 EIS - Cessation As Employer/Template/Form 3 A - Cessation As Employer (Reject)

2018-12-17 14:48:54 - [TEST_STEP][NOT_RUN] - callTestCase: NOT_RUN: callTestCase

2018-12-17 14:48:54 - [MESSAGE][NOT_RUN] - NOT_RUN: callTestCase

2018-12-17 14:48:54 - [TEST_STEP][PASSED] - delay: Delayed 1 second(s)

2018-12-17 14:48:55 - [MESSAGE][PASSED] - Delayed 1 second(s)

2018-12-17 14:48:55 - [TEST_STEP][PASSED] - navigateToUrl: Navigate to 'https://assist2-uat.perkeso.gov.my/c/portal/logout' successfully

2018-12-17 14:48:56 - [MESSAGE][PASSED] - Navigate to 'https://assist2-uat.perkeso.gov.my/c/portal/logout' successfully

2018-12-17 14:48:56 - [TEST_STEP][PASSED] - delay: Delayed 1 second(s)

2018-12-17 14:48:57 - [MESSAGE][PASSED] - Delayed 1 second(s)

2018-12-17 14:48:57 - [TEST_STEP][PASSED] - callTestCase: Call Test Case 'Test Cases/Final Aug 2018 - PKS Automation/Common/Reference Number Getter' successfully

2018-12-17 14:48:57 - [TEST_CASE][PASSED] - Test Cases/Final Aug 2018 - PKS Automation/Common/Reference Number Getter: Test Cases/Final Aug 2018 - PKS Automation/Common/Reference Number Getter

2018-12-17 14:48:57 - [TEST_STEP][PASSED] - Statement - Try: null

2018-12-17 14:48:57 - [TEST_STEP][PASSED] - Statement - RefNo = new java.io.File(C://Users//Admin//Desktop//PKS//Automation Reference Point//KatalonReference.txt): null

2018-12-17 14:48:57 - [TEST_STEP][PASSED] - Statement - bufferread = new java.io.BufferedReader(new java.io.FileReader(RefNo)): null

2018-12-17 14:48:57 - [TEST_STEP][PASSED] - Statement - readedVal = bufferread.readLine(): null

2018-12-17 14:48:57 - [TEST_STEP][PASSED] - Statement - out.println(CaseReferenceNo): null

2018-12-17 14:48:57 - [TEST_STEP][PASSED] - Statement - out.println(readedVal): null

2018-12-17 14:48:57 - [TEST_STEP][PASSED] - Statement - CaseReferenceNo = "": null

2018-12-17 14:48:57 - [TEST_STEP][PASSED] - Statement - CaseReferenceNo = readedVal: null

2018-12-17 14:48:57 - [MESSAGE][PASSED] - Call Test Case 'Test Cases/Final Aug 2018 - PKS Automation/Common/Reference Number Getter' successfully

2018-12-17 14:48:57 - [TEST_STEP][PASSED] - callTestCase: Call Test Case 'Test Cases/Final Aug 2018 - PKS Automation/Common/Workflow Owner Finder' successfully

2018-12-17 14:48:57 - [TEST_CASE][PASSED] - Test Cases/Final Aug 2018 - PKS Automation/Common/Workflow Owner Finder: Test Cases/Final Aug 2018 - PKS Automation/Common/Workflow Owner Finder

2018-12-17 14:48:57 - [TEST_STEP][PASSED] - openBrowser: Browser is opened with url: ''

2018-12-17 14:48:57 - [MESSAGE][WARNING] - A browser is already opened. Closing browser and opening a new one

2018-12-17 14:49:00 - [MESSAGE][PASSED] - Browser is opened with url: ''

2018-12-17 14:49:00 - [TEST_STEP][PASSED] - navigateToUrl: Navigate to 'https://assist2-uat.perkeso.gov.my/login' successfully

2018-12-17 14:49:01 - [MESSAGE][PASSED] - Navigate to 'https://assist2-uat.perkeso.gov.my/login' successfully

2018-12-17 14:49:01 - [TEST_STEP][PASSED] - delay: Delayed 5 second(s)

2018-12-17 14:49:06 - [MESSAGE][PASSED] - Delayed 5 second(s)

2018-12-17 14:49:06 - [TEST_STEP][PASSED] - setText: Text 'test@liferay.com' is set on object 'Object Repository/Final Object Repo/Login Page/Internal User/Email Address'

2018-12-17 14:49:07 - [MESSAGE][PASSED] - Text 'test@liferay.com' is set on object 'Object Repository/Final Object Repo/Login Page/Internal User/Email Address'

2018-12-17 14:49:07 - [TEST_STEP][PASSED] - click: Object: 'Object Repository/Final Object Repo/Login Page/Internal User/Next Button' is clicked on

2018-12-17 14:49:07 - [MESSAGE][PASSED] - Object: 'Object Repository/Final Object Repo/Login Page/Internal User/Next Button' is clicked on

2018-12-17 14:49:07 - [TEST_STEP][PASSED] - delay: Delayed 2 second(s)

2018-12-17 14:49:09 - [MESSAGE][PASSED] - Delayed 2 second(s)

2018-12-17 14:49:09 - [TEST_STEP][PASSED] - setText: Text 'test' is set on object 'Object Repository/Final Object Repo/Login Page/Internal User/Password'

2018-12-17 14:49:09 - [MESSAGE][PASSED] - Text 'test' is set on object 'Object Repository/Final Object Repo/Login Page/Internal User/Password'

2018-12-17 14:49:09 - [TEST_STEP][PASSED] - delay: Delayed 2 second(s)

2018-12-17 14:49:11 - [MESSAGE][PASSED] - Delayed 2 second(s)

2018-12-17 14:49:11 - [TEST_STEP][PASSED] - click: Object: 'Object Repository/Final Object Repo/Login Page/Internal User/Login Button' is clicked on

2018-12-17 14:49:11 - [MESSAGE][PASSED] - Object: 'Object Repository/Final Object Repo/Login Page/Internal User/Login Button' is clicked on

2018-12-17 14:49:11 - [TEST_STEP][PASSED] - Statement - tester = com.kms.katalon.core.testobject.ObjectRepository.findTestObject(Final Object Repo/Landing Page/Select to English): Finding Test Object with id 'Object Repository/Final Object Repo/Landing Page/Select to English'

2018-12-17 14:49:11 - [TEST_STEP][PASSED] - Statement - Try: Delayed 2 second(s)

2018-12-17 14:49:11 - [TEST_STEP][PASSED] - Statement - Checker = com.kms.katalon.core.webui.keyword.WebUiBuiltInKeywords.verifyElementNotPresent(tester, 3): Web element with id: 'Object Repository/Final Object Repo/Landing Page/Select to English' located by 'By.xpath: //a[@class = 'taglib-language-list-text' and @lang = 'en-US' and (contains(text(), 'EN') or contains(., 'EN'))]' is not present after '3' second(s)

2018-12-17 14:49:13 - [MESSAGE][PASSED] - Web element with id: 'Object Repository/Final Object Repo/Landing Page/Select to English' located by 'By.xpath: //a[@class = 'taglib-language-list-text' and @lang = 'en-US' and (contains(text(), 'EN') or contains(., 'EN'))]' is not present after '3' second(s)

2018-12-17 14:49:13 - [TEST_STEP][PASSED] - Statement - If (Checker == false): null

2018-12-17 14:49:13 - [TEST_STEP][PASSED] - delay: Delayed 2 second(s)

2018-12-17 14:49:15 - [MESSAGE][PASSED] - Delayed 2 second(s)

2018-12-17 14:49:15 - [TEST_STEP][PASSED] - delay: Delayed 5 second(s)

2018-12-17 14:49:20 - [MESSAGE][PASSED] - Delayed 5 second(s)

2018-12-17 14:49:20 - [TEST_STEP][PASSED] - mouseOver: Object: 'Object Repository/Final Object Repo/Landing Page/WorkFlow Menu' is hovered

2018-12-17 14:49:20 - [MESSAGE][PASSED] - Object: 'Object Repository/Final Object Repo/Landing Page/WorkFlow Menu' is hovered

2018-12-17 14:49:20 - [TEST_STEP][PASSED] - delay: Delayed 2 second(s)

2018-12-17 14:49:22 - [MESSAGE][PASSED] - Delayed 2 second(s)

2018-12-17 14:49:22 - [TEST_STEP][PASSED] - click: Object: 'Object Repository/Final Object Repo/Landing Page/Select to Workflow Listing' is clicked on

2018-12-17 14:49:23 - [MESSAGE][PASSED] - Object: 'Object Repository/Final Object Repo/Landing Page/Select to Workflow Listing' is clicked on

2018-12-17 14:49:23 - [TEST_STEP][PASSED] - delay: Delayed 2 second(s)

2018-12-17 14:49:25 - [MESSAGE][PASSED] - Delayed 2 second(s)

2018-12-17 14:49:25 - [TEST_STEP][PASSED] - click: Object: 'Object Repository/Final Object Repo/WorkFlow Listing Page/Search Information - To Put Ref No' is clicked on

2018-12-17 14:49:26 - [MESSAGE][PASSED] - Object: 'Object Repository/Final Object Repo/WorkFlow Listing Page/Search Information - To Put Ref No' is clicked on

2018-12-17 14:49:26 - [TEST_STEP][PASSED] - delay: Delayed 2 second(s)

2018-12-17 14:49:28 - [MESSAGE][PASSED] - Delayed 2 second(s)

2018-12-17 14:49:28 - [TEST_STEP][PASSED] - callTestCase: Call Test Case 'Test Cases/Final Aug 2018 - PKS Automation/Common/Reference Number Getter' successfully

2018-12-17 14:49:28 - [TEST_CASE][PASSED] - Test Cases/Final Aug 2018 - PKS Automation/Common/Reference Number Getter: Test Cases/Final Aug 2018 - PKS Automation/Common/Reference Number Getter

2018-12-17 14:49:28 - [TEST_STEP][PASSED] - Statement - Try: null

2018-12-17 14:49:28 - [TEST_STEP][PASSED] - Statement - RefNo = new java.io.File(C://Users//Admin//Desktop//PKS//Automation Reference Point//KatalonReference.txt): null

2018-12-17 14:49:28 - [TEST_STEP][PASSED] - Statement - bufferread = new java.io.BufferedReader(new java.io.FileReader(RefNo)): null

2018-12-17 14:49:28 - [TEST_STEP][PASSED] - Statement - readedVal = bufferread.readLine(): null

2018-12-17 14:49:28 - [TEST_STEP][PASSED] - Statement - out.println(CaseReferenceNo): null

2018-12-17 14:49:28 - [TEST_STEP][PASSED] - Statement - out.println(readedVal): null

2018-12-17 14:49:28 - [TEST_STEP][PASSED] - Statement - CaseReferenceNo = "": null

2018-12-17 14:49:28 - [TEST_STEP][PASSED] - Statement - CaseReferenceNo = readedVal: null

2018-12-17 14:49:28 - [MESSAGE][PASSED] - Call Test Case 'Test Cases/Final Aug 2018 - PKS Automation/Common/Reference Number Getter' successfully

2018-12-17 14:49:28 - [TEST_STEP][PASSED] - setText: Text 'ERN122018C200002466' is set on object 'Object Repository/Final Object Repo/WorkFlow Listing Page/Ref No Set Text'

2018-12-17 14:49:28 - [MESSAGE][PASSED] - Text 'ERN122018C200002466' is set on object 'Object Repository/Final Object Repo/WorkFlow Listing Page/Ref No Set Text'

2018-12-17 14:49:28 - [TEST_STEP][PASSED] - delay: Delayed 2 second(s)

2018-12-17 14:49:30 - [MESSAGE][PASSED] - Delayed 2 second(s)

2018-12-17 14:49:30 - [TEST_STEP][PASSED] - click: Object: 'Object Repository/Final Object Repo/WorkFlow Listing Page/Search Ref No Search Button' is clicked on

2018-12-17 14:49:30 - [MESSAGE][PASSED] - Object: 'Object Repository/Final Object Repo/WorkFlow Listing Page/Search Ref No Search Button' is clicked on

2018-12-17 14:49:30 - [TEST_STEP][PASSED] - delay: Delayed 6 second(s)

2018-12-17 14:49:36 - [MESSAGE][PASSED] - Delayed 6 second(s)

2018-12-17 14:49:36 - [TEST_STEP][PASSED] - click: Object: 'Object Repository/Final Object Repo/WorkFlow Listing Page/Click Continue Tooltip' is clicked on

2018-12-17 14:49:37 - [MESSAGE][PASSED] - Object: 'Object Repository/Final Object Repo/WorkFlow Listing Page/Click Continue Tooltip' is clicked on

2018-12-17 14:49:37 - [TEST_STEP][PASSED] - delay: Delayed 5 second(s)

2018-12-17 14:49:42 - [MESSAGE][PASSED] - Delayed 5 second(s)

2018-12-17 14:49:42 - [TEST_STEP][PASSED] - doubleClick: Object: 'Object Repository/Final Object Repo/WorkFlow Listing Page/Workflow Found - Listing 1' is double clicked on

2018-12-17 14:49:43 - [MESSAGE][PASSED] - Object: 'Object Repository/Final Object Repo/WorkFlow Listing Page/Workflow Found - Listing 1' is double clicked on

2018-12-17 14:49:43 - [TEST_STEP][PASSED] - Statement - println(OwnerID): null

2018-12-17 14:49:43 - [TEST_STEP][PASSED] - Statement - OwnerID = com.kms.katalon.core.webui.keyword.WebUiBuiltInKeywords.getText(com.kms.katalon.core.testobject.ObjectRepository.findTestObject(Final Object Repo/WorkFlow Listing Page/Workflow Found - Listing 1), STOP_ON_FAILURE): Text of object 'Object Repository/Final Object Repo/WorkFlow Listing Page/Workflow Found - Listing 1' is: 'JOHORuo2'

2018-12-17 14:49:43 - [MESSAGE][PASSED] - Text of object 'Object Repository/Final Object Repo/WorkFlow Listing Page/Workflow Found - Listing 1' is: 'JOHORuo2'

2018-12-17 14:49:43 - [TEST_STEP][PASSED] - Statement - OwnerID = OwnerID.toLowerCase() + "@gmail.com": null

2018-12-17 14:49:43 - [TEST_STEP][PASSED] - Statement - println(OwnerID): null

2018-12-17 14:49:43 - [TEST_STEP][PASSED] - delay: Delayed 2 second(s)

2018-12-17 14:49:45 - [MESSAGE][PASSED] - Delayed 2 second(s)

2018-12-17 14:49:45 - [MESSAGE][PASSED] - Call Test Case 'Test Cases/Final Aug 2018 - PKS Automation/Common/Workflow Owner Finder' successfully

2018-12-17 14:49:45 - [TEST_STEP][PASSED] - delay: Delayed 1 second(s)

2018-12-17 14:49:46 - [MESSAGE][PASSED] - Delayed 1 second(s)

2018-12-17 14:49:46 - [TEST_STEP][PASSED] - navigateToUrl: Navigate to 'https://assist2-uat.perkeso.gov.my/c/portal/logout' successfully

2018-12-17 14:49:47 - [MESSAGE][PASSED] - Navigate to 'https://assist2-uat.perkeso.gov.my/c/portal/logout' successfully

2018-12-17 14:49:47 - [TEST_STEP][PASSED] - delay: Delayed 1 second(s)

2018-12-17 14:49:48 - [MESSAGE][PASSED] - Delayed 1 second(s)

2018-12-17 14:49:48 - [TEST_STEP][PASSED] - callTestCase: Call Test Case 'Test Cases/Final Aug 2018 - PKS Automation/Registration Module/Workflow/Login and Search Case For Workflow' successfully

2018-12-17 14:49:48 - [TEST_CASE][PASSED] - Test Cases/Final Aug 2018 - PKS Automation/Registration Module/Workflow/Login and Search Case For Workflow: Test Cases/Final Aug 2018 - PKS Automation/Registration Module/Workflow/Login and Search Case For Workflow

2018-12-17 14:49:48 - [TEST_STEP][PASSED] - navigateToUrl: Navigate to 'https://assist2-uat.perkeso.gov.my/login' successfully

2018-12-17 14:49:48 - [MESSAGE][PASSED] - Navigate to 'https://assist2-uat.perkeso.gov.my/login' successfully

2018-12-17 14:49:48 - [TEST_STEP][PASSED] - setText: Text 'johoruo2@gmail.com' is set on object 'Object Repository/Final Object Repo/Login Page/Internal User/Email Address'

2018-12-17 14:49:49 - [MESSAGE][PASSED] - Text 'johoruo2@gmail.com' is set on object 'Object Repository/Final Object Repo/Login Page/Internal User/Email Address'

2018-12-17 14:49:49 - [TEST_STEP][PASSED] - click: Object: 'Object Repository/Final Object Repo/Login Page/Internal User/Next Button' is clicked on

2018-12-17 14:49:49 - [MESSAGE][PASSED] - Object: 'Object Repository/Final Object Repo/Login Page/Internal User/Next Button' is clicked on

2018-12-17 14:49:49 - [TEST_STEP][PASSED] - delay: Delayed 1 second(s)

2018-12-17 14:49:50 - [MESSAGE][PASSED] - Delayed 1 second(s)

2018-12-17 14:49:50 - [TEST_STEP][PASSED] - setEncryptedText: Text ****** has been set on object 'Object Repository/Final Object Repo/Login Page/Internal User/Password'

2018-12-17 14:49:50 - [MESSAGE][PASSED] - Text ****** has been set on object 'Object Repository/Final Object Repo/Login Page/Internal User/Password'

2018-12-17 14:49:50 - [TEST_STEP][PASSED] - click: Object: 'Object Repository/Final Object Repo/Login Page/Internal User/Login Button' is clicked on

2018-12-17 14:49:50 - [MESSAGE][PASSED] - Object: 'Object Repository/Final Object Repo/Login Page/Internal User/Login Button' is clicked on

2018-12-17 14:49:50 - [TEST_STEP][PASSED] - delay: Delayed 2 second(s)

2018-12-17 14:49:52 - [MESSAGE][PASSED] - Delayed 2 second(s)

2018-12-17 14:49:52 - [TEST_STEP][PASSED] - Statement - Try: Delayed 2 second(s)

2018-12-17 14:49:52 - [TEST_STEP][PASSED] - Statement - Checker = false: null

2018-12-17 14:49:52 - [TEST_STEP][PASSED] - Statement - Checker = com.kms.katalon.core.webui.keyword.WebUiBuiltInKeywords.verifyElementHasAttribute(com.kms.katalon.core.testobject.ObjectRepository.findTestObject(Final Object Repo/Landing Page/BM Detecting), "href", 20, OPTIONAL): Object 'Object Repository/Final Object Repo/Landing Page/BM Detecting' has attribute 'href'

2018-12-17 14:49:52 - [MESSAGE][PASSED] - Object 'Object Repository/Final Object Repo/Landing Page/BM Detecting' has attribute 'href'

2018-12-17 14:49:52 - [TEST_STEP][PASSED] - Statement - out.println(Checker): null

2018-12-17 14:49:52 - [TEST_STEP][PASSED] - Statement - If (Checker == false): null

2018-12-17 14:49:52 - [TEST_STEP][PASSED] - Statement - Else: null

2018-12-17 14:49:52 - [TEST_STEP][PASSED] - delay: Delayed 2 second(s)

2018-12-17 14:49:54 - [MESSAGE][PASSED] - Delayed 2 second(s)

2018-12-17 14:49:54 - [TEST_STEP][PASSED] - click: Object: 'Object Repository/Final Object Repo/Page_MyASSIST - ASSIST - Search Pending Case For Add Supporting Document/Search Information' is clicked on

2018-12-17 14:49:55 - [MESSAGE][PASSED] - Object: 'Object Repository/Final Object Repo/Page_MyASSIST - ASSIST - Search Pending Case For Add Supporting Document/Search Information' is clicked on

2018-12-17 14:49:55 - [TEST_STEP][PASSED] - delay: Delayed 3 second(s)

2018-12-17 14:49:58 - [MESSAGE][PASSED] - Delayed 3 second(s)

2018-12-17 14:49:58 - [TEST_STEP][PASSED] - sendKeys: Keys 'ERN122018C200002466' sent to object: 'Object Repository/Final Object Repo/Page_MyASSIST - ASSIST - Search Pending Case For Add Supporting Document/Reference No'

2018-12-17 14:49:58 - [MESSAGE][PASSED] - Keys 'ERN122018C200002466' sent to object: 'Object Repository/Final Object Repo/Page_MyASSIST - ASSIST - Search Pending Case For Add Supporting Document/Reference No'

2018-12-17 14:49:58 - [TEST_STEP][PASSED] - click: Object: 'Object Repository/Final Object Repo/Page_MyASSIST - ASSIST - Search Pending Case For Add Supporting Document/Search Reference No' is clicked on

2018-12-17 14:49:58 - [MESSAGE][PASSED] - Object: 'Object Repository/Final Object Repo/Page_MyASSIST - ASSIST - Search Pending Case For Add Supporting Document/Search Reference No' is clicked on

2018-12-17 14:49:58 - [TEST_STEP][PASSED] - delay: Delayed 2 second(s)

2018-12-17 14:50:00 - [MESSAGE][PASSED] - Delayed 2 second(s)

2018-12-17 14:50:00 - [TEST_STEP][PASSED] - click: Object: 'Object Repository/Final Object Repo/Page_MyASSIST - ASSIST - Search Pending Case For Add Supporting Document/Continue' is clicked on

2018-12-17 14:50:04 - [MESSAGE][PASSED] - Object: 'Object Repository/Final Object Repo/Page_MyASSIST - ASSIST - Search Pending Case For Add Supporting Document/Continue' is clicked on

2018-12-17 14:50:04 - [TEST_STEP][PASSED] - delay: Delayed 20 second(s)

2018-12-17 14:50:24 - [MESSAGE][PASSED] - Delayed 20 second(s)

2018-12-17 14:50:24 - [MESSAGE][PASSED] - Call Test Case 'Test Cases/Final Aug 2018 - PKS Automation/Registration Module/Workflow/Login and Search Case For Workflow' successfully

2018-12-17 14:50:24 - [TEST_STEP][PASSED] - click: Object: 'Object Repository/Final Object Repo/Page_Form 3 EIS - Cessation as Employer/Page_Form 3 EIS - Cessation as Employer (Approve)/Save  Continue in Form 3 Page' is clicked on

2018-12-17 14:50:24 - [MESSAGE][PASSED] - Object: 'Object Repository/Final Object Repo/Page_Form 3 EIS - Cessation as Employer/Page_Form 3 EIS - Cessation as Employer (Approve)/Save  Continue in Form 3 Page' is clicked on

2018-12-17 14:50:24 - [TEST_STEP][PASSED] - delay: Delayed 2 second(s)

2018-12-17 14:50:26 - [MESSAGE][PASSED] - Delayed 2 second(s)

2018-12-17 14:50:26 - [TEST_STEP][PASSED] - click: Object: 'Object Repository/Final Object Repo/Page_Form 3 EIS - Cessation as Employer/Page_Form 3 EIS - Cessation as Employer (Approve)/Save  Continue in Resigned Page' is clicked on

2018-12-17 14:50:26 - [MESSAGE][PASSED] - Object: 'Object Repository/Final Object Repo/Page_Form 3 EIS - Cessation as Employer/Page_Form 3 EIS - Cessation as Employer (Approve)/Save  Continue in Resigned Page' is clicked on

2018-12-17 14:50:26 - [TEST_STEP][PASSED] - delay: Delayed 2 second(s)

2018-12-17 14:50:28 - [MESSAGE][PASSED] - Delayed 2 second(s)

2018-12-17 14:50:28 - [TEST_STEP][PASSED] - click: Object: 'Object Repository/Final Object Repo/Page_Form 3 EIS - Cessation as Employer/Page_Form 3 EIS - Cessation as Employer (Approve)/Save  Continue in Uploading Page' is clicked on

2018-12-17 14:50:29 - [MESSAGE][PASSED] - Object: 'Object Repository/Final Object Repo/Page_Form 3 EIS - Cessation as Employer/Page_Form 3 EIS - Cessation as Employer (Approve)/Save  Continue in Uploading Page' is clicked on

2018-12-17 14:50:29 - [TEST_STEP][PASSED] - delay: Delayed 2 second(s)

2018-12-17 14:50:31 - [MESSAGE][PASSED] - Delayed 2 second(s)

2018-12-17 14:50:31 - [TEST_STEP][PASSED] - click: Object: 'Object Repository/Final Object Repo/Page_Form 3 EIS - Cessation as Employer/Page_Form 3 EIS - Cessation as Employer (Reject)/Reject' is clicked on

2018-12-17 14:50:34 - [MESSAGE][PASSED] - Object: 'Object Repository/Final Object Repo/Page_Form 3 EIS - Cessation as Employer/Page_Form 3 EIS - Cessation as Employer (Reject)/Reject' is clicked on

2018-12-17 14:50:34 - [TEST_STEP][PASSED] - delay: Delayed 2 second(s)

2018-12-17 14:50:36 - [MESSAGE][PASSED] - Delayed 2 second(s)

2018-12-17 14:50:36 - [TEST_STEP][PASSED] - click: Object: 'Object Repository/Final Object Repo/Page_Form 3 EIS - Cessation as Employer/Page_Form 3 EIS - Cessation as Employer (Reject)/Confirm' is clicked on

2018-12-17 14:50:36 - [MESSAGE][PASSED] - Object: 'Object Repository/Final Object Repo/Page_Form 3 EIS - Cessation as Employer/Page_Form 3 EIS - Cessation as Employer (Reject)/Confirm' is clicked on

2018-12-17 14:50:36 - [TEST_STEP][PASSED] - delay: Delayed 2 second(s)

2018-12-17 14:50:38 - [MESSAGE][PASSED] - Delayed 2 second(s)

2018-12-17 14:50:38 - [TEST_STEP][PASSED] - click: Object: 'Object Repository/Final Object Repo/Page_Form 3 EIS - Cessation as Employer/Page_Form 3 EIS - Cessation as Employer (Reject)/Message This Case has been Rejected' is clicked on

2018-12-17 14:50:42 - [MESSAGE][PASSED] - Object: 'Object Repository/Final Object Repo/Page_Form 3 EIS - Cessation as Employer/Page_Form 3 EIS - Cessation as Employer (Reject)/Message This Case has been Rejected' is clicked on

2018-12-17 14:50:42 - [TEST_STEP][PASSED] - click: Object: 'Object Repository/Final Object Repo/Page_Form 3 EIS - Cessation as Employer/Page_Form 3 EIS - Cessation as Employer (Reject)/Letter of update rejection' is clicked on

2018-12-17 14:50:43 - [MESSAGE][PASSED] - Object: 'Object Repository/Final Object Repo/Page_Form 3 EIS - Cessation as Employer/Page_Form 3 EIS - Cessation as Employer (Reject)/Letter of update rejection' is clicked on

2018-12-17 14:50:43 - [MESSAGE][PASSED] - Call Test Case 'Test Cases/Final Aug 2018 - PKS Automation/Registration Module/Workflow/Form 3 EIS - Cessation As Employer/Template/Form 3 A - Cessation As Employer (Reject)' successfully]]></system-out>
         <system-err><![CDATA[]]></system-err>
      </testcase>
      <testcase name="Test Cases/Final Aug 2018 - PKS Automation/Registration Module/Workflow/Form 3 EIS - Cessation As Employer/OTC to UO (Under enforcement)" classname="Test Cases/Final Aug 2018 - PKS Automation/Registration Module/Workflow/Form 3 EIS - Cessation As Employer/OTC to UO (Under enforcement)" status="PASSED">
         <system-out><![CDATA[2018-12-17 14:50:43 - [TEST_CASE][PASSED] - Test Cases/Final Aug 2018 - PKS Automation/Registration Module/Workflow/Form 3 EIS - Cessation As Employer/OTC to UO (Under enforcement): Test Cases/Final Aug 2018 - PKS Automation/Registration Module/Workflow/Form 3 EIS - Cessation As Employer/OTC to UO (Under enforcement)

2018-12-17 14:50:43 - [TEST_STEP][PASSED] - callTestCase: Call Test Case 'Test Cases/Final Aug 2018 - PKS Automation/Registration Module/Workflow/Form 3 EIS - Cessation As Employer/Template/Form 3 A - Cessation As Employer (OTC)' successfully

2018-12-17 14:50:43 - [TEST_CASE][PASSED] - Test Cases/Final Aug 2018 - PKS Automation/Registration Module/Workflow/Form 3 EIS - Cessation As Employer/Template/Form 3 A - Cessation As Employer (OTC): Test Cases/Final Aug 2018 - PKS Automation/Registration Module/Workflow/Form 3 EIS - Cessation As Employer/Template/Form 3 A - Cessation As Employer (OTC)

2018-12-17 14:50:43 - [TEST_STEP][PASSED] - openBrowser: Browser is opened with url: ''

2018-12-17 14:50:43 - [MESSAGE][WARNING] - A browser is already opened. Closing browser and opening a new one

2018-12-17 14:50:46 - [MESSAGE][PASSED] - Browser is opened with url: ''

2018-12-17 14:50:46 - [TEST_STEP][PASSED] - navigateToUrl: Navigate to 'https://assist2-uat.perkeso.gov.my/login' successfully

2018-12-17 14:50:47 - [MESSAGE][PASSED] - Navigate to 'https://assist2-uat.perkeso.gov.my/login' successfully

2018-12-17 14:50:47 - [TEST_STEP][PASSED] - setText: Text 'johorotc1@gmail.com' is set on object 'Object Repository/Final Object Repo/Login Page/Internal User/Email Address'

2018-12-17 14:50:48 - [MESSAGE][PASSED] - Text 'johorotc1@gmail.com' is set on object 'Object Repository/Final Object Repo/Login Page/Internal User/Email Address'

2018-12-17 14:50:48 - [TEST_STEP][PASSED] - click: Object: 'Object Repository/Final Object Repo/Login Page/Internal User/Next Button' is clicked on

2018-12-17 14:50:48 - [MESSAGE][PASSED] - Object: 'Object Repository/Final Object Repo/Login Page/Internal User/Next Button' is clicked on

2018-12-17 14:50:48 - [TEST_STEP][PASSED] - delay: Delayed 1 second(s)

2018-12-17 14:50:49 - [MESSAGE][PASSED] - Delayed 1 second(s)

2018-12-17 14:50:49 - [TEST_STEP][PASSED] - setEncryptedText: Text ****** has been set on object 'Object Repository/Final Object Repo/Login Page/Internal User/Password'

2018-12-17 14:50:49 - [MESSAGE][PASSED] - Text ****** has been set on object 'Object Repository/Final Object Repo/Login Page/Internal User/Password'

2018-12-17 14:50:49 - [TEST_STEP][PASSED] - click: Object: 'Object Repository/Final Object Repo/Login Page/Internal User/Login Button' is clicked on

2018-12-17 14:50:49 - [MESSAGE][PASSED] - Object: 'Object Repository/Final Object Repo/Login Page/Internal User/Login Button' is clicked on

2018-12-17 14:50:49 - [TEST_STEP][PASSED] - delay: Delayed 1 second(s)

2018-12-17 14:50:50 - [MESSAGE][PASSED] - Delayed 1 second(s)

2018-12-17 14:50:50 - [TEST_STEP][PASSED] - Statement - Try: Delayed 2 second(s)

2018-12-17 14:50:50 - [TEST_STEP][PASSED] - Statement - Checker = false: null

2018-12-17 14:50:50 - [TEST_STEP][PASSED] - Statement - Checker = com.kms.katalon.core.webui.keyword.WebUiBuiltInKeywords.verifyElementHasAttribute(com.kms.katalon.core.testobject.ObjectRepository.findTestObject(Final Object Repo/Landing Page/BM Detecting), "href", 20, OPTIONAL): Object 'Object Repository/Final Object Repo/Landing Page/BM Detecting' has attribute 'href'

2018-12-17 14:50:51 - [MESSAGE][PASSED] - Object 'Object Repository/Final Object Repo/Landing Page/BM Detecting' has attribute 'href'

2018-12-17 14:50:51 - [TEST_STEP][PASSED] - Statement - out.println(Checker): null

2018-12-17 14:50:51 - [TEST_STEP][PASSED] - Statement - If (Checker == false): null

2018-12-17 14:50:51 - [TEST_STEP][PASSED] - Statement - Else: null

2018-12-17 14:50:51 - [TEST_STEP][PASSED] - delay: Delayed 2 second(s)

2018-12-17 14:50:53 - [MESSAGE][PASSED] - Delayed 2 second(s)

2018-12-17 14:50:53 - [TEST_STEP][PASSED] - navigateToUrl: Navigate to 'https://assist2-uat.perkeso.gov.my/web/registration/eis-update/form-3-eis-cessation-as-employer' successfully

2018-12-17 14:50:54 - [MESSAGE][PASSED] - Navigate to 'https://assist2-uat.perkeso.gov.my/web/registration/eis-update/form-3-eis-cessation-as-employer' successfully

2018-12-17 14:50:54 - [TEST_STEP][PASSED] - delay: Delayed 1 second(s)

2018-12-17 14:50:55 - [MESSAGE][PASSED] - Delayed 1 second(s)

2018-12-17 14:50:55 - [TEST_STEP][PASSED] - setText: Text 'E1102069769W' is set on object 'Object Repository/Final Object Repo/Page_Form 3 EIS - Cessation as Employer/Employer Code'

2018-12-17 14:50:55 - [MESSAGE][PASSED] - Text 'E1102069769W' is set on object 'Object Repository/Final Object Repo/Page_Form 3 EIS - Cessation as Employer/Employer Code'

2018-12-17 14:50:55 - [TEST_STEP][PASSED] - click: Object: 'Object Repository/Final Object Repo/Page_Form 3 EIS - Cessation as Employer/Search' is clicked on

2018-12-17 14:50:56 - [MESSAGE][PASSED] - Object: 'Object Repository/Final Object Repo/Page_Form 3 EIS - Cessation as Employer/Search' is clicked on

2018-12-17 14:50:56 - [TEST_STEP][PASSED] - click: Object: 'Object Repository/Final Object Repo/Page_Form 3 EIS - Cessation as Employer/Edit' is clicked on

2018-12-17 14:50:58 - [MESSAGE][PASSED] - Object: 'Object Repository/Final Object Repo/Page_Form 3 EIS - Cessation as Employer/Edit' is clicked on

2018-12-17 14:50:58 - [TEST_STEP][PASSED] - delay: Delayed 1 second(s)

2018-12-17 14:50:59 - [MESSAGE][PASSED] - Delayed 1 second(s)

2018-12-17 14:50:59 - [TEST_STEP][PASSED] - Statement - abc = com.kms.katalon.core.webui.keyword.WebUiBuiltInKeywords.getAttribute(com.kms.katalon.core.testobject.ObjectRepository.findTestObject(Final Object Repo/Page_Form 3 EIS - Cessation as Employer/Employer Status), "value"): Attribute 'value' of object 'Object Repository/Final Object Repo/Page_Form 3 EIS - Cessation as Employer/Employer Status' is: 'Active'

2018-12-17 14:50:59 - [MESSAGE][PASSED] - Attribute 'value' of object 'Object Repository/Final Object Repo/Page_Form 3 EIS - Cessation as Employer/Employer Status' is: 'Active'

2018-12-17 14:50:59 - [TEST_STEP][PASSED] - Statement - out.println(abc): null

2018-12-17 14:50:59 - [TEST_STEP][PASSED] - Statement - If (abc == "Active"): Object: 'Object Repository/Final Object Repo/Page_Form 3 EIS - Cessation as Employer/Dormant EIS' is clicked on

2018-12-17 14:50:59 - [TEST_STEP][PASSED] - click: Object: 'Object Repository/Final Object Repo/Page_Form 3 EIS - Cessation as Employer/Change Employer Status to' is clicked on

2018-12-17 14:50:59 - [MESSAGE][PASSED] - Object: 'Object Repository/Final Object Repo/Page_Form 3 EIS - Cessation as Employer/Change Employer Status to' is clicked on

2018-12-17 14:50:59 - [TEST_STEP][PASSED] - click: Object: 'Object Repository/Final Object Repo/Page_Form 3 EIS - Cessation as Employer/Dormant EIS' is clicked on

2018-12-17 14:51:00 - [MESSAGE][PASSED] - Object: 'Object Repository/Final Object Repo/Page_Form 3 EIS - Cessation as Employer/Dormant EIS' is clicked on

2018-12-17 14:51:00 - [TEST_STEP][PASSED] - click: Object: 'Object Repository/Final Object Repo/Page_Form 3 EIS - Cessation as Employer/Calender' is clicked on

2018-12-17 14:51:00 - [MESSAGE][PASSED] - Object: 'Object Repository/Final Object Repo/Page_Form 3 EIS - Cessation as Employer/Calender' is clicked on

2018-12-17 14:51:00 - [TEST_STEP][PASSED] - delay: Delayed 1 second(s)

2018-12-17 14:51:01 - [MESSAGE][PASSED] - Delayed 1 second(s)

2018-12-17 14:51:01 - [TEST_STEP][PASSED] - click: Object: 'Object Repository/Final Object Repo/Page_Form 3 EIS - Cessation as Employer/Calender - Date' is clicked on

2018-12-17 14:51:01 - [MESSAGE][PASSED] - Object: 'Object Repository/Final Object Repo/Page_Form 3 EIS - Cessation as Employer/Calender - Date' is clicked on

2018-12-17 14:51:01 - [TEST_STEP][PASSED] - click: Object: 'Object Repository/Final Object Repo/Page_Form 3 EIS - Cessation as Employer/Save  Continue in Form 3 EIS Page' is clicked on

2018-12-17 14:51:01 - [MESSAGE][PASSED] - Object: 'Object Repository/Final Object Repo/Page_Form 3 EIS - Cessation as Employer/Save  Continue in Form 3 EIS Page' is clicked on

2018-12-17 14:51:01 - [TEST_STEP][PASSED] - delay: Delayed 1 second(s)

2018-12-17 14:51:02 - [MESSAGE][PASSED] - Delayed 1 second(s)

2018-12-17 14:51:02 - [TEST_STEP][PASSED] - click: Object: 'Object Repository/Final Object Repo/Page_Form 3 EIS - Cessation as Employer/Employment Resign Date' is clicked on

2018-12-17 14:51:03 - [MESSAGE][PASSED] - Object: 'Object Repository/Final Object Repo/Page_Form 3 EIS - Cessation as Employer/Employment Resign Date' is clicked on

2018-12-17 14:51:03 - [TEST_STEP][PASSED] - selectOptionByValue: All options with value '2030' are selected in object 'Object Repository/Final Object Repo/Page_Form 3 EIS - Cessation as Employer/Employment Resign Date - Year' 

2018-12-17 14:51:03 - [MESSAGE][PASSED] - All options with value '2030' are selected in object 'Object Repository/Final Object Repo/Page_Form 3 EIS - Cessation as Employer/Employment Resign Date - Year' 

2018-12-17 14:51:03 - [TEST_STEP][PASSED] - delay: Delayed 2 second(s)

2018-12-17 14:51:05 - [MESSAGE][PASSED] - Delayed 2 second(s)

2018-12-17 14:51:05 - [TEST_STEP][PASSED] - click: Object: 'Object Repository/Final Object Repo/Page_Form 3 EIS - Cessation as Employer/Employment Resign Date - Year - Date' is clicked on

2018-12-17 14:51:06 - [MESSAGE][PASSED] - Object: 'Object Repository/Final Object Repo/Page_Form 3 EIS - Cessation as Employer/Employment Resign Date - Year - Date' is clicked on

2018-12-17 14:51:06 - [TEST_STEP][PASSED] - delay: Delayed 2 second(s)

2018-12-17 14:51:08 - [MESSAGE][PASSED] - Delayed 2 second(s)

2018-12-17 14:51:08 - [TEST_STEP][PASSED] - click: Object: 'Object Repository/Final Object Repo/Page_Form 3 EIS - Cessation as Employer/Save  Continue in Employment Resign Page' is clicked on

2018-12-17 14:51:08 - [MESSAGE][PASSED] - Object: 'Object Repository/Final Object Repo/Page_Form 3 EIS - Cessation as Employer/Save  Continue in Employment Resign Page' is clicked on

2018-12-17 14:51:08 - [TEST_STEP][PASSED] - delay: Delayed 2 second(s)

2018-12-17 14:51:10 - [MESSAGE][PASSED] - Delayed 2 second(s)

2018-12-17 14:51:10 - [TEST_STEP][PASSED] - click: Object: 'Object Repository/Final Object Repo/Page_Form 3 EIS - Cessation as Employer/Set Latest - Yes' is clicked on

2018-12-17 14:51:10 - [MESSAGE][PASSED] - Object: 'Object Repository/Final Object Repo/Page_Form 3 EIS - Cessation as Employer/Set Latest - Yes' is clicked on

2018-12-17 14:51:10 - [TEST_STEP][PASSED] - delay: Delayed 2 second(s)

2018-12-17 14:51:12 - [MESSAGE][PASSED] - Delayed 2 second(s)

2018-12-17 14:51:12 - [TEST_STEP][PASSED] - click: Object: 'Object Repository/Final Object Repo/Page_Form 3 EIS - Cessation as Employer/Add Document' is clicked on

2018-12-17 14:51:13 - [MESSAGE][PASSED] - Object: 'Object Repository/Final Object Repo/Page_Form 3 EIS - Cessation as Employer/Add Document' is clicked on

2018-12-17 14:51:13 - [TEST_STEP][PASSED] - delay: Delayed 3 second(s)

2018-12-17 14:51:16 - [MESSAGE][PASSED] - Delayed 3 second(s)

2018-12-17 14:51:16 - [TEST_STEP][PASSED] - click: Object: 'Object Repository/Final Object Repo/Page_Form 3 EIS - Cessation as Employer/Document Type' is clicked on

2018-12-17 14:51:17 - [MESSAGE][PASSED] - Object: 'Object Repository/Final Object Repo/Page_Form 3 EIS - Cessation as Employer/Document Type' is clicked on

2018-12-17 14:51:17 - [TEST_STEP][PASSED] - click: Object: 'Object Repository/Final Object Repo/Page_Form 3 EIS - Cessation as Employer/Document Type - Form 3' is clicked on

2018-12-17 14:51:17 - [MESSAGE][PASSED] - Object: 'Object Repository/Final Object Repo/Page_Form 3 EIS - Cessation as Employer/Document Type - Form 3' is clicked on

2018-12-17 14:51:17 - [TEST_STEP][PASSED] - delay: Delayed 2 second(s)

2018-12-17 14:51:19 - [MESSAGE][PASSED] - Delayed 2 second(s)

2018-12-17 14:51:19 - [TEST_STEP][PASSED] - sendKeys: Keys 'C:\Users\Public\Pictures\Sample Pictures\Koala.jpg' sent to object: 'Object Repository/Final Object Repo/Page_Form 3 EIS - Cessation as Employer/ploading File'

2018-12-17 14:51:19 - [MESSAGE][PASSED] - Keys 'C:\Users\Public\Pictures\Sample Pictures\Koala.jpg' sent to object: 'Object Repository/Final Object Repo/Page_Form 3 EIS - Cessation as Employer/ploading File'

2018-12-17 14:51:19 - [TEST_STEP][PASSED] - delay: Delayed 1 second(s)

2018-12-17 14:51:20 - [MESSAGE][PASSED] - Delayed 1 second(s)

2018-12-17 14:51:20 - [TEST_STEP][PASSED] - click: Object: 'Object Repository/Final Object Repo/Page_Form 3 EIS - Cessation as Employer/Add Document in Uploading Page' is clicked on

2018-12-17 14:51:20 - [MESSAGE][PASSED] - Object: 'Object Repository/Final Object Repo/Page_Form 3 EIS - Cessation as Employer/Add Document in Uploading Page' is clicked on

2018-12-17 14:51:20 - [TEST_STEP][PASSED] - delay: Delayed 2 second(s)

2018-12-17 14:51:22 - [MESSAGE][PASSED] - Delayed 2 second(s)

2018-12-17 14:51:22 - [TEST_STEP][PASSED] - Statement - CaseReferenceNo = com.kms.katalon.core.webui.keyword.WebUiBuiltInKeywords.getText(com.kms.katalon.core.testobject.ObjectRepository.findTestObject(Final Object Repo/Page_Update Employer Information/Reference Number in Update Employee Information Page)): Text of object 'Object Repository/Final Object Repo/Page_Update Employer Information/Reference Number in Update Employee Information Page' is: 'ERN122018C200002467'

2018-12-17 14:51:24 - [MESSAGE][PASSED] - Text of object 'Object Repository/Final Object Repo/Page_Update Employer Information/Reference Number in Update Employee Information Page' is: 'ERN122018C200002467'

2018-12-17 14:51:24 - [TEST_STEP][PASSED] - callTestCase: Call Test Case 'Test Cases/Final Aug 2018 - PKS Automation/Common/Reference Number Setter' successfully

2018-12-17 14:51:24 - [TEST_CASE][PASSED] - Test Cases/Final Aug 2018 - PKS Automation/Common/Reference Number Setter: Test Cases/Final Aug 2018 - PKS Automation/Common/Reference Number Setter

2018-12-17 14:51:24 - [TEST_STEP][PASSED] - Statement - RefNoOldFile = new java.io.File(C://Users//Admin//Desktop//PKS//Automation Reference Point//KatalonReference.txt): null

2018-12-17 14:51:24 - [TEST_STEP][PASSED] - Statement - RefNoOldFile.delete(): null

2018-12-17 14:51:24 - [TEST_STEP][PASSED] - delay: Delayed 5 second(s)

2018-12-17 14:51:29 - [MESSAGE][PASSED] - Delayed 5 second(s)

2018-12-17 14:51:29 - [TEST_STEP][PASSED] - Statement - RefNo = new java.io.File(C://Users//Admin//Desktop//PKS//Automation Reference Point//KatalonReference.txt): null

2018-12-17 14:51:29 - [TEST_STEP][PASSED] - Statement - f2 = new java.io.FileWriter(RefNo, false): null

2018-12-17 14:51:29 - [TEST_STEP][PASSED] - Statement - f2.write(CaseReferenceNo): null

2018-12-17 14:51:29 - [TEST_STEP][PASSED] - Statement - f2.close(): null

2018-12-17 14:51:29 - [TEST_STEP][PASSED] - Statement - out.println("


" + CaseReferenceNo + "


"): null

2018-12-17 14:51:29 - [MESSAGE][PASSED] - Call Test Case 'Test Cases/Final Aug 2018 - PKS Automation/Common/Reference Number Setter' successfully

2018-12-17 14:51:29 - [TEST_STEP][PASSED] - delay: Delayed 2 second(s)

2018-12-17 14:51:31 - [MESSAGE][PASSED] - Delayed 2 second(s)

2018-12-17 14:51:31 - [TEST_STEP][PASSED] - click: Object: 'Object Repository/Final Object Repo/Page_Form 3 EIS - Cessation as Employer/Save  Continue in Uploading Page' is clicked on

2018-12-17 14:51:31 - [MESSAGE][PASSED] - Object: 'Object Repository/Final Object Repo/Page_Form 3 EIS - Cessation as Employer/Save  Continue in Uploading Page' is clicked on

2018-12-17 14:51:31 - [TEST_STEP][PASSED] - delay: Delayed 2 second(s)

2018-12-17 14:51:33 - [MESSAGE][PASSED] - Delayed 2 second(s)

2018-12-17 14:51:33 - [TEST_STEP][PASSED] - click: Object: 'Object Repository/Final Object Repo/Page_Form 3 EIS - Cessation as Employer/Submit' is clicked on

2018-12-17 14:51:36 - [MESSAGE][PASSED] - Object: 'Object Repository/Final Object Repo/Page_Form 3 EIS - Cessation as Employer/Submit' is clicked on

2018-12-17 14:51:36 - [TEST_STEP][PASSED] - delay: Delayed 2 second(s)

2018-12-17 14:51:38 - [MESSAGE][PASSED] - Delayed 2 second(s)

2018-12-17 14:51:38 - [TEST_STEP][PASSED] - click: Object: 'Object Repository/Final Object Repo/Page_Form 3 EIS - Cessation as Employer/Confirm' is clicked on

2018-12-17 14:51:38 - [MESSAGE][PASSED] - Object: 'Object Repository/Final Object Repo/Page_Form 3 EIS - Cessation as Employer/Confirm' is clicked on

2018-12-17 14:51:38 - [TEST_STEP][PASSED] - delay: Delayed 2 second(s)

2018-12-17 14:51:40 - [MESSAGE][PASSED] - Delayed 2 second(s)

2018-12-17 14:51:40 - [TEST_STEP][PASSED] - click: Object: 'Object Repository/Final Object Repo/Page_Form 3 EIS - Cessation as Employer/Message Your Request will be routed to UO' is clicked on

2018-12-17 14:51:44 - [MESSAGE][PASSED] - Object: 'Object Repository/Final Object Repo/Page_Form 3 EIS - Cessation as Employer/Message Your Request will be routed to UO' is clicked on

2018-12-17 14:51:44 - [TEST_STEP][PASSED] - click: Object: 'Object Repository/Final Object Repo/Page_Form 3 EIS - Cessation as Employer/Letter of acknowledgement' is clicked on

2018-12-17 14:51:44 - [MESSAGE][PASSED] - Object: 'Object Repository/Final Object Repo/Page_Form 3 EIS - Cessation as Employer/Letter of acknowledgement' is clicked on

2018-12-17 14:51:44 - [MESSAGE][PASSED] - Call Test Case 'Test Cases/Final Aug 2018 - PKS Automation/Registration Module/Workflow/Form 3 EIS - Cessation As Employer/Template/Form 3 A - Cessation As Employer (OTC)' successfully

2018-12-17 14:51:44 - [TEST_STEP][PASSED] - callTestCase: Call Test Case 'Test Cases/Final Aug 2018 - PKS Automation/Registration Module/Workflow/Form 3 EIS - Cessation As Employer/Template/Form 3 A - Cessation As Employer (Under enforcement)' successfully

2018-12-17 14:51:44 - [TEST_CASE][PASSED] - Test Cases/Final Aug 2018 - PKS Automation/Registration Module/Workflow/Form 3 EIS - Cessation As Employer/Template/Form 3 A - Cessation As Employer (Under enforcement): Test Cases/Final Aug 2018 - PKS Automation/Registration Module/Workflow/Form 3 EIS - Cessation As Employer/Template/Form 3 A - Cessation As Employer (Under enforcement)

2018-12-17 14:51:44 - [TEST_STEP][NOT_RUN] - callTestCase: NOT_RUN: callTestCase

2018-12-17 14:51:44 - [MESSAGE][NOT_RUN] - NOT_RUN: callTestCase

2018-12-17 14:51:44 - [TEST_STEP][PASSED] - delay: Delayed 1 second(s)

2018-12-17 14:51:45 - [MESSAGE][PASSED] - Delayed 1 second(s)

2018-12-17 14:51:45 - [TEST_STEP][PASSED] - navigateToUrl: Navigate to 'https://assist2-uat.perkeso.gov.my/c/portal/logout' successfully

2018-12-17 14:51:46 - [MESSAGE][PASSED] - Navigate to 'https://assist2-uat.perkeso.gov.my/c/portal/logout' successfully

2018-12-17 14:51:46 - [TEST_STEP][PASSED] - delay: Delayed 1 second(s)

2018-12-17 14:51:47 - [MESSAGE][PASSED] - Delayed 1 second(s)

2018-12-17 14:51:47 - [TEST_STEP][PASSED] - callTestCase: Call Test Case 'Test Cases/Final Aug 2018 - PKS Automation/Common/Reference Number Getter' successfully

2018-12-17 14:51:47 - [TEST_CASE][PASSED] - Test Cases/Final Aug 2018 - PKS Automation/Common/Reference Number Getter: Test Cases/Final Aug 2018 - PKS Automation/Common/Reference Number Getter

2018-12-17 14:51:47 - [TEST_STEP][PASSED] - Statement - Try: null

2018-12-17 14:51:47 - [TEST_STEP][PASSED] - Statement - RefNo = new java.io.File(C://Users//Admin//Desktop//PKS//Automation Reference Point//KatalonReference.txt): null

2018-12-17 14:51:47 - [TEST_STEP][PASSED] - Statement - bufferread = new java.io.BufferedReader(new java.io.FileReader(RefNo)): null

2018-12-17 14:51:47 - [TEST_STEP][PASSED] - Statement - readedVal = bufferread.readLine(): null

2018-12-17 14:51:47 - [TEST_STEP][PASSED] - Statement - out.println(CaseReferenceNo): null

2018-12-17 14:51:47 - [TEST_STEP][PASSED] - Statement - out.println(readedVal): null

2018-12-17 14:51:47 - [TEST_STEP][PASSED] - Statement - CaseReferenceNo = "": null

2018-12-17 14:51:47 - [TEST_STEP][PASSED] - Statement - CaseReferenceNo = readedVal: null

2018-12-17 14:51:47 - [MESSAGE][PASSED] - Call Test Case 'Test Cases/Final Aug 2018 - PKS Automation/Common/Reference Number Getter' successfully

2018-12-17 14:51:47 - [TEST_STEP][PASSED] - callTestCase: Call Test Case 'Test Cases/Final Aug 2018 - PKS Automation/Common/Workflow Owner Finder' successfully

2018-12-17 14:51:47 - [TEST_CASE][PASSED] - Test Cases/Final Aug 2018 - PKS Automation/Common/Workflow Owner Finder: Test Cases/Final Aug 2018 - PKS Automation/Common/Workflow Owner Finder

2018-12-17 14:51:47 - [TEST_STEP][PASSED] - openBrowser: Browser is opened with url: ''

2018-12-17 14:51:47 - [MESSAGE][WARNING] - A browser is already opened. Closing browser and opening a new one

2018-12-17 14:51:50 - [MESSAGE][PASSED] - Browser is opened with url: ''

2018-12-17 14:51:50 - [TEST_STEP][PASSED] - navigateToUrl: Navigate to 'https://assist2-uat.perkeso.gov.my/login' successfully

2018-12-17 14:51:51 - [MESSAGE][PASSED] - Navigate to 'https://assist2-uat.perkeso.gov.my/login' successfully

2018-12-17 14:51:51 - [TEST_STEP][PASSED] - delay: Delayed 5 second(s)

2018-12-17 14:51:56 - [MESSAGE][PASSED] - Delayed 5 second(s)

2018-12-17 14:51:56 - [TEST_STEP][PASSED] - setText: Text 'test@liferay.com' is set on object 'Object Repository/Final Object Repo/Login Page/Internal User/Email Address'

2018-12-17 14:51:57 - [MESSAGE][PASSED] - Text 'test@liferay.com' is set on object 'Object Repository/Final Object Repo/Login Page/Internal User/Email Address'

2018-12-17 14:51:57 - [TEST_STEP][PASSED] - click: Object: 'Object Repository/Final Object Repo/Login Page/Internal User/Next Button' is clicked on

2018-12-17 14:51:57 - [MESSAGE][PASSED] - Object: 'Object Repository/Final Object Repo/Login Page/Internal User/Next Button' is clicked on

2018-12-17 14:51:57 - [TEST_STEP][PASSED] - delay: Delayed 2 second(s)

2018-12-17 14:51:59 - [MESSAGE][PASSED] - Delayed 2 second(s)

2018-12-17 14:51:59 - [TEST_STEP][PASSED] - setText: Text 'test' is set on object 'Object Repository/Final Object Repo/Login Page/Internal User/Password'

2018-12-17 14:51:59 - [MESSAGE][PASSED] - Text 'test' is set on object 'Object Repository/Final Object Repo/Login Page/Internal User/Password'

2018-12-17 14:51:59 - [TEST_STEP][PASSED] - delay: Delayed 2 second(s)

2018-12-17 14:52:01 - [MESSAGE][PASSED] - Delayed 2 second(s)

2018-12-17 14:52:01 - [TEST_STEP][PASSED] - click: Object: 'Object Repository/Final Object Repo/Login Page/Internal User/Login Button' is clicked on

2018-12-17 14:52:01 - [MESSAGE][PASSED] - Object: 'Object Repository/Final Object Repo/Login Page/Internal User/Login Button' is clicked on

2018-12-17 14:52:01 - [TEST_STEP][PASSED] - Statement - tester = com.kms.katalon.core.testobject.ObjectRepository.findTestObject(Final Object Repo/Landing Page/Select to English): Finding Test Object with id 'Object Repository/Final Object Repo/Landing Page/Select to English'

2018-12-17 14:52:01 - [TEST_STEP][PASSED] - Statement - Try: Delayed 2 second(s)

2018-12-17 14:52:01 - [TEST_STEP][PASSED] - Statement - Checker = com.kms.katalon.core.webui.keyword.WebUiBuiltInKeywords.verifyElementNotPresent(tester, 3): Web element with id: 'Object Repository/Final Object Repo/Landing Page/Select to English' located by 'By.xpath: //a[@class = 'taglib-language-list-text' and @lang = 'en-US' and (contains(text(), 'EN') or contains(., 'EN'))]' is not present after '3' second(s)

2018-12-17 14:52:03 - [MESSAGE][PASSED] - Web element with id: 'Object Repository/Final Object Repo/Landing Page/Select to English' located by 'By.xpath: //a[@class = 'taglib-language-list-text' and @lang = 'en-US' and (contains(text(), 'EN') or contains(., 'EN'))]' is not present after '3' second(s)

2018-12-17 14:52:03 - [TEST_STEP][PASSED] - Statement - If (Checker == false): null

2018-12-17 14:52:03 - [TEST_STEP][PASSED] - delay: Delayed 2 second(s)

2018-12-17 14:52:05 - [MESSAGE][PASSED] - Delayed 2 second(s)

2018-12-17 14:52:05 - [TEST_STEP][PASSED] - delay: Delayed 5 second(s)

2018-12-17 14:52:10 - [MESSAGE][PASSED] - Delayed 5 second(s)

2018-12-17 14:52:10 - [TEST_STEP][PASSED] - mouseOver: Object: 'Object Repository/Final Object Repo/Landing Page/WorkFlow Menu' is hovered

2018-12-17 14:52:10 - [MESSAGE][PASSED] - Object: 'Object Repository/Final Object Repo/Landing Page/WorkFlow Menu' is hovered

2018-12-17 14:52:10 - [TEST_STEP][PASSED] - delay: Delayed 2 second(s)

2018-12-17 14:52:12 - [MESSAGE][PASSED] - Delayed 2 second(s)

2018-12-17 14:52:12 - [TEST_STEP][PASSED] - click: Object: 'Object Repository/Final Object Repo/Landing Page/Select to Workflow Listing' is clicked on

2018-12-17 14:52:13 - [MESSAGE][PASSED] - Object: 'Object Repository/Final Object Repo/Landing Page/Select to Workflow Listing' is clicked on

2018-12-17 14:52:13 - [TEST_STEP][PASSED] - delay: Delayed 2 second(s)

2018-12-17 14:52:15 - [MESSAGE][PASSED] - Delayed 2 second(s)

2018-12-17 14:52:15 - [TEST_STEP][PASSED] - click: Object: 'Object Repository/Final Object Repo/WorkFlow Listing Page/Search Information - To Put Ref No' is clicked on

2018-12-17 14:52:16 - [MESSAGE][PASSED] - Object: 'Object Repository/Final Object Repo/WorkFlow Listing Page/Search Information - To Put Ref No' is clicked on

2018-12-17 14:52:16 - [TEST_STEP][PASSED] - delay: Delayed 2 second(s)

2018-12-17 14:52:18 - [MESSAGE][PASSED] - Delayed 2 second(s)

2018-12-17 14:52:18 - [TEST_STEP][PASSED] - callTestCase: Call Test Case 'Test Cases/Final Aug 2018 - PKS Automation/Common/Reference Number Getter' successfully

2018-12-17 14:52:18 - [TEST_CASE][PASSED] - Test Cases/Final Aug 2018 - PKS Automation/Common/Reference Number Getter: Test Cases/Final Aug 2018 - PKS Automation/Common/Reference Number Getter

2018-12-17 14:52:18 - [TEST_STEP][PASSED] - Statement - Try: null

2018-12-17 14:52:18 - [TEST_STEP][PASSED] - Statement - RefNo = new java.io.File(C://Users//Admin//Desktop//PKS//Automation Reference Point//KatalonReference.txt): null

2018-12-17 14:52:18 - [TEST_STEP][PASSED] - Statement - bufferread = new java.io.BufferedReader(new java.io.FileReader(RefNo)): null

2018-12-17 14:52:18 - [TEST_STEP][PASSED] - Statement - readedVal = bufferread.readLine(): null

2018-12-17 14:52:18 - [TEST_STEP][PASSED] - Statement - out.println(CaseReferenceNo): null

2018-12-17 14:52:18 - [TEST_STEP][PASSED] - Statement - out.println(readedVal): null

2018-12-17 14:52:18 - [TEST_STEP][PASSED] - Statement - CaseReferenceNo = "": null

2018-12-17 14:52:18 - [TEST_STEP][PASSED] - Statement - CaseReferenceNo = readedVal: null

2018-12-17 14:52:18 - [MESSAGE][PASSED] - Call Test Case 'Test Cases/Final Aug 2018 - PKS Automation/Common/Reference Number Getter' successfully

2018-12-17 14:52:18 - [TEST_STEP][PASSED] - setText: Text 'ERN122018C200002467' is set on object 'Object Repository/Final Object Repo/WorkFlow Listing Page/Ref No Set Text'

2018-12-17 14:52:18 - [MESSAGE][PASSED] - Text 'ERN122018C200002467' is set on object 'Object Repository/Final Object Repo/WorkFlow Listing Page/Ref No Set Text'

2018-12-17 14:52:18 - [TEST_STEP][PASSED] - delay: Delayed 2 second(s)

2018-12-17 14:52:20 - [MESSAGE][PASSED] - Delayed 2 second(s)

2018-12-17 14:52:20 - [TEST_STEP][PASSED] - click: Object: 'Object Repository/Final Object Repo/WorkFlow Listing Page/Search Ref No Search Button' is clicked on

2018-12-17 14:52:20 - [MESSAGE][PASSED] - Object: 'Object Repository/Final Object Repo/WorkFlow Listing Page/Search Ref No Search Button' is clicked on

2018-12-17 14:52:20 - [TEST_STEP][PASSED] - delay: Delayed 6 second(s)

2018-12-17 14:52:26 - [MESSAGE][PASSED] - Delayed 6 second(s)

2018-12-17 14:52:26 - [TEST_STEP][PASSED] - click: Object: 'Object Repository/Final Object Repo/WorkFlow Listing Page/Click Continue Tooltip' is clicked on

2018-12-17 14:52:27 - [MESSAGE][PASSED] - Object: 'Object Repository/Final Object Repo/WorkFlow Listing Page/Click Continue Tooltip' is clicked on

2018-12-17 14:52:27 - [TEST_STEP][PASSED] - delay: Delayed 5 second(s)

2018-12-17 14:52:32 - [MESSAGE][PASSED] - Delayed 5 second(s)

2018-12-17 14:52:32 - [TEST_STEP][PASSED] - doubleClick: Object: 'Object Repository/Final Object Repo/WorkFlow Listing Page/Workflow Found - Listing 1' is double clicked on

2018-12-17 14:52:33 - [MESSAGE][PASSED] - Object: 'Object Repository/Final Object Repo/WorkFlow Listing Page/Workflow Found - Listing 1' is double clicked on

2018-12-17 14:52:33 - [TEST_STEP][PASSED] - Statement - println(OwnerID): null

2018-12-17 14:52:33 - [TEST_STEP][PASSED] - Statement - OwnerID = com.kms.katalon.core.webui.keyword.WebUiBuiltInKeywords.getText(com.kms.katalon.core.testobject.ObjectRepository.findTestObject(Final Object Repo/WorkFlow Listing Page/Workflow Found - Listing 1), STOP_ON_FAILURE): Text of object 'Object Repository/Final Object Repo/WorkFlow Listing Page/Workflow Found - Listing 1' is: 'JOHORuo3'

2018-12-17 14:52:33 - [MESSAGE][PASSED] - Text of object 'Object Repository/Final Object Repo/WorkFlow Listing Page/Workflow Found - Listing 1' is: 'JOHORuo3'

2018-12-17 14:52:33 - [TEST_STEP][PASSED] - Statement - OwnerID = OwnerID.toLowerCase() + "@gmail.com": null

2018-12-17 14:52:33 - [TEST_STEP][PASSED] - Statement - println(OwnerID): null

2018-12-17 14:52:33 - [TEST_STEP][PASSED] - delay: Delayed 2 second(s)

2018-12-17 14:52:35 - [MESSAGE][PASSED] - Delayed 2 second(s)

2018-12-17 14:52:35 - [MESSAGE][PASSED] - Call Test Case 'Test Cases/Final Aug 2018 - PKS Automation/Common/Workflow Owner Finder' successfully

2018-12-17 14:52:35 - [TEST_STEP][PASSED] - delay: Delayed 1 second(s)

2018-12-17 14:52:36 - [MESSAGE][PASSED] - Delayed 1 second(s)

2018-12-17 14:52:36 - [TEST_STEP][PASSED] - navigateToUrl: Navigate to 'https://assist2-uat.perkeso.gov.my/c/portal/logout' successfully

2018-12-17 14:52:37 - [MESSAGE][PASSED] - Navigate to 'https://assist2-uat.perkeso.gov.my/c/portal/logout' successfully

2018-12-17 14:52:37 - [TEST_STEP][PASSED] - delay: Delayed 1 second(s)

2018-12-17 14:52:38 - [MESSAGE][PASSED] - Delayed 1 second(s)

2018-12-17 14:52:38 - [TEST_STEP][PASSED] - callTestCase: Call Test Case 'Test Cases/Final Aug 2018 - PKS Automation/Registration Module/Workflow/Login and Search Case For Workflow' successfully

2018-12-17 14:52:38 - [TEST_CASE][PASSED] - Test Cases/Final Aug 2018 - PKS Automation/Registration Module/Workflow/Login and Search Case For Workflow: Test Cases/Final Aug 2018 - PKS Automation/Registration Module/Workflow/Login and Search Case For Workflow

2018-12-17 14:52:38 - [TEST_STEP][PASSED] - navigateToUrl: Navigate to 'https://assist2-uat.perkeso.gov.my/login' successfully

2018-12-17 14:52:38 - [MESSAGE][PASSED] - Navigate to 'https://assist2-uat.perkeso.gov.my/login' successfully

2018-12-17 14:52:38 - [TEST_STEP][PASSED] - setText: Text 'johoruo3@gmail.com' is set on object 'Object Repository/Final Object Repo/Login Page/Internal User/Email Address'

2018-12-17 14:52:38 - [MESSAGE][PASSED] - Text 'johoruo3@gmail.com' is set on object 'Object Repository/Final Object Repo/Login Page/Internal User/Email Address'

2018-12-17 14:52:38 - [TEST_STEP][PASSED] - click: Object: 'Object Repository/Final Object Repo/Login Page/Internal User/Next Button' is clicked on

2018-12-17 14:52:39 - [MESSAGE][PASSED] - Object: 'Object Repository/Final Object Repo/Login Page/Internal User/Next Button' is clicked on

2018-12-17 14:52:39 - [TEST_STEP][PASSED] - delay: Delayed 1 second(s)

2018-12-17 14:52:40 - [MESSAGE][PASSED] - Delayed 1 second(s)

2018-12-17 14:52:40 - [TEST_STEP][PASSED] - setEncryptedText: Text ****** has been set on object 'Object Repository/Final Object Repo/Login Page/Internal User/Password'

2018-12-17 14:52:40 - [MESSAGE][PASSED] - Text ****** has been set on object 'Object Repository/Final Object Repo/Login Page/Internal User/Password'

2018-12-17 14:52:40 - [TEST_STEP][PASSED] - click: Object: 'Object Repository/Final Object Repo/Login Page/Internal User/Login Button' is clicked on

2018-12-17 14:52:40 - [MESSAGE][PASSED] - Object: 'Object Repository/Final Object Repo/Login Page/Internal User/Login Button' is clicked on

2018-12-17 14:52:40 - [TEST_STEP][PASSED] - delay: Delayed 2 second(s)

2018-12-17 14:52:42 - [MESSAGE][PASSED] - Delayed 2 second(s)

2018-12-17 14:52:42 - [TEST_STEP][PASSED] - Statement - Try: Delayed 2 second(s)

2018-12-17 14:52:42 - [TEST_STEP][PASSED] - Statement - Checker = false: null

2018-12-17 14:52:42 - [TEST_STEP][PASSED] - Statement - Checker = com.kms.katalon.core.webui.keyword.WebUiBuiltInKeywords.verifyElementHasAttribute(com.kms.katalon.core.testobject.ObjectRepository.findTestObject(Final Object Repo/Landing Page/BM Detecting), "href", 20, OPTIONAL): Object 'Object Repository/Final Object Repo/Landing Page/BM Detecting' has attribute 'href'

2018-12-17 14:52:42 - [MESSAGE][PASSED] - Object 'Object Repository/Final Object Repo/Landing Page/BM Detecting' has attribute 'href'

2018-12-17 14:52:42 - [TEST_STEP][PASSED] - Statement - out.println(Checker): null

2018-12-17 14:52:42 - [TEST_STEP][PASSED] - Statement - If (Checker == false): null

2018-12-17 14:52:42 - [TEST_STEP][PASSED] - Statement - Else: null

2018-12-17 14:52:42 - [TEST_STEP][PASSED] - delay: Delayed 2 second(s)

2018-12-17 14:52:44 - [MESSAGE][PASSED] - Delayed 2 second(s)

2018-12-17 14:52:44 - [TEST_STEP][PASSED] - click: Object: 'Object Repository/Final Object Repo/Page_MyASSIST - ASSIST - Search Pending Case For Add Supporting Document/Search Information' is clicked on

2018-12-17 14:52:44 - [MESSAGE][PASSED] - Object: 'Object Repository/Final Object Repo/Page_MyASSIST - ASSIST - Search Pending Case For Add Supporting Document/Search Information' is clicked on

2018-12-17 14:52:44 - [TEST_STEP][PASSED] - delay: Delayed 3 second(s)

2018-12-17 14:52:47 - [MESSAGE][PASSED] - Delayed 3 second(s)

2018-12-17 14:52:47 - [TEST_STEP][PASSED] - sendKeys: Keys 'ERN122018C200002467' sent to object: 'Object Repository/Final Object Repo/Page_MyASSIST - ASSIST - Search Pending Case For Add Supporting Document/Reference No'

2018-12-17 14:52:48 - [MESSAGE][PASSED] - Keys 'ERN122018C200002467' sent to object: 'Object Repository/Final Object Repo/Page_MyASSIST - ASSIST - Search Pending Case For Add Supporting Document/Reference No'

2018-12-17 14:52:48 - [TEST_STEP][PASSED] - click: Object: 'Object Repository/Final Object Repo/Page_MyASSIST - ASSIST - Search Pending Case For Add Supporting Document/Search Reference No' is clicked on

2018-12-17 14:52:48 - [MESSAGE][PASSED] - Object: 'Object Repository/Final Object Repo/Page_MyASSIST - ASSIST - Search Pending Case For Add Supporting Document/Search Reference No' is clicked on

2018-12-17 14:52:48 - [TEST_STEP][PASSED] - delay: Delayed 2 second(s)

2018-12-17 14:52:50 - [MESSAGE][PASSED] - Delayed 2 second(s)

2018-12-17 14:52:50 - [TEST_STEP][PASSED] - click: Object: 'Object Repository/Final Object Repo/Page_MyASSIST - ASSIST - Search Pending Case For Add Supporting Document/Continue' is clicked on

2018-12-17 14:52:53 - [MESSAGE][PASSED] - Object: 'Object Repository/Final Object Repo/Page_MyASSIST - ASSIST - Search Pending Case For Add Supporting Document/Continue' is clicked on

2018-12-17 14:52:53 - [TEST_STEP][PASSED] - delay: Delayed 20 second(s)

2018-12-17 14:53:13 - [MESSAGE][PASSED] - Delayed 20 second(s)

2018-12-17 14:53:13 - [MESSAGE][PASSED] - Call Test Case 'Test Cases/Final Aug 2018 - PKS Automation/Registration Module/Workflow/Login and Search Case For Workflow' successfully

2018-12-17 14:53:13 - [TEST_STEP][PASSED] - click: Object: 'Object Repository/Final Object Repo/Page_Form 3 EIS - Cessation as Employer/Page_Form 3 EIS - Cessation as Employer (Approve)/Save  Continue in Form 3 Page' is clicked on

2018-12-17 14:53:13 - [MESSAGE][PASSED] - Object: 'Object Repository/Final Object Repo/Page_Form 3 EIS - Cessation as Employer/Page_Form 3 EIS - Cessation as Employer (Approve)/Save  Continue in Form 3 Page' is clicked on

2018-12-17 14:53:13 - [TEST_STEP][PASSED] - delay: Delayed 2 second(s)

2018-12-17 14:53:15 - [MESSAGE][PASSED] - Delayed 2 second(s)

2018-12-17 14:53:15 - [TEST_STEP][PASSED] - click: Object: 'Object Repository/Final Object Repo/Page_Form 3 EIS - Cessation as Employer/Page_Form 3 EIS - Cessation as Employer (Approve)/Save  Continue in Resigned Page' is clicked on

2018-12-17 14:53:16 - [MESSAGE][PASSED] - Object: 'Object Repository/Final Object Repo/Page_Form 3 EIS - Cessation as Employer/Page_Form 3 EIS - Cessation as Employer (Approve)/Save  Continue in Resigned Page' is clicked on

2018-12-17 14:53:16 - [TEST_STEP][PASSED] - delay: Delayed 2 second(s)

2018-12-17 14:53:18 - [MESSAGE][PASSED] - Delayed 2 second(s)

2018-12-17 14:53:18 - [TEST_STEP][PASSED] - click: Object: 'Object Repository/Final Object Repo/Page_Form 3 EIS - Cessation as Employer/Page_Form 3 EIS - Cessation as Employer (Approve)/Save  Continue in Uploading Page' is clicked on

2018-12-17 14:53:19 - [MESSAGE][PASSED] - Object: 'Object Repository/Final Object Repo/Page_Form 3 EIS - Cessation as Employer/Page_Form 3 EIS - Cessation as Employer (Approve)/Save  Continue in Uploading Page' is clicked on

2018-12-17 14:53:19 - [TEST_STEP][PASSED] - delay: Delayed 2 second(s)

2018-12-17 14:53:21 - [MESSAGE][PASSED] - Delayed 2 second(s)

2018-12-17 14:53:21 - [TEST_STEP][PASSED] - click: Object: 'Object Repository/Final Object Repo/Page_Form 3 EIS - Cessation as Employer/Page_Form 3 EIS - Cessation as Employer (Under enforcement)/Underenforcement' is clicked on

2018-12-17 14:53:23 - [MESSAGE][PASSED] - Object: 'Object Repository/Final Object Repo/Page_Form 3 EIS - Cessation as Employer/Page_Form 3 EIS - Cessation as Employer (Under enforcement)/Underenforcement' is clicked on

2018-12-17 14:53:23 - [TEST_STEP][PASSED] - delay: Delayed 2 second(s)

2018-12-17 14:53:25 - [MESSAGE][PASSED] - Delayed 2 second(s)

2018-12-17 14:53:25 - [TEST_STEP][PASSED] - setText: Text 'Remark' is set on object 'Object Repository/Final Object Repo/Page_Form 3 EIS - Cessation as Employer/Page_Form 3 EIS - Cessation as Employer (Under enforcement)/Under enforcement - Remark'

2018-12-17 14:53:26 - [MESSAGE][PASSED] - Text 'Remark' is set on object 'Object Repository/Final Object Repo/Page_Form 3 EIS - Cessation as Employer/Page_Form 3 EIS - Cessation as Employer (Under enforcement)/Under enforcement - Remark'

2018-12-17 14:53:26 - [TEST_STEP][PASSED] - delay: Delayed 2 second(s)

2018-12-17 14:53:28 - [MESSAGE][PASSED] - Delayed 2 second(s)

2018-12-17 14:53:28 - [TEST_STEP][PASSED] - click: Object: 'Object Repository/Final Object Repo/Page_Form 3 EIS - Cessation as Employer/Page_Form 3 EIS - Cessation as Employer (Under enforcement)/Save  Continue in Under enforcement' is clicked on

2018-12-17 14:53:28 - [MESSAGE][PASSED] - Object: 'Object Repository/Final Object Repo/Page_Form 3 EIS - Cessation as Employer/Page_Form 3 EIS - Cessation as Employer (Under enforcement)/Save  Continue in Under enforcement' is clicked on

2018-12-17 14:53:28 - [TEST_STEP][PASSED] - doubleClick: Object: 'Object Repository/Final Object Repo/Page_Form 3 EIS - Cessation as Employer/Page_Form 3 EIS - Cessation as Employer (Under enforcement)/Message The case is under enforcement' is double clicked on

2018-12-17 14:53:32 - [MESSAGE][PASSED] - Object: 'Object Repository/Final Object Repo/Page_Form 3 EIS - Cessation as Employer/Page_Form 3 EIS - Cessation as Employer (Under enforcement)/Message The case is under enforcement' is double clicked on

2018-12-17 14:53:32 - [MESSAGE][PASSED] - Call Test Case 'Test Cases/Final Aug 2018 - PKS Automation/Registration Module/Workflow/Form 3 EIS - Cessation As Employer/Template/Form 3 A - Cessation As Employer (Under enforcement)' successfully]]></system-out>
         <system-err><![CDATA[]]></system-err>
      </testcase>
      <testcase name="Test Cases/Final Aug 2018 - PKS Automation/Registration Module/Workflow/Form 3 EIS - Cessation As Employer/PKRBO to UO (Approve)" classname="Test Cases/Final Aug 2018 - PKS Automation/Registration Module/Workflow/Form 3 EIS - Cessation As Employer/PKRBO to UO (Approve)" status="PASSED">
         <system-out><![CDATA[2018-12-17 14:53:32 - [TEST_CASE][PASSED] - Test Cases/Final Aug 2018 - PKS Automation/Registration Module/Workflow/Form 3 EIS - Cessation As Employer/PKRBO to UO (Approve): Test Cases/Final Aug 2018 - PKS Automation/Registration Module/Workflow/Form 3 EIS - Cessation As Employer/PKRBO to UO (Approve)

2018-12-17 14:53:32 - [TEST_STEP][PASSED] - callTestCase: Call Test Case 'Test Cases/Final Aug 2018 - PKS Automation/Registration Module/Workflow/Form 3 EIS - Cessation As Employer/Template/Form 3 A - Cessation As Employer (PKRBO)' successfully

2018-12-17 14:53:32 - [TEST_CASE][PASSED] - Test Cases/Final Aug 2018 - PKS Automation/Registration Module/Workflow/Form 3 EIS - Cessation As Employer/Template/Form 3 A - Cessation As Employer (PKRBO): Test Cases/Final Aug 2018 - PKS Automation/Registration Module/Workflow/Form 3 EIS - Cessation As Employer/Template/Form 3 A - Cessation As Employer (PKRBO)

2018-12-17 14:53:32 - [TEST_STEP][PASSED] - openBrowser: Browser is opened with url: ''

2018-12-17 14:53:32 - [MESSAGE][WARNING] - A browser is already opened. Closing browser and opening a new one

2018-12-17 14:53:35 - [MESSAGE][PASSED] - Browser is opened with url: ''

2018-12-17 14:53:35 - [TEST_STEP][PASSED] - navigateToUrl: Navigate to 'https://assist2-uat.perkeso.gov.my/login' successfully

2018-12-17 14:53:36 - [MESSAGE][PASSED] - Navigate to 'https://assist2-uat.perkeso.gov.my/login' successfully

2018-12-17 14:53:36 - [TEST_STEP][PASSED] - setText: Text 'johorpkrbo1@gmail.com' is set on object 'Object Repository/Final Object Repo/Login Page/Internal User/Email Address'

2018-12-17 14:53:37 - [MESSAGE][PASSED] - Text 'johorpkrbo1@gmail.com' is set on object 'Object Repository/Final Object Repo/Login Page/Internal User/Email Address'

2018-12-17 14:53:37 - [TEST_STEP][PASSED] - click: Object: 'Object Repository/Final Object Repo/Login Page/Internal User/Next Button' is clicked on

2018-12-17 14:53:37 - [MESSAGE][PASSED] - Object: 'Object Repository/Final Object Repo/Login Page/Internal User/Next Button' is clicked on

2018-12-17 14:53:37 - [TEST_STEP][PASSED] - delay: Delayed 1 second(s)

2018-12-17 14:53:38 - [MESSAGE][PASSED] - Delayed 1 second(s)

2018-12-17 14:53:38 - [TEST_STEP][PASSED] - setEncryptedText: Text ****** has been set on object 'Object Repository/Final Object Repo/Login Page/Internal User/Password'

2018-12-17 14:53:38 - [MESSAGE][PASSED] - Text ****** has been set on object 'Object Repository/Final Object Repo/Login Page/Internal User/Password'

2018-12-17 14:53:38 - [TEST_STEP][PASSED] - click: Object: 'Object Repository/Final Object Repo/Login Page/Internal User/Login Button' is clicked on

2018-12-17 14:53:38 - [MESSAGE][PASSED] - Object: 'Object Repository/Final Object Repo/Login Page/Internal User/Login Button' is clicked on

2018-12-17 14:53:38 - [TEST_STEP][PASSED] - delay: Delayed 1 second(s)

2018-12-17 14:53:39 - [MESSAGE][PASSED] - Delayed 1 second(s)

2018-12-17 14:53:39 - [TEST_STEP][PASSED] - Statement - Try: Delayed 2 second(s)

2018-12-17 14:53:39 - [TEST_STEP][PASSED] - Statement - Checker = false: null

2018-12-17 14:53:39 - [TEST_STEP][PASSED] - Statement - Checker = com.kms.katalon.core.webui.keyword.WebUiBuiltInKeywords.verifyElementHasAttribute(com.kms.katalon.core.testobject.ObjectRepository.findTestObject(Final Object Repo/Landing Page/BM Detecting), "href", 20, OPTIONAL): Object 'Object Repository/Final Object Repo/Landing Page/BM Detecting' has attribute 'href'

2018-12-17 14:53:41 - [MESSAGE][PASSED] - Object 'Object Repository/Final Object Repo/Landing Page/BM Detecting' has attribute 'href'

2018-12-17 14:53:41 - [TEST_STEP][PASSED] - Statement - out.println(Checker): null

2018-12-17 14:53:41 - [TEST_STEP][PASSED] - Statement - If (Checker == false): null

2018-12-17 14:53:41 - [TEST_STEP][PASSED] - Statement - Else: null

2018-12-17 14:53:41 - [TEST_STEP][PASSED] - delay: Delayed 2 second(s)

2018-12-17 14:53:43 - [MESSAGE][PASSED] - Delayed 2 second(s)

2018-12-17 14:53:43 - [TEST_STEP][PASSED] - navigateToUrl: Navigate to 'https://assist2-uat.perkeso.gov.my/web/registration/eis-update/form-3-eis-cessation-as-employer' successfully

2018-12-17 14:53:44 - [MESSAGE][PASSED] - Navigate to 'https://assist2-uat.perkeso.gov.my/web/registration/eis-update/form-3-eis-cessation-as-employer' successfully

2018-12-17 14:53:44 - [TEST_STEP][PASSED] - delay: Delayed 1 second(s)

2018-12-17 14:53:45 - [MESSAGE][PASSED] - Delayed 1 second(s)

2018-12-17 14:53:45 - [TEST_STEP][PASSED] - setText: Text 'E1102069769W' is set on object 'Object Repository/Final Object Repo/Page_Form 3 EIS - Cessation as Employer/Employer Code'

2018-12-17 14:53:45 - [MESSAGE][PASSED] - Text 'E1102069769W' is set on object 'Object Repository/Final Object Repo/Page_Form 3 EIS - Cessation as Employer/Employer Code'

2018-12-17 14:53:45 - [TEST_STEP][PASSED] - click: Object: 'Object Repository/Final Object Repo/Page_Form 3 EIS - Cessation as Employer/Search' is clicked on

2018-12-17 14:53:45 - [MESSAGE][PASSED] - Object: 'Object Repository/Final Object Repo/Page_Form 3 EIS - Cessation as Employer/Search' is clicked on

2018-12-17 14:53:45 - [TEST_STEP][PASSED] - click: Object: 'Object Repository/Final Object Repo/Page_Form 3 EIS - Cessation as Employer/Edit' is clicked on

2018-12-17 14:53:48 - [MESSAGE][PASSED] - Object: 'Object Repository/Final Object Repo/Page_Form 3 EIS - Cessation as Employer/Edit' is clicked on

2018-12-17 14:53:48 - [TEST_STEP][PASSED] - delay: Delayed 1 second(s)

2018-12-17 14:53:49 - [MESSAGE][PASSED] - Delayed 1 second(s)

2018-12-17 14:53:49 - [TEST_STEP][PASSED] - Statement - abc = com.kms.katalon.core.webui.keyword.WebUiBuiltInKeywords.getAttribute(com.kms.katalon.core.testobject.ObjectRepository.findTestObject(Final Object Repo/Page_Form 3 EIS - Cessation as Employer/Employer Status), "value"): Attribute 'value' of object 'Object Repository/Final Object Repo/Page_Form 3 EIS - Cessation as Employer/Employer Status' is: 'Active'

2018-12-17 14:53:49 - [MESSAGE][PASSED] - Attribute 'value' of object 'Object Repository/Final Object Repo/Page_Form 3 EIS - Cessation as Employer/Employer Status' is: 'Active'

2018-12-17 14:53:49 - [TEST_STEP][PASSED] - Statement - out.println(abc): null

2018-12-17 14:53:49 - [TEST_STEP][PASSED] - Statement - If (abc == "Active"): Object: 'Object Repository/Final Object Repo/Page_Form 3 EIS - Cessation as Employer/Dormant EIS' is clicked on

2018-12-17 14:53:49 - [TEST_STEP][PASSED] - click: Object: 'Object Repository/Final Object Repo/Page_Form 3 EIS - Cessation as Employer/Change Employer Status to' is clicked on

2018-12-17 14:53:49 - [MESSAGE][PASSED] - Object: 'Object Repository/Final Object Repo/Page_Form 3 EIS - Cessation as Employer/Change Employer Status to' is clicked on

2018-12-17 14:53:49 - [TEST_STEP][PASSED] - click: Object: 'Object Repository/Final Object Repo/Page_Form 3 EIS - Cessation as Employer/Dormant EIS' is clicked on

2018-12-17 14:53:49 - [MESSAGE][PASSED] - Object: 'Object Repository/Final Object Repo/Page_Form 3 EIS - Cessation as Employer/Dormant EIS' is clicked on

2018-12-17 14:53:49 - [TEST_STEP][PASSED] - click: Object: 'Object Repository/Final Object Repo/Page_Form 3 EIS - Cessation as Employer/Calender' is clicked on

2018-12-17 14:53:49 - [MESSAGE][PASSED] - Object: 'Object Repository/Final Object Repo/Page_Form 3 EIS - Cessation as Employer/Calender' is clicked on

2018-12-17 14:53:49 - [TEST_STEP][PASSED] - delay: Delayed 1 second(s)

2018-12-17 14:53:50 - [MESSAGE][PASSED] - Delayed 1 second(s)

2018-12-17 14:53:50 - [TEST_STEP][PASSED] - click: Object: 'Object Repository/Final Object Repo/Page_Form 3 EIS - Cessation as Employer/Calender - Date' is clicked on

2018-12-17 14:53:51 - [MESSAGE][PASSED] - Object: 'Object Repository/Final Object Repo/Page_Form 3 EIS - Cessation as Employer/Calender - Date' is clicked on

2018-12-17 14:53:51 - [TEST_STEP][PASSED] - click: Object: 'Object Repository/Final Object Repo/Page_Form 3 EIS - Cessation as Employer/Save  Continue in Form 3 EIS Page' is clicked on

2018-12-17 14:53:51 - [MESSAGE][PASSED] - Object: 'Object Repository/Final Object Repo/Page_Form 3 EIS - Cessation as Employer/Save  Continue in Form 3 EIS Page' is clicked on

2018-12-17 14:53:51 - [TEST_STEP][PASSED] - delay: Delayed 1 second(s)

2018-12-17 14:53:52 - [MESSAGE][PASSED] - Delayed 1 second(s)

2018-12-17 14:53:52 - [TEST_STEP][PASSED] - click: Object: 'Object Repository/Final Object Repo/Page_Form 3 EIS - Cessation as Employer/Employment Resign Date' is clicked on

2018-12-17 14:53:53 - [MESSAGE][PASSED] - Object: 'Object Repository/Final Object Repo/Page_Form 3 EIS - Cessation as Employer/Employment Resign Date' is clicked on

2018-12-17 14:53:53 - [TEST_STEP][PASSED] - selectOptionByValue: All options with value '2030' are selected in object 'Object Repository/Final Object Repo/Page_Form 3 EIS - Cessation as Employer/Employment Resign Date - Year' 

2018-12-17 14:53:53 - [MESSAGE][PASSED] - All options with value '2030' are selected in object 'Object Repository/Final Object Repo/Page_Form 3 EIS - Cessation as Employer/Employment Resign Date - Year' 

2018-12-17 14:53:53 - [TEST_STEP][PASSED] - delay: Delayed 2 second(s)

2018-12-17 14:53:55 - [MESSAGE][PASSED] - Delayed 2 second(s)

2018-12-17 14:53:55 - [TEST_STEP][PASSED] - click: Object: 'Object Repository/Final Object Repo/Page_Form 3 EIS - Cessation as Employer/Employment Resign Date - Year - Date' is clicked on

2018-12-17 14:53:55 - [MESSAGE][PASSED] - Object: 'Object Repository/Final Object Repo/Page_Form 3 EIS - Cessation as Employer/Employment Resign Date - Year - Date' is clicked on

2018-12-17 14:53:55 - [TEST_STEP][PASSED] - delay: Delayed 2 second(s)

2018-12-17 14:53:57 - [MESSAGE][PASSED] - Delayed 2 second(s)

2018-12-17 14:53:57 - [TEST_STEP][PASSED] - click: Object: 'Object Repository/Final Object Repo/Page_Form 3 EIS - Cessation as Employer/Save  Continue in Employment Resign Page' is clicked on

2018-12-17 14:53:57 - [MESSAGE][PASSED] - Object: 'Object Repository/Final Object Repo/Page_Form 3 EIS - Cessation as Employer/Save  Continue in Employment Resign Page' is clicked on

2018-12-17 14:53:57 - [TEST_STEP][PASSED] - delay: Delayed 2 second(s)

2018-12-17 14:53:59 - [MESSAGE][PASSED] - Delayed 2 second(s)

2018-12-17 14:53:59 - [TEST_STEP][PASSED] - click: Object: 'Object Repository/Final Object Repo/Page_Form 3 EIS - Cessation as Employer/Set Latest - Yes' is clicked on

2018-12-17 14:53:59 - [MESSAGE][PASSED] - Object: 'Object Repository/Final Object Repo/Page_Form 3 EIS - Cessation as Employer/Set Latest - Yes' is clicked on

2018-12-17 14:53:59 - [TEST_STEP][PASSED] - delay: Delayed 2 second(s)

2018-12-17 14:54:01 - [MESSAGE][PASSED] - Delayed 2 second(s)

2018-12-17 14:54:01 - [TEST_STEP][PASSED] - click: Object: 'Object Repository/Final Object Repo/Page_Form 3 EIS - Cessation as Employer/Add Document' is clicked on

2018-12-17 14:54:03 - [MESSAGE][PASSED] - Object: 'Object Repository/Final Object Repo/Page_Form 3 EIS - Cessation as Employer/Add Document' is clicked on

2018-12-17 14:54:03 - [TEST_STEP][PASSED] - delay: Delayed 3 second(s)

2018-12-17 14:54:06 - [MESSAGE][PASSED] - Delayed 3 second(s)

2018-12-17 14:54:06 - [TEST_STEP][PASSED] - click: Object: 'Object Repository/Final Object Repo/Page_Form 3 EIS - Cessation as Employer/Document Type' is clicked on

2018-12-17 14:54:06 - [MESSAGE][PASSED] - Object: 'Object Repository/Final Object Repo/Page_Form 3 EIS - Cessation as Employer/Document Type' is clicked on

2018-12-17 14:54:06 - [TEST_STEP][PASSED] - click: Object: 'Object Repository/Final Object Repo/Page_Form 3 EIS - Cessation as Employer/Document Type - Form 3' is clicked on

2018-12-17 14:54:06 - [MESSAGE][PASSED] - Object: 'Object Repository/Final Object Repo/Page_Form 3 EIS - Cessation as Employer/Document Type - Form 3' is clicked on

2018-12-17 14:54:06 - [TEST_STEP][PASSED] - delay: Delayed 2 second(s)

2018-12-17 14:54:08 - [MESSAGE][PASSED] - Delayed 2 second(s)

2018-12-17 14:54:08 - [TEST_STEP][PASSED] - sendKeys: Keys 'C:\Users\Public\Pictures\Sample Pictures\Koala.jpg' sent to object: 'Object Repository/Final Object Repo/Page_Form 3 EIS - Cessation as Employer/ploading File'

2018-12-17 14:54:08 - [MESSAGE][PASSED] - Keys 'C:\Users\Public\Pictures\Sample Pictures\Koala.jpg' sent to object: 'Object Repository/Final Object Repo/Page_Form 3 EIS - Cessation as Employer/ploading File'

2018-12-17 14:54:08 - [TEST_STEP][PASSED] - delay: Delayed 1 second(s)

2018-12-17 14:54:09 - [MESSAGE][PASSED] - Delayed 1 second(s)

2018-12-17 14:54:09 - [TEST_STEP][PASSED] - click: Object: 'Object Repository/Final Object Repo/Page_Form 3 EIS - Cessation as Employer/Add Document in Uploading Page' is clicked on

2018-12-17 14:54:09 - [MESSAGE][PASSED] - Object: 'Object Repository/Final Object Repo/Page_Form 3 EIS - Cessation as Employer/Add Document in Uploading Page' is clicked on

2018-12-17 14:54:09 - [TEST_STEP][PASSED] - delay: Delayed 2 second(s)

2018-12-17 14:54:11 - [MESSAGE][PASSED] - Delayed 2 second(s)

2018-12-17 14:54:11 - [TEST_STEP][PASSED] - Statement - CaseReferenceNo = com.kms.katalon.core.webui.keyword.WebUiBuiltInKeywords.getText(com.kms.katalon.core.testobject.ObjectRepository.findTestObject(Final Object Repo/Page_Update Employer Information/Reference Number in Update Employee Information Page)): Text of object 'Object Repository/Final Object Repo/Page_Update Employer Information/Reference Number in Update Employee Information Page' is: 'ERN122018C200002468'

2018-12-17 14:54:13 - [MESSAGE][PASSED] - Text of object 'Object Repository/Final Object Repo/Page_Update Employer Information/Reference Number in Update Employee Information Page' is: 'ERN122018C200002468'

2018-12-17 14:54:13 - [TEST_STEP][PASSED] - callTestCase: Call Test Case 'Test Cases/Final Aug 2018 - PKS Automation/Common/Reference Number Setter' successfully

2018-12-17 14:54:13 - [TEST_CASE][PASSED] - Test Cases/Final Aug 2018 - PKS Automation/Common/Reference Number Setter: Test Cases/Final Aug 2018 - PKS Automation/Common/Reference Number Setter

2018-12-17 14:54:13 - [TEST_STEP][PASSED] - Statement - RefNoOldFile = new java.io.File(C://Users//Admin//Desktop//PKS//Automation Reference Point//KatalonReference.txt): null

2018-12-17 14:54:13 - [TEST_STEP][PASSED] - Statement - RefNoOldFile.delete(): null

2018-12-17 14:54:13 - [TEST_STEP][PASSED] - delay: Delayed 5 second(s)

2018-12-17 14:54:18 - [MESSAGE][PASSED] - Delayed 5 second(s)

2018-12-17 14:54:18 - [TEST_STEP][PASSED] - Statement - RefNo = new java.io.File(C://Users//Admin//Desktop//PKS//Automation Reference Point//KatalonReference.txt): null

2018-12-17 14:54:18 - [TEST_STEP][PASSED] - Statement - f2 = new java.io.FileWriter(RefNo, false): null

2018-12-17 14:54:18 - [TEST_STEP][PASSED] - Statement - f2.write(CaseReferenceNo): null

2018-12-17 14:54:18 - [TEST_STEP][PASSED] - Statement - f2.close(): null

2018-12-17 14:54:18 - [TEST_STEP][PASSED] - Statement - out.println("


" + CaseReferenceNo + "


"): null

2018-12-17 14:54:18 - [MESSAGE][PASSED] - Call Test Case 'Test Cases/Final Aug 2018 - PKS Automation/Common/Reference Number Setter' successfully

2018-12-17 14:54:18 - [TEST_STEP][PASSED] - delay: Delayed 2 second(s)

2018-12-17 14:54:20 - [MESSAGE][PASSED] - Delayed 2 second(s)

2018-12-17 14:54:20 - [TEST_STEP][PASSED] - click: Object: 'Object Repository/Final Object Repo/Page_Form 3 EIS - Cessation as Employer/Save  Continue in Uploading Page' is clicked on

2018-12-17 14:54:21 - [MESSAGE][PASSED] - Object: 'Object Repository/Final Object Repo/Page_Form 3 EIS - Cessation as Employer/Save  Continue in Uploading Page' is clicked on

2018-12-17 14:54:21 - [TEST_STEP][PASSED] - delay: Delayed 2 second(s)

2018-12-17 14:54:23 - [MESSAGE][PASSED] - Delayed 2 second(s)

2018-12-17 14:54:23 - [TEST_STEP][PASSED] - click: Object: 'Object Repository/Final Object Repo/Page_Form 3 EIS - Cessation as Employer/Submit' is clicked on

2018-12-17 14:54:26 - [MESSAGE][PASSED] - Object: 'Object Repository/Final Object Repo/Page_Form 3 EIS - Cessation as Employer/Submit' is clicked on

2018-12-17 14:54:26 - [TEST_STEP][PASSED] - delay: Delayed 2 second(s)

2018-12-17 14:54:28 - [MESSAGE][PASSED] - Delayed 2 second(s)

2018-12-17 14:54:28 - [TEST_STEP][PASSED] - click: Object: 'Object Repository/Final Object Repo/Page_Form 3 EIS - Cessation as Employer/Confirm' is clicked on

2018-12-17 14:54:28 - [MESSAGE][PASSED] - Object: 'Object Repository/Final Object Repo/Page_Form 3 EIS - Cessation as Employer/Confirm' is clicked on

2018-12-17 14:54:28 - [TEST_STEP][PASSED] - delay: Delayed 2 second(s)

2018-12-17 14:54:30 - [MESSAGE][PASSED] - Delayed 2 second(s)

2018-12-17 14:54:30 - [TEST_STEP][PASSED] - click: Object: 'Object Repository/Final Object Repo/Page_Form 3 EIS - Cessation as Employer/Message Your Request will be routed to UO' is clicked on

2018-12-17 14:54:34 - [MESSAGE][PASSED] - Object: 'Object Repository/Final Object Repo/Page_Form 3 EIS - Cessation as Employer/Message Your Request will be routed to UO' is clicked on

2018-12-17 14:54:34 - [TEST_STEP][PASSED] - click: Object: 'Object Repository/Final Object Repo/Page_Form 3 EIS - Cessation as Employer/Letter of acknowledgement' is clicked on

2018-12-17 14:54:34 - [MESSAGE][PASSED] - Object: 'Object Repository/Final Object Repo/Page_Form 3 EIS - Cessation as Employer/Letter of acknowledgement' is clicked on

2018-12-17 14:54:34 - [MESSAGE][PASSED] - Call Test Case 'Test Cases/Final Aug 2018 - PKS Automation/Registration Module/Workflow/Form 3 EIS - Cessation As Employer/Template/Form 3 A - Cessation As Employer (PKRBO)' successfully

2018-12-17 14:54:34 - [TEST_STEP][PASSED] - callTestCase: Call Test Case 'Test Cases/Final Aug 2018 - PKS Automation/Registration Module/Workflow/Form 3 EIS - Cessation As Employer/Template/Form 3 A - Cessation As Employer (Approve)' successfully

2018-12-17 14:54:34 - [TEST_CASE][PASSED] - Test Cases/Final Aug 2018 - PKS Automation/Registration Module/Workflow/Form 3 EIS - Cessation As Employer/Template/Form 3 A - Cessation As Employer (Approve): Test Cases/Final Aug 2018 - PKS Automation/Registration Module/Workflow/Form 3 EIS - Cessation As Employer/Template/Form 3 A - Cessation As Employer (Approve)

2018-12-17 14:54:34 - [TEST_STEP][NOT_RUN] - callTestCase: NOT_RUN: callTestCase

2018-12-17 14:54:34 - [MESSAGE][NOT_RUN] - NOT_RUN: callTestCase

2018-12-17 14:54:34 - [TEST_STEP][PASSED] - delay: Delayed 1 second(s)

2018-12-17 14:54:35 - [MESSAGE][PASSED] - Delayed 1 second(s)

2018-12-17 14:54:35 - [TEST_STEP][PASSED] - navigateToUrl: Navigate to 'https://assist2-uat.perkeso.gov.my/c/portal/logout' successfully

2018-12-17 14:54:36 - [MESSAGE][PASSED] - Navigate to 'https://assist2-uat.perkeso.gov.my/c/portal/logout' successfully

2018-12-17 14:54:36 - [TEST_STEP][PASSED] - delay: Delayed 1 second(s)

2018-12-17 14:54:37 - [MESSAGE][PASSED] - Delayed 1 second(s)

2018-12-17 14:54:37 - [TEST_STEP][PASSED] - callTestCase: Call Test Case 'Test Cases/Final Aug 2018 - PKS Automation/Common/Reference Number Getter' successfully

2018-12-17 14:54:37 - [TEST_CASE][PASSED] - Test Cases/Final Aug 2018 - PKS Automation/Common/Reference Number Getter: Test Cases/Final Aug 2018 - PKS Automation/Common/Reference Number Getter

2018-12-17 14:54:37 - [TEST_STEP][PASSED] - Statement - Try: null

2018-12-17 14:54:37 - [TEST_STEP][PASSED] - Statement - RefNo = new java.io.File(C://Users//Admin//Desktop//PKS//Automation Reference Point//KatalonReference.txt): null

2018-12-17 14:54:37 - [TEST_STEP][PASSED] - Statement - bufferread = new java.io.BufferedReader(new java.io.FileReader(RefNo)): null

2018-12-17 14:54:37 - [TEST_STEP][PASSED] - Statement - readedVal = bufferread.readLine(): null

2018-12-17 14:54:37 - [TEST_STEP][PASSED] - Statement - out.println(CaseReferenceNo): null

2018-12-17 14:54:37 - [TEST_STEP][PASSED] - Statement - out.println(readedVal): null

2018-12-17 14:54:37 - [TEST_STEP][PASSED] - Statement - CaseReferenceNo = "": null

2018-12-17 14:54:37 - [TEST_STEP][PASSED] - Statement - CaseReferenceNo = readedVal: null

2018-12-17 14:54:37 - [MESSAGE][PASSED] - Call Test Case 'Test Cases/Final Aug 2018 - PKS Automation/Common/Reference Number Getter' successfully

2018-12-17 14:54:37 - [TEST_STEP][PASSED] - callTestCase: Call Test Case 'Test Cases/Final Aug 2018 - PKS Automation/Common/Workflow Owner Finder' successfully

2018-12-17 14:54:37 - [TEST_CASE][PASSED] - Test Cases/Final Aug 2018 - PKS Automation/Common/Workflow Owner Finder: Test Cases/Final Aug 2018 - PKS Automation/Common/Workflow Owner Finder

2018-12-17 14:54:37 - [TEST_STEP][PASSED] - openBrowser: Browser is opened with url: ''

2018-12-17 14:54:37 - [MESSAGE][WARNING] - A browser is already opened. Closing browser and opening a new one

2018-12-17 14:54:40 - [MESSAGE][PASSED] - Browser is opened with url: ''

2018-12-17 14:54:40 - [TEST_STEP][PASSED] - navigateToUrl: Navigate to 'https://assist2-uat.perkeso.gov.my/login' successfully

2018-12-17 14:54:41 - [MESSAGE][PASSED] - Navigate to 'https://assist2-uat.perkeso.gov.my/login' successfully

2018-12-17 14:54:41 - [TEST_STEP][PASSED] - delay: Delayed 5 second(s)

2018-12-17 14:54:46 - [MESSAGE][PASSED] - Delayed 5 second(s)

2018-12-17 14:54:46 - [TEST_STEP][PASSED] - setText: Text 'test@liferay.com' is set on object 'Object Repository/Final Object Repo/Login Page/Internal User/Email Address'

2018-12-17 14:54:47 - [MESSAGE][PASSED] - Text 'test@liferay.com' is set on object 'Object Repository/Final Object Repo/Login Page/Internal User/Email Address'

2018-12-17 14:54:47 - [TEST_STEP][PASSED] - click: Object: 'Object Repository/Final Object Repo/Login Page/Internal User/Next Button' is clicked on

2018-12-17 14:54:47 - [MESSAGE][PASSED] - Object: 'Object Repository/Final Object Repo/Login Page/Internal User/Next Button' is clicked on

2018-12-17 14:54:47 - [TEST_STEP][PASSED] - delay: Delayed 2 second(s)

2018-12-17 14:54:49 - [MESSAGE][PASSED] - Delayed 2 second(s)

2018-12-17 14:54:49 - [TEST_STEP][PASSED] - setText: Text 'test' is set on object 'Object Repository/Final Object Repo/Login Page/Internal User/Password'

2018-12-17 14:54:49 - [MESSAGE][PASSED] - Text 'test' is set on object 'Object Repository/Final Object Repo/Login Page/Internal User/Password'

2018-12-17 14:54:49 - [TEST_STEP][PASSED] - delay: Delayed 2 second(s)

2018-12-17 14:54:51 - [MESSAGE][PASSED] - Delayed 2 second(s)

2018-12-17 14:54:51 - [TEST_STEP][PASSED] - click: Object: 'Object Repository/Final Object Repo/Login Page/Internal User/Login Button' is clicked on

2018-12-17 14:54:51 - [MESSAGE][PASSED] - Object: 'Object Repository/Final Object Repo/Login Page/Internal User/Login Button' is clicked on

2018-12-17 14:54:51 - [TEST_STEP][PASSED] - Statement - tester = com.kms.katalon.core.testobject.ObjectRepository.findTestObject(Final Object Repo/Landing Page/Select to English): Finding Test Object with id 'Object Repository/Final Object Repo/Landing Page/Select to English'

2018-12-17 14:54:51 - [TEST_STEP][PASSED] - Statement - Try: Delayed 2 second(s)

2018-12-17 14:54:51 - [TEST_STEP][PASSED] - Statement - Checker = com.kms.katalon.core.webui.keyword.WebUiBuiltInKeywords.verifyElementNotPresent(tester, 3): Web element with id: 'Object Repository/Final Object Repo/Landing Page/Select to English' located by 'By.xpath: //a[@class = 'taglib-language-list-text' and @lang = 'en-US' and (contains(text(), 'EN') or contains(., 'EN'))]' is not present after '3' second(s)

2018-12-17 14:54:53 - [MESSAGE][PASSED] - Web element with id: 'Object Repository/Final Object Repo/Landing Page/Select to English' located by 'By.xpath: //a[@class = 'taglib-language-list-text' and @lang = 'en-US' and (contains(text(), 'EN') or contains(., 'EN'))]' is not present after '3' second(s)

2018-12-17 14:54:53 - [TEST_STEP][PASSED] - Statement - If (Checker == false): null

2018-12-17 14:54:53 - [TEST_STEP][PASSED] - delay: Delayed 2 second(s)

2018-12-17 14:54:55 - [MESSAGE][PASSED] - Delayed 2 second(s)

2018-12-17 14:54:55 - [TEST_STEP][PASSED] - delay: Delayed 5 second(s)

2018-12-17 14:55:00 - [MESSAGE][PASSED] - Delayed 5 second(s)

2018-12-17 14:55:00 - [TEST_STEP][PASSED] - mouseOver: Object: 'Object Repository/Final Object Repo/Landing Page/WorkFlow Menu' is hovered

2018-12-17 14:55:00 - [MESSAGE][PASSED] - Object: 'Object Repository/Final Object Repo/Landing Page/WorkFlow Menu' is hovered

2018-12-17 14:55:00 - [TEST_STEP][PASSED] - delay: Delayed 2 second(s)

2018-12-17 14:55:02 - [MESSAGE][PASSED] - Delayed 2 second(s)

2018-12-17 14:55:02 - [TEST_STEP][PASSED] - click: Object: 'Object Repository/Final Object Repo/Landing Page/Select to Workflow Listing' is clicked on

2018-12-17 14:55:04 - [MESSAGE][PASSED] - Object: 'Object Repository/Final Object Repo/Landing Page/Select to Workflow Listing' is clicked on

2018-12-17 14:55:04 - [TEST_STEP][PASSED] - delay: Delayed 2 second(s)

2018-12-17 14:55:06 - [MESSAGE][PASSED] - Delayed 2 second(s)

2018-12-17 14:55:06 - [TEST_STEP][PASSED] - click: Object: 'Object Repository/Final Object Repo/WorkFlow Listing Page/Search Information - To Put Ref No' is clicked on

2018-12-17 14:55:06 - [MESSAGE][PASSED] - Object: 'Object Repository/Final Object Repo/WorkFlow Listing Page/Search Information - To Put Ref No' is clicked on

2018-12-17 14:55:06 - [TEST_STEP][PASSED] - delay: Delayed 2 second(s)

2018-12-17 14:55:08 - [MESSAGE][PASSED] - Delayed 2 second(s)

2018-12-17 14:55:08 - [TEST_STEP][PASSED] - callTestCase: Call Test Case 'Test Cases/Final Aug 2018 - PKS Automation/Common/Reference Number Getter' successfully

2018-12-17 14:55:08 - [TEST_CASE][PASSED] - Test Cases/Final Aug 2018 - PKS Automation/Common/Reference Number Getter: Test Cases/Final Aug 2018 - PKS Automation/Common/Reference Number Getter

2018-12-17 14:55:08 - [TEST_STEP][PASSED] - Statement - Try: null

2018-12-17 14:55:08 - [TEST_STEP][PASSED] - Statement - RefNo = new java.io.File(C://Users//Admin//Desktop//PKS//Automation Reference Point//KatalonReference.txt): null

2018-12-17 14:55:08 - [TEST_STEP][PASSED] - Statement - bufferread = new java.io.BufferedReader(new java.io.FileReader(RefNo)): null

2018-12-17 14:55:08 - [TEST_STEP][PASSED] - Statement - readedVal = bufferread.readLine(): null

2018-12-17 14:55:08 - [TEST_STEP][PASSED] - Statement - out.println(CaseReferenceNo): null

2018-12-17 14:55:08 - [TEST_STEP][PASSED] - Statement - out.println(readedVal): null

2018-12-17 14:55:08 - [TEST_STEP][PASSED] - Statement - CaseReferenceNo = "": null

2018-12-17 14:55:08 - [TEST_STEP][PASSED] - Statement - CaseReferenceNo = readedVal: null

2018-12-17 14:55:08 - [MESSAGE][PASSED] - Call Test Case 'Test Cases/Final Aug 2018 - PKS Automation/Common/Reference Number Getter' successfully

2018-12-17 14:55:08 - [TEST_STEP][PASSED] - setText: Text 'ERN122018C200002468' is set on object 'Object Repository/Final Object Repo/WorkFlow Listing Page/Ref No Set Text'

2018-12-17 14:55:08 - [MESSAGE][PASSED] - Text 'ERN122018C200002468' is set on object 'Object Repository/Final Object Repo/WorkFlow Listing Page/Ref No Set Text'

2018-12-17 14:55:08 - [TEST_STEP][PASSED] - delay: Delayed 2 second(s)

2018-12-17 14:55:10 - [MESSAGE][PASSED] - Delayed 2 second(s)

2018-12-17 14:55:10 - [TEST_STEP][PASSED] - click: Object: 'Object Repository/Final Object Repo/WorkFlow Listing Page/Search Ref No Search Button' is clicked on

2018-12-17 14:55:11 - [MESSAGE][PASSED] - Object: 'Object Repository/Final Object Repo/WorkFlow Listing Page/Search Ref No Search Button' is clicked on

2018-12-17 14:55:11 - [TEST_STEP][PASSED] - delay: Delayed 6 second(s)

2018-12-17 14:55:17 - [MESSAGE][PASSED] - Delayed 6 second(s)

2018-12-17 14:55:17 - [TEST_STEP][PASSED] - click: Object: 'Object Repository/Final Object Repo/WorkFlow Listing Page/Click Continue Tooltip' is clicked on

2018-12-17 14:55:17 - [MESSAGE][PASSED] - Object: 'Object Repository/Final Object Repo/WorkFlow Listing Page/Click Continue Tooltip' is clicked on

2018-12-17 14:55:17 - [TEST_STEP][PASSED] - delay: Delayed 5 second(s)

2018-12-17 14:55:22 - [MESSAGE][PASSED] - Delayed 5 second(s)

2018-12-17 14:55:22 - [TEST_STEP][PASSED] - doubleClick: Object: 'Object Repository/Final Object Repo/WorkFlow Listing Page/Workflow Found - Listing 1' is double clicked on

2018-12-17 14:55:23 - [MESSAGE][PASSED] - Object: 'Object Repository/Final Object Repo/WorkFlow Listing Page/Workflow Found - Listing 1' is double clicked on

2018-12-17 14:55:23 - [TEST_STEP][PASSED] - Statement - println(OwnerID): null

2018-12-17 14:55:23 - [TEST_STEP][PASSED] - Statement - OwnerID = com.kms.katalon.core.webui.keyword.WebUiBuiltInKeywords.getText(com.kms.katalon.core.testobject.ObjectRepository.findTestObject(Final Object Repo/WorkFlow Listing Page/Workflow Found - Listing 1), STOP_ON_FAILURE): Text of object 'Object Repository/Final Object Repo/WorkFlow Listing Page/Workflow Found - Listing 1' is: 'JOHORuo1'

2018-12-17 14:55:23 - [MESSAGE][PASSED] - Text of object 'Object Repository/Final Object Repo/WorkFlow Listing Page/Workflow Found - Listing 1' is: 'JOHORuo1'

2018-12-17 14:55:23 - [TEST_STEP][PASSED] - Statement - OwnerID = OwnerID.toLowerCase() + "@gmail.com": null

2018-12-17 14:55:23 - [TEST_STEP][PASSED] - Statement - println(OwnerID): null

2018-12-17 14:55:23 - [TEST_STEP][PASSED] - delay: Delayed 2 second(s)

2018-12-17 14:55:25 - [MESSAGE][PASSED] - Delayed 2 second(s)

2018-12-17 14:55:25 - [MESSAGE][PASSED] - Call Test Case 'Test Cases/Final Aug 2018 - PKS Automation/Common/Workflow Owner Finder' successfully

2018-12-17 14:55:25 - [TEST_STEP][PASSED] - delay: Delayed 1 second(s)

2018-12-17 14:55:26 - [MESSAGE][PASSED] - Delayed 1 second(s)

2018-12-17 14:55:26 - [TEST_STEP][PASSED] - navigateToUrl: Navigate to 'https://assist2-uat.perkeso.gov.my/c/portal/logout' successfully

2018-12-17 14:55:27 - [MESSAGE][PASSED] - Navigate to 'https://assist2-uat.perkeso.gov.my/c/portal/logout' successfully

2018-12-17 14:55:27 - [TEST_STEP][PASSED] - delay: Delayed 1 second(s)

2018-12-17 14:55:28 - [MESSAGE][PASSED] - Delayed 1 second(s)

2018-12-17 14:55:28 - [TEST_STEP][PASSED] - callTestCase: Call Test Case 'Test Cases/Final Aug 2018 - PKS Automation/Registration Module/Workflow/Login and Search Case For Workflow' successfully

2018-12-17 14:55:28 - [TEST_CASE][PASSED] - Test Cases/Final Aug 2018 - PKS Automation/Registration Module/Workflow/Login and Search Case For Workflow: Test Cases/Final Aug 2018 - PKS Automation/Registration Module/Workflow/Login and Search Case For Workflow

2018-12-17 14:55:28 - [TEST_STEP][PASSED] - navigateToUrl: Navigate to 'https://assist2-uat.perkeso.gov.my/login' successfully

2018-12-17 14:55:28 - [MESSAGE][PASSED] - Navigate to 'https://assist2-uat.perkeso.gov.my/login' successfully

2018-12-17 14:55:28 - [TEST_STEP][PASSED] - setText: Text 'johoruo1@gmail.com' is set on object 'Object Repository/Final Object Repo/Login Page/Internal User/Email Address'

2018-12-17 14:55:28 - [MESSAGE][PASSED] - Text 'johoruo1@gmail.com' is set on object 'Object Repository/Final Object Repo/Login Page/Internal User/Email Address'

2018-12-17 14:55:28 - [TEST_STEP][PASSED] - click: Object: 'Object Repository/Final Object Repo/Login Page/Internal User/Next Button' is clicked on

2018-12-17 14:55:29 - [MESSAGE][PASSED] - Object: 'Object Repository/Final Object Repo/Login Page/Internal User/Next Button' is clicked on

2018-12-17 14:55:29 - [TEST_STEP][PASSED] - delay: Delayed 1 second(s)

2018-12-17 14:55:30 - [MESSAGE][PASSED] - Delayed 1 second(s)

2018-12-17 14:55:30 - [TEST_STEP][PASSED] - setEncryptedText: Text ****** has been set on object 'Object Repository/Final Object Repo/Login Page/Internal User/Password'

2018-12-17 14:55:30 - [MESSAGE][PASSED] - Text ****** has been set on object 'Object Repository/Final Object Repo/Login Page/Internal User/Password'

2018-12-17 14:55:30 - [TEST_STEP][PASSED] - click: Object: 'Object Repository/Final Object Repo/Login Page/Internal User/Login Button' is clicked on

2018-12-17 14:55:30 - [MESSAGE][PASSED] - Object: 'Object Repository/Final Object Repo/Login Page/Internal User/Login Button' is clicked on

2018-12-17 14:55:30 - [TEST_STEP][PASSED] - delay: Delayed 2 second(s)

2018-12-17 14:55:32 - [MESSAGE][PASSED] - Delayed 2 second(s)

2018-12-17 14:55:32 - [TEST_STEP][PASSED] - Statement - Try: Delayed 2 second(s)

2018-12-17 14:55:32 - [TEST_STEP][PASSED] - Statement - Checker = false: null

2018-12-17 14:55:32 - [TEST_STEP][PASSED] - Statement - Checker = com.kms.katalon.core.webui.keyword.WebUiBuiltInKeywords.verifyElementHasAttribute(com.kms.katalon.core.testobject.ObjectRepository.findTestObject(Final Object Repo/Landing Page/BM Detecting), "href", 20, OPTIONAL): Object 'Object Repository/Final Object Repo/Landing Page/BM Detecting' has attribute 'href'

2018-12-17 14:55:32 - [MESSAGE][PASSED] - Object 'Object Repository/Final Object Repo/Landing Page/BM Detecting' has attribute 'href'

2018-12-17 14:55:32 - [TEST_STEP][PASSED] - Statement - out.println(Checker): null

2018-12-17 14:55:32 - [TEST_STEP][PASSED] - Statement - If (Checker == false): null

2018-12-17 14:55:32 - [TEST_STEP][PASSED] - Statement - Else: null

2018-12-17 14:55:32 - [TEST_STEP][PASSED] - delay: Delayed 2 second(s)

2018-12-17 14:55:34 - [MESSAGE][PASSED] - Delayed 2 second(s)

2018-12-17 14:55:34 - [TEST_STEP][PASSED] - click: Object: 'Object Repository/Final Object Repo/Page_MyASSIST - ASSIST - Search Pending Case For Add Supporting Document/Search Information' is clicked on

2018-12-17 14:55:34 - [MESSAGE][PASSED] - Object: 'Object Repository/Final Object Repo/Page_MyASSIST - ASSIST - Search Pending Case For Add Supporting Document/Search Information' is clicked on

2018-12-17 14:55:34 - [TEST_STEP][PASSED] - delay: Delayed 3 second(s)

2018-12-17 14:55:37 - [MESSAGE][PASSED] - Delayed 3 second(s)

2018-12-17 14:55:37 - [TEST_STEP][PASSED] - sendKeys: Keys 'ERN122018C200002468' sent to object: 'Object Repository/Final Object Repo/Page_MyASSIST - ASSIST - Search Pending Case For Add Supporting Document/Reference No'

2018-12-17 14:55:37 - [MESSAGE][PASSED] - Keys 'ERN122018C200002468' sent to object: 'Object Repository/Final Object Repo/Page_MyASSIST - ASSIST - Search Pending Case For Add Supporting Document/Reference No'

2018-12-17 14:55:37 - [TEST_STEP][PASSED] - click: Object: 'Object Repository/Final Object Repo/Page_MyASSIST - ASSIST - Search Pending Case For Add Supporting Document/Search Reference No' is clicked on

2018-12-17 14:55:38 - [MESSAGE][PASSED] - Object: 'Object Repository/Final Object Repo/Page_MyASSIST - ASSIST - Search Pending Case For Add Supporting Document/Search Reference No' is clicked on

2018-12-17 14:55:38 - [TEST_STEP][PASSED] - delay: Delayed 2 second(s)

2018-12-17 14:55:40 - [MESSAGE][PASSED] - Delayed 2 second(s)

2018-12-17 14:55:40 - [TEST_STEP][PASSED] - click: Object: 'Object Repository/Final Object Repo/Page_MyASSIST - ASSIST - Search Pending Case For Add Supporting Document/Continue' is clicked on

2018-12-17 14:55:43 - [MESSAGE][PASSED] - Object: 'Object Repository/Final Object Repo/Page_MyASSIST - ASSIST - Search Pending Case For Add Supporting Document/Continue' is clicked on

2018-12-17 14:55:43 - [TEST_STEP][PASSED] - delay: Delayed 20 second(s)

2018-12-17 14:56:03 - [MESSAGE][PASSED] - Delayed 20 second(s)

2018-12-17 14:56:03 - [MESSAGE][PASSED] - Call Test Case 'Test Cases/Final Aug 2018 - PKS Automation/Registration Module/Workflow/Login and Search Case For Workflow' successfully

2018-12-17 14:56:03 - [TEST_STEP][PASSED] - click: Object: 'Object Repository/Final Object Repo/Page_Form 3 EIS - Cessation as Employer/Page_Form 3 EIS - Cessation as Employer (Approve)/Save  Continue in Form 3 Page' is clicked on

2018-12-17 14:56:03 - [MESSAGE][PASSED] - Object: 'Object Repository/Final Object Repo/Page_Form 3 EIS - Cessation as Employer/Page_Form 3 EIS - Cessation as Employer (Approve)/Save  Continue in Form 3 Page' is clicked on

2018-12-17 14:56:03 - [TEST_STEP][PASSED] - delay: Delayed 2 second(s)

2018-12-17 14:56:05 - [MESSAGE][PASSED] - Delayed 2 second(s)

2018-12-17 14:56:05 - [TEST_STEP][PASSED] - click: Object: 'Object Repository/Final Object Repo/Page_Form 3 EIS - Cessation as Employer/Page_Form 3 EIS - Cessation as Employer (Approve)/Save  Continue in Resigned Page' is clicked on

2018-12-17 14:56:06 - [MESSAGE][PASSED] - Object: 'Object Repository/Final Object Repo/Page_Form 3 EIS - Cessation as Employer/Page_Form 3 EIS - Cessation as Employer (Approve)/Save  Continue in Resigned Page' is clicked on

2018-12-17 14:56:06 - [TEST_STEP][PASSED] - delay: Delayed 2 second(s)

2018-12-17 14:56:08 - [MESSAGE][PASSED] - Delayed 2 second(s)

2018-12-17 14:56:08 - [TEST_STEP][PASSED] - click: Object: 'Object Repository/Final Object Repo/Page_Form 3 EIS - Cessation as Employer/Page_Form 3 EIS - Cessation as Employer (Approve)/Save  Continue in Uploading Page' is clicked on

2018-12-17 14:56:09 - [MESSAGE][PASSED] - Object: 'Object Repository/Final Object Repo/Page_Form 3 EIS - Cessation as Employer/Page_Form 3 EIS - Cessation as Employer (Approve)/Save  Continue in Uploading Page' is clicked on

2018-12-17 14:56:09 - [TEST_STEP][PASSED] - delay: Delayed 2 second(s)

2018-12-17 14:56:11 - [MESSAGE][PASSED] - Delayed 2 second(s)

2018-12-17 14:56:11 - [TEST_STEP][PASSED] - click: Object: 'Object Repository/Final Object Repo/Page_Form 3 EIS - Cessation as Employer/Page_Form 3 EIS - Cessation as Employer (Approve)/Approve' is clicked on

2018-12-17 14:56:14 - [MESSAGE][PASSED] - Object: 'Object Repository/Final Object Repo/Page_Form 3 EIS - Cessation as Employer/Page_Form 3 EIS - Cessation as Employer (Approve)/Approve' is clicked on

2018-12-17 14:56:14 - [TEST_STEP][PASSED] - delay: Delayed 2 second(s)

2018-12-17 14:56:16 - [MESSAGE][PASSED] - Delayed 2 second(s)

2018-12-17 14:56:16 - [TEST_STEP][PASSED] - click: Object: 'Object Repository/Final Object Repo/Page_Form 3 EIS - Cessation as Employer/Page_Form 3 EIS - Cessation as Employer (Approve)/Confirm' is clicked on

2018-12-17 14:56:16 - [MESSAGE][PASSED] - Object: 'Object Repository/Final Object Repo/Page_Form 3 EIS - Cessation as Employer/Page_Form 3 EIS - Cessation as Employer (Approve)/Confirm' is clicked on

2018-12-17 14:56:16 - [TEST_STEP][PASSED] - delay: Delayed 2 second(s)

2018-12-17 14:56:18 - [MESSAGE][PASSED] - Delayed 2 second(s)

2018-12-17 14:56:18 - [TEST_STEP][PASSED] - click: Object: 'Object Repository/Final Object Repo/Page_Form 3 EIS - Cessation as Employer/Page_Form 3 EIS - Cessation as Employer (Approve)/Message Your Request    Form 3 EIS' is clicked on

2018-12-17 14:56:23 - [MESSAGE][PASSED] - Object: 'Object Repository/Final Object Repo/Page_Form 3 EIS - Cessation as Employer/Page_Form 3 EIS - Cessation as Employer (Approve)/Message Your Request    Form 3 EIS' is clicked on

2018-12-17 14:56:23 - [TEST_STEP][PASSED] - click: Object: 'Object Repository/Final Object Repo/Page_Form 3 EIS - Cessation as Employer/Page_Form 3 EIS - Cessation as Employer (Approve)/Letter of successful update' is clicked on

2018-12-17 14:56:24 - [MESSAGE][PASSED] - Object: 'Object Repository/Final Object Repo/Page_Form 3 EIS - Cessation as Employer/Page_Form 3 EIS - Cessation as Employer (Approve)/Letter of successful update' is clicked on

2018-12-17 14:56:24 - [MESSAGE][PASSED] - Call Test Case 'Test Cases/Final Aug 2018 - PKS Automation/Registration Module/Workflow/Form 3 EIS - Cessation As Employer/Template/Form 3 A - Cessation As Employer (Approve)' successfully]]></system-out>
         <system-err><![CDATA[]]></system-err>
      </testcase>
      <testcase name="Test Cases/Final Aug 2018 - PKS Automation/Registration Module/Workflow/Form 3 EIS - Cessation As Employer/PKRBO to UO (Query)" classname="Test Cases/Final Aug 2018 - PKS Automation/Registration Module/Workflow/Form 3 EIS - Cessation As Employer/PKRBO to UO (Query)" status="PASSED">
         <system-out><![CDATA[2018-12-17 14:56:24 - [TEST_CASE][PASSED] - Test Cases/Final Aug 2018 - PKS Automation/Registration Module/Workflow/Form 3 EIS - Cessation As Employer/PKRBO to UO (Query): Test Cases/Final Aug 2018 - PKS Automation/Registration Module/Workflow/Form 3 EIS - Cessation As Employer/PKRBO to UO (Query)

2018-12-17 14:56:24 - [TEST_STEP][PASSED] - callTestCase: Call Test Case 'Test Cases/Final Aug 2018 - PKS Automation/Registration Module/Workflow/Form 3 EIS - Cessation As Employer/Template/Form 3 A - Cessation As Employer (PKRBO)' successfully

2018-12-17 14:56:24 - [TEST_CASE][PASSED] - Test Cases/Final Aug 2018 - PKS Automation/Registration Module/Workflow/Form 3 EIS - Cessation As Employer/Template/Form 3 A - Cessation As Employer (PKRBO): Test Cases/Final Aug 2018 - PKS Automation/Registration Module/Workflow/Form 3 EIS - Cessation As Employer/Template/Form 3 A - Cessation As Employer (PKRBO)

2018-12-17 14:56:24 - [TEST_STEP][PASSED] - openBrowser: Browser is opened with url: ''

2018-12-17 14:56:24 - [MESSAGE][WARNING] - A browser is already opened. Closing browser and opening a new one

2018-12-17 14:56:27 - [MESSAGE][PASSED] - Browser is opened with url: ''

2018-12-17 14:56:27 - [TEST_STEP][PASSED] - navigateToUrl: Navigate to 'https://assist2-uat.perkeso.gov.my/login' successfully

2018-12-17 14:56:29 - [MESSAGE][PASSED] - Navigate to 'https://assist2-uat.perkeso.gov.my/login' successfully

2018-12-17 14:56:29 - [TEST_STEP][PASSED] - setText: Text 'johorpkrbo1@gmail.com' is set on object 'Object Repository/Final Object Repo/Login Page/Internal User/Email Address'

2018-12-17 14:56:29 - [MESSAGE][PASSED] - Text 'johorpkrbo1@gmail.com' is set on object 'Object Repository/Final Object Repo/Login Page/Internal User/Email Address'

2018-12-17 14:56:29 - [TEST_STEP][PASSED] - click: Object: 'Object Repository/Final Object Repo/Login Page/Internal User/Next Button' is clicked on

2018-12-17 14:56:29 - [MESSAGE][PASSED] - Object: 'Object Repository/Final Object Repo/Login Page/Internal User/Next Button' is clicked on

2018-12-17 14:56:29 - [TEST_STEP][PASSED] - delay: Delayed 1 second(s)

2018-12-17 14:56:30 - [MESSAGE][PASSED] - Delayed 1 second(s)

2018-12-17 14:56:30 - [TEST_STEP][PASSED] - setEncryptedText: Text ****** has been set on object 'Object Repository/Final Object Repo/Login Page/Internal User/Password'

2018-12-17 14:56:30 - [MESSAGE][PASSED] - Text ****** has been set on object 'Object Repository/Final Object Repo/Login Page/Internal User/Password'

2018-12-17 14:56:30 - [TEST_STEP][PASSED] - click: Object: 'Object Repository/Final Object Repo/Login Page/Internal User/Login Button' is clicked on

2018-12-17 14:56:31 - [MESSAGE][PASSED] - Object: 'Object Repository/Final Object Repo/Login Page/Internal User/Login Button' is clicked on

2018-12-17 14:56:31 - [TEST_STEP][PASSED] - delay: Delayed 1 second(s)

2018-12-17 14:56:32 - [MESSAGE][PASSED] - Delayed 1 second(s)

2018-12-17 14:56:32 - [TEST_STEP][PASSED] - Statement - Try: Delayed 2 second(s)

2018-12-17 14:56:32 - [TEST_STEP][PASSED] - Statement - Checker = false: null

2018-12-17 14:56:32 - [TEST_STEP][PASSED] - Statement - Checker = com.kms.katalon.core.webui.keyword.WebUiBuiltInKeywords.verifyElementHasAttribute(com.kms.katalon.core.testobject.ObjectRepository.findTestObject(Final Object Repo/Landing Page/BM Detecting), "href", 20, OPTIONAL): Object 'Object Repository/Final Object Repo/Landing Page/BM Detecting' has attribute 'href'

2018-12-17 14:56:33 - [MESSAGE][PASSED] - Object 'Object Repository/Final Object Repo/Landing Page/BM Detecting' has attribute 'href'

2018-12-17 14:56:33 - [TEST_STEP][PASSED] - Statement - out.println(Checker): null

2018-12-17 14:56:33 - [TEST_STEP][PASSED] - Statement - If (Checker == false): null

2018-12-17 14:56:33 - [TEST_STEP][PASSED] - Statement - Else: null

2018-12-17 14:56:33 - [TEST_STEP][PASSED] - delay: Delayed 2 second(s)

2018-12-17 14:56:35 - [MESSAGE][PASSED] - Delayed 2 second(s)

2018-12-17 14:56:35 - [TEST_STEP][PASSED] - navigateToUrl: Navigate to 'https://assist2-uat.perkeso.gov.my/web/registration/eis-update/form-3-eis-cessation-as-employer' successfully

2018-12-17 14:56:36 - [MESSAGE][PASSED] - Navigate to 'https://assist2-uat.perkeso.gov.my/web/registration/eis-update/form-3-eis-cessation-as-employer' successfully

2018-12-17 14:56:36 - [TEST_STEP][PASSED] - delay: Delayed 1 second(s)

2018-12-17 14:56:37 - [MESSAGE][PASSED] - Delayed 1 second(s)

2018-12-17 14:56:37 - [TEST_STEP][PASSED] - setText: Text 'E1102069769W' is set on object 'Object Repository/Final Object Repo/Page_Form 3 EIS - Cessation as Employer/Employer Code'

2018-12-17 14:56:37 - [MESSAGE][PASSED] - Text 'E1102069769W' is set on object 'Object Repository/Final Object Repo/Page_Form 3 EIS - Cessation as Employer/Employer Code'

2018-12-17 14:56:37 - [TEST_STEP][PASSED] - click: Object: 'Object Repository/Final Object Repo/Page_Form 3 EIS - Cessation as Employer/Search' is clicked on

2018-12-17 14:56:37 - [MESSAGE][PASSED] - Object: 'Object Repository/Final Object Repo/Page_Form 3 EIS - Cessation as Employer/Search' is clicked on

2018-12-17 14:56:37 - [TEST_STEP][PASSED] - click: Object: 'Object Repository/Final Object Repo/Page_Form 3 EIS - Cessation as Employer/Edit' is clicked on

2018-12-17 14:56:40 - [MESSAGE][PASSED] - Object: 'Object Repository/Final Object Repo/Page_Form 3 EIS - Cessation as Employer/Edit' is clicked on

2018-12-17 14:56:40 - [TEST_STEP][PASSED] - delay: Delayed 1 second(s)

2018-12-17 14:56:41 - [MESSAGE][PASSED] - Delayed 1 second(s)

2018-12-17 14:56:41 - [TEST_STEP][PASSED] - Statement - abc = com.kms.katalon.core.webui.keyword.WebUiBuiltInKeywords.getAttribute(com.kms.katalon.core.testobject.ObjectRepository.findTestObject(Final Object Repo/Page_Form 3 EIS - Cessation as Employer/Employer Status), "value"): Attribute 'value' of object 'Object Repository/Final Object Repo/Page_Form 3 EIS - Cessation as Employer/Employer Status' is: 'Active'

2018-12-17 14:56:41 - [MESSAGE][PASSED] - Attribute 'value' of object 'Object Repository/Final Object Repo/Page_Form 3 EIS - Cessation as Employer/Employer Status' is: 'Active'

2018-12-17 14:56:41 - [TEST_STEP][PASSED] - Statement - out.println(abc): null

2018-12-17 14:56:41 - [TEST_STEP][PASSED] - Statement - If (abc == "Active"): Object: 'Object Repository/Final Object Repo/Page_Form 3 EIS - Cessation as Employer/Dormant EIS' is clicked on

2018-12-17 14:56:41 - [TEST_STEP][PASSED] - click: Object: 'Object Repository/Final Object Repo/Page_Form 3 EIS - Cessation as Employer/Change Employer Status to' is clicked on

2018-12-17 14:56:41 - [MESSAGE][PASSED] - Object: 'Object Repository/Final Object Repo/Page_Form 3 EIS - Cessation as Employer/Change Employer Status to' is clicked on

2018-12-17 14:56:41 - [TEST_STEP][PASSED] - click: Object: 'Object Repository/Final Object Repo/Page_Form 3 EIS - Cessation as Employer/Dormant EIS' is clicked on

2018-12-17 14:56:41 - [MESSAGE][PASSED] - Object: 'Object Repository/Final Object Repo/Page_Form 3 EIS - Cessation as Employer/Dormant EIS' is clicked on

2018-12-17 14:56:41 - [TEST_STEP][PASSED] - click: Object: 'Object Repository/Final Object Repo/Page_Form 3 EIS - Cessation as Employer/Calender' is clicked on

2018-12-17 14:56:41 - [MESSAGE][PASSED] - Object: 'Object Repository/Final Object Repo/Page_Form 3 EIS - Cessation as Employer/Calender' is clicked on

2018-12-17 14:56:41 - [TEST_STEP][PASSED] - delay: Delayed 1 second(s)

2018-12-17 14:56:42 - [MESSAGE][PASSED] - Delayed 1 second(s)

2018-12-17 14:56:42 - [TEST_STEP][PASSED] - click: Object: 'Object Repository/Final Object Repo/Page_Form 3 EIS - Cessation as Employer/Calender - Date' is clicked on

2018-12-17 14:56:43 - [MESSAGE][PASSED] - Object: 'Object Repository/Final Object Repo/Page_Form 3 EIS - Cessation as Employer/Calender - Date' is clicked on

2018-12-17 14:56:43 - [TEST_STEP][PASSED] - click: Object: 'Object Repository/Final Object Repo/Page_Form 3 EIS - Cessation as Employer/Save  Continue in Form 3 EIS Page' is clicked on

2018-12-17 14:56:43 - [MESSAGE][PASSED] - Object: 'Object Repository/Final Object Repo/Page_Form 3 EIS - Cessation as Employer/Save  Continue in Form 3 EIS Page' is clicked on

2018-12-17 14:56:43 - [TEST_STEP][PASSED] - delay: Delayed 1 second(s)

2018-12-17 14:56:44 - [MESSAGE][PASSED] - Delayed 1 second(s)

2018-12-17 14:56:44 - [TEST_STEP][PASSED] - click: Object: 'Object Repository/Final Object Repo/Page_Form 3 EIS - Cessation as Employer/Employment Resign Date' is clicked on

2018-12-17 14:56:45 - [MESSAGE][PASSED] - Object: 'Object Repository/Final Object Repo/Page_Form 3 EIS - Cessation as Employer/Employment Resign Date' is clicked on

2018-12-17 14:56:45 - [TEST_STEP][PASSED] - selectOptionByValue: All options with value '2030' are selected in object 'Object Repository/Final Object Repo/Page_Form 3 EIS - Cessation as Employer/Employment Resign Date - Year' 

2018-12-17 14:56:45 - [MESSAGE][PASSED] - All options with value '2030' are selected in object 'Object Repository/Final Object Repo/Page_Form 3 EIS - Cessation as Employer/Employment Resign Date - Year' 

2018-12-17 14:56:45 - [TEST_STEP][PASSED] - delay: Delayed 2 second(s)

2018-12-17 14:56:47 - [MESSAGE][PASSED] - Delayed 2 second(s)

2018-12-17 14:56:47 - [TEST_STEP][PASSED] - click: Object: 'Object Repository/Final Object Repo/Page_Form 3 EIS - Cessation as Employer/Employment Resign Date - Year - Date' is clicked on

2018-12-17 14:56:47 - [MESSAGE][PASSED] - Object: 'Object Repository/Final Object Repo/Page_Form 3 EIS - Cessation as Employer/Employment Resign Date - Year - Date' is clicked on

2018-12-17 14:56:47 - [TEST_STEP][PASSED] - delay: Delayed 2 second(s)

2018-12-17 14:56:49 - [MESSAGE][PASSED] - Delayed 2 second(s)

2018-12-17 14:56:49 - [TEST_STEP][PASSED] - click: Object: 'Object Repository/Final Object Repo/Page_Form 3 EIS - Cessation as Employer/Save  Continue in Employment Resign Page' is clicked on

2018-12-17 14:56:49 - [MESSAGE][PASSED] - Object: 'Object Repository/Final Object Repo/Page_Form 3 EIS - Cessation as Employer/Save  Continue in Employment Resign Page' is clicked on

2018-12-17 14:56:49 - [TEST_STEP][PASSED] - delay: Delayed 2 second(s)

2018-12-17 14:56:51 - [MESSAGE][PASSED] - Delayed 2 second(s)

2018-12-17 14:56:51 - [TEST_STEP][PASSED] - click: Object: 'Object Repository/Final Object Repo/Page_Form 3 EIS - Cessation as Employer/Set Latest - Yes' is clicked on

2018-12-17 14:56:51 - [MESSAGE][PASSED] - Object: 'Object Repository/Final Object Repo/Page_Form 3 EIS - Cessation as Employer/Set Latest - Yes' is clicked on

2018-12-17 14:56:51 - [TEST_STEP][PASSED] - delay: Delayed 2 second(s)

2018-12-17 14:56:54 - [MESSAGE][PASSED] - Delayed 2 second(s)

2018-12-17 14:56:54 - [TEST_STEP][PASSED] - click: Object: 'Object Repository/Final Object Repo/Page_Form 3 EIS - Cessation as Employer/Add Document' is clicked on

2018-12-17 14:56:54 - [MESSAGE][PASSED] - Object: 'Object Repository/Final Object Repo/Page_Form 3 EIS - Cessation as Employer/Add Document' is clicked on

2018-12-17 14:56:54 - [TEST_STEP][PASSED] - delay: Delayed 3 second(s)

2018-12-17 14:56:57 - [MESSAGE][PASSED] - Delayed 3 second(s)

2018-12-17 14:56:57 - [TEST_STEP][PASSED] - click: Object: 'Object Repository/Final Object Repo/Page_Form 3 EIS - Cessation as Employer/Document Type' is clicked on

2018-12-17 14:56:58 - [MESSAGE][PASSED] - Object: 'Object Repository/Final Object Repo/Page_Form 3 EIS - Cessation as Employer/Document Type' is clicked on

2018-12-17 14:56:58 - [TEST_STEP][PASSED] - click: Object: 'Object Repository/Final Object Repo/Page_Form 3 EIS - Cessation as Employer/Document Type - Form 3' is clicked on

2018-12-17 14:56:58 - [MESSAGE][PASSED] - Object: 'Object Repository/Final Object Repo/Page_Form 3 EIS - Cessation as Employer/Document Type - Form 3' is clicked on

2018-12-17 14:56:58 - [TEST_STEP][PASSED] - delay: Delayed 2 second(s)

2018-12-17 14:57:00 - [MESSAGE][PASSED] - Delayed 2 second(s)

2018-12-17 14:57:00 - [TEST_STEP][PASSED] - sendKeys: Keys 'C:\Users\Public\Pictures\Sample Pictures\Koala.jpg' sent to object: 'Object Repository/Final Object Repo/Page_Form 3 EIS - Cessation as Employer/ploading File'

2018-12-17 14:57:00 - [MESSAGE][PASSED] - Keys 'C:\Users\Public\Pictures\Sample Pictures\Koala.jpg' sent to object: 'Object Repository/Final Object Repo/Page_Form 3 EIS - Cessation as Employer/ploading File'

2018-12-17 14:57:00 - [TEST_STEP][PASSED] - delay: Delayed 1 second(s)

2018-12-17 14:57:01 - [MESSAGE][PASSED] - Delayed 1 second(s)

2018-12-17 14:57:01 - [TEST_STEP][PASSED] - click: Object: 'Object Repository/Final Object Repo/Page_Form 3 EIS - Cessation as Employer/Add Document in Uploading Page' is clicked on

2018-12-17 14:57:01 - [MESSAGE][PASSED] - Object: 'Object Repository/Final Object Repo/Page_Form 3 EIS - Cessation as Employer/Add Document in Uploading Page' is clicked on

2018-12-17 14:57:01 - [TEST_STEP][PASSED] - delay: Delayed 2 second(s)

2018-12-17 14:57:03 - [MESSAGE][PASSED] - Delayed 2 second(s)

2018-12-17 14:57:03 - [TEST_STEP][PASSED] - Statement - CaseReferenceNo = com.kms.katalon.core.webui.keyword.WebUiBuiltInKeywords.getText(com.kms.katalon.core.testobject.ObjectRepository.findTestObject(Final Object Repo/Page_Update Employer Information/Reference Number in Update Employee Information Page)): Text of object 'Object Repository/Final Object Repo/Page_Update Employer Information/Reference Number in Update Employee Information Page' is: 'ERN122018C200002469'

2018-12-17 14:57:05 - [MESSAGE][PASSED] - Text of object 'Object Repository/Final Object Repo/Page_Update Employer Information/Reference Number in Update Employee Information Page' is: 'ERN122018C200002469'

2018-12-17 14:57:05 - [TEST_STEP][PASSED] - callTestCase: Call Test Case 'Test Cases/Final Aug 2018 - PKS Automation/Common/Reference Number Setter' successfully

2018-12-17 14:57:05 - [TEST_CASE][PASSED] - Test Cases/Final Aug 2018 - PKS Automation/Common/Reference Number Setter: Test Cases/Final Aug 2018 - PKS Automation/Common/Reference Number Setter

2018-12-17 14:57:05 - [TEST_STEP][PASSED] - Statement - RefNoOldFile = new java.io.File(C://Users//Admin//Desktop//PKS//Automation Reference Point//KatalonReference.txt): null

2018-12-17 14:57:05 - [TEST_STEP][PASSED] - Statement - RefNoOldFile.delete(): null

2018-12-17 14:57:05 - [TEST_STEP][PASSED] - delay: Delayed 5 second(s)

2018-12-17 14:57:10 - [MESSAGE][PASSED] - Delayed 5 second(s)

2018-12-17 14:57:10 - [TEST_STEP][PASSED] - Statement - RefNo = new java.io.File(C://Users//Admin//Desktop//PKS//Automation Reference Point//KatalonReference.txt): null

2018-12-17 14:57:10 - [TEST_STEP][PASSED] - Statement - f2 = new java.io.FileWriter(RefNo, false): null

2018-12-17 14:57:10 - [TEST_STEP][PASSED] - Statement - f2.write(CaseReferenceNo): null

2018-12-17 14:57:10 - [TEST_STEP][PASSED] - Statement - f2.close(): null

2018-12-17 14:57:10 - [TEST_STEP][PASSED] - Statement - out.println("


" + CaseReferenceNo + "


"): null

2018-12-17 14:57:10 - [MESSAGE][PASSED] - Call Test Case 'Test Cases/Final Aug 2018 - PKS Automation/Common/Reference Number Setter' successfully

2018-12-17 14:57:10 - [TEST_STEP][PASSED] - delay: Delayed 2 second(s)

2018-12-17 14:57:12 - [MESSAGE][PASSED] - Delayed 2 second(s)

2018-12-17 14:57:12 - [TEST_STEP][PASSED] - click: Object: 'Object Repository/Final Object Repo/Page_Form 3 EIS - Cessation as Employer/Save  Continue in Uploading Page' is clicked on

2018-12-17 14:57:12 - [MESSAGE][PASSED] - Object: 'Object Repository/Final Object Repo/Page_Form 3 EIS - Cessation as Employer/Save  Continue in Uploading Page' is clicked on

2018-12-17 14:57:12 - [TEST_STEP][PASSED] - delay: Delayed 2 second(s)

2018-12-17 14:57:14 - [MESSAGE][PASSED] - Delayed 2 second(s)

2018-12-17 14:57:14 - [TEST_STEP][PASSED] - click: Object: 'Object Repository/Final Object Repo/Page_Form 3 EIS - Cessation as Employer/Submit' is clicked on

2018-12-17 14:57:17 - [MESSAGE][PASSED] - Object: 'Object Repository/Final Object Repo/Page_Form 3 EIS - Cessation as Employer/Submit' is clicked on

2018-12-17 14:57:17 - [TEST_STEP][PASSED] - delay: Delayed 2 second(s)

2018-12-17 14:57:19 - [MESSAGE][PASSED] - Delayed 2 second(s)

2018-12-17 14:57:19 - [TEST_STEP][PASSED] - click: Object: 'Object Repository/Final Object Repo/Page_Form 3 EIS - Cessation as Employer/Confirm' is clicked on

2018-12-17 14:57:19 - [MESSAGE][PASSED] - Object: 'Object Repository/Final Object Repo/Page_Form 3 EIS - Cessation as Employer/Confirm' is clicked on

2018-12-17 14:57:19 - [TEST_STEP][PASSED] - delay: Delayed 2 second(s)

2018-12-17 14:57:21 - [MESSAGE][PASSED] - Delayed 2 second(s)

2018-12-17 14:57:21 - [TEST_STEP][PASSED] - click: Object: 'Object Repository/Final Object Repo/Page_Form 3 EIS - Cessation as Employer/Message Your Request will be routed to UO' is clicked on

2018-12-17 14:57:25 - [MESSAGE][PASSED] - Object: 'Object Repository/Final Object Repo/Page_Form 3 EIS - Cessation as Employer/Message Your Request will be routed to UO' is clicked on

2018-12-17 14:57:25 - [TEST_STEP][PASSED] - click: Object: 'Object Repository/Final Object Repo/Page_Form 3 EIS - Cessation as Employer/Letter of acknowledgement' is clicked on

2018-12-17 14:57:26 - [MESSAGE][PASSED] - Object: 'Object Repository/Final Object Repo/Page_Form 3 EIS - Cessation as Employer/Letter of acknowledgement' is clicked on

2018-12-17 14:57:26 - [MESSAGE][PASSED] - Call Test Case 'Test Cases/Final Aug 2018 - PKS Automation/Registration Module/Workflow/Form 3 EIS - Cessation As Employer/Template/Form 3 A - Cessation As Employer (PKRBO)' successfully

2018-12-17 14:57:26 - [TEST_STEP][PASSED] - callTestCase: Call Test Case 'Test Cases/Final Aug 2018 - PKS Automation/Registration Module/Workflow/Form 3 EIS - Cessation As Employer/Template/Form 3 A - Cessation As Employer (Query)' successfully

2018-12-17 14:57:26 - [TEST_CASE][PASSED] - Test Cases/Final Aug 2018 - PKS Automation/Registration Module/Workflow/Form 3 EIS - Cessation As Employer/Template/Form 3 A - Cessation As Employer (Query): Test Cases/Final Aug 2018 - PKS Automation/Registration Module/Workflow/Form 3 EIS - Cessation As Employer/Template/Form 3 A - Cessation As Employer (Query)

2018-12-17 14:57:26 - [TEST_STEP][NOT_RUN] - callTestCase: NOT_RUN: callTestCase

2018-12-17 14:57:26 - [MESSAGE][NOT_RUN] - NOT_RUN: callTestCase

2018-12-17 14:57:26 - [TEST_STEP][PASSED] - delay: Delayed 1 second(s)

2018-12-17 14:57:27 - [MESSAGE][PASSED] - Delayed 1 second(s)

2018-12-17 14:57:27 - [TEST_STEP][PASSED] - navigateToUrl: Navigate to 'https://assist2-uat.perkeso.gov.my/c/portal/logout' successfully

2018-12-17 14:57:27 - [MESSAGE][PASSED] - Navigate to 'https://assist2-uat.perkeso.gov.my/c/portal/logout' successfully

2018-12-17 14:57:27 - [TEST_STEP][PASSED] - delay: Delayed 1 second(s)

2018-12-17 14:57:28 - [MESSAGE][PASSED] - Delayed 1 second(s)

2018-12-17 14:57:28 - [TEST_STEP][PASSED] - callTestCase: Call Test Case 'Test Cases/Final Aug 2018 - PKS Automation/Common/Reference Number Getter' successfully

2018-12-17 14:57:28 - [TEST_CASE][PASSED] - Test Cases/Final Aug 2018 - PKS Automation/Common/Reference Number Getter: Test Cases/Final Aug 2018 - PKS Automation/Common/Reference Number Getter

2018-12-17 14:57:28 - [TEST_STEP][PASSED] - Statement - Try: null

2018-12-17 14:57:28 - [TEST_STEP][PASSED] - Statement - RefNo = new java.io.File(C://Users//Admin//Desktop//PKS//Automation Reference Point//KatalonReference.txt): null

2018-12-17 14:57:28 - [TEST_STEP][PASSED] - Statement - bufferread = new java.io.BufferedReader(new java.io.FileReader(RefNo)): null

2018-12-17 14:57:28 - [TEST_STEP][PASSED] - Statement - readedVal = bufferread.readLine(): null

2018-12-17 14:57:28 - [TEST_STEP][PASSED] - Statement - out.println(CaseReferenceNo): null

2018-12-17 14:57:28 - [TEST_STEP][PASSED] - Statement - out.println(readedVal): null

2018-12-17 14:57:28 - [TEST_STEP][PASSED] - Statement - CaseReferenceNo = "": null

2018-12-17 14:57:28 - [TEST_STEP][PASSED] - Statement - CaseReferenceNo = readedVal: null

2018-12-17 14:57:28 - [MESSAGE][PASSED] - Call Test Case 'Test Cases/Final Aug 2018 - PKS Automation/Common/Reference Number Getter' successfully

2018-12-17 14:57:28 - [TEST_STEP][PASSED] - callTestCase: Call Test Case 'Test Cases/Final Aug 2018 - PKS Automation/Common/Workflow Owner Finder' successfully

2018-12-17 14:57:29 - [TEST_CASE][PASSED] - Test Cases/Final Aug 2018 - PKS Automation/Common/Workflow Owner Finder: Test Cases/Final Aug 2018 - PKS Automation/Common/Workflow Owner Finder

2018-12-17 14:57:29 - [TEST_STEP][PASSED] - openBrowser: Browser is opened with url: ''

2018-12-17 14:57:29 - [MESSAGE][WARNING] - A browser is already opened. Closing browser and opening a new one

2018-12-17 14:57:31 - [MESSAGE][PASSED] - Browser is opened with url: ''

2018-12-17 14:57:31 - [TEST_STEP][PASSED] - navigateToUrl: Navigate to 'https://assist2-uat.perkeso.gov.my/login' successfully

2018-12-17 14:57:32 - [MESSAGE][PASSED] - Navigate to 'https://assist2-uat.perkeso.gov.my/login' successfully

2018-12-17 14:57:32 - [TEST_STEP][PASSED] - delay: Delayed 5 second(s)

2018-12-17 14:57:37 - [MESSAGE][PASSED] - Delayed 5 second(s)

2018-12-17 14:57:37 - [TEST_STEP][PASSED] - setText: Text 'test@liferay.com' is set on object 'Object Repository/Final Object Repo/Login Page/Internal User/Email Address'

2018-12-17 14:57:38 - [MESSAGE][PASSED] - Text 'test@liferay.com' is set on object 'Object Repository/Final Object Repo/Login Page/Internal User/Email Address'

2018-12-17 14:57:38 - [TEST_STEP][PASSED] - click: Object: 'Object Repository/Final Object Repo/Login Page/Internal User/Next Button' is clicked on

2018-12-17 14:57:38 - [MESSAGE][PASSED] - Object: 'Object Repository/Final Object Repo/Login Page/Internal User/Next Button' is clicked on

2018-12-17 14:57:38 - [TEST_STEP][PASSED] - delay: Delayed 2 second(s)

2018-12-17 14:57:40 - [MESSAGE][PASSED] - Delayed 2 second(s)

2018-12-17 14:57:40 - [TEST_STEP][PASSED] - setText: Text 'test' is set on object 'Object Repository/Final Object Repo/Login Page/Internal User/Password'

2018-12-17 14:57:40 - [MESSAGE][PASSED] - Text 'test' is set on object 'Object Repository/Final Object Repo/Login Page/Internal User/Password'

2018-12-17 14:57:40 - [TEST_STEP][PASSED] - delay: Delayed 2 second(s)

2018-12-17 14:57:42 - [MESSAGE][PASSED] - Delayed 2 second(s)

2018-12-17 14:57:42 - [TEST_STEP][PASSED] - click: Object: 'Object Repository/Final Object Repo/Login Page/Internal User/Login Button' is clicked on

2018-12-17 14:57:42 - [MESSAGE][PASSED] - Object: 'Object Repository/Final Object Repo/Login Page/Internal User/Login Button' is clicked on

2018-12-17 14:57:42 - [TEST_STEP][PASSED] - Statement - tester = com.kms.katalon.core.testobject.ObjectRepository.findTestObject(Final Object Repo/Landing Page/Select to English): Finding Test Object with id 'Object Repository/Final Object Repo/Landing Page/Select to English'

2018-12-17 14:57:42 - [TEST_STEP][PASSED] - Statement - Try: Delayed 2 second(s)

2018-12-17 14:57:42 - [TEST_STEP][PASSED] - Statement - Checker = com.kms.katalon.core.webui.keyword.WebUiBuiltInKeywords.verifyElementNotPresent(tester, 3): Web element with id: 'Object Repository/Final Object Repo/Landing Page/Select to English' located by 'By.xpath: //a[@class = 'taglib-language-list-text' and @lang = 'en-US' and (contains(text(), 'EN') or contains(., 'EN'))]' is not present after '3' second(s)

2018-12-17 14:57:45 - [MESSAGE][PASSED] - Web element with id: 'Object Repository/Final Object Repo/Landing Page/Select to English' located by 'By.xpath: //a[@class = 'taglib-language-list-text' and @lang = 'en-US' and (contains(text(), 'EN') or contains(., 'EN'))]' is not present after '3' second(s)

2018-12-17 14:57:45 - [TEST_STEP][PASSED] - Statement - If (Checker == false): null

2018-12-17 14:57:45 - [TEST_STEP][PASSED] - delay: Delayed 2 second(s)

2018-12-17 14:57:47 - [MESSAGE][PASSED] - Delayed 2 second(s)

2018-12-17 14:57:47 - [TEST_STEP][PASSED] - delay: Delayed 5 second(s)

2018-12-17 14:57:52 - [MESSAGE][PASSED] - Delayed 5 second(s)

2018-12-17 14:57:52 - [TEST_STEP][PASSED] - mouseOver: Object: 'Object Repository/Final Object Repo/Landing Page/WorkFlow Menu' is hovered

2018-12-17 14:57:52 - [MESSAGE][PASSED] - Object: 'Object Repository/Final Object Repo/Landing Page/WorkFlow Menu' is hovered

2018-12-17 14:57:52 - [TEST_STEP][PASSED] - delay: Delayed 2 second(s)

2018-12-17 14:57:54 - [MESSAGE][PASSED] - Delayed 2 second(s)

2018-12-17 14:57:54 - [TEST_STEP][PASSED] - click: Object: 'Object Repository/Final Object Repo/Landing Page/Select to Workflow Listing' is clicked on

2018-12-17 14:57:55 - [MESSAGE][PASSED] - Object: 'Object Repository/Final Object Repo/Landing Page/Select to Workflow Listing' is clicked on

2018-12-17 14:57:55 - [TEST_STEP][PASSED] - delay: Delayed 2 second(s)

2018-12-17 14:57:57 - [MESSAGE][PASSED] - Delayed 2 second(s)

2018-12-17 14:57:57 - [TEST_STEP][PASSED] - click: Object: 'Object Repository/Final Object Repo/WorkFlow Listing Page/Search Information - To Put Ref No' is clicked on

2018-12-17 14:57:57 - [MESSAGE][PASSED] - Object: 'Object Repository/Final Object Repo/WorkFlow Listing Page/Search Information - To Put Ref No' is clicked on

2018-12-17 14:57:57 - [TEST_STEP][PASSED] - delay: Delayed 2 second(s)

2018-12-17 14:57:59 - [MESSAGE][PASSED] - Delayed 2 second(s)

2018-12-17 14:57:59 - [TEST_STEP][PASSED] - callTestCase: Call Test Case 'Test Cases/Final Aug 2018 - PKS Automation/Common/Reference Number Getter' successfully

2018-12-17 14:57:59 - [TEST_CASE][PASSED] - Test Cases/Final Aug 2018 - PKS Automation/Common/Reference Number Getter: Test Cases/Final Aug 2018 - PKS Automation/Common/Reference Number Getter

2018-12-17 14:57:59 - [TEST_STEP][PASSED] - Statement - Try: null

2018-12-17 14:57:59 - [TEST_STEP][PASSED] - Statement - RefNo = new java.io.File(C://Users//Admin//Desktop//PKS//Automation Reference Point//KatalonReference.txt): null

2018-12-17 14:57:59 - [TEST_STEP][PASSED] - Statement - bufferread = new java.io.BufferedReader(new java.io.FileReader(RefNo)): null

2018-12-17 14:57:59 - [TEST_STEP][PASSED] - Statement - readedVal = bufferread.readLine(): null

2018-12-17 14:57:59 - [TEST_STEP][PASSED] - Statement - out.println(CaseReferenceNo): null

2018-12-17 14:57:59 - [TEST_STEP][PASSED] - Statement - out.println(readedVal): null

2018-12-17 14:57:59 - [TEST_STEP][PASSED] - Statement - CaseReferenceNo = "": null

2018-12-17 14:57:59 - [TEST_STEP][PASSED] - Statement - CaseReferenceNo = readedVal: null

2018-12-17 14:57:59 - [MESSAGE][PASSED] - Call Test Case 'Test Cases/Final Aug 2018 - PKS Automation/Common/Reference Number Getter' successfully

2018-12-17 14:57:59 - [TEST_STEP][PASSED] - setText: Text 'ERN122018C200002469' is set on object 'Object Repository/Final Object Repo/WorkFlow Listing Page/Ref No Set Text'

2018-12-17 14:58:00 - [MESSAGE][PASSED] - Text 'ERN122018C200002469' is set on object 'Object Repository/Final Object Repo/WorkFlow Listing Page/Ref No Set Text'

2018-12-17 14:58:00 - [TEST_STEP][PASSED] - delay: Delayed 2 second(s)

2018-12-17 14:58:02 - [MESSAGE][PASSED] - Delayed 2 second(s)

2018-12-17 14:58:02 - [TEST_STEP][PASSED] - click: Object: 'Object Repository/Final Object Repo/WorkFlow Listing Page/Search Ref No Search Button' is clicked on

2018-12-17 14:58:02 - [MESSAGE][PASSED] - Object: 'Object Repository/Final Object Repo/WorkFlow Listing Page/Search Ref No Search Button' is clicked on

2018-12-17 14:58:02 - [TEST_STEP][PASSED] - delay: Delayed 6 second(s)

2018-12-17 14:58:08 - [MESSAGE][PASSED] - Delayed 6 second(s)

2018-12-17 14:58:08 - [TEST_STEP][PASSED] - click: Object: 'Object Repository/Final Object Repo/WorkFlow Listing Page/Click Continue Tooltip' is clicked on

2018-12-17 14:58:09 - [MESSAGE][PASSED] - Object: 'Object Repository/Final Object Repo/WorkFlow Listing Page/Click Continue Tooltip' is clicked on

2018-12-17 14:58:09 - [TEST_STEP][PASSED] - delay: Delayed 5 second(s)

2018-12-17 14:58:14 - [MESSAGE][PASSED] - Delayed 5 second(s)

2018-12-17 14:58:14 - [TEST_STEP][PASSED] - doubleClick: Object: 'Object Repository/Final Object Repo/WorkFlow Listing Page/Workflow Found - Listing 1' is double clicked on

2018-12-17 14:58:14 - [MESSAGE][PASSED] - Object: 'Object Repository/Final Object Repo/WorkFlow Listing Page/Workflow Found - Listing 1' is double clicked on

2018-12-17 14:58:14 - [TEST_STEP][PASSED] - Statement - println(OwnerID): null

2018-12-17 14:58:14 - [TEST_STEP][PASSED] - Statement - OwnerID = com.kms.katalon.core.webui.keyword.WebUiBuiltInKeywords.getText(com.kms.katalon.core.testobject.ObjectRepository.findTestObject(Final Object Repo/WorkFlow Listing Page/Workflow Found - Listing 1), STOP_ON_FAILURE): Text of object 'Object Repository/Final Object Repo/WorkFlow Listing Page/Workflow Found - Listing 1' is: 'JOHORuo2'

2018-12-17 14:58:14 - [MESSAGE][PASSED] - Text of object 'Object Repository/Final Object Repo/WorkFlow Listing Page/Workflow Found - Listing 1' is: 'JOHORuo2'

2018-12-17 14:58:14 - [TEST_STEP][PASSED] - Statement - OwnerID = OwnerID.toLowerCase() + "@gmail.com": null

2018-12-17 14:58:14 - [TEST_STEP][PASSED] - Statement - println(OwnerID): null

2018-12-17 14:58:14 - [TEST_STEP][PASSED] - delay: Delayed 2 second(s)

2018-12-17 14:58:16 - [MESSAGE][PASSED] - Delayed 2 second(s)

2018-12-17 14:58:16 - [MESSAGE][PASSED] - Call Test Case 'Test Cases/Final Aug 2018 - PKS Automation/Common/Workflow Owner Finder' successfully

2018-12-17 14:58:16 - [TEST_STEP][PASSED] - delay: Delayed 1 second(s)

2018-12-17 14:58:17 - [MESSAGE][PASSED] - Delayed 1 second(s)

2018-12-17 14:58:17 - [TEST_STEP][PASSED] - navigateToUrl: Navigate to 'https://assist2-uat.perkeso.gov.my/c/portal/logout' successfully

2018-12-17 14:58:18 - [MESSAGE][PASSED] - Navigate to 'https://assist2-uat.perkeso.gov.my/c/portal/logout' successfully

2018-12-17 14:58:18 - [TEST_STEP][PASSED] - delay: Delayed 1 second(s)

2018-12-17 14:58:19 - [MESSAGE][PASSED] - Delayed 1 second(s)

2018-12-17 14:58:19 - [TEST_STEP][PASSED] - callTestCase: Call Test Case 'Test Cases/Final Aug 2018 - PKS Automation/Registration Module/Workflow/Login and Search Case For Workflow' successfully

2018-12-17 14:58:19 - [TEST_CASE][PASSED] - Test Cases/Final Aug 2018 - PKS Automation/Registration Module/Workflow/Login and Search Case For Workflow: Test Cases/Final Aug 2018 - PKS Automation/Registration Module/Workflow/Login and Search Case For Workflow

2018-12-17 14:58:19 - [TEST_STEP][PASSED] - navigateToUrl: Navigate to 'https://assist2-uat.perkeso.gov.my/login' successfully

2018-12-17 14:58:20 - [MESSAGE][PASSED] - Navigate to 'https://assist2-uat.perkeso.gov.my/login' successfully

2018-12-17 14:58:20 - [TEST_STEP][PASSED] - setText: Text 'johoruo2@gmail.com' is set on object 'Object Repository/Final Object Repo/Login Page/Internal User/Email Address'

2018-12-17 14:58:20 - [MESSAGE][PASSED] - Text 'johoruo2@gmail.com' is set on object 'Object Repository/Final Object Repo/Login Page/Internal User/Email Address'

2018-12-17 14:58:20 - [TEST_STEP][PASSED] - click: Object: 'Object Repository/Final Object Repo/Login Page/Internal User/Next Button' is clicked on

2018-12-17 14:58:20 - [MESSAGE][PASSED] - Object: 'Object Repository/Final Object Repo/Login Page/Internal User/Next Button' is clicked on

2018-12-17 14:58:20 - [TEST_STEP][PASSED] - delay: Delayed 1 second(s)

2018-12-17 14:58:21 - [MESSAGE][PASSED] - Delayed 1 second(s)

2018-12-17 14:58:21 - [TEST_STEP][PASSED] - setEncryptedText: Text ****** has been set on object 'Object Repository/Final Object Repo/Login Page/Internal User/Password'

2018-12-17 14:58:22 - [MESSAGE][PASSED] - Text ****** has been set on object 'Object Repository/Final Object Repo/Login Page/Internal User/Password'

2018-12-17 14:58:22 - [TEST_STEP][PASSED] - click: Object: 'Object Repository/Final Object Repo/Login Page/Internal User/Login Button' is clicked on

2018-12-17 14:58:22 - [MESSAGE][PASSED] - Object: 'Object Repository/Final Object Repo/Login Page/Internal User/Login Button' is clicked on

2018-12-17 14:58:22 - [TEST_STEP][PASSED] - delay: Delayed 2 second(s)

2018-12-17 14:58:24 - [MESSAGE][PASSED] - Delayed 2 second(s)

2018-12-17 14:58:24 - [TEST_STEP][PASSED] - Statement - Try: Delayed 2 second(s)

2018-12-17 14:58:24 - [TEST_STEP][PASSED] - Statement - Checker = false: null

2018-12-17 14:58:24 - [TEST_STEP][PASSED] - Statement - Checker = com.kms.katalon.core.webui.keyword.WebUiBuiltInKeywords.verifyElementHasAttribute(com.kms.katalon.core.testobject.ObjectRepository.findTestObject(Final Object Repo/Landing Page/BM Detecting), "href", 20, OPTIONAL): Object 'Object Repository/Final Object Repo/Landing Page/BM Detecting' has attribute 'href'

2018-12-17 14:58:24 - [MESSAGE][PASSED] - Object 'Object Repository/Final Object Repo/Landing Page/BM Detecting' has attribute 'href'

2018-12-17 14:58:24 - [TEST_STEP][PASSED] - Statement - out.println(Checker): null

2018-12-17 14:58:24 - [TEST_STEP][PASSED] - Statement - If (Checker == false): null

2018-12-17 14:58:24 - [TEST_STEP][PASSED] - Statement - Else: null

2018-12-17 14:58:24 - [TEST_STEP][PASSED] - delay: Delayed 2 second(s)

2018-12-17 14:58:26 - [MESSAGE][PASSED] - Delayed 2 second(s)

2018-12-17 14:58:26 - [TEST_STEP][PASSED] - click: Object: 'Object Repository/Final Object Repo/Page_MyASSIST - ASSIST - Search Pending Case For Add Supporting Document/Search Information' is clicked on

2018-12-17 14:58:26 - [MESSAGE][PASSED] - Object: 'Object Repository/Final Object Repo/Page_MyASSIST - ASSIST - Search Pending Case For Add Supporting Document/Search Information' is clicked on

2018-12-17 14:58:26 - [TEST_STEP][PASSED] - delay: Delayed 3 second(s)

2018-12-17 14:58:29 - [MESSAGE][PASSED] - Delayed 3 second(s)

2018-12-17 14:58:29 - [TEST_STEP][PASSED] - sendKeys: Keys 'ERN122018C200002469' sent to object: 'Object Repository/Final Object Repo/Page_MyASSIST - ASSIST - Search Pending Case For Add Supporting Document/Reference No'

2018-12-17 14:58:30 - [MESSAGE][PASSED] - Keys 'ERN122018C200002469' sent to object: 'Object Repository/Final Object Repo/Page_MyASSIST - ASSIST - Search Pending Case For Add Supporting Document/Reference No'

2018-12-17 14:58:30 - [TEST_STEP][PASSED] - click: Object: 'Object Repository/Final Object Repo/Page_MyASSIST - ASSIST - Search Pending Case For Add Supporting Document/Search Reference No' is clicked on

2018-12-17 14:58:30 - [MESSAGE][PASSED] - Object: 'Object Repository/Final Object Repo/Page_MyASSIST - ASSIST - Search Pending Case For Add Supporting Document/Search Reference No' is clicked on

2018-12-17 14:58:30 - [TEST_STEP][PASSED] - delay: Delayed 2 second(s)

2018-12-17 14:58:32 - [MESSAGE][PASSED] - Delayed 2 second(s)

2018-12-17 14:58:32 - [TEST_STEP][PASSED] - click: Object: 'Object Repository/Final Object Repo/Page_MyASSIST - ASSIST - Search Pending Case For Add Supporting Document/Continue' is clicked on

2018-12-17 14:58:35 - [MESSAGE][PASSED] - Object: 'Object Repository/Final Object Repo/Page_MyASSIST - ASSIST - Search Pending Case For Add Supporting Document/Continue' is clicked on

2018-12-17 14:58:35 - [TEST_STEP][PASSED] - delay: Delayed 20 second(s)

2018-12-17 14:58:55 - [MESSAGE][PASSED] - Delayed 20 second(s)

2018-12-17 14:58:55 - [MESSAGE][PASSED] - Call Test Case 'Test Cases/Final Aug 2018 - PKS Automation/Registration Module/Workflow/Login and Search Case For Workflow' successfully

2018-12-17 14:58:55 - [TEST_STEP][PASSED] - click: Object: 'Object Repository/Final Object Repo/Page_Form 3 EIS - Cessation as Employer/Page_Form 3 EIS - Cessation as Employer (Approve)/Save  Continue in Form 3 Page' is clicked on

2018-12-17 14:58:56 - [MESSAGE][PASSED] - Object: 'Object Repository/Final Object Repo/Page_Form 3 EIS - Cessation as Employer/Page_Form 3 EIS - Cessation as Employer (Approve)/Save  Continue in Form 3 Page' is clicked on

2018-12-17 14:58:56 - [TEST_STEP][PASSED] - delay: Delayed 4 second(s)

2018-12-17 14:59:00 - [MESSAGE][PASSED] - Delayed 4 second(s)

2018-12-17 14:59:00 - [TEST_STEP][PASSED] - click: Object: 'Object Repository/Final Object Repo/Page_Form 3 EIS - Cessation as Employer/Page_Form 3 EIS - Cessation as Employer (Approve)/Save  Continue in Resigned Page' is clicked on

2018-12-17 14:59:00 - [MESSAGE][PASSED] - Object: 'Object Repository/Final Object Repo/Page_Form 3 EIS - Cessation as Employer/Page_Form 3 EIS - Cessation as Employer (Approve)/Save  Continue in Resigned Page' is clicked on

2018-12-17 14:59:00 - [TEST_STEP][PASSED] - delay: Delayed 2 second(s)

2018-12-17 14:59:02 - [MESSAGE][PASSED] - Delayed 2 second(s)

2018-12-17 14:59:02 - [TEST_STEP][PASSED] - setText: Text 'Remark' is set on object 'Object Repository/Final Object Repo/Page_Form 3 EIS - Cessation as Employer/Page_Form 3 EIS - Cessation as Employer (Query)/Query - Remark'

2018-12-17 14:59:03 - [MESSAGE][PASSED] - Text 'Remark' is set on object 'Object Repository/Final Object Repo/Page_Form 3 EIS - Cessation as Employer/Page_Form 3 EIS - Cessation as Employer (Query)/Query - Remark'

2018-12-17 14:59:03 - [TEST_STEP][PASSED] - delay: Delayed 2 second(s)

2018-12-17 14:59:05 - [MESSAGE][PASSED] - Delayed 2 second(s)

2018-12-17 14:59:05 - [TEST_STEP][PASSED] - click: Object: 'Object Repository/Final Object Repo/Page_Form 3 EIS - Cessation as Employer/Page_Form 3 EIS - Cessation as Employer (Query)/Save  Continue' is clicked on

2018-12-17 14:59:05 - [MESSAGE][PASSED] - Object: 'Object Repository/Final Object Repo/Page_Form 3 EIS - Cessation as Employer/Page_Form 3 EIS - Cessation as Employer (Query)/Save  Continue' is clicked on

2018-12-17 14:59:05 - [TEST_STEP][PASSED] - delay: Delayed 2 second(s)

2018-12-17 14:59:07 - [MESSAGE][PASSED] - Delayed 2 second(s)

2018-12-17 14:59:07 - [TEST_STEP][PASSED] - click: Object: 'Object Repository/Final Object Repo/Page_Form 3 EIS - Cessation as Employer/Page_Form 3 EIS - Cessation as Employer (Query)/Query' is clicked on

2018-12-17 14:59:10 - [MESSAGE][PASSED] - Object: 'Object Repository/Final Object Repo/Page_Form 3 EIS - Cessation as Employer/Page_Form 3 EIS - Cessation as Employer (Query)/Query' is clicked on

2018-12-17 14:59:10 - [TEST_STEP][PASSED] - delay: Delayed 2 second(s)

2018-12-17 14:59:12 - [MESSAGE][PASSED] - Delayed 2 second(s)

2018-12-17 14:59:12 - [TEST_STEP][PASSED] - click: Object: 'Object Repository/Final Object Repo/Page_Form 3 EIS - Cessation as Employer/Page_Form 3 EIS - Cessation as Employer (Query)/Confirm' is clicked on

2018-12-17 14:59:19 - [MESSAGE][PASSED] - Object: 'Object Repository/Final Object Repo/Page_Form 3 EIS - Cessation as Employer/Page_Form 3 EIS - Cessation as Employer (Query)/Confirm' is clicked on

2018-12-17 14:59:19 - [TEST_STEP][PASSED] - delay: Delayed 2 second(s)

2018-12-17 14:59:21 - [MESSAGE][PASSED] - Delayed 2 second(s)

2018-12-17 14:59:21 - [TEST_STEP][PASSED] - click: Object: 'Object Repository/Final Object Repo/Page_Form 3 EIS - Cessation as Employer/Page_Form 3 EIS - Cessation as Employer (Query)/Message The Case Is Under Query' is clicked on

2018-12-17 14:59:21 - [MESSAGE][PASSED] - Object: 'Object Repository/Final Object Repo/Page_Form 3 EIS - Cessation as Employer/Page_Form 3 EIS - Cessation as Employer (Query)/Message The Case Is Under Query' is clicked on

2018-12-17 14:59:21 - [TEST_STEP][PASSED] - click: Object: 'Object Repository/Final Object Repo/Page_Form 3 EIS - Cessation as Employer/Page_Form 3 EIS - Cessation as Employer (Query)/Letter of inquiry' is clicked on

2018-12-17 14:59:22 - [MESSAGE][PASSED] - Object: 'Object Repository/Final Object Repo/Page_Form 3 EIS - Cessation as Employer/Page_Form 3 EIS - Cessation as Employer (Query)/Letter of inquiry' is clicked on

2018-12-17 14:59:22 - [TEST_STEP][PASSED] - delay: Delayed 1 second(s)

2018-12-17 14:59:23 - [MESSAGE][PASSED] - Delayed 1 second(s)

2018-12-17 14:59:23 - [TEST_STEP][PASSED] - navigateToUrl: Navigate to 'https://assist2-uat.perkeso.gov.my/c/portal/logout' successfully

2018-12-17 14:59:23 - [MESSAGE][PASSED] - Navigate to 'https://assist2-uat.perkeso.gov.my/c/portal/logout' successfully

2018-12-17 14:59:23 - [TEST_STEP][PASSED] - delay: Delayed 1 second(s)

2018-12-17 14:59:24 - [MESSAGE][PASSED] - Delayed 1 second(s)

2018-12-17 14:59:24 - [TEST_STEP][PASSED] - callTestCase: Call Test Case 'Test Cases/Final Aug 2018 - PKS Automation/Registration Module/Workflow/Login and Search Case For Workflow' successfully

2018-12-17 14:59:24 - [TEST_CASE][PASSED] - Test Cases/Final Aug 2018 - PKS Automation/Registration Module/Workflow/Login and Search Case For Workflow: Test Cases/Final Aug 2018 - PKS Automation/Registration Module/Workflow/Login and Search Case For Workflow

2018-12-17 14:59:24 - [TEST_STEP][PASSED] - navigateToUrl: Navigate to 'https://assist2-uat.perkeso.gov.my/login' successfully

2018-12-17 14:59:25 - [MESSAGE][PASSED] - Navigate to 'https://assist2-uat.perkeso.gov.my/login' successfully

2018-12-17 14:59:25 - [TEST_STEP][PASSED] - setText: Text 'johoruo2@gmail.com' is set on object 'Object Repository/Final Object Repo/Login Page/Internal User/Email Address'

2018-12-17 14:59:25 - [MESSAGE][PASSED] - Text 'johoruo2@gmail.com' is set on object 'Object Repository/Final Object Repo/Login Page/Internal User/Email Address'

2018-12-17 14:59:25 - [TEST_STEP][PASSED] - click: Object: 'Object Repository/Final Object Repo/Login Page/Internal User/Next Button' is clicked on

2018-12-17 14:59:25 - [MESSAGE][PASSED] - Object: 'Object Repository/Final Object Repo/Login Page/Internal User/Next Button' is clicked on

2018-12-17 14:59:25 - [TEST_STEP][PASSED] - delay: Delayed 1 second(s)

2018-12-17 14:59:26 - [MESSAGE][PASSED] - Delayed 1 second(s)

2018-12-17 14:59:26 - [TEST_STEP][PASSED] - setEncryptedText: Text ****** has been set on object 'Object Repository/Final Object Repo/Login Page/Internal User/Password'

2018-12-17 14:59:27 - [MESSAGE][PASSED] - Text ****** has been set on object 'Object Repository/Final Object Repo/Login Page/Internal User/Password'

2018-12-17 14:59:27 - [TEST_STEP][PASSED] - click: Object: 'Object Repository/Final Object Repo/Login Page/Internal User/Login Button' is clicked on

2018-12-17 14:59:27 - [MESSAGE][PASSED] - Object: 'Object Repository/Final Object Repo/Login Page/Internal User/Login Button' is clicked on

2018-12-17 14:59:27 - [TEST_STEP][PASSED] - delay: Delayed 2 second(s)

2018-12-17 14:59:29 - [MESSAGE][PASSED] - Delayed 2 second(s)

2018-12-17 14:59:29 - [TEST_STEP][PASSED] - Statement - Try: Delayed 2 second(s)

2018-12-17 14:59:29 - [TEST_STEP][PASSED] - Statement - Checker = false: null

2018-12-17 14:59:29 - [TEST_STEP][PASSED] - Statement - Checker = com.kms.katalon.core.webui.keyword.WebUiBuiltInKeywords.verifyElementHasAttribute(com.kms.katalon.core.testobject.ObjectRepository.findTestObject(Final Object Repo/Landing Page/BM Detecting), "href", 20, OPTIONAL): Object 'Object Repository/Final Object Repo/Landing Page/BM Detecting' has attribute 'href'

2018-12-17 14:59:29 - [MESSAGE][PASSED] - Object 'Object Repository/Final Object Repo/Landing Page/BM Detecting' has attribute 'href'

2018-12-17 14:59:29 - [TEST_STEP][PASSED] - Statement - out.println(Checker): null

2018-12-17 14:59:29 - [TEST_STEP][PASSED] - Statement - If (Checker == false): null

2018-12-17 14:59:29 - [TEST_STEP][PASSED] - Statement - Else: null

2018-12-17 14:59:29 - [TEST_STEP][PASSED] - delay: Delayed 2 second(s)

2018-12-17 14:59:31 - [MESSAGE][PASSED] - Delayed 2 second(s)

2018-12-17 14:59:31 - [TEST_STEP][PASSED] - click: Object: 'Object Repository/Final Object Repo/Page_MyASSIST - ASSIST - Search Pending Case For Add Supporting Document/Search Information' is clicked on

2018-12-17 14:59:31 - [MESSAGE][PASSED] - Object: 'Object Repository/Final Object Repo/Page_MyASSIST - ASSIST - Search Pending Case For Add Supporting Document/Search Information' is clicked on

2018-12-17 14:59:31 - [TEST_STEP][PASSED] - delay: Delayed 3 second(s)

2018-12-17 14:59:34 - [MESSAGE][PASSED] - Delayed 3 second(s)

2018-12-17 14:59:34 - [TEST_STEP][PASSED] - sendKeys: Keys 'ERN122018C200002469' sent to object: 'Object Repository/Final Object Repo/Page_MyASSIST - ASSIST - Search Pending Case For Add Supporting Document/Reference No'

2018-12-17 14:59:34 - [MESSAGE][PASSED] - Keys 'ERN122018C200002469' sent to object: 'Object Repository/Final Object Repo/Page_MyASSIST - ASSIST - Search Pending Case For Add Supporting Document/Reference No'

2018-12-17 14:59:34 - [TEST_STEP][PASSED] - click: Object: 'Object Repository/Final Object Repo/Page_MyASSIST - ASSIST - Search Pending Case For Add Supporting Document/Search Reference No' is clicked on

2018-12-17 14:59:35 - [MESSAGE][PASSED] - Object: 'Object Repository/Final Object Repo/Page_MyASSIST - ASSIST - Search Pending Case For Add Supporting Document/Search Reference No' is clicked on

2018-12-17 14:59:35 - [TEST_STEP][PASSED] - delay: Delayed 2 second(s)

2018-12-17 14:59:37 - [MESSAGE][PASSED] - Delayed 2 second(s)

2018-12-17 14:59:37 - [TEST_STEP][PASSED] - click: Object: 'Object Repository/Final Object Repo/Page_MyASSIST - ASSIST - Search Pending Case For Add Supporting Document/Continue' is clicked on

2018-12-17 14:59:40 - [MESSAGE][PASSED] - Object: 'Object Repository/Final Object Repo/Page_MyASSIST - ASSIST - Search Pending Case For Add Supporting Document/Continue' is clicked on

2018-12-17 14:59:40 - [TEST_STEP][PASSED] - delay: Delayed 20 second(s)

2018-12-17 15:00:00 - [MESSAGE][PASSED] - Delayed 20 second(s)

2018-12-17 15:00:00 - [MESSAGE][PASSED] - Call Test Case 'Test Cases/Final Aug 2018 - PKS Automation/Registration Module/Workflow/Login and Search Case For Workflow' successfully

2018-12-17 15:00:00 - [TEST_STEP][PASSED] - navigateToUrl: Navigate to 'https://assist2-uat.perkeso.gov.my/web/registration/eis-update/form-3-eis-cessation-as-employer?p_p_id=searchforemployersip_WAR_registrationportlet&p_p_lifecycle=0&_searchforemployersip_WAR_registrationportlet_regViewKey=87&_searchforemployersip_WAR_registrationportlet_browserIdKey=1536115932192&_searchforemployersip_WAR_registrationportlet_tempEmployerIdKey=128990&_searchforemployersip_WAR_registrationportlet_employerIdKey=&_searchforemployersip_WAR_registrationportlet_refCaseNo=ERN092018C200002133&_searchforemployersip_WAR_registrationportlet_mvcPath=%2Fapps%2Freg%2Fdiscontinue_business_sip%2Fdiscontinue_business_sip_form.jsp&_searchforemployersip_WAR_registrationportlet_regSectionKey=215' successfully

2018-12-17 15:00:03 - [MESSAGE][PASSED] - Navigate to 'https://assist2-uat.perkeso.gov.my/web/registration/eis-update/form-3-eis-cessation-as-employer?p_p_id=searchforemployersip_WAR_registrationportlet&p_p_lifecycle=0&_searchforemployersip_WAR_registrationportlet_regViewKey=87&_searchforemployersip_WAR_registrationportlet_browserIdKey=1536115932192&_searchforemployersip_WAR_registrationportlet_tempEmployerIdKey=128990&_searchforemployersip_WAR_registrationportlet_employerIdKey=&_searchforemployersip_WAR_registrationportlet_refCaseNo=ERN092018C200002133&_searchforemployersip_WAR_registrationportlet_mvcPath=%2Fapps%2Freg%2Fdiscontinue_business_sip%2Fdiscontinue_business_sip_form.jsp&_searchforemployersip_WAR_registrationportlet_regSectionKey=215' successfully

2018-12-17 15:00:03 - [TEST_STEP][PASSED] - delay: Delayed 10 second(s)

2018-12-17 15:00:13 - [MESSAGE][PASSED] - Delayed 10 second(s)

2018-12-17 15:00:13 - [TEST_STEP][PASSED] - click: Object: 'Object Repository/Final Object Repo/Page_Form 3 EIS - Cessation as Employer/Page_Form 3 EIS - Cessation as Employer (Query - OTC - UO)/Next' is clicked on

2018-12-17 15:00:15 - [MESSAGE][PASSED] - Object: 'Object Repository/Final Object Repo/Page_Form 3 EIS - Cessation as Employer/Page_Form 3 EIS - Cessation as Employer (Query - OTC - UO)/Next' is clicked on

2018-12-17 15:00:15 - [TEST_STEP][PASSED] - delay: Delayed 2 second(s)

2018-12-17 15:00:17 - [MESSAGE][PASSED] - Delayed 2 second(s)

2018-12-17 15:00:17 - [TEST_STEP][PASSED] - click: Object: 'Object Repository/Final Object Repo/Page_Form 3 EIS - Cessation as Employer/Page_Form 3 EIS - Cessation as Employer (Query - OTC - UO)/Next in Resigned Page' is clicked on

2018-12-17 15:00:20 - [MESSAGE][PASSED] - Object: 'Object Repository/Final Object Repo/Page_Form 3 EIS - Cessation as Employer/Page_Form 3 EIS - Cessation as Employer (Query - OTC - UO)/Next in Resigned Page' is clicked on

2018-12-17 15:00:20 - [TEST_STEP][PASSED] - delay: Delayed 2 second(s)

2018-12-17 15:00:22 - [MESSAGE][PASSED] - Delayed 2 second(s)

2018-12-17 15:00:22 - [TEST_STEP][PASSED] - click: Object: 'Object Repository/Final Object Repo/Page_Form 3 EIS - Cessation as Employer/Page_Form 3 EIS - Cessation as Employer (Query - OTC - UO)/Add Document' is clicked on

2018-12-17 15:00:22 - [MESSAGE][PASSED] - Object: 'Object Repository/Final Object Repo/Page_Form 3 EIS - Cessation as Employer/Page_Form 3 EIS - Cessation as Employer (Query - OTC - UO)/Add Document' is clicked on

2018-12-17 15:00:22 - [TEST_STEP][PASSED] - delay: Delayed 2 second(s)

2018-12-17 15:00:24 - [MESSAGE][PASSED] - Delayed 2 second(s)

2018-12-17 15:00:24 - [TEST_STEP][PASSED] - click: Object: 'Object Repository/Final Object Repo/Page_Form 3 EIS - Cessation as Employer/Page_Form 3 EIS - Cessation as Employer (Query - OTC - UO)/Document Type' is clicked on

2018-12-17 15:00:25 - [MESSAGE][PASSED] - Object: 'Object Repository/Final Object Repo/Page_Form 3 EIS - Cessation as Employer/Page_Form 3 EIS - Cessation as Employer (Query - OTC - UO)/Document Type' is clicked on

2018-12-17 15:00:25 - [TEST_STEP][PASSED] - delay: Delayed 2 second(s)

2018-12-17 15:00:27 - [MESSAGE][PASSED] - Delayed 2 second(s)

2018-12-17 15:00:27 - [TEST_STEP][PASSED] - click: Object: 'Object Repository/Final Object Repo/Page_Form 3 EIS - Cessation as Employer/Page_Form 3 EIS - Cessation as Employer (Query - OTC - UO)/Document Type - Others' is clicked on

2018-12-17 15:00:27 - [MESSAGE][PASSED] - Object: 'Object Repository/Final Object Repo/Page_Form 3 EIS - Cessation as Employer/Page_Form 3 EIS - Cessation as Employer (Query - OTC - UO)/Document Type - Others' is clicked on

2018-12-17 15:00:27 - [TEST_STEP][PASSED] - delay: Delayed 2 second(s)

2018-12-17 15:00:29 - [MESSAGE][PASSED] - Delayed 2 second(s)

2018-12-17 15:00:29 - [TEST_STEP][PASSED] - sendKeys: Keys 'C:\Users\Public\Pictures\Sample Pictures\Koala.jpg' sent to object: 'Object Repository/Final Object Repo/Page_Form 3 EIS - Cessation as Employer/Page_Form 3 EIS - Cessation as Employer (Query - OTC - UO)/ploading File'

2018-12-17 15:00:29 - [MESSAGE][PASSED] - Keys 'C:\Users\Public\Pictures\Sample Pictures\Koala.jpg' sent to object: 'Object Repository/Final Object Repo/Page_Form 3 EIS - Cessation as Employer/Page_Form 3 EIS - Cessation as Employer (Query - OTC - UO)/ploading File'

2018-12-17 15:00:29 - [TEST_STEP][PASSED] - delay: Delayed 2 second(s)

2018-12-17 15:00:31 - [MESSAGE][PASSED] - Delayed 2 second(s)

2018-12-17 15:00:31 - [TEST_STEP][PASSED] - click: Object: 'Object Repository/Final Object Repo/Page_Form 3 EIS - Cessation as Employer/Page_Form 3 EIS - Cessation as Employer (Query - OTC - UO)/Add Document in Uploading Page' is clicked on

2018-12-17 15:00:32 - [MESSAGE][PASSED] - Object: 'Object Repository/Final Object Repo/Page_Form 3 EIS - Cessation as Employer/Page_Form 3 EIS - Cessation as Employer (Query - OTC - UO)/Add Document in Uploading Page' is clicked on

2018-12-17 15:00:32 - [TEST_STEP][PASSED] - delay: Delayed 2 second(s)

2018-12-17 15:00:34 - [MESSAGE][PASSED] - Delayed 2 second(s)

2018-12-17 15:00:34 - [TEST_STEP][PASSED] - click: Object: 'Object Repository/Final Object Repo/Page_Form 3 EIS - Cessation as Employer/Page_Form 3 EIS - Cessation as Employer (Query - OTC - UO)/Exit' is clicked on

2018-12-17 15:00:36 - [MESSAGE][PASSED] - Object: 'Object Repository/Final Object Repo/Page_Form 3 EIS - Cessation as Employer/Page_Form 3 EIS - Cessation as Employer (Query - OTC - UO)/Exit' is clicked on

2018-12-17 15:00:36 - [TEST_STEP][PASSED] - delay: Delayed 1 second(s)

2018-12-17 15:00:37 - [MESSAGE][PASSED] - Delayed 1 second(s)

2018-12-17 15:00:37 - [TEST_STEP][PASSED] - navigateToUrl: Navigate to 'https://assist2-uat.perkeso.gov.my/c/portal/logout' successfully

2018-12-17 15:00:38 - [MESSAGE][PASSED] - Navigate to 'https://assist2-uat.perkeso.gov.my/c/portal/logout' successfully

2018-12-17 15:00:38 - [TEST_STEP][PASSED] - delay: Delayed 1 second(s)

2018-12-17 15:00:39 - [MESSAGE][PASSED] - Delayed 1 second(s)

2018-12-17 15:00:39 - [TEST_STEP][PASSED] - callTestCase: Call Test Case 'Test Cases/Final Aug 2018 - PKS Automation/Registration Module/Workflow/Login and Search Case For Workflow' successfully

2018-12-17 15:00:39 - [TEST_CASE][PASSED] - Test Cases/Final Aug 2018 - PKS Automation/Registration Module/Workflow/Login and Search Case For Workflow: Test Cases/Final Aug 2018 - PKS Automation/Registration Module/Workflow/Login and Search Case For Workflow

2018-12-17 15:00:39 - [TEST_STEP][PASSED] - navigateToUrl: Navigate to 'https://assist2-uat.perkeso.gov.my/login' successfully

2018-12-17 15:00:40 - [MESSAGE][PASSED] - Navigate to 'https://assist2-uat.perkeso.gov.my/login' successfully

2018-12-17 15:00:40 - [TEST_STEP][PASSED] - setText: Text 'johoruo2@gmail.com' is set on object 'Object Repository/Final Object Repo/Login Page/Internal User/Email Address'

2018-12-17 15:00:40 - [MESSAGE][PASSED] - Text 'johoruo2@gmail.com' is set on object 'Object Repository/Final Object Repo/Login Page/Internal User/Email Address'

2018-12-17 15:00:40 - [TEST_STEP][PASSED] - click: Object: 'Object Repository/Final Object Repo/Login Page/Internal User/Next Button' is clicked on

2018-12-17 15:00:40 - [MESSAGE][PASSED] - Object: 'Object Repository/Final Object Repo/Login Page/Internal User/Next Button' is clicked on

2018-12-17 15:00:40 - [TEST_STEP][PASSED] - delay: Delayed 1 second(s)

2018-12-17 15:00:41 - [MESSAGE][PASSED] - Delayed 1 second(s)

2018-12-17 15:00:41 - [TEST_STEP][PASSED] - setEncryptedText: Text ****** has been set on object 'Object Repository/Final Object Repo/Login Page/Internal User/Password'

2018-12-17 15:00:41 - [MESSAGE][PASSED] - Text ****** has been set on object 'Object Repository/Final Object Repo/Login Page/Internal User/Password'

2018-12-17 15:00:41 - [TEST_STEP][PASSED] - click: Object: 'Object Repository/Final Object Repo/Login Page/Internal User/Login Button' is clicked on

2018-12-17 15:00:42 - [MESSAGE][PASSED] - Object: 'Object Repository/Final Object Repo/Login Page/Internal User/Login Button' is clicked on

2018-12-17 15:00:42 - [TEST_STEP][PASSED] - delay: Delayed 2 second(s)

2018-12-17 15:00:44 - [MESSAGE][PASSED] - Delayed 2 second(s)

2018-12-17 15:00:44 - [TEST_STEP][PASSED] - Statement - Try: Delayed 2 second(s)

2018-12-17 15:00:44 - [TEST_STEP][PASSED] - Statement - Checker = false: null

2018-12-17 15:00:44 - [TEST_STEP][PASSED] - Statement - Checker = com.kms.katalon.core.webui.keyword.WebUiBuiltInKeywords.verifyElementHasAttribute(com.kms.katalon.core.testobject.ObjectRepository.findTestObject(Final Object Repo/Landing Page/BM Detecting), "href", 20, OPTIONAL): Object 'Object Repository/Final Object Repo/Landing Page/BM Detecting' has attribute 'href'

2018-12-17 15:00:44 - [MESSAGE][PASSED] - Object 'Object Repository/Final Object Repo/Landing Page/BM Detecting' has attribute 'href'

2018-12-17 15:00:44 - [TEST_STEP][PASSED] - Statement - out.println(Checker): null

2018-12-17 15:00:44 - [TEST_STEP][PASSED] - Statement - If (Checker == false): null

2018-12-17 15:00:44 - [TEST_STEP][PASSED] - Statement - Else: null

2018-12-17 15:00:44 - [TEST_STEP][PASSED] - delay: Delayed 2 second(s)

2018-12-17 15:00:46 - [MESSAGE][PASSED] - Delayed 2 second(s)

2018-12-17 15:00:46 - [TEST_STEP][PASSED] - click: Object: 'Object Repository/Final Object Repo/Page_MyASSIST - ASSIST - Search Pending Case For Add Supporting Document/Search Information' is clicked on

2018-12-17 15:00:46 - [MESSAGE][PASSED] - Object: 'Object Repository/Final Object Repo/Page_MyASSIST - ASSIST - Search Pending Case For Add Supporting Document/Search Information' is clicked on

2018-12-17 15:00:46 - [TEST_STEP][PASSED] - delay: Delayed 3 second(s)

2018-12-17 15:00:49 - [MESSAGE][PASSED] - Delayed 3 second(s)

2018-12-17 15:00:49 - [TEST_STEP][PASSED] - sendKeys: Keys 'ERN122018C200002469' sent to object: 'Object Repository/Final Object Repo/Page_MyASSIST - ASSIST - Search Pending Case For Add Supporting Document/Reference No'

2018-12-17 15:00:49 - [MESSAGE][PASSED] - Keys 'ERN122018C200002469' sent to object: 'Object Repository/Final Object Repo/Page_MyASSIST - ASSIST - Search Pending Case For Add Supporting Document/Reference No'

2018-12-17 15:00:49 - [TEST_STEP][PASSED] - click: Object: 'Object Repository/Final Object Repo/Page_MyASSIST - ASSIST - Search Pending Case For Add Supporting Document/Search Reference No' is clicked on

2018-12-17 15:00:49 - [MESSAGE][PASSED] - Object: 'Object Repository/Final Object Repo/Page_MyASSIST - ASSIST - Search Pending Case For Add Supporting Document/Search Reference No' is clicked on

2018-12-17 15:00:49 - [TEST_STEP][PASSED] - delay: Delayed 2 second(s)

2018-12-17 15:00:51 - [MESSAGE][PASSED] - Delayed 2 second(s)

2018-12-17 15:00:51 - [TEST_STEP][PASSED] - click: Object: 'Object Repository/Final Object Repo/Page_MyASSIST - ASSIST - Search Pending Case For Add Supporting Document/Continue' is clicked on

2018-12-17 15:00:54 - [MESSAGE][PASSED] - Object: 'Object Repository/Final Object Repo/Page_MyASSIST - ASSIST - Search Pending Case For Add Supporting Document/Continue' is clicked on

2018-12-17 15:00:54 - [TEST_STEP][PASSED] - delay: Delayed 20 second(s)

2018-12-17 15:01:14 - [MESSAGE][PASSED] - Delayed 20 second(s)

2018-12-17 15:01:14 - [MESSAGE][PASSED] - Call Test Case 'Test Cases/Final Aug 2018 - PKS Automation/Registration Module/Workflow/Login and Search Case For Workflow' successfully

2018-12-17 15:01:14 - [TEST_STEP][PASSED] - click: Object: 'Object Repository/Final Object Repo/Page_Form 3 EIS - Cessation as Employer/Page_Form 3 EIS - Cessation as Employer (Approve)/Save  Continue in Form 3 Page' is clicked on

2018-12-17 15:01:15 - [MESSAGE][PASSED] - Object: 'Object Repository/Final Object Repo/Page_Form 3 EIS - Cessation as Employer/Page_Form 3 EIS - Cessation as Employer (Approve)/Save  Continue in Form 3 Page' is clicked on

2018-12-17 15:01:15 - [TEST_STEP][PASSED] - delay: Delayed 2 second(s)

2018-12-17 15:01:17 - [MESSAGE][PASSED] - Delayed 2 second(s)

2018-12-17 15:01:17 - [TEST_STEP][PASSED] - click: Object: 'Object Repository/Final Object Repo/Page_Form 3 EIS - Cessation as Employer/Page_Form 3 EIS - Cessation as Employer (Approve)/Save  Continue in Resigned Page' is clicked on

2018-12-17 15:01:17 - [MESSAGE][PASSED] - Object: 'Object Repository/Final Object Repo/Page_Form 3 EIS - Cessation as Employer/Page_Form 3 EIS - Cessation as Employer (Approve)/Save  Continue in Resigned Page' is clicked on

2018-12-17 15:01:17 - [TEST_STEP][PASSED] - delay: Delayed 2 second(s)

2018-12-17 15:01:19 - [MESSAGE][PASSED] - Delayed 2 second(s)

2018-12-17 15:01:19 - [TEST_STEP][PASSED] - click: Object: 'Object Repository/Final Object Repo/Page_Form 3 EIS - Cessation as Employer/Page_Form 3 EIS - Cessation as Employer (Approve)/Save  Continue in Uploading Page' is clicked on

2018-12-17 15:01:20 - [MESSAGE][PASSED] - Object: 'Object Repository/Final Object Repo/Page_Form 3 EIS - Cessation as Employer/Page_Form 3 EIS - Cessation as Employer (Approve)/Save  Continue in Uploading Page' is clicked on

2018-12-17 15:01:20 - [TEST_STEP][PASSED] - delay: Delayed 2 second(s)

2018-12-17 15:01:22 - [MESSAGE][PASSED] - Delayed 2 second(s)

2018-12-17 15:01:22 - [TEST_STEP][PASSED] - click: Object: 'Object Repository/Final Object Repo/Page_Form 3 EIS - Cessation as Employer/Page_Form 3 EIS - Cessation as Employer (Reject)/Reject' is clicked on

2018-12-17 15:01:25 - [MESSAGE][PASSED] - Object: 'Object Repository/Final Object Repo/Page_Form 3 EIS - Cessation as Employer/Page_Form 3 EIS - Cessation as Employer (Reject)/Reject' is clicked on

2018-12-17 15:01:25 - [TEST_STEP][PASSED] - delay: Delayed 2 second(s)

2018-12-17 15:01:27 - [MESSAGE][PASSED] - Delayed 2 second(s)

2018-12-17 15:01:27 - [TEST_STEP][PASSED] - click: Object: 'Object Repository/Final Object Repo/Page_Form 3 EIS - Cessation as Employer/Page_Form 3 EIS - Cessation as Employer (Reject)/Confirm' is clicked on

2018-12-17 15:01:27 - [MESSAGE][PASSED] - Object: 'Object Repository/Final Object Repo/Page_Form 3 EIS - Cessation as Employer/Page_Form 3 EIS - Cessation as Employer (Reject)/Confirm' is clicked on

2018-12-17 15:01:27 - [TEST_STEP][PASSED] - delay: Delayed 2 second(s)

2018-12-17 15:01:29 - [MESSAGE][PASSED] - Delayed 2 second(s)

2018-12-17 15:01:29 - [TEST_STEP][PASSED] - click: Object: 'Object Repository/Final Object Repo/Page_Form 3 EIS - Cessation as Employer/Page_Form 3 EIS - Cessation as Employer (Reject)/Message This Case has been Rejected' is clicked on

2018-12-17 15:01:33 - [MESSAGE][PASSED] - Object: 'Object Repository/Final Object Repo/Page_Form 3 EIS - Cessation as Employer/Page_Form 3 EIS - Cessation as Employer (Reject)/Message This Case has been Rejected' is clicked on

2018-12-17 15:01:33 - [TEST_STEP][PASSED] - click: Object: 'Object Repository/Final Object Repo/Page_Form 3 EIS - Cessation as Employer/Page_Form 3 EIS - Cessation as Employer (Reject)/Letter of update rejection' is clicked on

2018-12-17 15:01:33 - [MESSAGE][PASSED] - Object: 'Object Repository/Final Object Repo/Page_Form 3 EIS - Cessation as Employer/Page_Form 3 EIS - Cessation as Employer (Reject)/Letter of update rejection' is clicked on

2018-12-17 15:01:33 - [MESSAGE][PASSED] - Call Test Case 'Test Cases/Final Aug 2018 - PKS Automation/Registration Module/Workflow/Form 3 EIS - Cessation As Employer/Template/Form 3 A - Cessation As Employer (Query)' successfully]]></system-out>
         <system-err><![CDATA[]]></system-err>
      </testcase>
      <testcase name="Test Cases/Final Aug 2018 - PKS Automation/Registration Module/Workflow/Form 3 EIS - Cessation As Employer/PKRBO to UO (Reject)" classname="Test Cases/Final Aug 2018 - PKS Automation/Registration Module/Workflow/Form 3 EIS - Cessation As Employer/PKRBO to UO (Reject)" status="PASSED">
         <system-out><![CDATA[2018-12-17 15:01:33 - [TEST_CASE][PASSED] - Test Cases/Final Aug 2018 - PKS Automation/Registration Module/Workflow/Form 3 EIS - Cessation As Employer/PKRBO to UO (Reject): Test Cases/Final Aug 2018 - PKS Automation/Registration Module/Workflow/Form 3 EIS - Cessation As Employer/PKRBO to UO (Reject)

2018-12-17 15:01:34 - [TEST_STEP][PASSED] - callTestCase: Call Test Case 'Test Cases/Final Aug 2018 - PKS Automation/Registration Module/Workflow/Form 3 EIS - Cessation As Employer/Template/Form 3 A - Cessation As Employer (PKRBO)' successfully

2018-12-17 15:01:34 - [TEST_CASE][PASSED] - Test Cases/Final Aug 2018 - PKS Automation/Registration Module/Workflow/Form 3 EIS - Cessation As Employer/Template/Form 3 A - Cessation As Employer (PKRBO): Test Cases/Final Aug 2018 - PKS Automation/Registration Module/Workflow/Form 3 EIS - Cessation As Employer/Template/Form 3 A - Cessation As Employer (PKRBO)

2018-12-17 15:01:34 - [TEST_STEP][PASSED] - openBrowser: Browser is opened with url: ''

2018-12-17 15:01:34 - [MESSAGE][WARNING] - A browser is already opened. Closing browser and opening a new one

2018-12-17 15:01:37 - [MESSAGE][PASSED] - Browser is opened with url: ''

2018-12-17 15:01:37 - [TEST_STEP][PASSED] - navigateToUrl: Navigate to 'https://assist2-uat.perkeso.gov.my/login' successfully

2018-12-17 15:01:38 - [MESSAGE][PASSED] - Navigate to 'https://assist2-uat.perkeso.gov.my/login' successfully

2018-12-17 15:01:38 - [TEST_STEP][PASSED] - setText: Text 'johorpkrbo1@gmail.com' is set on object 'Object Repository/Final Object Repo/Login Page/Internal User/Email Address'

2018-12-17 15:01:38 - [MESSAGE][PASSED] - Text 'johorpkrbo1@gmail.com' is set on object 'Object Repository/Final Object Repo/Login Page/Internal User/Email Address'

2018-12-17 15:01:38 - [TEST_STEP][PASSED] - click: Object: 'Object Repository/Final Object Repo/Login Page/Internal User/Next Button' is clicked on

2018-12-17 15:01:38 - [MESSAGE][PASSED] - Object: 'Object Repository/Final Object Repo/Login Page/Internal User/Next Button' is clicked on

2018-12-17 15:01:38 - [TEST_STEP][PASSED] - delay: Delayed 1 second(s)

2018-12-17 15:01:39 - [MESSAGE][PASSED] - Delayed 1 second(s)

2018-12-17 15:01:39 - [TEST_STEP][PASSED] - setEncryptedText: Text ****** has been set on object 'Object Repository/Final Object Repo/Login Page/Internal User/Password'

2018-12-17 15:01:40 - [MESSAGE][PASSED] - Text ****** has been set on object 'Object Repository/Final Object Repo/Login Page/Internal User/Password'

2018-12-17 15:01:40 - [TEST_STEP][PASSED] - click: Object: 'Object Repository/Final Object Repo/Login Page/Internal User/Login Button' is clicked on

2018-12-17 15:01:40 - [MESSAGE][PASSED] - Object: 'Object Repository/Final Object Repo/Login Page/Internal User/Login Button' is clicked on

2018-12-17 15:01:40 - [TEST_STEP][PASSED] - delay: Delayed 1 second(s)

2018-12-17 15:01:41 - [MESSAGE][PASSED] - Delayed 1 second(s)

2018-12-17 15:01:41 - [TEST_STEP][PASSED] - Statement - Try: Delayed 2 second(s)

2018-12-17 15:01:41 - [TEST_STEP][PASSED] - Statement - Checker = false: null

2018-12-17 15:01:41 - [TEST_STEP][PASSED] - Statement - Checker = com.kms.katalon.core.webui.keyword.WebUiBuiltInKeywords.verifyElementHasAttribute(com.kms.katalon.core.testobject.ObjectRepository.findTestObject(Final Object Repo/Landing Page/BM Detecting), "href", 20, OPTIONAL): Object 'Object Repository/Final Object Repo/Landing Page/BM Detecting' has attribute 'href'

2018-12-17 15:01:42 - [MESSAGE][PASSED] - Object 'Object Repository/Final Object Repo/Landing Page/BM Detecting' has attribute 'href'

2018-12-17 15:01:42 - [TEST_STEP][PASSED] - Statement - out.println(Checker): null

2018-12-17 15:01:42 - [TEST_STEP][PASSED] - Statement - If (Checker == false): null

2018-12-17 15:01:42 - [TEST_STEP][PASSED] - Statement - Else: null

2018-12-17 15:01:42 - [TEST_STEP][PASSED] - delay: Delayed 2 second(s)

2018-12-17 15:01:44 - [MESSAGE][PASSED] - Delayed 2 second(s)

2018-12-17 15:01:44 - [TEST_STEP][PASSED] - navigateToUrl: Navigate to 'https://assist2-uat.perkeso.gov.my/web/registration/eis-update/form-3-eis-cessation-as-employer' successfully

2018-12-17 15:01:45 - [MESSAGE][PASSED] - Navigate to 'https://assist2-uat.perkeso.gov.my/web/registration/eis-update/form-3-eis-cessation-as-employer' successfully

2018-12-17 15:01:45 - [TEST_STEP][PASSED] - delay: Delayed 1 second(s)

2018-12-17 15:01:46 - [MESSAGE][PASSED] - Delayed 1 second(s)

2018-12-17 15:01:46 - [TEST_STEP][PASSED] - setText: Text 'E1102069769W' is set on object 'Object Repository/Final Object Repo/Page_Form 3 EIS - Cessation as Employer/Employer Code'

2018-12-17 15:01:46 - [MESSAGE][PASSED] - Text 'E1102069769W' is set on object 'Object Repository/Final Object Repo/Page_Form 3 EIS - Cessation as Employer/Employer Code'

2018-12-17 15:01:46 - [TEST_STEP][PASSED] - click: Object: 'Object Repository/Final Object Repo/Page_Form 3 EIS - Cessation as Employer/Search' is clicked on

2018-12-17 15:01:46 - [MESSAGE][PASSED] - Object: 'Object Repository/Final Object Repo/Page_Form 3 EIS - Cessation as Employer/Search' is clicked on

2018-12-17 15:01:46 - [TEST_STEP][PASSED] - click: Object: 'Object Repository/Final Object Repo/Page_Form 3 EIS - Cessation as Employer/Edit' is clicked on

2018-12-17 15:01:49 - [MESSAGE][PASSED] - Object: 'Object Repository/Final Object Repo/Page_Form 3 EIS - Cessation as Employer/Edit' is clicked on

2018-12-17 15:01:49 - [TEST_STEP][PASSED] - delay: Delayed 1 second(s)

2018-12-17 15:01:50 - [MESSAGE][PASSED] - Delayed 1 second(s)

2018-12-17 15:01:50 - [TEST_STEP][PASSED] - Statement - abc = com.kms.katalon.core.webui.keyword.WebUiBuiltInKeywords.getAttribute(com.kms.katalon.core.testobject.ObjectRepository.findTestObject(Final Object Repo/Page_Form 3 EIS - Cessation as Employer/Employer Status), "value"): Attribute 'value' of object 'Object Repository/Final Object Repo/Page_Form 3 EIS - Cessation as Employer/Employer Status' is: 'Active'

2018-12-17 15:01:50 - [MESSAGE][PASSED] - Attribute 'value' of object 'Object Repository/Final Object Repo/Page_Form 3 EIS - Cessation as Employer/Employer Status' is: 'Active'

2018-12-17 15:01:50 - [TEST_STEP][PASSED] - Statement - out.println(abc): null

2018-12-17 15:01:50 - [TEST_STEP][PASSED] - Statement - If (abc == "Active"): Object: 'Object Repository/Final Object Repo/Page_Form 3 EIS - Cessation as Employer/Dormant EIS' is clicked on

2018-12-17 15:01:50 - [TEST_STEP][PASSED] - click: Object: 'Object Repository/Final Object Repo/Page_Form 3 EIS - Cessation as Employer/Change Employer Status to' is clicked on

2018-12-17 15:01:50 - [MESSAGE][PASSED] - Object: 'Object Repository/Final Object Repo/Page_Form 3 EIS - Cessation as Employer/Change Employer Status to' is clicked on

2018-12-17 15:01:50 - [TEST_STEP][PASSED] - click: Object: 'Object Repository/Final Object Repo/Page_Form 3 EIS - Cessation as Employer/Dormant EIS' is clicked on

2018-12-17 15:01:51 - [MESSAGE][PASSED] - Object: 'Object Repository/Final Object Repo/Page_Form 3 EIS - Cessation as Employer/Dormant EIS' is clicked on

2018-12-17 15:01:51 - [TEST_STEP][PASSED] - click: Object: 'Object Repository/Final Object Repo/Page_Form 3 EIS - Cessation as Employer/Calender' is clicked on

2018-12-17 15:01:51 - [MESSAGE][PASSED] - Object: 'Object Repository/Final Object Repo/Page_Form 3 EIS - Cessation as Employer/Calender' is clicked on

2018-12-17 15:01:51 - [TEST_STEP][PASSED] - delay: Delayed 1 second(s)

2018-12-17 15:01:52 - [MESSAGE][PASSED] - Delayed 1 second(s)

2018-12-17 15:01:52 - [TEST_STEP][PASSED] - click: Object: 'Object Repository/Final Object Repo/Page_Form 3 EIS - Cessation as Employer/Calender - Date' is clicked on

2018-12-17 15:01:52 - [MESSAGE][PASSED] - Object: 'Object Repository/Final Object Repo/Page_Form 3 EIS - Cessation as Employer/Calender - Date' is clicked on

2018-12-17 15:01:52 - [TEST_STEP][PASSED] - click: Object: 'Object Repository/Final Object Repo/Page_Form 3 EIS - Cessation as Employer/Save  Continue in Form 3 EIS Page' is clicked on

2018-12-17 15:01:52 - [MESSAGE][PASSED] - Object: 'Object Repository/Final Object Repo/Page_Form 3 EIS - Cessation as Employer/Save  Continue in Form 3 EIS Page' is clicked on

2018-12-17 15:01:52 - [TEST_STEP][PASSED] - delay: Delayed 1 second(s)

2018-12-17 15:01:53 - [MESSAGE][PASSED] - Delayed 1 second(s)

2018-12-17 15:01:53 - [TEST_STEP][PASSED] - click: Object: 'Object Repository/Final Object Repo/Page_Form 3 EIS - Cessation as Employer/Employment Resign Date' is clicked on

2018-12-17 15:01:54 - [MESSAGE][PASSED] - Object: 'Object Repository/Final Object Repo/Page_Form 3 EIS - Cessation as Employer/Employment Resign Date' is clicked on

2018-12-17 15:01:54 - [TEST_STEP][PASSED] - selectOptionByValue: All options with value '2030' are selected in object 'Object Repository/Final Object Repo/Page_Form 3 EIS - Cessation as Employer/Employment Resign Date - Year' 

2018-12-17 15:01:54 - [MESSAGE][PASSED] - All options with value '2030' are selected in object 'Object Repository/Final Object Repo/Page_Form 3 EIS - Cessation as Employer/Employment Resign Date - Year' 

2018-12-17 15:01:54 - [TEST_STEP][PASSED] - delay: Delayed 2 second(s)

2018-12-17 15:01:56 - [MESSAGE][PASSED] - Delayed 2 second(s)

2018-12-17 15:01:56 - [TEST_STEP][PASSED] - click: Object: 'Object Repository/Final Object Repo/Page_Form 3 EIS - Cessation as Employer/Employment Resign Date - Year - Date' is clicked on

2018-12-17 15:01:57 - [MESSAGE][PASSED] - Object: 'Object Repository/Final Object Repo/Page_Form 3 EIS - Cessation as Employer/Employment Resign Date - Year - Date' is clicked on

2018-12-17 15:01:57 - [TEST_STEP][PASSED] - delay: Delayed 2 second(s)

2018-12-17 15:01:59 - [MESSAGE][PASSED] - Delayed 2 second(s)

2018-12-17 15:01:59 - [TEST_STEP][PASSED] - click: Object: 'Object Repository/Final Object Repo/Page_Form 3 EIS - Cessation as Employer/Save  Continue in Employment Resign Page' is clicked on

2018-12-17 15:01:59 - [MESSAGE][PASSED] - Object: 'Object Repository/Final Object Repo/Page_Form 3 EIS - Cessation as Employer/Save  Continue in Employment Resign Page' is clicked on

2018-12-17 15:01:59 - [TEST_STEP][PASSED] - delay: Delayed 2 second(s)

2018-12-17 15:02:01 - [MESSAGE][PASSED] - Delayed 2 second(s)

2018-12-17 15:02:01 - [TEST_STEP][PASSED] - click: Object: 'Object Repository/Final Object Repo/Page_Form 3 EIS - Cessation as Employer/Set Latest - Yes' is clicked on

2018-12-17 15:02:01 - [MESSAGE][PASSED] - Object: 'Object Repository/Final Object Repo/Page_Form 3 EIS - Cessation as Employer/Set Latest - Yes' is clicked on

2018-12-17 15:02:01 - [TEST_STEP][PASSED] - delay: Delayed 2 second(s)

2018-12-17 15:02:03 - [MESSAGE][PASSED] - Delayed 2 second(s)

2018-12-17 15:02:03 - [TEST_STEP][PASSED] - click: Object: 'Object Repository/Final Object Repo/Page_Form 3 EIS - Cessation as Employer/Add Document' is clicked on

2018-12-17 15:02:05 - [MESSAGE][PASSED] - Object: 'Object Repository/Final Object Repo/Page_Form 3 EIS - Cessation as Employer/Add Document' is clicked on

2018-12-17 15:02:05 - [TEST_STEP][PASSED] - delay: Delayed 3 second(s)

2018-12-17 15:02:08 - [MESSAGE][PASSED] - Delayed 3 second(s)

2018-12-17 15:02:08 - [TEST_STEP][PASSED] - click: Object: 'Object Repository/Final Object Repo/Page_Form 3 EIS - Cessation as Employer/Document Type' is clicked on

2018-12-17 15:02:08 - [MESSAGE][PASSED] - Object: 'Object Repository/Final Object Repo/Page_Form 3 EIS - Cessation as Employer/Document Type' is clicked on

2018-12-17 15:02:08 - [TEST_STEP][PASSED] - click: Object: 'Object Repository/Final Object Repo/Page_Form 3 EIS - Cessation as Employer/Document Type - Form 3' is clicked on

2018-12-17 15:02:08 - [MESSAGE][PASSED] - Object: 'Object Repository/Final Object Repo/Page_Form 3 EIS - Cessation as Employer/Document Type - Form 3' is clicked on

2018-12-17 15:02:08 - [TEST_STEP][PASSED] - delay: Delayed 2 second(s)

2018-12-17 15:02:10 - [MESSAGE][PASSED] - Delayed 2 second(s)

2018-12-17 15:02:10 - [TEST_STEP][PASSED] - sendKeys: Keys 'C:\Users\Public\Pictures\Sample Pictures\Koala.jpg' sent to object: 'Object Repository/Final Object Repo/Page_Form 3 EIS - Cessation as Employer/ploading File'

2018-12-17 15:02:10 - [MESSAGE][PASSED] - Keys 'C:\Users\Public\Pictures\Sample Pictures\Koala.jpg' sent to object: 'Object Repository/Final Object Repo/Page_Form 3 EIS - Cessation as Employer/ploading File'

2018-12-17 15:02:10 - [TEST_STEP][PASSED] - delay: Delayed 1 second(s)

2018-12-17 15:02:11 - [MESSAGE][PASSED] - Delayed 1 second(s)

2018-12-17 15:02:11 - [TEST_STEP][PASSED] - click: Object: 'Object Repository/Final Object Repo/Page_Form 3 EIS - Cessation as Employer/Add Document in Uploading Page' is clicked on

2018-12-17 15:02:12 - [MESSAGE][PASSED] - Object: 'Object Repository/Final Object Repo/Page_Form 3 EIS - Cessation as Employer/Add Document in Uploading Page' is clicked on

2018-12-17 15:02:12 - [TEST_STEP][PASSED] - delay: Delayed 2 second(s)

2018-12-17 15:02:14 - [MESSAGE][PASSED] - Delayed 2 second(s)

2018-12-17 15:02:14 - [TEST_STEP][PASSED] - Statement - CaseReferenceNo = com.kms.katalon.core.webui.keyword.WebUiBuiltInKeywords.getText(com.kms.katalon.core.testobject.ObjectRepository.findTestObject(Final Object Repo/Page_Update Employer Information/Reference Number in Update Employee Information Page)): Text of object 'Object Repository/Final Object Repo/Page_Update Employer Information/Reference Number in Update Employee Information Page' is: 'ERN122018C200002470'

2018-12-17 15:02:16 - [MESSAGE][PASSED] - Text of object 'Object Repository/Final Object Repo/Page_Update Employer Information/Reference Number in Update Employee Information Page' is: 'ERN122018C200002470'

2018-12-17 15:02:16 - [TEST_STEP][PASSED] - callTestCase: Call Test Case 'Test Cases/Final Aug 2018 - PKS Automation/Common/Reference Number Setter' successfully

2018-12-17 15:02:16 - [TEST_CASE][PASSED] - Test Cases/Final Aug 2018 - PKS Automation/Common/Reference Number Setter: Test Cases/Final Aug 2018 - PKS Automation/Common/Reference Number Setter

2018-12-17 15:02:16 - [TEST_STEP][PASSED] - Statement - RefNoOldFile = new java.io.File(C://Users//Admin//Desktop//PKS//Automation Reference Point//KatalonReference.txt): null

2018-12-17 15:02:16 - [TEST_STEP][PASSED] - Statement - RefNoOldFile.delete(): null

2018-12-17 15:02:16 - [TEST_STEP][PASSED] - delay: Delayed 5 second(s)

2018-12-17 15:02:21 - [MESSAGE][PASSED] - Delayed 5 second(s)

2018-12-17 15:02:21 - [TEST_STEP][PASSED] - Statement - RefNo = new java.io.File(C://Users//Admin//Desktop//PKS//Automation Reference Point//KatalonReference.txt): null

2018-12-17 15:02:21 - [TEST_STEP][PASSED] - Statement - f2 = new java.io.FileWriter(RefNo, false): null

2018-12-17 15:02:21 - [TEST_STEP][PASSED] - Statement - f2.write(CaseReferenceNo): null

2018-12-17 15:02:21 - [TEST_STEP][PASSED] - Statement - f2.close(): null

2018-12-17 15:02:21 - [TEST_STEP][PASSED] - Statement - out.println("


" + CaseReferenceNo + "


"): null

2018-12-17 15:02:21 - [MESSAGE][PASSED] - Call Test Case 'Test Cases/Final Aug 2018 - PKS Automation/Common/Reference Number Setter' successfully

2018-12-17 15:02:21 - [TEST_STEP][PASSED] - delay: Delayed 2 second(s)

2018-12-17 15:02:23 - [MESSAGE][PASSED] - Delayed 2 second(s)

2018-12-17 15:02:23 - [TEST_STEP][PASSED] - click: Object: 'Object Repository/Final Object Repo/Page_Form 3 EIS - Cessation as Employer/Save  Continue in Uploading Page' is clicked on

2018-12-17 15:02:23 - [MESSAGE][PASSED] - Object: 'Object Repository/Final Object Repo/Page_Form 3 EIS - Cessation as Employer/Save  Continue in Uploading Page' is clicked on

2018-12-17 15:02:23 - [TEST_STEP][PASSED] - delay: Delayed 2 second(s)

2018-12-17 15:02:25 - [MESSAGE][PASSED] - Delayed 2 second(s)

2018-12-17 15:02:25 - [TEST_STEP][PASSED] - click: Object: 'Object Repository/Final Object Repo/Page_Form 3 EIS - Cessation as Employer/Submit' is clicked on

2018-12-17 15:02:28 - [MESSAGE][PASSED] - Object: 'Object Repository/Final Object Repo/Page_Form 3 EIS - Cessation as Employer/Submit' is clicked on

2018-12-17 15:02:28 - [TEST_STEP][PASSED] - delay: Delayed 2 second(s)

2018-12-17 15:02:30 - [MESSAGE][PASSED] - Delayed 2 second(s)

2018-12-17 15:02:30 - [TEST_STEP][PASSED] - click: Object: 'Object Repository/Final Object Repo/Page_Form 3 EIS - Cessation as Employer/Confirm' is clicked on

2018-12-17 15:02:30 - [MESSAGE][PASSED] - Object: 'Object Repository/Final Object Repo/Page_Form 3 EIS - Cessation as Employer/Confirm' is clicked on

2018-12-17 15:02:30 - [TEST_STEP][PASSED] - delay: Delayed 2 second(s)

2018-12-17 15:02:32 - [MESSAGE][PASSED] - Delayed 2 second(s)

2018-12-17 15:02:32 - [TEST_STEP][PASSED] - click: Object: 'Object Repository/Final Object Repo/Page_Form 3 EIS - Cessation as Employer/Message Your Request will be routed to UO' is clicked on

2018-12-17 15:02:36 - [MESSAGE][PASSED] - Object: 'Object Repository/Final Object Repo/Page_Form 3 EIS - Cessation as Employer/Message Your Request will be routed to UO' is clicked on

2018-12-17 15:02:36 - [TEST_STEP][PASSED] - click: Object: 'Object Repository/Final Object Repo/Page_Form 3 EIS - Cessation as Employer/Letter of acknowledgement' is clicked on

2018-12-17 15:02:36 - [MESSAGE][PASSED] - Object: 'Object Repository/Final Object Repo/Page_Form 3 EIS - Cessation as Employer/Letter of acknowledgement' is clicked on

2018-12-17 15:02:36 - [MESSAGE][PASSED] - Call Test Case 'Test Cases/Final Aug 2018 - PKS Automation/Registration Module/Workflow/Form 3 EIS - Cessation As Employer/Template/Form 3 A - Cessation As Employer (PKRBO)' successfully

2018-12-17 15:02:36 - [TEST_STEP][PASSED] - callTestCase: Call Test Case 'Test Cases/Final Aug 2018 - PKS Automation/Registration Module/Workflow/Form 3 EIS - Cessation As Employer/Template/Form 3 A - Cessation As Employer (Reject)' successfully

2018-12-17 15:02:36 - [TEST_CASE][PASSED] - Test Cases/Final Aug 2018 - PKS Automation/Registration Module/Workflow/Form 3 EIS - Cessation As Employer/Template/Form 3 A - Cessation As Employer (Reject): Test Cases/Final Aug 2018 - PKS Automation/Registration Module/Workflow/Form 3 EIS - Cessation As Employer/Template/Form 3 A - Cessation As Employer (Reject)

2018-12-17 15:02:36 - [TEST_STEP][NOT_RUN] - callTestCase: NOT_RUN: callTestCase

2018-12-17 15:02:36 - [MESSAGE][NOT_RUN] - NOT_RUN: callTestCase

2018-12-17 15:02:36 - [TEST_STEP][PASSED] - delay: Delayed 1 second(s)

2018-12-17 15:02:37 - [MESSAGE][PASSED] - Delayed 1 second(s)

2018-12-17 15:02:37 - [TEST_STEP][PASSED] - navigateToUrl: Navigate to 'https://assist2-uat.perkeso.gov.my/c/portal/logout' successfully

2018-12-17 15:02:38 - [MESSAGE][PASSED] - Navigate to 'https://assist2-uat.perkeso.gov.my/c/portal/logout' successfully

2018-12-17 15:02:38 - [TEST_STEP][PASSED] - delay: Delayed 1 second(s)

2018-12-17 15:02:39 - [MESSAGE][PASSED] - Delayed 1 second(s)

2018-12-17 15:02:39 - [TEST_STEP][PASSED] - callTestCase: Call Test Case 'Test Cases/Final Aug 2018 - PKS Automation/Common/Reference Number Getter' successfully

2018-12-17 15:02:39 - [TEST_CASE][PASSED] - Test Cases/Final Aug 2018 - PKS Automation/Common/Reference Number Getter: Test Cases/Final Aug 2018 - PKS Automation/Common/Reference Number Getter

2018-12-17 15:02:39 - [TEST_STEP][PASSED] - Statement - Try: null

2018-12-17 15:02:39 - [TEST_STEP][PASSED] - Statement - RefNo = new java.io.File(C://Users//Admin//Desktop//PKS//Automation Reference Point//KatalonReference.txt): null

2018-12-17 15:02:39 - [TEST_STEP][PASSED] - Statement - bufferread = new java.io.BufferedReader(new java.io.FileReader(RefNo)): null

2018-12-17 15:02:39 - [TEST_STEP][PASSED] - Statement - readedVal = bufferread.readLine(): null

2018-12-17 15:02:39 - [TEST_STEP][PASSED] - Statement - out.println(CaseReferenceNo): null

2018-12-17 15:02:39 - [TEST_STEP][PASSED] - Statement - out.println(readedVal): null

2018-12-17 15:02:39 - [TEST_STEP][PASSED] - Statement - CaseReferenceNo = "": null

2018-12-17 15:02:39 - [TEST_STEP][PASSED] - Statement - CaseReferenceNo = readedVal: null

2018-12-17 15:02:39 - [MESSAGE][PASSED] - Call Test Case 'Test Cases/Final Aug 2018 - PKS Automation/Common/Reference Number Getter' successfully

2018-12-17 15:02:39 - [TEST_STEP][PASSED] - callTestCase: Call Test Case 'Test Cases/Final Aug 2018 - PKS Automation/Common/Workflow Owner Finder' successfully

2018-12-17 15:02:39 - [TEST_CASE][PASSED] - Test Cases/Final Aug 2018 - PKS Automation/Common/Workflow Owner Finder: Test Cases/Final Aug 2018 - PKS Automation/Common/Workflow Owner Finder

2018-12-17 15:02:39 - [TEST_STEP][PASSED] - openBrowser: Browser is opened with url: ''

2018-12-17 15:02:39 - [MESSAGE][WARNING] - A browser is already opened. Closing browser and opening a new one

2018-12-17 15:02:42 - [MESSAGE][PASSED] - Browser is opened with url: ''

2018-12-17 15:02:42 - [TEST_STEP][PASSED] - navigateToUrl: Navigate to 'https://assist2-uat.perkeso.gov.my/login' successfully

2018-12-17 15:02:43 - [MESSAGE][PASSED] - Navigate to 'https://assist2-uat.perkeso.gov.my/login' successfully

2018-12-17 15:02:43 - [TEST_STEP][PASSED] - delay: Delayed 5 second(s)

2018-12-17 15:02:48 - [MESSAGE][PASSED] - Delayed 5 second(s)

2018-12-17 15:02:48 - [TEST_STEP][PASSED] - setText: Text 'test@liferay.com' is set on object 'Object Repository/Final Object Repo/Login Page/Internal User/Email Address'

2018-12-17 15:02:48 - [MESSAGE][PASSED] - Text 'test@liferay.com' is set on object 'Object Repository/Final Object Repo/Login Page/Internal User/Email Address'

2018-12-17 15:02:48 - [TEST_STEP][PASSED] - click: Object: 'Object Repository/Final Object Repo/Login Page/Internal User/Next Button' is clicked on

2018-12-17 15:02:49 - [MESSAGE][PASSED] - Object: 'Object Repository/Final Object Repo/Login Page/Internal User/Next Button' is clicked on

2018-12-17 15:02:49 - [TEST_STEP][PASSED] - delay: Delayed 2 second(s)

2018-12-17 15:02:51 - [MESSAGE][PASSED] - Delayed 2 second(s)

2018-12-17 15:02:51 - [TEST_STEP][PASSED] - setText: Text 'test' is set on object 'Object Repository/Final Object Repo/Login Page/Internal User/Password'

2018-12-17 15:02:51 - [MESSAGE][PASSED] - Text 'test' is set on object 'Object Repository/Final Object Repo/Login Page/Internal User/Password'

2018-12-17 15:02:51 - [TEST_STEP][PASSED] - delay: Delayed 2 second(s)

2018-12-17 15:02:53 - [MESSAGE][PASSED] - Delayed 2 second(s)

2018-12-17 15:02:53 - [TEST_STEP][PASSED] - click: Object: 'Object Repository/Final Object Repo/Login Page/Internal User/Login Button' is clicked on

2018-12-17 15:02:53 - [MESSAGE][PASSED] - Object: 'Object Repository/Final Object Repo/Login Page/Internal User/Login Button' is clicked on

2018-12-17 15:02:53 - [TEST_STEP][PASSED] - Statement - tester = com.kms.katalon.core.testobject.ObjectRepository.findTestObject(Final Object Repo/Landing Page/Select to English): Finding Test Object with id 'Object Repository/Final Object Repo/Landing Page/Select to English'

2018-12-17 15:02:53 - [TEST_STEP][PASSED] - Statement - Try: Delayed 2 second(s)

2018-12-17 15:02:53 - [TEST_STEP][PASSED] - Statement - Checker = com.kms.katalon.core.webui.keyword.WebUiBuiltInKeywords.verifyElementNotPresent(tester, 3): Web element with id: 'Object Repository/Final Object Repo/Landing Page/Select to English' located by 'By.xpath: //a[@class = 'taglib-language-list-text' and @lang = 'en-US' and (contains(text(), 'EN') or contains(., 'EN'))]' is not present after '3' second(s)

2018-12-17 15:02:55 - [MESSAGE][PASSED] - Web element with id: 'Object Repository/Final Object Repo/Landing Page/Select to English' located by 'By.xpath: //a[@class = 'taglib-language-list-text' and @lang = 'en-US' and (contains(text(), 'EN') or contains(., 'EN'))]' is not present after '3' second(s)

2018-12-17 15:02:55 - [TEST_STEP][PASSED] - Statement - If (Checker == false): null

2018-12-17 15:02:55 - [TEST_STEP][PASSED] - delay: Delayed 2 second(s)

2018-12-17 15:02:57 - [MESSAGE][PASSED] - Delayed 2 second(s)

2018-12-17 15:02:57 - [TEST_STEP][PASSED] - delay: Delayed 5 second(s)

2018-12-17 15:03:02 - [MESSAGE][PASSED] - Delayed 5 second(s)

2018-12-17 15:03:02 - [TEST_STEP][PASSED] - mouseOver: Object: 'Object Repository/Final Object Repo/Landing Page/WorkFlow Menu' is hovered

2018-12-17 15:03:02 - [MESSAGE][PASSED] - Object: 'Object Repository/Final Object Repo/Landing Page/WorkFlow Menu' is hovered

2018-12-17 15:03:02 - [TEST_STEP][PASSED] - delay: Delayed 2 second(s)

2018-12-17 15:03:04 - [MESSAGE][PASSED] - Delayed 2 second(s)

2018-12-17 15:03:04 - [TEST_STEP][PASSED] - click: Object: 'Object Repository/Final Object Repo/Landing Page/Select to Workflow Listing' is clicked on

2018-12-17 15:03:05 - [MESSAGE][PASSED] - Object: 'Object Repository/Final Object Repo/Landing Page/Select to Workflow Listing' is clicked on

2018-12-17 15:03:05 - [TEST_STEP][PASSED] - delay: Delayed 2 second(s)

2018-12-17 15:03:07 - [MESSAGE][PASSED] - Delayed 2 second(s)

2018-12-17 15:03:07 - [TEST_STEP][PASSED] - click: Object: 'Object Repository/Final Object Repo/WorkFlow Listing Page/Search Information - To Put Ref No' is clicked on

2018-12-17 15:03:08 - [MESSAGE][PASSED] - Object: 'Object Repository/Final Object Repo/WorkFlow Listing Page/Search Information - To Put Ref No' is clicked on

2018-12-17 15:03:08 - [TEST_STEP][PASSED] - delay: Delayed 2 second(s)

2018-12-17 15:03:10 - [MESSAGE][PASSED] - Delayed 2 second(s)

2018-12-17 15:03:10 - [TEST_STEP][PASSED] - callTestCase: Call Test Case 'Test Cases/Final Aug 2018 - PKS Automation/Common/Reference Number Getter' successfully

2018-12-17 15:03:10 - [TEST_CASE][PASSED] - Test Cases/Final Aug 2018 - PKS Automation/Common/Reference Number Getter: Test Cases/Final Aug 2018 - PKS Automation/Common/Reference Number Getter

2018-12-17 15:03:10 - [TEST_STEP][PASSED] - Statement - Try: null

2018-12-17 15:03:10 - [TEST_STEP][PASSED] - Statement - RefNo = new java.io.File(C://Users//Admin//Desktop//PKS//Automation Reference Point//KatalonReference.txt): null

2018-12-17 15:03:10 - [TEST_STEP][PASSED] - Statement - bufferread = new java.io.BufferedReader(new java.io.FileReader(RefNo)): null

2018-12-17 15:03:10 - [TEST_STEP][PASSED] - Statement - readedVal = bufferread.readLine(): null

2018-12-17 15:03:10 - [TEST_STEP][PASSED] - Statement - out.println(CaseReferenceNo): null

2018-12-17 15:03:10 - [TEST_STEP][PASSED] - Statement - out.println(readedVal): null

2018-12-17 15:03:10 - [TEST_STEP][PASSED] - Statement - CaseReferenceNo = "": null

2018-12-17 15:03:10 - [TEST_STEP][PASSED] - Statement - CaseReferenceNo = readedVal: null

2018-12-17 15:03:10 - [MESSAGE][PASSED] - Call Test Case 'Test Cases/Final Aug 2018 - PKS Automation/Common/Reference Number Getter' successfully

2018-12-17 15:03:10 - [TEST_STEP][PASSED] - setText: Text 'ERN122018C200002470' is set on object 'Object Repository/Final Object Repo/WorkFlow Listing Page/Ref No Set Text'

2018-12-17 15:03:10 - [MESSAGE][PASSED] - Text 'ERN122018C200002470' is set on object 'Object Repository/Final Object Repo/WorkFlow Listing Page/Ref No Set Text'

2018-12-17 15:03:10 - [TEST_STEP][PASSED] - delay: Delayed 2 second(s)

2018-12-17 15:03:12 - [MESSAGE][PASSED] - Delayed 2 second(s)

2018-12-17 15:03:12 - [TEST_STEP][PASSED] - click: Object: 'Object Repository/Final Object Repo/WorkFlow Listing Page/Search Ref No Search Button' is clicked on

2018-12-17 15:03:12 - [MESSAGE][PASSED] - Object: 'Object Repository/Final Object Repo/WorkFlow Listing Page/Search Ref No Search Button' is clicked on

2018-12-17 15:03:12 - [TEST_STEP][PASSED] - delay: Delayed 6 second(s)

2018-12-17 15:03:18 - [MESSAGE][PASSED] - Delayed 6 second(s)

2018-12-17 15:03:18 - [TEST_STEP][PASSED] - click: Object: 'Object Repository/Final Object Repo/WorkFlow Listing Page/Click Continue Tooltip' is clicked on

2018-12-17 15:03:19 - [MESSAGE][PASSED] - Object: 'Object Repository/Final Object Repo/WorkFlow Listing Page/Click Continue Tooltip' is clicked on

2018-12-17 15:03:19 - [TEST_STEP][PASSED] - delay: Delayed 5 second(s)

2018-12-17 15:03:24 - [MESSAGE][PASSED] - Delayed 5 second(s)

2018-12-17 15:03:24 - [TEST_STEP][PASSED] - doubleClick: Object: 'Object Repository/Final Object Repo/WorkFlow Listing Page/Workflow Found - Listing 1' is double clicked on

2018-12-17 15:03:25 - [MESSAGE][PASSED] - Object: 'Object Repository/Final Object Repo/WorkFlow Listing Page/Workflow Found - Listing 1' is double clicked on

2018-12-17 15:03:25 - [TEST_STEP][PASSED] - Statement - println(OwnerID): null

2018-12-17 15:03:25 - [TEST_STEP][PASSED] - Statement - OwnerID = com.kms.katalon.core.webui.keyword.WebUiBuiltInKeywords.getText(com.kms.katalon.core.testobject.ObjectRepository.findTestObject(Final Object Repo/WorkFlow Listing Page/Workflow Found - Listing 1), STOP_ON_FAILURE): Text of object 'Object Repository/Final Object Repo/WorkFlow Listing Page/Workflow Found - Listing 1' is: 'JOHORuo3'

2018-12-17 15:03:25 - [MESSAGE][PASSED] - Text of object 'Object Repository/Final Object Repo/WorkFlow Listing Page/Workflow Found - Listing 1' is: 'JOHORuo3'

2018-12-17 15:03:25 - [TEST_STEP][PASSED] - Statement - OwnerID = OwnerID.toLowerCase() + "@gmail.com": null

2018-12-17 15:03:25 - [TEST_STEP][PASSED] - Statement - println(OwnerID): null

2018-12-17 15:03:25 - [TEST_STEP][PASSED] - delay: Delayed 2 second(s)

2018-12-17 15:03:27 - [MESSAGE][PASSED] - Delayed 2 second(s)

2018-12-17 15:03:27 - [MESSAGE][PASSED] - Call Test Case 'Test Cases/Final Aug 2018 - PKS Automation/Common/Workflow Owner Finder' successfully

2018-12-17 15:03:27 - [TEST_STEP][PASSED] - delay: Delayed 1 second(s)

2018-12-17 15:03:28 - [MESSAGE][PASSED] - Delayed 1 second(s)

2018-12-17 15:03:28 - [TEST_STEP][PASSED] - navigateToUrl: Navigate to 'https://assist2-uat.perkeso.gov.my/c/portal/logout' successfully

2018-12-17 15:03:29 - [MESSAGE][PASSED] - Navigate to 'https://assist2-uat.perkeso.gov.my/c/portal/logout' successfully

2018-12-17 15:03:29 - [TEST_STEP][PASSED] - delay: Delayed 1 second(s)

2018-12-17 15:03:30 - [MESSAGE][PASSED] - Delayed 1 second(s)

2018-12-17 15:03:30 - [TEST_STEP][PASSED] - callTestCase: Call Test Case 'Test Cases/Final Aug 2018 - PKS Automation/Registration Module/Workflow/Login and Search Case For Workflow' successfully

2018-12-17 15:03:30 - [TEST_CASE][PASSED] - Test Cases/Final Aug 2018 - PKS Automation/Registration Module/Workflow/Login and Search Case For Workflow: Test Cases/Final Aug 2018 - PKS Automation/Registration Module/Workflow/Login and Search Case For Workflow

2018-12-17 15:03:30 - [TEST_STEP][PASSED] - navigateToUrl: Navigate to 'https://assist2-uat.perkeso.gov.my/login' successfully

2018-12-17 15:03:30 - [MESSAGE][PASSED] - Navigate to 'https://assist2-uat.perkeso.gov.my/login' successfully

2018-12-17 15:03:30 - [TEST_STEP][PASSED] - setText: Text 'johoruo3@gmail.com' is set on object 'Object Repository/Final Object Repo/Login Page/Internal User/Email Address'

2018-12-17 15:03:31 - [MESSAGE][PASSED] - Text 'johoruo3@gmail.com' is set on object 'Object Repository/Final Object Repo/Login Page/Internal User/Email Address'

2018-12-17 15:03:31 - [TEST_STEP][PASSED] - click: Object: 'Object Repository/Final Object Repo/Login Page/Internal User/Next Button' is clicked on

2018-12-17 15:03:31 - [MESSAGE][PASSED] - Object: 'Object Repository/Final Object Repo/Login Page/Internal User/Next Button' is clicked on

2018-12-17 15:03:31 - [TEST_STEP][PASSED] - delay: Delayed 1 second(s)

2018-12-17 15:03:32 - [MESSAGE][PASSED] - Delayed 1 second(s)

2018-12-17 15:03:32 - [TEST_STEP][PASSED] - setEncryptedText: Text ****** has been set on object 'Object Repository/Final Object Repo/Login Page/Internal User/Password'

2018-12-17 15:03:32 - [MESSAGE][PASSED] - Text ****** has been set on object 'Object Repository/Final Object Repo/Login Page/Internal User/Password'

2018-12-17 15:03:32 - [TEST_STEP][PASSED] - click: Object: 'Object Repository/Final Object Repo/Login Page/Internal User/Login Button' is clicked on

2018-12-17 15:03:32 - [MESSAGE][PASSED] - Object: 'Object Repository/Final Object Repo/Login Page/Internal User/Login Button' is clicked on

2018-12-17 15:03:32 - [TEST_STEP][PASSED] - delay: Delayed 2 second(s)

2018-12-17 15:03:34 - [MESSAGE][PASSED] - Delayed 2 second(s)

2018-12-17 15:03:34 - [TEST_STEP][PASSED] - Statement - Try: Delayed 2 second(s)

2018-12-17 15:03:34 - [TEST_STEP][PASSED] - Statement - Checker = false: null

2018-12-17 15:03:34 - [TEST_STEP][PASSED] - Statement - Checker = com.kms.katalon.core.webui.keyword.WebUiBuiltInKeywords.verifyElementHasAttribute(com.kms.katalon.core.testobject.ObjectRepository.findTestObject(Final Object Repo/Landing Page/BM Detecting), "href", 20, OPTIONAL): Object 'Object Repository/Final Object Repo/Landing Page/BM Detecting' has attribute 'href'

2018-12-17 15:03:34 - [MESSAGE][PASSED] - Object 'Object Repository/Final Object Repo/Landing Page/BM Detecting' has attribute 'href'

2018-12-17 15:03:34 - [TEST_STEP][PASSED] - Statement - out.println(Checker): null

2018-12-17 15:03:34 - [TEST_STEP][PASSED] - Statement - If (Checker == false): null

2018-12-17 15:03:34 - [TEST_STEP][PASSED] - Statement - Else: null

2018-12-17 15:03:34 - [TEST_STEP][PASSED] - delay: Delayed 2 second(s)

2018-12-17 15:03:36 - [MESSAGE][PASSED] - Delayed 2 second(s)

2018-12-17 15:03:36 - [TEST_STEP][PASSED] - click: Object: 'Object Repository/Final Object Repo/Page_MyASSIST - ASSIST - Search Pending Case For Add Supporting Document/Search Information' is clicked on

2018-12-17 15:03:36 - [MESSAGE][PASSED] - Object: 'Object Repository/Final Object Repo/Page_MyASSIST - ASSIST - Search Pending Case For Add Supporting Document/Search Information' is clicked on

2018-12-17 15:03:36 - [TEST_STEP][PASSED] - delay: Delayed 3 second(s)

2018-12-17 15:03:39 - [MESSAGE][PASSED] - Delayed 3 second(s)

2018-12-17 15:03:39 - [TEST_STEP][PASSED] - sendKeys: Keys 'ERN122018C200002470' sent to object: 'Object Repository/Final Object Repo/Page_MyASSIST - ASSIST - Search Pending Case For Add Supporting Document/Reference No'

2018-12-17 15:03:40 - [MESSAGE][PASSED] - Keys 'ERN122018C200002470' sent to object: 'Object Repository/Final Object Repo/Page_MyASSIST - ASSIST - Search Pending Case For Add Supporting Document/Reference No'

2018-12-17 15:03:40 - [TEST_STEP][PASSED] - click: Object: 'Object Repository/Final Object Repo/Page_MyASSIST - ASSIST - Search Pending Case For Add Supporting Document/Search Reference No' is clicked on

2018-12-17 15:03:40 - [MESSAGE][PASSED] - Object: 'Object Repository/Final Object Repo/Page_MyASSIST - ASSIST - Search Pending Case For Add Supporting Document/Search Reference No' is clicked on

2018-12-17 15:03:40 - [TEST_STEP][PASSED] - delay: Delayed 2 second(s)

2018-12-17 15:03:42 - [MESSAGE][PASSED] - Delayed 2 second(s)

2018-12-17 15:03:42 - [TEST_STEP][PASSED] - click: Object: 'Object Repository/Final Object Repo/Page_MyASSIST - ASSIST - Search Pending Case For Add Supporting Document/Continue' is clicked on

2018-12-17 15:03:45 - [MESSAGE][PASSED] - Object: 'Object Repository/Final Object Repo/Page_MyASSIST - ASSIST - Search Pending Case For Add Supporting Document/Continue' is clicked on

2018-12-17 15:03:45 - [TEST_STEP][PASSED] - delay: Delayed 20 second(s)

2018-12-17 15:04:05 - [MESSAGE][PASSED] - Delayed 20 second(s)

2018-12-17 15:04:05 - [MESSAGE][PASSED] - Call Test Case 'Test Cases/Final Aug 2018 - PKS Automation/Registration Module/Workflow/Login and Search Case For Workflow' successfully

2018-12-17 15:04:05 - [TEST_STEP][PASSED] - click: Object: 'Object Repository/Final Object Repo/Page_Form 3 EIS - Cessation as Employer/Page_Form 3 EIS - Cessation as Employer (Approve)/Save  Continue in Form 3 Page' is clicked on

2018-12-17 15:04:06 - [MESSAGE][PASSED] - Object: 'Object Repository/Final Object Repo/Page_Form 3 EIS - Cessation as Employer/Page_Form 3 EIS - Cessation as Employer (Approve)/Save  Continue in Form 3 Page' is clicked on

2018-12-17 15:04:06 - [TEST_STEP][PASSED] - delay: Delayed 2 second(s)

2018-12-17 15:04:08 - [MESSAGE][PASSED] - Delayed 2 second(s)

2018-12-17 15:04:08 - [TEST_STEP][PASSED] - click: Object: 'Object Repository/Final Object Repo/Page_Form 3 EIS - Cessation as Employer/Page_Form 3 EIS - Cessation as Employer (Approve)/Save  Continue in Resigned Page' is clicked on

2018-12-17 15:04:08 - [MESSAGE][PASSED] - Object: 'Object Repository/Final Object Repo/Page_Form 3 EIS - Cessation as Employer/Page_Form 3 EIS - Cessation as Employer (Approve)/Save  Continue in Resigned Page' is clicked on

2018-12-17 15:04:08 - [TEST_STEP][PASSED] - delay: Delayed 2 second(s)

2018-12-17 15:04:10 - [MESSAGE][PASSED] - Delayed 2 second(s)

2018-12-17 15:04:10 - [TEST_STEP][PASSED] - click: Object: 'Object Repository/Final Object Repo/Page_Form 3 EIS - Cessation as Employer/Page_Form 3 EIS - Cessation as Employer (Approve)/Save  Continue in Uploading Page' is clicked on

2018-12-17 15:04:11 - [MESSAGE][PASSED] - Object: 'Object Repository/Final Object Repo/Page_Form 3 EIS - Cessation as Employer/Page_Form 3 EIS - Cessation as Employer (Approve)/Save  Continue in Uploading Page' is clicked on

2018-12-17 15:04:11 - [TEST_STEP][PASSED] - delay: Delayed 2 second(s)

2018-12-17 15:04:13 - [MESSAGE][PASSED] - Delayed 2 second(s)

2018-12-17 15:04:13 - [TEST_STEP][PASSED] - click: Object: 'Object Repository/Final Object Repo/Page_Form 3 EIS - Cessation as Employer/Page_Form 3 EIS - Cessation as Employer (Reject)/Reject' is clicked on

2018-12-17 15:04:16 - [MESSAGE][PASSED] - Object: 'Object Repository/Final Object Repo/Page_Form 3 EIS - Cessation as Employer/Page_Form 3 EIS - Cessation as Employer (Reject)/Reject' is clicked on

2018-12-17 15:04:16 - [TEST_STEP][PASSED] - delay: Delayed 2 second(s)

2018-12-17 15:04:18 - [MESSAGE][PASSED] - Delayed 2 second(s)

2018-12-17 15:04:18 - [TEST_STEP][PASSED] - click: Object: 'Object Repository/Final Object Repo/Page_Form 3 EIS - Cessation as Employer/Page_Form 3 EIS - Cessation as Employer (Reject)/Confirm' is clicked on

2018-12-17 15:04:18 - [MESSAGE][PASSED] - Object: 'Object Repository/Final Object Repo/Page_Form 3 EIS - Cessation as Employer/Page_Form 3 EIS - Cessation as Employer (Reject)/Confirm' is clicked on

2018-12-17 15:04:18 - [TEST_STEP][PASSED] - delay: Delayed 2 second(s)

2018-12-17 15:04:20 - [MESSAGE][PASSED] - Delayed 2 second(s)

2018-12-17 15:04:20 - [TEST_STEP][PASSED] - click: Object: 'Object Repository/Final Object Repo/Page_Form 3 EIS - Cessation as Employer/Page_Form 3 EIS - Cessation as Employer (Reject)/Message This Case has been Rejected' is clicked on

2018-12-17 15:04:24 - [MESSAGE][PASSED] - Object: 'Object Repository/Final Object Repo/Page_Form 3 EIS - Cessation as Employer/Page_Form 3 EIS - Cessation as Employer (Reject)/Message This Case has been Rejected' is clicked on

2018-12-17 15:04:24 - [TEST_STEP][PASSED] - click: Object: 'Object Repository/Final Object Repo/Page_Form 3 EIS - Cessation as Employer/Page_Form 3 EIS - Cessation as Employer (Reject)/Letter of update rejection' is clicked on

2018-12-17 15:04:25 - [MESSAGE][PASSED] - Object: 'Object Repository/Final Object Repo/Page_Form 3 EIS - Cessation as Employer/Page_Form 3 EIS - Cessation as Employer (Reject)/Letter of update rejection' is clicked on

2018-12-17 15:04:25 - [MESSAGE][PASSED] - Call Test Case 'Test Cases/Final Aug 2018 - PKS Automation/Registration Module/Workflow/Form 3 EIS - Cessation As Employer/Template/Form 3 A - Cessation As Employer (Reject)' successfully]]></system-out>
         <system-err><![CDATA[]]></system-err>
      </testcase>
      <testcase name="Test Cases/Final Aug 2018 - PKS Automation/Registration Module/Workflow/Form 3 EIS - Cessation As Employer/PKRBO to UO (Under enforcement)" classname="Test Cases/Final Aug 2018 - PKS Automation/Registration Module/Workflow/Form 3 EIS - Cessation As Employer/PKRBO to UO (Under enforcement)" status="PASSED">
         <system-out><![CDATA[2018-12-17 15:04:25 - [TEST_CASE][PASSED] - Test Cases/Final Aug 2018 - PKS Automation/Registration Module/Workflow/Form 3 EIS - Cessation As Employer/PKRBO to UO (Under enforcement): Test Cases/Final Aug 2018 - PKS Automation/Registration Module/Workflow/Form 3 EIS - Cessation As Employer/PKRBO to UO (Under enforcement)

2018-12-17 15:04:25 - [TEST_STEP][PASSED] - callTestCase: Call Test Case 'Test Cases/Final Aug 2018 - PKS Automation/Registration Module/Workflow/Form 3 EIS - Cessation As Employer/Template/Form 3 A - Cessation As Employer (PKRBO)' successfully

2018-12-17 15:04:25 - [TEST_CASE][PASSED] - Test Cases/Final Aug 2018 - PKS Automation/Registration Module/Workflow/Form 3 EIS - Cessation As Employer/Template/Form 3 A - Cessation As Employer (PKRBO): Test Cases/Final Aug 2018 - PKS Automation/Registration Module/Workflow/Form 3 EIS - Cessation As Employer/Template/Form 3 A - Cessation As Employer (PKRBO)

2018-12-17 15:04:25 - [TEST_STEP][PASSED] - openBrowser: Browser is opened with url: ''

2018-12-17 15:04:25 - [MESSAGE][WARNING] - A browser is already opened. Closing browser and opening a new one

2018-12-17 15:04:28 - [MESSAGE][PASSED] - Browser is opened with url: ''

2018-12-17 15:04:28 - [TEST_STEP][PASSED] - navigateToUrl: Navigate to 'https://assist2-uat.perkeso.gov.my/login' successfully

2018-12-17 15:04:29 - [MESSAGE][PASSED] - Navigate to 'https://assist2-uat.perkeso.gov.my/login' successfully

2018-12-17 15:04:29 - [TEST_STEP][PASSED] - setText: Text 'johorpkrbo1@gmail.com' is set on object 'Object Repository/Final Object Repo/Login Page/Internal User/Email Address'

2018-12-17 15:04:29 - [MESSAGE][PASSED] - Text 'johorpkrbo1@gmail.com' is set on object 'Object Repository/Final Object Repo/Login Page/Internal User/Email Address'

2018-12-17 15:04:29 - [TEST_STEP][PASSED] - click: Object: 'Object Repository/Final Object Repo/Login Page/Internal User/Next Button' is clicked on

2018-12-17 15:04:30 - [MESSAGE][PASSED] - Object: 'Object Repository/Final Object Repo/Login Page/Internal User/Next Button' is clicked on

2018-12-17 15:04:30 - [TEST_STEP][PASSED] - delay: Delayed 1 second(s)

2018-12-17 15:04:31 - [MESSAGE][PASSED] - Delayed 1 second(s)

2018-12-17 15:04:31 - [TEST_STEP][PASSED] - setEncryptedText: Text ****** has been set on object 'Object Repository/Final Object Repo/Login Page/Internal User/Password'

2018-12-17 15:04:31 - [MESSAGE][PASSED] - Text ****** has been set on object 'Object Repository/Final Object Repo/Login Page/Internal User/Password'

2018-12-17 15:04:31 - [TEST_STEP][PASSED] - click: Object: 'Object Repository/Final Object Repo/Login Page/Internal User/Login Button' is clicked on

2018-12-17 15:04:31 - [MESSAGE][PASSED] - Object: 'Object Repository/Final Object Repo/Login Page/Internal User/Login Button' is clicked on

2018-12-17 15:04:31 - [TEST_STEP][PASSED] - delay: Delayed 1 second(s)

2018-12-17 15:04:32 - [MESSAGE][PASSED] - Delayed 1 second(s)

2018-12-17 15:04:32 - [TEST_STEP][PASSED] - Statement - Try: Delayed 2 second(s)

2018-12-17 15:04:32 - [TEST_STEP][PASSED] - Statement - Checker = false: null

2018-12-17 15:04:32 - [TEST_STEP][PASSED] - Statement - Checker = com.kms.katalon.core.webui.keyword.WebUiBuiltInKeywords.verifyElementHasAttribute(com.kms.katalon.core.testobject.ObjectRepository.findTestObject(Final Object Repo/Landing Page/BM Detecting), "href", 20, OPTIONAL): Object 'Object Repository/Final Object Repo/Landing Page/BM Detecting' has attribute 'href'

2018-12-17 15:04:33 - [MESSAGE][PASSED] - Object 'Object Repository/Final Object Repo/Landing Page/BM Detecting' has attribute 'href'

2018-12-17 15:04:33 - [TEST_STEP][PASSED] - Statement - out.println(Checker): null

2018-12-17 15:04:33 - [TEST_STEP][PASSED] - Statement - If (Checker == false): null

2018-12-17 15:04:33 - [TEST_STEP][PASSED] - Statement - Else: null

2018-12-17 15:04:33 - [TEST_STEP][PASSED] - delay: Delayed 2 second(s)

2018-12-17 15:04:35 - [MESSAGE][PASSED] - Delayed 2 second(s)

2018-12-17 15:04:35 - [TEST_STEP][PASSED] - navigateToUrl: Navigate to 'https://assist2-uat.perkeso.gov.my/web/registration/eis-update/form-3-eis-cessation-as-employer' successfully

2018-12-17 15:04:36 - [MESSAGE][PASSED] - Navigate to 'https://assist2-uat.perkeso.gov.my/web/registration/eis-update/form-3-eis-cessation-as-employer' successfully

2018-12-17 15:04:36 - [TEST_STEP][PASSED] - delay: Delayed 1 second(s)

2018-12-17 15:04:37 - [MESSAGE][PASSED] - Delayed 1 second(s)

2018-12-17 15:04:37 - [TEST_STEP][PASSED] - setText: Text 'E1102069769W' is set on object 'Object Repository/Final Object Repo/Page_Form 3 EIS - Cessation as Employer/Employer Code'

2018-12-17 15:04:37 - [MESSAGE][PASSED] - Text 'E1102069769W' is set on object 'Object Repository/Final Object Repo/Page_Form 3 EIS - Cessation as Employer/Employer Code'

2018-12-17 15:04:37 - [TEST_STEP][PASSED] - click: Object: 'Object Repository/Final Object Repo/Page_Form 3 EIS - Cessation as Employer/Search' is clicked on

2018-12-17 15:04:38 - [MESSAGE][PASSED] - Object: 'Object Repository/Final Object Repo/Page_Form 3 EIS - Cessation as Employer/Search' is clicked on

2018-12-17 15:04:38 - [TEST_STEP][PASSED] - click: Object: 'Object Repository/Final Object Repo/Page_Form 3 EIS - Cessation as Employer/Edit' is clicked on

2018-12-17 15:04:40 - [MESSAGE][PASSED] - Object: 'Object Repository/Final Object Repo/Page_Form 3 EIS - Cessation as Employer/Edit' is clicked on

2018-12-17 15:04:40 - [TEST_STEP][PASSED] - delay: Delayed 1 second(s)

2018-12-17 15:04:41 - [MESSAGE][PASSED] - Delayed 1 second(s)

2018-12-17 15:04:41 - [TEST_STEP][PASSED] - Statement - abc = com.kms.katalon.core.webui.keyword.WebUiBuiltInKeywords.getAttribute(com.kms.katalon.core.testobject.ObjectRepository.findTestObject(Final Object Repo/Page_Form 3 EIS - Cessation as Employer/Employer Status), "value"): Attribute 'value' of object 'Object Repository/Final Object Repo/Page_Form 3 EIS - Cessation as Employer/Employer Status' is: 'Active'

2018-12-17 15:04:41 - [MESSAGE][PASSED] - Attribute 'value' of object 'Object Repository/Final Object Repo/Page_Form 3 EIS - Cessation as Employer/Employer Status' is: 'Active'

2018-12-17 15:04:41 - [TEST_STEP][PASSED] - Statement - out.println(abc): null

2018-12-17 15:04:41 - [TEST_STEP][PASSED] - Statement - If (abc == "Active"): Object: 'Object Repository/Final Object Repo/Page_Form 3 EIS - Cessation as Employer/Dormant EIS' is clicked on

2018-12-17 15:04:41 - [TEST_STEP][PASSED] - click: Object: 'Object Repository/Final Object Repo/Page_Form 3 EIS - Cessation as Employer/Change Employer Status to' is clicked on

2018-12-17 15:04:41 - [MESSAGE][PASSED] - Object: 'Object Repository/Final Object Repo/Page_Form 3 EIS - Cessation as Employer/Change Employer Status to' is clicked on

2018-12-17 15:04:41 - [TEST_STEP][PASSED] - click: Object: 'Object Repository/Final Object Repo/Page_Form 3 EIS - Cessation as Employer/Dormant EIS' is clicked on

2018-12-17 15:04:42 - [MESSAGE][PASSED] - Object: 'Object Repository/Final Object Repo/Page_Form 3 EIS - Cessation as Employer/Dormant EIS' is clicked on

2018-12-17 15:04:42 - [TEST_STEP][PASSED] - click: Object: 'Object Repository/Final Object Repo/Page_Form 3 EIS - Cessation as Employer/Calender' is clicked on

2018-12-17 15:04:42 - [MESSAGE][PASSED] - Object: 'Object Repository/Final Object Repo/Page_Form 3 EIS - Cessation as Employer/Calender' is clicked on

2018-12-17 15:04:42 - [TEST_STEP][PASSED] - delay: Delayed 1 second(s)

2018-12-17 15:04:43 - [MESSAGE][PASSED] - Delayed 1 second(s)

2018-12-17 15:04:43 - [TEST_STEP][PASSED] - click: Object: 'Object Repository/Final Object Repo/Page_Form 3 EIS - Cessation as Employer/Calender - Date' is clicked on

2018-12-17 15:04:43 - [MESSAGE][PASSED] - Object: 'Object Repository/Final Object Repo/Page_Form 3 EIS - Cessation as Employer/Calender - Date' is clicked on

2018-12-17 15:04:43 - [TEST_STEP][PASSED] - click: Object: 'Object Repository/Final Object Repo/Page_Form 3 EIS - Cessation as Employer/Save  Continue in Form 3 EIS Page' is clicked on

2018-12-17 15:04:43 - [MESSAGE][PASSED] - Object: 'Object Repository/Final Object Repo/Page_Form 3 EIS - Cessation as Employer/Save  Continue in Form 3 EIS Page' is clicked on

2018-12-17 15:04:43 - [TEST_STEP][PASSED] - delay: Delayed 1 second(s)

2018-12-17 15:04:44 - [MESSAGE][PASSED] - Delayed 1 second(s)

2018-12-17 15:04:44 - [TEST_STEP][PASSED] - click: Object: 'Object Repository/Final Object Repo/Page_Form 3 EIS - Cessation as Employer/Employment Resign Date' is clicked on

2018-12-17 15:04:45 - [MESSAGE][PASSED] - Object: 'Object Repository/Final Object Repo/Page_Form 3 EIS - Cessation as Employer/Employment Resign Date' is clicked on

2018-12-17 15:04:45 - [TEST_STEP][PASSED] - selectOptionByValue: All options with value '2030' are selected in object 'Object Repository/Final Object Repo/Page_Form 3 EIS - Cessation as Employer/Employment Resign Date - Year' 

2018-12-17 15:04:45 - [MESSAGE][PASSED] - All options with value '2030' are selected in object 'Object Repository/Final Object Repo/Page_Form 3 EIS - Cessation as Employer/Employment Resign Date - Year' 

2018-12-17 15:04:45 - [TEST_STEP][PASSED] - delay: Delayed 2 second(s)

2018-12-17 15:04:47 - [MESSAGE][PASSED] - Delayed 2 second(s)

2018-12-17 15:04:47 - [TEST_STEP][PASSED] - click: Object: 'Object Repository/Final Object Repo/Page_Form 3 EIS - Cessation as Employer/Employment Resign Date - Year - Date' is clicked on

2018-12-17 15:04:48 - [MESSAGE][PASSED] - Object: 'Object Repository/Final Object Repo/Page_Form 3 EIS - Cessation as Employer/Employment Resign Date - Year - Date' is clicked on

2018-12-17 15:04:48 - [TEST_STEP][PASSED] - delay: Delayed 2 second(s)

2018-12-17 15:04:50 - [MESSAGE][PASSED] - Delayed 2 second(s)

2018-12-17 15:04:50 - [TEST_STEP][PASSED] - click: Object: 'Object Repository/Final Object Repo/Page_Form 3 EIS - Cessation as Employer/Save  Continue in Employment Resign Page' is clicked on

2018-12-17 15:04:50 - [MESSAGE][PASSED] - Object: 'Object Repository/Final Object Repo/Page_Form 3 EIS - Cessation as Employer/Save  Continue in Employment Resign Page' is clicked on

2018-12-17 15:04:50 - [TEST_STEP][PASSED] - delay: Delayed 2 second(s)

2018-12-17 15:04:52 - [MESSAGE][PASSED] - Delayed 2 second(s)

2018-12-17 15:04:52 - [TEST_STEP][PASSED] - click: Object: 'Object Repository/Final Object Repo/Page_Form 3 EIS - Cessation as Employer/Set Latest - Yes' is clicked on

2018-12-17 15:04:52 - [MESSAGE][PASSED] - Object: 'Object Repository/Final Object Repo/Page_Form 3 EIS - Cessation as Employer/Set Latest - Yes' is clicked on

2018-12-17 15:04:52 - [TEST_STEP][PASSED] - delay: Delayed 2 second(s)

2018-12-17 15:04:54 - [MESSAGE][PASSED] - Delayed 2 second(s)

2018-12-17 15:04:54 - [TEST_STEP][PASSED] - click: Object: 'Object Repository/Final Object Repo/Page_Form 3 EIS - Cessation as Employer/Add Document' is clicked on

2018-12-17 15:04:55 - [MESSAGE][PASSED] - Object: 'Object Repository/Final Object Repo/Page_Form 3 EIS - Cessation as Employer/Add Document' is clicked on

2018-12-17 15:04:55 - [TEST_STEP][PASSED] - delay: Delayed 3 second(s)

2018-12-17 15:04:58 - [MESSAGE][PASSED] - Delayed 3 second(s)

2018-12-17 15:04:58 - [TEST_STEP][PASSED] - click: Object: 'Object Repository/Final Object Repo/Page_Form 3 EIS - Cessation as Employer/Document Type' is clicked on

2018-12-17 15:04:58 - [MESSAGE][PASSED] - Object: 'Object Repository/Final Object Repo/Page_Form 3 EIS - Cessation as Employer/Document Type' is clicked on

2018-12-17 15:04:58 - [TEST_STEP][PASSED] - click: Object: 'Object Repository/Final Object Repo/Page_Form 3 EIS - Cessation as Employer/Document Type - Form 3' is clicked on

2018-12-17 15:04:58 - [MESSAGE][PASSED] - Object: 'Object Repository/Final Object Repo/Page_Form 3 EIS - Cessation as Employer/Document Type - Form 3' is clicked on

2018-12-17 15:04:58 - [TEST_STEP][PASSED] - delay: Delayed 2 second(s)

2018-12-17 15:05:00 - [MESSAGE][PASSED] - Delayed 2 second(s)

2018-12-17 15:05:00 - [TEST_STEP][PASSED] - sendKeys: Keys 'C:\Users\Public\Pictures\Sample Pictures\Koala.jpg' sent to object: 'Object Repository/Final Object Repo/Page_Form 3 EIS - Cessation as Employer/ploading File'

2018-12-17 15:05:01 - [MESSAGE][PASSED] - Keys 'C:\Users\Public\Pictures\Sample Pictures\Koala.jpg' sent to object: 'Object Repository/Final Object Repo/Page_Form 3 EIS - Cessation as Employer/ploading File'

2018-12-17 15:05:01 - [TEST_STEP][PASSED] - delay: Delayed 1 second(s)

2018-12-17 15:05:02 - [MESSAGE][PASSED] - Delayed 1 second(s)

2018-12-17 15:05:02 - [TEST_STEP][PASSED] - click: Object: 'Object Repository/Final Object Repo/Page_Form 3 EIS - Cessation as Employer/Add Document in Uploading Page' is clicked on

2018-12-17 15:05:02 - [MESSAGE][PASSED] - Object: 'Object Repository/Final Object Repo/Page_Form 3 EIS - Cessation as Employer/Add Document in Uploading Page' is clicked on

2018-12-17 15:05:02 - [TEST_STEP][PASSED] - delay: Delayed 2 second(s)

2018-12-17 15:05:04 - [MESSAGE][PASSED] - Delayed 2 second(s)

2018-12-17 15:05:04 - [TEST_STEP][PASSED] - Statement - CaseReferenceNo = com.kms.katalon.core.webui.keyword.WebUiBuiltInKeywords.getText(com.kms.katalon.core.testobject.ObjectRepository.findTestObject(Final Object Repo/Page_Update Employer Information/Reference Number in Update Employee Information Page)): Text of object 'Object Repository/Final Object Repo/Page_Update Employer Information/Reference Number in Update Employee Information Page' is: 'ERN122018C200002471'

2018-12-17 15:05:06 - [MESSAGE][PASSED] - Text of object 'Object Repository/Final Object Repo/Page_Update Employer Information/Reference Number in Update Employee Information Page' is: 'ERN122018C200002471'

2018-12-17 15:05:06 - [TEST_STEP][PASSED] - callTestCase: Call Test Case 'Test Cases/Final Aug 2018 - PKS Automation/Common/Reference Number Setter' successfully

2018-12-17 15:05:06 - [TEST_CASE][PASSED] - Test Cases/Final Aug 2018 - PKS Automation/Common/Reference Number Setter: Test Cases/Final Aug 2018 - PKS Automation/Common/Reference Number Setter

2018-12-17 15:05:06 - [TEST_STEP][PASSED] - Statement - RefNoOldFile = new java.io.File(C://Users//Admin//Desktop//PKS//Automation Reference Point//KatalonReference.txt): null

2018-12-17 15:05:06 - [TEST_STEP][PASSED] - Statement - RefNoOldFile.delete(): null

2018-12-17 15:05:06 - [TEST_STEP][PASSED] - delay: Delayed 5 second(s)

2018-12-17 15:05:11 - [MESSAGE][PASSED] - Delayed 5 second(s)

2018-12-17 15:05:11 - [TEST_STEP][PASSED] - Statement - RefNo = new java.io.File(C://Users//Admin//Desktop//PKS//Automation Reference Point//KatalonReference.txt): null

2018-12-17 15:05:11 - [TEST_STEP][PASSED] - Statement - f2 = new java.io.FileWriter(RefNo, false): null

2018-12-17 15:05:11 - [TEST_STEP][PASSED] - Statement - f2.write(CaseReferenceNo): null

2018-12-17 15:05:11 - [TEST_STEP][PASSED] - Statement - f2.close(): null

2018-12-17 15:05:11 - [TEST_STEP][PASSED] - Statement - out.println("


" + CaseReferenceNo + "


"): null

2018-12-17 15:05:11 - [MESSAGE][PASSED] - Call Test Case 'Test Cases/Final Aug 2018 - PKS Automation/Common/Reference Number Setter' successfully

2018-12-17 15:05:11 - [TEST_STEP][PASSED] - delay: Delayed 2 second(s)

2018-12-17 15:05:13 - [MESSAGE][PASSED] - Delayed 2 second(s)

2018-12-17 15:05:13 - [TEST_STEP][PASSED] - click: Object: 'Object Repository/Final Object Repo/Page_Form 3 EIS - Cessation as Employer/Save  Continue in Uploading Page' is clicked on

2018-12-17 15:05:13 - [MESSAGE][PASSED] - Object: 'Object Repository/Final Object Repo/Page_Form 3 EIS - Cessation as Employer/Save  Continue in Uploading Page' is clicked on

2018-12-17 15:05:13 - [TEST_STEP][PASSED] - delay: Delayed 2 second(s)

2018-12-17 15:05:15 - [MESSAGE][PASSED] - Delayed 2 second(s)

2018-12-17 15:05:15 - [TEST_STEP][PASSED] - click: Object: 'Object Repository/Final Object Repo/Page_Form 3 EIS - Cessation as Employer/Submit' is clicked on

2018-12-17 15:05:18 - [MESSAGE][PASSED] - Object: 'Object Repository/Final Object Repo/Page_Form 3 EIS - Cessation as Employer/Submit' is clicked on

2018-12-17 15:05:18 - [TEST_STEP][PASSED] - delay: Delayed 2 second(s)

2018-12-17 15:05:20 - [MESSAGE][PASSED] - Delayed 2 second(s)

2018-12-17 15:05:20 - [TEST_STEP][PASSED] - click: Object: 'Object Repository/Final Object Repo/Page_Form 3 EIS - Cessation as Employer/Confirm' is clicked on

2018-12-17 15:05:20 - [MESSAGE][PASSED] - Object: 'Object Repository/Final Object Repo/Page_Form 3 EIS - Cessation as Employer/Confirm' is clicked on

2018-12-17 15:05:20 - [TEST_STEP][PASSED] - delay: Delayed 2 second(s)

2018-12-17 15:05:22 - [MESSAGE][PASSED] - Delayed 2 second(s)

2018-12-17 15:05:22 - [TEST_STEP][PASSED] - click: Object: 'Object Repository/Final Object Repo/Page_Form 3 EIS - Cessation as Employer/Message Your Request will be routed to UO' is clicked on

2018-12-17 15:05:26 - [MESSAGE][PASSED] - Object: 'Object Repository/Final Object Repo/Page_Form 3 EIS - Cessation as Employer/Message Your Request will be routed to UO' is clicked on

2018-12-17 15:05:26 - [TEST_STEP][PASSED] - click: Object: 'Object Repository/Final Object Repo/Page_Form 3 EIS - Cessation as Employer/Letter of acknowledgement' is clicked on

2018-12-17 15:05:26 - [MESSAGE][PASSED] - Object: 'Object Repository/Final Object Repo/Page_Form 3 EIS - Cessation as Employer/Letter of acknowledgement' is clicked on

2018-12-17 15:05:26 - [MESSAGE][PASSED] - Call Test Case 'Test Cases/Final Aug 2018 - PKS Automation/Registration Module/Workflow/Form 3 EIS - Cessation As Employer/Template/Form 3 A - Cessation As Employer (PKRBO)' successfully

2018-12-17 15:05:26 - [TEST_STEP][PASSED] - callTestCase: Call Test Case 'Test Cases/Final Aug 2018 - PKS Automation/Registration Module/Workflow/Form 3 EIS - Cessation As Employer/Template/Form 3 A - Cessation As Employer (Under enforcement)' successfully

2018-12-17 15:05:27 - [TEST_CASE][PASSED] - Test Cases/Final Aug 2018 - PKS Automation/Registration Module/Workflow/Form 3 EIS - Cessation As Employer/Template/Form 3 A - Cessation As Employer (Under enforcement): Test Cases/Final Aug 2018 - PKS Automation/Registration Module/Workflow/Form 3 EIS - Cessation As Employer/Template/Form 3 A - Cessation As Employer (Under enforcement)

2018-12-17 15:05:27 - [TEST_STEP][NOT_RUN] - callTestCase: NOT_RUN: callTestCase

2018-12-17 15:05:27 - [MESSAGE][NOT_RUN] - NOT_RUN: callTestCase

2018-12-17 15:05:27 - [TEST_STEP][PASSED] - delay: Delayed 1 second(s)

2018-12-17 15:05:28 - [MESSAGE][PASSED] - Delayed 1 second(s)

2018-12-17 15:05:28 - [TEST_STEP][PASSED] - navigateToUrl: Navigate to 'https://assist2-uat.perkeso.gov.my/c/portal/logout' successfully

2018-12-17 15:05:28 - [MESSAGE][PASSED] - Navigate to 'https://assist2-uat.perkeso.gov.my/c/portal/logout' successfully

2018-12-17 15:05:28 - [TEST_STEP][PASSED] - delay: Delayed 1 second(s)

2018-12-17 15:05:29 - [MESSAGE][PASSED] - Delayed 1 second(s)

2018-12-17 15:05:29 - [TEST_STEP][PASSED] - callTestCase: Call Test Case 'Test Cases/Final Aug 2018 - PKS Automation/Common/Reference Number Getter' successfully

2018-12-17 15:05:29 - [TEST_CASE][PASSED] - Test Cases/Final Aug 2018 - PKS Automation/Common/Reference Number Getter: Test Cases/Final Aug 2018 - PKS Automation/Common/Reference Number Getter

2018-12-17 15:05:29 - [TEST_STEP][PASSED] - Statement - Try: null

2018-12-17 15:05:29 - [TEST_STEP][PASSED] - Statement - RefNo = new java.io.File(C://Users//Admin//Desktop//PKS//Automation Reference Point//KatalonReference.txt): null

2018-12-17 15:05:29 - [TEST_STEP][PASSED] - Statement - bufferread = new java.io.BufferedReader(new java.io.FileReader(RefNo)): null

2018-12-17 15:05:29 - [TEST_STEP][PASSED] - Statement - readedVal = bufferread.readLine(): null

2018-12-17 15:05:29 - [TEST_STEP][PASSED] - Statement - out.println(CaseReferenceNo): null

2018-12-17 15:05:29 - [TEST_STEP][PASSED] - Statement - out.println(readedVal): null

2018-12-17 15:05:29 - [TEST_STEP][PASSED] - Statement - CaseReferenceNo = "": null

2018-12-17 15:05:29 - [TEST_STEP][PASSED] - Statement - CaseReferenceNo = readedVal: null

2018-12-17 15:05:29 - [MESSAGE][PASSED] - Call Test Case 'Test Cases/Final Aug 2018 - PKS Automation/Common/Reference Number Getter' successfully

2018-12-17 15:05:29 - [TEST_STEP][PASSED] - callTestCase: Call Test Case 'Test Cases/Final Aug 2018 - PKS Automation/Common/Workflow Owner Finder' successfully

2018-12-17 15:05:30 - [TEST_CASE][PASSED] - Test Cases/Final Aug 2018 - PKS Automation/Common/Workflow Owner Finder: Test Cases/Final Aug 2018 - PKS Automation/Common/Workflow Owner Finder

2018-12-17 15:05:30 - [TEST_STEP][PASSED] - openBrowser: Browser is opened with url: ''

2018-12-17 15:05:30 - [MESSAGE][WARNING] - A browser is already opened. Closing browser and opening a new one

2018-12-17 15:05:32 - [MESSAGE][PASSED] - Browser is opened with url: ''

2018-12-17 15:05:32 - [TEST_STEP][PASSED] - navigateToUrl: Navigate to 'https://assist2-uat.perkeso.gov.my/login' successfully

2018-12-17 15:05:33 - [MESSAGE][PASSED] - Navigate to 'https://assist2-uat.perkeso.gov.my/login' successfully

2018-12-17 15:05:33 - [TEST_STEP][PASSED] - delay: Delayed 5 second(s)

2018-12-17 15:05:38 - [MESSAGE][PASSED] - Delayed 5 second(s)

2018-12-17 15:05:38 - [TEST_STEP][PASSED] - setText: Text 'test@liferay.com' is set on object 'Object Repository/Final Object Repo/Login Page/Internal User/Email Address'

2018-12-17 15:05:39 - [MESSAGE][PASSED] - Text 'test@liferay.com' is set on object 'Object Repository/Final Object Repo/Login Page/Internal User/Email Address'

2018-12-17 15:05:39 - [TEST_STEP][PASSED] - click: Object: 'Object Repository/Final Object Repo/Login Page/Internal User/Next Button' is clicked on

2018-12-17 15:05:39 - [MESSAGE][PASSED] - Object: 'Object Repository/Final Object Repo/Login Page/Internal User/Next Button' is clicked on

2018-12-17 15:05:39 - [TEST_STEP][PASSED] - delay: Delayed 2 second(s)

2018-12-17 15:05:41 - [MESSAGE][PASSED] - Delayed 2 second(s)

2018-12-17 15:05:41 - [TEST_STEP][PASSED] - setText: Text 'test' is set on object 'Object Repository/Final Object Repo/Login Page/Internal User/Password'

2018-12-17 15:05:41 - [MESSAGE][PASSED] - Text 'test' is set on object 'Object Repository/Final Object Repo/Login Page/Internal User/Password'

2018-12-17 15:05:41 - [TEST_STEP][PASSED] - delay: Delayed 2 second(s)

2018-12-17 15:05:43 - [MESSAGE][PASSED] - Delayed 2 second(s)

2018-12-17 15:05:43 - [TEST_STEP][PASSED] - click: Object: 'Object Repository/Final Object Repo/Login Page/Internal User/Login Button' is clicked on

2018-12-17 15:05:43 - [MESSAGE][PASSED] - Object: 'Object Repository/Final Object Repo/Login Page/Internal User/Login Button' is clicked on

2018-12-17 15:05:43 - [TEST_STEP][PASSED] - Statement - tester = com.kms.katalon.core.testobject.ObjectRepository.findTestObject(Final Object Repo/Landing Page/Select to English): Finding Test Object with id 'Object Repository/Final Object Repo/Landing Page/Select to English'

2018-12-17 15:05:43 - [TEST_STEP][PASSED] - Statement - Try: Delayed 2 second(s)

2018-12-17 15:05:43 - [TEST_STEP][PASSED] - Statement - Checker = com.kms.katalon.core.webui.keyword.WebUiBuiltInKeywords.verifyElementNotPresent(tester, 3): Web element with id: 'Object Repository/Final Object Repo/Landing Page/Select to English' located by 'By.xpath: //a[@class = 'taglib-language-list-text' and @lang = 'en-US' and (contains(text(), 'EN') or contains(., 'EN'))]' is not present after '3' second(s)

2018-12-17 15:05:45 - [MESSAGE][PASSED] - Web element with id: 'Object Repository/Final Object Repo/Landing Page/Select to English' located by 'By.xpath: //a[@class = 'taglib-language-list-text' and @lang = 'en-US' and (contains(text(), 'EN') or contains(., 'EN'))]' is not present after '3' second(s)

2018-12-17 15:05:45 - [TEST_STEP][PASSED] - Statement - If (Checker == false): null

2018-12-17 15:05:45 - [TEST_STEP][PASSED] - delay: Delayed 2 second(s)

2018-12-17 15:05:47 - [MESSAGE][PASSED] - Delayed 2 second(s)

2018-12-17 15:05:47 - [TEST_STEP][PASSED] - delay: Delayed 5 second(s)

2018-12-17 15:05:52 - [MESSAGE][PASSED] - Delayed 5 second(s)

2018-12-17 15:05:52 - [TEST_STEP][PASSED] - mouseOver: Object: 'Object Repository/Final Object Repo/Landing Page/WorkFlow Menu' is hovered

2018-12-17 15:05:52 - [MESSAGE][PASSED] - Object: 'Object Repository/Final Object Repo/Landing Page/WorkFlow Menu' is hovered

2018-12-17 15:05:52 - [TEST_STEP][PASSED] - delay: Delayed 2 second(s)

2018-12-17 15:05:54 - [MESSAGE][PASSED] - Delayed 2 second(s)

2018-12-17 15:05:54 - [TEST_STEP][PASSED] - click: Object: 'Object Repository/Final Object Repo/Landing Page/Select to Workflow Listing' is clicked on

2018-12-17 15:05:55 - [MESSAGE][PASSED] - Object: 'Object Repository/Final Object Repo/Landing Page/Select to Workflow Listing' is clicked on

2018-12-17 15:05:55 - [TEST_STEP][PASSED] - delay: Delayed 2 second(s)

2018-12-17 15:05:57 - [MESSAGE][PASSED] - Delayed 2 second(s)

2018-12-17 15:05:57 - [TEST_STEP][PASSED] - click: Object: 'Object Repository/Final Object Repo/WorkFlow Listing Page/Search Information - To Put Ref No' is clicked on

2018-12-17 15:05:58 - [MESSAGE][PASSED] - Object: 'Object Repository/Final Object Repo/WorkFlow Listing Page/Search Information - To Put Ref No' is clicked on

2018-12-17 15:05:58 - [TEST_STEP][PASSED] - delay: Delayed 2 second(s)

2018-12-17 15:06:00 - [MESSAGE][PASSED] - Delayed 2 second(s)

2018-12-17 15:06:00 - [TEST_STEP][PASSED] - callTestCase: Call Test Case 'Test Cases/Final Aug 2018 - PKS Automation/Common/Reference Number Getter' successfully

2018-12-17 15:06:00 - [TEST_CASE][PASSED] - Test Cases/Final Aug 2018 - PKS Automation/Common/Reference Number Getter: Test Cases/Final Aug 2018 - PKS Automation/Common/Reference Number Getter

2018-12-17 15:06:00 - [TEST_STEP][PASSED] - Statement - Try: null

2018-12-17 15:06:00 - [TEST_STEP][PASSED] - Statement - RefNo = new java.io.File(C://Users//Admin//Desktop//PKS//Automation Reference Point//KatalonReference.txt): null

2018-12-17 15:06:00 - [TEST_STEP][PASSED] - Statement - bufferread = new java.io.BufferedReader(new java.io.FileReader(RefNo)): null

2018-12-17 15:06:00 - [TEST_STEP][PASSED] - Statement - readedVal = bufferread.readLine(): null

2018-12-17 15:06:00 - [TEST_STEP][PASSED] - Statement - out.println(CaseReferenceNo): null

2018-12-17 15:06:00 - [TEST_STEP][PASSED] - Statement - out.println(readedVal): null

2018-12-17 15:06:00 - [TEST_STEP][PASSED] - Statement - CaseReferenceNo = "": null

2018-12-17 15:06:00 - [TEST_STEP][PASSED] - Statement - CaseReferenceNo = readedVal: null

2018-12-17 15:06:00 - [MESSAGE][PASSED] - Call Test Case 'Test Cases/Final Aug 2018 - PKS Automation/Common/Reference Number Getter' successfully

2018-12-17 15:06:00 - [TEST_STEP][PASSED] - setText: Text 'ERN122018C200002471' is set on object 'Object Repository/Final Object Repo/WorkFlow Listing Page/Ref No Set Text'

2018-12-17 15:06:00 - [MESSAGE][PASSED] - Text 'ERN122018C200002471' is set on object 'Object Repository/Final Object Repo/WorkFlow Listing Page/Ref No Set Text'

2018-12-17 15:06:00 - [TEST_STEP][PASSED] - delay: Delayed 2 second(s)

2018-12-17 15:06:02 - [MESSAGE][PASSED] - Delayed 2 second(s)

2018-12-17 15:06:02 - [TEST_STEP][PASSED] - click: Object: 'Object Repository/Final Object Repo/WorkFlow Listing Page/Search Ref No Search Button' is clicked on

2018-12-17 15:06:02 - [MESSAGE][PASSED] - Object: 'Object Repository/Final Object Repo/WorkFlow Listing Page/Search Ref No Search Button' is clicked on

2018-12-17 15:06:02 - [TEST_STEP][PASSED] - delay: Delayed 6 second(s)

2018-12-17 15:06:08 - [MESSAGE][PASSED] - Delayed 6 second(s)

2018-12-17 15:06:08 - [TEST_STEP][PASSED] - click: Object: 'Object Repository/Final Object Repo/WorkFlow Listing Page/Click Continue Tooltip' is clicked on

2018-12-17 15:06:10 - [MESSAGE][PASSED] - Object: 'Object Repository/Final Object Repo/WorkFlow Listing Page/Click Continue Tooltip' is clicked on

2018-12-17 15:06:10 - [TEST_STEP][PASSED] - delay: Delayed 5 second(s)

2018-12-17 15:06:15 - [MESSAGE][PASSED] - Delayed 5 second(s)

2018-12-17 15:06:15 - [TEST_STEP][PASSED] - doubleClick: Object: 'Object Repository/Final Object Repo/WorkFlow Listing Page/Workflow Found - Listing 1' is double clicked on

2018-12-17 15:06:15 - [MESSAGE][PASSED] - Object: 'Object Repository/Final Object Repo/WorkFlow Listing Page/Workflow Found - Listing 1' is double clicked on

2018-12-17 15:06:15 - [TEST_STEP][PASSED] - Statement - println(OwnerID): null

2018-12-17 15:06:15 - [TEST_STEP][PASSED] - Statement - OwnerID = com.kms.katalon.core.webui.keyword.WebUiBuiltInKeywords.getText(com.kms.katalon.core.testobject.ObjectRepository.findTestObject(Final Object Repo/WorkFlow Listing Page/Workflow Found - Listing 1), STOP_ON_FAILURE): Text of object 'Object Repository/Final Object Repo/WorkFlow Listing Page/Workflow Found - Listing 1' is: 'JOHORuo1'

2018-12-17 15:06:16 - [MESSAGE][PASSED] - Text of object 'Object Repository/Final Object Repo/WorkFlow Listing Page/Workflow Found - Listing 1' is: 'JOHORuo1'

2018-12-17 15:06:16 - [TEST_STEP][PASSED] - Statement - OwnerID = OwnerID.toLowerCase() + "@gmail.com": null

2018-12-17 15:06:16 - [TEST_STEP][PASSED] - Statement - println(OwnerID): null

2018-12-17 15:06:16 - [TEST_STEP][PASSED] - delay: Delayed 2 second(s)

2018-12-17 15:06:18 - [MESSAGE][PASSED] - Delayed 2 second(s)

2018-12-17 15:06:18 - [MESSAGE][PASSED] - Call Test Case 'Test Cases/Final Aug 2018 - PKS Automation/Common/Workflow Owner Finder' successfully

2018-12-17 15:06:18 - [TEST_STEP][PASSED] - delay: Delayed 1 second(s)

2018-12-17 15:06:19 - [MESSAGE][PASSED] - Delayed 1 second(s)

2018-12-17 15:06:19 - [TEST_STEP][PASSED] - navigateToUrl: Navigate to 'https://assist2-uat.perkeso.gov.my/c/portal/logout' successfully

2018-12-17 15:06:20 - [MESSAGE][PASSED] - Navigate to 'https://assist2-uat.perkeso.gov.my/c/portal/logout' successfully

2018-12-17 15:06:20 - [TEST_STEP][PASSED] - delay: Delayed 1 second(s)

2018-12-17 15:06:21 - [MESSAGE][PASSED] - Delayed 1 second(s)

2018-12-17 15:06:21 - [TEST_STEP][PASSED] - callTestCase: Call Test Case 'Test Cases/Final Aug 2018 - PKS Automation/Registration Module/Workflow/Login and Search Case For Workflow' successfully

2018-12-17 15:06:21 - [TEST_CASE][PASSED] - Test Cases/Final Aug 2018 - PKS Automation/Registration Module/Workflow/Login and Search Case For Workflow: Test Cases/Final Aug 2018 - PKS Automation/Registration Module/Workflow/Login and Search Case For Workflow

2018-12-17 15:06:21 - [TEST_STEP][PASSED] - navigateToUrl: Navigate to 'https://assist2-uat.perkeso.gov.my/login' successfully

2018-12-17 15:06:21 - [MESSAGE][PASSED] - Navigate to 'https://assist2-uat.perkeso.gov.my/login' successfully

2018-12-17 15:06:21 - [TEST_STEP][PASSED] - setText: Text 'johoruo1@gmail.com' is set on object 'Object Repository/Final Object Repo/Login Page/Internal User/Email Address'

2018-12-17 15:06:21 - [MESSAGE][PASSED] - Text 'johoruo1@gmail.com' is set on object 'Object Repository/Final Object Repo/Login Page/Internal User/Email Address'

2018-12-17 15:06:21 - [TEST_STEP][PASSED] - click: Object: 'Object Repository/Final Object Repo/Login Page/Internal User/Next Button' is clicked on

2018-12-17 15:06:22 - [MESSAGE][PASSED] - Object: 'Object Repository/Final Object Repo/Login Page/Internal User/Next Button' is clicked on

2018-12-17 15:06:22 - [TEST_STEP][PASSED] - delay: Delayed 1 second(s)

2018-12-17 15:06:23 - [MESSAGE][PASSED] - Delayed 1 second(s)

2018-12-17 15:06:23 - [TEST_STEP][PASSED] - setEncryptedText: Text ****** has been set on object 'Object Repository/Final Object Repo/Login Page/Internal User/Password'

2018-12-17 15:06:23 - [MESSAGE][PASSED] - Text ****** has been set on object 'Object Repository/Final Object Repo/Login Page/Internal User/Password'

2018-12-17 15:06:23 - [TEST_STEP][PASSED] - click: Object: 'Object Repository/Final Object Repo/Login Page/Internal User/Login Button' is clicked on

2018-12-17 15:06:23 - [MESSAGE][PASSED] - Object: 'Object Repository/Final Object Repo/Login Page/Internal User/Login Button' is clicked on

2018-12-17 15:06:23 - [TEST_STEP][PASSED] - delay: Delayed 2 second(s)

2018-12-17 15:06:25 - [MESSAGE][PASSED] - Delayed 2 second(s)

2018-12-17 15:06:25 - [TEST_STEP][PASSED] - Statement - Try: Delayed 2 second(s)

2018-12-17 15:06:25 - [TEST_STEP][PASSED] - Statement - Checker = false: null

2018-12-17 15:06:25 - [TEST_STEP][PASSED] - Statement - Checker = com.kms.katalon.core.webui.keyword.WebUiBuiltInKeywords.verifyElementHasAttribute(com.kms.katalon.core.testobject.ObjectRepository.findTestObject(Final Object Repo/Landing Page/BM Detecting), "href", 20, OPTIONAL): Object 'Object Repository/Final Object Repo/Landing Page/BM Detecting' has attribute 'href'

2018-12-17 15:06:26 - [MESSAGE][PASSED] - Object 'Object Repository/Final Object Repo/Landing Page/BM Detecting' has attribute 'href'

2018-12-17 15:06:26 - [TEST_STEP][PASSED] - Statement - out.println(Checker): null

2018-12-17 15:06:26 - [TEST_STEP][PASSED] - Statement - If (Checker == false): null

2018-12-17 15:06:26 - [TEST_STEP][PASSED] - Statement - Else: null

2018-12-17 15:06:26 - [TEST_STEP][PASSED] - delay: Delayed 2 second(s)

2018-12-17 15:06:28 - [MESSAGE][PASSED] - Delayed 2 second(s)

2018-12-17 15:06:28 - [TEST_STEP][PASSED] - click: Object: 'Object Repository/Final Object Repo/Page_MyASSIST - ASSIST - Search Pending Case For Add Supporting Document/Search Information' is clicked on

2018-12-17 15:06:28 - [MESSAGE][PASSED] - Object: 'Object Repository/Final Object Repo/Page_MyASSIST - ASSIST - Search Pending Case For Add Supporting Document/Search Information' is clicked on

2018-12-17 15:06:28 - [TEST_STEP][PASSED] - delay: Delayed 3 second(s)

2018-12-17 15:06:31 - [MESSAGE][PASSED] - Delayed 3 second(s)

2018-12-17 15:06:31 - [TEST_STEP][PASSED] - sendKeys: Keys 'ERN122018C200002471' sent to object: 'Object Repository/Final Object Repo/Page_MyASSIST - ASSIST - Search Pending Case For Add Supporting Document/Reference No'

2018-12-17 15:06:31 - [MESSAGE][PASSED] - Keys 'ERN122018C200002471' sent to object: 'Object Repository/Final Object Repo/Page_MyASSIST - ASSIST - Search Pending Case For Add Supporting Document/Reference No'

2018-12-17 15:06:31 - [TEST_STEP][PASSED] - click: Object: 'Object Repository/Final Object Repo/Page_MyASSIST - ASSIST - Search Pending Case For Add Supporting Document/Search Reference No' is clicked on

2018-12-17 15:06:31 - [MESSAGE][PASSED] - Object: 'Object Repository/Final Object Repo/Page_MyASSIST - ASSIST - Search Pending Case For Add Supporting Document/Search Reference No' is clicked on

2018-12-17 15:06:31 - [TEST_STEP][PASSED] - delay: Delayed 2 second(s)

2018-12-17 15:06:33 - [MESSAGE][PASSED] - Delayed 2 second(s)

2018-12-17 15:06:33 - [TEST_STEP][PASSED] - click: Object: 'Object Repository/Final Object Repo/Page_MyASSIST - ASSIST - Search Pending Case For Add Supporting Document/Continue' is clicked on

2018-12-17 15:06:37 - [MESSAGE][PASSED] - Object: 'Object Repository/Final Object Repo/Page_MyASSIST - ASSIST - Search Pending Case For Add Supporting Document/Continue' is clicked on

2018-12-17 15:06:37 - [TEST_STEP][PASSED] - delay: Delayed 20 second(s)

2018-12-17 15:06:57 - [MESSAGE][PASSED] - Delayed 20 second(s)

2018-12-17 15:06:57 - [MESSAGE][PASSED] - Call Test Case 'Test Cases/Final Aug 2018 - PKS Automation/Registration Module/Workflow/Login and Search Case For Workflow' successfully

2018-12-17 15:06:57 - [TEST_STEP][PASSED] - click: Object: 'Object Repository/Final Object Repo/Page_Form 3 EIS - Cessation as Employer/Page_Form 3 EIS - Cessation as Employer (Approve)/Save  Continue in Form 3 Page' is clicked on

2018-12-17 15:06:57 - [MESSAGE][PASSED] - Object: 'Object Repository/Final Object Repo/Page_Form 3 EIS - Cessation as Employer/Page_Form 3 EIS - Cessation as Employer (Approve)/Save  Continue in Form 3 Page' is clicked on

2018-12-17 15:06:57 - [TEST_STEP][PASSED] - delay: Delayed 2 second(s)

2018-12-17 15:06:59 - [MESSAGE][PASSED] - Delayed 2 second(s)

2018-12-17 15:06:59 - [TEST_STEP][PASSED] - click: Object: 'Object Repository/Final Object Repo/Page_Form 3 EIS - Cessation as Employer/Page_Form 3 EIS - Cessation as Employer (Approve)/Save  Continue in Resigned Page' is clicked on

2018-12-17 15:06:59 - [MESSAGE][PASSED] - Object: 'Object Repository/Final Object Repo/Page_Form 3 EIS - Cessation as Employer/Page_Form 3 EIS - Cessation as Employer (Approve)/Save  Continue in Resigned Page' is clicked on

2018-12-17 15:06:59 - [TEST_STEP][PASSED] - delay: Delayed 2 second(s)

2018-12-17 15:07:01 - [MESSAGE][PASSED] - Delayed 2 second(s)

2018-12-17 15:07:01 - [TEST_STEP][PASSED] - click: Object: 'Object Repository/Final Object Repo/Page_Form 3 EIS - Cessation as Employer/Page_Form 3 EIS - Cessation as Employer (Approve)/Save  Continue in Uploading Page' is clicked on

2018-12-17 15:07:03 - [MESSAGE][PASSED] - Object: 'Object Repository/Final Object Repo/Page_Form 3 EIS - Cessation as Employer/Page_Form 3 EIS - Cessation as Employer (Approve)/Save  Continue in Uploading Page' is clicked on

2018-12-17 15:07:03 - [TEST_STEP][PASSED] - delay: Delayed 2 second(s)

2018-12-17 15:07:05 - [MESSAGE][PASSED] - Delayed 2 second(s)

2018-12-17 15:07:05 - [TEST_STEP][PASSED] - click: Object: 'Object Repository/Final Object Repo/Page_Form 3 EIS - Cessation as Employer/Page_Form 3 EIS - Cessation as Employer (Under enforcement)/Underenforcement' is clicked on

2018-12-17 15:07:08 - [MESSAGE][PASSED] - Object: 'Object Repository/Final Object Repo/Page_Form 3 EIS - Cessation as Employer/Page_Form 3 EIS - Cessation as Employer (Under enforcement)/Underenforcement' is clicked on

2018-12-17 15:07:08 - [TEST_STEP][PASSED] - delay: Delayed 2 second(s)

2018-12-17 15:07:10 - [MESSAGE][PASSED] - Delayed 2 second(s)

2018-12-17 15:07:10 - [TEST_STEP][PASSED] - setText: Text 'Remark' is set on object 'Object Repository/Final Object Repo/Page_Form 3 EIS - Cessation as Employer/Page_Form 3 EIS - Cessation as Employer (Under enforcement)/Under enforcement - Remark'

2018-12-17 15:07:10 - [MESSAGE][PASSED] - Text 'Remark' is set on object 'Object Repository/Final Object Repo/Page_Form 3 EIS - Cessation as Employer/Page_Form 3 EIS - Cessation as Employer (Under enforcement)/Under enforcement - Remark'

2018-12-17 15:07:10 - [TEST_STEP][PASSED] - delay: Delayed 2 second(s)

2018-12-17 15:07:12 - [MESSAGE][PASSED] - Delayed 2 second(s)

2018-12-17 15:07:12 - [TEST_STEP][PASSED] - click: Object: 'Object Repository/Final Object Repo/Page_Form 3 EIS - Cessation as Employer/Page_Form 3 EIS - Cessation as Employer (Under enforcement)/Save  Continue in Under enforcement' is clicked on

2018-12-17 15:07:12 - [MESSAGE][PASSED] - Object: 'Object Repository/Final Object Repo/Page_Form 3 EIS - Cessation as Employer/Page_Form 3 EIS - Cessation as Employer (Under enforcement)/Save  Continue in Under enforcement' is clicked on

2018-12-17 15:07:12 - [TEST_STEP][PASSED] - doubleClick: Object: 'Object Repository/Final Object Repo/Page_Form 3 EIS - Cessation as Employer/Page_Form 3 EIS - Cessation as Employer (Under enforcement)/Message The case is under enforcement' is double clicked on

2018-12-17 15:07:17 - [MESSAGE][PASSED] - Object: 'Object Repository/Final Object Repo/Page_Form 3 EIS - Cessation as Employer/Page_Form 3 EIS - Cessation as Employer (Under enforcement)/Message The case is under enforcement' is double clicked on

2018-12-17 15:07:17 - [MESSAGE][PASSED] - Call Test Case 'Test Cases/Final Aug 2018 - PKS Automation/Registration Module/Workflow/Form 3 EIS - Cessation As Employer/Template/Form 3 A - Cessation As Employer (Under enforcement)' successfully]]></system-out>
         <system-err><![CDATA[]]></system-err>
      </testcase>
      <system-out><![CDATA[2018-12-17 14:04:35 - [TEST_SUITE][FAILED] - Form 3 EIS - Cessation as Employer: Test Cases/Final Aug 2018 - PKS Automation/Registration Module/Workflow/Form 3 EIS - Cessation As Employer/OTC to UO (Query) FAILED because (of) (Stack trace: com.kms.katalon.core.exception.StepFailedException: Unable to click on object 'Object Repository/Final Object Repo/Page_Form 3 EIS - Cessation as Employer/Page_Form 3 EIS - Cessation as Employer (Query - OTC - UO)/Next' (Root cause: com.kms.katalon.core.webui.exception.WebElementNotFoundException: Web element with id: 'Object Repository/Final Object Repo/Page_Form 3 EIS - Cessation as Employer/Page_Form 3 EIS - Cessation as Employer (Query - OTC - UO)/Next' located by 'By.xpath: //a[(contains(text(), 'NEXT') or contains(., 'NEXT'))]' not found)
	at com.kms.katalon.core.keyword.internal.KeywordMain.stepFailed(KeywordMain.groovy:32)
	at com.kms.katalon.core.webui.keyword.internal.WebUIKeywordMain.stepFailed(WebUIKeywordMain.groovy:65)
	at com.kms.katalon.core.webui.keyword.internal.WebUIKeywordMain.runKeyword(WebUIKeywordMain.groovy:27)
	at com.kms.katalon.core.webui.keyword.builtin.ClickKeyword.click(ClickKeyword.groovy:86)
	at com.kms.katalon.core.webui.keyword.builtin.ClickKeyword.execute(ClickKeyword.groovy:67)
	at com.kms.katalon.core.keyword.internal.KeywordExecutor.executeKeywordForPlatform(KeywordExecutor.groovy:53)
	at com.kms.katalon.core.webui.keyword.WebUiBuiltInKeywords.click(WebUiBuiltInKeywords.groovy:616)
	at com.kms.katalon.core.webui.keyword.WebUiBuiltInKeywords$click$2.call(Unknown Source)
	at Script1536114876563.run(Script1536114876563.groovy:87)
	at com.kms.katalon.core.main.ScriptEngine.run(ScriptEngine.java:183)
	at com.kms.katalon.core.main.ScriptEngine.runScriptAsRawText(ScriptEngine.java:108)
	at com.kms.katalon.core.main.TestCaseExecutor.runScript(TestCaseExecutor.java:294)
	at com.kms.katalon.core.main.TestCaseExecutor.doExecute(TestCaseExecutor.java:285)
	at com.kms.katalon.core.main.TestCaseExecutor.processExecutionPhase(TestCaseExecutor.java:264)
	at com.kms.katalon.core.main.TestCaseExecutor.accessMainPhase(TestCaseExecutor.java:256)
	at com.kms.katalon.core.main.TestCaseExecutor.execute(TestCaseExecutor.java:200)
	at com.kms.katalon.core.main.TestCaseMain.runTestCase(TestCaseMain.java:99)
	at com.kms.katalon.core.keyword.builtin.CallTestCaseKeyword$_callTestCase_closure1.doCall(CallTestCaseKeyword.groovy:60)
	at com.kms.katalon.core.keyword.builtin.CallTestCaseKeyword$_callTestCase_closure1.call(CallTestCaseKeyword.groovy)
	at com.kms.katalon.core.keyword.internal.KeywordMain.runKeyword(KeywordMain.groovy:54)
	at com.kms.katalon.core.keyword.builtin.CallTestCaseKeyword.callTestCase(CallTestCaseKeyword.groovy:81)
	at com.kms.katalon.core.keyword.builtin.CallTestCaseKeyword.execute(CallTestCaseKeyword.groovy:45)
	at com.kms.katalon.core.keyword.internal.KeywordExecutor.executeKeywordForPlatform(KeywordExecutor.groovy:53)
	at com.kms.katalon.core.keyword.BuiltinKeywords.callTestCase(BuiltinKeywords.groovy:334)
	at sun.reflect.GeneratedMethodAccessor13.invoke(Unknown Source)
	at sun.reflect.DelegatingMethodAccessorImpl.invoke(DelegatingMethodAccessorImpl.java:43)
	at java.lang.reflect.Method.invoke(Method.java:498)
	at org.codehaus.groovy.reflection.CachedMethod.invoke(CachedMethod.java:93)
	at groovy.lang.MetaMethod.doMethodInvoke(MetaMethod.java:325)
	at groovy.lang.MetaClassImpl.invokeStaticMethod(MetaClassImpl.java:1469)
	at org.codehaus.groovy.runtime.callsite.StaticMetaClassSite.call(StaticMetaClassSite.java:53)
	at org.codehaus.groovy.runtime.callsite.CallSiteArray.defaultCall(CallSiteArray.java:48)
	at org.codehaus.groovy.runtime.callsite.AbstractCallSite.call(AbstractCallSite.java:113)
	at org.codehaus.groovy.runtime.callsite.AbstractCallSite.call(AbstractCallSite.java:141)
	at Script1536204253481.run(Script1536204253481.groovy:25)
	at com.kms.katalon.core.main.ScriptEngine.run(ScriptEngine.java:183)
	at com.kms.katalon.core.main.ScriptEngine.runScriptAsRawText(ScriptEngine.java:108)
	at com.kms.katalon.core.main.TestCaseExecutor.runScript(TestCaseExecutor.java:294)
	at com.kms.katalon.core.main.TestCaseExecutor.doExecute(TestCaseExecutor.java:285)
	at com.kms.katalon.core.main.TestCaseExecutor.processExecutionPhase(TestCaseExecutor.java:264)
	at com.kms.katalon.core.main.TestCaseExecutor.accessMainPhase(TestCaseExecutor.java:256)
	at com.kms.katalon.core.main.TestCaseExecutor.execute(TestCaseExecutor.java:200)
	at com.kms.katalon.core.main.TestSuiteExecutor.accessTestCaseMainPhase(TestSuiteExecutor.java:129)
	at com.kms.katalon.core.main.TestSuiteExecutor.accessTestSuiteMainPhase(TestSuiteExecutor.java:112)
	at com.kms.katalon.core.main.TestSuiteExecutor.execute(TestSuiteExecutor.java:81)
	at com.kms.katalon.core.main.TestCaseMain.startTestSuite(TestCaseMain.java:142)
	at com.kms.katalon.core.main.TestCaseMain$startTestSuite$0.call(Unknown Source)
	at org.codehaus.groovy.runtime.callsite.CallSiteArray.defaultCall(CallSiteArray.java:48)
	at org.codehaus.groovy.runtime.callsite.AbstractCallSite.call(AbstractCallSite.java:113)
	at org.codehaus.groovy.runtime.callsite.AbstractCallSite.call(AbstractCallSite.java:141)
	at TempTestSuite1545026672972.run(TempTestSuite1545026672972.groovy:36)
	at groovy.lang.GroovyShell.runScriptOrMainOrTestOrRunnable(GroovyShell.java:263)
	at groovy.lang.GroovyShell.run(GroovyShell.java:518)
	at groovy.lang.GroovyShell.run(GroovyShell.java:507)
	at groovy.ui.GroovyMain.processOnce(GroovyMain.java:653)
	at groovy.ui.GroovyMain.run(GroovyMain.java:384)
	at groovy.ui.GroovyMain.process(GroovyMain.java:370)
	at groovy.ui.GroovyMain.processArgs(GroovyMain.java:129)
	at groovy.ui.GroovyMain.main(GroovyMain.java:109)
	at sun.reflect.NativeMethodAccessorImpl.invoke0(Native Method)
	at sun.reflect.NativeMethodAccessorImpl.invoke(NativeMethodAccessorImpl.java:62)
	at sun.reflect.DelegatingMethodAccessorImpl.invoke(DelegatingMethodAccessorImpl.java:43)
	at java.lang.reflect.Method.invoke(Method.java:498)
	at org.codehaus.groovy.tools.GroovyStarter.rootLoader(GroovyStarter.java:109)
	at org.codehaus.groovy.tools.GroovyStarter.main(GroovyStarter.java:131)
)]]></system-out>
      <system-err><![CDATA[2018-12-17 14:04:35 - [TEST_SUITE][FAILED] - Form 3 EIS - Cessation as Employer: Test Cases/Final Aug 2018 - PKS Automation/Registration Module/Workflow/Form 3 EIS - Cessation As Employer/OTC to UO (Query) FAILED because (of) (Stack trace: com.kms.katalon.core.exception.StepFailedException: Unable to click on object 'Object Repository/Final Object Repo/Page_Form 3 EIS - Cessation as Employer/Page_Form 3 EIS - Cessation as Employer (Query - OTC - UO)/Next' (Root cause: com.kms.katalon.core.webui.exception.WebElementNotFoundException: Web element with id: 'Object Repository/Final Object Repo/Page_Form 3 EIS - Cessation as Employer/Page_Form 3 EIS - Cessation as Employer (Query - OTC - UO)/Next' located by 'By.xpath: //a[(contains(text(), 'NEXT') or contains(., 'NEXT'))]' not found)
	at com.kms.katalon.core.keyword.internal.KeywordMain.stepFailed(KeywordMain.groovy:32)
	at com.kms.katalon.core.webui.keyword.internal.WebUIKeywordMain.stepFailed(WebUIKeywordMain.groovy:65)
	at com.kms.katalon.core.webui.keyword.internal.WebUIKeywordMain.runKeyword(WebUIKeywordMain.groovy:27)
	at com.kms.katalon.core.webui.keyword.builtin.ClickKeyword.click(ClickKeyword.groovy:86)
	at com.kms.katalon.core.webui.keyword.builtin.ClickKeyword.execute(ClickKeyword.groovy:67)
	at com.kms.katalon.core.keyword.internal.KeywordExecutor.executeKeywordForPlatform(KeywordExecutor.groovy:53)
	at com.kms.katalon.core.webui.keyword.WebUiBuiltInKeywords.click(WebUiBuiltInKeywords.groovy:616)
	at com.kms.katalon.core.webui.keyword.WebUiBuiltInKeywords$click$2.call(Unknown Source)
	at Script1536114876563.run(Script1536114876563.groovy:87)
	at com.kms.katalon.core.main.ScriptEngine.run(ScriptEngine.java:183)
	at com.kms.katalon.core.main.ScriptEngine.runScriptAsRawText(ScriptEngine.java:108)
	at com.kms.katalon.core.main.TestCaseExecutor.runScript(TestCaseExecutor.java:294)
	at com.kms.katalon.core.main.TestCaseExecutor.doExecute(TestCaseExecutor.java:285)
	at com.kms.katalon.core.main.TestCaseExecutor.processExecutionPhase(TestCaseExecutor.java:264)
	at com.kms.katalon.core.main.TestCaseExecutor.accessMainPhase(TestCaseExecutor.java:256)
	at com.kms.katalon.core.main.TestCaseExecutor.execute(TestCaseExecutor.java:200)
	at com.kms.katalon.core.main.TestCaseMain.runTestCase(TestCaseMain.java:99)
	at com.kms.katalon.core.keyword.builtin.CallTestCaseKeyword$_callTestCase_closure1.doCall(CallTestCaseKeyword.groovy:60)
	at com.kms.katalon.core.keyword.builtin.CallTestCaseKeyword$_callTestCase_closure1.call(CallTestCaseKeyword.groovy)
	at com.kms.katalon.core.keyword.internal.KeywordMain.runKeyword(KeywordMain.groovy:54)
	at com.kms.katalon.core.keyword.builtin.CallTestCaseKeyword.callTestCase(CallTestCaseKeyword.groovy:81)
	at com.kms.katalon.core.keyword.builtin.CallTestCaseKeyword.execute(CallTestCaseKeyword.groovy:45)
	at com.kms.katalon.core.keyword.internal.KeywordExecutor.executeKeywordForPlatform(KeywordExecutor.groovy:53)
	at com.kms.katalon.core.keyword.BuiltinKeywords.callTestCase(BuiltinKeywords.groovy:334)
	at sun.reflect.GeneratedMethodAccessor13.invoke(Unknown Source)
	at sun.reflect.DelegatingMethodAccessorImpl.invoke(DelegatingMethodAccessorImpl.java:43)
	at java.lang.reflect.Method.invoke(Method.java:498)
	at org.codehaus.groovy.reflection.CachedMethod.invoke(CachedMethod.java:93)
	at groovy.lang.MetaMethod.doMethodInvoke(MetaMethod.java:325)
	at groovy.lang.MetaClassImpl.invokeStaticMethod(MetaClassImpl.java:1469)
	at org.codehaus.groovy.runtime.callsite.StaticMetaClassSite.call(StaticMetaClassSite.java:53)
	at org.codehaus.groovy.runtime.callsite.CallSiteArray.defaultCall(CallSiteArray.java:48)
	at org.codehaus.groovy.runtime.callsite.AbstractCallSite.call(AbstractCallSite.java:113)
	at org.codehaus.groovy.runtime.callsite.AbstractCallSite.call(AbstractCallSite.java:141)
	at Script1536204253481.run(Script1536204253481.groovy:25)
	at com.kms.katalon.core.main.ScriptEngine.run(ScriptEngine.java:183)
	at com.kms.katalon.core.main.ScriptEngine.runScriptAsRawText(ScriptEngine.java:108)
	at com.kms.katalon.core.main.TestCaseExecutor.runScript(TestCaseExecutor.java:294)
	at com.kms.katalon.core.main.TestCaseExecutor.doExecute(TestCaseExecutor.java:285)
	at com.kms.katalon.core.main.TestCaseExecutor.processExecutionPhase(TestCaseExecutor.java:264)
	at com.kms.katalon.core.main.TestCaseExecutor.accessMainPhase(TestCaseExecutor.java:256)
	at com.kms.katalon.core.main.TestCaseExecutor.execute(TestCaseExecutor.java:200)
	at com.kms.katalon.core.main.TestSuiteExecutor.accessTestCaseMainPhase(TestSuiteExecutor.java:129)
	at com.kms.katalon.core.main.TestSuiteExecutor.accessTestSuiteMainPhase(TestSuiteExecutor.java:112)
	at com.kms.katalon.core.main.TestSuiteExecutor.execute(TestSuiteExecutor.java:81)
	at com.kms.katalon.core.main.TestCaseMain.startTestSuite(TestCaseMain.java:142)
	at com.kms.katalon.core.main.TestCaseMain$startTestSuite$0.call(Unknown Source)
	at org.codehaus.groovy.runtime.callsite.CallSiteArray.defaultCall(CallSiteArray.java:48)
	at org.codehaus.groovy.runtime.callsite.AbstractCallSite.call(AbstractCallSite.java:113)
	at org.codehaus.groovy.runtime.callsite.AbstractCallSite.call(AbstractCallSite.java:141)
	at TempTestSuite1545026672972.run(TempTestSuite1545026672972.groovy:36)
	at groovy.lang.GroovyShell.runScriptOrMainOrTestOrRunnable(GroovyShell.java:263)
	at groovy.lang.GroovyShell.run(GroovyShell.java:518)
	at groovy.lang.GroovyShell.run(GroovyShell.java:507)
	at groovy.ui.GroovyMain.processOnce(GroovyMain.java:653)
	at groovy.ui.GroovyMain.run(GroovyMain.java:384)
	at groovy.ui.GroovyMain.process(GroovyMain.java:370)
	at groovy.ui.GroovyMain.processArgs(GroovyMain.java:129)
	at groovy.ui.GroovyMain.main(GroovyMain.java:109)
	at sun.reflect.NativeMethodAccessorImpl.invoke0(Native Method)
	at sun.reflect.NativeMethodAccessorImpl.invoke(NativeMethodAccessorImpl.java:62)
	at sun.reflect.DelegatingMethodAccessorImpl.invoke(DelegatingMethodAccessorImpl.java:43)
	at java.lang.reflect.Method.invoke(Method.java:498)
	at org.codehaus.groovy.tools.GroovyStarter.rootLoader(GroovyStarter.java:109)
	at org.codehaus.groovy.tools.GroovyStarter.main(GroovyStarter.java:131)
)]]></system-err>
   </testsuite>
</testsuites>
