<?xml version="1.0" encoding="UTF-8"?>
<testsuites name="Form 3 EIS - Cessation as Employer" time="3000" tests="0" failures="11" errors="1">
   <testsuite name="Form 3 EIS - Cessation as Employer" tests="0" failures="11" errors="1" time="3000" timestamp="2018-11-25 04:12:24" hostname="Admin - Win7Test02" id="Test Suites/Workflow/Form 3 EIS - Cessation as Employer">
      <properties>
         <property name="deviceName" value=""/>
         <property name="devicePlatform" value=""/>
         <property name="logFolder" value="C:\\Users\\Admin\\Desktop\\PKS\\Perkeso Phase A\\Reports\\Workflow\\Form 3 EIS - Cessation as Employer\\20181125_002205"/>
         <property name="logFiles" value="C:\\Users\\Admin\\Desktop\\PKS\\Perkeso Phase A\\Reports\\Workflow\\Form 3 EIS - Cessation as Employer\\20181125_002205\\execution0.log"/>
         <property name="attachments" value="C:\\Users\\Admin\\Desktop\\PKS\\Perkeso Phase A\\Reports\\Workflow\\Form 3 EIS - Cessation as Employer\\20181125_002205\\1543090437974.png, C:\\Users\\Admin\\Desktop\\PKS\\Perkeso Phase A\\Reports\\Workflow\\Form 3 EIS - Cessation as Employer\\20181125_002205\\1543090441405.png, C:\\Users\\Admin\\Desktop\\PKS\\Perkeso Phase A\\Reports\\Workflow\\Form 3 EIS - Cessation as Employer\\20181125_002205\\1543090513341.png, C:\\Users\\Admin\\Desktop\\PKS\\Perkeso Phase A\\Reports\\Workflow\\Form 3 EIS - Cessation as Employer\\20181125_002205\\1543090545971.png, C:\\Users\\Admin\\Desktop\\PKS\\Perkeso Phase A\\Reports\\Workflow\\Form 3 EIS - Cessation as Employer\\20181125_002205\\1543090577644.png, C:\\Users\\Admin\\Desktop\\PKS\\Perkeso Phase A\\Reports\\Workflow\\Form 3 EIS - Cessation as Employer\\20181125_002205\\1543090610532.png, C:\\Users\\Admin\\Desktop\\PKS\\Perkeso Phase A\\Reports\\Workflow\\Form 3 EIS - Cessation as Employer\\20181125_002205\\1543090642641.png, C:\\Users\\Admin\\Desktop\\PKS\\Perkeso Phase A\\Reports\\Workflow\\Form 3 EIS - Cessation as Employer\\20181125_002205\\1543090675264.png, C:\\Users\\Admin\\Desktop\\PKS\\Perkeso Phase A\\Reports\\Workflow\\Form 3 EIS - Cessation as Employer\\20181125_002205\\1543090706698.png, C:\\Users\\Admin\\Desktop\\PKS\\Perkeso Phase A\\Reports\\Workflow\\Form 3 EIS - Cessation as Employer\\20181125_002205\\1543090740660.png, C:\\Users\\Admin\\Desktop\\PKS\\Perkeso Phase A\\Reports\\Workflow\\Form 3 EIS - Cessation as Employer\\20181125_002205\\1543090774863.png, C:\\Users\\Admin\\Desktop\\PKS\\Perkeso Phase A\\Reports\\Workflow\\Form 3 EIS - Cessation as Employer\\20181125_002205\\1543090808781.png, C:\\Users\\Admin\\Desktop\\PKS\\Perkeso Phase A\\Reports\\Workflow\\Form 3 EIS - Cessation as Employer\\20181125_002205\\1543090844097.png, C:\\Users\\Admin\\Desktop\\PKS\\Perkeso Phase A\\Reports\\Workflow\\Form 3 EIS - Cessation as Employer\\20181125_002205\\1543090875648.png, C:\\Users\\Admin\\Desktop\\PKS\\Perkeso Phase A\\Reports\\Workflow\\Form 3 EIS - Cessation as Employer\\20181125_002205\\1543090909219.png, C:\\Users\\Admin\\Desktop\\PKS\\Perkeso Phase A\\Reports\\Workflow\\Form 3 EIS - Cessation as Employer\\20181125_002205\\1543090942417.png, C:\\Users\\Admin\\Desktop\\PKS\\Perkeso Phase A\\Reports\\Workflow\\Form 3 EIS - Cessation as Employer\\20181125_002205\\1543090975831.png, C:\\Users\\Admin\\Desktop\\PKS\\Perkeso Phase A\\Reports\\Workflow\\Form 3 EIS - Cessation as Employer\\20181125_002205\\1543091062610.png, C:\\Users\\Admin\\Desktop\\PKS\\Perkeso Phase A\\Reports\\Workflow\\Form 3 EIS - Cessation as Employer\\20181125_002205\\1543091100466.png, C:\\Users\\Admin\\Desktop\\PKS\\Perkeso Phase A\\Reports\\Workflow\\Form 3 EIS - Cessation as Employer\\20181125_002205\\1543091108037.png, C:\\Users\\Admin\\Desktop\\PKS\\Perkeso Phase A\\Reports\\Workflow\\Form 3 EIS - Cessation as Employer\\20181125_002205\\1543091141638.png, C:\\Users\\Admin\\Desktop\\PKS\\Perkeso Phase A\\Reports\\Workflow\\Form 3 EIS - Cessation as Employer\\20181125_002205\\1543091175771.png, C:\\Users\\Admin\\Desktop\\PKS\\Perkeso Phase A\\Reports\\Workflow\\Form 3 EIS - Cessation as Employer\\20181125_002205\\1543091178195.png, C:\\Users\\Admin\\Desktop\\PKS\\Perkeso Phase A\\Reports\\Workflow\\Form 3 EIS - Cessation as Employer\\20181125_002205\\1543091220024.png, C:\\Users\\Admin\\Desktop\\PKS\\Perkeso Phase A\\Reports\\Workflow\\Form 3 EIS - Cessation as Employer\\20181125_002205\\1543091299477.png, C:\\Users\\Admin\\Desktop\\PKS\\Perkeso Phase A\\Reports\\Workflow\\Form 3 EIS - Cessation as Employer\\20181125_002205\\1543091336869.png, C:\\Users\\Admin\\Desktop\\PKS\\Perkeso Phase A\\Reports\\Workflow\\Form 3 EIS - Cessation as Employer\\20181125_002205\\1543091344394.png, C:\\Users\\Admin\\Desktop\\PKS\\Perkeso Phase A\\Reports\\Workflow\\Form 3 EIS - Cessation as Employer\\20181125_002205\\1543091378002.png, C:\\Users\\Admin\\Desktop\\PKS\\Perkeso Phase A\\Reports\\Workflow\\Form 3 EIS - Cessation as Employer\\20181125_002205\\1543091412067.png, C:\\Users\\Admin\\Desktop\\PKS\\Perkeso Phase A\\Reports\\Workflow\\Form 3 EIS - Cessation as Employer\\20181125_002205\\1543091414497.png, C:\\Users\\Admin\\Desktop\\PKS\\Perkeso Phase A\\Reports\\Workflow\\Form 3 EIS - Cessation as Employer\\20181125_002205\\1543091456136.png, C:\\Users\\Admin\\Desktop\\PKS\\Perkeso Phase A\\Reports\\Workflow\\Form 3 EIS - Cessation as Employer\\20181125_002205\\1543091536761.png, C:\\Users\\Admin\\Desktop\\PKS\\Perkeso Phase A\\Reports\\Workflow\\Form 3 EIS - Cessation as Employer\\20181125_002205\\1543091574146.png, C:\\Users\\Admin\\Desktop\\PKS\\Perkeso Phase A\\Reports\\Workflow\\Form 3 EIS - Cessation as Employer\\20181125_002205\\1543091581663.png, C:\\Users\\Admin\\Desktop\\PKS\\Perkeso Phase A\\Reports\\Workflow\\Form 3 EIS - Cessation as Employer\\20181125_002205\\1543091615248.png, C:\\Users\\Admin\\Desktop\\PKS\\Perkeso Phase A\\Reports\\Workflow\\Form 3 EIS - Cessation as Employer\\20181125_002205\\1543091649304.png, C:\\Users\\Admin\\Desktop\\PKS\\Perkeso Phase A\\Reports\\Workflow\\Form 3 EIS - Cessation as Employer\\20181125_002205\\1543091651732.png, C:\\Users\\Admin\\Desktop\\PKS\\Perkeso Phase A\\Reports\\Workflow\\Form 3 EIS - Cessation as Employer\\20181125_002205\\1543091693431.png, C:\\Users\\Admin\\Desktop\\PKS\\Perkeso Phase A\\Reports\\Workflow\\Form 3 EIS - Cessation as Employer\\20181125_002205\\1543091773148.png, C:\\Users\\Admin\\Desktop\\PKS\\Perkeso Phase A\\Reports\\Workflow\\Form 3 EIS - Cessation as Employer\\20181125_002205\\1543091810573.png, C:\\Users\\Admin\\Desktop\\PKS\\Perkeso Phase A\\Reports\\Workflow\\Form 3 EIS - Cessation as Employer\\20181125_002205\\1543091818079.png, C:\\Users\\Admin\\Desktop\\PKS\\Perkeso Phase A\\Reports\\Workflow\\Form 3 EIS - Cessation as Employer\\20181125_002205\\1543091851666.png, C:\\Users\\Admin\\Desktop\\PKS\\Perkeso Phase A\\Reports\\Workflow\\Form 3 EIS - Cessation as Employer\\20181125_002205\\1543091885749.png, C:\\Users\\Admin\\Desktop\\PKS\\Perkeso Phase A\\Reports\\Workflow\\Form 3 EIS - Cessation as Employer\\20181125_002205\\1543091888176.png, C:\\Users\\Admin\\Desktop\\PKS\\Perkeso Phase A\\Reports\\Workflow\\Form 3 EIS - Cessation as Employer\\20181125_002205\\1543091929823.png, C:\\Users\\Admin\\Desktop\\PKS\\Perkeso Phase A\\Reports\\Workflow\\Form 3 EIS - Cessation as Employer\\20181125_002205\\1543092007828.png, C:\\Users\\Admin\\Desktop\\PKS\\Perkeso Phase A\\Reports\\Workflow\\Form 3 EIS - Cessation as Employer\\20181125_002205\\1543092045305.png, C:\\Users\\Admin\\Desktop\\PKS\\Perkeso Phase A\\Reports\\Workflow\\Form 3 EIS - Cessation as Employer\\20181125_002205\\1543092052811.png, C:\\Users\\Admin\\Desktop\\PKS\\Perkeso Phase A\\Reports\\Workflow\\Form 3 EIS - Cessation as Employer\\20181125_002205\\1543092086399.png, C:\\Users\\Admin\\Desktop\\PKS\\Perkeso Phase A\\Reports\\Workflow\\Form 3 EIS - Cessation as Employer\\20181125_002205\\1543092120460.png, C:\\Users\\Admin\\Desktop\\PKS\\Perkeso Phase A\\Reports\\Workflow\\Form 3 EIS - Cessation as Employer\\20181125_002205\\1543092122887.png, C:\\Users\\Admin\\Desktop\\PKS\\Perkeso Phase A\\Reports\\Workflow\\Form 3 EIS - Cessation as Employer\\20181125_002205\\1543092164607.png, C:\\Users\\Admin\\Desktop\\PKS\\Perkeso Phase A\\Reports\\Workflow\\Form 3 EIS - Cessation as Employer\\20181125_002205\\1543092243700.png, C:\\Users\\Admin\\Desktop\\PKS\\Perkeso Phase A\\Reports\\Workflow\\Form 3 EIS - Cessation as Employer\\20181125_002205\\1543092281021.png, C:\\Users\\Admin\\Desktop\\PKS\\Perkeso Phase A\\Reports\\Workflow\\Form 3 EIS - Cessation as Employer\\20181125_002205\\1543092288523.png, C:\\Users\\Admin\\Desktop\\PKS\\Perkeso Phase A\\Reports\\Workflow\\Form 3 EIS - Cessation as Employer\\20181125_002205\\1543092322127.png, C:\\Users\\Admin\\Desktop\\PKS\\Perkeso Phase A\\Reports\\Workflow\\Form 3 EIS - Cessation as Employer\\20181125_002205\\1543092356200.png, C:\\Users\\Admin\\Desktop\\PKS\\Perkeso Phase A\\Reports\\Workflow\\Form 3 EIS - Cessation as Employer\\20181125_002205\\1543092358646.png, C:\\Users\\Admin\\Desktop\\PKS\\Perkeso Phase A\\Reports\\Workflow\\Form 3 EIS - Cessation as Employer\\20181125_002205\\1543092400385.png, C:\\Users\\Admin\\Desktop\\PKS\\Perkeso Phase A\\Reports\\Workflow\\Form 3 EIS - Cessation as Employer\\20181125_002205\\1543092480006.png, C:\\Users\\Admin\\Desktop\\PKS\\Perkeso Phase A\\Reports\\Workflow\\Form 3 EIS - Cessation as Employer\\20181125_002205\\1543092517318.png, C:\\Users\\Admin\\Desktop\\PKS\\Perkeso Phase A\\Reports\\Workflow\\Form 3 EIS - Cessation as Employer\\20181125_002205\\1543092524819.png, C:\\Users\\Admin\\Desktop\\PKS\\Perkeso Phase A\\Reports\\Workflow\\Form 3 EIS - Cessation as Employer\\20181125_002205\\1543092558412.png, C:\\Users\\Admin\\Desktop\\PKS\\Perkeso Phase A\\Reports\\Workflow\\Form 3 EIS - Cessation as Employer\\20181125_002205\\1543092592447.png, C:\\Users\\Admin\\Desktop\\PKS\\Perkeso Phase A\\Reports\\Workflow\\Form 3 EIS - Cessation as Employer\\20181125_002205\\1543092594873.png, C:\\Users\\Admin\\Desktop\\PKS\\Perkeso Phase A\\Reports\\Workflow\\Form 3 EIS - Cessation as Employer\\20181125_002205\\1543092636836.png, C:\\Users\\Admin\\Desktop\\PKS\\Perkeso Phase A\\Reports\\Workflow\\Form 3 EIS - Cessation as Employer\\20181125_002205\\1543092716358.png, C:\\Users\\Admin\\Desktop\\PKS\\Perkeso Phase A\\Reports\\Workflow\\Form 3 EIS - Cessation as Employer\\20181125_002205\\1543092753926.png, C:\\Users\\Admin\\Desktop\\PKS\\Perkeso Phase A\\Reports\\Workflow\\Form 3 EIS - Cessation as Employer\\20181125_002205\\1543092761437.png, C:\\Users\\Admin\\Desktop\\PKS\\Perkeso Phase A\\Reports\\Workflow\\Form 3 EIS - Cessation as Employer\\20181125_002205\\1543092795027.png, C:\\Users\\Admin\\Desktop\\PKS\\Perkeso Phase A\\Reports\\Workflow\\Form 3 EIS - Cessation as Employer\\20181125_002205\\1543092829130.png, C:\\Users\\Admin\\Desktop\\PKS\\Perkeso Phase A\\Reports\\Workflow\\Form 3 EIS - Cessation as Employer\\20181125_002205\\1543092831554.png, C:\\Users\\Admin\\Desktop\\PKS\\Perkeso Phase A\\Reports\\Workflow\\Form 3 EIS - Cessation as Employer\\20181125_002205\\1543092873154.png, C:\\Users\\Admin\\Desktop\\PKS\\Perkeso Phase A\\Reports\\Workflow\\Form 3 EIS - Cessation as Employer\\20181125_002205\\1543092951773.png, C:\\Users\\Admin\\Desktop\\PKS\\Perkeso Phase A\\Reports\\Workflow\\Form 3 EIS - Cessation as Employer\\20181125_002205\\1543092989003.png, C:\\Users\\Admin\\Desktop\\PKS\\Perkeso Phase A\\Reports\\Workflow\\Form 3 EIS - Cessation as Employer\\20181125_002205\\1543092996502.png, C:\\Users\\Admin\\Desktop\\PKS\\Perkeso Phase A\\Reports\\Workflow\\Form 3 EIS - Cessation as Employer\\20181125_002205\\1543093030100.png, C:\\Users\\Admin\\Desktop\\PKS\\Perkeso Phase A\\Reports\\Workflow\\Form 3 EIS - Cessation as Employer\\20181125_002205\\1543093064173.png, C:\\Users\\Admin\\Desktop\\PKS\\Perkeso Phase A\\Reports\\Workflow\\Form 3 EIS - Cessation as Employer\\20181125_002205\\1543093066596.png, C:\\Users\\Admin\\Desktop\\PKS\\Perkeso Phase A\\Reports\\Workflow\\Form 3 EIS - Cessation as Employer\\20181125_002205\\1543093108251.png, C:\\Users\\Admin\\Desktop\\PKS\\Perkeso Phase A\\Reports\\Workflow\\Form 3 EIS - Cessation as Employer\\20181125_002205\\1543093187709.png, C:\\Users\\Admin\\Desktop\\PKS\\Perkeso Phase A\\Reports\\Workflow\\Form 3 EIS - Cessation as Employer\\20181125_002205\\1543093224891.png, C:\\Users\\Admin\\Desktop\\PKS\\Perkeso Phase A\\Reports\\Workflow\\Form 3 EIS - Cessation as Employer\\20181125_002205\\1543093232396.png, C:\\Users\\Admin\\Desktop\\PKS\\Perkeso Phase A\\Reports\\Workflow\\Form 3 EIS - Cessation as Employer\\20181125_002205\\1543093265995.png, C:\\Users\\Admin\\Desktop\\PKS\\Perkeso Phase A\\Reports\\Workflow\\Form 3 EIS - Cessation as Employer\\20181125_002205\\1543093300041.png, C:\\Users\\Admin\\Desktop\\PKS\\Perkeso Phase A\\Reports\\Workflow\\Form 3 EIS - Cessation as Employer\\20181125_002205\\1543093302461.png, C:\\Users\\Admin\\Desktop\\PKS\\Perkeso Phase A\\Reports\\Workflow\\Form 3 EIS - Cessation as Employer\\20181125_002205\\1543093344227.png"/>
         <property name="hostName" value="Admin - Win7Test02"/>
         <property name="os" value="Windows 7 64bit"/>
         <property name="katalonVersion" value="5.8.6.1"/>
         <property name="browser" value="Chrome 70.0.3538.102"/>
         <property name="hostAddress" value="10.20.3.72"/>
         <property name="sessionId" value="8867dee7e862c2a90070c392bb61d775"/>
         <property name="seleniumVersion" value="3.7.1"/>
         <property name="proxyInformation" value="ProxyInformation{proxyOption=NO_PROXY, proxyServerType=HTTP, password=, proxyServerAddress=, proxyServerPort=0}"/>
         <property name="platform" value="Windows 7"/>
      </properties>
      <testcase name="Test Cases/Final Aug 2018 - PKS Automation/Registration Module/Workflow/Form 3 EIS - Cessation As Employer/Employer to UO (Approve)" classname="Test Cases/Final Aug 2018 - PKS Automation/Registration Module/Workflow/Form 3 EIS - Cessation As Employer/Employer to UO (Approve)" status="FAILED">
         <failure type="FAILED" message="(Stack trace: com.kms.katalon.core.exception.StepFailedException: Unable to set text 'perkeso192274782857@gmail.com' of object 'Object Repository/Final Object Repo/Creating Employer Account/Page_Users and Organizations - ASSIST/Employer name' (Root cause: org.openqa.selenium.ElementNotVisibleException: element not interactable
  (Session info: chrome=70.0.3538.102)
  (Driver info: chromedriver=2.43.600210 (68dcf5eebde37173d4027fa8635e332711d2874a),platform=Windows NT 6.1.7601 SP1 x86_64) (WARNING: The server did not provide any stacktrace information)
Command duration or timeout: 0 milliseconds
Build info: version: '3.7.1', revision: '8a0099a', time: '2017-11-06T21:07:36.161Z'
System info: host: 'WIN7TEST02', ip: '10.20.3.72', os.name: 'Windows 7', os.arch: 'amd64', os.version: '6.1', java.version: '1.8.0_181'
Driver info: com.kms.katalon.selenium.driver.CChromeDriver
Capabilities {acceptInsecureCerts: false, acceptSslCerts: false, applicationCacheEnabled: false, browserConnectionEnabled: false, browserName: chrome, chrome: {chromedriverVersion: 2.43.600210 (68dcf5eebde371..., userDataDir: C:\Users\Admin\AppData\Loca...}, cssSelectorsEnabled: true, databaseEnabled: false, goog:chromeOptions: {debuggerAddress: localhost:53134}, handlesAlerts: true, hasTouchScreen: false, javascriptEnabled: true, locationContextEnabled: true, mobileEmulationEnabled: false, nativeEvents: true, networkConnectionEnabled: false, pageLoadStrategy: normal, platform: XP, platformName: XP, rotatable: false, setWindowRect: true, takesHeapSnapshot: true, takesScreenshot: true, unexpectedAlertBehaviour: , unhandledPromptBehavior: , version: 70.0.3538.102, webStorageEnabled: true}
Session ID: 412f4d02dbeb8017686d0baec7080c59)
	at com.kms.katalon.core.keyword.internal.KeywordMain.stepFailed(KeywordMain.groovy:32)
	at com.kms.katalon.core.webui.keyword.internal.WebUIKeywordMain.stepFailed(WebUIKeywordMain.groovy:65)
	at com.kms.katalon.core.webui.keyword.internal.WebUIKeywordMain.runKeyword(WebUIKeywordMain.groovy:27)
	at com.kms.katalon.core.webui.keyword.builtin.SetTextKeyword.setText(SetTextKeyword.groovy:65)
	at com.kms.katalon.core.webui.keyword.builtin.SetTextKeyword.execute(SetTextKeyword.groovy:37)
	at com.kms.katalon.core.keyword.internal.KeywordExecutor.executeKeywordForPlatform(KeywordExecutor.groovy:53)
	at com.kms.katalon.core.webui.keyword.WebUiBuiltInKeywords.setText(WebUiBuiltInKeywords.groovy:950)
	at com.kms.katalon.core.webui.keyword.WebUiBuiltInKeywords$setText$1.call(Unknown Source)
	at org.codehaus.groovy.runtime.callsite.CallSiteArray.defaultCall(CallSiteArray.java:48)
	at org.codehaus.groovy.runtime.callsite.AbstractCallSite.call(AbstractCallSite.java:113)
	at org.codehaus.groovy.runtime.callsite.AbstractCallSite.call(AbstractCallSite.java:133)
	at Script1536897267453.run(Script1536897267453.groovy:46)
	at com.kms.katalon.core.main.ScriptEngine.run(ScriptEngine.java:183)
	at com.kms.katalon.core.main.ScriptEngine.runScriptAsRawText(ScriptEngine.java:108)
	at com.kms.katalon.core.main.TestCaseExecutor.runScript(TestCaseExecutor.java:294)
	at com.kms.katalon.core.main.TestCaseExecutor.doExecute(TestCaseExecutor.java:285)
	at com.kms.katalon.core.main.TestCaseExecutor.processExecutionPhase(TestCaseExecutor.java:264)
	at com.kms.katalon.core.main.TestCaseExecutor.accessMainPhase(TestCaseExecutor.java:256)
	at com.kms.katalon.core.main.TestCaseExecutor.execute(TestCaseExecutor.java:200)
	at com.kms.katalon.core.main.TestCaseMain.runTestCase(TestCaseMain.java:99)
	at com.kms.katalon.core.keyword.builtin.CallTestCaseKeyword$_callTestCase_closure1.doCall(CallTestCaseKeyword.groovy:60)
	at com.kms.katalon.core.keyword.builtin.CallTestCaseKeyword$_callTestCase_closure1.call(CallTestCaseKeyword.groovy)
	at com.kms.katalon.core.keyword.internal.KeywordMain.runKeyword(KeywordMain.groovy:54)
	at com.kms.katalon.core.keyword.builtin.CallTestCaseKeyword.callTestCase(CallTestCaseKeyword.groovy:81)
	at com.kms.katalon.core.keyword.builtin.CallTestCaseKeyword.execute(CallTestCaseKeyword.groovy:45)
	at com.kms.katalon.core.keyword.internal.KeywordExecutor.executeKeywordForPlatform(KeywordExecutor.groovy:53)
	at com.kms.katalon.core.keyword.BuiltinKeywords.callTestCase(BuiltinKeywords.groovy:334)
	at sun.reflect.NativeMethodAccessorImpl.invoke0(Native Method)
	at sun.reflect.NativeMethodAccessorImpl.invoke(NativeMethodAccessorImpl.java:62)
	at sun.reflect.DelegatingMethodAccessorImpl.invoke(DelegatingMethodAccessorImpl.java:43)
	at java.lang.reflect.Method.invoke(Method.java:498)
	at org.codehaus.groovy.reflection.CachedMethod.invoke(CachedMethod.java:93)
	at groovy.lang.MetaMethod.doMethodInvoke(MetaMethod.java:325)
	at groovy.lang.MetaClassImpl.invokeStaticMethod(MetaClassImpl.java:1469)
	at org.codehaus.groovy.runtime.callsite.StaticMetaClassSite.call(StaticMetaClassSite.java:53)
	at org.codehaus.groovy.runtime.callsite.CallSiteArray.defaultCall(CallSiteArray.java:48)
	at org.codehaus.groovy.runtime.callsite.AbstractCallSite.call(AbstractCallSite.java:113)
	at org.codehaus.groovy.runtime.callsite.AbstractCallSite.call(AbstractCallSite.java:141)
	at Script1536897267443.run(Script1536897267443.groovy:30)
	at com.kms.katalon.core.main.ScriptEngine.run(ScriptEngine.java:183)
	at com.kms.katalon.core.main.ScriptEngine.runScriptAsRawText(ScriptEngine.java:108)
	at com.kms.katalon.core.main.TestCaseExecutor.runScript(TestCaseExecutor.java:294)
	at com.kms.katalon.core.main.TestCaseExecutor.doExecute(TestCaseExecutor.java:285)
	at com.kms.katalon.core.main.TestCaseExecutor.processExecutionPhase(TestCaseExecutor.java:264)
	at com.kms.katalon.core.main.TestCaseExecutor.accessMainPhase(TestCaseExecutor.java:256)
	at com.kms.katalon.core.main.TestCaseExecutor.execute(TestCaseExecutor.java:200)
	at com.kms.katalon.core.main.TestCaseMain.runTestCase(TestCaseMain.java:99)
	at com.kms.katalon.core.keyword.builtin.CallTestCaseKeyword$_callTestCase_closure1.doCall(CallTestCaseKeyword.groovy:60)
	at com.kms.katalon.core.keyword.builtin.CallTestCaseKeyword$_callTestCase_closure1.call(CallTestCaseKeyword.groovy)
	at com.kms.katalon.core.keyword.internal.KeywordMain.runKeyword(KeywordMain.groovy:54)
	at com.kms.katalon.core.keyword.builtin.CallTestCaseKeyword.callTestCase(CallTestCaseKeyword.groovy:81)
	at com.kms.katalon.core.keyword.builtin.CallTestCaseKeyword.execute(CallTestCaseKeyword.groovy:45)
	at com.kms.katalon.core.keyword.internal.KeywordExecutor.executeKeywordForPlatform(KeywordExecutor.groovy:53)
	at com.kms.katalon.core.keyword.BuiltinKeywords.callTestCase(BuiltinKeywords.groovy:334)
	at sun.reflect.NativeMethodAccessorImpl.invoke0(Native Method)
	at sun.reflect.NativeMethodAccessorImpl.invoke(NativeMethodAccessorImpl.java:62)
	at sun.reflect.DelegatingMethodAccessorImpl.invoke(DelegatingMethodAccessorImpl.java:43)
	at java.lang.reflect.Method.invoke(Method.java:498)
	at org.codehaus.groovy.reflection.CachedMethod.invoke(CachedMethod.java:93)
	at groovy.lang.MetaMethod.doMethodInvoke(MetaMethod.java:325)
	at groovy.lang.MetaClassImpl.invokeStaticMethod(MetaClassImpl.java:1469)
	at org.codehaus.groovy.runtime.callsite.StaticMetaClassSite.call(StaticMetaClassSite.java:53)
	at org.codehaus.groovy.runtime.callsite.CallSiteArray.defaultCall(CallSiteArray.java:48)
	at org.codehaus.groovy.runtime.callsite.AbstractCallSite.call(AbstractCallSite.java:113)
	at org.codehaus.groovy.runtime.callsite.AbstractCallSite.call(AbstractCallSite.java:141)
	at Script1537255938886.run(Script1537255938886.groovy:22)
	at com.kms.katalon.core.main.ScriptEngine.run(ScriptEngine.java:183)
	at com.kms.katalon.core.main.ScriptEngine.runScriptAsRawText(ScriptEngine.java:108)
	at com.kms.katalon.core.main.TestCaseExecutor.runScript(TestCaseExecutor.java:294)
	at com.kms.katalon.core.main.TestCaseExecutor.doExecute(TestCaseExecutor.java:285)
	at com.kms.katalon.core.main.TestCaseExecutor.processExecutionPhase(TestCaseExecutor.java:264)
	at com.kms.katalon.core.main.TestCaseExecutor.accessMainPhase(TestCaseExecutor.java:256)
	at com.kms.katalon.core.main.TestCaseExecutor.execute(TestCaseExecutor.java:200)
	at com.kms.katalon.core.main.TestCaseMain.runTestCase(TestCaseMain.java:99)
	at com.kms.katalon.core.keyword.builtin.CallTestCaseKeyword$_callTestCase_closure1.doCall(CallTestCaseKeyword.groovy:60)
	at com.kms.katalon.core.keyword.builtin.CallTestCaseKeyword$_callTestCase_closure1.call(CallTestCaseKeyword.groovy)
	at com.kms.katalon.core.keyword.internal.KeywordMain.runKeyword(KeywordMain.groovy:54)
	at com.kms.katalon.core.keyword.builtin.CallTestCaseKeyword.callTestCase(CallTestCaseKeyword.groovy:81)
	at com.kms.katalon.core.keyword.builtin.CallTestCaseKeyword.execute(CallTestCaseKeyword.groovy:45)
	at com.kms.katalon.core.keyword.internal.KeywordExecutor.executeKeywordForPlatform(KeywordExecutor.groovy:53)
	at com.kms.katalon.core.keyword.BuiltinKeywords.callTestCase(BuiltinKeywords.groovy:334)
	at sun.reflect.NativeMethodAccessorImpl.invoke0(Native Method)
	at sun.reflect.NativeMethodAccessorImpl.invoke(NativeMethodAccessorImpl.java:62)
	at sun.reflect.DelegatingMethodAccessorImpl.invoke(DelegatingMethodAccessorImpl.java:43)
	at java.lang.reflect.Method.invoke(Method.java:498)
	at org.codehaus.groovy.reflection.CachedMethod.invoke(CachedMethod.java:93)
	at groovy.lang.MetaMethod.doMethodInvoke(MetaMethod.java:325)
	at groovy.lang.MetaClassImpl.invokeStaticMethod(MetaClassImpl.java:1469)
	at org.codehaus.groovy.runtime.callsite.StaticMetaClassSite.call(StaticMetaClassSite.java:53)
	at org.codehaus.groovy.runtime.callsite.CallSiteArray.defaultCall(CallSiteArray.java:48)
	at org.codehaus.groovy.runtime.callsite.AbstractCallSite.call(AbstractCallSite.java:113)
	at org.codehaus.groovy.runtime.callsite.AbstractCallSite.call(AbstractCallSite.java:141)
	at Script1536732166908.run(Script1536732166908.groovy:23)
	at com.kms.katalon.core.main.ScriptEngine.run(ScriptEngine.java:183)
	at com.kms.katalon.core.main.ScriptEngine.runScriptAsRawText(ScriptEngine.java:108)
	at com.kms.katalon.core.main.TestCaseExecutor.runScript(TestCaseExecutor.java:294)
	at com.kms.katalon.core.main.TestCaseExecutor.doExecute(TestCaseExecutor.java:285)
	at com.kms.katalon.core.main.TestCaseExecutor.processExecutionPhase(TestCaseExecutor.java:264)
	at com.kms.katalon.core.main.TestCaseExecutor.accessMainPhase(TestCaseExecutor.java:256)
	at com.kms.katalon.core.main.TestCaseExecutor.execute(TestCaseExecutor.java:200)
	at com.kms.katalon.core.main.TestCaseMain.runTestCase(TestCaseMain.java:99)
	at com.kms.katalon.core.keyword.builtin.CallTestCaseKeyword$_callTestCase_closure1.doCall(CallTestCaseKeyword.groovy:60)
	at com.kms.katalon.core.keyword.builtin.CallTestCaseKeyword$_callTestCase_closure1.call(CallTestCaseKeyword.groovy)
	at com.kms.katalon.core.keyword.internal.KeywordMain.runKeyword(KeywordMain.groovy:54)
	at com.kms.katalon.core.keyword.builtin.CallTestCaseKeyword.callTestCase(CallTestCaseKeyword.groovy:81)
	at com.kms.katalon.core.keyword.builtin.CallTestCaseKeyword.execute(CallTestCaseKeyword.groovy:45)
	at com.kms.katalon.core.keyword.internal.KeywordExecutor.executeKeywordForPlatform(KeywordExecutor.groovy:53)
	at com.kms.katalon.core.keyword.BuiltinKeywords.callTestCase(BuiltinKeywords.groovy:334)
	at sun.reflect.NativeMethodAccessorImpl.invoke0(Native Method)
	at sun.reflect.NativeMethodAccessorImpl.invoke(NativeMethodAccessorImpl.java:62)
	at sun.reflect.DelegatingMethodAccessorImpl.invoke(DelegatingMethodAccessorImpl.java:43)
	at java.lang.reflect.Method.invoke(Method.java:498)
	at org.codehaus.groovy.reflection.CachedMethod.invoke(CachedMethod.java:93)
	at groovy.lang.MetaMethod.doMethodInvoke(MetaMethod.java:325)
	at groovy.lang.MetaClassImpl.invokeStaticMethod(MetaClassImpl.java:1469)
	at org.codehaus.groovy.runtime.callsite.StaticMetaClassSite.call(StaticMetaClassSite.java:53)
	at org.codehaus.groovy.runtime.callsite.CallSiteArray.defaultCall(CallSiteArray.java:48)
	at org.codehaus.groovy.runtime.callsite.AbstractCallSite.call(AbstractCallSite.java:113)
	at org.codehaus.groovy.runtime.callsite.AbstractCallSite.call(AbstractCallSite.java:141)
	at Script1536733676931.run(Script1536733676931.groovy:22)
	at com.kms.katalon.core.main.ScriptEngine.run(ScriptEngine.java:183)
	at com.kms.katalon.core.main.ScriptEngine.runScriptAsRawText(ScriptEngine.java:108)
	at com.kms.katalon.core.main.TestCaseExecutor.runScript(TestCaseExecutor.java:294)
	at com.kms.katalon.core.main.TestCaseExecutor.doExecute(TestCaseExecutor.java:285)
	at com.kms.katalon.core.main.TestCaseExecutor.processExecutionPhase(TestCaseExecutor.java:264)
	at com.kms.katalon.core.main.TestCaseExecutor.accessMainPhase(TestCaseExecutor.java:256)
	at com.kms.katalon.core.main.TestCaseExecutor.execute(TestCaseExecutor.java:200)
	at com.kms.katalon.core.main.TestSuiteExecutor.accessTestCaseMainPhase(TestSuiteExecutor.java:129)
	at com.kms.katalon.core.main.TestSuiteExecutor.accessTestSuiteMainPhase(TestSuiteExecutor.java:112)
	at com.kms.katalon.core.main.TestSuiteExecutor.execute(TestSuiteExecutor.java:81)
	at com.kms.katalon.core.main.TestCaseMain.startTestSuite(TestCaseMain.java:142)
	at com.kms.katalon.core.main.TestCaseMain$startTestSuite$0.call(Unknown Source)
	at org.codehaus.groovy.runtime.callsite.CallSiteArray.defaultCall(CallSiteArray.java:48)
	at org.codehaus.groovy.runtime.callsite.AbstractCallSite.call(AbstractCallSite.java:113)
	at org.codehaus.groovy.runtime.callsite.AbstractCallSite.call(AbstractCallSite.java:141)
	at TempTestSuite1543076525234.run(TempTestSuite1543076525234.groovy:36)
	at groovy.lang.GroovyShell.runScriptOrMainOrTestOrRunnable(GroovyShell.java:263)
	at groovy.lang.GroovyShell.run(GroovyShell.java:518)
	at groovy.lang.GroovyShell.run(GroovyShell.java:507)
	at groovy.ui.GroovyMain.processOnce(GroovyMain.java:653)
	at groovy.ui.GroovyMain.run(GroovyMain.java:384)
	at groovy.ui.GroovyMain.process(GroovyMain.java:370)
	at groovy.ui.GroovyMain.processArgs(GroovyMain.java:129)
	at groovy.ui.GroovyMain.main(GroovyMain.java:109)
	at sun.reflect.NativeMethodAccessorImpl.invoke0(Native Method)
	at sun.reflect.NativeMethodAccessorImpl.invoke(NativeMethodAccessorImpl.java:62)
	at sun.reflect.DelegatingMethodAccessorImpl.invoke(DelegatingMethodAccessorImpl.java:43)
	at java.lang.reflect.Method.invoke(Method.java:498)
	at org.codehaus.groovy.tools.GroovyStarter.rootLoader(GroovyStarter.java:109)
	at org.codehaus.groovy.tools.GroovyStarter.main(GroovyStarter.java:131)
)"/>
         <system-out><![CDATA[2018-11-25 04:12:24 - [TEST_CASE][FAILED] - Test Cases/Final Aug 2018 - PKS Automation/Registration Module/Workflow/Form 3 EIS - Cessation As Employer/Employer to UO (Approve): Test Cases/Final Aug 2018 - PKS Automation/Registration Module/Workflow/Form 3 EIS - Cessation As Employer/Employer to UO (Approve) FAILED because (of) (Stack trace: com.kms.katalon.core.exception.StepFailedException: Unable to set text 'perkeso192274782857@gmail.com' of object 'Object Repository/Final Object Repo/Creating Employer Account/Page_Users and Organizations - ASSIST/Employer name' (Root cause: org.openqa.selenium.ElementNotVisibleException: element not interactable
  (Session info: chrome=70.0.3538.102)
  (Driver info: chromedriver=2.43.600210 (68dcf5eebde37173d4027fa8635e332711d2874a),platform=Windows NT 6.1.7601 SP1 x86_64) (WARNING: The server did not provide any stacktrace information)
Command duration or timeout: 0 milliseconds
Build info: version: '3.7.1', revision: '8a0099a', time: '2017-11-06T21:07:36.161Z'
System info: host: 'WIN7TEST02', ip: '10.20.3.72', os.name: 'Windows 7', os.arch: 'amd64', os.version: '6.1', java.version: '1.8.0_181'
Driver info: com.kms.katalon.selenium.driver.CChromeDriver
Capabilities {acceptInsecureCerts: false, acceptSslCerts: false, applicationCacheEnabled: false, browserConnectionEnabled: false, browserName: chrome, chrome: {chromedriverVersion: 2.43.600210 (68dcf5eebde371..., userDataDir: C:\Users\Admin\AppData\Loca...}, cssSelectorsEnabled: true, databaseEnabled: false, goog:chromeOptions: {debuggerAddress: localhost:53134}, handlesAlerts: true, hasTouchScreen: false, javascriptEnabled: true, locationContextEnabled: true, mobileEmulationEnabled: false, nativeEvents: true, networkConnectionEnabled: false, pageLoadStrategy: normal, platform: XP, platformName: XP, rotatable: false, setWindowRect: true, takesHeapSnapshot: true, takesScreenshot: true, unexpectedAlertBehaviour: , unhandledPromptBehavior: , version: 70.0.3538.102, webStorageEnabled: true}
Session ID: 412f4d02dbeb8017686d0baec7080c59)
	at com.kms.katalon.core.keyword.internal.KeywordMain.stepFailed(KeywordMain.groovy:32)
	at com.kms.katalon.core.webui.keyword.internal.WebUIKeywordMain.stepFailed(WebUIKeywordMain.groovy:65)
	at com.kms.katalon.core.webui.keyword.internal.WebUIKeywordMain.runKeyword(WebUIKeywordMain.groovy:27)
	at com.kms.katalon.core.webui.keyword.builtin.SetTextKeyword.setText(SetTextKeyword.groovy:65)
	at com.kms.katalon.core.webui.keyword.builtin.SetTextKeyword.execute(SetTextKeyword.groovy:37)
	at com.kms.katalon.core.keyword.internal.KeywordExecutor.executeKeywordForPlatform(KeywordExecutor.groovy:53)
	at com.kms.katalon.core.webui.keyword.WebUiBuiltInKeywords.setText(WebUiBuiltInKeywords.groovy:950)
	at com.kms.katalon.core.webui.keyword.WebUiBuiltInKeywords$setText$1.call(Unknown Source)
	at org.codehaus.groovy.runtime.callsite.CallSiteArray.defaultCall(CallSiteArray.java:48)
	at org.codehaus.groovy.runtime.callsite.AbstractCallSite.call(AbstractCallSite.java:113)
	at org.codehaus.groovy.runtime.callsite.AbstractCallSite.call(AbstractCallSite.java:133)
	at Script1536897267453.run(Script1536897267453.groovy:46)
	at com.kms.katalon.core.main.ScriptEngine.run(ScriptEngine.java:183)
	at com.kms.katalon.core.main.ScriptEngine.runScriptAsRawText(ScriptEngine.java:108)
	at com.kms.katalon.core.main.TestCaseExecutor.runScript(TestCaseExecutor.java:294)
	at com.kms.katalon.core.main.TestCaseExecutor.doExecute(TestCaseExecutor.java:285)
	at com.kms.katalon.core.main.TestCaseExecutor.processExecutionPhase(TestCaseExecutor.java:264)
	at com.kms.katalon.core.main.TestCaseExecutor.accessMainPhase(TestCaseExecutor.java:256)
	at com.kms.katalon.core.main.TestCaseExecutor.execute(TestCaseExecutor.java:200)
	at com.kms.katalon.core.main.TestCaseMain.runTestCase(TestCaseMain.java:99)
	at com.kms.katalon.core.keyword.builtin.CallTestCaseKeyword$_callTestCase_closure1.doCall(CallTestCaseKeyword.groovy:60)
	at com.kms.katalon.core.keyword.builtin.CallTestCaseKeyword$_callTestCase_closure1.call(CallTestCaseKeyword.groovy)
	at com.kms.katalon.core.keyword.internal.KeywordMain.runKeyword(KeywordMain.groovy:54)
	at com.kms.katalon.core.keyword.builtin.CallTestCaseKeyword.callTestCase(CallTestCaseKeyword.groovy:81)
	at com.kms.katalon.core.keyword.builtin.CallTestCaseKeyword.execute(CallTestCaseKeyword.groovy:45)
	at com.kms.katalon.core.keyword.internal.KeywordExecutor.executeKeywordForPlatform(KeywordExecutor.groovy:53)
	at com.kms.katalon.core.keyword.BuiltinKeywords.callTestCase(BuiltinKeywords.groovy:334)
	at sun.reflect.NativeMethodAccessorImpl.invoke0(Native Method)
	at sun.reflect.NativeMethodAccessorImpl.invoke(NativeMethodAccessorImpl.java:62)
	at sun.reflect.DelegatingMethodAccessorImpl.invoke(DelegatingMethodAccessorImpl.java:43)
	at java.lang.reflect.Method.invoke(Method.java:498)
	at org.codehaus.groovy.reflection.CachedMethod.invoke(CachedMethod.java:93)
	at groovy.lang.MetaMethod.doMethodInvoke(MetaMethod.java:325)
	at groovy.lang.MetaClassImpl.invokeStaticMethod(MetaClassImpl.java:1469)
	at org.codehaus.groovy.runtime.callsite.StaticMetaClassSite.call(StaticMetaClassSite.java:53)
	at org.codehaus.groovy.runtime.callsite.CallSiteArray.defaultCall(CallSiteArray.java:48)
	at org.codehaus.groovy.runtime.callsite.AbstractCallSite.call(AbstractCallSite.java:113)
	at org.codehaus.groovy.runtime.callsite.AbstractCallSite.call(AbstractCallSite.java:141)
	at Script1536897267443.run(Script1536897267443.groovy:30)
	at com.kms.katalon.core.main.ScriptEngine.run(ScriptEngine.java:183)
	at com.kms.katalon.core.main.ScriptEngine.runScriptAsRawText(ScriptEngine.java:108)
	at com.kms.katalon.core.main.TestCaseExecutor.runScript(TestCaseExecutor.java:294)
	at com.kms.katalon.core.main.TestCaseExecutor.doExecute(TestCaseExecutor.java:285)
	at com.kms.katalon.core.main.TestCaseExecutor.processExecutionPhase(TestCaseExecutor.java:264)
	at com.kms.katalon.core.main.TestCaseExecutor.accessMainPhase(TestCaseExecutor.java:256)
	at com.kms.katalon.core.main.TestCaseExecutor.execute(TestCaseExecutor.java:200)
	at com.kms.katalon.core.main.TestCaseMain.runTestCase(TestCaseMain.java:99)
	at com.kms.katalon.core.keyword.builtin.CallTestCaseKeyword$_callTestCase_closure1.doCall(CallTestCaseKeyword.groovy:60)
	at com.kms.katalon.core.keyword.builtin.CallTestCaseKeyword$_callTestCase_closure1.call(CallTestCaseKeyword.groovy)
	at com.kms.katalon.core.keyword.internal.KeywordMain.runKeyword(KeywordMain.groovy:54)
	at com.kms.katalon.core.keyword.builtin.CallTestCaseKeyword.callTestCase(CallTestCaseKeyword.groovy:81)
	at com.kms.katalon.core.keyword.builtin.CallTestCaseKeyword.execute(CallTestCaseKeyword.groovy:45)
	at com.kms.katalon.core.keyword.internal.KeywordExecutor.executeKeywordForPlatform(KeywordExecutor.groovy:53)
	at com.kms.katalon.core.keyword.BuiltinKeywords.callTestCase(BuiltinKeywords.groovy:334)
	at sun.reflect.NativeMethodAccessorImpl.invoke0(Native Method)
	at sun.reflect.NativeMethodAccessorImpl.invoke(NativeMethodAccessorImpl.java:62)
	at sun.reflect.DelegatingMethodAccessorImpl.invoke(DelegatingMethodAccessorImpl.java:43)
	at java.lang.reflect.Method.invoke(Method.java:498)
	at org.codehaus.groovy.reflection.CachedMethod.invoke(CachedMethod.java:93)
	at groovy.lang.MetaMethod.doMethodInvoke(MetaMethod.java:325)
	at groovy.lang.MetaClassImpl.invokeStaticMethod(MetaClassImpl.java:1469)
	at org.codehaus.groovy.runtime.callsite.StaticMetaClassSite.call(StaticMetaClassSite.java:53)
	at org.codehaus.groovy.runtime.callsite.CallSiteArray.defaultCall(CallSiteArray.java:48)
	at org.codehaus.groovy.runtime.callsite.AbstractCallSite.call(AbstractCallSite.java:113)
	at org.codehaus.groovy.runtime.callsite.AbstractCallSite.call(AbstractCallSite.java:141)
	at Script1537255938886.run(Script1537255938886.groovy:22)
	at com.kms.katalon.core.main.ScriptEngine.run(ScriptEngine.java:183)
	at com.kms.katalon.core.main.ScriptEngine.runScriptAsRawText(ScriptEngine.java:108)
	at com.kms.katalon.core.main.TestCaseExecutor.runScript(TestCaseExecutor.java:294)
	at com.kms.katalon.core.main.TestCaseExecutor.doExecute(TestCaseExecutor.java:285)
	at com.kms.katalon.core.main.TestCaseExecutor.processExecutionPhase(TestCaseExecutor.java:264)
	at com.kms.katalon.core.main.TestCaseExecutor.accessMainPhase(TestCaseExecutor.java:256)
	at com.kms.katalon.core.main.TestCaseExecutor.execute(TestCaseExecutor.java:200)
	at com.kms.katalon.core.main.TestCaseMain.runTestCase(TestCaseMain.java:99)
	at com.kms.katalon.core.keyword.builtin.CallTestCaseKeyword$_callTestCase_closure1.doCall(CallTestCaseKeyword.groovy:60)
	at com.kms.katalon.core.keyword.builtin.CallTestCaseKeyword$_callTestCase_closure1.call(CallTestCaseKeyword.groovy)
	at com.kms.katalon.core.keyword.internal.KeywordMain.runKeyword(KeywordMain.groovy:54)
	at com.kms.katalon.core.keyword.builtin.CallTestCaseKeyword.callTestCase(CallTestCaseKeyword.groovy:81)
	at com.kms.katalon.core.keyword.builtin.CallTestCaseKeyword.execute(CallTestCaseKeyword.groovy:45)
	at com.kms.katalon.core.keyword.internal.KeywordExecutor.executeKeywordForPlatform(KeywordExecutor.groovy:53)
	at com.kms.katalon.core.keyword.BuiltinKeywords.callTestCase(BuiltinKeywords.groovy:334)
	at sun.reflect.NativeMethodAccessorImpl.invoke0(Native Method)
	at sun.reflect.NativeMethodAccessorImpl.invoke(NativeMethodAccessorImpl.java:62)
	at sun.reflect.DelegatingMethodAccessorImpl.invoke(DelegatingMethodAccessorImpl.java:43)
	at java.lang.reflect.Method.invoke(Method.java:498)
	at org.codehaus.groovy.reflection.CachedMethod.invoke(CachedMethod.java:93)
	at groovy.lang.MetaMethod.doMethodInvoke(MetaMethod.java:325)
	at groovy.lang.MetaClassImpl.invokeStaticMethod(MetaClassImpl.java:1469)
	at org.codehaus.groovy.runtime.callsite.StaticMetaClassSite.call(StaticMetaClassSite.java:53)
	at org.codehaus.groovy.runtime.callsite.CallSiteArray.defaultCall(CallSiteArray.java:48)
	at org.codehaus.groovy.runtime.callsite.AbstractCallSite.call(AbstractCallSite.java:113)
	at org.codehaus.groovy.runtime.callsite.AbstractCallSite.call(AbstractCallSite.java:141)
	at Script1536732166908.run(Script1536732166908.groovy:23)
	at com.kms.katalon.core.main.ScriptEngine.run(ScriptEngine.java:183)
	at com.kms.katalon.core.main.ScriptEngine.runScriptAsRawText(ScriptEngine.java:108)
	at com.kms.katalon.core.main.TestCaseExecutor.runScript(TestCaseExecutor.java:294)
	at com.kms.katalon.core.main.TestCaseExecutor.doExecute(TestCaseExecutor.java:285)
	at com.kms.katalon.core.main.TestCaseExecutor.processExecutionPhase(TestCaseExecutor.java:264)
	at com.kms.katalon.core.main.TestCaseExecutor.accessMainPhase(TestCaseExecutor.java:256)
	at com.kms.katalon.core.main.TestCaseExecutor.execute(TestCaseExecutor.java:200)
	at com.kms.katalon.core.main.TestCaseMain.runTestCase(TestCaseMain.java:99)
	at com.kms.katalon.core.keyword.builtin.CallTestCaseKeyword$_callTestCase_closure1.doCall(CallTestCaseKeyword.groovy:60)
	at com.kms.katalon.core.keyword.builtin.CallTestCaseKeyword$_callTestCase_closure1.call(CallTestCaseKeyword.groovy)
	at com.kms.katalon.core.keyword.internal.KeywordMain.runKeyword(KeywordMain.groovy:54)
	at com.kms.katalon.core.keyword.builtin.CallTestCaseKeyword.callTestCase(CallTestCaseKeyword.groovy:81)
	at com.kms.katalon.core.keyword.builtin.CallTestCaseKeyword.execute(CallTestCaseKeyword.groovy:45)
	at com.kms.katalon.core.keyword.internal.KeywordExecutor.executeKeywordForPlatform(KeywordExecutor.groovy:53)
	at com.kms.katalon.core.keyword.BuiltinKeywords.callTestCase(BuiltinKeywords.groovy:334)
	at sun.reflect.NativeMethodAccessorImpl.invoke0(Native Method)
	at sun.reflect.NativeMethodAccessorImpl.invoke(NativeMethodAccessorImpl.java:62)
	at sun.reflect.DelegatingMethodAccessorImpl.invoke(DelegatingMethodAccessorImpl.java:43)
	at java.lang.reflect.Method.invoke(Method.java:498)
	at org.codehaus.groovy.reflection.CachedMethod.invoke(CachedMethod.java:93)
	at groovy.lang.MetaMethod.doMethodInvoke(MetaMethod.java:325)
	at groovy.lang.MetaClassImpl.invokeStaticMethod(MetaClassImpl.java:1469)
	at org.codehaus.groovy.runtime.callsite.StaticMetaClassSite.call(StaticMetaClassSite.java:53)
	at org.codehaus.groovy.runtime.callsite.CallSiteArray.defaultCall(CallSiteArray.java:48)
	at org.codehaus.groovy.runtime.callsite.AbstractCallSite.call(AbstractCallSite.java:113)
	at org.codehaus.groovy.runtime.callsite.AbstractCallSite.call(AbstractCallSite.java:141)
	at Script1536733676931.run(Script1536733676931.groovy:22)
	at com.kms.katalon.core.main.ScriptEngine.run(ScriptEngine.java:183)
	at com.kms.katalon.core.main.ScriptEngine.runScriptAsRawText(ScriptEngine.java:108)
	at com.kms.katalon.core.main.TestCaseExecutor.runScript(TestCaseExecutor.java:294)
	at com.kms.katalon.core.main.TestCaseExecutor.doExecute(TestCaseExecutor.java:285)
	at com.kms.katalon.core.main.TestCaseExecutor.processExecutionPhase(TestCaseExecutor.java:264)
	at com.kms.katalon.core.main.TestCaseExecutor.accessMainPhase(TestCaseExecutor.java:256)
	at com.kms.katalon.core.main.TestCaseExecutor.execute(TestCaseExecutor.java:200)
	at com.kms.katalon.core.main.TestSuiteExecutor.accessTestCaseMainPhase(TestSuiteExecutor.java:129)
	at com.kms.katalon.core.main.TestSuiteExecutor.accessTestSuiteMainPhase(TestSuiteExecutor.java:112)
	at com.kms.katalon.core.main.TestSuiteExecutor.execute(TestSuiteExecutor.java:81)
	at com.kms.katalon.core.main.TestCaseMain.startTestSuite(TestCaseMain.java:142)
	at com.kms.katalon.core.main.TestCaseMain$startTestSuite$0.call(Unknown Source)
	at org.codehaus.groovy.runtime.callsite.CallSiteArray.defaultCall(CallSiteArray.java:48)
	at org.codehaus.groovy.runtime.callsite.AbstractCallSite.call(AbstractCallSite.java:113)
	at org.codehaus.groovy.runtime.callsite.AbstractCallSite.call(AbstractCallSite.java:141)
	at TempTestSuite1543076525234.run(TempTestSuite1543076525234.groovy:36)
	at groovy.lang.GroovyShell.runScriptOrMainOrTestOrRunnable(GroovyShell.java:263)
	at groovy.lang.GroovyShell.run(GroovyShell.java:518)
	at groovy.lang.GroovyShell.run(GroovyShell.java:507)
	at groovy.ui.GroovyMain.processOnce(GroovyMain.java:653)
	at groovy.ui.GroovyMain.run(GroovyMain.java:384)
	at groovy.ui.GroovyMain.process(GroovyMain.java:370)
	at groovy.ui.GroovyMain.processArgs(GroovyMain.java:129)
	at groovy.ui.GroovyMain.main(GroovyMain.java:109)
	at sun.reflect.NativeMethodAccessorImpl.invoke0(Native Method)
	at sun.reflect.NativeMethodAccessorImpl.invoke(NativeMethodAccessorImpl.java:62)
	at sun.reflect.DelegatingMethodAccessorImpl.invoke(DelegatingMethodAccessorImpl.java:43)
	at java.lang.reflect.Method.invoke(Method.java:498)
	at org.codehaus.groovy.tools.GroovyStarter.rootLoader(GroovyStarter.java:109)
	at org.codehaus.groovy.tools.GroovyStarter.main(GroovyStarter.java:131)
)

2018-11-25 04:12:25 - [TEST_STEP][FAILED] - callTestCase: Unable to call Test Case with id 'Test Cases/Final Aug 2018 - PKS Automation/Registration Module/Workflow/Form 3 EIS - Cessation As Employer/Template/Form 3 A - Cessation As Employer (Employer)' (Root cause: Call Test Case 'Test Cases/Final Aug 2018 - PKS Automation/Registration Module/Workflow/Form 3 EIS - Cessation As Employer/Template/Form 3 A - Cessation As Employer (Employer)' failed)

2018-11-25 04:12:25 - [TEST_CASE][FAILED] - Test Cases/Final Aug 2018 - PKS Automation/Registration Module/Workflow/Form 3 EIS - Cessation As Employer/Template/Form 3 A - Cessation As Employer (Employer): Test Cases/Final Aug 2018 - PKS Automation/Registration Module/Workflow/Form 3 EIS - Cessation As Employer/Template/Form 3 A - Cessation As Employer (Employer) FAILED because (of) (Stack trace: com.kms.katalon.core.exception.StepFailedException: Unable to set text 'perkeso192274782857@gmail.com' of object 'Object Repository/Final Object Repo/Creating Employer Account/Page_Users and Organizations - ASSIST/Employer name' (Root cause: org.openqa.selenium.ElementNotVisibleException: element not interactable
  (Session info: chrome=70.0.3538.102)
  (Driver info: chromedriver=2.43.600210 (68dcf5eebde37173d4027fa8635e332711d2874a),platform=Windows NT 6.1.7601 SP1 x86_64) (WARNING: The server did not provide any stacktrace information)
Command duration or timeout: 0 milliseconds
Build info: version: '3.7.1', revision: '8a0099a', time: '2017-11-06T21:07:36.161Z'
System info: host: 'WIN7TEST02', ip: '10.20.3.72', os.name: 'Windows 7', os.arch: 'amd64', os.version: '6.1', java.version: '1.8.0_181'
Driver info: com.kms.katalon.selenium.driver.CChromeDriver
Capabilities {acceptInsecureCerts: false, acceptSslCerts: false, applicationCacheEnabled: false, browserConnectionEnabled: false, browserName: chrome, chrome: {chromedriverVersion: 2.43.600210 (68dcf5eebde371..., userDataDir: C:\Users\Admin\AppData\Loca...}, cssSelectorsEnabled: true, databaseEnabled: false, goog:chromeOptions: {debuggerAddress: localhost:53134}, handlesAlerts: true, hasTouchScreen: false, javascriptEnabled: true, locationContextEnabled: true, mobileEmulationEnabled: false, nativeEvents: true, networkConnectionEnabled: false, pageLoadStrategy: normal, platform: XP, platformName: XP, rotatable: false, setWindowRect: true, takesHeapSnapshot: true, takesScreenshot: true, unexpectedAlertBehaviour: , unhandledPromptBehavior: , version: 70.0.3538.102, webStorageEnabled: true}
Session ID: 412f4d02dbeb8017686d0baec7080c59)
	at com.kms.katalon.core.keyword.internal.KeywordMain.stepFailed(KeywordMain.groovy:32)
	at com.kms.katalon.core.webui.keyword.internal.WebUIKeywordMain.stepFailed(WebUIKeywordMain.groovy:65)
	at com.kms.katalon.core.webui.keyword.internal.WebUIKeywordMain.runKeyword(WebUIKeywordMain.groovy:27)
	at com.kms.katalon.core.webui.keyword.builtin.SetTextKeyword.setText(SetTextKeyword.groovy:65)
	at com.kms.katalon.core.webui.keyword.builtin.SetTextKeyword.execute(SetTextKeyword.groovy:37)
	at com.kms.katalon.core.keyword.internal.KeywordExecutor.executeKeywordForPlatform(KeywordExecutor.groovy:53)
	at com.kms.katalon.core.webui.keyword.WebUiBuiltInKeywords.setText(WebUiBuiltInKeywords.groovy:950)
	at com.kms.katalon.core.webui.keyword.WebUiBuiltInKeywords$setText$1.call(Unknown Source)
	at org.codehaus.groovy.runtime.callsite.CallSiteArray.defaultCall(CallSiteArray.java:48)
	at org.codehaus.groovy.runtime.callsite.AbstractCallSite.call(AbstractCallSite.java:113)
	at org.codehaus.groovy.runtime.callsite.AbstractCallSite.call(AbstractCallSite.java:133)
	at Script1536897267453.run(Script1536897267453.groovy:46)
	at com.kms.katalon.core.main.ScriptEngine.run(ScriptEngine.java:183)
	at com.kms.katalon.core.main.ScriptEngine.runScriptAsRawText(ScriptEngine.java:108)
	at com.kms.katalon.core.main.TestCaseExecutor.runScript(TestCaseExecutor.java:294)
	at com.kms.katalon.core.main.TestCaseExecutor.doExecute(TestCaseExecutor.java:285)
	at com.kms.katalon.core.main.TestCaseExecutor.processExecutionPhase(TestCaseExecutor.java:264)
	at com.kms.katalon.core.main.TestCaseExecutor.accessMainPhase(TestCaseExecutor.java:256)
	at com.kms.katalon.core.main.TestCaseExecutor.execute(TestCaseExecutor.java:200)
	at com.kms.katalon.core.main.TestCaseMain.runTestCase(TestCaseMain.java:99)
	at com.kms.katalon.core.keyword.builtin.CallTestCaseKeyword$_callTestCase_closure1.doCall(CallTestCaseKeyword.groovy:60)
	at com.kms.katalon.core.keyword.builtin.CallTestCaseKeyword$_callTestCase_closure1.call(CallTestCaseKeyword.groovy)
	at com.kms.katalon.core.keyword.internal.KeywordMain.runKeyword(KeywordMain.groovy:54)
	at com.kms.katalon.core.keyword.builtin.CallTestCaseKeyword.callTestCase(CallTestCaseKeyword.groovy:81)
	at com.kms.katalon.core.keyword.builtin.CallTestCaseKeyword.execute(CallTestCaseKeyword.groovy:45)
	at com.kms.katalon.core.keyword.internal.KeywordExecutor.executeKeywordForPlatform(KeywordExecutor.groovy:53)
	at com.kms.katalon.core.keyword.BuiltinKeywords.callTestCase(BuiltinKeywords.groovy:334)
	at sun.reflect.NativeMethodAccessorImpl.invoke0(Native Method)
	at sun.reflect.NativeMethodAccessorImpl.invoke(NativeMethodAccessorImpl.java:62)
	at sun.reflect.DelegatingMethodAccessorImpl.invoke(DelegatingMethodAccessorImpl.java:43)
	at java.lang.reflect.Method.invoke(Method.java:498)
	at org.codehaus.groovy.reflection.CachedMethod.invoke(CachedMethod.java:93)
	at groovy.lang.MetaMethod.doMethodInvoke(MetaMethod.java:325)
	at groovy.lang.MetaClassImpl.invokeStaticMethod(MetaClassImpl.java:1469)
	at org.codehaus.groovy.runtime.callsite.StaticMetaClassSite.call(StaticMetaClassSite.java:53)
	at org.codehaus.groovy.runtime.callsite.CallSiteArray.defaultCall(CallSiteArray.java:48)
	at org.codehaus.groovy.runtime.callsite.AbstractCallSite.call(AbstractCallSite.java:113)
	at org.codehaus.groovy.runtime.callsite.AbstractCallSite.call(AbstractCallSite.java:141)
	at Script1536897267443.run(Script1536897267443.groovy:30)
	at com.kms.katalon.core.main.ScriptEngine.run(ScriptEngine.java:183)
	at com.kms.katalon.core.main.ScriptEngine.runScriptAsRawText(ScriptEngine.java:108)
	at com.kms.katalon.core.main.TestCaseExecutor.runScript(TestCaseExecutor.java:294)
	at com.kms.katalon.core.main.TestCaseExecutor.doExecute(TestCaseExecutor.java:285)
	at com.kms.katalon.core.main.TestCaseExecutor.processExecutionPhase(TestCaseExecutor.java:264)
	at com.kms.katalon.core.main.TestCaseExecutor.accessMainPhase(TestCaseExecutor.java:256)
	at com.kms.katalon.core.main.TestCaseExecutor.execute(TestCaseExecutor.java:200)
	at com.kms.katalon.core.main.TestCaseMain.runTestCase(TestCaseMain.java:99)
	at com.kms.katalon.core.keyword.builtin.CallTestCaseKeyword$_callTestCase_closure1.doCall(CallTestCaseKeyword.groovy:60)
	at com.kms.katalon.core.keyword.builtin.CallTestCaseKeyword$_callTestCase_closure1.call(CallTestCaseKeyword.groovy)
	at com.kms.katalon.core.keyword.internal.KeywordMain.runKeyword(KeywordMain.groovy:54)
	at com.kms.katalon.core.keyword.builtin.CallTestCaseKeyword.callTestCase(CallTestCaseKeyword.groovy:81)
	at com.kms.katalon.core.keyword.builtin.CallTestCaseKeyword.execute(CallTestCaseKeyword.groovy:45)
	at com.kms.katalon.core.keyword.internal.KeywordExecutor.executeKeywordForPlatform(KeywordExecutor.groovy:53)
	at com.kms.katalon.core.keyword.BuiltinKeywords.callTestCase(BuiltinKeywords.groovy:334)
	at sun.reflect.NativeMethodAccessorImpl.invoke0(Native Method)
	at sun.reflect.NativeMethodAccessorImpl.invoke(NativeMethodAccessorImpl.java:62)
	at sun.reflect.DelegatingMethodAccessorImpl.invoke(DelegatingMethodAccessorImpl.java:43)
	at java.lang.reflect.Method.invoke(Method.java:498)
	at org.codehaus.groovy.reflection.CachedMethod.invoke(CachedMethod.java:93)
	at groovy.lang.MetaMethod.doMethodInvoke(MetaMethod.java:325)
	at groovy.lang.MetaClassImpl.invokeStaticMethod(MetaClassImpl.java:1469)
	at org.codehaus.groovy.runtime.callsite.StaticMetaClassSite.call(StaticMetaClassSite.java:53)
	at org.codehaus.groovy.runtime.callsite.CallSiteArray.defaultCall(CallSiteArray.java:48)
	at org.codehaus.groovy.runtime.callsite.AbstractCallSite.call(AbstractCallSite.java:113)
	at org.codehaus.groovy.runtime.callsite.AbstractCallSite.call(AbstractCallSite.java:141)
	at Script1537255938886.run(Script1537255938886.groovy:22)
	at com.kms.katalon.core.main.ScriptEngine.run(ScriptEngine.java:183)
	at com.kms.katalon.core.main.ScriptEngine.runScriptAsRawText(ScriptEngine.java:108)
	at com.kms.katalon.core.main.TestCaseExecutor.runScript(TestCaseExecutor.java:294)
	at com.kms.katalon.core.main.TestCaseExecutor.doExecute(TestCaseExecutor.java:285)
	at com.kms.katalon.core.main.TestCaseExecutor.processExecutionPhase(TestCaseExecutor.java:264)
	at com.kms.katalon.core.main.TestCaseExecutor.accessMainPhase(TestCaseExecutor.java:256)
	at com.kms.katalon.core.main.TestCaseExecutor.execute(TestCaseExecutor.java:200)
	at com.kms.katalon.core.main.TestCaseMain.runTestCase(TestCaseMain.java:99)
	at com.kms.katalon.core.keyword.builtin.CallTestCaseKeyword$_callTestCase_closure1.doCall(CallTestCaseKeyword.groovy:60)
	at com.kms.katalon.core.keyword.builtin.CallTestCaseKeyword$_callTestCase_closure1.call(CallTestCaseKeyword.groovy)
	at com.kms.katalon.core.keyword.internal.KeywordMain.runKeyword(KeywordMain.groovy:54)
	at com.kms.katalon.core.keyword.builtin.CallTestCaseKeyword.callTestCase(CallTestCaseKeyword.groovy:81)
	at com.kms.katalon.core.keyword.builtin.CallTestCaseKeyword.execute(CallTestCaseKeyword.groovy:45)
	at com.kms.katalon.core.keyword.internal.KeywordExecutor.executeKeywordForPlatform(KeywordExecutor.groovy:53)
	at com.kms.katalon.core.keyword.BuiltinKeywords.callTestCase(BuiltinKeywords.groovy:334)
	at sun.reflect.NativeMethodAccessorImpl.invoke0(Native Method)
	at sun.reflect.NativeMethodAccessorImpl.invoke(NativeMethodAccessorImpl.java:62)
	at sun.reflect.DelegatingMethodAccessorImpl.invoke(DelegatingMethodAccessorImpl.java:43)
	at java.lang.reflect.Method.invoke(Method.java:498)
	at org.codehaus.groovy.reflection.CachedMethod.invoke(CachedMethod.java:93)
	at groovy.lang.MetaMethod.doMethodInvoke(MetaMethod.java:325)
	at groovy.lang.MetaClassImpl.invokeStaticMethod(MetaClassImpl.java:1469)
	at org.codehaus.groovy.runtime.callsite.StaticMetaClassSite.call(StaticMetaClassSite.java:53)
	at org.codehaus.groovy.runtime.callsite.CallSiteArray.defaultCall(CallSiteArray.java:48)
	at org.codehaus.groovy.runtime.callsite.AbstractCallSite.call(AbstractCallSite.java:113)
	at org.codehaus.groovy.runtime.callsite.AbstractCallSite.call(AbstractCallSite.java:141)
	at Script1536732166908.run(Script1536732166908.groovy:23)
	at com.kms.katalon.core.main.ScriptEngine.run(ScriptEngine.java:183)
	at com.kms.katalon.core.main.ScriptEngine.runScriptAsRawText(ScriptEngine.java:108)
	at com.kms.katalon.core.main.TestCaseExecutor.runScript(TestCaseExecutor.java:294)
	at com.kms.katalon.core.main.TestCaseExecutor.doExecute(TestCaseExecutor.java:285)
	at com.kms.katalon.core.main.TestCaseExecutor.processExecutionPhase(TestCaseExecutor.java:264)
	at com.kms.katalon.core.main.TestCaseExecutor.accessMainPhase(TestCaseExecutor.java:256)
	at com.kms.katalon.core.main.TestCaseExecutor.execute(TestCaseExecutor.java:200)
	at com.kms.katalon.core.main.TestCaseMain.runTestCase(TestCaseMain.java:99)
	at com.kms.katalon.core.keyword.builtin.CallTestCaseKeyword$_callTestCase_closure1.doCall(CallTestCaseKeyword.groovy:60)
	at com.kms.katalon.core.keyword.builtin.CallTestCaseKeyword$_callTestCase_closure1.call(CallTestCaseKeyword.groovy)
	at com.kms.katalon.core.keyword.internal.KeywordMain.runKeyword(KeywordMain.groovy:54)
	at com.kms.katalon.core.keyword.builtin.CallTestCaseKeyword.callTestCase(CallTestCaseKeyword.groovy:81)
	at com.kms.katalon.core.keyword.builtin.CallTestCaseKeyword.execute(CallTestCaseKeyword.groovy:45)
	at com.kms.katalon.core.keyword.internal.KeywordExecutor.executeKeywordForPlatform(KeywordExecutor.groovy:53)
	at com.kms.katalon.core.keyword.BuiltinKeywords.callTestCase(BuiltinKeywords.groovy:334)
	at sun.reflect.NativeMethodAccessorImpl.invoke0(Native Method)
	at sun.reflect.NativeMethodAccessorImpl.invoke(NativeMethodAccessorImpl.java:62)
	at sun.reflect.DelegatingMethodAccessorImpl.invoke(DelegatingMethodAccessorImpl.java:43)
	at java.lang.reflect.Method.invoke(Method.java:498)
	at org.codehaus.groovy.reflection.CachedMethod.invoke(CachedMethod.java:93)
	at groovy.lang.MetaMethod.doMethodInvoke(MetaMethod.java:325)
	at groovy.lang.MetaClassImpl.invokeStaticMethod(MetaClassImpl.java:1469)
	at org.codehaus.groovy.runtime.callsite.StaticMetaClassSite.call(StaticMetaClassSite.java:53)
	at org.codehaus.groovy.runtime.callsite.CallSiteArray.defaultCall(CallSiteArray.java:48)
	at org.codehaus.groovy.runtime.callsite.AbstractCallSite.call(AbstractCallSite.java:113)
	at org.codehaus.groovy.runtime.callsite.AbstractCallSite.call(AbstractCallSite.java:141)
	at Script1536733676931.run(Script1536733676931.groovy:22)
	at com.kms.katalon.core.main.ScriptEngine.run(ScriptEngine.java:183)
	at com.kms.katalon.core.main.ScriptEngine.runScriptAsRawText(ScriptEngine.java:108)
	at com.kms.katalon.core.main.TestCaseExecutor.runScript(TestCaseExecutor.java:294)
	at com.kms.katalon.core.main.TestCaseExecutor.doExecute(TestCaseExecutor.java:285)
	at com.kms.katalon.core.main.TestCaseExecutor.processExecutionPhase(TestCaseExecutor.java:264)
	at com.kms.katalon.core.main.TestCaseExecutor.accessMainPhase(TestCaseExecutor.java:256)
	at com.kms.katalon.core.main.TestCaseExecutor.execute(TestCaseExecutor.java:200)
	at com.kms.katalon.core.main.TestSuiteExecutor.accessTestCaseMainPhase(TestSuiteExecutor.java:129)
	at com.kms.katalon.core.main.TestSuiteExecutor.accessTestSuiteMainPhase(TestSuiteExecutor.java:112)
	at com.kms.katalon.core.main.TestSuiteExecutor.execute(TestSuiteExecutor.java:81)
	at com.kms.katalon.core.main.TestCaseMain.startTestSuite(TestCaseMain.java:142)
	at com.kms.katalon.core.main.TestCaseMain$startTestSuite$0.call(Unknown Source)
	at org.codehaus.groovy.runtime.callsite.CallSiteArray.defaultCall(CallSiteArray.java:48)
	at org.codehaus.groovy.runtime.callsite.AbstractCallSite.call(AbstractCallSite.java:113)
	at org.codehaus.groovy.runtime.callsite.AbstractCallSite.call(AbstractCallSite.java:141)
	at TempTestSuite1543076525234.run(TempTestSuite1543076525234.groovy:36)
	at groovy.lang.GroovyShell.runScriptOrMainOrTestOrRunnable(GroovyShell.java:263)
	at groovy.lang.GroovyShell.run(GroovyShell.java:518)
	at groovy.lang.GroovyShell.run(GroovyShell.java:507)
	at groovy.ui.GroovyMain.processOnce(GroovyMain.java:653)
	at groovy.ui.GroovyMain.run(GroovyMain.java:384)
	at groovy.ui.GroovyMain.process(GroovyMain.java:370)
	at groovy.ui.GroovyMain.processArgs(GroovyMain.java:129)
	at groovy.ui.GroovyMain.main(GroovyMain.java:109)
	at sun.reflect.NativeMethodAccessorImpl.invoke0(Native Method)
	at sun.reflect.NativeMethodAccessorImpl.invoke(NativeMethodAccessorImpl.java:62)
	at sun.reflect.DelegatingMethodAccessorImpl.invoke(DelegatingMethodAccessorImpl.java:43)
	at java.lang.reflect.Method.invoke(Method.java:498)
	at org.codehaus.groovy.tools.GroovyStarter.rootLoader(GroovyStarter.java:109)
	at org.codehaus.groovy.tools.GroovyStarter.main(GroovyStarter.java:131)
)

2018-11-25 04:12:25 - [TEST_STEP][FAILED] - callTestCase: Unable to call Test Case with id 'Test Cases/Final Aug 2018 - PKS Automation/Registration Module/Workflow/Update Add New Employee/Template/New Company for Update Add New - Employer' (Root cause: Call Test Case 'Test Cases/Final Aug 2018 - PKS Automation/Registration Module/Workflow/Update Add New Employee/Template/New Company for Update Add New - Employer' failed)

2018-11-25 04:12:25 - [TEST_CASE][FAILED] - Test Cases/Final Aug 2018 - PKS Automation/Registration Module/Workflow/Update Add New Employee/Template/New Company for Update Add New - Employer: Test Cases/Final Aug 2018 - PKS Automation/Registration Module/Workflow/Update Add New Employee/Template/New Company for Update Add New - Employer FAILED because (of) (Stack trace: com.kms.katalon.core.exception.StepFailedException: Unable to set text 'perkeso192274782857@gmail.com' of object 'Object Repository/Final Object Repo/Creating Employer Account/Page_Users and Organizations - ASSIST/Employer name' (Root cause: org.openqa.selenium.ElementNotVisibleException: element not interactable
  (Session info: chrome=70.0.3538.102)
  (Driver info: chromedriver=2.43.600210 (68dcf5eebde37173d4027fa8635e332711d2874a),platform=Windows NT 6.1.7601 SP1 x86_64) (WARNING: The server did not provide any stacktrace information)
Command duration or timeout: 0 milliseconds
Build info: version: '3.7.1', revision: '8a0099a', time: '2017-11-06T21:07:36.161Z'
System info: host: 'WIN7TEST02', ip: '10.20.3.72', os.name: 'Windows 7', os.arch: 'amd64', os.version: '6.1', java.version: '1.8.0_181'
Driver info: com.kms.katalon.selenium.driver.CChromeDriver
Capabilities {acceptInsecureCerts: false, acceptSslCerts: false, applicationCacheEnabled: false, browserConnectionEnabled: false, browserName: chrome, chrome: {chromedriverVersion: 2.43.600210 (68dcf5eebde371..., userDataDir: C:\Users\Admin\AppData\Loca...}, cssSelectorsEnabled: true, databaseEnabled: false, goog:chromeOptions: {debuggerAddress: localhost:53134}, handlesAlerts: true, hasTouchScreen: false, javascriptEnabled: true, locationContextEnabled: true, mobileEmulationEnabled: false, nativeEvents: true, networkConnectionEnabled: false, pageLoadStrategy: normal, platform: XP, platformName: XP, rotatable: false, setWindowRect: true, takesHeapSnapshot: true, takesScreenshot: true, unexpectedAlertBehaviour: , unhandledPromptBehavior: , version: 70.0.3538.102, webStorageEnabled: true}
Session ID: 412f4d02dbeb8017686d0baec7080c59)
	at com.kms.katalon.core.keyword.internal.KeywordMain.stepFailed(KeywordMain.groovy:32)
	at com.kms.katalon.core.webui.keyword.internal.WebUIKeywordMain.stepFailed(WebUIKeywordMain.groovy:65)
	at com.kms.katalon.core.webui.keyword.internal.WebUIKeywordMain.runKeyword(WebUIKeywordMain.groovy:27)
	at com.kms.katalon.core.webui.keyword.builtin.SetTextKeyword.setText(SetTextKeyword.groovy:65)
	at com.kms.katalon.core.webui.keyword.builtin.SetTextKeyword.execute(SetTextKeyword.groovy:37)
	at com.kms.katalon.core.keyword.internal.KeywordExecutor.executeKeywordForPlatform(KeywordExecutor.groovy:53)
	at com.kms.katalon.core.webui.keyword.WebUiBuiltInKeywords.setText(WebUiBuiltInKeywords.groovy:950)
	at com.kms.katalon.core.webui.keyword.WebUiBuiltInKeywords$setText$1.call(Unknown Source)
	at org.codehaus.groovy.runtime.callsite.CallSiteArray.defaultCall(CallSiteArray.java:48)
	at org.codehaus.groovy.runtime.callsite.AbstractCallSite.call(AbstractCallSite.java:113)
	at org.codehaus.groovy.runtime.callsite.AbstractCallSite.call(AbstractCallSite.java:133)
	at Script1536897267453.run(Script1536897267453.groovy:46)
	at com.kms.katalon.core.main.ScriptEngine.run(ScriptEngine.java:183)
	at com.kms.katalon.core.main.ScriptEngine.runScriptAsRawText(ScriptEngine.java:108)
	at com.kms.katalon.core.main.TestCaseExecutor.runScript(TestCaseExecutor.java:294)
	at com.kms.katalon.core.main.TestCaseExecutor.doExecute(TestCaseExecutor.java:285)
	at com.kms.katalon.core.main.TestCaseExecutor.processExecutionPhase(TestCaseExecutor.java:264)
	at com.kms.katalon.core.main.TestCaseExecutor.accessMainPhase(TestCaseExecutor.java:256)
	at com.kms.katalon.core.main.TestCaseExecutor.execute(TestCaseExecutor.java:200)
	at com.kms.katalon.core.main.TestCaseMain.runTestCase(TestCaseMain.java:99)
	at com.kms.katalon.core.keyword.builtin.CallTestCaseKeyword$_callTestCase_closure1.doCall(CallTestCaseKeyword.groovy:60)
	at com.kms.katalon.core.keyword.builtin.CallTestCaseKeyword$_callTestCase_closure1.call(CallTestCaseKeyword.groovy)
	at com.kms.katalon.core.keyword.internal.KeywordMain.runKeyword(KeywordMain.groovy:54)
	at com.kms.katalon.core.keyword.builtin.CallTestCaseKeyword.callTestCase(CallTestCaseKeyword.groovy:81)
	at com.kms.katalon.core.keyword.builtin.CallTestCaseKeyword.execute(CallTestCaseKeyword.groovy:45)
	at com.kms.katalon.core.keyword.internal.KeywordExecutor.executeKeywordForPlatform(KeywordExecutor.groovy:53)
	at com.kms.katalon.core.keyword.BuiltinKeywords.callTestCase(BuiltinKeywords.groovy:334)
	at sun.reflect.NativeMethodAccessorImpl.invoke0(Native Method)
	at sun.reflect.NativeMethodAccessorImpl.invoke(NativeMethodAccessorImpl.java:62)
	at sun.reflect.DelegatingMethodAccessorImpl.invoke(DelegatingMethodAccessorImpl.java:43)
	at java.lang.reflect.Method.invoke(Method.java:498)
	at org.codehaus.groovy.reflection.CachedMethod.invoke(CachedMethod.java:93)
	at groovy.lang.MetaMethod.doMethodInvoke(MetaMethod.java:325)
	at groovy.lang.MetaClassImpl.invokeStaticMethod(MetaClassImpl.java:1469)
	at org.codehaus.groovy.runtime.callsite.StaticMetaClassSite.call(StaticMetaClassSite.java:53)
	at org.codehaus.groovy.runtime.callsite.CallSiteArray.defaultCall(CallSiteArray.java:48)
	at org.codehaus.groovy.runtime.callsite.AbstractCallSite.call(AbstractCallSite.java:113)
	at org.codehaus.groovy.runtime.callsite.AbstractCallSite.call(AbstractCallSite.java:141)
	at Script1536897267443.run(Script1536897267443.groovy:30)
	at com.kms.katalon.core.main.ScriptEngine.run(ScriptEngine.java:183)
	at com.kms.katalon.core.main.ScriptEngine.runScriptAsRawText(ScriptEngine.java:108)
	at com.kms.katalon.core.main.TestCaseExecutor.runScript(TestCaseExecutor.java:294)
	at com.kms.katalon.core.main.TestCaseExecutor.doExecute(TestCaseExecutor.java:285)
	at com.kms.katalon.core.main.TestCaseExecutor.processExecutionPhase(TestCaseExecutor.java:264)
	at com.kms.katalon.core.main.TestCaseExecutor.accessMainPhase(TestCaseExecutor.java:256)
	at com.kms.katalon.core.main.TestCaseExecutor.execute(TestCaseExecutor.java:200)
	at com.kms.katalon.core.main.TestCaseMain.runTestCase(TestCaseMain.java:99)
	at com.kms.katalon.core.keyword.builtin.CallTestCaseKeyword$_callTestCase_closure1.doCall(CallTestCaseKeyword.groovy:60)
	at com.kms.katalon.core.keyword.builtin.CallTestCaseKeyword$_callTestCase_closure1.call(CallTestCaseKeyword.groovy)
	at com.kms.katalon.core.keyword.internal.KeywordMain.runKeyword(KeywordMain.groovy:54)
	at com.kms.katalon.core.keyword.builtin.CallTestCaseKeyword.callTestCase(CallTestCaseKeyword.groovy:81)
	at com.kms.katalon.core.keyword.builtin.CallTestCaseKeyword.execute(CallTestCaseKeyword.groovy:45)
	at com.kms.katalon.core.keyword.internal.KeywordExecutor.executeKeywordForPlatform(KeywordExecutor.groovy:53)
	at com.kms.katalon.core.keyword.BuiltinKeywords.callTestCase(BuiltinKeywords.groovy:334)
	at sun.reflect.NativeMethodAccessorImpl.invoke0(Native Method)
	at sun.reflect.NativeMethodAccessorImpl.invoke(NativeMethodAccessorImpl.java:62)
	at sun.reflect.DelegatingMethodAccessorImpl.invoke(DelegatingMethodAccessorImpl.java:43)
	at java.lang.reflect.Method.invoke(Method.java:498)
	at org.codehaus.groovy.reflection.CachedMethod.invoke(CachedMethod.java:93)
	at groovy.lang.MetaMethod.doMethodInvoke(MetaMethod.java:325)
	at groovy.lang.MetaClassImpl.invokeStaticMethod(MetaClassImpl.java:1469)
	at org.codehaus.groovy.runtime.callsite.StaticMetaClassSite.call(StaticMetaClassSite.java:53)
	at org.codehaus.groovy.runtime.callsite.CallSiteArray.defaultCall(CallSiteArray.java:48)
	at org.codehaus.groovy.runtime.callsite.AbstractCallSite.call(AbstractCallSite.java:113)
	at org.codehaus.groovy.runtime.callsite.AbstractCallSite.call(AbstractCallSite.java:141)
	at Script1537255938886.run(Script1537255938886.groovy:22)
	at com.kms.katalon.core.main.ScriptEngine.run(ScriptEngine.java:183)
	at com.kms.katalon.core.main.ScriptEngine.runScriptAsRawText(ScriptEngine.java:108)
	at com.kms.katalon.core.main.TestCaseExecutor.runScript(TestCaseExecutor.java:294)
	at com.kms.katalon.core.main.TestCaseExecutor.doExecute(TestCaseExecutor.java:285)
	at com.kms.katalon.core.main.TestCaseExecutor.processExecutionPhase(TestCaseExecutor.java:264)
	at com.kms.katalon.core.main.TestCaseExecutor.accessMainPhase(TestCaseExecutor.java:256)
	at com.kms.katalon.core.main.TestCaseExecutor.execute(TestCaseExecutor.java:200)
	at com.kms.katalon.core.main.TestCaseMain.runTestCase(TestCaseMain.java:99)
	at com.kms.katalon.core.keyword.builtin.CallTestCaseKeyword$_callTestCase_closure1.doCall(CallTestCaseKeyword.groovy:60)
	at com.kms.katalon.core.keyword.builtin.CallTestCaseKeyword$_callTestCase_closure1.call(CallTestCaseKeyword.groovy)
	at com.kms.katalon.core.keyword.internal.KeywordMain.runKeyword(KeywordMain.groovy:54)
	at com.kms.katalon.core.keyword.builtin.CallTestCaseKeyword.callTestCase(CallTestCaseKeyword.groovy:81)
	at com.kms.katalon.core.keyword.builtin.CallTestCaseKeyword.execute(CallTestCaseKeyword.groovy:45)
	at com.kms.katalon.core.keyword.internal.KeywordExecutor.executeKeywordForPlatform(KeywordExecutor.groovy:53)
	at com.kms.katalon.core.keyword.BuiltinKeywords.callTestCase(BuiltinKeywords.groovy:334)
	at sun.reflect.NativeMethodAccessorImpl.invoke0(Native Method)
	at sun.reflect.NativeMethodAccessorImpl.invoke(NativeMethodAccessorImpl.java:62)
	at sun.reflect.DelegatingMethodAccessorImpl.invoke(DelegatingMethodAccessorImpl.java:43)
	at java.lang.reflect.Method.invoke(Method.java:498)
	at org.codehaus.groovy.reflection.CachedMethod.invoke(CachedMethod.java:93)
	at groovy.lang.MetaMethod.doMethodInvoke(MetaMethod.java:325)
	at groovy.lang.MetaClassImpl.invokeStaticMethod(MetaClassImpl.java:1469)
	at org.codehaus.groovy.runtime.callsite.StaticMetaClassSite.call(StaticMetaClassSite.java:53)
	at org.codehaus.groovy.runtime.callsite.CallSiteArray.defaultCall(CallSiteArray.java:48)
	at org.codehaus.groovy.runtime.callsite.AbstractCallSite.call(AbstractCallSite.java:113)
	at org.codehaus.groovy.runtime.callsite.AbstractCallSite.call(AbstractCallSite.java:141)
	at Script1536732166908.run(Script1536732166908.groovy:23)
	at com.kms.katalon.core.main.ScriptEngine.run(ScriptEngine.java:183)
	at com.kms.katalon.core.main.ScriptEngine.runScriptAsRawText(ScriptEngine.java:108)
	at com.kms.katalon.core.main.TestCaseExecutor.runScript(TestCaseExecutor.java:294)
	at com.kms.katalon.core.main.TestCaseExecutor.doExecute(TestCaseExecutor.java:285)
	at com.kms.katalon.core.main.TestCaseExecutor.processExecutionPhase(TestCaseExecutor.java:264)
	at com.kms.katalon.core.main.TestCaseExecutor.accessMainPhase(TestCaseExecutor.java:256)
	at com.kms.katalon.core.main.TestCaseExecutor.execute(TestCaseExecutor.java:200)
	at com.kms.katalon.core.main.TestCaseMain.runTestCase(TestCaseMain.java:99)
	at com.kms.katalon.core.keyword.builtin.CallTestCaseKeyword$_callTestCase_closure1.doCall(CallTestCaseKeyword.groovy:60)
	at com.kms.katalon.core.keyword.builtin.CallTestCaseKeyword$_callTestCase_closure1.call(CallTestCaseKeyword.groovy)
	at com.kms.katalon.core.keyword.internal.KeywordMain.runKeyword(KeywordMain.groovy:54)
	at com.kms.katalon.core.keyword.builtin.CallTestCaseKeyword.callTestCase(CallTestCaseKeyword.groovy:81)
	at com.kms.katalon.core.keyword.builtin.CallTestCaseKeyword.execute(CallTestCaseKeyword.groovy:45)
	at com.kms.katalon.core.keyword.internal.KeywordExecutor.executeKeywordForPlatform(KeywordExecutor.groovy:53)
	at com.kms.katalon.core.keyword.BuiltinKeywords.callTestCase(BuiltinKeywords.groovy:334)
	at sun.reflect.NativeMethodAccessorImpl.invoke0(Native Method)
	at sun.reflect.NativeMethodAccessorImpl.invoke(NativeMethodAccessorImpl.java:62)
	at sun.reflect.DelegatingMethodAccessorImpl.invoke(DelegatingMethodAccessorImpl.java:43)
	at java.lang.reflect.Method.invoke(Method.java:498)
	at org.codehaus.groovy.reflection.CachedMethod.invoke(CachedMethod.java:93)
	at groovy.lang.MetaMethod.doMethodInvoke(MetaMethod.java:325)
	at groovy.lang.MetaClassImpl.invokeStaticMethod(MetaClassImpl.java:1469)
	at org.codehaus.groovy.runtime.callsite.StaticMetaClassSite.call(StaticMetaClassSite.java:53)
	at org.codehaus.groovy.runtime.callsite.CallSiteArray.defaultCall(CallSiteArray.java:48)
	at org.codehaus.groovy.runtime.callsite.AbstractCallSite.call(AbstractCallSite.java:113)
	at org.codehaus.groovy.runtime.callsite.AbstractCallSite.call(AbstractCallSite.java:141)
	at Script1536733676931.run(Script1536733676931.groovy:22)
	at com.kms.katalon.core.main.ScriptEngine.run(ScriptEngine.java:183)
	at com.kms.katalon.core.main.ScriptEngine.runScriptAsRawText(ScriptEngine.java:108)
	at com.kms.katalon.core.main.TestCaseExecutor.runScript(TestCaseExecutor.java:294)
	at com.kms.katalon.core.main.TestCaseExecutor.doExecute(TestCaseExecutor.java:285)
	at com.kms.katalon.core.main.TestCaseExecutor.processExecutionPhase(TestCaseExecutor.java:264)
	at com.kms.katalon.core.main.TestCaseExecutor.accessMainPhase(TestCaseExecutor.java:256)
	at com.kms.katalon.core.main.TestCaseExecutor.execute(TestCaseExecutor.java:200)
	at com.kms.katalon.core.main.TestSuiteExecutor.accessTestCaseMainPhase(TestSuiteExecutor.java:129)
	at com.kms.katalon.core.main.TestSuiteExecutor.accessTestSuiteMainPhase(TestSuiteExecutor.java:112)
	at com.kms.katalon.core.main.TestSuiteExecutor.execute(TestSuiteExecutor.java:81)
	at com.kms.katalon.core.main.TestCaseMain.startTestSuite(TestCaseMain.java:142)
	at com.kms.katalon.core.main.TestCaseMain$startTestSuite$0.call(Unknown Source)
	at org.codehaus.groovy.runtime.callsite.CallSiteArray.defaultCall(CallSiteArray.java:48)
	at org.codehaus.groovy.runtime.callsite.AbstractCallSite.call(AbstractCallSite.java:113)
	at org.codehaus.groovy.runtime.callsite.AbstractCallSite.call(AbstractCallSite.java:141)
	at TempTestSuite1543076525234.run(TempTestSuite1543076525234.groovy:36)
	at groovy.lang.GroovyShell.runScriptOrMainOrTestOrRunnable(GroovyShell.java:263)
	at groovy.lang.GroovyShell.run(GroovyShell.java:518)
	at groovy.lang.GroovyShell.run(GroovyShell.java:507)
	at groovy.ui.GroovyMain.processOnce(GroovyMain.java:653)
	at groovy.ui.GroovyMain.run(GroovyMain.java:384)
	at groovy.ui.GroovyMain.process(GroovyMain.java:370)
	at groovy.ui.GroovyMain.processArgs(GroovyMain.java:129)
	at groovy.ui.GroovyMain.main(GroovyMain.java:109)
	at sun.reflect.NativeMethodAccessorImpl.invoke0(Native Method)
	at sun.reflect.NativeMethodAccessorImpl.invoke(NativeMethodAccessorImpl.java:62)
	at sun.reflect.DelegatingMethodAccessorImpl.invoke(DelegatingMethodAccessorImpl.java:43)
	at java.lang.reflect.Method.invoke(Method.java:498)
	at org.codehaus.groovy.tools.GroovyStarter.rootLoader(GroovyStarter.java:109)
	at org.codehaus.groovy.tools.GroovyStarter.main(GroovyStarter.java:131)
)

2018-11-25 04:12:25 - [TEST_STEP][FAILED] - callTestCase: Unable to call Test Case with id 'Test Cases/Final Aug 2018 - PKS Automation/Create Employer Acc/Create Employer Account' (Root cause: Call Test Case 'Test Cases/Final Aug 2018 - PKS Automation/Create Employer Acc/Create Employer Account' failed)

2018-11-25 04:12:25 - [TEST_CASE][FAILED] - Test Cases/Final Aug 2018 - PKS Automation/Create Employer Acc/Create Employer Account: Test Cases/Final Aug 2018 - PKS Automation/Create Employer Acc/Create Employer Account FAILED because (of) (Stack trace: com.kms.katalon.core.exception.StepFailedException: Unable to set text 'perkeso192274782857@gmail.com' of object 'Object Repository/Final Object Repo/Creating Employer Account/Page_Users and Organizations - ASSIST/Employer name' (Root cause: org.openqa.selenium.ElementNotVisibleException: element not interactable
  (Session info: chrome=70.0.3538.102)
  (Driver info: chromedriver=2.43.600210 (68dcf5eebde37173d4027fa8635e332711d2874a),platform=Windows NT 6.1.7601 SP1 x86_64) (WARNING: The server did not provide any stacktrace information)
Command duration or timeout: 0 milliseconds
Build info: version: '3.7.1', revision: '8a0099a', time: '2017-11-06T21:07:36.161Z'
System info: host: 'WIN7TEST02', ip: '10.20.3.72', os.name: 'Windows 7', os.arch: 'amd64', os.version: '6.1', java.version: '1.8.0_181'
Driver info: com.kms.katalon.selenium.driver.CChromeDriver
Capabilities {acceptInsecureCerts: false, acceptSslCerts: false, applicationCacheEnabled: false, browserConnectionEnabled: false, browserName: chrome, chrome: {chromedriverVersion: 2.43.600210 (68dcf5eebde371..., userDataDir: C:\Users\Admin\AppData\Loca...}, cssSelectorsEnabled: true, databaseEnabled: false, goog:chromeOptions: {debuggerAddress: localhost:53134}, handlesAlerts: true, hasTouchScreen: false, javascriptEnabled: true, locationContextEnabled: true, mobileEmulationEnabled: false, nativeEvents: true, networkConnectionEnabled: false, pageLoadStrategy: normal, platform: XP, platformName: XP, rotatable: false, setWindowRect: true, takesHeapSnapshot: true, takesScreenshot: true, unexpectedAlertBehaviour: , unhandledPromptBehavior: , version: 70.0.3538.102, webStorageEnabled: true}
Session ID: 412f4d02dbeb8017686d0baec7080c59)
	at com.kms.katalon.core.keyword.internal.KeywordMain.stepFailed(KeywordMain.groovy:32)
	at com.kms.katalon.core.webui.keyword.internal.WebUIKeywordMain.stepFailed(WebUIKeywordMain.groovy:65)
	at com.kms.katalon.core.webui.keyword.internal.WebUIKeywordMain.runKeyword(WebUIKeywordMain.groovy:27)
	at com.kms.katalon.core.webui.keyword.builtin.SetTextKeyword.setText(SetTextKeyword.groovy:65)
	at com.kms.katalon.core.webui.keyword.builtin.SetTextKeyword.execute(SetTextKeyword.groovy:37)
	at com.kms.katalon.core.keyword.internal.KeywordExecutor.executeKeywordForPlatform(KeywordExecutor.groovy:53)
	at com.kms.katalon.core.webui.keyword.WebUiBuiltInKeywords.setText(WebUiBuiltInKeywords.groovy:950)
	at com.kms.katalon.core.webui.keyword.WebUiBuiltInKeywords$setText$1.call(Unknown Source)
	at org.codehaus.groovy.runtime.callsite.CallSiteArray.defaultCall(CallSiteArray.java:48)
	at org.codehaus.groovy.runtime.callsite.AbstractCallSite.call(AbstractCallSite.java:113)
	at org.codehaus.groovy.runtime.callsite.AbstractCallSite.call(AbstractCallSite.java:133)
	at Script1536897267453.run(Script1536897267453.groovy:46)
	at com.kms.katalon.core.main.ScriptEngine.run(ScriptEngine.java:183)
	at com.kms.katalon.core.main.ScriptEngine.runScriptAsRawText(ScriptEngine.java:108)
	at com.kms.katalon.core.main.TestCaseExecutor.runScript(TestCaseExecutor.java:294)
	at com.kms.katalon.core.main.TestCaseExecutor.doExecute(TestCaseExecutor.java:285)
	at com.kms.katalon.core.main.TestCaseExecutor.processExecutionPhase(TestCaseExecutor.java:264)
	at com.kms.katalon.core.main.TestCaseExecutor.accessMainPhase(TestCaseExecutor.java:256)
	at com.kms.katalon.core.main.TestCaseExecutor.execute(TestCaseExecutor.java:200)
	at com.kms.katalon.core.main.TestCaseMain.runTestCase(TestCaseMain.java:99)
	at com.kms.katalon.core.keyword.builtin.CallTestCaseKeyword$_callTestCase_closure1.doCall(CallTestCaseKeyword.groovy:60)
	at com.kms.katalon.core.keyword.builtin.CallTestCaseKeyword$_callTestCase_closure1.call(CallTestCaseKeyword.groovy)
	at com.kms.katalon.core.keyword.internal.KeywordMain.runKeyword(KeywordMain.groovy:54)
	at com.kms.katalon.core.keyword.builtin.CallTestCaseKeyword.callTestCase(CallTestCaseKeyword.groovy:81)
	at com.kms.katalon.core.keyword.builtin.CallTestCaseKeyword.execute(CallTestCaseKeyword.groovy:45)
	at com.kms.katalon.core.keyword.internal.KeywordExecutor.executeKeywordForPlatform(KeywordExecutor.groovy:53)
	at com.kms.katalon.core.keyword.BuiltinKeywords.callTestCase(BuiltinKeywords.groovy:334)
	at sun.reflect.NativeMethodAccessorImpl.invoke0(Native Method)
	at sun.reflect.NativeMethodAccessorImpl.invoke(NativeMethodAccessorImpl.java:62)
	at sun.reflect.DelegatingMethodAccessorImpl.invoke(DelegatingMethodAccessorImpl.java:43)
	at java.lang.reflect.Method.invoke(Method.java:498)
	at org.codehaus.groovy.reflection.CachedMethod.invoke(CachedMethod.java:93)
	at groovy.lang.MetaMethod.doMethodInvoke(MetaMethod.java:325)
	at groovy.lang.MetaClassImpl.invokeStaticMethod(MetaClassImpl.java:1469)
	at org.codehaus.groovy.runtime.callsite.StaticMetaClassSite.call(StaticMetaClassSite.java:53)
	at org.codehaus.groovy.runtime.callsite.CallSiteArray.defaultCall(CallSiteArray.java:48)
	at org.codehaus.groovy.runtime.callsite.AbstractCallSite.call(AbstractCallSite.java:113)
	at org.codehaus.groovy.runtime.callsite.AbstractCallSite.call(AbstractCallSite.java:141)
	at Script1536897267443.run(Script1536897267443.groovy:30)
	at com.kms.katalon.core.main.ScriptEngine.run(ScriptEngine.java:183)
	at com.kms.katalon.core.main.ScriptEngine.runScriptAsRawText(ScriptEngine.java:108)
	at com.kms.katalon.core.main.TestCaseExecutor.runScript(TestCaseExecutor.java:294)
	at com.kms.katalon.core.main.TestCaseExecutor.doExecute(TestCaseExecutor.java:285)
	at com.kms.katalon.core.main.TestCaseExecutor.processExecutionPhase(TestCaseExecutor.java:264)
	at com.kms.katalon.core.main.TestCaseExecutor.accessMainPhase(TestCaseExecutor.java:256)
	at com.kms.katalon.core.main.TestCaseExecutor.execute(TestCaseExecutor.java:200)
	at com.kms.katalon.core.main.TestCaseMain.runTestCase(TestCaseMain.java:99)
	at com.kms.katalon.core.keyword.builtin.CallTestCaseKeyword$_callTestCase_closure1.doCall(CallTestCaseKeyword.groovy:60)
	at com.kms.katalon.core.keyword.builtin.CallTestCaseKeyword$_callTestCase_closure1.call(CallTestCaseKeyword.groovy)
	at com.kms.katalon.core.keyword.internal.KeywordMain.runKeyword(KeywordMain.groovy:54)
	at com.kms.katalon.core.keyword.builtin.CallTestCaseKeyword.callTestCase(CallTestCaseKeyword.groovy:81)
	at com.kms.katalon.core.keyword.builtin.CallTestCaseKeyword.execute(CallTestCaseKeyword.groovy:45)
	at com.kms.katalon.core.keyword.internal.KeywordExecutor.executeKeywordForPlatform(KeywordExecutor.groovy:53)
	at com.kms.katalon.core.keyword.BuiltinKeywords.callTestCase(BuiltinKeywords.groovy:334)
	at sun.reflect.NativeMethodAccessorImpl.invoke0(Native Method)
	at sun.reflect.NativeMethodAccessorImpl.invoke(NativeMethodAccessorImpl.java:62)
	at sun.reflect.DelegatingMethodAccessorImpl.invoke(DelegatingMethodAccessorImpl.java:43)
	at java.lang.reflect.Method.invoke(Method.java:498)
	at org.codehaus.groovy.reflection.CachedMethod.invoke(CachedMethod.java:93)
	at groovy.lang.MetaMethod.doMethodInvoke(MetaMethod.java:325)
	at groovy.lang.MetaClassImpl.invokeStaticMethod(MetaClassImpl.java:1469)
	at org.codehaus.groovy.runtime.callsite.StaticMetaClassSite.call(StaticMetaClassSite.java:53)
	at org.codehaus.groovy.runtime.callsite.CallSiteArray.defaultCall(CallSiteArray.java:48)
	at org.codehaus.groovy.runtime.callsite.AbstractCallSite.call(AbstractCallSite.java:113)
	at org.codehaus.groovy.runtime.callsite.AbstractCallSite.call(AbstractCallSite.java:141)
	at Script1537255938886.run(Script1537255938886.groovy:22)
	at com.kms.katalon.core.main.ScriptEngine.run(ScriptEngine.java:183)
	at com.kms.katalon.core.main.ScriptEngine.runScriptAsRawText(ScriptEngine.java:108)
	at com.kms.katalon.core.main.TestCaseExecutor.runScript(TestCaseExecutor.java:294)
	at com.kms.katalon.core.main.TestCaseExecutor.doExecute(TestCaseExecutor.java:285)
	at com.kms.katalon.core.main.TestCaseExecutor.processExecutionPhase(TestCaseExecutor.java:264)
	at com.kms.katalon.core.main.TestCaseExecutor.accessMainPhase(TestCaseExecutor.java:256)
	at com.kms.katalon.core.main.TestCaseExecutor.execute(TestCaseExecutor.java:200)
	at com.kms.katalon.core.main.TestCaseMain.runTestCase(TestCaseMain.java:99)
	at com.kms.katalon.core.keyword.builtin.CallTestCaseKeyword$_callTestCase_closure1.doCall(CallTestCaseKeyword.groovy:60)
	at com.kms.katalon.core.keyword.builtin.CallTestCaseKeyword$_callTestCase_closure1.call(CallTestCaseKeyword.groovy)
	at com.kms.katalon.core.keyword.internal.KeywordMain.runKeyword(KeywordMain.groovy:54)
	at com.kms.katalon.core.keyword.builtin.CallTestCaseKeyword.callTestCase(CallTestCaseKeyword.groovy:81)
	at com.kms.katalon.core.keyword.builtin.CallTestCaseKeyword.execute(CallTestCaseKeyword.groovy:45)
	at com.kms.katalon.core.keyword.internal.KeywordExecutor.executeKeywordForPlatform(KeywordExecutor.groovy:53)
	at com.kms.katalon.core.keyword.BuiltinKeywords.callTestCase(BuiltinKeywords.groovy:334)
	at sun.reflect.NativeMethodAccessorImpl.invoke0(Native Method)
	at sun.reflect.NativeMethodAccessorImpl.invoke(NativeMethodAccessorImpl.java:62)
	at sun.reflect.DelegatingMethodAccessorImpl.invoke(DelegatingMethodAccessorImpl.java:43)
	at java.lang.reflect.Method.invoke(Method.java:498)
	at org.codehaus.groovy.reflection.CachedMethod.invoke(CachedMethod.java:93)
	at groovy.lang.MetaMethod.doMethodInvoke(MetaMethod.java:325)
	at groovy.lang.MetaClassImpl.invokeStaticMethod(MetaClassImpl.java:1469)
	at org.codehaus.groovy.runtime.callsite.StaticMetaClassSite.call(StaticMetaClassSite.java:53)
	at org.codehaus.groovy.runtime.callsite.CallSiteArray.defaultCall(CallSiteArray.java:48)
	at org.codehaus.groovy.runtime.callsite.AbstractCallSite.call(AbstractCallSite.java:113)
	at org.codehaus.groovy.runtime.callsite.AbstractCallSite.call(AbstractCallSite.java:141)
	at Script1536732166908.run(Script1536732166908.groovy:23)
	at com.kms.katalon.core.main.ScriptEngine.run(ScriptEngine.java:183)
	at com.kms.katalon.core.main.ScriptEngine.runScriptAsRawText(ScriptEngine.java:108)
	at com.kms.katalon.core.main.TestCaseExecutor.runScript(TestCaseExecutor.java:294)
	at com.kms.katalon.core.main.TestCaseExecutor.doExecute(TestCaseExecutor.java:285)
	at com.kms.katalon.core.main.TestCaseExecutor.processExecutionPhase(TestCaseExecutor.java:264)
	at com.kms.katalon.core.main.TestCaseExecutor.accessMainPhase(TestCaseExecutor.java:256)
	at com.kms.katalon.core.main.TestCaseExecutor.execute(TestCaseExecutor.java:200)
	at com.kms.katalon.core.main.TestCaseMain.runTestCase(TestCaseMain.java:99)
	at com.kms.katalon.core.keyword.builtin.CallTestCaseKeyword$_callTestCase_closure1.doCall(CallTestCaseKeyword.groovy:60)
	at com.kms.katalon.core.keyword.builtin.CallTestCaseKeyword$_callTestCase_closure1.call(CallTestCaseKeyword.groovy)
	at com.kms.katalon.core.keyword.internal.KeywordMain.runKeyword(KeywordMain.groovy:54)
	at com.kms.katalon.core.keyword.builtin.CallTestCaseKeyword.callTestCase(CallTestCaseKeyword.groovy:81)
	at com.kms.katalon.core.keyword.builtin.CallTestCaseKeyword.execute(CallTestCaseKeyword.groovy:45)
	at com.kms.katalon.core.keyword.internal.KeywordExecutor.executeKeywordForPlatform(KeywordExecutor.groovy:53)
	at com.kms.katalon.core.keyword.BuiltinKeywords.callTestCase(BuiltinKeywords.groovy:334)
	at sun.reflect.NativeMethodAccessorImpl.invoke0(Native Method)
	at sun.reflect.NativeMethodAccessorImpl.invoke(NativeMethodAccessorImpl.java:62)
	at sun.reflect.DelegatingMethodAccessorImpl.invoke(DelegatingMethodAccessorImpl.java:43)
	at java.lang.reflect.Method.invoke(Method.java:498)
	at org.codehaus.groovy.reflection.CachedMethod.invoke(CachedMethod.java:93)
	at groovy.lang.MetaMethod.doMethodInvoke(MetaMethod.java:325)
	at groovy.lang.MetaClassImpl.invokeStaticMethod(MetaClassImpl.java:1469)
	at org.codehaus.groovy.runtime.callsite.StaticMetaClassSite.call(StaticMetaClassSite.java:53)
	at org.codehaus.groovy.runtime.callsite.CallSiteArray.defaultCall(CallSiteArray.java:48)
	at org.codehaus.groovy.runtime.callsite.AbstractCallSite.call(AbstractCallSite.java:113)
	at org.codehaus.groovy.runtime.callsite.AbstractCallSite.call(AbstractCallSite.java:141)
	at Script1536733676931.run(Script1536733676931.groovy:22)
	at com.kms.katalon.core.main.ScriptEngine.run(ScriptEngine.java:183)
	at com.kms.katalon.core.main.ScriptEngine.runScriptAsRawText(ScriptEngine.java:108)
	at com.kms.katalon.core.main.TestCaseExecutor.runScript(TestCaseExecutor.java:294)
	at com.kms.katalon.core.main.TestCaseExecutor.doExecute(TestCaseExecutor.java:285)
	at com.kms.katalon.core.main.TestCaseExecutor.processExecutionPhase(TestCaseExecutor.java:264)
	at com.kms.katalon.core.main.TestCaseExecutor.accessMainPhase(TestCaseExecutor.java:256)
	at com.kms.katalon.core.main.TestCaseExecutor.execute(TestCaseExecutor.java:200)
	at com.kms.katalon.core.main.TestSuiteExecutor.accessTestCaseMainPhase(TestSuiteExecutor.java:129)
	at com.kms.katalon.core.main.TestSuiteExecutor.accessTestSuiteMainPhase(TestSuiteExecutor.java:112)
	at com.kms.katalon.core.main.TestSuiteExecutor.execute(TestSuiteExecutor.java:81)
	at com.kms.katalon.core.main.TestCaseMain.startTestSuite(TestCaseMain.java:142)
	at com.kms.katalon.core.main.TestCaseMain$startTestSuite$0.call(Unknown Source)
	at org.codehaus.groovy.runtime.callsite.CallSiteArray.defaultCall(CallSiteArray.java:48)
	at org.codehaus.groovy.runtime.callsite.AbstractCallSite.call(AbstractCallSite.java:113)
	at org.codehaus.groovy.runtime.callsite.AbstractCallSite.call(AbstractCallSite.java:141)
	at TempTestSuite1543076525234.run(TempTestSuite1543076525234.groovy:36)
	at groovy.lang.GroovyShell.runScriptOrMainOrTestOrRunnable(GroovyShell.java:263)
	at groovy.lang.GroovyShell.run(GroovyShell.java:518)
	at groovy.lang.GroovyShell.run(GroovyShell.java:507)
	at groovy.ui.GroovyMain.processOnce(GroovyMain.java:653)
	at groovy.ui.GroovyMain.run(GroovyMain.java:384)
	at groovy.ui.GroovyMain.process(GroovyMain.java:370)
	at groovy.ui.GroovyMain.processArgs(GroovyMain.java:129)
	at groovy.ui.GroovyMain.main(GroovyMain.java:109)
	at sun.reflect.NativeMethodAccessorImpl.invoke0(Native Method)
	at sun.reflect.NativeMethodAccessorImpl.invoke(NativeMethodAccessorImpl.java:62)
	at sun.reflect.DelegatingMethodAccessorImpl.invoke(DelegatingMethodAccessorImpl.java:43)
	at java.lang.reflect.Method.invoke(Method.java:498)
	at org.codehaus.groovy.tools.GroovyStarter.rootLoader(GroovyStarter.java:109)
	at org.codehaus.groovy.tools.GroovyStarter.main(GroovyStarter.java:131)
)

2018-11-25 04:12:26 - [TEST_STEP][PASSED] - callTestCase: Call Test Case 'Test Cases/Final Aug 2018 - PKS Automation/Create Employer Acc/Template/Register Employer' successfully

2018-11-25 04:12:26 - [TEST_CASE][PASSED] - Test Cases/Final Aug 2018 - PKS Automation/Create Employer Acc/Template/Register Employer: Test Cases/Final Aug 2018 - PKS Automation/Create Employer Acc/Template/Register Employer

2018-11-25 04:12:26 - [TEST_STEP][PASSED] - openBrowser: Browser is opened with url: ''

2018-11-25 04:12:31 - [MESSAGE][PASSED] - Browser is opened with url: ''

2018-11-25 04:12:31 - [TEST_STEP][PASSED] - navigateToUrl: Navigate to 'https://assist2-uat.perkeso.gov.my/login' successfully

2018-11-25 04:12:32 - [MESSAGE][PASSED] - Navigate to 'https://assist2-uat.perkeso.gov.my/login' successfully

2018-11-25 04:12:32 - [TEST_STEP][PASSED] - setText: Text 'johorotc1@gmail.com' is set on object 'Object Repository/Final Object Repo/Login Page/Internal User/Email Address'

2018-11-25 04:12:33 - [MESSAGE][PASSED] - Text 'johorotc1@gmail.com' is set on object 'Object Repository/Final Object Repo/Login Page/Internal User/Email Address'

2018-11-25 04:12:33 - [TEST_STEP][PASSED] - click: Object: 'Object Repository/Final Object Repo/Login Page/Internal User/Next Button' is clicked on

2018-11-25 04:12:33 - [MESSAGE][PASSED] - Object: 'Object Repository/Final Object Repo/Login Page/Internal User/Next Button' is clicked on

2018-11-25 04:12:33 - [TEST_STEP][PASSED] - delay: Delayed 1 second(s)

2018-11-25 04:12:34 - [MESSAGE][PASSED] - Delayed 1 second(s)

2018-11-25 04:12:34 - [TEST_STEP][PASSED] - setEncryptedText: Text ****** has been set on object 'Object Repository/Final Object Repo/Login Page/Internal User/Password'

2018-11-25 04:12:34 - [MESSAGE][PASSED] - Text ****** has been set on object 'Object Repository/Final Object Repo/Login Page/Internal User/Password'

2018-11-25 04:12:34 - [TEST_STEP][PASSED] - click: Object: 'Object Repository/Final Object Repo/Login Page/Internal User/Login Button' is clicked on

2018-11-25 04:12:34 - [MESSAGE][PASSED] - Object: 'Object Repository/Final Object Repo/Login Page/Internal User/Login Button' is clicked on

2018-11-25 04:12:34 - [TEST_STEP][PASSED] - delay: Delayed 1 second(s)

2018-11-25 04:12:35 - [MESSAGE][PASSED] - Delayed 1 second(s)

2018-11-25 04:12:35 - [TEST_STEP][PASSED] - navigateToUrl: Navigate to 'https://assist2-uat.perkeso.gov.my/web/base/portal-id/registration' successfully

2018-11-25 04:12:37 - [MESSAGE][PASSED] - Navigate to 'https://assist2-uat.perkeso.gov.my/web/base/portal-id/registration' successfully

2018-11-25 04:12:37 - [TEST_STEP][PASSED] - setText: Text 'AUTOMATION EMPLOYER' is set on object 'Object Repository/Final Object Repo/Creating Employer Account/Page_Registration - ASSIST (Base)/Employer Name'

2018-11-25 04:12:38 - [MESSAGE][PASSED] - Text 'AUTOMATION EMPLOYER' is set on object 'Object Repository/Final Object Repo/Creating Employer Account/Page_Registration - ASSIST (Base)/Employer Name'

2018-11-25 04:12:38 - [TEST_STEP][PASSED] - delay: Delayed 2 second(s)

2018-11-25 04:12:40 - [MESSAGE][PASSED] - Delayed 2 second(s)

2018-11-25 04:12:40 - [TEST_STEP][PASSED] - click: Object: 'Object Repository/Final Object Repo/Creating Employer Account/Page_Registration - ASSIST (Base)/Registration Type' is clicked on

2018-11-25 04:12:40 - [MESSAGE][PASSED] - Object: 'Object Repository/Final Object Repo/Creating Employer Account/Page_Registration - ASSIST (Base)/Registration Type' is clicked on

2018-11-25 04:12:40 - [TEST_STEP][PASSED] - delay: Delayed 2 second(s)

2018-11-25 04:12:42 - [MESSAGE][PASSED] - Delayed 2 second(s)

2018-11-25 04:12:42 - [TEST_STEP][PASSED] - click: Object: 'Object Repository/Final Object Repo/Creating Employer Account/Page_Registration - ASSIST (Base)/Registration Type - Registration No' is clicked on

2018-11-25 04:12:42 - [MESSAGE][PASSED] - Object: 'Object Repository/Final Object Repo/Creating Employer Account/Page_Registration - ASSIST (Base)/Registration Type - Registration No' is clicked on

2018-11-25 04:12:42 - [TEST_STEP][PASSED] - delay: Delayed 2 second(s)

2018-11-25 04:12:44 - [MESSAGE][PASSED] - Delayed 2 second(s)

2018-11-25 04:12:44 - [TEST_STEP][PASSED] - setText: Text '1234567890' is set on object 'Object Repository/Final Object Repo/Creating Employer Account/Page_Registration - ASSIST (Base)/Registration Number'

2018-11-25 04:12:45 - [MESSAGE][PASSED] - Text '1234567890' is set on object 'Object Repository/Final Object Repo/Creating Employer Account/Page_Registration - ASSIST (Base)/Registration Number'

2018-11-25 04:12:45 - [TEST_STEP][PASSED] - delay: Delayed 2 second(s)

2018-11-25 04:12:47 - [MESSAGE][PASSED] - Delayed 2 second(s)

2018-11-25 04:12:47 - [TEST_STEP][PASSED] - setText: Text 'ADDRESS 1' is set on object 'Object Repository/Final Object Repo/Creating Employer Account/Page_Registration - ASSIST (Base)/Postal Address 1'

2018-11-25 04:12:47 - [MESSAGE][PASSED] - Text 'ADDRESS 1' is set on object 'Object Repository/Final Object Repo/Creating Employer Account/Page_Registration - ASSIST (Base)/Postal Address 1'

2018-11-25 04:12:47 - [TEST_STEP][PASSED] - setText: Text 'ADDRESS 2' is set on object 'Object Repository/Final Object Repo/Creating Employer Account/Page_Registration - ASSIST (Base)/Postal Address 2'

2018-11-25 04:12:47 - [MESSAGE][PASSED] - Text 'ADDRESS 2' is set on object 'Object Repository/Final Object Repo/Creating Employer Account/Page_Registration - ASSIST (Base)/Postal Address 2'

2018-11-25 04:12:47 - [TEST_STEP][PASSED] - click: Object: 'Object Repository/Final Object Repo/Creating Employer Account/Page_Registration - ASSIST (Base)/State' is clicked on

2018-11-25 04:12:48 - [MESSAGE][PASSED] - Object: 'Object Repository/Final Object Repo/Creating Employer Account/Page_Registration - ASSIST (Base)/State' is clicked on

2018-11-25 04:12:48 - [TEST_STEP][PASSED] - delay: Delayed 2 second(s)

2018-11-25 04:12:50 - [MESSAGE][PASSED] - Delayed 2 second(s)

2018-11-25 04:12:50 - [TEST_STEP][PASSED] - click: Object: 'Object Repository/Final Object Repo/Creating Employer Account/Page_Registration - ASSIST (Base)/State - Johor' is clicked on

2018-11-25 04:12:50 - [MESSAGE][PASSED] - Object: 'Object Repository/Final Object Repo/Creating Employer Account/Page_Registration - ASSIST (Base)/State - Johor' is clicked on

2018-11-25 04:12:50 - [TEST_STEP][PASSED] - delay: Delayed 2 second(s)

2018-11-25 04:12:52 - [MESSAGE][PASSED] - Delayed 2 second(s)

2018-11-25 04:12:52 - [TEST_STEP][PASSED] - click: Object: 'Object Repository/Final Object Repo/Creating Employer Account/Page_Registration - ASSIST (Base)/City' is clicked on

2018-11-25 04:12:52 - [MESSAGE][PASSED] - Object: 'Object Repository/Final Object Repo/Creating Employer Account/Page_Registration - ASSIST (Base)/City' is clicked on

2018-11-25 04:12:52 - [TEST_STEP][PASSED] - delay: Delayed 2 second(s)

2018-11-25 04:12:54 - [MESSAGE][PASSED] - Delayed 2 second(s)

2018-11-25 04:12:54 - [TEST_STEP][PASSED] - setText: Text 'joh' is set on object 'Object Repository/Final Object Repo/Creating Employer Account/Page_Registration - ASSIST (Base)/City - joh'

2018-11-25 04:12:54 - [MESSAGE][PASSED] - Text 'joh' is set on object 'Object Repository/Final Object Repo/Creating Employer Account/Page_Registration - ASSIST (Base)/City - joh'

2018-11-25 04:12:54 - [TEST_STEP][PASSED] - delay: Delayed 2 second(s)

2018-11-25 04:12:56 - [MESSAGE][PASSED] - Delayed 2 second(s)

2018-11-25 04:12:56 - [TEST_STEP][PASSED] - click: Object: 'Object Repository/Final Object Repo/Creating Employer Account/Page_Registration - ASSIST (Base)/City - Johor Bharu' is clicked on

2018-11-25 04:12:56 - [MESSAGE][PASSED] - Object: 'Object Repository/Final Object Repo/Creating Employer Account/Page_Registration - ASSIST (Base)/City - Johor Bharu' is clicked on

2018-11-25 04:12:56 - [TEST_STEP][PASSED] - delay: Delayed 2 second(s)

2018-11-25 04:12:58 - [MESSAGE][PASSED] - Delayed 2 second(s)

2018-11-25 04:12:58 - [TEST_STEP][PASSED] - click: Object: 'Object Repository/Final Object Repo/Creating Employer Account/Page_Registration - ASSIST (Base)/Post Code' is clicked on

2018-11-25 04:12:59 - [MESSAGE][PASSED] - Object: 'Object Repository/Final Object Repo/Creating Employer Account/Page_Registration - ASSIST (Base)/Post Code' is clicked on

2018-11-25 04:12:59 - [TEST_STEP][PASSED] - delay: Delayed 2 second(s)

2018-11-25 04:13:01 - [MESSAGE][PASSED] - Delayed 2 second(s)

2018-11-25 04:13:01 - [TEST_STEP][PASSED] - setText: Text '810' is set on object 'Object Repository/Final Object Repo/Creating Employer Account/Page_Registration - ASSIST (Base)/Post Code - 810'

2018-11-25 04:13:01 - [MESSAGE][PASSED] - Text '810' is set on object 'Object Repository/Final Object Repo/Creating Employer Account/Page_Registration - ASSIST (Base)/Post Code - 810'

2018-11-25 04:13:01 - [TEST_STEP][PASSED] - delay: Delayed 2 second(s)

2018-11-25 04:13:03 - [MESSAGE][PASSED] - Delayed 2 second(s)

2018-11-25 04:13:03 - [TEST_STEP][PASSED] - click: Object: 'Object Repository/Final Object Repo/Creating Employer Account/Page_Registration - ASSIST (Base)/Post Code - 81000' is clicked on

2018-11-25 04:13:03 - [MESSAGE][PASSED] - Object: 'Object Repository/Final Object Repo/Creating Employer Account/Page_Registration - ASSIST (Base)/Post Code - 81000' is clicked on

2018-11-25 04:13:03 - [TEST_STEP][PASSED] - delay: Delayed 2 second(s)

2018-11-25 04:13:05 - [MESSAGE][PASSED] - Delayed 2 second(s)

2018-11-25 04:13:05 - [TEST_STEP][PASSED] - setText: Text 'PERKESO' is set on object 'Object Repository/Final Object Repo/Creating Employer Account/Page_Registration - ASSIST (Base)/Full Name'

2018-11-25 04:13:05 - [MESSAGE][PASSED] - Text 'PERKESO' is set on object 'Object Repository/Final Object Repo/Creating Employer Account/Page_Registration - ASSIST (Base)/Full Name'

2018-11-25 04:13:05 - [TEST_STEP][PASSED] - Statement - rnd = new java.util.Random(): null

2018-11-25 04:13:05 - [TEST_STEP][PASSED] - Statement - snum = rnd.nextInt(899999 + 1) + 100000: null

2018-11-25 04:13:05 - [TEST_STEP][PASSED] - Statement - tnum = rnd.nextInt(899999 + 1) + 100000: null

2018-11-25 04:13:05 - [TEST_STEP][PASSED] - Statement - IC = java.lang.Integer.toString(snum) + java.lang.Integer.toString(tnum): null

2018-11-25 04:13:05 - [TEST_STEP][PASSED] - Statement - out.println(IC): null

2018-11-25 04:13:05 - [TEST_STEP][PASSED] - setText: Text '192274782857' is set on object 'Object Repository/Final Object Repo/Creating Employer Account/Page_Registration - ASSIST (Base)/Identification Number'

2018-11-25 04:13:06 - [MESSAGE][PASSED] - Text '192274782857' is set on object 'Object Repository/Final Object Repo/Creating Employer Account/Page_Registration - ASSIST (Base)/Identification Number'

2018-11-25 04:13:06 - [TEST_STEP][PASSED] - delay: Delayed 2 second(s)

2018-11-25 04:13:08 - [MESSAGE][PASSED] - Delayed 2 second(s)

2018-11-25 04:13:08 - [TEST_STEP][PASSED] - setText: Text '123456789012' is set on object 'Object Repository/Final Object Repo/Creating Employer Account/Page_Registration - ASSIST (Base)/Contact Number'

2018-11-25 04:13:08 - [MESSAGE][PASSED] - Text '123456789012' is set on object 'Object Repository/Final Object Repo/Creating Employer Account/Page_Registration - ASSIST (Base)/Contact Number'

2018-11-25 04:13:08 - [TEST_STEP][PASSED] - Statement - Email = "perkeso" + IC + "@gmail.com": null

2018-11-25 04:13:08 - [TEST_STEP][PASSED] - delay: Delayed 2 second(s)

2018-11-25 04:13:10 - [MESSAGE][PASSED] - Delayed 2 second(s)

2018-11-25 04:13:10 - [TEST_STEP][PASSED] - callTestCase: Call Test Case 'Test Cases/Final Aug 2018 - PKS Automation/Create Employer Acc/Template/Employer Email Settler' successfully

2018-11-25 04:13:10 - [TEST_CASE][PASSED] - Test Cases/Final Aug 2018 - PKS Automation/Create Employer Acc/Template/Employer Email Settler: Test Cases/Final Aug 2018 - PKS Automation/Create Employer Acc/Template/Employer Email Settler

2018-11-25 04:13:10 - [TEST_STEP][PASSED] - Statement - EmpEmailOld = new java.io.File(C://Users//Admin//Desktop//PKS//Automation Reference Point//EmpEmail.txt): null

2018-11-25 04:13:10 - [TEST_STEP][PASSED] - Statement - EmpEmailOld.delete(): null

2018-11-25 04:13:10 - [TEST_STEP][PASSED] - Statement - EmpEmail = new java.io.File(C://Users//Admin//Desktop//PKS//Automation Reference Point//EmpEmail.txt): null

2018-11-25 04:13:10 - [TEST_STEP][PASSED] - Statement - EmpEmail.append(Email): null

2018-11-25 04:13:10 - [TEST_STEP][PASSED] - Statement - out.println(Email): null

2018-11-25 04:13:10 - [MESSAGE][PASSED] - Call Test Case 'Test Cases/Final Aug 2018 - PKS Automation/Create Employer Acc/Template/Employer Email Settler' successfully

2018-11-25 04:13:10 - [TEST_STEP][PASSED] - delay: Delayed 2 second(s)

2018-11-25 04:13:12 - [MESSAGE][PASSED] - Delayed 2 second(s)

2018-11-25 04:13:12 - [TEST_STEP][PASSED] - setText: Text 'perkeso192274782857@gmail.com' is set on object 'Object Repository/Final Object Repo/Creating Employer Account/Page_Registration - ASSIST (Base)/Email'

2018-11-25 04:13:13 - [MESSAGE][PASSED] - Text 'perkeso192274782857@gmail.com' is set on object 'Object Repository/Final Object Repo/Creating Employer Account/Page_Registration - ASSIST (Base)/Email'

2018-11-25 04:13:13 - [TEST_STEP][PASSED] - setText: Text '123' is set on object 'Object Repository/Final Object Repo/Creating Employer Account/Page_Registration - ASSIST (Base)/Security Phase'

2018-11-25 04:13:13 - [MESSAGE][PASSED] - Text '123' is set on object 'Object Repository/Final Object Repo/Creating Employer Account/Page_Registration - ASSIST (Base)/Security Phase'

2018-11-25 04:13:13 - [TEST_STEP][PASSED] - click: Object: 'Object Repository/Final Object Repo/Creating Employer Account/Page_Registration - ASSIST (Base)/Save  Continue' is clicked on

2018-11-25 04:13:13 - [MESSAGE][PASSED] - Object: 'Object Repository/Final Object Repo/Creating Employer Account/Page_Registration - ASSIST (Base)/Save  Continue' is clicked on

2018-11-25 04:13:13 - [TEST_STEP][PASSED] - delay: Delayed 2 second(s)

2018-11-25 04:13:15 - [MESSAGE][PASSED] - Delayed 2 second(s)

2018-11-25 04:13:15 - [TEST_STEP][PASSED] - click: Object: 'Object Repository/Final Object Repo/Creating Employer Account/Page_Registration - ASSIST (Base)/Add Document' is clicked on

2018-11-25 04:13:16 - [MESSAGE][PASSED] - Object: 'Object Repository/Final Object Repo/Creating Employer Account/Page_Registration - ASSIST (Base)/Add Document' is clicked on

2018-11-25 04:13:16 - [TEST_STEP][PASSED] - delay: Delayed 2 second(s)

2018-11-25 04:13:18 - [MESSAGE][PASSED] - Delayed 2 second(s)

2018-11-25 04:13:18 - [TEST_STEP][PASSED] - click: Object: 'Object Repository/Final Object Repo/Creating Employer Account/Page_Registration - ASSIST (Base)/Document Type' is clicked on

2018-11-25 04:13:18 - [MESSAGE][PASSED] - Object: 'Object Repository/Final Object Repo/Creating Employer Account/Page_Registration - ASSIST (Base)/Document Type' is clicked on

2018-11-25 04:13:18 - [TEST_STEP][PASSED] - delay: Delayed 2 second(s)

2018-11-25 04:13:20 - [MESSAGE][PASSED] - Delayed 2 second(s)

2018-11-25 04:13:20 - [TEST_STEP][PASSED] - click: Object: 'Object Repository/Final Object Repo/Creating Employer Account/Page_Registration - ASSIST (Base)/Document Type - Letter of Authorization' is clicked on

2018-11-25 04:13:20 - [MESSAGE][PASSED] - Object: 'Object Repository/Final Object Repo/Creating Employer Account/Page_Registration - ASSIST (Base)/Document Type - Letter of Authorization' is clicked on

2018-11-25 04:13:20 - [TEST_STEP][PASSED] - delay: Delayed 2 second(s)

2018-11-25 04:13:22 - [MESSAGE][PASSED] - Delayed 2 second(s)

2018-11-25 04:13:22 - [TEST_STEP][PASSED] - sendKeys: Keys 'C:\Users\Public\Pictures\Sample Pictures\Koala.jpg' sent to object: 'Object Repository/Final Object Repo/Creating Employer Account/Page_Registration - ASSIST (Base)/Uploading File'

2018-11-25 04:13:22 - [MESSAGE][PASSED] - Keys 'C:\Users\Public\Pictures\Sample Pictures\Koala.jpg' sent to object: 'Object Repository/Final Object Repo/Creating Employer Account/Page_Registration - ASSIST (Base)/Uploading File'

2018-11-25 04:13:22 - [TEST_STEP][PASSED] - delay: Delayed 2 second(s)

2018-11-25 04:13:24 - [MESSAGE][PASSED] - Delayed 2 second(s)

2018-11-25 04:13:24 - [TEST_STEP][PASSED] - click: Object: 'Object Repository/Final Object Repo/Creating Employer Account/Page_Registration - ASSIST (Base)/Add Document in Uploading File' is clicked on

2018-11-25 04:13:24 - [MESSAGE][PASSED] - Object: 'Object Repository/Final Object Repo/Creating Employer Account/Page_Registration - ASSIST (Base)/Add Document in Uploading File' is clicked on

2018-11-25 04:13:24 - [TEST_STEP][PASSED] - delay: Delayed 2 second(s)

2018-11-25 04:13:26 - [MESSAGE][PASSED] - Delayed 2 second(s)

2018-11-25 04:13:26 - [TEST_STEP][PASSED] - click: Object: 'Object Repository/Final Object Repo/Creating Employer Account/Page_Registration - ASSIST (Base)/Save' is clicked on

2018-11-25 04:13:26 - [MESSAGE][PASSED] - Object: 'Object Repository/Final Object Repo/Creating Employer Account/Page_Registration - ASSIST (Base)/Save' is clicked on

2018-11-25 04:13:26 - [TEST_STEP][PASSED] - delay: Delayed 2 second(s)

2018-11-25 04:13:28 - [MESSAGE][PASSED] - Delayed 2 second(s)

2018-11-25 04:13:28 - [TEST_STEP][PASSED] - click: Object: 'Object Repository/Final Object Repo/Creating Employer Account/Page_Registration - ASSIST (Base)/Submit' is clicked on

2018-11-25 04:13:29 - [MESSAGE][PASSED] - Object: 'Object Repository/Final Object Repo/Creating Employer Account/Page_Registration - ASSIST (Base)/Submit' is clicked on

2018-11-25 04:13:29 - [TEST_STEP][PASSED] - delay: Delayed 2 second(s)

2018-11-25 04:13:31 - [MESSAGE][PASSED] - Delayed 2 second(s)

2018-11-25 04:13:31 - [TEST_STEP][PASSED] - click: Object: 'Object Repository/Final Object Repo/Creating Employer Account/Page_Registration - ASSIST (Base)/Confirm' is clicked on

2018-11-25 04:13:31 - [MESSAGE][PASSED] - Object: 'Object Repository/Final Object Repo/Creating Employer Account/Page_Registration - ASSIST (Base)/Confirm' is clicked on

2018-11-25 04:13:31 - [MESSAGE][PASSED] - Call Test Case 'Test Cases/Final Aug 2018 - PKS Automation/Create Employer Acc/Template/Register Employer' successfully

2018-11-25 04:13:31 - [TEST_STEP][PASSED] - delay: Delayed 1 second(s)

2018-11-25 04:13:32 - [MESSAGE][PASSED] - Delayed 1 second(s)

2018-11-25 04:13:32 - [TEST_STEP][PASSED] - navigateToUrl: Navigate to 'https://assist2-uat.perkeso.gov.my/c/portal/logout' successfully

2018-11-25 04:13:34 - [MESSAGE][PASSED] - Navigate to 'https://assist2-uat.perkeso.gov.my/c/portal/logout' successfully

2018-11-25 04:13:34 - [TEST_STEP][PASSED] - delay: Delayed 1 second(s)

2018-11-25 04:13:35 - [MESSAGE][PASSED] - Delayed 1 second(s)

2018-11-25 04:13:35 - [TEST_STEP][FAILED] - callTestCase: Unable to call Test Case with id 'Test Cases/Final Aug 2018 - PKS Automation/Create Employer Acc/Template/Change Password of Employer' (Root cause: Call Test Case 'Test Cases/Final Aug 2018 - PKS Automation/Create Employer Acc/Template/Change Password of Employer' failed)

2018-11-25 04:13:35 - [TEST_CASE][FAILED] - Test Cases/Final Aug 2018 - PKS Automation/Create Employer Acc/Template/Change Password of Employer: Test Cases/Final Aug 2018 - PKS Automation/Create Employer Acc/Template/Change Password of Employer FAILED because (of) (Stack trace: com.kms.katalon.core.exception.StepFailedException: Unable to set text 'perkeso192274782857@gmail.com' of object 'Object Repository/Final Object Repo/Creating Employer Account/Page_Users and Organizations - ASSIST/Employer name' (Root cause: org.openqa.selenium.ElementNotVisibleException: element not interactable
  (Session info: chrome=70.0.3538.102)
  (Driver info: chromedriver=2.43.600210 (68dcf5eebde37173d4027fa8635e332711d2874a),platform=Windows NT 6.1.7601 SP1 x86_64) (WARNING: The server did not provide any stacktrace information)
Command duration or timeout: 0 milliseconds
Build info: version: '3.7.1', revision: '8a0099a', time: '2017-11-06T21:07:36.161Z'
System info: host: 'WIN7TEST02', ip: '10.20.3.72', os.name: 'Windows 7', os.arch: 'amd64', os.version: '6.1', java.version: '1.8.0_181'
Driver info: com.kms.katalon.selenium.driver.CChromeDriver
Capabilities {acceptInsecureCerts: false, acceptSslCerts: false, applicationCacheEnabled: false, browserConnectionEnabled: false, browserName: chrome, chrome: {chromedriverVersion: 2.43.600210 (68dcf5eebde371..., userDataDir: C:\Users\Admin\AppData\Loca...}, cssSelectorsEnabled: true, databaseEnabled: false, goog:chromeOptions: {debuggerAddress: localhost:53134}, handlesAlerts: true, hasTouchScreen: false, javascriptEnabled: true, locationContextEnabled: true, mobileEmulationEnabled: false, nativeEvents: true, networkConnectionEnabled: false, pageLoadStrategy: normal, platform: XP, platformName: XP, rotatable: false, setWindowRect: true, takesHeapSnapshot: true, takesScreenshot: true, unexpectedAlertBehaviour: , unhandledPromptBehavior: , version: 70.0.3538.102, webStorageEnabled: true}
Session ID: 412f4d02dbeb8017686d0baec7080c59)
	at com.kms.katalon.core.keyword.internal.KeywordMain.stepFailed(KeywordMain.groovy:32)
	at com.kms.katalon.core.webui.keyword.internal.WebUIKeywordMain.stepFailed(WebUIKeywordMain.groovy:65)
	at com.kms.katalon.core.webui.keyword.internal.WebUIKeywordMain.runKeyword(WebUIKeywordMain.groovy:27)
	at com.kms.katalon.core.webui.keyword.builtin.SetTextKeyword.setText(SetTextKeyword.groovy:65)
	at com.kms.katalon.core.webui.keyword.builtin.SetTextKeyword.execute(SetTextKeyword.groovy:37)
	at com.kms.katalon.core.keyword.internal.KeywordExecutor.executeKeywordForPlatform(KeywordExecutor.groovy:53)
	at com.kms.katalon.core.webui.keyword.WebUiBuiltInKeywords.setText(WebUiBuiltInKeywords.groovy:950)
	at com.kms.katalon.core.webui.keyword.WebUiBuiltInKeywords$setText$1.call(Unknown Source)
	at org.codehaus.groovy.runtime.callsite.CallSiteArray.defaultCall(CallSiteArray.java:48)
	at org.codehaus.groovy.runtime.callsite.AbstractCallSite.call(AbstractCallSite.java:113)
	at org.codehaus.groovy.runtime.callsite.AbstractCallSite.call(AbstractCallSite.java:133)
	at Script1536897267453.run(Script1536897267453.groovy:46)
	at com.kms.katalon.core.main.ScriptEngine.run(ScriptEngine.java:183)
	at com.kms.katalon.core.main.ScriptEngine.runScriptAsRawText(ScriptEngine.java:108)
	at com.kms.katalon.core.main.TestCaseExecutor.runScript(TestCaseExecutor.java:294)
	at com.kms.katalon.core.main.TestCaseExecutor.doExecute(TestCaseExecutor.java:285)
	at com.kms.katalon.core.main.TestCaseExecutor.processExecutionPhase(TestCaseExecutor.java:264)
	at com.kms.katalon.core.main.TestCaseExecutor.accessMainPhase(TestCaseExecutor.java:256)
	at com.kms.katalon.core.main.TestCaseExecutor.execute(TestCaseExecutor.java:200)
	at com.kms.katalon.core.main.TestCaseMain.runTestCase(TestCaseMain.java:99)
	at com.kms.katalon.core.keyword.builtin.CallTestCaseKeyword$_callTestCase_closure1.doCall(CallTestCaseKeyword.groovy:60)
	at com.kms.katalon.core.keyword.builtin.CallTestCaseKeyword$_callTestCase_closure1.call(CallTestCaseKeyword.groovy)
	at com.kms.katalon.core.keyword.internal.KeywordMain.runKeyword(KeywordMain.groovy:54)
	at com.kms.katalon.core.keyword.builtin.CallTestCaseKeyword.callTestCase(CallTestCaseKeyword.groovy:81)
	at com.kms.katalon.core.keyword.builtin.CallTestCaseKeyword.execute(CallTestCaseKeyword.groovy:45)
	at com.kms.katalon.core.keyword.internal.KeywordExecutor.executeKeywordForPlatform(KeywordExecutor.groovy:53)
	at com.kms.katalon.core.keyword.BuiltinKeywords.callTestCase(BuiltinKeywords.groovy:334)
	at sun.reflect.NativeMethodAccessorImpl.invoke0(Native Method)
	at sun.reflect.NativeMethodAccessorImpl.invoke(NativeMethodAccessorImpl.java:62)
	at sun.reflect.DelegatingMethodAccessorImpl.invoke(DelegatingMethodAccessorImpl.java:43)
	at java.lang.reflect.Method.invoke(Method.java:498)
	at org.codehaus.groovy.reflection.CachedMethod.invoke(CachedMethod.java:93)
	at groovy.lang.MetaMethod.doMethodInvoke(MetaMethod.java:325)
	at groovy.lang.MetaClassImpl.invokeStaticMethod(MetaClassImpl.java:1469)
	at org.codehaus.groovy.runtime.callsite.StaticMetaClassSite.call(StaticMetaClassSite.java:53)
	at org.codehaus.groovy.runtime.callsite.CallSiteArray.defaultCall(CallSiteArray.java:48)
	at org.codehaus.groovy.runtime.callsite.AbstractCallSite.call(AbstractCallSite.java:113)
	at org.codehaus.groovy.runtime.callsite.AbstractCallSite.call(AbstractCallSite.java:141)
	at Script1536897267443.run(Script1536897267443.groovy:30)
	at com.kms.katalon.core.main.ScriptEngine.run(ScriptEngine.java:183)
	at com.kms.katalon.core.main.ScriptEngine.runScriptAsRawText(ScriptEngine.java:108)
	at com.kms.katalon.core.main.TestCaseExecutor.runScript(TestCaseExecutor.java:294)
	at com.kms.katalon.core.main.TestCaseExecutor.doExecute(TestCaseExecutor.java:285)
	at com.kms.katalon.core.main.TestCaseExecutor.processExecutionPhase(TestCaseExecutor.java:264)
	at com.kms.katalon.core.main.TestCaseExecutor.accessMainPhase(TestCaseExecutor.java:256)
	at com.kms.katalon.core.main.TestCaseExecutor.execute(TestCaseExecutor.java:200)
	at com.kms.katalon.core.main.TestCaseMain.runTestCase(TestCaseMain.java:99)
	at com.kms.katalon.core.keyword.builtin.CallTestCaseKeyword$_callTestCase_closure1.doCall(CallTestCaseKeyword.groovy:60)
	at com.kms.katalon.core.keyword.builtin.CallTestCaseKeyword$_callTestCase_closure1.call(CallTestCaseKeyword.groovy)
	at com.kms.katalon.core.keyword.internal.KeywordMain.runKeyword(KeywordMain.groovy:54)
	at com.kms.katalon.core.keyword.builtin.CallTestCaseKeyword.callTestCase(CallTestCaseKeyword.groovy:81)
	at com.kms.katalon.core.keyword.builtin.CallTestCaseKeyword.execute(CallTestCaseKeyword.groovy:45)
	at com.kms.katalon.core.keyword.internal.KeywordExecutor.executeKeywordForPlatform(KeywordExecutor.groovy:53)
	at com.kms.katalon.core.keyword.BuiltinKeywords.callTestCase(BuiltinKeywords.groovy:334)
	at sun.reflect.NativeMethodAccessorImpl.invoke0(Native Method)
	at sun.reflect.NativeMethodAccessorImpl.invoke(NativeMethodAccessorImpl.java:62)
	at sun.reflect.DelegatingMethodAccessorImpl.invoke(DelegatingMethodAccessorImpl.java:43)
	at java.lang.reflect.Method.invoke(Method.java:498)
	at org.codehaus.groovy.reflection.CachedMethod.invoke(CachedMethod.java:93)
	at groovy.lang.MetaMethod.doMethodInvoke(MetaMethod.java:325)
	at groovy.lang.MetaClassImpl.invokeStaticMethod(MetaClassImpl.java:1469)
	at org.codehaus.groovy.runtime.callsite.StaticMetaClassSite.call(StaticMetaClassSite.java:53)
	at org.codehaus.groovy.runtime.callsite.CallSiteArray.defaultCall(CallSiteArray.java:48)
	at org.codehaus.groovy.runtime.callsite.AbstractCallSite.call(AbstractCallSite.java:113)
	at org.codehaus.groovy.runtime.callsite.AbstractCallSite.call(AbstractCallSite.java:141)
	at Script1537255938886.run(Script1537255938886.groovy:22)
	at com.kms.katalon.core.main.ScriptEngine.run(ScriptEngine.java:183)
	at com.kms.katalon.core.main.ScriptEngine.runScriptAsRawText(ScriptEngine.java:108)
	at com.kms.katalon.core.main.TestCaseExecutor.runScript(TestCaseExecutor.java:294)
	at com.kms.katalon.core.main.TestCaseExecutor.doExecute(TestCaseExecutor.java:285)
	at com.kms.katalon.core.main.TestCaseExecutor.processExecutionPhase(TestCaseExecutor.java:264)
	at com.kms.katalon.core.main.TestCaseExecutor.accessMainPhase(TestCaseExecutor.java:256)
	at com.kms.katalon.core.main.TestCaseExecutor.execute(TestCaseExecutor.java:200)
	at com.kms.katalon.core.main.TestCaseMain.runTestCase(TestCaseMain.java:99)
	at com.kms.katalon.core.keyword.builtin.CallTestCaseKeyword$_callTestCase_closure1.doCall(CallTestCaseKeyword.groovy:60)
	at com.kms.katalon.core.keyword.builtin.CallTestCaseKeyword$_callTestCase_closure1.call(CallTestCaseKeyword.groovy)
	at com.kms.katalon.core.keyword.internal.KeywordMain.runKeyword(KeywordMain.groovy:54)
	at com.kms.katalon.core.keyword.builtin.CallTestCaseKeyword.callTestCase(CallTestCaseKeyword.groovy:81)
	at com.kms.katalon.core.keyword.builtin.CallTestCaseKeyword.execute(CallTestCaseKeyword.groovy:45)
	at com.kms.katalon.core.keyword.internal.KeywordExecutor.executeKeywordForPlatform(KeywordExecutor.groovy:53)
	at com.kms.katalon.core.keyword.BuiltinKeywords.callTestCase(BuiltinKeywords.groovy:334)
	at sun.reflect.NativeMethodAccessorImpl.invoke0(Native Method)
	at sun.reflect.NativeMethodAccessorImpl.invoke(NativeMethodAccessorImpl.java:62)
	at sun.reflect.DelegatingMethodAccessorImpl.invoke(DelegatingMethodAccessorImpl.java:43)
	at java.lang.reflect.Method.invoke(Method.java:498)
	at org.codehaus.groovy.reflection.CachedMethod.invoke(CachedMethod.java:93)
	at groovy.lang.MetaMethod.doMethodInvoke(MetaMethod.java:325)
	at groovy.lang.MetaClassImpl.invokeStaticMethod(MetaClassImpl.java:1469)
	at org.codehaus.groovy.runtime.callsite.StaticMetaClassSite.call(StaticMetaClassSite.java:53)
	at org.codehaus.groovy.runtime.callsite.CallSiteArray.defaultCall(CallSiteArray.java:48)
	at org.codehaus.groovy.runtime.callsite.AbstractCallSite.call(AbstractCallSite.java:113)
	at org.codehaus.groovy.runtime.callsite.AbstractCallSite.call(AbstractCallSite.java:141)
	at Script1536732166908.run(Script1536732166908.groovy:23)
	at com.kms.katalon.core.main.ScriptEngine.run(ScriptEngine.java:183)
	at com.kms.katalon.core.main.ScriptEngine.runScriptAsRawText(ScriptEngine.java:108)
	at com.kms.katalon.core.main.TestCaseExecutor.runScript(TestCaseExecutor.java:294)
	at com.kms.katalon.core.main.TestCaseExecutor.doExecute(TestCaseExecutor.java:285)
	at com.kms.katalon.core.main.TestCaseExecutor.processExecutionPhase(TestCaseExecutor.java:264)
	at com.kms.katalon.core.main.TestCaseExecutor.accessMainPhase(TestCaseExecutor.java:256)
	at com.kms.katalon.core.main.TestCaseExecutor.execute(TestCaseExecutor.java:200)
	at com.kms.katalon.core.main.TestCaseMain.runTestCase(TestCaseMain.java:99)
	at com.kms.katalon.core.keyword.builtin.CallTestCaseKeyword$_callTestCase_closure1.doCall(CallTestCaseKeyword.groovy:60)
	at com.kms.katalon.core.keyword.builtin.CallTestCaseKeyword$_callTestCase_closure1.call(CallTestCaseKeyword.groovy)
	at com.kms.katalon.core.keyword.internal.KeywordMain.runKeyword(KeywordMain.groovy:54)
	at com.kms.katalon.core.keyword.builtin.CallTestCaseKeyword.callTestCase(CallTestCaseKeyword.groovy:81)
	at com.kms.katalon.core.keyword.builtin.CallTestCaseKeyword.execute(CallTestCaseKeyword.groovy:45)
	at com.kms.katalon.core.keyword.internal.KeywordExecutor.executeKeywordForPlatform(KeywordExecutor.groovy:53)
	at com.kms.katalon.core.keyword.BuiltinKeywords.callTestCase(BuiltinKeywords.groovy:334)
	at sun.reflect.NativeMethodAccessorImpl.invoke0(Native Method)
	at sun.reflect.NativeMethodAccessorImpl.invoke(NativeMethodAccessorImpl.java:62)
	at sun.reflect.DelegatingMethodAccessorImpl.invoke(DelegatingMethodAccessorImpl.java:43)
	at java.lang.reflect.Method.invoke(Method.java:498)
	at org.codehaus.groovy.reflection.CachedMethod.invoke(CachedMethod.java:93)
	at groovy.lang.MetaMethod.doMethodInvoke(MetaMethod.java:325)
	at groovy.lang.MetaClassImpl.invokeStaticMethod(MetaClassImpl.java:1469)
	at org.codehaus.groovy.runtime.callsite.StaticMetaClassSite.call(StaticMetaClassSite.java:53)
	at org.codehaus.groovy.runtime.callsite.CallSiteArray.defaultCall(CallSiteArray.java:48)
	at org.codehaus.groovy.runtime.callsite.AbstractCallSite.call(AbstractCallSite.java:113)
	at org.codehaus.groovy.runtime.callsite.AbstractCallSite.call(AbstractCallSite.java:141)
	at Script1536733676931.run(Script1536733676931.groovy:22)
	at com.kms.katalon.core.main.ScriptEngine.run(ScriptEngine.java:183)
	at com.kms.katalon.core.main.ScriptEngine.runScriptAsRawText(ScriptEngine.java:108)
	at com.kms.katalon.core.main.TestCaseExecutor.runScript(TestCaseExecutor.java:294)
	at com.kms.katalon.core.main.TestCaseExecutor.doExecute(TestCaseExecutor.java:285)
	at com.kms.katalon.core.main.TestCaseExecutor.processExecutionPhase(TestCaseExecutor.java:264)
	at com.kms.katalon.core.main.TestCaseExecutor.accessMainPhase(TestCaseExecutor.java:256)
	at com.kms.katalon.core.main.TestCaseExecutor.execute(TestCaseExecutor.java:200)
	at com.kms.katalon.core.main.TestSuiteExecutor.accessTestCaseMainPhase(TestSuiteExecutor.java:129)
	at com.kms.katalon.core.main.TestSuiteExecutor.accessTestSuiteMainPhase(TestSuiteExecutor.java:112)
	at com.kms.katalon.core.main.TestSuiteExecutor.execute(TestSuiteExecutor.java:81)
	at com.kms.katalon.core.main.TestCaseMain.startTestSuite(TestCaseMain.java:142)
	at com.kms.katalon.core.main.TestCaseMain$startTestSuite$0.call(Unknown Source)
	at org.codehaus.groovy.runtime.callsite.CallSiteArray.defaultCall(CallSiteArray.java:48)
	at org.codehaus.groovy.runtime.callsite.AbstractCallSite.call(AbstractCallSite.java:113)
	at org.codehaus.groovy.runtime.callsite.AbstractCallSite.call(AbstractCallSite.java:141)
	at TempTestSuite1543076525234.run(TempTestSuite1543076525234.groovy:36)
	at groovy.lang.GroovyShell.runScriptOrMainOrTestOrRunnable(GroovyShell.java:263)
	at groovy.lang.GroovyShell.run(GroovyShell.java:518)
	at groovy.lang.GroovyShell.run(GroovyShell.java:507)
	at groovy.ui.GroovyMain.processOnce(GroovyMain.java:653)
	at groovy.ui.GroovyMain.run(GroovyMain.java:384)
	at groovy.ui.GroovyMain.process(GroovyMain.java:370)
	at groovy.ui.GroovyMain.processArgs(GroovyMain.java:129)
	at groovy.ui.GroovyMain.main(GroovyMain.java:109)
	at sun.reflect.NativeMethodAccessorImpl.invoke0(Native Method)
	at sun.reflect.NativeMethodAccessorImpl.invoke(NativeMethodAccessorImpl.java:62)
	at sun.reflect.DelegatingMethodAccessorImpl.invoke(DelegatingMethodAccessorImpl.java:43)
	at java.lang.reflect.Method.invoke(Method.java:498)
	at org.codehaus.groovy.tools.GroovyStarter.rootLoader(GroovyStarter.java:109)
	at org.codehaus.groovy.tools.GroovyStarter.main(GroovyStarter.java:131)
)

2018-11-25 04:13:35 - [TEST_STEP][PASSED] - openBrowser: Browser is opened with url: ''

2018-11-25 04:13:35 - [MESSAGE][WARNING] - A browser is already opened. Closing browser and opening a new one

2018-11-25 04:13:39 - [MESSAGE][PASSED] - Browser is opened with url: ''

2018-11-25 04:13:39 - [TEST_STEP][PASSED] - navigateToUrl: Navigate to 'https://assist2-uat.perkeso.gov.my/login' successfully

2018-11-25 04:13:40 - [MESSAGE][PASSED] - Navigate to 'https://assist2-uat.perkeso.gov.my/login' successfully

2018-11-25 04:13:40 - [TEST_STEP][PASSED] - delay: Delayed 5 second(s)

2018-11-25 04:13:45 - [MESSAGE][PASSED] - Delayed 5 second(s)

2018-11-25 04:13:45 - [TEST_STEP][PASSED] - setText: Text 'test@liferay.com' is set on object 'Object Repository/Final Object Repo/Login Page/Internal User/Email Address'

2018-11-25 04:13:45 - [MESSAGE][PASSED] - Text 'test@liferay.com' is set on object 'Object Repository/Final Object Repo/Login Page/Internal User/Email Address'

2018-11-25 04:13:45 - [TEST_STEP][PASSED] - click: Object: 'Object Repository/Final Object Repo/Login Page/Internal User/Next Button' is clicked on

2018-11-25 04:13:45 - [MESSAGE][PASSED] - Object: 'Object Repository/Final Object Repo/Login Page/Internal User/Next Button' is clicked on

2018-11-25 04:13:45 - [TEST_STEP][PASSED] - delay: Delayed 2 second(s)

2018-11-25 04:13:47 - [MESSAGE][PASSED] - Delayed 2 second(s)

2018-11-25 04:13:47 - [TEST_STEP][PASSED] - setText: Text 'test' is set on object 'Object Repository/Final Object Repo/Login Page/Internal User/Password'

2018-11-25 04:13:48 - [MESSAGE][PASSED] - Text 'test' is set on object 'Object Repository/Final Object Repo/Login Page/Internal User/Password'

2018-11-25 04:13:48 - [TEST_STEP][PASSED] - delay: Delayed 2 second(s)

2018-11-25 04:13:50 - [MESSAGE][PASSED] - Delayed 2 second(s)

2018-11-25 04:13:50 - [TEST_STEP][PASSED] - click: Object: 'Object Repository/Final Object Repo/Login Page/Internal User/Login Button' is clicked on

2018-11-25 04:13:50 - [MESSAGE][PASSED] - Object: 'Object Repository/Final Object Repo/Login Page/Internal User/Login Button' is clicked on

2018-11-25 04:13:50 - [TEST_STEP][PASSED] - delay: Delayed 3 second(s)

2018-11-25 04:13:53 - [MESSAGE][PASSED] - Delayed 3 second(s)

2018-11-25 04:13:53 - [TEST_STEP][PASSED] - navigateToUrl: Navigate to 'https://assist2-uat.perkeso.gov.my/group/control_panel/manage?p_p_id=125&p_p_lifecycle=0&p_p_state=maximized&p_p_mode=view&refererPlid=20455&_125_usersListView=flat-users&_125_toolbarItem=view-all-users&_125_saveUsersListView=true&_125_struts_action=%2Fusers_admin%2Fview' successfully

2018-11-25 04:13:54 - [MESSAGE][PASSED] - Navigate to 'https://assist2-uat.perkeso.gov.my/group/control_panel/manage?p_p_id=125&p_p_lifecycle=0&p_p_state=maximized&p_p_mode=view&refererPlid=20455&_125_usersListView=flat-users&_125_toolbarItem=view-all-users&_125_saveUsersListView=true&_125_struts_action=%2Fusers_admin%2Fview' successfully

2018-11-25 04:13:54 - [TEST_STEP][PASSED] - delay: Delayed 3 second(s)

2018-11-25 04:13:57 - [MESSAGE][PASSED] - Delayed 3 second(s)

2018-11-25 04:13:57 - [TEST_STEP][FAILED] - setText: Unable to set text 'perkeso192274782857@gmail.com' of object 'Object Repository/Final Object Repo/Creating Employer Account/Page_Users and Organizations - ASSIST/Employer name' (Root cause: org.openqa.selenium.ElementNotVisibleException: element not interactable
  (Session info: chrome=70.0.3538.102)
  (Driver info: chromedriver=2.43.600210 (68dcf5eebde37173d4027fa8635e332711d2874a),platform=Windows NT 6.1.7601 SP1 x86_64) (WARNING: The server did not provide any stacktrace information)
Command duration or timeout: 0 milliseconds
Build info: version: '3.7.1', revision: '8a0099a', time: '2017-11-06T21:07:36.161Z'
System info: host: 'WIN7TEST02', ip: '10.20.3.72', os.name: 'Windows 7', os.arch: 'amd64', os.version: '6.1', java.version: '1.8.0_181'
Driver info: com.kms.katalon.selenium.driver.CChromeDriver
Capabilities {acceptInsecureCerts: false, acceptSslCerts: false, applicationCacheEnabled: false, browserConnectionEnabled: false, browserName: chrome, chrome: {chromedriverVersion: 2.43.600210 (68dcf5eebde371..., userDataDir: C:\Users\Admin\AppData\Loca...}, cssSelectorsEnabled: true, databaseEnabled: false, goog:chromeOptions: {debuggerAddress: localhost:53134}, handlesAlerts: true, hasTouchScreen: false, javascriptEnabled: true, locationContextEnabled: true, mobileEmulationEnabled: false, nativeEvents: true, networkConnectionEnabled: false, pageLoadStrategy: normal, platform: XP, platformName: XP, rotatable: false, setWindowRect: true, takesHeapSnapshot: true, takesScreenshot: true, unexpectedAlertBehaviour: , unhandledPromptBehavior: , version: 70.0.3538.102, webStorageEnabled: true}
Session ID: 412f4d02dbeb8017686d0baec7080c59)

2018-11-25 04:13:58 - [MESSAGE][FAILED] - Unable to set text 'perkeso192274782857@gmail.com' of object 'Object Repository/Final Object Repo/Creating Employer Account/Page_Users and Organizations - ASSIST/Employer name' (Root cause: org.openqa.selenium.ElementNotVisibleException: element not interactable
  (Session info: chrome=70.0.3538.102)
  (Driver info: chromedriver=2.43.600210 (68dcf5eebde37173d4027fa8635e332711d2874a),platform=Windows NT 6.1.7601 SP1 x86_64) (WARNING: The server did not provide any stacktrace information)
Command duration or timeout: 0 milliseconds
Build info: version: '3.7.1', revision: '8a0099a', time: '2017-11-06T21:07:36.161Z'
System info: host: 'WIN7TEST02', ip: '10.20.3.72', os.name: 'Windows 7', os.arch: 'amd64', os.version: '6.1', java.version: '1.8.0_181'
Driver info: com.kms.katalon.selenium.driver.CChromeDriver
Capabilities {acceptInsecureCerts: false, acceptSslCerts: false, applicationCacheEnabled: false, browserConnectionEnabled: false, browserName: chrome, chrome: {chromedriverVersion: 2.43.600210 (68dcf5eebde371..., userDataDir: C:\Users\Admin\AppData\Loca...}, cssSelectorsEnabled: true, databaseEnabled: false, goog:chromeOptions: {debuggerAddress: localhost:53134}, handlesAlerts: true, hasTouchScreen: false, javascriptEnabled: true, locationContextEnabled: true, mobileEmulationEnabled: false, nativeEvents: true, networkConnectionEnabled: false, pageLoadStrategy: normal, platform: XP, platformName: XP, rotatable: false, setWindowRect: true, takesHeapSnapshot: true, takesScreenshot: true, unexpectedAlertBehaviour: , unhandledPromptBehavior: , version: 70.0.3538.102, webStorageEnabled: true}
Session ID: 412f4d02dbeb8017686d0baec7080c59)
[[ATTACHMENT|C:\\Users\\Admin\\Desktop\\PKS\\Perkeso Phase A\\Reports\\Workflow\\Form 3 EIS - Cessation as Employer\\20181125_002205\\1543090437974.png]]

2018-11-25 04:13:58 - [TEST_STEP][PASSED] - delay: Delayed 3 second(s)

2018-11-25 04:14:01 - [MESSAGE][PASSED] - Delayed 3 second(s)

2018-11-25 04:14:01 - [TEST_STEP][FAILED] - click: Unable to click on object 'Object Repository/Final Object Repo/Creating Employer Account/Page_Users and Organizations - ASSIST/Search' (Root cause: org.openqa.selenium.ElementNotVisibleException: element not interactable
  (Session info: chrome=70.0.3538.102)
  (Driver info: chromedriver=2.43.600210 (68dcf5eebde37173d4027fa8635e332711d2874a),platform=Windows NT 6.1.7601 SP1 x86_64) (WARNING: The server did not provide any stacktrace information)
Command duration or timeout: 0 milliseconds
Build info: version: '3.7.1', revision: '8a0099a', time: '2017-11-06T21:07:36.161Z'
System info: host: 'WIN7TEST02', ip: '10.20.3.72', os.name: 'Windows 7', os.arch: 'amd64', os.version: '6.1', java.version: '1.8.0_181'
Driver info: com.kms.katalon.selenium.driver.CChromeDriver
Capabilities {acceptInsecureCerts: false, acceptSslCerts: false, applicationCacheEnabled: false, browserConnectionEnabled: false, browserName: chrome, chrome: {chromedriverVersion: 2.43.600210 (68dcf5eebde371..., userDataDir: C:\Users\Admin\AppData\Loca...}, cssSelectorsEnabled: true, databaseEnabled: false, goog:chromeOptions: {debuggerAddress: localhost:53134}, handlesAlerts: true, hasTouchScreen: false, javascriptEnabled: true, locationContextEnabled: true, mobileEmulationEnabled: false, nativeEvents: true, networkConnectionEnabled: false, pageLoadStrategy: normal, platform: XP, platformName: XP, rotatable: false, setWindowRect: true, takesHeapSnapshot: true, takesScreenshot: true, unexpectedAlertBehaviour: , unhandledPromptBehavior: , version: 70.0.3538.102, webStorageEnabled: true}
Session ID: 412f4d02dbeb8017686d0baec7080c59)

2018-11-25 04:14:01 - [MESSAGE][FAILED] - Unable to click on object 'Object Repository/Final Object Repo/Creating Employer Account/Page_Users and Organizations - ASSIST/Search' (Root cause: org.openqa.selenium.ElementNotVisibleException: element not interactable
  (Session info: chrome=70.0.3538.102)
  (Driver info: chromedriver=2.43.600210 (68dcf5eebde37173d4027fa8635e332711d2874a),platform=Windows NT 6.1.7601 SP1 x86_64) (WARNING: The server did not provide any stacktrace information)
Command duration or timeout: 0 milliseconds
Build info: version: '3.7.1', revision: '8a0099a', time: '2017-11-06T21:07:36.161Z'
System info: host: 'WIN7TEST02', ip: '10.20.3.72', os.name: 'Windows 7', os.arch: 'amd64', os.version: '6.1', java.version: '1.8.0_181'
Driver info: com.kms.katalon.selenium.driver.CChromeDriver
Capabilities {acceptInsecureCerts: false, acceptSslCerts: false, applicationCacheEnabled: false, browserConnectionEnabled: false, browserName: chrome, chrome: {chromedriverVersion: 2.43.600210 (68dcf5eebde371..., userDataDir: C:\Users\Admin\AppData\Loca...}, cssSelectorsEnabled: true, databaseEnabled: false, goog:chromeOptions: {debuggerAddress: localhost:53134}, handlesAlerts: true, hasTouchScreen: false, javascriptEnabled: true, locationContextEnabled: true, mobileEmulationEnabled: false, nativeEvents: true, networkConnectionEnabled: false, pageLoadStrategy: normal, platform: XP, platformName: XP, rotatable: false, setWindowRect: true, takesHeapSnapshot: true, takesScreenshot: true, unexpectedAlertBehaviour: , unhandledPromptBehavior: , version: 70.0.3538.102, webStorageEnabled: true}
Session ID: 412f4d02dbeb8017686d0baec7080c59)
[[ATTACHMENT|C:\\Users\\Admin\\Desktop\\PKS\\Perkeso Phase A\\Reports\\Workflow\\Form 3 EIS - Cessation as Employer\\20181125_002205\\1543090441405.png]]

2018-11-25 04:14:01 - [TEST_STEP][PASSED] - delay: Delayed 3 second(s)

2018-11-25 04:14:04 - [MESSAGE][PASSED] - Delayed 3 second(s)

2018-11-25 04:14:04 - [TEST_STEP][PASSED] - click: Object: 'Object Repository/Final Object Repo/Creating Employer Account/Page_Users and Organizations - ASSIST/Action' is clicked on

2018-11-25 04:14:04 - [MESSAGE][PASSED] - Object: 'Object Repository/Final Object Repo/Creating Employer Account/Page_Users and Organizations - ASSIST/Action' is clicked on

2018-11-25 04:14:04 - [TEST_STEP][PASSED] - delay: Delayed 3 second(s)

2018-11-25 04:14:07 - [MESSAGE][PASSED] - Delayed 3 second(s)

2018-11-25 04:14:08 - [TEST_STEP][PASSED] - click: Object: 'Object Repository/Final Object Repo/Creating Employer Account/Page_Users and Organizations - ASSIST/Edit' is clicked on

2018-11-25 04:14:09 - [MESSAGE][PASSED] - Object: 'Object Repository/Final Object Repo/Creating Employer Account/Page_Users and Organizations - ASSIST/Edit' is clicked on

2018-11-25 04:14:09 - [TEST_STEP][PASSED] - delay: Delayed 3 second(s)

2018-11-25 04:14:12 - [MESSAGE][PASSED] - Delayed 3 second(s)

2018-11-25 04:14:12 - [TEST_STEP][PASSED] - click: Object: 'Object Repository/Final Object Repo/Creating Employer Account/Page_PERKESO - Users and Organizati/a_Password (Modified)' is clicked on

2018-11-25 04:14:12 - [MESSAGE][PASSED] - Object: 'Object Repository/Final Object Repo/Creating Employer Account/Page_PERKESO - Users and Organizati/a_Password (Modified)' is clicked on

2018-11-25 04:14:12 - [TEST_STEP][PASSED] - delay: Delayed 3 second(s)

2018-11-25 04:14:15 - [MESSAGE][PASSED] - Delayed 3 second(s)

2018-11-25 04:14:15 - [TEST_STEP][PASSED] - setEncryptedText: Text ****** has been set on object 'Object Repository/Final Object Repo/Creating Employer Account/Page_PERKESO - Users and Organizati/input__125_password1'

2018-11-25 04:14:15 - [MESSAGE][PASSED] - Text ****** has been set on object 'Object Repository/Final Object Repo/Creating Employer Account/Page_PERKESO - Users and Organizati/input__125_password1'

2018-11-25 04:14:15 - [TEST_STEP][PASSED] - delay: Delayed 3 second(s)

2018-11-25 04:14:18 - [MESSAGE][PASSED] - Delayed 3 second(s)

2018-11-25 04:14:18 - [TEST_STEP][PASSED] - setEncryptedText: Text ****** has been set on object 'Object Repository/Final Object Repo/Creating Employer Account/Page_PERKESO - Users and Organizati/input__125_password2'

2018-11-25 04:14:19 - [MESSAGE][PASSED] - Text ****** has been set on object 'Object Repository/Final Object Repo/Creating Employer Account/Page_PERKESO - Users and Organizati/input__125_password2'

2018-11-25 04:14:19 - [TEST_STEP][PASSED] - delay: Delayed 3 second(s)

2018-11-25 04:14:22 - [MESSAGE][PASSED] - Delayed 3 second(s)

2018-11-25 04:14:22 - [TEST_STEP][PASSED] - click: Object: 'Object Repository/Final Object Repo/Creating Employer Account/Page_PERKESO - Users and Organizati/Save' is clicked on

2018-11-25 04:14:22 - [MESSAGE][PASSED] - Object: 'Object Repository/Final Object Repo/Creating Employer Account/Page_PERKESO - Users and Organizati/Save' is clicked on

2018-11-25 04:14:22 - [MESSAGE][FAILED] - Unable to call Test Case with id 'Test Cases/Final Aug 2018 - PKS Automation/Create Employer Acc/Template/Change Password of Employer' (Root cause: Call Test Case 'Test Cases/Final Aug 2018 - PKS Automation/Create Employer Acc/Template/Change Password of Employer' failed)

2018-11-25 04:14:22 - [MESSAGE][FAILED] - Unable to call Test Case with id 'Test Cases/Final Aug 2018 - PKS Automation/Create Employer Acc/Create Employer Account' (Root cause: Call Test Case 'Test Cases/Final Aug 2018 - PKS Automation/Create Employer Acc/Create Employer Account' failed)

2018-11-25 04:14:22 - [MESSAGE][FAILED] - Unable to call Test Case with id 'Test Cases/Final Aug 2018 - PKS Automation/Registration Module/Workflow/Update Add New Employee/Template/New Company for Update Add New - Employer' (Root cause: Call Test Case 'Test Cases/Final Aug 2018 - PKS Automation/Registration Module/Workflow/Update Add New Employee/Template/New Company for Update Add New - Employer' failed)

2018-11-25 04:14:22 - [TEST_STEP][PASSED] - callTestCase: Call Test Case 'Test Cases/Final Aug 2018 - PKS Automation/Create Employer Acc/Login to Employer Account (Second time)' successfully

2018-11-25 04:14:22 - [TEST_CASE][PASSED] - Test Cases/Final Aug 2018 - PKS Automation/Create Employer Acc/Login to Employer Account (Second time): Test Cases/Final Aug 2018 - PKS Automation/Create Employer Acc/Login to Employer Account (Second time)

2018-11-25 04:14:22 - [TEST_STEP][PASSED] - openBrowser: Browser is opened with url: ''

2018-11-25 04:14:22 - [MESSAGE][WARNING] - A browser is already opened. Closing browser and opening a new one

2018-11-25 04:14:26 - [MESSAGE][PASSED] - Browser is opened with url: ''

2018-11-25 04:14:26 - [TEST_STEP][PASSED] - navigateToUrl: Navigate to 'https://assist2-uat.perkeso.gov.my/employer/login' successfully

2018-11-25 04:14:27 - [MESSAGE][PASSED] - Navigate to 'https://assist2-uat.perkeso.gov.my/employer/login' successfully

2018-11-25 04:14:27 - [TEST_STEP][PASSED] - delay: Delayed 3 second(s)

2018-11-25 04:14:30 - [MESSAGE][PASSED] - Delayed 3 second(s)

2018-11-25 04:14:30 - [TEST_STEP][PASSED] - callTestCase: Call Test Case 'Test Cases/Final Aug 2018 - PKS Automation/Create Employer Acc/Template/Employer Email Getter' successfully

2018-11-25 04:14:30 - [TEST_CASE][PASSED] - Test Cases/Final Aug 2018 - PKS Automation/Create Employer Acc/Template/Employer Email Getter: Test Cases/Final Aug 2018 - PKS Automation/Create Employer Acc/Template/Employer Email Getter

2018-11-25 04:14:31 - [TEST_STEP][PASSED] - Statement - Try: null

2018-11-25 04:14:31 - [TEST_STEP][PASSED] - Statement - EmpEmail = new java.io.File(C://Users//Admin//Desktop//PKS//Automation Reference Point//EmpEmail.txt): null

2018-11-25 04:14:31 - [TEST_STEP][PASSED] - Statement - bufferread = new java.io.BufferedReader(new java.io.FileReader(EmpEmail)): null

2018-11-25 04:14:31 - [TEST_STEP][PASSED] - Statement - readedVal = bufferread.readLine(): null

2018-11-25 04:14:31 - [TEST_STEP][PASSED] - Statement - out.println(readedVal): null

2018-11-25 04:14:31 - [TEST_STEP][PASSED] - Statement - Email = readedVal: null

2018-11-25 04:14:31 - [MESSAGE][PASSED] - Call Test Case 'Test Cases/Final Aug 2018 - PKS Automation/Create Employer Acc/Template/Employer Email Getter' successfully

2018-11-25 04:14:31 - [TEST_STEP][PASSED] - setText: Text 'perkeso192274782857@gmail.com' is set on object 'Object Repository/Final Object Repo/Login Page/External Login Page/Email'

2018-11-25 04:14:31 - [MESSAGE][PASSED] - Text 'perkeso192274782857@gmail.com' is set on object 'Object Repository/Final Object Repo/Login Page/External Login Page/Email'

2018-11-25 04:14:31 - [TEST_STEP][PASSED] - click: Object: 'Object Repository/Final Object Repo/Login Page/External Login Page/Next' is clicked on

2018-11-25 04:14:31 - [MESSAGE][PASSED] - Object: 'Object Repository/Final Object Repo/Login Page/External Login Page/Next' is clicked on

2018-11-25 04:14:31 - [TEST_STEP][PASSED] - delay: Delayed 3 second(s)

2018-11-25 04:14:34 - [MESSAGE][PASSED] - Delayed 3 second(s)

2018-11-25 04:14:34 - [TEST_STEP][PASSED] - setEncryptedText: Text ****** has been set on object 'Object Repository/Final Object Repo/Login Page/External Login Page/Password'

2018-11-25 04:14:34 - [MESSAGE][PASSED] - Text ****** has been set on object 'Object Repository/Final Object Repo/Login Page/External Login Page/Password'

2018-11-25 04:14:34 - [TEST_STEP][PASSED] - click: Object: 'Object Repository/Final Object Repo/Login Page/External Login Page/Login' is clicked on

2018-11-25 04:14:35 - [MESSAGE][PASSED] - Object: 'Object Repository/Final Object Repo/Login Page/External Login Page/Login' is clicked on

2018-11-25 04:14:35 - [TEST_STEP][PASSED] - delay: Delayed 5 second(s)

2018-11-25 04:14:40 - [MESSAGE][PASSED] - Delayed 5 second(s)

2018-11-25 04:14:40 - [MESSAGE][PASSED] - Call Test Case 'Test Cases/Final Aug 2018 - PKS Automation/Create Employer Acc/Login to Employer Account (Second time)' successfully

2018-11-25 04:14:40 - [TEST_STEP][PASSED] - navigateToUrl: Navigate to 'https://assist2-uat.perkeso.gov.my/web/registration/eis-update/form-3-eis-cessation-as-employer' successfully

2018-11-25 04:14:40 - [MESSAGE][PASSED] - Navigate to 'https://assist2-uat.perkeso.gov.my/web/registration/eis-update/form-3-eis-cessation-as-employer' successfully

2018-11-25 04:14:40 - [TEST_STEP][PASSED] - delay: Delayed 1 second(s)

2018-11-25 04:14:41 - [MESSAGE][PASSED] - Delayed 1 second(s)

2018-11-25 04:14:41 - [TEST_STEP][FAILED] - click: Unable to click on object 'Object Repository/Final Object Repo/Page_Form 3 EIS - Cessation as Employer/Edit' (Root cause: com.kms.katalon.core.webui.exception.WebElementNotFoundException: Web element with id: 'Object Repository/Final Object Repo/Page_Form 3 EIS - Cessation as Employer/Edit' located by 'By.xpath: //i[@data-original-title = ' Edit']' not found)

2018-11-25 04:15:13 - [MESSAGE][FAILED] - Unable to click on object 'Object Repository/Final Object Repo/Page_Form 3 EIS - Cessation as Employer/Edit' (Root cause: com.kms.katalon.core.webui.exception.WebElementNotFoundException: Web element with id: 'Object Repository/Final Object Repo/Page_Form 3 EIS - Cessation as Employer/Edit' located by 'By.xpath: //i[@data-original-title = ' Edit']' not found)
[[ATTACHMENT|C:\\Users\\Admin\\Desktop\\PKS\\Perkeso Phase A\\Reports\\Workflow\\Form 3 EIS - Cessation as Employer\\20181125_002205\\1543090513341.png]]

2018-11-25 04:15:13 - [TEST_STEP][PASSED] - delay: Delayed 1 second(s)

2018-11-25 04:15:14 - [MESSAGE][PASSED] - Delayed 1 second(s)

2018-11-25 04:15:14 - [TEST_STEP][FAILED] - Statement - abc = com.kms.katalon.core.webui.keyword.WebUiBuiltInKeywords.getAttribute(com.kms.katalon.core.testobject.ObjectRepository.findTestObject(Final Object Repo/Page_Form 3 EIS - Cessation as Employer/Employer Status), "value"): Unable to get attribute 'value' of object 'Object Repository/Final Object Repo/Page_Form 3 EIS - Cessation as Employer/Employer Status' (Root cause: com.kms.katalon.core.webui.exception.WebElementNotFoundException: Web element with id: 'Object Repository/Final Object Repo/Page_Form 3 EIS - Cessation as Employer/Employer Status' located by 'By.xpath: //input[@type = 'text' and @id = '_searchforemployersip_WAR_registrationportlet_dto.employerStatus']' not found)

2018-11-25 04:15:46 - [MESSAGE][FAILED] - Unable to get attribute 'value' of object 'Object Repository/Final Object Repo/Page_Form 3 EIS - Cessation as Employer/Employer Status' (Root cause: com.kms.katalon.core.webui.exception.WebElementNotFoundException: Web element with id: 'Object Repository/Final Object Repo/Page_Form 3 EIS - Cessation as Employer/Employer Status' located by 'By.xpath: //input[@type = 'text' and @id = '_searchforemployersip_WAR_registrationportlet_dto.employerStatus']' not found)
[[ATTACHMENT|C:\\Users\\Admin\\Desktop\\PKS\\Perkeso Phase A\\Reports\\Workflow\\Form 3 EIS - Cessation as Employer\\20181125_002205\\1543090545971.png]]

2018-11-25 04:15:46 - [TEST_STEP][PASSED] - Statement - out.println(abc): null

2018-11-25 04:15:46 - [TEST_STEP][PASSED] - Statement - If (abc == "Active"): null

2018-11-25 04:15:46 - [TEST_STEP][FAILED] - click: Unable to click on object 'Object Repository/Final Object Repo/Page_Form 3 EIS - Cessation as Employer/Calender' (Root cause: com.kms.katalon.core.webui.exception.WebElementNotFoundException: Web element with id: 'Object Repository/Final Object Repo/Page_Form 3 EIS - Cessation as Employer/Calender' located by 'By.xpath: //input[@id = '_searchforemployersip_WAR_registrationportlet_dto.temporaryClosureNoEmployeeFrom']' not found)

2018-11-25 04:16:17 - [MESSAGE][FAILED] - Unable to click on object 'Object Repository/Final Object Repo/Page_Form 3 EIS - Cessation as Employer/Calender' (Root cause: com.kms.katalon.core.webui.exception.WebElementNotFoundException: Web element with id: 'Object Repository/Final Object Repo/Page_Form 3 EIS - Cessation as Employer/Calender' located by 'By.xpath: //input[@id = '_searchforemployersip_WAR_registrationportlet_dto.temporaryClosureNoEmployeeFrom']' not found)
[[ATTACHMENT|C:\\Users\\Admin\\Desktop\\PKS\\Perkeso Phase A\\Reports\\Workflow\\Form 3 EIS - Cessation as Employer\\20181125_002205\\1543090577644.png]]

2018-11-25 04:16:17 - [TEST_STEP][PASSED] - delay: Delayed 1 second(s)

2018-11-25 04:16:18 - [MESSAGE][PASSED] - Delayed 1 second(s)

2018-11-25 04:16:18 - [TEST_STEP][FAILED] - click: Unable to click on object 'Object Repository/Final Object Repo/Page_Form 3 EIS - Cessation as Employer/Calender - Date' (Root cause: com.kms.katalon.core.webui.exception.WebElementNotFoundException: Web element with id: 'Object Repository/Final Object Repo/Page_Form 3 EIS - Cessation as Employer/Calender - Date' located by 'By.xpath: //a[@href = '#' and (text() = '1' or . = '1')]' not found)

2018-11-25 04:16:50 - [MESSAGE][FAILED] - Unable to click on object 'Object Repository/Final Object Repo/Page_Form 3 EIS - Cessation as Employer/Calender - Date' (Root cause: com.kms.katalon.core.webui.exception.WebElementNotFoundException: Web element with id: 'Object Repository/Final Object Repo/Page_Form 3 EIS - Cessation as Employer/Calender - Date' located by 'By.xpath: //a[@href = '#' and (text() = '1' or . = '1')]' not found)
[[ATTACHMENT|C:\\Users\\Admin\\Desktop\\PKS\\Perkeso Phase A\\Reports\\Workflow\\Form 3 EIS - Cessation as Employer\\20181125_002205\\1543090610532.png]]

2018-11-25 04:16:50 - [TEST_STEP][FAILED] - click: Unable to click on object 'Object Repository/Final Object Repo/Page_Form 3 EIS - Cessation as Employer/Save  Continue in Form 3 EIS Page' (Root cause: com.kms.katalon.core.webui.exception.WebElementNotFoundException: Web element with id: 'Object Repository/Final Object Repo/Page_Form 3 EIS - Cessation as Employer/Save  Continue in Form 3 EIS Page' located by 'By.xpath: //a[(text() = ' SAVE & CONTINUE	
					' or . = ' SAVE & CONTINUE	
					')]' not found)

2018-11-25 04:17:22 - [MESSAGE][FAILED] - Unable to click on object 'Object Repository/Final Object Repo/Page_Form 3 EIS - Cessation as Employer/Save  Continue in Form 3 EIS Page' (Root cause: com.kms.katalon.core.webui.exception.WebElementNotFoundException: Web element with id: 'Object Repository/Final Object Repo/Page_Form 3 EIS - Cessation as Employer/Save  Continue in Form 3 EIS Page' located by 'By.xpath: //a[(text() = ' SAVE & CONTINUE	
					' or . = ' SAVE & CONTINUE	
					')]' not found)
[[ATTACHMENT|C:\\Users\\Admin\\Desktop\\PKS\\Perkeso Phase A\\Reports\\Workflow\\Form 3 EIS - Cessation as Employer\\20181125_002205\\1543090642641.png]]

2018-11-25 04:17:22 - [TEST_STEP][PASSED] - delay: Delayed 1 second(s)

2018-11-25 04:17:23 - [MESSAGE][PASSED] - Delayed 1 second(s)

2018-11-25 04:17:23 - [TEST_STEP][FAILED] - click: Unable to click on object 'Object Repository/Final Object Repo/Page_Form 3 EIS - Cessation as Employer/Employment Resign Date' (Root cause: com.kms.katalon.core.webui.exception.WebElementNotFoundException: Web element with id: 'Object Repository/Final Object Repo/Page_Form 3 EIS - Cessation as Employer/Employment Resign Date' located by 'By.xpath: //input[@id = '_searchforemployersip_WAR_registrationportlet_dto.sipEmploymentResignDate']' not found)

2018-11-25 04:17:55 - [MESSAGE][FAILED] - Unable to click on object 'Object Repository/Final Object Repo/Page_Form 3 EIS - Cessation as Employer/Employment Resign Date' (Root cause: com.kms.katalon.core.webui.exception.WebElementNotFoundException: Web element with id: 'Object Repository/Final Object Repo/Page_Form 3 EIS - Cessation as Employer/Employment Resign Date' located by 'By.xpath: //input[@id = '_searchforemployersip_WAR_registrationportlet_dto.sipEmploymentResignDate']' not found)
[[ATTACHMENT|C:\\Users\\Admin\\Desktop\\PKS\\Perkeso Phase A\\Reports\\Workflow\\Form 3 EIS - Cessation as Employer\\20181125_002205\\1543090675264.png]]

2018-11-25 04:17:55 - [TEST_STEP][FAILED] - selectOptionByValue: Unable to select option by value '2018' of object 'Object Repository/Final Object Repo/Page_Form 3 EIS - Cessation as Employer/Employment Resign Date - Year'  (Root cause: com.kms.katalon.core.webui.exception.WebElementNotFoundException: Web element with id: 'Object Repository/Final Object Repo/Page_Form 3 EIS - Cessation as Employer/Employment Resign Date - Year' located by 'By.xpath: //select[@data-handler = 'selectYear']' not found)

2018-11-25 04:18:27 - [MESSAGE][FAILED] - Unable to select option by value '2018' of object 'Object Repository/Final Object Repo/Page_Form 3 EIS - Cessation as Employer/Employment Resign Date - Year'  (Root cause: com.kms.katalon.core.webui.exception.WebElementNotFoundException: Web element with id: 'Object Repository/Final Object Repo/Page_Form 3 EIS - Cessation as Employer/Employment Resign Date - Year' located by 'By.xpath: //select[@data-handler = 'selectYear']' not found)
[[ATTACHMENT|C:\\Users\\Admin\\Desktop\\PKS\\Perkeso Phase A\\Reports\\Workflow\\Form 3 EIS - Cessation as Employer\\20181125_002205\\1543090706698.png]]

2018-11-25 04:18:27 - [TEST_STEP][PASSED] - delay: Delayed 2 second(s)

2018-11-25 04:18:29 - [MESSAGE][PASSED] - Delayed 2 second(s)

2018-11-25 04:18:29 - [TEST_STEP][FAILED] - click: Unable to click on object 'Object Repository/Final Object Repo/Page_Form 3 EIS - Cessation as Employer/Employment Resign Date - Year - Date' (Root cause: com.kms.katalon.core.webui.exception.WebElementNotFoundException: Web element with id: 'Object Repository/Final Object Repo/Page_Form 3 EIS - Cessation as Employer/Employment Resign Date - Year - Date' located by 'By.xpath: //a[@href = '#' and (text() = '1' or . = '1')]' not found)

2018-11-25 04:19:01 - [MESSAGE][FAILED] - Unable to click on object 'Object Repository/Final Object Repo/Page_Form 3 EIS - Cessation as Employer/Employment Resign Date - Year - Date' (Root cause: com.kms.katalon.core.webui.exception.WebElementNotFoundException: Web element with id: 'Object Repository/Final Object Repo/Page_Form 3 EIS - Cessation as Employer/Employment Resign Date - Year - Date' located by 'By.xpath: //a[@href = '#' and (text() = '1' or . = '1')]' not found)
[[ATTACHMENT|C:\\Users\\Admin\\Desktop\\PKS\\Perkeso Phase A\\Reports\\Workflow\\Form 3 EIS - Cessation as Employer\\20181125_002205\\1543090740660.png]]

2018-11-25 04:19:01 - [TEST_STEP][PASSED] - delay: Delayed 2 second(s)

2018-11-25 04:19:03 - [MESSAGE][PASSED] - Delayed 2 second(s)

2018-11-25 04:19:03 - [TEST_STEP][FAILED] - click: Unable to click on object 'Object Repository/Final Object Repo/Page_Form 3 EIS - Cessation as Employer/Save  Continue in Employment Resign Page' (Root cause: com.kms.katalon.core.webui.exception.WebElementNotFoundException: Web element with id: 'Object Repository/Final Object Repo/Page_Form 3 EIS - Cessation as Employer/Save  Continue in Employment Resign Page' located by 'By.xpath: //a[(text() = ' SAVE & CONTINUE	
				' or . = ' SAVE & CONTINUE	
				')]' not found)

2018-11-25 04:19:35 - [MESSAGE][FAILED] - Unable to click on object 'Object Repository/Final Object Repo/Page_Form 3 EIS - Cessation as Employer/Save  Continue in Employment Resign Page' (Root cause: com.kms.katalon.core.webui.exception.WebElementNotFoundException: Web element with id: 'Object Repository/Final Object Repo/Page_Form 3 EIS - Cessation as Employer/Save  Continue in Employment Resign Page' located by 'By.xpath: //a[(text() = ' SAVE & CONTINUE	
				' or . = ' SAVE & CONTINUE	
				')]' not found)
[[ATTACHMENT|C:\\Users\\Admin\\Desktop\\PKS\\Perkeso Phase A\\Reports\\Workflow\\Form 3 EIS - Cessation as Employer\\20181125_002205\\1543090774863.png]]

2018-11-25 04:19:35 - [TEST_STEP][PASSED] - delay: Delayed 2 second(s)

2018-11-25 04:19:37 - [MESSAGE][PASSED] - Delayed 2 second(s)

2018-11-25 04:19:37 - [TEST_STEP][FAILED] - click: Unable to click on object 'Object Repository/Final Object Repo/Page_Form 3 EIS - Cessation as Employer/Add Document' (Root cause: com.kms.katalon.core.webui.exception.WebElementNotFoundException: Web element with id: 'Object Repository/Final Object Repo/Page_Form 3 EIS - Cessation as Employer/Add Document' located by 'By.xpath: //a[(text() = '
					ADD DOCUMENT
	             ' or . = '
					ADD DOCUMENT
	             ')]' not found)

2018-11-25 04:20:09 - [MESSAGE][FAILED] - Unable to click on object 'Object Repository/Final Object Repo/Page_Form 3 EIS - Cessation as Employer/Add Document' (Root cause: com.kms.katalon.core.webui.exception.WebElementNotFoundException: Web element with id: 'Object Repository/Final Object Repo/Page_Form 3 EIS - Cessation as Employer/Add Document' located by 'By.xpath: //a[(text() = '
					ADD DOCUMENT
	             ' or . = '
					ADD DOCUMENT
	             ')]' not found)
[[ATTACHMENT|C:\\Users\\Admin\\Desktop\\PKS\\Perkeso Phase A\\Reports\\Workflow\\Form 3 EIS - Cessation as Employer\\20181125_002205\\1543090808781.png]]

2018-11-25 04:20:09 - [TEST_STEP][PASSED] - delay: Delayed 3 second(s)

2018-11-25 04:20:12 - [MESSAGE][PASSED] - Delayed 3 second(s)

2018-11-25 04:20:12 - [TEST_STEP][FAILED] - click: Unable to click on object 'Object Repository/Final Object Repo/Page_Form 3 EIS - Cessation as Employer/Document Type' (Root cause: com.kms.katalon.core.webui.exception.WebElementNotFoundException: Web element with id: 'Object Repository/Final Object Repo/Page_Form 3 EIS - Cessation as Employer/Document Type' located by 'By.xpath: //span[@aria-labelledby = 'select2-_searchforemployersip_WAR_registrationportlet_objdocTypeId-container']' not found)

2018-11-25 04:20:44 - [MESSAGE][FAILED] - Unable to click on object 'Object Repository/Final Object Repo/Page_Form 3 EIS - Cessation as Employer/Document Type' (Root cause: com.kms.katalon.core.webui.exception.WebElementNotFoundException: Web element with id: 'Object Repository/Final Object Repo/Page_Form 3 EIS - Cessation as Employer/Document Type' located by 'By.xpath: //span[@aria-labelledby = 'select2-_searchforemployersip_WAR_registrationportlet_objdocTypeId-container']' not found)
[[ATTACHMENT|C:\\Users\\Admin\\Desktop\\PKS\\Perkeso Phase A\\Reports\\Workflow\\Form 3 EIS - Cessation as Employer\\20181125_002205\\1543090844097.png]]

2018-11-25 04:20:44 - [TEST_STEP][FAILED] - click: Unable to click on object 'Object Repository/Final Object Repo/Page_Form 3 EIS - Cessation as Employer/Document Type - Form 3' (Root cause: com.kms.katalon.core.webui.exception.WebElementNotFoundException: Web element with id: 'Object Repository/Final Object Repo/Page_Form 3 EIS - Cessation as Employer/Document Type - Form 3' located by 'By.xpath: //span[(text() = '


	Form 3 - Cessation Of Employer
' or . = '


	Form 3 - Cessation Of Employer
')]' not found)

2018-11-25 04:21:15 - [MESSAGE][FAILED] - Unable to click on object 'Object Repository/Final Object Repo/Page_Form 3 EIS - Cessation as Employer/Document Type - Form 3' (Root cause: com.kms.katalon.core.webui.exception.WebElementNotFoundException: Web element with id: 'Object Repository/Final Object Repo/Page_Form 3 EIS - Cessation as Employer/Document Type - Form 3' located by 'By.xpath: //span[(text() = '


	Form 3 - Cessation Of Employer
' or . = '


	Form 3 - Cessation Of Employer
')]' not found)
[[ATTACHMENT|C:\\Users\\Admin\\Desktop\\PKS\\Perkeso Phase A\\Reports\\Workflow\\Form 3 EIS - Cessation as Employer\\20181125_002205\\1543090875648.png]]

2018-11-25 04:21:15 - [TEST_STEP][PASSED] - delay: Delayed 2 second(s)

2018-11-25 04:21:17 - [MESSAGE][PASSED] - Delayed 2 second(s)

2018-11-25 04:21:17 - [TEST_STEP][FAILED] - sendKeys: Unable to send keys 'C:\Users\Public\Pictures\Sample Pictures\Koala.jpg' to object 'Object Repository/Final Object Repo/Page_Form 3 EIS - Cessation as Employer/ploading File' (Root cause: com.kms.katalon.core.webui.exception.WebElementNotFoundException: Web element with id: 'Object Repository/Final Object Repo/Page_Form 3 EIS - Cessation as Employer/ploading File' located by 'By.xpath: //input[@type = 'file' and @id = '_searchforemployersip_WAR_registrationportlet_uploadFile']' not found)

2018-11-25 04:21:49 - [MESSAGE][FAILED] - Unable to send keys 'C:\Users\Public\Pictures\Sample Pictures\Koala.jpg' to object 'Object Repository/Final Object Repo/Page_Form 3 EIS - Cessation as Employer/ploading File' (Root cause: com.kms.katalon.core.webui.exception.WebElementNotFoundException: Web element with id: 'Object Repository/Final Object Repo/Page_Form 3 EIS - Cessation as Employer/ploading File' located by 'By.xpath: //input[@type = 'file' and @id = '_searchforemployersip_WAR_registrationportlet_uploadFile']' not found)
[[ATTACHMENT|C:\\Users\\Admin\\Desktop\\PKS\\Perkeso Phase A\\Reports\\Workflow\\Form 3 EIS - Cessation as Employer\\20181125_002205\\1543090909219.png]]

2018-11-25 04:21:49 - [TEST_STEP][PASSED] - delay: Delayed 1 second(s)

2018-11-25 04:21:50 - [MESSAGE][PASSED] - Delayed 1 second(s)

2018-11-25 04:21:50 - [TEST_STEP][FAILED] - click: Unable to click on object 'Object Repository/Final Object Repo/Page_Form 3 EIS - Cessation as Employer/Add Document in Uploading Page' (Root cause: com.kms.katalon.core.webui.exception.WebElementNotFoundException: Web element with id: 'Object Repository/Final Object Repo/Page_Form 3 EIS - Cessation as Employer/Add Document in Uploading Page' located by 'By.xpath: //a[(text() = '
										ADD DOCUMENT
								     ' or . = '
										ADD DOCUMENT
								     ')]' not found)

2018-11-25 04:22:22 - [MESSAGE][FAILED] - Unable to click on object 'Object Repository/Final Object Repo/Page_Form 3 EIS - Cessation as Employer/Add Document in Uploading Page' (Root cause: com.kms.katalon.core.webui.exception.WebElementNotFoundException: Web element with id: 'Object Repository/Final Object Repo/Page_Form 3 EIS - Cessation as Employer/Add Document in Uploading Page' located by 'By.xpath: //a[(text() = '
										ADD DOCUMENT
								     ' or . = '
										ADD DOCUMENT
								     ')]' not found)
[[ATTACHMENT|C:\\Users\\Admin\\Desktop\\PKS\\Perkeso Phase A\\Reports\\Workflow\\Form 3 EIS - Cessation as Employer\\20181125_002205\\1543090942417.png]]

2018-11-25 04:22:22 - [TEST_STEP][PASSED] - delay: Delayed 2 second(s)

2018-11-25 04:22:24 - [MESSAGE][PASSED] - Delayed 2 second(s)

2018-11-25 04:22:24 - [TEST_STEP][FAILED] - Statement - CaseReferenceNo = com.kms.katalon.core.webui.keyword.WebUiBuiltInKeywords.getText(com.kms.katalon.core.testobject.ObjectRepository.findTestObject(Final Object Repo/Page_Update Employer Information/Reference Number in Update Employee Information Page)): Unable to get text of object 'Object Repository/Final Object Repo/Page_Update Employer Information/Reference Number in Update Employee Information Page' (Root cause: com.kms.katalon.core.webui.exception.WebElementNotFoundException: Web element with id: 'Object Repository/Final Object Repo/Page_Update Employer Information/Reference Number in Update Employee Information Page' located by 'By.xpath: (//body/div/div/div/div/div/div/div/div/div/div/div/div/div/div/p[@class = 'col-md-12 font-bold'])[3]' not found)

2018-11-25 04:22:56 - [MESSAGE][FAILED] - Unable to get text of object 'Object Repository/Final Object Repo/Page_Update Employer Information/Reference Number in Update Employee Information Page' (Root cause: com.kms.katalon.core.webui.exception.WebElementNotFoundException: Web element with id: 'Object Repository/Final Object Repo/Page_Update Employer Information/Reference Number in Update Employee Information Page' located by 'By.xpath: (//body/div/div/div/div/div/div/div/div/div/div/div/div/div/div/p[@class = 'col-md-12 font-bold'])[3]' not found)
[[ATTACHMENT|C:\\Users\\Admin\\Desktop\\PKS\\Perkeso Phase A\\Reports\\Workflow\\Form 3 EIS - Cessation as Employer\\20181125_002205\\1543090975831.png]]

2018-11-25 04:22:56 - [TEST_STEP][FAILED] - callTestCase: Unable to call Test Case with id 'Test Cases/Final Aug 2018 - PKS Automation/Common/Reference Number Setter' (Root cause: Call Test Case 'Test Cases/Final Aug 2018 - PKS Automation/Common/Reference Number Setter' failed because of error(s))

2018-11-25 04:22:56 - [TEST_CASE][ERROR] - Test Cases/Final Aug 2018 - PKS Automation/Common/Reference Number Setter: Test Cases/Final Aug 2018 - PKS Automation/Common/Reference Number Setter FAILED because (of) (Stack trace: java.lang.NullPointerException
	at org.codehaus.groovy.runtime.IOGroovyMethods.write(IOGroovyMethods.java:191)
	at org.codehaus.groovy.runtime.dgm$883.invoke(Unknown Source)
	at org.codehaus.groovy.runtime.callsite.PojoMetaMethodSite$PojoMetaMethodSiteNoUnwrapNoCoerce.invoke(PojoMetaMethodSite.java:274)
	at org.codehaus.groovy.runtime.callsite.PojoMetaMethodSite.call(PojoMetaMethodSite.java:56)
	at org.codehaus.groovy.runtime.callsite.CallSiteArray.defaultCall(CallSiteArray.java:48)
	at org.codehaus.groovy.runtime.callsite.AbstractCallSite.call(AbstractCallSite.java:113)
	at org.codehaus.groovy.runtime.callsite.AbstractCallSite.call(AbstractCallSite.java:125)
	at Script1535425327199.run(Script1535425327199.groovy:34)
	at com.kms.katalon.core.main.ScriptEngine.run(ScriptEngine.java:183)
	at com.kms.katalon.core.main.ScriptEngine.runScriptAsRawText(ScriptEngine.java:108)
	at com.kms.katalon.core.main.TestCaseExecutor.runScript(TestCaseExecutor.java:294)
	at com.kms.katalon.core.main.TestCaseExecutor.doExecute(TestCaseExecutor.java:285)
	at com.kms.katalon.core.main.TestCaseExecutor.processExecutionPhase(TestCaseExecutor.java:264)
	at com.kms.katalon.core.main.TestCaseExecutor.accessMainPhase(TestCaseExecutor.java:256)
	at com.kms.katalon.core.main.TestCaseExecutor.execute(TestCaseExecutor.java:200)
	at com.kms.katalon.core.main.TestCaseMain.runTestCase(TestCaseMain.java:99)
	at com.kms.katalon.core.keyword.builtin.CallTestCaseKeyword$_callTestCase_closure1.doCall(CallTestCaseKeyword.groovy:60)
	at com.kms.katalon.core.keyword.builtin.CallTestCaseKeyword$_callTestCase_closure1.call(CallTestCaseKeyword.groovy)
	at com.kms.katalon.core.keyword.internal.KeywordMain.runKeyword(KeywordMain.groovy:54)
	at com.kms.katalon.core.keyword.builtin.CallTestCaseKeyword.callTestCase(CallTestCaseKeyword.groovy:81)
	at com.kms.katalon.core.keyword.builtin.CallTestCaseKeyword.execute(CallTestCaseKeyword.groovy:45)
	at com.kms.katalon.core.keyword.internal.KeywordExecutor.executeKeywordForPlatform(KeywordExecutor.groovy:53)
	at com.kms.katalon.core.keyword.BuiltinKeywords.callTestCase(BuiltinKeywords.groovy:334)
	at sun.reflect.NativeMethodAccessorImpl.invoke0(Native Method)
	at sun.reflect.NativeMethodAccessorImpl.invoke(NativeMethodAccessorImpl.java:62)
	at sun.reflect.DelegatingMethodAccessorImpl.invoke(DelegatingMethodAccessorImpl.java:43)
	at java.lang.reflect.Method.invoke(Method.java:498)
	at org.codehaus.groovy.reflection.CachedMethod.invoke(CachedMethod.java:93)
	at groovy.lang.MetaMethod.doMethodInvoke(MetaMethod.java:325)
	at groovy.lang.MetaClassImpl.invokeStaticMethod(MetaClassImpl.java:1469)
	at org.codehaus.groovy.runtime.callsite.StaticMetaClassSite.call(StaticMetaClassSite.java:53)
	at org.codehaus.groovy.runtime.callsite.CallSiteArray.defaultCall(CallSiteArray.java:48)
	at org.codehaus.groovy.runtime.callsite.AbstractCallSite.call(AbstractCallSite.java:113)
	at org.codehaus.groovy.runtime.callsite.AbstractCallSite.call(AbstractCallSite.java:141)
	at Script1536732166908.run(Script1536732166908.groovy:102)
	at com.kms.katalon.core.main.ScriptEngine.run(ScriptEngine.java:183)
	at com.kms.katalon.core.main.ScriptEngine.runScriptAsRawText(ScriptEngine.java:108)
	at com.kms.katalon.core.main.TestCaseExecutor.runScript(TestCaseExecutor.java:294)
	at com.kms.katalon.core.main.TestCaseExecutor.doExecute(TestCaseExecutor.java:285)
	at com.kms.katalon.core.main.TestCaseExecutor.processExecutionPhase(TestCaseExecutor.java:264)
	at com.kms.katalon.core.main.TestCaseExecutor.accessMainPhase(TestCaseExecutor.java:256)
	at com.kms.katalon.core.main.TestCaseExecutor.execute(TestCaseExecutor.java:200)
	at com.kms.katalon.core.main.TestCaseMain.runTestCase(TestCaseMain.java:99)
	at com.kms.katalon.core.keyword.builtin.CallTestCaseKeyword$_callTestCase_closure1.doCall(CallTestCaseKeyword.groovy:60)
	at com.kms.katalon.core.keyword.builtin.CallTestCaseKeyword$_callTestCase_closure1.call(CallTestCaseKeyword.groovy)
	at com.kms.katalon.core.keyword.internal.KeywordMain.runKeyword(KeywordMain.groovy:54)
	at com.kms.katalon.core.keyword.builtin.CallTestCaseKeyword.callTestCase(CallTestCaseKeyword.groovy:81)
	at com.kms.katalon.core.keyword.builtin.CallTestCaseKeyword.execute(CallTestCaseKeyword.groovy:45)
	at com.kms.katalon.core.keyword.internal.KeywordExecutor.executeKeywordForPlatform(KeywordExecutor.groovy:53)
	at com.kms.katalon.core.keyword.BuiltinKeywords.callTestCase(BuiltinKeywords.groovy:334)
	at sun.reflect.NativeMethodAccessorImpl.invoke0(Native Method)
	at sun.reflect.NativeMethodAccessorImpl.invoke(NativeMethodAccessorImpl.java:62)
	at sun.reflect.DelegatingMethodAccessorImpl.invoke(DelegatingMethodAccessorImpl.java:43)
	at java.lang.reflect.Method.invoke(Method.java:498)
	at org.codehaus.groovy.reflection.CachedMethod.invoke(CachedMethod.java:93)
	at groovy.lang.MetaMethod.doMethodInvoke(MetaMethod.java:325)
	at groovy.lang.MetaClassImpl.invokeStaticMethod(MetaClassImpl.java:1469)
	at org.codehaus.groovy.runtime.callsite.StaticMetaClassSite.call(StaticMetaClassSite.java:53)
	at org.codehaus.groovy.runtime.callsite.CallSiteArray.defaultCall(CallSiteArray.java:48)
	at org.codehaus.groovy.runtime.callsite.AbstractCallSite.call(AbstractCallSite.java:113)
	at org.codehaus.groovy.runtime.callsite.AbstractCallSite.call(AbstractCallSite.java:141)
	at Script1536733676931.run(Script1536733676931.groovy:22)
	at com.kms.katalon.core.main.ScriptEngine.run(ScriptEngine.java:183)
	at com.kms.katalon.core.main.ScriptEngine.runScriptAsRawText(ScriptEngine.java:108)
	at com.kms.katalon.core.main.TestCaseExecutor.runScript(TestCaseExecutor.java:294)
	at com.kms.katalon.core.main.TestCaseExecutor.doExecute(TestCaseExecutor.java:285)
	at com.kms.katalon.core.main.TestCaseExecutor.processExecutionPhase(TestCaseExecutor.java:264)
	at com.kms.katalon.core.main.TestCaseExecutor.accessMainPhase(TestCaseExecutor.java:256)
	at com.kms.katalon.core.main.TestCaseExecutor.execute(TestCaseExecutor.java:200)
	at com.kms.katalon.core.main.TestSuiteExecutor.accessTestCaseMainPhase(TestSuiteExecutor.java:129)
	at com.kms.katalon.core.main.TestSuiteExecutor.accessTestSuiteMainPhase(TestSuiteExecutor.java:112)
	at com.kms.katalon.core.main.TestSuiteExecutor.execute(TestSuiteExecutor.java:81)
	at com.kms.katalon.core.main.TestCaseMain.startTestSuite(TestCaseMain.java:142)
	at com.kms.katalon.core.main.TestCaseMain$startTestSuite$0.call(Unknown Source)
	at org.codehaus.groovy.runtime.callsite.CallSiteArray.defaultCall(CallSiteArray.java:48)
	at org.codehaus.groovy.runtime.callsite.AbstractCallSite.call(AbstractCallSite.java:113)
	at org.codehaus.groovy.runtime.callsite.AbstractCallSite.call(AbstractCallSite.java:141)
	at TempTestSuite1543076525234.run(TempTestSuite1543076525234.groovy:36)
	at groovy.lang.GroovyShell.runScriptOrMainOrTestOrRunnable(GroovyShell.java:263)
	at groovy.lang.GroovyShell.run(GroovyShell.java:518)
	at groovy.lang.GroovyShell.run(GroovyShell.java:507)
	at groovy.ui.GroovyMain.processOnce(GroovyMain.java:653)
	at groovy.ui.GroovyMain.run(GroovyMain.java:384)
	at groovy.ui.GroovyMain.process(GroovyMain.java:370)
	at groovy.ui.GroovyMain.processArgs(GroovyMain.java:129)
	at groovy.ui.GroovyMain.main(GroovyMain.java:109)
	at sun.reflect.NativeMethodAccessorImpl.invoke0(Native Method)
	at sun.reflect.NativeMethodAccessorImpl.invoke(NativeMethodAccessorImpl.java:62)
	at sun.reflect.DelegatingMethodAccessorImpl.invoke(DelegatingMethodAccessorImpl.java:43)
	at java.lang.reflect.Method.invoke(Method.java:498)
	at org.codehaus.groovy.tools.GroovyStarter.rootLoader(GroovyStarter.java:109)
	at org.codehaus.groovy.tools.GroovyStarter.main(GroovyStarter.java:131)
)

2018-11-25 04:22:56 - [TEST_STEP][PASSED] - Statement - RefNoOldFile = new java.io.File(C://Users//Admin//Desktop//PKS//Automation Reference Point//KatalonReference.txt): null

2018-11-25 04:22:56 - [TEST_STEP][PASSED] - Statement - RefNoOldFile.delete(): null

2018-11-25 04:22:56 - [TEST_STEP][PASSED] - delay: Delayed 5 second(s)

2018-11-25 04:23:01 - [MESSAGE][PASSED] - Delayed 5 second(s)

2018-11-25 04:23:01 - [TEST_STEP][PASSED] - Statement - RefNo = new java.io.File(C://Users//Admin//Desktop//PKS//Automation Reference Point//KatalonReference.txt): null

2018-11-25 04:23:01 - [TEST_STEP][PASSED] - Statement - f2 = new java.io.FileWriter(RefNo, false): null

2018-11-25 04:23:01 - [TEST_STEP][PASSED] - Statement - f2.write(CaseReferenceNo): null

2018-11-25 04:23:01 - [MESSAGE][FAILED] - Unable to call Test Case with id 'Test Cases/Final Aug 2018 - PKS Automation/Common/Reference Number Setter' (Root cause: Call Test Case 'Test Cases/Final Aug 2018 - PKS Automation/Common/Reference Number Setter' failed because of error(s))

2018-11-25 04:23:01 - [MESSAGE][FAILED] - Unable to call Test Case with id 'Test Cases/Final Aug 2018 - PKS Automation/Registration Module/Workflow/Form 3 EIS - Cessation As Employer/Template/Form 3 A - Cessation As Employer (Employer)' (Root cause: Call Test Case 'Test Cases/Final Aug 2018 - PKS Automation/Registration Module/Workflow/Form 3 EIS - Cessation As Employer/Template/Form 3 A - Cessation As Employer (Employer)' failed)]]></system-out>
         <system-err><![CDATA[2018-11-25 04:12:24 - [TEST_CASE][FAILED] - Test Cases/Final Aug 2018 - PKS Automation/Registration Module/Workflow/Form 3 EIS - Cessation As Employer/Employer to UO (Approve): Test Cases/Final Aug 2018 - PKS Automation/Registration Module/Workflow/Form 3 EIS - Cessation As Employer/Employer to UO (Approve) FAILED because (of) (Stack trace: com.kms.katalon.core.exception.StepFailedException: Unable to set text 'perkeso192274782857@gmail.com' of object 'Object Repository/Final Object Repo/Creating Employer Account/Page_Users and Organizations - ASSIST/Employer name' (Root cause: org.openqa.selenium.ElementNotVisibleException: element not interactable
  (Session info: chrome=70.0.3538.102)
  (Driver info: chromedriver=2.43.600210 (68dcf5eebde37173d4027fa8635e332711d2874a),platform=Windows NT 6.1.7601 SP1 x86_64) (WARNING: The server did not provide any stacktrace information)
Command duration or timeout: 0 milliseconds
Build info: version: '3.7.1', revision: '8a0099a', time: '2017-11-06T21:07:36.161Z'
System info: host: 'WIN7TEST02', ip: '10.20.3.72', os.name: 'Windows 7', os.arch: 'amd64', os.version: '6.1', java.version: '1.8.0_181'
Driver info: com.kms.katalon.selenium.driver.CChromeDriver
Capabilities {acceptInsecureCerts: false, acceptSslCerts: false, applicationCacheEnabled: false, browserConnectionEnabled: false, browserName: chrome, chrome: {chromedriverVersion: 2.43.600210 (68dcf5eebde371..., userDataDir: C:\Users\Admin\AppData\Loca...}, cssSelectorsEnabled: true, databaseEnabled: false, goog:chromeOptions: {debuggerAddress: localhost:53134}, handlesAlerts: true, hasTouchScreen: false, javascriptEnabled: true, locationContextEnabled: true, mobileEmulationEnabled: false, nativeEvents: true, networkConnectionEnabled: false, pageLoadStrategy: normal, platform: XP, platformName: XP, rotatable: false, setWindowRect: true, takesHeapSnapshot: true, takesScreenshot: true, unexpectedAlertBehaviour: , unhandledPromptBehavior: , version: 70.0.3538.102, webStorageEnabled: true}
Session ID: 412f4d02dbeb8017686d0baec7080c59)
	at com.kms.katalon.core.keyword.internal.KeywordMain.stepFailed(KeywordMain.groovy:32)
	at com.kms.katalon.core.webui.keyword.internal.WebUIKeywordMain.stepFailed(WebUIKeywordMain.groovy:65)
	at com.kms.katalon.core.webui.keyword.internal.WebUIKeywordMain.runKeyword(WebUIKeywordMain.groovy:27)
	at com.kms.katalon.core.webui.keyword.builtin.SetTextKeyword.setText(SetTextKeyword.groovy:65)
	at com.kms.katalon.core.webui.keyword.builtin.SetTextKeyword.execute(SetTextKeyword.groovy:37)
	at com.kms.katalon.core.keyword.internal.KeywordExecutor.executeKeywordForPlatform(KeywordExecutor.groovy:53)
	at com.kms.katalon.core.webui.keyword.WebUiBuiltInKeywords.setText(WebUiBuiltInKeywords.groovy:950)
	at com.kms.katalon.core.webui.keyword.WebUiBuiltInKeywords$setText$1.call(Unknown Source)
	at org.codehaus.groovy.runtime.callsite.CallSiteArray.defaultCall(CallSiteArray.java:48)
	at org.codehaus.groovy.runtime.callsite.AbstractCallSite.call(AbstractCallSite.java:113)
	at org.codehaus.groovy.runtime.callsite.AbstractCallSite.call(AbstractCallSite.java:133)
	at Script1536897267453.run(Script1536897267453.groovy:46)
	at com.kms.katalon.core.main.ScriptEngine.run(ScriptEngine.java:183)
	at com.kms.katalon.core.main.ScriptEngine.runScriptAsRawText(ScriptEngine.java:108)
	at com.kms.katalon.core.main.TestCaseExecutor.runScript(TestCaseExecutor.java:294)
	at com.kms.katalon.core.main.TestCaseExecutor.doExecute(TestCaseExecutor.java:285)
	at com.kms.katalon.core.main.TestCaseExecutor.processExecutionPhase(TestCaseExecutor.java:264)
	at com.kms.katalon.core.main.TestCaseExecutor.accessMainPhase(TestCaseExecutor.java:256)
	at com.kms.katalon.core.main.TestCaseExecutor.execute(TestCaseExecutor.java:200)
	at com.kms.katalon.core.main.TestCaseMain.runTestCase(TestCaseMain.java:99)
	at com.kms.katalon.core.keyword.builtin.CallTestCaseKeyword$_callTestCase_closure1.doCall(CallTestCaseKeyword.groovy:60)
	at com.kms.katalon.core.keyword.builtin.CallTestCaseKeyword$_callTestCase_closure1.call(CallTestCaseKeyword.groovy)
	at com.kms.katalon.core.keyword.internal.KeywordMain.runKeyword(KeywordMain.groovy:54)
	at com.kms.katalon.core.keyword.builtin.CallTestCaseKeyword.callTestCase(CallTestCaseKeyword.groovy:81)
	at com.kms.katalon.core.keyword.builtin.CallTestCaseKeyword.execute(CallTestCaseKeyword.groovy:45)
	at com.kms.katalon.core.keyword.internal.KeywordExecutor.executeKeywordForPlatform(KeywordExecutor.groovy:53)
	at com.kms.katalon.core.keyword.BuiltinKeywords.callTestCase(BuiltinKeywords.groovy:334)
	at sun.reflect.NativeMethodAccessorImpl.invoke0(Native Method)
	at sun.reflect.NativeMethodAccessorImpl.invoke(NativeMethodAccessorImpl.java:62)
	at sun.reflect.DelegatingMethodAccessorImpl.invoke(DelegatingMethodAccessorImpl.java:43)
	at java.lang.reflect.Method.invoke(Method.java:498)
	at org.codehaus.groovy.reflection.CachedMethod.invoke(CachedMethod.java:93)
	at groovy.lang.MetaMethod.doMethodInvoke(MetaMethod.java:325)
	at groovy.lang.MetaClassImpl.invokeStaticMethod(MetaClassImpl.java:1469)
	at org.codehaus.groovy.runtime.callsite.StaticMetaClassSite.call(StaticMetaClassSite.java:53)
	at org.codehaus.groovy.runtime.callsite.CallSiteArray.defaultCall(CallSiteArray.java:48)
	at org.codehaus.groovy.runtime.callsite.AbstractCallSite.call(AbstractCallSite.java:113)
	at org.codehaus.groovy.runtime.callsite.AbstractCallSite.call(AbstractCallSite.java:141)
	at Script1536897267443.run(Script1536897267443.groovy:30)
	at com.kms.katalon.core.main.ScriptEngine.run(ScriptEngine.java:183)
	at com.kms.katalon.core.main.ScriptEngine.runScriptAsRawText(ScriptEngine.java:108)
	at com.kms.katalon.core.main.TestCaseExecutor.runScript(TestCaseExecutor.java:294)
	at com.kms.katalon.core.main.TestCaseExecutor.doExecute(TestCaseExecutor.java:285)
	at com.kms.katalon.core.main.TestCaseExecutor.processExecutionPhase(TestCaseExecutor.java:264)
	at com.kms.katalon.core.main.TestCaseExecutor.accessMainPhase(TestCaseExecutor.java:256)
	at com.kms.katalon.core.main.TestCaseExecutor.execute(TestCaseExecutor.java:200)
	at com.kms.katalon.core.main.TestCaseMain.runTestCase(TestCaseMain.java:99)
	at com.kms.katalon.core.keyword.builtin.CallTestCaseKeyword$_callTestCase_closure1.doCall(CallTestCaseKeyword.groovy:60)
	at com.kms.katalon.core.keyword.builtin.CallTestCaseKeyword$_callTestCase_closure1.call(CallTestCaseKeyword.groovy)
	at com.kms.katalon.core.keyword.internal.KeywordMain.runKeyword(KeywordMain.groovy:54)
	at com.kms.katalon.core.keyword.builtin.CallTestCaseKeyword.callTestCase(CallTestCaseKeyword.groovy:81)
	at com.kms.katalon.core.keyword.builtin.CallTestCaseKeyword.execute(CallTestCaseKeyword.groovy:45)
	at com.kms.katalon.core.keyword.internal.KeywordExecutor.executeKeywordForPlatform(KeywordExecutor.groovy:53)
	at com.kms.katalon.core.keyword.BuiltinKeywords.callTestCase(BuiltinKeywords.groovy:334)
	at sun.reflect.NativeMethodAccessorImpl.invoke0(Native Method)
	at sun.reflect.NativeMethodAccessorImpl.invoke(NativeMethodAccessorImpl.java:62)
	at sun.reflect.DelegatingMethodAccessorImpl.invoke(DelegatingMethodAccessorImpl.java:43)
	at java.lang.reflect.Method.invoke(Method.java:498)
	at org.codehaus.groovy.reflection.CachedMethod.invoke(CachedMethod.java:93)
	at groovy.lang.MetaMethod.doMethodInvoke(MetaMethod.java:325)
	at groovy.lang.MetaClassImpl.invokeStaticMethod(MetaClassImpl.java:1469)
	at org.codehaus.groovy.runtime.callsite.StaticMetaClassSite.call(StaticMetaClassSite.java:53)
	at org.codehaus.groovy.runtime.callsite.CallSiteArray.defaultCall(CallSiteArray.java:48)
	at org.codehaus.groovy.runtime.callsite.AbstractCallSite.call(AbstractCallSite.java:113)
	at org.codehaus.groovy.runtime.callsite.AbstractCallSite.call(AbstractCallSite.java:141)
	at Script1537255938886.run(Script1537255938886.groovy:22)
	at com.kms.katalon.core.main.ScriptEngine.run(ScriptEngine.java:183)
	at com.kms.katalon.core.main.ScriptEngine.runScriptAsRawText(ScriptEngine.java:108)
	at com.kms.katalon.core.main.TestCaseExecutor.runScript(TestCaseExecutor.java:294)
	at com.kms.katalon.core.main.TestCaseExecutor.doExecute(TestCaseExecutor.java:285)
	at com.kms.katalon.core.main.TestCaseExecutor.processExecutionPhase(TestCaseExecutor.java:264)
	at com.kms.katalon.core.main.TestCaseExecutor.accessMainPhase(TestCaseExecutor.java:256)
	at com.kms.katalon.core.main.TestCaseExecutor.execute(TestCaseExecutor.java:200)
	at com.kms.katalon.core.main.TestCaseMain.runTestCase(TestCaseMain.java:99)
	at com.kms.katalon.core.keyword.builtin.CallTestCaseKeyword$_callTestCase_closure1.doCall(CallTestCaseKeyword.groovy:60)
	at com.kms.katalon.core.keyword.builtin.CallTestCaseKeyword$_callTestCase_closure1.call(CallTestCaseKeyword.groovy)
	at com.kms.katalon.core.keyword.internal.KeywordMain.runKeyword(KeywordMain.groovy:54)
	at com.kms.katalon.core.keyword.builtin.CallTestCaseKeyword.callTestCase(CallTestCaseKeyword.groovy:81)
	at com.kms.katalon.core.keyword.builtin.CallTestCaseKeyword.execute(CallTestCaseKeyword.groovy:45)
	at com.kms.katalon.core.keyword.internal.KeywordExecutor.executeKeywordForPlatform(KeywordExecutor.groovy:53)
	at com.kms.katalon.core.keyword.BuiltinKeywords.callTestCase(BuiltinKeywords.groovy:334)
	at sun.reflect.NativeMethodAccessorImpl.invoke0(Native Method)
	at sun.reflect.NativeMethodAccessorImpl.invoke(NativeMethodAccessorImpl.java:62)
	at sun.reflect.DelegatingMethodAccessorImpl.invoke(DelegatingMethodAccessorImpl.java:43)
	at java.lang.reflect.Method.invoke(Method.java:498)
	at org.codehaus.groovy.reflection.CachedMethod.invoke(CachedMethod.java:93)
	at groovy.lang.MetaMethod.doMethodInvoke(MetaMethod.java:325)
	at groovy.lang.MetaClassImpl.invokeStaticMethod(MetaClassImpl.java:1469)
	at org.codehaus.groovy.runtime.callsite.StaticMetaClassSite.call(StaticMetaClassSite.java:53)
	at org.codehaus.groovy.runtime.callsite.CallSiteArray.defaultCall(CallSiteArray.java:48)
	at org.codehaus.groovy.runtime.callsite.AbstractCallSite.call(AbstractCallSite.java:113)
	at org.codehaus.groovy.runtime.callsite.AbstractCallSite.call(AbstractCallSite.java:141)
	at Script1536732166908.run(Script1536732166908.groovy:23)
	at com.kms.katalon.core.main.ScriptEngine.run(ScriptEngine.java:183)
	at com.kms.katalon.core.main.ScriptEngine.runScriptAsRawText(ScriptEngine.java:108)
	at com.kms.katalon.core.main.TestCaseExecutor.runScript(TestCaseExecutor.java:294)
	at com.kms.katalon.core.main.TestCaseExecutor.doExecute(TestCaseExecutor.java:285)
	at com.kms.katalon.core.main.TestCaseExecutor.processExecutionPhase(TestCaseExecutor.java:264)
	at com.kms.katalon.core.main.TestCaseExecutor.accessMainPhase(TestCaseExecutor.java:256)
	at com.kms.katalon.core.main.TestCaseExecutor.execute(TestCaseExecutor.java:200)
	at com.kms.katalon.core.main.TestCaseMain.runTestCase(TestCaseMain.java:99)
	at com.kms.katalon.core.keyword.builtin.CallTestCaseKeyword$_callTestCase_closure1.doCall(CallTestCaseKeyword.groovy:60)
	at com.kms.katalon.core.keyword.builtin.CallTestCaseKeyword$_callTestCase_closure1.call(CallTestCaseKeyword.groovy)
	at com.kms.katalon.core.keyword.internal.KeywordMain.runKeyword(KeywordMain.groovy:54)
	at com.kms.katalon.core.keyword.builtin.CallTestCaseKeyword.callTestCase(CallTestCaseKeyword.groovy:81)
	at com.kms.katalon.core.keyword.builtin.CallTestCaseKeyword.execute(CallTestCaseKeyword.groovy:45)
	at com.kms.katalon.core.keyword.internal.KeywordExecutor.executeKeywordForPlatform(KeywordExecutor.groovy:53)
	at com.kms.katalon.core.keyword.BuiltinKeywords.callTestCase(BuiltinKeywords.groovy:334)
	at sun.reflect.NativeMethodAccessorImpl.invoke0(Native Method)
	at sun.reflect.NativeMethodAccessorImpl.invoke(NativeMethodAccessorImpl.java:62)
	at sun.reflect.DelegatingMethodAccessorImpl.invoke(DelegatingMethodAccessorImpl.java:43)
	at java.lang.reflect.Method.invoke(Method.java:498)
	at org.codehaus.groovy.reflection.CachedMethod.invoke(CachedMethod.java:93)
	at groovy.lang.MetaMethod.doMethodInvoke(MetaMethod.java:325)
	at groovy.lang.MetaClassImpl.invokeStaticMethod(MetaClassImpl.java:1469)
	at org.codehaus.groovy.runtime.callsite.StaticMetaClassSite.call(StaticMetaClassSite.java:53)
	at org.codehaus.groovy.runtime.callsite.CallSiteArray.defaultCall(CallSiteArray.java:48)
	at org.codehaus.groovy.runtime.callsite.AbstractCallSite.call(AbstractCallSite.java:113)
	at org.codehaus.groovy.runtime.callsite.AbstractCallSite.call(AbstractCallSite.java:141)
	at Script1536733676931.run(Script1536733676931.groovy:22)
	at com.kms.katalon.core.main.ScriptEngine.run(ScriptEngine.java:183)
	at com.kms.katalon.core.main.ScriptEngine.runScriptAsRawText(ScriptEngine.java:108)
	at com.kms.katalon.core.main.TestCaseExecutor.runScript(TestCaseExecutor.java:294)
	at com.kms.katalon.core.main.TestCaseExecutor.doExecute(TestCaseExecutor.java:285)
	at com.kms.katalon.core.main.TestCaseExecutor.processExecutionPhase(TestCaseExecutor.java:264)
	at com.kms.katalon.core.main.TestCaseExecutor.accessMainPhase(TestCaseExecutor.java:256)
	at com.kms.katalon.core.main.TestCaseExecutor.execute(TestCaseExecutor.java:200)
	at com.kms.katalon.core.main.TestSuiteExecutor.accessTestCaseMainPhase(TestSuiteExecutor.java:129)
	at com.kms.katalon.core.main.TestSuiteExecutor.accessTestSuiteMainPhase(TestSuiteExecutor.java:112)
	at com.kms.katalon.core.main.TestSuiteExecutor.execute(TestSuiteExecutor.java:81)
	at com.kms.katalon.core.main.TestCaseMain.startTestSuite(TestCaseMain.java:142)
	at com.kms.katalon.core.main.TestCaseMain$startTestSuite$0.call(Unknown Source)
	at org.codehaus.groovy.runtime.callsite.CallSiteArray.defaultCall(CallSiteArray.java:48)
	at org.codehaus.groovy.runtime.callsite.AbstractCallSite.call(AbstractCallSite.java:113)
	at org.codehaus.groovy.runtime.callsite.AbstractCallSite.call(AbstractCallSite.java:141)
	at TempTestSuite1543076525234.run(TempTestSuite1543076525234.groovy:36)
	at groovy.lang.GroovyShell.runScriptOrMainOrTestOrRunnable(GroovyShell.java:263)
	at groovy.lang.GroovyShell.run(GroovyShell.java:518)
	at groovy.lang.GroovyShell.run(GroovyShell.java:507)
	at groovy.ui.GroovyMain.processOnce(GroovyMain.java:653)
	at groovy.ui.GroovyMain.run(GroovyMain.java:384)
	at groovy.ui.GroovyMain.process(GroovyMain.java:370)
	at groovy.ui.GroovyMain.processArgs(GroovyMain.java:129)
	at groovy.ui.GroovyMain.main(GroovyMain.java:109)
	at sun.reflect.NativeMethodAccessorImpl.invoke0(Native Method)
	at sun.reflect.NativeMethodAccessorImpl.invoke(NativeMethodAccessorImpl.java:62)
	at sun.reflect.DelegatingMethodAccessorImpl.invoke(DelegatingMethodAccessorImpl.java:43)
	at java.lang.reflect.Method.invoke(Method.java:498)
	at org.codehaus.groovy.tools.GroovyStarter.rootLoader(GroovyStarter.java:109)
	at org.codehaus.groovy.tools.GroovyStarter.main(GroovyStarter.java:131)
)]]></system-err>
      </testcase>
      <testcase name="Test Cases/Final Aug 2018 - PKS Automation/Registration Module/Workflow/Form 3 EIS - Cessation As Employer/Employer to UO (Query)" classname="Test Cases/Final Aug 2018 - PKS Automation/Registration Module/Workflow/Form 3 EIS - Cessation As Employer/Employer to UO (Query)" status="FAILED">
         <failure type="FAILED" message="(Stack trace: com.kms.katalon.core.exception.StepFailedException: Unable to click on object 'Object Repository/Final Object Repo/Landing Page/Select to English' (Root cause: com.kms.katalon.core.webui.exception.WebElementNotFoundException: Web element with id: 'Object Repository/Final Object Repo/Landing Page/Select to English' located by 'By.xpath: //a[@class = 'taglib-language-list-text' and @lang = 'en-US' and (contains(text(), 'EN') or contains(., 'EN'))]' not found)
	at com.kms.katalon.core.keyword.internal.KeywordMain.stepFailed(KeywordMain.groovy:32)
	at com.kms.katalon.core.webui.keyword.internal.WebUIKeywordMain.stepFailed(WebUIKeywordMain.groovy:65)
	at com.kms.katalon.core.webui.keyword.internal.WebUIKeywordMain.runKeyword(WebUIKeywordMain.groovy:27)
	at com.kms.katalon.core.webui.keyword.builtin.ClickKeyword.click(ClickKeyword.groovy:86)
	at com.kms.katalon.core.webui.keyword.builtin.ClickKeyword.execute(ClickKeyword.groovy:67)
	at com.kms.katalon.core.keyword.internal.KeywordExecutor.executeKeywordForPlatform(KeywordExecutor.groovy:53)
	at com.kms.katalon.core.webui.keyword.WebUiBuiltInKeywords.click(WebUiBuiltInKeywords.groovy:604)
	at com.kms.katalon.core.webui.keyword.WebUiBuiltInKeywords$click$9.call(Unknown Source)
	at org.codehaus.groovy.runtime.callsite.CallSiteArray.defaultCall(CallSiteArray.java:48)
	at org.codehaus.groovy.runtime.callsite.AbstractCallSite.call(AbstractCallSite.java:113)
	at org.codehaus.groovy.runtime.callsite.AbstractCallSite.call(AbstractCallSite.java:133)
	at Script1534407542420.run(Script1534407542420.groovy:57)
	at com.kms.katalon.core.main.ScriptEngine.run(ScriptEngine.java:183)
	at com.kms.katalon.core.main.ScriptEngine.runScriptAsRawText(ScriptEngine.java:108)
	at com.kms.katalon.core.main.TestCaseExecutor.runScript(TestCaseExecutor.java:294)
	at com.kms.katalon.core.main.TestCaseExecutor.doExecute(TestCaseExecutor.java:285)
	at com.kms.katalon.core.main.TestCaseExecutor.processExecutionPhase(TestCaseExecutor.java:264)
	at com.kms.katalon.core.main.TestCaseExecutor.accessMainPhase(TestCaseExecutor.java:256)
	at com.kms.katalon.core.main.TestCaseExecutor.execute(TestCaseExecutor.java:200)
	at com.kms.katalon.core.main.TestCaseMain.runTestCase(TestCaseMain.java:99)
	at com.kms.katalon.core.keyword.builtin.CallTestCaseKeyword$_callTestCase_closure1.doCall(CallTestCaseKeyword.groovy:60)
	at com.kms.katalon.core.keyword.builtin.CallTestCaseKeyword$_callTestCase_closure1.call(CallTestCaseKeyword.groovy)
	at com.kms.katalon.core.keyword.internal.KeywordMain.runKeyword(KeywordMain.groovy:54)
	at com.kms.katalon.core.keyword.builtin.CallTestCaseKeyword.callTestCase(CallTestCaseKeyword.groovy:81)
	at com.kms.katalon.core.keyword.builtin.CallTestCaseKeyword.execute(CallTestCaseKeyword.groovy:45)
	at com.kms.katalon.core.keyword.internal.KeywordExecutor.executeKeywordForPlatform(KeywordExecutor.groovy:53)
	at com.kms.katalon.core.keyword.BuiltinKeywords.callTestCase(BuiltinKeywords.groovy:334)
	at sun.reflect.NativeMethodAccessorImpl.invoke0(Native Method)
	at sun.reflect.NativeMethodAccessorImpl.invoke(NativeMethodAccessorImpl.java:62)
	at sun.reflect.DelegatingMethodAccessorImpl.invoke(DelegatingMethodAccessorImpl.java:43)
	at java.lang.reflect.Method.invoke(Method.java:498)
	at org.codehaus.groovy.reflection.CachedMethod.invoke(CachedMethod.java:93)
	at groovy.lang.MetaMethod.doMethodInvoke(MetaMethod.java:325)
	at groovy.lang.MetaClassImpl.invokeStaticMethod(MetaClassImpl.java:1469)
	at org.codehaus.groovy.runtime.callsite.StaticMetaClassSite.call(StaticMetaClassSite.java:53)
	at org.codehaus.groovy.runtime.callsite.CallSiteArray.defaultCall(CallSiteArray.java:48)
	at org.codehaus.groovy.runtime.callsite.AbstractCallSite.call(AbstractCallSite.java:113)
	at org.codehaus.groovy.runtime.callsite.AbstractCallSite.call(AbstractCallSite.java:141)
	at Script1536114876563.run(Script1536114876563.groovy:34)
	at com.kms.katalon.core.main.ScriptEngine.run(ScriptEngine.java:183)
	at com.kms.katalon.core.main.ScriptEngine.runScriptAsRawText(ScriptEngine.java:108)
	at com.kms.katalon.core.main.TestCaseExecutor.runScript(TestCaseExecutor.java:294)
	at com.kms.katalon.core.main.TestCaseExecutor.doExecute(TestCaseExecutor.java:285)
	at com.kms.katalon.core.main.TestCaseExecutor.processExecutionPhase(TestCaseExecutor.java:264)
	at com.kms.katalon.core.main.TestCaseExecutor.accessMainPhase(TestCaseExecutor.java:256)
	at com.kms.katalon.core.main.TestCaseExecutor.execute(TestCaseExecutor.java:200)
	at com.kms.katalon.core.main.TestCaseMain.runTestCase(TestCaseMain.java:99)
	at com.kms.katalon.core.keyword.builtin.CallTestCaseKeyword$_callTestCase_closure1.doCall(CallTestCaseKeyword.groovy:60)
	at com.kms.katalon.core.keyword.builtin.CallTestCaseKeyword$_callTestCase_closure1.call(CallTestCaseKeyword.groovy)
	at com.kms.katalon.core.keyword.internal.KeywordMain.runKeyword(KeywordMain.groovy:54)
	at com.kms.katalon.core.keyword.builtin.CallTestCaseKeyword.callTestCase(CallTestCaseKeyword.groovy:81)
	at com.kms.katalon.core.keyword.builtin.CallTestCaseKeyword.execute(CallTestCaseKeyword.groovy:45)
	at com.kms.katalon.core.keyword.internal.KeywordExecutor.executeKeywordForPlatform(KeywordExecutor.groovy:53)
	at com.kms.katalon.core.keyword.BuiltinKeywords.callTestCase(BuiltinKeywords.groovy:334)
	at sun.reflect.NativeMethodAccessorImpl.invoke0(Native Method)
	at sun.reflect.NativeMethodAccessorImpl.invoke(NativeMethodAccessorImpl.java:62)
	at sun.reflect.DelegatingMethodAccessorImpl.invoke(DelegatingMethodAccessorImpl.java:43)
	at java.lang.reflect.Method.invoke(Method.java:498)
	at org.codehaus.groovy.reflection.CachedMethod.invoke(CachedMethod.java:93)
	at groovy.lang.MetaMethod.doMethodInvoke(MetaMethod.java:325)
	at groovy.lang.MetaClassImpl.invokeStaticMethod(MetaClassImpl.java:1469)
	at org.codehaus.groovy.runtime.callsite.StaticMetaClassSite.call(StaticMetaClassSite.java:53)
	at org.codehaus.groovy.runtime.callsite.CallSiteArray.defaultCall(CallSiteArray.java:48)
	at org.codehaus.groovy.runtime.callsite.AbstractCallSite.call(AbstractCallSite.java:113)
	at org.codehaus.groovy.runtime.callsite.AbstractCallSite.call(AbstractCallSite.java:141)
	at Script1536733709462.run(Script1536733709462.groovy:25)
	at com.kms.katalon.core.main.ScriptEngine.run(ScriptEngine.java:183)
	at com.kms.katalon.core.main.ScriptEngine.runScriptAsRawText(ScriptEngine.java:108)
	at com.kms.katalon.core.main.TestCaseExecutor.runScript(TestCaseExecutor.java:294)
	at com.kms.katalon.core.main.TestCaseExecutor.doExecute(TestCaseExecutor.java:285)
	at com.kms.katalon.core.main.TestCaseExecutor.processExecutionPhase(TestCaseExecutor.java:264)
	at com.kms.katalon.core.main.TestCaseExecutor.accessMainPhase(TestCaseExecutor.java:256)
	at com.kms.katalon.core.main.TestCaseExecutor.execute(TestCaseExecutor.java:200)
	at com.kms.katalon.core.main.TestSuiteExecutor.accessTestCaseMainPhase(TestSuiteExecutor.java:129)
	at com.kms.katalon.core.main.TestSuiteExecutor.accessTestSuiteMainPhase(TestSuiteExecutor.java:112)
	at com.kms.katalon.core.main.TestSuiteExecutor.execute(TestSuiteExecutor.java:81)
	at com.kms.katalon.core.main.TestCaseMain.startTestSuite(TestCaseMain.java:142)
	at com.kms.katalon.core.main.TestCaseMain$startTestSuite$0.call(Unknown Source)
	at org.codehaus.groovy.runtime.callsite.CallSiteArray.defaultCall(CallSiteArray.java:48)
	at org.codehaus.groovy.runtime.callsite.AbstractCallSite.call(AbstractCallSite.java:113)
	at org.codehaus.groovy.runtime.callsite.AbstractCallSite.call(AbstractCallSite.java:141)
	at TempTestSuite1543076525234.run(TempTestSuite1543076525234.groovy:36)
	at groovy.lang.GroovyShell.runScriptOrMainOrTestOrRunnable(GroovyShell.java:263)
	at groovy.lang.GroovyShell.run(GroovyShell.java:518)
	at groovy.lang.GroovyShell.run(GroovyShell.java:507)
	at groovy.ui.GroovyMain.processOnce(GroovyMain.java:653)
	at groovy.ui.GroovyMain.run(GroovyMain.java:384)
	at groovy.ui.GroovyMain.process(GroovyMain.java:370)
	at groovy.ui.GroovyMain.processArgs(GroovyMain.java:129)
	at groovy.ui.GroovyMain.main(GroovyMain.java:109)
	at sun.reflect.NativeMethodAccessorImpl.invoke0(Native Method)
	at sun.reflect.NativeMethodAccessorImpl.invoke(NativeMethodAccessorImpl.java:62)
	at sun.reflect.DelegatingMethodAccessorImpl.invoke(DelegatingMethodAccessorImpl.java:43)
	at java.lang.reflect.Method.invoke(Method.java:498)
	at org.codehaus.groovy.tools.GroovyStarter.rootLoader(GroovyStarter.java:109)
	at org.codehaus.groovy.tools.GroovyStarter.main(GroovyStarter.java:131)
)"/>
         <system-out><![CDATA[2018-11-25 04:23:01 - [TEST_CASE][FAILED] - Test Cases/Final Aug 2018 - PKS Automation/Registration Module/Workflow/Form 3 EIS - Cessation As Employer/Employer to UO (Query): Test Cases/Final Aug 2018 - PKS Automation/Registration Module/Workflow/Form 3 EIS - Cessation As Employer/Employer to UO (Query) FAILED because (of) (Stack trace: com.kms.katalon.core.exception.StepFailedException: Unable to click on object 'Object Repository/Final Object Repo/Landing Page/Select to English' (Root cause: com.kms.katalon.core.webui.exception.WebElementNotFoundException: Web element with id: 'Object Repository/Final Object Repo/Landing Page/Select to English' located by 'By.xpath: //a[@class = 'taglib-language-list-text' and @lang = 'en-US' and (contains(text(), 'EN') or contains(., 'EN'))]' not found)
	at com.kms.katalon.core.keyword.internal.KeywordMain.stepFailed(KeywordMain.groovy:32)
	at com.kms.katalon.core.webui.keyword.internal.WebUIKeywordMain.stepFailed(WebUIKeywordMain.groovy:65)
	at com.kms.katalon.core.webui.keyword.internal.WebUIKeywordMain.runKeyword(WebUIKeywordMain.groovy:27)
	at com.kms.katalon.core.webui.keyword.builtin.ClickKeyword.click(ClickKeyword.groovy:86)
	at com.kms.katalon.core.webui.keyword.builtin.ClickKeyword.execute(ClickKeyword.groovy:67)
	at com.kms.katalon.core.keyword.internal.KeywordExecutor.executeKeywordForPlatform(KeywordExecutor.groovy:53)
	at com.kms.katalon.core.webui.keyword.WebUiBuiltInKeywords.click(WebUiBuiltInKeywords.groovy:604)
	at com.kms.katalon.core.webui.keyword.WebUiBuiltInKeywords$click$9.call(Unknown Source)
	at org.codehaus.groovy.runtime.callsite.CallSiteArray.defaultCall(CallSiteArray.java:48)
	at org.codehaus.groovy.runtime.callsite.AbstractCallSite.call(AbstractCallSite.java:113)
	at org.codehaus.groovy.runtime.callsite.AbstractCallSite.call(AbstractCallSite.java:133)
	at Script1534407542420.run(Script1534407542420.groovy:57)
	at com.kms.katalon.core.main.ScriptEngine.run(ScriptEngine.java:183)
	at com.kms.katalon.core.main.ScriptEngine.runScriptAsRawText(ScriptEngine.java:108)
	at com.kms.katalon.core.main.TestCaseExecutor.runScript(TestCaseExecutor.java:294)
	at com.kms.katalon.core.main.TestCaseExecutor.doExecute(TestCaseExecutor.java:285)
	at com.kms.katalon.core.main.TestCaseExecutor.processExecutionPhase(TestCaseExecutor.java:264)
	at com.kms.katalon.core.main.TestCaseExecutor.accessMainPhase(TestCaseExecutor.java:256)
	at com.kms.katalon.core.main.TestCaseExecutor.execute(TestCaseExecutor.java:200)
	at com.kms.katalon.core.main.TestCaseMain.runTestCase(TestCaseMain.java:99)
	at com.kms.katalon.core.keyword.builtin.CallTestCaseKeyword$_callTestCase_closure1.doCall(CallTestCaseKeyword.groovy:60)
	at com.kms.katalon.core.keyword.builtin.CallTestCaseKeyword$_callTestCase_closure1.call(CallTestCaseKeyword.groovy)
	at com.kms.katalon.core.keyword.internal.KeywordMain.runKeyword(KeywordMain.groovy:54)
	at com.kms.katalon.core.keyword.builtin.CallTestCaseKeyword.callTestCase(CallTestCaseKeyword.groovy:81)
	at com.kms.katalon.core.keyword.builtin.CallTestCaseKeyword.execute(CallTestCaseKeyword.groovy:45)
	at com.kms.katalon.core.keyword.internal.KeywordExecutor.executeKeywordForPlatform(KeywordExecutor.groovy:53)
	at com.kms.katalon.core.keyword.BuiltinKeywords.callTestCase(BuiltinKeywords.groovy:334)
	at sun.reflect.NativeMethodAccessorImpl.invoke0(Native Method)
	at sun.reflect.NativeMethodAccessorImpl.invoke(NativeMethodAccessorImpl.java:62)
	at sun.reflect.DelegatingMethodAccessorImpl.invoke(DelegatingMethodAccessorImpl.java:43)
	at java.lang.reflect.Method.invoke(Method.java:498)
	at org.codehaus.groovy.reflection.CachedMethod.invoke(CachedMethod.java:93)
	at groovy.lang.MetaMethod.doMethodInvoke(MetaMethod.java:325)
	at groovy.lang.MetaClassImpl.invokeStaticMethod(MetaClassImpl.java:1469)
	at org.codehaus.groovy.runtime.callsite.StaticMetaClassSite.call(StaticMetaClassSite.java:53)
	at org.codehaus.groovy.runtime.callsite.CallSiteArray.defaultCall(CallSiteArray.java:48)
	at org.codehaus.groovy.runtime.callsite.AbstractCallSite.call(AbstractCallSite.java:113)
	at org.codehaus.groovy.runtime.callsite.AbstractCallSite.call(AbstractCallSite.java:141)
	at Script1536114876563.run(Script1536114876563.groovy:34)
	at com.kms.katalon.core.main.ScriptEngine.run(ScriptEngine.java:183)
	at com.kms.katalon.core.main.ScriptEngine.runScriptAsRawText(ScriptEngine.java:108)
	at com.kms.katalon.core.main.TestCaseExecutor.runScript(TestCaseExecutor.java:294)
	at com.kms.katalon.core.main.TestCaseExecutor.doExecute(TestCaseExecutor.java:285)
	at com.kms.katalon.core.main.TestCaseExecutor.processExecutionPhase(TestCaseExecutor.java:264)
	at com.kms.katalon.core.main.TestCaseExecutor.accessMainPhase(TestCaseExecutor.java:256)
	at com.kms.katalon.core.main.TestCaseExecutor.execute(TestCaseExecutor.java:200)
	at com.kms.katalon.core.main.TestCaseMain.runTestCase(TestCaseMain.java:99)
	at com.kms.katalon.core.keyword.builtin.CallTestCaseKeyword$_callTestCase_closure1.doCall(CallTestCaseKeyword.groovy:60)
	at com.kms.katalon.core.keyword.builtin.CallTestCaseKeyword$_callTestCase_closure1.call(CallTestCaseKeyword.groovy)
	at com.kms.katalon.core.keyword.internal.KeywordMain.runKeyword(KeywordMain.groovy:54)
	at com.kms.katalon.core.keyword.builtin.CallTestCaseKeyword.callTestCase(CallTestCaseKeyword.groovy:81)
	at com.kms.katalon.core.keyword.builtin.CallTestCaseKeyword.execute(CallTestCaseKeyword.groovy:45)
	at com.kms.katalon.core.keyword.internal.KeywordExecutor.executeKeywordForPlatform(KeywordExecutor.groovy:53)
	at com.kms.katalon.core.keyword.BuiltinKeywords.callTestCase(BuiltinKeywords.groovy:334)
	at sun.reflect.NativeMethodAccessorImpl.invoke0(Native Method)
	at sun.reflect.NativeMethodAccessorImpl.invoke(NativeMethodAccessorImpl.java:62)
	at sun.reflect.DelegatingMethodAccessorImpl.invoke(DelegatingMethodAccessorImpl.java:43)
	at java.lang.reflect.Method.invoke(Method.java:498)
	at org.codehaus.groovy.reflection.CachedMethod.invoke(CachedMethod.java:93)
	at groovy.lang.MetaMethod.doMethodInvoke(MetaMethod.java:325)
	at groovy.lang.MetaClassImpl.invokeStaticMethod(MetaClassImpl.java:1469)
	at org.codehaus.groovy.runtime.callsite.StaticMetaClassSite.call(StaticMetaClassSite.java:53)
	at org.codehaus.groovy.runtime.callsite.CallSiteArray.defaultCall(CallSiteArray.java:48)
	at org.codehaus.groovy.runtime.callsite.AbstractCallSite.call(AbstractCallSite.java:113)
	at org.codehaus.groovy.runtime.callsite.AbstractCallSite.call(AbstractCallSite.java:141)
	at Script1536733709462.run(Script1536733709462.groovy:25)
	at com.kms.katalon.core.main.ScriptEngine.run(ScriptEngine.java:183)
	at com.kms.katalon.core.main.ScriptEngine.runScriptAsRawText(ScriptEngine.java:108)
	at com.kms.katalon.core.main.TestCaseExecutor.runScript(TestCaseExecutor.java:294)
	at com.kms.katalon.core.main.TestCaseExecutor.doExecute(TestCaseExecutor.java:285)
	at com.kms.katalon.core.main.TestCaseExecutor.processExecutionPhase(TestCaseExecutor.java:264)
	at com.kms.katalon.core.main.TestCaseExecutor.accessMainPhase(TestCaseExecutor.java:256)
	at com.kms.katalon.core.main.TestCaseExecutor.execute(TestCaseExecutor.java:200)
	at com.kms.katalon.core.main.TestSuiteExecutor.accessTestCaseMainPhase(TestSuiteExecutor.java:129)
	at com.kms.katalon.core.main.TestSuiteExecutor.accessTestSuiteMainPhase(TestSuiteExecutor.java:112)
	at com.kms.katalon.core.main.TestSuiteExecutor.execute(TestSuiteExecutor.java:81)
	at com.kms.katalon.core.main.TestCaseMain.startTestSuite(TestCaseMain.java:142)
	at com.kms.katalon.core.main.TestCaseMain$startTestSuite$0.call(Unknown Source)
	at org.codehaus.groovy.runtime.callsite.CallSiteArray.defaultCall(CallSiteArray.java:48)
	at org.codehaus.groovy.runtime.callsite.AbstractCallSite.call(AbstractCallSite.java:113)
	at org.codehaus.groovy.runtime.callsite.AbstractCallSite.call(AbstractCallSite.java:141)
	at TempTestSuite1543076525234.run(TempTestSuite1543076525234.groovy:36)
	at groovy.lang.GroovyShell.runScriptOrMainOrTestOrRunnable(GroovyShell.java:263)
	at groovy.lang.GroovyShell.run(GroovyShell.java:518)
	at groovy.lang.GroovyShell.run(GroovyShell.java:507)
	at groovy.ui.GroovyMain.processOnce(GroovyMain.java:653)
	at groovy.ui.GroovyMain.run(GroovyMain.java:384)
	at groovy.ui.GroovyMain.process(GroovyMain.java:370)
	at groovy.ui.GroovyMain.processArgs(GroovyMain.java:129)
	at groovy.ui.GroovyMain.main(GroovyMain.java:109)
	at sun.reflect.NativeMethodAccessorImpl.invoke0(Native Method)
	at sun.reflect.NativeMethodAccessorImpl.invoke(NativeMethodAccessorImpl.java:62)
	at sun.reflect.DelegatingMethodAccessorImpl.invoke(DelegatingMethodAccessorImpl.java:43)
	at java.lang.reflect.Method.invoke(Method.java:498)
	at org.codehaus.groovy.tools.GroovyStarter.rootLoader(GroovyStarter.java:109)
	at org.codehaus.groovy.tools.GroovyStarter.main(GroovyStarter.java:131)
)

2018-11-25 04:23:01 - [TEST_STEP][PASSED] - callTestCase: Call Test Case 'Test Cases/Final Aug 2018 - PKS Automation/Registration Module/Workflow/Form 3 EIS - Cessation As Employer/Template/Form 3 A - Cessation As Employer (OTC)' successfully

2018-11-25 04:23:01 - [TEST_CASE][PASSED] - Test Cases/Final Aug 2018 - PKS Automation/Registration Module/Workflow/Form 3 EIS - Cessation As Employer/Template/Form 3 A - Cessation As Employer (OTC): Test Cases/Final Aug 2018 - PKS Automation/Registration Module/Workflow/Form 3 EIS - Cessation As Employer/Template/Form 3 A - Cessation As Employer (OTC)

2018-11-25 04:23:02 - [TEST_STEP][PASSED] - openBrowser: Browser is opened with url: ''

2018-11-25 04:23:02 - [MESSAGE][WARNING] - A browser is already opened. Closing browser and opening a new one

2018-11-25 04:23:06 - [MESSAGE][PASSED] - Browser is opened with url: ''

2018-11-25 04:23:06 - [TEST_STEP][PASSED] - navigateToUrl: Navigate to 'https://assist2-uat.perkeso.gov.my/login' successfully

2018-11-25 04:23:07 - [MESSAGE][PASSED] - Navigate to 'https://assist2-uat.perkeso.gov.my/login' successfully

2018-11-25 04:23:07 - [TEST_STEP][PASSED] - setText: Text 'johorotc1@gmail.com' is set on object 'Object Repository/Final Object Repo/Login Page/Internal User/Email Address'

2018-11-25 04:23:07 - [MESSAGE][PASSED] - Text 'johorotc1@gmail.com' is set on object 'Object Repository/Final Object Repo/Login Page/Internal User/Email Address'

2018-11-25 04:23:07 - [TEST_STEP][PASSED] - click: Object: 'Object Repository/Final Object Repo/Login Page/Internal User/Next Button' is clicked on

2018-11-25 04:23:07 - [MESSAGE][PASSED] - Object: 'Object Repository/Final Object Repo/Login Page/Internal User/Next Button' is clicked on

2018-11-25 04:23:07 - [TEST_STEP][PASSED] - delay: Delayed 1 second(s)

2018-11-25 04:23:08 - [MESSAGE][PASSED] - Delayed 1 second(s)

2018-11-25 04:23:08 - [TEST_STEP][PASSED] - setEncryptedText: Text ****** has been set on object 'Object Repository/Final Object Repo/Login Page/Internal User/Password'

2018-11-25 04:23:08 - [MESSAGE][PASSED] - Text ****** has been set on object 'Object Repository/Final Object Repo/Login Page/Internal User/Password'

2018-11-25 04:23:08 - [TEST_STEP][PASSED] - click: Object: 'Object Repository/Final Object Repo/Login Page/Internal User/Login Button' is clicked on

2018-11-25 04:23:09 - [MESSAGE][PASSED] - Object: 'Object Repository/Final Object Repo/Login Page/Internal User/Login Button' is clicked on

2018-11-25 04:23:09 - [TEST_STEP][PASSED] - delay: Delayed 1 second(s)

2018-11-25 04:23:10 - [MESSAGE][PASSED] - Delayed 1 second(s)

2018-11-25 04:23:10 - [TEST_STEP][PASSED] - Statement - Try: Delayed 2 second(s)

2018-11-25 04:23:10 - [TEST_STEP][PASSED] - Statement - Checker = false: null

2018-11-25 04:23:10 - [TEST_STEP][PASSED] - Statement - Checker = com.kms.katalon.core.webui.keyword.WebUiBuiltInKeywords.verifyElementHasAttribute(com.kms.katalon.core.testobject.ObjectRepository.findTestObject(Final Object Repo/Landing Page/BM Detecting), "href", 20, OPTIONAL): Object 'Object Repository/Final Object Repo/Landing Page/BM Detecting' has attribute 'href'

2018-11-25 04:23:11 - [MESSAGE][PASSED] - Object 'Object Repository/Final Object Repo/Landing Page/BM Detecting' has attribute 'href'

2018-11-25 04:23:11 - [TEST_STEP][PASSED] - Statement - out.println(Checker): null

2018-11-25 04:23:11 - [TEST_STEP][PASSED] - Statement - If (Checker == false): null

2018-11-25 04:23:11 - [TEST_STEP][PASSED] - Statement - Else: null

2018-11-25 04:23:11 - [TEST_STEP][PASSED] - delay: Delayed 2 second(s)

2018-11-25 04:23:13 - [MESSAGE][PASSED] - Delayed 2 second(s)

2018-11-25 04:23:13 - [TEST_STEP][PASSED] - navigateToUrl: Navigate to 'https://assist2-uat.perkeso.gov.my/web/registration/eis-update/form-3-eis-cessation-as-employer' successfully

2018-11-25 04:23:14 - [MESSAGE][PASSED] - Navigate to 'https://assist2-uat.perkeso.gov.my/web/registration/eis-update/form-3-eis-cessation-as-employer' successfully

2018-11-25 04:23:14 - [TEST_STEP][PASSED] - delay: Delayed 1 second(s)

2018-11-25 04:23:15 - [MESSAGE][PASSED] - Delayed 1 second(s)

2018-11-25 04:23:15 - [TEST_STEP][PASSED] - setText: Text 'E1102069769W' is set on object 'Object Repository/Final Object Repo/Page_Form 3 EIS - Cessation as Employer/Employer Code'

2018-11-25 04:23:15 - [MESSAGE][PASSED] - Text 'E1102069769W' is set on object 'Object Repository/Final Object Repo/Page_Form 3 EIS - Cessation as Employer/Employer Code'

2018-11-25 04:23:15 - [TEST_STEP][PASSED] - click: Object: 'Object Repository/Final Object Repo/Page_Form 3 EIS - Cessation as Employer/Search' is clicked on

2018-11-25 04:23:15 - [MESSAGE][PASSED] - Object: 'Object Repository/Final Object Repo/Page_Form 3 EIS - Cessation as Employer/Search' is clicked on

2018-11-25 04:23:15 - [TEST_STEP][PASSED] - click: Object: 'Object Repository/Final Object Repo/Page_Form 3 EIS - Cessation as Employer/Edit' is clicked on

2018-11-25 04:23:17 - [MESSAGE][PASSED] - Object: 'Object Repository/Final Object Repo/Page_Form 3 EIS - Cessation as Employer/Edit' is clicked on

2018-11-25 04:23:17 - [TEST_STEP][PASSED] - delay: Delayed 1 second(s)

2018-11-25 04:23:18 - [MESSAGE][PASSED] - Delayed 1 second(s)

2018-11-25 04:23:18 - [TEST_STEP][PASSED] - Statement - abc = com.kms.katalon.core.webui.keyword.WebUiBuiltInKeywords.getAttribute(com.kms.katalon.core.testobject.ObjectRepository.findTestObject(Final Object Repo/Page_Form 3 EIS - Cessation as Employer/Employer Status), "value"): Attribute 'value' of object 'Object Repository/Final Object Repo/Page_Form 3 EIS - Cessation as Employer/Employer Status' is: 'Active'

2018-11-25 04:23:18 - [MESSAGE][PASSED] - Attribute 'value' of object 'Object Repository/Final Object Repo/Page_Form 3 EIS - Cessation as Employer/Employer Status' is: 'Active'

2018-11-25 04:23:18 - [TEST_STEP][PASSED] - Statement - out.println(abc): null

2018-11-25 04:23:18 - [TEST_STEP][PASSED] - Statement - If (abc == "Active"): Object: 'Object Repository/Final Object Repo/Page_Form 3 EIS - Cessation as Employer/Dormant EIS' is clicked on

2018-11-25 04:23:18 - [TEST_STEP][PASSED] - click: Object: 'Object Repository/Final Object Repo/Page_Form 3 EIS - Cessation as Employer/Change Employer Status to' is clicked on

2018-11-25 04:23:19 - [MESSAGE][PASSED] - Object: 'Object Repository/Final Object Repo/Page_Form 3 EIS - Cessation as Employer/Change Employer Status to' is clicked on

2018-11-25 04:23:19 - [TEST_STEP][PASSED] - click: Object: 'Object Repository/Final Object Repo/Page_Form 3 EIS - Cessation as Employer/Dormant EIS' is clicked on

2018-11-25 04:23:19 - [MESSAGE][PASSED] - Object: 'Object Repository/Final Object Repo/Page_Form 3 EIS - Cessation as Employer/Dormant EIS' is clicked on

2018-11-25 04:23:19 - [TEST_STEP][PASSED] - click: Object: 'Object Repository/Final Object Repo/Page_Form 3 EIS - Cessation as Employer/Calender' is clicked on

2018-11-25 04:23:19 - [MESSAGE][PASSED] - Object: 'Object Repository/Final Object Repo/Page_Form 3 EIS - Cessation as Employer/Calender' is clicked on

2018-11-25 04:23:19 - [TEST_STEP][PASSED] - delay: Delayed 1 second(s)

2018-11-25 04:23:20 - [MESSAGE][PASSED] - Delayed 1 second(s)

2018-11-25 04:23:20 - [TEST_STEP][PASSED] - click: Object: 'Object Repository/Final Object Repo/Page_Form 3 EIS - Cessation as Employer/Calender - Date' is clicked on

2018-11-25 04:23:20 - [MESSAGE][PASSED] - Object: 'Object Repository/Final Object Repo/Page_Form 3 EIS - Cessation as Employer/Calender - Date' is clicked on

2018-11-25 04:23:20 - [TEST_STEP][PASSED] - click: Object: 'Object Repository/Final Object Repo/Page_Form 3 EIS - Cessation as Employer/Save  Continue in Form 3 EIS Page' is clicked on

2018-11-25 04:23:20 - [MESSAGE][PASSED] - Object: 'Object Repository/Final Object Repo/Page_Form 3 EIS - Cessation as Employer/Save  Continue in Form 3 EIS Page' is clicked on

2018-11-25 04:23:20 - [TEST_STEP][PASSED] - delay: Delayed 1 second(s)

2018-11-25 04:23:21 - [MESSAGE][PASSED] - Delayed 1 second(s)

2018-11-25 04:23:21 - [TEST_STEP][PASSED] - click: Object: 'Object Repository/Final Object Repo/Page_Form 3 EIS - Cessation as Employer/Employment Resign Date' is clicked on

2018-11-25 04:23:22 - [MESSAGE][PASSED] - Object: 'Object Repository/Final Object Repo/Page_Form 3 EIS - Cessation as Employer/Employment Resign Date' is clicked on

2018-11-25 04:23:22 - [TEST_STEP][PASSED] - selectOptionByValue: All options with value '2018' are selected in object 'Object Repository/Final Object Repo/Page_Form 3 EIS - Cessation as Employer/Employment Resign Date - Year' 

2018-11-25 04:23:23 - [MESSAGE][PASSED] - All options with value '2018' are selected in object 'Object Repository/Final Object Repo/Page_Form 3 EIS - Cessation as Employer/Employment Resign Date - Year' 

2018-11-25 04:23:23 - [TEST_STEP][PASSED] - delay: Delayed 2 second(s)

2018-11-25 04:23:25 - [MESSAGE][PASSED] - Delayed 2 second(s)

2018-11-25 04:23:25 - [TEST_STEP][PASSED] - click: Object: 'Object Repository/Final Object Repo/Page_Form 3 EIS - Cessation as Employer/Employment Resign Date - Year - Date' is clicked on

2018-11-25 04:23:25 - [MESSAGE][PASSED] - Object: 'Object Repository/Final Object Repo/Page_Form 3 EIS - Cessation as Employer/Employment Resign Date - Year - Date' is clicked on

2018-11-25 04:23:25 - [TEST_STEP][PASSED] - delay: Delayed 2 second(s)

2018-11-25 04:23:27 - [MESSAGE][PASSED] - Delayed 2 second(s)

2018-11-25 04:23:27 - [TEST_STEP][PASSED] - click: Object: 'Object Repository/Final Object Repo/Page_Form 3 EIS - Cessation as Employer/Save  Continue in Employment Resign Page' is clicked on

2018-11-25 04:23:27 - [MESSAGE][PASSED] - Object: 'Object Repository/Final Object Repo/Page_Form 3 EIS - Cessation as Employer/Save  Continue in Employment Resign Page' is clicked on

2018-11-25 04:23:27 - [TEST_STEP][PASSED] - delay: Delayed 2 second(s)

2018-11-25 04:23:29 - [MESSAGE][PASSED] - Delayed 2 second(s)

2018-11-25 04:23:29 - [TEST_STEP][PASSED] - click: Object: 'Object Repository/Final Object Repo/Page_Form 3 EIS - Cessation as Employer/Add Document' is clicked on

2018-11-25 04:23:30 - [MESSAGE][PASSED] - Object: 'Object Repository/Final Object Repo/Page_Form 3 EIS - Cessation as Employer/Add Document' is clicked on

2018-11-25 04:23:30 - [TEST_STEP][PASSED] - delay: Delayed 3 second(s)

2018-11-25 04:23:33 - [MESSAGE][PASSED] - Delayed 3 second(s)

2018-11-25 04:23:33 - [TEST_STEP][PASSED] - click: Object: 'Object Repository/Final Object Repo/Page_Form 3 EIS - Cessation as Employer/Document Type' is clicked on

2018-11-25 04:23:34 - [MESSAGE][PASSED] - Object: 'Object Repository/Final Object Repo/Page_Form 3 EIS - Cessation as Employer/Document Type' is clicked on

2018-11-25 04:23:34 - [TEST_STEP][PASSED] - click: Object: 'Object Repository/Final Object Repo/Page_Form 3 EIS - Cessation as Employer/Document Type - Form 3' is clicked on

2018-11-25 04:23:34 - [MESSAGE][PASSED] - Object: 'Object Repository/Final Object Repo/Page_Form 3 EIS - Cessation as Employer/Document Type - Form 3' is clicked on

2018-11-25 04:23:34 - [TEST_STEP][PASSED] - delay: Delayed 2 second(s)

2018-11-25 04:23:36 - [MESSAGE][PASSED] - Delayed 2 second(s)

2018-11-25 04:23:36 - [TEST_STEP][PASSED] - sendKeys: Keys 'C:\Users\Public\Pictures\Sample Pictures\Koala.jpg' sent to object: 'Object Repository/Final Object Repo/Page_Form 3 EIS - Cessation as Employer/ploading File'

2018-11-25 04:23:36 - [MESSAGE][PASSED] - Keys 'C:\Users\Public\Pictures\Sample Pictures\Koala.jpg' sent to object: 'Object Repository/Final Object Repo/Page_Form 3 EIS - Cessation as Employer/ploading File'

2018-11-25 04:23:36 - [TEST_STEP][PASSED] - delay: Delayed 1 second(s)

2018-11-25 04:23:37 - [MESSAGE][PASSED] - Delayed 1 second(s)

2018-11-25 04:23:37 - [TEST_STEP][PASSED] - click: Object: 'Object Repository/Final Object Repo/Page_Form 3 EIS - Cessation as Employer/Add Document in Uploading Page' is clicked on

2018-11-25 04:23:37 - [MESSAGE][PASSED] - Object: 'Object Repository/Final Object Repo/Page_Form 3 EIS - Cessation as Employer/Add Document in Uploading Page' is clicked on

2018-11-25 04:23:37 - [TEST_STEP][PASSED] - delay: Delayed 2 second(s)

2018-11-25 04:23:39 - [MESSAGE][PASSED] - Delayed 2 second(s)

2018-11-25 04:23:39 - [TEST_STEP][PASSED] - Statement - CaseReferenceNo = com.kms.katalon.core.webui.keyword.WebUiBuiltInKeywords.getText(com.kms.katalon.core.testobject.ObjectRepository.findTestObject(Final Object Repo/Page_Update Employer Information/Reference Number in Update Employee Information Page)): Text of object 'Object Repository/Final Object Repo/Page_Update Employer Information/Reference Number in Update Employee Information Page' is: 'ERN112018C200002278'

2018-11-25 04:23:41 - [MESSAGE][PASSED] - Text of object 'Object Repository/Final Object Repo/Page_Update Employer Information/Reference Number in Update Employee Information Page' is: 'ERN112018C200002278'

2018-11-25 04:23:41 - [TEST_STEP][PASSED] - callTestCase: Call Test Case 'Test Cases/Final Aug 2018 - PKS Automation/Common/Reference Number Setter' successfully

2018-11-25 04:23:41 - [TEST_CASE][PASSED] - Test Cases/Final Aug 2018 - PKS Automation/Common/Reference Number Setter: Test Cases/Final Aug 2018 - PKS Automation/Common/Reference Number Setter

2018-11-25 04:23:41 - [TEST_STEP][PASSED] - Statement - RefNoOldFile = new java.io.File(C://Users//Admin//Desktop//PKS//Automation Reference Point//KatalonReference.txt): null

2018-11-25 04:23:41 - [TEST_STEP][PASSED] - Statement - RefNoOldFile.delete(): null

2018-11-25 04:23:41 - [TEST_STEP][PASSED] - delay: Delayed 5 second(s)

2018-11-25 04:23:46 - [MESSAGE][PASSED] - Delayed 5 second(s)

2018-11-25 04:23:46 - [TEST_STEP][PASSED] - Statement - RefNo = new java.io.File(C://Users//Admin//Desktop//PKS//Automation Reference Point//KatalonReference.txt): null

2018-11-25 04:23:46 - [TEST_STEP][PASSED] - Statement - f2 = new java.io.FileWriter(RefNo, false): null

2018-11-25 04:23:46 - [TEST_STEP][PASSED] - Statement - f2.write(CaseReferenceNo): null

2018-11-25 04:23:46 - [TEST_STEP][PASSED] - Statement - f2.close(): null

2018-11-25 04:23:46 - [TEST_STEP][PASSED] - Statement - out.println("


" + CaseReferenceNo + "


"): null

2018-11-25 04:23:46 - [MESSAGE][PASSED] - Call Test Case 'Test Cases/Final Aug 2018 - PKS Automation/Common/Reference Number Setter' successfully

2018-11-25 04:23:46 - [TEST_STEP][PASSED] - delay: Delayed 2 second(s)

2018-11-25 04:23:48 - [MESSAGE][PASSED] - Delayed 2 second(s)

2018-11-25 04:23:48 - [TEST_STEP][PASSED] - click: Object: 'Object Repository/Final Object Repo/Page_Form 3 EIS - Cessation as Employer/Save  Continue in Uploading Page' is clicked on

2018-11-25 04:23:48 - [MESSAGE][PASSED] - Object: 'Object Repository/Final Object Repo/Page_Form 3 EIS - Cessation as Employer/Save  Continue in Uploading Page' is clicked on

2018-11-25 04:23:48 - [TEST_STEP][PASSED] - delay: Delayed 2 second(s)

2018-11-25 04:23:50 - [MESSAGE][PASSED] - Delayed 2 second(s)

2018-11-25 04:23:50 - [TEST_STEP][PASSED] - click: Object: 'Object Repository/Final Object Repo/Page_Form 3 EIS - Cessation as Employer/Submit' is clicked on

2018-11-25 04:23:53 - [MESSAGE][PASSED] - Object: 'Object Repository/Final Object Repo/Page_Form 3 EIS - Cessation as Employer/Submit' is clicked on

2018-11-25 04:23:53 - [TEST_STEP][PASSED] - delay: Delayed 2 second(s)

2018-11-25 04:23:55 - [MESSAGE][PASSED] - Delayed 2 second(s)

2018-11-25 04:23:55 - [TEST_STEP][PASSED] - click: Object: 'Object Repository/Final Object Repo/Page_Form 3 EIS - Cessation as Employer/Confirm' is clicked on

2018-11-25 04:23:55 - [MESSAGE][PASSED] - Object: 'Object Repository/Final Object Repo/Page_Form 3 EIS - Cessation as Employer/Confirm' is clicked on

2018-11-25 04:23:55 - [TEST_STEP][PASSED] - delay: Delayed 2 second(s)

2018-11-25 04:23:57 - [MESSAGE][PASSED] - Delayed 2 second(s)

2018-11-25 04:23:57 - [TEST_STEP][PASSED] - click: Object: 'Object Repository/Final Object Repo/Page_Form 3 EIS - Cessation as Employer/Message Your Request will be routed to UO' is clicked on

2018-11-25 04:24:01 - [MESSAGE][PASSED] - Object: 'Object Repository/Final Object Repo/Page_Form 3 EIS - Cessation as Employer/Message Your Request will be routed to UO' is clicked on

2018-11-25 04:24:01 - [TEST_STEP][PASSED] - click: Object: 'Object Repository/Final Object Repo/Page_Form 3 EIS - Cessation as Employer/Letter of acknowledgement' is clicked on

2018-11-25 04:24:02 - [MESSAGE][PASSED] - Object: 'Object Repository/Final Object Repo/Page_Form 3 EIS - Cessation as Employer/Letter of acknowledgement' is clicked on

2018-11-25 04:24:02 - [MESSAGE][PASSED] - Call Test Case 'Test Cases/Final Aug 2018 - PKS Automation/Registration Module/Workflow/Form 3 EIS - Cessation As Employer/Template/Form 3 A - Cessation As Employer (OTC)' successfully

2018-11-25 04:24:02 - [TEST_STEP][FAILED] - callTestCase: Unable to call Test Case with id 'Test Cases/Final Aug 2018 - PKS Automation/Registration Module/Workflow/Form 3 EIS - Cessation As Employer/Template/Form 3 A - Cessation As Employer (Query)' (Root cause: Call Test Case 'Test Cases/Final Aug 2018 - PKS Automation/Registration Module/Workflow/Form 3 EIS - Cessation As Employer/Template/Form 3 A - Cessation As Employer (Query)' failed)

2018-11-25 04:24:02 - [TEST_CASE][FAILED] - Test Cases/Final Aug 2018 - PKS Automation/Registration Module/Workflow/Form 3 EIS - Cessation As Employer/Template/Form 3 A - Cessation As Employer (Query): Test Cases/Final Aug 2018 - PKS Automation/Registration Module/Workflow/Form 3 EIS - Cessation As Employer/Template/Form 3 A - Cessation As Employer (Query) FAILED because (of) (Stack trace: com.kms.katalon.core.exception.StepFailedException: Unable to click on object 'Object Repository/Final Object Repo/Landing Page/Select to English' (Root cause: com.kms.katalon.core.webui.exception.WebElementNotFoundException: Web element with id: 'Object Repository/Final Object Repo/Landing Page/Select to English' located by 'By.xpath: //a[@class = 'taglib-language-list-text' and @lang = 'en-US' and (contains(text(), 'EN') or contains(., 'EN'))]' not found)
	at com.kms.katalon.core.keyword.internal.KeywordMain.stepFailed(KeywordMain.groovy:32)
	at com.kms.katalon.core.webui.keyword.internal.WebUIKeywordMain.stepFailed(WebUIKeywordMain.groovy:65)
	at com.kms.katalon.core.webui.keyword.internal.WebUIKeywordMain.runKeyword(WebUIKeywordMain.groovy:27)
	at com.kms.katalon.core.webui.keyword.builtin.ClickKeyword.click(ClickKeyword.groovy:86)
	at com.kms.katalon.core.webui.keyword.builtin.ClickKeyword.execute(ClickKeyword.groovy:67)
	at com.kms.katalon.core.keyword.internal.KeywordExecutor.executeKeywordForPlatform(KeywordExecutor.groovy:53)
	at com.kms.katalon.core.webui.keyword.WebUiBuiltInKeywords.click(WebUiBuiltInKeywords.groovy:604)
	at com.kms.katalon.core.webui.keyword.WebUiBuiltInKeywords$click$9.call(Unknown Source)
	at org.codehaus.groovy.runtime.callsite.CallSiteArray.defaultCall(CallSiteArray.java:48)
	at org.codehaus.groovy.runtime.callsite.AbstractCallSite.call(AbstractCallSite.java:113)
	at org.codehaus.groovy.runtime.callsite.AbstractCallSite.call(AbstractCallSite.java:133)
	at Script1534407542420.run(Script1534407542420.groovy:57)
	at com.kms.katalon.core.main.ScriptEngine.run(ScriptEngine.java:183)
	at com.kms.katalon.core.main.ScriptEngine.runScriptAsRawText(ScriptEngine.java:108)
	at com.kms.katalon.core.main.TestCaseExecutor.runScript(TestCaseExecutor.java:294)
	at com.kms.katalon.core.main.TestCaseExecutor.doExecute(TestCaseExecutor.java:285)
	at com.kms.katalon.core.main.TestCaseExecutor.processExecutionPhase(TestCaseExecutor.java:264)
	at com.kms.katalon.core.main.TestCaseExecutor.accessMainPhase(TestCaseExecutor.java:256)
	at com.kms.katalon.core.main.TestCaseExecutor.execute(TestCaseExecutor.java:200)
	at com.kms.katalon.core.main.TestCaseMain.runTestCase(TestCaseMain.java:99)
	at com.kms.katalon.core.keyword.builtin.CallTestCaseKeyword$_callTestCase_closure1.doCall(CallTestCaseKeyword.groovy:60)
	at com.kms.katalon.core.keyword.builtin.CallTestCaseKeyword$_callTestCase_closure1.call(CallTestCaseKeyword.groovy)
	at com.kms.katalon.core.keyword.internal.KeywordMain.runKeyword(KeywordMain.groovy:54)
	at com.kms.katalon.core.keyword.builtin.CallTestCaseKeyword.callTestCase(CallTestCaseKeyword.groovy:81)
	at com.kms.katalon.core.keyword.builtin.CallTestCaseKeyword.execute(CallTestCaseKeyword.groovy:45)
	at com.kms.katalon.core.keyword.internal.KeywordExecutor.executeKeywordForPlatform(KeywordExecutor.groovy:53)
	at com.kms.katalon.core.keyword.BuiltinKeywords.callTestCase(BuiltinKeywords.groovy:334)
	at sun.reflect.NativeMethodAccessorImpl.invoke0(Native Method)
	at sun.reflect.NativeMethodAccessorImpl.invoke(NativeMethodAccessorImpl.java:62)
	at sun.reflect.DelegatingMethodAccessorImpl.invoke(DelegatingMethodAccessorImpl.java:43)
	at java.lang.reflect.Method.invoke(Method.java:498)
	at org.codehaus.groovy.reflection.CachedMethod.invoke(CachedMethod.java:93)
	at groovy.lang.MetaMethod.doMethodInvoke(MetaMethod.java:325)
	at groovy.lang.MetaClassImpl.invokeStaticMethod(MetaClassImpl.java:1469)
	at org.codehaus.groovy.runtime.callsite.StaticMetaClassSite.call(StaticMetaClassSite.java:53)
	at org.codehaus.groovy.runtime.callsite.CallSiteArray.defaultCall(CallSiteArray.java:48)
	at org.codehaus.groovy.runtime.callsite.AbstractCallSite.call(AbstractCallSite.java:113)
	at org.codehaus.groovy.runtime.callsite.AbstractCallSite.call(AbstractCallSite.java:141)
	at Script1536114876563.run(Script1536114876563.groovy:34)
	at com.kms.katalon.core.main.ScriptEngine.run(ScriptEngine.java:183)
	at com.kms.katalon.core.main.ScriptEngine.runScriptAsRawText(ScriptEngine.java:108)
	at com.kms.katalon.core.main.TestCaseExecutor.runScript(TestCaseExecutor.java:294)
	at com.kms.katalon.core.main.TestCaseExecutor.doExecute(TestCaseExecutor.java:285)
	at com.kms.katalon.core.main.TestCaseExecutor.processExecutionPhase(TestCaseExecutor.java:264)
	at com.kms.katalon.core.main.TestCaseExecutor.accessMainPhase(TestCaseExecutor.java:256)
	at com.kms.katalon.core.main.TestCaseExecutor.execute(TestCaseExecutor.java:200)
	at com.kms.katalon.core.main.TestCaseMain.runTestCase(TestCaseMain.java:99)
	at com.kms.katalon.core.keyword.builtin.CallTestCaseKeyword$_callTestCase_closure1.doCall(CallTestCaseKeyword.groovy:60)
	at com.kms.katalon.core.keyword.builtin.CallTestCaseKeyword$_callTestCase_closure1.call(CallTestCaseKeyword.groovy)
	at com.kms.katalon.core.keyword.internal.KeywordMain.runKeyword(KeywordMain.groovy:54)
	at com.kms.katalon.core.keyword.builtin.CallTestCaseKeyword.callTestCase(CallTestCaseKeyword.groovy:81)
	at com.kms.katalon.core.keyword.builtin.CallTestCaseKeyword.execute(CallTestCaseKeyword.groovy:45)
	at com.kms.katalon.core.keyword.internal.KeywordExecutor.executeKeywordForPlatform(KeywordExecutor.groovy:53)
	at com.kms.katalon.core.keyword.BuiltinKeywords.callTestCase(BuiltinKeywords.groovy:334)
	at sun.reflect.NativeMethodAccessorImpl.invoke0(Native Method)
	at sun.reflect.NativeMethodAccessorImpl.invoke(NativeMethodAccessorImpl.java:62)
	at sun.reflect.DelegatingMethodAccessorImpl.invoke(DelegatingMethodAccessorImpl.java:43)
	at java.lang.reflect.Method.invoke(Method.java:498)
	at org.codehaus.groovy.reflection.CachedMethod.invoke(CachedMethod.java:93)
	at groovy.lang.MetaMethod.doMethodInvoke(MetaMethod.java:325)
	at groovy.lang.MetaClassImpl.invokeStaticMethod(MetaClassImpl.java:1469)
	at org.codehaus.groovy.runtime.callsite.StaticMetaClassSite.call(StaticMetaClassSite.java:53)
	at org.codehaus.groovy.runtime.callsite.CallSiteArray.defaultCall(CallSiteArray.java:48)
	at org.codehaus.groovy.runtime.callsite.AbstractCallSite.call(AbstractCallSite.java:113)
	at org.codehaus.groovy.runtime.callsite.AbstractCallSite.call(AbstractCallSite.java:141)
	at Script1536733709462.run(Script1536733709462.groovy:25)
	at com.kms.katalon.core.main.ScriptEngine.run(ScriptEngine.java:183)
	at com.kms.katalon.core.main.ScriptEngine.runScriptAsRawText(ScriptEngine.java:108)
	at com.kms.katalon.core.main.TestCaseExecutor.runScript(TestCaseExecutor.java:294)
	at com.kms.katalon.core.main.TestCaseExecutor.doExecute(TestCaseExecutor.java:285)
	at com.kms.katalon.core.main.TestCaseExecutor.processExecutionPhase(TestCaseExecutor.java:264)
	at com.kms.katalon.core.main.TestCaseExecutor.accessMainPhase(TestCaseExecutor.java:256)
	at com.kms.katalon.core.main.TestCaseExecutor.execute(TestCaseExecutor.java:200)
	at com.kms.katalon.core.main.TestSuiteExecutor.accessTestCaseMainPhase(TestSuiteExecutor.java:129)
	at com.kms.katalon.core.main.TestSuiteExecutor.accessTestSuiteMainPhase(TestSuiteExecutor.java:112)
	at com.kms.katalon.core.main.TestSuiteExecutor.execute(TestSuiteExecutor.java:81)
	at com.kms.katalon.core.main.TestCaseMain.startTestSuite(TestCaseMain.java:142)
	at com.kms.katalon.core.main.TestCaseMain$startTestSuite$0.call(Unknown Source)
	at org.codehaus.groovy.runtime.callsite.CallSiteArray.defaultCall(CallSiteArray.java:48)
	at org.codehaus.groovy.runtime.callsite.AbstractCallSite.call(AbstractCallSite.java:113)
	at org.codehaus.groovy.runtime.callsite.AbstractCallSite.call(AbstractCallSite.java:141)
	at TempTestSuite1543076525234.run(TempTestSuite1543076525234.groovy:36)
	at groovy.lang.GroovyShell.runScriptOrMainOrTestOrRunnable(GroovyShell.java:263)
	at groovy.lang.GroovyShell.run(GroovyShell.java:518)
	at groovy.lang.GroovyShell.run(GroovyShell.java:507)
	at groovy.ui.GroovyMain.processOnce(GroovyMain.java:653)
	at groovy.ui.GroovyMain.run(GroovyMain.java:384)
	at groovy.ui.GroovyMain.process(GroovyMain.java:370)
	at groovy.ui.GroovyMain.processArgs(GroovyMain.java:129)
	at groovy.ui.GroovyMain.main(GroovyMain.java:109)
	at sun.reflect.NativeMethodAccessorImpl.invoke0(Native Method)
	at sun.reflect.NativeMethodAccessorImpl.invoke(NativeMethodAccessorImpl.java:62)
	at sun.reflect.DelegatingMethodAccessorImpl.invoke(DelegatingMethodAccessorImpl.java:43)
	at java.lang.reflect.Method.invoke(Method.java:498)
	at org.codehaus.groovy.tools.GroovyStarter.rootLoader(GroovyStarter.java:109)
	at org.codehaus.groovy.tools.GroovyStarter.main(GroovyStarter.java:131)
)

2018-11-25 04:24:02 - [TEST_STEP][NOT_RUN] - callTestCase: NOT_RUN: callTestCase

2018-11-25 04:24:02 - [MESSAGE][NOT_RUN] - NOT_RUN: callTestCase

2018-11-25 04:24:02 - [TEST_STEP][PASSED] - delay: Delayed 1 second(s)

2018-11-25 04:24:03 - [MESSAGE][PASSED] - Delayed 1 second(s)

2018-11-25 04:24:03 - [TEST_STEP][PASSED] - navigateToUrl: Navigate to 'https://assist2-uat.perkeso.gov.my/c/portal/logout' successfully

2018-11-25 04:24:04 - [MESSAGE][PASSED] - Navigate to 'https://assist2-uat.perkeso.gov.my/c/portal/logout' successfully

2018-11-25 04:24:04 - [TEST_STEP][PASSED] - delay: Delayed 1 second(s)

2018-11-25 04:24:05 - [MESSAGE][PASSED] - Delayed 1 second(s)

2018-11-25 04:24:05 - [TEST_STEP][PASSED] - callTestCase: Call Test Case 'Test Cases/Final Aug 2018 - PKS Automation/Common/Reference Number Getter' successfully

2018-11-25 04:24:05 - [TEST_CASE][PASSED] - Test Cases/Final Aug 2018 - PKS Automation/Common/Reference Number Getter: Test Cases/Final Aug 2018 - PKS Automation/Common/Reference Number Getter

2018-11-25 04:24:05 - [TEST_STEP][PASSED] - Statement - Try: null

2018-11-25 04:24:05 - [TEST_STEP][PASSED] - Statement - RefNo = new java.io.File(C://Users//Admin//Desktop//PKS//Automation Reference Point//KatalonReference.txt): null

2018-11-25 04:24:05 - [TEST_STEP][PASSED] - Statement - bufferread = new java.io.BufferedReader(new java.io.FileReader(RefNo)): null

2018-11-25 04:24:05 - [TEST_STEP][PASSED] - Statement - readedVal = bufferread.readLine(): null

2018-11-25 04:24:05 - [TEST_STEP][PASSED] - Statement - out.println(CaseReferenceNo): null

2018-11-25 04:24:05 - [TEST_STEP][PASSED] - Statement - out.println(readedVal): null

2018-11-25 04:24:05 - [TEST_STEP][PASSED] - Statement - CaseReferenceNo = "": null

2018-11-25 04:24:05 - [TEST_STEP][PASSED] - Statement - CaseReferenceNo = readedVal: null

2018-11-25 04:24:05 - [MESSAGE][PASSED] - Call Test Case 'Test Cases/Final Aug 2018 - PKS Automation/Common/Reference Number Getter' successfully

2018-11-25 04:24:05 - [TEST_STEP][FAILED] - callTestCase: Unable to call Test Case with id 'Test Cases/Final Aug 2018 - PKS Automation/Common/Workflow Owner Finder' (Root cause: Call Test Case 'Test Cases/Final Aug 2018 - PKS Automation/Common/Workflow Owner Finder' failed)

2018-11-25 04:24:05 - [TEST_CASE][FAILED] - Test Cases/Final Aug 2018 - PKS Automation/Common/Workflow Owner Finder: Test Cases/Final Aug 2018 - PKS Automation/Common/Workflow Owner Finder FAILED because (of) (Stack trace: com.kms.katalon.core.exception.StepFailedException: Unable to click on object 'Object Repository/Final Object Repo/Landing Page/Select to English' (Root cause: com.kms.katalon.core.webui.exception.WebElementNotFoundException: Web element with id: 'Object Repository/Final Object Repo/Landing Page/Select to English' located by 'By.xpath: //a[@class = 'taglib-language-list-text' and @lang = 'en-US' and (contains(text(), 'EN') or contains(., 'EN'))]' not found)
	at com.kms.katalon.core.keyword.internal.KeywordMain.stepFailed(KeywordMain.groovy:32)
	at com.kms.katalon.core.webui.keyword.internal.WebUIKeywordMain.stepFailed(WebUIKeywordMain.groovy:65)
	at com.kms.katalon.core.webui.keyword.internal.WebUIKeywordMain.runKeyword(WebUIKeywordMain.groovy:27)
	at com.kms.katalon.core.webui.keyword.builtin.ClickKeyword.click(ClickKeyword.groovy:86)
	at com.kms.katalon.core.webui.keyword.builtin.ClickKeyword.execute(ClickKeyword.groovy:67)
	at com.kms.katalon.core.keyword.internal.KeywordExecutor.executeKeywordForPlatform(KeywordExecutor.groovy:53)
	at com.kms.katalon.core.webui.keyword.WebUiBuiltInKeywords.click(WebUiBuiltInKeywords.groovy:604)
	at com.kms.katalon.core.webui.keyword.WebUiBuiltInKeywords$click$9.call(Unknown Source)
	at org.codehaus.groovy.runtime.callsite.CallSiteArray.defaultCall(CallSiteArray.java:48)
	at org.codehaus.groovy.runtime.callsite.AbstractCallSite.call(AbstractCallSite.java:113)
	at org.codehaus.groovy.runtime.callsite.AbstractCallSite.call(AbstractCallSite.java:133)
	at Script1534407542420.run(Script1534407542420.groovy:57)
	at com.kms.katalon.core.main.ScriptEngine.run(ScriptEngine.java:183)
	at com.kms.katalon.core.main.ScriptEngine.runScriptAsRawText(ScriptEngine.java:108)
	at com.kms.katalon.core.main.TestCaseExecutor.runScript(TestCaseExecutor.java:294)
	at com.kms.katalon.core.main.TestCaseExecutor.doExecute(TestCaseExecutor.java:285)
	at com.kms.katalon.core.main.TestCaseExecutor.processExecutionPhase(TestCaseExecutor.java:264)
	at com.kms.katalon.core.main.TestCaseExecutor.accessMainPhase(TestCaseExecutor.java:256)
	at com.kms.katalon.core.main.TestCaseExecutor.execute(TestCaseExecutor.java:200)
	at com.kms.katalon.core.main.TestCaseMain.runTestCase(TestCaseMain.java:99)
	at com.kms.katalon.core.keyword.builtin.CallTestCaseKeyword$_callTestCase_closure1.doCall(CallTestCaseKeyword.groovy:60)
	at com.kms.katalon.core.keyword.builtin.CallTestCaseKeyword$_callTestCase_closure1.call(CallTestCaseKeyword.groovy)
	at com.kms.katalon.core.keyword.internal.KeywordMain.runKeyword(KeywordMain.groovy:54)
	at com.kms.katalon.core.keyword.builtin.CallTestCaseKeyword.callTestCase(CallTestCaseKeyword.groovy:81)
	at com.kms.katalon.core.keyword.builtin.CallTestCaseKeyword.execute(CallTestCaseKeyword.groovy:45)
	at com.kms.katalon.core.keyword.internal.KeywordExecutor.executeKeywordForPlatform(KeywordExecutor.groovy:53)
	at com.kms.katalon.core.keyword.BuiltinKeywords.callTestCase(BuiltinKeywords.groovy:334)
	at sun.reflect.NativeMethodAccessorImpl.invoke0(Native Method)
	at sun.reflect.NativeMethodAccessorImpl.invoke(NativeMethodAccessorImpl.java:62)
	at sun.reflect.DelegatingMethodAccessorImpl.invoke(DelegatingMethodAccessorImpl.java:43)
	at java.lang.reflect.Method.invoke(Method.java:498)
	at org.codehaus.groovy.reflection.CachedMethod.invoke(CachedMethod.java:93)
	at groovy.lang.MetaMethod.doMethodInvoke(MetaMethod.java:325)
	at groovy.lang.MetaClassImpl.invokeStaticMethod(MetaClassImpl.java:1469)
	at org.codehaus.groovy.runtime.callsite.StaticMetaClassSite.call(StaticMetaClassSite.java:53)
	at org.codehaus.groovy.runtime.callsite.CallSiteArray.defaultCall(CallSiteArray.java:48)
	at org.codehaus.groovy.runtime.callsite.AbstractCallSite.call(AbstractCallSite.java:113)
	at org.codehaus.groovy.runtime.callsite.AbstractCallSite.call(AbstractCallSite.java:141)
	at Script1536114876563.run(Script1536114876563.groovy:34)
	at com.kms.katalon.core.main.ScriptEngine.run(ScriptEngine.java:183)
	at com.kms.katalon.core.main.ScriptEngine.runScriptAsRawText(ScriptEngine.java:108)
	at com.kms.katalon.core.main.TestCaseExecutor.runScript(TestCaseExecutor.java:294)
	at com.kms.katalon.core.main.TestCaseExecutor.doExecute(TestCaseExecutor.java:285)
	at com.kms.katalon.core.main.TestCaseExecutor.processExecutionPhase(TestCaseExecutor.java:264)
	at com.kms.katalon.core.main.TestCaseExecutor.accessMainPhase(TestCaseExecutor.java:256)
	at com.kms.katalon.core.main.TestCaseExecutor.execute(TestCaseExecutor.java:200)
	at com.kms.katalon.core.main.TestCaseMain.runTestCase(TestCaseMain.java:99)
	at com.kms.katalon.core.keyword.builtin.CallTestCaseKeyword$_callTestCase_closure1.doCall(CallTestCaseKeyword.groovy:60)
	at com.kms.katalon.core.keyword.builtin.CallTestCaseKeyword$_callTestCase_closure1.call(CallTestCaseKeyword.groovy)
	at com.kms.katalon.core.keyword.internal.KeywordMain.runKeyword(KeywordMain.groovy:54)
	at com.kms.katalon.core.keyword.builtin.CallTestCaseKeyword.callTestCase(CallTestCaseKeyword.groovy:81)
	at com.kms.katalon.core.keyword.builtin.CallTestCaseKeyword.execute(CallTestCaseKeyword.groovy:45)
	at com.kms.katalon.core.keyword.internal.KeywordExecutor.executeKeywordForPlatform(KeywordExecutor.groovy:53)
	at com.kms.katalon.core.keyword.BuiltinKeywords.callTestCase(BuiltinKeywords.groovy:334)
	at sun.reflect.NativeMethodAccessorImpl.invoke0(Native Method)
	at sun.reflect.NativeMethodAccessorImpl.invoke(NativeMethodAccessorImpl.java:62)
	at sun.reflect.DelegatingMethodAccessorImpl.invoke(DelegatingMethodAccessorImpl.java:43)
	at java.lang.reflect.Method.invoke(Method.java:498)
	at org.codehaus.groovy.reflection.CachedMethod.invoke(CachedMethod.java:93)
	at groovy.lang.MetaMethod.doMethodInvoke(MetaMethod.java:325)
	at groovy.lang.MetaClassImpl.invokeStaticMethod(MetaClassImpl.java:1469)
	at org.codehaus.groovy.runtime.callsite.StaticMetaClassSite.call(StaticMetaClassSite.java:53)
	at org.codehaus.groovy.runtime.callsite.CallSiteArray.defaultCall(CallSiteArray.java:48)
	at org.codehaus.groovy.runtime.callsite.AbstractCallSite.call(AbstractCallSite.java:113)
	at org.codehaus.groovy.runtime.callsite.AbstractCallSite.call(AbstractCallSite.java:141)
	at Script1536733709462.run(Script1536733709462.groovy:25)
	at com.kms.katalon.core.main.ScriptEngine.run(ScriptEngine.java:183)
	at com.kms.katalon.core.main.ScriptEngine.runScriptAsRawText(ScriptEngine.java:108)
	at com.kms.katalon.core.main.TestCaseExecutor.runScript(TestCaseExecutor.java:294)
	at com.kms.katalon.core.main.TestCaseExecutor.doExecute(TestCaseExecutor.java:285)
	at com.kms.katalon.core.main.TestCaseExecutor.processExecutionPhase(TestCaseExecutor.java:264)
	at com.kms.katalon.core.main.TestCaseExecutor.accessMainPhase(TestCaseExecutor.java:256)
	at com.kms.katalon.core.main.TestCaseExecutor.execute(TestCaseExecutor.java:200)
	at com.kms.katalon.core.main.TestSuiteExecutor.accessTestCaseMainPhase(TestSuiteExecutor.java:129)
	at com.kms.katalon.core.main.TestSuiteExecutor.accessTestSuiteMainPhase(TestSuiteExecutor.java:112)
	at com.kms.katalon.core.main.TestSuiteExecutor.execute(TestSuiteExecutor.java:81)
	at com.kms.katalon.core.main.TestCaseMain.startTestSuite(TestCaseMain.java:142)
	at com.kms.katalon.core.main.TestCaseMain$startTestSuite$0.call(Unknown Source)
	at org.codehaus.groovy.runtime.callsite.CallSiteArray.defaultCall(CallSiteArray.java:48)
	at org.codehaus.groovy.runtime.callsite.AbstractCallSite.call(AbstractCallSite.java:113)
	at org.codehaus.groovy.runtime.callsite.AbstractCallSite.call(AbstractCallSite.java:141)
	at TempTestSuite1543076525234.run(TempTestSuite1543076525234.groovy:36)
	at groovy.lang.GroovyShell.runScriptOrMainOrTestOrRunnable(GroovyShell.java:263)
	at groovy.lang.GroovyShell.run(GroovyShell.java:518)
	at groovy.lang.GroovyShell.run(GroovyShell.java:507)
	at groovy.ui.GroovyMain.processOnce(GroovyMain.java:653)
	at groovy.ui.GroovyMain.run(GroovyMain.java:384)
	at groovy.ui.GroovyMain.process(GroovyMain.java:370)
	at groovy.ui.GroovyMain.processArgs(GroovyMain.java:129)
	at groovy.ui.GroovyMain.main(GroovyMain.java:109)
	at sun.reflect.NativeMethodAccessorImpl.invoke0(Native Method)
	at sun.reflect.NativeMethodAccessorImpl.invoke(NativeMethodAccessorImpl.java:62)
	at sun.reflect.DelegatingMethodAccessorImpl.invoke(DelegatingMethodAccessorImpl.java:43)
	at java.lang.reflect.Method.invoke(Method.java:498)
	at org.codehaus.groovy.tools.GroovyStarter.rootLoader(GroovyStarter.java:109)
	at org.codehaus.groovy.tools.GroovyStarter.main(GroovyStarter.java:131)
)

2018-11-25 04:24:06 - [TEST_STEP][PASSED] - openBrowser: Browser is opened with url: ''

2018-11-25 04:24:06 - [MESSAGE][WARNING] - A browser is already opened. Closing browser and opening a new one

2018-11-25 04:24:09 - [MESSAGE][PASSED] - Browser is opened with url: ''

2018-11-25 04:24:09 - [TEST_STEP][PASSED] - navigateToUrl: Navigate to 'https://assist2-uat.perkeso.gov.my/login' successfully

2018-11-25 04:24:10 - [MESSAGE][PASSED] - Navigate to 'https://assist2-uat.perkeso.gov.my/login' successfully

2018-11-25 04:24:10 - [TEST_STEP][PASSED] - delay: Delayed 5 second(s)

2018-11-25 04:24:15 - [MESSAGE][PASSED] - Delayed 5 second(s)

2018-11-25 04:24:15 - [TEST_STEP][PASSED] - setText: Text 'test@liferay.com' is set on object 'Object Repository/Final Object Repo/Login Page/Internal User/Email Address'

2018-11-25 04:24:16 - [MESSAGE][PASSED] - Text 'test@liferay.com' is set on object 'Object Repository/Final Object Repo/Login Page/Internal User/Email Address'

2018-11-25 04:24:16 - [TEST_STEP][PASSED] - click: Object: 'Object Repository/Final Object Repo/Login Page/Internal User/Next Button' is clicked on

2018-11-25 04:24:16 - [MESSAGE][PASSED] - Object: 'Object Repository/Final Object Repo/Login Page/Internal User/Next Button' is clicked on

2018-11-25 04:24:16 - [TEST_STEP][PASSED] - delay: Delayed 2 second(s)

2018-11-25 04:24:18 - [MESSAGE][PASSED] - Delayed 2 second(s)

2018-11-25 04:24:18 - [TEST_STEP][PASSED] - setText: Text 'test' is set on object 'Object Repository/Final Object Repo/Login Page/Internal User/Password'

2018-11-25 04:24:18 - [MESSAGE][PASSED] - Text 'test' is set on object 'Object Repository/Final Object Repo/Login Page/Internal User/Password'

2018-11-25 04:24:18 - [TEST_STEP][PASSED] - delay: Delayed 2 second(s)

2018-11-25 04:24:20 - [MESSAGE][PASSED] - Delayed 2 second(s)

2018-11-25 04:24:20 - [TEST_STEP][PASSED] - click: Object: 'Object Repository/Final Object Repo/Login Page/Internal User/Login Button' is clicked on

2018-11-25 04:24:20 - [MESSAGE][PASSED] - Object: 'Object Repository/Final Object Repo/Login Page/Internal User/Login Button' is clicked on

2018-11-25 04:24:20 - [TEST_STEP][FAILED] - Statement - Try: Delayed 2 second(s)

2018-11-25 04:24:20 - [TEST_STEP][PASSED] - Statement - Checker = false: null

2018-11-25 04:24:20 - [TEST_STEP][PASSED] - Statement - Checker = com.kms.katalon.core.webui.keyword.WebUiBuiltInKeywords.verifyElementHasAttribute(com.kms.katalon.core.testobject.ObjectRepository.findTestObject(Final Object Repo/Landing Page/BM Detecting), "href", 20, OPTIONAL): Unable to verify if object 'Object Repository/Final Object Repo/Landing Page/BM Detecting' has attribute 'href' (Root cause: org.openqa.selenium.StaleElementReferenceException: stale element reference: element is not attached to the page document
  (Session info: chrome=70.0.3538.102)
  (Driver info: chromedriver=2.43.600210 (68dcf5eebde37173d4027fa8635e332711d2874a),platform=Windows NT 6.1.7601 SP1 x86_64) (WARNING: The server did not provide any stacktrace information)
Command duration or timeout: 0 milliseconds
For documentation on this error, please visit: http://seleniumhq.org/exceptions/stale_element_reference.html
Build info: version: '3.7.1', revision: '8a0099a', time: '2017-11-06T21:07:36.161Z'
System info: host: 'WIN7TEST02', ip: '10.20.3.72', os.name: 'Windows 7', os.arch: 'amd64', os.version: '6.1', java.version: '1.8.0_181'
Driver info: com.kms.katalon.selenium.driver.CChromeDriver
Capabilities {acceptInsecureCerts: false, acceptSslCerts: false, applicationCacheEnabled: false, browserConnectionEnabled: false, browserName: chrome, chrome: {chromedriverVersion: 2.43.600210 (68dcf5eebde371..., userDataDir: C:\Users\Admin\AppData\Loca...}, cssSelectorsEnabled: true, databaseEnabled: false, goog:chromeOptions: {debuggerAddress: localhost:53237}, handlesAlerts: true, hasTouchScreen: false, javascriptEnabled: true, locationContextEnabled: true, mobileEmulationEnabled: false, nativeEvents: true, networkConnectionEnabled: false, pageLoadStrategy: normal, platform: XP, platformName: XP, rotatable: false, setWindowRect: true, takesHeapSnapshot: true, takesScreenshot: true, unexpectedAlertBehaviour: , unhandledPromptBehavior: , version: 70.0.3538.102, webStorageEnabled: true}
Session ID: b448d001bf49347ecc1d18f06fea0999)

2018-11-25 04:24:22 - [MESSAGE][WARNING] - Unable to verify if object 'Object Repository/Final Object Repo/Landing Page/BM Detecting' has attribute 'href' (Root cause: org.openqa.selenium.StaleElementReferenceException: stale element reference: element is not attached to the page document
  (Session info: chrome=70.0.3538.102)
  (Driver info: chromedriver=2.43.600210 (68dcf5eebde37173d4027fa8635e332711d2874a),platform=Windows NT 6.1.7601 SP1 x86_64) (WARNING: The server did not provide any stacktrace information)
Command duration or timeout: 0 milliseconds
For documentation on this error, please visit: http://seleniumhq.org/exceptions/stale_element_reference.html
Build info: version: '3.7.1', revision: '8a0099a', time: '2017-11-06T21:07:36.161Z'
System info: host: 'WIN7TEST02', ip: '10.20.3.72', os.name: 'Windows 7', os.arch: 'amd64', os.version: '6.1', java.version: '1.8.0_181'
Driver info: com.kms.katalon.selenium.driver.CChromeDriver
Capabilities {acceptInsecureCerts: false, acceptSslCerts: false, applicationCacheEnabled: false, browserConnectionEnabled: false, browserName: chrome, chrome: {chromedriverVersion: 2.43.600210 (68dcf5eebde371..., userDataDir: C:\Users\Admin\AppData\Loca...}, cssSelectorsEnabled: true, databaseEnabled: false, goog:chromeOptions: {debuggerAddress: localhost:53237}, handlesAlerts: true, hasTouchScreen: false, javascriptEnabled: true, locationContextEnabled: true, mobileEmulationEnabled: false, nativeEvents: true, networkConnectionEnabled: false, pageLoadStrategy: normal, platform: XP, platformName: XP, rotatable: false, setWindowRect: true, takesHeapSnapshot: true, takesScreenshot: true, unexpectedAlertBehaviour: , unhandledPromptBehavior: , version: 70.0.3538.102, webStorageEnabled: true}
Session ID: b448d001bf49347ecc1d18f06fea0999)
[[ATTACHMENT|C:\\Users\\Admin\\Desktop\\PKS\\Perkeso Phase A\\Reports\\Workflow\\Form 3 EIS - Cessation as Employer\\20181125_002205\\1543091062610.png]]

2018-11-25 04:24:22 - [TEST_STEP][PASSED] - Statement - out.println(Checker): null

2018-11-25 04:24:22 - [TEST_STEP][FAILED] - Statement - If (Checker == false): Unable to click on object 'Object Repository/Final Object Repo/Landing Page/Select to English' (Root cause: com.kms.katalon.core.webui.exception.WebElementNotFoundException: Web element with id: 'Object Repository/Final Object Repo/Landing Page/Select to English' located by 'By.xpath: //a[@class = 'taglib-language-list-text' and @lang = 'en-US' and (contains(text(), 'EN') or contains(., 'EN'))]' not found)

2018-11-25 04:24:22 - [TEST_STEP][FAILED] - click: Unable to click on object 'Object Repository/Final Object Repo/Landing Page/Select to English' (Root cause: com.kms.katalon.core.webui.exception.WebElementNotFoundException: Web element with id: 'Object Repository/Final Object Repo/Landing Page/Select to English' located by 'By.xpath: //a[@class = 'taglib-language-list-text' and @lang = 'en-US' and (contains(text(), 'EN') or contains(., 'EN'))]' not found)

2018-11-25 04:25:00 - [MESSAGE][FAILED] - Unable to click on object 'Object Repository/Final Object Repo/Landing Page/Select to English' (Root cause: com.kms.katalon.core.webui.exception.WebElementNotFoundException: Web element with id: 'Object Repository/Final Object Repo/Landing Page/Select to English' located by 'By.xpath: //a[@class = 'taglib-language-list-text' and @lang = 'en-US' and (contains(text(), 'EN') or contains(., 'EN'))]' not found)
[[ATTACHMENT|C:\\Users\\Admin\\Desktop\\PKS\\Perkeso Phase A\\Reports\\Workflow\\Form 3 EIS - Cessation as Employer\\20181125_002205\\1543091100466.png]]

2018-11-25 04:25:00 - [TEST_STEP][PASSED] - delay: Delayed 2 second(s)

2018-11-25 04:25:02 - [MESSAGE][PASSED] - Delayed 2 second(s)

2018-11-25 04:25:02 - [TEST_STEP][PASSED] - delay: Delayed 3 second(s)

2018-11-25 04:25:05 - [MESSAGE][PASSED] - Delayed 3 second(s)

2018-11-25 04:25:05 - [TEST_STEP][PASSED] - mouseOver: Object: 'Object Repository/Final Object Repo/Landing Page/WorkFlow Menu' is hovered

2018-11-25 04:25:05 - [MESSAGE][PASSED] - Object: 'Object Repository/Final Object Repo/Landing Page/WorkFlow Menu' is hovered

2018-11-25 04:25:05 - [TEST_STEP][PASSED] - delay: Delayed 2 second(s)

2018-11-25 04:25:07 - [MESSAGE][PASSED] - Delayed 2 second(s)

2018-11-25 04:25:07 - [TEST_STEP][FAILED] - click: Unable to click on object 'Object Repository/Final Object Repo/Landing Page/Select to Workflow Listing' (Root cause: org.openqa.selenium.ElementNotVisibleException: element not interactable
  (Session info: chrome=70.0.3538.102)
  (Driver info: chromedriver=2.43.600210 (68dcf5eebde37173d4027fa8635e332711d2874a),platform=Windows NT 6.1.7601 SP1 x86_64) (WARNING: The server did not provide any stacktrace information)
Command duration or timeout: 0 milliseconds
Build info: version: '3.7.1', revision: '8a0099a', time: '2017-11-06T21:07:36.161Z'
System info: host: 'WIN7TEST02', ip: '10.20.3.72', os.name: 'Windows 7', os.arch: 'amd64', os.version: '6.1', java.version: '1.8.0_181'
Driver info: com.kms.katalon.selenium.driver.CChromeDriver
Capabilities {acceptInsecureCerts: false, acceptSslCerts: false, applicationCacheEnabled: false, browserConnectionEnabled: false, browserName: chrome, chrome: {chromedriverVersion: 2.43.600210 (68dcf5eebde371..., userDataDir: C:\Users\Admin\AppData\Loca...}, cssSelectorsEnabled: true, databaseEnabled: false, goog:chromeOptions: {debuggerAddress: localhost:53237}, handlesAlerts: true, hasTouchScreen: false, javascriptEnabled: true, locationContextEnabled: true, mobileEmulationEnabled: false, nativeEvents: true, networkConnectionEnabled: false, pageLoadStrategy: normal, platform: XP, platformName: XP, rotatable: false, setWindowRect: true, takesHeapSnapshot: true, takesScreenshot: true, unexpectedAlertBehaviour: , unhandledPromptBehavior: , version: 70.0.3538.102, webStorageEnabled: true}
Session ID: b448d001bf49347ecc1d18f06fea0999)

2018-11-25 04:25:08 - [MESSAGE][FAILED] - Unable to click on object 'Object Repository/Final Object Repo/Landing Page/Select to Workflow Listing' (Root cause: org.openqa.selenium.ElementNotVisibleException: element not interactable
  (Session info: chrome=70.0.3538.102)
  (Driver info: chromedriver=2.43.600210 (68dcf5eebde37173d4027fa8635e332711d2874a),platform=Windows NT 6.1.7601 SP1 x86_64) (WARNING: The server did not provide any stacktrace information)
Command duration or timeout: 0 milliseconds
Build info: version: '3.7.1', revision: '8a0099a', time: '2017-11-06T21:07:36.161Z'
System info: host: 'WIN7TEST02', ip: '10.20.3.72', os.name: 'Windows 7', os.arch: 'amd64', os.version: '6.1', java.version: '1.8.0_181'
Driver info: com.kms.katalon.selenium.driver.CChromeDriver
Capabilities {acceptInsecureCerts: false, acceptSslCerts: false, applicationCacheEnabled: false, browserConnectionEnabled: false, browserName: chrome, chrome: {chromedriverVersion: 2.43.600210 (68dcf5eebde371..., userDataDir: C:\Users\Admin\AppData\Loca...}, cssSelectorsEnabled: true, databaseEnabled: false, goog:chromeOptions: {debuggerAddress: localhost:53237}, handlesAlerts: true, hasTouchScreen: false, javascriptEnabled: true, locationContextEnabled: true, mobileEmulationEnabled: false, nativeEvents: true, networkConnectionEnabled: false, pageLoadStrategy: normal, platform: XP, platformName: XP, rotatable: false, setWindowRect: true, takesHeapSnapshot: true, takesScreenshot: true, unexpectedAlertBehaviour: , unhandledPromptBehavior: , version: 70.0.3538.102, webStorageEnabled: true}
Session ID: b448d001bf49347ecc1d18f06fea0999)
[[ATTACHMENT|C:\\Users\\Admin\\Desktop\\PKS\\Perkeso Phase A\\Reports\\Workflow\\Form 3 EIS - Cessation as Employer\\20181125_002205\\1543091108037.png]]

2018-11-25 04:25:08 - [TEST_STEP][PASSED] - delay: Delayed 2 second(s)

2018-11-25 04:25:10 - [MESSAGE][PASSED] - Delayed 2 second(s)

2018-11-25 04:25:10 - [TEST_STEP][FAILED] - click: Unable to click on object 'Object Repository/Final Object Repo/WorkFlow Listing Page/Search Information - To Put Ref No' (Root cause: com.kms.katalon.core.webui.exception.WebElementNotFoundException: Web element with id: 'Object Repository/Final Object Repo/WorkFlow Listing Page/Search Information - To Put Ref No' located by 'By.xpath: //h2[@data-target = '#_workflowlisting_WAR_baseportlet_searchDiv' and (text() = 'Search Information' or . = 'Search Information')]' not found)

2018-11-25 04:25:41 - [MESSAGE][FAILED] - Unable to click on object 'Object Repository/Final Object Repo/WorkFlow Listing Page/Search Information - To Put Ref No' (Root cause: com.kms.katalon.core.webui.exception.WebElementNotFoundException: Web element with id: 'Object Repository/Final Object Repo/WorkFlow Listing Page/Search Information - To Put Ref No' located by 'By.xpath: //h2[@data-target = '#_workflowlisting_WAR_baseportlet_searchDiv' and (text() = 'Search Information' or . = 'Search Information')]' not found)
[[ATTACHMENT|C:\\Users\\Admin\\Desktop\\PKS\\Perkeso Phase A\\Reports\\Workflow\\Form 3 EIS - Cessation as Employer\\20181125_002205\\1543091141638.png]]

2018-11-25 04:25:41 - [TEST_STEP][PASSED] - delay: Delayed 2 second(s)

2018-11-25 04:25:43 - [MESSAGE][PASSED] - Delayed 2 second(s)

2018-11-25 04:25:43 - [TEST_STEP][PASSED] - callTestCase: Call Test Case 'Test Cases/Final Aug 2018 - PKS Automation/Common/Reference Number Getter' successfully

2018-11-25 04:25:44 - [TEST_CASE][PASSED] - Test Cases/Final Aug 2018 - PKS Automation/Common/Reference Number Getter: Test Cases/Final Aug 2018 - PKS Automation/Common/Reference Number Getter

2018-11-25 04:25:44 - [TEST_STEP][PASSED] - Statement - Try: null

2018-11-25 04:25:44 - [TEST_STEP][PASSED] - Statement - RefNo = new java.io.File(C://Users//Admin//Desktop//PKS//Automation Reference Point//KatalonReference.txt): null

2018-11-25 04:25:44 - [TEST_STEP][PASSED] - Statement - bufferread = new java.io.BufferedReader(new java.io.FileReader(RefNo)): null

2018-11-25 04:25:44 - [TEST_STEP][PASSED] - Statement - readedVal = bufferread.readLine(): null

2018-11-25 04:25:44 - [TEST_STEP][PASSED] - Statement - out.println(CaseReferenceNo): null

2018-11-25 04:25:44 - [TEST_STEP][PASSED] - Statement - out.println(readedVal): null

2018-11-25 04:25:44 - [TEST_STEP][PASSED] - Statement - CaseReferenceNo = "": null

2018-11-25 04:25:44 - [TEST_STEP][PASSED] - Statement - CaseReferenceNo = readedVal: null

2018-11-25 04:25:44 - [MESSAGE][PASSED] - Call Test Case 'Test Cases/Final Aug 2018 - PKS Automation/Common/Reference Number Getter' successfully

2018-11-25 04:25:44 - [TEST_STEP][FAILED] - setText: Unable to set text 'ERN112018C200002278' of object 'Object Repository/Final Object Repo/WorkFlow Listing Page/Ref No Set Text' (Root cause: com.kms.katalon.core.webui.exception.WebElementNotFoundException: Web element with id: 'Object Repository/Final Object Repo/WorkFlow Listing Page/Ref No Set Text' located by 'By.xpath: //input[@id = '_workflowlisting_WAR_baseportlet_dto.trxReferenceNum' and @name = '_workflowlisting_WAR_baseportlet_dto.trxReferenceNum' and @type = 'text']' not found)

2018-11-25 04:26:16 - [MESSAGE][FAILED] - Unable to set text 'ERN112018C200002278' of object 'Object Repository/Final Object Repo/WorkFlow Listing Page/Ref No Set Text' (Root cause: com.kms.katalon.core.webui.exception.WebElementNotFoundException: Web element with id: 'Object Repository/Final Object Repo/WorkFlow Listing Page/Ref No Set Text' located by 'By.xpath: //input[@id = '_workflowlisting_WAR_baseportlet_dto.trxReferenceNum' and @name = '_workflowlisting_WAR_baseportlet_dto.trxReferenceNum' and @type = 'text']' not found)
[[ATTACHMENT|C:\\Users\\Admin\\Desktop\\PKS\\Perkeso Phase A\\Reports\\Workflow\\Form 3 EIS - Cessation as Employer\\20181125_002205\\1543091175771.png]]

2018-11-25 04:26:16 - [TEST_STEP][PASSED] - delay: Delayed 2 second(s)

2018-11-25 04:26:18 - [MESSAGE][PASSED] - Delayed 2 second(s)

2018-11-25 04:26:18 - [TEST_STEP][FAILED] - click: Unable to click on object 'Object Repository/Final Object Repo/WorkFlow Listing Page/Search Ref No Search Button' (Root cause: org.openqa.selenium.ElementNotVisibleException: element not interactable
  (Session info: chrome=70.0.3538.102)
  (Driver info: chromedriver=2.43.600210 (68dcf5eebde37173d4027fa8635e332711d2874a),platform=Windows NT 6.1.7601 SP1 x86_64) (WARNING: The server did not provide any stacktrace information)
Command duration or timeout: 0 milliseconds
Build info: version: '3.7.1', revision: '8a0099a', time: '2017-11-06T21:07:36.161Z'
System info: host: 'WIN7TEST02', ip: '10.20.3.72', os.name: 'Windows 7', os.arch: 'amd64', os.version: '6.1', java.version: '1.8.0_181'
Driver info: com.kms.katalon.selenium.driver.CChromeDriver
Capabilities {acceptInsecureCerts: false, acceptSslCerts: false, applicationCacheEnabled: false, browserConnectionEnabled: false, browserName: chrome, chrome: {chromedriverVersion: 2.43.600210 (68dcf5eebde371..., userDataDir: C:\Users\Admin\AppData\Loca...}, cssSelectorsEnabled: true, databaseEnabled: false, goog:chromeOptions: {debuggerAddress: localhost:53237}, handlesAlerts: true, hasTouchScreen: false, javascriptEnabled: true, locationContextEnabled: true, mobileEmulationEnabled: false, nativeEvents: true, networkConnectionEnabled: false, pageLoadStrategy: normal, platform: XP, platformName: XP, rotatable: false, setWindowRect: true, takesHeapSnapshot: true, takesScreenshot: true, unexpectedAlertBehaviour: , unhandledPromptBehavior: , version: 70.0.3538.102, webStorageEnabled: true}
Session ID: b448d001bf49347ecc1d18f06fea0999)

2018-11-25 04:26:18 - [MESSAGE][FAILED] - Unable to click on object 'Object Repository/Final Object Repo/WorkFlow Listing Page/Search Ref No Search Button' (Root cause: org.openqa.selenium.ElementNotVisibleException: element not interactable
  (Session info: chrome=70.0.3538.102)
  (Driver info: chromedriver=2.43.600210 (68dcf5eebde37173d4027fa8635e332711d2874a),platform=Windows NT 6.1.7601 SP1 x86_64) (WARNING: The server did not provide any stacktrace information)
Command duration or timeout: 0 milliseconds
Build info: version: '3.7.1', revision: '8a0099a', time: '2017-11-06T21:07:36.161Z'
System info: host: 'WIN7TEST02', ip: '10.20.3.72', os.name: 'Windows 7', os.arch: 'amd64', os.version: '6.1', java.version: '1.8.0_181'
Driver info: com.kms.katalon.selenium.driver.CChromeDriver
Capabilities {acceptInsecureCerts: false, acceptSslCerts: false, applicationCacheEnabled: false, browserConnectionEnabled: false, browserName: chrome, chrome: {chromedriverVersion: 2.43.600210 (68dcf5eebde371..., userDataDir: C:\Users\Admin\AppData\Loca...}, cssSelectorsEnabled: true, databaseEnabled: false, goog:chromeOptions: {debuggerAddress: localhost:53237}, handlesAlerts: true, hasTouchScreen: false, javascriptEnabled: true, locationContextEnabled: true, mobileEmulationEnabled: false, nativeEvents: true, networkConnectionEnabled: false, pageLoadStrategy: normal, platform: XP, platformName: XP, rotatable: false, setWindowRect: true, takesHeapSnapshot: true, takesScreenshot: true, unexpectedAlertBehaviour: , unhandledPromptBehavior: , version: 70.0.3538.102, webStorageEnabled: true}
Session ID: b448d001bf49347ecc1d18f06fea0999)
[[ATTACHMENT|C:\\Users\\Admin\\Desktop\\PKS\\Perkeso Phase A\\Reports\\Workflow\\Form 3 EIS - Cessation as Employer\\20181125_002205\\1543091178195.png]]

2018-11-25 04:26:18 - [TEST_STEP][PASSED] - delay: Delayed 4 second(s)

2018-11-25 04:26:22 - [MESSAGE][PASSED] - Delayed 4 second(s)

2018-11-25 04:26:22 - [TEST_STEP][PASSED] - click: Object: 'Object Repository/Final Object Repo/WorkFlow Listing Page/Click Continue Tooltip' is clicked on

2018-11-25 04:26:23 - [MESSAGE][PASSED] - Object: 'Object Repository/Final Object Repo/WorkFlow Listing Page/Click Continue Tooltip' is clicked on

2018-11-25 04:26:23 - [TEST_STEP][PASSED] - delay: Delayed 5 second(s)

2018-11-25 04:26:28 - [MESSAGE][PASSED] - Delayed 5 second(s)

2018-11-25 04:26:28 - [TEST_STEP][FAILED] - doubleClick: Unable to double click on object 'Object Repository/Final Object Repo/WorkFlow Listing Page/Workflow Found - Listing 1' (Root cause: com.kms.katalon.core.webui.exception.WebElementNotFoundException: Web element with id: 'Object Repository/Final Object Repo/WorkFlow Listing Page/Workflow Found - Listing 1' located by 'By.xpath: //body/div/div/div/div/div/div/div/div/div/div/div/div/div/div/div/div/table/tbody/tr/td[@class='table-cell  first']/following-sibling::td[1]' not found)

2018-11-25 04:27:00 - [MESSAGE][FAILED] - Unable to double click on object 'Object Repository/Final Object Repo/WorkFlow Listing Page/Workflow Found - Listing 1' (Root cause: com.kms.katalon.core.webui.exception.WebElementNotFoundException: Web element with id: 'Object Repository/Final Object Repo/WorkFlow Listing Page/Workflow Found - Listing 1' located by 'By.xpath: //body/div/div/div/div/div/div/div/div/div/div/div/div/div/div/div/div/table/tbody/tr/td[@class='table-cell  first']/following-sibling::td[1]' not found)
[[ATTACHMENT|C:\\Users\\Admin\\Desktop\\PKS\\Perkeso Phase A\\Reports\\Workflow\\Form 3 EIS - Cessation as Employer\\20181125_002205\\1543091220024.png]]

2018-11-25 04:27:00 - [MESSAGE][FAILED] - Unable to call Test Case with id 'Test Cases/Final Aug 2018 - PKS Automation/Common/Workflow Owner Finder' (Root cause: Call Test Case 'Test Cases/Final Aug 2018 - PKS Automation/Common/Workflow Owner Finder' failed)

2018-11-25 04:27:00 - [MESSAGE][FAILED] - Unable to call Test Case with id 'Test Cases/Final Aug 2018 - PKS Automation/Registration Module/Workflow/Form 3 EIS - Cessation As Employer/Template/Form 3 A - Cessation As Employer (Query)' (Root cause: Call Test Case 'Test Cases/Final Aug 2018 - PKS Automation/Registration Module/Workflow/Form 3 EIS - Cessation As Employer/Template/Form 3 A - Cessation As Employer (Query)' failed)]]></system-out>
         <system-err><![CDATA[2018-11-25 04:23:01 - [TEST_CASE][FAILED] - Test Cases/Final Aug 2018 - PKS Automation/Registration Module/Workflow/Form 3 EIS - Cessation As Employer/Employer to UO (Query): Test Cases/Final Aug 2018 - PKS Automation/Registration Module/Workflow/Form 3 EIS - Cessation As Employer/Employer to UO (Query) FAILED because (of) (Stack trace: com.kms.katalon.core.exception.StepFailedException: Unable to click on object 'Object Repository/Final Object Repo/Landing Page/Select to English' (Root cause: com.kms.katalon.core.webui.exception.WebElementNotFoundException: Web element with id: 'Object Repository/Final Object Repo/Landing Page/Select to English' located by 'By.xpath: //a[@class = 'taglib-language-list-text' and @lang = 'en-US' and (contains(text(), 'EN') or contains(., 'EN'))]' not found)
	at com.kms.katalon.core.keyword.internal.KeywordMain.stepFailed(KeywordMain.groovy:32)
	at com.kms.katalon.core.webui.keyword.internal.WebUIKeywordMain.stepFailed(WebUIKeywordMain.groovy:65)
	at com.kms.katalon.core.webui.keyword.internal.WebUIKeywordMain.runKeyword(WebUIKeywordMain.groovy:27)
	at com.kms.katalon.core.webui.keyword.builtin.ClickKeyword.click(ClickKeyword.groovy:86)
	at com.kms.katalon.core.webui.keyword.builtin.ClickKeyword.execute(ClickKeyword.groovy:67)
	at com.kms.katalon.core.keyword.internal.KeywordExecutor.executeKeywordForPlatform(KeywordExecutor.groovy:53)
	at com.kms.katalon.core.webui.keyword.WebUiBuiltInKeywords.click(WebUiBuiltInKeywords.groovy:604)
	at com.kms.katalon.core.webui.keyword.WebUiBuiltInKeywords$click$9.call(Unknown Source)
	at org.codehaus.groovy.runtime.callsite.CallSiteArray.defaultCall(CallSiteArray.java:48)
	at org.codehaus.groovy.runtime.callsite.AbstractCallSite.call(AbstractCallSite.java:113)
	at org.codehaus.groovy.runtime.callsite.AbstractCallSite.call(AbstractCallSite.java:133)
	at Script1534407542420.run(Script1534407542420.groovy:57)
	at com.kms.katalon.core.main.ScriptEngine.run(ScriptEngine.java:183)
	at com.kms.katalon.core.main.ScriptEngine.runScriptAsRawText(ScriptEngine.java:108)
	at com.kms.katalon.core.main.TestCaseExecutor.runScript(TestCaseExecutor.java:294)
	at com.kms.katalon.core.main.TestCaseExecutor.doExecute(TestCaseExecutor.java:285)
	at com.kms.katalon.core.main.TestCaseExecutor.processExecutionPhase(TestCaseExecutor.java:264)
	at com.kms.katalon.core.main.TestCaseExecutor.accessMainPhase(TestCaseExecutor.java:256)
	at com.kms.katalon.core.main.TestCaseExecutor.execute(TestCaseExecutor.java:200)
	at com.kms.katalon.core.main.TestCaseMain.runTestCase(TestCaseMain.java:99)
	at com.kms.katalon.core.keyword.builtin.CallTestCaseKeyword$_callTestCase_closure1.doCall(CallTestCaseKeyword.groovy:60)
	at com.kms.katalon.core.keyword.builtin.CallTestCaseKeyword$_callTestCase_closure1.call(CallTestCaseKeyword.groovy)
	at com.kms.katalon.core.keyword.internal.KeywordMain.runKeyword(KeywordMain.groovy:54)
	at com.kms.katalon.core.keyword.builtin.CallTestCaseKeyword.callTestCase(CallTestCaseKeyword.groovy:81)
	at com.kms.katalon.core.keyword.builtin.CallTestCaseKeyword.execute(CallTestCaseKeyword.groovy:45)
	at com.kms.katalon.core.keyword.internal.KeywordExecutor.executeKeywordForPlatform(KeywordExecutor.groovy:53)
	at com.kms.katalon.core.keyword.BuiltinKeywords.callTestCase(BuiltinKeywords.groovy:334)
	at sun.reflect.NativeMethodAccessorImpl.invoke0(Native Method)
	at sun.reflect.NativeMethodAccessorImpl.invoke(NativeMethodAccessorImpl.java:62)
	at sun.reflect.DelegatingMethodAccessorImpl.invoke(DelegatingMethodAccessorImpl.java:43)
	at java.lang.reflect.Method.invoke(Method.java:498)
	at org.codehaus.groovy.reflection.CachedMethod.invoke(CachedMethod.java:93)
	at groovy.lang.MetaMethod.doMethodInvoke(MetaMethod.java:325)
	at groovy.lang.MetaClassImpl.invokeStaticMethod(MetaClassImpl.java:1469)
	at org.codehaus.groovy.runtime.callsite.StaticMetaClassSite.call(StaticMetaClassSite.java:53)
	at org.codehaus.groovy.runtime.callsite.CallSiteArray.defaultCall(CallSiteArray.java:48)
	at org.codehaus.groovy.runtime.callsite.AbstractCallSite.call(AbstractCallSite.java:113)
	at org.codehaus.groovy.runtime.callsite.AbstractCallSite.call(AbstractCallSite.java:141)
	at Script1536114876563.run(Script1536114876563.groovy:34)
	at com.kms.katalon.core.main.ScriptEngine.run(ScriptEngine.java:183)
	at com.kms.katalon.core.main.ScriptEngine.runScriptAsRawText(ScriptEngine.java:108)
	at com.kms.katalon.core.main.TestCaseExecutor.runScript(TestCaseExecutor.java:294)
	at com.kms.katalon.core.main.TestCaseExecutor.doExecute(TestCaseExecutor.java:285)
	at com.kms.katalon.core.main.TestCaseExecutor.processExecutionPhase(TestCaseExecutor.java:264)
	at com.kms.katalon.core.main.TestCaseExecutor.accessMainPhase(TestCaseExecutor.java:256)
	at com.kms.katalon.core.main.TestCaseExecutor.execute(TestCaseExecutor.java:200)
	at com.kms.katalon.core.main.TestCaseMain.runTestCase(TestCaseMain.java:99)
	at com.kms.katalon.core.keyword.builtin.CallTestCaseKeyword$_callTestCase_closure1.doCall(CallTestCaseKeyword.groovy:60)
	at com.kms.katalon.core.keyword.builtin.CallTestCaseKeyword$_callTestCase_closure1.call(CallTestCaseKeyword.groovy)
	at com.kms.katalon.core.keyword.internal.KeywordMain.runKeyword(KeywordMain.groovy:54)
	at com.kms.katalon.core.keyword.builtin.CallTestCaseKeyword.callTestCase(CallTestCaseKeyword.groovy:81)
	at com.kms.katalon.core.keyword.builtin.CallTestCaseKeyword.execute(CallTestCaseKeyword.groovy:45)
	at com.kms.katalon.core.keyword.internal.KeywordExecutor.executeKeywordForPlatform(KeywordExecutor.groovy:53)
	at com.kms.katalon.core.keyword.BuiltinKeywords.callTestCase(BuiltinKeywords.groovy:334)
	at sun.reflect.NativeMethodAccessorImpl.invoke0(Native Method)
	at sun.reflect.NativeMethodAccessorImpl.invoke(NativeMethodAccessorImpl.java:62)
	at sun.reflect.DelegatingMethodAccessorImpl.invoke(DelegatingMethodAccessorImpl.java:43)
	at java.lang.reflect.Method.invoke(Method.java:498)
	at org.codehaus.groovy.reflection.CachedMethod.invoke(CachedMethod.java:93)
	at groovy.lang.MetaMethod.doMethodInvoke(MetaMethod.java:325)
	at groovy.lang.MetaClassImpl.invokeStaticMethod(MetaClassImpl.java:1469)
	at org.codehaus.groovy.runtime.callsite.StaticMetaClassSite.call(StaticMetaClassSite.java:53)
	at org.codehaus.groovy.runtime.callsite.CallSiteArray.defaultCall(CallSiteArray.java:48)
	at org.codehaus.groovy.runtime.callsite.AbstractCallSite.call(AbstractCallSite.java:113)
	at org.codehaus.groovy.runtime.callsite.AbstractCallSite.call(AbstractCallSite.java:141)
	at Script1536733709462.run(Script1536733709462.groovy:25)
	at com.kms.katalon.core.main.ScriptEngine.run(ScriptEngine.java:183)
	at com.kms.katalon.core.main.ScriptEngine.runScriptAsRawText(ScriptEngine.java:108)
	at com.kms.katalon.core.main.TestCaseExecutor.runScript(TestCaseExecutor.java:294)
	at com.kms.katalon.core.main.TestCaseExecutor.doExecute(TestCaseExecutor.java:285)
	at com.kms.katalon.core.main.TestCaseExecutor.processExecutionPhase(TestCaseExecutor.java:264)
	at com.kms.katalon.core.main.TestCaseExecutor.accessMainPhase(TestCaseExecutor.java:256)
	at com.kms.katalon.core.main.TestCaseExecutor.execute(TestCaseExecutor.java:200)
	at com.kms.katalon.core.main.TestSuiteExecutor.accessTestCaseMainPhase(TestSuiteExecutor.java:129)
	at com.kms.katalon.core.main.TestSuiteExecutor.accessTestSuiteMainPhase(TestSuiteExecutor.java:112)
	at com.kms.katalon.core.main.TestSuiteExecutor.execute(TestSuiteExecutor.java:81)
	at com.kms.katalon.core.main.TestCaseMain.startTestSuite(TestCaseMain.java:142)
	at com.kms.katalon.core.main.TestCaseMain$startTestSuite$0.call(Unknown Source)
	at org.codehaus.groovy.runtime.callsite.CallSiteArray.defaultCall(CallSiteArray.java:48)
	at org.codehaus.groovy.runtime.callsite.AbstractCallSite.call(AbstractCallSite.java:113)
	at org.codehaus.groovy.runtime.callsite.AbstractCallSite.call(AbstractCallSite.java:141)
	at TempTestSuite1543076525234.run(TempTestSuite1543076525234.groovy:36)
	at groovy.lang.GroovyShell.runScriptOrMainOrTestOrRunnable(GroovyShell.java:263)
	at groovy.lang.GroovyShell.run(GroovyShell.java:518)
	at groovy.lang.GroovyShell.run(GroovyShell.java:507)
	at groovy.ui.GroovyMain.processOnce(GroovyMain.java:653)
	at groovy.ui.GroovyMain.run(GroovyMain.java:384)
	at groovy.ui.GroovyMain.process(GroovyMain.java:370)
	at groovy.ui.GroovyMain.processArgs(GroovyMain.java:129)
	at groovy.ui.GroovyMain.main(GroovyMain.java:109)
	at sun.reflect.NativeMethodAccessorImpl.invoke0(Native Method)
	at sun.reflect.NativeMethodAccessorImpl.invoke(NativeMethodAccessorImpl.java:62)
	at sun.reflect.DelegatingMethodAccessorImpl.invoke(DelegatingMethodAccessorImpl.java:43)
	at java.lang.reflect.Method.invoke(Method.java:498)
	at org.codehaus.groovy.tools.GroovyStarter.rootLoader(GroovyStarter.java:109)
	at org.codehaus.groovy.tools.GroovyStarter.main(GroovyStarter.java:131)
)]]></system-err>
      </testcase>
      <testcase name="Test Cases/Final Aug 2018 - PKS Automation/Registration Module/Workflow/Form 3 EIS - Cessation As Employer/Employer to UO (Reject) " classname="Test Cases/Final Aug 2018 - PKS Automation/Registration Module/Workflow/Form 3 EIS - Cessation As Employer/Employer to UO (Reject) " status="ERROR">
         <error type="ERROR" message="Test Cases/Final Aug 2018 - PKS Automation/Registration Module/Workflow/Form 3 EIS - Cessation As Employer/Employer to UO (Reject)  has ERROR(s) because (of) java.io.FileNotFoundException: File '' does not exist"/>
         <system-out><![CDATA[2018-11-25 04:27:00 - [TEST_CASE][ERROR] - Test Cases/Final Aug 2018 - PKS Automation/Registration Module/Workflow/Form 3 EIS - Cessation As Employer/Employer to UO (Reject) : Test Cases/Final Aug 2018 - PKS Automation/Registration Module/Workflow/Form 3 EIS - Cessation As Employer/Employer to UO (Reject)  has ERROR(s) because (of) java.io.FileNotFoundException: File '' does not exist]]></system-out>
         <system-err><![CDATA[2018-11-25 04:27:00 - [TEST_CASE][ERROR] - Test Cases/Final Aug 2018 - PKS Automation/Registration Module/Workflow/Form 3 EIS - Cessation As Employer/Employer to UO (Reject) : Test Cases/Final Aug 2018 - PKS Automation/Registration Module/Workflow/Form 3 EIS - Cessation As Employer/Employer to UO (Reject)  has ERROR(s) because (of) java.io.FileNotFoundException: File '' does not exist]]></system-err>
      </testcase>
      <testcase name="Test Cases/Final Aug 2018 - PKS Automation/Registration Module/Workflow/Form 3 EIS - Cessation As Employer/Employer to UO (Under enforcement)" classname="Test Cases/Final Aug 2018 - PKS Automation/Registration Module/Workflow/Form 3 EIS - Cessation As Employer/Employer to UO (Under enforcement)" status="FAILED">
         <failure type="FAILED" message="(Stack trace: com.kms.katalon.core.exception.StepFailedException: Unable to click on object 'Object Repository/Final Object Repo/Landing Page/Select to English' (Root cause: com.kms.katalon.core.webui.exception.WebElementNotFoundException: Web element with id: 'Object Repository/Final Object Repo/Landing Page/Select to English' located by 'By.xpath: //a[@class = 'taglib-language-list-text' and @lang = 'en-US' and (contains(text(), 'EN') or contains(., 'EN'))]' not found)
	at com.kms.katalon.core.keyword.internal.KeywordMain.stepFailed(KeywordMain.groovy:32)
	at com.kms.katalon.core.webui.keyword.internal.WebUIKeywordMain.stepFailed(WebUIKeywordMain.groovy:65)
	at com.kms.katalon.core.webui.keyword.internal.WebUIKeywordMain.runKeyword(WebUIKeywordMain.groovy:27)
	at com.kms.katalon.core.webui.keyword.builtin.ClickKeyword.click(ClickKeyword.groovy:86)
	at com.kms.katalon.core.webui.keyword.builtin.ClickKeyword.execute(ClickKeyword.groovy:67)
	at com.kms.katalon.core.keyword.internal.KeywordExecutor.executeKeywordForPlatform(KeywordExecutor.groovy:53)
	at com.kms.katalon.core.webui.keyword.WebUiBuiltInKeywords.click(WebUiBuiltInKeywords.groovy:604)
	at com.kms.katalon.core.webui.keyword.WebUiBuiltInKeywords$click$9.call(Unknown Source)
	at Script1534407542420.run(Script1534407542420.groovy:57)
	at com.kms.katalon.core.main.ScriptEngine.run(ScriptEngine.java:183)
	at com.kms.katalon.core.main.ScriptEngine.runScriptAsRawText(ScriptEngine.java:108)
	at com.kms.katalon.core.main.TestCaseExecutor.runScript(TestCaseExecutor.java:294)
	at com.kms.katalon.core.main.TestCaseExecutor.doExecute(TestCaseExecutor.java:285)
	at com.kms.katalon.core.main.TestCaseExecutor.processExecutionPhase(TestCaseExecutor.java:264)
	at com.kms.katalon.core.main.TestCaseExecutor.accessMainPhase(TestCaseExecutor.java:256)
	at com.kms.katalon.core.main.TestCaseExecutor.execute(TestCaseExecutor.java:200)
	at com.kms.katalon.core.main.TestCaseMain.runTestCase(TestCaseMain.java:99)
	at com.kms.katalon.core.keyword.builtin.CallTestCaseKeyword$_callTestCase_closure1.doCall(CallTestCaseKeyword.groovy:60)
	at com.kms.katalon.core.keyword.builtin.CallTestCaseKeyword$_callTestCase_closure1.call(CallTestCaseKeyword.groovy)
	at com.kms.katalon.core.keyword.internal.KeywordMain.runKeyword(KeywordMain.groovy:54)
	at com.kms.katalon.core.keyword.builtin.CallTestCaseKeyword.callTestCase(CallTestCaseKeyword.groovy:81)
	at com.kms.katalon.core.keyword.builtin.CallTestCaseKeyword.execute(CallTestCaseKeyword.groovy:45)
	at com.kms.katalon.core.keyword.internal.KeywordExecutor.executeKeywordForPlatform(KeywordExecutor.groovy:53)
	at com.kms.katalon.core.keyword.BuiltinKeywords.callTestCase(BuiltinKeywords.groovy:334)
	at sun.reflect.GeneratedMethodAccessor15.invoke(Unknown Source)
	at sun.reflect.DelegatingMethodAccessorImpl.invoke(DelegatingMethodAccessorImpl.java:43)
	at java.lang.reflect.Method.invoke(Method.java:498)
	at org.codehaus.groovy.reflection.CachedMethod.invoke(CachedMethod.java:93)
	at groovy.lang.MetaMethod.doMethodInvoke(MetaMethod.java:325)
	at groovy.lang.MetaClassImpl.invokeStaticMethod(MetaClassImpl.java:1469)
	at org.codehaus.groovy.runtime.callsite.StaticMetaClassSite.call(StaticMetaClassSite.java:53)
	at org.codehaus.groovy.runtime.callsite.CallSiteArray.defaultCall(CallSiteArray.java:48)
	at org.codehaus.groovy.runtime.callsite.AbstractCallSite.call(AbstractCallSite.java:113)
	at org.codehaus.groovy.runtime.callsite.AbstractCallSite.call(AbstractCallSite.java:141)
	at Script1536113546450.run(Script1536113546450.groovy:34)
	at com.kms.katalon.core.main.ScriptEngine.run(ScriptEngine.java:183)
	at com.kms.katalon.core.main.ScriptEngine.runScriptAsRawText(ScriptEngine.java:108)
	at com.kms.katalon.core.main.TestCaseExecutor.runScript(TestCaseExecutor.java:294)
	at com.kms.katalon.core.main.TestCaseExecutor.doExecute(TestCaseExecutor.java:285)
	at com.kms.katalon.core.main.TestCaseExecutor.processExecutionPhase(TestCaseExecutor.java:264)
	at com.kms.katalon.core.main.TestCaseExecutor.accessMainPhase(TestCaseExecutor.java:256)
	at com.kms.katalon.core.main.TestCaseExecutor.execute(TestCaseExecutor.java:200)
	at com.kms.katalon.core.main.TestCaseMain.runTestCase(TestCaseMain.java:99)
	at com.kms.katalon.core.keyword.builtin.CallTestCaseKeyword$_callTestCase_closure1.doCall(CallTestCaseKeyword.groovy:60)
	at com.kms.katalon.core.keyword.builtin.CallTestCaseKeyword$_callTestCase_closure1.call(CallTestCaseKeyword.groovy)
	at com.kms.katalon.core.keyword.internal.KeywordMain.runKeyword(KeywordMain.groovy:54)
	at com.kms.katalon.core.keyword.builtin.CallTestCaseKeyword.callTestCase(CallTestCaseKeyword.groovy:81)
	at com.kms.katalon.core.keyword.builtin.CallTestCaseKeyword.execute(CallTestCaseKeyword.groovy:45)
	at com.kms.katalon.core.keyword.internal.KeywordExecutor.executeKeywordForPlatform(KeywordExecutor.groovy:53)
	at com.kms.katalon.core.keyword.BuiltinKeywords.callTestCase(BuiltinKeywords.groovy:334)
	at sun.reflect.GeneratedMethodAccessor15.invoke(Unknown Source)
	at sun.reflect.DelegatingMethodAccessorImpl.invoke(DelegatingMethodAccessorImpl.java:43)
	at java.lang.reflect.Method.invoke(Method.java:498)
	at org.codehaus.groovy.reflection.CachedMethod.invoke(CachedMethod.java:93)
	at groovy.lang.MetaMethod.doMethodInvoke(MetaMethod.java:325)
	at groovy.lang.MetaClassImpl.invokeStaticMethod(MetaClassImpl.java:1469)
	at org.codehaus.groovy.runtime.callsite.StaticMetaClassSite.call(StaticMetaClassSite.java:53)
	at org.codehaus.groovy.runtime.callsite.CallSiteArray.defaultCall(CallSiteArray.java:48)
	at org.codehaus.groovy.runtime.callsite.AbstractCallSite.call(AbstractCallSite.java:113)
	at org.codehaus.groovy.runtime.callsite.AbstractCallSite.call(AbstractCallSite.java:141)
	at Script1536733775156.run(Script1536733775156.groovy:25)
	at com.kms.katalon.core.main.ScriptEngine.run(ScriptEngine.java:183)
	at com.kms.katalon.core.main.ScriptEngine.runScriptAsRawText(ScriptEngine.java:108)
	at com.kms.katalon.core.main.TestCaseExecutor.runScript(TestCaseExecutor.java:294)
	at com.kms.katalon.core.main.TestCaseExecutor.doExecute(TestCaseExecutor.java:285)
	at com.kms.katalon.core.main.TestCaseExecutor.processExecutionPhase(TestCaseExecutor.java:264)
	at com.kms.katalon.core.main.TestCaseExecutor.accessMainPhase(TestCaseExecutor.java:256)
	at com.kms.katalon.core.main.TestCaseExecutor.execute(TestCaseExecutor.java:200)
	at com.kms.katalon.core.main.TestSuiteExecutor.accessTestCaseMainPhase(TestSuiteExecutor.java:129)
	at com.kms.katalon.core.main.TestSuiteExecutor.accessTestSuiteMainPhase(TestSuiteExecutor.java:112)
	at com.kms.katalon.core.main.TestSuiteExecutor.execute(TestSuiteExecutor.java:81)
	at com.kms.katalon.core.main.TestCaseMain.startTestSuite(TestCaseMain.java:142)
	at com.kms.katalon.core.main.TestCaseMain$startTestSuite$0.call(Unknown Source)
	at org.codehaus.groovy.runtime.callsite.CallSiteArray.defaultCall(CallSiteArray.java:48)
	at org.codehaus.groovy.runtime.callsite.AbstractCallSite.call(AbstractCallSite.java:113)
	at org.codehaus.groovy.runtime.callsite.AbstractCallSite.call(AbstractCallSite.java:141)
	at TempTestSuite1543076525234.run(TempTestSuite1543076525234.groovy:36)
	at groovy.lang.GroovyShell.runScriptOrMainOrTestOrRunnable(GroovyShell.java:263)
	at groovy.lang.GroovyShell.run(GroovyShell.java:518)
	at groovy.lang.GroovyShell.run(GroovyShell.java:507)
	at groovy.ui.GroovyMain.processOnce(GroovyMain.java:653)
	at groovy.ui.GroovyMain.run(GroovyMain.java:384)
	at groovy.ui.GroovyMain.process(GroovyMain.java:370)
	at groovy.ui.GroovyMain.processArgs(GroovyMain.java:129)
	at groovy.ui.GroovyMain.main(GroovyMain.java:109)
	at sun.reflect.NativeMethodAccessorImpl.invoke0(Native Method)
	at sun.reflect.NativeMethodAccessorImpl.invoke(NativeMethodAccessorImpl.java:62)
	at sun.reflect.DelegatingMethodAccessorImpl.invoke(DelegatingMethodAccessorImpl.java:43)
	at java.lang.reflect.Method.invoke(Method.java:498)
	at org.codehaus.groovy.tools.GroovyStarter.rootLoader(GroovyStarter.java:109)
	at org.codehaus.groovy.tools.GroovyStarter.main(GroovyStarter.java:131)
)"/>
         <system-out><![CDATA[2018-11-25 04:27:00 - [TEST_CASE][FAILED] - Test Cases/Final Aug 2018 - PKS Automation/Registration Module/Workflow/Form 3 EIS - Cessation As Employer/Employer to UO (Under enforcement): Test Cases/Final Aug 2018 - PKS Automation/Registration Module/Workflow/Form 3 EIS - Cessation As Employer/Employer to UO (Under enforcement) FAILED because (of) (Stack trace: com.kms.katalon.core.exception.StepFailedException: Unable to click on object 'Object Repository/Final Object Repo/Landing Page/Select to English' (Root cause: com.kms.katalon.core.webui.exception.WebElementNotFoundException: Web element with id: 'Object Repository/Final Object Repo/Landing Page/Select to English' located by 'By.xpath: //a[@class = 'taglib-language-list-text' and @lang = 'en-US' and (contains(text(), 'EN') or contains(., 'EN'))]' not found)
	at com.kms.katalon.core.keyword.internal.KeywordMain.stepFailed(KeywordMain.groovy:32)
	at com.kms.katalon.core.webui.keyword.internal.WebUIKeywordMain.stepFailed(WebUIKeywordMain.groovy:65)
	at com.kms.katalon.core.webui.keyword.internal.WebUIKeywordMain.runKeyword(WebUIKeywordMain.groovy:27)
	at com.kms.katalon.core.webui.keyword.builtin.ClickKeyword.click(ClickKeyword.groovy:86)
	at com.kms.katalon.core.webui.keyword.builtin.ClickKeyword.execute(ClickKeyword.groovy:67)
	at com.kms.katalon.core.keyword.internal.KeywordExecutor.executeKeywordForPlatform(KeywordExecutor.groovy:53)
	at com.kms.katalon.core.webui.keyword.WebUiBuiltInKeywords.click(WebUiBuiltInKeywords.groovy:604)
	at com.kms.katalon.core.webui.keyword.WebUiBuiltInKeywords$click$9.call(Unknown Source)
	at Script1534407542420.run(Script1534407542420.groovy:57)
	at com.kms.katalon.core.main.ScriptEngine.run(ScriptEngine.java:183)
	at com.kms.katalon.core.main.ScriptEngine.runScriptAsRawText(ScriptEngine.java:108)
	at com.kms.katalon.core.main.TestCaseExecutor.runScript(TestCaseExecutor.java:294)
	at com.kms.katalon.core.main.TestCaseExecutor.doExecute(TestCaseExecutor.java:285)
	at com.kms.katalon.core.main.TestCaseExecutor.processExecutionPhase(TestCaseExecutor.java:264)
	at com.kms.katalon.core.main.TestCaseExecutor.accessMainPhase(TestCaseExecutor.java:256)
	at com.kms.katalon.core.main.TestCaseExecutor.execute(TestCaseExecutor.java:200)
	at com.kms.katalon.core.main.TestCaseMain.runTestCase(TestCaseMain.java:99)
	at com.kms.katalon.core.keyword.builtin.CallTestCaseKeyword$_callTestCase_closure1.doCall(CallTestCaseKeyword.groovy:60)
	at com.kms.katalon.core.keyword.builtin.CallTestCaseKeyword$_callTestCase_closure1.call(CallTestCaseKeyword.groovy)
	at com.kms.katalon.core.keyword.internal.KeywordMain.runKeyword(KeywordMain.groovy:54)
	at com.kms.katalon.core.keyword.builtin.CallTestCaseKeyword.callTestCase(CallTestCaseKeyword.groovy:81)
	at com.kms.katalon.core.keyword.builtin.CallTestCaseKeyword.execute(CallTestCaseKeyword.groovy:45)
	at com.kms.katalon.core.keyword.internal.KeywordExecutor.executeKeywordForPlatform(KeywordExecutor.groovy:53)
	at com.kms.katalon.core.keyword.BuiltinKeywords.callTestCase(BuiltinKeywords.groovy:334)
	at sun.reflect.GeneratedMethodAccessor15.invoke(Unknown Source)
	at sun.reflect.DelegatingMethodAccessorImpl.invoke(DelegatingMethodAccessorImpl.java:43)
	at java.lang.reflect.Method.invoke(Method.java:498)
	at org.codehaus.groovy.reflection.CachedMethod.invoke(CachedMethod.java:93)
	at groovy.lang.MetaMethod.doMethodInvoke(MetaMethod.java:325)
	at groovy.lang.MetaClassImpl.invokeStaticMethod(MetaClassImpl.java:1469)
	at org.codehaus.groovy.runtime.callsite.StaticMetaClassSite.call(StaticMetaClassSite.java:53)
	at org.codehaus.groovy.runtime.callsite.CallSiteArray.defaultCall(CallSiteArray.java:48)
	at org.codehaus.groovy.runtime.callsite.AbstractCallSite.call(AbstractCallSite.java:113)
	at org.codehaus.groovy.runtime.callsite.AbstractCallSite.call(AbstractCallSite.java:141)
	at Script1536113546450.run(Script1536113546450.groovy:34)
	at com.kms.katalon.core.main.ScriptEngine.run(ScriptEngine.java:183)
	at com.kms.katalon.core.main.ScriptEngine.runScriptAsRawText(ScriptEngine.java:108)
	at com.kms.katalon.core.main.TestCaseExecutor.runScript(TestCaseExecutor.java:294)
	at com.kms.katalon.core.main.TestCaseExecutor.doExecute(TestCaseExecutor.java:285)
	at com.kms.katalon.core.main.TestCaseExecutor.processExecutionPhase(TestCaseExecutor.java:264)
	at com.kms.katalon.core.main.TestCaseExecutor.accessMainPhase(TestCaseExecutor.java:256)
	at com.kms.katalon.core.main.TestCaseExecutor.execute(TestCaseExecutor.java:200)
	at com.kms.katalon.core.main.TestCaseMain.runTestCase(TestCaseMain.java:99)
	at com.kms.katalon.core.keyword.builtin.CallTestCaseKeyword$_callTestCase_closure1.doCall(CallTestCaseKeyword.groovy:60)
	at com.kms.katalon.core.keyword.builtin.CallTestCaseKeyword$_callTestCase_closure1.call(CallTestCaseKeyword.groovy)
	at com.kms.katalon.core.keyword.internal.KeywordMain.runKeyword(KeywordMain.groovy:54)
	at com.kms.katalon.core.keyword.builtin.CallTestCaseKeyword.callTestCase(CallTestCaseKeyword.groovy:81)
	at com.kms.katalon.core.keyword.builtin.CallTestCaseKeyword.execute(CallTestCaseKeyword.groovy:45)
	at com.kms.katalon.core.keyword.internal.KeywordExecutor.executeKeywordForPlatform(KeywordExecutor.groovy:53)
	at com.kms.katalon.core.keyword.BuiltinKeywords.callTestCase(BuiltinKeywords.groovy:334)
	at sun.reflect.GeneratedMethodAccessor15.invoke(Unknown Source)
	at sun.reflect.DelegatingMethodAccessorImpl.invoke(DelegatingMethodAccessorImpl.java:43)
	at java.lang.reflect.Method.invoke(Method.java:498)
	at org.codehaus.groovy.reflection.CachedMethod.invoke(CachedMethod.java:93)
	at groovy.lang.MetaMethod.doMethodInvoke(MetaMethod.java:325)
	at groovy.lang.MetaClassImpl.invokeStaticMethod(MetaClassImpl.java:1469)
	at org.codehaus.groovy.runtime.callsite.StaticMetaClassSite.call(StaticMetaClassSite.java:53)
	at org.codehaus.groovy.runtime.callsite.CallSiteArray.defaultCall(CallSiteArray.java:48)
	at org.codehaus.groovy.runtime.callsite.AbstractCallSite.call(AbstractCallSite.java:113)
	at org.codehaus.groovy.runtime.callsite.AbstractCallSite.call(AbstractCallSite.java:141)
	at Script1536733775156.run(Script1536733775156.groovy:25)
	at com.kms.katalon.core.main.ScriptEngine.run(ScriptEngine.java:183)
	at com.kms.katalon.core.main.ScriptEngine.runScriptAsRawText(ScriptEngine.java:108)
	at com.kms.katalon.core.main.TestCaseExecutor.runScript(TestCaseExecutor.java:294)
	at com.kms.katalon.core.main.TestCaseExecutor.doExecute(TestCaseExecutor.java:285)
	at com.kms.katalon.core.main.TestCaseExecutor.processExecutionPhase(TestCaseExecutor.java:264)
	at com.kms.katalon.core.main.TestCaseExecutor.accessMainPhase(TestCaseExecutor.java:256)
	at com.kms.katalon.core.main.TestCaseExecutor.execute(TestCaseExecutor.java:200)
	at com.kms.katalon.core.main.TestSuiteExecutor.accessTestCaseMainPhase(TestSuiteExecutor.java:129)
	at com.kms.katalon.core.main.TestSuiteExecutor.accessTestSuiteMainPhase(TestSuiteExecutor.java:112)
	at com.kms.katalon.core.main.TestSuiteExecutor.execute(TestSuiteExecutor.java:81)
	at com.kms.katalon.core.main.TestCaseMain.startTestSuite(TestCaseMain.java:142)
	at com.kms.katalon.core.main.TestCaseMain$startTestSuite$0.call(Unknown Source)
	at org.codehaus.groovy.runtime.callsite.CallSiteArray.defaultCall(CallSiteArray.java:48)
	at org.codehaus.groovy.runtime.callsite.AbstractCallSite.call(AbstractCallSite.java:113)
	at org.codehaus.groovy.runtime.callsite.AbstractCallSite.call(AbstractCallSite.java:141)
	at TempTestSuite1543076525234.run(TempTestSuite1543076525234.groovy:36)
	at groovy.lang.GroovyShell.runScriptOrMainOrTestOrRunnable(GroovyShell.java:263)
	at groovy.lang.GroovyShell.run(GroovyShell.java:518)
	at groovy.lang.GroovyShell.run(GroovyShell.java:507)
	at groovy.ui.GroovyMain.processOnce(GroovyMain.java:653)
	at groovy.ui.GroovyMain.run(GroovyMain.java:384)
	at groovy.ui.GroovyMain.process(GroovyMain.java:370)
	at groovy.ui.GroovyMain.processArgs(GroovyMain.java:129)
	at groovy.ui.GroovyMain.main(GroovyMain.java:109)
	at sun.reflect.NativeMethodAccessorImpl.invoke0(Native Method)
	at sun.reflect.NativeMethodAccessorImpl.invoke(NativeMethodAccessorImpl.java:62)
	at sun.reflect.DelegatingMethodAccessorImpl.invoke(DelegatingMethodAccessorImpl.java:43)
	at java.lang.reflect.Method.invoke(Method.java:498)
	at org.codehaus.groovy.tools.GroovyStarter.rootLoader(GroovyStarter.java:109)
	at org.codehaus.groovy.tools.GroovyStarter.main(GroovyStarter.java:131)
)

2018-11-25 04:27:00 - [TEST_STEP][PASSED] - callTestCase: Call Test Case 'Test Cases/Final Aug 2018 - PKS Automation/Registration Module/Workflow/Form 3 EIS - Cessation As Employer/Template/Form 3 A - Cessation As Employer (OTC)' successfully

2018-11-25 04:27:00 - [TEST_CASE][PASSED] - Test Cases/Final Aug 2018 - PKS Automation/Registration Module/Workflow/Form 3 EIS - Cessation As Employer/Template/Form 3 A - Cessation As Employer (OTC): Test Cases/Final Aug 2018 - PKS Automation/Registration Module/Workflow/Form 3 EIS - Cessation As Employer/Template/Form 3 A - Cessation As Employer (OTC)

2018-11-25 04:27:00 - [TEST_STEP][PASSED] - openBrowser: Browser is opened with url: ''

2018-11-25 04:27:00 - [MESSAGE][WARNING] - A browser is already opened. Closing browser and opening a new one

2018-11-25 04:27:04 - [MESSAGE][PASSED] - Browser is opened with url: ''

2018-11-25 04:27:04 - [TEST_STEP][PASSED] - navigateToUrl: Navigate to 'https://assist2-uat.perkeso.gov.my/login' successfully

2018-11-25 04:27:05 - [MESSAGE][PASSED] - Navigate to 'https://assist2-uat.perkeso.gov.my/login' successfully

2018-11-25 04:27:05 - [TEST_STEP][PASSED] - setText: Text 'johorotc1@gmail.com' is set on object 'Object Repository/Final Object Repo/Login Page/Internal User/Email Address'

2018-11-25 04:27:06 - [MESSAGE][PASSED] - Text 'johorotc1@gmail.com' is set on object 'Object Repository/Final Object Repo/Login Page/Internal User/Email Address'

2018-11-25 04:27:06 - [TEST_STEP][PASSED] - click: Object: 'Object Repository/Final Object Repo/Login Page/Internal User/Next Button' is clicked on

2018-11-25 04:27:06 - [MESSAGE][PASSED] - Object: 'Object Repository/Final Object Repo/Login Page/Internal User/Next Button' is clicked on

2018-11-25 04:27:06 - [TEST_STEP][PASSED] - delay: Delayed 1 second(s)

2018-11-25 04:27:07 - [MESSAGE][PASSED] - Delayed 1 second(s)

2018-11-25 04:27:07 - [TEST_STEP][PASSED] - setEncryptedText: Text ****** has been set on object 'Object Repository/Final Object Repo/Login Page/Internal User/Password'

2018-11-25 04:27:07 - [MESSAGE][PASSED] - Text ****** has been set on object 'Object Repository/Final Object Repo/Login Page/Internal User/Password'

2018-11-25 04:27:07 - [TEST_STEP][PASSED] - click: Object: 'Object Repository/Final Object Repo/Login Page/Internal User/Login Button' is clicked on

2018-11-25 04:27:07 - [MESSAGE][PASSED] - Object: 'Object Repository/Final Object Repo/Login Page/Internal User/Login Button' is clicked on

2018-11-25 04:27:07 - [TEST_STEP][PASSED] - delay: Delayed 1 second(s)

2018-11-25 04:27:08 - [MESSAGE][PASSED] - Delayed 1 second(s)

2018-11-25 04:27:08 - [TEST_STEP][PASSED] - Statement - Try: Delayed 2 second(s)

2018-11-25 04:27:08 - [TEST_STEP][PASSED] - Statement - Checker = false: null

2018-11-25 04:27:08 - [TEST_STEP][PASSED] - Statement - Checker = com.kms.katalon.core.webui.keyword.WebUiBuiltInKeywords.verifyElementHasAttribute(com.kms.katalon.core.testobject.ObjectRepository.findTestObject(Final Object Repo/Landing Page/BM Detecting), "href", 20, OPTIONAL): Object 'Object Repository/Final Object Repo/Landing Page/BM Detecting' has attribute 'href'

2018-11-25 04:27:09 - [MESSAGE][PASSED] - Object 'Object Repository/Final Object Repo/Landing Page/BM Detecting' has attribute 'href'

2018-11-25 04:27:09 - [TEST_STEP][PASSED] - Statement - out.println(Checker): null

2018-11-25 04:27:09 - [TEST_STEP][PASSED] - Statement - If (Checker == false): null

2018-11-25 04:27:09 - [TEST_STEP][PASSED] - Statement - Else: null

2018-11-25 04:27:09 - [TEST_STEP][PASSED] - delay: Delayed 2 second(s)

2018-11-25 04:27:11 - [MESSAGE][PASSED] - Delayed 2 second(s)

2018-11-25 04:27:11 - [TEST_STEP][PASSED] - navigateToUrl: Navigate to 'https://assist2-uat.perkeso.gov.my/web/registration/eis-update/form-3-eis-cessation-as-employer' successfully

2018-11-25 04:27:12 - [MESSAGE][PASSED] - Navigate to 'https://assist2-uat.perkeso.gov.my/web/registration/eis-update/form-3-eis-cessation-as-employer' successfully

2018-11-25 04:27:12 - [TEST_STEP][PASSED] - delay: Delayed 1 second(s)

2018-11-25 04:27:13 - [MESSAGE][PASSED] - Delayed 1 second(s)

2018-11-25 04:27:13 - [TEST_STEP][PASSED] - setText: Text 'E1102069769W' is set on object 'Object Repository/Final Object Repo/Page_Form 3 EIS - Cessation as Employer/Employer Code'

2018-11-25 04:27:13 - [MESSAGE][PASSED] - Text 'E1102069769W' is set on object 'Object Repository/Final Object Repo/Page_Form 3 EIS - Cessation as Employer/Employer Code'

2018-11-25 04:27:13 - [TEST_STEP][PASSED] - click: Object: 'Object Repository/Final Object Repo/Page_Form 3 EIS - Cessation as Employer/Search' is clicked on

2018-11-25 04:27:13 - [MESSAGE][PASSED] - Object: 'Object Repository/Final Object Repo/Page_Form 3 EIS - Cessation as Employer/Search' is clicked on

2018-11-25 04:27:13 - [TEST_STEP][PASSED] - click: Object: 'Object Repository/Final Object Repo/Page_Form 3 EIS - Cessation as Employer/Edit' is clicked on

2018-11-25 04:27:16 - [MESSAGE][PASSED] - Object: 'Object Repository/Final Object Repo/Page_Form 3 EIS - Cessation as Employer/Edit' is clicked on

2018-11-25 04:27:16 - [TEST_STEP][PASSED] - delay: Delayed 1 second(s)

2018-11-25 04:27:17 - [MESSAGE][PASSED] - Delayed 1 second(s)

2018-11-25 04:27:17 - [TEST_STEP][PASSED] - Statement - abc = com.kms.katalon.core.webui.keyword.WebUiBuiltInKeywords.getAttribute(com.kms.katalon.core.testobject.ObjectRepository.findTestObject(Final Object Repo/Page_Form 3 EIS - Cessation as Employer/Employer Status), "value"): Attribute 'value' of object 'Object Repository/Final Object Repo/Page_Form 3 EIS - Cessation as Employer/Employer Status' is: 'Active'

2018-11-25 04:27:17 - [MESSAGE][PASSED] - Attribute 'value' of object 'Object Repository/Final Object Repo/Page_Form 3 EIS - Cessation as Employer/Employer Status' is: 'Active'

2018-11-25 04:27:17 - [TEST_STEP][PASSED] - Statement - out.println(abc): null

2018-11-25 04:27:17 - [TEST_STEP][PASSED] - Statement - If (abc == "Active"): Object: 'Object Repository/Final Object Repo/Page_Form 3 EIS - Cessation as Employer/Dormant EIS' is clicked on

2018-11-25 04:27:17 - [TEST_STEP][PASSED] - click: Object: 'Object Repository/Final Object Repo/Page_Form 3 EIS - Cessation as Employer/Change Employer Status to' is clicked on

2018-11-25 04:27:17 - [MESSAGE][PASSED] - Object: 'Object Repository/Final Object Repo/Page_Form 3 EIS - Cessation as Employer/Change Employer Status to' is clicked on

2018-11-25 04:27:17 - [TEST_STEP][PASSED] - click: Object: 'Object Repository/Final Object Repo/Page_Form 3 EIS - Cessation as Employer/Dormant EIS' is clicked on

2018-11-25 04:27:17 - [MESSAGE][PASSED] - Object: 'Object Repository/Final Object Repo/Page_Form 3 EIS - Cessation as Employer/Dormant EIS' is clicked on

2018-11-25 04:27:17 - [TEST_STEP][PASSED] - click: Object: 'Object Repository/Final Object Repo/Page_Form 3 EIS - Cessation as Employer/Calender' is clicked on

2018-11-25 04:27:17 - [MESSAGE][PASSED] - Object: 'Object Repository/Final Object Repo/Page_Form 3 EIS - Cessation as Employer/Calender' is clicked on

2018-11-25 04:27:17 - [TEST_STEP][PASSED] - delay: Delayed 1 second(s)

2018-11-25 04:27:18 - [MESSAGE][PASSED] - Delayed 1 second(s)

2018-11-25 04:27:18 - [TEST_STEP][PASSED] - click: Object: 'Object Repository/Final Object Repo/Page_Form 3 EIS - Cessation as Employer/Calender - Date' is clicked on

2018-11-25 04:27:18 - [MESSAGE][PASSED] - Object: 'Object Repository/Final Object Repo/Page_Form 3 EIS - Cessation as Employer/Calender - Date' is clicked on

2018-11-25 04:27:18 - [TEST_STEP][PASSED] - click: Object: 'Object Repository/Final Object Repo/Page_Form 3 EIS - Cessation as Employer/Save  Continue in Form 3 EIS Page' is clicked on

2018-11-25 04:27:19 - [MESSAGE][PASSED] - Object: 'Object Repository/Final Object Repo/Page_Form 3 EIS - Cessation as Employer/Save  Continue in Form 3 EIS Page' is clicked on

2018-11-25 04:27:19 - [TEST_STEP][PASSED] - delay: Delayed 1 second(s)

2018-11-25 04:27:20 - [MESSAGE][PASSED] - Delayed 1 second(s)

2018-11-25 04:27:20 - [TEST_STEP][PASSED] - click: Object: 'Object Repository/Final Object Repo/Page_Form 3 EIS - Cessation as Employer/Employment Resign Date' is clicked on

2018-11-25 04:27:20 - [MESSAGE][PASSED] - Object: 'Object Repository/Final Object Repo/Page_Form 3 EIS - Cessation as Employer/Employment Resign Date' is clicked on

2018-11-25 04:27:20 - [TEST_STEP][PASSED] - selectOptionByValue: All options with value '2018' are selected in object 'Object Repository/Final Object Repo/Page_Form 3 EIS - Cessation as Employer/Employment Resign Date - Year' 

2018-11-25 04:27:20 - [MESSAGE][PASSED] - All options with value '2018' are selected in object 'Object Repository/Final Object Repo/Page_Form 3 EIS - Cessation as Employer/Employment Resign Date - Year' 

2018-11-25 04:27:20 - [TEST_STEP][PASSED] - delay: Delayed 2 second(s)

2018-11-25 04:27:22 - [MESSAGE][PASSED] - Delayed 2 second(s)

2018-11-25 04:27:22 - [TEST_STEP][PASSED] - click: Object: 'Object Repository/Final Object Repo/Page_Form 3 EIS - Cessation as Employer/Employment Resign Date - Year - Date' is clicked on

2018-11-25 04:27:22 - [MESSAGE][PASSED] - Object: 'Object Repository/Final Object Repo/Page_Form 3 EIS - Cessation as Employer/Employment Resign Date - Year - Date' is clicked on

2018-11-25 04:27:22 - [TEST_STEP][PASSED] - delay: Delayed 2 second(s)

2018-11-25 04:27:24 - [MESSAGE][PASSED] - Delayed 2 second(s)

2018-11-25 04:27:24 - [TEST_STEP][PASSED] - click: Object: 'Object Repository/Final Object Repo/Page_Form 3 EIS - Cessation as Employer/Save  Continue in Employment Resign Page' is clicked on

2018-11-25 04:27:25 - [MESSAGE][PASSED] - Object: 'Object Repository/Final Object Repo/Page_Form 3 EIS - Cessation as Employer/Save  Continue in Employment Resign Page' is clicked on

2018-11-25 04:27:25 - [TEST_STEP][PASSED] - delay: Delayed 2 second(s)

2018-11-25 04:27:27 - [MESSAGE][PASSED] - Delayed 2 second(s)

2018-11-25 04:27:27 - [TEST_STEP][PASSED] - click: Object: 'Object Repository/Final Object Repo/Page_Form 3 EIS - Cessation as Employer/Add Document' is clicked on

2018-11-25 04:27:28 - [MESSAGE][PASSED] - Object: 'Object Repository/Final Object Repo/Page_Form 3 EIS - Cessation as Employer/Add Document' is clicked on

2018-11-25 04:27:28 - [TEST_STEP][PASSED] - delay: Delayed 3 second(s)

2018-11-25 04:27:31 - [MESSAGE][PASSED] - Delayed 3 second(s)

2018-11-25 04:27:31 - [TEST_STEP][PASSED] - click: Object: 'Object Repository/Final Object Repo/Page_Form 3 EIS - Cessation as Employer/Document Type' is clicked on

2018-11-25 04:27:31 - [MESSAGE][PASSED] - Object: 'Object Repository/Final Object Repo/Page_Form 3 EIS - Cessation as Employer/Document Type' is clicked on

2018-11-25 04:27:31 - [TEST_STEP][PASSED] - click: Object: 'Object Repository/Final Object Repo/Page_Form 3 EIS - Cessation as Employer/Document Type - Form 3' is clicked on

2018-11-25 04:27:31 - [MESSAGE][PASSED] - Object: 'Object Repository/Final Object Repo/Page_Form 3 EIS - Cessation as Employer/Document Type - Form 3' is clicked on

2018-11-25 04:27:31 - [TEST_STEP][PASSED] - delay: Delayed 2 second(s)

2018-11-25 04:27:33 - [MESSAGE][PASSED] - Delayed 2 second(s)

2018-11-25 04:27:33 - [TEST_STEP][PASSED] - sendKeys: Keys 'C:\Users\Public\Pictures\Sample Pictures\Koala.jpg' sent to object: 'Object Repository/Final Object Repo/Page_Form 3 EIS - Cessation as Employer/ploading File'

2018-11-25 04:27:33 - [MESSAGE][PASSED] - Keys 'C:\Users\Public\Pictures\Sample Pictures\Koala.jpg' sent to object: 'Object Repository/Final Object Repo/Page_Form 3 EIS - Cessation as Employer/ploading File'

2018-11-25 04:27:33 - [TEST_STEP][PASSED] - delay: Delayed 1 second(s)

2018-11-25 04:27:34 - [MESSAGE][PASSED] - Delayed 1 second(s)

2018-11-25 04:27:34 - [TEST_STEP][PASSED] - click: Object: 'Object Repository/Final Object Repo/Page_Form 3 EIS - Cessation as Employer/Add Document in Uploading Page' is clicked on

2018-11-25 04:27:34 - [MESSAGE][PASSED] - Object: 'Object Repository/Final Object Repo/Page_Form 3 EIS - Cessation as Employer/Add Document in Uploading Page' is clicked on

2018-11-25 04:27:34 - [TEST_STEP][PASSED] - delay: Delayed 2 second(s)

2018-11-25 04:27:36 - [MESSAGE][PASSED] - Delayed 2 second(s)

2018-11-25 04:27:36 - [TEST_STEP][PASSED] - Statement - CaseReferenceNo = com.kms.katalon.core.webui.keyword.WebUiBuiltInKeywords.getText(com.kms.katalon.core.testobject.ObjectRepository.findTestObject(Final Object Repo/Page_Update Employer Information/Reference Number in Update Employee Information Page)): Text of object 'Object Repository/Final Object Repo/Page_Update Employer Information/Reference Number in Update Employee Information Page' is: 'ERN112018C200002279'

2018-11-25 04:27:38 - [MESSAGE][PASSED] - Text of object 'Object Repository/Final Object Repo/Page_Update Employer Information/Reference Number in Update Employee Information Page' is: 'ERN112018C200002279'

2018-11-25 04:27:38 - [TEST_STEP][PASSED] - callTestCase: Call Test Case 'Test Cases/Final Aug 2018 - PKS Automation/Common/Reference Number Setter' successfully

2018-11-25 04:27:38 - [TEST_CASE][PASSED] - Test Cases/Final Aug 2018 - PKS Automation/Common/Reference Number Setter: Test Cases/Final Aug 2018 - PKS Automation/Common/Reference Number Setter

2018-11-25 04:27:38 - [TEST_STEP][PASSED] - Statement - RefNoOldFile = new java.io.File(C://Users//Admin//Desktop//PKS//Automation Reference Point//KatalonReference.txt): null

2018-11-25 04:27:38 - [TEST_STEP][PASSED] - Statement - RefNoOldFile.delete(): null

2018-11-25 04:27:38 - [TEST_STEP][PASSED] - delay: Delayed 5 second(s)

2018-11-25 04:27:43 - [MESSAGE][PASSED] - Delayed 5 second(s)

2018-11-25 04:27:43 - [TEST_STEP][PASSED] - Statement - RefNo = new java.io.File(C://Users//Admin//Desktop//PKS//Automation Reference Point//KatalonReference.txt): null

2018-11-25 04:27:43 - [TEST_STEP][PASSED] - Statement - f2 = new java.io.FileWriter(RefNo, false): null

2018-11-25 04:27:43 - [TEST_STEP][PASSED] - Statement - f2.write(CaseReferenceNo): null

2018-11-25 04:27:43 - [TEST_STEP][PASSED] - Statement - f2.close(): null

2018-11-25 04:27:43 - [TEST_STEP][PASSED] - Statement - out.println("


" + CaseReferenceNo + "


"): null

2018-11-25 04:27:43 - [MESSAGE][PASSED] - Call Test Case 'Test Cases/Final Aug 2018 - PKS Automation/Common/Reference Number Setter' successfully

2018-11-25 04:27:43 - [TEST_STEP][PASSED] - delay: Delayed 2 second(s)

2018-11-25 04:27:45 - [MESSAGE][PASSED] - Delayed 2 second(s)

2018-11-25 04:27:45 - [TEST_STEP][PASSED] - click: Object: 'Object Repository/Final Object Repo/Page_Form 3 EIS - Cessation as Employer/Save  Continue in Uploading Page' is clicked on

2018-11-25 04:27:46 - [MESSAGE][PASSED] - Object: 'Object Repository/Final Object Repo/Page_Form 3 EIS - Cessation as Employer/Save  Continue in Uploading Page' is clicked on

2018-11-25 04:27:46 - [TEST_STEP][PASSED] - delay: Delayed 2 second(s)

2018-11-25 04:27:48 - [MESSAGE][PASSED] - Delayed 2 second(s)

2018-11-25 04:27:48 - [TEST_STEP][PASSED] - click: Object: 'Object Repository/Final Object Repo/Page_Form 3 EIS - Cessation as Employer/Submit' is clicked on

2018-11-25 04:27:50 - [MESSAGE][PASSED] - Object: 'Object Repository/Final Object Repo/Page_Form 3 EIS - Cessation as Employer/Submit' is clicked on

2018-11-25 04:27:50 - [TEST_STEP][PASSED] - delay: Delayed 2 second(s)

2018-11-25 04:27:52 - [MESSAGE][PASSED] - Delayed 2 second(s)

2018-11-25 04:27:52 - [TEST_STEP][PASSED] - click: Object: 'Object Repository/Final Object Repo/Page_Form 3 EIS - Cessation as Employer/Confirm' is clicked on

2018-11-25 04:27:53 - [MESSAGE][PASSED] - Object: 'Object Repository/Final Object Repo/Page_Form 3 EIS - Cessation as Employer/Confirm' is clicked on

2018-11-25 04:27:53 - [TEST_STEP][PASSED] - delay: Delayed 2 second(s)

2018-11-25 04:27:55 - [MESSAGE][PASSED] - Delayed 2 second(s)

2018-11-25 04:27:55 - [TEST_STEP][PASSED] - click: Object: 'Object Repository/Final Object Repo/Page_Form 3 EIS - Cessation as Employer/Message Your Request will be routed to UO' is clicked on

2018-11-25 04:27:59 - [MESSAGE][PASSED] - Object: 'Object Repository/Final Object Repo/Page_Form 3 EIS - Cessation as Employer/Message Your Request will be routed to UO' is clicked on

2018-11-25 04:27:59 - [TEST_STEP][PASSED] - click: Object: 'Object Repository/Final Object Repo/Page_Form 3 EIS - Cessation as Employer/Letter of acknowledgement' is clicked on

2018-11-25 04:27:59 - [MESSAGE][PASSED] - Object: 'Object Repository/Final Object Repo/Page_Form 3 EIS - Cessation as Employer/Letter of acknowledgement' is clicked on

2018-11-25 04:27:59 - [MESSAGE][PASSED] - Call Test Case 'Test Cases/Final Aug 2018 - PKS Automation/Registration Module/Workflow/Form 3 EIS - Cessation As Employer/Template/Form 3 A - Cessation As Employer (OTC)' successfully

2018-11-25 04:27:59 - [TEST_STEP][FAILED] - callTestCase: Unable to call Test Case with id 'Test Cases/Final Aug 2018 - PKS Automation/Registration Module/Workflow/Form 3 EIS - Cessation As Employer/Template/Form 3 A - Cessation As Employer (Under enforcement)' (Root cause: Call Test Case 'Test Cases/Final Aug 2018 - PKS Automation/Registration Module/Workflow/Form 3 EIS - Cessation As Employer/Template/Form 3 A - Cessation As Employer (Under enforcement)' failed)

2018-11-25 04:27:59 - [TEST_CASE][FAILED] - Test Cases/Final Aug 2018 - PKS Automation/Registration Module/Workflow/Form 3 EIS - Cessation As Employer/Template/Form 3 A - Cessation As Employer (Under enforcement): Test Cases/Final Aug 2018 - PKS Automation/Registration Module/Workflow/Form 3 EIS - Cessation As Employer/Template/Form 3 A - Cessation As Employer (Under enforcement) FAILED because (of) (Stack trace: com.kms.katalon.core.exception.StepFailedException: Unable to click on object 'Object Repository/Final Object Repo/Landing Page/Select to English' (Root cause: com.kms.katalon.core.webui.exception.WebElementNotFoundException: Web element with id: 'Object Repository/Final Object Repo/Landing Page/Select to English' located by 'By.xpath: //a[@class = 'taglib-language-list-text' and @lang = 'en-US' and (contains(text(), 'EN') or contains(., 'EN'))]' not found)
	at com.kms.katalon.core.keyword.internal.KeywordMain.stepFailed(KeywordMain.groovy:32)
	at com.kms.katalon.core.webui.keyword.internal.WebUIKeywordMain.stepFailed(WebUIKeywordMain.groovy:65)
	at com.kms.katalon.core.webui.keyword.internal.WebUIKeywordMain.runKeyword(WebUIKeywordMain.groovy:27)
	at com.kms.katalon.core.webui.keyword.builtin.ClickKeyword.click(ClickKeyword.groovy:86)
	at com.kms.katalon.core.webui.keyword.builtin.ClickKeyword.execute(ClickKeyword.groovy:67)
	at com.kms.katalon.core.keyword.internal.KeywordExecutor.executeKeywordForPlatform(KeywordExecutor.groovy:53)
	at com.kms.katalon.core.webui.keyword.WebUiBuiltInKeywords.click(WebUiBuiltInKeywords.groovy:604)
	at com.kms.katalon.core.webui.keyword.WebUiBuiltInKeywords$click$9.call(Unknown Source)
	at Script1534407542420.run(Script1534407542420.groovy:57)
	at com.kms.katalon.core.main.ScriptEngine.run(ScriptEngine.java:183)
	at com.kms.katalon.core.main.ScriptEngine.runScriptAsRawText(ScriptEngine.java:108)
	at com.kms.katalon.core.main.TestCaseExecutor.runScript(TestCaseExecutor.java:294)
	at com.kms.katalon.core.main.TestCaseExecutor.doExecute(TestCaseExecutor.java:285)
	at com.kms.katalon.core.main.TestCaseExecutor.processExecutionPhase(TestCaseExecutor.java:264)
	at com.kms.katalon.core.main.TestCaseExecutor.accessMainPhase(TestCaseExecutor.java:256)
	at com.kms.katalon.core.main.TestCaseExecutor.execute(TestCaseExecutor.java:200)
	at com.kms.katalon.core.main.TestCaseMain.runTestCase(TestCaseMain.java:99)
	at com.kms.katalon.core.keyword.builtin.CallTestCaseKeyword$_callTestCase_closure1.doCall(CallTestCaseKeyword.groovy:60)
	at com.kms.katalon.core.keyword.builtin.CallTestCaseKeyword$_callTestCase_closure1.call(CallTestCaseKeyword.groovy)
	at com.kms.katalon.core.keyword.internal.KeywordMain.runKeyword(KeywordMain.groovy:54)
	at com.kms.katalon.core.keyword.builtin.CallTestCaseKeyword.callTestCase(CallTestCaseKeyword.groovy:81)
	at com.kms.katalon.core.keyword.builtin.CallTestCaseKeyword.execute(CallTestCaseKeyword.groovy:45)
	at com.kms.katalon.core.keyword.internal.KeywordExecutor.executeKeywordForPlatform(KeywordExecutor.groovy:53)
	at com.kms.katalon.core.keyword.BuiltinKeywords.callTestCase(BuiltinKeywords.groovy:334)
	at sun.reflect.GeneratedMethodAccessor15.invoke(Unknown Source)
	at sun.reflect.DelegatingMethodAccessorImpl.invoke(DelegatingMethodAccessorImpl.java:43)
	at java.lang.reflect.Method.invoke(Method.java:498)
	at org.codehaus.groovy.reflection.CachedMethod.invoke(CachedMethod.java:93)
	at groovy.lang.MetaMethod.doMethodInvoke(MetaMethod.java:325)
	at groovy.lang.MetaClassImpl.invokeStaticMethod(MetaClassImpl.java:1469)
	at org.codehaus.groovy.runtime.callsite.StaticMetaClassSite.call(StaticMetaClassSite.java:53)
	at org.codehaus.groovy.runtime.callsite.CallSiteArray.defaultCall(CallSiteArray.java:48)
	at org.codehaus.groovy.runtime.callsite.AbstractCallSite.call(AbstractCallSite.java:113)
	at org.codehaus.groovy.runtime.callsite.AbstractCallSite.call(AbstractCallSite.java:141)
	at Script1536113546450.run(Script1536113546450.groovy:34)
	at com.kms.katalon.core.main.ScriptEngine.run(ScriptEngine.java:183)
	at com.kms.katalon.core.main.ScriptEngine.runScriptAsRawText(ScriptEngine.java:108)
	at com.kms.katalon.core.main.TestCaseExecutor.runScript(TestCaseExecutor.java:294)
	at com.kms.katalon.core.main.TestCaseExecutor.doExecute(TestCaseExecutor.java:285)
	at com.kms.katalon.core.main.TestCaseExecutor.processExecutionPhase(TestCaseExecutor.java:264)
	at com.kms.katalon.core.main.TestCaseExecutor.accessMainPhase(TestCaseExecutor.java:256)
	at com.kms.katalon.core.main.TestCaseExecutor.execute(TestCaseExecutor.java:200)
	at com.kms.katalon.core.main.TestCaseMain.runTestCase(TestCaseMain.java:99)
	at com.kms.katalon.core.keyword.builtin.CallTestCaseKeyword$_callTestCase_closure1.doCall(CallTestCaseKeyword.groovy:60)
	at com.kms.katalon.core.keyword.builtin.CallTestCaseKeyword$_callTestCase_closure1.call(CallTestCaseKeyword.groovy)
	at com.kms.katalon.core.keyword.internal.KeywordMain.runKeyword(KeywordMain.groovy:54)
	at com.kms.katalon.core.keyword.builtin.CallTestCaseKeyword.callTestCase(CallTestCaseKeyword.groovy:81)
	at com.kms.katalon.core.keyword.builtin.CallTestCaseKeyword.execute(CallTestCaseKeyword.groovy:45)
	at com.kms.katalon.core.keyword.internal.KeywordExecutor.executeKeywordForPlatform(KeywordExecutor.groovy:53)
	at com.kms.katalon.core.keyword.BuiltinKeywords.callTestCase(BuiltinKeywords.groovy:334)
	at sun.reflect.GeneratedMethodAccessor15.invoke(Unknown Source)
	at sun.reflect.DelegatingMethodAccessorImpl.invoke(DelegatingMethodAccessorImpl.java:43)
	at java.lang.reflect.Method.invoke(Method.java:498)
	at org.codehaus.groovy.reflection.CachedMethod.invoke(CachedMethod.java:93)
	at groovy.lang.MetaMethod.doMethodInvoke(MetaMethod.java:325)
	at groovy.lang.MetaClassImpl.invokeStaticMethod(MetaClassImpl.java:1469)
	at org.codehaus.groovy.runtime.callsite.StaticMetaClassSite.call(StaticMetaClassSite.java:53)
	at org.codehaus.groovy.runtime.callsite.CallSiteArray.defaultCall(CallSiteArray.java:48)
	at org.codehaus.groovy.runtime.callsite.AbstractCallSite.call(AbstractCallSite.java:113)
	at org.codehaus.groovy.runtime.callsite.AbstractCallSite.call(AbstractCallSite.java:141)
	at Script1536733775156.run(Script1536733775156.groovy:25)
	at com.kms.katalon.core.main.ScriptEngine.run(ScriptEngine.java:183)
	at com.kms.katalon.core.main.ScriptEngine.runScriptAsRawText(ScriptEngine.java:108)
	at com.kms.katalon.core.main.TestCaseExecutor.runScript(TestCaseExecutor.java:294)
	at com.kms.katalon.core.main.TestCaseExecutor.doExecute(TestCaseExecutor.java:285)
	at com.kms.katalon.core.main.TestCaseExecutor.processExecutionPhase(TestCaseExecutor.java:264)
	at com.kms.katalon.core.main.TestCaseExecutor.accessMainPhase(TestCaseExecutor.java:256)
	at com.kms.katalon.core.main.TestCaseExecutor.execute(TestCaseExecutor.java:200)
	at com.kms.katalon.core.main.TestSuiteExecutor.accessTestCaseMainPhase(TestSuiteExecutor.java:129)
	at com.kms.katalon.core.main.TestSuiteExecutor.accessTestSuiteMainPhase(TestSuiteExecutor.java:112)
	at com.kms.katalon.core.main.TestSuiteExecutor.execute(TestSuiteExecutor.java:81)
	at com.kms.katalon.core.main.TestCaseMain.startTestSuite(TestCaseMain.java:142)
	at com.kms.katalon.core.main.TestCaseMain$startTestSuite$0.call(Unknown Source)
	at org.codehaus.groovy.runtime.callsite.CallSiteArray.defaultCall(CallSiteArray.java:48)
	at org.codehaus.groovy.runtime.callsite.AbstractCallSite.call(AbstractCallSite.java:113)
	at org.codehaus.groovy.runtime.callsite.AbstractCallSite.call(AbstractCallSite.java:141)
	at TempTestSuite1543076525234.run(TempTestSuite1543076525234.groovy:36)
	at groovy.lang.GroovyShell.runScriptOrMainOrTestOrRunnable(GroovyShell.java:263)
	at groovy.lang.GroovyShell.run(GroovyShell.java:518)
	at groovy.lang.GroovyShell.run(GroovyShell.java:507)
	at groovy.ui.GroovyMain.processOnce(GroovyMain.java:653)
	at groovy.ui.GroovyMain.run(GroovyMain.java:384)
	at groovy.ui.GroovyMain.process(GroovyMain.java:370)
	at groovy.ui.GroovyMain.processArgs(GroovyMain.java:129)
	at groovy.ui.GroovyMain.main(GroovyMain.java:109)
	at sun.reflect.NativeMethodAccessorImpl.invoke0(Native Method)
	at sun.reflect.NativeMethodAccessorImpl.invoke(NativeMethodAccessorImpl.java:62)
	at sun.reflect.DelegatingMethodAccessorImpl.invoke(DelegatingMethodAccessorImpl.java:43)
	at java.lang.reflect.Method.invoke(Method.java:498)
	at org.codehaus.groovy.tools.GroovyStarter.rootLoader(GroovyStarter.java:109)
	at org.codehaus.groovy.tools.GroovyStarter.main(GroovyStarter.java:131)
)

2018-11-25 04:28:00 - [TEST_STEP][NOT_RUN] - callTestCase: NOT_RUN: callTestCase

2018-11-25 04:28:00 - [MESSAGE][NOT_RUN] - NOT_RUN: callTestCase

2018-11-25 04:28:00 - [TEST_STEP][PASSED] - delay: Delayed 1 second(s)

2018-11-25 04:28:01 - [MESSAGE][PASSED] - Delayed 1 second(s)

2018-11-25 04:28:01 - [TEST_STEP][PASSED] - navigateToUrl: Navigate to 'https://assist2-uat.perkeso.gov.my/c/portal/logout' successfully

2018-11-25 04:28:01 - [MESSAGE][PASSED] - Navigate to 'https://assist2-uat.perkeso.gov.my/c/portal/logout' successfully

2018-11-25 04:28:01 - [TEST_STEP][PASSED] - delay: Delayed 1 second(s)

2018-11-25 04:28:02 - [MESSAGE][PASSED] - Delayed 1 second(s)

2018-11-25 04:28:02 - [TEST_STEP][PASSED] - callTestCase: Call Test Case 'Test Cases/Final Aug 2018 - PKS Automation/Common/Reference Number Getter' successfully

2018-11-25 04:28:02 - [TEST_CASE][PASSED] - Test Cases/Final Aug 2018 - PKS Automation/Common/Reference Number Getter: Test Cases/Final Aug 2018 - PKS Automation/Common/Reference Number Getter

2018-11-25 04:28:02 - [TEST_STEP][PASSED] - Statement - Try: null

2018-11-25 04:28:02 - [TEST_STEP][PASSED] - Statement - RefNo = new java.io.File(C://Users//Admin//Desktop//PKS//Automation Reference Point//KatalonReference.txt): null

2018-11-25 04:28:02 - [TEST_STEP][PASSED] - Statement - bufferread = new java.io.BufferedReader(new java.io.FileReader(RefNo)): null

2018-11-25 04:28:02 - [TEST_STEP][PASSED] - Statement - readedVal = bufferread.readLine(): null

2018-11-25 04:28:02 - [TEST_STEP][PASSED] - Statement - out.println(CaseReferenceNo): null

2018-11-25 04:28:02 - [TEST_STEP][PASSED] - Statement - out.println(readedVal): null

2018-11-25 04:28:02 - [TEST_STEP][PASSED] - Statement - CaseReferenceNo = "": null

2018-11-25 04:28:02 - [TEST_STEP][PASSED] - Statement - CaseReferenceNo = readedVal: null

2018-11-25 04:28:02 - [MESSAGE][PASSED] - Call Test Case 'Test Cases/Final Aug 2018 - PKS Automation/Common/Reference Number Getter' successfully

2018-11-25 04:28:02 - [TEST_STEP][FAILED] - callTestCase: Unable to call Test Case with id 'Test Cases/Final Aug 2018 - PKS Automation/Common/Workflow Owner Finder' (Root cause: Call Test Case 'Test Cases/Final Aug 2018 - PKS Automation/Common/Workflow Owner Finder' failed)

2018-11-25 04:28:02 - [TEST_CASE][FAILED] - Test Cases/Final Aug 2018 - PKS Automation/Common/Workflow Owner Finder: Test Cases/Final Aug 2018 - PKS Automation/Common/Workflow Owner Finder FAILED because (of) (Stack trace: com.kms.katalon.core.exception.StepFailedException: Unable to click on object 'Object Repository/Final Object Repo/Landing Page/Select to English' (Root cause: com.kms.katalon.core.webui.exception.WebElementNotFoundException: Web element with id: 'Object Repository/Final Object Repo/Landing Page/Select to English' located by 'By.xpath: //a[@class = 'taglib-language-list-text' and @lang = 'en-US' and (contains(text(), 'EN') or contains(., 'EN'))]' not found)
	at com.kms.katalon.core.keyword.internal.KeywordMain.stepFailed(KeywordMain.groovy:32)
	at com.kms.katalon.core.webui.keyword.internal.WebUIKeywordMain.stepFailed(WebUIKeywordMain.groovy:65)
	at com.kms.katalon.core.webui.keyword.internal.WebUIKeywordMain.runKeyword(WebUIKeywordMain.groovy:27)
	at com.kms.katalon.core.webui.keyword.builtin.ClickKeyword.click(ClickKeyword.groovy:86)
	at com.kms.katalon.core.webui.keyword.builtin.ClickKeyword.execute(ClickKeyword.groovy:67)
	at com.kms.katalon.core.keyword.internal.KeywordExecutor.executeKeywordForPlatform(KeywordExecutor.groovy:53)
	at com.kms.katalon.core.webui.keyword.WebUiBuiltInKeywords.click(WebUiBuiltInKeywords.groovy:604)
	at com.kms.katalon.core.webui.keyword.WebUiBuiltInKeywords$click$9.call(Unknown Source)
	at Script1534407542420.run(Script1534407542420.groovy:57)
	at com.kms.katalon.core.main.ScriptEngine.run(ScriptEngine.java:183)
	at com.kms.katalon.core.main.ScriptEngine.runScriptAsRawText(ScriptEngine.java:108)
	at com.kms.katalon.core.main.TestCaseExecutor.runScript(TestCaseExecutor.java:294)
	at com.kms.katalon.core.main.TestCaseExecutor.doExecute(TestCaseExecutor.java:285)
	at com.kms.katalon.core.main.TestCaseExecutor.processExecutionPhase(TestCaseExecutor.java:264)
	at com.kms.katalon.core.main.TestCaseExecutor.accessMainPhase(TestCaseExecutor.java:256)
	at com.kms.katalon.core.main.TestCaseExecutor.execute(TestCaseExecutor.java:200)
	at com.kms.katalon.core.main.TestCaseMain.runTestCase(TestCaseMain.java:99)
	at com.kms.katalon.core.keyword.builtin.CallTestCaseKeyword$_callTestCase_closure1.doCall(CallTestCaseKeyword.groovy:60)
	at com.kms.katalon.core.keyword.builtin.CallTestCaseKeyword$_callTestCase_closure1.call(CallTestCaseKeyword.groovy)
	at com.kms.katalon.core.keyword.internal.KeywordMain.runKeyword(KeywordMain.groovy:54)
	at com.kms.katalon.core.keyword.builtin.CallTestCaseKeyword.callTestCase(CallTestCaseKeyword.groovy:81)
	at com.kms.katalon.core.keyword.builtin.CallTestCaseKeyword.execute(CallTestCaseKeyword.groovy:45)
	at com.kms.katalon.core.keyword.internal.KeywordExecutor.executeKeywordForPlatform(KeywordExecutor.groovy:53)
	at com.kms.katalon.core.keyword.BuiltinKeywords.callTestCase(BuiltinKeywords.groovy:334)
	at sun.reflect.GeneratedMethodAccessor15.invoke(Unknown Source)
	at sun.reflect.DelegatingMethodAccessorImpl.invoke(DelegatingMethodAccessorImpl.java:43)
	at java.lang.reflect.Method.invoke(Method.java:498)
	at org.codehaus.groovy.reflection.CachedMethod.invoke(CachedMethod.java:93)
	at groovy.lang.MetaMethod.doMethodInvoke(MetaMethod.java:325)
	at groovy.lang.MetaClassImpl.invokeStaticMethod(MetaClassImpl.java:1469)
	at org.codehaus.groovy.runtime.callsite.StaticMetaClassSite.call(StaticMetaClassSite.java:53)
	at org.codehaus.groovy.runtime.callsite.CallSiteArray.defaultCall(CallSiteArray.java:48)
	at org.codehaus.groovy.runtime.callsite.AbstractCallSite.call(AbstractCallSite.java:113)
	at org.codehaus.groovy.runtime.callsite.AbstractCallSite.call(AbstractCallSite.java:141)
	at Script1536113546450.run(Script1536113546450.groovy:34)
	at com.kms.katalon.core.main.ScriptEngine.run(ScriptEngine.java:183)
	at com.kms.katalon.core.main.ScriptEngine.runScriptAsRawText(ScriptEngine.java:108)
	at com.kms.katalon.core.main.TestCaseExecutor.runScript(TestCaseExecutor.java:294)
	at com.kms.katalon.core.main.TestCaseExecutor.doExecute(TestCaseExecutor.java:285)
	at com.kms.katalon.core.main.TestCaseExecutor.processExecutionPhase(TestCaseExecutor.java:264)
	at com.kms.katalon.core.main.TestCaseExecutor.accessMainPhase(TestCaseExecutor.java:256)
	at com.kms.katalon.core.main.TestCaseExecutor.execute(TestCaseExecutor.java:200)
	at com.kms.katalon.core.main.TestCaseMain.runTestCase(TestCaseMain.java:99)
	at com.kms.katalon.core.keyword.builtin.CallTestCaseKeyword$_callTestCase_closure1.doCall(CallTestCaseKeyword.groovy:60)
	at com.kms.katalon.core.keyword.builtin.CallTestCaseKeyword$_callTestCase_closure1.call(CallTestCaseKeyword.groovy)
	at com.kms.katalon.core.keyword.internal.KeywordMain.runKeyword(KeywordMain.groovy:54)
	at com.kms.katalon.core.keyword.builtin.CallTestCaseKeyword.callTestCase(CallTestCaseKeyword.groovy:81)
	at com.kms.katalon.core.keyword.builtin.CallTestCaseKeyword.execute(CallTestCaseKeyword.groovy:45)
	at com.kms.katalon.core.keyword.internal.KeywordExecutor.executeKeywordForPlatform(KeywordExecutor.groovy:53)
	at com.kms.katalon.core.keyword.BuiltinKeywords.callTestCase(BuiltinKeywords.groovy:334)
	at sun.reflect.GeneratedMethodAccessor15.invoke(Unknown Source)
	at sun.reflect.DelegatingMethodAccessorImpl.invoke(DelegatingMethodAccessorImpl.java:43)
	at java.lang.reflect.Method.invoke(Method.java:498)
	at org.codehaus.groovy.reflection.CachedMethod.invoke(CachedMethod.java:93)
	at groovy.lang.MetaMethod.doMethodInvoke(MetaMethod.java:325)
	at groovy.lang.MetaClassImpl.invokeStaticMethod(MetaClassImpl.java:1469)
	at org.codehaus.groovy.runtime.callsite.StaticMetaClassSite.call(StaticMetaClassSite.java:53)
	at org.codehaus.groovy.runtime.callsite.CallSiteArray.defaultCall(CallSiteArray.java:48)
	at org.codehaus.groovy.runtime.callsite.AbstractCallSite.call(AbstractCallSite.java:113)
	at org.codehaus.groovy.runtime.callsite.AbstractCallSite.call(AbstractCallSite.java:141)
	at Script1536733775156.run(Script1536733775156.groovy:25)
	at com.kms.katalon.core.main.ScriptEngine.run(ScriptEngine.java:183)
	at com.kms.katalon.core.main.ScriptEngine.runScriptAsRawText(ScriptEngine.java:108)
	at com.kms.katalon.core.main.TestCaseExecutor.runScript(TestCaseExecutor.java:294)
	at com.kms.katalon.core.main.TestCaseExecutor.doExecute(TestCaseExecutor.java:285)
	at com.kms.katalon.core.main.TestCaseExecutor.processExecutionPhase(TestCaseExecutor.java:264)
	at com.kms.katalon.core.main.TestCaseExecutor.accessMainPhase(TestCaseExecutor.java:256)
	at com.kms.katalon.core.main.TestCaseExecutor.execute(TestCaseExecutor.java:200)
	at com.kms.katalon.core.main.TestSuiteExecutor.accessTestCaseMainPhase(TestSuiteExecutor.java:129)
	at com.kms.katalon.core.main.TestSuiteExecutor.accessTestSuiteMainPhase(TestSuiteExecutor.java:112)
	at com.kms.katalon.core.main.TestSuiteExecutor.execute(TestSuiteExecutor.java:81)
	at com.kms.katalon.core.main.TestCaseMain.startTestSuite(TestCaseMain.java:142)
	at com.kms.katalon.core.main.TestCaseMain$startTestSuite$0.call(Unknown Source)
	at org.codehaus.groovy.runtime.callsite.CallSiteArray.defaultCall(CallSiteArray.java:48)
	at org.codehaus.groovy.runtime.callsite.AbstractCallSite.call(AbstractCallSite.java:113)
	at org.codehaus.groovy.runtime.callsite.AbstractCallSite.call(AbstractCallSite.java:141)
	at TempTestSuite1543076525234.run(TempTestSuite1543076525234.groovy:36)
	at groovy.lang.GroovyShell.runScriptOrMainOrTestOrRunnable(GroovyShell.java:263)
	at groovy.lang.GroovyShell.run(GroovyShell.java:518)
	at groovy.lang.GroovyShell.run(GroovyShell.java:507)
	at groovy.ui.GroovyMain.processOnce(GroovyMain.java:653)
	at groovy.ui.GroovyMain.run(GroovyMain.java:384)
	at groovy.ui.GroovyMain.process(GroovyMain.java:370)
	at groovy.ui.GroovyMain.processArgs(GroovyMain.java:129)
	at groovy.ui.GroovyMain.main(GroovyMain.java:109)
	at sun.reflect.NativeMethodAccessorImpl.invoke0(Native Method)
	at sun.reflect.NativeMethodAccessorImpl.invoke(NativeMethodAccessorImpl.java:62)
	at sun.reflect.DelegatingMethodAccessorImpl.invoke(DelegatingMethodAccessorImpl.java:43)
	at java.lang.reflect.Method.invoke(Method.java:498)
	at org.codehaus.groovy.tools.GroovyStarter.rootLoader(GroovyStarter.java:109)
	at org.codehaus.groovy.tools.GroovyStarter.main(GroovyStarter.java:131)
)

2018-11-25 04:28:02 - [TEST_STEP][PASSED] - openBrowser: Browser is opened with url: ''

2018-11-25 04:28:02 - [MESSAGE][WARNING] - A browser is already opened. Closing browser and opening a new one

2018-11-25 04:28:06 - [MESSAGE][PASSED] - Browser is opened with url: ''

2018-11-25 04:28:06 - [TEST_STEP][PASSED] - navigateToUrl: Navigate to 'https://assist2-uat.perkeso.gov.my/login' successfully

2018-11-25 04:28:07 - [MESSAGE][PASSED] - Navigate to 'https://assist2-uat.perkeso.gov.my/login' successfully

2018-11-25 04:28:07 - [TEST_STEP][PASSED] - delay: Delayed 5 second(s)

2018-11-25 04:28:12 - [MESSAGE][PASSED] - Delayed 5 second(s)

2018-11-25 04:28:12 - [TEST_STEP][PASSED] - setText: Text 'test@liferay.com' is set on object 'Object Repository/Final Object Repo/Login Page/Internal User/Email Address'

2018-11-25 04:28:13 - [MESSAGE][PASSED] - Text 'test@liferay.com' is set on object 'Object Repository/Final Object Repo/Login Page/Internal User/Email Address'

2018-11-25 04:28:13 - [TEST_STEP][PASSED] - click: Object: 'Object Repository/Final Object Repo/Login Page/Internal User/Next Button' is clicked on

2018-11-25 04:28:13 - [MESSAGE][PASSED] - Object: 'Object Repository/Final Object Repo/Login Page/Internal User/Next Button' is clicked on

2018-11-25 04:28:13 - [TEST_STEP][PASSED] - delay: Delayed 2 second(s)

2018-11-25 04:28:15 - [MESSAGE][PASSED] - Delayed 2 second(s)

2018-11-25 04:28:15 - [TEST_STEP][PASSED] - setText: Text 'test' is set on object 'Object Repository/Final Object Repo/Login Page/Internal User/Password'

2018-11-25 04:28:15 - [MESSAGE][PASSED] - Text 'test' is set on object 'Object Repository/Final Object Repo/Login Page/Internal User/Password'

2018-11-25 04:28:15 - [TEST_STEP][PASSED] - delay: Delayed 2 second(s)

2018-11-25 04:28:17 - [MESSAGE][PASSED] - Delayed 2 second(s)

2018-11-25 04:28:17 - [TEST_STEP][PASSED] - click: Object: 'Object Repository/Final Object Repo/Login Page/Internal User/Login Button' is clicked on

2018-11-25 04:28:17 - [MESSAGE][PASSED] - Object: 'Object Repository/Final Object Repo/Login Page/Internal User/Login Button' is clicked on

2018-11-25 04:28:17 - [TEST_STEP][FAILED] - Statement - Try: Delayed 2 second(s)

2018-11-25 04:28:17 - [TEST_STEP][PASSED] - Statement - Checker = false: null

2018-11-25 04:28:17 - [TEST_STEP][PASSED] - Statement - Checker = com.kms.katalon.core.webui.keyword.WebUiBuiltInKeywords.verifyElementHasAttribute(com.kms.katalon.core.testobject.ObjectRepository.findTestObject(Final Object Repo/Landing Page/BM Detecting), "href", 20, OPTIONAL): Unable to verify if object 'Object Repository/Final Object Repo/Landing Page/BM Detecting' has attribute 'href' (Root cause: org.openqa.selenium.StaleElementReferenceException: stale element reference: element is not attached to the page document
  (Session info: chrome=70.0.3538.102)
  (Driver info: chromedriver=2.43.600210 (68dcf5eebde37173d4027fa8635e332711d2874a),platform=Windows NT 6.1.7601 SP1 x86_64) (WARNING: The server did not provide any stacktrace information)
Command duration or timeout: 0 milliseconds
For documentation on this error, please visit: http://seleniumhq.org/exceptions/stale_element_reference.html
Build info: version: '3.7.1', revision: '8a0099a', time: '2017-11-06T21:07:36.161Z'
System info: host: 'WIN7TEST02', ip: '10.20.3.72', os.name: 'Windows 7', os.arch: 'amd64', os.version: '6.1', java.version: '1.8.0_181'
Driver info: com.kms.katalon.selenium.driver.CChromeDriver
Capabilities {acceptInsecureCerts: false, acceptSslCerts: false, applicationCacheEnabled: false, browserConnectionEnabled: false, browserName: chrome, chrome: {chromedriverVersion: 2.43.600210 (68dcf5eebde371..., userDataDir: C:\Users\Admin\AppData\Loca...}, cssSelectorsEnabled: true, databaseEnabled: false, goog:chromeOptions: {debuggerAddress: localhost:53296}, handlesAlerts: true, hasTouchScreen: false, javascriptEnabled: true, locationContextEnabled: true, mobileEmulationEnabled: false, nativeEvents: true, networkConnectionEnabled: false, pageLoadStrategy: normal, platform: XP, platformName: XP, rotatable: false, setWindowRect: true, takesHeapSnapshot: true, takesScreenshot: true, unexpectedAlertBehaviour: , unhandledPromptBehavior: , version: 70.0.3538.102, webStorageEnabled: true}
Session ID: 35c2b6c5858056d49ddc36ca440d993e)

2018-11-25 04:28:19 - [MESSAGE][WARNING] - Unable to verify if object 'Object Repository/Final Object Repo/Landing Page/BM Detecting' has attribute 'href' (Root cause: org.openqa.selenium.StaleElementReferenceException: stale element reference: element is not attached to the page document
  (Session info: chrome=70.0.3538.102)
  (Driver info: chromedriver=2.43.600210 (68dcf5eebde37173d4027fa8635e332711d2874a),platform=Windows NT 6.1.7601 SP1 x86_64) (WARNING: The server did not provide any stacktrace information)
Command duration or timeout: 0 milliseconds
For documentation on this error, please visit: http://seleniumhq.org/exceptions/stale_element_reference.html
Build info: version: '3.7.1', revision: '8a0099a', time: '2017-11-06T21:07:36.161Z'
System info: host: 'WIN7TEST02', ip: '10.20.3.72', os.name: 'Windows 7', os.arch: 'amd64', os.version: '6.1', java.version: '1.8.0_181'
Driver info: com.kms.katalon.selenium.driver.CChromeDriver
Capabilities {acceptInsecureCerts: false, acceptSslCerts: false, applicationCacheEnabled: false, browserConnectionEnabled: false, browserName: chrome, chrome: {chromedriverVersion: 2.43.600210 (68dcf5eebde371..., userDataDir: C:\Users\Admin\AppData\Loca...}, cssSelectorsEnabled: true, databaseEnabled: false, goog:chromeOptions: {debuggerAddress: localhost:53296}, handlesAlerts: true, hasTouchScreen: false, javascriptEnabled: true, locationContextEnabled: true, mobileEmulationEnabled: false, nativeEvents: true, networkConnectionEnabled: false, pageLoadStrategy: normal, platform: XP, platformName: XP, rotatable: false, setWindowRect: true, takesHeapSnapshot: true, takesScreenshot: true, unexpectedAlertBehaviour: , unhandledPromptBehavior: , version: 70.0.3538.102, webStorageEnabled: true}
Session ID: 35c2b6c5858056d49ddc36ca440d993e)
[[ATTACHMENT|C:\\Users\\Admin\\Desktop\\PKS\\Perkeso Phase A\\Reports\\Workflow\\Form 3 EIS - Cessation as Employer\\20181125_002205\\1543091299477.png]]

2018-11-25 04:28:19 - [TEST_STEP][PASSED] - Statement - out.println(Checker): null

2018-11-25 04:28:19 - [TEST_STEP][FAILED] - Statement - If (Checker == false): Unable to click on object 'Object Repository/Final Object Repo/Landing Page/Select to English' (Root cause: com.kms.katalon.core.webui.exception.WebElementNotFoundException: Web element with id: 'Object Repository/Final Object Repo/Landing Page/Select to English' located by 'By.xpath: //a[@class = 'taglib-language-list-text' and @lang = 'en-US' and (contains(text(), 'EN') or contains(., 'EN'))]' not found)

2018-11-25 04:28:19 - [TEST_STEP][FAILED] - click: Unable to click on object 'Object Repository/Final Object Repo/Landing Page/Select to English' (Root cause: com.kms.katalon.core.webui.exception.WebElementNotFoundException: Web element with id: 'Object Repository/Final Object Repo/Landing Page/Select to English' located by 'By.xpath: //a[@class = 'taglib-language-list-text' and @lang = 'en-US' and (contains(text(), 'EN') or contains(., 'EN'))]' not found)

2018-11-25 04:28:57 - [MESSAGE][FAILED] - Unable to click on object 'Object Repository/Final Object Repo/Landing Page/Select to English' (Root cause: com.kms.katalon.core.webui.exception.WebElementNotFoundException: Web element with id: 'Object Repository/Final Object Repo/Landing Page/Select to English' located by 'By.xpath: //a[@class = 'taglib-language-list-text' and @lang = 'en-US' and (contains(text(), 'EN') or contains(., 'EN'))]' not found)
[[ATTACHMENT|C:\\Users\\Admin\\Desktop\\PKS\\Perkeso Phase A\\Reports\\Workflow\\Form 3 EIS - Cessation as Employer\\20181125_002205\\1543091336869.png]]

2018-11-25 04:28:57 - [TEST_STEP][PASSED] - delay: Delayed 2 second(s)

2018-11-25 04:28:59 - [MESSAGE][PASSED] - Delayed 2 second(s)

2018-11-25 04:28:59 - [TEST_STEP][PASSED] - delay: Delayed 3 second(s)

2018-11-25 04:29:02 - [MESSAGE][PASSED] - Delayed 3 second(s)

2018-11-25 04:29:02 - [TEST_STEP][PASSED] - mouseOver: Object: 'Object Repository/Final Object Repo/Landing Page/WorkFlow Menu' is hovered

2018-11-25 04:29:02 - [MESSAGE][PASSED] - Object: 'Object Repository/Final Object Repo/Landing Page/WorkFlow Menu' is hovered

2018-11-25 04:29:02 - [TEST_STEP][PASSED] - delay: Delayed 2 second(s)

2018-11-25 04:29:04 - [MESSAGE][PASSED] - Delayed 2 second(s)

2018-11-25 04:29:04 - [TEST_STEP][FAILED] - click: Unable to click on object 'Object Repository/Final Object Repo/Landing Page/Select to Workflow Listing' (Root cause: org.openqa.selenium.ElementNotVisibleException: element not interactable
  (Session info: chrome=70.0.3538.102)
  (Driver info: chromedriver=2.43.600210 (68dcf5eebde37173d4027fa8635e332711d2874a),platform=Windows NT 6.1.7601 SP1 x86_64) (WARNING: The server did not provide any stacktrace information)
Command duration or timeout: 0 milliseconds
Build info: version: '3.7.1', revision: '8a0099a', time: '2017-11-06T21:07:36.161Z'
System info: host: 'WIN7TEST02', ip: '10.20.3.72', os.name: 'Windows 7', os.arch: 'amd64', os.version: '6.1', java.version: '1.8.0_181'
Driver info: com.kms.katalon.selenium.driver.CChromeDriver
Capabilities {acceptInsecureCerts: false, acceptSslCerts: false, applicationCacheEnabled: false, browserConnectionEnabled: false, browserName: chrome, chrome: {chromedriverVersion: 2.43.600210 (68dcf5eebde371..., userDataDir: C:\Users\Admin\AppData\Loca...}, cssSelectorsEnabled: true, databaseEnabled: false, goog:chromeOptions: {debuggerAddress: localhost:53296}, handlesAlerts: true, hasTouchScreen: false, javascriptEnabled: true, locationContextEnabled: true, mobileEmulationEnabled: false, nativeEvents: true, networkConnectionEnabled: false, pageLoadStrategy: normal, platform: XP, platformName: XP, rotatable: false, setWindowRect: true, takesHeapSnapshot: true, takesScreenshot: true, unexpectedAlertBehaviour: , unhandledPromptBehavior: , version: 70.0.3538.102, webStorageEnabled: true}
Session ID: 35c2b6c5858056d49ddc36ca440d993e)

2018-11-25 04:29:04 - [MESSAGE][FAILED] - Unable to click on object 'Object Repository/Final Object Repo/Landing Page/Select to Workflow Listing' (Root cause: org.openqa.selenium.ElementNotVisibleException: element not interactable
  (Session info: chrome=70.0.3538.102)
  (Driver info: chromedriver=2.43.600210 (68dcf5eebde37173d4027fa8635e332711d2874a),platform=Windows NT 6.1.7601 SP1 x86_64) (WARNING: The server did not provide any stacktrace information)
Command duration or timeout: 0 milliseconds
Build info: version: '3.7.1', revision: '8a0099a', time: '2017-11-06T21:07:36.161Z'
System info: host: 'WIN7TEST02', ip: '10.20.3.72', os.name: 'Windows 7', os.arch: 'amd64', os.version: '6.1', java.version: '1.8.0_181'
Driver info: com.kms.katalon.selenium.driver.CChromeDriver
Capabilities {acceptInsecureCerts: false, acceptSslCerts: false, applicationCacheEnabled: false, browserConnectionEnabled: false, browserName: chrome, chrome: {chromedriverVersion: 2.43.600210 (68dcf5eebde371..., userDataDir: C:\Users\Admin\AppData\Loca...}, cssSelectorsEnabled: true, databaseEnabled: false, goog:chromeOptions: {debuggerAddress: localhost:53296}, handlesAlerts: true, hasTouchScreen: false, javascriptEnabled: true, locationContextEnabled: true, mobileEmulationEnabled: false, nativeEvents: true, networkConnectionEnabled: false, pageLoadStrategy: normal, platform: XP, platformName: XP, rotatable: false, setWindowRect: true, takesHeapSnapshot: true, takesScreenshot: true, unexpectedAlertBehaviour: , unhandledPromptBehavior: , version: 70.0.3538.102, webStorageEnabled: true}
Session ID: 35c2b6c5858056d49ddc36ca440d993e)
[[ATTACHMENT|C:\\Users\\Admin\\Desktop\\PKS\\Perkeso Phase A\\Reports\\Workflow\\Form 3 EIS - Cessation as Employer\\20181125_002205\\1543091344394.png]]

2018-11-25 04:29:04 - [TEST_STEP][PASSED] - delay: Delayed 2 second(s)

2018-11-25 04:29:06 - [MESSAGE][PASSED] - Delayed 2 second(s)

2018-11-25 04:29:06 - [TEST_STEP][FAILED] - click: Unable to click on object 'Object Repository/Final Object Repo/WorkFlow Listing Page/Search Information - To Put Ref No' (Root cause: com.kms.katalon.core.webui.exception.WebElementNotFoundException: Web element with id: 'Object Repository/Final Object Repo/WorkFlow Listing Page/Search Information - To Put Ref No' located by 'By.xpath: //h2[@data-target = '#_workflowlisting_WAR_baseportlet_searchDiv' and (text() = 'Search Information' or . = 'Search Information')]' not found)

2018-11-25 04:29:38 - [MESSAGE][FAILED] - Unable to click on object 'Object Repository/Final Object Repo/WorkFlow Listing Page/Search Information - To Put Ref No' (Root cause: com.kms.katalon.core.webui.exception.WebElementNotFoundException: Web element with id: 'Object Repository/Final Object Repo/WorkFlow Listing Page/Search Information - To Put Ref No' located by 'By.xpath: //h2[@data-target = '#_workflowlisting_WAR_baseportlet_searchDiv' and (text() = 'Search Information' or . = 'Search Information')]' not found)
[[ATTACHMENT|C:\\Users\\Admin\\Desktop\\PKS\\Perkeso Phase A\\Reports\\Workflow\\Form 3 EIS - Cessation as Employer\\20181125_002205\\1543091378002.png]]

2018-11-25 04:29:38 - [TEST_STEP][PASSED] - delay: Delayed 2 second(s)

2018-11-25 04:29:40 - [MESSAGE][PASSED] - Delayed 2 second(s)

2018-11-25 04:29:40 - [TEST_STEP][PASSED] - callTestCase: Call Test Case 'Test Cases/Final Aug 2018 - PKS Automation/Common/Reference Number Getter' successfully

2018-11-25 04:29:40 - [TEST_CASE][PASSED] - Test Cases/Final Aug 2018 - PKS Automation/Common/Reference Number Getter: Test Cases/Final Aug 2018 - PKS Automation/Common/Reference Number Getter

2018-11-25 04:29:40 - [TEST_STEP][PASSED] - Statement - Try: null

2018-11-25 04:29:40 - [TEST_STEP][PASSED] - Statement - RefNo = new java.io.File(C://Users//Admin//Desktop//PKS//Automation Reference Point//KatalonReference.txt): null

2018-11-25 04:29:40 - [TEST_STEP][PASSED] - Statement - bufferread = new java.io.BufferedReader(new java.io.FileReader(RefNo)): null

2018-11-25 04:29:40 - [TEST_STEP][PASSED] - Statement - readedVal = bufferread.readLine(): null

2018-11-25 04:29:40 - [TEST_STEP][PASSED] - Statement - out.println(CaseReferenceNo): null

2018-11-25 04:29:40 - [TEST_STEP][PASSED] - Statement - out.println(readedVal): null

2018-11-25 04:29:40 - [TEST_STEP][PASSED] - Statement - CaseReferenceNo = "": null

2018-11-25 04:29:40 - [TEST_STEP][PASSED] - Statement - CaseReferenceNo = readedVal: null

2018-11-25 04:29:40 - [MESSAGE][PASSED] - Call Test Case 'Test Cases/Final Aug 2018 - PKS Automation/Common/Reference Number Getter' successfully

2018-11-25 04:29:40 - [TEST_STEP][FAILED] - setText: Unable to set text 'ERN112018C200002279' of object 'Object Repository/Final Object Repo/WorkFlow Listing Page/Ref No Set Text' (Root cause: com.kms.katalon.core.webui.exception.WebElementNotFoundException: Web element with id: 'Object Repository/Final Object Repo/WorkFlow Listing Page/Ref No Set Text' located by 'By.xpath: //input[@id = '_workflowlisting_WAR_baseportlet_dto.trxReferenceNum' and @name = '_workflowlisting_WAR_baseportlet_dto.trxReferenceNum' and @type = 'text']' not found)

2018-11-25 04:30:12 - [MESSAGE][FAILED] - Unable to set text 'ERN112018C200002279' of object 'Object Repository/Final Object Repo/WorkFlow Listing Page/Ref No Set Text' (Root cause: com.kms.katalon.core.webui.exception.WebElementNotFoundException: Web element with id: 'Object Repository/Final Object Repo/WorkFlow Listing Page/Ref No Set Text' located by 'By.xpath: //input[@id = '_workflowlisting_WAR_baseportlet_dto.trxReferenceNum' and @name = '_workflowlisting_WAR_baseportlet_dto.trxReferenceNum' and @type = 'text']' not found)
[[ATTACHMENT|C:\\Users\\Admin\\Desktop\\PKS\\Perkeso Phase A\\Reports\\Workflow\\Form 3 EIS - Cessation as Employer\\20181125_002205\\1543091412067.png]]

2018-11-25 04:30:12 - [TEST_STEP][PASSED] - delay: Delayed 2 second(s)

2018-11-25 04:30:14 - [MESSAGE][PASSED] - Delayed 2 second(s)

2018-11-25 04:30:14 - [TEST_STEP][FAILED] - click: Unable to click on object 'Object Repository/Final Object Repo/WorkFlow Listing Page/Search Ref No Search Button' (Root cause: org.openqa.selenium.ElementNotVisibleException: element not interactable
  (Session info: chrome=70.0.3538.102)
  (Driver info: chromedriver=2.43.600210 (68dcf5eebde37173d4027fa8635e332711d2874a),platform=Windows NT 6.1.7601 SP1 x86_64) (WARNING: The server did not provide any stacktrace information)
Command duration or timeout: 0 milliseconds
Build info: version: '3.7.1', revision: '8a0099a', time: '2017-11-06T21:07:36.161Z'
System info: host: 'WIN7TEST02', ip: '10.20.3.72', os.name: 'Windows 7', os.arch: 'amd64', os.version: '6.1', java.version: '1.8.0_181'
Driver info: com.kms.katalon.selenium.driver.CChromeDriver
Capabilities {acceptInsecureCerts: false, acceptSslCerts: false, applicationCacheEnabled: false, browserConnectionEnabled: false, browserName: chrome, chrome: {chromedriverVersion: 2.43.600210 (68dcf5eebde371..., userDataDir: C:\Users\Admin\AppData\Loca...}, cssSelectorsEnabled: true, databaseEnabled: false, goog:chromeOptions: {debuggerAddress: localhost:53296}, handlesAlerts: true, hasTouchScreen: false, javascriptEnabled: true, locationContextEnabled: true, mobileEmulationEnabled: false, nativeEvents: true, networkConnectionEnabled: false, pageLoadStrategy: normal, platform: XP, platformName: XP, rotatable: false, setWindowRect: true, takesHeapSnapshot: true, takesScreenshot: true, unexpectedAlertBehaviour: , unhandledPromptBehavior: , version: 70.0.3538.102, webStorageEnabled: true}
Session ID: 35c2b6c5858056d49ddc36ca440d993e)

2018-11-25 04:30:14 - [MESSAGE][FAILED] - Unable to click on object 'Object Repository/Final Object Repo/WorkFlow Listing Page/Search Ref No Search Button' (Root cause: org.openqa.selenium.ElementNotVisibleException: element not interactable
  (Session info: chrome=70.0.3538.102)
  (Driver info: chromedriver=2.43.600210 (68dcf5eebde37173d4027fa8635e332711d2874a),platform=Windows NT 6.1.7601 SP1 x86_64) (WARNING: The server did not provide any stacktrace information)
Command duration or timeout: 0 milliseconds
Build info: version: '3.7.1', revision: '8a0099a', time: '2017-11-06T21:07:36.161Z'
System info: host: 'WIN7TEST02', ip: '10.20.3.72', os.name: 'Windows 7', os.arch: 'amd64', os.version: '6.1', java.version: '1.8.0_181'
Driver info: com.kms.katalon.selenium.driver.CChromeDriver
Capabilities {acceptInsecureCerts: false, acceptSslCerts: false, applicationCacheEnabled: false, browserConnectionEnabled: false, browserName: chrome, chrome: {chromedriverVersion: 2.43.600210 (68dcf5eebde371..., userDataDir: C:\Users\Admin\AppData\Loca...}, cssSelectorsEnabled: true, databaseEnabled: false, goog:chromeOptions: {debuggerAddress: localhost:53296}, handlesAlerts: true, hasTouchScreen: false, javascriptEnabled: true, locationContextEnabled: true, mobileEmulationEnabled: false, nativeEvents: true, networkConnectionEnabled: false, pageLoadStrategy: normal, platform: XP, platformName: XP, rotatable: false, setWindowRect: true, takesHeapSnapshot: true, takesScreenshot: true, unexpectedAlertBehaviour: , unhandledPromptBehavior: , version: 70.0.3538.102, webStorageEnabled: true}
Session ID: 35c2b6c5858056d49ddc36ca440d993e)
[[ATTACHMENT|C:\\Users\\Admin\\Desktop\\PKS\\Perkeso Phase A\\Reports\\Workflow\\Form 3 EIS - Cessation as Employer\\20181125_002205\\1543091414497.png]]

2018-11-25 04:30:14 - [TEST_STEP][PASSED] - delay: Delayed 4 second(s)

2018-11-25 04:30:18 - [MESSAGE][PASSED] - Delayed 4 second(s)

2018-11-25 04:30:18 - [TEST_STEP][PASSED] - click: Object: 'Object Repository/Final Object Repo/WorkFlow Listing Page/Click Continue Tooltip' is clicked on

2018-11-25 04:30:20 - [MESSAGE][PASSED] - Object: 'Object Repository/Final Object Repo/WorkFlow Listing Page/Click Continue Tooltip' is clicked on

2018-11-25 04:30:20 - [TEST_STEP][PASSED] - delay: Delayed 5 second(s)

2018-11-25 04:30:25 - [MESSAGE][PASSED] - Delayed 5 second(s)

2018-11-25 04:30:25 - [TEST_STEP][FAILED] - doubleClick: Unable to double click on object 'Object Repository/Final Object Repo/WorkFlow Listing Page/Workflow Found - Listing 1' (Root cause: com.kms.katalon.core.webui.exception.WebElementNotFoundException: Web element with id: 'Object Repository/Final Object Repo/WorkFlow Listing Page/Workflow Found - Listing 1' located by 'By.xpath: //body/div/div/div/div/div/div/div/div/div/div/div/div/div/div/div/div/table/tbody/tr/td[@class='table-cell  first']/following-sibling::td[1]' not found)

2018-11-25 04:30:56 - [MESSAGE][FAILED] - Unable to double click on object 'Object Repository/Final Object Repo/WorkFlow Listing Page/Workflow Found - Listing 1' (Root cause: com.kms.katalon.core.webui.exception.WebElementNotFoundException: Web element with id: 'Object Repository/Final Object Repo/WorkFlow Listing Page/Workflow Found - Listing 1' located by 'By.xpath: //body/div/div/div/div/div/div/div/div/div/div/div/div/div/div/div/div/table/tbody/tr/td[@class='table-cell  first']/following-sibling::td[1]' not found)
[[ATTACHMENT|C:\\Users\\Admin\\Desktop\\PKS\\Perkeso Phase A\\Reports\\Workflow\\Form 3 EIS - Cessation as Employer\\20181125_002205\\1543091456136.png]]

2018-11-25 04:30:56 - [MESSAGE][FAILED] - Unable to call Test Case with id 'Test Cases/Final Aug 2018 - PKS Automation/Common/Workflow Owner Finder' (Root cause: Call Test Case 'Test Cases/Final Aug 2018 - PKS Automation/Common/Workflow Owner Finder' failed)

2018-11-25 04:30:56 - [MESSAGE][FAILED] - Unable to call Test Case with id 'Test Cases/Final Aug 2018 - PKS Automation/Registration Module/Workflow/Form 3 EIS - Cessation As Employer/Template/Form 3 A - Cessation As Employer (Under enforcement)' (Root cause: Call Test Case 'Test Cases/Final Aug 2018 - PKS Automation/Registration Module/Workflow/Form 3 EIS - Cessation As Employer/Template/Form 3 A - Cessation As Employer (Under enforcement)' failed)]]></system-out>
         <system-err><![CDATA[2018-11-25 04:27:00 - [TEST_CASE][FAILED] - Test Cases/Final Aug 2018 - PKS Automation/Registration Module/Workflow/Form 3 EIS - Cessation As Employer/Employer to UO (Under enforcement): Test Cases/Final Aug 2018 - PKS Automation/Registration Module/Workflow/Form 3 EIS - Cessation As Employer/Employer to UO (Under enforcement) FAILED because (of) (Stack trace: com.kms.katalon.core.exception.StepFailedException: Unable to click on object 'Object Repository/Final Object Repo/Landing Page/Select to English' (Root cause: com.kms.katalon.core.webui.exception.WebElementNotFoundException: Web element with id: 'Object Repository/Final Object Repo/Landing Page/Select to English' located by 'By.xpath: //a[@class = 'taglib-language-list-text' and @lang = 'en-US' and (contains(text(), 'EN') or contains(., 'EN'))]' not found)
	at com.kms.katalon.core.keyword.internal.KeywordMain.stepFailed(KeywordMain.groovy:32)
	at com.kms.katalon.core.webui.keyword.internal.WebUIKeywordMain.stepFailed(WebUIKeywordMain.groovy:65)
	at com.kms.katalon.core.webui.keyword.internal.WebUIKeywordMain.runKeyword(WebUIKeywordMain.groovy:27)
	at com.kms.katalon.core.webui.keyword.builtin.ClickKeyword.click(ClickKeyword.groovy:86)
	at com.kms.katalon.core.webui.keyword.builtin.ClickKeyword.execute(ClickKeyword.groovy:67)
	at com.kms.katalon.core.keyword.internal.KeywordExecutor.executeKeywordForPlatform(KeywordExecutor.groovy:53)
	at com.kms.katalon.core.webui.keyword.WebUiBuiltInKeywords.click(WebUiBuiltInKeywords.groovy:604)
	at com.kms.katalon.core.webui.keyword.WebUiBuiltInKeywords$click$9.call(Unknown Source)
	at Script1534407542420.run(Script1534407542420.groovy:57)
	at com.kms.katalon.core.main.ScriptEngine.run(ScriptEngine.java:183)
	at com.kms.katalon.core.main.ScriptEngine.runScriptAsRawText(ScriptEngine.java:108)
	at com.kms.katalon.core.main.TestCaseExecutor.runScript(TestCaseExecutor.java:294)
	at com.kms.katalon.core.main.TestCaseExecutor.doExecute(TestCaseExecutor.java:285)
	at com.kms.katalon.core.main.TestCaseExecutor.processExecutionPhase(TestCaseExecutor.java:264)
	at com.kms.katalon.core.main.TestCaseExecutor.accessMainPhase(TestCaseExecutor.java:256)
	at com.kms.katalon.core.main.TestCaseExecutor.execute(TestCaseExecutor.java:200)
	at com.kms.katalon.core.main.TestCaseMain.runTestCase(TestCaseMain.java:99)
	at com.kms.katalon.core.keyword.builtin.CallTestCaseKeyword$_callTestCase_closure1.doCall(CallTestCaseKeyword.groovy:60)
	at com.kms.katalon.core.keyword.builtin.CallTestCaseKeyword$_callTestCase_closure1.call(CallTestCaseKeyword.groovy)
	at com.kms.katalon.core.keyword.internal.KeywordMain.runKeyword(KeywordMain.groovy:54)
	at com.kms.katalon.core.keyword.builtin.CallTestCaseKeyword.callTestCase(CallTestCaseKeyword.groovy:81)
	at com.kms.katalon.core.keyword.builtin.CallTestCaseKeyword.execute(CallTestCaseKeyword.groovy:45)
	at com.kms.katalon.core.keyword.internal.KeywordExecutor.executeKeywordForPlatform(KeywordExecutor.groovy:53)
	at com.kms.katalon.core.keyword.BuiltinKeywords.callTestCase(BuiltinKeywords.groovy:334)
	at sun.reflect.GeneratedMethodAccessor15.invoke(Unknown Source)
	at sun.reflect.DelegatingMethodAccessorImpl.invoke(DelegatingMethodAccessorImpl.java:43)
	at java.lang.reflect.Method.invoke(Method.java:498)
	at org.codehaus.groovy.reflection.CachedMethod.invoke(CachedMethod.java:93)
	at groovy.lang.MetaMethod.doMethodInvoke(MetaMethod.java:325)
	at groovy.lang.MetaClassImpl.invokeStaticMethod(MetaClassImpl.java:1469)
	at org.codehaus.groovy.runtime.callsite.StaticMetaClassSite.call(StaticMetaClassSite.java:53)
	at org.codehaus.groovy.runtime.callsite.CallSiteArray.defaultCall(CallSiteArray.java:48)
	at org.codehaus.groovy.runtime.callsite.AbstractCallSite.call(AbstractCallSite.java:113)
	at org.codehaus.groovy.runtime.callsite.AbstractCallSite.call(AbstractCallSite.java:141)
	at Script1536113546450.run(Script1536113546450.groovy:34)
	at com.kms.katalon.core.main.ScriptEngine.run(ScriptEngine.java:183)
	at com.kms.katalon.core.main.ScriptEngine.runScriptAsRawText(ScriptEngine.java:108)
	at com.kms.katalon.core.main.TestCaseExecutor.runScript(TestCaseExecutor.java:294)
	at com.kms.katalon.core.main.TestCaseExecutor.doExecute(TestCaseExecutor.java:285)
	at com.kms.katalon.core.main.TestCaseExecutor.processExecutionPhase(TestCaseExecutor.java:264)
	at com.kms.katalon.core.main.TestCaseExecutor.accessMainPhase(TestCaseExecutor.java:256)
	at com.kms.katalon.core.main.TestCaseExecutor.execute(TestCaseExecutor.java:200)
	at com.kms.katalon.core.main.TestCaseMain.runTestCase(TestCaseMain.java:99)
	at com.kms.katalon.core.keyword.builtin.CallTestCaseKeyword$_callTestCase_closure1.doCall(CallTestCaseKeyword.groovy:60)
	at com.kms.katalon.core.keyword.builtin.CallTestCaseKeyword$_callTestCase_closure1.call(CallTestCaseKeyword.groovy)
	at com.kms.katalon.core.keyword.internal.KeywordMain.runKeyword(KeywordMain.groovy:54)
	at com.kms.katalon.core.keyword.builtin.CallTestCaseKeyword.callTestCase(CallTestCaseKeyword.groovy:81)
	at com.kms.katalon.core.keyword.builtin.CallTestCaseKeyword.execute(CallTestCaseKeyword.groovy:45)
	at com.kms.katalon.core.keyword.internal.KeywordExecutor.executeKeywordForPlatform(KeywordExecutor.groovy:53)
	at com.kms.katalon.core.keyword.BuiltinKeywords.callTestCase(BuiltinKeywords.groovy:334)
	at sun.reflect.GeneratedMethodAccessor15.invoke(Unknown Source)
	at sun.reflect.DelegatingMethodAccessorImpl.invoke(DelegatingMethodAccessorImpl.java:43)
	at java.lang.reflect.Method.invoke(Method.java:498)
	at org.codehaus.groovy.reflection.CachedMethod.invoke(CachedMethod.java:93)
	at groovy.lang.MetaMethod.doMethodInvoke(MetaMethod.java:325)
	at groovy.lang.MetaClassImpl.invokeStaticMethod(MetaClassImpl.java:1469)
	at org.codehaus.groovy.runtime.callsite.StaticMetaClassSite.call(StaticMetaClassSite.java:53)
	at org.codehaus.groovy.runtime.callsite.CallSiteArray.defaultCall(CallSiteArray.java:48)
	at org.codehaus.groovy.runtime.callsite.AbstractCallSite.call(AbstractCallSite.java:113)
	at org.codehaus.groovy.runtime.callsite.AbstractCallSite.call(AbstractCallSite.java:141)
	at Script1536733775156.run(Script1536733775156.groovy:25)
	at com.kms.katalon.core.main.ScriptEngine.run(ScriptEngine.java:183)
	at com.kms.katalon.core.main.ScriptEngine.runScriptAsRawText(ScriptEngine.java:108)
	at com.kms.katalon.core.main.TestCaseExecutor.runScript(TestCaseExecutor.java:294)
	at com.kms.katalon.core.main.TestCaseExecutor.doExecute(TestCaseExecutor.java:285)
	at com.kms.katalon.core.main.TestCaseExecutor.processExecutionPhase(TestCaseExecutor.java:264)
	at com.kms.katalon.core.main.TestCaseExecutor.accessMainPhase(TestCaseExecutor.java:256)
	at com.kms.katalon.core.main.TestCaseExecutor.execute(TestCaseExecutor.java:200)
	at com.kms.katalon.core.main.TestSuiteExecutor.accessTestCaseMainPhase(TestSuiteExecutor.java:129)
	at com.kms.katalon.core.main.TestSuiteExecutor.accessTestSuiteMainPhase(TestSuiteExecutor.java:112)
	at com.kms.katalon.core.main.TestSuiteExecutor.execute(TestSuiteExecutor.java:81)
	at com.kms.katalon.core.main.TestCaseMain.startTestSuite(TestCaseMain.java:142)
	at com.kms.katalon.core.main.TestCaseMain$startTestSuite$0.call(Unknown Source)
	at org.codehaus.groovy.runtime.callsite.CallSiteArray.defaultCall(CallSiteArray.java:48)
	at org.codehaus.groovy.runtime.callsite.AbstractCallSite.call(AbstractCallSite.java:113)
	at org.codehaus.groovy.runtime.callsite.AbstractCallSite.call(AbstractCallSite.java:141)
	at TempTestSuite1543076525234.run(TempTestSuite1543076525234.groovy:36)
	at groovy.lang.GroovyShell.runScriptOrMainOrTestOrRunnable(GroovyShell.java:263)
	at groovy.lang.GroovyShell.run(GroovyShell.java:518)
	at groovy.lang.GroovyShell.run(GroovyShell.java:507)
	at groovy.ui.GroovyMain.processOnce(GroovyMain.java:653)
	at groovy.ui.GroovyMain.run(GroovyMain.java:384)
	at groovy.ui.GroovyMain.process(GroovyMain.java:370)
	at groovy.ui.GroovyMain.processArgs(GroovyMain.java:129)
	at groovy.ui.GroovyMain.main(GroovyMain.java:109)
	at sun.reflect.NativeMethodAccessorImpl.invoke0(Native Method)
	at sun.reflect.NativeMethodAccessorImpl.invoke(NativeMethodAccessorImpl.java:62)
	at sun.reflect.DelegatingMethodAccessorImpl.invoke(DelegatingMethodAccessorImpl.java:43)
	at java.lang.reflect.Method.invoke(Method.java:498)
	at org.codehaus.groovy.tools.GroovyStarter.rootLoader(GroovyStarter.java:109)
	at org.codehaus.groovy.tools.GroovyStarter.main(GroovyStarter.java:131)
)]]></system-err>
      </testcase>
      <testcase name="Test Cases/Final Aug 2018 - PKS Automation/Registration Module/Workflow/Form 3 EIS - Cessation As Employer/OTC to UO (Approve)" classname="Test Cases/Final Aug 2018 - PKS Automation/Registration Module/Workflow/Form 3 EIS - Cessation As Employer/OTC to UO (Approve)" status="FAILED">
         <failure type="FAILED" message="(Stack trace: com.kms.katalon.core.exception.StepFailedException: Unable to click on object 'Object Repository/Final Object Repo/Landing Page/Select to English' (Root cause: com.kms.katalon.core.webui.exception.WebElementNotFoundException: Web element with id: 'Object Repository/Final Object Repo/Landing Page/Select to English' located by 'By.xpath: //a[@class = 'taglib-language-list-text' and @lang = 'en-US' and (contains(text(), 'EN') or contains(., 'EN'))]' not found)
	at com.kms.katalon.core.keyword.internal.KeywordMain.stepFailed(KeywordMain.groovy:32)
	at com.kms.katalon.core.webui.keyword.internal.WebUIKeywordMain.stepFailed(WebUIKeywordMain.groovy:65)
	at com.kms.katalon.core.webui.keyword.internal.WebUIKeywordMain.runKeyword(WebUIKeywordMain.groovy:27)
	at com.kms.katalon.core.webui.keyword.builtin.ClickKeyword.click(ClickKeyword.groovy:86)
	at com.kms.katalon.core.webui.keyword.builtin.ClickKeyword.execute(ClickKeyword.groovy:67)
	at com.kms.katalon.core.keyword.internal.KeywordExecutor.executeKeywordForPlatform(KeywordExecutor.groovy:53)
	at com.kms.katalon.core.webui.keyword.WebUiBuiltInKeywords.click(WebUiBuiltInKeywords.groovy:604)
	at com.kms.katalon.core.webui.keyword.WebUiBuiltInKeywords$click$9.call(Unknown Source)
	at Script1534407542420.run(Script1534407542420.groovy:57)
	at com.kms.katalon.core.main.ScriptEngine.run(ScriptEngine.java:183)
	at com.kms.katalon.core.main.ScriptEngine.runScriptAsRawText(ScriptEngine.java:108)
	at com.kms.katalon.core.main.TestCaseExecutor.runScript(TestCaseExecutor.java:294)
	at com.kms.katalon.core.main.TestCaseExecutor.doExecute(TestCaseExecutor.java:285)
	at com.kms.katalon.core.main.TestCaseExecutor.processExecutionPhase(TestCaseExecutor.java:264)
	at com.kms.katalon.core.main.TestCaseExecutor.accessMainPhase(TestCaseExecutor.java:256)
	at com.kms.katalon.core.main.TestCaseExecutor.execute(TestCaseExecutor.java:200)
	at com.kms.katalon.core.main.TestCaseMain.runTestCase(TestCaseMain.java:99)
	at com.kms.katalon.core.keyword.builtin.CallTestCaseKeyword$_callTestCase_closure1.doCall(CallTestCaseKeyword.groovy:60)
	at com.kms.katalon.core.keyword.builtin.CallTestCaseKeyword$_callTestCase_closure1.call(CallTestCaseKeyword.groovy)
	at com.kms.katalon.core.keyword.internal.KeywordMain.runKeyword(KeywordMain.groovy:54)
	at com.kms.katalon.core.keyword.builtin.CallTestCaseKeyword.callTestCase(CallTestCaseKeyword.groovy:81)
	at com.kms.katalon.core.keyword.builtin.CallTestCaseKeyword.execute(CallTestCaseKeyword.groovy:45)
	at com.kms.katalon.core.keyword.internal.KeywordExecutor.executeKeywordForPlatform(KeywordExecutor.groovy:53)
	at com.kms.katalon.core.keyword.BuiltinKeywords.callTestCase(BuiltinKeywords.groovy:334)
	at sun.reflect.GeneratedMethodAccessor15.invoke(Unknown Source)
	at sun.reflect.DelegatingMethodAccessorImpl.invoke(DelegatingMethodAccessorImpl.java:43)
	at java.lang.reflect.Method.invoke(Method.java:498)
	at org.codehaus.groovy.reflection.CachedMethod.invoke(CachedMethod.java:93)
	at groovy.lang.MetaMethod.doMethodInvoke(MetaMethod.java:325)
	at groovy.lang.MetaClassImpl.invokeStaticMethod(MetaClassImpl.java:1469)
	at org.codehaus.groovy.runtime.callsite.StaticMetaClassSite.call(StaticMetaClassSite.java:53)
	at org.codehaus.groovy.runtime.callsite.CallSiteArray.defaultCall(CallSiteArray.java:48)
	at org.codehaus.groovy.runtime.callsite.AbstractCallSite.call(AbstractCallSite.java:113)
	at org.codehaus.groovy.runtime.callsite.AbstractCallSite.call(AbstractCallSite.java:141)
	at Script1536043843412.run(Script1536043843412.groovy:34)
	at com.kms.katalon.core.main.ScriptEngine.run(ScriptEngine.java:183)
	at com.kms.katalon.core.main.ScriptEngine.runScriptAsRawText(ScriptEngine.java:108)
	at com.kms.katalon.core.main.TestCaseExecutor.runScript(TestCaseExecutor.java:294)
	at com.kms.katalon.core.main.TestCaseExecutor.doExecute(TestCaseExecutor.java:285)
	at com.kms.katalon.core.main.TestCaseExecutor.processExecutionPhase(TestCaseExecutor.java:264)
	at com.kms.katalon.core.main.TestCaseExecutor.accessMainPhase(TestCaseExecutor.java:256)
	at com.kms.katalon.core.main.TestCaseExecutor.execute(TestCaseExecutor.java:200)
	at com.kms.katalon.core.main.TestCaseMain.runTestCase(TestCaseMain.java:99)
	at com.kms.katalon.core.keyword.builtin.CallTestCaseKeyword$_callTestCase_closure1.doCall(CallTestCaseKeyword.groovy:60)
	at com.kms.katalon.core.keyword.builtin.CallTestCaseKeyword$_callTestCase_closure1.call(CallTestCaseKeyword.groovy)
	at com.kms.katalon.core.keyword.internal.KeywordMain.runKeyword(KeywordMain.groovy:54)
	at com.kms.katalon.core.keyword.builtin.CallTestCaseKeyword.callTestCase(CallTestCaseKeyword.groovy:81)
	at com.kms.katalon.core.keyword.builtin.CallTestCaseKeyword.execute(CallTestCaseKeyword.groovy:45)
	at com.kms.katalon.core.keyword.internal.KeywordExecutor.executeKeywordForPlatform(KeywordExecutor.groovy:53)
	at com.kms.katalon.core.keyword.BuiltinKeywords.callTestCase(BuiltinKeywords.groovy:334)
	at sun.reflect.GeneratedMethodAccessor15.invoke(Unknown Source)
	at sun.reflect.DelegatingMethodAccessorImpl.invoke(DelegatingMethodAccessorImpl.java:43)
	at java.lang.reflect.Method.invoke(Method.java:498)
	at org.codehaus.groovy.reflection.CachedMethod.invoke(CachedMethod.java:93)
	at groovy.lang.MetaMethod.doMethodInvoke(MetaMethod.java:325)
	at groovy.lang.MetaClassImpl.invokeStaticMethod(MetaClassImpl.java:1469)
	at org.codehaus.groovy.runtime.callsite.StaticMetaClassSite.call(StaticMetaClassSite.java:53)
	at org.codehaus.groovy.runtime.callsite.CallSiteArray.defaultCall(CallSiteArray.java:48)
	at org.codehaus.groovy.runtime.callsite.AbstractCallSite.call(AbstractCallSite.java:113)
	at org.codehaus.groovy.runtime.callsite.AbstractCallSite.call(AbstractCallSite.java:141)
	at Script1536203236794.run(Script1536203236794.groovy:25)
	at com.kms.katalon.core.main.ScriptEngine.run(ScriptEngine.java:183)
	at com.kms.katalon.core.main.ScriptEngine.runScriptAsRawText(ScriptEngine.java:108)
	at com.kms.katalon.core.main.TestCaseExecutor.runScript(TestCaseExecutor.java:294)
	at com.kms.katalon.core.main.TestCaseExecutor.doExecute(TestCaseExecutor.java:285)
	at com.kms.katalon.core.main.TestCaseExecutor.processExecutionPhase(TestCaseExecutor.java:264)
	at com.kms.katalon.core.main.TestCaseExecutor.accessMainPhase(TestCaseExecutor.java:256)
	at com.kms.katalon.core.main.TestCaseExecutor.execute(TestCaseExecutor.java:200)
	at com.kms.katalon.core.main.TestSuiteExecutor.accessTestCaseMainPhase(TestSuiteExecutor.java:129)
	at com.kms.katalon.core.main.TestSuiteExecutor.accessTestSuiteMainPhase(TestSuiteExecutor.java:112)
	at com.kms.katalon.core.main.TestSuiteExecutor.execute(TestSuiteExecutor.java:81)
	at com.kms.katalon.core.main.TestCaseMain.startTestSuite(TestCaseMain.java:142)
	at com.kms.katalon.core.main.TestCaseMain$startTestSuite$0.call(Unknown Source)
	at org.codehaus.groovy.runtime.callsite.CallSiteArray.defaultCall(CallSiteArray.java:48)
	at org.codehaus.groovy.runtime.callsite.AbstractCallSite.call(AbstractCallSite.java:113)
	at org.codehaus.groovy.runtime.callsite.AbstractCallSite.call(AbstractCallSite.java:141)
	at TempTestSuite1543076525234.run(TempTestSuite1543076525234.groovy:36)
	at groovy.lang.GroovyShell.runScriptOrMainOrTestOrRunnable(GroovyShell.java:263)
	at groovy.lang.GroovyShell.run(GroovyShell.java:518)
	at groovy.lang.GroovyShell.run(GroovyShell.java:507)
	at groovy.ui.GroovyMain.processOnce(GroovyMain.java:653)
	at groovy.ui.GroovyMain.run(GroovyMain.java:384)
	at groovy.ui.GroovyMain.process(GroovyMain.java:370)
	at groovy.ui.GroovyMain.processArgs(GroovyMain.java:129)
	at groovy.ui.GroovyMain.main(GroovyMain.java:109)
	at sun.reflect.NativeMethodAccessorImpl.invoke0(Native Method)
	at sun.reflect.NativeMethodAccessorImpl.invoke(NativeMethodAccessorImpl.java:62)
	at sun.reflect.DelegatingMethodAccessorImpl.invoke(DelegatingMethodAccessorImpl.java:43)
	at java.lang.reflect.Method.invoke(Method.java:498)
	at org.codehaus.groovy.tools.GroovyStarter.rootLoader(GroovyStarter.java:109)
	at org.codehaus.groovy.tools.GroovyStarter.main(GroovyStarter.java:131)
)"/>
         <system-out><![CDATA[2018-11-25 04:30:56 - [TEST_CASE][FAILED] - Test Cases/Final Aug 2018 - PKS Automation/Registration Module/Workflow/Form 3 EIS - Cessation As Employer/OTC to UO (Approve): Test Cases/Final Aug 2018 - PKS Automation/Registration Module/Workflow/Form 3 EIS - Cessation As Employer/OTC to UO (Approve) FAILED because (of) (Stack trace: com.kms.katalon.core.exception.StepFailedException: Unable to click on object 'Object Repository/Final Object Repo/Landing Page/Select to English' (Root cause: com.kms.katalon.core.webui.exception.WebElementNotFoundException: Web element with id: 'Object Repository/Final Object Repo/Landing Page/Select to English' located by 'By.xpath: //a[@class = 'taglib-language-list-text' and @lang = 'en-US' and (contains(text(), 'EN') or contains(., 'EN'))]' not found)
	at com.kms.katalon.core.keyword.internal.KeywordMain.stepFailed(KeywordMain.groovy:32)
	at com.kms.katalon.core.webui.keyword.internal.WebUIKeywordMain.stepFailed(WebUIKeywordMain.groovy:65)
	at com.kms.katalon.core.webui.keyword.internal.WebUIKeywordMain.runKeyword(WebUIKeywordMain.groovy:27)
	at com.kms.katalon.core.webui.keyword.builtin.ClickKeyword.click(ClickKeyword.groovy:86)
	at com.kms.katalon.core.webui.keyword.builtin.ClickKeyword.execute(ClickKeyword.groovy:67)
	at com.kms.katalon.core.keyword.internal.KeywordExecutor.executeKeywordForPlatform(KeywordExecutor.groovy:53)
	at com.kms.katalon.core.webui.keyword.WebUiBuiltInKeywords.click(WebUiBuiltInKeywords.groovy:604)
	at com.kms.katalon.core.webui.keyword.WebUiBuiltInKeywords$click$9.call(Unknown Source)
	at Script1534407542420.run(Script1534407542420.groovy:57)
	at com.kms.katalon.core.main.ScriptEngine.run(ScriptEngine.java:183)
	at com.kms.katalon.core.main.ScriptEngine.runScriptAsRawText(ScriptEngine.java:108)
	at com.kms.katalon.core.main.TestCaseExecutor.runScript(TestCaseExecutor.java:294)
	at com.kms.katalon.core.main.TestCaseExecutor.doExecute(TestCaseExecutor.java:285)
	at com.kms.katalon.core.main.TestCaseExecutor.processExecutionPhase(TestCaseExecutor.java:264)
	at com.kms.katalon.core.main.TestCaseExecutor.accessMainPhase(TestCaseExecutor.java:256)
	at com.kms.katalon.core.main.TestCaseExecutor.execute(TestCaseExecutor.java:200)
	at com.kms.katalon.core.main.TestCaseMain.runTestCase(TestCaseMain.java:99)
	at com.kms.katalon.core.keyword.builtin.CallTestCaseKeyword$_callTestCase_closure1.doCall(CallTestCaseKeyword.groovy:60)
	at com.kms.katalon.core.keyword.builtin.CallTestCaseKeyword$_callTestCase_closure1.call(CallTestCaseKeyword.groovy)
	at com.kms.katalon.core.keyword.internal.KeywordMain.runKeyword(KeywordMain.groovy:54)
	at com.kms.katalon.core.keyword.builtin.CallTestCaseKeyword.callTestCase(CallTestCaseKeyword.groovy:81)
	at com.kms.katalon.core.keyword.builtin.CallTestCaseKeyword.execute(CallTestCaseKeyword.groovy:45)
	at com.kms.katalon.core.keyword.internal.KeywordExecutor.executeKeywordForPlatform(KeywordExecutor.groovy:53)
	at com.kms.katalon.core.keyword.BuiltinKeywords.callTestCase(BuiltinKeywords.groovy:334)
	at sun.reflect.GeneratedMethodAccessor15.invoke(Unknown Source)
	at sun.reflect.DelegatingMethodAccessorImpl.invoke(DelegatingMethodAccessorImpl.java:43)
	at java.lang.reflect.Method.invoke(Method.java:498)
	at org.codehaus.groovy.reflection.CachedMethod.invoke(CachedMethod.java:93)
	at groovy.lang.MetaMethod.doMethodInvoke(MetaMethod.java:325)
	at groovy.lang.MetaClassImpl.invokeStaticMethod(MetaClassImpl.java:1469)
	at org.codehaus.groovy.runtime.callsite.StaticMetaClassSite.call(StaticMetaClassSite.java:53)
	at org.codehaus.groovy.runtime.callsite.CallSiteArray.defaultCall(CallSiteArray.java:48)
	at org.codehaus.groovy.runtime.callsite.AbstractCallSite.call(AbstractCallSite.java:113)
	at org.codehaus.groovy.runtime.callsite.AbstractCallSite.call(AbstractCallSite.java:141)
	at Script1536043843412.run(Script1536043843412.groovy:34)
	at com.kms.katalon.core.main.ScriptEngine.run(ScriptEngine.java:183)
	at com.kms.katalon.core.main.ScriptEngine.runScriptAsRawText(ScriptEngine.java:108)
	at com.kms.katalon.core.main.TestCaseExecutor.runScript(TestCaseExecutor.java:294)
	at com.kms.katalon.core.main.TestCaseExecutor.doExecute(TestCaseExecutor.java:285)
	at com.kms.katalon.core.main.TestCaseExecutor.processExecutionPhase(TestCaseExecutor.java:264)
	at com.kms.katalon.core.main.TestCaseExecutor.accessMainPhase(TestCaseExecutor.java:256)
	at com.kms.katalon.core.main.TestCaseExecutor.execute(TestCaseExecutor.java:200)
	at com.kms.katalon.core.main.TestCaseMain.runTestCase(TestCaseMain.java:99)
	at com.kms.katalon.core.keyword.builtin.CallTestCaseKeyword$_callTestCase_closure1.doCall(CallTestCaseKeyword.groovy:60)
	at com.kms.katalon.core.keyword.builtin.CallTestCaseKeyword$_callTestCase_closure1.call(CallTestCaseKeyword.groovy)
	at com.kms.katalon.core.keyword.internal.KeywordMain.runKeyword(KeywordMain.groovy:54)
	at com.kms.katalon.core.keyword.builtin.CallTestCaseKeyword.callTestCase(CallTestCaseKeyword.groovy:81)
	at com.kms.katalon.core.keyword.builtin.CallTestCaseKeyword.execute(CallTestCaseKeyword.groovy:45)
	at com.kms.katalon.core.keyword.internal.KeywordExecutor.executeKeywordForPlatform(KeywordExecutor.groovy:53)
	at com.kms.katalon.core.keyword.BuiltinKeywords.callTestCase(BuiltinKeywords.groovy:334)
	at sun.reflect.GeneratedMethodAccessor15.invoke(Unknown Source)
	at sun.reflect.DelegatingMethodAccessorImpl.invoke(DelegatingMethodAccessorImpl.java:43)
	at java.lang.reflect.Method.invoke(Method.java:498)
	at org.codehaus.groovy.reflection.CachedMethod.invoke(CachedMethod.java:93)
	at groovy.lang.MetaMethod.doMethodInvoke(MetaMethod.java:325)
	at groovy.lang.MetaClassImpl.invokeStaticMethod(MetaClassImpl.java:1469)
	at org.codehaus.groovy.runtime.callsite.StaticMetaClassSite.call(StaticMetaClassSite.java:53)
	at org.codehaus.groovy.runtime.callsite.CallSiteArray.defaultCall(CallSiteArray.java:48)
	at org.codehaus.groovy.runtime.callsite.AbstractCallSite.call(AbstractCallSite.java:113)
	at org.codehaus.groovy.runtime.callsite.AbstractCallSite.call(AbstractCallSite.java:141)
	at Script1536203236794.run(Script1536203236794.groovy:25)
	at com.kms.katalon.core.main.ScriptEngine.run(ScriptEngine.java:183)
	at com.kms.katalon.core.main.ScriptEngine.runScriptAsRawText(ScriptEngine.java:108)
	at com.kms.katalon.core.main.TestCaseExecutor.runScript(TestCaseExecutor.java:294)
	at com.kms.katalon.core.main.TestCaseExecutor.doExecute(TestCaseExecutor.java:285)
	at com.kms.katalon.core.main.TestCaseExecutor.processExecutionPhase(TestCaseExecutor.java:264)
	at com.kms.katalon.core.main.TestCaseExecutor.accessMainPhase(TestCaseExecutor.java:256)
	at com.kms.katalon.core.main.TestCaseExecutor.execute(TestCaseExecutor.java:200)
	at com.kms.katalon.core.main.TestSuiteExecutor.accessTestCaseMainPhase(TestSuiteExecutor.java:129)
	at com.kms.katalon.core.main.TestSuiteExecutor.accessTestSuiteMainPhase(TestSuiteExecutor.java:112)
	at com.kms.katalon.core.main.TestSuiteExecutor.execute(TestSuiteExecutor.java:81)
	at com.kms.katalon.core.main.TestCaseMain.startTestSuite(TestCaseMain.java:142)
	at com.kms.katalon.core.main.TestCaseMain$startTestSuite$0.call(Unknown Source)
	at org.codehaus.groovy.runtime.callsite.CallSiteArray.defaultCall(CallSiteArray.java:48)
	at org.codehaus.groovy.runtime.callsite.AbstractCallSite.call(AbstractCallSite.java:113)
	at org.codehaus.groovy.runtime.callsite.AbstractCallSite.call(AbstractCallSite.java:141)
	at TempTestSuite1543076525234.run(TempTestSuite1543076525234.groovy:36)
	at groovy.lang.GroovyShell.runScriptOrMainOrTestOrRunnable(GroovyShell.java:263)
	at groovy.lang.GroovyShell.run(GroovyShell.java:518)
	at groovy.lang.GroovyShell.run(GroovyShell.java:507)
	at groovy.ui.GroovyMain.processOnce(GroovyMain.java:653)
	at groovy.ui.GroovyMain.run(GroovyMain.java:384)
	at groovy.ui.GroovyMain.process(GroovyMain.java:370)
	at groovy.ui.GroovyMain.processArgs(GroovyMain.java:129)
	at groovy.ui.GroovyMain.main(GroovyMain.java:109)
	at sun.reflect.NativeMethodAccessorImpl.invoke0(Native Method)
	at sun.reflect.NativeMethodAccessorImpl.invoke(NativeMethodAccessorImpl.java:62)
	at sun.reflect.DelegatingMethodAccessorImpl.invoke(DelegatingMethodAccessorImpl.java:43)
	at java.lang.reflect.Method.invoke(Method.java:498)
	at org.codehaus.groovy.tools.GroovyStarter.rootLoader(GroovyStarter.java:109)
	at org.codehaus.groovy.tools.GroovyStarter.main(GroovyStarter.java:131)
)

2018-11-25 04:30:56 - [TEST_STEP][PASSED] - callTestCase: Call Test Case 'Test Cases/Final Aug 2018 - PKS Automation/Registration Module/Workflow/Form 3 EIS - Cessation As Employer/Template/Form 3 A - Cessation As Employer (OTC)' successfully

2018-11-25 04:30:56 - [TEST_CASE][PASSED] - Test Cases/Final Aug 2018 - PKS Automation/Registration Module/Workflow/Form 3 EIS - Cessation As Employer/Template/Form 3 A - Cessation As Employer (OTC): Test Cases/Final Aug 2018 - PKS Automation/Registration Module/Workflow/Form 3 EIS - Cessation As Employer/Template/Form 3 A - Cessation As Employer (OTC)

2018-11-25 04:30:56 - [TEST_STEP][PASSED] - openBrowser: Browser is opened with url: ''

2018-11-25 04:30:56 - [MESSAGE][WARNING] - A browser is already opened. Closing browser and opening a new one

2018-11-25 04:31:00 - [MESSAGE][PASSED] - Browser is opened with url: ''

2018-11-25 04:31:00 - [TEST_STEP][PASSED] - navigateToUrl: Navigate to 'https://assist2-uat.perkeso.gov.my/login' successfully

2018-11-25 04:31:01 - [MESSAGE][PASSED] - Navigate to 'https://assist2-uat.perkeso.gov.my/login' successfully

2018-11-25 04:31:01 - [TEST_STEP][PASSED] - setText: Text 'johorotc1@gmail.com' is set on object 'Object Repository/Final Object Repo/Login Page/Internal User/Email Address'

2018-11-25 04:31:02 - [MESSAGE][PASSED] - Text 'johorotc1@gmail.com' is set on object 'Object Repository/Final Object Repo/Login Page/Internal User/Email Address'

2018-11-25 04:31:02 - [TEST_STEP][PASSED] - click: Object: 'Object Repository/Final Object Repo/Login Page/Internal User/Next Button' is clicked on

2018-11-25 04:31:02 - [MESSAGE][PASSED] - Object: 'Object Repository/Final Object Repo/Login Page/Internal User/Next Button' is clicked on

2018-11-25 04:31:02 - [TEST_STEP][PASSED] - delay: Delayed 1 second(s)

2018-11-25 04:31:03 - [MESSAGE][PASSED] - Delayed 1 second(s)

2018-11-25 04:31:03 - [TEST_STEP][PASSED] - setEncryptedText: Text ****** has been set on object 'Object Repository/Final Object Repo/Login Page/Internal User/Password'

2018-11-25 04:31:03 - [MESSAGE][PASSED] - Text ****** has been set on object 'Object Repository/Final Object Repo/Login Page/Internal User/Password'

2018-11-25 04:31:03 - [TEST_STEP][PASSED] - click: Object: 'Object Repository/Final Object Repo/Login Page/Internal User/Login Button' is clicked on

2018-11-25 04:31:03 - [MESSAGE][PASSED] - Object: 'Object Repository/Final Object Repo/Login Page/Internal User/Login Button' is clicked on

2018-11-25 04:31:03 - [TEST_STEP][PASSED] - delay: Delayed 1 second(s)

2018-11-25 04:31:04 - [MESSAGE][PASSED] - Delayed 1 second(s)

2018-11-25 04:31:04 - [TEST_STEP][PASSED] - Statement - Try: Delayed 2 second(s)

2018-11-25 04:31:04 - [TEST_STEP][PASSED] - Statement - Checker = false: null

2018-11-25 04:31:04 - [TEST_STEP][PASSED] - Statement - Checker = com.kms.katalon.core.webui.keyword.WebUiBuiltInKeywords.verifyElementHasAttribute(com.kms.katalon.core.testobject.ObjectRepository.findTestObject(Final Object Repo/Landing Page/BM Detecting), "href", 20, OPTIONAL): Object 'Object Repository/Final Object Repo/Landing Page/BM Detecting' has attribute 'href'

2018-11-25 04:31:05 - [MESSAGE][PASSED] - Object 'Object Repository/Final Object Repo/Landing Page/BM Detecting' has attribute 'href'

2018-11-25 04:31:05 - [TEST_STEP][PASSED] - Statement - out.println(Checker): null

2018-11-25 04:31:05 - [TEST_STEP][PASSED] - Statement - If (Checker == false): null

2018-11-25 04:31:05 - [TEST_STEP][PASSED] - Statement - Else: null

2018-11-25 04:31:05 - [TEST_STEP][PASSED] - delay: Delayed 2 second(s)

2018-11-25 04:31:07 - [MESSAGE][PASSED] - Delayed 2 second(s)

2018-11-25 04:31:07 - [TEST_STEP][PASSED] - navigateToUrl: Navigate to 'https://assist2-uat.perkeso.gov.my/web/registration/eis-update/form-3-eis-cessation-as-employer' successfully

2018-11-25 04:31:08 - [MESSAGE][PASSED] - Navigate to 'https://assist2-uat.perkeso.gov.my/web/registration/eis-update/form-3-eis-cessation-as-employer' successfully

2018-11-25 04:31:08 - [TEST_STEP][PASSED] - delay: Delayed 1 second(s)

2018-11-25 04:31:09 - [MESSAGE][PASSED] - Delayed 1 second(s)

2018-11-25 04:31:09 - [TEST_STEP][PASSED] - setText: Text 'E1102069769W' is set on object 'Object Repository/Final Object Repo/Page_Form 3 EIS - Cessation as Employer/Employer Code'

2018-11-25 04:31:09 - [MESSAGE][PASSED] - Text 'E1102069769W' is set on object 'Object Repository/Final Object Repo/Page_Form 3 EIS - Cessation as Employer/Employer Code'

2018-11-25 04:31:09 - [TEST_STEP][PASSED] - click: Object: 'Object Repository/Final Object Repo/Page_Form 3 EIS - Cessation as Employer/Search' is clicked on

2018-11-25 04:31:10 - [MESSAGE][PASSED] - Object: 'Object Repository/Final Object Repo/Page_Form 3 EIS - Cessation as Employer/Search' is clicked on

2018-11-25 04:31:10 - [TEST_STEP][PASSED] - click: Object: 'Object Repository/Final Object Repo/Page_Form 3 EIS - Cessation as Employer/Edit' is clicked on

2018-11-25 04:31:12 - [MESSAGE][PASSED] - Object: 'Object Repository/Final Object Repo/Page_Form 3 EIS - Cessation as Employer/Edit' is clicked on

2018-11-25 04:31:12 - [TEST_STEP][PASSED] - delay: Delayed 1 second(s)

2018-11-25 04:31:13 - [MESSAGE][PASSED] - Delayed 1 second(s)

2018-11-25 04:31:13 - [TEST_STEP][PASSED] - Statement - abc = com.kms.katalon.core.webui.keyword.WebUiBuiltInKeywords.getAttribute(com.kms.katalon.core.testobject.ObjectRepository.findTestObject(Final Object Repo/Page_Form 3 EIS - Cessation as Employer/Employer Status), "value"): Attribute 'value' of object 'Object Repository/Final Object Repo/Page_Form 3 EIS - Cessation as Employer/Employer Status' is: 'Active'

2018-11-25 04:31:13 - [MESSAGE][PASSED] - Attribute 'value' of object 'Object Repository/Final Object Repo/Page_Form 3 EIS - Cessation as Employer/Employer Status' is: 'Active'

2018-11-25 04:31:13 - [TEST_STEP][PASSED] - Statement - out.println(abc): null

2018-11-25 04:31:13 - [TEST_STEP][PASSED] - Statement - If (abc == "Active"): Object: 'Object Repository/Final Object Repo/Page_Form 3 EIS - Cessation as Employer/Dormant EIS' is clicked on

2018-11-25 04:31:13 - [TEST_STEP][PASSED] - click: Object: 'Object Repository/Final Object Repo/Page_Form 3 EIS - Cessation as Employer/Change Employer Status to' is clicked on

2018-11-25 04:31:13 - [MESSAGE][PASSED] - Object: 'Object Repository/Final Object Repo/Page_Form 3 EIS - Cessation as Employer/Change Employer Status to' is clicked on

2018-11-25 04:31:13 - [TEST_STEP][PASSED] - click: Object: 'Object Repository/Final Object Repo/Page_Form 3 EIS - Cessation as Employer/Dormant EIS' is clicked on

2018-11-25 04:31:13 - [MESSAGE][PASSED] - Object: 'Object Repository/Final Object Repo/Page_Form 3 EIS - Cessation as Employer/Dormant EIS' is clicked on

2018-11-25 04:31:13 - [TEST_STEP][PASSED] - click: Object: 'Object Repository/Final Object Repo/Page_Form 3 EIS - Cessation as Employer/Calender' is clicked on

2018-11-25 04:31:14 - [MESSAGE][PASSED] - Object: 'Object Repository/Final Object Repo/Page_Form 3 EIS - Cessation as Employer/Calender' is clicked on

2018-11-25 04:31:14 - [TEST_STEP][PASSED] - delay: Delayed 1 second(s)

2018-11-25 04:31:15 - [MESSAGE][PASSED] - Delayed 1 second(s)

2018-11-25 04:31:15 - [TEST_STEP][PASSED] - click: Object: 'Object Repository/Final Object Repo/Page_Form 3 EIS - Cessation as Employer/Calender - Date' is clicked on

2018-11-25 04:31:15 - [MESSAGE][PASSED] - Object: 'Object Repository/Final Object Repo/Page_Form 3 EIS - Cessation as Employer/Calender - Date' is clicked on

2018-11-25 04:31:15 - [TEST_STEP][PASSED] - click: Object: 'Object Repository/Final Object Repo/Page_Form 3 EIS - Cessation as Employer/Save  Continue in Form 3 EIS Page' is clicked on

2018-11-25 04:31:15 - [MESSAGE][PASSED] - Object: 'Object Repository/Final Object Repo/Page_Form 3 EIS - Cessation as Employer/Save  Continue in Form 3 EIS Page' is clicked on

2018-11-25 04:31:15 - [TEST_STEP][PASSED] - delay: Delayed 1 second(s)

2018-11-25 04:31:16 - [MESSAGE][PASSED] - Delayed 1 second(s)

2018-11-25 04:31:16 - [TEST_STEP][PASSED] - click: Object: 'Object Repository/Final Object Repo/Page_Form 3 EIS - Cessation as Employer/Employment Resign Date' is clicked on

2018-11-25 04:31:17 - [MESSAGE][PASSED] - Object: 'Object Repository/Final Object Repo/Page_Form 3 EIS - Cessation as Employer/Employment Resign Date' is clicked on

2018-11-25 04:31:17 - [TEST_STEP][PASSED] - selectOptionByValue: All options with value '2018' are selected in object 'Object Repository/Final Object Repo/Page_Form 3 EIS - Cessation as Employer/Employment Resign Date - Year' 

2018-11-25 04:31:17 - [MESSAGE][PASSED] - All options with value '2018' are selected in object 'Object Repository/Final Object Repo/Page_Form 3 EIS - Cessation as Employer/Employment Resign Date - Year' 

2018-11-25 04:31:17 - [TEST_STEP][PASSED] - delay: Delayed 2 second(s)

2018-11-25 04:31:19 - [MESSAGE][PASSED] - Delayed 2 second(s)

2018-11-25 04:31:19 - [TEST_STEP][PASSED] - click: Object: 'Object Repository/Final Object Repo/Page_Form 3 EIS - Cessation as Employer/Employment Resign Date - Year - Date' is clicked on

2018-11-25 04:31:19 - [MESSAGE][PASSED] - Object: 'Object Repository/Final Object Repo/Page_Form 3 EIS - Cessation as Employer/Employment Resign Date - Year - Date' is clicked on

2018-11-25 04:31:19 - [TEST_STEP][PASSED] - delay: Delayed 2 second(s)

2018-11-25 04:31:21 - [MESSAGE][PASSED] - Delayed 2 second(s)

2018-11-25 04:31:21 - [TEST_STEP][PASSED] - click: Object: 'Object Repository/Final Object Repo/Page_Form 3 EIS - Cessation as Employer/Save  Continue in Employment Resign Page' is clicked on

2018-11-25 04:31:21 - [MESSAGE][PASSED] - Object: 'Object Repository/Final Object Repo/Page_Form 3 EIS - Cessation as Employer/Save  Continue in Employment Resign Page' is clicked on

2018-11-25 04:31:21 - [TEST_STEP][PASSED] - delay: Delayed 2 second(s)

2018-11-25 04:31:23 - [MESSAGE][PASSED] - Delayed 2 second(s)

2018-11-25 04:31:23 - [TEST_STEP][PASSED] - click: Object: 'Object Repository/Final Object Repo/Page_Form 3 EIS - Cessation as Employer/Add Document' is clicked on

2018-11-25 04:31:24 - [MESSAGE][PASSED] - Object: 'Object Repository/Final Object Repo/Page_Form 3 EIS - Cessation as Employer/Add Document' is clicked on

2018-11-25 04:31:24 - [TEST_STEP][PASSED] - delay: Delayed 3 second(s)

2018-11-25 04:31:27 - [MESSAGE][PASSED] - Delayed 3 second(s)

2018-11-25 04:31:27 - [TEST_STEP][PASSED] - click: Object: 'Object Repository/Final Object Repo/Page_Form 3 EIS - Cessation as Employer/Document Type' is clicked on

2018-11-25 04:31:27 - [MESSAGE][PASSED] - Object: 'Object Repository/Final Object Repo/Page_Form 3 EIS - Cessation as Employer/Document Type' is clicked on

2018-11-25 04:31:27 - [TEST_STEP][PASSED] - click: Object: 'Object Repository/Final Object Repo/Page_Form 3 EIS - Cessation as Employer/Document Type - Form 3' is clicked on

2018-11-25 04:31:28 - [MESSAGE][PASSED] - Object: 'Object Repository/Final Object Repo/Page_Form 3 EIS - Cessation as Employer/Document Type - Form 3' is clicked on

2018-11-25 04:31:28 - [TEST_STEP][PASSED] - delay: Delayed 2 second(s)

2018-11-25 04:31:30 - [MESSAGE][PASSED] - Delayed 2 second(s)

2018-11-25 04:31:30 - [TEST_STEP][PASSED] - sendKeys: Keys 'C:\Users\Public\Pictures\Sample Pictures\Koala.jpg' sent to object: 'Object Repository/Final Object Repo/Page_Form 3 EIS - Cessation as Employer/ploading File'

2018-11-25 04:31:30 - [MESSAGE][PASSED] - Keys 'C:\Users\Public\Pictures\Sample Pictures\Koala.jpg' sent to object: 'Object Repository/Final Object Repo/Page_Form 3 EIS - Cessation as Employer/ploading File'

2018-11-25 04:31:30 - [TEST_STEP][PASSED] - delay: Delayed 1 second(s)

2018-11-25 04:31:31 - [MESSAGE][PASSED] - Delayed 1 second(s)

2018-11-25 04:31:31 - [TEST_STEP][PASSED] - click: Object: 'Object Repository/Final Object Repo/Page_Form 3 EIS - Cessation as Employer/Add Document in Uploading Page' is clicked on

2018-11-25 04:31:31 - [MESSAGE][PASSED] - Object: 'Object Repository/Final Object Repo/Page_Form 3 EIS - Cessation as Employer/Add Document in Uploading Page' is clicked on

2018-11-25 04:31:31 - [TEST_STEP][PASSED] - delay: Delayed 2 second(s)

2018-11-25 04:31:33 - [MESSAGE][PASSED] - Delayed 2 second(s)

2018-11-25 04:31:33 - [TEST_STEP][PASSED] - Statement - CaseReferenceNo = com.kms.katalon.core.webui.keyword.WebUiBuiltInKeywords.getText(com.kms.katalon.core.testobject.ObjectRepository.findTestObject(Final Object Repo/Page_Update Employer Information/Reference Number in Update Employee Information Page)): Text of object 'Object Repository/Final Object Repo/Page_Update Employer Information/Reference Number in Update Employee Information Page' is: 'ERN112018C200002280'

2018-11-25 04:31:35 - [MESSAGE][PASSED] - Text of object 'Object Repository/Final Object Repo/Page_Update Employer Information/Reference Number in Update Employee Information Page' is: 'ERN112018C200002280'

2018-11-25 04:31:35 - [TEST_STEP][PASSED] - callTestCase: Call Test Case 'Test Cases/Final Aug 2018 - PKS Automation/Common/Reference Number Setter' successfully

2018-11-25 04:31:35 - [TEST_CASE][PASSED] - Test Cases/Final Aug 2018 - PKS Automation/Common/Reference Number Setter: Test Cases/Final Aug 2018 - PKS Automation/Common/Reference Number Setter

2018-11-25 04:31:35 - [TEST_STEP][PASSED] - Statement - RefNoOldFile = new java.io.File(C://Users//Admin//Desktop//PKS//Automation Reference Point//KatalonReference.txt): null

2018-11-25 04:31:35 - [TEST_STEP][PASSED] - Statement - RefNoOldFile.delete(): null

2018-11-25 04:31:35 - [TEST_STEP][PASSED] - delay: Delayed 5 second(s)

2018-11-25 04:31:40 - [MESSAGE][PASSED] - Delayed 5 second(s)

2018-11-25 04:31:40 - [TEST_STEP][PASSED] - Statement - RefNo = new java.io.File(C://Users//Admin//Desktop//PKS//Automation Reference Point//KatalonReference.txt): null

2018-11-25 04:31:40 - [TEST_STEP][PASSED] - Statement - f2 = new java.io.FileWriter(RefNo, false): null

2018-11-25 04:31:40 - [TEST_STEP][PASSED] - Statement - f2.write(CaseReferenceNo): null

2018-11-25 04:31:40 - [TEST_STEP][PASSED] - Statement - f2.close(): null

2018-11-25 04:31:40 - [TEST_STEP][PASSED] - Statement - out.println("


" + CaseReferenceNo + "


"): null

2018-11-25 04:31:40 - [MESSAGE][PASSED] - Call Test Case 'Test Cases/Final Aug 2018 - PKS Automation/Common/Reference Number Setter' successfully

2018-11-25 04:31:40 - [TEST_STEP][PASSED] - delay: Delayed 2 second(s)

2018-11-25 04:31:42 - [MESSAGE][PASSED] - Delayed 2 second(s)

2018-11-25 04:31:42 - [TEST_STEP][PASSED] - click: Object: 'Object Repository/Final Object Repo/Page_Form 3 EIS - Cessation as Employer/Save  Continue in Uploading Page' is clicked on

2018-11-25 04:31:42 - [MESSAGE][PASSED] - Object: 'Object Repository/Final Object Repo/Page_Form 3 EIS - Cessation as Employer/Save  Continue in Uploading Page' is clicked on

2018-11-25 04:31:42 - [TEST_STEP][PASSED] - delay: Delayed 2 second(s)

2018-11-25 04:31:44 - [MESSAGE][PASSED] - Delayed 2 second(s)

2018-11-25 04:31:44 - [TEST_STEP][PASSED] - click: Object: 'Object Repository/Final Object Repo/Page_Form 3 EIS - Cessation as Employer/Submit' is clicked on

2018-11-25 04:31:47 - [MESSAGE][PASSED] - Object: 'Object Repository/Final Object Repo/Page_Form 3 EIS - Cessation as Employer/Submit' is clicked on

2018-11-25 04:31:47 - [TEST_STEP][PASSED] - delay: Delayed 2 second(s)

2018-11-25 04:31:49 - [MESSAGE][PASSED] - Delayed 2 second(s)

2018-11-25 04:31:49 - [TEST_STEP][PASSED] - click: Object: 'Object Repository/Final Object Repo/Page_Form 3 EIS - Cessation as Employer/Confirm' is clicked on

2018-11-25 04:31:49 - [MESSAGE][PASSED] - Object: 'Object Repository/Final Object Repo/Page_Form 3 EIS - Cessation as Employer/Confirm' is clicked on

2018-11-25 04:31:49 - [TEST_STEP][PASSED] - delay: Delayed 2 second(s)

2018-11-25 04:31:51 - [MESSAGE][PASSED] - Delayed 2 second(s)

2018-11-25 04:31:51 - [TEST_STEP][PASSED] - click: Object: 'Object Repository/Final Object Repo/Page_Form 3 EIS - Cessation as Employer/Message Your Request will be routed to UO' is clicked on

2018-11-25 04:31:55 - [MESSAGE][PASSED] - Object: 'Object Repository/Final Object Repo/Page_Form 3 EIS - Cessation as Employer/Message Your Request will be routed to UO' is clicked on

2018-11-25 04:31:55 - [TEST_STEP][PASSED] - click: Object: 'Object Repository/Final Object Repo/Page_Form 3 EIS - Cessation as Employer/Letter of acknowledgement' is clicked on

2018-11-25 04:31:56 - [MESSAGE][PASSED] - Object: 'Object Repository/Final Object Repo/Page_Form 3 EIS - Cessation as Employer/Letter of acknowledgement' is clicked on

2018-11-25 04:31:56 - [MESSAGE][PASSED] - Call Test Case 'Test Cases/Final Aug 2018 - PKS Automation/Registration Module/Workflow/Form 3 EIS - Cessation As Employer/Template/Form 3 A - Cessation As Employer (OTC)' successfully

2018-11-25 04:31:56 - [TEST_STEP][FAILED] - callTestCase: Unable to call Test Case with id 'Test Cases/Final Aug 2018 - PKS Automation/Registration Module/Workflow/Form 3 EIS - Cessation As Employer/Template/Form 3 A - Cessation As Employer (Approve)' (Root cause: Call Test Case 'Test Cases/Final Aug 2018 - PKS Automation/Registration Module/Workflow/Form 3 EIS - Cessation As Employer/Template/Form 3 A - Cessation As Employer (Approve)' failed)

2018-11-25 04:31:56 - [TEST_CASE][FAILED] - Test Cases/Final Aug 2018 - PKS Automation/Registration Module/Workflow/Form 3 EIS - Cessation As Employer/Template/Form 3 A - Cessation As Employer (Approve): Test Cases/Final Aug 2018 - PKS Automation/Registration Module/Workflow/Form 3 EIS - Cessation As Employer/Template/Form 3 A - Cessation As Employer (Approve) FAILED because (of) (Stack trace: com.kms.katalon.core.exception.StepFailedException: Unable to click on object 'Object Repository/Final Object Repo/Landing Page/Select to English' (Root cause: com.kms.katalon.core.webui.exception.WebElementNotFoundException: Web element with id: 'Object Repository/Final Object Repo/Landing Page/Select to English' located by 'By.xpath: //a[@class = 'taglib-language-list-text' and @lang = 'en-US' and (contains(text(), 'EN') or contains(., 'EN'))]' not found)
	at com.kms.katalon.core.keyword.internal.KeywordMain.stepFailed(KeywordMain.groovy:32)
	at com.kms.katalon.core.webui.keyword.internal.WebUIKeywordMain.stepFailed(WebUIKeywordMain.groovy:65)
	at com.kms.katalon.core.webui.keyword.internal.WebUIKeywordMain.runKeyword(WebUIKeywordMain.groovy:27)
	at com.kms.katalon.core.webui.keyword.builtin.ClickKeyword.click(ClickKeyword.groovy:86)
	at com.kms.katalon.core.webui.keyword.builtin.ClickKeyword.execute(ClickKeyword.groovy:67)
	at com.kms.katalon.core.keyword.internal.KeywordExecutor.executeKeywordForPlatform(KeywordExecutor.groovy:53)
	at com.kms.katalon.core.webui.keyword.WebUiBuiltInKeywords.click(WebUiBuiltInKeywords.groovy:604)
	at com.kms.katalon.core.webui.keyword.WebUiBuiltInKeywords$click$9.call(Unknown Source)
	at Script1534407542420.run(Script1534407542420.groovy:57)
	at com.kms.katalon.core.main.ScriptEngine.run(ScriptEngine.java:183)
	at com.kms.katalon.core.main.ScriptEngine.runScriptAsRawText(ScriptEngine.java:108)
	at com.kms.katalon.core.main.TestCaseExecutor.runScript(TestCaseExecutor.java:294)
	at com.kms.katalon.core.main.TestCaseExecutor.doExecute(TestCaseExecutor.java:285)
	at com.kms.katalon.core.main.TestCaseExecutor.processExecutionPhase(TestCaseExecutor.java:264)
	at com.kms.katalon.core.main.TestCaseExecutor.accessMainPhase(TestCaseExecutor.java:256)
	at com.kms.katalon.core.main.TestCaseExecutor.execute(TestCaseExecutor.java:200)
	at com.kms.katalon.core.main.TestCaseMain.runTestCase(TestCaseMain.java:99)
	at com.kms.katalon.core.keyword.builtin.CallTestCaseKeyword$_callTestCase_closure1.doCall(CallTestCaseKeyword.groovy:60)
	at com.kms.katalon.core.keyword.builtin.CallTestCaseKeyword$_callTestCase_closure1.call(CallTestCaseKeyword.groovy)
	at com.kms.katalon.core.keyword.internal.KeywordMain.runKeyword(KeywordMain.groovy:54)
	at com.kms.katalon.core.keyword.builtin.CallTestCaseKeyword.callTestCase(CallTestCaseKeyword.groovy:81)
	at com.kms.katalon.core.keyword.builtin.CallTestCaseKeyword.execute(CallTestCaseKeyword.groovy:45)
	at com.kms.katalon.core.keyword.internal.KeywordExecutor.executeKeywordForPlatform(KeywordExecutor.groovy:53)
	at com.kms.katalon.core.keyword.BuiltinKeywords.callTestCase(BuiltinKeywords.groovy:334)
	at sun.reflect.GeneratedMethodAccessor15.invoke(Unknown Source)
	at sun.reflect.DelegatingMethodAccessorImpl.invoke(DelegatingMethodAccessorImpl.java:43)
	at java.lang.reflect.Method.invoke(Method.java:498)
	at org.codehaus.groovy.reflection.CachedMethod.invoke(CachedMethod.java:93)
	at groovy.lang.MetaMethod.doMethodInvoke(MetaMethod.java:325)
	at groovy.lang.MetaClassImpl.invokeStaticMethod(MetaClassImpl.java:1469)
	at org.codehaus.groovy.runtime.callsite.StaticMetaClassSite.call(StaticMetaClassSite.java:53)
	at org.codehaus.groovy.runtime.callsite.CallSiteArray.defaultCall(CallSiteArray.java:48)
	at org.codehaus.groovy.runtime.callsite.AbstractCallSite.call(AbstractCallSite.java:113)
	at org.codehaus.groovy.runtime.callsite.AbstractCallSite.call(AbstractCallSite.java:141)
	at Script1536043843412.run(Script1536043843412.groovy:34)
	at com.kms.katalon.core.main.ScriptEngine.run(ScriptEngine.java:183)
	at com.kms.katalon.core.main.ScriptEngine.runScriptAsRawText(ScriptEngine.java:108)
	at com.kms.katalon.core.main.TestCaseExecutor.runScript(TestCaseExecutor.java:294)
	at com.kms.katalon.core.main.TestCaseExecutor.doExecute(TestCaseExecutor.java:285)
	at com.kms.katalon.core.main.TestCaseExecutor.processExecutionPhase(TestCaseExecutor.java:264)
	at com.kms.katalon.core.main.TestCaseExecutor.accessMainPhase(TestCaseExecutor.java:256)
	at com.kms.katalon.core.main.TestCaseExecutor.execute(TestCaseExecutor.java:200)
	at com.kms.katalon.core.main.TestCaseMain.runTestCase(TestCaseMain.java:99)
	at com.kms.katalon.core.keyword.builtin.CallTestCaseKeyword$_callTestCase_closure1.doCall(CallTestCaseKeyword.groovy:60)
	at com.kms.katalon.core.keyword.builtin.CallTestCaseKeyword$_callTestCase_closure1.call(CallTestCaseKeyword.groovy)
	at com.kms.katalon.core.keyword.internal.KeywordMain.runKeyword(KeywordMain.groovy:54)
	at com.kms.katalon.core.keyword.builtin.CallTestCaseKeyword.callTestCase(CallTestCaseKeyword.groovy:81)
	at com.kms.katalon.core.keyword.builtin.CallTestCaseKeyword.execute(CallTestCaseKeyword.groovy:45)
	at com.kms.katalon.core.keyword.internal.KeywordExecutor.executeKeywordForPlatform(KeywordExecutor.groovy:53)
	at com.kms.katalon.core.keyword.BuiltinKeywords.callTestCase(BuiltinKeywords.groovy:334)
	at sun.reflect.GeneratedMethodAccessor15.invoke(Unknown Source)
	at sun.reflect.DelegatingMethodAccessorImpl.invoke(DelegatingMethodAccessorImpl.java:43)
	at java.lang.reflect.Method.invoke(Method.java:498)
	at org.codehaus.groovy.reflection.CachedMethod.invoke(CachedMethod.java:93)
	at groovy.lang.MetaMethod.doMethodInvoke(MetaMethod.java:325)
	at groovy.lang.MetaClassImpl.invokeStaticMethod(MetaClassImpl.java:1469)
	at org.codehaus.groovy.runtime.callsite.StaticMetaClassSite.call(StaticMetaClassSite.java:53)
	at org.codehaus.groovy.runtime.callsite.CallSiteArray.defaultCall(CallSiteArray.java:48)
	at org.codehaus.groovy.runtime.callsite.AbstractCallSite.call(AbstractCallSite.java:113)
	at org.codehaus.groovy.runtime.callsite.AbstractCallSite.call(AbstractCallSite.java:141)
	at Script1536203236794.run(Script1536203236794.groovy:25)
	at com.kms.katalon.core.main.ScriptEngine.run(ScriptEngine.java:183)
	at com.kms.katalon.core.main.ScriptEngine.runScriptAsRawText(ScriptEngine.java:108)
	at com.kms.katalon.core.main.TestCaseExecutor.runScript(TestCaseExecutor.java:294)
	at com.kms.katalon.core.main.TestCaseExecutor.doExecute(TestCaseExecutor.java:285)
	at com.kms.katalon.core.main.TestCaseExecutor.processExecutionPhase(TestCaseExecutor.java:264)
	at com.kms.katalon.core.main.TestCaseExecutor.accessMainPhase(TestCaseExecutor.java:256)
	at com.kms.katalon.core.main.TestCaseExecutor.execute(TestCaseExecutor.java:200)
	at com.kms.katalon.core.main.TestSuiteExecutor.accessTestCaseMainPhase(TestSuiteExecutor.java:129)
	at com.kms.katalon.core.main.TestSuiteExecutor.accessTestSuiteMainPhase(TestSuiteExecutor.java:112)
	at com.kms.katalon.core.main.TestSuiteExecutor.execute(TestSuiteExecutor.java:81)
	at com.kms.katalon.core.main.TestCaseMain.startTestSuite(TestCaseMain.java:142)
	at com.kms.katalon.core.main.TestCaseMain$startTestSuite$0.call(Unknown Source)
	at org.codehaus.groovy.runtime.callsite.CallSiteArray.defaultCall(CallSiteArray.java:48)
	at org.codehaus.groovy.runtime.callsite.AbstractCallSite.call(AbstractCallSite.java:113)
	at org.codehaus.groovy.runtime.callsite.AbstractCallSite.call(AbstractCallSite.java:141)
	at TempTestSuite1543076525234.run(TempTestSuite1543076525234.groovy:36)
	at groovy.lang.GroovyShell.runScriptOrMainOrTestOrRunnable(GroovyShell.java:263)
	at groovy.lang.GroovyShell.run(GroovyShell.java:518)
	at groovy.lang.GroovyShell.run(GroovyShell.java:507)
	at groovy.ui.GroovyMain.processOnce(GroovyMain.java:653)
	at groovy.ui.GroovyMain.run(GroovyMain.java:384)
	at groovy.ui.GroovyMain.process(GroovyMain.java:370)
	at groovy.ui.GroovyMain.processArgs(GroovyMain.java:129)
	at groovy.ui.GroovyMain.main(GroovyMain.java:109)
	at sun.reflect.NativeMethodAccessorImpl.invoke0(Native Method)
	at sun.reflect.NativeMethodAccessorImpl.invoke(NativeMethodAccessorImpl.java:62)
	at sun.reflect.DelegatingMethodAccessorImpl.invoke(DelegatingMethodAccessorImpl.java:43)
	at java.lang.reflect.Method.invoke(Method.java:498)
	at org.codehaus.groovy.tools.GroovyStarter.rootLoader(GroovyStarter.java:109)
	at org.codehaus.groovy.tools.GroovyStarter.main(GroovyStarter.java:131)
)

2018-11-25 04:31:56 - [TEST_STEP][NOT_RUN] - callTestCase: NOT_RUN: callTestCase

2018-11-25 04:31:56 - [MESSAGE][NOT_RUN] - NOT_RUN: callTestCase

2018-11-25 04:31:56 - [TEST_STEP][PASSED] - delay: Delayed 1 second(s)

2018-11-25 04:31:57 - [MESSAGE][PASSED] - Delayed 1 second(s)

2018-11-25 04:31:57 - [TEST_STEP][PASSED] - navigateToUrl: Navigate to 'https://assist2-uat.perkeso.gov.my/c/portal/logout' successfully

2018-11-25 04:31:58 - [MESSAGE][PASSED] - Navigate to 'https://assist2-uat.perkeso.gov.my/c/portal/logout' successfully

2018-11-25 04:31:58 - [TEST_STEP][PASSED] - delay: Delayed 1 second(s)

2018-11-25 04:31:59 - [MESSAGE][PASSED] - Delayed 1 second(s)

2018-11-25 04:31:59 - [TEST_STEP][PASSED] - callTestCase: Call Test Case 'Test Cases/Final Aug 2018 - PKS Automation/Common/Reference Number Getter' successfully

2018-11-25 04:31:59 - [TEST_CASE][PASSED] - Test Cases/Final Aug 2018 - PKS Automation/Common/Reference Number Getter: Test Cases/Final Aug 2018 - PKS Automation/Common/Reference Number Getter

2018-11-25 04:31:59 - [TEST_STEP][PASSED] - Statement - Try: null

2018-11-25 04:31:59 - [TEST_STEP][PASSED] - Statement - RefNo = new java.io.File(C://Users//Admin//Desktop//PKS//Automation Reference Point//KatalonReference.txt): null

2018-11-25 04:31:59 - [TEST_STEP][PASSED] - Statement - bufferread = new java.io.BufferedReader(new java.io.FileReader(RefNo)): null

2018-11-25 04:31:59 - [TEST_STEP][PASSED] - Statement - readedVal = bufferread.readLine(): null

2018-11-25 04:31:59 - [TEST_STEP][PASSED] - Statement - out.println(CaseReferenceNo): null

2018-11-25 04:31:59 - [TEST_STEP][PASSED] - Statement - out.println(readedVal): null

2018-11-25 04:31:59 - [TEST_STEP][PASSED] - Statement - CaseReferenceNo = "": null

2018-11-25 04:31:59 - [TEST_STEP][PASSED] - Statement - CaseReferenceNo = readedVal: null

2018-11-25 04:31:59 - [MESSAGE][PASSED] - Call Test Case 'Test Cases/Final Aug 2018 - PKS Automation/Common/Reference Number Getter' successfully

2018-11-25 04:31:59 - [TEST_STEP][FAILED] - callTestCase: Unable to call Test Case with id 'Test Cases/Final Aug 2018 - PKS Automation/Common/Workflow Owner Finder' (Root cause: Call Test Case 'Test Cases/Final Aug 2018 - PKS Automation/Common/Workflow Owner Finder' failed)

2018-11-25 04:31:59 - [TEST_CASE][FAILED] - Test Cases/Final Aug 2018 - PKS Automation/Common/Workflow Owner Finder: Test Cases/Final Aug 2018 - PKS Automation/Common/Workflow Owner Finder FAILED because (of) (Stack trace: com.kms.katalon.core.exception.StepFailedException: Unable to click on object 'Object Repository/Final Object Repo/Landing Page/Select to English' (Root cause: com.kms.katalon.core.webui.exception.WebElementNotFoundException: Web element with id: 'Object Repository/Final Object Repo/Landing Page/Select to English' located by 'By.xpath: //a[@class = 'taglib-language-list-text' and @lang = 'en-US' and (contains(text(), 'EN') or contains(., 'EN'))]' not found)
	at com.kms.katalon.core.keyword.internal.KeywordMain.stepFailed(KeywordMain.groovy:32)
	at com.kms.katalon.core.webui.keyword.internal.WebUIKeywordMain.stepFailed(WebUIKeywordMain.groovy:65)
	at com.kms.katalon.core.webui.keyword.internal.WebUIKeywordMain.runKeyword(WebUIKeywordMain.groovy:27)
	at com.kms.katalon.core.webui.keyword.builtin.ClickKeyword.click(ClickKeyword.groovy:86)
	at com.kms.katalon.core.webui.keyword.builtin.ClickKeyword.execute(ClickKeyword.groovy:67)
	at com.kms.katalon.core.keyword.internal.KeywordExecutor.executeKeywordForPlatform(KeywordExecutor.groovy:53)
	at com.kms.katalon.core.webui.keyword.WebUiBuiltInKeywords.click(WebUiBuiltInKeywords.groovy:604)
	at com.kms.katalon.core.webui.keyword.WebUiBuiltInKeywords$click$9.call(Unknown Source)
	at Script1534407542420.run(Script1534407542420.groovy:57)
	at com.kms.katalon.core.main.ScriptEngine.run(ScriptEngine.java:183)
	at com.kms.katalon.core.main.ScriptEngine.runScriptAsRawText(ScriptEngine.java:108)
	at com.kms.katalon.core.main.TestCaseExecutor.runScript(TestCaseExecutor.java:294)
	at com.kms.katalon.core.main.TestCaseExecutor.doExecute(TestCaseExecutor.java:285)
	at com.kms.katalon.core.main.TestCaseExecutor.processExecutionPhase(TestCaseExecutor.java:264)
	at com.kms.katalon.core.main.TestCaseExecutor.accessMainPhase(TestCaseExecutor.java:256)
	at com.kms.katalon.core.main.TestCaseExecutor.execute(TestCaseExecutor.java:200)
	at com.kms.katalon.core.main.TestCaseMain.runTestCase(TestCaseMain.java:99)
	at com.kms.katalon.core.keyword.builtin.CallTestCaseKeyword$_callTestCase_closure1.doCall(CallTestCaseKeyword.groovy:60)
	at com.kms.katalon.core.keyword.builtin.CallTestCaseKeyword$_callTestCase_closure1.call(CallTestCaseKeyword.groovy)
	at com.kms.katalon.core.keyword.internal.KeywordMain.runKeyword(KeywordMain.groovy:54)
	at com.kms.katalon.core.keyword.builtin.CallTestCaseKeyword.callTestCase(CallTestCaseKeyword.groovy:81)
	at com.kms.katalon.core.keyword.builtin.CallTestCaseKeyword.execute(CallTestCaseKeyword.groovy:45)
	at com.kms.katalon.core.keyword.internal.KeywordExecutor.executeKeywordForPlatform(KeywordExecutor.groovy:53)
	at com.kms.katalon.core.keyword.BuiltinKeywords.callTestCase(BuiltinKeywords.groovy:334)
	at sun.reflect.GeneratedMethodAccessor15.invoke(Unknown Source)
	at sun.reflect.DelegatingMethodAccessorImpl.invoke(DelegatingMethodAccessorImpl.java:43)
	at java.lang.reflect.Method.invoke(Method.java:498)
	at org.codehaus.groovy.reflection.CachedMethod.invoke(CachedMethod.java:93)
	at groovy.lang.MetaMethod.doMethodInvoke(MetaMethod.java:325)
	at groovy.lang.MetaClassImpl.invokeStaticMethod(MetaClassImpl.java:1469)
	at org.codehaus.groovy.runtime.callsite.StaticMetaClassSite.call(StaticMetaClassSite.java:53)
	at org.codehaus.groovy.runtime.callsite.CallSiteArray.defaultCall(CallSiteArray.java:48)
	at org.codehaus.groovy.runtime.callsite.AbstractCallSite.call(AbstractCallSite.java:113)
	at org.codehaus.groovy.runtime.callsite.AbstractCallSite.call(AbstractCallSite.java:141)
	at Script1536043843412.run(Script1536043843412.groovy:34)
	at com.kms.katalon.core.main.ScriptEngine.run(ScriptEngine.java:183)
	at com.kms.katalon.core.main.ScriptEngine.runScriptAsRawText(ScriptEngine.java:108)
	at com.kms.katalon.core.main.TestCaseExecutor.runScript(TestCaseExecutor.java:294)
	at com.kms.katalon.core.main.TestCaseExecutor.doExecute(TestCaseExecutor.java:285)
	at com.kms.katalon.core.main.TestCaseExecutor.processExecutionPhase(TestCaseExecutor.java:264)
	at com.kms.katalon.core.main.TestCaseExecutor.accessMainPhase(TestCaseExecutor.java:256)
	at com.kms.katalon.core.main.TestCaseExecutor.execute(TestCaseExecutor.java:200)
	at com.kms.katalon.core.main.TestCaseMain.runTestCase(TestCaseMain.java:99)
	at com.kms.katalon.core.keyword.builtin.CallTestCaseKeyword$_callTestCase_closure1.doCall(CallTestCaseKeyword.groovy:60)
	at com.kms.katalon.core.keyword.builtin.CallTestCaseKeyword$_callTestCase_closure1.call(CallTestCaseKeyword.groovy)
	at com.kms.katalon.core.keyword.internal.KeywordMain.runKeyword(KeywordMain.groovy:54)
	at com.kms.katalon.core.keyword.builtin.CallTestCaseKeyword.callTestCase(CallTestCaseKeyword.groovy:81)
	at com.kms.katalon.core.keyword.builtin.CallTestCaseKeyword.execute(CallTestCaseKeyword.groovy:45)
	at com.kms.katalon.core.keyword.internal.KeywordExecutor.executeKeywordForPlatform(KeywordExecutor.groovy:53)
	at com.kms.katalon.core.keyword.BuiltinKeywords.callTestCase(BuiltinKeywords.groovy:334)
	at sun.reflect.GeneratedMethodAccessor15.invoke(Unknown Source)
	at sun.reflect.DelegatingMethodAccessorImpl.invoke(DelegatingMethodAccessorImpl.java:43)
	at java.lang.reflect.Method.invoke(Method.java:498)
	at org.codehaus.groovy.reflection.CachedMethod.invoke(CachedMethod.java:93)
	at groovy.lang.MetaMethod.doMethodInvoke(MetaMethod.java:325)
	at groovy.lang.MetaClassImpl.invokeStaticMethod(MetaClassImpl.java:1469)
	at org.codehaus.groovy.runtime.callsite.StaticMetaClassSite.call(StaticMetaClassSite.java:53)
	at org.codehaus.groovy.runtime.callsite.CallSiteArray.defaultCall(CallSiteArray.java:48)
	at org.codehaus.groovy.runtime.callsite.AbstractCallSite.call(AbstractCallSite.java:113)
	at org.codehaus.groovy.runtime.callsite.AbstractCallSite.call(AbstractCallSite.java:141)
	at Script1536203236794.run(Script1536203236794.groovy:25)
	at com.kms.katalon.core.main.ScriptEngine.run(ScriptEngine.java:183)
	at com.kms.katalon.core.main.ScriptEngine.runScriptAsRawText(ScriptEngine.java:108)
	at com.kms.katalon.core.main.TestCaseExecutor.runScript(TestCaseExecutor.java:294)
	at com.kms.katalon.core.main.TestCaseExecutor.doExecute(TestCaseExecutor.java:285)
	at com.kms.katalon.core.main.TestCaseExecutor.processExecutionPhase(TestCaseExecutor.java:264)
	at com.kms.katalon.core.main.TestCaseExecutor.accessMainPhase(TestCaseExecutor.java:256)
	at com.kms.katalon.core.main.TestCaseExecutor.execute(TestCaseExecutor.java:200)
	at com.kms.katalon.core.main.TestSuiteExecutor.accessTestCaseMainPhase(TestSuiteExecutor.java:129)
	at com.kms.katalon.core.main.TestSuiteExecutor.accessTestSuiteMainPhase(TestSuiteExecutor.java:112)
	at com.kms.katalon.core.main.TestSuiteExecutor.execute(TestSuiteExecutor.java:81)
	at com.kms.katalon.core.main.TestCaseMain.startTestSuite(TestCaseMain.java:142)
	at com.kms.katalon.core.main.TestCaseMain$startTestSuite$0.call(Unknown Source)
	at org.codehaus.groovy.runtime.callsite.CallSiteArray.defaultCall(CallSiteArray.java:48)
	at org.codehaus.groovy.runtime.callsite.AbstractCallSite.call(AbstractCallSite.java:113)
	at org.codehaus.groovy.runtime.callsite.AbstractCallSite.call(AbstractCallSite.java:141)
	at TempTestSuite1543076525234.run(TempTestSuite1543076525234.groovy:36)
	at groovy.lang.GroovyShell.runScriptOrMainOrTestOrRunnable(GroovyShell.java:263)
	at groovy.lang.GroovyShell.run(GroovyShell.java:518)
	at groovy.lang.GroovyShell.run(GroovyShell.java:507)
	at groovy.ui.GroovyMain.processOnce(GroovyMain.java:653)
	at groovy.ui.GroovyMain.run(GroovyMain.java:384)
	at groovy.ui.GroovyMain.process(GroovyMain.java:370)
	at groovy.ui.GroovyMain.processArgs(GroovyMain.java:129)
	at groovy.ui.GroovyMain.main(GroovyMain.java:109)
	at sun.reflect.NativeMethodAccessorImpl.invoke0(Native Method)
	at sun.reflect.NativeMethodAccessorImpl.invoke(NativeMethodAccessorImpl.java:62)
	at sun.reflect.DelegatingMethodAccessorImpl.invoke(DelegatingMethodAccessorImpl.java:43)
	at java.lang.reflect.Method.invoke(Method.java:498)
	at org.codehaus.groovy.tools.GroovyStarter.rootLoader(GroovyStarter.java:109)
	at org.codehaus.groovy.tools.GroovyStarter.main(GroovyStarter.java:131)
)

2018-11-25 04:31:59 - [TEST_STEP][PASSED] - openBrowser: Browser is opened with url: ''

2018-11-25 04:31:59 - [MESSAGE][WARNING] - A browser is already opened. Closing browser and opening a new one

2018-11-25 04:32:03 - [MESSAGE][PASSED] - Browser is opened with url: ''

2018-11-25 04:32:03 - [TEST_STEP][PASSED] - navigateToUrl: Navigate to 'https://assist2-uat.perkeso.gov.my/login' successfully

2018-11-25 04:32:04 - [MESSAGE][PASSED] - Navigate to 'https://assist2-uat.perkeso.gov.my/login' successfully

2018-11-25 04:32:04 - [TEST_STEP][PASSED] - delay: Delayed 5 second(s)

2018-11-25 04:32:09 - [MESSAGE][PASSED] - Delayed 5 second(s)

2018-11-25 04:32:09 - [TEST_STEP][PASSED] - setText: Text 'test@liferay.com' is set on object 'Object Repository/Final Object Repo/Login Page/Internal User/Email Address'

2018-11-25 04:32:10 - [MESSAGE][PASSED] - Text 'test@liferay.com' is set on object 'Object Repository/Final Object Repo/Login Page/Internal User/Email Address'

2018-11-25 04:32:10 - [TEST_STEP][PASSED] - click: Object: 'Object Repository/Final Object Repo/Login Page/Internal User/Next Button' is clicked on

2018-11-25 04:32:10 - [MESSAGE][PASSED] - Object: 'Object Repository/Final Object Repo/Login Page/Internal User/Next Button' is clicked on

2018-11-25 04:32:10 - [TEST_STEP][PASSED] - delay: Delayed 2 second(s)

2018-11-25 04:32:12 - [MESSAGE][PASSED] - Delayed 2 second(s)

2018-11-25 04:32:12 - [TEST_STEP][PASSED] - setText: Text 'test' is set on object 'Object Repository/Final Object Repo/Login Page/Internal User/Password'

2018-11-25 04:32:12 - [MESSAGE][PASSED] - Text 'test' is set on object 'Object Repository/Final Object Repo/Login Page/Internal User/Password'

2018-11-25 04:32:12 - [TEST_STEP][PASSED] - delay: Delayed 2 second(s)

2018-11-25 04:32:14 - [MESSAGE][PASSED] - Delayed 2 second(s)

2018-11-25 04:32:14 - [TEST_STEP][PASSED] - click: Object: 'Object Repository/Final Object Repo/Login Page/Internal User/Login Button' is clicked on

2018-11-25 04:32:14 - [MESSAGE][PASSED] - Object: 'Object Repository/Final Object Repo/Login Page/Internal User/Login Button' is clicked on

2018-11-25 04:32:14 - [TEST_STEP][FAILED] - Statement - Try: Delayed 2 second(s)

2018-11-25 04:32:14 - [TEST_STEP][PASSED] - Statement - Checker = false: null

2018-11-25 04:32:14 - [TEST_STEP][PASSED] - Statement - Checker = com.kms.katalon.core.webui.keyword.WebUiBuiltInKeywords.verifyElementHasAttribute(com.kms.katalon.core.testobject.ObjectRepository.findTestObject(Final Object Repo/Landing Page/BM Detecting), "href", 20, OPTIONAL): Unable to verify if object 'Object Repository/Final Object Repo/Landing Page/BM Detecting' has attribute 'href' (Root cause: org.openqa.selenium.StaleElementReferenceException: stale element reference: element is not attached to the page document
  (Session info: chrome=70.0.3538.102)
  (Driver info: chromedriver=2.43.600210 (68dcf5eebde37173d4027fa8635e332711d2874a),platform=Windows NT 6.1.7601 SP1 x86_64) (WARNING: The server did not provide any stacktrace information)
Command duration or timeout: 0 milliseconds
For documentation on this error, please visit: http://seleniumhq.org/exceptions/stale_element_reference.html
Build info: version: '3.7.1', revision: '8a0099a', time: '2017-11-06T21:07:36.161Z'
System info: host: 'WIN7TEST02', ip: '10.20.3.72', os.name: 'Windows 7', os.arch: 'amd64', os.version: '6.1', java.version: '1.8.0_181'
Driver info: com.kms.katalon.selenium.driver.CChromeDriver
Capabilities {acceptInsecureCerts: false, acceptSslCerts: false, applicationCacheEnabled: false, browserConnectionEnabled: false, browserName: chrome, chrome: {chromedriverVersion: 2.43.600210 (68dcf5eebde371..., userDataDir: C:\Users\Admin\AppData\Loca...}, cssSelectorsEnabled: true, databaseEnabled: false, goog:chromeOptions: {debuggerAddress: localhost:53355}, handlesAlerts: true, hasTouchScreen: false, javascriptEnabled: true, locationContextEnabled: true, mobileEmulationEnabled: false, nativeEvents: true, networkConnectionEnabled: false, pageLoadStrategy: normal, platform: XP, platformName: XP, rotatable: false, setWindowRect: true, takesHeapSnapshot: true, takesScreenshot: true, unexpectedAlertBehaviour: , unhandledPromptBehavior: , version: 70.0.3538.102, webStorageEnabled: true}
Session ID: 42709758412d85c2f363849ac3842cb2)

2018-11-25 04:32:17 - [MESSAGE][WARNING] - Unable to verify if object 'Object Repository/Final Object Repo/Landing Page/BM Detecting' has attribute 'href' (Root cause: org.openqa.selenium.StaleElementReferenceException: stale element reference: element is not attached to the page document
  (Session info: chrome=70.0.3538.102)
  (Driver info: chromedriver=2.43.600210 (68dcf5eebde37173d4027fa8635e332711d2874a),platform=Windows NT 6.1.7601 SP1 x86_64) (WARNING: The server did not provide any stacktrace information)
Command duration or timeout: 0 milliseconds
For documentation on this error, please visit: http://seleniumhq.org/exceptions/stale_element_reference.html
Build info: version: '3.7.1', revision: '8a0099a', time: '2017-11-06T21:07:36.161Z'
System info: host: 'WIN7TEST02', ip: '10.20.3.72', os.name: 'Windows 7', os.arch: 'amd64', os.version: '6.1', java.version: '1.8.0_181'
Driver info: com.kms.katalon.selenium.driver.CChromeDriver
Capabilities {acceptInsecureCerts: false, acceptSslCerts: false, applicationCacheEnabled: false, browserConnectionEnabled: false, browserName: chrome, chrome: {chromedriverVersion: 2.43.600210 (68dcf5eebde371..., userDataDir: C:\Users\Admin\AppData\Loca...}, cssSelectorsEnabled: true, databaseEnabled: false, goog:chromeOptions: {debuggerAddress: localhost:53355}, handlesAlerts: true, hasTouchScreen: false, javascriptEnabled: true, locationContextEnabled: true, mobileEmulationEnabled: false, nativeEvents: true, networkConnectionEnabled: false, pageLoadStrategy: normal, platform: XP, platformName: XP, rotatable: false, setWindowRect: true, takesHeapSnapshot: true, takesScreenshot: true, unexpectedAlertBehaviour: , unhandledPromptBehavior: , version: 70.0.3538.102, webStorageEnabled: true}
Session ID: 42709758412d85c2f363849ac3842cb2)
[[ATTACHMENT|C:\\Users\\Admin\\Desktop\\PKS\\Perkeso Phase A\\Reports\\Workflow\\Form 3 EIS - Cessation as Employer\\20181125_002205\\1543091536761.png]]

2018-11-25 04:32:17 - [TEST_STEP][PASSED] - Statement - out.println(Checker): null

2018-11-25 04:32:17 - [TEST_STEP][FAILED] - Statement - If (Checker == false): Unable to click on object 'Object Repository/Final Object Repo/Landing Page/Select to English' (Root cause: com.kms.katalon.core.webui.exception.WebElementNotFoundException: Web element with id: 'Object Repository/Final Object Repo/Landing Page/Select to English' located by 'By.xpath: //a[@class = 'taglib-language-list-text' and @lang = 'en-US' and (contains(text(), 'EN') or contains(., 'EN'))]' not found)

2018-11-25 04:32:17 - [TEST_STEP][FAILED] - click: Unable to click on object 'Object Repository/Final Object Repo/Landing Page/Select to English' (Root cause: com.kms.katalon.core.webui.exception.WebElementNotFoundException: Web element with id: 'Object Repository/Final Object Repo/Landing Page/Select to English' located by 'By.xpath: //a[@class = 'taglib-language-list-text' and @lang = 'en-US' and (contains(text(), 'EN') or contains(., 'EN'))]' not found)

2018-11-25 04:32:54 - [MESSAGE][FAILED] - Unable to click on object 'Object Repository/Final Object Repo/Landing Page/Select to English' (Root cause: com.kms.katalon.core.webui.exception.WebElementNotFoundException: Web element with id: 'Object Repository/Final Object Repo/Landing Page/Select to English' located by 'By.xpath: //a[@class = 'taglib-language-list-text' and @lang = 'en-US' and (contains(text(), 'EN') or contains(., 'EN'))]' not found)
[[ATTACHMENT|C:\\Users\\Admin\\Desktop\\PKS\\Perkeso Phase A\\Reports\\Workflow\\Form 3 EIS - Cessation as Employer\\20181125_002205\\1543091574146.png]]

2018-11-25 04:32:54 - [TEST_STEP][PASSED] - delay: Delayed 2 second(s)

2018-11-25 04:32:56 - [MESSAGE][PASSED] - Delayed 2 second(s)

2018-11-25 04:32:56 - [TEST_STEP][PASSED] - delay: Delayed 3 second(s)

2018-11-25 04:32:59 - [MESSAGE][PASSED] - Delayed 3 second(s)

2018-11-25 04:32:59 - [TEST_STEP][PASSED] - mouseOver: Object: 'Object Repository/Final Object Repo/Landing Page/WorkFlow Menu' is hovered

2018-11-25 04:32:59 - [MESSAGE][PASSED] - Object: 'Object Repository/Final Object Repo/Landing Page/WorkFlow Menu' is hovered

2018-11-25 04:32:59 - [TEST_STEP][PASSED] - delay: Delayed 2 second(s)

2018-11-25 04:33:01 - [MESSAGE][PASSED] - Delayed 2 second(s)

2018-11-25 04:33:01 - [TEST_STEP][FAILED] - click: Unable to click on object 'Object Repository/Final Object Repo/Landing Page/Select to Workflow Listing' (Root cause: org.openqa.selenium.ElementNotVisibleException: element not interactable
  (Session info: chrome=70.0.3538.102)
  (Driver info: chromedriver=2.43.600210 (68dcf5eebde37173d4027fa8635e332711d2874a),platform=Windows NT 6.1.7601 SP1 x86_64) (WARNING: The server did not provide any stacktrace information)
Command duration or timeout: 0 milliseconds
Build info: version: '3.7.1', revision: '8a0099a', time: '2017-11-06T21:07:36.161Z'
System info: host: 'WIN7TEST02', ip: '10.20.3.72', os.name: 'Windows 7', os.arch: 'amd64', os.version: '6.1', java.version: '1.8.0_181'
Driver info: com.kms.katalon.selenium.driver.CChromeDriver
Capabilities {acceptInsecureCerts: false, acceptSslCerts: false, applicationCacheEnabled: false, browserConnectionEnabled: false, browserName: chrome, chrome: {chromedriverVersion: 2.43.600210 (68dcf5eebde371..., userDataDir: C:\Users\Admin\AppData\Loca...}, cssSelectorsEnabled: true, databaseEnabled: false, goog:chromeOptions: {debuggerAddress: localhost:53355}, handlesAlerts: true, hasTouchScreen: false, javascriptEnabled: true, locationContextEnabled: true, mobileEmulationEnabled: false, nativeEvents: true, networkConnectionEnabled: false, pageLoadStrategy: normal, platform: XP, platformName: XP, rotatable: false, setWindowRect: true, takesHeapSnapshot: true, takesScreenshot: true, unexpectedAlertBehaviour: , unhandledPromptBehavior: , version: 70.0.3538.102, webStorageEnabled: true}
Session ID: 42709758412d85c2f363849ac3842cb2)

2018-11-25 04:33:02 - [MESSAGE][FAILED] - Unable to click on object 'Object Repository/Final Object Repo/Landing Page/Select to Workflow Listing' (Root cause: org.openqa.selenium.ElementNotVisibleException: element not interactable
  (Session info: chrome=70.0.3538.102)
  (Driver info: chromedriver=2.43.600210 (68dcf5eebde37173d4027fa8635e332711d2874a),platform=Windows NT 6.1.7601 SP1 x86_64) (WARNING: The server did not provide any stacktrace information)
Command duration or timeout: 0 milliseconds
Build info: version: '3.7.1', revision: '8a0099a', time: '2017-11-06T21:07:36.161Z'
System info: host: 'WIN7TEST02', ip: '10.20.3.72', os.name: 'Windows 7', os.arch: 'amd64', os.version: '6.1', java.version: '1.8.0_181'
Driver info: com.kms.katalon.selenium.driver.CChromeDriver
Capabilities {acceptInsecureCerts: false, acceptSslCerts: false, applicationCacheEnabled: false, browserConnectionEnabled: false, browserName: chrome, chrome: {chromedriverVersion: 2.43.600210 (68dcf5eebde371..., userDataDir: C:\Users\Admin\AppData\Loca...}, cssSelectorsEnabled: true, databaseEnabled: false, goog:chromeOptions: {debuggerAddress: localhost:53355}, handlesAlerts: true, hasTouchScreen: false, javascriptEnabled: true, locationContextEnabled: true, mobileEmulationEnabled: false, nativeEvents: true, networkConnectionEnabled: false, pageLoadStrategy: normal, platform: XP, platformName: XP, rotatable: false, setWindowRect: true, takesHeapSnapshot: true, takesScreenshot: true, unexpectedAlertBehaviour: , unhandledPromptBehavior: , version: 70.0.3538.102, webStorageEnabled: true}
Session ID: 42709758412d85c2f363849ac3842cb2)
[[ATTACHMENT|C:\\Users\\Admin\\Desktop\\PKS\\Perkeso Phase A\\Reports\\Workflow\\Form 3 EIS - Cessation as Employer\\20181125_002205\\1543091581663.png]]

2018-11-25 04:33:02 - [TEST_STEP][PASSED] - delay: Delayed 2 second(s)

2018-11-25 04:33:04 - [MESSAGE][PASSED] - Delayed 2 second(s)

2018-11-25 04:33:04 - [TEST_STEP][FAILED] - click: Unable to click on object 'Object Repository/Final Object Repo/WorkFlow Listing Page/Search Information - To Put Ref No' (Root cause: com.kms.katalon.core.webui.exception.WebElementNotFoundException: Web element with id: 'Object Repository/Final Object Repo/WorkFlow Listing Page/Search Information - To Put Ref No' located by 'By.xpath: //h2[@data-target = '#_workflowlisting_WAR_baseportlet_searchDiv' and (text() = 'Search Information' or . = 'Search Information')]' not found)

2018-11-25 04:33:35 - [MESSAGE][FAILED] - Unable to click on object 'Object Repository/Final Object Repo/WorkFlow Listing Page/Search Information - To Put Ref No' (Root cause: com.kms.katalon.core.webui.exception.WebElementNotFoundException: Web element with id: 'Object Repository/Final Object Repo/WorkFlow Listing Page/Search Information - To Put Ref No' located by 'By.xpath: //h2[@data-target = '#_workflowlisting_WAR_baseportlet_searchDiv' and (text() = 'Search Information' or . = 'Search Information')]' not found)
[[ATTACHMENT|C:\\Users\\Admin\\Desktop\\PKS\\Perkeso Phase A\\Reports\\Workflow\\Form 3 EIS - Cessation as Employer\\20181125_002205\\1543091615248.png]]

2018-11-25 04:33:35 - [TEST_STEP][PASSED] - delay: Delayed 2 second(s)

2018-11-25 04:33:37 - [MESSAGE][PASSED] - Delayed 2 second(s)

2018-11-25 04:33:37 - [TEST_STEP][PASSED] - callTestCase: Call Test Case 'Test Cases/Final Aug 2018 - PKS Automation/Common/Reference Number Getter' successfully

2018-11-25 04:33:37 - [TEST_CASE][PASSED] - Test Cases/Final Aug 2018 - PKS Automation/Common/Reference Number Getter: Test Cases/Final Aug 2018 - PKS Automation/Common/Reference Number Getter

2018-11-25 04:33:37 - [TEST_STEP][PASSED] - Statement - Try: null

2018-11-25 04:33:37 - [TEST_STEP][PASSED] - Statement - RefNo = new java.io.File(C://Users//Admin//Desktop//PKS//Automation Reference Point//KatalonReference.txt): null

2018-11-25 04:33:37 - [TEST_STEP][PASSED] - Statement - bufferread = new java.io.BufferedReader(new java.io.FileReader(RefNo)): null

2018-11-25 04:33:37 - [TEST_STEP][PASSED] - Statement - readedVal = bufferread.readLine(): null

2018-11-25 04:33:37 - [TEST_STEP][PASSED] - Statement - out.println(CaseReferenceNo): null

2018-11-25 04:33:37 - [TEST_STEP][PASSED] - Statement - out.println(readedVal): null

2018-11-25 04:33:37 - [TEST_STEP][PASSED] - Statement - CaseReferenceNo = "": null

2018-11-25 04:33:37 - [TEST_STEP][PASSED] - Statement - CaseReferenceNo = readedVal: null

2018-11-25 04:33:37 - [MESSAGE][PASSED] - Call Test Case 'Test Cases/Final Aug 2018 - PKS Automation/Common/Reference Number Getter' successfully

2018-11-25 04:33:37 - [TEST_STEP][FAILED] - setText: Unable to set text 'ERN112018C200002280' of object 'Object Repository/Final Object Repo/WorkFlow Listing Page/Ref No Set Text' (Root cause: com.kms.katalon.core.webui.exception.WebElementNotFoundException: Web element with id: 'Object Repository/Final Object Repo/WorkFlow Listing Page/Ref No Set Text' located by 'By.xpath: //input[@id = '_workflowlisting_WAR_baseportlet_dto.trxReferenceNum' and @name = '_workflowlisting_WAR_baseportlet_dto.trxReferenceNum' and @type = 'text']' not found)

2018-11-25 04:34:09 - [MESSAGE][FAILED] - Unable to set text 'ERN112018C200002280' of object 'Object Repository/Final Object Repo/WorkFlow Listing Page/Ref No Set Text' (Root cause: com.kms.katalon.core.webui.exception.WebElementNotFoundException: Web element with id: 'Object Repository/Final Object Repo/WorkFlow Listing Page/Ref No Set Text' located by 'By.xpath: //input[@id = '_workflowlisting_WAR_baseportlet_dto.trxReferenceNum' and @name = '_workflowlisting_WAR_baseportlet_dto.trxReferenceNum' and @type = 'text']' not found)
[[ATTACHMENT|C:\\Users\\Admin\\Desktop\\PKS\\Perkeso Phase A\\Reports\\Workflow\\Form 3 EIS - Cessation as Employer\\20181125_002205\\1543091649304.png]]

2018-11-25 04:34:09 - [TEST_STEP][PASSED] - delay: Delayed 2 second(s)

2018-11-25 04:34:11 - [MESSAGE][PASSED] - Delayed 2 second(s)

2018-11-25 04:34:11 - [TEST_STEP][FAILED] - click: Unable to click on object 'Object Repository/Final Object Repo/WorkFlow Listing Page/Search Ref No Search Button' (Root cause: org.openqa.selenium.ElementNotVisibleException: element not interactable
  (Session info: chrome=70.0.3538.102)
  (Driver info: chromedriver=2.43.600210 (68dcf5eebde37173d4027fa8635e332711d2874a),platform=Windows NT 6.1.7601 SP1 x86_64) (WARNING: The server did not provide any stacktrace information)
Command duration or timeout: 0 milliseconds
Build info: version: '3.7.1', revision: '8a0099a', time: '2017-11-06T21:07:36.161Z'
System info: host: 'WIN7TEST02', ip: '10.20.3.72', os.name: 'Windows 7', os.arch: 'amd64', os.version: '6.1', java.version: '1.8.0_181'
Driver info: com.kms.katalon.selenium.driver.CChromeDriver
Capabilities {acceptInsecureCerts: false, acceptSslCerts: false, applicationCacheEnabled: false, browserConnectionEnabled: false, browserName: chrome, chrome: {chromedriverVersion: 2.43.600210 (68dcf5eebde371..., userDataDir: C:\Users\Admin\AppData\Loca...}, cssSelectorsEnabled: true, databaseEnabled: false, goog:chromeOptions: {debuggerAddress: localhost:53355}, handlesAlerts: true, hasTouchScreen: false, javascriptEnabled: true, locationContextEnabled: true, mobileEmulationEnabled: false, nativeEvents: true, networkConnectionEnabled: false, pageLoadStrategy: normal, platform: XP, platformName: XP, rotatable: false, setWindowRect: true, takesHeapSnapshot: true, takesScreenshot: true, unexpectedAlertBehaviour: , unhandledPromptBehavior: , version: 70.0.3538.102, webStorageEnabled: true}
Session ID: 42709758412d85c2f363849ac3842cb2)

2018-11-25 04:34:12 - [MESSAGE][FAILED] - Unable to click on object 'Object Repository/Final Object Repo/WorkFlow Listing Page/Search Ref No Search Button' (Root cause: org.openqa.selenium.ElementNotVisibleException: element not interactable
  (Session info: chrome=70.0.3538.102)
  (Driver info: chromedriver=2.43.600210 (68dcf5eebde37173d4027fa8635e332711d2874a),platform=Windows NT 6.1.7601 SP1 x86_64) (WARNING: The server did not provide any stacktrace information)
Command duration or timeout: 0 milliseconds
Build info: version: '3.7.1', revision: '8a0099a', time: '2017-11-06T21:07:36.161Z'
System info: host: 'WIN7TEST02', ip: '10.20.3.72', os.name: 'Windows 7', os.arch: 'amd64', os.version: '6.1', java.version: '1.8.0_181'
Driver info: com.kms.katalon.selenium.driver.CChromeDriver
Capabilities {acceptInsecureCerts: false, acceptSslCerts: false, applicationCacheEnabled: false, browserConnectionEnabled: false, browserName: chrome, chrome: {chromedriverVersion: 2.43.600210 (68dcf5eebde371..., userDataDir: C:\Users\Admin\AppData\Loca...}, cssSelectorsEnabled: true, databaseEnabled: false, goog:chromeOptions: {debuggerAddress: localhost:53355}, handlesAlerts: true, hasTouchScreen: false, javascriptEnabled: true, locationContextEnabled: true, mobileEmulationEnabled: false, nativeEvents: true, networkConnectionEnabled: false, pageLoadStrategy: normal, platform: XP, platformName: XP, rotatable: false, setWindowRect: true, takesHeapSnapshot: true, takesScreenshot: true, unexpectedAlertBehaviour: , unhandledPromptBehavior: , version: 70.0.3538.102, webStorageEnabled: true}
Session ID: 42709758412d85c2f363849ac3842cb2)
[[ATTACHMENT|C:\\Users\\Admin\\Desktop\\PKS\\Perkeso Phase A\\Reports\\Workflow\\Form 3 EIS - Cessation as Employer\\20181125_002205\\1543091651732.png]]

2018-11-25 04:34:12 - [TEST_STEP][PASSED] - delay: Delayed 4 second(s)

2018-11-25 04:34:16 - [MESSAGE][PASSED] - Delayed 4 second(s)

2018-11-25 04:34:16 - [TEST_STEP][PASSED] - click: Object: 'Object Repository/Final Object Repo/WorkFlow Listing Page/Click Continue Tooltip' is clicked on

2018-11-25 04:34:17 - [MESSAGE][PASSED] - Object: 'Object Repository/Final Object Repo/WorkFlow Listing Page/Click Continue Tooltip' is clicked on

2018-11-25 04:34:17 - [TEST_STEP][PASSED] - delay: Delayed 5 second(s)

2018-11-25 04:34:22 - [MESSAGE][PASSED] - Delayed 5 second(s)

2018-11-25 04:34:22 - [TEST_STEP][FAILED] - doubleClick: Unable to double click on object 'Object Repository/Final Object Repo/WorkFlow Listing Page/Workflow Found - Listing 1' (Root cause: com.kms.katalon.core.webui.exception.WebElementNotFoundException: Web element with id: 'Object Repository/Final Object Repo/WorkFlow Listing Page/Workflow Found - Listing 1' located by 'By.xpath: //body/div/div/div/div/div/div/div/div/div/div/div/div/div/div/div/div/table/tbody/tr/td[@class='table-cell  first']/following-sibling::td[1]' not found)

2018-11-25 04:34:53 - [MESSAGE][FAILED] - Unable to double click on object 'Object Repository/Final Object Repo/WorkFlow Listing Page/Workflow Found - Listing 1' (Root cause: com.kms.katalon.core.webui.exception.WebElementNotFoundException: Web element with id: 'Object Repository/Final Object Repo/WorkFlow Listing Page/Workflow Found - Listing 1' located by 'By.xpath: //body/div/div/div/div/div/div/div/div/div/div/div/div/div/div/div/div/table/tbody/tr/td[@class='table-cell  first']/following-sibling::td[1]' not found)
[[ATTACHMENT|C:\\Users\\Admin\\Desktop\\PKS\\Perkeso Phase A\\Reports\\Workflow\\Form 3 EIS - Cessation as Employer\\20181125_002205\\1543091693431.png]]

2018-11-25 04:34:53 - [MESSAGE][FAILED] - Unable to call Test Case with id 'Test Cases/Final Aug 2018 - PKS Automation/Common/Workflow Owner Finder' (Root cause: Call Test Case 'Test Cases/Final Aug 2018 - PKS Automation/Common/Workflow Owner Finder' failed)

2018-11-25 04:34:53 - [MESSAGE][FAILED] - Unable to call Test Case with id 'Test Cases/Final Aug 2018 - PKS Automation/Registration Module/Workflow/Form 3 EIS - Cessation As Employer/Template/Form 3 A - Cessation As Employer (Approve)' (Root cause: Call Test Case 'Test Cases/Final Aug 2018 - PKS Automation/Registration Module/Workflow/Form 3 EIS - Cessation As Employer/Template/Form 3 A - Cessation As Employer (Approve)' failed)]]></system-out>
         <system-err><![CDATA[2018-11-25 04:30:56 - [TEST_CASE][FAILED] - Test Cases/Final Aug 2018 - PKS Automation/Registration Module/Workflow/Form 3 EIS - Cessation As Employer/OTC to UO (Approve): Test Cases/Final Aug 2018 - PKS Automation/Registration Module/Workflow/Form 3 EIS - Cessation As Employer/OTC to UO (Approve) FAILED because (of) (Stack trace: com.kms.katalon.core.exception.StepFailedException: Unable to click on object 'Object Repository/Final Object Repo/Landing Page/Select to English' (Root cause: com.kms.katalon.core.webui.exception.WebElementNotFoundException: Web element with id: 'Object Repository/Final Object Repo/Landing Page/Select to English' located by 'By.xpath: //a[@class = 'taglib-language-list-text' and @lang = 'en-US' and (contains(text(), 'EN') or contains(., 'EN'))]' not found)
	at com.kms.katalon.core.keyword.internal.KeywordMain.stepFailed(KeywordMain.groovy:32)
	at com.kms.katalon.core.webui.keyword.internal.WebUIKeywordMain.stepFailed(WebUIKeywordMain.groovy:65)
	at com.kms.katalon.core.webui.keyword.internal.WebUIKeywordMain.runKeyword(WebUIKeywordMain.groovy:27)
	at com.kms.katalon.core.webui.keyword.builtin.ClickKeyword.click(ClickKeyword.groovy:86)
	at com.kms.katalon.core.webui.keyword.builtin.ClickKeyword.execute(ClickKeyword.groovy:67)
	at com.kms.katalon.core.keyword.internal.KeywordExecutor.executeKeywordForPlatform(KeywordExecutor.groovy:53)
	at com.kms.katalon.core.webui.keyword.WebUiBuiltInKeywords.click(WebUiBuiltInKeywords.groovy:604)
	at com.kms.katalon.core.webui.keyword.WebUiBuiltInKeywords$click$9.call(Unknown Source)
	at Script1534407542420.run(Script1534407542420.groovy:57)
	at com.kms.katalon.core.main.ScriptEngine.run(ScriptEngine.java:183)
	at com.kms.katalon.core.main.ScriptEngine.runScriptAsRawText(ScriptEngine.java:108)
	at com.kms.katalon.core.main.TestCaseExecutor.runScript(TestCaseExecutor.java:294)
	at com.kms.katalon.core.main.TestCaseExecutor.doExecute(TestCaseExecutor.java:285)
	at com.kms.katalon.core.main.TestCaseExecutor.processExecutionPhase(TestCaseExecutor.java:264)
	at com.kms.katalon.core.main.TestCaseExecutor.accessMainPhase(TestCaseExecutor.java:256)
	at com.kms.katalon.core.main.TestCaseExecutor.execute(TestCaseExecutor.java:200)
	at com.kms.katalon.core.main.TestCaseMain.runTestCase(TestCaseMain.java:99)
	at com.kms.katalon.core.keyword.builtin.CallTestCaseKeyword$_callTestCase_closure1.doCall(CallTestCaseKeyword.groovy:60)
	at com.kms.katalon.core.keyword.builtin.CallTestCaseKeyword$_callTestCase_closure1.call(CallTestCaseKeyword.groovy)
	at com.kms.katalon.core.keyword.internal.KeywordMain.runKeyword(KeywordMain.groovy:54)
	at com.kms.katalon.core.keyword.builtin.CallTestCaseKeyword.callTestCase(CallTestCaseKeyword.groovy:81)
	at com.kms.katalon.core.keyword.builtin.CallTestCaseKeyword.execute(CallTestCaseKeyword.groovy:45)
	at com.kms.katalon.core.keyword.internal.KeywordExecutor.executeKeywordForPlatform(KeywordExecutor.groovy:53)
	at com.kms.katalon.core.keyword.BuiltinKeywords.callTestCase(BuiltinKeywords.groovy:334)
	at sun.reflect.GeneratedMethodAccessor15.invoke(Unknown Source)
	at sun.reflect.DelegatingMethodAccessorImpl.invoke(DelegatingMethodAccessorImpl.java:43)
	at java.lang.reflect.Method.invoke(Method.java:498)
	at org.codehaus.groovy.reflection.CachedMethod.invoke(CachedMethod.java:93)
	at groovy.lang.MetaMethod.doMethodInvoke(MetaMethod.java:325)
	at groovy.lang.MetaClassImpl.invokeStaticMethod(MetaClassImpl.java:1469)
	at org.codehaus.groovy.runtime.callsite.StaticMetaClassSite.call(StaticMetaClassSite.java:53)
	at org.codehaus.groovy.runtime.callsite.CallSiteArray.defaultCall(CallSiteArray.java:48)
	at org.codehaus.groovy.runtime.callsite.AbstractCallSite.call(AbstractCallSite.java:113)
	at org.codehaus.groovy.runtime.callsite.AbstractCallSite.call(AbstractCallSite.java:141)
	at Script1536043843412.run(Script1536043843412.groovy:34)
	at com.kms.katalon.core.main.ScriptEngine.run(ScriptEngine.java:183)
	at com.kms.katalon.core.main.ScriptEngine.runScriptAsRawText(ScriptEngine.java:108)
	at com.kms.katalon.core.main.TestCaseExecutor.runScript(TestCaseExecutor.java:294)
	at com.kms.katalon.core.main.TestCaseExecutor.doExecute(TestCaseExecutor.java:285)
	at com.kms.katalon.core.main.TestCaseExecutor.processExecutionPhase(TestCaseExecutor.java:264)
	at com.kms.katalon.core.main.TestCaseExecutor.accessMainPhase(TestCaseExecutor.java:256)
	at com.kms.katalon.core.main.TestCaseExecutor.execute(TestCaseExecutor.java:200)
	at com.kms.katalon.core.main.TestCaseMain.runTestCase(TestCaseMain.java:99)
	at com.kms.katalon.core.keyword.builtin.CallTestCaseKeyword$_callTestCase_closure1.doCall(CallTestCaseKeyword.groovy:60)
	at com.kms.katalon.core.keyword.builtin.CallTestCaseKeyword$_callTestCase_closure1.call(CallTestCaseKeyword.groovy)
	at com.kms.katalon.core.keyword.internal.KeywordMain.runKeyword(KeywordMain.groovy:54)
	at com.kms.katalon.core.keyword.builtin.CallTestCaseKeyword.callTestCase(CallTestCaseKeyword.groovy:81)
	at com.kms.katalon.core.keyword.builtin.CallTestCaseKeyword.execute(CallTestCaseKeyword.groovy:45)
	at com.kms.katalon.core.keyword.internal.KeywordExecutor.executeKeywordForPlatform(KeywordExecutor.groovy:53)
	at com.kms.katalon.core.keyword.BuiltinKeywords.callTestCase(BuiltinKeywords.groovy:334)
	at sun.reflect.GeneratedMethodAccessor15.invoke(Unknown Source)
	at sun.reflect.DelegatingMethodAccessorImpl.invoke(DelegatingMethodAccessorImpl.java:43)
	at java.lang.reflect.Method.invoke(Method.java:498)
	at org.codehaus.groovy.reflection.CachedMethod.invoke(CachedMethod.java:93)
	at groovy.lang.MetaMethod.doMethodInvoke(MetaMethod.java:325)
	at groovy.lang.MetaClassImpl.invokeStaticMethod(MetaClassImpl.java:1469)
	at org.codehaus.groovy.runtime.callsite.StaticMetaClassSite.call(StaticMetaClassSite.java:53)
	at org.codehaus.groovy.runtime.callsite.CallSiteArray.defaultCall(CallSiteArray.java:48)
	at org.codehaus.groovy.runtime.callsite.AbstractCallSite.call(AbstractCallSite.java:113)
	at org.codehaus.groovy.runtime.callsite.AbstractCallSite.call(AbstractCallSite.java:141)
	at Script1536203236794.run(Script1536203236794.groovy:25)
	at com.kms.katalon.core.main.ScriptEngine.run(ScriptEngine.java:183)
	at com.kms.katalon.core.main.ScriptEngine.runScriptAsRawText(ScriptEngine.java:108)
	at com.kms.katalon.core.main.TestCaseExecutor.runScript(TestCaseExecutor.java:294)
	at com.kms.katalon.core.main.TestCaseExecutor.doExecute(TestCaseExecutor.java:285)
	at com.kms.katalon.core.main.TestCaseExecutor.processExecutionPhase(TestCaseExecutor.java:264)
	at com.kms.katalon.core.main.TestCaseExecutor.accessMainPhase(TestCaseExecutor.java:256)
	at com.kms.katalon.core.main.TestCaseExecutor.execute(TestCaseExecutor.java:200)
	at com.kms.katalon.core.main.TestSuiteExecutor.accessTestCaseMainPhase(TestSuiteExecutor.java:129)
	at com.kms.katalon.core.main.TestSuiteExecutor.accessTestSuiteMainPhase(TestSuiteExecutor.java:112)
	at com.kms.katalon.core.main.TestSuiteExecutor.execute(TestSuiteExecutor.java:81)
	at com.kms.katalon.core.main.TestCaseMain.startTestSuite(TestCaseMain.java:142)
	at com.kms.katalon.core.main.TestCaseMain$startTestSuite$0.call(Unknown Source)
	at org.codehaus.groovy.runtime.callsite.CallSiteArray.defaultCall(CallSiteArray.java:48)
	at org.codehaus.groovy.runtime.callsite.AbstractCallSite.call(AbstractCallSite.java:113)
	at org.codehaus.groovy.runtime.callsite.AbstractCallSite.call(AbstractCallSite.java:141)
	at TempTestSuite1543076525234.run(TempTestSuite1543076525234.groovy:36)
	at groovy.lang.GroovyShell.runScriptOrMainOrTestOrRunnable(GroovyShell.java:263)
	at groovy.lang.GroovyShell.run(GroovyShell.java:518)
	at groovy.lang.GroovyShell.run(GroovyShell.java:507)
	at groovy.ui.GroovyMain.processOnce(GroovyMain.java:653)
	at groovy.ui.GroovyMain.run(GroovyMain.java:384)
	at groovy.ui.GroovyMain.process(GroovyMain.java:370)
	at groovy.ui.GroovyMain.processArgs(GroovyMain.java:129)
	at groovy.ui.GroovyMain.main(GroovyMain.java:109)
	at sun.reflect.NativeMethodAccessorImpl.invoke0(Native Method)
	at sun.reflect.NativeMethodAccessorImpl.invoke(NativeMethodAccessorImpl.java:62)
	at sun.reflect.DelegatingMethodAccessorImpl.invoke(DelegatingMethodAccessorImpl.java:43)
	at java.lang.reflect.Method.invoke(Method.java:498)
	at org.codehaus.groovy.tools.GroovyStarter.rootLoader(GroovyStarter.java:109)
	at org.codehaus.groovy.tools.GroovyStarter.main(GroovyStarter.java:131)
)]]></system-err>
      </testcase>
      <testcase name="Test Cases/Final Aug 2018 - PKS Automation/Registration Module/Workflow/Form 3 EIS - Cessation As Employer/OTC to UO (Query)" classname="Test Cases/Final Aug 2018 - PKS Automation/Registration Module/Workflow/Form 3 EIS - Cessation As Employer/OTC to UO (Query)" status="FAILED">
         <failure type="FAILED" message="(Stack trace: com.kms.katalon.core.exception.StepFailedException: Unable to click on object 'Object Repository/Final Object Repo/Landing Page/Select to English' (Root cause: com.kms.katalon.core.webui.exception.WebElementNotFoundException: Web element with id: 'Object Repository/Final Object Repo/Landing Page/Select to English' located by 'By.xpath: //a[@class = 'taglib-language-list-text' and @lang = 'en-US' and (contains(text(), 'EN') or contains(., 'EN'))]' not found)
	at com.kms.katalon.core.keyword.internal.KeywordMain.stepFailed(KeywordMain.groovy:32)
	at com.kms.katalon.core.webui.keyword.internal.WebUIKeywordMain.stepFailed(WebUIKeywordMain.groovy:65)
	at com.kms.katalon.core.webui.keyword.internal.WebUIKeywordMain.runKeyword(WebUIKeywordMain.groovy:27)
	at com.kms.katalon.core.webui.keyword.builtin.ClickKeyword.click(ClickKeyword.groovy:86)
	at com.kms.katalon.core.webui.keyword.builtin.ClickKeyword.execute(ClickKeyword.groovy:67)
	at com.kms.katalon.core.keyword.internal.KeywordExecutor.executeKeywordForPlatform(KeywordExecutor.groovy:53)
	at com.kms.katalon.core.webui.keyword.WebUiBuiltInKeywords.click(WebUiBuiltInKeywords.groovy:604)
	at com.kms.katalon.core.webui.keyword.WebUiBuiltInKeywords$click$9.call(Unknown Source)
	at Script1534407542420.run(Script1534407542420.groovy:57)
	at com.kms.katalon.core.main.ScriptEngine.run(ScriptEngine.java:183)
	at com.kms.katalon.core.main.ScriptEngine.runScriptAsRawText(ScriptEngine.java:108)
	at com.kms.katalon.core.main.TestCaseExecutor.runScript(TestCaseExecutor.java:294)
	at com.kms.katalon.core.main.TestCaseExecutor.doExecute(TestCaseExecutor.java:285)
	at com.kms.katalon.core.main.TestCaseExecutor.processExecutionPhase(TestCaseExecutor.java:264)
	at com.kms.katalon.core.main.TestCaseExecutor.accessMainPhase(TestCaseExecutor.java:256)
	at com.kms.katalon.core.main.TestCaseExecutor.execute(TestCaseExecutor.java:200)
	at com.kms.katalon.core.main.TestCaseMain.runTestCase(TestCaseMain.java:99)
	at com.kms.katalon.core.keyword.builtin.CallTestCaseKeyword$_callTestCase_closure1.doCall(CallTestCaseKeyword.groovy:60)
	at com.kms.katalon.core.keyword.builtin.CallTestCaseKeyword$_callTestCase_closure1.call(CallTestCaseKeyword.groovy)
	at com.kms.katalon.core.keyword.internal.KeywordMain.runKeyword(KeywordMain.groovy:54)
	at com.kms.katalon.core.keyword.builtin.CallTestCaseKeyword.callTestCase(CallTestCaseKeyword.groovy:81)
	at com.kms.katalon.core.keyword.builtin.CallTestCaseKeyword.execute(CallTestCaseKeyword.groovy:45)
	at com.kms.katalon.core.keyword.internal.KeywordExecutor.executeKeywordForPlatform(KeywordExecutor.groovy:53)
	at com.kms.katalon.core.keyword.BuiltinKeywords.callTestCase(BuiltinKeywords.groovy:334)
	at sun.reflect.GeneratedMethodAccessor15.invoke(Unknown Source)
	at sun.reflect.DelegatingMethodAccessorImpl.invoke(DelegatingMethodAccessorImpl.java:43)
	at java.lang.reflect.Method.invoke(Method.java:498)
	at org.codehaus.groovy.reflection.CachedMethod.invoke(CachedMethod.java:93)
	at groovy.lang.MetaMethod.doMethodInvoke(MetaMethod.java:325)
	at groovy.lang.MetaClassImpl.invokeStaticMethod(MetaClassImpl.java:1469)
	at org.codehaus.groovy.runtime.callsite.StaticMetaClassSite.call(StaticMetaClassSite.java:53)
	at org.codehaus.groovy.runtime.callsite.AbstractCallSite.call(AbstractCallSite.java:141)
	at Script1536114876563.run(Script1536114876563.groovy:34)
	at com.kms.katalon.core.main.ScriptEngine.run(ScriptEngine.java:183)
	at com.kms.katalon.core.main.ScriptEngine.runScriptAsRawText(ScriptEngine.java:108)
	at com.kms.katalon.core.main.TestCaseExecutor.runScript(TestCaseExecutor.java:294)
	at com.kms.katalon.core.main.TestCaseExecutor.doExecute(TestCaseExecutor.java:285)
	at com.kms.katalon.core.main.TestCaseExecutor.processExecutionPhase(TestCaseExecutor.java:264)
	at com.kms.katalon.core.main.TestCaseExecutor.accessMainPhase(TestCaseExecutor.java:256)
	at com.kms.katalon.core.main.TestCaseExecutor.execute(TestCaseExecutor.java:200)
	at com.kms.katalon.core.main.TestCaseMain.runTestCase(TestCaseMain.java:99)
	at com.kms.katalon.core.keyword.builtin.CallTestCaseKeyword$_callTestCase_closure1.doCall(CallTestCaseKeyword.groovy:60)
	at com.kms.katalon.core.keyword.builtin.CallTestCaseKeyword$_callTestCase_closure1.call(CallTestCaseKeyword.groovy)
	at com.kms.katalon.core.keyword.internal.KeywordMain.runKeyword(KeywordMain.groovy:54)
	at com.kms.katalon.core.keyword.builtin.CallTestCaseKeyword.callTestCase(CallTestCaseKeyword.groovy:81)
	at com.kms.katalon.core.keyword.builtin.CallTestCaseKeyword.execute(CallTestCaseKeyword.groovy:45)
	at com.kms.katalon.core.keyword.internal.KeywordExecutor.executeKeywordForPlatform(KeywordExecutor.groovy:53)
	at com.kms.katalon.core.keyword.BuiltinKeywords.callTestCase(BuiltinKeywords.groovy:334)
	at sun.reflect.GeneratedMethodAccessor15.invoke(Unknown Source)
	at sun.reflect.DelegatingMethodAccessorImpl.invoke(DelegatingMethodAccessorImpl.java:43)
	at java.lang.reflect.Method.invoke(Method.java:498)
	at org.codehaus.groovy.reflection.CachedMethod.invoke(CachedMethod.java:93)
	at groovy.lang.MetaMethod.doMethodInvoke(MetaMethod.java:325)
	at groovy.lang.MetaClassImpl.invokeStaticMethod(MetaClassImpl.java:1469)
	at org.codehaus.groovy.runtime.callsite.StaticMetaClassSite.call(StaticMetaClassSite.java:53)
	at org.codehaus.groovy.runtime.callsite.CallSiteArray.defaultCall(CallSiteArray.java:48)
	at org.codehaus.groovy.runtime.callsite.AbstractCallSite.call(AbstractCallSite.java:113)
	at org.codehaus.groovy.runtime.callsite.AbstractCallSite.call(AbstractCallSite.java:141)
	at Script1536204253481.run(Script1536204253481.groovy:25)
	at com.kms.katalon.core.main.ScriptEngine.run(ScriptEngine.java:183)
	at com.kms.katalon.core.main.ScriptEngine.runScriptAsRawText(ScriptEngine.java:108)
	at com.kms.katalon.core.main.TestCaseExecutor.runScript(TestCaseExecutor.java:294)
	at com.kms.katalon.core.main.TestCaseExecutor.doExecute(TestCaseExecutor.java:285)
	at com.kms.katalon.core.main.TestCaseExecutor.processExecutionPhase(TestCaseExecutor.java:264)
	at com.kms.katalon.core.main.TestCaseExecutor.accessMainPhase(TestCaseExecutor.java:256)
	at com.kms.katalon.core.main.TestCaseExecutor.execute(TestCaseExecutor.java:200)
	at com.kms.katalon.core.main.TestSuiteExecutor.accessTestCaseMainPhase(TestSuiteExecutor.java:129)
	at com.kms.katalon.core.main.TestSuiteExecutor.accessTestSuiteMainPhase(TestSuiteExecutor.java:112)
	at com.kms.katalon.core.main.TestSuiteExecutor.execute(TestSuiteExecutor.java:81)
	at com.kms.katalon.core.main.TestCaseMain.startTestSuite(TestCaseMain.java:142)
	at com.kms.katalon.core.main.TestCaseMain$startTestSuite$0.call(Unknown Source)
	at org.codehaus.groovy.runtime.callsite.CallSiteArray.defaultCall(CallSiteArray.java:48)
	at org.codehaus.groovy.runtime.callsite.AbstractCallSite.call(AbstractCallSite.java:113)
	at org.codehaus.groovy.runtime.callsite.AbstractCallSite.call(AbstractCallSite.java:141)
	at TempTestSuite1543076525234.run(TempTestSuite1543076525234.groovy:36)
	at groovy.lang.GroovyShell.runScriptOrMainOrTestOrRunnable(GroovyShell.java:263)
	at groovy.lang.GroovyShell.run(GroovyShell.java:518)
	at groovy.lang.GroovyShell.run(GroovyShell.java:507)
	at groovy.ui.GroovyMain.processOnce(GroovyMain.java:653)
	at groovy.ui.GroovyMain.run(GroovyMain.java:384)
	at groovy.ui.GroovyMain.process(GroovyMain.java:370)
	at groovy.ui.GroovyMain.processArgs(GroovyMain.java:129)
	at groovy.ui.GroovyMain.main(GroovyMain.java:109)
	at sun.reflect.NativeMethodAccessorImpl.invoke0(Native Method)
	at sun.reflect.NativeMethodAccessorImpl.invoke(NativeMethodAccessorImpl.java:62)
	at sun.reflect.DelegatingMethodAccessorImpl.invoke(DelegatingMethodAccessorImpl.java:43)
	at java.lang.reflect.Method.invoke(Method.java:498)
	at org.codehaus.groovy.tools.GroovyStarter.rootLoader(GroovyStarter.java:109)
	at org.codehaus.groovy.tools.GroovyStarter.main(GroovyStarter.java:131)
)"/>
         <system-out><![CDATA[2018-11-25 04:34:53 - [TEST_CASE][FAILED] - Test Cases/Final Aug 2018 - PKS Automation/Registration Module/Workflow/Form 3 EIS - Cessation As Employer/OTC to UO (Query): Test Cases/Final Aug 2018 - PKS Automation/Registration Module/Workflow/Form 3 EIS - Cessation As Employer/OTC to UO (Query) FAILED because (of) (Stack trace: com.kms.katalon.core.exception.StepFailedException: Unable to click on object 'Object Repository/Final Object Repo/Landing Page/Select to English' (Root cause: com.kms.katalon.core.webui.exception.WebElementNotFoundException: Web element with id: 'Object Repository/Final Object Repo/Landing Page/Select to English' located by 'By.xpath: //a[@class = 'taglib-language-list-text' and @lang = 'en-US' and (contains(text(), 'EN') or contains(., 'EN'))]' not found)
	at com.kms.katalon.core.keyword.internal.KeywordMain.stepFailed(KeywordMain.groovy:32)
	at com.kms.katalon.core.webui.keyword.internal.WebUIKeywordMain.stepFailed(WebUIKeywordMain.groovy:65)
	at com.kms.katalon.core.webui.keyword.internal.WebUIKeywordMain.runKeyword(WebUIKeywordMain.groovy:27)
	at com.kms.katalon.core.webui.keyword.builtin.ClickKeyword.click(ClickKeyword.groovy:86)
	at com.kms.katalon.core.webui.keyword.builtin.ClickKeyword.execute(ClickKeyword.groovy:67)
	at com.kms.katalon.core.keyword.internal.KeywordExecutor.executeKeywordForPlatform(KeywordExecutor.groovy:53)
	at com.kms.katalon.core.webui.keyword.WebUiBuiltInKeywords.click(WebUiBuiltInKeywords.groovy:604)
	at com.kms.katalon.core.webui.keyword.WebUiBuiltInKeywords$click$9.call(Unknown Source)
	at Script1534407542420.run(Script1534407542420.groovy:57)
	at com.kms.katalon.core.main.ScriptEngine.run(ScriptEngine.java:183)
	at com.kms.katalon.core.main.ScriptEngine.runScriptAsRawText(ScriptEngine.java:108)
	at com.kms.katalon.core.main.TestCaseExecutor.runScript(TestCaseExecutor.java:294)
	at com.kms.katalon.core.main.TestCaseExecutor.doExecute(TestCaseExecutor.java:285)
	at com.kms.katalon.core.main.TestCaseExecutor.processExecutionPhase(TestCaseExecutor.java:264)
	at com.kms.katalon.core.main.TestCaseExecutor.accessMainPhase(TestCaseExecutor.java:256)
	at com.kms.katalon.core.main.TestCaseExecutor.execute(TestCaseExecutor.java:200)
	at com.kms.katalon.core.main.TestCaseMain.runTestCase(TestCaseMain.java:99)
	at com.kms.katalon.core.keyword.builtin.CallTestCaseKeyword$_callTestCase_closure1.doCall(CallTestCaseKeyword.groovy:60)
	at com.kms.katalon.core.keyword.builtin.CallTestCaseKeyword$_callTestCase_closure1.call(CallTestCaseKeyword.groovy)
	at com.kms.katalon.core.keyword.internal.KeywordMain.runKeyword(KeywordMain.groovy:54)
	at com.kms.katalon.core.keyword.builtin.CallTestCaseKeyword.callTestCase(CallTestCaseKeyword.groovy:81)
	at com.kms.katalon.core.keyword.builtin.CallTestCaseKeyword.execute(CallTestCaseKeyword.groovy:45)
	at com.kms.katalon.core.keyword.internal.KeywordExecutor.executeKeywordForPlatform(KeywordExecutor.groovy:53)
	at com.kms.katalon.core.keyword.BuiltinKeywords.callTestCase(BuiltinKeywords.groovy:334)
	at sun.reflect.GeneratedMethodAccessor15.invoke(Unknown Source)
	at sun.reflect.DelegatingMethodAccessorImpl.invoke(DelegatingMethodAccessorImpl.java:43)
	at java.lang.reflect.Method.invoke(Method.java:498)
	at org.codehaus.groovy.reflection.CachedMethod.invoke(CachedMethod.java:93)
	at groovy.lang.MetaMethod.doMethodInvoke(MetaMethod.java:325)
	at groovy.lang.MetaClassImpl.invokeStaticMethod(MetaClassImpl.java:1469)
	at org.codehaus.groovy.runtime.callsite.StaticMetaClassSite.call(StaticMetaClassSite.java:53)
	at org.codehaus.groovy.runtime.callsite.AbstractCallSite.call(AbstractCallSite.java:141)
	at Script1536114876563.run(Script1536114876563.groovy:34)
	at com.kms.katalon.core.main.ScriptEngine.run(ScriptEngine.java:183)
	at com.kms.katalon.core.main.ScriptEngine.runScriptAsRawText(ScriptEngine.java:108)
	at com.kms.katalon.core.main.TestCaseExecutor.runScript(TestCaseExecutor.java:294)
	at com.kms.katalon.core.main.TestCaseExecutor.doExecute(TestCaseExecutor.java:285)
	at com.kms.katalon.core.main.TestCaseExecutor.processExecutionPhase(TestCaseExecutor.java:264)
	at com.kms.katalon.core.main.TestCaseExecutor.accessMainPhase(TestCaseExecutor.java:256)
	at com.kms.katalon.core.main.TestCaseExecutor.execute(TestCaseExecutor.java:200)
	at com.kms.katalon.core.main.TestCaseMain.runTestCase(TestCaseMain.java:99)
	at com.kms.katalon.core.keyword.builtin.CallTestCaseKeyword$_callTestCase_closure1.doCall(CallTestCaseKeyword.groovy:60)
	at com.kms.katalon.core.keyword.builtin.CallTestCaseKeyword$_callTestCase_closure1.call(CallTestCaseKeyword.groovy)
	at com.kms.katalon.core.keyword.internal.KeywordMain.runKeyword(KeywordMain.groovy:54)
	at com.kms.katalon.core.keyword.builtin.CallTestCaseKeyword.callTestCase(CallTestCaseKeyword.groovy:81)
	at com.kms.katalon.core.keyword.builtin.CallTestCaseKeyword.execute(CallTestCaseKeyword.groovy:45)
	at com.kms.katalon.core.keyword.internal.KeywordExecutor.executeKeywordForPlatform(KeywordExecutor.groovy:53)
	at com.kms.katalon.core.keyword.BuiltinKeywords.callTestCase(BuiltinKeywords.groovy:334)
	at sun.reflect.GeneratedMethodAccessor15.invoke(Unknown Source)
	at sun.reflect.DelegatingMethodAccessorImpl.invoke(DelegatingMethodAccessorImpl.java:43)
	at java.lang.reflect.Method.invoke(Method.java:498)
	at org.codehaus.groovy.reflection.CachedMethod.invoke(CachedMethod.java:93)
	at groovy.lang.MetaMethod.doMethodInvoke(MetaMethod.java:325)
	at groovy.lang.MetaClassImpl.invokeStaticMethod(MetaClassImpl.java:1469)
	at org.codehaus.groovy.runtime.callsite.StaticMetaClassSite.call(StaticMetaClassSite.java:53)
	at org.codehaus.groovy.runtime.callsite.CallSiteArray.defaultCall(CallSiteArray.java:48)
	at org.codehaus.groovy.runtime.callsite.AbstractCallSite.call(AbstractCallSite.java:113)
	at org.codehaus.groovy.runtime.callsite.AbstractCallSite.call(AbstractCallSite.java:141)
	at Script1536204253481.run(Script1536204253481.groovy:25)
	at com.kms.katalon.core.main.ScriptEngine.run(ScriptEngine.java:183)
	at com.kms.katalon.core.main.ScriptEngine.runScriptAsRawText(ScriptEngine.java:108)
	at com.kms.katalon.core.main.TestCaseExecutor.runScript(TestCaseExecutor.java:294)
	at com.kms.katalon.core.main.TestCaseExecutor.doExecute(TestCaseExecutor.java:285)
	at com.kms.katalon.core.main.TestCaseExecutor.processExecutionPhase(TestCaseExecutor.java:264)
	at com.kms.katalon.core.main.TestCaseExecutor.accessMainPhase(TestCaseExecutor.java:256)
	at com.kms.katalon.core.main.TestCaseExecutor.execute(TestCaseExecutor.java:200)
	at com.kms.katalon.core.main.TestSuiteExecutor.accessTestCaseMainPhase(TestSuiteExecutor.java:129)
	at com.kms.katalon.core.main.TestSuiteExecutor.accessTestSuiteMainPhase(TestSuiteExecutor.java:112)
	at com.kms.katalon.core.main.TestSuiteExecutor.execute(TestSuiteExecutor.java:81)
	at com.kms.katalon.core.main.TestCaseMain.startTestSuite(TestCaseMain.java:142)
	at com.kms.katalon.core.main.TestCaseMain$startTestSuite$0.call(Unknown Source)
	at org.codehaus.groovy.runtime.callsite.CallSiteArray.defaultCall(CallSiteArray.java:48)
	at org.codehaus.groovy.runtime.callsite.AbstractCallSite.call(AbstractCallSite.java:113)
	at org.codehaus.groovy.runtime.callsite.AbstractCallSite.call(AbstractCallSite.java:141)
	at TempTestSuite1543076525234.run(TempTestSuite1543076525234.groovy:36)
	at groovy.lang.GroovyShell.runScriptOrMainOrTestOrRunnable(GroovyShell.java:263)
	at groovy.lang.GroovyShell.run(GroovyShell.java:518)
	at groovy.lang.GroovyShell.run(GroovyShell.java:507)
	at groovy.ui.GroovyMain.processOnce(GroovyMain.java:653)
	at groovy.ui.GroovyMain.run(GroovyMain.java:384)
	at groovy.ui.GroovyMain.process(GroovyMain.java:370)
	at groovy.ui.GroovyMain.processArgs(GroovyMain.java:129)
	at groovy.ui.GroovyMain.main(GroovyMain.java:109)
	at sun.reflect.NativeMethodAccessorImpl.invoke0(Native Method)
	at sun.reflect.NativeMethodAccessorImpl.invoke(NativeMethodAccessorImpl.java:62)
	at sun.reflect.DelegatingMethodAccessorImpl.invoke(DelegatingMethodAccessorImpl.java:43)
	at java.lang.reflect.Method.invoke(Method.java:498)
	at org.codehaus.groovy.tools.GroovyStarter.rootLoader(GroovyStarter.java:109)
	at org.codehaus.groovy.tools.GroovyStarter.main(GroovyStarter.java:131)
)

2018-11-25 04:34:54 - [TEST_STEP][PASSED] - callTestCase: Call Test Case 'Test Cases/Final Aug 2018 - PKS Automation/Registration Module/Workflow/Form 3 EIS - Cessation As Employer/Template/Form 3 A - Cessation As Employer (OTC)' successfully

2018-11-25 04:34:54 - [TEST_CASE][PASSED] - Test Cases/Final Aug 2018 - PKS Automation/Registration Module/Workflow/Form 3 EIS - Cessation As Employer/Template/Form 3 A - Cessation As Employer (OTC): Test Cases/Final Aug 2018 - PKS Automation/Registration Module/Workflow/Form 3 EIS - Cessation As Employer/Template/Form 3 A - Cessation As Employer (OTC)

2018-11-25 04:34:54 - [TEST_STEP][PASSED] - openBrowser: Browser is opened with url: ''

2018-11-25 04:34:54 - [MESSAGE][WARNING] - A browser is already opened. Closing browser and opening a new one

2018-11-25 04:34:58 - [MESSAGE][PASSED] - Browser is opened with url: ''

2018-11-25 04:34:58 - [TEST_STEP][PASSED] - navigateToUrl: Navigate to 'https://assist2-uat.perkeso.gov.my/login' successfully

2018-11-25 04:34:58 - [MESSAGE][PASSED] - Navigate to 'https://assist2-uat.perkeso.gov.my/login' successfully

2018-11-25 04:34:58 - [TEST_STEP][PASSED] - setText: Text 'johorotc1@gmail.com' is set on object 'Object Repository/Final Object Repo/Login Page/Internal User/Email Address'

2018-11-25 04:34:59 - [MESSAGE][PASSED] - Text 'johorotc1@gmail.com' is set on object 'Object Repository/Final Object Repo/Login Page/Internal User/Email Address'

2018-11-25 04:34:59 - [TEST_STEP][PASSED] - click: Object: 'Object Repository/Final Object Repo/Login Page/Internal User/Next Button' is clicked on

2018-11-25 04:34:59 - [MESSAGE][PASSED] - Object: 'Object Repository/Final Object Repo/Login Page/Internal User/Next Button' is clicked on

2018-11-25 04:34:59 - [TEST_STEP][PASSED] - delay: Delayed 1 second(s)

2018-11-25 04:35:00 - [MESSAGE][PASSED] - Delayed 1 second(s)

2018-11-25 04:35:00 - [TEST_STEP][PASSED] - setEncryptedText: Text ****** has been set on object 'Object Repository/Final Object Repo/Login Page/Internal User/Password'

2018-11-25 04:35:00 - [MESSAGE][PASSED] - Text ****** has been set on object 'Object Repository/Final Object Repo/Login Page/Internal User/Password'

2018-11-25 04:35:00 - [TEST_STEP][PASSED] - click: Object: 'Object Repository/Final Object Repo/Login Page/Internal User/Login Button' is clicked on

2018-11-25 04:35:00 - [MESSAGE][PASSED] - Object: 'Object Repository/Final Object Repo/Login Page/Internal User/Login Button' is clicked on

2018-11-25 04:35:00 - [TEST_STEP][PASSED] - delay: Delayed 1 second(s)

2018-11-25 04:35:01 - [MESSAGE][PASSED] - Delayed 1 second(s)

2018-11-25 04:35:01 - [TEST_STEP][PASSED] - Statement - Try: Delayed 2 second(s)

2018-11-25 04:35:01 - [TEST_STEP][PASSED] - Statement - Checker = false: null

2018-11-25 04:35:01 - [TEST_STEP][PASSED] - Statement - Checker = com.kms.katalon.core.webui.keyword.WebUiBuiltInKeywords.verifyElementHasAttribute(com.kms.katalon.core.testobject.ObjectRepository.findTestObject(Final Object Repo/Landing Page/BM Detecting), "href", 20, OPTIONAL): Object 'Object Repository/Final Object Repo/Landing Page/BM Detecting' has attribute 'href'

2018-11-25 04:35:02 - [MESSAGE][PASSED] - Object 'Object Repository/Final Object Repo/Landing Page/BM Detecting' has attribute 'href'

2018-11-25 04:35:02 - [TEST_STEP][PASSED] - Statement - out.println(Checker): null

2018-11-25 04:35:02 - [TEST_STEP][PASSED] - Statement - If (Checker == false): null

2018-11-25 04:35:02 - [TEST_STEP][PASSED] - Statement - Else: null

2018-11-25 04:35:02 - [TEST_STEP][PASSED] - delay: Delayed 2 second(s)

2018-11-25 04:35:04 - [MESSAGE][PASSED] - Delayed 2 second(s)

2018-11-25 04:35:04 - [TEST_STEP][PASSED] - navigateToUrl: Navigate to 'https://assist2-uat.perkeso.gov.my/web/registration/eis-update/form-3-eis-cessation-as-employer' successfully

2018-11-25 04:35:05 - [MESSAGE][PASSED] - Navigate to 'https://assist2-uat.perkeso.gov.my/web/registration/eis-update/form-3-eis-cessation-as-employer' successfully

2018-11-25 04:35:05 - [TEST_STEP][PASSED] - delay: Delayed 1 second(s)

2018-11-25 04:35:06 - [MESSAGE][PASSED] - Delayed 1 second(s)

2018-11-25 04:35:06 - [TEST_STEP][PASSED] - setText: Text 'E1102069769W' is set on object 'Object Repository/Final Object Repo/Page_Form 3 EIS - Cessation as Employer/Employer Code'

2018-11-25 04:35:06 - [MESSAGE][PASSED] - Text 'E1102069769W' is set on object 'Object Repository/Final Object Repo/Page_Form 3 EIS - Cessation as Employer/Employer Code'

2018-11-25 04:35:06 - [TEST_STEP][PASSED] - click: Object: 'Object Repository/Final Object Repo/Page_Form 3 EIS - Cessation as Employer/Search' is clicked on

2018-11-25 04:35:07 - [MESSAGE][PASSED] - Object: 'Object Repository/Final Object Repo/Page_Form 3 EIS - Cessation as Employer/Search' is clicked on

2018-11-25 04:35:07 - [TEST_STEP][PASSED] - click: Object: 'Object Repository/Final Object Repo/Page_Form 3 EIS - Cessation as Employer/Edit' is clicked on

2018-11-25 04:35:09 - [MESSAGE][PASSED] - Object: 'Object Repository/Final Object Repo/Page_Form 3 EIS - Cessation as Employer/Edit' is clicked on

2018-11-25 04:35:09 - [TEST_STEP][PASSED] - delay: Delayed 1 second(s)

2018-11-25 04:35:10 - [MESSAGE][PASSED] - Delayed 1 second(s)

2018-11-25 04:35:10 - [TEST_STEP][PASSED] - Statement - abc = com.kms.katalon.core.webui.keyword.WebUiBuiltInKeywords.getAttribute(com.kms.katalon.core.testobject.ObjectRepository.findTestObject(Final Object Repo/Page_Form 3 EIS - Cessation as Employer/Employer Status), "value"): Attribute 'value' of object 'Object Repository/Final Object Repo/Page_Form 3 EIS - Cessation as Employer/Employer Status' is: 'Active'

2018-11-25 04:35:10 - [MESSAGE][PASSED] - Attribute 'value' of object 'Object Repository/Final Object Repo/Page_Form 3 EIS - Cessation as Employer/Employer Status' is: 'Active'

2018-11-25 04:35:10 - [TEST_STEP][PASSED] - Statement - out.println(abc): null

2018-11-25 04:35:10 - [TEST_STEP][PASSED] - Statement - If (abc == "Active"): Object: 'Object Repository/Final Object Repo/Page_Form 3 EIS - Cessation as Employer/Dormant EIS' is clicked on

2018-11-25 04:35:10 - [TEST_STEP][PASSED] - click: Object: 'Object Repository/Final Object Repo/Page_Form 3 EIS - Cessation as Employer/Change Employer Status to' is clicked on

2018-11-25 04:35:10 - [MESSAGE][PASSED] - Object: 'Object Repository/Final Object Repo/Page_Form 3 EIS - Cessation as Employer/Change Employer Status to' is clicked on

2018-11-25 04:35:10 - [TEST_STEP][PASSED] - click: Object: 'Object Repository/Final Object Repo/Page_Form 3 EIS - Cessation as Employer/Dormant EIS' is clicked on

2018-11-25 04:35:11 - [MESSAGE][PASSED] - Object: 'Object Repository/Final Object Repo/Page_Form 3 EIS - Cessation as Employer/Dormant EIS' is clicked on

2018-11-25 04:35:11 - [TEST_STEP][PASSED] - click: Object: 'Object Repository/Final Object Repo/Page_Form 3 EIS - Cessation as Employer/Calender' is clicked on

2018-11-25 04:35:11 - [MESSAGE][PASSED] - Object: 'Object Repository/Final Object Repo/Page_Form 3 EIS - Cessation as Employer/Calender' is clicked on

2018-11-25 04:35:11 - [TEST_STEP][PASSED] - delay: Delayed 1 second(s)

2018-11-25 04:35:12 - [MESSAGE][PASSED] - Delayed 1 second(s)

2018-11-25 04:35:12 - [TEST_STEP][PASSED] - click: Object: 'Object Repository/Final Object Repo/Page_Form 3 EIS - Cessation as Employer/Calender - Date' is clicked on

2018-11-25 04:35:12 - [MESSAGE][PASSED] - Object: 'Object Repository/Final Object Repo/Page_Form 3 EIS - Cessation as Employer/Calender - Date' is clicked on

2018-11-25 04:35:12 - [TEST_STEP][PASSED] - click: Object: 'Object Repository/Final Object Repo/Page_Form 3 EIS - Cessation as Employer/Save  Continue in Form 3 EIS Page' is clicked on

2018-11-25 04:35:12 - [MESSAGE][PASSED] - Object: 'Object Repository/Final Object Repo/Page_Form 3 EIS - Cessation as Employer/Save  Continue in Form 3 EIS Page' is clicked on

2018-11-25 04:35:12 - [TEST_STEP][PASSED] - delay: Delayed 1 second(s)

2018-11-25 04:35:13 - [MESSAGE][PASSED] - Delayed 1 second(s)

2018-11-25 04:35:13 - [TEST_STEP][PASSED] - click: Object: 'Object Repository/Final Object Repo/Page_Form 3 EIS - Cessation as Employer/Employment Resign Date' is clicked on

2018-11-25 04:35:14 - [MESSAGE][PASSED] - Object: 'Object Repository/Final Object Repo/Page_Form 3 EIS - Cessation as Employer/Employment Resign Date' is clicked on

2018-11-25 04:35:14 - [TEST_STEP][PASSED] - selectOptionByValue: All options with value '2018' are selected in object 'Object Repository/Final Object Repo/Page_Form 3 EIS - Cessation as Employer/Employment Resign Date - Year' 

2018-11-25 04:35:14 - [MESSAGE][PASSED] - All options with value '2018' are selected in object 'Object Repository/Final Object Repo/Page_Form 3 EIS - Cessation as Employer/Employment Resign Date - Year' 

2018-11-25 04:35:14 - [TEST_STEP][PASSED] - delay: Delayed 2 second(s)

2018-11-25 04:35:16 - [MESSAGE][PASSED] - Delayed 2 second(s)

2018-11-25 04:35:16 - [TEST_STEP][PASSED] - click: Object: 'Object Repository/Final Object Repo/Page_Form 3 EIS - Cessation as Employer/Employment Resign Date - Year - Date' is clicked on

2018-11-25 04:35:16 - [MESSAGE][PASSED] - Object: 'Object Repository/Final Object Repo/Page_Form 3 EIS - Cessation as Employer/Employment Resign Date - Year - Date' is clicked on

2018-11-25 04:35:16 - [TEST_STEP][PASSED] - delay: Delayed 2 second(s)

2018-11-25 04:35:18 - [MESSAGE][PASSED] - Delayed 2 second(s)

2018-11-25 04:35:18 - [TEST_STEP][PASSED] - click: Object: 'Object Repository/Final Object Repo/Page_Form 3 EIS - Cessation as Employer/Save  Continue in Employment Resign Page' is clicked on

2018-11-25 04:35:18 - [MESSAGE][PASSED] - Object: 'Object Repository/Final Object Repo/Page_Form 3 EIS - Cessation as Employer/Save  Continue in Employment Resign Page' is clicked on

2018-11-25 04:35:18 - [TEST_STEP][PASSED] - delay: Delayed 2 second(s)

2018-11-25 04:35:20 - [MESSAGE][PASSED] - Delayed 2 second(s)

2018-11-25 04:35:20 - [TEST_STEP][PASSED] - click: Object: 'Object Repository/Final Object Repo/Page_Form 3 EIS - Cessation as Employer/Add Document' is clicked on

2018-11-25 04:35:21 - [MESSAGE][PASSED] - Object: 'Object Repository/Final Object Repo/Page_Form 3 EIS - Cessation as Employer/Add Document' is clicked on

2018-11-25 04:35:21 - [TEST_STEP][PASSED] - delay: Delayed 3 second(s)

2018-11-25 04:35:24 - [MESSAGE][PASSED] - Delayed 3 second(s)

2018-11-25 04:35:24 - [TEST_STEP][PASSED] - click: Object: 'Object Repository/Final Object Repo/Page_Form 3 EIS - Cessation as Employer/Document Type' is clicked on

2018-11-25 04:35:25 - [MESSAGE][PASSED] - Object: 'Object Repository/Final Object Repo/Page_Form 3 EIS - Cessation as Employer/Document Type' is clicked on

2018-11-25 04:35:25 - [TEST_STEP][PASSED] - click: Object: 'Object Repository/Final Object Repo/Page_Form 3 EIS - Cessation as Employer/Document Type - Form 3' is clicked on

2018-11-25 04:35:25 - [MESSAGE][PASSED] - Object: 'Object Repository/Final Object Repo/Page_Form 3 EIS - Cessation as Employer/Document Type - Form 3' is clicked on

2018-11-25 04:35:25 - [TEST_STEP][PASSED] - delay: Delayed 2 second(s)

2018-11-25 04:35:27 - [MESSAGE][PASSED] - Delayed 2 second(s)

2018-11-25 04:35:27 - [TEST_STEP][PASSED] - sendKeys: Keys 'C:\Users\Public\Pictures\Sample Pictures\Koala.jpg' sent to object: 'Object Repository/Final Object Repo/Page_Form 3 EIS - Cessation as Employer/ploading File'

2018-11-25 04:35:27 - [MESSAGE][PASSED] - Keys 'C:\Users\Public\Pictures\Sample Pictures\Koala.jpg' sent to object: 'Object Repository/Final Object Repo/Page_Form 3 EIS - Cessation as Employer/ploading File'

2018-11-25 04:35:27 - [TEST_STEP][PASSED] - delay: Delayed 1 second(s)

2018-11-25 04:35:28 - [MESSAGE][PASSED] - Delayed 1 second(s)

2018-11-25 04:35:28 - [TEST_STEP][PASSED] - click: Object: 'Object Repository/Final Object Repo/Page_Form 3 EIS - Cessation as Employer/Add Document in Uploading Page' is clicked on

2018-11-25 04:35:28 - [MESSAGE][PASSED] - Object: 'Object Repository/Final Object Repo/Page_Form 3 EIS - Cessation as Employer/Add Document in Uploading Page' is clicked on

2018-11-25 04:35:28 - [TEST_STEP][PASSED] - delay: Delayed 2 second(s)

2018-11-25 04:35:30 - [MESSAGE][PASSED] - Delayed 2 second(s)

2018-11-25 04:35:30 - [TEST_STEP][PASSED] - Statement - CaseReferenceNo = com.kms.katalon.core.webui.keyword.WebUiBuiltInKeywords.getText(com.kms.katalon.core.testobject.ObjectRepository.findTestObject(Final Object Repo/Page_Update Employer Information/Reference Number in Update Employee Information Page)): Text of object 'Object Repository/Final Object Repo/Page_Update Employer Information/Reference Number in Update Employee Information Page' is: 'ERN112018C200002281'

2018-11-25 04:35:32 - [MESSAGE][PASSED] - Text of object 'Object Repository/Final Object Repo/Page_Update Employer Information/Reference Number in Update Employee Information Page' is: 'ERN112018C200002281'

2018-11-25 04:35:32 - [TEST_STEP][PASSED] - callTestCase: Call Test Case 'Test Cases/Final Aug 2018 - PKS Automation/Common/Reference Number Setter' successfully

2018-11-25 04:35:32 - [TEST_CASE][PASSED] - Test Cases/Final Aug 2018 - PKS Automation/Common/Reference Number Setter: Test Cases/Final Aug 2018 - PKS Automation/Common/Reference Number Setter

2018-11-25 04:35:32 - [TEST_STEP][PASSED] - Statement - RefNoOldFile = new java.io.File(C://Users//Admin//Desktop//PKS//Automation Reference Point//KatalonReference.txt): null

2018-11-25 04:35:32 - [TEST_STEP][PASSED] - Statement - RefNoOldFile.delete(): null

2018-11-25 04:35:32 - [TEST_STEP][PASSED] - delay: Delayed 5 second(s)

2018-11-25 04:35:37 - [MESSAGE][PASSED] - Delayed 5 second(s)

2018-11-25 04:35:37 - [TEST_STEP][PASSED] - Statement - RefNo = new java.io.File(C://Users//Admin//Desktop//PKS//Automation Reference Point//KatalonReference.txt): null

2018-11-25 04:35:37 - [TEST_STEP][PASSED] - Statement - f2 = new java.io.FileWriter(RefNo, false): null

2018-11-25 04:35:37 - [TEST_STEP][PASSED] - Statement - f2.write(CaseReferenceNo): null

2018-11-25 04:35:37 - [TEST_STEP][PASSED] - Statement - f2.close(): null

2018-11-25 04:35:37 - [TEST_STEP][PASSED] - Statement - out.println("


" + CaseReferenceNo + "


"): null

2018-11-25 04:35:37 - [MESSAGE][PASSED] - Call Test Case 'Test Cases/Final Aug 2018 - PKS Automation/Common/Reference Number Setter' successfully

2018-11-25 04:35:37 - [TEST_STEP][PASSED] - delay: Delayed 2 second(s)

2018-11-25 04:35:39 - [MESSAGE][PASSED] - Delayed 2 second(s)

2018-11-25 04:35:39 - [TEST_STEP][PASSED] - click: Object: 'Object Repository/Final Object Repo/Page_Form 3 EIS - Cessation as Employer/Save  Continue in Uploading Page' is clicked on

2018-11-25 04:35:39 - [MESSAGE][PASSED] - Object: 'Object Repository/Final Object Repo/Page_Form 3 EIS - Cessation as Employer/Save  Continue in Uploading Page' is clicked on

2018-11-25 04:35:39 - [TEST_STEP][PASSED] - delay: Delayed 2 second(s)

2018-11-25 04:35:41 - [MESSAGE][PASSED] - Delayed 2 second(s)

2018-11-25 04:35:41 - [TEST_STEP][PASSED] - click: Object: 'Object Repository/Final Object Repo/Page_Form 3 EIS - Cessation as Employer/Submit' is clicked on

2018-11-25 04:35:45 - [MESSAGE][PASSED] - Object: 'Object Repository/Final Object Repo/Page_Form 3 EIS - Cessation as Employer/Submit' is clicked on

2018-11-25 04:35:45 - [TEST_STEP][PASSED] - delay: Delayed 2 second(s)

2018-11-25 04:35:47 - [MESSAGE][PASSED] - Delayed 2 second(s)

2018-11-25 04:35:47 - [TEST_STEP][PASSED] - click: Object: 'Object Repository/Final Object Repo/Page_Form 3 EIS - Cessation as Employer/Confirm' is clicked on

2018-11-25 04:35:47 - [MESSAGE][PASSED] - Object: 'Object Repository/Final Object Repo/Page_Form 3 EIS - Cessation as Employer/Confirm' is clicked on

2018-11-25 04:35:47 - [TEST_STEP][PASSED] - delay: Delayed 2 second(s)

2018-11-25 04:35:49 - [MESSAGE][PASSED] - Delayed 2 second(s)

2018-11-25 04:35:49 - [TEST_STEP][PASSED] - click: Object: 'Object Repository/Final Object Repo/Page_Form 3 EIS - Cessation as Employer/Message Your Request will be routed to UO' is clicked on

2018-11-25 04:35:52 - [MESSAGE][PASSED] - Object: 'Object Repository/Final Object Repo/Page_Form 3 EIS - Cessation as Employer/Message Your Request will be routed to UO' is clicked on

2018-11-25 04:35:52 - [TEST_STEP][PASSED] - click: Object: 'Object Repository/Final Object Repo/Page_Form 3 EIS - Cessation as Employer/Letter of acknowledgement' is clicked on

2018-11-25 04:35:53 - [MESSAGE][PASSED] - Object: 'Object Repository/Final Object Repo/Page_Form 3 EIS - Cessation as Employer/Letter of acknowledgement' is clicked on

2018-11-25 04:35:53 - [MESSAGE][PASSED] - Call Test Case 'Test Cases/Final Aug 2018 - PKS Automation/Registration Module/Workflow/Form 3 EIS - Cessation As Employer/Template/Form 3 A - Cessation As Employer (OTC)' successfully

2018-11-25 04:35:53 - [TEST_STEP][FAILED] - callTestCase: Unable to call Test Case with id 'Test Cases/Final Aug 2018 - PKS Automation/Registration Module/Workflow/Form 3 EIS - Cessation As Employer/Template/Form 3 A - Cessation As Employer (Query)' (Root cause: Call Test Case 'Test Cases/Final Aug 2018 - PKS Automation/Registration Module/Workflow/Form 3 EIS - Cessation As Employer/Template/Form 3 A - Cessation As Employer (Query)' failed)

2018-11-25 04:35:53 - [TEST_CASE][FAILED] - Test Cases/Final Aug 2018 - PKS Automation/Registration Module/Workflow/Form 3 EIS - Cessation As Employer/Template/Form 3 A - Cessation As Employer (Query): Test Cases/Final Aug 2018 - PKS Automation/Registration Module/Workflow/Form 3 EIS - Cessation As Employer/Template/Form 3 A - Cessation As Employer (Query) FAILED because (of) (Stack trace: com.kms.katalon.core.exception.StepFailedException: Unable to click on object 'Object Repository/Final Object Repo/Landing Page/Select to English' (Root cause: com.kms.katalon.core.webui.exception.WebElementNotFoundException: Web element with id: 'Object Repository/Final Object Repo/Landing Page/Select to English' located by 'By.xpath: //a[@class = 'taglib-language-list-text' and @lang = 'en-US' and (contains(text(), 'EN') or contains(., 'EN'))]' not found)
	at com.kms.katalon.core.keyword.internal.KeywordMain.stepFailed(KeywordMain.groovy:32)
	at com.kms.katalon.core.webui.keyword.internal.WebUIKeywordMain.stepFailed(WebUIKeywordMain.groovy:65)
	at com.kms.katalon.core.webui.keyword.internal.WebUIKeywordMain.runKeyword(WebUIKeywordMain.groovy:27)
	at com.kms.katalon.core.webui.keyword.builtin.ClickKeyword.click(ClickKeyword.groovy:86)
	at com.kms.katalon.core.webui.keyword.builtin.ClickKeyword.execute(ClickKeyword.groovy:67)
	at com.kms.katalon.core.keyword.internal.KeywordExecutor.executeKeywordForPlatform(KeywordExecutor.groovy:53)
	at com.kms.katalon.core.webui.keyword.WebUiBuiltInKeywords.click(WebUiBuiltInKeywords.groovy:604)
	at com.kms.katalon.core.webui.keyword.WebUiBuiltInKeywords$click$9.call(Unknown Source)
	at Script1534407542420.run(Script1534407542420.groovy:57)
	at com.kms.katalon.core.main.ScriptEngine.run(ScriptEngine.java:183)
	at com.kms.katalon.core.main.ScriptEngine.runScriptAsRawText(ScriptEngine.java:108)
	at com.kms.katalon.core.main.TestCaseExecutor.runScript(TestCaseExecutor.java:294)
	at com.kms.katalon.core.main.TestCaseExecutor.doExecute(TestCaseExecutor.java:285)
	at com.kms.katalon.core.main.TestCaseExecutor.processExecutionPhase(TestCaseExecutor.java:264)
	at com.kms.katalon.core.main.TestCaseExecutor.accessMainPhase(TestCaseExecutor.java:256)
	at com.kms.katalon.core.main.TestCaseExecutor.execute(TestCaseExecutor.java:200)
	at com.kms.katalon.core.main.TestCaseMain.runTestCase(TestCaseMain.java:99)
	at com.kms.katalon.core.keyword.builtin.CallTestCaseKeyword$_callTestCase_closure1.doCall(CallTestCaseKeyword.groovy:60)
	at com.kms.katalon.core.keyword.builtin.CallTestCaseKeyword$_callTestCase_closure1.call(CallTestCaseKeyword.groovy)
	at com.kms.katalon.core.keyword.internal.KeywordMain.runKeyword(KeywordMain.groovy:54)
	at com.kms.katalon.core.keyword.builtin.CallTestCaseKeyword.callTestCase(CallTestCaseKeyword.groovy:81)
	at com.kms.katalon.core.keyword.builtin.CallTestCaseKeyword.execute(CallTestCaseKeyword.groovy:45)
	at com.kms.katalon.core.keyword.internal.KeywordExecutor.executeKeywordForPlatform(KeywordExecutor.groovy:53)
	at com.kms.katalon.core.keyword.BuiltinKeywords.callTestCase(BuiltinKeywords.groovy:334)
	at sun.reflect.GeneratedMethodAccessor15.invoke(Unknown Source)
	at sun.reflect.DelegatingMethodAccessorImpl.invoke(DelegatingMethodAccessorImpl.java:43)
	at java.lang.reflect.Method.invoke(Method.java:498)
	at org.codehaus.groovy.reflection.CachedMethod.invoke(CachedMethod.java:93)
	at groovy.lang.MetaMethod.doMethodInvoke(MetaMethod.java:325)
	at groovy.lang.MetaClassImpl.invokeStaticMethod(MetaClassImpl.java:1469)
	at org.codehaus.groovy.runtime.callsite.StaticMetaClassSite.call(StaticMetaClassSite.java:53)
	at org.codehaus.groovy.runtime.callsite.AbstractCallSite.call(AbstractCallSite.java:141)
	at Script1536114876563.run(Script1536114876563.groovy:34)
	at com.kms.katalon.core.main.ScriptEngine.run(ScriptEngine.java:183)
	at com.kms.katalon.core.main.ScriptEngine.runScriptAsRawText(ScriptEngine.java:108)
	at com.kms.katalon.core.main.TestCaseExecutor.runScript(TestCaseExecutor.java:294)
	at com.kms.katalon.core.main.TestCaseExecutor.doExecute(TestCaseExecutor.java:285)
	at com.kms.katalon.core.main.TestCaseExecutor.processExecutionPhase(TestCaseExecutor.java:264)
	at com.kms.katalon.core.main.TestCaseExecutor.accessMainPhase(TestCaseExecutor.java:256)
	at com.kms.katalon.core.main.TestCaseExecutor.execute(TestCaseExecutor.java:200)
	at com.kms.katalon.core.main.TestCaseMain.runTestCase(TestCaseMain.java:99)
	at com.kms.katalon.core.keyword.builtin.CallTestCaseKeyword$_callTestCase_closure1.doCall(CallTestCaseKeyword.groovy:60)
	at com.kms.katalon.core.keyword.builtin.CallTestCaseKeyword$_callTestCase_closure1.call(CallTestCaseKeyword.groovy)
	at com.kms.katalon.core.keyword.internal.KeywordMain.runKeyword(KeywordMain.groovy:54)
	at com.kms.katalon.core.keyword.builtin.CallTestCaseKeyword.callTestCase(CallTestCaseKeyword.groovy:81)
	at com.kms.katalon.core.keyword.builtin.CallTestCaseKeyword.execute(CallTestCaseKeyword.groovy:45)
	at com.kms.katalon.core.keyword.internal.KeywordExecutor.executeKeywordForPlatform(KeywordExecutor.groovy:53)
	at com.kms.katalon.core.keyword.BuiltinKeywords.callTestCase(BuiltinKeywords.groovy:334)
	at sun.reflect.GeneratedMethodAccessor15.invoke(Unknown Source)
	at sun.reflect.DelegatingMethodAccessorImpl.invoke(DelegatingMethodAccessorImpl.java:43)
	at java.lang.reflect.Method.invoke(Method.java:498)
	at org.codehaus.groovy.reflection.CachedMethod.invoke(CachedMethod.java:93)
	at groovy.lang.MetaMethod.doMethodInvoke(MetaMethod.java:325)
	at groovy.lang.MetaClassImpl.invokeStaticMethod(MetaClassImpl.java:1469)
	at org.codehaus.groovy.runtime.callsite.StaticMetaClassSite.call(StaticMetaClassSite.java:53)
	at org.codehaus.groovy.runtime.callsite.CallSiteArray.defaultCall(CallSiteArray.java:48)
	at org.codehaus.groovy.runtime.callsite.AbstractCallSite.call(AbstractCallSite.java:113)
	at org.codehaus.groovy.runtime.callsite.AbstractCallSite.call(AbstractCallSite.java:141)
	at Script1536204253481.run(Script1536204253481.groovy:25)
	at com.kms.katalon.core.main.ScriptEngine.run(ScriptEngine.java:183)
	at com.kms.katalon.core.main.ScriptEngine.runScriptAsRawText(ScriptEngine.java:108)
	at com.kms.katalon.core.main.TestCaseExecutor.runScript(TestCaseExecutor.java:294)
	at com.kms.katalon.core.main.TestCaseExecutor.doExecute(TestCaseExecutor.java:285)
	at com.kms.katalon.core.main.TestCaseExecutor.processExecutionPhase(TestCaseExecutor.java:264)
	at com.kms.katalon.core.main.TestCaseExecutor.accessMainPhase(TestCaseExecutor.java:256)
	at com.kms.katalon.core.main.TestCaseExecutor.execute(TestCaseExecutor.java:200)
	at com.kms.katalon.core.main.TestSuiteExecutor.accessTestCaseMainPhase(TestSuiteExecutor.java:129)
	at com.kms.katalon.core.main.TestSuiteExecutor.accessTestSuiteMainPhase(TestSuiteExecutor.java:112)
	at com.kms.katalon.core.main.TestSuiteExecutor.execute(TestSuiteExecutor.java:81)
	at com.kms.katalon.core.main.TestCaseMain.startTestSuite(TestCaseMain.java:142)
	at com.kms.katalon.core.main.TestCaseMain$startTestSuite$0.call(Unknown Source)
	at org.codehaus.groovy.runtime.callsite.CallSiteArray.defaultCall(CallSiteArray.java:48)
	at org.codehaus.groovy.runtime.callsite.AbstractCallSite.call(AbstractCallSite.java:113)
	at org.codehaus.groovy.runtime.callsite.AbstractCallSite.call(AbstractCallSite.java:141)
	at TempTestSuite1543076525234.run(TempTestSuite1543076525234.groovy:36)
	at groovy.lang.GroovyShell.runScriptOrMainOrTestOrRunnable(GroovyShell.java:263)
	at groovy.lang.GroovyShell.run(GroovyShell.java:518)
	at groovy.lang.GroovyShell.run(GroovyShell.java:507)
	at groovy.ui.GroovyMain.processOnce(GroovyMain.java:653)
	at groovy.ui.GroovyMain.run(GroovyMain.java:384)
	at groovy.ui.GroovyMain.process(GroovyMain.java:370)
	at groovy.ui.GroovyMain.processArgs(GroovyMain.java:129)
	at groovy.ui.GroovyMain.main(GroovyMain.java:109)
	at sun.reflect.NativeMethodAccessorImpl.invoke0(Native Method)
	at sun.reflect.NativeMethodAccessorImpl.invoke(NativeMethodAccessorImpl.java:62)
	at sun.reflect.DelegatingMethodAccessorImpl.invoke(DelegatingMethodAccessorImpl.java:43)
	at java.lang.reflect.Method.invoke(Method.java:498)
	at org.codehaus.groovy.tools.GroovyStarter.rootLoader(GroovyStarter.java:109)
	at org.codehaus.groovy.tools.GroovyStarter.main(GroovyStarter.java:131)
)

2018-11-25 04:35:53 - [TEST_STEP][NOT_RUN] - callTestCase: NOT_RUN: callTestCase

2018-11-25 04:35:53 - [MESSAGE][NOT_RUN] - NOT_RUN: callTestCase

2018-11-25 04:35:53 - [TEST_STEP][PASSED] - delay: Delayed 1 second(s)

2018-11-25 04:35:54 - [MESSAGE][PASSED] - Delayed 1 second(s)

2018-11-25 04:35:54 - [TEST_STEP][PASSED] - navigateToUrl: Navigate to 'https://assist2-uat.perkeso.gov.my/c/portal/logout' successfully

2018-11-25 04:35:55 - [MESSAGE][PASSED] - Navigate to 'https://assist2-uat.perkeso.gov.my/c/portal/logout' successfully

2018-11-25 04:35:55 - [TEST_STEP][PASSED] - delay: Delayed 1 second(s)

2018-11-25 04:35:56 - [MESSAGE][PASSED] - Delayed 1 second(s)

2018-11-25 04:35:56 - [TEST_STEP][PASSED] - callTestCase: Call Test Case 'Test Cases/Final Aug 2018 - PKS Automation/Common/Reference Number Getter' successfully

2018-11-25 04:35:56 - [TEST_CASE][PASSED] - Test Cases/Final Aug 2018 - PKS Automation/Common/Reference Number Getter: Test Cases/Final Aug 2018 - PKS Automation/Common/Reference Number Getter

2018-11-25 04:35:56 - [TEST_STEP][PASSED] - Statement - Try: null

2018-11-25 04:35:56 - [TEST_STEP][PASSED] - Statement - RefNo = new java.io.File(C://Users//Admin//Desktop//PKS//Automation Reference Point//KatalonReference.txt): null

2018-11-25 04:35:56 - [TEST_STEP][PASSED] - Statement - bufferread = new java.io.BufferedReader(new java.io.FileReader(RefNo)): null

2018-11-25 04:35:56 - [TEST_STEP][PASSED] - Statement - readedVal = bufferread.readLine(): null

2018-11-25 04:35:56 - [TEST_STEP][PASSED] - Statement - out.println(CaseReferenceNo): null

2018-11-25 04:35:56 - [TEST_STEP][PASSED] - Statement - out.println(readedVal): null

2018-11-25 04:35:56 - [TEST_STEP][PASSED] - Statement - CaseReferenceNo = "": null

2018-11-25 04:35:56 - [TEST_STEP][PASSED] - Statement - CaseReferenceNo = readedVal: null

2018-11-25 04:35:56 - [MESSAGE][PASSED] - Call Test Case 'Test Cases/Final Aug 2018 - PKS Automation/Common/Reference Number Getter' successfully

2018-11-25 04:35:56 - [TEST_STEP][FAILED] - callTestCase: Unable to call Test Case with id 'Test Cases/Final Aug 2018 - PKS Automation/Common/Workflow Owner Finder' (Root cause: Call Test Case 'Test Cases/Final Aug 2018 - PKS Automation/Common/Workflow Owner Finder' failed)

2018-11-25 04:35:56 - [TEST_CASE][FAILED] - Test Cases/Final Aug 2018 - PKS Automation/Common/Workflow Owner Finder: Test Cases/Final Aug 2018 - PKS Automation/Common/Workflow Owner Finder FAILED because (of) (Stack trace: com.kms.katalon.core.exception.StepFailedException: Unable to click on object 'Object Repository/Final Object Repo/Landing Page/Select to English' (Root cause: com.kms.katalon.core.webui.exception.WebElementNotFoundException: Web element with id: 'Object Repository/Final Object Repo/Landing Page/Select to English' located by 'By.xpath: //a[@class = 'taglib-language-list-text' and @lang = 'en-US' and (contains(text(), 'EN') or contains(., 'EN'))]' not found)
	at com.kms.katalon.core.keyword.internal.KeywordMain.stepFailed(KeywordMain.groovy:32)
	at com.kms.katalon.core.webui.keyword.internal.WebUIKeywordMain.stepFailed(WebUIKeywordMain.groovy:65)
	at com.kms.katalon.core.webui.keyword.internal.WebUIKeywordMain.runKeyword(WebUIKeywordMain.groovy:27)
	at com.kms.katalon.core.webui.keyword.builtin.ClickKeyword.click(ClickKeyword.groovy:86)
	at com.kms.katalon.core.webui.keyword.builtin.ClickKeyword.execute(ClickKeyword.groovy:67)
	at com.kms.katalon.core.keyword.internal.KeywordExecutor.executeKeywordForPlatform(KeywordExecutor.groovy:53)
	at com.kms.katalon.core.webui.keyword.WebUiBuiltInKeywords.click(WebUiBuiltInKeywords.groovy:604)
	at com.kms.katalon.core.webui.keyword.WebUiBuiltInKeywords$click$9.call(Unknown Source)
	at Script1534407542420.run(Script1534407542420.groovy:57)
	at com.kms.katalon.core.main.ScriptEngine.run(ScriptEngine.java:183)
	at com.kms.katalon.core.main.ScriptEngine.runScriptAsRawText(ScriptEngine.java:108)
	at com.kms.katalon.core.main.TestCaseExecutor.runScript(TestCaseExecutor.java:294)
	at com.kms.katalon.core.main.TestCaseExecutor.doExecute(TestCaseExecutor.java:285)
	at com.kms.katalon.core.main.TestCaseExecutor.processExecutionPhase(TestCaseExecutor.java:264)
	at com.kms.katalon.core.main.TestCaseExecutor.accessMainPhase(TestCaseExecutor.java:256)
	at com.kms.katalon.core.main.TestCaseExecutor.execute(TestCaseExecutor.java:200)
	at com.kms.katalon.core.main.TestCaseMain.runTestCase(TestCaseMain.java:99)
	at com.kms.katalon.core.keyword.builtin.CallTestCaseKeyword$_callTestCase_closure1.doCall(CallTestCaseKeyword.groovy:60)
	at com.kms.katalon.core.keyword.builtin.CallTestCaseKeyword$_callTestCase_closure1.call(CallTestCaseKeyword.groovy)
	at com.kms.katalon.core.keyword.internal.KeywordMain.runKeyword(KeywordMain.groovy:54)
	at com.kms.katalon.core.keyword.builtin.CallTestCaseKeyword.callTestCase(CallTestCaseKeyword.groovy:81)
	at com.kms.katalon.core.keyword.builtin.CallTestCaseKeyword.execute(CallTestCaseKeyword.groovy:45)
	at com.kms.katalon.core.keyword.internal.KeywordExecutor.executeKeywordForPlatform(KeywordExecutor.groovy:53)
	at com.kms.katalon.core.keyword.BuiltinKeywords.callTestCase(BuiltinKeywords.groovy:334)
	at sun.reflect.GeneratedMethodAccessor15.invoke(Unknown Source)
	at sun.reflect.DelegatingMethodAccessorImpl.invoke(DelegatingMethodAccessorImpl.java:43)
	at java.lang.reflect.Method.invoke(Method.java:498)
	at org.codehaus.groovy.reflection.CachedMethod.invoke(CachedMethod.java:93)
	at groovy.lang.MetaMethod.doMethodInvoke(MetaMethod.java:325)
	at groovy.lang.MetaClassImpl.invokeStaticMethod(MetaClassImpl.java:1469)
	at org.codehaus.groovy.runtime.callsite.StaticMetaClassSite.call(StaticMetaClassSite.java:53)
	at org.codehaus.groovy.runtime.callsite.AbstractCallSite.call(AbstractCallSite.java:141)
	at Script1536114876563.run(Script1536114876563.groovy:34)
	at com.kms.katalon.core.main.ScriptEngine.run(ScriptEngine.java:183)
	at com.kms.katalon.core.main.ScriptEngine.runScriptAsRawText(ScriptEngine.java:108)
	at com.kms.katalon.core.main.TestCaseExecutor.runScript(TestCaseExecutor.java:294)
	at com.kms.katalon.core.main.TestCaseExecutor.doExecute(TestCaseExecutor.java:285)
	at com.kms.katalon.core.main.TestCaseExecutor.processExecutionPhase(TestCaseExecutor.java:264)
	at com.kms.katalon.core.main.TestCaseExecutor.accessMainPhase(TestCaseExecutor.java:256)
	at com.kms.katalon.core.main.TestCaseExecutor.execute(TestCaseExecutor.java:200)
	at com.kms.katalon.core.main.TestCaseMain.runTestCase(TestCaseMain.java:99)
	at com.kms.katalon.core.keyword.builtin.CallTestCaseKeyword$_callTestCase_closure1.doCall(CallTestCaseKeyword.groovy:60)
	at com.kms.katalon.core.keyword.builtin.CallTestCaseKeyword$_callTestCase_closure1.call(CallTestCaseKeyword.groovy)
	at com.kms.katalon.core.keyword.internal.KeywordMain.runKeyword(KeywordMain.groovy:54)
	at com.kms.katalon.core.keyword.builtin.CallTestCaseKeyword.callTestCase(CallTestCaseKeyword.groovy:81)
	at com.kms.katalon.core.keyword.builtin.CallTestCaseKeyword.execute(CallTestCaseKeyword.groovy:45)
	at com.kms.katalon.core.keyword.internal.KeywordExecutor.executeKeywordForPlatform(KeywordExecutor.groovy:53)
	at com.kms.katalon.core.keyword.BuiltinKeywords.callTestCase(BuiltinKeywords.groovy:334)
	at sun.reflect.GeneratedMethodAccessor15.invoke(Unknown Source)
	at sun.reflect.DelegatingMethodAccessorImpl.invoke(DelegatingMethodAccessorImpl.java:43)
	at java.lang.reflect.Method.invoke(Method.java:498)
	at org.codehaus.groovy.reflection.CachedMethod.invoke(CachedMethod.java:93)
	at groovy.lang.MetaMethod.doMethodInvoke(MetaMethod.java:325)
	at groovy.lang.MetaClassImpl.invokeStaticMethod(MetaClassImpl.java:1469)
	at org.codehaus.groovy.runtime.callsite.StaticMetaClassSite.call(StaticMetaClassSite.java:53)
	at org.codehaus.groovy.runtime.callsite.CallSiteArray.defaultCall(CallSiteArray.java:48)
	at org.codehaus.groovy.runtime.callsite.AbstractCallSite.call(AbstractCallSite.java:113)
	at org.codehaus.groovy.runtime.callsite.AbstractCallSite.call(AbstractCallSite.java:141)
	at Script1536204253481.run(Script1536204253481.groovy:25)
	at com.kms.katalon.core.main.ScriptEngine.run(ScriptEngine.java:183)
	at com.kms.katalon.core.main.ScriptEngine.runScriptAsRawText(ScriptEngine.java:108)
	at com.kms.katalon.core.main.TestCaseExecutor.runScript(TestCaseExecutor.java:294)
	at com.kms.katalon.core.main.TestCaseExecutor.doExecute(TestCaseExecutor.java:285)
	at com.kms.katalon.core.main.TestCaseExecutor.processExecutionPhase(TestCaseExecutor.java:264)
	at com.kms.katalon.core.main.TestCaseExecutor.accessMainPhase(TestCaseExecutor.java:256)
	at com.kms.katalon.core.main.TestCaseExecutor.execute(TestCaseExecutor.java:200)
	at com.kms.katalon.core.main.TestSuiteExecutor.accessTestCaseMainPhase(TestSuiteExecutor.java:129)
	at com.kms.katalon.core.main.TestSuiteExecutor.accessTestSuiteMainPhase(TestSuiteExecutor.java:112)
	at com.kms.katalon.core.main.TestSuiteExecutor.execute(TestSuiteExecutor.java:81)
	at com.kms.katalon.core.main.TestCaseMain.startTestSuite(TestCaseMain.java:142)
	at com.kms.katalon.core.main.TestCaseMain$startTestSuite$0.call(Unknown Source)
	at org.codehaus.groovy.runtime.callsite.CallSiteArray.defaultCall(CallSiteArray.java:48)
	at org.codehaus.groovy.runtime.callsite.AbstractCallSite.call(AbstractCallSite.java:113)
	at org.codehaus.groovy.runtime.callsite.AbstractCallSite.call(AbstractCallSite.java:141)
	at TempTestSuite1543076525234.run(TempTestSuite1543076525234.groovy:36)
	at groovy.lang.GroovyShell.runScriptOrMainOrTestOrRunnable(GroovyShell.java:263)
	at groovy.lang.GroovyShell.run(GroovyShell.java:518)
	at groovy.lang.GroovyShell.run(GroovyShell.java:507)
	at groovy.ui.GroovyMain.processOnce(GroovyMain.java:653)
	at groovy.ui.GroovyMain.run(GroovyMain.java:384)
	at groovy.ui.GroovyMain.process(GroovyMain.java:370)
	at groovy.ui.GroovyMain.processArgs(GroovyMain.java:129)
	at groovy.ui.GroovyMain.main(GroovyMain.java:109)
	at sun.reflect.NativeMethodAccessorImpl.invoke0(Native Method)
	at sun.reflect.NativeMethodAccessorImpl.invoke(NativeMethodAccessorImpl.java:62)
	at sun.reflect.DelegatingMethodAccessorImpl.invoke(DelegatingMethodAccessorImpl.java:43)
	at java.lang.reflect.Method.invoke(Method.java:498)
	at org.codehaus.groovy.tools.GroovyStarter.rootLoader(GroovyStarter.java:109)
	at org.codehaus.groovy.tools.GroovyStarter.main(GroovyStarter.java:131)
)

2018-11-25 04:35:56 - [TEST_STEP][PASSED] - openBrowser: Browser is opened with url: ''

2018-11-25 04:35:56 - [MESSAGE][WARNING] - A browser is already opened. Closing browser and opening a new one

2018-11-25 04:36:00 - [MESSAGE][PASSED] - Browser is opened with url: ''

2018-11-25 04:36:00 - [TEST_STEP][PASSED] - navigateToUrl: Navigate to 'https://assist2-uat.perkeso.gov.my/login' successfully

2018-11-25 04:36:01 - [MESSAGE][PASSED] - Navigate to 'https://assist2-uat.perkeso.gov.my/login' successfully

2018-11-25 04:36:01 - [TEST_STEP][PASSED] - delay: Delayed 5 second(s)

2018-11-25 04:36:06 - [MESSAGE][PASSED] - Delayed 5 second(s)

2018-11-25 04:36:06 - [TEST_STEP][PASSED] - setText: Text 'test@liferay.com' is set on object 'Object Repository/Final Object Repo/Login Page/Internal User/Email Address'

2018-11-25 04:36:06 - [MESSAGE][PASSED] - Text 'test@liferay.com' is set on object 'Object Repository/Final Object Repo/Login Page/Internal User/Email Address'

2018-11-25 04:36:06 - [TEST_STEP][PASSED] - click: Object: 'Object Repository/Final Object Repo/Login Page/Internal User/Next Button' is clicked on

2018-11-25 04:36:07 - [MESSAGE][PASSED] - Object: 'Object Repository/Final Object Repo/Login Page/Internal User/Next Button' is clicked on

2018-11-25 04:36:07 - [TEST_STEP][PASSED] - delay: Delayed 2 second(s)

2018-11-25 04:36:09 - [MESSAGE][PASSED] - Delayed 2 second(s)

2018-11-25 04:36:09 - [TEST_STEP][PASSED] - setText: Text 'test' is set on object 'Object Repository/Final Object Repo/Login Page/Internal User/Password'

2018-11-25 04:36:09 - [MESSAGE][PASSED] - Text 'test' is set on object 'Object Repository/Final Object Repo/Login Page/Internal User/Password'

2018-11-25 04:36:09 - [TEST_STEP][PASSED] - delay: Delayed 2 second(s)

2018-11-25 04:36:11 - [MESSAGE][PASSED] - Delayed 2 second(s)

2018-11-25 04:36:11 - [TEST_STEP][PASSED] - click: Object: 'Object Repository/Final Object Repo/Login Page/Internal User/Login Button' is clicked on

2018-11-25 04:36:11 - [MESSAGE][PASSED] - Object: 'Object Repository/Final Object Repo/Login Page/Internal User/Login Button' is clicked on

2018-11-25 04:36:11 - [TEST_STEP][FAILED] - Statement - Try: Delayed 2 second(s)

2018-11-25 04:36:11 - [TEST_STEP][PASSED] - Statement - Checker = false: null

2018-11-25 04:36:11 - [TEST_STEP][PASSED] - Statement - Checker = com.kms.katalon.core.webui.keyword.WebUiBuiltInKeywords.verifyElementHasAttribute(com.kms.katalon.core.testobject.ObjectRepository.findTestObject(Final Object Repo/Landing Page/BM Detecting), "href", 20, OPTIONAL): Unable to verify if object 'Object Repository/Final Object Repo/Landing Page/BM Detecting' has attribute 'href' (Root cause: org.openqa.selenium.StaleElementReferenceException: stale element reference: element is not attached to the page document
  (Session info: chrome=70.0.3538.102)
  (Driver info: chromedriver=2.43.600210 (68dcf5eebde37173d4027fa8635e332711d2874a),platform=Windows NT 6.1.7601 SP1 x86_64) (WARNING: The server did not provide any stacktrace information)
Command duration or timeout: 0 milliseconds
For documentation on this error, please visit: http://seleniumhq.org/exceptions/stale_element_reference.html
Build info: version: '3.7.1', revision: '8a0099a', time: '2017-11-06T21:07:36.161Z'
System info: host: 'WIN7TEST02', ip: '10.20.3.72', os.name: 'Windows 7', os.arch: 'amd64', os.version: '6.1', java.version: '1.8.0_181'
Driver info: com.kms.katalon.selenium.driver.CChromeDriver
Capabilities {acceptInsecureCerts: false, acceptSslCerts: false, applicationCacheEnabled: false, browserConnectionEnabled: false, browserName: chrome, chrome: {chromedriverVersion: 2.43.600210 (68dcf5eebde371..., userDataDir: C:\Users\Admin\AppData\Loca...}, cssSelectorsEnabled: true, databaseEnabled: false, goog:chromeOptions: {debuggerAddress: localhost:53417}, handlesAlerts: true, hasTouchScreen: false, javascriptEnabled: true, locationContextEnabled: true, mobileEmulationEnabled: false, nativeEvents: true, networkConnectionEnabled: false, pageLoadStrategy: normal, platform: XP, platformName: XP, rotatable: false, setWindowRect: true, takesHeapSnapshot: true, takesScreenshot: true, unexpectedAlertBehaviour: , unhandledPromptBehavior: , version: 70.0.3538.102, webStorageEnabled: true}
Session ID: aa8149cfe5cb84636d28896d0aac4e50)

2018-11-25 04:36:13 - [MESSAGE][WARNING] - Unable to verify if object 'Object Repository/Final Object Repo/Landing Page/BM Detecting' has attribute 'href' (Root cause: org.openqa.selenium.StaleElementReferenceException: stale element reference: element is not attached to the page document
  (Session info: chrome=70.0.3538.102)
  (Driver info: chromedriver=2.43.600210 (68dcf5eebde37173d4027fa8635e332711d2874a),platform=Windows NT 6.1.7601 SP1 x86_64) (WARNING: The server did not provide any stacktrace information)
Command duration or timeout: 0 milliseconds
For documentation on this error, please visit: http://seleniumhq.org/exceptions/stale_element_reference.html
Build info: version: '3.7.1', revision: '8a0099a', time: '2017-11-06T21:07:36.161Z'
System info: host: 'WIN7TEST02', ip: '10.20.3.72', os.name: 'Windows 7', os.arch: 'amd64', os.version: '6.1', java.version: '1.8.0_181'
Driver info: com.kms.katalon.selenium.driver.CChromeDriver
Capabilities {acceptInsecureCerts: false, acceptSslCerts: false, applicationCacheEnabled: false, browserConnectionEnabled: false, browserName: chrome, chrome: {chromedriverVersion: 2.43.600210 (68dcf5eebde371..., userDataDir: C:\Users\Admin\AppData\Loca...}, cssSelectorsEnabled: true, databaseEnabled: false, goog:chromeOptions: {debuggerAddress: localhost:53417}, handlesAlerts: true, hasTouchScreen: false, javascriptEnabled: true, locationContextEnabled: true, mobileEmulationEnabled: false, nativeEvents: true, networkConnectionEnabled: false, pageLoadStrategy: normal, platform: XP, platformName: XP, rotatable: false, setWindowRect: true, takesHeapSnapshot: true, takesScreenshot: true, unexpectedAlertBehaviour: , unhandledPromptBehavior: , version: 70.0.3538.102, webStorageEnabled: true}
Session ID: aa8149cfe5cb84636d28896d0aac4e50)
[[ATTACHMENT|C:\\Users\\Admin\\Desktop\\PKS\\Perkeso Phase A\\Reports\\Workflow\\Form 3 EIS - Cessation as Employer\\20181125_002205\\1543091773148.png]]

2018-11-25 04:36:13 - [TEST_STEP][PASSED] - Statement - out.println(Checker): null

2018-11-25 04:36:13 - [TEST_STEP][FAILED] - Statement - If (Checker == false): Unable to click on object 'Object Repository/Final Object Repo/Landing Page/Select to English' (Root cause: com.kms.katalon.core.webui.exception.WebElementNotFoundException: Web element with id: 'Object Repository/Final Object Repo/Landing Page/Select to English' located by 'By.xpath: //a[@class = 'taglib-language-list-text' and @lang = 'en-US' and (contains(text(), 'EN') or contains(., 'EN'))]' not found)

2018-11-25 04:36:13 - [TEST_STEP][FAILED] - click: Unable to click on object 'Object Repository/Final Object Repo/Landing Page/Select to English' (Root cause: com.kms.katalon.core.webui.exception.WebElementNotFoundException: Web element with id: 'Object Repository/Final Object Repo/Landing Page/Select to English' located by 'By.xpath: //a[@class = 'taglib-language-list-text' and @lang = 'en-US' and (contains(text(), 'EN') or contains(., 'EN'))]' not found)

2018-11-25 04:36:50 - [MESSAGE][FAILED] - Unable to click on object 'Object Repository/Final Object Repo/Landing Page/Select to English' (Root cause: com.kms.katalon.core.webui.exception.WebElementNotFoundException: Web element with id: 'Object Repository/Final Object Repo/Landing Page/Select to English' located by 'By.xpath: //a[@class = 'taglib-language-list-text' and @lang = 'en-US' and (contains(text(), 'EN') or contains(., 'EN'))]' not found)
[[ATTACHMENT|C:\\Users\\Admin\\Desktop\\PKS\\Perkeso Phase A\\Reports\\Workflow\\Form 3 EIS - Cessation as Employer\\20181125_002205\\1543091810573.png]]

2018-11-25 04:36:50 - [TEST_STEP][PASSED] - delay: Delayed 2 second(s)

2018-11-25 04:36:52 - [MESSAGE][PASSED] - Delayed 2 second(s)

2018-11-25 04:36:52 - [TEST_STEP][PASSED] - delay: Delayed 3 second(s)

2018-11-25 04:36:55 - [MESSAGE][PASSED] - Delayed 3 second(s)

2018-11-25 04:36:55 - [TEST_STEP][PASSED] - mouseOver: Object: 'Object Repository/Final Object Repo/Landing Page/WorkFlow Menu' is hovered

2018-11-25 04:36:55 - [MESSAGE][PASSED] - Object: 'Object Repository/Final Object Repo/Landing Page/WorkFlow Menu' is hovered

2018-11-25 04:36:55 - [TEST_STEP][PASSED] - delay: Delayed 2 second(s)

2018-11-25 04:36:57 - [MESSAGE][PASSED] - Delayed 2 second(s)

2018-11-25 04:36:57 - [TEST_STEP][FAILED] - click: Unable to click on object 'Object Repository/Final Object Repo/Landing Page/Select to Workflow Listing' (Root cause: org.openqa.selenium.ElementNotVisibleException: element not interactable
  (Session info: chrome=70.0.3538.102)
  (Driver info: chromedriver=2.43.600210 (68dcf5eebde37173d4027fa8635e332711d2874a),platform=Windows NT 6.1.7601 SP1 x86_64) (WARNING: The server did not provide any stacktrace information)
Command duration or timeout: 0 milliseconds
Build info: version: '3.7.1', revision: '8a0099a', time: '2017-11-06T21:07:36.161Z'
System info: host: 'WIN7TEST02', ip: '10.20.3.72', os.name: 'Windows 7', os.arch: 'amd64', os.version: '6.1', java.version: '1.8.0_181'
Driver info: com.kms.katalon.selenium.driver.CChromeDriver
Capabilities {acceptInsecureCerts: false, acceptSslCerts: false, applicationCacheEnabled: false, browserConnectionEnabled: false, browserName: chrome, chrome: {chromedriverVersion: 2.43.600210 (68dcf5eebde371..., userDataDir: C:\Users\Admin\AppData\Loca...}, cssSelectorsEnabled: true, databaseEnabled: false, goog:chromeOptions: {debuggerAddress: localhost:53417}, handlesAlerts: true, hasTouchScreen: false, javascriptEnabled: true, locationContextEnabled: true, mobileEmulationEnabled: false, nativeEvents: true, networkConnectionEnabled: false, pageLoadStrategy: normal, platform: XP, platformName: XP, rotatable: false, setWindowRect: true, takesHeapSnapshot: true, takesScreenshot: true, unexpectedAlertBehaviour: , unhandledPromptBehavior: , version: 70.0.3538.102, webStorageEnabled: true}
Session ID: aa8149cfe5cb84636d28896d0aac4e50)

2018-11-25 04:36:58 - [MESSAGE][FAILED] - Unable to click on object 'Object Repository/Final Object Repo/Landing Page/Select to Workflow Listing' (Root cause: org.openqa.selenium.ElementNotVisibleException: element not interactable
  (Session info: chrome=70.0.3538.102)
  (Driver info: chromedriver=2.43.600210 (68dcf5eebde37173d4027fa8635e332711d2874a),platform=Windows NT 6.1.7601 SP1 x86_64) (WARNING: The server did not provide any stacktrace information)
Command duration or timeout: 0 milliseconds
Build info: version: '3.7.1', revision: '8a0099a', time: '2017-11-06T21:07:36.161Z'
System info: host: 'WIN7TEST02', ip: '10.20.3.72', os.name: 'Windows 7', os.arch: 'amd64', os.version: '6.1', java.version: '1.8.0_181'
Driver info: com.kms.katalon.selenium.driver.CChromeDriver
Capabilities {acceptInsecureCerts: false, acceptSslCerts: false, applicationCacheEnabled: false, browserConnectionEnabled: false, browserName: chrome, chrome: {chromedriverVersion: 2.43.600210 (68dcf5eebde371..., userDataDir: C:\Users\Admin\AppData\Loca...}, cssSelectorsEnabled: true, databaseEnabled: false, goog:chromeOptions: {debuggerAddress: localhost:53417}, handlesAlerts: true, hasTouchScreen: false, javascriptEnabled: true, locationContextEnabled: true, mobileEmulationEnabled: false, nativeEvents: true, networkConnectionEnabled: false, pageLoadStrategy: normal, platform: XP, platformName: XP, rotatable: false, setWindowRect: true, takesHeapSnapshot: true, takesScreenshot: true, unexpectedAlertBehaviour: , unhandledPromptBehavior: , version: 70.0.3538.102, webStorageEnabled: true}
Session ID: aa8149cfe5cb84636d28896d0aac4e50)
[[ATTACHMENT|C:\\Users\\Admin\\Desktop\\PKS\\Perkeso Phase A\\Reports\\Workflow\\Form 3 EIS - Cessation as Employer\\20181125_002205\\1543091818079.png]]

2018-11-25 04:36:58 - [TEST_STEP][PASSED] - delay: Delayed 2 second(s)

2018-11-25 04:37:00 - [MESSAGE][PASSED] - Delayed 2 second(s)

2018-11-25 04:37:00 - [TEST_STEP][FAILED] - click: Unable to click on object 'Object Repository/Final Object Repo/WorkFlow Listing Page/Search Information - To Put Ref No' (Root cause: com.kms.katalon.core.webui.exception.WebElementNotFoundException: Web element with id: 'Object Repository/Final Object Repo/WorkFlow Listing Page/Search Information - To Put Ref No' located by 'By.xpath: //h2[@data-target = '#_workflowlisting_WAR_baseportlet_searchDiv' and (text() = 'Search Information' or . = 'Search Information')]' not found)

2018-11-25 04:37:32 - [MESSAGE][FAILED] - Unable to click on object 'Object Repository/Final Object Repo/WorkFlow Listing Page/Search Information - To Put Ref No' (Root cause: com.kms.katalon.core.webui.exception.WebElementNotFoundException: Web element with id: 'Object Repository/Final Object Repo/WorkFlow Listing Page/Search Information - To Put Ref No' located by 'By.xpath: //h2[@data-target = '#_workflowlisting_WAR_baseportlet_searchDiv' and (text() = 'Search Information' or . = 'Search Information')]' not found)
[[ATTACHMENT|C:\\Users\\Admin\\Desktop\\PKS\\Perkeso Phase A\\Reports\\Workflow\\Form 3 EIS - Cessation as Employer\\20181125_002205\\1543091851666.png]]

2018-11-25 04:37:32 - [TEST_STEP][PASSED] - delay: Delayed 2 second(s)

2018-11-25 04:37:34 - [MESSAGE][PASSED] - Delayed 2 second(s)

2018-11-25 04:37:34 - [TEST_STEP][PASSED] - callTestCase: Call Test Case 'Test Cases/Final Aug 2018 - PKS Automation/Common/Reference Number Getter' successfully

2018-11-25 04:37:34 - [TEST_CASE][PASSED] - Test Cases/Final Aug 2018 - PKS Automation/Common/Reference Number Getter: Test Cases/Final Aug 2018 - PKS Automation/Common/Reference Number Getter

2018-11-25 04:37:34 - [TEST_STEP][PASSED] - Statement - Try: null

2018-11-25 04:37:34 - [TEST_STEP][PASSED] - Statement - RefNo = new java.io.File(C://Users//Admin//Desktop//PKS//Automation Reference Point//KatalonReference.txt): null

2018-11-25 04:37:34 - [TEST_STEP][PASSED] - Statement - bufferread = new java.io.BufferedReader(new java.io.FileReader(RefNo)): null

2018-11-25 04:37:34 - [TEST_STEP][PASSED] - Statement - readedVal = bufferread.readLine(): null

2018-11-25 04:37:34 - [TEST_STEP][PASSED] - Statement - out.println(CaseReferenceNo): null

2018-11-25 04:37:34 - [TEST_STEP][PASSED] - Statement - out.println(readedVal): null

2018-11-25 04:37:34 - [TEST_STEP][PASSED] - Statement - CaseReferenceNo = "": null

2018-11-25 04:37:34 - [TEST_STEP][PASSED] - Statement - CaseReferenceNo = readedVal: null

2018-11-25 04:37:34 - [MESSAGE][PASSED] - Call Test Case 'Test Cases/Final Aug 2018 - PKS Automation/Common/Reference Number Getter' successfully

2018-11-25 04:37:34 - [TEST_STEP][FAILED] - setText: Unable to set text 'ERN112018C200002281' of object 'Object Repository/Final Object Repo/WorkFlow Listing Page/Ref No Set Text' (Root cause: com.kms.katalon.core.webui.exception.WebElementNotFoundException: Web element with id: 'Object Repository/Final Object Repo/WorkFlow Listing Page/Ref No Set Text' located by 'By.xpath: //input[@id = '_workflowlisting_WAR_baseportlet_dto.trxReferenceNum' and @name = '_workflowlisting_WAR_baseportlet_dto.trxReferenceNum' and @type = 'text']' not found)

2018-11-25 04:38:06 - [MESSAGE][FAILED] - Unable to set text 'ERN112018C200002281' of object 'Object Repository/Final Object Repo/WorkFlow Listing Page/Ref No Set Text' (Root cause: com.kms.katalon.core.webui.exception.WebElementNotFoundException: Web element with id: 'Object Repository/Final Object Repo/WorkFlow Listing Page/Ref No Set Text' located by 'By.xpath: //input[@id = '_workflowlisting_WAR_baseportlet_dto.trxReferenceNum' and @name = '_workflowlisting_WAR_baseportlet_dto.trxReferenceNum' and @type = 'text']' not found)
[[ATTACHMENT|C:\\Users\\Admin\\Desktop\\PKS\\Perkeso Phase A\\Reports\\Workflow\\Form 3 EIS - Cessation as Employer\\20181125_002205\\1543091885749.png]]

2018-11-25 04:38:06 - [TEST_STEP][PASSED] - delay: Delayed 2 second(s)

2018-11-25 04:38:08 - [MESSAGE][PASSED] - Delayed 2 second(s)

2018-11-25 04:38:08 - [TEST_STEP][FAILED] - click: Unable to click on object 'Object Repository/Final Object Repo/WorkFlow Listing Page/Search Ref No Search Button' (Root cause: org.openqa.selenium.ElementNotVisibleException: element not interactable
  (Session info: chrome=70.0.3538.102)
  (Driver info: chromedriver=2.43.600210 (68dcf5eebde37173d4027fa8635e332711d2874a),platform=Windows NT 6.1.7601 SP1 x86_64) (WARNING: The server did not provide any stacktrace information)
Command duration or timeout: 0 milliseconds
Build info: version: '3.7.1', revision: '8a0099a', time: '2017-11-06T21:07:36.161Z'
System info: host: 'WIN7TEST02', ip: '10.20.3.72', os.name: 'Windows 7', os.arch: 'amd64', os.version: '6.1', java.version: '1.8.0_181'
Driver info: com.kms.katalon.selenium.driver.CChromeDriver
Capabilities {acceptInsecureCerts: false, acceptSslCerts: false, applicationCacheEnabled: false, browserConnectionEnabled: false, browserName: chrome, chrome: {chromedriverVersion: 2.43.600210 (68dcf5eebde371..., userDataDir: C:\Users\Admin\AppData\Loca...}, cssSelectorsEnabled: true, databaseEnabled: false, goog:chromeOptions: {debuggerAddress: localhost:53417}, handlesAlerts: true, hasTouchScreen: false, javascriptEnabled: true, locationContextEnabled: true, mobileEmulationEnabled: false, nativeEvents: true, networkConnectionEnabled: false, pageLoadStrategy: normal, platform: XP, platformName: XP, rotatable: false, setWindowRect: true, takesHeapSnapshot: true, takesScreenshot: true, unexpectedAlertBehaviour: , unhandledPromptBehavior: , version: 70.0.3538.102, webStorageEnabled: true}
Session ID: aa8149cfe5cb84636d28896d0aac4e50)

2018-11-25 04:38:08 - [MESSAGE][FAILED] - Unable to click on object 'Object Repository/Final Object Repo/WorkFlow Listing Page/Search Ref No Search Button' (Root cause: org.openqa.selenium.ElementNotVisibleException: element not interactable
  (Session info: chrome=70.0.3538.102)
  (Driver info: chromedriver=2.43.600210 (68dcf5eebde37173d4027fa8635e332711d2874a),platform=Windows NT 6.1.7601 SP1 x86_64) (WARNING: The server did not provide any stacktrace information)
Command duration or timeout: 0 milliseconds
Build info: version: '3.7.1', revision: '8a0099a', time: '2017-11-06T21:07:36.161Z'
System info: host: 'WIN7TEST02', ip: '10.20.3.72', os.name: 'Windows 7', os.arch: 'amd64', os.version: '6.1', java.version: '1.8.0_181'
Driver info: com.kms.katalon.selenium.driver.CChromeDriver
Capabilities {acceptInsecureCerts: false, acceptSslCerts: false, applicationCacheEnabled: false, browserConnectionEnabled: false, browserName: chrome, chrome: {chromedriverVersion: 2.43.600210 (68dcf5eebde371..., userDataDir: C:\Users\Admin\AppData\Loca...}, cssSelectorsEnabled: true, databaseEnabled: false, goog:chromeOptions: {debuggerAddress: localhost:53417}, handlesAlerts: true, hasTouchScreen: false, javascriptEnabled: true, locationContextEnabled: true, mobileEmulationEnabled: false, nativeEvents: true, networkConnectionEnabled: false, pageLoadStrategy: normal, platform: XP, platformName: XP, rotatable: false, setWindowRect: true, takesHeapSnapshot: true, takesScreenshot: true, unexpectedAlertBehaviour: , unhandledPromptBehavior: , version: 70.0.3538.102, webStorageEnabled: true}
Session ID: aa8149cfe5cb84636d28896d0aac4e50)
[[ATTACHMENT|C:\\Users\\Admin\\Desktop\\PKS\\Perkeso Phase A\\Reports\\Workflow\\Form 3 EIS - Cessation as Employer\\20181125_002205\\1543091888176.png]]

2018-11-25 04:38:08 - [TEST_STEP][PASSED] - delay: Delayed 4 second(s)

2018-11-25 04:38:12 - [MESSAGE][PASSED] - Delayed 4 second(s)

2018-11-25 04:38:12 - [TEST_STEP][PASSED] - click: Object: 'Object Repository/Final Object Repo/WorkFlow Listing Page/Click Continue Tooltip' is clicked on

2018-11-25 04:38:13 - [MESSAGE][PASSED] - Object: 'Object Repository/Final Object Repo/WorkFlow Listing Page/Click Continue Tooltip' is clicked on

2018-11-25 04:38:13 - [TEST_STEP][PASSED] - delay: Delayed 5 second(s)

2018-11-25 04:38:18 - [MESSAGE][PASSED] - Delayed 5 second(s)

2018-11-25 04:38:18 - [TEST_STEP][FAILED] - doubleClick: Unable to double click on object 'Object Repository/Final Object Repo/WorkFlow Listing Page/Workflow Found - Listing 1' (Root cause: com.kms.katalon.core.webui.exception.WebElementNotFoundException: Web element with id: 'Object Repository/Final Object Repo/WorkFlow Listing Page/Workflow Found - Listing 1' located by 'By.xpath: //body/div/div/div/div/div/div/div/div/div/div/div/div/div/div/div/div/table/tbody/tr/td[@class='table-cell  first']/following-sibling::td[1]' not found)

2018-11-25 04:38:50 - [MESSAGE][FAILED] - Unable to double click on object 'Object Repository/Final Object Repo/WorkFlow Listing Page/Workflow Found - Listing 1' (Root cause: com.kms.katalon.core.webui.exception.WebElementNotFoundException: Web element with id: 'Object Repository/Final Object Repo/WorkFlow Listing Page/Workflow Found - Listing 1' located by 'By.xpath: //body/div/div/div/div/div/div/div/div/div/div/div/div/div/div/div/div/table/tbody/tr/td[@class='table-cell  first']/following-sibling::td[1]' not found)
[[ATTACHMENT|C:\\Users\\Admin\\Desktop\\PKS\\Perkeso Phase A\\Reports\\Workflow\\Form 3 EIS - Cessation as Employer\\20181125_002205\\1543091929823.png]]

2018-11-25 04:38:50 - [MESSAGE][FAILED] - Unable to call Test Case with id 'Test Cases/Final Aug 2018 - PKS Automation/Common/Workflow Owner Finder' (Root cause: Call Test Case 'Test Cases/Final Aug 2018 - PKS Automation/Common/Workflow Owner Finder' failed)

2018-11-25 04:38:50 - [MESSAGE][FAILED] - Unable to call Test Case with id 'Test Cases/Final Aug 2018 - PKS Automation/Registration Module/Workflow/Form 3 EIS - Cessation As Employer/Template/Form 3 A - Cessation As Employer (Query)' (Root cause: Call Test Case 'Test Cases/Final Aug 2018 - PKS Automation/Registration Module/Workflow/Form 3 EIS - Cessation As Employer/Template/Form 3 A - Cessation As Employer (Query)' failed)]]></system-out>
         <system-err><![CDATA[2018-11-25 04:34:53 - [TEST_CASE][FAILED] - Test Cases/Final Aug 2018 - PKS Automation/Registration Module/Workflow/Form 3 EIS - Cessation As Employer/OTC to UO (Query): Test Cases/Final Aug 2018 - PKS Automation/Registration Module/Workflow/Form 3 EIS - Cessation As Employer/OTC to UO (Query) FAILED because (of) (Stack trace: com.kms.katalon.core.exception.StepFailedException: Unable to click on object 'Object Repository/Final Object Repo/Landing Page/Select to English' (Root cause: com.kms.katalon.core.webui.exception.WebElementNotFoundException: Web element with id: 'Object Repository/Final Object Repo/Landing Page/Select to English' located by 'By.xpath: //a[@class = 'taglib-language-list-text' and @lang = 'en-US' and (contains(text(), 'EN') or contains(., 'EN'))]' not found)
	at com.kms.katalon.core.keyword.internal.KeywordMain.stepFailed(KeywordMain.groovy:32)
	at com.kms.katalon.core.webui.keyword.internal.WebUIKeywordMain.stepFailed(WebUIKeywordMain.groovy:65)
	at com.kms.katalon.core.webui.keyword.internal.WebUIKeywordMain.runKeyword(WebUIKeywordMain.groovy:27)
	at com.kms.katalon.core.webui.keyword.builtin.ClickKeyword.click(ClickKeyword.groovy:86)
	at com.kms.katalon.core.webui.keyword.builtin.ClickKeyword.execute(ClickKeyword.groovy:67)
	at com.kms.katalon.core.keyword.internal.KeywordExecutor.executeKeywordForPlatform(KeywordExecutor.groovy:53)
	at com.kms.katalon.core.webui.keyword.WebUiBuiltInKeywords.click(WebUiBuiltInKeywords.groovy:604)
	at com.kms.katalon.core.webui.keyword.WebUiBuiltInKeywords$click$9.call(Unknown Source)
	at Script1534407542420.run(Script1534407542420.groovy:57)
	at com.kms.katalon.core.main.ScriptEngine.run(ScriptEngine.java:183)
	at com.kms.katalon.core.main.ScriptEngine.runScriptAsRawText(ScriptEngine.java:108)
	at com.kms.katalon.core.main.TestCaseExecutor.runScript(TestCaseExecutor.java:294)
	at com.kms.katalon.core.main.TestCaseExecutor.doExecute(TestCaseExecutor.java:285)
	at com.kms.katalon.core.main.TestCaseExecutor.processExecutionPhase(TestCaseExecutor.java:264)
	at com.kms.katalon.core.main.TestCaseExecutor.accessMainPhase(TestCaseExecutor.java:256)
	at com.kms.katalon.core.main.TestCaseExecutor.execute(TestCaseExecutor.java:200)
	at com.kms.katalon.core.main.TestCaseMain.runTestCase(TestCaseMain.java:99)
	at com.kms.katalon.core.keyword.builtin.CallTestCaseKeyword$_callTestCase_closure1.doCall(CallTestCaseKeyword.groovy:60)
	at com.kms.katalon.core.keyword.builtin.CallTestCaseKeyword$_callTestCase_closure1.call(CallTestCaseKeyword.groovy)
	at com.kms.katalon.core.keyword.internal.KeywordMain.runKeyword(KeywordMain.groovy:54)
	at com.kms.katalon.core.keyword.builtin.CallTestCaseKeyword.callTestCase(CallTestCaseKeyword.groovy:81)
	at com.kms.katalon.core.keyword.builtin.CallTestCaseKeyword.execute(CallTestCaseKeyword.groovy:45)
	at com.kms.katalon.core.keyword.internal.KeywordExecutor.executeKeywordForPlatform(KeywordExecutor.groovy:53)
	at com.kms.katalon.core.keyword.BuiltinKeywords.callTestCase(BuiltinKeywords.groovy:334)
	at sun.reflect.GeneratedMethodAccessor15.invoke(Unknown Source)
	at sun.reflect.DelegatingMethodAccessorImpl.invoke(DelegatingMethodAccessorImpl.java:43)
	at java.lang.reflect.Method.invoke(Method.java:498)
	at org.codehaus.groovy.reflection.CachedMethod.invoke(CachedMethod.java:93)
	at groovy.lang.MetaMethod.doMethodInvoke(MetaMethod.java:325)
	at groovy.lang.MetaClassImpl.invokeStaticMethod(MetaClassImpl.java:1469)
	at org.codehaus.groovy.runtime.callsite.StaticMetaClassSite.call(StaticMetaClassSite.java:53)
	at org.codehaus.groovy.runtime.callsite.AbstractCallSite.call(AbstractCallSite.java:141)
	at Script1536114876563.run(Script1536114876563.groovy:34)
	at com.kms.katalon.core.main.ScriptEngine.run(ScriptEngine.java:183)
	at com.kms.katalon.core.main.ScriptEngine.runScriptAsRawText(ScriptEngine.java:108)
	at com.kms.katalon.core.main.TestCaseExecutor.runScript(TestCaseExecutor.java:294)
	at com.kms.katalon.core.main.TestCaseExecutor.doExecute(TestCaseExecutor.java:285)
	at com.kms.katalon.core.main.TestCaseExecutor.processExecutionPhase(TestCaseExecutor.java:264)
	at com.kms.katalon.core.main.TestCaseExecutor.accessMainPhase(TestCaseExecutor.java:256)
	at com.kms.katalon.core.main.TestCaseExecutor.execute(TestCaseExecutor.java:200)
	at com.kms.katalon.core.main.TestCaseMain.runTestCase(TestCaseMain.java:99)
	at com.kms.katalon.core.keyword.builtin.CallTestCaseKeyword$_callTestCase_closure1.doCall(CallTestCaseKeyword.groovy:60)
	at com.kms.katalon.core.keyword.builtin.CallTestCaseKeyword$_callTestCase_closure1.call(CallTestCaseKeyword.groovy)
	at com.kms.katalon.core.keyword.internal.KeywordMain.runKeyword(KeywordMain.groovy:54)
	at com.kms.katalon.core.keyword.builtin.CallTestCaseKeyword.callTestCase(CallTestCaseKeyword.groovy:81)
	at com.kms.katalon.core.keyword.builtin.CallTestCaseKeyword.execute(CallTestCaseKeyword.groovy:45)
	at com.kms.katalon.core.keyword.internal.KeywordExecutor.executeKeywordForPlatform(KeywordExecutor.groovy:53)
	at com.kms.katalon.core.keyword.BuiltinKeywords.callTestCase(BuiltinKeywords.groovy:334)
	at sun.reflect.GeneratedMethodAccessor15.invoke(Unknown Source)
	at sun.reflect.DelegatingMethodAccessorImpl.invoke(DelegatingMethodAccessorImpl.java:43)
	at java.lang.reflect.Method.invoke(Method.java:498)
	at org.codehaus.groovy.reflection.CachedMethod.invoke(CachedMethod.java:93)
	at groovy.lang.MetaMethod.doMethodInvoke(MetaMethod.java:325)
	at groovy.lang.MetaClassImpl.invokeStaticMethod(MetaClassImpl.java:1469)
	at org.codehaus.groovy.runtime.callsite.StaticMetaClassSite.call(StaticMetaClassSite.java:53)
	at org.codehaus.groovy.runtime.callsite.CallSiteArray.defaultCall(CallSiteArray.java:48)
	at org.codehaus.groovy.runtime.callsite.AbstractCallSite.call(AbstractCallSite.java:113)
	at org.codehaus.groovy.runtime.callsite.AbstractCallSite.call(AbstractCallSite.java:141)
	at Script1536204253481.run(Script1536204253481.groovy:25)
	at com.kms.katalon.core.main.ScriptEngine.run(ScriptEngine.java:183)
	at com.kms.katalon.core.main.ScriptEngine.runScriptAsRawText(ScriptEngine.java:108)
	at com.kms.katalon.core.main.TestCaseExecutor.runScript(TestCaseExecutor.java:294)
	at com.kms.katalon.core.main.TestCaseExecutor.doExecute(TestCaseExecutor.java:285)
	at com.kms.katalon.core.main.TestCaseExecutor.processExecutionPhase(TestCaseExecutor.java:264)
	at com.kms.katalon.core.main.TestCaseExecutor.accessMainPhase(TestCaseExecutor.java:256)
	at com.kms.katalon.core.main.TestCaseExecutor.execute(TestCaseExecutor.java:200)
	at com.kms.katalon.core.main.TestSuiteExecutor.accessTestCaseMainPhase(TestSuiteExecutor.java:129)
	at com.kms.katalon.core.main.TestSuiteExecutor.accessTestSuiteMainPhase(TestSuiteExecutor.java:112)
	at com.kms.katalon.core.main.TestSuiteExecutor.execute(TestSuiteExecutor.java:81)
	at com.kms.katalon.core.main.TestCaseMain.startTestSuite(TestCaseMain.java:142)
	at com.kms.katalon.core.main.TestCaseMain$startTestSuite$0.call(Unknown Source)
	at org.codehaus.groovy.runtime.callsite.CallSiteArray.defaultCall(CallSiteArray.java:48)
	at org.codehaus.groovy.runtime.callsite.AbstractCallSite.call(AbstractCallSite.java:113)
	at org.codehaus.groovy.runtime.callsite.AbstractCallSite.call(AbstractCallSite.java:141)
	at TempTestSuite1543076525234.run(TempTestSuite1543076525234.groovy:36)
	at groovy.lang.GroovyShell.runScriptOrMainOrTestOrRunnable(GroovyShell.java:263)
	at groovy.lang.GroovyShell.run(GroovyShell.java:518)
	at groovy.lang.GroovyShell.run(GroovyShell.java:507)
	at groovy.ui.GroovyMain.processOnce(GroovyMain.java:653)
	at groovy.ui.GroovyMain.run(GroovyMain.java:384)
	at groovy.ui.GroovyMain.process(GroovyMain.java:370)
	at groovy.ui.GroovyMain.processArgs(GroovyMain.java:129)
	at groovy.ui.GroovyMain.main(GroovyMain.java:109)
	at sun.reflect.NativeMethodAccessorImpl.invoke0(Native Method)
	at sun.reflect.NativeMethodAccessorImpl.invoke(NativeMethodAccessorImpl.java:62)
	at sun.reflect.DelegatingMethodAccessorImpl.invoke(DelegatingMethodAccessorImpl.java:43)
	at java.lang.reflect.Method.invoke(Method.java:498)
	at org.codehaus.groovy.tools.GroovyStarter.rootLoader(GroovyStarter.java:109)
	at org.codehaus.groovy.tools.GroovyStarter.main(GroovyStarter.java:131)
)]]></system-err>
      </testcase>
      <testcase name="Test Cases/Final Aug 2018 - PKS Automation/Registration Module/Workflow/Form 3 EIS - Cessation As Employer/OTC to UO (Reject)" classname="Test Cases/Final Aug 2018 - PKS Automation/Registration Module/Workflow/Form 3 EIS - Cessation As Employer/OTC to UO (Reject)" status="FAILED">
         <failure type="FAILED" message="(Stack trace: com.kms.katalon.core.exception.StepFailedException: Unable to click on object 'Object Repository/Final Object Repo/Landing Page/Select to English' (Root cause: com.kms.katalon.core.webui.exception.WebElementNotFoundException: Web element with id: 'Object Repository/Final Object Repo/Landing Page/Select to English' located by 'By.xpath: //a[@class = 'taglib-language-list-text' and @lang = 'en-US' and (contains(text(), 'EN') or contains(., 'EN'))]' not found)
	at com.kms.katalon.core.keyword.internal.KeywordMain.stepFailed(KeywordMain.groovy:32)
	at com.kms.katalon.core.webui.keyword.internal.WebUIKeywordMain.stepFailed(WebUIKeywordMain.groovy:65)
	at com.kms.katalon.core.webui.keyword.internal.WebUIKeywordMain.runKeyword(WebUIKeywordMain.groovy:27)
	at com.kms.katalon.core.webui.keyword.builtin.ClickKeyword.click(ClickKeyword.groovy:86)
	at com.kms.katalon.core.webui.keyword.builtin.ClickKeyword.execute(ClickKeyword.groovy:67)
	at com.kms.katalon.core.keyword.internal.KeywordExecutor.executeKeywordForPlatform(KeywordExecutor.groovy:53)
	at com.kms.katalon.core.webui.keyword.WebUiBuiltInKeywords.click(WebUiBuiltInKeywords.groovy:604)
	at com.kms.katalon.core.webui.keyword.WebUiBuiltInKeywords$click$9.call(Unknown Source)
	at Script1534407542420.run(Script1534407542420.groovy:57)
	at com.kms.katalon.core.main.ScriptEngine.run(ScriptEngine.java:183)
	at com.kms.katalon.core.main.ScriptEngine.runScriptAsRawText(ScriptEngine.java:108)
	at com.kms.katalon.core.main.TestCaseExecutor.runScript(TestCaseExecutor.java:294)
	at com.kms.katalon.core.main.TestCaseExecutor.doExecute(TestCaseExecutor.java:285)
	at com.kms.katalon.core.main.TestCaseExecutor.processExecutionPhase(TestCaseExecutor.java:264)
	at com.kms.katalon.core.main.TestCaseExecutor.accessMainPhase(TestCaseExecutor.java:256)
	at com.kms.katalon.core.main.TestCaseExecutor.execute(TestCaseExecutor.java:200)
	at com.kms.katalon.core.main.TestCaseMain.runTestCase(TestCaseMain.java:99)
	at com.kms.katalon.core.keyword.builtin.CallTestCaseKeyword$_callTestCase_closure1.doCall(CallTestCaseKeyword.groovy:60)
	at com.kms.katalon.core.keyword.builtin.CallTestCaseKeyword$_callTestCase_closure1.call(CallTestCaseKeyword.groovy)
	at com.kms.katalon.core.keyword.internal.KeywordMain.runKeyword(KeywordMain.groovy:54)
	at com.kms.katalon.core.keyword.builtin.CallTestCaseKeyword.callTestCase(CallTestCaseKeyword.groovy:81)
	at com.kms.katalon.core.keyword.builtin.CallTestCaseKeyword.execute(CallTestCaseKeyword.groovy:45)
	at com.kms.katalon.core.keyword.internal.KeywordExecutor.executeKeywordForPlatform(KeywordExecutor.groovy:53)
	at com.kms.katalon.core.keyword.BuiltinKeywords.callTestCase(BuiltinKeywords.groovy:334)
	at sun.reflect.GeneratedMethodAccessor15.invoke(Unknown Source)
	at sun.reflect.DelegatingMethodAccessorImpl.invoke(DelegatingMethodAccessorImpl.java:43)
	at java.lang.reflect.Method.invoke(Method.java:498)
	at org.codehaus.groovy.reflection.CachedMethod.invoke(CachedMethod.java:93)
	at groovy.lang.MetaMethod.doMethodInvoke(MetaMethod.java:325)
	at groovy.lang.MetaClassImpl.invokeStaticMethod(MetaClassImpl.java:1469)
	at org.codehaus.groovy.runtime.callsite.StaticMetaClassSite.call(StaticMetaClassSite.java:53)
	at org.codehaus.groovy.runtime.callsite.CallSiteArray.defaultCall(CallSiteArray.java:48)
	at org.codehaus.groovy.runtime.callsite.AbstractCallSite.call(AbstractCallSite.java:113)
	at org.codehaus.groovy.runtime.callsite.AbstractCallSite.call(AbstractCallSite.java:141)
	at Script1536044453581.run(Script1536044453581.groovy:34)
	at com.kms.katalon.core.main.ScriptEngine.run(ScriptEngine.java:183)
	at com.kms.katalon.core.main.ScriptEngine.runScriptAsRawText(ScriptEngine.java:108)
	at com.kms.katalon.core.main.TestCaseExecutor.runScript(TestCaseExecutor.java:294)
	at com.kms.katalon.core.main.TestCaseExecutor.doExecute(TestCaseExecutor.java:285)
	at com.kms.katalon.core.main.TestCaseExecutor.processExecutionPhase(TestCaseExecutor.java:264)
	at com.kms.katalon.core.main.TestCaseExecutor.accessMainPhase(TestCaseExecutor.java:256)
	at com.kms.katalon.core.main.TestCaseExecutor.execute(TestCaseExecutor.java:200)
	at com.kms.katalon.core.main.TestCaseMain.runTestCase(TestCaseMain.java:99)
	at com.kms.katalon.core.keyword.builtin.CallTestCaseKeyword$_callTestCase_closure1.doCall(CallTestCaseKeyword.groovy:60)
	at com.kms.katalon.core.keyword.builtin.CallTestCaseKeyword$_callTestCase_closure1.call(CallTestCaseKeyword.groovy)
	at com.kms.katalon.core.keyword.internal.KeywordMain.runKeyword(KeywordMain.groovy:54)
	at com.kms.katalon.core.keyword.builtin.CallTestCaseKeyword.callTestCase(CallTestCaseKeyword.groovy:81)
	at com.kms.katalon.core.keyword.builtin.CallTestCaseKeyword.execute(CallTestCaseKeyword.groovy:45)
	at com.kms.katalon.core.keyword.internal.KeywordExecutor.executeKeywordForPlatform(KeywordExecutor.groovy:53)
	at com.kms.katalon.core.keyword.BuiltinKeywords.callTestCase(BuiltinKeywords.groovy:334)
	at sun.reflect.GeneratedMethodAccessor15.invoke(Unknown Source)
	at sun.reflect.DelegatingMethodAccessorImpl.invoke(DelegatingMethodAccessorImpl.java:43)
	at java.lang.reflect.Method.invoke(Method.java:498)
	at org.codehaus.groovy.reflection.CachedMethod.invoke(CachedMethod.java:93)
	at groovy.lang.MetaMethod.doMethodInvoke(MetaMethod.java:325)
	at groovy.lang.MetaClassImpl.invokeStaticMethod(MetaClassImpl.java:1469)
	at org.codehaus.groovy.runtime.callsite.StaticMetaClassSite.call(StaticMetaClassSite.java:53)
	at org.codehaus.groovy.runtime.callsite.CallSiteArray.defaultCall(CallSiteArray.java:48)
	at org.codehaus.groovy.runtime.callsite.AbstractCallSite.call(AbstractCallSite.java:113)
	at org.codehaus.groovy.runtime.callsite.AbstractCallSite.call(AbstractCallSite.java:141)
	at Script1536204204129.run(Script1536204204129.groovy:25)
	at com.kms.katalon.core.main.ScriptEngine.run(ScriptEngine.java:183)
	at com.kms.katalon.core.main.ScriptEngine.runScriptAsRawText(ScriptEngine.java:108)
	at com.kms.katalon.core.main.TestCaseExecutor.runScript(TestCaseExecutor.java:294)
	at com.kms.katalon.core.main.TestCaseExecutor.doExecute(TestCaseExecutor.java:285)
	at com.kms.katalon.core.main.TestCaseExecutor.processExecutionPhase(TestCaseExecutor.java:264)
	at com.kms.katalon.core.main.TestCaseExecutor.accessMainPhase(TestCaseExecutor.java:256)
	at com.kms.katalon.core.main.TestCaseExecutor.execute(TestCaseExecutor.java:200)
	at com.kms.katalon.core.main.TestSuiteExecutor.accessTestCaseMainPhase(TestSuiteExecutor.java:129)
	at com.kms.katalon.core.main.TestSuiteExecutor.accessTestSuiteMainPhase(TestSuiteExecutor.java:112)
	at com.kms.katalon.core.main.TestSuiteExecutor.execute(TestSuiteExecutor.java:81)
	at com.kms.katalon.core.main.TestCaseMain.startTestSuite(TestCaseMain.java:142)
	at com.kms.katalon.core.main.TestCaseMain$startTestSuite$0.call(Unknown Source)
	at org.codehaus.groovy.runtime.callsite.CallSiteArray.defaultCall(CallSiteArray.java:48)
	at org.codehaus.groovy.runtime.callsite.AbstractCallSite.call(AbstractCallSite.java:113)
	at org.codehaus.groovy.runtime.callsite.AbstractCallSite.call(AbstractCallSite.java:141)
	at TempTestSuite1543076525234.run(TempTestSuite1543076525234.groovy:36)
	at groovy.lang.GroovyShell.runScriptOrMainOrTestOrRunnable(GroovyShell.java:263)
	at groovy.lang.GroovyShell.run(GroovyShell.java:518)
	at groovy.lang.GroovyShell.run(GroovyShell.java:507)
	at groovy.ui.GroovyMain.processOnce(GroovyMain.java:653)
	at groovy.ui.GroovyMain.run(GroovyMain.java:384)
	at groovy.ui.GroovyMain.process(GroovyMain.java:370)
	at groovy.ui.GroovyMain.processArgs(GroovyMain.java:129)
	at groovy.ui.GroovyMain.main(GroovyMain.java:109)
	at sun.reflect.NativeMethodAccessorImpl.invoke0(Native Method)
	at sun.reflect.NativeMethodAccessorImpl.invoke(NativeMethodAccessorImpl.java:62)
	at sun.reflect.DelegatingMethodAccessorImpl.invoke(DelegatingMethodAccessorImpl.java:43)
	at java.lang.reflect.Method.invoke(Method.java:498)
	at org.codehaus.groovy.tools.GroovyStarter.rootLoader(GroovyStarter.java:109)
	at org.codehaus.groovy.tools.GroovyStarter.main(GroovyStarter.java:131)
)"/>
         <system-out><![CDATA[2018-11-25 04:38:50 - [TEST_CASE][FAILED] - Test Cases/Final Aug 2018 - PKS Automation/Registration Module/Workflow/Form 3 EIS - Cessation As Employer/OTC to UO (Reject): Test Cases/Final Aug 2018 - PKS Automation/Registration Module/Workflow/Form 3 EIS - Cessation As Employer/OTC to UO (Reject) FAILED because (of) (Stack trace: com.kms.katalon.core.exception.StepFailedException: Unable to click on object 'Object Repository/Final Object Repo/Landing Page/Select to English' (Root cause: com.kms.katalon.core.webui.exception.WebElementNotFoundException: Web element with id: 'Object Repository/Final Object Repo/Landing Page/Select to English' located by 'By.xpath: //a[@class = 'taglib-language-list-text' and @lang = 'en-US' and (contains(text(), 'EN') or contains(., 'EN'))]' not found)
	at com.kms.katalon.core.keyword.internal.KeywordMain.stepFailed(KeywordMain.groovy:32)
	at com.kms.katalon.core.webui.keyword.internal.WebUIKeywordMain.stepFailed(WebUIKeywordMain.groovy:65)
	at com.kms.katalon.core.webui.keyword.internal.WebUIKeywordMain.runKeyword(WebUIKeywordMain.groovy:27)
	at com.kms.katalon.core.webui.keyword.builtin.ClickKeyword.click(ClickKeyword.groovy:86)
	at com.kms.katalon.core.webui.keyword.builtin.ClickKeyword.execute(ClickKeyword.groovy:67)
	at com.kms.katalon.core.keyword.internal.KeywordExecutor.executeKeywordForPlatform(KeywordExecutor.groovy:53)
	at com.kms.katalon.core.webui.keyword.WebUiBuiltInKeywords.click(WebUiBuiltInKeywords.groovy:604)
	at com.kms.katalon.core.webui.keyword.WebUiBuiltInKeywords$click$9.call(Unknown Source)
	at Script1534407542420.run(Script1534407542420.groovy:57)
	at com.kms.katalon.core.main.ScriptEngine.run(ScriptEngine.java:183)
	at com.kms.katalon.core.main.ScriptEngine.runScriptAsRawText(ScriptEngine.java:108)
	at com.kms.katalon.core.main.TestCaseExecutor.runScript(TestCaseExecutor.java:294)
	at com.kms.katalon.core.main.TestCaseExecutor.doExecute(TestCaseExecutor.java:285)
	at com.kms.katalon.core.main.TestCaseExecutor.processExecutionPhase(TestCaseExecutor.java:264)
	at com.kms.katalon.core.main.TestCaseExecutor.accessMainPhase(TestCaseExecutor.java:256)
	at com.kms.katalon.core.main.TestCaseExecutor.execute(TestCaseExecutor.java:200)
	at com.kms.katalon.core.main.TestCaseMain.runTestCase(TestCaseMain.java:99)
	at com.kms.katalon.core.keyword.builtin.CallTestCaseKeyword$_callTestCase_closure1.doCall(CallTestCaseKeyword.groovy:60)
	at com.kms.katalon.core.keyword.builtin.CallTestCaseKeyword$_callTestCase_closure1.call(CallTestCaseKeyword.groovy)
	at com.kms.katalon.core.keyword.internal.KeywordMain.runKeyword(KeywordMain.groovy:54)
	at com.kms.katalon.core.keyword.builtin.CallTestCaseKeyword.callTestCase(CallTestCaseKeyword.groovy:81)
	at com.kms.katalon.core.keyword.builtin.CallTestCaseKeyword.execute(CallTestCaseKeyword.groovy:45)
	at com.kms.katalon.core.keyword.internal.KeywordExecutor.executeKeywordForPlatform(KeywordExecutor.groovy:53)
	at com.kms.katalon.core.keyword.BuiltinKeywords.callTestCase(BuiltinKeywords.groovy:334)
	at sun.reflect.GeneratedMethodAccessor15.invoke(Unknown Source)
	at sun.reflect.DelegatingMethodAccessorImpl.invoke(DelegatingMethodAccessorImpl.java:43)
	at java.lang.reflect.Method.invoke(Method.java:498)
	at org.codehaus.groovy.reflection.CachedMethod.invoke(CachedMethod.java:93)
	at groovy.lang.MetaMethod.doMethodInvoke(MetaMethod.java:325)
	at groovy.lang.MetaClassImpl.invokeStaticMethod(MetaClassImpl.java:1469)
	at org.codehaus.groovy.runtime.callsite.StaticMetaClassSite.call(StaticMetaClassSite.java:53)
	at org.codehaus.groovy.runtime.callsite.CallSiteArray.defaultCall(CallSiteArray.java:48)
	at org.codehaus.groovy.runtime.callsite.AbstractCallSite.call(AbstractCallSite.java:113)
	at org.codehaus.groovy.runtime.callsite.AbstractCallSite.call(AbstractCallSite.java:141)
	at Script1536044453581.run(Script1536044453581.groovy:34)
	at com.kms.katalon.core.main.ScriptEngine.run(ScriptEngine.java:183)
	at com.kms.katalon.core.main.ScriptEngine.runScriptAsRawText(ScriptEngine.java:108)
	at com.kms.katalon.core.main.TestCaseExecutor.runScript(TestCaseExecutor.java:294)
	at com.kms.katalon.core.main.TestCaseExecutor.doExecute(TestCaseExecutor.java:285)
	at com.kms.katalon.core.main.TestCaseExecutor.processExecutionPhase(TestCaseExecutor.java:264)
	at com.kms.katalon.core.main.TestCaseExecutor.accessMainPhase(TestCaseExecutor.java:256)
	at com.kms.katalon.core.main.TestCaseExecutor.execute(TestCaseExecutor.java:200)
	at com.kms.katalon.core.main.TestCaseMain.runTestCase(TestCaseMain.java:99)
	at com.kms.katalon.core.keyword.builtin.CallTestCaseKeyword$_callTestCase_closure1.doCall(CallTestCaseKeyword.groovy:60)
	at com.kms.katalon.core.keyword.builtin.CallTestCaseKeyword$_callTestCase_closure1.call(CallTestCaseKeyword.groovy)
	at com.kms.katalon.core.keyword.internal.KeywordMain.runKeyword(KeywordMain.groovy:54)
	at com.kms.katalon.core.keyword.builtin.CallTestCaseKeyword.callTestCase(CallTestCaseKeyword.groovy:81)
	at com.kms.katalon.core.keyword.builtin.CallTestCaseKeyword.execute(CallTestCaseKeyword.groovy:45)
	at com.kms.katalon.core.keyword.internal.KeywordExecutor.executeKeywordForPlatform(KeywordExecutor.groovy:53)
	at com.kms.katalon.core.keyword.BuiltinKeywords.callTestCase(BuiltinKeywords.groovy:334)
	at sun.reflect.GeneratedMethodAccessor15.invoke(Unknown Source)
	at sun.reflect.DelegatingMethodAccessorImpl.invoke(DelegatingMethodAccessorImpl.java:43)
	at java.lang.reflect.Method.invoke(Method.java:498)
	at org.codehaus.groovy.reflection.CachedMethod.invoke(CachedMethod.java:93)
	at groovy.lang.MetaMethod.doMethodInvoke(MetaMethod.java:325)
	at groovy.lang.MetaClassImpl.invokeStaticMethod(MetaClassImpl.java:1469)
	at org.codehaus.groovy.runtime.callsite.StaticMetaClassSite.call(StaticMetaClassSite.java:53)
	at org.codehaus.groovy.runtime.callsite.CallSiteArray.defaultCall(CallSiteArray.java:48)
	at org.codehaus.groovy.runtime.callsite.AbstractCallSite.call(AbstractCallSite.java:113)
	at org.codehaus.groovy.runtime.callsite.AbstractCallSite.call(AbstractCallSite.java:141)
	at Script1536204204129.run(Script1536204204129.groovy:25)
	at com.kms.katalon.core.main.ScriptEngine.run(ScriptEngine.java:183)
	at com.kms.katalon.core.main.ScriptEngine.runScriptAsRawText(ScriptEngine.java:108)
	at com.kms.katalon.core.main.TestCaseExecutor.runScript(TestCaseExecutor.java:294)
	at com.kms.katalon.core.main.TestCaseExecutor.doExecute(TestCaseExecutor.java:285)
	at com.kms.katalon.core.main.TestCaseExecutor.processExecutionPhase(TestCaseExecutor.java:264)
	at com.kms.katalon.core.main.TestCaseExecutor.accessMainPhase(TestCaseExecutor.java:256)
	at com.kms.katalon.core.main.TestCaseExecutor.execute(TestCaseExecutor.java:200)
	at com.kms.katalon.core.main.TestSuiteExecutor.accessTestCaseMainPhase(TestSuiteExecutor.java:129)
	at com.kms.katalon.core.main.TestSuiteExecutor.accessTestSuiteMainPhase(TestSuiteExecutor.java:112)
	at com.kms.katalon.core.main.TestSuiteExecutor.execute(TestSuiteExecutor.java:81)
	at com.kms.katalon.core.main.TestCaseMain.startTestSuite(TestCaseMain.java:142)
	at com.kms.katalon.core.main.TestCaseMain$startTestSuite$0.call(Unknown Source)
	at org.codehaus.groovy.runtime.callsite.CallSiteArray.defaultCall(CallSiteArray.java:48)
	at org.codehaus.groovy.runtime.callsite.AbstractCallSite.call(AbstractCallSite.java:113)
	at org.codehaus.groovy.runtime.callsite.AbstractCallSite.call(AbstractCallSite.java:141)
	at TempTestSuite1543076525234.run(TempTestSuite1543076525234.groovy:36)
	at groovy.lang.GroovyShell.runScriptOrMainOrTestOrRunnable(GroovyShell.java:263)
	at groovy.lang.GroovyShell.run(GroovyShell.java:518)
	at groovy.lang.GroovyShell.run(GroovyShell.java:507)
	at groovy.ui.GroovyMain.processOnce(GroovyMain.java:653)
	at groovy.ui.GroovyMain.run(GroovyMain.java:384)
	at groovy.ui.GroovyMain.process(GroovyMain.java:370)
	at groovy.ui.GroovyMain.processArgs(GroovyMain.java:129)
	at groovy.ui.GroovyMain.main(GroovyMain.java:109)
	at sun.reflect.NativeMethodAccessorImpl.invoke0(Native Method)
	at sun.reflect.NativeMethodAccessorImpl.invoke(NativeMethodAccessorImpl.java:62)
	at sun.reflect.DelegatingMethodAccessorImpl.invoke(DelegatingMethodAccessorImpl.java:43)
	at java.lang.reflect.Method.invoke(Method.java:498)
	at org.codehaus.groovy.tools.GroovyStarter.rootLoader(GroovyStarter.java:109)
	at org.codehaus.groovy.tools.GroovyStarter.main(GroovyStarter.java:131)
)

2018-11-25 04:38:50 - [TEST_STEP][PASSED] - callTestCase: Call Test Case 'Test Cases/Final Aug 2018 - PKS Automation/Registration Module/Workflow/Form 3 EIS - Cessation As Employer/Template/Form 3 A - Cessation As Employer (OTC)' successfully

2018-11-25 04:38:50 - [TEST_CASE][PASSED] - Test Cases/Final Aug 2018 - PKS Automation/Registration Module/Workflow/Form 3 EIS - Cessation As Employer/Template/Form 3 A - Cessation As Employer (OTC): Test Cases/Final Aug 2018 - PKS Automation/Registration Module/Workflow/Form 3 EIS - Cessation As Employer/Template/Form 3 A - Cessation As Employer (OTC)

2018-11-25 04:38:50 - [TEST_STEP][PASSED] - openBrowser: Browser is opened with url: ''

2018-11-25 04:38:50 - [MESSAGE][WARNING] - A browser is already opened. Closing browser and opening a new one

2018-11-25 04:38:54 - [MESSAGE][PASSED] - Browser is opened with url: ''

2018-11-25 04:38:54 - [TEST_STEP][PASSED] - navigateToUrl: Navigate to 'https://assist2-uat.perkeso.gov.my/login' successfully

2018-11-25 04:38:55 - [MESSAGE][PASSED] - Navigate to 'https://assist2-uat.perkeso.gov.my/login' successfully

2018-11-25 04:38:55 - [TEST_STEP][PASSED] - setText: Text 'johorotc1@gmail.com' is set on object 'Object Repository/Final Object Repo/Login Page/Internal User/Email Address'

2018-11-25 04:38:55 - [MESSAGE][PASSED] - Text 'johorotc1@gmail.com' is set on object 'Object Repository/Final Object Repo/Login Page/Internal User/Email Address'

2018-11-25 04:38:55 - [TEST_STEP][PASSED] - click: Object: 'Object Repository/Final Object Repo/Login Page/Internal User/Next Button' is clicked on

2018-11-25 04:38:55 - [MESSAGE][PASSED] - Object: 'Object Repository/Final Object Repo/Login Page/Internal User/Next Button' is clicked on

2018-11-25 04:38:55 - [TEST_STEP][PASSED] - delay: Delayed 1 second(s)

2018-11-25 04:38:56 - [MESSAGE][PASSED] - Delayed 1 second(s)

2018-11-25 04:38:56 - [TEST_STEP][PASSED] - setEncryptedText: Text ****** has been set on object 'Object Repository/Final Object Repo/Login Page/Internal User/Password'

2018-11-25 04:38:57 - [MESSAGE][PASSED] - Text ****** has been set on object 'Object Repository/Final Object Repo/Login Page/Internal User/Password'

2018-11-25 04:38:57 - [TEST_STEP][PASSED] - click: Object: 'Object Repository/Final Object Repo/Login Page/Internal User/Login Button' is clicked on

2018-11-25 04:38:57 - [MESSAGE][PASSED] - Object: 'Object Repository/Final Object Repo/Login Page/Internal User/Login Button' is clicked on

2018-11-25 04:38:57 - [TEST_STEP][PASSED] - delay: Delayed 1 second(s)

2018-11-25 04:38:58 - [MESSAGE][PASSED] - Delayed 1 second(s)

2018-11-25 04:38:58 - [TEST_STEP][PASSED] - Statement - Try: Delayed 2 second(s)

2018-11-25 04:38:58 - [TEST_STEP][PASSED] - Statement - Checker = false: null

2018-11-25 04:38:58 - [TEST_STEP][PASSED] - Statement - Checker = com.kms.katalon.core.webui.keyword.WebUiBuiltInKeywords.verifyElementHasAttribute(com.kms.katalon.core.testobject.ObjectRepository.findTestObject(Final Object Repo/Landing Page/BM Detecting), "href", 20, OPTIONAL): Object 'Object Repository/Final Object Repo/Landing Page/BM Detecting' has attribute 'href'

2018-11-25 04:38:59 - [MESSAGE][PASSED] - Object 'Object Repository/Final Object Repo/Landing Page/BM Detecting' has attribute 'href'

2018-11-25 04:38:59 - [TEST_STEP][PASSED] - Statement - out.println(Checker): null

2018-11-25 04:38:59 - [TEST_STEP][PASSED] - Statement - If (Checker == false): null

2018-11-25 04:38:59 - [TEST_STEP][PASSED] - Statement - Else: null

2018-11-25 04:38:59 - [TEST_STEP][PASSED] - delay: Delayed 2 second(s)

2018-11-25 04:39:01 - [MESSAGE][PASSED] - Delayed 2 second(s)

2018-11-25 04:39:01 - [TEST_STEP][PASSED] - navigateToUrl: Navigate to 'https://assist2-uat.perkeso.gov.my/web/registration/eis-update/form-3-eis-cessation-as-employer' successfully

2018-11-25 04:39:01 - [MESSAGE][PASSED] - Navigate to 'https://assist2-uat.perkeso.gov.my/web/registration/eis-update/form-3-eis-cessation-as-employer' successfully

2018-11-25 04:39:01 - [TEST_STEP][PASSED] - delay: Delayed 1 second(s)

2018-11-25 04:39:02 - [MESSAGE][PASSED] - Delayed 1 second(s)

2018-11-25 04:39:02 - [TEST_STEP][PASSED] - setText: Text 'E1102069769W' is set on object 'Object Repository/Final Object Repo/Page_Form 3 EIS - Cessation as Employer/Employer Code'

2018-11-25 04:39:03 - [MESSAGE][PASSED] - Text 'E1102069769W' is set on object 'Object Repository/Final Object Repo/Page_Form 3 EIS - Cessation as Employer/Employer Code'

2018-11-25 04:39:03 - [TEST_STEP][PASSED] - click: Object: 'Object Repository/Final Object Repo/Page_Form 3 EIS - Cessation as Employer/Search' is clicked on

2018-11-25 04:39:03 - [MESSAGE][PASSED] - Object: 'Object Repository/Final Object Repo/Page_Form 3 EIS - Cessation as Employer/Search' is clicked on

2018-11-25 04:39:03 - [TEST_STEP][PASSED] - click: Object: 'Object Repository/Final Object Repo/Page_Form 3 EIS - Cessation as Employer/Edit' is clicked on

2018-11-25 04:39:05 - [MESSAGE][PASSED] - Object: 'Object Repository/Final Object Repo/Page_Form 3 EIS - Cessation as Employer/Edit' is clicked on

2018-11-25 04:39:05 - [TEST_STEP][PASSED] - delay: Delayed 1 second(s)

2018-11-25 04:39:06 - [MESSAGE][PASSED] - Delayed 1 second(s)

2018-11-25 04:39:06 - [TEST_STEP][PASSED] - Statement - abc = com.kms.katalon.core.webui.keyword.WebUiBuiltInKeywords.getAttribute(com.kms.katalon.core.testobject.ObjectRepository.findTestObject(Final Object Repo/Page_Form 3 EIS - Cessation as Employer/Employer Status), "value"): Attribute 'value' of object 'Object Repository/Final Object Repo/Page_Form 3 EIS - Cessation as Employer/Employer Status' is: 'Active'

2018-11-25 04:39:06 - [MESSAGE][PASSED] - Attribute 'value' of object 'Object Repository/Final Object Repo/Page_Form 3 EIS - Cessation as Employer/Employer Status' is: 'Active'

2018-11-25 04:39:06 - [TEST_STEP][PASSED] - Statement - out.println(abc): null

2018-11-25 04:39:06 - [TEST_STEP][PASSED] - Statement - If (abc == "Active"): Object: 'Object Repository/Final Object Repo/Page_Form 3 EIS - Cessation as Employer/Dormant EIS' is clicked on

2018-11-25 04:39:06 - [TEST_STEP][PASSED] - click: Object: 'Object Repository/Final Object Repo/Page_Form 3 EIS - Cessation as Employer/Change Employer Status to' is clicked on

2018-11-25 04:39:06 - [MESSAGE][PASSED] - Object: 'Object Repository/Final Object Repo/Page_Form 3 EIS - Cessation as Employer/Change Employer Status to' is clicked on

2018-11-25 04:39:06 - [TEST_STEP][PASSED] - click: Object: 'Object Repository/Final Object Repo/Page_Form 3 EIS - Cessation as Employer/Dormant EIS' is clicked on

2018-11-25 04:39:07 - [MESSAGE][PASSED] - Object: 'Object Repository/Final Object Repo/Page_Form 3 EIS - Cessation as Employer/Dormant EIS' is clicked on

2018-11-25 04:39:07 - [TEST_STEP][PASSED] - click: Object: 'Object Repository/Final Object Repo/Page_Form 3 EIS - Cessation as Employer/Calender' is clicked on

2018-11-25 04:39:07 - [MESSAGE][PASSED] - Object: 'Object Repository/Final Object Repo/Page_Form 3 EIS - Cessation as Employer/Calender' is clicked on

2018-11-25 04:39:07 - [TEST_STEP][PASSED] - delay: Delayed 1 second(s)

2018-11-25 04:39:08 - [MESSAGE][PASSED] - Delayed 1 second(s)

2018-11-25 04:39:08 - [TEST_STEP][PASSED] - click: Object: 'Object Repository/Final Object Repo/Page_Form 3 EIS - Cessation as Employer/Calender - Date' is clicked on

2018-11-25 04:39:08 - [MESSAGE][PASSED] - Object: 'Object Repository/Final Object Repo/Page_Form 3 EIS - Cessation as Employer/Calender - Date' is clicked on

2018-11-25 04:39:08 - [TEST_STEP][PASSED] - click: Object: 'Object Repository/Final Object Repo/Page_Form 3 EIS - Cessation as Employer/Save  Continue in Form 3 EIS Page' is clicked on

2018-11-25 04:39:08 - [MESSAGE][PASSED] - Object: 'Object Repository/Final Object Repo/Page_Form 3 EIS - Cessation as Employer/Save  Continue in Form 3 EIS Page' is clicked on

2018-11-25 04:39:08 - [TEST_STEP][PASSED] - delay: Delayed 1 second(s)

2018-11-25 04:39:09 - [MESSAGE][PASSED] - Delayed 1 second(s)

2018-11-25 04:39:09 - [TEST_STEP][PASSED] - click: Object: 'Object Repository/Final Object Repo/Page_Form 3 EIS - Cessation as Employer/Employment Resign Date' is clicked on

2018-11-25 04:39:10 - [MESSAGE][PASSED] - Object: 'Object Repository/Final Object Repo/Page_Form 3 EIS - Cessation as Employer/Employment Resign Date' is clicked on

2018-11-25 04:39:10 - [TEST_STEP][PASSED] - selectOptionByValue: All options with value '2018' are selected in object 'Object Repository/Final Object Repo/Page_Form 3 EIS - Cessation as Employer/Employment Resign Date - Year' 

2018-11-25 04:39:10 - [MESSAGE][PASSED] - All options with value '2018' are selected in object 'Object Repository/Final Object Repo/Page_Form 3 EIS - Cessation as Employer/Employment Resign Date - Year' 

2018-11-25 04:39:10 - [TEST_STEP][PASSED] - delay: Delayed 2 second(s)

2018-11-25 04:39:12 - [MESSAGE][PASSED] - Delayed 2 second(s)

2018-11-25 04:39:12 - [TEST_STEP][PASSED] - click: Object: 'Object Repository/Final Object Repo/Page_Form 3 EIS - Cessation as Employer/Employment Resign Date - Year - Date' is clicked on

2018-11-25 04:39:12 - [MESSAGE][PASSED] - Object: 'Object Repository/Final Object Repo/Page_Form 3 EIS - Cessation as Employer/Employment Resign Date - Year - Date' is clicked on

2018-11-25 04:39:12 - [TEST_STEP][PASSED] - delay: Delayed 2 second(s)

2018-11-25 04:39:14 - [MESSAGE][PASSED] - Delayed 2 second(s)

2018-11-25 04:39:14 - [TEST_STEP][PASSED] - click: Object: 'Object Repository/Final Object Repo/Page_Form 3 EIS - Cessation as Employer/Save  Continue in Employment Resign Page' is clicked on

2018-11-25 04:39:14 - [MESSAGE][PASSED] - Object: 'Object Repository/Final Object Repo/Page_Form 3 EIS - Cessation as Employer/Save  Continue in Employment Resign Page' is clicked on

2018-11-25 04:39:14 - [TEST_STEP][PASSED] - delay: Delayed 2 second(s)

2018-11-25 04:39:16 - [MESSAGE][PASSED] - Delayed 2 second(s)

2018-11-25 04:39:16 - [TEST_STEP][PASSED] - click: Object: 'Object Repository/Final Object Repo/Page_Form 3 EIS - Cessation as Employer/Add Document' is clicked on

2018-11-25 04:39:17 - [MESSAGE][PASSED] - Object: 'Object Repository/Final Object Repo/Page_Form 3 EIS - Cessation as Employer/Add Document' is clicked on

2018-11-25 04:39:17 - [TEST_STEP][PASSED] - delay: Delayed 3 second(s)

2018-11-25 04:39:20 - [MESSAGE][PASSED] - Delayed 3 second(s)

2018-11-25 04:39:20 - [TEST_STEP][PASSED] - click: Object: 'Object Repository/Final Object Repo/Page_Form 3 EIS - Cessation as Employer/Document Type' is clicked on

2018-11-25 04:39:20 - [MESSAGE][PASSED] - Object: 'Object Repository/Final Object Repo/Page_Form 3 EIS - Cessation as Employer/Document Type' is clicked on

2018-11-25 04:39:20 - [TEST_STEP][PASSED] - click: Object: 'Object Repository/Final Object Repo/Page_Form 3 EIS - Cessation as Employer/Document Type - Form 3' is clicked on

2018-11-25 04:39:21 - [MESSAGE][PASSED] - Object: 'Object Repository/Final Object Repo/Page_Form 3 EIS - Cessation as Employer/Document Type - Form 3' is clicked on

2018-11-25 04:39:21 - [TEST_STEP][PASSED] - delay: Delayed 2 second(s)

2018-11-25 04:39:23 - [MESSAGE][PASSED] - Delayed 2 second(s)

2018-11-25 04:39:23 - [TEST_STEP][PASSED] - sendKeys: Keys 'C:\Users\Public\Pictures\Sample Pictures\Koala.jpg' sent to object: 'Object Repository/Final Object Repo/Page_Form 3 EIS - Cessation as Employer/ploading File'

2018-11-25 04:39:23 - [MESSAGE][PASSED] - Keys 'C:\Users\Public\Pictures\Sample Pictures\Koala.jpg' sent to object: 'Object Repository/Final Object Repo/Page_Form 3 EIS - Cessation as Employer/ploading File'

2018-11-25 04:39:23 - [TEST_STEP][PASSED] - delay: Delayed 1 second(s)

2018-11-25 04:39:24 - [MESSAGE][PASSED] - Delayed 1 second(s)

2018-11-25 04:39:24 - [TEST_STEP][PASSED] - click: Object: 'Object Repository/Final Object Repo/Page_Form 3 EIS - Cessation as Employer/Add Document in Uploading Page' is clicked on

2018-11-25 04:39:24 - [MESSAGE][PASSED] - Object: 'Object Repository/Final Object Repo/Page_Form 3 EIS - Cessation as Employer/Add Document in Uploading Page' is clicked on

2018-11-25 04:39:24 - [TEST_STEP][PASSED] - delay: Delayed 2 second(s)

2018-11-25 04:39:26 - [MESSAGE][PASSED] - Delayed 2 second(s)

2018-11-25 04:39:26 - [TEST_STEP][PASSED] - Statement - CaseReferenceNo = com.kms.katalon.core.webui.keyword.WebUiBuiltInKeywords.getText(com.kms.katalon.core.testobject.ObjectRepository.findTestObject(Final Object Repo/Page_Update Employer Information/Reference Number in Update Employee Information Page)): Text of object 'Object Repository/Final Object Repo/Page_Update Employer Information/Reference Number in Update Employee Information Page' is: 'ERN112018C200002282'

2018-11-25 04:39:28 - [MESSAGE][PASSED] - Text of object 'Object Repository/Final Object Repo/Page_Update Employer Information/Reference Number in Update Employee Information Page' is: 'ERN112018C200002282'

2018-11-25 04:39:28 - [TEST_STEP][PASSED] - callTestCase: Call Test Case 'Test Cases/Final Aug 2018 - PKS Automation/Common/Reference Number Setter' successfully

2018-11-25 04:39:28 - [TEST_CASE][PASSED] - Test Cases/Final Aug 2018 - PKS Automation/Common/Reference Number Setter: Test Cases/Final Aug 2018 - PKS Automation/Common/Reference Number Setter

2018-11-25 04:39:28 - [TEST_STEP][PASSED] - Statement - RefNoOldFile = new java.io.File(C://Users//Admin//Desktop//PKS//Automation Reference Point//KatalonReference.txt): null

2018-11-25 04:39:28 - [TEST_STEP][PASSED] - Statement - RefNoOldFile.delete(): null

2018-11-25 04:39:28 - [TEST_STEP][PASSED] - delay: Delayed 5 second(s)

2018-11-25 04:39:33 - [MESSAGE][PASSED] - Delayed 5 second(s)

2018-11-25 04:39:33 - [TEST_STEP][PASSED] - Statement - RefNo = new java.io.File(C://Users//Admin//Desktop//PKS//Automation Reference Point//KatalonReference.txt): null

2018-11-25 04:39:33 - [TEST_STEP][PASSED] - Statement - f2 = new java.io.FileWriter(RefNo, false): null

2018-11-25 04:39:33 - [TEST_STEP][PASSED] - Statement - f2.write(CaseReferenceNo): null

2018-11-25 04:39:33 - [TEST_STEP][PASSED] - Statement - f2.close(): null

2018-11-25 04:39:33 - [TEST_STEP][PASSED] - Statement - out.println("


" + CaseReferenceNo + "


"): null

2018-11-25 04:39:33 - [MESSAGE][PASSED] - Call Test Case 'Test Cases/Final Aug 2018 - PKS Automation/Common/Reference Number Setter' successfully

2018-11-25 04:39:33 - [TEST_STEP][PASSED] - delay: Delayed 2 second(s)

2018-11-25 04:39:35 - [MESSAGE][PASSED] - Delayed 2 second(s)

2018-11-25 04:39:35 - [TEST_STEP][PASSED] - click: Object: 'Object Repository/Final Object Repo/Page_Form 3 EIS - Cessation as Employer/Save  Continue in Uploading Page' is clicked on

2018-11-25 04:39:35 - [MESSAGE][PASSED] - Object: 'Object Repository/Final Object Repo/Page_Form 3 EIS - Cessation as Employer/Save  Continue in Uploading Page' is clicked on

2018-11-25 04:39:35 - [TEST_STEP][PASSED] - delay: Delayed 2 second(s)

2018-11-25 04:39:37 - [MESSAGE][PASSED] - Delayed 2 second(s)

2018-11-25 04:39:37 - [TEST_STEP][PASSED] - click: Object: 'Object Repository/Final Object Repo/Page_Form 3 EIS - Cessation as Employer/Submit' is clicked on

2018-11-25 04:39:39 - [MESSAGE][PASSED] - Object: 'Object Repository/Final Object Repo/Page_Form 3 EIS - Cessation as Employer/Submit' is clicked on

2018-11-25 04:39:39 - [TEST_STEP][PASSED] - delay: Delayed 2 second(s)

2018-11-25 04:39:41 - [MESSAGE][PASSED] - Delayed 2 second(s)

2018-11-25 04:39:41 - [TEST_STEP][PASSED] - click: Object: 'Object Repository/Final Object Repo/Page_Form 3 EIS - Cessation as Employer/Confirm' is clicked on

2018-11-25 04:39:42 - [MESSAGE][PASSED] - Object: 'Object Repository/Final Object Repo/Page_Form 3 EIS - Cessation as Employer/Confirm' is clicked on

2018-11-25 04:39:42 - [TEST_STEP][PASSED] - delay: Delayed 2 second(s)

2018-11-25 04:39:44 - [MESSAGE][PASSED] - Delayed 2 second(s)

2018-11-25 04:39:44 - [TEST_STEP][PASSED] - click: Object: 'Object Repository/Final Object Repo/Page_Form 3 EIS - Cessation as Employer/Message Your Request will be routed to UO' is clicked on

2018-11-25 04:39:47 - [MESSAGE][PASSED] - Object: 'Object Repository/Final Object Repo/Page_Form 3 EIS - Cessation as Employer/Message Your Request will be routed to UO' is clicked on

2018-11-25 04:39:47 - [TEST_STEP][PASSED] - click: Object: 'Object Repository/Final Object Repo/Page_Form 3 EIS - Cessation as Employer/Letter of acknowledgement' is clicked on

2018-11-25 04:39:48 - [MESSAGE][PASSED] - Object: 'Object Repository/Final Object Repo/Page_Form 3 EIS - Cessation as Employer/Letter of acknowledgement' is clicked on

2018-11-25 04:39:48 - [MESSAGE][PASSED] - Call Test Case 'Test Cases/Final Aug 2018 - PKS Automation/Registration Module/Workflow/Form 3 EIS - Cessation As Employer/Template/Form 3 A - Cessation As Employer (OTC)' successfully

2018-11-25 04:39:48 - [TEST_STEP][FAILED] - callTestCase: Unable to call Test Case with id 'Test Cases/Final Aug 2018 - PKS Automation/Registration Module/Workflow/Form 3 EIS - Cessation As Employer/Template/Form 3 A - Cessation As Employer (Reject)' (Root cause: Call Test Case 'Test Cases/Final Aug 2018 - PKS Automation/Registration Module/Workflow/Form 3 EIS - Cessation As Employer/Template/Form 3 A - Cessation As Employer (Reject)' failed)

2018-11-25 04:39:48 - [TEST_CASE][FAILED] - Test Cases/Final Aug 2018 - PKS Automation/Registration Module/Workflow/Form 3 EIS - Cessation As Employer/Template/Form 3 A - Cessation As Employer (Reject): Test Cases/Final Aug 2018 - PKS Automation/Registration Module/Workflow/Form 3 EIS - Cessation As Employer/Template/Form 3 A - Cessation As Employer (Reject) FAILED because (of) (Stack trace: com.kms.katalon.core.exception.StepFailedException: Unable to click on object 'Object Repository/Final Object Repo/Landing Page/Select to English' (Root cause: com.kms.katalon.core.webui.exception.WebElementNotFoundException: Web element with id: 'Object Repository/Final Object Repo/Landing Page/Select to English' located by 'By.xpath: //a[@class = 'taglib-language-list-text' and @lang = 'en-US' and (contains(text(), 'EN') or contains(., 'EN'))]' not found)
	at com.kms.katalon.core.keyword.internal.KeywordMain.stepFailed(KeywordMain.groovy:32)
	at com.kms.katalon.core.webui.keyword.internal.WebUIKeywordMain.stepFailed(WebUIKeywordMain.groovy:65)
	at com.kms.katalon.core.webui.keyword.internal.WebUIKeywordMain.runKeyword(WebUIKeywordMain.groovy:27)
	at com.kms.katalon.core.webui.keyword.builtin.ClickKeyword.click(ClickKeyword.groovy:86)
	at com.kms.katalon.core.webui.keyword.builtin.ClickKeyword.execute(ClickKeyword.groovy:67)
	at com.kms.katalon.core.keyword.internal.KeywordExecutor.executeKeywordForPlatform(KeywordExecutor.groovy:53)
	at com.kms.katalon.core.webui.keyword.WebUiBuiltInKeywords.click(WebUiBuiltInKeywords.groovy:604)
	at com.kms.katalon.core.webui.keyword.WebUiBuiltInKeywords$click$9.call(Unknown Source)
	at Script1534407542420.run(Script1534407542420.groovy:57)
	at com.kms.katalon.core.main.ScriptEngine.run(ScriptEngine.java:183)
	at com.kms.katalon.core.main.ScriptEngine.runScriptAsRawText(ScriptEngine.java:108)
	at com.kms.katalon.core.main.TestCaseExecutor.runScript(TestCaseExecutor.java:294)
	at com.kms.katalon.core.main.TestCaseExecutor.doExecute(TestCaseExecutor.java:285)
	at com.kms.katalon.core.main.TestCaseExecutor.processExecutionPhase(TestCaseExecutor.java:264)
	at com.kms.katalon.core.main.TestCaseExecutor.accessMainPhase(TestCaseExecutor.java:256)
	at com.kms.katalon.core.main.TestCaseExecutor.execute(TestCaseExecutor.java:200)
	at com.kms.katalon.core.main.TestCaseMain.runTestCase(TestCaseMain.java:99)
	at com.kms.katalon.core.keyword.builtin.CallTestCaseKeyword$_callTestCase_closure1.doCall(CallTestCaseKeyword.groovy:60)
	at com.kms.katalon.core.keyword.builtin.CallTestCaseKeyword$_callTestCase_closure1.call(CallTestCaseKeyword.groovy)
	at com.kms.katalon.core.keyword.internal.KeywordMain.runKeyword(KeywordMain.groovy:54)
	at com.kms.katalon.core.keyword.builtin.CallTestCaseKeyword.callTestCase(CallTestCaseKeyword.groovy:81)
	at com.kms.katalon.core.keyword.builtin.CallTestCaseKeyword.execute(CallTestCaseKeyword.groovy:45)
	at com.kms.katalon.core.keyword.internal.KeywordExecutor.executeKeywordForPlatform(KeywordExecutor.groovy:53)
	at com.kms.katalon.core.keyword.BuiltinKeywords.callTestCase(BuiltinKeywords.groovy:334)
	at sun.reflect.GeneratedMethodAccessor15.invoke(Unknown Source)
	at sun.reflect.DelegatingMethodAccessorImpl.invoke(DelegatingMethodAccessorImpl.java:43)
	at java.lang.reflect.Method.invoke(Method.java:498)
	at org.codehaus.groovy.reflection.CachedMethod.invoke(CachedMethod.java:93)
	at groovy.lang.MetaMethod.doMethodInvoke(MetaMethod.java:325)
	at groovy.lang.MetaClassImpl.invokeStaticMethod(MetaClassImpl.java:1469)
	at org.codehaus.groovy.runtime.callsite.StaticMetaClassSite.call(StaticMetaClassSite.java:53)
	at org.codehaus.groovy.runtime.callsite.CallSiteArray.defaultCall(CallSiteArray.java:48)
	at org.codehaus.groovy.runtime.callsite.AbstractCallSite.call(AbstractCallSite.java:113)
	at org.codehaus.groovy.runtime.callsite.AbstractCallSite.call(AbstractCallSite.java:141)
	at Script1536044453581.run(Script1536044453581.groovy:34)
	at com.kms.katalon.core.main.ScriptEngine.run(ScriptEngine.java:183)
	at com.kms.katalon.core.main.ScriptEngine.runScriptAsRawText(ScriptEngine.java:108)
	at com.kms.katalon.core.main.TestCaseExecutor.runScript(TestCaseExecutor.java:294)
	at com.kms.katalon.core.main.TestCaseExecutor.doExecute(TestCaseExecutor.java:285)
	at com.kms.katalon.core.main.TestCaseExecutor.processExecutionPhase(TestCaseExecutor.java:264)
	at com.kms.katalon.core.main.TestCaseExecutor.accessMainPhase(TestCaseExecutor.java:256)
	at com.kms.katalon.core.main.TestCaseExecutor.execute(TestCaseExecutor.java:200)
	at com.kms.katalon.core.main.TestCaseMain.runTestCase(TestCaseMain.java:99)
	at com.kms.katalon.core.keyword.builtin.CallTestCaseKeyword$_callTestCase_closure1.doCall(CallTestCaseKeyword.groovy:60)
	at com.kms.katalon.core.keyword.builtin.CallTestCaseKeyword$_callTestCase_closure1.call(CallTestCaseKeyword.groovy)
	at com.kms.katalon.core.keyword.internal.KeywordMain.runKeyword(KeywordMain.groovy:54)
	at com.kms.katalon.core.keyword.builtin.CallTestCaseKeyword.callTestCase(CallTestCaseKeyword.groovy:81)
	at com.kms.katalon.core.keyword.builtin.CallTestCaseKeyword.execute(CallTestCaseKeyword.groovy:45)
	at com.kms.katalon.core.keyword.internal.KeywordExecutor.executeKeywordForPlatform(KeywordExecutor.groovy:53)
	at com.kms.katalon.core.keyword.BuiltinKeywords.callTestCase(BuiltinKeywords.groovy:334)
	at sun.reflect.GeneratedMethodAccessor15.invoke(Unknown Source)
	at sun.reflect.DelegatingMethodAccessorImpl.invoke(DelegatingMethodAccessorImpl.java:43)
	at java.lang.reflect.Method.invoke(Method.java:498)
	at org.codehaus.groovy.reflection.CachedMethod.invoke(CachedMethod.java:93)
	at groovy.lang.MetaMethod.doMethodInvoke(MetaMethod.java:325)
	at groovy.lang.MetaClassImpl.invokeStaticMethod(MetaClassImpl.java:1469)
	at org.codehaus.groovy.runtime.callsite.StaticMetaClassSite.call(StaticMetaClassSite.java:53)
	at org.codehaus.groovy.runtime.callsite.CallSiteArray.defaultCall(CallSiteArray.java:48)
	at org.codehaus.groovy.runtime.callsite.AbstractCallSite.call(AbstractCallSite.java:113)
	at org.codehaus.groovy.runtime.callsite.AbstractCallSite.call(AbstractCallSite.java:141)
	at Script1536204204129.run(Script1536204204129.groovy:25)
	at com.kms.katalon.core.main.ScriptEngine.run(ScriptEngine.java:183)
	at com.kms.katalon.core.main.ScriptEngine.runScriptAsRawText(ScriptEngine.java:108)
	at com.kms.katalon.core.main.TestCaseExecutor.runScript(TestCaseExecutor.java:294)
	at com.kms.katalon.core.main.TestCaseExecutor.doExecute(TestCaseExecutor.java:285)
	at com.kms.katalon.core.main.TestCaseExecutor.processExecutionPhase(TestCaseExecutor.java:264)
	at com.kms.katalon.core.main.TestCaseExecutor.accessMainPhase(TestCaseExecutor.java:256)
	at com.kms.katalon.core.main.TestCaseExecutor.execute(TestCaseExecutor.java:200)
	at com.kms.katalon.core.main.TestSuiteExecutor.accessTestCaseMainPhase(TestSuiteExecutor.java:129)
	at com.kms.katalon.core.main.TestSuiteExecutor.accessTestSuiteMainPhase(TestSuiteExecutor.java:112)
	at com.kms.katalon.core.main.TestSuiteExecutor.execute(TestSuiteExecutor.java:81)
	at com.kms.katalon.core.main.TestCaseMain.startTestSuite(TestCaseMain.java:142)
	at com.kms.katalon.core.main.TestCaseMain$startTestSuite$0.call(Unknown Source)
	at org.codehaus.groovy.runtime.callsite.CallSiteArray.defaultCall(CallSiteArray.java:48)
	at org.codehaus.groovy.runtime.callsite.AbstractCallSite.call(AbstractCallSite.java:113)
	at org.codehaus.groovy.runtime.callsite.AbstractCallSite.call(AbstractCallSite.java:141)
	at TempTestSuite1543076525234.run(TempTestSuite1543076525234.groovy:36)
	at groovy.lang.GroovyShell.runScriptOrMainOrTestOrRunnable(GroovyShell.java:263)
	at groovy.lang.GroovyShell.run(GroovyShell.java:518)
	at groovy.lang.GroovyShell.run(GroovyShell.java:507)
	at groovy.ui.GroovyMain.processOnce(GroovyMain.java:653)
	at groovy.ui.GroovyMain.run(GroovyMain.java:384)
	at groovy.ui.GroovyMain.process(GroovyMain.java:370)
	at groovy.ui.GroovyMain.processArgs(GroovyMain.java:129)
	at groovy.ui.GroovyMain.main(GroovyMain.java:109)
	at sun.reflect.NativeMethodAccessorImpl.invoke0(Native Method)
	at sun.reflect.NativeMethodAccessorImpl.invoke(NativeMethodAccessorImpl.java:62)
	at sun.reflect.DelegatingMethodAccessorImpl.invoke(DelegatingMethodAccessorImpl.java:43)
	at java.lang.reflect.Method.invoke(Method.java:498)
	at org.codehaus.groovy.tools.GroovyStarter.rootLoader(GroovyStarter.java:109)
	at org.codehaus.groovy.tools.GroovyStarter.main(GroovyStarter.java:131)
)

2018-11-25 04:39:48 - [TEST_STEP][NOT_RUN] - callTestCase: NOT_RUN: callTestCase

2018-11-25 04:39:48 - [MESSAGE][NOT_RUN] - NOT_RUN: callTestCase

2018-11-25 04:39:48 - [TEST_STEP][PASSED] - delay: Delayed 1 second(s)

2018-11-25 04:39:49 - [MESSAGE][PASSED] - Delayed 1 second(s)

2018-11-25 04:39:49 - [TEST_STEP][PASSED] - navigateToUrl: Navigate to 'https://assist2-uat.perkeso.gov.my/c/portal/logout' successfully

2018-11-25 04:39:50 - [MESSAGE][PASSED] - Navigate to 'https://assist2-uat.perkeso.gov.my/c/portal/logout' successfully

2018-11-25 04:39:50 - [TEST_STEP][PASSED] - delay: Delayed 1 second(s)

2018-11-25 04:39:51 - [MESSAGE][PASSED] - Delayed 1 second(s)

2018-11-25 04:39:51 - [TEST_STEP][PASSED] - callTestCase: Call Test Case 'Test Cases/Final Aug 2018 - PKS Automation/Common/Reference Number Getter' successfully

2018-11-25 04:39:51 - [TEST_CASE][PASSED] - Test Cases/Final Aug 2018 - PKS Automation/Common/Reference Number Getter: Test Cases/Final Aug 2018 - PKS Automation/Common/Reference Number Getter

2018-11-25 04:39:51 - [TEST_STEP][PASSED] - Statement - Try: null

2018-11-25 04:39:51 - [TEST_STEP][PASSED] - Statement - RefNo = new java.io.File(C://Users//Admin//Desktop//PKS//Automation Reference Point//KatalonReference.txt): null

2018-11-25 04:39:51 - [TEST_STEP][PASSED] - Statement - bufferread = new java.io.BufferedReader(new java.io.FileReader(RefNo)): null

2018-11-25 04:39:51 - [TEST_STEP][PASSED] - Statement - readedVal = bufferread.readLine(): null

2018-11-25 04:39:51 - [TEST_STEP][PASSED] - Statement - out.println(CaseReferenceNo): null

2018-11-25 04:39:51 - [TEST_STEP][PASSED] - Statement - out.println(readedVal): null

2018-11-25 04:39:51 - [TEST_STEP][PASSED] - Statement - CaseReferenceNo = "": null

2018-11-25 04:39:51 - [TEST_STEP][PASSED] - Statement - CaseReferenceNo = readedVal: null

2018-11-25 04:39:51 - [MESSAGE][PASSED] - Call Test Case 'Test Cases/Final Aug 2018 - PKS Automation/Common/Reference Number Getter' successfully

2018-11-25 04:39:51 - [TEST_STEP][FAILED] - callTestCase: Unable to call Test Case with id 'Test Cases/Final Aug 2018 - PKS Automation/Common/Workflow Owner Finder' (Root cause: Call Test Case 'Test Cases/Final Aug 2018 - PKS Automation/Common/Workflow Owner Finder' failed)

2018-11-25 04:39:51 - [TEST_CASE][FAILED] - Test Cases/Final Aug 2018 - PKS Automation/Common/Workflow Owner Finder: Test Cases/Final Aug 2018 - PKS Automation/Common/Workflow Owner Finder FAILED because (of) (Stack trace: com.kms.katalon.core.exception.StepFailedException: Unable to click on object 'Object Repository/Final Object Repo/Landing Page/Select to English' (Root cause: com.kms.katalon.core.webui.exception.WebElementNotFoundException: Web element with id: 'Object Repository/Final Object Repo/Landing Page/Select to English' located by 'By.xpath: //a[@class = 'taglib-language-list-text' and @lang = 'en-US' and (contains(text(), 'EN') or contains(., 'EN'))]' not found)
	at com.kms.katalon.core.keyword.internal.KeywordMain.stepFailed(KeywordMain.groovy:32)
	at com.kms.katalon.core.webui.keyword.internal.WebUIKeywordMain.stepFailed(WebUIKeywordMain.groovy:65)
	at com.kms.katalon.core.webui.keyword.internal.WebUIKeywordMain.runKeyword(WebUIKeywordMain.groovy:27)
	at com.kms.katalon.core.webui.keyword.builtin.ClickKeyword.click(ClickKeyword.groovy:86)
	at com.kms.katalon.core.webui.keyword.builtin.ClickKeyword.execute(ClickKeyword.groovy:67)
	at com.kms.katalon.core.keyword.internal.KeywordExecutor.executeKeywordForPlatform(KeywordExecutor.groovy:53)
	at com.kms.katalon.core.webui.keyword.WebUiBuiltInKeywords.click(WebUiBuiltInKeywords.groovy:604)
	at com.kms.katalon.core.webui.keyword.WebUiBuiltInKeywords$click$9.call(Unknown Source)
	at Script1534407542420.run(Script1534407542420.groovy:57)
	at com.kms.katalon.core.main.ScriptEngine.run(ScriptEngine.java:183)
	at com.kms.katalon.core.main.ScriptEngine.runScriptAsRawText(ScriptEngine.java:108)
	at com.kms.katalon.core.main.TestCaseExecutor.runScript(TestCaseExecutor.java:294)
	at com.kms.katalon.core.main.TestCaseExecutor.doExecute(TestCaseExecutor.java:285)
	at com.kms.katalon.core.main.TestCaseExecutor.processExecutionPhase(TestCaseExecutor.java:264)
	at com.kms.katalon.core.main.TestCaseExecutor.accessMainPhase(TestCaseExecutor.java:256)
	at com.kms.katalon.core.main.TestCaseExecutor.execute(TestCaseExecutor.java:200)
	at com.kms.katalon.core.main.TestCaseMain.runTestCase(TestCaseMain.java:99)
	at com.kms.katalon.core.keyword.builtin.CallTestCaseKeyword$_callTestCase_closure1.doCall(CallTestCaseKeyword.groovy:60)
	at com.kms.katalon.core.keyword.builtin.CallTestCaseKeyword$_callTestCase_closure1.call(CallTestCaseKeyword.groovy)
	at com.kms.katalon.core.keyword.internal.KeywordMain.runKeyword(KeywordMain.groovy:54)
	at com.kms.katalon.core.keyword.builtin.CallTestCaseKeyword.callTestCase(CallTestCaseKeyword.groovy:81)
	at com.kms.katalon.core.keyword.builtin.CallTestCaseKeyword.execute(CallTestCaseKeyword.groovy:45)
	at com.kms.katalon.core.keyword.internal.KeywordExecutor.executeKeywordForPlatform(KeywordExecutor.groovy:53)
	at com.kms.katalon.core.keyword.BuiltinKeywords.callTestCase(BuiltinKeywords.groovy:334)
	at sun.reflect.GeneratedMethodAccessor15.invoke(Unknown Source)
	at sun.reflect.DelegatingMethodAccessorImpl.invoke(DelegatingMethodAccessorImpl.java:43)
	at java.lang.reflect.Method.invoke(Method.java:498)
	at org.codehaus.groovy.reflection.CachedMethod.invoke(CachedMethod.java:93)
	at groovy.lang.MetaMethod.doMethodInvoke(MetaMethod.java:325)
	at groovy.lang.MetaClassImpl.invokeStaticMethod(MetaClassImpl.java:1469)
	at org.codehaus.groovy.runtime.callsite.StaticMetaClassSite.call(StaticMetaClassSite.java:53)
	at org.codehaus.groovy.runtime.callsite.CallSiteArray.defaultCall(CallSiteArray.java:48)
	at org.codehaus.groovy.runtime.callsite.AbstractCallSite.call(AbstractCallSite.java:113)
	at org.codehaus.groovy.runtime.callsite.AbstractCallSite.call(AbstractCallSite.java:141)
	at Script1536044453581.run(Script1536044453581.groovy:34)
	at com.kms.katalon.core.main.ScriptEngine.run(ScriptEngine.java:183)
	at com.kms.katalon.core.main.ScriptEngine.runScriptAsRawText(ScriptEngine.java:108)
	at com.kms.katalon.core.main.TestCaseExecutor.runScript(TestCaseExecutor.java:294)
	at com.kms.katalon.core.main.TestCaseExecutor.doExecute(TestCaseExecutor.java:285)
	at com.kms.katalon.core.main.TestCaseExecutor.processExecutionPhase(TestCaseExecutor.java:264)
	at com.kms.katalon.core.main.TestCaseExecutor.accessMainPhase(TestCaseExecutor.java:256)
	at com.kms.katalon.core.main.TestCaseExecutor.execute(TestCaseExecutor.java:200)
	at com.kms.katalon.core.main.TestCaseMain.runTestCase(TestCaseMain.java:99)
	at com.kms.katalon.core.keyword.builtin.CallTestCaseKeyword$_callTestCase_closure1.doCall(CallTestCaseKeyword.groovy:60)
	at com.kms.katalon.core.keyword.builtin.CallTestCaseKeyword$_callTestCase_closure1.call(CallTestCaseKeyword.groovy)
	at com.kms.katalon.core.keyword.internal.KeywordMain.runKeyword(KeywordMain.groovy:54)
	at com.kms.katalon.core.keyword.builtin.CallTestCaseKeyword.callTestCase(CallTestCaseKeyword.groovy:81)
	at com.kms.katalon.core.keyword.builtin.CallTestCaseKeyword.execute(CallTestCaseKeyword.groovy:45)
	at com.kms.katalon.core.keyword.internal.KeywordExecutor.executeKeywordForPlatform(KeywordExecutor.groovy:53)
	at com.kms.katalon.core.keyword.BuiltinKeywords.callTestCase(BuiltinKeywords.groovy:334)
	at sun.reflect.GeneratedMethodAccessor15.invoke(Unknown Source)
	at sun.reflect.DelegatingMethodAccessorImpl.invoke(DelegatingMethodAccessorImpl.java:43)
	at java.lang.reflect.Method.invoke(Method.java:498)
	at org.codehaus.groovy.reflection.CachedMethod.invoke(CachedMethod.java:93)
	at groovy.lang.MetaMethod.doMethodInvoke(MetaMethod.java:325)
	at groovy.lang.MetaClassImpl.invokeStaticMethod(MetaClassImpl.java:1469)
	at org.codehaus.groovy.runtime.callsite.StaticMetaClassSite.call(StaticMetaClassSite.java:53)
	at org.codehaus.groovy.runtime.callsite.CallSiteArray.defaultCall(CallSiteArray.java:48)
	at org.codehaus.groovy.runtime.callsite.AbstractCallSite.call(AbstractCallSite.java:113)
	at org.codehaus.groovy.runtime.callsite.AbstractCallSite.call(AbstractCallSite.java:141)
	at Script1536204204129.run(Script1536204204129.groovy:25)
	at com.kms.katalon.core.main.ScriptEngine.run(ScriptEngine.java:183)
	at com.kms.katalon.core.main.ScriptEngine.runScriptAsRawText(ScriptEngine.java:108)
	at com.kms.katalon.core.main.TestCaseExecutor.runScript(TestCaseExecutor.java:294)
	at com.kms.katalon.core.main.TestCaseExecutor.doExecute(TestCaseExecutor.java:285)
	at com.kms.katalon.core.main.TestCaseExecutor.processExecutionPhase(TestCaseExecutor.java:264)
	at com.kms.katalon.core.main.TestCaseExecutor.accessMainPhase(TestCaseExecutor.java:256)
	at com.kms.katalon.core.main.TestCaseExecutor.execute(TestCaseExecutor.java:200)
	at com.kms.katalon.core.main.TestSuiteExecutor.accessTestCaseMainPhase(TestSuiteExecutor.java:129)
	at com.kms.katalon.core.main.TestSuiteExecutor.accessTestSuiteMainPhase(TestSuiteExecutor.java:112)
	at com.kms.katalon.core.main.TestSuiteExecutor.execute(TestSuiteExecutor.java:81)
	at com.kms.katalon.core.main.TestCaseMain.startTestSuite(TestCaseMain.java:142)
	at com.kms.katalon.core.main.TestCaseMain$startTestSuite$0.call(Unknown Source)
	at org.codehaus.groovy.runtime.callsite.CallSiteArray.defaultCall(CallSiteArray.java:48)
	at org.codehaus.groovy.runtime.callsite.AbstractCallSite.call(AbstractCallSite.java:113)
	at org.codehaus.groovy.runtime.callsite.AbstractCallSite.call(AbstractCallSite.java:141)
	at TempTestSuite1543076525234.run(TempTestSuite1543076525234.groovy:36)
	at groovy.lang.GroovyShell.runScriptOrMainOrTestOrRunnable(GroovyShell.java:263)
	at groovy.lang.GroovyShell.run(GroovyShell.java:518)
	at groovy.lang.GroovyShell.run(GroovyShell.java:507)
	at groovy.ui.GroovyMain.processOnce(GroovyMain.java:653)
	at groovy.ui.GroovyMain.run(GroovyMain.java:384)
	at groovy.ui.GroovyMain.process(GroovyMain.java:370)
	at groovy.ui.GroovyMain.processArgs(GroovyMain.java:129)
	at groovy.ui.GroovyMain.main(GroovyMain.java:109)
	at sun.reflect.NativeMethodAccessorImpl.invoke0(Native Method)
	at sun.reflect.NativeMethodAccessorImpl.invoke(NativeMethodAccessorImpl.java:62)
	at sun.reflect.DelegatingMethodAccessorImpl.invoke(DelegatingMethodAccessorImpl.java:43)
	at java.lang.reflect.Method.invoke(Method.java:498)
	at org.codehaus.groovy.tools.GroovyStarter.rootLoader(GroovyStarter.java:109)
	at org.codehaus.groovy.tools.GroovyStarter.main(GroovyStarter.java:131)
)

2018-11-25 04:39:51 - [TEST_STEP][PASSED] - openBrowser: Browser is opened with url: ''

2018-11-25 04:39:51 - [MESSAGE][WARNING] - A browser is already opened. Closing browser and opening a new one

2018-11-25 04:39:55 - [MESSAGE][PASSED] - Browser is opened with url: ''

2018-11-25 04:39:55 - [TEST_STEP][PASSED] - navigateToUrl: Navigate to 'https://assist2-uat.perkeso.gov.my/login' successfully

2018-11-25 04:39:56 - [MESSAGE][PASSED] - Navigate to 'https://assist2-uat.perkeso.gov.my/login' successfully

2018-11-25 04:39:56 - [TEST_STEP][PASSED] - delay: Delayed 5 second(s)

2018-11-25 04:40:01 - [MESSAGE][PASSED] - Delayed 5 second(s)

2018-11-25 04:40:01 - [TEST_STEP][PASSED] - setText: Text 'test@liferay.com' is set on object 'Object Repository/Final Object Repo/Login Page/Internal User/Email Address'

2018-11-25 04:40:01 - [MESSAGE][PASSED] - Text 'test@liferay.com' is set on object 'Object Repository/Final Object Repo/Login Page/Internal User/Email Address'

2018-11-25 04:40:01 - [TEST_STEP][PASSED] - click: Object: 'Object Repository/Final Object Repo/Login Page/Internal User/Next Button' is clicked on

2018-11-25 04:40:01 - [MESSAGE][PASSED] - Object: 'Object Repository/Final Object Repo/Login Page/Internal User/Next Button' is clicked on

2018-11-25 04:40:01 - [TEST_STEP][PASSED] - delay: Delayed 2 second(s)

2018-11-25 04:40:03 - [MESSAGE][PASSED] - Delayed 2 second(s)

2018-11-25 04:40:03 - [TEST_STEP][PASSED] - setText: Text 'test' is set on object 'Object Repository/Final Object Repo/Login Page/Internal User/Password'

2018-11-25 04:40:04 - [MESSAGE][PASSED] - Text 'test' is set on object 'Object Repository/Final Object Repo/Login Page/Internal User/Password'

2018-11-25 04:40:04 - [TEST_STEP][PASSED] - delay: Delayed 2 second(s)

2018-11-25 04:40:06 - [MESSAGE][PASSED] - Delayed 2 second(s)

2018-11-25 04:40:06 - [TEST_STEP][PASSED] - click: Object: 'Object Repository/Final Object Repo/Login Page/Internal User/Login Button' is clicked on

2018-11-25 04:40:06 - [MESSAGE][PASSED] - Object: 'Object Repository/Final Object Repo/Login Page/Internal User/Login Button' is clicked on

2018-11-25 04:40:06 - [TEST_STEP][FAILED] - Statement - Try: Delayed 2 second(s)

2018-11-25 04:40:06 - [TEST_STEP][PASSED] - Statement - Checker = false: null

2018-11-25 04:40:06 - [TEST_STEP][PASSED] - Statement - Checker = com.kms.katalon.core.webui.keyword.WebUiBuiltInKeywords.verifyElementHasAttribute(com.kms.katalon.core.testobject.ObjectRepository.findTestObject(Final Object Repo/Landing Page/BM Detecting), "href", 20, OPTIONAL): Unable to verify if object 'Object Repository/Final Object Repo/Landing Page/BM Detecting' has attribute 'href' (Root cause: org.openqa.selenium.StaleElementReferenceException: stale element reference: element is not attached to the page document
  (Session info: chrome=70.0.3538.102)
  (Driver info: chromedriver=2.43.600210 (68dcf5eebde37173d4027fa8635e332711d2874a),platform=Windows NT 6.1.7601 SP1 x86_64) (WARNING: The server did not provide any stacktrace information)
Command duration or timeout: 0 milliseconds
For documentation on this error, please visit: http://seleniumhq.org/exceptions/stale_element_reference.html
Build info: version: '3.7.1', revision: '8a0099a', time: '2017-11-06T21:07:36.161Z'
System info: host: 'WIN7TEST02', ip: '10.20.3.72', os.name: 'Windows 7', os.arch: 'amd64', os.version: '6.1', java.version: '1.8.0_181'
Driver info: com.kms.katalon.selenium.driver.CChromeDriver
Capabilities {acceptInsecureCerts: false, acceptSslCerts: false, applicationCacheEnabled: false, browserConnectionEnabled: false, browserName: chrome, chrome: {chromedriverVersion: 2.43.600210 (68dcf5eebde371..., userDataDir: C:\Users\Admin\AppData\Loca...}, cssSelectorsEnabled: true, databaseEnabled: false, goog:chromeOptions: {debuggerAddress: localhost:53480}, handlesAlerts: true, hasTouchScreen: false, javascriptEnabled: true, locationContextEnabled: true, mobileEmulationEnabled: false, nativeEvents: true, networkConnectionEnabled: false, pageLoadStrategy: normal, platform: XP, platformName: XP, rotatable: false, setWindowRect: true, takesHeapSnapshot: true, takesScreenshot: true, unexpectedAlertBehaviour: , unhandledPromptBehavior: , version: 70.0.3538.102, webStorageEnabled: true}
Session ID: 893f639d84e2a6bb246e1a38fd38f02e)

2018-11-25 04:40:08 - [MESSAGE][WARNING] - Unable to verify if object 'Object Repository/Final Object Repo/Landing Page/BM Detecting' has attribute 'href' (Root cause: org.openqa.selenium.StaleElementReferenceException: stale element reference: element is not attached to the page document
  (Session info: chrome=70.0.3538.102)
  (Driver info: chromedriver=2.43.600210 (68dcf5eebde37173d4027fa8635e332711d2874a),platform=Windows NT 6.1.7601 SP1 x86_64) (WARNING: The server did not provide any stacktrace information)
Command duration or timeout: 0 milliseconds
For documentation on this error, please visit: http://seleniumhq.org/exceptions/stale_element_reference.html
Build info: version: '3.7.1', revision: '8a0099a', time: '2017-11-06T21:07:36.161Z'
System info: host: 'WIN7TEST02', ip: '10.20.3.72', os.name: 'Windows 7', os.arch: 'amd64', os.version: '6.1', java.version: '1.8.0_181'
Driver info: com.kms.katalon.selenium.driver.CChromeDriver
Capabilities {acceptInsecureCerts: false, acceptSslCerts: false, applicationCacheEnabled: false, browserConnectionEnabled: false, browserName: chrome, chrome: {chromedriverVersion: 2.43.600210 (68dcf5eebde371..., userDataDir: C:\Users\Admin\AppData\Loca...}, cssSelectorsEnabled: true, databaseEnabled: false, goog:chromeOptions: {debuggerAddress: localhost:53480}, handlesAlerts: true, hasTouchScreen: false, javascriptEnabled: true, locationContextEnabled: true, mobileEmulationEnabled: false, nativeEvents: true, networkConnectionEnabled: false, pageLoadStrategy: normal, platform: XP, platformName: XP, rotatable: false, setWindowRect: true, takesHeapSnapshot: true, takesScreenshot: true, unexpectedAlertBehaviour: , unhandledPromptBehavior: , version: 70.0.3538.102, webStorageEnabled: true}
Session ID: 893f639d84e2a6bb246e1a38fd38f02e)
[[ATTACHMENT|C:\\Users\\Admin\\Desktop\\PKS\\Perkeso Phase A\\Reports\\Workflow\\Form 3 EIS - Cessation as Employer\\20181125_002205\\1543092007828.png]]

2018-11-25 04:40:08 - [TEST_STEP][PASSED] - Statement - out.println(Checker): null

2018-11-25 04:40:08 - [TEST_STEP][FAILED] - Statement - If (Checker == false): Unable to click on object 'Object Repository/Final Object Repo/Landing Page/Select to English' (Root cause: com.kms.katalon.core.webui.exception.WebElementNotFoundException: Web element with id: 'Object Repository/Final Object Repo/Landing Page/Select to English' located by 'By.xpath: //a[@class = 'taglib-language-list-text' and @lang = 'en-US' and (contains(text(), 'EN') or contains(., 'EN'))]' not found)

2018-11-25 04:40:08 - [TEST_STEP][FAILED] - click: Unable to click on object 'Object Repository/Final Object Repo/Landing Page/Select to English' (Root cause: com.kms.katalon.core.webui.exception.WebElementNotFoundException: Web element with id: 'Object Repository/Final Object Repo/Landing Page/Select to English' located by 'By.xpath: //a[@class = 'taglib-language-list-text' and @lang = 'en-US' and (contains(text(), 'EN') or contains(., 'EN'))]' not found)

2018-11-25 04:40:45 - [MESSAGE][FAILED] - Unable to click on object 'Object Repository/Final Object Repo/Landing Page/Select to English' (Root cause: com.kms.katalon.core.webui.exception.WebElementNotFoundException: Web element with id: 'Object Repository/Final Object Repo/Landing Page/Select to English' located by 'By.xpath: //a[@class = 'taglib-language-list-text' and @lang = 'en-US' and (contains(text(), 'EN') or contains(., 'EN'))]' not found)
[[ATTACHMENT|C:\\Users\\Admin\\Desktop\\PKS\\Perkeso Phase A\\Reports\\Workflow\\Form 3 EIS - Cessation as Employer\\20181125_002205\\1543092045305.png]]

2018-11-25 04:40:45 - [TEST_STEP][PASSED] - delay: Delayed 2 second(s)

2018-11-25 04:40:47 - [MESSAGE][PASSED] - Delayed 2 second(s)

2018-11-25 04:40:47 - [TEST_STEP][PASSED] - delay: Delayed 3 second(s)

2018-11-25 04:40:50 - [MESSAGE][PASSED] - Delayed 3 second(s)

2018-11-25 04:40:50 - [TEST_STEP][PASSED] - mouseOver: Object: 'Object Repository/Final Object Repo/Landing Page/WorkFlow Menu' is hovered

2018-11-25 04:40:50 - [MESSAGE][PASSED] - Object: 'Object Repository/Final Object Repo/Landing Page/WorkFlow Menu' is hovered

2018-11-25 04:40:50 - [TEST_STEP][PASSED] - delay: Delayed 2 second(s)

2018-11-25 04:40:52 - [MESSAGE][PASSED] - Delayed 2 second(s)

2018-11-25 04:40:52 - [TEST_STEP][FAILED] - click: Unable to click on object 'Object Repository/Final Object Repo/Landing Page/Select to Workflow Listing' (Root cause: org.openqa.selenium.ElementNotVisibleException: element not interactable
  (Session info: chrome=70.0.3538.102)
  (Driver info: chromedriver=2.43.600210 (68dcf5eebde37173d4027fa8635e332711d2874a),platform=Windows NT 6.1.7601 SP1 x86_64) (WARNING: The server did not provide any stacktrace information)
Command duration or timeout: 0 milliseconds
Build info: version: '3.7.1', revision: '8a0099a', time: '2017-11-06T21:07:36.161Z'
System info: host: 'WIN7TEST02', ip: '10.20.3.72', os.name: 'Windows 7', os.arch: 'amd64', os.version: '6.1', java.version: '1.8.0_181'
Driver info: com.kms.katalon.selenium.driver.CChromeDriver
Capabilities {acceptInsecureCerts: false, acceptSslCerts: false, applicationCacheEnabled: false, browserConnectionEnabled: false, browserName: chrome, chrome: {chromedriverVersion: 2.43.600210 (68dcf5eebde371..., userDataDir: C:\Users\Admin\AppData\Loca...}, cssSelectorsEnabled: true, databaseEnabled: false, goog:chromeOptions: {debuggerAddress: localhost:53480}, handlesAlerts: true, hasTouchScreen: false, javascriptEnabled: true, locationContextEnabled: true, mobileEmulationEnabled: false, nativeEvents: true, networkConnectionEnabled: false, pageLoadStrategy: normal, platform: XP, platformName: XP, rotatable: false, setWindowRect: true, takesHeapSnapshot: true, takesScreenshot: true, unexpectedAlertBehaviour: , unhandledPromptBehavior: , version: 70.0.3538.102, webStorageEnabled: true}
Session ID: 893f639d84e2a6bb246e1a38fd38f02e)

2018-11-25 04:40:53 - [MESSAGE][FAILED] - Unable to click on object 'Object Repository/Final Object Repo/Landing Page/Select to Workflow Listing' (Root cause: org.openqa.selenium.ElementNotVisibleException: element not interactable
  (Session info: chrome=70.0.3538.102)
  (Driver info: chromedriver=2.43.600210 (68dcf5eebde37173d4027fa8635e332711d2874a),platform=Windows NT 6.1.7601 SP1 x86_64) (WARNING: The server did not provide any stacktrace information)
Command duration or timeout: 0 milliseconds
Build info: version: '3.7.1', revision: '8a0099a', time: '2017-11-06T21:07:36.161Z'
System info: host: 'WIN7TEST02', ip: '10.20.3.72', os.name: 'Windows 7', os.arch: 'amd64', os.version: '6.1', java.version: '1.8.0_181'
Driver info: com.kms.katalon.selenium.driver.CChromeDriver
Capabilities {acceptInsecureCerts: false, acceptSslCerts: false, applicationCacheEnabled: false, browserConnectionEnabled: false, browserName: chrome, chrome: {chromedriverVersion: 2.43.600210 (68dcf5eebde371..., userDataDir: C:\Users\Admin\AppData\Loca...}, cssSelectorsEnabled: true, databaseEnabled: false, goog:chromeOptions: {debuggerAddress: localhost:53480}, handlesAlerts: true, hasTouchScreen: false, javascriptEnabled: true, locationContextEnabled: true, mobileEmulationEnabled: false, nativeEvents: true, networkConnectionEnabled: false, pageLoadStrategy: normal, platform: XP, platformName: XP, rotatable: false, setWindowRect: true, takesHeapSnapshot: true, takesScreenshot: true, unexpectedAlertBehaviour: , unhandledPromptBehavior: , version: 70.0.3538.102, webStorageEnabled: true}
Session ID: 893f639d84e2a6bb246e1a38fd38f02e)
[[ATTACHMENT|C:\\Users\\Admin\\Desktop\\PKS\\Perkeso Phase A\\Reports\\Workflow\\Form 3 EIS - Cessation as Employer\\20181125_002205\\1543092052811.png]]

2018-11-25 04:40:53 - [TEST_STEP][PASSED] - delay: Delayed 2 second(s)

2018-11-25 04:40:55 - [MESSAGE][PASSED] - Delayed 2 second(s)

2018-11-25 04:40:55 - [TEST_STEP][FAILED] - click: Unable to click on object 'Object Repository/Final Object Repo/WorkFlow Listing Page/Search Information - To Put Ref No' (Root cause: com.kms.katalon.core.webui.exception.WebElementNotFoundException: Web element with id: 'Object Repository/Final Object Repo/WorkFlow Listing Page/Search Information - To Put Ref No' located by 'By.xpath: //h2[@data-target = '#_workflowlisting_WAR_baseportlet_searchDiv' and (text() = 'Search Information' or . = 'Search Information')]' not found)

2018-11-25 04:41:26 - [MESSAGE][FAILED] - Unable to click on object 'Object Repository/Final Object Repo/WorkFlow Listing Page/Search Information - To Put Ref No' (Root cause: com.kms.katalon.core.webui.exception.WebElementNotFoundException: Web element with id: 'Object Repository/Final Object Repo/WorkFlow Listing Page/Search Information - To Put Ref No' located by 'By.xpath: //h2[@data-target = '#_workflowlisting_WAR_baseportlet_searchDiv' and (text() = 'Search Information' or . = 'Search Information')]' not found)
[[ATTACHMENT|C:\\Users\\Admin\\Desktop\\PKS\\Perkeso Phase A\\Reports\\Workflow\\Form 3 EIS - Cessation as Employer\\20181125_002205\\1543092086399.png]]

2018-11-25 04:41:26 - [TEST_STEP][PASSED] - delay: Delayed 2 second(s)

2018-11-25 04:41:28 - [MESSAGE][PASSED] - Delayed 2 second(s)

2018-11-25 04:41:28 - [TEST_STEP][PASSED] - callTestCase: Call Test Case 'Test Cases/Final Aug 2018 - PKS Automation/Common/Reference Number Getter' successfully

2018-11-25 04:41:28 - [TEST_CASE][PASSED] - Test Cases/Final Aug 2018 - PKS Automation/Common/Reference Number Getter: Test Cases/Final Aug 2018 - PKS Automation/Common/Reference Number Getter

2018-11-25 04:41:28 - [TEST_STEP][PASSED] - Statement - Try: null

2018-11-25 04:41:28 - [TEST_STEP][PASSED] - Statement - RefNo = new java.io.File(C://Users//Admin//Desktop//PKS//Automation Reference Point//KatalonReference.txt): null

2018-11-25 04:41:28 - [TEST_STEP][PASSED] - Statement - bufferread = new java.io.BufferedReader(new java.io.FileReader(RefNo)): null

2018-11-25 04:41:28 - [TEST_STEP][PASSED] - Statement - readedVal = bufferread.readLine(): null

2018-11-25 04:41:28 - [TEST_STEP][PASSED] - Statement - out.println(CaseReferenceNo): null

2018-11-25 04:41:28 - [TEST_STEP][PASSED] - Statement - out.println(readedVal): null

2018-11-25 04:41:28 - [TEST_STEP][PASSED] - Statement - CaseReferenceNo = "": null

2018-11-25 04:41:28 - [TEST_STEP][PASSED] - Statement - CaseReferenceNo = readedVal: null

2018-11-25 04:41:28 - [MESSAGE][PASSED] - Call Test Case 'Test Cases/Final Aug 2018 - PKS Automation/Common/Reference Number Getter' successfully

2018-11-25 04:41:28 - [TEST_STEP][FAILED] - setText: Unable to set text 'ERN112018C200002282' of object 'Object Repository/Final Object Repo/WorkFlow Listing Page/Ref No Set Text' (Root cause: com.kms.katalon.core.webui.exception.WebElementNotFoundException: Web element with id: 'Object Repository/Final Object Repo/WorkFlow Listing Page/Ref No Set Text' located by 'By.xpath: //input[@id = '_workflowlisting_WAR_baseportlet_dto.trxReferenceNum' and @name = '_workflowlisting_WAR_baseportlet_dto.trxReferenceNum' and @type = 'text']' not found)

2018-11-25 04:42:00 - [MESSAGE][FAILED] - Unable to set text 'ERN112018C200002282' of object 'Object Repository/Final Object Repo/WorkFlow Listing Page/Ref No Set Text' (Root cause: com.kms.katalon.core.webui.exception.WebElementNotFoundException: Web element with id: 'Object Repository/Final Object Repo/WorkFlow Listing Page/Ref No Set Text' located by 'By.xpath: //input[@id = '_workflowlisting_WAR_baseportlet_dto.trxReferenceNum' and @name = '_workflowlisting_WAR_baseportlet_dto.trxReferenceNum' and @type = 'text']' not found)
[[ATTACHMENT|C:\\Users\\Admin\\Desktop\\PKS\\Perkeso Phase A\\Reports\\Workflow\\Form 3 EIS - Cessation as Employer\\20181125_002205\\1543092120460.png]]

2018-11-25 04:42:00 - [TEST_STEP][PASSED] - delay: Delayed 2 second(s)

2018-11-25 04:42:02 - [MESSAGE][PASSED] - Delayed 2 second(s)

2018-11-25 04:42:02 - [TEST_STEP][FAILED] - click: Unable to click on object 'Object Repository/Final Object Repo/WorkFlow Listing Page/Search Ref No Search Button' (Root cause: org.openqa.selenium.ElementNotVisibleException: element not interactable
  (Session info: chrome=70.0.3538.102)
  (Driver info: chromedriver=2.43.600210 (68dcf5eebde37173d4027fa8635e332711d2874a),platform=Windows NT 6.1.7601 SP1 x86_64) (WARNING: The server did not provide any stacktrace information)
Command duration or timeout: 0 milliseconds
Build info: version: '3.7.1', revision: '8a0099a', time: '2017-11-06T21:07:36.161Z'
System info: host: 'WIN7TEST02', ip: '10.20.3.72', os.name: 'Windows 7', os.arch: 'amd64', os.version: '6.1', java.version: '1.8.0_181'
Driver info: com.kms.katalon.selenium.driver.CChromeDriver
Capabilities {acceptInsecureCerts: false, acceptSslCerts: false, applicationCacheEnabled: false, browserConnectionEnabled: false, browserName: chrome, chrome: {chromedriverVersion: 2.43.600210 (68dcf5eebde371..., userDataDir: C:\Users\Admin\AppData\Loca...}, cssSelectorsEnabled: true, databaseEnabled: false, goog:chromeOptions: {debuggerAddress: localhost:53480}, handlesAlerts: true, hasTouchScreen: false, javascriptEnabled: true, locationContextEnabled: true, mobileEmulationEnabled: false, nativeEvents: true, networkConnectionEnabled: false, pageLoadStrategy: normal, platform: XP, platformName: XP, rotatable: false, setWindowRect: true, takesHeapSnapshot: true, takesScreenshot: true, unexpectedAlertBehaviour: , unhandledPromptBehavior: , version: 70.0.3538.102, webStorageEnabled: true}
Session ID: 893f639d84e2a6bb246e1a38fd38f02e)

2018-11-25 04:42:03 - [MESSAGE][FAILED] - Unable to click on object 'Object Repository/Final Object Repo/WorkFlow Listing Page/Search Ref No Search Button' (Root cause: org.openqa.selenium.ElementNotVisibleException: element not interactable
  (Session info: chrome=70.0.3538.102)
  (Driver info: chromedriver=2.43.600210 (68dcf5eebde37173d4027fa8635e332711d2874a),platform=Windows NT 6.1.7601 SP1 x86_64) (WARNING: The server did not provide any stacktrace information)
Command duration or timeout: 0 milliseconds
Build info: version: '3.7.1', revision: '8a0099a', time: '2017-11-06T21:07:36.161Z'
System info: host: 'WIN7TEST02', ip: '10.20.3.72', os.name: 'Windows 7', os.arch: 'amd64', os.version: '6.1', java.version: '1.8.0_181'
Driver info: com.kms.katalon.selenium.driver.CChromeDriver
Capabilities {acceptInsecureCerts: false, acceptSslCerts: false, applicationCacheEnabled: false, browserConnectionEnabled: false, browserName: chrome, chrome: {chromedriverVersion: 2.43.600210 (68dcf5eebde371..., userDataDir: C:\Users\Admin\AppData\Loca...}, cssSelectorsEnabled: true, databaseEnabled: false, goog:chromeOptions: {debuggerAddress: localhost:53480}, handlesAlerts: true, hasTouchScreen: false, javascriptEnabled: true, locationContextEnabled: true, mobileEmulationEnabled: false, nativeEvents: true, networkConnectionEnabled: false, pageLoadStrategy: normal, platform: XP, platformName: XP, rotatable: false, setWindowRect: true, takesHeapSnapshot: true, takesScreenshot: true, unexpectedAlertBehaviour: , unhandledPromptBehavior: , version: 70.0.3538.102, webStorageEnabled: true}
Session ID: 893f639d84e2a6bb246e1a38fd38f02e)
[[ATTACHMENT|C:\\Users\\Admin\\Desktop\\PKS\\Perkeso Phase A\\Reports\\Workflow\\Form 3 EIS - Cessation as Employer\\20181125_002205\\1543092122887.png]]

2018-11-25 04:42:03 - [TEST_STEP][PASSED] - delay: Delayed 4 second(s)

2018-11-25 04:42:07 - [MESSAGE][PASSED] - Delayed 4 second(s)

2018-11-25 04:42:07 - [TEST_STEP][PASSED] - click: Object: 'Object Repository/Final Object Repo/WorkFlow Listing Page/Click Continue Tooltip' is clicked on

2018-11-25 04:42:08 - [MESSAGE][PASSED] - Object: 'Object Repository/Final Object Repo/WorkFlow Listing Page/Click Continue Tooltip' is clicked on

2018-11-25 04:42:08 - [TEST_STEP][PASSED] - delay: Delayed 5 second(s)

2018-11-25 04:42:13 - [MESSAGE][PASSED] - Delayed 5 second(s)

2018-11-25 04:42:13 - [TEST_STEP][FAILED] - doubleClick: Unable to double click on object 'Object Repository/Final Object Repo/WorkFlow Listing Page/Workflow Found - Listing 1' (Root cause: com.kms.katalon.core.webui.exception.WebElementNotFoundException: Web element with id: 'Object Repository/Final Object Repo/WorkFlow Listing Page/Workflow Found - Listing 1' located by 'By.xpath: //body/div/div/div/div/div/div/div/div/div/div/div/div/div/div/div/div/table/tbody/tr/td[@class='table-cell  first']/following-sibling::td[1]' not found)

2018-11-25 04:42:44 - [MESSAGE][FAILED] - Unable to double click on object 'Object Repository/Final Object Repo/WorkFlow Listing Page/Workflow Found - Listing 1' (Root cause: com.kms.katalon.core.webui.exception.WebElementNotFoundException: Web element with id: 'Object Repository/Final Object Repo/WorkFlow Listing Page/Workflow Found - Listing 1' located by 'By.xpath: //body/div/div/div/div/div/div/div/div/div/div/div/div/div/div/div/div/table/tbody/tr/td[@class='table-cell  first']/following-sibling::td[1]' not found)
[[ATTACHMENT|C:\\Users\\Admin\\Desktop\\PKS\\Perkeso Phase A\\Reports\\Workflow\\Form 3 EIS - Cessation as Employer\\20181125_002205\\1543092164607.png]]

2018-11-25 04:42:44 - [MESSAGE][FAILED] - Unable to call Test Case with id 'Test Cases/Final Aug 2018 - PKS Automation/Common/Workflow Owner Finder' (Root cause: Call Test Case 'Test Cases/Final Aug 2018 - PKS Automation/Common/Workflow Owner Finder' failed)

2018-11-25 04:42:44 - [MESSAGE][FAILED] - Unable to call Test Case with id 'Test Cases/Final Aug 2018 - PKS Automation/Registration Module/Workflow/Form 3 EIS - Cessation As Employer/Template/Form 3 A - Cessation As Employer (Reject)' (Root cause: Call Test Case 'Test Cases/Final Aug 2018 - PKS Automation/Registration Module/Workflow/Form 3 EIS - Cessation As Employer/Template/Form 3 A - Cessation As Employer (Reject)' failed)]]></system-out>
         <system-err><![CDATA[2018-11-25 04:38:50 - [TEST_CASE][FAILED] - Test Cases/Final Aug 2018 - PKS Automation/Registration Module/Workflow/Form 3 EIS - Cessation As Employer/OTC to UO (Reject): Test Cases/Final Aug 2018 - PKS Automation/Registration Module/Workflow/Form 3 EIS - Cessation As Employer/OTC to UO (Reject) FAILED because (of) (Stack trace: com.kms.katalon.core.exception.StepFailedException: Unable to click on object 'Object Repository/Final Object Repo/Landing Page/Select to English' (Root cause: com.kms.katalon.core.webui.exception.WebElementNotFoundException: Web element with id: 'Object Repository/Final Object Repo/Landing Page/Select to English' located by 'By.xpath: //a[@class = 'taglib-language-list-text' and @lang = 'en-US' and (contains(text(), 'EN') or contains(., 'EN'))]' not found)
	at com.kms.katalon.core.keyword.internal.KeywordMain.stepFailed(KeywordMain.groovy:32)
	at com.kms.katalon.core.webui.keyword.internal.WebUIKeywordMain.stepFailed(WebUIKeywordMain.groovy:65)
	at com.kms.katalon.core.webui.keyword.internal.WebUIKeywordMain.runKeyword(WebUIKeywordMain.groovy:27)
	at com.kms.katalon.core.webui.keyword.builtin.ClickKeyword.click(ClickKeyword.groovy:86)
	at com.kms.katalon.core.webui.keyword.builtin.ClickKeyword.execute(ClickKeyword.groovy:67)
	at com.kms.katalon.core.keyword.internal.KeywordExecutor.executeKeywordForPlatform(KeywordExecutor.groovy:53)
	at com.kms.katalon.core.webui.keyword.WebUiBuiltInKeywords.click(WebUiBuiltInKeywords.groovy:604)
	at com.kms.katalon.core.webui.keyword.WebUiBuiltInKeywords$click$9.call(Unknown Source)
	at Script1534407542420.run(Script1534407542420.groovy:57)
	at com.kms.katalon.core.main.ScriptEngine.run(ScriptEngine.java:183)
	at com.kms.katalon.core.main.ScriptEngine.runScriptAsRawText(ScriptEngine.java:108)
	at com.kms.katalon.core.main.TestCaseExecutor.runScript(TestCaseExecutor.java:294)
	at com.kms.katalon.core.main.TestCaseExecutor.doExecute(TestCaseExecutor.java:285)
	at com.kms.katalon.core.main.TestCaseExecutor.processExecutionPhase(TestCaseExecutor.java:264)
	at com.kms.katalon.core.main.TestCaseExecutor.accessMainPhase(TestCaseExecutor.java:256)
	at com.kms.katalon.core.main.TestCaseExecutor.execute(TestCaseExecutor.java:200)
	at com.kms.katalon.core.main.TestCaseMain.runTestCase(TestCaseMain.java:99)
	at com.kms.katalon.core.keyword.builtin.CallTestCaseKeyword$_callTestCase_closure1.doCall(CallTestCaseKeyword.groovy:60)
	at com.kms.katalon.core.keyword.builtin.CallTestCaseKeyword$_callTestCase_closure1.call(CallTestCaseKeyword.groovy)
	at com.kms.katalon.core.keyword.internal.KeywordMain.runKeyword(KeywordMain.groovy:54)
	at com.kms.katalon.core.keyword.builtin.CallTestCaseKeyword.callTestCase(CallTestCaseKeyword.groovy:81)
	at com.kms.katalon.core.keyword.builtin.CallTestCaseKeyword.execute(CallTestCaseKeyword.groovy:45)
	at com.kms.katalon.core.keyword.internal.KeywordExecutor.executeKeywordForPlatform(KeywordExecutor.groovy:53)
	at com.kms.katalon.core.keyword.BuiltinKeywords.callTestCase(BuiltinKeywords.groovy:334)
	at sun.reflect.GeneratedMethodAccessor15.invoke(Unknown Source)
	at sun.reflect.DelegatingMethodAccessorImpl.invoke(DelegatingMethodAccessorImpl.java:43)
	at java.lang.reflect.Method.invoke(Method.java:498)
	at org.codehaus.groovy.reflection.CachedMethod.invoke(CachedMethod.java:93)
	at groovy.lang.MetaMethod.doMethodInvoke(MetaMethod.java:325)
	at groovy.lang.MetaClassImpl.invokeStaticMethod(MetaClassImpl.java:1469)
	at org.codehaus.groovy.runtime.callsite.StaticMetaClassSite.call(StaticMetaClassSite.java:53)
	at org.codehaus.groovy.runtime.callsite.CallSiteArray.defaultCall(CallSiteArray.java:48)
	at org.codehaus.groovy.runtime.callsite.AbstractCallSite.call(AbstractCallSite.java:113)
	at org.codehaus.groovy.runtime.callsite.AbstractCallSite.call(AbstractCallSite.java:141)
	at Script1536044453581.run(Script1536044453581.groovy:34)
	at com.kms.katalon.core.main.ScriptEngine.run(ScriptEngine.java:183)
	at com.kms.katalon.core.main.ScriptEngine.runScriptAsRawText(ScriptEngine.java:108)
	at com.kms.katalon.core.main.TestCaseExecutor.runScript(TestCaseExecutor.java:294)
	at com.kms.katalon.core.main.TestCaseExecutor.doExecute(TestCaseExecutor.java:285)
	at com.kms.katalon.core.main.TestCaseExecutor.processExecutionPhase(TestCaseExecutor.java:264)
	at com.kms.katalon.core.main.TestCaseExecutor.accessMainPhase(TestCaseExecutor.java:256)
	at com.kms.katalon.core.main.TestCaseExecutor.execute(TestCaseExecutor.java:200)
	at com.kms.katalon.core.main.TestCaseMain.runTestCase(TestCaseMain.java:99)
	at com.kms.katalon.core.keyword.builtin.CallTestCaseKeyword$_callTestCase_closure1.doCall(CallTestCaseKeyword.groovy:60)
	at com.kms.katalon.core.keyword.builtin.CallTestCaseKeyword$_callTestCase_closure1.call(CallTestCaseKeyword.groovy)
	at com.kms.katalon.core.keyword.internal.KeywordMain.runKeyword(KeywordMain.groovy:54)
	at com.kms.katalon.core.keyword.builtin.CallTestCaseKeyword.callTestCase(CallTestCaseKeyword.groovy:81)
	at com.kms.katalon.core.keyword.builtin.CallTestCaseKeyword.execute(CallTestCaseKeyword.groovy:45)
	at com.kms.katalon.core.keyword.internal.KeywordExecutor.executeKeywordForPlatform(KeywordExecutor.groovy:53)
	at com.kms.katalon.core.keyword.BuiltinKeywords.callTestCase(BuiltinKeywords.groovy:334)
	at sun.reflect.GeneratedMethodAccessor15.invoke(Unknown Source)
	at sun.reflect.DelegatingMethodAccessorImpl.invoke(DelegatingMethodAccessorImpl.java:43)
	at java.lang.reflect.Method.invoke(Method.java:498)
	at org.codehaus.groovy.reflection.CachedMethod.invoke(CachedMethod.java:93)
	at groovy.lang.MetaMethod.doMethodInvoke(MetaMethod.java:325)
	at groovy.lang.MetaClassImpl.invokeStaticMethod(MetaClassImpl.java:1469)
	at org.codehaus.groovy.runtime.callsite.StaticMetaClassSite.call(StaticMetaClassSite.java:53)
	at org.codehaus.groovy.runtime.callsite.CallSiteArray.defaultCall(CallSiteArray.java:48)
	at org.codehaus.groovy.runtime.callsite.AbstractCallSite.call(AbstractCallSite.java:113)
	at org.codehaus.groovy.runtime.callsite.AbstractCallSite.call(AbstractCallSite.java:141)
	at Script1536204204129.run(Script1536204204129.groovy:25)
	at com.kms.katalon.core.main.ScriptEngine.run(ScriptEngine.java:183)
	at com.kms.katalon.core.main.ScriptEngine.runScriptAsRawText(ScriptEngine.java:108)
	at com.kms.katalon.core.main.TestCaseExecutor.runScript(TestCaseExecutor.java:294)
	at com.kms.katalon.core.main.TestCaseExecutor.doExecute(TestCaseExecutor.java:285)
	at com.kms.katalon.core.main.TestCaseExecutor.processExecutionPhase(TestCaseExecutor.java:264)
	at com.kms.katalon.core.main.TestCaseExecutor.accessMainPhase(TestCaseExecutor.java:256)
	at com.kms.katalon.core.main.TestCaseExecutor.execute(TestCaseExecutor.java:200)
	at com.kms.katalon.core.main.TestSuiteExecutor.accessTestCaseMainPhase(TestSuiteExecutor.java:129)
	at com.kms.katalon.core.main.TestSuiteExecutor.accessTestSuiteMainPhase(TestSuiteExecutor.java:112)
	at com.kms.katalon.core.main.TestSuiteExecutor.execute(TestSuiteExecutor.java:81)
	at com.kms.katalon.core.main.TestCaseMain.startTestSuite(TestCaseMain.java:142)
	at com.kms.katalon.core.main.TestCaseMain$startTestSuite$0.call(Unknown Source)
	at org.codehaus.groovy.runtime.callsite.CallSiteArray.defaultCall(CallSiteArray.java:48)
	at org.codehaus.groovy.runtime.callsite.AbstractCallSite.call(AbstractCallSite.java:113)
	at org.codehaus.groovy.runtime.callsite.AbstractCallSite.call(AbstractCallSite.java:141)
	at TempTestSuite1543076525234.run(TempTestSuite1543076525234.groovy:36)
	at groovy.lang.GroovyShell.runScriptOrMainOrTestOrRunnable(GroovyShell.java:263)
	at groovy.lang.GroovyShell.run(GroovyShell.java:518)
	at groovy.lang.GroovyShell.run(GroovyShell.java:507)
	at groovy.ui.GroovyMain.processOnce(GroovyMain.java:653)
	at groovy.ui.GroovyMain.run(GroovyMain.java:384)
	at groovy.ui.GroovyMain.process(GroovyMain.java:370)
	at groovy.ui.GroovyMain.processArgs(GroovyMain.java:129)
	at groovy.ui.GroovyMain.main(GroovyMain.java:109)
	at sun.reflect.NativeMethodAccessorImpl.invoke0(Native Method)
	at sun.reflect.NativeMethodAccessorImpl.invoke(NativeMethodAccessorImpl.java:62)
	at sun.reflect.DelegatingMethodAccessorImpl.invoke(DelegatingMethodAccessorImpl.java:43)
	at java.lang.reflect.Method.invoke(Method.java:498)
	at org.codehaus.groovy.tools.GroovyStarter.rootLoader(GroovyStarter.java:109)
	at org.codehaus.groovy.tools.GroovyStarter.main(GroovyStarter.java:131)
)]]></system-err>
      </testcase>
      <testcase name="Test Cases/Final Aug 2018 - PKS Automation/Registration Module/Workflow/Form 3 EIS - Cessation As Employer/OTC to UO (Under enforcement)" classname="Test Cases/Final Aug 2018 - PKS Automation/Registration Module/Workflow/Form 3 EIS - Cessation As Employer/OTC to UO (Under enforcement)" status="FAILED">
         <failure type="FAILED" message="(Stack trace: com.kms.katalon.core.exception.StepFailedException: Unable to click on object 'Object Repository/Final Object Repo/Landing Page/Select to English' (Root cause: com.kms.katalon.core.webui.exception.WebElementNotFoundException: Web element with id: 'Object Repository/Final Object Repo/Landing Page/Select to English' located by 'By.xpath: //a[@class = 'taglib-language-list-text' and @lang = 'en-US' and (contains(text(), 'EN') or contains(., 'EN'))]' not found)
	at com.kms.katalon.core.keyword.internal.KeywordMain.stepFailed(KeywordMain.groovy:32)
	at com.kms.katalon.core.webui.keyword.internal.WebUIKeywordMain.stepFailed(WebUIKeywordMain.groovy:65)
	at com.kms.katalon.core.webui.keyword.internal.WebUIKeywordMain.runKeyword(WebUIKeywordMain.groovy:27)
	at com.kms.katalon.core.webui.keyword.builtin.ClickKeyword.click(ClickKeyword.groovy:86)
	at com.kms.katalon.core.webui.keyword.builtin.ClickKeyword.execute(ClickKeyword.groovy:67)
	at com.kms.katalon.core.keyword.internal.KeywordExecutor.executeKeywordForPlatform(KeywordExecutor.groovy:53)
	at com.kms.katalon.core.webui.keyword.WebUiBuiltInKeywords.click(WebUiBuiltInKeywords.groovy:604)
	at com.kms.katalon.core.webui.keyword.WebUiBuiltInKeywords$click$9.call(Unknown Source)
	at Script1534407542420.run(Script1534407542420.groovy:57)
	at com.kms.katalon.core.main.ScriptEngine.run(ScriptEngine.java:183)
	at com.kms.katalon.core.main.ScriptEngine.runScriptAsRawText(ScriptEngine.java:108)
	at com.kms.katalon.core.main.TestCaseExecutor.runScript(TestCaseExecutor.java:294)
	at com.kms.katalon.core.main.TestCaseExecutor.doExecute(TestCaseExecutor.java:285)
	at com.kms.katalon.core.main.TestCaseExecutor.processExecutionPhase(TestCaseExecutor.java:264)
	at com.kms.katalon.core.main.TestCaseExecutor.accessMainPhase(TestCaseExecutor.java:256)
	at com.kms.katalon.core.main.TestCaseExecutor.execute(TestCaseExecutor.java:200)
	at com.kms.katalon.core.main.TestCaseMain.runTestCase(TestCaseMain.java:99)
	at com.kms.katalon.core.keyword.builtin.CallTestCaseKeyword$_callTestCase_closure1.doCall(CallTestCaseKeyword.groovy:60)
	at com.kms.katalon.core.keyword.builtin.CallTestCaseKeyword$_callTestCase_closure1.call(CallTestCaseKeyword.groovy)
	at com.kms.katalon.core.keyword.internal.KeywordMain.runKeyword(KeywordMain.groovy:54)
	at com.kms.katalon.core.keyword.builtin.CallTestCaseKeyword.callTestCase(CallTestCaseKeyword.groovy:81)
	at com.kms.katalon.core.keyword.builtin.CallTestCaseKeyword.execute(CallTestCaseKeyword.groovy:45)
	at com.kms.katalon.core.keyword.internal.KeywordExecutor.executeKeywordForPlatform(KeywordExecutor.groovy:53)
	at com.kms.katalon.core.keyword.BuiltinKeywords.callTestCase(BuiltinKeywords.groovy:334)
	at sun.reflect.GeneratedMethodAccessor15.invoke(Unknown Source)
	at sun.reflect.DelegatingMethodAccessorImpl.invoke(DelegatingMethodAccessorImpl.java:43)
	at java.lang.reflect.Method.invoke(Method.java:498)
	at org.codehaus.groovy.reflection.CachedMethod.invoke(CachedMethod.java:93)
	at groovy.lang.MetaMethod.doMethodInvoke(MetaMethod.java:325)
	at groovy.lang.MetaClassImpl.invokeStaticMethod(MetaClassImpl.java:1469)
	at org.codehaus.groovy.runtime.callsite.StaticMetaClassSite.call(StaticMetaClassSite.java:53)
	at org.codehaus.groovy.runtime.callsite.AbstractCallSite.call(AbstractCallSite.java:141)
	at Script1536113546450.run(Script1536113546450.groovy:34)
	at com.kms.katalon.core.main.ScriptEngine.run(ScriptEngine.java:183)
	at com.kms.katalon.core.main.ScriptEngine.runScriptAsRawText(ScriptEngine.java:108)
	at com.kms.katalon.core.main.TestCaseExecutor.runScript(TestCaseExecutor.java:294)
	at com.kms.katalon.core.main.TestCaseExecutor.doExecute(TestCaseExecutor.java:285)
	at com.kms.katalon.core.main.TestCaseExecutor.processExecutionPhase(TestCaseExecutor.java:264)
	at com.kms.katalon.core.main.TestCaseExecutor.accessMainPhase(TestCaseExecutor.java:256)
	at com.kms.katalon.core.main.TestCaseExecutor.execute(TestCaseExecutor.java:200)
	at com.kms.katalon.core.main.TestCaseMain.runTestCase(TestCaseMain.java:99)
	at com.kms.katalon.core.keyword.builtin.CallTestCaseKeyword$_callTestCase_closure1.doCall(CallTestCaseKeyword.groovy:60)
	at com.kms.katalon.core.keyword.builtin.CallTestCaseKeyword$_callTestCase_closure1.call(CallTestCaseKeyword.groovy)
	at com.kms.katalon.core.keyword.internal.KeywordMain.runKeyword(KeywordMain.groovy:54)
	at com.kms.katalon.core.keyword.builtin.CallTestCaseKeyword.callTestCase(CallTestCaseKeyword.groovy:81)
	at com.kms.katalon.core.keyword.builtin.CallTestCaseKeyword.execute(CallTestCaseKeyword.groovy:45)
	at com.kms.katalon.core.keyword.internal.KeywordExecutor.executeKeywordForPlatform(KeywordExecutor.groovy:53)
	at com.kms.katalon.core.keyword.BuiltinKeywords.callTestCase(BuiltinKeywords.groovy:334)
	at sun.reflect.GeneratedMethodAccessor15.invoke(Unknown Source)
	at sun.reflect.DelegatingMethodAccessorImpl.invoke(DelegatingMethodAccessorImpl.java:43)
	at java.lang.reflect.Method.invoke(Method.java:498)
	at org.codehaus.groovy.reflection.CachedMethod.invoke(CachedMethod.java:93)
	at groovy.lang.MetaMethod.doMethodInvoke(MetaMethod.java:325)
	at groovy.lang.MetaClassImpl.invokeStaticMethod(MetaClassImpl.java:1469)
	at org.codehaus.groovy.runtime.callsite.StaticMetaClassSite.call(StaticMetaClassSite.java:53)
	at org.codehaus.groovy.runtime.callsite.CallSiteArray.defaultCall(CallSiteArray.java:48)
	at org.codehaus.groovy.runtime.callsite.AbstractCallSite.call(AbstractCallSite.java:113)
	at org.codehaus.groovy.runtime.callsite.AbstractCallSite.call(AbstractCallSite.java:141)
	at Script1536204214757.run(Script1536204214757.groovy:25)
	at com.kms.katalon.core.main.ScriptEngine.run(ScriptEngine.java:183)
	at com.kms.katalon.core.main.ScriptEngine.runScriptAsRawText(ScriptEngine.java:108)
	at com.kms.katalon.core.main.TestCaseExecutor.runScript(TestCaseExecutor.java:294)
	at com.kms.katalon.core.main.TestCaseExecutor.doExecute(TestCaseExecutor.java:285)
	at com.kms.katalon.core.main.TestCaseExecutor.processExecutionPhase(TestCaseExecutor.java:264)
	at com.kms.katalon.core.main.TestCaseExecutor.accessMainPhase(TestCaseExecutor.java:256)
	at com.kms.katalon.core.main.TestCaseExecutor.execute(TestCaseExecutor.java:200)
	at com.kms.katalon.core.main.TestSuiteExecutor.accessTestCaseMainPhase(TestSuiteExecutor.java:129)
	at com.kms.katalon.core.main.TestSuiteExecutor.accessTestSuiteMainPhase(TestSuiteExecutor.java:112)
	at com.kms.katalon.core.main.TestSuiteExecutor.execute(TestSuiteExecutor.java:81)
	at com.kms.katalon.core.main.TestCaseMain.startTestSuite(TestCaseMain.java:142)
	at com.kms.katalon.core.main.TestCaseMain$startTestSuite$0.call(Unknown Source)
	at org.codehaus.groovy.runtime.callsite.CallSiteArray.defaultCall(CallSiteArray.java:48)
	at org.codehaus.groovy.runtime.callsite.AbstractCallSite.call(AbstractCallSite.java:113)
	at org.codehaus.groovy.runtime.callsite.AbstractCallSite.call(AbstractCallSite.java:141)
	at TempTestSuite1543076525234.run(TempTestSuite1543076525234.groovy:36)
	at groovy.lang.GroovyShell.runScriptOrMainOrTestOrRunnable(GroovyShell.java:263)
	at groovy.lang.GroovyShell.run(GroovyShell.java:518)
	at groovy.lang.GroovyShell.run(GroovyShell.java:507)
	at groovy.ui.GroovyMain.processOnce(GroovyMain.java:653)
	at groovy.ui.GroovyMain.run(GroovyMain.java:384)
	at groovy.ui.GroovyMain.process(GroovyMain.java:370)
	at groovy.ui.GroovyMain.processArgs(GroovyMain.java:129)
	at groovy.ui.GroovyMain.main(GroovyMain.java:109)
	at sun.reflect.NativeMethodAccessorImpl.invoke0(Native Method)
	at sun.reflect.NativeMethodAccessorImpl.invoke(NativeMethodAccessorImpl.java:62)
	at sun.reflect.DelegatingMethodAccessorImpl.invoke(DelegatingMethodAccessorImpl.java:43)
	at java.lang.reflect.Method.invoke(Method.java:498)
	at org.codehaus.groovy.tools.GroovyStarter.rootLoader(GroovyStarter.java:109)
	at org.codehaus.groovy.tools.GroovyStarter.main(GroovyStarter.java:131)
)"/>
         <system-out><![CDATA[2018-11-25 04:42:44 - [TEST_CASE][FAILED] - Test Cases/Final Aug 2018 - PKS Automation/Registration Module/Workflow/Form 3 EIS - Cessation As Employer/OTC to UO (Under enforcement): Test Cases/Final Aug 2018 - PKS Automation/Registration Module/Workflow/Form 3 EIS - Cessation As Employer/OTC to UO (Under enforcement) FAILED because (of) (Stack trace: com.kms.katalon.core.exception.StepFailedException: Unable to click on object 'Object Repository/Final Object Repo/Landing Page/Select to English' (Root cause: com.kms.katalon.core.webui.exception.WebElementNotFoundException: Web element with id: 'Object Repository/Final Object Repo/Landing Page/Select to English' located by 'By.xpath: //a[@class = 'taglib-language-list-text' and @lang = 'en-US' and (contains(text(), 'EN') or contains(., 'EN'))]' not found)
	at com.kms.katalon.core.keyword.internal.KeywordMain.stepFailed(KeywordMain.groovy:32)
	at com.kms.katalon.core.webui.keyword.internal.WebUIKeywordMain.stepFailed(WebUIKeywordMain.groovy:65)
	at com.kms.katalon.core.webui.keyword.internal.WebUIKeywordMain.runKeyword(WebUIKeywordMain.groovy:27)
	at com.kms.katalon.core.webui.keyword.builtin.ClickKeyword.click(ClickKeyword.groovy:86)
	at com.kms.katalon.core.webui.keyword.builtin.ClickKeyword.execute(ClickKeyword.groovy:67)
	at com.kms.katalon.core.keyword.internal.KeywordExecutor.executeKeywordForPlatform(KeywordExecutor.groovy:53)
	at com.kms.katalon.core.webui.keyword.WebUiBuiltInKeywords.click(WebUiBuiltInKeywords.groovy:604)
	at com.kms.katalon.core.webui.keyword.WebUiBuiltInKeywords$click$9.call(Unknown Source)
	at Script1534407542420.run(Script1534407542420.groovy:57)
	at com.kms.katalon.core.main.ScriptEngine.run(ScriptEngine.java:183)
	at com.kms.katalon.core.main.ScriptEngine.runScriptAsRawText(ScriptEngine.java:108)
	at com.kms.katalon.core.main.TestCaseExecutor.runScript(TestCaseExecutor.java:294)
	at com.kms.katalon.core.main.TestCaseExecutor.doExecute(TestCaseExecutor.java:285)
	at com.kms.katalon.core.main.TestCaseExecutor.processExecutionPhase(TestCaseExecutor.java:264)
	at com.kms.katalon.core.main.TestCaseExecutor.accessMainPhase(TestCaseExecutor.java:256)
	at com.kms.katalon.core.main.TestCaseExecutor.execute(TestCaseExecutor.java:200)
	at com.kms.katalon.core.main.TestCaseMain.runTestCase(TestCaseMain.java:99)
	at com.kms.katalon.core.keyword.builtin.CallTestCaseKeyword$_callTestCase_closure1.doCall(CallTestCaseKeyword.groovy:60)
	at com.kms.katalon.core.keyword.builtin.CallTestCaseKeyword$_callTestCase_closure1.call(CallTestCaseKeyword.groovy)
	at com.kms.katalon.core.keyword.internal.KeywordMain.runKeyword(KeywordMain.groovy:54)
	at com.kms.katalon.core.keyword.builtin.CallTestCaseKeyword.callTestCase(CallTestCaseKeyword.groovy:81)
	at com.kms.katalon.core.keyword.builtin.CallTestCaseKeyword.execute(CallTestCaseKeyword.groovy:45)
	at com.kms.katalon.core.keyword.internal.KeywordExecutor.executeKeywordForPlatform(KeywordExecutor.groovy:53)
	at com.kms.katalon.core.keyword.BuiltinKeywords.callTestCase(BuiltinKeywords.groovy:334)
	at sun.reflect.GeneratedMethodAccessor15.invoke(Unknown Source)
	at sun.reflect.DelegatingMethodAccessorImpl.invoke(DelegatingMethodAccessorImpl.java:43)
	at java.lang.reflect.Method.invoke(Method.java:498)
	at org.codehaus.groovy.reflection.CachedMethod.invoke(CachedMethod.java:93)
	at groovy.lang.MetaMethod.doMethodInvoke(MetaMethod.java:325)
	at groovy.lang.MetaClassImpl.invokeStaticMethod(MetaClassImpl.java:1469)
	at org.codehaus.groovy.runtime.callsite.StaticMetaClassSite.call(StaticMetaClassSite.java:53)
	at org.codehaus.groovy.runtime.callsite.AbstractCallSite.call(AbstractCallSite.java:141)
	at Script1536113546450.run(Script1536113546450.groovy:34)
	at com.kms.katalon.core.main.ScriptEngine.run(ScriptEngine.java:183)
	at com.kms.katalon.core.main.ScriptEngine.runScriptAsRawText(ScriptEngine.java:108)
	at com.kms.katalon.core.main.TestCaseExecutor.runScript(TestCaseExecutor.java:294)
	at com.kms.katalon.core.main.TestCaseExecutor.doExecute(TestCaseExecutor.java:285)
	at com.kms.katalon.core.main.TestCaseExecutor.processExecutionPhase(TestCaseExecutor.java:264)
	at com.kms.katalon.core.main.TestCaseExecutor.accessMainPhase(TestCaseExecutor.java:256)
	at com.kms.katalon.core.main.TestCaseExecutor.execute(TestCaseExecutor.java:200)
	at com.kms.katalon.core.main.TestCaseMain.runTestCase(TestCaseMain.java:99)
	at com.kms.katalon.core.keyword.builtin.CallTestCaseKeyword$_callTestCase_closure1.doCall(CallTestCaseKeyword.groovy:60)
	at com.kms.katalon.core.keyword.builtin.CallTestCaseKeyword$_callTestCase_closure1.call(CallTestCaseKeyword.groovy)
	at com.kms.katalon.core.keyword.internal.KeywordMain.runKeyword(KeywordMain.groovy:54)
	at com.kms.katalon.core.keyword.builtin.CallTestCaseKeyword.callTestCase(CallTestCaseKeyword.groovy:81)
	at com.kms.katalon.core.keyword.builtin.CallTestCaseKeyword.execute(CallTestCaseKeyword.groovy:45)
	at com.kms.katalon.core.keyword.internal.KeywordExecutor.executeKeywordForPlatform(KeywordExecutor.groovy:53)
	at com.kms.katalon.core.keyword.BuiltinKeywords.callTestCase(BuiltinKeywords.groovy:334)
	at sun.reflect.GeneratedMethodAccessor15.invoke(Unknown Source)
	at sun.reflect.DelegatingMethodAccessorImpl.invoke(DelegatingMethodAccessorImpl.java:43)
	at java.lang.reflect.Method.invoke(Method.java:498)
	at org.codehaus.groovy.reflection.CachedMethod.invoke(CachedMethod.java:93)
	at groovy.lang.MetaMethod.doMethodInvoke(MetaMethod.java:325)
	at groovy.lang.MetaClassImpl.invokeStaticMethod(MetaClassImpl.java:1469)
	at org.codehaus.groovy.runtime.callsite.StaticMetaClassSite.call(StaticMetaClassSite.java:53)
	at org.codehaus.groovy.runtime.callsite.CallSiteArray.defaultCall(CallSiteArray.java:48)
	at org.codehaus.groovy.runtime.callsite.AbstractCallSite.call(AbstractCallSite.java:113)
	at org.codehaus.groovy.runtime.callsite.AbstractCallSite.call(AbstractCallSite.java:141)
	at Script1536204214757.run(Script1536204214757.groovy:25)
	at com.kms.katalon.core.main.ScriptEngine.run(ScriptEngine.java:183)
	at com.kms.katalon.core.main.ScriptEngine.runScriptAsRawText(ScriptEngine.java:108)
	at com.kms.katalon.core.main.TestCaseExecutor.runScript(TestCaseExecutor.java:294)
	at com.kms.katalon.core.main.TestCaseExecutor.doExecute(TestCaseExecutor.java:285)
	at com.kms.katalon.core.main.TestCaseExecutor.processExecutionPhase(TestCaseExecutor.java:264)
	at com.kms.katalon.core.main.TestCaseExecutor.accessMainPhase(TestCaseExecutor.java:256)
	at com.kms.katalon.core.main.TestCaseExecutor.execute(TestCaseExecutor.java:200)
	at com.kms.katalon.core.main.TestSuiteExecutor.accessTestCaseMainPhase(TestSuiteExecutor.java:129)
	at com.kms.katalon.core.main.TestSuiteExecutor.accessTestSuiteMainPhase(TestSuiteExecutor.java:112)
	at com.kms.katalon.core.main.TestSuiteExecutor.execute(TestSuiteExecutor.java:81)
	at com.kms.katalon.core.main.TestCaseMain.startTestSuite(TestCaseMain.java:142)
	at com.kms.katalon.core.main.TestCaseMain$startTestSuite$0.call(Unknown Source)
	at org.codehaus.groovy.runtime.callsite.CallSiteArray.defaultCall(CallSiteArray.java:48)
	at org.codehaus.groovy.runtime.callsite.AbstractCallSite.call(AbstractCallSite.java:113)
	at org.codehaus.groovy.runtime.callsite.AbstractCallSite.call(AbstractCallSite.java:141)
	at TempTestSuite1543076525234.run(TempTestSuite1543076525234.groovy:36)
	at groovy.lang.GroovyShell.runScriptOrMainOrTestOrRunnable(GroovyShell.java:263)
	at groovy.lang.GroovyShell.run(GroovyShell.java:518)
	at groovy.lang.GroovyShell.run(GroovyShell.java:507)
	at groovy.ui.GroovyMain.processOnce(GroovyMain.java:653)
	at groovy.ui.GroovyMain.run(GroovyMain.java:384)
	at groovy.ui.GroovyMain.process(GroovyMain.java:370)
	at groovy.ui.GroovyMain.processArgs(GroovyMain.java:129)
	at groovy.ui.GroovyMain.main(GroovyMain.java:109)
	at sun.reflect.NativeMethodAccessorImpl.invoke0(Native Method)
	at sun.reflect.NativeMethodAccessorImpl.invoke(NativeMethodAccessorImpl.java:62)
	at sun.reflect.DelegatingMethodAccessorImpl.invoke(DelegatingMethodAccessorImpl.java:43)
	at java.lang.reflect.Method.invoke(Method.java:498)
	at org.codehaus.groovy.tools.GroovyStarter.rootLoader(GroovyStarter.java:109)
	at org.codehaus.groovy.tools.GroovyStarter.main(GroovyStarter.java:131)
)

2018-11-25 04:42:45 - [TEST_STEP][PASSED] - callTestCase: Call Test Case 'Test Cases/Final Aug 2018 - PKS Automation/Registration Module/Workflow/Form 3 EIS - Cessation As Employer/Template/Form 3 A - Cessation As Employer (OTC)' successfully

2018-11-25 04:42:45 - [TEST_CASE][PASSED] - Test Cases/Final Aug 2018 - PKS Automation/Registration Module/Workflow/Form 3 EIS - Cessation As Employer/Template/Form 3 A - Cessation As Employer (OTC): Test Cases/Final Aug 2018 - PKS Automation/Registration Module/Workflow/Form 3 EIS - Cessation As Employer/Template/Form 3 A - Cessation As Employer (OTC)

2018-11-25 04:42:45 - [TEST_STEP][PASSED] - openBrowser: Browser is opened with url: ''

2018-11-25 04:42:45 - [MESSAGE][WARNING] - A browser is already opened. Closing browser and opening a new one

2018-11-25 04:42:49 - [MESSAGE][PASSED] - Browser is opened with url: ''

2018-11-25 04:42:49 - [TEST_STEP][PASSED] - navigateToUrl: Navigate to 'https://assist2-uat.perkeso.gov.my/login' successfully

2018-11-25 04:42:50 - [MESSAGE][PASSED] - Navigate to 'https://assist2-uat.perkeso.gov.my/login' successfully

2018-11-25 04:42:50 - [TEST_STEP][PASSED] - setText: Text 'johorotc1@gmail.com' is set on object 'Object Repository/Final Object Repo/Login Page/Internal User/Email Address'

2018-11-25 04:42:50 - [MESSAGE][PASSED] - Text 'johorotc1@gmail.com' is set on object 'Object Repository/Final Object Repo/Login Page/Internal User/Email Address'

2018-11-25 04:42:50 - [TEST_STEP][PASSED] - click: Object: 'Object Repository/Final Object Repo/Login Page/Internal User/Next Button' is clicked on

2018-11-25 04:42:50 - [MESSAGE][PASSED] - Object: 'Object Repository/Final Object Repo/Login Page/Internal User/Next Button' is clicked on

2018-11-25 04:42:50 - [TEST_STEP][PASSED] - delay: Delayed 1 second(s)

2018-11-25 04:42:51 - [MESSAGE][PASSED] - Delayed 1 second(s)

2018-11-25 04:42:51 - [TEST_STEP][PASSED] - setEncryptedText: Text ****** has been set on object 'Object Repository/Final Object Repo/Login Page/Internal User/Password'

2018-11-25 04:42:52 - [MESSAGE][PASSED] - Text ****** has been set on object 'Object Repository/Final Object Repo/Login Page/Internal User/Password'

2018-11-25 04:42:52 - [TEST_STEP][PASSED] - click: Object: 'Object Repository/Final Object Repo/Login Page/Internal User/Login Button' is clicked on

2018-11-25 04:42:52 - [MESSAGE][PASSED] - Object: 'Object Repository/Final Object Repo/Login Page/Internal User/Login Button' is clicked on

2018-11-25 04:42:52 - [TEST_STEP][PASSED] - delay: Delayed 1 second(s)

2018-11-25 04:42:53 - [MESSAGE][PASSED] - Delayed 1 second(s)

2018-11-25 04:42:53 - [TEST_STEP][PASSED] - Statement - Try: Delayed 2 second(s)

2018-11-25 04:42:53 - [TEST_STEP][PASSED] - Statement - Checker = false: null

2018-11-25 04:42:53 - [TEST_STEP][PASSED] - Statement - Checker = com.kms.katalon.core.webui.keyword.WebUiBuiltInKeywords.verifyElementHasAttribute(com.kms.katalon.core.testobject.ObjectRepository.findTestObject(Final Object Repo/Landing Page/BM Detecting), "href", 20, OPTIONAL): Object 'Object Repository/Final Object Repo/Landing Page/BM Detecting' has attribute 'href'

2018-11-25 04:42:53 - [MESSAGE][PASSED] - Object 'Object Repository/Final Object Repo/Landing Page/BM Detecting' has attribute 'href'

2018-11-25 04:42:53 - [TEST_STEP][PASSED] - Statement - out.println(Checker): null

2018-11-25 04:42:53 - [TEST_STEP][PASSED] - Statement - If (Checker == false): null

2018-11-25 04:42:53 - [TEST_STEP][PASSED] - Statement - Else: null

2018-11-25 04:42:53 - [TEST_STEP][PASSED] - delay: Delayed 2 second(s)

2018-11-25 04:42:55 - [MESSAGE][PASSED] - Delayed 2 second(s)

2018-11-25 04:42:55 - [TEST_STEP][PASSED] - navigateToUrl: Navigate to 'https://assist2-uat.perkeso.gov.my/web/registration/eis-update/form-3-eis-cessation-as-employer' successfully

2018-11-25 04:42:56 - [MESSAGE][PASSED] - Navigate to 'https://assist2-uat.perkeso.gov.my/web/registration/eis-update/form-3-eis-cessation-as-employer' successfully

2018-11-25 04:42:56 - [TEST_STEP][PASSED] - delay: Delayed 1 second(s)

2018-11-25 04:42:57 - [MESSAGE][PASSED] - Delayed 1 second(s)

2018-11-25 04:42:57 - [TEST_STEP][PASSED] - setText: Text 'E1102069769W' is set on object 'Object Repository/Final Object Repo/Page_Form 3 EIS - Cessation as Employer/Employer Code'

2018-11-25 04:42:58 - [MESSAGE][PASSED] - Text 'E1102069769W' is set on object 'Object Repository/Final Object Repo/Page_Form 3 EIS - Cessation as Employer/Employer Code'

2018-11-25 04:42:58 - [TEST_STEP][PASSED] - click: Object: 'Object Repository/Final Object Repo/Page_Form 3 EIS - Cessation as Employer/Search' is clicked on

2018-11-25 04:42:58 - [MESSAGE][PASSED] - Object: 'Object Repository/Final Object Repo/Page_Form 3 EIS - Cessation as Employer/Search' is clicked on

2018-11-25 04:42:58 - [TEST_STEP][PASSED] - click: Object: 'Object Repository/Final Object Repo/Page_Form 3 EIS - Cessation as Employer/Edit' is clicked on

2018-11-25 04:43:00 - [MESSAGE][PASSED] - Object: 'Object Repository/Final Object Repo/Page_Form 3 EIS - Cessation as Employer/Edit' is clicked on

2018-11-25 04:43:00 - [TEST_STEP][PASSED] - delay: Delayed 1 second(s)

2018-11-25 04:43:01 - [MESSAGE][PASSED] - Delayed 1 second(s)

2018-11-25 04:43:01 - [TEST_STEP][PASSED] - Statement - abc = com.kms.katalon.core.webui.keyword.WebUiBuiltInKeywords.getAttribute(com.kms.katalon.core.testobject.ObjectRepository.findTestObject(Final Object Repo/Page_Form 3 EIS - Cessation as Employer/Employer Status), "value"): Attribute 'value' of object 'Object Repository/Final Object Repo/Page_Form 3 EIS - Cessation as Employer/Employer Status' is: 'Active'

2018-11-25 04:43:01 - [MESSAGE][PASSED] - Attribute 'value' of object 'Object Repository/Final Object Repo/Page_Form 3 EIS - Cessation as Employer/Employer Status' is: 'Active'

2018-11-25 04:43:01 - [TEST_STEP][PASSED] - Statement - out.println(abc): null

2018-11-25 04:43:01 - [TEST_STEP][PASSED] - Statement - If (abc == "Active"): Object: 'Object Repository/Final Object Repo/Page_Form 3 EIS - Cessation as Employer/Dormant EIS' is clicked on

2018-11-25 04:43:01 - [TEST_STEP][PASSED] - click: Object: 'Object Repository/Final Object Repo/Page_Form 3 EIS - Cessation as Employer/Change Employer Status to' is clicked on

2018-11-25 04:43:01 - [MESSAGE][PASSED] - Object: 'Object Repository/Final Object Repo/Page_Form 3 EIS - Cessation as Employer/Change Employer Status to' is clicked on

2018-11-25 04:43:01 - [TEST_STEP][PASSED] - click: Object: 'Object Repository/Final Object Repo/Page_Form 3 EIS - Cessation as Employer/Dormant EIS' is clicked on

2018-11-25 04:43:02 - [MESSAGE][PASSED] - Object: 'Object Repository/Final Object Repo/Page_Form 3 EIS - Cessation as Employer/Dormant EIS' is clicked on

2018-11-25 04:43:02 - [TEST_STEP][PASSED] - click: Object: 'Object Repository/Final Object Repo/Page_Form 3 EIS - Cessation as Employer/Calender' is clicked on

2018-11-25 04:43:02 - [MESSAGE][PASSED] - Object: 'Object Repository/Final Object Repo/Page_Form 3 EIS - Cessation as Employer/Calender' is clicked on

2018-11-25 04:43:02 - [TEST_STEP][PASSED] - delay: Delayed 1 second(s)

2018-11-25 04:43:03 - [MESSAGE][PASSED] - Delayed 1 second(s)

2018-11-25 04:43:03 - [TEST_STEP][PASSED] - click: Object: 'Object Repository/Final Object Repo/Page_Form 3 EIS - Cessation as Employer/Calender - Date' is clicked on

2018-11-25 04:43:03 - [MESSAGE][PASSED] - Object: 'Object Repository/Final Object Repo/Page_Form 3 EIS - Cessation as Employer/Calender - Date' is clicked on

2018-11-25 04:43:03 - [TEST_STEP][PASSED] - click: Object: 'Object Repository/Final Object Repo/Page_Form 3 EIS - Cessation as Employer/Save  Continue in Form 3 EIS Page' is clicked on

2018-11-25 04:43:03 - [MESSAGE][PASSED] - Object: 'Object Repository/Final Object Repo/Page_Form 3 EIS - Cessation as Employer/Save  Continue in Form 3 EIS Page' is clicked on

2018-11-25 04:43:03 - [TEST_STEP][PASSED] - delay: Delayed 1 second(s)

2018-11-25 04:43:04 - [MESSAGE][PASSED] - Delayed 1 second(s)

2018-11-25 04:43:04 - [TEST_STEP][PASSED] - click: Object: 'Object Repository/Final Object Repo/Page_Form 3 EIS - Cessation as Employer/Employment Resign Date' is clicked on

2018-11-25 04:43:05 - [MESSAGE][PASSED] - Object: 'Object Repository/Final Object Repo/Page_Form 3 EIS - Cessation as Employer/Employment Resign Date' is clicked on

2018-11-25 04:43:05 - [TEST_STEP][PASSED] - selectOptionByValue: All options with value '2018' are selected in object 'Object Repository/Final Object Repo/Page_Form 3 EIS - Cessation as Employer/Employment Resign Date - Year' 

2018-11-25 04:43:05 - [MESSAGE][PASSED] - All options with value '2018' are selected in object 'Object Repository/Final Object Repo/Page_Form 3 EIS - Cessation as Employer/Employment Resign Date - Year' 

2018-11-25 04:43:05 - [TEST_STEP][PASSED] - delay: Delayed 2 second(s)

2018-11-25 04:43:07 - [MESSAGE][PASSED] - Delayed 2 second(s)

2018-11-25 04:43:07 - [TEST_STEP][PASSED] - click: Object: 'Object Repository/Final Object Repo/Page_Form 3 EIS - Cessation as Employer/Employment Resign Date - Year - Date' is clicked on

2018-11-25 04:43:07 - [MESSAGE][PASSED] - Object: 'Object Repository/Final Object Repo/Page_Form 3 EIS - Cessation as Employer/Employment Resign Date - Year - Date' is clicked on

2018-11-25 04:43:07 - [TEST_STEP][PASSED] - delay: Delayed 2 second(s)

2018-11-25 04:43:09 - [MESSAGE][PASSED] - Delayed 2 second(s)

2018-11-25 04:43:09 - [TEST_STEP][PASSED] - click: Object: 'Object Repository/Final Object Repo/Page_Form 3 EIS - Cessation as Employer/Save  Continue in Employment Resign Page' is clicked on

2018-11-25 04:43:09 - [MESSAGE][PASSED] - Object: 'Object Repository/Final Object Repo/Page_Form 3 EIS - Cessation as Employer/Save  Continue in Employment Resign Page' is clicked on

2018-11-25 04:43:09 - [TEST_STEP][PASSED] - delay: Delayed 2 second(s)

2018-11-25 04:43:11 - [MESSAGE][PASSED] - Delayed 2 second(s)

2018-11-25 04:43:11 - [TEST_STEP][PASSED] - click: Object: 'Object Repository/Final Object Repo/Page_Form 3 EIS - Cessation as Employer/Add Document' is clicked on

2018-11-25 04:43:12 - [MESSAGE][PASSED] - Object: 'Object Repository/Final Object Repo/Page_Form 3 EIS - Cessation as Employer/Add Document' is clicked on

2018-11-25 04:43:12 - [TEST_STEP][PASSED] - delay: Delayed 3 second(s)

2018-11-25 04:43:15 - [MESSAGE][PASSED] - Delayed 3 second(s)

2018-11-25 04:43:15 - [TEST_STEP][PASSED] - click: Object: 'Object Repository/Final Object Repo/Page_Form 3 EIS - Cessation as Employer/Document Type' is clicked on

2018-11-25 04:43:15 - [MESSAGE][PASSED] - Object: 'Object Repository/Final Object Repo/Page_Form 3 EIS - Cessation as Employer/Document Type' is clicked on

2018-11-25 04:43:15 - [TEST_STEP][PASSED] - click: Object: 'Object Repository/Final Object Repo/Page_Form 3 EIS - Cessation as Employer/Document Type - Form 3' is clicked on

2018-11-25 04:43:16 - [MESSAGE][PASSED] - Object: 'Object Repository/Final Object Repo/Page_Form 3 EIS - Cessation as Employer/Document Type - Form 3' is clicked on

2018-11-25 04:43:16 - [TEST_STEP][PASSED] - delay: Delayed 2 second(s)

2018-11-25 04:43:18 - [MESSAGE][PASSED] - Delayed 2 second(s)

2018-11-25 04:43:18 - [TEST_STEP][PASSED] - sendKeys: Keys 'C:\Users\Public\Pictures\Sample Pictures\Koala.jpg' sent to object: 'Object Repository/Final Object Repo/Page_Form 3 EIS - Cessation as Employer/ploading File'

2018-11-25 04:43:18 - [MESSAGE][PASSED] - Keys 'C:\Users\Public\Pictures\Sample Pictures\Koala.jpg' sent to object: 'Object Repository/Final Object Repo/Page_Form 3 EIS - Cessation as Employer/ploading File'

2018-11-25 04:43:18 - [TEST_STEP][PASSED] - delay: Delayed 1 second(s)

2018-11-25 04:43:19 - [MESSAGE][PASSED] - Delayed 1 second(s)

2018-11-25 04:43:19 - [TEST_STEP][PASSED] - click: Object: 'Object Repository/Final Object Repo/Page_Form 3 EIS - Cessation as Employer/Add Document in Uploading Page' is clicked on

2018-11-25 04:43:19 - [MESSAGE][PASSED] - Object: 'Object Repository/Final Object Repo/Page_Form 3 EIS - Cessation as Employer/Add Document in Uploading Page' is clicked on

2018-11-25 04:43:19 - [TEST_STEP][PASSED] - delay: Delayed 2 second(s)

2018-11-25 04:43:21 - [MESSAGE][PASSED] - Delayed 2 second(s)

2018-11-25 04:43:21 - [TEST_STEP][PASSED] - Statement - CaseReferenceNo = com.kms.katalon.core.webui.keyword.WebUiBuiltInKeywords.getText(com.kms.katalon.core.testobject.ObjectRepository.findTestObject(Final Object Repo/Page_Update Employer Information/Reference Number in Update Employee Information Page)): Text of object 'Object Repository/Final Object Repo/Page_Update Employer Information/Reference Number in Update Employee Information Page' is: 'ERN112018C200002283'

2018-11-25 04:43:23 - [MESSAGE][PASSED] - Text of object 'Object Repository/Final Object Repo/Page_Update Employer Information/Reference Number in Update Employee Information Page' is: 'ERN112018C200002283'

2018-11-25 04:43:23 - [TEST_STEP][PASSED] - callTestCase: Call Test Case 'Test Cases/Final Aug 2018 - PKS Automation/Common/Reference Number Setter' successfully

2018-11-25 04:43:23 - [TEST_CASE][PASSED] - Test Cases/Final Aug 2018 - PKS Automation/Common/Reference Number Setter: Test Cases/Final Aug 2018 - PKS Automation/Common/Reference Number Setter

2018-11-25 04:43:23 - [TEST_STEP][PASSED] - Statement - RefNoOldFile = new java.io.File(C://Users//Admin//Desktop//PKS//Automation Reference Point//KatalonReference.txt): null

2018-11-25 04:43:23 - [TEST_STEP][PASSED] - Statement - RefNoOldFile.delete(): null

2018-11-25 04:43:23 - [TEST_STEP][PASSED] - delay: Delayed 5 second(s)

2018-11-25 04:43:28 - [MESSAGE][PASSED] - Delayed 5 second(s)

2018-11-25 04:43:28 - [TEST_STEP][PASSED] - Statement - RefNo = new java.io.File(C://Users//Admin//Desktop//PKS//Automation Reference Point//KatalonReference.txt): null

2018-11-25 04:43:28 - [TEST_STEP][PASSED] - Statement - f2 = new java.io.FileWriter(RefNo, false): null

2018-11-25 04:43:28 - [TEST_STEP][PASSED] - Statement - f2.write(CaseReferenceNo): null

2018-11-25 04:43:28 - [TEST_STEP][PASSED] - Statement - f2.close(): null

2018-11-25 04:43:28 - [TEST_STEP][PASSED] - Statement - out.println("


" + CaseReferenceNo + "


"): null

2018-11-25 04:43:28 - [MESSAGE][PASSED] - Call Test Case 'Test Cases/Final Aug 2018 - PKS Automation/Common/Reference Number Setter' successfully

2018-11-25 04:43:28 - [TEST_STEP][PASSED] - delay: Delayed 2 second(s)

2018-11-25 04:43:30 - [MESSAGE][PASSED] - Delayed 2 second(s)

2018-11-25 04:43:30 - [TEST_STEP][PASSED] - click: Object: 'Object Repository/Final Object Repo/Page_Form 3 EIS - Cessation as Employer/Save  Continue in Uploading Page' is clicked on

2018-11-25 04:43:30 - [MESSAGE][PASSED] - Object: 'Object Repository/Final Object Repo/Page_Form 3 EIS - Cessation as Employer/Save  Continue in Uploading Page' is clicked on

2018-11-25 04:43:30 - [TEST_STEP][PASSED] - delay: Delayed 2 second(s)

2018-11-25 04:43:32 - [MESSAGE][PASSED] - Delayed 2 second(s)

2018-11-25 04:43:32 - [TEST_STEP][PASSED] - click: Object: 'Object Repository/Final Object Repo/Page_Form 3 EIS - Cessation as Employer/Submit' is clicked on

2018-11-25 04:43:35 - [MESSAGE][PASSED] - Object: 'Object Repository/Final Object Repo/Page_Form 3 EIS - Cessation as Employer/Submit' is clicked on

2018-11-25 04:43:35 - [TEST_STEP][PASSED] - delay: Delayed 2 second(s)

2018-11-25 04:43:37 - [MESSAGE][PASSED] - Delayed 2 second(s)

2018-11-25 04:43:37 - [TEST_STEP][PASSED] - click: Object: 'Object Repository/Final Object Repo/Page_Form 3 EIS - Cessation as Employer/Confirm' is clicked on

2018-11-25 04:43:37 - [MESSAGE][PASSED] - Object: 'Object Repository/Final Object Repo/Page_Form 3 EIS - Cessation as Employer/Confirm' is clicked on

2018-11-25 04:43:37 - [TEST_STEP][PASSED] - delay: Delayed 2 second(s)

2018-11-25 04:43:39 - [MESSAGE][PASSED] - Delayed 2 second(s)

2018-11-25 04:43:39 - [TEST_STEP][PASSED] - click: Object: 'Object Repository/Final Object Repo/Page_Form 3 EIS - Cessation as Employer/Message Your Request will be routed to UO' is clicked on

2018-11-25 04:43:43 - [MESSAGE][PASSED] - Object: 'Object Repository/Final Object Repo/Page_Form 3 EIS - Cessation as Employer/Message Your Request will be routed to UO' is clicked on

2018-11-25 04:43:43 - [TEST_STEP][PASSED] - click: Object: 'Object Repository/Final Object Repo/Page_Form 3 EIS - Cessation as Employer/Letter of acknowledgement' is clicked on

2018-11-25 04:43:44 - [MESSAGE][PASSED] - Object: 'Object Repository/Final Object Repo/Page_Form 3 EIS - Cessation as Employer/Letter of acknowledgement' is clicked on

2018-11-25 04:43:44 - [MESSAGE][PASSED] - Call Test Case 'Test Cases/Final Aug 2018 - PKS Automation/Registration Module/Workflow/Form 3 EIS - Cessation As Employer/Template/Form 3 A - Cessation As Employer (OTC)' successfully

2018-11-25 04:43:44 - [TEST_STEP][FAILED] - callTestCase: Unable to call Test Case with id 'Test Cases/Final Aug 2018 - PKS Automation/Registration Module/Workflow/Form 3 EIS - Cessation As Employer/Template/Form 3 A - Cessation As Employer (Under enforcement)' (Root cause: Call Test Case 'Test Cases/Final Aug 2018 - PKS Automation/Registration Module/Workflow/Form 3 EIS - Cessation As Employer/Template/Form 3 A - Cessation As Employer (Under enforcement)' failed)

2018-11-25 04:43:44 - [TEST_CASE][FAILED] - Test Cases/Final Aug 2018 - PKS Automation/Registration Module/Workflow/Form 3 EIS - Cessation As Employer/Template/Form 3 A - Cessation As Employer (Under enforcement): Test Cases/Final Aug 2018 - PKS Automation/Registration Module/Workflow/Form 3 EIS - Cessation As Employer/Template/Form 3 A - Cessation As Employer (Under enforcement) FAILED because (of) (Stack trace: com.kms.katalon.core.exception.StepFailedException: Unable to click on object 'Object Repository/Final Object Repo/Landing Page/Select to English' (Root cause: com.kms.katalon.core.webui.exception.WebElementNotFoundException: Web element with id: 'Object Repository/Final Object Repo/Landing Page/Select to English' located by 'By.xpath: //a[@class = 'taglib-language-list-text' and @lang = 'en-US' and (contains(text(), 'EN') or contains(., 'EN'))]' not found)
	at com.kms.katalon.core.keyword.internal.KeywordMain.stepFailed(KeywordMain.groovy:32)
	at com.kms.katalon.core.webui.keyword.internal.WebUIKeywordMain.stepFailed(WebUIKeywordMain.groovy:65)
	at com.kms.katalon.core.webui.keyword.internal.WebUIKeywordMain.runKeyword(WebUIKeywordMain.groovy:27)
	at com.kms.katalon.core.webui.keyword.builtin.ClickKeyword.click(ClickKeyword.groovy:86)
	at com.kms.katalon.core.webui.keyword.builtin.ClickKeyword.execute(ClickKeyword.groovy:67)
	at com.kms.katalon.core.keyword.internal.KeywordExecutor.executeKeywordForPlatform(KeywordExecutor.groovy:53)
	at com.kms.katalon.core.webui.keyword.WebUiBuiltInKeywords.click(WebUiBuiltInKeywords.groovy:604)
	at com.kms.katalon.core.webui.keyword.WebUiBuiltInKeywords$click$9.call(Unknown Source)
	at Script1534407542420.run(Script1534407542420.groovy:57)
	at com.kms.katalon.core.main.ScriptEngine.run(ScriptEngine.java:183)
	at com.kms.katalon.core.main.ScriptEngine.runScriptAsRawText(ScriptEngine.java:108)
	at com.kms.katalon.core.main.TestCaseExecutor.runScript(TestCaseExecutor.java:294)
	at com.kms.katalon.core.main.TestCaseExecutor.doExecute(TestCaseExecutor.java:285)
	at com.kms.katalon.core.main.TestCaseExecutor.processExecutionPhase(TestCaseExecutor.java:264)
	at com.kms.katalon.core.main.TestCaseExecutor.accessMainPhase(TestCaseExecutor.java:256)
	at com.kms.katalon.core.main.TestCaseExecutor.execute(TestCaseExecutor.java:200)
	at com.kms.katalon.core.main.TestCaseMain.runTestCase(TestCaseMain.java:99)
	at com.kms.katalon.core.keyword.builtin.CallTestCaseKeyword$_callTestCase_closure1.doCall(CallTestCaseKeyword.groovy:60)
	at com.kms.katalon.core.keyword.builtin.CallTestCaseKeyword$_callTestCase_closure1.call(CallTestCaseKeyword.groovy)
	at com.kms.katalon.core.keyword.internal.KeywordMain.runKeyword(KeywordMain.groovy:54)
	at com.kms.katalon.core.keyword.builtin.CallTestCaseKeyword.callTestCase(CallTestCaseKeyword.groovy:81)
	at com.kms.katalon.core.keyword.builtin.CallTestCaseKeyword.execute(CallTestCaseKeyword.groovy:45)
	at com.kms.katalon.core.keyword.internal.KeywordExecutor.executeKeywordForPlatform(KeywordExecutor.groovy:53)
	at com.kms.katalon.core.keyword.BuiltinKeywords.callTestCase(BuiltinKeywords.groovy:334)
	at sun.reflect.GeneratedMethodAccessor15.invoke(Unknown Source)
	at sun.reflect.DelegatingMethodAccessorImpl.invoke(DelegatingMethodAccessorImpl.java:43)
	at java.lang.reflect.Method.invoke(Method.java:498)
	at org.codehaus.groovy.reflection.CachedMethod.invoke(CachedMethod.java:93)
	at groovy.lang.MetaMethod.doMethodInvoke(MetaMethod.java:325)
	at groovy.lang.MetaClassImpl.invokeStaticMethod(MetaClassImpl.java:1469)
	at org.codehaus.groovy.runtime.callsite.StaticMetaClassSite.call(StaticMetaClassSite.java:53)
	at org.codehaus.groovy.runtime.callsite.AbstractCallSite.call(AbstractCallSite.java:141)
	at Script1536113546450.run(Script1536113546450.groovy:34)
	at com.kms.katalon.core.main.ScriptEngine.run(ScriptEngine.java:183)
	at com.kms.katalon.core.main.ScriptEngine.runScriptAsRawText(ScriptEngine.java:108)
	at com.kms.katalon.core.main.TestCaseExecutor.runScript(TestCaseExecutor.java:294)
	at com.kms.katalon.core.main.TestCaseExecutor.doExecute(TestCaseExecutor.java:285)
	at com.kms.katalon.core.main.TestCaseExecutor.processExecutionPhase(TestCaseExecutor.java:264)
	at com.kms.katalon.core.main.TestCaseExecutor.accessMainPhase(TestCaseExecutor.java:256)
	at com.kms.katalon.core.main.TestCaseExecutor.execute(TestCaseExecutor.java:200)
	at com.kms.katalon.core.main.TestCaseMain.runTestCase(TestCaseMain.java:99)
	at com.kms.katalon.core.keyword.builtin.CallTestCaseKeyword$_callTestCase_closure1.doCall(CallTestCaseKeyword.groovy:60)
	at com.kms.katalon.core.keyword.builtin.CallTestCaseKeyword$_callTestCase_closure1.call(CallTestCaseKeyword.groovy)
	at com.kms.katalon.core.keyword.internal.KeywordMain.runKeyword(KeywordMain.groovy:54)
	at com.kms.katalon.core.keyword.builtin.CallTestCaseKeyword.callTestCase(CallTestCaseKeyword.groovy:81)
	at com.kms.katalon.core.keyword.builtin.CallTestCaseKeyword.execute(CallTestCaseKeyword.groovy:45)
	at com.kms.katalon.core.keyword.internal.KeywordExecutor.executeKeywordForPlatform(KeywordExecutor.groovy:53)
	at com.kms.katalon.core.keyword.BuiltinKeywords.callTestCase(BuiltinKeywords.groovy:334)
	at sun.reflect.GeneratedMethodAccessor15.invoke(Unknown Source)
	at sun.reflect.DelegatingMethodAccessorImpl.invoke(DelegatingMethodAccessorImpl.java:43)
	at java.lang.reflect.Method.invoke(Method.java:498)
	at org.codehaus.groovy.reflection.CachedMethod.invoke(CachedMethod.java:93)
	at groovy.lang.MetaMethod.doMethodInvoke(MetaMethod.java:325)
	at groovy.lang.MetaClassImpl.invokeStaticMethod(MetaClassImpl.java:1469)
	at org.codehaus.groovy.runtime.callsite.StaticMetaClassSite.call(StaticMetaClassSite.java:53)
	at org.codehaus.groovy.runtime.callsite.CallSiteArray.defaultCall(CallSiteArray.java:48)
	at org.codehaus.groovy.runtime.callsite.AbstractCallSite.call(AbstractCallSite.java:113)
	at org.codehaus.groovy.runtime.callsite.AbstractCallSite.call(AbstractCallSite.java:141)
	at Script1536204214757.run(Script1536204214757.groovy:25)
	at com.kms.katalon.core.main.ScriptEngine.run(ScriptEngine.java:183)
	at com.kms.katalon.core.main.ScriptEngine.runScriptAsRawText(ScriptEngine.java:108)
	at com.kms.katalon.core.main.TestCaseExecutor.runScript(TestCaseExecutor.java:294)
	at com.kms.katalon.core.main.TestCaseExecutor.doExecute(TestCaseExecutor.java:285)
	at com.kms.katalon.core.main.TestCaseExecutor.processExecutionPhase(TestCaseExecutor.java:264)
	at com.kms.katalon.core.main.TestCaseExecutor.accessMainPhase(TestCaseExecutor.java:256)
	at com.kms.katalon.core.main.TestCaseExecutor.execute(TestCaseExecutor.java:200)
	at com.kms.katalon.core.main.TestSuiteExecutor.accessTestCaseMainPhase(TestSuiteExecutor.java:129)
	at com.kms.katalon.core.main.TestSuiteExecutor.accessTestSuiteMainPhase(TestSuiteExecutor.java:112)
	at com.kms.katalon.core.main.TestSuiteExecutor.execute(TestSuiteExecutor.java:81)
	at com.kms.katalon.core.main.TestCaseMain.startTestSuite(TestCaseMain.java:142)
	at com.kms.katalon.core.main.TestCaseMain$startTestSuite$0.call(Unknown Source)
	at org.codehaus.groovy.runtime.callsite.CallSiteArray.defaultCall(CallSiteArray.java:48)
	at org.codehaus.groovy.runtime.callsite.AbstractCallSite.call(AbstractCallSite.java:113)
	at org.codehaus.groovy.runtime.callsite.AbstractCallSite.call(AbstractCallSite.java:141)
	at TempTestSuite1543076525234.run(TempTestSuite1543076525234.groovy:36)
	at groovy.lang.GroovyShell.runScriptOrMainOrTestOrRunnable(GroovyShell.java:263)
	at groovy.lang.GroovyShell.run(GroovyShell.java:518)
	at groovy.lang.GroovyShell.run(GroovyShell.java:507)
	at groovy.ui.GroovyMain.processOnce(GroovyMain.java:653)
	at groovy.ui.GroovyMain.run(GroovyMain.java:384)
	at groovy.ui.GroovyMain.process(GroovyMain.java:370)
	at groovy.ui.GroovyMain.processArgs(GroovyMain.java:129)
	at groovy.ui.GroovyMain.main(GroovyMain.java:109)
	at sun.reflect.NativeMethodAccessorImpl.invoke0(Native Method)
	at sun.reflect.NativeMethodAccessorImpl.invoke(NativeMethodAccessorImpl.java:62)
	at sun.reflect.DelegatingMethodAccessorImpl.invoke(DelegatingMethodAccessorImpl.java:43)
	at java.lang.reflect.Method.invoke(Method.java:498)
	at org.codehaus.groovy.tools.GroovyStarter.rootLoader(GroovyStarter.java:109)
	at org.codehaus.groovy.tools.GroovyStarter.main(GroovyStarter.java:131)
)

2018-11-25 04:43:44 - [TEST_STEP][NOT_RUN] - callTestCase: NOT_RUN: callTestCase

2018-11-25 04:43:44 - [MESSAGE][NOT_RUN] - NOT_RUN: callTestCase

2018-11-25 04:43:44 - [TEST_STEP][PASSED] - delay: Delayed 1 second(s)

2018-11-25 04:43:45 - [MESSAGE][PASSED] - Delayed 1 second(s)

2018-11-25 04:43:45 - [TEST_STEP][PASSED] - navigateToUrl: Navigate to 'https://assist2-uat.perkeso.gov.my/c/portal/logout' successfully

2018-11-25 04:43:45 - [MESSAGE][PASSED] - Navigate to 'https://assist2-uat.perkeso.gov.my/c/portal/logout' successfully

2018-11-25 04:43:45 - [TEST_STEP][PASSED] - delay: Delayed 1 second(s)

2018-11-25 04:43:46 - [MESSAGE][PASSED] - Delayed 1 second(s)

2018-11-25 04:43:46 - [TEST_STEP][PASSED] - callTestCase: Call Test Case 'Test Cases/Final Aug 2018 - PKS Automation/Common/Reference Number Getter' successfully

2018-11-25 04:43:46 - [TEST_CASE][PASSED] - Test Cases/Final Aug 2018 - PKS Automation/Common/Reference Number Getter: Test Cases/Final Aug 2018 - PKS Automation/Common/Reference Number Getter

2018-11-25 04:43:46 - [TEST_STEP][PASSED] - Statement - Try: null

2018-11-25 04:43:46 - [TEST_STEP][PASSED] - Statement - RefNo = new java.io.File(C://Users//Admin//Desktop//PKS//Automation Reference Point//KatalonReference.txt): null

2018-11-25 04:43:46 - [TEST_STEP][PASSED] - Statement - bufferread = new java.io.BufferedReader(new java.io.FileReader(RefNo)): null

2018-11-25 04:43:46 - [TEST_STEP][PASSED] - Statement - readedVal = bufferread.readLine(): null

2018-11-25 04:43:46 - [TEST_STEP][PASSED] - Statement - out.println(CaseReferenceNo): null

2018-11-25 04:43:46 - [TEST_STEP][PASSED] - Statement - out.println(readedVal): null

2018-11-25 04:43:46 - [TEST_STEP][PASSED] - Statement - CaseReferenceNo = "": null

2018-11-25 04:43:46 - [TEST_STEP][PASSED] - Statement - CaseReferenceNo = readedVal: null

2018-11-25 04:43:46 - [MESSAGE][PASSED] - Call Test Case 'Test Cases/Final Aug 2018 - PKS Automation/Common/Reference Number Getter' successfully

2018-11-25 04:43:46 - [TEST_STEP][FAILED] - callTestCase: Unable to call Test Case with id 'Test Cases/Final Aug 2018 - PKS Automation/Common/Workflow Owner Finder' (Root cause: Call Test Case 'Test Cases/Final Aug 2018 - PKS Automation/Common/Workflow Owner Finder' failed)

2018-11-25 04:43:47 - [TEST_CASE][FAILED] - Test Cases/Final Aug 2018 - PKS Automation/Common/Workflow Owner Finder: Test Cases/Final Aug 2018 - PKS Automation/Common/Workflow Owner Finder FAILED because (of) (Stack trace: com.kms.katalon.core.exception.StepFailedException: Unable to click on object 'Object Repository/Final Object Repo/Landing Page/Select to English' (Root cause: com.kms.katalon.core.webui.exception.WebElementNotFoundException: Web element with id: 'Object Repository/Final Object Repo/Landing Page/Select to English' located by 'By.xpath: //a[@class = 'taglib-language-list-text' and @lang = 'en-US' and (contains(text(), 'EN') or contains(., 'EN'))]' not found)
	at com.kms.katalon.core.keyword.internal.KeywordMain.stepFailed(KeywordMain.groovy:32)
	at com.kms.katalon.core.webui.keyword.internal.WebUIKeywordMain.stepFailed(WebUIKeywordMain.groovy:65)
	at com.kms.katalon.core.webui.keyword.internal.WebUIKeywordMain.runKeyword(WebUIKeywordMain.groovy:27)
	at com.kms.katalon.core.webui.keyword.builtin.ClickKeyword.click(ClickKeyword.groovy:86)
	at com.kms.katalon.core.webui.keyword.builtin.ClickKeyword.execute(ClickKeyword.groovy:67)
	at com.kms.katalon.core.keyword.internal.KeywordExecutor.executeKeywordForPlatform(KeywordExecutor.groovy:53)
	at com.kms.katalon.core.webui.keyword.WebUiBuiltInKeywords.click(WebUiBuiltInKeywords.groovy:604)
	at com.kms.katalon.core.webui.keyword.WebUiBuiltInKeywords$click$9.call(Unknown Source)
	at Script1534407542420.run(Script1534407542420.groovy:57)
	at com.kms.katalon.core.main.ScriptEngine.run(ScriptEngine.java:183)
	at com.kms.katalon.core.main.ScriptEngine.runScriptAsRawText(ScriptEngine.java:108)
	at com.kms.katalon.core.main.TestCaseExecutor.runScript(TestCaseExecutor.java:294)
	at com.kms.katalon.core.main.TestCaseExecutor.doExecute(TestCaseExecutor.java:285)
	at com.kms.katalon.core.main.TestCaseExecutor.processExecutionPhase(TestCaseExecutor.java:264)
	at com.kms.katalon.core.main.TestCaseExecutor.accessMainPhase(TestCaseExecutor.java:256)
	at com.kms.katalon.core.main.TestCaseExecutor.execute(TestCaseExecutor.java:200)
	at com.kms.katalon.core.main.TestCaseMain.runTestCase(TestCaseMain.java:99)
	at com.kms.katalon.core.keyword.builtin.CallTestCaseKeyword$_callTestCase_closure1.doCall(CallTestCaseKeyword.groovy:60)
	at com.kms.katalon.core.keyword.builtin.CallTestCaseKeyword$_callTestCase_closure1.call(CallTestCaseKeyword.groovy)
	at com.kms.katalon.core.keyword.internal.KeywordMain.runKeyword(KeywordMain.groovy:54)
	at com.kms.katalon.core.keyword.builtin.CallTestCaseKeyword.callTestCase(CallTestCaseKeyword.groovy:81)
	at com.kms.katalon.core.keyword.builtin.CallTestCaseKeyword.execute(CallTestCaseKeyword.groovy:45)
	at com.kms.katalon.core.keyword.internal.KeywordExecutor.executeKeywordForPlatform(KeywordExecutor.groovy:53)
	at com.kms.katalon.core.keyword.BuiltinKeywords.callTestCase(BuiltinKeywords.groovy:334)
	at sun.reflect.GeneratedMethodAccessor15.invoke(Unknown Source)
	at sun.reflect.DelegatingMethodAccessorImpl.invoke(DelegatingMethodAccessorImpl.java:43)
	at java.lang.reflect.Method.invoke(Method.java:498)
	at org.codehaus.groovy.reflection.CachedMethod.invoke(CachedMethod.java:93)
	at groovy.lang.MetaMethod.doMethodInvoke(MetaMethod.java:325)
	at groovy.lang.MetaClassImpl.invokeStaticMethod(MetaClassImpl.java:1469)
	at org.codehaus.groovy.runtime.callsite.StaticMetaClassSite.call(StaticMetaClassSite.java:53)
	at org.codehaus.groovy.runtime.callsite.AbstractCallSite.call(AbstractCallSite.java:141)
	at Script1536113546450.run(Script1536113546450.groovy:34)
	at com.kms.katalon.core.main.ScriptEngine.run(ScriptEngine.java:183)
	at com.kms.katalon.core.main.ScriptEngine.runScriptAsRawText(ScriptEngine.java:108)
	at com.kms.katalon.core.main.TestCaseExecutor.runScript(TestCaseExecutor.java:294)
	at com.kms.katalon.core.main.TestCaseExecutor.doExecute(TestCaseExecutor.java:285)
	at com.kms.katalon.core.main.TestCaseExecutor.processExecutionPhase(TestCaseExecutor.java:264)
	at com.kms.katalon.core.main.TestCaseExecutor.accessMainPhase(TestCaseExecutor.java:256)
	at com.kms.katalon.core.main.TestCaseExecutor.execute(TestCaseExecutor.java:200)
	at com.kms.katalon.core.main.TestCaseMain.runTestCase(TestCaseMain.java:99)
	at com.kms.katalon.core.keyword.builtin.CallTestCaseKeyword$_callTestCase_closure1.doCall(CallTestCaseKeyword.groovy:60)
	at com.kms.katalon.core.keyword.builtin.CallTestCaseKeyword$_callTestCase_closure1.call(CallTestCaseKeyword.groovy)
	at com.kms.katalon.core.keyword.internal.KeywordMain.runKeyword(KeywordMain.groovy:54)
	at com.kms.katalon.core.keyword.builtin.CallTestCaseKeyword.callTestCase(CallTestCaseKeyword.groovy:81)
	at com.kms.katalon.core.keyword.builtin.CallTestCaseKeyword.execute(CallTestCaseKeyword.groovy:45)
	at com.kms.katalon.core.keyword.internal.KeywordExecutor.executeKeywordForPlatform(KeywordExecutor.groovy:53)
	at com.kms.katalon.core.keyword.BuiltinKeywords.callTestCase(BuiltinKeywords.groovy:334)
	at sun.reflect.GeneratedMethodAccessor15.invoke(Unknown Source)
	at sun.reflect.DelegatingMethodAccessorImpl.invoke(DelegatingMethodAccessorImpl.java:43)
	at java.lang.reflect.Method.invoke(Method.java:498)
	at org.codehaus.groovy.reflection.CachedMethod.invoke(CachedMethod.java:93)
	at groovy.lang.MetaMethod.doMethodInvoke(MetaMethod.java:325)
	at groovy.lang.MetaClassImpl.invokeStaticMethod(MetaClassImpl.java:1469)
	at org.codehaus.groovy.runtime.callsite.StaticMetaClassSite.call(StaticMetaClassSite.java:53)
	at org.codehaus.groovy.runtime.callsite.CallSiteArray.defaultCall(CallSiteArray.java:48)
	at org.codehaus.groovy.runtime.callsite.AbstractCallSite.call(AbstractCallSite.java:113)
	at org.codehaus.groovy.runtime.callsite.AbstractCallSite.call(AbstractCallSite.java:141)
	at Script1536204214757.run(Script1536204214757.groovy:25)
	at com.kms.katalon.core.main.ScriptEngine.run(ScriptEngine.java:183)
	at com.kms.katalon.core.main.ScriptEngine.runScriptAsRawText(ScriptEngine.java:108)
	at com.kms.katalon.core.main.TestCaseExecutor.runScript(TestCaseExecutor.java:294)
	at com.kms.katalon.core.main.TestCaseExecutor.doExecute(TestCaseExecutor.java:285)
	at com.kms.katalon.core.main.TestCaseExecutor.processExecutionPhase(TestCaseExecutor.java:264)
	at com.kms.katalon.core.main.TestCaseExecutor.accessMainPhase(TestCaseExecutor.java:256)
	at com.kms.katalon.core.main.TestCaseExecutor.execute(TestCaseExecutor.java:200)
	at com.kms.katalon.core.main.TestSuiteExecutor.accessTestCaseMainPhase(TestSuiteExecutor.java:129)
	at com.kms.katalon.core.main.TestSuiteExecutor.accessTestSuiteMainPhase(TestSuiteExecutor.java:112)
	at com.kms.katalon.core.main.TestSuiteExecutor.execute(TestSuiteExecutor.java:81)
	at com.kms.katalon.core.main.TestCaseMain.startTestSuite(TestCaseMain.java:142)
	at com.kms.katalon.core.main.TestCaseMain$startTestSuite$0.call(Unknown Source)
	at org.codehaus.groovy.runtime.callsite.CallSiteArray.defaultCall(CallSiteArray.java:48)
	at org.codehaus.groovy.runtime.callsite.AbstractCallSite.call(AbstractCallSite.java:113)
	at org.codehaus.groovy.runtime.callsite.AbstractCallSite.call(AbstractCallSite.java:141)
	at TempTestSuite1543076525234.run(TempTestSuite1543076525234.groovy:36)
	at groovy.lang.GroovyShell.runScriptOrMainOrTestOrRunnable(GroovyShell.java:263)
	at groovy.lang.GroovyShell.run(GroovyShell.java:518)
	at groovy.lang.GroovyShell.run(GroovyShell.java:507)
	at groovy.ui.GroovyMain.processOnce(GroovyMain.java:653)
	at groovy.ui.GroovyMain.run(GroovyMain.java:384)
	at groovy.ui.GroovyMain.process(GroovyMain.java:370)
	at groovy.ui.GroovyMain.processArgs(GroovyMain.java:129)
	at groovy.ui.GroovyMain.main(GroovyMain.java:109)
	at sun.reflect.NativeMethodAccessorImpl.invoke0(Native Method)
	at sun.reflect.NativeMethodAccessorImpl.invoke(NativeMethodAccessorImpl.java:62)
	at sun.reflect.DelegatingMethodAccessorImpl.invoke(DelegatingMethodAccessorImpl.java:43)
	at java.lang.reflect.Method.invoke(Method.java:498)
	at org.codehaus.groovy.tools.GroovyStarter.rootLoader(GroovyStarter.java:109)
	at org.codehaus.groovy.tools.GroovyStarter.main(GroovyStarter.java:131)
)

2018-11-25 04:43:47 - [TEST_STEP][PASSED] - openBrowser: Browser is opened with url: ''

2018-11-25 04:43:47 - [MESSAGE][WARNING] - A browser is already opened. Closing browser and opening a new one

2018-11-25 04:43:50 - [MESSAGE][PASSED] - Browser is opened with url: ''

2018-11-25 04:43:50 - [TEST_STEP][PASSED] - navigateToUrl: Navigate to 'https://assist2-uat.perkeso.gov.my/login' successfully

2018-11-25 04:43:51 - [MESSAGE][PASSED] - Navigate to 'https://assist2-uat.perkeso.gov.my/login' successfully

2018-11-25 04:43:51 - [TEST_STEP][PASSED] - delay: Delayed 5 second(s)

2018-11-25 04:43:56 - [MESSAGE][PASSED] - Delayed 5 second(s)

2018-11-25 04:43:56 - [TEST_STEP][PASSED] - setText: Text 'test@liferay.com' is set on object 'Object Repository/Final Object Repo/Login Page/Internal User/Email Address'

2018-11-25 04:43:57 - [MESSAGE][PASSED] - Text 'test@liferay.com' is set on object 'Object Repository/Final Object Repo/Login Page/Internal User/Email Address'

2018-11-25 04:43:57 - [TEST_STEP][PASSED] - click: Object: 'Object Repository/Final Object Repo/Login Page/Internal User/Next Button' is clicked on

2018-11-25 04:43:57 - [MESSAGE][PASSED] - Object: 'Object Repository/Final Object Repo/Login Page/Internal User/Next Button' is clicked on

2018-11-25 04:43:57 - [TEST_STEP][PASSED] - delay: Delayed 2 second(s)

2018-11-25 04:43:59 - [MESSAGE][PASSED] - Delayed 2 second(s)

2018-11-25 04:43:59 - [TEST_STEP][PASSED] - setText: Text 'test' is set on object 'Object Repository/Final Object Repo/Login Page/Internal User/Password'

2018-11-25 04:43:59 - [MESSAGE][PASSED] - Text 'test' is set on object 'Object Repository/Final Object Repo/Login Page/Internal User/Password'

2018-11-25 04:43:59 - [TEST_STEP][PASSED] - delay: Delayed 2 second(s)

2018-11-25 04:44:01 - [MESSAGE][PASSED] - Delayed 2 second(s)

2018-11-25 04:44:01 - [TEST_STEP][PASSED] - click: Object: 'Object Repository/Final Object Repo/Login Page/Internal User/Login Button' is clicked on

2018-11-25 04:44:01 - [MESSAGE][PASSED] - Object: 'Object Repository/Final Object Repo/Login Page/Internal User/Login Button' is clicked on

2018-11-25 04:44:01 - [TEST_STEP][FAILED] - Statement - Try: Delayed 2 second(s)

2018-11-25 04:44:01 - [TEST_STEP][PASSED] - Statement - Checker = false: null

2018-11-25 04:44:01 - [TEST_STEP][PASSED] - Statement - Checker = com.kms.katalon.core.webui.keyword.WebUiBuiltInKeywords.verifyElementHasAttribute(com.kms.katalon.core.testobject.ObjectRepository.findTestObject(Final Object Repo/Landing Page/BM Detecting), "href", 20, OPTIONAL): Unable to verify if object 'Object Repository/Final Object Repo/Landing Page/BM Detecting' has attribute 'href' (Root cause: org.openqa.selenium.StaleElementReferenceException: stale element reference: element is not attached to the page document
  (Session info: chrome=70.0.3538.102)
  (Driver info: chromedriver=2.43.600210 (68dcf5eebde37173d4027fa8635e332711d2874a),platform=Windows NT 6.1.7601 SP1 x86_64) (WARNING: The server did not provide any stacktrace information)
Command duration or timeout: 0 milliseconds
For documentation on this error, please visit: http://seleniumhq.org/exceptions/stale_element_reference.html
Build info: version: '3.7.1', revision: '8a0099a', time: '2017-11-06T21:07:36.161Z'
System info: host: 'WIN7TEST02', ip: '10.20.3.72', os.name: 'Windows 7', os.arch: 'amd64', os.version: '6.1', java.version: '1.8.0_181'
Driver info: com.kms.katalon.selenium.driver.CChromeDriver
Capabilities {acceptInsecureCerts: false, acceptSslCerts: false, applicationCacheEnabled: false, browserConnectionEnabled: false, browserName: chrome, chrome: {chromedriverVersion: 2.43.600210 (68dcf5eebde371..., userDataDir: C:\Users\Admin\AppData\Loca...}, cssSelectorsEnabled: true, databaseEnabled: false, goog:chromeOptions: {debuggerAddress: localhost:53539}, handlesAlerts: true, hasTouchScreen: false, javascriptEnabled: true, locationContextEnabled: true, mobileEmulationEnabled: false, nativeEvents: true, networkConnectionEnabled: false, pageLoadStrategy: normal, platform: XP, platformName: XP, rotatable: false, setWindowRect: true, takesHeapSnapshot: true, takesScreenshot: true, unexpectedAlertBehaviour: , unhandledPromptBehavior: , version: 70.0.3538.102, webStorageEnabled: true}
Session ID: cde30f7d5ce6278060dee4139a2e82b1)

2018-11-25 04:44:04 - [MESSAGE][WARNING] - Unable to verify if object 'Object Repository/Final Object Repo/Landing Page/BM Detecting' has attribute 'href' (Root cause: org.openqa.selenium.StaleElementReferenceException: stale element reference: element is not attached to the page document
  (Session info: chrome=70.0.3538.102)
  (Driver info: chromedriver=2.43.600210 (68dcf5eebde37173d4027fa8635e332711d2874a),platform=Windows NT 6.1.7601 SP1 x86_64) (WARNING: The server did not provide any stacktrace information)
Command duration or timeout: 0 milliseconds
For documentation on this error, please visit: http://seleniumhq.org/exceptions/stale_element_reference.html
Build info: version: '3.7.1', revision: '8a0099a', time: '2017-11-06T21:07:36.161Z'
System info: host: 'WIN7TEST02', ip: '10.20.3.72', os.name: 'Windows 7', os.arch: 'amd64', os.version: '6.1', java.version: '1.8.0_181'
Driver info: com.kms.katalon.selenium.driver.CChromeDriver
Capabilities {acceptInsecureCerts: false, acceptSslCerts: false, applicationCacheEnabled: false, browserConnectionEnabled: false, browserName: chrome, chrome: {chromedriverVersion: 2.43.600210 (68dcf5eebde371..., userDataDir: C:\Users\Admin\AppData\Loca...}, cssSelectorsEnabled: true, databaseEnabled: false, goog:chromeOptions: {debuggerAddress: localhost:53539}, handlesAlerts: true, hasTouchScreen: false, javascriptEnabled: true, locationContextEnabled: true, mobileEmulationEnabled: false, nativeEvents: true, networkConnectionEnabled: false, pageLoadStrategy: normal, platform: XP, platformName: XP, rotatable: false, setWindowRect: true, takesHeapSnapshot: true, takesScreenshot: true, unexpectedAlertBehaviour: , unhandledPromptBehavior: , version: 70.0.3538.102, webStorageEnabled: true}
Session ID: cde30f7d5ce6278060dee4139a2e82b1)
[[ATTACHMENT|C:\\Users\\Admin\\Desktop\\PKS\\Perkeso Phase A\\Reports\\Workflow\\Form 3 EIS - Cessation as Employer\\20181125_002205\\1543092243700.png]]

2018-11-25 04:44:04 - [TEST_STEP][PASSED] - Statement - out.println(Checker): null

2018-11-25 04:44:04 - [TEST_STEP][FAILED] - Statement - If (Checker == false): Unable to click on object 'Object Repository/Final Object Repo/Landing Page/Select to English' (Root cause: com.kms.katalon.core.webui.exception.WebElementNotFoundException: Web element with id: 'Object Repository/Final Object Repo/Landing Page/Select to English' located by 'By.xpath: //a[@class = 'taglib-language-list-text' and @lang = 'en-US' and (contains(text(), 'EN') or contains(., 'EN'))]' not found)

2018-11-25 04:44:04 - [TEST_STEP][FAILED] - click: Unable to click on object 'Object Repository/Final Object Repo/Landing Page/Select to English' (Root cause: com.kms.katalon.core.webui.exception.WebElementNotFoundException: Web element with id: 'Object Repository/Final Object Repo/Landing Page/Select to English' located by 'By.xpath: //a[@class = 'taglib-language-list-text' and @lang = 'en-US' and (contains(text(), 'EN') or contains(., 'EN'))]' not found)

2018-11-25 04:44:41 - [MESSAGE][FAILED] - Unable to click on object 'Object Repository/Final Object Repo/Landing Page/Select to English' (Root cause: com.kms.katalon.core.webui.exception.WebElementNotFoundException: Web element with id: 'Object Repository/Final Object Repo/Landing Page/Select to English' located by 'By.xpath: //a[@class = 'taglib-language-list-text' and @lang = 'en-US' and (contains(text(), 'EN') or contains(., 'EN'))]' not found)
[[ATTACHMENT|C:\\Users\\Admin\\Desktop\\PKS\\Perkeso Phase A\\Reports\\Workflow\\Form 3 EIS - Cessation as Employer\\20181125_002205\\1543092281021.png]]

2018-11-25 04:44:41 - [TEST_STEP][PASSED] - delay: Delayed 2 second(s)

2018-11-25 04:44:43 - [MESSAGE][PASSED] - Delayed 2 second(s)

2018-11-25 04:44:43 - [TEST_STEP][PASSED] - delay: Delayed 3 second(s)

2018-11-25 04:44:46 - [MESSAGE][PASSED] - Delayed 3 second(s)

2018-11-25 04:44:46 - [TEST_STEP][PASSED] - mouseOver: Object: 'Object Repository/Final Object Repo/Landing Page/WorkFlow Menu' is hovered

2018-11-25 04:44:46 - [MESSAGE][PASSED] - Object: 'Object Repository/Final Object Repo/Landing Page/WorkFlow Menu' is hovered

2018-11-25 04:44:46 - [TEST_STEP][PASSED] - delay: Delayed 2 second(s)

2018-11-25 04:44:48 - [MESSAGE][PASSED] - Delayed 2 second(s)

2018-11-25 04:44:48 - [TEST_STEP][FAILED] - click: Unable to click on object 'Object Repository/Final Object Repo/Landing Page/Select to Workflow Listing' (Root cause: org.openqa.selenium.ElementNotVisibleException: element not interactable
  (Session info: chrome=70.0.3538.102)
  (Driver info: chromedriver=2.43.600210 (68dcf5eebde37173d4027fa8635e332711d2874a),platform=Windows NT 6.1.7601 SP1 x86_64) (WARNING: The server did not provide any stacktrace information)
Command duration or timeout: 0 milliseconds
Build info: version: '3.7.1', revision: '8a0099a', time: '2017-11-06T21:07:36.161Z'
System info: host: 'WIN7TEST02', ip: '10.20.3.72', os.name: 'Windows 7', os.arch: 'amd64', os.version: '6.1', java.version: '1.8.0_181'
Driver info: com.kms.katalon.selenium.driver.CChromeDriver
Capabilities {acceptInsecureCerts: false, acceptSslCerts: false, applicationCacheEnabled: false, browserConnectionEnabled: false, browserName: chrome, chrome: {chromedriverVersion: 2.43.600210 (68dcf5eebde371..., userDataDir: C:\Users\Admin\AppData\Loca...}, cssSelectorsEnabled: true, databaseEnabled: false, goog:chromeOptions: {debuggerAddress: localhost:53539}, handlesAlerts: true, hasTouchScreen: false, javascriptEnabled: true, locationContextEnabled: true, mobileEmulationEnabled: false, nativeEvents: true, networkConnectionEnabled: false, pageLoadStrategy: normal, platform: XP, platformName: XP, rotatable: false, setWindowRect: true, takesHeapSnapshot: true, takesScreenshot: true, unexpectedAlertBehaviour: , unhandledPromptBehavior: , version: 70.0.3538.102, webStorageEnabled: true}
Session ID: cde30f7d5ce6278060dee4139a2e82b1)

2018-11-25 04:44:48 - [MESSAGE][FAILED] - Unable to click on object 'Object Repository/Final Object Repo/Landing Page/Select to Workflow Listing' (Root cause: org.openqa.selenium.ElementNotVisibleException: element not interactable
  (Session info: chrome=70.0.3538.102)
  (Driver info: chromedriver=2.43.600210 (68dcf5eebde37173d4027fa8635e332711d2874a),platform=Windows NT 6.1.7601 SP1 x86_64) (WARNING: The server did not provide any stacktrace information)
Command duration or timeout: 0 milliseconds
Build info: version: '3.7.1', revision: '8a0099a', time: '2017-11-06T21:07:36.161Z'
System info: host: 'WIN7TEST02', ip: '10.20.3.72', os.name: 'Windows 7', os.arch: 'amd64', os.version: '6.1', java.version: '1.8.0_181'
Driver info: com.kms.katalon.selenium.driver.CChromeDriver
Capabilities {acceptInsecureCerts: false, acceptSslCerts: false, applicationCacheEnabled: false, browserConnectionEnabled: false, browserName: chrome, chrome: {chromedriverVersion: 2.43.600210 (68dcf5eebde371..., userDataDir: C:\Users\Admin\AppData\Loca...}, cssSelectorsEnabled: true, databaseEnabled: false, goog:chromeOptions: {debuggerAddress: localhost:53539}, handlesAlerts: true, hasTouchScreen: false, javascriptEnabled: true, locationContextEnabled: true, mobileEmulationEnabled: false, nativeEvents: true, networkConnectionEnabled: false, pageLoadStrategy: normal, platform: XP, platformName: XP, rotatable: false, setWindowRect: true, takesHeapSnapshot: true, takesScreenshot: true, unexpectedAlertBehaviour: , unhandledPromptBehavior: , version: 70.0.3538.102, webStorageEnabled: true}
Session ID: cde30f7d5ce6278060dee4139a2e82b1)
[[ATTACHMENT|C:\\Users\\Admin\\Desktop\\PKS\\Perkeso Phase A\\Reports\\Workflow\\Form 3 EIS - Cessation as Employer\\20181125_002205\\1543092288523.png]]

2018-11-25 04:44:48 - [TEST_STEP][PASSED] - delay: Delayed 2 second(s)

2018-11-25 04:44:50 - [MESSAGE][PASSED] - Delayed 2 second(s)

2018-11-25 04:44:50 - [TEST_STEP][FAILED] - click: Unable to click on object 'Object Repository/Final Object Repo/WorkFlow Listing Page/Search Information - To Put Ref No' (Root cause: com.kms.katalon.core.webui.exception.WebElementNotFoundException: Web element with id: 'Object Repository/Final Object Repo/WorkFlow Listing Page/Search Information - To Put Ref No' located by 'By.xpath: //h2[@data-target = '#_workflowlisting_WAR_baseportlet_searchDiv' and (text() = 'Search Information' or . = 'Search Information')]' not found)

2018-11-25 04:45:22 - [MESSAGE][FAILED] - Unable to click on object 'Object Repository/Final Object Repo/WorkFlow Listing Page/Search Information - To Put Ref No' (Root cause: com.kms.katalon.core.webui.exception.WebElementNotFoundException: Web element with id: 'Object Repository/Final Object Repo/WorkFlow Listing Page/Search Information - To Put Ref No' located by 'By.xpath: //h2[@data-target = '#_workflowlisting_WAR_baseportlet_searchDiv' and (text() = 'Search Information' or . = 'Search Information')]' not found)
[[ATTACHMENT|C:\\Users\\Admin\\Desktop\\PKS\\Perkeso Phase A\\Reports\\Workflow\\Form 3 EIS - Cessation as Employer\\20181125_002205\\1543092322127.png]]

2018-11-25 04:45:22 - [TEST_STEP][PASSED] - delay: Delayed 2 second(s)

2018-11-25 04:45:24 - [MESSAGE][PASSED] - Delayed 2 second(s)

2018-11-25 04:45:24 - [TEST_STEP][PASSED] - callTestCase: Call Test Case 'Test Cases/Final Aug 2018 - PKS Automation/Common/Reference Number Getter' successfully

2018-11-25 04:45:24 - [TEST_CASE][PASSED] - Test Cases/Final Aug 2018 - PKS Automation/Common/Reference Number Getter: Test Cases/Final Aug 2018 - PKS Automation/Common/Reference Number Getter

2018-11-25 04:45:24 - [TEST_STEP][PASSED] - Statement - Try: null

2018-11-25 04:45:24 - [TEST_STEP][PASSED] - Statement - RefNo = new java.io.File(C://Users//Admin//Desktop//PKS//Automation Reference Point//KatalonReference.txt): null

2018-11-25 04:45:24 - [TEST_STEP][PASSED] - Statement - bufferread = new java.io.BufferedReader(new java.io.FileReader(RefNo)): null

2018-11-25 04:45:24 - [TEST_STEP][PASSED] - Statement - readedVal = bufferread.readLine(): null

2018-11-25 04:45:24 - [TEST_STEP][PASSED] - Statement - out.println(CaseReferenceNo): null

2018-11-25 04:45:24 - [TEST_STEP][PASSED] - Statement - out.println(readedVal): null

2018-11-25 04:45:24 - [TEST_STEP][PASSED] - Statement - CaseReferenceNo = "": null

2018-11-25 04:45:24 - [TEST_STEP][PASSED] - Statement - CaseReferenceNo = readedVal: null

2018-11-25 04:45:24 - [MESSAGE][PASSED] - Call Test Case 'Test Cases/Final Aug 2018 - PKS Automation/Common/Reference Number Getter' successfully

2018-11-25 04:45:24 - [TEST_STEP][FAILED] - setText: Unable to set text 'ERN112018C200002283' of object 'Object Repository/Final Object Repo/WorkFlow Listing Page/Ref No Set Text' (Root cause: com.kms.katalon.core.webui.exception.WebElementNotFoundException: Web element with id: 'Object Repository/Final Object Repo/WorkFlow Listing Page/Ref No Set Text' located by 'By.xpath: //input[@id = '_workflowlisting_WAR_baseportlet_dto.trxReferenceNum' and @name = '_workflowlisting_WAR_baseportlet_dto.trxReferenceNum' and @type = 'text']' not found)

2018-11-25 04:45:56 - [MESSAGE][FAILED] - Unable to set text 'ERN112018C200002283' of object 'Object Repository/Final Object Repo/WorkFlow Listing Page/Ref No Set Text' (Root cause: com.kms.katalon.core.webui.exception.WebElementNotFoundException: Web element with id: 'Object Repository/Final Object Repo/WorkFlow Listing Page/Ref No Set Text' located by 'By.xpath: //input[@id = '_workflowlisting_WAR_baseportlet_dto.trxReferenceNum' and @name = '_workflowlisting_WAR_baseportlet_dto.trxReferenceNum' and @type = 'text']' not found)
[[ATTACHMENT|C:\\Users\\Admin\\Desktop\\PKS\\Perkeso Phase A\\Reports\\Workflow\\Form 3 EIS - Cessation as Employer\\20181125_002205\\1543092356200.png]]

2018-11-25 04:45:56 - [TEST_STEP][PASSED] - delay: Delayed 2 second(s)

2018-11-25 04:45:58 - [MESSAGE][PASSED] - Delayed 2 second(s)

2018-11-25 04:45:58 - [TEST_STEP][FAILED] - click: Unable to click on object 'Object Repository/Final Object Repo/WorkFlow Listing Page/Search Ref No Search Button' (Root cause: org.openqa.selenium.ElementNotVisibleException: element not interactable
  (Session info: chrome=70.0.3538.102)
  (Driver info: chromedriver=2.43.600210 (68dcf5eebde37173d4027fa8635e332711d2874a),platform=Windows NT 6.1.7601 SP1 x86_64) (WARNING: The server did not provide any stacktrace information)
Command duration or timeout: 0 milliseconds
Build info: version: '3.7.1', revision: '8a0099a', time: '2017-11-06T21:07:36.161Z'
System info: host: 'WIN7TEST02', ip: '10.20.3.72', os.name: 'Windows 7', os.arch: 'amd64', os.version: '6.1', java.version: '1.8.0_181'
Driver info: com.kms.katalon.selenium.driver.CChromeDriver
Capabilities {acceptInsecureCerts: false, acceptSslCerts: false, applicationCacheEnabled: false, browserConnectionEnabled: false, browserName: chrome, chrome: {chromedriverVersion: 2.43.600210 (68dcf5eebde371..., userDataDir: C:\Users\Admin\AppData\Loca...}, cssSelectorsEnabled: true, databaseEnabled: false, goog:chromeOptions: {debuggerAddress: localhost:53539}, handlesAlerts: true, hasTouchScreen: false, javascriptEnabled: true, locationContextEnabled: true, mobileEmulationEnabled: false, nativeEvents: true, networkConnectionEnabled: false, pageLoadStrategy: normal, platform: XP, platformName: XP, rotatable: false, setWindowRect: true, takesHeapSnapshot: true, takesScreenshot: true, unexpectedAlertBehaviour: , unhandledPromptBehavior: , version: 70.0.3538.102, webStorageEnabled: true}
Session ID: cde30f7d5ce6278060dee4139a2e82b1)

2018-11-25 04:45:58 - [MESSAGE][FAILED] - Unable to click on object 'Object Repository/Final Object Repo/WorkFlow Listing Page/Search Ref No Search Button' (Root cause: org.openqa.selenium.ElementNotVisibleException: element not interactable
  (Session info: chrome=70.0.3538.102)
  (Driver info: chromedriver=2.43.600210 (68dcf5eebde37173d4027fa8635e332711d2874a),platform=Windows NT 6.1.7601 SP1 x86_64) (WARNING: The server did not provide any stacktrace information)
Command duration or timeout: 0 milliseconds
Build info: version: '3.7.1', revision: '8a0099a', time: '2017-11-06T21:07:36.161Z'
System info: host: 'WIN7TEST02', ip: '10.20.3.72', os.name: 'Windows 7', os.arch: 'amd64', os.version: '6.1', java.version: '1.8.0_181'
Driver info: com.kms.katalon.selenium.driver.CChromeDriver
Capabilities {acceptInsecureCerts: false, acceptSslCerts: false, applicationCacheEnabled: false, browserConnectionEnabled: false, browserName: chrome, chrome: {chromedriverVersion: 2.43.600210 (68dcf5eebde371..., userDataDir: C:\Users\Admin\AppData\Loca...}, cssSelectorsEnabled: true, databaseEnabled: false, goog:chromeOptions: {debuggerAddress: localhost:53539}, handlesAlerts: true, hasTouchScreen: false, javascriptEnabled: true, locationContextEnabled: true, mobileEmulationEnabled: false, nativeEvents: true, networkConnectionEnabled: false, pageLoadStrategy: normal, platform: XP, platformName: XP, rotatable: false, setWindowRect: true, takesHeapSnapshot: true, takesScreenshot: true, unexpectedAlertBehaviour: , unhandledPromptBehavior: , version: 70.0.3538.102, webStorageEnabled: true}
Session ID: cde30f7d5ce6278060dee4139a2e82b1)
[[ATTACHMENT|C:\\Users\\Admin\\Desktop\\PKS\\Perkeso Phase A\\Reports\\Workflow\\Form 3 EIS - Cessation as Employer\\20181125_002205\\1543092358646.png]]

2018-11-25 04:45:58 - [TEST_STEP][PASSED] - delay: Delayed 4 second(s)

2018-11-25 04:46:02 - [MESSAGE][PASSED] - Delayed 4 second(s)

2018-11-25 04:46:02 - [TEST_STEP][PASSED] - click: Object: 'Object Repository/Final Object Repo/WorkFlow Listing Page/Click Continue Tooltip' is clicked on

2018-11-25 04:46:04 - [MESSAGE][PASSED] - Object: 'Object Repository/Final Object Repo/WorkFlow Listing Page/Click Continue Tooltip' is clicked on

2018-11-25 04:46:04 - [TEST_STEP][PASSED] - delay: Delayed 5 second(s)

2018-11-25 04:46:09 - [MESSAGE][PASSED] - Delayed 5 second(s)

2018-11-25 04:46:09 - [TEST_STEP][FAILED] - doubleClick: Unable to double click on object 'Object Repository/Final Object Repo/WorkFlow Listing Page/Workflow Found - Listing 1' (Root cause: com.kms.katalon.core.webui.exception.WebElementNotFoundException: Web element with id: 'Object Repository/Final Object Repo/WorkFlow Listing Page/Workflow Found - Listing 1' located by 'By.xpath: //body/div/div/div/div/div/div/div/div/div/div/div/div/div/div/div/div/table/tbody/tr/td[@class='table-cell  first']/following-sibling::td[1]' not found)

2018-11-25 04:46:40 - [MESSAGE][FAILED] - Unable to double click on object 'Object Repository/Final Object Repo/WorkFlow Listing Page/Workflow Found - Listing 1' (Root cause: com.kms.katalon.core.webui.exception.WebElementNotFoundException: Web element with id: 'Object Repository/Final Object Repo/WorkFlow Listing Page/Workflow Found - Listing 1' located by 'By.xpath: //body/div/div/div/div/div/div/div/div/div/div/div/div/div/div/div/div/table/tbody/tr/td[@class='table-cell  first']/following-sibling::td[1]' not found)
[[ATTACHMENT|C:\\Users\\Admin\\Desktop\\PKS\\Perkeso Phase A\\Reports\\Workflow\\Form 3 EIS - Cessation as Employer\\20181125_002205\\1543092400385.png]]

2018-11-25 04:46:40 - [MESSAGE][FAILED] - Unable to call Test Case with id 'Test Cases/Final Aug 2018 - PKS Automation/Common/Workflow Owner Finder' (Root cause: Call Test Case 'Test Cases/Final Aug 2018 - PKS Automation/Common/Workflow Owner Finder' failed)

2018-11-25 04:46:40 - [MESSAGE][FAILED] - Unable to call Test Case with id 'Test Cases/Final Aug 2018 - PKS Automation/Registration Module/Workflow/Form 3 EIS - Cessation As Employer/Template/Form 3 A - Cessation As Employer (Under enforcement)' (Root cause: Call Test Case 'Test Cases/Final Aug 2018 - PKS Automation/Registration Module/Workflow/Form 3 EIS - Cessation As Employer/Template/Form 3 A - Cessation As Employer (Under enforcement)' failed)]]></system-out>
         <system-err><![CDATA[2018-11-25 04:42:44 - [TEST_CASE][FAILED] - Test Cases/Final Aug 2018 - PKS Automation/Registration Module/Workflow/Form 3 EIS - Cessation As Employer/OTC to UO (Under enforcement): Test Cases/Final Aug 2018 - PKS Automation/Registration Module/Workflow/Form 3 EIS - Cessation As Employer/OTC to UO (Under enforcement) FAILED because (of) (Stack trace: com.kms.katalon.core.exception.StepFailedException: Unable to click on object 'Object Repository/Final Object Repo/Landing Page/Select to English' (Root cause: com.kms.katalon.core.webui.exception.WebElementNotFoundException: Web element with id: 'Object Repository/Final Object Repo/Landing Page/Select to English' located by 'By.xpath: //a[@class = 'taglib-language-list-text' and @lang = 'en-US' and (contains(text(), 'EN') or contains(., 'EN'))]' not found)
	at com.kms.katalon.core.keyword.internal.KeywordMain.stepFailed(KeywordMain.groovy:32)
	at com.kms.katalon.core.webui.keyword.internal.WebUIKeywordMain.stepFailed(WebUIKeywordMain.groovy:65)
	at com.kms.katalon.core.webui.keyword.internal.WebUIKeywordMain.runKeyword(WebUIKeywordMain.groovy:27)
	at com.kms.katalon.core.webui.keyword.builtin.ClickKeyword.click(ClickKeyword.groovy:86)
	at com.kms.katalon.core.webui.keyword.builtin.ClickKeyword.execute(ClickKeyword.groovy:67)
	at com.kms.katalon.core.keyword.internal.KeywordExecutor.executeKeywordForPlatform(KeywordExecutor.groovy:53)
	at com.kms.katalon.core.webui.keyword.WebUiBuiltInKeywords.click(WebUiBuiltInKeywords.groovy:604)
	at com.kms.katalon.core.webui.keyword.WebUiBuiltInKeywords$click$9.call(Unknown Source)
	at Script1534407542420.run(Script1534407542420.groovy:57)
	at com.kms.katalon.core.main.ScriptEngine.run(ScriptEngine.java:183)
	at com.kms.katalon.core.main.ScriptEngine.runScriptAsRawText(ScriptEngine.java:108)
	at com.kms.katalon.core.main.TestCaseExecutor.runScript(TestCaseExecutor.java:294)
	at com.kms.katalon.core.main.TestCaseExecutor.doExecute(TestCaseExecutor.java:285)
	at com.kms.katalon.core.main.TestCaseExecutor.processExecutionPhase(TestCaseExecutor.java:264)
	at com.kms.katalon.core.main.TestCaseExecutor.accessMainPhase(TestCaseExecutor.java:256)
	at com.kms.katalon.core.main.TestCaseExecutor.execute(TestCaseExecutor.java:200)
	at com.kms.katalon.core.main.TestCaseMain.runTestCase(TestCaseMain.java:99)
	at com.kms.katalon.core.keyword.builtin.CallTestCaseKeyword$_callTestCase_closure1.doCall(CallTestCaseKeyword.groovy:60)
	at com.kms.katalon.core.keyword.builtin.CallTestCaseKeyword$_callTestCase_closure1.call(CallTestCaseKeyword.groovy)
	at com.kms.katalon.core.keyword.internal.KeywordMain.runKeyword(KeywordMain.groovy:54)
	at com.kms.katalon.core.keyword.builtin.CallTestCaseKeyword.callTestCase(CallTestCaseKeyword.groovy:81)
	at com.kms.katalon.core.keyword.builtin.CallTestCaseKeyword.execute(CallTestCaseKeyword.groovy:45)
	at com.kms.katalon.core.keyword.internal.KeywordExecutor.executeKeywordForPlatform(KeywordExecutor.groovy:53)
	at com.kms.katalon.core.keyword.BuiltinKeywords.callTestCase(BuiltinKeywords.groovy:334)
	at sun.reflect.GeneratedMethodAccessor15.invoke(Unknown Source)
	at sun.reflect.DelegatingMethodAccessorImpl.invoke(DelegatingMethodAccessorImpl.java:43)
	at java.lang.reflect.Method.invoke(Method.java:498)
	at org.codehaus.groovy.reflection.CachedMethod.invoke(CachedMethod.java:93)
	at groovy.lang.MetaMethod.doMethodInvoke(MetaMethod.java:325)
	at groovy.lang.MetaClassImpl.invokeStaticMethod(MetaClassImpl.java:1469)
	at org.codehaus.groovy.runtime.callsite.StaticMetaClassSite.call(StaticMetaClassSite.java:53)
	at org.codehaus.groovy.runtime.callsite.AbstractCallSite.call(AbstractCallSite.java:141)
	at Script1536113546450.run(Script1536113546450.groovy:34)
	at com.kms.katalon.core.main.ScriptEngine.run(ScriptEngine.java:183)
	at com.kms.katalon.core.main.ScriptEngine.runScriptAsRawText(ScriptEngine.java:108)
	at com.kms.katalon.core.main.TestCaseExecutor.runScript(TestCaseExecutor.java:294)
	at com.kms.katalon.core.main.TestCaseExecutor.doExecute(TestCaseExecutor.java:285)
	at com.kms.katalon.core.main.TestCaseExecutor.processExecutionPhase(TestCaseExecutor.java:264)
	at com.kms.katalon.core.main.TestCaseExecutor.accessMainPhase(TestCaseExecutor.java:256)
	at com.kms.katalon.core.main.TestCaseExecutor.execute(TestCaseExecutor.java:200)
	at com.kms.katalon.core.main.TestCaseMain.runTestCase(TestCaseMain.java:99)
	at com.kms.katalon.core.keyword.builtin.CallTestCaseKeyword$_callTestCase_closure1.doCall(CallTestCaseKeyword.groovy:60)
	at com.kms.katalon.core.keyword.builtin.CallTestCaseKeyword$_callTestCase_closure1.call(CallTestCaseKeyword.groovy)
	at com.kms.katalon.core.keyword.internal.KeywordMain.runKeyword(KeywordMain.groovy:54)
	at com.kms.katalon.core.keyword.builtin.CallTestCaseKeyword.callTestCase(CallTestCaseKeyword.groovy:81)
	at com.kms.katalon.core.keyword.builtin.CallTestCaseKeyword.execute(CallTestCaseKeyword.groovy:45)
	at com.kms.katalon.core.keyword.internal.KeywordExecutor.executeKeywordForPlatform(KeywordExecutor.groovy:53)
	at com.kms.katalon.core.keyword.BuiltinKeywords.callTestCase(BuiltinKeywords.groovy:334)
	at sun.reflect.GeneratedMethodAccessor15.invoke(Unknown Source)
	at sun.reflect.DelegatingMethodAccessorImpl.invoke(DelegatingMethodAccessorImpl.java:43)
	at java.lang.reflect.Method.invoke(Method.java:498)
	at org.codehaus.groovy.reflection.CachedMethod.invoke(CachedMethod.java:93)
	at groovy.lang.MetaMethod.doMethodInvoke(MetaMethod.java:325)
	at groovy.lang.MetaClassImpl.invokeStaticMethod(MetaClassImpl.java:1469)
	at org.codehaus.groovy.runtime.callsite.StaticMetaClassSite.call(StaticMetaClassSite.java:53)
	at org.codehaus.groovy.runtime.callsite.CallSiteArray.defaultCall(CallSiteArray.java:48)
	at org.codehaus.groovy.runtime.callsite.AbstractCallSite.call(AbstractCallSite.java:113)
	at org.codehaus.groovy.runtime.callsite.AbstractCallSite.call(AbstractCallSite.java:141)
	at Script1536204214757.run(Script1536204214757.groovy:25)
	at com.kms.katalon.core.main.ScriptEngine.run(ScriptEngine.java:183)
	at com.kms.katalon.core.main.ScriptEngine.runScriptAsRawText(ScriptEngine.java:108)
	at com.kms.katalon.core.main.TestCaseExecutor.runScript(TestCaseExecutor.java:294)
	at com.kms.katalon.core.main.TestCaseExecutor.doExecute(TestCaseExecutor.java:285)
	at com.kms.katalon.core.main.TestCaseExecutor.processExecutionPhase(TestCaseExecutor.java:264)
	at com.kms.katalon.core.main.TestCaseExecutor.accessMainPhase(TestCaseExecutor.java:256)
	at com.kms.katalon.core.main.TestCaseExecutor.execute(TestCaseExecutor.java:200)
	at com.kms.katalon.core.main.TestSuiteExecutor.accessTestCaseMainPhase(TestSuiteExecutor.java:129)
	at com.kms.katalon.core.main.TestSuiteExecutor.accessTestSuiteMainPhase(TestSuiteExecutor.java:112)
	at com.kms.katalon.core.main.TestSuiteExecutor.execute(TestSuiteExecutor.java:81)
	at com.kms.katalon.core.main.TestCaseMain.startTestSuite(TestCaseMain.java:142)
	at com.kms.katalon.core.main.TestCaseMain$startTestSuite$0.call(Unknown Source)
	at org.codehaus.groovy.runtime.callsite.CallSiteArray.defaultCall(CallSiteArray.java:48)
	at org.codehaus.groovy.runtime.callsite.AbstractCallSite.call(AbstractCallSite.java:113)
	at org.codehaus.groovy.runtime.callsite.AbstractCallSite.call(AbstractCallSite.java:141)
	at TempTestSuite1543076525234.run(TempTestSuite1543076525234.groovy:36)
	at groovy.lang.GroovyShell.runScriptOrMainOrTestOrRunnable(GroovyShell.java:263)
	at groovy.lang.GroovyShell.run(GroovyShell.java:518)
	at groovy.lang.GroovyShell.run(GroovyShell.java:507)
	at groovy.ui.GroovyMain.processOnce(GroovyMain.java:653)
	at groovy.ui.GroovyMain.run(GroovyMain.java:384)
	at groovy.ui.GroovyMain.process(GroovyMain.java:370)
	at groovy.ui.GroovyMain.processArgs(GroovyMain.java:129)
	at groovy.ui.GroovyMain.main(GroovyMain.java:109)
	at sun.reflect.NativeMethodAccessorImpl.invoke0(Native Method)
	at sun.reflect.NativeMethodAccessorImpl.invoke(NativeMethodAccessorImpl.java:62)
	at sun.reflect.DelegatingMethodAccessorImpl.invoke(DelegatingMethodAccessorImpl.java:43)
	at java.lang.reflect.Method.invoke(Method.java:498)
	at org.codehaus.groovy.tools.GroovyStarter.rootLoader(GroovyStarter.java:109)
	at org.codehaus.groovy.tools.GroovyStarter.main(GroovyStarter.java:131)
)]]></system-err>
      </testcase>
      <testcase name="Test Cases/Final Aug 2018 - PKS Automation/Registration Module/Workflow/Form 3 EIS - Cessation As Employer/PKRBO to UO (Approve)" classname="Test Cases/Final Aug 2018 - PKS Automation/Registration Module/Workflow/Form 3 EIS - Cessation As Employer/PKRBO to UO (Approve)" status="FAILED">
         <failure type="FAILED" message="(Stack trace: com.kms.katalon.core.exception.StepFailedException: Unable to click on object 'Object Repository/Final Object Repo/Landing Page/Select to English' (Root cause: com.kms.katalon.core.webui.exception.WebElementNotFoundException: Web element with id: 'Object Repository/Final Object Repo/Landing Page/Select to English' located by 'By.xpath: //a[@class = 'taglib-language-list-text' and @lang = 'en-US' and (contains(text(), 'EN') or contains(., 'EN'))]' not found)
	at com.kms.katalon.core.keyword.internal.KeywordMain.stepFailed(KeywordMain.groovy:32)
	at com.kms.katalon.core.webui.keyword.internal.WebUIKeywordMain.stepFailed(WebUIKeywordMain.groovy:65)
	at com.kms.katalon.core.webui.keyword.internal.WebUIKeywordMain.runKeyword(WebUIKeywordMain.groovy:27)
	at com.kms.katalon.core.webui.keyword.builtin.ClickKeyword.click(ClickKeyword.groovy:86)
	at com.kms.katalon.core.webui.keyword.builtin.ClickKeyword.execute(ClickKeyword.groovy:67)
	at com.kms.katalon.core.keyword.internal.KeywordExecutor.executeKeywordForPlatform(KeywordExecutor.groovy:53)
	at com.kms.katalon.core.webui.keyword.WebUiBuiltInKeywords.click(WebUiBuiltInKeywords.groovy:604)
	at com.kms.katalon.core.webui.keyword.WebUiBuiltInKeywords$click$9.call(Unknown Source)
	at Script1534407542420.run(Script1534407542420.groovy:57)
	at com.kms.katalon.core.main.ScriptEngine.run(ScriptEngine.java:183)
	at com.kms.katalon.core.main.ScriptEngine.runScriptAsRawText(ScriptEngine.java:108)
	at com.kms.katalon.core.main.TestCaseExecutor.runScript(TestCaseExecutor.java:294)
	at com.kms.katalon.core.main.TestCaseExecutor.doExecute(TestCaseExecutor.java:285)
	at com.kms.katalon.core.main.TestCaseExecutor.processExecutionPhase(TestCaseExecutor.java:264)
	at com.kms.katalon.core.main.TestCaseExecutor.accessMainPhase(TestCaseExecutor.java:256)
	at com.kms.katalon.core.main.TestCaseExecutor.execute(TestCaseExecutor.java:200)
	at com.kms.katalon.core.main.TestCaseMain.runTestCase(TestCaseMain.java:99)
	at com.kms.katalon.core.keyword.builtin.CallTestCaseKeyword$_callTestCase_closure1.doCall(CallTestCaseKeyword.groovy:60)
	at com.kms.katalon.core.keyword.builtin.CallTestCaseKeyword$_callTestCase_closure1.call(CallTestCaseKeyword.groovy)
	at com.kms.katalon.core.keyword.internal.KeywordMain.runKeyword(KeywordMain.groovy:54)
	at com.kms.katalon.core.keyword.builtin.CallTestCaseKeyword.callTestCase(CallTestCaseKeyword.groovy:81)
	at com.kms.katalon.core.keyword.builtin.CallTestCaseKeyword.execute(CallTestCaseKeyword.groovy:45)
	at com.kms.katalon.core.keyword.internal.KeywordExecutor.executeKeywordForPlatform(KeywordExecutor.groovy:53)
	at com.kms.katalon.core.keyword.BuiltinKeywords.callTestCase(BuiltinKeywords.groovy:334)
	at sun.reflect.GeneratedMethodAccessor15.invoke(Unknown Source)
	at sun.reflect.DelegatingMethodAccessorImpl.invoke(DelegatingMethodAccessorImpl.java:43)
	at java.lang.reflect.Method.invoke(Method.java:498)
	at org.codehaus.groovy.reflection.CachedMethod.invoke(CachedMethod.java:93)
	at groovy.lang.MetaMethod.doMethodInvoke(MetaMethod.java:325)
	at groovy.lang.MetaClassImpl.invokeStaticMethod(MetaClassImpl.java:1469)
	at org.codehaus.groovy.runtime.callsite.StaticMetaClassSite.call(StaticMetaClassSite.java:53)
	at org.codehaus.groovy.runtime.callsite.AbstractCallSite.call(AbstractCallSite.java:141)
	at Script1536043843412.run(Script1536043843412.groovy:34)
	at com.kms.katalon.core.main.ScriptEngine.run(ScriptEngine.java:183)
	at com.kms.katalon.core.main.ScriptEngine.runScriptAsRawText(ScriptEngine.java:108)
	at com.kms.katalon.core.main.TestCaseExecutor.runScript(TestCaseExecutor.java:294)
	at com.kms.katalon.core.main.TestCaseExecutor.doExecute(TestCaseExecutor.java:285)
	at com.kms.katalon.core.main.TestCaseExecutor.processExecutionPhase(TestCaseExecutor.java:264)
	at com.kms.katalon.core.main.TestCaseExecutor.accessMainPhase(TestCaseExecutor.java:256)
	at com.kms.katalon.core.main.TestCaseExecutor.execute(TestCaseExecutor.java:200)
	at com.kms.katalon.core.main.TestCaseMain.runTestCase(TestCaseMain.java:99)
	at com.kms.katalon.core.keyword.builtin.CallTestCaseKeyword$_callTestCase_closure1.doCall(CallTestCaseKeyword.groovy:60)
	at com.kms.katalon.core.keyword.builtin.CallTestCaseKeyword$_callTestCase_closure1.call(CallTestCaseKeyword.groovy)
	at com.kms.katalon.core.keyword.internal.KeywordMain.runKeyword(KeywordMain.groovy:54)
	at com.kms.katalon.core.keyword.builtin.CallTestCaseKeyword.callTestCase(CallTestCaseKeyword.groovy:81)
	at com.kms.katalon.core.keyword.builtin.CallTestCaseKeyword.execute(CallTestCaseKeyword.groovy:45)
	at com.kms.katalon.core.keyword.internal.KeywordExecutor.executeKeywordForPlatform(KeywordExecutor.groovy:53)
	at com.kms.katalon.core.keyword.BuiltinKeywords.callTestCase(BuiltinKeywords.groovy:334)
	at sun.reflect.GeneratedMethodAccessor15.invoke(Unknown Source)
	at sun.reflect.DelegatingMethodAccessorImpl.invoke(DelegatingMethodAccessorImpl.java:43)
	at java.lang.reflect.Method.invoke(Method.java:498)
	at org.codehaus.groovy.reflection.CachedMethod.invoke(CachedMethod.java:93)
	at groovy.lang.MetaMethod.doMethodInvoke(MetaMethod.java:325)
	at groovy.lang.MetaClassImpl.invokeStaticMethod(MetaClassImpl.java:1469)
	at org.codehaus.groovy.runtime.callsite.StaticMetaClassSite.call(StaticMetaClassSite.java:53)
	at org.codehaus.groovy.runtime.callsite.CallSiteArray.defaultCall(CallSiteArray.java:48)
	at org.codehaus.groovy.runtime.callsite.AbstractCallSite.call(AbstractCallSite.java:113)
	at org.codehaus.groovy.runtime.callsite.AbstractCallSite.call(AbstractCallSite.java:141)
	at Script1536204583402.run(Script1536204583402.groovy:25)
	at com.kms.katalon.core.main.ScriptEngine.run(ScriptEngine.java:183)
	at com.kms.katalon.core.main.ScriptEngine.runScriptAsRawText(ScriptEngine.java:108)
	at com.kms.katalon.core.main.TestCaseExecutor.runScript(TestCaseExecutor.java:294)
	at com.kms.katalon.core.main.TestCaseExecutor.doExecute(TestCaseExecutor.java:285)
	at com.kms.katalon.core.main.TestCaseExecutor.processExecutionPhase(TestCaseExecutor.java:264)
	at com.kms.katalon.core.main.TestCaseExecutor.accessMainPhase(TestCaseExecutor.java:256)
	at com.kms.katalon.core.main.TestCaseExecutor.execute(TestCaseExecutor.java:200)
	at com.kms.katalon.core.main.TestSuiteExecutor.accessTestCaseMainPhase(TestSuiteExecutor.java:129)
	at com.kms.katalon.core.main.TestSuiteExecutor.accessTestSuiteMainPhase(TestSuiteExecutor.java:112)
	at com.kms.katalon.core.main.TestSuiteExecutor.execute(TestSuiteExecutor.java:81)
	at com.kms.katalon.core.main.TestCaseMain.startTestSuite(TestCaseMain.java:142)
	at com.kms.katalon.core.main.TestCaseMain$startTestSuite$0.call(Unknown Source)
	at org.codehaus.groovy.runtime.callsite.CallSiteArray.defaultCall(CallSiteArray.java:48)
	at org.codehaus.groovy.runtime.callsite.AbstractCallSite.call(AbstractCallSite.java:113)
	at org.codehaus.groovy.runtime.callsite.AbstractCallSite.call(AbstractCallSite.java:141)
	at TempTestSuite1543076525234.run(TempTestSuite1543076525234.groovy:36)
	at groovy.lang.GroovyShell.runScriptOrMainOrTestOrRunnable(GroovyShell.java:263)
	at groovy.lang.GroovyShell.run(GroovyShell.java:518)
	at groovy.lang.GroovyShell.run(GroovyShell.java:507)
	at groovy.ui.GroovyMain.processOnce(GroovyMain.java:653)
	at groovy.ui.GroovyMain.run(GroovyMain.java:384)
	at groovy.ui.GroovyMain.process(GroovyMain.java:370)
	at groovy.ui.GroovyMain.processArgs(GroovyMain.java:129)
	at groovy.ui.GroovyMain.main(GroovyMain.java:109)
	at sun.reflect.NativeMethodAccessorImpl.invoke0(Native Method)
	at sun.reflect.NativeMethodAccessorImpl.invoke(NativeMethodAccessorImpl.java:62)
	at sun.reflect.DelegatingMethodAccessorImpl.invoke(DelegatingMethodAccessorImpl.java:43)
	at java.lang.reflect.Method.invoke(Method.java:498)
	at org.codehaus.groovy.tools.GroovyStarter.rootLoader(GroovyStarter.java:109)
	at org.codehaus.groovy.tools.GroovyStarter.main(GroovyStarter.java:131)
)"/>
         <system-out><![CDATA[2018-11-25 04:46:40 - [TEST_CASE][FAILED] - Test Cases/Final Aug 2018 - PKS Automation/Registration Module/Workflow/Form 3 EIS - Cessation As Employer/PKRBO to UO (Approve): Test Cases/Final Aug 2018 - PKS Automation/Registration Module/Workflow/Form 3 EIS - Cessation As Employer/PKRBO to UO (Approve) FAILED because (of) (Stack trace: com.kms.katalon.core.exception.StepFailedException: Unable to click on object 'Object Repository/Final Object Repo/Landing Page/Select to English' (Root cause: com.kms.katalon.core.webui.exception.WebElementNotFoundException: Web element with id: 'Object Repository/Final Object Repo/Landing Page/Select to English' located by 'By.xpath: //a[@class = 'taglib-language-list-text' and @lang = 'en-US' and (contains(text(), 'EN') or contains(., 'EN'))]' not found)
	at com.kms.katalon.core.keyword.internal.KeywordMain.stepFailed(KeywordMain.groovy:32)
	at com.kms.katalon.core.webui.keyword.internal.WebUIKeywordMain.stepFailed(WebUIKeywordMain.groovy:65)
	at com.kms.katalon.core.webui.keyword.internal.WebUIKeywordMain.runKeyword(WebUIKeywordMain.groovy:27)
	at com.kms.katalon.core.webui.keyword.builtin.ClickKeyword.click(ClickKeyword.groovy:86)
	at com.kms.katalon.core.webui.keyword.builtin.ClickKeyword.execute(ClickKeyword.groovy:67)
	at com.kms.katalon.core.keyword.internal.KeywordExecutor.executeKeywordForPlatform(KeywordExecutor.groovy:53)
	at com.kms.katalon.core.webui.keyword.WebUiBuiltInKeywords.click(WebUiBuiltInKeywords.groovy:604)
	at com.kms.katalon.core.webui.keyword.WebUiBuiltInKeywords$click$9.call(Unknown Source)
	at Script1534407542420.run(Script1534407542420.groovy:57)
	at com.kms.katalon.core.main.ScriptEngine.run(ScriptEngine.java:183)
	at com.kms.katalon.core.main.ScriptEngine.runScriptAsRawText(ScriptEngine.java:108)
	at com.kms.katalon.core.main.TestCaseExecutor.runScript(TestCaseExecutor.java:294)
	at com.kms.katalon.core.main.TestCaseExecutor.doExecute(TestCaseExecutor.java:285)
	at com.kms.katalon.core.main.TestCaseExecutor.processExecutionPhase(TestCaseExecutor.java:264)
	at com.kms.katalon.core.main.TestCaseExecutor.accessMainPhase(TestCaseExecutor.java:256)
	at com.kms.katalon.core.main.TestCaseExecutor.execute(TestCaseExecutor.java:200)
	at com.kms.katalon.core.main.TestCaseMain.runTestCase(TestCaseMain.java:99)
	at com.kms.katalon.core.keyword.builtin.CallTestCaseKeyword$_callTestCase_closure1.doCall(CallTestCaseKeyword.groovy:60)
	at com.kms.katalon.core.keyword.builtin.CallTestCaseKeyword$_callTestCase_closure1.call(CallTestCaseKeyword.groovy)
	at com.kms.katalon.core.keyword.internal.KeywordMain.runKeyword(KeywordMain.groovy:54)
	at com.kms.katalon.core.keyword.builtin.CallTestCaseKeyword.callTestCase(CallTestCaseKeyword.groovy:81)
	at com.kms.katalon.core.keyword.builtin.CallTestCaseKeyword.execute(CallTestCaseKeyword.groovy:45)
	at com.kms.katalon.core.keyword.internal.KeywordExecutor.executeKeywordForPlatform(KeywordExecutor.groovy:53)
	at com.kms.katalon.core.keyword.BuiltinKeywords.callTestCase(BuiltinKeywords.groovy:334)
	at sun.reflect.GeneratedMethodAccessor15.invoke(Unknown Source)
	at sun.reflect.DelegatingMethodAccessorImpl.invoke(DelegatingMethodAccessorImpl.java:43)
	at java.lang.reflect.Method.invoke(Method.java:498)
	at org.codehaus.groovy.reflection.CachedMethod.invoke(CachedMethod.java:93)
	at groovy.lang.MetaMethod.doMethodInvoke(MetaMethod.java:325)
	at groovy.lang.MetaClassImpl.invokeStaticMethod(MetaClassImpl.java:1469)
	at org.codehaus.groovy.runtime.callsite.StaticMetaClassSite.call(StaticMetaClassSite.java:53)
	at org.codehaus.groovy.runtime.callsite.AbstractCallSite.call(AbstractCallSite.java:141)
	at Script1536043843412.run(Script1536043843412.groovy:34)
	at com.kms.katalon.core.main.ScriptEngine.run(ScriptEngine.java:183)
	at com.kms.katalon.core.main.ScriptEngine.runScriptAsRawText(ScriptEngine.java:108)
	at com.kms.katalon.core.main.TestCaseExecutor.runScript(TestCaseExecutor.java:294)
	at com.kms.katalon.core.main.TestCaseExecutor.doExecute(TestCaseExecutor.java:285)
	at com.kms.katalon.core.main.TestCaseExecutor.processExecutionPhase(TestCaseExecutor.java:264)
	at com.kms.katalon.core.main.TestCaseExecutor.accessMainPhase(TestCaseExecutor.java:256)
	at com.kms.katalon.core.main.TestCaseExecutor.execute(TestCaseExecutor.java:200)
	at com.kms.katalon.core.main.TestCaseMain.runTestCase(TestCaseMain.java:99)
	at com.kms.katalon.core.keyword.builtin.CallTestCaseKeyword$_callTestCase_closure1.doCall(CallTestCaseKeyword.groovy:60)
	at com.kms.katalon.core.keyword.builtin.CallTestCaseKeyword$_callTestCase_closure1.call(CallTestCaseKeyword.groovy)
	at com.kms.katalon.core.keyword.internal.KeywordMain.runKeyword(KeywordMain.groovy:54)
	at com.kms.katalon.core.keyword.builtin.CallTestCaseKeyword.callTestCase(CallTestCaseKeyword.groovy:81)
	at com.kms.katalon.core.keyword.builtin.CallTestCaseKeyword.execute(CallTestCaseKeyword.groovy:45)
	at com.kms.katalon.core.keyword.internal.KeywordExecutor.executeKeywordForPlatform(KeywordExecutor.groovy:53)
	at com.kms.katalon.core.keyword.BuiltinKeywords.callTestCase(BuiltinKeywords.groovy:334)
	at sun.reflect.GeneratedMethodAccessor15.invoke(Unknown Source)
	at sun.reflect.DelegatingMethodAccessorImpl.invoke(DelegatingMethodAccessorImpl.java:43)
	at java.lang.reflect.Method.invoke(Method.java:498)
	at org.codehaus.groovy.reflection.CachedMethod.invoke(CachedMethod.java:93)
	at groovy.lang.MetaMethod.doMethodInvoke(MetaMethod.java:325)
	at groovy.lang.MetaClassImpl.invokeStaticMethod(MetaClassImpl.java:1469)
	at org.codehaus.groovy.runtime.callsite.StaticMetaClassSite.call(StaticMetaClassSite.java:53)
	at org.codehaus.groovy.runtime.callsite.CallSiteArray.defaultCall(CallSiteArray.java:48)
	at org.codehaus.groovy.runtime.callsite.AbstractCallSite.call(AbstractCallSite.java:113)
	at org.codehaus.groovy.runtime.callsite.AbstractCallSite.call(AbstractCallSite.java:141)
	at Script1536204583402.run(Script1536204583402.groovy:25)
	at com.kms.katalon.core.main.ScriptEngine.run(ScriptEngine.java:183)
	at com.kms.katalon.core.main.ScriptEngine.runScriptAsRawText(ScriptEngine.java:108)
	at com.kms.katalon.core.main.TestCaseExecutor.runScript(TestCaseExecutor.java:294)
	at com.kms.katalon.core.main.TestCaseExecutor.doExecute(TestCaseExecutor.java:285)
	at com.kms.katalon.core.main.TestCaseExecutor.processExecutionPhase(TestCaseExecutor.java:264)
	at com.kms.katalon.core.main.TestCaseExecutor.accessMainPhase(TestCaseExecutor.java:256)
	at com.kms.katalon.core.main.TestCaseExecutor.execute(TestCaseExecutor.java:200)
	at com.kms.katalon.core.main.TestSuiteExecutor.accessTestCaseMainPhase(TestSuiteExecutor.java:129)
	at com.kms.katalon.core.main.TestSuiteExecutor.accessTestSuiteMainPhase(TestSuiteExecutor.java:112)
	at com.kms.katalon.core.main.TestSuiteExecutor.execute(TestSuiteExecutor.java:81)
	at com.kms.katalon.core.main.TestCaseMain.startTestSuite(TestCaseMain.java:142)
	at com.kms.katalon.core.main.TestCaseMain$startTestSuite$0.call(Unknown Source)
	at org.codehaus.groovy.runtime.callsite.CallSiteArray.defaultCall(CallSiteArray.java:48)
	at org.codehaus.groovy.runtime.callsite.AbstractCallSite.call(AbstractCallSite.java:113)
	at org.codehaus.groovy.runtime.callsite.AbstractCallSite.call(AbstractCallSite.java:141)
	at TempTestSuite1543076525234.run(TempTestSuite1543076525234.groovy:36)
	at groovy.lang.GroovyShell.runScriptOrMainOrTestOrRunnable(GroovyShell.java:263)
	at groovy.lang.GroovyShell.run(GroovyShell.java:518)
	at groovy.lang.GroovyShell.run(GroovyShell.java:507)
	at groovy.ui.GroovyMain.processOnce(GroovyMain.java:653)
	at groovy.ui.GroovyMain.run(GroovyMain.java:384)
	at groovy.ui.GroovyMain.process(GroovyMain.java:370)
	at groovy.ui.GroovyMain.processArgs(GroovyMain.java:129)
	at groovy.ui.GroovyMain.main(GroovyMain.java:109)
	at sun.reflect.NativeMethodAccessorImpl.invoke0(Native Method)
	at sun.reflect.NativeMethodAccessorImpl.invoke(NativeMethodAccessorImpl.java:62)
	at sun.reflect.DelegatingMethodAccessorImpl.invoke(DelegatingMethodAccessorImpl.java:43)
	at java.lang.reflect.Method.invoke(Method.java:498)
	at org.codehaus.groovy.tools.GroovyStarter.rootLoader(GroovyStarter.java:109)
	at org.codehaus.groovy.tools.GroovyStarter.main(GroovyStarter.java:131)
)

2018-11-25 04:46:41 - [TEST_STEP][PASSED] - callTestCase: Call Test Case 'Test Cases/Final Aug 2018 - PKS Automation/Registration Module/Workflow/Form 3 EIS - Cessation As Employer/Template/Form 3 A - Cessation As Employer (PKRBO)' successfully

2018-11-25 04:46:41 - [TEST_CASE][PASSED] - Test Cases/Final Aug 2018 - PKS Automation/Registration Module/Workflow/Form 3 EIS - Cessation As Employer/Template/Form 3 A - Cessation As Employer (PKRBO): Test Cases/Final Aug 2018 - PKS Automation/Registration Module/Workflow/Form 3 EIS - Cessation As Employer/Template/Form 3 A - Cessation As Employer (PKRBO)

2018-11-25 04:46:41 - [TEST_STEP][PASSED] - openBrowser: Browser is opened with url: ''

2018-11-25 04:46:41 - [MESSAGE][WARNING] - A browser is already opened. Closing browser and opening a new one

2018-11-25 04:46:45 - [MESSAGE][PASSED] - Browser is opened with url: ''

2018-11-25 04:46:45 - [TEST_STEP][PASSED] - navigateToUrl: Navigate to 'https://assist2-uat.perkeso.gov.my/login' successfully

2018-11-25 04:46:46 - [MESSAGE][PASSED] - Navigate to 'https://assist2-uat.perkeso.gov.my/login' successfully

2018-11-25 04:46:46 - [TEST_STEP][PASSED] - setText: Text 'johorpkrbo1@gmail.com' is set on object 'Object Repository/Final Object Repo/Login Page/Internal User/Email Address'

2018-11-25 04:46:46 - [MESSAGE][PASSED] - Text 'johorpkrbo1@gmail.com' is set on object 'Object Repository/Final Object Repo/Login Page/Internal User/Email Address'

2018-11-25 04:46:46 - [TEST_STEP][PASSED] - click: Object: 'Object Repository/Final Object Repo/Login Page/Internal User/Next Button' is clicked on

2018-11-25 04:46:46 - [MESSAGE][PASSED] - Object: 'Object Repository/Final Object Repo/Login Page/Internal User/Next Button' is clicked on

2018-11-25 04:46:46 - [TEST_STEP][PASSED] - delay: Delayed 1 second(s)

2018-11-25 04:46:47 - [MESSAGE][PASSED] - Delayed 1 second(s)

2018-11-25 04:46:47 - [TEST_STEP][PASSED] - setEncryptedText: Text ****** has been set on object 'Object Repository/Final Object Repo/Login Page/Internal User/Password'

2018-11-25 04:46:47 - [MESSAGE][PASSED] - Text ****** has been set on object 'Object Repository/Final Object Repo/Login Page/Internal User/Password'

2018-11-25 04:46:47 - [TEST_STEP][PASSED] - click: Object: 'Object Repository/Final Object Repo/Login Page/Internal User/Login Button' is clicked on

2018-11-25 04:46:48 - [MESSAGE][PASSED] - Object: 'Object Repository/Final Object Repo/Login Page/Internal User/Login Button' is clicked on

2018-11-25 04:46:48 - [TEST_STEP][PASSED] - delay: Delayed 1 second(s)

2018-11-25 04:46:49 - [MESSAGE][PASSED] - Delayed 1 second(s)

2018-11-25 04:46:49 - [TEST_STEP][PASSED] - Statement - Try: Delayed 2 second(s)

2018-11-25 04:46:49 - [TEST_STEP][PASSED] - Statement - Checker = false: null

2018-11-25 04:46:49 - [TEST_STEP][PASSED] - Statement - Checker = com.kms.katalon.core.webui.keyword.WebUiBuiltInKeywords.verifyElementHasAttribute(com.kms.katalon.core.testobject.ObjectRepository.findTestObject(Final Object Repo/Landing Page/BM Detecting), "href", 20, OPTIONAL): Object 'Object Repository/Final Object Repo/Landing Page/BM Detecting' has attribute 'href'

2018-11-25 04:46:50 - [MESSAGE][PASSED] - Object 'Object Repository/Final Object Repo/Landing Page/BM Detecting' has attribute 'href'

2018-11-25 04:46:50 - [TEST_STEP][PASSED] - Statement - out.println(Checker): null

2018-11-25 04:46:50 - [TEST_STEP][PASSED] - Statement - If (Checker == false): null

2018-11-25 04:46:50 - [TEST_STEP][PASSED] - Statement - Else: null

2018-11-25 04:46:50 - [TEST_STEP][PASSED] - delay: Delayed 2 second(s)

2018-11-25 04:46:52 - [MESSAGE][PASSED] - Delayed 2 second(s)

2018-11-25 04:46:52 - [TEST_STEP][PASSED] - navigateToUrl: Navigate to 'https://assist2-uat.perkeso.gov.my/web/registration/eis-update/form-3-eis-cessation-as-employer' successfully

2018-11-25 04:46:52 - [MESSAGE][PASSED] - Navigate to 'https://assist2-uat.perkeso.gov.my/web/registration/eis-update/form-3-eis-cessation-as-employer' successfully

2018-11-25 04:46:52 - [TEST_STEP][PASSED] - delay: Delayed 1 second(s)

2018-11-25 04:46:53 - [MESSAGE][PASSED] - Delayed 1 second(s)

2018-11-25 04:46:53 - [TEST_STEP][PASSED] - setText: Text 'E1102069769W' is set on object 'Object Repository/Final Object Repo/Page_Form 3 EIS - Cessation as Employer/Employer Code'

2018-11-25 04:46:54 - [MESSAGE][PASSED] - Text 'E1102069769W' is set on object 'Object Repository/Final Object Repo/Page_Form 3 EIS - Cessation as Employer/Employer Code'

2018-11-25 04:46:54 - [TEST_STEP][PASSED] - click: Object: 'Object Repository/Final Object Repo/Page_Form 3 EIS - Cessation as Employer/Search' is clicked on

2018-11-25 04:46:54 - [MESSAGE][PASSED] - Object: 'Object Repository/Final Object Repo/Page_Form 3 EIS - Cessation as Employer/Search' is clicked on

2018-11-25 04:46:54 - [TEST_STEP][PASSED] - click: Object: 'Object Repository/Final Object Repo/Page_Form 3 EIS - Cessation as Employer/Edit' is clicked on

2018-11-25 04:46:56 - [MESSAGE][PASSED] - Object: 'Object Repository/Final Object Repo/Page_Form 3 EIS - Cessation as Employer/Edit' is clicked on

2018-11-25 04:46:56 - [TEST_STEP][PASSED] - delay: Delayed 1 second(s)

2018-11-25 04:46:57 - [MESSAGE][PASSED] - Delayed 1 second(s)

2018-11-25 04:46:57 - [TEST_STEP][PASSED] - Statement - abc = com.kms.katalon.core.webui.keyword.WebUiBuiltInKeywords.getAttribute(com.kms.katalon.core.testobject.ObjectRepository.findTestObject(Final Object Repo/Page_Form 3 EIS - Cessation as Employer/Employer Status), "value"): Attribute 'value' of object 'Object Repository/Final Object Repo/Page_Form 3 EIS - Cessation as Employer/Employer Status' is: 'Active'

2018-11-25 04:46:57 - [MESSAGE][PASSED] - Attribute 'value' of object 'Object Repository/Final Object Repo/Page_Form 3 EIS - Cessation as Employer/Employer Status' is: 'Active'

2018-11-25 04:46:57 - [TEST_STEP][PASSED] - Statement - out.println(abc): null

2018-11-25 04:46:57 - [TEST_STEP][PASSED] - Statement - If (abc == "Active"): Object: 'Object Repository/Final Object Repo/Page_Form 3 EIS - Cessation as Employer/Dormant EIS' is clicked on

2018-11-25 04:46:57 - [TEST_STEP][PASSED] - click: Object: 'Object Repository/Final Object Repo/Page_Form 3 EIS - Cessation as Employer/Change Employer Status to' is clicked on

2018-11-25 04:46:57 - [MESSAGE][PASSED] - Object: 'Object Repository/Final Object Repo/Page_Form 3 EIS - Cessation as Employer/Change Employer Status to' is clicked on

2018-11-25 04:46:57 - [TEST_STEP][PASSED] - click: Object: 'Object Repository/Final Object Repo/Page_Form 3 EIS - Cessation as Employer/Dormant EIS' is clicked on

2018-11-25 04:46:58 - [MESSAGE][PASSED] - Object: 'Object Repository/Final Object Repo/Page_Form 3 EIS - Cessation as Employer/Dormant EIS' is clicked on

2018-11-25 04:46:58 - [TEST_STEP][PASSED] - click: Object: 'Object Repository/Final Object Repo/Page_Form 3 EIS - Cessation as Employer/Calender' is clicked on

2018-11-25 04:46:58 - [MESSAGE][PASSED] - Object: 'Object Repository/Final Object Repo/Page_Form 3 EIS - Cessation as Employer/Calender' is clicked on

2018-11-25 04:46:58 - [TEST_STEP][PASSED] - delay: Delayed 1 second(s)

2018-11-25 04:46:59 - [MESSAGE][PASSED] - Delayed 1 second(s)

2018-11-25 04:46:59 - [TEST_STEP][PASSED] - click: Object: 'Object Repository/Final Object Repo/Page_Form 3 EIS - Cessation as Employer/Calender - Date' is clicked on

2018-11-25 04:46:59 - [MESSAGE][PASSED] - Object: 'Object Repository/Final Object Repo/Page_Form 3 EIS - Cessation as Employer/Calender - Date' is clicked on

2018-11-25 04:46:59 - [TEST_STEP][PASSED] - click: Object: 'Object Repository/Final Object Repo/Page_Form 3 EIS - Cessation as Employer/Save  Continue in Form 3 EIS Page' is clicked on

2018-11-25 04:46:59 - [MESSAGE][PASSED] - Object: 'Object Repository/Final Object Repo/Page_Form 3 EIS - Cessation as Employer/Save  Continue in Form 3 EIS Page' is clicked on

2018-11-25 04:46:59 - [TEST_STEP][PASSED] - delay: Delayed 1 second(s)

2018-11-25 04:47:00 - [MESSAGE][PASSED] - Delayed 1 second(s)

2018-11-25 04:47:00 - [TEST_STEP][PASSED] - click: Object: 'Object Repository/Final Object Repo/Page_Form 3 EIS - Cessation as Employer/Employment Resign Date' is clicked on

2018-11-25 04:47:01 - [MESSAGE][PASSED] - Object: 'Object Repository/Final Object Repo/Page_Form 3 EIS - Cessation as Employer/Employment Resign Date' is clicked on

2018-11-25 04:47:01 - [TEST_STEP][PASSED] - selectOptionByValue: All options with value '2018' are selected in object 'Object Repository/Final Object Repo/Page_Form 3 EIS - Cessation as Employer/Employment Resign Date - Year' 

2018-11-25 04:47:01 - [MESSAGE][PASSED] - All options with value '2018' are selected in object 'Object Repository/Final Object Repo/Page_Form 3 EIS - Cessation as Employer/Employment Resign Date - Year' 

2018-11-25 04:47:01 - [TEST_STEP][PASSED] - delay: Delayed 2 second(s)

2018-11-25 04:47:03 - [MESSAGE][PASSED] - Delayed 2 second(s)

2018-11-25 04:47:03 - [TEST_STEP][PASSED] - click: Object: 'Object Repository/Final Object Repo/Page_Form 3 EIS - Cessation as Employer/Employment Resign Date - Year - Date' is clicked on

2018-11-25 04:47:03 - [MESSAGE][PASSED] - Object: 'Object Repository/Final Object Repo/Page_Form 3 EIS - Cessation as Employer/Employment Resign Date - Year - Date' is clicked on

2018-11-25 04:47:03 - [TEST_STEP][PASSED] - delay: Delayed 2 second(s)

2018-11-25 04:47:05 - [MESSAGE][PASSED] - Delayed 2 second(s)

2018-11-25 04:47:05 - [TEST_STEP][PASSED] - click: Object: 'Object Repository/Final Object Repo/Page_Form 3 EIS - Cessation as Employer/Save  Continue in Employment Resign Page' is clicked on

2018-11-25 04:47:05 - [MESSAGE][PASSED] - Object: 'Object Repository/Final Object Repo/Page_Form 3 EIS - Cessation as Employer/Save  Continue in Employment Resign Page' is clicked on

2018-11-25 04:47:05 - [TEST_STEP][PASSED] - delay: Delayed 2 second(s)

2018-11-25 04:47:07 - [MESSAGE][PASSED] - Delayed 2 second(s)

2018-11-25 04:47:07 - [TEST_STEP][PASSED] - click: Object: 'Object Repository/Final Object Repo/Page_Form 3 EIS - Cessation as Employer/Add Document' is clicked on

2018-11-25 04:47:08 - [MESSAGE][PASSED] - Object: 'Object Repository/Final Object Repo/Page_Form 3 EIS - Cessation as Employer/Add Document' is clicked on

2018-11-25 04:47:08 - [TEST_STEP][PASSED] - delay: Delayed 3 second(s)

2018-11-25 04:47:11 - [MESSAGE][PASSED] - Delayed 3 second(s)

2018-11-25 04:47:11 - [TEST_STEP][PASSED] - click: Object: 'Object Repository/Final Object Repo/Page_Form 3 EIS - Cessation as Employer/Document Type' is clicked on

2018-11-25 04:47:12 - [MESSAGE][PASSED] - Object: 'Object Repository/Final Object Repo/Page_Form 3 EIS - Cessation as Employer/Document Type' is clicked on

2018-11-25 04:47:12 - [TEST_STEP][PASSED] - click: Object: 'Object Repository/Final Object Repo/Page_Form 3 EIS - Cessation as Employer/Document Type - Form 3' is clicked on

2018-11-25 04:47:12 - [MESSAGE][PASSED] - Object: 'Object Repository/Final Object Repo/Page_Form 3 EIS - Cessation as Employer/Document Type - Form 3' is clicked on

2018-11-25 04:47:12 - [TEST_STEP][PASSED] - delay: Delayed 2 second(s)

2018-11-25 04:47:14 - [MESSAGE][PASSED] - Delayed 2 second(s)

2018-11-25 04:47:14 - [TEST_STEP][PASSED] - sendKeys: Keys 'C:\Users\Public\Pictures\Sample Pictures\Koala.jpg' sent to object: 'Object Repository/Final Object Repo/Page_Form 3 EIS - Cessation as Employer/ploading File'

2018-11-25 04:47:14 - [MESSAGE][PASSED] - Keys 'C:\Users\Public\Pictures\Sample Pictures\Koala.jpg' sent to object: 'Object Repository/Final Object Repo/Page_Form 3 EIS - Cessation as Employer/ploading File'

2018-11-25 04:47:14 - [TEST_STEP][PASSED] - delay: Delayed 1 second(s)

2018-11-25 04:47:15 - [MESSAGE][PASSED] - Delayed 1 second(s)

2018-11-25 04:47:15 - [TEST_STEP][PASSED] - click: Object: 'Object Repository/Final Object Repo/Page_Form 3 EIS - Cessation as Employer/Add Document in Uploading Page' is clicked on

2018-11-25 04:47:15 - [MESSAGE][PASSED] - Object: 'Object Repository/Final Object Repo/Page_Form 3 EIS - Cessation as Employer/Add Document in Uploading Page' is clicked on

2018-11-25 04:47:15 - [TEST_STEP][PASSED] - delay: Delayed 2 second(s)

2018-11-25 04:47:17 - [MESSAGE][PASSED] - Delayed 2 second(s)

2018-11-25 04:47:17 - [TEST_STEP][PASSED] - Statement - CaseReferenceNo = com.kms.katalon.core.webui.keyword.WebUiBuiltInKeywords.getText(com.kms.katalon.core.testobject.ObjectRepository.findTestObject(Final Object Repo/Page_Update Employer Information/Reference Number in Update Employee Information Page)): Text of object 'Object Repository/Final Object Repo/Page_Update Employer Information/Reference Number in Update Employee Information Page' is: 'ERN112018C200002284'

2018-11-25 04:47:19 - [MESSAGE][PASSED] - Text of object 'Object Repository/Final Object Repo/Page_Update Employer Information/Reference Number in Update Employee Information Page' is: 'ERN112018C200002284'

2018-11-25 04:47:19 - [TEST_STEP][PASSED] - callTestCase: Call Test Case 'Test Cases/Final Aug 2018 - PKS Automation/Common/Reference Number Setter' successfully

2018-11-25 04:47:19 - [TEST_CASE][PASSED] - Test Cases/Final Aug 2018 - PKS Automation/Common/Reference Number Setter: Test Cases/Final Aug 2018 - PKS Automation/Common/Reference Number Setter

2018-11-25 04:47:19 - [TEST_STEP][PASSED] - Statement - RefNoOldFile = new java.io.File(C://Users//Admin//Desktop//PKS//Automation Reference Point//KatalonReference.txt): null

2018-11-25 04:47:19 - [TEST_STEP][PASSED] - Statement - RefNoOldFile.delete(): null

2018-11-25 04:47:19 - [TEST_STEP][PASSED] - delay: Delayed 5 second(s)

2018-11-25 04:47:24 - [MESSAGE][PASSED] - Delayed 5 second(s)

2018-11-25 04:47:24 - [TEST_STEP][PASSED] - Statement - RefNo = new java.io.File(C://Users//Admin//Desktop//PKS//Automation Reference Point//KatalonReference.txt): null

2018-11-25 04:47:24 - [TEST_STEP][PASSED] - Statement - f2 = new java.io.FileWriter(RefNo, false): null

2018-11-25 04:47:24 - [TEST_STEP][PASSED] - Statement - f2.write(CaseReferenceNo): null

2018-11-25 04:47:24 - [TEST_STEP][PASSED] - Statement - f2.close(): null

2018-11-25 04:47:24 - [TEST_STEP][PASSED] - Statement - out.println("


" + CaseReferenceNo + "


"): null

2018-11-25 04:47:24 - [MESSAGE][PASSED] - Call Test Case 'Test Cases/Final Aug 2018 - PKS Automation/Common/Reference Number Setter' successfully

2018-11-25 04:47:24 - [TEST_STEP][PASSED] - delay: Delayed 2 second(s)

2018-11-25 04:47:26 - [MESSAGE][PASSED] - Delayed 2 second(s)

2018-11-25 04:47:26 - [TEST_STEP][PASSED] - click: Object: 'Object Repository/Final Object Repo/Page_Form 3 EIS - Cessation as Employer/Save  Continue in Uploading Page' is clicked on

2018-11-25 04:47:26 - [MESSAGE][PASSED] - Object: 'Object Repository/Final Object Repo/Page_Form 3 EIS - Cessation as Employer/Save  Continue in Uploading Page' is clicked on

2018-11-25 04:47:26 - [TEST_STEP][PASSED] - delay: Delayed 2 second(s)

2018-11-25 04:47:28 - [MESSAGE][PASSED] - Delayed 2 second(s)

2018-11-25 04:47:28 - [TEST_STEP][PASSED] - click: Object: 'Object Repository/Final Object Repo/Page_Form 3 EIS - Cessation as Employer/Submit' is clicked on

2018-11-25 04:47:31 - [MESSAGE][PASSED] - Object: 'Object Repository/Final Object Repo/Page_Form 3 EIS - Cessation as Employer/Submit' is clicked on

2018-11-25 04:47:31 - [TEST_STEP][PASSED] - delay: Delayed 2 second(s)

2018-11-25 04:47:33 - [MESSAGE][PASSED] - Delayed 2 second(s)

2018-11-25 04:47:33 - [TEST_STEP][PASSED] - click: Object: 'Object Repository/Final Object Repo/Page_Form 3 EIS - Cessation as Employer/Confirm' is clicked on

2018-11-25 04:47:33 - [MESSAGE][PASSED] - Object: 'Object Repository/Final Object Repo/Page_Form 3 EIS - Cessation as Employer/Confirm' is clicked on

2018-11-25 04:47:33 - [TEST_STEP][PASSED] - delay: Delayed 2 second(s)

2018-11-25 04:47:35 - [MESSAGE][PASSED] - Delayed 2 second(s)

2018-11-25 04:47:35 - [TEST_STEP][PASSED] - click: Object: 'Object Repository/Final Object Repo/Page_Form 3 EIS - Cessation as Employer/Message Your Request will be routed to UO' is clicked on

2018-11-25 04:47:39 - [MESSAGE][PASSED] - Object: 'Object Repository/Final Object Repo/Page_Form 3 EIS - Cessation as Employer/Message Your Request will be routed to UO' is clicked on

2018-11-25 04:47:39 - [TEST_STEP][PASSED] - click: Object: 'Object Repository/Final Object Repo/Page_Form 3 EIS - Cessation as Employer/Letter of acknowledgement' is clicked on

2018-11-25 04:47:40 - [MESSAGE][PASSED] - Object: 'Object Repository/Final Object Repo/Page_Form 3 EIS - Cessation as Employer/Letter of acknowledgement' is clicked on

2018-11-25 04:47:40 - [MESSAGE][PASSED] - Call Test Case 'Test Cases/Final Aug 2018 - PKS Automation/Registration Module/Workflow/Form 3 EIS - Cessation As Employer/Template/Form 3 A - Cessation As Employer (PKRBO)' successfully

2018-11-25 04:47:40 - [TEST_STEP][FAILED] - callTestCase: Unable to call Test Case with id 'Test Cases/Final Aug 2018 - PKS Automation/Registration Module/Workflow/Form 3 EIS - Cessation As Employer/Template/Form 3 A - Cessation As Employer (Approve)' (Root cause: Call Test Case 'Test Cases/Final Aug 2018 - PKS Automation/Registration Module/Workflow/Form 3 EIS - Cessation As Employer/Template/Form 3 A - Cessation As Employer (Approve)' failed)

2018-11-25 04:47:40 - [TEST_CASE][FAILED] - Test Cases/Final Aug 2018 - PKS Automation/Registration Module/Workflow/Form 3 EIS - Cessation As Employer/Template/Form 3 A - Cessation As Employer (Approve): Test Cases/Final Aug 2018 - PKS Automation/Registration Module/Workflow/Form 3 EIS - Cessation As Employer/Template/Form 3 A - Cessation As Employer (Approve) FAILED because (of) (Stack trace: com.kms.katalon.core.exception.StepFailedException: Unable to click on object 'Object Repository/Final Object Repo/Landing Page/Select to English' (Root cause: com.kms.katalon.core.webui.exception.WebElementNotFoundException: Web element with id: 'Object Repository/Final Object Repo/Landing Page/Select to English' located by 'By.xpath: //a[@class = 'taglib-language-list-text' and @lang = 'en-US' and (contains(text(), 'EN') or contains(., 'EN'))]' not found)
	at com.kms.katalon.core.keyword.internal.KeywordMain.stepFailed(KeywordMain.groovy:32)
	at com.kms.katalon.core.webui.keyword.internal.WebUIKeywordMain.stepFailed(WebUIKeywordMain.groovy:65)
	at com.kms.katalon.core.webui.keyword.internal.WebUIKeywordMain.runKeyword(WebUIKeywordMain.groovy:27)
	at com.kms.katalon.core.webui.keyword.builtin.ClickKeyword.click(ClickKeyword.groovy:86)
	at com.kms.katalon.core.webui.keyword.builtin.ClickKeyword.execute(ClickKeyword.groovy:67)
	at com.kms.katalon.core.keyword.internal.KeywordExecutor.executeKeywordForPlatform(KeywordExecutor.groovy:53)
	at com.kms.katalon.core.webui.keyword.WebUiBuiltInKeywords.click(WebUiBuiltInKeywords.groovy:604)
	at com.kms.katalon.core.webui.keyword.WebUiBuiltInKeywords$click$9.call(Unknown Source)
	at Script1534407542420.run(Script1534407542420.groovy:57)
	at com.kms.katalon.core.main.ScriptEngine.run(ScriptEngine.java:183)
	at com.kms.katalon.core.main.ScriptEngine.runScriptAsRawText(ScriptEngine.java:108)
	at com.kms.katalon.core.main.TestCaseExecutor.runScript(TestCaseExecutor.java:294)
	at com.kms.katalon.core.main.TestCaseExecutor.doExecute(TestCaseExecutor.java:285)
	at com.kms.katalon.core.main.TestCaseExecutor.processExecutionPhase(TestCaseExecutor.java:264)
	at com.kms.katalon.core.main.TestCaseExecutor.accessMainPhase(TestCaseExecutor.java:256)
	at com.kms.katalon.core.main.TestCaseExecutor.execute(TestCaseExecutor.java:200)
	at com.kms.katalon.core.main.TestCaseMain.runTestCase(TestCaseMain.java:99)
	at com.kms.katalon.core.keyword.builtin.CallTestCaseKeyword$_callTestCase_closure1.doCall(CallTestCaseKeyword.groovy:60)
	at com.kms.katalon.core.keyword.builtin.CallTestCaseKeyword$_callTestCase_closure1.call(CallTestCaseKeyword.groovy)
	at com.kms.katalon.core.keyword.internal.KeywordMain.runKeyword(KeywordMain.groovy:54)
	at com.kms.katalon.core.keyword.builtin.CallTestCaseKeyword.callTestCase(CallTestCaseKeyword.groovy:81)
	at com.kms.katalon.core.keyword.builtin.CallTestCaseKeyword.execute(CallTestCaseKeyword.groovy:45)
	at com.kms.katalon.core.keyword.internal.KeywordExecutor.executeKeywordForPlatform(KeywordExecutor.groovy:53)
	at com.kms.katalon.core.keyword.BuiltinKeywords.callTestCase(BuiltinKeywords.groovy:334)
	at sun.reflect.GeneratedMethodAccessor15.invoke(Unknown Source)
	at sun.reflect.DelegatingMethodAccessorImpl.invoke(DelegatingMethodAccessorImpl.java:43)
	at java.lang.reflect.Method.invoke(Method.java:498)
	at org.codehaus.groovy.reflection.CachedMethod.invoke(CachedMethod.java:93)
	at groovy.lang.MetaMethod.doMethodInvoke(MetaMethod.java:325)
	at groovy.lang.MetaClassImpl.invokeStaticMethod(MetaClassImpl.java:1469)
	at org.codehaus.groovy.runtime.callsite.StaticMetaClassSite.call(StaticMetaClassSite.java:53)
	at org.codehaus.groovy.runtime.callsite.AbstractCallSite.call(AbstractCallSite.java:141)
	at Script1536043843412.run(Script1536043843412.groovy:34)
	at com.kms.katalon.core.main.ScriptEngine.run(ScriptEngine.java:183)
	at com.kms.katalon.core.main.ScriptEngine.runScriptAsRawText(ScriptEngine.java:108)
	at com.kms.katalon.core.main.TestCaseExecutor.runScript(TestCaseExecutor.java:294)
	at com.kms.katalon.core.main.TestCaseExecutor.doExecute(TestCaseExecutor.java:285)
	at com.kms.katalon.core.main.TestCaseExecutor.processExecutionPhase(TestCaseExecutor.java:264)
	at com.kms.katalon.core.main.TestCaseExecutor.accessMainPhase(TestCaseExecutor.java:256)
	at com.kms.katalon.core.main.TestCaseExecutor.execute(TestCaseExecutor.java:200)
	at com.kms.katalon.core.main.TestCaseMain.runTestCase(TestCaseMain.java:99)
	at com.kms.katalon.core.keyword.builtin.CallTestCaseKeyword$_callTestCase_closure1.doCall(CallTestCaseKeyword.groovy:60)
	at com.kms.katalon.core.keyword.builtin.CallTestCaseKeyword$_callTestCase_closure1.call(CallTestCaseKeyword.groovy)
	at com.kms.katalon.core.keyword.internal.KeywordMain.runKeyword(KeywordMain.groovy:54)
	at com.kms.katalon.core.keyword.builtin.CallTestCaseKeyword.callTestCase(CallTestCaseKeyword.groovy:81)
	at com.kms.katalon.core.keyword.builtin.CallTestCaseKeyword.execute(CallTestCaseKeyword.groovy:45)
	at com.kms.katalon.core.keyword.internal.KeywordExecutor.executeKeywordForPlatform(KeywordExecutor.groovy:53)
	at com.kms.katalon.core.keyword.BuiltinKeywords.callTestCase(BuiltinKeywords.groovy:334)
	at sun.reflect.GeneratedMethodAccessor15.invoke(Unknown Source)
	at sun.reflect.DelegatingMethodAccessorImpl.invoke(DelegatingMethodAccessorImpl.java:43)
	at java.lang.reflect.Method.invoke(Method.java:498)
	at org.codehaus.groovy.reflection.CachedMethod.invoke(CachedMethod.java:93)
	at groovy.lang.MetaMethod.doMethodInvoke(MetaMethod.java:325)
	at groovy.lang.MetaClassImpl.invokeStaticMethod(MetaClassImpl.java:1469)
	at org.codehaus.groovy.runtime.callsite.StaticMetaClassSite.call(StaticMetaClassSite.java:53)
	at org.codehaus.groovy.runtime.callsite.CallSiteArray.defaultCall(CallSiteArray.java:48)
	at org.codehaus.groovy.runtime.callsite.AbstractCallSite.call(AbstractCallSite.java:113)
	at org.codehaus.groovy.runtime.callsite.AbstractCallSite.call(AbstractCallSite.java:141)
	at Script1536204583402.run(Script1536204583402.groovy:25)
	at com.kms.katalon.core.main.ScriptEngine.run(ScriptEngine.java:183)
	at com.kms.katalon.core.main.ScriptEngine.runScriptAsRawText(ScriptEngine.java:108)
	at com.kms.katalon.core.main.TestCaseExecutor.runScript(TestCaseExecutor.java:294)
	at com.kms.katalon.core.main.TestCaseExecutor.doExecute(TestCaseExecutor.java:285)
	at com.kms.katalon.core.main.TestCaseExecutor.processExecutionPhase(TestCaseExecutor.java:264)
	at com.kms.katalon.core.main.TestCaseExecutor.accessMainPhase(TestCaseExecutor.java:256)
	at com.kms.katalon.core.main.TestCaseExecutor.execute(TestCaseExecutor.java:200)
	at com.kms.katalon.core.main.TestSuiteExecutor.accessTestCaseMainPhase(TestSuiteExecutor.java:129)
	at com.kms.katalon.core.main.TestSuiteExecutor.accessTestSuiteMainPhase(TestSuiteExecutor.java:112)
	at com.kms.katalon.core.main.TestSuiteExecutor.execute(TestSuiteExecutor.java:81)
	at com.kms.katalon.core.main.TestCaseMain.startTestSuite(TestCaseMain.java:142)
	at com.kms.katalon.core.main.TestCaseMain$startTestSuite$0.call(Unknown Source)
	at org.codehaus.groovy.runtime.callsite.CallSiteArray.defaultCall(CallSiteArray.java:48)
	at org.codehaus.groovy.runtime.callsite.AbstractCallSite.call(AbstractCallSite.java:113)
	at org.codehaus.groovy.runtime.callsite.AbstractCallSite.call(AbstractCallSite.java:141)
	at TempTestSuite1543076525234.run(TempTestSuite1543076525234.groovy:36)
	at groovy.lang.GroovyShell.runScriptOrMainOrTestOrRunnable(GroovyShell.java:263)
	at groovy.lang.GroovyShell.run(GroovyShell.java:518)
	at groovy.lang.GroovyShell.run(GroovyShell.java:507)
	at groovy.ui.GroovyMain.processOnce(GroovyMain.java:653)
	at groovy.ui.GroovyMain.run(GroovyMain.java:384)
	at groovy.ui.GroovyMain.process(GroovyMain.java:370)
	at groovy.ui.GroovyMain.processArgs(GroovyMain.java:129)
	at groovy.ui.GroovyMain.main(GroovyMain.java:109)
	at sun.reflect.NativeMethodAccessorImpl.invoke0(Native Method)
	at sun.reflect.NativeMethodAccessorImpl.invoke(NativeMethodAccessorImpl.java:62)
	at sun.reflect.DelegatingMethodAccessorImpl.invoke(DelegatingMethodAccessorImpl.java:43)
	at java.lang.reflect.Method.invoke(Method.java:498)
	at org.codehaus.groovy.tools.GroovyStarter.rootLoader(GroovyStarter.java:109)
	at org.codehaus.groovy.tools.GroovyStarter.main(GroovyStarter.java:131)
)

2018-11-25 04:47:40 - [TEST_STEP][NOT_RUN] - callTestCase: NOT_RUN: callTestCase

2018-11-25 04:47:40 - [MESSAGE][NOT_RUN] - NOT_RUN: callTestCase

2018-11-25 04:47:40 - [TEST_STEP][PASSED] - delay: Delayed 1 second(s)

2018-11-25 04:47:41 - [MESSAGE][PASSED] - Delayed 1 second(s)

2018-11-25 04:47:41 - [TEST_STEP][PASSED] - navigateToUrl: Navigate to 'https://assist2-uat.perkeso.gov.my/c/portal/logout' successfully

2018-11-25 04:47:42 - [MESSAGE][PASSED] - Navigate to 'https://assist2-uat.perkeso.gov.my/c/portal/logout' successfully

2018-11-25 04:47:42 - [TEST_STEP][PASSED] - delay: Delayed 1 second(s)

2018-11-25 04:47:43 - [MESSAGE][PASSED] - Delayed 1 second(s)

2018-11-25 04:47:43 - [TEST_STEP][PASSED] - callTestCase: Call Test Case 'Test Cases/Final Aug 2018 - PKS Automation/Common/Reference Number Getter' successfully

2018-11-25 04:47:43 - [TEST_CASE][PASSED] - Test Cases/Final Aug 2018 - PKS Automation/Common/Reference Number Getter: Test Cases/Final Aug 2018 - PKS Automation/Common/Reference Number Getter

2018-11-25 04:47:43 - [TEST_STEP][PASSED] - Statement - Try: null

2018-11-25 04:47:43 - [TEST_STEP][PASSED] - Statement - RefNo = new java.io.File(C://Users//Admin//Desktop//PKS//Automation Reference Point//KatalonReference.txt): null

2018-11-25 04:47:43 - [TEST_STEP][PASSED] - Statement - bufferread = new java.io.BufferedReader(new java.io.FileReader(RefNo)): null

2018-11-25 04:47:43 - [TEST_STEP][PASSED] - Statement - readedVal = bufferread.readLine(): null

2018-11-25 04:47:43 - [TEST_STEP][PASSED] - Statement - out.println(CaseReferenceNo): null

2018-11-25 04:47:43 - [TEST_STEP][PASSED] - Statement - out.println(readedVal): null

2018-11-25 04:47:43 - [TEST_STEP][PASSED] - Statement - CaseReferenceNo = "": null

2018-11-25 04:47:43 - [TEST_STEP][PASSED] - Statement - CaseReferenceNo = readedVal: null

2018-11-25 04:47:43 - [MESSAGE][PASSED] - Call Test Case 'Test Cases/Final Aug 2018 - PKS Automation/Common/Reference Number Getter' successfully

2018-11-25 04:47:43 - [TEST_STEP][FAILED] - callTestCase: Unable to call Test Case with id 'Test Cases/Final Aug 2018 - PKS Automation/Common/Workflow Owner Finder' (Root cause: Call Test Case 'Test Cases/Final Aug 2018 - PKS Automation/Common/Workflow Owner Finder' failed)

2018-11-25 04:47:43 - [TEST_CASE][FAILED] - Test Cases/Final Aug 2018 - PKS Automation/Common/Workflow Owner Finder: Test Cases/Final Aug 2018 - PKS Automation/Common/Workflow Owner Finder FAILED because (of) (Stack trace: com.kms.katalon.core.exception.StepFailedException: Unable to click on object 'Object Repository/Final Object Repo/Landing Page/Select to English' (Root cause: com.kms.katalon.core.webui.exception.WebElementNotFoundException: Web element with id: 'Object Repository/Final Object Repo/Landing Page/Select to English' located by 'By.xpath: //a[@class = 'taglib-language-list-text' and @lang = 'en-US' and (contains(text(), 'EN') or contains(., 'EN'))]' not found)
	at com.kms.katalon.core.keyword.internal.KeywordMain.stepFailed(KeywordMain.groovy:32)
	at com.kms.katalon.core.webui.keyword.internal.WebUIKeywordMain.stepFailed(WebUIKeywordMain.groovy:65)
	at com.kms.katalon.core.webui.keyword.internal.WebUIKeywordMain.runKeyword(WebUIKeywordMain.groovy:27)
	at com.kms.katalon.core.webui.keyword.builtin.ClickKeyword.click(ClickKeyword.groovy:86)
	at com.kms.katalon.core.webui.keyword.builtin.ClickKeyword.execute(ClickKeyword.groovy:67)
	at com.kms.katalon.core.keyword.internal.KeywordExecutor.executeKeywordForPlatform(KeywordExecutor.groovy:53)
	at com.kms.katalon.core.webui.keyword.WebUiBuiltInKeywords.click(WebUiBuiltInKeywords.groovy:604)
	at com.kms.katalon.core.webui.keyword.WebUiBuiltInKeywords$click$9.call(Unknown Source)
	at Script1534407542420.run(Script1534407542420.groovy:57)
	at com.kms.katalon.core.main.ScriptEngine.run(ScriptEngine.java:183)
	at com.kms.katalon.core.main.ScriptEngine.runScriptAsRawText(ScriptEngine.java:108)
	at com.kms.katalon.core.main.TestCaseExecutor.runScript(TestCaseExecutor.java:294)
	at com.kms.katalon.core.main.TestCaseExecutor.doExecute(TestCaseExecutor.java:285)
	at com.kms.katalon.core.main.TestCaseExecutor.processExecutionPhase(TestCaseExecutor.java:264)
	at com.kms.katalon.core.main.TestCaseExecutor.accessMainPhase(TestCaseExecutor.java:256)
	at com.kms.katalon.core.main.TestCaseExecutor.execute(TestCaseExecutor.java:200)
	at com.kms.katalon.core.main.TestCaseMain.runTestCase(TestCaseMain.java:99)
	at com.kms.katalon.core.keyword.builtin.CallTestCaseKeyword$_callTestCase_closure1.doCall(CallTestCaseKeyword.groovy:60)
	at com.kms.katalon.core.keyword.builtin.CallTestCaseKeyword$_callTestCase_closure1.call(CallTestCaseKeyword.groovy)
	at com.kms.katalon.core.keyword.internal.KeywordMain.runKeyword(KeywordMain.groovy:54)
	at com.kms.katalon.core.keyword.builtin.CallTestCaseKeyword.callTestCase(CallTestCaseKeyword.groovy:81)
	at com.kms.katalon.core.keyword.builtin.CallTestCaseKeyword.execute(CallTestCaseKeyword.groovy:45)
	at com.kms.katalon.core.keyword.internal.KeywordExecutor.executeKeywordForPlatform(KeywordExecutor.groovy:53)
	at com.kms.katalon.core.keyword.BuiltinKeywords.callTestCase(BuiltinKeywords.groovy:334)
	at sun.reflect.GeneratedMethodAccessor15.invoke(Unknown Source)
	at sun.reflect.DelegatingMethodAccessorImpl.invoke(DelegatingMethodAccessorImpl.java:43)
	at java.lang.reflect.Method.invoke(Method.java:498)
	at org.codehaus.groovy.reflection.CachedMethod.invoke(CachedMethod.java:93)
	at groovy.lang.MetaMethod.doMethodInvoke(MetaMethod.java:325)
	at groovy.lang.MetaClassImpl.invokeStaticMethod(MetaClassImpl.java:1469)
	at org.codehaus.groovy.runtime.callsite.StaticMetaClassSite.call(StaticMetaClassSite.java:53)
	at org.codehaus.groovy.runtime.callsite.AbstractCallSite.call(AbstractCallSite.java:141)
	at Script1536043843412.run(Script1536043843412.groovy:34)
	at com.kms.katalon.core.main.ScriptEngine.run(ScriptEngine.java:183)
	at com.kms.katalon.core.main.ScriptEngine.runScriptAsRawText(ScriptEngine.java:108)
	at com.kms.katalon.core.main.TestCaseExecutor.runScript(TestCaseExecutor.java:294)
	at com.kms.katalon.core.main.TestCaseExecutor.doExecute(TestCaseExecutor.java:285)
	at com.kms.katalon.core.main.TestCaseExecutor.processExecutionPhase(TestCaseExecutor.java:264)
	at com.kms.katalon.core.main.TestCaseExecutor.accessMainPhase(TestCaseExecutor.java:256)
	at com.kms.katalon.core.main.TestCaseExecutor.execute(TestCaseExecutor.java:200)
	at com.kms.katalon.core.main.TestCaseMain.runTestCase(TestCaseMain.java:99)
	at com.kms.katalon.core.keyword.builtin.CallTestCaseKeyword$_callTestCase_closure1.doCall(CallTestCaseKeyword.groovy:60)
	at com.kms.katalon.core.keyword.builtin.CallTestCaseKeyword$_callTestCase_closure1.call(CallTestCaseKeyword.groovy)
	at com.kms.katalon.core.keyword.internal.KeywordMain.runKeyword(KeywordMain.groovy:54)
	at com.kms.katalon.core.keyword.builtin.CallTestCaseKeyword.callTestCase(CallTestCaseKeyword.groovy:81)
	at com.kms.katalon.core.keyword.builtin.CallTestCaseKeyword.execute(CallTestCaseKeyword.groovy:45)
	at com.kms.katalon.core.keyword.internal.KeywordExecutor.executeKeywordForPlatform(KeywordExecutor.groovy:53)
	at com.kms.katalon.core.keyword.BuiltinKeywords.callTestCase(BuiltinKeywords.groovy:334)
	at sun.reflect.GeneratedMethodAccessor15.invoke(Unknown Source)
	at sun.reflect.DelegatingMethodAccessorImpl.invoke(DelegatingMethodAccessorImpl.java:43)
	at java.lang.reflect.Method.invoke(Method.java:498)
	at org.codehaus.groovy.reflection.CachedMethod.invoke(CachedMethod.java:93)
	at groovy.lang.MetaMethod.doMethodInvoke(MetaMethod.java:325)
	at groovy.lang.MetaClassImpl.invokeStaticMethod(MetaClassImpl.java:1469)
	at org.codehaus.groovy.runtime.callsite.StaticMetaClassSite.call(StaticMetaClassSite.java:53)
	at org.codehaus.groovy.runtime.callsite.CallSiteArray.defaultCall(CallSiteArray.java:48)
	at org.codehaus.groovy.runtime.callsite.AbstractCallSite.call(AbstractCallSite.java:113)
	at org.codehaus.groovy.runtime.callsite.AbstractCallSite.call(AbstractCallSite.java:141)
	at Script1536204583402.run(Script1536204583402.groovy:25)
	at com.kms.katalon.core.main.ScriptEngine.run(ScriptEngine.java:183)
	at com.kms.katalon.core.main.ScriptEngine.runScriptAsRawText(ScriptEngine.java:108)
	at com.kms.katalon.core.main.TestCaseExecutor.runScript(TestCaseExecutor.java:294)
	at com.kms.katalon.core.main.TestCaseExecutor.doExecute(TestCaseExecutor.java:285)
	at com.kms.katalon.core.main.TestCaseExecutor.processExecutionPhase(TestCaseExecutor.java:264)
	at com.kms.katalon.core.main.TestCaseExecutor.accessMainPhase(TestCaseExecutor.java:256)
	at com.kms.katalon.core.main.TestCaseExecutor.execute(TestCaseExecutor.java:200)
	at com.kms.katalon.core.main.TestSuiteExecutor.accessTestCaseMainPhase(TestSuiteExecutor.java:129)
	at com.kms.katalon.core.main.TestSuiteExecutor.accessTestSuiteMainPhase(TestSuiteExecutor.java:112)
	at com.kms.katalon.core.main.TestSuiteExecutor.execute(TestSuiteExecutor.java:81)
	at com.kms.katalon.core.main.TestCaseMain.startTestSuite(TestCaseMain.java:142)
	at com.kms.katalon.core.main.TestCaseMain$startTestSuite$0.call(Unknown Source)
	at org.codehaus.groovy.runtime.callsite.CallSiteArray.defaultCall(CallSiteArray.java:48)
	at org.codehaus.groovy.runtime.callsite.AbstractCallSite.call(AbstractCallSite.java:113)
	at org.codehaus.groovy.runtime.callsite.AbstractCallSite.call(AbstractCallSite.java:141)
	at TempTestSuite1543076525234.run(TempTestSuite1543076525234.groovy:36)
	at groovy.lang.GroovyShell.runScriptOrMainOrTestOrRunnable(GroovyShell.java:263)
	at groovy.lang.GroovyShell.run(GroovyShell.java:518)
	at groovy.lang.GroovyShell.run(GroovyShell.java:507)
	at groovy.ui.GroovyMain.processOnce(GroovyMain.java:653)
	at groovy.ui.GroovyMain.run(GroovyMain.java:384)
	at groovy.ui.GroovyMain.process(GroovyMain.java:370)
	at groovy.ui.GroovyMain.processArgs(GroovyMain.java:129)
	at groovy.ui.GroovyMain.main(GroovyMain.java:109)
	at sun.reflect.NativeMethodAccessorImpl.invoke0(Native Method)
	at sun.reflect.NativeMethodAccessorImpl.invoke(NativeMethodAccessorImpl.java:62)
	at sun.reflect.DelegatingMethodAccessorImpl.invoke(DelegatingMethodAccessorImpl.java:43)
	at java.lang.reflect.Method.invoke(Method.java:498)
	at org.codehaus.groovy.tools.GroovyStarter.rootLoader(GroovyStarter.java:109)
	at org.codehaus.groovy.tools.GroovyStarter.main(GroovyStarter.java:131)
)

2018-11-25 04:47:43 - [TEST_STEP][PASSED] - openBrowser: Browser is opened with url: ''

2018-11-25 04:47:43 - [MESSAGE][WARNING] - A browser is already opened. Closing browser and opening a new one

2018-11-25 04:47:47 - [MESSAGE][PASSED] - Browser is opened with url: ''

2018-11-25 04:47:47 - [TEST_STEP][PASSED] - navigateToUrl: Navigate to 'https://assist2-uat.perkeso.gov.my/login' successfully

2018-11-25 04:47:48 - [MESSAGE][PASSED] - Navigate to 'https://assist2-uat.perkeso.gov.my/login' successfully

2018-11-25 04:47:48 - [TEST_STEP][PASSED] - delay: Delayed 5 second(s)

2018-11-25 04:47:53 - [MESSAGE][PASSED] - Delayed 5 second(s)

2018-11-25 04:47:53 - [TEST_STEP][PASSED] - setText: Text 'test@liferay.com' is set on object 'Object Repository/Final Object Repo/Login Page/Internal User/Email Address'

2018-11-25 04:47:53 - [MESSAGE][PASSED] - Text 'test@liferay.com' is set on object 'Object Repository/Final Object Repo/Login Page/Internal User/Email Address'

2018-11-25 04:47:53 - [TEST_STEP][PASSED] - click: Object: 'Object Repository/Final Object Repo/Login Page/Internal User/Next Button' is clicked on

2018-11-25 04:47:53 - [MESSAGE][PASSED] - Object: 'Object Repository/Final Object Repo/Login Page/Internal User/Next Button' is clicked on

2018-11-25 04:47:53 - [TEST_STEP][PASSED] - delay: Delayed 2 second(s)

2018-11-25 04:47:55 - [MESSAGE][PASSED] - Delayed 2 second(s)

2018-11-25 04:47:55 - [TEST_STEP][PASSED] - setText: Text 'test' is set on object 'Object Repository/Final Object Repo/Login Page/Internal User/Password'

2018-11-25 04:47:56 - [MESSAGE][PASSED] - Text 'test' is set on object 'Object Repository/Final Object Repo/Login Page/Internal User/Password'

2018-11-25 04:47:56 - [TEST_STEP][PASSED] - delay: Delayed 2 second(s)

2018-11-25 04:47:58 - [MESSAGE][PASSED] - Delayed 2 second(s)

2018-11-25 04:47:58 - [TEST_STEP][PASSED] - click: Object: 'Object Repository/Final Object Repo/Login Page/Internal User/Login Button' is clicked on

2018-11-25 04:47:58 - [MESSAGE][PASSED] - Object: 'Object Repository/Final Object Repo/Login Page/Internal User/Login Button' is clicked on

2018-11-25 04:47:58 - [TEST_STEP][FAILED] - Statement - Try: Delayed 2 second(s)

2018-11-25 04:47:58 - [TEST_STEP][PASSED] - Statement - Checker = false: null

2018-11-25 04:47:58 - [TEST_STEP][PASSED] - Statement - Checker = com.kms.katalon.core.webui.keyword.WebUiBuiltInKeywords.verifyElementHasAttribute(com.kms.katalon.core.testobject.ObjectRepository.findTestObject(Final Object Repo/Landing Page/BM Detecting), "href", 20, OPTIONAL): Unable to verify if object 'Object Repository/Final Object Repo/Landing Page/BM Detecting' has attribute 'href' (Root cause: org.openqa.selenium.StaleElementReferenceException: stale element reference: element is not attached to the page document
  (Session info: chrome=70.0.3538.102)
  (Driver info: chromedriver=2.43.600210 (68dcf5eebde37173d4027fa8635e332711d2874a),platform=Windows NT 6.1.7601 SP1 x86_64) (WARNING: The server did not provide any stacktrace information)
Command duration or timeout: 0 milliseconds
For documentation on this error, please visit: http://seleniumhq.org/exceptions/stale_element_reference.html
Build info: version: '3.7.1', revision: '8a0099a', time: '2017-11-06T21:07:36.161Z'
System info: host: 'WIN7TEST02', ip: '10.20.3.72', os.name: 'Windows 7', os.arch: 'amd64', os.version: '6.1', java.version: '1.8.0_181'
Driver info: com.kms.katalon.selenium.driver.CChromeDriver
Capabilities {acceptInsecureCerts: false, acceptSslCerts: false, applicationCacheEnabled: false, browserConnectionEnabled: false, browserName: chrome, chrome: {chromedriverVersion: 2.43.600210 (68dcf5eebde371..., userDataDir: C:\Users\Admin\AppData\Loca...}, cssSelectorsEnabled: true, databaseEnabled: false, goog:chromeOptions: {debuggerAddress: localhost:53604}, handlesAlerts: true, hasTouchScreen: false, javascriptEnabled: true, locationContextEnabled: true, mobileEmulationEnabled: false, nativeEvents: true, networkConnectionEnabled: false, pageLoadStrategy: normal, platform: XP, platformName: XP, rotatable: false, setWindowRect: true, takesHeapSnapshot: true, takesScreenshot: true, unexpectedAlertBehaviour: , unhandledPromptBehavior: , version: 70.0.3538.102, webStorageEnabled: true}
Session ID: 8f73e4ad5825c79247951cca03941495)

2018-11-25 04:48:00 - [MESSAGE][WARNING] - Unable to verify if object 'Object Repository/Final Object Repo/Landing Page/BM Detecting' has attribute 'href' (Root cause: org.openqa.selenium.StaleElementReferenceException: stale element reference: element is not attached to the page document
  (Session info: chrome=70.0.3538.102)
  (Driver info: chromedriver=2.43.600210 (68dcf5eebde37173d4027fa8635e332711d2874a),platform=Windows NT 6.1.7601 SP1 x86_64) (WARNING: The server did not provide any stacktrace information)
Command duration or timeout: 0 milliseconds
For documentation on this error, please visit: http://seleniumhq.org/exceptions/stale_element_reference.html
Build info: version: '3.7.1', revision: '8a0099a', time: '2017-11-06T21:07:36.161Z'
System info: host: 'WIN7TEST02', ip: '10.20.3.72', os.name: 'Windows 7', os.arch: 'amd64', os.version: '6.1', java.version: '1.8.0_181'
Driver info: com.kms.katalon.selenium.driver.CChromeDriver
Capabilities {acceptInsecureCerts: false, acceptSslCerts: false, applicationCacheEnabled: false, browserConnectionEnabled: false, browserName: chrome, chrome: {chromedriverVersion: 2.43.600210 (68dcf5eebde371..., userDataDir: C:\Users\Admin\AppData\Loca...}, cssSelectorsEnabled: true, databaseEnabled: false, goog:chromeOptions: {debuggerAddress: localhost:53604}, handlesAlerts: true, hasTouchScreen: false, javascriptEnabled: true, locationContextEnabled: true, mobileEmulationEnabled: false, nativeEvents: true, networkConnectionEnabled: false, pageLoadStrategy: normal, platform: XP, platformName: XP, rotatable: false, setWindowRect: true, takesHeapSnapshot: true, takesScreenshot: true, unexpectedAlertBehaviour: , unhandledPromptBehavior: , version: 70.0.3538.102, webStorageEnabled: true}
Session ID: 8f73e4ad5825c79247951cca03941495)
[[ATTACHMENT|C:\\Users\\Admin\\Desktop\\PKS\\Perkeso Phase A\\Reports\\Workflow\\Form 3 EIS - Cessation as Employer\\20181125_002205\\1543092480006.png]]

2018-11-25 04:48:00 - [TEST_STEP][PASSED] - Statement - out.println(Checker): null

2018-11-25 04:48:00 - [TEST_STEP][FAILED] - Statement - If (Checker == false): Unable to click on object 'Object Repository/Final Object Repo/Landing Page/Select to English' (Root cause: com.kms.katalon.core.webui.exception.WebElementNotFoundException: Web element with id: 'Object Repository/Final Object Repo/Landing Page/Select to English' located by 'By.xpath: //a[@class = 'taglib-language-list-text' and @lang = 'en-US' and (contains(text(), 'EN') or contains(., 'EN'))]' not found)

2018-11-25 04:48:00 - [TEST_STEP][FAILED] - click: Unable to click on object 'Object Repository/Final Object Repo/Landing Page/Select to English' (Root cause: com.kms.katalon.core.webui.exception.WebElementNotFoundException: Web element with id: 'Object Repository/Final Object Repo/Landing Page/Select to English' located by 'By.xpath: //a[@class = 'taglib-language-list-text' and @lang = 'en-US' and (contains(text(), 'EN') or contains(., 'EN'))]' not found)

2018-11-25 04:48:37 - [MESSAGE][FAILED] - Unable to click on object 'Object Repository/Final Object Repo/Landing Page/Select to English' (Root cause: com.kms.katalon.core.webui.exception.WebElementNotFoundException: Web element with id: 'Object Repository/Final Object Repo/Landing Page/Select to English' located by 'By.xpath: //a[@class = 'taglib-language-list-text' and @lang = 'en-US' and (contains(text(), 'EN') or contains(., 'EN'))]' not found)
[[ATTACHMENT|C:\\Users\\Admin\\Desktop\\PKS\\Perkeso Phase A\\Reports\\Workflow\\Form 3 EIS - Cessation as Employer\\20181125_002205\\1543092517318.png]]

2018-11-25 04:48:37 - [TEST_STEP][PASSED] - delay: Delayed 2 second(s)

2018-11-25 04:48:39 - [MESSAGE][PASSED] - Delayed 2 second(s)

2018-11-25 04:48:39 - [TEST_STEP][PASSED] - delay: Delayed 3 second(s)

2018-11-25 04:48:42 - [MESSAGE][PASSED] - Delayed 3 second(s)

2018-11-25 04:48:42 - [TEST_STEP][PASSED] - mouseOver: Object: 'Object Repository/Final Object Repo/Landing Page/WorkFlow Menu' is hovered

2018-11-25 04:48:42 - [MESSAGE][PASSED] - Object: 'Object Repository/Final Object Repo/Landing Page/WorkFlow Menu' is hovered

2018-11-25 04:48:42 - [TEST_STEP][PASSED] - delay: Delayed 2 second(s)

2018-11-25 04:48:44 - [MESSAGE][PASSED] - Delayed 2 second(s)

2018-11-25 04:48:44 - [TEST_STEP][FAILED] - click: Unable to click on object 'Object Repository/Final Object Repo/Landing Page/Select to Workflow Listing' (Root cause: org.openqa.selenium.ElementNotVisibleException: element not interactable
  (Session info: chrome=70.0.3538.102)
  (Driver info: chromedriver=2.43.600210 (68dcf5eebde37173d4027fa8635e332711d2874a),platform=Windows NT 6.1.7601 SP1 x86_64) (WARNING: The server did not provide any stacktrace information)
Command duration or timeout: 0 milliseconds
Build info: version: '3.7.1', revision: '8a0099a', time: '2017-11-06T21:07:36.161Z'
System info: host: 'WIN7TEST02', ip: '10.20.3.72', os.name: 'Windows 7', os.arch: 'amd64', os.version: '6.1', java.version: '1.8.0_181'
Driver info: com.kms.katalon.selenium.driver.CChromeDriver
Capabilities {acceptInsecureCerts: false, acceptSslCerts: false, applicationCacheEnabled: false, browserConnectionEnabled: false, browserName: chrome, chrome: {chromedriverVersion: 2.43.600210 (68dcf5eebde371..., userDataDir: C:\Users\Admin\AppData\Loca...}, cssSelectorsEnabled: true, databaseEnabled: false, goog:chromeOptions: {debuggerAddress: localhost:53604}, handlesAlerts: true, hasTouchScreen: false, javascriptEnabled: true, locationContextEnabled: true, mobileEmulationEnabled: false, nativeEvents: true, networkConnectionEnabled: false, pageLoadStrategy: normal, platform: XP, platformName: XP, rotatable: false, setWindowRect: true, takesHeapSnapshot: true, takesScreenshot: true, unexpectedAlertBehaviour: , unhandledPromptBehavior: , version: 70.0.3538.102, webStorageEnabled: true}
Session ID: 8f73e4ad5825c79247951cca03941495)

2018-11-25 04:48:45 - [MESSAGE][FAILED] - Unable to click on object 'Object Repository/Final Object Repo/Landing Page/Select to Workflow Listing' (Root cause: org.openqa.selenium.ElementNotVisibleException: element not interactable
  (Session info: chrome=70.0.3538.102)
  (Driver info: chromedriver=2.43.600210 (68dcf5eebde37173d4027fa8635e332711d2874a),platform=Windows NT 6.1.7601 SP1 x86_64) (WARNING: The server did not provide any stacktrace information)
Command duration or timeout: 0 milliseconds
Build info: version: '3.7.1', revision: '8a0099a', time: '2017-11-06T21:07:36.161Z'
System info: host: 'WIN7TEST02', ip: '10.20.3.72', os.name: 'Windows 7', os.arch: 'amd64', os.version: '6.1', java.version: '1.8.0_181'
Driver info: com.kms.katalon.selenium.driver.CChromeDriver
Capabilities {acceptInsecureCerts: false, acceptSslCerts: false, applicationCacheEnabled: false, browserConnectionEnabled: false, browserName: chrome, chrome: {chromedriverVersion: 2.43.600210 (68dcf5eebde371..., userDataDir: C:\Users\Admin\AppData\Loca...}, cssSelectorsEnabled: true, databaseEnabled: false, goog:chromeOptions: {debuggerAddress: localhost:53604}, handlesAlerts: true, hasTouchScreen: false, javascriptEnabled: true, locationContextEnabled: true, mobileEmulationEnabled: false, nativeEvents: true, networkConnectionEnabled: false, pageLoadStrategy: normal, platform: XP, platformName: XP, rotatable: false, setWindowRect: true, takesHeapSnapshot: true, takesScreenshot: true, unexpectedAlertBehaviour: , unhandledPromptBehavior: , version: 70.0.3538.102, webStorageEnabled: true}
Session ID: 8f73e4ad5825c79247951cca03941495)
[[ATTACHMENT|C:\\Users\\Admin\\Desktop\\PKS\\Perkeso Phase A\\Reports\\Workflow\\Form 3 EIS - Cessation as Employer\\20181125_002205\\1543092524819.png]]

2018-11-25 04:48:45 - [TEST_STEP][PASSED] - delay: Delayed 2 second(s)

2018-11-25 04:48:47 - [MESSAGE][PASSED] - Delayed 2 second(s)

2018-11-25 04:48:47 - [TEST_STEP][FAILED] - click: Unable to click on object 'Object Repository/Final Object Repo/WorkFlow Listing Page/Search Information - To Put Ref No' (Root cause: com.kms.katalon.core.webui.exception.WebElementNotFoundException: Web element with id: 'Object Repository/Final Object Repo/WorkFlow Listing Page/Search Information - To Put Ref No' located by 'By.xpath: //h2[@data-target = '#_workflowlisting_WAR_baseportlet_searchDiv' and (text() = 'Search Information' or . = 'Search Information')]' not found)

2018-11-25 04:49:18 - [MESSAGE][FAILED] - Unable to click on object 'Object Repository/Final Object Repo/WorkFlow Listing Page/Search Information - To Put Ref No' (Root cause: com.kms.katalon.core.webui.exception.WebElementNotFoundException: Web element with id: 'Object Repository/Final Object Repo/WorkFlow Listing Page/Search Information - To Put Ref No' located by 'By.xpath: //h2[@data-target = '#_workflowlisting_WAR_baseportlet_searchDiv' and (text() = 'Search Information' or . = 'Search Information')]' not found)
[[ATTACHMENT|C:\\Users\\Admin\\Desktop\\PKS\\Perkeso Phase A\\Reports\\Workflow\\Form 3 EIS - Cessation as Employer\\20181125_002205\\1543092558412.png]]

2018-11-25 04:49:18 - [TEST_STEP][PASSED] - delay: Delayed 2 second(s)

2018-11-25 04:49:20 - [MESSAGE][PASSED] - Delayed 2 second(s)

2018-11-25 04:49:20 - [TEST_STEP][PASSED] - callTestCase: Call Test Case 'Test Cases/Final Aug 2018 - PKS Automation/Common/Reference Number Getter' successfully

2018-11-25 04:49:20 - [TEST_CASE][PASSED] - Test Cases/Final Aug 2018 - PKS Automation/Common/Reference Number Getter: Test Cases/Final Aug 2018 - PKS Automation/Common/Reference Number Getter

2018-11-25 04:49:20 - [TEST_STEP][PASSED] - Statement - Try: null

2018-11-25 04:49:20 - [TEST_STEP][PASSED] - Statement - RefNo = new java.io.File(C://Users//Admin//Desktop//PKS//Automation Reference Point//KatalonReference.txt): null

2018-11-25 04:49:20 - [TEST_STEP][PASSED] - Statement - bufferread = new java.io.BufferedReader(new java.io.FileReader(RefNo)): null

2018-11-25 04:49:20 - [TEST_STEP][PASSED] - Statement - readedVal = bufferread.readLine(): null

2018-11-25 04:49:20 - [TEST_STEP][PASSED] - Statement - out.println(CaseReferenceNo): null

2018-11-25 04:49:20 - [TEST_STEP][PASSED] - Statement - out.println(readedVal): null

2018-11-25 04:49:20 - [TEST_STEP][PASSED] - Statement - CaseReferenceNo = "": null

2018-11-25 04:49:20 - [TEST_STEP][PASSED] - Statement - CaseReferenceNo = readedVal: null

2018-11-25 04:49:20 - [MESSAGE][PASSED] - Call Test Case 'Test Cases/Final Aug 2018 - PKS Automation/Common/Reference Number Getter' successfully

2018-11-25 04:49:20 - [TEST_STEP][FAILED] - setText: Unable to set text 'ERN112018C200002284' of object 'Object Repository/Final Object Repo/WorkFlow Listing Page/Ref No Set Text' (Root cause: com.kms.katalon.core.webui.exception.WebElementNotFoundException: Web element with id: 'Object Repository/Final Object Repo/WorkFlow Listing Page/Ref No Set Text' located by 'By.xpath: //input[@id = '_workflowlisting_WAR_baseportlet_dto.trxReferenceNum' and @name = '_workflowlisting_WAR_baseportlet_dto.trxReferenceNum' and @type = 'text']' not found)

2018-11-25 04:49:52 - [MESSAGE][FAILED] - Unable to set text 'ERN112018C200002284' of object 'Object Repository/Final Object Repo/WorkFlow Listing Page/Ref No Set Text' (Root cause: com.kms.katalon.core.webui.exception.WebElementNotFoundException: Web element with id: 'Object Repository/Final Object Repo/WorkFlow Listing Page/Ref No Set Text' located by 'By.xpath: //input[@id = '_workflowlisting_WAR_baseportlet_dto.trxReferenceNum' and @name = '_workflowlisting_WAR_baseportlet_dto.trxReferenceNum' and @type = 'text']' not found)
[[ATTACHMENT|C:\\Users\\Admin\\Desktop\\PKS\\Perkeso Phase A\\Reports\\Workflow\\Form 3 EIS - Cessation as Employer\\20181125_002205\\1543092592447.png]]

2018-11-25 04:49:52 - [TEST_STEP][PASSED] - delay: Delayed 2 second(s)

2018-11-25 04:49:54 - [MESSAGE][PASSED] - Delayed 2 second(s)

2018-11-25 04:49:54 - [TEST_STEP][FAILED] - click: Unable to click on object 'Object Repository/Final Object Repo/WorkFlow Listing Page/Search Ref No Search Button' (Root cause: org.openqa.selenium.ElementNotVisibleException: element not interactable
  (Session info: chrome=70.0.3538.102)
  (Driver info: chromedriver=2.43.600210 (68dcf5eebde37173d4027fa8635e332711d2874a),platform=Windows NT 6.1.7601 SP1 x86_64) (WARNING: The server did not provide any stacktrace information)
Command duration or timeout: 0 milliseconds
Build info: version: '3.7.1', revision: '8a0099a', time: '2017-11-06T21:07:36.161Z'
System info: host: 'WIN7TEST02', ip: '10.20.3.72', os.name: 'Windows 7', os.arch: 'amd64', os.version: '6.1', java.version: '1.8.0_181'
Driver info: com.kms.katalon.selenium.driver.CChromeDriver
Capabilities {acceptInsecureCerts: false, acceptSslCerts: false, applicationCacheEnabled: false, browserConnectionEnabled: false, browserName: chrome, chrome: {chromedriverVersion: 2.43.600210 (68dcf5eebde371..., userDataDir: C:\Users\Admin\AppData\Loca...}, cssSelectorsEnabled: true, databaseEnabled: false, goog:chromeOptions: {debuggerAddress: localhost:53604}, handlesAlerts: true, hasTouchScreen: false, javascriptEnabled: true, locationContextEnabled: true, mobileEmulationEnabled: false, nativeEvents: true, networkConnectionEnabled: false, pageLoadStrategy: normal, platform: XP, platformName: XP, rotatable: false, setWindowRect: true, takesHeapSnapshot: true, takesScreenshot: true, unexpectedAlertBehaviour: , unhandledPromptBehavior: , version: 70.0.3538.102, webStorageEnabled: true}
Session ID: 8f73e4ad5825c79247951cca03941495)

2018-11-25 04:49:55 - [MESSAGE][FAILED] - Unable to click on object 'Object Repository/Final Object Repo/WorkFlow Listing Page/Search Ref No Search Button' (Root cause: org.openqa.selenium.ElementNotVisibleException: element not interactable
  (Session info: chrome=70.0.3538.102)
  (Driver info: chromedriver=2.43.600210 (68dcf5eebde37173d4027fa8635e332711d2874a),platform=Windows NT 6.1.7601 SP1 x86_64) (WARNING: The server did not provide any stacktrace information)
Command duration or timeout: 0 milliseconds
Build info: version: '3.7.1', revision: '8a0099a', time: '2017-11-06T21:07:36.161Z'
System info: host: 'WIN7TEST02', ip: '10.20.3.72', os.name: 'Windows 7', os.arch: 'amd64', os.version: '6.1', java.version: '1.8.0_181'
Driver info: com.kms.katalon.selenium.driver.CChromeDriver
Capabilities {acceptInsecureCerts: false, acceptSslCerts: false, applicationCacheEnabled: false, browserConnectionEnabled: false, browserName: chrome, chrome: {chromedriverVersion: 2.43.600210 (68dcf5eebde371..., userDataDir: C:\Users\Admin\AppData\Loca...}, cssSelectorsEnabled: true, databaseEnabled: false, goog:chromeOptions: {debuggerAddress: localhost:53604}, handlesAlerts: true, hasTouchScreen: false, javascriptEnabled: true, locationContextEnabled: true, mobileEmulationEnabled: false, nativeEvents: true, networkConnectionEnabled: false, pageLoadStrategy: normal, platform: XP, platformName: XP, rotatable: false, setWindowRect: true, takesHeapSnapshot: true, takesScreenshot: true, unexpectedAlertBehaviour: , unhandledPromptBehavior: , version: 70.0.3538.102, webStorageEnabled: true}
Session ID: 8f73e4ad5825c79247951cca03941495)
[[ATTACHMENT|C:\\Users\\Admin\\Desktop\\PKS\\Perkeso Phase A\\Reports\\Workflow\\Form 3 EIS - Cessation as Employer\\20181125_002205\\1543092594873.png]]

2018-11-25 04:49:55 - [TEST_STEP][PASSED] - delay: Delayed 4 second(s)

2018-11-25 04:49:59 - [MESSAGE][PASSED] - Delayed 4 second(s)

2018-11-25 04:49:59 - [TEST_STEP][PASSED] - click: Object: 'Object Repository/Final Object Repo/WorkFlow Listing Page/Click Continue Tooltip' is clicked on

2018-11-25 04:50:00 - [MESSAGE][PASSED] - Object: 'Object Repository/Final Object Repo/WorkFlow Listing Page/Click Continue Tooltip' is clicked on

2018-11-25 04:50:00 - [TEST_STEP][PASSED] - delay: Delayed 5 second(s)

2018-11-25 04:50:05 - [MESSAGE][PASSED] - Delayed 5 second(s)

2018-11-25 04:50:05 - [TEST_STEP][FAILED] - doubleClick: Unable to double click on object 'Object Repository/Final Object Repo/WorkFlow Listing Page/Workflow Found - Listing 1' (Root cause: com.kms.katalon.core.webui.exception.WebElementNotFoundException: Web element with id: 'Object Repository/Final Object Repo/WorkFlow Listing Page/Workflow Found - Listing 1' located by 'By.xpath: //body/div/div/div/div/div/div/div/div/div/div/div/div/div/div/div/div/table/tbody/tr/td[@class='table-cell  first']/following-sibling::td[1]' not found)

2018-11-25 04:50:37 - [MESSAGE][FAILED] - Unable to double click on object 'Object Repository/Final Object Repo/WorkFlow Listing Page/Workflow Found - Listing 1' (Root cause: com.kms.katalon.core.webui.exception.WebElementNotFoundException: Web element with id: 'Object Repository/Final Object Repo/WorkFlow Listing Page/Workflow Found - Listing 1' located by 'By.xpath: //body/div/div/div/div/div/div/div/div/div/div/div/div/div/div/div/div/table/tbody/tr/td[@class='table-cell  first']/following-sibling::td[1]' not found)
[[ATTACHMENT|C:\\Users\\Admin\\Desktop\\PKS\\Perkeso Phase A\\Reports\\Workflow\\Form 3 EIS - Cessation as Employer\\20181125_002205\\1543092636836.png]]

2018-11-25 04:50:37 - [MESSAGE][FAILED] - Unable to call Test Case with id 'Test Cases/Final Aug 2018 - PKS Automation/Common/Workflow Owner Finder' (Root cause: Call Test Case 'Test Cases/Final Aug 2018 - PKS Automation/Common/Workflow Owner Finder' failed)

2018-11-25 04:50:37 - [MESSAGE][FAILED] - Unable to call Test Case with id 'Test Cases/Final Aug 2018 - PKS Automation/Registration Module/Workflow/Form 3 EIS - Cessation As Employer/Template/Form 3 A - Cessation As Employer (Approve)' (Root cause: Call Test Case 'Test Cases/Final Aug 2018 - PKS Automation/Registration Module/Workflow/Form 3 EIS - Cessation As Employer/Template/Form 3 A - Cessation As Employer (Approve)' failed)]]></system-out>
         <system-err><![CDATA[2018-11-25 04:46:40 - [TEST_CASE][FAILED] - Test Cases/Final Aug 2018 - PKS Automation/Registration Module/Workflow/Form 3 EIS - Cessation As Employer/PKRBO to UO (Approve): Test Cases/Final Aug 2018 - PKS Automation/Registration Module/Workflow/Form 3 EIS - Cessation As Employer/PKRBO to UO (Approve) FAILED because (of) (Stack trace: com.kms.katalon.core.exception.StepFailedException: Unable to click on object 'Object Repository/Final Object Repo/Landing Page/Select to English' (Root cause: com.kms.katalon.core.webui.exception.WebElementNotFoundException: Web element with id: 'Object Repository/Final Object Repo/Landing Page/Select to English' located by 'By.xpath: //a[@class = 'taglib-language-list-text' and @lang = 'en-US' and (contains(text(), 'EN') or contains(., 'EN'))]' not found)
	at com.kms.katalon.core.keyword.internal.KeywordMain.stepFailed(KeywordMain.groovy:32)
	at com.kms.katalon.core.webui.keyword.internal.WebUIKeywordMain.stepFailed(WebUIKeywordMain.groovy:65)
	at com.kms.katalon.core.webui.keyword.internal.WebUIKeywordMain.runKeyword(WebUIKeywordMain.groovy:27)
	at com.kms.katalon.core.webui.keyword.builtin.ClickKeyword.click(ClickKeyword.groovy:86)
	at com.kms.katalon.core.webui.keyword.builtin.ClickKeyword.execute(ClickKeyword.groovy:67)
	at com.kms.katalon.core.keyword.internal.KeywordExecutor.executeKeywordForPlatform(KeywordExecutor.groovy:53)
	at com.kms.katalon.core.webui.keyword.WebUiBuiltInKeywords.click(WebUiBuiltInKeywords.groovy:604)
	at com.kms.katalon.core.webui.keyword.WebUiBuiltInKeywords$click$9.call(Unknown Source)
	at Script1534407542420.run(Script1534407542420.groovy:57)
	at com.kms.katalon.core.main.ScriptEngine.run(ScriptEngine.java:183)
	at com.kms.katalon.core.main.ScriptEngine.runScriptAsRawText(ScriptEngine.java:108)
	at com.kms.katalon.core.main.TestCaseExecutor.runScript(TestCaseExecutor.java:294)
	at com.kms.katalon.core.main.TestCaseExecutor.doExecute(TestCaseExecutor.java:285)
	at com.kms.katalon.core.main.TestCaseExecutor.processExecutionPhase(TestCaseExecutor.java:264)
	at com.kms.katalon.core.main.TestCaseExecutor.accessMainPhase(TestCaseExecutor.java:256)
	at com.kms.katalon.core.main.TestCaseExecutor.execute(TestCaseExecutor.java:200)
	at com.kms.katalon.core.main.TestCaseMain.runTestCase(TestCaseMain.java:99)
	at com.kms.katalon.core.keyword.builtin.CallTestCaseKeyword$_callTestCase_closure1.doCall(CallTestCaseKeyword.groovy:60)
	at com.kms.katalon.core.keyword.builtin.CallTestCaseKeyword$_callTestCase_closure1.call(CallTestCaseKeyword.groovy)
	at com.kms.katalon.core.keyword.internal.KeywordMain.runKeyword(KeywordMain.groovy:54)
	at com.kms.katalon.core.keyword.builtin.CallTestCaseKeyword.callTestCase(CallTestCaseKeyword.groovy:81)
	at com.kms.katalon.core.keyword.builtin.CallTestCaseKeyword.execute(CallTestCaseKeyword.groovy:45)
	at com.kms.katalon.core.keyword.internal.KeywordExecutor.executeKeywordForPlatform(KeywordExecutor.groovy:53)
	at com.kms.katalon.core.keyword.BuiltinKeywords.callTestCase(BuiltinKeywords.groovy:334)
	at sun.reflect.GeneratedMethodAccessor15.invoke(Unknown Source)
	at sun.reflect.DelegatingMethodAccessorImpl.invoke(DelegatingMethodAccessorImpl.java:43)
	at java.lang.reflect.Method.invoke(Method.java:498)
	at org.codehaus.groovy.reflection.CachedMethod.invoke(CachedMethod.java:93)
	at groovy.lang.MetaMethod.doMethodInvoke(MetaMethod.java:325)
	at groovy.lang.MetaClassImpl.invokeStaticMethod(MetaClassImpl.java:1469)
	at org.codehaus.groovy.runtime.callsite.StaticMetaClassSite.call(StaticMetaClassSite.java:53)
	at org.codehaus.groovy.runtime.callsite.AbstractCallSite.call(AbstractCallSite.java:141)
	at Script1536043843412.run(Script1536043843412.groovy:34)
	at com.kms.katalon.core.main.ScriptEngine.run(ScriptEngine.java:183)
	at com.kms.katalon.core.main.ScriptEngine.runScriptAsRawText(ScriptEngine.java:108)
	at com.kms.katalon.core.main.TestCaseExecutor.runScript(TestCaseExecutor.java:294)
	at com.kms.katalon.core.main.TestCaseExecutor.doExecute(TestCaseExecutor.java:285)
	at com.kms.katalon.core.main.TestCaseExecutor.processExecutionPhase(TestCaseExecutor.java:264)
	at com.kms.katalon.core.main.TestCaseExecutor.accessMainPhase(TestCaseExecutor.java:256)
	at com.kms.katalon.core.main.TestCaseExecutor.execute(TestCaseExecutor.java:200)
	at com.kms.katalon.core.main.TestCaseMain.runTestCase(TestCaseMain.java:99)
	at com.kms.katalon.core.keyword.builtin.CallTestCaseKeyword$_callTestCase_closure1.doCall(CallTestCaseKeyword.groovy:60)
	at com.kms.katalon.core.keyword.builtin.CallTestCaseKeyword$_callTestCase_closure1.call(CallTestCaseKeyword.groovy)
	at com.kms.katalon.core.keyword.internal.KeywordMain.runKeyword(KeywordMain.groovy:54)
	at com.kms.katalon.core.keyword.builtin.CallTestCaseKeyword.callTestCase(CallTestCaseKeyword.groovy:81)
	at com.kms.katalon.core.keyword.builtin.CallTestCaseKeyword.execute(CallTestCaseKeyword.groovy:45)
	at com.kms.katalon.core.keyword.internal.KeywordExecutor.executeKeywordForPlatform(KeywordExecutor.groovy:53)
	at com.kms.katalon.core.keyword.BuiltinKeywords.callTestCase(BuiltinKeywords.groovy:334)
	at sun.reflect.GeneratedMethodAccessor15.invoke(Unknown Source)
	at sun.reflect.DelegatingMethodAccessorImpl.invoke(DelegatingMethodAccessorImpl.java:43)
	at java.lang.reflect.Method.invoke(Method.java:498)
	at org.codehaus.groovy.reflection.CachedMethod.invoke(CachedMethod.java:93)
	at groovy.lang.MetaMethod.doMethodInvoke(MetaMethod.java:325)
	at groovy.lang.MetaClassImpl.invokeStaticMethod(MetaClassImpl.java:1469)
	at org.codehaus.groovy.runtime.callsite.StaticMetaClassSite.call(StaticMetaClassSite.java:53)
	at org.codehaus.groovy.runtime.callsite.CallSiteArray.defaultCall(CallSiteArray.java:48)
	at org.codehaus.groovy.runtime.callsite.AbstractCallSite.call(AbstractCallSite.java:113)
	at org.codehaus.groovy.runtime.callsite.AbstractCallSite.call(AbstractCallSite.java:141)
	at Script1536204583402.run(Script1536204583402.groovy:25)
	at com.kms.katalon.core.main.ScriptEngine.run(ScriptEngine.java:183)
	at com.kms.katalon.core.main.ScriptEngine.runScriptAsRawText(ScriptEngine.java:108)
	at com.kms.katalon.core.main.TestCaseExecutor.runScript(TestCaseExecutor.java:294)
	at com.kms.katalon.core.main.TestCaseExecutor.doExecute(TestCaseExecutor.java:285)
	at com.kms.katalon.core.main.TestCaseExecutor.processExecutionPhase(TestCaseExecutor.java:264)
	at com.kms.katalon.core.main.TestCaseExecutor.accessMainPhase(TestCaseExecutor.java:256)
	at com.kms.katalon.core.main.TestCaseExecutor.execute(TestCaseExecutor.java:200)
	at com.kms.katalon.core.main.TestSuiteExecutor.accessTestCaseMainPhase(TestSuiteExecutor.java:129)
	at com.kms.katalon.core.main.TestSuiteExecutor.accessTestSuiteMainPhase(TestSuiteExecutor.java:112)
	at com.kms.katalon.core.main.TestSuiteExecutor.execute(TestSuiteExecutor.java:81)
	at com.kms.katalon.core.main.TestCaseMain.startTestSuite(TestCaseMain.java:142)
	at com.kms.katalon.core.main.TestCaseMain$startTestSuite$0.call(Unknown Source)
	at org.codehaus.groovy.runtime.callsite.CallSiteArray.defaultCall(CallSiteArray.java:48)
	at org.codehaus.groovy.runtime.callsite.AbstractCallSite.call(AbstractCallSite.java:113)
	at org.codehaus.groovy.runtime.callsite.AbstractCallSite.call(AbstractCallSite.java:141)
	at TempTestSuite1543076525234.run(TempTestSuite1543076525234.groovy:36)
	at groovy.lang.GroovyShell.runScriptOrMainOrTestOrRunnable(GroovyShell.java:263)
	at groovy.lang.GroovyShell.run(GroovyShell.java:518)
	at groovy.lang.GroovyShell.run(GroovyShell.java:507)
	at groovy.ui.GroovyMain.processOnce(GroovyMain.java:653)
	at groovy.ui.GroovyMain.run(GroovyMain.java:384)
	at groovy.ui.GroovyMain.process(GroovyMain.java:370)
	at groovy.ui.GroovyMain.processArgs(GroovyMain.java:129)
	at groovy.ui.GroovyMain.main(GroovyMain.java:109)
	at sun.reflect.NativeMethodAccessorImpl.invoke0(Native Method)
	at sun.reflect.NativeMethodAccessorImpl.invoke(NativeMethodAccessorImpl.java:62)
	at sun.reflect.DelegatingMethodAccessorImpl.invoke(DelegatingMethodAccessorImpl.java:43)
	at java.lang.reflect.Method.invoke(Method.java:498)
	at org.codehaus.groovy.tools.GroovyStarter.rootLoader(GroovyStarter.java:109)
	at org.codehaus.groovy.tools.GroovyStarter.main(GroovyStarter.java:131)
)]]></system-err>
      </testcase>
      <testcase name="Test Cases/Final Aug 2018 - PKS Automation/Registration Module/Workflow/Form 3 EIS - Cessation As Employer/PKRBO to UO (Query)" classname="Test Cases/Final Aug 2018 - PKS Automation/Registration Module/Workflow/Form 3 EIS - Cessation As Employer/PKRBO to UO (Query)" status="FAILED">
         <failure type="FAILED" message="(Stack trace: com.kms.katalon.core.exception.StepFailedException: Unable to click on object 'Object Repository/Final Object Repo/Landing Page/Select to English' (Root cause: com.kms.katalon.core.webui.exception.WebElementNotFoundException: Web element with id: 'Object Repository/Final Object Repo/Landing Page/Select to English' located by 'By.xpath: //a[@class = 'taglib-language-list-text' and @lang = 'en-US' and (contains(text(), 'EN') or contains(., 'EN'))]' not found)
	at com.kms.katalon.core.keyword.internal.KeywordMain.stepFailed(KeywordMain.groovy:32)
	at com.kms.katalon.core.webui.keyword.internal.WebUIKeywordMain.stepFailed(WebUIKeywordMain.groovy:65)
	at com.kms.katalon.core.webui.keyword.internal.WebUIKeywordMain.runKeyword(WebUIKeywordMain.groovy:27)
	at com.kms.katalon.core.webui.keyword.builtin.ClickKeyword.click(ClickKeyword.groovy:86)
	at com.kms.katalon.core.webui.keyword.builtin.ClickKeyword.execute(ClickKeyword.groovy:67)
	at com.kms.katalon.core.keyword.internal.KeywordExecutor.executeKeywordForPlatform(KeywordExecutor.groovy:53)
	at com.kms.katalon.core.webui.keyword.WebUiBuiltInKeywords.click(WebUiBuiltInKeywords.groovy:604)
	at com.kms.katalon.core.webui.keyword.WebUiBuiltInKeywords$click$9.call(Unknown Source)
	at Script1534407542420.run(Script1534407542420.groovy:57)
	at com.kms.katalon.core.main.ScriptEngine.run(ScriptEngine.java:183)
	at com.kms.katalon.core.main.ScriptEngine.runScriptAsRawText(ScriptEngine.java:108)
	at com.kms.katalon.core.main.TestCaseExecutor.runScript(TestCaseExecutor.java:294)
	at com.kms.katalon.core.main.TestCaseExecutor.doExecute(TestCaseExecutor.java:285)
	at com.kms.katalon.core.main.TestCaseExecutor.processExecutionPhase(TestCaseExecutor.java:264)
	at com.kms.katalon.core.main.TestCaseExecutor.accessMainPhase(TestCaseExecutor.java:256)
	at com.kms.katalon.core.main.TestCaseExecutor.execute(TestCaseExecutor.java:200)
	at com.kms.katalon.core.main.TestCaseMain.runTestCase(TestCaseMain.java:99)
	at com.kms.katalon.core.keyword.builtin.CallTestCaseKeyword$_callTestCase_closure1.doCall(CallTestCaseKeyword.groovy:60)
	at com.kms.katalon.core.keyword.builtin.CallTestCaseKeyword$_callTestCase_closure1.call(CallTestCaseKeyword.groovy)
	at com.kms.katalon.core.keyword.internal.KeywordMain.runKeyword(KeywordMain.groovy:54)
	at com.kms.katalon.core.keyword.builtin.CallTestCaseKeyword.callTestCase(CallTestCaseKeyword.groovy:81)
	at com.kms.katalon.core.keyword.builtin.CallTestCaseKeyword.execute(CallTestCaseKeyword.groovy:45)
	at com.kms.katalon.core.keyword.internal.KeywordExecutor.executeKeywordForPlatform(KeywordExecutor.groovy:53)
	at com.kms.katalon.core.keyword.BuiltinKeywords.callTestCase(BuiltinKeywords.groovy:334)
	at sun.reflect.GeneratedMethodAccessor15.invoke(Unknown Source)
	at sun.reflect.DelegatingMethodAccessorImpl.invoke(DelegatingMethodAccessorImpl.java:43)
	at java.lang.reflect.Method.invoke(Method.java:498)
	at org.codehaus.groovy.reflection.CachedMethod.invoke(CachedMethod.java:93)
	at groovy.lang.MetaMethod.doMethodInvoke(MetaMethod.java:325)
	at groovy.lang.MetaClassImpl.invokeStaticMethod(MetaClassImpl.java:1469)
	at org.codehaus.groovy.runtime.callsite.StaticMetaClassSite.call(StaticMetaClassSite.java:53)
	at org.codehaus.groovy.runtime.callsite.AbstractCallSite.call(AbstractCallSite.java:141)
	at Script1536114876563.run(Script1536114876563.groovy:34)
	at com.kms.katalon.core.main.ScriptEngine.run(ScriptEngine.java:183)
	at com.kms.katalon.core.main.ScriptEngine.runScriptAsRawText(ScriptEngine.java:108)
	at com.kms.katalon.core.main.TestCaseExecutor.runScript(TestCaseExecutor.java:294)
	at com.kms.katalon.core.main.TestCaseExecutor.doExecute(TestCaseExecutor.java:285)
	at com.kms.katalon.core.main.TestCaseExecutor.processExecutionPhase(TestCaseExecutor.java:264)
	at com.kms.katalon.core.main.TestCaseExecutor.accessMainPhase(TestCaseExecutor.java:256)
	at com.kms.katalon.core.main.TestCaseExecutor.execute(TestCaseExecutor.java:200)
	at com.kms.katalon.core.main.TestCaseMain.runTestCase(TestCaseMain.java:99)
	at com.kms.katalon.core.keyword.builtin.CallTestCaseKeyword$_callTestCase_closure1.doCall(CallTestCaseKeyword.groovy:60)
	at com.kms.katalon.core.keyword.builtin.CallTestCaseKeyword$_callTestCase_closure1.call(CallTestCaseKeyword.groovy)
	at com.kms.katalon.core.keyword.internal.KeywordMain.runKeyword(KeywordMain.groovy:54)
	at com.kms.katalon.core.keyword.builtin.CallTestCaseKeyword.callTestCase(CallTestCaseKeyword.groovy:81)
	at com.kms.katalon.core.keyword.builtin.CallTestCaseKeyword.execute(CallTestCaseKeyword.groovy:45)
	at com.kms.katalon.core.keyword.internal.KeywordExecutor.executeKeywordForPlatform(KeywordExecutor.groovy:53)
	at com.kms.katalon.core.keyword.BuiltinKeywords.callTestCase(BuiltinKeywords.groovy:334)
	at sun.reflect.GeneratedMethodAccessor15.invoke(Unknown Source)
	at sun.reflect.DelegatingMethodAccessorImpl.invoke(DelegatingMethodAccessorImpl.java:43)
	at java.lang.reflect.Method.invoke(Method.java:498)
	at org.codehaus.groovy.reflection.CachedMethod.invoke(CachedMethod.java:93)
	at groovy.lang.MetaMethod.doMethodInvoke(MetaMethod.java:325)
	at groovy.lang.MetaClassImpl.invokeStaticMethod(MetaClassImpl.java:1469)
	at org.codehaus.groovy.runtime.callsite.StaticMetaClassSite.call(StaticMetaClassSite.java:53)
	at org.codehaus.groovy.runtime.callsite.CallSiteArray.defaultCall(CallSiteArray.java:48)
	at org.codehaus.groovy.runtime.callsite.AbstractCallSite.call(AbstractCallSite.java:113)
	at org.codehaus.groovy.runtime.callsite.AbstractCallSite.call(AbstractCallSite.java:141)
	at Script1536204651962.run(Script1536204651962.groovy:25)
	at com.kms.katalon.core.main.ScriptEngine.run(ScriptEngine.java:183)
	at com.kms.katalon.core.main.ScriptEngine.runScriptAsRawText(ScriptEngine.java:108)
	at com.kms.katalon.core.main.TestCaseExecutor.runScript(TestCaseExecutor.java:294)
	at com.kms.katalon.core.main.TestCaseExecutor.doExecute(TestCaseExecutor.java:285)
	at com.kms.katalon.core.main.TestCaseExecutor.processExecutionPhase(TestCaseExecutor.java:264)
	at com.kms.katalon.core.main.TestCaseExecutor.accessMainPhase(TestCaseExecutor.java:256)
	at com.kms.katalon.core.main.TestCaseExecutor.execute(TestCaseExecutor.java:200)
	at com.kms.katalon.core.main.TestSuiteExecutor.accessTestCaseMainPhase(TestSuiteExecutor.java:129)
	at com.kms.katalon.core.main.TestSuiteExecutor.accessTestSuiteMainPhase(TestSuiteExecutor.java:112)
	at com.kms.katalon.core.main.TestSuiteExecutor.execute(TestSuiteExecutor.java:81)
	at com.kms.katalon.core.main.TestCaseMain.startTestSuite(TestCaseMain.java:142)
	at com.kms.katalon.core.main.TestCaseMain$startTestSuite$0.call(Unknown Source)
	at org.codehaus.groovy.runtime.callsite.CallSiteArray.defaultCall(CallSiteArray.java:48)
	at org.codehaus.groovy.runtime.callsite.AbstractCallSite.call(AbstractCallSite.java:113)
	at org.codehaus.groovy.runtime.callsite.AbstractCallSite.call(AbstractCallSite.java:141)
	at TempTestSuite1543076525234.run(TempTestSuite1543076525234.groovy:36)
	at groovy.lang.GroovyShell.runScriptOrMainOrTestOrRunnable(GroovyShell.java:263)
	at groovy.lang.GroovyShell.run(GroovyShell.java:518)
	at groovy.lang.GroovyShell.run(GroovyShell.java:507)
	at groovy.ui.GroovyMain.processOnce(GroovyMain.java:653)
	at groovy.ui.GroovyMain.run(GroovyMain.java:384)
	at groovy.ui.GroovyMain.process(GroovyMain.java:370)
	at groovy.ui.GroovyMain.processArgs(GroovyMain.java:129)
	at groovy.ui.GroovyMain.main(GroovyMain.java:109)
	at sun.reflect.NativeMethodAccessorImpl.invoke0(Native Method)
	at sun.reflect.NativeMethodAccessorImpl.invoke(NativeMethodAccessorImpl.java:62)
	at sun.reflect.DelegatingMethodAccessorImpl.invoke(DelegatingMethodAccessorImpl.java:43)
	at java.lang.reflect.Method.invoke(Method.java:498)
	at org.codehaus.groovy.tools.GroovyStarter.rootLoader(GroovyStarter.java:109)
	at org.codehaus.groovy.tools.GroovyStarter.main(GroovyStarter.java:131)
)"/>
         <system-out><![CDATA[2018-11-25 04:50:37 - [TEST_CASE][FAILED] - Test Cases/Final Aug 2018 - PKS Automation/Registration Module/Workflow/Form 3 EIS - Cessation As Employer/PKRBO to UO (Query): Test Cases/Final Aug 2018 - PKS Automation/Registration Module/Workflow/Form 3 EIS - Cessation As Employer/PKRBO to UO (Query) FAILED because (of) (Stack trace: com.kms.katalon.core.exception.StepFailedException: Unable to click on object 'Object Repository/Final Object Repo/Landing Page/Select to English' (Root cause: com.kms.katalon.core.webui.exception.WebElementNotFoundException: Web element with id: 'Object Repository/Final Object Repo/Landing Page/Select to English' located by 'By.xpath: //a[@class = 'taglib-language-list-text' and @lang = 'en-US' and (contains(text(), 'EN') or contains(., 'EN'))]' not found)
	at com.kms.katalon.core.keyword.internal.KeywordMain.stepFailed(KeywordMain.groovy:32)
	at com.kms.katalon.core.webui.keyword.internal.WebUIKeywordMain.stepFailed(WebUIKeywordMain.groovy:65)
	at com.kms.katalon.core.webui.keyword.internal.WebUIKeywordMain.runKeyword(WebUIKeywordMain.groovy:27)
	at com.kms.katalon.core.webui.keyword.builtin.ClickKeyword.click(ClickKeyword.groovy:86)
	at com.kms.katalon.core.webui.keyword.builtin.ClickKeyword.execute(ClickKeyword.groovy:67)
	at com.kms.katalon.core.keyword.internal.KeywordExecutor.executeKeywordForPlatform(KeywordExecutor.groovy:53)
	at com.kms.katalon.core.webui.keyword.WebUiBuiltInKeywords.click(WebUiBuiltInKeywords.groovy:604)
	at com.kms.katalon.core.webui.keyword.WebUiBuiltInKeywords$click$9.call(Unknown Source)
	at Script1534407542420.run(Script1534407542420.groovy:57)
	at com.kms.katalon.core.main.ScriptEngine.run(ScriptEngine.java:183)
	at com.kms.katalon.core.main.ScriptEngine.runScriptAsRawText(ScriptEngine.java:108)
	at com.kms.katalon.core.main.TestCaseExecutor.runScript(TestCaseExecutor.java:294)
	at com.kms.katalon.core.main.TestCaseExecutor.doExecute(TestCaseExecutor.java:285)
	at com.kms.katalon.core.main.TestCaseExecutor.processExecutionPhase(TestCaseExecutor.java:264)
	at com.kms.katalon.core.main.TestCaseExecutor.accessMainPhase(TestCaseExecutor.java:256)
	at com.kms.katalon.core.main.TestCaseExecutor.execute(TestCaseExecutor.java:200)
	at com.kms.katalon.core.main.TestCaseMain.runTestCase(TestCaseMain.java:99)
	at com.kms.katalon.core.keyword.builtin.CallTestCaseKeyword$_callTestCase_closure1.doCall(CallTestCaseKeyword.groovy:60)
	at com.kms.katalon.core.keyword.builtin.CallTestCaseKeyword$_callTestCase_closure1.call(CallTestCaseKeyword.groovy)
	at com.kms.katalon.core.keyword.internal.KeywordMain.runKeyword(KeywordMain.groovy:54)
	at com.kms.katalon.core.keyword.builtin.CallTestCaseKeyword.callTestCase(CallTestCaseKeyword.groovy:81)
	at com.kms.katalon.core.keyword.builtin.CallTestCaseKeyword.execute(CallTestCaseKeyword.groovy:45)
	at com.kms.katalon.core.keyword.internal.KeywordExecutor.executeKeywordForPlatform(KeywordExecutor.groovy:53)
	at com.kms.katalon.core.keyword.BuiltinKeywords.callTestCase(BuiltinKeywords.groovy:334)
	at sun.reflect.GeneratedMethodAccessor15.invoke(Unknown Source)
	at sun.reflect.DelegatingMethodAccessorImpl.invoke(DelegatingMethodAccessorImpl.java:43)
	at java.lang.reflect.Method.invoke(Method.java:498)
	at org.codehaus.groovy.reflection.CachedMethod.invoke(CachedMethod.java:93)
	at groovy.lang.MetaMethod.doMethodInvoke(MetaMethod.java:325)
	at groovy.lang.MetaClassImpl.invokeStaticMethod(MetaClassImpl.java:1469)
	at org.codehaus.groovy.runtime.callsite.StaticMetaClassSite.call(StaticMetaClassSite.java:53)
	at org.codehaus.groovy.runtime.callsite.AbstractCallSite.call(AbstractCallSite.java:141)
	at Script1536114876563.run(Script1536114876563.groovy:34)
	at com.kms.katalon.core.main.ScriptEngine.run(ScriptEngine.java:183)
	at com.kms.katalon.core.main.ScriptEngine.runScriptAsRawText(ScriptEngine.java:108)
	at com.kms.katalon.core.main.TestCaseExecutor.runScript(TestCaseExecutor.java:294)
	at com.kms.katalon.core.main.TestCaseExecutor.doExecute(TestCaseExecutor.java:285)
	at com.kms.katalon.core.main.TestCaseExecutor.processExecutionPhase(TestCaseExecutor.java:264)
	at com.kms.katalon.core.main.TestCaseExecutor.accessMainPhase(TestCaseExecutor.java:256)
	at com.kms.katalon.core.main.TestCaseExecutor.execute(TestCaseExecutor.java:200)
	at com.kms.katalon.core.main.TestCaseMain.runTestCase(TestCaseMain.java:99)
	at com.kms.katalon.core.keyword.builtin.CallTestCaseKeyword$_callTestCase_closure1.doCall(CallTestCaseKeyword.groovy:60)
	at com.kms.katalon.core.keyword.builtin.CallTestCaseKeyword$_callTestCase_closure1.call(CallTestCaseKeyword.groovy)
	at com.kms.katalon.core.keyword.internal.KeywordMain.runKeyword(KeywordMain.groovy:54)
	at com.kms.katalon.core.keyword.builtin.CallTestCaseKeyword.callTestCase(CallTestCaseKeyword.groovy:81)
	at com.kms.katalon.core.keyword.builtin.CallTestCaseKeyword.execute(CallTestCaseKeyword.groovy:45)
	at com.kms.katalon.core.keyword.internal.KeywordExecutor.executeKeywordForPlatform(KeywordExecutor.groovy:53)
	at com.kms.katalon.core.keyword.BuiltinKeywords.callTestCase(BuiltinKeywords.groovy:334)
	at sun.reflect.GeneratedMethodAccessor15.invoke(Unknown Source)
	at sun.reflect.DelegatingMethodAccessorImpl.invoke(DelegatingMethodAccessorImpl.java:43)
	at java.lang.reflect.Method.invoke(Method.java:498)
	at org.codehaus.groovy.reflection.CachedMethod.invoke(CachedMethod.java:93)
	at groovy.lang.MetaMethod.doMethodInvoke(MetaMethod.java:325)
	at groovy.lang.MetaClassImpl.invokeStaticMethod(MetaClassImpl.java:1469)
	at org.codehaus.groovy.runtime.callsite.StaticMetaClassSite.call(StaticMetaClassSite.java:53)
	at org.codehaus.groovy.runtime.callsite.CallSiteArray.defaultCall(CallSiteArray.java:48)
	at org.codehaus.groovy.runtime.callsite.AbstractCallSite.call(AbstractCallSite.java:113)
	at org.codehaus.groovy.runtime.callsite.AbstractCallSite.call(AbstractCallSite.java:141)
	at Script1536204651962.run(Script1536204651962.groovy:25)
	at com.kms.katalon.core.main.ScriptEngine.run(ScriptEngine.java:183)
	at com.kms.katalon.core.main.ScriptEngine.runScriptAsRawText(ScriptEngine.java:108)
	at com.kms.katalon.core.main.TestCaseExecutor.runScript(TestCaseExecutor.java:294)
	at com.kms.katalon.core.main.TestCaseExecutor.doExecute(TestCaseExecutor.java:285)
	at com.kms.katalon.core.main.TestCaseExecutor.processExecutionPhase(TestCaseExecutor.java:264)
	at com.kms.katalon.core.main.TestCaseExecutor.accessMainPhase(TestCaseExecutor.java:256)
	at com.kms.katalon.core.main.TestCaseExecutor.execute(TestCaseExecutor.java:200)
	at com.kms.katalon.core.main.TestSuiteExecutor.accessTestCaseMainPhase(TestSuiteExecutor.java:129)
	at com.kms.katalon.core.main.TestSuiteExecutor.accessTestSuiteMainPhase(TestSuiteExecutor.java:112)
	at com.kms.katalon.core.main.TestSuiteExecutor.execute(TestSuiteExecutor.java:81)
	at com.kms.katalon.core.main.TestCaseMain.startTestSuite(TestCaseMain.java:142)
	at com.kms.katalon.core.main.TestCaseMain$startTestSuite$0.call(Unknown Source)
	at org.codehaus.groovy.runtime.callsite.CallSiteArray.defaultCall(CallSiteArray.java:48)
	at org.codehaus.groovy.runtime.callsite.AbstractCallSite.call(AbstractCallSite.java:113)
	at org.codehaus.groovy.runtime.callsite.AbstractCallSite.call(AbstractCallSite.java:141)
	at TempTestSuite1543076525234.run(TempTestSuite1543076525234.groovy:36)
	at groovy.lang.GroovyShell.runScriptOrMainOrTestOrRunnable(GroovyShell.java:263)
	at groovy.lang.GroovyShell.run(GroovyShell.java:518)
	at groovy.lang.GroovyShell.run(GroovyShell.java:507)
	at groovy.ui.GroovyMain.processOnce(GroovyMain.java:653)
	at groovy.ui.GroovyMain.run(GroovyMain.java:384)
	at groovy.ui.GroovyMain.process(GroovyMain.java:370)
	at groovy.ui.GroovyMain.processArgs(GroovyMain.java:129)
	at groovy.ui.GroovyMain.main(GroovyMain.java:109)
	at sun.reflect.NativeMethodAccessorImpl.invoke0(Native Method)
	at sun.reflect.NativeMethodAccessorImpl.invoke(NativeMethodAccessorImpl.java:62)
	at sun.reflect.DelegatingMethodAccessorImpl.invoke(DelegatingMethodAccessorImpl.java:43)
	at java.lang.reflect.Method.invoke(Method.java:498)
	at org.codehaus.groovy.tools.GroovyStarter.rootLoader(GroovyStarter.java:109)
	at org.codehaus.groovy.tools.GroovyStarter.main(GroovyStarter.java:131)
)

2018-11-25 04:50:37 - [TEST_STEP][PASSED] - callTestCase: Call Test Case 'Test Cases/Final Aug 2018 - PKS Automation/Registration Module/Workflow/Form 3 EIS - Cessation As Employer/Template/Form 3 A - Cessation As Employer (PKRBO)' successfully

2018-11-25 04:50:37 - [TEST_CASE][PASSED] - Test Cases/Final Aug 2018 - PKS Automation/Registration Module/Workflow/Form 3 EIS - Cessation As Employer/Template/Form 3 A - Cessation As Employer (PKRBO): Test Cases/Final Aug 2018 - PKS Automation/Registration Module/Workflow/Form 3 EIS - Cessation As Employer/Template/Form 3 A - Cessation As Employer (PKRBO)

2018-11-25 04:50:37 - [TEST_STEP][PASSED] - openBrowser: Browser is opened with url: ''

2018-11-25 04:50:37 - [MESSAGE][WARNING] - A browser is already opened. Closing browser and opening a new one

2018-11-25 04:50:41 - [MESSAGE][PASSED] - Browser is opened with url: ''

2018-11-25 04:50:41 - [TEST_STEP][PASSED] - navigateToUrl: Navigate to 'https://assist2-uat.perkeso.gov.my/login' successfully

2018-11-25 04:50:42 - [MESSAGE][PASSED] - Navigate to 'https://assist2-uat.perkeso.gov.my/login' successfully

2018-11-25 04:50:42 - [TEST_STEP][PASSED] - setText: Text 'johorpkrbo1@gmail.com' is set on object 'Object Repository/Final Object Repo/Login Page/Internal User/Email Address'

2018-11-25 04:50:42 - [MESSAGE][PASSED] - Text 'johorpkrbo1@gmail.com' is set on object 'Object Repository/Final Object Repo/Login Page/Internal User/Email Address'

2018-11-25 04:50:42 - [TEST_STEP][PASSED] - click: Object: 'Object Repository/Final Object Repo/Login Page/Internal User/Next Button' is clicked on

2018-11-25 04:50:42 - [MESSAGE][PASSED] - Object: 'Object Repository/Final Object Repo/Login Page/Internal User/Next Button' is clicked on

2018-11-25 04:50:42 - [TEST_STEP][PASSED] - delay: Delayed 1 second(s)

2018-11-25 04:50:43 - [MESSAGE][PASSED] - Delayed 1 second(s)

2018-11-25 04:50:43 - [TEST_STEP][PASSED] - setEncryptedText: Text ****** has been set on object 'Object Repository/Final Object Repo/Login Page/Internal User/Password'

2018-11-25 04:50:44 - [MESSAGE][PASSED] - Text ****** has been set on object 'Object Repository/Final Object Repo/Login Page/Internal User/Password'

2018-11-25 04:50:44 - [TEST_STEP][PASSED] - click: Object: 'Object Repository/Final Object Repo/Login Page/Internal User/Login Button' is clicked on

2018-11-25 04:50:44 - [MESSAGE][PASSED] - Object: 'Object Repository/Final Object Repo/Login Page/Internal User/Login Button' is clicked on

2018-11-25 04:50:44 - [TEST_STEP][PASSED] - delay: Delayed 1 second(s)

2018-11-25 04:50:45 - [MESSAGE][PASSED] - Delayed 1 second(s)

2018-11-25 04:50:45 - [TEST_STEP][PASSED] - Statement - Try: Delayed 2 second(s)

2018-11-25 04:50:45 - [TEST_STEP][PASSED] - Statement - Checker = false: null

2018-11-25 04:50:45 - [TEST_STEP][PASSED] - Statement - Checker = com.kms.katalon.core.webui.keyword.WebUiBuiltInKeywords.verifyElementHasAttribute(com.kms.katalon.core.testobject.ObjectRepository.findTestObject(Final Object Repo/Landing Page/BM Detecting), "href", 20, OPTIONAL): Object 'Object Repository/Final Object Repo/Landing Page/BM Detecting' has attribute 'href'

2018-11-25 04:50:46 - [MESSAGE][PASSED] - Object 'Object Repository/Final Object Repo/Landing Page/BM Detecting' has attribute 'href'

2018-11-25 04:50:46 - [TEST_STEP][PASSED] - Statement - out.println(Checker): null

2018-11-25 04:50:46 - [TEST_STEP][PASSED] - Statement - If (Checker == false): null

2018-11-25 04:50:46 - [TEST_STEP][PASSED] - Statement - Else: null

2018-11-25 04:50:46 - [TEST_STEP][PASSED] - delay: Delayed 2 second(s)

2018-11-25 04:50:48 - [MESSAGE][PASSED] - Delayed 2 second(s)

2018-11-25 04:50:48 - [TEST_STEP][PASSED] - navigateToUrl: Navigate to 'https://assist2-uat.perkeso.gov.my/web/registration/eis-update/form-3-eis-cessation-as-employer' successfully

2018-11-25 04:50:49 - [MESSAGE][PASSED] - Navigate to 'https://assist2-uat.perkeso.gov.my/web/registration/eis-update/form-3-eis-cessation-as-employer' successfully

2018-11-25 04:50:49 - [TEST_STEP][PASSED] - delay: Delayed 1 second(s)

2018-11-25 04:50:50 - [MESSAGE][PASSED] - Delayed 1 second(s)

2018-11-25 04:50:50 - [TEST_STEP][PASSED] - setText: Text 'E1102069769W' is set on object 'Object Repository/Final Object Repo/Page_Form 3 EIS - Cessation as Employer/Employer Code'

2018-11-25 04:50:50 - [MESSAGE][PASSED] - Text 'E1102069769W' is set on object 'Object Repository/Final Object Repo/Page_Form 3 EIS - Cessation as Employer/Employer Code'

2018-11-25 04:50:50 - [TEST_STEP][PASSED] - click: Object: 'Object Repository/Final Object Repo/Page_Form 3 EIS - Cessation as Employer/Search' is clicked on

2018-11-25 04:50:50 - [MESSAGE][PASSED] - Object: 'Object Repository/Final Object Repo/Page_Form 3 EIS - Cessation as Employer/Search' is clicked on

2018-11-25 04:50:50 - [TEST_STEP][PASSED] - click: Object: 'Object Repository/Final Object Repo/Page_Form 3 EIS - Cessation as Employer/Edit' is clicked on

2018-11-25 04:50:53 - [MESSAGE][PASSED] - Object: 'Object Repository/Final Object Repo/Page_Form 3 EIS - Cessation as Employer/Edit' is clicked on

2018-11-25 04:50:53 - [TEST_STEP][PASSED] - delay: Delayed 1 second(s)

2018-11-25 04:50:54 - [MESSAGE][PASSED] - Delayed 1 second(s)

2018-11-25 04:50:54 - [TEST_STEP][PASSED] - Statement - abc = com.kms.katalon.core.webui.keyword.WebUiBuiltInKeywords.getAttribute(com.kms.katalon.core.testobject.ObjectRepository.findTestObject(Final Object Repo/Page_Form 3 EIS - Cessation as Employer/Employer Status), "value"): Attribute 'value' of object 'Object Repository/Final Object Repo/Page_Form 3 EIS - Cessation as Employer/Employer Status' is: 'Active'

2018-11-25 04:50:54 - [MESSAGE][PASSED] - Attribute 'value' of object 'Object Repository/Final Object Repo/Page_Form 3 EIS - Cessation as Employer/Employer Status' is: 'Active'

2018-11-25 04:50:54 - [TEST_STEP][PASSED] - Statement - out.println(abc): null

2018-11-25 04:50:54 - [TEST_STEP][PASSED] - Statement - If (abc == "Active"): Object: 'Object Repository/Final Object Repo/Page_Form 3 EIS - Cessation as Employer/Dormant EIS' is clicked on

2018-11-25 04:50:54 - [TEST_STEP][PASSED] - click: Object: 'Object Repository/Final Object Repo/Page_Form 3 EIS - Cessation as Employer/Change Employer Status to' is clicked on

2018-11-25 04:50:54 - [MESSAGE][PASSED] - Object: 'Object Repository/Final Object Repo/Page_Form 3 EIS - Cessation as Employer/Change Employer Status to' is clicked on

2018-11-25 04:50:54 - [TEST_STEP][PASSED] - click: Object: 'Object Repository/Final Object Repo/Page_Form 3 EIS - Cessation as Employer/Dormant EIS' is clicked on

2018-11-25 04:50:54 - [MESSAGE][PASSED] - Object: 'Object Repository/Final Object Repo/Page_Form 3 EIS - Cessation as Employer/Dormant EIS' is clicked on

2018-11-25 04:50:54 - [TEST_STEP][PASSED] - click: Object: 'Object Repository/Final Object Repo/Page_Form 3 EIS - Cessation as Employer/Calender' is clicked on

2018-11-25 04:50:54 - [MESSAGE][PASSED] - Object: 'Object Repository/Final Object Repo/Page_Form 3 EIS - Cessation as Employer/Calender' is clicked on

2018-11-25 04:50:54 - [TEST_STEP][PASSED] - delay: Delayed 1 second(s)

2018-11-25 04:50:55 - [MESSAGE][PASSED] - Delayed 1 second(s)

2018-11-25 04:50:55 - [TEST_STEP][PASSED] - click: Object: 'Object Repository/Final Object Repo/Page_Form 3 EIS - Cessation as Employer/Calender - Date' is clicked on

2018-11-25 04:50:55 - [MESSAGE][PASSED] - Object: 'Object Repository/Final Object Repo/Page_Form 3 EIS - Cessation as Employer/Calender - Date' is clicked on

2018-11-25 04:50:55 - [TEST_STEP][PASSED] - click: Object: 'Object Repository/Final Object Repo/Page_Form 3 EIS - Cessation as Employer/Save  Continue in Form 3 EIS Page' is clicked on

2018-11-25 04:50:56 - [MESSAGE][PASSED] - Object: 'Object Repository/Final Object Repo/Page_Form 3 EIS - Cessation as Employer/Save  Continue in Form 3 EIS Page' is clicked on

2018-11-25 04:50:56 - [TEST_STEP][PASSED] - delay: Delayed 1 second(s)

2018-11-25 04:50:57 - [MESSAGE][PASSED] - Delayed 1 second(s)

2018-11-25 04:50:57 - [TEST_STEP][PASSED] - click: Object: 'Object Repository/Final Object Repo/Page_Form 3 EIS - Cessation as Employer/Employment Resign Date' is clicked on

2018-11-25 04:50:57 - [MESSAGE][PASSED] - Object: 'Object Repository/Final Object Repo/Page_Form 3 EIS - Cessation as Employer/Employment Resign Date' is clicked on

2018-11-25 04:50:57 - [TEST_STEP][PASSED] - selectOptionByValue: All options with value '2018' are selected in object 'Object Repository/Final Object Repo/Page_Form 3 EIS - Cessation as Employer/Employment Resign Date - Year' 

2018-11-25 04:50:57 - [MESSAGE][PASSED] - All options with value '2018' are selected in object 'Object Repository/Final Object Repo/Page_Form 3 EIS - Cessation as Employer/Employment Resign Date - Year' 

2018-11-25 04:50:57 - [TEST_STEP][PASSED] - delay: Delayed 2 second(s)

2018-11-25 04:50:59 - [MESSAGE][PASSED] - Delayed 2 second(s)

2018-11-25 04:50:59 - [TEST_STEP][PASSED] - click: Object: 'Object Repository/Final Object Repo/Page_Form 3 EIS - Cessation as Employer/Employment Resign Date - Year - Date' is clicked on

2018-11-25 04:51:00 - [MESSAGE][PASSED] - Object: 'Object Repository/Final Object Repo/Page_Form 3 EIS - Cessation as Employer/Employment Resign Date - Year - Date' is clicked on

2018-11-25 04:51:00 - [TEST_STEP][PASSED] - delay: Delayed 2 second(s)

2018-11-25 04:51:02 - [MESSAGE][PASSED] - Delayed 2 second(s)

2018-11-25 04:51:02 - [TEST_STEP][PASSED] - click: Object: 'Object Repository/Final Object Repo/Page_Form 3 EIS - Cessation as Employer/Save  Continue in Employment Resign Page' is clicked on

2018-11-25 04:51:02 - [MESSAGE][PASSED] - Object: 'Object Repository/Final Object Repo/Page_Form 3 EIS - Cessation as Employer/Save  Continue in Employment Resign Page' is clicked on

2018-11-25 04:51:02 - [TEST_STEP][PASSED] - delay: Delayed 2 second(s)

2018-11-25 04:51:04 - [MESSAGE][PASSED] - Delayed 2 second(s)

2018-11-25 04:51:04 - [TEST_STEP][PASSED] - click: Object: 'Object Repository/Final Object Repo/Page_Form 3 EIS - Cessation as Employer/Add Document' is clicked on

2018-11-25 04:51:05 - [MESSAGE][PASSED] - Object: 'Object Repository/Final Object Repo/Page_Form 3 EIS - Cessation as Employer/Add Document' is clicked on

2018-11-25 04:51:05 - [TEST_STEP][PASSED] - delay: Delayed 3 second(s)

2018-11-25 04:51:08 - [MESSAGE][PASSED] - Delayed 3 second(s)

2018-11-25 04:51:08 - [TEST_STEP][PASSED] - click: Object: 'Object Repository/Final Object Repo/Page_Form 3 EIS - Cessation as Employer/Document Type' is clicked on

2018-11-25 04:51:08 - [MESSAGE][PASSED] - Object: 'Object Repository/Final Object Repo/Page_Form 3 EIS - Cessation as Employer/Document Type' is clicked on

2018-11-25 04:51:08 - [TEST_STEP][PASSED] - click: Object: 'Object Repository/Final Object Repo/Page_Form 3 EIS - Cessation as Employer/Document Type - Form 3' is clicked on

2018-11-25 04:51:09 - [MESSAGE][PASSED] - Object: 'Object Repository/Final Object Repo/Page_Form 3 EIS - Cessation as Employer/Document Type - Form 3' is clicked on

2018-11-25 04:51:09 - [TEST_STEP][PASSED] - delay: Delayed 2 second(s)

2018-11-25 04:51:11 - [MESSAGE][PASSED] - Delayed 2 second(s)

2018-11-25 04:51:11 - [TEST_STEP][PASSED] - sendKeys: Keys 'C:\Users\Public\Pictures\Sample Pictures\Koala.jpg' sent to object: 'Object Repository/Final Object Repo/Page_Form 3 EIS - Cessation as Employer/ploading File'

2018-11-25 04:51:11 - [MESSAGE][PASSED] - Keys 'C:\Users\Public\Pictures\Sample Pictures\Koala.jpg' sent to object: 'Object Repository/Final Object Repo/Page_Form 3 EIS - Cessation as Employer/ploading File'

2018-11-25 04:51:11 - [TEST_STEP][PASSED] - delay: Delayed 1 second(s)

2018-11-25 04:51:12 - [MESSAGE][PASSED] - Delayed 1 second(s)

2018-11-25 04:51:12 - [TEST_STEP][PASSED] - click: Object: 'Object Repository/Final Object Repo/Page_Form 3 EIS - Cessation as Employer/Add Document in Uploading Page' is clicked on

2018-11-25 04:51:12 - [MESSAGE][PASSED] - Object: 'Object Repository/Final Object Repo/Page_Form 3 EIS - Cessation as Employer/Add Document in Uploading Page' is clicked on

2018-11-25 04:51:12 - [TEST_STEP][PASSED] - delay: Delayed 2 second(s)

2018-11-25 04:51:14 - [MESSAGE][PASSED] - Delayed 2 second(s)

2018-11-25 04:51:14 - [TEST_STEP][PASSED] - Statement - CaseReferenceNo = com.kms.katalon.core.webui.keyword.WebUiBuiltInKeywords.getText(com.kms.katalon.core.testobject.ObjectRepository.findTestObject(Final Object Repo/Page_Update Employer Information/Reference Number in Update Employee Information Page)): Text of object 'Object Repository/Final Object Repo/Page_Update Employer Information/Reference Number in Update Employee Information Page' is: 'ERN112018C200002285'

2018-11-25 04:51:16 - [MESSAGE][PASSED] - Text of object 'Object Repository/Final Object Repo/Page_Update Employer Information/Reference Number in Update Employee Information Page' is: 'ERN112018C200002285'

2018-11-25 04:51:16 - [TEST_STEP][PASSED] - callTestCase: Call Test Case 'Test Cases/Final Aug 2018 - PKS Automation/Common/Reference Number Setter' successfully

2018-11-25 04:51:16 - [TEST_CASE][PASSED] - Test Cases/Final Aug 2018 - PKS Automation/Common/Reference Number Setter: Test Cases/Final Aug 2018 - PKS Automation/Common/Reference Number Setter

2018-11-25 04:51:16 - [TEST_STEP][PASSED] - Statement - RefNoOldFile = new java.io.File(C://Users//Admin//Desktop//PKS//Automation Reference Point//KatalonReference.txt): null

2018-11-25 04:51:16 - [TEST_STEP][PASSED] - Statement - RefNoOldFile.delete(): null

2018-11-25 04:51:16 - [TEST_STEP][PASSED] - delay: Delayed 5 second(s)

2018-11-25 04:51:21 - [MESSAGE][PASSED] - Delayed 5 second(s)

2018-11-25 04:51:21 - [TEST_STEP][PASSED] - Statement - RefNo = new java.io.File(C://Users//Admin//Desktop//PKS//Automation Reference Point//KatalonReference.txt): null

2018-11-25 04:51:21 - [TEST_STEP][PASSED] - Statement - f2 = new java.io.FileWriter(RefNo, false): null

2018-11-25 04:51:21 - [TEST_STEP][PASSED] - Statement - f2.write(CaseReferenceNo): null

2018-11-25 04:51:21 - [TEST_STEP][PASSED] - Statement - f2.close(): null

2018-11-25 04:51:21 - [TEST_STEP][PASSED] - Statement - out.println("


" + CaseReferenceNo + "


"): null

2018-11-25 04:51:21 - [MESSAGE][PASSED] - Call Test Case 'Test Cases/Final Aug 2018 - PKS Automation/Common/Reference Number Setter' successfully

2018-11-25 04:51:21 - [TEST_STEP][PASSED] - delay: Delayed 2 second(s)

2018-11-25 04:51:23 - [MESSAGE][PASSED] - Delayed 2 second(s)

2018-11-25 04:51:23 - [TEST_STEP][PASSED] - click: Object: 'Object Repository/Final Object Repo/Page_Form 3 EIS - Cessation as Employer/Save  Continue in Uploading Page' is clicked on

2018-11-25 04:51:23 - [MESSAGE][PASSED] - Object: 'Object Repository/Final Object Repo/Page_Form 3 EIS - Cessation as Employer/Save  Continue in Uploading Page' is clicked on

2018-11-25 04:51:23 - [TEST_STEP][PASSED] - delay: Delayed 2 second(s)

2018-11-25 04:51:25 - [MESSAGE][PASSED] - Delayed 2 second(s)

2018-11-25 04:51:25 - [TEST_STEP][PASSED] - click: Object: 'Object Repository/Final Object Repo/Page_Form 3 EIS - Cessation as Employer/Submit' is clicked on

2018-11-25 04:51:27 - [MESSAGE][PASSED] - Object: 'Object Repository/Final Object Repo/Page_Form 3 EIS - Cessation as Employer/Submit' is clicked on

2018-11-25 04:51:27 - [TEST_STEP][PASSED] - delay: Delayed 2 second(s)

2018-11-25 04:51:29 - [MESSAGE][PASSED] - Delayed 2 second(s)

2018-11-25 04:51:29 - [TEST_STEP][PASSED] - click: Object: 'Object Repository/Final Object Repo/Page_Form 3 EIS - Cessation as Employer/Confirm' is clicked on

2018-11-25 04:51:30 - [MESSAGE][PASSED] - Object: 'Object Repository/Final Object Repo/Page_Form 3 EIS - Cessation as Employer/Confirm' is clicked on

2018-11-25 04:51:30 - [TEST_STEP][PASSED] - delay: Delayed 2 second(s)

2018-11-25 04:51:32 - [MESSAGE][PASSED] - Delayed 2 second(s)

2018-11-25 04:51:32 - [TEST_STEP][PASSED] - click: Object: 'Object Repository/Final Object Repo/Page_Form 3 EIS - Cessation as Employer/Message Your Request will be routed to UO' is clicked on

2018-11-25 04:51:35 - [MESSAGE][PASSED] - Object: 'Object Repository/Final Object Repo/Page_Form 3 EIS - Cessation as Employer/Message Your Request will be routed to UO' is clicked on

2018-11-25 04:51:35 - [TEST_STEP][PASSED] - click: Object: 'Object Repository/Final Object Repo/Page_Form 3 EIS - Cessation as Employer/Letter of acknowledgement' is clicked on

2018-11-25 04:51:36 - [MESSAGE][PASSED] - Object: 'Object Repository/Final Object Repo/Page_Form 3 EIS - Cessation as Employer/Letter of acknowledgement' is clicked on

2018-11-25 04:51:36 - [MESSAGE][PASSED] - Call Test Case 'Test Cases/Final Aug 2018 - PKS Automation/Registration Module/Workflow/Form 3 EIS - Cessation As Employer/Template/Form 3 A - Cessation As Employer (PKRBO)' successfully

2018-11-25 04:51:36 - [TEST_STEP][FAILED] - callTestCase: Unable to call Test Case with id 'Test Cases/Final Aug 2018 - PKS Automation/Registration Module/Workflow/Form 3 EIS - Cessation As Employer/Template/Form 3 A - Cessation As Employer (Query)' (Root cause: Call Test Case 'Test Cases/Final Aug 2018 - PKS Automation/Registration Module/Workflow/Form 3 EIS - Cessation As Employer/Template/Form 3 A - Cessation As Employer (Query)' failed)

2018-11-25 04:51:36 - [TEST_CASE][FAILED] - Test Cases/Final Aug 2018 - PKS Automation/Registration Module/Workflow/Form 3 EIS - Cessation As Employer/Template/Form 3 A - Cessation As Employer (Query): Test Cases/Final Aug 2018 - PKS Automation/Registration Module/Workflow/Form 3 EIS - Cessation As Employer/Template/Form 3 A - Cessation As Employer (Query) FAILED because (of) (Stack trace: com.kms.katalon.core.exception.StepFailedException: Unable to click on object 'Object Repository/Final Object Repo/Landing Page/Select to English' (Root cause: com.kms.katalon.core.webui.exception.WebElementNotFoundException: Web element with id: 'Object Repository/Final Object Repo/Landing Page/Select to English' located by 'By.xpath: //a[@class = 'taglib-language-list-text' and @lang = 'en-US' and (contains(text(), 'EN') or contains(., 'EN'))]' not found)
	at com.kms.katalon.core.keyword.internal.KeywordMain.stepFailed(KeywordMain.groovy:32)
	at com.kms.katalon.core.webui.keyword.internal.WebUIKeywordMain.stepFailed(WebUIKeywordMain.groovy:65)
	at com.kms.katalon.core.webui.keyword.internal.WebUIKeywordMain.runKeyword(WebUIKeywordMain.groovy:27)
	at com.kms.katalon.core.webui.keyword.builtin.ClickKeyword.click(ClickKeyword.groovy:86)
	at com.kms.katalon.core.webui.keyword.builtin.ClickKeyword.execute(ClickKeyword.groovy:67)
	at com.kms.katalon.core.keyword.internal.KeywordExecutor.executeKeywordForPlatform(KeywordExecutor.groovy:53)
	at com.kms.katalon.core.webui.keyword.WebUiBuiltInKeywords.click(WebUiBuiltInKeywords.groovy:604)
	at com.kms.katalon.core.webui.keyword.WebUiBuiltInKeywords$click$9.call(Unknown Source)
	at Script1534407542420.run(Script1534407542420.groovy:57)
	at com.kms.katalon.core.main.ScriptEngine.run(ScriptEngine.java:183)
	at com.kms.katalon.core.main.ScriptEngine.runScriptAsRawText(ScriptEngine.java:108)
	at com.kms.katalon.core.main.TestCaseExecutor.runScript(TestCaseExecutor.java:294)
	at com.kms.katalon.core.main.TestCaseExecutor.doExecute(TestCaseExecutor.java:285)
	at com.kms.katalon.core.main.TestCaseExecutor.processExecutionPhase(TestCaseExecutor.java:264)
	at com.kms.katalon.core.main.TestCaseExecutor.accessMainPhase(TestCaseExecutor.java:256)
	at com.kms.katalon.core.main.TestCaseExecutor.execute(TestCaseExecutor.java:200)
	at com.kms.katalon.core.main.TestCaseMain.runTestCase(TestCaseMain.java:99)
	at com.kms.katalon.core.keyword.builtin.CallTestCaseKeyword$_callTestCase_closure1.doCall(CallTestCaseKeyword.groovy:60)
	at com.kms.katalon.core.keyword.builtin.CallTestCaseKeyword$_callTestCase_closure1.call(CallTestCaseKeyword.groovy)
	at com.kms.katalon.core.keyword.internal.KeywordMain.runKeyword(KeywordMain.groovy:54)
	at com.kms.katalon.core.keyword.builtin.CallTestCaseKeyword.callTestCase(CallTestCaseKeyword.groovy:81)
	at com.kms.katalon.core.keyword.builtin.CallTestCaseKeyword.execute(CallTestCaseKeyword.groovy:45)
	at com.kms.katalon.core.keyword.internal.KeywordExecutor.executeKeywordForPlatform(KeywordExecutor.groovy:53)
	at com.kms.katalon.core.keyword.BuiltinKeywords.callTestCase(BuiltinKeywords.groovy:334)
	at sun.reflect.GeneratedMethodAccessor15.invoke(Unknown Source)
	at sun.reflect.DelegatingMethodAccessorImpl.invoke(DelegatingMethodAccessorImpl.java:43)
	at java.lang.reflect.Method.invoke(Method.java:498)
	at org.codehaus.groovy.reflection.CachedMethod.invoke(CachedMethod.java:93)
	at groovy.lang.MetaMethod.doMethodInvoke(MetaMethod.java:325)
	at groovy.lang.MetaClassImpl.invokeStaticMethod(MetaClassImpl.java:1469)
	at org.codehaus.groovy.runtime.callsite.StaticMetaClassSite.call(StaticMetaClassSite.java:53)
	at org.codehaus.groovy.runtime.callsite.AbstractCallSite.call(AbstractCallSite.java:141)
	at Script1536114876563.run(Script1536114876563.groovy:34)
	at com.kms.katalon.core.main.ScriptEngine.run(ScriptEngine.java:183)
	at com.kms.katalon.core.main.ScriptEngine.runScriptAsRawText(ScriptEngine.java:108)
	at com.kms.katalon.core.main.TestCaseExecutor.runScript(TestCaseExecutor.java:294)
	at com.kms.katalon.core.main.TestCaseExecutor.doExecute(TestCaseExecutor.java:285)
	at com.kms.katalon.core.main.TestCaseExecutor.processExecutionPhase(TestCaseExecutor.java:264)
	at com.kms.katalon.core.main.TestCaseExecutor.accessMainPhase(TestCaseExecutor.java:256)
	at com.kms.katalon.core.main.TestCaseExecutor.execute(TestCaseExecutor.java:200)
	at com.kms.katalon.core.main.TestCaseMain.runTestCase(TestCaseMain.java:99)
	at com.kms.katalon.core.keyword.builtin.CallTestCaseKeyword$_callTestCase_closure1.doCall(CallTestCaseKeyword.groovy:60)
	at com.kms.katalon.core.keyword.builtin.CallTestCaseKeyword$_callTestCase_closure1.call(CallTestCaseKeyword.groovy)
	at com.kms.katalon.core.keyword.internal.KeywordMain.runKeyword(KeywordMain.groovy:54)
	at com.kms.katalon.core.keyword.builtin.CallTestCaseKeyword.callTestCase(CallTestCaseKeyword.groovy:81)
	at com.kms.katalon.core.keyword.builtin.CallTestCaseKeyword.execute(CallTestCaseKeyword.groovy:45)
	at com.kms.katalon.core.keyword.internal.KeywordExecutor.executeKeywordForPlatform(KeywordExecutor.groovy:53)
	at com.kms.katalon.core.keyword.BuiltinKeywords.callTestCase(BuiltinKeywords.groovy:334)
	at sun.reflect.GeneratedMethodAccessor15.invoke(Unknown Source)
	at sun.reflect.DelegatingMethodAccessorImpl.invoke(DelegatingMethodAccessorImpl.java:43)
	at java.lang.reflect.Method.invoke(Method.java:498)
	at org.codehaus.groovy.reflection.CachedMethod.invoke(CachedMethod.java:93)
	at groovy.lang.MetaMethod.doMethodInvoke(MetaMethod.java:325)
	at groovy.lang.MetaClassImpl.invokeStaticMethod(MetaClassImpl.java:1469)
	at org.codehaus.groovy.runtime.callsite.StaticMetaClassSite.call(StaticMetaClassSite.java:53)
	at org.codehaus.groovy.runtime.callsite.CallSiteArray.defaultCall(CallSiteArray.java:48)
	at org.codehaus.groovy.runtime.callsite.AbstractCallSite.call(AbstractCallSite.java:113)
	at org.codehaus.groovy.runtime.callsite.AbstractCallSite.call(AbstractCallSite.java:141)
	at Script1536204651962.run(Script1536204651962.groovy:25)
	at com.kms.katalon.core.main.ScriptEngine.run(ScriptEngine.java:183)
	at com.kms.katalon.core.main.ScriptEngine.runScriptAsRawText(ScriptEngine.java:108)
	at com.kms.katalon.core.main.TestCaseExecutor.runScript(TestCaseExecutor.java:294)
	at com.kms.katalon.core.main.TestCaseExecutor.doExecute(TestCaseExecutor.java:285)
	at com.kms.katalon.core.main.TestCaseExecutor.processExecutionPhase(TestCaseExecutor.java:264)
	at com.kms.katalon.core.main.TestCaseExecutor.accessMainPhase(TestCaseExecutor.java:256)
	at com.kms.katalon.core.main.TestCaseExecutor.execute(TestCaseExecutor.java:200)
	at com.kms.katalon.core.main.TestSuiteExecutor.accessTestCaseMainPhase(TestSuiteExecutor.java:129)
	at com.kms.katalon.core.main.TestSuiteExecutor.accessTestSuiteMainPhase(TestSuiteExecutor.java:112)
	at com.kms.katalon.core.main.TestSuiteExecutor.execute(TestSuiteExecutor.java:81)
	at com.kms.katalon.core.main.TestCaseMain.startTestSuite(TestCaseMain.java:142)
	at com.kms.katalon.core.main.TestCaseMain$startTestSuite$0.call(Unknown Source)
	at org.codehaus.groovy.runtime.callsite.CallSiteArray.defaultCall(CallSiteArray.java:48)
	at org.codehaus.groovy.runtime.callsite.AbstractCallSite.call(AbstractCallSite.java:113)
	at org.codehaus.groovy.runtime.callsite.AbstractCallSite.call(AbstractCallSite.java:141)
	at TempTestSuite1543076525234.run(TempTestSuite1543076525234.groovy:36)
	at groovy.lang.GroovyShell.runScriptOrMainOrTestOrRunnable(GroovyShell.java:263)
	at groovy.lang.GroovyShell.run(GroovyShell.java:518)
	at groovy.lang.GroovyShell.run(GroovyShell.java:507)
	at groovy.ui.GroovyMain.processOnce(GroovyMain.java:653)
	at groovy.ui.GroovyMain.run(GroovyMain.java:384)
	at groovy.ui.GroovyMain.process(GroovyMain.java:370)
	at groovy.ui.GroovyMain.processArgs(GroovyMain.java:129)
	at groovy.ui.GroovyMain.main(GroovyMain.java:109)
	at sun.reflect.NativeMethodAccessorImpl.invoke0(Native Method)
	at sun.reflect.NativeMethodAccessorImpl.invoke(NativeMethodAccessorImpl.java:62)
	at sun.reflect.DelegatingMethodAccessorImpl.invoke(DelegatingMethodAccessorImpl.java:43)
	at java.lang.reflect.Method.invoke(Method.java:498)
	at org.codehaus.groovy.tools.GroovyStarter.rootLoader(GroovyStarter.java:109)
	at org.codehaus.groovy.tools.GroovyStarter.main(GroovyStarter.java:131)
)

2018-11-25 04:51:36 - [TEST_STEP][NOT_RUN] - callTestCase: NOT_RUN: callTestCase

2018-11-25 04:51:36 - [MESSAGE][NOT_RUN] - NOT_RUN: callTestCase

2018-11-25 04:51:36 - [TEST_STEP][PASSED] - delay: Delayed 1 second(s)

2018-11-25 04:51:37 - [MESSAGE][PASSED] - Delayed 1 second(s)

2018-11-25 04:51:37 - [TEST_STEP][PASSED] - navigateToUrl: Navigate to 'https://assist2-uat.perkeso.gov.my/c/portal/logout' successfully

2018-11-25 04:51:38 - [MESSAGE][PASSED] - Navigate to 'https://assist2-uat.perkeso.gov.my/c/portal/logout' successfully

2018-11-25 04:51:38 - [TEST_STEP][PASSED] - delay: Delayed 1 second(s)

2018-11-25 04:51:39 - [MESSAGE][PASSED] - Delayed 1 second(s)

2018-11-25 04:51:39 - [TEST_STEP][PASSED] - callTestCase: Call Test Case 'Test Cases/Final Aug 2018 - PKS Automation/Common/Reference Number Getter' successfully

2018-11-25 04:51:39 - [TEST_CASE][PASSED] - Test Cases/Final Aug 2018 - PKS Automation/Common/Reference Number Getter: Test Cases/Final Aug 2018 - PKS Automation/Common/Reference Number Getter

2018-11-25 04:51:39 - [TEST_STEP][PASSED] - Statement - Try: null

2018-11-25 04:51:39 - [TEST_STEP][PASSED] - Statement - RefNo = new java.io.File(C://Users//Admin//Desktop//PKS//Automation Reference Point//KatalonReference.txt): null

2018-11-25 04:51:39 - [TEST_STEP][PASSED] - Statement - bufferread = new java.io.BufferedReader(new java.io.FileReader(RefNo)): null

2018-11-25 04:51:39 - [TEST_STEP][PASSED] - Statement - readedVal = bufferread.readLine(): null

2018-11-25 04:51:39 - [TEST_STEP][PASSED] - Statement - out.println(CaseReferenceNo): null

2018-11-25 04:51:39 - [TEST_STEP][PASSED] - Statement - out.println(readedVal): null

2018-11-25 04:51:39 - [TEST_STEP][PASSED] - Statement - CaseReferenceNo = "": null

2018-11-25 04:51:39 - [TEST_STEP][PASSED] - Statement - CaseReferenceNo = readedVal: null

2018-11-25 04:51:39 - [MESSAGE][PASSED] - Call Test Case 'Test Cases/Final Aug 2018 - PKS Automation/Common/Reference Number Getter' successfully

2018-11-25 04:51:39 - [TEST_STEP][FAILED] - callTestCase: Unable to call Test Case with id 'Test Cases/Final Aug 2018 - PKS Automation/Common/Workflow Owner Finder' (Root cause: Call Test Case 'Test Cases/Final Aug 2018 - PKS Automation/Common/Workflow Owner Finder' failed)

2018-11-25 04:51:39 - [TEST_CASE][FAILED] - Test Cases/Final Aug 2018 - PKS Automation/Common/Workflow Owner Finder: Test Cases/Final Aug 2018 - PKS Automation/Common/Workflow Owner Finder FAILED because (of) (Stack trace: com.kms.katalon.core.exception.StepFailedException: Unable to click on object 'Object Repository/Final Object Repo/Landing Page/Select to English' (Root cause: com.kms.katalon.core.webui.exception.WebElementNotFoundException: Web element with id: 'Object Repository/Final Object Repo/Landing Page/Select to English' located by 'By.xpath: //a[@class = 'taglib-language-list-text' and @lang = 'en-US' and (contains(text(), 'EN') or contains(., 'EN'))]' not found)
	at com.kms.katalon.core.keyword.internal.KeywordMain.stepFailed(KeywordMain.groovy:32)
	at com.kms.katalon.core.webui.keyword.internal.WebUIKeywordMain.stepFailed(WebUIKeywordMain.groovy:65)
	at com.kms.katalon.core.webui.keyword.internal.WebUIKeywordMain.runKeyword(WebUIKeywordMain.groovy:27)
	at com.kms.katalon.core.webui.keyword.builtin.ClickKeyword.click(ClickKeyword.groovy:86)
	at com.kms.katalon.core.webui.keyword.builtin.ClickKeyword.execute(ClickKeyword.groovy:67)
	at com.kms.katalon.core.keyword.internal.KeywordExecutor.executeKeywordForPlatform(KeywordExecutor.groovy:53)
	at com.kms.katalon.core.webui.keyword.WebUiBuiltInKeywords.click(WebUiBuiltInKeywords.groovy:604)
	at com.kms.katalon.core.webui.keyword.WebUiBuiltInKeywords$click$9.call(Unknown Source)
	at Script1534407542420.run(Script1534407542420.groovy:57)
	at com.kms.katalon.core.main.ScriptEngine.run(ScriptEngine.java:183)
	at com.kms.katalon.core.main.ScriptEngine.runScriptAsRawText(ScriptEngine.java:108)
	at com.kms.katalon.core.main.TestCaseExecutor.runScript(TestCaseExecutor.java:294)
	at com.kms.katalon.core.main.TestCaseExecutor.doExecute(TestCaseExecutor.java:285)
	at com.kms.katalon.core.main.TestCaseExecutor.processExecutionPhase(TestCaseExecutor.java:264)
	at com.kms.katalon.core.main.TestCaseExecutor.accessMainPhase(TestCaseExecutor.java:256)
	at com.kms.katalon.core.main.TestCaseExecutor.execute(TestCaseExecutor.java:200)
	at com.kms.katalon.core.main.TestCaseMain.runTestCase(TestCaseMain.java:99)
	at com.kms.katalon.core.keyword.builtin.CallTestCaseKeyword$_callTestCase_closure1.doCall(CallTestCaseKeyword.groovy:60)
	at com.kms.katalon.core.keyword.builtin.CallTestCaseKeyword$_callTestCase_closure1.call(CallTestCaseKeyword.groovy)
	at com.kms.katalon.core.keyword.internal.KeywordMain.runKeyword(KeywordMain.groovy:54)
	at com.kms.katalon.core.keyword.builtin.CallTestCaseKeyword.callTestCase(CallTestCaseKeyword.groovy:81)
	at com.kms.katalon.core.keyword.builtin.CallTestCaseKeyword.execute(CallTestCaseKeyword.groovy:45)
	at com.kms.katalon.core.keyword.internal.KeywordExecutor.executeKeywordForPlatform(KeywordExecutor.groovy:53)
	at com.kms.katalon.core.keyword.BuiltinKeywords.callTestCase(BuiltinKeywords.groovy:334)
	at sun.reflect.GeneratedMethodAccessor15.invoke(Unknown Source)
	at sun.reflect.DelegatingMethodAccessorImpl.invoke(DelegatingMethodAccessorImpl.java:43)
	at java.lang.reflect.Method.invoke(Method.java:498)
	at org.codehaus.groovy.reflection.CachedMethod.invoke(CachedMethod.java:93)
	at groovy.lang.MetaMethod.doMethodInvoke(MetaMethod.java:325)
	at groovy.lang.MetaClassImpl.invokeStaticMethod(MetaClassImpl.java:1469)
	at org.codehaus.groovy.runtime.callsite.StaticMetaClassSite.call(StaticMetaClassSite.java:53)
	at org.codehaus.groovy.runtime.callsite.AbstractCallSite.call(AbstractCallSite.java:141)
	at Script1536114876563.run(Script1536114876563.groovy:34)
	at com.kms.katalon.core.main.ScriptEngine.run(ScriptEngine.java:183)
	at com.kms.katalon.core.main.ScriptEngine.runScriptAsRawText(ScriptEngine.java:108)
	at com.kms.katalon.core.main.TestCaseExecutor.runScript(TestCaseExecutor.java:294)
	at com.kms.katalon.core.main.TestCaseExecutor.doExecute(TestCaseExecutor.java:285)
	at com.kms.katalon.core.main.TestCaseExecutor.processExecutionPhase(TestCaseExecutor.java:264)
	at com.kms.katalon.core.main.TestCaseExecutor.accessMainPhase(TestCaseExecutor.java:256)
	at com.kms.katalon.core.main.TestCaseExecutor.execute(TestCaseExecutor.java:200)
	at com.kms.katalon.core.main.TestCaseMain.runTestCase(TestCaseMain.java:99)
	at com.kms.katalon.core.keyword.builtin.CallTestCaseKeyword$_callTestCase_closure1.doCall(CallTestCaseKeyword.groovy:60)
	at com.kms.katalon.core.keyword.builtin.CallTestCaseKeyword$_callTestCase_closure1.call(CallTestCaseKeyword.groovy)
	at com.kms.katalon.core.keyword.internal.KeywordMain.runKeyword(KeywordMain.groovy:54)
	at com.kms.katalon.core.keyword.builtin.CallTestCaseKeyword.callTestCase(CallTestCaseKeyword.groovy:81)
	at com.kms.katalon.core.keyword.builtin.CallTestCaseKeyword.execute(CallTestCaseKeyword.groovy:45)
	at com.kms.katalon.core.keyword.internal.KeywordExecutor.executeKeywordForPlatform(KeywordExecutor.groovy:53)
	at com.kms.katalon.core.keyword.BuiltinKeywords.callTestCase(BuiltinKeywords.groovy:334)
	at sun.reflect.GeneratedMethodAccessor15.invoke(Unknown Source)
	at sun.reflect.DelegatingMethodAccessorImpl.invoke(DelegatingMethodAccessorImpl.java:43)
	at java.lang.reflect.Method.invoke(Method.java:498)
	at org.codehaus.groovy.reflection.CachedMethod.invoke(CachedMethod.java:93)
	at groovy.lang.MetaMethod.doMethodInvoke(MetaMethod.java:325)
	at groovy.lang.MetaClassImpl.invokeStaticMethod(MetaClassImpl.java:1469)
	at org.codehaus.groovy.runtime.callsite.StaticMetaClassSite.call(StaticMetaClassSite.java:53)
	at org.codehaus.groovy.runtime.callsite.CallSiteArray.defaultCall(CallSiteArray.java:48)
	at org.codehaus.groovy.runtime.callsite.AbstractCallSite.call(AbstractCallSite.java:113)
	at org.codehaus.groovy.runtime.callsite.AbstractCallSite.call(AbstractCallSite.java:141)
	at Script1536204651962.run(Script1536204651962.groovy:25)
	at com.kms.katalon.core.main.ScriptEngine.run(ScriptEngine.java:183)
	at com.kms.katalon.core.main.ScriptEngine.runScriptAsRawText(ScriptEngine.java:108)
	at com.kms.katalon.core.main.TestCaseExecutor.runScript(TestCaseExecutor.java:294)
	at com.kms.katalon.core.main.TestCaseExecutor.doExecute(TestCaseExecutor.java:285)
	at com.kms.katalon.core.main.TestCaseExecutor.processExecutionPhase(TestCaseExecutor.java:264)
	at com.kms.katalon.core.main.TestCaseExecutor.accessMainPhase(TestCaseExecutor.java:256)
	at com.kms.katalon.core.main.TestCaseExecutor.execute(TestCaseExecutor.java:200)
	at com.kms.katalon.core.main.TestSuiteExecutor.accessTestCaseMainPhase(TestSuiteExecutor.java:129)
	at com.kms.katalon.core.main.TestSuiteExecutor.accessTestSuiteMainPhase(TestSuiteExecutor.java:112)
	at com.kms.katalon.core.main.TestSuiteExecutor.execute(TestSuiteExecutor.java:81)
	at com.kms.katalon.core.main.TestCaseMain.startTestSuite(TestCaseMain.java:142)
	at com.kms.katalon.core.main.TestCaseMain$startTestSuite$0.call(Unknown Source)
	at org.codehaus.groovy.runtime.callsite.CallSiteArray.defaultCall(CallSiteArray.java:48)
	at org.codehaus.groovy.runtime.callsite.AbstractCallSite.call(AbstractCallSite.java:113)
	at org.codehaus.groovy.runtime.callsite.AbstractCallSite.call(AbstractCallSite.java:141)
	at TempTestSuite1543076525234.run(TempTestSuite1543076525234.groovy:36)
	at groovy.lang.GroovyShell.runScriptOrMainOrTestOrRunnable(GroovyShell.java:263)
	at groovy.lang.GroovyShell.run(GroovyShell.java:518)
	at groovy.lang.GroovyShell.run(GroovyShell.java:507)
	at groovy.ui.GroovyMain.processOnce(GroovyMain.java:653)
	at groovy.ui.GroovyMain.run(GroovyMain.java:384)
	at groovy.ui.GroovyMain.process(GroovyMain.java:370)
	at groovy.ui.GroovyMain.processArgs(GroovyMain.java:129)
	at groovy.ui.GroovyMain.main(GroovyMain.java:109)
	at sun.reflect.NativeMethodAccessorImpl.invoke0(Native Method)
	at sun.reflect.NativeMethodAccessorImpl.invoke(NativeMethodAccessorImpl.java:62)
	at sun.reflect.DelegatingMethodAccessorImpl.invoke(DelegatingMethodAccessorImpl.java:43)
	at java.lang.reflect.Method.invoke(Method.java:498)
	at org.codehaus.groovy.tools.GroovyStarter.rootLoader(GroovyStarter.java:109)
	at org.codehaus.groovy.tools.GroovyStarter.main(GroovyStarter.java:131)
)

2018-11-25 04:51:39 - [TEST_STEP][PASSED] - openBrowser: Browser is opened with url: ''

2018-11-25 04:51:39 - [MESSAGE][WARNING] - A browser is already opened. Closing browser and opening a new one

2018-11-25 04:51:43 - [MESSAGE][PASSED] - Browser is opened with url: ''

2018-11-25 04:51:43 - [TEST_STEP][PASSED] - navigateToUrl: Navigate to 'https://assist2-uat.perkeso.gov.my/login' successfully

2018-11-25 04:51:44 - [MESSAGE][PASSED] - Navigate to 'https://assist2-uat.perkeso.gov.my/login' successfully

2018-11-25 04:51:44 - [TEST_STEP][PASSED] - delay: Delayed 5 second(s)

2018-11-25 04:51:49 - [MESSAGE][PASSED] - Delayed 5 second(s)

2018-11-25 04:51:49 - [TEST_STEP][PASSED] - setText: Text 'test@liferay.com' is set on object 'Object Repository/Final Object Repo/Login Page/Internal User/Email Address'

2018-11-25 04:51:50 - [MESSAGE][PASSED] - Text 'test@liferay.com' is set on object 'Object Repository/Final Object Repo/Login Page/Internal User/Email Address'

2018-11-25 04:51:50 - [TEST_STEP][PASSED] - click: Object: 'Object Repository/Final Object Repo/Login Page/Internal User/Next Button' is clicked on

2018-11-25 04:51:50 - [MESSAGE][PASSED] - Object: 'Object Repository/Final Object Repo/Login Page/Internal User/Next Button' is clicked on

2018-11-25 04:51:50 - [TEST_STEP][PASSED] - delay: Delayed 2 second(s)

2018-11-25 04:51:52 - [MESSAGE][PASSED] - Delayed 2 second(s)

2018-11-25 04:51:52 - [TEST_STEP][PASSED] - setText: Text 'test' is set on object 'Object Repository/Final Object Repo/Login Page/Internal User/Password'

2018-11-25 04:51:52 - [MESSAGE][PASSED] - Text 'test' is set on object 'Object Repository/Final Object Repo/Login Page/Internal User/Password'

2018-11-25 04:51:52 - [TEST_STEP][PASSED] - delay: Delayed 2 second(s)

2018-11-25 04:51:54 - [MESSAGE][PASSED] - Delayed 2 second(s)

2018-11-25 04:51:54 - [TEST_STEP][PASSED] - click: Object: 'Object Repository/Final Object Repo/Login Page/Internal User/Login Button' is clicked on

2018-11-25 04:51:54 - [MESSAGE][PASSED] - Object: 'Object Repository/Final Object Repo/Login Page/Internal User/Login Button' is clicked on

2018-11-25 04:51:54 - [TEST_STEP][FAILED] - Statement - Try: Delayed 2 second(s)

2018-11-25 04:51:54 - [TEST_STEP][PASSED] - Statement - Checker = false: null

2018-11-25 04:51:54 - [TEST_STEP][PASSED] - Statement - Checker = com.kms.katalon.core.webui.keyword.WebUiBuiltInKeywords.verifyElementHasAttribute(com.kms.katalon.core.testobject.ObjectRepository.findTestObject(Final Object Repo/Landing Page/BM Detecting), "href", 20, OPTIONAL): Unable to verify if object 'Object Repository/Final Object Repo/Landing Page/BM Detecting' has attribute 'href' (Root cause: org.openqa.selenium.StaleElementReferenceException: stale element reference: element is not attached to the page document
  (Session info: chrome=70.0.3538.102)
  (Driver info: chromedriver=2.43.600210 (68dcf5eebde37173d4027fa8635e332711d2874a),platform=Windows NT 6.1.7601 SP1 x86_64) (WARNING: The server did not provide any stacktrace information)
Command duration or timeout: 0 milliseconds
For documentation on this error, please visit: http://seleniumhq.org/exceptions/stale_element_reference.html
Build info: version: '3.7.1', revision: '8a0099a', time: '2017-11-06T21:07:36.161Z'
System info: host: 'WIN7TEST02', ip: '10.20.3.72', os.name: 'Windows 7', os.arch: 'amd64', os.version: '6.1', java.version: '1.8.0_181'
Driver info: com.kms.katalon.selenium.driver.CChromeDriver
Capabilities {acceptInsecureCerts: false, acceptSslCerts: false, applicationCacheEnabled: false, browserConnectionEnabled: false, browserName: chrome, chrome: {chromedriverVersion: 2.43.600210 (68dcf5eebde371..., userDataDir: C:\Users\Admin\AppData\Loca...}, cssSelectorsEnabled: true, databaseEnabled: false, goog:chromeOptions: {debuggerAddress: localhost:53662}, handlesAlerts: true, hasTouchScreen: false, javascriptEnabled: true, locationContextEnabled: true, mobileEmulationEnabled: false, nativeEvents: true, networkConnectionEnabled: false, pageLoadStrategy: normal, platform: XP, platformName: XP, rotatable: false, setWindowRect: true, takesHeapSnapshot: true, takesScreenshot: true, unexpectedAlertBehaviour: , unhandledPromptBehavior: , version: 70.0.3538.102, webStorageEnabled: true}
Session ID: 204a418908c97d737005d59f0a48c37d)

2018-11-25 04:51:56 - [MESSAGE][WARNING] - Unable to verify if object 'Object Repository/Final Object Repo/Landing Page/BM Detecting' has attribute 'href' (Root cause: org.openqa.selenium.StaleElementReferenceException: stale element reference: element is not attached to the page document
  (Session info: chrome=70.0.3538.102)
  (Driver info: chromedriver=2.43.600210 (68dcf5eebde37173d4027fa8635e332711d2874a),platform=Windows NT 6.1.7601 SP1 x86_64) (WARNING: The server did not provide any stacktrace information)
Command duration or timeout: 0 milliseconds
For documentation on this error, please visit: http://seleniumhq.org/exceptions/stale_element_reference.html
Build info: version: '3.7.1', revision: '8a0099a', time: '2017-11-06T21:07:36.161Z'
System info: host: 'WIN7TEST02', ip: '10.20.3.72', os.name: 'Windows 7', os.arch: 'amd64', os.version: '6.1', java.version: '1.8.0_181'
Driver info: com.kms.katalon.selenium.driver.CChromeDriver
Capabilities {acceptInsecureCerts: false, acceptSslCerts: false, applicationCacheEnabled: false, browserConnectionEnabled: false, browserName: chrome, chrome: {chromedriverVersion: 2.43.600210 (68dcf5eebde371..., userDataDir: C:\Users\Admin\AppData\Loca...}, cssSelectorsEnabled: true, databaseEnabled: false, goog:chromeOptions: {debuggerAddress: localhost:53662}, handlesAlerts: true, hasTouchScreen: false, javascriptEnabled: true, locationContextEnabled: true, mobileEmulationEnabled: false, nativeEvents: true, networkConnectionEnabled: false, pageLoadStrategy: normal, platform: XP, platformName: XP, rotatable: false, setWindowRect: true, takesHeapSnapshot: true, takesScreenshot: true, unexpectedAlertBehaviour: , unhandledPromptBehavior: , version: 70.0.3538.102, webStorageEnabled: true}
Session ID: 204a418908c97d737005d59f0a48c37d)
[[ATTACHMENT|C:\\Users\\Admin\\Desktop\\PKS\\Perkeso Phase A\\Reports\\Workflow\\Form 3 EIS - Cessation as Employer\\20181125_002205\\1543092716358.png]]

2018-11-25 04:51:56 - [TEST_STEP][PASSED] - Statement - out.println(Checker): null

2018-11-25 04:51:56 - [TEST_STEP][FAILED] - Statement - If (Checker == false): Unable to click on object 'Object Repository/Final Object Repo/Landing Page/Select to English' (Root cause: com.kms.katalon.core.webui.exception.WebElementNotFoundException: Web element with id: 'Object Repository/Final Object Repo/Landing Page/Select to English' located by 'By.xpath: //a[@class = 'taglib-language-list-text' and @lang = 'en-US' and (contains(text(), 'EN') or contains(., 'EN'))]' not found)

2018-11-25 04:51:56 - [TEST_STEP][FAILED] - click: Unable to click on object 'Object Repository/Final Object Repo/Landing Page/Select to English' (Root cause: com.kms.katalon.core.webui.exception.WebElementNotFoundException: Web element with id: 'Object Repository/Final Object Repo/Landing Page/Select to English' located by 'By.xpath: //a[@class = 'taglib-language-list-text' and @lang = 'en-US' and (contains(text(), 'EN') or contains(., 'EN'))]' not found)

2018-11-25 04:52:34 - [MESSAGE][FAILED] - Unable to click on object 'Object Repository/Final Object Repo/Landing Page/Select to English' (Root cause: com.kms.katalon.core.webui.exception.WebElementNotFoundException: Web element with id: 'Object Repository/Final Object Repo/Landing Page/Select to English' located by 'By.xpath: //a[@class = 'taglib-language-list-text' and @lang = 'en-US' and (contains(text(), 'EN') or contains(., 'EN'))]' not found)
[[ATTACHMENT|C:\\Users\\Admin\\Desktop\\PKS\\Perkeso Phase A\\Reports\\Workflow\\Form 3 EIS - Cessation as Employer\\20181125_002205\\1543092753926.png]]

2018-11-25 04:52:34 - [TEST_STEP][PASSED] - delay: Delayed 2 second(s)

2018-11-25 04:52:36 - [MESSAGE][PASSED] - Delayed 2 second(s)

2018-11-25 04:52:36 - [TEST_STEP][PASSED] - delay: Delayed 3 second(s)

2018-11-25 04:52:39 - [MESSAGE][PASSED] - Delayed 3 second(s)

2018-11-25 04:52:39 - [TEST_STEP][PASSED] - mouseOver: Object: 'Object Repository/Final Object Repo/Landing Page/WorkFlow Menu' is hovered

2018-11-25 04:52:39 - [MESSAGE][PASSED] - Object: 'Object Repository/Final Object Repo/Landing Page/WorkFlow Menu' is hovered

2018-11-25 04:52:39 - [TEST_STEP][PASSED] - delay: Delayed 2 second(s)

2018-11-25 04:52:41 - [MESSAGE][PASSED] - Delayed 2 second(s)

2018-11-25 04:52:41 - [TEST_STEP][FAILED] - click: Unable to click on object 'Object Repository/Final Object Repo/Landing Page/Select to Workflow Listing' (Root cause: org.openqa.selenium.ElementNotVisibleException: element not interactable
  (Session info: chrome=70.0.3538.102)
  (Driver info: chromedriver=2.43.600210 (68dcf5eebde37173d4027fa8635e332711d2874a),platform=Windows NT 6.1.7601 SP1 x86_64) (WARNING: The server did not provide any stacktrace information)
Command duration or timeout: 0 milliseconds
Build info: version: '3.7.1', revision: '8a0099a', time: '2017-11-06T21:07:36.161Z'
System info: host: 'WIN7TEST02', ip: '10.20.3.72', os.name: 'Windows 7', os.arch: 'amd64', os.version: '6.1', java.version: '1.8.0_181'
Driver info: com.kms.katalon.selenium.driver.CChromeDriver
Capabilities {acceptInsecureCerts: false, acceptSslCerts: false, applicationCacheEnabled: false, browserConnectionEnabled: false, browserName: chrome, chrome: {chromedriverVersion: 2.43.600210 (68dcf5eebde371..., userDataDir: C:\Users\Admin\AppData\Loca...}, cssSelectorsEnabled: true, databaseEnabled: false, goog:chromeOptions: {debuggerAddress: localhost:53662}, handlesAlerts: true, hasTouchScreen: false, javascriptEnabled: true, locationContextEnabled: true, mobileEmulationEnabled: false, nativeEvents: true, networkConnectionEnabled: false, pageLoadStrategy: normal, platform: XP, platformName: XP, rotatable: false, setWindowRect: true, takesHeapSnapshot: true, takesScreenshot: true, unexpectedAlertBehaviour: , unhandledPromptBehavior: , version: 70.0.3538.102, webStorageEnabled: true}
Session ID: 204a418908c97d737005d59f0a48c37d)

2018-11-25 04:52:41 - [MESSAGE][FAILED] - Unable to click on object 'Object Repository/Final Object Repo/Landing Page/Select to Workflow Listing' (Root cause: org.openqa.selenium.ElementNotVisibleException: element not interactable
  (Session info: chrome=70.0.3538.102)
  (Driver info: chromedriver=2.43.600210 (68dcf5eebde37173d4027fa8635e332711d2874a),platform=Windows NT 6.1.7601 SP1 x86_64) (WARNING: The server did not provide any stacktrace information)
Command duration or timeout: 0 milliseconds
Build info: version: '3.7.1', revision: '8a0099a', time: '2017-11-06T21:07:36.161Z'
System info: host: 'WIN7TEST02', ip: '10.20.3.72', os.name: 'Windows 7', os.arch: 'amd64', os.version: '6.1', java.version: '1.8.0_181'
Driver info: com.kms.katalon.selenium.driver.CChromeDriver
Capabilities {acceptInsecureCerts: false, acceptSslCerts: false, applicationCacheEnabled: false, browserConnectionEnabled: false, browserName: chrome, chrome: {chromedriverVersion: 2.43.600210 (68dcf5eebde371..., userDataDir: C:\Users\Admin\AppData\Loca...}, cssSelectorsEnabled: true, databaseEnabled: false, goog:chromeOptions: {debuggerAddress: localhost:53662}, handlesAlerts: true, hasTouchScreen: false, javascriptEnabled: true, locationContextEnabled: true, mobileEmulationEnabled: false, nativeEvents: true, networkConnectionEnabled: false, pageLoadStrategy: normal, platform: XP, platformName: XP, rotatable: false, setWindowRect: true, takesHeapSnapshot: true, takesScreenshot: true, unexpectedAlertBehaviour: , unhandledPromptBehavior: , version: 70.0.3538.102, webStorageEnabled: true}
Session ID: 204a418908c97d737005d59f0a48c37d)
[[ATTACHMENT|C:\\Users\\Admin\\Desktop\\PKS\\Perkeso Phase A\\Reports\\Workflow\\Form 3 EIS - Cessation as Employer\\20181125_002205\\1543092761437.png]]

2018-11-25 04:52:41 - [TEST_STEP][PASSED] - delay: Delayed 2 second(s)

2018-11-25 04:52:43 - [MESSAGE][PASSED] - Delayed 2 second(s)

2018-11-25 04:52:43 - [TEST_STEP][FAILED] - click: Unable to click on object 'Object Repository/Final Object Repo/WorkFlow Listing Page/Search Information - To Put Ref No' (Root cause: com.kms.katalon.core.webui.exception.WebElementNotFoundException: Web element with id: 'Object Repository/Final Object Repo/WorkFlow Listing Page/Search Information - To Put Ref No' located by 'By.xpath: //h2[@data-target = '#_workflowlisting_WAR_baseportlet_searchDiv' and (text() = 'Search Information' or . = 'Search Information')]' not found)

2018-11-25 04:53:15 - [MESSAGE][FAILED] - Unable to click on object 'Object Repository/Final Object Repo/WorkFlow Listing Page/Search Information - To Put Ref No' (Root cause: com.kms.katalon.core.webui.exception.WebElementNotFoundException: Web element with id: 'Object Repository/Final Object Repo/WorkFlow Listing Page/Search Information - To Put Ref No' located by 'By.xpath: //h2[@data-target = '#_workflowlisting_WAR_baseportlet_searchDiv' and (text() = 'Search Information' or . = 'Search Information')]' not found)
[[ATTACHMENT|C:\\Users\\Admin\\Desktop\\PKS\\Perkeso Phase A\\Reports\\Workflow\\Form 3 EIS - Cessation as Employer\\20181125_002205\\1543092795027.png]]

2018-11-25 04:53:15 - [TEST_STEP][PASSED] - delay: Delayed 2 second(s)

2018-11-25 04:53:17 - [MESSAGE][PASSED] - Delayed 2 second(s)

2018-11-25 04:53:17 - [TEST_STEP][PASSED] - callTestCase: Call Test Case 'Test Cases/Final Aug 2018 - PKS Automation/Common/Reference Number Getter' successfully

2018-11-25 04:53:17 - [TEST_CASE][PASSED] - Test Cases/Final Aug 2018 - PKS Automation/Common/Reference Number Getter: Test Cases/Final Aug 2018 - PKS Automation/Common/Reference Number Getter

2018-11-25 04:53:17 - [TEST_STEP][PASSED] - Statement - Try: null

2018-11-25 04:53:17 - [TEST_STEP][PASSED] - Statement - RefNo = new java.io.File(C://Users//Admin//Desktop//PKS//Automation Reference Point//KatalonReference.txt): null

2018-11-25 04:53:17 - [TEST_STEP][PASSED] - Statement - bufferread = new java.io.BufferedReader(new java.io.FileReader(RefNo)): null

2018-11-25 04:53:17 - [TEST_STEP][PASSED] - Statement - readedVal = bufferread.readLine(): null

2018-11-25 04:53:17 - [TEST_STEP][PASSED] - Statement - out.println(CaseReferenceNo): null

2018-11-25 04:53:17 - [TEST_STEP][PASSED] - Statement - out.println(readedVal): null

2018-11-25 04:53:17 - [TEST_STEP][PASSED] - Statement - CaseReferenceNo = "": null

2018-11-25 04:53:17 - [TEST_STEP][PASSED] - Statement - CaseReferenceNo = readedVal: null

2018-11-25 04:53:17 - [MESSAGE][PASSED] - Call Test Case 'Test Cases/Final Aug 2018 - PKS Automation/Common/Reference Number Getter' successfully

2018-11-25 04:53:17 - [TEST_STEP][FAILED] - setText: Unable to set text 'ERN112018C200002285' of object 'Object Repository/Final Object Repo/WorkFlow Listing Page/Ref No Set Text' (Root cause: com.kms.katalon.core.webui.exception.WebElementNotFoundException: Web element with id: 'Object Repository/Final Object Repo/WorkFlow Listing Page/Ref No Set Text' located by 'By.xpath: //input[@id = '_workflowlisting_WAR_baseportlet_dto.trxReferenceNum' and @name = '_workflowlisting_WAR_baseportlet_dto.trxReferenceNum' and @type = 'text']' not found)

2018-11-25 04:53:49 - [MESSAGE][FAILED] - Unable to set text 'ERN112018C200002285' of object 'Object Repository/Final Object Repo/WorkFlow Listing Page/Ref No Set Text' (Root cause: com.kms.katalon.core.webui.exception.WebElementNotFoundException: Web element with id: 'Object Repository/Final Object Repo/WorkFlow Listing Page/Ref No Set Text' located by 'By.xpath: //input[@id = '_workflowlisting_WAR_baseportlet_dto.trxReferenceNum' and @name = '_workflowlisting_WAR_baseportlet_dto.trxReferenceNum' and @type = 'text']' not found)
[[ATTACHMENT|C:\\Users\\Admin\\Desktop\\PKS\\Perkeso Phase A\\Reports\\Workflow\\Form 3 EIS - Cessation as Employer\\20181125_002205\\1543092829130.png]]

2018-11-25 04:53:49 - [TEST_STEP][PASSED] - delay: Delayed 2 second(s)

2018-11-25 04:53:51 - [MESSAGE][PASSED] - Delayed 2 second(s)

2018-11-25 04:53:51 - [TEST_STEP][FAILED] - click: Unable to click on object 'Object Repository/Final Object Repo/WorkFlow Listing Page/Search Ref No Search Button' (Root cause: org.openqa.selenium.ElementNotVisibleException: element not interactable
  (Session info: chrome=70.0.3538.102)
  (Driver info: chromedriver=2.43.600210 (68dcf5eebde37173d4027fa8635e332711d2874a),platform=Windows NT 6.1.7601 SP1 x86_64) (WARNING: The server did not provide any stacktrace information)
Command duration or timeout: 0 milliseconds
Build info: version: '3.7.1', revision: '8a0099a', time: '2017-11-06T21:07:36.161Z'
System info: host: 'WIN7TEST02', ip: '10.20.3.72', os.name: 'Windows 7', os.arch: 'amd64', os.version: '6.1', java.version: '1.8.0_181'
Driver info: com.kms.katalon.selenium.driver.CChromeDriver
Capabilities {acceptInsecureCerts: false, acceptSslCerts: false, applicationCacheEnabled: false, browserConnectionEnabled: false, browserName: chrome, chrome: {chromedriverVersion: 2.43.600210 (68dcf5eebde371..., userDataDir: C:\Users\Admin\AppData\Loca...}, cssSelectorsEnabled: true, databaseEnabled: false, goog:chromeOptions: {debuggerAddress: localhost:53662}, handlesAlerts: true, hasTouchScreen: false, javascriptEnabled: true, locationContextEnabled: true, mobileEmulationEnabled: false, nativeEvents: true, networkConnectionEnabled: false, pageLoadStrategy: normal, platform: XP, platformName: XP, rotatable: false, setWindowRect: true, takesHeapSnapshot: true, takesScreenshot: true, unexpectedAlertBehaviour: , unhandledPromptBehavior: , version: 70.0.3538.102, webStorageEnabled: true}
Session ID: 204a418908c97d737005d59f0a48c37d)

2018-11-25 04:53:51 - [MESSAGE][FAILED] - Unable to click on object 'Object Repository/Final Object Repo/WorkFlow Listing Page/Search Ref No Search Button' (Root cause: org.openqa.selenium.ElementNotVisibleException: element not interactable
  (Session info: chrome=70.0.3538.102)
  (Driver info: chromedriver=2.43.600210 (68dcf5eebde37173d4027fa8635e332711d2874a),platform=Windows NT 6.1.7601 SP1 x86_64) (WARNING: The server did not provide any stacktrace information)
Command duration or timeout: 0 milliseconds
Build info: version: '3.7.1', revision: '8a0099a', time: '2017-11-06T21:07:36.161Z'
System info: host: 'WIN7TEST02', ip: '10.20.3.72', os.name: 'Windows 7', os.arch: 'amd64', os.version: '6.1', java.version: '1.8.0_181'
Driver info: com.kms.katalon.selenium.driver.CChromeDriver
Capabilities {acceptInsecureCerts: false, acceptSslCerts: false, applicationCacheEnabled: false, browserConnectionEnabled: false, browserName: chrome, chrome: {chromedriverVersion: 2.43.600210 (68dcf5eebde371..., userDataDir: C:\Users\Admin\AppData\Loca...}, cssSelectorsEnabled: true, databaseEnabled: false, goog:chromeOptions: {debuggerAddress: localhost:53662}, handlesAlerts: true, hasTouchScreen: false, javascriptEnabled: true, locationContextEnabled: true, mobileEmulationEnabled: false, nativeEvents: true, networkConnectionEnabled: false, pageLoadStrategy: normal, platform: XP, platformName: XP, rotatable: false, setWindowRect: true, takesHeapSnapshot: true, takesScreenshot: true, unexpectedAlertBehaviour: , unhandledPromptBehavior: , version: 70.0.3538.102, webStorageEnabled: true}
Session ID: 204a418908c97d737005d59f0a48c37d)
[[ATTACHMENT|C:\\Users\\Admin\\Desktop\\PKS\\Perkeso Phase A\\Reports\\Workflow\\Form 3 EIS - Cessation as Employer\\20181125_002205\\1543092831554.png]]

2018-11-25 04:53:51 - [TEST_STEP][PASSED] - delay: Delayed 4 second(s)

2018-11-25 04:53:55 - [MESSAGE][PASSED] - Delayed 4 second(s)

2018-11-25 04:53:55 - [TEST_STEP][PASSED] - click: Object: 'Object Repository/Final Object Repo/WorkFlow Listing Page/Click Continue Tooltip' is clicked on

2018-11-25 04:53:57 - [MESSAGE][PASSED] - Object: 'Object Repository/Final Object Repo/WorkFlow Listing Page/Click Continue Tooltip' is clicked on

2018-11-25 04:53:57 - [TEST_STEP][PASSED] - delay: Delayed 5 second(s)

2018-11-25 04:54:02 - [MESSAGE][PASSED] - Delayed 5 second(s)

2018-11-25 04:54:02 - [TEST_STEP][FAILED] - doubleClick: Unable to double click on object 'Object Repository/Final Object Repo/WorkFlow Listing Page/Workflow Found - Listing 1' (Root cause: com.kms.katalon.core.webui.exception.WebElementNotFoundException: Web element with id: 'Object Repository/Final Object Repo/WorkFlow Listing Page/Workflow Found - Listing 1' located by 'By.xpath: //body/div/div/div/div/div/div/div/div/div/div/div/div/div/div/div/div/table/tbody/tr/td[@class='table-cell  first']/following-sibling::td[1]' not found)

2018-11-25 04:54:33 - [MESSAGE][FAILED] - Unable to double click on object 'Object Repository/Final Object Repo/WorkFlow Listing Page/Workflow Found - Listing 1' (Root cause: com.kms.katalon.core.webui.exception.WebElementNotFoundException: Web element with id: 'Object Repository/Final Object Repo/WorkFlow Listing Page/Workflow Found - Listing 1' located by 'By.xpath: //body/div/div/div/div/div/div/div/div/div/div/div/div/div/div/div/div/table/tbody/tr/td[@class='table-cell  first']/following-sibling::td[1]' not found)
[[ATTACHMENT|C:\\Users\\Admin\\Desktop\\PKS\\Perkeso Phase A\\Reports\\Workflow\\Form 3 EIS - Cessation as Employer\\20181125_002205\\1543092873154.png]]

2018-11-25 04:54:33 - [MESSAGE][FAILED] - Unable to call Test Case with id 'Test Cases/Final Aug 2018 - PKS Automation/Common/Workflow Owner Finder' (Root cause: Call Test Case 'Test Cases/Final Aug 2018 - PKS Automation/Common/Workflow Owner Finder' failed)

2018-11-25 04:54:33 - [MESSAGE][FAILED] - Unable to call Test Case with id 'Test Cases/Final Aug 2018 - PKS Automation/Registration Module/Workflow/Form 3 EIS - Cessation As Employer/Template/Form 3 A - Cessation As Employer (Query)' (Root cause: Call Test Case 'Test Cases/Final Aug 2018 - PKS Automation/Registration Module/Workflow/Form 3 EIS - Cessation As Employer/Template/Form 3 A - Cessation As Employer (Query)' failed)]]></system-out>
         <system-err><![CDATA[2018-11-25 04:50:37 - [TEST_CASE][FAILED] - Test Cases/Final Aug 2018 - PKS Automation/Registration Module/Workflow/Form 3 EIS - Cessation As Employer/PKRBO to UO (Query): Test Cases/Final Aug 2018 - PKS Automation/Registration Module/Workflow/Form 3 EIS - Cessation As Employer/PKRBO to UO (Query) FAILED because (of) (Stack trace: com.kms.katalon.core.exception.StepFailedException: Unable to click on object 'Object Repository/Final Object Repo/Landing Page/Select to English' (Root cause: com.kms.katalon.core.webui.exception.WebElementNotFoundException: Web element with id: 'Object Repository/Final Object Repo/Landing Page/Select to English' located by 'By.xpath: //a[@class = 'taglib-language-list-text' and @lang = 'en-US' and (contains(text(), 'EN') or contains(., 'EN'))]' not found)
	at com.kms.katalon.core.keyword.internal.KeywordMain.stepFailed(KeywordMain.groovy:32)
	at com.kms.katalon.core.webui.keyword.internal.WebUIKeywordMain.stepFailed(WebUIKeywordMain.groovy:65)
	at com.kms.katalon.core.webui.keyword.internal.WebUIKeywordMain.runKeyword(WebUIKeywordMain.groovy:27)
	at com.kms.katalon.core.webui.keyword.builtin.ClickKeyword.click(ClickKeyword.groovy:86)
	at com.kms.katalon.core.webui.keyword.builtin.ClickKeyword.execute(ClickKeyword.groovy:67)
	at com.kms.katalon.core.keyword.internal.KeywordExecutor.executeKeywordForPlatform(KeywordExecutor.groovy:53)
	at com.kms.katalon.core.webui.keyword.WebUiBuiltInKeywords.click(WebUiBuiltInKeywords.groovy:604)
	at com.kms.katalon.core.webui.keyword.WebUiBuiltInKeywords$click$9.call(Unknown Source)
	at Script1534407542420.run(Script1534407542420.groovy:57)
	at com.kms.katalon.core.main.ScriptEngine.run(ScriptEngine.java:183)
	at com.kms.katalon.core.main.ScriptEngine.runScriptAsRawText(ScriptEngine.java:108)
	at com.kms.katalon.core.main.TestCaseExecutor.runScript(TestCaseExecutor.java:294)
	at com.kms.katalon.core.main.TestCaseExecutor.doExecute(TestCaseExecutor.java:285)
	at com.kms.katalon.core.main.TestCaseExecutor.processExecutionPhase(TestCaseExecutor.java:264)
	at com.kms.katalon.core.main.TestCaseExecutor.accessMainPhase(TestCaseExecutor.java:256)
	at com.kms.katalon.core.main.TestCaseExecutor.execute(TestCaseExecutor.java:200)
	at com.kms.katalon.core.main.TestCaseMain.runTestCase(TestCaseMain.java:99)
	at com.kms.katalon.core.keyword.builtin.CallTestCaseKeyword$_callTestCase_closure1.doCall(CallTestCaseKeyword.groovy:60)
	at com.kms.katalon.core.keyword.builtin.CallTestCaseKeyword$_callTestCase_closure1.call(CallTestCaseKeyword.groovy)
	at com.kms.katalon.core.keyword.internal.KeywordMain.runKeyword(KeywordMain.groovy:54)
	at com.kms.katalon.core.keyword.builtin.CallTestCaseKeyword.callTestCase(CallTestCaseKeyword.groovy:81)
	at com.kms.katalon.core.keyword.builtin.CallTestCaseKeyword.execute(CallTestCaseKeyword.groovy:45)
	at com.kms.katalon.core.keyword.internal.KeywordExecutor.executeKeywordForPlatform(KeywordExecutor.groovy:53)
	at com.kms.katalon.core.keyword.BuiltinKeywords.callTestCase(BuiltinKeywords.groovy:334)
	at sun.reflect.GeneratedMethodAccessor15.invoke(Unknown Source)
	at sun.reflect.DelegatingMethodAccessorImpl.invoke(DelegatingMethodAccessorImpl.java:43)
	at java.lang.reflect.Method.invoke(Method.java:498)
	at org.codehaus.groovy.reflection.CachedMethod.invoke(CachedMethod.java:93)
	at groovy.lang.MetaMethod.doMethodInvoke(MetaMethod.java:325)
	at groovy.lang.MetaClassImpl.invokeStaticMethod(MetaClassImpl.java:1469)
	at org.codehaus.groovy.runtime.callsite.StaticMetaClassSite.call(StaticMetaClassSite.java:53)
	at org.codehaus.groovy.runtime.callsite.AbstractCallSite.call(AbstractCallSite.java:141)
	at Script1536114876563.run(Script1536114876563.groovy:34)
	at com.kms.katalon.core.main.ScriptEngine.run(ScriptEngine.java:183)
	at com.kms.katalon.core.main.ScriptEngine.runScriptAsRawText(ScriptEngine.java:108)
	at com.kms.katalon.core.main.TestCaseExecutor.runScript(TestCaseExecutor.java:294)
	at com.kms.katalon.core.main.TestCaseExecutor.doExecute(TestCaseExecutor.java:285)
	at com.kms.katalon.core.main.TestCaseExecutor.processExecutionPhase(TestCaseExecutor.java:264)
	at com.kms.katalon.core.main.TestCaseExecutor.accessMainPhase(TestCaseExecutor.java:256)
	at com.kms.katalon.core.main.TestCaseExecutor.execute(TestCaseExecutor.java:200)
	at com.kms.katalon.core.main.TestCaseMain.runTestCase(TestCaseMain.java:99)
	at com.kms.katalon.core.keyword.builtin.CallTestCaseKeyword$_callTestCase_closure1.doCall(CallTestCaseKeyword.groovy:60)
	at com.kms.katalon.core.keyword.builtin.CallTestCaseKeyword$_callTestCase_closure1.call(CallTestCaseKeyword.groovy)
	at com.kms.katalon.core.keyword.internal.KeywordMain.runKeyword(KeywordMain.groovy:54)
	at com.kms.katalon.core.keyword.builtin.CallTestCaseKeyword.callTestCase(CallTestCaseKeyword.groovy:81)
	at com.kms.katalon.core.keyword.builtin.CallTestCaseKeyword.execute(CallTestCaseKeyword.groovy:45)
	at com.kms.katalon.core.keyword.internal.KeywordExecutor.executeKeywordForPlatform(KeywordExecutor.groovy:53)
	at com.kms.katalon.core.keyword.BuiltinKeywords.callTestCase(BuiltinKeywords.groovy:334)
	at sun.reflect.GeneratedMethodAccessor15.invoke(Unknown Source)
	at sun.reflect.DelegatingMethodAccessorImpl.invoke(DelegatingMethodAccessorImpl.java:43)
	at java.lang.reflect.Method.invoke(Method.java:498)
	at org.codehaus.groovy.reflection.CachedMethod.invoke(CachedMethod.java:93)
	at groovy.lang.MetaMethod.doMethodInvoke(MetaMethod.java:325)
	at groovy.lang.MetaClassImpl.invokeStaticMethod(MetaClassImpl.java:1469)
	at org.codehaus.groovy.runtime.callsite.StaticMetaClassSite.call(StaticMetaClassSite.java:53)
	at org.codehaus.groovy.runtime.callsite.CallSiteArray.defaultCall(CallSiteArray.java:48)
	at org.codehaus.groovy.runtime.callsite.AbstractCallSite.call(AbstractCallSite.java:113)
	at org.codehaus.groovy.runtime.callsite.AbstractCallSite.call(AbstractCallSite.java:141)
	at Script1536204651962.run(Script1536204651962.groovy:25)
	at com.kms.katalon.core.main.ScriptEngine.run(ScriptEngine.java:183)
	at com.kms.katalon.core.main.ScriptEngine.runScriptAsRawText(ScriptEngine.java:108)
	at com.kms.katalon.core.main.TestCaseExecutor.runScript(TestCaseExecutor.java:294)
	at com.kms.katalon.core.main.TestCaseExecutor.doExecute(TestCaseExecutor.java:285)
	at com.kms.katalon.core.main.TestCaseExecutor.processExecutionPhase(TestCaseExecutor.java:264)
	at com.kms.katalon.core.main.TestCaseExecutor.accessMainPhase(TestCaseExecutor.java:256)
	at com.kms.katalon.core.main.TestCaseExecutor.execute(TestCaseExecutor.java:200)
	at com.kms.katalon.core.main.TestSuiteExecutor.accessTestCaseMainPhase(TestSuiteExecutor.java:129)
	at com.kms.katalon.core.main.TestSuiteExecutor.accessTestSuiteMainPhase(TestSuiteExecutor.java:112)
	at com.kms.katalon.core.main.TestSuiteExecutor.execute(TestSuiteExecutor.java:81)
	at com.kms.katalon.core.main.TestCaseMain.startTestSuite(TestCaseMain.java:142)
	at com.kms.katalon.core.main.TestCaseMain$startTestSuite$0.call(Unknown Source)
	at org.codehaus.groovy.runtime.callsite.CallSiteArray.defaultCall(CallSiteArray.java:48)
	at org.codehaus.groovy.runtime.callsite.AbstractCallSite.call(AbstractCallSite.java:113)
	at org.codehaus.groovy.runtime.callsite.AbstractCallSite.call(AbstractCallSite.java:141)
	at TempTestSuite1543076525234.run(TempTestSuite1543076525234.groovy:36)
	at groovy.lang.GroovyShell.runScriptOrMainOrTestOrRunnable(GroovyShell.java:263)
	at groovy.lang.GroovyShell.run(GroovyShell.java:518)
	at groovy.lang.GroovyShell.run(GroovyShell.java:507)
	at groovy.ui.GroovyMain.processOnce(GroovyMain.java:653)
	at groovy.ui.GroovyMain.run(GroovyMain.java:384)
	at groovy.ui.GroovyMain.process(GroovyMain.java:370)
	at groovy.ui.GroovyMain.processArgs(GroovyMain.java:129)
	at groovy.ui.GroovyMain.main(GroovyMain.java:109)
	at sun.reflect.NativeMethodAccessorImpl.invoke0(Native Method)
	at sun.reflect.NativeMethodAccessorImpl.invoke(NativeMethodAccessorImpl.java:62)
	at sun.reflect.DelegatingMethodAccessorImpl.invoke(DelegatingMethodAccessorImpl.java:43)
	at java.lang.reflect.Method.invoke(Method.java:498)
	at org.codehaus.groovy.tools.GroovyStarter.rootLoader(GroovyStarter.java:109)
	at org.codehaus.groovy.tools.GroovyStarter.main(GroovyStarter.java:131)
)]]></system-err>
      </testcase>
      <testcase name="Test Cases/Final Aug 2018 - PKS Automation/Registration Module/Workflow/Form 3 EIS - Cessation As Employer/PKRBO to UO (Reject)" classname="Test Cases/Final Aug 2018 - PKS Automation/Registration Module/Workflow/Form 3 EIS - Cessation As Employer/PKRBO to UO (Reject)" status="FAILED">
         <failure type="FAILED" message="(Stack trace: com.kms.katalon.core.exception.StepFailedException: Unable to click on object 'Object Repository/Final Object Repo/Landing Page/Select to English' (Root cause: com.kms.katalon.core.webui.exception.WebElementNotFoundException: Web element with id: 'Object Repository/Final Object Repo/Landing Page/Select to English' located by 'By.xpath: //a[@class = 'taglib-language-list-text' and @lang = 'en-US' and (contains(text(), 'EN') or contains(., 'EN'))]' not found)
	at com.kms.katalon.core.keyword.internal.KeywordMain.stepFailed(KeywordMain.groovy:32)
	at com.kms.katalon.core.webui.keyword.internal.WebUIKeywordMain.stepFailed(WebUIKeywordMain.groovy:65)
	at com.kms.katalon.core.webui.keyword.internal.WebUIKeywordMain.runKeyword(WebUIKeywordMain.groovy:27)
	at com.kms.katalon.core.webui.keyword.builtin.ClickKeyword.click(ClickKeyword.groovy:86)
	at com.kms.katalon.core.webui.keyword.builtin.ClickKeyword.execute(ClickKeyword.groovy:67)
	at com.kms.katalon.core.keyword.internal.KeywordExecutor.executeKeywordForPlatform(KeywordExecutor.groovy:53)
	at com.kms.katalon.core.webui.keyword.WebUiBuiltInKeywords.click(WebUiBuiltInKeywords.groovy:604)
	at com.kms.katalon.core.webui.keyword.WebUiBuiltInKeywords$click$9.call(Unknown Source)
	at Script1534407542420.run(Script1534407542420.groovy:57)
	at com.kms.katalon.core.main.ScriptEngine.run(ScriptEngine.java:183)
	at com.kms.katalon.core.main.ScriptEngine.runScriptAsRawText(ScriptEngine.java:108)
	at com.kms.katalon.core.main.TestCaseExecutor.runScript(TestCaseExecutor.java:294)
	at com.kms.katalon.core.main.TestCaseExecutor.doExecute(TestCaseExecutor.java:285)
	at com.kms.katalon.core.main.TestCaseExecutor.processExecutionPhase(TestCaseExecutor.java:264)
	at com.kms.katalon.core.main.TestCaseExecutor.accessMainPhase(TestCaseExecutor.java:256)
	at com.kms.katalon.core.main.TestCaseExecutor.execute(TestCaseExecutor.java:200)
	at com.kms.katalon.core.main.TestCaseMain.runTestCase(TestCaseMain.java:99)
	at com.kms.katalon.core.keyword.builtin.CallTestCaseKeyword$_callTestCase_closure1.doCall(CallTestCaseKeyword.groovy:60)
	at com.kms.katalon.core.keyword.builtin.CallTestCaseKeyword$_callTestCase_closure1.call(CallTestCaseKeyword.groovy)
	at com.kms.katalon.core.keyword.internal.KeywordMain.runKeyword(KeywordMain.groovy:54)
	at com.kms.katalon.core.keyword.builtin.CallTestCaseKeyword.callTestCase(CallTestCaseKeyword.groovy:81)
	at com.kms.katalon.core.keyword.builtin.CallTestCaseKeyword.execute(CallTestCaseKeyword.groovy:45)
	at com.kms.katalon.core.keyword.internal.KeywordExecutor.executeKeywordForPlatform(KeywordExecutor.groovy:53)
	at com.kms.katalon.core.keyword.BuiltinKeywords.callTestCase(BuiltinKeywords.groovy:334)
	at sun.reflect.GeneratedMethodAccessor15.invoke(Unknown Source)
	at sun.reflect.DelegatingMethodAccessorImpl.invoke(DelegatingMethodAccessorImpl.java:43)
	at java.lang.reflect.Method.invoke(Method.java:498)
	at org.codehaus.groovy.reflection.CachedMethod.invoke(CachedMethod.java:93)
	at groovy.lang.MetaMethod.doMethodInvoke(MetaMethod.java:325)
	at groovy.lang.MetaClassImpl.invokeStaticMethod(MetaClassImpl.java:1469)
	at org.codehaus.groovy.runtime.callsite.StaticMetaClassSite.call(StaticMetaClassSite.java:53)
	at org.codehaus.groovy.runtime.callsite.AbstractCallSite.call(AbstractCallSite.java:141)
	at Script1536044453581.run(Script1536044453581.groovy:34)
	at com.kms.katalon.core.main.ScriptEngine.run(ScriptEngine.java:183)
	at com.kms.katalon.core.main.ScriptEngine.runScriptAsRawText(ScriptEngine.java:108)
	at com.kms.katalon.core.main.TestCaseExecutor.runScript(TestCaseExecutor.java:294)
	at com.kms.katalon.core.main.TestCaseExecutor.doExecute(TestCaseExecutor.java:285)
	at com.kms.katalon.core.main.TestCaseExecutor.processExecutionPhase(TestCaseExecutor.java:264)
	at com.kms.katalon.core.main.TestCaseExecutor.accessMainPhase(TestCaseExecutor.java:256)
	at com.kms.katalon.core.main.TestCaseExecutor.execute(TestCaseExecutor.java:200)
	at com.kms.katalon.core.main.TestCaseMain.runTestCase(TestCaseMain.java:99)
	at com.kms.katalon.core.keyword.builtin.CallTestCaseKeyword$_callTestCase_closure1.doCall(CallTestCaseKeyword.groovy:60)
	at com.kms.katalon.core.keyword.builtin.CallTestCaseKeyword$_callTestCase_closure1.call(CallTestCaseKeyword.groovy)
	at com.kms.katalon.core.keyword.internal.KeywordMain.runKeyword(KeywordMain.groovy:54)
	at com.kms.katalon.core.keyword.builtin.CallTestCaseKeyword.callTestCase(CallTestCaseKeyword.groovy:81)
	at com.kms.katalon.core.keyword.builtin.CallTestCaseKeyword.execute(CallTestCaseKeyword.groovy:45)
	at com.kms.katalon.core.keyword.internal.KeywordExecutor.executeKeywordForPlatform(KeywordExecutor.groovy:53)
	at com.kms.katalon.core.keyword.BuiltinKeywords.callTestCase(BuiltinKeywords.groovy:334)
	at sun.reflect.GeneratedMethodAccessor15.invoke(Unknown Source)
	at sun.reflect.DelegatingMethodAccessorImpl.invoke(DelegatingMethodAccessorImpl.java:43)
	at java.lang.reflect.Method.invoke(Method.java:498)
	at org.codehaus.groovy.reflection.CachedMethod.invoke(CachedMethod.java:93)
	at groovy.lang.MetaMethod.doMethodInvoke(MetaMethod.java:325)
	at groovy.lang.MetaClassImpl.invokeStaticMethod(MetaClassImpl.java:1469)
	at org.codehaus.groovy.runtime.callsite.StaticMetaClassSite.call(StaticMetaClassSite.java:53)
	at org.codehaus.groovy.runtime.callsite.CallSiteArray.defaultCall(CallSiteArray.java:48)
	at org.codehaus.groovy.runtime.callsite.AbstractCallSite.call(AbstractCallSite.java:113)
	at org.codehaus.groovy.runtime.callsite.AbstractCallSite.call(AbstractCallSite.java:141)
	at Script1536204625076.run(Script1536204625076.groovy:25)
	at com.kms.katalon.core.main.ScriptEngine.run(ScriptEngine.java:183)
	at com.kms.katalon.core.main.ScriptEngine.runScriptAsRawText(ScriptEngine.java:108)
	at com.kms.katalon.core.main.TestCaseExecutor.runScript(TestCaseExecutor.java:294)
	at com.kms.katalon.core.main.TestCaseExecutor.doExecute(TestCaseExecutor.java:285)
	at com.kms.katalon.core.main.TestCaseExecutor.processExecutionPhase(TestCaseExecutor.java:264)
	at com.kms.katalon.core.main.TestCaseExecutor.accessMainPhase(TestCaseExecutor.java:256)
	at com.kms.katalon.core.main.TestCaseExecutor.execute(TestCaseExecutor.java:200)
	at com.kms.katalon.core.main.TestSuiteExecutor.accessTestCaseMainPhase(TestSuiteExecutor.java:129)
	at com.kms.katalon.core.main.TestSuiteExecutor.accessTestSuiteMainPhase(TestSuiteExecutor.java:112)
	at com.kms.katalon.core.main.TestSuiteExecutor.execute(TestSuiteExecutor.java:81)
	at com.kms.katalon.core.main.TestCaseMain.startTestSuite(TestCaseMain.java:142)
	at com.kms.katalon.core.main.TestCaseMain$startTestSuite$0.call(Unknown Source)
	at org.codehaus.groovy.runtime.callsite.CallSiteArray.defaultCall(CallSiteArray.java:48)
	at org.codehaus.groovy.runtime.callsite.AbstractCallSite.call(AbstractCallSite.java:113)
	at org.codehaus.groovy.runtime.callsite.AbstractCallSite.call(AbstractCallSite.java:141)
	at TempTestSuite1543076525234.run(TempTestSuite1543076525234.groovy:36)
	at groovy.lang.GroovyShell.runScriptOrMainOrTestOrRunnable(GroovyShell.java:263)
	at groovy.lang.GroovyShell.run(GroovyShell.java:518)
	at groovy.lang.GroovyShell.run(GroovyShell.java:507)
	at groovy.ui.GroovyMain.processOnce(GroovyMain.java:653)
	at groovy.ui.GroovyMain.run(GroovyMain.java:384)
	at groovy.ui.GroovyMain.process(GroovyMain.java:370)
	at groovy.ui.GroovyMain.processArgs(GroovyMain.java:129)
	at groovy.ui.GroovyMain.main(GroovyMain.java:109)
	at sun.reflect.NativeMethodAccessorImpl.invoke0(Native Method)
	at sun.reflect.NativeMethodAccessorImpl.invoke(NativeMethodAccessorImpl.java:62)
	at sun.reflect.DelegatingMethodAccessorImpl.invoke(DelegatingMethodAccessorImpl.java:43)
	at java.lang.reflect.Method.invoke(Method.java:498)
	at org.codehaus.groovy.tools.GroovyStarter.rootLoader(GroovyStarter.java:109)
	at org.codehaus.groovy.tools.GroovyStarter.main(GroovyStarter.java:131)
)"/>
         <system-out><![CDATA[2018-11-25 04:54:33 - [TEST_CASE][FAILED] - Test Cases/Final Aug 2018 - PKS Automation/Registration Module/Workflow/Form 3 EIS - Cessation As Employer/PKRBO to UO (Reject): Test Cases/Final Aug 2018 - PKS Automation/Registration Module/Workflow/Form 3 EIS - Cessation As Employer/PKRBO to UO (Reject) FAILED because (of) (Stack trace: com.kms.katalon.core.exception.StepFailedException: Unable to click on object 'Object Repository/Final Object Repo/Landing Page/Select to English' (Root cause: com.kms.katalon.core.webui.exception.WebElementNotFoundException: Web element with id: 'Object Repository/Final Object Repo/Landing Page/Select to English' located by 'By.xpath: //a[@class = 'taglib-language-list-text' and @lang = 'en-US' and (contains(text(), 'EN') or contains(., 'EN'))]' not found)
	at com.kms.katalon.core.keyword.internal.KeywordMain.stepFailed(KeywordMain.groovy:32)
	at com.kms.katalon.core.webui.keyword.internal.WebUIKeywordMain.stepFailed(WebUIKeywordMain.groovy:65)
	at com.kms.katalon.core.webui.keyword.internal.WebUIKeywordMain.runKeyword(WebUIKeywordMain.groovy:27)
	at com.kms.katalon.core.webui.keyword.builtin.ClickKeyword.click(ClickKeyword.groovy:86)
	at com.kms.katalon.core.webui.keyword.builtin.ClickKeyword.execute(ClickKeyword.groovy:67)
	at com.kms.katalon.core.keyword.internal.KeywordExecutor.executeKeywordForPlatform(KeywordExecutor.groovy:53)
	at com.kms.katalon.core.webui.keyword.WebUiBuiltInKeywords.click(WebUiBuiltInKeywords.groovy:604)
	at com.kms.katalon.core.webui.keyword.WebUiBuiltInKeywords$click$9.call(Unknown Source)
	at Script1534407542420.run(Script1534407542420.groovy:57)
	at com.kms.katalon.core.main.ScriptEngine.run(ScriptEngine.java:183)
	at com.kms.katalon.core.main.ScriptEngine.runScriptAsRawText(ScriptEngine.java:108)
	at com.kms.katalon.core.main.TestCaseExecutor.runScript(TestCaseExecutor.java:294)
	at com.kms.katalon.core.main.TestCaseExecutor.doExecute(TestCaseExecutor.java:285)
	at com.kms.katalon.core.main.TestCaseExecutor.processExecutionPhase(TestCaseExecutor.java:264)
	at com.kms.katalon.core.main.TestCaseExecutor.accessMainPhase(TestCaseExecutor.java:256)
	at com.kms.katalon.core.main.TestCaseExecutor.execute(TestCaseExecutor.java:200)
	at com.kms.katalon.core.main.TestCaseMain.runTestCase(TestCaseMain.java:99)
	at com.kms.katalon.core.keyword.builtin.CallTestCaseKeyword$_callTestCase_closure1.doCall(CallTestCaseKeyword.groovy:60)
	at com.kms.katalon.core.keyword.builtin.CallTestCaseKeyword$_callTestCase_closure1.call(CallTestCaseKeyword.groovy)
	at com.kms.katalon.core.keyword.internal.KeywordMain.runKeyword(KeywordMain.groovy:54)
	at com.kms.katalon.core.keyword.builtin.CallTestCaseKeyword.callTestCase(CallTestCaseKeyword.groovy:81)
	at com.kms.katalon.core.keyword.builtin.CallTestCaseKeyword.execute(CallTestCaseKeyword.groovy:45)
	at com.kms.katalon.core.keyword.internal.KeywordExecutor.executeKeywordForPlatform(KeywordExecutor.groovy:53)
	at com.kms.katalon.core.keyword.BuiltinKeywords.callTestCase(BuiltinKeywords.groovy:334)
	at sun.reflect.GeneratedMethodAccessor15.invoke(Unknown Source)
	at sun.reflect.DelegatingMethodAccessorImpl.invoke(DelegatingMethodAccessorImpl.java:43)
	at java.lang.reflect.Method.invoke(Method.java:498)
	at org.codehaus.groovy.reflection.CachedMethod.invoke(CachedMethod.java:93)
	at groovy.lang.MetaMethod.doMethodInvoke(MetaMethod.java:325)
	at groovy.lang.MetaClassImpl.invokeStaticMethod(MetaClassImpl.java:1469)
	at org.codehaus.groovy.runtime.callsite.StaticMetaClassSite.call(StaticMetaClassSite.java:53)
	at org.codehaus.groovy.runtime.callsite.AbstractCallSite.call(AbstractCallSite.java:141)
	at Script1536044453581.run(Script1536044453581.groovy:34)
	at com.kms.katalon.core.main.ScriptEngine.run(ScriptEngine.java:183)
	at com.kms.katalon.core.main.ScriptEngine.runScriptAsRawText(ScriptEngine.java:108)
	at com.kms.katalon.core.main.TestCaseExecutor.runScript(TestCaseExecutor.java:294)
	at com.kms.katalon.core.main.TestCaseExecutor.doExecute(TestCaseExecutor.java:285)
	at com.kms.katalon.core.main.TestCaseExecutor.processExecutionPhase(TestCaseExecutor.java:264)
	at com.kms.katalon.core.main.TestCaseExecutor.accessMainPhase(TestCaseExecutor.java:256)
	at com.kms.katalon.core.main.TestCaseExecutor.execute(TestCaseExecutor.java:200)
	at com.kms.katalon.core.main.TestCaseMain.runTestCase(TestCaseMain.java:99)
	at com.kms.katalon.core.keyword.builtin.CallTestCaseKeyword$_callTestCase_closure1.doCall(CallTestCaseKeyword.groovy:60)
	at com.kms.katalon.core.keyword.builtin.CallTestCaseKeyword$_callTestCase_closure1.call(CallTestCaseKeyword.groovy)
	at com.kms.katalon.core.keyword.internal.KeywordMain.runKeyword(KeywordMain.groovy:54)
	at com.kms.katalon.core.keyword.builtin.CallTestCaseKeyword.callTestCase(CallTestCaseKeyword.groovy:81)
	at com.kms.katalon.core.keyword.builtin.CallTestCaseKeyword.execute(CallTestCaseKeyword.groovy:45)
	at com.kms.katalon.core.keyword.internal.KeywordExecutor.executeKeywordForPlatform(KeywordExecutor.groovy:53)
	at com.kms.katalon.core.keyword.BuiltinKeywords.callTestCase(BuiltinKeywords.groovy:334)
	at sun.reflect.GeneratedMethodAccessor15.invoke(Unknown Source)
	at sun.reflect.DelegatingMethodAccessorImpl.invoke(DelegatingMethodAccessorImpl.java:43)
	at java.lang.reflect.Method.invoke(Method.java:498)
	at org.codehaus.groovy.reflection.CachedMethod.invoke(CachedMethod.java:93)
	at groovy.lang.MetaMethod.doMethodInvoke(MetaMethod.java:325)
	at groovy.lang.MetaClassImpl.invokeStaticMethod(MetaClassImpl.java:1469)
	at org.codehaus.groovy.runtime.callsite.StaticMetaClassSite.call(StaticMetaClassSite.java:53)
	at org.codehaus.groovy.runtime.callsite.CallSiteArray.defaultCall(CallSiteArray.java:48)
	at org.codehaus.groovy.runtime.callsite.AbstractCallSite.call(AbstractCallSite.java:113)
	at org.codehaus.groovy.runtime.callsite.AbstractCallSite.call(AbstractCallSite.java:141)
	at Script1536204625076.run(Script1536204625076.groovy:25)
	at com.kms.katalon.core.main.ScriptEngine.run(ScriptEngine.java:183)
	at com.kms.katalon.core.main.ScriptEngine.runScriptAsRawText(ScriptEngine.java:108)
	at com.kms.katalon.core.main.TestCaseExecutor.runScript(TestCaseExecutor.java:294)
	at com.kms.katalon.core.main.TestCaseExecutor.doExecute(TestCaseExecutor.java:285)
	at com.kms.katalon.core.main.TestCaseExecutor.processExecutionPhase(TestCaseExecutor.java:264)
	at com.kms.katalon.core.main.TestCaseExecutor.accessMainPhase(TestCaseExecutor.java:256)
	at com.kms.katalon.core.main.TestCaseExecutor.execute(TestCaseExecutor.java:200)
	at com.kms.katalon.core.main.TestSuiteExecutor.accessTestCaseMainPhase(TestSuiteExecutor.java:129)
	at com.kms.katalon.core.main.TestSuiteExecutor.accessTestSuiteMainPhase(TestSuiteExecutor.java:112)
	at com.kms.katalon.core.main.TestSuiteExecutor.execute(TestSuiteExecutor.java:81)
	at com.kms.katalon.core.main.TestCaseMain.startTestSuite(TestCaseMain.java:142)
	at com.kms.katalon.core.main.TestCaseMain$startTestSuite$0.call(Unknown Source)
	at org.codehaus.groovy.runtime.callsite.CallSiteArray.defaultCall(CallSiteArray.java:48)
	at org.codehaus.groovy.runtime.callsite.AbstractCallSite.call(AbstractCallSite.java:113)
	at org.codehaus.groovy.runtime.callsite.AbstractCallSite.call(AbstractCallSite.java:141)
	at TempTestSuite1543076525234.run(TempTestSuite1543076525234.groovy:36)
	at groovy.lang.GroovyShell.runScriptOrMainOrTestOrRunnable(GroovyShell.java:263)
	at groovy.lang.GroovyShell.run(GroovyShell.java:518)
	at groovy.lang.GroovyShell.run(GroovyShell.java:507)
	at groovy.ui.GroovyMain.processOnce(GroovyMain.java:653)
	at groovy.ui.GroovyMain.run(GroovyMain.java:384)
	at groovy.ui.GroovyMain.process(GroovyMain.java:370)
	at groovy.ui.GroovyMain.processArgs(GroovyMain.java:129)
	at groovy.ui.GroovyMain.main(GroovyMain.java:109)
	at sun.reflect.NativeMethodAccessorImpl.invoke0(Native Method)
	at sun.reflect.NativeMethodAccessorImpl.invoke(NativeMethodAccessorImpl.java:62)
	at sun.reflect.DelegatingMethodAccessorImpl.invoke(DelegatingMethodAccessorImpl.java:43)
	at java.lang.reflect.Method.invoke(Method.java:498)
	at org.codehaus.groovy.tools.GroovyStarter.rootLoader(GroovyStarter.java:109)
	at org.codehaus.groovy.tools.GroovyStarter.main(GroovyStarter.java:131)
)

2018-11-25 04:54:33 - [TEST_STEP][PASSED] - callTestCase: Call Test Case 'Test Cases/Final Aug 2018 - PKS Automation/Registration Module/Workflow/Form 3 EIS - Cessation As Employer/Template/Form 3 A - Cessation As Employer (PKRBO)' successfully

2018-11-25 04:54:33 - [TEST_CASE][PASSED] - Test Cases/Final Aug 2018 - PKS Automation/Registration Module/Workflow/Form 3 EIS - Cessation As Employer/Template/Form 3 A - Cessation As Employer (PKRBO): Test Cases/Final Aug 2018 - PKS Automation/Registration Module/Workflow/Form 3 EIS - Cessation As Employer/Template/Form 3 A - Cessation As Employer (PKRBO)

2018-11-25 04:54:33 - [TEST_STEP][PASSED] - openBrowser: Browser is opened with url: ''

2018-11-25 04:54:33 - [MESSAGE][WARNING] - A browser is already opened. Closing browser and opening a new one

2018-11-25 04:54:37 - [MESSAGE][PASSED] - Browser is opened with url: ''

2018-11-25 04:54:37 - [TEST_STEP][PASSED] - navigateToUrl: Navigate to 'https://assist2-uat.perkeso.gov.my/login' successfully

2018-11-25 04:54:38 - [MESSAGE][PASSED] - Navigate to 'https://assist2-uat.perkeso.gov.my/login' successfully

2018-11-25 04:54:38 - [TEST_STEP][PASSED] - setText: Text 'johorpkrbo1@gmail.com' is set on object 'Object Repository/Final Object Repo/Login Page/Internal User/Email Address'

2018-11-25 04:54:39 - [MESSAGE][PASSED] - Text 'johorpkrbo1@gmail.com' is set on object 'Object Repository/Final Object Repo/Login Page/Internal User/Email Address'

2018-11-25 04:54:39 - [TEST_STEP][PASSED] - click: Object: 'Object Repository/Final Object Repo/Login Page/Internal User/Next Button' is clicked on

2018-11-25 04:54:39 - [MESSAGE][PASSED] - Object: 'Object Repository/Final Object Repo/Login Page/Internal User/Next Button' is clicked on

2018-11-25 04:54:39 - [TEST_STEP][PASSED] - delay: Delayed 1 second(s)

2018-11-25 04:54:40 - [MESSAGE][PASSED] - Delayed 1 second(s)

2018-11-25 04:54:40 - [TEST_STEP][PASSED] - setEncryptedText: Text ****** has been set on object 'Object Repository/Final Object Repo/Login Page/Internal User/Password'

2018-11-25 04:54:40 - [MESSAGE][PASSED] - Text ****** has been set on object 'Object Repository/Final Object Repo/Login Page/Internal User/Password'

2018-11-25 04:54:40 - [TEST_STEP][PASSED] - click: Object: 'Object Repository/Final Object Repo/Login Page/Internal User/Login Button' is clicked on

2018-11-25 04:54:40 - [MESSAGE][PASSED] - Object: 'Object Repository/Final Object Repo/Login Page/Internal User/Login Button' is clicked on

2018-11-25 04:54:40 - [TEST_STEP][PASSED] - delay: Delayed 1 second(s)

2018-11-25 04:54:41 - [MESSAGE][PASSED] - Delayed 1 second(s)

2018-11-25 04:54:41 - [TEST_STEP][PASSED] - Statement - Try: Delayed 2 second(s)

2018-11-25 04:54:41 - [TEST_STEP][PASSED] - Statement - Checker = false: null

2018-11-25 04:54:41 - [TEST_STEP][PASSED] - Statement - Checker = com.kms.katalon.core.webui.keyword.WebUiBuiltInKeywords.verifyElementHasAttribute(com.kms.katalon.core.testobject.ObjectRepository.findTestObject(Final Object Repo/Landing Page/BM Detecting), "href", 20, OPTIONAL): Object 'Object Repository/Final Object Repo/Landing Page/BM Detecting' has attribute 'href'

2018-11-25 04:54:42 - [MESSAGE][PASSED] - Object 'Object Repository/Final Object Repo/Landing Page/BM Detecting' has attribute 'href'

2018-11-25 04:54:42 - [TEST_STEP][PASSED] - Statement - out.println(Checker): null

2018-11-25 04:54:42 - [TEST_STEP][PASSED] - Statement - If (Checker == false): null

2018-11-25 04:54:42 - [TEST_STEP][PASSED] - Statement - Else: null

2018-11-25 04:54:42 - [TEST_STEP][PASSED] - delay: Delayed 2 second(s)

2018-11-25 04:54:44 - [MESSAGE][PASSED] - Delayed 2 second(s)

2018-11-25 04:54:44 - [TEST_STEP][PASSED] - navigateToUrl: Navigate to 'https://assist2-uat.perkeso.gov.my/web/registration/eis-update/form-3-eis-cessation-as-employer' successfully

2018-11-25 04:54:45 - [MESSAGE][PASSED] - Navigate to 'https://assist2-uat.perkeso.gov.my/web/registration/eis-update/form-3-eis-cessation-as-employer' successfully

2018-11-25 04:54:45 - [TEST_STEP][PASSED] - delay: Delayed 1 second(s)

2018-11-25 04:54:46 - [MESSAGE][PASSED] - Delayed 1 second(s)

2018-11-25 04:54:46 - [TEST_STEP][PASSED] - setText: Text 'E1102069769W' is set on object 'Object Repository/Final Object Repo/Page_Form 3 EIS - Cessation as Employer/Employer Code'

2018-11-25 04:54:46 - [MESSAGE][PASSED] - Text 'E1102069769W' is set on object 'Object Repository/Final Object Repo/Page_Form 3 EIS - Cessation as Employer/Employer Code'

2018-11-25 04:54:46 - [TEST_STEP][PASSED] - click: Object: 'Object Repository/Final Object Repo/Page_Form 3 EIS - Cessation as Employer/Search' is clicked on

2018-11-25 04:54:46 - [MESSAGE][PASSED] - Object: 'Object Repository/Final Object Repo/Page_Form 3 EIS - Cessation as Employer/Search' is clicked on

2018-11-25 04:54:46 - [TEST_STEP][PASSED] - click: Object: 'Object Repository/Final Object Repo/Page_Form 3 EIS - Cessation as Employer/Edit' is clicked on

2018-11-25 04:54:49 - [MESSAGE][PASSED] - Object: 'Object Repository/Final Object Repo/Page_Form 3 EIS - Cessation as Employer/Edit' is clicked on

2018-11-25 04:54:49 - [TEST_STEP][PASSED] - delay: Delayed 1 second(s)

2018-11-25 04:54:50 - [MESSAGE][PASSED] - Delayed 1 second(s)

2018-11-25 04:54:50 - [TEST_STEP][PASSED] - Statement - abc = com.kms.katalon.core.webui.keyword.WebUiBuiltInKeywords.getAttribute(com.kms.katalon.core.testobject.ObjectRepository.findTestObject(Final Object Repo/Page_Form 3 EIS - Cessation as Employer/Employer Status), "value"): Attribute 'value' of object 'Object Repository/Final Object Repo/Page_Form 3 EIS - Cessation as Employer/Employer Status' is: 'Active'

2018-11-25 04:54:50 - [MESSAGE][PASSED] - Attribute 'value' of object 'Object Repository/Final Object Repo/Page_Form 3 EIS - Cessation as Employer/Employer Status' is: 'Active'

2018-11-25 04:54:50 - [TEST_STEP][PASSED] - Statement - out.println(abc): null

2018-11-25 04:54:50 - [TEST_STEP][PASSED] - Statement - If (abc == "Active"): Object: 'Object Repository/Final Object Repo/Page_Form 3 EIS - Cessation as Employer/Dormant EIS' is clicked on

2018-11-25 04:54:50 - [TEST_STEP][PASSED] - click: Object: 'Object Repository/Final Object Repo/Page_Form 3 EIS - Cessation as Employer/Change Employer Status to' is clicked on

2018-11-25 04:54:50 - [MESSAGE][PASSED] - Object: 'Object Repository/Final Object Repo/Page_Form 3 EIS - Cessation as Employer/Change Employer Status to' is clicked on

2018-11-25 04:54:50 - [TEST_STEP][PASSED] - click: Object: 'Object Repository/Final Object Repo/Page_Form 3 EIS - Cessation as Employer/Dormant EIS' is clicked on

2018-11-25 04:54:50 - [MESSAGE][PASSED] - Object: 'Object Repository/Final Object Repo/Page_Form 3 EIS - Cessation as Employer/Dormant EIS' is clicked on

2018-11-25 04:54:50 - [TEST_STEP][PASSED] - click: Object: 'Object Repository/Final Object Repo/Page_Form 3 EIS - Cessation as Employer/Calender' is clicked on

2018-11-25 04:54:50 - [MESSAGE][PASSED] - Object: 'Object Repository/Final Object Repo/Page_Form 3 EIS - Cessation as Employer/Calender' is clicked on

2018-11-25 04:54:50 - [TEST_STEP][PASSED] - delay: Delayed 1 second(s)

2018-11-25 04:54:51 - [MESSAGE][PASSED] - Delayed 1 second(s)

2018-11-25 04:54:51 - [TEST_STEP][PASSED] - click: Object: 'Object Repository/Final Object Repo/Page_Form 3 EIS - Cessation as Employer/Calender - Date' is clicked on

2018-11-25 04:54:52 - [MESSAGE][PASSED] - Object: 'Object Repository/Final Object Repo/Page_Form 3 EIS - Cessation as Employer/Calender - Date' is clicked on

2018-11-25 04:54:52 - [TEST_STEP][PASSED] - click: Object: 'Object Repository/Final Object Repo/Page_Form 3 EIS - Cessation as Employer/Save  Continue in Form 3 EIS Page' is clicked on

2018-11-25 04:54:52 - [MESSAGE][PASSED] - Object: 'Object Repository/Final Object Repo/Page_Form 3 EIS - Cessation as Employer/Save  Continue in Form 3 EIS Page' is clicked on

2018-11-25 04:54:52 - [TEST_STEP][PASSED] - delay: Delayed 1 second(s)

2018-11-25 04:54:53 - [MESSAGE][PASSED] - Delayed 1 second(s)

2018-11-25 04:54:53 - [TEST_STEP][PASSED] - click: Object: 'Object Repository/Final Object Repo/Page_Form 3 EIS - Cessation as Employer/Employment Resign Date' is clicked on

2018-11-25 04:54:53 - [MESSAGE][PASSED] - Object: 'Object Repository/Final Object Repo/Page_Form 3 EIS - Cessation as Employer/Employment Resign Date' is clicked on

2018-11-25 04:54:53 - [TEST_STEP][PASSED] - selectOptionByValue: All options with value '2018' are selected in object 'Object Repository/Final Object Repo/Page_Form 3 EIS - Cessation as Employer/Employment Resign Date - Year' 

2018-11-25 04:54:53 - [MESSAGE][PASSED] - All options with value '2018' are selected in object 'Object Repository/Final Object Repo/Page_Form 3 EIS - Cessation as Employer/Employment Resign Date - Year' 

2018-11-25 04:54:53 - [TEST_STEP][PASSED] - delay: Delayed 2 second(s)

2018-11-25 04:54:55 - [MESSAGE][PASSED] - Delayed 2 second(s)

2018-11-25 04:54:55 - [TEST_STEP][PASSED] - click: Object: 'Object Repository/Final Object Repo/Page_Form 3 EIS - Cessation as Employer/Employment Resign Date - Year - Date' is clicked on

2018-11-25 04:54:56 - [MESSAGE][PASSED] - Object: 'Object Repository/Final Object Repo/Page_Form 3 EIS - Cessation as Employer/Employment Resign Date - Year - Date' is clicked on

2018-11-25 04:54:56 - [TEST_STEP][PASSED] - delay: Delayed 2 second(s)

2018-11-25 04:54:58 - [MESSAGE][PASSED] - Delayed 2 second(s)

2018-11-25 04:54:58 - [TEST_STEP][PASSED] - click: Object: 'Object Repository/Final Object Repo/Page_Form 3 EIS - Cessation as Employer/Save  Continue in Employment Resign Page' is clicked on

2018-11-25 04:54:58 - [MESSAGE][PASSED] - Object: 'Object Repository/Final Object Repo/Page_Form 3 EIS - Cessation as Employer/Save  Continue in Employment Resign Page' is clicked on

2018-11-25 04:54:58 - [TEST_STEP][PASSED] - delay: Delayed 2 second(s)

2018-11-25 04:55:00 - [MESSAGE][PASSED] - Delayed 2 second(s)

2018-11-25 04:55:00 - [TEST_STEP][PASSED] - click: Object: 'Object Repository/Final Object Repo/Page_Form 3 EIS - Cessation as Employer/Add Document' is clicked on

2018-11-25 04:55:01 - [MESSAGE][PASSED] - Object: 'Object Repository/Final Object Repo/Page_Form 3 EIS - Cessation as Employer/Add Document' is clicked on

2018-11-25 04:55:01 - [TEST_STEP][PASSED] - delay: Delayed 3 second(s)

2018-11-25 04:55:04 - [MESSAGE][PASSED] - Delayed 3 second(s)

2018-11-25 04:55:04 - [TEST_STEP][PASSED] - click: Object: 'Object Repository/Final Object Repo/Page_Form 3 EIS - Cessation as Employer/Document Type' is clicked on

2018-11-25 04:55:04 - [MESSAGE][PASSED] - Object: 'Object Repository/Final Object Repo/Page_Form 3 EIS - Cessation as Employer/Document Type' is clicked on

2018-11-25 04:55:04 - [TEST_STEP][PASSED] - click: Object: 'Object Repository/Final Object Repo/Page_Form 3 EIS - Cessation as Employer/Document Type - Form 3' is clicked on

2018-11-25 04:55:04 - [MESSAGE][PASSED] - Object: 'Object Repository/Final Object Repo/Page_Form 3 EIS - Cessation as Employer/Document Type - Form 3' is clicked on

2018-11-25 04:55:04 - [TEST_STEP][PASSED] - delay: Delayed 2 second(s)

2018-11-25 04:55:06 - [MESSAGE][PASSED] - Delayed 2 second(s)

2018-11-25 04:55:06 - [TEST_STEP][PASSED] - sendKeys: Keys 'C:\Users\Public\Pictures\Sample Pictures\Koala.jpg' sent to object: 'Object Repository/Final Object Repo/Page_Form 3 EIS - Cessation as Employer/ploading File'

2018-11-25 04:55:06 - [MESSAGE][PASSED] - Keys 'C:\Users\Public\Pictures\Sample Pictures\Koala.jpg' sent to object: 'Object Repository/Final Object Repo/Page_Form 3 EIS - Cessation as Employer/ploading File'

2018-11-25 04:55:06 - [TEST_STEP][PASSED] - delay: Delayed 1 second(s)

2018-11-25 04:55:07 - [MESSAGE][PASSED] - Delayed 1 second(s)

2018-11-25 04:55:07 - [TEST_STEP][PASSED] - click: Object: 'Object Repository/Final Object Repo/Page_Form 3 EIS - Cessation as Employer/Add Document in Uploading Page' is clicked on

2018-11-25 04:55:07 - [MESSAGE][PASSED] - Object: 'Object Repository/Final Object Repo/Page_Form 3 EIS - Cessation as Employer/Add Document in Uploading Page' is clicked on

2018-11-25 04:55:07 - [TEST_STEP][PASSED] - delay: Delayed 2 second(s)

2018-11-25 04:55:09 - [MESSAGE][PASSED] - Delayed 2 second(s)

2018-11-25 04:55:09 - [TEST_STEP][PASSED] - Statement - CaseReferenceNo = com.kms.katalon.core.webui.keyword.WebUiBuiltInKeywords.getText(com.kms.katalon.core.testobject.ObjectRepository.findTestObject(Final Object Repo/Page_Update Employer Information/Reference Number in Update Employee Information Page)): Text of object 'Object Repository/Final Object Repo/Page_Update Employer Information/Reference Number in Update Employee Information Page' is: 'ERN112018C200002286'

2018-11-25 04:55:11 - [MESSAGE][PASSED] - Text of object 'Object Repository/Final Object Repo/Page_Update Employer Information/Reference Number in Update Employee Information Page' is: 'ERN112018C200002286'

2018-11-25 04:55:11 - [TEST_STEP][PASSED] - callTestCase: Call Test Case 'Test Cases/Final Aug 2018 - PKS Automation/Common/Reference Number Setter' successfully

2018-11-25 04:55:11 - [TEST_CASE][PASSED] - Test Cases/Final Aug 2018 - PKS Automation/Common/Reference Number Setter: Test Cases/Final Aug 2018 - PKS Automation/Common/Reference Number Setter

2018-11-25 04:55:11 - [TEST_STEP][PASSED] - Statement - RefNoOldFile = new java.io.File(C://Users//Admin//Desktop//PKS//Automation Reference Point//KatalonReference.txt): null

2018-11-25 04:55:11 - [TEST_STEP][PASSED] - Statement - RefNoOldFile.delete(): null

2018-11-25 04:55:11 - [TEST_STEP][PASSED] - delay: Delayed 5 second(s)

2018-11-25 04:55:16 - [MESSAGE][PASSED] - Delayed 5 second(s)

2018-11-25 04:55:16 - [TEST_STEP][PASSED] - Statement - RefNo = new java.io.File(C://Users//Admin//Desktop//PKS//Automation Reference Point//KatalonReference.txt): null

2018-11-25 04:55:16 - [TEST_STEP][PASSED] - Statement - f2 = new java.io.FileWriter(RefNo, false): null

2018-11-25 04:55:16 - [TEST_STEP][PASSED] - Statement - f2.write(CaseReferenceNo): null

2018-11-25 04:55:16 - [TEST_STEP][PASSED] - Statement - f2.close(): null

2018-11-25 04:55:16 - [TEST_STEP][PASSED] - Statement - out.println("


" + CaseReferenceNo + "


"): null

2018-11-25 04:55:16 - [MESSAGE][PASSED] - Call Test Case 'Test Cases/Final Aug 2018 - PKS Automation/Common/Reference Number Setter' successfully

2018-11-25 04:55:16 - [TEST_STEP][PASSED] - delay: Delayed 2 second(s)

2018-11-25 04:55:18 - [MESSAGE][PASSED] - Delayed 2 second(s)

2018-11-25 04:55:18 - [TEST_STEP][PASSED] - click: Object: 'Object Repository/Final Object Repo/Page_Form 3 EIS - Cessation as Employer/Save  Continue in Uploading Page' is clicked on

2018-11-25 04:55:19 - [MESSAGE][PASSED] - Object: 'Object Repository/Final Object Repo/Page_Form 3 EIS - Cessation as Employer/Save  Continue in Uploading Page' is clicked on

2018-11-25 04:55:19 - [TEST_STEP][PASSED] - delay: Delayed 2 second(s)

2018-11-25 04:55:21 - [MESSAGE][PASSED] - Delayed 2 second(s)

2018-11-25 04:55:21 - [TEST_STEP][PASSED] - click: Object: 'Object Repository/Final Object Repo/Page_Form 3 EIS - Cessation as Employer/Submit' is clicked on

2018-11-25 04:55:24 - [MESSAGE][PASSED] - Object: 'Object Repository/Final Object Repo/Page_Form 3 EIS - Cessation as Employer/Submit' is clicked on

2018-11-25 04:55:24 - [TEST_STEP][PASSED] - delay: Delayed 2 second(s)

2018-11-25 04:55:26 - [MESSAGE][PASSED] - Delayed 2 second(s)

2018-11-25 04:55:26 - [TEST_STEP][PASSED] - click: Object: 'Object Repository/Final Object Repo/Page_Form 3 EIS - Cessation as Employer/Confirm' is clicked on

2018-11-25 04:55:26 - [MESSAGE][PASSED] - Object: 'Object Repository/Final Object Repo/Page_Form 3 EIS - Cessation as Employer/Confirm' is clicked on

2018-11-25 04:55:26 - [TEST_STEP][PASSED] - delay: Delayed 2 second(s)

2018-11-25 04:55:28 - [MESSAGE][PASSED] - Delayed 2 second(s)

2018-11-25 04:55:28 - [TEST_STEP][PASSED] - click: Object: 'Object Repository/Final Object Repo/Page_Form 3 EIS - Cessation as Employer/Message Your Request will be routed to UO' is clicked on

2018-11-25 04:55:31 - [MESSAGE][PASSED] - Object: 'Object Repository/Final Object Repo/Page_Form 3 EIS - Cessation as Employer/Message Your Request will be routed to UO' is clicked on

2018-11-25 04:55:31 - [TEST_STEP][PASSED] - click: Object: 'Object Repository/Final Object Repo/Page_Form 3 EIS - Cessation as Employer/Letter of acknowledgement' is clicked on

2018-11-25 04:55:32 - [MESSAGE][PASSED] - Object: 'Object Repository/Final Object Repo/Page_Form 3 EIS - Cessation as Employer/Letter of acknowledgement' is clicked on

2018-11-25 04:55:32 - [MESSAGE][PASSED] - Call Test Case 'Test Cases/Final Aug 2018 - PKS Automation/Registration Module/Workflow/Form 3 EIS - Cessation As Employer/Template/Form 3 A - Cessation As Employer (PKRBO)' successfully

2018-11-25 04:55:32 - [TEST_STEP][FAILED] - callTestCase: Unable to call Test Case with id 'Test Cases/Final Aug 2018 - PKS Automation/Registration Module/Workflow/Form 3 EIS - Cessation As Employer/Template/Form 3 A - Cessation As Employer (Reject)' (Root cause: Call Test Case 'Test Cases/Final Aug 2018 - PKS Automation/Registration Module/Workflow/Form 3 EIS - Cessation As Employer/Template/Form 3 A - Cessation As Employer (Reject)' failed)

2018-11-25 04:55:32 - [TEST_CASE][FAILED] - Test Cases/Final Aug 2018 - PKS Automation/Registration Module/Workflow/Form 3 EIS - Cessation As Employer/Template/Form 3 A - Cessation As Employer (Reject): Test Cases/Final Aug 2018 - PKS Automation/Registration Module/Workflow/Form 3 EIS - Cessation As Employer/Template/Form 3 A - Cessation As Employer (Reject) FAILED because (of) (Stack trace: com.kms.katalon.core.exception.StepFailedException: Unable to click on object 'Object Repository/Final Object Repo/Landing Page/Select to English' (Root cause: com.kms.katalon.core.webui.exception.WebElementNotFoundException: Web element with id: 'Object Repository/Final Object Repo/Landing Page/Select to English' located by 'By.xpath: //a[@class = 'taglib-language-list-text' and @lang = 'en-US' and (contains(text(), 'EN') or contains(., 'EN'))]' not found)
	at com.kms.katalon.core.keyword.internal.KeywordMain.stepFailed(KeywordMain.groovy:32)
	at com.kms.katalon.core.webui.keyword.internal.WebUIKeywordMain.stepFailed(WebUIKeywordMain.groovy:65)
	at com.kms.katalon.core.webui.keyword.internal.WebUIKeywordMain.runKeyword(WebUIKeywordMain.groovy:27)
	at com.kms.katalon.core.webui.keyword.builtin.ClickKeyword.click(ClickKeyword.groovy:86)
	at com.kms.katalon.core.webui.keyword.builtin.ClickKeyword.execute(ClickKeyword.groovy:67)
	at com.kms.katalon.core.keyword.internal.KeywordExecutor.executeKeywordForPlatform(KeywordExecutor.groovy:53)
	at com.kms.katalon.core.webui.keyword.WebUiBuiltInKeywords.click(WebUiBuiltInKeywords.groovy:604)
	at com.kms.katalon.core.webui.keyword.WebUiBuiltInKeywords$click$9.call(Unknown Source)
	at Script1534407542420.run(Script1534407542420.groovy:57)
	at com.kms.katalon.core.main.ScriptEngine.run(ScriptEngine.java:183)
	at com.kms.katalon.core.main.ScriptEngine.runScriptAsRawText(ScriptEngine.java:108)
	at com.kms.katalon.core.main.TestCaseExecutor.runScript(TestCaseExecutor.java:294)
	at com.kms.katalon.core.main.TestCaseExecutor.doExecute(TestCaseExecutor.java:285)
	at com.kms.katalon.core.main.TestCaseExecutor.processExecutionPhase(TestCaseExecutor.java:264)
	at com.kms.katalon.core.main.TestCaseExecutor.accessMainPhase(TestCaseExecutor.java:256)
	at com.kms.katalon.core.main.TestCaseExecutor.execute(TestCaseExecutor.java:200)
	at com.kms.katalon.core.main.TestCaseMain.runTestCase(TestCaseMain.java:99)
	at com.kms.katalon.core.keyword.builtin.CallTestCaseKeyword$_callTestCase_closure1.doCall(CallTestCaseKeyword.groovy:60)
	at com.kms.katalon.core.keyword.builtin.CallTestCaseKeyword$_callTestCase_closure1.call(CallTestCaseKeyword.groovy)
	at com.kms.katalon.core.keyword.internal.KeywordMain.runKeyword(KeywordMain.groovy:54)
	at com.kms.katalon.core.keyword.builtin.CallTestCaseKeyword.callTestCase(CallTestCaseKeyword.groovy:81)
	at com.kms.katalon.core.keyword.builtin.CallTestCaseKeyword.execute(CallTestCaseKeyword.groovy:45)
	at com.kms.katalon.core.keyword.internal.KeywordExecutor.executeKeywordForPlatform(KeywordExecutor.groovy:53)
	at com.kms.katalon.core.keyword.BuiltinKeywords.callTestCase(BuiltinKeywords.groovy:334)
	at sun.reflect.GeneratedMethodAccessor15.invoke(Unknown Source)
	at sun.reflect.DelegatingMethodAccessorImpl.invoke(DelegatingMethodAccessorImpl.java:43)
	at java.lang.reflect.Method.invoke(Method.java:498)
	at org.codehaus.groovy.reflection.CachedMethod.invoke(CachedMethod.java:93)
	at groovy.lang.MetaMethod.doMethodInvoke(MetaMethod.java:325)
	at groovy.lang.MetaClassImpl.invokeStaticMethod(MetaClassImpl.java:1469)
	at org.codehaus.groovy.runtime.callsite.StaticMetaClassSite.call(StaticMetaClassSite.java:53)
	at org.codehaus.groovy.runtime.callsite.AbstractCallSite.call(AbstractCallSite.java:141)
	at Script1536044453581.run(Script1536044453581.groovy:34)
	at com.kms.katalon.core.main.ScriptEngine.run(ScriptEngine.java:183)
	at com.kms.katalon.core.main.ScriptEngine.runScriptAsRawText(ScriptEngine.java:108)
	at com.kms.katalon.core.main.TestCaseExecutor.runScript(TestCaseExecutor.java:294)
	at com.kms.katalon.core.main.TestCaseExecutor.doExecute(TestCaseExecutor.java:285)
	at com.kms.katalon.core.main.TestCaseExecutor.processExecutionPhase(TestCaseExecutor.java:264)
	at com.kms.katalon.core.main.TestCaseExecutor.accessMainPhase(TestCaseExecutor.java:256)
	at com.kms.katalon.core.main.TestCaseExecutor.execute(TestCaseExecutor.java:200)
	at com.kms.katalon.core.main.TestCaseMain.runTestCase(TestCaseMain.java:99)
	at com.kms.katalon.core.keyword.builtin.CallTestCaseKeyword$_callTestCase_closure1.doCall(CallTestCaseKeyword.groovy:60)
	at com.kms.katalon.core.keyword.builtin.CallTestCaseKeyword$_callTestCase_closure1.call(CallTestCaseKeyword.groovy)
	at com.kms.katalon.core.keyword.internal.KeywordMain.runKeyword(KeywordMain.groovy:54)
	at com.kms.katalon.core.keyword.builtin.CallTestCaseKeyword.callTestCase(CallTestCaseKeyword.groovy:81)
	at com.kms.katalon.core.keyword.builtin.CallTestCaseKeyword.execute(CallTestCaseKeyword.groovy:45)
	at com.kms.katalon.core.keyword.internal.KeywordExecutor.executeKeywordForPlatform(KeywordExecutor.groovy:53)
	at com.kms.katalon.core.keyword.BuiltinKeywords.callTestCase(BuiltinKeywords.groovy:334)
	at sun.reflect.GeneratedMethodAccessor15.invoke(Unknown Source)
	at sun.reflect.DelegatingMethodAccessorImpl.invoke(DelegatingMethodAccessorImpl.java:43)
	at java.lang.reflect.Method.invoke(Method.java:498)
	at org.codehaus.groovy.reflection.CachedMethod.invoke(CachedMethod.java:93)
	at groovy.lang.MetaMethod.doMethodInvoke(MetaMethod.java:325)
	at groovy.lang.MetaClassImpl.invokeStaticMethod(MetaClassImpl.java:1469)
	at org.codehaus.groovy.runtime.callsite.StaticMetaClassSite.call(StaticMetaClassSite.java:53)
	at org.codehaus.groovy.runtime.callsite.CallSiteArray.defaultCall(CallSiteArray.java:48)
	at org.codehaus.groovy.runtime.callsite.AbstractCallSite.call(AbstractCallSite.java:113)
	at org.codehaus.groovy.runtime.callsite.AbstractCallSite.call(AbstractCallSite.java:141)
	at Script1536204625076.run(Script1536204625076.groovy:25)
	at com.kms.katalon.core.main.ScriptEngine.run(ScriptEngine.java:183)
	at com.kms.katalon.core.main.ScriptEngine.runScriptAsRawText(ScriptEngine.java:108)
	at com.kms.katalon.core.main.TestCaseExecutor.runScript(TestCaseExecutor.java:294)
	at com.kms.katalon.core.main.TestCaseExecutor.doExecute(TestCaseExecutor.java:285)
	at com.kms.katalon.core.main.TestCaseExecutor.processExecutionPhase(TestCaseExecutor.java:264)
	at com.kms.katalon.core.main.TestCaseExecutor.accessMainPhase(TestCaseExecutor.java:256)
	at com.kms.katalon.core.main.TestCaseExecutor.execute(TestCaseExecutor.java:200)
	at com.kms.katalon.core.main.TestSuiteExecutor.accessTestCaseMainPhase(TestSuiteExecutor.java:129)
	at com.kms.katalon.core.main.TestSuiteExecutor.accessTestSuiteMainPhase(TestSuiteExecutor.java:112)
	at com.kms.katalon.core.main.TestSuiteExecutor.execute(TestSuiteExecutor.java:81)
	at com.kms.katalon.core.main.TestCaseMain.startTestSuite(TestCaseMain.java:142)
	at com.kms.katalon.core.main.TestCaseMain$startTestSuite$0.call(Unknown Source)
	at org.codehaus.groovy.runtime.callsite.CallSiteArray.defaultCall(CallSiteArray.java:48)
	at org.codehaus.groovy.runtime.callsite.AbstractCallSite.call(AbstractCallSite.java:113)
	at org.codehaus.groovy.runtime.callsite.AbstractCallSite.call(AbstractCallSite.java:141)
	at TempTestSuite1543076525234.run(TempTestSuite1543076525234.groovy:36)
	at groovy.lang.GroovyShell.runScriptOrMainOrTestOrRunnable(GroovyShell.java:263)
	at groovy.lang.GroovyShell.run(GroovyShell.java:518)
	at groovy.lang.GroovyShell.run(GroovyShell.java:507)
	at groovy.ui.GroovyMain.processOnce(GroovyMain.java:653)
	at groovy.ui.GroovyMain.run(GroovyMain.java:384)
	at groovy.ui.GroovyMain.process(GroovyMain.java:370)
	at groovy.ui.GroovyMain.processArgs(GroovyMain.java:129)
	at groovy.ui.GroovyMain.main(GroovyMain.java:109)
	at sun.reflect.NativeMethodAccessorImpl.invoke0(Native Method)
	at sun.reflect.NativeMethodAccessorImpl.invoke(NativeMethodAccessorImpl.java:62)
	at sun.reflect.DelegatingMethodAccessorImpl.invoke(DelegatingMethodAccessorImpl.java:43)
	at java.lang.reflect.Method.invoke(Method.java:498)
	at org.codehaus.groovy.tools.GroovyStarter.rootLoader(GroovyStarter.java:109)
	at org.codehaus.groovy.tools.GroovyStarter.main(GroovyStarter.java:131)
)

2018-11-25 04:55:32 - [TEST_STEP][NOT_RUN] - callTestCase: NOT_RUN: callTestCase

2018-11-25 04:55:32 - [MESSAGE][NOT_RUN] - NOT_RUN: callTestCase

2018-11-25 04:55:32 - [TEST_STEP][PASSED] - delay: Delayed 1 second(s)

2018-11-25 04:55:33 - [MESSAGE][PASSED] - Delayed 1 second(s)

2018-11-25 04:55:33 - [TEST_STEP][PASSED] - navigateToUrl: Navigate to 'https://assist2-uat.perkeso.gov.my/c/portal/logout' successfully

2018-11-25 04:55:34 - [MESSAGE][PASSED] - Navigate to 'https://assist2-uat.perkeso.gov.my/c/portal/logout' successfully

2018-11-25 04:55:34 - [TEST_STEP][PASSED] - delay: Delayed 1 second(s)

2018-11-25 04:55:35 - [MESSAGE][PASSED] - Delayed 1 second(s)

2018-11-25 04:55:35 - [TEST_STEP][PASSED] - callTestCase: Call Test Case 'Test Cases/Final Aug 2018 - PKS Automation/Common/Reference Number Getter' successfully

2018-11-25 04:55:35 - [TEST_CASE][PASSED] - Test Cases/Final Aug 2018 - PKS Automation/Common/Reference Number Getter: Test Cases/Final Aug 2018 - PKS Automation/Common/Reference Number Getter

2018-11-25 04:55:35 - [TEST_STEP][PASSED] - Statement - Try: null

2018-11-25 04:55:35 - [TEST_STEP][PASSED] - Statement - RefNo = new java.io.File(C://Users//Admin//Desktop//PKS//Automation Reference Point//KatalonReference.txt): null

2018-11-25 04:55:35 - [TEST_STEP][PASSED] - Statement - bufferread = new java.io.BufferedReader(new java.io.FileReader(RefNo)): null

2018-11-25 04:55:35 - [TEST_STEP][PASSED] - Statement - readedVal = bufferread.readLine(): null

2018-11-25 04:55:35 - [TEST_STEP][PASSED] - Statement - out.println(CaseReferenceNo): null

2018-11-25 04:55:35 - [TEST_STEP][PASSED] - Statement - out.println(readedVal): null

2018-11-25 04:55:35 - [TEST_STEP][PASSED] - Statement - CaseReferenceNo = "": null

2018-11-25 04:55:35 - [TEST_STEP][PASSED] - Statement - CaseReferenceNo = readedVal: null

2018-11-25 04:55:35 - [MESSAGE][PASSED] - Call Test Case 'Test Cases/Final Aug 2018 - PKS Automation/Common/Reference Number Getter' successfully

2018-11-25 04:55:35 - [TEST_STEP][FAILED] - callTestCase: Unable to call Test Case with id 'Test Cases/Final Aug 2018 - PKS Automation/Common/Workflow Owner Finder' (Root cause: Call Test Case 'Test Cases/Final Aug 2018 - PKS Automation/Common/Workflow Owner Finder' failed)

2018-11-25 04:55:35 - [TEST_CASE][FAILED] - Test Cases/Final Aug 2018 - PKS Automation/Common/Workflow Owner Finder: Test Cases/Final Aug 2018 - PKS Automation/Common/Workflow Owner Finder FAILED because (of) (Stack trace: com.kms.katalon.core.exception.StepFailedException: Unable to click on object 'Object Repository/Final Object Repo/Landing Page/Select to English' (Root cause: com.kms.katalon.core.webui.exception.WebElementNotFoundException: Web element with id: 'Object Repository/Final Object Repo/Landing Page/Select to English' located by 'By.xpath: //a[@class = 'taglib-language-list-text' and @lang = 'en-US' and (contains(text(), 'EN') or contains(., 'EN'))]' not found)
	at com.kms.katalon.core.keyword.internal.KeywordMain.stepFailed(KeywordMain.groovy:32)
	at com.kms.katalon.core.webui.keyword.internal.WebUIKeywordMain.stepFailed(WebUIKeywordMain.groovy:65)
	at com.kms.katalon.core.webui.keyword.internal.WebUIKeywordMain.runKeyword(WebUIKeywordMain.groovy:27)
	at com.kms.katalon.core.webui.keyword.builtin.ClickKeyword.click(ClickKeyword.groovy:86)
	at com.kms.katalon.core.webui.keyword.builtin.ClickKeyword.execute(ClickKeyword.groovy:67)
	at com.kms.katalon.core.keyword.internal.KeywordExecutor.executeKeywordForPlatform(KeywordExecutor.groovy:53)
	at com.kms.katalon.core.webui.keyword.WebUiBuiltInKeywords.click(WebUiBuiltInKeywords.groovy:604)
	at com.kms.katalon.core.webui.keyword.WebUiBuiltInKeywords$click$9.call(Unknown Source)
	at Script1534407542420.run(Script1534407542420.groovy:57)
	at com.kms.katalon.core.main.ScriptEngine.run(ScriptEngine.java:183)
	at com.kms.katalon.core.main.ScriptEngine.runScriptAsRawText(ScriptEngine.java:108)
	at com.kms.katalon.core.main.TestCaseExecutor.runScript(TestCaseExecutor.java:294)
	at com.kms.katalon.core.main.TestCaseExecutor.doExecute(TestCaseExecutor.java:285)
	at com.kms.katalon.core.main.TestCaseExecutor.processExecutionPhase(TestCaseExecutor.java:264)
	at com.kms.katalon.core.main.TestCaseExecutor.accessMainPhase(TestCaseExecutor.java:256)
	at com.kms.katalon.core.main.TestCaseExecutor.execute(TestCaseExecutor.java:200)
	at com.kms.katalon.core.main.TestCaseMain.runTestCase(TestCaseMain.java:99)
	at com.kms.katalon.core.keyword.builtin.CallTestCaseKeyword$_callTestCase_closure1.doCall(CallTestCaseKeyword.groovy:60)
	at com.kms.katalon.core.keyword.builtin.CallTestCaseKeyword$_callTestCase_closure1.call(CallTestCaseKeyword.groovy)
	at com.kms.katalon.core.keyword.internal.KeywordMain.runKeyword(KeywordMain.groovy:54)
	at com.kms.katalon.core.keyword.builtin.CallTestCaseKeyword.callTestCase(CallTestCaseKeyword.groovy:81)
	at com.kms.katalon.core.keyword.builtin.CallTestCaseKeyword.execute(CallTestCaseKeyword.groovy:45)
	at com.kms.katalon.core.keyword.internal.KeywordExecutor.executeKeywordForPlatform(KeywordExecutor.groovy:53)
	at com.kms.katalon.core.keyword.BuiltinKeywords.callTestCase(BuiltinKeywords.groovy:334)
	at sun.reflect.GeneratedMethodAccessor15.invoke(Unknown Source)
	at sun.reflect.DelegatingMethodAccessorImpl.invoke(DelegatingMethodAccessorImpl.java:43)
	at java.lang.reflect.Method.invoke(Method.java:498)
	at org.codehaus.groovy.reflection.CachedMethod.invoke(CachedMethod.java:93)
	at groovy.lang.MetaMethod.doMethodInvoke(MetaMethod.java:325)
	at groovy.lang.MetaClassImpl.invokeStaticMethod(MetaClassImpl.java:1469)
	at org.codehaus.groovy.runtime.callsite.StaticMetaClassSite.call(StaticMetaClassSite.java:53)
	at org.codehaus.groovy.runtime.callsite.AbstractCallSite.call(AbstractCallSite.java:141)
	at Script1536044453581.run(Script1536044453581.groovy:34)
	at com.kms.katalon.core.main.ScriptEngine.run(ScriptEngine.java:183)
	at com.kms.katalon.core.main.ScriptEngine.runScriptAsRawText(ScriptEngine.java:108)
	at com.kms.katalon.core.main.TestCaseExecutor.runScript(TestCaseExecutor.java:294)
	at com.kms.katalon.core.main.TestCaseExecutor.doExecute(TestCaseExecutor.java:285)
	at com.kms.katalon.core.main.TestCaseExecutor.processExecutionPhase(TestCaseExecutor.java:264)
	at com.kms.katalon.core.main.TestCaseExecutor.accessMainPhase(TestCaseExecutor.java:256)
	at com.kms.katalon.core.main.TestCaseExecutor.execute(TestCaseExecutor.java:200)
	at com.kms.katalon.core.main.TestCaseMain.runTestCase(TestCaseMain.java:99)
	at com.kms.katalon.core.keyword.builtin.CallTestCaseKeyword$_callTestCase_closure1.doCall(CallTestCaseKeyword.groovy:60)
	at com.kms.katalon.core.keyword.builtin.CallTestCaseKeyword$_callTestCase_closure1.call(CallTestCaseKeyword.groovy)
	at com.kms.katalon.core.keyword.internal.KeywordMain.runKeyword(KeywordMain.groovy:54)
	at com.kms.katalon.core.keyword.builtin.CallTestCaseKeyword.callTestCase(CallTestCaseKeyword.groovy:81)
	at com.kms.katalon.core.keyword.builtin.CallTestCaseKeyword.execute(CallTestCaseKeyword.groovy:45)
	at com.kms.katalon.core.keyword.internal.KeywordExecutor.executeKeywordForPlatform(KeywordExecutor.groovy:53)
	at com.kms.katalon.core.keyword.BuiltinKeywords.callTestCase(BuiltinKeywords.groovy:334)
	at sun.reflect.GeneratedMethodAccessor15.invoke(Unknown Source)
	at sun.reflect.DelegatingMethodAccessorImpl.invoke(DelegatingMethodAccessorImpl.java:43)
	at java.lang.reflect.Method.invoke(Method.java:498)
	at org.codehaus.groovy.reflection.CachedMethod.invoke(CachedMethod.java:93)
	at groovy.lang.MetaMethod.doMethodInvoke(MetaMethod.java:325)
	at groovy.lang.MetaClassImpl.invokeStaticMethod(MetaClassImpl.java:1469)
	at org.codehaus.groovy.runtime.callsite.StaticMetaClassSite.call(StaticMetaClassSite.java:53)
	at org.codehaus.groovy.runtime.callsite.CallSiteArray.defaultCall(CallSiteArray.java:48)
	at org.codehaus.groovy.runtime.callsite.AbstractCallSite.call(AbstractCallSite.java:113)
	at org.codehaus.groovy.runtime.callsite.AbstractCallSite.call(AbstractCallSite.java:141)
	at Script1536204625076.run(Script1536204625076.groovy:25)
	at com.kms.katalon.core.main.ScriptEngine.run(ScriptEngine.java:183)
	at com.kms.katalon.core.main.ScriptEngine.runScriptAsRawText(ScriptEngine.java:108)
	at com.kms.katalon.core.main.TestCaseExecutor.runScript(TestCaseExecutor.java:294)
	at com.kms.katalon.core.main.TestCaseExecutor.doExecute(TestCaseExecutor.java:285)
	at com.kms.katalon.core.main.TestCaseExecutor.processExecutionPhase(TestCaseExecutor.java:264)
	at com.kms.katalon.core.main.TestCaseExecutor.accessMainPhase(TestCaseExecutor.java:256)
	at com.kms.katalon.core.main.TestCaseExecutor.execute(TestCaseExecutor.java:200)
	at com.kms.katalon.core.main.TestSuiteExecutor.accessTestCaseMainPhase(TestSuiteExecutor.java:129)
	at com.kms.katalon.core.main.TestSuiteExecutor.accessTestSuiteMainPhase(TestSuiteExecutor.java:112)
	at com.kms.katalon.core.main.TestSuiteExecutor.execute(TestSuiteExecutor.java:81)
	at com.kms.katalon.core.main.TestCaseMain.startTestSuite(TestCaseMain.java:142)
	at com.kms.katalon.core.main.TestCaseMain$startTestSuite$0.call(Unknown Source)
	at org.codehaus.groovy.runtime.callsite.CallSiteArray.defaultCall(CallSiteArray.java:48)
	at org.codehaus.groovy.runtime.callsite.AbstractCallSite.call(AbstractCallSite.java:113)
	at org.codehaus.groovy.runtime.callsite.AbstractCallSite.call(AbstractCallSite.java:141)
	at TempTestSuite1543076525234.run(TempTestSuite1543076525234.groovy:36)
	at groovy.lang.GroovyShell.runScriptOrMainOrTestOrRunnable(GroovyShell.java:263)
	at groovy.lang.GroovyShell.run(GroovyShell.java:518)
	at groovy.lang.GroovyShell.run(GroovyShell.java:507)
	at groovy.ui.GroovyMain.processOnce(GroovyMain.java:653)
	at groovy.ui.GroovyMain.run(GroovyMain.java:384)
	at groovy.ui.GroovyMain.process(GroovyMain.java:370)
	at groovy.ui.GroovyMain.processArgs(GroovyMain.java:129)
	at groovy.ui.GroovyMain.main(GroovyMain.java:109)
	at sun.reflect.NativeMethodAccessorImpl.invoke0(Native Method)
	at sun.reflect.NativeMethodAccessorImpl.invoke(NativeMethodAccessorImpl.java:62)
	at sun.reflect.DelegatingMethodAccessorImpl.invoke(DelegatingMethodAccessorImpl.java:43)
	at java.lang.reflect.Method.invoke(Method.java:498)
	at org.codehaus.groovy.tools.GroovyStarter.rootLoader(GroovyStarter.java:109)
	at org.codehaus.groovy.tools.GroovyStarter.main(GroovyStarter.java:131)
)

2018-11-25 04:55:35 - [TEST_STEP][PASSED] - openBrowser: Browser is opened with url: ''

2018-11-25 04:55:35 - [MESSAGE][WARNING] - A browser is already opened. Closing browser and opening a new one

2018-11-25 04:55:39 - [MESSAGE][PASSED] - Browser is opened with url: ''

2018-11-25 04:55:39 - [TEST_STEP][PASSED] - navigateToUrl: Navigate to 'https://assist2-uat.perkeso.gov.my/login' successfully

2018-11-25 04:55:40 - [MESSAGE][PASSED] - Navigate to 'https://assist2-uat.perkeso.gov.my/login' successfully

2018-11-25 04:55:40 - [TEST_STEP][PASSED] - delay: Delayed 5 second(s)

2018-11-25 04:55:45 - [MESSAGE][PASSED] - Delayed 5 second(s)

2018-11-25 04:55:45 - [TEST_STEP][PASSED] - setText: Text 'test@liferay.com' is set on object 'Object Repository/Final Object Repo/Login Page/Internal User/Email Address'

2018-11-25 04:55:45 - [MESSAGE][PASSED] - Text 'test@liferay.com' is set on object 'Object Repository/Final Object Repo/Login Page/Internal User/Email Address'

2018-11-25 04:55:45 - [TEST_STEP][PASSED] - click: Object: 'Object Repository/Final Object Repo/Login Page/Internal User/Next Button' is clicked on

2018-11-25 04:55:45 - [MESSAGE][PASSED] - Object: 'Object Repository/Final Object Repo/Login Page/Internal User/Next Button' is clicked on

2018-11-25 04:55:45 - [TEST_STEP][PASSED] - delay: Delayed 2 second(s)

2018-11-25 04:55:47 - [MESSAGE][PASSED] - Delayed 2 second(s)

2018-11-25 04:55:47 - [TEST_STEP][PASSED] - setText: Text 'test' is set on object 'Object Repository/Final Object Repo/Login Page/Internal User/Password'

2018-11-25 04:55:47 - [MESSAGE][PASSED] - Text 'test' is set on object 'Object Repository/Final Object Repo/Login Page/Internal User/Password'

2018-11-25 04:55:47 - [TEST_STEP][PASSED] - delay: Delayed 2 second(s)

2018-11-25 04:55:49 - [MESSAGE][PASSED] - Delayed 2 second(s)

2018-11-25 04:55:49 - [TEST_STEP][PASSED] - click: Object: 'Object Repository/Final Object Repo/Login Page/Internal User/Login Button' is clicked on

2018-11-25 04:55:49 - [MESSAGE][PASSED] - Object: 'Object Repository/Final Object Repo/Login Page/Internal User/Login Button' is clicked on

2018-11-25 04:55:49 - [TEST_STEP][FAILED] - Statement - Try: Delayed 2 second(s)

2018-11-25 04:55:49 - [TEST_STEP][PASSED] - Statement - Checker = false: null

2018-11-25 04:55:49 - [TEST_STEP][PASSED] - Statement - Checker = com.kms.katalon.core.webui.keyword.WebUiBuiltInKeywords.verifyElementHasAttribute(com.kms.katalon.core.testobject.ObjectRepository.findTestObject(Final Object Repo/Landing Page/BM Detecting), "href", 20, OPTIONAL): Unable to verify if object 'Object Repository/Final Object Repo/Landing Page/BM Detecting' has attribute 'href' (Root cause: org.openqa.selenium.StaleElementReferenceException: stale element reference: element is not attached to the page document
  (Session info: chrome=70.0.3538.102)
  (Driver info: chromedriver=2.43.600210 (68dcf5eebde37173d4027fa8635e332711d2874a),platform=Windows NT 6.1.7601 SP1 x86_64) (WARNING: The server did not provide any stacktrace information)
Command duration or timeout: 0 milliseconds
For documentation on this error, please visit: http://seleniumhq.org/exceptions/stale_element_reference.html
Build info: version: '3.7.1', revision: '8a0099a', time: '2017-11-06T21:07:36.161Z'
System info: host: 'WIN7TEST02', ip: '10.20.3.72', os.name: 'Windows 7', os.arch: 'amd64', os.version: '6.1', java.version: '1.8.0_181'
Driver info: com.kms.katalon.selenium.driver.CChromeDriver
Capabilities {acceptInsecureCerts: false, acceptSslCerts: false, applicationCacheEnabled: false, browserConnectionEnabled: false, browserName: chrome, chrome: {chromedriverVersion: 2.43.600210 (68dcf5eebde371..., userDataDir: C:\Users\Admin\AppData\Loca...}, cssSelectorsEnabled: true, databaseEnabled: false, goog:chromeOptions: {debuggerAddress: localhost:53723}, handlesAlerts: true, hasTouchScreen: false, javascriptEnabled: true, locationContextEnabled: true, mobileEmulationEnabled: false, nativeEvents: true, networkConnectionEnabled: false, pageLoadStrategy: normal, platform: XP, platformName: XP, rotatable: false, setWindowRect: true, takesHeapSnapshot: true, takesScreenshot: true, unexpectedAlertBehaviour: , unhandledPromptBehavior: , version: 70.0.3538.102, webStorageEnabled: true}
Session ID: a3c84c8284ca8a79328edb23d63ecdea)

2018-11-25 04:55:52 - [MESSAGE][WARNING] - Unable to verify if object 'Object Repository/Final Object Repo/Landing Page/BM Detecting' has attribute 'href' (Root cause: org.openqa.selenium.StaleElementReferenceException: stale element reference: element is not attached to the page document
  (Session info: chrome=70.0.3538.102)
  (Driver info: chromedriver=2.43.600210 (68dcf5eebde37173d4027fa8635e332711d2874a),platform=Windows NT 6.1.7601 SP1 x86_64) (WARNING: The server did not provide any stacktrace information)
Command duration or timeout: 0 milliseconds
For documentation on this error, please visit: http://seleniumhq.org/exceptions/stale_element_reference.html
Build info: version: '3.7.1', revision: '8a0099a', time: '2017-11-06T21:07:36.161Z'
System info: host: 'WIN7TEST02', ip: '10.20.3.72', os.name: 'Windows 7', os.arch: 'amd64', os.version: '6.1', java.version: '1.8.0_181'
Driver info: com.kms.katalon.selenium.driver.CChromeDriver
Capabilities {acceptInsecureCerts: false, acceptSslCerts: false, applicationCacheEnabled: false, browserConnectionEnabled: false, browserName: chrome, chrome: {chromedriverVersion: 2.43.600210 (68dcf5eebde371..., userDataDir: C:\Users\Admin\AppData\Loca...}, cssSelectorsEnabled: true, databaseEnabled: false, goog:chromeOptions: {debuggerAddress: localhost:53723}, handlesAlerts: true, hasTouchScreen: false, javascriptEnabled: true, locationContextEnabled: true, mobileEmulationEnabled: false, nativeEvents: true, networkConnectionEnabled: false, pageLoadStrategy: normal, platform: XP, platformName: XP, rotatable: false, setWindowRect: true, takesHeapSnapshot: true, takesScreenshot: true, unexpectedAlertBehaviour: , unhandledPromptBehavior: , version: 70.0.3538.102, webStorageEnabled: true}
Session ID: a3c84c8284ca8a79328edb23d63ecdea)
[[ATTACHMENT|C:\\Users\\Admin\\Desktop\\PKS\\Perkeso Phase A\\Reports\\Workflow\\Form 3 EIS - Cessation as Employer\\20181125_002205\\1543092951773.png]]

2018-11-25 04:55:52 - [TEST_STEP][PASSED] - Statement - out.println(Checker): null

2018-11-25 04:55:52 - [TEST_STEP][FAILED] - Statement - If (Checker == false): Unable to click on object 'Object Repository/Final Object Repo/Landing Page/Select to English' (Root cause: com.kms.katalon.core.webui.exception.WebElementNotFoundException: Web element with id: 'Object Repository/Final Object Repo/Landing Page/Select to English' located by 'By.xpath: //a[@class = 'taglib-language-list-text' and @lang = 'en-US' and (contains(text(), 'EN') or contains(., 'EN'))]' not found)

2018-11-25 04:55:52 - [TEST_STEP][FAILED] - click: Unable to click on object 'Object Repository/Final Object Repo/Landing Page/Select to English' (Root cause: com.kms.katalon.core.webui.exception.WebElementNotFoundException: Web element with id: 'Object Repository/Final Object Repo/Landing Page/Select to English' located by 'By.xpath: //a[@class = 'taglib-language-list-text' and @lang = 'en-US' and (contains(text(), 'EN') or contains(., 'EN'))]' not found)

2018-11-25 04:56:29 - [MESSAGE][FAILED] - Unable to click on object 'Object Repository/Final Object Repo/Landing Page/Select to English' (Root cause: com.kms.katalon.core.webui.exception.WebElementNotFoundException: Web element with id: 'Object Repository/Final Object Repo/Landing Page/Select to English' located by 'By.xpath: //a[@class = 'taglib-language-list-text' and @lang = 'en-US' and (contains(text(), 'EN') or contains(., 'EN'))]' not found)
[[ATTACHMENT|C:\\Users\\Admin\\Desktop\\PKS\\Perkeso Phase A\\Reports\\Workflow\\Form 3 EIS - Cessation as Employer\\20181125_002205\\1543092989003.png]]

2018-11-25 04:56:29 - [TEST_STEP][PASSED] - delay: Delayed 2 second(s)

2018-11-25 04:56:31 - [MESSAGE][PASSED] - Delayed 2 second(s)

2018-11-25 04:56:31 - [TEST_STEP][PASSED] - delay: Delayed 3 second(s)

2018-11-25 04:56:34 - [MESSAGE][PASSED] - Delayed 3 second(s)

2018-11-25 04:56:34 - [TEST_STEP][PASSED] - mouseOver: Object: 'Object Repository/Final Object Repo/Landing Page/WorkFlow Menu' is hovered

2018-11-25 04:56:34 - [MESSAGE][PASSED] - Object: 'Object Repository/Final Object Repo/Landing Page/WorkFlow Menu' is hovered

2018-11-25 04:56:34 - [TEST_STEP][PASSED] - delay: Delayed 2 second(s)

2018-11-25 04:56:36 - [MESSAGE][PASSED] - Delayed 2 second(s)

2018-11-25 04:56:36 - [TEST_STEP][FAILED] - click: Unable to click on object 'Object Repository/Final Object Repo/Landing Page/Select to Workflow Listing' (Root cause: org.openqa.selenium.ElementNotVisibleException: element not interactable
  (Session info: chrome=70.0.3538.102)
  (Driver info: chromedriver=2.43.600210 (68dcf5eebde37173d4027fa8635e332711d2874a),platform=Windows NT 6.1.7601 SP1 x86_64) (WARNING: The server did not provide any stacktrace information)
Command duration or timeout: 0 milliseconds
Build info: version: '3.7.1', revision: '8a0099a', time: '2017-11-06T21:07:36.161Z'
System info: host: 'WIN7TEST02', ip: '10.20.3.72', os.name: 'Windows 7', os.arch: 'amd64', os.version: '6.1', java.version: '1.8.0_181'
Driver info: com.kms.katalon.selenium.driver.CChromeDriver
Capabilities {acceptInsecureCerts: false, acceptSslCerts: false, applicationCacheEnabled: false, browserConnectionEnabled: false, browserName: chrome, chrome: {chromedriverVersion: 2.43.600210 (68dcf5eebde371..., userDataDir: C:\Users\Admin\AppData\Loca...}, cssSelectorsEnabled: true, databaseEnabled: false, goog:chromeOptions: {debuggerAddress: localhost:53723}, handlesAlerts: true, hasTouchScreen: false, javascriptEnabled: true, locationContextEnabled: true, mobileEmulationEnabled: false, nativeEvents: true, networkConnectionEnabled: false, pageLoadStrategy: normal, platform: XP, platformName: XP, rotatable: false, setWindowRect: true, takesHeapSnapshot: true, takesScreenshot: true, unexpectedAlertBehaviour: , unhandledPromptBehavior: , version: 70.0.3538.102, webStorageEnabled: true}
Session ID: a3c84c8284ca8a79328edb23d63ecdea)

2018-11-25 04:56:36 - [MESSAGE][FAILED] - Unable to click on object 'Object Repository/Final Object Repo/Landing Page/Select to Workflow Listing' (Root cause: org.openqa.selenium.ElementNotVisibleException: element not interactable
  (Session info: chrome=70.0.3538.102)
  (Driver info: chromedriver=2.43.600210 (68dcf5eebde37173d4027fa8635e332711d2874a),platform=Windows NT 6.1.7601 SP1 x86_64) (WARNING: The server did not provide any stacktrace information)
Command duration or timeout: 0 milliseconds
Build info: version: '3.7.1', revision: '8a0099a', time: '2017-11-06T21:07:36.161Z'
System info: host: 'WIN7TEST02', ip: '10.20.3.72', os.name: 'Windows 7', os.arch: 'amd64', os.version: '6.1', java.version: '1.8.0_181'
Driver info: com.kms.katalon.selenium.driver.CChromeDriver
Capabilities {acceptInsecureCerts: false, acceptSslCerts: false, applicationCacheEnabled: false, browserConnectionEnabled: false, browserName: chrome, chrome: {chromedriverVersion: 2.43.600210 (68dcf5eebde371..., userDataDir: C:\Users\Admin\AppData\Loca...}, cssSelectorsEnabled: true, databaseEnabled: false, goog:chromeOptions: {debuggerAddress: localhost:53723}, handlesAlerts: true, hasTouchScreen: false, javascriptEnabled: true, locationContextEnabled: true, mobileEmulationEnabled: false, nativeEvents: true, networkConnectionEnabled: false, pageLoadStrategy: normal, platform: XP, platformName: XP, rotatable: false, setWindowRect: true, takesHeapSnapshot: true, takesScreenshot: true, unexpectedAlertBehaviour: , unhandledPromptBehavior: , version: 70.0.3538.102, webStorageEnabled: true}
Session ID: a3c84c8284ca8a79328edb23d63ecdea)
[[ATTACHMENT|C:\\Users\\Admin\\Desktop\\PKS\\Perkeso Phase A\\Reports\\Workflow\\Form 3 EIS - Cessation as Employer\\20181125_002205\\1543092996502.png]]

2018-11-25 04:56:36 - [TEST_STEP][PASSED] - delay: Delayed 2 second(s)

2018-11-25 04:56:38 - [MESSAGE][PASSED] - Delayed 2 second(s)

2018-11-25 04:56:38 - [TEST_STEP][FAILED] - click: Unable to click on object 'Object Repository/Final Object Repo/WorkFlow Listing Page/Search Information - To Put Ref No' (Root cause: com.kms.katalon.core.webui.exception.WebElementNotFoundException: Web element with id: 'Object Repository/Final Object Repo/WorkFlow Listing Page/Search Information - To Put Ref No' located by 'By.xpath: //h2[@data-target = '#_workflowlisting_WAR_baseportlet_searchDiv' and (text() = 'Search Information' or . = 'Search Information')]' not found)

2018-11-25 04:57:10 - [MESSAGE][FAILED] - Unable to click on object 'Object Repository/Final Object Repo/WorkFlow Listing Page/Search Information - To Put Ref No' (Root cause: com.kms.katalon.core.webui.exception.WebElementNotFoundException: Web element with id: 'Object Repository/Final Object Repo/WorkFlow Listing Page/Search Information - To Put Ref No' located by 'By.xpath: //h2[@data-target = '#_workflowlisting_WAR_baseportlet_searchDiv' and (text() = 'Search Information' or . = 'Search Information')]' not found)
[[ATTACHMENT|C:\\Users\\Admin\\Desktop\\PKS\\Perkeso Phase A\\Reports\\Workflow\\Form 3 EIS - Cessation as Employer\\20181125_002205\\1543093030100.png]]

2018-11-25 04:57:10 - [TEST_STEP][PASSED] - delay: Delayed 2 second(s)

2018-11-25 04:57:12 - [MESSAGE][PASSED] - Delayed 2 second(s)

2018-11-25 04:57:12 - [TEST_STEP][PASSED] - callTestCase: Call Test Case 'Test Cases/Final Aug 2018 - PKS Automation/Common/Reference Number Getter' successfully

2018-11-25 04:57:12 - [TEST_CASE][PASSED] - Test Cases/Final Aug 2018 - PKS Automation/Common/Reference Number Getter: Test Cases/Final Aug 2018 - PKS Automation/Common/Reference Number Getter

2018-11-25 04:57:12 - [TEST_STEP][PASSED] - Statement - Try: null

2018-11-25 04:57:12 - [TEST_STEP][PASSED] - Statement - RefNo = new java.io.File(C://Users//Admin//Desktop//PKS//Automation Reference Point//KatalonReference.txt): null

2018-11-25 04:57:12 - [TEST_STEP][PASSED] - Statement - bufferread = new java.io.BufferedReader(new java.io.FileReader(RefNo)): null

2018-11-25 04:57:12 - [TEST_STEP][PASSED] - Statement - readedVal = bufferread.readLine(): null

2018-11-25 04:57:12 - [TEST_STEP][PASSED] - Statement - out.println(CaseReferenceNo): null

2018-11-25 04:57:12 - [TEST_STEP][PASSED] - Statement - out.println(readedVal): null

2018-11-25 04:57:12 - [TEST_STEP][PASSED] - Statement - CaseReferenceNo = "": null

2018-11-25 04:57:12 - [TEST_STEP][PASSED] - Statement - CaseReferenceNo = readedVal: null

2018-11-25 04:57:12 - [MESSAGE][PASSED] - Call Test Case 'Test Cases/Final Aug 2018 - PKS Automation/Common/Reference Number Getter' successfully

2018-11-25 04:57:12 - [TEST_STEP][FAILED] - setText: Unable to set text 'ERN112018C200002286' of object 'Object Repository/Final Object Repo/WorkFlow Listing Page/Ref No Set Text' (Root cause: com.kms.katalon.core.webui.exception.WebElementNotFoundException: Web element with id: 'Object Repository/Final Object Repo/WorkFlow Listing Page/Ref No Set Text' located by 'By.xpath: //input[@id = '_workflowlisting_WAR_baseportlet_dto.trxReferenceNum' and @name = '_workflowlisting_WAR_baseportlet_dto.trxReferenceNum' and @type = 'text']' not found)

2018-11-25 04:57:44 - [MESSAGE][FAILED] - Unable to set text 'ERN112018C200002286' of object 'Object Repository/Final Object Repo/WorkFlow Listing Page/Ref No Set Text' (Root cause: com.kms.katalon.core.webui.exception.WebElementNotFoundException: Web element with id: 'Object Repository/Final Object Repo/WorkFlow Listing Page/Ref No Set Text' located by 'By.xpath: //input[@id = '_workflowlisting_WAR_baseportlet_dto.trxReferenceNum' and @name = '_workflowlisting_WAR_baseportlet_dto.trxReferenceNum' and @type = 'text']' not found)
[[ATTACHMENT|C:\\Users\\Admin\\Desktop\\PKS\\Perkeso Phase A\\Reports\\Workflow\\Form 3 EIS - Cessation as Employer\\20181125_002205\\1543093064173.png]]

2018-11-25 04:57:44 - [TEST_STEP][PASSED] - delay: Delayed 2 second(s)

2018-11-25 04:57:46 - [MESSAGE][PASSED] - Delayed 2 second(s)

2018-11-25 04:57:46 - [TEST_STEP][FAILED] - click: Unable to click on object 'Object Repository/Final Object Repo/WorkFlow Listing Page/Search Ref No Search Button' (Root cause: org.openqa.selenium.ElementNotVisibleException: element not interactable
  (Session info: chrome=70.0.3538.102)
  (Driver info: chromedriver=2.43.600210 (68dcf5eebde37173d4027fa8635e332711d2874a),platform=Windows NT 6.1.7601 SP1 x86_64) (WARNING: The server did not provide any stacktrace information)
Command duration or timeout: 0 milliseconds
Build info: version: '3.7.1', revision: '8a0099a', time: '2017-11-06T21:07:36.161Z'
System info: host: 'WIN7TEST02', ip: '10.20.3.72', os.name: 'Windows 7', os.arch: 'amd64', os.version: '6.1', java.version: '1.8.0_181'
Driver info: com.kms.katalon.selenium.driver.CChromeDriver
Capabilities {acceptInsecureCerts: false, acceptSslCerts: false, applicationCacheEnabled: false, browserConnectionEnabled: false, browserName: chrome, chrome: {chromedriverVersion: 2.43.600210 (68dcf5eebde371..., userDataDir: C:\Users\Admin\AppData\Loca...}, cssSelectorsEnabled: true, databaseEnabled: false, goog:chromeOptions: {debuggerAddress: localhost:53723}, handlesAlerts: true, hasTouchScreen: false, javascriptEnabled: true, locationContextEnabled: true, mobileEmulationEnabled: false, nativeEvents: true, networkConnectionEnabled: false, pageLoadStrategy: normal, platform: XP, platformName: XP, rotatable: false, setWindowRect: true, takesHeapSnapshot: true, takesScreenshot: true, unexpectedAlertBehaviour: , unhandledPromptBehavior: , version: 70.0.3538.102, webStorageEnabled: true}
Session ID: a3c84c8284ca8a79328edb23d63ecdea)

2018-11-25 04:57:46 - [MESSAGE][FAILED] - Unable to click on object 'Object Repository/Final Object Repo/WorkFlow Listing Page/Search Ref No Search Button' (Root cause: org.openqa.selenium.ElementNotVisibleException: element not interactable
  (Session info: chrome=70.0.3538.102)
  (Driver info: chromedriver=2.43.600210 (68dcf5eebde37173d4027fa8635e332711d2874a),platform=Windows NT 6.1.7601 SP1 x86_64) (WARNING: The server did not provide any stacktrace information)
Command duration or timeout: 0 milliseconds
Build info: version: '3.7.1', revision: '8a0099a', time: '2017-11-06T21:07:36.161Z'
System info: host: 'WIN7TEST02', ip: '10.20.3.72', os.name: 'Windows 7', os.arch: 'amd64', os.version: '6.1', java.version: '1.8.0_181'
Driver info: com.kms.katalon.selenium.driver.CChromeDriver
Capabilities {acceptInsecureCerts: false, acceptSslCerts: false, applicationCacheEnabled: false, browserConnectionEnabled: false, browserName: chrome, chrome: {chromedriverVersion: 2.43.600210 (68dcf5eebde371..., userDataDir: C:\Users\Admin\AppData\Loca...}, cssSelectorsEnabled: true, databaseEnabled: false, goog:chromeOptions: {debuggerAddress: localhost:53723}, handlesAlerts: true, hasTouchScreen: false, javascriptEnabled: true, locationContextEnabled: true, mobileEmulationEnabled: false, nativeEvents: true, networkConnectionEnabled: false, pageLoadStrategy: normal, platform: XP, platformName: XP, rotatable: false, setWindowRect: true, takesHeapSnapshot: true, takesScreenshot: true, unexpectedAlertBehaviour: , unhandledPromptBehavior: , version: 70.0.3538.102, webStorageEnabled: true}
Session ID: a3c84c8284ca8a79328edb23d63ecdea)
[[ATTACHMENT|C:\\Users\\Admin\\Desktop\\PKS\\Perkeso Phase A\\Reports\\Workflow\\Form 3 EIS - Cessation as Employer\\20181125_002205\\1543093066596.png]]

2018-11-25 04:57:46 - [TEST_STEP][PASSED] - delay: Delayed 4 second(s)

2018-11-25 04:57:50 - [MESSAGE][PASSED] - Delayed 4 second(s)

2018-11-25 04:57:50 - [TEST_STEP][PASSED] - click: Object: 'Object Repository/Final Object Repo/WorkFlow Listing Page/Click Continue Tooltip' is clicked on

2018-11-25 04:57:52 - [MESSAGE][PASSED] - Object: 'Object Repository/Final Object Repo/WorkFlow Listing Page/Click Continue Tooltip' is clicked on

2018-11-25 04:57:52 - [TEST_STEP][PASSED] - delay: Delayed 5 second(s)

2018-11-25 04:57:57 - [MESSAGE][PASSED] - Delayed 5 second(s)

2018-11-25 04:57:57 - [TEST_STEP][FAILED] - doubleClick: Unable to double click on object 'Object Repository/Final Object Repo/WorkFlow Listing Page/Workflow Found - Listing 1' (Root cause: com.kms.katalon.core.webui.exception.WebElementNotFoundException: Web element with id: 'Object Repository/Final Object Repo/WorkFlow Listing Page/Workflow Found - Listing 1' located by 'By.xpath: //body/div/div/div/div/div/div/div/div/div/div/div/div/div/div/div/div/table/tbody/tr/td[@class='table-cell  first']/following-sibling::td[1]' not found)

2018-11-25 04:58:28 - [MESSAGE][FAILED] - Unable to double click on object 'Object Repository/Final Object Repo/WorkFlow Listing Page/Workflow Found - Listing 1' (Root cause: com.kms.katalon.core.webui.exception.WebElementNotFoundException: Web element with id: 'Object Repository/Final Object Repo/WorkFlow Listing Page/Workflow Found - Listing 1' located by 'By.xpath: //body/div/div/div/div/div/div/div/div/div/div/div/div/div/div/div/div/table/tbody/tr/td[@class='table-cell  first']/following-sibling::td[1]' not found)
[[ATTACHMENT|C:\\Users\\Admin\\Desktop\\PKS\\Perkeso Phase A\\Reports\\Workflow\\Form 3 EIS - Cessation as Employer\\20181125_002205\\1543093108251.png]]

2018-11-25 04:58:28 - [MESSAGE][FAILED] - Unable to call Test Case with id 'Test Cases/Final Aug 2018 - PKS Automation/Common/Workflow Owner Finder' (Root cause: Call Test Case 'Test Cases/Final Aug 2018 - PKS Automation/Common/Workflow Owner Finder' failed)

2018-11-25 04:58:28 - [MESSAGE][FAILED] - Unable to call Test Case with id 'Test Cases/Final Aug 2018 - PKS Automation/Registration Module/Workflow/Form 3 EIS - Cessation As Employer/Template/Form 3 A - Cessation As Employer (Reject)' (Root cause: Call Test Case 'Test Cases/Final Aug 2018 - PKS Automation/Registration Module/Workflow/Form 3 EIS - Cessation As Employer/Template/Form 3 A - Cessation As Employer (Reject)' failed)]]></system-out>
         <system-err><![CDATA[2018-11-25 04:54:33 - [TEST_CASE][FAILED] - Test Cases/Final Aug 2018 - PKS Automation/Registration Module/Workflow/Form 3 EIS - Cessation As Employer/PKRBO to UO (Reject): Test Cases/Final Aug 2018 - PKS Automation/Registration Module/Workflow/Form 3 EIS - Cessation As Employer/PKRBO to UO (Reject) FAILED because (of) (Stack trace: com.kms.katalon.core.exception.StepFailedException: Unable to click on object 'Object Repository/Final Object Repo/Landing Page/Select to English' (Root cause: com.kms.katalon.core.webui.exception.WebElementNotFoundException: Web element with id: 'Object Repository/Final Object Repo/Landing Page/Select to English' located by 'By.xpath: //a[@class = 'taglib-language-list-text' and @lang = 'en-US' and (contains(text(), 'EN') or contains(., 'EN'))]' not found)
	at com.kms.katalon.core.keyword.internal.KeywordMain.stepFailed(KeywordMain.groovy:32)
	at com.kms.katalon.core.webui.keyword.internal.WebUIKeywordMain.stepFailed(WebUIKeywordMain.groovy:65)
	at com.kms.katalon.core.webui.keyword.internal.WebUIKeywordMain.runKeyword(WebUIKeywordMain.groovy:27)
	at com.kms.katalon.core.webui.keyword.builtin.ClickKeyword.click(ClickKeyword.groovy:86)
	at com.kms.katalon.core.webui.keyword.builtin.ClickKeyword.execute(ClickKeyword.groovy:67)
	at com.kms.katalon.core.keyword.internal.KeywordExecutor.executeKeywordForPlatform(KeywordExecutor.groovy:53)
	at com.kms.katalon.core.webui.keyword.WebUiBuiltInKeywords.click(WebUiBuiltInKeywords.groovy:604)
	at com.kms.katalon.core.webui.keyword.WebUiBuiltInKeywords$click$9.call(Unknown Source)
	at Script1534407542420.run(Script1534407542420.groovy:57)
	at com.kms.katalon.core.main.ScriptEngine.run(ScriptEngine.java:183)
	at com.kms.katalon.core.main.ScriptEngine.runScriptAsRawText(ScriptEngine.java:108)
	at com.kms.katalon.core.main.TestCaseExecutor.runScript(TestCaseExecutor.java:294)
	at com.kms.katalon.core.main.TestCaseExecutor.doExecute(TestCaseExecutor.java:285)
	at com.kms.katalon.core.main.TestCaseExecutor.processExecutionPhase(TestCaseExecutor.java:264)
	at com.kms.katalon.core.main.TestCaseExecutor.accessMainPhase(TestCaseExecutor.java:256)
	at com.kms.katalon.core.main.TestCaseExecutor.execute(TestCaseExecutor.java:200)
	at com.kms.katalon.core.main.TestCaseMain.runTestCase(TestCaseMain.java:99)
	at com.kms.katalon.core.keyword.builtin.CallTestCaseKeyword$_callTestCase_closure1.doCall(CallTestCaseKeyword.groovy:60)
	at com.kms.katalon.core.keyword.builtin.CallTestCaseKeyword$_callTestCase_closure1.call(CallTestCaseKeyword.groovy)
	at com.kms.katalon.core.keyword.internal.KeywordMain.runKeyword(KeywordMain.groovy:54)
	at com.kms.katalon.core.keyword.builtin.CallTestCaseKeyword.callTestCase(CallTestCaseKeyword.groovy:81)
	at com.kms.katalon.core.keyword.builtin.CallTestCaseKeyword.execute(CallTestCaseKeyword.groovy:45)
	at com.kms.katalon.core.keyword.internal.KeywordExecutor.executeKeywordForPlatform(KeywordExecutor.groovy:53)
	at com.kms.katalon.core.keyword.BuiltinKeywords.callTestCase(BuiltinKeywords.groovy:334)
	at sun.reflect.GeneratedMethodAccessor15.invoke(Unknown Source)
	at sun.reflect.DelegatingMethodAccessorImpl.invoke(DelegatingMethodAccessorImpl.java:43)
	at java.lang.reflect.Method.invoke(Method.java:498)
	at org.codehaus.groovy.reflection.CachedMethod.invoke(CachedMethod.java:93)
	at groovy.lang.MetaMethod.doMethodInvoke(MetaMethod.java:325)
	at groovy.lang.MetaClassImpl.invokeStaticMethod(MetaClassImpl.java:1469)
	at org.codehaus.groovy.runtime.callsite.StaticMetaClassSite.call(StaticMetaClassSite.java:53)
	at org.codehaus.groovy.runtime.callsite.AbstractCallSite.call(AbstractCallSite.java:141)
	at Script1536044453581.run(Script1536044453581.groovy:34)
	at com.kms.katalon.core.main.ScriptEngine.run(ScriptEngine.java:183)
	at com.kms.katalon.core.main.ScriptEngine.runScriptAsRawText(ScriptEngine.java:108)
	at com.kms.katalon.core.main.TestCaseExecutor.runScript(TestCaseExecutor.java:294)
	at com.kms.katalon.core.main.TestCaseExecutor.doExecute(TestCaseExecutor.java:285)
	at com.kms.katalon.core.main.TestCaseExecutor.processExecutionPhase(TestCaseExecutor.java:264)
	at com.kms.katalon.core.main.TestCaseExecutor.accessMainPhase(TestCaseExecutor.java:256)
	at com.kms.katalon.core.main.TestCaseExecutor.execute(TestCaseExecutor.java:200)
	at com.kms.katalon.core.main.TestCaseMain.runTestCase(TestCaseMain.java:99)
	at com.kms.katalon.core.keyword.builtin.CallTestCaseKeyword$_callTestCase_closure1.doCall(CallTestCaseKeyword.groovy:60)
	at com.kms.katalon.core.keyword.builtin.CallTestCaseKeyword$_callTestCase_closure1.call(CallTestCaseKeyword.groovy)
	at com.kms.katalon.core.keyword.internal.KeywordMain.runKeyword(KeywordMain.groovy:54)
	at com.kms.katalon.core.keyword.builtin.CallTestCaseKeyword.callTestCase(CallTestCaseKeyword.groovy:81)
	at com.kms.katalon.core.keyword.builtin.CallTestCaseKeyword.execute(CallTestCaseKeyword.groovy:45)
	at com.kms.katalon.core.keyword.internal.KeywordExecutor.executeKeywordForPlatform(KeywordExecutor.groovy:53)
	at com.kms.katalon.core.keyword.BuiltinKeywords.callTestCase(BuiltinKeywords.groovy:334)
	at sun.reflect.GeneratedMethodAccessor15.invoke(Unknown Source)
	at sun.reflect.DelegatingMethodAccessorImpl.invoke(DelegatingMethodAccessorImpl.java:43)
	at java.lang.reflect.Method.invoke(Method.java:498)
	at org.codehaus.groovy.reflection.CachedMethod.invoke(CachedMethod.java:93)
	at groovy.lang.MetaMethod.doMethodInvoke(MetaMethod.java:325)
	at groovy.lang.MetaClassImpl.invokeStaticMethod(MetaClassImpl.java:1469)
	at org.codehaus.groovy.runtime.callsite.StaticMetaClassSite.call(StaticMetaClassSite.java:53)
	at org.codehaus.groovy.runtime.callsite.CallSiteArray.defaultCall(CallSiteArray.java:48)
	at org.codehaus.groovy.runtime.callsite.AbstractCallSite.call(AbstractCallSite.java:113)
	at org.codehaus.groovy.runtime.callsite.AbstractCallSite.call(AbstractCallSite.java:141)
	at Script1536204625076.run(Script1536204625076.groovy:25)
	at com.kms.katalon.core.main.ScriptEngine.run(ScriptEngine.java:183)
	at com.kms.katalon.core.main.ScriptEngine.runScriptAsRawText(ScriptEngine.java:108)
	at com.kms.katalon.core.main.TestCaseExecutor.runScript(TestCaseExecutor.java:294)
	at com.kms.katalon.core.main.TestCaseExecutor.doExecute(TestCaseExecutor.java:285)
	at com.kms.katalon.core.main.TestCaseExecutor.processExecutionPhase(TestCaseExecutor.java:264)
	at com.kms.katalon.core.main.TestCaseExecutor.accessMainPhase(TestCaseExecutor.java:256)
	at com.kms.katalon.core.main.TestCaseExecutor.execute(TestCaseExecutor.java:200)
	at com.kms.katalon.core.main.TestSuiteExecutor.accessTestCaseMainPhase(TestSuiteExecutor.java:129)
	at com.kms.katalon.core.main.TestSuiteExecutor.accessTestSuiteMainPhase(TestSuiteExecutor.java:112)
	at com.kms.katalon.core.main.TestSuiteExecutor.execute(TestSuiteExecutor.java:81)
	at com.kms.katalon.core.main.TestCaseMain.startTestSuite(TestCaseMain.java:142)
	at com.kms.katalon.core.main.TestCaseMain$startTestSuite$0.call(Unknown Source)
	at org.codehaus.groovy.runtime.callsite.CallSiteArray.defaultCall(CallSiteArray.java:48)
	at org.codehaus.groovy.runtime.callsite.AbstractCallSite.call(AbstractCallSite.java:113)
	at org.codehaus.groovy.runtime.callsite.AbstractCallSite.call(AbstractCallSite.java:141)
	at TempTestSuite1543076525234.run(TempTestSuite1543076525234.groovy:36)
	at groovy.lang.GroovyShell.runScriptOrMainOrTestOrRunnable(GroovyShell.java:263)
	at groovy.lang.GroovyShell.run(GroovyShell.java:518)
	at groovy.lang.GroovyShell.run(GroovyShell.java:507)
	at groovy.ui.GroovyMain.processOnce(GroovyMain.java:653)
	at groovy.ui.GroovyMain.run(GroovyMain.java:384)
	at groovy.ui.GroovyMain.process(GroovyMain.java:370)
	at groovy.ui.GroovyMain.processArgs(GroovyMain.java:129)
	at groovy.ui.GroovyMain.main(GroovyMain.java:109)
	at sun.reflect.NativeMethodAccessorImpl.invoke0(Native Method)
	at sun.reflect.NativeMethodAccessorImpl.invoke(NativeMethodAccessorImpl.java:62)
	at sun.reflect.DelegatingMethodAccessorImpl.invoke(DelegatingMethodAccessorImpl.java:43)
	at java.lang.reflect.Method.invoke(Method.java:498)
	at org.codehaus.groovy.tools.GroovyStarter.rootLoader(GroovyStarter.java:109)
	at org.codehaus.groovy.tools.GroovyStarter.main(GroovyStarter.java:131)
)]]></system-err>
      </testcase>
      <testcase name="Test Cases/Final Aug 2018 - PKS Automation/Registration Module/Workflow/Form 3 EIS - Cessation As Employer/PKRBO to UO (Under enforcement)" classname="Test Cases/Final Aug 2018 - PKS Automation/Registration Module/Workflow/Form 3 EIS - Cessation As Employer/PKRBO to UO (Under enforcement)" status="FAILED">
         <failure type="FAILED" message="(Stack trace: com.kms.katalon.core.exception.StepFailedException: Unable to click on object 'Object Repository/Final Object Repo/Landing Page/Select to English' (Root cause: com.kms.katalon.core.webui.exception.WebElementNotFoundException: Web element with id: 'Object Repository/Final Object Repo/Landing Page/Select to English' located by 'By.xpath: //a[@class = 'taglib-language-list-text' and @lang = 'en-US' and (contains(text(), 'EN') or contains(., 'EN'))]' not found)
	at com.kms.katalon.core.keyword.internal.KeywordMain.stepFailed(KeywordMain.groovy:32)
	at com.kms.katalon.core.webui.keyword.internal.WebUIKeywordMain.stepFailed(WebUIKeywordMain.groovy:65)
	at com.kms.katalon.core.webui.keyword.internal.WebUIKeywordMain.runKeyword(WebUIKeywordMain.groovy:27)
	at com.kms.katalon.core.webui.keyword.builtin.ClickKeyword.click(ClickKeyword.groovy:86)
	at com.kms.katalon.core.webui.keyword.builtin.ClickKeyword.execute(ClickKeyword.groovy:67)
	at com.kms.katalon.core.keyword.internal.KeywordExecutor.executeKeywordForPlatform(KeywordExecutor.groovy:53)
	at com.kms.katalon.core.webui.keyword.WebUiBuiltInKeywords.click(WebUiBuiltInKeywords.groovy:604)
	at com.kms.katalon.core.webui.keyword.WebUiBuiltInKeywords$click$9.call(Unknown Source)
	at Script1534407542420.run(Script1534407542420.groovy:57)
	at com.kms.katalon.core.main.ScriptEngine.run(ScriptEngine.java:183)
	at com.kms.katalon.core.main.ScriptEngine.runScriptAsRawText(ScriptEngine.java:108)
	at com.kms.katalon.core.main.TestCaseExecutor.runScript(TestCaseExecutor.java:294)
	at com.kms.katalon.core.main.TestCaseExecutor.doExecute(TestCaseExecutor.java:285)
	at com.kms.katalon.core.main.TestCaseExecutor.processExecutionPhase(TestCaseExecutor.java:264)
	at com.kms.katalon.core.main.TestCaseExecutor.accessMainPhase(TestCaseExecutor.java:256)
	at com.kms.katalon.core.main.TestCaseExecutor.execute(TestCaseExecutor.java:200)
	at com.kms.katalon.core.main.TestCaseMain.runTestCase(TestCaseMain.java:99)
	at com.kms.katalon.core.keyword.builtin.CallTestCaseKeyword$_callTestCase_closure1.doCall(CallTestCaseKeyword.groovy:60)
	at com.kms.katalon.core.keyword.builtin.CallTestCaseKeyword$_callTestCase_closure1.call(CallTestCaseKeyword.groovy)
	at com.kms.katalon.core.keyword.internal.KeywordMain.runKeyword(KeywordMain.groovy:54)
	at com.kms.katalon.core.keyword.builtin.CallTestCaseKeyword.callTestCase(CallTestCaseKeyword.groovy:81)
	at com.kms.katalon.core.keyword.builtin.CallTestCaseKeyword.execute(CallTestCaseKeyword.groovy:45)
	at com.kms.katalon.core.keyword.internal.KeywordExecutor.executeKeywordForPlatform(KeywordExecutor.groovy:53)
	at com.kms.katalon.core.keyword.BuiltinKeywords.callTestCase(BuiltinKeywords.groovy:334)
	at sun.reflect.GeneratedMethodAccessor15.invoke(Unknown Source)
	at sun.reflect.DelegatingMethodAccessorImpl.invoke(DelegatingMethodAccessorImpl.java:43)
	at java.lang.reflect.Method.invoke(Method.java:498)
	at org.codehaus.groovy.reflection.CachedMethod.invoke(CachedMethod.java:93)
	at groovy.lang.MetaMethod.doMethodInvoke(MetaMethod.java:325)
	at groovy.lang.MetaClassImpl.invokeStaticMethod(MetaClassImpl.java:1469)
	at org.codehaus.groovy.runtime.callsite.StaticMetaClassSite.call(StaticMetaClassSite.java:53)
	at org.codehaus.groovy.runtime.callsite.AbstractCallSite.call(AbstractCallSite.java:141)
	at Script1536113546450.run(Script1536113546450.groovy:34)
	at com.kms.katalon.core.main.ScriptEngine.run(ScriptEngine.java:183)
	at com.kms.katalon.core.main.ScriptEngine.runScriptAsRawText(ScriptEngine.java:108)
	at com.kms.katalon.core.main.TestCaseExecutor.runScript(TestCaseExecutor.java:294)
	at com.kms.katalon.core.main.TestCaseExecutor.doExecute(TestCaseExecutor.java:285)
	at com.kms.katalon.core.main.TestCaseExecutor.processExecutionPhase(TestCaseExecutor.java:264)
	at com.kms.katalon.core.main.TestCaseExecutor.accessMainPhase(TestCaseExecutor.java:256)
	at com.kms.katalon.core.main.TestCaseExecutor.execute(TestCaseExecutor.java:200)
	at com.kms.katalon.core.main.TestCaseMain.runTestCase(TestCaseMain.java:99)
	at com.kms.katalon.core.keyword.builtin.CallTestCaseKeyword$_callTestCase_closure1.doCall(CallTestCaseKeyword.groovy:60)
	at com.kms.katalon.core.keyword.builtin.CallTestCaseKeyword$_callTestCase_closure1.call(CallTestCaseKeyword.groovy)
	at com.kms.katalon.core.keyword.internal.KeywordMain.runKeyword(KeywordMain.groovy:54)
	at com.kms.katalon.core.keyword.builtin.CallTestCaseKeyword.callTestCase(CallTestCaseKeyword.groovy:81)
	at com.kms.katalon.core.keyword.builtin.CallTestCaseKeyword.execute(CallTestCaseKeyword.groovy:45)
	at com.kms.katalon.core.keyword.internal.KeywordExecutor.executeKeywordForPlatform(KeywordExecutor.groovy:53)
	at com.kms.katalon.core.keyword.BuiltinKeywords.callTestCase(BuiltinKeywords.groovy:334)
	at sun.reflect.GeneratedMethodAccessor15.invoke(Unknown Source)
	at sun.reflect.DelegatingMethodAccessorImpl.invoke(DelegatingMethodAccessorImpl.java:43)
	at java.lang.reflect.Method.invoke(Method.java:498)
	at org.codehaus.groovy.reflection.CachedMethod.invoke(CachedMethod.java:93)
	at groovy.lang.MetaMethod.doMethodInvoke(MetaMethod.java:325)
	at groovy.lang.MetaClassImpl.invokeStaticMethod(MetaClassImpl.java:1469)
	at org.codehaus.groovy.runtime.callsite.StaticMetaClassSite.call(StaticMetaClassSite.java:53)
	at org.codehaus.groovy.runtime.callsite.CallSiteArray.defaultCall(CallSiteArray.java:48)
	at org.codehaus.groovy.runtime.callsite.AbstractCallSite.call(AbstractCallSite.java:113)
	at org.codehaus.groovy.runtime.callsite.AbstractCallSite.call(AbstractCallSite.java:141)
	at Script1536204639269.run(Script1536204639269.groovy:25)
	at com.kms.katalon.core.main.ScriptEngine.run(ScriptEngine.java:183)
	at com.kms.katalon.core.main.ScriptEngine.runScriptAsRawText(ScriptEngine.java:108)
	at com.kms.katalon.core.main.TestCaseExecutor.runScript(TestCaseExecutor.java:294)
	at com.kms.katalon.core.main.TestCaseExecutor.doExecute(TestCaseExecutor.java:285)
	at com.kms.katalon.core.main.TestCaseExecutor.processExecutionPhase(TestCaseExecutor.java:264)
	at com.kms.katalon.core.main.TestCaseExecutor.accessMainPhase(TestCaseExecutor.java:256)
	at com.kms.katalon.core.main.TestCaseExecutor.execute(TestCaseExecutor.java:200)
	at com.kms.katalon.core.main.TestSuiteExecutor.accessTestCaseMainPhase(TestSuiteExecutor.java:129)
	at com.kms.katalon.core.main.TestSuiteExecutor.accessTestSuiteMainPhase(TestSuiteExecutor.java:112)
	at com.kms.katalon.core.main.TestSuiteExecutor.execute(TestSuiteExecutor.java:81)
	at com.kms.katalon.core.main.TestCaseMain.startTestSuite(TestCaseMain.java:142)
	at com.kms.katalon.core.main.TestCaseMain$startTestSuite$0.call(Unknown Source)
	at org.codehaus.groovy.runtime.callsite.CallSiteArray.defaultCall(CallSiteArray.java:48)
	at org.codehaus.groovy.runtime.callsite.AbstractCallSite.call(AbstractCallSite.java:113)
	at org.codehaus.groovy.runtime.callsite.AbstractCallSite.call(AbstractCallSite.java:141)
	at TempTestSuite1543076525234.run(TempTestSuite1543076525234.groovy:36)
	at groovy.lang.GroovyShell.runScriptOrMainOrTestOrRunnable(GroovyShell.java:263)
	at groovy.lang.GroovyShell.run(GroovyShell.java:518)
	at groovy.lang.GroovyShell.run(GroovyShell.java:507)
	at groovy.ui.GroovyMain.processOnce(GroovyMain.java:653)
	at groovy.ui.GroovyMain.run(GroovyMain.java:384)
	at groovy.ui.GroovyMain.process(GroovyMain.java:370)
	at groovy.ui.GroovyMain.processArgs(GroovyMain.java:129)
	at groovy.ui.GroovyMain.main(GroovyMain.java:109)
	at sun.reflect.NativeMethodAccessorImpl.invoke0(Native Method)
	at sun.reflect.NativeMethodAccessorImpl.invoke(NativeMethodAccessorImpl.java:62)
	at sun.reflect.DelegatingMethodAccessorImpl.invoke(DelegatingMethodAccessorImpl.java:43)
	at java.lang.reflect.Method.invoke(Method.java:498)
	at org.codehaus.groovy.tools.GroovyStarter.rootLoader(GroovyStarter.java:109)
	at org.codehaus.groovy.tools.GroovyStarter.main(GroovyStarter.java:131)
)"/>
         <system-out><![CDATA[2018-11-25 04:58:28 - [TEST_CASE][FAILED] - Test Cases/Final Aug 2018 - PKS Automation/Registration Module/Workflow/Form 3 EIS - Cessation As Employer/PKRBO to UO (Under enforcement): Test Cases/Final Aug 2018 - PKS Automation/Registration Module/Workflow/Form 3 EIS - Cessation As Employer/PKRBO to UO (Under enforcement) FAILED because (of) (Stack trace: com.kms.katalon.core.exception.StepFailedException: Unable to click on object 'Object Repository/Final Object Repo/Landing Page/Select to English' (Root cause: com.kms.katalon.core.webui.exception.WebElementNotFoundException: Web element with id: 'Object Repository/Final Object Repo/Landing Page/Select to English' located by 'By.xpath: //a[@class = 'taglib-language-list-text' and @lang = 'en-US' and (contains(text(), 'EN') or contains(., 'EN'))]' not found)
	at com.kms.katalon.core.keyword.internal.KeywordMain.stepFailed(KeywordMain.groovy:32)
	at com.kms.katalon.core.webui.keyword.internal.WebUIKeywordMain.stepFailed(WebUIKeywordMain.groovy:65)
	at com.kms.katalon.core.webui.keyword.internal.WebUIKeywordMain.runKeyword(WebUIKeywordMain.groovy:27)
	at com.kms.katalon.core.webui.keyword.builtin.ClickKeyword.click(ClickKeyword.groovy:86)
	at com.kms.katalon.core.webui.keyword.builtin.ClickKeyword.execute(ClickKeyword.groovy:67)
	at com.kms.katalon.core.keyword.internal.KeywordExecutor.executeKeywordForPlatform(KeywordExecutor.groovy:53)
	at com.kms.katalon.core.webui.keyword.WebUiBuiltInKeywords.click(WebUiBuiltInKeywords.groovy:604)
	at com.kms.katalon.core.webui.keyword.WebUiBuiltInKeywords$click$9.call(Unknown Source)
	at Script1534407542420.run(Script1534407542420.groovy:57)
	at com.kms.katalon.core.main.ScriptEngine.run(ScriptEngine.java:183)
	at com.kms.katalon.core.main.ScriptEngine.runScriptAsRawText(ScriptEngine.java:108)
	at com.kms.katalon.core.main.TestCaseExecutor.runScript(TestCaseExecutor.java:294)
	at com.kms.katalon.core.main.TestCaseExecutor.doExecute(TestCaseExecutor.java:285)
	at com.kms.katalon.core.main.TestCaseExecutor.processExecutionPhase(TestCaseExecutor.java:264)
	at com.kms.katalon.core.main.TestCaseExecutor.accessMainPhase(TestCaseExecutor.java:256)
	at com.kms.katalon.core.main.TestCaseExecutor.execute(TestCaseExecutor.java:200)
	at com.kms.katalon.core.main.TestCaseMain.runTestCase(TestCaseMain.java:99)
	at com.kms.katalon.core.keyword.builtin.CallTestCaseKeyword$_callTestCase_closure1.doCall(CallTestCaseKeyword.groovy:60)
	at com.kms.katalon.core.keyword.builtin.CallTestCaseKeyword$_callTestCase_closure1.call(CallTestCaseKeyword.groovy)
	at com.kms.katalon.core.keyword.internal.KeywordMain.runKeyword(KeywordMain.groovy:54)
	at com.kms.katalon.core.keyword.builtin.CallTestCaseKeyword.callTestCase(CallTestCaseKeyword.groovy:81)
	at com.kms.katalon.core.keyword.builtin.CallTestCaseKeyword.execute(CallTestCaseKeyword.groovy:45)
	at com.kms.katalon.core.keyword.internal.KeywordExecutor.executeKeywordForPlatform(KeywordExecutor.groovy:53)
	at com.kms.katalon.core.keyword.BuiltinKeywords.callTestCase(BuiltinKeywords.groovy:334)
	at sun.reflect.GeneratedMethodAccessor15.invoke(Unknown Source)
	at sun.reflect.DelegatingMethodAccessorImpl.invoke(DelegatingMethodAccessorImpl.java:43)
	at java.lang.reflect.Method.invoke(Method.java:498)
	at org.codehaus.groovy.reflection.CachedMethod.invoke(CachedMethod.java:93)
	at groovy.lang.MetaMethod.doMethodInvoke(MetaMethod.java:325)
	at groovy.lang.MetaClassImpl.invokeStaticMethod(MetaClassImpl.java:1469)
	at org.codehaus.groovy.runtime.callsite.StaticMetaClassSite.call(StaticMetaClassSite.java:53)
	at org.codehaus.groovy.runtime.callsite.AbstractCallSite.call(AbstractCallSite.java:141)
	at Script1536113546450.run(Script1536113546450.groovy:34)
	at com.kms.katalon.core.main.ScriptEngine.run(ScriptEngine.java:183)
	at com.kms.katalon.core.main.ScriptEngine.runScriptAsRawText(ScriptEngine.java:108)
	at com.kms.katalon.core.main.TestCaseExecutor.runScript(TestCaseExecutor.java:294)
	at com.kms.katalon.core.main.TestCaseExecutor.doExecute(TestCaseExecutor.java:285)
	at com.kms.katalon.core.main.TestCaseExecutor.processExecutionPhase(TestCaseExecutor.java:264)
	at com.kms.katalon.core.main.TestCaseExecutor.accessMainPhase(TestCaseExecutor.java:256)
	at com.kms.katalon.core.main.TestCaseExecutor.execute(TestCaseExecutor.java:200)
	at com.kms.katalon.core.main.TestCaseMain.runTestCase(TestCaseMain.java:99)
	at com.kms.katalon.core.keyword.builtin.CallTestCaseKeyword$_callTestCase_closure1.doCall(CallTestCaseKeyword.groovy:60)
	at com.kms.katalon.core.keyword.builtin.CallTestCaseKeyword$_callTestCase_closure1.call(CallTestCaseKeyword.groovy)
	at com.kms.katalon.core.keyword.internal.KeywordMain.runKeyword(KeywordMain.groovy:54)
	at com.kms.katalon.core.keyword.builtin.CallTestCaseKeyword.callTestCase(CallTestCaseKeyword.groovy:81)
	at com.kms.katalon.core.keyword.builtin.CallTestCaseKeyword.execute(CallTestCaseKeyword.groovy:45)
	at com.kms.katalon.core.keyword.internal.KeywordExecutor.executeKeywordForPlatform(KeywordExecutor.groovy:53)
	at com.kms.katalon.core.keyword.BuiltinKeywords.callTestCase(BuiltinKeywords.groovy:334)
	at sun.reflect.GeneratedMethodAccessor15.invoke(Unknown Source)
	at sun.reflect.DelegatingMethodAccessorImpl.invoke(DelegatingMethodAccessorImpl.java:43)
	at java.lang.reflect.Method.invoke(Method.java:498)
	at org.codehaus.groovy.reflection.CachedMethod.invoke(CachedMethod.java:93)
	at groovy.lang.MetaMethod.doMethodInvoke(MetaMethod.java:325)
	at groovy.lang.MetaClassImpl.invokeStaticMethod(MetaClassImpl.java:1469)
	at org.codehaus.groovy.runtime.callsite.StaticMetaClassSite.call(StaticMetaClassSite.java:53)
	at org.codehaus.groovy.runtime.callsite.CallSiteArray.defaultCall(CallSiteArray.java:48)
	at org.codehaus.groovy.runtime.callsite.AbstractCallSite.call(AbstractCallSite.java:113)
	at org.codehaus.groovy.runtime.callsite.AbstractCallSite.call(AbstractCallSite.java:141)
	at Script1536204639269.run(Script1536204639269.groovy:25)
	at com.kms.katalon.core.main.ScriptEngine.run(ScriptEngine.java:183)
	at com.kms.katalon.core.main.ScriptEngine.runScriptAsRawText(ScriptEngine.java:108)
	at com.kms.katalon.core.main.TestCaseExecutor.runScript(TestCaseExecutor.java:294)
	at com.kms.katalon.core.main.TestCaseExecutor.doExecute(TestCaseExecutor.java:285)
	at com.kms.katalon.core.main.TestCaseExecutor.processExecutionPhase(TestCaseExecutor.java:264)
	at com.kms.katalon.core.main.TestCaseExecutor.accessMainPhase(TestCaseExecutor.java:256)
	at com.kms.katalon.core.main.TestCaseExecutor.execute(TestCaseExecutor.java:200)
	at com.kms.katalon.core.main.TestSuiteExecutor.accessTestCaseMainPhase(TestSuiteExecutor.java:129)
	at com.kms.katalon.core.main.TestSuiteExecutor.accessTestSuiteMainPhase(TestSuiteExecutor.java:112)
	at com.kms.katalon.core.main.TestSuiteExecutor.execute(TestSuiteExecutor.java:81)
	at com.kms.katalon.core.main.TestCaseMain.startTestSuite(TestCaseMain.java:142)
	at com.kms.katalon.core.main.TestCaseMain$startTestSuite$0.call(Unknown Source)
	at org.codehaus.groovy.runtime.callsite.CallSiteArray.defaultCall(CallSiteArray.java:48)
	at org.codehaus.groovy.runtime.callsite.AbstractCallSite.call(AbstractCallSite.java:113)
	at org.codehaus.groovy.runtime.callsite.AbstractCallSite.call(AbstractCallSite.java:141)
	at TempTestSuite1543076525234.run(TempTestSuite1543076525234.groovy:36)
	at groovy.lang.GroovyShell.runScriptOrMainOrTestOrRunnable(GroovyShell.java:263)
	at groovy.lang.GroovyShell.run(GroovyShell.java:518)
	at groovy.lang.GroovyShell.run(GroovyShell.java:507)
	at groovy.ui.GroovyMain.processOnce(GroovyMain.java:653)
	at groovy.ui.GroovyMain.run(GroovyMain.java:384)
	at groovy.ui.GroovyMain.process(GroovyMain.java:370)
	at groovy.ui.GroovyMain.processArgs(GroovyMain.java:129)
	at groovy.ui.GroovyMain.main(GroovyMain.java:109)
	at sun.reflect.NativeMethodAccessorImpl.invoke0(Native Method)
	at sun.reflect.NativeMethodAccessorImpl.invoke(NativeMethodAccessorImpl.java:62)
	at sun.reflect.DelegatingMethodAccessorImpl.invoke(DelegatingMethodAccessorImpl.java:43)
	at java.lang.reflect.Method.invoke(Method.java:498)
	at org.codehaus.groovy.tools.GroovyStarter.rootLoader(GroovyStarter.java:109)
	at org.codehaus.groovy.tools.GroovyStarter.main(GroovyStarter.java:131)
)

2018-11-25 04:58:28 - [TEST_STEP][PASSED] - callTestCase: Call Test Case 'Test Cases/Final Aug 2018 - PKS Automation/Registration Module/Workflow/Form 3 EIS - Cessation As Employer/Template/Form 3 A - Cessation As Employer (PKRBO)' successfully

2018-11-25 04:58:28 - [TEST_CASE][PASSED] - Test Cases/Final Aug 2018 - PKS Automation/Registration Module/Workflow/Form 3 EIS - Cessation As Employer/Template/Form 3 A - Cessation As Employer (PKRBO): Test Cases/Final Aug 2018 - PKS Automation/Registration Module/Workflow/Form 3 EIS - Cessation As Employer/Template/Form 3 A - Cessation As Employer (PKRBO)

2018-11-25 04:58:28 - [TEST_STEP][PASSED] - openBrowser: Browser is opened with url: ''

2018-11-25 04:58:28 - [MESSAGE][WARNING] - A browser is already opened. Closing browser and opening a new one

2018-11-25 04:58:32 - [MESSAGE][PASSED] - Browser is opened with url: ''

2018-11-25 04:58:32 - [TEST_STEP][PASSED] - navigateToUrl: Navigate to 'https://assist2-uat.perkeso.gov.my/login' successfully

2018-11-25 04:58:33 - [MESSAGE][PASSED] - Navigate to 'https://assist2-uat.perkeso.gov.my/login' successfully

2018-11-25 04:58:33 - [TEST_STEP][PASSED] - setText: Text 'johorpkrbo1@gmail.com' is set on object 'Object Repository/Final Object Repo/Login Page/Internal User/Email Address'

2018-11-25 04:58:34 - [MESSAGE][PASSED] - Text 'johorpkrbo1@gmail.com' is set on object 'Object Repository/Final Object Repo/Login Page/Internal User/Email Address'

2018-11-25 04:58:34 - [TEST_STEP][PASSED] - click: Object: 'Object Repository/Final Object Repo/Login Page/Internal User/Next Button' is clicked on

2018-11-25 04:58:34 - [MESSAGE][PASSED] - Object: 'Object Repository/Final Object Repo/Login Page/Internal User/Next Button' is clicked on

2018-11-25 04:58:34 - [TEST_STEP][PASSED] - delay: Delayed 1 second(s)

2018-11-25 04:58:35 - [MESSAGE][PASSED] - Delayed 1 second(s)

2018-11-25 04:58:35 - [TEST_STEP][PASSED] - setEncryptedText: Text ****** has been set on object 'Object Repository/Final Object Repo/Login Page/Internal User/Password'

2018-11-25 04:58:35 - [MESSAGE][PASSED] - Text ****** has been set on object 'Object Repository/Final Object Repo/Login Page/Internal User/Password'

2018-11-25 04:58:35 - [TEST_STEP][PASSED] - click: Object: 'Object Repository/Final Object Repo/Login Page/Internal User/Login Button' is clicked on

2018-11-25 04:58:35 - [MESSAGE][PASSED] - Object: 'Object Repository/Final Object Repo/Login Page/Internal User/Login Button' is clicked on

2018-11-25 04:58:35 - [TEST_STEP][PASSED] - delay: Delayed 1 second(s)

2018-11-25 04:58:36 - [MESSAGE][PASSED] - Delayed 1 second(s)

2018-11-25 04:58:36 - [TEST_STEP][PASSED] - Statement - Try: Delayed 2 second(s)

2018-11-25 04:58:36 - [TEST_STEP][PASSED] - Statement - Checker = false: null

2018-11-25 04:58:36 - [TEST_STEP][PASSED] - Statement - Checker = com.kms.katalon.core.webui.keyword.WebUiBuiltInKeywords.verifyElementHasAttribute(com.kms.katalon.core.testobject.ObjectRepository.findTestObject(Final Object Repo/Landing Page/BM Detecting), "href", 20, OPTIONAL): Object 'Object Repository/Final Object Repo/Landing Page/BM Detecting' has attribute 'href'

2018-11-25 04:58:37 - [MESSAGE][PASSED] - Object 'Object Repository/Final Object Repo/Landing Page/BM Detecting' has attribute 'href'

2018-11-25 04:58:37 - [TEST_STEP][PASSED] - Statement - out.println(Checker): null

2018-11-25 04:58:37 - [TEST_STEP][PASSED] - Statement - If (Checker == false): null

2018-11-25 04:58:37 - [TEST_STEP][PASSED] - Statement - Else: null

2018-11-25 04:58:37 - [TEST_STEP][PASSED] - delay: Delayed 2 second(s)

2018-11-25 04:58:39 - [MESSAGE][PASSED] - Delayed 2 second(s)

2018-11-25 04:58:39 - [TEST_STEP][PASSED] - navigateToUrl: Navigate to 'https://assist2-uat.perkeso.gov.my/web/registration/eis-update/form-3-eis-cessation-as-employer' successfully

2018-11-25 04:58:40 - [MESSAGE][PASSED] - Navigate to 'https://assist2-uat.perkeso.gov.my/web/registration/eis-update/form-3-eis-cessation-as-employer' successfully

2018-11-25 04:58:40 - [TEST_STEP][PASSED] - delay: Delayed 1 second(s)

2018-11-25 04:58:41 - [MESSAGE][PASSED] - Delayed 1 second(s)

2018-11-25 04:58:41 - [TEST_STEP][PASSED] - setText: Text 'E1102069769W' is set on object 'Object Repository/Final Object Repo/Page_Form 3 EIS - Cessation as Employer/Employer Code'

2018-11-25 04:58:42 - [MESSAGE][PASSED] - Text 'E1102069769W' is set on object 'Object Repository/Final Object Repo/Page_Form 3 EIS - Cessation as Employer/Employer Code'

2018-11-25 04:58:42 - [TEST_STEP][PASSED] - click: Object: 'Object Repository/Final Object Repo/Page_Form 3 EIS - Cessation as Employer/Search' is clicked on

2018-11-25 04:58:42 - [MESSAGE][PASSED] - Object: 'Object Repository/Final Object Repo/Page_Form 3 EIS - Cessation as Employer/Search' is clicked on

2018-11-25 04:58:42 - [TEST_STEP][PASSED] - click: Object: 'Object Repository/Final Object Repo/Page_Form 3 EIS - Cessation as Employer/Edit' is clicked on

2018-11-25 04:58:44 - [MESSAGE][PASSED] - Object: 'Object Repository/Final Object Repo/Page_Form 3 EIS - Cessation as Employer/Edit' is clicked on

2018-11-25 04:58:44 - [TEST_STEP][PASSED] - delay: Delayed 1 second(s)

2018-11-25 04:58:45 - [MESSAGE][PASSED] - Delayed 1 second(s)

2018-11-25 04:58:45 - [TEST_STEP][PASSED] - Statement - abc = com.kms.katalon.core.webui.keyword.WebUiBuiltInKeywords.getAttribute(com.kms.katalon.core.testobject.ObjectRepository.findTestObject(Final Object Repo/Page_Form 3 EIS - Cessation as Employer/Employer Status), "value"): Attribute 'value' of object 'Object Repository/Final Object Repo/Page_Form 3 EIS - Cessation as Employer/Employer Status' is: 'Active'

2018-11-25 04:58:45 - [MESSAGE][PASSED] - Attribute 'value' of object 'Object Repository/Final Object Repo/Page_Form 3 EIS - Cessation as Employer/Employer Status' is: 'Active'

2018-11-25 04:58:45 - [TEST_STEP][PASSED] - Statement - out.println(abc): null

2018-11-25 04:58:45 - [TEST_STEP][PASSED] - Statement - If (abc == "Active"): Object: 'Object Repository/Final Object Repo/Page_Form 3 EIS - Cessation as Employer/Dormant EIS' is clicked on

2018-11-25 04:58:45 - [TEST_STEP][PASSED] - click: Object: 'Object Repository/Final Object Repo/Page_Form 3 EIS - Cessation as Employer/Change Employer Status to' is clicked on

2018-11-25 04:58:45 - [MESSAGE][PASSED] - Object: 'Object Repository/Final Object Repo/Page_Form 3 EIS - Cessation as Employer/Change Employer Status to' is clicked on

2018-11-25 04:58:45 - [TEST_STEP][PASSED] - click: Object: 'Object Repository/Final Object Repo/Page_Form 3 EIS - Cessation as Employer/Dormant EIS' is clicked on

2018-11-25 04:58:45 - [MESSAGE][PASSED] - Object: 'Object Repository/Final Object Repo/Page_Form 3 EIS - Cessation as Employer/Dormant EIS' is clicked on

2018-11-25 04:58:45 - [TEST_STEP][PASSED] - click: Object: 'Object Repository/Final Object Repo/Page_Form 3 EIS - Cessation as Employer/Calender' is clicked on

2018-11-25 04:58:46 - [MESSAGE][PASSED] - Object: 'Object Repository/Final Object Repo/Page_Form 3 EIS - Cessation as Employer/Calender' is clicked on

2018-11-25 04:58:46 - [TEST_STEP][PASSED] - delay: Delayed 1 second(s)

2018-11-25 04:58:47 - [MESSAGE][PASSED] - Delayed 1 second(s)

2018-11-25 04:58:47 - [TEST_STEP][PASSED] - click: Object: 'Object Repository/Final Object Repo/Page_Form 3 EIS - Cessation as Employer/Calender - Date' is clicked on

2018-11-25 04:58:47 - [MESSAGE][PASSED] - Object: 'Object Repository/Final Object Repo/Page_Form 3 EIS - Cessation as Employer/Calender - Date' is clicked on

2018-11-25 04:58:47 - [TEST_STEP][PASSED] - click: Object: 'Object Repository/Final Object Repo/Page_Form 3 EIS - Cessation as Employer/Save  Continue in Form 3 EIS Page' is clicked on

2018-11-25 04:58:47 - [MESSAGE][PASSED] - Object: 'Object Repository/Final Object Repo/Page_Form 3 EIS - Cessation as Employer/Save  Continue in Form 3 EIS Page' is clicked on

2018-11-25 04:58:47 - [TEST_STEP][PASSED] - delay: Delayed 1 second(s)

2018-11-25 04:58:48 - [MESSAGE][PASSED] - Delayed 1 second(s)

2018-11-25 04:58:48 - [TEST_STEP][PASSED] - click: Object: 'Object Repository/Final Object Repo/Page_Form 3 EIS - Cessation as Employer/Employment Resign Date' is clicked on

2018-11-25 04:58:49 - [MESSAGE][PASSED] - Object: 'Object Repository/Final Object Repo/Page_Form 3 EIS - Cessation as Employer/Employment Resign Date' is clicked on

2018-11-25 04:58:49 - [TEST_STEP][PASSED] - selectOptionByValue: All options with value '2018' are selected in object 'Object Repository/Final Object Repo/Page_Form 3 EIS - Cessation as Employer/Employment Resign Date - Year' 

2018-11-25 04:58:49 - [MESSAGE][PASSED] - All options with value '2018' are selected in object 'Object Repository/Final Object Repo/Page_Form 3 EIS - Cessation as Employer/Employment Resign Date - Year' 

2018-11-25 04:58:49 - [TEST_STEP][PASSED] - delay: Delayed 2 second(s)

2018-11-25 04:58:51 - [MESSAGE][PASSED] - Delayed 2 second(s)

2018-11-25 04:58:51 - [TEST_STEP][PASSED] - click: Object: 'Object Repository/Final Object Repo/Page_Form 3 EIS - Cessation as Employer/Employment Resign Date - Year - Date' is clicked on

2018-11-25 04:58:51 - [MESSAGE][PASSED] - Object: 'Object Repository/Final Object Repo/Page_Form 3 EIS - Cessation as Employer/Employment Resign Date - Year - Date' is clicked on

2018-11-25 04:58:51 - [TEST_STEP][PASSED] - delay: Delayed 2 second(s)

2018-11-25 04:58:53 - [MESSAGE][PASSED] - Delayed 2 second(s)

2018-11-25 04:58:53 - [TEST_STEP][PASSED] - click: Object: 'Object Repository/Final Object Repo/Page_Form 3 EIS - Cessation as Employer/Save  Continue in Employment Resign Page' is clicked on

2018-11-25 04:58:53 - [MESSAGE][PASSED] - Object: 'Object Repository/Final Object Repo/Page_Form 3 EIS - Cessation as Employer/Save  Continue in Employment Resign Page' is clicked on

2018-11-25 04:58:53 - [TEST_STEP][PASSED] - delay: Delayed 2 second(s)

2018-11-25 04:58:55 - [MESSAGE][PASSED] - Delayed 2 second(s)

2018-11-25 04:58:55 - [TEST_STEP][PASSED] - click: Object: 'Object Repository/Final Object Repo/Page_Form 3 EIS - Cessation as Employer/Add Document' is clicked on

2018-11-25 04:58:56 - [MESSAGE][PASSED] - Object: 'Object Repository/Final Object Repo/Page_Form 3 EIS - Cessation as Employer/Add Document' is clicked on

2018-11-25 04:58:56 - [TEST_STEP][PASSED] - delay: Delayed 3 second(s)

2018-11-25 04:58:59 - [MESSAGE][PASSED] - Delayed 3 second(s)

2018-11-25 04:58:59 - [TEST_STEP][PASSED] - click: Object: 'Object Repository/Final Object Repo/Page_Form 3 EIS - Cessation as Employer/Document Type' is clicked on

2018-11-25 04:59:00 - [MESSAGE][PASSED] - Object: 'Object Repository/Final Object Repo/Page_Form 3 EIS - Cessation as Employer/Document Type' is clicked on

2018-11-25 04:59:00 - [TEST_STEP][PASSED] - click: Object: 'Object Repository/Final Object Repo/Page_Form 3 EIS - Cessation as Employer/Document Type - Form 3' is clicked on

2018-11-25 04:59:00 - [MESSAGE][PASSED] - Object: 'Object Repository/Final Object Repo/Page_Form 3 EIS - Cessation as Employer/Document Type - Form 3' is clicked on

2018-11-25 04:59:00 - [TEST_STEP][PASSED] - delay: Delayed 2 second(s)

2018-11-25 04:59:02 - [MESSAGE][PASSED] - Delayed 2 second(s)

2018-11-25 04:59:02 - [TEST_STEP][PASSED] - sendKeys: Keys 'C:\Users\Public\Pictures\Sample Pictures\Koala.jpg' sent to object: 'Object Repository/Final Object Repo/Page_Form 3 EIS - Cessation as Employer/ploading File'

2018-11-25 04:59:02 - [MESSAGE][PASSED] - Keys 'C:\Users\Public\Pictures\Sample Pictures\Koala.jpg' sent to object: 'Object Repository/Final Object Repo/Page_Form 3 EIS - Cessation as Employer/ploading File'

2018-11-25 04:59:02 - [TEST_STEP][PASSED] - delay: Delayed 1 second(s)

2018-11-25 04:59:03 - [MESSAGE][PASSED] - Delayed 1 second(s)

2018-11-25 04:59:03 - [TEST_STEP][PASSED] - click: Object: 'Object Repository/Final Object Repo/Page_Form 3 EIS - Cessation as Employer/Add Document in Uploading Page' is clicked on

2018-11-25 04:59:03 - [MESSAGE][PASSED] - Object: 'Object Repository/Final Object Repo/Page_Form 3 EIS - Cessation as Employer/Add Document in Uploading Page' is clicked on

2018-11-25 04:59:03 - [TEST_STEP][PASSED] - delay: Delayed 2 second(s)

2018-11-25 04:59:05 - [MESSAGE][PASSED] - Delayed 2 second(s)

2018-11-25 04:59:05 - [TEST_STEP][PASSED] - Statement - CaseReferenceNo = com.kms.katalon.core.webui.keyword.WebUiBuiltInKeywords.getText(com.kms.katalon.core.testobject.ObjectRepository.findTestObject(Final Object Repo/Page_Update Employer Information/Reference Number in Update Employee Information Page)): Text of object 'Object Repository/Final Object Repo/Page_Update Employer Information/Reference Number in Update Employee Information Page' is: 'ERN112018C200002287'

2018-11-25 04:59:07 - [MESSAGE][PASSED] - Text of object 'Object Repository/Final Object Repo/Page_Update Employer Information/Reference Number in Update Employee Information Page' is: 'ERN112018C200002287'

2018-11-25 04:59:07 - [TEST_STEP][PASSED] - callTestCase: Call Test Case 'Test Cases/Final Aug 2018 - PKS Automation/Common/Reference Number Setter' successfully

2018-11-25 04:59:07 - [TEST_CASE][PASSED] - Test Cases/Final Aug 2018 - PKS Automation/Common/Reference Number Setter: Test Cases/Final Aug 2018 - PKS Automation/Common/Reference Number Setter

2018-11-25 04:59:07 - [TEST_STEP][PASSED] - Statement - RefNoOldFile = new java.io.File(C://Users//Admin//Desktop//PKS//Automation Reference Point//KatalonReference.txt): null

2018-11-25 04:59:07 - [TEST_STEP][PASSED] - Statement - RefNoOldFile.delete(): null

2018-11-25 04:59:07 - [TEST_STEP][PASSED] - delay: Delayed 5 second(s)

2018-11-25 04:59:12 - [MESSAGE][PASSED] - Delayed 5 second(s)

2018-11-25 04:59:12 - [TEST_STEP][PASSED] - Statement - RefNo = new java.io.File(C://Users//Admin//Desktop//PKS//Automation Reference Point//KatalonReference.txt): null

2018-11-25 04:59:12 - [TEST_STEP][PASSED] - Statement - f2 = new java.io.FileWriter(RefNo, false): null

2018-11-25 04:59:12 - [TEST_STEP][PASSED] - Statement - f2.write(CaseReferenceNo): null

2018-11-25 04:59:12 - [TEST_STEP][PASSED] - Statement - f2.close(): null

2018-11-25 04:59:12 - [TEST_STEP][PASSED] - Statement - out.println("


" + CaseReferenceNo + "


"): null

2018-11-25 04:59:12 - [MESSAGE][PASSED] - Call Test Case 'Test Cases/Final Aug 2018 - PKS Automation/Common/Reference Number Setter' successfully

2018-11-25 04:59:12 - [TEST_STEP][PASSED] - delay: Delayed 2 second(s)

2018-11-25 04:59:14 - [MESSAGE][PASSED] - Delayed 2 second(s)

2018-11-25 04:59:14 - [TEST_STEP][PASSED] - click: Object: 'Object Repository/Final Object Repo/Page_Form 3 EIS - Cessation as Employer/Save  Continue in Uploading Page' is clicked on

2018-11-25 04:59:14 - [MESSAGE][PASSED] - Object: 'Object Repository/Final Object Repo/Page_Form 3 EIS - Cessation as Employer/Save  Continue in Uploading Page' is clicked on

2018-11-25 04:59:14 - [TEST_STEP][PASSED] - delay: Delayed 2 second(s)

2018-11-25 04:59:16 - [MESSAGE][PASSED] - Delayed 2 second(s)

2018-11-25 04:59:16 - [TEST_STEP][PASSED] - click: Object: 'Object Repository/Final Object Repo/Page_Form 3 EIS - Cessation as Employer/Submit' is clicked on

2018-11-25 04:59:19 - [MESSAGE][PASSED] - Object: 'Object Repository/Final Object Repo/Page_Form 3 EIS - Cessation as Employer/Submit' is clicked on

2018-11-25 04:59:19 - [TEST_STEP][PASSED] - delay: Delayed 2 second(s)

2018-11-25 04:59:21 - [MESSAGE][PASSED] - Delayed 2 second(s)

2018-11-25 04:59:21 - [TEST_STEP][PASSED] - click: Object: 'Object Repository/Final Object Repo/Page_Form 3 EIS - Cessation as Employer/Confirm' is clicked on

2018-11-25 04:59:21 - [MESSAGE][PASSED] - Object: 'Object Repository/Final Object Repo/Page_Form 3 EIS - Cessation as Employer/Confirm' is clicked on

2018-11-25 04:59:21 - [TEST_STEP][PASSED] - delay: Delayed 2 second(s)

2018-11-25 04:59:23 - [MESSAGE][PASSED] - Delayed 2 second(s)

2018-11-25 04:59:23 - [TEST_STEP][PASSED] - click: Object: 'Object Repository/Final Object Repo/Page_Form 3 EIS - Cessation as Employer/Message Your Request will be routed to UO' is clicked on

2018-11-25 04:59:27 - [MESSAGE][PASSED] - Object: 'Object Repository/Final Object Repo/Page_Form 3 EIS - Cessation as Employer/Message Your Request will be routed to UO' is clicked on

2018-11-25 04:59:27 - [TEST_STEP][PASSED] - click: Object: 'Object Repository/Final Object Repo/Page_Form 3 EIS - Cessation as Employer/Letter of acknowledgement' is clicked on

2018-11-25 04:59:27 - [MESSAGE][PASSED] - Object: 'Object Repository/Final Object Repo/Page_Form 3 EIS - Cessation as Employer/Letter of acknowledgement' is clicked on

2018-11-25 04:59:27 - [MESSAGE][PASSED] - Call Test Case 'Test Cases/Final Aug 2018 - PKS Automation/Registration Module/Workflow/Form 3 EIS - Cessation As Employer/Template/Form 3 A - Cessation As Employer (PKRBO)' successfully

2018-11-25 04:59:27 - [TEST_STEP][FAILED] - callTestCase: Unable to call Test Case with id 'Test Cases/Final Aug 2018 - PKS Automation/Registration Module/Workflow/Form 3 EIS - Cessation As Employer/Template/Form 3 A - Cessation As Employer (Under enforcement)' (Root cause: Call Test Case 'Test Cases/Final Aug 2018 - PKS Automation/Registration Module/Workflow/Form 3 EIS - Cessation As Employer/Template/Form 3 A - Cessation As Employer (Under enforcement)' failed)

2018-11-25 04:59:28 - [TEST_CASE][FAILED] - Test Cases/Final Aug 2018 - PKS Automation/Registration Module/Workflow/Form 3 EIS - Cessation As Employer/Template/Form 3 A - Cessation As Employer (Under enforcement): Test Cases/Final Aug 2018 - PKS Automation/Registration Module/Workflow/Form 3 EIS - Cessation As Employer/Template/Form 3 A - Cessation As Employer (Under enforcement) FAILED because (of) (Stack trace: com.kms.katalon.core.exception.StepFailedException: Unable to click on object 'Object Repository/Final Object Repo/Landing Page/Select to English' (Root cause: com.kms.katalon.core.webui.exception.WebElementNotFoundException: Web element with id: 'Object Repository/Final Object Repo/Landing Page/Select to English' located by 'By.xpath: //a[@class = 'taglib-language-list-text' and @lang = 'en-US' and (contains(text(), 'EN') or contains(., 'EN'))]' not found)
	at com.kms.katalon.core.keyword.internal.KeywordMain.stepFailed(KeywordMain.groovy:32)
	at com.kms.katalon.core.webui.keyword.internal.WebUIKeywordMain.stepFailed(WebUIKeywordMain.groovy:65)
	at com.kms.katalon.core.webui.keyword.internal.WebUIKeywordMain.runKeyword(WebUIKeywordMain.groovy:27)
	at com.kms.katalon.core.webui.keyword.builtin.ClickKeyword.click(ClickKeyword.groovy:86)
	at com.kms.katalon.core.webui.keyword.builtin.ClickKeyword.execute(ClickKeyword.groovy:67)
	at com.kms.katalon.core.keyword.internal.KeywordExecutor.executeKeywordForPlatform(KeywordExecutor.groovy:53)
	at com.kms.katalon.core.webui.keyword.WebUiBuiltInKeywords.click(WebUiBuiltInKeywords.groovy:604)
	at com.kms.katalon.core.webui.keyword.WebUiBuiltInKeywords$click$9.call(Unknown Source)
	at Script1534407542420.run(Script1534407542420.groovy:57)
	at com.kms.katalon.core.main.ScriptEngine.run(ScriptEngine.java:183)
	at com.kms.katalon.core.main.ScriptEngine.runScriptAsRawText(ScriptEngine.java:108)
	at com.kms.katalon.core.main.TestCaseExecutor.runScript(TestCaseExecutor.java:294)
	at com.kms.katalon.core.main.TestCaseExecutor.doExecute(TestCaseExecutor.java:285)
	at com.kms.katalon.core.main.TestCaseExecutor.processExecutionPhase(TestCaseExecutor.java:264)
	at com.kms.katalon.core.main.TestCaseExecutor.accessMainPhase(TestCaseExecutor.java:256)
	at com.kms.katalon.core.main.TestCaseExecutor.execute(TestCaseExecutor.java:200)
	at com.kms.katalon.core.main.TestCaseMain.runTestCase(TestCaseMain.java:99)
	at com.kms.katalon.core.keyword.builtin.CallTestCaseKeyword$_callTestCase_closure1.doCall(CallTestCaseKeyword.groovy:60)
	at com.kms.katalon.core.keyword.builtin.CallTestCaseKeyword$_callTestCase_closure1.call(CallTestCaseKeyword.groovy)
	at com.kms.katalon.core.keyword.internal.KeywordMain.runKeyword(KeywordMain.groovy:54)
	at com.kms.katalon.core.keyword.builtin.CallTestCaseKeyword.callTestCase(CallTestCaseKeyword.groovy:81)
	at com.kms.katalon.core.keyword.builtin.CallTestCaseKeyword.execute(CallTestCaseKeyword.groovy:45)
	at com.kms.katalon.core.keyword.internal.KeywordExecutor.executeKeywordForPlatform(KeywordExecutor.groovy:53)
	at com.kms.katalon.core.keyword.BuiltinKeywords.callTestCase(BuiltinKeywords.groovy:334)
	at sun.reflect.GeneratedMethodAccessor15.invoke(Unknown Source)
	at sun.reflect.DelegatingMethodAccessorImpl.invoke(DelegatingMethodAccessorImpl.java:43)
	at java.lang.reflect.Method.invoke(Method.java:498)
	at org.codehaus.groovy.reflection.CachedMethod.invoke(CachedMethod.java:93)
	at groovy.lang.MetaMethod.doMethodInvoke(MetaMethod.java:325)
	at groovy.lang.MetaClassImpl.invokeStaticMethod(MetaClassImpl.java:1469)
	at org.codehaus.groovy.runtime.callsite.StaticMetaClassSite.call(StaticMetaClassSite.java:53)
	at org.codehaus.groovy.runtime.callsite.AbstractCallSite.call(AbstractCallSite.java:141)
	at Script1536113546450.run(Script1536113546450.groovy:34)
	at com.kms.katalon.core.main.ScriptEngine.run(ScriptEngine.java:183)
	at com.kms.katalon.core.main.ScriptEngine.runScriptAsRawText(ScriptEngine.java:108)
	at com.kms.katalon.core.main.TestCaseExecutor.runScript(TestCaseExecutor.java:294)
	at com.kms.katalon.core.main.TestCaseExecutor.doExecute(TestCaseExecutor.java:285)
	at com.kms.katalon.core.main.TestCaseExecutor.processExecutionPhase(TestCaseExecutor.java:264)
	at com.kms.katalon.core.main.TestCaseExecutor.accessMainPhase(TestCaseExecutor.java:256)
	at com.kms.katalon.core.main.TestCaseExecutor.execute(TestCaseExecutor.java:200)
	at com.kms.katalon.core.main.TestCaseMain.runTestCase(TestCaseMain.java:99)
	at com.kms.katalon.core.keyword.builtin.CallTestCaseKeyword$_callTestCase_closure1.doCall(CallTestCaseKeyword.groovy:60)
	at com.kms.katalon.core.keyword.builtin.CallTestCaseKeyword$_callTestCase_closure1.call(CallTestCaseKeyword.groovy)
	at com.kms.katalon.core.keyword.internal.KeywordMain.runKeyword(KeywordMain.groovy:54)
	at com.kms.katalon.core.keyword.builtin.CallTestCaseKeyword.callTestCase(CallTestCaseKeyword.groovy:81)
	at com.kms.katalon.core.keyword.builtin.CallTestCaseKeyword.execute(CallTestCaseKeyword.groovy:45)
	at com.kms.katalon.core.keyword.internal.KeywordExecutor.executeKeywordForPlatform(KeywordExecutor.groovy:53)
	at com.kms.katalon.core.keyword.BuiltinKeywords.callTestCase(BuiltinKeywords.groovy:334)
	at sun.reflect.GeneratedMethodAccessor15.invoke(Unknown Source)
	at sun.reflect.DelegatingMethodAccessorImpl.invoke(DelegatingMethodAccessorImpl.java:43)
	at java.lang.reflect.Method.invoke(Method.java:498)
	at org.codehaus.groovy.reflection.CachedMethod.invoke(CachedMethod.java:93)
	at groovy.lang.MetaMethod.doMethodInvoke(MetaMethod.java:325)
	at groovy.lang.MetaClassImpl.invokeStaticMethod(MetaClassImpl.java:1469)
	at org.codehaus.groovy.runtime.callsite.StaticMetaClassSite.call(StaticMetaClassSite.java:53)
	at org.codehaus.groovy.runtime.callsite.CallSiteArray.defaultCall(CallSiteArray.java:48)
	at org.codehaus.groovy.runtime.callsite.AbstractCallSite.call(AbstractCallSite.java:113)
	at org.codehaus.groovy.runtime.callsite.AbstractCallSite.call(AbstractCallSite.java:141)
	at Script1536204639269.run(Script1536204639269.groovy:25)
	at com.kms.katalon.core.main.ScriptEngine.run(ScriptEngine.java:183)
	at com.kms.katalon.core.main.ScriptEngine.runScriptAsRawText(ScriptEngine.java:108)
	at com.kms.katalon.core.main.TestCaseExecutor.runScript(TestCaseExecutor.java:294)
	at com.kms.katalon.core.main.TestCaseExecutor.doExecute(TestCaseExecutor.java:285)
	at com.kms.katalon.core.main.TestCaseExecutor.processExecutionPhase(TestCaseExecutor.java:264)
	at com.kms.katalon.core.main.TestCaseExecutor.accessMainPhase(TestCaseExecutor.java:256)
	at com.kms.katalon.core.main.TestCaseExecutor.execute(TestCaseExecutor.java:200)
	at com.kms.katalon.core.main.TestSuiteExecutor.accessTestCaseMainPhase(TestSuiteExecutor.java:129)
	at com.kms.katalon.core.main.TestSuiteExecutor.accessTestSuiteMainPhase(TestSuiteExecutor.java:112)
	at com.kms.katalon.core.main.TestSuiteExecutor.execute(TestSuiteExecutor.java:81)
	at com.kms.katalon.core.main.TestCaseMain.startTestSuite(TestCaseMain.java:142)
	at com.kms.katalon.core.main.TestCaseMain$startTestSuite$0.call(Unknown Source)
	at org.codehaus.groovy.runtime.callsite.CallSiteArray.defaultCall(CallSiteArray.java:48)
	at org.codehaus.groovy.runtime.callsite.AbstractCallSite.call(AbstractCallSite.java:113)
	at org.codehaus.groovy.runtime.callsite.AbstractCallSite.call(AbstractCallSite.java:141)
	at TempTestSuite1543076525234.run(TempTestSuite1543076525234.groovy:36)
	at groovy.lang.GroovyShell.runScriptOrMainOrTestOrRunnable(GroovyShell.java:263)
	at groovy.lang.GroovyShell.run(GroovyShell.java:518)
	at groovy.lang.GroovyShell.run(GroovyShell.java:507)
	at groovy.ui.GroovyMain.processOnce(GroovyMain.java:653)
	at groovy.ui.GroovyMain.run(GroovyMain.java:384)
	at groovy.ui.GroovyMain.process(GroovyMain.java:370)
	at groovy.ui.GroovyMain.processArgs(GroovyMain.java:129)
	at groovy.ui.GroovyMain.main(GroovyMain.java:109)
	at sun.reflect.NativeMethodAccessorImpl.invoke0(Native Method)
	at sun.reflect.NativeMethodAccessorImpl.invoke(NativeMethodAccessorImpl.java:62)
	at sun.reflect.DelegatingMethodAccessorImpl.invoke(DelegatingMethodAccessorImpl.java:43)
	at java.lang.reflect.Method.invoke(Method.java:498)
	at org.codehaus.groovy.tools.GroovyStarter.rootLoader(GroovyStarter.java:109)
	at org.codehaus.groovy.tools.GroovyStarter.main(GroovyStarter.java:131)
)

2018-11-25 04:59:28 - [TEST_STEP][NOT_RUN] - callTestCase: NOT_RUN: callTestCase

2018-11-25 04:59:28 - [MESSAGE][NOT_RUN] - NOT_RUN: callTestCase

2018-11-25 04:59:28 - [TEST_STEP][PASSED] - delay: Delayed 1 second(s)

2018-11-25 04:59:29 - [MESSAGE][PASSED] - Delayed 1 second(s)

2018-11-25 04:59:29 - [TEST_STEP][PASSED] - navigateToUrl: Navigate to 'https://assist2-uat.perkeso.gov.my/c/portal/logout' successfully

2018-11-25 04:59:29 - [MESSAGE][PASSED] - Navigate to 'https://assist2-uat.perkeso.gov.my/c/portal/logout' successfully

2018-11-25 04:59:29 - [TEST_STEP][PASSED] - delay: Delayed 1 second(s)

2018-11-25 04:59:30 - [MESSAGE][PASSED] - Delayed 1 second(s)

2018-11-25 04:59:30 - [TEST_STEP][PASSED] - callTestCase: Call Test Case 'Test Cases/Final Aug 2018 - PKS Automation/Common/Reference Number Getter' successfully

2018-11-25 04:59:30 - [TEST_CASE][PASSED] - Test Cases/Final Aug 2018 - PKS Automation/Common/Reference Number Getter: Test Cases/Final Aug 2018 - PKS Automation/Common/Reference Number Getter

2018-11-25 04:59:30 - [TEST_STEP][PASSED] - Statement - Try: null

2018-11-25 04:59:30 - [TEST_STEP][PASSED] - Statement - RefNo = new java.io.File(C://Users//Admin//Desktop//PKS//Automation Reference Point//KatalonReference.txt): null

2018-11-25 04:59:30 - [TEST_STEP][PASSED] - Statement - bufferread = new java.io.BufferedReader(new java.io.FileReader(RefNo)): null

2018-11-25 04:59:30 - [TEST_STEP][PASSED] - Statement - readedVal = bufferread.readLine(): null

2018-11-25 04:59:30 - [TEST_STEP][PASSED] - Statement - out.println(CaseReferenceNo): null

2018-11-25 04:59:30 - [TEST_STEP][PASSED] - Statement - out.println(readedVal): null

2018-11-25 04:59:30 - [TEST_STEP][PASSED] - Statement - CaseReferenceNo = "": null

2018-11-25 04:59:30 - [TEST_STEP][PASSED] - Statement - CaseReferenceNo = readedVal: null

2018-11-25 04:59:30 - [MESSAGE][PASSED] - Call Test Case 'Test Cases/Final Aug 2018 - PKS Automation/Common/Reference Number Getter' successfully

2018-11-25 04:59:30 - [TEST_STEP][FAILED] - callTestCase: Unable to call Test Case with id 'Test Cases/Final Aug 2018 - PKS Automation/Common/Workflow Owner Finder' (Root cause: Call Test Case 'Test Cases/Final Aug 2018 - PKS Automation/Common/Workflow Owner Finder' failed)

2018-11-25 04:59:30 - [TEST_CASE][FAILED] - Test Cases/Final Aug 2018 - PKS Automation/Common/Workflow Owner Finder: Test Cases/Final Aug 2018 - PKS Automation/Common/Workflow Owner Finder FAILED because (of) (Stack trace: com.kms.katalon.core.exception.StepFailedException: Unable to click on object 'Object Repository/Final Object Repo/Landing Page/Select to English' (Root cause: com.kms.katalon.core.webui.exception.WebElementNotFoundException: Web element with id: 'Object Repository/Final Object Repo/Landing Page/Select to English' located by 'By.xpath: //a[@class = 'taglib-language-list-text' and @lang = 'en-US' and (contains(text(), 'EN') or contains(., 'EN'))]' not found)
	at com.kms.katalon.core.keyword.internal.KeywordMain.stepFailed(KeywordMain.groovy:32)
	at com.kms.katalon.core.webui.keyword.internal.WebUIKeywordMain.stepFailed(WebUIKeywordMain.groovy:65)
	at com.kms.katalon.core.webui.keyword.internal.WebUIKeywordMain.runKeyword(WebUIKeywordMain.groovy:27)
	at com.kms.katalon.core.webui.keyword.builtin.ClickKeyword.click(ClickKeyword.groovy:86)
	at com.kms.katalon.core.webui.keyword.builtin.ClickKeyword.execute(ClickKeyword.groovy:67)
	at com.kms.katalon.core.keyword.internal.KeywordExecutor.executeKeywordForPlatform(KeywordExecutor.groovy:53)
	at com.kms.katalon.core.webui.keyword.WebUiBuiltInKeywords.click(WebUiBuiltInKeywords.groovy:604)
	at com.kms.katalon.core.webui.keyword.WebUiBuiltInKeywords$click$9.call(Unknown Source)
	at Script1534407542420.run(Script1534407542420.groovy:57)
	at com.kms.katalon.core.main.ScriptEngine.run(ScriptEngine.java:183)
	at com.kms.katalon.core.main.ScriptEngine.runScriptAsRawText(ScriptEngine.java:108)
	at com.kms.katalon.core.main.TestCaseExecutor.runScript(TestCaseExecutor.java:294)
	at com.kms.katalon.core.main.TestCaseExecutor.doExecute(TestCaseExecutor.java:285)
	at com.kms.katalon.core.main.TestCaseExecutor.processExecutionPhase(TestCaseExecutor.java:264)
	at com.kms.katalon.core.main.TestCaseExecutor.accessMainPhase(TestCaseExecutor.java:256)
	at com.kms.katalon.core.main.TestCaseExecutor.execute(TestCaseExecutor.java:200)
	at com.kms.katalon.core.main.TestCaseMain.runTestCase(TestCaseMain.java:99)
	at com.kms.katalon.core.keyword.builtin.CallTestCaseKeyword$_callTestCase_closure1.doCall(CallTestCaseKeyword.groovy:60)
	at com.kms.katalon.core.keyword.builtin.CallTestCaseKeyword$_callTestCase_closure1.call(CallTestCaseKeyword.groovy)
	at com.kms.katalon.core.keyword.internal.KeywordMain.runKeyword(KeywordMain.groovy:54)
	at com.kms.katalon.core.keyword.builtin.CallTestCaseKeyword.callTestCase(CallTestCaseKeyword.groovy:81)
	at com.kms.katalon.core.keyword.builtin.CallTestCaseKeyword.execute(CallTestCaseKeyword.groovy:45)
	at com.kms.katalon.core.keyword.internal.KeywordExecutor.executeKeywordForPlatform(KeywordExecutor.groovy:53)
	at com.kms.katalon.core.keyword.BuiltinKeywords.callTestCase(BuiltinKeywords.groovy:334)
	at sun.reflect.GeneratedMethodAccessor15.invoke(Unknown Source)
	at sun.reflect.DelegatingMethodAccessorImpl.invoke(DelegatingMethodAccessorImpl.java:43)
	at java.lang.reflect.Method.invoke(Method.java:498)
	at org.codehaus.groovy.reflection.CachedMethod.invoke(CachedMethod.java:93)
	at groovy.lang.MetaMethod.doMethodInvoke(MetaMethod.java:325)
	at groovy.lang.MetaClassImpl.invokeStaticMethod(MetaClassImpl.java:1469)
	at org.codehaus.groovy.runtime.callsite.StaticMetaClassSite.call(StaticMetaClassSite.java:53)
	at org.codehaus.groovy.runtime.callsite.AbstractCallSite.call(AbstractCallSite.java:141)
	at Script1536113546450.run(Script1536113546450.groovy:34)
	at com.kms.katalon.core.main.ScriptEngine.run(ScriptEngine.java:183)
	at com.kms.katalon.core.main.ScriptEngine.runScriptAsRawText(ScriptEngine.java:108)
	at com.kms.katalon.core.main.TestCaseExecutor.runScript(TestCaseExecutor.java:294)
	at com.kms.katalon.core.main.TestCaseExecutor.doExecute(TestCaseExecutor.java:285)
	at com.kms.katalon.core.main.TestCaseExecutor.processExecutionPhase(TestCaseExecutor.java:264)
	at com.kms.katalon.core.main.TestCaseExecutor.accessMainPhase(TestCaseExecutor.java:256)
	at com.kms.katalon.core.main.TestCaseExecutor.execute(TestCaseExecutor.java:200)
	at com.kms.katalon.core.main.TestCaseMain.runTestCase(TestCaseMain.java:99)
	at com.kms.katalon.core.keyword.builtin.CallTestCaseKeyword$_callTestCase_closure1.doCall(CallTestCaseKeyword.groovy:60)
	at com.kms.katalon.core.keyword.builtin.CallTestCaseKeyword$_callTestCase_closure1.call(CallTestCaseKeyword.groovy)
	at com.kms.katalon.core.keyword.internal.KeywordMain.runKeyword(KeywordMain.groovy:54)
	at com.kms.katalon.core.keyword.builtin.CallTestCaseKeyword.callTestCase(CallTestCaseKeyword.groovy:81)
	at com.kms.katalon.core.keyword.builtin.CallTestCaseKeyword.execute(CallTestCaseKeyword.groovy:45)
	at com.kms.katalon.core.keyword.internal.KeywordExecutor.executeKeywordForPlatform(KeywordExecutor.groovy:53)
	at com.kms.katalon.core.keyword.BuiltinKeywords.callTestCase(BuiltinKeywords.groovy:334)
	at sun.reflect.GeneratedMethodAccessor15.invoke(Unknown Source)
	at sun.reflect.DelegatingMethodAccessorImpl.invoke(DelegatingMethodAccessorImpl.java:43)
	at java.lang.reflect.Method.invoke(Method.java:498)
	at org.codehaus.groovy.reflection.CachedMethod.invoke(CachedMethod.java:93)
	at groovy.lang.MetaMethod.doMethodInvoke(MetaMethod.java:325)
	at groovy.lang.MetaClassImpl.invokeStaticMethod(MetaClassImpl.java:1469)
	at org.codehaus.groovy.runtime.callsite.StaticMetaClassSite.call(StaticMetaClassSite.java:53)
	at org.codehaus.groovy.runtime.callsite.CallSiteArray.defaultCall(CallSiteArray.java:48)
	at org.codehaus.groovy.runtime.callsite.AbstractCallSite.call(AbstractCallSite.java:113)
	at org.codehaus.groovy.runtime.callsite.AbstractCallSite.call(AbstractCallSite.java:141)
	at Script1536204639269.run(Script1536204639269.groovy:25)
	at com.kms.katalon.core.main.ScriptEngine.run(ScriptEngine.java:183)
	at com.kms.katalon.core.main.ScriptEngine.runScriptAsRawText(ScriptEngine.java:108)
	at com.kms.katalon.core.main.TestCaseExecutor.runScript(TestCaseExecutor.java:294)
	at com.kms.katalon.core.main.TestCaseExecutor.doExecute(TestCaseExecutor.java:285)
	at com.kms.katalon.core.main.TestCaseExecutor.processExecutionPhase(TestCaseExecutor.java:264)
	at com.kms.katalon.core.main.TestCaseExecutor.accessMainPhase(TestCaseExecutor.java:256)
	at com.kms.katalon.core.main.TestCaseExecutor.execute(TestCaseExecutor.java:200)
	at com.kms.katalon.core.main.TestSuiteExecutor.accessTestCaseMainPhase(TestSuiteExecutor.java:129)
	at com.kms.katalon.core.main.TestSuiteExecutor.accessTestSuiteMainPhase(TestSuiteExecutor.java:112)
	at com.kms.katalon.core.main.TestSuiteExecutor.execute(TestSuiteExecutor.java:81)
	at com.kms.katalon.core.main.TestCaseMain.startTestSuite(TestCaseMain.java:142)
	at com.kms.katalon.core.main.TestCaseMain$startTestSuite$0.call(Unknown Source)
	at org.codehaus.groovy.runtime.callsite.CallSiteArray.defaultCall(CallSiteArray.java:48)
	at org.codehaus.groovy.runtime.callsite.AbstractCallSite.call(AbstractCallSite.java:113)
	at org.codehaus.groovy.runtime.callsite.AbstractCallSite.call(AbstractCallSite.java:141)
	at TempTestSuite1543076525234.run(TempTestSuite1543076525234.groovy:36)
	at groovy.lang.GroovyShell.runScriptOrMainOrTestOrRunnable(GroovyShell.java:263)
	at groovy.lang.GroovyShell.run(GroovyShell.java:518)
	at groovy.lang.GroovyShell.run(GroovyShell.java:507)
	at groovy.ui.GroovyMain.processOnce(GroovyMain.java:653)
	at groovy.ui.GroovyMain.run(GroovyMain.java:384)
	at groovy.ui.GroovyMain.process(GroovyMain.java:370)
	at groovy.ui.GroovyMain.processArgs(GroovyMain.java:129)
	at groovy.ui.GroovyMain.main(GroovyMain.java:109)
	at sun.reflect.NativeMethodAccessorImpl.invoke0(Native Method)
	at sun.reflect.NativeMethodAccessorImpl.invoke(NativeMethodAccessorImpl.java:62)
	at sun.reflect.DelegatingMethodAccessorImpl.invoke(DelegatingMethodAccessorImpl.java:43)
	at java.lang.reflect.Method.invoke(Method.java:498)
	at org.codehaus.groovy.tools.GroovyStarter.rootLoader(GroovyStarter.java:109)
	at org.codehaus.groovy.tools.GroovyStarter.main(GroovyStarter.java:131)
)

2018-11-25 04:59:30 - [TEST_STEP][PASSED] - openBrowser: Browser is opened with url: ''

2018-11-25 04:59:30 - [MESSAGE][WARNING] - A browser is already opened. Closing browser and opening a new one

2018-11-25 04:59:34 - [MESSAGE][PASSED] - Browser is opened with url: ''

2018-11-25 04:59:34 - [TEST_STEP][PASSED] - navigateToUrl: Navigate to 'https://assist2-uat.perkeso.gov.my/login' successfully

2018-11-25 04:59:35 - [MESSAGE][PASSED] - Navigate to 'https://assist2-uat.perkeso.gov.my/login' successfully

2018-11-25 04:59:35 - [TEST_STEP][PASSED] - delay: Delayed 5 second(s)

2018-11-25 04:59:40 - [MESSAGE][PASSED] - Delayed 5 second(s)

2018-11-25 04:59:40 - [TEST_STEP][PASSED] - setText: Text 'test@liferay.com' is set on object 'Object Repository/Final Object Repo/Login Page/Internal User/Email Address'

2018-11-25 04:59:41 - [MESSAGE][PASSED] - Text 'test@liferay.com' is set on object 'Object Repository/Final Object Repo/Login Page/Internal User/Email Address'

2018-11-25 04:59:41 - [TEST_STEP][PASSED] - click: Object: 'Object Repository/Final Object Repo/Login Page/Internal User/Next Button' is clicked on

2018-11-25 04:59:41 - [MESSAGE][PASSED] - Object: 'Object Repository/Final Object Repo/Login Page/Internal User/Next Button' is clicked on

2018-11-25 04:59:41 - [TEST_STEP][PASSED] - delay: Delayed 2 second(s)

2018-11-25 04:59:43 - [MESSAGE][PASSED] - Delayed 2 second(s)

2018-11-25 04:59:43 - [TEST_STEP][PASSED] - setText: Text 'test' is set on object 'Object Repository/Final Object Repo/Login Page/Internal User/Password'

2018-11-25 04:59:43 - [MESSAGE][PASSED] - Text 'test' is set on object 'Object Repository/Final Object Repo/Login Page/Internal User/Password'

2018-11-25 04:59:43 - [TEST_STEP][PASSED] - delay: Delayed 2 second(s)

2018-11-25 04:59:45 - [MESSAGE][PASSED] - Delayed 2 second(s)

2018-11-25 04:59:45 - [TEST_STEP][PASSED] - click: Object: 'Object Repository/Final Object Repo/Login Page/Internal User/Login Button' is clicked on

2018-11-25 04:59:45 - [MESSAGE][PASSED] - Object: 'Object Repository/Final Object Repo/Login Page/Internal User/Login Button' is clicked on

2018-11-25 04:59:45 - [TEST_STEP][FAILED] - Statement - Try: Delayed 2 second(s)

2018-11-25 04:59:45 - [TEST_STEP][PASSED] - Statement - Checker = false: null

2018-11-25 04:59:45 - [TEST_STEP][PASSED] - Statement - Checker = com.kms.katalon.core.webui.keyword.WebUiBuiltInKeywords.verifyElementHasAttribute(com.kms.katalon.core.testobject.ObjectRepository.findTestObject(Final Object Repo/Landing Page/BM Detecting), "href", 20, OPTIONAL): Unable to verify if object 'Object Repository/Final Object Repo/Landing Page/BM Detecting' has attribute 'href' (Root cause: org.openqa.selenium.StaleElementReferenceException: stale element reference: element is not attached to the page document
  (Session info: chrome=70.0.3538.102)
  (Driver info: chromedriver=2.43.600210 (68dcf5eebde37173d4027fa8635e332711d2874a),platform=Windows NT 6.1.7601 SP1 x86_64) (WARNING: The server did not provide any stacktrace information)
Command duration or timeout: 0 milliseconds
For documentation on this error, please visit: http://seleniumhq.org/exceptions/stale_element_reference.html
Build info: version: '3.7.1', revision: '8a0099a', time: '2017-11-06T21:07:36.161Z'
System info: host: 'WIN7TEST02', ip: '10.20.3.72', os.name: 'Windows 7', os.arch: 'amd64', os.version: '6.1', java.version: '1.8.0_181'
Driver info: com.kms.katalon.selenium.driver.CChromeDriver
Capabilities {acceptInsecureCerts: false, acceptSslCerts: false, applicationCacheEnabled: false, browserConnectionEnabled: false, browserName: chrome, chrome: {chromedriverVersion: 2.43.600210 (68dcf5eebde371..., userDataDir: C:\Users\Admin\AppData\Loca...}, cssSelectorsEnabled: true, databaseEnabled: false, goog:chromeOptions: {debuggerAddress: localhost:53787}, handlesAlerts: true, hasTouchScreen: false, javascriptEnabled: true, locationContextEnabled: true, mobileEmulationEnabled: false, nativeEvents: true, networkConnectionEnabled: false, pageLoadStrategy: normal, platform: XP, platformName: XP, rotatable: false, setWindowRect: true, takesHeapSnapshot: true, takesScreenshot: true, unexpectedAlertBehaviour: , unhandledPromptBehavior: , version: 70.0.3538.102, webStorageEnabled: true}
Session ID: 8867dee7e862c2a90070c392bb61d775)

2018-11-25 04:59:48 - [MESSAGE][WARNING] - Unable to verify if object 'Object Repository/Final Object Repo/Landing Page/BM Detecting' has attribute 'href' (Root cause: org.openqa.selenium.StaleElementReferenceException: stale element reference: element is not attached to the page document
  (Session info: chrome=70.0.3538.102)
  (Driver info: chromedriver=2.43.600210 (68dcf5eebde37173d4027fa8635e332711d2874a),platform=Windows NT 6.1.7601 SP1 x86_64) (WARNING: The server did not provide any stacktrace information)
Command duration or timeout: 0 milliseconds
For documentation on this error, please visit: http://seleniumhq.org/exceptions/stale_element_reference.html
Build info: version: '3.7.1', revision: '8a0099a', time: '2017-11-06T21:07:36.161Z'
System info: host: 'WIN7TEST02', ip: '10.20.3.72', os.name: 'Windows 7', os.arch: 'amd64', os.version: '6.1', java.version: '1.8.0_181'
Driver info: com.kms.katalon.selenium.driver.CChromeDriver
Capabilities {acceptInsecureCerts: false, acceptSslCerts: false, applicationCacheEnabled: false, browserConnectionEnabled: false, browserName: chrome, chrome: {chromedriverVersion: 2.43.600210 (68dcf5eebde371..., userDataDir: C:\Users\Admin\AppData\Loca...}, cssSelectorsEnabled: true, databaseEnabled: false, goog:chromeOptions: {debuggerAddress: localhost:53787}, handlesAlerts: true, hasTouchScreen: false, javascriptEnabled: true, locationContextEnabled: true, mobileEmulationEnabled: false, nativeEvents: true, networkConnectionEnabled: false, pageLoadStrategy: normal, platform: XP, platformName: XP, rotatable: false, setWindowRect: true, takesHeapSnapshot: true, takesScreenshot: true, unexpectedAlertBehaviour: , unhandledPromptBehavior: , version: 70.0.3538.102, webStorageEnabled: true}
Session ID: 8867dee7e862c2a90070c392bb61d775)
[[ATTACHMENT|C:\\Users\\Admin\\Desktop\\PKS\\Perkeso Phase A\\Reports\\Workflow\\Form 3 EIS - Cessation as Employer\\20181125_002205\\1543093187709.png]]

2018-11-25 04:59:48 - [TEST_STEP][PASSED] - Statement - out.println(Checker): null

2018-11-25 04:59:48 - [TEST_STEP][FAILED] - Statement - If (Checker == false): Unable to click on object 'Object Repository/Final Object Repo/Landing Page/Select to English' (Root cause: com.kms.katalon.core.webui.exception.WebElementNotFoundException: Web element with id: 'Object Repository/Final Object Repo/Landing Page/Select to English' located by 'By.xpath: //a[@class = 'taglib-language-list-text' and @lang = 'en-US' and (contains(text(), 'EN') or contains(., 'EN'))]' not found)

2018-11-25 04:59:48 - [TEST_STEP][FAILED] - click: Unable to click on object 'Object Repository/Final Object Repo/Landing Page/Select to English' (Root cause: com.kms.katalon.core.webui.exception.WebElementNotFoundException: Web element with id: 'Object Repository/Final Object Repo/Landing Page/Select to English' located by 'By.xpath: //a[@class = 'taglib-language-list-text' and @lang = 'en-US' and (contains(text(), 'EN') or contains(., 'EN'))]' not found)

2018-11-25 05:00:25 - [MESSAGE][FAILED] - Unable to click on object 'Object Repository/Final Object Repo/Landing Page/Select to English' (Root cause: com.kms.katalon.core.webui.exception.WebElementNotFoundException: Web element with id: 'Object Repository/Final Object Repo/Landing Page/Select to English' located by 'By.xpath: //a[@class = 'taglib-language-list-text' and @lang = 'en-US' and (contains(text(), 'EN') or contains(., 'EN'))]' not found)
[[ATTACHMENT|C:\\Users\\Admin\\Desktop\\PKS\\Perkeso Phase A\\Reports\\Workflow\\Form 3 EIS - Cessation as Employer\\20181125_002205\\1543093224891.png]]

2018-11-25 05:00:25 - [TEST_STEP][PASSED] - delay: Delayed 2 second(s)

2018-11-25 05:00:27 - [MESSAGE][PASSED] - Delayed 2 second(s)

2018-11-25 05:00:27 - [TEST_STEP][PASSED] - delay: Delayed 3 second(s)

2018-11-25 05:00:30 - [MESSAGE][PASSED] - Delayed 3 second(s)

2018-11-25 05:00:30 - [TEST_STEP][PASSED] - mouseOver: Object: 'Object Repository/Final Object Repo/Landing Page/WorkFlow Menu' is hovered

2018-11-25 05:00:30 - [MESSAGE][PASSED] - Object: 'Object Repository/Final Object Repo/Landing Page/WorkFlow Menu' is hovered

2018-11-25 05:00:30 - [TEST_STEP][PASSED] - delay: Delayed 2 second(s)

2018-11-25 05:00:32 - [MESSAGE][PASSED] - Delayed 2 second(s)

2018-11-25 05:00:32 - [TEST_STEP][FAILED] - click: Unable to click on object 'Object Repository/Final Object Repo/Landing Page/Select to Workflow Listing' (Root cause: org.openqa.selenium.ElementNotVisibleException: element not interactable
  (Session info: chrome=70.0.3538.102)
  (Driver info: chromedriver=2.43.600210 (68dcf5eebde37173d4027fa8635e332711d2874a),platform=Windows NT 6.1.7601 SP1 x86_64) (WARNING: The server did not provide any stacktrace information)
Command duration or timeout: 0 milliseconds
Build info: version: '3.7.1', revision: '8a0099a', time: '2017-11-06T21:07:36.161Z'
System info: host: 'WIN7TEST02', ip: '10.20.3.72', os.name: 'Windows 7', os.arch: 'amd64', os.version: '6.1', java.version: '1.8.0_181'
Driver info: com.kms.katalon.selenium.driver.CChromeDriver
Capabilities {acceptInsecureCerts: false, acceptSslCerts: false, applicationCacheEnabled: false, browserConnectionEnabled: false, browserName: chrome, chrome: {chromedriverVersion: 2.43.600210 (68dcf5eebde371..., userDataDir: C:\Users\Admin\AppData\Loca...}, cssSelectorsEnabled: true, databaseEnabled: false, goog:chromeOptions: {debuggerAddress: localhost:53787}, handlesAlerts: true, hasTouchScreen: false, javascriptEnabled: true, locationContextEnabled: true, mobileEmulationEnabled: false, nativeEvents: true, networkConnectionEnabled: false, pageLoadStrategy: normal, platform: XP, platformName: XP, rotatable: false, setWindowRect: true, takesHeapSnapshot: true, takesScreenshot: true, unexpectedAlertBehaviour: , unhandledPromptBehavior: , version: 70.0.3538.102, webStorageEnabled: true}
Session ID: 8867dee7e862c2a90070c392bb61d775)

2018-11-25 05:00:32 - [MESSAGE][FAILED] - Unable to click on object 'Object Repository/Final Object Repo/Landing Page/Select to Workflow Listing' (Root cause: org.openqa.selenium.ElementNotVisibleException: element not interactable
  (Session info: chrome=70.0.3538.102)
  (Driver info: chromedriver=2.43.600210 (68dcf5eebde37173d4027fa8635e332711d2874a),platform=Windows NT 6.1.7601 SP1 x86_64) (WARNING: The server did not provide any stacktrace information)
Command duration or timeout: 0 milliseconds
Build info: version: '3.7.1', revision: '8a0099a', time: '2017-11-06T21:07:36.161Z'
System info: host: 'WIN7TEST02', ip: '10.20.3.72', os.name: 'Windows 7', os.arch: 'amd64', os.version: '6.1', java.version: '1.8.0_181'
Driver info: com.kms.katalon.selenium.driver.CChromeDriver
Capabilities {acceptInsecureCerts: false, acceptSslCerts: false, applicationCacheEnabled: false, browserConnectionEnabled: false, browserName: chrome, chrome: {chromedriverVersion: 2.43.600210 (68dcf5eebde371..., userDataDir: C:\Users\Admin\AppData\Loca...}, cssSelectorsEnabled: true, databaseEnabled: false, goog:chromeOptions: {debuggerAddress: localhost:53787}, handlesAlerts: true, hasTouchScreen: false, javascriptEnabled: true, locationContextEnabled: true, mobileEmulationEnabled: false, nativeEvents: true, networkConnectionEnabled: false, pageLoadStrategy: normal, platform: XP, platformName: XP, rotatable: false, setWindowRect: true, takesHeapSnapshot: true, takesScreenshot: true, unexpectedAlertBehaviour: , unhandledPromptBehavior: , version: 70.0.3538.102, webStorageEnabled: true}
Session ID: 8867dee7e862c2a90070c392bb61d775)
[[ATTACHMENT|C:\\Users\\Admin\\Desktop\\PKS\\Perkeso Phase A\\Reports\\Workflow\\Form 3 EIS - Cessation as Employer\\20181125_002205\\1543093232396.png]]

2018-11-25 05:00:32 - [TEST_STEP][PASSED] - delay: Delayed 2 second(s)

2018-11-25 05:00:34 - [MESSAGE][PASSED] - Delayed 2 second(s)

2018-11-25 05:00:34 - [TEST_STEP][FAILED] - click: Unable to click on object 'Object Repository/Final Object Repo/WorkFlow Listing Page/Search Information - To Put Ref No' (Root cause: com.kms.katalon.core.webui.exception.WebElementNotFoundException: Web element with id: 'Object Repository/Final Object Repo/WorkFlow Listing Page/Search Information - To Put Ref No' located by 'By.xpath: //h2[@data-target = '#_workflowlisting_WAR_baseportlet_searchDiv' and (text() = 'Search Information' or . = 'Search Information')]' not found)

2018-11-25 05:01:06 - [MESSAGE][FAILED] - Unable to click on object 'Object Repository/Final Object Repo/WorkFlow Listing Page/Search Information - To Put Ref No' (Root cause: com.kms.katalon.core.webui.exception.WebElementNotFoundException: Web element with id: 'Object Repository/Final Object Repo/WorkFlow Listing Page/Search Information - To Put Ref No' located by 'By.xpath: //h2[@data-target = '#_workflowlisting_WAR_baseportlet_searchDiv' and (text() = 'Search Information' or . = 'Search Information')]' not found)
[[ATTACHMENT|C:\\Users\\Admin\\Desktop\\PKS\\Perkeso Phase A\\Reports\\Workflow\\Form 3 EIS - Cessation as Employer\\20181125_002205\\1543093265995.png]]

2018-11-25 05:01:06 - [TEST_STEP][PASSED] - delay: Delayed 2 second(s)

2018-11-25 05:01:08 - [MESSAGE][PASSED] - Delayed 2 second(s)

2018-11-25 05:01:08 - [TEST_STEP][PASSED] - callTestCase: Call Test Case 'Test Cases/Final Aug 2018 - PKS Automation/Common/Reference Number Getter' successfully

2018-11-25 05:01:08 - [TEST_CASE][PASSED] - Test Cases/Final Aug 2018 - PKS Automation/Common/Reference Number Getter: Test Cases/Final Aug 2018 - PKS Automation/Common/Reference Number Getter

2018-11-25 05:01:08 - [TEST_STEP][PASSED] - Statement - Try: null

2018-11-25 05:01:08 - [TEST_STEP][PASSED] - Statement - RefNo = new java.io.File(C://Users//Admin//Desktop//PKS//Automation Reference Point//KatalonReference.txt): null

2018-11-25 05:01:08 - [TEST_STEP][PASSED] - Statement - bufferread = new java.io.BufferedReader(new java.io.FileReader(RefNo)): null

2018-11-25 05:01:08 - [TEST_STEP][PASSED] - Statement - readedVal = bufferread.readLine(): null

2018-11-25 05:01:08 - [TEST_STEP][PASSED] - Statement - out.println(CaseReferenceNo): null

2018-11-25 05:01:08 - [TEST_STEP][PASSED] - Statement - out.println(readedVal): null

2018-11-25 05:01:08 - [TEST_STEP][PASSED] - Statement - CaseReferenceNo = "": null

2018-11-25 05:01:08 - [TEST_STEP][PASSED] - Statement - CaseReferenceNo = readedVal: null

2018-11-25 05:01:08 - [MESSAGE][PASSED] - Call Test Case 'Test Cases/Final Aug 2018 - PKS Automation/Common/Reference Number Getter' successfully

2018-11-25 05:01:08 - [TEST_STEP][FAILED] - setText: Unable to set text 'ERN112018C200002287' of object 'Object Repository/Final Object Repo/WorkFlow Listing Page/Ref No Set Text' (Root cause: com.kms.katalon.core.webui.exception.WebElementNotFoundException: Web element with id: 'Object Repository/Final Object Repo/WorkFlow Listing Page/Ref No Set Text' located by 'By.xpath: //input[@id = '_workflowlisting_WAR_baseportlet_dto.trxReferenceNum' and @name = '_workflowlisting_WAR_baseportlet_dto.trxReferenceNum' and @type = 'text']' not found)

2018-11-25 05:01:40 - [MESSAGE][FAILED] - Unable to set text 'ERN112018C200002287' of object 'Object Repository/Final Object Repo/WorkFlow Listing Page/Ref No Set Text' (Root cause: com.kms.katalon.core.webui.exception.WebElementNotFoundException: Web element with id: 'Object Repository/Final Object Repo/WorkFlow Listing Page/Ref No Set Text' located by 'By.xpath: //input[@id = '_workflowlisting_WAR_baseportlet_dto.trxReferenceNum' and @name = '_workflowlisting_WAR_baseportlet_dto.trxReferenceNum' and @type = 'text']' not found)
[[ATTACHMENT|C:\\Users\\Admin\\Desktop\\PKS\\Perkeso Phase A\\Reports\\Workflow\\Form 3 EIS - Cessation as Employer\\20181125_002205\\1543093300041.png]]

2018-11-25 05:01:40 - [TEST_STEP][PASSED] - delay: Delayed 2 second(s)

2018-11-25 05:01:42 - [MESSAGE][PASSED] - Delayed 2 second(s)

2018-11-25 05:01:42 - [TEST_STEP][FAILED] - click: Unable to click on object 'Object Repository/Final Object Repo/WorkFlow Listing Page/Search Ref No Search Button' (Root cause: org.openqa.selenium.ElementNotVisibleException: element not interactable
  (Session info: chrome=70.0.3538.102)
  (Driver info: chromedriver=2.43.600210 (68dcf5eebde37173d4027fa8635e332711d2874a),platform=Windows NT 6.1.7601 SP1 x86_64) (WARNING: The server did not provide any stacktrace information)
Command duration or timeout: 0 milliseconds
Build info: version: '3.7.1', revision: '8a0099a', time: '2017-11-06T21:07:36.161Z'
System info: host: 'WIN7TEST02', ip: '10.20.3.72', os.name: 'Windows 7', os.arch: 'amd64', os.version: '6.1', java.version: '1.8.0_181'
Driver info: com.kms.katalon.selenium.driver.CChromeDriver
Capabilities {acceptInsecureCerts: false, acceptSslCerts: false, applicationCacheEnabled: false, browserConnectionEnabled: false, browserName: chrome, chrome: {chromedriverVersion: 2.43.600210 (68dcf5eebde371..., userDataDir: C:\Users\Admin\AppData\Loca...}, cssSelectorsEnabled: true, databaseEnabled: false, goog:chromeOptions: {debuggerAddress: localhost:53787}, handlesAlerts: true, hasTouchScreen: false, javascriptEnabled: true, locationContextEnabled: true, mobileEmulationEnabled: false, nativeEvents: true, networkConnectionEnabled: false, pageLoadStrategy: normal, platform: XP, platformName: XP, rotatable: false, setWindowRect: true, takesHeapSnapshot: true, takesScreenshot: true, unexpectedAlertBehaviour: , unhandledPromptBehavior: , version: 70.0.3538.102, webStorageEnabled: true}
Session ID: 8867dee7e862c2a90070c392bb61d775)

2018-11-25 05:01:42 - [MESSAGE][FAILED] - Unable to click on object 'Object Repository/Final Object Repo/WorkFlow Listing Page/Search Ref No Search Button' (Root cause: org.openqa.selenium.ElementNotVisibleException: element not interactable
  (Session info: chrome=70.0.3538.102)
  (Driver info: chromedriver=2.43.600210 (68dcf5eebde37173d4027fa8635e332711d2874a),platform=Windows NT 6.1.7601 SP1 x86_64) (WARNING: The server did not provide any stacktrace information)
Command duration or timeout: 0 milliseconds
Build info: version: '3.7.1', revision: '8a0099a', time: '2017-11-06T21:07:36.161Z'
System info: host: 'WIN7TEST02', ip: '10.20.3.72', os.name: 'Windows 7', os.arch: 'amd64', os.version: '6.1', java.version: '1.8.0_181'
Driver info: com.kms.katalon.selenium.driver.CChromeDriver
Capabilities {acceptInsecureCerts: false, acceptSslCerts: false, applicationCacheEnabled: false, browserConnectionEnabled: false, browserName: chrome, chrome: {chromedriverVersion: 2.43.600210 (68dcf5eebde371..., userDataDir: C:\Users\Admin\AppData\Loca...}, cssSelectorsEnabled: true, databaseEnabled: false, goog:chromeOptions: {debuggerAddress: localhost:53787}, handlesAlerts: true, hasTouchScreen: false, javascriptEnabled: true, locationContextEnabled: true, mobileEmulationEnabled: false, nativeEvents: true, networkConnectionEnabled: false, pageLoadStrategy: normal, platform: XP, platformName: XP, rotatable: false, setWindowRect: true, takesHeapSnapshot: true, takesScreenshot: true, unexpectedAlertBehaviour: , unhandledPromptBehavior: , version: 70.0.3538.102, webStorageEnabled: true}
Session ID: 8867dee7e862c2a90070c392bb61d775)
[[ATTACHMENT|C:\\Users\\Admin\\Desktop\\PKS\\Perkeso Phase A\\Reports\\Workflow\\Form 3 EIS - Cessation as Employer\\20181125_002205\\1543093302461.png]]

2018-11-25 05:01:42 - [TEST_STEP][PASSED] - delay: Delayed 4 second(s)

2018-11-25 05:01:46 - [MESSAGE][PASSED] - Delayed 4 second(s)

2018-11-25 05:01:46 - [TEST_STEP][PASSED] - click: Object: 'Object Repository/Final Object Repo/WorkFlow Listing Page/Click Continue Tooltip' is clicked on

2018-11-25 05:01:48 - [MESSAGE][PASSED] - Object: 'Object Repository/Final Object Repo/WorkFlow Listing Page/Click Continue Tooltip' is clicked on

2018-11-25 05:01:48 - [TEST_STEP][PASSED] - delay: Delayed 5 second(s)

2018-11-25 05:01:53 - [MESSAGE][PASSED] - Delayed 5 second(s)

2018-11-25 05:01:53 - [TEST_STEP][FAILED] - doubleClick: Unable to double click on object 'Object Repository/Final Object Repo/WorkFlow Listing Page/Workflow Found - Listing 1' (Root cause: com.kms.katalon.core.webui.exception.WebElementNotFoundException: Web element with id: 'Object Repository/Final Object Repo/WorkFlow Listing Page/Workflow Found - Listing 1' located by 'By.xpath: //body/div/div/div/div/div/div/div/div/div/div/div/div/div/div/div/div/table/tbody/tr/td[@class='table-cell  first']/following-sibling::td[1]' not found)

2018-11-25 05:02:24 - [MESSAGE][FAILED] - Unable to double click on object 'Object Repository/Final Object Repo/WorkFlow Listing Page/Workflow Found - Listing 1' (Root cause: com.kms.katalon.core.webui.exception.WebElementNotFoundException: Web element with id: 'Object Repository/Final Object Repo/WorkFlow Listing Page/Workflow Found - Listing 1' located by 'By.xpath: //body/div/div/div/div/div/div/div/div/div/div/div/div/div/div/div/div/table/tbody/tr/td[@class='table-cell  first']/following-sibling::td[1]' not found)
[[ATTACHMENT|C:\\Users\\Admin\\Desktop\\PKS\\Perkeso Phase A\\Reports\\Workflow\\Form 3 EIS - Cessation as Employer\\20181125_002205\\1543093344227.png]]

2018-11-25 05:02:24 - [MESSAGE][FAILED] - Unable to call Test Case with id 'Test Cases/Final Aug 2018 - PKS Automation/Common/Workflow Owner Finder' (Root cause: Call Test Case 'Test Cases/Final Aug 2018 - PKS Automation/Common/Workflow Owner Finder' failed)

2018-11-25 05:02:24 - [MESSAGE][FAILED] - Unable to call Test Case with id 'Test Cases/Final Aug 2018 - PKS Automation/Registration Module/Workflow/Form 3 EIS - Cessation As Employer/Template/Form 3 A - Cessation As Employer (Under enforcement)' (Root cause: Call Test Case 'Test Cases/Final Aug 2018 - PKS Automation/Registration Module/Workflow/Form 3 EIS - Cessation As Employer/Template/Form 3 A - Cessation As Employer (Under enforcement)' failed)]]></system-out>
         <system-err><![CDATA[2018-11-25 04:58:28 - [TEST_CASE][FAILED] - Test Cases/Final Aug 2018 - PKS Automation/Registration Module/Workflow/Form 3 EIS - Cessation As Employer/PKRBO to UO (Under enforcement): Test Cases/Final Aug 2018 - PKS Automation/Registration Module/Workflow/Form 3 EIS - Cessation As Employer/PKRBO to UO (Under enforcement) FAILED because (of) (Stack trace: com.kms.katalon.core.exception.StepFailedException: Unable to click on object 'Object Repository/Final Object Repo/Landing Page/Select to English' (Root cause: com.kms.katalon.core.webui.exception.WebElementNotFoundException: Web element with id: 'Object Repository/Final Object Repo/Landing Page/Select to English' located by 'By.xpath: //a[@class = 'taglib-language-list-text' and @lang = 'en-US' and (contains(text(), 'EN') or contains(., 'EN'))]' not found)
	at com.kms.katalon.core.keyword.internal.KeywordMain.stepFailed(KeywordMain.groovy:32)
	at com.kms.katalon.core.webui.keyword.internal.WebUIKeywordMain.stepFailed(WebUIKeywordMain.groovy:65)
	at com.kms.katalon.core.webui.keyword.internal.WebUIKeywordMain.runKeyword(WebUIKeywordMain.groovy:27)
	at com.kms.katalon.core.webui.keyword.builtin.ClickKeyword.click(ClickKeyword.groovy:86)
	at com.kms.katalon.core.webui.keyword.builtin.ClickKeyword.execute(ClickKeyword.groovy:67)
	at com.kms.katalon.core.keyword.internal.KeywordExecutor.executeKeywordForPlatform(KeywordExecutor.groovy:53)
	at com.kms.katalon.core.webui.keyword.WebUiBuiltInKeywords.click(WebUiBuiltInKeywords.groovy:604)
	at com.kms.katalon.core.webui.keyword.WebUiBuiltInKeywords$click$9.call(Unknown Source)
	at Script1534407542420.run(Script1534407542420.groovy:57)
	at com.kms.katalon.core.main.ScriptEngine.run(ScriptEngine.java:183)
	at com.kms.katalon.core.main.ScriptEngine.runScriptAsRawText(ScriptEngine.java:108)
	at com.kms.katalon.core.main.TestCaseExecutor.runScript(TestCaseExecutor.java:294)
	at com.kms.katalon.core.main.TestCaseExecutor.doExecute(TestCaseExecutor.java:285)
	at com.kms.katalon.core.main.TestCaseExecutor.processExecutionPhase(TestCaseExecutor.java:264)
	at com.kms.katalon.core.main.TestCaseExecutor.accessMainPhase(TestCaseExecutor.java:256)
	at com.kms.katalon.core.main.TestCaseExecutor.execute(TestCaseExecutor.java:200)
	at com.kms.katalon.core.main.TestCaseMain.runTestCase(TestCaseMain.java:99)
	at com.kms.katalon.core.keyword.builtin.CallTestCaseKeyword$_callTestCase_closure1.doCall(CallTestCaseKeyword.groovy:60)
	at com.kms.katalon.core.keyword.builtin.CallTestCaseKeyword$_callTestCase_closure1.call(CallTestCaseKeyword.groovy)
	at com.kms.katalon.core.keyword.internal.KeywordMain.runKeyword(KeywordMain.groovy:54)
	at com.kms.katalon.core.keyword.builtin.CallTestCaseKeyword.callTestCase(CallTestCaseKeyword.groovy:81)
	at com.kms.katalon.core.keyword.builtin.CallTestCaseKeyword.execute(CallTestCaseKeyword.groovy:45)
	at com.kms.katalon.core.keyword.internal.KeywordExecutor.executeKeywordForPlatform(KeywordExecutor.groovy:53)
	at com.kms.katalon.core.keyword.BuiltinKeywords.callTestCase(BuiltinKeywords.groovy:334)
	at sun.reflect.GeneratedMethodAccessor15.invoke(Unknown Source)
	at sun.reflect.DelegatingMethodAccessorImpl.invoke(DelegatingMethodAccessorImpl.java:43)
	at java.lang.reflect.Method.invoke(Method.java:498)
	at org.codehaus.groovy.reflection.CachedMethod.invoke(CachedMethod.java:93)
	at groovy.lang.MetaMethod.doMethodInvoke(MetaMethod.java:325)
	at groovy.lang.MetaClassImpl.invokeStaticMethod(MetaClassImpl.java:1469)
	at org.codehaus.groovy.runtime.callsite.StaticMetaClassSite.call(StaticMetaClassSite.java:53)
	at org.codehaus.groovy.runtime.callsite.AbstractCallSite.call(AbstractCallSite.java:141)
	at Script1536113546450.run(Script1536113546450.groovy:34)
	at com.kms.katalon.core.main.ScriptEngine.run(ScriptEngine.java:183)
	at com.kms.katalon.core.main.ScriptEngine.runScriptAsRawText(ScriptEngine.java:108)
	at com.kms.katalon.core.main.TestCaseExecutor.runScript(TestCaseExecutor.java:294)
	at com.kms.katalon.core.main.TestCaseExecutor.doExecute(TestCaseExecutor.java:285)
	at com.kms.katalon.core.main.TestCaseExecutor.processExecutionPhase(TestCaseExecutor.java:264)
	at com.kms.katalon.core.main.TestCaseExecutor.accessMainPhase(TestCaseExecutor.java:256)
	at com.kms.katalon.core.main.TestCaseExecutor.execute(TestCaseExecutor.java:200)
	at com.kms.katalon.core.main.TestCaseMain.runTestCase(TestCaseMain.java:99)
	at com.kms.katalon.core.keyword.builtin.CallTestCaseKeyword$_callTestCase_closure1.doCall(CallTestCaseKeyword.groovy:60)
	at com.kms.katalon.core.keyword.builtin.CallTestCaseKeyword$_callTestCase_closure1.call(CallTestCaseKeyword.groovy)
	at com.kms.katalon.core.keyword.internal.KeywordMain.runKeyword(KeywordMain.groovy:54)
	at com.kms.katalon.core.keyword.builtin.CallTestCaseKeyword.callTestCase(CallTestCaseKeyword.groovy:81)
	at com.kms.katalon.core.keyword.builtin.CallTestCaseKeyword.execute(CallTestCaseKeyword.groovy:45)
	at com.kms.katalon.core.keyword.internal.KeywordExecutor.executeKeywordForPlatform(KeywordExecutor.groovy:53)
	at com.kms.katalon.core.keyword.BuiltinKeywords.callTestCase(BuiltinKeywords.groovy:334)
	at sun.reflect.GeneratedMethodAccessor15.invoke(Unknown Source)
	at sun.reflect.DelegatingMethodAccessorImpl.invoke(DelegatingMethodAccessorImpl.java:43)
	at java.lang.reflect.Method.invoke(Method.java:498)
	at org.codehaus.groovy.reflection.CachedMethod.invoke(CachedMethod.java:93)
	at groovy.lang.MetaMethod.doMethodInvoke(MetaMethod.java:325)
	at groovy.lang.MetaClassImpl.invokeStaticMethod(MetaClassImpl.java:1469)
	at org.codehaus.groovy.runtime.callsite.StaticMetaClassSite.call(StaticMetaClassSite.java:53)
	at org.codehaus.groovy.runtime.callsite.CallSiteArray.defaultCall(CallSiteArray.java:48)
	at org.codehaus.groovy.runtime.callsite.AbstractCallSite.call(AbstractCallSite.java:113)
	at org.codehaus.groovy.runtime.callsite.AbstractCallSite.call(AbstractCallSite.java:141)
	at Script1536204639269.run(Script1536204639269.groovy:25)
	at com.kms.katalon.core.main.ScriptEngine.run(ScriptEngine.java:183)
	at com.kms.katalon.core.main.ScriptEngine.runScriptAsRawText(ScriptEngine.java:108)
	at com.kms.katalon.core.main.TestCaseExecutor.runScript(TestCaseExecutor.java:294)
	at com.kms.katalon.core.main.TestCaseExecutor.doExecute(TestCaseExecutor.java:285)
	at com.kms.katalon.core.main.TestCaseExecutor.processExecutionPhase(TestCaseExecutor.java:264)
	at com.kms.katalon.core.main.TestCaseExecutor.accessMainPhase(TestCaseExecutor.java:256)
	at com.kms.katalon.core.main.TestCaseExecutor.execute(TestCaseExecutor.java:200)
	at com.kms.katalon.core.main.TestSuiteExecutor.accessTestCaseMainPhase(TestSuiteExecutor.java:129)
	at com.kms.katalon.core.main.TestSuiteExecutor.accessTestSuiteMainPhase(TestSuiteExecutor.java:112)
	at com.kms.katalon.core.main.TestSuiteExecutor.execute(TestSuiteExecutor.java:81)
	at com.kms.katalon.core.main.TestCaseMain.startTestSuite(TestCaseMain.java:142)
	at com.kms.katalon.core.main.TestCaseMain$startTestSuite$0.call(Unknown Source)
	at org.codehaus.groovy.runtime.callsite.CallSiteArray.defaultCall(CallSiteArray.java:48)
	at org.codehaus.groovy.runtime.callsite.AbstractCallSite.call(AbstractCallSite.java:113)
	at org.codehaus.groovy.runtime.callsite.AbstractCallSite.call(AbstractCallSite.java:141)
	at TempTestSuite1543076525234.run(TempTestSuite1543076525234.groovy:36)
	at groovy.lang.GroovyShell.runScriptOrMainOrTestOrRunnable(GroovyShell.java:263)
	at groovy.lang.GroovyShell.run(GroovyShell.java:518)
	at groovy.lang.GroovyShell.run(GroovyShell.java:507)
	at groovy.ui.GroovyMain.processOnce(GroovyMain.java:653)
	at groovy.ui.GroovyMain.run(GroovyMain.java:384)
	at groovy.ui.GroovyMain.process(GroovyMain.java:370)
	at groovy.ui.GroovyMain.processArgs(GroovyMain.java:129)
	at groovy.ui.GroovyMain.main(GroovyMain.java:109)
	at sun.reflect.NativeMethodAccessorImpl.invoke0(Native Method)
	at sun.reflect.NativeMethodAccessorImpl.invoke(NativeMethodAccessorImpl.java:62)
	at sun.reflect.DelegatingMethodAccessorImpl.invoke(DelegatingMethodAccessorImpl.java:43)
	at java.lang.reflect.Method.invoke(Method.java:498)
	at org.codehaus.groovy.tools.GroovyStarter.rootLoader(GroovyStarter.java:109)
	at org.codehaus.groovy.tools.GroovyStarter.main(GroovyStarter.java:131)
)]]></system-err>
      </testcase>
      <system-out><![CDATA[2018-11-25 04:12:24 - [TEST_SUITE][FAILED] - Form 3 EIS - Cessation as Employer: Test Cases/Final Aug 2018 - PKS Automation/Registration Module/Workflow/Form 3 EIS - Cessation As Employer/Employer to UO (Approve) FAILED because (of) (Stack trace: com.kms.katalon.core.exception.StepFailedException: Unable to set text 'perkeso192274782857@gmail.com' of object 'Object Repository/Final Object Repo/Creating Employer Account/Page_Users and Organizations - ASSIST/Employer name' (Root cause: org.openqa.selenium.ElementNotVisibleException: element not interactable
  (Session info: chrome=70.0.3538.102)
  (Driver info: chromedriver=2.43.600210 (68dcf5eebde37173d4027fa8635e332711d2874a),platform=Windows NT 6.1.7601 SP1 x86_64) (WARNING: The server did not provide any stacktrace information)
Command duration or timeout: 0 milliseconds
Build info: version: '3.7.1', revision: '8a0099a', time: '2017-11-06T21:07:36.161Z'
System info: host: 'WIN7TEST02', ip: '10.20.3.72', os.name: 'Windows 7', os.arch: 'amd64', os.version: '6.1', java.version: '1.8.0_181'
Driver info: com.kms.katalon.selenium.driver.CChromeDriver
Capabilities {acceptInsecureCerts: false, acceptSslCerts: false, applicationCacheEnabled: false, browserConnectionEnabled: false, browserName: chrome, chrome: {chromedriverVersion: 2.43.600210 (68dcf5eebde371..., userDataDir: C:\Users\Admin\AppData\Loca...}, cssSelectorsEnabled: true, databaseEnabled: false, goog:chromeOptions: {debuggerAddress: localhost:53134}, handlesAlerts: true, hasTouchScreen: false, javascriptEnabled: true, locationContextEnabled: true, mobileEmulationEnabled: false, nativeEvents: true, networkConnectionEnabled: false, pageLoadStrategy: normal, platform: XP, platformName: XP, rotatable: false, setWindowRect: true, takesHeapSnapshot: true, takesScreenshot: true, unexpectedAlertBehaviour: , unhandledPromptBehavior: , version: 70.0.3538.102, webStorageEnabled: true}
Session ID: 412f4d02dbeb8017686d0baec7080c59)
	at com.kms.katalon.core.keyword.internal.KeywordMain.stepFailed(KeywordMain.groovy:32)
	at com.kms.katalon.core.webui.keyword.internal.WebUIKeywordMain.stepFailed(WebUIKeywordMain.groovy:65)
	at com.kms.katalon.core.webui.keyword.internal.WebUIKeywordMain.runKeyword(WebUIKeywordMain.groovy:27)
	at com.kms.katalon.core.webui.keyword.builtin.SetTextKeyword.setText(SetTextKeyword.groovy:65)
	at com.kms.katalon.core.webui.keyword.builtin.SetTextKeyword.execute(SetTextKeyword.groovy:37)
	at com.kms.katalon.core.keyword.internal.KeywordExecutor.executeKeywordForPlatform(KeywordExecutor.groovy:53)
	at com.kms.katalon.core.webui.keyword.WebUiBuiltInKeywords.setText(WebUiBuiltInKeywords.groovy:950)
	at com.kms.katalon.core.webui.keyword.WebUiBuiltInKeywords$setText$1.call(Unknown Source)
	at org.codehaus.groovy.runtime.callsite.CallSiteArray.defaultCall(CallSiteArray.java:48)
	at org.codehaus.groovy.runtime.callsite.AbstractCallSite.call(AbstractCallSite.java:113)
	at org.codehaus.groovy.runtime.callsite.AbstractCallSite.call(AbstractCallSite.java:133)
	at Script1536897267453.run(Script1536897267453.groovy:46)
	at com.kms.katalon.core.main.ScriptEngine.run(ScriptEngine.java:183)
	at com.kms.katalon.core.main.ScriptEngine.runScriptAsRawText(ScriptEngine.java:108)
	at com.kms.katalon.core.main.TestCaseExecutor.runScript(TestCaseExecutor.java:294)
	at com.kms.katalon.core.main.TestCaseExecutor.doExecute(TestCaseExecutor.java:285)
	at com.kms.katalon.core.main.TestCaseExecutor.processExecutionPhase(TestCaseExecutor.java:264)
	at com.kms.katalon.core.main.TestCaseExecutor.accessMainPhase(TestCaseExecutor.java:256)
	at com.kms.katalon.core.main.TestCaseExecutor.execute(TestCaseExecutor.java:200)
	at com.kms.katalon.core.main.TestCaseMain.runTestCase(TestCaseMain.java:99)
	at com.kms.katalon.core.keyword.builtin.CallTestCaseKeyword$_callTestCase_closure1.doCall(CallTestCaseKeyword.groovy:60)
	at com.kms.katalon.core.keyword.builtin.CallTestCaseKeyword$_callTestCase_closure1.call(CallTestCaseKeyword.groovy)
	at com.kms.katalon.core.keyword.internal.KeywordMain.runKeyword(KeywordMain.groovy:54)
	at com.kms.katalon.core.keyword.builtin.CallTestCaseKeyword.callTestCase(CallTestCaseKeyword.groovy:81)
	at com.kms.katalon.core.keyword.builtin.CallTestCaseKeyword.execute(CallTestCaseKeyword.groovy:45)
	at com.kms.katalon.core.keyword.internal.KeywordExecutor.executeKeywordForPlatform(KeywordExecutor.groovy:53)
	at com.kms.katalon.core.keyword.BuiltinKeywords.callTestCase(BuiltinKeywords.groovy:334)
	at sun.reflect.NativeMethodAccessorImpl.invoke0(Native Method)
	at sun.reflect.NativeMethodAccessorImpl.invoke(NativeMethodAccessorImpl.java:62)
	at sun.reflect.DelegatingMethodAccessorImpl.invoke(DelegatingMethodAccessorImpl.java:43)
	at java.lang.reflect.Method.invoke(Method.java:498)
	at org.codehaus.groovy.reflection.CachedMethod.invoke(CachedMethod.java:93)
	at groovy.lang.MetaMethod.doMethodInvoke(MetaMethod.java:325)
	at groovy.lang.MetaClassImpl.invokeStaticMethod(MetaClassImpl.java:1469)
	at org.codehaus.groovy.runtime.callsite.StaticMetaClassSite.call(StaticMetaClassSite.java:53)
	at org.codehaus.groovy.runtime.callsite.CallSiteArray.defaultCall(CallSiteArray.java:48)
	at org.codehaus.groovy.runtime.callsite.AbstractCallSite.call(AbstractCallSite.java:113)
	at org.codehaus.groovy.runtime.callsite.AbstractCallSite.call(AbstractCallSite.java:141)
	at Script1536897267443.run(Script1536897267443.groovy:30)
	at com.kms.katalon.core.main.ScriptEngine.run(ScriptEngine.java:183)
	at com.kms.katalon.core.main.ScriptEngine.runScriptAsRawText(ScriptEngine.java:108)
	at com.kms.katalon.core.main.TestCaseExecutor.runScript(TestCaseExecutor.java:294)
	at com.kms.katalon.core.main.TestCaseExecutor.doExecute(TestCaseExecutor.java:285)
	at com.kms.katalon.core.main.TestCaseExecutor.processExecutionPhase(TestCaseExecutor.java:264)
	at com.kms.katalon.core.main.TestCaseExecutor.accessMainPhase(TestCaseExecutor.java:256)
	at com.kms.katalon.core.main.TestCaseExecutor.execute(TestCaseExecutor.java:200)
	at com.kms.katalon.core.main.TestCaseMain.runTestCase(TestCaseMain.java:99)
	at com.kms.katalon.core.keyword.builtin.CallTestCaseKeyword$_callTestCase_closure1.doCall(CallTestCaseKeyword.groovy:60)
	at com.kms.katalon.core.keyword.builtin.CallTestCaseKeyword$_callTestCase_closure1.call(CallTestCaseKeyword.groovy)
	at com.kms.katalon.core.keyword.internal.KeywordMain.runKeyword(KeywordMain.groovy:54)
	at com.kms.katalon.core.keyword.builtin.CallTestCaseKeyword.callTestCase(CallTestCaseKeyword.groovy:81)
	at com.kms.katalon.core.keyword.builtin.CallTestCaseKeyword.execute(CallTestCaseKeyword.groovy:45)
	at com.kms.katalon.core.keyword.internal.KeywordExecutor.executeKeywordForPlatform(KeywordExecutor.groovy:53)
	at com.kms.katalon.core.keyword.BuiltinKeywords.callTestCase(BuiltinKeywords.groovy:334)
	at sun.reflect.NativeMethodAccessorImpl.invoke0(Native Method)
	at sun.reflect.NativeMethodAccessorImpl.invoke(NativeMethodAccessorImpl.java:62)
	at sun.reflect.DelegatingMethodAccessorImpl.invoke(DelegatingMethodAccessorImpl.java:43)
	at java.lang.reflect.Method.invoke(Method.java:498)
	at org.codehaus.groovy.reflection.CachedMethod.invoke(CachedMethod.java:93)
	at groovy.lang.MetaMethod.doMethodInvoke(MetaMethod.java:325)
	at groovy.lang.MetaClassImpl.invokeStaticMethod(MetaClassImpl.java:1469)
	at org.codehaus.groovy.runtime.callsite.StaticMetaClassSite.call(StaticMetaClassSite.java:53)
	at org.codehaus.groovy.runtime.callsite.CallSiteArray.defaultCall(CallSiteArray.java:48)
	at org.codehaus.groovy.runtime.callsite.AbstractCallSite.call(AbstractCallSite.java:113)
	at org.codehaus.groovy.runtime.callsite.AbstractCallSite.call(AbstractCallSite.java:141)
	at Script1537255938886.run(Script1537255938886.groovy:22)
	at com.kms.katalon.core.main.ScriptEngine.run(ScriptEngine.java:183)
	at com.kms.katalon.core.main.ScriptEngine.runScriptAsRawText(ScriptEngine.java:108)
	at com.kms.katalon.core.main.TestCaseExecutor.runScript(TestCaseExecutor.java:294)
	at com.kms.katalon.core.main.TestCaseExecutor.doExecute(TestCaseExecutor.java:285)
	at com.kms.katalon.core.main.TestCaseExecutor.processExecutionPhase(TestCaseExecutor.java:264)
	at com.kms.katalon.core.main.TestCaseExecutor.accessMainPhase(TestCaseExecutor.java:256)
	at com.kms.katalon.core.main.TestCaseExecutor.execute(TestCaseExecutor.java:200)
	at com.kms.katalon.core.main.TestCaseMain.runTestCase(TestCaseMain.java:99)
	at com.kms.katalon.core.keyword.builtin.CallTestCaseKeyword$_callTestCase_closure1.doCall(CallTestCaseKeyword.groovy:60)
	at com.kms.katalon.core.keyword.builtin.CallTestCaseKeyword$_callTestCase_closure1.call(CallTestCaseKeyword.groovy)
	at com.kms.katalon.core.keyword.internal.KeywordMain.runKeyword(KeywordMain.groovy:54)
	at com.kms.katalon.core.keyword.builtin.CallTestCaseKeyword.callTestCase(CallTestCaseKeyword.groovy:81)
	at com.kms.katalon.core.keyword.builtin.CallTestCaseKeyword.execute(CallTestCaseKeyword.groovy:45)
	at com.kms.katalon.core.keyword.internal.KeywordExecutor.executeKeywordForPlatform(KeywordExecutor.groovy:53)
	at com.kms.katalon.core.keyword.BuiltinKeywords.callTestCase(BuiltinKeywords.groovy:334)
	at sun.reflect.NativeMethodAccessorImpl.invoke0(Native Method)
	at sun.reflect.NativeMethodAccessorImpl.invoke(NativeMethodAccessorImpl.java:62)
	at sun.reflect.DelegatingMethodAccessorImpl.invoke(DelegatingMethodAccessorImpl.java:43)
	at java.lang.reflect.Method.invoke(Method.java:498)
	at org.codehaus.groovy.reflection.CachedMethod.invoke(CachedMethod.java:93)
	at groovy.lang.MetaMethod.doMethodInvoke(MetaMethod.java:325)
	at groovy.lang.MetaClassImpl.invokeStaticMethod(MetaClassImpl.java:1469)
	at org.codehaus.groovy.runtime.callsite.StaticMetaClassSite.call(StaticMetaClassSite.java:53)
	at org.codehaus.groovy.runtime.callsite.CallSiteArray.defaultCall(CallSiteArray.java:48)
	at org.codehaus.groovy.runtime.callsite.AbstractCallSite.call(AbstractCallSite.java:113)
	at org.codehaus.groovy.runtime.callsite.AbstractCallSite.call(AbstractCallSite.java:141)
	at Script1536732166908.run(Script1536732166908.groovy:23)
	at com.kms.katalon.core.main.ScriptEngine.run(ScriptEngine.java:183)
	at com.kms.katalon.core.main.ScriptEngine.runScriptAsRawText(ScriptEngine.java:108)
	at com.kms.katalon.core.main.TestCaseExecutor.runScript(TestCaseExecutor.java:294)
	at com.kms.katalon.core.main.TestCaseExecutor.doExecute(TestCaseExecutor.java:285)
	at com.kms.katalon.core.main.TestCaseExecutor.processExecutionPhase(TestCaseExecutor.java:264)
	at com.kms.katalon.core.main.TestCaseExecutor.accessMainPhase(TestCaseExecutor.java:256)
	at com.kms.katalon.core.main.TestCaseExecutor.execute(TestCaseExecutor.java:200)
	at com.kms.katalon.core.main.TestCaseMain.runTestCase(TestCaseMain.java:99)
	at com.kms.katalon.core.keyword.builtin.CallTestCaseKeyword$_callTestCase_closure1.doCall(CallTestCaseKeyword.groovy:60)
	at com.kms.katalon.core.keyword.builtin.CallTestCaseKeyword$_callTestCase_closure1.call(CallTestCaseKeyword.groovy)
	at com.kms.katalon.core.keyword.internal.KeywordMain.runKeyword(KeywordMain.groovy:54)
	at com.kms.katalon.core.keyword.builtin.CallTestCaseKeyword.callTestCase(CallTestCaseKeyword.groovy:81)
	at com.kms.katalon.core.keyword.builtin.CallTestCaseKeyword.execute(CallTestCaseKeyword.groovy:45)
	at com.kms.katalon.core.keyword.internal.KeywordExecutor.executeKeywordForPlatform(KeywordExecutor.groovy:53)
	at com.kms.katalon.core.keyword.BuiltinKeywords.callTestCase(BuiltinKeywords.groovy:334)
	at sun.reflect.NativeMethodAccessorImpl.invoke0(Native Method)
	at sun.reflect.NativeMethodAccessorImpl.invoke(NativeMethodAccessorImpl.java:62)
	at sun.reflect.DelegatingMethodAccessorImpl.invoke(DelegatingMethodAccessorImpl.java:43)
	at java.lang.reflect.Method.invoke(Method.java:498)
	at org.codehaus.groovy.reflection.CachedMethod.invoke(CachedMethod.java:93)
	at groovy.lang.MetaMethod.doMethodInvoke(MetaMethod.java:325)
	at groovy.lang.MetaClassImpl.invokeStaticMethod(MetaClassImpl.java:1469)
	at org.codehaus.groovy.runtime.callsite.StaticMetaClassSite.call(StaticMetaClassSite.java:53)
	at org.codehaus.groovy.runtime.callsite.CallSiteArray.defaultCall(CallSiteArray.java:48)
	at org.codehaus.groovy.runtime.callsite.AbstractCallSite.call(AbstractCallSite.java:113)
	at org.codehaus.groovy.runtime.callsite.AbstractCallSite.call(AbstractCallSite.java:141)
	at Script1536733676931.run(Script1536733676931.groovy:22)
	at com.kms.katalon.core.main.ScriptEngine.run(ScriptEngine.java:183)
	at com.kms.katalon.core.main.ScriptEngine.runScriptAsRawText(ScriptEngine.java:108)
	at com.kms.katalon.core.main.TestCaseExecutor.runScript(TestCaseExecutor.java:294)
	at com.kms.katalon.core.main.TestCaseExecutor.doExecute(TestCaseExecutor.java:285)
	at com.kms.katalon.core.main.TestCaseExecutor.processExecutionPhase(TestCaseExecutor.java:264)
	at com.kms.katalon.core.main.TestCaseExecutor.accessMainPhase(TestCaseExecutor.java:256)
	at com.kms.katalon.core.main.TestCaseExecutor.execute(TestCaseExecutor.java:200)
	at com.kms.katalon.core.main.TestSuiteExecutor.accessTestCaseMainPhase(TestSuiteExecutor.java:129)
	at com.kms.katalon.core.main.TestSuiteExecutor.accessTestSuiteMainPhase(TestSuiteExecutor.java:112)
	at com.kms.katalon.core.main.TestSuiteExecutor.execute(TestSuiteExecutor.java:81)
	at com.kms.katalon.core.main.TestCaseMain.startTestSuite(TestCaseMain.java:142)
	at com.kms.katalon.core.main.TestCaseMain$startTestSuite$0.call(Unknown Source)
	at org.codehaus.groovy.runtime.callsite.CallSiteArray.defaultCall(CallSiteArray.java:48)
	at org.codehaus.groovy.runtime.callsite.AbstractCallSite.call(AbstractCallSite.java:113)
	at org.codehaus.groovy.runtime.callsite.AbstractCallSite.call(AbstractCallSite.java:141)
	at TempTestSuite1543076525234.run(TempTestSuite1543076525234.groovy:36)
	at groovy.lang.GroovyShell.runScriptOrMainOrTestOrRunnable(GroovyShell.java:263)
	at groovy.lang.GroovyShell.run(GroovyShell.java:518)
	at groovy.lang.GroovyShell.run(GroovyShell.java:507)
	at groovy.ui.GroovyMain.processOnce(GroovyMain.java:653)
	at groovy.ui.GroovyMain.run(GroovyMain.java:384)
	at groovy.ui.GroovyMain.process(GroovyMain.java:370)
	at groovy.ui.GroovyMain.processArgs(GroovyMain.java:129)
	at groovy.ui.GroovyMain.main(GroovyMain.java:109)
	at sun.reflect.NativeMethodAccessorImpl.invoke0(Native Method)
	at sun.reflect.NativeMethodAccessorImpl.invoke(NativeMethodAccessorImpl.java:62)
	at sun.reflect.DelegatingMethodAccessorImpl.invoke(DelegatingMethodAccessorImpl.java:43)
	at java.lang.reflect.Method.invoke(Method.java:498)
	at org.codehaus.groovy.tools.GroovyStarter.rootLoader(GroovyStarter.java:109)
	at org.codehaus.groovy.tools.GroovyStarter.main(GroovyStarter.java:131)
)]]></system-out>
      <system-err><![CDATA[2018-11-25 04:12:24 - [TEST_SUITE][FAILED] - Form 3 EIS - Cessation as Employer: Test Cases/Final Aug 2018 - PKS Automation/Registration Module/Workflow/Form 3 EIS - Cessation As Employer/Employer to UO (Approve) FAILED because (of) (Stack trace: com.kms.katalon.core.exception.StepFailedException: Unable to set text 'perkeso192274782857@gmail.com' of object 'Object Repository/Final Object Repo/Creating Employer Account/Page_Users and Organizations - ASSIST/Employer name' (Root cause: org.openqa.selenium.ElementNotVisibleException: element not interactable
  (Session info: chrome=70.0.3538.102)
  (Driver info: chromedriver=2.43.600210 (68dcf5eebde37173d4027fa8635e332711d2874a),platform=Windows NT 6.1.7601 SP1 x86_64) (WARNING: The server did not provide any stacktrace information)
Command duration or timeout: 0 milliseconds
Build info: version: '3.7.1', revision: '8a0099a', time: '2017-11-06T21:07:36.161Z'
System info: host: 'WIN7TEST02', ip: '10.20.3.72', os.name: 'Windows 7', os.arch: 'amd64', os.version: '6.1', java.version: '1.8.0_181'
Driver info: com.kms.katalon.selenium.driver.CChromeDriver
Capabilities {acceptInsecureCerts: false, acceptSslCerts: false, applicationCacheEnabled: false, browserConnectionEnabled: false, browserName: chrome, chrome: {chromedriverVersion: 2.43.600210 (68dcf5eebde371..., userDataDir: C:\Users\Admin\AppData\Loca...}, cssSelectorsEnabled: true, databaseEnabled: false, goog:chromeOptions: {debuggerAddress: localhost:53134}, handlesAlerts: true, hasTouchScreen: false, javascriptEnabled: true, locationContextEnabled: true, mobileEmulationEnabled: false, nativeEvents: true, networkConnectionEnabled: false, pageLoadStrategy: normal, platform: XP, platformName: XP, rotatable: false, setWindowRect: true, takesHeapSnapshot: true, takesScreenshot: true, unexpectedAlertBehaviour: , unhandledPromptBehavior: , version: 70.0.3538.102, webStorageEnabled: true}
Session ID: 412f4d02dbeb8017686d0baec7080c59)
	at com.kms.katalon.core.keyword.internal.KeywordMain.stepFailed(KeywordMain.groovy:32)
	at com.kms.katalon.core.webui.keyword.internal.WebUIKeywordMain.stepFailed(WebUIKeywordMain.groovy:65)
	at com.kms.katalon.core.webui.keyword.internal.WebUIKeywordMain.runKeyword(WebUIKeywordMain.groovy:27)
	at com.kms.katalon.core.webui.keyword.builtin.SetTextKeyword.setText(SetTextKeyword.groovy:65)
	at com.kms.katalon.core.webui.keyword.builtin.SetTextKeyword.execute(SetTextKeyword.groovy:37)
	at com.kms.katalon.core.keyword.internal.KeywordExecutor.executeKeywordForPlatform(KeywordExecutor.groovy:53)
	at com.kms.katalon.core.webui.keyword.WebUiBuiltInKeywords.setText(WebUiBuiltInKeywords.groovy:950)
	at com.kms.katalon.core.webui.keyword.WebUiBuiltInKeywords$setText$1.call(Unknown Source)
	at org.codehaus.groovy.runtime.callsite.CallSiteArray.defaultCall(CallSiteArray.java:48)
	at org.codehaus.groovy.runtime.callsite.AbstractCallSite.call(AbstractCallSite.java:113)
	at org.codehaus.groovy.runtime.callsite.AbstractCallSite.call(AbstractCallSite.java:133)
	at Script1536897267453.run(Script1536897267453.groovy:46)
	at com.kms.katalon.core.main.ScriptEngine.run(ScriptEngine.java:183)
	at com.kms.katalon.core.main.ScriptEngine.runScriptAsRawText(ScriptEngine.java:108)
	at com.kms.katalon.core.main.TestCaseExecutor.runScript(TestCaseExecutor.java:294)
	at com.kms.katalon.core.main.TestCaseExecutor.doExecute(TestCaseExecutor.java:285)
	at com.kms.katalon.core.main.TestCaseExecutor.processExecutionPhase(TestCaseExecutor.java:264)
	at com.kms.katalon.core.main.TestCaseExecutor.accessMainPhase(TestCaseExecutor.java:256)
	at com.kms.katalon.core.main.TestCaseExecutor.execute(TestCaseExecutor.java:200)
	at com.kms.katalon.core.main.TestCaseMain.runTestCase(TestCaseMain.java:99)
	at com.kms.katalon.core.keyword.builtin.CallTestCaseKeyword$_callTestCase_closure1.doCall(CallTestCaseKeyword.groovy:60)
	at com.kms.katalon.core.keyword.builtin.CallTestCaseKeyword$_callTestCase_closure1.call(CallTestCaseKeyword.groovy)
	at com.kms.katalon.core.keyword.internal.KeywordMain.runKeyword(KeywordMain.groovy:54)
	at com.kms.katalon.core.keyword.builtin.CallTestCaseKeyword.callTestCase(CallTestCaseKeyword.groovy:81)
	at com.kms.katalon.core.keyword.builtin.CallTestCaseKeyword.execute(CallTestCaseKeyword.groovy:45)
	at com.kms.katalon.core.keyword.internal.KeywordExecutor.executeKeywordForPlatform(KeywordExecutor.groovy:53)
	at com.kms.katalon.core.keyword.BuiltinKeywords.callTestCase(BuiltinKeywords.groovy:334)
	at sun.reflect.NativeMethodAccessorImpl.invoke0(Native Method)
	at sun.reflect.NativeMethodAccessorImpl.invoke(NativeMethodAccessorImpl.java:62)
	at sun.reflect.DelegatingMethodAccessorImpl.invoke(DelegatingMethodAccessorImpl.java:43)
	at java.lang.reflect.Method.invoke(Method.java:498)
	at org.codehaus.groovy.reflection.CachedMethod.invoke(CachedMethod.java:93)
	at groovy.lang.MetaMethod.doMethodInvoke(MetaMethod.java:325)
	at groovy.lang.MetaClassImpl.invokeStaticMethod(MetaClassImpl.java:1469)
	at org.codehaus.groovy.runtime.callsite.StaticMetaClassSite.call(StaticMetaClassSite.java:53)
	at org.codehaus.groovy.runtime.callsite.CallSiteArray.defaultCall(CallSiteArray.java:48)
	at org.codehaus.groovy.runtime.callsite.AbstractCallSite.call(AbstractCallSite.java:113)
	at org.codehaus.groovy.runtime.callsite.AbstractCallSite.call(AbstractCallSite.java:141)
	at Script1536897267443.run(Script1536897267443.groovy:30)
	at com.kms.katalon.core.main.ScriptEngine.run(ScriptEngine.java:183)
	at com.kms.katalon.core.main.ScriptEngine.runScriptAsRawText(ScriptEngine.java:108)
	at com.kms.katalon.core.main.TestCaseExecutor.runScript(TestCaseExecutor.java:294)
	at com.kms.katalon.core.main.TestCaseExecutor.doExecute(TestCaseExecutor.java:285)
	at com.kms.katalon.core.main.TestCaseExecutor.processExecutionPhase(TestCaseExecutor.java:264)
	at com.kms.katalon.core.main.TestCaseExecutor.accessMainPhase(TestCaseExecutor.java:256)
	at com.kms.katalon.core.main.TestCaseExecutor.execute(TestCaseExecutor.java:200)
	at com.kms.katalon.core.main.TestCaseMain.runTestCase(TestCaseMain.java:99)
	at com.kms.katalon.core.keyword.builtin.CallTestCaseKeyword$_callTestCase_closure1.doCall(CallTestCaseKeyword.groovy:60)
	at com.kms.katalon.core.keyword.builtin.CallTestCaseKeyword$_callTestCase_closure1.call(CallTestCaseKeyword.groovy)
	at com.kms.katalon.core.keyword.internal.KeywordMain.runKeyword(KeywordMain.groovy:54)
	at com.kms.katalon.core.keyword.builtin.CallTestCaseKeyword.callTestCase(CallTestCaseKeyword.groovy:81)
	at com.kms.katalon.core.keyword.builtin.CallTestCaseKeyword.execute(CallTestCaseKeyword.groovy:45)
	at com.kms.katalon.core.keyword.internal.KeywordExecutor.executeKeywordForPlatform(KeywordExecutor.groovy:53)
	at com.kms.katalon.core.keyword.BuiltinKeywords.callTestCase(BuiltinKeywords.groovy:334)
	at sun.reflect.NativeMethodAccessorImpl.invoke0(Native Method)
	at sun.reflect.NativeMethodAccessorImpl.invoke(NativeMethodAccessorImpl.java:62)
	at sun.reflect.DelegatingMethodAccessorImpl.invoke(DelegatingMethodAccessorImpl.java:43)
	at java.lang.reflect.Method.invoke(Method.java:498)
	at org.codehaus.groovy.reflection.CachedMethod.invoke(CachedMethod.java:93)
	at groovy.lang.MetaMethod.doMethodInvoke(MetaMethod.java:325)
	at groovy.lang.MetaClassImpl.invokeStaticMethod(MetaClassImpl.java:1469)
	at org.codehaus.groovy.runtime.callsite.StaticMetaClassSite.call(StaticMetaClassSite.java:53)
	at org.codehaus.groovy.runtime.callsite.CallSiteArray.defaultCall(CallSiteArray.java:48)
	at org.codehaus.groovy.runtime.callsite.AbstractCallSite.call(AbstractCallSite.java:113)
	at org.codehaus.groovy.runtime.callsite.AbstractCallSite.call(AbstractCallSite.java:141)
	at Script1537255938886.run(Script1537255938886.groovy:22)
	at com.kms.katalon.core.main.ScriptEngine.run(ScriptEngine.java:183)
	at com.kms.katalon.core.main.ScriptEngine.runScriptAsRawText(ScriptEngine.java:108)
	at com.kms.katalon.core.main.TestCaseExecutor.runScript(TestCaseExecutor.java:294)
	at com.kms.katalon.core.main.TestCaseExecutor.doExecute(TestCaseExecutor.java:285)
	at com.kms.katalon.core.main.TestCaseExecutor.processExecutionPhase(TestCaseExecutor.java:264)
	at com.kms.katalon.core.main.TestCaseExecutor.accessMainPhase(TestCaseExecutor.java:256)
	at com.kms.katalon.core.main.TestCaseExecutor.execute(TestCaseExecutor.java:200)
	at com.kms.katalon.core.main.TestCaseMain.runTestCase(TestCaseMain.java:99)
	at com.kms.katalon.core.keyword.builtin.CallTestCaseKeyword$_callTestCase_closure1.doCall(CallTestCaseKeyword.groovy:60)
	at com.kms.katalon.core.keyword.builtin.CallTestCaseKeyword$_callTestCase_closure1.call(CallTestCaseKeyword.groovy)
	at com.kms.katalon.core.keyword.internal.KeywordMain.runKeyword(KeywordMain.groovy:54)
	at com.kms.katalon.core.keyword.builtin.CallTestCaseKeyword.callTestCase(CallTestCaseKeyword.groovy:81)
	at com.kms.katalon.core.keyword.builtin.CallTestCaseKeyword.execute(CallTestCaseKeyword.groovy:45)
	at com.kms.katalon.core.keyword.internal.KeywordExecutor.executeKeywordForPlatform(KeywordExecutor.groovy:53)
	at com.kms.katalon.core.keyword.BuiltinKeywords.callTestCase(BuiltinKeywords.groovy:334)
	at sun.reflect.NativeMethodAccessorImpl.invoke0(Native Method)
	at sun.reflect.NativeMethodAccessorImpl.invoke(NativeMethodAccessorImpl.java:62)
	at sun.reflect.DelegatingMethodAccessorImpl.invoke(DelegatingMethodAccessorImpl.java:43)
	at java.lang.reflect.Method.invoke(Method.java:498)
	at org.codehaus.groovy.reflection.CachedMethod.invoke(CachedMethod.java:93)
	at groovy.lang.MetaMethod.doMethodInvoke(MetaMethod.java:325)
	at groovy.lang.MetaClassImpl.invokeStaticMethod(MetaClassImpl.java:1469)
	at org.codehaus.groovy.runtime.callsite.StaticMetaClassSite.call(StaticMetaClassSite.java:53)
	at org.codehaus.groovy.runtime.callsite.CallSiteArray.defaultCall(CallSiteArray.java:48)
	at org.codehaus.groovy.runtime.callsite.AbstractCallSite.call(AbstractCallSite.java:113)
	at org.codehaus.groovy.runtime.callsite.AbstractCallSite.call(AbstractCallSite.java:141)
	at Script1536732166908.run(Script1536732166908.groovy:23)
	at com.kms.katalon.core.main.ScriptEngine.run(ScriptEngine.java:183)
	at com.kms.katalon.core.main.ScriptEngine.runScriptAsRawText(ScriptEngine.java:108)
	at com.kms.katalon.core.main.TestCaseExecutor.runScript(TestCaseExecutor.java:294)
	at com.kms.katalon.core.main.TestCaseExecutor.doExecute(TestCaseExecutor.java:285)
	at com.kms.katalon.core.main.TestCaseExecutor.processExecutionPhase(TestCaseExecutor.java:264)
	at com.kms.katalon.core.main.TestCaseExecutor.accessMainPhase(TestCaseExecutor.java:256)
	at com.kms.katalon.core.main.TestCaseExecutor.execute(TestCaseExecutor.java:200)
	at com.kms.katalon.core.main.TestCaseMain.runTestCase(TestCaseMain.java:99)
	at com.kms.katalon.core.keyword.builtin.CallTestCaseKeyword$_callTestCase_closure1.doCall(CallTestCaseKeyword.groovy:60)
	at com.kms.katalon.core.keyword.builtin.CallTestCaseKeyword$_callTestCase_closure1.call(CallTestCaseKeyword.groovy)
	at com.kms.katalon.core.keyword.internal.KeywordMain.runKeyword(KeywordMain.groovy:54)
	at com.kms.katalon.core.keyword.builtin.CallTestCaseKeyword.callTestCase(CallTestCaseKeyword.groovy:81)
	at com.kms.katalon.core.keyword.builtin.CallTestCaseKeyword.execute(CallTestCaseKeyword.groovy:45)
	at com.kms.katalon.core.keyword.internal.KeywordExecutor.executeKeywordForPlatform(KeywordExecutor.groovy:53)
	at com.kms.katalon.core.keyword.BuiltinKeywords.callTestCase(BuiltinKeywords.groovy:334)
	at sun.reflect.NativeMethodAccessorImpl.invoke0(Native Method)
	at sun.reflect.NativeMethodAccessorImpl.invoke(NativeMethodAccessorImpl.java:62)
	at sun.reflect.DelegatingMethodAccessorImpl.invoke(DelegatingMethodAccessorImpl.java:43)
	at java.lang.reflect.Method.invoke(Method.java:498)
	at org.codehaus.groovy.reflection.CachedMethod.invoke(CachedMethod.java:93)
	at groovy.lang.MetaMethod.doMethodInvoke(MetaMethod.java:325)
	at groovy.lang.MetaClassImpl.invokeStaticMethod(MetaClassImpl.java:1469)
	at org.codehaus.groovy.runtime.callsite.StaticMetaClassSite.call(StaticMetaClassSite.java:53)
	at org.codehaus.groovy.runtime.callsite.CallSiteArray.defaultCall(CallSiteArray.java:48)
	at org.codehaus.groovy.runtime.callsite.AbstractCallSite.call(AbstractCallSite.java:113)
	at org.codehaus.groovy.runtime.callsite.AbstractCallSite.call(AbstractCallSite.java:141)
	at Script1536733676931.run(Script1536733676931.groovy:22)
	at com.kms.katalon.core.main.ScriptEngine.run(ScriptEngine.java:183)
	at com.kms.katalon.core.main.ScriptEngine.runScriptAsRawText(ScriptEngine.java:108)
	at com.kms.katalon.core.main.TestCaseExecutor.runScript(TestCaseExecutor.java:294)
	at com.kms.katalon.core.main.TestCaseExecutor.doExecute(TestCaseExecutor.java:285)
	at com.kms.katalon.core.main.TestCaseExecutor.processExecutionPhase(TestCaseExecutor.java:264)
	at com.kms.katalon.core.main.TestCaseExecutor.accessMainPhase(TestCaseExecutor.java:256)
	at com.kms.katalon.core.main.TestCaseExecutor.execute(TestCaseExecutor.java:200)
	at com.kms.katalon.core.main.TestSuiteExecutor.accessTestCaseMainPhase(TestSuiteExecutor.java:129)
	at com.kms.katalon.core.main.TestSuiteExecutor.accessTestSuiteMainPhase(TestSuiteExecutor.java:112)
	at com.kms.katalon.core.main.TestSuiteExecutor.execute(TestSuiteExecutor.java:81)
	at com.kms.katalon.core.main.TestCaseMain.startTestSuite(TestCaseMain.java:142)
	at com.kms.katalon.core.main.TestCaseMain$startTestSuite$0.call(Unknown Source)
	at org.codehaus.groovy.runtime.callsite.CallSiteArray.defaultCall(CallSiteArray.java:48)
	at org.codehaus.groovy.runtime.callsite.AbstractCallSite.call(AbstractCallSite.java:113)
	at org.codehaus.groovy.runtime.callsite.AbstractCallSite.call(AbstractCallSite.java:141)
	at TempTestSuite1543076525234.run(TempTestSuite1543076525234.groovy:36)
	at groovy.lang.GroovyShell.runScriptOrMainOrTestOrRunnable(GroovyShell.java:263)
	at groovy.lang.GroovyShell.run(GroovyShell.java:518)
	at groovy.lang.GroovyShell.run(GroovyShell.java:507)
	at groovy.ui.GroovyMain.processOnce(GroovyMain.java:653)
	at groovy.ui.GroovyMain.run(GroovyMain.java:384)
	at groovy.ui.GroovyMain.process(GroovyMain.java:370)
	at groovy.ui.GroovyMain.processArgs(GroovyMain.java:129)
	at groovy.ui.GroovyMain.main(GroovyMain.java:109)
	at sun.reflect.NativeMethodAccessorImpl.invoke0(Native Method)
	at sun.reflect.NativeMethodAccessorImpl.invoke(NativeMethodAccessorImpl.java:62)
	at sun.reflect.DelegatingMethodAccessorImpl.invoke(DelegatingMethodAccessorImpl.java:43)
	at java.lang.reflect.Method.invoke(Method.java:498)
	at org.codehaus.groovy.tools.GroovyStarter.rootLoader(GroovyStarter.java:109)
	at org.codehaus.groovy.tools.GroovyStarter.main(GroovyStarter.java:131)
)]]></system-err>
   </testsuite>
</testsuites>
