<?xml version="1.0" encoding="UTF-8"?>
<testsuites name="Form 1A - Cessation as Employer" time="4414" tests="11" failures="1" errors="0">
   <testsuite name="Form 1A - Cessation as Employer" tests="11" failures="1" errors="0" time="4414" timestamp="2019-01-03 12:38:45" hostname="Admin - Win7Test02" id="Test Suites/Workflow/Form 1A - Cessation as Employer">
      <properties>
         <property name="deviceName" value=""/>
         <property name="devicePlatform" value=""/>
         <property name="logFolder" value="C:\\Users\\Admin\\Desktop\\PKS\\Perkeso Phase A\\Reports\\Workflow\\Form 1A - Cessation as Employer\\20190103_102113"/>
         <property name="logFiles" value="C:\\Users\\Admin\\Desktop\\PKS\\Perkeso Phase A\\Reports\\Workflow\\Form 1A - Cessation as Employer\\20190103_102113\\execution0.log, C:\\Users\\Admin\\Desktop\\PKS\\Perkeso Phase A\\Reports\\Workflow\\Form 1A - Cessation as Employer\\20190103_102113\\execution1.log"/>
         <property name="attachments" value="C:\\Users\\Admin\\Desktop\\PKS\\Perkeso Phase A\\Reports\\Workflow\\Form 1A - Cessation as Employer\\20190103_102113\\1546492738868.png, C:\\Users\\Admin\\Desktop\\PKS\\Perkeso Phase A\\Reports\\Workflow\\Form 1A - Cessation as Employer\\20190103_102113\\1546492772131.png, C:\\Users\\Admin\\Desktop\\PKS\\Perkeso Phase A\\Reports\\Workflow\\Form 1A - Cessation as Employer\\20190103_102113\\1546492805401.png, C:\\Users\\Admin\\Desktop\\PKS\\Perkeso Phase A\\Reports\\Workflow\\Form 1A - Cessation as Employer\\20190103_102113\\1546492838678.png, C:\\Users\\Admin\\Desktop\\PKS\\Perkeso Phase A\\Reports\\Workflow\\Form 1A - Cessation as Employer\\20190103_102113\\1546492871964.png, C:\\Users\\Admin\\Desktop\\PKS\\Perkeso Phase A\\Reports\\Workflow\\Form 1A - Cessation as Employer\\20190103_102113\\1546492923251.png, C:\\Users\\Admin\\Desktop\\PKS\\Perkeso Phase A\\Reports\\Workflow\\Form 1A - Cessation as Employer\\20190103_102113\\1546492956514.png, C:\\Users\\Admin\\Desktop\\PKS\\Perkeso Phase A\\Reports\\Workflow\\Form 1A - Cessation as Employer\\20190103_102113\\1546492989789.png, C:\\Users\\Admin\\Desktop\\PKS\\Perkeso Phase A\\Reports\\Workflow\\Form 1A - Cessation as Employer\\20190103_102113\\1546493023061.png, C:\\Users\\Admin\\Desktop\\PKS\\Perkeso Phase A\\Reports\\Workflow\\Form 1A - Cessation as Employer\\20190103_102113\\1546493055343.png"/>
         <property name="hostName" value="Admin - Win7Test02"/>
         <property name="os" value="Windows 7 64bit"/>
         <property name="katalonVersion" value="5.8.6.1"/>
         <property name="browser" value="Chrome 71.0.3578.98"/>
         <property name="hostAddress" value="10.20.3.72"/>
         <property name="sessionId" value="7c7b55955781c95ba366b1606222927a"/>
         <property name="seleniumVersion" value="3.7.1"/>
         <property name="proxyInformation" value="ProxyInformation{proxyOption=NO_PROXY, proxyServerType=HTTP, password=, proxyServerAddress=, proxyServerPort=0}"/>
         <property name="platform" value="Windows 7"/>
      </properties>
      <testcase name="Test Cases/Final Aug 2018 - PKS Automation/Registration Module/Workflow/Form 1A - Cessation As Employer/Employer to UO (Approve)" classname="Test Cases/Final Aug 2018 - PKS Automation/Registration Module/Workflow/Form 1A - Cessation As Employer/Employer to UO (Approve)" status="PASSED">
         <system-out><![CDATA[2019-01-03 12:38:46 - [TEST_CASE][PASSED] - Test Cases/Final Aug 2018 - PKS Automation/Registration Module/Workflow/Form 1A - Cessation As Employer/Employer to UO (Approve): Test Cases/Final Aug 2018 - PKS Automation/Registration Module/Workflow/Form 1A - Cessation As Employer/Employer to UO (Approve)

2019-01-03 12:38:46 - [TEST_STEP][PASSED] - callTestCase: Call Test Case 'Test Cases/Final Aug 2018 - PKS Automation/Registration Module/Workflow/Form 1A - Cessation As Employer/Template/Form 1 A - Cessation As Employer (Employer)' successfully

2019-01-03 12:38:46 - [TEST_CASE][PASSED] - Test Cases/Final Aug 2018 - PKS Automation/Registration Module/Workflow/Form 1A - Cessation As Employer/Template/Form 1 A - Cessation As Employer (Employer): Test Cases/Final Aug 2018 - PKS Automation/Registration Module/Workflow/Form 1A - Cessation As Employer/Template/Form 1 A - Cessation As Employer (Employer)

2019-01-03 12:38:47 - [TEST_STEP][PASSED] - callTestCase: Call Test Case 'Test Cases/Final Aug 2018 - PKS Automation/Registration Module/Workflow/Update Add New Employee/Template/New Company for Update Add New - Employer' successfully

2019-01-03 12:38:47 - [TEST_CASE][PASSED] - Test Cases/Final Aug 2018 - PKS Automation/Registration Module/Workflow/Update Add New Employee/Template/New Company for Update Add New - Employer: Test Cases/Final Aug 2018 - PKS Automation/Registration Module/Workflow/Update Add New Employee/Template/New Company for Update Add New - Employer

2019-01-03 12:38:47 - [TEST_STEP][PASSED] - callTestCase: Call Test Case 'Test Cases/Final Aug 2018 - PKS Automation/Create Employer Acc/Create Employer Account' successfully

2019-01-03 12:38:47 - [TEST_CASE][PASSED] - Test Cases/Final Aug 2018 - PKS Automation/Create Employer Acc/Create Employer Account: Test Cases/Final Aug 2018 - PKS Automation/Create Employer Acc/Create Employer Account

2019-01-03 12:38:47 - [TEST_STEP][PASSED] - callTestCase: Call Test Case 'Test Cases/Final Aug 2018 - PKS Automation/Create Employer Acc/Template/Register Employer' successfully

2019-01-03 12:38:47 - [TEST_CASE][PASSED] - Test Cases/Final Aug 2018 - PKS Automation/Create Employer Acc/Template/Register Employer: Test Cases/Final Aug 2018 - PKS Automation/Create Employer Acc/Template/Register Employer

2019-01-03 12:38:47 - [TEST_STEP][PASSED] - openBrowser: Browser is opened with url: ''

2019-01-03 12:38:51 - [MESSAGE][PASSED] - Browser is opened with url: ''

2019-01-03 12:38:51 - [TEST_STEP][PASSED] - navigateToUrl: Navigate to 'https://assist2-uat.perkeso.gov.my/login' successfully

2019-01-03 12:38:52 - [MESSAGE][PASSED] - Navigate to 'https://assist2-uat.perkeso.gov.my/login' successfully

2019-01-03 12:38:52 - [TEST_STEP][PASSED] - setText: Text 'johorotc1@gmail.com' is set on object 'Object Repository/Final Object Repo/Login Page/Internal User/Email Address'

2019-01-03 12:38:52 - [MESSAGE][PASSED] - Text 'johorotc1@gmail.com' is set on object 'Object Repository/Final Object Repo/Login Page/Internal User/Email Address'

2019-01-03 12:38:52 - [TEST_STEP][PASSED] - click: Object: 'Object Repository/Final Object Repo/Login Page/Internal User/Next Button' is clicked on

2019-01-03 12:38:53 - [MESSAGE][PASSED] - Object: 'Object Repository/Final Object Repo/Login Page/Internal User/Next Button' is clicked on

2019-01-03 12:38:53 - [TEST_STEP][PASSED] - delay: Delayed 1 second(s)

2019-01-03 12:38:54 - [MESSAGE][PASSED] - Delayed 1 second(s)

2019-01-03 12:38:54 - [TEST_STEP][PASSED] - setEncryptedText: Text ****** has been set on object 'Object Repository/Final Object Repo/Login Page/Internal User/Password'

2019-01-03 12:38:54 - [MESSAGE][PASSED] - Text ****** has been set on object 'Object Repository/Final Object Repo/Login Page/Internal User/Password'

2019-01-03 12:38:54 - [TEST_STEP][PASSED] - click: Object: 'Object Repository/Final Object Repo/Login Page/Internal User/Login Button' is clicked on

2019-01-03 12:38:54 - [MESSAGE][PASSED] - Object: 'Object Repository/Final Object Repo/Login Page/Internal User/Login Button' is clicked on

2019-01-03 12:38:54 - [TEST_STEP][PASSED] - delay: Delayed 1 second(s)

2019-01-03 12:38:55 - [MESSAGE][PASSED] - Delayed 1 second(s)

2019-01-03 12:38:55 - [TEST_STEP][PASSED] - navigateToUrl: Navigate to 'https://assist2-uat.perkeso.gov.my/web/base/portal-id/registration' successfully

2019-01-03 12:38:57 - [MESSAGE][PASSED] - Navigate to 'https://assist2-uat.perkeso.gov.my/web/base/portal-id/registration' successfully

2019-01-03 12:38:57 - [TEST_STEP][PASSED] - setText: Text 'AUTOMATION EMPLOYER' is set on object 'Object Repository/Final Object Repo/Creating Employer Account/Page_Registration - ASSIST (Base)/Employer Name'

2019-01-03 12:38:58 - [MESSAGE][PASSED] - Text 'AUTOMATION EMPLOYER' is set on object 'Object Repository/Final Object Repo/Creating Employer Account/Page_Registration - ASSIST (Base)/Employer Name'

2019-01-03 12:38:58 - [TEST_STEP][PASSED] - delay: Delayed 2 second(s)

2019-01-03 12:39:00 - [MESSAGE][PASSED] - Delayed 2 second(s)

2019-01-03 12:39:00 - [TEST_STEP][PASSED] - click: Object: 'Object Repository/Final Object Repo/Creating Employer Account/Page_Registration - ASSIST (Base)/Registration Type' is clicked on

2019-01-03 12:39:00 - [MESSAGE][PASSED] - Object: 'Object Repository/Final Object Repo/Creating Employer Account/Page_Registration - ASSIST (Base)/Registration Type' is clicked on

2019-01-03 12:39:00 - [TEST_STEP][PASSED] - delay: Delayed 2 second(s)

2019-01-03 12:39:02 - [MESSAGE][PASSED] - Delayed 2 second(s)

2019-01-03 12:39:02 - [TEST_STEP][PASSED] - click: Object: 'Object Repository/Final Object Repo/Creating Employer Account/Page_Registration - ASSIST (Base)/Registration Type - Registration No' is clicked on

2019-01-03 12:39:02 - [MESSAGE][PASSED] - Object: 'Object Repository/Final Object Repo/Creating Employer Account/Page_Registration - ASSIST (Base)/Registration Type - Registration No' is clicked on

2019-01-03 12:39:02 - [TEST_STEP][PASSED] - delay: Delayed 2 second(s)

2019-01-03 12:39:04 - [MESSAGE][PASSED] - Delayed 2 second(s)

2019-01-03 12:39:04 - [TEST_STEP][PASSED] - setText: Text 'AUTOMATE001' is set on object 'Object Repository/Final Object Repo/Creating Employer Account/Page_Registration - ASSIST (Base)/Registration Number'

2019-01-03 12:39:05 - [MESSAGE][PASSED] - Text 'AUTOMATE001' is set on object 'Object Repository/Final Object Repo/Creating Employer Account/Page_Registration - ASSIST (Base)/Registration Number'

2019-01-03 12:39:05 - [TEST_STEP][PASSED] - delay: Delayed 2 second(s)

2019-01-03 12:39:07 - [MESSAGE][PASSED] - Delayed 2 second(s)

2019-01-03 12:39:07 - [TEST_STEP][PASSED] - setText: Text 'ADDRESS 1' is set on object 'Object Repository/Final Object Repo/Creating Employer Account/Page_Registration - ASSIST (Base)/Postal Address 1'

2019-01-03 12:39:07 - [MESSAGE][PASSED] - Text 'ADDRESS 1' is set on object 'Object Repository/Final Object Repo/Creating Employer Account/Page_Registration - ASSIST (Base)/Postal Address 1'

2019-01-03 12:39:07 - [TEST_STEP][PASSED] - setText: Text 'ADDRESS 2' is set on object 'Object Repository/Final Object Repo/Creating Employer Account/Page_Registration - ASSIST (Base)/Postal Address 2'

2019-01-03 12:39:07 - [MESSAGE][PASSED] - Text 'ADDRESS 2' is set on object 'Object Repository/Final Object Repo/Creating Employer Account/Page_Registration - ASSIST (Base)/Postal Address 2'

2019-01-03 12:39:07 - [TEST_STEP][PASSED] - click: Object: 'Object Repository/Final Object Repo/Creating Employer Account/Page_Registration - ASSIST (Base)/State' is clicked on

2019-01-03 12:39:07 - [MESSAGE][PASSED] - Object: 'Object Repository/Final Object Repo/Creating Employer Account/Page_Registration - ASSIST (Base)/State' is clicked on

2019-01-03 12:39:07 - [TEST_STEP][PASSED] - delay: Delayed 2 second(s)

2019-01-03 12:39:09 - [MESSAGE][PASSED] - Delayed 2 second(s)

2019-01-03 12:39:09 - [TEST_STEP][PASSED] - click: Object: 'Object Repository/Final Object Repo/Creating Employer Account/Page_Registration - ASSIST (Base)/State - Johor' is clicked on

2019-01-03 12:39:10 - [MESSAGE][PASSED] - Object: 'Object Repository/Final Object Repo/Creating Employer Account/Page_Registration - ASSIST (Base)/State - Johor' is clicked on

2019-01-03 12:39:10 - [TEST_STEP][PASSED] - delay: Delayed 2 second(s)

2019-01-03 12:39:12 - [MESSAGE][PASSED] - Delayed 2 second(s)

2019-01-03 12:39:12 - [TEST_STEP][PASSED] - click: Object: 'Object Repository/Final Object Repo/Creating Employer Account/Page_Registration - ASSIST (Base)/City' is clicked on

2019-01-03 12:39:12 - [MESSAGE][PASSED] - Object: 'Object Repository/Final Object Repo/Creating Employer Account/Page_Registration - ASSIST (Base)/City' is clicked on

2019-01-03 12:39:12 - [TEST_STEP][PASSED] - delay: Delayed 2 second(s)

2019-01-03 12:39:14 - [MESSAGE][PASSED] - Delayed 2 second(s)

2019-01-03 12:39:14 - [TEST_STEP][PASSED] - setText: Text 'joh' is set on object 'Object Repository/Final Object Repo/Creating Employer Account/Page_Registration - ASSIST (Base)/City - joh'

2019-01-03 12:39:14 - [MESSAGE][PASSED] - Text 'joh' is set on object 'Object Repository/Final Object Repo/Creating Employer Account/Page_Registration - ASSIST (Base)/City - joh'

2019-01-03 12:39:14 - [TEST_STEP][PASSED] - delay: Delayed 2 second(s)

2019-01-03 12:39:16 - [MESSAGE][PASSED] - Delayed 2 second(s)

2019-01-03 12:39:16 - [TEST_STEP][PASSED] - click: Object: 'Object Repository/Final Object Repo/Creating Employer Account/Page_Registration - ASSIST (Base)/City - Johor Bharu' is clicked on

2019-01-03 12:39:16 - [MESSAGE][PASSED] - Object: 'Object Repository/Final Object Repo/Creating Employer Account/Page_Registration - ASSIST (Base)/City - Johor Bharu' is clicked on

2019-01-03 12:39:16 - [TEST_STEP][PASSED] - delay: Delayed 2 second(s)

2019-01-03 12:39:18 - [MESSAGE][PASSED] - Delayed 2 second(s)

2019-01-03 12:39:18 - [TEST_STEP][PASSED] - click: Object: 'Object Repository/Final Object Repo/Creating Employer Account/Page_Registration - ASSIST (Base)/Post Code' is clicked on

2019-01-03 12:39:18 - [MESSAGE][PASSED] - Object: 'Object Repository/Final Object Repo/Creating Employer Account/Page_Registration - ASSIST (Base)/Post Code' is clicked on

2019-01-03 12:39:18 - [TEST_STEP][PASSED] - delay: Delayed 2 second(s)

2019-01-03 12:39:20 - [MESSAGE][PASSED] - Delayed 2 second(s)

2019-01-03 12:39:20 - [TEST_STEP][PASSED] - setText: Text '810' is set on object 'Object Repository/Final Object Repo/Creating Employer Account/Page_Registration - ASSIST (Base)/Post Code - 810'

2019-01-03 12:39:21 - [MESSAGE][PASSED] - Text '810' is set on object 'Object Repository/Final Object Repo/Creating Employer Account/Page_Registration - ASSIST (Base)/Post Code - 810'

2019-01-03 12:39:21 - [TEST_STEP][PASSED] - delay: Delayed 2 second(s)

2019-01-03 12:39:23 - [MESSAGE][PASSED] - Delayed 2 second(s)

2019-01-03 12:39:23 - [TEST_STEP][PASSED] - click: Object: 'Object Repository/Final Object Repo/Creating Employer Account/Page_Registration - ASSIST (Base)/Post Code - 81000' is clicked on

2019-01-03 12:39:23 - [MESSAGE][PASSED] - Object: 'Object Repository/Final Object Repo/Creating Employer Account/Page_Registration - ASSIST (Base)/Post Code - 81000' is clicked on

2019-01-03 12:39:23 - [TEST_STEP][PASSED] - delay: Delayed 2 second(s)

2019-01-03 12:39:25 - [MESSAGE][PASSED] - Delayed 2 second(s)

2019-01-03 12:39:25 - [TEST_STEP][PASSED] - setText: Text 'PERKESO' is set on object 'Object Repository/Final Object Repo/Creating Employer Account/Page_Registration - ASSIST (Base)/Full Name'

2019-01-03 12:39:25 - [MESSAGE][PASSED] - Text 'PERKESO' is set on object 'Object Repository/Final Object Repo/Creating Employer Account/Page_Registration - ASSIST (Base)/Full Name'

2019-01-03 12:39:25 - [TEST_STEP][PASSED] - Statement - rnd = new java.util.Random(): null

2019-01-03 12:39:25 - [TEST_STEP][PASSED] - Statement - snum = rnd.nextInt(899999 + 1) + 100000: null

2019-01-03 12:39:25 - [TEST_STEP][PASSED] - Statement - tnum = rnd.nextInt(899999 + 1) + 100000: null

2019-01-03 12:39:25 - [TEST_STEP][PASSED] - Statement - IC = java.lang.Integer.toString(snum) + java.lang.Integer.toString(tnum): null

2019-01-03 12:39:25 - [TEST_STEP][PASSED] - Statement - out.println(IC): null

2019-01-03 12:39:25 - [TEST_STEP][PASSED] - setText: Text '534176763118' is set on object 'Object Repository/Final Object Repo/Creating Employer Account/Page_Registration - ASSIST (Base)/Identification Number'

2019-01-03 12:39:26 - [MESSAGE][PASSED] - Text '534176763118' is set on object 'Object Repository/Final Object Repo/Creating Employer Account/Page_Registration - ASSIST (Base)/Identification Number'

2019-01-03 12:39:26 - [TEST_STEP][PASSED] - delay: Delayed 2 second(s)

2019-01-03 12:39:28 - [MESSAGE][PASSED] - Delayed 2 second(s)

2019-01-03 12:39:28 - [TEST_STEP][PASSED] - setText: Text '123456789012' is set on object 'Object Repository/Final Object Repo/Creating Employer Account/Page_Registration - ASSIST (Base)/Contact Number'

2019-01-03 12:39:28 - [MESSAGE][PASSED] - Text '123456789012' is set on object 'Object Repository/Final Object Repo/Creating Employer Account/Page_Registration - ASSIST (Base)/Contact Number'

2019-01-03 12:39:28 - [TEST_STEP][PASSED] - Statement - Email = "perkeso" + IC + "@gmail.com": null

2019-01-03 12:39:28 - [TEST_STEP][PASSED] - delay: Delayed 2 second(s)

2019-01-03 12:39:30 - [MESSAGE][PASSED] - Delayed 2 second(s)

2019-01-03 12:39:30 - [TEST_STEP][PASSED] - callTestCase: Call Test Case 'Test Cases/Final Aug 2018 - PKS Automation/Create Employer Acc/Template/Employer Email Settler' successfully

2019-01-03 12:39:30 - [TEST_CASE][PASSED] - Test Cases/Final Aug 2018 - PKS Automation/Create Employer Acc/Template/Employer Email Settler: Test Cases/Final Aug 2018 - PKS Automation/Create Employer Acc/Template/Employer Email Settler

2019-01-03 12:39:30 - [TEST_STEP][PASSED] - Statement - EmpEmailOld = new java.io.File(C://Users//Admin//Desktop//PKS//Automation Reference Point//EmpEmail.txt): null

2019-01-03 12:39:30 - [TEST_STEP][PASSED] - Statement - EmpEmailOld.delete(): null

2019-01-03 12:39:30 - [TEST_STEP][PASSED] - delay: Delayed 5 second(s)

2019-01-03 12:39:35 - [MESSAGE][PASSED] - Delayed 5 second(s)

2019-01-03 12:39:35 - [TEST_STEP][PASSED] - Statement - EmpEmail = new java.io.File(C://Users//Admin//Desktop//PKS//Automation Reference Point//EmpEmail.txt): null

2019-01-03 12:39:35 - [TEST_STEP][PASSED] - Statement - f2 = new java.io.FileWriter(EmpEmail, false): null

2019-01-03 12:39:35 - [TEST_STEP][PASSED] - Statement - f2.write(Email): null

2019-01-03 12:39:35 - [TEST_STEP][PASSED] - Statement - f2.close(): null

2019-01-03 12:39:35 - [TEST_STEP][PASSED] - Statement - out.println(Email): null

2019-01-03 12:39:35 - [MESSAGE][PASSED] - Call Test Case 'Test Cases/Final Aug 2018 - PKS Automation/Create Employer Acc/Template/Employer Email Settler' successfully

2019-01-03 12:39:35 - [TEST_STEP][PASSED] - delay: Delayed 2 second(s)

2019-01-03 12:39:37 - [MESSAGE][PASSED] - Delayed 2 second(s)

2019-01-03 12:39:37 - [TEST_STEP][PASSED] - setText: Text 'perkeso534176763118@gmail.com' is set on object 'Object Repository/Final Object Repo/Creating Employer Account/Page_Registration - ASSIST (Base)/Email'

2019-01-03 12:39:38 - [MESSAGE][PASSED] - Text 'perkeso534176763118@gmail.com' is set on object 'Object Repository/Final Object Repo/Creating Employer Account/Page_Registration - ASSIST (Base)/Email'

2019-01-03 12:39:38 - [TEST_STEP][PASSED] - setText: Text '123' is set on object 'Object Repository/Final Object Repo/Creating Employer Account/Page_Registration - ASSIST (Base)/Security Phase'

2019-01-03 12:39:38 - [MESSAGE][PASSED] - Text '123' is set on object 'Object Repository/Final Object Repo/Creating Employer Account/Page_Registration - ASSIST (Base)/Security Phase'

2019-01-03 12:39:38 - [TEST_STEP][PASSED] - click: Object: 'Object Repository/Final Object Repo/Creating Employer Account/Page_Registration - ASSIST (Base)/Save  Continue' is clicked on

2019-01-03 12:39:38 - [MESSAGE][PASSED] - Object: 'Object Repository/Final Object Repo/Creating Employer Account/Page_Registration - ASSIST (Base)/Save  Continue' is clicked on

2019-01-03 12:39:38 - [TEST_STEP][PASSED] - delay: Delayed 2 second(s)

2019-01-03 12:39:40 - [MESSAGE][PASSED] - Delayed 2 second(s)

2019-01-03 12:39:40 - [TEST_STEP][PASSED] - click: Object: 'Object Repository/Final Object Repo/Creating Employer Account/Page_Registration - ASSIST (Base)/Add Document' is clicked on

2019-01-03 12:39:41 - [MESSAGE][PASSED] - Object: 'Object Repository/Final Object Repo/Creating Employer Account/Page_Registration - ASSIST (Base)/Add Document' is clicked on

2019-01-03 12:39:41 - [TEST_STEP][PASSED] - delay: Delayed 2 second(s)

2019-01-03 12:39:43 - [MESSAGE][PASSED] - Delayed 2 second(s)

2019-01-03 12:39:43 - [TEST_STEP][PASSED] - click: Object: 'Object Repository/Final Object Repo/Creating Employer Account/Page_Registration - ASSIST (Base)/Document Type' is clicked on

2019-01-03 12:39:43 - [MESSAGE][PASSED] - Object: 'Object Repository/Final Object Repo/Creating Employer Account/Page_Registration - ASSIST (Base)/Document Type' is clicked on

2019-01-03 12:39:43 - [TEST_STEP][PASSED] - delay: Delayed 2 second(s)

2019-01-03 12:39:45 - [MESSAGE][PASSED] - Delayed 2 second(s)

2019-01-03 12:39:45 - [TEST_STEP][PASSED] - click: Object: 'Object Repository/Final Object Repo/Creating Employer Account/Page_Registration - ASSIST (Base)/Document Type - Letter of Authorization' is clicked on

2019-01-03 12:39:45 - [MESSAGE][PASSED] - Object: 'Object Repository/Final Object Repo/Creating Employer Account/Page_Registration - ASSIST (Base)/Document Type - Letter of Authorization' is clicked on

2019-01-03 12:39:45 - [TEST_STEP][PASSED] - delay: Delayed 2 second(s)

2019-01-03 12:39:47 - [MESSAGE][PASSED] - Delayed 2 second(s)

2019-01-03 12:39:47 - [TEST_STEP][PASSED] - sendKeys: Keys 'C:\Users\Public\Pictures\Sample Pictures\Koala.jpg' sent to object: 'Object Repository/Final Object Repo/Creating Employer Account/Page_Registration - ASSIST (Base)/Uploading File'

2019-01-03 12:39:47 - [MESSAGE][PASSED] - Keys 'C:\Users\Public\Pictures\Sample Pictures\Koala.jpg' sent to object: 'Object Repository/Final Object Repo/Creating Employer Account/Page_Registration - ASSIST (Base)/Uploading File'

2019-01-03 12:39:47 - [TEST_STEP][PASSED] - delay: Delayed 2 second(s)

2019-01-03 12:39:49 - [MESSAGE][PASSED] - Delayed 2 second(s)

2019-01-03 12:39:49 - [TEST_STEP][PASSED] - click: Object: 'Object Repository/Final Object Repo/Creating Employer Account/Page_Registration - ASSIST (Base)/Add Document in Uploading File' is clicked on

2019-01-03 12:39:49 - [MESSAGE][PASSED] - Object: 'Object Repository/Final Object Repo/Creating Employer Account/Page_Registration - ASSIST (Base)/Add Document in Uploading File' is clicked on

2019-01-03 12:39:49 - [TEST_STEP][PASSED] - delay: Delayed 2 second(s)

2019-01-03 12:39:51 - [MESSAGE][PASSED] - Delayed 2 second(s)

2019-01-03 12:39:51 - [TEST_STEP][PASSED] - click: Object: 'Object Repository/Final Object Repo/Creating Employer Account/Page_Registration - ASSIST (Base)/Save' is clicked on

2019-01-03 12:39:51 - [MESSAGE][PASSED] - Object: 'Object Repository/Final Object Repo/Creating Employer Account/Page_Registration - ASSIST (Base)/Save' is clicked on

2019-01-03 12:39:51 - [TEST_STEP][PASSED] - delay: Delayed 2 second(s)

2019-01-03 12:39:53 - [MESSAGE][PASSED] - Delayed 2 second(s)

2019-01-03 12:39:53 - [TEST_STEP][PASSED] - click: Object: 'Object Repository/Final Object Repo/Creating Employer Account/Page_Registration - ASSIST (Base)/Submit' is clicked on

2019-01-03 12:39:54 - [MESSAGE][PASSED] - Object: 'Object Repository/Final Object Repo/Creating Employer Account/Page_Registration - ASSIST (Base)/Submit' is clicked on

2019-01-03 12:39:54 - [TEST_STEP][PASSED] - delay: Delayed 2 second(s)

2019-01-03 12:39:56 - [MESSAGE][PASSED] - Delayed 2 second(s)

2019-01-03 12:39:56 - [TEST_STEP][PASSED] - click: Object: 'Object Repository/Final Object Repo/Creating Employer Account/Page_Registration - ASSIST (Base)/Confirm' is clicked on

2019-01-03 12:39:56 - [MESSAGE][PASSED] - Object: 'Object Repository/Final Object Repo/Creating Employer Account/Page_Registration - ASSIST (Base)/Confirm' is clicked on

2019-01-03 12:39:56 - [MESSAGE][PASSED] - Call Test Case 'Test Cases/Final Aug 2018 - PKS Automation/Create Employer Acc/Template/Register Employer' successfully

2019-01-03 12:39:56 - [TEST_STEP][PASSED] - delay: Delayed 1 second(s)

2019-01-03 12:39:57 - [MESSAGE][PASSED] - Delayed 1 second(s)

2019-01-03 12:39:57 - [TEST_STEP][PASSED] - navigateToUrl: Navigate to 'https://assist2-uat.perkeso.gov.my/c/portal/logout' successfully

2019-01-03 12:39:58 - [MESSAGE][PASSED] - Navigate to 'https://assist2-uat.perkeso.gov.my/c/portal/logout' successfully

2019-01-03 12:39:58 - [TEST_STEP][PASSED] - delay: Delayed 1 second(s)

2019-01-03 12:39:59 - [MESSAGE][PASSED] - Delayed 1 second(s)

2019-01-03 12:39:59 - [TEST_STEP][PASSED] - callTestCase: Call Test Case 'Test Cases/Final Aug 2018 - PKS Automation/Create Employer Acc/Template/Change Password of Employer' successfully

2019-01-03 12:39:59 - [TEST_CASE][PASSED] - Test Cases/Final Aug 2018 - PKS Automation/Create Employer Acc/Template/Change Password of Employer: Test Cases/Final Aug 2018 - PKS Automation/Create Employer Acc/Template/Change Password of Employer

2019-01-03 12:40:00 - [TEST_STEP][PASSED] - openBrowser: Browser is opened with url: ''

2019-01-03 12:40:00 - [MESSAGE][WARNING] - A browser is already opened. Closing browser and opening a new one

2019-01-03 12:40:03 - [MESSAGE][PASSED] - Browser is opened with url: ''

2019-01-03 12:40:03 - [TEST_STEP][PASSED] - navigateToUrl: Navigate to 'https://assist2-uat.perkeso.gov.my/login' successfully

2019-01-03 12:40:04 - [MESSAGE][PASSED] - Navigate to 'https://assist2-uat.perkeso.gov.my/login' successfully

2019-01-03 12:40:04 - [TEST_STEP][PASSED] - delay: Delayed 5 second(s)

2019-01-03 12:40:09 - [MESSAGE][PASSED] - Delayed 5 second(s)

2019-01-03 12:40:09 - [TEST_STEP][PASSED] - setText: Text 'test@liferay.com' is set on object 'Object Repository/Final Object Repo/Login Page/Internal User/Email Address'

2019-01-03 12:40:09 - [MESSAGE][PASSED] - Text 'test@liferay.com' is set on object 'Object Repository/Final Object Repo/Login Page/Internal User/Email Address'

2019-01-03 12:40:09 - [TEST_STEP][PASSED] - click: Object: 'Object Repository/Final Object Repo/Login Page/Internal User/Next Button' is clicked on

2019-01-03 12:40:09 - [MESSAGE][PASSED] - Object: 'Object Repository/Final Object Repo/Login Page/Internal User/Next Button' is clicked on

2019-01-03 12:40:09 - [TEST_STEP][PASSED] - delay: Delayed 2 second(s)

2019-01-03 12:40:11 - [MESSAGE][PASSED] - Delayed 2 second(s)

2019-01-03 12:40:11 - [TEST_STEP][PASSED] - setText: Text 'test' is set on object 'Object Repository/Final Object Repo/Login Page/Internal User/Password'

2019-01-03 12:40:11 - [MESSAGE][PASSED] - Text 'test' is set on object 'Object Repository/Final Object Repo/Login Page/Internal User/Password'

2019-01-03 12:40:11 - [TEST_STEP][PASSED] - delay: Delayed 2 second(s)

2019-01-03 12:40:13 - [MESSAGE][PASSED] - Delayed 2 second(s)

2019-01-03 12:40:13 - [TEST_STEP][PASSED] - click: Object: 'Object Repository/Final Object Repo/Login Page/Internal User/Login Button' is clicked on

2019-01-03 12:40:13 - [MESSAGE][PASSED] - Object: 'Object Repository/Final Object Repo/Login Page/Internal User/Login Button' is clicked on

2019-01-03 12:40:13 - [TEST_STEP][PASSED] - delay: Delayed 3 second(s)

2019-01-03 12:40:16 - [MESSAGE][PASSED] - Delayed 3 second(s)

2019-01-03 12:40:16 - [TEST_STEP][PASSED] - navigateToUrl: Navigate to 'https://assist2-uat.perkeso.gov.my/group/control_panel/manage?p_p_id=125&p_p_lifecycle=0&p_p_state=maximized&p_p_mode=view&refererPlid=20455&_125_usersListView=flat-users&_125_toolbarItem=view-all-users&_125_saveUsersListView=true&_125_struts_action=%2Fusers_admin%2Fview' successfully

2019-01-03 12:40:18 - [MESSAGE][PASSED] - Navigate to 'https://assist2-uat.perkeso.gov.my/group/control_panel/manage?p_p_id=125&p_p_lifecycle=0&p_p_state=maximized&p_p_mode=view&refererPlid=20455&_125_usersListView=flat-users&_125_toolbarItem=view-all-users&_125_saveUsersListView=true&_125_struts_action=%2Fusers_admin%2Fview' successfully

2019-01-03 12:40:18 - [TEST_STEP][PASSED] - delay: Delayed 3 second(s)

2019-01-03 12:40:21 - [MESSAGE][PASSED] - Delayed 3 second(s)

2019-01-03 12:40:21 - [TEST_STEP][PASSED] - setText: Text 'perkeso534176763118@gmail.com' is set on object 'Object Repository/Final Object Repo/Creating Employer Account/Page_Users and Organizations - ASSIST/Employer name'

2019-01-03 12:40:21 - [MESSAGE][PASSED] - Text 'perkeso534176763118@gmail.com' is set on object 'Object Repository/Final Object Repo/Creating Employer Account/Page_Users and Organizations - ASSIST/Employer name'

2019-01-03 12:40:21 - [TEST_STEP][PASSED] - delay: Delayed 3 second(s)

2019-01-03 12:40:24 - [MESSAGE][PASSED] - Delayed 3 second(s)

2019-01-03 12:40:24 - [TEST_STEP][PASSED] - click: Object: 'Object Repository/Final Object Repo/Creating Employer Account/Page_Users and Organizations - ASSIST/Search' is clicked on

2019-01-03 12:40:25 - [MESSAGE][PASSED] - Object: 'Object Repository/Final Object Repo/Creating Employer Account/Page_Users and Organizations - ASSIST/Search' is clicked on

2019-01-03 12:40:25 - [TEST_STEP][PASSED] - delay: Delayed 3 second(s)

2019-01-03 12:40:28 - [MESSAGE][PASSED] - Delayed 3 second(s)

2019-01-03 12:40:28 - [TEST_STEP][PASSED] - click: Object: 'Object Repository/Final Object Repo/Creating Employer Account/Page_Users and Organizations - ASSIST/Action' is clicked on

2019-01-03 12:40:28 - [MESSAGE][PASSED] - Object: 'Object Repository/Final Object Repo/Creating Employer Account/Page_Users and Organizations - ASSIST/Action' is clicked on

2019-01-03 12:40:28 - [TEST_STEP][PASSED] - delay: Delayed 3 second(s)

2019-01-03 12:40:31 - [MESSAGE][PASSED] - Delayed 3 second(s)

2019-01-03 12:40:31 - [TEST_STEP][PASSED] - click: Object: 'Object Repository/Final Object Repo/Creating Employer Account/Page_Users and Organizations - ASSIST/Edit' is clicked on

2019-01-03 12:40:32 - [MESSAGE][PASSED] - Object: 'Object Repository/Final Object Repo/Creating Employer Account/Page_Users and Organizations - ASSIST/Edit' is clicked on

2019-01-03 12:40:32 - [TEST_STEP][PASSED] - delay: Delayed 3 second(s)

2019-01-03 12:40:35 - [MESSAGE][PASSED] - Delayed 3 second(s)

2019-01-03 12:40:35 - [TEST_STEP][PASSED] - click: Object: 'Object Repository/Final Object Repo/Creating Employer Account/Page_PERKESO - Users and Organizati/a_Password (Modified)' is clicked on

2019-01-03 12:40:35 - [MESSAGE][PASSED] - Object: 'Object Repository/Final Object Repo/Creating Employer Account/Page_PERKESO - Users and Organizati/a_Password (Modified)' is clicked on

2019-01-03 12:40:35 - [TEST_STEP][PASSED] - delay: Delayed 3 second(s)

2019-01-03 12:40:38 - [MESSAGE][PASSED] - Delayed 3 second(s)

2019-01-03 12:40:38 - [TEST_STEP][PASSED] - setEncryptedText: Text ****** has been set on object 'Object Repository/Final Object Repo/Creating Employer Account/Page_PERKESO - Users and Organizati/input__125_password1'

2019-01-03 12:40:39 - [MESSAGE][PASSED] - Text ****** has been set on object 'Object Repository/Final Object Repo/Creating Employer Account/Page_PERKESO - Users and Organizati/input__125_password1'

2019-01-03 12:40:39 - [TEST_STEP][PASSED] - delay: Delayed 3 second(s)

2019-01-03 12:40:42 - [MESSAGE][PASSED] - Delayed 3 second(s)

2019-01-03 12:40:42 - [TEST_STEP][PASSED] - setEncryptedText: Text ****** has been set on object 'Object Repository/Final Object Repo/Creating Employer Account/Page_PERKESO - Users and Organizati/input__125_password2'

2019-01-03 12:40:42 - [MESSAGE][PASSED] - Text ****** has been set on object 'Object Repository/Final Object Repo/Creating Employer Account/Page_PERKESO - Users and Organizati/input__125_password2'

2019-01-03 12:40:42 - [TEST_STEP][PASSED] - delay: Delayed 3 second(s)

2019-01-03 12:40:45 - [MESSAGE][PASSED] - Delayed 3 second(s)

2019-01-03 12:40:45 - [TEST_STEP][PASSED] - click: Object: 'Object Repository/Final Object Repo/Creating Employer Account/Page_PERKESO - Users and Organizati/Save' is clicked on

2019-01-03 12:40:47 - [MESSAGE][PASSED] - Object: 'Object Repository/Final Object Repo/Creating Employer Account/Page_PERKESO - Users and Organizati/Save' is clicked on

2019-01-03 12:40:47 - [MESSAGE][PASSED] - Call Test Case 'Test Cases/Final Aug 2018 - PKS Automation/Create Employer Acc/Template/Change Password of Employer' successfully

2019-01-03 12:40:47 - [TEST_STEP][PASSED] - delay: Delayed 1 second(s)

2019-01-03 12:40:48 - [MESSAGE][PASSED] - Delayed 1 second(s)

2019-01-03 12:40:48 - [TEST_STEP][PASSED] - navigateToUrl: Navigate to 'https://assist2-uat.perkeso.gov.my/c/portal/logout' successfully

2019-01-03 12:40:48 - [MESSAGE][PASSED] - Navigate to 'https://assist2-uat.perkeso.gov.my/c/portal/logout' successfully

2019-01-03 12:40:48 - [TEST_STEP][PASSED] - delay: Delayed 1 second(s)

2019-01-03 12:40:49 - [MESSAGE][PASSED] - Delayed 1 second(s)

2019-01-03 12:40:49 - [TEST_STEP][PASSED] - callTestCase: Call Test Case 'Test Cases/Final Aug 2018 - PKS Automation/Create Employer Acc/Template/Login to Employer Account (First Time)' successfully

2019-01-03 12:40:49 - [TEST_CASE][PASSED] - Test Cases/Final Aug 2018 - PKS Automation/Create Employer Acc/Template/Login to Employer Account (First Time): Test Cases/Final Aug 2018 - PKS Automation/Create Employer Acc/Template/Login to Employer Account (First Time)

2019-01-03 12:40:50 - [TEST_STEP][PASSED] - openBrowser: Browser is opened with url: ''

2019-01-03 12:40:50 - [MESSAGE][WARNING] - A browser is already opened. Closing browser and opening a new one

2019-01-03 12:40:53 - [MESSAGE][PASSED] - Browser is opened with url: ''

2019-01-03 12:40:53 - [TEST_STEP][PASSED] - navigateToUrl: Navigate to 'https://assist2-uat.perkeso.gov.my/employer/login' successfully

2019-01-03 12:40:54 - [MESSAGE][PASSED] - Navigate to 'https://assist2-uat.perkeso.gov.my/employer/login' successfully

2019-01-03 12:40:54 - [TEST_STEP][PASSED] - delay: Delayed 3 second(s)

2019-01-03 12:40:57 - [MESSAGE][PASSED] - Delayed 3 second(s)

2019-01-03 12:40:57 - [TEST_STEP][PASSED] - callTestCase: Call Test Case 'Test Cases/Final Aug 2018 - PKS Automation/Create Employer Acc/Template/Employer Email Getter' successfully

2019-01-03 12:40:57 - [TEST_CASE][PASSED] - Test Cases/Final Aug 2018 - PKS Automation/Create Employer Acc/Template/Employer Email Getter: Test Cases/Final Aug 2018 - PKS Automation/Create Employer Acc/Template/Employer Email Getter

2019-01-03 12:40:57 - [TEST_STEP][PASSED] - Statement - Try: null

2019-01-03 12:40:57 - [TEST_STEP][PASSED] - Statement - EmpEmail = new java.io.File(C://Users//Admin//Desktop//PKS//Automation Reference Point//EmpEmail.txt): null

2019-01-03 12:40:57 - [TEST_STEP][PASSED] - Statement - bufferread = new java.io.BufferedReader(new java.io.FileReader(EmpEmail)): null

2019-01-03 12:40:57 - [TEST_STEP][PASSED] - Statement - readedVal = bufferread.readLine(): null

2019-01-03 12:40:57 - [TEST_STEP][PASSED] - Statement - out.println(readedVal): null

2019-01-03 12:40:57 - [TEST_STEP][PASSED] - Statement - Email = readedVal: null

2019-01-03 12:40:57 - [MESSAGE][PASSED] - Call Test Case 'Test Cases/Final Aug 2018 - PKS Automation/Create Employer Acc/Template/Employer Email Getter' successfully

2019-01-03 12:40:57 - [TEST_STEP][PASSED] - setText: Text 'perkeso534176763118@gmail.com' is set on object 'Object Repository/Final Object Repo/Login Page/External Login Page/Email'

2019-01-03 12:40:57 - [MESSAGE][PASSED] - Text 'perkeso534176763118@gmail.com' is set on object 'Object Repository/Final Object Repo/Login Page/External Login Page/Email'

2019-01-03 12:40:57 - [TEST_STEP][PASSED] - click: Object: 'Object Repository/Final Object Repo/Login Page/External Login Page/Next' is clicked on

2019-01-03 12:40:58 - [MESSAGE][PASSED] - Object: 'Object Repository/Final Object Repo/Login Page/External Login Page/Next' is clicked on

2019-01-03 12:40:58 - [TEST_STEP][PASSED] - delay: Delayed 3 second(s)

2019-01-03 12:41:01 - [MESSAGE][PASSED] - Delayed 3 second(s)

2019-01-03 12:41:01 - [TEST_STEP][PASSED] - setEncryptedText: Text ****** has been set on object 'Object Repository/Final Object Repo/Login Page/External Login Page/Password'

2019-01-03 12:41:01 - [MESSAGE][PASSED] - Text ****** has been set on object 'Object Repository/Final Object Repo/Login Page/External Login Page/Password'

2019-01-03 12:41:01 - [TEST_STEP][PASSED] - click: Object: 'Object Repository/Final Object Repo/Login Page/External Login Page/Login' is clicked on

2019-01-03 12:41:01 - [MESSAGE][PASSED] - Object: 'Object Repository/Final Object Repo/Login Page/External Login Page/Login' is clicked on

2019-01-03 12:41:01 - [TEST_STEP][PASSED] - delay: Delayed 3 second(s)

2019-01-03 12:41:04 - [MESSAGE][PASSED] - Delayed 3 second(s)

2019-01-03 12:41:04 - [TEST_STEP][PASSED] - click: Object: 'Object Repository/Final Object Repo/Creating Employer Account/Page_Terms of Use - ASSIST/button_I Agree' is clicked on

2019-01-03 12:41:04 - [MESSAGE][PASSED] - Object: 'Object Repository/Final Object Repo/Creating Employer Account/Page_Terms of Use - ASSIST/button_I Agree' is clicked on

2019-01-03 12:41:04 - [TEST_STEP][PASSED] - delay: Delayed 2 second(s)

2019-01-03 12:41:06 - [MESSAGE][PASSED] - Delayed 2 second(s)

2019-01-03 12:41:06 - [TEST_STEP][PASSED] - setEncryptedText: Text ****** has been set on object 'Object Repository/Final Object Repo/Creating Employer Account/Page_New Password - ASSIST/input_password1'

2019-01-03 12:41:06 - [MESSAGE][PASSED] - Text ****** has been set on object 'Object Repository/Final Object Repo/Creating Employer Account/Page_New Password - ASSIST/input_password1'

2019-01-03 12:41:06 - [TEST_STEP][PASSED] - setEncryptedText: Text ****** has been set on object 'Object Repository/Final Object Repo/Creating Employer Account/Page_New Password - ASSIST/input_password2'

2019-01-03 12:41:07 - [MESSAGE][PASSED] - Text ****** has been set on object 'Object Repository/Final Object Repo/Creating Employer Account/Page_New Password - ASSIST/input_password2'

2019-01-03 12:41:07 - [TEST_STEP][PASSED] - delay: Delayed 2 second(s)

2019-01-03 12:41:09 - [MESSAGE][PASSED] - Delayed 2 second(s)

2019-01-03 12:41:09 - [TEST_STEP][PASSED] - click: Object: 'Object Repository/Final Object Repo/Creating Employer Account/Page_New Password - ASSIST/Save' is clicked on

2019-01-03 12:41:09 - [MESSAGE][PASSED] - Object: 'Object Repository/Final Object Repo/Creating Employer Account/Page_New Password - ASSIST/Save' is clicked on

2019-01-03 12:41:09 - [TEST_STEP][PASSED] - delay: Delayed 2 second(s)

2019-01-03 12:41:11 - [MESSAGE][PASSED] - Delayed 2 second(s)

2019-01-03 12:41:11 - [TEST_STEP][PASSED] - setText: Text 'test' is set on object 'Object Repository/Final Object Repo/Creating Employer Account/Page_Password Reminder - ASSIST/Reminder Query Answer'

2019-01-03 12:41:11 - [MESSAGE][PASSED] - Text 'test' is set on object 'Object Repository/Final Object Repo/Creating Employer Account/Page_Password Reminder - ASSIST/Reminder Query Answer'

2019-01-03 12:41:11 - [TEST_STEP][PASSED] - delay: Delayed 2 second(s)

2019-01-03 12:41:13 - [MESSAGE][PASSED] - Delayed 2 second(s)

2019-01-03 12:41:13 - [TEST_STEP][PASSED] - doubleClick: Object: 'Object Repository/Final Object Repo/Creating Employer Account/Page_Password Reminder - ASSIST/Save' is double clicked on

2019-01-03 12:41:16 - [MESSAGE][PASSED] - Object: 'Object Repository/Final Object Repo/Creating Employer Account/Page_Password Reminder - ASSIST/Save' is double clicked on

2019-01-03 12:41:16 - [MESSAGE][PASSED] - Call Test Case 'Test Cases/Final Aug 2018 - PKS Automation/Create Employer Acc/Template/Login to Employer Account (First Time)' successfully

2019-01-03 12:41:16 - [MESSAGE][PASSED] - Call Test Case 'Test Cases/Final Aug 2018 - PKS Automation/Create Employer Acc/Create Employer Account' successfully

2019-01-03 12:41:16 - [TEST_STEP][PASSED] - callTestCase: Call Test Case 'Test Cases/Final Aug 2018 - PKS Automation/Registration Module/Log Out/log out avoiding katalon tagging' successfully

2019-01-03 12:41:16 - [TEST_CASE][PASSED] - Test Cases/Final Aug 2018 - PKS Automation/Registration Module/Log Out/log out avoiding katalon tagging: Test Cases/Final Aug 2018 - PKS Automation/Registration Module/Log Out/log out avoiding katalon tagging

2019-01-03 12:41:16 - [TEST_STEP][PASSED] - navigateToUrl: Navigate to 'https://assist2-uat.perkeso.gov.my/c/portal/logout' successfully

2019-01-03 12:41:17 - [MESSAGE][PASSED] - Navigate to 'https://assist2-uat.perkeso.gov.my/c/portal/logout' successfully

2019-01-03 12:41:17 - [MESSAGE][PASSED] - Call Test Case 'Test Cases/Final Aug 2018 - PKS Automation/Registration Module/Log Out/log out avoiding katalon tagging' successfully

2019-01-03 12:41:17 - [TEST_STEP][PASSED] - callTestCase: Call Test Case 'Test Cases/Final Aug 2018 - PKS Automation/Create Employer Acc/Login to Employer Account (Second time)' successfully

2019-01-03 12:41:17 - [TEST_CASE][PASSED] - Test Cases/Final Aug 2018 - PKS Automation/Create Employer Acc/Login to Employer Account (Second time): Test Cases/Final Aug 2018 - PKS Automation/Create Employer Acc/Login to Employer Account (Second time)

2019-01-03 12:41:17 - [TEST_STEP][PASSED] - openBrowser: Browser is opened with url: ''

2019-01-03 12:41:17 - [MESSAGE][WARNING] - A browser is already opened. Closing browser and opening a new one

2019-01-03 12:41:20 - [MESSAGE][PASSED] - Browser is opened with url: ''

2019-01-03 12:41:20 - [TEST_STEP][PASSED] - navigateToUrl: Navigate to 'https://assist2-uat.perkeso.gov.my/employer/login' successfully

2019-01-03 12:41:21 - [MESSAGE][PASSED] - Navigate to 'https://assist2-uat.perkeso.gov.my/employer/login' successfully

2019-01-03 12:41:21 - [TEST_STEP][PASSED] - delay: Delayed 3 second(s)

2019-01-03 12:41:24 - [MESSAGE][PASSED] - Delayed 3 second(s)

2019-01-03 12:41:24 - [TEST_STEP][PASSED] - callTestCase: Call Test Case 'Test Cases/Final Aug 2018 - PKS Automation/Create Employer Acc/Template/Employer Email Getter' successfully

2019-01-03 12:41:24 - [TEST_CASE][PASSED] - Test Cases/Final Aug 2018 - PKS Automation/Create Employer Acc/Template/Employer Email Getter: Test Cases/Final Aug 2018 - PKS Automation/Create Employer Acc/Template/Employer Email Getter

2019-01-03 12:41:24 - [TEST_STEP][PASSED] - Statement - Try: null

2019-01-03 12:41:24 - [TEST_STEP][PASSED] - Statement - EmpEmail = new java.io.File(C://Users//Admin//Desktop//PKS//Automation Reference Point//EmpEmail.txt): null

2019-01-03 12:41:24 - [TEST_STEP][PASSED] - Statement - bufferread = new java.io.BufferedReader(new java.io.FileReader(EmpEmail)): null

2019-01-03 12:41:24 - [TEST_STEP][PASSED] - Statement - readedVal = bufferread.readLine(): null

2019-01-03 12:41:24 - [TEST_STEP][PASSED] - Statement - out.println(readedVal): null

2019-01-03 12:41:24 - [TEST_STEP][PASSED] - Statement - Email = readedVal: null

2019-01-03 12:41:24 - [MESSAGE][PASSED] - Call Test Case 'Test Cases/Final Aug 2018 - PKS Automation/Create Employer Acc/Template/Employer Email Getter' successfully

2019-01-03 12:41:24 - [TEST_STEP][PASSED] - setText: Text 'perkeso534176763118@gmail.com' is set on object 'Object Repository/Final Object Repo/Login Page/External Login Page/Email'

2019-01-03 12:41:25 - [MESSAGE][PASSED] - Text 'perkeso534176763118@gmail.com' is set on object 'Object Repository/Final Object Repo/Login Page/External Login Page/Email'

2019-01-03 12:41:25 - [TEST_STEP][PASSED] - click: Object: 'Object Repository/Final Object Repo/Login Page/External Login Page/Next' is clicked on

2019-01-03 12:41:25 - [MESSAGE][PASSED] - Object: 'Object Repository/Final Object Repo/Login Page/External Login Page/Next' is clicked on

2019-01-03 12:41:25 - [TEST_STEP][PASSED] - delay: Delayed 3 second(s)

2019-01-03 12:41:28 - [MESSAGE][PASSED] - Delayed 3 second(s)

2019-01-03 12:41:28 - [TEST_STEP][PASSED] - setEncryptedText: Text ****** has been set on object 'Object Repository/Final Object Repo/Login Page/External Login Page/Password'

2019-01-03 12:41:28 - [MESSAGE][PASSED] - Text ****** has been set on object 'Object Repository/Final Object Repo/Login Page/External Login Page/Password'

2019-01-03 12:41:28 - [TEST_STEP][PASSED] - click: Object: 'Object Repository/Final Object Repo/Login Page/External Login Page/Login' is clicked on

2019-01-03 12:41:28 - [MESSAGE][PASSED] - Object: 'Object Repository/Final Object Repo/Login Page/External Login Page/Login' is clicked on

2019-01-03 12:41:28 - [TEST_STEP][PASSED] - delay: Delayed 5 second(s)

2019-01-03 12:41:33 - [MESSAGE][PASSED] - Delayed 5 second(s)

2019-01-03 12:41:33 - [MESSAGE][PASSED] - Call Test Case 'Test Cases/Final Aug 2018 - PKS Automation/Create Employer Acc/Login to Employer Account (Second time)' successfully

2019-01-03 12:41:33 - [TEST_STEP][PASSED] - delay: Delayed 4 second(s)

2019-01-03 12:41:37 - [MESSAGE][PASSED] - Delayed 4 second(s)

2019-01-03 12:41:37 - [TEST_STEP][PASSED] - Statement - Try: Delayed 2 second(s)

2019-01-03 12:41:37 - [TEST_STEP][PASSED] - Statement - Checker = false: null

2019-01-03 12:41:37 - [TEST_STEP][PASSED] - Statement - Checker = com.kms.katalon.core.webui.keyword.WebUiBuiltInKeywords.verifyElementHasAttribute(com.kms.katalon.core.testobject.ObjectRepository.findTestObject(Final Object Repo/Landing Page/BM Detecting), "href", 20, OPTIONAL): Object 'Object Repository/Final Object Repo/Landing Page/BM Detecting' has attribute 'href'

2019-01-03 12:41:37 - [MESSAGE][PASSED] - Object 'Object Repository/Final Object Repo/Landing Page/BM Detecting' has attribute 'href'

2019-01-03 12:41:37 - [TEST_STEP][PASSED] - Statement - out.println(Checker): null

2019-01-03 12:41:37 - [TEST_STEP][PASSED] - Statement - If (Checker == false): null

2019-01-03 12:41:37 - [TEST_STEP][PASSED] - Statement - Else: null

2019-01-03 12:41:37 - [TEST_STEP][PASSED] - delay: Delayed 2 second(s)

2019-01-03 12:41:39 - [MESSAGE][PASSED] - Delayed 2 second(s)

2019-01-03 12:41:39 - [TEST_STEP][PASSED] - delay: Delayed 4 second(s)

2019-01-03 12:41:43 - [MESSAGE][PASSED] - Delayed 4 second(s)

2019-01-03 12:41:43 - [TEST_STEP][PASSED] - click: Object: 'Object Repository/Final Object Repo/Landing Page/My Sites Drop Down' is clicked on

2019-01-03 12:41:44 - [MESSAGE][PASSED] - Object: 'Object Repository/Final Object Repo/Landing Page/My Sites Drop Down' is clicked on

2019-01-03 12:41:44 - [TEST_STEP][PASSED] - click: Object: 'Object Repository/Final Object Repo/Landing Page/Select to Registration Module' is clicked on

2019-01-03 12:41:46 - [MESSAGE][PASSED] - Object: 'Object Repository/Final Object Repo/Landing Page/Select to Registration Module' is clicked on

2019-01-03 12:41:46 - [TEST_STEP][PASSED] - click: Object: 'Object Repository/Final Object Repo/Landing Page/Registration Button' is clicked on

2019-01-03 12:41:48 - [MESSAGE][PASSED] - Object: 'Object Repository/Final Object Repo/Landing Page/Registration Button' is clicked on

2019-01-03 12:41:48 - [TEST_STEP][PASSED] - delay: Delayed 2 second(s)

2019-01-03 12:41:50 - [MESSAGE][PASSED] - Delayed 2 second(s)

2019-01-03 12:41:50 - [TEST_STEP][PASSED] - click: Object: 'Object Repository/Final Object Repo/New Registration - Registration Module Pages/New Reg - OTC to RO/Special Case - OTC - Form 1/AEC NO' is clicked on

2019-01-03 12:41:50 - [MESSAGE][PASSED] - Object: 'Object Repository/Final Object Repo/New Registration - Registration Module Pages/New Reg - OTC to RO/Special Case - OTC - Form 1/AEC NO' is clicked on

2019-01-03 12:41:50 - [TEST_STEP][PASSED] - click: Object: 'Object Repository/Final Object Repo/New Registration - Registration Module Pages/New Reg - OTC to RO/Special Case - OTC - Form 1/Business Entity - Please Select' is clicked on

2019-01-03 12:41:50 - [MESSAGE][PASSED] - Object: 'Object Repository/Final Object Repo/New Registration - Registration Module Pages/New Reg - OTC to RO/Special Case - OTC - Form 1/Business Entity - Please Select' is clicked on

2019-01-03 12:41:50 - [TEST_STEP][PASSED] - click: Object: 'Object Repository/Final Object Repo/New Registration - Registration Module Pages/New Reg - OTC to RO/Special Case - OTC - Form 1/Selected - Corporation' is clicked on

2019-01-03 12:41:50 - [MESSAGE][PASSED] - Object: 'Object Repository/Final Object Repo/New Registration - Registration Module Pages/New Reg - OTC to RO/Special Case - OTC - Form 1/Selected - Corporation' is clicked on

2019-01-03 12:41:50 - [TEST_STEP][PASSED] - delay: Delayed 2 second(s)

2019-01-03 12:41:52 - [MESSAGE][PASSED] - Delayed 2 second(s)

2019-01-03 12:41:52 - [TEST_STEP][PASSED] - click: Object: 'Object Repository/Final Object Repo/New Registration - Registration Module Pages/New Reg - OTC to RO/Special Case - OTC - Form 1/Sub Business Entity - Please Select' is clicked on

2019-01-03 12:41:53 - [MESSAGE][PASSED] - Object: 'Object Repository/Final Object Repo/New Registration - Registration Module Pages/New Reg - OTC to RO/Special Case - OTC - Form 1/Sub Business Entity - Please Select' is clicked on

2019-01-03 12:41:53 - [TEST_STEP][PASSED] - delay: Delayed 2 second(s)

2019-01-03 12:41:55 - [MESSAGE][PASSED] - Delayed 2 second(s)

2019-01-03 12:41:55 - [TEST_STEP][PASSED] - click: Object: 'Object Repository/Final Object Repo/New Registration - Registration Module Pages/New Reg - OTC to RO/Special Case - OTC - Form 1/Selected - Sendirian Berhad' is clicked on

2019-01-03 12:41:55 - [MESSAGE][PASSED] - Object: 'Object Repository/Final Object Repo/New Registration - Registration Module Pages/New Reg - OTC to RO/Special Case - OTC - Form 1/Selected - Sendirian Berhad' is clicked on

2019-01-03 12:41:55 - [TEST_STEP][PASSED] - setText: Text 'AUTOMATE001' is set on object 'Object Repository/Final Object Repo/New Registration - Registration Module Pages/New Reg - OTC to RO/Special Case - OTC - Form 1/Input BRN Number'

2019-01-03 12:41:55 - [MESSAGE][PASSED] - Text 'AUTOMATE001' is set on object 'Object Repository/Final Object Repo/New Registration - Registration Module Pages/New Reg - OTC to RO/Special Case - OTC - Form 1/Input BRN Number'

2019-01-03 12:41:55 - [TEST_STEP][PASSED] - delay: Delayed 2 second(s)

2019-01-03 12:41:57 - [MESSAGE][PASSED] - Delayed 2 second(s)

2019-01-03 12:41:57 - [TEST_STEP][PASSED] - click: Object: 'Object Repository/Final Object Repo/New Registration - Registration Module Pages/New Reg - OTC to RO/Special Case - OTC - Form 1/BRN Search' is clicked on

2019-01-03 12:41:57 - [MESSAGE][PASSED] - Object: 'Object Repository/Final Object Repo/New Registration - Registration Module Pages/New Reg - OTC to RO/Special Case - OTC - Form 1/BRN Search' is clicked on

2019-01-03 12:41:57 - [TEST_STEP][PASSED] - delay: Delayed 4 second(s)

2019-01-03 12:42:01 - [MESSAGE][PASSED] - Delayed 4 second(s)

2019-01-03 12:42:01 - [TEST_STEP][PASSED] - click: Object: 'Object Repository/Final Object Repo/New Registration - Registration Module Pages/New Reg - OTC to RO/Special Case - OTC - Form 1/Registered with SSM - After Feb 2017' is clicked on

2019-01-03 12:42:02 - [MESSAGE][PASSED] - Object: 'Object Repository/Final Object Repo/New Registration - Registration Module Pages/New Reg - OTC to RO/Special Case - OTC - Form 1/Registered with SSM - After Feb 2017' is clicked on

2019-01-03 12:42:02 - [TEST_STEP][PASSED] - delay: Delayed 2 second(s)

2019-01-03 12:42:04 - [MESSAGE][PASSED] - Delayed 2 second(s)

2019-01-03 12:42:04 - [TEST_STEP][PASSED] - click: Object: 'Object Repository/Final Object Repo/New Registration - Registration Module Pages/Form 1/Registered As a Branch - Yes' is clicked on

2019-01-03 12:42:04 - [MESSAGE][PASSED] - Object: 'Object Repository/Final Object Repo/New Registration - Registration Module Pages/Form 1/Registered As a Branch - Yes' is clicked on

2019-01-03 12:42:04 - [TEST_STEP][PASSED] - click: Object: 'Object Repository/Final Object Repo/New Registration - Registration Module Pages/New Reg - OTC to RO/Special Case - OTC - Form 1/Acknowledgement Ticked' is clicked on

2019-01-03 12:42:04 - [MESSAGE][PASSED] - Object: 'Object Repository/Final Object Repo/New Registration - Registration Module Pages/New Reg - OTC to RO/Special Case - OTC - Form 1/Acknowledgement Ticked' is clicked on

2019-01-03 12:42:04 - [TEST_STEP][PASSED] - setText: Text 'perkeso534176763118@gmail.com' is set on object 'Object Repository/Final Object Repo/New Registration - Registration Module Pages/Form 1/Email'

2019-01-03 12:42:05 - [MESSAGE][PASSED] - Text 'perkeso534176763118@gmail.com' is set on object 'Object Repository/Final Object Repo/New Registration - Registration Module Pages/Form 1/Email'

2019-01-03 12:42:05 - [TEST_STEP][PASSED] - click: Object: 'Object Repository/Final Object Repo/New Registration - Registration Module Pages/New Reg - OTC to RO/Special Case - OTC - Form 1/Submit Button' is clicked on

2019-01-03 12:42:05 - [MESSAGE][PASSED] - Object: 'Object Repository/Final Object Repo/New Registration - Registration Module Pages/New Reg - OTC to RO/Special Case - OTC - Form 1/Submit Button' is clicked on

2019-01-03 12:42:05 - [TEST_STEP][PASSED] - callTestCase: Call Test Case 'Test Cases/Final Aug 2018 - PKS Automation/Registration Module/New Registration/Form 2/Add 1 Eligible - Employer Account Use' successfully

2019-01-03 12:42:05 - [TEST_CASE][PASSED] - Test Cases/Final Aug 2018 - PKS Automation/Registration Module/New Registration/Form 2/Add 1 Eligible - Employer Account Use: Test Cases/Final Aug 2018 - PKS Automation/Registration Module/New Registration/Form 2/Add 1 Eligible - Employer Account Use

2019-01-03 12:42:05 - [TEST_STEP][PASSED] - delay: Delayed 2 second(s)

2019-01-03 12:42:07 - [MESSAGE][PASSED] - Delayed 2 second(s)

2019-01-03 12:42:07 - [TEST_STEP][PASSED] - callTestCase: Call Test Case 'Test Cases/Final Aug 2018 - PKS Automation/Registration Module/New Registration/Form 2/Date Updater' successfully

2019-01-03 12:42:07 - [TEST_CASE][PASSED] - Test Cases/Final Aug 2018 - PKS Automation/Registration Module/New Registration/Form 2/Date Updater: Test Cases/Final Aug 2018 - PKS Automation/Registration Module/New Registration/Form 2/Date Updater

2019-01-03 12:42:08 - [TEST_STEP][PASSED] - Statement - TodayDate = new java.util.Date(): null

2019-01-03 12:42:08 - [TEST_STEP][PASSED] - Statement - CurrentDateNoFilter = new java.text.SimpleDateFormat(): null

2019-01-03 12:42:08 - [TEST_STEP][PASSED] - Statement - CurrentDateNoFilter.applyPattern("MM"): null

2019-01-03 12:42:08 - [TEST_STEP][PASSED] - Statement - monthContainerMatcher = java.lang.Integer.parseInt(CurrentDateNoFilter.format(TodayDate)): null

2019-01-03 12:42:08 - [TEST_STEP][PASSED] - Statement - monthContainerMatcher = monthContainerMatcher - 1: null

2019-01-03 12:42:08 - [TEST_STEP][PASSED] - Statement - CurrentMonth = monthContainerMatcher.toString(): null

2019-01-03 12:42:08 - [TEST_STEP][PASSED] - Statement - CurrentMonth = CurrentMonth: null

2019-01-03 12:42:08 - [TEST_STEP][PASSED] - Statement - CurrentDateNoFilter.applyPattern("yyyy"): null

2019-01-03 12:42:08 - [TEST_STEP][PASSED] - Statement - CurrentYear = CurrentDateNoFilter.format(TodayDate): null

2019-01-03 12:42:08 - [TEST_STEP][PASSED] - Statement - CurrentYear = CurrentYear: null

2019-01-03 12:42:08 - [TEST_STEP][PASSED] - Statement - intCurrentYear = java.lang.Integer.parseInt(CurrentDateNoFilter.format(TodayDate)): null

2019-01-03 12:42:08 - [TEST_STEP][PASSED] - Statement - eighteenYrsAgo = intCurrentYear - 18: null

2019-01-03 12:42:08 - [TEST_STEP][PASSED] - Statement - eighteenYrsBeforeThisYr = eighteenYrsAgo.toString(): null

2019-01-03 12:42:08 - [TEST_STEP][PASSED] - Statement - EighteenYrsBefore = eighteenYrsBeforeThisYr: null

2019-01-03 12:42:08 - [TEST_STEP][PASSED] - Statement - fiftysevenYrsAgo = intCurrentYear - 57: null

2019-01-03 12:42:08 - [TEST_STEP][PASSED] - Statement - fiftysevenYrsBeforeThisYr = fiftysevenYrsAgo.toString(): null

2019-01-03 12:42:08 - [TEST_STEP][PASSED] - Statement - FiftysevenYrsBefore = fiftysevenYrsBeforeThisYr: null

2019-01-03 12:42:08 - [TEST_STEP][PASSED] - Statement - leapYear = false: null

2019-01-03 12:42:08 - [TEST_STEP][PASSED] - Statement - leapYear = intCurrentYear % 4 == 0: null

2019-01-03 12:42:08 - [TEST_STEP][PASSED] - Statement - CurrentDateNoFilter.applyPattern("dd"): null

2019-01-03 12:42:08 - [TEST_STEP][PASSED] - Statement - CurrentDate = CurrentDateNoFilter.format(TodayDate): null

2019-01-03 12:42:08 - [TEST_STEP][PASSED] - Statement - CurrentDate = java.lang.Integer.parseInt(CurrentDate): null

2019-01-03 12:42:08 - [TEST_STEP][PASSED] - Statement - CurrentDate = CurrentDate: null

2019-01-03 12:42:08 - [TEST_STEP][PASSED] - Statement - CurrentDay = java.lang.Integer.parseInt(CurrentDate): null

2019-01-03 12:42:08 - [TEST_STEP][PASSED] - Statement - ConfAdder = <not implemented yet for class: org.codehaus.groovy.ast.expr.EmptyExpression>: null

2019-01-03 12:42:08 - [TEST_STEP][PASSED] - Statement - out.println(CurrentMonth): null

2019-01-03 12:42:08 - [TEST_STEP][PASSED] - Statement - out.println(CurrentDate): null

2019-01-03 12:42:08 - [TEST_STEP][PASSED] - Statement - switch (CurrentDate): null

2019-01-03 12:42:08 - [TEST_STEP][PASSED] - Statement - Default: null

2019-01-03 12:42:08 - [TEST_STEP][PASSED] - Statement - ConfAdder = true: null

2019-01-03 12:42:08 - [TEST_STEP][PASSED] - Statement - Break: null

2019-01-03 12:42:08 - [TEST_STEP][PASSED] - Statement - aDayBefore = <not implemented yet for class: org.codehaus.groovy.ast.expr.EmptyExpression>: null

2019-01-03 12:42:08 - [TEST_STEP][PASSED] - Statement - out.println(ConfAdder): null

2019-01-03 12:42:08 - [TEST_STEP][PASSED] - Statement - If (ConfAdder == true): null

2019-01-03 12:42:08 - [TEST_STEP][PASSED] - Statement - aDayBefore = CurrentDay + 1: null

2019-01-03 12:42:08 - [TEST_STEP][PASSED] - Statement - out.println(aDayBefore): null

2019-01-03 12:42:08 - [TEST_STEP][PASSED] - Statement - If (aDayBefore == 1 && CurrentMonth == 11): null

2019-01-03 12:42:08 - [TEST_STEP][PASSED] - Statement - DayBefore = aDayBefore.toString(): null

2019-01-03 12:42:08 - [TEST_STEP][PASSED] - Statement - OneDayBefore = DayBefore: null

2019-01-03 12:42:08 - [MESSAGE][PASSED] - Call Test Case 'Test Cases/Final Aug 2018 - PKS Automation/Registration Module/New Registration/Form 2/Date Updater' successfully

2019-01-03 12:42:08 - [TEST_STEP][PASSED] - delay: Delayed 1 second(s)

2019-01-03 12:42:09 - [MESSAGE][PASSED] - Delayed 1 second(s)

2019-01-03 12:42:09 - [TEST_STEP][PASSED] - Statement - CaseReferenceNo = com.kms.katalon.core.webui.keyword.WebUiBuiltInKeywords.getText(com.kms.katalon.core.testobject.ObjectRepository.findTestObject(Final Object Repo/New Registration - Registration Module Pages/Form 2/RefNo Acquiring)): Text of object 'Object Repository/Final Object Repo/New Registration - Registration Module Pages/Form 2/RefNo Acquiring' is: 'CRN01201900123565'

2019-01-03 12:42:09 - [MESSAGE][PASSED] - Text of object 'Object Repository/Final Object Repo/New Registration - Registration Module Pages/Form 2/RefNo Acquiring' is: 'CRN01201900123565'

2019-01-03 12:42:09 - [TEST_STEP][PASSED] - delay: Delayed 1 second(s)

2019-01-03 12:42:10 - [MESSAGE][PASSED] - Delayed 1 second(s)

2019-01-03 12:42:10 - [TEST_STEP][PASSED] - click: Object: 'Object Repository/Final Object Repo/New Registration - Registration Module Pages/Form 2/Add Employee Button' is clicked on

2019-01-03 12:42:10 - [MESSAGE][PASSED] - Object: 'Object Repository/Final Object Repo/New Registration - Registration Module Pages/Form 2/Add Employee Button' is clicked on

2019-01-03 12:42:10 - [TEST_STEP][PASSED] - delay: Delayed 1 second(s)

2019-01-03 12:42:11 - [MESSAGE][PASSED] - Delayed 1 second(s)

2019-01-03 12:42:11 - [TEST_STEP][PASSED] - setText: Text '010903091948' is set on object 'Object Repository/Final Object Repo/New Registration - Registration Module Pages/Form 2/NRIC Input'

2019-01-03 12:42:11 - [MESSAGE][PASSED] - Text '010903091948' is set on object 'Object Repository/Final Object Repo/New Registration - Registration Module Pages/Form 2/NRIC Input'

2019-01-03 12:42:11 - [TEST_STEP][PASSED] - delay: Delayed 2 second(s)

2019-01-03 12:42:13 - [MESSAGE][PASSED] - Delayed 2 second(s)

2019-01-03 12:42:13 - [TEST_STEP][PASSED] - setText: Text 'Automate001 eligible 1' is set on object 'Object Repository/Final Object Repo/New Registration - Registration Module Pages/Form 2/Employee Name Input'

2019-01-03 12:42:14 - [MESSAGE][PASSED] - Text 'Automate001 eligible 1' is set on object 'Object Repository/Final Object Repo/New Registration - Registration Module Pages/Form 2/Employee Name Input'

2019-01-03 12:42:14 - [TEST_STEP][PASSED] - delay: Delayed 2 second(s)

2019-01-03 12:42:16 - [MESSAGE][PASSED] - Delayed 2 second(s)

2019-01-03 12:42:16 - [TEST_STEP][PASSED] - click: Object: 'Object Repository/Final Object Repo/New Registration - Registration Module Pages/Form 2/DatePicker Pop Up' is clicked on

2019-01-03 12:42:16 - [MESSAGE][PASSED] - Object: 'Object Repository/Final Object Repo/New Registration - Registration Module Pages/Form 2/DatePicker Pop Up' is clicked on

2019-01-03 12:42:16 - [TEST_STEP][PASSED] - click: Object: 'Object Repository/Final Object Repo/New Registration - Registration Module Pages/Form 2/DOB Month' is clicked on

2019-01-03 12:42:16 - [MESSAGE][PASSED] - Object: 'Object Repository/Final Object Repo/New Registration - Registration Module Pages/Form 2/DOB Month' is clicked on

2019-01-03 12:42:16 - [TEST_STEP][PASSED] - Statement - CurrentMonth = CurrentMonth: null

2019-01-03 12:42:16 - [TEST_STEP][PASSED] - Statement - selectMonth = new com.kms.katalon.core.testobject.TestObject(): null

2019-01-03 12:42:16 - [TEST_STEP][PASSED] - Statement - selectMonth.addProperty("xpath", EQUALS, "//body/div/div/div/select/option[@value='" + CurrentMonth + "']", true): null

2019-01-03 12:42:16 - [TEST_STEP][PASSED] - click: Object: '' is clicked on

2019-01-03 12:42:16 - [MESSAGE][PASSED] - Object: '' is clicked on

2019-01-03 12:42:16 - [TEST_STEP][PASSED] - click: Object: 'Object Repository/Final Object Repo/New Registration - Registration Module Pages/Form 2/DOB Year' is clicked on

2019-01-03 12:42:17 - [MESSAGE][PASSED] - Object: 'Object Repository/Final Object Repo/New Registration - Registration Module Pages/Form 2/DOB Year' is clicked on

2019-01-03 12:42:17 - [TEST_STEP][PASSED] - Statement - Eyearsbf = EighteenYrsBefore: null

2019-01-03 12:42:17 - [TEST_STEP][PASSED] - Statement - selectYear = new com.kms.katalon.core.testobject.TestObject(): null

2019-01-03 12:42:17 - [TEST_STEP][PASSED] - Statement - selectYear.addProperty("xpath", EQUALS, "//div/div/div/select/option[@value='" + Eyearsbf + "']", true): null

2019-01-03 12:42:17 - [TEST_STEP][PASSED] - click: Object: '' is clicked on

2019-01-03 12:42:17 - [MESSAGE][PASSED] - Object: '' is clicked on

2019-01-03 12:42:17 - [TEST_STEP][PASSED] - Statement - UpdatedSelectDate = com.kms.katalon.core.webui.keyword.WebUiBuiltInKeywords.modifyObjectProperty(com.kms.katalon.core.testobject.ObjectRepository.findTestObject(Final Object Repo/New Registration - Registration Module Pages/Form 2/DOB Date), "xpath", "equals", "//body/div/table/tbody/tr/td/a[text()="" + CurrentDate + ""]", true): Modify property of object successfully

2019-01-03 12:42:17 - [MESSAGE][PASSED] - Modify property of object successfully

2019-01-03 12:42:17 - [TEST_STEP][PASSED] - delay: Delayed 3 second(s)

2019-01-03 12:42:20 - [MESSAGE][PASSED] - Delayed 3 second(s)

2019-01-03 12:42:20 - [TEST_STEP][PASSED] - click: Object: 'Object Repository/Final Object Repo/New Registration - Registration Module Pages/Form 2/DOB Date' is clicked on

2019-01-03 12:42:20 - [MESSAGE][PASSED] - Object: 'Object Repository/Final Object Repo/New Registration - Registration Module Pages/Form 2/DOB Date' is clicked on

2019-01-03 12:42:20 - [TEST_STEP][PASSED] - delay: Delayed 2 second(s)

2019-01-03 12:42:22 - [MESSAGE][PASSED] - Delayed 2 second(s)

2019-01-03 12:42:22 - [TEST_STEP][PASSED] - click: Object: 'Object Repository/Final Object Repo/New Registration - Registration Module Pages/Form 2/EmploymentStartDate Pop Up' is clicked on

2019-01-03 12:42:22 - [MESSAGE][PASSED] - Object: 'Object Repository/Final Object Repo/New Registration - Registration Module Pages/Form 2/EmploymentStartDate Pop Up' is clicked on

2019-01-03 12:42:22 - [TEST_STEP][PASSED] - delay: Delayed 2 second(s)

2019-01-03 12:42:24 - [MESSAGE][PASSED] - Delayed 2 second(s)

2019-01-03 12:42:24 - [TEST_STEP][PASSED] - click: Object: 'Object Repository/Final Object Repo/New Registration - Registration Module Pages/Form 2/Socso Employment StartDate Month' is clicked on

2019-01-03 12:42:24 - [MESSAGE][PASSED] - Object: 'Object Repository/Final Object Repo/New Registration - Registration Module Pages/Form 2/Socso Employment StartDate Month' is clicked on

2019-01-03 12:42:24 - [TEST_STEP][PASSED] - delay: Delayed 1 second(s)

2019-01-03 12:42:25 - [MESSAGE][PASSED] - Delayed 1 second(s)

2019-01-03 12:42:25 - [TEST_STEP][PASSED] - click: Object: 'Object Repository/Final Object Repo/New Registration - Registration Module Pages/Form 2/Select Socso Employement Startdate Month' is clicked on

2019-01-03 12:42:25 - [MESSAGE][PASSED] - Object: 'Object Repository/Final Object Repo/New Registration - Registration Module Pages/Form 2/Select Socso Employement Startdate Month' is clicked on

2019-01-03 12:42:25 - [TEST_STEP][PASSED] - delay: Delayed 2 second(s)

2019-01-03 12:42:27 - [MESSAGE][PASSED] - Delayed 2 second(s)

2019-01-03 12:42:27 - [TEST_STEP][PASSED] - click: Object: 'Object Repository/Final Object Repo/New Registration - Registration Module Pages/Form 2/Socso Employment StartDate Year' is clicked on

2019-01-03 12:42:28 - [MESSAGE][PASSED] - Object: 'Object Repository/Final Object Repo/New Registration - Registration Module Pages/Form 2/Socso Employment StartDate Year' is clicked on

2019-01-03 12:42:28 - [TEST_STEP][PASSED] - delay: Delayed 1 second(s)

2019-01-03 12:42:29 - [MESSAGE][PASSED] - Delayed 1 second(s)

2019-01-03 12:42:29 - [TEST_STEP][PASSED] - click: Object: 'Object Repository/Final Object Repo/New Registration - Registration Module Pages/Form 2/Select Socso Employment Startdate Year' is clicked on

2019-01-03 12:42:29 - [MESSAGE][PASSED] - Object: 'Object Repository/Final Object Repo/New Registration - Registration Module Pages/Form 2/Select Socso Employment Startdate Year' is clicked on

2019-01-03 12:42:29 - [TEST_STEP][PASSED] - delay: Delayed 2 second(s)

2019-01-03 12:42:31 - [MESSAGE][PASSED] - Delayed 2 second(s)

2019-01-03 12:42:31 - [TEST_STEP][PASSED] - click: Object: 'Object Repository/Final Object Repo/New Registration - Registration Module Pages/Form 2/Socso Employment Start Date Day' is clicked on

2019-01-03 12:42:31 - [MESSAGE][PASSED] - Object: 'Object Repository/Final Object Repo/New Registration - Registration Module Pages/Form 2/Socso Employment Start Date Day' is clicked on

2019-01-03 12:42:31 - [TEST_STEP][PASSED] - delay: Delayed 2 second(s)

2019-01-03 12:42:33 - [MESSAGE][PASSED] - Delayed 2 second(s)

2019-01-03 12:42:33 - [TEST_STEP][PASSED] - click: Object: 'Object Repository/Final Object Repo/New Registration - Registration Module Pages/Form 2/Save Button for Add Employee' is clicked on

2019-01-03 12:42:33 - [MESSAGE][PASSED] - Object: 'Object Repository/Final Object Repo/New Registration - Registration Module Pages/Form 2/Save Button for Add Employee' is clicked on

2019-01-03 12:42:33 - [TEST_STEP][PASSED] - delay: Delayed 6 second(s)

2019-01-03 12:42:39 - [MESSAGE][PASSED] - Delayed 6 second(s)

2019-01-03 12:42:39 - [TEST_STEP][PASSED] - click: Object: 'Object Repository/Final Object Repo/New Registration - Registration Module Pages/Form 2/Save and Continue Form 2' is clicked on

2019-01-03 12:42:39 - [MESSAGE][PASSED] - Object: 'Object Repository/Final Object Repo/New Registration - Registration Module Pages/Form 2/Save and Continue Form 2' is clicked on

2019-01-03 12:42:39 - [MESSAGE][PASSED] - Call Test Case 'Test Cases/Final Aug 2018 - PKS Automation/Registration Module/New Registration/Form 2/Add 1 Eligible - Employer Account Use' successfully

2019-01-03 12:42:39 - [TEST_STEP][PASSED] - callTestCase: Call Test Case 'Test Cases/Final Aug 2018 - PKS Automation/Registration Module/New Registration/Flow of New Registration/Third Screen - Upload Supporting Doc - Preview' successfully

2019-01-03 12:42:39 - [TEST_CASE][PASSED] - Test Cases/Final Aug 2018 - PKS Automation/Registration Module/New Registration/Flow of New Registration/Third Screen - Upload Supporting Doc - Preview: Test Cases/Final Aug 2018 - PKS Automation/Registration Module/New Registration/Flow of New Registration/Third Screen - Upload Supporting Doc - Preview

2019-01-03 12:42:40 - [TEST_STEP][PASSED] - waitForPageLoad: Wait for page load successfully

2019-01-03 12:42:40 - [MESSAGE][PASSED] - Wait for page load successfully

2019-01-03 12:42:40 - [TEST_STEP][PASSED] - Statement - CaseReferenceNo = com.kms.katalon.core.webui.keyword.WebUiBuiltInKeywords.getText(com.kms.katalon.core.testobject.ObjectRepository.findTestObject(Final Object Repo/New Registration - Registration Module Pages/Third Screen - Upload Supporting Doc- Preview/RefNo Acquiring)): Text of object 'Object Repository/Final Object Repo/New Registration - Registration Module Pages/Third Screen - Upload Supporting Doc- Preview/RefNo Acquiring' is: 'CRN01201900123565'

2019-01-03 12:42:40 - [MESSAGE][PASSED] - Text of object 'Object Repository/Final Object Repo/New Registration - Registration Module Pages/Third Screen - Upload Supporting Doc- Preview/RefNo Acquiring' is: 'CRN01201900123565'

2019-01-03 12:42:40 - [TEST_STEP][PASSED] - delay: Delayed 2 second(s)

2019-01-03 12:42:42 - [MESSAGE][PASSED] - Delayed 2 second(s)

2019-01-03 12:42:42 - [TEST_STEP][PASSED] - callTestCase: Call Test Case 'Test Cases/Final Aug 2018 - PKS Automation/Common/Reference Number Setter' successfully

2019-01-03 12:42:42 - [TEST_CASE][PASSED] - Test Cases/Final Aug 2018 - PKS Automation/Common/Reference Number Setter: Test Cases/Final Aug 2018 - PKS Automation/Common/Reference Number Setter

2019-01-03 12:42:43 - [TEST_STEP][PASSED] - Statement - RefNoOldFile = new java.io.File(C://Users//Admin//Desktop//PKS//Automation Reference Point//KatalonReference.txt): null

2019-01-03 12:42:43 - [TEST_STEP][PASSED] - Statement - RefNoOldFile.delete(): null

2019-01-03 12:42:43 - [TEST_STEP][PASSED] - delay: Delayed 5 second(s)

2019-01-03 12:42:48 - [MESSAGE][PASSED] - Delayed 5 second(s)

2019-01-03 12:42:48 - [TEST_STEP][PASSED] - Statement - RefNo = new java.io.File(C://Users//Admin//Desktop//PKS//Automation Reference Point//KatalonReference.txt): null

2019-01-03 12:42:48 - [TEST_STEP][PASSED] - Statement - f2 = new java.io.FileWriter(RefNo, false): null

2019-01-03 12:42:48 - [TEST_STEP][PASSED] - Statement - f2.write(CaseReferenceNo): null

2019-01-03 12:42:48 - [TEST_STEP][PASSED] - Statement - f2.close(): null

2019-01-03 12:42:48 - [TEST_STEP][PASSED] - Statement - out.println("


" + CaseReferenceNo + "


"): null

2019-01-03 12:42:48 - [MESSAGE][PASSED] - Call Test Case 'Test Cases/Final Aug 2018 - PKS Automation/Common/Reference Number Setter' successfully

2019-01-03 12:42:48 - [TEST_STEP][PASSED] - waitForElementClickable: Object 'Object Repository/Final Object Repo/New Registration - Registration Module Pages/Third Screen - Upload Supporting Doc- Preview/Save n Continue in SIP Employee Listing Page' is clickable

2019-01-03 12:42:48 - [MESSAGE][PASSED] - Object 'Object Repository/Final Object Repo/New Registration - Registration Module Pages/Third Screen - Upload Supporting Doc- Preview/Save n Continue in SIP Employee Listing Page' is clickable

2019-01-03 12:42:48 - [TEST_STEP][PASSED] - click: Object: 'Object Repository/Final Object Repo/New Registration - Registration Module Pages/Third Screen - Upload Supporting Doc- Preview/Save n Continue in SIP Employee Listing Page' is clicked on

2019-01-03 12:42:53 - [MESSAGE][PASSED] - Object: 'Object Repository/Final Object Repo/New Registration - Registration Module Pages/Third Screen - Upload Supporting Doc- Preview/Save n Continue in SIP Employee Listing Page' is clicked on

2019-01-03 12:42:53 - [TEST_STEP][PASSED] - delay: Delayed 7 second(s)

2019-01-03 12:43:00 - [MESSAGE][PASSED] - Delayed 7 second(s)

2019-01-03 12:43:00 - [TEST_STEP][PASSED] - click: Object: 'Object Repository/Final Object Repo/New Registration - Registration Module Pages/Third Screen - Upload Supporting Doc- Preview/Add Document Button' is clicked on

2019-01-03 12:43:01 - [MESSAGE][PASSED] - Object: 'Object Repository/Final Object Repo/New Registration - Registration Module Pages/Third Screen - Upload Supporting Doc- Preview/Add Document Button' is clicked on

2019-01-03 12:43:01 - [TEST_STEP][PASSED] - delay: Delayed 30 second(s)

2019-01-03 12:43:31 - [MESSAGE][PASSED] - Delayed 30 second(s)

2019-01-03 12:43:31 - [TEST_STEP][PASSED] - click: Object: 'Object Repository/Final Object Repo/New Registration - Registration Module Pages/Third Screen - Upload Supporting Doc- Preview/Supporting Doc Please Select Drop Down' is clicked on

2019-01-03 12:43:31 - [MESSAGE][PASSED] - Object: 'Object Repository/Final Object Repo/New Registration - Registration Module Pages/Third Screen - Upload Supporting Doc- Preview/Supporting Doc Please Select Drop Down' is clicked on

2019-01-03 12:43:31 - [TEST_STEP][PASSED] - delay: Delayed 2 second(s)

2019-01-03 12:43:33 - [MESSAGE][PASSED] - Delayed 2 second(s)

2019-01-03 12:43:33 - [TEST_STEP][PASSED] - click: Object: 'Object Repository/Final Object Repo/New Registration - Registration Module Pages/Third Screen - Upload Supporting Doc- Preview/Select to Upload Form 1' is clicked on

2019-01-03 12:43:33 - [MESSAGE][PASSED] - Object: 'Object Repository/Final Object Repo/New Registration - Registration Module Pages/Third Screen - Upload Supporting Doc- Preview/Select to Upload Form 1' is clicked on

2019-01-03 12:43:33 - [TEST_STEP][PASSED] - delay: Delayed 2 second(s)

2019-01-03 12:43:35 - [MESSAGE][PASSED] - Delayed 2 second(s)

2019-01-03 12:43:35 - [TEST_STEP][PASSED] - uploadFile: File 'C:\Users\Public\Pictures\Sample Pictures\Koala.jpg' sent to object: 'Object Repository/Final Object Repo/New Registration - Registration Module Pages/Third Screen - Upload Supporting Doc- Preview/Upload File Adding'

2019-01-03 12:43:35 - [MESSAGE][PASSED] - File 'C:\Users\Public\Pictures\Sample Pictures\Koala.jpg' sent to object: 'Object Repository/Final Object Repo/New Registration - Registration Module Pages/Third Screen - Upload Supporting Doc- Preview/Upload File Adding'

2019-01-03 12:43:35 - [TEST_STEP][PASSED] - delay: Delayed 5 second(s)

2019-01-03 12:43:40 - [MESSAGE][PASSED] - Delayed 5 second(s)

2019-01-03 12:43:40 - [TEST_STEP][PASSED] - click: Object: 'Object Repository/Final Object Repo/New Registration - Registration Module Pages/Third Screen - Upload Supporting Doc- Preview/Inner Form Add Document Button' is clicked on

2019-01-03 12:43:40 - [MESSAGE][PASSED] - Object: 'Object Repository/Final Object Repo/New Registration - Registration Module Pages/Third Screen - Upload Supporting Doc- Preview/Inner Form Add Document Button' is clicked on

2019-01-03 12:43:40 - [TEST_STEP][PASSED] - delay: Delayed 3 second(s)

2019-01-03 12:43:43 - [MESSAGE][PASSED] - Delayed 3 second(s)

2019-01-03 12:43:43 - [TEST_STEP][PASSED] - click: Object: 'Object Repository/Final Object Repo/New Registration - Registration Module Pages/Third Screen - Upload Supporting Doc- Preview/Add Document Button' is clicked on

2019-01-03 12:43:45 - [MESSAGE][PASSED] - Object: 'Object Repository/Final Object Repo/New Registration - Registration Module Pages/Third Screen - Upload Supporting Doc- Preview/Add Document Button' is clicked on

2019-01-03 12:43:45 - [TEST_STEP][PASSED] - delay: Delayed 30 second(s)

2019-01-03 12:44:15 - [MESSAGE][PASSED] - Delayed 30 second(s)

2019-01-03 12:44:15 - [TEST_STEP][PASSED] - click: Object: 'Object Repository/Final Object Repo/New Registration - Registration Module Pages/Third Screen - Upload Supporting Doc- Preview/Supporting Doc Please Select Drop Down' is clicked on

2019-01-03 12:44:15 - [MESSAGE][PASSED] - Object: 'Object Repository/Final Object Repo/New Registration - Registration Module Pages/Third Screen - Upload Supporting Doc- Preview/Supporting Doc Please Select Drop Down' is clicked on

2019-01-03 12:44:15 - [TEST_STEP][PASSED] - delay: Delayed 4 second(s)

2019-01-03 12:44:19 - [MESSAGE][PASSED] - Delayed 4 second(s)

2019-01-03 12:44:19 - [TEST_STEP][PASSED] - click: Object: 'Object Repository/Final Object Repo/New Registration - Registration Module Pages/Third Screen - Upload Supporting Doc- Preview/Select to Upload Form 2' is clicked on

2019-01-03 12:44:19 - [MESSAGE][PASSED] - Object: 'Object Repository/Final Object Repo/New Registration - Registration Module Pages/Third Screen - Upload Supporting Doc- Preview/Select to Upload Form 2' is clicked on

2019-01-03 12:44:19 - [TEST_STEP][PASSED] - delay: Delayed 2 second(s)

2019-01-03 12:44:21 - [MESSAGE][PASSED] - Delayed 2 second(s)

2019-01-03 12:44:21 - [TEST_STEP][PASSED] - uploadFile: File 'C:\Users\Public\Pictures\Sample Pictures\Koala.jpg' sent to object: 'Object Repository/Final Object Repo/New Registration - Registration Module Pages/Third Screen - Upload Supporting Doc- Preview/Upload File Adding'

2019-01-03 12:44:21 - [MESSAGE][PASSED] - File 'C:\Users\Public\Pictures\Sample Pictures\Koala.jpg' sent to object: 'Object Repository/Final Object Repo/New Registration - Registration Module Pages/Third Screen - Upload Supporting Doc- Preview/Upload File Adding'

2019-01-03 12:44:21 - [TEST_STEP][PASSED] - click: Object: 'Object Repository/Final Object Repo/New Registration - Registration Module Pages/Third Screen - Upload Supporting Doc- Preview/Inner Form Add Document Button' is clicked on

2019-01-03 12:44:21 - [MESSAGE][PASSED] - Object: 'Object Repository/Final Object Repo/New Registration - Registration Module Pages/Third Screen - Upload Supporting Doc- Preview/Inner Form Add Document Button' is clicked on

2019-01-03 12:44:21 - [TEST_STEP][PASSED] - delay: Delayed 5 second(s)

2019-01-03 12:44:26 - [MESSAGE][PASSED] - Delayed 5 second(s)

2019-01-03 12:44:26 - [TEST_STEP][PASSED] - click: Object: 'Object Repository/Final Object Repo/New Registration - Registration Module Pages/Third Screen - Upload Supporting Doc- Preview/Add Document Button' is clicked on

2019-01-03 12:44:27 - [MESSAGE][PASSED] - Object: 'Object Repository/Final Object Repo/New Registration - Registration Module Pages/Third Screen - Upload Supporting Doc- Preview/Add Document Button' is clicked on

2019-01-03 12:44:27 - [TEST_STEP][PASSED] - delay: Delayed 30 second(s)

2019-01-03 12:44:57 - [MESSAGE][PASSED] - Delayed 30 second(s)

2019-01-03 12:44:57 - [TEST_STEP][PASSED] - click: Object: 'Object Repository/Final Object Repo/New Registration - Registration Module Pages/Third Screen - Upload Supporting Doc- Preview/Supporting Doc Please Select Drop Down' is clicked on

2019-01-03 12:44:57 - [MESSAGE][PASSED] - Object: 'Object Repository/Final Object Repo/New Registration - Registration Module Pages/Third Screen - Upload Supporting Doc- Preview/Supporting Doc Please Select Drop Down' is clicked on

2019-01-03 12:44:57 - [TEST_STEP][PASSED] - click: Object: 'Object Repository/Final Object Repo/New Registration - Registration Module Pages/Third Screen - Upload Supporting Doc- Preview/Select to Upload Borang SIP 1' is clicked on

2019-01-03 12:44:57 - [MESSAGE][PASSED] - Object: 'Object Repository/Final Object Repo/New Registration - Registration Module Pages/Third Screen - Upload Supporting Doc- Preview/Select to Upload Borang SIP 1' is clicked on

2019-01-03 12:44:57 - [TEST_STEP][PASSED] - delay: Delayed 2 second(s)

2019-01-03 12:44:59 - [MESSAGE][PASSED] - Delayed 2 second(s)

2019-01-03 12:44:59 - [TEST_STEP][PASSED] - uploadFile: File 'C:\Users\Public\Pictures\Sample Pictures\Koala.jpg' sent to object: 'Object Repository/Final Object Repo/New Registration - Registration Module Pages/Third Screen - Upload Supporting Doc- Preview/Upload File Adding'

2019-01-03 12:44:59 - [MESSAGE][PASSED] - File 'C:\Users\Public\Pictures\Sample Pictures\Koala.jpg' sent to object: 'Object Repository/Final Object Repo/New Registration - Registration Module Pages/Third Screen - Upload Supporting Doc- Preview/Upload File Adding'

2019-01-03 12:44:59 - [TEST_STEP][PASSED] - click: Object: 'Object Repository/Final Object Repo/New Registration - Registration Module Pages/Third Screen - Upload Supporting Doc- Preview/Inner Form Add Document Button' is clicked on

2019-01-03 12:44:59 - [MESSAGE][PASSED] - Object: 'Object Repository/Final Object Repo/New Registration - Registration Module Pages/Third Screen - Upload Supporting Doc- Preview/Inner Form Add Document Button' is clicked on

2019-01-03 12:44:59 - [TEST_STEP][PASSED] - delay: Delayed 5 second(s)

2019-01-03 12:45:04 - [MESSAGE][PASSED] - Delayed 5 second(s)

2019-01-03 12:45:04 - [TEST_STEP][PASSED] - click: Object: 'Object Repository/Final Object Repo/New Registration - Registration Module Pages/Third Screen - Upload Supporting Doc- Preview/Add Document Button' is clicked on

2019-01-03 12:45:05 - [MESSAGE][PASSED] - Object: 'Object Repository/Final Object Repo/New Registration - Registration Module Pages/Third Screen - Upload Supporting Doc- Preview/Add Document Button' is clicked on

2019-01-03 12:45:05 - [TEST_STEP][PASSED] - delay: Delayed 30 second(s)

2019-01-03 12:45:35 - [MESSAGE][PASSED] - Delayed 30 second(s)

2019-01-03 12:45:35 - [TEST_STEP][PASSED] - click: Object: 'Object Repository/Final Object Repo/New Registration - Registration Module Pages/Third Screen - Upload Supporting Doc- Preview/Supporting Doc Please Select Drop Down' is clicked on

2019-01-03 12:45:35 - [MESSAGE][PASSED] - Object: 'Object Repository/Final Object Repo/New Registration - Registration Module Pages/Third Screen - Upload Supporting Doc- Preview/Supporting Doc Please Select Drop Down' is clicked on

2019-01-03 12:45:35 - [TEST_STEP][PASSED] - delay: Delayed 3 second(s)

2019-01-03 12:45:38 - [MESSAGE][PASSED] - Delayed 3 second(s)

2019-01-03 12:45:38 - [TEST_STEP][PASSED] - click: Object: 'Object Repository/Final Object Repo/New Registration - Registration Module Pages/Third Screen - Upload Supporting Doc- Preview/Select to Upload Borang SIP 2' is clicked on

2019-01-03 12:45:38 - [MESSAGE][PASSED] - Object: 'Object Repository/Final Object Repo/New Registration - Registration Module Pages/Third Screen - Upload Supporting Doc- Preview/Select to Upload Borang SIP 2' is clicked on

2019-01-03 12:45:38 - [TEST_STEP][PASSED] - delay: Delayed 2 second(s)

2019-01-03 12:45:40 - [MESSAGE][PASSED] - Delayed 2 second(s)

2019-01-03 12:45:40 - [TEST_STEP][PASSED] - uploadFile: File 'C:\Users\Public\Pictures\Sample Pictures\Koala.jpg' sent to object: 'Object Repository/Final Object Repo/New Registration - Registration Module Pages/Third Screen - Upload Supporting Doc- Preview/Upload File Adding'

2019-01-03 12:45:40 - [MESSAGE][PASSED] - File 'C:\Users\Public\Pictures\Sample Pictures\Koala.jpg' sent to object: 'Object Repository/Final Object Repo/New Registration - Registration Module Pages/Third Screen - Upload Supporting Doc- Preview/Upload File Adding'

2019-01-03 12:45:40 - [TEST_STEP][PASSED] - delay: Delayed 5 second(s)

2019-01-03 12:45:45 - [MESSAGE][PASSED] - Delayed 5 second(s)

2019-01-03 12:45:45 - [TEST_STEP][PASSED] - click: Object: 'Object Repository/Final Object Repo/New Registration - Registration Module Pages/Third Screen - Upload Supporting Doc- Preview/Inner Form Add Document Button' is clicked on

2019-01-03 12:45:45 - [MESSAGE][PASSED] - Object: 'Object Repository/Final Object Repo/New Registration - Registration Module Pages/Third Screen - Upload Supporting Doc- Preview/Inner Form Add Document Button' is clicked on

2019-01-03 12:45:45 - [TEST_STEP][PASSED] - delay: Delayed 3 second(s)

2019-01-03 12:45:48 - [MESSAGE][PASSED] - Delayed 3 second(s)

2019-01-03 12:45:48 - [TEST_STEP][PASSED] - waitForElementClickable: Object 'Object Repository/Final Object Repo/New Registration - Registration Module Pages/Third Screen - Upload Supporting Doc- Preview/Save n Continue in Uploading Supporting Doc Page' is clickable

2019-01-03 12:45:50 - [MESSAGE][PASSED] - Object 'Object Repository/Final Object Repo/New Registration - Registration Module Pages/Third Screen - Upload Supporting Doc- Preview/Save n Continue in Uploading Supporting Doc Page' is clickable

2019-01-03 12:45:50 - [TEST_STEP][PASSED] - click: Object: 'Object Repository/Final Object Repo/New Registration - Registration Module Pages/Third Screen - Upload Supporting Doc- Preview/Save n Continue in Uploading Supporting Doc Page' is clicked on

2019-01-03 12:45:50 - [MESSAGE][PASSED] - Object: 'Object Repository/Final Object Repo/New Registration - Registration Module Pages/Third Screen - Upload Supporting Doc- Preview/Save n Continue in Uploading Supporting Doc Page' is clicked on

2019-01-03 12:45:50 - [MESSAGE][PASSED] - Call Test Case 'Test Cases/Final Aug 2018 - PKS Automation/Registration Module/New Registration/Flow of New Registration/Third Screen - Upload Supporting Doc - Preview' successfully

2019-01-03 12:45:50 - [TEST_STEP][PASSED] - setText: Text 'Tester' is set on object 'Object Repository/Final Object Repo/New Registration - Registration Module Pages/New Reg - OTC to RO/Special Case - All Related Objects/Employer Preview Name'

2019-01-03 12:45:55 - [MESSAGE][PASSED] - Text 'Tester' is set on object 'Object Repository/Final Object Repo/New Registration - Registration Module Pages/New Reg - OTC to RO/Special Case - All Related Objects/Employer Preview Name'

2019-01-03 12:45:55 - [TEST_STEP][PASSED] - click: Object: 'Object Repository/Final Object Repo/New Registration - Registration Module Pages/New Reg - OTC to RO/Special Case - All Related Objects/IC Type Drop Down' is clicked on

2019-01-03 12:45:55 - [MESSAGE][PASSED] - Object: 'Object Repository/Final Object Repo/New Registration - Registration Module Pages/New Reg - OTC to RO/Special Case - All Related Objects/IC Type Drop Down' is clicked on

2019-01-03 12:45:55 - [TEST_STEP][PASSED] - click: Object: 'Object Repository/Final Object Repo/New Registration - Registration Module Pages/New Reg - OTC to RO/Special Case - All Related Objects/Select to NRIC' is clicked on

2019-01-03 12:45:55 - [MESSAGE][PASSED] - Object: 'Object Repository/Final Object Repo/New Registration - Registration Module Pages/New Reg - OTC to RO/Special Case - All Related Objects/Select to NRIC' is clicked on

2019-01-03 12:45:55 - [TEST_STEP][PASSED] - setText: Text '133245561223' is set on object 'Object Repository/Final Object Repo/New Registration - Registration Module Pages/New Reg - OTC to RO/Special Case - All Related Objects/IC Value'

2019-01-03 12:45:55 - [MESSAGE][PASSED] - Text '133245561223' is set on object 'Object Repository/Final Object Repo/New Registration - Registration Module Pages/New Reg - OTC to RO/Special Case - All Related Objects/IC Value'

2019-01-03 12:45:55 - [TEST_STEP][PASSED] - setText: Text 'Auto' is set on object 'Object Repository/Final Object Repo/New Registration - Registration Module Pages/New Reg - OTC to RO/Special Case - All Related Objects/Designation'

2019-01-03 12:45:55 - [MESSAGE][PASSED] - Text 'Auto' is set on object 'Object Repository/Final Object Repo/New Registration - Registration Module Pages/New Reg - OTC to RO/Special Case - All Related Objects/Designation'

2019-01-03 12:45:55 - [TEST_STEP][PASSED] - callTestCase: Call Test Case 'Test Cases/Final Aug 2018 - PKS Automation/Registration Module/New Registration/Submit and Screenshot/Submit Registration and Screenshot - Copy' successfully

2019-01-03 12:45:56 - [TEST_CASE][PASSED] - Test Cases/Final Aug 2018 - PKS Automation/Registration Module/New Registration/Submit and Screenshot/Submit Registration and Screenshot - Copy: Test Cases/Final Aug 2018 - PKS Automation/Registration Module/New Registration/Submit and Screenshot/Submit Registration and Screenshot - Copy

2019-01-03 12:45:56 - [TEST_STEP][PASSED] - delay: Delayed 6 second(s)

2019-01-03 12:46:02 - [MESSAGE][PASSED] - Delayed 6 second(s)

2019-01-03 12:46:02 - [TEST_STEP][PASSED] - click: Object: 'Object Repository/Final Object Repo/New Registration - Registration Module Pages/Third Screen - Upload Supporting Doc- Preview/Preview Submit Button' is clicked on

2019-01-03 12:46:02 - [MESSAGE][PASSED] - Object: 'Object Repository/Final Object Repo/New Registration - Registration Module Pages/Third Screen - Upload Supporting Doc- Preview/Preview Submit Button' is clicked on

2019-01-03 12:46:02 - [TEST_STEP][PASSED] - delay: Delayed 2 second(s)

2019-01-03 12:46:04 - [MESSAGE][PASSED] - Delayed 2 second(s)

2019-01-03 12:46:04 - [TEST_STEP][PASSED] - click: Object: 'Object Repository/Final Object Repo/New Registration - Registration Module Pages/Third Screen - Upload Supporting Doc- Preview/Preview Submit - Confirm' is clicked on

2019-01-03 12:46:04 - [MESSAGE][PASSED] - Object: 'Object Repository/Final Object Repo/New Registration - Registration Module Pages/Third Screen - Upload Supporting Doc- Preview/Preview Submit - Confirm' is clicked on

2019-01-03 12:46:04 - [TEST_STEP][PASSED] - delay: Delayed 15 second(s)

2019-01-03 12:46:19 - [MESSAGE][PASSED] - Delayed 15 second(s)

2019-01-03 12:46:19 - [TEST_STEP][PASSED] - Statement - driver = com.kms.katalon.core.webui.driver.DriverFactory.getWebDriver(): null

2019-01-03 12:46:19 - [TEST_STEP][PASSED] - Statement - driver.manage().timeouts().implicitlyWait(10, SECONDS): null

2019-01-03 12:46:19 - [TEST_STEP][PASSED] - Statement - PresavePath = KatalonScreenshots: null

2019-01-03 12:46:19 - [TEST_STEP][PASSED] - Statement - pathPrefix = "C:\Users\Public\Pictures\Sample Pictures\Katalon Screenshots\Automate Ending Screen": null

2019-01-03 12:46:19 - [TEST_STEP][PASSED] - Statement - finalPath = <not implemented yet for class: org.codehaus.groovy.ast.expr.EmptyExpression>: null

2019-01-03 12:46:19 - [TEST_STEP][PASSED] - Statement - scrFile = driver.getScreenshotAs(FILE): null

2019-01-03 12:46:20 - [TEST_STEP][PASSED] - Statement - PreSaveFile = new java.io.File(PresavePath): null

2019-01-03 12:46:20 - [TEST_STEP][PASSED] - Statement - counter = 0: null

2019-01-03 12:46:20 - [TEST_STEP][PASSED] - Statement - If (PreSaveFile.exists()): null

2019-01-03 12:46:20 - [TEST_STEP][PASSED] - Statement - While (PreSaveFile.exists()): null

2019-01-03 12:46:20 - [TEST_STEP][PASSED] - Statement - counter = counter + 1: null

2019-01-03 12:46:20 - [TEST_STEP][PASSED] - Statement - PreSaveFile = new java.io.File(((pathPrefix + java.lang.Integer.toString(counter)) + .png)): null

2019-01-03 12:46:20 - [TEST_STEP][PASSED] - Statement - counter = counter + 1: null

2019-01-03 12:46:20 - [TEST_STEP][PASSED] - Statement - PreSaveFile = new java.io.File(((pathPrefix + java.lang.Integer.toString(counter)) + .png)): null

2019-01-03 12:46:20 - [TEST_STEP][PASSED] - Statement - counter = counter + 1: null

2019-01-03 12:46:20 - [TEST_STEP][PASSED] - Statement - PreSaveFile = new java.io.File(((pathPrefix + java.lang.Integer.toString(counter)) + .png)): null

2019-01-03 12:46:20 - [TEST_STEP][PASSED] - Statement - counter = counter + 1: null

2019-01-03 12:46:20 - [TEST_STEP][PASSED] - Statement - PreSaveFile = new java.io.File(((pathPrefix + java.lang.Integer.toString(counter)) + .png)): null

2019-01-03 12:46:20 - [TEST_STEP][PASSED] - Statement - counter = counter + 1: null

2019-01-03 12:46:20 - [TEST_STEP][PASSED] - Statement - PreSaveFile = new java.io.File(((pathPrefix + java.lang.Integer.toString(counter)) + .png)): null

2019-01-03 12:46:20 - [TEST_STEP][PASSED] - Statement - counter = counter + 1: null

2019-01-03 12:46:20 - [TEST_STEP][PASSED] - Statement - PreSaveFile = new java.io.File(((pathPrefix + java.lang.Integer.toString(counter)) + .png)): null

2019-01-03 12:46:20 - [TEST_STEP][PASSED] - Statement - counter = counter + 1: null

2019-01-03 12:46:20 - [TEST_STEP][PASSED] - Statement - PreSaveFile = new java.io.File(((pathPrefix + java.lang.Integer.toString(counter)) + .png)): null

2019-01-03 12:46:20 - [TEST_STEP][PASSED] - Statement - counter = counter + 1: null

2019-01-03 12:46:20 - [TEST_STEP][PASSED] - Statement - PreSaveFile = new java.io.File(((pathPrefix + java.lang.Integer.toString(counter)) + .png)): null

2019-01-03 12:46:20 - [TEST_STEP][PASSED] - Statement - counter = counter + 1: null

2019-01-03 12:46:20 - [TEST_STEP][PASSED] - Statement - PreSaveFile = new java.io.File(((pathPrefix + java.lang.Integer.toString(counter)) + .png)): null

2019-01-03 12:46:20 - [TEST_STEP][PASSED] - Statement - counter = counter + 1: null

2019-01-03 12:46:20 - [TEST_STEP][PASSED] - Statement - PreSaveFile = new java.io.File(((pathPrefix + java.lang.Integer.toString(counter)) + .png)): null

2019-01-03 12:46:20 - [TEST_STEP][PASSED] - Statement - counter = counter + 1: null

2019-01-03 12:46:20 - [TEST_STEP][PASSED] - Statement - PreSaveFile = new java.io.File(((pathPrefix + java.lang.Integer.toString(counter)) + .png)): null

2019-01-03 12:46:20 - [TEST_STEP][PASSED] - Statement - counter = counter + 1: null

2019-01-03 12:46:20 - [TEST_STEP][PASSED] - Statement - PreSaveFile = new java.io.File(((pathPrefix + java.lang.Integer.toString(counter)) + .png)): null

2019-01-03 12:46:20 - [TEST_STEP][PASSED] - Statement - counter = counter + 1: null

2019-01-03 12:46:20 - [TEST_STEP][PASSED] - Statement - PreSaveFile = new java.io.File(((pathPrefix + java.lang.Integer.toString(counter)) + .png)): null

2019-01-03 12:46:20 - [TEST_STEP][PASSED] - Statement - counter = counter + 1: null

2019-01-03 12:46:20 - [TEST_STEP][PASSED] - Statement - PreSaveFile = new java.io.File(((pathPrefix + java.lang.Integer.toString(counter)) + .png)): null

2019-01-03 12:46:20 - [TEST_STEP][PASSED] - Statement - counter = counter + 1: null

2019-01-03 12:46:20 - [TEST_STEP][PASSED] - Statement - PreSaveFile = new java.io.File(((pathPrefix + java.lang.Integer.toString(counter)) + .png)): null

2019-01-03 12:46:20 - [TEST_STEP][PASSED] - Statement - counter = counter + 1: null

2019-01-03 12:46:20 - [TEST_STEP][PASSED] - Statement - PreSaveFile = new java.io.File(((pathPrefix + java.lang.Integer.toString(counter)) + .png)): null

2019-01-03 12:46:20 - [TEST_STEP][PASSED] - Statement - counter = counter + 1: null

2019-01-03 12:46:20 - [TEST_STEP][PASSED] - Statement - PreSaveFile = new java.io.File(((pathPrefix + java.lang.Integer.toString(counter)) + .png)): null

2019-01-03 12:46:20 - [TEST_STEP][PASSED] - Statement - counter = counter + 1: null

2019-01-03 12:46:20 - [TEST_STEP][PASSED] - Statement - PreSaveFile = new java.io.File(((pathPrefix + java.lang.Integer.toString(counter)) + .png)): null

2019-01-03 12:46:20 - [TEST_STEP][PASSED] - Statement - counter = counter + 1: null

2019-01-03 12:46:20 - [TEST_STEP][PASSED] - Statement - PreSaveFile = new java.io.File(((pathPrefix + java.lang.Integer.toString(counter)) + .png)): null

2019-01-03 12:46:20 - [TEST_STEP][PASSED] - Statement - counter = counter + 1: null

2019-01-03 12:46:20 - [TEST_STEP][PASSED] - Statement - PreSaveFile = new java.io.File(((pathPrefix + java.lang.Integer.toString(counter)) + .png)): null

2019-01-03 12:46:20 - [TEST_STEP][PASSED] - Statement - counter = counter + 1: null

2019-01-03 12:46:20 - [TEST_STEP][PASSED] - Statement - PreSaveFile = new java.io.File(((pathPrefix + java.lang.Integer.toString(counter)) + .png)): null

2019-01-03 12:46:20 - [TEST_STEP][PASSED] - Statement - counter = counter + 1: null

2019-01-03 12:46:20 - [TEST_STEP][PASSED] - Statement - PreSaveFile = new java.io.File(((pathPrefix + java.lang.Integer.toString(counter)) + .png)): null

2019-01-03 12:46:20 - [TEST_STEP][PASSED] - Statement - counter = counter + 1: null

2019-01-03 12:46:20 - [TEST_STEP][PASSED] - Statement - PreSaveFile = new java.io.File(((pathPrefix + java.lang.Integer.toString(counter)) + .png)): null

2019-01-03 12:46:20 - [TEST_STEP][PASSED] - Statement - counter = counter + 1: null

2019-01-03 12:46:20 - [TEST_STEP][PASSED] - Statement - PreSaveFile = new java.io.File(((pathPrefix + java.lang.Integer.toString(counter)) + .png)): null

2019-01-03 12:46:20 - [TEST_STEP][PASSED] - Statement - counter = counter + 1: null

2019-01-03 12:46:20 - [TEST_STEP][PASSED] - Statement - PreSaveFile = new java.io.File(((pathPrefix + java.lang.Integer.toString(counter)) + .png)): null

2019-01-03 12:46:20 - [TEST_STEP][PASSED] - Statement - counter = counter + 1: null

2019-01-03 12:46:20 - [TEST_STEP][PASSED] - Statement - PreSaveFile = new java.io.File(((pathPrefix + java.lang.Integer.toString(counter)) + .png)): null

2019-01-03 12:46:20 - [TEST_STEP][PASSED] - Statement - counter = counter + 1: null

2019-01-03 12:46:20 - [TEST_STEP][PASSED] - Statement - PreSaveFile = new java.io.File(((pathPrefix + java.lang.Integer.toString(counter)) + .png)): null

2019-01-03 12:46:20 - [TEST_STEP][PASSED] - Statement - counter = counter + 1: null

2019-01-03 12:46:20 - [TEST_STEP][PASSED] - Statement - PreSaveFile = new java.io.File(((pathPrefix + java.lang.Integer.toString(counter)) + .png)): null

2019-01-03 12:46:20 - [TEST_STEP][PASSED] - Statement - counter = counter + 1: null

2019-01-03 12:46:20 - [TEST_STEP][PASSED] - Statement - PreSaveFile = new java.io.File(((pathPrefix + java.lang.Integer.toString(counter)) + .png)): null

2019-01-03 12:46:20 - [TEST_STEP][PASSED] - Statement - counter = counter + 1: null

2019-01-03 12:46:20 - [TEST_STEP][PASSED] - Statement - PreSaveFile = new java.io.File(((pathPrefix + java.lang.Integer.toString(counter)) + .png)): null

2019-01-03 12:46:20 - [TEST_STEP][PASSED] - Statement - counter = counter + 1: null

2019-01-03 12:46:20 - [TEST_STEP][PASSED] - Statement - PreSaveFile = new java.io.File(((pathPrefix + java.lang.Integer.toString(counter)) + .png)): null

2019-01-03 12:46:20 - [TEST_STEP][PASSED] - Statement - counter = counter + 1: null

2019-01-03 12:46:20 - [TEST_STEP][PASSED] - Statement - PreSaveFile = new java.io.File(((pathPrefix + java.lang.Integer.toString(counter)) + .png)): null

2019-01-03 12:46:20 - [TEST_STEP][PASSED] - Statement - counter = counter + 1: null

2019-01-03 12:46:20 - [TEST_STEP][PASSED] - Statement - PreSaveFile = new java.io.File(((pathPrefix + java.lang.Integer.toString(counter)) + .png)): null

2019-01-03 12:46:20 - [TEST_STEP][PASSED] - Statement - counter = counter + 1: null

2019-01-03 12:46:20 - [TEST_STEP][PASSED] - Statement - PreSaveFile = new java.io.File(((pathPrefix + java.lang.Integer.toString(counter)) + .png)): null

2019-01-03 12:46:20 - [TEST_STEP][PASSED] - Statement - counter = counter + 1: null

2019-01-03 12:46:20 - [TEST_STEP][PASSED] - Statement - PreSaveFile = new java.io.File(((pathPrefix + java.lang.Integer.toString(counter)) + .png)): null

2019-01-03 12:46:20 - [TEST_STEP][PASSED] - Statement - counter = counter + 1: null

2019-01-03 12:46:20 - [TEST_STEP][PASSED] - Statement - PreSaveFile = new java.io.File(((pathPrefix + java.lang.Integer.toString(counter)) + .png)): null

2019-01-03 12:46:20 - [TEST_STEP][PASSED] - Statement - counter = counter + 1: null

2019-01-03 12:46:20 - [TEST_STEP][PASSED] - Statement - PreSaveFile = new java.io.File(((pathPrefix + java.lang.Integer.toString(counter)) + .png)): null

2019-01-03 12:46:20 - [TEST_STEP][PASSED] - Statement - counter = counter + 1: null

2019-01-03 12:46:20 - [TEST_STEP][PASSED] - Statement - PreSaveFile = new java.io.File(((pathPrefix + java.lang.Integer.toString(counter)) + .png)): null

2019-01-03 12:46:20 - [TEST_STEP][PASSED] - Statement - counter = counter + 1: null

2019-01-03 12:46:20 - [TEST_STEP][PASSED] - Statement - PreSaveFile = new java.io.File(((pathPrefix + java.lang.Integer.toString(counter)) + .png)): null

2019-01-03 12:46:20 - [TEST_STEP][PASSED] - Statement - counter = counter + 1: null

2019-01-03 12:46:20 - [TEST_STEP][PASSED] - Statement - PreSaveFile = new java.io.File(((pathPrefix + java.lang.Integer.toString(counter)) + .png)): null

2019-01-03 12:46:20 - [TEST_STEP][PASSED] - Statement - counter = counter + 1: null

2019-01-03 12:46:20 - [TEST_STEP][PASSED] - Statement - PreSaveFile = new java.io.File(((pathPrefix + java.lang.Integer.toString(counter)) + .png)): null

2019-01-03 12:46:20 - [TEST_STEP][PASSED] - Statement - counter = counter + 1: null

2019-01-03 12:46:20 - [TEST_STEP][PASSED] - Statement - PreSaveFile = new java.io.File(((pathPrefix + java.lang.Integer.toString(counter)) + .png)): null

2019-01-03 12:46:20 - [TEST_STEP][PASSED] - Statement - counter = counter + 1: null

2019-01-03 12:46:20 - [TEST_STEP][PASSED] - Statement - PreSaveFile = new java.io.File(((pathPrefix + java.lang.Integer.toString(counter)) + .png)): null

2019-01-03 12:46:20 - [TEST_STEP][PASSED] - Statement - counter = counter + 1: null

2019-01-03 12:46:20 - [TEST_STEP][PASSED] - Statement - PreSaveFile = new java.io.File(((pathPrefix + java.lang.Integer.toString(counter)) + .png)): null

2019-01-03 12:46:20 - [TEST_STEP][PASSED] - Statement - counter = counter + 1: null

2019-01-03 12:46:20 - [TEST_STEP][PASSED] - Statement - PreSaveFile = new java.io.File(((pathPrefix + java.lang.Integer.toString(counter)) + .png)): null

2019-01-03 12:46:20 - [TEST_STEP][PASSED] - Statement - counter = counter + 1: null

2019-01-03 12:46:20 - [TEST_STEP][PASSED] - Statement - PreSaveFile = new java.io.File(((pathPrefix + java.lang.Integer.toString(counter)) + .png)): null

2019-01-03 12:46:20 - [TEST_STEP][PASSED] - Statement - counter = counter + 1: null

2019-01-03 12:46:20 - [TEST_STEP][PASSED] - Statement - PreSaveFile = new java.io.File(((pathPrefix + java.lang.Integer.toString(counter)) + .png)): null

2019-01-03 12:46:20 - [TEST_STEP][PASSED] - Statement - counter = counter + 1: null

2019-01-03 12:46:20 - [TEST_STEP][PASSED] - Statement - PreSaveFile = new java.io.File(((pathPrefix + java.lang.Integer.toString(counter)) + .png)): null

2019-01-03 12:46:20 - [TEST_STEP][PASSED] - Statement - counter = counter + 1: null

2019-01-03 12:46:20 - [TEST_STEP][PASSED] - Statement - PreSaveFile = new java.io.File(((pathPrefix + java.lang.Integer.toString(counter)) + .png)): null

2019-01-03 12:46:20 - [TEST_STEP][PASSED] - Statement - counter = counter + 1: null

2019-01-03 12:46:20 - [TEST_STEP][PASSED] - Statement - PreSaveFile = new java.io.File(((pathPrefix + java.lang.Integer.toString(counter)) + .png)): null

2019-01-03 12:46:20 - [TEST_STEP][PASSED] - Statement - counter = counter + 1: null

2019-01-03 12:46:20 - [TEST_STEP][PASSED] - Statement - PreSaveFile = new java.io.File(((pathPrefix + java.lang.Integer.toString(counter)) + .png)): null

2019-01-03 12:46:20 - [TEST_STEP][PASSED] - Statement - counter = counter + 1: null

2019-01-03 12:46:20 - [TEST_STEP][PASSED] - Statement - PreSaveFile = new java.io.File(((pathPrefix + java.lang.Integer.toString(counter)) + .png)): null

2019-01-03 12:46:20 - [TEST_STEP][PASSED] - Statement - counter = counter + 1: null

2019-01-03 12:46:20 - [TEST_STEP][PASSED] - Statement - PreSaveFile = new java.io.File(((pathPrefix + java.lang.Integer.toString(counter)) + .png)): null

2019-01-03 12:46:20 - [TEST_STEP][PASSED] - Statement - counter = counter + 1: null

2019-01-03 12:46:20 - [TEST_STEP][PASSED] - Statement - PreSaveFile = new java.io.File(((pathPrefix + java.lang.Integer.toString(counter)) + .png)): null

2019-01-03 12:46:20 - [TEST_STEP][PASSED] - Statement - counter = counter + 1: null

2019-01-03 12:46:20 - [TEST_STEP][PASSED] - Statement - PreSaveFile = new java.io.File(((pathPrefix + java.lang.Integer.toString(counter)) + .png)): null

2019-01-03 12:46:20 - [TEST_STEP][PASSED] - Statement - counter = counter + 1: null

2019-01-03 12:46:20 - [TEST_STEP][PASSED] - Statement - PreSaveFile = new java.io.File(((pathPrefix + java.lang.Integer.toString(counter)) + .png)): null

2019-01-03 12:46:20 - [TEST_STEP][PASSED] - Statement - counter = counter + 1: null

2019-01-03 12:46:20 - [TEST_STEP][PASSED] - Statement - PreSaveFile = new java.io.File(((pathPrefix + java.lang.Integer.toString(counter)) + .png)): null

2019-01-03 12:46:20 - [TEST_STEP][PASSED] - Statement - counter = counter + 1: null

2019-01-03 12:46:20 - [TEST_STEP][PASSED] - Statement - PreSaveFile = new java.io.File(((pathPrefix + java.lang.Integer.toString(counter)) + .png)): null

2019-01-03 12:46:20 - [TEST_STEP][PASSED] - Statement - counter = counter + 1: null

2019-01-03 12:46:20 - [TEST_STEP][PASSED] - Statement - PreSaveFile = new java.io.File(((pathPrefix + java.lang.Integer.toString(counter)) + .png)): null

2019-01-03 12:46:20 - [TEST_STEP][PASSED] - Statement - counter = counter + 1: null

2019-01-03 12:46:20 - [TEST_STEP][PASSED] - Statement - PreSaveFile = new java.io.File(((pathPrefix + java.lang.Integer.toString(counter)) + .png)): null

2019-01-03 12:46:20 - [TEST_STEP][PASSED] - Statement - counter = counter + 1: null

2019-01-03 12:46:20 - [TEST_STEP][PASSED] - Statement - PreSaveFile = new java.io.File(((pathPrefix + java.lang.Integer.toString(counter)) + .png)): null

2019-01-03 12:46:20 - [TEST_STEP][PASSED] - Statement - counter = counter + 1: null

2019-01-03 12:46:20 - [TEST_STEP][PASSED] - Statement - PreSaveFile = new java.io.File(((pathPrefix + java.lang.Integer.toString(counter)) + .png)): null

2019-01-03 12:46:20 - [TEST_STEP][PASSED] - Statement - counter = counter + 1: null

2019-01-03 12:46:20 - [TEST_STEP][PASSED] - Statement - PreSaveFile = new java.io.File(((pathPrefix + java.lang.Integer.toString(counter)) + .png)): null

2019-01-03 12:46:20 - [TEST_STEP][PASSED] - Statement - counter = counter + 1: null

2019-01-03 12:46:20 - [TEST_STEP][PASSED] - Statement - PreSaveFile = new java.io.File(((pathPrefix + java.lang.Integer.toString(counter)) + .png)): null

2019-01-03 12:46:20 - [TEST_STEP][PASSED] - Statement - counter = counter + 1: null

2019-01-03 12:46:20 - [TEST_STEP][PASSED] - Statement - PreSaveFile = new java.io.File(((pathPrefix + java.lang.Integer.toString(counter)) + .png)): null

2019-01-03 12:46:20 - [TEST_STEP][PASSED] - Statement - counter = counter + 1: null

2019-01-03 12:46:20 - [TEST_STEP][PASSED] - Statement - PreSaveFile = new java.io.File(((pathPrefix + java.lang.Integer.toString(counter)) + .png)): null

2019-01-03 12:46:20 - [TEST_STEP][PASSED] - Statement - counter = counter + 1: null

2019-01-03 12:46:20 - [TEST_STEP][PASSED] - Statement - PreSaveFile = new java.io.File(((pathPrefix + java.lang.Integer.toString(counter)) + .png)): null

2019-01-03 12:46:20 - [TEST_STEP][PASSED] - Statement - counter = counter + 1: null

2019-01-03 12:46:20 - [TEST_STEP][PASSED] - Statement - PreSaveFile = new java.io.File(((pathPrefix + java.lang.Integer.toString(counter)) + .png)): null

2019-01-03 12:46:20 - [TEST_STEP][PASSED] - Statement - counter = counter + 1: null

2019-01-03 12:46:21 - [TEST_STEP][PASSED] - Statement - PreSaveFile = new java.io.File(((pathPrefix + java.lang.Integer.toString(counter)) + .png)): null

2019-01-03 12:46:21 - [TEST_STEP][PASSED] - Statement - counter = counter + 1: null

2019-01-03 12:46:21 - [TEST_STEP][PASSED] - Statement - PreSaveFile = new java.io.File(((pathPrefix + java.lang.Integer.toString(counter)) + .png)): null

2019-01-03 12:46:21 - [TEST_STEP][PASSED] - Statement - counter = counter + 1: null

2019-01-03 12:46:21 - [TEST_STEP][PASSED] - Statement - PreSaveFile = new java.io.File(((pathPrefix + java.lang.Integer.toString(counter)) + .png)): null

2019-01-03 12:46:21 - [TEST_STEP][PASSED] - Statement - counter = counter + 1: null

2019-01-03 12:46:21 - [TEST_STEP][PASSED] - Statement - PreSaveFile = new java.io.File(((pathPrefix + java.lang.Integer.toString(counter)) + .png)): null

2019-01-03 12:46:21 - [TEST_STEP][PASSED] - Statement - counter = counter + 1: null

2019-01-03 12:46:21 - [TEST_STEP][PASSED] - Statement - PreSaveFile = new java.io.File(((pathPrefix + java.lang.Integer.toString(counter)) + .png)): null

2019-01-03 12:46:21 - [TEST_STEP][PASSED] - Statement - counter = counter + 1: null

2019-01-03 12:46:21 - [TEST_STEP][PASSED] - Statement - PreSaveFile = new java.io.File(((pathPrefix + java.lang.Integer.toString(counter)) + .png)): null

2019-01-03 12:46:21 - [TEST_STEP][PASSED] - Statement - counter = counter + 1: null

2019-01-03 12:46:21 - [TEST_STEP][PASSED] - Statement - PreSaveFile = new java.io.File(((pathPrefix + java.lang.Integer.toString(counter)) + .png)): null

2019-01-03 12:46:21 - [TEST_STEP][PASSED] - Statement - counter = counter + 1: null

2019-01-03 12:46:21 - [TEST_STEP][PASSED] - Statement - PreSaveFile = new java.io.File(((pathPrefix + java.lang.Integer.toString(counter)) + .png)): null

2019-01-03 12:46:21 - [TEST_STEP][PASSED] - Statement - counter = counter + 1: null

2019-01-03 12:46:21 - [TEST_STEP][PASSED] - Statement - PreSaveFile = new java.io.File(((pathPrefix + java.lang.Integer.toString(counter)) + .png)): null

2019-01-03 12:46:21 - [TEST_STEP][PASSED] - Statement - counter = counter + 1: null

2019-01-03 12:46:21 - [TEST_STEP][PASSED] - Statement - PreSaveFile = new java.io.File(((pathPrefix + java.lang.Integer.toString(counter)) + .png)): null

2019-01-03 12:46:21 - [TEST_STEP][PASSED] - Statement - counter = counter + 1: null

2019-01-03 12:46:21 - [TEST_STEP][PASSED] - Statement - PreSaveFile = new java.io.File(((pathPrefix + java.lang.Integer.toString(counter)) + .png)): null

2019-01-03 12:46:21 - [TEST_STEP][PASSED] - Statement - counter = counter + 1: null

2019-01-03 12:46:21 - [TEST_STEP][PASSED] - Statement - PreSaveFile = new java.io.File(((pathPrefix + java.lang.Integer.toString(counter)) + .png)): null

2019-01-03 12:46:21 - [TEST_STEP][PASSED] - Statement - counter = counter + 1: null

2019-01-03 12:46:21 - [TEST_STEP][PASSED] - Statement - PreSaveFile = new java.io.File(((pathPrefix + java.lang.Integer.toString(counter)) + .png)): null

2019-01-03 12:46:21 - [TEST_STEP][PASSED] - Statement - counter = counter + 1: null

2019-01-03 12:46:21 - [TEST_STEP][PASSED] - Statement - PreSaveFile = new java.io.File(((pathPrefix + java.lang.Integer.toString(counter)) + .png)): null

2019-01-03 12:46:21 - [TEST_STEP][PASSED] - Statement - counter = counter + 1: null

2019-01-03 12:46:21 - [TEST_STEP][PASSED] - Statement - PreSaveFile = new java.io.File(((pathPrefix + java.lang.Integer.toString(counter)) + .png)): null

2019-01-03 12:46:21 - [TEST_STEP][PASSED] - Statement - counter = counter + 1: null

2019-01-03 12:46:21 - [TEST_STEP][PASSED] - Statement - PreSaveFile = new java.io.File(((pathPrefix + java.lang.Integer.toString(counter)) + .png)): null

2019-01-03 12:46:21 - [TEST_STEP][PASSED] - Statement - counter = counter + 1: null

2019-01-03 12:46:21 - [TEST_STEP][PASSED] - Statement - PreSaveFile = new java.io.File(((pathPrefix + java.lang.Integer.toString(counter)) + .png)): null

2019-01-03 12:46:21 - [TEST_STEP][PASSED] - Statement - counter = counter + 1: null

2019-01-03 12:46:21 - [TEST_STEP][PASSED] - Statement - PreSaveFile = new java.io.File(((pathPrefix + java.lang.Integer.toString(counter)) + .png)): null

2019-01-03 12:46:21 - [TEST_STEP][PASSED] - Statement - counter = counter + 1: null

2019-01-03 12:46:21 - [TEST_STEP][PASSED] - Statement - PreSaveFile = new java.io.File(((pathPrefix + java.lang.Integer.toString(counter)) + .png)): null

2019-01-03 12:46:21 - [TEST_STEP][PASSED] - Statement - counter = counter + 1: null

2019-01-03 12:46:21 - [TEST_STEP][PASSED] - Statement - PreSaveFile = new java.io.File(((pathPrefix + java.lang.Integer.toString(counter)) + .png)): null

2019-01-03 12:46:21 - [TEST_STEP][PASSED] - Statement - counter = counter + 1: null

2019-01-03 12:46:21 - [TEST_STEP][PASSED] - Statement - PreSaveFile = new java.io.File(((pathPrefix + java.lang.Integer.toString(counter)) + .png)): null

2019-01-03 12:46:21 - [TEST_STEP][PASSED] - Statement - counter = counter + 1: null

2019-01-03 12:46:21 - [TEST_STEP][PASSED] - Statement - PreSaveFile = new java.io.File(((pathPrefix + java.lang.Integer.toString(counter)) + .png)): null

2019-01-03 12:46:21 - [TEST_STEP][PASSED] - Statement - counter = counter + 1: null

2019-01-03 12:46:21 - [TEST_STEP][PASSED] - Statement - PreSaveFile = new java.io.File(((pathPrefix + java.lang.Integer.toString(counter)) + .png)): null

2019-01-03 12:46:21 - [TEST_STEP][PASSED] - Statement - counter = counter + 1: null

2019-01-03 12:46:21 - [TEST_STEP][PASSED] - Statement - PreSaveFile = new java.io.File(((pathPrefix + java.lang.Integer.toString(counter)) + .png)): null

2019-01-03 12:46:21 - [TEST_STEP][PASSED] - Statement - counter = counter + 1: null

2019-01-03 12:46:21 - [TEST_STEP][PASSED] - Statement - PreSaveFile = new java.io.File(((pathPrefix + java.lang.Integer.toString(counter)) + .png)): null

2019-01-03 12:46:21 - [TEST_STEP][PASSED] - Statement - counter = counter + 1: null

2019-01-03 12:46:21 - [TEST_STEP][PASSED] - Statement - PreSaveFile = new java.io.File(((pathPrefix + java.lang.Integer.toString(counter)) + .png)): null

2019-01-03 12:46:21 - [TEST_STEP][PASSED] - Statement - counter = counter + 1: null

2019-01-03 12:46:21 - [TEST_STEP][PASSED] - Statement - PreSaveFile = new java.io.File(((pathPrefix + java.lang.Integer.toString(counter)) + .png)): null

2019-01-03 12:46:21 - [TEST_STEP][PASSED] - Statement - counter = counter + 1: null

2019-01-03 12:46:21 - [TEST_STEP][PASSED] - Statement - PreSaveFile = new java.io.File(((pathPrefix + java.lang.Integer.toString(counter)) + .png)): null

2019-01-03 12:46:21 - [TEST_STEP][PASSED] - Statement - counter = counter + 1: null

2019-01-03 12:46:21 - [TEST_STEP][PASSED] - Statement - PreSaveFile = new java.io.File(((pathPrefix + java.lang.Integer.toString(counter)) + .png)): null

2019-01-03 12:46:21 - [TEST_STEP][PASSED] - Statement - counter = counter + 1: null

2019-01-03 12:46:21 - [TEST_STEP][PASSED] - Statement - PreSaveFile = new java.io.File(((pathPrefix + java.lang.Integer.toString(counter)) + .png)): null

2019-01-03 12:46:21 - [TEST_STEP][PASSED] - Statement - counter = counter + 1: null

2019-01-03 12:46:21 - [TEST_STEP][PASSED] - Statement - PreSaveFile = new java.io.File(((pathPrefix + java.lang.Integer.toString(counter)) + .png)): null

2019-01-03 12:46:21 - [TEST_STEP][PASSED] - Statement - counter = counter + 1: null

2019-01-03 12:46:21 - [TEST_STEP][PASSED] - Statement - PreSaveFile = new java.io.File(((pathPrefix + java.lang.Integer.toString(counter)) + .png)): null

2019-01-03 12:46:21 - [TEST_STEP][PASSED] - Statement - counter = counter + 1: null

2019-01-03 12:46:21 - [TEST_STEP][PASSED] - Statement - PreSaveFile = new java.io.File(((pathPrefix + java.lang.Integer.toString(counter)) + .png)): null

2019-01-03 12:46:21 - [TEST_STEP][PASSED] - Statement - counter = counter + 1: null

2019-01-03 12:46:21 - [TEST_STEP][PASSED] - Statement - PreSaveFile = new java.io.File(((pathPrefix + java.lang.Integer.toString(counter)) + .png)): null

2019-01-03 12:46:21 - [TEST_STEP][PASSED] - Statement - counter = counter + 1: null

2019-01-03 12:46:21 - [TEST_STEP][PASSED] - Statement - PreSaveFile = new java.io.File(((pathPrefix + java.lang.Integer.toString(counter)) + .png)): null

2019-01-03 12:46:21 - [TEST_STEP][PASSED] - Statement - counter = counter + 1: null

2019-01-03 12:46:21 - [TEST_STEP][PASSED] - Statement - PreSaveFile = new java.io.File(((pathPrefix + java.lang.Integer.toString(counter)) + .png)): null

2019-01-03 12:46:21 - [TEST_STEP][PASSED] - Statement - counter = counter + 1: null

2019-01-03 12:46:21 - [TEST_STEP][PASSED] - Statement - PreSaveFile = new java.io.File(((pathPrefix + java.lang.Integer.toString(counter)) + .png)): null

2019-01-03 12:46:21 - [TEST_STEP][PASSED] - Statement - counter = counter + 1: null

2019-01-03 12:46:21 - [TEST_STEP][PASSED] - Statement - PreSaveFile = new java.io.File(((pathPrefix + java.lang.Integer.toString(counter)) + .png)): null

2019-01-03 12:46:21 - [TEST_STEP][PASSED] - Statement - counter = counter + 1: null

2019-01-03 12:46:21 - [TEST_STEP][PASSED] - Statement - PreSaveFile = new java.io.File(((pathPrefix + java.lang.Integer.toString(counter)) + .png)): null

2019-01-03 12:46:21 - [TEST_STEP][PASSED] - Statement - counter = counter + 1: null

2019-01-03 12:46:21 - [TEST_STEP][PASSED] - Statement - PreSaveFile = new java.io.File(((pathPrefix + java.lang.Integer.toString(counter)) + .png)): null

2019-01-03 12:46:21 - [TEST_STEP][PASSED] - Statement - counter = counter + 1: null

2019-01-03 12:46:21 - [TEST_STEP][PASSED] - Statement - PreSaveFile = new java.io.File(((pathPrefix + java.lang.Integer.toString(counter)) + .png)): null

2019-01-03 12:46:21 - [TEST_STEP][PASSED] - Statement - counter = counter + 1: null

2019-01-03 12:46:21 - [TEST_STEP][PASSED] - Statement - PreSaveFile = new java.io.File(((pathPrefix + java.lang.Integer.toString(counter)) + .png)): null

2019-01-03 12:46:21 - [TEST_STEP][PASSED] - Statement - counter = counter + 1: null

2019-01-03 12:46:21 - [TEST_STEP][PASSED] - Statement - PreSaveFile = new java.io.File(((pathPrefix + java.lang.Integer.toString(counter)) + .png)): null

2019-01-03 12:46:21 - [TEST_STEP][PASSED] - Statement - counter = counter + 1: null

2019-01-03 12:46:21 - [TEST_STEP][PASSED] - Statement - PreSaveFile = new java.io.File(((pathPrefix + java.lang.Integer.toString(counter)) + .png)): null

2019-01-03 12:46:21 - [TEST_STEP][PASSED] - Statement - counter = counter + 1: null

2019-01-03 12:46:21 - [TEST_STEP][PASSED] - Statement - PreSaveFile = new java.io.File(((pathPrefix + java.lang.Integer.toString(counter)) + .png)): null

2019-01-03 12:46:21 - [TEST_STEP][PASSED] - Statement - counter = counter + 1: null

2019-01-03 12:46:21 - [TEST_STEP][PASSED] - Statement - PreSaveFile = new java.io.File(((pathPrefix + java.lang.Integer.toString(counter)) + .png)): null

2019-01-03 12:46:21 - [TEST_STEP][PASSED] - Statement - counter = counter + 1: null

2019-01-03 12:46:21 - [TEST_STEP][PASSED] - Statement - PreSaveFile = new java.io.File(((pathPrefix + java.lang.Integer.toString(counter)) + .png)): null

2019-01-03 12:46:21 - [TEST_STEP][PASSED] - Statement - counter = counter + 1: null

2019-01-03 12:46:21 - [TEST_STEP][PASSED] - Statement - PreSaveFile = new java.io.File(((pathPrefix + java.lang.Integer.toString(counter)) + .png)): null

2019-01-03 12:46:21 - [TEST_STEP][PASSED] - Statement - counter = counter + 1: null

2019-01-03 12:46:21 - [TEST_STEP][PASSED] - Statement - PreSaveFile = new java.io.File(((pathPrefix + java.lang.Integer.toString(counter)) + .png)): null

2019-01-03 12:46:21 - [TEST_STEP][PASSED] - Statement - counter = counter + 1: null

2019-01-03 12:46:21 - [TEST_STEP][PASSED] - Statement - PreSaveFile = new java.io.File(((pathPrefix + java.lang.Integer.toString(counter)) + .png)): null

2019-01-03 12:46:21 - [TEST_STEP][PASSED] - Statement - counter = counter + 1: null

2019-01-03 12:46:21 - [TEST_STEP][PASSED] - Statement - PreSaveFile = new java.io.File(((pathPrefix + java.lang.Integer.toString(counter)) + .png)): null

2019-01-03 12:46:21 - [TEST_STEP][PASSED] - Statement - counter = counter + 1: null

2019-01-03 12:46:21 - [TEST_STEP][PASSED] - Statement - PreSaveFile = new java.io.File(((pathPrefix + java.lang.Integer.toString(counter)) + .png)): null

2019-01-03 12:46:21 - [TEST_STEP][PASSED] - Statement - counter = counter + 1: null

2019-01-03 12:46:21 - [TEST_STEP][PASSED] - Statement - PreSaveFile = new java.io.File(((pathPrefix + java.lang.Integer.toString(counter)) + .png)): null

2019-01-03 12:46:21 - [TEST_STEP][PASSED] - Statement - counter = counter + 1: null

2019-01-03 12:46:21 - [TEST_STEP][PASSED] - Statement - PreSaveFile = new java.io.File(((pathPrefix + java.lang.Integer.toString(counter)) + .png)): null

2019-01-03 12:46:21 - [TEST_STEP][PASSED] - Statement - counter = counter + 1: null

2019-01-03 12:46:21 - [TEST_STEP][PASSED] - Statement - PreSaveFile = new java.io.File(((pathPrefix + java.lang.Integer.toString(counter)) + .png)): null

2019-01-03 12:46:21 - [TEST_STEP][PASSED] - Statement - counter = counter + 1: null

2019-01-03 12:46:21 - [TEST_STEP][PASSED] - Statement - PreSaveFile = new java.io.File(((pathPrefix + java.lang.Integer.toString(counter)) + .png)): null

2019-01-03 12:46:21 - [TEST_STEP][PASSED] - Statement - counter = counter + 1: null

2019-01-03 12:46:21 - [TEST_STEP][PASSED] - Statement - PreSaveFile = new java.io.File(((pathPrefix + java.lang.Integer.toString(counter)) + .png)): null

2019-01-03 12:46:21 - [TEST_STEP][PASSED] - Statement - counter = counter + 1: null

2019-01-03 12:46:21 - [TEST_STEP][PASSED] - Statement - PreSaveFile = new java.io.File(((pathPrefix + java.lang.Integer.toString(counter)) + .png)): null

2019-01-03 12:46:21 - [TEST_STEP][PASSED] - Statement - counter = counter + 1: null

2019-01-03 12:46:21 - [TEST_STEP][PASSED] - Statement - PreSaveFile = new java.io.File(((pathPrefix + java.lang.Integer.toString(counter)) + .png)): null

2019-01-03 12:46:21 - [TEST_STEP][PASSED] - Statement - counter = counter + 1: null

2019-01-03 12:46:21 - [TEST_STEP][PASSED] - Statement - PreSaveFile = new java.io.File(((pathPrefix + java.lang.Integer.toString(counter)) + .png)): null

2019-01-03 12:46:21 - [TEST_STEP][PASSED] - Statement - counter = counter + 1: null

2019-01-03 12:46:21 - [TEST_STEP][PASSED] - Statement - PreSaveFile = new java.io.File(((pathPrefix + java.lang.Integer.toString(counter)) + .png)): null

2019-01-03 12:46:21 - [TEST_STEP][PASSED] - Statement - counter = counter + 1: null

2019-01-03 12:46:21 - [TEST_STEP][PASSED] - Statement - PreSaveFile = new java.io.File(((pathPrefix + java.lang.Integer.toString(counter)) + .png)): null

2019-01-03 12:46:21 - [TEST_STEP][PASSED] - Statement - counter = counter + 1: null

2019-01-03 12:46:21 - [TEST_STEP][PASSED] - Statement - PreSaveFile = new java.io.File(((pathPrefix + java.lang.Integer.toString(counter)) + .png)): null

2019-01-03 12:46:21 - [TEST_STEP][PASSED] - Statement - counter = counter + 1: null

2019-01-03 12:46:21 - [TEST_STEP][PASSED] - Statement - PreSaveFile = new java.io.File(((pathPrefix + java.lang.Integer.toString(counter)) + .png)): null

2019-01-03 12:46:21 - [TEST_STEP][PASSED] - Statement - counter = counter + 1: null

2019-01-03 12:46:21 - [TEST_STEP][PASSED] - Statement - PreSaveFile = new java.io.File(((pathPrefix + java.lang.Integer.toString(counter)) + .png)): null

2019-01-03 12:46:21 - [TEST_STEP][PASSED] - Statement - counter = counter + 1: null

2019-01-03 12:46:21 - [TEST_STEP][PASSED] - Statement - PreSaveFile = new java.io.File(((pathPrefix + java.lang.Integer.toString(counter)) + .png)): null

2019-01-03 12:46:21 - [TEST_STEP][PASSED] - Statement - counter = counter + 1: null

2019-01-03 12:46:21 - [TEST_STEP][PASSED] - Statement - PreSaveFile = new java.io.File(((pathPrefix + java.lang.Integer.toString(counter)) + .png)): null

2019-01-03 12:46:21 - [TEST_STEP][PASSED] - Statement - counter = counter + 1: null

2019-01-03 12:46:21 - [TEST_STEP][PASSED] - Statement - PreSaveFile = new java.io.File(((pathPrefix + java.lang.Integer.toString(counter)) + .png)): null

2019-01-03 12:46:21 - [TEST_STEP][PASSED] - Statement - counter = counter + 1: null

2019-01-03 12:46:21 - [TEST_STEP][PASSED] - Statement - PreSaveFile = new java.io.File(((pathPrefix + java.lang.Integer.toString(counter)) + .png)): null

2019-01-03 12:46:21 - [TEST_STEP][PASSED] - Statement - counter = counter + 1: null

2019-01-03 12:46:21 - [TEST_STEP][PASSED] - Statement - PreSaveFile = new java.io.File(((pathPrefix + java.lang.Integer.toString(counter)) + .png)): null

2019-01-03 12:46:21 - [TEST_STEP][PASSED] - Statement - counter = counter + 1: null

2019-01-03 12:46:21 - [TEST_STEP][PASSED] - Statement - PreSaveFile = new java.io.File(((pathPrefix + java.lang.Integer.toString(counter)) + .png)): null

2019-01-03 12:46:21 - [TEST_STEP][PASSED] - Statement - counter = counter + 1: null

2019-01-03 12:46:21 - [TEST_STEP][PASSED] - Statement - PreSaveFile = new java.io.File(((pathPrefix + java.lang.Integer.toString(counter)) + .png)): null

2019-01-03 12:46:21 - [TEST_STEP][PASSED] - Statement - counter = counter + 1: null

2019-01-03 12:46:21 - [TEST_STEP][PASSED] - Statement - PreSaveFile = new java.io.File(((pathPrefix + java.lang.Integer.toString(counter)) + .png)): null

2019-01-03 12:46:21 - [TEST_STEP][PASSED] - Statement - counter = counter + 1: null

2019-01-03 12:46:21 - [TEST_STEP][PASSED] - Statement - PreSaveFile = new java.io.File(((pathPrefix + java.lang.Integer.toString(counter)) + .png)): null

2019-01-03 12:46:21 - [TEST_STEP][PASSED] - Statement - counter = counter + 1: null

2019-01-03 12:46:21 - [TEST_STEP][PASSED] - Statement - PreSaveFile = new java.io.File(((pathPrefix + java.lang.Integer.toString(counter)) + .png)): null

2019-01-03 12:46:21 - [TEST_STEP][PASSED] - Statement - counter = counter + 1: null

2019-01-03 12:46:21 - [TEST_STEP][PASSED] - Statement - PreSaveFile = new java.io.File(((pathPrefix + java.lang.Integer.toString(counter)) + .png)): null

2019-01-03 12:46:21 - [TEST_STEP][PASSED] - Statement - counter = counter + 1: null

2019-01-03 12:46:21 - [TEST_STEP][PASSED] - Statement - PreSaveFile = new java.io.File(((pathPrefix + java.lang.Integer.toString(counter)) + .png)): null

2019-01-03 12:46:21 - [TEST_STEP][PASSED] - Statement - counter = counter + 1: null

2019-01-03 12:46:21 - [TEST_STEP][PASSED] - Statement - PreSaveFile = new java.io.File(((pathPrefix + java.lang.Integer.toString(counter)) + .png)): null

2019-01-03 12:46:21 - [TEST_STEP][PASSED] - Statement - counter = counter + 1: null

2019-01-03 12:46:21 - [TEST_STEP][PASSED] - Statement - PreSaveFile = new java.io.File(((pathPrefix + java.lang.Integer.toString(counter)) + .png)): null

2019-01-03 12:46:21 - [TEST_STEP][PASSED] - Statement - counter = counter + 1: null

2019-01-03 12:46:21 - [TEST_STEP][PASSED] - Statement - PreSaveFile = new java.io.File(((pathPrefix + java.lang.Integer.toString(counter)) + .png)): null

2019-01-03 12:46:21 - [TEST_STEP][PASSED] - Statement - counter = counter + 1: null

2019-01-03 12:46:21 - [TEST_STEP][PASSED] - Statement - PreSaveFile = new java.io.File(((pathPrefix + java.lang.Integer.toString(counter)) + .png)): null

2019-01-03 12:46:21 - [TEST_STEP][PASSED] - Statement - counter = counter + 1: null

2019-01-03 12:46:21 - [TEST_STEP][PASSED] - Statement - PreSaveFile = new java.io.File(((pathPrefix + java.lang.Integer.toString(counter)) + .png)): null

2019-01-03 12:46:21 - [TEST_STEP][PASSED] - Statement - counter = counter + 1: null

2019-01-03 12:46:21 - [TEST_STEP][PASSED] - Statement - PreSaveFile = new java.io.File(((pathPrefix + java.lang.Integer.toString(counter)) + .png)): null

2019-01-03 12:46:21 - [TEST_STEP][PASSED] - Statement - counter = counter + 1: null

2019-01-03 12:46:21 - [TEST_STEP][PASSED] - Statement - PreSaveFile = new java.io.File(((pathPrefix + java.lang.Integer.toString(counter)) + .png)): null

2019-01-03 12:46:21 - [TEST_STEP][PASSED] - Statement - counter = counter + 1: null

2019-01-03 12:46:21 - [TEST_STEP][PASSED] - Statement - PreSaveFile = new java.io.File(((pathPrefix + java.lang.Integer.toString(counter)) + .png)): null

2019-01-03 12:46:21 - [TEST_STEP][PASSED] - Statement - counter = counter + 1: null

2019-01-03 12:46:21 - [TEST_STEP][PASSED] - Statement - PreSaveFile = new java.io.File(((pathPrefix + java.lang.Integer.toString(counter)) + .png)): null

2019-01-03 12:46:21 - [TEST_STEP][PASSED] - Statement - counter = counter + 1: null

2019-01-03 12:46:21 - [TEST_STEP][PASSED] - Statement - PreSaveFile = new java.io.File(((pathPrefix + java.lang.Integer.toString(counter)) + .png)): null

2019-01-03 12:46:21 - [TEST_STEP][PASSED] - Statement - counter = counter + 1: null

2019-01-03 12:46:21 - [TEST_STEP][PASSED] - Statement - PreSaveFile = new java.io.File(((pathPrefix + java.lang.Integer.toString(counter)) + .png)): null

2019-01-03 12:46:21 - [TEST_STEP][PASSED] - Statement - counter = counter + 1: null

2019-01-03 12:46:21 - [TEST_STEP][PASSED] - Statement - PreSaveFile = new java.io.File(((pathPrefix + java.lang.Integer.toString(counter)) + .png)): null

2019-01-03 12:46:21 - [TEST_STEP][PASSED] - Statement - counter = counter + 1: null

2019-01-03 12:46:21 - [TEST_STEP][PASSED] - Statement - PreSaveFile = new java.io.File(((pathPrefix + java.lang.Integer.toString(counter)) + .png)): null

2019-01-03 12:46:21 - [TEST_STEP][PASSED] - Statement - counter = counter + 1: null

2019-01-03 12:46:21 - [TEST_STEP][PASSED] - Statement - PreSaveFile = new java.io.File(((pathPrefix + java.lang.Integer.toString(counter)) + .png)): null

2019-01-03 12:46:21 - [TEST_STEP][PASSED] - Statement - counter = counter + 1: null

2019-01-03 12:46:21 - [TEST_STEP][PASSED] - Statement - PreSaveFile = new java.io.File(((pathPrefix + java.lang.Integer.toString(counter)) + .png)): null

2019-01-03 12:46:21 - [TEST_STEP][PASSED] - Statement - counter = counter + 1: null

2019-01-03 12:46:21 - [TEST_STEP][PASSED] - Statement - PreSaveFile = new java.io.File(((pathPrefix + java.lang.Integer.toString(counter)) + .png)): null

2019-01-03 12:46:21 - [TEST_STEP][PASSED] - Statement - counter = counter + 1: null

2019-01-03 12:46:21 - [TEST_STEP][PASSED] - Statement - PreSaveFile = new java.io.File(((pathPrefix + java.lang.Integer.toString(counter)) + .png)): null

2019-01-03 12:46:21 - [TEST_STEP][PASSED] - Statement - counter = counter + 1: null

2019-01-03 12:46:21 - [TEST_STEP][PASSED] - Statement - PreSaveFile = new java.io.File(((pathPrefix + java.lang.Integer.toString(counter)) + .png)): null

2019-01-03 12:46:21 - [TEST_STEP][PASSED] - Statement - counter = counter + 1: null

2019-01-03 12:46:21 - [TEST_STEP][PASSED] - Statement - PreSaveFile = new java.io.File(((pathPrefix + java.lang.Integer.toString(counter)) + .png)): null

2019-01-03 12:46:21 - [TEST_STEP][PASSED] - Statement - counter = counter + 1: null

2019-01-03 12:46:21 - [TEST_STEP][PASSED] - Statement - PreSaveFile = new java.io.File(((pathPrefix + java.lang.Integer.toString(counter)) + .png)): null

2019-01-03 12:46:21 - [TEST_STEP][PASSED] - Statement - counter = counter + 1: null

2019-01-03 12:46:21 - [TEST_STEP][PASSED] - Statement - PreSaveFile = new java.io.File(((pathPrefix + java.lang.Integer.toString(counter)) + .png)): null

2019-01-03 12:46:21 - [TEST_STEP][PASSED] - Statement - counter = counter + 1: null

2019-01-03 12:46:21 - [TEST_STEP][PASSED] - Statement - PreSaveFile = new java.io.File(((pathPrefix + java.lang.Integer.toString(counter)) + .png)): null

2019-01-03 12:46:21 - [TEST_STEP][PASSED] - Statement - counter = counter + 1: null

2019-01-03 12:46:21 - [TEST_STEP][PASSED] - Statement - PreSaveFile = new java.io.File(((pathPrefix + java.lang.Integer.toString(counter)) + .png)): null

2019-01-03 12:46:21 - [TEST_STEP][PASSED] - Statement - counter = counter + 1: null

2019-01-03 12:46:21 - [TEST_STEP][PASSED] - Statement - PreSaveFile = new java.io.File(((pathPrefix + java.lang.Integer.toString(counter)) + .png)): null

2019-01-03 12:46:21 - [TEST_STEP][PASSED] - Statement - counter = counter + 1: null

2019-01-03 12:46:21 - [TEST_STEP][PASSED] - Statement - PreSaveFile = new java.io.File(((pathPrefix + java.lang.Integer.toString(counter)) + .png)): null

2019-01-03 12:46:21 - [TEST_STEP][PASSED] - Statement - counter = counter + 1: null

2019-01-03 12:46:21 - [TEST_STEP][PASSED] - Statement - PreSaveFile = new java.io.File(((pathPrefix + java.lang.Integer.toString(counter)) + .png)): null

2019-01-03 12:46:21 - [TEST_STEP][PASSED] - Statement - counter = counter + 1: null

2019-01-03 12:46:21 - [TEST_STEP][PASSED] - Statement - PreSaveFile = new java.io.File(((pathPrefix + java.lang.Integer.toString(counter)) + .png)): null

2019-01-03 12:46:21 - [TEST_STEP][PASSED] - Statement - counter = counter + 1: null

2019-01-03 12:46:21 - [TEST_STEP][PASSED] - Statement - PreSaveFile = new java.io.File(((pathPrefix + java.lang.Integer.toString(counter)) + .png)): null

2019-01-03 12:46:21 - [TEST_STEP][PASSED] - Statement - counter = counter + 1: null

2019-01-03 12:46:21 - [TEST_STEP][PASSED] - Statement - PreSaveFile = new java.io.File(((pathPrefix + java.lang.Integer.toString(counter)) + .png)): null

2019-01-03 12:46:21 - [TEST_STEP][PASSED] - Statement - counter = counter + 1: null

2019-01-03 12:46:21 - [TEST_STEP][PASSED] - Statement - PreSaveFile = new java.io.File(((pathPrefix + java.lang.Integer.toString(counter)) + .png)): null

2019-01-03 12:46:21 - [TEST_STEP][PASSED] - Statement - counter = counter + 1: null

2019-01-03 12:46:21 - [TEST_STEP][PASSED] - Statement - PreSaveFile = new java.io.File(((pathPrefix + java.lang.Integer.toString(counter)) + .png)): null

2019-01-03 12:46:21 - [TEST_STEP][PASSED] - Statement - counter = counter + 1: null

2019-01-03 12:46:21 - [TEST_STEP][PASSED] - Statement - PreSaveFile = new java.io.File(((pathPrefix + java.lang.Integer.toString(counter)) + .png)): null

2019-01-03 12:46:21 - [TEST_STEP][PASSED] - Statement - counter = counter + 1: null

2019-01-03 12:46:21 - [TEST_STEP][PASSED] - Statement - PreSaveFile = new java.io.File(((pathPrefix + java.lang.Integer.toString(counter)) + .png)): null

2019-01-03 12:46:21 - [TEST_STEP][PASSED] - Statement - counter = counter + 1: null

2019-01-03 12:46:21 - [TEST_STEP][PASSED] - Statement - PreSaveFile = new java.io.File(((pathPrefix + java.lang.Integer.toString(counter)) + .png)): null

2019-01-03 12:46:21 - [TEST_STEP][PASSED] - Statement - counter = counter + 1: null

2019-01-03 12:46:21 - [TEST_STEP][PASSED] - Statement - PreSaveFile = new java.io.File(((pathPrefix + java.lang.Integer.toString(counter)) + .png)): null

2019-01-03 12:46:21 - [TEST_STEP][PASSED] - Statement - counter = counter + 1: null

2019-01-03 12:46:21 - [TEST_STEP][PASSED] - Statement - PreSaveFile = new java.io.File(((pathPrefix + java.lang.Integer.toString(counter)) + .png)): null

2019-01-03 12:46:21 - [TEST_STEP][PASSED] - Statement - counter = counter + 1: null

2019-01-03 12:46:21 - [TEST_STEP][PASSED] - Statement - PreSaveFile = new java.io.File(((pathPrefix + java.lang.Integer.toString(counter)) + .png)): null

2019-01-03 12:46:21 - [TEST_STEP][PASSED] - Statement - counter = counter + 1: null

2019-01-03 12:46:21 - [TEST_STEP][PASSED] - Statement - PreSaveFile = new java.io.File(((pathPrefix + java.lang.Integer.toString(counter)) + .png)): null

2019-01-03 12:46:21 - [TEST_STEP][PASSED] - Statement - counter = counter + 1: null

2019-01-03 12:46:21 - [TEST_STEP][PASSED] - Statement - PreSaveFile = new java.io.File(((pathPrefix + java.lang.Integer.toString(counter)) + .png)): null

2019-01-03 12:46:21 - [TEST_STEP][PASSED] - Statement - counter = counter + 1: null

2019-01-03 12:46:21 - [TEST_STEP][PASSED] - Statement - PreSaveFile = new java.io.File(((pathPrefix + java.lang.Integer.toString(counter)) + .png)): null

2019-01-03 12:46:21 - [TEST_STEP][PASSED] - Statement - counter = counter + 1: null

2019-01-03 12:46:21 - [TEST_STEP][PASSED] - Statement - PreSaveFile = new java.io.File(((pathPrefix + java.lang.Integer.toString(counter)) + .png)): null

2019-01-03 12:46:21 - [TEST_STEP][PASSED] - Statement - counter = counter + 1: null

2019-01-03 12:46:21 - [TEST_STEP][PASSED] - Statement - PreSaveFile = new java.io.File(((pathPrefix + java.lang.Integer.toString(counter)) + .png)): null

2019-01-03 12:46:21 - [TEST_STEP][PASSED] - Statement - counter = counter + 1: null

2019-01-03 12:46:21 - [TEST_STEP][PASSED] - Statement - PreSaveFile = new java.io.File(((pathPrefix + java.lang.Integer.toString(counter)) + .png)): null

2019-01-03 12:46:21 - [TEST_STEP][PASSED] - Statement - counter = counter + 1: null

2019-01-03 12:46:21 - [TEST_STEP][PASSED] - Statement - PreSaveFile = new java.io.File(((pathPrefix + java.lang.Integer.toString(counter)) + .png)): null

2019-01-03 12:46:21 - [TEST_STEP][PASSED] - Statement - counter = counter + 1: null

2019-01-03 12:46:21 - [TEST_STEP][PASSED] - Statement - PreSaveFile = new java.io.File(((pathPrefix + java.lang.Integer.toString(counter)) + .png)): null

2019-01-03 12:46:21 - [TEST_STEP][PASSED] - Statement - counter = counter + 1: null

2019-01-03 12:46:21 - [TEST_STEP][PASSED] - Statement - PreSaveFile = new java.io.File(((pathPrefix + java.lang.Integer.toString(counter)) + .png)): null

2019-01-03 12:46:21 - [TEST_STEP][PASSED] - Statement - counter = counter + 1: null

2019-01-03 12:46:21 - [TEST_STEP][PASSED] - Statement - PreSaveFile = new java.io.File(((pathPrefix + java.lang.Integer.toString(counter)) + .png)): null

2019-01-03 12:46:21 - [TEST_STEP][PASSED] - Statement - counter = counter + 1: null

2019-01-03 12:46:21 - [TEST_STEP][PASSED] - Statement - PreSaveFile = new java.io.File(((pathPrefix + java.lang.Integer.toString(counter)) + .png)): null

2019-01-03 12:46:21 - [TEST_STEP][PASSED] - Statement - counter = counter + 1: null

2019-01-03 12:46:21 - [TEST_STEP][PASSED] - Statement - PreSaveFile = new java.io.File(((pathPrefix + java.lang.Integer.toString(counter)) + .png)): null

2019-01-03 12:46:21 - [TEST_STEP][PASSED] - Statement - counter = counter + 1: null

2019-01-03 12:46:21 - [TEST_STEP][PASSED] - Statement - PreSaveFile = new java.io.File(((pathPrefix + java.lang.Integer.toString(counter)) + .png)): null

2019-01-03 12:46:21 - [TEST_STEP][PASSED] - Statement - counter = counter + 1: null

2019-01-03 12:46:21 - [TEST_STEP][PASSED] - Statement - PreSaveFile = new java.io.File(((pathPrefix + java.lang.Integer.toString(counter)) + .png)): null

2019-01-03 12:46:21 - [TEST_STEP][PASSED] - Statement - counter = counter + 1: null

2019-01-03 12:46:21 - [TEST_STEP][PASSED] - Statement - PreSaveFile = new java.io.File(((pathPrefix + java.lang.Integer.toString(counter)) + .png)): null

2019-01-03 12:46:21 - [TEST_STEP][PASSED] - Statement - counter = counter + 1: null

2019-01-03 12:46:21 - [TEST_STEP][PASSED] - Statement - PreSaveFile = new java.io.File(((pathPrefix + java.lang.Integer.toString(counter)) + .png)): null

2019-01-03 12:46:21 - [TEST_STEP][PASSED] - Statement - counter = counter + 1: null

2019-01-03 12:46:21 - [TEST_STEP][PASSED] - Statement - PreSaveFile = new java.io.File(((pathPrefix + java.lang.Integer.toString(counter)) + .png)): null

2019-01-03 12:46:21 - [TEST_STEP][PASSED] - Statement - counter = counter + 1: null

2019-01-03 12:46:21 - [TEST_STEP][PASSED] - Statement - PreSaveFile = new java.io.File(((pathPrefix + java.lang.Integer.toString(counter)) + .png)): null

2019-01-03 12:46:21 - [TEST_STEP][PASSED] - Statement - counter = counter + 1: null

2019-01-03 12:46:21 - [TEST_STEP][PASSED] - Statement - PreSaveFile = new java.io.File(((pathPrefix + java.lang.Integer.toString(counter)) + .png)): null

2019-01-03 12:46:21 - [TEST_STEP][PASSED] - Statement - counter = counter + 1: null

2019-01-03 12:46:21 - [TEST_STEP][PASSED] - Statement - PreSaveFile = new java.io.File(((pathPrefix + java.lang.Integer.toString(counter)) + .png)): null

2019-01-03 12:46:21 - [TEST_STEP][PASSED] - Statement - counter = counter + 1: null

2019-01-03 12:46:21 - [TEST_STEP][PASSED] - Statement - PreSaveFile = new java.io.File(((pathPrefix + java.lang.Integer.toString(counter)) + .png)): null

2019-01-03 12:46:21 - [TEST_STEP][PASSED] - Statement - counter = counter + 1: null

2019-01-03 12:46:21 - [TEST_STEP][PASSED] - Statement - PreSaveFile = new java.io.File(((pathPrefix + java.lang.Integer.toString(counter)) + .png)): null

2019-01-03 12:46:21 - [TEST_STEP][PASSED] - Statement - counter = counter + 1: null

2019-01-03 12:46:21 - [TEST_STEP][PASSED] - Statement - PreSaveFile = new java.io.File(((pathPrefix + java.lang.Integer.toString(counter)) + .png)): null

2019-01-03 12:46:21 - [TEST_STEP][PASSED] - Statement - counter = counter + 1: null

2019-01-03 12:46:21 - [TEST_STEP][PASSED] - Statement - PreSaveFile = new java.io.File(((pathPrefix + java.lang.Integer.toString(counter)) + .png)): null

2019-01-03 12:46:21 - [TEST_STEP][PASSED] - Statement - counter = counter + 1: null

2019-01-03 12:46:21 - [TEST_STEP][PASSED] - Statement - PreSaveFile = new java.io.File(((pathPrefix + java.lang.Integer.toString(counter)) + .png)): null

2019-01-03 12:46:21 - [TEST_STEP][PASSED] - Statement - counter = counter + 1: null

2019-01-03 12:46:21 - [TEST_STEP][PASSED] - Statement - PreSaveFile = new java.io.File(((pathPrefix + java.lang.Integer.toString(counter)) + .png)): null

2019-01-03 12:46:21 - [TEST_STEP][PASSED] - Statement - counter = counter + 1: null

2019-01-03 12:46:21 - [TEST_STEP][PASSED] - Statement - PreSaveFile = new java.io.File(((pathPrefix + java.lang.Integer.toString(counter)) + .png)): null

2019-01-03 12:46:21 - [TEST_STEP][PASSED] - Statement - counter = counter + 1: null

2019-01-03 12:46:21 - [TEST_STEP][PASSED] - Statement - PreSaveFile = new java.io.File(((pathPrefix + java.lang.Integer.toString(counter)) + .png)): null

2019-01-03 12:46:21 - [TEST_STEP][PASSED] - Statement - counter = counter + 1: null

2019-01-03 12:46:21 - [TEST_STEP][PASSED] - Statement - PreSaveFile = new java.io.File(((pathPrefix + java.lang.Integer.toString(counter)) + .png)): null

2019-01-03 12:46:21 - [TEST_STEP][PASSED] - Statement - counter = counter + 1: null

2019-01-03 12:46:21 - [TEST_STEP][PASSED] - Statement - PreSaveFile = new java.io.File(((pathPrefix + java.lang.Integer.toString(counter)) + .png)): null

2019-01-03 12:46:21 - [TEST_STEP][PASSED] - Statement - counter = counter + 1: null

2019-01-03 12:46:21 - [TEST_STEP][PASSED] - Statement - PreSaveFile = new java.io.File(((pathPrefix + java.lang.Integer.toString(counter)) + .png)): null

2019-01-03 12:46:21 - [TEST_STEP][PASSED] - Statement - counter = counter + 1: null

2019-01-03 12:46:21 - [TEST_STEP][PASSED] - Statement - PreSaveFile = new java.io.File(((pathPrefix + java.lang.Integer.toString(counter)) + .png)): null

2019-01-03 12:46:21 - [TEST_STEP][PASSED] - Statement - counter = counter + 1: null

2019-01-03 12:46:21 - [TEST_STEP][PASSED] - Statement - PreSaveFile = new java.io.File(((pathPrefix + java.lang.Integer.toString(counter)) + .png)): null

2019-01-03 12:46:21 - [TEST_STEP][PASSED] - Statement - counter = counter + 1: null

2019-01-03 12:46:21 - [TEST_STEP][PASSED] - Statement - PreSaveFile = new java.io.File(((pathPrefix + java.lang.Integer.toString(counter)) + .png)): null

2019-01-03 12:46:21 - [TEST_STEP][PASSED] - Statement - counter = counter + 1: null

2019-01-03 12:46:21 - [TEST_STEP][PASSED] - Statement - PreSaveFile = new java.io.File(((pathPrefix + java.lang.Integer.toString(counter)) + .png)): null

2019-01-03 12:46:21 - [TEST_STEP][PASSED] - Statement - counter = counter + 1: null

2019-01-03 12:46:21 - [TEST_STEP][PASSED] - Statement - PreSaveFile = new java.io.File(((pathPrefix + java.lang.Integer.toString(counter)) + .png)): null

2019-01-03 12:46:21 - [TEST_STEP][PASSED] - Statement - counter = counter + 1: null

2019-01-03 12:46:21 - [TEST_STEP][PASSED] - Statement - PreSaveFile = new java.io.File(((pathPrefix + java.lang.Integer.toString(counter)) + .png)): null

2019-01-03 12:46:21 - [TEST_STEP][PASSED] - Statement - counter = counter + 1: null

2019-01-03 12:46:21 - [TEST_STEP][PASSED] - Statement - PreSaveFile = new java.io.File(((pathPrefix + java.lang.Integer.toString(counter)) + .png)): null

2019-01-03 12:46:21 - [TEST_STEP][PASSED] - Statement - counter = counter + 1: null

2019-01-03 12:46:21 - [TEST_STEP][PASSED] - Statement - PreSaveFile = new java.io.File(((pathPrefix + java.lang.Integer.toString(counter)) + .png)): null

2019-01-03 12:46:21 - [TEST_STEP][PASSED] - Statement - counter = counter + 1: null

2019-01-03 12:46:21 - [TEST_STEP][PASSED] - Statement - PreSaveFile = new java.io.File(((pathPrefix + java.lang.Integer.toString(counter)) + .png)): null

2019-01-03 12:46:21 - [TEST_STEP][PASSED] - Statement - counter = counter + 1: null

2019-01-03 12:46:21 - [TEST_STEP][PASSED] - Statement - PreSaveFile = new java.io.File(((pathPrefix + java.lang.Integer.toString(counter)) + .png)): null

2019-01-03 12:46:21 - [TEST_STEP][PASSED] - Statement - counter = counter + 1: null

2019-01-03 12:46:21 - [TEST_STEP][PASSED] - Statement - PreSaveFile = new java.io.File(((pathPrefix + java.lang.Integer.toString(counter)) + .png)): null

2019-01-03 12:46:21 - [TEST_STEP][PASSED] - Statement - counter = counter + 1: null

2019-01-03 12:46:21 - [TEST_STEP][PASSED] - Statement - PreSaveFile = new java.io.File(((pathPrefix + java.lang.Integer.toString(counter)) + .png)): null

2019-01-03 12:46:21 - [TEST_STEP][PASSED] - Statement - counter = counter + 1: null

2019-01-03 12:46:21 - [TEST_STEP][PASSED] - Statement - PreSaveFile = new java.io.File(((pathPrefix + java.lang.Integer.toString(counter)) + .png)): null

2019-01-03 12:46:21 - [TEST_STEP][PASSED] - Statement - counter = counter + 1: null

2019-01-03 12:46:21 - [TEST_STEP][PASSED] - Statement - PreSaveFile = new java.io.File(((pathPrefix + java.lang.Integer.toString(counter)) + .png)): null

2019-01-03 12:46:21 - [TEST_STEP][PASSED] - Statement - counter = counter + 1: null

2019-01-03 12:46:21 - [TEST_STEP][PASSED] - Statement - PreSaveFile = new java.io.File(((pathPrefix + java.lang.Integer.toString(counter)) + .png)): null

2019-01-03 12:46:21 - [TEST_STEP][PASSED] - Statement - counter = counter + 1: null

2019-01-03 12:46:21 - [TEST_STEP][PASSED] - Statement - PreSaveFile = new java.io.File(((pathPrefix + java.lang.Integer.toString(counter)) + .png)): null

2019-01-03 12:46:21 - [TEST_STEP][PASSED] - Statement - counter = counter + 1: null

2019-01-03 12:46:21 - [TEST_STEP][PASSED] - Statement - PreSaveFile = new java.io.File(((pathPrefix + java.lang.Integer.toString(counter)) + .png)): null

2019-01-03 12:46:21 - [TEST_STEP][PASSED] - Statement - counter = counter + 1: null

2019-01-03 12:46:21 - [TEST_STEP][PASSED] - Statement - PreSaveFile = new java.io.File(((pathPrefix + java.lang.Integer.toString(counter)) + .png)): null

2019-01-03 12:46:21 - [TEST_STEP][PASSED] - Statement - counter = counter + 1: null

2019-01-03 12:46:21 - [TEST_STEP][PASSED] - Statement - PreSaveFile = new java.io.File(((pathPrefix + java.lang.Integer.toString(counter)) + .png)): null

2019-01-03 12:46:21 - [TEST_STEP][PASSED] - Statement - counter = counter + 1: null

2019-01-03 12:46:21 - [TEST_STEP][PASSED] - Statement - PreSaveFile = new java.io.File(((pathPrefix + java.lang.Integer.toString(counter)) + .png)): null

2019-01-03 12:46:21 - [TEST_STEP][PASSED] - Statement - counter = counter + 1: null

2019-01-03 12:46:21 - [TEST_STEP][PASSED] - Statement - PreSaveFile = new java.io.File(((pathPrefix + java.lang.Integer.toString(counter)) + .png)): null

2019-01-03 12:46:21 - [TEST_STEP][PASSED] - Statement - counter = counter + 1: null

2019-01-03 12:46:21 - [TEST_STEP][PASSED] - Statement - PreSaveFile = new java.io.File(((pathPrefix + java.lang.Integer.toString(counter)) + .png)): null

2019-01-03 12:46:21 - [TEST_STEP][PASSED] - Statement - counter = counter + 1: null

2019-01-03 12:46:21 - [TEST_STEP][PASSED] - Statement - PreSaveFile = new java.io.File(((pathPrefix + java.lang.Integer.toString(counter)) + .png)): null

2019-01-03 12:46:21 - [TEST_STEP][PASSED] - Statement - counter = counter + 1: null

2019-01-03 12:46:21 - [TEST_STEP][PASSED] - Statement - PreSaveFile = new java.io.File(((pathPrefix + java.lang.Integer.toString(counter)) + .png)): null

2019-01-03 12:46:21 - [TEST_STEP][PASSED] - Statement - counter = counter + 1: null

2019-01-03 12:46:21 - [TEST_STEP][PASSED] - Statement - PreSaveFile = new java.io.File(((pathPrefix + java.lang.Integer.toString(counter)) + .png)): null

2019-01-03 12:46:21 - [TEST_STEP][PASSED] - Statement - counter = counter + 1: null

2019-01-03 12:46:21 - [TEST_STEP][PASSED] - Statement - PreSaveFile = new java.io.File(((pathPrefix + java.lang.Integer.toString(counter)) + .png)): null

2019-01-03 12:46:21 - [TEST_STEP][PASSED] - Statement - counter = counter + 1: null

2019-01-03 12:46:21 - [TEST_STEP][PASSED] - Statement - PreSaveFile = new java.io.File(((pathPrefix + java.lang.Integer.toString(counter)) + .png)): null

2019-01-03 12:46:21 - [TEST_STEP][PASSED] - Statement - counter = counter + 1: null

2019-01-03 12:46:21 - [TEST_STEP][PASSED] - Statement - PreSaveFile = new java.io.File(((pathPrefix + java.lang.Integer.toString(counter)) + .png)): null

2019-01-03 12:46:21 - [TEST_STEP][PASSED] - Statement - counter = counter + 1: null

2019-01-03 12:46:21 - [TEST_STEP][PASSED] - Statement - PreSaveFile = new java.io.File(((pathPrefix + java.lang.Integer.toString(counter)) + .png)): null

2019-01-03 12:46:21 - [TEST_STEP][PASSED] - Statement - counter = counter + 1: null

2019-01-03 12:46:21 - [TEST_STEP][PASSED] - Statement - PreSaveFile = new java.io.File(((pathPrefix + java.lang.Integer.toString(counter)) + .png)): null

2019-01-03 12:46:21 - [TEST_STEP][PASSED] - Statement - counter = counter + 1: null

2019-01-03 12:46:21 - [TEST_STEP][PASSED] - Statement - PreSaveFile = new java.io.File(((pathPrefix + java.lang.Integer.toString(counter)) + .png)): null

2019-01-03 12:46:21 - [TEST_STEP][PASSED] - Statement - counter = counter + 1: null

2019-01-03 12:46:21 - [TEST_STEP][PASSED] - Statement - PreSaveFile = new java.io.File(((pathPrefix + java.lang.Integer.toString(counter)) + .png)): null

2019-01-03 12:46:21 - [TEST_STEP][PASSED] - Statement - counter = counter + 1: null

2019-01-03 12:46:21 - [TEST_STEP][PASSED] - Statement - PreSaveFile = new java.io.File(((pathPrefix + java.lang.Integer.toString(counter)) + .png)): null

2019-01-03 12:46:21 - [TEST_STEP][PASSED] - Statement - counter = counter + 1: null

2019-01-03 12:46:21 - [TEST_STEP][PASSED] - Statement - PreSaveFile = new java.io.File(((pathPrefix + java.lang.Integer.toString(counter)) + .png)): null

2019-01-03 12:46:21 - [TEST_STEP][PASSED] - Statement - counter = counter + 1: null

2019-01-03 12:46:21 - [TEST_STEP][PASSED] - Statement - PreSaveFile = new java.io.File(((pathPrefix + java.lang.Integer.toString(counter)) + .png)): null

2019-01-03 12:46:21 - [TEST_STEP][PASSED] - Statement - counter = counter + 1: null

2019-01-03 12:46:21 - [TEST_STEP][PASSED] - Statement - PreSaveFile = new java.io.File(((pathPrefix + java.lang.Integer.toString(counter)) + .png)): null

2019-01-03 12:46:21 - [TEST_STEP][PASSED] - Statement - counter = counter + 1: null

2019-01-03 12:46:21 - [TEST_STEP][PASSED] - Statement - PreSaveFile = new java.io.File(((pathPrefix + java.lang.Integer.toString(counter)) + .png)): null

2019-01-03 12:46:21 - [TEST_STEP][PASSED] - Statement - counter = counter + 1: null

2019-01-03 12:46:21 - [TEST_STEP][PASSED] - Statement - PreSaveFile = new java.io.File(((pathPrefix + java.lang.Integer.toString(counter)) + .png)): null

2019-01-03 12:46:21 - [TEST_STEP][PASSED] - Statement - counter = counter + 1: null

2019-01-03 12:46:21 - [TEST_STEP][PASSED] - Statement - PreSaveFile = new java.io.File(((pathPrefix + java.lang.Integer.toString(counter)) + .png)): null

2019-01-03 12:46:21 - [TEST_STEP][PASSED] - Statement - counter = counter + 1: null

2019-01-03 12:46:21 - [TEST_STEP][PASSED] - Statement - PreSaveFile = new java.io.File(((pathPrefix + java.lang.Integer.toString(counter)) + .png)): null

2019-01-03 12:46:21 - [TEST_STEP][PASSED] - Statement - counter = counter + 1: null

2019-01-03 12:46:21 - [TEST_STEP][PASSED] - Statement - PreSaveFile = new java.io.File(((pathPrefix + java.lang.Integer.toString(counter)) + .png)): null

2019-01-03 12:46:21 - [TEST_STEP][PASSED] - Statement - counter = counter + 1: null

2019-01-03 12:46:21 - [TEST_STEP][PASSED] - Statement - PreSaveFile = new java.io.File(((pathPrefix + java.lang.Integer.toString(counter)) + .png)): null

2019-01-03 12:46:21 - [TEST_STEP][PASSED] - Statement - counter = counter + 1: null

2019-01-03 12:46:21 - [TEST_STEP][PASSED] - Statement - PreSaveFile = new java.io.File(((pathPrefix + java.lang.Integer.toString(counter)) + .png)): null

2019-01-03 12:46:21 - [TEST_STEP][PASSED] - Statement - counter = counter + 1: null

2019-01-03 12:46:21 - [TEST_STEP][PASSED] - Statement - PreSaveFile = new java.io.File(((pathPrefix + java.lang.Integer.toString(counter)) + .png)): null

2019-01-03 12:46:21 - [TEST_STEP][PASSED] - Statement - counter = counter + 1: null

2019-01-03 12:46:21 - [TEST_STEP][PASSED] - Statement - PreSaveFile = new java.io.File(((pathPrefix + java.lang.Integer.toString(counter)) + .png)): null

2019-01-03 12:46:21 - [TEST_STEP][PASSED] - Statement - counter = counter + 1: null

2019-01-03 12:46:21 - [TEST_STEP][PASSED] - Statement - PreSaveFile = new java.io.File(((pathPrefix + java.lang.Integer.toString(counter)) + .png)): null

2019-01-03 12:46:21 - [TEST_STEP][PASSED] - Statement - counter = counter + 1: null

2019-01-03 12:46:21 - [TEST_STEP][PASSED] - Statement - PreSaveFile = new java.io.File(((pathPrefix + java.lang.Integer.toString(counter)) + .png)): null

2019-01-03 12:46:21 - [TEST_STEP][PASSED] - Statement - counter = counter + 1: null

2019-01-03 12:46:21 - [TEST_STEP][PASSED] - Statement - PreSaveFile = new java.io.File(((pathPrefix + java.lang.Integer.toString(counter)) + .png)): null

2019-01-03 12:46:21 - [TEST_STEP][PASSED] - Statement - counter = counter + 1: null

2019-01-03 12:46:21 - [TEST_STEP][PASSED] - Statement - PreSaveFile = new java.io.File(((pathPrefix + java.lang.Integer.toString(counter)) + .png)): null

2019-01-03 12:46:21 - [TEST_STEP][PASSED] - Statement - counter = counter + 1: null

2019-01-03 12:46:21 - [TEST_STEP][PASSED] - Statement - PreSaveFile = new java.io.File(((pathPrefix + java.lang.Integer.toString(counter)) + .png)): null

2019-01-03 12:46:21 - [TEST_STEP][PASSED] - Statement - counter = counter + 1: null

2019-01-03 12:46:21 - [TEST_STEP][PASSED] - Statement - PreSaveFile = new java.io.File(((pathPrefix + java.lang.Integer.toString(counter)) + .png)): null

2019-01-03 12:46:21 - [TEST_STEP][PASSED] - Statement - counter = counter + 1: null

2019-01-03 12:46:21 - [TEST_STEP][PASSED] - Statement - PreSaveFile = new java.io.File(((pathPrefix + java.lang.Integer.toString(counter)) + .png)): null

2019-01-03 12:46:21 - [TEST_STEP][PASSED] - Statement - counter = counter + 1: null

2019-01-03 12:46:21 - [TEST_STEP][PASSED] - Statement - PreSaveFile = new java.io.File(((pathPrefix + java.lang.Integer.toString(counter)) + .png)): null

2019-01-03 12:46:21 - [TEST_STEP][PASSED] - Statement - counter = counter + 1: null

2019-01-03 12:46:21 - [TEST_STEP][PASSED] - Statement - PreSaveFile = new java.io.File(((pathPrefix + java.lang.Integer.toString(counter)) + .png)): null

2019-01-03 12:46:21 - [TEST_STEP][PASSED] - Statement - counter = counter + 1: null

2019-01-03 12:46:21 - [TEST_STEP][PASSED] - Statement - PreSaveFile = new java.io.File(((pathPrefix + java.lang.Integer.toString(counter)) + .png)): null

2019-01-03 12:46:21 - [TEST_STEP][PASSED] - Statement - counter = counter + 1: null

2019-01-03 12:46:21 - [TEST_STEP][PASSED] - Statement - PreSaveFile = new java.io.File(((pathPrefix + java.lang.Integer.toString(counter)) + .png)): null

2019-01-03 12:46:21 - [TEST_STEP][PASSED] - Statement - counter = counter + 1: null

2019-01-03 12:46:21 - [TEST_STEP][PASSED] - Statement - PreSaveFile = new java.io.File(((pathPrefix + java.lang.Integer.toString(counter)) + .png)): null

2019-01-03 12:46:21 - [TEST_STEP][PASSED] - Statement - counter = counter + 1: null

2019-01-03 12:46:21 - [TEST_STEP][PASSED] - Statement - PreSaveFile = new java.io.File(((pathPrefix + java.lang.Integer.toString(counter)) + .png)): null

2019-01-03 12:46:21 - [TEST_STEP][PASSED] - Statement - counter = counter + 1: null

2019-01-03 12:46:21 - [TEST_STEP][PASSED] - Statement - PreSaveFile = new java.io.File(((pathPrefix + java.lang.Integer.toString(counter)) + .png)): null

2019-01-03 12:46:21 - [TEST_STEP][PASSED] - Statement - counter = counter + 1: null

2019-01-03 12:46:21 - [TEST_STEP][PASSED] - Statement - PreSaveFile = new java.io.File(((pathPrefix + java.lang.Integer.toString(counter)) + .png)): null

2019-01-03 12:46:21 - [TEST_STEP][PASSED] - Statement - counter = counter + 1: null

2019-01-03 12:46:21 - [TEST_STEP][PASSED] - Statement - PreSaveFile = new java.io.File(((pathPrefix + java.lang.Integer.toString(counter)) + .png)): null

2019-01-03 12:46:21 - [TEST_STEP][PASSED] - Statement - counter = counter + 1: null

2019-01-03 12:46:21 - [TEST_STEP][PASSED] - Statement - PreSaveFile = new java.io.File(((pathPrefix + java.lang.Integer.toString(counter)) + .png)): null

2019-01-03 12:46:21 - [TEST_STEP][PASSED] - Statement - counter = counter + 1: null

2019-01-03 12:46:21 - [TEST_STEP][PASSED] - Statement - PreSaveFile = new java.io.File(((pathPrefix + java.lang.Integer.toString(counter)) + .png)): null

2019-01-03 12:46:21 - [TEST_STEP][PASSED] - Statement - counter = counter + 1: null

2019-01-03 12:46:21 - [TEST_STEP][PASSED] - Statement - PreSaveFile = new java.io.File(((pathPrefix + java.lang.Integer.toString(counter)) + .png)): null

2019-01-03 12:46:21 - [TEST_STEP][PASSED] - Statement - counter = counter + 1: null

2019-01-03 12:46:21 - [TEST_STEP][PASSED] - Statement - PreSaveFile = new java.io.File(((pathPrefix + java.lang.Integer.toString(counter)) + .png)): null

2019-01-03 12:46:21 - [TEST_STEP][PASSED] - Statement - counter = counter + 1: null

2019-01-03 12:46:21 - [TEST_STEP][PASSED] - Statement - PreSaveFile = new java.io.File(((pathPrefix + java.lang.Integer.toString(counter)) + .png)): null

2019-01-03 12:46:21 - [TEST_STEP][PASSED] - Statement - counter = counter + 1: null

2019-01-03 12:46:21 - [TEST_STEP][PASSED] - Statement - PreSaveFile = new java.io.File(((pathPrefix + java.lang.Integer.toString(counter)) + .png)): null

2019-01-03 12:46:21 - [TEST_STEP][PASSED] - Statement - counter = counter + 1: null

2019-01-03 12:46:21 - [TEST_STEP][PASSED] - Statement - PreSaveFile = new java.io.File(((pathPrefix + java.lang.Integer.toString(counter)) + .png)): null

2019-01-03 12:46:21 - [TEST_STEP][PASSED] - Statement - counter = counter + 1: null

2019-01-03 12:46:21 - [TEST_STEP][PASSED] - Statement - PreSaveFile = new java.io.File(((pathPrefix + java.lang.Integer.toString(counter)) + .png)): null

2019-01-03 12:46:21 - [TEST_STEP][PASSED] - Statement - counter = counter + 1: null

2019-01-03 12:46:21 - [TEST_STEP][PASSED] - Statement - PreSaveFile = new java.io.File(((pathPrefix + java.lang.Integer.toString(counter)) + .png)): null

2019-01-03 12:46:21 - [TEST_STEP][PASSED] - Statement - counter = counter + 1: null

2019-01-03 12:46:21 - [TEST_STEP][PASSED] - Statement - PreSaveFile = new java.io.File(((pathPrefix + java.lang.Integer.toString(counter)) + .png)): null

2019-01-03 12:46:21 - [TEST_STEP][PASSED] - Statement - counter = counter + 1: null

2019-01-03 12:46:21 - [TEST_STEP][PASSED] - Statement - PreSaveFile = new java.io.File(((pathPrefix + java.lang.Integer.toString(counter)) + .png)): null

2019-01-03 12:46:21 - [TEST_STEP][PASSED] - Statement - counter = counter + 1: null

2019-01-03 12:46:21 - [TEST_STEP][PASSED] - Statement - PreSaveFile = new java.io.File(((pathPrefix + java.lang.Integer.toString(counter)) + .png)): null

2019-01-03 12:46:21 - [TEST_STEP][PASSED] - Statement - counter = counter + 1: null

2019-01-03 12:46:21 - [TEST_STEP][PASSED] - Statement - PreSaveFile = new java.io.File(((pathPrefix + java.lang.Integer.toString(counter)) + .png)): null

2019-01-03 12:46:21 - [TEST_STEP][PASSED] - Statement - counter = counter + 1: null

2019-01-03 12:46:21 - [TEST_STEP][PASSED] - Statement - PreSaveFile = new java.io.File(((pathPrefix + java.lang.Integer.toString(counter)) + .png)): null

2019-01-03 12:46:21 - [TEST_STEP][PASSED] - Statement - counter = counter + 1: null

2019-01-03 12:46:21 - [TEST_STEP][PASSED] - Statement - PreSaveFile = new java.io.File(((pathPrefix + java.lang.Integer.toString(counter)) + .png)): null

2019-01-03 12:46:21 - [TEST_STEP][PASSED] - Statement - counter = counter + 1: null

2019-01-03 12:46:21 - [TEST_STEP][PASSED] - Statement - PreSaveFile = new java.io.File(((pathPrefix + java.lang.Integer.toString(counter)) + .png)): null

2019-01-03 12:46:21 - [TEST_STEP][PASSED] - Statement - counter = counter + 1: null

2019-01-03 12:46:21 - [TEST_STEP][PASSED] - Statement - PreSaveFile = new java.io.File(((pathPrefix + java.lang.Integer.toString(counter)) + .png)): null

2019-01-03 12:46:21 - [TEST_STEP][PASSED] - Statement - counter = counter + 1: null

2019-01-03 12:46:21 - [TEST_STEP][PASSED] - Statement - PreSaveFile = new java.io.File(((pathPrefix + java.lang.Integer.toString(counter)) + .png)): null

2019-01-03 12:46:21 - [TEST_STEP][PASSED] - Statement - counter = counter + 1: null

2019-01-03 12:46:21 - [TEST_STEP][PASSED] - Statement - PreSaveFile = new java.io.File(((pathPrefix + java.lang.Integer.toString(counter)) + .png)): null

2019-01-03 12:46:21 - [TEST_STEP][PASSED] - Statement - counter = counter + 1: null

2019-01-03 12:46:21 - [TEST_STEP][PASSED] - Statement - PreSaveFile = new java.io.File(((pathPrefix + java.lang.Integer.toString(counter)) + .png)): null

2019-01-03 12:46:21 - [TEST_STEP][PASSED] - Statement - counter = counter + 1: null

2019-01-03 12:46:21 - [TEST_STEP][PASSED] - Statement - PreSaveFile = new java.io.File(((pathPrefix + java.lang.Integer.toString(counter)) + .png)): null

2019-01-03 12:46:21 - [TEST_STEP][PASSED] - Statement - counter = counter + 1: null

2019-01-03 12:46:21 - [TEST_STEP][PASSED] - Statement - PreSaveFile = new java.io.File(((pathPrefix + java.lang.Integer.toString(counter)) + .png)): null

2019-01-03 12:46:21 - [TEST_STEP][PASSED] - Statement - counter = counter + 1: null

2019-01-03 12:46:21 - [TEST_STEP][PASSED] - Statement - PreSaveFile = new java.io.File(((pathPrefix + java.lang.Integer.toString(counter)) + .png)): null

2019-01-03 12:46:21 - [TEST_STEP][PASSED] - Statement - counter = counter + 1: null

2019-01-03 12:46:21 - [TEST_STEP][PASSED] - Statement - PreSaveFile = new java.io.File(((pathPrefix + java.lang.Integer.toString(counter)) + .png)): null

2019-01-03 12:46:21 - [TEST_STEP][PASSED] - Statement - counter = counter + 1: null

2019-01-03 12:46:21 - [TEST_STEP][PASSED] - Statement - PreSaveFile = new java.io.File(((pathPrefix + java.lang.Integer.toString(counter)) + .png)): null

2019-01-03 12:46:21 - [TEST_STEP][PASSED] - Statement - counter = counter + 1: null

2019-01-03 12:46:21 - [TEST_STEP][PASSED] - Statement - PreSaveFile = new java.io.File(((pathPrefix + java.lang.Integer.toString(counter)) + .png)): null

2019-01-03 12:46:21 - [TEST_STEP][PASSED] - Statement - counter = counter + 1: null

2019-01-03 12:46:21 - [TEST_STEP][PASSED] - Statement - PreSaveFile = new java.io.File(((pathPrefix + java.lang.Integer.toString(counter)) + .png)): null

2019-01-03 12:46:21 - [TEST_STEP][PASSED] - Statement - counter = counter + 1: null

2019-01-03 12:46:21 - [TEST_STEP][PASSED] - Statement - PreSaveFile = new java.io.File(((pathPrefix + java.lang.Integer.toString(counter)) + .png)): null

2019-01-03 12:46:21 - [TEST_STEP][PASSED] - Statement - counter = counter + 1: null

2019-01-03 12:46:21 - [TEST_STEP][PASSED] - Statement - PreSaveFile = new java.io.File(((pathPrefix + java.lang.Integer.toString(counter)) + .png)): null

2019-01-03 12:46:21 - [TEST_STEP][PASSED] - Statement - counter = counter + 1: null

2019-01-03 12:46:21 - [TEST_STEP][PASSED] - Statement - PreSaveFile = new java.io.File(((pathPrefix + java.lang.Integer.toString(counter)) + .png)): null

2019-01-03 12:46:22 - [TEST_STEP][PASSED] - Statement - counter = counter + 1: null

2019-01-03 12:46:22 - [TEST_STEP][PASSED] - Statement - PreSaveFile = new java.io.File(((pathPrefix + java.lang.Integer.toString(counter)) + .png)): null

2019-01-03 12:46:22 - [TEST_STEP][PASSED] - Statement - counter = counter + 1: null

2019-01-03 12:46:22 - [TEST_STEP][PASSED] - Statement - PreSaveFile = new java.io.File(((pathPrefix + java.lang.Integer.toString(counter)) + .png)): null

2019-01-03 12:46:22 - [TEST_STEP][PASSED] - Statement - counter = counter + 1: null

2019-01-03 12:46:22 - [TEST_STEP][PASSED] - Statement - PreSaveFile = new java.io.File(((pathPrefix + java.lang.Integer.toString(counter)) + .png)): null

2019-01-03 12:46:22 - [TEST_STEP][PASSED] - Statement - counter = counter + 1: null

2019-01-03 12:46:22 - [TEST_STEP][PASSED] - Statement - PreSaveFile = new java.io.File(((pathPrefix + java.lang.Integer.toString(counter)) + .png)): null

2019-01-03 12:46:22 - [TEST_STEP][PASSED] - Statement - counter = counter + 1: null

2019-01-03 12:46:22 - [TEST_STEP][PASSED] - Statement - PreSaveFile = new java.io.File(((pathPrefix + java.lang.Integer.toString(counter)) + .png)): null

2019-01-03 12:46:22 - [TEST_STEP][PASSED] - Statement - counter = counter + 1: null

2019-01-03 12:46:22 - [TEST_STEP][PASSED] - Statement - PreSaveFile = new java.io.File(((pathPrefix + java.lang.Integer.toString(counter)) + .png)): null

2019-01-03 12:46:22 - [TEST_STEP][PASSED] - Statement - counter = counter + 1: null

2019-01-03 12:46:22 - [TEST_STEP][PASSED] - Statement - PreSaveFile = new java.io.File(((pathPrefix + java.lang.Integer.toString(counter)) + .png)): null

2019-01-03 12:46:22 - [TEST_STEP][PASSED] - Statement - counter = counter + 1: null

2019-01-03 12:46:22 - [TEST_STEP][PASSED] - Statement - PreSaveFile = new java.io.File(((pathPrefix + java.lang.Integer.toString(counter)) + .png)): null

2019-01-03 12:46:22 - [TEST_STEP][PASSED] - Statement - counter = counter + 1: null

2019-01-03 12:46:22 - [TEST_STEP][PASSED] - Statement - PreSaveFile = new java.io.File(((pathPrefix + java.lang.Integer.toString(counter)) + .png)): null

2019-01-03 12:46:22 - [TEST_STEP][PASSED] - Statement - counter = counter + 1: null

2019-01-03 12:46:22 - [TEST_STEP][PASSED] - Statement - PreSaveFile = new java.io.File(((pathPrefix + java.lang.Integer.toString(counter)) + .png)): null

2019-01-03 12:46:22 - [TEST_STEP][PASSED] - Statement - counter = counter + 1: null

2019-01-03 12:46:22 - [TEST_STEP][PASSED] - Statement - PreSaveFile = new java.io.File(((pathPrefix + java.lang.Integer.toString(counter)) + .png)): null

2019-01-03 12:46:22 - [TEST_STEP][PASSED] - Statement - counter = counter + 1: null

2019-01-03 12:46:22 - [TEST_STEP][PASSED] - Statement - PreSaveFile = new java.io.File(((pathPrefix + java.lang.Integer.toString(counter)) + .png)): null

2019-01-03 12:46:22 - [TEST_STEP][PASSED] - Statement - counter = counter + 1: null

2019-01-03 12:46:22 - [TEST_STEP][PASSED] - Statement - PreSaveFile = new java.io.File(((pathPrefix + java.lang.Integer.toString(counter)) + .png)): null

2019-01-03 12:46:22 - [TEST_STEP][PASSED] - Statement - counter = counter + 1: null

2019-01-03 12:46:22 - [TEST_STEP][PASSED] - Statement - PreSaveFile = new java.io.File(((pathPrefix + java.lang.Integer.toString(counter)) + .png)): null

2019-01-03 12:46:22 - [TEST_STEP][PASSED] - Statement - counter = counter + 1: null

2019-01-03 12:46:22 - [TEST_STEP][PASSED] - Statement - PreSaveFile = new java.io.File(((pathPrefix + java.lang.Integer.toString(counter)) + .png)): null

2019-01-03 12:46:22 - [TEST_STEP][PASSED] - Statement - counter = counter + 1: null

2019-01-03 12:46:22 - [TEST_STEP][PASSED] - Statement - PreSaveFile = new java.io.File(((pathPrefix + java.lang.Integer.toString(counter)) + .png)): null

2019-01-03 12:46:22 - [TEST_STEP][PASSED] - Statement - counter = counter + 1: null

2019-01-03 12:46:22 - [TEST_STEP][PASSED] - Statement - PreSaveFile = new java.io.File(((pathPrefix + java.lang.Integer.toString(counter)) + .png)): null

2019-01-03 12:46:22 - [TEST_STEP][PASSED] - Statement - counter = counter + 1: null

2019-01-03 12:46:22 - [TEST_STEP][PASSED] - Statement - PreSaveFile = new java.io.File(((pathPrefix + java.lang.Integer.toString(counter)) + .png)): null

2019-01-03 12:46:22 - [TEST_STEP][PASSED] - Statement - counter = counter + 1: null

2019-01-03 12:46:22 - [TEST_STEP][PASSED] - Statement - PreSaveFile = new java.io.File(((pathPrefix + java.lang.Integer.toString(counter)) + .png)): null

2019-01-03 12:46:22 - [TEST_STEP][PASSED] - Statement - counter = counter + 1: null

2019-01-03 12:46:22 - [TEST_STEP][PASSED] - Statement - PreSaveFile = new java.io.File(((pathPrefix + java.lang.Integer.toString(counter)) + .png)): null

2019-01-03 12:46:22 - [TEST_STEP][PASSED] - Statement - counter = counter + 1: null

2019-01-03 12:46:22 - [TEST_STEP][PASSED] - Statement - PreSaveFile = new java.io.File(((pathPrefix + java.lang.Integer.toString(counter)) + .png)): null

2019-01-03 12:46:22 - [TEST_STEP][PASSED] - Statement - counter = counter + 1: null

2019-01-03 12:46:22 - [TEST_STEP][PASSED] - Statement - PreSaveFile = new java.io.File(((pathPrefix + java.lang.Integer.toString(counter)) + .png)): null

2019-01-03 12:46:22 - [TEST_STEP][PASSED] - Statement - counter = counter + 1: null

2019-01-03 12:46:22 - [TEST_STEP][PASSED] - Statement - PreSaveFile = new java.io.File(((pathPrefix + java.lang.Integer.toString(counter)) + .png)): null

2019-01-03 12:46:22 - [TEST_STEP][PASSED] - Statement - counter = counter + 1: null

2019-01-03 12:46:22 - [TEST_STEP][PASSED] - Statement - PreSaveFile = new java.io.File(((pathPrefix + java.lang.Integer.toString(counter)) + .png)): null

2019-01-03 12:46:22 - [TEST_STEP][PASSED] - Statement - counter = counter + 1: null

2019-01-03 12:46:22 - [TEST_STEP][PASSED] - Statement - PreSaveFile = new java.io.File(((pathPrefix + java.lang.Integer.toString(counter)) + .png)): null

2019-01-03 12:46:22 - [TEST_STEP][PASSED] - Statement - counter = counter + 1: null

2019-01-03 12:46:22 - [TEST_STEP][PASSED] - Statement - PreSaveFile = new java.io.File(((pathPrefix + java.lang.Integer.toString(counter)) + .png)): null

2019-01-03 12:46:22 - [TEST_STEP][PASSED] - Statement - counter = counter + 1: null

2019-01-03 12:46:22 - [TEST_STEP][PASSED] - Statement - PreSaveFile = new java.io.File(((pathPrefix + java.lang.Integer.toString(counter)) + .png)): null

2019-01-03 12:46:22 - [TEST_STEP][PASSED] - Statement - counter = counter + 1: null

2019-01-03 12:46:22 - [TEST_STEP][PASSED] - Statement - PreSaveFile = new java.io.File(((pathPrefix + java.lang.Integer.toString(counter)) + .png)): null

2019-01-03 12:46:22 - [TEST_STEP][PASSED] - Statement - counter = counter + 1: null

2019-01-03 12:46:22 - [TEST_STEP][PASSED] - Statement - PreSaveFile = new java.io.File(((pathPrefix + java.lang.Integer.toString(counter)) + .png)): null

2019-01-03 12:46:22 - [TEST_STEP][PASSED] - Statement - counter = counter + 1: null

2019-01-03 12:46:22 - [TEST_STEP][PASSED] - Statement - PreSaveFile = new java.io.File(((pathPrefix + java.lang.Integer.toString(counter)) + .png)): null

2019-01-03 12:46:22 - [TEST_STEP][PASSED] - Statement - counter = counter + 1: null

2019-01-03 12:46:22 - [TEST_STEP][PASSED] - Statement - PreSaveFile = new java.io.File(((pathPrefix + java.lang.Integer.toString(counter)) + .png)): null

2019-01-03 12:46:22 - [TEST_STEP][PASSED] - Statement - counter = counter + 1: null

2019-01-03 12:46:22 - [TEST_STEP][PASSED] - Statement - PreSaveFile = new java.io.File(((pathPrefix + java.lang.Integer.toString(counter)) + .png)): null

2019-01-03 12:46:22 - [TEST_STEP][PASSED] - Statement - counter = counter + 1: null

2019-01-03 12:46:22 - [TEST_STEP][PASSED] - Statement - PreSaveFile = new java.io.File(((pathPrefix + java.lang.Integer.toString(counter)) + .png)): null

2019-01-03 12:46:22 - [TEST_STEP][PASSED] - Statement - counter = counter + 1: null

2019-01-03 12:46:22 - [TEST_STEP][PASSED] - Statement - PreSaveFile = new java.io.File(((pathPrefix + java.lang.Integer.toString(counter)) + .png)): null

2019-01-03 12:46:22 - [TEST_STEP][PASSED] - Statement - counter = counter + 1: null

2019-01-03 12:46:22 - [TEST_STEP][PASSED] - Statement - PreSaveFile = new java.io.File(((pathPrefix + java.lang.Integer.toString(counter)) + .png)): null

2019-01-03 12:46:22 - [TEST_STEP][PASSED] - Statement - counter = counter + 1: null

2019-01-03 12:46:22 - [TEST_STEP][PASSED] - Statement - PreSaveFile = new java.io.File(((pathPrefix + java.lang.Integer.toString(counter)) + .png)): null

2019-01-03 12:46:22 - [TEST_STEP][PASSED] - Statement - counter = counter + 1: null

2019-01-03 12:46:22 - [TEST_STEP][PASSED] - Statement - PreSaveFile = new java.io.File(((pathPrefix + java.lang.Integer.toString(counter)) + .png)): null

2019-01-03 12:46:22 - [TEST_STEP][PASSED] - Statement - counter = counter + 1: null

2019-01-03 12:46:22 - [TEST_STEP][PASSED] - Statement - PreSaveFile = new java.io.File(((pathPrefix + java.lang.Integer.toString(counter)) + .png)): null

2019-01-03 12:46:22 - [TEST_STEP][PASSED] - Statement - counter = counter + 1: null

2019-01-03 12:46:22 - [TEST_STEP][PASSED] - Statement - PreSaveFile = new java.io.File(((pathPrefix + java.lang.Integer.toString(counter)) + .png)): null

2019-01-03 12:46:22 - [TEST_STEP][PASSED] - Statement - counter = counter + 1: null

2019-01-03 12:46:22 - [TEST_STEP][PASSED] - Statement - PreSaveFile = new java.io.File(((pathPrefix + java.lang.Integer.toString(counter)) + .png)): null

2019-01-03 12:46:22 - [TEST_STEP][PASSED] - Statement - counter = counter + 1: null

2019-01-03 12:46:22 - [TEST_STEP][PASSED] - Statement - PreSaveFile = new java.io.File(((pathPrefix + java.lang.Integer.toString(counter)) + .png)): null

2019-01-03 12:46:22 - [TEST_STEP][PASSED] - Statement - counter = counter + 1: null

2019-01-03 12:46:22 - [TEST_STEP][PASSED] - Statement - PreSaveFile = new java.io.File(((pathPrefix + java.lang.Integer.toString(counter)) + .png)): null

2019-01-03 12:46:22 - [TEST_STEP][PASSED] - Statement - counter = counter + 1: null

2019-01-03 12:46:22 - [TEST_STEP][PASSED] - Statement - PreSaveFile = new java.io.File(((pathPrefix + java.lang.Integer.toString(counter)) + .png)): null

2019-01-03 12:46:22 - [TEST_STEP][PASSED] - Statement - counter = counter + 1: null

2019-01-03 12:46:22 - [TEST_STEP][PASSED] - Statement - PreSaveFile = new java.io.File(((pathPrefix + java.lang.Integer.toString(counter)) + .png)): null

2019-01-03 12:46:22 - [TEST_STEP][PASSED] - Statement - counter = counter + 1: null

2019-01-03 12:46:22 - [TEST_STEP][PASSED] - Statement - PreSaveFile = new java.io.File(((pathPrefix + java.lang.Integer.toString(counter)) + .png)): null

2019-01-03 12:46:22 - [TEST_STEP][PASSED] - Statement - counter = counter + 1: null

2019-01-03 12:46:22 - [TEST_STEP][PASSED] - Statement - PreSaveFile = new java.io.File(((pathPrefix + java.lang.Integer.toString(counter)) + .png)): null

2019-01-03 12:46:22 - [TEST_STEP][PASSED] - Statement - counter = counter + 1: null

2019-01-03 12:46:22 - [TEST_STEP][PASSED] - Statement - PreSaveFile = new java.io.File(((pathPrefix + java.lang.Integer.toString(counter)) + .png)): null

2019-01-03 12:46:22 - [TEST_STEP][PASSED] - Statement - counter = counter + 1: null

2019-01-03 12:46:22 - [TEST_STEP][PASSED] - Statement - PreSaveFile = new java.io.File(((pathPrefix + java.lang.Integer.toString(counter)) + .png)): null

2019-01-03 12:46:22 - [TEST_STEP][PASSED] - Statement - counter = counter + 1: null

2019-01-03 12:46:22 - [TEST_STEP][PASSED] - Statement - PreSaveFile = new java.io.File(((pathPrefix + java.lang.Integer.toString(counter)) + .png)): null

2019-01-03 12:46:22 - [TEST_STEP][PASSED] - Statement - counter = counter + 1: null

2019-01-03 12:46:22 - [TEST_STEP][PASSED] - Statement - PreSaveFile = new java.io.File(((pathPrefix + java.lang.Integer.toString(counter)) + .png)): null

2019-01-03 12:46:22 - [TEST_STEP][PASSED] - Statement - counter = counter + 1: null

2019-01-03 12:46:22 - [TEST_STEP][PASSED] - Statement - PreSaveFile = new java.io.File(((pathPrefix + java.lang.Integer.toString(counter)) + .png)): null

2019-01-03 12:46:22 - [TEST_STEP][PASSED] - Statement - counter = counter + 1: null

2019-01-03 12:46:22 - [TEST_STEP][PASSED] - Statement - PreSaveFile = new java.io.File(((pathPrefix + java.lang.Integer.toString(counter)) + .png)): null

2019-01-03 12:46:22 - [TEST_STEP][PASSED] - Statement - counter = counter + 1: null

2019-01-03 12:46:22 - [TEST_STEP][PASSED] - Statement - PreSaveFile = new java.io.File(((pathPrefix + java.lang.Integer.toString(counter)) + .png)): null

2019-01-03 12:46:22 - [TEST_STEP][PASSED] - Statement - counter = counter + 1: null

2019-01-03 12:46:22 - [TEST_STEP][PASSED] - Statement - PreSaveFile = new java.io.File(((pathPrefix + java.lang.Integer.toString(counter)) + .png)): null

2019-01-03 12:46:22 - [TEST_STEP][PASSED] - Statement - counter = counter + 1: null

2019-01-03 12:46:22 - [TEST_STEP][PASSED] - Statement - PreSaveFile = new java.io.File(((pathPrefix + java.lang.Integer.toString(counter)) + .png)): null

2019-01-03 12:46:22 - [TEST_STEP][PASSED] - Statement - counter = counter + 1: null

2019-01-03 12:46:22 - [TEST_STEP][PASSED] - Statement - PreSaveFile = new java.io.File(((pathPrefix + java.lang.Integer.toString(counter)) + .png)): null

2019-01-03 12:46:22 - [TEST_STEP][PASSED] - Statement - counter = counter + 1: null

2019-01-03 12:46:22 - [TEST_STEP][PASSED] - Statement - PreSaveFile = new java.io.File(((pathPrefix + java.lang.Integer.toString(counter)) + .png)): null

2019-01-03 12:46:22 - [TEST_STEP][PASSED] - Statement - counter = counter + 1: null

2019-01-03 12:46:22 - [TEST_STEP][PASSED] - Statement - PreSaveFile = new java.io.File(((pathPrefix + java.lang.Integer.toString(counter)) + .png)): null

2019-01-03 12:46:22 - [TEST_STEP][PASSED] - Statement - counter = counter + 1: null

2019-01-03 12:46:22 - [TEST_STEP][PASSED] - Statement - PreSaveFile = new java.io.File(((pathPrefix + java.lang.Integer.toString(counter)) + .png)): null

2019-01-03 12:46:22 - [TEST_STEP][PASSED] - Statement - counter = counter + 1: null

2019-01-03 12:46:22 - [TEST_STEP][PASSED] - Statement - PreSaveFile = new java.io.File(((pathPrefix + java.lang.Integer.toString(counter)) + .png)): null

2019-01-03 12:46:22 - [TEST_STEP][PASSED] - Statement - counter = counter + 1: null

2019-01-03 12:46:22 - [TEST_STEP][PASSED] - Statement - PreSaveFile = new java.io.File(((pathPrefix + java.lang.Integer.toString(counter)) + .png)): null

2019-01-03 12:46:22 - [TEST_STEP][PASSED] - Statement - counter = counter + 1: null

2019-01-03 12:46:22 - [TEST_STEP][PASSED] - Statement - PreSaveFile = new java.io.File(((pathPrefix + java.lang.Integer.toString(counter)) + .png)): null

2019-01-03 12:46:22 - [TEST_STEP][PASSED] - Statement - counter = counter + 1: null

2019-01-03 12:46:22 - [TEST_STEP][PASSED] - Statement - PreSaveFile = new java.io.File(((pathPrefix + java.lang.Integer.toString(counter)) + .png)): null

2019-01-03 12:46:22 - [TEST_STEP][PASSED] - Statement - counter = counter + 1: null

2019-01-03 12:46:22 - [TEST_STEP][PASSED] - Statement - PreSaveFile = new java.io.File(((pathPrefix + java.lang.Integer.toString(counter)) + .png)): null

2019-01-03 12:46:22 - [TEST_STEP][PASSED] - Statement - counter = counter + 1: null

2019-01-03 12:46:22 - [TEST_STEP][PASSED] - Statement - PreSaveFile = new java.io.File(((pathPrefix + java.lang.Integer.toString(counter)) + .png)): null

2019-01-03 12:46:22 - [TEST_STEP][PASSED] - Statement - counter = counter + 1: null

2019-01-03 12:46:22 - [TEST_STEP][PASSED] - Statement - PreSaveFile = new java.io.File(((pathPrefix + java.lang.Integer.toString(counter)) + .png)): null

2019-01-03 12:46:22 - [TEST_STEP][PASSED] - Statement - counter = counter + 1: null

2019-01-03 12:46:22 - [TEST_STEP][PASSED] - Statement - PreSaveFile = new java.io.File(((pathPrefix + java.lang.Integer.toString(counter)) + .png)): null

2019-01-03 12:46:22 - [TEST_STEP][PASSED] - Statement - counter = counter + 1: null

2019-01-03 12:46:22 - [TEST_STEP][PASSED] - Statement - PreSaveFile = new java.io.File(((pathPrefix + java.lang.Integer.toString(counter)) + .png)): null

2019-01-03 12:46:22 - [TEST_STEP][PASSED] - Statement - counter = counter + 1: null

2019-01-03 12:46:22 - [TEST_STEP][PASSED] - Statement - PreSaveFile = new java.io.File(((pathPrefix + java.lang.Integer.toString(counter)) + .png)): null

2019-01-03 12:46:22 - [TEST_STEP][PASSED] - Statement - counter = counter + 1: null

2019-01-03 12:46:22 - [TEST_STEP][PASSED] - Statement - PreSaveFile = new java.io.File(((pathPrefix + java.lang.Integer.toString(counter)) + .png)): null

2019-01-03 12:46:22 - [TEST_STEP][PASSED] - Statement - counter = counter + 1: null

2019-01-03 12:46:22 - [TEST_STEP][PASSED] - Statement - PreSaveFile = new java.io.File(((pathPrefix + java.lang.Integer.toString(counter)) + .png)): null

2019-01-03 12:46:22 - [TEST_STEP][PASSED] - Statement - counter = counter + 1: null

2019-01-03 12:46:22 - [TEST_STEP][PASSED] - Statement - PreSaveFile = new java.io.File(((pathPrefix + java.lang.Integer.toString(counter)) + .png)): null

2019-01-03 12:46:22 - [TEST_STEP][PASSED] - Statement - counter = counter + 1: null

2019-01-03 12:46:22 - [TEST_STEP][PASSED] - Statement - PreSaveFile = new java.io.File(((pathPrefix + java.lang.Integer.toString(counter)) + .png)): null

2019-01-03 12:46:22 - [TEST_STEP][PASSED] - Statement - counter = counter + 1: null

2019-01-03 12:46:22 - [TEST_STEP][PASSED] - Statement - PreSaveFile = new java.io.File(((pathPrefix + java.lang.Integer.toString(counter)) + .png)): null

2019-01-03 12:46:22 - [TEST_STEP][PASSED] - Statement - counter = counter + 1: null

2019-01-03 12:46:22 - [TEST_STEP][PASSED] - Statement - PreSaveFile = new java.io.File(((pathPrefix + java.lang.Integer.toString(counter)) + .png)): null

2019-01-03 12:46:22 - [TEST_STEP][PASSED] - Statement - counter = counter + 1: null

2019-01-03 12:46:22 - [TEST_STEP][PASSED] - Statement - PreSaveFile = new java.io.File(((pathPrefix + java.lang.Integer.toString(counter)) + .png)): null

2019-01-03 12:46:22 - [TEST_STEP][PASSED] - Statement - counter = counter + 1: null

2019-01-03 12:46:22 - [TEST_STEP][PASSED] - Statement - PreSaveFile = new java.io.File(((pathPrefix + java.lang.Integer.toString(counter)) + .png)): null

2019-01-03 12:46:22 - [TEST_STEP][PASSED] - Statement - counter = counter + 1: null

2019-01-03 12:46:22 - [TEST_STEP][PASSED] - Statement - PreSaveFile = new java.io.File(((pathPrefix + java.lang.Integer.toString(counter)) + .png)): null

2019-01-03 12:46:22 - [TEST_STEP][PASSED] - Statement - counter = counter + 1: null

2019-01-03 12:46:22 - [TEST_STEP][PASSED] - Statement - PreSaveFile = new java.io.File(((pathPrefix + java.lang.Integer.toString(counter)) + .png)): null

2019-01-03 12:46:22 - [TEST_STEP][PASSED] - Statement - counter = counter + 1: null

2019-01-03 12:46:22 - [TEST_STEP][PASSED] - Statement - PreSaveFile = new java.io.File(((pathPrefix + java.lang.Integer.toString(counter)) + .png)): null

2019-01-03 12:46:22 - [TEST_STEP][PASSED] - Statement - counter = counter + 1: null

2019-01-03 12:46:22 - [TEST_STEP][PASSED] - Statement - PreSaveFile = new java.io.File(((pathPrefix + java.lang.Integer.toString(counter)) + .png)): null

2019-01-03 12:46:22 - [TEST_STEP][PASSED] - Statement - counter = counter + 1: null

2019-01-03 12:46:22 - [TEST_STEP][PASSED] - Statement - PreSaveFile = new java.io.File(((pathPrefix + java.lang.Integer.toString(counter)) + .png)): null

2019-01-03 12:46:22 - [TEST_STEP][PASSED] - Statement - counter = counter + 1: null

2019-01-03 12:46:22 - [TEST_STEP][PASSED] - Statement - PreSaveFile = new java.io.File(((pathPrefix + java.lang.Integer.toString(counter)) + .png)): null

2019-01-03 12:46:22 - [TEST_STEP][PASSED] - Statement - counter = counter + 1: null

2019-01-03 12:46:22 - [TEST_STEP][PASSED] - Statement - PreSaveFile = new java.io.File(((pathPrefix + java.lang.Integer.toString(counter)) + .png)): null

2019-01-03 12:46:22 - [TEST_STEP][PASSED] - Statement - counter = counter + 1: null

2019-01-03 12:46:22 - [TEST_STEP][PASSED] - Statement - PreSaveFile = new java.io.File(((pathPrefix + java.lang.Integer.toString(counter)) + .png)): null

2019-01-03 12:46:22 - [TEST_STEP][PASSED] - Statement - counter = counter + 1: null

2019-01-03 12:46:22 - [TEST_STEP][PASSED] - Statement - PreSaveFile = new java.io.File(((pathPrefix + java.lang.Integer.toString(counter)) + .png)): null

2019-01-03 12:46:22 - [TEST_STEP][PASSED] - Statement - counter = counter + 1: null

2019-01-03 12:46:22 - [TEST_STEP][PASSED] - Statement - PreSaveFile = new java.io.File(((pathPrefix + java.lang.Integer.toString(counter)) + .png)): null

2019-01-03 12:46:22 - [TEST_STEP][PASSED] - Statement - counter = counter + 1: null

2019-01-03 12:46:22 - [TEST_STEP][PASSED] - Statement - PreSaveFile = new java.io.File(((pathPrefix + java.lang.Integer.toString(counter)) + .png)): null

2019-01-03 12:46:22 - [TEST_STEP][PASSED] - Statement - counter = counter + 1: null

2019-01-03 12:46:22 - [TEST_STEP][PASSED] - Statement - PreSaveFile = new java.io.File(((pathPrefix + java.lang.Integer.toString(counter)) + .png)): null

2019-01-03 12:46:22 - [TEST_STEP][PASSED] - Statement - counter = counter + 1: null

2019-01-03 12:46:22 - [TEST_STEP][PASSED] - Statement - PreSaveFile = new java.io.File(((pathPrefix + java.lang.Integer.toString(counter)) + .png)): null

2019-01-03 12:46:22 - [TEST_STEP][PASSED] - Statement - counter = counter + 1: null

2019-01-03 12:46:22 - [TEST_STEP][PASSED] - Statement - PreSaveFile = new java.io.File(((pathPrefix + java.lang.Integer.toString(counter)) + .png)): null

2019-01-03 12:46:22 - [TEST_STEP][PASSED] - Statement - counter = counter + 1: null

2019-01-03 12:46:22 - [TEST_STEP][PASSED] - Statement - PreSaveFile = new java.io.File(((pathPrefix + java.lang.Integer.toString(counter)) + .png)): null

2019-01-03 12:46:22 - [TEST_STEP][PASSED] - Statement - counter = counter + 1: null

2019-01-03 12:46:22 - [TEST_STEP][PASSED] - Statement - PreSaveFile = new java.io.File(((pathPrefix + java.lang.Integer.toString(counter)) + .png)): null

2019-01-03 12:46:22 - [TEST_STEP][PASSED] - Statement - counter = counter + 1: null

2019-01-03 12:46:22 - [TEST_STEP][PASSED] - Statement - PreSaveFile = new java.io.File(((pathPrefix + java.lang.Integer.toString(counter)) + .png)): null

2019-01-03 12:46:22 - [TEST_STEP][PASSED] - Statement - counter = counter + 1: null

2019-01-03 12:46:22 - [TEST_STEP][PASSED] - Statement - PreSaveFile = new java.io.File(((pathPrefix + java.lang.Integer.toString(counter)) + .png)): null

2019-01-03 12:46:22 - [TEST_STEP][PASSED] - Statement - counter = counter + 1: null

2019-01-03 12:46:22 - [TEST_STEP][PASSED] - Statement - PreSaveFile = new java.io.File(((pathPrefix + java.lang.Integer.toString(counter)) + .png)): null

2019-01-03 12:46:22 - [TEST_STEP][PASSED] - Statement - counter = counter + 1: null

2019-01-03 12:46:22 - [TEST_STEP][PASSED] - Statement - PreSaveFile = new java.io.File(((pathPrefix + java.lang.Integer.toString(counter)) + .png)): null

2019-01-03 12:46:22 - [TEST_STEP][PASSED] - Statement - counter = counter + 1: null

2019-01-03 12:46:22 - [TEST_STEP][PASSED] - Statement - PreSaveFile = new java.io.File(((pathPrefix + java.lang.Integer.toString(counter)) + .png)): null

2019-01-03 12:46:22 - [TEST_STEP][PASSED] - Statement - counter = counter + 1: null

2019-01-03 12:46:22 - [TEST_STEP][PASSED] - Statement - PreSaveFile = new java.io.File(((pathPrefix + java.lang.Integer.toString(counter)) + .png)): null

2019-01-03 12:46:22 - [TEST_STEP][PASSED] - Statement - counter = counter + 1: null

2019-01-03 12:46:22 - [TEST_STEP][PASSED] - Statement - PreSaveFile = new java.io.File(((pathPrefix + java.lang.Integer.toString(counter)) + .png)): null

2019-01-03 12:46:22 - [TEST_STEP][PASSED] - Statement - counter = counter + 1: null

2019-01-03 12:46:22 - [TEST_STEP][PASSED] - Statement - PreSaveFile = new java.io.File(((pathPrefix + java.lang.Integer.toString(counter)) + .png)): null

2019-01-03 12:46:22 - [TEST_STEP][PASSED] - Statement - counter = counter + 1: null

2019-01-03 12:46:22 - [TEST_STEP][PASSED] - Statement - PreSaveFile = new java.io.File(((pathPrefix + java.lang.Integer.toString(counter)) + .png)): null

2019-01-03 12:46:22 - [TEST_STEP][PASSED] - Statement - counter = counter + 1: null

2019-01-03 12:46:22 - [TEST_STEP][PASSED] - Statement - PreSaveFile = new java.io.File(((pathPrefix + java.lang.Integer.toString(counter)) + .png)): null

2019-01-03 12:46:22 - [TEST_STEP][PASSED] - Statement - counter = counter + 1: null

2019-01-03 12:46:22 - [TEST_STEP][PASSED] - Statement - PreSaveFile = new java.io.File(((pathPrefix + java.lang.Integer.toString(counter)) + .png)): null

2019-01-03 12:46:22 - [TEST_STEP][PASSED] - Statement - counter = counter + 1: null

2019-01-03 12:46:22 - [TEST_STEP][PASSED] - Statement - PreSaveFile = new java.io.File(((pathPrefix + java.lang.Integer.toString(counter)) + .png)): null

2019-01-03 12:46:22 - [TEST_STEP][PASSED] - Statement - counter = counter + 1: null

2019-01-03 12:46:22 - [TEST_STEP][PASSED] - Statement - PreSaveFile = new java.io.File(((pathPrefix + java.lang.Integer.toString(counter)) + .png)): null

2019-01-03 12:46:22 - [TEST_STEP][PASSED] - Statement - counter = counter + 1: null

2019-01-03 12:46:22 - [TEST_STEP][PASSED] - Statement - PreSaveFile = new java.io.File(((pathPrefix + java.lang.Integer.toString(counter)) + .png)): null

2019-01-03 12:46:22 - [TEST_STEP][PASSED] - Statement - counter = counter + 1: null

2019-01-03 12:46:22 - [TEST_STEP][PASSED] - Statement - PreSaveFile = new java.io.File(((pathPrefix + java.lang.Integer.toString(counter)) + .png)): null

2019-01-03 12:46:22 - [TEST_STEP][PASSED] - Statement - counter = counter + 1: null

2019-01-03 12:46:22 - [TEST_STEP][PASSED] - Statement - PreSaveFile = new java.io.File(((pathPrefix + java.lang.Integer.toString(counter)) + .png)): null

2019-01-03 12:46:22 - [TEST_STEP][PASSED] - Statement - counter = counter + 1: null

2019-01-03 12:46:22 - [TEST_STEP][PASSED] - Statement - PreSaveFile = new java.io.File(((pathPrefix + java.lang.Integer.toString(counter)) + .png)): null

2019-01-03 12:46:22 - [TEST_STEP][PASSED] - Statement - counter = counter + 1: null

2019-01-03 12:46:22 - [TEST_STEP][PASSED] - Statement - PreSaveFile = new java.io.File(((pathPrefix + java.lang.Integer.toString(counter)) + .png)): null

2019-01-03 12:46:22 - [TEST_STEP][PASSED] - Statement - counter = counter + 1: null

2019-01-03 12:46:22 - [TEST_STEP][PASSED] - Statement - PreSaveFile = new java.io.File(((pathPrefix + java.lang.Integer.toString(counter)) + .png)): null

2019-01-03 12:46:22 - [TEST_STEP][PASSED] - Statement - counter = counter + 1: null

2019-01-03 12:46:22 - [TEST_STEP][PASSED] - Statement - PreSaveFile = new java.io.File(((pathPrefix + java.lang.Integer.toString(counter)) + .png)): null

2019-01-03 12:46:22 - [TEST_STEP][PASSED] - Statement - counter = counter + 1: null

2019-01-03 12:46:22 - [TEST_STEP][PASSED] - Statement - PreSaveFile = new java.io.File(((pathPrefix + java.lang.Integer.toString(counter)) + .png)): null

2019-01-03 12:46:22 - [TEST_STEP][PASSED] - Statement - counter = counter + 1: null

2019-01-03 12:46:22 - [TEST_STEP][PASSED] - Statement - PreSaveFile = new java.io.File(((pathPrefix + java.lang.Integer.toString(counter)) + .png)): null

2019-01-03 12:46:22 - [TEST_STEP][PASSED] - Statement - counter = counter + 1: null

2019-01-03 12:46:22 - [TEST_STEP][PASSED] - Statement - PreSaveFile = new java.io.File(((pathPrefix + java.lang.Integer.toString(counter)) + .png)): null

2019-01-03 12:46:22 - [TEST_STEP][PASSED] - Statement - counter = counter + 1: null

2019-01-03 12:46:22 - [TEST_STEP][PASSED] - Statement - PreSaveFile = new java.io.File(((pathPrefix + java.lang.Integer.toString(counter)) + .png)): null

2019-01-03 12:46:22 - [TEST_STEP][PASSED] - Statement - counter = counter + 1: null

2019-01-03 12:46:22 - [TEST_STEP][PASSED] - Statement - PreSaveFile = new java.io.File(((pathPrefix + java.lang.Integer.toString(counter)) + .png)): null

2019-01-03 12:46:22 - [TEST_STEP][PASSED] - Statement - counter = counter + 1: null

2019-01-03 12:46:22 - [TEST_STEP][PASSED] - Statement - PreSaveFile = new java.io.File(((pathPrefix + java.lang.Integer.toString(counter)) + .png)): null

2019-01-03 12:46:22 - [TEST_STEP][PASSED] - Statement - counter = counter + 1: null

2019-01-03 12:46:22 - [TEST_STEP][PASSED] - Statement - PreSaveFile = new java.io.File(((pathPrefix + java.lang.Integer.toString(counter)) + .png)): null

2019-01-03 12:46:22 - [TEST_STEP][PASSED] - Statement - counter = counter + 1: null

2019-01-03 12:46:22 - [TEST_STEP][PASSED] - Statement - PreSaveFile = new java.io.File(((pathPrefix + java.lang.Integer.toString(counter)) + .png)): null

2019-01-03 12:46:22 - [TEST_STEP][PASSED] - Statement - counter = counter + 1: null

2019-01-03 12:46:22 - [TEST_STEP][PASSED] - Statement - PreSaveFile = new java.io.File(((pathPrefix + java.lang.Integer.toString(counter)) + .png)): null

2019-01-03 12:46:22 - [TEST_STEP][PASSED] - Statement - counter = counter + 1: null

2019-01-03 12:46:22 - [TEST_STEP][PASSED] - Statement - PreSaveFile = new java.io.File(((pathPrefix + java.lang.Integer.toString(counter)) + .png)): null

2019-01-03 12:46:22 - [TEST_STEP][PASSED] - Statement - counter = counter + 1: null

2019-01-03 12:46:22 - [TEST_STEP][PASSED] - Statement - PreSaveFile = new java.io.File(((pathPrefix + java.lang.Integer.toString(counter)) + .png)): null

2019-01-03 12:46:22 - [TEST_STEP][PASSED] - Statement - counter = counter + 1: null

2019-01-03 12:46:22 - [TEST_STEP][PASSED] - Statement - PreSaveFile = new java.io.File(((pathPrefix + java.lang.Integer.toString(counter)) + .png)): null

2019-01-03 12:46:22 - [TEST_STEP][PASSED] - Statement - counter = counter + 1: null

2019-01-03 12:46:22 - [TEST_STEP][PASSED] - Statement - PreSaveFile = new java.io.File(((pathPrefix + java.lang.Integer.toString(counter)) + .png)): null

2019-01-03 12:46:22 - [TEST_STEP][PASSED] - Statement - counter = counter + 1: null

2019-01-03 12:46:22 - [TEST_STEP][PASSED] - Statement - PreSaveFile = new java.io.File(((pathPrefix + java.lang.Integer.toString(counter)) + .png)): null

2019-01-03 12:46:22 - [TEST_STEP][PASSED] - Statement - counter = counter + 1: null

2019-01-03 12:46:22 - [TEST_STEP][PASSED] - Statement - PreSaveFile = new java.io.File(((pathPrefix + java.lang.Integer.toString(counter)) + .png)): null

2019-01-03 12:46:22 - [TEST_STEP][PASSED] - Statement - counter = counter + 1: null

2019-01-03 12:46:22 - [TEST_STEP][PASSED] - Statement - PreSaveFile = new java.io.File(((pathPrefix + java.lang.Integer.toString(counter)) + .png)): null

2019-01-03 12:46:22 - [TEST_STEP][PASSED] - Statement - counter = counter + 1: null

2019-01-03 12:46:22 - [TEST_STEP][PASSED] - Statement - PreSaveFile = new java.io.File(((pathPrefix + java.lang.Integer.toString(counter)) + .png)): null

2019-01-03 12:46:22 - [TEST_STEP][PASSED] - Statement - counter = counter + 1: null

2019-01-03 12:46:22 - [TEST_STEP][PASSED] - Statement - PreSaveFile = new java.io.File(((pathPrefix + java.lang.Integer.toString(counter)) + .png)): null

2019-01-03 12:46:22 - [TEST_STEP][PASSED] - Statement - counter = counter + 1: null

2019-01-03 12:46:22 - [TEST_STEP][PASSED] - Statement - PreSaveFile = new java.io.File(((pathPrefix + java.lang.Integer.toString(counter)) + .png)): null

2019-01-03 12:46:22 - [TEST_STEP][PASSED] - Statement - counter = counter + 1: null

2019-01-03 12:46:22 - [TEST_STEP][PASSED] - Statement - PreSaveFile = new java.io.File(((pathPrefix + java.lang.Integer.toString(counter)) + .png)): null

2019-01-03 12:46:22 - [TEST_STEP][PASSED] - Statement - counter = counter + 1: null

2019-01-03 12:46:22 - [TEST_STEP][PASSED] - Statement - PreSaveFile = new java.io.File(((pathPrefix + java.lang.Integer.toString(counter)) + .png)): null

2019-01-03 12:46:22 - [TEST_STEP][PASSED] - Statement - counter = counter + 1: null

2019-01-03 12:46:22 - [TEST_STEP][PASSED] - Statement - PreSaveFile = new java.io.File(((pathPrefix + java.lang.Integer.toString(counter)) + .png)): null

2019-01-03 12:46:22 - [TEST_STEP][PASSED] - Statement - counter = counter + 1: null

2019-01-03 12:46:22 - [TEST_STEP][PASSED] - Statement - PreSaveFile = new java.io.File(((pathPrefix + java.lang.Integer.toString(counter)) + .png)): null

2019-01-03 12:46:22 - [TEST_STEP][PASSED] - Statement - counter = counter + 1: null

2019-01-03 12:46:22 - [TEST_STEP][PASSED] - Statement - PreSaveFile = new java.io.File(((pathPrefix + java.lang.Integer.toString(counter)) + .png)): null

2019-01-03 12:46:22 - [TEST_STEP][PASSED] - Statement - counter = counter + 1: null

2019-01-03 12:46:22 - [TEST_STEP][PASSED] - Statement - PreSaveFile = new java.io.File(((pathPrefix + java.lang.Integer.toString(counter)) + .png)): null

2019-01-03 12:46:22 - [TEST_STEP][PASSED] - Statement - counter = counter + 1: null

2019-01-03 12:46:22 - [TEST_STEP][PASSED] - Statement - PreSaveFile = new java.io.File(((pathPrefix + java.lang.Integer.toString(counter)) + .png)): null

2019-01-03 12:46:22 - [TEST_STEP][PASSED] - Statement - counter = counter + 1: null

2019-01-03 12:46:22 - [TEST_STEP][PASSED] - Statement - PreSaveFile = new java.io.File(((pathPrefix + java.lang.Integer.toString(counter)) + .png)): null

2019-01-03 12:46:22 - [TEST_STEP][PASSED] - Statement - counter = counter + 1: null

2019-01-03 12:46:22 - [TEST_STEP][PASSED] - Statement - PreSaveFile = new java.io.File(((pathPrefix + java.lang.Integer.toString(counter)) + .png)): null

2019-01-03 12:46:22 - [TEST_STEP][PASSED] - Statement - counter = counter + 1: null

2019-01-03 12:46:22 - [TEST_STEP][PASSED] - Statement - PreSaveFile = new java.io.File(((pathPrefix + java.lang.Integer.toString(counter)) + .png)): null

2019-01-03 12:46:22 - [TEST_STEP][PASSED] - Statement - counter = counter + 1: null

2019-01-03 12:46:22 - [TEST_STEP][PASSED] - Statement - PreSaveFile = new java.io.File(((pathPrefix + java.lang.Integer.toString(counter)) + .png)): null

2019-01-03 12:46:22 - [TEST_STEP][PASSED] - Statement - counter = counter + 1: null

2019-01-03 12:46:22 - [TEST_STEP][PASSED] - Statement - PreSaveFile = new java.io.File(((pathPrefix + java.lang.Integer.toString(counter)) + .png)): null

2019-01-03 12:46:22 - [TEST_STEP][PASSED] - Statement - counter = counter + 1: null

2019-01-03 12:46:22 - [TEST_STEP][PASSED] - Statement - PreSaveFile = new java.io.File(((pathPrefix + java.lang.Integer.toString(counter)) + .png)): null

2019-01-03 12:46:22 - [TEST_STEP][PASSED] - Statement - counter = counter + 1: null

2019-01-03 12:46:22 - [TEST_STEP][PASSED] - Statement - PreSaveFile = new java.io.File(((pathPrefix + java.lang.Integer.toString(counter)) + .png)): null

2019-01-03 12:46:22 - [TEST_STEP][PASSED] - Statement - counter = counter + 1: null

2019-01-03 12:46:22 - [TEST_STEP][PASSED] - Statement - PreSaveFile = new java.io.File(((pathPrefix + java.lang.Integer.toString(counter)) + .png)): null

2019-01-03 12:46:22 - [TEST_STEP][PASSED] - Statement - counter = counter + 1: null

2019-01-03 12:46:22 - [TEST_STEP][PASSED] - Statement - PreSaveFile = new java.io.File(((pathPrefix + java.lang.Integer.toString(counter)) + .png)): null

2019-01-03 12:46:22 - [TEST_STEP][PASSED] - Statement - counter = counter + 1: null

2019-01-03 12:46:22 - [TEST_STEP][PASSED] - Statement - PreSaveFile = new java.io.File(((pathPrefix + java.lang.Integer.toString(counter)) + .png)): null

2019-01-03 12:46:22 - [TEST_STEP][PASSED] - Statement - counter = counter + 1: null

2019-01-03 12:46:22 - [TEST_STEP][PASSED] - Statement - PreSaveFile = new java.io.File(((pathPrefix + java.lang.Integer.toString(counter)) + .png)): null

2019-01-03 12:46:22 - [TEST_STEP][PASSED] - Statement - counter = counter + 1: null

2019-01-03 12:46:22 - [TEST_STEP][PASSED] - Statement - PreSaveFile = new java.io.File(((pathPrefix + java.lang.Integer.toString(counter)) + .png)): null

2019-01-03 12:46:22 - [TEST_STEP][PASSED] - Statement - counter = counter + 1: null

2019-01-03 12:46:22 - [TEST_STEP][PASSED] - Statement - PreSaveFile = new java.io.File(((pathPrefix + java.lang.Integer.toString(counter)) + .png)): null

2019-01-03 12:46:22 - [TEST_STEP][PASSED] - Statement - counter = counter + 1: null

2019-01-03 12:46:22 - [TEST_STEP][PASSED] - Statement - PreSaveFile = new java.io.File(((pathPrefix + java.lang.Integer.toString(counter)) + .png)): null

2019-01-03 12:46:22 - [TEST_STEP][PASSED] - Statement - counter = counter + 1: null

2019-01-03 12:46:22 - [TEST_STEP][PASSED] - Statement - PreSaveFile = new java.io.File(((pathPrefix + java.lang.Integer.toString(counter)) + .png)): null

2019-01-03 12:46:22 - [TEST_STEP][PASSED] - Statement - counter = counter + 1: null

2019-01-03 12:46:22 - [TEST_STEP][PASSED] - Statement - PreSaveFile = new java.io.File(((pathPrefix + java.lang.Integer.toString(counter)) + .png)): null

2019-01-03 12:46:22 - [TEST_STEP][PASSED] - Statement - counter = counter + 1: null

2019-01-03 12:46:22 - [TEST_STEP][PASSED] - Statement - PreSaveFile = new java.io.File(((pathPrefix + java.lang.Integer.toString(counter)) + .png)): null

2019-01-03 12:46:22 - [TEST_STEP][PASSED] - Statement - counter = counter + 1: null

2019-01-03 12:46:22 - [TEST_STEP][PASSED] - Statement - PreSaveFile = new java.io.File(((pathPrefix + java.lang.Integer.toString(counter)) + .png)): null

2019-01-03 12:46:22 - [TEST_STEP][PASSED] - Statement - counter = counter + 1: null

2019-01-03 12:46:22 - [TEST_STEP][PASSED] - Statement - PreSaveFile = new java.io.File(((pathPrefix + java.lang.Integer.toString(counter)) + .png)): null

2019-01-03 12:46:22 - [TEST_STEP][PASSED] - Statement - counter = counter + 1: null

2019-01-03 12:46:22 - [TEST_STEP][PASSED] - Statement - PreSaveFile = new java.io.File(((pathPrefix + java.lang.Integer.toString(counter)) + .png)): null

2019-01-03 12:46:22 - [TEST_STEP][PASSED] - Statement - counter = counter + 1: null

2019-01-03 12:46:22 - [TEST_STEP][PASSED] - Statement - PreSaveFile = new java.io.File(((pathPrefix + java.lang.Integer.toString(counter)) + .png)): null

2019-01-03 12:46:22 - [TEST_STEP][PASSED] - Statement - counter = counter + 1: null

2019-01-03 12:46:22 - [TEST_STEP][PASSED] - Statement - PreSaveFile = new java.io.File(((pathPrefix + java.lang.Integer.toString(counter)) + .png)): null

2019-01-03 12:46:22 - [TEST_STEP][PASSED] - Statement - counter = counter + 1: null

2019-01-03 12:46:22 - [TEST_STEP][PASSED] - Statement - PreSaveFile = new java.io.File(((pathPrefix + java.lang.Integer.toString(counter)) + .png)): null

2019-01-03 12:46:22 - [TEST_STEP][PASSED] - Statement - counter = counter + 1: null

2019-01-03 12:46:22 - [TEST_STEP][PASSED] - Statement - PreSaveFile = new java.io.File(((pathPrefix + java.lang.Integer.toString(counter)) + .png)): null

2019-01-03 12:46:22 - [TEST_STEP][PASSED] - Statement - counter = counter + 1: null

2019-01-03 12:46:22 - [TEST_STEP][PASSED] - Statement - PreSaveFile = new java.io.File(((pathPrefix + java.lang.Integer.toString(counter)) + .png)): null

2019-01-03 12:46:22 - [TEST_STEP][PASSED] - Statement - counter = counter + 1: null

2019-01-03 12:46:22 - [TEST_STEP][PASSED] - Statement - PreSaveFile = new java.io.File(((pathPrefix + java.lang.Integer.toString(counter)) + .png)): null

2019-01-03 12:46:22 - [TEST_STEP][PASSED] - Statement - counter = counter + 1: null

2019-01-03 12:46:22 - [TEST_STEP][PASSED] - Statement - PreSaveFile = new java.io.File(((pathPrefix + java.lang.Integer.toString(counter)) + .png)): null

2019-01-03 12:46:22 - [TEST_STEP][PASSED] - Statement - counter = counter + 1: null

2019-01-03 12:46:22 - [TEST_STEP][PASSED] - Statement - PreSaveFile = new java.io.File(((pathPrefix + java.lang.Integer.toString(counter)) + .png)): null

2019-01-03 12:46:22 - [TEST_STEP][PASSED] - Statement - counter = counter + 1: null

2019-01-03 12:46:22 - [TEST_STEP][PASSED] - Statement - PreSaveFile = new java.io.File(((pathPrefix + java.lang.Integer.toString(counter)) + .png)): null

2019-01-03 12:46:22 - [TEST_STEP][PASSED] - Statement - counter = counter + 1: null

2019-01-03 12:46:22 - [TEST_STEP][PASSED] - Statement - PreSaveFile = new java.io.File(((pathPrefix + java.lang.Integer.toString(counter)) + .png)): null

2019-01-03 12:46:22 - [TEST_STEP][PASSED] - Statement - counter = counter + 1: null

2019-01-03 12:46:22 - [TEST_STEP][PASSED] - Statement - PreSaveFile = new java.io.File(((pathPrefix + java.lang.Integer.toString(counter)) + .png)): null

2019-01-03 12:46:22 - [TEST_STEP][PASSED] - Statement - counter = counter + 1: null

2019-01-03 12:46:22 - [TEST_STEP][PASSED] - Statement - PreSaveFile = new java.io.File(((pathPrefix + java.lang.Integer.toString(counter)) + .png)): null

2019-01-03 12:46:22 - [TEST_STEP][PASSED] - Statement - counter = counter + 1: null

2019-01-03 12:46:22 - [TEST_STEP][PASSED] - Statement - PreSaveFile = new java.io.File(((pathPrefix + java.lang.Integer.toString(counter)) + .png)): null

2019-01-03 12:46:22 - [TEST_STEP][PASSED] - Statement - counter = counter + 1: null

2019-01-03 12:46:22 - [TEST_STEP][PASSED] - Statement - PreSaveFile = new java.io.File(((pathPrefix + java.lang.Integer.toString(counter)) + .png)): null

2019-01-03 12:46:22 - [TEST_STEP][PASSED] - Statement - counter = counter + 1: null

2019-01-03 12:46:22 - [TEST_STEP][PASSED] - Statement - PreSaveFile = new java.io.File(((pathPrefix + java.lang.Integer.toString(counter)) + .png)): null

2019-01-03 12:46:22 - [TEST_STEP][PASSED] - Statement - counter = counter + 1: null

2019-01-03 12:46:22 - [TEST_STEP][PASSED] - Statement - PreSaveFile = new java.io.File(((pathPrefix + java.lang.Integer.toString(counter)) + .png)): null

2019-01-03 12:46:22 - [TEST_STEP][PASSED] - Statement - counter = counter + 1: null

2019-01-03 12:46:22 - [TEST_STEP][PASSED] - Statement - PreSaveFile = new java.io.File(((pathPrefix + java.lang.Integer.toString(counter)) + .png)): null

2019-01-03 12:46:22 - [TEST_STEP][PASSED] - Statement - counter = counter + 1: null

2019-01-03 12:46:22 - [TEST_STEP][PASSED] - Statement - PreSaveFile = new java.io.File(((pathPrefix + java.lang.Integer.toString(counter)) + .png)): null

2019-01-03 12:46:22 - [TEST_STEP][PASSED] - Statement - counter = counter + 1: null

2019-01-03 12:46:22 - [TEST_STEP][PASSED] - Statement - PreSaveFile = new java.io.File(((pathPrefix + java.lang.Integer.toString(counter)) + .png)): null

2019-01-03 12:46:22 - [TEST_STEP][PASSED] - Statement - counter = counter + 1: null

2019-01-03 12:46:22 - [TEST_STEP][PASSED] - Statement - PreSaveFile = new java.io.File(((pathPrefix + java.lang.Integer.toString(counter)) + .png)): null

2019-01-03 12:46:22 - [TEST_STEP][PASSED] - Statement - counter = counter + 1: null

2019-01-03 12:46:22 - [TEST_STEP][PASSED] - Statement - PreSaveFile = new java.io.File(((pathPrefix + java.lang.Integer.toString(counter)) + .png)): null

2019-01-03 12:46:22 - [TEST_STEP][PASSED] - Statement - counter = counter + 1: null

2019-01-03 12:46:22 - [TEST_STEP][PASSED] - Statement - PreSaveFile = new java.io.File(((pathPrefix + java.lang.Integer.toString(counter)) + .png)): null

2019-01-03 12:46:22 - [TEST_STEP][PASSED] - Statement - counter = counter + 1: null

2019-01-03 12:46:22 - [TEST_STEP][PASSED] - Statement - PreSaveFile = new java.io.File(((pathPrefix + java.lang.Integer.toString(counter)) + .png)): null

2019-01-03 12:46:22 - [TEST_STEP][PASSED] - Statement - counter = counter + 1: null

2019-01-03 12:46:22 - [TEST_STEP][PASSED] - Statement - PreSaveFile = new java.io.File(((pathPrefix + java.lang.Integer.toString(counter)) + .png)): null

2019-01-03 12:46:22 - [TEST_STEP][PASSED] - Statement - counter = counter + 1: null

2019-01-03 12:46:22 - [TEST_STEP][PASSED] - Statement - PreSaveFile = new java.io.File(((pathPrefix + java.lang.Integer.toString(counter)) + .png)): null

2019-01-03 12:46:22 - [TEST_STEP][PASSED] - Statement - counter = counter + 1: null

2019-01-03 12:46:22 - [TEST_STEP][PASSED] - Statement - PreSaveFile = new java.io.File(((pathPrefix + java.lang.Integer.toString(counter)) + .png)): null

2019-01-03 12:46:22 - [TEST_STEP][PASSED] - Statement - counter = counter + 1: null

2019-01-03 12:46:22 - [TEST_STEP][PASSED] - Statement - PreSaveFile = new java.io.File(((pathPrefix + java.lang.Integer.toString(counter)) + .png)): null

2019-01-03 12:46:22 - [TEST_STEP][PASSED] - Statement - counter = counter + 1: null

2019-01-03 12:46:22 - [TEST_STEP][PASSED] - Statement - PreSaveFile = new java.io.File(((pathPrefix + java.lang.Integer.toString(counter)) + .png)): null

2019-01-03 12:46:22 - [TEST_STEP][PASSED] - Statement - counter = counter + 1: null

2019-01-03 12:46:22 - [TEST_STEP][PASSED] - Statement - PreSaveFile = new java.io.File(((pathPrefix + java.lang.Integer.toString(counter)) + .png)): null

2019-01-03 12:46:22 - [TEST_STEP][PASSED] - Statement - counter = counter + 1: null

2019-01-03 12:46:22 - [TEST_STEP][PASSED] - Statement - PreSaveFile = new java.io.File(((pathPrefix + java.lang.Integer.toString(counter)) + .png)): null

2019-01-03 12:46:22 - [TEST_STEP][PASSED] - Statement - counter = counter + 1: null

2019-01-03 12:46:22 - [TEST_STEP][PASSED] - Statement - PreSaveFile = new java.io.File(((pathPrefix + java.lang.Integer.toString(counter)) + .png)): null

2019-01-03 12:46:22 - [TEST_STEP][PASSED] - Statement - counter = counter + 1: null

2019-01-03 12:46:22 - [TEST_STEP][PASSED] - Statement - PreSaveFile = new java.io.File(((pathPrefix + java.lang.Integer.toString(counter)) + .png)): null

2019-01-03 12:46:22 - [TEST_STEP][PASSED] - Statement - counter = counter + 1: null

2019-01-03 12:46:22 - [TEST_STEP][PASSED] - Statement - PreSaveFile = new java.io.File(((pathPrefix + java.lang.Integer.toString(counter)) + .png)): null

2019-01-03 12:46:22 - [TEST_STEP][PASSED] - Statement - counter = counter + 1: null

2019-01-03 12:46:22 - [TEST_STEP][PASSED] - Statement - PreSaveFile = new java.io.File(((pathPrefix + java.lang.Integer.toString(counter)) + .png)): null

2019-01-03 12:46:22 - [TEST_STEP][PASSED] - Statement - counter = counter + 1: null

2019-01-03 12:46:22 - [TEST_STEP][PASSED] - Statement - PreSaveFile = new java.io.File(((pathPrefix + java.lang.Integer.toString(counter)) + .png)): null

2019-01-03 12:46:22 - [TEST_STEP][PASSED] - Statement - counter = counter + 1: null

2019-01-03 12:46:22 - [TEST_STEP][PASSED] - Statement - PreSaveFile = new java.io.File(((pathPrefix + java.lang.Integer.toString(counter)) + .png)): null

2019-01-03 12:46:22 - [TEST_STEP][PASSED] - Statement - counter = counter + 1: null

2019-01-03 12:46:22 - [TEST_STEP][PASSED] - Statement - PreSaveFile = new java.io.File(((pathPrefix + java.lang.Integer.toString(counter)) + .png)): null

2019-01-03 12:46:22 - [TEST_STEP][PASSED] - Statement - counter = counter + 1: null

2019-01-03 12:46:22 - [TEST_STEP][PASSED] - Statement - PreSaveFile = new java.io.File(((pathPrefix + java.lang.Integer.toString(counter)) + .png)): null

2019-01-03 12:46:22 - [TEST_STEP][PASSED] - Statement - counter = counter + 1: null

2019-01-03 12:46:22 - [TEST_STEP][PASSED] - Statement - PreSaveFile = new java.io.File(((pathPrefix + java.lang.Integer.toString(counter)) + .png)): null

2019-01-03 12:46:22 - [TEST_STEP][PASSED] - Statement - counter = counter + 1: null

2019-01-03 12:46:22 - [TEST_STEP][PASSED] - Statement - PreSaveFile = new java.io.File(((pathPrefix + java.lang.Integer.toString(counter)) + .png)): null

2019-01-03 12:46:22 - [TEST_STEP][PASSED] - Statement - counter = counter + 1: null

2019-01-03 12:46:22 - [TEST_STEP][PASSED] - Statement - PreSaveFile = new java.io.File(((pathPrefix + java.lang.Integer.toString(counter)) + .png)): null

2019-01-03 12:46:22 - [TEST_STEP][PASSED] - Statement - counter = counter + 1: null

2019-01-03 12:46:22 - [TEST_STEP][PASSED] - Statement - PreSaveFile = new java.io.File(((pathPrefix + java.lang.Integer.toString(counter)) + .png)): null

2019-01-03 12:46:22 - [TEST_STEP][PASSED] - Statement - counter = counter + 1: null

2019-01-03 12:46:22 - [TEST_STEP][PASSED] - Statement - PreSaveFile = new java.io.File(((pathPrefix + java.lang.Integer.toString(counter)) + .png)): null

2019-01-03 12:46:22 - [TEST_STEP][PASSED] - Statement - counter = counter + 1: null

2019-01-03 12:46:22 - [TEST_STEP][PASSED] - Statement - PreSaveFile = new java.io.File(((pathPrefix + java.lang.Integer.toString(counter)) + .png)): null

2019-01-03 12:46:22 - [TEST_STEP][PASSED] - Statement - counter = counter + 1: null

2019-01-03 12:46:22 - [TEST_STEP][PASSED] - Statement - PreSaveFile = new java.io.File(((pathPrefix + java.lang.Integer.toString(counter)) + .png)): null

2019-01-03 12:46:22 - [TEST_STEP][PASSED] - Statement - counter = counter + 1: null

2019-01-03 12:46:22 - [TEST_STEP][PASSED] - Statement - PreSaveFile = new java.io.File(((pathPrefix + java.lang.Integer.toString(counter)) + .png)): null

2019-01-03 12:46:22 - [TEST_STEP][PASSED] - Statement - counter = counter + 1: null

2019-01-03 12:46:22 - [TEST_STEP][PASSED] - Statement - PreSaveFile = new java.io.File(((pathPrefix + java.lang.Integer.toString(counter)) + .png)): null

2019-01-03 12:46:22 - [TEST_STEP][PASSED] - Statement - counter = counter + 1: null

2019-01-03 12:46:22 - [TEST_STEP][PASSED] - Statement - PreSaveFile = new java.io.File(((pathPrefix + java.lang.Integer.toString(counter)) + .png)): null

2019-01-03 12:46:22 - [TEST_STEP][PASSED] - Statement - counter = counter + 1: null

2019-01-03 12:46:23 - [TEST_STEP][PASSED] - Statement - PreSaveFile = new java.io.File(((pathPrefix + java.lang.Integer.toString(counter)) + .png)): null

2019-01-03 12:46:23 - [TEST_STEP][PASSED] - Statement - counter = counter + 1: null

2019-01-03 12:46:23 - [TEST_STEP][PASSED] - Statement - PreSaveFile = new java.io.File(((pathPrefix + java.lang.Integer.toString(counter)) + .png)): null

2019-01-03 12:46:23 - [TEST_STEP][PASSED] - Statement - counter = counter + 1: null

2019-01-03 12:46:23 - [TEST_STEP][PASSED] - Statement - PreSaveFile = new java.io.File(((pathPrefix + java.lang.Integer.toString(counter)) + .png)): null

2019-01-03 12:46:23 - [TEST_STEP][PASSED] - Statement - counter = counter + 1: null

2019-01-03 12:46:23 - [TEST_STEP][PASSED] - Statement - PreSaveFile = new java.io.File(((pathPrefix + java.lang.Integer.toString(counter)) + .png)): null

2019-01-03 12:46:23 - [TEST_STEP][PASSED] - Statement - counter = counter + 1: null

2019-01-03 12:46:23 - [TEST_STEP][PASSED] - Statement - PreSaveFile = new java.io.File(((pathPrefix + java.lang.Integer.toString(counter)) + .png)): null

2019-01-03 12:46:23 - [TEST_STEP][PASSED] - Statement - counter = counter + 1: null

2019-01-03 12:46:23 - [TEST_STEP][PASSED] - Statement - PreSaveFile = new java.io.File(((pathPrefix + java.lang.Integer.toString(counter)) + .png)): null

2019-01-03 12:46:23 - [TEST_STEP][PASSED] - Statement - counter = counter + 1: null

2019-01-03 12:46:23 - [TEST_STEP][PASSED] - Statement - PreSaveFile = new java.io.File(((pathPrefix + java.lang.Integer.toString(counter)) + .png)): null

2019-01-03 12:46:23 - [TEST_STEP][PASSED] - Statement - counter = counter + 1: null

2019-01-03 12:46:23 - [TEST_STEP][PASSED] - Statement - PreSaveFile = new java.io.File(((pathPrefix + java.lang.Integer.toString(counter)) + .png)): null

2019-01-03 12:46:23 - [TEST_STEP][PASSED] - Statement - counter = counter + 1: null

2019-01-03 12:46:23 - [TEST_STEP][PASSED] - Statement - PreSaveFile = new java.io.File(((pathPrefix + java.lang.Integer.toString(counter)) + .png)): null

2019-01-03 12:46:23 - [TEST_STEP][PASSED] - Statement - counter = counter + 1: null

2019-01-03 12:46:23 - [TEST_STEP][PASSED] - Statement - PreSaveFile = new java.io.File(((pathPrefix + java.lang.Integer.toString(counter)) + .png)): null

2019-01-03 12:46:23 - [TEST_STEP][PASSED] - Statement - counter = counter + 1: null

2019-01-03 12:46:23 - [TEST_STEP][PASSED] - Statement - PreSaveFile = new java.io.File(((pathPrefix + java.lang.Integer.toString(counter)) + .png)): null

2019-01-03 12:46:23 - [TEST_STEP][PASSED] - Statement - counter = counter + 1: null

2019-01-03 12:46:23 - [TEST_STEP][PASSED] - Statement - PreSaveFile = new java.io.File(((pathPrefix + java.lang.Integer.toString(counter)) + .png)): null

2019-01-03 12:46:23 - [TEST_STEP][PASSED] - Statement - counter = counter + 1: null

2019-01-03 12:46:23 - [TEST_STEP][PASSED] - Statement - PreSaveFile = new java.io.File(((pathPrefix + java.lang.Integer.toString(counter)) + .png)): null

2019-01-03 12:46:23 - [TEST_STEP][PASSED] - Statement - counter = counter + 1: null

2019-01-03 12:46:23 - [TEST_STEP][PASSED] - Statement - PreSaveFile = new java.io.File(((pathPrefix + java.lang.Integer.toString(counter)) + .png)): null

2019-01-03 12:46:23 - [TEST_STEP][PASSED] - Statement - counter = counter + 1: null

2019-01-03 12:46:23 - [TEST_STEP][PASSED] - Statement - PreSaveFile = new java.io.File(((pathPrefix + java.lang.Integer.toString(counter)) + .png)): null

2019-01-03 12:46:23 - [TEST_STEP][PASSED] - Statement - counter = counter + 1: null

2019-01-03 12:46:23 - [TEST_STEP][PASSED] - Statement - PreSaveFile = new java.io.File(((pathPrefix + java.lang.Integer.toString(counter)) + .png)): null

2019-01-03 12:46:23 - [TEST_STEP][PASSED] - Statement - counter = counter + 1: null

2019-01-03 12:46:23 - [TEST_STEP][PASSED] - Statement - PreSaveFile = new java.io.File(((pathPrefix + java.lang.Integer.toString(counter)) + .png)): null

2019-01-03 12:46:23 - [TEST_STEP][PASSED] - Statement - counter = counter + 1: null

2019-01-03 12:46:23 - [TEST_STEP][PASSED] - Statement - PreSaveFile = new java.io.File(((pathPrefix + java.lang.Integer.toString(counter)) + .png)): null

2019-01-03 12:46:23 - [TEST_STEP][PASSED] - Statement - counter = counter + 1: null

2019-01-03 12:46:23 - [TEST_STEP][PASSED] - Statement - PreSaveFile = new java.io.File(((pathPrefix + java.lang.Integer.toString(counter)) + .png)): null

2019-01-03 12:46:23 - [TEST_STEP][PASSED] - Statement - counter = counter + 1: null

2019-01-03 12:46:23 - [TEST_STEP][PASSED] - Statement - PreSaveFile = new java.io.File(((pathPrefix + java.lang.Integer.toString(counter)) + .png)): null

2019-01-03 12:46:23 - [TEST_STEP][PASSED] - Statement - counter = counter + 1: null

2019-01-03 12:46:23 - [TEST_STEP][PASSED] - Statement - PreSaveFile = new java.io.File(((pathPrefix + java.lang.Integer.toString(counter)) + .png)): null

2019-01-03 12:46:23 - [TEST_STEP][PASSED] - Statement - counter = counter + 1: null

2019-01-03 12:46:23 - [TEST_STEP][PASSED] - Statement - PreSaveFile = new java.io.File(((pathPrefix + java.lang.Integer.toString(counter)) + .png)): null

2019-01-03 12:46:23 - [TEST_STEP][PASSED] - Statement - counter = counter + 1: null

2019-01-03 12:46:23 - [TEST_STEP][PASSED] - Statement - PreSaveFile = new java.io.File(((pathPrefix + java.lang.Integer.toString(counter)) + .png)): null

2019-01-03 12:46:23 - [TEST_STEP][PASSED] - Statement - counter = counter + 1: null

2019-01-03 12:46:23 - [TEST_STEP][PASSED] - Statement - PreSaveFile = new java.io.File(((pathPrefix + java.lang.Integer.toString(counter)) + .png)): null

2019-01-03 12:46:23 - [TEST_STEP][PASSED] - Statement - counter = counter + 1: null

2019-01-03 12:46:23 - [TEST_STEP][PASSED] - Statement - PreSaveFile = new java.io.File(((pathPrefix + java.lang.Integer.toString(counter)) + .png)): null

2019-01-03 12:46:23 - [TEST_STEP][PASSED] - Statement - counter = counter + 1: null

2019-01-03 12:46:23 - [TEST_STEP][PASSED] - Statement - PreSaveFile = new java.io.File(((pathPrefix + java.lang.Integer.toString(counter)) + .png)): null

2019-01-03 12:46:23 - [TEST_STEP][PASSED] - Statement - counter = counter + 1: null

2019-01-03 12:46:23 - [TEST_STEP][PASSED] - Statement - PreSaveFile = new java.io.File(((pathPrefix + java.lang.Integer.toString(counter)) + .png)): null

2019-01-03 12:46:23 - [TEST_STEP][PASSED] - Statement - counter = counter + 1: null

2019-01-03 12:46:23 - [TEST_STEP][PASSED] - Statement - PreSaveFile = new java.io.File(((pathPrefix + java.lang.Integer.toString(counter)) + .png)): null

2019-01-03 12:46:23 - [TEST_STEP][PASSED] - Statement - counter = counter + 1: null

2019-01-03 12:46:23 - [TEST_STEP][PASSED] - Statement - PreSaveFile = new java.io.File(((pathPrefix + java.lang.Integer.toString(counter)) + .png)): null

2019-01-03 12:46:23 - [TEST_STEP][PASSED] - Statement - counter = counter + 1: null

2019-01-03 12:46:23 - [TEST_STEP][PASSED] - Statement - PreSaveFile = new java.io.File(((pathPrefix + java.lang.Integer.toString(counter)) + .png)): null

2019-01-03 12:46:23 - [TEST_STEP][PASSED] - Statement - counter = counter + 1: null

2019-01-03 12:46:23 - [TEST_STEP][PASSED] - Statement - PreSaveFile = new java.io.File(((pathPrefix + java.lang.Integer.toString(counter)) + .png)): null

2019-01-03 12:46:23 - [TEST_STEP][PASSED] - Statement - counter = counter + 1: null

2019-01-03 12:46:23 - [TEST_STEP][PASSED] - Statement - PreSaveFile = new java.io.File(((pathPrefix + java.lang.Integer.toString(counter)) + .png)): null

2019-01-03 12:46:23 - [TEST_STEP][PASSED] - Statement - counter = counter + 1: null

2019-01-03 12:46:23 - [TEST_STEP][PASSED] - Statement - PreSaveFile = new java.io.File(((pathPrefix + java.lang.Integer.toString(counter)) + .png)): null

2019-01-03 12:46:23 - [TEST_STEP][PASSED] - Statement - counter = counter + 1: null

2019-01-03 12:46:23 - [TEST_STEP][PASSED] - Statement - PreSaveFile = new java.io.File(((pathPrefix + java.lang.Integer.toString(counter)) + .png)): null

2019-01-03 12:46:23 - [TEST_STEP][PASSED] - Statement - counter = counter + 1: null

2019-01-03 12:46:23 - [TEST_STEP][PASSED] - Statement - PreSaveFile = new java.io.File(((pathPrefix + java.lang.Integer.toString(counter)) + .png)): null

2019-01-03 12:46:23 - [TEST_STEP][PASSED] - Statement - counter = counter + 1: null

2019-01-03 12:46:23 - [TEST_STEP][PASSED] - Statement - PreSaveFile = new java.io.File(((pathPrefix + java.lang.Integer.toString(counter)) + .png)): null

2019-01-03 12:46:23 - [TEST_STEP][PASSED] - Statement - counter = counter + 1: null

2019-01-03 12:46:23 - [TEST_STEP][PASSED] - Statement - PreSaveFile = new java.io.File(((pathPrefix + java.lang.Integer.toString(counter)) + .png)): null

2019-01-03 12:46:23 - [TEST_STEP][PASSED] - Statement - counter = counter + 1: null

2019-01-03 12:46:23 - [TEST_STEP][PASSED] - Statement - PreSaveFile = new java.io.File(((pathPrefix + java.lang.Integer.toString(counter)) + .png)): null

2019-01-03 12:46:23 - [TEST_STEP][PASSED] - Statement - counter = counter + 1: null

2019-01-03 12:46:23 - [TEST_STEP][PASSED] - Statement - PreSaveFile = new java.io.File(((pathPrefix + java.lang.Integer.toString(counter)) + .png)): null

2019-01-03 12:46:23 - [TEST_STEP][PASSED] - Statement - counter = counter + 1: null

2019-01-03 12:46:23 - [TEST_STEP][PASSED] - Statement - PreSaveFile = new java.io.File(((pathPrefix + java.lang.Integer.toString(counter)) + .png)): null

2019-01-03 12:46:23 - [TEST_STEP][PASSED] - Statement - counter = counter + 1: null

2019-01-03 12:46:23 - [TEST_STEP][PASSED] - Statement - PreSaveFile = new java.io.File(((pathPrefix + java.lang.Integer.toString(counter)) + .png)): null

2019-01-03 12:46:23 - [TEST_STEP][PASSED] - Statement - counter = counter + 1: null

2019-01-03 12:46:23 - [TEST_STEP][PASSED] - Statement - PreSaveFile = new java.io.File(((pathPrefix + java.lang.Integer.toString(counter)) + .png)): null

2019-01-03 12:46:23 - [TEST_STEP][PASSED] - Statement - counter = counter + 1: null

2019-01-03 12:46:23 - [TEST_STEP][PASSED] - Statement - PreSaveFile = new java.io.File(((pathPrefix + java.lang.Integer.toString(counter)) + .png)): null

2019-01-03 12:46:23 - [TEST_STEP][PASSED] - Statement - counter = counter + 1: null

2019-01-03 12:46:23 - [TEST_STEP][PASSED] - Statement - PreSaveFile = new java.io.File(((pathPrefix + java.lang.Integer.toString(counter)) + .png)): null

2019-01-03 12:46:23 - [TEST_STEP][PASSED] - Statement - counter = counter + 1: null

2019-01-03 12:46:23 - [TEST_STEP][PASSED] - Statement - PreSaveFile = new java.io.File(((pathPrefix + java.lang.Integer.toString(counter)) + .png)): null

2019-01-03 12:46:23 - [TEST_STEP][PASSED] - Statement - counter = counter + 1: null

2019-01-03 12:46:23 - [TEST_STEP][PASSED] - Statement - PreSaveFile = new java.io.File(((pathPrefix + java.lang.Integer.toString(counter)) + .png)): null

2019-01-03 12:46:23 - [TEST_STEP][PASSED] - Statement - counter = counter + 1: null

2019-01-03 12:46:23 - [TEST_STEP][PASSED] - Statement - PreSaveFile = new java.io.File(((pathPrefix + java.lang.Integer.toString(counter)) + .png)): null

2019-01-03 12:46:23 - [TEST_STEP][PASSED] - Statement - counter = counter + 1: null

2019-01-03 12:46:23 - [TEST_STEP][PASSED] - Statement - PreSaveFile = new java.io.File(((pathPrefix + java.lang.Integer.toString(counter)) + .png)): null

2019-01-03 12:46:23 - [TEST_STEP][PASSED] - Statement - counter = counter + 1: null

2019-01-03 12:46:23 - [TEST_STEP][PASSED] - Statement - PreSaveFile = new java.io.File(((pathPrefix + java.lang.Integer.toString(counter)) + .png)): null

2019-01-03 12:46:23 - [TEST_STEP][PASSED] - Statement - counter = counter + 1: null

2019-01-03 12:46:23 - [TEST_STEP][PASSED] - Statement - PreSaveFile = new java.io.File(((pathPrefix + java.lang.Integer.toString(counter)) + .png)): null

2019-01-03 12:46:23 - [TEST_STEP][PASSED] - Statement - counter = counter + 1: null

2019-01-03 12:46:23 - [TEST_STEP][PASSED] - Statement - PreSaveFile = new java.io.File(((pathPrefix + java.lang.Integer.toString(counter)) + .png)): null

2019-01-03 12:46:23 - [TEST_STEP][PASSED] - Statement - counter = counter + 1: null

2019-01-03 12:46:23 - [TEST_STEP][PASSED] - Statement - PreSaveFile = new java.io.File(((pathPrefix + java.lang.Integer.toString(counter)) + .png)): null

2019-01-03 12:46:23 - [TEST_STEP][PASSED] - Statement - counter = counter + 1: null

2019-01-03 12:46:23 - [TEST_STEP][PASSED] - Statement - PreSaveFile = new java.io.File(((pathPrefix + java.lang.Integer.toString(counter)) + .png)): null

2019-01-03 12:46:23 - [TEST_STEP][PASSED] - Statement - counter = counter + 1: null

2019-01-03 12:46:23 - [TEST_STEP][PASSED] - Statement - PreSaveFile = new java.io.File(((pathPrefix + java.lang.Integer.toString(counter)) + .png)): null

2019-01-03 12:46:23 - [TEST_STEP][PASSED] - Statement - counter = counter + 1: null

2019-01-03 12:46:23 - [TEST_STEP][PASSED] - Statement - PreSaveFile = new java.io.File(((pathPrefix + java.lang.Integer.toString(counter)) + .png)): null

2019-01-03 12:46:23 - [TEST_STEP][PASSED] - Statement - counter = counter + 1: null

2019-01-03 12:46:23 - [TEST_STEP][PASSED] - Statement - PreSaveFile = new java.io.File(((pathPrefix + java.lang.Integer.toString(counter)) + .png)): null

2019-01-03 12:46:23 - [TEST_STEP][PASSED] - Statement - counter = counter + 1: null

2019-01-03 12:46:23 - [TEST_STEP][PASSED] - Statement - PreSaveFile = new java.io.File(((pathPrefix + java.lang.Integer.toString(counter)) + .png)): null

2019-01-03 12:46:23 - [TEST_STEP][PASSED] - Statement - counter = counter + 1: null

2019-01-03 12:46:23 - [TEST_STEP][PASSED] - Statement - PreSaveFile = new java.io.File(((pathPrefix + java.lang.Integer.toString(counter)) + .png)): null

2019-01-03 12:46:23 - [TEST_STEP][PASSED] - Statement - counter = counter + 1: null

2019-01-03 12:46:23 - [TEST_STEP][PASSED] - Statement - PreSaveFile = new java.io.File(((pathPrefix + java.lang.Integer.toString(counter)) + .png)): null

2019-01-03 12:46:23 - [TEST_STEP][PASSED] - Statement - counter = counter + 1: null

2019-01-03 12:46:23 - [TEST_STEP][PASSED] - Statement - PreSaveFile = new java.io.File(((pathPrefix + java.lang.Integer.toString(counter)) + .png)): null

2019-01-03 12:46:23 - [TEST_STEP][PASSED] - Statement - counter = counter + 1: null

2019-01-03 12:46:23 - [TEST_STEP][PASSED] - Statement - PreSaveFile = new java.io.File(((pathPrefix + java.lang.Integer.toString(counter)) + .png)): null

2019-01-03 12:46:23 - [TEST_STEP][PASSED] - Statement - counter = counter + 1: null

2019-01-03 12:46:23 - [TEST_STEP][PASSED] - Statement - PreSaveFile = new java.io.File(((pathPrefix + java.lang.Integer.toString(counter)) + .png)): null

2019-01-03 12:46:23 - [TEST_STEP][PASSED] - Statement - counter = counter + 1: null

2019-01-03 12:46:23 - [TEST_STEP][PASSED] - Statement - PreSaveFile = new java.io.File(((pathPrefix + java.lang.Integer.toString(counter)) + .png)): null

2019-01-03 12:46:23 - [TEST_STEP][PASSED] - Statement - counter = counter + 1: null

2019-01-03 12:46:23 - [TEST_STEP][PASSED] - Statement - PreSaveFile = new java.io.File(((pathPrefix + java.lang.Integer.toString(counter)) + .png)): null

2019-01-03 12:46:23 - [TEST_STEP][PASSED] - Statement - counter = counter + 1: null

2019-01-03 12:46:23 - [TEST_STEP][PASSED] - Statement - PreSaveFile = new java.io.File(((pathPrefix + java.lang.Integer.toString(counter)) + .png)): null

2019-01-03 12:46:23 - [TEST_STEP][PASSED] - Statement - counter = counter + 1: null

2019-01-03 12:46:23 - [TEST_STEP][PASSED] - Statement - PreSaveFile = new java.io.File(((pathPrefix + java.lang.Integer.toString(counter)) + .png)): null

2019-01-03 12:46:23 - [TEST_STEP][PASSED] - Statement - counter = counter + 1: null

2019-01-03 12:46:23 - [TEST_STEP][PASSED] - Statement - PreSaveFile = new java.io.File(((pathPrefix + java.lang.Integer.toString(counter)) + .png)): null

2019-01-03 12:46:23 - [TEST_STEP][PASSED] - Statement - counter = counter + 1: null

2019-01-03 12:46:23 - [TEST_STEP][PASSED] - Statement - PreSaveFile = new java.io.File(((pathPrefix + java.lang.Integer.toString(counter)) + .png)): null

2019-01-03 12:46:23 - [TEST_STEP][PASSED] - Statement - counter = counter + 1: null

2019-01-03 12:46:23 - [TEST_STEP][PASSED] - Statement - PreSaveFile = new java.io.File(((pathPrefix + java.lang.Integer.toString(counter)) + .png)): null

2019-01-03 12:46:23 - [TEST_STEP][PASSED] - Statement - counter = counter + 1: null

2019-01-03 12:46:23 - [TEST_STEP][PASSED] - Statement - PreSaveFile = new java.io.File(((pathPrefix + java.lang.Integer.toString(counter)) + .png)): null

2019-01-03 12:46:23 - [TEST_STEP][PASSED] - Statement - counter = counter + 1: null

2019-01-03 12:46:23 - [TEST_STEP][PASSED] - Statement - PreSaveFile = new java.io.File(((pathPrefix + java.lang.Integer.toString(counter)) + .png)): null

2019-01-03 12:46:23 - [TEST_STEP][PASSED] - Statement - counter = counter + 1: null

2019-01-03 12:46:23 - [TEST_STEP][PASSED] - Statement - PreSaveFile = new java.io.File(((pathPrefix + java.lang.Integer.toString(counter)) + .png)): null

2019-01-03 12:46:23 - [TEST_STEP][PASSED] - Statement - counter = counter + 1: null

2019-01-03 12:46:23 - [TEST_STEP][PASSED] - Statement - PreSaveFile = new java.io.File(((pathPrefix + java.lang.Integer.toString(counter)) + .png)): null

2019-01-03 12:46:23 - [TEST_STEP][PASSED] - Statement - counter = counter + 1: null

2019-01-03 12:46:23 - [TEST_STEP][PASSED] - Statement - PreSaveFile = new java.io.File(((pathPrefix + java.lang.Integer.toString(counter)) + .png)): null

2019-01-03 12:46:23 - [TEST_STEP][PASSED] - Statement - counter = counter + 1: null

2019-01-03 12:46:23 - [TEST_STEP][PASSED] - Statement - PreSaveFile = new java.io.File(((pathPrefix + java.lang.Integer.toString(counter)) + .png)): null

2019-01-03 12:46:23 - [TEST_STEP][PASSED] - Statement - counter = counter + 1: null

2019-01-03 12:46:23 - [TEST_STEP][PASSED] - Statement - PreSaveFile = new java.io.File(((pathPrefix + java.lang.Integer.toString(counter)) + .png)): null

2019-01-03 12:46:23 - [TEST_STEP][PASSED] - Statement - counter = counter + 1: null

2019-01-03 12:46:23 - [TEST_STEP][PASSED] - Statement - PreSaveFile = new java.io.File(((pathPrefix + java.lang.Integer.toString(counter)) + .png)): null

2019-01-03 12:46:23 - [TEST_STEP][PASSED] - Statement - counter = counter + 1: null

2019-01-03 12:46:23 - [TEST_STEP][PASSED] - Statement - PreSaveFile = new java.io.File(((pathPrefix + java.lang.Integer.toString(counter)) + .png)): null

2019-01-03 12:46:23 - [TEST_STEP][PASSED] - Statement - counter = counter + 1: null

2019-01-03 12:46:23 - [TEST_STEP][PASSED] - Statement - PreSaveFile = new java.io.File(((pathPrefix + java.lang.Integer.toString(counter)) + .png)): null

2019-01-03 12:46:23 - [TEST_STEP][PASSED] - Statement - counter = counter + 1: null

2019-01-03 12:46:23 - [TEST_STEP][PASSED] - Statement - PreSaveFile = new java.io.File(((pathPrefix + java.lang.Integer.toString(counter)) + .png)): null

2019-01-03 12:46:23 - [TEST_STEP][PASSED] - Statement - counter = counter + 1: null

2019-01-03 12:46:23 - [TEST_STEP][PASSED] - Statement - PreSaveFile = new java.io.File(((pathPrefix + java.lang.Integer.toString(counter)) + .png)): null

2019-01-03 12:46:23 - [TEST_STEP][PASSED] - Statement - counter = counter + 1: null

2019-01-03 12:46:23 - [TEST_STEP][PASSED] - Statement - PreSaveFile = new java.io.File(((pathPrefix + java.lang.Integer.toString(counter)) + .png)): null

2019-01-03 12:46:23 - [TEST_STEP][PASSED] - Statement - counter = counter + 1: null

2019-01-03 12:46:23 - [TEST_STEP][PASSED] - Statement - PreSaveFile = new java.io.File(((pathPrefix + java.lang.Integer.toString(counter)) + .png)): null

2019-01-03 12:46:23 - [TEST_STEP][PASSED] - Statement - counter = counter + 1: null

2019-01-03 12:46:23 - [TEST_STEP][PASSED] - Statement - PreSaveFile = new java.io.File(((pathPrefix + java.lang.Integer.toString(counter)) + .png)): null

2019-01-03 12:46:23 - [TEST_STEP][PASSED] - Statement - counter = counter + 1: null

2019-01-03 12:46:23 - [TEST_STEP][PASSED] - Statement - PreSaveFile = new java.io.File(((pathPrefix + java.lang.Integer.toString(counter)) + .png)): null

2019-01-03 12:46:23 - [TEST_STEP][PASSED] - Statement - counter = counter + 1: null

2019-01-03 12:46:23 - [TEST_STEP][PASSED] - Statement - PreSaveFile = new java.io.File(((pathPrefix + java.lang.Integer.toString(counter)) + .png)): null

2019-01-03 12:46:23 - [TEST_STEP][PASSED] - Statement - counter = counter + 1: null

2019-01-03 12:46:23 - [TEST_STEP][PASSED] - Statement - PreSaveFile = new java.io.File(((pathPrefix + java.lang.Integer.toString(counter)) + .png)): null

2019-01-03 12:46:23 - [TEST_STEP][PASSED] - Statement - counter = counter + 1: null

2019-01-03 12:46:23 - [TEST_STEP][PASSED] - Statement - PreSaveFile = new java.io.File(((pathPrefix + java.lang.Integer.toString(counter)) + .png)): null

2019-01-03 12:46:23 - [TEST_STEP][PASSED] - Statement - counter = counter + 1: null

2019-01-03 12:46:23 - [TEST_STEP][PASSED] - Statement - PreSaveFile = new java.io.File(((pathPrefix + java.lang.Integer.toString(counter)) + .png)): null

2019-01-03 12:46:23 - [TEST_STEP][PASSED] - Statement - counter = counter + 1: null

2019-01-03 12:46:23 - [TEST_STEP][PASSED] - Statement - PreSaveFile = new java.io.File(((pathPrefix + java.lang.Integer.toString(counter)) + .png)): null

2019-01-03 12:46:23 - [TEST_STEP][PASSED] - Statement - counter = counter + 1: null

2019-01-03 12:46:23 - [TEST_STEP][PASSED] - Statement - PreSaveFile = new java.io.File(((pathPrefix + java.lang.Integer.toString(counter)) + .png)): null

2019-01-03 12:46:23 - [TEST_STEP][PASSED] - Statement - counter = counter + 1: null

2019-01-03 12:46:23 - [TEST_STEP][PASSED] - Statement - PreSaveFile = new java.io.File(((pathPrefix + java.lang.Integer.toString(counter)) + .png)): null

2019-01-03 12:46:23 - [TEST_STEP][PASSED] - Statement - counter = counter + 1: null

2019-01-03 12:46:23 - [TEST_STEP][PASSED] - Statement - PreSaveFile = new java.io.File(((pathPrefix + java.lang.Integer.toString(counter)) + .png)): null

2019-01-03 12:46:23 - [TEST_STEP][PASSED] - Statement - counter = counter + 1: null

2019-01-03 12:46:23 - [TEST_STEP][PASSED] - Statement - PreSaveFile = new java.io.File(((pathPrefix + java.lang.Integer.toString(counter)) + .png)): null

2019-01-03 12:46:23 - [TEST_STEP][PASSED] - Statement - counter = counter + 1: null

2019-01-03 12:46:23 - [TEST_STEP][PASSED] - Statement - PreSaveFile = new java.io.File(((pathPrefix + java.lang.Integer.toString(counter)) + .png)): null

2019-01-03 12:46:23 - [TEST_STEP][PASSED] - Statement - counter = counter + 1: null

2019-01-03 12:46:23 - [TEST_STEP][PASSED] - Statement - PreSaveFile = new java.io.File(((pathPrefix + java.lang.Integer.toString(counter)) + .png)): null

2019-01-03 12:46:23 - [TEST_STEP][PASSED] - Statement - counter = counter + 1: null

2019-01-03 12:46:23 - [TEST_STEP][PASSED] - Statement - PreSaveFile = new java.io.File(((pathPrefix + java.lang.Integer.toString(counter)) + .png)): null

2019-01-03 12:46:23 - [TEST_STEP][PASSED] - Statement - counter = counter + 1: null

2019-01-03 12:46:23 - [TEST_STEP][PASSED] - Statement - PreSaveFile = new java.io.File(((pathPrefix + java.lang.Integer.toString(counter)) + .png)): null

2019-01-03 12:46:23 - [TEST_STEP][PASSED] - Statement - counter = counter + 1: null

2019-01-03 12:46:23 - [TEST_STEP][PASSED] - Statement - PreSaveFile = new java.io.File(((pathPrefix + java.lang.Integer.toString(counter)) + .png)): null

2019-01-03 12:46:23 - [TEST_STEP][PASSED] - Statement - counter = counter + 1: null

2019-01-03 12:46:23 - [TEST_STEP][PASSED] - Statement - PreSaveFile = new java.io.File(((pathPrefix + java.lang.Integer.toString(counter)) + .png)): null

2019-01-03 12:46:23 - [TEST_STEP][PASSED] - Statement - counter = counter + 1: null

2019-01-03 12:46:23 - [TEST_STEP][PASSED] - Statement - PreSaveFile = new java.io.File(((pathPrefix + java.lang.Integer.toString(counter)) + .png)): null

2019-01-03 12:46:23 - [TEST_STEP][PASSED] - Statement - counter = counter + 1: null

2019-01-03 12:46:23 - [TEST_STEP][PASSED] - Statement - PreSaveFile = new java.io.File(((pathPrefix + java.lang.Integer.toString(counter)) + .png)): null

2019-01-03 12:46:23 - [TEST_STEP][PASSED] - Statement - counter = counter + 1: null

2019-01-03 12:46:23 - [TEST_STEP][PASSED] - Statement - PreSaveFile = new java.io.File(((pathPrefix + java.lang.Integer.toString(counter)) + .png)): null

2019-01-03 12:46:23 - [TEST_STEP][PASSED] - Statement - counter = counter + 1: null

2019-01-03 12:46:23 - [TEST_STEP][PASSED] - Statement - PreSaveFile = new java.io.File(((pathPrefix + java.lang.Integer.toString(counter)) + .png)): null

2019-01-03 12:46:23 - [TEST_STEP][PASSED] - Statement - counter = counter + 1: null

2019-01-03 12:46:23 - [TEST_STEP][PASSED] - Statement - PreSaveFile = new java.io.File(((pathPrefix + java.lang.Integer.toString(counter)) + .png)): null

2019-01-03 12:46:23 - [TEST_STEP][PASSED] - Statement - counter = counter + 1: null

2019-01-03 12:46:23 - [TEST_STEP][PASSED] - Statement - PreSaveFile = new java.io.File(((pathPrefix + java.lang.Integer.toString(counter)) + .png)): null

2019-01-03 12:46:23 - [TEST_STEP][PASSED] - Statement - counter = counter + 1: null

2019-01-03 12:46:23 - [TEST_STEP][PASSED] - Statement - PreSaveFile = new java.io.File(((pathPrefix + java.lang.Integer.toString(counter)) + .png)): null

2019-01-03 12:46:23 - [TEST_STEP][PASSED] - Statement - counter = counter + 1: null

2019-01-03 12:46:23 - [TEST_STEP][PASSED] - Statement - PreSaveFile = new java.io.File(((pathPrefix + java.lang.Integer.toString(counter)) + .png)): null

2019-01-03 12:46:23 - [TEST_STEP][PASSED] - Statement - counter = counter + 1: null

2019-01-03 12:46:23 - [TEST_STEP][PASSED] - Statement - PreSaveFile = new java.io.File(((pathPrefix + java.lang.Integer.toString(counter)) + .png)): null

2019-01-03 12:46:23 - [TEST_STEP][PASSED] - Statement - counter = counter + 1: null

2019-01-03 12:46:23 - [TEST_STEP][PASSED] - Statement - PreSaveFile = new java.io.File(((pathPrefix + java.lang.Integer.toString(counter)) + .png)): null

2019-01-03 12:46:23 - [TEST_STEP][PASSED] - Statement - counter = counter + 1: null

2019-01-03 12:46:23 - [TEST_STEP][PASSED] - Statement - PreSaveFile = new java.io.File(((pathPrefix + java.lang.Integer.toString(counter)) + .png)): null

2019-01-03 12:46:23 - [TEST_STEP][PASSED] - Statement - counter = counter + 1: null

2019-01-03 12:46:23 - [TEST_STEP][PASSED] - Statement - PreSaveFile = new java.io.File(((pathPrefix + java.lang.Integer.toString(counter)) + .png)): null

2019-01-03 12:46:23 - [TEST_STEP][PASSED] - Statement - counter = counter + 1: null

2019-01-03 12:46:23 - [TEST_STEP][PASSED] - Statement - PreSaveFile = new java.io.File(((pathPrefix + java.lang.Integer.toString(counter)) + .png)): null

2019-01-03 12:46:23 - [TEST_STEP][PASSED] - Statement - counter = counter + 1: null

2019-01-03 12:46:23 - [TEST_STEP][PASSED] - Statement - PreSaveFile = new java.io.File(((pathPrefix + java.lang.Integer.toString(counter)) + .png)): null

2019-01-03 12:46:23 - [TEST_STEP][PASSED] - Statement - counter = counter + 1: null

2019-01-03 12:46:23 - [TEST_STEP][PASSED] - Statement - PreSaveFile = new java.io.File(((pathPrefix + java.lang.Integer.toString(counter)) + .png)): null

2019-01-03 12:46:23 - [TEST_STEP][PASSED] - Statement - counter = counter + 1: null

2019-01-03 12:46:23 - [TEST_STEP][PASSED] - Statement - PreSaveFile = new java.io.File(((pathPrefix + java.lang.Integer.toString(counter)) + .png)): null

2019-01-03 12:46:23 - [TEST_STEP][PASSED] - Statement - counter = counter + 1: null

2019-01-03 12:46:23 - [TEST_STEP][PASSED] - Statement - PreSaveFile = new java.io.File(((pathPrefix + java.lang.Integer.toString(counter)) + .png)): null

2019-01-03 12:46:23 - [TEST_STEP][PASSED] - Statement - counter = counter + 1: null

2019-01-03 12:46:23 - [TEST_STEP][PASSED] - Statement - PreSaveFile = new java.io.File(((pathPrefix + java.lang.Integer.toString(counter)) + .png)): null

2019-01-03 12:46:23 - [TEST_STEP][PASSED] - Statement - counter = counter + 1: null

2019-01-03 12:46:23 - [TEST_STEP][PASSED] - Statement - PreSaveFile = new java.io.File(((pathPrefix + java.lang.Integer.toString(counter)) + .png)): null

2019-01-03 12:46:23 - [TEST_STEP][PASSED] - Statement - counter = counter + 1: null

2019-01-03 12:46:23 - [TEST_STEP][PASSED] - Statement - PreSaveFile = new java.io.File(((pathPrefix + java.lang.Integer.toString(counter)) + .png)): null

2019-01-03 12:46:23 - [TEST_STEP][PASSED] - Statement - counter = counter + 1: null

2019-01-03 12:46:23 - [TEST_STEP][PASSED] - Statement - PreSaveFile = new java.io.File(((pathPrefix + java.lang.Integer.toString(counter)) + .png)): null

2019-01-03 12:46:23 - [TEST_STEP][PASSED] - Statement - counter = counter + 1: null

2019-01-03 12:46:23 - [TEST_STEP][PASSED] - Statement - PreSaveFile = new java.io.File(((pathPrefix + java.lang.Integer.toString(counter)) + .png)): null

2019-01-03 12:46:23 - [TEST_STEP][PASSED] - Statement - counter = counter + 1: null

2019-01-03 12:46:23 - [TEST_STEP][PASSED] - Statement - PreSaveFile = new java.io.File(((pathPrefix + java.lang.Integer.toString(counter)) + .png)): null

2019-01-03 12:46:23 - [TEST_STEP][PASSED] - Statement - counter = counter + 1: null

2019-01-03 12:46:23 - [TEST_STEP][PASSED] - Statement - PreSaveFile = new java.io.File(((pathPrefix + java.lang.Integer.toString(counter)) + .png)): null

2019-01-03 12:46:23 - [TEST_STEP][PASSED] - Statement - counter = counter + 1: null

2019-01-03 12:46:23 - [TEST_STEP][PASSED] - Statement - PreSaveFile = new java.io.File(((pathPrefix + java.lang.Integer.toString(counter)) + .png)): null

2019-01-03 12:46:23 - [TEST_STEP][PASSED] - Statement - counter = counter + 1: null

2019-01-03 12:46:23 - [TEST_STEP][PASSED] - Statement - PreSaveFile = new java.io.File(((pathPrefix + java.lang.Integer.toString(counter)) + .png)): null

2019-01-03 12:46:23 - [TEST_STEP][PASSED] - Statement - counter = counter + 1: null

2019-01-03 12:46:23 - [TEST_STEP][PASSED] - Statement - PreSaveFile = new java.io.File(((pathPrefix + java.lang.Integer.toString(counter)) + .png)): null

2019-01-03 12:46:23 - [TEST_STEP][PASSED] - Statement - counter = counter + 1: null

2019-01-03 12:46:23 - [TEST_STEP][PASSED] - Statement - PreSaveFile = new java.io.File(((pathPrefix + java.lang.Integer.toString(counter)) + .png)): null

2019-01-03 12:46:23 - [TEST_STEP][PASSED] - Statement - counter = counter + 1: null

2019-01-03 12:46:23 - [TEST_STEP][PASSED] - Statement - PreSaveFile = new java.io.File(((pathPrefix + java.lang.Integer.toString(counter)) + .png)): null

2019-01-03 12:46:23 - [TEST_STEP][PASSED] - Statement - counter = counter + 1: null

2019-01-03 12:46:23 - [TEST_STEP][PASSED] - Statement - PreSaveFile = new java.io.File(((pathPrefix + java.lang.Integer.toString(counter)) + .png)): null

2019-01-03 12:46:23 - [TEST_STEP][PASSED] - Statement - counter = counter + 1: null

2019-01-03 12:46:23 - [TEST_STEP][PASSED] - Statement - PreSaveFile = new java.io.File(((pathPrefix + java.lang.Integer.toString(counter)) + .png)): null

2019-01-03 12:46:23 - [TEST_STEP][PASSED] - Statement - counter = counter + 1: null

2019-01-03 12:46:23 - [TEST_STEP][PASSED] - Statement - PreSaveFile = new java.io.File(((pathPrefix + java.lang.Integer.toString(counter)) + .png)): null

2019-01-03 12:46:23 - [TEST_STEP][PASSED] - Statement - counter = counter + 1: null

2019-01-03 12:46:23 - [TEST_STEP][PASSED] - Statement - PreSaveFile = new java.io.File(((pathPrefix + java.lang.Integer.toString(counter)) + .png)): null

2019-01-03 12:46:23 - [TEST_STEP][PASSED] - Statement - counter = counter + 1: null

2019-01-03 12:46:23 - [TEST_STEP][PASSED] - Statement - PreSaveFile = new java.io.File(((pathPrefix + java.lang.Integer.toString(counter)) + .png)): null

2019-01-03 12:46:23 - [TEST_STEP][PASSED] - Statement - counter = counter + 1: null

2019-01-03 12:46:23 - [TEST_STEP][PASSED] - Statement - PreSaveFile = new java.io.File(((pathPrefix + java.lang.Integer.toString(counter)) + .png)): null

2019-01-03 12:46:23 - [TEST_STEP][PASSED] - Statement - counter = counter + 1: null

2019-01-03 12:46:23 - [TEST_STEP][PASSED] - Statement - PreSaveFile = new java.io.File(((pathPrefix + java.lang.Integer.toString(counter)) + .png)): null

2019-01-03 12:46:23 - [TEST_STEP][PASSED] - Statement - counter = counter + 1: null

2019-01-03 12:46:23 - [TEST_STEP][PASSED] - Statement - PreSaveFile = new java.io.File(((pathPrefix + java.lang.Integer.toString(counter)) + .png)): null

2019-01-03 12:46:23 - [TEST_STEP][PASSED] - Statement - counter = counter + 1: null

2019-01-03 12:46:23 - [TEST_STEP][PASSED] - Statement - PreSaveFile = new java.io.File(((pathPrefix + java.lang.Integer.toString(counter)) + .png)): null

2019-01-03 12:46:23 - [TEST_STEP][PASSED] - Statement - counter = counter + 1: null

2019-01-03 12:46:23 - [TEST_STEP][PASSED] - Statement - PreSaveFile = new java.io.File(((pathPrefix + java.lang.Integer.toString(counter)) + .png)): null

2019-01-03 12:46:23 - [TEST_STEP][PASSED] - Statement - counter = counter + 1: null

2019-01-03 12:46:23 - [TEST_STEP][PASSED] - Statement - PreSaveFile = new java.io.File(((pathPrefix + java.lang.Integer.toString(counter)) + .png)): null

2019-01-03 12:46:23 - [TEST_STEP][PASSED] - Statement - counter = counter + 1: null

2019-01-03 12:46:23 - [TEST_STEP][PASSED] - Statement - PreSaveFile = new java.io.File(((pathPrefix + java.lang.Integer.toString(counter)) + .png)): null

2019-01-03 12:46:23 - [TEST_STEP][PASSED] - Statement - counter = counter + 1: null

2019-01-03 12:46:23 - [TEST_STEP][PASSED] - Statement - PreSaveFile = new java.io.File(((pathPrefix + java.lang.Integer.toString(counter)) + .png)): null

2019-01-03 12:46:23 - [TEST_STEP][PASSED] - Statement - counter = counter + 1: null

2019-01-03 12:46:23 - [TEST_STEP][PASSED] - Statement - PreSaveFile = new java.io.File(((pathPrefix + java.lang.Integer.toString(counter)) + .png)): null

2019-01-03 12:46:23 - [TEST_STEP][PASSED] - Statement - counter = counter + 1: null

2019-01-03 12:46:23 - [TEST_STEP][PASSED] - Statement - PreSaveFile = new java.io.File(((pathPrefix + java.lang.Integer.toString(counter)) + .png)): null

2019-01-03 12:46:23 - [TEST_STEP][PASSED] - Statement - counter = counter + 1: null

2019-01-03 12:46:23 - [TEST_STEP][PASSED] - Statement - PreSaveFile = new java.io.File(((pathPrefix + java.lang.Integer.toString(counter)) + .png)): null

2019-01-03 12:46:23 - [TEST_STEP][PASSED] - Statement - counter = counter + 1: null

2019-01-03 12:46:23 - [TEST_STEP][PASSED] - Statement - PreSaveFile = new java.io.File(((pathPrefix + java.lang.Integer.toString(counter)) + .png)): null

2019-01-03 12:46:23 - [TEST_STEP][PASSED] - Statement - counter = counter + 1: null

2019-01-03 12:46:23 - [TEST_STEP][PASSED] - Statement - PreSaveFile = new java.io.File(((pathPrefix + java.lang.Integer.toString(counter)) + .png)): null

2019-01-03 12:46:23 - [TEST_STEP][PASSED] - Statement - counter = counter + 1: null

2019-01-03 12:46:23 - [TEST_STEP][PASSED] - Statement - PreSaveFile = new java.io.File(((pathPrefix + java.lang.Integer.toString(counter)) + .png)): null

2019-01-03 12:46:23 - [TEST_STEP][PASSED] - Statement - counter = counter + 1: null

2019-01-03 12:46:23 - [TEST_STEP][PASSED] - Statement - PreSaveFile = new java.io.File(((pathPrefix + java.lang.Integer.toString(counter)) + .png)): null

2019-01-03 12:46:23 - [TEST_STEP][PASSED] - Statement - counter = counter + 1: null

2019-01-03 12:46:23 - [TEST_STEP][PASSED] - Statement - PreSaveFile = new java.io.File(((pathPrefix + java.lang.Integer.toString(counter)) + .png)): null

2019-01-03 12:46:23 - [TEST_STEP][PASSED] - Statement - counter = counter + 1: null

2019-01-03 12:46:23 - [TEST_STEP][PASSED] - Statement - PreSaveFile = new java.io.File(((pathPrefix + java.lang.Integer.toString(counter)) + .png)): null

2019-01-03 12:46:23 - [TEST_STEP][PASSED] - Statement - counter = counter + 1: null

2019-01-03 12:46:23 - [TEST_STEP][PASSED] - Statement - PreSaveFile = new java.io.File(((pathPrefix + java.lang.Integer.toString(counter)) + .png)): null

2019-01-03 12:46:23 - [TEST_STEP][PASSED] - Statement - counter = counter + 1: null

2019-01-03 12:46:23 - [TEST_STEP][PASSED] - Statement - PreSaveFile = new java.io.File(((pathPrefix + java.lang.Integer.toString(counter)) + .png)): null

2019-01-03 12:46:23 - [TEST_STEP][PASSED] - Statement - counter = counter + 1: null

2019-01-03 12:46:23 - [TEST_STEP][PASSED] - Statement - PreSaveFile = new java.io.File(((pathPrefix + java.lang.Integer.toString(counter)) + .png)): null

2019-01-03 12:46:23 - [TEST_STEP][PASSED] - Statement - counter = counter + 1: null

2019-01-03 12:46:23 - [TEST_STEP][PASSED] - Statement - PreSaveFile = new java.io.File(((pathPrefix + java.lang.Integer.toString(counter)) + .png)): null

2019-01-03 12:46:23 - [TEST_STEP][PASSED] - Statement - counter = counter + 1: null

2019-01-03 12:46:23 - [TEST_STEP][PASSED] - Statement - PreSaveFile = new java.io.File(((pathPrefix + java.lang.Integer.toString(counter)) + .png)): null

2019-01-03 12:46:23 - [TEST_STEP][PASSED] - Statement - counter = counter + 1: null

2019-01-03 12:46:23 - [TEST_STEP][PASSED] - Statement - PreSaveFile = new java.io.File(((pathPrefix + java.lang.Integer.toString(counter)) + .png)): null

2019-01-03 12:46:23 - [TEST_STEP][PASSED] - Statement - counter = counter + 1: null

2019-01-03 12:46:23 - [TEST_STEP][PASSED] - Statement - PreSaveFile = new java.io.File(((pathPrefix + java.lang.Integer.toString(counter)) + .png)): null

2019-01-03 12:46:23 - [TEST_STEP][PASSED] - Statement - counter = counter + 1: null

2019-01-03 12:46:23 - [TEST_STEP][PASSED] - Statement - PreSaveFile = new java.io.File(((pathPrefix + java.lang.Integer.toString(counter)) + .png)): null

2019-01-03 12:46:23 - [TEST_STEP][PASSED] - Statement - counter = counter + 1: null

2019-01-03 12:46:23 - [TEST_STEP][PASSED] - Statement - PreSaveFile = new java.io.File(((pathPrefix + java.lang.Integer.toString(counter)) + .png)): null

2019-01-03 12:46:23 - [TEST_STEP][PASSED] - Statement - counter = counter + 1: null

2019-01-03 12:46:23 - [TEST_STEP][PASSED] - Statement - PreSaveFile = new java.io.File(((pathPrefix + java.lang.Integer.toString(counter)) + .png)): null

2019-01-03 12:46:23 - [TEST_STEP][PASSED] - Statement - counter = counter + 1: null

2019-01-03 12:46:23 - [TEST_STEP][PASSED] - Statement - PreSaveFile = new java.io.File(((pathPrefix + java.lang.Integer.toString(counter)) + .png)): null

2019-01-03 12:46:23 - [TEST_STEP][PASSED] - Statement - counter = counter + 1: null

2019-01-03 12:46:23 - [TEST_STEP][PASSED] - Statement - PreSaveFile = new java.io.File(((pathPrefix + java.lang.Integer.toString(counter)) + .png)): null

2019-01-03 12:46:23 - [TEST_STEP][PASSED] - Statement - counter = counter + 1: null

2019-01-03 12:46:23 - [TEST_STEP][PASSED] - Statement - PreSaveFile = new java.io.File(((pathPrefix + java.lang.Integer.toString(counter)) + .png)): null

2019-01-03 12:46:23 - [TEST_STEP][PASSED] - Statement - counter = counter + 1: null

2019-01-03 12:46:23 - [TEST_STEP][PASSED] - Statement - PreSaveFile = new java.io.File(((pathPrefix + java.lang.Integer.toString(counter)) + .png)): null

2019-01-03 12:46:23 - [TEST_STEP][PASSED] - Statement - counter = counter + 1: null

2019-01-03 12:46:23 - [TEST_STEP][PASSED] - Statement - PreSaveFile = new java.io.File(((pathPrefix + java.lang.Integer.toString(counter)) + .png)): null

2019-01-03 12:46:23 - [TEST_STEP][PASSED] - Statement - counter = counter + 1: null

2019-01-03 12:46:23 - [TEST_STEP][PASSED] - Statement - PreSaveFile = new java.io.File(((pathPrefix + java.lang.Integer.toString(counter)) + .png)): null

2019-01-03 12:46:23 - [TEST_STEP][PASSED] - Statement - counter = counter + 1: null

2019-01-03 12:46:23 - [TEST_STEP][PASSED] - Statement - PreSaveFile = new java.io.File(((pathPrefix + java.lang.Integer.toString(counter)) + .png)): null

2019-01-03 12:46:23 - [TEST_STEP][PASSED] - Statement - counter = counter + 1: null

2019-01-03 12:46:23 - [TEST_STEP][PASSED] - Statement - PreSaveFile = new java.io.File(((pathPrefix + java.lang.Integer.toString(counter)) + .png)): null

2019-01-03 12:46:23 - [TEST_STEP][PASSED] - Statement - counter = counter + 1: null

2019-01-03 12:46:23 - [TEST_STEP][PASSED] - Statement - PreSaveFile = new java.io.File(((pathPrefix + java.lang.Integer.toString(counter)) + .png)): null

2019-01-03 12:46:23 - [TEST_STEP][PASSED] - Statement - counter = counter + 1: null

2019-01-03 12:46:23 - [TEST_STEP][PASSED] - Statement - PreSaveFile = new java.io.File(((pathPrefix + java.lang.Integer.toString(counter)) + .png)): null

2019-01-03 12:46:23 - [TEST_STEP][PASSED] - Statement - counter = counter + 1: null

2019-01-03 12:46:23 - [TEST_STEP][PASSED] - Statement - PreSaveFile = new java.io.File(((pathPrefix + java.lang.Integer.toString(counter)) + .png)): null

2019-01-03 12:46:23 - [TEST_STEP][PASSED] - Statement - counter = counter + 1: null

2019-01-03 12:46:24 - [TEST_STEP][PASSED] - Statement - PreSaveFile = new java.io.File(((pathPrefix + java.lang.Integer.toString(counter)) + .png)): null

2019-01-03 12:46:24 - [TEST_STEP][PASSED] - Statement - finalPath = pathPrefix + java.lang.Integer.toString(counter) + ".png": null

2019-01-03 12:46:24 - [TEST_STEP][PASSED] - Statement - SaveFile = new java.io.File(finalPath): null

2019-01-03 12:46:24 - [TEST_STEP][PASSED] - Statement - Try: null

2019-01-03 12:46:24 - [TEST_STEP][PASSED] - Statement - org.apache.commons.io.FileUtils.copyFile(scrFile, SaveFile): null

2019-01-03 12:46:24 - [TEST_STEP][PASSED] - Statement - out.println("file kept"): null

2019-01-03 12:46:24 - [TEST_STEP][PASSED] - delay: Delayed 10 second(s)

2019-01-03 12:46:34 - [MESSAGE][PASSED] - Delayed 10 second(s)

2019-01-03 12:46:34 - [MESSAGE][PASSED] - Call Test Case 'Test Cases/Final Aug 2018 - PKS Automation/Registration Module/New Registration/Submit and Screenshot/Submit Registration and Screenshot - Copy' successfully

2019-01-03 12:46:34 - [TEST_STEP][PASSED] - Statement - UpdateAddNewECode = com.kms.katalon.core.webui.keyword.WebUiBuiltInKeywords.getText(com.kms.katalon.core.testobject.ObjectRepository.findTestObject(Object Repository/Final Object Repo/Page_Update Add New Employee - ASSIST/getEmpCode)): Text of object 'Object Repository/Final Object Repo/Page_Update Add New Employee - ASSIST/getEmpCode' is: 'E1102071072M'

2019-01-03 12:46:34 - [MESSAGE][PASSED] - Text of object 'Object Repository/Final Object Repo/Page_Update Add New Employee - ASSIST/getEmpCode' is: 'E1102071072M'

2019-01-03 12:46:34 - [TEST_STEP][PASSED] - callTestCase: Call Test Case 'Test Cases/Final Aug 2018 - PKS Automation/Common/Emp Code Setter' successfully

2019-01-03 12:46:34 - [TEST_CASE][PASSED] - Test Cases/Final Aug 2018 - PKS Automation/Common/Emp Code Setter: Test Cases/Final Aug 2018 - PKS Automation/Common/Emp Code Setter

2019-01-03 12:46:34 - [TEST_STEP][PASSED] - Statement - EmpCodeOld = new java.io.File(C://Users//Admin//Desktop//PKS//Automation Reference Point//EmpCode.txt): null

2019-01-03 12:46:34 - [TEST_STEP][PASSED] - Statement - EmpCodeOld.delete(): null

2019-01-03 12:46:34 - [TEST_STEP][PASSED] - Statement - EmpCode = new java.io.File(C://Users//Admin//Desktop//PKS//Automation Reference Point//EmpCode.txt): null

2019-01-03 12:46:34 - [TEST_STEP][PASSED] - Statement - f2 = new java.io.FileWriter(EmpCode, false): null

2019-01-03 12:46:34 - [TEST_STEP][PASSED] - Statement - f2.write(UpdateAddNewECode): null

2019-01-03 12:46:34 - [TEST_STEP][PASSED] - Statement - f2.close(): null

2019-01-03 12:46:34 - [TEST_STEP][PASSED] - Statement - out.println("


" + UpdateAddNewECode + "


"): null

2019-01-03 12:46:34 - [MESSAGE][PASSED] - Call Test Case 'Test Cases/Final Aug 2018 - PKS Automation/Common/Emp Code Setter' successfully

2019-01-03 12:46:34 - [MESSAGE][PASSED] - Call Test Case 'Test Cases/Final Aug 2018 - PKS Automation/Registration Module/Workflow/Update Add New Employee/Template/New Company for Update Add New - Employer' successfully

2019-01-03 12:46:34 - [TEST_STEP][PASSED] - callTestCase: Call Test Case 'Test Cases/Final Aug 2018 - PKS Automation/Create Employer Acc/Login to Employer Account (Second time)' successfully

2019-01-03 12:46:34 - [TEST_CASE][PASSED] - Test Cases/Final Aug 2018 - PKS Automation/Create Employer Acc/Login to Employer Account (Second time): Test Cases/Final Aug 2018 - PKS Automation/Create Employer Acc/Login to Employer Account (Second time)

2019-01-03 12:46:34 - [TEST_STEP][PASSED] - openBrowser: Browser is opened with url: ''

2019-01-03 12:46:34 - [MESSAGE][WARNING] - A browser is already opened. Closing browser and opening a new one

2019-01-03 12:46:37 - [MESSAGE][PASSED] - Browser is opened with url: ''

2019-01-03 12:46:37 - [TEST_STEP][PASSED] - navigateToUrl: Navigate to 'https://assist2-uat.perkeso.gov.my/employer/login' successfully

2019-01-03 12:46:38 - [MESSAGE][PASSED] - Navigate to 'https://assist2-uat.perkeso.gov.my/employer/login' successfully

2019-01-03 12:46:38 - [TEST_STEP][PASSED] - delay: Delayed 3 second(s)

2019-01-03 12:46:41 - [MESSAGE][PASSED] - Delayed 3 second(s)

2019-01-03 12:46:41 - [TEST_STEP][PASSED] - callTestCase: Call Test Case 'Test Cases/Final Aug 2018 - PKS Automation/Create Employer Acc/Template/Employer Email Getter' successfully

2019-01-03 12:46:41 - [TEST_CASE][PASSED] - Test Cases/Final Aug 2018 - PKS Automation/Create Employer Acc/Template/Employer Email Getter: Test Cases/Final Aug 2018 - PKS Automation/Create Employer Acc/Template/Employer Email Getter

2019-01-03 12:46:41 - [TEST_STEP][PASSED] - Statement - Try: null

2019-01-03 12:46:41 - [TEST_STEP][PASSED] - Statement - EmpEmail = new java.io.File(C://Users//Admin//Desktop//PKS//Automation Reference Point//EmpEmail.txt): null

2019-01-03 12:46:41 - [TEST_STEP][PASSED] - Statement - bufferread = new java.io.BufferedReader(new java.io.FileReader(EmpEmail)): null

2019-01-03 12:46:41 - [TEST_STEP][PASSED] - Statement - readedVal = bufferread.readLine(): null

2019-01-03 12:46:41 - [TEST_STEP][PASSED] - Statement - out.println(readedVal): null

2019-01-03 12:46:41 - [TEST_STEP][PASSED] - Statement - Email = readedVal: null

2019-01-03 12:46:41 - [MESSAGE][PASSED] - Call Test Case 'Test Cases/Final Aug 2018 - PKS Automation/Create Employer Acc/Template/Employer Email Getter' successfully

2019-01-03 12:46:41 - [TEST_STEP][PASSED] - setText: Text 'perkeso534176763118@gmail.com' is set on object 'Object Repository/Final Object Repo/Login Page/External Login Page/Email'

2019-01-03 12:46:41 - [MESSAGE][PASSED] - Text 'perkeso534176763118@gmail.com' is set on object 'Object Repository/Final Object Repo/Login Page/External Login Page/Email'

2019-01-03 12:46:41 - [TEST_STEP][PASSED] - click: Object: 'Object Repository/Final Object Repo/Login Page/External Login Page/Next' is clicked on

2019-01-03 12:46:42 - [MESSAGE][PASSED] - Object: 'Object Repository/Final Object Repo/Login Page/External Login Page/Next' is clicked on

2019-01-03 12:46:42 - [TEST_STEP][PASSED] - delay: Delayed 3 second(s)

2019-01-03 12:46:45 - [MESSAGE][PASSED] - Delayed 3 second(s)

2019-01-03 12:46:45 - [TEST_STEP][PASSED] - setEncryptedText: Text ****** has been set on object 'Object Repository/Final Object Repo/Login Page/External Login Page/Password'

2019-01-03 12:46:45 - [MESSAGE][PASSED] - Text ****** has been set on object 'Object Repository/Final Object Repo/Login Page/External Login Page/Password'

2019-01-03 12:46:45 - [TEST_STEP][PASSED] - click: Object: 'Object Repository/Final Object Repo/Login Page/External Login Page/Login' is clicked on

2019-01-03 12:46:45 - [MESSAGE][PASSED] - Object: 'Object Repository/Final Object Repo/Login Page/External Login Page/Login' is clicked on

2019-01-03 12:46:45 - [TEST_STEP][PASSED] - delay: Delayed 5 second(s)

2019-01-03 12:46:50 - [MESSAGE][PASSED] - Delayed 5 second(s)

2019-01-03 12:46:50 - [MESSAGE][PASSED] - Call Test Case 'Test Cases/Final Aug 2018 - PKS Automation/Create Employer Acc/Login to Employer Account (Second time)' successfully

2019-01-03 12:46:50 - [TEST_STEP][PASSED] - navigateToUrl: Navigate to 'https://assist2-uat.perkeso.gov.my/web/registration/update/form-1a-cessation-as-employer-discontinue-business-' successfully

2019-01-03 12:46:51 - [MESSAGE][PASSED] - Navigate to 'https://assist2-uat.perkeso.gov.my/web/registration/update/form-1a-cessation-as-employer-discontinue-business-' successfully

2019-01-03 12:46:51 - [TEST_STEP][PASSED] - callTestCase: Call Test Case 'Test Cases/Final Aug 2018 - PKS Automation/Common/Emp Code Getter' successfully

2019-01-03 12:46:51 - [TEST_CASE][PASSED] - Test Cases/Final Aug 2018 - PKS Automation/Common/Emp Code Getter: Test Cases/Final Aug 2018 - PKS Automation/Common/Emp Code Getter

2019-01-03 12:46:51 - [TEST_STEP][PASSED] - Statement - Try: null

2019-01-03 12:46:51 - [TEST_STEP][PASSED] - Statement - EmpCode = new java.io.File(C://Users//Admin//Desktop//PKS//Automation Reference Point//EmpCode.txt): null

2019-01-03 12:46:51 - [TEST_STEP][PASSED] - Statement - bufferread = new java.io.BufferedReader(new java.io.FileReader(EmpCode)): null

2019-01-03 12:46:51 - [TEST_STEP][PASSED] - Statement - readedVal = bufferread.readLine(): null

2019-01-03 12:46:51 - [TEST_STEP][PASSED] - Statement - out.println(readedVal): null

2019-01-03 12:46:51 - [TEST_STEP][PASSED] - Statement - UpdateAddNewECode = readedVal: null

2019-01-03 12:46:51 - [MESSAGE][PASSED] - Call Test Case 'Test Cases/Final Aug 2018 - PKS Automation/Common/Emp Code Getter' successfully

2019-01-03 12:46:51 - [TEST_STEP][PASSED] - setText: Text 'E1102071072M' is set on object 'Object Repository/Final Object Repo/Page_Update Employer Information/Employer Code'

2019-01-03 12:46:52 - [MESSAGE][PASSED] - Text 'E1102071072M' is set on object 'Object Repository/Final Object Repo/Page_Update Employer Information/Employer Code'

2019-01-03 12:46:52 - [TEST_STEP][PASSED] - click: Object: 'Object Repository/Final Object Repo/Page_Update Employer Information/Search Button' is clicked on

2019-01-03 12:46:52 - [MESSAGE][PASSED] - Object: 'Object Repository/Final Object Repo/Page_Update Employer Information/Search Button' is clicked on

2019-01-03 12:46:52 - [TEST_STEP][PASSED] - delay: Delayed 2 second(s)

2019-01-03 12:46:54 - [MESSAGE][PASSED] - Delayed 2 second(s)

2019-01-03 12:46:54 - [TEST_STEP][PASSED] - click: Object: 'Object Repository/Final Object Repo/Page_Update Employer Information/Edit Button' is clicked on

2019-01-03 12:46:55 - [MESSAGE][PASSED] - Object: 'Object Repository/Final Object Repo/Page_Update Employer Information/Edit Button' is clicked on

2019-01-03 12:46:55 - [TEST_STEP][PASSED] - Statement - abc = com.kms.katalon.core.webui.keyword.WebUiBuiltInKeywords.getAttribute(com.kms.katalon.core.testobject.ObjectRepository.findTestObject(Final Object Repo/Page_Form 1A - Cessation As Employer/Employer Status), "value"): Attribute 'value' of object 'Object Repository/Final Object Repo/Page_Form 1A - Cessation As Employer/Employer Status' is: 'Active'

2019-01-03 12:46:55 - [MESSAGE][PASSED] - Attribute 'value' of object 'Object Repository/Final Object Repo/Page_Form 1A - Cessation As Employer/Employer Status' is: 'Active'

2019-01-03 12:46:55 - [TEST_STEP][PASSED] - Statement - out.println(abc): null

2019-01-03 12:46:55 - [TEST_STEP][PASSED] - Statement - If (abc == "Active"): Object: 'Object Repository/Final Object Repo/Page_Form 1A - Cessation As Employer/Change Employer Status to - Dormant' is clicked on

2019-01-03 12:46:55 - [TEST_STEP][PASSED] - click: Object: 'Object Repository/Final Object Repo/Page_Form 1A - Cessation As Employer/Change Employer Status to' is clicked on

2019-01-03 12:46:55 - [MESSAGE][PASSED] - Object: 'Object Repository/Final Object Repo/Page_Form 1A - Cessation As Employer/Change Employer Status to' is clicked on

2019-01-03 12:46:55 - [TEST_STEP][PASSED] - click: Object: 'Object Repository/Final Object Repo/Page_Form 1A - Cessation As Employer/Change Employer Status to - Dormant' is clicked on

2019-01-03 12:46:56 - [MESSAGE][PASSED] - Object: 'Object Repository/Final Object Repo/Page_Form 1A - Cessation As Employer/Change Employer Status to - Dormant' is clicked on

2019-01-03 12:46:56 - [TEST_STEP][PASSED] - click: Object: 'Object Repository/Final Object Repo/Page_Form 1A - Cessation As Employer/Calender' is clicked on

2019-01-03 12:46:56 - [MESSAGE][PASSED] - Object: 'Object Repository/Final Object Repo/Page_Form 1A - Cessation As Employer/Calender' is clicked on

2019-01-03 12:46:56 - [TEST_STEP][PASSED] - click: Object: 'Object Repository/Final Object Repo/Page_Form 1A - Cessation As Employer/Calender - Date' is clicked on

2019-01-03 12:46:56 - [MESSAGE][PASSED] - Object: 'Object Repository/Final Object Repo/Page_Form 1A - Cessation As Employer/Calender - Date' is clicked on

2019-01-03 12:46:56 - [TEST_STEP][PASSED] - delay: Delayed 2 second(s)

2019-01-03 12:46:58 - [MESSAGE][PASSED] - Delayed 2 second(s)

2019-01-03 12:46:58 - [TEST_STEP][PASSED] - click: Object: 'Object Repository/Final Object Repo/Page_Form 1A - Cessation As Employer/Save  Continue in Form 1A Page' is clicked on

2019-01-03 12:46:58 - [MESSAGE][PASSED] - Object: 'Object Repository/Final Object Repo/Page_Form 1A - Cessation As Employer/Save  Continue in Form 1A Page' is clicked on

2019-01-03 12:46:58 - [TEST_STEP][PASSED] - delay: Delayed 2 second(s)

2019-01-03 12:47:00 - [MESSAGE][PASSED] - Delayed 2 second(s)

2019-01-03 12:47:00 - [TEST_STEP][PASSED] - click: Object: 'Object Repository/Final Object Repo/Page_Form 1A - Cessation As Employer/Employment Resign Date' is clicked on

2019-01-03 12:47:01 - [MESSAGE][PASSED] - Object: 'Object Repository/Final Object Repo/Page_Form 1A - Cessation As Employer/Employment Resign Date' is clicked on

2019-01-03 12:47:01 - [TEST_STEP][PASSED] - delay: Delayed 1 second(s)

2019-01-03 12:47:02 - [MESSAGE][PASSED] - Delayed 1 second(s)

2019-01-03 12:47:02 - [TEST_STEP][PASSED] - Statement - CaseReferenceNo = com.kms.katalon.core.webui.keyword.WebUiBuiltInKeywords.getText(com.kms.katalon.core.testobject.ObjectRepository.findTestObject(Final Object Repo/Page_Update Employer Information/Reference Number in Update Employee Information Page)): Text of object 'Object Repository/Final Object Repo/Page_Update Employer Information/Reference Number in Update Employee Information Page' is: 'CUN012019C200001790'

2019-01-03 12:47:02 - [MESSAGE][PASSED] - Text of object 'Object Repository/Final Object Repo/Page_Update Employer Information/Reference Number in Update Employee Information Page' is: 'CUN012019C200001790'

2019-01-03 12:47:02 - [TEST_STEP][PASSED] - callTestCase: Call Test Case 'Test Cases/Final Aug 2018 - PKS Automation/Common/Reference Number Setter' successfully

2019-01-03 12:47:02 - [TEST_CASE][PASSED] - Test Cases/Final Aug 2018 - PKS Automation/Common/Reference Number Setter: Test Cases/Final Aug 2018 - PKS Automation/Common/Reference Number Setter

2019-01-03 12:47:02 - [TEST_STEP][PASSED] - Statement - RefNoOldFile = new java.io.File(C://Users//Admin//Desktop//PKS//Automation Reference Point//KatalonReference.txt): null

2019-01-03 12:47:02 - [TEST_STEP][PASSED] - Statement - RefNoOldFile.delete(): null

2019-01-03 12:47:02 - [TEST_STEP][PASSED] - delay: Delayed 5 second(s)

2019-01-03 12:47:07 - [MESSAGE][PASSED] - Delayed 5 second(s)

2019-01-03 12:47:07 - [TEST_STEP][PASSED] - Statement - RefNo = new java.io.File(C://Users//Admin//Desktop//PKS//Automation Reference Point//KatalonReference.txt): null

2019-01-03 12:47:07 - [TEST_STEP][PASSED] - Statement - f2 = new java.io.FileWriter(RefNo, false): null

2019-01-03 12:47:07 - [TEST_STEP][PASSED] - Statement - f2.write(CaseReferenceNo): null

2019-01-03 12:47:07 - [TEST_STEP][PASSED] - Statement - f2.close(): null

2019-01-03 12:47:07 - [TEST_STEP][PASSED] - Statement - out.println("


" + CaseReferenceNo + "


"): null

2019-01-03 12:47:07 - [MESSAGE][PASSED] - Call Test Case 'Test Cases/Final Aug 2018 - PKS Automation/Common/Reference Number Setter' successfully

2019-01-03 12:47:07 - [TEST_STEP][PASSED] - selectOptionByValue: All options with value '2030' are selected in object 'Object Repository/Final Object Repo/Page_Form 1A - Cessation As Employer/Employment Resign Date - Year' 

2019-01-03 12:47:07 - [MESSAGE][PASSED] - All options with value '2030' are selected in object 'Object Repository/Final Object Repo/Page_Form 1A - Cessation As Employer/Employment Resign Date - Year' 

2019-01-03 12:47:07 - [TEST_STEP][PASSED] - delay: Delayed 1 second(s)

2019-01-03 12:47:08 - [MESSAGE][PASSED] - Delayed 1 second(s)

2019-01-03 12:47:08 - [TEST_STEP][PASSED] - click: Object: 'Object Repository/Final Object Repo/Page_Form 1A - Cessation As Employer/Employment Resign Date - Year - Date' is clicked on

2019-01-03 12:47:08 - [MESSAGE][PASSED] - Object: 'Object Repository/Final Object Repo/Page_Form 1A - Cessation As Employer/Employment Resign Date - Year - Date' is clicked on

2019-01-03 12:47:08 - [TEST_STEP][PASSED] - delay: Delayed 2 second(s)

2019-01-03 12:47:10 - [MESSAGE][PASSED] - Delayed 2 second(s)

2019-01-03 12:47:10 - [TEST_STEP][PASSED] - click: Object: 'Object Repository/Final Object Repo/Page_Form 1A - Cessation As Employer/Save  Continue in Update Add Employee Resigned Date Page' is clicked on

2019-01-03 12:47:10 - [MESSAGE][PASSED] - Object: 'Object Repository/Final Object Repo/Page_Form 1A - Cessation As Employer/Save  Continue in Update Add Employee Resigned Date Page' is clicked on

2019-01-03 12:47:10 - [TEST_STEP][PASSED] - delay: Delayed 2 second(s)

2019-01-03 12:47:12 - [MESSAGE][PASSED] - Delayed 2 second(s)

2019-01-03 12:47:12 - [TEST_STEP][PASSED] - click: Object: 'Object Repository/Final Object Repo/Page_Form 1A - Cessation As Employer/Set Latest - Yes' is clicked on

2019-01-03 12:47:12 - [MESSAGE][PASSED] - Object: 'Object Repository/Final Object Repo/Page_Form 1A - Cessation As Employer/Set Latest - Yes' is clicked on

2019-01-03 12:47:12 - [TEST_STEP][PASSED] - delay: Delayed 2 second(s)

2019-01-03 12:47:14 - [MESSAGE][PASSED] - Delayed 2 second(s)

2019-01-03 12:47:14 - [TEST_STEP][PASSED] - click: Object: 'Object Repository/Final Object Repo/Page_Form 1A - Cessation As Employer/Add Document' is clicked on

2019-01-03 12:47:16 - [MESSAGE][PASSED] - Object: 'Object Repository/Final Object Repo/Page_Form 1A - Cessation As Employer/Add Document' is clicked on

2019-01-03 12:47:16 - [TEST_STEP][PASSED] - delay: Delayed 3 second(s)

2019-01-03 12:47:19 - [MESSAGE][PASSED] - Delayed 3 second(s)

2019-01-03 12:47:19 - [TEST_STEP][PASSED] - click: Object: 'Object Repository/Final Object Repo/Page_Form 1A - Cessation As Employer/Document Type' is clicked on

2019-01-03 12:47:19 - [MESSAGE][PASSED] - Object: 'Object Repository/Final Object Repo/Page_Form 1A - Cessation As Employer/Document Type' is clicked on

2019-01-03 12:47:19 - [TEST_STEP][PASSED] - delay: Delayed 2 second(s)

2019-01-03 12:47:21 - [MESSAGE][PASSED] - Delayed 2 second(s)

2019-01-03 12:47:21 - [TEST_STEP][PASSED] - click: Object: 'Object Repository/Final Object Repo/Page_Form 1A - Cessation As Employer/Document Type - Supporting Document For Cessation' is clicked on

2019-01-03 12:47:21 - [MESSAGE][PASSED] - Object: 'Object Repository/Final Object Repo/Page_Form 1A - Cessation As Employer/Document Type - Supporting Document For Cessation' is clicked on

2019-01-03 12:47:21 - [TEST_STEP][PASSED] - delay: Delayed 2 second(s)

2019-01-03 12:47:23 - [MESSAGE][PASSED] - Delayed 2 second(s)

2019-01-03 12:47:23 - [TEST_STEP][PASSED] - sendKeys: Keys 'C:\Users\Public\Pictures\Sample Pictures\Koala.jpg' sent to object: 'Object Repository/Final Object Repo/Page_Form 1A - Cessation As Employer/Uploading File'

2019-01-03 12:47:23 - [MESSAGE][PASSED] - Keys 'C:\Users\Public\Pictures\Sample Pictures\Koala.jpg' sent to object: 'Object Repository/Final Object Repo/Page_Form 1A - Cessation As Employer/Uploading File'

2019-01-03 12:47:23 - [TEST_STEP][PASSED] - delay: Delayed 2 second(s)

2019-01-03 12:47:25 - [MESSAGE][PASSED] - Delayed 2 second(s)

2019-01-03 12:47:25 - [TEST_STEP][PASSED] - click: Object: 'Object Repository/Final Object Repo/Page_Form 1A - Cessation As Employer/Add Document in Uploading Page' is clicked on

2019-01-03 12:47:25 - [MESSAGE][PASSED] - Object: 'Object Repository/Final Object Repo/Page_Form 1A - Cessation As Employer/Add Document in Uploading Page' is clicked on

2019-01-03 12:47:25 - [TEST_STEP][PASSED] - delay: Delayed 2 second(s)

2019-01-03 12:47:27 - [MESSAGE][PASSED] - Delayed 2 second(s)

2019-01-03 12:47:27 - [TEST_STEP][PASSED] - click: Object: 'Object Repository/Final Object Repo/Page_Form 1A - Cessation As Employer/Save  Continue in Uploading Page' is clicked on

2019-01-03 12:47:29 - [MESSAGE][PASSED] - Object: 'Object Repository/Final Object Repo/Page_Form 1A - Cessation As Employer/Save  Continue in Uploading Page' is clicked on

2019-01-03 12:47:29 - [TEST_STEP][PASSED] - delay: Delayed 2 second(s)

2019-01-03 12:47:31 - [MESSAGE][PASSED] - Delayed 2 second(s)

2019-01-03 12:47:31 - [TEST_STEP][PASSED] - click: Object: 'Object Repository/Final Object Repo/Page_Form 1A - Cessation As Employer/Submit2' is clicked on

2019-01-03 12:47:35 - [MESSAGE][PASSED] - Object: 'Object Repository/Final Object Repo/Page_Form 1A - Cessation As Employer/Submit2' is clicked on

2019-01-03 12:47:35 - [TEST_STEP][PASSED] - delay: Delayed 2 second(s)

2019-01-03 12:47:37 - [MESSAGE][PASSED] - Delayed 2 second(s)

2019-01-03 12:47:37 - [TEST_STEP][PASSED] - click: Object: 'Object Repository/Final Object Repo/Page_Form 1A - Cessation As Employer/Confirm' is clicked on

2019-01-03 12:47:37 - [MESSAGE][PASSED] - Object: 'Object Repository/Final Object Repo/Page_Form 1A - Cessation As Employer/Confirm' is clicked on

2019-01-03 12:47:37 - [TEST_STEP][PASSED] - delay: Delayed 2 second(s)

2019-01-03 12:47:39 - [MESSAGE][PASSED] - Delayed 2 second(s)

2019-01-03 12:47:39 - [TEST_STEP][PASSED] - verifyElementVisible: Object 'Object Repository/Final Object Repo/Page_Form 1A - Cessation As Employer/Message Your Request will be routed to UO' is visible

2019-01-03 12:47:44 - [MESSAGE][PASSED] - Object 'Object Repository/Final Object Repo/Page_Form 1A - Cessation As Employer/Message Your Request will be routed to UO' is visible

2019-01-03 12:47:44 - [TEST_STEP][PASSED] - delay: Delayed 1 second(s)

2019-01-03 12:47:45 - [MESSAGE][PASSED] - Delayed 1 second(s)

2019-01-03 12:47:45 - [TEST_STEP][PASSED] - verifyElementVisible: Object 'Object Repository/Final Object Repo/Page_Form 1A - Cessation As Employer/Letter of acknowledgement' is visible

2019-01-03 12:47:45 - [MESSAGE][PASSED] - Object 'Object Repository/Final Object Repo/Page_Form 1A - Cessation As Employer/Letter of acknowledgement' is visible

2019-01-03 12:47:45 - [MESSAGE][PASSED] - Call Test Case 'Test Cases/Final Aug 2018 - PKS Automation/Registration Module/Workflow/Form 1A - Cessation As Employer/Template/Form 1 A - Cessation As Employer (Employer)' successfully

2019-01-03 12:47:45 - [TEST_STEP][PASSED] - callTestCase: Call Test Case 'Test Cases/Final Aug 2018 - PKS Automation/Registration Module/Workflow/Form 1A - Cessation As Employer/Template/Form 1 A - Cessation As Employer (Approve)' successfully

2019-01-03 12:47:45 - [TEST_CASE][PASSED] - Test Cases/Final Aug 2018 - PKS Automation/Registration Module/Workflow/Form 1A - Cessation As Employer/Template/Form 1 A - Cessation As Employer (Approve): Test Cases/Final Aug 2018 - PKS Automation/Registration Module/Workflow/Form 1A - Cessation As Employer/Template/Form 1 A - Cessation As Employer (Approve)

2019-01-03 12:47:45 - [TEST_STEP][NOT_RUN] - callTestCase: NOT_RUN: callTestCase

2019-01-03 12:47:45 - [MESSAGE][NOT_RUN] - NOT_RUN: callTestCase

2019-01-03 12:47:45 - [TEST_STEP][PASSED] - delay: Delayed 1 second(s)

2019-01-03 12:47:46 - [MESSAGE][PASSED] - Delayed 1 second(s)

2019-01-03 12:47:46 - [TEST_STEP][PASSED] - navigateToUrl: Navigate to 'https://assist2-uat.perkeso.gov.my/c/portal/logout' successfully

2019-01-03 12:47:47 - [MESSAGE][PASSED] - Navigate to 'https://assist2-uat.perkeso.gov.my/c/portal/logout' successfully

2019-01-03 12:47:47 - [TEST_STEP][PASSED] - delay: Delayed 1 second(s)

2019-01-03 12:47:48 - [MESSAGE][PASSED] - Delayed 1 second(s)

2019-01-03 12:47:48 - [TEST_STEP][PASSED] - callTestCase: Call Test Case 'Test Cases/Final Aug 2018 - PKS Automation/Common/Reference Number Getter' successfully

2019-01-03 12:47:48 - [TEST_CASE][PASSED] - Test Cases/Final Aug 2018 - PKS Automation/Common/Reference Number Getter: Test Cases/Final Aug 2018 - PKS Automation/Common/Reference Number Getter

2019-01-03 12:47:48 - [TEST_STEP][PASSED] - Statement - Try: null

2019-01-03 12:47:48 - [TEST_STEP][PASSED] - Statement - RefNo = new java.io.File(C://Users//Admin//Desktop//PKS//Automation Reference Point//KatalonReference.txt): null

2019-01-03 12:47:48 - [TEST_STEP][PASSED] - Statement - bufferread = new java.io.BufferedReader(new java.io.FileReader(RefNo)): null

2019-01-03 12:47:48 - [TEST_STEP][PASSED] - Statement - readedVal = bufferread.readLine(): null

2019-01-03 12:47:48 - [TEST_STEP][PASSED] - Statement - out.println(CaseReferenceNo): null

2019-01-03 12:47:48 - [TEST_STEP][PASSED] - Statement - out.println(readedVal): null

2019-01-03 12:47:48 - [TEST_STEP][PASSED] - Statement - CaseReferenceNo = "": null

2019-01-03 12:47:48 - [TEST_STEP][PASSED] - Statement - CaseReferenceNo = readedVal: null

2019-01-03 12:47:48 - [MESSAGE][PASSED] - Call Test Case 'Test Cases/Final Aug 2018 - PKS Automation/Common/Reference Number Getter' successfully

2019-01-03 12:47:48 - [TEST_STEP][PASSED] - callTestCase: Call Test Case 'Test Cases/Final Aug 2018 - PKS Automation/Common/Workflow Owner Finder' successfully

2019-01-03 12:47:48 - [TEST_CASE][PASSED] - Test Cases/Final Aug 2018 - PKS Automation/Common/Workflow Owner Finder: Test Cases/Final Aug 2018 - PKS Automation/Common/Workflow Owner Finder

2019-01-03 12:47:49 - [TEST_STEP][PASSED] - openBrowser: Browser is opened with url: ''

2019-01-03 12:47:49 - [MESSAGE][WARNING] - A browser is already opened. Closing browser and opening a new one

2019-01-03 12:47:52 - [MESSAGE][PASSED] - Browser is opened with url: ''

2019-01-03 12:47:52 - [TEST_STEP][PASSED] - navigateToUrl: Navigate to 'https://assist2-uat.perkeso.gov.my/login' successfully

2019-01-03 12:47:53 - [MESSAGE][PASSED] - Navigate to 'https://assist2-uat.perkeso.gov.my/login' successfully

2019-01-03 12:47:53 - [TEST_STEP][PASSED] - delay: Delayed 5 second(s)

2019-01-03 12:47:58 - [MESSAGE][PASSED] - Delayed 5 second(s)

2019-01-03 12:47:58 - [TEST_STEP][PASSED] - setText: Text 'test@liferay.com' is set on object 'Object Repository/Final Object Repo/Login Page/Internal User/Email Address'

2019-01-03 12:47:58 - [MESSAGE][PASSED] - Text 'test@liferay.com' is set on object 'Object Repository/Final Object Repo/Login Page/Internal User/Email Address'

2019-01-03 12:47:58 - [TEST_STEP][PASSED] - click: Object: 'Object Repository/Final Object Repo/Login Page/Internal User/Next Button' is clicked on

2019-01-03 12:47:58 - [MESSAGE][PASSED] - Object: 'Object Repository/Final Object Repo/Login Page/Internal User/Next Button' is clicked on

2019-01-03 12:47:58 - [TEST_STEP][PASSED] - delay: Delayed 2 second(s)

2019-01-03 12:48:00 - [MESSAGE][PASSED] - Delayed 2 second(s)

2019-01-03 12:48:00 - [TEST_STEP][PASSED] - setText: Text 'test' is set on object 'Object Repository/Final Object Repo/Login Page/Internal User/Password'

2019-01-03 12:48:00 - [MESSAGE][PASSED] - Text 'test' is set on object 'Object Repository/Final Object Repo/Login Page/Internal User/Password'

2019-01-03 12:48:00 - [TEST_STEP][PASSED] - delay: Delayed 2 second(s)

2019-01-03 12:48:02 - [MESSAGE][PASSED] - Delayed 2 second(s)

2019-01-03 12:48:02 - [TEST_STEP][PASSED] - click: Object: 'Object Repository/Final Object Repo/Login Page/Internal User/Login Button' is clicked on

2019-01-03 12:48:03 - [MESSAGE][PASSED] - Object: 'Object Repository/Final Object Repo/Login Page/Internal User/Login Button' is clicked on

2019-01-03 12:48:03 - [TEST_STEP][PASSED] - Statement - tester = com.kms.katalon.core.testobject.ObjectRepository.findTestObject(Final Object Repo/Landing Page/Select to English): Finding Test Object with id 'Object Repository/Final Object Repo/Landing Page/Select to English'

2019-01-03 12:48:03 - [TEST_STEP][PASSED] - Statement - Try: Delayed 2 second(s)

2019-01-03 12:48:03 - [TEST_STEP][PASSED] - Statement - Checker = com.kms.katalon.core.webui.keyword.WebUiBuiltInKeywords.verifyElementNotPresent(tester, 3): Web element with id: 'Object Repository/Final Object Repo/Landing Page/Select to English' located by 'By.xpath: //a[@class = 'taglib-language-list-text' and @lang = 'en-US' and (contains(text(), 'EN') or contains(., 'EN'))]' is not present after '3' second(s)

2019-01-03 12:48:05 - [MESSAGE][PASSED] - Web element with id: 'Object Repository/Final Object Repo/Landing Page/Select to English' located by 'By.xpath: //a[@class = 'taglib-language-list-text' and @lang = 'en-US' and (contains(text(), 'EN') or contains(., 'EN'))]' is not present after '3' second(s)

2019-01-03 12:48:05 - [TEST_STEP][PASSED] - Statement - If (Checker == false): null

2019-01-03 12:48:05 - [TEST_STEP][PASSED] - delay: Delayed 2 second(s)

2019-01-03 12:48:07 - [MESSAGE][PASSED] - Delayed 2 second(s)

2019-01-03 12:48:07 - [TEST_STEP][PASSED] - delay: Delayed 5 second(s)

2019-01-03 12:48:12 - [MESSAGE][PASSED] - Delayed 5 second(s)

2019-01-03 12:48:12 - [TEST_STEP][PASSED] - mouseOver: Object: 'Object Repository/Final Object Repo/Landing Page/WorkFlow Menu' is hovered

2019-01-03 12:48:12 - [MESSAGE][PASSED] - Object: 'Object Repository/Final Object Repo/Landing Page/WorkFlow Menu' is hovered

2019-01-03 12:48:12 - [TEST_STEP][PASSED] - delay: Delayed 2 second(s)

2019-01-03 12:48:14 - [MESSAGE][PASSED] - Delayed 2 second(s)

2019-01-03 12:48:14 - [TEST_STEP][PASSED] - click: Object: 'Object Repository/Final Object Repo/Landing Page/Select to Workflow Listing' is clicked on

2019-01-03 12:48:15 - [MESSAGE][PASSED] - Object: 'Object Repository/Final Object Repo/Landing Page/Select to Workflow Listing' is clicked on

2019-01-03 12:48:15 - [TEST_STEP][PASSED] - delay: Delayed 2 second(s)

2019-01-03 12:48:17 - [MESSAGE][PASSED] - Delayed 2 second(s)

2019-01-03 12:48:17 - [TEST_STEP][PASSED] - click: Object: 'Object Repository/Final Object Repo/WorkFlow Listing Page/Search Information - To Put Ref No' is clicked on

2019-01-03 12:48:18 - [MESSAGE][PASSED] - Object: 'Object Repository/Final Object Repo/WorkFlow Listing Page/Search Information - To Put Ref No' is clicked on

2019-01-03 12:48:18 - [TEST_STEP][PASSED] - delay: Delayed 2 second(s)

2019-01-03 12:48:20 - [MESSAGE][PASSED] - Delayed 2 second(s)

2019-01-03 12:48:20 - [TEST_STEP][PASSED] - callTestCase: Call Test Case 'Test Cases/Final Aug 2018 - PKS Automation/Common/Reference Number Getter' successfully

2019-01-03 12:48:20 - [TEST_CASE][PASSED] - Test Cases/Final Aug 2018 - PKS Automation/Common/Reference Number Getter: Test Cases/Final Aug 2018 - PKS Automation/Common/Reference Number Getter

2019-01-03 12:48:20 - [TEST_STEP][PASSED] - Statement - Try: null

2019-01-03 12:48:20 - [TEST_STEP][PASSED] - Statement - RefNo = new java.io.File(C://Users//Admin//Desktop//PKS//Automation Reference Point//KatalonReference.txt): null

2019-01-03 12:48:20 - [TEST_STEP][PASSED] - Statement - bufferread = new java.io.BufferedReader(new java.io.FileReader(RefNo)): null

2019-01-03 12:48:20 - [TEST_STEP][PASSED] - Statement - readedVal = bufferread.readLine(): null

2019-01-03 12:48:20 - [TEST_STEP][PASSED] - Statement - out.println(CaseReferenceNo): null

2019-01-03 12:48:20 - [TEST_STEP][PASSED] - Statement - out.println(readedVal): null

2019-01-03 12:48:20 - [TEST_STEP][PASSED] - Statement - CaseReferenceNo = "": null

2019-01-03 12:48:20 - [TEST_STEP][PASSED] - Statement - CaseReferenceNo = readedVal: null

2019-01-03 12:48:20 - [MESSAGE][PASSED] - Call Test Case 'Test Cases/Final Aug 2018 - PKS Automation/Common/Reference Number Getter' successfully

2019-01-03 12:48:20 - [TEST_STEP][PASSED] - setText: Text 'CUN012019C200001790' is set on object 'Object Repository/Final Object Repo/WorkFlow Listing Page/Ref No Set Text'

2019-01-03 12:48:20 - [MESSAGE][PASSED] - Text 'CUN012019C200001790' is set on object 'Object Repository/Final Object Repo/WorkFlow Listing Page/Ref No Set Text'

2019-01-03 12:48:20 - [TEST_STEP][PASSED] - delay: Delayed 2 second(s)

2019-01-03 12:48:22 - [MESSAGE][PASSED] - Delayed 2 second(s)

2019-01-03 12:48:22 - [TEST_STEP][PASSED] - click: Object: 'Object Repository/Final Object Repo/WorkFlow Listing Page/Search Ref No Search Button' is clicked on

2019-01-03 12:48:22 - [MESSAGE][PASSED] - Object: 'Object Repository/Final Object Repo/WorkFlow Listing Page/Search Ref No Search Button' is clicked on

2019-01-03 12:48:22 - [TEST_STEP][PASSED] - delay: Delayed 6 second(s)

2019-01-03 12:48:28 - [MESSAGE][PASSED] - Delayed 6 second(s)

2019-01-03 12:48:28 - [TEST_STEP][PASSED] - click: Object: 'Object Repository/Final Object Repo/WorkFlow Listing Page/Click Continue Tooltip' is clicked on

2019-01-03 12:48:29 - [MESSAGE][PASSED] - Object: 'Object Repository/Final Object Repo/WorkFlow Listing Page/Click Continue Tooltip' is clicked on

2019-01-03 12:48:29 - [TEST_STEP][PASSED] - delay: Delayed 5 second(s)

2019-01-03 12:48:34 - [MESSAGE][PASSED] - Delayed 5 second(s)

2019-01-03 12:48:34 - [TEST_STEP][PASSED] - doubleClick: Object: 'Object Repository/Final Object Repo/WorkFlow Listing Page/Workflow Found - Listing 1' is double clicked on

2019-01-03 12:48:35 - [MESSAGE][PASSED] - Object: 'Object Repository/Final Object Repo/WorkFlow Listing Page/Workflow Found - Listing 1' is double clicked on

2019-01-03 12:48:35 - [TEST_STEP][PASSED] - Statement - println(OwnerID): null

2019-01-03 12:48:35 - [TEST_STEP][PASSED] - Statement - OwnerID = com.kms.katalon.core.webui.keyword.WebUiBuiltInKeywords.getText(com.kms.katalon.core.testobject.ObjectRepository.findTestObject(Final Object Repo/WorkFlow Listing Page/Workflow Found - Listing 1), STOP_ON_FAILURE): Text of object 'Object Repository/Final Object Repo/WorkFlow Listing Page/Workflow Found - Listing 1' is: 'JOHORuo3'

2019-01-03 12:48:35 - [MESSAGE][PASSED] - Text of object 'Object Repository/Final Object Repo/WorkFlow Listing Page/Workflow Found - Listing 1' is: 'JOHORuo3'

2019-01-03 12:48:35 - [TEST_STEP][PASSED] - Statement - OwnerID = OwnerID.toLowerCase() + "@gmail.com": null

2019-01-03 12:48:35 - [TEST_STEP][PASSED] - Statement - println(OwnerID): null

2019-01-03 12:48:35 - [TEST_STEP][PASSED] - delay: Delayed 2 second(s)

2019-01-03 12:48:37 - [MESSAGE][PASSED] - Delayed 2 second(s)

2019-01-03 12:48:37 - [MESSAGE][PASSED] - Call Test Case 'Test Cases/Final Aug 2018 - PKS Automation/Common/Workflow Owner Finder' successfully

2019-01-03 12:48:37 - [TEST_STEP][PASSED] - delay: Delayed 1 second(s)

2019-01-03 12:48:38 - [MESSAGE][PASSED] - Delayed 1 second(s)

2019-01-03 12:48:38 - [TEST_STEP][PASSED] - navigateToUrl: Navigate to 'https://assist2-uat.perkeso.gov.my/c/portal/logout' successfully

2019-01-03 12:48:39 - [MESSAGE][PASSED] - Navigate to 'https://assist2-uat.perkeso.gov.my/c/portal/logout' successfully

2019-01-03 12:48:39 - [TEST_STEP][PASSED] - delay: Delayed 1 second(s)

2019-01-03 12:48:40 - [MESSAGE][PASSED] - Delayed 1 second(s)

2019-01-03 12:48:40 - [TEST_STEP][PASSED] - callTestCase: Call Test Case 'Test Cases/Final Aug 2018 - PKS Automation/Registration Module/Workflow/Login and Search Case For Workflow' successfully

2019-01-03 12:48:40 - [TEST_CASE][PASSED] - Test Cases/Final Aug 2018 - PKS Automation/Registration Module/Workflow/Login and Search Case For Workflow: Test Cases/Final Aug 2018 - PKS Automation/Registration Module/Workflow/Login and Search Case For Workflow

2019-01-03 12:48:40 - [TEST_STEP][PASSED] - navigateToUrl: Navigate to 'https://assist2-uat.perkeso.gov.my/login' successfully

2019-01-03 12:48:40 - [MESSAGE][PASSED] - Navigate to 'https://assist2-uat.perkeso.gov.my/login' successfully

2019-01-03 12:48:40 - [TEST_STEP][PASSED] - setText: Text 'johoruo3@gmail.com' is set on object 'Object Repository/Final Object Repo/Login Page/Internal User/Email Address'

2019-01-03 12:48:41 - [MESSAGE][PASSED] - Text 'johoruo3@gmail.com' is set on object 'Object Repository/Final Object Repo/Login Page/Internal User/Email Address'

2019-01-03 12:48:41 - [TEST_STEP][PASSED] - click: Object: 'Object Repository/Final Object Repo/Login Page/Internal User/Next Button' is clicked on

2019-01-03 12:48:41 - [MESSAGE][PASSED] - Object: 'Object Repository/Final Object Repo/Login Page/Internal User/Next Button' is clicked on

2019-01-03 12:48:41 - [TEST_STEP][PASSED] - delay: Delayed 1 second(s)

2019-01-03 12:48:42 - [MESSAGE][PASSED] - Delayed 1 second(s)

2019-01-03 12:48:42 - [TEST_STEP][PASSED] - setEncryptedText: Text ****** has been set on object 'Object Repository/Final Object Repo/Login Page/Internal User/Password'

2019-01-03 12:48:42 - [MESSAGE][PASSED] - Text ****** has been set on object 'Object Repository/Final Object Repo/Login Page/Internal User/Password'

2019-01-03 12:48:42 - [TEST_STEP][PASSED] - click: Object: 'Object Repository/Final Object Repo/Login Page/Internal User/Login Button' is clicked on

2019-01-03 12:48:42 - [MESSAGE][PASSED] - Object: 'Object Repository/Final Object Repo/Login Page/Internal User/Login Button' is clicked on

2019-01-03 12:48:42 - [TEST_STEP][PASSED] - delay: Delayed 2 second(s)

2019-01-03 12:48:44 - [MESSAGE][PASSED] - Delayed 2 second(s)

2019-01-03 12:48:44 - [TEST_STEP][PASSED] - Statement - Try: Delayed 2 second(s)

2019-01-03 12:48:44 - [TEST_STEP][PASSED] - Statement - Checker = false: null

2019-01-03 12:48:44 - [TEST_STEP][PASSED] - Statement - Checker = com.kms.katalon.core.webui.keyword.WebUiBuiltInKeywords.verifyElementHasAttribute(com.kms.katalon.core.testobject.ObjectRepository.findTestObject(Final Object Repo/Landing Page/BM Detecting), "href", 20, OPTIONAL): Object 'Object Repository/Final Object Repo/Landing Page/BM Detecting' has attribute 'href'

2019-01-03 12:48:44 - [MESSAGE][PASSED] - Object 'Object Repository/Final Object Repo/Landing Page/BM Detecting' has attribute 'href'

2019-01-03 12:48:44 - [TEST_STEP][PASSED] - Statement - out.println(Checker): null

2019-01-03 12:48:44 - [TEST_STEP][PASSED] - Statement - If (Checker == false): null

2019-01-03 12:48:44 - [TEST_STEP][PASSED] - Statement - Else: null

2019-01-03 12:48:44 - [TEST_STEP][PASSED] - delay: Delayed 2 second(s)

2019-01-03 12:48:46 - [MESSAGE][PASSED] - Delayed 2 second(s)

2019-01-03 12:48:46 - [TEST_STEP][PASSED] - click: Object: 'Object Repository/Final Object Repo/Page_MyASSIST - ASSIST - Search Pending Case For Add Supporting Document/Search Information' is clicked on

2019-01-03 12:48:47 - [MESSAGE][PASSED] - Object: 'Object Repository/Final Object Repo/Page_MyASSIST - ASSIST - Search Pending Case For Add Supporting Document/Search Information' is clicked on

2019-01-03 12:48:47 - [TEST_STEP][PASSED] - delay: Delayed 3 second(s)

2019-01-03 12:48:50 - [MESSAGE][PASSED] - Delayed 3 second(s)

2019-01-03 12:48:50 - [TEST_STEP][PASSED] - sendKeys: Keys 'CUN012019C200001790' sent to object: 'Object Repository/Final Object Repo/Page_MyASSIST - ASSIST - Search Pending Case For Add Supporting Document/Reference No'

2019-01-03 12:48:50 - [MESSAGE][PASSED] - Keys 'CUN012019C200001790' sent to object: 'Object Repository/Final Object Repo/Page_MyASSIST - ASSIST - Search Pending Case For Add Supporting Document/Reference No'

2019-01-03 12:48:50 - [TEST_STEP][PASSED] - click: Object: 'Object Repository/Final Object Repo/Page_MyASSIST - ASSIST - Search Pending Case For Add Supporting Document/Search Reference No' is clicked on

2019-01-03 12:48:50 - [MESSAGE][PASSED] - Object: 'Object Repository/Final Object Repo/Page_MyASSIST - ASSIST - Search Pending Case For Add Supporting Document/Search Reference No' is clicked on

2019-01-03 12:48:50 - [TEST_STEP][PASSED] - delay: Delayed 2 second(s)

2019-01-03 12:48:52 - [MESSAGE][PASSED] - Delayed 2 second(s)

2019-01-03 12:48:52 - [TEST_STEP][PASSED] - click: Object: 'Object Repository/Final Object Repo/Page_MyASSIST - ASSIST - Search Pending Case For Add Supporting Document/Continue' is clicked on

2019-01-03 12:48:56 - [MESSAGE][PASSED] - Object: 'Object Repository/Final Object Repo/Page_MyASSIST - ASSIST - Search Pending Case For Add Supporting Document/Continue' is clicked on

2019-01-03 12:48:56 - [TEST_STEP][PASSED] - delay: Delayed 20 second(s)

2019-01-03 12:49:16 - [MESSAGE][PASSED] - Delayed 20 second(s)

2019-01-03 12:49:16 - [MESSAGE][PASSED] - Call Test Case 'Test Cases/Final Aug 2018 - PKS Automation/Registration Module/Workflow/Login and Search Case For Workflow' successfully

2019-01-03 12:49:16 - [TEST_STEP][PASSED] - click: Object: 'Object Repository/Final Object Repo/Page_Form 1A - Cessation As Employer/Page_Form 1A - Cessation As Employer (Approve)/Save  Continue in Form 1A Page' is clicked on

2019-01-03 12:49:16 - [MESSAGE][PASSED] - Object: 'Object Repository/Final Object Repo/Page_Form 1A - Cessation As Employer/Page_Form 1A - Cessation As Employer (Approve)/Save  Continue in Form 1A Page' is clicked on

2019-01-03 12:49:16 - [TEST_STEP][PASSED] - delay: Delayed 2 second(s)

2019-01-03 12:49:18 - [MESSAGE][PASSED] - Delayed 2 second(s)

2019-01-03 12:49:18 - [TEST_STEP][PASSED] - click: Object: 'Object Repository/Final Object Repo/Page_Form 1A - Cessation As Employer/Employment Resign Date' is clicked on

2019-01-03 12:49:18 - [MESSAGE][PASSED] - Object: 'Object Repository/Final Object Repo/Page_Form 1A - Cessation As Employer/Employment Resign Date' is clicked on

2019-01-03 12:49:18 - [TEST_STEP][PASSED] - delay: Delayed 1 second(s)

2019-01-03 12:49:19 - [MESSAGE][PASSED] - Delayed 1 second(s)

2019-01-03 12:49:19 - [TEST_STEP][PASSED] - selectOptionByValue: All options with value '2030' are selected in object 'Object Repository/Final Object Repo/Page_Form 1A - Cessation As Employer/Employment Resign Date - Year' 

2019-01-03 12:49:19 - [MESSAGE][PASSED] - All options with value '2030' are selected in object 'Object Repository/Final Object Repo/Page_Form 1A - Cessation As Employer/Employment Resign Date - Year' 

2019-01-03 12:49:19 - [TEST_STEP][PASSED] - delay: Delayed 1 second(s)

2019-01-03 12:49:20 - [MESSAGE][PASSED] - Delayed 1 second(s)

2019-01-03 12:49:20 - [TEST_STEP][PASSED] - click: Object: 'Object Repository/Final Object Repo/Page_Form 1A - Cessation As Employer/Employment Resign Date - Year - Date' is clicked on

2019-01-03 12:49:21 - [MESSAGE][PASSED] - Object: 'Object Repository/Final Object Repo/Page_Form 1A - Cessation As Employer/Employment Resign Date - Year - Date' is clicked on

2019-01-03 12:49:21 - [TEST_STEP][PASSED] - delay: Delayed 2 second(s)

2019-01-03 12:49:23 - [MESSAGE][PASSED] - Delayed 2 second(s)

2019-01-03 12:49:23 - [TEST_STEP][PASSED] - click: Object: 'Object Repository/Final Object Repo/Page_Form 1A - Cessation As Employer/Page_Form 1A - Cessation As Employer (Approve)/Save  Continue in Update Add Employee Resigned Date Page' is clicked on

2019-01-03 12:49:23 - [MESSAGE][PASSED] - Object: 'Object Repository/Final Object Repo/Page_Form 1A - Cessation As Employer/Page_Form 1A - Cessation As Employer (Approve)/Save  Continue in Update Add Employee Resigned Date Page' is clicked on

2019-01-03 12:49:23 - [TEST_STEP][PASSED] - delay: Delayed 2 second(s)

2019-01-03 12:49:25 - [MESSAGE][PASSED] - Delayed 2 second(s)

2019-01-03 12:49:25 - [TEST_STEP][PASSED] - click: Object: 'Object Repository/Final Object Repo/Page_Form 1A - Cessation As Employer/Set Latest - Yes' is clicked on

2019-01-03 12:49:25 - [MESSAGE][PASSED] - Object: 'Object Repository/Final Object Repo/Page_Form 1A - Cessation As Employer/Set Latest - Yes' is clicked on

2019-01-03 12:49:25 - [TEST_STEP][PASSED] - delay: Delayed 2 second(s)

2019-01-03 12:49:27 - [MESSAGE][PASSED] - Delayed 2 second(s)

2019-01-03 12:49:27 - [TEST_STEP][PASSED] - click: Object: 'Object Repository/Final Object Repo/Page_Form 1A - Cessation As Employer/Page_Form 1A - Cessation As Employer (Approve)/Save  Contine in Uploading Document Page' is clicked on

2019-01-03 12:49:28 - [MESSAGE][PASSED] - Object: 'Object Repository/Final Object Repo/Page_Form 1A - Cessation As Employer/Page_Form 1A - Cessation As Employer (Approve)/Save  Contine in Uploading Document Page' is clicked on

2019-01-03 12:49:28 - [TEST_STEP][PASSED] - delay: Delayed 2 second(s)

2019-01-03 12:49:30 - [MESSAGE][PASSED] - Delayed 2 second(s)

2019-01-03 12:49:30 - [TEST_STEP][PASSED] - click: Object: 'Object Repository/Final Object Repo/Page_Form 1A - Cessation As Employer/Page_Form 1A - Cessation As Employer (Approve)/Approve' is clicked on

2019-01-03 12:49:34 - [MESSAGE][PASSED] - Object: 'Object Repository/Final Object Repo/Page_Form 1A - Cessation As Employer/Page_Form 1A - Cessation As Employer (Approve)/Approve' is clicked on

2019-01-03 12:49:34 - [TEST_STEP][PASSED] - delay: Delayed 2 second(s)

2019-01-03 12:49:36 - [MESSAGE][PASSED] - Delayed 2 second(s)

2019-01-03 12:49:36 - [TEST_STEP][PASSED] - click: Object: 'Object Repository/Final Object Repo/Page_Form 1A - Cessation As Employer/Confirm' is clicked on

2019-01-03 12:49:36 - [MESSAGE][PASSED] - Object: 'Object Repository/Final Object Repo/Page_Form 1A - Cessation As Employer/Confirm' is clicked on

2019-01-03 12:49:36 - [TEST_STEP][PASSED] - delay: Delayed 2 second(s)

2019-01-03 12:49:38 - [MESSAGE][PASSED] - Delayed 2 second(s)

2019-01-03 12:49:38 - [TEST_STEP][PASSED] - click: Object: 'Object Repository/Final Object Repo/Page_Form 1A - Cessation As Employer/Page_Form 1A - Cessation As Employer (Approve)/Message Your Request    Form 1A ' is clicked on

2019-01-03 12:49:46 - [MESSAGE][PASSED] - Object: 'Object Repository/Final Object Repo/Page_Form 1A - Cessation As Employer/Page_Form 1A - Cessation As Employer (Approve)/Message Your Request    Form 1A ' is clicked on

2019-01-03 12:49:46 - [TEST_STEP][PASSED] - delay: Delayed 2 second(s)

2019-01-03 12:49:48 - [MESSAGE][PASSED] - Delayed 2 second(s)

2019-01-03 12:49:48 - [TEST_STEP][PASSED] - click: Object: 'Object Repository/Final Object Repo/Page_Form 1A - Cessation As Employer/Page_Form 1A - Cessation As Employer (Approve)/Letter of successful update' is clicked on

2019-01-03 12:49:49 - [MESSAGE][PASSED] - Object: 'Object Repository/Final Object Repo/Page_Form 1A - Cessation As Employer/Page_Form 1A - Cessation As Employer (Approve)/Letter of successful update' is clicked on

2019-01-03 12:49:49 - [MESSAGE][PASSED] - Call Test Case 'Test Cases/Final Aug 2018 - PKS Automation/Registration Module/Workflow/Form 1A - Cessation As Employer/Template/Form 1 A - Cessation As Employer (Approve)' successfully]]></system-out>
         <system-err><![CDATA[]]></system-err>
      </testcase>
      <testcase name="Test Cases/Final Aug 2018 - PKS Automation/Registration Module/Workflow/Form 1A - Cessation As Employer/Employer to UO (Query)" classname="Test Cases/Final Aug 2018 - PKS Automation/Registration Module/Workflow/Form 1A - Cessation As Employer/Employer to UO (Query)" status="PASSED">
         <system-out><![CDATA[2019-01-03 12:49:49 - [TEST_CASE][PASSED] - Test Cases/Final Aug 2018 - PKS Automation/Registration Module/Workflow/Form 1A - Cessation As Employer/Employer to UO (Query): Test Cases/Final Aug 2018 - PKS Automation/Registration Module/Workflow/Form 1A - Cessation As Employer/Employer to UO (Query)

2019-01-03 12:49:49 - [TEST_STEP][PASSED] - callTestCase: Call Test Case 'Test Cases/Final Aug 2018 - PKS Automation/Registration Module/Workflow/Form 1A - Cessation As Employer/Template/Form 1 A - Cessation As Employer (Employer)' successfully

2019-01-03 12:49:49 - [TEST_CASE][PASSED] - Test Cases/Final Aug 2018 - PKS Automation/Registration Module/Workflow/Form 1A - Cessation As Employer/Template/Form 1 A - Cessation As Employer (Employer): Test Cases/Final Aug 2018 - PKS Automation/Registration Module/Workflow/Form 1A - Cessation As Employer/Template/Form 1 A - Cessation As Employer (Employer)

2019-01-03 12:49:49 - [TEST_STEP][PASSED] - callTestCase: Call Test Case 'Test Cases/Final Aug 2018 - PKS Automation/Registration Module/Workflow/Update Add New Employee/Template/New Company for Update Add New - Employer' successfully

2019-01-03 12:49:50 - [TEST_CASE][PASSED] - Test Cases/Final Aug 2018 - PKS Automation/Registration Module/Workflow/Update Add New Employee/Template/New Company for Update Add New - Employer: Test Cases/Final Aug 2018 - PKS Automation/Registration Module/Workflow/Update Add New Employee/Template/New Company for Update Add New - Employer

2019-01-03 12:49:50 - [TEST_STEP][PASSED] - callTestCase: Call Test Case 'Test Cases/Final Aug 2018 - PKS Automation/Create Employer Acc/Create Employer Account' successfully

2019-01-03 12:49:50 - [TEST_CASE][PASSED] - Test Cases/Final Aug 2018 - PKS Automation/Create Employer Acc/Create Employer Account: Test Cases/Final Aug 2018 - PKS Automation/Create Employer Acc/Create Employer Account

2019-01-03 12:49:50 - [TEST_STEP][PASSED] - callTestCase: Call Test Case 'Test Cases/Final Aug 2018 - PKS Automation/Create Employer Acc/Template/Register Employer' successfully

2019-01-03 12:49:50 - [TEST_CASE][PASSED] - Test Cases/Final Aug 2018 - PKS Automation/Create Employer Acc/Template/Register Employer: Test Cases/Final Aug 2018 - PKS Automation/Create Employer Acc/Template/Register Employer

2019-01-03 12:49:50 - [TEST_STEP][PASSED] - openBrowser: Browser is opened with url: ''

2019-01-03 12:49:50 - [MESSAGE][WARNING] - A browser is already opened. Closing browser and opening a new one

2019-01-03 12:49:53 - [MESSAGE][PASSED] - Browser is opened with url: ''

2019-01-03 12:49:53 - [TEST_STEP][PASSED] - navigateToUrl: Navigate to 'https://assist2-uat.perkeso.gov.my/login' successfully

2019-01-03 12:49:54 - [MESSAGE][PASSED] - Navigate to 'https://assist2-uat.perkeso.gov.my/login' successfully

2019-01-03 12:49:54 - [TEST_STEP][PASSED] - setText: Text 'johorotc1@gmail.com' is set on object 'Object Repository/Final Object Repo/Login Page/Internal User/Email Address'

2019-01-03 12:49:54 - [MESSAGE][PASSED] - Text 'johorotc1@gmail.com' is set on object 'Object Repository/Final Object Repo/Login Page/Internal User/Email Address'

2019-01-03 12:49:54 - [TEST_STEP][PASSED] - click: Object: 'Object Repository/Final Object Repo/Login Page/Internal User/Next Button' is clicked on

2019-01-03 12:49:54 - [MESSAGE][PASSED] - Object: 'Object Repository/Final Object Repo/Login Page/Internal User/Next Button' is clicked on

2019-01-03 12:49:54 - [TEST_STEP][PASSED] - delay: Delayed 1 second(s)

2019-01-03 12:49:55 - [MESSAGE][PASSED] - Delayed 1 second(s)

2019-01-03 12:49:55 - [TEST_STEP][PASSED] - setEncryptedText: Text ****** has been set on object 'Object Repository/Final Object Repo/Login Page/Internal User/Password'

2019-01-03 12:49:55 - [MESSAGE][PASSED] - Text ****** has been set on object 'Object Repository/Final Object Repo/Login Page/Internal User/Password'

2019-01-03 12:49:55 - [TEST_STEP][PASSED] - click: Object: 'Object Repository/Final Object Repo/Login Page/Internal User/Login Button' is clicked on

2019-01-03 12:49:56 - [MESSAGE][PASSED] - Object: 'Object Repository/Final Object Repo/Login Page/Internal User/Login Button' is clicked on

2019-01-03 12:49:56 - [TEST_STEP][PASSED] - delay: Delayed 1 second(s)

2019-01-03 12:49:57 - [MESSAGE][PASSED] - Delayed 1 second(s)

2019-01-03 12:49:57 - [TEST_STEP][PASSED] - navigateToUrl: Navigate to 'https://assist2-uat.perkeso.gov.my/web/base/portal-id/registration' successfully

2019-01-03 12:49:58 - [MESSAGE][PASSED] - Navigate to 'https://assist2-uat.perkeso.gov.my/web/base/portal-id/registration' successfully

2019-01-03 12:49:58 - [TEST_STEP][PASSED] - setText: Text 'AUTOMATION EMPLOYER' is set on object 'Object Repository/Final Object Repo/Creating Employer Account/Page_Registration - ASSIST (Base)/Employer Name'

2019-01-03 12:49:59 - [MESSAGE][PASSED] - Text 'AUTOMATION EMPLOYER' is set on object 'Object Repository/Final Object Repo/Creating Employer Account/Page_Registration - ASSIST (Base)/Employer Name'

2019-01-03 12:49:59 - [TEST_STEP][PASSED] - delay: Delayed 2 second(s)

2019-01-03 12:50:01 - [MESSAGE][PASSED] - Delayed 2 second(s)

2019-01-03 12:50:01 - [TEST_STEP][PASSED] - click: Object: 'Object Repository/Final Object Repo/Creating Employer Account/Page_Registration - ASSIST (Base)/Registration Type' is clicked on

2019-01-03 12:50:01 - [MESSAGE][PASSED] - Object: 'Object Repository/Final Object Repo/Creating Employer Account/Page_Registration - ASSIST (Base)/Registration Type' is clicked on

2019-01-03 12:50:01 - [TEST_STEP][PASSED] - delay: Delayed 2 second(s)

2019-01-03 12:50:03 - [MESSAGE][PASSED] - Delayed 2 second(s)

2019-01-03 12:50:03 - [TEST_STEP][PASSED] - click: Object: 'Object Repository/Final Object Repo/Creating Employer Account/Page_Registration - ASSIST (Base)/Registration Type - Registration No' is clicked on

2019-01-03 12:50:03 - [MESSAGE][PASSED] - Object: 'Object Repository/Final Object Repo/Creating Employer Account/Page_Registration - ASSIST (Base)/Registration Type - Registration No' is clicked on

2019-01-03 12:50:03 - [TEST_STEP][PASSED] - delay: Delayed 2 second(s)

2019-01-03 12:50:05 - [MESSAGE][PASSED] - Delayed 2 second(s)

2019-01-03 12:50:05 - [TEST_STEP][PASSED] - setText: Text 'AUTOMATE001' is set on object 'Object Repository/Final Object Repo/Creating Employer Account/Page_Registration - ASSIST (Base)/Registration Number'

2019-01-03 12:50:05 - [MESSAGE][PASSED] - Text 'AUTOMATE001' is set on object 'Object Repository/Final Object Repo/Creating Employer Account/Page_Registration - ASSIST (Base)/Registration Number'

2019-01-03 12:50:05 - [TEST_STEP][PASSED] - delay: Delayed 2 second(s)

2019-01-03 12:50:07 - [MESSAGE][PASSED] - Delayed 2 second(s)

2019-01-03 12:50:07 - [TEST_STEP][PASSED] - setText: Text 'ADDRESS 1' is set on object 'Object Repository/Final Object Repo/Creating Employer Account/Page_Registration - ASSIST (Base)/Postal Address 1'

2019-01-03 12:50:08 - [MESSAGE][PASSED] - Text 'ADDRESS 1' is set on object 'Object Repository/Final Object Repo/Creating Employer Account/Page_Registration - ASSIST (Base)/Postal Address 1'

2019-01-03 12:50:08 - [TEST_STEP][PASSED] - setText: Text 'ADDRESS 2' is set on object 'Object Repository/Final Object Repo/Creating Employer Account/Page_Registration - ASSIST (Base)/Postal Address 2'

2019-01-03 12:50:08 - [MESSAGE][PASSED] - Text 'ADDRESS 2' is set on object 'Object Repository/Final Object Repo/Creating Employer Account/Page_Registration - ASSIST (Base)/Postal Address 2'

2019-01-03 12:50:08 - [TEST_STEP][PASSED] - click: Object: 'Object Repository/Final Object Repo/Creating Employer Account/Page_Registration - ASSIST (Base)/State' is clicked on

2019-01-03 12:50:08 - [MESSAGE][PASSED] - Object: 'Object Repository/Final Object Repo/Creating Employer Account/Page_Registration - ASSIST (Base)/State' is clicked on

2019-01-03 12:50:08 - [TEST_STEP][PASSED] - delay: Delayed 2 second(s)

2019-01-03 12:50:10 - [MESSAGE][PASSED] - Delayed 2 second(s)

2019-01-03 12:50:10 - [TEST_STEP][PASSED] - click: Object: 'Object Repository/Final Object Repo/Creating Employer Account/Page_Registration - ASSIST (Base)/State - Johor' is clicked on

2019-01-03 12:50:11 - [MESSAGE][PASSED] - Object: 'Object Repository/Final Object Repo/Creating Employer Account/Page_Registration - ASSIST (Base)/State - Johor' is clicked on

2019-01-03 12:50:11 - [TEST_STEP][PASSED] - delay: Delayed 2 second(s)

2019-01-03 12:50:13 - [MESSAGE][PASSED] - Delayed 2 second(s)

2019-01-03 12:50:13 - [TEST_STEP][PASSED] - click: Object: 'Object Repository/Final Object Repo/Creating Employer Account/Page_Registration - ASSIST (Base)/City' is clicked on

2019-01-03 12:50:13 - [MESSAGE][PASSED] - Object: 'Object Repository/Final Object Repo/Creating Employer Account/Page_Registration - ASSIST (Base)/City' is clicked on

2019-01-03 12:50:13 - [TEST_STEP][PASSED] - delay: Delayed 2 second(s)

2019-01-03 12:50:15 - [MESSAGE][PASSED] - Delayed 2 second(s)

2019-01-03 12:50:15 - [TEST_STEP][PASSED] - setText: Text 'joh' is set on object 'Object Repository/Final Object Repo/Creating Employer Account/Page_Registration - ASSIST (Base)/City - joh'

2019-01-03 12:50:15 - [MESSAGE][PASSED] - Text 'joh' is set on object 'Object Repository/Final Object Repo/Creating Employer Account/Page_Registration - ASSIST (Base)/City - joh'

2019-01-03 12:50:15 - [TEST_STEP][PASSED] - delay: Delayed 2 second(s)

2019-01-03 12:50:17 - [MESSAGE][PASSED] - Delayed 2 second(s)

2019-01-03 12:50:17 - [TEST_STEP][PASSED] - click: Object: 'Object Repository/Final Object Repo/Creating Employer Account/Page_Registration - ASSIST (Base)/City - Johor Bharu' is clicked on

2019-01-03 12:50:17 - [MESSAGE][PASSED] - Object: 'Object Repository/Final Object Repo/Creating Employer Account/Page_Registration - ASSIST (Base)/City - Johor Bharu' is clicked on

2019-01-03 12:50:17 - [TEST_STEP][PASSED] - delay: Delayed 2 second(s)

2019-01-03 12:50:19 - [MESSAGE][PASSED] - Delayed 2 second(s)

2019-01-03 12:50:19 - [TEST_STEP][PASSED] - click: Object: 'Object Repository/Final Object Repo/Creating Employer Account/Page_Registration - ASSIST (Base)/Post Code' is clicked on

2019-01-03 12:50:19 - [MESSAGE][PASSED] - Object: 'Object Repository/Final Object Repo/Creating Employer Account/Page_Registration - ASSIST (Base)/Post Code' is clicked on

2019-01-03 12:50:19 - [TEST_STEP][PASSED] - delay: Delayed 2 second(s)

2019-01-03 12:50:21 - [MESSAGE][PASSED] - Delayed 2 second(s)

2019-01-03 12:50:21 - [TEST_STEP][PASSED] - setText: Text '810' is set on object 'Object Repository/Final Object Repo/Creating Employer Account/Page_Registration - ASSIST (Base)/Post Code - 810'

2019-01-03 12:50:21 - [MESSAGE][PASSED] - Text '810' is set on object 'Object Repository/Final Object Repo/Creating Employer Account/Page_Registration - ASSIST (Base)/Post Code - 810'

2019-01-03 12:50:21 - [TEST_STEP][PASSED] - delay: Delayed 2 second(s)

2019-01-03 12:50:23 - [MESSAGE][PASSED] - Delayed 2 second(s)

2019-01-03 12:50:23 - [TEST_STEP][PASSED] - click: Object: 'Object Repository/Final Object Repo/Creating Employer Account/Page_Registration - ASSIST (Base)/Post Code - 81000' is clicked on

2019-01-03 12:50:24 - [MESSAGE][PASSED] - Object: 'Object Repository/Final Object Repo/Creating Employer Account/Page_Registration - ASSIST (Base)/Post Code - 81000' is clicked on

2019-01-03 12:50:24 - [TEST_STEP][PASSED] - delay: Delayed 2 second(s)

2019-01-03 12:50:26 - [MESSAGE][PASSED] - Delayed 2 second(s)

2019-01-03 12:50:26 - [TEST_STEP][PASSED] - setText: Text 'PERKESO' is set on object 'Object Repository/Final Object Repo/Creating Employer Account/Page_Registration - ASSIST (Base)/Full Name'

2019-01-03 12:50:26 - [MESSAGE][PASSED] - Text 'PERKESO' is set on object 'Object Repository/Final Object Repo/Creating Employer Account/Page_Registration - ASSIST (Base)/Full Name'

2019-01-03 12:50:26 - [TEST_STEP][PASSED] - Statement - rnd = new java.util.Random(): null

2019-01-03 12:50:26 - [TEST_STEP][PASSED] - Statement - snum = rnd.nextInt(899999 + 1) + 100000: null

2019-01-03 12:50:26 - [TEST_STEP][PASSED] - Statement - tnum = rnd.nextInt(899999 + 1) + 100000: null

2019-01-03 12:50:26 - [TEST_STEP][PASSED] - Statement - IC = java.lang.Integer.toString(snum) + java.lang.Integer.toString(tnum): null

2019-01-03 12:50:26 - [TEST_STEP][PASSED] - Statement - out.println(IC): null

2019-01-03 12:50:26 - [TEST_STEP][PASSED] - setText: Text '286737333229' is set on object 'Object Repository/Final Object Repo/Creating Employer Account/Page_Registration - ASSIST (Base)/Identification Number'

2019-01-03 12:50:26 - [MESSAGE][PASSED] - Text '286737333229' is set on object 'Object Repository/Final Object Repo/Creating Employer Account/Page_Registration - ASSIST (Base)/Identification Number'

2019-01-03 12:50:26 - [TEST_STEP][PASSED] - delay: Delayed 2 second(s)

2019-01-03 12:50:28 - [MESSAGE][PASSED] - Delayed 2 second(s)

2019-01-03 12:50:28 - [TEST_STEP][PASSED] - setText: Text '123456789012' is set on object 'Object Repository/Final Object Repo/Creating Employer Account/Page_Registration - ASSIST (Base)/Contact Number'

2019-01-03 12:50:29 - [MESSAGE][PASSED] - Text '123456789012' is set on object 'Object Repository/Final Object Repo/Creating Employer Account/Page_Registration - ASSIST (Base)/Contact Number'

2019-01-03 12:50:29 - [TEST_STEP][PASSED] - Statement - Email = "perkeso" + IC + "@gmail.com": null

2019-01-03 12:50:29 - [TEST_STEP][PASSED] - delay: Delayed 2 second(s)

2019-01-03 12:50:31 - [MESSAGE][PASSED] - Delayed 2 second(s)

2019-01-03 12:50:31 - [TEST_STEP][PASSED] - callTestCase: Call Test Case 'Test Cases/Final Aug 2018 - PKS Automation/Create Employer Acc/Template/Employer Email Settler' successfully

2019-01-03 12:50:31 - [TEST_CASE][PASSED] - Test Cases/Final Aug 2018 - PKS Automation/Create Employer Acc/Template/Employer Email Settler: Test Cases/Final Aug 2018 - PKS Automation/Create Employer Acc/Template/Employer Email Settler

2019-01-03 12:50:31 - [TEST_STEP][PASSED] - Statement - EmpEmailOld = new java.io.File(C://Users//Admin//Desktop//PKS//Automation Reference Point//EmpEmail.txt): null

2019-01-03 12:50:31 - [TEST_STEP][PASSED] - Statement - EmpEmailOld.delete(): null

2019-01-03 12:50:31 - [TEST_STEP][PASSED] - delay: Delayed 5 second(s)

2019-01-03 12:50:36 - [MESSAGE][PASSED] - Delayed 5 second(s)

2019-01-03 12:50:36 - [TEST_STEP][PASSED] - Statement - EmpEmail = new java.io.File(C://Users//Admin//Desktop//PKS//Automation Reference Point//EmpEmail.txt): null

2019-01-03 12:50:36 - [TEST_STEP][PASSED] - Statement - f2 = new java.io.FileWriter(EmpEmail, false): null

2019-01-03 12:50:36 - [TEST_STEP][PASSED] - Statement - f2.write(Email): null

2019-01-03 12:50:36 - [TEST_STEP][PASSED] - Statement - f2.close(): null

2019-01-03 12:50:36 - [TEST_STEP][PASSED] - Statement - out.println(Email): null

2019-01-03 12:50:36 - [MESSAGE][PASSED] - Call Test Case 'Test Cases/Final Aug 2018 - PKS Automation/Create Employer Acc/Template/Employer Email Settler' successfully

2019-01-03 12:50:36 - [TEST_STEP][PASSED] - delay: Delayed 2 second(s)

2019-01-03 12:50:38 - [MESSAGE][PASSED] - Delayed 2 second(s)

2019-01-03 12:50:38 - [TEST_STEP][PASSED] - setText: Text 'perkeso286737333229@gmail.com' is set on object 'Object Repository/Final Object Repo/Creating Employer Account/Page_Registration - ASSIST (Base)/Email'

2019-01-03 12:50:38 - [MESSAGE][PASSED] - Text 'perkeso286737333229@gmail.com' is set on object 'Object Repository/Final Object Repo/Creating Employer Account/Page_Registration - ASSIST (Base)/Email'

2019-01-03 12:50:38 - [TEST_STEP][PASSED] - setText: Text '123' is set on object 'Object Repository/Final Object Repo/Creating Employer Account/Page_Registration - ASSIST (Base)/Security Phase'

2019-01-03 12:50:38 - [MESSAGE][PASSED] - Text '123' is set on object 'Object Repository/Final Object Repo/Creating Employer Account/Page_Registration - ASSIST (Base)/Security Phase'

2019-01-03 12:50:38 - [TEST_STEP][PASSED] - click: Object: 'Object Repository/Final Object Repo/Creating Employer Account/Page_Registration - ASSIST (Base)/Save  Continue' is clicked on

2019-01-03 12:50:39 - [MESSAGE][PASSED] - Object: 'Object Repository/Final Object Repo/Creating Employer Account/Page_Registration - ASSIST (Base)/Save  Continue' is clicked on

2019-01-03 12:50:39 - [TEST_STEP][PASSED] - delay: Delayed 2 second(s)

2019-01-03 12:50:41 - [MESSAGE][PASSED] - Delayed 2 second(s)

2019-01-03 12:50:41 - [TEST_STEP][PASSED] - click: Object: 'Object Repository/Final Object Repo/Creating Employer Account/Page_Registration - ASSIST (Base)/Add Document' is clicked on

2019-01-03 12:50:41 - [MESSAGE][PASSED] - Object: 'Object Repository/Final Object Repo/Creating Employer Account/Page_Registration - ASSIST (Base)/Add Document' is clicked on

2019-01-03 12:50:41 - [TEST_STEP][PASSED] - delay: Delayed 2 second(s)

2019-01-03 12:50:43 - [MESSAGE][PASSED] - Delayed 2 second(s)

2019-01-03 12:50:43 - [TEST_STEP][PASSED] - click: Object: 'Object Repository/Final Object Repo/Creating Employer Account/Page_Registration - ASSIST (Base)/Document Type' is clicked on

2019-01-03 12:50:43 - [MESSAGE][PASSED] - Object: 'Object Repository/Final Object Repo/Creating Employer Account/Page_Registration - ASSIST (Base)/Document Type' is clicked on

2019-01-03 12:50:43 - [TEST_STEP][PASSED] - delay: Delayed 2 second(s)

2019-01-03 12:50:45 - [MESSAGE][PASSED] - Delayed 2 second(s)

2019-01-03 12:50:45 - [TEST_STEP][PASSED] - click: Object: 'Object Repository/Final Object Repo/Creating Employer Account/Page_Registration - ASSIST (Base)/Document Type - Letter of Authorization' is clicked on

2019-01-03 12:50:45 - [MESSAGE][PASSED] - Object: 'Object Repository/Final Object Repo/Creating Employer Account/Page_Registration - ASSIST (Base)/Document Type - Letter of Authorization' is clicked on

2019-01-03 12:50:45 - [TEST_STEP][PASSED] - delay: Delayed 2 second(s)

2019-01-03 12:50:47 - [MESSAGE][PASSED] - Delayed 2 second(s)

2019-01-03 12:50:47 - [TEST_STEP][PASSED] - sendKeys: Keys 'C:\Users\Public\Pictures\Sample Pictures\Koala.jpg' sent to object: 'Object Repository/Final Object Repo/Creating Employer Account/Page_Registration - ASSIST (Base)/Uploading File'

2019-01-03 12:50:47 - [MESSAGE][PASSED] - Keys 'C:\Users\Public\Pictures\Sample Pictures\Koala.jpg' sent to object: 'Object Repository/Final Object Repo/Creating Employer Account/Page_Registration - ASSIST (Base)/Uploading File'

2019-01-03 12:50:47 - [TEST_STEP][PASSED] - delay: Delayed 2 second(s)

2019-01-03 12:50:49 - [MESSAGE][PASSED] - Delayed 2 second(s)

2019-01-03 12:50:49 - [TEST_STEP][PASSED] - click: Object: 'Object Repository/Final Object Repo/Creating Employer Account/Page_Registration - ASSIST (Base)/Add Document in Uploading File' is clicked on

2019-01-03 12:50:49 - [MESSAGE][PASSED] - Object: 'Object Repository/Final Object Repo/Creating Employer Account/Page_Registration - ASSIST (Base)/Add Document in Uploading File' is clicked on

2019-01-03 12:50:49 - [TEST_STEP][PASSED] - delay: Delayed 2 second(s)

2019-01-03 12:50:51 - [MESSAGE][PASSED] - Delayed 2 second(s)

2019-01-03 12:50:51 - [TEST_STEP][PASSED] - click: Object: 'Object Repository/Final Object Repo/Creating Employer Account/Page_Registration - ASSIST (Base)/Save' is clicked on

2019-01-03 12:50:52 - [MESSAGE][PASSED] - Object: 'Object Repository/Final Object Repo/Creating Employer Account/Page_Registration - ASSIST (Base)/Save' is clicked on

2019-01-03 12:50:52 - [TEST_STEP][PASSED] - delay: Delayed 2 second(s)

2019-01-03 12:50:54 - [MESSAGE][PASSED] - Delayed 2 second(s)

2019-01-03 12:50:54 - [TEST_STEP][PASSED] - click: Object: 'Object Repository/Final Object Repo/Creating Employer Account/Page_Registration - ASSIST (Base)/Submit' is clicked on

2019-01-03 12:50:54 - [MESSAGE][PASSED] - Object: 'Object Repository/Final Object Repo/Creating Employer Account/Page_Registration - ASSIST (Base)/Submit' is clicked on

2019-01-03 12:50:54 - [TEST_STEP][PASSED] - delay: Delayed 2 second(s)

2019-01-03 12:50:56 - [MESSAGE][PASSED] - Delayed 2 second(s)

2019-01-03 12:50:56 - [TEST_STEP][PASSED] - click: Object: 'Object Repository/Final Object Repo/Creating Employer Account/Page_Registration - ASSIST (Base)/Confirm' is clicked on

2019-01-03 12:50:57 - [MESSAGE][PASSED] - Object: 'Object Repository/Final Object Repo/Creating Employer Account/Page_Registration - ASSIST (Base)/Confirm' is clicked on

2019-01-03 12:50:57 - [MESSAGE][PASSED] - Call Test Case 'Test Cases/Final Aug 2018 - PKS Automation/Create Employer Acc/Template/Register Employer' successfully

2019-01-03 12:50:57 - [TEST_STEP][PASSED] - delay: Delayed 1 second(s)

2019-01-03 12:50:58 - [MESSAGE][PASSED] - Delayed 1 second(s)

2019-01-03 12:50:58 - [TEST_STEP][PASSED] - navigateToUrl: Navigate to 'https://assist2-uat.perkeso.gov.my/c/portal/logout' successfully

2019-01-03 12:51:04 - [MESSAGE][PASSED] - Navigate to 'https://assist2-uat.perkeso.gov.my/c/portal/logout' successfully

2019-01-03 12:51:04 - [TEST_STEP][PASSED] - delay: Delayed 1 second(s)

2019-01-03 12:51:05 - [MESSAGE][PASSED] - Delayed 1 second(s)

2019-01-03 12:51:05 - [TEST_STEP][PASSED] - callTestCase: Call Test Case 'Test Cases/Final Aug 2018 - PKS Automation/Create Employer Acc/Template/Change Password of Employer' successfully

2019-01-03 12:51:05 - [TEST_CASE][PASSED] - Test Cases/Final Aug 2018 - PKS Automation/Create Employer Acc/Template/Change Password of Employer: Test Cases/Final Aug 2018 - PKS Automation/Create Employer Acc/Template/Change Password of Employer

2019-01-03 12:51:05 - [TEST_STEP][PASSED] - openBrowser: Browser is opened with url: ''

2019-01-03 12:51:05 - [MESSAGE][WARNING] - A browser is already opened. Closing browser and opening a new one

2019-01-03 12:51:08 - [MESSAGE][PASSED] - Browser is opened with url: ''

2019-01-03 12:51:08 - [TEST_STEP][PASSED] - navigateToUrl: Navigate to 'https://assist2-uat.perkeso.gov.my/login' successfully

2019-01-03 12:51:09 - [MESSAGE][PASSED] - Navigate to 'https://assist2-uat.perkeso.gov.my/login' successfully

2019-01-03 12:51:09 - [TEST_STEP][PASSED] - delay: Delayed 5 second(s)

2019-01-03 12:51:14 - [MESSAGE][PASSED] - Delayed 5 second(s)

2019-01-03 12:51:14 - [TEST_STEP][PASSED] - setText: Text 'test@liferay.com' is set on object 'Object Repository/Final Object Repo/Login Page/Internal User/Email Address'

2019-01-03 12:51:14 - [MESSAGE][PASSED] - Text 'test@liferay.com' is set on object 'Object Repository/Final Object Repo/Login Page/Internal User/Email Address'

2019-01-03 12:51:14 - [TEST_STEP][PASSED] - click: Object: 'Object Repository/Final Object Repo/Login Page/Internal User/Next Button' is clicked on

2019-01-03 12:51:14 - [MESSAGE][PASSED] - Object: 'Object Repository/Final Object Repo/Login Page/Internal User/Next Button' is clicked on

2019-01-03 12:51:14 - [TEST_STEP][PASSED] - delay: Delayed 2 second(s)

2019-01-03 12:51:16 - [MESSAGE][PASSED] - Delayed 2 second(s)

2019-01-03 12:51:16 - [TEST_STEP][PASSED] - setText: Text 'test' is set on object 'Object Repository/Final Object Repo/Login Page/Internal User/Password'

2019-01-03 12:51:17 - [MESSAGE][PASSED] - Text 'test' is set on object 'Object Repository/Final Object Repo/Login Page/Internal User/Password'

2019-01-03 12:51:17 - [TEST_STEP][PASSED] - delay: Delayed 2 second(s)

2019-01-03 12:51:19 - [MESSAGE][PASSED] - Delayed 2 second(s)

2019-01-03 12:51:19 - [TEST_STEP][PASSED] - click: Object: 'Object Repository/Final Object Repo/Login Page/Internal User/Login Button' is clicked on

2019-01-03 12:51:19 - [MESSAGE][PASSED] - Object: 'Object Repository/Final Object Repo/Login Page/Internal User/Login Button' is clicked on

2019-01-03 12:51:19 - [TEST_STEP][PASSED] - delay: Delayed 3 second(s)

2019-01-03 12:51:22 - [MESSAGE][PASSED] - Delayed 3 second(s)

2019-01-03 12:51:22 - [TEST_STEP][PASSED] - navigateToUrl: Navigate to 'https://assist2-uat.perkeso.gov.my/group/control_panel/manage?p_p_id=125&p_p_lifecycle=0&p_p_state=maximized&p_p_mode=view&refererPlid=20455&_125_usersListView=flat-users&_125_toolbarItem=view-all-users&_125_saveUsersListView=true&_125_struts_action=%2Fusers_admin%2Fview' successfully

2019-01-03 12:51:23 - [MESSAGE][PASSED] - Navigate to 'https://assist2-uat.perkeso.gov.my/group/control_panel/manage?p_p_id=125&p_p_lifecycle=0&p_p_state=maximized&p_p_mode=view&refererPlid=20455&_125_usersListView=flat-users&_125_toolbarItem=view-all-users&_125_saveUsersListView=true&_125_struts_action=%2Fusers_admin%2Fview' successfully

2019-01-03 12:51:23 - [TEST_STEP][PASSED] - delay: Delayed 3 second(s)

2019-01-03 12:51:26 - [MESSAGE][PASSED] - Delayed 3 second(s)

2019-01-03 12:51:26 - [TEST_STEP][PASSED] - setText: Text 'perkeso286737333229@gmail.com' is set on object 'Object Repository/Final Object Repo/Creating Employer Account/Page_Users and Organizations - ASSIST/Employer name'

2019-01-03 12:51:27 - [MESSAGE][PASSED] - Text 'perkeso286737333229@gmail.com' is set on object 'Object Repository/Final Object Repo/Creating Employer Account/Page_Users and Organizations - ASSIST/Employer name'

2019-01-03 12:51:27 - [TEST_STEP][PASSED] - delay: Delayed 3 second(s)

2019-01-03 12:51:30 - [MESSAGE][PASSED] - Delayed 3 second(s)

2019-01-03 12:51:30 - [TEST_STEP][PASSED] - click: Object: 'Object Repository/Final Object Repo/Creating Employer Account/Page_Users and Organizations - ASSIST/Search' is clicked on

2019-01-03 12:51:30 - [MESSAGE][PASSED] - Object: 'Object Repository/Final Object Repo/Creating Employer Account/Page_Users and Organizations - ASSIST/Search' is clicked on

2019-01-03 12:51:30 - [TEST_STEP][PASSED] - delay: Delayed 3 second(s)

2019-01-03 12:51:33 - [MESSAGE][PASSED] - Delayed 3 second(s)

2019-01-03 12:51:33 - [TEST_STEP][PASSED] - click: Object: 'Object Repository/Final Object Repo/Creating Employer Account/Page_Users and Organizations - ASSIST/Action' is clicked on

2019-01-03 12:51:33 - [MESSAGE][PASSED] - Object: 'Object Repository/Final Object Repo/Creating Employer Account/Page_Users and Organizations - ASSIST/Action' is clicked on

2019-01-03 12:51:33 - [TEST_STEP][PASSED] - delay: Delayed 3 second(s)

2019-01-03 12:51:36 - [MESSAGE][PASSED] - Delayed 3 second(s)

2019-01-03 12:51:36 - [TEST_STEP][PASSED] - click: Object: 'Object Repository/Final Object Repo/Creating Employer Account/Page_Users and Organizations - ASSIST/Edit' is clicked on

2019-01-03 12:51:38 - [MESSAGE][PASSED] - Object: 'Object Repository/Final Object Repo/Creating Employer Account/Page_Users and Organizations - ASSIST/Edit' is clicked on

2019-01-03 12:51:38 - [TEST_STEP][PASSED] - delay: Delayed 3 second(s)

2019-01-03 12:51:41 - [MESSAGE][PASSED] - Delayed 3 second(s)

2019-01-03 12:51:41 - [TEST_STEP][PASSED] - click: Object: 'Object Repository/Final Object Repo/Creating Employer Account/Page_PERKESO - Users and Organizati/a_Password (Modified)' is clicked on

2019-01-03 12:51:41 - [MESSAGE][PASSED] - Object: 'Object Repository/Final Object Repo/Creating Employer Account/Page_PERKESO - Users and Organizati/a_Password (Modified)' is clicked on

2019-01-03 12:51:41 - [TEST_STEP][PASSED] - delay: Delayed 3 second(s)

2019-01-03 12:51:44 - [MESSAGE][PASSED] - Delayed 3 second(s)

2019-01-03 12:51:44 - [TEST_STEP][PASSED] - setEncryptedText: Text ****** has been set on object 'Object Repository/Final Object Repo/Creating Employer Account/Page_PERKESO - Users and Organizati/input__125_password1'

2019-01-03 12:51:44 - [MESSAGE][PASSED] - Text ****** has been set on object 'Object Repository/Final Object Repo/Creating Employer Account/Page_PERKESO - Users and Organizati/input__125_password1'

2019-01-03 12:51:44 - [TEST_STEP][PASSED] - delay: Delayed 3 second(s)

2019-01-03 12:51:47 - [MESSAGE][PASSED] - Delayed 3 second(s)

2019-01-03 12:51:47 - [TEST_STEP][PASSED] - setEncryptedText: Text ****** has been set on object 'Object Repository/Final Object Repo/Creating Employer Account/Page_PERKESO - Users and Organizati/input__125_password2'

2019-01-03 12:51:47 - [MESSAGE][PASSED] - Text ****** has been set on object 'Object Repository/Final Object Repo/Creating Employer Account/Page_PERKESO - Users and Organizati/input__125_password2'

2019-01-03 12:51:47 - [TEST_STEP][PASSED] - delay: Delayed 3 second(s)

2019-01-03 12:51:50 - [MESSAGE][PASSED] - Delayed 3 second(s)

2019-01-03 12:51:50 - [TEST_STEP][PASSED] - click: Object: 'Object Repository/Final Object Repo/Creating Employer Account/Page_PERKESO - Users and Organizati/Save' is clicked on

2019-01-03 12:51:52 - [MESSAGE][PASSED] - Object: 'Object Repository/Final Object Repo/Creating Employer Account/Page_PERKESO - Users and Organizati/Save' is clicked on

2019-01-03 12:51:52 - [MESSAGE][PASSED] - Call Test Case 'Test Cases/Final Aug 2018 - PKS Automation/Create Employer Acc/Template/Change Password of Employer' successfully

2019-01-03 12:51:52 - [TEST_STEP][PASSED] - delay: Delayed 1 second(s)

2019-01-03 12:51:53 - [MESSAGE][PASSED] - Delayed 1 second(s)

2019-01-03 12:51:53 - [TEST_STEP][PASSED] - navigateToUrl: Navigate to 'https://assist2-uat.perkeso.gov.my/c/portal/logout' successfully

2019-01-03 12:51:54 - [MESSAGE][PASSED] - Navigate to 'https://assist2-uat.perkeso.gov.my/c/portal/logout' successfully

2019-01-03 12:51:54 - [TEST_STEP][PASSED] - delay: Delayed 1 second(s)

2019-01-03 12:51:55 - [MESSAGE][PASSED] - Delayed 1 second(s)

2019-01-03 12:51:55 - [TEST_STEP][PASSED] - callTestCase: Call Test Case 'Test Cases/Final Aug 2018 - PKS Automation/Create Employer Acc/Template/Login to Employer Account (First Time)' successfully

2019-01-03 12:51:55 - [TEST_CASE][PASSED] - Test Cases/Final Aug 2018 - PKS Automation/Create Employer Acc/Template/Login to Employer Account (First Time): Test Cases/Final Aug 2018 - PKS Automation/Create Employer Acc/Template/Login to Employer Account (First Time)

2019-01-03 12:51:55 - [TEST_STEP][PASSED] - openBrowser: Browser is opened with url: ''

2019-01-03 12:51:55 - [MESSAGE][WARNING] - A browser is already opened. Closing browser and opening a new one

2019-01-03 12:51:58 - [MESSAGE][PASSED] - Browser is opened with url: ''

2019-01-03 12:51:58 - [TEST_STEP][PASSED] - navigateToUrl: Navigate to 'https://assist2-uat.perkeso.gov.my/employer/login' successfully

2019-01-03 12:51:59 - [MESSAGE][PASSED] - Navigate to 'https://assist2-uat.perkeso.gov.my/employer/login' successfully

2019-01-03 12:51:59 - [TEST_STEP][PASSED] - delay: Delayed 3 second(s)

2019-01-03 12:52:02 - [MESSAGE][PASSED] - Delayed 3 second(s)

2019-01-03 12:52:02 - [TEST_STEP][PASSED] - callTestCase: Call Test Case 'Test Cases/Final Aug 2018 - PKS Automation/Create Employer Acc/Template/Employer Email Getter' successfully

2019-01-03 12:52:02 - [TEST_CASE][PASSED] - Test Cases/Final Aug 2018 - PKS Automation/Create Employer Acc/Template/Employer Email Getter: Test Cases/Final Aug 2018 - PKS Automation/Create Employer Acc/Template/Employer Email Getter

2019-01-03 12:52:02 - [TEST_STEP][PASSED] - Statement - Try: null

2019-01-03 12:52:02 - [TEST_STEP][PASSED] - Statement - EmpEmail = new java.io.File(C://Users//Admin//Desktop//PKS//Automation Reference Point//EmpEmail.txt): null

2019-01-03 12:52:02 - [TEST_STEP][PASSED] - Statement - bufferread = new java.io.BufferedReader(new java.io.FileReader(EmpEmail)): null

2019-01-03 12:52:02 - [TEST_STEP][PASSED] - Statement - readedVal = bufferread.readLine(): null

2019-01-03 12:52:02 - [TEST_STEP][PASSED] - Statement - out.println(readedVal): null

2019-01-03 12:52:02 - [TEST_STEP][PASSED] - Statement - Email = readedVal: null

2019-01-03 12:52:02 - [MESSAGE][PASSED] - Call Test Case 'Test Cases/Final Aug 2018 - PKS Automation/Create Employer Acc/Template/Employer Email Getter' successfully

2019-01-03 12:52:02 - [TEST_STEP][PASSED] - setText: Text 'perkeso286737333229@gmail.com' is set on object 'Object Repository/Final Object Repo/Login Page/External Login Page/Email'

2019-01-03 12:52:02 - [MESSAGE][PASSED] - Text 'perkeso286737333229@gmail.com' is set on object 'Object Repository/Final Object Repo/Login Page/External Login Page/Email'

2019-01-03 12:52:02 - [TEST_STEP][PASSED] - click: Object: 'Object Repository/Final Object Repo/Login Page/External Login Page/Next' is clicked on

2019-01-03 12:52:03 - [MESSAGE][PASSED] - Object: 'Object Repository/Final Object Repo/Login Page/External Login Page/Next' is clicked on

2019-01-03 12:52:03 - [TEST_STEP][PASSED] - delay: Delayed 3 second(s)

2019-01-03 12:52:06 - [MESSAGE][PASSED] - Delayed 3 second(s)

2019-01-03 12:52:06 - [TEST_STEP][PASSED] - setEncryptedText: Text ****** has been set on object 'Object Repository/Final Object Repo/Login Page/External Login Page/Password'

2019-01-03 12:52:06 - [MESSAGE][PASSED] - Text ****** has been set on object 'Object Repository/Final Object Repo/Login Page/External Login Page/Password'

2019-01-03 12:52:06 - [TEST_STEP][PASSED] - click: Object: 'Object Repository/Final Object Repo/Login Page/External Login Page/Login' is clicked on

2019-01-03 12:52:06 - [MESSAGE][PASSED] - Object: 'Object Repository/Final Object Repo/Login Page/External Login Page/Login' is clicked on

2019-01-03 12:52:06 - [TEST_STEP][PASSED] - delay: Delayed 3 second(s)

2019-01-03 12:52:09 - [MESSAGE][PASSED] - Delayed 3 second(s)

2019-01-03 12:52:09 - [TEST_STEP][PASSED] - click: Object: 'Object Repository/Final Object Repo/Creating Employer Account/Page_Terms of Use - ASSIST/button_I Agree' is clicked on

2019-01-03 12:52:09 - [MESSAGE][PASSED] - Object: 'Object Repository/Final Object Repo/Creating Employer Account/Page_Terms of Use - ASSIST/button_I Agree' is clicked on

2019-01-03 12:52:09 - [TEST_STEP][PASSED] - delay: Delayed 2 second(s)

2019-01-03 12:52:11 - [MESSAGE][PASSED] - Delayed 2 second(s)

2019-01-03 12:52:11 - [TEST_STEP][PASSED] - setEncryptedText: Text ****** has been set on object 'Object Repository/Final Object Repo/Creating Employer Account/Page_New Password - ASSIST/input_password1'

2019-01-03 12:52:11 - [MESSAGE][PASSED] - Text ****** has been set on object 'Object Repository/Final Object Repo/Creating Employer Account/Page_New Password - ASSIST/input_password1'

2019-01-03 12:52:11 - [TEST_STEP][PASSED] - setEncryptedText: Text ****** has been set on object 'Object Repository/Final Object Repo/Creating Employer Account/Page_New Password - ASSIST/input_password2'

2019-01-03 12:52:12 - [MESSAGE][PASSED] - Text ****** has been set on object 'Object Repository/Final Object Repo/Creating Employer Account/Page_New Password - ASSIST/input_password2'

2019-01-03 12:52:12 - [TEST_STEP][PASSED] - delay: Delayed 2 second(s)

2019-01-03 12:52:14 - [MESSAGE][PASSED] - Delayed 2 second(s)

2019-01-03 12:52:14 - [TEST_STEP][PASSED] - click: Object: 'Object Repository/Final Object Repo/Creating Employer Account/Page_New Password - ASSIST/Save' is clicked on

2019-01-03 12:52:14 - [MESSAGE][PASSED] - Object: 'Object Repository/Final Object Repo/Creating Employer Account/Page_New Password - ASSIST/Save' is clicked on

2019-01-03 12:52:14 - [TEST_STEP][PASSED] - delay: Delayed 2 second(s)

2019-01-03 12:52:16 - [MESSAGE][PASSED] - Delayed 2 second(s)

2019-01-03 12:52:16 - [TEST_STEP][PASSED] - setText: Text 'test' is set on object 'Object Repository/Final Object Repo/Creating Employer Account/Page_Password Reminder - ASSIST/Reminder Query Answer'

2019-01-03 12:52:16 - [MESSAGE][PASSED] - Text 'test' is set on object 'Object Repository/Final Object Repo/Creating Employer Account/Page_Password Reminder - ASSIST/Reminder Query Answer'

2019-01-03 12:52:16 - [TEST_STEP][PASSED] - delay: Delayed 2 second(s)

2019-01-03 12:52:18 - [MESSAGE][PASSED] - Delayed 2 second(s)

2019-01-03 12:52:18 - [TEST_STEP][PASSED] - doubleClick: Object: 'Object Repository/Final Object Repo/Creating Employer Account/Page_Password Reminder - ASSIST/Save' is double clicked on

2019-01-03 12:52:20 - [MESSAGE][PASSED] - Object: 'Object Repository/Final Object Repo/Creating Employer Account/Page_Password Reminder - ASSIST/Save' is double clicked on

2019-01-03 12:52:20 - [MESSAGE][PASSED] - Call Test Case 'Test Cases/Final Aug 2018 - PKS Automation/Create Employer Acc/Template/Login to Employer Account (First Time)' successfully

2019-01-03 12:52:20 - [MESSAGE][PASSED] - Call Test Case 'Test Cases/Final Aug 2018 - PKS Automation/Create Employer Acc/Create Employer Account' successfully

2019-01-03 12:52:20 - [TEST_STEP][PASSED] - callTestCase: Call Test Case 'Test Cases/Final Aug 2018 - PKS Automation/Registration Module/Log Out/log out avoiding katalon tagging' successfully

2019-01-03 12:52:20 - [TEST_CASE][PASSED] - Test Cases/Final Aug 2018 - PKS Automation/Registration Module/Log Out/log out avoiding katalon tagging: Test Cases/Final Aug 2018 - PKS Automation/Registration Module/Log Out/log out avoiding katalon tagging

2019-01-03 12:52:20 - [TEST_STEP][PASSED] - navigateToUrl: Navigate to 'https://assist2-uat.perkeso.gov.my/c/portal/logout' successfully

2019-01-03 12:52:21 - [MESSAGE][PASSED] - Navigate to 'https://assist2-uat.perkeso.gov.my/c/portal/logout' successfully

2019-01-03 12:52:21 - [MESSAGE][PASSED] - Call Test Case 'Test Cases/Final Aug 2018 - PKS Automation/Registration Module/Log Out/log out avoiding katalon tagging' successfully

2019-01-03 12:52:21 - [TEST_STEP][PASSED] - callTestCase: Call Test Case 'Test Cases/Final Aug 2018 - PKS Automation/Create Employer Acc/Login to Employer Account (Second time)' successfully

2019-01-03 12:52:21 - [TEST_CASE][PASSED] - Test Cases/Final Aug 2018 - PKS Automation/Create Employer Acc/Login to Employer Account (Second time): Test Cases/Final Aug 2018 - PKS Automation/Create Employer Acc/Login to Employer Account (Second time)

2019-01-03 12:52:21 - [TEST_STEP][PASSED] - openBrowser: Browser is opened with url: ''

2019-01-03 12:52:21 - [MESSAGE][WARNING] - A browser is already opened. Closing browser and opening a new one

2019-01-03 12:52:24 - [MESSAGE][PASSED] - Browser is opened with url: ''

2019-01-03 12:52:24 - [TEST_STEP][PASSED] - navigateToUrl: Navigate to 'https://assist2-uat.perkeso.gov.my/employer/login' successfully

2019-01-03 12:52:25 - [MESSAGE][PASSED] - Navigate to 'https://assist2-uat.perkeso.gov.my/employer/login' successfully

2019-01-03 12:52:25 - [TEST_STEP][PASSED] - delay: Delayed 3 second(s)

2019-01-03 12:52:28 - [MESSAGE][PASSED] - Delayed 3 second(s)

2019-01-03 12:52:28 - [TEST_STEP][PASSED] - callTestCase: Call Test Case 'Test Cases/Final Aug 2018 - PKS Automation/Create Employer Acc/Template/Employer Email Getter' successfully

2019-01-03 12:52:28 - [TEST_CASE][PASSED] - Test Cases/Final Aug 2018 - PKS Automation/Create Employer Acc/Template/Employer Email Getter: Test Cases/Final Aug 2018 - PKS Automation/Create Employer Acc/Template/Employer Email Getter

2019-01-03 12:52:28 - [TEST_STEP][PASSED] - Statement - Try: null

2019-01-03 12:52:28 - [TEST_STEP][PASSED] - Statement - EmpEmail = new java.io.File(C://Users//Admin//Desktop//PKS//Automation Reference Point//EmpEmail.txt): null

2019-01-03 12:52:28 - [TEST_STEP][PASSED] - Statement - bufferread = new java.io.BufferedReader(new java.io.FileReader(EmpEmail)): null

2019-01-03 12:52:28 - [TEST_STEP][PASSED] - Statement - readedVal = bufferread.readLine(): null

2019-01-03 12:52:28 - [TEST_STEP][PASSED] - Statement - out.println(readedVal): null

2019-01-03 12:52:28 - [TEST_STEP][PASSED] - Statement - Email = readedVal: null

2019-01-03 12:52:28 - [MESSAGE][PASSED] - Call Test Case 'Test Cases/Final Aug 2018 - PKS Automation/Create Employer Acc/Template/Employer Email Getter' successfully

2019-01-03 12:52:28 - [TEST_STEP][PASSED] - setText: Text 'perkeso286737333229@gmail.com' is set on object 'Object Repository/Final Object Repo/Login Page/External Login Page/Email'

2019-01-03 12:52:28 - [MESSAGE][PASSED] - Text 'perkeso286737333229@gmail.com' is set on object 'Object Repository/Final Object Repo/Login Page/External Login Page/Email'

2019-01-03 12:52:28 - [TEST_STEP][PASSED] - click: Object: 'Object Repository/Final Object Repo/Login Page/External Login Page/Next' is clicked on

2019-01-03 12:52:29 - [MESSAGE][PASSED] - Object: 'Object Repository/Final Object Repo/Login Page/External Login Page/Next' is clicked on

2019-01-03 12:52:29 - [TEST_STEP][PASSED] - delay: Delayed 3 second(s)

2019-01-03 12:52:32 - [MESSAGE][PASSED] - Delayed 3 second(s)

2019-01-03 12:52:32 - [TEST_STEP][PASSED] - setEncryptedText: Text ****** has been set on object 'Object Repository/Final Object Repo/Login Page/External Login Page/Password'

2019-01-03 12:52:32 - [MESSAGE][PASSED] - Text ****** has been set on object 'Object Repository/Final Object Repo/Login Page/External Login Page/Password'

2019-01-03 12:52:32 - [TEST_STEP][PASSED] - click: Object: 'Object Repository/Final Object Repo/Login Page/External Login Page/Login' is clicked on

2019-01-03 12:52:32 - [MESSAGE][PASSED] - Object: 'Object Repository/Final Object Repo/Login Page/External Login Page/Login' is clicked on

2019-01-03 12:52:32 - [TEST_STEP][PASSED] - delay: Delayed 5 second(s)

2019-01-03 12:52:37 - [MESSAGE][PASSED] - Delayed 5 second(s)

2019-01-03 12:52:37 - [MESSAGE][PASSED] - Call Test Case 'Test Cases/Final Aug 2018 - PKS Automation/Create Employer Acc/Login to Employer Account (Second time)' successfully

2019-01-03 12:52:37 - [TEST_STEP][PASSED] - delay: Delayed 4 second(s)

2019-01-03 12:52:41 - [MESSAGE][PASSED] - Delayed 4 second(s)

2019-01-03 12:52:41 - [TEST_STEP][PASSED] - Statement - Try: Delayed 2 second(s)

2019-01-03 12:52:41 - [TEST_STEP][PASSED] - Statement - Checker = false: null

2019-01-03 12:52:41 - [TEST_STEP][PASSED] - Statement - Checker = com.kms.katalon.core.webui.keyword.WebUiBuiltInKeywords.verifyElementHasAttribute(com.kms.katalon.core.testobject.ObjectRepository.findTestObject(Final Object Repo/Landing Page/BM Detecting), "href", 20, OPTIONAL): Object 'Object Repository/Final Object Repo/Landing Page/BM Detecting' has attribute 'href'

2019-01-03 12:52:41 - [MESSAGE][PASSED] - Object 'Object Repository/Final Object Repo/Landing Page/BM Detecting' has attribute 'href'

2019-01-03 12:52:41 - [TEST_STEP][PASSED] - Statement - out.println(Checker): null

2019-01-03 12:52:41 - [TEST_STEP][PASSED] - Statement - If (Checker == false): null

2019-01-03 12:52:41 - [TEST_STEP][PASSED] - Statement - Else: null

2019-01-03 12:52:41 - [TEST_STEP][PASSED] - delay: Delayed 2 second(s)

2019-01-03 12:52:43 - [MESSAGE][PASSED] - Delayed 2 second(s)

2019-01-03 12:52:43 - [TEST_STEP][PASSED] - delay: Delayed 4 second(s)

2019-01-03 12:52:47 - [MESSAGE][PASSED] - Delayed 4 second(s)

2019-01-03 12:52:47 - [TEST_STEP][PASSED] - click: Object: 'Object Repository/Final Object Repo/Landing Page/My Sites Drop Down' is clicked on

2019-01-03 12:52:47 - [MESSAGE][PASSED] - Object: 'Object Repository/Final Object Repo/Landing Page/My Sites Drop Down' is clicked on

2019-01-03 12:52:47 - [TEST_STEP][PASSED] - click: Object: 'Object Repository/Final Object Repo/Landing Page/Select to Registration Module' is clicked on

2019-01-03 12:52:50 - [MESSAGE][PASSED] - Object: 'Object Repository/Final Object Repo/Landing Page/Select to Registration Module' is clicked on

2019-01-03 12:52:50 - [TEST_STEP][PASSED] - click: Object: 'Object Repository/Final Object Repo/Landing Page/Registration Button' is clicked on

2019-01-03 12:52:51 - [MESSAGE][PASSED] - Object: 'Object Repository/Final Object Repo/Landing Page/Registration Button' is clicked on

2019-01-03 12:52:51 - [TEST_STEP][PASSED] - delay: Delayed 2 second(s)

2019-01-03 12:52:53 - [MESSAGE][PASSED] - Delayed 2 second(s)

2019-01-03 12:52:53 - [TEST_STEP][PASSED] - click: Object: 'Object Repository/Final Object Repo/New Registration - Registration Module Pages/New Reg - OTC to RO/Special Case - OTC - Form 1/AEC NO' is clicked on

2019-01-03 12:52:53 - [MESSAGE][PASSED] - Object: 'Object Repository/Final Object Repo/New Registration - Registration Module Pages/New Reg - OTC to RO/Special Case - OTC - Form 1/AEC NO' is clicked on

2019-01-03 12:52:53 - [TEST_STEP][PASSED] - click: Object: 'Object Repository/Final Object Repo/New Registration - Registration Module Pages/New Reg - OTC to RO/Special Case - OTC - Form 1/Business Entity - Please Select' is clicked on

2019-01-03 12:52:53 - [MESSAGE][PASSED] - Object: 'Object Repository/Final Object Repo/New Registration - Registration Module Pages/New Reg - OTC to RO/Special Case - OTC - Form 1/Business Entity - Please Select' is clicked on

2019-01-03 12:52:53 - [TEST_STEP][PASSED] - click: Object: 'Object Repository/Final Object Repo/New Registration - Registration Module Pages/New Reg - OTC to RO/Special Case - OTC - Form 1/Selected - Corporation' is clicked on

2019-01-03 12:52:54 - [MESSAGE][PASSED] - Object: 'Object Repository/Final Object Repo/New Registration - Registration Module Pages/New Reg - OTC to RO/Special Case - OTC - Form 1/Selected - Corporation' is clicked on

2019-01-03 12:52:54 - [TEST_STEP][PASSED] - delay: Delayed 2 second(s)

2019-01-03 12:52:56 - [MESSAGE][PASSED] - Delayed 2 second(s)

2019-01-03 12:52:56 - [TEST_STEP][PASSED] - click: Object: 'Object Repository/Final Object Repo/New Registration - Registration Module Pages/New Reg - OTC to RO/Special Case - OTC - Form 1/Sub Business Entity - Please Select' is clicked on

2019-01-03 12:52:56 - [MESSAGE][PASSED] - Object: 'Object Repository/Final Object Repo/New Registration - Registration Module Pages/New Reg - OTC to RO/Special Case - OTC - Form 1/Sub Business Entity - Please Select' is clicked on

2019-01-03 12:52:56 - [TEST_STEP][PASSED] - delay: Delayed 2 second(s)

2019-01-03 12:52:58 - [MESSAGE][PASSED] - Delayed 2 second(s)

2019-01-03 12:52:58 - [TEST_STEP][PASSED] - click: Object: 'Object Repository/Final Object Repo/New Registration - Registration Module Pages/New Reg - OTC to RO/Special Case - OTC - Form 1/Selected - Sendirian Berhad' is clicked on

2019-01-03 12:52:58 - [MESSAGE][PASSED] - Object: 'Object Repository/Final Object Repo/New Registration - Registration Module Pages/New Reg - OTC to RO/Special Case - OTC - Form 1/Selected - Sendirian Berhad' is clicked on

2019-01-03 12:52:58 - [TEST_STEP][PASSED] - setText: Text 'AUTOMATE001' is set on object 'Object Repository/Final Object Repo/New Registration - Registration Module Pages/New Reg - OTC to RO/Special Case - OTC - Form 1/Input BRN Number'

2019-01-03 12:52:58 - [MESSAGE][PASSED] - Text 'AUTOMATE001' is set on object 'Object Repository/Final Object Repo/New Registration - Registration Module Pages/New Reg - OTC to RO/Special Case - OTC - Form 1/Input BRN Number'

2019-01-03 12:52:58 - [TEST_STEP][PASSED] - delay: Delayed 2 second(s)

2019-01-03 12:53:00 - [MESSAGE][PASSED] - Delayed 2 second(s)

2019-01-03 12:53:00 - [TEST_STEP][PASSED] - click: Object: 'Object Repository/Final Object Repo/New Registration - Registration Module Pages/New Reg - OTC to RO/Special Case - OTC - Form 1/BRN Search' is clicked on

2019-01-03 12:53:01 - [MESSAGE][PASSED] - Object: 'Object Repository/Final Object Repo/New Registration - Registration Module Pages/New Reg - OTC to RO/Special Case - OTC - Form 1/BRN Search' is clicked on

2019-01-03 12:53:01 - [TEST_STEP][PASSED] - delay: Delayed 4 second(s)

2019-01-03 12:53:05 - [MESSAGE][PASSED] - Delayed 4 second(s)

2019-01-03 12:53:05 - [TEST_STEP][PASSED] - click: Object: 'Object Repository/Final Object Repo/New Registration - Registration Module Pages/New Reg - OTC to RO/Special Case - OTC - Form 1/Registered with SSM - After Feb 2017' is clicked on

2019-01-03 12:53:05 - [MESSAGE][PASSED] - Object: 'Object Repository/Final Object Repo/New Registration - Registration Module Pages/New Reg - OTC to RO/Special Case - OTC - Form 1/Registered with SSM - After Feb 2017' is clicked on

2019-01-03 12:53:05 - [TEST_STEP][PASSED] - delay: Delayed 2 second(s)

2019-01-03 12:53:07 - [MESSAGE][PASSED] - Delayed 2 second(s)

2019-01-03 12:53:07 - [TEST_STEP][PASSED] - click: Object: 'Object Repository/Final Object Repo/New Registration - Registration Module Pages/Form 1/Registered As a Branch - Yes' is clicked on

2019-01-03 12:53:07 - [MESSAGE][PASSED] - Object: 'Object Repository/Final Object Repo/New Registration - Registration Module Pages/Form 1/Registered As a Branch - Yes' is clicked on

2019-01-03 12:53:07 - [TEST_STEP][PASSED] - click: Object: 'Object Repository/Final Object Repo/New Registration - Registration Module Pages/New Reg - OTC to RO/Special Case - OTC - Form 1/Acknowledgement Ticked' is clicked on

2019-01-03 12:53:07 - [MESSAGE][PASSED] - Object: 'Object Repository/Final Object Repo/New Registration - Registration Module Pages/New Reg - OTC to RO/Special Case - OTC - Form 1/Acknowledgement Ticked' is clicked on

2019-01-03 12:53:07 - [TEST_STEP][PASSED] - setText: Text 'perkeso286737333229@gmail.com' is set on object 'Object Repository/Final Object Repo/New Registration - Registration Module Pages/Form 1/Email'

2019-01-03 12:53:08 - [MESSAGE][PASSED] - Text 'perkeso286737333229@gmail.com' is set on object 'Object Repository/Final Object Repo/New Registration - Registration Module Pages/Form 1/Email'

2019-01-03 12:53:08 - [TEST_STEP][PASSED] - click: Object: 'Object Repository/Final Object Repo/New Registration - Registration Module Pages/New Reg - OTC to RO/Special Case - OTC - Form 1/Submit Button' is clicked on

2019-01-03 12:53:08 - [MESSAGE][PASSED] - Object: 'Object Repository/Final Object Repo/New Registration - Registration Module Pages/New Reg - OTC to RO/Special Case - OTC - Form 1/Submit Button' is clicked on

2019-01-03 12:53:08 - [TEST_STEP][PASSED] - callTestCase: Call Test Case 'Test Cases/Final Aug 2018 - PKS Automation/Registration Module/New Registration/Form 2/Add 1 Eligible - Employer Account Use' successfully

2019-01-03 12:53:08 - [TEST_CASE][PASSED] - Test Cases/Final Aug 2018 - PKS Automation/Registration Module/New Registration/Form 2/Add 1 Eligible - Employer Account Use: Test Cases/Final Aug 2018 - PKS Automation/Registration Module/New Registration/Form 2/Add 1 Eligible - Employer Account Use

2019-01-03 12:53:08 - [TEST_STEP][PASSED] - delay: Delayed 2 second(s)

2019-01-03 12:53:10 - [MESSAGE][PASSED] - Delayed 2 second(s)

2019-01-03 12:53:10 - [TEST_STEP][PASSED] - callTestCase: Call Test Case 'Test Cases/Final Aug 2018 - PKS Automation/Registration Module/New Registration/Form 2/Date Updater' successfully

2019-01-03 12:53:10 - [TEST_CASE][PASSED] - Test Cases/Final Aug 2018 - PKS Automation/Registration Module/New Registration/Form 2/Date Updater: Test Cases/Final Aug 2018 - PKS Automation/Registration Module/New Registration/Form 2/Date Updater

2019-01-03 12:53:10 - [TEST_STEP][PASSED] - Statement - TodayDate = new java.util.Date(): null

2019-01-03 12:53:10 - [TEST_STEP][PASSED] - Statement - CurrentDateNoFilter = new java.text.SimpleDateFormat(): null

2019-01-03 12:53:10 - [TEST_STEP][PASSED] - Statement - CurrentDateNoFilter.applyPattern("MM"): null

2019-01-03 12:53:10 - [TEST_STEP][PASSED] - Statement - monthContainerMatcher = java.lang.Integer.parseInt(CurrentDateNoFilter.format(TodayDate)): null

2019-01-03 12:53:10 - [TEST_STEP][PASSED] - Statement - monthContainerMatcher = monthContainerMatcher - 1: null

2019-01-03 12:53:10 - [TEST_STEP][PASSED] - Statement - CurrentMonth = monthContainerMatcher.toString(): null

2019-01-03 12:53:10 - [TEST_STEP][PASSED] - Statement - CurrentMonth = CurrentMonth: null

2019-01-03 12:53:10 - [TEST_STEP][PASSED] - Statement - CurrentDateNoFilter.applyPattern("yyyy"): null

2019-01-03 12:53:10 - [TEST_STEP][PASSED] - Statement - CurrentYear = CurrentDateNoFilter.format(TodayDate): null

2019-01-03 12:53:10 - [TEST_STEP][PASSED] - Statement - CurrentYear = CurrentYear: null

2019-01-03 12:53:10 - [TEST_STEP][PASSED] - Statement - intCurrentYear = java.lang.Integer.parseInt(CurrentDateNoFilter.format(TodayDate)): null

2019-01-03 12:53:10 - [TEST_STEP][PASSED] - Statement - eighteenYrsAgo = intCurrentYear - 18: null

2019-01-03 12:53:10 - [TEST_STEP][PASSED] - Statement - eighteenYrsBeforeThisYr = eighteenYrsAgo.toString(): null

2019-01-03 12:53:10 - [TEST_STEP][PASSED] - Statement - EighteenYrsBefore = eighteenYrsBeforeThisYr: null

2019-01-03 12:53:10 - [TEST_STEP][PASSED] - Statement - fiftysevenYrsAgo = intCurrentYear - 57: null

2019-01-03 12:53:10 - [TEST_STEP][PASSED] - Statement - fiftysevenYrsBeforeThisYr = fiftysevenYrsAgo.toString(): null

2019-01-03 12:53:10 - [TEST_STEP][PASSED] - Statement - FiftysevenYrsBefore = fiftysevenYrsBeforeThisYr: null

2019-01-03 12:53:10 - [TEST_STEP][PASSED] - Statement - leapYear = false: null

2019-01-03 12:53:10 - [TEST_STEP][PASSED] - Statement - leapYear = intCurrentYear % 4 == 0: null

2019-01-03 12:53:10 - [TEST_STEP][PASSED] - Statement - CurrentDateNoFilter.applyPattern("dd"): null

2019-01-03 12:53:10 - [TEST_STEP][PASSED] - Statement - CurrentDate = CurrentDateNoFilter.format(TodayDate): null

2019-01-03 12:53:10 - [TEST_STEP][PASSED] - Statement - CurrentDate = java.lang.Integer.parseInt(CurrentDate): null

2019-01-03 12:53:10 - [TEST_STEP][PASSED] - Statement - CurrentDate = CurrentDate: null

2019-01-03 12:53:10 - [TEST_STEP][PASSED] - Statement - CurrentDay = java.lang.Integer.parseInt(CurrentDate): null

2019-01-03 12:53:10 - [TEST_STEP][PASSED] - Statement - ConfAdder = <not implemented yet for class: org.codehaus.groovy.ast.expr.EmptyExpression>: null

2019-01-03 12:53:10 - [TEST_STEP][PASSED] - Statement - out.println(CurrentMonth): null

2019-01-03 12:53:10 - [TEST_STEP][PASSED] - Statement - out.println(CurrentDate): null

2019-01-03 12:53:10 - [TEST_STEP][PASSED] - Statement - switch (CurrentDate): null

2019-01-03 12:53:10 - [TEST_STEP][PASSED] - Statement - Default: null

2019-01-03 12:53:10 - [TEST_STEP][PASSED] - Statement - ConfAdder = true: null

2019-01-03 12:53:10 - [TEST_STEP][PASSED] - Statement - Break: null

2019-01-03 12:53:10 - [TEST_STEP][PASSED] - Statement - aDayBefore = <not implemented yet for class: org.codehaus.groovy.ast.expr.EmptyExpression>: null

2019-01-03 12:53:10 - [TEST_STEP][PASSED] - Statement - out.println(ConfAdder): null

2019-01-03 12:53:10 - [TEST_STEP][PASSED] - Statement - If (ConfAdder == true): null

2019-01-03 12:53:10 - [TEST_STEP][PASSED] - Statement - aDayBefore = CurrentDay + 1: null

2019-01-03 12:53:10 - [TEST_STEP][PASSED] - Statement - out.println(aDayBefore): null

2019-01-03 12:53:10 - [TEST_STEP][PASSED] - Statement - If (aDayBefore == 1 && CurrentMonth == 11): null

2019-01-03 12:53:10 - [TEST_STEP][PASSED] - Statement - DayBefore = aDayBefore.toString(): null

2019-01-03 12:53:10 - [TEST_STEP][PASSED] - Statement - OneDayBefore = DayBefore: null

2019-01-03 12:53:10 - [MESSAGE][PASSED] - Call Test Case 'Test Cases/Final Aug 2018 - PKS Automation/Registration Module/New Registration/Form 2/Date Updater' successfully

2019-01-03 12:53:10 - [TEST_STEP][PASSED] - delay: Delayed 1 second(s)

2019-01-03 12:53:11 - [MESSAGE][PASSED] - Delayed 1 second(s)

2019-01-03 12:53:11 - [TEST_STEP][PASSED] - Statement - CaseReferenceNo = com.kms.katalon.core.webui.keyword.WebUiBuiltInKeywords.getText(com.kms.katalon.core.testobject.ObjectRepository.findTestObject(Final Object Repo/New Registration - Registration Module Pages/Form 2/RefNo Acquiring)): Text of object 'Object Repository/Final Object Repo/New Registration - Registration Module Pages/Form 2/RefNo Acquiring' is: 'CRN01201900123566'

2019-01-03 12:53:11 - [MESSAGE][PASSED] - Text of object 'Object Repository/Final Object Repo/New Registration - Registration Module Pages/Form 2/RefNo Acquiring' is: 'CRN01201900123566'

2019-01-03 12:53:11 - [TEST_STEP][PASSED] - delay: Delayed 1 second(s)

2019-01-03 12:53:12 - [MESSAGE][PASSED] - Delayed 1 second(s)

2019-01-03 12:53:12 - [TEST_STEP][PASSED] - click: Object: 'Object Repository/Final Object Repo/New Registration - Registration Module Pages/Form 2/Add Employee Button' is clicked on

2019-01-03 12:53:12 - [MESSAGE][PASSED] - Object: 'Object Repository/Final Object Repo/New Registration - Registration Module Pages/Form 2/Add Employee Button' is clicked on

2019-01-03 12:53:12 - [TEST_STEP][PASSED] - delay: Delayed 1 second(s)

2019-01-03 12:53:13 - [MESSAGE][PASSED] - Delayed 1 second(s)

2019-01-03 12:53:13 - [TEST_STEP][PASSED] - setText: Text '010903091948' is set on object 'Object Repository/Final Object Repo/New Registration - Registration Module Pages/Form 2/NRIC Input'

2019-01-03 12:53:14 - [MESSAGE][PASSED] - Text '010903091948' is set on object 'Object Repository/Final Object Repo/New Registration - Registration Module Pages/Form 2/NRIC Input'

2019-01-03 12:53:14 - [TEST_STEP][PASSED] - delay: Delayed 2 second(s)

2019-01-03 12:53:16 - [MESSAGE][PASSED] - Delayed 2 second(s)

2019-01-03 12:53:16 - [TEST_STEP][PASSED] - setText: Text 'Automate001 eligible 1' is set on object 'Object Repository/Final Object Repo/New Registration - Registration Module Pages/Form 2/Employee Name Input'

2019-01-03 12:53:16 - [MESSAGE][PASSED] - Text 'Automate001 eligible 1' is set on object 'Object Repository/Final Object Repo/New Registration - Registration Module Pages/Form 2/Employee Name Input'

2019-01-03 12:53:16 - [TEST_STEP][PASSED] - delay: Delayed 2 second(s)

2019-01-03 12:53:18 - [MESSAGE][PASSED] - Delayed 2 second(s)

2019-01-03 12:53:18 - [TEST_STEP][PASSED] - click: Object: 'Object Repository/Final Object Repo/New Registration - Registration Module Pages/Form 2/DatePicker Pop Up' is clicked on

2019-01-03 12:53:18 - [MESSAGE][PASSED] - Object: 'Object Repository/Final Object Repo/New Registration - Registration Module Pages/Form 2/DatePicker Pop Up' is clicked on

2019-01-03 12:53:18 - [TEST_STEP][PASSED] - click: Object: 'Object Repository/Final Object Repo/New Registration - Registration Module Pages/Form 2/DOB Month' is clicked on

2019-01-03 12:53:19 - [MESSAGE][PASSED] - Object: 'Object Repository/Final Object Repo/New Registration - Registration Module Pages/Form 2/DOB Month' is clicked on

2019-01-03 12:53:19 - [TEST_STEP][PASSED] - Statement - CurrentMonth = CurrentMonth: null

2019-01-03 12:53:19 - [TEST_STEP][PASSED] - Statement - selectMonth = new com.kms.katalon.core.testobject.TestObject(): null

2019-01-03 12:53:19 - [TEST_STEP][PASSED] - Statement - selectMonth.addProperty("xpath", EQUALS, "//body/div/div/div/select/option[@value='" + CurrentMonth + "']", true): null

2019-01-03 12:53:19 - [TEST_STEP][PASSED] - click: Object: '' is clicked on

2019-01-03 12:53:19 - [MESSAGE][PASSED] - Object: '' is clicked on

2019-01-03 12:53:19 - [TEST_STEP][PASSED] - click: Object: 'Object Repository/Final Object Repo/New Registration - Registration Module Pages/Form 2/DOB Year' is clicked on

2019-01-03 12:53:19 - [MESSAGE][PASSED] - Object: 'Object Repository/Final Object Repo/New Registration - Registration Module Pages/Form 2/DOB Year' is clicked on

2019-01-03 12:53:19 - [TEST_STEP][PASSED] - Statement - Eyearsbf = EighteenYrsBefore: null

2019-01-03 12:53:19 - [TEST_STEP][PASSED] - Statement - selectYear = new com.kms.katalon.core.testobject.TestObject(): null

2019-01-03 12:53:19 - [TEST_STEP][PASSED] - Statement - selectYear.addProperty("xpath", EQUALS, "//div/div/div/select/option[@value='" + Eyearsbf + "']", true): null

2019-01-03 12:53:19 - [TEST_STEP][PASSED] - click: Object: '' is clicked on

2019-01-03 12:53:19 - [MESSAGE][PASSED] - Object: '' is clicked on

2019-01-03 12:53:19 - [TEST_STEP][PASSED] - Statement - UpdatedSelectDate = com.kms.katalon.core.webui.keyword.WebUiBuiltInKeywords.modifyObjectProperty(com.kms.katalon.core.testobject.ObjectRepository.findTestObject(Final Object Repo/New Registration - Registration Module Pages/Form 2/DOB Date), "xpath", "equals", "//body/div/table/tbody/tr/td/a[text()="" + CurrentDate + ""]", true): Modify property of object successfully

2019-01-03 12:53:19 - [MESSAGE][PASSED] - Modify property of object successfully

2019-01-03 12:53:19 - [TEST_STEP][PASSED] - delay: Delayed 3 second(s)

2019-01-03 12:53:22 - [MESSAGE][PASSED] - Delayed 3 second(s)

2019-01-03 12:53:22 - [TEST_STEP][PASSED] - click: Object: 'Object Repository/Final Object Repo/New Registration - Registration Module Pages/Form 2/DOB Date' is clicked on

2019-01-03 12:53:22 - [MESSAGE][PASSED] - Object: 'Object Repository/Final Object Repo/New Registration - Registration Module Pages/Form 2/DOB Date' is clicked on

2019-01-03 12:53:22 - [TEST_STEP][PASSED] - delay: Delayed 2 second(s)

2019-01-03 12:53:24 - [MESSAGE][PASSED] - Delayed 2 second(s)

2019-01-03 12:53:24 - [TEST_STEP][PASSED] - click: Object: 'Object Repository/Final Object Repo/New Registration - Registration Module Pages/Form 2/EmploymentStartDate Pop Up' is clicked on

2019-01-03 12:53:24 - [MESSAGE][PASSED] - Object: 'Object Repository/Final Object Repo/New Registration - Registration Module Pages/Form 2/EmploymentStartDate Pop Up' is clicked on

2019-01-03 12:53:24 - [TEST_STEP][PASSED] - delay: Delayed 2 second(s)

2019-01-03 12:53:26 - [MESSAGE][PASSED] - Delayed 2 second(s)

2019-01-03 12:53:26 - [TEST_STEP][PASSED] - click: Object: 'Object Repository/Final Object Repo/New Registration - Registration Module Pages/Form 2/Socso Employment StartDate Month' is clicked on

2019-01-03 12:53:26 - [MESSAGE][PASSED] - Object: 'Object Repository/Final Object Repo/New Registration - Registration Module Pages/Form 2/Socso Employment StartDate Month' is clicked on

2019-01-03 12:53:26 - [TEST_STEP][PASSED] - delay: Delayed 1 second(s)

2019-01-03 12:53:27 - [MESSAGE][PASSED] - Delayed 1 second(s)

2019-01-03 12:53:27 - [TEST_STEP][PASSED] - click: Object: 'Object Repository/Final Object Repo/New Registration - Registration Module Pages/Form 2/Select Socso Employement Startdate Month' is clicked on

2019-01-03 12:53:28 - [MESSAGE][PASSED] - Object: 'Object Repository/Final Object Repo/New Registration - Registration Module Pages/Form 2/Select Socso Employement Startdate Month' is clicked on

2019-01-03 12:53:28 - [TEST_STEP][PASSED] - delay: Delayed 2 second(s)

2019-01-03 12:53:30 - [MESSAGE][PASSED] - Delayed 2 second(s)

2019-01-03 12:53:30 - [TEST_STEP][PASSED] - click: Object: 'Object Repository/Final Object Repo/New Registration - Registration Module Pages/Form 2/Socso Employment StartDate Year' is clicked on

2019-01-03 12:53:30 - [MESSAGE][PASSED] - Object: 'Object Repository/Final Object Repo/New Registration - Registration Module Pages/Form 2/Socso Employment StartDate Year' is clicked on

2019-01-03 12:53:30 - [TEST_STEP][PASSED] - delay: Delayed 1 second(s)

2019-01-03 12:53:31 - [MESSAGE][PASSED] - Delayed 1 second(s)

2019-01-03 12:53:31 - [TEST_STEP][PASSED] - click: Object: 'Object Repository/Final Object Repo/New Registration - Registration Module Pages/Form 2/Select Socso Employment Startdate Year' is clicked on

2019-01-03 12:53:31 - [MESSAGE][PASSED] - Object: 'Object Repository/Final Object Repo/New Registration - Registration Module Pages/Form 2/Select Socso Employment Startdate Year' is clicked on

2019-01-03 12:53:31 - [TEST_STEP][PASSED] - delay: Delayed 2 second(s)

2019-01-03 12:53:33 - [MESSAGE][PASSED] - Delayed 2 second(s)

2019-01-03 12:53:33 - [TEST_STEP][PASSED] - click: Object: 'Object Repository/Final Object Repo/New Registration - Registration Module Pages/Form 2/Socso Employment Start Date Day' is clicked on

2019-01-03 12:53:33 - [MESSAGE][PASSED] - Object: 'Object Repository/Final Object Repo/New Registration - Registration Module Pages/Form 2/Socso Employment Start Date Day' is clicked on

2019-01-03 12:53:33 - [TEST_STEP][PASSED] - delay: Delayed 2 second(s)

2019-01-03 12:53:35 - [MESSAGE][PASSED] - Delayed 2 second(s)

2019-01-03 12:53:35 - [TEST_STEP][PASSED] - click: Object: 'Object Repository/Final Object Repo/New Registration - Registration Module Pages/Form 2/Save Button for Add Employee' is clicked on

2019-01-03 12:53:35 - [MESSAGE][PASSED] - Object: 'Object Repository/Final Object Repo/New Registration - Registration Module Pages/Form 2/Save Button for Add Employee' is clicked on

2019-01-03 12:53:35 - [TEST_STEP][PASSED] - delay: Delayed 6 second(s)

2019-01-03 12:53:41 - [MESSAGE][PASSED] - Delayed 6 second(s)

2019-01-03 12:53:41 - [TEST_STEP][PASSED] - click: Object: 'Object Repository/Final Object Repo/New Registration - Registration Module Pages/Form 2/Save and Continue Form 2' is clicked on

2019-01-03 12:53:41 - [MESSAGE][PASSED] - Object: 'Object Repository/Final Object Repo/New Registration - Registration Module Pages/Form 2/Save and Continue Form 2' is clicked on

2019-01-03 12:53:41 - [MESSAGE][PASSED] - Call Test Case 'Test Cases/Final Aug 2018 - PKS Automation/Registration Module/New Registration/Form 2/Add 1 Eligible - Employer Account Use' successfully

2019-01-03 12:53:41 - [TEST_STEP][PASSED] - callTestCase: Call Test Case 'Test Cases/Final Aug 2018 - PKS Automation/Registration Module/New Registration/Flow of New Registration/Third Screen - Upload Supporting Doc - Preview' successfully

2019-01-03 12:53:41 - [TEST_CASE][PASSED] - Test Cases/Final Aug 2018 - PKS Automation/Registration Module/New Registration/Flow of New Registration/Third Screen - Upload Supporting Doc - Preview: Test Cases/Final Aug 2018 - PKS Automation/Registration Module/New Registration/Flow of New Registration/Third Screen - Upload Supporting Doc - Preview

2019-01-03 12:53:42 - [TEST_STEP][PASSED] - waitForPageLoad: Wait for page load successfully

2019-01-03 12:53:42 - [MESSAGE][PASSED] - Wait for page load successfully

2019-01-03 12:53:42 - [TEST_STEP][PASSED] - Statement - CaseReferenceNo = com.kms.katalon.core.webui.keyword.WebUiBuiltInKeywords.getText(com.kms.katalon.core.testobject.ObjectRepository.findTestObject(Final Object Repo/New Registration - Registration Module Pages/Third Screen - Upload Supporting Doc- Preview/RefNo Acquiring)): Text of object 'Object Repository/Final Object Repo/New Registration - Registration Module Pages/Third Screen - Upload Supporting Doc- Preview/RefNo Acquiring' is: 'CRN01201900123566'

2019-01-03 12:53:42 - [MESSAGE][PASSED] - Text of object 'Object Repository/Final Object Repo/New Registration - Registration Module Pages/Third Screen - Upload Supporting Doc- Preview/RefNo Acquiring' is: 'CRN01201900123566'

2019-01-03 12:53:42 - [TEST_STEP][PASSED] - delay: Delayed 2 second(s)

2019-01-03 12:53:44 - [MESSAGE][PASSED] - Delayed 2 second(s)

2019-01-03 12:53:44 - [TEST_STEP][PASSED] - callTestCase: Call Test Case 'Test Cases/Final Aug 2018 - PKS Automation/Common/Reference Number Setter' successfully

2019-01-03 12:53:44 - [TEST_CASE][PASSED] - Test Cases/Final Aug 2018 - PKS Automation/Common/Reference Number Setter: Test Cases/Final Aug 2018 - PKS Automation/Common/Reference Number Setter

2019-01-03 12:53:44 - [TEST_STEP][PASSED] - Statement - RefNoOldFile = new java.io.File(C://Users//Admin//Desktop//PKS//Automation Reference Point//KatalonReference.txt): null

2019-01-03 12:53:44 - [TEST_STEP][PASSED] - Statement - RefNoOldFile.delete(): null

2019-01-03 12:53:44 - [TEST_STEP][PASSED] - delay: Delayed 5 second(s)

2019-01-03 12:53:49 - [MESSAGE][PASSED] - Delayed 5 second(s)

2019-01-03 12:53:49 - [TEST_STEP][PASSED] - Statement - RefNo = new java.io.File(C://Users//Admin//Desktop//PKS//Automation Reference Point//KatalonReference.txt): null

2019-01-03 12:53:49 - [TEST_STEP][PASSED] - Statement - f2 = new java.io.FileWriter(RefNo, false): null

2019-01-03 12:53:49 - [TEST_STEP][PASSED] - Statement - f2.write(CaseReferenceNo): null

2019-01-03 12:53:49 - [TEST_STEP][PASSED] - Statement - f2.close(): null

2019-01-03 12:53:49 - [TEST_STEP][PASSED] - Statement - out.println("


" + CaseReferenceNo + "


"): null

2019-01-03 12:53:49 - [MESSAGE][PASSED] - Call Test Case 'Test Cases/Final Aug 2018 - PKS Automation/Common/Reference Number Setter' successfully

2019-01-03 12:53:49 - [TEST_STEP][PASSED] - waitForElementClickable: Object 'Object Repository/Final Object Repo/New Registration - Registration Module Pages/Third Screen - Upload Supporting Doc- Preview/Save n Continue in SIP Employee Listing Page' is clickable

2019-01-03 12:53:49 - [MESSAGE][PASSED] - Object 'Object Repository/Final Object Repo/New Registration - Registration Module Pages/Third Screen - Upload Supporting Doc- Preview/Save n Continue in SIP Employee Listing Page' is clickable

2019-01-03 12:53:49 - [TEST_STEP][PASSED] - click: Object: 'Object Repository/Final Object Repo/New Registration - Registration Module Pages/Third Screen - Upload Supporting Doc- Preview/Save n Continue in SIP Employee Listing Page' is clicked on

2019-01-03 12:53:55 - [MESSAGE][PASSED] - Object: 'Object Repository/Final Object Repo/New Registration - Registration Module Pages/Third Screen - Upload Supporting Doc- Preview/Save n Continue in SIP Employee Listing Page' is clicked on

2019-01-03 12:53:55 - [TEST_STEP][PASSED] - delay: Delayed 7 second(s)

2019-01-03 12:54:02 - [MESSAGE][PASSED] - Delayed 7 second(s)

2019-01-03 12:54:02 - [TEST_STEP][PASSED] - click: Object: 'Object Repository/Final Object Repo/New Registration - Registration Module Pages/Third Screen - Upload Supporting Doc- Preview/Add Document Button' is clicked on

2019-01-03 12:54:02 - [MESSAGE][PASSED] - Object: 'Object Repository/Final Object Repo/New Registration - Registration Module Pages/Third Screen - Upload Supporting Doc- Preview/Add Document Button' is clicked on

2019-01-03 12:54:02 - [TEST_STEP][PASSED] - delay: Delayed 30 second(s)

2019-01-03 12:54:32 - [MESSAGE][PASSED] - Delayed 30 second(s)

2019-01-03 12:54:32 - [TEST_STEP][PASSED] - click: Object: 'Object Repository/Final Object Repo/New Registration - Registration Module Pages/Third Screen - Upload Supporting Doc- Preview/Supporting Doc Please Select Drop Down' is clicked on

2019-01-03 12:54:32 - [MESSAGE][PASSED] - Object: 'Object Repository/Final Object Repo/New Registration - Registration Module Pages/Third Screen - Upload Supporting Doc- Preview/Supporting Doc Please Select Drop Down' is clicked on

2019-01-03 12:54:32 - [TEST_STEP][PASSED] - delay: Delayed 2 second(s)

2019-01-03 12:54:34 - [MESSAGE][PASSED] - Delayed 2 second(s)

2019-01-03 12:54:34 - [TEST_STEP][PASSED] - click: Object: 'Object Repository/Final Object Repo/New Registration - Registration Module Pages/Third Screen - Upload Supporting Doc- Preview/Select to Upload Form 1' is clicked on

2019-01-03 12:54:34 - [MESSAGE][PASSED] - Object: 'Object Repository/Final Object Repo/New Registration - Registration Module Pages/Third Screen - Upload Supporting Doc- Preview/Select to Upload Form 1' is clicked on

2019-01-03 12:54:34 - [TEST_STEP][PASSED] - delay: Delayed 2 second(s)

2019-01-03 12:54:36 - [MESSAGE][PASSED] - Delayed 2 second(s)

2019-01-03 12:54:36 - [TEST_STEP][PASSED] - uploadFile: File 'C:\Users\Public\Pictures\Sample Pictures\Koala.jpg' sent to object: 'Object Repository/Final Object Repo/New Registration - Registration Module Pages/Third Screen - Upload Supporting Doc- Preview/Upload File Adding'

2019-01-03 12:54:36 - [MESSAGE][PASSED] - File 'C:\Users\Public\Pictures\Sample Pictures\Koala.jpg' sent to object: 'Object Repository/Final Object Repo/New Registration - Registration Module Pages/Third Screen - Upload Supporting Doc- Preview/Upload File Adding'

2019-01-03 12:54:36 - [TEST_STEP][PASSED] - delay: Delayed 5 second(s)

2019-01-03 12:54:41 - [MESSAGE][PASSED] - Delayed 5 second(s)

2019-01-03 12:54:41 - [TEST_STEP][PASSED] - click: Object: 'Object Repository/Final Object Repo/New Registration - Registration Module Pages/Third Screen - Upload Supporting Doc- Preview/Inner Form Add Document Button' is clicked on

2019-01-03 12:54:42 - [MESSAGE][PASSED] - Object: 'Object Repository/Final Object Repo/New Registration - Registration Module Pages/Third Screen - Upload Supporting Doc- Preview/Inner Form Add Document Button' is clicked on

2019-01-03 12:54:42 - [TEST_STEP][PASSED] - delay: Delayed 3 second(s)

2019-01-03 12:54:45 - [MESSAGE][PASSED] - Delayed 3 second(s)

2019-01-03 12:54:45 - [TEST_STEP][PASSED] - click: Object: 'Object Repository/Final Object Repo/New Registration - Registration Module Pages/Third Screen - Upload Supporting Doc- Preview/Add Document Button' is clicked on

2019-01-03 12:54:46 - [MESSAGE][PASSED] - Object: 'Object Repository/Final Object Repo/New Registration - Registration Module Pages/Third Screen - Upload Supporting Doc- Preview/Add Document Button' is clicked on

2019-01-03 12:54:46 - [TEST_STEP][PASSED] - delay: Delayed 30 second(s)

2019-01-03 12:55:16 - [MESSAGE][PASSED] - Delayed 30 second(s)

2019-01-03 12:55:16 - [TEST_STEP][PASSED] - click: Object: 'Object Repository/Final Object Repo/New Registration - Registration Module Pages/Third Screen - Upload Supporting Doc- Preview/Supporting Doc Please Select Drop Down' is clicked on

2019-01-03 12:55:16 - [MESSAGE][PASSED] - Object: 'Object Repository/Final Object Repo/New Registration - Registration Module Pages/Third Screen - Upload Supporting Doc- Preview/Supporting Doc Please Select Drop Down' is clicked on

2019-01-03 12:55:16 - [TEST_STEP][PASSED] - delay: Delayed 4 second(s)

2019-01-03 12:55:20 - [MESSAGE][PASSED] - Delayed 4 second(s)

2019-01-03 12:55:20 - [TEST_STEP][PASSED] - click: Object: 'Object Repository/Final Object Repo/New Registration - Registration Module Pages/Third Screen - Upload Supporting Doc- Preview/Select to Upload Form 2' is clicked on

2019-01-03 12:55:20 - [MESSAGE][PASSED] - Object: 'Object Repository/Final Object Repo/New Registration - Registration Module Pages/Third Screen - Upload Supporting Doc- Preview/Select to Upload Form 2' is clicked on

2019-01-03 12:55:20 - [TEST_STEP][PASSED] - delay: Delayed 2 second(s)

2019-01-03 12:55:22 - [MESSAGE][PASSED] - Delayed 2 second(s)

2019-01-03 12:55:22 - [TEST_STEP][PASSED] - uploadFile: File 'C:\Users\Public\Pictures\Sample Pictures\Koala.jpg' sent to object: 'Object Repository/Final Object Repo/New Registration - Registration Module Pages/Third Screen - Upload Supporting Doc- Preview/Upload File Adding'

2019-01-03 12:55:22 - [MESSAGE][PASSED] - File 'C:\Users\Public\Pictures\Sample Pictures\Koala.jpg' sent to object: 'Object Repository/Final Object Repo/New Registration - Registration Module Pages/Third Screen - Upload Supporting Doc- Preview/Upload File Adding'

2019-01-03 12:55:22 - [TEST_STEP][PASSED] - click: Object: 'Object Repository/Final Object Repo/New Registration - Registration Module Pages/Third Screen - Upload Supporting Doc- Preview/Inner Form Add Document Button' is clicked on

2019-01-03 12:55:23 - [MESSAGE][PASSED] - Object: 'Object Repository/Final Object Repo/New Registration - Registration Module Pages/Third Screen - Upload Supporting Doc- Preview/Inner Form Add Document Button' is clicked on

2019-01-03 12:55:23 - [TEST_STEP][PASSED] - delay: Delayed 5 second(s)

2019-01-03 12:55:28 - [MESSAGE][PASSED] - Delayed 5 second(s)

2019-01-03 12:55:28 - [TEST_STEP][PASSED] - click: Object: 'Object Repository/Final Object Repo/New Registration - Registration Module Pages/Third Screen - Upload Supporting Doc- Preview/Add Document Button' is clicked on

2019-01-03 12:55:28 - [MESSAGE][PASSED] - Object: 'Object Repository/Final Object Repo/New Registration - Registration Module Pages/Third Screen - Upload Supporting Doc- Preview/Add Document Button' is clicked on

2019-01-03 12:55:28 - [TEST_STEP][PASSED] - delay: Delayed 30 second(s)

2019-01-03 12:55:58 - [MESSAGE][PASSED] - Delayed 30 second(s)

2019-01-03 12:55:58 - [TEST_STEP][PASSED] - click: Object: 'Object Repository/Final Object Repo/New Registration - Registration Module Pages/Third Screen - Upload Supporting Doc- Preview/Supporting Doc Please Select Drop Down' is clicked on

2019-01-03 12:55:58 - [MESSAGE][PASSED] - Object: 'Object Repository/Final Object Repo/New Registration - Registration Module Pages/Third Screen - Upload Supporting Doc- Preview/Supporting Doc Please Select Drop Down' is clicked on

2019-01-03 12:55:58 - [TEST_STEP][PASSED] - click: Object: 'Object Repository/Final Object Repo/New Registration - Registration Module Pages/Third Screen - Upload Supporting Doc- Preview/Select to Upload Borang SIP 1' is clicked on

2019-01-03 12:55:58 - [MESSAGE][PASSED] - Object: 'Object Repository/Final Object Repo/New Registration - Registration Module Pages/Third Screen - Upload Supporting Doc- Preview/Select to Upload Borang SIP 1' is clicked on

2019-01-03 12:55:58 - [TEST_STEP][PASSED] - delay: Delayed 2 second(s)

2019-01-03 12:56:00 - [MESSAGE][PASSED] - Delayed 2 second(s)

2019-01-03 12:56:00 - [TEST_STEP][PASSED] - uploadFile: File 'C:\Users\Public\Pictures\Sample Pictures\Koala.jpg' sent to object: 'Object Repository/Final Object Repo/New Registration - Registration Module Pages/Third Screen - Upload Supporting Doc- Preview/Upload File Adding'

2019-01-03 12:56:00 - [MESSAGE][PASSED] - File 'C:\Users\Public\Pictures\Sample Pictures\Koala.jpg' sent to object: 'Object Repository/Final Object Repo/New Registration - Registration Module Pages/Third Screen - Upload Supporting Doc- Preview/Upload File Adding'

2019-01-03 12:56:00 - [TEST_STEP][PASSED] - click: Object: 'Object Repository/Final Object Repo/New Registration - Registration Module Pages/Third Screen - Upload Supporting Doc- Preview/Inner Form Add Document Button' is clicked on

2019-01-03 12:56:00 - [MESSAGE][PASSED] - Object: 'Object Repository/Final Object Repo/New Registration - Registration Module Pages/Third Screen - Upload Supporting Doc- Preview/Inner Form Add Document Button' is clicked on

2019-01-03 12:56:00 - [TEST_STEP][PASSED] - delay: Delayed 5 second(s)

2019-01-03 12:56:05 - [MESSAGE][PASSED] - Delayed 5 second(s)

2019-01-03 12:56:05 - [TEST_STEP][PASSED] - click: Object: 'Object Repository/Final Object Repo/New Registration - Registration Module Pages/Third Screen - Upload Supporting Doc- Preview/Add Document Button' is clicked on

2019-01-03 12:56:06 - [MESSAGE][PASSED] - Object: 'Object Repository/Final Object Repo/New Registration - Registration Module Pages/Third Screen - Upload Supporting Doc- Preview/Add Document Button' is clicked on

2019-01-03 12:56:06 - [TEST_STEP][PASSED] - delay: Delayed 30 second(s)

2019-01-03 12:56:36 - [MESSAGE][PASSED] - Delayed 30 second(s)

2019-01-03 12:56:36 - [TEST_STEP][PASSED] - click: Object: 'Object Repository/Final Object Repo/New Registration - Registration Module Pages/Third Screen - Upload Supporting Doc- Preview/Supporting Doc Please Select Drop Down' is clicked on

2019-01-03 12:56:36 - [MESSAGE][PASSED] - Object: 'Object Repository/Final Object Repo/New Registration - Registration Module Pages/Third Screen - Upload Supporting Doc- Preview/Supporting Doc Please Select Drop Down' is clicked on

2019-01-03 12:56:36 - [TEST_STEP][PASSED] - delay: Delayed 3 second(s)

2019-01-03 12:56:39 - [MESSAGE][PASSED] - Delayed 3 second(s)

2019-01-03 12:56:39 - [TEST_STEP][PASSED] - click: Object: 'Object Repository/Final Object Repo/New Registration - Registration Module Pages/Third Screen - Upload Supporting Doc- Preview/Select to Upload Borang SIP 2' is clicked on

2019-01-03 12:56:39 - [MESSAGE][PASSED] - Object: 'Object Repository/Final Object Repo/New Registration - Registration Module Pages/Third Screen - Upload Supporting Doc- Preview/Select to Upload Borang SIP 2' is clicked on

2019-01-03 12:56:39 - [TEST_STEP][PASSED] - delay: Delayed 2 second(s)

2019-01-03 12:56:41 - [MESSAGE][PASSED] - Delayed 2 second(s)

2019-01-03 12:56:41 - [TEST_STEP][PASSED] - uploadFile: File 'C:\Users\Public\Pictures\Sample Pictures\Koala.jpg' sent to object: 'Object Repository/Final Object Repo/New Registration - Registration Module Pages/Third Screen - Upload Supporting Doc- Preview/Upload File Adding'

2019-01-03 12:56:41 - [MESSAGE][PASSED] - File 'C:\Users\Public\Pictures\Sample Pictures\Koala.jpg' sent to object: 'Object Repository/Final Object Repo/New Registration - Registration Module Pages/Third Screen - Upload Supporting Doc- Preview/Upload File Adding'

2019-01-03 12:56:41 - [TEST_STEP][PASSED] - delay: Delayed 5 second(s)

2019-01-03 12:56:46 - [MESSAGE][PASSED] - Delayed 5 second(s)

2019-01-03 12:56:46 - [TEST_STEP][PASSED] - click: Object: 'Object Repository/Final Object Repo/New Registration - Registration Module Pages/Third Screen - Upload Supporting Doc- Preview/Inner Form Add Document Button' is clicked on

2019-01-03 12:56:46 - [MESSAGE][PASSED] - Object: 'Object Repository/Final Object Repo/New Registration - Registration Module Pages/Third Screen - Upload Supporting Doc- Preview/Inner Form Add Document Button' is clicked on

2019-01-03 12:56:46 - [TEST_STEP][PASSED] - delay: Delayed 3 second(s)

2019-01-03 12:56:49 - [MESSAGE][PASSED] - Delayed 3 second(s)

2019-01-03 12:56:49 - [TEST_STEP][PASSED] - waitForElementClickable: Object 'Object Repository/Final Object Repo/New Registration - Registration Module Pages/Third Screen - Upload Supporting Doc- Preview/Save n Continue in Uploading Supporting Doc Page' is clickable

2019-01-03 12:56:50 - [MESSAGE][PASSED] - Object 'Object Repository/Final Object Repo/New Registration - Registration Module Pages/Third Screen - Upload Supporting Doc- Preview/Save n Continue in Uploading Supporting Doc Page' is clickable

2019-01-03 12:56:50 - [TEST_STEP][PASSED] - click: Object: 'Object Repository/Final Object Repo/New Registration - Registration Module Pages/Third Screen - Upload Supporting Doc- Preview/Save n Continue in Uploading Supporting Doc Page' is clicked on

2019-01-03 12:56:51 - [MESSAGE][PASSED] - Object: 'Object Repository/Final Object Repo/New Registration - Registration Module Pages/Third Screen - Upload Supporting Doc- Preview/Save n Continue in Uploading Supporting Doc Page' is clicked on

2019-01-03 12:56:51 - [MESSAGE][PASSED] - Call Test Case 'Test Cases/Final Aug 2018 - PKS Automation/Registration Module/New Registration/Flow of New Registration/Third Screen - Upload Supporting Doc - Preview' successfully

2019-01-03 12:56:51 - [TEST_STEP][PASSED] - setText: Text 'Tester' is set on object 'Object Repository/Final Object Repo/New Registration - Registration Module Pages/New Reg - OTC to RO/Special Case - All Related Objects/Employer Preview Name'

2019-01-03 12:56:55 - [MESSAGE][PASSED] - Text 'Tester' is set on object 'Object Repository/Final Object Repo/New Registration - Registration Module Pages/New Reg - OTC to RO/Special Case - All Related Objects/Employer Preview Name'

2019-01-03 12:56:55 - [TEST_STEP][PASSED] - click: Object: 'Object Repository/Final Object Repo/New Registration - Registration Module Pages/New Reg - OTC to RO/Special Case - All Related Objects/IC Type Drop Down' is clicked on

2019-01-03 12:56:55 - [MESSAGE][PASSED] - Object: 'Object Repository/Final Object Repo/New Registration - Registration Module Pages/New Reg - OTC to RO/Special Case - All Related Objects/IC Type Drop Down' is clicked on

2019-01-03 12:56:55 - [TEST_STEP][PASSED] - click: Object: 'Object Repository/Final Object Repo/New Registration - Registration Module Pages/New Reg - OTC to RO/Special Case - All Related Objects/Select to NRIC' is clicked on

2019-01-03 12:56:55 - [MESSAGE][PASSED] - Object: 'Object Repository/Final Object Repo/New Registration - Registration Module Pages/New Reg - OTC to RO/Special Case - All Related Objects/Select to NRIC' is clicked on

2019-01-03 12:56:55 - [TEST_STEP][PASSED] - setText: Text '133245561223' is set on object 'Object Repository/Final Object Repo/New Registration - Registration Module Pages/New Reg - OTC to RO/Special Case - All Related Objects/IC Value'

2019-01-03 12:56:56 - [MESSAGE][PASSED] - Text '133245561223' is set on object 'Object Repository/Final Object Repo/New Registration - Registration Module Pages/New Reg - OTC to RO/Special Case - All Related Objects/IC Value'

2019-01-03 12:56:56 - [TEST_STEP][PASSED] - setText: Text 'Auto' is set on object 'Object Repository/Final Object Repo/New Registration - Registration Module Pages/New Reg - OTC to RO/Special Case - All Related Objects/Designation'

2019-01-03 12:56:56 - [MESSAGE][PASSED] - Text 'Auto' is set on object 'Object Repository/Final Object Repo/New Registration - Registration Module Pages/New Reg - OTC to RO/Special Case - All Related Objects/Designation'

2019-01-03 12:56:56 - [TEST_STEP][PASSED] - callTestCase: Call Test Case 'Test Cases/Final Aug 2018 - PKS Automation/Registration Module/New Registration/Submit and Screenshot/Submit Registration and Screenshot - Copy' successfully

2019-01-03 12:56:56 - [TEST_CASE][PASSED] - Test Cases/Final Aug 2018 - PKS Automation/Registration Module/New Registration/Submit and Screenshot/Submit Registration and Screenshot - Copy: Test Cases/Final Aug 2018 - PKS Automation/Registration Module/New Registration/Submit and Screenshot/Submit Registration and Screenshot - Copy

2019-01-03 12:56:56 - [TEST_STEP][PASSED] - delay: Delayed 6 second(s)

2019-01-03 12:57:02 - [MESSAGE][PASSED] - Delayed 6 second(s)

2019-01-03 12:57:02 - [TEST_STEP][PASSED] - click: Object: 'Object Repository/Final Object Repo/New Registration - Registration Module Pages/Third Screen - Upload Supporting Doc- Preview/Preview Submit Button' is clicked on

2019-01-03 12:57:02 - [MESSAGE][PASSED] - Object: 'Object Repository/Final Object Repo/New Registration - Registration Module Pages/Third Screen - Upload Supporting Doc- Preview/Preview Submit Button' is clicked on

2019-01-03 12:57:02 - [TEST_STEP][PASSED] - delay: Delayed 2 second(s)

2019-01-03 12:57:04 - [MESSAGE][PASSED] - Delayed 2 second(s)

2019-01-03 12:57:04 - [TEST_STEP][PASSED] - click: Object: 'Object Repository/Final Object Repo/New Registration - Registration Module Pages/Third Screen - Upload Supporting Doc- Preview/Preview Submit - Confirm' is clicked on

2019-01-03 12:57:04 - [MESSAGE][PASSED] - Object: 'Object Repository/Final Object Repo/New Registration - Registration Module Pages/Third Screen - Upload Supporting Doc- Preview/Preview Submit - Confirm' is clicked on

2019-01-03 12:57:04 - [TEST_STEP][PASSED] - delay: Delayed 15 second(s)

2019-01-03 12:57:19 - [MESSAGE][PASSED] - Delayed 15 second(s)

2019-01-03 12:57:19 - [TEST_STEP][PASSED] - Statement - driver = com.kms.katalon.core.webui.driver.DriverFactory.getWebDriver(): null

2019-01-03 12:57:19 - [TEST_STEP][PASSED] - Statement - driver.manage().timeouts().implicitlyWait(10, SECONDS): null

2019-01-03 12:57:19 - [TEST_STEP][PASSED] - Statement - PresavePath = KatalonScreenshots: null

2019-01-03 12:57:19 - [TEST_STEP][PASSED] - Statement - pathPrefix = "C:\Users\Public\Pictures\Sample Pictures\Katalon Screenshots\Automate Ending Screen": null

2019-01-03 12:57:19 - [TEST_STEP][PASSED] - Statement - finalPath = <not implemented yet for class: org.codehaus.groovy.ast.expr.EmptyExpression>: null

2019-01-03 12:57:19 - [TEST_STEP][PASSED] - Statement - scrFile = driver.getScreenshotAs(FILE): null

2019-01-03 12:57:20 - [TEST_STEP][PASSED] - Statement - PreSaveFile = new java.io.File(PresavePath): null

2019-01-03 12:57:20 - [TEST_STEP][PASSED] - Statement - counter = 0: null

2019-01-03 12:57:20 - [TEST_STEP][PASSED] - Statement - If (PreSaveFile.exists()): null

2019-01-03 12:57:20 - [TEST_STEP][PASSED] - Statement - While (PreSaveFile.exists()): null

2019-01-03 12:57:20 - [TEST_STEP][PASSED] - Statement - counter = counter + 1: null

2019-01-03 12:57:20 - [TEST_STEP][PASSED] - Statement - PreSaveFile = new java.io.File(((pathPrefix + java.lang.Integer.toString(counter)) + .png)): null

2019-01-03 12:57:20 - [TEST_STEP][PASSED] - Statement - counter = counter + 1: null

2019-01-03 12:57:20 - [TEST_STEP][PASSED] - Statement - PreSaveFile = new java.io.File(((pathPrefix + java.lang.Integer.toString(counter)) + .png)): null

2019-01-03 12:57:20 - [TEST_STEP][PASSED] - Statement - counter = counter + 1: null

2019-01-03 12:57:20 - [TEST_STEP][PASSED] - Statement - PreSaveFile = new java.io.File(((pathPrefix + java.lang.Integer.toString(counter)) + .png)): null

2019-01-03 12:57:20 - [TEST_STEP][PASSED] - Statement - counter = counter + 1: null

2019-01-03 12:57:20 - [TEST_STEP][PASSED] - Statement - PreSaveFile = new java.io.File(((pathPrefix + java.lang.Integer.toString(counter)) + .png)): null

2019-01-03 12:57:20 - [TEST_STEP][PASSED] - Statement - counter = counter + 1: null

2019-01-03 12:57:20 - [TEST_STEP][PASSED] - Statement - PreSaveFile = new java.io.File(((pathPrefix + java.lang.Integer.toString(counter)) + .png)): null

2019-01-03 12:57:20 - [TEST_STEP][PASSED] - Statement - counter = counter + 1: null

2019-01-03 12:57:20 - [TEST_STEP][PASSED] - Statement - PreSaveFile = new java.io.File(((pathPrefix + java.lang.Integer.toString(counter)) + .png)): null

2019-01-03 12:57:20 - [TEST_STEP][PASSED] - Statement - counter = counter + 1: null

2019-01-03 12:57:20 - [TEST_STEP][PASSED] - Statement - PreSaveFile = new java.io.File(((pathPrefix + java.lang.Integer.toString(counter)) + .png)): null

2019-01-03 12:57:20 - [TEST_STEP][PASSED] - Statement - counter = counter + 1: null

2019-01-03 12:57:20 - [TEST_STEP][PASSED] - Statement - PreSaveFile = new java.io.File(((pathPrefix + java.lang.Integer.toString(counter)) + .png)): null

2019-01-03 12:57:20 - [TEST_STEP][PASSED] - Statement - counter = counter + 1: null

2019-01-03 12:57:20 - [TEST_STEP][PASSED] - Statement - PreSaveFile = new java.io.File(((pathPrefix + java.lang.Integer.toString(counter)) + .png)): null

2019-01-03 12:57:20 - [TEST_STEP][PASSED] - Statement - counter = counter + 1: null

2019-01-03 12:57:20 - [TEST_STEP][PASSED] - Statement - PreSaveFile = new java.io.File(((pathPrefix + java.lang.Integer.toString(counter)) + .png)): null

2019-01-03 12:57:20 - [TEST_STEP][PASSED] - Statement - counter = counter + 1: null

2019-01-03 12:57:20 - [TEST_STEP][PASSED] - Statement - PreSaveFile = new java.io.File(((pathPrefix + java.lang.Integer.toString(counter)) + .png)): null

2019-01-03 12:57:20 - [TEST_STEP][PASSED] - Statement - counter = counter + 1: null

2019-01-03 12:57:20 - [TEST_STEP][PASSED] - Statement - PreSaveFile = new java.io.File(((pathPrefix + java.lang.Integer.toString(counter)) + .png)): null

2019-01-03 12:57:20 - [TEST_STEP][PASSED] - Statement - counter = counter + 1: null

2019-01-03 12:57:20 - [TEST_STEP][PASSED] - Statement - PreSaveFile = new java.io.File(((pathPrefix + java.lang.Integer.toString(counter)) + .png)): null

2019-01-03 12:57:20 - [TEST_STEP][PASSED] - Statement - counter = counter + 1: null

2019-01-03 12:57:20 - [TEST_STEP][PASSED] - Statement - PreSaveFile = new java.io.File(((pathPrefix + java.lang.Integer.toString(counter)) + .png)): null

2019-01-03 12:57:20 - [TEST_STEP][PASSED] - Statement - counter = counter + 1: null

2019-01-03 12:57:20 - [TEST_STEP][PASSED] - Statement - PreSaveFile = new java.io.File(((pathPrefix + java.lang.Integer.toString(counter)) + .png)): null

2019-01-03 12:57:20 - [TEST_STEP][PASSED] - Statement - counter = counter + 1: null

2019-01-03 12:57:20 - [TEST_STEP][PASSED] - Statement - PreSaveFile = new java.io.File(((pathPrefix + java.lang.Integer.toString(counter)) + .png)): null

2019-01-03 12:57:20 - [TEST_STEP][PASSED] - Statement - counter = counter + 1: null

2019-01-03 12:57:20 - [TEST_STEP][PASSED] - Statement - PreSaveFile = new java.io.File(((pathPrefix + java.lang.Integer.toString(counter)) + .png)): null

2019-01-03 12:57:20 - [TEST_STEP][PASSED] - Statement - counter = counter + 1: null

2019-01-03 12:57:20 - [TEST_STEP][PASSED] - Statement - PreSaveFile = new java.io.File(((pathPrefix + java.lang.Integer.toString(counter)) + .png)): null

2019-01-03 12:57:20 - [TEST_STEP][PASSED] - Statement - counter = counter + 1: null

2019-01-03 12:57:20 - [TEST_STEP][PASSED] - Statement - PreSaveFile = new java.io.File(((pathPrefix + java.lang.Integer.toString(counter)) + .png)): null

2019-01-03 12:57:20 - [TEST_STEP][PASSED] - Statement - counter = counter + 1: null

2019-01-03 12:57:20 - [TEST_STEP][PASSED] - Statement - PreSaveFile = new java.io.File(((pathPrefix + java.lang.Integer.toString(counter)) + .png)): null

2019-01-03 12:57:20 - [TEST_STEP][PASSED] - Statement - counter = counter + 1: null

2019-01-03 12:57:20 - [TEST_STEP][PASSED] - Statement - PreSaveFile = new java.io.File(((pathPrefix + java.lang.Integer.toString(counter)) + .png)): null

2019-01-03 12:57:20 - [TEST_STEP][PASSED] - Statement - counter = counter + 1: null

2019-01-03 12:57:20 - [TEST_STEP][PASSED] - Statement - PreSaveFile = new java.io.File(((pathPrefix + java.lang.Integer.toString(counter)) + .png)): null

2019-01-03 12:57:20 - [TEST_STEP][PASSED] - Statement - counter = counter + 1: null

2019-01-03 12:57:20 - [TEST_STEP][PASSED] - Statement - PreSaveFile = new java.io.File(((pathPrefix + java.lang.Integer.toString(counter)) + .png)): null

2019-01-03 12:57:20 - [TEST_STEP][PASSED] - Statement - counter = counter + 1: null

2019-01-03 12:57:20 - [TEST_STEP][PASSED] - Statement - PreSaveFile = new java.io.File(((pathPrefix + java.lang.Integer.toString(counter)) + .png)): null

2019-01-03 12:57:20 - [TEST_STEP][PASSED] - Statement - counter = counter + 1: null

2019-01-03 12:57:20 - [TEST_STEP][PASSED] - Statement - PreSaveFile = new java.io.File(((pathPrefix + java.lang.Integer.toString(counter)) + .png)): null

2019-01-03 12:57:20 - [TEST_STEP][PASSED] - Statement - counter = counter + 1: null

2019-01-03 12:57:20 - [TEST_STEP][PASSED] - Statement - PreSaveFile = new java.io.File(((pathPrefix + java.lang.Integer.toString(counter)) + .png)): null

2019-01-03 12:57:20 - [TEST_STEP][PASSED] - Statement - counter = counter + 1: null

2019-01-03 12:57:20 - [TEST_STEP][PASSED] - Statement - PreSaveFile = new java.io.File(((pathPrefix + java.lang.Integer.toString(counter)) + .png)): null

2019-01-03 12:57:20 - [TEST_STEP][PASSED] - Statement - counter = counter + 1: null

2019-01-03 12:57:20 - [TEST_STEP][PASSED] - Statement - PreSaveFile = new java.io.File(((pathPrefix + java.lang.Integer.toString(counter)) + .png)): null

2019-01-03 12:57:20 - [TEST_STEP][PASSED] - Statement - counter = counter + 1: null

2019-01-03 12:57:20 - [TEST_STEP][PASSED] - Statement - PreSaveFile = new java.io.File(((pathPrefix + java.lang.Integer.toString(counter)) + .png)): null

2019-01-03 12:57:20 - [TEST_STEP][PASSED] - Statement - counter = counter + 1: null

2019-01-03 12:57:20 - [TEST_STEP][PASSED] - Statement - PreSaveFile = new java.io.File(((pathPrefix + java.lang.Integer.toString(counter)) + .png)): null

2019-01-03 12:57:20 - [TEST_STEP][PASSED] - Statement - counter = counter + 1: null

2019-01-03 12:57:20 - [TEST_STEP][PASSED] - Statement - PreSaveFile = new java.io.File(((pathPrefix + java.lang.Integer.toString(counter)) + .png)): null

2019-01-03 12:57:20 - [TEST_STEP][PASSED] - Statement - counter = counter + 1: null

2019-01-03 12:57:20 - [TEST_STEP][PASSED] - Statement - PreSaveFile = new java.io.File(((pathPrefix + java.lang.Integer.toString(counter)) + .png)): null

2019-01-03 12:57:20 - [TEST_STEP][PASSED] - Statement - counter = counter + 1: null

2019-01-03 12:57:20 - [TEST_STEP][PASSED] - Statement - PreSaveFile = new java.io.File(((pathPrefix + java.lang.Integer.toString(counter)) + .png)): null

2019-01-03 12:57:20 - [TEST_STEP][PASSED] - Statement - counter = counter + 1: null

2019-01-03 12:57:20 - [TEST_STEP][PASSED] - Statement - PreSaveFile = new java.io.File(((pathPrefix + java.lang.Integer.toString(counter)) + .png)): null

2019-01-03 12:57:20 - [TEST_STEP][PASSED] - Statement - counter = counter + 1: null

2019-01-03 12:57:20 - [TEST_STEP][PASSED] - Statement - PreSaveFile = new java.io.File(((pathPrefix + java.lang.Integer.toString(counter)) + .png)): null

2019-01-03 12:57:20 - [TEST_STEP][PASSED] - Statement - counter = counter + 1: null

2019-01-03 12:57:20 - [TEST_STEP][PASSED] - Statement - PreSaveFile = new java.io.File(((pathPrefix + java.lang.Integer.toString(counter)) + .png)): null

2019-01-03 12:57:20 - [TEST_STEP][PASSED] - Statement - counter = counter + 1: null

2019-01-03 12:57:20 - [TEST_STEP][PASSED] - Statement - PreSaveFile = new java.io.File(((pathPrefix + java.lang.Integer.toString(counter)) + .png)): null

2019-01-03 12:57:20 - [TEST_STEP][PASSED] - Statement - counter = counter + 1: null

2019-01-03 12:57:20 - [TEST_STEP][PASSED] - Statement - PreSaveFile = new java.io.File(((pathPrefix + java.lang.Integer.toString(counter)) + .png)): null

2019-01-03 12:57:20 - [TEST_STEP][PASSED] - Statement - counter = counter + 1: null

2019-01-03 12:57:20 - [TEST_STEP][PASSED] - Statement - PreSaveFile = new java.io.File(((pathPrefix + java.lang.Integer.toString(counter)) + .png)): null

2019-01-03 12:57:20 - [TEST_STEP][PASSED] - Statement - counter = counter + 1: null

2019-01-03 12:57:20 - [TEST_STEP][PASSED] - Statement - PreSaveFile = new java.io.File(((pathPrefix + java.lang.Integer.toString(counter)) + .png)): null

2019-01-03 12:57:20 - [TEST_STEP][PASSED] - Statement - counter = counter + 1: null

2019-01-03 12:57:20 - [TEST_STEP][PASSED] - Statement - PreSaveFile = new java.io.File(((pathPrefix + java.lang.Integer.toString(counter)) + .png)): null

2019-01-03 12:57:20 - [TEST_STEP][PASSED] - Statement - counter = counter + 1: null

2019-01-03 12:57:20 - [TEST_STEP][PASSED] - Statement - PreSaveFile = new java.io.File(((pathPrefix + java.lang.Integer.toString(counter)) + .png)): null

2019-01-03 12:57:20 - [TEST_STEP][PASSED] - Statement - counter = counter + 1: null

2019-01-03 12:57:20 - [TEST_STEP][PASSED] - Statement - PreSaveFile = new java.io.File(((pathPrefix + java.lang.Integer.toString(counter)) + .png)): null

2019-01-03 12:57:20 - [TEST_STEP][PASSED] - Statement - counter = counter + 1: null

2019-01-03 12:57:20 - [TEST_STEP][PASSED] - Statement - PreSaveFile = new java.io.File(((pathPrefix + java.lang.Integer.toString(counter)) + .png)): null

2019-01-03 12:57:20 - [TEST_STEP][PASSED] - Statement - counter = counter + 1: null

2019-01-03 12:57:20 - [TEST_STEP][PASSED] - Statement - PreSaveFile = new java.io.File(((pathPrefix + java.lang.Integer.toString(counter)) + .png)): null

2019-01-03 12:57:20 - [TEST_STEP][PASSED] - Statement - counter = counter + 1: null

2019-01-03 12:57:20 - [TEST_STEP][PASSED] - Statement - PreSaveFile = new java.io.File(((pathPrefix + java.lang.Integer.toString(counter)) + .png)): null

2019-01-03 12:57:20 - [TEST_STEP][PASSED] - Statement - counter = counter + 1: null

2019-01-03 12:57:20 - [TEST_STEP][PASSED] - Statement - PreSaveFile = new java.io.File(((pathPrefix + java.lang.Integer.toString(counter)) + .png)): null

2019-01-03 12:57:20 - [TEST_STEP][PASSED] - Statement - counter = counter + 1: null

2019-01-03 12:57:20 - [TEST_STEP][PASSED] - Statement - PreSaveFile = new java.io.File(((pathPrefix + java.lang.Integer.toString(counter)) + .png)): null

2019-01-03 12:57:20 - [TEST_STEP][PASSED] - Statement - counter = counter + 1: null

2019-01-03 12:57:20 - [TEST_STEP][PASSED] - Statement - PreSaveFile = new java.io.File(((pathPrefix + java.lang.Integer.toString(counter)) + .png)): null

2019-01-03 12:57:20 - [TEST_STEP][PASSED] - Statement - counter = counter + 1: null

2019-01-03 12:57:20 - [TEST_STEP][PASSED] - Statement - PreSaveFile = new java.io.File(((pathPrefix + java.lang.Integer.toString(counter)) + .png)): null

2019-01-03 12:57:20 - [TEST_STEP][PASSED] - Statement - counter = counter + 1: null

2019-01-03 12:57:20 - [TEST_STEP][PASSED] - Statement - PreSaveFile = new java.io.File(((pathPrefix + java.lang.Integer.toString(counter)) + .png)): null

2019-01-03 12:57:20 - [TEST_STEP][PASSED] - Statement - counter = counter + 1: null

2019-01-03 12:57:20 - [TEST_STEP][PASSED] - Statement - PreSaveFile = new java.io.File(((pathPrefix + java.lang.Integer.toString(counter)) + .png)): null

2019-01-03 12:57:20 - [TEST_STEP][PASSED] - Statement - counter = counter + 1: null

2019-01-03 12:57:20 - [TEST_STEP][PASSED] - Statement - PreSaveFile = new java.io.File(((pathPrefix + java.lang.Integer.toString(counter)) + .png)): null

2019-01-03 12:57:20 - [TEST_STEP][PASSED] - Statement - counter = counter + 1: null

2019-01-03 12:57:20 - [TEST_STEP][PASSED] - Statement - PreSaveFile = new java.io.File(((pathPrefix + java.lang.Integer.toString(counter)) + .png)): null

2019-01-03 12:57:20 - [TEST_STEP][PASSED] - Statement - counter = counter + 1: null

2019-01-03 12:57:20 - [TEST_STEP][PASSED] - Statement - PreSaveFile = new java.io.File(((pathPrefix + java.lang.Integer.toString(counter)) + .png)): null

2019-01-03 12:57:20 - [TEST_STEP][PASSED] - Statement - counter = counter + 1: null

2019-01-03 12:57:20 - [TEST_STEP][PASSED] - Statement - PreSaveFile = new java.io.File(((pathPrefix + java.lang.Integer.toString(counter)) + .png)): null

2019-01-03 12:57:20 - [TEST_STEP][PASSED] - Statement - counter = counter + 1: null

2019-01-03 12:57:20 - [TEST_STEP][PASSED] - Statement - PreSaveFile = new java.io.File(((pathPrefix + java.lang.Integer.toString(counter)) + .png)): null

2019-01-03 12:57:20 - [TEST_STEP][PASSED] - Statement - counter = counter + 1: null

2019-01-03 12:57:20 - [TEST_STEP][PASSED] - Statement - PreSaveFile = new java.io.File(((pathPrefix + java.lang.Integer.toString(counter)) + .png)): null

2019-01-03 12:57:20 - [TEST_STEP][PASSED] - Statement - counter = counter + 1: null

2019-01-03 12:57:20 - [TEST_STEP][PASSED] - Statement - PreSaveFile = new java.io.File(((pathPrefix + java.lang.Integer.toString(counter)) + .png)): null

2019-01-03 12:57:20 - [TEST_STEP][PASSED] - Statement - counter = counter + 1: null

2019-01-03 12:57:20 - [TEST_STEP][PASSED] - Statement - PreSaveFile = new java.io.File(((pathPrefix + java.lang.Integer.toString(counter)) + .png)): null

2019-01-03 12:57:20 - [TEST_STEP][PASSED] - Statement - counter = counter + 1: null

2019-01-03 12:57:20 - [TEST_STEP][PASSED] - Statement - PreSaveFile = new java.io.File(((pathPrefix + java.lang.Integer.toString(counter)) + .png)): null

2019-01-03 12:57:20 - [TEST_STEP][PASSED] - Statement - counter = counter + 1: null

2019-01-03 12:57:20 - [TEST_STEP][PASSED] - Statement - PreSaveFile = new java.io.File(((pathPrefix + java.lang.Integer.toString(counter)) + .png)): null

2019-01-03 12:57:20 - [TEST_STEP][PASSED] - Statement - counter = counter + 1: null

2019-01-03 12:57:20 - [TEST_STEP][PASSED] - Statement - PreSaveFile = new java.io.File(((pathPrefix + java.lang.Integer.toString(counter)) + .png)): null

2019-01-03 12:57:20 - [TEST_STEP][PASSED] - Statement - counter = counter + 1: null

2019-01-03 12:57:20 - [TEST_STEP][PASSED] - Statement - PreSaveFile = new java.io.File(((pathPrefix + java.lang.Integer.toString(counter)) + .png)): null

2019-01-03 12:57:20 - [TEST_STEP][PASSED] - Statement - counter = counter + 1: null

2019-01-03 12:57:20 - [TEST_STEP][PASSED] - Statement - PreSaveFile = new java.io.File(((pathPrefix + java.lang.Integer.toString(counter)) + .png)): null

2019-01-03 12:57:20 - [TEST_STEP][PASSED] - Statement - counter = counter + 1: null

2019-01-03 12:57:20 - [TEST_STEP][PASSED] - Statement - PreSaveFile = new java.io.File(((pathPrefix + java.lang.Integer.toString(counter)) + .png)): null

2019-01-03 12:57:20 - [TEST_STEP][PASSED] - Statement - counter = counter + 1: null

2019-01-03 12:57:20 - [TEST_STEP][PASSED] - Statement - PreSaveFile = new java.io.File(((pathPrefix + java.lang.Integer.toString(counter)) + .png)): null

2019-01-03 12:57:20 - [TEST_STEP][PASSED] - Statement - counter = counter + 1: null

2019-01-03 12:57:20 - [TEST_STEP][PASSED] - Statement - PreSaveFile = new java.io.File(((pathPrefix + java.lang.Integer.toString(counter)) + .png)): null

2019-01-03 12:57:20 - [TEST_STEP][PASSED] - Statement - counter = counter + 1: null

2019-01-03 12:57:20 - [TEST_STEP][PASSED] - Statement - PreSaveFile = new java.io.File(((pathPrefix + java.lang.Integer.toString(counter)) + .png)): null

2019-01-03 12:57:20 - [TEST_STEP][PASSED] - Statement - counter = counter + 1: null

2019-01-03 12:57:20 - [TEST_STEP][PASSED] - Statement - PreSaveFile = new java.io.File(((pathPrefix + java.lang.Integer.toString(counter)) + .png)): null

2019-01-03 12:57:20 - [TEST_STEP][PASSED] - Statement - counter = counter + 1: null

2019-01-03 12:57:20 - [TEST_STEP][PASSED] - Statement - PreSaveFile = new java.io.File(((pathPrefix + java.lang.Integer.toString(counter)) + .png)): null

2019-01-03 12:57:20 - [TEST_STEP][PASSED] - Statement - counter = counter + 1: null

2019-01-03 12:57:20 - [TEST_STEP][PASSED] - Statement - PreSaveFile = new java.io.File(((pathPrefix + java.lang.Integer.toString(counter)) + .png)): null

2019-01-03 12:57:20 - [TEST_STEP][PASSED] - Statement - counter = counter + 1: null

2019-01-03 12:57:20 - [TEST_STEP][PASSED] - Statement - PreSaveFile = new java.io.File(((pathPrefix + java.lang.Integer.toString(counter)) + .png)): null

2019-01-03 12:57:20 - [TEST_STEP][PASSED] - Statement - counter = counter + 1: null

2019-01-03 12:57:20 - [TEST_STEP][PASSED] - Statement - PreSaveFile = new java.io.File(((pathPrefix + java.lang.Integer.toString(counter)) + .png)): null

2019-01-03 12:57:20 - [TEST_STEP][PASSED] - Statement - counter = counter + 1: null

2019-01-03 12:57:20 - [TEST_STEP][PASSED] - Statement - PreSaveFile = new java.io.File(((pathPrefix + java.lang.Integer.toString(counter)) + .png)): null

2019-01-03 12:57:20 - [TEST_STEP][PASSED] - Statement - counter = counter + 1: null

2019-01-03 12:57:20 - [TEST_STEP][PASSED] - Statement - PreSaveFile = new java.io.File(((pathPrefix + java.lang.Integer.toString(counter)) + .png)): null

2019-01-03 12:57:20 - [TEST_STEP][PASSED] - Statement - counter = counter + 1: null

2019-01-03 12:57:20 - [TEST_STEP][PASSED] - Statement - PreSaveFile = new java.io.File(((pathPrefix + java.lang.Integer.toString(counter)) + .png)): null

2019-01-03 12:57:20 - [TEST_STEP][PASSED] - Statement - counter = counter + 1: null

2019-01-03 12:57:20 - [TEST_STEP][PASSED] - Statement - PreSaveFile = new java.io.File(((pathPrefix + java.lang.Integer.toString(counter)) + .png)): null

2019-01-03 12:57:20 - [TEST_STEP][PASSED] - Statement - counter = counter + 1: null

2019-01-03 12:57:20 - [TEST_STEP][PASSED] - Statement - PreSaveFile = new java.io.File(((pathPrefix + java.lang.Integer.toString(counter)) + .png)): null

2019-01-03 12:57:20 - [TEST_STEP][PASSED] - Statement - counter = counter + 1: null

2019-01-03 12:57:20 - [TEST_STEP][PASSED] - Statement - PreSaveFile = new java.io.File(((pathPrefix + java.lang.Integer.toString(counter)) + .png)): null

2019-01-03 12:57:20 - [TEST_STEP][PASSED] - Statement - counter = counter + 1: null

2019-01-03 12:57:20 - [TEST_STEP][PASSED] - Statement - PreSaveFile = new java.io.File(((pathPrefix + java.lang.Integer.toString(counter)) + .png)): null

2019-01-03 12:57:20 - [TEST_STEP][PASSED] - Statement - counter = counter + 1: null

2019-01-03 12:57:20 - [TEST_STEP][PASSED] - Statement - PreSaveFile = new java.io.File(((pathPrefix + java.lang.Integer.toString(counter)) + .png)): null

2019-01-03 12:57:20 - [TEST_STEP][PASSED] - Statement - counter = counter + 1: null

2019-01-03 12:57:20 - [TEST_STEP][PASSED] - Statement - PreSaveFile = new java.io.File(((pathPrefix + java.lang.Integer.toString(counter)) + .png)): null

2019-01-03 12:57:20 - [TEST_STEP][PASSED] - Statement - counter = counter + 1: null

2019-01-03 12:57:20 - [TEST_STEP][PASSED] - Statement - PreSaveFile = new java.io.File(((pathPrefix + java.lang.Integer.toString(counter)) + .png)): null

2019-01-03 12:57:20 - [TEST_STEP][PASSED] - Statement - counter = counter + 1: null

2019-01-03 12:57:20 - [TEST_STEP][PASSED] - Statement - PreSaveFile = new java.io.File(((pathPrefix + java.lang.Integer.toString(counter)) + .png)): null

2019-01-03 12:57:20 - [TEST_STEP][PASSED] - Statement - counter = counter + 1: null

2019-01-03 12:57:20 - [TEST_STEP][PASSED] - Statement - PreSaveFile = new java.io.File(((pathPrefix + java.lang.Integer.toString(counter)) + .png)): null

2019-01-03 12:57:20 - [TEST_STEP][PASSED] - Statement - counter = counter + 1: null

2019-01-03 12:57:20 - [TEST_STEP][PASSED] - Statement - PreSaveFile = new java.io.File(((pathPrefix + java.lang.Integer.toString(counter)) + .png)): null

2019-01-03 12:57:20 - [TEST_STEP][PASSED] - Statement - counter = counter + 1: null

2019-01-03 12:57:20 - [TEST_STEP][PASSED] - Statement - PreSaveFile = new java.io.File(((pathPrefix + java.lang.Integer.toString(counter)) + .png)): null

2019-01-03 12:57:20 - [TEST_STEP][PASSED] - Statement - counter = counter + 1: null

2019-01-03 12:57:20 - [TEST_STEP][PASSED] - Statement - PreSaveFile = new java.io.File(((pathPrefix + java.lang.Integer.toString(counter)) + .png)): null

2019-01-03 12:57:20 - [TEST_STEP][PASSED] - Statement - counter = counter + 1: null

2019-01-03 12:57:20 - [TEST_STEP][PASSED] - Statement - PreSaveFile = new java.io.File(((pathPrefix + java.lang.Integer.toString(counter)) + .png)): null

2019-01-03 12:57:20 - [TEST_STEP][PASSED] - Statement - counter = counter + 1: null

2019-01-03 12:57:20 - [TEST_STEP][PASSED] - Statement - PreSaveFile = new java.io.File(((pathPrefix + java.lang.Integer.toString(counter)) + .png)): null

2019-01-03 12:57:20 - [TEST_STEP][PASSED] - Statement - counter = counter + 1: null

2019-01-03 12:57:20 - [TEST_STEP][PASSED] - Statement - PreSaveFile = new java.io.File(((pathPrefix + java.lang.Integer.toString(counter)) + .png)): null

2019-01-03 12:57:20 - [TEST_STEP][PASSED] - Statement - counter = counter + 1: null

2019-01-03 12:57:20 - [TEST_STEP][PASSED] - Statement - PreSaveFile = new java.io.File(((pathPrefix + java.lang.Integer.toString(counter)) + .png)): null

2019-01-03 12:57:20 - [TEST_STEP][PASSED] - Statement - counter = counter + 1: null

2019-01-03 12:57:20 - [TEST_STEP][PASSED] - Statement - PreSaveFile = new java.io.File(((pathPrefix + java.lang.Integer.toString(counter)) + .png)): null

2019-01-03 12:57:20 - [TEST_STEP][PASSED] - Statement - counter = counter + 1: null

2019-01-03 12:57:20 - [TEST_STEP][PASSED] - Statement - PreSaveFile = new java.io.File(((pathPrefix + java.lang.Integer.toString(counter)) + .png)): null

2019-01-03 12:57:20 - [TEST_STEP][PASSED] - Statement - counter = counter + 1: null

2019-01-03 12:57:20 - [TEST_STEP][PASSED] - Statement - PreSaveFile = new java.io.File(((pathPrefix + java.lang.Integer.toString(counter)) + .png)): null

2019-01-03 12:57:20 - [TEST_STEP][PASSED] - Statement - counter = counter + 1: null

2019-01-03 12:57:20 - [TEST_STEP][PASSED] - Statement - PreSaveFile = new java.io.File(((pathPrefix + java.lang.Integer.toString(counter)) + .png)): null

2019-01-03 12:57:20 - [TEST_STEP][PASSED] - Statement - counter = counter + 1: null

2019-01-03 12:57:20 - [TEST_STEP][PASSED] - Statement - PreSaveFile = new java.io.File(((pathPrefix + java.lang.Integer.toString(counter)) + .png)): null

2019-01-03 12:57:20 - [TEST_STEP][PASSED] - Statement - counter = counter + 1: null

2019-01-03 12:57:20 - [TEST_STEP][PASSED] - Statement - PreSaveFile = new java.io.File(((pathPrefix + java.lang.Integer.toString(counter)) + .png)): null

2019-01-03 12:57:20 - [TEST_STEP][PASSED] - Statement - counter = counter + 1: null

2019-01-03 12:57:20 - [TEST_STEP][PASSED] - Statement - PreSaveFile = new java.io.File(((pathPrefix + java.lang.Integer.toString(counter)) + .png)): null

2019-01-03 12:57:20 - [TEST_STEP][PASSED] - Statement - counter = counter + 1: null

2019-01-03 12:57:20 - [TEST_STEP][PASSED] - Statement - PreSaveFile = new java.io.File(((pathPrefix + java.lang.Integer.toString(counter)) + .png)): null

2019-01-03 12:57:20 - [TEST_STEP][PASSED] - Statement - counter = counter + 1: null

2019-01-03 12:57:20 - [TEST_STEP][PASSED] - Statement - PreSaveFile = new java.io.File(((pathPrefix + java.lang.Integer.toString(counter)) + .png)): null

2019-01-03 12:57:20 - [TEST_STEP][PASSED] - Statement - counter = counter + 1: null

2019-01-03 12:57:20 - [TEST_STEP][PASSED] - Statement - PreSaveFile = new java.io.File(((pathPrefix + java.lang.Integer.toString(counter)) + .png)): null

2019-01-03 12:57:20 - [TEST_STEP][PASSED] - Statement - counter = counter + 1: null

2019-01-03 12:57:20 - [TEST_STEP][PASSED] - Statement - PreSaveFile = new java.io.File(((pathPrefix + java.lang.Integer.toString(counter)) + .png)): null

2019-01-03 12:57:20 - [TEST_STEP][PASSED] - Statement - counter = counter + 1: null

2019-01-03 12:57:20 - [TEST_STEP][PASSED] - Statement - PreSaveFile = new java.io.File(((pathPrefix + java.lang.Integer.toString(counter)) + .png)): null

2019-01-03 12:57:20 - [TEST_STEP][PASSED] - Statement - counter = counter + 1: null

2019-01-03 12:57:20 - [TEST_STEP][PASSED] - Statement - PreSaveFile = new java.io.File(((pathPrefix + java.lang.Integer.toString(counter)) + .png)): null

2019-01-03 12:57:20 - [TEST_STEP][PASSED] - Statement - counter = counter + 1: null

2019-01-03 12:57:20 - [TEST_STEP][PASSED] - Statement - PreSaveFile = new java.io.File(((pathPrefix + java.lang.Integer.toString(counter)) + .png)): null

2019-01-03 12:57:20 - [TEST_STEP][PASSED] - Statement - counter = counter + 1: null

2019-01-03 12:57:20 - [TEST_STEP][PASSED] - Statement - PreSaveFile = new java.io.File(((pathPrefix + java.lang.Integer.toString(counter)) + .png)): null

2019-01-03 12:57:20 - [TEST_STEP][PASSED] - Statement - counter = counter + 1: null

2019-01-03 12:57:20 - [TEST_STEP][PASSED] - Statement - PreSaveFile = new java.io.File(((pathPrefix + java.lang.Integer.toString(counter)) + .png)): null

2019-01-03 12:57:20 - [TEST_STEP][PASSED] - Statement - counter = counter + 1: null

2019-01-03 12:57:20 - [TEST_STEP][PASSED] - Statement - PreSaveFile = new java.io.File(((pathPrefix + java.lang.Integer.toString(counter)) + .png)): null

2019-01-03 12:57:20 - [TEST_STEP][PASSED] - Statement - counter = counter + 1: null

2019-01-03 12:57:20 - [TEST_STEP][PASSED] - Statement - PreSaveFile = new java.io.File(((pathPrefix + java.lang.Integer.toString(counter)) + .png)): null

2019-01-03 12:57:20 - [TEST_STEP][PASSED] - Statement - counter = counter + 1: null

2019-01-03 12:57:20 - [TEST_STEP][PASSED] - Statement - PreSaveFile = new java.io.File(((pathPrefix + java.lang.Integer.toString(counter)) + .png)): null

2019-01-03 12:57:20 - [TEST_STEP][PASSED] - Statement - counter = counter + 1: null

2019-01-03 12:57:20 - [TEST_STEP][PASSED] - Statement - PreSaveFile = new java.io.File(((pathPrefix + java.lang.Integer.toString(counter)) + .png)): null

2019-01-03 12:57:20 - [TEST_STEP][PASSED] - Statement - counter = counter + 1: null

2019-01-03 12:57:20 - [TEST_STEP][PASSED] - Statement - PreSaveFile = new java.io.File(((pathPrefix + java.lang.Integer.toString(counter)) + .png)): null

2019-01-03 12:57:20 - [TEST_STEP][PASSED] - Statement - counter = counter + 1: null

2019-01-03 12:57:20 - [TEST_STEP][PASSED] - Statement - PreSaveFile = new java.io.File(((pathPrefix + java.lang.Integer.toString(counter)) + .png)): null

2019-01-03 12:57:20 - [TEST_STEP][PASSED] - Statement - counter = counter + 1: null

2019-01-03 12:57:20 - [TEST_STEP][PASSED] - Statement - PreSaveFile = new java.io.File(((pathPrefix + java.lang.Integer.toString(counter)) + .png)): null

2019-01-03 12:57:20 - [TEST_STEP][PASSED] - Statement - counter = counter + 1: null

2019-01-03 12:57:20 - [TEST_STEP][PASSED] - Statement - PreSaveFile = new java.io.File(((pathPrefix + java.lang.Integer.toString(counter)) + .png)): null

2019-01-03 12:57:20 - [TEST_STEP][PASSED] - Statement - counter = counter + 1: null

2019-01-03 12:57:20 - [TEST_STEP][PASSED] - Statement - PreSaveFile = new java.io.File(((pathPrefix + java.lang.Integer.toString(counter)) + .png)): null

2019-01-03 12:57:20 - [TEST_STEP][PASSED] - Statement - counter = counter + 1: null

2019-01-03 12:57:20 - [TEST_STEP][PASSED] - Statement - PreSaveFile = new java.io.File(((pathPrefix + java.lang.Integer.toString(counter)) + .png)): null

2019-01-03 12:57:20 - [TEST_STEP][PASSED] - Statement - counter = counter + 1: null

2019-01-03 12:57:20 - [TEST_STEP][PASSED] - Statement - PreSaveFile = new java.io.File(((pathPrefix + java.lang.Integer.toString(counter)) + .png)): null

2019-01-03 12:57:20 - [TEST_STEP][PASSED] - Statement - counter = counter + 1: null

2019-01-03 12:57:20 - [TEST_STEP][PASSED] - Statement - PreSaveFile = new java.io.File(((pathPrefix + java.lang.Integer.toString(counter)) + .png)): null

2019-01-03 12:57:20 - [TEST_STEP][PASSED] - Statement - counter = counter + 1: null

2019-01-03 12:57:20 - [TEST_STEP][PASSED] - Statement - PreSaveFile = new java.io.File(((pathPrefix + java.lang.Integer.toString(counter)) + .png)): null

2019-01-03 12:57:20 - [TEST_STEP][PASSED] - Statement - counter = counter + 1: null

2019-01-03 12:57:20 - [TEST_STEP][PASSED] - Statement - PreSaveFile = new java.io.File(((pathPrefix + java.lang.Integer.toString(counter)) + .png)): null

2019-01-03 12:57:20 - [TEST_STEP][PASSED] - Statement - counter = counter + 1: null

2019-01-03 12:57:20 - [TEST_STEP][PASSED] - Statement - PreSaveFile = new java.io.File(((pathPrefix + java.lang.Integer.toString(counter)) + .png)): null

2019-01-03 12:57:20 - [TEST_STEP][PASSED] - Statement - counter = counter + 1: null

2019-01-03 12:57:20 - [TEST_STEP][PASSED] - Statement - PreSaveFile = new java.io.File(((pathPrefix + java.lang.Integer.toString(counter)) + .png)): null

2019-01-03 12:57:20 - [TEST_STEP][PASSED] - Statement - counter = counter + 1: null

2019-01-03 12:57:20 - [TEST_STEP][PASSED] - Statement - PreSaveFile = new java.io.File(((pathPrefix + java.lang.Integer.toString(counter)) + .png)): null

2019-01-03 12:57:20 - [TEST_STEP][PASSED] - Statement - counter = counter + 1: null

2019-01-03 12:57:20 - [TEST_STEP][PASSED] - Statement - PreSaveFile = new java.io.File(((pathPrefix + java.lang.Integer.toString(counter)) + .png)): null

2019-01-03 12:57:20 - [TEST_STEP][PASSED] - Statement - counter = counter + 1: null

2019-01-03 12:57:20 - [TEST_STEP][PASSED] - Statement - PreSaveFile = new java.io.File(((pathPrefix + java.lang.Integer.toString(counter)) + .png)): null

2019-01-03 12:57:20 - [TEST_STEP][PASSED] - Statement - counter = counter + 1: null

2019-01-03 12:57:20 - [TEST_STEP][PASSED] - Statement - PreSaveFile = new java.io.File(((pathPrefix + java.lang.Integer.toString(counter)) + .png)): null

2019-01-03 12:57:20 - [TEST_STEP][PASSED] - Statement - counter = counter + 1: null

2019-01-03 12:57:20 - [TEST_STEP][PASSED] - Statement - PreSaveFile = new java.io.File(((pathPrefix + java.lang.Integer.toString(counter)) + .png)): null

2019-01-03 12:57:20 - [TEST_STEP][PASSED] - Statement - counter = counter + 1: null

2019-01-03 12:57:20 - [TEST_STEP][PASSED] - Statement - PreSaveFile = new java.io.File(((pathPrefix + java.lang.Integer.toString(counter)) + .png)): null

2019-01-03 12:57:20 - [TEST_STEP][PASSED] - Statement - counter = counter + 1: null

2019-01-03 12:57:20 - [TEST_STEP][PASSED] - Statement - PreSaveFile = new java.io.File(((pathPrefix + java.lang.Integer.toString(counter)) + .png)): null

2019-01-03 12:57:20 - [TEST_STEP][PASSED] - Statement - counter = counter + 1: null

2019-01-03 12:57:20 - [TEST_STEP][PASSED] - Statement - PreSaveFile = new java.io.File(((pathPrefix + java.lang.Integer.toString(counter)) + .png)): null

2019-01-03 12:57:20 - [TEST_STEP][PASSED] - Statement - counter = counter + 1: null

2019-01-03 12:57:20 - [TEST_STEP][PASSED] - Statement - PreSaveFile = new java.io.File(((pathPrefix + java.lang.Integer.toString(counter)) + .png)): null

2019-01-03 12:57:20 - [TEST_STEP][PASSED] - Statement - counter = counter + 1: null

2019-01-03 12:57:20 - [TEST_STEP][PASSED] - Statement - PreSaveFile = new java.io.File(((pathPrefix + java.lang.Integer.toString(counter)) + .png)): null

2019-01-03 12:57:20 - [TEST_STEP][PASSED] - Statement - counter = counter + 1: null

2019-01-03 12:57:20 - [TEST_STEP][PASSED] - Statement - PreSaveFile = new java.io.File(((pathPrefix + java.lang.Integer.toString(counter)) + .png)): null

2019-01-03 12:57:20 - [TEST_STEP][PASSED] - Statement - counter = counter + 1: null

2019-01-03 12:57:20 - [TEST_STEP][PASSED] - Statement - PreSaveFile = new java.io.File(((pathPrefix + java.lang.Integer.toString(counter)) + .png)): null

2019-01-03 12:57:20 - [TEST_STEP][PASSED] - Statement - counter = counter + 1: null

2019-01-03 12:57:20 - [TEST_STEP][PASSED] - Statement - PreSaveFile = new java.io.File(((pathPrefix + java.lang.Integer.toString(counter)) + .png)): null

2019-01-03 12:57:20 - [TEST_STEP][PASSED] - Statement - counter = counter + 1: null

2019-01-03 12:57:20 - [TEST_STEP][PASSED] - Statement - PreSaveFile = new java.io.File(((pathPrefix + java.lang.Integer.toString(counter)) + .png)): null

2019-01-03 12:57:20 - [TEST_STEP][PASSED] - Statement - counter = counter + 1: null

2019-01-03 12:57:20 - [TEST_STEP][PASSED] - Statement - PreSaveFile = new java.io.File(((pathPrefix + java.lang.Integer.toString(counter)) + .png)): null

2019-01-03 12:57:20 - [TEST_STEP][PASSED] - Statement - counter = counter + 1: null

2019-01-03 12:57:20 - [TEST_STEP][PASSED] - Statement - PreSaveFile = new java.io.File(((pathPrefix + java.lang.Integer.toString(counter)) + .png)): null

2019-01-03 12:57:20 - [TEST_STEP][PASSED] - Statement - counter = counter + 1: null

2019-01-03 12:57:20 - [TEST_STEP][PASSED] - Statement - PreSaveFile = new java.io.File(((pathPrefix + java.lang.Integer.toString(counter)) + .png)): null

2019-01-03 12:57:20 - [TEST_STEP][PASSED] - Statement - counter = counter + 1: null

2019-01-03 12:57:20 - [TEST_STEP][PASSED] - Statement - PreSaveFile = new java.io.File(((pathPrefix + java.lang.Integer.toString(counter)) + .png)): null

2019-01-03 12:57:20 - [TEST_STEP][PASSED] - Statement - counter = counter + 1: null

2019-01-03 12:57:20 - [TEST_STEP][PASSED] - Statement - PreSaveFile = new java.io.File(((pathPrefix + java.lang.Integer.toString(counter)) + .png)): null

2019-01-03 12:57:20 - [TEST_STEP][PASSED] - Statement - counter = counter + 1: null

2019-01-03 12:57:20 - [TEST_STEP][PASSED] - Statement - PreSaveFile = new java.io.File(((pathPrefix + java.lang.Integer.toString(counter)) + .png)): null

2019-01-03 12:57:20 - [TEST_STEP][PASSED] - Statement - counter = counter + 1: null

2019-01-03 12:57:20 - [TEST_STEP][PASSED] - Statement - PreSaveFile = new java.io.File(((pathPrefix + java.lang.Integer.toString(counter)) + .png)): null

2019-01-03 12:57:20 - [TEST_STEP][PASSED] - Statement - counter = counter + 1: null

2019-01-03 12:57:20 - [TEST_STEP][PASSED] - Statement - PreSaveFile = new java.io.File(((pathPrefix + java.lang.Integer.toString(counter)) + .png)): null

2019-01-03 12:57:20 - [TEST_STEP][PASSED] - Statement - counter = counter + 1: null

2019-01-03 12:57:20 - [TEST_STEP][PASSED] - Statement - PreSaveFile = new java.io.File(((pathPrefix + java.lang.Integer.toString(counter)) + .png)): null

2019-01-03 12:57:20 - [TEST_STEP][PASSED] - Statement - counter = counter + 1: null

2019-01-03 12:57:20 - [TEST_STEP][PASSED] - Statement - PreSaveFile = new java.io.File(((pathPrefix + java.lang.Integer.toString(counter)) + .png)): null

2019-01-03 12:57:20 - [TEST_STEP][PASSED] - Statement - counter = counter + 1: null

2019-01-03 12:57:20 - [TEST_STEP][PASSED] - Statement - PreSaveFile = new java.io.File(((pathPrefix + java.lang.Integer.toString(counter)) + .png)): null

2019-01-03 12:57:20 - [TEST_STEP][PASSED] - Statement - counter = counter + 1: null

2019-01-03 12:57:20 - [TEST_STEP][PASSED] - Statement - PreSaveFile = new java.io.File(((pathPrefix + java.lang.Integer.toString(counter)) + .png)): null

2019-01-03 12:57:20 - [TEST_STEP][PASSED] - Statement - counter = counter + 1: null

2019-01-03 12:57:20 - [TEST_STEP][PASSED] - Statement - PreSaveFile = new java.io.File(((pathPrefix + java.lang.Integer.toString(counter)) + .png)): null

2019-01-03 12:57:20 - [TEST_STEP][PASSED] - Statement - counter = counter + 1: null

2019-01-03 12:57:20 - [TEST_STEP][PASSED] - Statement - PreSaveFile = new java.io.File(((pathPrefix + java.lang.Integer.toString(counter)) + .png)): null

2019-01-03 12:57:20 - [TEST_STEP][PASSED] - Statement - counter = counter + 1: null

2019-01-03 12:57:20 - [TEST_STEP][PASSED] - Statement - PreSaveFile = new java.io.File(((pathPrefix + java.lang.Integer.toString(counter)) + .png)): null

2019-01-03 12:57:20 - [TEST_STEP][PASSED] - Statement - counter = counter + 1: null

2019-01-03 12:57:20 - [TEST_STEP][PASSED] - Statement - PreSaveFile = new java.io.File(((pathPrefix + java.lang.Integer.toString(counter)) + .png)): null

2019-01-03 12:57:20 - [TEST_STEP][PASSED] - Statement - counter = counter + 1: null

2019-01-03 12:57:20 - [TEST_STEP][PASSED] - Statement - PreSaveFile = new java.io.File(((pathPrefix + java.lang.Integer.toString(counter)) + .png)): null

2019-01-03 12:57:20 - [TEST_STEP][PASSED] - Statement - counter = counter + 1: null

2019-01-03 12:57:20 - [TEST_STEP][PASSED] - Statement - PreSaveFile = new java.io.File(((pathPrefix + java.lang.Integer.toString(counter)) + .png)): null

2019-01-03 12:57:20 - [TEST_STEP][PASSED] - Statement - counter = counter + 1: null

2019-01-03 12:57:20 - [TEST_STEP][PASSED] - Statement - PreSaveFile = new java.io.File(((pathPrefix + java.lang.Integer.toString(counter)) + .png)): null

2019-01-03 12:57:20 - [TEST_STEP][PASSED] - Statement - counter = counter + 1: null

2019-01-03 12:57:20 - [TEST_STEP][PASSED] - Statement - PreSaveFile = new java.io.File(((pathPrefix + java.lang.Integer.toString(counter)) + .png)): null

2019-01-03 12:57:20 - [TEST_STEP][PASSED] - Statement - counter = counter + 1: null

2019-01-03 12:57:20 - [TEST_STEP][PASSED] - Statement - PreSaveFile = new java.io.File(((pathPrefix + java.lang.Integer.toString(counter)) + .png)): null

2019-01-03 12:57:20 - [TEST_STEP][PASSED] - Statement - counter = counter + 1: null

2019-01-03 12:57:20 - [TEST_STEP][PASSED] - Statement - PreSaveFile = new java.io.File(((pathPrefix + java.lang.Integer.toString(counter)) + .png)): null

2019-01-03 12:57:20 - [TEST_STEP][PASSED] - Statement - counter = counter + 1: null

2019-01-03 12:57:20 - [TEST_STEP][PASSED] - Statement - PreSaveFile = new java.io.File(((pathPrefix + java.lang.Integer.toString(counter)) + .png)): null

2019-01-03 12:57:20 - [TEST_STEP][PASSED] - Statement - counter = counter + 1: null

2019-01-03 12:57:20 - [TEST_STEP][PASSED] - Statement - PreSaveFile = new java.io.File(((pathPrefix + java.lang.Integer.toString(counter)) + .png)): null

2019-01-03 12:57:20 - [TEST_STEP][PASSED] - Statement - counter = counter + 1: null

2019-01-03 12:57:20 - [TEST_STEP][PASSED] - Statement - PreSaveFile = new java.io.File(((pathPrefix + java.lang.Integer.toString(counter)) + .png)): null

2019-01-03 12:57:20 - [TEST_STEP][PASSED] - Statement - counter = counter + 1: null

2019-01-03 12:57:20 - [TEST_STEP][PASSED] - Statement - PreSaveFile = new java.io.File(((pathPrefix + java.lang.Integer.toString(counter)) + .png)): null

2019-01-03 12:57:20 - [TEST_STEP][PASSED] - Statement - counter = counter + 1: null

2019-01-03 12:57:20 - [TEST_STEP][PASSED] - Statement - PreSaveFile = new java.io.File(((pathPrefix + java.lang.Integer.toString(counter)) + .png)): null

2019-01-03 12:57:20 - [TEST_STEP][PASSED] - Statement - counter = counter + 1: null

2019-01-03 12:57:20 - [TEST_STEP][PASSED] - Statement - PreSaveFile = new java.io.File(((pathPrefix + java.lang.Integer.toString(counter)) + .png)): null

2019-01-03 12:57:20 - [TEST_STEP][PASSED] - Statement - counter = counter + 1: null

2019-01-03 12:57:20 - [TEST_STEP][PASSED] - Statement - PreSaveFile = new java.io.File(((pathPrefix + java.lang.Integer.toString(counter)) + .png)): null

2019-01-03 12:57:20 - [TEST_STEP][PASSED] - Statement - counter = counter + 1: null

2019-01-03 12:57:20 - [TEST_STEP][PASSED] - Statement - PreSaveFile = new java.io.File(((pathPrefix + java.lang.Integer.toString(counter)) + .png)): null

2019-01-03 12:57:20 - [TEST_STEP][PASSED] - Statement - counter = counter + 1: null

2019-01-03 12:57:20 - [TEST_STEP][PASSED] - Statement - PreSaveFile = new java.io.File(((pathPrefix + java.lang.Integer.toString(counter)) + .png)): null

2019-01-03 12:57:20 - [TEST_STEP][PASSED] - Statement - counter = counter + 1: null

2019-01-03 12:57:20 - [TEST_STEP][PASSED] - Statement - PreSaveFile = new java.io.File(((pathPrefix + java.lang.Integer.toString(counter)) + .png)): null

2019-01-03 12:57:20 - [TEST_STEP][PASSED] - Statement - counter = counter + 1: null

2019-01-03 12:57:20 - [TEST_STEP][PASSED] - Statement - PreSaveFile = new java.io.File(((pathPrefix + java.lang.Integer.toString(counter)) + .png)): null

2019-01-03 12:57:20 - [TEST_STEP][PASSED] - Statement - counter = counter + 1: null

2019-01-03 12:57:20 - [TEST_STEP][PASSED] - Statement - PreSaveFile = new java.io.File(((pathPrefix + java.lang.Integer.toString(counter)) + .png)): null

2019-01-03 12:57:20 - [TEST_STEP][PASSED] - Statement - counter = counter + 1: null

2019-01-03 12:57:20 - [TEST_STEP][PASSED] - Statement - PreSaveFile = new java.io.File(((pathPrefix + java.lang.Integer.toString(counter)) + .png)): null

2019-01-03 12:57:20 - [TEST_STEP][PASSED] - Statement - counter = counter + 1: null

2019-01-03 12:57:20 - [TEST_STEP][PASSED] - Statement - PreSaveFile = new java.io.File(((pathPrefix + java.lang.Integer.toString(counter)) + .png)): null

2019-01-03 12:57:20 - [TEST_STEP][PASSED] - Statement - counter = counter + 1: null

2019-01-03 12:57:20 - [TEST_STEP][PASSED] - Statement - PreSaveFile = new java.io.File(((pathPrefix + java.lang.Integer.toString(counter)) + .png)): null

2019-01-03 12:57:20 - [TEST_STEP][PASSED] - Statement - counter = counter + 1: null

2019-01-03 12:57:20 - [TEST_STEP][PASSED] - Statement - PreSaveFile = new java.io.File(((pathPrefix + java.lang.Integer.toString(counter)) + .png)): null

2019-01-03 12:57:20 - [TEST_STEP][PASSED] - Statement - counter = counter + 1: null

2019-01-03 12:57:20 - [TEST_STEP][PASSED] - Statement - PreSaveFile = new java.io.File(((pathPrefix + java.lang.Integer.toString(counter)) + .png)): null

2019-01-03 12:57:20 - [TEST_STEP][PASSED] - Statement - counter = counter + 1: null

2019-01-03 12:57:20 - [TEST_STEP][PASSED] - Statement - PreSaveFile = new java.io.File(((pathPrefix + java.lang.Integer.toString(counter)) + .png)): null

2019-01-03 12:57:20 - [TEST_STEP][PASSED] - Statement - counter = counter + 1: null

2019-01-03 12:57:20 - [TEST_STEP][PASSED] - Statement - PreSaveFile = new java.io.File(((pathPrefix + java.lang.Integer.toString(counter)) + .png)): null

2019-01-03 12:57:20 - [TEST_STEP][PASSED] - Statement - counter = counter + 1: null

2019-01-03 12:57:20 - [TEST_STEP][PASSED] - Statement - PreSaveFile = new java.io.File(((pathPrefix + java.lang.Integer.toString(counter)) + .png)): null

2019-01-03 12:57:20 - [TEST_STEP][PASSED] - Statement - counter = counter + 1: null

2019-01-03 12:57:20 - [TEST_STEP][PASSED] - Statement - PreSaveFile = new java.io.File(((pathPrefix + java.lang.Integer.toString(counter)) + .png)): null

2019-01-03 12:57:20 - [TEST_STEP][PASSED] - Statement - counter = counter + 1: null

2019-01-03 12:57:20 - [TEST_STEP][PASSED] - Statement - PreSaveFile = new java.io.File(((pathPrefix + java.lang.Integer.toString(counter)) + .png)): null

2019-01-03 12:57:20 - [TEST_STEP][PASSED] - Statement - counter = counter + 1: null

2019-01-03 12:57:20 - [TEST_STEP][PASSED] - Statement - PreSaveFile = new java.io.File(((pathPrefix + java.lang.Integer.toString(counter)) + .png)): null

2019-01-03 12:57:20 - [TEST_STEP][PASSED] - Statement - counter = counter + 1: null

2019-01-03 12:57:20 - [TEST_STEP][PASSED] - Statement - PreSaveFile = new java.io.File(((pathPrefix + java.lang.Integer.toString(counter)) + .png)): null

2019-01-03 12:57:20 - [TEST_STEP][PASSED] - Statement - counter = counter + 1: null

2019-01-03 12:57:20 - [TEST_STEP][PASSED] - Statement - PreSaveFile = new java.io.File(((pathPrefix + java.lang.Integer.toString(counter)) + .png)): null

2019-01-03 12:57:20 - [TEST_STEP][PASSED] - Statement - counter = counter + 1: null

2019-01-03 12:57:20 - [TEST_STEP][PASSED] - Statement - PreSaveFile = new java.io.File(((pathPrefix + java.lang.Integer.toString(counter)) + .png)): null

2019-01-03 12:57:20 - [TEST_STEP][PASSED] - Statement - counter = counter + 1: null

2019-01-03 12:57:20 - [TEST_STEP][PASSED] - Statement - PreSaveFile = new java.io.File(((pathPrefix + java.lang.Integer.toString(counter)) + .png)): null

2019-01-03 12:57:20 - [TEST_STEP][PASSED] - Statement - counter = counter + 1: null

2019-01-03 12:57:20 - [TEST_STEP][PASSED] - Statement - PreSaveFile = new java.io.File(((pathPrefix + java.lang.Integer.toString(counter)) + .png)): null

2019-01-03 12:57:20 - [TEST_STEP][PASSED] - Statement - counter = counter + 1: null

2019-01-03 12:57:20 - [TEST_STEP][PASSED] - Statement - PreSaveFile = new java.io.File(((pathPrefix + java.lang.Integer.toString(counter)) + .png)): null

2019-01-03 12:57:20 - [TEST_STEP][PASSED] - Statement - counter = counter + 1: null

2019-01-03 12:57:20 - [TEST_STEP][PASSED] - Statement - PreSaveFile = new java.io.File(((pathPrefix + java.lang.Integer.toString(counter)) + .png)): null

2019-01-03 12:57:20 - [TEST_STEP][PASSED] - Statement - counter = counter + 1: null

2019-01-03 12:57:20 - [TEST_STEP][PASSED] - Statement - PreSaveFile = new java.io.File(((pathPrefix + java.lang.Integer.toString(counter)) + .png)): null

2019-01-03 12:57:20 - [TEST_STEP][PASSED] - Statement - counter = counter + 1: null

2019-01-03 12:57:20 - [TEST_STEP][PASSED] - Statement - PreSaveFile = new java.io.File(((pathPrefix + java.lang.Integer.toString(counter)) + .png)): null

2019-01-03 12:57:20 - [TEST_STEP][PASSED] - Statement - counter = counter + 1: null

2019-01-03 12:57:20 - [TEST_STEP][PASSED] - Statement - PreSaveFile = new java.io.File(((pathPrefix + java.lang.Integer.toString(counter)) + .png)): null

2019-01-03 12:57:20 - [TEST_STEP][PASSED] - Statement - counter = counter + 1: null

2019-01-03 12:57:20 - [TEST_STEP][PASSED] - Statement - PreSaveFile = new java.io.File(((pathPrefix + java.lang.Integer.toString(counter)) + .png)): null

2019-01-03 12:57:20 - [TEST_STEP][PASSED] - Statement - counter = counter + 1: null

2019-01-03 12:57:20 - [TEST_STEP][PASSED] - Statement - PreSaveFile = new java.io.File(((pathPrefix + java.lang.Integer.toString(counter)) + .png)): null

2019-01-03 12:57:20 - [TEST_STEP][PASSED] - Statement - counter = counter + 1: null

2019-01-03 12:57:20 - [TEST_STEP][PASSED] - Statement - PreSaveFile = new java.io.File(((pathPrefix + java.lang.Integer.toString(counter)) + .png)): null

2019-01-03 12:57:20 - [TEST_STEP][PASSED] - Statement - counter = counter + 1: null

2019-01-03 12:57:20 - [TEST_STEP][PASSED] - Statement - PreSaveFile = new java.io.File(((pathPrefix + java.lang.Integer.toString(counter)) + .png)): null

2019-01-03 12:57:20 - [TEST_STEP][PASSED] - Statement - counter = counter + 1: null

2019-01-03 12:57:20 - [TEST_STEP][PASSED] - Statement - PreSaveFile = new java.io.File(((pathPrefix + java.lang.Integer.toString(counter)) + .png)): null

2019-01-03 12:57:20 - [TEST_STEP][PASSED] - Statement - counter = counter + 1: null

2019-01-03 12:57:20 - [TEST_STEP][PASSED] - Statement - PreSaveFile = new java.io.File(((pathPrefix + java.lang.Integer.toString(counter)) + .png)): null

2019-01-03 12:57:20 - [TEST_STEP][PASSED] - Statement - counter = counter + 1: null

2019-01-03 12:57:20 - [TEST_STEP][PASSED] - Statement - PreSaveFile = new java.io.File(((pathPrefix + java.lang.Integer.toString(counter)) + .png)): null

2019-01-03 12:57:20 - [TEST_STEP][PASSED] - Statement - counter = counter + 1: null

2019-01-03 12:57:20 - [TEST_STEP][PASSED] - Statement - PreSaveFile = new java.io.File(((pathPrefix + java.lang.Integer.toString(counter)) + .png)): null

2019-01-03 12:57:20 - [TEST_STEP][PASSED] - Statement - counter = counter + 1: null

2019-01-03 12:57:20 - [TEST_STEP][PASSED] - Statement - PreSaveFile = new java.io.File(((pathPrefix + java.lang.Integer.toString(counter)) + .png)): null

2019-01-03 12:57:20 - [TEST_STEP][PASSED] - Statement - counter = counter + 1: null

2019-01-03 12:57:20 - [TEST_STEP][PASSED] - Statement - PreSaveFile = new java.io.File(((pathPrefix + java.lang.Integer.toString(counter)) + .png)): null

2019-01-03 12:57:20 - [TEST_STEP][PASSED] - Statement - counter = counter + 1: null

2019-01-03 12:57:20 - [TEST_STEP][PASSED] - Statement - PreSaveFile = new java.io.File(((pathPrefix + java.lang.Integer.toString(counter)) + .png)): null

2019-01-03 12:57:20 - [TEST_STEP][PASSED] - Statement - counter = counter + 1: null

2019-01-03 12:57:20 - [TEST_STEP][PASSED] - Statement - PreSaveFile = new java.io.File(((pathPrefix + java.lang.Integer.toString(counter)) + .png)): null

2019-01-03 12:57:20 - [TEST_STEP][PASSED] - Statement - counter = counter + 1: null

2019-01-03 12:57:20 - [TEST_STEP][PASSED] - Statement - PreSaveFile = new java.io.File(((pathPrefix + java.lang.Integer.toString(counter)) + .png)): null

2019-01-03 12:57:20 - [TEST_STEP][PASSED] - Statement - counter = counter + 1: null

2019-01-03 12:57:20 - [TEST_STEP][PASSED] - Statement - PreSaveFile = new java.io.File(((pathPrefix + java.lang.Integer.toString(counter)) + .png)): null

2019-01-03 12:57:20 - [TEST_STEP][PASSED] - Statement - counter = counter + 1: null

2019-01-03 12:57:20 - [TEST_STEP][PASSED] - Statement - PreSaveFile = new java.io.File(((pathPrefix + java.lang.Integer.toString(counter)) + .png)): null

2019-01-03 12:57:20 - [TEST_STEP][PASSED] - Statement - counter = counter + 1: null

2019-01-03 12:57:20 - [TEST_STEP][PASSED] - Statement - PreSaveFile = new java.io.File(((pathPrefix + java.lang.Integer.toString(counter)) + .png)): null

2019-01-03 12:57:20 - [TEST_STEP][PASSED] - Statement - counter = counter + 1: null

2019-01-03 12:57:20 - [TEST_STEP][PASSED] - Statement - PreSaveFile = new java.io.File(((pathPrefix + java.lang.Integer.toString(counter)) + .png)): null

2019-01-03 12:57:20 - [TEST_STEP][PASSED] - Statement - counter = counter + 1: null

2019-01-03 12:57:20 - [TEST_STEP][PASSED] - Statement - PreSaveFile = new java.io.File(((pathPrefix + java.lang.Integer.toString(counter)) + .png)): null

2019-01-03 12:57:20 - [TEST_STEP][PASSED] - Statement - counter = counter + 1: null

2019-01-03 12:57:20 - [TEST_STEP][PASSED] - Statement - PreSaveFile = new java.io.File(((pathPrefix + java.lang.Integer.toString(counter)) + .png)): null

2019-01-03 12:57:20 - [TEST_STEP][PASSED] - Statement - counter = counter + 1: null

2019-01-03 12:57:20 - [TEST_STEP][PASSED] - Statement - PreSaveFile = new java.io.File(((pathPrefix + java.lang.Integer.toString(counter)) + .png)): null

2019-01-03 12:57:20 - [TEST_STEP][PASSED] - Statement - counter = counter + 1: null

2019-01-03 12:57:20 - [TEST_STEP][PASSED] - Statement - PreSaveFile = new java.io.File(((pathPrefix + java.lang.Integer.toString(counter)) + .png)): null

2019-01-03 12:57:20 - [TEST_STEP][PASSED] - Statement - counter = counter + 1: null

2019-01-03 12:57:20 - [TEST_STEP][PASSED] - Statement - PreSaveFile = new java.io.File(((pathPrefix + java.lang.Integer.toString(counter)) + .png)): null

2019-01-03 12:57:20 - [TEST_STEP][PASSED] - Statement - counter = counter + 1: null

2019-01-03 12:57:20 - [TEST_STEP][PASSED] - Statement - PreSaveFile = new java.io.File(((pathPrefix + java.lang.Integer.toString(counter)) + .png)): null

2019-01-03 12:57:20 - [TEST_STEP][PASSED] - Statement - counter = counter + 1: null

2019-01-03 12:57:20 - [TEST_STEP][PASSED] - Statement - PreSaveFile = new java.io.File(((pathPrefix + java.lang.Integer.toString(counter)) + .png)): null

2019-01-03 12:57:20 - [TEST_STEP][PASSED] - Statement - counter = counter + 1: null

2019-01-03 12:57:20 - [TEST_STEP][PASSED] - Statement - PreSaveFile = new java.io.File(((pathPrefix + java.lang.Integer.toString(counter)) + .png)): null

2019-01-03 12:57:20 - [TEST_STEP][PASSED] - Statement - counter = counter + 1: null

2019-01-03 12:57:20 - [TEST_STEP][PASSED] - Statement - PreSaveFile = new java.io.File(((pathPrefix + java.lang.Integer.toString(counter)) + .png)): null

2019-01-03 12:57:20 - [TEST_STEP][PASSED] - Statement - counter = counter + 1: null

2019-01-03 12:57:20 - [TEST_STEP][PASSED] - Statement - PreSaveFile = new java.io.File(((pathPrefix + java.lang.Integer.toString(counter)) + .png)): null

2019-01-03 12:57:20 - [TEST_STEP][PASSED] - Statement - counter = counter + 1: null

2019-01-03 12:57:20 - [TEST_STEP][PASSED] - Statement - PreSaveFile = new java.io.File(((pathPrefix + java.lang.Integer.toString(counter)) + .png)): null

2019-01-03 12:57:20 - [TEST_STEP][PASSED] - Statement - counter = counter + 1: null

2019-01-03 12:57:20 - [TEST_STEP][PASSED] - Statement - PreSaveFile = new java.io.File(((pathPrefix + java.lang.Integer.toString(counter)) + .png)): null

2019-01-03 12:57:20 - [TEST_STEP][PASSED] - Statement - counter = counter + 1: null

2019-01-03 12:57:20 - [TEST_STEP][PASSED] - Statement - PreSaveFile = new java.io.File(((pathPrefix + java.lang.Integer.toString(counter)) + .png)): null

2019-01-03 12:57:20 - [TEST_STEP][PASSED] - Statement - counter = counter + 1: null

2019-01-03 12:57:20 - [TEST_STEP][PASSED] - Statement - PreSaveFile = new java.io.File(((pathPrefix + java.lang.Integer.toString(counter)) + .png)): null

2019-01-03 12:57:20 - [TEST_STEP][PASSED] - Statement - counter = counter + 1: null

2019-01-03 12:57:20 - [TEST_STEP][PASSED] - Statement - PreSaveFile = new java.io.File(((pathPrefix + java.lang.Integer.toString(counter)) + .png)): null

2019-01-03 12:57:20 - [TEST_STEP][PASSED] - Statement - counter = counter + 1: null

2019-01-03 12:57:20 - [TEST_STEP][PASSED] - Statement - PreSaveFile = new java.io.File(((pathPrefix + java.lang.Integer.toString(counter)) + .png)): null

2019-01-03 12:57:20 - [TEST_STEP][PASSED] - Statement - counter = counter + 1: null

2019-01-03 12:57:20 - [TEST_STEP][PASSED] - Statement - PreSaveFile = new java.io.File(((pathPrefix + java.lang.Integer.toString(counter)) + .png)): null

2019-01-03 12:57:20 - [TEST_STEP][PASSED] - Statement - counter = counter + 1: null

2019-01-03 12:57:20 - [TEST_STEP][PASSED] - Statement - PreSaveFile = new java.io.File(((pathPrefix + java.lang.Integer.toString(counter)) + .png)): null

2019-01-03 12:57:20 - [TEST_STEP][PASSED] - Statement - counter = counter + 1: null

2019-01-03 12:57:21 - [TEST_STEP][PASSED] - Statement - PreSaveFile = new java.io.File(((pathPrefix + java.lang.Integer.toString(counter)) + .png)): null

2019-01-03 12:57:21 - [TEST_STEP][PASSED] - Statement - counter = counter + 1: null

2019-01-03 12:57:21 - [TEST_STEP][PASSED] - Statement - PreSaveFile = new java.io.File(((pathPrefix + java.lang.Integer.toString(counter)) + .png)): null

2019-01-03 12:57:21 - [TEST_STEP][PASSED] - Statement - counter = counter + 1: null

2019-01-03 12:57:21 - [TEST_STEP][PASSED] - Statement - PreSaveFile = new java.io.File(((pathPrefix + java.lang.Integer.toString(counter)) + .png)): null

2019-01-03 12:57:21 - [TEST_STEP][PASSED] - Statement - counter = counter + 1: null

2019-01-03 12:57:21 - [TEST_STEP][PASSED] - Statement - PreSaveFile = new java.io.File(((pathPrefix + java.lang.Integer.toString(counter)) + .png)): null

2019-01-03 12:57:21 - [TEST_STEP][PASSED] - Statement - counter = counter + 1: null

2019-01-03 12:57:21 - [TEST_STEP][PASSED] - Statement - PreSaveFile = new java.io.File(((pathPrefix + java.lang.Integer.toString(counter)) + .png)): null

2019-01-03 12:57:21 - [TEST_STEP][PASSED] - Statement - counter = counter + 1: null

2019-01-03 12:57:21 - [TEST_STEP][PASSED] - Statement - PreSaveFile = new java.io.File(((pathPrefix + java.lang.Integer.toString(counter)) + .png)): null

2019-01-03 12:57:21 - [TEST_STEP][PASSED] - Statement - counter = counter + 1: null

2019-01-03 12:57:21 - [TEST_STEP][PASSED] - Statement - PreSaveFile = new java.io.File(((pathPrefix + java.lang.Integer.toString(counter)) + .png)): null

2019-01-03 12:57:21 - [TEST_STEP][PASSED] - Statement - counter = counter + 1: null

2019-01-03 12:57:21 - [TEST_STEP][PASSED] - Statement - PreSaveFile = new java.io.File(((pathPrefix + java.lang.Integer.toString(counter)) + .png)): null

2019-01-03 12:57:21 - [TEST_STEP][PASSED] - Statement - counter = counter + 1: null

2019-01-03 12:57:21 - [TEST_STEP][PASSED] - Statement - PreSaveFile = new java.io.File(((pathPrefix + java.lang.Integer.toString(counter)) + .png)): null

2019-01-03 12:57:21 - [TEST_STEP][PASSED] - Statement - counter = counter + 1: null

2019-01-03 12:57:21 - [TEST_STEP][PASSED] - Statement - PreSaveFile = new java.io.File(((pathPrefix + java.lang.Integer.toString(counter)) + .png)): null

2019-01-03 12:57:21 - [TEST_STEP][PASSED] - Statement - counter = counter + 1: null

2019-01-03 12:57:21 - [TEST_STEP][PASSED] - Statement - PreSaveFile = new java.io.File(((pathPrefix + java.lang.Integer.toString(counter)) + .png)): null

2019-01-03 12:57:21 - [TEST_STEP][PASSED] - Statement - counter = counter + 1: null

2019-01-03 12:57:21 - [TEST_STEP][PASSED] - Statement - PreSaveFile = new java.io.File(((pathPrefix + java.lang.Integer.toString(counter)) + .png)): null

2019-01-03 12:57:21 - [TEST_STEP][PASSED] - Statement - counter = counter + 1: null

2019-01-03 12:57:21 - [TEST_STEP][PASSED] - Statement - PreSaveFile = new java.io.File(((pathPrefix + java.lang.Integer.toString(counter)) + .png)): null

2019-01-03 12:57:21 - [TEST_STEP][PASSED] - Statement - counter = counter + 1: null

2019-01-03 12:57:21 - [TEST_STEP][PASSED] - Statement - PreSaveFile = new java.io.File(((pathPrefix + java.lang.Integer.toString(counter)) + .png)): null

2019-01-03 12:57:21 - [TEST_STEP][PASSED] - Statement - counter = counter + 1: null

2019-01-03 12:57:21 - [TEST_STEP][PASSED] - Statement - PreSaveFile = new java.io.File(((pathPrefix + java.lang.Integer.toString(counter)) + .png)): null

2019-01-03 12:57:21 - [TEST_STEP][PASSED] - Statement - counter = counter + 1: null

2019-01-03 12:57:21 - [TEST_STEP][PASSED] - Statement - PreSaveFile = new java.io.File(((pathPrefix + java.lang.Integer.toString(counter)) + .png)): null

2019-01-03 12:57:21 - [TEST_STEP][PASSED] - Statement - counter = counter + 1: null

2019-01-03 12:57:21 - [TEST_STEP][PASSED] - Statement - PreSaveFile = new java.io.File(((pathPrefix + java.lang.Integer.toString(counter)) + .png)): null

2019-01-03 12:57:21 - [TEST_STEP][PASSED] - Statement - counter = counter + 1: null

2019-01-03 12:57:21 - [TEST_STEP][PASSED] - Statement - PreSaveFile = new java.io.File(((pathPrefix + java.lang.Integer.toString(counter)) + .png)): null

2019-01-03 12:57:21 - [TEST_STEP][PASSED] - Statement - counter = counter + 1: null

2019-01-03 12:57:21 - [TEST_STEP][PASSED] - Statement - PreSaveFile = new java.io.File(((pathPrefix + java.lang.Integer.toString(counter)) + .png)): null

2019-01-03 12:57:21 - [TEST_STEP][PASSED] - Statement - counter = counter + 1: null

2019-01-03 12:57:21 - [TEST_STEP][PASSED] - Statement - PreSaveFile = new java.io.File(((pathPrefix + java.lang.Integer.toString(counter)) + .png)): null

2019-01-03 12:57:21 - [TEST_STEP][PASSED] - Statement - counter = counter + 1: null

2019-01-03 12:57:21 - [TEST_STEP][PASSED] - Statement - PreSaveFile = new java.io.File(((pathPrefix + java.lang.Integer.toString(counter)) + .png)): null

2019-01-03 12:57:21 - [TEST_STEP][PASSED] - Statement - counter = counter + 1: null

2019-01-03 12:57:21 - [TEST_STEP][PASSED] - Statement - PreSaveFile = new java.io.File(((pathPrefix + java.lang.Integer.toString(counter)) + .png)): null

2019-01-03 12:57:21 - [TEST_STEP][PASSED] - Statement - counter = counter + 1: null

2019-01-03 12:57:21 - [TEST_STEP][PASSED] - Statement - PreSaveFile = new java.io.File(((pathPrefix + java.lang.Integer.toString(counter)) + .png)): null

2019-01-03 12:57:21 - [TEST_STEP][PASSED] - Statement - counter = counter + 1: null

2019-01-03 12:57:21 - [TEST_STEP][PASSED] - Statement - PreSaveFile = new java.io.File(((pathPrefix + java.lang.Integer.toString(counter)) + .png)): null

2019-01-03 12:57:21 - [TEST_STEP][PASSED] - Statement - counter = counter + 1: null

2019-01-03 12:57:21 - [TEST_STEP][PASSED] - Statement - PreSaveFile = new java.io.File(((pathPrefix + java.lang.Integer.toString(counter)) + .png)): null

2019-01-03 12:57:21 - [TEST_STEP][PASSED] - Statement - counter = counter + 1: null

2019-01-03 12:57:21 - [TEST_STEP][PASSED] - Statement - PreSaveFile = new java.io.File(((pathPrefix + java.lang.Integer.toString(counter)) + .png)): null

2019-01-03 12:57:21 - [TEST_STEP][PASSED] - Statement - counter = counter + 1: null

2019-01-03 12:57:21 - [TEST_STEP][PASSED] - Statement - PreSaveFile = new java.io.File(((pathPrefix + java.lang.Integer.toString(counter)) + .png)): null

2019-01-03 12:57:21 - [TEST_STEP][PASSED] - Statement - counter = counter + 1: null

2019-01-03 12:57:21 - [TEST_STEP][PASSED] - Statement - PreSaveFile = new java.io.File(((pathPrefix + java.lang.Integer.toString(counter)) + .png)): null

2019-01-03 12:57:21 - [TEST_STEP][PASSED] - Statement - counter = counter + 1: null

2019-01-03 12:57:21 - [TEST_STEP][PASSED] - Statement - PreSaveFile = new java.io.File(((pathPrefix + java.lang.Integer.toString(counter)) + .png)): null

2019-01-03 12:57:21 - [TEST_STEP][PASSED] - Statement - counter = counter + 1: null

2019-01-03 12:57:21 - [TEST_STEP][PASSED] - Statement - PreSaveFile = new java.io.File(((pathPrefix + java.lang.Integer.toString(counter)) + .png)): null

2019-01-03 12:57:21 - [TEST_STEP][PASSED] - Statement - counter = counter + 1: null

2019-01-03 12:57:21 - [TEST_STEP][PASSED] - Statement - PreSaveFile = new java.io.File(((pathPrefix + java.lang.Integer.toString(counter)) + .png)): null

2019-01-03 12:57:21 - [TEST_STEP][PASSED] - Statement - counter = counter + 1: null

2019-01-03 12:57:21 - [TEST_STEP][PASSED] - Statement - PreSaveFile = new java.io.File(((pathPrefix + java.lang.Integer.toString(counter)) + .png)): null

2019-01-03 12:57:21 - [TEST_STEP][PASSED] - Statement - counter = counter + 1: null

2019-01-03 12:57:21 - [TEST_STEP][PASSED] - Statement - PreSaveFile = new java.io.File(((pathPrefix + java.lang.Integer.toString(counter)) + .png)): null

2019-01-03 12:57:21 - [TEST_STEP][PASSED] - Statement - counter = counter + 1: null

2019-01-03 12:57:21 - [TEST_STEP][PASSED] - Statement - PreSaveFile = new java.io.File(((pathPrefix + java.lang.Integer.toString(counter)) + .png)): null

2019-01-03 12:57:21 - [TEST_STEP][PASSED] - Statement - counter = counter + 1: null

2019-01-03 12:57:21 - [TEST_STEP][PASSED] - Statement - PreSaveFile = new java.io.File(((pathPrefix + java.lang.Integer.toString(counter)) + .png)): null

2019-01-03 12:57:21 - [TEST_STEP][PASSED] - Statement - counter = counter + 1: null

2019-01-03 12:57:21 - [TEST_STEP][PASSED] - Statement - PreSaveFile = new java.io.File(((pathPrefix + java.lang.Integer.toString(counter)) + .png)): null

2019-01-03 12:57:21 - [TEST_STEP][PASSED] - Statement - counter = counter + 1: null

2019-01-03 12:57:21 - [TEST_STEP][PASSED] - Statement - PreSaveFile = new java.io.File(((pathPrefix + java.lang.Integer.toString(counter)) + .png)): null

2019-01-03 12:57:21 - [TEST_STEP][PASSED] - Statement - counter = counter + 1: null

2019-01-03 12:57:21 - [TEST_STEP][PASSED] - Statement - PreSaveFile = new java.io.File(((pathPrefix + java.lang.Integer.toString(counter)) + .png)): null

2019-01-03 12:57:21 - [TEST_STEP][PASSED] - Statement - counter = counter + 1: null

2019-01-03 12:57:21 - [TEST_STEP][PASSED] - Statement - PreSaveFile = new java.io.File(((pathPrefix + java.lang.Integer.toString(counter)) + .png)): null

2019-01-03 12:57:21 - [TEST_STEP][PASSED] - Statement - counter = counter + 1: null

2019-01-03 12:57:21 - [TEST_STEP][PASSED] - Statement - PreSaveFile = new java.io.File(((pathPrefix + java.lang.Integer.toString(counter)) + .png)): null

2019-01-03 12:57:21 - [TEST_STEP][PASSED] - Statement - counter = counter + 1: null

2019-01-03 12:57:21 - [TEST_STEP][PASSED] - Statement - PreSaveFile = new java.io.File(((pathPrefix + java.lang.Integer.toString(counter)) + .png)): null

2019-01-03 12:57:21 - [TEST_STEP][PASSED] - Statement - counter = counter + 1: null

2019-01-03 12:57:21 - [TEST_STEP][PASSED] - Statement - PreSaveFile = new java.io.File(((pathPrefix + java.lang.Integer.toString(counter)) + .png)): null

2019-01-03 12:57:21 - [TEST_STEP][PASSED] - Statement - counter = counter + 1: null

2019-01-03 12:57:21 - [TEST_STEP][PASSED] - Statement - PreSaveFile = new java.io.File(((pathPrefix + java.lang.Integer.toString(counter)) + .png)): null

2019-01-03 12:57:21 - [TEST_STEP][PASSED] - Statement - counter = counter + 1: null

2019-01-03 12:57:21 - [TEST_STEP][PASSED] - Statement - PreSaveFile = new java.io.File(((pathPrefix + java.lang.Integer.toString(counter)) + .png)): null

2019-01-03 12:57:21 - [TEST_STEP][PASSED] - Statement - counter = counter + 1: null

2019-01-03 12:57:21 - [TEST_STEP][PASSED] - Statement - PreSaveFile = new java.io.File(((pathPrefix + java.lang.Integer.toString(counter)) + .png)): null

2019-01-03 12:57:21 - [TEST_STEP][PASSED] - Statement - counter = counter + 1: null

2019-01-03 12:57:21 - [TEST_STEP][PASSED] - Statement - PreSaveFile = new java.io.File(((pathPrefix + java.lang.Integer.toString(counter)) + .png)): null

2019-01-03 12:57:21 - [TEST_STEP][PASSED] - Statement - counter = counter + 1: null

2019-01-03 12:57:21 - [TEST_STEP][PASSED] - Statement - PreSaveFile = new java.io.File(((pathPrefix + java.lang.Integer.toString(counter)) + .png)): null

2019-01-03 12:57:21 - [TEST_STEP][PASSED] - Statement - counter = counter + 1: null

2019-01-03 12:57:21 - [TEST_STEP][PASSED] - Statement - PreSaveFile = new java.io.File(((pathPrefix + java.lang.Integer.toString(counter)) + .png)): null

2019-01-03 12:57:21 - [TEST_STEP][PASSED] - Statement - counter = counter + 1: null

2019-01-03 12:57:21 - [TEST_STEP][PASSED] - Statement - PreSaveFile = new java.io.File(((pathPrefix + java.lang.Integer.toString(counter)) + .png)): null

2019-01-03 12:57:21 - [TEST_STEP][PASSED] - Statement - counter = counter + 1: null

2019-01-03 12:57:21 - [TEST_STEP][PASSED] - Statement - PreSaveFile = new java.io.File(((pathPrefix + java.lang.Integer.toString(counter)) + .png)): null

2019-01-03 12:57:21 - [TEST_STEP][PASSED] - Statement - counter = counter + 1: null

2019-01-03 12:57:21 - [TEST_STEP][PASSED] - Statement - PreSaveFile = new java.io.File(((pathPrefix + java.lang.Integer.toString(counter)) + .png)): null

2019-01-03 12:57:21 - [TEST_STEP][PASSED] - Statement - counter = counter + 1: null

2019-01-03 12:57:21 - [TEST_STEP][PASSED] - Statement - PreSaveFile = new java.io.File(((pathPrefix + java.lang.Integer.toString(counter)) + .png)): null

2019-01-03 12:57:21 - [TEST_STEP][PASSED] - Statement - counter = counter + 1: null

2019-01-03 12:57:21 - [TEST_STEP][PASSED] - Statement - PreSaveFile = new java.io.File(((pathPrefix + java.lang.Integer.toString(counter)) + .png)): null

2019-01-03 12:57:21 - [TEST_STEP][PASSED] - Statement - counter = counter + 1: null

2019-01-03 12:57:21 - [TEST_STEP][PASSED] - Statement - PreSaveFile = new java.io.File(((pathPrefix + java.lang.Integer.toString(counter)) + .png)): null

2019-01-03 12:57:21 - [TEST_STEP][PASSED] - Statement - counter = counter + 1: null

2019-01-03 12:57:21 - [TEST_STEP][PASSED] - Statement - PreSaveFile = new java.io.File(((pathPrefix + java.lang.Integer.toString(counter)) + .png)): null

2019-01-03 12:57:21 - [TEST_STEP][PASSED] - Statement - counter = counter + 1: null

2019-01-03 12:57:21 - [TEST_STEP][PASSED] - Statement - PreSaveFile = new java.io.File(((pathPrefix + java.lang.Integer.toString(counter)) + .png)): null

2019-01-03 12:57:21 - [TEST_STEP][PASSED] - Statement - counter = counter + 1: null

2019-01-03 12:57:21 - [TEST_STEP][PASSED] - Statement - PreSaveFile = new java.io.File(((pathPrefix + java.lang.Integer.toString(counter)) + .png)): null

2019-01-03 12:57:21 - [TEST_STEP][PASSED] - Statement - counter = counter + 1: null

2019-01-03 12:57:21 - [TEST_STEP][PASSED] - Statement - PreSaveFile = new java.io.File(((pathPrefix + java.lang.Integer.toString(counter)) + .png)): null

2019-01-03 12:57:21 - [TEST_STEP][PASSED] - Statement - counter = counter + 1: null

2019-01-03 12:57:21 - [TEST_STEP][PASSED] - Statement - PreSaveFile = new java.io.File(((pathPrefix + java.lang.Integer.toString(counter)) + .png)): null

2019-01-03 12:57:21 - [TEST_STEP][PASSED] - Statement - counter = counter + 1: null

2019-01-03 12:57:21 - [TEST_STEP][PASSED] - Statement - PreSaveFile = new java.io.File(((pathPrefix + java.lang.Integer.toString(counter)) + .png)): null

2019-01-03 12:57:21 - [TEST_STEP][PASSED] - Statement - counter = counter + 1: null

2019-01-03 12:57:21 - [TEST_STEP][PASSED] - Statement - PreSaveFile = new java.io.File(((pathPrefix + java.lang.Integer.toString(counter)) + .png)): null

2019-01-03 12:57:21 - [TEST_STEP][PASSED] - Statement - counter = counter + 1: null

2019-01-03 12:57:21 - [TEST_STEP][PASSED] - Statement - PreSaveFile = new java.io.File(((pathPrefix + java.lang.Integer.toString(counter)) + .png)): null

2019-01-03 12:57:21 - [TEST_STEP][PASSED] - Statement - counter = counter + 1: null

2019-01-03 12:57:21 - [TEST_STEP][PASSED] - Statement - PreSaveFile = new java.io.File(((pathPrefix + java.lang.Integer.toString(counter)) + .png)): null

2019-01-03 12:57:21 - [TEST_STEP][PASSED] - Statement - counter = counter + 1: null

2019-01-03 12:57:21 - [TEST_STEP][PASSED] - Statement - PreSaveFile = new java.io.File(((pathPrefix + java.lang.Integer.toString(counter)) + .png)): null

2019-01-03 12:57:21 - [TEST_STEP][PASSED] - Statement - counter = counter + 1: null

2019-01-03 12:57:21 - [TEST_STEP][PASSED] - Statement - PreSaveFile = new java.io.File(((pathPrefix + java.lang.Integer.toString(counter)) + .png)): null

2019-01-03 12:57:21 - [TEST_STEP][PASSED] - Statement - counter = counter + 1: null

2019-01-03 12:57:21 - [TEST_STEP][PASSED] - Statement - PreSaveFile = new java.io.File(((pathPrefix + java.lang.Integer.toString(counter)) + .png)): null

2019-01-03 12:57:21 - [TEST_STEP][PASSED] - Statement - counter = counter + 1: null

2019-01-03 12:57:21 - [TEST_STEP][PASSED] - Statement - PreSaveFile = new java.io.File(((pathPrefix + java.lang.Integer.toString(counter)) + .png)): null

2019-01-03 12:57:21 - [TEST_STEP][PASSED] - Statement - counter = counter + 1: null

2019-01-03 12:57:21 - [TEST_STEP][PASSED] - Statement - PreSaveFile = new java.io.File(((pathPrefix + java.lang.Integer.toString(counter)) + .png)): null

2019-01-03 12:57:21 - [TEST_STEP][PASSED] - Statement - counter = counter + 1: null

2019-01-03 12:57:21 - [TEST_STEP][PASSED] - Statement - PreSaveFile = new java.io.File(((pathPrefix + java.lang.Integer.toString(counter)) + .png)): null

2019-01-03 12:57:21 - [TEST_STEP][PASSED] - Statement - counter = counter + 1: null

2019-01-03 12:57:21 - [TEST_STEP][PASSED] - Statement - PreSaveFile = new java.io.File(((pathPrefix + java.lang.Integer.toString(counter)) + .png)): null

2019-01-03 12:57:21 - [TEST_STEP][PASSED] - Statement - counter = counter + 1: null

2019-01-03 12:57:21 - [TEST_STEP][PASSED] - Statement - PreSaveFile = new java.io.File(((pathPrefix + java.lang.Integer.toString(counter)) + .png)): null

2019-01-03 12:57:21 - [TEST_STEP][PASSED] - Statement - counter = counter + 1: null

2019-01-03 12:57:21 - [TEST_STEP][PASSED] - Statement - PreSaveFile = new java.io.File(((pathPrefix + java.lang.Integer.toString(counter)) + .png)): null

2019-01-03 12:57:21 - [TEST_STEP][PASSED] - Statement - counter = counter + 1: null

2019-01-03 12:57:21 - [TEST_STEP][PASSED] - Statement - PreSaveFile = new java.io.File(((pathPrefix + java.lang.Integer.toString(counter)) + .png)): null

2019-01-03 12:57:21 - [TEST_STEP][PASSED] - Statement - counter = counter + 1: null

2019-01-03 12:57:21 - [TEST_STEP][PASSED] - Statement - PreSaveFile = new java.io.File(((pathPrefix + java.lang.Integer.toString(counter)) + .png)): null

2019-01-03 12:57:21 - [TEST_STEP][PASSED] - Statement - counter = counter + 1: null

2019-01-03 12:57:21 - [TEST_STEP][PASSED] - Statement - PreSaveFile = new java.io.File(((pathPrefix + java.lang.Integer.toString(counter)) + .png)): null

2019-01-03 12:57:21 - [TEST_STEP][PASSED] - Statement - counter = counter + 1: null

2019-01-03 12:57:21 - [TEST_STEP][PASSED] - Statement - PreSaveFile = new java.io.File(((pathPrefix + java.lang.Integer.toString(counter)) + .png)): null

2019-01-03 12:57:21 - [TEST_STEP][PASSED] - Statement - counter = counter + 1: null

2019-01-03 12:57:21 - [TEST_STEP][PASSED] - Statement - PreSaveFile = new java.io.File(((pathPrefix + java.lang.Integer.toString(counter)) + .png)): null

2019-01-03 12:57:21 - [TEST_STEP][PASSED] - Statement - counter = counter + 1: null

2019-01-03 12:57:21 - [TEST_STEP][PASSED] - Statement - PreSaveFile = new java.io.File(((pathPrefix + java.lang.Integer.toString(counter)) + .png)): null

2019-01-03 12:57:21 - [TEST_STEP][PASSED] - Statement - counter = counter + 1: null

2019-01-03 12:57:21 - [TEST_STEP][PASSED] - Statement - PreSaveFile = new java.io.File(((pathPrefix + java.lang.Integer.toString(counter)) + .png)): null

2019-01-03 12:57:21 - [TEST_STEP][PASSED] - Statement - counter = counter + 1: null

2019-01-03 12:57:21 - [TEST_STEP][PASSED] - Statement - PreSaveFile = new java.io.File(((pathPrefix + java.lang.Integer.toString(counter)) + .png)): null

2019-01-03 12:57:21 - [TEST_STEP][PASSED] - Statement - counter = counter + 1: null

2019-01-03 12:57:21 - [TEST_STEP][PASSED] - Statement - PreSaveFile = new java.io.File(((pathPrefix + java.lang.Integer.toString(counter)) + .png)): null

2019-01-03 12:57:21 - [TEST_STEP][PASSED] - Statement - counter = counter + 1: null

2019-01-03 12:57:21 - [TEST_STEP][PASSED] - Statement - PreSaveFile = new java.io.File(((pathPrefix + java.lang.Integer.toString(counter)) + .png)): null

2019-01-03 12:57:21 - [TEST_STEP][PASSED] - Statement - counter = counter + 1: null

2019-01-03 12:57:21 - [TEST_STEP][PASSED] - Statement - PreSaveFile = new java.io.File(((pathPrefix + java.lang.Integer.toString(counter)) + .png)): null

2019-01-03 12:57:21 - [TEST_STEP][PASSED] - Statement - counter = counter + 1: null

2019-01-03 12:57:21 - [TEST_STEP][PASSED] - Statement - PreSaveFile = new java.io.File(((pathPrefix + java.lang.Integer.toString(counter)) + .png)): null

2019-01-03 12:57:21 - [TEST_STEP][PASSED] - Statement - counter = counter + 1: null

2019-01-03 12:57:21 - [TEST_STEP][PASSED] - Statement - PreSaveFile = new java.io.File(((pathPrefix + java.lang.Integer.toString(counter)) + .png)): null

2019-01-03 12:57:21 - [TEST_STEP][PASSED] - Statement - counter = counter + 1: null

2019-01-03 12:57:21 - [TEST_STEP][PASSED] - Statement - PreSaveFile = new java.io.File(((pathPrefix + java.lang.Integer.toString(counter)) + .png)): null

2019-01-03 12:57:21 - [TEST_STEP][PASSED] - Statement - counter = counter + 1: null

2019-01-03 12:57:21 - [TEST_STEP][PASSED] - Statement - PreSaveFile = new java.io.File(((pathPrefix + java.lang.Integer.toString(counter)) + .png)): null

2019-01-03 12:57:21 - [TEST_STEP][PASSED] - Statement - counter = counter + 1: null

2019-01-03 12:57:21 - [TEST_STEP][PASSED] - Statement - PreSaveFile = new java.io.File(((pathPrefix + java.lang.Integer.toString(counter)) + .png)): null

2019-01-03 12:57:21 - [TEST_STEP][PASSED] - Statement - counter = counter + 1: null

2019-01-03 12:57:21 - [TEST_STEP][PASSED] - Statement - PreSaveFile = new java.io.File(((pathPrefix + java.lang.Integer.toString(counter)) + .png)): null

2019-01-03 12:57:21 - [TEST_STEP][PASSED] - Statement - counter = counter + 1: null

2019-01-03 12:57:21 - [TEST_STEP][PASSED] - Statement - PreSaveFile = new java.io.File(((pathPrefix + java.lang.Integer.toString(counter)) + .png)): null

2019-01-03 12:57:21 - [TEST_STEP][PASSED] - Statement - counter = counter + 1: null

2019-01-03 12:57:21 - [TEST_STEP][PASSED] - Statement - PreSaveFile = new java.io.File(((pathPrefix + java.lang.Integer.toString(counter)) + .png)): null

2019-01-03 12:57:21 - [TEST_STEP][PASSED] - Statement - counter = counter + 1: null

2019-01-03 12:57:21 - [TEST_STEP][PASSED] - Statement - PreSaveFile = new java.io.File(((pathPrefix + java.lang.Integer.toString(counter)) + .png)): null

2019-01-03 12:57:21 - [TEST_STEP][PASSED] - Statement - counter = counter + 1: null

2019-01-03 12:57:21 - [TEST_STEP][PASSED] - Statement - PreSaveFile = new java.io.File(((pathPrefix + java.lang.Integer.toString(counter)) + .png)): null

2019-01-03 12:57:21 - [TEST_STEP][PASSED] - Statement - counter = counter + 1: null

2019-01-03 12:57:21 - [TEST_STEP][PASSED] - Statement - PreSaveFile = new java.io.File(((pathPrefix + java.lang.Integer.toString(counter)) + .png)): null

2019-01-03 12:57:21 - [TEST_STEP][PASSED] - Statement - counter = counter + 1: null

2019-01-03 12:57:21 - [TEST_STEP][PASSED] - Statement - PreSaveFile = new java.io.File(((pathPrefix + java.lang.Integer.toString(counter)) + .png)): null

2019-01-03 12:57:21 - [TEST_STEP][PASSED] - Statement - counter = counter + 1: null

2019-01-03 12:57:21 - [TEST_STEP][PASSED] - Statement - PreSaveFile = new java.io.File(((pathPrefix + java.lang.Integer.toString(counter)) + .png)): null

2019-01-03 12:57:21 - [TEST_STEP][PASSED] - Statement - counter = counter + 1: null

2019-01-03 12:57:21 - [TEST_STEP][PASSED] - Statement - PreSaveFile = new java.io.File(((pathPrefix + java.lang.Integer.toString(counter)) + .png)): null

2019-01-03 12:57:21 - [TEST_STEP][PASSED] - Statement - counter = counter + 1: null

2019-01-03 12:57:21 - [TEST_STEP][PASSED] - Statement - PreSaveFile = new java.io.File(((pathPrefix + java.lang.Integer.toString(counter)) + .png)): null

2019-01-03 12:57:21 - [TEST_STEP][PASSED] - Statement - counter = counter + 1: null

2019-01-03 12:57:21 - [TEST_STEP][PASSED] - Statement - PreSaveFile = new java.io.File(((pathPrefix + java.lang.Integer.toString(counter)) + .png)): null

2019-01-03 12:57:21 - [TEST_STEP][PASSED] - Statement - counter = counter + 1: null

2019-01-03 12:57:21 - [TEST_STEP][PASSED] - Statement - PreSaveFile = new java.io.File(((pathPrefix + java.lang.Integer.toString(counter)) + .png)): null

2019-01-03 12:57:21 - [TEST_STEP][PASSED] - Statement - counter = counter + 1: null

2019-01-03 12:57:21 - [TEST_STEP][PASSED] - Statement - PreSaveFile = new java.io.File(((pathPrefix + java.lang.Integer.toString(counter)) + .png)): null

2019-01-03 12:57:21 - [TEST_STEP][PASSED] - Statement - counter = counter + 1: null

2019-01-03 12:57:21 - [TEST_STEP][PASSED] - Statement - PreSaveFile = new java.io.File(((pathPrefix + java.lang.Integer.toString(counter)) + .png)): null

2019-01-03 12:57:21 - [TEST_STEP][PASSED] - Statement - counter = counter + 1: null

2019-01-03 12:57:21 - [TEST_STEP][PASSED] - Statement - PreSaveFile = new java.io.File(((pathPrefix + java.lang.Integer.toString(counter)) + .png)): null

2019-01-03 12:57:21 - [TEST_STEP][PASSED] - Statement - counter = counter + 1: null

2019-01-03 12:57:21 - [TEST_STEP][PASSED] - Statement - PreSaveFile = new java.io.File(((pathPrefix + java.lang.Integer.toString(counter)) + .png)): null

2019-01-03 12:57:21 - [TEST_STEP][PASSED] - Statement - counter = counter + 1: null

2019-01-03 12:57:21 - [TEST_STEP][PASSED] - Statement - PreSaveFile = new java.io.File(((pathPrefix + java.lang.Integer.toString(counter)) + .png)): null

2019-01-03 12:57:21 - [TEST_STEP][PASSED] - Statement - counter = counter + 1: null

2019-01-03 12:57:21 - [TEST_STEP][PASSED] - Statement - PreSaveFile = new java.io.File(((pathPrefix + java.lang.Integer.toString(counter)) + .png)): null

2019-01-03 12:57:21 - [TEST_STEP][PASSED] - Statement - counter = counter + 1: null

2019-01-03 12:57:21 - [TEST_STEP][PASSED] - Statement - PreSaveFile = new java.io.File(((pathPrefix + java.lang.Integer.toString(counter)) + .png)): null

2019-01-03 12:57:21 - [TEST_STEP][PASSED] - Statement - counter = counter + 1: null

2019-01-03 12:57:21 - [TEST_STEP][PASSED] - Statement - PreSaveFile = new java.io.File(((pathPrefix + java.lang.Integer.toString(counter)) + .png)): null

2019-01-03 12:57:21 - [TEST_STEP][PASSED] - Statement - counter = counter + 1: null

2019-01-03 12:57:21 - [TEST_STEP][PASSED] - Statement - PreSaveFile = new java.io.File(((pathPrefix + java.lang.Integer.toString(counter)) + .png)): null

2019-01-03 12:57:21 - [TEST_STEP][PASSED] - Statement - counter = counter + 1: null

2019-01-03 12:57:21 - [TEST_STEP][PASSED] - Statement - PreSaveFile = new java.io.File(((pathPrefix + java.lang.Integer.toString(counter)) + .png)): null

2019-01-03 12:57:21 - [TEST_STEP][PASSED] - Statement - counter = counter + 1: null

2019-01-03 12:57:21 - [TEST_STEP][PASSED] - Statement - PreSaveFile = new java.io.File(((pathPrefix + java.lang.Integer.toString(counter)) + .png)): null

2019-01-03 12:57:21 - [TEST_STEP][PASSED] - Statement - counter = counter + 1: null

2019-01-03 12:57:21 - [TEST_STEP][PASSED] - Statement - PreSaveFile = new java.io.File(((pathPrefix + java.lang.Integer.toString(counter)) + .png)): null

2019-01-03 12:57:21 - [TEST_STEP][PASSED] - Statement - counter = counter + 1: null

2019-01-03 12:57:21 - [TEST_STEP][PASSED] - Statement - PreSaveFile = new java.io.File(((pathPrefix + java.lang.Integer.toString(counter)) + .png)): null

2019-01-03 12:57:21 - [TEST_STEP][PASSED] - Statement - counter = counter + 1: null

2019-01-03 12:57:21 - [TEST_STEP][PASSED] - Statement - PreSaveFile = new java.io.File(((pathPrefix + java.lang.Integer.toString(counter)) + .png)): null

2019-01-03 12:57:21 - [TEST_STEP][PASSED] - Statement - counter = counter + 1: null

2019-01-03 12:57:21 - [TEST_STEP][PASSED] - Statement - PreSaveFile = new java.io.File(((pathPrefix + java.lang.Integer.toString(counter)) + .png)): null

2019-01-03 12:57:21 - [TEST_STEP][PASSED] - Statement - counter = counter + 1: null

2019-01-03 12:57:21 - [TEST_STEP][PASSED] - Statement - PreSaveFile = new java.io.File(((pathPrefix + java.lang.Integer.toString(counter)) + .png)): null

2019-01-03 12:57:21 - [TEST_STEP][PASSED] - Statement - counter = counter + 1: null

2019-01-03 12:57:21 - [TEST_STEP][PASSED] - Statement - PreSaveFile = new java.io.File(((pathPrefix + java.lang.Integer.toString(counter)) + .png)): null

2019-01-03 12:57:21 - [TEST_STEP][PASSED] - Statement - counter = counter + 1: null

2019-01-03 12:57:21 - [TEST_STEP][PASSED] - Statement - PreSaveFile = new java.io.File(((pathPrefix + java.lang.Integer.toString(counter)) + .png)): null

2019-01-03 12:57:21 - [TEST_STEP][PASSED] - Statement - counter = counter + 1: null

2019-01-03 12:57:21 - [TEST_STEP][PASSED] - Statement - PreSaveFile = new java.io.File(((pathPrefix + java.lang.Integer.toString(counter)) + .png)): null

2019-01-03 12:57:21 - [TEST_STEP][PASSED] - Statement - counter = counter + 1: null

2019-01-03 12:57:21 - [TEST_STEP][PASSED] - Statement - PreSaveFile = new java.io.File(((pathPrefix + java.lang.Integer.toString(counter)) + .png)): null

2019-01-03 12:57:21 - [TEST_STEP][PASSED] - Statement - counter = counter + 1: null

2019-01-03 12:57:21 - [TEST_STEP][PASSED] - Statement - PreSaveFile = new java.io.File(((pathPrefix + java.lang.Integer.toString(counter)) + .png)): null

2019-01-03 12:57:21 - [TEST_STEP][PASSED] - Statement - counter = counter + 1: null

2019-01-03 12:57:21 - [TEST_STEP][PASSED] - Statement - PreSaveFile = new java.io.File(((pathPrefix + java.lang.Integer.toString(counter)) + .png)): null

2019-01-03 12:57:21 - [TEST_STEP][PASSED] - Statement - counter = counter + 1: null

2019-01-03 12:57:21 - [TEST_STEP][PASSED] - Statement - PreSaveFile = new java.io.File(((pathPrefix + java.lang.Integer.toString(counter)) + .png)): null

2019-01-03 12:57:21 - [TEST_STEP][PASSED] - Statement - counter = counter + 1: null

2019-01-03 12:57:21 - [TEST_STEP][PASSED] - Statement - PreSaveFile = new java.io.File(((pathPrefix + java.lang.Integer.toString(counter)) + .png)): null

2019-01-03 12:57:21 - [TEST_STEP][PASSED] - Statement - counter = counter + 1: null

2019-01-03 12:57:21 - [TEST_STEP][PASSED] - Statement - PreSaveFile = new java.io.File(((pathPrefix + java.lang.Integer.toString(counter)) + .png)): null

2019-01-03 12:57:21 - [TEST_STEP][PASSED] - Statement - counter = counter + 1: null

2019-01-03 12:57:21 - [TEST_STEP][PASSED] - Statement - PreSaveFile = new java.io.File(((pathPrefix + java.lang.Integer.toString(counter)) + .png)): null

2019-01-03 12:57:21 - [TEST_STEP][PASSED] - Statement - counter = counter + 1: null

2019-01-03 12:57:21 - [TEST_STEP][PASSED] - Statement - PreSaveFile = new java.io.File(((pathPrefix + java.lang.Integer.toString(counter)) + .png)): null

2019-01-03 12:57:21 - [TEST_STEP][PASSED] - Statement - counter = counter + 1: null

2019-01-03 12:57:21 - [TEST_STEP][PASSED] - Statement - PreSaveFile = new java.io.File(((pathPrefix + java.lang.Integer.toString(counter)) + .png)): null

2019-01-03 12:57:21 - [TEST_STEP][PASSED] - Statement - counter = counter + 1: null

2019-01-03 12:57:21 - [TEST_STEP][PASSED] - Statement - PreSaveFile = new java.io.File(((pathPrefix + java.lang.Integer.toString(counter)) + .png)): null

2019-01-03 12:57:21 - [TEST_STEP][PASSED] - Statement - counter = counter + 1: null

2019-01-03 12:57:21 - [TEST_STEP][PASSED] - Statement - PreSaveFile = new java.io.File(((pathPrefix + java.lang.Integer.toString(counter)) + .png)): null

2019-01-03 12:57:21 - [TEST_STEP][PASSED] - Statement - counter = counter + 1: null

2019-01-03 12:57:21 - [TEST_STEP][PASSED] - Statement - PreSaveFile = new java.io.File(((pathPrefix + java.lang.Integer.toString(counter)) + .png)): null

2019-01-03 12:57:21 - [TEST_STEP][PASSED] - Statement - counter = counter + 1: null

2019-01-03 12:57:21 - [TEST_STEP][PASSED] - Statement - PreSaveFile = new java.io.File(((pathPrefix + java.lang.Integer.toString(counter)) + .png)): null

2019-01-03 12:57:21 - [TEST_STEP][PASSED] - Statement - counter = counter + 1: null

2019-01-03 12:57:21 - [TEST_STEP][PASSED] - Statement - PreSaveFile = new java.io.File(((pathPrefix + java.lang.Integer.toString(counter)) + .png)): null

2019-01-03 12:57:21 - [TEST_STEP][PASSED] - Statement - counter = counter + 1: null

2019-01-03 12:57:21 - [TEST_STEP][PASSED] - Statement - PreSaveFile = new java.io.File(((pathPrefix + java.lang.Integer.toString(counter)) + .png)): null

2019-01-03 12:57:21 - [TEST_STEP][PASSED] - Statement - counter = counter + 1: null

2019-01-03 12:57:21 - [TEST_STEP][PASSED] - Statement - PreSaveFile = new java.io.File(((pathPrefix + java.lang.Integer.toString(counter)) + .png)): null

2019-01-03 12:57:21 - [TEST_STEP][PASSED] - Statement - counter = counter + 1: null

2019-01-03 12:57:21 - [TEST_STEP][PASSED] - Statement - PreSaveFile = new java.io.File(((pathPrefix + java.lang.Integer.toString(counter)) + .png)): null

2019-01-03 12:57:21 - [TEST_STEP][PASSED] - Statement - counter = counter + 1: null

2019-01-03 12:57:21 - [TEST_STEP][PASSED] - Statement - PreSaveFile = new java.io.File(((pathPrefix + java.lang.Integer.toString(counter)) + .png)): null

2019-01-03 12:57:21 - [TEST_STEP][PASSED] - Statement - counter = counter + 1: null

2019-01-03 12:57:21 - [TEST_STEP][PASSED] - Statement - PreSaveFile = new java.io.File(((pathPrefix + java.lang.Integer.toString(counter)) + .png)): null

2019-01-03 12:57:21 - [TEST_STEP][PASSED] - Statement - counter = counter + 1: null

2019-01-03 12:57:21 - [TEST_STEP][PASSED] - Statement - PreSaveFile = new java.io.File(((pathPrefix + java.lang.Integer.toString(counter)) + .png)): null

2019-01-03 12:57:21 - [TEST_STEP][PASSED] - Statement - counter = counter + 1: null

2019-01-03 12:57:21 - [TEST_STEP][PASSED] - Statement - PreSaveFile = new java.io.File(((pathPrefix + java.lang.Integer.toString(counter)) + .png)): null

2019-01-03 12:57:21 - [TEST_STEP][PASSED] - Statement - counter = counter + 1: null

2019-01-03 12:57:21 - [TEST_STEP][PASSED] - Statement - PreSaveFile = new java.io.File(((pathPrefix + java.lang.Integer.toString(counter)) + .png)): null

2019-01-03 12:57:21 - [TEST_STEP][PASSED] - Statement - counter = counter + 1: null

2019-01-03 12:57:21 - [TEST_STEP][PASSED] - Statement - PreSaveFile = new java.io.File(((pathPrefix + java.lang.Integer.toString(counter)) + .png)): null

2019-01-03 12:57:21 - [TEST_STEP][PASSED] - Statement - counter = counter + 1: null

2019-01-03 12:57:21 - [TEST_STEP][PASSED] - Statement - PreSaveFile = new java.io.File(((pathPrefix + java.lang.Integer.toString(counter)) + .png)): null

2019-01-03 12:57:21 - [TEST_STEP][PASSED] - Statement - counter = counter + 1: null

2019-01-03 12:57:21 - [TEST_STEP][PASSED] - Statement - PreSaveFile = new java.io.File(((pathPrefix + java.lang.Integer.toString(counter)) + .png)): null

2019-01-03 12:57:21 - [TEST_STEP][PASSED] - Statement - counter = counter + 1: null

2019-01-03 12:57:21 - [TEST_STEP][PASSED] - Statement - PreSaveFile = new java.io.File(((pathPrefix + java.lang.Integer.toString(counter)) + .png)): null

2019-01-03 12:57:21 - [TEST_STEP][PASSED] - Statement - counter = counter + 1: null

2019-01-03 12:57:21 - [TEST_STEP][PASSED] - Statement - PreSaveFile = new java.io.File(((pathPrefix + java.lang.Integer.toString(counter)) + .png)): null

2019-01-03 12:57:21 - [TEST_STEP][PASSED] - Statement - counter = counter + 1: null

2019-01-03 12:57:21 - [TEST_STEP][PASSED] - Statement - PreSaveFile = new java.io.File(((pathPrefix + java.lang.Integer.toString(counter)) + .png)): null

2019-01-03 12:57:21 - [TEST_STEP][PASSED] - Statement - counter = counter + 1: null

2019-01-03 12:57:21 - [TEST_STEP][PASSED] - Statement - PreSaveFile = new java.io.File(((pathPrefix + java.lang.Integer.toString(counter)) + .png)): null

2019-01-03 12:57:21 - [TEST_STEP][PASSED] - Statement - counter = counter + 1: null

2019-01-03 12:57:21 - [TEST_STEP][PASSED] - Statement - PreSaveFile = new java.io.File(((pathPrefix + java.lang.Integer.toString(counter)) + .png)): null

2019-01-03 12:57:21 - [TEST_STEP][PASSED] - Statement - counter = counter + 1: null

2019-01-03 12:57:21 - [TEST_STEP][PASSED] - Statement - PreSaveFile = new java.io.File(((pathPrefix + java.lang.Integer.toString(counter)) + .png)): null

2019-01-03 12:57:21 - [TEST_STEP][PASSED] - Statement - counter = counter + 1: null

2019-01-03 12:57:21 - [TEST_STEP][PASSED] - Statement - PreSaveFile = new java.io.File(((pathPrefix + java.lang.Integer.toString(counter)) + .png)): null

2019-01-03 12:57:21 - [TEST_STEP][PASSED] - Statement - counter = counter + 1: null

2019-01-03 12:57:21 - [TEST_STEP][PASSED] - Statement - PreSaveFile = new java.io.File(((pathPrefix + java.lang.Integer.toString(counter)) + .png)): null

2019-01-03 12:57:21 - [TEST_STEP][PASSED] - Statement - counter = counter + 1: null

2019-01-03 12:57:21 - [TEST_STEP][PASSED] - Statement - PreSaveFile = new java.io.File(((pathPrefix + java.lang.Integer.toString(counter)) + .png)): null

2019-01-03 12:57:21 - [TEST_STEP][PASSED] - Statement - counter = counter + 1: null

2019-01-03 12:57:21 - [TEST_STEP][PASSED] - Statement - PreSaveFile = new java.io.File(((pathPrefix + java.lang.Integer.toString(counter)) + .png)): null

2019-01-03 12:57:21 - [TEST_STEP][PASSED] - Statement - counter = counter + 1: null

2019-01-03 12:57:21 - [TEST_STEP][PASSED] - Statement - PreSaveFile = new java.io.File(((pathPrefix + java.lang.Integer.toString(counter)) + .png)): null

2019-01-03 12:57:21 - [TEST_STEP][PASSED] - Statement - counter = counter + 1: null

2019-01-03 12:57:21 - [TEST_STEP][PASSED] - Statement - PreSaveFile = new java.io.File(((pathPrefix + java.lang.Integer.toString(counter)) + .png)): null

2019-01-03 12:57:21 - [TEST_STEP][PASSED] - Statement - counter = counter + 1: null

2019-01-03 12:57:21 - [TEST_STEP][PASSED] - Statement - PreSaveFile = new java.io.File(((pathPrefix + java.lang.Integer.toString(counter)) + .png)): null

2019-01-03 12:57:21 - [TEST_STEP][PASSED] - Statement - counter = counter + 1: null

2019-01-03 12:57:21 - [TEST_STEP][PASSED] - Statement - PreSaveFile = new java.io.File(((pathPrefix + java.lang.Integer.toString(counter)) + .png)): null

2019-01-03 12:57:21 - [TEST_STEP][PASSED] - Statement - counter = counter + 1: null

2019-01-03 12:57:21 - [TEST_STEP][PASSED] - Statement - PreSaveFile = new java.io.File(((pathPrefix + java.lang.Integer.toString(counter)) + .png)): null

2019-01-03 12:57:21 - [TEST_STEP][PASSED] - Statement - counter = counter + 1: null

2019-01-03 12:57:21 - [TEST_STEP][PASSED] - Statement - PreSaveFile = new java.io.File(((pathPrefix + java.lang.Integer.toString(counter)) + .png)): null

2019-01-03 12:57:21 - [TEST_STEP][PASSED] - Statement - counter = counter + 1: null

2019-01-03 12:57:21 - [TEST_STEP][PASSED] - Statement - PreSaveFile = new java.io.File(((pathPrefix + java.lang.Integer.toString(counter)) + .png)): null

2019-01-03 12:57:21 - [TEST_STEP][PASSED] - Statement - counter = counter + 1: null

2019-01-03 12:57:21 - [TEST_STEP][PASSED] - Statement - PreSaveFile = new java.io.File(((pathPrefix + java.lang.Integer.toString(counter)) + .png)): null

2019-01-03 12:57:21 - [TEST_STEP][PASSED] - Statement - counter = counter + 1: null

2019-01-03 12:57:21 - [TEST_STEP][PASSED] - Statement - PreSaveFile = new java.io.File(((pathPrefix + java.lang.Integer.toString(counter)) + .png)): null

2019-01-03 12:57:21 - [TEST_STEP][PASSED] - Statement - counter = counter + 1: null

2019-01-03 12:57:21 - [TEST_STEP][PASSED] - Statement - PreSaveFile = new java.io.File(((pathPrefix + java.lang.Integer.toString(counter)) + .png)): null

2019-01-03 12:57:21 - [TEST_STEP][PASSED] - Statement - counter = counter + 1: null

2019-01-03 12:57:21 - [TEST_STEP][PASSED] - Statement - PreSaveFile = new java.io.File(((pathPrefix + java.lang.Integer.toString(counter)) + .png)): null

2019-01-03 12:57:21 - [TEST_STEP][PASSED] - Statement - counter = counter + 1: null

2019-01-03 12:57:21 - [TEST_STEP][PASSED] - Statement - PreSaveFile = new java.io.File(((pathPrefix + java.lang.Integer.toString(counter)) + .png)): null

2019-01-03 12:57:21 - [TEST_STEP][PASSED] - Statement - counter = counter + 1: null

2019-01-03 12:57:21 - [TEST_STEP][PASSED] - Statement - PreSaveFile = new java.io.File(((pathPrefix + java.lang.Integer.toString(counter)) + .png)): null

2019-01-03 12:57:21 - [TEST_STEP][PASSED] - Statement - counter = counter + 1: null

2019-01-03 12:57:21 - [TEST_STEP][PASSED] - Statement - PreSaveFile = new java.io.File(((pathPrefix + java.lang.Integer.toString(counter)) + .png)): null

2019-01-03 12:57:21 - [TEST_STEP][PASSED] - Statement - counter = counter + 1: null

2019-01-03 12:57:21 - [TEST_STEP][PASSED] - Statement - PreSaveFile = new java.io.File(((pathPrefix + java.lang.Integer.toString(counter)) + .png)): null

2019-01-03 12:57:21 - [TEST_STEP][PASSED] - Statement - counter = counter + 1: null

2019-01-03 12:57:21 - [TEST_STEP][PASSED] - Statement - PreSaveFile = new java.io.File(((pathPrefix + java.lang.Integer.toString(counter)) + .png)): null

2019-01-03 12:57:21 - [TEST_STEP][PASSED] - Statement - counter = counter + 1: null

2019-01-03 12:57:21 - [TEST_STEP][PASSED] - Statement - PreSaveFile = new java.io.File(((pathPrefix + java.lang.Integer.toString(counter)) + .png)): null

2019-01-03 12:57:21 - [TEST_STEP][PASSED] - Statement - counter = counter + 1: null

2019-01-03 12:57:21 - [TEST_STEP][PASSED] - Statement - PreSaveFile = new java.io.File(((pathPrefix + java.lang.Integer.toString(counter)) + .png)): null

2019-01-03 12:57:21 - [TEST_STEP][PASSED] - Statement - counter = counter + 1: null

2019-01-03 12:57:21 - [TEST_STEP][PASSED] - Statement - PreSaveFile = new java.io.File(((pathPrefix + java.lang.Integer.toString(counter)) + .png)): null

2019-01-03 12:57:21 - [TEST_STEP][PASSED] - Statement - counter = counter + 1: null

2019-01-03 12:57:21 - [TEST_STEP][PASSED] - Statement - PreSaveFile = new java.io.File(((pathPrefix + java.lang.Integer.toString(counter)) + .png)): null

2019-01-03 12:57:21 - [TEST_STEP][PASSED] - Statement - counter = counter + 1: null

2019-01-03 12:57:21 - [TEST_STEP][PASSED] - Statement - PreSaveFile = new java.io.File(((pathPrefix + java.lang.Integer.toString(counter)) + .png)): null

2019-01-03 12:57:21 - [TEST_STEP][PASSED] - Statement - counter = counter + 1: null

2019-01-03 12:57:21 - [TEST_STEP][PASSED] - Statement - PreSaveFile = new java.io.File(((pathPrefix + java.lang.Integer.toString(counter)) + .png)): null

2019-01-03 12:57:21 - [TEST_STEP][PASSED] - Statement - counter = counter + 1: null

2019-01-03 12:57:21 - [TEST_STEP][PASSED] - Statement - PreSaveFile = new java.io.File(((pathPrefix + java.lang.Integer.toString(counter)) + .png)): null

2019-01-03 12:57:21 - [TEST_STEP][PASSED] - Statement - counter = counter + 1: null

2019-01-03 12:57:21 - [TEST_STEP][PASSED] - Statement - PreSaveFile = new java.io.File(((pathPrefix + java.lang.Integer.toString(counter)) + .png)): null

2019-01-03 12:57:21 - [TEST_STEP][PASSED] - Statement - counter = counter + 1: null

2019-01-03 12:57:21 - [TEST_STEP][PASSED] - Statement - PreSaveFile = new java.io.File(((pathPrefix + java.lang.Integer.toString(counter)) + .png)): null

2019-01-03 12:57:21 - [TEST_STEP][PASSED] - Statement - counter = counter + 1: null

2019-01-03 12:57:21 - [TEST_STEP][PASSED] - Statement - PreSaveFile = new java.io.File(((pathPrefix + java.lang.Integer.toString(counter)) + .png)): null

2019-01-03 12:57:21 - [TEST_STEP][PASSED] - Statement - counter = counter + 1: null

2019-01-03 12:57:21 - [TEST_STEP][PASSED] - Statement - PreSaveFile = new java.io.File(((pathPrefix + java.lang.Integer.toString(counter)) + .png)): null

2019-01-03 12:57:21 - [TEST_STEP][PASSED] - Statement - counter = counter + 1: null

2019-01-03 12:57:21 - [TEST_STEP][PASSED] - Statement - PreSaveFile = new java.io.File(((pathPrefix + java.lang.Integer.toString(counter)) + .png)): null

2019-01-03 12:57:21 - [TEST_STEP][PASSED] - Statement - counter = counter + 1: null

2019-01-03 12:57:21 - [TEST_STEP][PASSED] - Statement - PreSaveFile = new java.io.File(((pathPrefix + java.lang.Integer.toString(counter)) + .png)): null

2019-01-03 12:57:21 - [TEST_STEP][PASSED] - Statement - counter = counter + 1: null

2019-01-03 12:57:21 - [TEST_STEP][PASSED] - Statement - PreSaveFile = new java.io.File(((pathPrefix + java.lang.Integer.toString(counter)) + .png)): null

2019-01-03 12:57:21 - [TEST_STEP][PASSED] - Statement - counter = counter + 1: null

2019-01-03 12:57:21 - [TEST_STEP][PASSED] - Statement - PreSaveFile = new java.io.File(((pathPrefix + java.lang.Integer.toString(counter)) + .png)): null

2019-01-03 12:57:21 - [TEST_STEP][PASSED] - Statement - counter = counter + 1: null

2019-01-03 12:57:21 - [TEST_STEP][PASSED] - Statement - PreSaveFile = new java.io.File(((pathPrefix + java.lang.Integer.toString(counter)) + .png)): null

2019-01-03 12:57:21 - [TEST_STEP][PASSED] - Statement - counter = counter + 1: null

2019-01-03 12:57:21 - [TEST_STEP][PASSED] - Statement - PreSaveFile = new java.io.File(((pathPrefix + java.lang.Integer.toString(counter)) + .png)): null

2019-01-03 12:57:21 - [TEST_STEP][PASSED] - Statement - counter = counter + 1: null

2019-01-03 12:57:21 - [TEST_STEP][PASSED] - Statement - PreSaveFile = new java.io.File(((pathPrefix + java.lang.Integer.toString(counter)) + .png)): null

2019-01-03 12:57:21 - [TEST_STEP][PASSED] - Statement - counter = counter + 1: null

2019-01-03 12:57:21 - [TEST_STEP][PASSED] - Statement - PreSaveFile = new java.io.File(((pathPrefix + java.lang.Integer.toString(counter)) + .png)): null

2019-01-03 12:57:21 - [TEST_STEP][PASSED] - Statement - counter = counter + 1: null

2019-01-03 12:57:21 - [TEST_STEP][PASSED] - Statement - PreSaveFile = new java.io.File(((pathPrefix + java.lang.Integer.toString(counter)) + .png)): null

2019-01-03 12:57:21 - [TEST_STEP][PASSED] - Statement - counter = counter + 1: null

2019-01-03 12:57:21 - [TEST_STEP][PASSED] - Statement - PreSaveFile = new java.io.File(((pathPrefix + java.lang.Integer.toString(counter)) + .png)): null

2019-01-03 12:57:21 - [TEST_STEP][PASSED] - Statement - counter = counter + 1: null

2019-01-03 12:57:21 - [TEST_STEP][PASSED] - Statement - PreSaveFile = new java.io.File(((pathPrefix + java.lang.Integer.toString(counter)) + .png)): null

2019-01-03 12:57:21 - [TEST_STEP][PASSED] - Statement - counter = counter + 1: null

2019-01-03 12:57:22 - [TEST_STEP][PASSED] - Statement - PreSaveFile = new java.io.File(((pathPrefix + java.lang.Integer.toString(counter)) + .png)): null

2019-01-03 12:57:22 - [TEST_STEP][PASSED] - Statement - counter = counter + 1: null

2019-01-03 12:57:22 - [TEST_STEP][PASSED] - Statement - PreSaveFile = new java.io.File(((pathPrefix + java.lang.Integer.toString(counter)) + .png)): null

2019-01-03 12:57:22 - [TEST_STEP][PASSED] - Statement - counter = counter + 1: null

2019-01-03 12:57:22 - [TEST_STEP][PASSED] - Statement - PreSaveFile = new java.io.File(((pathPrefix + java.lang.Integer.toString(counter)) + .png)): null

2019-01-03 12:57:22 - [TEST_STEP][PASSED] - Statement - counter = counter + 1: null

2019-01-03 12:57:22 - [TEST_STEP][PASSED] - Statement - PreSaveFile = new java.io.File(((pathPrefix + java.lang.Integer.toString(counter)) + .png)): null

2019-01-03 12:57:22 - [TEST_STEP][PASSED] - Statement - counter = counter + 1: null

2019-01-03 12:57:22 - [TEST_STEP][PASSED] - Statement - PreSaveFile = new java.io.File(((pathPrefix + java.lang.Integer.toString(counter)) + .png)): null

2019-01-03 12:57:22 - [TEST_STEP][PASSED] - Statement - counter = counter + 1: null

2019-01-03 12:57:22 - [TEST_STEP][PASSED] - Statement - PreSaveFile = new java.io.File(((pathPrefix + java.lang.Integer.toString(counter)) + .png)): null

2019-01-03 12:57:22 - [TEST_STEP][PASSED] - Statement - counter = counter + 1: null

2019-01-03 12:57:22 - [TEST_STEP][PASSED] - Statement - PreSaveFile = new java.io.File(((pathPrefix + java.lang.Integer.toString(counter)) + .png)): null

2019-01-03 12:57:22 - [TEST_STEP][PASSED] - Statement - counter = counter + 1: null

2019-01-03 12:57:22 - [TEST_STEP][PASSED] - Statement - PreSaveFile = new java.io.File(((pathPrefix + java.lang.Integer.toString(counter)) + .png)): null

2019-01-03 12:57:22 - [TEST_STEP][PASSED] - Statement - counter = counter + 1: null

2019-01-03 12:57:22 - [TEST_STEP][PASSED] - Statement - PreSaveFile = new java.io.File(((pathPrefix + java.lang.Integer.toString(counter)) + .png)): null

2019-01-03 12:57:22 - [TEST_STEP][PASSED] - Statement - counter = counter + 1: null

2019-01-03 12:57:22 - [TEST_STEP][PASSED] - Statement - PreSaveFile = new java.io.File(((pathPrefix + java.lang.Integer.toString(counter)) + .png)): null

2019-01-03 12:57:22 - [TEST_STEP][PASSED] - Statement - counter = counter + 1: null

2019-01-03 12:57:22 - [TEST_STEP][PASSED] - Statement - PreSaveFile = new java.io.File(((pathPrefix + java.lang.Integer.toString(counter)) + .png)): null

2019-01-03 12:57:22 - [TEST_STEP][PASSED] - Statement - counter = counter + 1: null

2019-01-03 12:57:22 - [TEST_STEP][PASSED] - Statement - PreSaveFile = new java.io.File(((pathPrefix + java.lang.Integer.toString(counter)) + .png)): null

2019-01-03 12:57:22 - [TEST_STEP][PASSED] - Statement - counter = counter + 1: null

2019-01-03 12:57:22 - [TEST_STEP][PASSED] - Statement - PreSaveFile = new java.io.File(((pathPrefix + java.lang.Integer.toString(counter)) + .png)): null

2019-01-03 12:57:22 - [TEST_STEP][PASSED] - Statement - counter = counter + 1: null

2019-01-03 12:57:22 - [TEST_STEP][PASSED] - Statement - PreSaveFile = new java.io.File(((pathPrefix + java.lang.Integer.toString(counter)) + .png)): null

2019-01-03 12:57:22 - [TEST_STEP][PASSED] - Statement - counter = counter + 1: null

2019-01-03 12:57:22 - [TEST_STEP][PASSED] - Statement - PreSaveFile = new java.io.File(((pathPrefix + java.lang.Integer.toString(counter)) + .png)): null

2019-01-03 12:57:22 - [TEST_STEP][PASSED] - Statement - counter = counter + 1: null

2019-01-03 12:57:22 - [TEST_STEP][PASSED] - Statement - PreSaveFile = new java.io.File(((pathPrefix + java.lang.Integer.toString(counter)) + .png)): null

2019-01-03 12:57:22 - [TEST_STEP][PASSED] - Statement - counter = counter + 1: null

2019-01-03 12:57:22 - [TEST_STEP][PASSED] - Statement - PreSaveFile = new java.io.File(((pathPrefix + java.lang.Integer.toString(counter)) + .png)): null

2019-01-03 12:57:22 - [TEST_STEP][PASSED] - Statement - counter = counter + 1: null

2019-01-03 12:57:22 - [TEST_STEP][PASSED] - Statement - PreSaveFile = new java.io.File(((pathPrefix + java.lang.Integer.toString(counter)) + .png)): null

2019-01-03 12:57:22 - [TEST_STEP][PASSED] - Statement - counter = counter + 1: null

2019-01-03 12:57:22 - [TEST_STEP][PASSED] - Statement - PreSaveFile = new java.io.File(((pathPrefix + java.lang.Integer.toString(counter)) + .png)): null

2019-01-03 12:57:22 - [TEST_STEP][PASSED] - Statement - counter = counter + 1: null

2019-01-03 12:57:22 - [TEST_STEP][PASSED] - Statement - PreSaveFile = new java.io.File(((pathPrefix + java.lang.Integer.toString(counter)) + .png)): null

2019-01-03 12:57:22 - [TEST_STEP][PASSED] - Statement - counter = counter + 1: null

2019-01-03 12:57:22 - [TEST_STEP][PASSED] - Statement - PreSaveFile = new java.io.File(((pathPrefix + java.lang.Integer.toString(counter)) + .png)): null

2019-01-03 12:57:22 - [TEST_STEP][PASSED] - Statement - counter = counter + 1: null

2019-01-03 12:57:22 - [TEST_STEP][PASSED] - Statement - PreSaveFile = new java.io.File(((pathPrefix + java.lang.Integer.toString(counter)) + .png)): null

2019-01-03 12:57:22 - [TEST_STEP][PASSED] - Statement - counter = counter + 1: null

2019-01-03 12:57:22 - [TEST_STEP][PASSED] - Statement - PreSaveFile = new java.io.File(((pathPrefix + java.lang.Integer.toString(counter)) + .png)): null

2019-01-03 12:57:22 - [TEST_STEP][PASSED] - Statement - counter = counter + 1: null

2019-01-03 12:57:22 - [TEST_STEP][PASSED] - Statement - PreSaveFile = new java.io.File(((pathPrefix + java.lang.Integer.toString(counter)) + .png)): null

2019-01-03 12:57:22 - [TEST_STEP][PASSED] - Statement - counter = counter + 1: null

2019-01-03 12:57:22 - [TEST_STEP][PASSED] - Statement - PreSaveFile = new java.io.File(((pathPrefix + java.lang.Integer.toString(counter)) + .png)): null

2019-01-03 12:57:22 - [TEST_STEP][PASSED] - Statement - counter = counter + 1: null

2019-01-03 12:57:22 - [TEST_STEP][PASSED] - Statement - PreSaveFile = new java.io.File(((pathPrefix + java.lang.Integer.toString(counter)) + .png)): null

2019-01-03 12:57:22 - [TEST_STEP][PASSED] - Statement - counter = counter + 1: null

2019-01-03 12:57:22 - [TEST_STEP][PASSED] - Statement - PreSaveFile = new java.io.File(((pathPrefix + java.lang.Integer.toString(counter)) + .png)): null

2019-01-03 12:57:22 - [TEST_STEP][PASSED] - Statement - counter = counter + 1: null

2019-01-03 12:57:22 - [TEST_STEP][PASSED] - Statement - PreSaveFile = new java.io.File(((pathPrefix + java.lang.Integer.toString(counter)) + .png)): null

2019-01-03 12:57:22 - [TEST_STEP][PASSED] - Statement - counter = counter + 1: null

2019-01-03 12:57:22 - [TEST_STEP][PASSED] - Statement - PreSaveFile = new java.io.File(((pathPrefix + java.lang.Integer.toString(counter)) + .png)): null

2019-01-03 12:57:22 - [TEST_STEP][PASSED] - Statement - counter = counter + 1: null

2019-01-03 12:57:22 - [TEST_STEP][PASSED] - Statement - PreSaveFile = new java.io.File(((pathPrefix + java.lang.Integer.toString(counter)) + .png)): null

2019-01-03 12:57:22 - [TEST_STEP][PASSED] - Statement - counter = counter + 1: null

2019-01-03 12:57:22 - [TEST_STEP][PASSED] - Statement - PreSaveFile = new java.io.File(((pathPrefix + java.lang.Integer.toString(counter)) + .png)): null

2019-01-03 12:57:22 - [TEST_STEP][PASSED] - Statement - counter = counter + 1: null

2019-01-03 12:57:22 - [TEST_STEP][PASSED] - Statement - PreSaveFile = new java.io.File(((pathPrefix + java.lang.Integer.toString(counter)) + .png)): null

2019-01-03 12:57:22 - [TEST_STEP][PASSED] - Statement - counter = counter + 1: null

2019-01-03 12:57:22 - [TEST_STEP][PASSED] - Statement - PreSaveFile = new java.io.File(((pathPrefix + java.lang.Integer.toString(counter)) + .png)): null

2019-01-03 12:57:22 - [TEST_STEP][PASSED] - Statement - counter = counter + 1: null

2019-01-03 12:57:22 - [TEST_STEP][PASSED] - Statement - PreSaveFile = new java.io.File(((pathPrefix + java.lang.Integer.toString(counter)) + .png)): null

2019-01-03 12:57:22 - [TEST_STEP][PASSED] - Statement - counter = counter + 1: null

2019-01-03 12:57:22 - [TEST_STEP][PASSED] - Statement - PreSaveFile = new java.io.File(((pathPrefix + java.lang.Integer.toString(counter)) + .png)): null

2019-01-03 12:57:22 - [TEST_STEP][PASSED] - Statement - counter = counter + 1: null

2019-01-03 12:57:22 - [TEST_STEP][PASSED] - Statement - PreSaveFile = new java.io.File(((pathPrefix + java.lang.Integer.toString(counter)) + .png)): null

2019-01-03 12:57:22 - [TEST_STEP][PASSED] - Statement - counter = counter + 1: null

2019-01-03 12:57:22 - [TEST_STEP][PASSED] - Statement - PreSaveFile = new java.io.File(((pathPrefix + java.lang.Integer.toString(counter)) + .png)): null

2019-01-03 12:57:22 - [TEST_STEP][PASSED] - Statement - counter = counter + 1: null

2019-01-03 12:57:22 - [TEST_STEP][PASSED] - Statement - PreSaveFile = new java.io.File(((pathPrefix + java.lang.Integer.toString(counter)) + .png)): null

2019-01-03 12:57:22 - [TEST_STEP][PASSED] - Statement - counter = counter + 1: null

2019-01-03 12:57:22 - [TEST_STEP][PASSED] - Statement - PreSaveFile = new java.io.File(((pathPrefix + java.lang.Integer.toString(counter)) + .png)): null

2019-01-03 12:57:22 - [TEST_STEP][PASSED] - Statement - counter = counter + 1: null

2019-01-03 12:57:22 - [TEST_STEP][PASSED] - Statement - PreSaveFile = new java.io.File(((pathPrefix + java.lang.Integer.toString(counter)) + .png)): null

2019-01-03 12:57:22 - [TEST_STEP][PASSED] - Statement - counter = counter + 1: null

2019-01-03 12:57:22 - [TEST_STEP][PASSED] - Statement - PreSaveFile = new java.io.File(((pathPrefix + java.lang.Integer.toString(counter)) + .png)): null

2019-01-03 12:57:22 - [TEST_STEP][PASSED] - Statement - counter = counter + 1: null

2019-01-03 12:57:22 - [TEST_STEP][PASSED] - Statement - PreSaveFile = new java.io.File(((pathPrefix + java.lang.Integer.toString(counter)) + .png)): null

2019-01-03 12:57:22 - [TEST_STEP][PASSED] - Statement - counter = counter + 1: null

2019-01-03 12:57:22 - [TEST_STEP][PASSED] - Statement - PreSaveFile = new java.io.File(((pathPrefix + java.lang.Integer.toString(counter)) + .png)): null

2019-01-03 12:57:22 - [TEST_STEP][PASSED] - Statement - counter = counter + 1: null

2019-01-03 12:57:22 - [TEST_STEP][PASSED] - Statement - PreSaveFile = new java.io.File(((pathPrefix + java.lang.Integer.toString(counter)) + .png)): null

2019-01-03 12:57:22 - [TEST_STEP][PASSED] - Statement - counter = counter + 1: null

2019-01-03 12:57:22 - [TEST_STEP][PASSED] - Statement - PreSaveFile = new java.io.File(((pathPrefix + java.lang.Integer.toString(counter)) + .png)): null

2019-01-03 12:57:22 - [TEST_STEP][PASSED] - Statement - counter = counter + 1: null

2019-01-03 12:57:22 - [TEST_STEP][PASSED] - Statement - PreSaveFile = new java.io.File(((pathPrefix + java.lang.Integer.toString(counter)) + .png)): null

2019-01-03 12:57:22 - [TEST_STEP][PASSED] - Statement - counter = counter + 1: null

2019-01-03 12:57:22 - [TEST_STEP][PASSED] - Statement - PreSaveFile = new java.io.File(((pathPrefix + java.lang.Integer.toString(counter)) + .png)): null

2019-01-03 12:57:22 - [TEST_STEP][PASSED] - Statement - counter = counter + 1: null

2019-01-03 12:57:22 - [TEST_STEP][PASSED] - Statement - PreSaveFile = new java.io.File(((pathPrefix + java.lang.Integer.toString(counter)) + .png)): null

2019-01-03 12:57:22 - [TEST_STEP][PASSED] - Statement - counter = counter + 1: null

2019-01-03 12:57:22 - [TEST_STEP][PASSED] - Statement - PreSaveFile = new java.io.File(((pathPrefix + java.lang.Integer.toString(counter)) + .png)): null

2019-01-03 12:57:22 - [TEST_STEP][PASSED] - Statement - counter = counter + 1: null

2019-01-03 12:57:22 - [TEST_STEP][PASSED] - Statement - PreSaveFile = new java.io.File(((pathPrefix + java.lang.Integer.toString(counter)) + .png)): null

2019-01-03 12:57:22 - [TEST_STEP][PASSED] - Statement - counter = counter + 1: null

2019-01-03 12:57:22 - [TEST_STEP][PASSED] - Statement - PreSaveFile = new java.io.File(((pathPrefix + java.lang.Integer.toString(counter)) + .png)): null

2019-01-03 12:57:22 - [TEST_STEP][PASSED] - Statement - counter = counter + 1: null

2019-01-03 12:57:22 - [TEST_STEP][PASSED] - Statement - PreSaveFile = new java.io.File(((pathPrefix + java.lang.Integer.toString(counter)) + .png)): null

2019-01-03 12:57:22 - [TEST_STEP][PASSED] - Statement - counter = counter + 1: null

2019-01-03 12:57:22 - [TEST_STEP][PASSED] - Statement - PreSaveFile = new java.io.File(((pathPrefix + java.lang.Integer.toString(counter)) + .png)): null

2019-01-03 12:57:22 - [TEST_STEP][PASSED] - Statement - counter = counter + 1: null

2019-01-03 12:57:22 - [TEST_STEP][PASSED] - Statement - PreSaveFile = new java.io.File(((pathPrefix + java.lang.Integer.toString(counter)) + .png)): null

2019-01-03 12:57:22 - [TEST_STEP][PASSED] - Statement - counter = counter + 1: null

2019-01-03 12:57:22 - [TEST_STEP][PASSED] - Statement - PreSaveFile = new java.io.File(((pathPrefix + java.lang.Integer.toString(counter)) + .png)): null

2019-01-03 12:57:22 - [TEST_STEP][PASSED] - Statement - counter = counter + 1: null

2019-01-03 12:57:22 - [TEST_STEP][PASSED] - Statement - PreSaveFile = new java.io.File(((pathPrefix + java.lang.Integer.toString(counter)) + .png)): null

2019-01-03 12:57:22 - [TEST_STEP][PASSED] - Statement - counter = counter + 1: null

2019-01-03 12:57:22 - [TEST_STEP][PASSED] - Statement - PreSaveFile = new java.io.File(((pathPrefix + java.lang.Integer.toString(counter)) + .png)): null

2019-01-03 12:57:22 - [TEST_STEP][PASSED] - Statement - counter = counter + 1: null

2019-01-03 12:57:22 - [TEST_STEP][PASSED] - Statement - PreSaveFile = new java.io.File(((pathPrefix + java.lang.Integer.toString(counter)) + .png)): null

2019-01-03 12:57:22 - [TEST_STEP][PASSED] - Statement - counter = counter + 1: null

2019-01-03 12:57:22 - [TEST_STEP][PASSED] - Statement - PreSaveFile = new java.io.File(((pathPrefix + java.lang.Integer.toString(counter)) + .png)): null

2019-01-03 12:57:22 - [TEST_STEP][PASSED] - Statement - counter = counter + 1: null

2019-01-03 12:57:22 - [TEST_STEP][PASSED] - Statement - PreSaveFile = new java.io.File(((pathPrefix + java.lang.Integer.toString(counter)) + .png)): null

2019-01-03 12:57:22 - [TEST_STEP][PASSED] - Statement - counter = counter + 1: null

2019-01-03 12:57:22 - [TEST_STEP][PASSED] - Statement - PreSaveFile = new java.io.File(((pathPrefix + java.lang.Integer.toString(counter)) + .png)): null

2019-01-03 12:57:22 - [TEST_STEP][PASSED] - Statement - counter = counter + 1: null

2019-01-03 12:57:22 - [TEST_STEP][PASSED] - Statement - PreSaveFile = new java.io.File(((pathPrefix + java.lang.Integer.toString(counter)) + .png)): null

2019-01-03 12:57:22 - [TEST_STEP][PASSED] - Statement - counter = counter + 1: null

2019-01-03 12:57:22 - [TEST_STEP][PASSED] - Statement - PreSaveFile = new java.io.File(((pathPrefix + java.lang.Integer.toString(counter)) + .png)): null

2019-01-03 12:57:22 - [TEST_STEP][PASSED] - Statement - counter = counter + 1: null

2019-01-03 12:57:22 - [TEST_STEP][PASSED] - Statement - PreSaveFile = new java.io.File(((pathPrefix + java.lang.Integer.toString(counter)) + .png)): null

2019-01-03 12:57:22 - [TEST_STEP][PASSED] - Statement - counter = counter + 1: null

2019-01-03 12:57:22 - [TEST_STEP][PASSED] - Statement - PreSaveFile = new java.io.File(((pathPrefix + java.lang.Integer.toString(counter)) + .png)): null

2019-01-03 12:57:22 - [TEST_STEP][PASSED] - Statement - counter = counter + 1: null

2019-01-03 12:57:22 - [TEST_STEP][PASSED] - Statement - PreSaveFile = new java.io.File(((pathPrefix + java.lang.Integer.toString(counter)) + .png)): null

2019-01-03 12:57:22 - [TEST_STEP][PASSED] - Statement - counter = counter + 1: null

2019-01-03 12:57:22 - [TEST_STEP][PASSED] - Statement - PreSaveFile = new java.io.File(((pathPrefix + java.lang.Integer.toString(counter)) + .png)): null

2019-01-03 12:57:22 - [TEST_STEP][PASSED] - Statement - counter = counter + 1: null

2019-01-03 12:57:22 - [TEST_STEP][PASSED] - Statement - PreSaveFile = new java.io.File(((pathPrefix + java.lang.Integer.toString(counter)) + .png)): null

2019-01-03 12:57:22 - [TEST_STEP][PASSED] - Statement - counter = counter + 1: null

2019-01-03 12:57:22 - [TEST_STEP][PASSED] - Statement - PreSaveFile = new java.io.File(((pathPrefix + java.lang.Integer.toString(counter)) + .png)): null

2019-01-03 12:57:22 - [TEST_STEP][PASSED] - Statement - counter = counter + 1: null

2019-01-03 12:57:22 - [TEST_STEP][PASSED] - Statement - PreSaveFile = new java.io.File(((pathPrefix + java.lang.Integer.toString(counter)) + .png)): null

2019-01-03 12:57:22 - [TEST_STEP][PASSED] - Statement - counter = counter + 1: null

2019-01-03 12:57:22 - [TEST_STEP][PASSED] - Statement - PreSaveFile = new java.io.File(((pathPrefix + java.lang.Integer.toString(counter)) + .png)): null

2019-01-03 12:57:22 - [TEST_STEP][PASSED] - Statement - counter = counter + 1: null

2019-01-03 12:57:22 - [TEST_STEP][PASSED] - Statement - PreSaveFile = new java.io.File(((pathPrefix + java.lang.Integer.toString(counter)) + .png)): null

2019-01-03 12:57:22 - [TEST_STEP][PASSED] - Statement - counter = counter + 1: null

2019-01-03 12:57:22 - [TEST_STEP][PASSED] - Statement - PreSaveFile = new java.io.File(((pathPrefix + java.lang.Integer.toString(counter)) + .png)): null

2019-01-03 12:57:22 - [TEST_STEP][PASSED] - Statement - counter = counter + 1: null

2019-01-03 12:57:22 - [TEST_STEP][PASSED] - Statement - PreSaveFile = new java.io.File(((pathPrefix + java.lang.Integer.toString(counter)) + .png)): null

2019-01-03 12:57:22 - [TEST_STEP][PASSED] - Statement - counter = counter + 1: null

2019-01-03 12:57:22 - [TEST_STEP][PASSED] - Statement - PreSaveFile = new java.io.File(((pathPrefix + java.lang.Integer.toString(counter)) + .png)): null

2019-01-03 12:57:22 - [TEST_STEP][PASSED] - Statement - counter = counter + 1: null

2019-01-03 12:57:22 - [TEST_STEP][PASSED] - Statement - PreSaveFile = new java.io.File(((pathPrefix + java.lang.Integer.toString(counter)) + .png)): null

2019-01-03 12:57:22 - [TEST_STEP][PASSED] - Statement - counter = counter + 1: null

2019-01-03 12:57:22 - [TEST_STEP][PASSED] - Statement - PreSaveFile = new java.io.File(((pathPrefix + java.lang.Integer.toString(counter)) + .png)): null

2019-01-03 12:57:22 - [TEST_STEP][PASSED] - Statement - counter = counter + 1: null

2019-01-03 12:57:22 - [TEST_STEP][PASSED] - Statement - PreSaveFile = new java.io.File(((pathPrefix + java.lang.Integer.toString(counter)) + .png)): null

2019-01-03 12:57:22 - [TEST_STEP][PASSED] - Statement - counter = counter + 1: null

2019-01-03 12:57:22 - [TEST_STEP][PASSED] - Statement - PreSaveFile = new java.io.File(((pathPrefix + java.lang.Integer.toString(counter)) + .png)): null

2019-01-03 12:57:22 - [TEST_STEP][PASSED] - Statement - counter = counter + 1: null

2019-01-03 12:57:22 - [TEST_STEP][PASSED] - Statement - PreSaveFile = new java.io.File(((pathPrefix + java.lang.Integer.toString(counter)) + .png)): null

2019-01-03 12:57:22 - [TEST_STEP][PASSED] - Statement - counter = counter + 1: null

2019-01-03 12:57:22 - [TEST_STEP][PASSED] - Statement - PreSaveFile = new java.io.File(((pathPrefix + java.lang.Integer.toString(counter)) + .png)): null

2019-01-03 12:57:22 - [TEST_STEP][PASSED] - Statement - counter = counter + 1: null

2019-01-03 12:57:22 - [TEST_STEP][PASSED] - Statement - PreSaveFile = new java.io.File(((pathPrefix + java.lang.Integer.toString(counter)) + .png)): null

2019-01-03 12:57:22 - [TEST_STEP][PASSED] - Statement - counter = counter + 1: null

2019-01-03 12:57:22 - [TEST_STEP][PASSED] - Statement - PreSaveFile = new java.io.File(((pathPrefix + java.lang.Integer.toString(counter)) + .png)): null

2019-01-03 12:57:22 - [TEST_STEP][PASSED] - Statement - counter = counter + 1: null

2019-01-03 12:57:22 - [TEST_STEP][PASSED] - Statement - PreSaveFile = new java.io.File(((pathPrefix + java.lang.Integer.toString(counter)) + .png)): null

2019-01-03 12:57:22 - [TEST_STEP][PASSED] - Statement - counter = counter + 1: null

2019-01-03 12:57:22 - [TEST_STEP][PASSED] - Statement - PreSaveFile = new java.io.File(((pathPrefix + java.lang.Integer.toString(counter)) + .png)): null

2019-01-03 12:57:22 - [TEST_STEP][PASSED] - Statement - counter = counter + 1: null

2019-01-03 12:57:22 - [TEST_STEP][PASSED] - Statement - PreSaveFile = new java.io.File(((pathPrefix + java.lang.Integer.toString(counter)) + .png)): null

2019-01-03 12:57:22 - [TEST_STEP][PASSED] - Statement - counter = counter + 1: null

2019-01-03 12:57:22 - [TEST_STEP][PASSED] - Statement - PreSaveFile = new java.io.File(((pathPrefix + java.lang.Integer.toString(counter)) + .png)): null

2019-01-03 12:57:22 - [TEST_STEP][PASSED] - Statement - counter = counter + 1: null

2019-01-03 12:57:22 - [TEST_STEP][PASSED] - Statement - PreSaveFile = new java.io.File(((pathPrefix + java.lang.Integer.toString(counter)) + .png)): null

2019-01-03 12:57:22 - [TEST_STEP][PASSED] - Statement - counter = counter + 1: null

2019-01-03 12:57:22 - [TEST_STEP][PASSED] - Statement - PreSaveFile = new java.io.File(((pathPrefix + java.lang.Integer.toString(counter)) + .png)): null

2019-01-03 12:57:22 - [TEST_STEP][PASSED] - Statement - counter = counter + 1: null

2019-01-03 12:57:22 - [TEST_STEP][PASSED] - Statement - PreSaveFile = new java.io.File(((pathPrefix + java.lang.Integer.toString(counter)) + .png)): null

2019-01-03 12:57:22 - [TEST_STEP][PASSED] - Statement - counter = counter + 1: null

2019-01-03 12:57:22 - [TEST_STEP][PASSED] - Statement - PreSaveFile = new java.io.File(((pathPrefix + java.lang.Integer.toString(counter)) + .png)): null

2019-01-03 12:57:22 - [TEST_STEP][PASSED] - Statement - counter = counter + 1: null

2019-01-03 12:57:22 - [TEST_STEP][PASSED] - Statement - PreSaveFile = new java.io.File(((pathPrefix + java.lang.Integer.toString(counter)) + .png)): null

2019-01-03 12:57:22 - [TEST_STEP][PASSED] - Statement - counter = counter + 1: null

2019-01-03 12:57:22 - [TEST_STEP][PASSED] - Statement - PreSaveFile = new java.io.File(((pathPrefix + java.lang.Integer.toString(counter)) + .png)): null

2019-01-03 12:57:22 - [TEST_STEP][PASSED] - Statement - counter = counter + 1: null

2019-01-03 12:57:22 - [TEST_STEP][PASSED] - Statement - PreSaveFile = new java.io.File(((pathPrefix + java.lang.Integer.toString(counter)) + .png)): null

2019-01-03 12:57:22 - [TEST_STEP][PASSED] - Statement - counter = counter + 1: null

2019-01-03 12:57:22 - [TEST_STEP][PASSED] - Statement - PreSaveFile = new java.io.File(((pathPrefix + java.lang.Integer.toString(counter)) + .png)): null

2019-01-03 12:57:22 - [TEST_STEP][PASSED] - Statement - counter = counter + 1: null

2019-01-03 12:57:22 - [TEST_STEP][PASSED] - Statement - PreSaveFile = new java.io.File(((pathPrefix + java.lang.Integer.toString(counter)) + .png)): null

2019-01-03 12:57:22 - [TEST_STEP][PASSED] - Statement - counter = counter + 1: null

2019-01-03 12:57:22 - [TEST_STEP][PASSED] - Statement - PreSaveFile = new java.io.File(((pathPrefix + java.lang.Integer.toString(counter)) + .png)): null

2019-01-03 12:57:22 - [TEST_STEP][PASSED] - Statement - counter = counter + 1: null

2019-01-03 12:57:22 - [TEST_STEP][PASSED] - Statement - PreSaveFile = new java.io.File(((pathPrefix + java.lang.Integer.toString(counter)) + .png)): null

2019-01-03 12:57:22 - [TEST_STEP][PASSED] - Statement - counter = counter + 1: null

2019-01-03 12:57:22 - [TEST_STEP][PASSED] - Statement - PreSaveFile = new java.io.File(((pathPrefix + java.lang.Integer.toString(counter)) + .png)): null

2019-01-03 12:57:22 - [TEST_STEP][PASSED] - Statement - counter = counter + 1: null

2019-01-03 12:57:22 - [TEST_STEP][PASSED] - Statement - PreSaveFile = new java.io.File(((pathPrefix + java.lang.Integer.toString(counter)) + .png)): null

2019-01-03 12:57:22 - [TEST_STEP][PASSED] - Statement - counter = counter + 1: null

2019-01-03 12:57:22 - [TEST_STEP][PASSED] - Statement - PreSaveFile = new java.io.File(((pathPrefix + java.lang.Integer.toString(counter)) + .png)): null

2019-01-03 12:57:22 - [TEST_STEP][PASSED] - Statement - counter = counter + 1: null

2019-01-03 12:57:22 - [TEST_STEP][PASSED] - Statement - PreSaveFile = new java.io.File(((pathPrefix + java.lang.Integer.toString(counter)) + .png)): null

2019-01-03 12:57:22 - [TEST_STEP][PASSED] - Statement - counter = counter + 1: null

2019-01-03 12:57:22 - [TEST_STEP][PASSED] - Statement - PreSaveFile = new java.io.File(((pathPrefix + java.lang.Integer.toString(counter)) + .png)): null

2019-01-03 12:57:22 - [TEST_STEP][PASSED] - Statement - counter = counter + 1: null

2019-01-03 12:57:22 - [TEST_STEP][PASSED] - Statement - PreSaveFile = new java.io.File(((pathPrefix + java.lang.Integer.toString(counter)) + .png)): null

2019-01-03 12:57:22 - [TEST_STEP][PASSED] - Statement - counter = counter + 1: null

2019-01-03 12:57:22 - [TEST_STEP][PASSED] - Statement - PreSaveFile = new java.io.File(((pathPrefix + java.lang.Integer.toString(counter)) + .png)): null

2019-01-03 12:57:22 - [TEST_STEP][PASSED] - Statement - counter = counter + 1: null

2019-01-03 12:57:22 - [TEST_STEP][PASSED] - Statement - PreSaveFile = new java.io.File(((pathPrefix + java.lang.Integer.toString(counter)) + .png)): null

2019-01-03 12:57:22 - [TEST_STEP][PASSED] - Statement - counter = counter + 1: null

2019-01-03 12:57:22 - [TEST_STEP][PASSED] - Statement - PreSaveFile = new java.io.File(((pathPrefix + java.lang.Integer.toString(counter)) + .png)): null

2019-01-03 12:57:22 - [TEST_STEP][PASSED] - Statement - counter = counter + 1: null

2019-01-03 12:57:22 - [TEST_STEP][PASSED] - Statement - PreSaveFile = new java.io.File(((pathPrefix + java.lang.Integer.toString(counter)) + .png)): null

2019-01-03 12:57:22 - [TEST_STEP][PASSED] - Statement - counter = counter + 1: null

2019-01-03 12:57:22 - [TEST_STEP][PASSED] - Statement - PreSaveFile = new java.io.File(((pathPrefix + java.lang.Integer.toString(counter)) + .png)): null

2019-01-03 12:57:22 - [TEST_STEP][PASSED] - Statement - counter = counter + 1: null

2019-01-03 12:57:22 - [TEST_STEP][PASSED] - Statement - PreSaveFile = new java.io.File(((pathPrefix + java.lang.Integer.toString(counter)) + .png)): null

2019-01-03 12:57:22 - [TEST_STEP][PASSED] - Statement - counter = counter + 1: null

2019-01-03 12:57:22 - [TEST_STEP][PASSED] - Statement - PreSaveFile = new java.io.File(((pathPrefix + java.lang.Integer.toString(counter)) + .png)): null

2019-01-03 12:57:22 - [TEST_STEP][PASSED] - Statement - counter = counter + 1: null

2019-01-03 12:57:22 - [TEST_STEP][PASSED] - Statement - PreSaveFile = new java.io.File(((pathPrefix + java.lang.Integer.toString(counter)) + .png)): null

2019-01-03 12:57:22 - [TEST_STEP][PASSED] - Statement - counter = counter + 1: null

2019-01-03 12:57:22 - [TEST_STEP][PASSED] - Statement - PreSaveFile = new java.io.File(((pathPrefix + java.lang.Integer.toString(counter)) + .png)): null

2019-01-03 12:57:22 - [TEST_STEP][PASSED] - Statement - counter = counter + 1: null

2019-01-03 12:57:22 - [TEST_STEP][PASSED] - Statement - PreSaveFile = new java.io.File(((pathPrefix + java.lang.Integer.toString(counter)) + .png)): null

2019-01-03 12:57:22 - [TEST_STEP][PASSED] - Statement - counter = counter + 1: null

2019-01-03 12:57:22 - [TEST_STEP][PASSED] - Statement - PreSaveFile = new java.io.File(((pathPrefix + java.lang.Integer.toString(counter)) + .png)): null

2019-01-03 12:57:22 - [TEST_STEP][PASSED] - Statement - counter = counter + 1: null

2019-01-03 12:57:22 - [TEST_STEP][PASSED] - Statement - PreSaveFile = new java.io.File(((pathPrefix + java.lang.Integer.toString(counter)) + .png)): null

2019-01-03 12:57:22 - [TEST_STEP][PASSED] - Statement - counter = counter + 1: null

2019-01-03 12:57:22 - [TEST_STEP][PASSED] - Statement - PreSaveFile = new java.io.File(((pathPrefix + java.lang.Integer.toString(counter)) + .png)): null

2019-01-03 12:57:22 - [TEST_STEP][PASSED] - Statement - counter = counter + 1: null

2019-01-03 12:57:22 - [TEST_STEP][PASSED] - Statement - PreSaveFile = new java.io.File(((pathPrefix + java.lang.Integer.toString(counter)) + .png)): null

2019-01-03 12:57:22 - [TEST_STEP][PASSED] - Statement - counter = counter + 1: null

2019-01-03 12:57:22 - [TEST_STEP][PASSED] - Statement - PreSaveFile = new java.io.File(((pathPrefix + java.lang.Integer.toString(counter)) + .png)): null

2019-01-03 12:57:22 - [TEST_STEP][PASSED] - Statement - counter = counter + 1: null

2019-01-03 12:57:22 - [TEST_STEP][PASSED] - Statement - PreSaveFile = new java.io.File(((pathPrefix + java.lang.Integer.toString(counter)) + .png)): null

2019-01-03 12:57:22 - [TEST_STEP][PASSED] - Statement - counter = counter + 1: null

2019-01-03 12:57:22 - [TEST_STEP][PASSED] - Statement - PreSaveFile = new java.io.File(((pathPrefix + java.lang.Integer.toString(counter)) + .png)): null

2019-01-03 12:57:22 - [TEST_STEP][PASSED] - Statement - counter = counter + 1: null

2019-01-03 12:57:22 - [TEST_STEP][PASSED] - Statement - PreSaveFile = new java.io.File(((pathPrefix + java.lang.Integer.toString(counter)) + .png)): null

2019-01-03 12:57:22 - [TEST_STEP][PASSED] - Statement - counter = counter + 1: null

2019-01-03 12:57:22 - [TEST_STEP][PASSED] - Statement - PreSaveFile = new java.io.File(((pathPrefix + java.lang.Integer.toString(counter)) + .png)): null

2019-01-03 12:57:22 - [TEST_STEP][PASSED] - Statement - counter = counter + 1: null

2019-01-03 12:57:22 - [TEST_STEP][PASSED] - Statement - PreSaveFile = new java.io.File(((pathPrefix + java.lang.Integer.toString(counter)) + .png)): null

2019-01-03 12:57:22 - [TEST_STEP][PASSED] - Statement - counter = counter + 1: null

2019-01-03 12:57:22 - [TEST_STEP][PASSED] - Statement - PreSaveFile = new java.io.File(((pathPrefix + java.lang.Integer.toString(counter)) + .png)): null

2019-01-03 12:57:22 - [TEST_STEP][PASSED] - Statement - counter = counter + 1: null

2019-01-03 12:57:22 - [TEST_STEP][PASSED] - Statement - PreSaveFile = new java.io.File(((pathPrefix + java.lang.Integer.toString(counter)) + .png)): null

2019-01-03 12:57:22 - [TEST_STEP][PASSED] - Statement - counter = counter + 1: null

2019-01-03 12:57:22 - [TEST_STEP][PASSED] - Statement - PreSaveFile = new java.io.File(((pathPrefix + java.lang.Integer.toString(counter)) + .png)): null

2019-01-03 12:57:22 - [TEST_STEP][PASSED] - Statement - counter = counter + 1: null

2019-01-03 12:57:22 - [TEST_STEP][PASSED] - Statement - PreSaveFile = new java.io.File(((pathPrefix + java.lang.Integer.toString(counter)) + .png)): null

2019-01-03 12:57:22 - [TEST_STEP][PASSED] - Statement - counter = counter + 1: null

2019-01-03 12:57:22 - [TEST_STEP][PASSED] - Statement - PreSaveFile = new java.io.File(((pathPrefix + java.lang.Integer.toString(counter)) + .png)): null

2019-01-03 12:57:22 - [TEST_STEP][PASSED] - Statement - counter = counter + 1: null

2019-01-03 12:57:22 - [TEST_STEP][PASSED] - Statement - PreSaveFile = new java.io.File(((pathPrefix + java.lang.Integer.toString(counter)) + .png)): null

2019-01-03 12:57:22 - [TEST_STEP][PASSED] - Statement - counter = counter + 1: null

2019-01-03 12:57:22 - [TEST_STEP][PASSED] - Statement - PreSaveFile = new java.io.File(((pathPrefix + java.lang.Integer.toString(counter)) + .png)): null

2019-01-03 12:57:22 - [TEST_STEP][PASSED] - Statement - counter = counter + 1: null

2019-01-03 12:57:22 - [TEST_STEP][PASSED] - Statement - PreSaveFile = new java.io.File(((pathPrefix + java.lang.Integer.toString(counter)) + .png)): null

2019-01-03 12:57:22 - [TEST_STEP][PASSED] - Statement - counter = counter + 1: null

2019-01-03 12:57:22 - [TEST_STEP][PASSED] - Statement - PreSaveFile = new java.io.File(((pathPrefix + java.lang.Integer.toString(counter)) + .png)): null

2019-01-03 12:57:22 - [TEST_STEP][PASSED] - Statement - counter = counter + 1: null

2019-01-03 12:57:22 - [TEST_STEP][PASSED] - Statement - PreSaveFile = new java.io.File(((pathPrefix + java.lang.Integer.toString(counter)) + .png)): null

2019-01-03 12:57:22 - [TEST_STEP][PASSED] - Statement - counter = counter + 1: null

2019-01-03 12:57:22 - [TEST_STEP][PASSED] - Statement - PreSaveFile = new java.io.File(((pathPrefix + java.lang.Integer.toString(counter)) + .png)): null

2019-01-03 12:57:22 - [TEST_STEP][PASSED] - Statement - counter = counter + 1: null

2019-01-03 12:57:22 - [TEST_STEP][PASSED] - Statement - PreSaveFile = new java.io.File(((pathPrefix + java.lang.Integer.toString(counter)) + .png)): null

2019-01-03 12:57:22 - [TEST_STEP][PASSED] - Statement - counter = counter + 1: null

2019-01-03 12:57:22 - [TEST_STEP][PASSED] - Statement - PreSaveFile = new java.io.File(((pathPrefix + java.lang.Integer.toString(counter)) + .png)): null

2019-01-03 12:57:22 - [TEST_STEP][PASSED] - Statement - counter = counter + 1: null

2019-01-03 12:57:22 - [TEST_STEP][PASSED] - Statement - PreSaveFile = new java.io.File(((pathPrefix + java.lang.Integer.toString(counter)) + .png)): null

2019-01-03 12:57:22 - [TEST_STEP][PASSED] - Statement - counter = counter + 1: null

2019-01-03 12:57:22 - [TEST_STEP][PASSED] - Statement - PreSaveFile = new java.io.File(((pathPrefix + java.lang.Integer.toString(counter)) + .png)): null

2019-01-03 12:57:22 - [TEST_STEP][PASSED] - Statement - counter = counter + 1: null

2019-01-03 12:57:22 - [TEST_STEP][PASSED] - Statement - PreSaveFile = new java.io.File(((pathPrefix + java.lang.Integer.toString(counter)) + .png)): null

2019-01-03 12:57:22 - [TEST_STEP][PASSED] - Statement - counter = counter + 1: null

2019-01-03 12:57:22 - [TEST_STEP][PASSED] - Statement - PreSaveFile = new java.io.File(((pathPrefix + java.lang.Integer.toString(counter)) + .png)): null

2019-01-03 12:57:22 - [TEST_STEP][PASSED] - Statement - counter = counter + 1: null

2019-01-03 12:57:22 - [TEST_STEP][PASSED] - Statement - PreSaveFile = new java.io.File(((pathPrefix + java.lang.Integer.toString(counter)) + .png)): null

2019-01-03 12:57:22 - [TEST_STEP][PASSED] - Statement - counter = counter + 1: null

2019-01-03 12:57:22 - [TEST_STEP][PASSED] - Statement - PreSaveFile = new java.io.File(((pathPrefix + java.lang.Integer.toString(counter)) + .png)): null

2019-01-03 12:57:22 - [TEST_STEP][PASSED] - Statement - counter = counter + 1: null

2019-01-03 12:57:22 - [TEST_STEP][PASSED] - Statement - PreSaveFile = new java.io.File(((pathPrefix + java.lang.Integer.toString(counter)) + .png)): null

2019-01-03 12:57:22 - [TEST_STEP][PASSED] - Statement - counter = counter + 1: null

2019-01-03 12:57:22 - [TEST_STEP][PASSED] - Statement - PreSaveFile = new java.io.File(((pathPrefix + java.lang.Integer.toString(counter)) + .png)): null

2019-01-03 12:57:22 - [TEST_STEP][PASSED] - Statement - counter = counter + 1: null

2019-01-03 12:57:22 - [TEST_STEP][PASSED] - Statement - PreSaveFile = new java.io.File(((pathPrefix + java.lang.Integer.toString(counter)) + .png)): null

2019-01-03 12:57:22 - [TEST_STEP][PASSED] - Statement - counter = counter + 1: null

2019-01-03 12:57:22 - [TEST_STEP][PASSED] - Statement - PreSaveFile = new java.io.File(((pathPrefix + java.lang.Integer.toString(counter)) + .png)): null

2019-01-03 12:57:22 - [TEST_STEP][PASSED] - Statement - counter = counter + 1: null

2019-01-03 12:57:22 - [TEST_STEP][PASSED] - Statement - PreSaveFile = new java.io.File(((pathPrefix + java.lang.Integer.toString(counter)) + .png)): null

2019-01-03 12:57:22 - [TEST_STEP][PASSED] - Statement - counter = counter + 1: null

2019-01-03 12:57:22 - [TEST_STEP][PASSED] - Statement - PreSaveFile = new java.io.File(((pathPrefix + java.lang.Integer.toString(counter)) + .png)): null

2019-01-03 12:57:22 - [TEST_STEP][PASSED] - Statement - counter = counter + 1: null

2019-01-03 12:57:22 - [TEST_STEP][PASSED] - Statement - PreSaveFile = new java.io.File(((pathPrefix + java.lang.Integer.toString(counter)) + .png)): null

2019-01-03 12:57:22 - [TEST_STEP][PASSED] - Statement - counter = counter + 1: null

2019-01-03 12:57:22 - [TEST_STEP][PASSED] - Statement - PreSaveFile = new java.io.File(((pathPrefix + java.lang.Integer.toString(counter)) + .png)): null

2019-01-03 12:57:22 - [TEST_STEP][PASSED] - Statement - counter = counter + 1: null

2019-01-03 12:57:22 - [TEST_STEP][PASSED] - Statement - PreSaveFile = new java.io.File(((pathPrefix + java.lang.Integer.toString(counter)) + .png)): null

2019-01-03 12:57:22 - [TEST_STEP][PASSED] - Statement - counter = counter + 1: null

2019-01-03 12:57:22 - [TEST_STEP][PASSED] - Statement - PreSaveFile = new java.io.File(((pathPrefix + java.lang.Integer.toString(counter)) + .png)): null

2019-01-03 12:57:22 - [TEST_STEP][PASSED] - Statement - counter = counter + 1: null

2019-01-03 12:57:22 - [TEST_STEP][PASSED] - Statement - PreSaveFile = new java.io.File(((pathPrefix + java.lang.Integer.toString(counter)) + .png)): null

2019-01-03 12:57:22 - [TEST_STEP][PASSED] - Statement - counter = counter + 1: null

2019-01-03 12:57:22 - [TEST_STEP][PASSED] - Statement - PreSaveFile = new java.io.File(((pathPrefix + java.lang.Integer.toString(counter)) + .png)): null

2019-01-03 12:57:22 - [TEST_STEP][PASSED] - Statement - counter = counter + 1: null

2019-01-03 12:57:22 - [TEST_STEP][PASSED] - Statement - PreSaveFile = new java.io.File(((pathPrefix + java.lang.Integer.toString(counter)) + .png)): null

2019-01-03 12:57:22 - [TEST_STEP][PASSED] - Statement - counter = counter + 1: null

2019-01-03 12:57:22 - [TEST_STEP][PASSED] - Statement - PreSaveFile = new java.io.File(((pathPrefix + java.lang.Integer.toString(counter)) + .png)): null

2019-01-03 12:57:22 - [TEST_STEP][PASSED] - Statement - counter = counter + 1: null

2019-01-03 12:57:22 - [TEST_STEP][PASSED] - Statement - PreSaveFile = new java.io.File(((pathPrefix + java.lang.Integer.toString(counter)) + .png)): null

2019-01-03 12:57:22 - [TEST_STEP][PASSED] - Statement - counter = counter + 1: null

2019-01-03 12:57:22 - [TEST_STEP][PASSED] - Statement - PreSaveFile = new java.io.File(((pathPrefix + java.lang.Integer.toString(counter)) + .png)): null

2019-01-03 12:57:22 - [TEST_STEP][PASSED] - Statement - counter = counter + 1: null

2019-01-03 12:57:22 - [TEST_STEP][PASSED] - Statement - PreSaveFile = new java.io.File(((pathPrefix + java.lang.Integer.toString(counter)) + .png)): null

2019-01-03 12:57:22 - [TEST_STEP][PASSED] - Statement - counter = counter + 1: null

2019-01-03 12:57:22 - [TEST_STEP][PASSED] - Statement - PreSaveFile = new java.io.File(((pathPrefix + java.lang.Integer.toString(counter)) + .png)): null

2019-01-03 12:57:22 - [TEST_STEP][PASSED] - Statement - counter = counter + 1: null

2019-01-03 12:57:22 - [TEST_STEP][PASSED] - Statement - PreSaveFile = new java.io.File(((pathPrefix + java.lang.Integer.toString(counter)) + .png)): null

2019-01-03 12:57:22 - [TEST_STEP][PASSED] - Statement - counter = counter + 1: null

2019-01-03 12:57:22 - [TEST_STEP][PASSED] - Statement - PreSaveFile = new java.io.File(((pathPrefix + java.lang.Integer.toString(counter)) + .png)): null

2019-01-03 12:57:22 - [TEST_STEP][PASSED] - Statement - counter = counter + 1: null

2019-01-03 12:57:22 - [TEST_STEP][PASSED] - Statement - PreSaveFile = new java.io.File(((pathPrefix + java.lang.Integer.toString(counter)) + .png)): null

2019-01-03 12:57:22 - [TEST_STEP][PASSED] - Statement - counter = counter + 1: null

2019-01-03 12:57:22 - [TEST_STEP][PASSED] - Statement - PreSaveFile = new java.io.File(((pathPrefix + java.lang.Integer.toString(counter)) + .png)): null

2019-01-03 12:57:22 - [TEST_STEP][PASSED] - Statement - counter = counter + 1: null

2019-01-03 12:57:22 - [TEST_STEP][PASSED] - Statement - PreSaveFile = new java.io.File(((pathPrefix + java.lang.Integer.toString(counter)) + .png)): null

2019-01-03 12:57:22 - [TEST_STEP][PASSED] - Statement - counter = counter + 1: null

2019-01-03 12:57:22 - [TEST_STEP][PASSED] - Statement - PreSaveFile = new java.io.File(((pathPrefix + java.lang.Integer.toString(counter)) + .png)): null

2019-01-03 12:57:22 - [TEST_STEP][PASSED] - Statement - counter = counter + 1: null

2019-01-03 12:57:22 - [TEST_STEP][PASSED] - Statement - PreSaveFile = new java.io.File(((pathPrefix + java.lang.Integer.toString(counter)) + .png)): null

2019-01-03 12:57:22 - [TEST_STEP][PASSED] - Statement - counter = counter + 1: null

2019-01-03 12:57:22 - [TEST_STEP][PASSED] - Statement - PreSaveFile = new java.io.File(((pathPrefix + java.lang.Integer.toString(counter)) + .png)): null

2019-01-03 12:57:22 - [TEST_STEP][PASSED] - Statement - counter = counter + 1: null

2019-01-03 12:57:22 - [TEST_STEP][PASSED] - Statement - PreSaveFile = new java.io.File(((pathPrefix + java.lang.Integer.toString(counter)) + .png)): null

2019-01-03 12:57:22 - [TEST_STEP][PASSED] - Statement - counter = counter + 1: null

2019-01-03 12:57:22 - [TEST_STEP][PASSED] - Statement - PreSaveFile = new java.io.File(((pathPrefix + java.lang.Integer.toString(counter)) + .png)): null

2019-01-03 12:57:22 - [TEST_STEP][PASSED] - Statement - counter = counter + 1: null

2019-01-03 12:57:22 - [TEST_STEP][PASSED] - Statement - PreSaveFile = new java.io.File(((pathPrefix + java.lang.Integer.toString(counter)) + .png)): null

2019-01-03 12:57:22 - [TEST_STEP][PASSED] - Statement - counter = counter + 1: null

2019-01-03 12:57:22 - [TEST_STEP][PASSED] - Statement - PreSaveFile = new java.io.File(((pathPrefix + java.lang.Integer.toString(counter)) + .png)): null

2019-01-03 12:57:22 - [TEST_STEP][PASSED] - Statement - counter = counter + 1: null

2019-01-03 12:57:22 - [TEST_STEP][PASSED] - Statement - PreSaveFile = new java.io.File(((pathPrefix + java.lang.Integer.toString(counter)) + .png)): null

2019-01-03 12:57:22 - [TEST_STEP][PASSED] - Statement - counter = counter + 1: null

2019-01-03 12:57:22 - [TEST_STEP][PASSED] - Statement - PreSaveFile = new java.io.File(((pathPrefix + java.lang.Integer.toString(counter)) + .png)): null

2019-01-03 12:57:22 - [TEST_STEP][PASSED] - Statement - counter = counter + 1: null

2019-01-03 12:57:22 - [TEST_STEP][PASSED] - Statement - PreSaveFile = new java.io.File(((pathPrefix + java.lang.Integer.toString(counter)) + .png)): null

2019-01-03 12:57:22 - [TEST_STEP][PASSED] - Statement - counter = counter + 1: null

2019-01-03 12:57:22 - [TEST_STEP][PASSED] - Statement - PreSaveFile = new java.io.File(((pathPrefix + java.lang.Integer.toString(counter)) + .png)): null

2019-01-03 12:57:22 - [TEST_STEP][PASSED] - Statement - counter = counter + 1: null

2019-01-03 12:57:22 - [TEST_STEP][PASSED] - Statement - PreSaveFile = new java.io.File(((pathPrefix + java.lang.Integer.toString(counter)) + .png)): null

2019-01-03 12:57:22 - [TEST_STEP][PASSED] - Statement - counter = counter + 1: null

2019-01-03 12:57:22 - [TEST_STEP][PASSED] - Statement - PreSaveFile = new java.io.File(((pathPrefix + java.lang.Integer.toString(counter)) + .png)): null

2019-01-03 12:57:22 - [TEST_STEP][PASSED] - Statement - counter = counter + 1: null

2019-01-03 12:57:22 - [TEST_STEP][PASSED] - Statement - PreSaveFile = new java.io.File(((pathPrefix + java.lang.Integer.toString(counter)) + .png)): null

2019-01-03 12:57:22 - [TEST_STEP][PASSED] - Statement - counter = counter + 1: null

2019-01-03 12:57:22 - [TEST_STEP][PASSED] - Statement - PreSaveFile = new java.io.File(((pathPrefix + java.lang.Integer.toString(counter)) + .png)): null

2019-01-03 12:57:22 - [TEST_STEP][PASSED] - Statement - counter = counter + 1: null

2019-01-03 12:57:22 - [TEST_STEP][PASSED] - Statement - PreSaveFile = new java.io.File(((pathPrefix + java.lang.Integer.toString(counter)) + .png)): null

2019-01-03 12:57:22 - [TEST_STEP][PASSED] - Statement - counter = counter + 1: null

2019-01-03 12:57:22 - [TEST_STEP][PASSED] - Statement - PreSaveFile = new java.io.File(((pathPrefix + java.lang.Integer.toString(counter)) + .png)): null

2019-01-03 12:57:22 - [TEST_STEP][PASSED] - Statement - counter = counter + 1: null

2019-01-03 12:57:22 - [TEST_STEP][PASSED] - Statement - PreSaveFile = new java.io.File(((pathPrefix + java.lang.Integer.toString(counter)) + .png)): null

2019-01-03 12:57:22 - [TEST_STEP][PASSED] - Statement - counter = counter + 1: null

2019-01-03 12:57:22 - [TEST_STEP][PASSED] - Statement - PreSaveFile = new java.io.File(((pathPrefix + java.lang.Integer.toString(counter)) + .png)): null

2019-01-03 12:57:22 - [TEST_STEP][PASSED] - Statement - counter = counter + 1: null

2019-01-03 12:57:22 - [TEST_STEP][PASSED] - Statement - PreSaveFile = new java.io.File(((pathPrefix + java.lang.Integer.toString(counter)) + .png)): null

2019-01-03 12:57:22 - [TEST_STEP][PASSED] - Statement - counter = counter + 1: null

2019-01-03 12:57:22 - [TEST_STEP][PASSED] - Statement - PreSaveFile = new java.io.File(((pathPrefix + java.lang.Integer.toString(counter)) + .png)): null

2019-01-03 12:57:22 - [TEST_STEP][PASSED] - Statement - counter = counter + 1: null

2019-01-03 12:57:22 - [TEST_STEP][PASSED] - Statement - PreSaveFile = new java.io.File(((pathPrefix + java.lang.Integer.toString(counter)) + .png)): null

2019-01-03 12:57:22 - [TEST_STEP][PASSED] - Statement - counter = counter + 1: null

2019-01-03 12:57:22 - [TEST_STEP][PASSED] - Statement - PreSaveFile = new java.io.File(((pathPrefix + java.lang.Integer.toString(counter)) + .png)): null

2019-01-03 12:57:22 - [TEST_STEP][PASSED] - Statement - counter = counter + 1: null

2019-01-03 12:57:22 - [TEST_STEP][PASSED] - Statement - PreSaveFile = new java.io.File(((pathPrefix + java.lang.Integer.toString(counter)) + .png)): null

2019-01-03 12:57:22 - [TEST_STEP][PASSED] - Statement - counter = counter + 1: null

2019-01-03 12:57:22 - [TEST_STEP][PASSED] - Statement - PreSaveFile = new java.io.File(((pathPrefix + java.lang.Integer.toString(counter)) + .png)): null

2019-01-03 12:57:22 - [TEST_STEP][PASSED] - Statement - counter = counter + 1: null

2019-01-03 12:57:22 - [TEST_STEP][PASSED] - Statement - PreSaveFile = new java.io.File(((pathPrefix + java.lang.Integer.toString(counter)) + .png)): null

2019-01-03 12:57:22 - [TEST_STEP][PASSED] - Statement - counter = counter + 1: null

2019-01-03 12:57:22 - [TEST_STEP][PASSED] - Statement - PreSaveFile = new java.io.File(((pathPrefix + java.lang.Integer.toString(counter)) + .png)): null

2019-01-03 12:57:22 - [TEST_STEP][PASSED] - Statement - counter = counter + 1: null

2019-01-03 12:57:22 - [TEST_STEP][PASSED] - Statement - PreSaveFile = new java.io.File(((pathPrefix + java.lang.Integer.toString(counter)) + .png)): null

2019-01-03 12:57:22 - [TEST_STEP][PASSED] - Statement - counter = counter + 1: null

2019-01-03 12:57:22 - [TEST_STEP][PASSED] - Statement - PreSaveFile = new java.io.File(((pathPrefix + java.lang.Integer.toString(counter)) + .png)): null

2019-01-03 12:57:22 - [TEST_STEP][PASSED] - Statement - counter = counter + 1: null

2019-01-03 12:57:22 - [TEST_STEP][PASSED] - Statement - PreSaveFile = new java.io.File(((pathPrefix + java.lang.Integer.toString(counter)) + .png)): null

2019-01-03 12:57:22 - [TEST_STEP][PASSED] - Statement - counter = counter + 1: null

2019-01-03 12:57:22 - [TEST_STEP][PASSED] - Statement - PreSaveFile = new java.io.File(((pathPrefix + java.lang.Integer.toString(counter)) + .png)): null

2019-01-03 12:57:22 - [TEST_STEP][PASSED] - Statement - counter = counter + 1: null

2019-01-03 12:57:22 - [TEST_STEP][PASSED] - Statement - PreSaveFile = new java.io.File(((pathPrefix + java.lang.Integer.toString(counter)) + .png)): null

2019-01-03 12:57:22 - [TEST_STEP][PASSED] - Statement - counter = counter + 1: null

2019-01-03 12:57:22 - [TEST_STEP][PASSED] - Statement - PreSaveFile = new java.io.File(((pathPrefix + java.lang.Integer.toString(counter)) + .png)): null

2019-01-03 12:57:22 - [TEST_STEP][PASSED] - Statement - counter = counter + 1: null

2019-01-03 12:57:22 - [TEST_STEP][PASSED] - Statement - PreSaveFile = new java.io.File(((pathPrefix + java.lang.Integer.toString(counter)) + .png)): null

2019-01-03 12:57:22 - [TEST_STEP][PASSED] - Statement - counter = counter + 1: null

2019-01-03 12:57:22 - [TEST_STEP][PASSED] - Statement - PreSaveFile = new java.io.File(((pathPrefix + java.lang.Integer.toString(counter)) + .png)): null

2019-01-03 12:57:22 - [TEST_STEP][PASSED] - Statement - counter = counter + 1: null

2019-01-03 12:57:22 - [TEST_STEP][PASSED] - Statement - PreSaveFile = new java.io.File(((pathPrefix + java.lang.Integer.toString(counter)) + .png)): null

2019-01-03 12:57:22 - [TEST_STEP][PASSED] - Statement - counter = counter + 1: null

2019-01-03 12:57:22 - [TEST_STEP][PASSED] - Statement - PreSaveFile = new java.io.File(((pathPrefix + java.lang.Integer.toString(counter)) + .png)): null

2019-01-03 12:57:22 - [TEST_STEP][PASSED] - Statement - counter = counter + 1: null

2019-01-03 12:57:22 - [TEST_STEP][PASSED] - Statement - PreSaveFile = new java.io.File(((pathPrefix + java.lang.Integer.toString(counter)) + .png)): null

2019-01-03 12:57:22 - [TEST_STEP][PASSED] - Statement - counter = counter + 1: null

2019-01-03 12:57:22 - [TEST_STEP][PASSED] - Statement - PreSaveFile = new java.io.File(((pathPrefix + java.lang.Integer.toString(counter)) + .png)): null

2019-01-03 12:57:22 - [TEST_STEP][PASSED] - Statement - counter = counter + 1: null

2019-01-03 12:57:22 - [TEST_STEP][PASSED] - Statement - PreSaveFile = new java.io.File(((pathPrefix + java.lang.Integer.toString(counter)) + .png)): null

2019-01-03 12:57:22 - [TEST_STEP][PASSED] - Statement - counter = counter + 1: null

2019-01-03 12:57:22 - [TEST_STEP][PASSED] - Statement - PreSaveFile = new java.io.File(((pathPrefix + java.lang.Integer.toString(counter)) + .png)): null

2019-01-03 12:57:22 - [TEST_STEP][PASSED] - Statement - counter = counter + 1: null

2019-01-03 12:57:22 - [TEST_STEP][PASSED] - Statement - PreSaveFile = new java.io.File(((pathPrefix + java.lang.Integer.toString(counter)) + .png)): null

2019-01-03 12:57:22 - [TEST_STEP][PASSED] - Statement - counter = counter + 1: null

2019-01-03 12:57:22 - [TEST_STEP][PASSED] - Statement - PreSaveFile = new java.io.File(((pathPrefix + java.lang.Integer.toString(counter)) + .png)): null

2019-01-03 12:57:22 - [TEST_STEP][PASSED] - Statement - counter = counter + 1: null

2019-01-03 12:57:22 - [TEST_STEP][PASSED] - Statement - PreSaveFile = new java.io.File(((pathPrefix + java.lang.Integer.toString(counter)) + .png)): null

2019-01-03 12:57:22 - [TEST_STEP][PASSED] - Statement - counter = counter + 1: null

2019-01-03 12:57:22 - [TEST_STEP][PASSED] - Statement - PreSaveFile = new java.io.File(((pathPrefix + java.lang.Integer.toString(counter)) + .png)): null

2019-01-03 12:57:22 - [TEST_STEP][PASSED] - Statement - counter = counter + 1: null

2019-01-03 12:57:22 - [TEST_STEP][PASSED] - Statement - PreSaveFile = new java.io.File(((pathPrefix + java.lang.Integer.toString(counter)) + .png)): null

2019-01-03 12:57:22 - [TEST_STEP][PASSED] - Statement - counter = counter + 1: null

2019-01-03 12:57:22 - [TEST_STEP][PASSED] - Statement - PreSaveFile = new java.io.File(((pathPrefix + java.lang.Integer.toString(counter)) + .png)): null

2019-01-03 12:57:22 - [TEST_STEP][PASSED] - Statement - counter = counter + 1: null

2019-01-03 12:57:22 - [TEST_STEP][PASSED] - Statement - PreSaveFile = new java.io.File(((pathPrefix + java.lang.Integer.toString(counter)) + .png)): null

2019-01-03 12:57:22 - [TEST_STEP][PASSED] - Statement - counter = counter + 1: null

2019-01-03 12:57:22 - [TEST_STEP][PASSED] - Statement - PreSaveFile = new java.io.File(((pathPrefix + java.lang.Integer.toString(counter)) + .png)): null

2019-01-03 12:57:22 - [TEST_STEP][PASSED] - Statement - counter = counter + 1: null

2019-01-03 12:57:22 - [TEST_STEP][PASSED] - Statement - PreSaveFile = new java.io.File(((pathPrefix + java.lang.Integer.toString(counter)) + .png)): null

2019-01-03 12:57:22 - [TEST_STEP][PASSED] - Statement - counter = counter + 1: null

2019-01-03 12:57:22 - [TEST_STEP][PASSED] - Statement - PreSaveFile = new java.io.File(((pathPrefix + java.lang.Integer.toString(counter)) + .png)): null

2019-01-03 12:57:22 - [TEST_STEP][PASSED] - Statement - counter = counter + 1: null

2019-01-03 12:57:22 - [TEST_STEP][PASSED] - Statement - PreSaveFile = new java.io.File(((pathPrefix + java.lang.Integer.toString(counter)) + .png)): null

2019-01-03 12:57:22 - [TEST_STEP][PASSED] - Statement - counter = counter + 1: null

2019-01-03 12:57:22 - [TEST_STEP][PASSED] - Statement - PreSaveFile = new java.io.File(((pathPrefix + java.lang.Integer.toString(counter)) + .png)): null

2019-01-03 12:57:22 - [TEST_STEP][PASSED] - Statement - counter = counter + 1: null

2019-01-03 12:57:22 - [TEST_STEP][PASSED] - Statement - PreSaveFile = new java.io.File(((pathPrefix + java.lang.Integer.toString(counter)) + .png)): null

2019-01-03 12:57:22 - [TEST_STEP][PASSED] - Statement - counter = counter + 1: null

2019-01-03 12:57:22 - [TEST_STEP][PASSED] - Statement - PreSaveFile = new java.io.File(((pathPrefix + java.lang.Integer.toString(counter)) + .png)): null

2019-01-03 12:57:22 - [TEST_STEP][PASSED] - Statement - counter = counter + 1: null

2019-01-03 12:57:22 - [TEST_STEP][PASSED] - Statement - PreSaveFile = new java.io.File(((pathPrefix + java.lang.Integer.toString(counter)) + .png)): null

2019-01-03 12:57:22 - [TEST_STEP][PASSED] - Statement - counter = counter + 1: null

2019-01-03 12:57:22 - [TEST_STEP][PASSED] - Statement - PreSaveFile = new java.io.File(((pathPrefix + java.lang.Integer.toString(counter)) + .png)): null

2019-01-03 12:57:22 - [TEST_STEP][PASSED] - Statement - counter = counter + 1: null

2019-01-03 12:57:22 - [TEST_STEP][PASSED] - Statement - PreSaveFile = new java.io.File(((pathPrefix + java.lang.Integer.toString(counter)) + .png)): null

2019-01-03 12:57:22 - [TEST_STEP][PASSED] - Statement - counter = counter + 1: null

2019-01-03 12:57:22 - [TEST_STEP][PASSED] - Statement - PreSaveFile = new java.io.File(((pathPrefix + java.lang.Integer.toString(counter)) + .png)): null

2019-01-03 12:57:22 - [TEST_STEP][PASSED] - Statement - counter = counter + 1: null

2019-01-03 12:57:22 - [TEST_STEP][PASSED] - Statement - PreSaveFile = new java.io.File(((pathPrefix + java.lang.Integer.toString(counter)) + .png)): null

2019-01-03 12:57:22 - [TEST_STEP][PASSED] - Statement - counter = counter + 1: null

2019-01-03 12:57:22 - [TEST_STEP][PASSED] - Statement - PreSaveFile = new java.io.File(((pathPrefix + java.lang.Integer.toString(counter)) + .png)): null

2019-01-03 12:57:22 - [TEST_STEP][PASSED] - Statement - counter = counter + 1: null

2019-01-03 12:57:22 - [TEST_STEP][PASSED] - Statement - PreSaveFile = new java.io.File(((pathPrefix + java.lang.Integer.toString(counter)) + .png)): null

2019-01-03 12:57:22 - [TEST_STEP][PASSED] - Statement - counter = counter + 1: null

2019-01-03 12:57:22 - [TEST_STEP][PASSED] - Statement - PreSaveFile = new java.io.File(((pathPrefix + java.lang.Integer.toString(counter)) + .png)): null

2019-01-03 12:57:22 - [TEST_STEP][PASSED] - Statement - counter = counter + 1: null

2019-01-03 12:57:22 - [TEST_STEP][PASSED] - Statement - PreSaveFile = new java.io.File(((pathPrefix + java.lang.Integer.toString(counter)) + .png)): null

2019-01-03 12:57:22 - [TEST_STEP][PASSED] - Statement - counter = counter + 1: null

2019-01-03 12:57:22 - [TEST_STEP][PASSED] - Statement - PreSaveFile = new java.io.File(((pathPrefix + java.lang.Integer.toString(counter)) + .png)): null

2019-01-03 12:57:22 - [TEST_STEP][PASSED] - Statement - counter = counter + 1: null

2019-01-03 12:57:22 - [TEST_STEP][PASSED] - Statement - PreSaveFile = new java.io.File(((pathPrefix + java.lang.Integer.toString(counter)) + .png)): null

2019-01-03 12:57:22 - [TEST_STEP][PASSED] - Statement - counter = counter + 1: null

2019-01-03 12:57:22 - [TEST_STEP][PASSED] - Statement - PreSaveFile = new java.io.File(((pathPrefix + java.lang.Integer.toString(counter)) + .png)): null

2019-01-03 12:57:22 - [TEST_STEP][PASSED] - Statement - counter = counter + 1: null

2019-01-03 12:57:22 - [TEST_STEP][PASSED] - Statement - PreSaveFile = new java.io.File(((pathPrefix + java.lang.Integer.toString(counter)) + .png)): null

2019-01-03 12:57:22 - [TEST_STEP][PASSED] - Statement - counter = counter + 1: null

2019-01-03 12:57:22 - [TEST_STEP][PASSED] - Statement - PreSaveFile = new java.io.File(((pathPrefix + java.lang.Integer.toString(counter)) + .png)): null

2019-01-03 12:57:22 - [TEST_STEP][PASSED] - Statement - counter = counter + 1: null

2019-01-03 12:57:22 - [TEST_STEP][PASSED] - Statement - PreSaveFile = new java.io.File(((pathPrefix + java.lang.Integer.toString(counter)) + .png)): null

2019-01-03 12:57:22 - [TEST_STEP][PASSED] - Statement - counter = counter + 1: null

2019-01-03 12:57:22 - [TEST_STEP][PASSED] - Statement - PreSaveFile = new java.io.File(((pathPrefix + java.lang.Integer.toString(counter)) + .png)): null

2019-01-03 12:57:22 - [TEST_STEP][PASSED] - Statement - counter = counter + 1: null

2019-01-03 12:57:22 - [TEST_STEP][PASSED] - Statement - PreSaveFile = new java.io.File(((pathPrefix + java.lang.Integer.toString(counter)) + .png)): null

2019-01-03 12:57:22 - [TEST_STEP][PASSED] - Statement - counter = counter + 1: null

2019-01-03 12:57:22 - [TEST_STEP][PASSED] - Statement - PreSaveFile = new java.io.File(((pathPrefix + java.lang.Integer.toString(counter)) + .png)): null

2019-01-03 12:57:22 - [TEST_STEP][PASSED] - Statement - counter = counter + 1: null

2019-01-03 12:57:22 - [TEST_STEP][PASSED] - Statement - PreSaveFile = new java.io.File(((pathPrefix + java.lang.Integer.toString(counter)) + .png)): null

2019-01-03 12:57:22 - [TEST_STEP][PASSED] - Statement - counter = counter + 1: null

2019-01-03 12:57:22 - [TEST_STEP][PASSED] - Statement - PreSaveFile = new java.io.File(((pathPrefix + java.lang.Integer.toString(counter)) + .png)): null

2019-01-03 12:57:22 - [TEST_STEP][PASSED] - Statement - counter = counter + 1: null

2019-01-03 12:57:22 - [TEST_STEP][PASSED] - Statement - PreSaveFile = new java.io.File(((pathPrefix + java.lang.Integer.toString(counter)) + .png)): null

2019-01-03 12:57:22 - [TEST_STEP][PASSED] - Statement - counter = counter + 1: null

2019-01-03 12:57:22 - [TEST_STEP][PASSED] - Statement - PreSaveFile = new java.io.File(((pathPrefix + java.lang.Integer.toString(counter)) + .png)): null

2019-01-03 12:57:22 - [TEST_STEP][PASSED] - Statement - counter = counter + 1: null

2019-01-03 12:57:22 - [TEST_STEP][PASSED] - Statement - PreSaveFile = new java.io.File(((pathPrefix + java.lang.Integer.toString(counter)) + .png)): null

2019-01-03 12:57:22 - [TEST_STEP][PASSED] - Statement - counter = counter + 1: null

2019-01-03 12:57:22 - [TEST_STEP][PASSED] - Statement - PreSaveFile = new java.io.File(((pathPrefix + java.lang.Integer.toString(counter)) + .png)): null

2019-01-03 12:57:22 - [TEST_STEP][PASSED] - Statement - counter = counter + 1: null

2019-01-03 12:57:23 - [TEST_STEP][PASSED] - Statement - PreSaveFile = new java.io.File(((pathPrefix + java.lang.Integer.toString(counter)) + .png)): null

2019-01-03 12:57:23 - [TEST_STEP][PASSED] - Statement - counter = counter + 1: null

2019-01-03 12:57:23 - [TEST_STEP][PASSED] - Statement - PreSaveFile = new java.io.File(((pathPrefix + java.lang.Integer.toString(counter)) + .png)): null

2019-01-03 12:57:23 - [TEST_STEP][PASSED] - Statement - counter = counter + 1: null

2019-01-03 12:57:23 - [TEST_STEP][PASSED] - Statement - PreSaveFile = new java.io.File(((pathPrefix + java.lang.Integer.toString(counter)) + .png)): null

2019-01-03 12:57:23 - [TEST_STEP][PASSED] - Statement - counter = counter + 1: null

2019-01-03 12:57:23 - [TEST_STEP][PASSED] - Statement - PreSaveFile = new java.io.File(((pathPrefix + java.lang.Integer.toString(counter)) + .png)): null

2019-01-03 12:57:23 - [TEST_STEP][PASSED] - Statement - counter = counter + 1: null

2019-01-03 12:57:23 - [TEST_STEP][PASSED] - Statement - PreSaveFile = new java.io.File(((pathPrefix + java.lang.Integer.toString(counter)) + .png)): null

2019-01-03 12:57:23 - [TEST_STEP][PASSED] - Statement - counter = counter + 1: null

2019-01-03 12:57:23 - [TEST_STEP][PASSED] - Statement - PreSaveFile = new java.io.File(((pathPrefix + java.lang.Integer.toString(counter)) + .png)): null

2019-01-03 12:57:23 - [TEST_STEP][PASSED] - Statement - counter = counter + 1: null

2019-01-03 12:57:23 - [TEST_STEP][PASSED] - Statement - PreSaveFile = new java.io.File(((pathPrefix + java.lang.Integer.toString(counter)) + .png)): null

2019-01-03 12:57:23 - [TEST_STEP][PASSED] - Statement - counter = counter + 1: null

2019-01-03 12:57:23 - [TEST_STEP][PASSED] - Statement - PreSaveFile = new java.io.File(((pathPrefix + java.lang.Integer.toString(counter)) + .png)): null

2019-01-03 12:57:23 - [TEST_STEP][PASSED] - Statement - counter = counter + 1: null

2019-01-03 12:57:23 - [TEST_STEP][PASSED] - Statement - PreSaveFile = new java.io.File(((pathPrefix + java.lang.Integer.toString(counter)) + .png)): null

2019-01-03 12:57:23 - [TEST_STEP][PASSED] - Statement - counter = counter + 1: null

2019-01-03 12:57:23 - [TEST_STEP][PASSED] - Statement - PreSaveFile = new java.io.File(((pathPrefix + java.lang.Integer.toString(counter)) + .png)): null

2019-01-03 12:57:23 - [TEST_STEP][PASSED] - Statement - counter = counter + 1: null

2019-01-03 12:57:23 - [TEST_STEP][PASSED] - Statement - PreSaveFile = new java.io.File(((pathPrefix + java.lang.Integer.toString(counter)) + .png)): null

2019-01-03 12:57:23 - [TEST_STEP][PASSED] - Statement - counter = counter + 1: null

2019-01-03 12:57:23 - [TEST_STEP][PASSED] - Statement - PreSaveFile = new java.io.File(((pathPrefix + java.lang.Integer.toString(counter)) + .png)): null

2019-01-03 12:57:23 - [TEST_STEP][PASSED] - Statement - counter = counter + 1: null

2019-01-03 12:57:23 - [TEST_STEP][PASSED] - Statement - PreSaveFile = new java.io.File(((pathPrefix + java.lang.Integer.toString(counter)) + .png)): null

2019-01-03 12:57:23 - [TEST_STEP][PASSED] - Statement - counter = counter + 1: null

2019-01-03 12:57:23 - [TEST_STEP][PASSED] - Statement - PreSaveFile = new java.io.File(((pathPrefix + java.lang.Integer.toString(counter)) + .png)): null

2019-01-03 12:57:23 - [TEST_STEP][PASSED] - Statement - counter = counter + 1: null

2019-01-03 12:57:23 - [TEST_STEP][PASSED] - Statement - PreSaveFile = new java.io.File(((pathPrefix + java.lang.Integer.toString(counter)) + .png)): null

2019-01-03 12:57:23 - [TEST_STEP][PASSED] - Statement - counter = counter + 1: null

2019-01-03 12:57:23 - [TEST_STEP][PASSED] - Statement - PreSaveFile = new java.io.File(((pathPrefix + java.lang.Integer.toString(counter)) + .png)): null

2019-01-03 12:57:23 - [TEST_STEP][PASSED] - Statement - counter = counter + 1: null

2019-01-03 12:57:23 - [TEST_STEP][PASSED] - Statement - PreSaveFile = new java.io.File(((pathPrefix + java.lang.Integer.toString(counter)) + .png)): null

2019-01-03 12:57:23 - [TEST_STEP][PASSED] - Statement - counter = counter + 1: null

2019-01-03 12:57:23 - [TEST_STEP][PASSED] - Statement - PreSaveFile = new java.io.File(((pathPrefix + java.lang.Integer.toString(counter)) + .png)): null

2019-01-03 12:57:23 - [TEST_STEP][PASSED] - Statement - counter = counter + 1: null

2019-01-03 12:57:23 - [TEST_STEP][PASSED] - Statement - PreSaveFile = new java.io.File(((pathPrefix + java.lang.Integer.toString(counter)) + .png)): null

2019-01-03 12:57:23 - [TEST_STEP][PASSED] - Statement - finalPath = pathPrefix + java.lang.Integer.toString(counter) + ".png": null

2019-01-03 12:57:23 - [TEST_STEP][PASSED] - Statement - SaveFile = new java.io.File(finalPath): null

2019-01-03 12:57:23 - [TEST_STEP][PASSED] - Statement - Try: null

2019-01-03 12:57:23 - [TEST_STEP][PASSED] - Statement - org.apache.commons.io.FileUtils.copyFile(scrFile, SaveFile): null

2019-01-03 12:57:23 - [TEST_STEP][PASSED] - Statement - out.println("file kept"): null

2019-01-03 12:57:23 - [TEST_STEP][PASSED] - delay: Delayed 10 second(s)

2019-01-03 12:57:33 - [MESSAGE][PASSED] - Delayed 10 second(s)

2019-01-03 12:57:33 - [MESSAGE][PASSED] - Call Test Case 'Test Cases/Final Aug 2018 - PKS Automation/Registration Module/New Registration/Submit and Screenshot/Submit Registration and Screenshot - Copy' successfully

2019-01-03 12:57:33 - [TEST_STEP][PASSED] - Statement - UpdateAddNewECode = com.kms.katalon.core.webui.keyword.WebUiBuiltInKeywords.getText(com.kms.katalon.core.testobject.ObjectRepository.findTestObject(Object Repository/Final Object Repo/Page_Update Add New Employee - ASSIST/getEmpCode)): Text of object 'Object Repository/Final Object Repo/Page_Update Add New Employee - ASSIST/getEmpCode' is: 'E1102071073F'

2019-01-03 12:57:33 - [MESSAGE][PASSED] - Text of object 'Object Repository/Final Object Repo/Page_Update Add New Employee - ASSIST/getEmpCode' is: 'E1102071073F'

2019-01-03 12:57:33 - [TEST_STEP][PASSED] - callTestCase: Call Test Case 'Test Cases/Final Aug 2018 - PKS Automation/Common/Emp Code Setter' successfully

2019-01-03 12:57:33 - [TEST_CASE][PASSED] - Test Cases/Final Aug 2018 - PKS Automation/Common/Emp Code Setter: Test Cases/Final Aug 2018 - PKS Automation/Common/Emp Code Setter

2019-01-03 12:57:33 - [TEST_STEP][PASSED] - Statement - EmpCodeOld = new java.io.File(C://Users//Admin//Desktop//PKS//Automation Reference Point//EmpCode.txt): null

2019-01-03 12:57:33 - [TEST_STEP][PASSED] - Statement - EmpCodeOld.delete(): null

2019-01-03 12:57:33 - [TEST_STEP][PASSED] - Statement - EmpCode = new java.io.File(C://Users//Admin//Desktop//PKS//Automation Reference Point//EmpCode.txt): null

2019-01-03 12:57:33 - [TEST_STEP][PASSED] - Statement - f2 = new java.io.FileWriter(EmpCode, false): null

2019-01-03 12:57:33 - [TEST_STEP][PASSED] - Statement - f2.write(UpdateAddNewECode): null

2019-01-03 12:57:33 - [TEST_STEP][PASSED] - Statement - f2.close(): null

2019-01-03 12:57:33 - [TEST_STEP][PASSED] - Statement - out.println("


" + UpdateAddNewECode + "


"): null

2019-01-03 12:57:33 - [MESSAGE][PASSED] - Call Test Case 'Test Cases/Final Aug 2018 - PKS Automation/Common/Emp Code Setter' successfully

2019-01-03 12:57:33 - [MESSAGE][PASSED] - Call Test Case 'Test Cases/Final Aug 2018 - PKS Automation/Registration Module/Workflow/Update Add New Employee/Template/New Company for Update Add New - Employer' successfully

2019-01-03 12:57:33 - [TEST_STEP][PASSED] - callTestCase: Call Test Case 'Test Cases/Final Aug 2018 - PKS Automation/Create Employer Acc/Login to Employer Account (Second time)' successfully

2019-01-03 12:57:33 - [TEST_CASE][PASSED] - Test Cases/Final Aug 2018 - PKS Automation/Create Employer Acc/Login to Employer Account (Second time): Test Cases/Final Aug 2018 - PKS Automation/Create Employer Acc/Login to Employer Account (Second time)

2019-01-03 12:57:33 - [TEST_STEP][PASSED] - openBrowser: Browser is opened with url: ''

2019-01-03 12:57:33 - [MESSAGE][WARNING] - A browser is already opened. Closing browser and opening a new one

2019-01-03 12:57:36 - [MESSAGE][PASSED] - Browser is opened with url: ''

2019-01-03 12:57:36 - [TEST_STEP][PASSED] - navigateToUrl: Navigate to 'https://assist2-uat.perkeso.gov.my/employer/login' successfully

2019-01-03 12:57:37 - [MESSAGE][PASSED] - Navigate to 'https://assist2-uat.perkeso.gov.my/employer/login' successfully

2019-01-03 12:57:37 - [TEST_STEP][PASSED] - delay: Delayed 3 second(s)

2019-01-03 12:57:40 - [MESSAGE][PASSED] - Delayed 3 second(s)

2019-01-03 12:57:40 - [TEST_STEP][PASSED] - callTestCase: Call Test Case 'Test Cases/Final Aug 2018 - PKS Automation/Create Employer Acc/Template/Employer Email Getter' successfully

2019-01-03 12:57:40 - [TEST_CASE][PASSED] - Test Cases/Final Aug 2018 - PKS Automation/Create Employer Acc/Template/Employer Email Getter: Test Cases/Final Aug 2018 - PKS Automation/Create Employer Acc/Template/Employer Email Getter

2019-01-03 12:57:40 - [TEST_STEP][PASSED] - Statement - Try: null

2019-01-03 12:57:40 - [TEST_STEP][PASSED] - Statement - EmpEmail = new java.io.File(C://Users//Admin//Desktop//PKS//Automation Reference Point//EmpEmail.txt): null

2019-01-03 12:57:40 - [TEST_STEP][PASSED] - Statement - bufferread = new java.io.BufferedReader(new java.io.FileReader(EmpEmail)): null

2019-01-03 12:57:40 - [TEST_STEP][PASSED] - Statement - readedVal = bufferread.readLine(): null

2019-01-03 12:57:40 - [TEST_STEP][PASSED] - Statement - out.println(readedVal): null

2019-01-03 12:57:40 - [TEST_STEP][PASSED] - Statement - Email = readedVal: null

2019-01-03 12:57:40 - [MESSAGE][PASSED] - Call Test Case 'Test Cases/Final Aug 2018 - PKS Automation/Create Employer Acc/Template/Employer Email Getter' successfully

2019-01-03 12:57:40 - [TEST_STEP][PASSED] - setText: Text 'perkeso286737333229@gmail.com' is set on object 'Object Repository/Final Object Repo/Login Page/External Login Page/Email'

2019-01-03 12:57:40 - [MESSAGE][PASSED] - Text 'perkeso286737333229@gmail.com' is set on object 'Object Repository/Final Object Repo/Login Page/External Login Page/Email'

2019-01-03 12:57:40 - [TEST_STEP][PASSED] - click: Object: 'Object Repository/Final Object Repo/Login Page/External Login Page/Next' is clicked on

2019-01-03 12:57:41 - [MESSAGE][PASSED] - Object: 'Object Repository/Final Object Repo/Login Page/External Login Page/Next' is clicked on

2019-01-03 12:57:41 - [TEST_STEP][PASSED] - delay: Delayed 3 second(s)

2019-01-03 12:57:44 - [MESSAGE][PASSED] - Delayed 3 second(s)

2019-01-03 12:57:44 - [TEST_STEP][PASSED] - setEncryptedText: Text ****** has been set on object 'Object Repository/Final Object Repo/Login Page/External Login Page/Password'

2019-01-03 12:57:44 - [MESSAGE][PASSED] - Text ****** has been set on object 'Object Repository/Final Object Repo/Login Page/External Login Page/Password'

2019-01-03 12:57:44 - [TEST_STEP][PASSED] - click: Object: 'Object Repository/Final Object Repo/Login Page/External Login Page/Login' is clicked on

2019-01-03 12:57:44 - [MESSAGE][PASSED] - Object: 'Object Repository/Final Object Repo/Login Page/External Login Page/Login' is clicked on

2019-01-03 12:57:44 - [TEST_STEP][PASSED] - delay: Delayed 5 second(s)

2019-01-03 12:57:49 - [MESSAGE][PASSED] - Delayed 5 second(s)

2019-01-03 12:57:49 - [MESSAGE][PASSED] - Call Test Case 'Test Cases/Final Aug 2018 - PKS Automation/Create Employer Acc/Login to Employer Account (Second time)' successfully

2019-01-03 12:57:49 - [TEST_STEP][PASSED] - navigateToUrl: Navigate to 'https://assist2-uat.perkeso.gov.my/web/registration/update/form-1a-cessation-as-employer-discontinue-business-' successfully

2019-01-03 12:57:50 - [MESSAGE][PASSED] - Navigate to 'https://assist2-uat.perkeso.gov.my/web/registration/update/form-1a-cessation-as-employer-discontinue-business-' successfully

2019-01-03 12:57:50 - [TEST_STEP][PASSED] - callTestCase: Call Test Case 'Test Cases/Final Aug 2018 - PKS Automation/Common/Emp Code Getter' successfully

2019-01-03 12:57:50 - [TEST_CASE][PASSED] - Test Cases/Final Aug 2018 - PKS Automation/Common/Emp Code Getter: Test Cases/Final Aug 2018 - PKS Automation/Common/Emp Code Getter

2019-01-03 12:57:50 - [TEST_STEP][PASSED] - Statement - Try: null

2019-01-03 12:57:50 - [TEST_STEP][PASSED] - Statement - EmpCode = new java.io.File(C://Users//Admin//Desktop//PKS//Automation Reference Point//EmpCode.txt): null

2019-01-03 12:57:50 - [TEST_STEP][PASSED] - Statement - bufferread = new java.io.BufferedReader(new java.io.FileReader(EmpCode)): null

2019-01-03 12:57:50 - [TEST_STEP][PASSED] - Statement - readedVal = bufferread.readLine(): null

2019-01-03 12:57:50 - [TEST_STEP][PASSED] - Statement - out.println(readedVal): null

2019-01-03 12:57:50 - [TEST_STEP][PASSED] - Statement - UpdateAddNewECode = readedVal: null

2019-01-03 12:57:50 - [MESSAGE][PASSED] - Call Test Case 'Test Cases/Final Aug 2018 - PKS Automation/Common/Emp Code Getter' successfully

2019-01-03 12:57:50 - [TEST_STEP][PASSED] - setText: Text 'E1102071073F' is set on object 'Object Repository/Final Object Repo/Page_Update Employer Information/Employer Code'

2019-01-03 12:57:51 - [MESSAGE][PASSED] - Text 'E1102071073F' is set on object 'Object Repository/Final Object Repo/Page_Update Employer Information/Employer Code'

2019-01-03 12:57:51 - [TEST_STEP][PASSED] - click: Object: 'Object Repository/Final Object Repo/Page_Update Employer Information/Search Button' is clicked on

2019-01-03 12:57:51 - [MESSAGE][PASSED] - Object: 'Object Repository/Final Object Repo/Page_Update Employer Information/Search Button' is clicked on

2019-01-03 12:57:51 - [TEST_STEP][PASSED] - delay: Delayed 2 second(s)

2019-01-03 12:57:53 - [MESSAGE][PASSED] - Delayed 2 second(s)

2019-01-03 12:57:53 - [TEST_STEP][PASSED] - click: Object: 'Object Repository/Final Object Repo/Page_Update Employer Information/Edit Button' is clicked on

2019-01-03 12:57:54 - [MESSAGE][PASSED] - Object: 'Object Repository/Final Object Repo/Page_Update Employer Information/Edit Button' is clicked on

2019-01-03 12:57:54 - [TEST_STEP][PASSED] - Statement - abc = com.kms.katalon.core.webui.keyword.WebUiBuiltInKeywords.getAttribute(com.kms.katalon.core.testobject.ObjectRepository.findTestObject(Final Object Repo/Page_Form 1A - Cessation As Employer/Employer Status), "value"): Attribute 'value' of object 'Object Repository/Final Object Repo/Page_Form 1A - Cessation As Employer/Employer Status' is: 'Active'

2019-01-03 12:57:54 - [MESSAGE][PASSED] - Attribute 'value' of object 'Object Repository/Final Object Repo/Page_Form 1A - Cessation As Employer/Employer Status' is: 'Active'

2019-01-03 12:57:54 - [TEST_STEP][PASSED] - Statement - out.println(abc): null

2019-01-03 12:57:54 - [TEST_STEP][PASSED] - Statement - If (abc == "Active"): Object: 'Object Repository/Final Object Repo/Page_Form 1A - Cessation As Employer/Change Employer Status to - Dormant' is clicked on

2019-01-03 12:57:54 - [TEST_STEP][PASSED] - click: Object: 'Object Repository/Final Object Repo/Page_Form 1A - Cessation As Employer/Change Employer Status to' is clicked on

2019-01-03 12:57:54 - [MESSAGE][PASSED] - Object: 'Object Repository/Final Object Repo/Page_Form 1A - Cessation As Employer/Change Employer Status to' is clicked on

2019-01-03 12:57:54 - [TEST_STEP][PASSED] - click: Object: 'Object Repository/Final Object Repo/Page_Form 1A - Cessation As Employer/Change Employer Status to - Dormant' is clicked on

2019-01-03 12:57:54 - [MESSAGE][PASSED] - Object: 'Object Repository/Final Object Repo/Page_Form 1A - Cessation As Employer/Change Employer Status to - Dormant' is clicked on

2019-01-03 12:57:54 - [TEST_STEP][PASSED] - click: Object: 'Object Repository/Final Object Repo/Page_Form 1A - Cessation As Employer/Calender' is clicked on

2019-01-03 12:57:55 - [MESSAGE][PASSED] - Object: 'Object Repository/Final Object Repo/Page_Form 1A - Cessation As Employer/Calender' is clicked on

2019-01-03 12:57:55 - [TEST_STEP][PASSED] - click: Object: 'Object Repository/Final Object Repo/Page_Form 1A - Cessation As Employer/Calender - Date' is clicked on

2019-01-03 12:57:55 - [MESSAGE][PASSED] - Object: 'Object Repository/Final Object Repo/Page_Form 1A - Cessation As Employer/Calender - Date' is clicked on

2019-01-03 12:57:55 - [TEST_STEP][PASSED] - delay: Delayed 2 second(s)

2019-01-03 12:57:57 - [MESSAGE][PASSED] - Delayed 2 second(s)

2019-01-03 12:57:57 - [TEST_STEP][PASSED] - click: Object: 'Object Repository/Final Object Repo/Page_Form 1A - Cessation As Employer/Save  Continue in Form 1A Page' is clicked on

2019-01-03 12:57:57 - [MESSAGE][PASSED] - Object: 'Object Repository/Final Object Repo/Page_Form 1A - Cessation As Employer/Save  Continue in Form 1A Page' is clicked on

2019-01-03 12:57:57 - [TEST_STEP][PASSED] - delay: Delayed 2 second(s)

2019-01-03 12:57:59 - [MESSAGE][PASSED] - Delayed 2 second(s)

2019-01-03 12:57:59 - [TEST_STEP][PASSED] - click: Object: 'Object Repository/Final Object Repo/Page_Form 1A - Cessation As Employer/Employment Resign Date' is clicked on

2019-01-03 12:57:59 - [MESSAGE][PASSED] - Object: 'Object Repository/Final Object Repo/Page_Form 1A - Cessation As Employer/Employment Resign Date' is clicked on

2019-01-03 12:57:59 - [TEST_STEP][PASSED] - delay: Delayed 1 second(s)

2019-01-03 12:58:00 - [MESSAGE][PASSED] - Delayed 1 second(s)

2019-01-03 12:58:00 - [TEST_STEP][PASSED] - Statement - CaseReferenceNo = com.kms.katalon.core.webui.keyword.WebUiBuiltInKeywords.getText(com.kms.katalon.core.testobject.ObjectRepository.findTestObject(Final Object Repo/Page_Update Employer Information/Reference Number in Update Employee Information Page)): Text of object 'Object Repository/Final Object Repo/Page_Update Employer Information/Reference Number in Update Employee Information Page' is: 'CUN012019C200001791'

2019-01-03 12:58:00 - [MESSAGE][PASSED] - Text of object 'Object Repository/Final Object Repo/Page_Update Employer Information/Reference Number in Update Employee Information Page' is: 'CUN012019C200001791'

2019-01-03 12:58:00 - [TEST_STEP][PASSED] - callTestCase: Call Test Case 'Test Cases/Final Aug 2018 - PKS Automation/Common/Reference Number Setter' successfully

2019-01-03 12:58:00 - [TEST_CASE][PASSED] - Test Cases/Final Aug 2018 - PKS Automation/Common/Reference Number Setter: Test Cases/Final Aug 2018 - PKS Automation/Common/Reference Number Setter

2019-01-03 12:58:00 - [TEST_STEP][PASSED] - Statement - RefNoOldFile = new java.io.File(C://Users//Admin//Desktop//PKS//Automation Reference Point//KatalonReference.txt): null

2019-01-03 12:58:00 - [TEST_STEP][PASSED] - Statement - RefNoOldFile.delete(): null

2019-01-03 12:58:00 - [TEST_STEP][PASSED] - delay: Delayed 5 second(s)

2019-01-03 12:58:05 - [MESSAGE][PASSED] - Delayed 5 second(s)

2019-01-03 12:58:05 - [TEST_STEP][PASSED] - Statement - RefNo = new java.io.File(C://Users//Admin//Desktop//PKS//Automation Reference Point//KatalonReference.txt): null

2019-01-03 12:58:05 - [TEST_STEP][PASSED] - Statement - f2 = new java.io.FileWriter(RefNo, false): null

2019-01-03 12:58:05 - [TEST_STEP][PASSED] - Statement - f2.write(CaseReferenceNo): null

2019-01-03 12:58:05 - [TEST_STEP][PASSED] - Statement - f2.close(): null

2019-01-03 12:58:05 - [TEST_STEP][PASSED] - Statement - out.println("


" + CaseReferenceNo + "


"): null

2019-01-03 12:58:05 - [MESSAGE][PASSED] - Call Test Case 'Test Cases/Final Aug 2018 - PKS Automation/Common/Reference Number Setter' successfully

2019-01-03 12:58:05 - [TEST_STEP][PASSED] - selectOptionByValue: All options with value '2030' are selected in object 'Object Repository/Final Object Repo/Page_Form 1A - Cessation As Employer/Employment Resign Date - Year' 

2019-01-03 12:58:06 - [MESSAGE][PASSED] - All options with value '2030' are selected in object 'Object Repository/Final Object Repo/Page_Form 1A - Cessation As Employer/Employment Resign Date - Year' 

2019-01-03 12:58:06 - [TEST_STEP][PASSED] - delay: Delayed 1 second(s)

2019-01-03 12:58:07 - [MESSAGE][PASSED] - Delayed 1 second(s)

2019-01-03 12:58:07 - [TEST_STEP][PASSED] - click: Object: 'Object Repository/Final Object Repo/Page_Form 1A - Cessation As Employer/Employment Resign Date - Year - Date' is clicked on

2019-01-03 12:58:07 - [MESSAGE][PASSED] - Object: 'Object Repository/Final Object Repo/Page_Form 1A - Cessation As Employer/Employment Resign Date - Year - Date' is clicked on

2019-01-03 12:58:07 - [TEST_STEP][PASSED] - delay: Delayed 2 second(s)

2019-01-03 12:58:09 - [MESSAGE][PASSED] - Delayed 2 second(s)

2019-01-03 12:58:09 - [TEST_STEP][PASSED] - click: Object: 'Object Repository/Final Object Repo/Page_Form 1A - Cessation As Employer/Save  Continue in Update Add Employee Resigned Date Page' is clicked on

2019-01-03 12:58:09 - [MESSAGE][PASSED] - Object: 'Object Repository/Final Object Repo/Page_Form 1A - Cessation As Employer/Save  Continue in Update Add Employee Resigned Date Page' is clicked on

2019-01-03 12:58:09 - [TEST_STEP][PASSED] - delay: Delayed 2 second(s)

2019-01-03 12:58:11 - [MESSAGE][PASSED] - Delayed 2 second(s)

2019-01-03 12:58:11 - [TEST_STEP][PASSED] - click: Object: 'Object Repository/Final Object Repo/Page_Form 1A - Cessation As Employer/Set Latest - Yes' is clicked on

2019-01-03 12:58:11 - [MESSAGE][PASSED] - Object: 'Object Repository/Final Object Repo/Page_Form 1A - Cessation As Employer/Set Latest - Yes' is clicked on

2019-01-03 12:58:11 - [TEST_STEP][PASSED] - delay: Delayed 2 second(s)

2019-01-03 12:58:13 - [MESSAGE][PASSED] - Delayed 2 second(s)

2019-01-03 12:58:13 - [TEST_STEP][PASSED] - click: Object: 'Object Repository/Final Object Repo/Page_Form 1A - Cessation As Employer/Add Document' is clicked on

2019-01-03 12:58:15 - [MESSAGE][PASSED] - Object: 'Object Repository/Final Object Repo/Page_Form 1A - Cessation As Employer/Add Document' is clicked on

2019-01-03 12:58:15 - [TEST_STEP][PASSED] - delay: Delayed 3 second(s)

2019-01-03 12:58:18 - [MESSAGE][PASSED] - Delayed 3 second(s)

2019-01-03 12:58:18 - [TEST_STEP][PASSED] - click: Object: 'Object Repository/Final Object Repo/Page_Form 1A - Cessation As Employer/Document Type' is clicked on

2019-01-03 12:58:18 - [MESSAGE][PASSED] - Object: 'Object Repository/Final Object Repo/Page_Form 1A - Cessation As Employer/Document Type' is clicked on

2019-01-03 12:58:18 - [TEST_STEP][PASSED] - delay: Delayed 2 second(s)

2019-01-03 12:58:20 - [MESSAGE][PASSED] - Delayed 2 second(s)

2019-01-03 12:58:20 - [TEST_STEP][PASSED] - click: Object: 'Object Repository/Final Object Repo/Page_Form 1A - Cessation As Employer/Document Type - Supporting Document For Cessation' is clicked on

2019-01-03 12:58:20 - [MESSAGE][PASSED] - Object: 'Object Repository/Final Object Repo/Page_Form 1A - Cessation As Employer/Document Type - Supporting Document For Cessation' is clicked on

2019-01-03 12:58:20 - [TEST_STEP][PASSED] - delay: Delayed 2 second(s)

2019-01-03 12:58:22 - [MESSAGE][PASSED] - Delayed 2 second(s)

2019-01-03 12:58:22 - [TEST_STEP][PASSED] - sendKeys: Keys 'C:\Users\Public\Pictures\Sample Pictures\Koala.jpg' sent to object: 'Object Repository/Final Object Repo/Page_Form 1A - Cessation As Employer/Uploading File'

2019-01-03 12:58:22 - [MESSAGE][PASSED] - Keys 'C:\Users\Public\Pictures\Sample Pictures\Koala.jpg' sent to object: 'Object Repository/Final Object Repo/Page_Form 1A - Cessation As Employer/Uploading File'

2019-01-03 12:58:22 - [TEST_STEP][PASSED] - delay: Delayed 2 second(s)

2019-01-03 12:58:24 - [MESSAGE][PASSED] - Delayed 2 second(s)

2019-01-03 12:58:24 - [TEST_STEP][PASSED] - click: Object: 'Object Repository/Final Object Repo/Page_Form 1A - Cessation As Employer/Add Document in Uploading Page' is clicked on

2019-01-03 12:58:24 - [MESSAGE][PASSED] - Object: 'Object Repository/Final Object Repo/Page_Form 1A - Cessation As Employer/Add Document in Uploading Page' is clicked on

2019-01-03 12:58:24 - [TEST_STEP][PASSED] - delay: Delayed 2 second(s)

2019-01-03 12:58:26 - [MESSAGE][PASSED] - Delayed 2 second(s)

2019-01-03 12:58:26 - [TEST_STEP][PASSED] - click: Object: 'Object Repository/Final Object Repo/Page_Form 1A - Cessation As Employer/Save  Continue in Uploading Page' is clicked on

2019-01-03 12:58:28 - [MESSAGE][PASSED] - Object: 'Object Repository/Final Object Repo/Page_Form 1A - Cessation As Employer/Save  Continue in Uploading Page' is clicked on

2019-01-03 12:58:28 - [TEST_STEP][PASSED] - delay: Delayed 2 second(s)

2019-01-03 12:58:30 - [MESSAGE][PASSED] - Delayed 2 second(s)

2019-01-03 12:58:30 - [TEST_STEP][PASSED] - click: Object: 'Object Repository/Final Object Repo/Page_Form 1A - Cessation As Employer/Submit2' is clicked on

2019-01-03 12:58:34 - [MESSAGE][PASSED] - Object: 'Object Repository/Final Object Repo/Page_Form 1A - Cessation As Employer/Submit2' is clicked on

2019-01-03 12:58:34 - [TEST_STEP][PASSED] - delay: Delayed 2 second(s)

2019-01-03 12:58:36 - [MESSAGE][PASSED] - Delayed 2 second(s)

2019-01-03 12:58:36 - [TEST_STEP][PASSED] - click: Object: 'Object Repository/Final Object Repo/Page_Form 1A - Cessation As Employer/Confirm' is clicked on

2019-01-03 12:58:36 - [MESSAGE][PASSED] - Object: 'Object Repository/Final Object Repo/Page_Form 1A - Cessation As Employer/Confirm' is clicked on

2019-01-03 12:58:36 - [TEST_STEP][PASSED] - delay: Delayed 2 second(s)

2019-01-03 12:58:38 - [MESSAGE][PASSED] - Delayed 2 second(s)

2019-01-03 12:58:38 - [TEST_STEP][PASSED] - verifyElementVisible: Object 'Object Repository/Final Object Repo/Page_Form 1A - Cessation As Employer/Message Your Request will be routed to UO' is visible

2019-01-03 12:58:42 - [MESSAGE][PASSED] - Object 'Object Repository/Final Object Repo/Page_Form 1A - Cessation As Employer/Message Your Request will be routed to UO' is visible

2019-01-03 12:58:42 - [TEST_STEP][PASSED] - delay: Delayed 1 second(s)

2019-01-03 12:58:43 - [MESSAGE][PASSED] - Delayed 1 second(s)

2019-01-03 12:58:43 - [TEST_STEP][PASSED] - verifyElementVisible: Object 'Object Repository/Final Object Repo/Page_Form 1A - Cessation As Employer/Letter of acknowledgement' is visible

2019-01-03 12:58:43 - [MESSAGE][PASSED] - Object 'Object Repository/Final Object Repo/Page_Form 1A - Cessation As Employer/Letter of acknowledgement' is visible

2019-01-03 12:58:43 - [MESSAGE][PASSED] - Call Test Case 'Test Cases/Final Aug 2018 - PKS Automation/Registration Module/Workflow/Form 1A - Cessation As Employer/Template/Form 1 A - Cessation As Employer (Employer)' successfully

2019-01-03 12:58:43 - [TEST_STEP][PASSED] - callTestCase: Call Test Case 'Test Cases/Final Aug 2018 - PKS Automation/Registration Module/Workflow/Form 1A - Cessation As Employer/Template/Form 1 A - Cessation As Employer (Query)' successfully

2019-01-03 12:58:43 - [TEST_CASE][PASSED] - Test Cases/Final Aug 2018 - PKS Automation/Registration Module/Workflow/Form 1A - Cessation As Employer/Template/Form 1 A - Cessation As Employer (Query): Test Cases/Final Aug 2018 - PKS Automation/Registration Module/Workflow/Form 1A - Cessation As Employer/Template/Form 1 A - Cessation As Employer (Query)

2019-01-03 12:58:44 - [TEST_STEP][NOT_RUN] - callTestCase: NOT_RUN: callTestCase

2019-01-03 12:58:44 - [MESSAGE][NOT_RUN] - NOT_RUN: callTestCase

2019-01-03 12:58:44 - [TEST_STEP][PASSED] - delay: Delayed 1 second(s)

2019-01-03 12:58:45 - [MESSAGE][PASSED] - Delayed 1 second(s)

2019-01-03 12:58:45 - [TEST_STEP][PASSED] - navigateToUrl: Navigate to 'https://assist2-uat.perkeso.gov.my/c/portal/logout' successfully

2019-01-03 12:58:45 - [MESSAGE][PASSED] - Navigate to 'https://assist2-uat.perkeso.gov.my/c/portal/logout' successfully

2019-01-03 12:58:45 - [TEST_STEP][PASSED] - delay: Delayed 1 second(s)

2019-01-03 12:58:46 - [MESSAGE][PASSED] - Delayed 1 second(s)

2019-01-03 12:58:46 - [TEST_STEP][PASSED] - callTestCase: Call Test Case 'Test Cases/Final Aug 2018 - PKS Automation/Common/Reference Number Getter' successfully

2019-01-03 12:58:46 - [TEST_CASE][PASSED] - Test Cases/Final Aug 2018 - PKS Automation/Common/Reference Number Getter: Test Cases/Final Aug 2018 - PKS Automation/Common/Reference Number Getter

2019-01-03 12:58:46 - [TEST_STEP][PASSED] - Statement - Try: null

2019-01-03 12:58:46 - [TEST_STEP][PASSED] - Statement - RefNo = new java.io.File(C://Users//Admin//Desktop//PKS//Automation Reference Point//KatalonReference.txt): null

2019-01-03 12:58:46 - [TEST_STEP][PASSED] - Statement - bufferread = new java.io.BufferedReader(new java.io.FileReader(RefNo)): null

2019-01-03 12:58:46 - [TEST_STEP][PASSED] - Statement - readedVal = bufferread.readLine(): null

2019-01-03 12:58:46 - [TEST_STEP][PASSED] - Statement - out.println(CaseReferenceNo): null

2019-01-03 12:58:46 - [TEST_STEP][PASSED] - Statement - out.println(readedVal): null

2019-01-03 12:58:46 - [TEST_STEP][PASSED] - Statement - CaseReferenceNo = "": null

2019-01-03 12:58:46 - [TEST_STEP][PASSED] - Statement - CaseReferenceNo = readedVal: null

2019-01-03 12:58:46 - [MESSAGE][PASSED] - Call Test Case 'Test Cases/Final Aug 2018 - PKS Automation/Common/Reference Number Getter' successfully

2019-01-03 12:58:46 - [TEST_STEP][PASSED] - callTestCase: Call Test Case 'Test Cases/Final Aug 2018 - PKS Automation/Common/Workflow Owner Finder' successfully

2019-01-03 12:58:47 - [TEST_CASE][PASSED] - Test Cases/Final Aug 2018 - PKS Automation/Common/Workflow Owner Finder: Test Cases/Final Aug 2018 - PKS Automation/Common/Workflow Owner Finder

2019-01-03 12:58:47 - [TEST_STEP][PASSED] - openBrowser: Browser is opened with url: ''

2019-01-03 12:58:47 - [MESSAGE][WARNING] - A browser is already opened. Closing browser and opening a new one

2019-01-03 12:58:49 - [MESSAGE][PASSED] - Browser is opened with url: ''

2019-01-03 12:58:49 - [TEST_STEP][PASSED] - navigateToUrl: Navigate to 'https://assist2-uat.perkeso.gov.my/login' successfully

2019-01-03 12:58:50 - [MESSAGE][PASSED] - Navigate to 'https://assist2-uat.perkeso.gov.my/login' successfully

2019-01-03 12:58:50 - [TEST_STEP][PASSED] - delay: Delayed 5 second(s)

2019-01-03 12:58:55 - [MESSAGE][PASSED] - Delayed 5 second(s)

2019-01-03 12:58:55 - [TEST_STEP][PASSED] - setText: Text 'test@liferay.com' is set on object 'Object Repository/Final Object Repo/Login Page/Internal User/Email Address'

2019-01-03 12:58:56 - [MESSAGE][PASSED] - Text 'test@liferay.com' is set on object 'Object Repository/Final Object Repo/Login Page/Internal User/Email Address'

2019-01-03 12:58:56 - [TEST_STEP][PASSED] - click: Object: 'Object Repository/Final Object Repo/Login Page/Internal User/Next Button' is clicked on

2019-01-03 12:58:56 - [MESSAGE][PASSED] - Object: 'Object Repository/Final Object Repo/Login Page/Internal User/Next Button' is clicked on

2019-01-03 12:58:56 - [TEST_STEP][PASSED] - delay: Delayed 2 second(s)

2019-01-03 12:58:58 - [MESSAGE][PASSED] - Delayed 2 second(s)

2019-01-03 12:58:58 - [TEST_STEP][PASSED] - setText: Text 'test' is set on object 'Object Repository/Final Object Repo/Login Page/Internal User/Password'

2019-01-03 12:58:58 - [MESSAGE][PASSED] - Text 'test' is set on object 'Object Repository/Final Object Repo/Login Page/Internal User/Password'

2019-01-03 12:58:58 - [TEST_STEP][PASSED] - delay: Delayed 2 second(s)

2019-01-03 12:59:00 - [MESSAGE][PASSED] - Delayed 2 second(s)

2019-01-03 12:59:00 - [TEST_STEP][PASSED] - click: Object: 'Object Repository/Final Object Repo/Login Page/Internal User/Login Button' is clicked on

2019-01-03 12:59:00 - [MESSAGE][PASSED] - Object: 'Object Repository/Final Object Repo/Login Page/Internal User/Login Button' is clicked on

2019-01-03 12:59:00 - [TEST_STEP][PASSED] - Statement - tester = com.kms.katalon.core.testobject.ObjectRepository.findTestObject(Final Object Repo/Landing Page/Select to English): Finding Test Object with id 'Object Repository/Final Object Repo/Landing Page/Select to English'

2019-01-03 12:59:00 - [TEST_STEP][PASSED] - Statement - Try: Delayed 2 second(s)

2019-01-03 12:59:00 - [TEST_STEP][PASSED] - Statement - Checker = com.kms.katalon.core.webui.keyword.WebUiBuiltInKeywords.verifyElementNotPresent(tester, 3): Web element with id: 'Object Repository/Final Object Repo/Landing Page/Select to English' located by 'By.xpath: //a[@class = 'taglib-language-list-text' and @lang = 'en-US' and (contains(text(), 'EN') or contains(., 'EN'))]' is not present after '3' second(s)

2019-01-03 12:59:02 - [MESSAGE][PASSED] - Web element with id: 'Object Repository/Final Object Repo/Landing Page/Select to English' located by 'By.xpath: //a[@class = 'taglib-language-list-text' and @lang = 'en-US' and (contains(text(), 'EN') or contains(., 'EN'))]' is not present after '3' second(s)

2019-01-03 12:59:02 - [TEST_STEP][PASSED] - Statement - If (Checker == false): null

2019-01-03 12:59:02 - [TEST_STEP][PASSED] - delay: Delayed 2 second(s)

2019-01-03 12:59:04 - [MESSAGE][PASSED] - Delayed 2 second(s)

2019-01-03 12:59:04 - [TEST_STEP][PASSED] - delay: Delayed 5 second(s)

2019-01-03 12:59:09 - [MESSAGE][PASSED] - Delayed 5 second(s)

2019-01-03 12:59:09 - [TEST_STEP][PASSED] - mouseOver: Object: 'Object Repository/Final Object Repo/Landing Page/WorkFlow Menu' is hovered

2019-01-03 12:59:09 - [MESSAGE][PASSED] - Object: 'Object Repository/Final Object Repo/Landing Page/WorkFlow Menu' is hovered

2019-01-03 12:59:09 - [TEST_STEP][PASSED] - delay: Delayed 2 second(s)

2019-01-03 12:59:11 - [MESSAGE][PASSED] - Delayed 2 second(s)

2019-01-03 12:59:11 - [TEST_STEP][PASSED] - click: Object: 'Object Repository/Final Object Repo/Landing Page/Select to Workflow Listing' is clicked on

2019-01-03 12:59:12 - [MESSAGE][PASSED] - Object: 'Object Repository/Final Object Repo/Landing Page/Select to Workflow Listing' is clicked on

2019-01-03 12:59:12 - [TEST_STEP][PASSED] - delay: Delayed 2 second(s)

2019-01-03 12:59:14 - [MESSAGE][PASSED] - Delayed 2 second(s)

2019-01-03 12:59:14 - [TEST_STEP][PASSED] - click: Object: 'Object Repository/Final Object Repo/WorkFlow Listing Page/Search Information - To Put Ref No' is clicked on

2019-01-03 12:59:14 - [MESSAGE][PASSED] - Object: 'Object Repository/Final Object Repo/WorkFlow Listing Page/Search Information - To Put Ref No' is clicked on

2019-01-03 12:59:14 - [TEST_STEP][PASSED] - delay: Delayed 2 second(s)

2019-01-03 12:59:16 - [MESSAGE][PASSED] - Delayed 2 second(s)

2019-01-03 12:59:16 - [TEST_STEP][PASSED] - callTestCase: Call Test Case 'Test Cases/Final Aug 2018 - PKS Automation/Common/Reference Number Getter' successfully

2019-01-03 12:59:16 - [TEST_CASE][PASSED] - Test Cases/Final Aug 2018 - PKS Automation/Common/Reference Number Getter: Test Cases/Final Aug 2018 - PKS Automation/Common/Reference Number Getter

2019-01-03 12:59:16 - [TEST_STEP][PASSED] - Statement - Try: null

2019-01-03 12:59:16 - [TEST_STEP][PASSED] - Statement - RefNo = new java.io.File(C://Users//Admin//Desktop//PKS//Automation Reference Point//KatalonReference.txt): null

2019-01-03 12:59:16 - [TEST_STEP][PASSED] - Statement - bufferread = new java.io.BufferedReader(new java.io.FileReader(RefNo)): null

2019-01-03 12:59:16 - [TEST_STEP][PASSED] - Statement - readedVal = bufferread.readLine(): null

2019-01-03 12:59:16 - [TEST_STEP][PASSED] - Statement - out.println(CaseReferenceNo): null

2019-01-03 12:59:16 - [TEST_STEP][PASSED] - Statement - out.println(readedVal): null

2019-01-03 12:59:16 - [TEST_STEP][PASSED] - Statement - CaseReferenceNo = "": null

2019-01-03 12:59:16 - [TEST_STEP][PASSED] - Statement - CaseReferenceNo = readedVal: null

2019-01-03 12:59:16 - [MESSAGE][PASSED] - Call Test Case 'Test Cases/Final Aug 2018 - PKS Automation/Common/Reference Number Getter' successfully

2019-01-03 12:59:16 - [TEST_STEP][PASSED] - setText: Text 'CUN012019C200001791' is set on object 'Object Repository/Final Object Repo/WorkFlow Listing Page/Ref No Set Text'

2019-01-03 12:59:17 - [MESSAGE][PASSED] - Text 'CUN012019C200001791' is set on object 'Object Repository/Final Object Repo/WorkFlow Listing Page/Ref No Set Text'

2019-01-03 12:59:17 - [TEST_STEP][PASSED] - delay: Delayed 2 second(s)

2019-01-03 12:59:19 - [MESSAGE][PASSED] - Delayed 2 second(s)

2019-01-03 12:59:19 - [TEST_STEP][PASSED] - click: Object: 'Object Repository/Final Object Repo/WorkFlow Listing Page/Search Ref No Search Button' is clicked on

2019-01-03 12:59:19 - [MESSAGE][PASSED] - Object: 'Object Repository/Final Object Repo/WorkFlow Listing Page/Search Ref No Search Button' is clicked on

2019-01-03 12:59:19 - [TEST_STEP][PASSED] - delay: Delayed 6 second(s)

2019-01-03 12:59:25 - [MESSAGE][PASSED] - Delayed 6 second(s)

2019-01-03 12:59:25 - [TEST_STEP][PASSED] - click: Object: 'Object Repository/Final Object Repo/WorkFlow Listing Page/Click Continue Tooltip' is clicked on

2019-01-03 12:59:26 - [MESSAGE][PASSED] - Object: 'Object Repository/Final Object Repo/WorkFlow Listing Page/Click Continue Tooltip' is clicked on

2019-01-03 12:59:26 - [TEST_STEP][PASSED] - delay: Delayed 5 second(s)

2019-01-03 12:59:31 - [MESSAGE][PASSED] - Delayed 5 second(s)

2019-01-03 12:59:31 - [TEST_STEP][PASSED] - doubleClick: Object: 'Object Repository/Final Object Repo/WorkFlow Listing Page/Workflow Found - Listing 1' is double clicked on

2019-01-03 12:59:31 - [MESSAGE][PASSED] - Object: 'Object Repository/Final Object Repo/WorkFlow Listing Page/Workflow Found - Listing 1' is double clicked on

2019-01-03 12:59:31 - [TEST_STEP][PASSED] - Statement - println(OwnerID): null

2019-01-03 12:59:31 - [TEST_STEP][PASSED] - Statement - OwnerID = com.kms.katalon.core.webui.keyword.WebUiBuiltInKeywords.getText(com.kms.katalon.core.testobject.ObjectRepository.findTestObject(Final Object Repo/WorkFlow Listing Page/Workflow Found - Listing 1), STOP_ON_FAILURE): Text of object 'Object Repository/Final Object Repo/WorkFlow Listing Page/Workflow Found - Listing 1' is: 'JOHORuo1'

2019-01-03 12:59:31 - [MESSAGE][PASSED] - Text of object 'Object Repository/Final Object Repo/WorkFlow Listing Page/Workflow Found - Listing 1' is: 'JOHORuo1'

2019-01-03 12:59:31 - [TEST_STEP][PASSED] - Statement - OwnerID = OwnerID.toLowerCase() + "@gmail.com": null

2019-01-03 12:59:31 - [TEST_STEP][PASSED] - Statement - println(OwnerID): null

2019-01-03 12:59:31 - [TEST_STEP][PASSED] - delay: Delayed 2 second(s)

2019-01-03 12:59:33 - [MESSAGE][PASSED] - Delayed 2 second(s)

2019-01-03 12:59:33 - [MESSAGE][PASSED] - Call Test Case 'Test Cases/Final Aug 2018 - PKS Automation/Common/Workflow Owner Finder' successfully

2019-01-03 12:59:33 - [TEST_STEP][PASSED] - delay: Delayed 1 second(s)

2019-01-03 12:59:34 - [MESSAGE][PASSED] - Delayed 1 second(s)

2019-01-03 12:59:34 - [TEST_STEP][PASSED] - navigateToUrl: Navigate to 'https://assist2-uat.perkeso.gov.my/c/portal/logout' successfully

2019-01-03 12:59:35 - [MESSAGE][PASSED] - Navigate to 'https://assist2-uat.perkeso.gov.my/c/portal/logout' successfully

2019-01-03 12:59:35 - [TEST_STEP][PASSED] - delay: Delayed 1 second(s)

2019-01-03 12:59:36 - [MESSAGE][PASSED] - Delayed 1 second(s)

2019-01-03 12:59:36 - [TEST_STEP][PASSED] - callTestCase: Call Test Case 'Test Cases/Final Aug 2018 - PKS Automation/Registration Module/Workflow/Login and Search Case For Workflow' successfully

2019-01-03 12:59:36 - [TEST_CASE][PASSED] - Test Cases/Final Aug 2018 - PKS Automation/Registration Module/Workflow/Login and Search Case For Workflow: Test Cases/Final Aug 2018 - PKS Automation/Registration Module/Workflow/Login and Search Case For Workflow

2019-01-03 12:59:36 - [TEST_STEP][PASSED] - navigateToUrl: Navigate to 'https://assist2-uat.perkeso.gov.my/login' successfully

2019-01-03 12:59:37 - [MESSAGE][PASSED] - Navigate to 'https://assist2-uat.perkeso.gov.my/login' successfully

2019-01-03 12:59:37 - [TEST_STEP][PASSED] - setText: Text 'johoruo1@gmail.com' is set on object 'Object Repository/Final Object Repo/Login Page/Internal User/Email Address'

2019-01-03 12:59:37 - [MESSAGE][PASSED] - Text 'johoruo1@gmail.com' is set on object 'Object Repository/Final Object Repo/Login Page/Internal User/Email Address'

2019-01-03 12:59:37 - [TEST_STEP][PASSED] - click: Object: 'Object Repository/Final Object Repo/Login Page/Internal User/Next Button' is clicked on

2019-01-03 12:59:37 - [MESSAGE][PASSED] - Object: 'Object Repository/Final Object Repo/Login Page/Internal User/Next Button' is clicked on

2019-01-03 12:59:37 - [TEST_STEP][PASSED] - delay: Delayed 1 second(s)

2019-01-03 12:59:38 - [MESSAGE][PASSED] - Delayed 1 second(s)

2019-01-03 12:59:38 - [TEST_STEP][PASSED] - setEncryptedText: Text ****** has been set on object 'Object Repository/Final Object Repo/Login Page/Internal User/Password'

2019-01-03 12:59:38 - [MESSAGE][PASSED] - Text ****** has been set on object 'Object Repository/Final Object Repo/Login Page/Internal User/Password'

2019-01-03 12:59:38 - [TEST_STEP][PASSED] - click: Object: 'Object Repository/Final Object Repo/Login Page/Internal User/Login Button' is clicked on

2019-01-03 12:59:38 - [MESSAGE][PASSED] - Object: 'Object Repository/Final Object Repo/Login Page/Internal User/Login Button' is clicked on

2019-01-03 12:59:38 - [TEST_STEP][PASSED] - delay: Delayed 2 second(s)

2019-01-03 12:59:40 - [MESSAGE][PASSED] - Delayed 2 second(s)

2019-01-03 12:59:40 - [TEST_STEP][PASSED] - Statement - Try: Delayed 2 second(s)

2019-01-03 12:59:40 - [TEST_STEP][PASSED] - Statement - Checker = false: null

2019-01-03 12:59:40 - [TEST_STEP][PASSED] - Statement - Checker = com.kms.katalon.core.webui.keyword.WebUiBuiltInKeywords.verifyElementHasAttribute(com.kms.katalon.core.testobject.ObjectRepository.findTestObject(Final Object Repo/Landing Page/BM Detecting), "href", 20, OPTIONAL): Object 'Object Repository/Final Object Repo/Landing Page/BM Detecting' has attribute 'href'

2019-01-03 12:59:40 - [MESSAGE][PASSED] - Object 'Object Repository/Final Object Repo/Landing Page/BM Detecting' has attribute 'href'

2019-01-03 12:59:40 - [TEST_STEP][PASSED] - Statement - out.println(Checker): null

2019-01-03 12:59:40 - [TEST_STEP][PASSED] - Statement - If (Checker == false): null

2019-01-03 12:59:40 - [TEST_STEP][PASSED] - Statement - Else: null

2019-01-03 12:59:40 - [TEST_STEP][PASSED] - delay: Delayed 2 second(s)

2019-01-03 12:59:42 - [MESSAGE][PASSED] - Delayed 2 second(s)

2019-01-03 12:59:42 - [TEST_STEP][PASSED] - click: Object: 'Object Repository/Final Object Repo/Page_MyASSIST - ASSIST - Search Pending Case For Add Supporting Document/Search Information' is clicked on

2019-01-03 12:59:43 - [MESSAGE][PASSED] - Object: 'Object Repository/Final Object Repo/Page_MyASSIST - ASSIST - Search Pending Case For Add Supporting Document/Search Information' is clicked on

2019-01-03 12:59:43 - [TEST_STEP][PASSED] - delay: Delayed 3 second(s)

2019-01-03 12:59:46 - [MESSAGE][PASSED] - Delayed 3 second(s)

2019-01-03 12:59:46 - [TEST_STEP][PASSED] - sendKeys: Keys 'CUN012019C200001791' sent to object: 'Object Repository/Final Object Repo/Page_MyASSIST - ASSIST - Search Pending Case For Add Supporting Document/Reference No'

2019-01-03 12:59:46 - [MESSAGE][PASSED] - Keys 'CUN012019C200001791' sent to object: 'Object Repository/Final Object Repo/Page_MyASSIST - ASSIST - Search Pending Case For Add Supporting Document/Reference No'

2019-01-03 12:59:46 - [TEST_STEP][PASSED] - click: Object: 'Object Repository/Final Object Repo/Page_MyASSIST - ASSIST - Search Pending Case For Add Supporting Document/Search Reference No' is clicked on

2019-01-03 12:59:46 - [MESSAGE][PASSED] - Object: 'Object Repository/Final Object Repo/Page_MyASSIST - ASSIST - Search Pending Case For Add Supporting Document/Search Reference No' is clicked on

2019-01-03 12:59:46 - [TEST_STEP][PASSED] - delay: Delayed 2 second(s)

2019-01-03 12:59:48 - [MESSAGE][PASSED] - Delayed 2 second(s)

2019-01-03 12:59:48 - [TEST_STEP][PASSED] - click: Object: 'Object Repository/Final Object Repo/Page_MyASSIST - ASSIST - Search Pending Case For Add Supporting Document/Continue' is clicked on

2019-01-03 12:59:51 - [MESSAGE][PASSED] - Object: 'Object Repository/Final Object Repo/Page_MyASSIST - ASSIST - Search Pending Case For Add Supporting Document/Continue' is clicked on

2019-01-03 12:59:51 - [TEST_STEP][PASSED] - delay: Delayed 20 second(s)

2019-01-03 13:00:11 - [MESSAGE][PASSED] - Delayed 20 second(s)

2019-01-03 13:00:11 - [MESSAGE][PASSED] - Call Test Case 'Test Cases/Final Aug 2018 - PKS Automation/Registration Module/Workflow/Login and Search Case For Workflow' successfully

2019-01-03 13:00:11 - [TEST_STEP][PASSED] - click: Object: 'Object Repository/Final Object Repo/Page_Form 1A - Cessation As Employer/Page_Form 1A - Cessation As Employer (Approve)/Save  Continue in Form 1A Page' is clicked on

2019-01-03 13:00:12 - [MESSAGE][PASSED] - Object: 'Object Repository/Final Object Repo/Page_Form 1A - Cessation As Employer/Page_Form 1A - Cessation As Employer (Approve)/Save  Continue in Form 1A Page' is clicked on

2019-01-03 13:00:12 - [TEST_STEP][PASSED] - delay: Delayed 2 second(s)

2019-01-03 13:00:14 - [MESSAGE][PASSED] - Delayed 2 second(s)

2019-01-03 13:00:14 - [TEST_STEP][PASSED] - click: Object: 'Object Repository/Final Object Repo/Page_Form 1A - Cessation As Employer/Employment Resign Date' is clicked on

2019-01-03 13:00:14 - [MESSAGE][PASSED] - Object: 'Object Repository/Final Object Repo/Page_Form 1A - Cessation As Employer/Employment Resign Date' is clicked on

2019-01-03 13:00:14 - [TEST_STEP][PASSED] - delay: Delayed 1 second(s)

2019-01-03 13:00:15 - [MESSAGE][PASSED] - Delayed 1 second(s)

2019-01-03 13:00:15 - [TEST_STEP][PASSED] - selectOptionByValue: All options with value '2030' are selected in object 'Object Repository/Final Object Repo/Page_Form 1A - Cessation As Employer/Employment Resign Date - Year' 

2019-01-03 13:00:15 - [MESSAGE][PASSED] - All options with value '2030' are selected in object 'Object Repository/Final Object Repo/Page_Form 1A - Cessation As Employer/Employment Resign Date - Year' 

2019-01-03 13:00:15 - [TEST_STEP][PASSED] - delay: Delayed 1 second(s)

2019-01-03 13:00:16 - [MESSAGE][PASSED] - Delayed 1 second(s)

2019-01-03 13:00:16 - [TEST_STEP][PASSED] - click: Object: 'Object Repository/Final Object Repo/Page_Form 1A - Cessation As Employer/Employment Resign Date - Year - Date' is clicked on

2019-01-03 13:00:16 - [MESSAGE][PASSED] - Object: 'Object Repository/Final Object Repo/Page_Form 1A - Cessation As Employer/Employment Resign Date - Year - Date' is clicked on

2019-01-03 13:00:16 - [TEST_STEP][PASSED] - delay: Delayed 2 second(s)

2019-01-03 13:00:18 - [MESSAGE][PASSED] - Delayed 2 second(s)

2019-01-03 13:00:18 - [TEST_STEP][PASSED] - click: Object: 'Object Repository/Final Object Repo/Page_Form 1A - Cessation As Employer/Page_Form 1A - Cessation As Employer (Approve)/Save  Continue in Update Add Employee Resigned Date Page' is clicked on

2019-01-03 13:00:19 - [MESSAGE][PASSED] - Object: 'Object Repository/Final Object Repo/Page_Form 1A - Cessation As Employer/Page_Form 1A - Cessation As Employer (Approve)/Save  Continue in Update Add Employee Resigned Date Page' is clicked on

2019-01-03 13:00:19 - [TEST_STEP][PASSED] - delay: Delayed 2 second(s)

2019-01-03 13:00:21 - [MESSAGE][PASSED] - Delayed 2 second(s)

2019-01-03 13:00:21 - [TEST_STEP][PASSED] - click: Object: 'Object Repository/Final Object Repo/Page_Form 1A - Cessation As Employer/Set Latest - Yes' is clicked on

2019-01-03 13:00:21 - [MESSAGE][PASSED] - Object: 'Object Repository/Final Object Repo/Page_Form 1A - Cessation As Employer/Set Latest - Yes' is clicked on

2019-01-03 13:00:21 - [TEST_STEP][PASSED] - delay: Delayed 2 second(s)

2019-01-03 13:00:23 - [MESSAGE][PASSED] - Delayed 2 second(s)

2019-01-03 13:00:23 - [TEST_STEP][PASSED] - setText: Text 'remark' is set on object 'Object Repository/Final Object Repo/Page_Form 1A - Cessation As Employer/Page_Form 1A - Cessation As Employer (Query)/Query - remark'

2019-01-03 13:00:24 - [MESSAGE][PASSED] - Text 'remark' is set on object 'Object Repository/Final Object Repo/Page_Form 1A - Cessation As Employer/Page_Form 1A - Cessation As Employer (Query)/Query - remark'

2019-01-03 13:00:24 - [TEST_STEP][PASSED] - delay: Delayed 2 second(s)

2019-01-03 13:00:26 - [MESSAGE][PASSED] - Delayed 2 second(s)

2019-01-03 13:00:26 - [TEST_STEP][PASSED] - click: Object: 'Object Repository/Final Object Repo/Page_Form 1A - Cessation As Employer/Page_Form 1A - Cessation As Employer (Approve)/Save  Contine in Uploading Document Page' is clicked on

2019-01-03 13:00:26 - [MESSAGE][PASSED] - Object: 'Object Repository/Final Object Repo/Page_Form 1A - Cessation As Employer/Page_Form 1A - Cessation As Employer (Approve)/Save  Contine in Uploading Document Page' is clicked on

2019-01-03 13:00:26 - [TEST_STEP][PASSED] - delay: Delayed 2 second(s)

2019-01-03 13:00:28 - [MESSAGE][PASSED] - Delayed 2 second(s)

2019-01-03 13:00:28 - [TEST_STEP][PASSED] - click: Object: 'Object Repository/Final Object Repo/Page_Form 1A - Cessation As Employer/Page_Form 1A - Cessation As Employer (Query)/Query' is clicked on

2019-01-03 13:00:31 - [MESSAGE][PASSED] - Object: 'Object Repository/Final Object Repo/Page_Form 1A - Cessation As Employer/Page_Form 1A - Cessation As Employer (Query)/Query' is clicked on

2019-01-03 13:00:31 - [TEST_STEP][PASSED] - delay: Delayed 2 second(s)

2019-01-03 13:00:33 - [MESSAGE][PASSED] - Delayed 2 second(s)

2019-01-03 13:00:33 - [TEST_STEP][PASSED] - click: Object: 'Object Repository/Final Object Repo/Page_Form 1A - Cessation As Employer/Page_Form 1A - Cessation As Employer (Query)/Confirm' is clicked on

2019-01-03 13:00:41 - [MESSAGE][PASSED] - Object: 'Object Repository/Final Object Repo/Page_Form 1A - Cessation As Employer/Page_Form 1A - Cessation As Employer (Query)/Confirm' is clicked on

2019-01-03 13:00:41 - [TEST_STEP][PASSED] - delay: Delayed 2 second(s)

2019-01-03 13:00:43 - [MESSAGE][PASSED] - Delayed 2 second(s)

2019-01-03 13:00:43 - [TEST_STEP][PASSED] - verifyElementVisible: Object 'Object Repository/Final Object Repo/Page_Form 1A - Cessation As Employer/Page_Form 1A - Cessation As Employer (Query)/MessageThe Case Is Under Query' is visible

2019-01-03 13:00:43 - [MESSAGE][PASSED] - Object 'Object Repository/Final Object Repo/Page_Form 1A - Cessation As Employer/Page_Form 1A - Cessation As Employer (Query)/MessageThe Case Is Under Query' is visible

2019-01-03 13:00:43 - [TEST_STEP][PASSED] - delay: Delayed 1 second(s)

2019-01-03 13:00:44 - [MESSAGE][PASSED] - Delayed 1 second(s)

2019-01-03 13:00:44 - [TEST_STEP][PASSED] - verifyElementVisible: Object 'Object Repository/Final Object Repo/Page_Form 1A - Cessation As Employer/Page_Form 1A - Cessation As Employer (Query)/Letter of inquiry' is visible

2019-01-03 13:00:44 - [MESSAGE][PASSED] - Object 'Object Repository/Final Object Repo/Page_Form 1A - Cessation As Employer/Page_Form 1A - Cessation As Employer (Query)/Letter of inquiry' is visible

2019-01-03 13:00:44 - [TEST_STEP][PASSED] - delay: Delayed 1 second(s)

2019-01-03 13:00:45 - [MESSAGE][PASSED] - Delayed 1 second(s)

2019-01-03 13:00:45 - [TEST_STEP][PASSED] - navigateToUrl: Navigate to 'https://assist2-uat.perkeso.gov.my/c/portal/logout' successfully

2019-01-03 13:00:45 - [MESSAGE][PASSED] - Navigate to 'https://assist2-uat.perkeso.gov.my/c/portal/logout' successfully

2019-01-03 13:00:45 - [TEST_STEP][PASSED] - delay: Delayed 1 second(s)

2019-01-03 13:00:46 - [MESSAGE][PASSED] - Delayed 1 second(s)

2019-01-03 13:00:46 - [TEST_STEP][PASSED] - callTestCase: Call Test Case 'Test Cases/Final Aug 2018 - PKS Automation/Registration Module/Workflow/Search Pending Case For Add Supporting Document (OTC)' successfully

2019-01-03 13:00:46 - [TEST_CASE][PASSED] - Test Cases/Final Aug 2018 - PKS Automation/Registration Module/Workflow/Search Pending Case For Add Supporting Document (OTC): Test Cases/Final Aug 2018 - PKS Automation/Registration Module/Workflow/Search Pending Case For Add Supporting Document (OTC)

2019-01-03 13:00:47 - [TEST_STEP][PASSED] - openBrowser: Browser is opened with url: ''

2019-01-03 13:00:47 - [MESSAGE][WARNING] - A browser is already opened. Closing browser and opening a new one

2019-01-03 13:00:50 - [MESSAGE][PASSED] - Browser is opened with url: ''

2019-01-03 13:00:50 - [TEST_STEP][PASSED] - navigateToUrl: Navigate to 'https://assist2-uat.perkeso.gov.my/login' successfully

2019-01-03 13:00:51 - [MESSAGE][PASSED] - Navigate to 'https://assist2-uat.perkeso.gov.my/login' successfully

2019-01-03 13:00:51 - [TEST_STEP][PASSED] - setText: Text 'johorotc1@gmail.com' is set on object 'Object Repository/Final Object Repo/Login Page/Internal User/Email Address'

2019-01-03 13:00:51 - [MESSAGE][PASSED] - Text 'johorotc1@gmail.com' is set on object 'Object Repository/Final Object Repo/Login Page/Internal User/Email Address'

2019-01-03 13:00:51 - [TEST_STEP][PASSED] - click: Object: 'Object Repository/Final Object Repo/Login Page/Internal User/Next Button' is clicked on

2019-01-03 13:00:51 - [MESSAGE][PASSED] - Object: 'Object Repository/Final Object Repo/Login Page/Internal User/Next Button' is clicked on

2019-01-03 13:00:51 - [TEST_STEP][PASSED] - delay: Delayed 1 second(s)

2019-01-03 13:00:52 - [MESSAGE][PASSED] - Delayed 1 second(s)

2019-01-03 13:00:52 - [TEST_STEP][PASSED] - setEncryptedText: Text ****** has been set on object 'Object Repository/Final Object Repo/Login Page/Internal User/Password'

2019-01-03 13:00:52 - [MESSAGE][PASSED] - Text ****** has been set on object 'Object Repository/Final Object Repo/Login Page/Internal User/Password'

2019-01-03 13:00:52 - [TEST_STEP][PASSED] - click: Object: 'Object Repository/Final Object Repo/Login Page/Internal User/Login Button' is clicked on

2019-01-03 13:00:53 - [MESSAGE][PASSED] - Object: 'Object Repository/Final Object Repo/Login Page/Internal User/Login Button' is clicked on

2019-01-03 13:00:53 - [TEST_STEP][PASSED] - delay: Delayed 1 second(s)

2019-01-03 13:00:54 - [MESSAGE][PASSED] - Delayed 1 second(s)

2019-01-03 13:00:54 - [TEST_STEP][PASSED] - Statement - Try: Delayed 2 second(s)

2019-01-03 13:00:54 - [TEST_STEP][PASSED] - Statement - Checker = false: null

2019-01-03 13:00:54 - [TEST_STEP][PASSED] - Statement - Checker = com.kms.katalon.core.webui.keyword.WebUiBuiltInKeywords.verifyElementHasAttribute(com.kms.katalon.core.testobject.ObjectRepository.findTestObject(Final Object Repo/Landing Page/BM Detecting), "href", 20, OPTIONAL): Object 'Object Repository/Final Object Repo/Landing Page/BM Detecting' has attribute 'href'

2019-01-03 13:00:55 - [MESSAGE][PASSED] - Object 'Object Repository/Final Object Repo/Landing Page/BM Detecting' has attribute 'href'

2019-01-03 13:00:55 - [TEST_STEP][PASSED] - Statement - out.println(Checker): null

2019-01-03 13:00:55 - [TEST_STEP][PASSED] - Statement - If (Checker == false): null

2019-01-03 13:00:55 - [TEST_STEP][PASSED] - Statement - Else: null

2019-01-03 13:00:55 - [TEST_STEP][PASSED] - delay: Delayed 2 second(s)

2019-01-03 13:00:57 - [MESSAGE][PASSED] - Delayed 2 second(s)

2019-01-03 13:00:57 - [TEST_STEP][PASSED] - navigateToUrl: Navigate to 'https://assist2-uat.perkeso.gov.my/web/registration/search/search-pending-case-for-add-supporting-document' successfully

2019-01-03 13:00:57 - [MESSAGE][PASSED] - Navigate to 'https://assist2-uat.perkeso.gov.my/web/registration/search/search-pending-case-for-add-supporting-document' successfully

2019-01-03 13:00:57 - [TEST_STEP][PASSED] - click: Object: 'Object Repository/Final Object Repo/Page_Search Pending Case For Add Suporting Document/Search By' is clicked on

2019-01-03 13:00:58 - [MESSAGE][PASSED] - Object: 'Object Repository/Final Object Repo/Page_Search Pending Case For Add Suporting Document/Search By' is clicked on

2019-01-03 13:00:58 - [TEST_STEP][PASSED] - click: Object: 'Object Repository/Final Object Repo/Page_Search Pending Case For Add Suporting Document/Search By - Reference ID' is clicked on

2019-01-03 13:00:58 - [MESSAGE][PASSED] - Object: 'Object Repository/Final Object Repo/Page_Search Pending Case For Add Suporting Document/Search By - Reference ID' is clicked on

2019-01-03 13:00:58 - [TEST_STEP][PASSED] - delay: Delayed 2 second(s)

2019-01-03 13:01:00 - [MESSAGE][PASSED] - Delayed 2 second(s)

2019-01-03 13:01:00 - [TEST_STEP][PASSED] - setText: Text 'CUN012019C200001791' is set on object 'Object Repository/Final Object Repo/Page_Search Pending Case For Add Suporting Document/Reference ID'

2019-01-03 13:01:00 - [MESSAGE][PASSED] - Text 'CUN012019C200001791' is set on object 'Object Repository/Final Object Repo/Page_Search Pending Case For Add Suporting Document/Reference ID'

2019-01-03 13:01:00 - [TEST_STEP][PASSED] - click: Object: 'Object Repository/Final Object Repo/Page_Search Pending Case For Add Suporting Document/Search' is clicked on

2019-01-03 13:01:00 - [MESSAGE][PASSED] - Object: 'Object Repository/Final Object Repo/Page_Search Pending Case For Add Suporting Document/Search' is clicked on

2019-01-03 13:01:00 - [TEST_STEP][PASSED] - delay: Delayed 2 second(s)

2019-01-03 13:01:02 - [MESSAGE][PASSED] - Delayed 2 second(s)

2019-01-03 13:01:02 - [TEST_STEP][PASSED] - click: Object: 'Object Repository/Final Object Repo/Page_Search Pending Case For Add Suporting Document/Edit' is clicked on

2019-01-03 13:01:05 - [MESSAGE][PASSED] - Object: 'Object Repository/Final Object Repo/Page_Search Pending Case For Add Suporting Document/Edit' is clicked on

2019-01-03 13:01:05 - [MESSAGE][PASSED] - Call Test Case 'Test Cases/Final Aug 2018 - PKS Automation/Registration Module/Workflow/Search Pending Case For Add Supporting Document (OTC)' successfully

2019-01-03 13:01:05 - [TEST_STEP][PASSED] - click: Object: 'Object Repository/Final Object Repo/Page_Form 1A - Cessation As Employer/Page_Form 1A - Cessation As Employer (Query -OTC -UO)/Next in Form 1A Page' is clicked on

2019-01-03 13:01:07 - [MESSAGE][PASSED] - Object: 'Object Repository/Final Object Repo/Page_Form 1A - Cessation As Employer/Page_Form 1A - Cessation As Employer (Query -OTC -UO)/Next in Form 1A Page' is clicked on

2019-01-03 13:01:07 - [TEST_STEP][PASSED] - delay: Delayed 2 second(s)

2019-01-03 13:01:09 - [MESSAGE][PASSED] - Delayed 2 second(s)

2019-01-03 13:01:09 - [TEST_STEP][PASSED] - click: Object: 'Object Repository/Final Object Repo/Page_Form 1A - Cessation As Employer/Page_Form 1A - Cessation As Employer (Query -OTC -UO)/Next in Resigned Date Page' is clicked on

2019-01-03 13:01:12 - [MESSAGE][PASSED] - Object: 'Object Repository/Final Object Repo/Page_Form 1A - Cessation As Employer/Page_Form 1A - Cessation As Employer (Query -OTC -UO)/Next in Resigned Date Page' is clicked on

2019-01-03 13:01:12 - [TEST_STEP][PASSED] - delay: Delayed 2 second(s)

2019-01-03 13:01:14 - [MESSAGE][PASSED] - Delayed 2 second(s)

2019-01-03 13:01:14 - [TEST_STEP][PASSED] - click: Object: 'Object Repository/Final Object Repo/Page_Form 1A - Cessation As Employer/Page_Form 1A - Cessation As Employer (Query -OTC -UO)/Add Document' is clicked on

2019-01-03 13:01:14 - [MESSAGE][PASSED] - Object: 'Object Repository/Final Object Repo/Page_Form 1A - Cessation As Employer/Page_Form 1A - Cessation As Employer (Query -OTC -UO)/Add Document' is clicked on

2019-01-03 13:01:14 - [TEST_STEP][PASSED] - delay: Delayed 2 second(s)

2019-01-03 13:01:16 - [MESSAGE][PASSED] - Delayed 2 second(s)

2019-01-03 13:01:16 - [TEST_STEP][PASSED] - click: Object: 'Object Repository/Final Object Repo/Page_Form 1A - Cessation As Employer/Page_Form 1A - Cessation As Employer (Query -OTC -UO)/Document Type' is clicked on

2019-01-03 13:01:18 - [MESSAGE][PASSED] - Object: 'Object Repository/Final Object Repo/Page_Form 1A - Cessation As Employer/Page_Form 1A - Cessation As Employer (Query -OTC -UO)/Document Type' is clicked on

2019-01-03 13:01:18 - [TEST_STEP][PASSED] - click: Object: 'Object Repository/Final Object Repo/Page_Form 1A - Cessation As Employer/Page_Form 1A - Cessation As Employer (Query -OTC -UO)/Document Type - Others' is clicked on

2019-01-03 13:01:18 - [MESSAGE][PASSED] - Object: 'Object Repository/Final Object Repo/Page_Form 1A - Cessation As Employer/Page_Form 1A - Cessation As Employer (Query -OTC -UO)/Document Type - Others' is clicked on

2019-01-03 13:01:18 - [TEST_STEP][PASSED] - delay: Delayed 2 second(s)

2019-01-03 13:01:20 - [MESSAGE][PASSED] - Delayed 2 second(s)

2019-01-03 13:01:20 - [TEST_STEP][PASSED] - sendKeys: Keys 'C:\Users\Public\Pictures\Sample Pictures\Koala.jpg' sent to object: 'Object Repository/Final Object Repo/Page_Form 1A - Cessation As Employer/Uploading File'

2019-01-03 13:01:20 - [MESSAGE][PASSED] - Keys 'C:\Users\Public\Pictures\Sample Pictures\Koala.jpg' sent to object: 'Object Repository/Final Object Repo/Page_Form 1A - Cessation As Employer/Uploading File'

2019-01-03 13:01:20 - [TEST_STEP][PASSED] - delay: Delayed 2 second(s)

2019-01-03 13:01:22 - [MESSAGE][PASSED] - Delayed 2 second(s)

2019-01-03 13:01:22 - [TEST_STEP][PASSED] - click: Object: 'Object Repository/Final Object Repo/Page_Form 1A - Cessation As Employer/Page_Form 1A - Cessation As Employer (Query -OTC -UO)/Add Document in Uploading Page' is clicked on

2019-01-03 13:01:22 - [MESSAGE][PASSED] - Object: 'Object Repository/Final Object Repo/Page_Form 1A - Cessation As Employer/Page_Form 1A - Cessation As Employer (Query -OTC -UO)/Add Document in Uploading Page' is clicked on

2019-01-03 13:01:22 - [TEST_STEP][PASSED] - delay: Delayed 4 second(s)

2019-01-03 13:01:26 - [MESSAGE][PASSED] - Delayed 4 second(s)

2019-01-03 13:01:26 - [TEST_STEP][PASSED] - click: Object: 'Object Repository/Final Object Repo/Page_Form 1A - Cessation As Employer/Page_Form 1A - Cessation As Employer (Query -OTC -UO)/Exit' is clicked on

2019-01-03 13:01:27 - [MESSAGE][PASSED] - Object: 'Object Repository/Final Object Repo/Page_Form 1A - Cessation As Employer/Page_Form 1A - Cessation As Employer (Query -OTC -UO)/Exit' is clicked on

2019-01-03 13:01:27 - [TEST_STEP][PASSED] - delay: Delayed 1 second(s)

2019-01-03 13:01:28 - [MESSAGE][PASSED] - Delayed 1 second(s)

2019-01-03 13:01:28 - [TEST_STEP][PASSED] - navigateToUrl: Navigate to 'https://assist2-uat.perkeso.gov.my/c/portal/logout' successfully

2019-01-03 13:01:29 - [MESSAGE][PASSED] - Navigate to 'https://assist2-uat.perkeso.gov.my/c/portal/logout' successfully

2019-01-03 13:01:29 - [TEST_STEP][PASSED] - delay: Delayed 1 second(s)

2019-01-03 13:01:30 - [MESSAGE][PASSED] - Delayed 1 second(s)

2019-01-03 13:01:30 - [TEST_STEP][PASSED] - callTestCase: Call Test Case 'Test Cases/Final Aug 2018 - PKS Automation/Registration Module/Workflow/Login and Search Case For Workflow' successfully

2019-01-03 13:01:30 - [TEST_CASE][PASSED] - Test Cases/Final Aug 2018 - PKS Automation/Registration Module/Workflow/Login and Search Case For Workflow: Test Cases/Final Aug 2018 - PKS Automation/Registration Module/Workflow/Login and Search Case For Workflow

2019-01-03 13:01:30 - [TEST_STEP][PASSED] - navigateToUrl: Navigate to 'https://assist2-uat.perkeso.gov.my/login' successfully

2019-01-03 13:01:30 - [MESSAGE][PASSED] - Navigate to 'https://assist2-uat.perkeso.gov.my/login' successfully

2019-01-03 13:01:30 - [TEST_STEP][PASSED] - setText: Text 'johoruo1@gmail.com' is set on object 'Object Repository/Final Object Repo/Login Page/Internal User/Email Address'

2019-01-03 13:01:31 - [MESSAGE][PASSED] - Text 'johoruo1@gmail.com' is set on object 'Object Repository/Final Object Repo/Login Page/Internal User/Email Address'

2019-01-03 13:01:31 - [TEST_STEP][PASSED] - click: Object: 'Object Repository/Final Object Repo/Login Page/Internal User/Next Button' is clicked on

2019-01-03 13:01:31 - [MESSAGE][PASSED] - Object: 'Object Repository/Final Object Repo/Login Page/Internal User/Next Button' is clicked on

2019-01-03 13:01:31 - [TEST_STEP][PASSED] - delay: Delayed 1 second(s)

2019-01-03 13:01:32 - [MESSAGE][PASSED] - Delayed 1 second(s)

2019-01-03 13:01:32 - [TEST_STEP][PASSED] - setEncryptedText: Text ****** has been set on object 'Object Repository/Final Object Repo/Login Page/Internal User/Password'

2019-01-03 13:01:32 - [MESSAGE][PASSED] - Text ****** has been set on object 'Object Repository/Final Object Repo/Login Page/Internal User/Password'

2019-01-03 13:01:32 - [TEST_STEP][PASSED] - click: Object: 'Object Repository/Final Object Repo/Login Page/Internal User/Login Button' is clicked on

2019-01-03 13:01:32 - [MESSAGE][PASSED] - Object: 'Object Repository/Final Object Repo/Login Page/Internal User/Login Button' is clicked on

2019-01-03 13:01:32 - [TEST_STEP][PASSED] - delay: Delayed 2 second(s)

2019-01-03 13:01:34 - [MESSAGE][PASSED] - Delayed 2 second(s)

2019-01-03 13:01:34 - [TEST_STEP][PASSED] - Statement - Try: Delayed 2 second(s)

2019-01-03 13:01:34 - [TEST_STEP][PASSED] - Statement - Checker = false: null

2019-01-03 13:01:34 - [TEST_STEP][PASSED] - Statement - Checker = com.kms.katalon.core.webui.keyword.WebUiBuiltInKeywords.verifyElementHasAttribute(com.kms.katalon.core.testobject.ObjectRepository.findTestObject(Final Object Repo/Landing Page/BM Detecting), "href", 20, OPTIONAL): Object 'Object Repository/Final Object Repo/Landing Page/BM Detecting' has attribute 'href'

2019-01-03 13:01:34 - [MESSAGE][PASSED] - Object 'Object Repository/Final Object Repo/Landing Page/BM Detecting' has attribute 'href'

2019-01-03 13:01:34 - [TEST_STEP][PASSED] - Statement - out.println(Checker): null

2019-01-03 13:01:34 - [TEST_STEP][PASSED] - Statement - If (Checker == false): null

2019-01-03 13:01:34 - [TEST_STEP][PASSED] - Statement - Else: null

2019-01-03 13:01:34 - [TEST_STEP][PASSED] - delay: Delayed 2 second(s)

2019-01-03 13:01:36 - [MESSAGE][PASSED] - Delayed 2 second(s)

2019-01-03 13:01:36 - [TEST_STEP][PASSED] - click: Object: 'Object Repository/Final Object Repo/Page_MyASSIST - ASSIST - Search Pending Case For Add Supporting Document/Search Information' is clicked on

2019-01-03 13:01:37 - [MESSAGE][PASSED] - Object: 'Object Repository/Final Object Repo/Page_MyASSIST - ASSIST - Search Pending Case For Add Supporting Document/Search Information' is clicked on

2019-01-03 13:01:37 - [TEST_STEP][PASSED] - delay: Delayed 3 second(s)

2019-01-03 13:01:40 - [MESSAGE][PASSED] - Delayed 3 second(s)

2019-01-03 13:01:40 - [TEST_STEP][PASSED] - sendKeys: Keys 'CUN012019C200001791' sent to object: 'Object Repository/Final Object Repo/Page_MyASSIST - ASSIST - Search Pending Case For Add Supporting Document/Reference No'

2019-01-03 13:01:40 - [MESSAGE][PASSED] - Keys 'CUN012019C200001791' sent to object: 'Object Repository/Final Object Repo/Page_MyASSIST - ASSIST - Search Pending Case For Add Supporting Document/Reference No'

2019-01-03 13:01:40 - [TEST_STEP][PASSED] - click: Object: 'Object Repository/Final Object Repo/Page_MyASSIST - ASSIST - Search Pending Case For Add Supporting Document/Search Reference No' is clicked on

2019-01-03 13:01:40 - [MESSAGE][PASSED] - Object: 'Object Repository/Final Object Repo/Page_MyASSIST - ASSIST - Search Pending Case For Add Supporting Document/Search Reference No' is clicked on

2019-01-03 13:01:40 - [TEST_STEP][PASSED] - delay: Delayed 2 second(s)

2019-01-03 13:01:42 - [MESSAGE][PASSED] - Delayed 2 second(s)

2019-01-03 13:01:42 - [TEST_STEP][PASSED] - click: Object: 'Object Repository/Final Object Repo/Page_MyASSIST - ASSIST - Search Pending Case For Add Supporting Document/Continue' is clicked on

2019-01-03 13:01:45 - [MESSAGE][PASSED] - Object: 'Object Repository/Final Object Repo/Page_MyASSIST - ASSIST - Search Pending Case For Add Supporting Document/Continue' is clicked on

2019-01-03 13:01:45 - [TEST_STEP][PASSED] - delay: Delayed 20 second(s)

2019-01-03 13:02:05 - [MESSAGE][PASSED] - Delayed 20 second(s)

2019-01-03 13:02:05 - [MESSAGE][PASSED] - Call Test Case 'Test Cases/Final Aug 2018 - PKS Automation/Registration Module/Workflow/Login and Search Case For Workflow' successfully

2019-01-03 13:02:05 - [TEST_STEP][PASSED] - click: Object: 'Object Repository/Final Object Repo/Page_Form 1A - Cessation As Employer/Page_Form 1A - Cessation As Employer (Approve)/Save  Continue in Form 1A Page' is clicked on

2019-01-03 13:02:05 - [MESSAGE][PASSED] - Object: 'Object Repository/Final Object Repo/Page_Form 1A - Cessation As Employer/Page_Form 1A - Cessation As Employer (Approve)/Save  Continue in Form 1A Page' is clicked on

2019-01-03 13:02:05 - [TEST_STEP][PASSED] - delay: Delayed 3 second(s)

2019-01-03 13:02:08 - [MESSAGE][PASSED] - Delayed 3 second(s)

2019-01-03 13:02:08 - [TEST_STEP][PASSED] - click: Object: 'Object Repository/Final Object Repo/Page_Form 1A - Cessation As Employer/Page_Form 1A - Cessation As Employer (Approve)/Save  Continue in Update Add Employee Resigned Date Page' is clicked on

2019-01-03 13:02:09 - [MESSAGE][PASSED] - Object: 'Object Repository/Final Object Repo/Page_Form 1A - Cessation As Employer/Page_Form 1A - Cessation As Employer (Approve)/Save  Continue in Update Add Employee Resigned Date Page' is clicked on

2019-01-03 13:02:09 - [TEST_STEP][PASSED] - delay: Delayed 3 second(s)

2019-01-03 13:02:12 - [MESSAGE][PASSED] - Delayed 3 second(s)

2019-01-03 13:02:12 - [TEST_STEP][PASSED] - click: Object: 'Object Repository/Final Object Repo/Page_Form 1A - Cessation As Employer/Page_Form 1A - Cessation As Employer (Approve)/Save  Contine in Uploading Document Page' is clicked on

2019-01-03 13:02:12 - [MESSAGE][PASSED] - Object: 'Object Repository/Final Object Repo/Page_Form 1A - Cessation As Employer/Page_Form 1A - Cessation As Employer (Approve)/Save  Contine in Uploading Document Page' is clicked on

2019-01-03 13:02:12 - [TEST_STEP][PASSED] - delay: Delayed 3 second(s)

2019-01-03 13:02:15 - [MESSAGE][PASSED] - Delayed 3 second(s)

2019-01-03 13:02:15 - [TEST_STEP][PASSED] - click: Object: 'Object Repository/Final Object Repo/Page_Form 1A - Cessation As Employer/Page_Form 1A - Cessation As Employer (Approve)/Approve' is clicked on

2019-01-03 13:02:17 - [MESSAGE][PASSED] - Object: 'Object Repository/Final Object Repo/Page_Form 1A - Cessation As Employer/Page_Form 1A - Cessation As Employer (Approve)/Approve' is clicked on

2019-01-03 13:02:17 - [TEST_STEP][PASSED] - delay: Delayed 2 second(s)

2019-01-03 13:02:19 - [MESSAGE][PASSED] - Delayed 2 second(s)

2019-01-03 13:02:19 - [TEST_STEP][PASSED] - click: Object: 'Object Repository/Final Object Repo/Page_Form 1A - Cessation As Employer/Confirm' is clicked on

2019-01-03 13:02:19 - [MESSAGE][PASSED] - Object: 'Object Repository/Final Object Repo/Page_Form 1A - Cessation As Employer/Confirm' is clicked on

2019-01-03 13:02:19 - [TEST_STEP][PASSED] - delay: Delayed 2 second(s)

2019-01-03 13:02:21 - [MESSAGE][PASSED] - Delayed 2 second(s)

2019-01-03 13:02:21 - [TEST_STEP][PASSED] - click: Object: 'Object Repository/Final Object Repo/Page_Form 1A - Cessation As Employer/Page_Form 1A - Cessation As Employer (Approve)/Message Your Request    Form 1A ' is clicked on

2019-01-03 13:02:31 - [MESSAGE][PASSED] - Object: 'Object Repository/Final Object Repo/Page_Form 1A - Cessation As Employer/Page_Form 1A - Cessation As Employer (Approve)/Message Your Request    Form 1A ' is clicked on

2019-01-03 13:02:31 - [TEST_STEP][PASSED] - delay: Delayed 2 second(s)

2019-01-03 13:02:33 - [MESSAGE][PASSED] - Delayed 2 second(s)

2019-01-03 13:02:33 - [TEST_STEP][PASSED] - click: Object: 'Object Repository/Final Object Repo/Page_Form 1A - Cessation As Employer/Page_Form 1A - Cessation As Employer (Approve)/Letter of successful update' is clicked on

2019-01-03 13:02:34 - [MESSAGE][PASSED] - Object: 'Object Repository/Final Object Repo/Page_Form 1A - Cessation As Employer/Page_Form 1A - Cessation As Employer (Approve)/Letter of successful update' is clicked on

2019-01-03 13:02:34 - [MESSAGE][PASSED] - Call Test Case 'Test Cases/Final Aug 2018 - PKS Automation/Registration Module/Workflow/Form 1A - Cessation As Employer/Template/Form 1 A - Cessation As Employer (Query)' successfully]]></system-out>
         <system-err><![CDATA[]]></system-err>
      </testcase>
      <testcase name="Test Cases/Final Aug 2018 - PKS Automation/Registration Module/Workflow/Form 1A - Cessation As Employer/Employer to UO (Reject)" classname="Test Cases/Final Aug 2018 - PKS Automation/Registration Module/Workflow/Form 1A - Cessation As Employer/Employer to UO (Reject)" status="PASSED">
         <system-out><![CDATA[2019-01-03 13:02:34 - [TEST_CASE][PASSED] - Test Cases/Final Aug 2018 - PKS Automation/Registration Module/Workflow/Form 1A - Cessation As Employer/Employer to UO (Reject): Test Cases/Final Aug 2018 - PKS Automation/Registration Module/Workflow/Form 1A - Cessation As Employer/Employer to UO (Reject)

2019-01-03 13:02:34 - [TEST_STEP][PASSED] - callTestCase: Call Test Case 'Test Cases/Final Aug 2018 - PKS Automation/Registration Module/Workflow/Form 1A - Cessation As Employer/Template/Form 1 A - Cessation As Employer (Employer)' successfully

2019-01-03 13:02:34 - [TEST_CASE][PASSED] - Test Cases/Final Aug 2018 - PKS Automation/Registration Module/Workflow/Form 1A - Cessation As Employer/Template/Form 1 A - Cessation As Employer (Employer): Test Cases/Final Aug 2018 - PKS Automation/Registration Module/Workflow/Form 1A - Cessation As Employer/Template/Form 1 A - Cessation As Employer (Employer)

2019-01-03 13:02:34 - [TEST_STEP][PASSED] - callTestCase: Call Test Case 'Test Cases/Final Aug 2018 - PKS Automation/Registration Module/Workflow/Update Add New Employee/Template/New Company for Update Add New - Employer' successfully

2019-01-03 13:02:34 - [TEST_CASE][PASSED] - Test Cases/Final Aug 2018 - PKS Automation/Registration Module/Workflow/Update Add New Employee/Template/New Company for Update Add New - Employer: Test Cases/Final Aug 2018 - PKS Automation/Registration Module/Workflow/Update Add New Employee/Template/New Company for Update Add New - Employer

2019-01-03 13:02:34 - [TEST_STEP][PASSED] - callTestCase: Call Test Case 'Test Cases/Final Aug 2018 - PKS Automation/Create Employer Acc/Create Employer Account' successfully

2019-01-03 13:02:34 - [TEST_CASE][PASSED] - Test Cases/Final Aug 2018 - PKS Automation/Create Employer Acc/Create Employer Account: Test Cases/Final Aug 2018 - PKS Automation/Create Employer Acc/Create Employer Account

2019-01-03 13:02:34 - [TEST_STEP][PASSED] - callTestCase: Call Test Case 'Test Cases/Final Aug 2018 - PKS Automation/Create Employer Acc/Template/Register Employer' successfully

2019-01-03 13:02:34 - [TEST_CASE][PASSED] - Test Cases/Final Aug 2018 - PKS Automation/Create Employer Acc/Template/Register Employer: Test Cases/Final Aug 2018 - PKS Automation/Create Employer Acc/Template/Register Employer

2019-01-03 13:02:34 - [TEST_STEP][PASSED] - openBrowser: Browser is opened with url: ''

2019-01-03 13:02:34 - [MESSAGE][WARNING] - A browser is already opened. Closing browser and opening a new one

2019-01-03 13:02:37 - [MESSAGE][PASSED] - Browser is opened with url: ''

2019-01-03 13:02:37 - [TEST_STEP][PASSED] - navigateToUrl: Navigate to 'https://assist2-uat.perkeso.gov.my/login' successfully

2019-01-03 13:02:38 - [MESSAGE][PASSED] - Navigate to 'https://assist2-uat.perkeso.gov.my/login' successfully

2019-01-03 13:02:38 - [TEST_STEP][PASSED] - setText: Text 'johorotc1@gmail.com' is set on object 'Object Repository/Final Object Repo/Login Page/Internal User/Email Address'

2019-01-03 13:02:38 - [MESSAGE][PASSED] - Text 'johorotc1@gmail.com' is set on object 'Object Repository/Final Object Repo/Login Page/Internal User/Email Address'

2019-01-03 13:02:38 - [TEST_STEP][PASSED] - click: Object: 'Object Repository/Final Object Repo/Login Page/Internal User/Next Button' is clicked on

2019-01-03 13:02:39 - [MESSAGE][PASSED] - Object: 'Object Repository/Final Object Repo/Login Page/Internal User/Next Button' is clicked on

2019-01-03 13:02:39 - [TEST_STEP][PASSED] - delay: Delayed 1 second(s)

2019-01-03 13:02:40 - [MESSAGE][PASSED] - Delayed 1 second(s)

2019-01-03 13:02:40 - [TEST_STEP][PASSED] - setEncryptedText: Text ****** has been set on object 'Object Repository/Final Object Repo/Login Page/Internal User/Password'

2019-01-03 13:02:40 - [MESSAGE][PASSED] - Text ****** has been set on object 'Object Repository/Final Object Repo/Login Page/Internal User/Password'

2019-01-03 13:02:40 - [TEST_STEP][PASSED] - click: Object: 'Object Repository/Final Object Repo/Login Page/Internal User/Login Button' is clicked on

2019-01-03 13:02:40 - [MESSAGE][PASSED] - Object: 'Object Repository/Final Object Repo/Login Page/Internal User/Login Button' is clicked on

2019-01-03 13:02:40 - [TEST_STEP][PASSED] - delay: Delayed 1 second(s)

2019-01-03 13:02:41 - [MESSAGE][PASSED] - Delayed 1 second(s)

2019-01-03 13:02:41 - [TEST_STEP][PASSED] - navigateToUrl: Navigate to 'https://assist2-uat.perkeso.gov.my/web/base/portal-id/registration' successfully

2019-01-03 13:02:43 - [MESSAGE][PASSED] - Navigate to 'https://assist2-uat.perkeso.gov.my/web/base/portal-id/registration' successfully

2019-01-03 13:02:43 - [TEST_STEP][PASSED] - setText: Text 'AUTOMATION EMPLOYER' is set on object 'Object Repository/Final Object Repo/Creating Employer Account/Page_Registration - ASSIST (Base)/Employer Name'

2019-01-03 13:02:43 - [MESSAGE][PASSED] - Text 'AUTOMATION EMPLOYER' is set on object 'Object Repository/Final Object Repo/Creating Employer Account/Page_Registration - ASSIST (Base)/Employer Name'

2019-01-03 13:02:43 - [TEST_STEP][PASSED] - delay: Delayed 2 second(s)

2019-01-03 13:02:45 - [MESSAGE][PASSED] - Delayed 2 second(s)

2019-01-03 13:02:45 - [TEST_STEP][PASSED] - click: Object: 'Object Repository/Final Object Repo/Creating Employer Account/Page_Registration - ASSIST (Base)/Registration Type' is clicked on

2019-01-03 13:02:45 - [MESSAGE][PASSED] - Object: 'Object Repository/Final Object Repo/Creating Employer Account/Page_Registration - ASSIST (Base)/Registration Type' is clicked on

2019-01-03 13:02:45 - [TEST_STEP][PASSED] - delay: Delayed 2 second(s)

2019-01-03 13:02:47 - [MESSAGE][PASSED] - Delayed 2 second(s)

2019-01-03 13:02:47 - [TEST_STEP][PASSED] - click: Object: 'Object Repository/Final Object Repo/Creating Employer Account/Page_Registration - ASSIST (Base)/Registration Type - Registration No' is clicked on

2019-01-03 13:02:47 - [MESSAGE][PASSED] - Object: 'Object Repository/Final Object Repo/Creating Employer Account/Page_Registration - ASSIST (Base)/Registration Type - Registration No' is clicked on

2019-01-03 13:02:47 - [TEST_STEP][PASSED] - delay: Delayed 2 second(s)

2019-01-03 13:02:49 - [MESSAGE][PASSED] - Delayed 2 second(s)

2019-01-03 13:02:49 - [TEST_STEP][PASSED] - setText: Text 'AUTOMATE001' is set on object 'Object Repository/Final Object Repo/Creating Employer Account/Page_Registration - ASSIST (Base)/Registration Number'

2019-01-03 13:02:50 - [MESSAGE][PASSED] - Text 'AUTOMATE001' is set on object 'Object Repository/Final Object Repo/Creating Employer Account/Page_Registration - ASSIST (Base)/Registration Number'

2019-01-03 13:02:50 - [TEST_STEP][PASSED] - delay: Delayed 2 second(s)

2019-01-03 13:02:52 - [MESSAGE][PASSED] - Delayed 2 second(s)

2019-01-03 13:02:52 - [TEST_STEP][PASSED] - setText: Text 'ADDRESS 1' is set on object 'Object Repository/Final Object Repo/Creating Employer Account/Page_Registration - ASSIST (Base)/Postal Address 1'

2019-01-03 13:02:52 - [MESSAGE][PASSED] - Text 'ADDRESS 1' is set on object 'Object Repository/Final Object Repo/Creating Employer Account/Page_Registration - ASSIST (Base)/Postal Address 1'

2019-01-03 13:02:52 - [TEST_STEP][PASSED] - setText: Text 'ADDRESS 2' is set on object 'Object Repository/Final Object Repo/Creating Employer Account/Page_Registration - ASSIST (Base)/Postal Address 2'

2019-01-03 13:02:53 - [MESSAGE][PASSED] - Text 'ADDRESS 2' is set on object 'Object Repository/Final Object Repo/Creating Employer Account/Page_Registration - ASSIST (Base)/Postal Address 2'

2019-01-03 13:02:53 - [TEST_STEP][PASSED] - click: Object: 'Object Repository/Final Object Repo/Creating Employer Account/Page_Registration - ASSIST (Base)/State' is clicked on

2019-01-03 13:02:53 - [MESSAGE][PASSED] - Object: 'Object Repository/Final Object Repo/Creating Employer Account/Page_Registration - ASSIST (Base)/State' is clicked on

2019-01-03 13:02:53 - [TEST_STEP][PASSED] - delay: Delayed 2 second(s)

2019-01-03 13:02:55 - [MESSAGE][PASSED] - Delayed 2 second(s)

2019-01-03 13:02:55 - [TEST_STEP][PASSED] - click: Object: 'Object Repository/Final Object Repo/Creating Employer Account/Page_Registration - ASSIST (Base)/State - Johor' is clicked on

2019-01-03 13:02:55 - [MESSAGE][PASSED] - Object: 'Object Repository/Final Object Repo/Creating Employer Account/Page_Registration - ASSIST (Base)/State - Johor' is clicked on

2019-01-03 13:02:55 - [TEST_STEP][PASSED] - delay: Delayed 2 second(s)

2019-01-03 13:02:57 - [MESSAGE][PASSED] - Delayed 2 second(s)

2019-01-03 13:02:57 - [TEST_STEP][PASSED] - click: Object: 'Object Repository/Final Object Repo/Creating Employer Account/Page_Registration - ASSIST (Base)/City' is clicked on

2019-01-03 13:02:57 - [MESSAGE][PASSED] - Object: 'Object Repository/Final Object Repo/Creating Employer Account/Page_Registration - ASSIST (Base)/City' is clicked on

2019-01-03 13:02:57 - [TEST_STEP][PASSED] - delay: Delayed 2 second(s)

2019-01-03 13:02:59 - [MESSAGE][PASSED] - Delayed 2 second(s)

2019-01-03 13:02:59 - [TEST_STEP][PASSED] - setText: Text 'joh' is set on object 'Object Repository/Final Object Repo/Creating Employer Account/Page_Registration - ASSIST (Base)/City - joh'

2019-01-03 13:02:59 - [MESSAGE][PASSED] - Text 'joh' is set on object 'Object Repository/Final Object Repo/Creating Employer Account/Page_Registration - ASSIST (Base)/City - joh'

2019-01-03 13:02:59 - [TEST_STEP][PASSED] - delay: Delayed 2 second(s)

2019-01-03 13:03:01 - [MESSAGE][PASSED] - Delayed 2 second(s)

2019-01-03 13:03:01 - [TEST_STEP][PASSED] - click: Object: 'Object Repository/Final Object Repo/Creating Employer Account/Page_Registration - ASSIST (Base)/City - Johor Bharu' is clicked on

2019-01-03 13:03:01 - [MESSAGE][PASSED] - Object: 'Object Repository/Final Object Repo/Creating Employer Account/Page_Registration - ASSIST (Base)/City - Johor Bharu' is clicked on

2019-01-03 13:03:01 - [TEST_STEP][PASSED] - delay: Delayed 2 second(s)

2019-01-03 13:03:03 - [MESSAGE][PASSED] - Delayed 2 second(s)

2019-01-03 13:03:03 - [TEST_STEP][PASSED] - click: Object: 'Object Repository/Final Object Repo/Creating Employer Account/Page_Registration - ASSIST (Base)/Post Code' is clicked on

2019-01-03 13:03:04 - [MESSAGE][PASSED] - Object: 'Object Repository/Final Object Repo/Creating Employer Account/Page_Registration - ASSIST (Base)/Post Code' is clicked on

2019-01-03 13:03:04 - [TEST_STEP][PASSED] - delay: Delayed 2 second(s)

2019-01-03 13:03:06 - [MESSAGE][PASSED] - Delayed 2 second(s)

2019-01-03 13:03:06 - [TEST_STEP][PASSED] - setText: Text '810' is set on object 'Object Repository/Final Object Repo/Creating Employer Account/Page_Registration - ASSIST (Base)/Post Code - 810'

2019-01-03 13:03:06 - [MESSAGE][PASSED] - Text '810' is set on object 'Object Repository/Final Object Repo/Creating Employer Account/Page_Registration - ASSIST (Base)/Post Code - 810'

2019-01-03 13:03:06 - [TEST_STEP][PASSED] - delay: Delayed 2 second(s)

2019-01-03 13:03:08 - [MESSAGE][PASSED] - Delayed 2 second(s)

2019-01-03 13:03:08 - [TEST_STEP][PASSED] - click: Object: 'Object Repository/Final Object Repo/Creating Employer Account/Page_Registration - ASSIST (Base)/Post Code - 81000' is clicked on

2019-01-03 13:03:08 - [MESSAGE][PASSED] - Object: 'Object Repository/Final Object Repo/Creating Employer Account/Page_Registration - ASSIST (Base)/Post Code - 81000' is clicked on

2019-01-03 13:03:08 - [TEST_STEP][PASSED] - delay: Delayed 2 second(s)

2019-01-03 13:03:10 - [MESSAGE][PASSED] - Delayed 2 second(s)

2019-01-03 13:03:10 - [TEST_STEP][PASSED] - setText: Text 'PERKESO' is set on object 'Object Repository/Final Object Repo/Creating Employer Account/Page_Registration - ASSIST (Base)/Full Name'

2019-01-03 13:03:10 - [MESSAGE][PASSED] - Text 'PERKESO' is set on object 'Object Repository/Final Object Repo/Creating Employer Account/Page_Registration - ASSIST (Base)/Full Name'

2019-01-03 13:03:10 - [TEST_STEP][PASSED] - Statement - rnd = new java.util.Random(): null

2019-01-03 13:03:10 - [TEST_STEP][PASSED] - Statement - snum = rnd.nextInt(899999 + 1) + 100000: null

2019-01-03 13:03:10 - [TEST_STEP][PASSED] - Statement - tnum = rnd.nextInt(899999 + 1) + 100000: null

2019-01-03 13:03:10 - [TEST_STEP][PASSED] - Statement - IC = java.lang.Integer.toString(snum) + java.lang.Integer.toString(tnum): null

2019-01-03 13:03:10 - [TEST_STEP][PASSED] - Statement - out.println(IC): null

2019-01-03 13:03:10 - [TEST_STEP][PASSED] - setText: Text '769273370946' is set on object 'Object Repository/Final Object Repo/Creating Employer Account/Page_Registration - ASSIST (Base)/Identification Number'

2019-01-03 13:03:11 - [MESSAGE][PASSED] - Text '769273370946' is set on object 'Object Repository/Final Object Repo/Creating Employer Account/Page_Registration - ASSIST (Base)/Identification Number'

2019-01-03 13:03:11 - [TEST_STEP][PASSED] - delay: Delayed 2 second(s)

2019-01-03 13:03:13 - [MESSAGE][PASSED] - Delayed 2 second(s)

2019-01-03 13:03:13 - [TEST_STEP][PASSED] - setText: Text '123456789012' is set on object 'Object Repository/Final Object Repo/Creating Employer Account/Page_Registration - ASSIST (Base)/Contact Number'

2019-01-03 13:03:13 - [MESSAGE][PASSED] - Text '123456789012' is set on object 'Object Repository/Final Object Repo/Creating Employer Account/Page_Registration - ASSIST (Base)/Contact Number'

2019-01-03 13:03:13 - [TEST_STEP][PASSED] - Statement - Email = "perkeso" + IC + "@gmail.com": null

2019-01-03 13:03:13 - [TEST_STEP][PASSED] - delay: Delayed 2 second(s)

2019-01-03 13:03:15 - [MESSAGE][PASSED] - Delayed 2 second(s)

2019-01-03 13:03:15 - [TEST_STEP][PASSED] - callTestCase: Call Test Case 'Test Cases/Final Aug 2018 - PKS Automation/Create Employer Acc/Template/Employer Email Settler' successfully

2019-01-03 13:03:15 - [TEST_CASE][PASSED] - Test Cases/Final Aug 2018 - PKS Automation/Create Employer Acc/Template/Employer Email Settler: Test Cases/Final Aug 2018 - PKS Automation/Create Employer Acc/Template/Employer Email Settler

2019-01-03 13:03:15 - [TEST_STEP][PASSED] - Statement - EmpEmailOld = new java.io.File(C://Users//Admin//Desktop//PKS//Automation Reference Point//EmpEmail.txt): null

2019-01-03 13:03:15 - [TEST_STEP][PASSED] - Statement - EmpEmailOld.delete(): null

2019-01-03 13:03:15 - [TEST_STEP][PASSED] - delay: Delayed 5 second(s)

2019-01-03 13:03:20 - [MESSAGE][PASSED] - Delayed 5 second(s)

2019-01-03 13:03:20 - [TEST_STEP][PASSED] - Statement - EmpEmail = new java.io.File(C://Users//Admin//Desktop//PKS//Automation Reference Point//EmpEmail.txt): null

2019-01-03 13:03:20 - [TEST_STEP][PASSED] - Statement - f2 = new java.io.FileWriter(EmpEmail, false): null

2019-01-03 13:03:20 - [TEST_STEP][PASSED] - Statement - f2.write(Email): null

2019-01-03 13:03:20 - [TEST_STEP][PASSED] - Statement - f2.close(): null

2019-01-03 13:03:20 - [TEST_STEP][PASSED] - Statement - out.println(Email): null

2019-01-03 13:03:20 - [MESSAGE][PASSED] - Call Test Case 'Test Cases/Final Aug 2018 - PKS Automation/Create Employer Acc/Template/Employer Email Settler' successfully

2019-01-03 13:03:20 - [TEST_STEP][PASSED] - delay: Delayed 2 second(s)

2019-01-03 13:03:22 - [MESSAGE][PASSED] - Delayed 2 second(s)

2019-01-03 13:03:22 - [TEST_STEP][PASSED] - setText: Text 'perkeso769273370946@gmail.com' is set on object 'Object Repository/Final Object Repo/Creating Employer Account/Page_Registration - ASSIST (Base)/Email'

2019-01-03 13:03:23 - [MESSAGE][PASSED] - Text 'perkeso769273370946@gmail.com' is set on object 'Object Repository/Final Object Repo/Creating Employer Account/Page_Registration - ASSIST (Base)/Email'

2019-01-03 13:03:23 - [TEST_STEP][PASSED] - setText: Text '123' is set on object 'Object Repository/Final Object Repo/Creating Employer Account/Page_Registration - ASSIST (Base)/Security Phase'

2019-01-03 13:03:23 - [MESSAGE][PASSED] - Text '123' is set on object 'Object Repository/Final Object Repo/Creating Employer Account/Page_Registration - ASSIST (Base)/Security Phase'

2019-01-03 13:03:23 - [TEST_STEP][PASSED] - click: Object: 'Object Repository/Final Object Repo/Creating Employer Account/Page_Registration - ASSIST (Base)/Save  Continue' is clicked on

2019-01-03 13:03:23 - [MESSAGE][PASSED] - Object: 'Object Repository/Final Object Repo/Creating Employer Account/Page_Registration - ASSIST (Base)/Save  Continue' is clicked on

2019-01-03 13:03:23 - [TEST_STEP][PASSED] - delay: Delayed 2 second(s)

2019-01-03 13:03:25 - [MESSAGE][PASSED] - Delayed 2 second(s)

2019-01-03 13:03:25 - [TEST_STEP][PASSED] - click: Object: 'Object Repository/Final Object Repo/Creating Employer Account/Page_Registration - ASSIST (Base)/Add Document' is clicked on

2019-01-03 13:03:25 - [MESSAGE][PASSED] - Object: 'Object Repository/Final Object Repo/Creating Employer Account/Page_Registration - ASSIST (Base)/Add Document' is clicked on

2019-01-03 13:03:25 - [TEST_STEP][PASSED] - delay: Delayed 2 second(s)

2019-01-03 13:03:27 - [MESSAGE][PASSED] - Delayed 2 second(s)

2019-01-03 13:03:27 - [TEST_STEP][PASSED] - click: Object: 'Object Repository/Final Object Repo/Creating Employer Account/Page_Registration - ASSIST (Base)/Document Type' is clicked on

2019-01-03 13:03:27 - [MESSAGE][PASSED] - Object: 'Object Repository/Final Object Repo/Creating Employer Account/Page_Registration - ASSIST (Base)/Document Type' is clicked on

2019-01-03 13:03:27 - [TEST_STEP][PASSED] - delay: Delayed 2 second(s)

2019-01-03 13:03:29 - [MESSAGE][PASSED] - Delayed 2 second(s)

2019-01-03 13:03:29 - [TEST_STEP][PASSED] - click: Object: 'Object Repository/Final Object Repo/Creating Employer Account/Page_Registration - ASSIST (Base)/Document Type - Letter of Authorization' is clicked on

2019-01-03 13:03:30 - [MESSAGE][PASSED] - Object: 'Object Repository/Final Object Repo/Creating Employer Account/Page_Registration - ASSIST (Base)/Document Type - Letter of Authorization' is clicked on

2019-01-03 13:03:30 - [TEST_STEP][PASSED] - delay: Delayed 2 second(s)

2019-01-03 13:03:32 - [MESSAGE][PASSED] - Delayed 2 second(s)

2019-01-03 13:03:32 - [TEST_STEP][PASSED] - sendKeys: Keys 'C:\Users\Public\Pictures\Sample Pictures\Koala.jpg' sent to object: 'Object Repository/Final Object Repo/Creating Employer Account/Page_Registration - ASSIST (Base)/Uploading File'

2019-01-03 13:03:32 - [MESSAGE][PASSED] - Keys 'C:\Users\Public\Pictures\Sample Pictures\Koala.jpg' sent to object: 'Object Repository/Final Object Repo/Creating Employer Account/Page_Registration - ASSIST (Base)/Uploading File'

2019-01-03 13:03:32 - [TEST_STEP][PASSED] - delay: Delayed 2 second(s)

2019-01-03 13:03:34 - [MESSAGE][PASSED] - Delayed 2 second(s)

2019-01-03 13:03:34 - [TEST_STEP][PASSED] - click: Object: 'Object Repository/Final Object Repo/Creating Employer Account/Page_Registration - ASSIST (Base)/Add Document in Uploading File' is clicked on

2019-01-03 13:03:34 - [MESSAGE][PASSED] - Object: 'Object Repository/Final Object Repo/Creating Employer Account/Page_Registration - ASSIST (Base)/Add Document in Uploading File' is clicked on

2019-01-03 13:03:34 - [TEST_STEP][PASSED] - delay: Delayed 2 second(s)

2019-01-03 13:03:36 - [MESSAGE][PASSED] - Delayed 2 second(s)

2019-01-03 13:03:36 - [TEST_STEP][PASSED] - click: Object: 'Object Repository/Final Object Repo/Creating Employer Account/Page_Registration - ASSIST (Base)/Save' is clicked on

2019-01-03 13:03:36 - [MESSAGE][PASSED] - Object: 'Object Repository/Final Object Repo/Creating Employer Account/Page_Registration - ASSIST (Base)/Save' is clicked on

2019-01-03 13:03:36 - [TEST_STEP][PASSED] - delay: Delayed 2 second(s)

2019-01-03 13:03:38 - [MESSAGE][PASSED] - Delayed 2 second(s)

2019-01-03 13:03:38 - [TEST_STEP][PASSED] - click: Object: 'Object Repository/Final Object Repo/Creating Employer Account/Page_Registration - ASSIST (Base)/Submit' is clicked on

2019-01-03 13:03:38 - [MESSAGE][PASSED] - Object: 'Object Repository/Final Object Repo/Creating Employer Account/Page_Registration - ASSIST (Base)/Submit' is clicked on

2019-01-03 13:03:38 - [TEST_STEP][PASSED] - delay: Delayed 2 second(s)

2019-01-03 13:03:40 - [MESSAGE][PASSED] - Delayed 2 second(s)

2019-01-03 13:03:40 - [TEST_STEP][PASSED] - click: Object: 'Object Repository/Final Object Repo/Creating Employer Account/Page_Registration - ASSIST (Base)/Confirm' is clicked on

2019-01-03 13:03:40 - [MESSAGE][PASSED] - Object: 'Object Repository/Final Object Repo/Creating Employer Account/Page_Registration - ASSIST (Base)/Confirm' is clicked on

2019-01-03 13:03:40 - [MESSAGE][PASSED] - Call Test Case 'Test Cases/Final Aug 2018 - PKS Automation/Create Employer Acc/Template/Register Employer' successfully

2019-01-03 13:03:40 - [TEST_STEP][PASSED] - delay: Delayed 1 second(s)

2019-01-03 13:03:41 - [MESSAGE][PASSED] - Delayed 1 second(s)

2019-01-03 13:03:41 - [TEST_STEP][PASSED] - navigateToUrl: Navigate to 'https://assist2-uat.perkeso.gov.my/c/portal/logout' successfully

2019-01-03 13:03:43 - [MESSAGE][PASSED] - Navigate to 'https://assist2-uat.perkeso.gov.my/c/portal/logout' successfully

2019-01-03 13:03:43 - [TEST_STEP][PASSED] - delay: Delayed 1 second(s)

2019-01-03 13:03:44 - [MESSAGE][PASSED] - Delayed 1 second(s)

2019-01-03 13:03:44 - [TEST_STEP][PASSED] - callTestCase: Call Test Case 'Test Cases/Final Aug 2018 - PKS Automation/Create Employer Acc/Template/Change Password of Employer' successfully

2019-01-03 13:03:44 - [TEST_CASE][PASSED] - Test Cases/Final Aug 2018 - PKS Automation/Create Employer Acc/Template/Change Password of Employer: Test Cases/Final Aug 2018 - PKS Automation/Create Employer Acc/Template/Change Password of Employer

2019-01-03 13:03:44 - [TEST_STEP][PASSED] - openBrowser: Browser is opened with url: ''

2019-01-03 13:03:44 - [MESSAGE][WARNING] - A browser is already opened. Closing browser and opening a new one

2019-01-03 13:03:47 - [MESSAGE][PASSED] - Browser is opened with url: ''

2019-01-03 13:03:47 - [TEST_STEP][PASSED] - navigateToUrl: Navigate to 'https://assist2-uat.perkeso.gov.my/login' successfully

2019-01-03 13:03:48 - [MESSAGE][PASSED] - Navigate to 'https://assist2-uat.perkeso.gov.my/login' successfully

2019-01-03 13:03:48 - [TEST_STEP][PASSED] - delay: Delayed 5 second(s)

2019-01-03 13:03:53 - [MESSAGE][PASSED] - Delayed 5 second(s)

2019-01-03 13:03:53 - [TEST_STEP][PASSED] - setText: Text 'test@liferay.com' is set on object 'Object Repository/Final Object Repo/Login Page/Internal User/Email Address'

2019-01-03 13:03:54 - [MESSAGE][PASSED] - Text 'test@liferay.com' is set on object 'Object Repository/Final Object Repo/Login Page/Internal User/Email Address'

2019-01-03 13:03:54 - [TEST_STEP][PASSED] - click: Object: 'Object Repository/Final Object Repo/Login Page/Internal User/Next Button' is clicked on

2019-01-03 13:03:54 - [MESSAGE][PASSED] - Object: 'Object Repository/Final Object Repo/Login Page/Internal User/Next Button' is clicked on

2019-01-03 13:03:54 - [TEST_STEP][PASSED] - delay: Delayed 2 second(s)

2019-01-03 13:03:56 - [MESSAGE][PASSED] - Delayed 2 second(s)

2019-01-03 13:03:56 - [TEST_STEP][PASSED] - setText: Text 'test' is set on object 'Object Repository/Final Object Repo/Login Page/Internal User/Password'

2019-01-03 13:03:56 - [MESSAGE][PASSED] - Text 'test' is set on object 'Object Repository/Final Object Repo/Login Page/Internal User/Password'

2019-01-03 13:03:56 - [TEST_STEP][PASSED] - delay: Delayed 2 second(s)

2019-01-03 13:03:58 - [MESSAGE][PASSED] - Delayed 2 second(s)

2019-01-03 13:03:58 - [TEST_STEP][PASSED] - click: Object: 'Object Repository/Final Object Repo/Login Page/Internal User/Login Button' is clicked on

2019-01-03 13:03:58 - [MESSAGE][PASSED] - Object: 'Object Repository/Final Object Repo/Login Page/Internal User/Login Button' is clicked on

2019-01-03 13:03:58 - [TEST_STEP][PASSED] - delay: Delayed 3 second(s)

2019-01-03 13:04:01 - [MESSAGE][PASSED] - Delayed 3 second(s)

2019-01-03 13:04:01 - [TEST_STEP][PASSED] - navigateToUrl: Navigate to 'https://assist2-uat.perkeso.gov.my/group/control_panel/manage?p_p_id=125&p_p_lifecycle=0&p_p_state=maximized&p_p_mode=view&refererPlid=20455&_125_usersListView=flat-users&_125_toolbarItem=view-all-users&_125_saveUsersListView=true&_125_struts_action=%2Fusers_admin%2Fview' successfully

2019-01-03 13:04:03 - [MESSAGE][PASSED] - Navigate to 'https://assist2-uat.perkeso.gov.my/group/control_panel/manage?p_p_id=125&p_p_lifecycle=0&p_p_state=maximized&p_p_mode=view&refererPlid=20455&_125_usersListView=flat-users&_125_toolbarItem=view-all-users&_125_saveUsersListView=true&_125_struts_action=%2Fusers_admin%2Fview' successfully

2019-01-03 13:04:03 - [TEST_STEP][PASSED] - delay: Delayed 3 second(s)

2019-01-03 13:04:06 - [MESSAGE][PASSED] - Delayed 3 second(s)

2019-01-03 13:04:06 - [TEST_STEP][PASSED] - setText: Text 'perkeso769273370946@gmail.com' is set on object 'Object Repository/Final Object Repo/Creating Employer Account/Page_Users and Organizations - ASSIST/Employer name'

2019-01-03 13:04:06 - [MESSAGE][PASSED] - Text 'perkeso769273370946@gmail.com' is set on object 'Object Repository/Final Object Repo/Creating Employer Account/Page_Users and Organizations - ASSIST/Employer name'

2019-01-03 13:04:06 - [TEST_STEP][PASSED] - delay: Delayed 3 second(s)

2019-01-03 13:04:09 - [MESSAGE][PASSED] - Delayed 3 second(s)

2019-01-03 13:04:09 - [TEST_STEP][PASSED] - click: Object: 'Object Repository/Final Object Repo/Creating Employer Account/Page_Users and Organizations - ASSIST/Search' is clicked on

2019-01-03 13:04:10 - [MESSAGE][PASSED] - Object: 'Object Repository/Final Object Repo/Creating Employer Account/Page_Users and Organizations - ASSIST/Search' is clicked on

2019-01-03 13:04:10 - [TEST_STEP][PASSED] - delay: Delayed 3 second(s)

2019-01-03 13:04:13 - [MESSAGE][PASSED] - Delayed 3 second(s)

2019-01-03 13:04:13 - [TEST_STEP][PASSED] - click: Object: 'Object Repository/Final Object Repo/Creating Employer Account/Page_Users and Organizations - ASSIST/Action' is clicked on

2019-01-03 13:04:13 - [MESSAGE][PASSED] - Object: 'Object Repository/Final Object Repo/Creating Employer Account/Page_Users and Organizations - ASSIST/Action' is clicked on

2019-01-03 13:04:13 - [TEST_STEP][PASSED] - delay: Delayed 3 second(s)

2019-01-03 13:04:16 - [MESSAGE][PASSED] - Delayed 3 second(s)

2019-01-03 13:04:16 - [TEST_STEP][PASSED] - click: Object: 'Object Repository/Final Object Repo/Creating Employer Account/Page_Users and Organizations - ASSIST/Edit' is clicked on

2019-01-03 13:04:17 - [MESSAGE][PASSED] - Object: 'Object Repository/Final Object Repo/Creating Employer Account/Page_Users and Organizations - ASSIST/Edit' is clicked on

2019-01-03 13:04:17 - [TEST_STEP][PASSED] - delay: Delayed 3 second(s)

2019-01-03 13:04:20 - [MESSAGE][PASSED] - Delayed 3 second(s)

2019-01-03 13:04:20 - [TEST_STEP][PASSED] - click: Object: 'Object Repository/Final Object Repo/Creating Employer Account/Page_PERKESO - Users and Organizati/a_Password (Modified)' is clicked on

2019-01-03 13:04:20 - [MESSAGE][PASSED] - Object: 'Object Repository/Final Object Repo/Creating Employer Account/Page_PERKESO - Users and Organizati/a_Password (Modified)' is clicked on

2019-01-03 13:04:20 - [TEST_STEP][PASSED] - delay: Delayed 3 second(s)

2019-01-03 13:04:23 - [MESSAGE][PASSED] - Delayed 3 second(s)

2019-01-03 13:04:23 - [TEST_STEP][PASSED] - setEncryptedText: Text ****** has been set on object 'Object Repository/Final Object Repo/Creating Employer Account/Page_PERKESO - Users and Organizati/input__125_password1'

2019-01-03 13:04:23 - [MESSAGE][PASSED] - Text ****** has been set on object 'Object Repository/Final Object Repo/Creating Employer Account/Page_PERKESO - Users and Organizati/input__125_password1'

2019-01-03 13:04:23 - [TEST_STEP][PASSED] - delay: Delayed 3 second(s)

2019-01-03 13:04:26 - [MESSAGE][PASSED] - Delayed 3 second(s)

2019-01-03 13:04:26 - [TEST_STEP][PASSED] - setEncryptedText: Text ****** has been set on object 'Object Repository/Final Object Repo/Creating Employer Account/Page_PERKESO - Users and Organizati/input__125_password2'

2019-01-03 13:04:27 - [MESSAGE][PASSED] - Text ****** has been set on object 'Object Repository/Final Object Repo/Creating Employer Account/Page_PERKESO - Users and Organizati/input__125_password2'

2019-01-03 13:04:27 - [TEST_STEP][PASSED] - delay: Delayed 3 second(s)

2019-01-03 13:04:30 - [MESSAGE][PASSED] - Delayed 3 second(s)

2019-01-03 13:04:30 - [TEST_STEP][PASSED] - click: Object: 'Object Repository/Final Object Repo/Creating Employer Account/Page_PERKESO - Users and Organizati/Save' is clicked on

2019-01-03 13:04:31 - [MESSAGE][PASSED] - Object: 'Object Repository/Final Object Repo/Creating Employer Account/Page_PERKESO - Users and Organizati/Save' is clicked on

2019-01-03 13:04:31 - [MESSAGE][PASSED] - Call Test Case 'Test Cases/Final Aug 2018 - PKS Automation/Create Employer Acc/Template/Change Password of Employer' successfully

2019-01-03 13:04:31 - [TEST_STEP][PASSED] - delay: Delayed 1 second(s)

2019-01-03 13:04:32 - [MESSAGE][PASSED] - Delayed 1 second(s)

2019-01-03 13:04:32 - [TEST_STEP][PASSED] - navigateToUrl: Navigate to 'https://assist2-uat.perkeso.gov.my/c/portal/logout' successfully

2019-01-03 13:04:33 - [MESSAGE][PASSED] - Navigate to 'https://assist2-uat.perkeso.gov.my/c/portal/logout' successfully

2019-01-03 13:04:33 - [TEST_STEP][PASSED] - delay: Delayed 1 second(s)

2019-01-03 13:04:34 - [MESSAGE][PASSED] - Delayed 1 second(s)

2019-01-03 13:04:34 - [TEST_STEP][PASSED] - callTestCase: Call Test Case 'Test Cases/Final Aug 2018 - PKS Automation/Create Employer Acc/Template/Login to Employer Account (First Time)' successfully

2019-01-03 13:04:34 - [TEST_CASE][PASSED] - Test Cases/Final Aug 2018 - PKS Automation/Create Employer Acc/Template/Login to Employer Account (First Time): Test Cases/Final Aug 2018 - PKS Automation/Create Employer Acc/Template/Login to Employer Account (First Time)

2019-01-03 13:04:34 - [TEST_STEP][PASSED] - openBrowser: Browser is opened with url: ''

2019-01-03 13:04:34 - [MESSAGE][WARNING] - A browser is already opened. Closing browser and opening a new one

2019-01-03 13:04:37 - [MESSAGE][PASSED] - Browser is opened with url: ''

2019-01-03 13:04:37 - [TEST_STEP][PASSED] - navigateToUrl: Navigate to 'https://assist2-uat.perkeso.gov.my/employer/login' successfully

2019-01-03 13:04:38 - [MESSAGE][PASSED] - Navigate to 'https://assist2-uat.perkeso.gov.my/employer/login' successfully

2019-01-03 13:04:38 - [TEST_STEP][PASSED] - delay: Delayed 3 second(s)

2019-01-03 13:04:41 - [MESSAGE][PASSED] - Delayed 3 second(s)

2019-01-03 13:04:41 - [TEST_STEP][PASSED] - callTestCase: Call Test Case 'Test Cases/Final Aug 2018 - PKS Automation/Create Employer Acc/Template/Employer Email Getter' successfully

2019-01-03 13:04:41 - [TEST_CASE][PASSED] - Test Cases/Final Aug 2018 - PKS Automation/Create Employer Acc/Template/Employer Email Getter: Test Cases/Final Aug 2018 - PKS Automation/Create Employer Acc/Template/Employer Email Getter

2019-01-03 13:04:41 - [TEST_STEP][PASSED] - Statement - Try: null

2019-01-03 13:04:41 - [TEST_STEP][PASSED] - Statement - EmpEmail = new java.io.File(C://Users//Admin//Desktop//PKS//Automation Reference Point//EmpEmail.txt): null

2019-01-03 13:04:41 - [TEST_STEP][PASSED] - Statement - bufferread = new java.io.BufferedReader(new java.io.FileReader(EmpEmail)): null

2019-01-03 13:04:41 - [TEST_STEP][PASSED] - Statement - readedVal = bufferread.readLine(): null

2019-01-03 13:04:41 - [TEST_STEP][PASSED] - Statement - out.println(readedVal): null

2019-01-03 13:04:41 - [TEST_STEP][PASSED] - Statement - Email = readedVal: null

2019-01-03 13:04:41 - [MESSAGE][PASSED] - Call Test Case 'Test Cases/Final Aug 2018 - PKS Automation/Create Employer Acc/Template/Employer Email Getter' successfully

2019-01-03 13:04:41 - [TEST_STEP][PASSED] - setText: Text 'perkeso769273370946@gmail.com' is set on object 'Object Repository/Final Object Repo/Login Page/External Login Page/Email'

2019-01-03 13:04:42 - [MESSAGE][PASSED] - Text 'perkeso769273370946@gmail.com' is set on object 'Object Repository/Final Object Repo/Login Page/External Login Page/Email'

2019-01-03 13:04:42 - [TEST_STEP][PASSED] - click: Object: 'Object Repository/Final Object Repo/Login Page/External Login Page/Next' is clicked on

2019-01-03 13:04:42 - [MESSAGE][PASSED] - Object: 'Object Repository/Final Object Repo/Login Page/External Login Page/Next' is clicked on

2019-01-03 13:04:42 - [TEST_STEP][PASSED] - delay: Delayed 3 second(s)

2019-01-03 13:04:45 - [MESSAGE][PASSED] - Delayed 3 second(s)

2019-01-03 13:04:45 - [TEST_STEP][PASSED] - setEncryptedText: Text ****** has been set on object 'Object Repository/Final Object Repo/Login Page/External Login Page/Password'

2019-01-03 13:04:45 - [MESSAGE][PASSED] - Text ****** has been set on object 'Object Repository/Final Object Repo/Login Page/External Login Page/Password'

2019-01-03 13:04:45 - [TEST_STEP][PASSED] - click: Object: 'Object Repository/Final Object Repo/Login Page/External Login Page/Login' is clicked on

2019-01-03 13:04:45 - [MESSAGE][PASSED] - Object: 'Object Repository/Final Object Repo/Login Page/External Login Page/Login' is clicked on

2019-01-03 13:04:45 - [TEST_STEP][PASSED] - delay: Delayed 3 second(s)

2019-01-03 13:04:48 - [MESSAGE][PASSED] - Delayed 3 second(s)

2019-01-03 13:04:48 - [TEST_STEP][PASSED] - click: Object: 'Object Repository/Final Object Repo/Creating Employer Account/Page_Terms of Use - ASSIST/button_I Agree' is clicked on

2019-01-03 13:04:49 - [MESSAGE][PASSED] - Object: 'Object Repository/Final Object Repo/Creating Employer Account/Page_Terms of Use - ASSIST/button_I Agree' is clicked on

2019-01-03 13:04:49 - [TEST_STEP][PASSED] - delay: Delayed 2 second(s)

2019-01-03 13:04:51 - [MESSAGE][PASSED] - Delayed 2 second(s)

2019-01-03 13:04:51 - [TEST_STEP][PASSED] - setEncryptedText: Text ****** has been set on object 'Object Repository/Final Object Repo/Creating Employer Account/Page_New Password - ASSIST/input_password1'

2019-01-03 13:04:51 - [MESSAGE][PASSED] - Text ****** has been set on object 'Object Repository/Final Object Repo/Creating Employer Account/Page_New Password - ASSIST/input_password1'

2019-01-03 13:04:51 - [TEST_STEP][PASSED] - setEncryptedText: Text ****** has been set on object 'Object Repository/Final Object Repo/Creating Employer Account/Page_New Password - ASSIST/input_password2'

2019-01-03 13:04:51 - [MESSAGE][PASSED] - Text ****** has been set on object 'Object Repository/Final Object Repo/Creating Employer Account/Page_New Password - ASSIST/input_password2'

2019-01-03 13:04:51 - [TEST_STEP][PASSED] - delay: Delayed 2 second(s)

2019-01-03 13:04:53 - [MESSAGE][PASSED] - Delayed 2 second(s)

2019-01-03 13:04:53 - [TEST_STEP][PASSED] - click: Object: 'Object Repository/Final Object Repo/Creating Employer Account/Page_New Password - ASSIST/Save' is clicked on

2019-01-03 13:04:53 - [MESSAGE][PASSED] - Object: 'Object Repository/Final Object Repo/Creating Employer Account/Page_New Password - ASSIST/Save' is clicked on

2019-01-03 13:04:53 - [TEST_STEP][PASSED] - delay: Delayed 2 second(s)

2019-01-03 13:04:55 - [MESSAGE][PASSED] - Delayed 2 second(s)

2019-01-03 13:04:55 - [TEST_STEP][PASSED] - setText: Text 'test' is set on object 'Object Repository/Final Object Repo/Creating Employer Account/Page_Password Reminder - ASSIST/Reminder Query Answer'

2019-01-03 13:04:55 - [MESSAGE][PASSED] - Text 'test' is set on object 'Object Repository/Final Object Repo/Creating Employer Account/Page_Password Reminder - ASSIST/Reminder Query Answer'

2019-01-03 13:04:55 - [TEST_STEP][PASSED] - delay: Delayed 2 second(s)

2019-01-03 13:04:57 - [MESSAGE][PASSED] - Delayed 2 second(s)

2019-01-03 13:04:57 - [TEST_STEP][PASSED] - doubleClick: Object: 'Object Repository/Final Object Repo/Creating Employer Account/Page_Password Reminder - ASSIST/Save' is double clicked on

2019-01-03 13:04:58 - [MESSAGE][PASSED] - Object: 'Object Repository/Final Object Repo/Creating Employer Account/Page_Password Reminder - ASSIST/Save' is double clicked on

2019-01-03 13:04:58 - [MESSAGE][PASSED] - Call Test Case 'Test Cases/Final Aug 2018 - PKS Automation/Create Employer Acc/Template/Login to Employer Account (First Time)' successfully

2019-01-03 13:04:58 - [MESSAGE][PASSED] - Call Test Case 'Test Cases/Final Aug 2018 - PKS Automation/Create Employer Acc/Create Employer Account' successfully

2019-01-03 13:04:58 - [TEST_STEP][PASSED] - callTestCase: Call Test Case 'Test Cases/Final Aug 2018 - PKS Automation/Registration Module/Log Out/log out avoiding katalon tagging' successfully

2019-01-03 13:04:58 - [TEST_CASE][PASSED] - Test Cases/Final Aug 2018 - PKS Automation/Registration Module/Log Out/log out avoiding katalon tagging: Test Cases/Final Aug 2018 - PKS Automation/Registration Module/Log Out/log out avoiding katalon tagging

2019-01-03 13:04:58 - [TEST_STEP][PASSED] - navigateToUrl: Navigate to 'https://assist2-uat.perkeso.gov.my/c/portal/logout' successfully

2019-01-03 13:05:01 - [MESSAGE][PASSED] - Navigate to 'https://assist2-uat.perkeso.gov.my/c/portal/logout' successfully

2019-01-03 13:05:01 - [MESSAGE][PASSED] - Call Test Case 'Test Cases/Final Aug 2018 - PKS Automation/Registration Module/Log Out/log out avoiding katalon tagging' successfully

2019-01-03 13:05:01 - [TEST_STEP][PASSED] - callTestCase: Call Test Case 'Test Cases/Final Aug 2018 - PKS Automation/Create Employer Acc/Login to Employer Account (Second time)' successfully

2019-01-03 13:05:01 - [TEST_CASE][PASSED] - Test Cases/Final Aug 2018 - PKS Automation/Create Employer Acc/Login to Employer Account (Second time): Test Cases/Final Aug 2018 - PKS Automation/Create Employer Acc/Login to Employer Account (Second time)

2019-01-03 13:05:01 - [TEST_STEP][PASSED] - openBrowser: Browser is opened with url: ''

2019-01-03 13:05:01 - [MESSAGE][WARNING] - A browser is already opened. Closing browser and opening a new one

2019-01-03 13:05:04 - [MESSAGE][PASSED] - Browser is opened with url: ''

2019-01-03 13:05:04 - [TEST_STEP][PASSED] - navigateToUrl: Navigate to 'https://assist2-uat.perkeso.gov.my/employer/login' successfully

2019-01-03 13:05:05 - [MESSAGE][PASSED] - Navigate to 'https://assist2-uat.perkeso.gov.my/employer/login' successfully

2019-01-03 13:05:05 - [TEST_STEP][PASSED] - delay: Delayed 3 second(s)

2019-01-03 13:05:08 - [MESSAGE][PASSED] - Delayed 3 second(s)

2019-01-03 13:05:08 - [TEST_STEP][PASSED] - callTestCase: Call Test Case 'Test Cases/Final Aug 2018 - PKS Automation/Create Employer Acc/Template/Employer Email Getter' successfully

2019-01-03 13:05:08 - [TEST_CASE][PASSED] - Test Cases/Final Aug 2018 - PKS Automation/Create Employer Acc/Template/Employer Email Getter: Test Cases/Final Aug 2018 - PKS Automation/Create Employer Acc/Template/Employer Email Getter

2019-01-03 13:05:08 - [TEST_STEP][PASSED] - Statement - Try: null

2019-01-03 13:05:08 - [TEST_STEP][PASSED] - Statement - EmpEmail = new java.io.File(C://Users//Admin//Desktop//PKS//Automation Reference Point//EmpEmail.txt): null

2019-01-03 13:05:08 - [TEST_STEP][PASSED] - Statement - bufferread = new java.io.BufferedReader(new java.io.FileReader(EmpEmail)): null

2019-01-03 13:05:08 - [TEST_STEP][PASSED] - Statement - readedVal = bufferread.readLine(): null

2019-01-03 13:05:08 - [TEST_STEP][PASSED] - Statement - out.println(readedVal): null

2019-01-03 13:05:08 - [TEST_STEP][PASSED] - Statement - Email = readedVal: null

2019-01-03 13:05:08 - [MESSAGE][PASSED] - Call Test Case 'Test Cases/Final Aug 2018 - PKS Automation/Create Employer Acc/Template/Employer Email Getter' successfully

2019-01-03 13:05:08 - [TEST_STEP][PASSED] - setText: Text 'perkeso769273370946@gmail.com' is set on object 'Object Repository/Final Object Repo/Login Page/External Login Page/Email'

2019-01-03 13:05:08 - [MESSAGE][PASSED] - Text 'perkeso769273370946@gmail.com' is set on object 'Object Repository/Final Object Repo/Login Page/External Login Page/Email'

2019-01-03 13:05:08 - [TEST_STEP][PASSED] - click: Object: 'Object Repository/Final Object Repo/Login Page/External Login Page/Next' is clicked on

2019-01-03 13:05:09 - [MESSAGE][PASSED] - Object: 'Object Repository/Final Object Repo/Login Page/External Login Page/Next' is clicked on

2019-01-03 13:05:09 - [TEST_STEP][PASSED] - delay: Delayed 3 second(s)

2019-01-03 13:05:12 - [MESSAGE][PASSED] - Delayed 3 second(s)

2019-01-03 13:05:12 - [TEST_STEP][PASSED] - setEncryptedText: Text ****** has been set on object 'Object Repository/Final Object Repo/Login Page/External Login Page/Password'

2019-01-03 13:05:12 - [MESSAGE][PASSED] - Text ****** has been set on object 'Object Repository/Final Object Repo/Login Page/External Login Page/Password'

2019-01-03 13:05:12 - [TEST_STEP][PASSED] - click: Object: 'Object Repository/Final Object Repo/Login Page/External Login Page/Login' is clicked on

2019-01-03 13:05:12 - [MESSAGE][PASSED] - Object: 'Object Repository/Final Object Repo/Login Page/External Login Page/Login' is clicked on

2019-01-03 13:05:12 - [TEST_STEP][PASSED] - delay: Delayed 5 second(s)

2019-01-03 13:05:17 - [MESSAGE][PASSED] - Delayed 5 second(s)

2019-01-03 13:05:17 - [MESSAGE][PASSED] - Call Test Case 'Test Cases/Final Aug 2018 - PKS Automation/Create Employer Acc/Login to Employer Account (Second time)' successfully

2019-01-03 13:05:17 - [TEST_STEP][PASSED] - delay: Delayed 4 second(s)

2019-01-03 13:05:21 - [MESSAGE][PASSED] - Delayed 4 second(s)

2019-01-03 13:05:21 - [TEST_STEP][PASSED] - Statement - Try: Delayed 2 second(s)

2019-01-03 13:05:21 - [TEST_STEP][PASSED] - Statement - Checker = false: null

2019-01-03 13:05:21 - [TEST_STEP][PASSED] - Statement - Checker = com.kms.katalon.core.webui.keyword.WebUiBuiltInKeywords.verifyElementHasAttribute(com.kms.katalon.core.testobject.ObjectRepository.findTestObject(Final Object Repo/Landing Page/BM Detecting), "href", 20, OPTIONAL): Object 'Object Repository/Final Object Repo/Landing Page/BM Detecting' has attribute 'href'

2019-01-03 13:05:21 - [MESSAGE][PASSED] - Object 'Object Repository/Final Object Repo/Landing Page/BM Detecting' has attribute 'href'

2019-01-03 13:05:21 - [TEST_STEP][PASSED] - Statement - out.println(Checker): null

2019-01-03 13:05:21 - [TEST_STEP][PASSED] - Statement - If (Checker == false): null

2019-01-03 13:05:21 - [TEST_STEP][PASSED] - Statement - Else: null

2019-01-03 13:05:21 - [TEST_STEP][PASSED] - delay: Delayed 2 second(s)

2019-01-03 13:05:23 - [MESSAGE][PASSED] - Delayed 2 second(s)

2019-01-03 13:05:23 - [TEST_STEP][PASSED] - delay: Delayed 4 second(s)

2019-01-03 13:05:27 - [MESSAGE][PASSED] - Delayed 4 second(s)

2019-01-03 13:05:27 - [TEST_STEP][PASSED] - click: Object: 'Object Repository/Final Object Repo/Landing Page/My Sites Drop Down' is clicked on

2019-01-03 13:05:27 - [MESSAGE][PASSED] - Object: 'Object Repository/Final Object Repo/Landing Page/My Sites Drop Down' is clicked on

2019-01-03 13:05:27 - [TEST_STEP][PASSED] - click: Object: 'Object Repository/Final Object Repo/Landing Page/Select to Registration Module' is clicked on

2019-01-03 13:05:30 - [MESSAGE][PASSED] - Object: 'Object Repository/Final Object Repo/Landing Page/Select to Registration Module' is clicked on

2019-01-03 13:05:30 - [TEST_STEP][PASSED] - click: Object: 'Object Repository/Final Object Repo/Landing Page/Registration Button' is clicked on

2019-01-03 13:05:31 - [MESSAGE][PASSED] - Object: 'Object Repository/Final Object Repo/Landing Page/Registration Button' is clicked on

2019-01-03 13:05:31 - [TEST_STEP][PASSED] - delay: Delayed 2 second(s)

2019-01-03 13:05:33 - [MESSAGE][PASSED] - Delayed 2 second(s)

2019-01-03 13:05:33 - [TEST_STEP][PASSED] - click: Object: 'Object Repository/Final Object Repo/New Registration - Registration Module Pages/New Reg - OTC to RO/Special Case - OTC - Form 1/AEC NO' is clicked on

2019-01-03 13:05:34 - [MESSAGE][PASSED] - Object: 'Object Repository/Final Object Repo/New Registration - Registration Module Pages/New Reg - OTC to RO/Special Case - OTC - Form 1/AEC NO' is clicked on

2019-01-03 13:05:34 - [TEST_STEP][PASSED] - click: Object: 'Object Repository/Final Object Repo/New Registration - Registration Module Pages/New Reg - OTC to RO/Special Case - OTC - Form 1/Business Entity - Please Select' is clicked on

2019-01-03 13:05:34 - [MESSAGE][PASSED] - Object: 'Object Repository/Final Object Repo/New Registration - Registration Module Pages/New Reg - OTC to RO/Special Case - OTC - Form 1/Business Entity - Please Select' is clicked on

2019-01-03 13:05:34 - [TEST_STEP][PASSED] - click: Object: 'Object Repository/Final Object Repo/New Registration - Registration Module Pages/New Reg - OTC to RO/Special Case - OTC - Form 1/Selected - Corporation' is clicked on

2019-01-03 13:05:34 - [MESSAGE][PASSED] - Object: 'Object Repository/Final Object Repo/New Registration - Registration Module Pages/New Reg - OTC to RO/Special Case - OTC - Form 1/Selected - Corporation' is clicked on

2019-01-03 13:05:34 - [TEST_STEP][PASSED] - delay: Delayed 2 second(s)

2019-01-03 13:05:36 - [MESSAGE][PASSED] - Delayed 2 second(s)

2019-01-03 13:05:36 - [TEST_STEP][PASSED] - click: Object: 'Object Repository/Final Object Repo/New Registration - Registration Module Pages/New Reg - OTC to RO/Special Case - OTC - Form 1/Sub Business Entity - Please Select' is clicked on

2019-01-03 13:05:36 - [MESSAGE][PASSED] - Object: 'Object Repository/Final Object Repo/New Registration - Registration Module Pages/New Reg - OTC to RO/Special Case - OTC - Form 1/Sub Business Entity - Please Select' is clicked on

2019-01-03 13:05:36 - [TEST_STEP][PASSED] - delay: Delayed 2 second(s)

2019-01-03 13:05:38 - [MESSAGE][PASSED] - Delayed 2 second(s)

2019-01-03 13:05:38 - [TEST_STEP][PASSED] - click: Object: 'Object Repository/Final Object Repo/New Registration - Registration Module Pages/New Reg - OTC to RO/Special Case - OTC - Form 1/Selected - Sendirian Berhad' is clicked on

2019-01-03 13:05:38 - [MESSAGE][PASSED] - Object: 'Object Repository/Final Object Repo/New Registration - Registration Module Pages/New Reg - OTC to RO/Special Case - OTC - Form 1/Selected - Sendirian Berhad' is clicked on

2019-01-03 13:05:38 - [TEST_STEP][PASSED] - setText: Text 'AUTOMATE001' is set on object 'Object Repository/Final Object Repo/New Registration - Registration Module Pages/New Reg - OTC to RO/Special Case - OTC - Form 1/Input BRN Number'

2019-01-03 13:05:39 - [MESSAGE][PASSED] - Text 'AUTOMATE001' is set on object 'Object Repository/Final Object Repo/New Registration - Registration Module Pages/New Reg - OTC to RO/Special Case - OTC - Form 1/Input BRN Number'

2019-01-03 13:05:39 - [TEST_STEP][PASSED] - delay: Delayed 2 second(s)

2019-01-03 13:05:41 - [MESSAGE][PASSED] - Delayed 2 second(s)

2019-01-03 13:05:41 - [TEST_STEP][PASSED] - click: Object: 'Object Repository/Final Object Repo/New Registration - Registration Module Pages/New Reg - OTC to RO/Special Case - OTC - Form 1/BRN Search' is clicked on

2019-01-03 13:05:41 - [MESSAGE][PASSED] - Object: 'Object Repository/Final Object Repo/New Registration - Registration Module Pages/New Reg - OTC to RO/Special Case - OTC - Form 1/BRN Search' is clicked on

2019-01-03 13:05:41 - [TEST_STEP][PASSED] - delay: Delayed 4 second(s)

2019-01-03 13:05:45 - [MESSAGE][PASSED] - Delayed 4 second(s)

2019-01-03 13:05:45 - [TEST_STEP][PASSED] - click: Object: 'Object Repository/Final Object Repo/New Registration - Registration Module Pages/New Reg - OTC to RO/Special Case - OTC - Form 1/Registered with SSM - After Feb 2017' is clicked on

2019-01-03 13:05:45 - [MESSAGE][PASSED] - Object: 'Object Repository/Final Object Repo/New Registration - Registration Module Pages/New Reg - OTC to RO/Special Case - OTC - Form 1/Registered with SSM - After Feb 2017' is clicked on

2019-01-03 13:05:45 - [TEST_STEP][PASSED] - delay: Delayed 2 second(s)

2019-01-03 13:05:47 - [MESSAGE][PASSED] - Delayed 2 second(s)

2019-01-03 13:05:47 - [TEST_STEP][PASSED] - click: Object: 'Object Repository/Final Object Repo/New Registration - Registration Module Pages/Form 1/Registered As a Branch - Yes' is clicked on

2019-01-03 13:05:47 - [MESSAGE][PASSED] - Object: 'Object Repository/Final Object Repo/New Registration - Registration Module Pages/Form 1/Registered As a Branch - Yes' is clicked on

2019-01-03 13:05:47 - [TEST_STEP][PASSED] - click: Object: 'Object Repository/Final Object Repo/New Registration - Registration Module Pages/New Reg - OTC to RO/Special Case - OTC - Form 1/Acknowledgement Ticked' is clicked on

2019-01-03 13:05:47 - [MESSAGE][PASSED] - Object: 'Object Repository/Final Object Repo/New Registration - Registration Module Pages/New Reg - OTC to RO/Special Case - OTC - Form 1/Acknowledgement Ticked' is clicked on

2019-01-03 13:05:47 - [TEST_STEP][PASSED] - setText: Text 'perkeso769273370946@gmail.com' is set on object 'Object Repository/Final Object Repo/New Registration - Registration Module Pages/Form 1/Email'

2019-01-03 13:05:48 - [MESSAGE][PASSED] - Text 'perkeso769273370946@gmail.com' is set on object 'Object Repository/Final Object Repo/New Registration - Registration Module Pages/Form 1/Email'

2019-01-03 13:05:48 - [TEST_STEP][PASSED] - click: Object: 'Object Repository/Final Object Repo/New Registration - Registration Module Pages/New Reg - OTC to RO/Special Case - OTC - Form 1/Submit Button' is clicked on

2019-01-03 13:05:48 - [MESSAGE][PASSED] - Object: 'Object Repository/Final Object Repo/New Registration - Registration Module Pages/New Reg - OTC to RO/Special Case - OTC - Form 1/Submit Button' is clicked on

2019-01-03 13:05:48 - [TEST_STEP][PASSED] - callTestCase: Call Test Case 'Test Cases/Final Aug 2018 - PKS Automation/Registration Module/New Registration/Form 2/Add 1 Eligible - Employer Account Use' successfully

2019-01-03 13:05:48 - [TEST_CASE][PASSED] - Test Cases/Final Aug 2018 - PKS Automation/Registration Module/New Registration/Form 2/Add 1 Eligible - Employer Account Use: Test Cases/Final Aug 2018 - PKS Automation/Registration Module/New Registration/Form 2/Add 1 Eligible - Employer Account Use

2019-01-03 13:05:48 - [TEST_STEP][PASSED] - delay: Delayed 2 second(s)

2019-01-03 13:05:50 - [MESSAGE][PASSED] - Delayed 2 second(s)

2019-01-03 13:05:50 - [TEST_STEP][PASSED] - callTestCase: Call Test Case 'Test Cases/Final Aug 2018 - PKS Automation/Registration Module/New Registration/Form 2/Date Updater' successfully

2019-01-03 13:05:51 - [TEST_CASE][PASSED] - Test Cases/Final Aug 2018 - PKS Automation/Registration Module/New Registration/Form 2/Date Updater: Test Cases/Final Aug 2018 - PKS Automation/Registration Module/New Registration/Form 2/Date Updater

2019-01-03 13:05:51 - [TEST_STEP][PASSED] - Statement - TodayDate = new java.util.Date(): null

2019-01-03 13:05:51 - [TEST_STEP][PASSED] - Statement - CurrentDateNoFilter = new java.text.SimpleDateFormat(): null

2019-01-03 13:05:51 - [TEST_STEP][PASSED] - Statement - CurrentDateNoFilter.applyPattern("MM"): null

2019-01-03 13:05:51 - [TEST_STEP][PASSED] - Statement - monthContainerMatcher = java.lang.Integer.parseInt(CurrentDateNoFilter.format(TodayDate)): null

2019-01-03 13:05:51 - [TEST_STEP][PASSED] - Statement - monthContainerMatcher = monthContainerMatcher - 1: null

2019-01-03 13:05:51 - [TEST_STEP][PASSED] - Statement - CurrentMonth = monthContainerMatcher.toString(): null

2019-01-03 13:05:51 - [TEST_STEP][PASSED] - Statement - CurrentMonth = CurrentMonth: null

2019-01-03 13:05:51 - [TEST_STEP][PASSED] - Statement - CurrentDateNoFilter.applyPattern("yyyy"): null

2019-01-03 13:05:51 - [TEST_STEP][PASSED] - Statement - CurrentYear = CurrentDateNoFilter.format(TodayDate): null

2019-01-03 13:05:51 - [TEST_STEP][PASSED] - Statement - CurrentYear = CurrentYear: null

2019-01-03 13:05:51 - [TEST_STEP][PASSED] - Statement - intCurrentYear = java.lang.Integer.parseInt(CurrentDateNoFilter.format(TodayDate)): null

2019-01-03 13:05:51 - [TEST_STEP][PASSED] - Statement - eighteenYrsAgo = intCurrentYear - 18: null

2019-01-03 13:05:51 - [TEST_STEP][PASSED] - Statement - eighteenYrsBeforeThisYr = eighteenYrsAgo.toString(): null

2019-01-03 13:05:51 - [TEST_STEP][PASSED] - Statement - EighteenYrsBefore = eighteenYrsBeforeThisYr: null

2019-01-03 13:05:51 - [TEST_STEP][PASSED] - Statement - fiftysevenYrsAgo = intCurrentYear - 57: null

2019-01-03 13:05:51 - [TEST_STEP][PASSED] - Statement - fiftysevenYrsBeforeThisYr = fiftysevenYrsAgo.toString(): null

2019-01-03 13:05:51 - [TEST_STEP][PASSED] - Statement - FiftysevenYrsBefore = fiftysevenYrsBeforeThisYr: null

2019-01-03 13:05:51 - [TEST_STEP][PASSED] - Statement - leapYear = false: null

2019-01-03 13:05:51 - [TEST_STEP][PASSED] - Statement - leapYear = intCurrentYear % 4 == 0: null

2019-01-03 13:05:51 - [TEST_STEP][PASSED] - Statement - CurrentDateNoFilter.applyPattern("dd"): null

2019-01-03 13:05:51 - [TEST_STEP][PASSED] - Statement - CurrentDate = CurrentDateNoFilter.format(TodayDate): null

2019-01-03 13:05:51 - [TEST_STEP][PASSED] - Statement - CurrentDate = java.lang.Integer.parseInt(CurrentDate): null

2019-01-03 13:05:51 - [TEST_STEP][PASSED] - Statement - CurrentDate = CurrentDate: null

2019-01-03 13:05:51 - [TEST_STEP][PASSED] - Statement - CurrentDay = java.lang.Integer.parseInt(CurrentDate): null

2019-01-03 13:05:51 - [TEST_STEP][PASSED] - Statement - ConfAdder = <not implemented yet for class: org.codehaus.groovy.ast.expr.EmptyExpression>: null

2019-01-03 13:05:51 - [TEST_STEP][PASSED] - Statement - out.println(CurrentMonth): null

2019-01-03 13:05:51 - [TEST_STEP][PASSED] - Statement - out.println(CurrentDate): null

2019-01-03 13:05:51 - [TEST_STEP][PASSED] - Statement - switch (CurrentDate): null

2019-01-03 13:05:51 - [TEST_STEP][PASSED] - Statement - Default: null

2019-01-03 13:05:51 - [TEST_STEP][PASSED] - Statement - ConfAdder = true: null

2019-01-03 13:05:51 - [TEST_STEP][PASSED] - Statement - Break: null

2019-01-03 13:05:51 - [TEST_STEP][PASSED] - Statement - aDayBefore = <not implemented yet for class: org.codehaus.groovy.ast.expr.EmptyExpression>: null

2019-01-03 13:05:51 - [TEST_STEP][PASSED] - Statement - out.println(ConfAdder): null

2019-01-03 13:05:51 - [TEST_STEP][PASSED] - Statement - If (ConfAdder == true): null

2019-01-03 13:05:51 - [TEST_STEP][PASSED] - Statement - aDayBefore = CurrentDay + 1: null

2019-01-03 13:05:51 - [TEST_STEP][PASSED] - Statement - out.println(aDayBefore): null

2019-01-03 13:05:51 - [TEST_STEP][PASSED] - Statement - If (aDayBefore == 1 && CurrentMonth == 11): null

2019-01-03 13:05:51 - [TEST_STEP][PASSED] - Statement - DayBefore = aDayBefore.toString(): null

2019-01-03 13:05:51 - [TEST_STEP][PASSED] - Statement - OneDayBefore = DayBefore: null

2019-01-03 13:05:51 - [MESSAGE][PASSED] - Call Test Case 'Test Cases/Final Aug 2018 - PKS Automation/Registration Module/New Registration/Form 2/Date Updater' successfully

2019-01-03 13:05:51 - [TEST_STEP][PASSED] - delay: Delayed 1 second(s)

2019-01-03 13:05:52 - [MESSAGE][PASSED] - Delayed 1 second(s)

2019-01-03 13:05:52 - [TEST_STEP][PASSED] - Statement - CaseReferenceNo = com.kms.katalon.core.webui.keyword.WebUiBuiltInKeywords.getText(com.kms.katalon.core.testobject.ObjectRepository.findTestObject(Final Object Repo/New Registration - Registration Module Pages/Form 2/RefNo Acquiring)): Text of object 'Object Repository/Final Object Repo/New Registration - Registration Module Pages/Form 2/RefNo Acquiring' is: 'CRN01201900123567'

2019-01-03 13:05:52 - [MESSAGE][PASSED] - Text of object 'Object Repository/Final Object Repo/New Registration - Registration Module Pages/Form 2/RefNo Acquiring' is: 'CRN01201900123567'

2019-01-03 13:05:52 - [TEST_STEP][PASSED] - delay: Delayed 1 second(s)

2019-01-03 13:05:53 - [MESSAGE][PASSED] - Delayed 1 second(s)

2019-01-03 13:05:53 - [TEST_STEP][PASSED] - click: Object: 'Object Repository/Final Object Repo/New Registration - Registration Module Pages/Form 2/Add Employee Button' is clicked on

2019-01-03 13:05:53 - [MESSAGE][PASSED] - Object: 'Object Repository/Final Object Repo/New Registration - Registration Module Pages/Form 2/Add Employee Button' is clicked on

2019-01-03 13:05:53 - [TEST_STEP][PASSED] - delay: Delayed 1 second(s)

2019-01-03 13:05:54 - [MESSAGE][PASSED] - Delayed 1 second(s)

2019-01-03 13:05:54 - [TEST_STEP][PASSED] - setText: Text '010903091948' is set on object 'Object Repository/Final Object Repo/New Registration - Registration Module Pages/Form 2/NRIC Input'

2019-01-03 13:05:54 - [MESSAGE][PASSED] - Text '010903091948' is set on object 'Object Repository/Final Object Repo/New Registration - Registration Module Pages/Form 2/NRIC Input'

2019-01-03 13:05:54 - [TEST_STEP][PASSED] - delay: Delayed 2 second(s)

2019-01-03 13:05:56 - [MESSAGE][PASSED] - Delayed 2 second(s)

2019-01-03 13:05:56 - [TEST_STEP][PASSED] - setText: Text 'Automate001 eligible 1' is set on object 'Object Repository/Final Object Repo/New Registration - Registration Module Pages/Form 2/Employee Name Input'

2019-01-03 13:05:57 - [MESSAGE][PASSED] - Text 'Automate001 eligible 1' is set on object 'Object Repository/Final Object Repo/New Registration - Registration Module Pages/Form 2/Employee Name Input'

2019-01-03 13:05:57 - [TEST_STEP][PASSED] - delay: Delayed 2 second(s)

2019-01-03 13:05:59 - [MESSAGE][PASSED] - Delayed 2 second(s)

2019-01-03 13:05:59 - [TEST_STEP][PASSED] - click: Object: 'Object Repository/Final Object Repo/New Registration - Registration Module Pages/Form 2/DatePicker Pop Up' is clicked on

2019-01-03 13:05:59 - [MESSAGE][PASSED] - Object: 'Object Repository/Final Object Repo/New Registration - Registration Module Pages/Form 2/DatePicker Pop Up' is clicked on

2019-01-03 13:05:59 - [TEST_STEP][PASSED] - click: Object: 'Object Repository/Final Object Repo/New Registration - Registration Module Pages/Form 2/DOB Month' is clicked on

2019-01-03 13:05:59 - [MESSAGE][PASSED] - Object: 'Object Repository/Final Object Repo/New Registration - Registration Module Pages/Form 2/DOB Month' is clicked on

2019-01-03 13:05:59 - [TEST_STEP][PASSED] - Statement - CurrentMonth = CurrentMonth: null

2019-01-03 13:05:59 - [TEST_STEP][PASSED] - Statement - selectMonth = new com.kms.katalon.core.testobject.TestObject(): null

2019-01-03 13:05:59 - [TEST_STEP][PASSED] - Statement - selectMonth.addProperty("xpath", EQUALS, "//body/div/div/div/select/option[@value='" + CurrentMonth + "']", true): null

2019-01-03 13:05:59 - [TEST_STEP][PASSED] - click: Object: '' is clicked on

2019-01-03 13:05:59 - [MESSAGE][PASSED] - Object: '' is clicked on

2019-01-03 13:05:59 - [TEST_STEP][PASSED] - click: Object: 'Object Repository/Final Object Repo/New Registration - Registration Module Pages/Form 2/DOB Year' is clicked on

2019-01-03 13:05:59 - [MESSAGE][PASSED] - Object: 'Object Repository/Final Object Repo/New Registration - Registration Module Pages/Form 2/DOB Year' is clicked on

2019-01-03 13:05:59 - [TEST_STEP][PASSED] - Statement - Eyearsbf = EighteenYrsBefore: null

2019-01-03 13:05:59 - [TEST_STEP][PASSED] - Statement - selectYear = new com.kms.katalon.core.testobject.TestObject(): null

2019-01-03 13:05:59 - [TEST_STEP][PASSED] - Statement - selectYear.addProperty("xpath", EQUALS, "//div/div/div/select/option[@value='" + Eyearsbf + "']", true): null

2019-01-03 13:05:59 - [TEST_STEP][PASSED] - click: Object: '' is clicked on

2019-01-03 13:06:00 - [MESSAGE][PASSED] - Object: '' is clicked on

2019-01-03 13:06:00 - [TEST_STEP][PASSED] - Statement - UpdatedSelectDate = com.kms.katalon.core.webui.keyword.WebUiBuiltInKeywords.modifyObjectProperty(com.kms.katalon.core.testobject.ObjectRepository.findTestObject(Final Object Repo/New Registration - Registration Module Pages/Form 2/DOB Date), "xpath", "equals", "//body/div/table/tbody/tr/td/a[text()="" + CurrentDate + ""]", true): Modify property of object successfully

2019-01-03 13:06:00 - [MESSAGE][PASSED] - Modify property of object successfully

2019-01-03 13:06:00 - [TEST_STEP][PASSED] - delay: Delayed 3 second(s)

2019-01-03 13:06:03 - [MESSAGE][PASSED] - Delayed 3 second(s)

2019-01-03 13:06:03 - [TEST_STEP][PASSED] - click: Object: 'Object Repository/Final Object Repo/New Registration - Registration Module Pages/Form 2/DOB Date' is clicked on

2019-01-03 13:06:03 - [MESSAGE][PASSED] - Object: 'Object Repository/Final Object Repo/New Registration - Registration Module Pages/Form 2/DOB Date' is clicked on

2019-01-03 13:06:03 - [TEST_STEP][PASSED] - delay: Delayed 2 second(s)

2019-01-03 13:06:05 - [MESSAGE][PASSED] - Delayed 2 second(s)

2019-01-03 13:06:05 - [TEST_STEP][PASSED] - click: Object: 'Object Repository/Final Object Repo/New Registration - Registration Module Pages/Form 2/EmploymentStartDate Pop Up' is clicked on

2019-01-03 13:06:05 - [MESSAGE][PASSED] - Object: 'Object Repository/Final Object Repo/New Registration - Registration Module Pages/Form 2/EmploymentStartDate Pop Up' is clicked on

2019-01-03 13:06:05 - [TEST_STEP][PASSED] - delay: Delayed 2 second(s)

2019-01-03 13:06:07 - [MESSAGE][PASSED] - Delayed 2 second(s)

2019-01-03 13:06:07 - [TEST_STEP][PASSED] - click: Object: 'Object Repository/Final Object Repo/New Registration - Registration Module Pages/Form 2/Socso Employment StartDate Month' is clicked on

2019-01-03 13:06:07 - [MESSAGE][PASSED] - Object: 'Object Repository/Final Object Repo/New Registration - Registration Module Pages/Form 2/Socso Employment StartDate Month' is clicked on

2019-01-03 13:06:07 - [TEST_STEP][PASSED] - delay: Delayed 1 second(s)

2019-01-03 13:06:08 - [MESSAGE][PASSED] - Delayed 1 second(s)

2019-01-03 13:06:08 - [TEST_STEP][PASSED] - click: Object: 'Object Repository/Final Object Repo/New Registration - Registration Module Pages/Form 2/Select Socso Employement Startdate Month' is clicked on

2019-01-03 13:06:08 - [MESSAGE][PASSED] - Object: 'Object Repository/Final Object Repo/New Registration - Registration Module Pages/Form 2/Select Socso Employement Startdate Month' is clicked on

2019-01-03 13:06:08 - [TEST_STEP][PASSED] - delay: Delayed 2 second(s)

2019-01-03 13:06:10 - [MESSAGE][PASSED] - Delayed 2 second(s)

2019-01-03 13:06:10 - [TEST_STEP][PASSED] - click: Object: 'Object Repository/Final Object Repo/New Registration - Registration Module Pages/Form 2/Socso Employment StartDate Year' is clicked on

2019-01-03 13:06:10 - [MESSAGE][PASSED] - Object: 'Object Repository/Final Object Repo/New Registration - Registration Module Pages/Form 2/Socso Employment StartDate Year' is clicked on

2019-01-03 13:06:10 - [TEST_STEP][PASSED] - delay: Delayed 1 second(s)

2019-01-03 13:06:11 - [MESSAGE][PASSED] - Delayed 1 second(s)

2019-01-03 13:06:11 - [TEST_STEP][PASSED] - click: Object: 'Object Repository/Final Object Repo/New Registration - Registration Module Pages/Form 2/Select Socso Employment Startdate Year' is clicked on

2019-01-03 13:06:11 - [MESSAGE][PASSED] - Object: 'Object Repository/Final Object Repo/New Registration - Registration Module Pages/Form 2/Select Socso Employment Startdate Year' is clicked on

2019-01-03 13:06:11 - [TEST_STEP][PASSED] - delay: Delayed 2 second(s)

2019-01-03 13:06:13 - [MESSAGE][PASSED] - Delayed 2 second(s)

2019-01-03 13:06:13 - [TEST_STEP][PASSED] - click: Object: 'Object Repository/Final Object Repo/New Registration - Registration Module Pages/Form 2/Socso Employment Start Date Day' is clicked on

2019-01-03 13:06:14 - [MESSAGE][PASSED] - Object: 'Object Repository/Final Object Repo/New Registration - Registration Module Pages/Form 2/Socso Employment Start Date Day' is clicked on

2019-01-03 13:06:14 - [TEST_STEP][PASSED] - delay: Delayed 2 second(s)

2019-01-03 13:06:16 - [MESSAGE][PASSED] - Delayed 2 second(s)

2019-01-03 13:06:16 - [TEST_STEP][PASSED] - click: Object: 'Object Repository/Final Object Repo/New Registration - Registration Module Pages/Form 2/Save Button for Add Employee' is clicked on

2019-01-03 13:06:16 - [MESSAGE][PASSED] - Object: 'Object Repository/Final Object Repo/New Registration - Registration Module Pages/Form 2/Save Button for Add Employee' is clicked on

2019-01-03 13:06:16 - [TEST_STEP][PASSED] - delay: Delayed 6 second(s)

2019-01-03 13:06:22 - [MESSAGE][PASSED] - Delayed 6 second(s)

2019-01-03 13:06:22 - [TEST_STEP][PASSED] - click: Object: 'Object Repository/Final Object Repo/New Registration - Registration Module Pages/Form 2/Save and Continue Form 2' is clicked on

2019-01-03 13:06:22 - [MESSAGE][PASSED] - Object: 'Object Repository/Final Object Repo/New Registration - Registration Module Pages/Form 2/Save and Continue Form 2' is clicked on

2019-01-03 13:06:22 - [MESSAGE][PASSED] - Call Test Case 'Test Cases/Final Aug 2018 - PKS Automation/Registration Module/New Registration/Form 2/Add 1 Eligible - Employer Account Use' successfully

2019-01-03 13:06:22 - [TEST_STEP][PASSED] - callTestCase: Call Test Case 'Test Cases/Final Aug 2018 - PKS Automation/Registration Module/New Registration/Flow of New Registration/Third Screen - Upload Supporting Doc - Preview' successfully

2019-01-03 13:06:22 - [TEST_CASE][PASSED] - Test Cases/Final Aug 2018 - PKS Automation/Registration Module/New Registration/Flow of New Registration/Third Screen - Upload Supporting Doc - Preview: Test Cases/Final Aug 2018 - PKS Automation/Registration Module/New Registration/Flow of New Registration/Third Screen - Upload Supporting Doc - Preview

2019-01-03 13:06:22 - [TEST_STEP][PASSED] - waitForPageLoad: Wait for page load successfully

2019-01-03 13:06:23 - [MESSAGE][PASSED] - Wait for page load successfully

2019-01-03 13:06:23 - [TEST_STEP][PASSED] - Statement - CaseReferenceNo = com.kms.katalon.core.webui.keyword.WebUiBuiltInKeywords.getText(com.kms.katalon.core.testobject.ObjectRepository.findTestObject(Final Object Repo/New Registration - Registration Module Pages/Third Screen - Upload Supporting Doc- Preview/RefNo Acquiring)): Text of object 'Object Repository/Final Object Repo/New Registration - Registration Module Pages/Third Screen - Upload Supporting Doc- Preview/RefNo Acquiring' is: 'CRN01201900123567'

2019-01-03 13:06:23 - [MESSAGE][PASSED] - Text of object 'Object Repository/Final Object Repo/New Registration - Registration Module Pages/Third Screen - Upload Supporting Doc- Preview/RefNo Acquiring' is: 'CRN01201900123567'

2019-01-03 13:06:23 - [TEST_STEP][PASSED] - delay: Delayed 2 second(s)

2019-01-03 13:06:25 - [MESSAGE][PASSED] - Delayed 2 second(s)

2019-01-03 13:06:25 - [TEST_STEP][PASSED] - callTestCase: Call Test Case 'Test Cases/Final Aug 2018 - PKS Automation/Common/Reference Number Setter' successfully

2019-01-03 13:06:25 - [TEST_CASE][PASSED] - Test Cases/Final Aug 2018 - PKS Automation/Common/Reference Number Setter: Test Cases/Final Aug 2018 - PKS Automation/Common/Reference Number Setter

2019-01-03 13:06:25 - [TEST_STEP][PASSED] - Statement - RefNoOldFile = new java.io.File(C://Users//Admin//Desktop//PKS//Automation Reference Point//KatalonReference.txt): null

2019-01-03 13:06:25 - [TEST_STEP][PASSED] - Statement - RefNoOldFile.delete(): null

2019-01-03 13:06:25 - [TEST_STEP][PASSED] - delay: Delayed 5 second(s)

2019-01-03 13:06:30 - [MESSAGE][PASSED] - Delayed 5 second(s)

2019-01-03 13:06:30 - [TEST_STEP][PASSED] - Statement - RefNo = new java.io.File(C://Users//Admin//Desktop//PKS//Automation Reference Point//KatalonReference.txt): null

2019-01-03 13:06:30 - [TEST_STEP][PASSED] - Statement - f2 = new java.io.FileWriter(RefNo, false): null

2019-01-03 13:06:30 - [TEST_STEP][PASSED] - Statement - f2.write(CaseReferenceNo): null

2019-01-03 13:06:30 - [TEST_STEP][PASSED] - Statement - f2.close(): null

2019-01-03 13:06:30 - [TEST_STEP][PASSED] - Statement - out.println("


" + CaseReferenceNo + "


"): null

2019-01-03 13:06:30 - [MESSAGE][PASSED] - Call Test Case 'Test Cases/Final Aug 2018 - PKS Automation/Common/Reference Number Setter' successfully

2019-01-03 13:06:30 - [TEST_STEP][PASSED] - waitForElementClickable: Object 'Object Repository/Final Object Repo/New Registration - Registration Module Pages/Third Screen - Upload Supporting Doc- Preview/Save n Continue in SIP Employee Listing Page' is clickable

2019-01-03 13:06:30 - [MESSAGE][PASSED] - Object 'Object Repository/Final Object Repo/New Registration - Registration Module Pages/Third Screen - Upload Supporting Doc- Preview/Save n Continue in SIP Employee Listing Page' is clickable

2019-01-03 13:06:30 - [TEST_STEP][PASSED] - click: Object: 'Object Repository/Final Object Repo/New Registration - Registration Module Pages/Third Screen - Upload Supporting Doc- Preview/Save n Continue in SIP Employee Listing Page' is clicked on

2019-01-03 13:06:35 - [MESSAGE][PASSED] - Object: 'Object Repository/Final Object Repo/New Registration - Registration Module Pages/Third Screen - Upload Supporting Doc- Preview/Save n Continue in SIP Employee Listing Page' is clicked on

2019-01-03 13:06:35 - [TEST_STEP][PASSED] - delay: Delayed 7 second(s)

2019-01-03 13:06:42 - [MESSAGE][PASSED] - Delayed 7 second(s)

2019-01-03 13:06:42 - [TEST_STEP][PASSED] - click: Object: 'Object Repository/Final Object Repo/New Registration - Registration Module Pages/Third Screen - Upload Supporting Doc- Preview/Add Document Button' is clicked on

2019-01-03 13:06:42 - [MESSAGE][PASSED] - Object: 'Object Repository/Final Object Repo/New Registration - Registration Module Pages/Third Screen - Upload Supporting Doc- Preview/Add Document Button' is clicked on

2019-01-03 13:06:42 - [TEST_STEP][PASSED] - delay: Delayed 30 second(s)

2019-01-03 13:07:12 - [MESSAGE][PASSED] - Delayed 30 second(s)

2019-01-03 13:07:12 - [TEST_STEP][PASSED] - click: Object: 'Object Repository/Final Object Repo/New Registration - Registration Module Pages/Third Screen - Upload Supporting Doc- Preview/Supporting Doc Please Select Drop Down' is clicked on

2019-01-03 13:07:13 - [MESSAGE][PASSED] - Object: 'Object Repository/Final Object Repo/New Registration - Registration Module Pages/Third Screen - Upload Supporting Doc- Preview/Supporting Doc Please Select Drop Down' is clicked on

2019-01-03 13:07:13 - [TEST_STEP][PASSED] - delay: Delayed 2 second(s)

2019-01-03 13:07:15 - [MESSAGE][PASSED] - Delayed 2 second(s)

2019-01-03 13:07:15 - [TEST_STEP][PASSED] - click: Object: 'Object Repository/Final Object Repo/New Registration - Registration Module Pages/Third Screen - Upload Supporting Doc- Preview/Select to Upload Form 1' is clicked on

2019-01-03 13:07:15 - [MESSAGE][PASSED] - Object: 'Object Repository/Final Object Repo/New Registration - Registration Module Pages/Third Screen - Upload Supporting Doc- Preview/Select to Upload Form 1' is clicked on

2019-01-03 13:07:15 - [TEST_STEP][PASSED] - delay: Delayed 2 second(s)

2019-01-03 13:07:17 - [MESSAGE][PASSED] - Delayed 2 second(s)

2019-01-03 13:07:17 - [TEST_STEP][PASSED] - uploadFile: File 'C:\Users\Public\Pictures\Sample Pictures\Koala.jpg' sent to object: 'Object Repository/Final Object Repo/New Registration - Registration Module Pages/Third Screen - Upload Supporting Doc- Preview/Upload File Adding'

2019-01-03 13:07:17 - [MESSAGE][PASSED] - File 'C:\Users\Public\Pictures\Sample Pictures\Koala.jpg' sent to object: 'Object Repository/Final Object Repo/New Registration - Registration Module Pages/Third Screen - Upload Supporting Doc- Preview/Upload File Adding'

2019-01-03 13:07:17 - [TEST_STEP][PASSED] - delay: Delayed 5 second(s)

2019-01-03 13:07:22 - [MESSAGE][PASSED] - Delayed 5 second(s)

2019-01-03 13:07:22 - [TEST_STEP][PASSED] - click: Object: 'Object Repository/Final Object Repo/New Registration - Registration Module Pages/Third Screen - Upload Supporting Doc- Preview/Inner Form Add Document Button' is clicked on

2019-01-03 13:07:22 - [MESSAGE][PASSED] - Object: 'Object Repository/Final Object Repo/New Registration - Registration Module Pages/Third Screen - Upload Supporting Doc- Preview/Inner Form Add Document Button' is clicked on

2019-01-03 13:07:22 - [TEST_STEP][PASSED] - delay: Delayed 3 second(s)

2019-01-03 13:07:25 - [MESSAGE][PASSED] - Delayed 3 second(s)

2019-01-03 13:07:25 - [TEST_STEP][PASSED] - click: Object: 'Object Repository/Final Object Repo/New Registration - Registration Module Pages/Third Screen - Upload Supporting Doc- Preview/Add Document Button' is clicked on

2019-01-03 13:07:27 - [MESSAGE][PASSED] - Object: 'Object Repository/Final Object Repo/New Registration - Registration Module Pages/Third Screen - Upload Supporting Doc- Preview/Add Document Button' is clicked on

2019-01-03 13:07:27 - [TEST_STEP][PASSED] - delay: Delayed 30 second(s)

2019-01-03 13:07:57 - [MESSAGE][PASSED] - Delayed 30 second(s)

2019-01-03 13:07:57 - [TEST_STEP][PASSED] - click: Object: 'Object Repository/Final Object Repo/New Registration - Registration Module Pages/Third Screen - Upload Supporting Doc- Preview/Supporting Doc Please Select Drop Down' is clicked on

2019-01-03 13:07:57 - [MESSAGE][PASSED] - Object: 'Object Repository/Final Object Repo/New Registration - Registration Module Pages/Third Screen - Upload Supporting Doc- Preview/Supporting Doc Please Select Drop Down' is clicked on

2019-01-03 13:07:57 - [TEST_STEP][PASSED] - delay: Delayed 4 second(s)

2019-01-03 13:08:01 - [MESSAGE][PASSED] - Delayed 4 second(s)

2019-01-03 13:08:01 - [TEST_STEP][PASSED] - click: Object: 'Object Repository/Final Object Repo/New Registration - Registration Module Pages/Third Screen - Upload Supporting Doc- Preview/Select to Upload Form 2' is clicked on

2019-01-03 13:08:01 - [MESSAGE][PASSED] - Object: 'Object Repository/Final Object Repo/New Registration - Registration Module Pages/Third Screen - Upload Supporting Doc- Preview/Select to Upload Form 2' is clicked on

2019-01-03 13:08:01 - [TEST_STEP][PASSED] - delay: Delayed 2 second(s)

2019-01-03 13:08:03 - [MESSAGE][PASSED] - Delayed 2 second(s)

2019-01-03 13:08:03 - [TEST_STEP][PASSED] - uploadFile: File 'C:\Users\Public\Pictures\Sample Pictures\Koala.jpg' sent to object: 'Object Repository/Final Object Repo/New Registration - Registration Module Pages/Third Screen - Upload Supporting Doc- Preview/Upload File Adding'

2019-01-03 13:08:03 - [MESSAGE][PASSED] - File 'C:\Users\Public\Pictures\Sample Pictures\Koala.jpg' sent to object: 'Object Repository/Final Object Repo/New Registration - Registration Module Pages/Third Screen - Upload Supporting Doc- Preview/Upload File Adding'

2019-01-03 13:08:03 - [TEST_STEP][PASSED] - click: Object: 'Object Repository/Final Object Repo/New Registration - Registration Module Pages/Third Screen - Upload Supporting Doc- Preview/Inner Form Add Document Button' is clicked on

2019-01-03 13:08:03 - [MESSAGE][PASSED] - Object: 'Object Repository/Final Object Repo/New Registration - Registration Module Pages/Third Screen - Upload Supporting Doc- Preview/Inner Form Add Document Button' is clicked on

2019-01-03 13:08:03 - [TEST_STEP][PASSED] - delay: Delayed 5 second(s)

2019-01-03 13:08:08 - [MESSAGE][PASSED] - Delayed 5 second(s)

2019-01-03 13:08:08 - [TEST_STEP][PASSED] - click: Object: 'Object Repository/Final Object Repo/New Registration - Registration Module Pages/Third Screen - Upload Supporting Doc- Preview/Add Document Button' is clicked on

2019-01-03 13:08:08 - [MESSAGE][PASSED] - Object: 'Object Repository/Final Object Repo/New Registration - Registration Module Pages/Third Screen - Upload Supporting Doc- Preview/Add Document Button' is clicked on

2019-01-03 13:08:08 - [TEST_STEP][PASSED] - delay: Delayed 30 second(s)

2019-01-03 13:08:38 - [MESSAGE][PASSED] - Delayed 30 second(s)

2019-01-03 13:08:38 - [TEST_STEP][PASSED] - click: Object: 'Object Repository/Final Object Repo/New Registration - Registration Module Pages/Third Screen - Upload Supporting Doc- Preview/Supporting Doc Please Select Drop Down' is clicked on

2019-01-03 13:08:39 - [MESSAGE][PASSED] - Object: 'Object Repository/Final Object Repo/New Registration - Registration Module Pages/Third Screen - Upload Supporting Doc- Preview/Supporting Doc Please Select Drop Down' is clicked on

2019-01-03 13:08:39 - [TEST_STEP][PASSED] - click: Object: 'Object Repository/Final Object Repo/New Registration - Registration Module Pages/Third Screen - Upload Supporting Doc- Preview/Select to Upload Borang SIP 1' is clicked on

2019-01-03 13:08:39 - [MESSAGE][PASSED] - Object: 'Object Repository/Final Object Repo/New Registration - Registration Module Pages/Third Screen - Upload Supporting Doc- Preview/Select to Upload Borang SIP 1' is clicked on

2019-01-03 13:08:39 - [TEST_STEP][PASSED] - delay: Delayed 2 second(s)

2019-01-03 13:08:41 - [MESSAGE][PASSED] - Delayed 2 second(s)

2019-01-03 13:08:41 - [TEST_STEP][PASSED] - uploadFile: File 'C:\Users\Public\Pictures\Sample Pictures\Koala.jpg' sent to object: 'Object Repository/Final Object Repo/New Registration - Registration Module Pages/Third Screen - Upload Supporting Doc- Preview/Upload File Adding'

2019-01-03 13:08:41 - [MESSAGE][PASSED] - File 'C:\Users\Public\Pictures\Sample Pictures\Koala.jpg' sent to object: 'Object Repository/Final Object Repo/New Registration - Registration Module Pages/Third Screen - Upload Supporting Doc- Preview/Upload File Adding'

2019-01-03 13:08:41 - [TEST_STEP][PASSED] - click: Object: 'Object Repository/Final Object Repo/New Registration - Registration Module Pages/Third Screen - Upload Supporting Doc- Preview/Inner Form Add Document Button' is clicked on

2019-01-03 13:08:41 - [MESSAGE][PASSED] - Object: 'Object Repository/Final Object Repo/New Registration - Registration Module Pages/Third Screen - Upload Supporting Doc- Preview/Inner Form Add Document Button' is clicked on

2019-01-03 13:08:41 - [TEST_STEP][PASSED] - delay: Delayed 5 second(s)

2019-01-03 13:08:46 - [MESSAGE][PASSED] - Delayed 5 second(s)

2019-01-03 13:08:46 - [TEST_STEP][PASSED] - click: Object: 'Object Repository/Final Object Repo/New Registration - Registration Module Pages/Third Screen - Upload Supporting Doc- Preview/Add Document Button' is clicked on

2019-01-03 13:08:46 - [MESSAGE][PASSED] - Object: 'Object Repository/Final Object Repo/New Registration - Registration Module Pages/Third Screen - Upload Supporting Doc- Preview/Add Document Button' is clicked on

2019-01-03 13:08:46 - [TEST_STEP][PASSED] - delay: Delayed 30 second(s)

2019-01-03 13:09:16 - [MESSAGE][PASSED] - Delayed 30 second(s)

2019-01-03 13:09:16 - [TEST_STEP][PASSED] - click: Object: 'Object Repository/Final Object Repo/New Registration - Registration Module Pages/Third Screen - Upload Supporting Doc- Preview/Supporting Doc Please Select Drop Down' is clicked on

2019-01-03 13:09:16 - [MESSAGE][PASSED] - Object: 'Object Repository/Final Object Repo/New Registration - Registration Module Pages/Third Screen - Upload Supporting Doc- Preview/Supporting Doc Please Select Drop Down' is clicked on

2019-01-03 13:09:16 - [TEST_STEP][PASSED] - delay: Delayed 3 second(s)

2019-01-03 13:09:19 - [MESSAGE][PASSED] - Delayed 3 second(s)

2019-01-03 13:09:19 - [TEST_STEP][PASSED] - click: Object: 'Object Repository/Final Object Repo/New Registration - Registration Module Pages/Third Screen - Upload Supporting Doc- Preview/Select to Upload Borang SIP 2' is clicked on

2019-01-03 13:09:20 - [MESSAGE][PASSED] - Object: 'Object Repository/Final Object Repo/New Registration - Registration Module Pages/Third Screen - Upload Supporting Doc- Preview/Select to Upload Borang SIP 2' is clicked on

2019-01-03 13:09:20 - [TEST_STEP][PASSED] - delay: Delayed 2 second(s)

2019-01-03 13:09:22 - [MESSAGE][PASSED] - Delayed 2 second(s)

2019-01-03 13:09:22 - [TEST_STEP][PASSED] - uploadFile: File 'C:\Users\Public\Pictures\Sample Pictures\Koala.jpg' sent to object: 'Object Repository/Final Object Repo/New Registration - Registration Module Pages/Third Screen - Upload Supporting Doc- Preview/Upload File Adding'

2019-01-03 13:09:22 - [MESSAGE][PASSED] - File 'C:\Users\Public\Pictures\Sample Pictures\Koala.jpg' sent to object: 'Object Repository/Final Object Repo/New Registration - Registration Module Pages/Third Screen - Upload Supporting Doc- Preview/Upload File Adding'

2019-01-03 13:09:22 - [TEST_STEP][PASSED] - delay: Delayed 5 second(s)

2019-01-03 13:09:27 - [MESSAGE][PASSED] - Delayed 5 second(s)

2019-01-03 13:09:27 - [TEST_STEP][PASSED] - click: Object: 'Object Repository/Final Object Repo/New Registration - Registration Module Pages/Third Screen - Upload Supporting Doc- Preview/Inner Form Add Document Button' is clicked on

2019-01-03 13:09:27 - [MESSAGE][PASSED] - Object: 'Object Repository/Final Object Repo/New Registration - Registration Module Pages/Third Screen - Upload Supporting Doc- Preview/Inner Form Add Document Button' is clicked on

2019-01-03 13:09:27 - [TEST_STEP][PASSED] - delay: Delayed 3 second(s)

2019-01-03 13:09:30 - [MESSAGE][PASSED] - Delayed 3 second(s)

2019-01-03 13:09:30 - [TEST_STEP][PASSED] - waitForElementClickable: Object 'Object Repository/Final Object Repo/New Registration - Registration Module Pages/Third Screen - Upload Supporting Doc- Preview/Save n Continue in Uploading Supporting Doc Page' is clickable

2019-01-03 13:09:31 - [MESSAGE][PASSED] - Object 'Object Repository/Final Object Repo/New Registration - Registration Module Pages/Third Screen - Upload Supporting Doc- Preview/Save n Continue in Uploading Supporting Doc Page' is clickable

2019-01-03 13:09:31 - [TEST_STEP][PASSED] - click: Object: 'Object Repository/Final Object Repo/New Registration - Registration Module Pages/Third Screen - Upload Supporting Doc- Preview/Save n Continue in Uploading Supporting Doc Page' is clicked on

2019-01-03 13:09:31 - [MESSAGE][PASSED] - Object: 'Object Repository/Final Object Repo/New Registration - Registration Module Pages/Third Screen - Upload Supporting Doc- Preview/Save n Continue in Uploading Supporting Doc Page' is clicked on

2019-01-03 13:09:31 - [MESSAGE][PASSED] - Call Test Case 'Test Cases/Final Aug 2018 - PKS Automation/Registration Module/New Registration/Flow of New Registration/Third Screen - Upload Supporting Doc - Preview' successfully

2019-01-03 13:09:31 - [TEST_STEP][PASSED] - setText: Text 'Tester' is set on object 'Object Repository/Final Object Repo/New Registration - Registration Module Pages/New Reg - OTC to RO/Special Case - All Related Objects/Employer Preview Name'

2019-01-03 13:09:36 - [MESSAGE][PASSED] - Text 'Tester' is set on object 'Object Repository/Final Object Repo/New Registration - Registration Module Pages/New Reg - OTC to RO/Special Case - All Related Objects/Employer Preview Name'

2019-01-03 13:09:36 - [TEST_STEP][PASSED] - click: Object: 'Object Repository/Final Object Repo/New Registration - Registration Module Pages/New Reg - OTC to RO/Special Case - All Related Objects/IC Type Drop Down' is clicked on

2019-01-03 13:09:36 - [MESSAGE][PASSED] - Object: 'Object Repository/Final Object Repo/New Registration - Registration Module Pages/New Reg - OTC to RO/Special Case - All Related Objects/IC Type Drop Down' is clicked on

2019-01-03 13:09:36 - [TEST_STEP][PASSED] - click: Object: 'Object Repository/Final Object Repo/New Registration - Registration Module Pages/New Reg - OTC to RO/Special Case - All Related Objects/Select to NRIC' is clicked on

2019-01-03 13:09:36 - [MESSAGE][PASSED] - Object: 'Object Repository/Final Object Repo/New Registration - Registration Module Pages/New Reg - OTC to RO/Special Case - All Related Objects/Select to NRIC' is clicked on

2019-01-03 13:09:36 - [TEST_STEP][PASSED] - setText: Text '133245561223' is set on object 'Object Repository/Final Object Repo/New Registration - Registration Module Pages/New Reg - OTC to RO/Special Case - All Related Objects/IC Value'

2019-01-03 13:09:36 - [MESSAGE][PASSED] - Text '133245561223' is set on object 'Object Repository/Final Object Repo/New Registration - Registration Module Pages/New Reg - OTC to RO/Special Case - All Related Objects/IC Value'

2019-01-03 13:09:36 - [TEST_STEP][PASSED] - setText: Text 'Auto' is set on object 'Object Repository/Final Object Repo/New Registration - Registration Module Pages/New Reg - OTC to RO/Special Case - All Related Objects/Designation'

2019-01-03 13:09:37 - [MESSAGE][PASSED] - Text 'Auto' is set on object 'Object Repository/Final Object Repo/New Registration - Registration Module Pages/New Reg - OTC to RO/Special Case - All Related Objects/Designation'

2019-01-03 13:09:37 - [TEST_STEP][PASSED] - callTestCase: Call Test Case 'Test Cases/Final Aug 2018 - PKS Automation/Registration Module/New Registration/Submit and Screenshot/Submit Registration and Screenshot - Copy' successfully

2019-01-03 13:09:37 - [TEST_CASE][PASSED] - Test Cases/Final Aug 2018 - PKS Automation/Registration Module/New Registration/Submit and Screenshot/Submit Registration and Screenshot - Copy: Test Cases/Final Aug 2018 - PKS Automation/Registration Module/New Registration/Submit and Screenshot/Submit Registration and Screenshot - Copy

2019-01-03 13:09:37 - [TEST_STEP][PASSED] - delay: Delayed 6 second(s)

2019-01-03 13:09:43 - [MESSAGE][PASSED] - Delayed 6 second(s)

2019-01-03 13:09:43 - [TEST_STEP][PASSED] - click: Object: 'Object Repository/Final Object Repo/New Registration - Registration Module Pages/Third Screen - Upload Supporting Doc- Preview/Preview Submit Button' is clicked on

2019-01-03 13:09:43 - [MESSAGE][PASSED] - Object: 'Object Repository/Final Object Repo/New Registration - Registration Module Pages/Third Screen - Upload Supporting Doc- Preview/Preview Submit Button' is clicked on

2019-01-03 13:09:43 - [TEST_STEP][PASSED] - delay: Delayed 2 second(s)

2019-01-03 13:09:45 - [MESSAGE][PASSED] - Delayed 2 second(s)

2019-01-03 13:09:45 - [TEST_STEP][PASSED] - click: Object: 'Object Repository/Final Object Repo/New Registration - Registration Module Pages/Third Screen - Upload Supporting Doc- Preview/Preview Submit - Confirm' is clicked on

2019-01-03 13:09:45 - [MESSAGE][PASSED] - Object: 'Object Repository/Final Object Repo/New Registration - Registration Module Pages/Third Screen - Upload Supporting Doc- Preview/Preview Submit - Confirm' is clicked on

2019-01-03 13:09:45 - [TEST_STEP][PASSED] - delay: Delayed 15 second(s)

2019-01-03 13:10:00 - [MESSAGE][PASSED] - Delayed 15 second(s)

2019-01-03 13:10:00 - [TEST_STEP][PASSED] - Statement - driver = com.kms.katalon.core.webui.driver.DriverFactory.getWebDriver(): null

2019-01-03 13:10:00 - [TEST_STEP][PASSED] - Statement - driver.manage().timeouts().implicitlyWait(10, SECONDS): null

2019-01-03 13:10:00 - [TEST_STEP][PASSED] - Statement - PresavePath = KatalonScreenshots: null

2019-01-03 13:10:00 - [TEST_STEP][PASSED] - Statement - pathPrefix = "C:\Users\Public\Pictures\Sample Pictures\Katalon Screenshots\Automate Ending Screen": null

2019-01-03 13:10:00 - [TEST_STEP][PASSED] - Statement - finalPath = <not implemented yet for class: org.codehaus.groovy.ast.expr.EmptyExpression>: null

2019-01-03 13:10:00 - [TEST_STEP][PASSED] - Statement - scrFile = driver.getScreenshotAs(FILE): null

2019-01-03 13:10:00 - [TEST_STEP][PASSED] - Statement - PreSaveFile = new java.io.File(PresavePath): null

2019-01-03 13:10:00 - [TEST_STEP][PASSED] - Statement - counter = 0: null

2019-01-03 13:10:00 - [TEST_STEP][PASSED] - Statement - If (PreSaveFile.exists()): null

2019-01-03 13:10:00 - [TEST_STEP][PASSED] - Statement - While (PreSaveFile.exists()): null

2019-01-03 13:10:00 - [TEST_STEP][PASSED] - Statement - counter = counter + 1: null

2019-01-03 13:10:00 - [TEST_STEP][PASSED] - Statement - PreSaveFile = new java.io.File(((pathPrefix + java.lang.Integer.toString(counter)) + .png)): null

2019-01-03 13:10:00 - [TEST_STEP][PASSED] - Statement - counter = counter + 1: null

2019-01-03 13:10:00 - [TEST_STEP][PASSED] - Statement - PreSaveFile = new java.io.File(((pathPrefix + java.lang.Integer.toString(counter)) + .png)): null

2019-01-03 13:10:00 - [TEST_STEP][PASSED] - Statement - counter = counter + 1: null

2019-01-03 13:10:00 - [TEST_STEP][PASSED] - Statement - PreSaveFile = new java.io.File(((pathPrefix + java.lang.Integer.toString(counter)) + .png)): null

2019-01-03 13:10:00 - [TEST_STEP][PASSED] - Statement - counter = counter + 1: null

2019-01-03 13:10:00 - [TEST_STEP][PASSED] - Statement - PreSaveFile = new java.io.File(((pathPrefix + java.lang.Integer.toString(counter)) + .png)): null

2019-01-03 13:10:00 - [TEST_STEP][PASSED] - Statement - counter = counter + 1: null

2019-01-03 13:10:00 - [TEST_STEP][PASSED] - Statement - PreSaveFile = new java.io.File(((pathPrefix + java.lang.Integer.toString(counter)) + .png)): null

2019-01-03 13:10:00 - [TEST_STEP][PASSED] - Statement - counter = counter + 1: null

2019-01-03 13:10:00 - [TEST_STEP][PASSED] - Statement - PreSaveFile = new java.io.File(((pathPrefix + java.lang.Integer.toString(counter)) + .png)): null

2019-01-03 13:10:00 - [TEST_STEP][PASSED] - Statement - counter = counter + 1: null

2019-01-03 13:10:00 - [TEST_STEP][PASSED] - Statement - PreSaveFile = new java.io.File(((pathPrefix + java.lang.Integer.toString(counter)) + .png)): null

2019-01-03 13:10:00 - [TEST_STEP][PASSED] - Statement - counter = counter + 1: null

2019-01-03 13:10:00 - [TEST_STEP][PASSED] - Statement - PreSaveFile = new java.io.File(((pathPrefix + java.lang.Integer.toString(counter)) + .png)): null

2019-01-03 13:10:00 - [TEST_STEP][PASSED] - Statement - counter = counter + 1: null

2019-01-03 13:10:00 - [TEST_STEP][PASSED] - Statement - PreSaveFile = new java.io.File(((pathPrefix + java.lang.Integer.toString(counter)) + .png)): null

2019-01-03 13:10:00 - [TEST_STEP][PASSED] - Statement - counter = counter + 1: null

2019-01-03 13:10:00 - [TEST_STEP][PASSED] - Statement - PreSaveFile = new java.io.File(((pathPrefix + java.lang.Integer.toString(counter)) + .png)): null

2019-01-03 13:10:00 - [TEST_STEP][PASSED] - Statement - counter = counter + 1: null

2019-01-03 13:10:00 - [TEST_STEP][PASSED] - Statement - PreSaveFile = new java.io.File(((pathPrefix + java.lang.Integer.toString(counter)) + .png)): null

2019-01-03 13:10:00 - [TEST_STEP][PASSED] - Statement - counter = counter + 1: null

2019-01-03 13:10:00 - [TEST_STEP][PASSED] - Statement - PreSaveFile = new java.io.File(((pathPrefix + java.lang.Integer.toString(counter)) + .png)): null

2019-01-03 13:10:00 - [TEST_STEP][PASSED] - Statement - counter = counter + 1: null

2019-01-03 13:10:00 - [TEST_STEP][PASSED] - Statement - PreSaveFile = new java.io.File(((pathPrefix + java.lang.Integer.toString(counter)) + .png)): null

2019-01-03 13:10:00 - [TEST_STEP][PASSED] - Statement - counter = counter + 1: null

2019-01-03 13:10:00 - [TEST_STEP][PASSED] - Statement - PreSaveFile = new java.io.File(((pathPrefix + java.lang.Integer.toString(counter)) + .png)): null

2019-01-03 13:10:00 - [TEST_STEP][PASSED] - Statement - counter = counter + 1: null

2019-01-03 13:10:00 - [TEST_STEP][PASSED] - Statement - PreSaveFile = new java.io.File(((pathPrefix + java.lang.Integer.toString(counter)) + .png)): null

2019-01-03 13:10:00 - [TEST_STEP][PASSED] - Statement - counter = counter + 1: null

2019-01-03 13:10:00 - [TEST_STEP][PASSED] - Statement - PreSaveFile = new java.io.File(((pathPrefix + java.lang.Integer.toString(counter)) + .png)): null

2019-01-03 13:10:00 - [TEST_STEP][PASSED] - Statement - counter = counter + 1: null

2019-01-03 13:10:00 - [TEST_STEP][PASSED] - Statement - PreSaveFile = new java.io.File(((pathPrefix + java.lang.Integer.toString(counter)) + .png)): null

2019-01-03 13:10:00 - [TEST_STEP][PASSED] - Statement - counter = counter + 1: null

2019-01-03 13:10:00 - [TEST_STEP][PASSED] - Statement - PreSaveFile = new java.io.File(((pathPrefix + java.lang.Integer.toString(counter)) + .png)): null

2019-01-03 13:10:00 - [TEST_STEP][PASSED] - Statement - counter = counter + 1: null

2019-01-03 13:10:00 - [TEST_STEP][PASSED] - Statement - PreSaveFile = new java.io.File(((pathPrefix + java.lang.Integer.toString(counter)) + .png)): null

2019-01-03 13:10:00 - [TEST_STEP][PASSED] - Statement - counter = counter + 1: null

2019-01-03 13:10:00 - [TEST_STEP][PASSED] - Statement - PreSaveFile = new java.io.File(((pathPrefix + java.lang.Integer.toString(counter)) + .png)): null

2019-01-03 13:10:00 - [TEST_STEP][PASSED] - Statement - counter = counter + 1: null

2019-01-03 13:10:00 - [TEST_STEP][PASSED] - Statement - PreSaveFile = new java.io.File(((pathPrefix + java.lang.Integer.toString(counter)) + .png)): null

2019-01-03 13:10:00 - [TEST_STEP][PASSED] - Statement - counter = counter + 1: null

2019-01-03 13:10:00 - [TEST_STEP][PASSED] - Statement - PreSaveFile = new java.io.File(((pathPrefix + java.lang.Integer.toString(counter)) + .png)): null

2019-01-03 13:10:00 - [TEST_STEP][PASSED] - Statement - counter = counter + 1: null

2019-01-03 13:10:00 - [TEST_STEP][PASSED] - Statement - PreSaveFile = new java.io.File(((pathPrefix + java.lang.Integer.toString(counter)) + .png)): null

2019-01-03 13:10:00 - [TEST_STEP][PASSED] - Statement - counter = counter + 1: null

2019-01-03 13:10:00 - [TEST_STEP][PASSED] - Statement - PreSaveFile = new java.io.File(((pathPrefix + java.lang.Integer.toString(counter)) + .png)): null

2019-01-03 13:10:00 - [TEST_STEP][PASSED] - Statement - counter = counter + 1: null

2019-01-03 13:10:00 - [TEST_STEP][PASSED] - Statement - PreSaveFile = new java.io.File(((pathPrefix + java.lang.Integer.toString(counter)) + .png)): null

2019-01-03 13:10:00 - [TEST_STEP][PASSED] - Statement - counter = counter + 1: null

2019-01-03 13:10:00 - [TEST_STEP][PASSED] - Statement - PreSaveFile = new java.io.File(((pathPrefix + java.lang.Integer.toString(counter)) + .png)): null

2019-01-03 13:10:00 - [TEST_STEP][PASSED] - Statement - counter = counter + 1: null

2019-01-03 13:10:00 - [TEST_STEP][PASSED] - Statement - PreSaveFile = new java.io.File(((pathPrefix + java.lang.Integer.toString(counter)) + .png)): null

2019-01-03 13:10:00 - [TEST_STEP][PASSED] - Statement - counter = counter + 1: null

2019-01-03 13:10:00 - [TEST_STEP][PASSED] - Statement - PreSaveFile = new java.io.File(((pathPrefix + java.lang.Integer.toString(counter)) + .png)): null

2019-01-03 13:10:00 - [TEST_STEP][PASSED] - Statement - counter = counter + 1: null

2019-01-03 13:10:00 - [TEST_STEP][PASSED] - Statement - PreSaveFile = new java.io.File(((pathPrefix + java.lang.Integer.toString(counter)) + .png)): null

2019-01-03 13:10:00 - [TEST_STEP][PASSED] - Statement - counter = counter + 1: null

2019-01-03 13:10:00 - [TEST_STEP][PASSED] - Statement - PreSaveFile = new java.io.File(((pathPrefix + java.lang.Integer.toString(counter)) + .png)): null

2019-01-03 13:10:00 - [TEST_STEP][PASSED] - Statement - counter = counter + 1: null

2019-01-03 13:10:01 - [TEST_STEP][PASSED] - Statement - PreSaveFile = new java.io.File(((pathPrefix + java.lang.Integer.toString(counter)) + .png)): null

2019-01-03 13:10:01 - [TEST_STEP][PASSED] - Statement - counter = counter + 1: null

2019-01-03 13:10:01 - [TEST_STEP][PASSED] - Statement - PreSaveFile = new java.io.File(((pathPrefix + java.lang.Integer.toString(counter)) + .png)): null

2019-01-03 13:10:01 - [TEST_STEP][PASSED] - Statement - counter = counter + 1: null

2019-01-03 13:10:01 - [TEST_STEP][PASSED] - Statement - PreSaveFile = new java.io.File(((pathPrefix + java.lang.Integer.toString(counter)) + .png)): null

2019-01-03 13:10:01 - [TEST_STEP][PASSED] - Statement - counter = counter + 1: null

2019-01-03 13:10:01 - [TEST_STEP][PASSED] - Statement - PreSaveFile = new java.io.File(((pathPrefix + java.lang.Integer.toString(counter)) + .png)): null

2019-01-03 13:10:01 - [TEST_STEP][PASSED] - Statement - counter = counter + 1: null

2019-01-03 13:10:01 - [TEST_STEP][PASSED] - Statement - PreSaveFile = new java.io.File(((pathPrefix + java.lang.Integer.toString(counter)) + .png)): null

2019-01-03 13:10:01 - [TEST_STEP][PASSED] - Statement - counter = counter + 1: null

2019-01-03 13:10:01 - [TEST_STEP][PASSED] - Statement - PreSaveFile = new java.io.File(((pathPrefix + java.lang.Integer.toString(counter)) + .png)): null

2019-01-03 13:10:01 - [TEST_STEP][PASSED] - Statement - counter = counter + 1: null

2019-01-03 13:10:01 - [TEST_STEP][PASSED] - Statement - PreSaveFile = new java.io.File(((pathPrefix + java.lang.Integer.toString(counter)) + .png)): null

2019-01-03 13:10:01 - [TEST_STEP][PASSED] - Statement - counter = counter + 1: null

2019-01-03 13:10:01 - [TEST_STEP][PASSED] - Statement - PreSaveFile = new java.io.File(((pathPrefix + java.lang.Integer.toString(counter)) + .png)): null

2019-01-03 13:10:01 - [TEST_STEP][PASSED] - Statement - counter = counter + 1: null

2019-01-03 13:10:01 - [TEST_STEP][PASSED] - Statement - PreSaveFile = new java.io.File(((pathPrefix + java.lang.Integer.toString(counter)) + .png)): null

2019-01-03 13:10:01 - [TEST_STEP][PASSED] - Statement - counter = counter + 1: null

2019-01-03 13:10:01 - [TEST_STEP][PASSED] - Statement - PreSaveFile = new java.io.File(((pathPrefix + java.lang.Integer.toString(counter)) + .png)): null

2019-01-03 13:10:01 - [TEST_STEP][PASSED] - Statement - counter = counter + 1: null

2019-01-03 13:10:01 - [TEST_STEP][PASSED] - Statement - PreSaveFile = new java.io.File(((pathPrefix + java.lang.Integer.toString(counter)) + .png)): null

2019-01-03 13:10:01 - [TEST_STEP][PASSED] - Statement - counter = counter + 1: null

2019-01-03 13:10:01 - [TEST_STEP][PASSED] - Statement - PreSaveFile = new java.io.File(((pathPrefix + java.lang.Integer.toString(counter)) + .png)): null

2019-01-03 13:10:01 - [TEST_STEP][PASSED] - Statement - counter = counter + 1: null

2019-01-03 13:10:01 - [TEST_STEP][PASSED] - Statement - PreSaveFile = new java.io.File(((pathPrefix + java.lang.Integer.toString(counter)) + .png)): null

2019-01-03 13:10:01 - [TEST_STEP][PASSED] - Statement - counter = counter + 1: null

2019-01-03 13:10:01 - [TEST_STEP][PASSED] - Statement - PreSaveFile = new java.io.File(((pathPrefix + java.lang.Integer.toString(counter)) + .png)): null

2019-01-03 13:10:01 - [TEST_STEP][PASSED] - Statement - counter = counter + 1: null

2019-01-03 13:10:01 - [TEST_STEP][PASSED] - Statement - PreSaveFile = new java.io.File(((pathPrefix + java.lang.Integer.toString(counter)) + .png)): null

2019-01-03 13:10:01 - [TEST_STEP][PASSED] - Statement - counter = counter + 1: null

2019-01-03 13:10:01 - [TEST_STEP][PASSED] - Statement - PreSaveFile = new java.io.File(((pathPrefix + java.lang.Integer.toString(counter)) + .png)): null

2019-01-03 13:10:01 - [TEST_STEP][PASSED] - Statement - counter = counter + 1: null

2019-01-03 13:10:01 - [TEST_STEP][PASSED] - Statement - PreSaveFile = new java.io.File(((pathPrefix + java.lang.Integer.toString(counter)) + .png)): null

2019-01-03 13:10:01 - [TEST_STEP][PASSED] - Statement - counter = counter + 1: null

2019-01-03 13:10:01 - [TEST_STEP][PASSED] - Statement - PreSaveFile = new java.io.File(((pathPrefix + java.lang.Integer.toString(counter)) + .png)): null

2019-01-03 13:10:01 - [TEST_STEP][PASSED] - Statement - counter = counter + 1: null

2019-01-03 13:10:01 - [TEST_STEP][PASSED] - Statement - PreSaveFile = new java.io.File(((pathPrefix + java.lang.Integer.toString(counter)) + .png)): null

2019-01-03 13:10:01 - [TEST_STEP][PASSED] - Statement - counter = counter + 1: null

2019-01-03 13:10:01 - [TEST_STEP][PASSED] - Statement - PreSaveFile = new java.io.File(((pathPrefix + java.lang.Integer.toString(counter)) + .png)): null

2019-01-03 13:10:01 - [TEST_STEP][PASSED] - Statement - counter = counter + 1: null

2019-01-03 13:10:01 - [TEST_STEP][PASSED] - Statement - PreSaveFile = new java.io.File(((pathPrefix + java.lang.Integer.toString(counter)) + .png)): null

2019-01-03 13:10:01 - [TEST_STEP][PASSED] - Statement - counter = counter + 1: null

2019-01-03 13:10:01 - [TEST_STEP][PASSED] - Statement - PreSaveFile = new java.io.File(((pathPrefix + java.lang.Integer.toString(counter)) + .png)): null

2019-01-03 13:10:01 - [TEST_STEP][PASSED] - Statement - counter = counter + 1: null

2019-01-03 13:10:01 - [TEST_STEP][PASSED] - Statement - PreSaveFile = new java.io.File(((pathPrefix + java.lang.Integer.toString(counter)) + .png)): null

2019-01-03 13:10:01 - [TEST_STEP][PASSED] - Statement - counter = counter + 1: null

2019-01-03 13:10:01 - [TEST_STEP][PASSED] - Statement - PreSaveFile = new java.io.File(((pathPrefix + java.lang.Integer.toString(counter)) + .png)): null

2019-01-03 13:10:01 - [TEST_STEP][PASSED] - Statement - counter = counter + 1: null

2019-01-03 13:10:01 - [TEST_STEP][PASSED] - Statement - PreSaveFile = new java.io.File(((pathPrefix + java.lang.Integer.toString(counter)) + .png)): null

2019-01-03 13:10:01 - [TEST_STEP][PASSED] - Statement - counter = counter + 1: null

2019-01-03 13:10:01 - [TEST_STEP][PASSED] - Statement - PreSaveFile = new java.io.File(((pathPrefix + java.lang.Integer.toString(counter)) + .png)): null

2019-01-03 13:10:01 - [TEST_STEP][PASSED] - Statement - counter = counter + 1: null

2019-01-03 13:10:01 - [TEST_STEP][PASSED] - Statement - PreSaveFile = new java.io.File(((pathPrefix + java.lang.Integer.toString(counter)) + .png)): null

2019-01-03 13:10:01 - [TEST_STEP][PASSED] - Statement - counter = counter + 1: null

2019-01-03 13:10:01 - [TEST_STEP][PASSED] - Statement - PreSaveFile = new java.io.File(((pathPrefix + java.lang.Integer.toString(counter)) + .png)): null

2019-01-03 13:10:01 - [TEST_STEP][PASSED] - Statement - counter = counter + 1: null

2019-01-03 13:10:01 - [TEST_STEP][PASSED] - Statement - PreSaveFile = new java.io.File(((pathPrefix + java.lang.Integer.toString(counter)) + .png)): null

2019-01-03 13:10:01 - [TEST_STEP][PASSED] - Statement - counter = counter + 1: null

2019-01-03 13:10:01 - [TEST_STEP][PASSED] - Statement - PreSaveFile = new java.io.File(((pathPrefix + java.lang.Integer.toString(counter)) + .png)): null

2019-01-03 13:10:01 - [TEST_STEP][PASSED] - Statement - counter = counter + 1: null

2019-01-03 13:10:01 - [TEST_STEP][PASSED] - Statement - PreSaveFile = new java.io.File(((pathPrefix + java.lang.Integer.toString(counter)) + .png)): null

2019-01-03 13:10:01 - [TEST_STEP][PASSED] - Statement - counter = counter + 1: null

2019-01-03 13:10:01 - [TEST_STEP][PASSED] - Statement - PreSaveFile = new java.io.File(((pathPrefix + java.lang.Integer.toString(counter)) + .png)): null

2019-01-03 13:10:01 - [TEST_STEP][PASSED] - Statement - counter = counter + 1: null

2019-01-03 13:10:01 - [TEST_STEP][PASSED] - Statement - PreSaveFile = new java.io.File(((pathPrefix + java.lang.Integer.toString(counter)) + .png)): null

2019-01-03 13:10:01 - [TEST_STEP][PASSED] - Statement - counter = counter + 1: null

2019-01-03 13:10:01 - [TEST_STEP][PASSED] - Statement - PreSaveFile = new java.io.File(((pathPrefix + java.lang.Integer.toString(counter)) + .png)): null

2019-01-03 13:10:01 - [TEST_STEP][PASSED] - Statement - counter = counter + 1: null

2019-01-03 13:10:01 - [TEST_STEP][PASSED] - Statement - PreSaveFile = new java.io.File(((pathPrefix + java.lang.Integer.toString(counter)) + .png)): null

2019-01-03 13:10:01 - [TEST_STEP][PASSED] - Statement - counter = counter + 1: null

2019-01-03 13:10:01 - [TEST_STEP][PASSED] - Statement - PreSaveFile = new java.io.File(((pathPrefix + java.lang.Integer.toString(counter)) + .png)): null

2019-01-03 13:10:01 - [TEST_STEP][PASSED] - Statement - counter = counter + 1: null

2019-01-03 13:10:01 - [TEST_STEP][PASSED] - Statement - PreSaveFile = new java.io.File(((pathPrefix + java.lang.Integer.toString(counter)) + .png)): null

2019-01-03 13:10:01 - [TEST_STEP][PASSED] - Statement - counter = counter + 1: null

2019-01-03 13:10:01 - [TEST_STEP][PASSED] - Statement - PreSaveFile = new java.io.File(((pathPrefix + java.lang.Integer.toString(counter)) + .png)): null

2019-01-03 13:10:01 - [TEST_STEP][PASSED] - Statement - counter = counter + 1: null

2019-01-03 13:10:01 - [TEST_STEP][PASSED] - Statement - PreSaveFile = new java.io.File(((pathPrefix + java.lang.Integer.toString(counter)) + .png)): null

2019-01-03 13:10:01 - [TEST_STEP][PASSED] - Statement - counter = counter + 1: null

2019-01-03 13:10:01 - [TEST_STEP][PASSED] - Statement - PreSaveFile = new java.io.File(((pathPrefix + java.lang.Integer.toString(counter)) + .png)): null

2019-01-03 13:10:01 - [TEST_STEP][PASSED] - Statement - counter = counter + 1: null

2019-01-03 13:10:01 - [TEST_STEP][PASSED] - Statement - PreSaveFile = new java.io.File(((pathPrefix + java.lang.Integer.toString(counter)) + .png)): null

2019-01-03 13:10:01 - [TEST_STEP][PASSED] - Statement - counter = counter + 1: null

2019-01-03 13:10:01 - [TEST_STEP][PASSED] - Statement - PreSaveFile = new java.io.File(((pathPrefix + java.lang.Integer.toString(counter)) + .png)): null

2019-01-03 13:10:01 - [TEST_STEP][PASSED] - Statement - counter = counter + 1: null

2019-01-03 13:10:01 - [TEST_STEP][PASSED] - Statement - PreSaveFile = new java.io.File(((pathPrefix + java.lang.Integer.toString(counter)) + .png)): null

2019-01-03 13:10:01 - [TEST_STEP][PASSED] - Statement - counter = counter + 1: null

2019-01-03 13:10:01 - [TEST_STEP][PASSED] - Statement - PreSaveFile = new java.io.File(((pathPrefix + java.lang.Integer.toString(counter)) + .png)): null

2019-01-03 13:10:01 - [TEST_STEP][PASSED] - Statement - counter = counter + 1: null

2019-01-03 13:10:01 - [TEST_STEP][PASSED] - Statement - PreSaveFile = new java.io.File(((pathPrefix + java.lang.Integer.toString(counter)) + .png)): null

2019-01-03 13:10:01 - [TEST_STEP][PASSED] - Statement - counter = counter + 1: null

2019-01-03 13:10:01 - [TEST_STEP][PASSED] - Statement - PreSaveFile = new java.io.File(((pathPrefix + java.lang.Integer.toString(counter)) + .png)): null

2019-01-03 13:10:01 - [TEST_STEP][PASSED] - Statement - counter = counter + 1: null

2019-01-03 13:10:01 - [TEST_STEP][PASSED] - Statement - PreSaveFile = new java.io.File(((pathPrefix + java.lang.Integer.toString(counter)) + .png)): null

2019-01-03 13:10:01 - [TEST_STEP][PASSED] - Statement - counter = counter + 1: null

2019-01-03 13:10:01 - [TEST_STEP][PASSED] - Statement - PreSaveFile = new java.io.File(((pathPrefix + java.lang.Integer.toString(counter)) + .png)): null

2019-01-03 13:10:01 - [TEST_STEP][PASSED] - Statement - counter = counter + 1: null

2019-01-03 13:10:01 - [TEST_STEP][PASSED] - Statement - PreSaveFile = new java.io.File(((pathPrefix + java.lang.Integer.toString(counter)) + .png)): null

2019-01-03 13:10:01 - [TEST_STEP][PASSED] - Statement - counter = counter + 1: null

2019-01-03 13:10:01 - [TEST_STEP][PASSED] - Statement - PreSaveFile = new java.io.File(((pathPrefix + java.lang.Integer.toString(counter)) + .png)): null

2019-01-03 13:10:01 - [TEST_STEP][PASSED] - Statement - counter = counter + 1: null

2019-01-03 13:10:01 - [TEST_STEP][PASSED] - Statement - PreSaveFile = new java.io.File(((pathPrefix + java.lang.Integer.toString(counter)) + .png)): null

2019-01-03 13:10:01 - [TEST_STEP][PASSED] - Statement - counter = counter + 1: null

2019-01-03 13:10:01 - [TEST_STEP][PASSED] - Statement - PreSaveFile = new java.io.File(((pathPrefix + java.lang.Integer.toString(counter)) + .png)): null

2019-01-03 13:10:01 - [TEST_STEP][PASSED] - Statement - counter = counter + 1: null

2019-01-03 13:10:01 - [TEST_STEP][PASSED] - Statement - PreSaveFile = new java.io.File(((pathPrefix + java.lang.Integer.toString(counter)) + .png)): null

2019-01-03 13:10:01 - [TEST_STEP][PASSED] - Statement - counter = counter + 1: null

2019-01-03 13:10:01 - [TEST_STEP][PASSED] - Statement - PreSaveFile = new java.io.File(((pathPrefix + java.lang.Integer.toString(counter)) + .png)): null

2019-01-03 13:10:01 - [TEST_STEP][PASSED] - Statement - counter = counter + 1: null

2019-01-03 13:10:01 - [TEST_STEP][PASSED] - Statement - PreSaveFile = new java.io.File(((pathPrefix + java.lang.Integer.toString(counter)) + .png)): null

2019-01-03 13:10:01 - [TEST_STEP][PASSED] - Statement - counter = counter + 1: null

2019-01-03 13:10:01 - [TEST_STEP][PASSED] - Statement - PreSaveFile = new java.io.File(((pathPrefix + java.lang.Integer.toString(counter)) + .png)): null

2019-01-03 13:10:01 - [TEST_STEP][PASSED] - Statement - counter = counter + 1: null

2019-01-03 13:10:01 - [TEST_STEP][PASSED] - Statement - PreSaveFile = new java.io.File(((pathPrefix + java.lang.Integer.toString(counter)) + .png)): null

2019-01-03 13:10:01 - [TEST_STEP][PASSED] - Statement - counter = counter + 1: null

2019-01-03 13:10:01 - [TEST_STEP][PASSED] - Statement - PreSaveFile = new java.io.File(((pathPrefix + java.lang.Integer.toString(counter)) + .png)): null

2019-01-03 13:10:01 - [TEST_STEP][PASSED] - Statement - counter = counter + 1: null

2019-01-03 13:10:01 - [TEST_STEP][PASSED] - Statement - PreSaveFile = new java.io.File(((pathPrefix + java.lang.Integer.toString(counter)) + .png)): null

2019-01-03 13:10:01 - [TEST_STEP][PASSED] - Statement - counter = counter + 1: null

2019-01-03 13:10:01 - [TEST_STEP][PASSED] - Statement - PreSaveFile = new java.io.File(((pathPrefix + java.lang.Integer.toString(counter)) + .png)): null

2019-01-03 13:10:01 - [TEST_STEP][PASSED] - Statement - counter = counter + 1: null

2019-01-03 13:10:01 - [TEST_STEP][PASSED] - Statement - PreSaveFile = new java.io.File(((pathPrefix + java.lang.Integer.toString(counter)) + .png)): null

2019-01-03 13:10:01 - [TEST_STEP][PASSED] - Statement - counter = counter + 1: null

2019-01-03 13:10:01 - [TEST_STEP][PASSED] - Statement - PreSaveFile = new java.io.File(((pathPrefix + java.lang.Integer.toString(counter)) + .png)): null

2019-01-03 13:10:01 - [TEST_STEP][PASSED] - Statement - counter = counter + 1: null

2019-01-03 13:10:01 - [TEST_STEP][PASSED] - Statement - PreSaveFile = new java.io.File(((pathPrefix + java.lang.Integer.toString(counter)) + .png)): null

2019-01-03 13:10:01 - [TEST_STEP][PASSED] - Statement - counter = counter + 1: null

2019-01-03 13:10:01 - [TEST_STEP][PASSED] - Statement - PreSaveFile = new java.io.File(((pathPrefix + java.lang.Integer.toString(counter)) + .png)): null

2019-01-03 13:10:01 - [TEST_STEP][PASSED] - Statement - counter = counter + 1: null

2019-01-03 13:10:01 - [TEST_STEP][PASSED] - Statement - PreSaveFile = new java.io.File(((pathPrefix + java.lang.Integer.toString(counter)) + .png)): null

2019-01-03 13:10:01 - [TEST_STEP][PASSED] - Statement - counter = counter + 1: null

2019-01-03 13:10:01 - [TEST_STEP][PASSED] - Statement - PreSaveFile = new java.io.File(((pathPrefix + java.lang.Integer.toString(counter)) + .png)): null

2019-01-03 13:10:01 - [TEST_STEP][PASSED] - Statement - counter = counter + 1: null

2019-01-03 13:10:01 - [TEST_STEP][PASSED] - Statement - PreSaveFile = new java.io.File(((pathPrefix + java.lang.Integer.toString(counter)) + .png)): null

2019-01-03 13:10:01 - [TEST_STEP][PASSED] - Statement - counter = counter + 1: null

2019-01-03 13:10:01 - [TEST_STEP][PASSED] - Statement - PreSaveFile = new java.io.File(((pathPrefix + java.lang.Integer.toString(counter)) + .png)): null

2019-01-03 13:10:01 - [TEST_STEP][PASSED] - Statement - counter = counter + 1: null

2019-01-03 13:10:01 - [TEST_STEP][PASSED] - Statement - PreSaveFile = new java.io.File(((pathPrefix + java.lang.Integer.toString(counter)) + .png)): null

2019-01-03 13:10:01 - [TEST_STEP][PASSED] - Statement - counter = counter + 1: null

2019-01-03 13:10:01 - [TEST_STEP][PASSED] - Statement - PreSaveFile = new java.io.File(((pathPrefix + java.lang.Integer.toString(counter)) + .png)): null

2019-01-03 13:10:01 - [TEST_STEP][PASSED] - Statement - counter = counter + 1: null

2019-01-03 13:10:01 - [TEST_STEP][PASSED] - Statement - PreSaveFile = new java.io.File(((pathPrefix + java.lang.Integer.toString(counter)) + .png)): null

2019-01-03 13:10:01 - [TEST_STEP][PASSED] - Statement - counter = counter + 1: null

2019-01-03 13:10:01 - [TEST_STEP][PASSED] - Statement - PreSaveFile = new java.io.File(((pathPrefix + java.lang.Integer.toString(counter)) + .png)): null

2019-01-03 13:10:01 - [TEST_STEP][PASSED] - Statement - counter = counter + 1: null

2019-01-03 13:10:01 - [TEST_STEP][PASSED] - Statement - PreSaveFile = new java.io.File(((pathPrefix + java.lang.Integer.toString(counter)) + .png)): null

2019-01-03 13:10:01 - [TEST_STEP][PASSED] - Statement - counter = counter + 1: null

2019-01-03 13:10:01 - [TEST_STEP][PASSED] - Statement - PreSaveFile = new java.io.File(((pathPrefix + java.lang.Integer.toString(counter)) + .png)): null

2019-01-03 13:10:01 - [TEST_STEP][PASSED] - Statement - counter = counter + 1: null

2019-01-03 13:10:01 - [TEST_STEP][PASSED] - Statement - PreSaveFile = new java.io.File(((pathPrefix + java.lang.Integer.toString(counter)) + .png)): null

2019-01-03 13:10:01 - [TEST_STEP][PASSED] - Statement - counter = counter + 1: null

2019-01-03 13:10:01 - [TEST_STEP][PASSED] - Statement - PreSaveFile = new java.io.File(((pathPrefix + java.lang.Integer.toString(counter)) + .png)): null

2019-01-03 13:10:01 - [TEST_STEP][PASSED] - Statement - counter = counter + 1: null

2019-01-03 13:10:01 - [TEST_STEP][PASSED] - Statement - PreSaveFile = new java.io.File(((pathPrefix + java.lang.Integer.toString(counter)) + .png)): null

2019-01-03 13:10:01 - [TEST_STEP][PASSED] - Statement - counter = counter + 1: null

2019-01-03 13:10:01 - [TEST_STEP][PASSED] - Statement - PreSaveFile = new java.io.File(((pathPrefix + java.lang.Integer.toString(counter)) + .png)): null

2019-01-03 13:10:01 - [TEST_STEP][PASSED] - Statement - counter = counter + 1: null

2019-01-03 13:10:01 - [TEST_STEP][PASSED] - Statement - PreSaveFile = new java.io.File(((pathPrefix + java.lang.Integer.toString(counter)) + .png)): null

2019-01-03 13:10:01 - [TEST_STEP][PASSED] - Statement - counter = counter + 1: null

2019-01-03 13:10:01 - [TEST_STEP][PASSED] - Statement - PreSaveFile = new java.io.File(((pathPrefix + java.lang.Integer.toString(counter)) + .png)): null

2019-01-03 13:10:01 - [TEST_STEP][PASSED] - Statement - counter = counter + 1: null

2019-01-03 13:10:01 - [TEST_STEP][PASSED] - Statement - PreSaveFile = new java.io.File(((pathPrefix + java.lang.Integer.toString(counter)) + .png)): null

2019-01-03 13:10:01 - [TEST_STEP][PASSED] - Statement - counter = counter + 1: null

2019-01-03 13:10:01 - [TEST_STEP][PASSED] - Statement - PreSaveFile = new java.io.File(((pathPrefix + java.lang.Integer.toString(counter)) + .png)): null

2019-01-03 13:10:01 - [TEST_STEP][PASSED] - Statement - counter = counter + 1: null

2019-01-03 13:10:01 - [TEST_STEP][PASSED] - Statement - PreSaveFile = new java.io.File(((pathPrefix + java.lang.Integer.toString(counter)) + .png)): null

2019-01-03 13:10:01 - [TEST_STEP][PASSED] - Statement - counter = counter + 1: null

2019-01-03 13:10:01 - [TEST_STEP][PASSED] - Statement - PreSaveFile = new java.io.File(((pathPrefix + java.lang.Integer.toString(counter)) + .png)): null

2019-01-03 13:10:01 - [TEST_STEP][PASSED] - Statement - counter = counter + 1: null

2019-01-03 13:10:01 - [TEST_STEP][PASSED] - Statement - PreSaveFile = new java.io.File(((pathPrefix + java.lang.Integer.toString(counter)) + .png)): null

2019-01-03 13:10:01 - [TEST_STEP][PASSED] - Statement - counter = counter + 1: null

2019-01-03 13:10:01 - [TEST_STEP][PASSED] - Statement - PreSaveFile = new java.io.File(((pathPrefix + java.lang.Integer.toString(counter)) + .png)): null

2019-01-03 13:10:01 - [TEST_STEP][PASSED] - Statement - counter = counter + 1: null

2019-01-03 13:10:01 - [TEST_STEP][PASSED] - Statement - PreSaveFile = new java.io.File(((pathPrefix + java.lang.Integer.toString(counter)) + .png)): null

2019-01-03 13:10:01 - [TEST_STEP][PASSED] - Statement - counter = counter + 1: null

2019-01-03 13:10:01 - [TEST_STEP][PASSED] - Statement - PreSaveFile = new java.io.File(((pathPrefix + java.lang.Integer.toString(counter)) + .png)): null

2019-01-03 13:10:01 - [TEST_STEP][PASSED] - Statement - counter = counter + 1: null

2019-01-03 13:10:01 - [TEST_STEP][PASSED] - Statement - PreSaveFile = new java.io.File(((pathPrefix + java.lang.Integer.toString(counter)) + .png)): null

2019-01-03 13:10:01 - [TEST_STEP][PASSED] - Statement - counter = counter + 1: null

2019-01-03 13:10:01 - [TEST_STEP][PASSED] - Statement - PreSaveFile = new java.io.File(((pathPrefix + java.lang.Integer.toString(counter)) + .png)): null

2019-01-03 13:10:01 - [TEST_STEP][PASSED] - Statement - counter = counter + 1: null

2019-01-03 13:10:01 - [TEST_STEP][PASSED] - Statement - PreSaveFile = new java.io.File(((pathPrefix + java.lang.Integer.toString(counter)) + .png)): null

2019-01-03 13:10:01 - [TEST_STEP][PASSED] - Statement - counter = counter + 1: null

2019-01-03 13:10:01 - [TEST_STEP][PASSED] - Statement - PreSaveFile = new java.io.File(((pathPrefix + java.lang.Integer.toString(counter)) + .png)): null

2019-01-03 13:10:01 - [TEST_STEP][PASSED] - Statement - counter = counter + 1: null

2019-01-03 13:10:01 - [TEST_STEP][PASSED] - Statement - PreSaveFile = new java.io.File(((pathPrefix + java.lang.Integer.toString(counter)) + .png)): null

2019-01-03 13:10:01 - [TEST_STEP][PASSED] - Statement - counter = counter + 1: null

2019-01-03 13:10:01 - [TEST_STEP][PASSED] - Statement - PreSaveFile = new java.io.File(((pathPrefix + java.lang.Integer.toString(counter)) + .png)): null

2019-01-03 13:10:01 - [TEST_STEP][PASSED] - Statement - counter = counter + 1: null

2019-01-03 13:10:01 - [TEST_STEP][PASSED] - Statement - PreSaveFile = new java.io.File(((pathPrefix + java.lang.Integer.toString(counter)) + .png)): null

2019-01-03 13:10:01 - [TEST_STEP][PASSED] - Statement - counter = counter + 1: null

2019-01-03 13:10:01 - [TEST_STEP][PASSED] - Statement - PreSaveFile = new java.io.File(((pathPrefix + java.lang.Integer.toString(counter)) + .png)): null

2019-01-03 13:10:01 - [TEST_STEP][PASSED] - Statement - counter = counter + 1: null

2019-01-03 13:10:01 - [TEST_STEP][PASSED] - Statement - PreSaveFile = new java.io.File(((pathPrefix + java.lang.Integer.toString(counter)) + .png)): null

2019-01-03 13:10:01 - [TEST_STEP][PASSED] - Statement - counter = counter + 1: null

2019-01-03 13:10:01 - [TEST_STEP][PASSED] - Statement - PreSaveFile = new java.io.File(((pathPrefix + java.lang.Integer.toString(counter)) + .png)): null

2019-01-03 13:10:01 - [TEST_STEP][PASSED] - Statement - counter = counter + 1: null

2019-01-03 13:10:01 - [TEST_STEP][PASSED] - Statement - PreSaveFile = new java.io.File(((pathPrefix + java.lang.Integer.toString(counter)) + .png)): null

2019-01-03 13:10:01 - [TEST_STEP][PASSED] - Statement - counter = counter + 1: null

2019-01-03 13:10:01 - [TEST_STEP][PASSED] - Statement - PreSaveFile = new java.io.File(((pathPrefix + java.lang.Integer.toString(counter)) + .png)): null

2019-01-03 13:10:01 - [TEST_STEP][PASSED] - Statement - counter = counter + 1: null

2019-01-03 13:10:01 - [TEST_STEP][PASSED] - Statement - PreSaveFile = new java.io.File(((pathPrefix + java.lang.Integer.toString(counter)) + .png)): null

2019-01-03 13:10:01 - [TEST_STEP][PASSED] - Statement - counter = counter + 1: null

2019-01-03 13:10:01 - [TEST_STEP][PASSED] - Statement - PreSaveFile = new java.io.File(((pathPrefix + java.lang.Integer.toString(counter)) + .png)): null

2019-01-03 13:10:01 - [TEST_STEP][PASSED] - Statement - counter = counter + 1: null

2019-01-03 13:10:01 - [TEST_STEP][PASSED] - Statement - PreSaveFile = new java.io.File(((pathPrefix + java.lang.Integer.toString(counter)) + .png)): null

2019-01-03 13:10:01 - [TEST_STEP][PASSED] - Statement - counter = counter + 1: null

2019-01-03 13:10:01 - [TEST_STEP][PASSED] - Statement - PreSaveFile = new java.io.File(((pathPrefix + java.lang.Integer.toString(counter)) + .png)): null

2019-01-03 13:10:01 - [TEST_STEP][PASSED] - Statement - counter = counter + 1: null

2019-01-03 13:10:01 - [TEST_STEP][PASSED] - Statement - PreSaveFile = new java.io.File(((pathPrefix + java.lang.Integer.toString(counter)) + .png)): null

2019-01-03 13:10:01 - [TEST_STEP][PASSED] - Statement - counter = counter + 1: null

2019-01-03 13:10:01 - [TEST_STEP][PASSED] - Statement - PreSaveFile = new java.io.File(((pathPrefix + java.lang.Integer.toString(counter)) + .png)): null

2019-01-03 13:10:01 - [TEST_STEP][PASSED] - Statement - counter = counter + 1: null

2019-01-03 13:10:01 - [TEST_STEP][PASSED] - Statement - PreSaveFile = new java.io.File(((pathPrefix + java.lang.Integer.toString(counter)) + .png)): null

2019-01-03 13:10:01 - [TEST_STEP][PASSED] - Statement - counter = counter + 1: null

2019-01-03 13:10:01 - [TEST_STEP][PASSED] - Statement - PreSaveFile = new java.io.File(((pathPrefix + java.lang.Integer.toString(counter)) + .png)): null

2019-01-03 13:10:01 - [TEST_STEP][PASSED] - Statement - counter = counter + 1: null

2019-01-03 13:10:01 - [TEST_STEP][PASSED] - Statement - PreSaveFile = new java.io.File(((pathPrefix + java.lang.Integer.toString(counter)) + .png)): null

2019-01-03 13:10:01 - [TEST_STEP][PASSED] - Statement - counter = counter + 1: null

2019-01-03 13:10:01 - [TEST_STEP][PASSED] - Statement - PreSaveFile = new java.io.File(((pathPrefix + java.lang.Integer.toString(counter)) + .png)): null

2019-01-03 13:10:01 - [TEST_STEP][PASSED] - Statement - counter = counter + 1: null

2019-01-03 13:10:01 - [TEST_STEP][PASSED] - Statement - PreSaveFile = new java.io.File(((pathPrefix + java.lang.Integer.toString(counter)) + .png)): null

2019-01-03 13:10:01 - [TEST_STEP][PASSED] - Statement - counter = counter + 1: null

2019-01-03 13:10:01 - [TEST_STEP][PASSED] - Statement - PreSaveFile = new java.io.File(((pathPrefix + java.lang.Integer.toString(counter)) + .png)): null

2019-01-03 13:10:01 - [TEST_STEP][PASSED] - Statement - counter = counter + 1: null

2019-01-03 13:10:01 - [TEST_STEP][PASSED] - Statement - PreSaveFile = new java.io.File(((pathPrefix + java.lang.Integer.toString(counter)) + .png)): null

2019-01-03 13:10:01 - [TEST_STEP][PASSED] - Statement - counter = counter + 1: null

2019-01-03 13:10:01 - [TEST_STEP][PASSED] - Statement - PreSaveFile = new java.io.File(((pathPrefix + java.lang.Integer.toString(counter)) + .png)): null

2019-01-03 13:10:01 - [TEST_STEP][PASSED] - Statement - counter = counter + 1: null

2019-01-03 13:10:01 - [TEST_STEP][PASSED] - Statement - PreSaveFile = new java.io.File(((pathPrefix + java.lang.Integer.toString(counter)) + .png)): null

2019-01-03 13:10:01 - [TEST_STEP][PASSED] - Statement - counter = counter + 1: null

2019-01-03 13:10:01 - [TEST_STEP][PASSED] - Statement - PreSaveFile = new java.io.File(((pathPrefix + java.lang.Integer.toString(counter)) + .png)): null

2019-01-03 13:10:01 - [TEST_STEP][PASSED] - Statement - counter = counter + 1: null

2019-01-03 13:10:01 - [TEST_STEP][PASSED] - Statement - PreSaveFile = new java.io.File(((pathPrefix + java.lang.Integer.toString(counter)) + .png)): null

2019-01-03 13:10:01 - [TEST_STEP][PASSED] - Statement - counter = counter + 1: null

2019-01-03 13:10:01 - [TEST_STEP][PASSED] - Statement - PreSaveFile = new java.io.File(((pathPrefix + java.lang.Integer.toString(counter)) + .png)): null

2019-01-03 13:10:01 - [TEST_STEP][PASSED] - Statement - counter = counter + 1: null

2019-01-03 13:10:01 - [TEST_STEP][PASSED] - Statement - PreSaveFile = new java.io.File(((pathPrefix + java.lang.Integer.toString(counter)) + .png)): null

2019-01-03 13:10:01 - [TEST_STEP][PASSED] - Statement - counter = counter + 1: null

2019-01-03 13:10:01 - [TEST_STEP][PASSED] - Statement - PreSaveFile = new java.io.File(((pathPrefix + java.lang.Integer.toString(counter)) + .png)): null

2019-01-03 13:10:01 - [TEST_STEP][PASSED] - Statement - counter = counter + 1: null

2019-01-03 13:10:01 - [TEST_STEP][PASSED] - Statement - PreSaveFile = new java.io.File(((pathPrefix + java.lang.Integer.toString(counter)) + .png)): null

2019-01-03 13:10:01 - [TEST_STEP][PASSED] - Statement - counter = counter + 1: null

2019-01-03 13:10:01 - [TEST_STEP][PASSED] - Statement - PreSaveFile = new java.io.File(((pathPrefix + java.lang.Integer.toString(counter)) + .png)): null

2019-01-03 13:10:01 - [TEST_STEP][PASSED] - Statement - counter = counter + 1: null

2019-01-03 13:10:01 - [TEST_STEP][PASSED] - Statement - PreSaveFile = new java.io.File(((pathPrefix + java.lang.Integer.toString(counter)) + .png)): null

2019-01-03 13:10:01 - [TEST_STEP][PASSED] - Statement - counter = counter + 1: null

2019-01-03 13:10:01 - [TEST_STEP][PASSED] - Statement - PreSaveFile = new java.io.File(((pathPrefix + java.lang.Integer.toString(counter)) + .png)): null

2019-01-03 13:10:01 - [TEST_STEP][PASSED] - Statement - counter = counter + 1: null

2019-01-03 13:10:01 - [TEST_STEP][PASSED] - Statement - PreSaveFile = new java.io.File(((pathPrefix + java.lang.Integer.toString(counter)) + .png)): null

2019-01-03 13:10:01 - [TEST_STEP][PASSED] - Statement - counter = counter + 1: null

2019-01-03 13:10:01 - [TEST_STEP][PASSED] - Statement - PreSaveFile = new java.io.File(((pathPrefix + java.lang.Integer.toString(counter)) + .png)): null

2019-01-03 13:10:01 - [TEST_STEP][PASSED] - Statement - counter = counter + 1: null

2019-01-03 13:10:01 - [TEST_STEP][PASSED] - Statement - PreSaveFile = new java.io.File(((pathPrefix + java.lang.Integer.toString(counter)) + .png)): null

2019-01-03 13:10:01 - [TEST_STEP][PASSED] - Statement - counter = counter + 1: null

2019-01-03 13:10:01 - [TEST_STEP][PASSED] - Statement - PreSaveFile = new java.io.File(((pathPrefix + java.lang.Integer.toString(counter)) + .png)): null

2019-01-03 13:10:01 - [TEST_STEP][PASSED] - Statement - counter = counter + 1: null

2019-01-03 13:10:01 - [TEST_STEP][PASSED] - Statement - PreSaveFile = new java.io.File(((pathPrefix + java.lang.Integer.toString(counter)) + .png)): null

2019-01-03 13:10:01 - [TEST_STEP][PASSED] - Statement - counter = counter + 1: null

2019-01-03 13:10:01 - [TEST_STEP][PASSED] - Statement - PreSaveFile = new java.io.File(((pathPrefix + java.lang.Integer.toString(counter)) + .png)): null

2019-01-03 13:10:01 - [TEST_STEP][PASSED] - Statement - counter = counter + 1: null

2019-01-03 13:10:01 - [TEST_STEP][PASSED] - Statement - PreSaveFile = new java.io.File(((pathPrefix + java.lang.Integer.toString(counter)) + .png)): null

2019-01-03 13:10:01 - [TEST_STEP][PASSED] - Statement - counter = counter + 1: null

2019-01-03 13:10:01 - [TEST_STEP][PASSED] - Statement - PreSaveFile = new java.io.File(((pathPrefix + java.lang.Integer.toString(counter)) + .png)): null

2019-01-03 13:10:01 - [TEST_STEP][PASSED] - Statement - counter = counter + 1: null

2019-01-03 13:10:01 - [TEST_STEP][PASSED] - Statement - PreSaveFile = new java.io.File(((pathPrefix + java.lang.Integer.toString(counter)) + .png)): null

2019-01-03 13:10:01 - [TEST_STEP][PASSED] - Statement - counter = counter + 1: null

2019-01-03 13:10:01 - [TEST_STEP][PASSED] - Statement - PreSaveFile = new java.io.File(((pathPrefix + java.lang.Integer.toString(counter)) + .png)): null

2019-01-03 13:10:01 - [TEST_STEP][PASSED] - Statement - counter = counter + 1: null

2019-01-03 13:10:01 - [TEST_STEP][PASSED] - Statement - PreSaveFile = new java.io.File(((pathPrefix + java.lang.Integer.toString(counter)) + .png)): null

2019-01-03 13:10:01 - [TEST_STEP][PASSED] - Statement - counter = counter + 1: null

2019-01-03 13:10:01 - [TEST_STEP][PASSED] - Statement - PreSaveFile = new java.io.File(((pathPrefix + java.lang.Integer.toString(counter)) + .png)): null

2019-01-03 13:10:01 - [TEST_STEP][PASSED] - Statement - counter = counter + 1: null

2019-01-03 13:10:01 - [TEST_STEP][PASSED] - Statement - PreSaveFile = new java.io.File(((pathPrefix + java.lang.Integer.toString(counter)) + .png)): null

2019-01-03 13:10:01 - [TEST_STEP][PASSED] - Statement - counter = counter + 1: null

2019-01-03 13:10:01 - [TEST_STEP][PASSED] - Statement - PreSaveFile = new java.io.File(((pathPrefix + java.lang.Integer.toString(counter)) + .png)): null

2019-01-03 13:10:01 - [TEST_STEP][PASSED] - Statement - counter = counter + 1: null

2019-01-03 13:10:01 - [TEST_STEP][PASSED] - Statement - PreSaveFile = new java.io.File(((pathPrefix + java.lang.Integer.toString(counter)) + .png)): null

2019-01-03 13:10:01 - [TEST_STEP][PASSED] - Statement - counter = counter + 1: null

2019-01-03 13:10:01 - [TEST_STEP][PASSED] - Statement - PreSaveFile = new java.io.File(((pathPrefix + java.lang.Integer.toString(counter)) + .png)): null

2019-01-03 13:10:01 - [TEST_STEP][PASSED] - Statement - counter = counter + 1: null

2019-01-03 13:10:01 - [TEST_STEP][PASSED] - Statement - PreSaveFile = new java.io.File(((pathPrefix + java.lang.Integer.toString(counter)) + .png)): null

2019-01-03 13:10:01 - [TEST_STEP][PASSED] - Statement - counter = counter + 1: null

2019-01-03 13:10:01 - [TEST_STEP][PASSED] - Statement - PreSaveFile = new java.io.File(((pathPrefix + java.lang.Integer.toString(counter)) + .png)): null

2019-01-03 13:10:01 - [TEST_STEP][PASSED] - Statement - counter = counter + 1: null

2019-01-03 13:10:01 - [TEST_STEP][PASSED] - Statement - PreSaveFile = new java.io.File(((pathPrefix + java.lang.Integer.toString(counter)) + .png)): null

2019-01-03 13:10:01 - [TEST_STEP][PASSED] - Statement - counter = counter + 1: null

2019-01-03 13:10:01 - [TEST_STEP][PASSED] - Statement - PreSaveFile = new java.io.File(((pathPrefix + java.lang.Integer.toString(counter)) + .png)): null

2019-01-03 13:10:01 - [TEST_STEP][PASSED] - Statement - counter = counter + 1: null

2019-01-03 13:10:01 - [TEST_STEP][PASSED] - Statement - PreSaveFile = new java.io.File(((pathPrefix + java.lang.Integer.toString(counter)) + .png)): null

2019-01-03 13:10:01 - [TEST_STEP][PASSED] - Statement - counter = counter + 1: null

2019-01-03 13:10:01 - [TEST_STEP][PASSED] - Statement - PreSaveFile = new java.io.File(((pathPrefix + java.lang.Integer.toString(counter)) + .png)): null

2019-01-03 13:10:01 - [TEST_STEP][PASSED] - Statement - counter = counter + 1: null

2019-01-03 13:10:01 - [TEST_STEP][PASSED] - Statement - PreSaveFile = new java.io.File(((pathPrefix + java.lang.Integer.toString(counter)) + .png)): null

2019-01-03 13:10:01 - [TEST_STEP][PASSED] - Statement - counter = counter + 1: null

2019-01-03 13:10:01 - [TEST_STEP][PASSED] - Statement - PreSaveFile = new java.io.File(((pathPrefix + java.lang.Integer.toString(counter)) + .png)): null

2019-01-03 13:10:01 - [TEST_STEP][PASSED] - Statement - counter = counter + 1: null

2019-01-03 13:10:01 - [TEST_STEP][PASSED] - Statement - PreSaveFile = new java.io.File(((pathPrefix + java.lang.Integer.toString(counter)) + .png)): null

2019-01-03 13:10:01 - [TEST_STEP][PASSED] - Statement - counter = counter + 1: null

2019-01-03 13:10:01 - [TEST_STEP][PASSED] - Statement - PreSaveFile = new java.io.File(((pathPrefix + java.lang.Integer.toString(counter)) + .png)): null

2019-01-03 13:10:01 - [TEST_STEP][PASSED] - Statement - counter = counter + 1: null

2019-01-03 13:10:01 - [TEST_STEP][PASSED] - Statement - PreSaveFile = new java.io.File(((pathPrefix + java.lang.Integer.toString(counter)) + .png)): null

2019-01-03 13:10:01 - [TEST_STEP][PASSED] - Statement - counter = counter + 1: null

2019-01-03 13:10:01 - [TEST_STEP][PASSED] - Statement - PreSaveFile = new java.io.File(((pathPrefix + java.lang.Integer.toString(counter)) + .png)): null

2019-01-03 13:10:01 - [TEST_STEP][PASSED] - Statement - counter = counter + 1: null

2019-01-03 13:10:01 - [TEST_STEP][PASSED] - Statement - PreSaveFile = new java.io.File(((pathPrefix + java.lang.Integer.toString(counter)) + .png)): null

2019-01-03 13:10:01 - [TEST_STEP][PASSED] - Statement - counter = counter + 1: null

2019-01-03 13:10:01 - [TEST_STEP][PASSED] - Statement - PreSaveFile = new java.io.File(((pathPrefix + java.lang.Integer.toString(counter)) + .png)): null

2019-01-03 13:10:01 - [TEST_STEP][PASSED] - Statement - counter = counter + 1: null

2019-01-03 13:10:01 - [TEST_STEP][PASSED] - Statement - PreSaveFile = new java.io.File(((pathPrefix + java.lang.Integer.toString(counter)) + .png)): null

2019-01-03 13:10:01 - [TEST_STEP][PASSED] - Statement - counter = counter + 1: null

2019-01-03 13:10:01 - [TEST_STEP][PASSED] - Statement - PreSaveFile = new java.io.File(((pathPrefix + java.lang.Integer.toString(counter)) + .png)): null

2019-01-03 13:10:01 - [TEST_STEP][PASSED] - Statement - counter = counter + 1: null

2019-01-03 13:10:01 - [TEST_STEP][PASSED] - Statement - PreSaveFile = new java.io.File(((pathPrefix + java.lang.Integer.toString(counter)) + .png)): null

2019-01-03 13:10:01 - [TEST_STEP][PASSED] - Statement - counter = counter + 1: null

2019-01-03 13:10:01 - [TEST_STEP][PASSED] - Statement - PreSaveFile = new java.io.File(((pathPrefix + java.lang.Integer.toString(counter)) + .png)): null

2019-01-03 13:10:01 - [TEST_STEP][PASSED] - Statement - counter = counter + 1: null

2019-01-03 13:10:01 - [TEST_STEP][PASSED] - Statement - PreSaveFile = new java.io.File(((pathPrefix + java.lang.Integer.toString(counter)) + .png)): null

2019-01-03 13:10:01 - [TEST_STEP][PASSED] - Statement - counter = counter + 1: null

2019-01-03 13:10:01 - [TEST_STEP][PASSED] - Statement - PreSaveFile = new java.io.File(((pathPrefix + java.lang.Integer.toString(counter)) + .png)): null

2019-01-03 13:10:01 - [TEST_STEP][PASSED] - Statement - counter = counter + 1: null

2019-01-03 13:10:01 - [TEST_STEP][PASSED] - Statement - PreSaveFile = new java.io.File(((pathPrefix + java.lang.Integer.toString(counter)) + .png)): null

2019-01-03 13:10:01 - [TEST_STEP][PASSED] - Statement - counter = counter + 1: null

2019-01-03 13:10:01 - [TEST_STEP][PASSED] - Statement - PreSaveFile = new java.io.File(((pathPrefix + java.lang.Integer.toString(counter)) + .png)): null

2019-01-03 13:10:01 - [TEST_STEP][PASSED] - Statement - counter = counter + 1: null

2019-01-03 13:10:01 - [TEST_STEP][PASSED] - Statement - PreSaveFile = new java.io.File(((pathPrefix + java.lang.Integer.toString(counter)) + .png)): null

2019-01-03 13:10:01 - [TEST_STEP][PASSED] - Statement - counter = counter + 1: null

2019-01-03 13:10:01 - [TEST_STEP][PASSED] - Statement - PreSaveFile = new java.io.File(((pathPrefix + java.lang.Integer.toString(counter)) + .png)): null

2019-01-03 13:10:01 - [TEST_STEP][PASSED] - Statement - counter = counter + 1: null

2019-01-03 13:10:01 - [TEST_STEP][PASSED] - Statement - PreSaveFile = new java.io.File(((pathPrefix + java.lang.Integer.toString(counter)) + .png)): null

2019-01-03 13:10:01 - [TEST_STEP][PASSED] - Statement - counter = counter + 1: null

2019-01-03 13:10:01 - [TEST_STEP][PASSED] - Statement - PreSaveFile = new java.io.File(((pathPrefix + java.lang.Integer.toString(counter)) + .png)): null

2019-01-03 13:10:01 - [TEST_STEP][PASSED] - Statement - counter = counter + 1: null

2019-01-03 13:10:01 - [TEST_STEP][PASSED] - Statement - PreSaveFile = new java.io.File(((pathPrefix + java.lang.Integer.toString(counter)) + .png)): null

2019-01-03 13:10:01 - [TEST_STEP][PASSED] - Statement - counter = counter + 1: null

2019-01-03 13:10:01 - [TEST_STEP][PASSED] - Statement - PreSaveFile = new java.io.File(((pathPrefix + java.lang.Integer.toString(counter)) + .png)): null

2019-01-03 13:10:01 - [TEST_STEP][PASSED] - Statement - counter = counter + 1: null

2019-01-03 13:10:01 - [TEST_STEP][PASSED] - Statement - PreSaveFile = new java.io.File(((pathPrefix + java.lang.Integer.toString(counter)) + .png)): null

2019-01-03 13:10:01 - [TEST_STEP][PASSED] - Statement - counter = counter + 1: null

2019-01-03 13:10:01 - [TEST_STEP][PASSED] - Statement - PreSaveFile = new java.io.File(((pathPrefix + java.lang.Integer.toString(counter)) + .png)): null

2019-01-03 13:10:01 - [TEST_STEP][PASSED] - Statement - counter = counter + 1: null

2019-01-03 13:10:01 - [TEST_STEP][PASSED] - Statement - PreSaveFile = new java.io.File(((pathPrefix + java.lang.Integer.toString(counter)) + .png)): null

2019-01-03 13:10:01 - [TEST_STEP][PASSED] - Statement - counter = counter + 1: null

2019-01-03 13:10:01 - [TEST_STEP][PASSED] - Statement - PreSaveFile = new java.io.File(((pathPrefix + java.lang.Integer.toString(counter)) + .png)): null

2019-01-03 13:10:01 - [TEST_STEP][PASSED] - Statement - counter = counter + 1: null

2019-01-03 13:10:01 - [TEST_STEP][PASSED] - Statement - PreSaveFile = new java.io.File(((pathPrefix + java.lang.Integer.toString(counter)) + .png)): null

2019-01-03 13:10:01 - [TEST_STEP][PASSED] - Statement - counter = counter + 1: null

2019-01-03 13:10:01 - [TEST_STEP][PASSED] - Statement - PreSaveFile = new java.io.File(((pathPrefix + java.lang.Integer.toString(counter)) + .png)): null

2019-01-03 13:10:01 - [TEST_STEP][PASSED] - Statement - counter = counter + 1: null

2019-01-03 13:10:01 - [TEST_STEP][PASSED] - Statement - PreSaveFile = new java.io.File(((pathPrefix + java.lang.Integer.toString(counter)) + .png)): null

2019-01-03 13:10:01 - [TEST_STEP][PASSED] - Statement - counter = counter + 1: null

2019-01-03 13:10:01 - [TEST_STEP][PASSED] - Statement - PreSaveFile = new java.io.File(((pathPrefix + java.lang.Integer.toString(counter)) + .png)): null

2019-01-03 13:10:01 - [TEST_STEP][PASSED] - Statement - counter = counter + 1: null

2019-01-03 13:10:01 - [TEST_STEP][PASSED] - Statement - PreSaveFile = new java.io.File(((pathPrefix + java.lang.Integer.toString(counter)) + .png)): null

2019-01-03 13:10:01 - [TEST_STEP][PASSED] - Statement - counter = counter + 1: null

2019-01-03 13:10:01 - [TEST_STEP][PASSED] - Statement - PreSaveFile = new java.io.File(((pathPrefix + java.lang.Integer.toString(counter)) + .png)): null

2019-01-03 13:10:01 - [TEST_STEP][PASSED] - Statement - counter = counter + 1: null

2019-01-03 13:10:01 - [TEST_STEP][PASSED] - Statement - PreSaveFile = new java.io.File(((pathPrefix + java.lang.Integer.toString(counter)) + .png)): null

2019-01-03 13:10:01 - [TEST_STEP][PASSED] - Statement - counter = counter + 1: null

2019-01-03 13:10:01 - [TEST_STEP][PASSED] - Statement - PreSaveFile = new java.io.File(((pathPrefix + java.lang.Integer.toString(counter)) + .png)): null

2019-01-03 13:10:01 - [TEST_STEP][PASSED] - Statement - counter = counter + 1: null

2019-01-03 13:10:01 - [TEST_STEP][PASSED] - Statement - PreSaveFile = new java.io.File(((pathPrefix + java.lang.Integer.toString(counter)) + .png)): null

2019-01-03 13:10:01 - [TEST_STEP][PASSED] - Statement - counter = counter + 1: null

2019-01-03 13:10:01 - [TEST_STEP][PASSED] - Statement - PreSaveFile = new java.io.File(((pathPrefix + java.lang.Integer.toString(counter)) + .png)): null

2019-01-03 13:10:01 - [TEST_STEP][PASSED] - Statement - counter = counter + 1: null

2019-01-03 13:10:01 - [TEST_STEP][PASSED] - Statement - PreSaveFile = new java.io.File(((pathPrefix + java.lang.Integer.toString(counter)) + .png)): null

2019-01-03 13:10:01 - [TEST_STEP][PASSED] - Statement - counter = counter + 1: null

2019-01-03 13:10:01 - [TEST_STEP][PASSED] - Statement - PreSaveFile = new java.io.File(((pathPrefix + java.lang.Integer.toString(counter)) + .png)): null

2019-01-03 13:10:01 - [TEST_STEP][PASSED] - Statement - counter = counter + 1: null

2019-01-03 13:10:01 - [TEST_STEP][PASSED] - Statement - PreSaveFile = new java.io.File(((pathPrefix + java.lang.Integer.toString(counter)) + .png)): null

2019-01-03 13:10:01 - [TEST_STEP][PASSED] - Statement - counter = counter + 1: null

2019-01-03 13:10:01 - [TEST_STEP][PASSED] - Statement - PreSaveFile = new java.io.File(((pathPrefix + java.lang.Integer.toString(counter)) + .png)): null

2019-01-03 13:10:01 - [TEST_STEP][PASSED] - Statement - counter = counter + 1: null

2019-01-03 13:10:01 - [TEST_STEP][PASSED] - Statement - PreSaveFile = new java.io.File(((pathPrefix + java.lang.Integer.toString(counter)) + .png)): null

2019-01-03 13:10:01 - [TEST_STEP][PASSED] - Statement - counter = counter + 1: null

2019-01-03 13:10:01 - [TEST_STEP][PASSED] - Statement - PreSaveFile = new java.io.File(((pathPrefix + java.lang.Integer.toString(counter)) + .png)): null

2019-01-03 13:10:01 - [TEST_STEP][PASSED] - Statement - counter = counter + 1: null

2019-01-03 13:10:01 - [TEST_STEP][PASSED] - Statement - PreSaveFile = new java.io.File(((pathPrefix + java.lang.Integer.toString(counter)) + .png)): null

2019-01-03 13:10:01 - [TEST_STEP][PASSED] - Statement - counter = counter + 1: null

2019-01-03 13:10:01 - [TEST_STEP][PASSED] - Statement - PreSaveFile = new java.io.File(((pathPrefix + java.lang.Integer.toString(counter)) + .png)): null

2019-01-03 13:10:01 - [TEST_STEP][PASSED] - Statement - counter = counter + 1: null

2019-01-03 13:10:01 - [TEST_STEP][PASSED] - Statement - PreSaveFile = new java.io.File(((pathPrefix + java.lang.Integer.toString(counter)) + .png)): null

2019-01-03 13:10:01 - [TEST_STEP][PASSED] - Statement - counter = counter + 1: null

2019-01-03 13:10:01 - [TEST_STEP][PASSED] - Statement - PreSaveFile = new java.io.File(((pathPrefix + java.lang.Integer.toString(counter)) + .png)): null

2019-01-03 13:10:01 - [TEST_STEP][PASSED] - Statement - counter = counter + 1: null

2019-01-03 13:10:01 - [TEST_STEP][PASSED] - Statement - PreSaveFile = new java.io.File(((pathPrefix + java.lang.Integer.toString(counter)) + .png)): null

2019-01-03 13:10:01 - [TEST_STEP][PASSED] - Statement - counter = counter + 1: null

2019-01-03 13:10:01 - [TEST_STEP][PASSED] - Statement - PreSaveFile = new java.io.File(((pathPrefix + java.lang.Integer.toString(counter)) + .png)): null

2019-01-03 13:10:01 - [TEST_STEP][PASSED] - Statement - counter = counter + 1: null

2019-01-03 13:10:01 - [TEST_STEP][PASSED] - Statement - PreSaveFile = new java.io.File(((pathPrefix + java.lang.Integer.toString(counter)) + .png)): null

2019-01-03 13:10:01 - [TEST_STEP][PASSED] - Statement - counter = counter + 1: null

2019-01-03 13:10:01 - [TEST_STEP][PASSED] - Statement - PreSaveFile = new java.io.File(((pathPrefix + java.lang.Integer.toString(counter)) + .png)): null

2019-01-03 13:10:01 - [TEST_STEP][PASSED] - Statement - counter = counter + 1: null

2019-01-03 13:10:01 - [TEST_STEP][PASSED] - Statement - PreSaveFile = new java.io.File(((pathPrefix + java.lang.Integer.toString(counter)) + .png)): null

2019-01-03 13:10:01 - [TEST_STEP][PASSED] - Statement - counter = counter + 1: null

2019-01-03 13:10:01 - [TEST_STEP][PASSED] - Statement - PreSaveFile = new java.io.File(((pathPrefix + java.lang.Integer.toString(counter)) + .png)): null

2019-01-03 13:10:01 - [TEST_STEP][PASSED] - Statement - counter = counter + 1: null

2019-01-03 13:10:01 - [TEST_STEP][PASSED] - Statement - PreSaveFile = new java.io.File(((pathPrefix + java.lang.Integer.toString(counter)) + .png)): null

2019-01-03 13:10:01 - [TEST_STEP][PASSED] - Statement - counter = counter + 1: null

2019-01-03 13:10:01 - [TEST_STEP][PASSED] - Statement - PreSaveFile = new java.io.File(((pathPrefix + java.lang.Integer.toString(counter)) + .png)): null

2019-01-03 13:10:01 - [TEST_STEP][PASSED] - Statement - counter = counter + 1: null

2019-01-03 13:10:01 - [TEST_STEP][PASSED] - Statement - PreSaveFile = new java.io.File(((pathPrefix + java.lang.Integer.toString(counter)) + .png)): null

2019-01-03 13:10:01 - [TEST_STEP][PASSED] - Statement - counter = counter + 1: null

2019-01-03 13:10:01 - [TEST_STEP][PASSED] - Statement - PreSaveFile = new java.io.File(((pathPrefix + java.lang.Integer.toString(counter)) + .png)): null

2019-01-03 13:10:01 - [TEST_STEP][PASSED] - Statement - counter = counter + 1: null

2019-01-03 13:10:01 - [TEST_STEP][PASSED] - Statement - PreSaveFile = new java.io.File(((pathPrefix + java.lang.Integer.toString(counter)) + .png)): null

2019-01-03 13:10:01 - [TEST_STEP][PASSED] - Statement - counter = counter + 1: null

2019-01-03 13:10:01 - [TEST_STEP][PASSED] - Statement - PreSaveFile = new java.io.File(((pathPrefix + java.lang.Integer.toString(counter)) + .png)): null

2019-01-03 13:10:01 - [TEST_STEP][PASSED] - Statement - counter = counter + 1: null

2019-01-03 13:10:01 - [TEST_STEP][PASSED] - Statement - PreSaveFile = new java.io.File(((pathPrefix + java.lang.Integer.toString(counter)) + .png)): null

2019-01-03 13:10:01 - [TEST_STEP][PASSED] - Statement - counter = counter + 1: null

2019-01-03 13:10:01 - [TEST_STEP][PASSED] - Statement - PreSaveFile = new java.io.File(((pathPrefix + java.lang.Integer.toString(counter)) + .png)): null

2019-01-03 13:10:01 - [TEST_STEP][PASSED] - Statement - counter = counter + 1: null

2019-01-03 13:10:01 - [TEST_STEP][PASSED] - Statement - PreSaveFile = new java.io.File(((pathPrefix + java.lang.Integer.toString(counter)) + .png)): null

2019-01-03 13:10:01 - [TEST_STEP][PASSED] - Statement - counter = counter + 1: null

2019-01-03 13:10:01 - [TEST_STEP][PASSED] - Statement - PreSaveFile = new java.io.File(((pathPrefix + java.lang.Integer.toString(counter)) + .png)): null

2019-01-03 13:10:01 - [TEST_STEP][PASSED] - Statement - counter = counter + 1: null

2019-01-03 13:10:01 - [TEST_STEP][PASSED] - Statement - PreSaveFile = new java.io.File(((pathPrefix + java.lang.Integer.toString(counter)) + .png)): null

2019-01-03 13:10:01 - [TEST_STEP][PASSED] - Statement - counter = counter + 1: null

2019-01-03 13:10:01 - [TEST_STEP][PASSED] - Statement - PreSaveFile = new java.io.File(((pathPrefix + java.lang.Integer.toString(counter)) + .png)): null

2019-01-03 13:10:01 - [TEST_STEP][PASSED] - Statement - counter = counter + 1: null

2019-01-03 13:10:01 - [TEST_STEP][PASSED] - Statement - PreSaveFile = new java.io.File(((pathPrefix + java.lang.Integer.toString(counter)) + .png)): null

2019-01-03 13:10:01 - [TEST_STEP][PASSED] - Statement - counter = counter + 1: null

2019-01-03 13:10:01 - [TEST_STEP][PASSED] - Statement - PreSaveFile = new java.io.File(((pathPrefix + java.lang.Integer.toString(counter)) + .png)): null

2019-01-03 13:10:01 - [TEST_STEP][PASSED] - Statement - counter = counter + 1: null

2019-01-03 13:10:01 - [TEST_STEP][PASSED] - Statement - PreSaveFile = new java.io.File(((pathPrefix + java.lang.Integer.toString(counter)) + .png)): null

2019-01-03 13:10:01 - [TEST_STEP][PASSED] - Statement - counter = counter + 1: null

2019-01-03 13:10:01 - [TEST_STEP][PASSED] - Statement - PreSaveFile = new java.io.File(((pathPrefix + java.lang.Integer.toString(counter)) + .png)): null

2019-01-03 13:10:01 - [TEST_STEP][PASSED] - Statement - counter = counter + 1: null

2019-01-03 13:10:01 - [TEST_STEP][PASSED] - Statement - PreSaveFile = new java.io.File(((pathPrefix + java.lang.Integer.toString(counter)) + .png)): null

2019-01-03 13:10:01 - [TEST_STEP][PASSED] - Statement - counter = counter + 1: null

2019-01-03 13:10:01 - [TEST_STEP][PASSED] - Statement - PreSaveFile = new java.io.File(((pathPrefix + java.lang.Integer.toString(counter)) + .png)): null

2019-01-03 13:10:01 - [TEST_STEP][PASSED] - Statement - counter = counter + 1: null

2019-01-03 13:10:01 - [TEST_STEP][PASSED] - Statement - PreSaveFile = new java.io.File(((pathPrefix + java.lang.Integer.toString(counter)) + .png)): null

2019-01-03 13:10:01 - [TEST_STEP][PASSED] - Statement - counter = counter + 1: null

2019-01-03 13:10:01 - [TEST_STEP][PASSED] - Statement - PreSaveFile = new java.io.File(((pathPrefix + java.lang.Integer.toString(counter)) + .png)): null

2019-01-03 13:10:01 - [TEST_STEP][PASSED] - Statement - counter = counter + 1: null

2019-01-03 13:10:01 - [TEST_STEP][PASSED] - Statement - PreSaveFile = new java.io.File(((pathPrefix + java.lang.Integer.toString(counter)) + .png)): null

2019-01-03 13:10:01 - [TEST_STEP][PASSED] - Statement - counter = counter + 1: null

2019-01-03 13:10:01 - [TEST_STEP][PASSED] - Statement - PreSaveFile = new java.io.File(((pathPrefix + java.lang.Integer.toString(counter)) + .png)): null

2019-01-03 13:10:01 - [TEST_STEP][PASSED] - Statement - counter = counter + 1: null

2019-01-03 13:10:01 - [TEST_STEP][PASSED] - Statement - PreSaveFile = new java.io.File(((pathPrefix + java.lang.Integer.toString(counter)) + .png)): null

2019-01-03 13:10:01 - [TEST_STEP][PASSED] - Statement - counter = counter + 1: null

2019-01-03 13:10:01 - [TEST_STEP][PASSED] - Statement - PreSaveFile = new java.io.File(((pathPrefix + java.lang.Integer.toString(counter)) + .png)): null

2019-01-03 13:10:01 - [TEST_STEP][PASSED] - Statement - counter = counter + 1: null

2019-01-03 13:10:01 - [TEST_STEP][PASSED] - Statement - PreSaveFile = new java.io.File(((pathPrefix + java.lang.Integer.toString(counter)) + .png)): null

2019-01-03 13:10:01 - [TEST_STEP][PASSED] - Statement - counter = counter + 1: null

2019-01-03 13:10:01 - [TEST_STEP][PASSED] - Statement - PreSaveFile = new java.io.File(((pathPrefix + java.lang.Integer.toString(counter)) + .png)): null

2019-01-03 13:10:01 - [TEST_STEP][PASSED] - Statement - counter = counter + 1: null

2019-01-03 13:10:01 - [TEST_STEP][PASSED] - Statement - PreSaveFile = new java.io.File(((pathPrefix + java.lang.Integer.toString(counter)) + .png)): null

2019-01-03 13:10:01 - [TEST_STEP][PASSED] - Statement - counter = counter + 1: null

2019-01-03 13:10:01 - [TEST_STEP][PASSED] - Statement - PreSaveFile = new java.io.File(((pathPrefix + java.lang.Integer.toString(counter)) + .png)): null

2019-01-03 13:10:01 - [TEST_STEP][PASSED] - Statement - counter = counter + 1: null

2019-01-03 13:10:01 - [TEST_STEP][PASSED] - Statement - PreSaveFile = new java.io.File(((pathPrefix + java.lang.Integer.toString(counter)) + .png)): null

2019-01-03 13:10:01 - [TEST_STEP][PASSED] - Statement - counter = counter + 1: null

2019-01-03 13:10:01 - [TEST_STEP][PASSED] - Statement - PreSaveFile = new java.io.File(((pathPrefix + java.lang.Integer.toString(counter)) + .png)): null

2019-01-03 13:10:01 - [TEST_STEP][PASSED] - Statement - counter = counter + 1: null

2019-01-03 13:10:01 - [TEST_STEP][PASSED] - Statement - PreSaveFile = new java.io.File(((pathPrefix + java.lang.Integer.toString(counter)) + .png)): null

2019-01-03 13:10:01 - [TEST_STEP][PASSED] - Statement - counter = counter + 1: null

2019-01-03 13:10:01 - [TEST_STEP][PASSED] - Statement - PreSaveFile = new java.io.File(((pathPrefix + java.lang.Integer.toString(counter)) + .png)): null

2019-01-03 13:10:01 - [TEST_STEP][PASSED] - Statement - counter = counter + 1: null

2019-01-03 13:10:01 - [TEST_STEP][PASSED] - Statement - PreSaveFile = new java.io.File(((pathPrefix + java.lang.Integer.toString(counter)) + .png)): null

2019-01-03 13:10:01 - [TEST_STEP][PASSED] - Statement - counter = counter + 1: null

2019-01-03 13:10:01 - [TEST_STEP][PASSED] - Statement - PreSaveFile = new java.io.File(((pathPrefix + java.lang.Integer.toString(counter)) + .png)): null

2019-01-03 13:10:01 - [TEST_STEP][PASSED] - Statement - counter = counter + 1: null

2019-01-03 13:10:01 - [TEST_STEP][PASSED] - Statement - PreSaveFile = new java.io.File(((pathPrefix + java.lang.Integer.toString(counter)) + .png)): null

2019-01-03 13:10:01 - [TEST_STEP][PASSED] - Statement - counter = counter + 1: null

2019-01-03 13:10:01 - [TEST_STEP][PASSED] - Statement - PreSaveFile = new java.io.File(((pathPrefix + java.lang.Integer.toString(counter)) + .png)): null

2019-01-03 13:10:01 - [TEST_STEP][PASSED] - Statement - counter = counter + 1: null

2019-01-03 13:10:01 - [TEST_STEP][PASSED] - Statement - PreSaveFile = new java.io.File(((pathPrefix + java.lang.Integer.toString(counter)) + .png)): null

2019-01-03 13:10:01 - [TEST_STEP][PASSED] - Statement - counter = counter + 1: null

2019-01-03 13:10:01 - [TEST_STEP][PASSED] - Statement - PreSaveFile = new java.io.File(((pathPrefix + java.lang.Integer.toString(counter)) + .png)): null

2019-01-03 13:10:01 - [TEST_STEP][PASSED] - Statement - counter = counter + 1: null

2019-01-03 13:10:01 - [TEST_STEP][PASSED] - Statement - PreSaveFile = new java.io.File(((pathPrefix + java.lang.Integer.toString(counter)) + .png)): null

2019-01-03 13:10:01 - [TEST_STEP][PASSED] - Statement - counter = counter + 1: null

2019-01-03 13:10:01 - [TEST_STEP][PASSED] - Statement - PreSaveFile = new java.io.File(((pathPrefix + java.lang.Integer.toString(counter)) + .png)): null

2019-01-03 13:10:01 - [TEST_STEP][PASSED] - Statement - counter = counter + 1: null

2019-01-03 13:10:01 - [TEST_STEP][PASSED] - Statement - PreSaveFile = new java.io.File(((pathPrefix + java.lang.Integer.toString(counter)) + .png)): null

2019-01-03 13:10:01 - [TEST_STEP][PASSED] - Statement - counter = counter + 1: null

2019-01-03 13:10:01 - [TEST_STEP][PASSED] - Statement - PreSaveFile = new java.io.File(((pathPrefix + java.lang.Integer.toString(counter)) + .png)): null

2019-01-03 13:10:01 - [TEST_STEP][PASSED] - Statement - counter = counter + 1: null

2019-01-03 13:10:01 - [TEST_STEP][PASSED] - Statement - PreSaveFile = new java.io.File(((pathPrefix + java.lang.Integer.toString(counter)) + .png)): null

2019-01-03 13:10:01 - [TEST_STEP][PASSED] - Statement - counter = counter + 1: null

2019-01-03 13:10:01 - [TEST_STEP][PASSED] - Statement - PreSaveFile = new java.io.File(((pathPrefix + java.lang.Integer.toString(counter)) + .png)): null

2019-01-03 13:10:01 - [TEST_STEP][PASSED] - Statement - counter = counter + 1: null

2019-01-03 13:10:01 - [TEST_STEP][PASSED] - Statement - PreSaveFile = new java.io.File(((pathPrefix + java.lang.Integer.toString(counter)) + .png)): null

2019-01-03 13:10:01 - [TEST_STEP][PASSED] - Statement - counter = counter + 1: null

2019-01-03 13:10:01 - [TEST_STEP][PASSED] - Statement - PreSaveFile = new java.io.File(((pathPrefix + java.lang.Integer.toString(counter)) + .png)): null

2019-01-03 13:10:01 - [TEST_STEP][PASSED] - Statement - counter = counter + 1: null

2019-01-03 13:10:01 - [TEST_STEP][PASSED] - Statement - PreSaveFile = new java.io.File(((pathPrefix + java.lang.Integer.toString(counter)) + .png)): null

2019-01-03 13:10:01 - [TEST_STEP][PASSED] - Statement - counter = counter + 1: null

2019-01-03 13:10:01 - [TEST_STEP][PASSED] - Statement - PreSaveFile = new java.io.File(((pathPrefix + java.lang.Integer.toString(counter)) + .png)): null

2019-01-03 13:10:01 - [TEST_STEP][PASSED] - Statement - counter = counter + 1: null

2019-01-03 13:10:01 - [TEST_STEP][PASSED] - Statement - PreSaveFile = new java.io.File(((pathPrefix + java.lang.Integer.toString(counter)) + .png)): null

2019-01-03 13:10:01 - [TEST_STEP][PASSED] - Statement - counter = counter + 1: null

2019-01-03 13:10:01 - [TEST_STEP][PASSED] - Statement - PreSaveFile = new java.io.File(((pathPrefix + java.lang.Integer.toString(counter)) + .png)): null

2019-01-03 13:10:01 - [TEST_STEP][PASSED] - Statement - counter = counter + 1: null

2019-01-03 13:10:01 - [TEST_STEP][PASSED] - Statement - PreSaveFile = new java.io.File(((pathPrefix + java.lang.Integer.toString(counter)) + .png)): null

2019-01-03 13:10:01 - [TEST_STEP][PASSED] - Statement - counter = counter + 1: null

2019-01-03 13:10:01 - [TEST_STEP][PASSED] - Statement - PreSaveFile = new java.io.File(((pathPrefix + java.lang.Integer.toString(counter)) + .png)): null

2019-01-03 13:10:01 - [TEST_STEP][PASSED] - Statement - counter = counter + 1: null

2019-01-03 13:10:01 - [TEST_STEP][PASSED] - Statement - PreSaveFile = new java.io.File(((pathPrefix + java.lang.Integer.toString(counter)) + .png)): null

2019-01-03 13:10:01 - [TEST_STEP][PASSED] - Statement - counter = counter + 1: null

2019-01-03 13:10:01 - [TEST_STEP][PASSED] - Statement - PreSaveFile = new java.io.File(((pathPrefix + java.lang.Integer.toString(counter)) + .png)): null

2019-01-03 13:10:01 - [TEST_STEP][PASSED] - Statement - counter = counter + 1: null

2019-01-03 13:10:01 - [TEST_STEP][PASSED] - Statement - PreSaveFile = new java.io.File(((pathPrefix + java.lang.Integer.toString(counter)) + .png)): null

2019-01-03 13:10:01 - [TEST_STEP][PASSED] - Statement - counter = counter + 1: null

2019-01-03 13:10:01 - [TEST_STEP][PASSED] - Statement - PreSaveFile = new java.io.File(((pathPrefix + java.lang.Integer.toString(counter)) + .png)): null

2019-01-03 13:10:01 - [TEST_STEP][PASSED] - Statement - counter = counter + 1: null

2019-01-03 13:10:01 - [TEST_STEP][PASSED] - Statement - PreSaveFile = new java.io.File(((pathPrefix + java.lang.Integer.toString(counter)) + .png)): null

2019-01-03 13:10:01 - [TEST_STEP][PASSED] - Statement - counter = counter + 1: null

2019-01-03 13:10:01 - [TEST_STEP][PASSED] - Statement - PreSaveFile = new java.io.File(((pathPrefix + java.lang.Integer.toString(counter)) + .png)): null

2019-01-03 13:10:02 - [TEST_STEP][PASSED] - Statement - counter = counter + 1: null

2019-01-03 13:10:02 - [TEST_STEP][PASSED] - Statement - PreSaveFile = new java.io.File(((pathPrefix + java.lang.Integer.toString(counter)) + .png)): null

2019-01-03 13:10:02 - [TEST_STEP][PASSED] - Statement - counter = counter + 1: null

2019-01-03 13:10:02 - [TEST_STEP][PASSED] - Statement - PreSaveFile = new java.io.File(((pathPrefix + java.lang.Integer.toString(counter)) + .png)): null

2019-01-03 13:10:02 - [TEST_STEP][PASSED] - Statement - counter = counter + 1: null

2019-01-03 13:10:02 - [TEST_STEP][PASSED] - Statement - PreSaveFile = new java.io.File(((pathPrefix + java.lang.Integer.toString(counter)) + .png)): null

2019-01-03 13:10:02 - [TEST_STEP][PASSED] - Statement - counter = counter + 1: null

2019-01-03 13:10:02 - [TEST_STEP][PASSED] - Statement - PreSaveFile = new java.io.File(((pathPrefix + java.lang.Integer.toString(counter)) + .png)): null

2019-01-03 13:10:02 - [TEST_STEP][PASSED] - Statement - counter = counter + 1: null

2019-01-03 13:10:02 - [TEST_STEP][PASSED] - Statement - PreSaveFile = new java.io.File(((pathPrefix + java.lang.Integer.toString(counter)) + .png)): null

2019-01-03 13:10:02 - [TEST_STEP][PASSED] - Statement - counter = counter + 1: null

2019-01-03 13:10:02 - [TEST_STEP][PASSED] - Statement - PreSaveFile = new java.io.File(((pathPrefix + java.lang.Integer.toString(counter)) + .png)): null

2019-01-03 13:10:02 - [TEST_STEP][PASSED] - Statement - counter = counter + 1: null

2019-01-03 13:10:02 - [TEST_STEP][PASSED] - Statement - PreSaveFile = new java.io.File(((pathPrefix + java.lang.Integer.toString(counter)) + .png)): null

2019-01-03 13:10:02 - [TEST_STEP][PASSED] - Statement - counter = counter + 1: null

2019-01-03 13:10:02 - [TEST_STEP][PASSED] - Statement - PreSaveFile = new java.io.File(((pathPrefix + java.lang.Integer.toString(counter)) + .png)): null

2019-01-03 13:10:02 - [TEST_STEP][PASSED] - Statement - counter = counter + 1: null

2019-01-03 13:10:02 - [TEST_STEP][PASSED] - Statement - PreSaveFile = new java.io.File(((pathPrefix + java.lang.Integer.toString(counter)) + .png)): null

2019-01-03 13:10:02 - [TEST_STEP][PASSED] - Statement - counter = counter + 1: null

2019-01-03 13:10:02 - [TEST_STEP][PASSED] - Statement - PreSaveFile = new java.io.File(((pathPrefix + java.lang.Integer.toString(counter)) + .png)): null

2019-01-03 13:10:02 - [TEST_STEP][PASSED] - Statement - counter = counter + 1: null

2019-01-03 13:10:02 - [TEST_STEP][PASSED] - Statement - PreSaveFile = new java.io.File(((pathPrefix + java.lang.Integer.toString(counter)) + .png)): null

2019-01-03 13:10:02 - [TEST_STEP][PASSED] - Statement - counter = counter + 1: null

2019-01-03 13:10:02 - [TEST_STEP][PASSED] - Statement - PreSaveFile = new java.io.File(((pathPrefix + java.lang.Integer.toString(counter)) + .png)): null

2019-01-03 13:10:02 - [TEST_STEP][PASSED] - Statement - counter = counter + 1: null

2019-01-03 13:10:02 - [TEST_STEP][PASSED] - Statement - PreSaveFile = new java.io.File(((pathPrefix + java.lang.Integer.toString(counter)) + .png)): null

2019-01-03 13:10:02 - [TEST_STEP][PASSED] - Statement - counter = counter + 1: null

2019-01-03 13:10:02 - [TEST_STEP][PASSED] - Statement - PreSaveFile = new java.io.File(((pathPrefix + java.lang.Integer.toString(counter)) + .png)): null

2019-01-03 13:10:02 - [TEST_STEP][PASSED] - Statement - counter = counter + 1: null

2019-01-03 13:10:02 - [TEST_STEP][PASSED] - Statement - PreSaveFile = new java.io.File(((pathPrefix + java.lang.Integer.toString(counter)) + .png)): null

2019-01-03 13:10:02 - [TEST_STEP][PASSED] - Statement - counter = counter + 1: null

2019-01-03 13:10:02 - [TEST_STEP][PASSED] - Statement - PreSaveFile = new java.io.File(((pathPrefix + java.lang.Integer.toString(counter)) + .png)): null

2019-01-03 13:10:02 - [TEST_STEP][PASSED] - Statement - counter = counter + 1: null

2019-01-03 13:10:02 - [TEST_STEP][PASSED] - Statement - PreSaveFile = new java.io.File(((pathPrefix + java.lang.Integer.toString(counter)) + .png)): null

2019-01-03 13:10:02 - [TEST_STEP][PASSED] - Statement - counter = counter + 1: null

2019-01-03 13:10:02 - [TEST_STEP][PASSED] - Statement - PreSaveFile = new java.io.File(((pathPrefix + java.lang.Integer.toString(counter)) + .png)): null

2019-01-03 13:10:02 - [TEST_STEP][PASSED] - Statement - counter = counter + 1: null

2019-01-03 13:10:02 - [TEST_STEP][PASSED] - Statement - PreSaveFile = new java.io.File(((pathPrefix + java.lang.Integer.toString(counter)) + .png)): null

2019-01-03 13:10:02 - [TEST_STEP][PASSED] - Statement - counter = counter + 1: null

2019-01-03 13:10:02 - [TEST_STEP][PASSED] - Statement - PreSaveFile = new java.io.File(((pathPrefix + java.lang.Integer.toString(counter)) + .png)): null

2019-01-03 13:10:02 - [TEST_STEP][PASSED] - Statement - counter = counter + 1: null

2019-01-03 13:10:02 - [TEST_STEP][PASSED] - Statement - PreSaveFile = new java.io.File(((pathPrefix + java.lang.Integer.toString(counter)) + .png)): null

2019-01-03 13:10:02 - [TEST_STEP][PASSED] - Statement - counter = counter + 1: null

2019-01-03 13:10:02 - [TEST_STEP][PASSED] - Statement - PreSaveFile = new java.io.File(((pathPrefix + java.lang.Integer.toString(counter)) + .png)): null

2019-01-03 13:10:02 - [TEST_STEP][PASSED] - Statement - counter = counter + 1: null

2019-01-03 13:10:02 - [TEST_STEP][PASSED] - Statement - PreSaveFile = new java.io.File(((pathPrefix + java.lang.Integer.toString(counter)) + .png)): null

2019-01-03 13:10:02 - [TEST_STEP][PASSED] - Statement - counter = counter + 1: null

2019-01-03 13:10:02 - [TEST_STEP][PASSED] - Statement - PreSaveFile = new java.io.File(((pathPrefix + java.lang.Integer.toString(counter)) + .png)): null

2019-01-03 13:10:02 - [TEST_STEP][PASSED] - Statement - counter = counter + 1: null

2019-01-03 13:10:02 - [TEST_STEP][PASSED] - Statement - PreSaveFile = new java.io.File(((pathPrefix + java.lang.Integer.toString(counter)) + .png)): null

2019-01-03 13:10:02 - [TEST_STEP][PASSED] - Statement - counter = counter + 1: null

2019-01-03 13:10:02 - [TEST_STEP][PASSED] - Statement - PreSaveFile = new java.io.File(((pathPrefix + java.lang.Integer.toString(counter)) + .png)): null

2019-01-03 13:10:02 - [TEST_STEP][PASSED] - Statement - counter = counter + 1: null

2019-01-03 13:10:02 - [TEST_STEP][PASSED] - Statement - PreSaveFile = new java.io.File(((pathPrefix + java.lang.Integer.toString(counter)) + .png)): null

2019-01-03 13:10:02 - [TEST_STEP][PASSED] - Statement - counter = counter + 1: null

2019-01-03 13:10:02 - [TEST_STEP][PASSED] - Statement - PreSaveFile = new java.io.File(((pathPrefix + java.lang.Integer.toString(counter)) + .png)): null

2019-01-03 13:10:02 - [TEST_STEP][PASSED] - Statement - counter = counter + 1: null

2019-01-03 13:10:02 - [TEST_STEP][PASSED] - Statement - PreSaveFile = new java.io.File(((pathPrefix + java.lang.Integer.toString(counter)) + .png)): null

2019-01-03 13:10:02 - [TEST_STEP][PASSED] - Statement - counter = counter + 1: null

2019-01-03 13:10:02 - [TEST_STEP][PASSED] - Statement - PreSaveFile = new java.io.File(((pathPrefix + java.lang.Integer.toString(counter)) + .png)): null

2019-01-03 13:10:02 - [TEST_STEP][PASSED] - Statement - counter = counter + 1: null

2019-01-03 13:10:02 - [TEST_STEP][PASSED] - Statement - PreSaveFile = new java.io.File(((pathPrefix + java.lang.Integer.toString(counter)) + .png)): null

2019-01-03 13:10:02 - [TEST_STEP][PASSED] - Statement - counter = counter + 1: null

2019-01-03 13:10:02 - [TEST_STEP][PASSED] - Statement - PreSaveFile = new java.io.File(((pathPrefix + java.lang.Integer.toString(counter)) + .png)): null

2019-01-03 13:10:02 - [TEST_STEP][PASSED] - Statement - counter = counter + 1: null

2019-01-03 13:10:02 - [TEST_STEP][PASSED] - Statement - PreSaveFile = new java.io.File(((pathPrefix + java.lang.Integer.toString(counter)) + .png)): null

2019-01-03 13:10:02 - [TEST_STEP][PASSED] - Statement - counter = counter + 1: null

2019-01-03 13:10:02 - [TEST_STEP][PASSED] - Statement - PreSaveFile = new java.io.File(((pathPrefix + java.lang.Integer.toString(counter)) + .png)): null

2019-01-03 13:10:02 - [TEST_STEP][PASSED] - Statement - counter = counter + 1: null

2019-01-03 13:10:02 - [TEST_STEP][PASSED] - Statement - PreSaveFile = new java.io.File(((pathPrefix + java.lang.Integer.toString(counter)) + .png)): null

2019-01-03 13:10:02 - [TEST_STEP][PASSED] - Statement - counter = counter + 1: null

2019-01-03 13:10:02 - [TEST_STEP][PASSED] - Statement - PreSaveFile = new java.io.File(((pathPrefix + java.lang.Integer.toString(counter)) + .png)): null

2019-01-03 13:10:02 - [TEST_STEP][PASSED] - Statement - counter = counter + 1: null

2019-01-03 13:10:02 - [TEST_STEP][PASSED] - Statement - PreSaveFile = new java.io.File(((pathPrefix + java.lang.Integer.toString(counter)) + .png)): null

2019-01-03 13:10:02 - [TEST_STEP][PASSED] - Statement - counter = counter + 1: null

2019-01-03 13:10:02 - [TEST_STEP][PASSED] - Statement - PreSaveFile = new java.io.File(((pathPrefix + java.lang.Integer.toString(counter)) + .png)): null

2019-01-03 13:10:02 - [TEST_STEP][PASSED] - Statement - counter = counter + 1: null

2019-01-03 13:10:02 - [TEST_STEP][PASSED] - Statement - PreSaveFile = new java.io.File(((pathPrefix + java.lang.Integer.toString(counter)) + .png)): null

2019-01-03 13:10:02 - [TEST_STEP][PASSED] - Statement - counter = counter + 1: null

2019-01-03 13:10:02 - [TEST_STEP][PASSED] - Statement - PreSaveFile = new java.io.File(((pathPrefix + java.lang.Integer.toString(counter)) + .png)): null

2019-01-03 13:10:02 - [TEST_STEP][PASSED] - Statement - counter = counter + 1: null

2019-01-03 13:10:02 - [TEST_STEP][PASSED] - Statement - PreSaveFile = new java.io.File(((pathPrefix + java.lang.Integer.toString(counter)) + .png)): null

2019-01-03 13:10:02 - [TEST_STEP][PASSED] - Statement - counter = counter + 1: null

2019-01-03 13:10:02 - [TEST_STEP][PASSED] - Statement - PreSaveFile = new java.io.File(((pathPrefix + java.lang.Integer.toString(counter)) + .png)): null

2019-01-03 13:10:02 - [TEST_STEP][PASSED] - Statement - counter = counter + 1: null

2019-01-03 13:10:02 - [TEST_STEP][PASSED] - Statement - PreSaveFile = new java.io.File(((pathPrefix + java.lang.Integer.toString(counter)) + .png)): null

2019-01-03 13:10:02 - [TEST_STEP][PASSED] - Statement - counter = counter + 1: null

2019-01-03 13:10:02 - [TEST_STEP][PASSED] - Statement - PreSaveFile = new java.io.File(((pathPrefix + java.lang.Integer.toString(counter)) + .png)): null

2019-01-03 13:10:02 - [TEST_STEP][PASSED] - Statement - counter = counter + 1: null

2019-01-03 13:10:02 - [TEST_STEP][PASSED] - Statement - PreSaveFile = new java.io.File(((pathPrefix + java.lang.Integer.toString(counter)) + .png)): null

2019-01-03 13:10:02 - [TEST_STEP][PASSED] - Statement - counter = counter + 1: null

2019-01-03 13:10:02 - [TEST_STEP][PASSED] - Statement - PreSaveFile = new java.io.File(((pathPrefix + java.lang.Integer.toString(counter)) + .png)): null

2019-01-03 13:10:02 - [TEST_STEP][PASSED] - Statement - counter = counter + 1: null

2019-01-03 13:10:02 - [TEST_STEP][PASSED] - Statement - PreSaveFile = new java.io.File(((pathPrefix + java.lang.Integer.toString(counter)) + .png)): null

2019-01-03 13:10:02 - [TEST_STEP][PASSED] - Statement - counter = counter + 1: null

2019-01-03 13:10:02 - [TEST_STEP][PASSED] - Statement - PreSaveFile = new java.io.File(((pathPrefix + java.lang.Integer.toString(counter)) + .png)): null

2019-01-03 13:10:02 - [TEST_STEP][PASSED] - Statement - counter = counter + 1: null

2019-01-03 13:10:02 - [TEST_STEP][PASSED] - Statement - PreSaveFile = new java.io.File(((pathPrefix + java.lang.Integer.toString(counter)) + .png)): null

2019-01-03 13:10:02 - [TEST_STEP][PASSED] - Statement - counter = counter + 1: null

2019-01-03 13:10:02 - [TEST_STEP][PASSED] - Statement - PreSaveFile = new java.io.File(((pathPrefix + java.lang.Integer.toString(counter)) + .png)): null

2019-01-03 13:10:02 - [TEST_STEP][PASSED] - Statement - counter = counter + 1: null

2019-01-03 13:10:02 - [TEST_STEP][PASSED] - Statement - PreSaveFile = new java.io.File(((pathPrefix + java.lang.Integer.toString(counter)) + .png)): null

2019-01-03 13:10:02 - [TEST_STEP][PASSED] - Statement - counter = counter + 1: null

2019-01-03 13:10:02 - [TEST_STEP][PASSED] - Statement - PreSaveFile = new java.io.File(((pathPrefix + java.lang.Integer.toString(counter)) + .png)): null

2019-01-03 13:10:02 - [TEST_STEP][PASSED] - Statement - counter = counter + 1: null

2019-01-03 13:10:02 - [TEST_STEP][PASSED] - Statement - PreSaveFile = new java.io.File(((pathPrefix + java.lang.Integer.toString(counter)) + .png)): null

2019-01-03 13:10:02 - [TEST_STEP][PASSED] - Statement - counter = counter + 1: null

2019-01-03 13:10:02 - [TEST_STEP][PASSED] - Statement - PreSaveFile = new java.io.File(((pathPrefix + java.lang.Integer.toString(counter)) + .png)): null

2019-01-03 13:10:02 - [TEST_STEP][PASSED] - Statement - counter = counter + 1: null

2019-01-03 13:10:02 - [TEST_STEP][PASSED] - Statement - PreSaveFile = new java.io.File(((pathPrefix + java.lang.Integer.toString(counter)) + .png)): null

2019-01-03 13:10:02 - [TEST_STEP][PASSED] - Statement - counter = counter + 1: null

2019-01-03 13:10:02 - [TEST_STEP][PASSED] - Statement - PreSaveFile = new java.io.File(((pathPrefix + java.lang.Integer.toString(counter)) + .png)): null

2019-01-03 13:10:02 - [TEST_STEP][PASSED] - Statement - counter = counter + 1: null

2019-01-03 13:10:02 - [TEST_STEP][PASSED] - Statement - PreSaveFile = new java.io.File(((pathPrefix + java.lang.Integer.toString(counter)) + .png)): null

2019-01-03 13:10:02 - [TEST_STEP][PASSED] - Statement - counter = counter + 1: null

2019-01-03 13:10:02 - [TEST_STEP][PASSED] - Statement - PreSaveFile = new java.io.File(((pathPrefix + java.lang.Integer.toString(counter)) + .png)): null

2019-01-03 13:10:02 - [TEST_STEP][PASSED] - Statement - counter = counter + 1: null

2019-01-03 13:10:02 - [TEST_STEP][PASSED] - Statement - PreSaveFile = new java.io.File(((pathPrefix + java.lang.Integer.toString(counter)) + .png)): null

2019-01-03 13:10:02 - [TEST_STEP][PASSED] - Statement - counter = counter + 1: null

2019-01-03 13:10:02 - [TEST_STEP][PASSED] - Statement - PreSaveFile = new java.io.File(((pathPrefix + java.lang.Integer.toString(counter)) + .png)): null

2019-01-03 13:10:02 - [TEST_STEP][PASSED] - Statement - counter = counter + 1: null

2019-01-03 13:10:02 - [TEST_STEP][PASSED] - Statement - PreSaveFile = new java.io.File(((pathPrefix + java.lang.Integer.toString(counter)) + .png)): null

2019-01-03 13:10:02 - [TEST_STEP][PASSED] - Statement - counter = counter + 1: null

2019-01-03 13:10:02 - [TEST_STEP][PASSED] - Statement - PreSaveFile = new java.io.File(((pathPrefix + java.lang.Integer.toString(counter)) + .png)): null

2019-01-03 13:10:02 - [TEST_STEP][PASSED] - Statement - counter = counter + 1: null

2019-01-03 13:10:02 - [TEST_STEP][PASSED] - Statement - PreSaveFile = new java.io.File(((pathPrefix + java.lang.Integer.toString(counter)) + .png)): null

2019-01-03 13:10:02 - [TEST_STEP][PASSED] - Statement - counter = counter + 1: null

2019-01-03 13:10:02 - [TEST_STEP][PASSED] - Statement - PreSaveFile = new java.io.File(((pathPrefix + java.lang.Integer.toString(counter)) + .png)): null

2019-01-03 13:10:02 - [TEST_STEP][PASSED] - Statement - counter = counter + 1: null

2019-01-03 13:10:02 - [TEST_STEP][PASSED] - Statement - PreSaveFile = new java.io.File(((pathPrefix + java.lang.Integer.toString(counter)) + .png)): null

2019-01-03 13:10:02 - [TEST_STEP][PASSED] - Statement - counter = counter + 1: null

2019-01-03 13:10:02 - [TEST_STEP][PASSED] - Statement - PreSaveFile = new java.io.File(((pathPrefix + java.lang.Integer.toString(counter)) + .png)): null

2019-01-03 13:10:02 - [TEST_STEP][PASSED] - Statement - counter = counter + 1: null

2019-01-03 13:10:02 - [TEST_STEP][PASSED] - Statement - PreSaveFile = new java.io.File(((pathPrefix + java.lang.Integer.toString(counter)) + .png)): null

2019-01-03 13:10:02 - [TEST_STEP][PASSED] - Statement - counter = counter + 1: null

2019-01-03 13:10:02 - [TEST_STEP][PASSED] - Statement - PreSaveFile = new java.io.File(((pathPrefix + java.lang.Integer.toString(counter)) + .png)): null

2019-01-03 13:10:02 - [TEST_STEP][PASSED] - Statement - counter = counter + 1: null

2019-01-03 13:10:02 - [TEST_STEP][PASSED] - Statement - PreSaveFile = new java.io.File(((pathPrefix + java.lang.Integer.toString(counter)) + .png)): null

2019-01-03 13:10:02 - [TEST_STEP][PASSED] - Statement - counter = counter + 1: null

2019-01-03 13:10:02 - [TEST_STEP][PASSED] - Statement - PreSaveFile = new java.io.File(((pathPrefix + java.lang.Integer.toString(counter)) + .png)): null

2019-01-03 13:10:02 - [TEST_STEP][PASSED] - Statement - counter = counter + 1: null

2019-01-03 13:10:02 - [TEST_STEP][PASSED] - Statement - PreSaveFile = new java.io.File(((pathPrefix + java.lang.Integer.toString(counter)) + .png)): null

2019-01-03 13:10:02 - [TEST_STEP][PASSED] - Statement - counter = counter + 1: null

2019-01-03 13:10:02 - [TEST_STEP][PASSED] - Statement - PreSaveFile = new java.io.File(((pathPrefix + java.lang.Integer.toString(counter)) + .png)): null

2019-01-03 13:10:02 - [TEST_STEP][PASSED] - Statement - counter = counter + 1: null

2019-01-03 13:10:02 - [TEST_STEP][PASSED] - Statement - PreSaveFile = new java.io.File(((pathPrefix + java.lang.Integer.toString(counter)) + .png)): null

2019-01-03 13:10:02 - [TEST_STEP][PASSED] - Statement - counter = counter + 1: null

2019-01-03 13:10:02 - [TEST_STEP][PASSED] - Statement - PreSaveFile = new java.io.File(((pathPrefix + java.lang.Integer.toString(counter)) + .png)): null

2019-01-03 13:10:02 - [TEST_STEP][PASSED] - Statement - counter = counter + 1: null

2019-01-03 13:10:02 - [TEST_STEP][PASSED] - Statement - PreSaveFile = new java.io.File(((pathPrefix + java.lang.Integer.toString(counter)) + .png)): null

2019-01-03 13:10:02 - [TEST_STEP][PASSED] - Statement - counter = counter + 1: null

2019-01-03 13:10:02 - [TEST_STEP][PASSED] - Statement - PreSaveFile = new java.io.File(((pathPrefix + java.lang.Integer.toString(counter)) + .png)): null

2019-01-03 13:10:02 - [TEST_STEP][PASSED] - Statement - counter = counter + 1: null

2019-01-03 13:10:02 - [TEST_STEP][PASSED] - Statement - PreSaveFile = new java.io.File(((pathPrefix + java.lang.Integer.toString(counter)) + .png)): null

2019-01-03 13:10:02 - [TEST_STEP][PASSED] - Statement - counter = counter + 1: null

2019-01-03 13:10:02 - [TEST_STEP][PASSED] - Statement - PreSaveFile = new java.io.File(((pathPrefix + java.lang.Integer.toString(counter)) + .png)): null

2019-01-03 13:10:02 - [TEST_STEP][PASSED] - Statement - counter = counter + 1: null

2019-01-03 13:10:02 - [TEST_STEP][PASSED] - Statement - PreSaveFile = new java.io.File(((pathPrefix + java.lang.Integer.toString(counter)) + .png)): null

2019-01-03 13:10:02 - [TEST_STEP][PASSED] - Statement - counter = counter + 1: null

2019-01-03 13:10:02 - [TEST_STEP][PASSED] - Statement - PreSaveFile = new java.io.File(((pathPrefix + java.lang.Integer.toString(counter)) + .png)): null

2019-01-03 13:10:02 - [TEST_STEP][PASSED] - Statement - counter = counter + 1: null

2019-01-03 13:10:02 - [TEST_STEP][PASSED] - Statement - PreSaveFile = new java.io.File(((pathPrefix + java.lang.Integer.toString(counter)) + .png)): null

2019-01-03 13:10:02 - [TEST_STEP][PASSED] - Statement - counter = counter + 1: null

2019-01-03 13:10:02 - [TEST_STEP][PASSED] - Statement - PreSaveFile = new java.io.File(((pathPrefix + java.lang.Integer.toString(counter)) + .png)): null

2019-01-03 13:10:02 - [TEST_STEP][PASSED] - Statement - counter = counter + 1: null

2019-01-03 13:10:02 - [TEST_STEP][PASSED] - Statement - PreSaveFile = new java.io.File(((pathPrefix + java.lang.Integer.toString(counter)) + .png)): null

2019-01-03 13:10:02 - [TEST_STEP][PASSED] - Statement - counter = counter + 1: null

2019-01-03 13:10:02 - [TEST_STEP][PASSED] - Statement - PreSaveFile = new java.io.File(((pathPrefix + java.lang.Integer.toString(counter)) + .png)): null

2019-01-03 13:10:02 - [TEST_STEP][PASSED] - Statement - counter = counter + 1: null

2019-01-03 13:10:02 - [TEST_STEP][PASSED] - Statement - PreSaveFile = new java.io.File(((pathPrefix + java.lang.Integer.toString(counter)) + .png)): null

2019-01-03 13:10:02 - [TEST_STEP][PASSED] - Statement - counter = counter + 1: null

2019-01-03 13:10:02 - [TEST_STEP][PASSED] - Statement - PreSaveFile = new java.io.File(((pathPrefix + java.lang.Integer.toString(counter)) + .png)): null

2019-01-03 13:10:02 - [TEST_STEP][PASSED] - Statement - counter = counter + 1: null

2019-01-03 13:10:02 - [TEST_STEP][PASSED] - Statement - PreSaveFile = new java.io.File(((pathPrefix + java.lang.Integer.toString(counter)) + .png)): null

2019-01-03 13:10:02 - [TEST_STEP][PASSED] - Statement - counter = counter + 1: null

2019-01-03 13:10:02 - [TEST_STEP][PASSED] - Statement - PreSaveFile = new java.io.File(((pathPrefix + java.lang.Integer.toString(counter)) + .png)): null

2019-01-03 13:10:02 - [TEST_STEP][PASSED] - Statement - counter = counter + 1: null

2019-01-03 13:10:02 - [TEST_STEP][PASSED] - Statement - PreSaveFile = new java.io.File(((pathPrefix + java.lang.Integer.toString(counter)) + .png)): null

2019-01-03 13:10:02 - [TEST_STEP][PASSED] - Statement - counter = counter + 1: null

2019-01-03 13:10:02 - [TEST_STEP][PASSED] - Statement - PreSaveFile = new java.io.File(((pathPrefix + java.lang.Integer.toString(counter)) + .png)): null

2019-01-03 13:10:02 - [TEST_STEP][PASSED] - Statement - counter = counter + 1: null

2019-01-03 13:10:02 - [TEST_STEP][PASSED] - Statement - PreSaveFile = new java.io.File(((pathPrefix + java.lang.Integer.toString(counter)) + .png)): null

2019-01-03 13:10:02 - [TEST_STEP][PASSED] - Statement - counter = counter + 1: null

2019-01-03 13:10:02 - [TEST_STEP][PASSED] - Statement - PreSaveFile = new java.io.File(((pathPrefix + java.lang.Integer.toString(counter)) + .png)): null

2019-01-03 13:10:02 - [TEST_STEP][PASSED] - Statement - counter = counter + 1: null

2019-01-03 13:10:02 - [TEST_STEP][PASSED] - Statement - PreSaveFile = new java.io.File(((pathPrefix + java.lang.Integer.toString(counter)) + .png)): null

2019-01-03 13:10:02 - [TEST_STEP][PASSED] - Statement - counter = counter + 1: null

2019-01-03 13:10:02 - [TEST_STEP][PASSED] - Statement - PreSaveFile = new java.io.File(((pathPrefix + java.lang.Integer.toString(counter)) + .png)): null

2019-01-03 13:10:02 - [TEST_STEP][PASSED] - Statement - counter = counter + 1: null

2019-01-03 13:10:02 - [TEST_STEP][PASSED] - Statement - PreSaveFile = new java.io.File(((pathPrefix + java.lang.Integer.toString(counter)) + .png)): null

2019-01-03 13:10:02 - [TEST_STEP][PASSED] - Statement - counter = counter + 1: null

2019-01-03 13:10:02 - [TEST_STEP][PASSED] - Statement - PreSaveFile = new java.io.File(((pathPrefix + java.lang.Integer.toString(counter)) + .png)): null

2019-01-03 13:10:02 - [TEST_STEP][PASSED] - Statement - counter = counter + 1: null

2019-01-03 13:10:02 - [TEST_STEP][PASSED] - Statement - PreSaveFile = new java.io.File(((pathPrefix + java.lang.Integer.toString(counter)) + .png)): null

2019-01-03 13:10:02 - [TEST_STEP][PASSED] - Statement - counter = counter + 1: null

2019-01-03 13:10:02 - [TEST_STEP][PASSED] - Statement - PreSaveFile = new java.io.File(((pathPrefix + java.lang.Integer.toString(counter)) + .png)): null

2019-01-03 13:10:02 - [TEST_STEP][PASSED] - Statement - counter = counter + 1: null

2019-01-03 13:10:02 - [TEST_STEP][PASSED] - Statement - PreSaveFile = new java.io.File(((pathPrefix + java.lang.Integer.toString(counter)) + .png)): null

2019-01-03 13:10:02 - [TEST_STEP][PASSED] - Statement - counter = counter + 1: null

2019-01-03 13:10:02 - [TEST_STEP][PASSED] - Statement - PreSaveFile = new java.io.File(((pathPrefix + java.lang.Integer.toString(counter)) + .png)): null

2019-01-03 13:10:02 - [TEST_STEP][PASSED] - Statement - counter = counter + 1: null

2019-01-03 13:10:02 - [TEST_STEP][PASSED] - Statement - PreSaveFile = new java.io.File(((pathPrefix + java.lang.Integer.toString(counter)) + .png)): null

2019-01-03 13:10:02 - [TEST_STEP][PASSED] - Statement - counter = counter + 1: null

2019-01-03 13:10:02 - [TEST_STEP][PASSED] - Statement - PreSaveFile = new java.io.File(((pathPrefix + java.lang.Integer.toString(counter)) + .png)): null

2019-01-03 13:10:02 - [TEST_STEP][PASSED] - Statement - counter = counter + 1: null

2019-01-03 13:10:02 - [TEST_STEP][PASSED] - Statement - PreSaveFile = new java.io.File(((pathPrefix + java.lang.Integer.toString(counter)) + .png)): null

2019-01-03 13:10:02 - [TEST_STEP][PASSED] - Statement - counter = counter + 1: null

2019-01-03 13:10:02 - [TEST_STEP][PASSED] - Statement - PreSaveFile = new java.io.File(((pathPrefix + java.lang.Integer.toString(counter)) + .png)): null

2019-01-03 13:10:02 - [TEST_STEP][PASSED] - Statement - counter = counter + 1: null

2019-01-03 13:10:02 - [TEST_STEP][PASSED] - Statement - PreSaveFile = new java.io.File(((pathPrefix + java.lang.Integer.toString(counter)) + .png)): null

2019-01-03 13:10:02 - [TEST_STEP][PASSED] - Statement - counter = counter + 1: null

2019-01-03 13:10:02 - [TEST_STEP][PASSED] - Statement - PreSaveFile = new java.io.File(((pathPrefix + java.lang.Integer.toString(counter)) + .png)): null

2019-01-03 13:10:02 - [TEST_STEP][PASSED] - Statement - counter = counter + 1: null

2019-01-03 13:10:02 - [TEST_STEP][PASSED] - Statement - PreSaveFile = new java.io.File(((pathPrefix + java.lang.Integer.toString(counter)) + .png)): null

2019-01-03 13:10:02 - [TEST_STEP][PASSED] - Statement - counter = counter + 1: null

2019-01-03 13:10:02 - [TEST_STEP][PASSED] - Statement - PreSaveFile = new java.io.File(((pathPrefix + java.lang.Integer.toString(counter)) + .png)): null

2019-01-03 13:10:02 - [TEST_STEP][PASSED] - Statement - counter = counter + 1: null

2019-01-03 13:10:02 - [TEST_STEP][PASSED] - Statement - PreSaveFile = new java.io.File(((pathPrefix + java.lang.Integer.toString(counter)) + .png)): null

2019-01-03 13:10:02 - [TEST_STEP][PASSED] - Statement - counter = counter + 1: null

2019-01-03 13:10:02 - [TEST_STEP][PASSED] - Statement - PreSaveFile = new java.io.File(((pathPrefix + java.lang.Integer.toString(counter)) + .png)): null

2019-01-03 13:10:02 - [TEST_STEP][PASSED] - Statement - counter = counter + 1: null

2019-01-03 13:10:02 - [TEST_STEP][PASSED] - Statement - PreSaveFile = new java.io.File(((pathPrefix + java.lang.Integer.toString(counter)) + .png)): null

2019-01-03 13:10:02 - [TEST_STEP][PASSED] - Statement - counter = counter + 1: null

2019-01-03 13:10:02 - [TEST_STEP][PASSED] - Statement - PreSaveFile = new java.io.File(((pathPrefix + java.lang.Integer.toString(counter)) + .png)): null

2019-01-03 13:10:02 - [TEST_STEP][PASSED] - Statement - counter = counter + 1: null

2019-01-03 13:10:02 - [TEST_STEP][PASSED] - Statement - PreSaveFile = new java.io.File(((pathPrefix + java.lang.Integer.toString(counter)) + .png)): null

2019-01-03 13:10:02 - [TEST_STEP][PASSED] - Statement - counter = counter + 1: null

2019-01-03 13:10:02 - [TEST_STEP][PASSED] - Statement - PreSaveFile = new java.io.File(((pathPrefix + java.lang.Integer.toString(counter)) + .png)): null

2019-01-03 13:10:02 - [TEST_STEP][PASSED] - Statement - counter = counter + 1: null

2019-01-03 13:10:02 - [TEST_STEP][PASSED] - Statement - PreSaveFile = new java.io.File(((pathPrefix + java.lang.Integer.toString(counter)) + .png)): null

2019-01-03 13:10:02 - [TEST_STEP][PASSED] - Statement - counter = counter + 1: null

2019-01-03 13:10:02 - [TEST_STEP][PASSED] - Statement - PreSaveFile = new java.io.File(((pathPrefix + java.lang.Integer.toString(counter)) + .png)): null

2019-01-03 13:10:02 - [TEST_STEP][PASSED] - Statement - counter = counter + 1: null

2019-01-03 13:10:02 - [TEST_STEP][PASSED] - Statement - PreSaveFile = new java.io.File(((pathPrefix + java.lang.Integer.toString(counter)) + .png)): null

2019-01-03 13:10:02 - [TEST_STEP][PASSED] - Statement - counter = counter + 1: null

2019-01-03 13:10:02 - [TEST_STEP][PASSED] - Statement - PreSaveFile = new java.io.File(((pathPrefix + java.lang.Integer.toString(counter)) + .png)): null

2019-01-03 13:10:02 - [TEST_STEP][PASSED] - Statement - counter = counter + 1: null

2019-01-03 13:10:02 - [TEST_STEP][PASSED] - Statement - PreSaveFile = new java.io.File(((pathPrefix + java.lang.Integer.toString(counter)) + .png)): null

2019-01-03 13:10:02 - [TEST_STEP][PASSED] - Statement - counter = counter + 1: null

2019-01-03 13:10:02 - [TEST_STEP][PASSED] - Statement - PreSaveFile = new java.io.File(((pathPrefix + java.lang.Integer.toString(counter)) + .png)): null

2019-01-03 13:10:02 - [TEST_STEP][PASSED] - Statement - counter = counter + 1: null

2019-01-03 13:10:02 - [TEST_STEP][PASSED] - Statement - PreSaveFile = new java.io.File(((pathPrefix + java.lang.Integer.toString(counter)) + .png)): null

2019-01-03 13:10:02 - [TEST_STEP][PASSED] - Statement - counter = counter + 1: null

2019-01-03 13:10:02 - [TEST_STEP][PASSED] - Statement - PreSaveFile = new java.io.File(((pathPrefix + java.lang.Integer.toString(counter)) + .png)): null

2019-01-03 13:10:02 - [TEST_STEP][PASSED] - Statement - counter = counter + 1: null

2019-01-03 13:10:02 - [TEST_STEP][PASSED] - Statement - PreSaveFile = new java.io.File(((pathPrefix + java.lang.Integer.toString(counter)) + .png)): null

2019-01-03 13:10:02 - [TEST_STEP][PASSED] - Statement - counter = counter + 1: null

2019-01-03 13:10:02 - [TEST_STEP][PASSED] - Statement - PreSaveFile = new java.io.File(((pathPrefix + java.lang.Integer.toString(counter)) + .png)): null

2019-01-03 13:10:02 - [TEST_STEP][PASSED] - Statement - counter = counter + 1: null

2019-01-03 13:10:02 - [TEST_STEP][PASSED] - Statement - PreSaveFile = new java.io.File(((pathPrefix + java.lang.Integer.toString(counter)) + .png)): null

2019-01-03 13:10:02 - [TEST_STEP][PASSED] - Statement - counter = counter + 1: null

2019-01-03 13:10:02 - [TEST_STEP][PASSED] - Statement - PreSaveFile = new java.io.File(((pathPrefix + java.lang.Integer.toString(counter)) + .png)): null

2019-01-03 13:10:02 - [TEST_STEP][PASSED] - Statement - counter = counter + 1: null

2019-01-03 13:10:02 - [TEST_STEP][PASSED] - Statement - PreSaveFile = new java.io.File(((pathPrefix + java.lang.Integer.toString(counter)) + .png)): null

2019-01-03 13:10:02 - [TEST_STEP][PASSED] - Statement - counter = counter + 1: null

2019-01-03 13:10:02 - [TEST_STEP][PASSED] - Statement - PreSaveFile = new java.io.File(((pathPrefix + java.lang.Integer.toString(counter)) + .png)): null

2019-01-03 13:10:02 - [TEST_STEP][PASSED] - Statement - counter = counter + 1: null

2019-01-03 13:10:02 - [TEST_STEP][PASSED] - Statement - PreSaveFile = new java.io.File(((pathPrefix + java.lang.Integer.toString(counter)) + .png)): null

2019-01-03 13:10:02 - [TEST_STEP][PASSED] - Statement - counter = counter + 1: null

2019-01-03 13:10:02 - [TEST_STEP][PASSED] - Statement - PreSaveFile = new java.io.File(((pathPrefix + java.lang.Integer.toString(counter)) + .png)): null

2019-01-03 13:10:02 - [TEST_STEP][PASSED] - Statement - counter = counter + 1: null

2019-01-03 13:10:02 - [TEST_STEP][PASSED] - Statement - PreSaveFile = new java.io.File(((pathPrefix + java.lang.Integer.toString(counter)) + .png)): null

2019-01-03 13:10:02 - [TEST_STEP][PASSED] - Statement - counter = counter + 1: null

2019-01-03 13:10:02 - [TEST_STEP][PASSED] - Statement - PreSaveFile = new java.io.File(((pathPrefix + java.lang.Integer.toString(counter)) + .png)): null

2019-01-03 13:10:02 - [TEST_STEP][PASSED] - Statement - counter = counter + 1: null

2019-01-03 13:10:02 - [TEST_STEP][PASSED] - Statement - PreSaveFile = new java.io.File(((pathPrefix + java.lang.Integer.toString(counter)) + .png)): null

2019-01-03 13:10:02 - [TEST_STEP][PASSED] - Statement - counter = counter + 1: null

2019-01-03 13:10:02 - [TEST_STEP][PASSED] - Statement - PreSaveFile = new java.io.File(((pathPrefix + java.lang.Integer.toString(counter)) + .png)): null

2019-01-03 13:10:02 - [TEST_STEP][PASSED] - Statement - counter = counter + 1: null

2019-01-03 13:10:02 - [TEST_STEP][PASSED] - Statement - PreSaveFile = new java.io.File(((pathPrefix + java.lang.Integer.toString(counter)) + .png)): null

2019-01-03 13:10:02 - [TEST_STEP][PASSED] - Statement - counter = counter + 1: null

2019-01-03 13:10:02 - [TEST_STEP][PASSED] - Statement - PreSaveFile = new java.io.File(((pathPrefix + java.lang.Integer.toString(counter)) + .png)): null

2019-01-03 13:10:02 - [TEST_STEP][PASSED] - Statement - counter = counter + 1: null

2019-01-03 13:10:02 - [TEST_STEP][PASSED] - Statement - PreSaveFile = new java.io.File(((pathPrefix + java.lang.Integer.toString(counter)) + .png)): null

2019-01-03 13:10:02 - [TEST_STEP][PASSED] - Statement - counter = counter + 1: null

2019-01-03 13:10:02 - [TEST_STEP][PASSED] - Statement - PreSaveFile = new java.io.File(((pathPrefix + java.lang.Integer.toString(counter)) + .png)): null

2019-01-03 13:10:02 - [TEST_STEP][PASSED] - Statement - counter = counter + 1: null

2019-01-03 13:10:02 - [TEST_STEP][PASSED] - Statement - PreSaveFile = new java.io.File(((pathPrefix + java.lang.Integer.toString(counter)) + .png)): null

2019-01-03 13:10:02 - [TEST_STEP][PASSED] - Statement - counter = counter + 1: null

2019-01-03 13:10:02 - [TEST_STEP][PASSED] - Statement - PreSaveFile = new java.io.File(((pathPrefix + java.lang.Integer.toString(counter)) + .png)): null

2019-01-03 13:10:02 - [TEST_STEP][PASSED] - Statement - counter = counter + 1: null

2019-01-03 13:10:02 - [TEST_STEP][PASSED] - Statement - PreSaveFile = new java.io.File(((pathPrefix + java.lang.Integer.toString(counter)) + .png)): null

2019-01-03 13:10:02 - [TEST_STEP][PASSED] - Statement - counter = counter + 1: null

2019-01-03 13:10:02 - [TEST_STEP][PASSED] - Statement - PreSaveFile = new java.io.File(((pathPrefix + java.lang.Integer.toString(counter)) + .png)): null

2019-01-03 13:10:02 - [TEST_STEP][PASSED] - Statement - counter = counter + 1: null

2019-01-03 13:10:02 - [TEST_STEP][PASSED] - Statement - PreSaveFile = new java.io.File(((pathPrefix + java.lang.Integer.toString(counter)) + .png)): null

2019-01-03 13:10:02 - [TEST_STEP][PASSED] - Statement - counter = counter + 1: null

2019-01-03 13:10:02 - [TEST_STEP][PASSED] - Statement - PreSaveFile = new java.io.File(((pathPrefix + java.lang.Integer.toString(counter)) + .png)): null

2019-01-03 13:10:02 - [TEST_STEP][PASSED] - Statement - counter = counter + 1: null

2019-01-03 13:10:02 - [TEST_STEP][PASSED] - Statement - PreSaveFile = new java.io.File(((pathPrefix + java.lang.Integer.toString(counter)) + .png)): null

2019-01-03 13:10:02 - [TEST_STEP][PASSED] - Statement - counter = counter + 1: null

2019-01-03 13:10:02 - [TEST_STEP][PASSED] - Statement - PreSaveFile = new java.io.File(((pathPrefix + java.lang.Integer.toString(counter)) + .png)): null

2019-01-03 13:10:02 - [TEST_STEP][PASSED] - Statement - counter = counter + 1: null

2019-01-03 13:10:02 - [TEST_STEP][PASSED] - Statement - PreSaveFile = new java.io.File(((pathPrefix + java.lang.Integer.toString(counter)) + .png)): null

2019-01-03 13:10:02 - [TEST_STEP][PASSED] - Statement - counter = counter + 1: null

2019-01-03 13:10:02 - [TEST_STEP][PASSED] - Statement - PreSaveFile = new java.io.File(((pathPrefix + java.lang.Integer.toString(counter)) + .png)): null

2019-01-03 13:10:02 - [TEST_STEP][PASSED] - Statement - counter = counter + 1: null

2019-01-03 13:10:02 - [TEST_STEP][PASSED] - Statement - PreSaveFile = new java.io.File(((pathPrefix + java.lang.Integer.toString(counter)) + .png)): null

2019-01-03 13:10:02 - [TEST_STEP][PASSED] - Statement - counter = counter + 1: null

2019-01-03 13:10:02 - [TEST_STEP][PASSED] - Statement - PreSaveFile = new java.io.File(((pathPrefix + java.lang.Integer.toString(counter)) + .png)): null

2019-01-03 13:10:02 - [TEST_STEP][PASSED] - Statement - counter = counter + 1: null

2019-01-03 13:10:02 - [TEST_STEP][PASSED] - Statement - PreSaveFile = new java.io.File(((pathPrefix + java.lang.Integer.toString(counter)) + .png)): null

2019-01-03 13:10:02 - [TEST_STEP][PASSED] - Statement - counter = counter + 1: null

2019-01-03 13:10:02 - [TEST_STEP][PASSED] - Statement - PreSaveFile = new java.io.File(((pathPrefix + java.lang.Integer.toString(counter)) + .png)): null

2019-01-03 13:10:02 - [TEST_STEP][PASSED] - Statement - counter = counter + 1: null

2019-01-03 13:10:02 - [TEST_STEP][PASSED] - Statement - PreSaveFile = new java.io.File(((pathPrefix + java.lang.Integer.toString(counter)) + .png)): null

2019-01-03 13:10:02 - [TEST_STEP][PASSED] - Statement - counter = counter + 1: null

2019-01-03 13:10:02 - [TEST_STEP][PASSED] - Statement - PreSaveFile = new java.io.File(((pathPrefix + java.lang.Integer.toString(counter)) + .png)): null

2019-01-03 13:10:02 - [TEST_STEP][PASSED] - Statement - counter = counter + 1: null

2019-01-03 13:10:02 - [TEST_STEP][PASSED] - Statement - PreSaveFile = new java.io.File(((pathPrefix + java.lang.Integer.toString(counter)) + .png)): null

2019-01-03 13:10:02 - [TEST_STEP][PASSED] - Statement - counter = counter + 1: null

2019-01-03 13:10:02 - [TEST_STEP][PASSED] - Statement - PreSaveFile = new java.io.File(((pathPrefix + java.lang.Integer.toString(counter)) + .png)): null

2019-01-03 13:10:02 - [TEST_STEP][PASSED] - Statement - counter = counter + 1: null

2019-01-03 13:10:02 - [TEST_STEP][PASSED] - Statement - PreSaveFile = new java.io.File(((pathPrefix + java.lang.Integer.toString(counter)) + .png)): null

2019-01-03 13:10:02 - [TEST_STEP][PASSED] - Statement - counter = counter + 1: null

2019-01-03 13:10:02 - [TEST_STEP][PASSED] - Statement - PreSaveFile = new java.io.File(((pathPrefix + java.lang.Integer.toString(counter)) + .png)): null

2019-01-03 13:10:02 - [TEST_STEP][PASSED] - Statement - counter = counter + 1: null

2019-01-03 13:10:02 - [TEST_STEP][PASSED] - Statement - PreSaveFile = new java.io.File(((pathPrefix + java.lang.Integer.toString(counter)) + .png)): null

2019-01-03 13:10:02 - [TEST_STEP][PASSED] - Statement - counter = counter + 1: null

2019-01-03 13:10:02 - [TEST_STEP][PASSED] - Statement - PreSaveFile = new java.io.File(((pathPrefix + java.lang.Integer.toString(counter)) + .png)): null

2019-01-03 13:10:02 - [TEST_STEP][PASSED] - Statement - counter = counter + 1: null

2019-01-03 13:10:02 - [TEST_STEP][PASSED] - Statement - PreSaveFile = new java.io.File(((pathPrefix + java.lang.Integer.toString(counter)) + .png)): null

2019-01-03 13:10:02 - [TEST_STEP][PASSED] - Statement - counter = counter + 1: null

2019-01-03 13:10:02 - [TEST_STEP][PASSED] - Statement - PreSaveFile = new java.io.File(((pathPrefix + java.lang.Integer.toString(counter)) + .png)): null

2019-01-03 13:10:02 - [TEST_STEP][PASSED] - Statement - counter = counter + 1: null

2019-01-03 13:10:02 - [TEST_STEP][PASSED] - Statement - PreSaveFile = new java.io.File(((pathPrefix + java.lang.Integer.toString(counter)) + .png)): null

2019-01-03 13:10:02 - [TEST_STEP][PASSED] - Statement - counter = counter + 1: null

2019-01-03 13:10:02 - [TEST_STEP][PASSED] - Statement - PreSaveFile = new java.io.File(((pathPrefix + java.lang.Integer.toString(counter)) + .png)): null

2019-01-03 13:10:02 - [TEST_STEP][PASSED] - Statement - counter = counter + 1: null

2019-01-03 13:10:02 - [TEST_STEP][PASSED] - Statement - PreSaveFile = new java.io.File(((pathPrefix + java.lang.Integer.toString(counter)) + .png)): null

2019-01-03 13:10:02 - [TEST_STEP][PASSED] - Statement - counter = counter + 1: null

2019-01-03 13:10:02 - [TEST_STEP][PASSED] - Statement - PreSaveFile = new java.io.File(((pathPrefix + java.lang.Integer.toString(counter)) + .png)): null

2019-01-03 13:10:02 - [TEST_STEP][PASSED] - Statement - counter = counter + 1: null

2019-01-03 13:10:02 - [TEST_STEP][PASSED] - Statement - PreSaveFile = new java.io.File(((pathPrefix + java.lang.Integer.toString(counter)) + .png)): null

2019-01-03 13:10:02 - [TEST_STEP][PASSED] - Statement - counter = counter + 1: null

2019-01-03 13:10:02 - [TEST_STEP][PASSED] - Statement - PreSaveFile = new java.io.File(((pathPrefix + java.lang.Integer.toString(counter)) + .png)): null

2019-01-03 13:10:02 - [TEST_STEP][PASSED] - Statement - counter = counter + 1: null

2019-01-03 13:10:02 - [TEST_STEP][PASSED] - Statement - PreSaveFile = new java.io.File(((pathPrefix + java.lang.Integer.toString(counter)) + .png)): null

2019-01-03 13:10:02 - [TEST_STEP][PASSED] - Statement - counter = counter + 1: null

2019-01-03 13:10:02 - [TEST_STEP][PASSED] - Statement - PreSaveFile = new java.io.File(((pathPrefix + java.lang.Integer.toString(counter)) + .png)): null

2019-01-03 13:10:02 - [TEST_STEP][PASSED] - Statement - counter = counter + 1: null

2019-01-03 13:10:02 - [TEST_STEP][PASSED] - Statement - PreSaveFile = new java.io.File(((pathPrefix + java.lang.Integer.toString(counter)) + .png)): null

2019-01-03 13:10:02 - [TEST_STEP][PASSED] - Statement - counter = counter + 1: null

2019-01-03 13:10:02 - [TEST_STEP][PASSED] - Statement - PreSaveFile = new java.io.File(((pathPrefix + java.lang.Integer.toString(counter)) + .png)): null

2019-01-03 13:10:02 - [TEST_STEP][PASSED] - Statement - counter = counter + 1: null

2019-01-03 13:10:02 - [TEST_STEP][PASSED] - Statement - PreSaveFile = new java.io.File(((pathPrefix + java.lang.Integer.toString(counter)) + .png)): null

2019-01-03 13:10:02 - [TEST_STEP][PASSED] - Statement - counter = counter + 1: null

2019-01-03 13:10:02 - [TEST_STEP][PASSED] - Statement - PreSaveFile = new java.io.File(((pathPrefix + java.lang.Integer.toString(counter)) + .png)): null

2019-01-03 13:10:02 - [TEST_STEP][PASSED] - Statement - counter = counter + 1: null

2019-01-03 13:10:02 - [TEST_STEP][PASSED] - Statement - PreSaveFile = new java.io.File(((pathPrefix + java.lang.Integer.toString(counter)) + .png)): null

2019-01-03 13:10:02 - [TEST_STEP][PASSED] - Statement - counter = counter + 1: null

2019-01-03 13:10:02 - [TEST_STEP][PASSED] - Statement - PreSaveFile = new java.io.File(((pathPrefix + java.lang.Integer.toString(counter)) + .png)): null

2019-01-03 13:10:02 - [TEST_STEP][PASSED] - Statement - counter = counter + 1: null

2019-01-03 13:10:02 - [TEST_STEP][PASSED] - Statement - PreSaveFile = new java.io.File(((pathPrefix + java.lang.Integer.toString(counter)) + .png)): null

2019-01-03 13:10:02 - [TEST_STEP][PASSED] - Statement - counter = counter + 1: null

2019-01-03 13:10:02 - [TEST_STEP][PASSED] - Statement - PreSaveFile = new java.io.File(((pathPrefix + java.lang.Integer.toString(counter)) + .png)): null

2019-01-03 13:10:02 - [TEST_STEP][PASSED] - Statement - counter = counter + 1: null

2019-01-03 13:10:02 - [TEST_STEP][PASSED] - Statement - PreSaveFile = new java.io.File(((pathPrefix + java.lang.Integer.toString(counter)) + .png)): null

2019-01-03 13:10:02 - [TEST_STEP][PASSED] - Statement - counter = counter + 1: null

2019-01-03 13:10:02 - [TEST_STEP][PASSED] - Statement - PreSaveFile = new java.io.File(((pathPrefix + java.lang.Integer.toString(counter)) + .png)): null

2019-01-03 13:10:02 - [TEST_STEP][PASSED] - Statement - counter = counter + 1: null

2019-01-03 13:10:02 - [TEST_STEP][PASSED] - Statement - PreSaveFile = new java.io.File(((pathPrefix + java.lang.Integer.toString(counter)) + .png)): null

2019-01-03 13:10:02 - [TEST_STEP][PASSED] - Statement - counter = counter + 1: null

2019-01-03 13:10:02 - [TEST_STEP][PASSED] - Statement - PreSaveFile = new java.io.File(((pathPrefix + java.lang.Integer.toString(counter)) + .png)): null

2019-01-03 13:10:02 - [TEST_STEP][PASSED] - Statement - counter = counter + 1: null

2019-01-03 13:10:02 - [TEST_STEP][PASSED] - Statement - PreSaveFile = new java.io.File(((pathPrefix + java.lang.Integer.toString(counter)) + .png)): null

2019-01-03 13:10:02 - [TEST_STEP][PASSED] - Statement - counter = counter + 1: null

2019-01-03 13:10:02 - [TEST_STEP][PASSED] - Statement - PreSaveFile = new java.io.File(((pathPrefix + java.lang.Integer.toString(counter)) + .png)): null

2019-01-03 13:10:02 - [TEST_STEP][PASSED] - Statement - counter = counter + 1: null

2019-01-03 13:10:02 - [TEST_STEP][PASSED] - Statement - PreSaveFile = new java.io.File(((pathPrefix + java.lang.Integer.toString(counter)) + .png)): null

2019-01-03 13:10:02 - [TEST_STEP][PASSED] - Statement - counter = counter + 1: null

2019-01-03 13:10:02 - [TEST_STEP][PASSED] - Statement - PreSaveFile = new java.io.File(((pathPrefix + java.lang.Integer.toString(counter)) + .png)): null

2019-01-03 13:10:02 - [TEST_STEP][PASSED] - Statement - counter = counter + 1: null

2019-01-03 13:10:02 - [TEST_STEP][PASSED] - Statement - PreSaveFile = new java.io.File(((pathPrefix + java.lang.Integer.toString(counter)) + .png)): null

2019-01-03 13:10:02 - [TEST_STEP][PASSED] - Statement - counter = counter + 1: null

2019-01-03 13:10:02 - [TEST_STEP][PASSED] - Statement - PreSaveFile = new java.io.File(((pathPrefix + java.lang.Integer.toString(counter)) + .png)): null

2019-01-03 13:10:02 - [TEST_STEP][PASSED] - Statement - counter = counter + 1: null

2019-01-03 13:10:02 - [TEST_STEP][PASSED] - Statement - PreSaveFile = new java.io.File(((pathPrefix + java.lang.Integer.toString(counter)) + .png)): null

2019-01-03 13:10:02 - [TEST_STEP][PASSED] - Statement - counter = counter + 1: null

2019-01-03 13:10:02 - [TEST_STEP][PASSED] - Statement - PreSaveFile = new java.io.File(((pathPrefix + java.lang.Integer.toString(counter)) + .png)): null

2019-01-03 13:10:02 - [TEST_STEP][PASSED] - Statement - counter = counter + 1: null

2019-01-03 13:10:02 - [TEST_STEP][PASSED] - Statement - PreSaveFile = new java.io.File(((pathPrefix + java.lang.Integer.toString(counter)) + .png)): null

2019-01-03 13:10:02 - [TEST_STEP][PASSED] - Statement - counter = counter + 1: null

2019-01-03 13:10:02 - [TEST_STEP][PASSED] - Statement - PreSaveFile = new java.io.File(((pathPrefix + java.lang.Integer.toString(counter)) + .png)): null

2019-01-03 13:10:02 - [TEST_STEP][PASSED] - Statement - counter = counter + 1: null

2019-01-03 13:10:02 - [TEST_STEP][PASSED] - Statement - PreSaveFile = new java.io.File(((pathPrefix + java.lang.Integer.toString(counter)) + .png)): null

2019-01-03 13:10:02 - [TEST_STEP][PASSED] - Statement - counter = counter + 1: null

2019-01-03 13:10:02 - [TEST_STEP][PASSED] - Statement - PreSaveFile = new java.io.File(((pathPrefix + java.lang.Integer.toString(counter)) + .png)): null

2019-01-03 13:10:02 - [TEST_STEP][PASSED] - Statement - counter = counter + 1: null

2019-01-03 13:10:02 - [TEST_STEP][PASSED] - Statement - PreSaveFile = new java.io.File(((pathPrefix + java.lang.Integer.toString(counter)) + .png)): null

2019-01-03 13:10:02 - [TEST_STEP][PASSED] - Statement - counter = counter + 1: null

2019-01-03 13:10:02 - [TEST_STEP][PASSED] - Statement - PreSaveFile = new java.io.File(((pathPrefix + java.lang.Integer.toString(counter)) + .png)): null

2019-01-03 13:10:02 - [TEST_STEP][PASSED] - Statement - counter = counter + 1: null

2019-01-03 13:10:02 - [TEST_STEP][PASSED] - Statement - PreSaveFile = new java.io.File(((pathPrefix + java.lang.Integer.toString(counter)) + .png)): null

2019-01-03 13:10:02 - [TEST_STEP][PASSED] - Statement - counter = counter + 1: null

2019-01-03 13:10:02 - [TEST_STEP][PASSED] - Statement - PreSaveFile = new java.io.File(((pathPrefix + java.lang.Integer.toString(counter)) + .png)): null

2019-01-03 13:10:02 - [TEST_STEP][PASSED] - Statement - counter = counter + 1: null

2019-01-03 13:10:02 - [TEST_STEP][PASSED] - Statement - PreSaveFile = new java.io.File(((pathPrefix + java.lang.Integer.toString(counter)) + .png)): null

2019-01-03 13:10:02 - [TEST_STEP][PASSED] - Statement - counter = counter + 1: null

2019-01-03 13:10:02 - [TEST_STEP][PASSED] - Statement - PreSaveFile = new java.io.File(((pathPrefix + java.lang.Integer.toString(counter)) + .png)): null

2019-01-03 13:10:02 - [TEST_STEP][PASSED] - Statement - counter = counter + 1: null

2019-01-03 13:10:02 - [TEST_STEP][PASSED] - Statement - PreSaveFile = new java.io.File(((pathPrefix + java.lang.Integer.toString(counter)) + .png)): null

2019-01-03 13:10:02 - [TEST_STEP][PASSED] - Statement - counter = counter + 1: null

2019-01-03 13:10:02 - [TEST_STEP][PASSED] - Statement - PreSaveFile = new java.io.File(((pathPrefix + java.lang.Integer.toString(counter)) + .png)): null

2019-01-03 13:10:02 - [TEST_STEP][PASSED] - Statement - counter = counter + 1: null

2019-01-03 13:10:02 - [TEST_STEP][PASSED] - Statement - PreSaveFile = new java.io.File(((pathPrefix + java.lang.Integer.toString(counter)) + .png)): null

2019-01-03 13:10:02 - [TEST_STEP][PASSED] - Statement - counter = counter + 1: null

2019-01-03 13:10:02 - [TEST_STEP][PASSED] - Statement - PreSaveFile = new java.io.File(((pathPrefix + java.lang.Integer.toString(counter)) + .png)): null

2019-01-03 13:10:02 - [TEST_STEP][PASSED] - Statement - counter = counter + 1: null

2019-01-03 13:10:02 - [TEST_STEP][PASSED] - Statement - PreSaveFile = new java.io.File(((pathPrefix + java.lang.Integer.toString(counter)) + .png)): null

2019-01-03 13:10:02 - [TEST_STEP][PASSED] - Statement - counter = counter + 1: null

2019-01-03 13:10:02 - [TEST_STEP][PASSED] - Statement - PreSaveFile = new java.io.File(((pathPrefix + java.lang.Integer.toString(counter)) + .png)): null

2019-01-03 13:10:02 - [TEST_STEP][PASSED] - Statement - counter = counter + 1: null

2019-01-03 13:10:02 - [TEST_STEP][PASSED] - Statement - PreSaveFile = new java.io.File(((pathPrefix + java.lang.Integer.toString(counter)) + .png)): null

2019-01-03 13:10:02 - [TEST_STEP][PASSED] - Statement - counter = counter + 1: null

2019-01-03 13:10:02 - [TEST_STEP][PASSED] - Statement - PreSaveFile = new java.io.File(((pathPrefix + java.lang.Integer.toString(counter)) + .png)): null

2019-01-03 13:10:02 - [TEST_STEP][PASSED] - Statement - counter = counter + 1: null

2019-01-03 13:10:02 - [TEST_STEP][PASSED] - Statement - PreSaveFile = new java.io.File(((pathPrefix + java.lang.Integer.toString(counter)) + .png)): null

2019-01-03 13:10:02 - [TEST_STEP][PASSED] - Statement - counter = counter + 1: null

2019-01-03 13:10:02 - [TEST_STEP][PASSED] - Statement - PreSaveFile = new java.io.File(((pathPrefix + java.lang.Integer.toString(counter)) + .png)): null

2019-01-03 13:10:02 - [TEST_STEP][PASSED] - Statement - counter = counter + 1: null

2019-01-03 13:10:02 - [TEST_STEP][PASSED] - Statement - PreSaveFile = new java.io.File(((pathPrefix + java.lang.Integer.toString(counter)) + .png)): null

2019-01-03 13:10:02 - [TEST_STEP][PASSED] - Statement - counter = counter + 1: null

2019-01-03 13:10:02 - [TEST_STEP][PASSED] - Statement - PreSaveFile = new java.io.File(((pathPrefix + java.lang.Integer.toString(counter)) + .png)): null

2019-01-03 13:10:02 - [TEST_STEP][PASSED] - Statement - counter = counter + 1: null

2019-01-03 13:10:02 - [TEST_STEP][PASSED] - Statement - PreSaveFile = new java.io.File(((pathPrefix + java.lang.Integer.toString(counter)) + .png)): null

2019-01-03 13:10:02 - [TEST_STEP][PASSED] - Statement - counter = counter + 1: null

2019-01-03 13:10:02 - [TEST_STEP][PASSED] - Statement - PreSaveFile = new java.io.File(((pathPrefix + java.lang.Integer.toString(counter)) + .png)): null

2019-01-03 13:10:02 - [TEST_STEP][PASSED] - Statement - counter = counter + 1: null

2019-01-03 13:10:02 - [TEST_STEP][PASSED] - Statement - PreSaveFile = new java.io.File(((pathPrefix + java.lang.Integer.toString(counter)) + .png)): null

2019-01-03 13:10:02 - [TEST_STEP][PASSED] - Statement - counter = counter + 1: null

2019-01-03 13:10:02 - [TEST_STEP][PASSED] - Statement - PreSaveFile = new java.io.File(((pathPrefix + java.lang.Integer.toString(counter)) + .png)): null

2019-01-03 13:10:02 - [TEST_STEP][PASSED] - Statement - counter = counter + 1: null

2019-01-03 13:10:02 - [TEST_STEP][PASSED] - Statement - PreSaveFile = new java.io.File(((pathPrefix + java.lang.Integer.toString(counter)) + .png)): null

2019-01-03 13:10:02 - [TEST_STEP][PASSED] - Statement - counter = counter + 1: null

2019-01-03 13:10:02 - [TEST_STEP][PASSED] - Statement - PreSaveFile = new java.io.File(((pathPrefix + java.lang.Integer.toString(counter)) + .png)): null

2019-01-03 13:10:02 - [TEST_STEP][PASSED] - Statement - counter = counter + 1: null

2019-01-03 13:10:02 - [TEST_STEP][PASSED] - Statement - PreSaveFile = new java.io.File(((pathPrefix + java.lang.Integer.toString(counter)) + .png)): null

2019-01-03 13:10:02 - [TEST_STEP][PASSED] - Statement - counter = counter + 1: null

2019-01-03 13:10:02 - [TEST_STEP][PASSED] - Statement - PreSaveFile = new java.io.File(((pathPrefix + java.lang.Integer.toString(counter)) + .png)): null

2019-01-03 13:10:02 - [TEST_STEP][PASSED] - Statement - counter = counter + 1: null

2019-01-03 13:10:02 - [TEST_STEP][PASSED] - Statement - PreSaveFile = new java.io.File(((pathPrefix + java.lang.Integer.toString(counter)) + .png)): null

2019-01-03 13:10:02 - [TEST_STEP][PASSED] - Statement - counter = counter + 1: null

2019-01-03 13:10:02 - [TEST_STEP][PASSED] - Statement - PreSaveFile = new java.io.File(((pathPrefix + java.lang.Integer.toString(counter)) + .png)): null

2019-01-03 13:10:02 - [TEST_STEP][PASSED] - Statement - counter = counter + 1: null

2019-01-03 13:10:02 - [TEST_STEP][PASSED] - Statement - PreSaveFile = new java.io.File(((pathPrefix + java.lang.Integer.toString(counter)) + .png)): null

2019-01-03 13:10:02 - [TEST_STEP][PASSED] - Statement - counter = counter + 1: null

2019-01-03 13:10:02 - [TEST_STEP][PASSED] - Statement - PreSaveFile = new java.io.File(((pathPrefix + java.lang.Integer.toString(counter)) + .png)): null

2019-01-03 13:10:02 - [TEST_STEP][PASSED] - Statement - counter = counter + 1: null

2019-01-03 13:10:02 - [TEST_STEP][PASSED] - Statement - PreSaveFile = new java.io.File(((pathPrefix + java.lang.Integer.toString(counter)) + .png)): null

2019-01-03 13:10:02 - [TEST_STEP][PASSED] - Statement - counter = counter + 1: null

2019-01-03 13:10:02 - [TEST_STEP][PASSED] - Statement - PreSaveFile = new java.io.File(((pathPrefix + java.lang.Integer.toString(counter)) + .png)): null

2019-01-03 13:10:02 - [TEST_STEP][PASSED] - Statement - counter = counter + 1: null

2019-01-03 13:10:02 - [TEST_STEP][PASSED] - Statement - PreSaveFile = new java.io.File(((pathPrefix + java.lang.Integer.toString(counter)) + .png)): null

2019-01-03 13:10:02 - [TEST_STEP][PASSED] - Statement - counter = counter + 1: null

2019-01-03 13:10:02 - [TEST_STEP][PASSED] - Statement - PreSaveFile = new java.io.File(((pathPrefix + java.lang.Integer.toString(counter)) + .png)): null

2019-01-03 13:10:02 - [TEST_STEP][PASSED] - Statement - counter = counter + 1: null

2019-01-03 13:10:02 - [TEST_STEP][PASSED] - Statement - PreSaveFile = new java.io.File(((pathPrefix + java.lang.Integer.toString(counter)) + .png)): null

2019-01-03 13:10:02 - [TEST_STEP][PASSED] - Statement - counter = counter + 1: null

2019-01-03 13:10:02 - [TEST_STEP][PASSED] - Statement - PreSaveFile = new java.io.File(((pathPrefix + java.lang.Integer.toString(counter)) + .png)): null

2019-01-03 13:10:02 - [TEST_STEP][PASSED] - Statement - counter = counter + 1: null

2019-01-03 13:10:02 - [TEST_STEP][PASSED] - Statement - PreSaveFile = new java.io.File(((pathPrefix + java.lang.Integer.toString(counter)) + .png)): null

2019-01-03 13:10:02 - [TEST_STEP][PASSED] - Statement - counter = counter + 1: null

2019-01-03 13:10:02 - [TEST_STEP][PASSED] - Statement - PreSaveFile = new java.io.File(((pathPrefix + java.lang.Integer.toString(counter)) + .png)): null

2019-01-03 13:10:02 - [TEST_STEP][PASSED] - Statement - counter = counter + 1: null

2019-01-03 13:10:02 - [TEST_STEP][PASSED] - Statement - PreSaveFile = new java.io.File(((pathPrefix + java.lang.Integer.toString(counter)) + .png)): null

2019-01-03 13:10:02 - [TEST_STEP][PASSED] - Statement - counter = counter + 1: null

2019-01-03 13:10:02 - [TEST_STEP][PASSED] - Statement - PreSaveFile = new java.io.File(((pathPrefix + java.lang.Integer.toString(counter)) + .png)): null

2019-01-03 13:10:02 - [TEST_STEP][PASSED] - Statement - counter = counter + 1: null

2019-01-03 13:10:02 - [TEST_STEP][PASSED] - Statement - PreSaveFile = new java.io.File(((pathPrefix + java.lang.Integer.toString(counter)) + .png)): null

2019-01-03 13:10:02 - [TEST_STEP][PASSED] - Statement - counter = counter + 1: null

2019-01-03 13:10:02 - [TEST_STEP][PASSED] - Statement - PreSaveFile = new java.io.File(((pathPrefix + java.lang.Integer.toString(counter)) + .png)): null

2019-01-03 13:10:02 - [TEST_STEP][PASSED] - Statement - counter = counter + 1: null

2019-01-03 13:10:02 - [TEST_STEP][PASSED] - Statement - PreSaveFile = new java.io.File(((pathPrefix + java.lang.Integer.toString(counter)) + .png)): null

2019-01-03 13:10:02 - [TEST_STEP][PASSED] - Statement - counter = counter + 1: null

2019-01-03 13:10:02 - [TEST_STEP][PASSED] - Statement - PreSaveFile = new java.io.File(((pathPrefix + java.lang.Integer.toString(counter)) + .png)): null

2019-01-03 13:10:02 - [TEST_STEP][PASSED] - Statement - counter = counter + 1: null

2019-01-03 13:10:02 - [TEST_STEP][PASSED] - Statement - PreSaveFile = new java.io.File(((pathPrefix + java.lang.Integer.toString(counter)) + .png)): null

2019-01-03 13:10:02 - [TEST_STEP][PASSED] - Statement - counter = counter + 1: null

2019-01-03 13:10:02 - [TEST_STEP][PASSED] - Statement - PreSaveFile = new java.io.File(((pathPrefix + java.lang.Integer.toString(counter)) + .png)): null

2019-01-03 13:10:02 - [TEST_STEP][PASSED] - Statement - counter = counter + 1: null

2019-01-03 13:10:02 - [TEST_STEP][PASSED] - Statement - PreSaveFile = new java.io.File(((pathPrefix + java.lang.Integer.toString(counter)) + .png)): null

2019-01-03 13:10:02 - [TEST_STEP][PASSED] - Statement - counter = counter + 1: null

2019-01-03 13:10:02 - [TEST_STEP][PASSED] - Statement - PreSaveFile = new java.io.File(((pathPrefix + java.lang.Integer.toString(counter)) + .png)): null

2019-01-03 13:10:02 - [TEST_STEP][PASSED] - Statement - counter = counter + 1: null

2019-01-03 13:10:02 - [TEST_STEP][PASSED] - Statement - PreSaveFile = new java.io.File(((pathPrefix + java.lang.Integer.toString(counter)) + .png)): null

2019-01-03 13:10:02 - [TEST_STEP][PASSED] - Statement - counter = counter + 1: null

2019-01-03 13:10:02 - [TEST_STEP][PASSED] - Statement - PreSaveFile = new java.io.File(((pathPrefix + java.lang.Integer.toString(counter)) + .png)): null

2019-01-03 13:10:02 - [TEST_STEP][PASSED] - Statement - counter = counter + 1: null

2019-01-03 13:10:02 - [TEST_STEP][PASSED] - Statement - PreSaveFile = new java.io.File(((pathPrefix + java.lang.Integer.toString(counter)) + .png)): null

2019-01-03 13:10:02 - [TEST_STEP][PASSED] - Statement - counter = counter + 1: null

2019-01-03 13:10:02 - [TEST_STEP][PASSED] - Statement - PreSaveFile = new java.io.File(((pathPrefix + java.lang.Integer.toString(counter)) + .png)): null

2019-01-03 13:10:02 - [TEST_STEP][PASSED] - Statement - counter = counter + 1: null

2019-01-03 13:10:02 - [TEST_STEP][PASSED] - Statement - PreSaveFile = new java.io.File(((pathPrefix + java.lang.Integer.toString(counter)) + .png)): null

2019-01-03 13:10:02 - [TEST_STEP][PASSED] - Statement - counter = counter + 1: null

2019-01-03 13:10:03 - [TEST_STEP][PASSED] - Statement - PreSaveFile = new java.io.File(((pathPrefix + java.lang.Integer.toString(counter)) + .png)): null

2019-01-03 13:10:03 - [TEST_STEP][PASSED] - Statement - counter = counter + 1: null

2019-01-03 13:10:03 - [TEST_STEP][PASSED] - Statement - PreSaveFile = new java.io.File(((pathPrefix + java.lang.Integer.toString(counter)) + .png)): null

2019-01-03 13:10:03 - [TEST_STEP][PASSED] - Statement - counter = counter + 1: null

2019-01-03 13:10:03 - [TEST_STEP][PASSED] - Statement - PreSaveFile = new java.io.File(((pathPrefix + java.lang.Integer.toString(counter)) + .png)): null

2019-01-03 13:10:03 - [TEST_STEP][PASSED] - Statement - counter = counter + 1: null

2019-01-03 13:10:03 - [TEST_STEP][PASSED] - Statement - PreSaveFile = new java.io.File(((pathPrefix + java.lang.Integer.toString(counter)) + .png)): null

2019-01-03 13:10:03 - [TEST_STEP][PASSED] - Statement - counter = counter + 1: null

2019-01-03 13:10:03 - [TEST_STEP][PASSED] - Statement - PreSaveFile = new java.io.File(((pathPrefix + java.lang.Integer.toString(counter)) + .png)): null

2019-01-03 13:10:03 - [TEST_STEP][PASSED] - Statement - counter = counter + 1: null

2019-01-03 13:10:03 - [TEST_STEP][PASSED] - Statement - PreSaveFile = new java.io.File(((pathPrefix + java.lang.Integer.toString(counter)) + .png)): null

2019-01-03 13:10:03 - [TEST_STEP][PASSED] - Statement - counter = counter + 1: null

2019-01-03 13:10:03 - [TEST_STEP][PASSED] - Statement - PreSaveFile = new java.io.File(((pathPrefix + java.lang.Integer.toString(counter)) + .png)): null

2019-01-03 13:10:03 - [TEST_STEP][PASSED] - Statement - counter = counter + 1: null

2019-01-03 13:10:03 - [TEST_STEP][PASSED] - Statement - PreSaveFile = new java.io.File(((pathPrefix + java.lang.Integer.toString(counter)) + .png)): null

2019-01-03 13:10:03 - [TEST_STEP][PASSED] - Statement - counter = counter + 1: null

2019-01-03 13:10:03 - [TEST_STEP][PASSED] - Statement - PreSaveFile = new java.io.File(((pathPrefix + java.lang.Integer.toString(counter)) + .png)): null

2019-01-03 13:10:03 - [TEST_STEP][PASSED] - Statement - counter = counter + 1: null

2019-01-03 13:10:03 - [TEST_STEP][PASSED] - Statement - PreSaveFile = new java.io.File(((pathPrefix + java.lang.Integer.toString(counter)) + .png)): null

2019-01-03 13:10:03 - [TEST_STEP][PASSED] - Statement - counter = counter + 1: null

2019-01-03 13:10:03 - [TEST_STEP][PASSED] - Statement - PreSaveFile = new java.io.File(((pathPrefix + java.lang.Integer.toString(counter)) + .png)): null

2019-01-03 13:10:03 - [TEST_STEP][PASSED] - Statement - counter = counter + 1: null

2019-01-03 13:10:03 - [TEST_STEP][PASSED] - Statement - PreSaveFile = new java.io.File(((pathPrefix + java.lang.Integer.toString(counter)) + .png)): null

2019-01-03 13:10:03 - [TEST_STEP][PASSED] - Statement - counter = counter + 1: null

2019-01-03 13:10:03 - [TEST_STEP][PASSED] - Statement - PreSaveFile = new java.io.File(((pathPrefix + java.lang.Integer.toString(counter)) + .png)): null

2019-01-03 13:10:03 - [TEST_STEP][PASSED] - Statement - counter = counter + 1: null

2019-01-03 13:10:03 - [TEST_STEP][PASSED] - Statement - PreSaveFile = new java.io.File(((pathPrefix + java.lang.Integer.toString(counter)) + .png)): null

2019-01-03 13:10:03 - [TEST_STEP][PASSED] - Statement - counter = counter + 1: null

2019-01-03 13:10:03 - [TEST_STEP][PASSED] - Statement - PreSaveFile = new java.io.File(((pathPrefix + java.lang.Integer.toString(counter)) + .png)): null

2019-01-03 13:10:03 - [TEST_STEP][PASSED] - Statement - counter = counter + 1: null

2019-01-03 13:10:03 - [TEST_STEP][PASSED] - Statement - PreSaveFile = new java.io.File(((pathPrefix + java.lang.Integer.toString(counter)) + .png)): null

2019-01-03 13:10:03 - [TEST_STEP][PASSED] - Statement - counter = counter + 1: null

2019-01-03 13:10:03 - [TEST_STEP][PASSED] - Statement - PreSaveFile = new java.io.File(((pathPrefix + java.lang.Integer.toString(counter)) + .png)): null

2019-01-03 13:10:03 - [TEST_STEP][PASSED] - Statement - counter = counter + 1: null

2019-01-03 13:10:03 - [TEST_STEP][PASSED] - Statement - PreSaveFile = new java.io.File(((pathPrefix + java.lang.Integer.toString(counter)) + .png)): null

2019-01-03 13:10:03 - [TEST_STEP][PASSED] - Statement - counter = counter + 1: null

2019-01-03 13:10:03 - [TEST_STEP][PASSED] - Statement - PreSaveFile = new java.io.File(((pathPrefix + java.lang.Integer.toString(counter)) + .png)): null

2019-01-03 13:10:03 - [TEST_STEP][PASSED] - Statement - counter = counter + 1: null

2019-01-03 13:10:03 - [TEST_STEP][PASSED] - Statement - PreSaveFile = new java.io.File(((pathPrefix + java.lang.Integer.toString(counter)) + .png)): null

2019-01-03 13:10:03 - [TEST_STEP][PASSED] - Statement - counter = counter + 1: null

2019-01-03 13:10:03 - [TEST_STEP][PASSED] - Statement - PreSaveFile = new java.io.File(((pathPrefix + java.lang.Integer.toString(counter)) + .png)): null

2019-01-03 13:10:03 - [TEST_STEP][PASSED] - Statement - counter = counter + 1: null

2019-01-03 13:10:03 - [TEST_STEP][PASSED] - Statement - PreSaveFile = new java.io.File(((pathPrefix + java.lang.Integer.toString(counter)) + .png)): null

2019-01-03 13:10:03 - [TEST_STEP][PASSED] - Statement - counter = counter + 1: null

2019-01-03 13:10:03 - [TEST_STEP][PASSED] - Statement - PreSaveFile = new java.io.File(((pathPrefix + java.lang.Integer.toString(counter)) + .png)): null

2019-01-03 13:10:03 - [TEST_STEP][PASSED] - Statement - counter = counter + 1: null

2019-01-03 13:10:03 - [TEST_STEP][PASSED] - Statement - PreSaveFile = new java.io.File(((pathPrefix + java.lang.Integer.toString(counter)) + .png)): null

2019-01-03 13:10:03 - [TEST_STEP][PASSED] - Statement - counter = counter + 1: null

2019-01-03 13:10:03 - [TEST_STEP][PASSED] - Statement - PreSaveFile = new java.io.File(((pathPrefix + java.lang.Integer.toString(counter)) + .png)): null

2019-01-03 13:10:03 - [TEST_STEP][PASSED] - Statement - counter = counter + 1: null

2019-01-03 13:10:03 - [TEST_STEP][PASSED] - Statement - PreSaveFile = new java.io.File(((pathPrefix + java.lang.Integer.toString(counter)) + .png)): null

2019-01-03 13:10:03 - [TEST_STEP][PASSED] - Statement - counter = counter + 1: null

2019-01-03 13:10:03 - [TEST_STEP][PASSED] - Statement - PreSaveFile = new java.io.File(((pathPrefix + java.lang.Integer.toString(counter)) + .png)): null

2019-01-03 13:10:03 - [TEST_STEP][PASSED] - Statement - counter = counter + 1: null

2019-01-03 13:10:03 - [TEST_STEP][PASSED] - Statement - PreSaveFile = new java.io.File(((pathPrefix + java.lang.Integer.toString(counter)) + .png)): null

2019-01-03 13:10:03 - [TEST_STEP][PASSED] - Statement - counter = counter + 1: null

2019-01-03 13:10:03 - [TEST_STEP][PASSED] - Statement - PreSaveFile = new java.io.File(((pathPrefix + java.lang.Integer.toString(counter)) + .png)): null

2019-01-03 13:10:03 - [TEST_STEP][PASSED] - Statement - counter = counter + 1: null

2019-01-03 13:10:03 - [TEST_STEP][PASSED] - Statement - PreSaveFile = new java.io.File(((pathPrefix + java.lang.Integer.toString(counter)) + .png)): null

2019-01-03 13:10:03 - [TEST_STEP][PASSED] - Statement - counter = counter + 1: null

2019-01-03 13:10:03 - [TEST_STEP][PASSED] - Statement - PreSaveFile = new java.io.File(((pathPrefix + java.lang.Integer.toString(counter)) + .png)): null

2019-01-03 13:10:03 - [TEST_STEP][PASSED] - Statement - counter = counter + 1: null

2019-01-03 13:10:03 - [TEST_STEP][PASSED] - Statement - PreSaveFile = new java.io.File(((pathPrefix + java.lang.Integer.toString(counter)) + .png)): null

2019-01-03 13:10:03 - [TEST_STEP][PASSED] - Statement - counter = counter + 1: null

2019-01-03 13:10:03 - [TEST_STEP][PASSED] - Statement - PreSaveFile = new java.io.File(((pathPrefix + java.lang.Integer.toString(counter)) + .png)): null

2019-01-03 13:10:03 - [TEST_STEP][PASSED] - Statement - counter = counter + 1: null

2019-01-03 13:10:03 - [TEST_STEP][PASSED] - Statement - PreSaveFile = new java.io.File(((pathPrefix + java.lang.Integer.toString(counter)) + .png)): null

2019-01-03 13:10:03 - [TEST_STEP][PASSED] - Statement - counter = counter + 1: null

2019-01-03 13:10:03 - [TEST_STEP][PASSED] - Statement - PreSaveFile = new java.io.File(((pathPrefix + java.lang.Integer.toString(counter)) + .png)): null

2019-01-03 13:10:03 - [TEST_STEP][PASSED] - Statement - counter = counter + 1: null

2019-01-03 13:10:03 - [TEST_STEP][PASSED] - Statement - PreSaveFile = new java.io.File(((pathPrefix + java.lang.Integer.toString(counter)) + .png)): null

2019-01-03 13:10:03 - [TEST_STEP][PASSED] - Statement - counter = counter + 1: null

2019-01-03 13:10:03 - [TEST_STEP][PASSED] - Statement - PreSaveFile = new java.io.File(((pathPrefix + java.lang.Integer.toString(counter)) + .png)): null

2019-01-03 13:10:03 - [TEST_STEP][PASSED] - Statement - counter = counter + 1: null

2019-01-03 13:10:03 - [TEST_STEP][PASSED] - Statement - PreSaveFile = new java.io.File(((pathPrefix + java.lang.Integer.toString(counter)) + .png)): null

2019-01-03 13:10:03 - [TEST_STEP][PASSED] - Statement - counter = counter + 1: null

2019-01-03 13:10:03 - [TEST_STEP][PASSED] - Statement - PreSaveFile = new java.io.File(((pathPrefix + java.lang.Integer.toString(counter)) + .png)): null

2019-01-03 13:10:03 - [TEST_STEP][PASSED] - Statement - counter = counter + 1: null

2019-01-03 13:10:03 - [TEST_STEP][PASSED] - Statement - PreSaveFile = new java.io.File(((pathPrefix + java.lang.Integer.toString(counter)) + .png)): null

2019-01-03 13:10:03 - [TEST_STEP][PASSED] - Statement - counter = counter + 1: null

2019-01-03 13:10:03 - [TEST_STEP][PASSED] - Statement - PreSaveFile = new java.io.File(((pathPrefix + java.lang.Integer.toString(counter)) + .png)): null

2019-01-03 13:10:03 - [TEST_STEP][PASSED] - Statement - counter = counter + 1: null

2019-01-03 13:10:03 - [TEST_STEP][PASSED] - Statement - PreSaveFile = new java.io.File(((pathPrefix + java.lang.Integer.toString(counter)) + .png)): null

2019-01-03 13:10:03 - [TEST_STEP][PASSED] - Statement - counter = counter + 1: null

2019-01-03 13:10:03 - [TEST_STEP][PASSED] - Statement - PreSaveFile = new java.io.File(((pathPrefix + java.lang.Integer.toString(counter)) + .png)): null

2019-01-03 13:10:03 - [TEST_STEP][PASSED] - Statement - counter = counter + 1: null

2019-01-03 13:10:03 - [TEST_STEP][PASSED] - Statement - PreSaveFile = new java.io.File(((pathPrefix + java.lang.Integer.toString(counter)) + .png)): null

2019-01-03 13:10:03 - [TEST_STEP][PASSED] - Statement - counter = counter + 1: null

2019-01-03 13:10:03 - [TEST_STEP][PASSED] - Statement - PreSaveFile = new java.io.File(((pathPrefix + java.lang.Integer.toString(counter)) + .png)): null

2019-01-03 13:10:03 - [TEST_STEP][PASSED] - Statement - counter = counter + 1: null

2019-01-03 13:10:03 - [TEST_STEP][PASSED] - Statement - PreSaveFile = new java.io.File(((pathPrefix + java.lang.Integer.toString(counter)) + .png)): null

2019-01-03 13:10:03 - [TEST_STEP][PASSED] - Statement - counter = counter + 1: null

2019-01-03 13:10:03 - [TEST_STEP][PASSED] - Statement - PreSaveFile = new java.io.File(((pathPrefix + java.lang.Integer.toString(counter)) + .png)): null

2019-01-03 13:10:03 - [TEST_STEP][PASSED] - Statement - counter = counter + 1: null

2019-01-03 13:10:03 - [TEST_STEP][PASSED] - Statement - PreSaveFile = new java.io.File(((pathPrefix + java.lang.Integer.toString(counter)) + .png)): null

2019-01-03 13:10:03 - [TEST_STEP][PASSED] - Statement - counter = counter + 1: null

2019-01-03 13:10:03 - [TEST_STEP][PASSED] - Statement - PreSaveFile = new java.io.File(((pathPrefix + java.lang.Integer.toString(counter)) + .png)): null

2019-01-03 13:10:03 - [TEST_STEP][PASSED] - Statement - counter = counter + 1: null

2019-01-03 13:10:03 - [TEST_STEP][PASSED] - Statement - PreSaveFile = new java.io.File(((pathPrefix + java.lang.Integer.toString(counter)) + .png)): null

2019-01-03 13:10:03 - [TEST_STEP][PASSED] - Statement - counter = counter + 1: null

2019-01-03 13:10:03 - [TEST_STEP][PASSED] - Statement - PreSaveFile = new java.io.File(((pathPrefix + java.lang.Integer.toString(counter)) + .png)): null

2019-01-03 13:10:03 - [TEST_STEP][PASSED] - Statement - counter = counter + 1: null

2019-01-03 13:10:03 - [TEST_STEP][PASSED] - Statement - PreSaveFile = new java.io.File(((pathPrefix + java.lang.Integer.toString(counter)) + .png)): null

2019-01-03 13:10:03 - [TEST_STEP][PASSED] - Statement - counter = counter + 1: null

2019-01-03 13:10:03 - [TEST_STEP][PASSED] - Statement - PreSaveFile = new java.io.File(((pathPrefix + java.lang.Integer.toString(counter)) + .png)): null

2019-01-03 13:10:03 - [TEST_STEP][PASSED] - Statement - counter = counter + 1: null

2019-01-03 13:10:03 - [TEST_STEP][PASSED] - Statement - PreSaveFile = new java.io.File(((pathPrefix + java.lang.Integer.toString(counter)) + .png)): null

2019-01-03 13:10:03 - [TEST_STEP][PASSED] - Statement - counter = counter + 1: null

2019-01-03 13:10:03 - [TEST_STEP][PASSED] - Statement - PreSaveFile = new java.io.File(((pathPrefix + java.lang.Integer.toString(counter)) + .png)): null

2019-01-03 13:10:03 - [TEST_STEP][PASSED] - Statement - counter = counter + 1: null

2019-01-03 13:10:03 - [TEST_STEP][PASSED] - Statement - PreSaveFile = new java.io.File(((pathPrefix + java.lang.Integer.toString(counter)) + .png)): null

2019-01-03 13:10:03 - [TEST_STEP][PASSED] - Statement - counter = counter + 1: null

2019-01-03 13:10:03 - [TEST_STEP][PASSED] - Statement - PreSaveFile = new java.io.File(((pathPrefix + java.lang.Integer.toString(counter)) + .png)): null

2019-01-03 13:10:03 - [TEST_STEP][PASSED] - Statement - counter = counter + 1: null

2019-01-03 13:10:03 - [TEST_STEP][PASSED] - Statement - PreSaveFile = new java.io.File(((pathPrefix + java.lang.Integer.toString(counter)) + .png)): null

2019-01-03 13:10:03 - [TEST_STEP][PASSED] - Statement - counter = counter + 1: null

2019-01-03 13:10:03 - [TEST_STEP][PASSED] - Statement - PreSaveFile = new java.io.File(((pathPrefix + java.lang.Integer.toString(counter)) + .png)): null

2019-01-03 13:10:03 - [TEST_STEP][PASSED] - Statement - counter = counter + 1: null

2019-01-03 13:10:03 - [TEST_STEP][PASSED] - Statement - PreSaveFile = new java.io.File(((pathPrefix + java.lang.Integer.toString(counter)) + .png)): null

2019-01-03 13:10:03 - [TEST_STEP][PASSED] - Statement - counter = counter + 1: null

2019-01-03 13:10:03 - [TEST_STEP][PASSED] - Statement - PreSaveFile = new java.io.File(((pathPrefix + java.lang.Integer.toString(counter)) + .png)): null

2019-01-03 13:10:03 - [TEST_STEP][PASSED] - Statement - counter = counter + 1: null

2019-01-03 13:10:03 - [TEST_STEP][PASSED] - Statement - PreSaveFile = new java.io.File(((pathPrefix + java.lang.Integer.toString(counter)) + .png)): null

2019-01-03 13:10:03 - [TEST_STEP][PASSED] - Statement - counter = counter + 1: null

2019-01-03 13:10:03 - [TEST_STEP][PASSED] - Statement - PreSaveFile = new java.io.File(((pathPrefix + java.lang.Integer.toString(counter)) + .png)): null

2019-01-03 13:10:03 - [TEST_STEP][PASSED] - Statement - counter = counter + 1: null

2019-01-03 13:10:03 - [TEST_STEP][PASSED] - Statement - PreSaveFile = new java.io.File(((pathPrefix + java.lang.Integer.toString(counter)) + .png)): null

2019-01-03 13:10:03 - [TEST_STEP][PASSED] - Statement - counter = counter + 1: null

2019-01-03 13:10:03 - [TEST_STEP][PASSED] - Statement - PreSaveFile = new java.io.File(((pathPrefix + java.lang.Integer.toString(counter)) + .png)): null

2019-01-03 13:10:03 - [TEST_STEP][PASSED] - Statement - counter = counter + 1: null

2019-01-03 13:10:03 - [TEST_STEP][PASSED] - Statement - PreSaveFile = new java.io.File(((pathPrefix + java.lang.Integer.toString(counter)) + .png)): null

2019-01-03 13:10:03 - [TEST_STEP][PASSED] - Statement - counter = counter + 1: null

2019-01-03 13:10:03 - [TEST_STEP][PASSED] - Statement - PreSaveFile = new java.io.File(((pathPrefix + java.lang.Integer.toString(counter)) + .png)): null

2019-01-03 13:10:03 - [TEST_STEP][PASSED] - Statement - counter = counter + 1: null

2019-01-03 13:10:03 - [TEST_STEP][PASSED] - Statement - PreSaveFile = new java.io.File(((pathPrefix + java.lang.Integer.toString(counter)) + .png)): null

2019-01-03 13:10:03 - [TEST_STEP][PASSED] - Statement - counter = counter + 1: null

2019-01-03 13:10:03 - [TEST_STEP][PASSED] - Statement - PreSaveFile = new java.io.File(((pathPrefix + java.lang.Integer.toString(counter)) + .png)): null

2019-01-03 13:10:03 - [TEST_STEP][PASSED] - Statement - counter = counter + 1: null

2019-01-03 13:10:03 - [TEST_STEP][PASSED] - Statement - PreSaveFile = new java.io.File(((pathPrefix + java.lang.Integer.toString(counter)) + .png)): null

2019-01-03 13:10:03 - [TEST_STEP][PASSED] - Statement - counter = counter + 1: null

2019-01-03 13:10:03 - [TEST_STEP][PASSED] - Statement - PreSaveFile = new java.io.File(((pathPrefix + java.lang.Integer.toString(counter)) + .png)): null

2019-01-03 13:10:03 - [TEST_STEP][PASSED] - Statement - counter = counter + 1: null

2019-01-03 13:10:03 - [TEST_STEP][PASSED] - Statement - PreSaveFile = new java.io.File(((pathPrefix + java.lang.Integer.toString(counter)) + .png)): null

2019-01-03 13:10:03 - [TEST_STEP][PASSED] - Statement - counter = counter + 1: null

2019-01-03 13:10:03 - [TEST_STEP][PASSED] - Statement - PreSaveFile = new java.io.File(((pathPrefix + java.lang.Integer.toString(counter)) + .png)): null

2019-01-03 13:10:03 - [TEST_STEP][PASSED] - Statement - counter = counter + 1: null

2019-01-03 13:10:03 - [TEST_STEP][PASSED] - Statement - PreSaveFile = new java.io.File(((pathPrefix + java.lang.Integer.toString(counter)) + .png)): null

2019-01-03 13:10:03 - [TEST_STEP][PASSED] - Statement - counter = counter + 1: null

2019-01-03 13:10:03 - [TEST_STEP][PASSED] - Statement - PreSaveFile = new java.io.File(((pathPrefix + java.lang.Integer.toString(counter)) + .png)): null

2019-01-03 13:10:03 - [TEST_STEP][PASSED] - Statement - counter = counter + 1: null

2019-01-03 13:10:03 - [TEST_STEP][PASSED] - Statement - PreSaveFile = new java.io.File(((pathPrefix + java.lang.Integer.toString(counter)) + .png)): null

2019-01-03 13:10:03 - [TEST_STEP][PASSED] - Statement - counter = counter + 1: null

2019-01-03 13:10:03 - [TEST_STEP][PASSED] - Statement - PreSaveFile = new java.io.File(((pathPrefix + java.lang.Integer.toString(counter)) + .png)): null

2019-01-03 13:10:03 - [TEST_STEP][PASSED] - Statement - counter = counter + 1: null

2019-01-03 13:10:03 - [TEST_STEP][PASSED] - Statement - PreSaveFile = new java.io.File(((pathPrefix + java.lang.Integer.toString(counter)) + .png)): null

2019-01-03 13:10:03 - [TEST_STEP][PASSED] - Statement - counter = counter + 1: null

2019-01-03 13:10:03 - [TEST_STEP][PASSED] - Statement - PreSaveFile = new java.io.File(((pathPrefix + java.lang.Integer.toString(counter)) + .png)): null

2019-01-03 13:10:03 - [TEST_STEP][PASSED] - Statement - counter = counter + 1: null

2019-01-03 13:10:03 - [TEST_STEP][PASSED] - Statement - PreSaveFile = new java.io.File(((pathPrefix + java.lang.Integer.toString(counter)) + .png)): null

2019-01-03 13:10:03 - [TEST_STEP][PASSED] - Statement - counter = counter + 1: null

2019-01-03 13:10:03 - [TEST_STEP][PASSED] - Statement - PreSaveFile = new java.io.File(((pathPrefix + java.lang.Integer.toString(counter)) + .png)): null

2019-01-03 13:10:03 - [TEST_STEP][PASSED] - Statement - counter = counter + 1: null

2019-01-03 13:10:03 - [TEST_STEP][PASSED] - Statement - PreSaveFile = new java.io.File(((pathPrefix + java.lang.Integer.toString(counter)) + .png)): null

2019-01-03 13:10:03 - [TEST_STEP][PASSED] - Statement - counter = counter + 1: null

2019-01-03 13:10:03 - [TEST_STEP][PASSED] - Statement - PreSaveFile = new java.io.File(((pathPrefix + java.lang.Integer.toString(counter)) + .png)): null

2019-01-03 13:10:03 - [TEST_STEP][PASSED] - Statement - counter = counter + 1: null

2019-01-03 13:10:03 - [TEST_STEP][PASSED] - Statement - PreSaveFile = new java.io.File(((pathPrefix + java.lang.Integer.toString(counter)) + .png)): null

2019-01-03 13:10:03 - [TEST_STEP][PASSED] - Statement - counter = counter + 1: null

2019-01-03 13:10:03 - [TEST_STEP][PASSED] - Statement - PreSaveFile = new java.io.File(((pathPrefix + java.lang.Integer.toString(counter)) + .png)): null

2019-01-03 13:10:03 - [TEST_STEP][PASSED] - Statement - counter = counter + 1: null

2019-01-03 13:10:03 - [TEST_STEP][PASSED] - Statement - PreSaveFile = new java.io.File(((pathPrefix + java.lang.Integer.toString(counter)) + .png)): null

2019-01-03 13:10:03 - [TEST_STEP][PASSED] - Statement - counter = counter + 1: null

2019-01-03 13:10:03 - [TEST_STEP][PASSED] - Statement - PreSaveFile = new java.io.File(((pathPrefix + java.lang.Integer.toString(counter)) + .png)): null

2019-01-03 13:10:03 - [TEST_STEP][PASSED] - Statement - counter = counter + 1: null

2019-01-03 13:10:03 - [TEST_STEP][PASSED] - Statement - PreSaveFile = new java.io.File(((pathPrefix + java.lang.Integer.toString(counter)) + .png)): null

2019-01-03 13:10:03 - [TEST_STEP][PASSED] - Statement - counter = counter + 1: null

2019-01-03 13:10:03 - [TEST_STEP][PASSED] - Statement - PreSaveFile = new java.io.File(((pathPrefix + java.lang.Integer.toString(counter)) + .png)): null

2019-01-03 13:10:03 - [TEST_STEP][PASSED] - Statement - counter = counter + 1: null

2019-01-03 13:10:03 - [TEST_STEP][PASSED] - Statement - PreSaveFile = new java.io.File(((pathPrefix + java.lang.Integer.toString(counter)) + .png)): null

2019-01-03 13:10:03 - [TEST_STEP][PASSED] - Statement - counter = counter + 1: null

2019-01-03 13:10:03 - [TEST_STEP][PASSED] - Statement - PreSaveFile = new java.io.File(((pathPrefix + java.lang.Integer.toString(counter)) + .png)): null

2019-01-03 13:10:03 - [TEST_STEP][PASSED] - Statement - counter = counter + 1: null

2019-01-03 13:10:03 - [TEST_STEP][PASSED] - Statement - PreSaveFile = new java.io.File(((pathPrefix + java.lang.Integer.toString(counter)) + .png)): null

2019-01-03 13:10:03 - [TEST_STEP][PASSED] - Statement - counter = counter + 1: null

2019-01-03 13:10:03 - [TEST_STEP][PASSED] - Statement - PreSaveFile = new java.io.File(((pathPrefix + java.lang.Integer.toString(counter)) + .png)): null

2019-01-03 13:10:03 - [TEST_STEP][PASSED] - Statement - counter = counter + 1: null

2019-01-03 13:10:03 - [TEST_STEP][PASSED] - Statement - PreSaveFile = new java.io.File(((pathPrefix + java.lang.Integer.toString(counter)) + .png)): null

2019-01-03 13:10:03 - [TEST_STEP][PASSED] - Statement - counter = counter + 1: null

2019-01-03 13:10:03 - [TEST_STEP][PASSED] - Statement - PreSaveFile = new java.io.File(((pathPrefix + java.lang.Integer.toString(counter)) + .png)): null

2019-01-03 13:10:03 - [TEST_STEP][PASSED] - Statement - counter = counter + 1: null

2019-01-03 13:10:03 - [TEST_STEP][PASSED] - Statement - PreSaveFile = new java.io.File(((pathPrefix + java.lang.Integer.toString(counter)) + .png)): null

2019-01-03 13:10:03 - [TEST_STEP][PASSED] - Statement - counter = counter + 1: null

2019-01-03 13:10:03 - [TEST_STEP][PASSED] - Statement - PreSaveFile = new java.io.File(((pathPrefix + java.lang.Integer.toString(counter)) + .png)): null

2019-01-03 13:10:03 - [TEST_STEP][PASSED] - Statement - counter = counter + 1: null

2019-01-03 13:10:03 - [TEST_STEP][PASSED] - Statement - PreSaveFile = new java.io.File(((pathPrefix + java.lang.Integer.toString(counter)) + .png)): null

2019-01-03 13:10:03 - [TEST_STEP][PASSED] - Statement - counter = counter + 1: null

2019-01-03 13:10:03 - [TEST_STEP][PASSED] - Statement - PreSaveFile = new java.io.File(((pathPrefix + java.lang.Integer.toString(counter)) + .png)): null

2019-01-03 13:10:03 - [TEST_STEP][PASSED] - Statement - counter = counter + 1: null

2019-01-03 13:10:03 - [TEST_STEP][PASSED] - Statement - PreSaveFile = new java.io.File(((pathPrefix + java.lang.Integer.toString(counter)) + .png)): null

2019-01-03 13:10:03 - [TEST_STEP][PASSED] - Statement - counter = counter + 1: null

2019-01-03 13:10:03 - [TEST_STEP][PASSED] - Statement - PreSaveFile = new java.io.File(((pathPrefix + java.lang.Integer.toString(counter)) + .png)): null

2019-01-03 13:10:03 - [TEST_STEP][PASSED] - Statement - counter = counter + 1: null

2019-01-03 13:10:03 - [TEST_STEP][PASSED] - Statement - PreSaveFile = new java.io.File(((pathPrefix + java.lang.Integer.toString(counter)) + .png)): null

2019-01-03 13:10:03 - [TEST_STEP][PASSED] - Statement - counter = counter + 1: null

2019-01-03 13:10:03 - [TEST_STEP][PASSED] - Statement - PreSaveFile = new java.io.File(((pathPrefix + java.lang.Integer.toString(counter)) + .png)): null

2019-01-03 13:10:03 - [TEST_STEP][PASSED] - Statement - counter = counter + 1: null

2019-01-03 13:10:03 - [TEST_STEP][PASSED] - Statement - PreSaveFile = new java.io.File(((pathPrefix + java.lang.Integer.toString(counter)) + .png)): null

2019-01-03 13:10:03 - [TEST_STEP][PASSED] - Statement - counter = counter + 1: null

2019-01-03 13:10:03 - [TEST_STEP][PASSED] - Statement - PreSaveFile = new java.io.File(((pathPrefix + java.lang.Integer.toString(counter)) + .png)): null

2019-01-03 13:10:03 - [TEST_STEP][PASSED] - Statement - counter = counter + 1: null

2019-01-03 13:10:03 - [TEST_STEP][PASSED] - Statement - PreSaveFile = new java.io.File(((pathPrefix + java.lang.Integer.toString(counter)) + .png)): null

2019-01-03 13:10:03 - [TEST_STEP][PASSED] - Statement - counter = counter + 1: null

2019-01-03 13:10:03 - [TEST_STEP][PASSED] - Statement - PreSaveFile = new java.io.File(((pathPrefix + java.lang.Integer.toString(counter)) + .png)): null

2019-01-03 13:10:03 - [TEST_STEP][PASSED] - Statement - counter = counter + 1: null

2019-01-03 13:10:03 - [TEST_STEP][PASSED] - Statement - PreSaveFile = new java.io.File(((pathPrefix + java.lang.Integer.toString(counter)) + .png)): null

2019-01-03 13:10:03 - [TEST_STEP][PASSED] - Statement - counter = counter + 1: null

2019-01-03 13:10:03 - [TEST_STEP][PASSED] - Statement - PreSaveFile = new java.io.File(((pathPrefix + java.lang.Integer.toString(counter)) + .png)): null

2019-01-03 13:10:03 - [TEST_STEP][PASSED] - Statement - counter = counter + 1: null

2019-01-03 13:10:03 - [TEST_STEP][PASSED] - Statement - PreSaveFile = new java.io.File(((pathPrefix + java.lang.Integer.toString(counter)) + .png)): null

2019-01-03 13:10:03 - [TEST_STEP][PASSED] - Statement - counter = counter + 1: null

2019-01-03 13:10:03 - [TEST_STEP][PASSED] - Statement - PreSaveFile = new java.io.File(((pathPrefix + java.lang.Integer.toString(counter)) + .png)): null

2019-01-03 13:10:03 - [TEST_STEP][PASSED] - Statement - counter = counter + 1: null

2019-01-03 13:10:03 - [TEST_STEP][PASSED] - Statement - PreSaveFile = new java.io.File(((pathPrefix + java.lang.Integer.toString(counter)) + .png)): null

2019-01-03 13:10:03 - [TEST_STEP][PASSED] - Statement - counter = counter + 1: null

2019-01-03 13:10:03 - [TEST_STEP][PASSED] - Statement - PreSaveFile = new java.io.File(((pathPrefix + java.lang.Integer.toString(counter)) + .png)): null

2019-01-03 13:10:03 - [TEST_STEP][PASSED] - Statement - counter = counter + 1: null

2019-01-03 13:10:03 - [TEST_STEP][PASSED] - Statement - PreSaveFile = new java.io.File(((pathPrefix + java.lang.Integer.toString(counter)) + .png)): null

2019-01-03 13:10:03 - [TEST_STEP][PASSED] - Statement - counter = counter + 1: null

2019-01-03 13:10:03 - [TEST_STEP][PASSED] - Statement - PreSaveFile = new java.io.File(((pathPrefix + java.lang.Integer.toString(counter)) + .png)): null

2019-01-03 13:10:03 - [TEST_STEP][PASSED] - Statement - counter = counter + 1: null

2019-01-03 13:10:03 - [TEST_STEP][PASSED] - Statement - PreSaveFile = new java.io.File(((pathPrefix + java.lang.Integer.toString(counter)) + .png)): null

2019-01-03 13:10:03 - [TEST_STEP][PASSED] - Statement - counter = counter + 1: null

2019-01-03 13:10:03 - [TEST_STEP][PASSED] - Statement - PreSaveFile = new java.io.File(((pathPrefix + java.lang.Integer.toString(counter)) + .png)): null

2019-01-03 13:10:03 - [TEST_STEP][PASSED] - Statement - counter = counter + 1: null

2019-01-03 13:10:03 - [TEST_STEP][PASSED] - Statement - PreSaveFile = new java.io.File(((pathPrefix + java.lang.Integer.toString(counter)) + .png)): null

2019-01-03 13:10:03 - [TEST_STEP][PASSED] - Statement - counter = counter + 1: null

2019-01-03 13:10:03 - [TEST_STEP][PASSED] - Statement - PreSaveFile = new java.io.File(((pathPrefix + java.lang.Integer.toString(counter)) + .png)): null

2019-01-03 13:10:03 - [TEST_STEP][PASSED] - Statement - counter = counter + 1: null

2019-01-03 13:10:03 - [TEST_STEP][PASSED] - Statement - PreSaveFile = new java.io.File(((pathPrefix + java.lang.Integer.toString(counter)) + .png)): null

2019-01-03 13:10:03 - [TEST_STEP][PASSED] - Statement - counter = counter + 1: null

2019-01-03 13:10:03 - [TEST_STEP][PASSED] - Statement - PreSaveFile = new java.io.File(((pathPrefix + java.lang.Integer.toString(counter)) + .png)): null

2019-01-03 13:10:03 - [TEST_STEP][PASSED] - Statement - counter = counter + 1: null

2019-01-03 13:10:03 - [TEST_STEP][PASSED] - Statement - PreSaveFile = new java.io.File(((pathPrefix + java.lang.Integer.toString(counter)) + .png)): null

2019-01-03 13:10:03 - [TEST_STEP][PASSED] - Statement - counter = counter + 1: null

2019-01-03 13:10:03 - [TEST_STEP][PASSED] - Statement - PreSaveFile = new java.io.File(((pathPrefix + java.lang.Integer.toString(counter)) + .png)): null

2019-01-03 13:10:03 - [TEST_STEP][PASSED] - Statement - counter = counter + 1: null

2019-01-03 13:10:03 - [TEST_STEP][PASSED] - Statement - PreSaveFile = new java.io.File(((pathPrefix + java.lang.Integer.toString(counter)) + .png)): null

2019-01-03 13:10:03 - [TEST_STEP][PASSED] - Statement - counter = counter + 1: null

2019-01-03 13:10:03 - [TEST_STEP][PASSED] - Statement - PreSaveFile = new java.io.File(((pathPrefix + java.lang.Integer.toString(counter)) + .png)): null

2019-01-03 13:10:03 - [TEST_STEP][PASSED] - Statement - counter = counter + 1: null

2019-01-03 13:10:03 - [TEST_STEP][PASSED] - Statement - PreSaveFile = new java.io.File(((pathPrefix + java.lang.Integer.toString(counter)) + .png)): null

2019-01-03 13:10:03 - [TEST_STEP][PASSED] - Statement - counter = counter + 1: null

2019-01-03 13:10:03 - [TEST_STEP][PASSED] - Statement - PreSaveFile = new java.io.File(((pathPrefix + java.lang.Integer.toString(counter)) + .png)): null

2019-01-03 13:10:03 - [TEST_STEP][PASSED] - Statement - counter = counter + 1: null

2019-01-03 13:10:03 - [TEST_STEP][PASSED] - Statement - PreSaveFile = new java.io.File(((pathPrefix + java.lang.Integer.toString(counter)) + .png)): null

2019-01-03 13:10:03 - [TEST_STEP][PASSED] - Statement - counter = counter + 1: null

2019-01-03 13:10:03 - [TEST_STEP][PASSED] - Statement - PreSaveFile = new java.io.File(((pathPrefix + java.lang.Integer.toString(counter)) + .png)): null

2019-01-03 13:10:03 - [TEST_STEP][PASSED] - Statement - counter = counter + 1: null

2019-01-03 13:10:03 - [TEST_STEP][PASSED] - Statement - PreSaveFile = new java.io.File(((pathPrefix + java.lang.Integer.toString(counter)) + .png)): null

2019-01-03 13:10:03 - [TEST_STEP][PASSED] - Statement - counter = counter + 1: null

2019-01-03 13:10:03 - [TEST_STEP][PASSED] - Statement - PreSaveFile = new java.io.File(((pathPrefix + java.lang.Integer.toString(counter)) + .png)): null

2019-01-03 13:10:03 - [TEST_STEP][PASSED] - Statement - counter = counter + 1: null

2019-01-03 13:10:03 - [TEST_STEP][PASSED] - Statement - PreSaveFile = new java.io.File(((pathPrefix + java.lang.Integer.toString(counter)) + .png)): null

2019-01-03 13:10:03 - [TEST_STEP][PASSED] - Statement - counter = counter + 1: null

2019-01-03 13:10:03 - [TEST_STEP][PASSED] - Statement - PreSaveFile = new java.io.File(((pathPrefix + java.lang.Integer.toString(counter)) + .png)): null

2019-01-03 13:10:03 - [TEST_STEP][PASSED] - Statement - counter = counter + 1: null

2019-01-03 13:10:03 - [TEST_STEP][PASSED] - Statement - PreSaveFile = new java.io.File(((pathPrefix + java.lang.Integer.toString(counter)) + .png)): null

2019-01-03 13:10:03 - [TEST_STEP][PASSED] - Statement - counter = counter + 1: null

2019-01-03 13:10:03 - [TEST_STEP][PASSED] - Statement - PreSaveFile = new java.io.File(((pathPrefix + java.lang.Integer.toString(counter)) + .png)): null

2019-01-03 13:10:03 - [TEST_STEP][PASSED] - Statement - counter = counter + 1: null

2019-01-03 13:10:03 - [TEST_STEP][PASSED] - Statement - PreSaveFile = new java.io.File(((pathPrefix + java.lang.Integer.toString(counter)) + .png)): null

2019-01-03 13:10:03 - [TEST_STEP][PASSED] - Statement - counter = counter + 1: null

2019-01-03 13:10:03 - [TEST_STEP][PASSED] - Statement - PreSaveFile = new java.io.File(((pathPrefix + java.lang.Integer.toString(counter)) + .png)): null

2019-01-03 13:10:03 - [TEST_STEP][PASSED] - Statement - counter = counter + 1: null

2019-01-03 13:10:03 - [TEST_STEP][PASSED] - Statement - PreSaveFile = new java.io.File(((pathPrefix + java.lang.Integer.toString(counter)) + .png)): null

2019-01-03 13:10:03 - [TEST_STEP][PASSED] - Statement - counter = counter + 1: null

2019-01-03 13:10:03 - [TEST_STEP][PASSED] - Statement - PreSaveFile = new java.io.File(((pathPrefix + java.lang.Integer.toString(counter)) + .png)): null

2019-01-03 13:10:03 - [TEST_STEP][PASSED] - Statement - counter = counter + 1: null

2019-01-03 13:10:03 - [TEST_STEP][PASSED] - Statement - PreSaveFile = new java.io.File(((pathPrefix + java.lang.Integer.toString(counter)) + .png)): null

2019-01-03 13:10:03 - [TEST_STEP][PASSED] - Statement - counter = counter + 1: null

2019-01-03 13:10:03 - [TEST_STEP][PASSED] - Statement - PreSaveFile = new java.io.File(((pathPrefix + java.lang.Integer.toString(counter)) + .png)): null

2019-01-03 13:10:03 - [TEST_STEP][PASSED] - Statement - counter = counter + 1: null

2019-01-03 13:10:03 - [TEST_STEP][PASSED] - Statement - PreSaveFile = new java.io.File(((pathPrefix + java.lang.Integer.toString(counter)) + .png)): null

2019-01-03 13:10:03 - [TEST_STEP][PASSED] - Statement - counter = counter + 1: null

2019-01-03 13:10:03 - [TEST_STEP][PASSED] - Statement - PreSaveFile = new java.io.File(((pathPrefix + java.lang.Integer.toString(counter)) + .png)): null

2019-01-03 13:10:03 - [TEST_STEP][PASSED] - Statement - counter = counter + 1: null

2019-01-03 13:10:03 - [TEST_STEP][PASSED] - Statement - PreSaveFile = new java.io.File(((pathPrefix + java.lang.Integer.toString(counter)) + .png)): null

2019-01-03 13:10:03 - [TEST_STEP][PASSED] - Statement - counter = counter + 1: null

2019-01-03 13:10:03 - [TEST_STEP][PASSED] - Statement - PreSaveFile = new java.io.File(((pathPrefix + java.lang.Integer.toString(counter)) + .png)): null

2019-01-03 13:10:03 - [TEST_STEP][PASSED] - Statement - counter = counter + 1: null

2019-01-03 13:10:03 - [TEST_STEP][PASSED] - Statement - PreSaveFile = new java.io.File(((pathPrefix + java.lang.Integer.toString(counter)) + .png)): null

2019-01-03 13:10:03 - [TEST_STEP][PASSED] - Statement - counter = counter + 1: null

2019-01-03 13:10:03 - [TEST_STEP][PASSED] - Statement - PreSaveFile = new java.io.File(((pathPrefix + java.lang.Integer.toString(counter)) + .png)): null

2019-01-03 13:10:03 - [TEST_STEP][PASSED] - Statement - counter = counter + 1: null

2019-01-03 13:10:03 - [TEST_STEP][PASSED] - Statement - PreSaveFile = new java.io.File(((pathPrefix + java.lang.Integer.toString(counter)) + .png)): null

2019-01-03 13:10:03 - [TEST_STEP][PASSED] - Statement - counter = counter + 1: null

2019-01-03 13:10:03 - [TEST_STEP][PASSED] - Statement - PreSaveFile = new java.io.File(((pathPrefix + java.lang.Integer.toString(counter)) + .png)): null

2019-01-03 13:10:03 - [TEST_STEP][PASSED] - Statement - counter = counter + 1: null

2019-01-03 13:10:03 - [TEST_STEP][PASSED] - Statement - PreSaveFile = new java.io.File(((pathPrefix + java.lang.Integer.toString(counter)) + .png)): null

2019-01-03 13:10:03 - [TEST_STEP][PASSED] - Statement - counter = counter + 1: null

2019-01-03 13:10:03 - [TEST_STEP][PASSED] - Statement - PreSaveFile = new java.io.File(((pathPrefix + java.lang.Integer.toString(counter)) + .png)): null

2019-01-03 13:10:03 - [TEST_STEP][PASSED] - Statement - counter = counter + 1: null

2019-01-03 13:10:03 - [TEST_STEP][PASSED] - Statement - PreSaveFile = new java.io.File(((pathPrefix + java.lang.Integer.toString(counter)) + .png)): null

2019-01-03 13:10:03 - [TEST_STEP][PASSED] - Statement - counter = counter + 1: null

2019-01-03 13:10:03 - [TEST_STEP][PASSED] - Statement - PreSaveFile = new java.io.File(((pathPrefix + java.lang.Integer.toString(counter)) + .png)): null

2019-01-03 13:10:03 - [TEST_STEP][PASSED] - Statement - finalPath = pathPrefix + java.lang.Integer.toString(counter) + ".png": null

2019-01-03 13:10:03 - [TEST_STEP][PASSED] - Statement - SaveFile = new java.io.File(finalPath): null

2019-01-03 13:10:03 - [TEST_STEP][PASSED] - Statement - Try: null

2019-01-03 13:10:03 - [TEST_STEP][PASSED] - Statement - org.apache.commons.io.FileUtils.copyFile(scrFile, SaveFile): null

2019-01-03 13:10:03 - [TEST_STEP][PASSED] - Statement - out.println("file kept"): null

2019-01-03 13:10:03 - [TEST_STEP][PASSED] - delay: Delayed 10 second(s)

2019-01-03 13:10:13 - [MESSAGE][PASSED] - Delayed 10 second(s)

2019-01-03 13:10:13 - [MESSAGE][PASSED] - Call Test Case 'Test Cases/Final Aug 2018 - PKS Automation/Registration Module/New Registration/Submit and Screenshot/Submit Registration and Screenshot - Copy' successfully

2019-01-03 13:10:13 - [TEST_STEP][PASSED] - Statement - UpdateAddNewECode = com.kms.katalon.core.webui.keyword.WebUiBuiltInKeywords.getText(com.kms.katalon.core.testobject.ObjectRepository.findTestObject(Object Repository/Final Object Repo/Page_Update Add New Employee - ASSIST/getEmpCode)): Text of object 'Object Repository/Final Object Repo/Page_Update Add New Employee - ASSIST/getEmpCode' is: 'E1102071074A'

2019-01-03 13:10:13 - [MESSAGE][PASSED] - Text of object 'Object Repository/Final Object Repo/Page_Update Add New Employee - ASSIST/getEmpCode' is: 'E1102071074A'

2019-01-03 13:10:13 - [TEST_STEP][PASSED] - callTestCase: Call Test Case 'Test Cases/Final Aug 2018 - PKS Automation/Common/Emp Code Setter' successfully

2019-01-03 13:10:13 - [TEST_CASE][PASSED] - Test Cases/Final Aug 2018 - PKS Automation/Common/Emp Code Setter: Test Cases/Final Aug 2018 - PKS Automation/Common/Emp Code Setter

2019-01-03 13:10:13 - [TEST_STEP][PASSED] - Statement - EmpCodeOld = new java.io.File(C://Users//Admin//Desktop//PKS//Automation Reference Point//EmpCode.txt): null

2019-01-03 13:10:13 - [TEST_STEP][PASSED] - Statement - EmpCodeOld.delete(): null

2019-01-03 13:10:13 - [TEST_STEP][PASSED] - Statement - EmpCode = new java.io.File(C://Users//Admin//Desktop//PKS//Automation Reference Point//EmpCode.txt): null

2019-01-03 13:10:13 - [TEST_STEP][PASSED] - Statement - f2 = new java.io.FileWriter(EmpCode, false): null

2019-01-03 13:10:13 - [TEST_STEP][PASSED] - Statement - f2.write(UpdateAddNewECode): null

2019-01-03 13:10:13 - [TEST_STEP][PASSED] - Statement - f2.close(): null

2019-01-03 13:10:13 - [TEST_STEP][PASSED] - Statement - out.println("


" + UpdateAddNewECode + "


"): null

2019-01-03 13:10:13 - [MESSAGE][PASSED] - Call Test Case 'Test Cases/Final Aug 2018 - PKS Automation/Common/Emp Code Setter' successfully

2019-01-03 13:10:13 - [MESSAGE][PASSED] - Call Test Case 'Test Cases/Final Aug 2018 - PKS Automation/Registration Module/Workflow/Update Add New Employee/Template/New Company for Update Add New - Employer' successfully

2019-01-03 13:10:13 - [TEST_STEP][PASSED] - callTestCase: Call Test Case 'Test Cases/Final Aug 2018 - PKS Automation/Create Employer Acc/Login to Employer Account (Second time)' successfully

2019-01-03 13:10:13 - [TEST_CASE][PASSED] - Test Cases/Final Aug 2018 - PKS Automation/Create Employer Acc/Login to Employer Account (Second time): Test Cases/Final Aug 2018 - PKS Automation/Create Employer Acc/Login to Employer Account (Second time)

2019-01-03 13:10:13 - [TEST_STEP][PASSED] - openBrowser: Browser is opened with url: ''

2019-01-03 13:10:13 - [MESSAGE][WARNING] - A browser is already opened. Closing browser and opening a new one

2019-01-03 13:10:16 - [MESSAGE][PASSED] - Browser is opened with url: ''

2019-01-03 13:10:16 - [TEST_STEP][PASSED] - navigateToUrl: Navigate to 'https://assist2-uat.perkeso.gov.my/employer/login' successfully

2019-01-03 13:10:17 - [MESSAGE][PASSED] - Navigate to 'https://assist2-uat.perkeso.gov.my/employer/login' successfully

2019-01-03 13:10:17 - [TEST_STEP][PASSED] - delay: Delayed 3 second(s)

2019-01-03 13:10:20 - [MESSAGE][PASSED] - Delayed 3 second(s)

2019-01-03 13:10:20 - [TEST_STEP][PASSED] - callTestCase: Call Test Case 'Test Cases/Final Aug 2018 - PKS Automation/Create Employer Acc/Template/Employer Email Getter' successfully

2019-01-03 13:10:20 - [TEST_CASE][PASSED] - Test Cases/Final Aug 2018 - PKS Automation/Create Employer Acc/Template/Employer Email Getter: Test Cases/Final Aug 2018 - PKS Automation/Create Employer Acc/Template/Employer Email Getter

2019-01-03 13:10:20 - [TEST_STEP][PASSED] - Statement - Try: null

2019-01-03 13:10:20 - [TEST_STEP][PASSED] - Statement - EmpEmail = new java.io.File(C://Users//Admin//Desktop//PKS//Automation Reference Point//EmpEmail.txt): null

2019-01-03 13:10:20 - [TEST_STEP][PASSED] - Statement - bufferread = new java.io.BufferedReader(new java.io.FileReader(EmpEmail)): null

2019-01-03 13:10:20 - [TEST_STEP][PASSED] - Statement - readedVal = bufferread.readLine(): null

2019-01-03 13:10:20 - [TEST_STEP][PASSED] - Statement - out.println(readedVal): null

2019-01-03 13:10:20 - [TEST_STEP][PASSED] - Statement - Email = readedVal: null

2019-01-03 13:10:20 - [MESSAGE][PASSED] - Call Test Case 'Test Cases/Final Aug 2018 - PKS Automation/Create Employer Acc/Template/Employer Email Getter' successfully

2019-01-03 13:10:20 - [TEST_STEP][PASSED] - setText: Text 'perkeso769273370946@gmail.com' is set on object 'Object Repository/Final Object Repo/Login Page/External Login Page/Email'

2019-01-03 13:10:21 - [MESSAGE][PASSED] - Text 'perkeso769273370946@gmail.com' is set on object 'Object Repository/Final Object Repo/Login Page/External Login Page/Email'

2019-01-03 13:10:21 - [TEST_STEP][PASSED] - click: Object: 'Object Repository/Final Object Repo/Login Page/External Login Page/Next' is clicked on

2019-01-03 13:10:21 - [MESSAGE][PASSED] - Object: 'Object Repository/Final Object Repo/Login Page/External Login Page/Next' is clicked on

2019-01-03 13:10:21 - [TEST_STEP][PASSED] - delay: Delayed 3 second(s)

2019-01-03 13:10:24 - [MESSAGE][PASSED] - Delayed 3 second(s)

2019-01-03 13:10:24 - [TEST_STEP][PASSED] - setEncryptedText: Text ****** has been set on object 'Object Repository/Final Object Repo/Login Page/External Login Page/Password'

2019-01-03 13:10:24 - [MESSAGE][PASSED] - Text ****** has been set on object 'Object Repository/Final Object Repo/Login Page/External Login Page/Password'

2019-01-03 13:10:24 - [TEST_STEP][PASSED] - click: Object: 'Object Repository/Final Object Repo/Login Page/External Login Page/Login' is clicked on

2019-01-03 13:10:24 - [MESSAGE][PASSED] - Object: 'Object Repository/Final Object Repo/Login Page/External Login Page/Login' is clicked on

2019-01-03 13:10:24 - [TEST_STEP][PASSED] - delay: Delayed 5 second(s)

2019-01-03 13:10:29 - [MESSAGE][PASSED] - Delayed 5 second(s)

2019-01-03 13:10:29 - [MESSAGE][PASSED] - Call Test Case 'Test Cases/Final Aug 2018 - PKS Automation/Create Employer Acc/Login to Employer Account (Second time)' successfully

2019-01-03 13:10:29 - [TEST_STEP][PASSED] - navigateToUrl: Navigate to 'https://assist2-uat.perkeso.gov.my/web/registration/update/form-1a-cessation-as-employer-discontinue-business-' successfully

2019-01-03 13:10:31 - [MESSAGE][PASSED] - Navigate to 'https://assist2-uat.perkeso.gov.my/web/registration/update/form-1a-cessation-as-employer-discontinue-business-' successfully

2019-01-03 13:10:31 - [TEST_STEP][PASSED] - callTestCase: Call Test Case 'Test Cases/Final Aug 2018 - PKS Automation/Common/Emp Code Getter' successfully

2019-01-03 13:10:31 - [TEST_CASE][PASSED] - Test Cases/Final Aug 2018 - PKS Automation/Common/Emp Code Getter: Test Cases/Final Aug 2018 - PKS Automation/Common/Emp Code Getter

2019-01-03 13:10:31 - [TEST_STEP][PASSED] - Statement - Try: null

2019-01-03 13:10:31 - [TEST_STEP][PASSED] - Statement - EmpCode = new java.io.File(C://Users//Admin//Desktop//PKS//Automation Reference Point//EmpCode.txt): null

2019-01-03 13:10:31 - [TEST_STEP][PASSED] - Statement - bufferread = new java.io.BufferedReader(new java.io.FileReader(EmpCode)): null

2019-01-03 13:10:31 - [TEST_STEP][PASSED] - Statement - readedVal = bufferread.readLine(): null

2019-01-03 13:10:31 - [TEST_STEP][PASSED] - Statement - out.println(readedVal): null

2019-01-03 13:10:31 - [TEST_STEP][PASSED] - Statement - UpdateAddNewECode = readedVal: null

2019-01-03 13:10:31 - [MESSAGE][PASSED] - Call Test Case 'Test Cases/Final Aug 2018 - PKS Automation/Common/Emp Code Getter' successfully

2019-01-03 13:10:31 - [TEST_STEP][PASSED] - setText: Text 'E1102071074A' is set on object 'Object Repository/Final Object Repo/Page_Update Employer Information/Employer Code'

2019-01-03 13:10:31 - [MESSAGE][PASSED] - Text 'E1102071074A' is set on object 'Object Repository/Final Object Repo/Page_Update Employer Information/Employer Code'

2019-01-03 13:10:31 - [TEST_STEP][PASSED] - click: Object: 'Object Repository/Final Object Repo/Page_Update Employer Information/Search Button' is clicked on

2019-01-03 13:10:31 - [MESSAGE][PASSED] - Object: 'Object Repository/Final Object Repo/Page_Update Employer Information/Search Button' is clicked on

2019-01-03 13:10:31 - [TEST_STEP][PASSED] - delay: Delayed 2 second(s)

2019-01-03 13:10:33 - [MESSAGE][PASSED] - Delayed 2 second(s)

2019-01-03 13:10:33 - [TEST_STEP][PASSED] - click: Object: 'Object Repository/Final Object Repo/Page_Update Employer Information/Edit Button' is clicked on

2019-01-03 13:10:35 - [MESSAGE][PASSED] - Object: 'Object Repository/Final Object Repo/Page_Update Employer Information/Edit Button' is clicked on

2019-01-03 13:10:35 - [TEST_STEP][PASSED] - Statement - abc = com.kms.katalon.core.webui.keyword.WebUiBuiltInKeywords.getAttribute(com.kms.katalon.core.testobject.ObjectRepository.findTestObject(Final Object Repo/Page_Form 1A - Cessation As Employer/Employer Status), "value"): Attribute 'value' of object 'Object Repository/Final Object Repo/Page_Form 1A - Cessation As Employer/Employer Status' is: 'Active'

2019-01-03 13:10:35 - [MESSAGE][PASSED] - Attribute 'value' of object 'Object Repository/Final Object Repo/Page_Form 1A - Cessation As Employer/Employer Status' is: 'Active'

2019-01-03 13:10:35 - [TEST_STEP][PASSED] - Statement - out.println(abc): null

2019-01-03 13:10:35 - [TEST_STEP][PASSED] - Statement - If (abc == "Active"): Object: 'Object Repository/Final Object Repo/Page_Form 1A - Cessation As Employer/Change Employer Status to - Dormant' is clicked on

2019-01-03 13:10:35 - [TEST_STEP][PASSED] - click: Object: 'Object Repository/Final Object Repo/Page_Form 1A - Cessation As Employer/Change Employer Status to' is clicked on

2019-01-03 13:10:35 - [MESSAGE][PASSED] - Object: 'Object Repository/Final Object Repo/Page_Form 1A - Cessation As Employer/Change Employer Status to' is clicked on

2019-01-03 13:10:35 - [TEST_STEP][PASSED] - click: Object: 'Object Repository/Final Object Repo/Page_Form 1A - Cessation As Employer/Change Employer Status to - Dormant' is clicked on

2019-01-03 13:10:35 - [MESSAGE][PASSED] - Object: 'Object Repository/Final Object Repo/Page_Form 1A - Cessation As Employer/Change Employer Status to - Dormant' is clicked on

2019-01-03 13:10:35 - [TEST_STEP][PASSED] - click: Object: 'Object Repository/Final Object Repo/Page_Form 1A - Cessation As Employer/Calender' is clicked on

2019-01-03 13:10:35 - [MESSAGE][PASSED] - Object: 'Object Repository/Final Object Repo/Page_Form 1A - Cessation As Employer/Calender' is clicked on

2019-01-03 13:10:35 - [TEST_STEP][PASSED] - click: Object: 'Object Repository/Final Object Repo/Page_Form 1A - Cessation As Employer/Calender - Date' is clicked on

2019-01-03 13:10:35 - [MESSAGE][PASSED] - Object: 'Object Repository/Final Object Repo/Page_Form 1A - Cessation As Employer/Calender - Date' is clicked on

2019-01-03 13:10:35 - [TEST_STEP][PASSED] - delay: Delayed 2 second(s)

2019-01-03 13:10:37 - [MESSAGE][PASSED] - Delayed 2 second(s)

2019-01-03 13:10:37 - [TEST_STEP][PASSED] - click: Object: 'Object Repository/Final Object Repo/Page_Form 1A - Cessation As Employer/Save  Continue in Form 1A Page' is clicked on

2019-01-03 13:10:38 - [MESSAGE][PASSED] - Object: 'Object Repository/Final Object Repo/Page_Form 1A - Cessation As Employer/Save  Continue in Form 1A Page' is clicked on

2019-01-03 13:10:38 - [TEST_STEP][PASSED] - delay: Delayed 2 second(s)

2019-01-03 13:10:40 - [MESSAGE][PASSED] - Delayed 2 second(s)

2019-01-03 13:10:40 - [TEST_STEP][PASSED] - click: Object: 'Object Repository/Final Object Repo/Page_Form 1A - Cessation As Employer/Employment Resign Date' is clicked on

2019-01-03 13:10:40 - [MESSAGE][PASSED] - Object: 'Object Repository/Final Object Repo/Page_Form 1A - Cessation As Employer/Employment Resign Date' is clicked on

2019-01-03 13:10:40 - [TEST_STEP][PASSED] - delay: Delayed 1 second(s)

2019-01-03 13:10:41 - [MESSAGE][PASSED] - Delayed 1 second(s)

2019-01-03 13:10:41 - [TEST_STEP][PASSED] - Statement - CaseReferenceNo = com.kms.katalon.core.webui.keyword.WebUiBuiltInKeywords.getText(com.kms.katalon.core.testobject.ObjectRepository.findTestObject(Final Object Repo/Page_Update Employer Information/Reference Number in Update Employee Information Page)): Text of object 'Object Repository/Final Object Repo/Page_Update Employer Information/Reference Number in Update Employee Information Page' is: 'CUN012019C200001792'

2019-01-03 13:10:41 - [MESSAGE][PASSED] - Text of object 'Object Repository/Final Object Repo/Page_Update Employer Information/Reference Number in Update Employee Information Page' is: 'CUN012019C200001792'

2019-01-03 13:10:41 - [TEST_STEP][PASSED] - callTestCase: Call Test Case 'Test Cases/Final Aug 2018 - PKS Automation/Common/Reference Number Setter' successfully

2019-01-03 13:10:41 - [TEST_CASE][PASSED] - Test Cases/Final Aug 2018 - PKS Automation/Common/Reference Number Setter: Test Cases/Final Aug 2018 - PKS Automation/Common/Reference Number Setter

2019-01-03 13:10:41 - [TEST_STEP][PASSED] - Statement - RefNoOldFile = new java.io.File(C://Users//Admin//Desktop//PKS//Automation Reference Point//KatalonReference.txt): null

2019-01-03 13:10:41 - [TEST_STEP][PASSED] - Statement - RefNoOldFile.delete(): null

2019-01-03 13:10:41 - [TEST_STEP][PASSED] - delay: Delayed 5 second(s)

2019-01-03 13:10:46 - [MESSAGE][PASSED] - Delayed 5 second(s)

2019-01-03 13:10:46 - [TEST_STEP][PASSED] - Statement - RefNo = new java.io.File(C://Users//Admin//Desktop//PKS//Automation Reference Point//KatalonReference.txt): null

2019-01-03 13:10:46 - [TEST_STEP][PASSED] - Statement - f2 = new java.io.FileWriter(RefNo, false): null

2019-01-03 13:10:46 - [TEST_STEP][PASSED] - Statement - f2.write(CaseReferenceNo): null

2019-01-03 13:10:46 - [TEST_STEP][PASSED] - Statement - f2.close(): null

2019-01-03 13:10:46 - [TEST_STEP][PASSED] - Statement - out.println("


" + CaseReferenceNo + "


"): null

2019-01-03 13:10:46 - [MESSAGE][PASSED] - Call Test Case 'Test Cases/Final Aug 2018 - PKS Automation/Common/Reference Number Setter' successfully

2019-01-03 13:10:46 - [TEST_STEP][PASSED] - selectOptionByValue: All options with value '2030' are selected in object 'Object Repository/Final Object Repo/Page_Form 1A - Cessation As Employer/Employment Resign Date - Year' 

2019-01-03 13:10:46 - [MESSAGE][PASSED] - All options with value '2030' are selected in object 'Object Repository/Final Object Repo/Page_Form 1A - Cessation As Employer/Employment Resign Date - Year' 

2019-01-03 13:10:46 - [TEST_STEP][PASSED] - delay: Delayed 1 second(s)

2019-01-03 13:10:47 - [MESSAGE][PASSED] - Delayed 1 second(s)

2019-01-03 13:10:47 - [TEST_STEP][PASSED] - click: Object: 'Object Repository/Final Object Repo/Page_Form 1A - Cessation As Employer/Employment Resign Date - Year - Date' is clicked on

2019-01-03 13:10:47 - [MESSAGE][PASSED] - Object: 'Object Repository/Final Object Repo/Page_Form 1A - Cessation As Employer/Employment Resign Date - Year - Date' is clicked on

2019-01-03 13:10:47 - [TEST_STEP][PASSED] - delay: Delayed 2 second(s)

2019-01-03 13:10:49 - [MESSAGE][PASSED] - Delayed 2 second(s)

2019-01-03 13:10:49 - [TEST_STEP][PASSED] - click: Object: 'Object Repository/Final Object Repo/Page_Form 1A - Cessation As Employer/Save  Continue in Update Add Employee Resigned Date Page' is clicked on

2019-01-03 13:10:49 - [MESSAGE][PASSED] - Object: 'Object Repository/Final Object Repo/Page_Form 1A - Cessation As Employer/Save  Continue in Update Add Employee Resigned Date Page' is clicked on

2019-01-03 13:10:49 - [TEST_STEP][PASSED] - delay: Delayed 2 second(s)

2019-01-03 13:10:51 - [MESSAGE][PASSED] - Delayed 2 second(s)

2019-01-03 13:10:51 - [TEST_STEP][PASSED] - click: Object: 'Object Repository/Final Object Repo/Page_Form 1A - Cessation As Employer/Set Latest - Yes' is clicked on

2019-01-03 13:10:52 - [MESSAGE][PASSED] - Object: 'Object Repository/Final Object Repo/Page_Form 1A - Cessation As Employer/Set Latest - Yes' is clicked on

2019-01-03 13:10:52 - [TEST_STEP][PASSED] - delay: Delayed 2 second(s)

2019-01-03 13:10:54 - [MESSAGE][PASSED] - Delayed 2 second(s)

2019-01-03 13:10:54 - [TEST_STEP][PASSED] - click: Object: 'Object Repository/Final Object Repo/Page_Form 1A - Cessation As Employer/Add Document' is clicked on

2019-01-03 13:10:55 - [MESSAGE][PASSED] - Object: 'Object Repository/Final Object Repo/Page_Form 1A - Cessation As Employer/Add Document' is clicked on

2019-01-03 13:10:55 - [TEST_STEP][PASSED] - delay: Delayed 3 second(s)

2019-01-03 13:10:58 - [MESSAGE][PASSED] - Delayed 3 second(s)

2019-01-03 13:10:58 - [TEST_STEP][PASSED] - click: Object: 'Object Repository/Final Object Repo/Page_Form 1A - Cessation As Employer/Document Type' is clicked on

2019-01-03 13:10:58 - [MESSAGE][PASSED] - Object: 'Object Repository/Final Object Repo/Page_Form 1A - Cessation As Employer/Document Type' is clicked on

2019-01-03 13:10:58 - [TEST_STEP][PASSED] - delay: Delayed 2 second(s)

2019-01-03 13:11:00 - [MESSAGE][PASSED] - Delayed 2 second(s)

2019-01-03 13:11:00 - [TEST_STEP][PASSED] - click: Object: 'Object Repository/Final Object Repo/Page_Form 1A - Cessation As Employer/Document Type - Supporting Document For Cessation' is clicked on

2019-01-03 13:11:00 - [MESSAGE][PASSED] - Object: 'Object Repository/Final Object Repo/Page_Form 1A - Cessation As Employer/Document Type - Supporting Document For Cessation' is clicked on

2019-01-03 13:11:00 - [TEST_STEP][PASSED] - delay: Delayed 2 second(s)

2019-01-03 13:11:02 - [MESSAGE][PASSED] - Delayed 2 second(s)

2019-01-03 13:11:02 - [TEST_STEP][PASSED] - sendKeys: Keys 'C:\Users\Public\Pictures\Sample Pictures\Koala.jpg' sent to object: 'Object Repository/Final Object Repo/Page_Form 1A - Cessation As Employer/Uploading File'

2019-01-03 13:11:02 - [MESSAGE][PASSED] - Keys 'C:\Users\Public\Pictures\Sample Pictures\Koala.jpg' sent to object: 'Object Repository/Final Object Repo/Page_Form 1A - Cessation As Employer/Uploading File'

2019-01-03 13:11:02 - [TEST_STEP][PASSED] - delay: Delayed 2 second(s)

2019-01-03 13:11:04 - [MESSAGE][PASSED] - Delayed 2 second(s)

2019-01-03 13:11:04 - [TEST_STEP][PASSED] - click: Object: 'Object Repository/Final Object Repo/Page_Form 1A - Cessation As Employer/Add Document in Uploading Page' is clicked on

2019-01-03 13:11:05 - [MESSAGE][PASSED] - Object: 'Object Repository/Final Object Repo/Page_Form 1A - Cessation As Employer/Add Document in Uploading Page' is clicked on

2019-01-03 13:11:05 - [TEST_STEP][PASSED] - delay: Delayed 2 second(s)

2019-01-03 13:11:07 - [MESSAGE][PASSED] - Delayed 2 second(s)

2019-01-03 13:11:07 - [TEST_STEP][PASSED] - click: Object: 'Object Repository/Final Object Repo/Page_Form 1A - Cessation As Employer/Save  Continue in Uploading Page' is clicked on

2019-01-03 13:11:09 - [MESSAGE][PASSED] - Object: 'Object Repository/Final Object Repo/Page_Form 1A - Cessation As Employer/Save  Continue in Uploading Page' is clicked on

2019-01-03 13:11:09 - [TEST_STEP][PASSED] - delay: Delayed 2 second(s)

2019-01-03 13:11:11 - [MESSAGE][PASSED] - Delayed 2 second(s)

2019-01-03 13:11:11 - [TEST_STEP][PASSED] - click: Object: 'Object Repository/Final Object Repo/Page_Form 1A - Cessation As Employer/Submit2' is clicked on

2019-01-03 13:11:14 - [MESSAGE][PASSED] - Object: 'Object Repository/Final Object Repo/Page_Form 1A - Cessation As Employer/Submit2' is clicked on

2019-01-03 13:11:14 - [TEST_STEP][PASSED] - delay: Delayed 2 second(s)

2019-01-03 13:11:16 - [MESSAGE][PASSED] - Delayed 2 second(s)

2019-01-03 13:11:16 - [TEST_STEP][PASSED] - click: Object: 'Object Repository/Final Object Repo/Page_Form 1A - Cessation As Employer/Confirm' is clicked on

2019-01-03 13:11:16 - [MESSAGE][PASSED] - Object: 'Object Repository/Final Object Repo/Page_Form 1A - Cessation As Employer/Confirm' is clicked on

2019-01-03 13:11:16 - [TEST_STEP][PASSED] - delay: Delayed 2 second(s)

2019-01-03 13:11:18 - [MESSAGE][PASSED] - Delayed 2 second(s)

2019-01-03 13:11:18 - [TEST_STEP][PASSED] - verifyElementVisible: Object 'Object Repository/Final Object Repo/Page_Form 1A - Cessation As Employer/Message Your Request will be routed to UO' is visible

2019-01-03 13:11:23 - [MESSAGE][PASSED] - Object 'Object Repository/Final Object Repo/Page_Form 1A - Cessation As Employer/Message Your Request will be routed to UO' is visible

2019-01-03 13:11:23 - [TEST_STEP][PASSED] - delay: Delayed 1 second(s)

2019-01-03 13:11:24 - [MESSAGE][PASSED] - Delayed 1 second(s)

2019-01-03 13:11:24 - [TEST_STEP][PASSED] - verifyElementVisible: Object 'Object Repository/Final Object Repo/Page_Form 1A - Cessation As Employer/Letter of acknowledgement' is visible

2019-01-03 13:11:24 - [MESSAGE][PASSED] - Object 'Object Repository/Final Object Repo/Page_Form 1A - Cessation As Employer/Letter of acknowledgement' is visible

2019-01-03 13:11:24 - [MESSAGE][PASSED] - Call Test Case 'Test Cases/Final Aug 2018 - PKS Automation/Registration Module/Workflow/Form 1A - Cessation As Employer/Template/Form 1 A - Cessation As Employer (Employer)' successfully

2019-01-03 13:11:24 - [TEST_STEP][PASSED] - callTestCase: Call Test Case 'Test Cases/Final Aug 2018 - PKS Automation/Registration Module/Workflow/Form 1A - Cessation As Employer/Template/Form 1 A - Cessation As Employer (Reject)' successfully

2019-01-03 13:11:24 - [TEST_CASE][PASSED] - Test Cases/Final Aug 2018 - PKS Automation/Registration Module/Workflow/Form 1A - Cessation As Employer/Template/Form 1 A - Cessation As Employer (Reject): Test Cases/Final Aug 2018 - PKS Automation/Registration Module/Workflow/Form 1A - Cessation As Employer/Template/Form 1 A - Cessation As Employer (Reject)

2019-01-03 13:11:24 - [TEST_STEP][PASSED] - callTestCase: Call Test Case 'Test Cases/Final Aug 2018 - PKS Automation/Registration Module/Workflow/Form 1A - Cessation As Employer/Template/Form 1 A - Cessation As Employer (OTC)' successfully

2019-01-03 13:11:24 - [TEST_CASE][PASSED] - Test Cases/Final Aug 2018 - PKS Automation/Registration Module/Workflow/Form 1A - Cessation As Employer/Template/Form 1 A - Cessation As Employer (OTC): Test Cases/Final Aug 2018 - PKS Automation/Registration Module/Workflow/Form 1A - Cessation As Employer/Template/Form 1 A - Cessation As Employer (OTC)

2019-01-03 13:11:25 - [TEST_STEP][PASSED] - openBrowser: Browser is opened with url: ''

2019-01-03 13:11:25 - [MESSAGE][WARNING] - A browser is already opened. Closing browser and opening a new one

2019-01-03 13:11:27 - [MESSAGE][PASSED] - Browser is opened with url: ''

2019-01-03 13:11:27 - [TEST_STEP][PASSED] - navigateToUrl: Navigate to 'https://assist2-uat.perkeso.gov.my/login' successfully

2019-01-03 13:11:28 - [MESSAGE][PASSED] - Navigate to 'https://assist2-uat.perkeso.gov.my/login' successfully

2019-01-03 13:11:28 - [TEST_STEP][PASSED] - setText: Text 'johorotc1@gmail.com' is set on object 'Object Repository/Final Object Repo/Login Page/Internal User/Email Address'

2019-01-03 13:11:29 - [MESSAGE][PASSED] - Text 'johorotc1@gmail.com' is set on object 'Object Repository/Final Object Repo/Login Page/Internal User/Email Address'

2019-01-03 13:11:29 - [TEST_STEP][PASSED] - click: Object: 'Object Repository/Final Object Repo/Login Page/Internal User/Next Button' is clicked on

2019-01-03 13:11:29 - [MESSAGE][PASSED] - Object: 'Object Repository/Final Object Repo/Login Page/Internal User/Next Button' is clicked on

2019-01-03 13:11:29 - [TEST_STEP][PASSED] - delay: Delayed 1 second(s)

2019-01-03 13:11:30 - [MESSAGE][PASSED] - Delayed 1 second(s)

2019-01-03 13:11:30 - [TEST_STEP][PASSED] - setEncryptedText: Text ****** has been set on object 'Object Repository/Final Object Repo/Login Page/Internal User/Password'

2019-01-03 13:11:30 - [MESSAGE][PASSED] - Text ****** has been set on object 'Object Repository/Final Object Repo/Login Page/Internal User/Password'

2019-01-03 13:11:30 - [TEST_STEP][PASSED] - click: Object: 'Object Repository/Final Object Repo/Login Page/Internal User/Login Button' is clicked on

2019-01-03 13:11:30 - [MESSAGE][PASSED] - Object: 'Object Repository/Final Object Repo/Login Page/Internal User/Login Button' is clicked on

2019-01-03 13:11:30 - [TEST_STEP][PASSED] - delay: Delayed 1 second(s)

2019-01-03 13:11:31 - [MESSAGE][PASSED] - Delayed 1 second(s)

2019-01-03 13:11:31 - [TEST_STEP][PASSED] - Statement - Try: Delayed 2 second(s)

2019-01-03 13:11:31 - [TEST_STEP][PASSED] - Statement - Checker = false: null

2019-01-03 13:11:31 - [TEST_STEP][PASSED] - Statement - Checker = com.kms.katalon.core.webui.keyword.WebUiBuiltInKeywords.verifyElementHasAttribute(com.kms.katalon.core.testobject.ObjectRepository.findTestObject(Final Object Repo/Landing Page/BM Detecting), "href", 20, OPTIONAL): Object 'Object Repository/Final Object Repo/Landing Page/BM Detecting' has attribute 'href'

2019-01-03 13:11:33 - [MESSAGE][PASSED] - Object 'Object Repository/Final Object Repo/Landing Page/BM Detecting' has attribute 'href'

2019-01-03 13:11:33 - [TEST_STEP][PASSED] - Statement - out.println(Checker): null

2019-01-03 13:11:33 - [TEST_STEP][PASSED] - Statement - If (Checker == false): null

2019-01-03 13:11:33 - [TEST_STEP][PASSED] - Statement - Else: null

2019-01-03 13:11:33 - [TEST_STEP][PASSED] - delay: Delayed 2 second(s)

2019-01-03 13:11:35 - [MESSAGE][PASSED] - Delayed 2 second(s)

2019-01-03 13:11:35 - [TEST_STEP][PASSED] - navigateToUrl: Navigate to 'https://assist2-uat.perkeso.gov.my/web/registration/update/form-1a-cessation-as-employer-discontinue-business-' successfully

2019-01-03 13:11:36 - [MESSAGE][PASSED] - Navigate to 'https://assist2-uat.perkeso.gov.my/web/registration/update/form-1a-cessation-as-employer-discontinue-business-' successfully

2019-01-03 13:11:36 - [TEST_STEP][PASSED] - setText: Text 'E1102069770Z' is set on object 'Object Repository/Final Object Repo/Page_Update Employer Information/Employer Code'

2019-01-03 13:11:36 - [MESSAGE][PASSED] - Text 'E1102069770Z' is set on object 'Object Repository/Final Object Repo/Page_Update Employer Information/Employer Code'

2019-01-03 13:11:36 - [TEST_STEP][PASSED] - click: Object: 'Object Repository/Final Object Repo/Page_Update Employer Information/Search Button' is clicked on

2019-01-03 13:11:36 - [MESSAGE][PASSED] - Object: 'Object Repository/Final Object Repo/Page_Update Employer Information/Search Button' is clicked on

2019-01-03 13:11:36 - [TEST_STEP][PASSED] - click: Object: 'Object Repository/Final Object Repo/Page_Update Employer Information/Edit Button' is clicked on

2019-01-03 13:11:39 - [MESSAGE][PASSED] - Object: 'Object Repository/Final Object Repo/Page_Update Employer Information/Edit Button' is clicked on

2019-01-03 13:11:39 - [TEST_STEP][PASSED] - Statement - abc = com.kms.katalon.core.webui.keyword.WebUiBuiltInKeywords.getAttribute(com.kms.katalon.core.testobject.ObjectRepository.findTestObject(Final Object Repo/Page_Form 1A - Cessation As Employer/Employer Status), "value"): Attribute 'value' of object 'Object Repository/Final Object Repo/Page_Form 1A - Cessation As Employer/Employer Status' is: 'Dormant'

2019-01-03 13:11:39 - [MESSAGE][PASSED] - Attribute 'value' of object 'Object Repository/Final Object Repo/Page_Form 1A - Cessation As Employer/Employer Status' is: 'Dormant'

2019-01-03 13:11:39 - [TEST_STEP][PASSED] - Statement - out.println(abc): null

2019-01-03 13:11:39 - [TEST_STEP][PASSED] - Statement - If (abc == "Active"): null

2019-01-03 13:11:39 - [TEST_STEP][PASSED] - Statement - Else If (abc == "Cancel"): null

2019-01-03 13:11:39 - [TEST_STEP][PASSED] - Statement - Else If (abc == "Dormant"): Object: 'Object Repository/Final Object Repo/Page_Form 1A - Cessation As Employer/Change Employer Status to - Dormant' is clicked on

2019-01-03 13:11:39 - [TEST_STEP][PASSED] - click: Object: 'Object Repository/Final Object Repo/Page_Form 1A - Cessation As Employer/Change Employer Status to' is clicked on

2019-01-03 13:11:39 - [MESSAGE][PASSED] - Object: 'Object Repository/Final Object Repo/Page_Form 1A - Cessation As Employer/Change Employer Status to' is clicked on

2019-01-03 13:11:39 - [TEST_STEP][PASSED] - click: Object: 'Object Repository/Final Object Repo/Page_Form 1A - Cessation As Employer/Change Employer Status to - Dormant' is clicked on

2019-01-03 13:11:39 - [MESSAGE][PASSED] - Object: 'Object Repository/Final Object Repo/Page_Form 1A - Cessation As Employer/Change Employer Status to - Dormant' is clicked on

2019-01-03 13:11:39 - [TEST_STEP][PASSED] - click: Object: 'Object Repository/Final Object Repo/Page_Form 1A - Cessation As Employer/Calender' is clicked on

2019-01-03 13:11:39 - [MESSAGE][PASSED] - Object: 'Object Repository/Final Object Repo/Page_Form 1A - Cessation As Employer/Calender' is clicked on

2019-01-03 13:11:39 - [TEST_STEP][PASSED] - click: Object: 'Object Repository/Final Object Repo/Page_Form 1A - Cessation As Employer/Calender - Date' is clicked on

2019-01-03 13:11:40 - [MESSAGE][PASSED] - Object: 'Object Repository/Final Object Repo/Page_Form 1A - Cessation As Employer/Calender - Date' is clicked on

2019-01-03 13:11:40 - [TEST_STEP][PASSED] - delay: Delayed 2 second(s)

2019-01-03 13:11:42 - [MESSAGE][PASSED] - Delayed 2 second(s)

2019-01-03 13:11:42 - [TEST_STEP][PASSED] - click: Object: 'Object Repository/Final Object Repo/Page_Form 1A - Cessation As Employer/Save  Continue in Form 1A Page' is clicked on

2019-01-03 13:11:42 - [MESSAGE][PASSED] - Object: 'Object Repository/Final Object Repo/Page_Form 1A - Cessation As Employer/Save  Continue in Form 1A Page' is clicked on

2019-01-03 13:11:42 - [TEST_STEP][PASSED] - delay: Delayed 2 second(s)

2019-01-03 13:11:44 - [MESSAGE][PASSED] - Delayed 2 second(s)

2019-01-03 13:11:44 - [TEST_STEP][PASSED] - click: Object: 'Object Repository/Final Object Repo/Page_Form 1A - Cessation As Employer/Employment Resign Date' is clicked on

2019-01-03 13:11:44 - [MESSAGE][PASSED] - Object: 'Object Repository/Final Object Repo/Page_Form 1A - Cessation As Employer/Employment Resign Date' is clicked on

2019-01-03 13:11:44 - [TEST_STEP][PASSED] - delay: Delayed 1 second(s)

2019-01-03 13:11:45 - [MESSAGE][PASSED] - Delayed 1 second(s)

2019-01-03 13:11:45 - [TEST_STEP][PASSED] - Statement - CaseReferenceNo = com.kms.katalon.core.webui.keyword.WebUiBuiltInKeywords.getText(com.kms.katalon.core.testobject.ObjectRepository.findTestObject(Final Object Repo/Page_Update Employer Information/Reference Number in Update Employee Information Page)): Text of object 'Object Repository/Final Object Repo/Page_Update Employer Information/Reference Number in Update Employee Information Page' is: 'CUN012019C200001793'

2019-01-03 13:11:45 - [MESSAGE][PASSED] - Text of object 'Object Repository/Final Object Repo/Page_Update Employer Information/Reference Number in Update Employee Information Page' is: 'CUN012019C200001793'

2019-01-03 13:11:45 - [TEST_STEP][PASSED] - callTestCase: Call Test Case 'Test Cases/Final Aug 2018 - PKS Automation/Common/Reference Number Setter' successfully

2019-01-03 13:11:45 - [TEST_CASE][PASSED] - Test Cases/Final Aug 2018 - PKS Automation/Common/Reference Number Setter: Test Cases/Final Aug 2018 - PKS Automation/Common/Reference Number Setter

2019-01-03 13:11:45 - [TEST_STEP][PASSED] - Statement - RefNoOldFile = new java.io.File(C://Users//Admin//Desktop//PKS//Automation Reference Point//KatalonReference.txt): null

2019-01-03 13:11:45 - [TEST_STEP][PASSED] - Statement - RefNoOldFile.delete(): null

2019-01-03 13:11:45 - [TEST_STEP][PASSED] - delay: Delayed 5 second(s)

2019-01-03 13:11:50 - [MESSAGE][PASSED] - Delayed 5 second(s)

2019-01-03 13:11:50 - [TEST_STEP][PASSED] - Statement - RefNo = new java.io.File(C://Users//Admin//Desktop//PKS//Automation Reference Point//KatalonReference.txt): null

2019-01-03 13:11:50 - [TEST_STEP][PASSED] - Statement - f2 = new java.io.FileWriter(RefNo, false): null

2019-01-03 13:11:50 - [TEST_STEP][PASSED] - Statement - f2.write(CaseReferenceNo): null

2019-01-03 13:11:50 - [TEST_STEP][PASSED] - Statement - f2.close(): null

2019-01-03 13:11:50 - [TEST_STEP][PASSED] - Statement - out.println("


" + CaseReferenceNo + "


"): null

2019-01-03 13:11:50 - [MESSAGE][PASSED] - Call Test Case 'Test Cases/Final Aug 2018 - PKS Automation/Common/Reference Number Setter' successfully

2019-01-03 13:11:50 - [TEST_STEP][PASSED] - selectOptionByValue: All options with value '2030' are selected in object 'Object Repository/Final Object Repo/Page_Form 1A - Cessation As Employer/Employment Resign Date - Year' 

2019-01-03 13:11:50 - [MESSAGE][PASSED] - All options with value '2030' are selected in object 'Object Repository/Final Object Repo/Page_Form 1A - Cessation As Employer/Employment Resign Date - Year' 

2019-01-03 13:11:50 - [TEST_STEP][PASSED] - delay: Delayed 1 second(s)

2019-01-03 13:11:51 - [MESSAGE][PASSED] - Delayed 1 second(s)

2019-01-03 13:11:51 - [TEST_STEP][PASSED] - click: Object: 'Object Repository/Final Object Repo/Page_Form 1A - Cessation As Employer/Employment Resign Date - Year - Date' is clicked on

2019-01-03 13:11:52 - [MESSAGE][PASSED] - Object: 'Object Repository/Final Object Repo/Page_Form 1A - Cessation As Employer/Employment Resign Date - Year - Date' is clicked on

2019-01-03 13:11:52 - [TEST_STEP][PASSED] - delay: Delayed 2 second(s)

2019-01-03 13:11:54 - [MESSAGE][PASSED] - Delayed 2 second(s)

2019-01-03 13:11:54 - [TEST_STEP][PASSED] - click: Object: 'Object Repository/Final Object Repo/Page_Form 1A - Cessation As Employer/Save  Continue in Update Add Employee Resigned Date Page' is clicked on

2019-01-03 13:11:54 - [MESSAGE][PASSED] - Object: 'Object Repository/Final Object Repo/Page_Form 1A - Cessation As Employer/Save  Continue in Update Add Employee Resigned Date Page' is clicked on

2019-01-03 13:11:54 - [TEST_STEP][PASSED] - delay: Delayed 2 second(s)

2019-01-03 13:11:56 - [MESSAGE][PASSED] - Delayed 2 second(s)

2019-01-03 13:11:56 - [TEST_STEP][PASSED] - click: Object: 'Object Repository/Final Object Repo/Page_Form 1A - Cessation As Employer/Set Latest - Yes' is clicked on

2019-01-03 13:11:56 - [MESSAGE][PASSED] - Object: 'Object Repository/Final Object Repo/Page_Form 1A - Cessation As Employer/Set Latest - Yes' is clicked on

2019-01-03 13:11:56 - [TEST_STEP][PASSED] - delay: Delayed 2 second(s)

2019-01-03 13:11:58 - [MESSAGE][PASSED] - Delayed 2 second(s)

2019-01-03 13:11:58 - [TEST_STEP][PASSED] - click: Object: 'Object Repository/Final Object Repo/Page_Form 1A - Cessation As Employer/Add Document' is clicked on

2019-01-03 13:11:59 - [MESSAGE][PASSED] - Object: 'Object Repository/Final Object Repo/Page_Form 1A - Cessation As Employer/Add Document' is clicked on

2019-01-03 13:11:59 - [TEST_STEP][PASSED] - delay: Delayed 2 second(s)

2019-01-03 13:12:01 - [MESSAGE][PASSED] - Delayed 2 second(s)

2019-01-03 13:12:01 - [TEST_STEP][PASSED] - click: Object: 'Object Repository/Final Object Repo/Page_Form 1A - Cessation As Employer/Document Type' is clicked on

2019-01-03 13:12:02 - [MESSAGE][PASSED] - Object: 'Object Repository/Final Object Repo/Page_Form 1A - Cessation As Employer/Document Type' is clicked on

2019-01-03 13:12:02 - [TEST_STEP][PASSED] - delay: Delayed 2 second(s)

2019-01-03 13:12:04 - [MESSAGE][PASSED] - Delayed 2 second(s)

2019-01-03 13:12:04 - [TEST_STEP][PASSED] - click: Object: 'Object Repository/Final Object Repo/Page_Form 1A - Cessation As Employer/Document Type - Supporting Document For Cessation' is clicked on

2019-01-03 13:12:05 - [MESSAGE][PASSED] - Object: 'Object Repository/Final Object Repo/Page_Form 1A - Cessation As Employer/Document Type - Supporting Document For Cessation' is clicked on

2019-01-03 13:12:05 - [TEST_STEP][PASSED] - delay: Delayed 2 second(s)

2019-01-03 13:12:07 - [MESSAGE][PASSED] - Delayed 2 second(s)

2019-01-03 13:12:07 - [TEST_STEP][PASSED] - sendKeys: Keys 'C:\Users\Public\Pictures\Sample Pictures\Koala.jpg' sent to object: 'Object Repository/Final Object Repo/Page_Form 1A - Cessation As Employer/Uploading File'

2019-01-03 13:12:07 - [MESSAGE][PASSED] - Keys 'C:\Users\Public\Pictures\Sample Pictures\Koala.jpg' sent to object: 'Object Repository/Final Object Repo/Page_Form 1A - Cessation As Employer/Uploading File'

2019-01-03 13:12:07 - [TEST_STEP][PASSED] - delay: Delayed 2 second(s)

2019-01-03 13:12:09 - [MESSAGE][PASSED] - Delayed 2 second(s)

2019-01-03 13:12:09 - [TEST_STEP][PASSED] - click: Object: 'Object Repository/Final Object Repo/Page_Form 1A - Cessation As Employer/Add Document in Uploading Page' is clicked on

2019-01-03 13:12:09 - [MESSAGE][PASSED] - Object: 'Object Repository/Final Object Repo/Page_Form 1A - Cessation As Employer/Add Document in Uploading Page' is clicked on

2019-01-03 13:12:09 - [TEST_STEP][PASSED] - delay: Delayed 20 second(s)

2019-01-03 13:12:29 - [MESSAGE][PASSED] - Delayed 20 second(s)

2019-01-03 13:12:29 - [TEST_STEP][PASSED] - click: Object: 'Object Repository/Final Object Repo/Page_Form 1A - Cessation As Employer/Save  Continue in Uploading Page' is clicked on

2019-01-03 13:12:29 - [MESSAGE][PASSED] - Object: 'Object Repository/Final Object Repo/Page_Form 1A - Cessation As Employer/Save  Continue in Uploading Page' is clicked on

2019-01-03 13:12:29 - [TEST_STEP][PASSED] - delay: Delayed 2 second(s)

2019-01-03 13:12:31 - [MESSAGE][PASSED] - Delayed 2 second(s)

2019-01-03 13:12:31 - [TEST_STEP][PASSED] - click: Object: 'Object Repository/Final Object Repo/Page_Form 1A - Cessation As Employer/Submit2' is clicked on

2019-01-03 13:12:35 - [MESSAGE][PASSED] - Object: 'Object Repository/Final Object Repo/Page_Form 1A - Cessation As Employer/Submit2' is clicked on

2019-01-03 13:12:35 - [TEST_STEP][PASSED] - delay: Delayed 2 second(s)

2019-01-03 13:12:37 - [MESSAGE][PASSED] - Delayed 2 second(s)

2019-01-03 13:12:37 - [TEST_STEP][PASSED] - click: Object: 'Object Repository/Final Object Repo/Page_Form 1A - Cessation As Employer/Confirm' is clicked on

2019-01-03 13:12:37 - [MESSAGE][PASSED] - Object: 'Object Repository/Final Object Repo/Page_Form 1A - Cessation As Employer/Confirm' is clicked on

2019-01-03 13:12:37 - [TEST_STEP][PASSED] - delay: Delayed 2 second(s)

2019-01-03 13:12:39 - [MESSAGE][PASSED] - Delayed 2 second(s)

2019-01-03 13:12:39 - [TEST_STEP][PASSED] - verifyElementVisible: Object 'Object Repository/Final Object Repo/Page_Form 1A - Cessation As Employer/Message Your Request will be routed to UO' is visible

2019-01-03 13:12:43 - [MESSAGE][PASSED] - Object 'Object Repository/Final Object Repo/Page_Form 1A - Cessation As Employer/Message Your Request will be routed to UO' is visible

2019-01-03 13:12:43 - [TEST_STEP][PASSED] - delay: Delayed 1 second(s)

2019-01-03 13:12:44 - [MESSAGE][PASSED] - Delayed 1 second(s)

2019-01-03 13:12:44 - [TEST_STEP][PASSED] - verifyElementVisible: Object 'Object Repository/Final Object Repo/Page_Form 1A - Cessation As Employer/Letter of acknowledgement' is visible

2019-01-03 13:12:44 - [MESSAGE][PASSED] - Object 'Object Repository/Final Object Repo/Page_Form 1A - Cessation As Employer/Letter of acknowledgement' is visible

2019-01-03 13:12:44 - [MESSAGE][PASSED] - Call Test Case 'Test Cases/Final Aug 2018 - PKS Automation/Registration Module/Workflow/Form 1A - Cessation As Employer/Template/Form 1 A - Cessation As Employer (OTC)' successfully

2019-01-03 13:12:44 - [TEST_STEP][PASSED] - delay: Delayed 1 second(s)

2019-01-03 13:12:45 - [MESSAGE][PASSED] - Delayed 1 second(s)

2019-01-03 13:12:45 - [TEST_STEP][PASSED] - navigateToUrl: Navigate to 'https://assist2-uat.perkeso.gov.my/c/portal/logout' successfully

2019-01-03 13:12:46 - [MESSAGE][PASSED] - Navigate to 'https://assist2-uat.perkeso.gov.my/c/portal/logout' successfully

2019-01-03 13:12:46 - [TEST_STEP][PASSED] - delay: Delayed 1 second(s)

2019-01-03 13:12:47 - [MESSAGE][PASSED] - Delayed 1 second(s)

2019-01-03 13:12:47 - [TEST_STEP][PASSED] - callTestCase: Call Test Case 'Test Cases/Final Aug 2018 - PKS Automation/Common/Reference Number Getter' successfully

2019-01-03 13:12:47 - [TEST_CASE][PASSED] - Test Cases/Final Aug 2018 - PKS Automation/Common/Reference Number Getter: Test Cases/Final Aug 2018 - PKS Automation/Common/Reference Number Getter

2019-01-03 13:12:47 - [TEST_STEP][PASSED] - Statement - Try: null

2019-01-03 13:12:47 - [TEST_STEP][PASSED] - Statement - RefNo = new java.io.File(C://Users//Admin//Desktop//PKS//Automation Reference Point//KatalonReference.txt): null

2019-01-03 13:12:47 - [TEST_STEP][PASSED] - Statement - bufferread = new java.io.BufferedReader(new java.io.FileReader(RefNo)): null

2019-01-03 13:12:47 - [TEST_STEP][PASSED] - Statement - readedVal = bufferread.readLine(): null

2019-01-03 13:12:47 - [TEST_STEP][PASSED] - Statement - out.println(CaseReferenceNo): null

2019-01-03 13:12:47 - [TEST_STEP][PASSED] - Statement - out.println(readedVal): null

2019-01-03 13:12:47 - [TEST_STEP][PASSED] - Statement - CaseReferenceNo = "": null

2019-01-03 13:12:47 - [TEST_STEP][PASSED] - Statement - CaseReferenceNo = readedVal: null

2019-01-03 13:12:47 - [MESSAGE][PASSED] - Call Test Case 'Test Cases/Final Aug 2018 - PKS Automation/Common/Reference Number Getter' successfully

2019-01-03 13:12:47 - [TEST_STEP][PASSED] - callTestCase: Call Test Case 'Test Cases/Final Aug 2018 - PKS Automation/Common/Workflow Owner Finder' successfully

2019-01-03 13:12:47 - [TEST_CASE][PASSED] - Test Cases/Final Aug 2018 - PKS Automation/Common/Workflow Owner Finder: Test Cases/Final Aug 2018 - PKS Automation/Common/Workflow Owner Finder

2019-01-03 13:12:47 - [TEST_STEP][PASSED] - openBrowser: Browser is opened with url: ''

2019-01-03 13:12:47 - [MESSAGE][WARNING] - A browser is already opened. Closing browser and opening a new one

2019-01-03 13:12:50 - [MESSAGE][PASSED] - Browser is opened with url: ''

2019-01-03 13:12:50 - [TEST_STEP][PASSED] - navigateToUrl: Navigate to 'https://assist2-uat.perkeso.gov.my/login' successfully

2019-01-03 13:12:51 - [MESSAGE][PASSED] - Navigate to 'https://assist2-uat.perkeso.gov.my/login' successfully

2019-01-03 13:12:51 - [TEST_STEP][PASSED] - delay: Delayed 5 second(s)

2019-01-03 13:12:56 - [MESSAGE][PASSED] - Delayed 5 second(s)

2019-01-03 13:12:56 - [TEST_STEP][PASSED] - setText: Text 'test@liferay.com' is set on object 'Object Repository/Final Object Repo/Login Page/Internal User/Email Address'

2019-01-03 13:12:56 - [MESSAGE][PASSED] - Text 'test@liferay.com' is set on object 'Object Repository/Final Object Repo/Login Page/Internal User/Email Address'

2019-01-03 13:12:56 - [TEST_STEP][PASSED] - click: Object: 'Object Repository/Final Object Repo/Login Page/Internal User/Next Button' is clicked on

2019-01-03 13:12:56 - [MESSAGE][PASSED] - Object: 'Object Repository/Final Object Repo/Login Page/Internal User/Next Button' is clicked on

2019-01-03 13:12:56 - [TEST_STEP][PASSED] - delay: Delayed 2 second(s)

2019-01-03 13:12:58 - [MESSAGE][PASSED] - Delayed 2 second(s)

2019-01-03 13:12:58 - [TEST_STEP][PASSED] - setText: Text 'test' is set on object 'Object Repository/Final Object Repo/Login Page/Internal User/Password'

2019-01-03 13:12:59 - [MESSAGE][PASSED] - Text 'test' is set on object 'Object Repository/Final Object Repo/Login Page/Internal User/Password'

2019-01-03 13:12:59 - [TEST_STEP][PASSED] - delay: Delayed 2 second(s)

2019-01-03 13:13:01 - [MESSAGE][PASSED] - Delayed 2 second(s)

2019-01-03 13:13:01 - [TEST_STEP][PASSED] - click: Object: 'Object Repository/Final Object Repo/Login Page/Internal User/Login Button' is clicked on

2019-01-03 13:13:01 - [MESSAGE][PASSED] - Object: 'Object Repository/Final Object Repo/Login Page/Internal User/Login Button' is clicked on

2019-01-03 13:13:01 - [TEST_STEP][PASSED] - Statement - tester = com.kms.katalon.core.testobject.ObjectRepository.findTestObject(Final Object Repo/Landing Page/Select to English): Finding Test Object with id 'Object Repository/Final Object Repo/Landing Page/Select to English'

2019-01-03 13:13:01 - [TEST_STEP][PASSED] - Statement - Try: Delayed 2 second(s)

2019-01-03 13:13:01 - [TEST_STEP][PASSED] - Statement - Checker = com.kms.katalon.core.webui.keyword.WebUiBuiltInKeywords.verifyElementNotPresent(tester, 3): Web element with id: 'Object Repository/Final Object Repo/Landing Page/Select to English' located by 'By.xpath: //a[@class = 'taglib-language-list-text' and @lang = 'en-US' and (contains(text(), 'EN') or contains(., 'EN'))]' is not present after '3' second(s)

2019-01-03 13:13:03 - [MESSAGE][PASSED] - Web element with id: 'Object Repository/Final Object Repo/Landing Page/Select to English' located by 'By.xpath: //a[@class = 'taglib-language-list-text' and @lang = 'en-US' and (contains(text(), 'EN') or contains(., 'EN'))]' is not present after '3' second(s)

2019-01-03 13:13:03 - [TEST_STEP][PASSED] - Statement - If (Checker == false): null

2019-01-03 13:13:03 - [TEST_STEP][PASSED] - delay: Delayed 2 second(s)

2019-01-03 13:13:05 - [MESSAGE][PASSED] - Delayed 2 second(s)

2019-01-03 13:13:05 - [TEST_STEP][PASSED] - delay: Delayed 5 second(s)

2019-01-03 13:13:10 - [MESSAGE][PASSED] - Delayed 5 second(s)

2019-01-03 13:13:10 - [TEST_STEP][PASSED] - mouseOver: Object: 'Object Repository/Final Object Repo/Landing Page/WorkFlow Menu' is hovered

2019-01-03 13:13:10 - [MESSAGE][PASSED] - Object: 'Object Repository/Final Object Repo/Landing Page/WorkFlow Menu' is hovered

2019-01-03 13:13:10 - [TEST_STEP][PASSED] - delay: Delayed 2 second(s)

2019-01-03 13:13:12 - [MESSAGE][PASSED] - Delayed 2 second(s)

2019-01-03 13:13:12 - [TEST_STEP][PASSED] - click: Object: 'Object Repository/Final Object Repo/Landing Page/Select to Workflow Listing' is clicked on

2019-01-03 13:13:13 - [MESSAGE][PASSED] - Object: 'Object Repository/Final Object Repo/Landing Page/Select to Workflow Listing' is clicked on

2019-01-03 13:13:13 - [TEST_STEP][PASSED] - delay: Delayed 2 second(s)

2019-01-03 13:13:15 - [MESSAGE][PASSED] - Delayed 2 second(s)

2019-01-03 13:13:15 - [TEST_STEP][PASSED] - click: Object: 'Object Repository/Final Object Repo/WorkFlow Listing Page/Search Information - To Put Ref No' is clicked on

2019-01-03 13:13:15 - [MESSAGE][PASSED] - Object: 'Object Repository/Final Object Repo/WorkFlow Listing Page/Search Information - To Put Ref No' is clicked on

2019-01-03 13:13:15 - [TEST_STEP][PASSED] - delay: Delayed 2 second(s)

2019-01-03 13:13:17 - [MESSAGE][PASSED] - Delayed 2 second(s)

2019-01-03 13:13:17 - [TEST_STEP][PASSED] - callTestCase: Call Test Case 'Test Cases/Final Aug 2018 - PKS Automation/Common/Reference Number Getter' successfully

2019-01-03 13:13:17 - [TEST_CASE][PASSED] - Test Cases/Final Aug 2018 - PKS Automation/Common/Reference Number Getter: Test Cases/Final Aug 2018 - PKS Automation/Common/Reference Number Getter

2019-01-03 13:13:17 - [TEST_STEP][PASSED] - Statement - Try: null

2019-01-03 13:13:17 - [TEST_STEP][PASSED] - Statement - RefNo = new java.io.File(C://Users//Admin//Desktop//PKS//Automation Reference Point//KatalonReference.txt): null

2019-01-03 13:13:17 - [TEST_STEP][PASSED] - Statement - bufferread = new java.io.BufferedReader(new java.io.FileReader(RefNo)): null

2019-01-03 13:13:17 - [TEST_STEP][PASSED] - Statement - readedVal = bufferread.readLine(): null

2019-01-03 13:13:17 - [TEST_STEP][PASSED] - Statement - out.println(CaseReferenceNo): null

2019-01-03 13:13:17 - [TEST_STEP][PASSED] - Statement - out.println(readedVal): null

2019-01-03 13:13:17 - [TEST_STEP][PASSED] - Statement - CaseReferenceNo = "": null

2019-01-03 13:13:17 - [TEST_STEP][PASSED] - Statement - CaseReferenceNo = readedVal: null

2019-01-03 13:13:17 - [MESSAGE][PASSED] - Call Test Case 'Test Cases/Final Aug 2018 - PKS Automation/Common/Reference Number Getter' successfully

2019-01-03 13:13:17 - [TEST_STEP][PASSED] - setText: Text 'CUN012019C200001793' is set on object 'Object Repository/Final Object Repo/WorkFlow Listing Page/Ref No Set Text'

2019-01-03 13:13:17 - [MESSAGE][PASSED] - Text 'CUN012019C200001793' is set on object 'Object Repository/Final Object Repo/WorkFlow Listing Page/Ref No Set Text'

2019-01-03 13:13:17 - [TEST_STEP][PASSED] - delay: Delayed 2 second(s)

2019-01-03 13:13:19 - [MESSAGE][PASSED] - Delayed 2 second(s)

2019-01-03 13:13:19 - [TEST_STEP][PASSED] - click: Object: 'Object Repository/Final Object Repo/WorkFlow Listing Page/Search Ref No Search Button' is clicked on

2019-01-03 13:13:20 - [MESSAGE][PASSED] - Object: 'Object Repository/Final Object Repo/WorkFlow Listing Page/Search Ref No Search Button' is clicked on

2019-01-03 13:13:20 - [TEST_STEP][PASSED] - delay: Delayed 6 second(s)

2019-01-03 13:13:26 - [MESSAGE][PASSED] - Delayed 6 second(s)

2019-01-03 13:13:26 - [TEST_STEP][PASSED] - click: Object: 'Object Repository/Final Object Repo/WorkFlow Listing Page/Click Continue Tooltip' is clicked on

2019-01-03 13:13:27 - [MESSAGE][PASSED] - Object: 'Object Repository/Final Object Repo/WorkFlow Listing Page/Click Continue Tooltip' is clicked on

2019-01-03 13:13:27 - [TEST_STEP][PASSED] - delay: Delayed 5 second(s)

2019-01-03 13:13:32 - [MESSAGE][PASSED] - Delayed 5 second(s)

2019-01-03 13:13:32 - [TEST_STEP][PASSED] - doubleClick: Object: 'Object Repository/Final Object Repo/WorkFlow Listing Page/Workflow Found - Listing 1' is double clicked on

2019-01-03 13:13:32 - [MESSAGE][PASSED] - Object: 'Object Repository/Final Object Repo/WorkFlow Listing Page/Workflow Found - Listing 1' is double clicked on

2019-01-03 13:13:32 - [TEST_STEP][PASSED] - Statement - println(OwnerID): null

2019-01-03 13:13:32 - [TEST_STEP][PASSED] - Statement - OwnerID = com.kms.katalon.core.webui.keyword.WebUiBuiltInKeywords.getText(com.kms.katalon.core.testobject.ObjectRepository.findTestObject(Final Object Repo/WorkFlow Listing Page/Workflow Found - Listing 1), STOP_ON_FAILURE): Text of object 'Object Repository/Final Object Repo/WorkFlow Listing Page/Workflow Found - Listing 1' is: 'JOHORuo3'

2019-01-03 13:13:32 - [MESSAGE][PASSED] - Text of object 'Object Repository/Final Object Repo/WorkFlow Listing Page/Workflow Found - Listing 1' is: 'JOHORuo3'

2019-01-03 13:13:32 - [TEST_STEP][PASSED] - Statement - OwnerID = OwnerID.toLowerCase() + "@gmail.com": null

2019-01-03 13:13:32 - [TEST_STEP][PASSED] - Statement - println(OwnerID): null

2019-01-03 13:13:32 - [TEST_STEP][PASSED] - delay: Delayed 2 second(s)

2019-01-03 13:13:34 - [MESSAGE][PASSED] - Delayed 2 second(s)

2019-01-03 13:13:34 - [MESSAGE][PASSED] - Call Test Case 'Test Cases/Final Aug 2018 - PKS Automation/Common/Workflow Owner Finder' successfully

2019-01-03 13:13:34 - [TEST_STEP][PASSED] - delay: Delayed 1 second(s)

2019-01-03 13:13:35 - [MESSAGE][PASSED] - Delayed 1 second(s)

2019-01-03 13:13:35 - [TEST_STEP][PASSED] - navigateToUrl: Navigate to 'https://assist2-uat.perkeso.gov.my/c/portal/logout' successfully

2019-01-03 13:13:36 - [MESSAGE][PASSED] - Navigate to 'https://assist2-uat.perkeso.gov.my/c/portal/logout' successfully

2019-01-03 13:13:36 - [TEST_STEP][PASSED] - delay: Delayed 1 second(s)

2019-01-03 13:13:37 - [MESSAGE][PASSED] - Delayed 1 second(s)

2019-01-03 13:13:37 - [TEST_STEP][PASSED] - callTestCase: Call Test Case 'Test Cases/Final Aug 2018 - PKS Automation/Registration Module/Workflow/Login and Search Case For Workflow' successfully

2019-01-03 13:13:37 - [TEST_CASE][PASSED] - Test Cases/Final Aug 2018 - PKS Automation/Registration Module/Workflow/Login and Search Case For Workflow: Test Cases/Final Aug 2018 - PKS Automation/Registration Module/Workflow/Login and Search Case For Workflow

2019-01-03 13:13:37 - [TEST_STEP][PASSED] - navigateToUrl: Navigate to 'https://assist2-uat.perkeso.gov.my/login' successfully

2019-01-03 13:13:37 - [MESSAGE][PASSED] - Navigate to 'https://assist2-uat.perkeso.gov.my/login' successfully

2019-01-03 13:13:37 - [TEST_STEP][PASSED] - setText: Text 'johoruo3@gmail.com' is set on object 'Object Repository/Final Object Repo/Login Page/Internal User/Email Address'

2019-01-03 13:13:38 - [MESSAGE][PASSED] - Text 'johoruo3@gmail.com' is set on object 'Object Repository/Final Object Repo/Login Page/Internal User/Email Address'

2019-01-03 13:13:38 - [TEST_STEP][PASSED] - click: Object: 'Object Repository/Final Object Repo/Login Page/Internal User/Next Button' is clicked on

2019-01-03 13:13:38 - [MESSAGE][PASSED] - Object: 'Object Repository/Final Object Repo/Login Page/Internal User/Next Button' is clicked on

2019-01-03 13:13:38 - [TEST_STEP][PASSED] - delay: Delayed 1 second(s)

2019-01-03 13:13:39 - [MESSAGE][PASSED] - Delayed 1 second(s)

2019-01-03 13:13:39 - [TEST_STEP][PASSED] - setEncryptedText: Text ****** has been set on object 'Object Repository/Final Object Repo/Login Page/Internal User/Password'

2019-01-03 13:13:39 - [MESSAGE][PASSED] - Text ****** has been set on object 'Object Repository/Final Object Repo/Login Page/Internal User/Password'

2019-01-03 13:13:39 - [TEST_STEP][PASSED] - click: Object: 'Object Repository/Final Object Repo/Login Page/Internal User/Login Button' is clicked on

2019-01-03 13:13:39 - [MESSAGE][PASSED] - Object: 'Object Repository/Final Object Repo/Login Page/Internal User/Login Button' is clicked on

2019-01-03 13:13:39 - [TEST_STEP][PASSED] - delay: Delayed 2 second(s)

2019-01-03 13:13:41 - [MESSAGE][PASSED] - Delayed 2 second(s)

2019-01-03 13:13:41 - [TEST_STEP][PASSED] - Statement - Try: Delayed 2 second(s)

2019-01-03 13:13:41 - [TEST_STEP][PASSED] - Statement - Checker = false: null

2019-01-03 13:13:41 - [TEST_STEP][PASSED] - Statement - Checker = com.kms.katalon.core.webui.keyword.WebUiBuiltInKeywords.verifyElementHasAttribute(com.kms.katalon.core.testobject.ObjectRepository.findTestObject(Final Object Repo/Landing Page/BM Detecting), "href", 20, OPTIONAL): Object 'Object Repository/Final Object Repo/Landing Page/BM Detecting' has attribute 'href'

2019-01-03 13:13:41 - [MESSAGE][PASSED] - Object 'Object Repository/Final Object Repo/Landing Page/BM Detecting' has attribute 'href'

2019-01-03 13:13:41 - [TEST_STEP][PASSED] - Statement - out.println(Checker): null

2019-01-03 13:13:41 - [TEST_STEP][PASSED] - Statement - If (Checker == false): null

2019-01-03 13:13:41 - [TEST_STEP][PASSED] - Statement - Else: null

2019-01-03 13:13:41 - [TEST_STEP][PASSED] - delay: Delayed 2 second(s)

2019-01-03 13:13:43 - [MESSAGE][PASSED] - Delayed 2 second(s)

2019-01-03 13:13:43 - [TEST_STEP][PASSED] - click: Object: 'Object Repository/Final Object Repo/Page_MyASSIST - ASSIST - Search Pending Case For Add Supporting Document/Search Information' is clicked on

2019-01-03 13:13:43 - [MESSAGE][PASSED] - Object: 'Object Repository/Final Object Repo/Page_MyASSIST - ASSIST - Search Pending Case For Add Supporting Document/Search Information' is clicked on

2019-01-03 13:13:43 - [TEST_STEP][PASSED] - delay: Delayed 3 second(s)

2019-01-03 13:13:46 - [MESSAGE][PASSED] - Delayed 3 second(s)

2019-01-03 13:13:46 - [TEST_STEP][PASSED] - sendKeys: Keys 'CUN012019C200001793' sent to object: 'Object Repository/Final Object Repo/Page_MyASSIST - ASSIST - Search Pending Case For Add Supporting Document/Reference No'

2019-01-03 13:13:47 - [MESSAGE][PASSED] - Keys 'CUN012019C200001793' sent to object: 'Object Repository/Final Object Repo/Page_MyASSIST - ASSIST - Search Pending Case For Add Supporting Document/Reference No'

2019-01-03 13:13:47 - [TEST_STEP][PASSED] - click: Object: 'Object Repository/Final Object Repo/Page_MyASSIST - ASSIST - Search Pending Case For Add Supporting Document/Search Reference No' is clicked on

2019-01-03 13:13:47 - [MESSAGE][PASSED] - Object: 'Object Repository/Final Object Repo/Page_MyASSIST - ASSIST - Search Pending Case For Add Supporting Document/Search Reference No' is clicked on

2019-01-03 13:13:47 - [TEST_STEP][PASSED] - delay: Delayed 2 second(s)

2019-01-03 13:13:49 - [MESSAGE][PASSED] - Delayed 2 second(s)

2019-01-03 13:13:49 - [TEST_STEP][PASSED] - click: Object: 'Object Repository/Final Object Repo/Page_MyASSIST - ASSIST - Search Pending Case For Add Supporting Document/Continue' is clicked on

2019-01-03 13:13:52 - [MESSAGE][PASSED] - Object: 'Object Repository/Final Object Repo/Page_MyASSIST - ASSIST - Search Pending Case For Add Supporting Document/Continue' is clicked on

2019-01-03 13:13:52 - [TEST_STEP][PASSED] - delay: Delayed 20 second(s)

2019-01-03 13:14:12 - [MESSAGE][PASSED] - Delayed 20 second(s)

2019-01-03 13:14:12 - [MESSAGE][PASSED] - Call Test Case 'Test Cases/Final Aug 2018 - PKS Automation/Registration Module/Workflow/Login and Search Case For Workflow' successfully

2019-01-03 13:14:12 - [TEST_STEP][PASSED] - click: Object: 'Object Repository/Final Object Repo/Page_Form 1A - Cessation As Employer/Page_Form 1A - Cessation As Employer (Approve)/Save  Continue in Form 1A Page' is clicked on

2019-01-03 13:14:13 - [MESSAGE][PASSED] - Object: 'Object Repository/Final Object Repo/Page_Form 1A - Cessation As Employer/Page_Form 1A - Cessation As Employer (Approve)/Save  Continue in Form 1A Page' is clicked on

2019-01-03 13:14:13 - [TEST_STEP][PASSED] - delay: Delayed 2 second(s)

2019-01-03 13:14:15 - [MESSAGE][PASSED] - Delayed 2 second(s)

2019-01-03 13:14:15 - [TEST_STEP][PASSED] - click: Object: 'Object Repository/Final Object Repo/Page_Form 1A - Cessation As Employer/Employment Resign Date' is clicked on

2019-01-03 13:14:15 - [MESSAGE][PASSED] - Object: 'Object Repository/Final Object Repo/Page_Form 1A - Cessation As Employer/Employment Resign Date' is clicked on

2019-01-03 13:14:15 - [TEST_STEP][PASSED] - delay: Delayed 1 second(s)

2019-01-03 13:14:16 - [MESSAGE][PASSED] - Delayed 1 second(s)

2019-01-03 13:14:16 - [TEST_STEP][PASSED] - selectOptionByValue: All options with value '2030' are selected in object 'Object Repository/Final Object Repo/Page_Form 1A - Cessation As Employer/Employment Resign Date - Year' 

2019-01-03 13:14:16 - [MESSAGE][PASSED] - All options with value '2030' are selected in object 'Object Repository/Final Object Repo/Page_Form 1A - Cessation As Employer/Employment Resign Date - Year' 

2019-01-03 13:14:16 - [TEST_STEP][PASSED] - delay: Delayed 1 second(s)

2019-01-03 13:14:17 - [MESSAGE][PASSED] - Delayed 1 second(s)

2019-01-03 13:14:17 - [TEST_STEP][PASSED] - click: Object: 'Object Repository/Final Object Repo/Page_Form 1A - Cessation As Employer/Employment Resign Date - Year - Date' is clicked on

2019-01-03 13:14:17 - [MESSAGE][PASSED] - Object: 'Object Repository/Final Object Repo/Page_Form 1A - Cessation As Employer/Employment Resign Date - Year - Date' is clicked on

2019-01-03 13:14:17 - [TEST_STEP][PASSED] - delay: Delayed 2 second(s)

2019-01-03 13:14:19 - [MESSAGE][PASSED] - Delayed 2 second(s)

2019-01-03 13:14:19 - [TEST_STEP][PASSED] - click: Object: 'Object Repository/Final Object Repo/Page_Form 1A - Cessation As Employer/Page_Form 1A - Cessation As Employer (Approve)/Save  Continue in Update Add Employee Resigned Date Page' is clicked on

2019-01-03 13:14:19 - [MESSAGE][PASSED] - Object: 'Object Repository/Final Object Repo/Page_Form 1A - Cessation As Employer/Page_Form 1A - Cessation As Employer (Approve)/Save  Continue in Update Add Employee Resigned Date Page' is clicked on

2019-01-03 13:14:19 - [TEST_STEP][PASSED] - delay: Delayed 2 second(s)

2019-01-03 13:14:21 - [MESSAGE][PASSED] - Delayed 2 second(s)

2019-01-03 13:14:21 - [TEST_STEP][PASSED] - click: Object: 'Object Repository/Final Object Repo/Page_Form 1A - Cessation As Employer/Set Latest - Yes' is clicked on

2019-01-03 13:14:22 - [MESSAGE][PASSED] - Object: 'Object Repository/Final Object Repo/Page_Form 1A - Cessation As Employer/Set Latest - Yes' is clicked on

2019-01-03 13:14:22 - [TEST_STEP][PASSED] - delay: Delayed 2 second(s)

2019-01-03 13:14:24 - [MESSAGE][PASSED] - Delayed 2 second(s)

2019-01-03 13:14:24 - [TEST_STEP][PASSED] - click: Object: 'Object Repository/Final Object Repo/Page_Form 1A - Cessation As Employer/Page_Form 1A - Cessation As Employer (Approve)/Save  Contine in Uploading Document Page' is clicked on

2019-01-03 13:14:25 - [MESSAGE][PASSED] - Object: 'Object Repository/Final Object Repo/Page_Form 1A - Cessation As Employer/Page_Form 1A - Cessation As Employer (Approve)/Save  Contine in Uploading Document Page' is clicked on

2019-01-03 13:14:25 - [TEST_STEP][PASSED] - delay: Delayed 2 second(s)

2019-01-03 13:14:27 - [MESSAGE][PASSED] - Delayed 2 second(s)

2019-01-03 13:14:27 - [TEST_STEP][PASSED] - click: Object: 'Object Repository/Final Object Repo/Page_Form 1A - Cessation As Employer/Page_Form 1A - Cessation As Employer (Reject)/Reject' is clicked on

2019-01-03 13:14:30 - [MESSAGE][PASSED] - Object: 'Object Repository/Final Object Repo/Page_Form 1A - Cessation As Employer/Page_Form 1A - Cessation As Employer (Reject)/Reject' is clicked on

2019-01-03 13:14:30 - [TEST_STEP][PASSED] - delay: Delayed 2 second(s)

2019-01-03 13:14:32 - [MESSAGE][PASSED] - Delayed 2 second(s)

2019-01-03 13:14:32 - [TEST_STEP][PASSED] - click: Object: 'Object Repository/Final Object Repo/Page_Form 1A - Cessation As Employer/Page_Form 1A - Cessation As Employer (Reject)/Confirm' is clicked on

2019-01-03 13:14:32 - [MESSAGE][PASSED] - Object: 'Object Repository/Final Object Repo/Page_Form 1A - Cessation As Employer/Page_Form 1A - Cessation As Employer (Reject)/Confirm' is clicked on

2019-01-03 13:14:32 - [TEST_STEP][PASSED] - delay: Delayed 2 second(s)

2019-01-03 13:14:34 - [MESSAGE][PASSED] - Delayed 2 second(s)

2019-01-03 13:14:34 - [TEST_STEP][PASSED] - verifyElementVisible: Object 'Object Repository/Final Object Repo/Page_Form 1A - Cessation As Employer/Page_Form 1A - Cessation As Employer (Reject)/Message This Case has been Rejected' is visible

2019-01-03 13:14:38 - [MESSAGE][PASSED] - Object 'Object Repository/Final Object Repo/Page_Form 1A - Cessation As Employer/Page_Form 1A - Cessation As Employer (Reject)/Message This Case has been Rejected' is visible

2019-01-03 13:14:38 - [TEST_STEP][PASSED] - delay: Delayed 1 second(s)

2019-01-03 13:14:39 - [MESSAGE][PASSED] - Delayed 1 second(s)

2019-01-03 13:14:39 - [TEST_STEP][PASSED] - verifyElementVisible: Object 'Object Repository/Final Object Repo/Page_Form 1A - Cessation As Employer/Page_Form 1A - Cessation As Employer (Reject)/Letter of update rejection' is visible

2019-01-03 13:14:39 - [MESSAGE][PASSED] - Object 'Object Repository/Final Object Repo/Page_Form 1A - Cessation As Employer/Page_Form 1A - Cessation As Employer (Reject)/Letter of update rejection' is visible

2019-01-03 13:14:39 - [MESSAGE][PASSED] - Call Test Case 'Test Cases/Final Aug 2018 - PKS Automation/Registration Module/Workflow/Form 1A - Cessation As Employer/Template/Form 1 A - Cessation As Employer (Reject)' successfully]]></system-out>
         <system-err><![CDATA[]]></system-err>
      </testcase>
      <testcase name="Test Cases/Final Aug 2018 - PKS Automation/Registration Module/Workflow/Form 1A - Cessation As Employer/Employer to UO (Under enforcement)" classname="Test Cases/Final Aug 2018 - PKS Automation/Registration Module/Workflow/Form 1A - Cessation As Employer/Employer to UO (Under enforcement)" status="PASSED">
         <system-out><![CDATA[2019-01-03 13:14:39 - [TEST_CASE][PASSED] - Test Cases/Final Aug 2018 - PKS Automation/Registration Module/Workflow/Form 1A - Cessation As Employer/Employer to UO (Under enforcement): Test Cases/Final Aug 2018 - PKS Automation/Registration Module/Workflow/Form 1A - Cessation As Employer/Employer to UO (Under enforcement)

2019-01-03 13:14:39 - [TEST_STEP][PASSED] - callTestCase: Call Test Case 'Test Cases/Final Aug 2018 - PKS Automation/Registration Module/Workflow/Form 1A - Cessation As Employer/Template/Form 1 A - Cessation As Employer (OTC)' successfully

2019-01-03 13:14:39 - [TEST_CASE][PASSED] - Test Cases/Final Aug 2018 - PKS Automation/Registration Module/Workflow/Form 1A - Cessation As Employer/Template/Form 1 A - Cessation As Employer (OTC): Test Cases/Final Aug 2018 - PKS Automation/Registration Module/Workflow/Form 1A - Cessation As Employer/Template/Form 1 A - Cessation As Employer (OTC)

2019-01-03 13:14:39 - [TEST_STEP][PASSED] - openBrowser: Browser is opened with url: ''

2019-01-03 13:14:39 - [MESSAGE][WARNING] - A browser is already opened. Closing browser and opening a new one

2019-01-03 13:14:42 - [MESSAGE][PASSED] - Browser is opened with url: ''

2019-01-03 13:14:42 - [TEST_STEP][PASSED] - navigateToUrl: Navigate to 'https://assist2-uat.perkeso.gov.my/login' successfully

2019-01-03 13:14:43 - [MESSAGE][PASSED] - Navigate to 'https://assist2-uat.perkeso.gov.my/login' successfully

2019-01-03 13:14:43 - [TEST_STEP][PASSED] - setText: Text 'johorotc1@gmail.com' is set on object 'Object Repository/Final Object Repo/Login Page/Internal User/Email Address'

2019-01-03 13:14:43 - [MESSAGE][PASSED] - Text 'johorotc1@gmail.com' is set on object 'Object Repository/Final Object Repo/Login Page/Internal User/Email Address'

2019-01-03 13:14:43 - [TEST_STEP][PASSED] - click: Object: 'Object Repository/Final Object Repo/Login Page/Internal User/Next Button' is clicked on

2019-01-03 13:14:44 - [MESSAGE][PASSED] - Object: 'Object Repository/Final Object Repo/Login Page/Internal User/Next Button' is clicked on

2019-01-03 13:14:44 - [TEST_STEP][PASSED] - delay: Delayed 1 second(s)

2019-01-03 13:14:45 - [MESSAGE][PASSED] - Delayed 1 second(s)

2019-01-03 13:14:45 - [TEST_STEP][PASSED] - setEncryptedText: Text ****** has been set on object 'Object Repository/Final Object Repo/Login Page/Internal User/Password'

2019-01-03 13:14:45 - [MESSAGE][PASSED] - Text ****** has been set on object 'Object Repository/Final Object Repo/Login Page/Internal User/Password'

2019-01-03 13:14:45 - [TEST_STEP][PASSED] - click: Object: 'Object Repository/Final Object Repo/Login Page/Internal User/Login Button' is clicked on

2019-01-03 13:14:45 - [MESSAGE][PASSED] - Object: 'Object Repository/Final Object Repo/Login Page/Internal User/Login Button' is clicked on

2019-01-03 13:14:45 - [TEST_STEP][PASSED] - delay: Delayed 1 second(s)

2019-01-03 13:14:46 - [MESSAGE][PASSED] - Delayed 1 second(s)

2019-01-03 13:14:46 - [TEST_STEP][PASSED] - Statement - Try: Delayed 2 second(s)

2019-01-03 13:14:46 - [TEST_STEP][PASSED] - Statement - Checker = false: null

2019-01-03 13:14:46 - [TEST_STEP][PASSED] - Statement - Checker = com.kms.katalon.core.webui.keyword.WebUiBuiltInKeywords.verifyElementHasAttribute(com.kms.katalon.core.testobject.ObjectRepository.findTestObject(Final Object Repo/Landing Page/BM Detecting), "href", 20, OPTIONAL): Object 'Object Repository/Final Object Repo/Landing Page/BM Detecting' has attribute 'href'

2019-01-03 13:14:47 - [MESSAGE][PASSED] - Object 'Object Repository/Final Object Repo/Landing Page/BM Detecting' has attribute 'href'

2019-01-03 13:14:47 - [TEST_STEP][PASSED] - Statement - out.println(Checker): null

2019-01-03 13:14:47 - [TEST_STEP][PASSED] - Statement - If (Checker == false): null

2019-01-03 13:14:47 - [TEST_STEP][PASSED] - Statement - Else: null

2019-01-03 13:14:47 - [TEST_STEP][PASSED] - delay: Delayed 2 second(s)

2019-01-03 13:14:49 - [MESSAGE][PASSED] - Delayed 2 second(s)

2019-01-03 13:14:49 - [TEST_STEP][PASSED] - navigateToUrl: Navigate to 'https://assist2-uat.perkeso.gov.my/web/registration/update/form-1a-cessation-as-employer-discontinue-business-' successfully

2019-01-03 13:14:50 - [MESSAGE][PASSED] - Navigate to 'https://assist2-uat.perkeso.gov.my/web/registration/update/form-1a-cessation-as-employer-discontinue-business-' successfully

2019-01-03 13:14:50 - [TEST_STEP][PASSED] - setText: Text 'E1102069770Z' is set on object 'Object Repository/Final Object Repo/Page_Update Employer Information/Employer Code'

2019-01-03 13:14:50 - [MESSAGE][PASSED] - Text 'E1102069770Z' is set on object 'Object Repository/Final Object Repo/Page_Update Employer Information/Employer Code'

2019-01-03 13:14:50 - [TEST_STEP][PASSED] - click: Object: 'Object Repository/Final Object Repo/Page_Update Employer Information/Search Button' is clicked on

2019-01-03 13:14:50 - [MESSAGE][PASSED] - Object: 'Object Repository/Final Object Repo/Page_Update Employer Information/Search Button' is clicked on

2019-01-03 13:14:50 - [TEST_STEP][PASSED] - click: Object: 'Object Repository/Final Object Repo/Page_Update Employer Information/Edit Button' is clicked on

2019-01-03 13:14:53 - [MESSAGE][PASSED] - Object: 'Object Repository/Final Object Repo/Page_Update Employer Information/Edit Button' is clicked on

2019-01-03 13:14:53 - [TEST_STEP][PASSED] - Statement - abc = com.kms.katalon.core.webui.keyword.WebUiBuiltInKeywords.getAttribute(com.kms.katalon.core.testobject.ObjectRepository.findTestObject(Final Object Repo/Page_Form 1A - Cessation As Employer/Employer Status), "value"): Attribute 'value' of object 'Object Repository/Final Object Repo/Page_Form 1A - Cessation As Employer/Employer Status' is: 'Dormant'

2019-01-03 13:14:53 - [MESSAGE][PASSED] - Attribute 'value' of object 'Object Repository/Final Object Repo/Page_Form 1A - Cessation As Employer/Employer Status' is: 'Dormant'

2019-01-03 13:14:53 - [TEST_STEP][PASSED] - Statement - out.println(abc): null

2019-01-03 13:14:53 - [TEST_STEP][PASSED] - Statement - If (abc == "Active"): null

2019-01-03 13:14:53 - [TEST_STEP][PASSED] - Statement - Else If (abc == "Cancel"): null

2019-01-03 13:14:53 - [TEST_STEP][PASSED] - Statement - Else If (abc == "Dormant"): Object: 'Object Repository/Final Object Repo/Page_Form 1A - Cessation As Employer/Change Employer Status to - Dormant' is clicked on

2019-01-03 13:14:53 - [TEST_STEP][PASSED] - click: Object: 'Object Repository/Final Object Repo/Page_Form 1A - Cessation As Employer/Change Employer Status to' is clicked on

2019-01-03 13:14:53 - [MESSAGE][PASSED] - Object: 'Object Repository/Final Object Repo/Page_Form 1A - Cessation As Employer/Change Employer Status to' is clicked on

2019-01-03 13:14:53 - [TEST_STEP][PASSED] - click: Object: 'Object Repository/Final Object Repo/Page_Form 1A - Cessation As Employer/Change Employer Status to - Dormant' is clicked on

2019-01-03 13:14:53 - [MESSAGE][PASSED] - Object: 'Object Repository/Final Object Repo/Page_Form 1A - Cessation As Employer/Change Employer Status to - Dormant' is clicked on

2019-01-03 13:14:53 - [TEST_STEP][PASSED] - click: Object: 'Object Repository/Final Object Repo/Page_Form 1A - Cessation As Employer/Calender' is clicked on

2019-01-03 13:14:54 - [MESSAGE][PASSED] - Object: 'Object Repository/Final Object Repo/Page_Form 1A - Cessation As Employer/Calender' is clicked on

2019-01-03 13:14:54 - [TEST_STEP][PASSED] - click: Object: 'Object Repository/Final Object Repo/Page_Form 1A - Cessation As Employer/Calender - Date' is clicked on

2019-01-03 13:14:54 - [MESSAGE][PASSED] - Object: 'Object Repository/Final Object Repo/Page_Form 1A - Cessation As Employer/Calender - Date' is clicked on

2019-01-03 13:14:54 - [TEST_STEP][PASSED] - delay: Delayed 2 second(s)

2019-01-03 13:14:56 - [MESSAGE][PASSED] - Delayed 2 second(s)

2019-01-03 13:14:56 - [TEST_STEP][PASSED] - click: Object: 'Object Repository/Final Object Repo/Page_Form 1A - Cessation As Employer/Save  Continue in Form 1A Page' is clicked on

2019-01-03 13:14:56 - [MESSAGE][PASSED] - Object: 'Object Repository/Final Object Repo/Page_Form 1A - Cessation As Employer/Save  Continue in Form 1A Page' is clicked on

2019-01-03 13:14:56 - [TEST_STEP][PASSED] - delay: Delayed 2 second(s)

2019-01-03 13:14:58 - [MESSAGE][PASSED] - Delayed 2 second(s)

2019-01-03 13:14:58 - [TEST_STEP][PASSED] - click: Object: 'Object Repository/Final Object Repo/Page_Form 1A - Cessation As Employer/Employment Resign Date' is clicked on

2019-01-03 13:14:58 - [MESSAGE][PASSED] - Object: 'Object Repository/Final Object Repo/Page_Form 1A - Cessation As Employer/Employment Resign Date' is clicked on

2019-01-03 13:14:58 - [TEST_STEP][PASSED] - delay: Delayed 1 second(s)

2019-01-03 13:14:59 - [MESSAGE][PASSED] - Delayed 1 second(s)

2019-01-03 13:14:59 - [TEST_STEP][PASSED] - Statement - CaseReferenceNo = com.kms.katalon.core.webui.keyword.WebUiBuiltInKeywords.getText(com.kms.katalon.core.testobject.ObjectRepository.findTestObject(Final Object Repo/Page_Update Employer Information/Reference Number in Update Employee Information Page)): Text of object 'Object Repository/Final Object Repo/Page_Update Employer Information/Reference Number in Update Employee Information Page' is: 'CUN012019C200001794'

2019-01-03 13:14:59 - [MESSAGE][PASSED] - Text of object 'Object Repository/Final Object Repo/Page_Update Employer Information/Reference Number in Update Employee Information Page' is: 'CUN012019C200001794'

2019-01-03 13:14:59 - [TEST_STEP][PASSED] - callTestCase: Call Test Case 'Test Cases/Final Aug 2018 - PKS Automation/Common/Reference Number Setter' successfully

2019-01-03 13:14:59 - [TEST_CASE][PASSED] - Test Cases/Final Aug 2018 - PKS Automation/Common/Reference Number Setter: Test Cases/Final Aug 2018 - PKS Automation/Common/Reference Number Setter

2019-01-03 13:14:59 - [TEST_STEP][PASSED] - Statement - RefNoOldFile = new java.io.File(C://Users//Admin//Desktop//PKS//Automation Reference Point//KatalonReference.txt): null

2019-01-03 13:14:59 - [TEST_STEP][PASSED] - Statement - RefNoOldFile.delete(): null

2019-01-03 13:14:59 - [TEST_STEP][PASSED] - delay: Delayed 5 second(s)

2019-01-03 13:15:04 - [MESSAGE][PASSED] - Delayed 5 second(s)

2019-01-03 13:15:04 - [TEST_STEP][PASSED] - Statement - RefNo = new java.io.File(C://Users//Admin//Desktop//PKS//Automation Reference Point//KatalonReference.txt): null

2019-01-03 13:15:04 - [TEST_STEP][PASSED] - Statement - f2 = new java.io.FileWriter(RefNo, false): null

2019-01-03 13:15:04 - [TEST_STEP][PASSED] - Statement - f2.write(CaseReferenceNo): null

2019-01-03 13:15:04 - [TEST_STEP][PASSED] - Statement - f2.close(): null

2019-01-03 13:15:04 - [TEST_STEP][PASSED] - Statement - out.println("


" + CaseReferenceNo + "


"): null

2019-01-03 13:15:04 - [MESSAGE][PASSED] - Call Test Case 'Test Cases/Final Aug 2018 - PKS Automation/Common/Reference Number Setter' successfully

2019-01-03 13:15:04 - [TEST_STEP][PASSED] - selectOptionByValue: All options with value '2030' are selected in object 'Object Repository/Final Object Repo/Page_Form 1A - Cessation As Employer/Employment Resign Date - Year' 

2019-01-03 13:15:05 - [MESSAGE][PASSED] - All options with value '2030' are selected in object 'Object Repository/Final Object Repo/Page_Form 1A - Cessation As Employer/Employment Resign Date - Year' 

2019-01-03 13:15:05 - [TEST_STEP][PASSED] - delay: Delayed 1 second(s)

2019-01-03 13:15:06 - [MESSAGE][PASSED] - Delayed 1 second(s)

2019-01-03 13:15:06 - [TEST_STEP][PASSED] - click: Object: 'Object Repository/Final Object Repo/Page_Form 1A - Cessation As Employer/Employment Resign Date - Year - Date' is clicked on

2019-01-03 13:15:06 - [MESSAGE][PASSED] - Object: 'Object Repository/Final Object Repo/Page_Form 1A - Cessation As Employer/Employment Resign Date - Year - Date' is clicked on

2019-01-03 13:15:06 - [TEST_STEP][PASSED] - delay: Delayed 2 second(s)

2019-01-03 13:15:08 - [MESSAGE][PASSED] - Delayed 2 second(s)

2019-01-03 13:15:08 - [TEST_STEP][PASSED] - click: Object: 'Object Repository/Final Object Repo/Page_Form 1A - Cessation As Employer/Save  Continue in Update Add Employee Resigned Date Page' is clicked on

2019-01-03 13:15:08 - [MESSAGE][PASSED] - Object: 'Object Repository/Final Object Repo/Page_Form 1A - Cessation As Employer/Save  Continue in Update Add Employee Resigned Date Page' is clicked on

2019-01-03 13:15:08 - [TEST_STEP][PASSED] - delay: Delayed 2 second(s)

2019-01-03 13:15:10 - [MESSAGE][PASSED] - Delayed 2 second(s)

2019-01-03 13:15:10 - [TEST_STEP][PASSED] - click: Object: 'Object Repository/Final Object Repo/Page_Form 1A - Cessation As Employer/Set Latest - Yes' is clicked on

2019-01-03 13:15:10 - [MESSAGE][PASSED] - Object: 'Object Repository/Final Object Repo/Page_Form 1A - Cessation As Employer/Set Latest - Yes' is clicked on

2019-01-03 13:15:10 - [TEST_STEP][PASSED] - delay: Delayed 2 second(s)

2019-01-03 13:15:12 - [MESSAGE][PASSED] - Delayed 2 second(s)

2019-01-03 13:15:12 - [TEST_STEP][PASSED] - click: Object: 'Object Repository/Final Object Repo/Page_Form 1A - Cessation As Employer/Add Document' is clicked on

2019-01-03 13:15:13 - [MESSAGE][PASSED] - Object: 'Object Repository/Final Object Repo/Page_Form 1A - Cessation As Employer/Add Document' is clicked on

2019-01-03 13:15:13 - [TEST_STEP][PASSED] - delay: Delayed 2 second(s)

2019-01-03 13:15:15 - [MESSAGE][PASSED] - Delayed 2 second(s)

2019-01-03 13:15:15 - [TEST_STEP][PASSED] - click: Object: 'Object Repository/Final Object Repo/Page_Form 1A - Cessation As Employer/Document Type' is clicked on

2019-01-03 13:15:17 - [MESSAGE][PASSED] - Object: 'Object Repository/Final Object Repo/Page_Form 1A - Cessation As Employer/Document Type' is clicked on

2019-01-03 13:15:17 - [TEST_STEP][PASSED] - delay: Delayed 2 second(s)

2019-01-03 13:15:19 - [MESSAGE][PASSED] - Delayed 2 second(s)

2019-01-03 13:15:19 - [TEST_STEP][PASSED] - click: Object: 'Object Repository/Final Object Repo/Page_Form 1A - Cessation As Employer/Document Type - Supporting Document For Cessation' is clicked on

2019-01-03 13:15:19 - [MESSAGE][PASSED] - Object: 'Object Repository/Final Object Repo/Page_Form 1A - Cessation As Employer/Document Type - Supporting Document For Cessation' is clicked on

2019-01-03 13:15:19 - [TEST_STEP][PASSED] - delay: Delayed 2 second(s)

2019-01-03 13:15:21 - [MESSAGE][PASSED] - Delayed 2 second(s)

2019-01-03 13:15:21 - [TEST_STEP][PASSED] - sendKeys: Keys 'C:\Users\Public\Pictures\Sample Pictures\Koala.jpg' sent to object: 'Object Repository/Final Object Repo/Page_Form 1A - Cessation As Employer/Uploading File'

2019-01-03 13:15:21 - [MESSAGE][PASSED] - Keys 'C:\Users\Public\Pictures\Sample Pictures\Koala.jpg' sent to object: 'Object Repository/Final Object Repo/Page_Form 1A - Cessation As Employer/Uploading File'

2019-01-03 13:15:21 - [TEST_STEP][PASSED] - delay: Delayed 2 second(s)

2019-01-03 13:15:23 - [MESSAGE][PASSED] - Delayed 2 second(s)

2019-01-03 13:15:23 - [TEST_STEP][PASSED] - click: Object: 'Object Repository/Final Object Repo/Page_Form 1A - Cessation As Employer/Add Document in Uploading Page' is clicked on

2019-01-03 13:15:23 - [MESSAGE][PASSED] - Object: 'Object Repository/Final Object Repo/Page_Form 1A - Cessation As Employer/Add Document in Uploading Page' is clicked on

2019-01-03 13:15:23 - [TEST_STEP][PASSED] - delay: Delayed 20 second(s)

2019-01-03 13:15:43 - [MESSAGE][PASSED] - Delayed 20 second(s)

2019-01-03 13:15:43 - [TEST_STEP][PASSED] - click: Object: 'Object Repository/Final Object Repo/Page_Form 1A - Cessation As Employer/Save  Continue in Uploading Page' is clicked on

2019-01-03 13:15:43 - [MESSAGE][PASSED] - Object: 'Object Repository/Final Object Repo/Page_Form 1A - Cessation As Employer/Save  Continue in Uploading Page' is clicked on

2019-01-03 13:15:43 - [TEST_STEP][PASSED] - delay: Delayed 2 second(s)

2019-01-03 13:15:45 - [MESSAGE][PASSED] - Delayed 2 second(s)

2019-01-03 13:15:45 - [TEST_STEP][PASSED] - click: Object: 'Object Repository/Final Object Repo/Page_Form 1A - Cessation As Employer/Submit2' is clicked on

2019-01-03 13:15:49 - [MESSAGE][PASSED] - Object: 'Object Repository/Final Object Repo/Page_Form 1A - Cessation As Employer/Submit2' is clicked on

2019-01-03 13:15:49 - [TEST_STEP][PASSED] - delay: Delayed 2 second(s)

2019-01-03 13:15:51 - [MESSAGE][PASSED] - Delayed 2 second(s)

2019-01-03 13:15:51 - [TEST_STEP][PASSED] - click: Object: 'Object Repository/Final Object Repo/Page_Form 1A - Cessation As Employer/Confirm' is clicked on

2019-01-03 13:15:51 - [MESSAGE][PASSED] - Object: 'Object Repository/Final Object Repo/Page_Form 1A - Cessation As Employer/Confirm' is clicked on

2019-01-03 13:15:51 - [TEST_STEP][PASSED] - delay: Delayed 2 second(s)

2019-01-03 13:15:53 - [MESSAGE][PASSED] - Delayed 2 second(s)

2019-01-03 13:15:53 - [TEST_STEP][PASSED] - verifyElementVisible: Object 'Object Repository/Final Object Repo/Page_Form 1A - Cessation As Employer/Message Your Request will be routed to UO' is visible

2019-01-03 13:15:57 - [MESSAGE][PASSED] - Object 'Object Repository/Final Object Repo/Page_Form 1A - Cessation As Employer/Message Your Request will be routed to UO' is visible

2019-01-03 13:15:57 - [TEST_STEP][PASSED] - delay: Delayed 1 second(s)

2019-01-03 13:15:58 - [MESSAGE][PASSED] - Delayed 1 second(s)

2019-01-03 13:15:58 - [TEST_STEP][PASSED] - verifyElementVisible: Object 'Object Repository/Final Object Repo/Page_Form 1A - Cessation As Employer/Letter of acknowledgement' is visible

2019-01-03 13:15:58 - [MESSAGE][PASSED] - Object 'Object Repository/Final Object Repo/Page_Form 1A - Cessation As Employer/Letter of acknowledgement' is visible

2019-01-03 13:15:58 - [MESSAGE][PASSED] - Call Test Case 'Test Cases/Final Aug 2018 - PKS Automation/Registration Module/Workflow/Form 1A - Cessation As Employer/Template/Form 1 A - Cessation As Employer (OTC)' successfully

2019-01-03 13:15:58 - [TEST_STEP][PASSED] - callTestCase: Call Test Case 'Test Cases/Final Aug 2018 - PKS Automation/Registration Module/Workflow/Form 1A - Cessation As Employer/Template/Form 1 A - Cessation As Employer (Under enforcement)' successfully

2019-01-03 13:15:58 - [TEST_CASE][PASSED] - Test Cases/Final Aug 2018 - PKS Automation/Registration Module/Workflow/Form 1A - Cessation As Employer/Template/Form 1 A - Cessation As Employer (Under enforcement): Test Cases/Final Aug 2018 - PKS Automation/Registration Module/Workflow/Form 1A - Cessation As Employer/Template/Form 1 A - Cessation As Employer (Under enforcement)

2019-01-03 13:15:58 - [TEST_STEP][NOT_RUN] - callTestCase: NOT_RUN: callTestCase

2019-01-03 13:15:58 - [MESSAGE][NOT_RUN] - NOT_RUN: callTestCase

2019-01-03 13:15:58 - [TEST_STEP][PASSED] - delay: Delayed 1 second(s)

2019-01-03 13:15:59 - [MESSAGE][PASSED] - Delayed 1 second(s)

2019-01-03 13:15:59 - [TEST_STEP][PASSED] - navigateToUrl: Navigate to 'https://assist2-uat.perkeso.gov.my/c/portal/logout' successfully

2019-01-03 13:16:00 - [MESSAGE][PASSED] - Navigate to 'https://assist2-uat.perkeso.gov.my/c/portal/logout' successfully

2019-01-03 13:16:00 - [TEST_STEP][PASSED] - delay: Delayed 1 second(s)

2019-01-03 13:16:01 - [MESSAGE][PASSED] - Delayed 1 second(s)

2019-01-03 13:16:01 - [TEST_STEP][PASSED] - callTestCase: Call Test Case 'Test Cases/Final Aug 2018 - PKS Automation/Common/Reference Number Getter' successfully

2019-01-03 13:16:01 - [TEST_CASE][PASSED] - Test Cases/Final Aug 2018 - PKS Automation/Common/Reference Number Getter: Test Cases/Final Aug 2018 - PKS Automation/Common/Reference Number Getter

2019-01-03 13:16:01 - [TEST_STEP][PASSED] - Statement - Try: null

2019-01-03 13:16:01 - [TEST_STEP][PASSED] - Statement - RefNo = new java.io.File(C://Users//Admin//Desktop//PKS//Automation Reference Point//KatalonReference.txt): null

2019-01-03 13:16:01 - [TEST_STEP][PASSED] - Statement - bufferread = new java.io.BufferedReader(new java.io.FileReader(RefNo)): null

2019-01-03 13:16:01 - [TEST_STEP][PASSED] - Statement - readedVal = bufferread.readLine(): null

2019-01-03 13:16:01 - [TEST_STEP][PASSED] - Statement - out.println(CaseReferenceNo): null

2019-01-03 13:16:01 - [TEST_STEP][PASSED] - Statement - out.println(readedVal): null

2019-01-03 13:16:01 - [TEST_STEP][PASSED] - Statement - CaseReferenceNo = "": null

2019-01-03 13:16:01 - [TEST_STEP][PASSED] - Statement - CaseReferenceNo = readedVal: null

2019-01-03 13:16:01 - [MESSAGE][PASSED] - Call Test Case 'Test Cases/Final Aug 2018 - PKS Automation/Common/Reference Number Getter' successfully

2019-01-03 13:16:01 - [TEST_STEP][PASSED] - callTestCase: Call Test Case 'Test Cases/Final Aug 2018 - PKS Automation/Common/Workflow Owner Finder' successfully

2019-01-03 13:16:01 - [TEST_CASE][PASSED] - Test Cases/Final Aug 2018 - PKS Automation/Common/Workflow Owner Finder: Test Cases/Final Aug 2018 - PKS Automation/Common/Workflow Owner Finder

2019-01-03 13:16:01 - [TEST_STEP][PASSED] - openBrowser: Browser is opened with url: ''

2019-01-03 13:16:01 - [MESSAGE][WARNING] - A browser is already opened. Closing browser and opening a new one

2019-01-03 13:16:05 - [MESSAGE][PASSED] - Browser is opened with url: ''

2019-01-03 13:16:05 - [TEST_STEP][PASSED] - navigateToUrl: Navigate to 'https://assist2-uat.perkeso.gov.my/login' successfully

2019-01-03 13:16:06 - [MESSAGE][PASSED] - Navigate to 'https://assist2-uat.perkeso.gov.my/login' successfully

2019-01-03 13:16:06 - [TEST_STEP][PASSED] - delay: Delayed 5 second(s)

2019-01-03 13:16:11 - [MESSAGE][PASSED] - Delayed 5 second(s)

2019-01-03 13:16:11 - [TEST_STEP][PASSED] - setText: Text 'test@liferay.com' is set on object 'Object Repository/Final Object Repo/Login Page/Internal User/Email Address'

2019-01-03 13:16:11 - [MESSAGE][PASSED] - Text 'test@liferay.com' is set on object 'Object Repository/Final Object Repo/Login Page/Internal User/Email Address'

2019-01-03 13:16:11 - [TEST_STEP][PASSED] - click: Object: 'Object Repository/Final Object Repo/Login Page/Internal User/Next Button' is clicked on

2019-01-03 13:16:11 - [MESSAGE][PASSED] - Object: 'Object Repository/Final Object Repo/Login Page/Internal User/Next Button' is clicked on

2019-01-03 13:16:11 - [TEST_STEP][PASSED] - delay: Delayed 2 second(s)

2019-01-03 13:16:13 - [MESSAGE][PASSED] - Delayed 2 second(s)

2019-01-03 13:16:13 - [TEST_STEP][PASSED] - setText: Text 'test' is set on object 'Object Repository/Final Object Repo/Login Page/Internal User/Password'

2019-01-03 13:16:13 - [MESSAGE][PASSED] - Text 'test' is set on object 'Object Repository/Final Object Repo/Login Page/Internal User/Password'

2019-01-03 13:16:13 - [TEST_STEP][PASSED] - delay: Delayed 2 second(s)

2019-01-03 13:16:15 - [MESSAGE][PASSED] - Delayed 2 second(s)

2019-01-03 13:16:15 - [TEST_STEP][PASSED] - click: Object: 'Object Repository/Final Object Repo/Login Page/Internal User/Login Button' is clicked on

2019-01-03 13:16:16 - [MESSAGE][PASSED] - Object: 'Object Repository/Final Object Repo/Login Page/Internal User/Login Button' is clicked on

2019-01-03 13:16:16 - [TEST_STEP][PASSED] - Statement - tester = com.kms.katalon.core.testobject.ObjectRepository.findTestObject(Final Object Repo/Landing Page/Select to English): Finding Test Object with id 'Object Repository/Final Object Repo/Landing Page/Select to English'

2019-01-03 13:16:16 - [TEST_STEP][PASSED] - Statement - Try: Delayed 2 second(s)

2019-01-03 13:16:16 - [TEST_STEP][PASSED] - Statement - Checker = com.kms.katalon.core.webui.keyword.WebUiBuiltInKeywords.verifyElementNotPresent(tester, 3): Web element with id: 'Object Repository/Final Object Repo/Landing Page/Select to English' located by 'By.xpath: //a[@class = 'taglib-language-list-text' and @lang = 'en-US' and (contains(text(), 'EN') or contains(., 'EN'))]' is not present after '3' second(s)

2019-01-03 13:16:18 - [MESSAGE][PASSED] - Web element with id: 'Object Repository/Final Object Repo/Landing Page/Select to English' located by 'By.xpath: //a[@class = 'taglib-language-list-text' and @lang = 'en-US' and (contains(text(), 'EN') or contains(., 'EN'))]' is not present after '3' second(s)

2019-01-03 13:16:18 - [TEST_STEP][PASSED] - Statement - If (Checker == false): null

2019-01-03 13:16:18 - [TEST_STEP][PASSED] - delay: Delayed 2 second(s)

2019-01-03 13:16:20 - [MESSAGE][PASSED] - Delayed 2 second(s)

2019-01-03 13:16:20 - [TEST_STEP][PASSED] - delay: Delayed 5 second(s)

2019-01-03 13:16:25 - [MESSAGE][PASSED] - Delayed 5 second(s)

2019-01-03 13:16:25 - [TEST_STEP][PASSED] - mouseOver: Object: 'Object Repository/Final Object Repo/Landing Page/WorkFlow Menu' is hovered

2019-01-03 13:16:25 - [MESSAGE][PASSED] - Object: 'Object Repository/Final Object Repo/Landing Page/WorkFlow Menu' is hovered

2019-01-03 13:16:25 - [TEST_STEP][PASSED] - delay: Delayed 2 second(s)

2019-01-03 13:16:27 - [MESSAGE][PASSED] - Delayed 2 second(s)

2019-01-03 13:16:27 - [TEST_STEP][PASSED] - click: Object: 'Object Repository/Final Object Repo/Landing Page/Select to Workflow Listing' is clicked on

2019-01-03 13:16:28 - [MESSAGE][PASSED] - Object: 'Object Repository/Final Object Repo/Landing Page/Select to Workflow Listing' is clicked on

2019-01-03 13:16:28 - [TEST_STEP][PASSED] - delay: Delayed 2 second(s)

2019-01-03 13:16:30 - [MESSAGE][PASSED] - Delayed 2 second(s)

2019-01-03 13:16:30 - [TEST_STEP][PASSED] - click: Object: 'Object Repository/Final Object Repo/WorkFlow Listing Page/Search Information - To Put Ref No' is clicked on

2019-01-03 13:16:30 - [MESSAGE][PASSED] - Object: 'Object Repository/Final Object Repo/WorkFlow Listing Page/Search Information - To Put Ref No' is clicked on

2019-01-03 13:16:30 - [TEST_STEP][PASSED] - delay: Delayed 2 second(s)

2019-01-03 13:16:32 - [MESSAGE][PASSED] - Delayed 2 second(s)

2019-01-03 13:16:32 - [TEST_STEP][PASSED] - callTestCase: Call Test Case 'Test Cases/Final Aug 2018 - PKS Automation/Common/Reference Number Getter' successfully

2019-01-03 13:16:32 - [TEST_CASE][PASSED] - Test Cases/Final Aug 2018 - PKS Automation/Common/Reference Number Getter: Test Cases/Final Aug 2018 - PKS Automation/Common/Reference Number Getter

2019-01-03 13:16:32 - [TEST_STEP][PASSED] - Statement - Try: null

2019-01-03 13:16:32 - [TEST_STEP][PASSED] - Statement - RefNo = new java.io.File(C://Users//Admin//Desktop//PKS//Automation Reference Point//KatalonReference.txt): null

2019-01-03 13:16:32 - [TEST_STEP][PASSED] - Statement - bufferread = new java.io.BufferedReader(new java.io.FileReader(RefNo)): null

2019-01-03 13:16:32 - [TEST_STEP][PASSED] - Statement - readedVal = bufferread.readLine(): null

2019-01-03 13:16:32 - [TEST_STEP][PASSED] - Statement - out.println(CaseReferenceNo): null

2019-01-03 13:16:32 - [TEST_STEP][PASSED] - Statement - out.println(readedVal): null

2019-01-03 13:16:32 - [TEST_STEP][PASSED] - Statement - CaseReferenceNo = "": null

2019-01-03 13:16:32 - [TEST_STEP][PASSED] - Statement - CaseReferenceNo = readedVal: null

2019-01-03 13:16:32 - [MESSAGE][PASSED] - Call Test Case 'Test Cases/Final Aug 2018 - PKS Automation/Common/Reference Number Getter' successfully

2019-01-03 13:16:32 - [TEST_STEP][PASSED] - setText: Text 'CUN012019C200001794' is set on object 'Object Repository/Final Object Repo/WorkFlow Listing Page/Ref No Set Text'

2019-01-03 13:16:33 - [MESSAGE][PASSED] - Text 'CUN012019C200001794' is set on object 'Object Repository/Final Object Repo/WorkFlow Listing Page/Ref No Set Text'

2019-01-03 13:16:33 - [TEST_STEP][PASSED] - delay: Delayed 2 second(s)

2019-01-03 13:16:35 - [MESSAGE][PASSED] - Delayed 2 second(s)

2019-01-03 13:16:35 - [TEST_STEP][PASSED] - click: Object: 'Object Repository/Final Object Repo/WorkFlow Listing Page/Search Ref No Search Button' is clicked on

2019-01-03 13:16:35 - [MESSAGE][PASSED] - Object: 'Object Repository/Final Object Repo/WorkFlow Listing Page/Search Ref No Search Button' is clicked on

2019-01-03 13:16:35 - [TEST_STEP][PASSED] - delay: Delayed 6 second(s)

2019-01-03 13:16:41 - [MESSAGE][PASSED] - Delayed 6 second(s)

2019-01-03 13:16:41 - [TEST_STEP][PASSED] - click: Object: 'Object Repository/Final Object Repo/WorkFlow Listing Page/Click Continue Tooltip' is clicked on

2019-01-03 13:16:42 - [MESSAGE][PASSED] - Object: 'Object Repository/Final Object Repo/WorkFlow Listing Page/Click Continue Tooltip' is clicked on

2019-01-03 13:16:42 - [TEST_STEP][PASSED] - delay: Delayed 5 second(s)

2019-01-03 13:16:47 - [MESSAGE][PASSED] - Delayed 5 second(s)

2019-01-03 13:16:47 - [TEST_STEP][PASSED] - doubleClick: Object: 'Object Repository/Final Object Repo/WorkFlow Listing Page/Workflow Found - Listing 1' is double clicked on

2019-01-03 13:16:47 - [MESSAGE][PASSED] - Object: 'Object Repository/Final Object Repo/WorkFlow Listing Page/Workflow Found - Listing 1' is double clicked on

2019-01-03 13:16:47 - [TEST_STEP][PASSED] - Statement - println(OwnerID): null

2019-01-03 13:16:47 - [TEST_STEP][PASSED] - Statement - OwnerID = com.kms.katalon.core.webui.keyword.WebUiBuiltInKeywords.getText(com.kms.katalon.core.testobject.ObjectRepository.findTestObject(Final Object Repo/WorkFlow Listing Page/Workflow Found - Listing 1), STOP_ON_FAILURE): Text of object 'Object Repository/Final Object Repo/WorkFlow Listing Page/Workflow Found - Listing 1' is: 'JOHORuo1'

2019-01-03 13:16:47 - [MESSAGE][PASSED] - Text of object 'Object Repository/Final Object Repo/WorkFlow Listing Page/Workflow Found - Listing 1' is: 'JOHORuo1'

2019-01-03 13:16:47 - [TEST_STEP][PASSED] - Statement - OwnerID = OwnerID.toLowerCase() + "@gmail.com": null

2019-01-03 13:16:47 - [TEST_STEP][PASSED] - Statement - println(OwnerID): null

2019-01-03 13:16:47 - [TEST_STEP][PASSED] - delay: Delayed 2 second(s)

2019-01-03 13:16:49 - [MESSAGE][PASSED] - Delayed 2 second(s)

2019-01-03 13:16:49 - [MESSAGE][PASSED] - Call Test Case 'Test Cases/Final Aug 2018 - PKS Automation/Common/Workflow Owner Finder' successfully

2019-01-03 13:16:49 - [TEST_STEP][PASSED] - delay: Delayed 1 second(s)

2019-01-03 13:16:50 - [MESSAGE][PASSED] - Delayed 1 second(s)

2019-01-03 13:16:50 - [TEST_STEP][PASSED] - navigateToUrl: Navigate to 'https://assist2-uat.perkeso.gov.my/c/portal/logout' successfully

2019-01-03 13:16:51 - [MESSAGE][PASSED] - Navigate to 'https://assist2-uat.perkeso.gov.my/c/portal/logout' successfully

2019-01-03 13:16:51 - [TEST_STEP][PASSED] - delay: Delayed 1 second(s)

2019-01-03 13:16:52 - [MESSAGE][PASSED] - Delayed 1 second(s)

2019-01-03 13:16:52 - [TEST_STEP][PASSED] - callTestCase: Call Test Case 'Test Cases/Final Aug 2018 - PKS Automation/Registration Module/Workflow/Login and Search Case For Workflow' successfully

2019-01-03 13:16:52 - [TEST_CASE][PASSED] - Test Cases/Final Aug 2018 - PKS Automation/Registration Module/Workflow/Login and Search Case For Workflow: Test Cases/Final Aug 2018 - PKS Automation/Registration Module/Workflow/Login and Search Case For Workflow

2019-01-03 13:16:52 - [TEST_STEP][PASSED] - navigateToUrl: Navigate to 'https://assist2-uat.perkeso.gov.my/login' successfully

2019-01-03 13:16:52 - [MESSAGE][PASSED] - Navigate to 'https://assist2-uat.perkeso.gov.my/login' successfully

2019-01-03 13:16:52 - [TEST_STEP][PASSED] - setText: Text 'johoruo1@gmail.com' is set on object 'Object Repository/Final Object Repo/Login Page/Internal User/Email Address'

2019-01-03 13:16:53 - [MESSAGE][PASSED] - Text 'johoruo1@gmail.com' is set on object 'Object Repository/Final Object Repo/Login Page/Internal User/Email Address'

2019-01-03 13:16:53 - [TEST_STEP][PASSED] - click: Object: 'Object Repository/Final Object Repo/Login Page/Internal User/Next Button' is clicked on

2019-01-03 13:16:53 - [MESSAGE][PASSED] - Object: 'Object Repository/Final Object Repo/Login Page/Internal User/Next Button' is clicked on

2019-01-03 13:16:53 - [TEST_STEP][PASSED] - delay: Delayed 1 second(s)

2019-01-03 13:16:54 - [MESSAGE][PASSED] - Delayed 1 second(s)

2019-01-03 13:16:54 - [TEST_STEP][PASSED] - setEncryptedText: Text ****** has been set on object 'Object Repository/Final Object Repo/Login Page/Internal User/Password'

2019-01-03 13:16:54 - [MESSAGE][PASSED] - Text ****** has been set on object 'Object Repository/Final Object Repo/Login Page/Internal User/Password'

2019-01-03 13:16:54 - [TEST_STEP][PASSED] - click: Object: 'Object Repository/Final Object Repo/Login Page/Internal User/Login Button' is clicked on

2019-01-03 13:16:54 - [MESSAGE][PASSED] - Object: 'Object Repository/Final Object Repo/Login Page/Internal User/Login Button' is clicked on

2019-01-03 13:16:54 - [TEST_STEP][PASSED] - delay: Delayed 2 second(s)

2019-01-03 13:16:56 - [MESSAGE][PASSED] - Delayed 2 second(s)

2019-01-03 13:16:56 - [TEST_STEP][PASSED] - Statement - Try: Delayed 2 second(s)

2019-01-03 13:16:56 - [TEST_STEP][PASSED] - Statement - Checker = false: null

2019-01-03 13:16:56 - [TEST_STEP][PASSED] - Statement - Checker = com.kms.katalon.core.webui.keyword.WebUiBuiltInKeywords.verifyElementHasAttribute(com.kms.katalon.core.testobject.ObjectRepository.findTestObject(Final Object Repo/Landing Page/BM Detecting), "href", 20, OPTIONAL): Object 'Object Repository/Final Object Repo/Landing Page/BM Detecting' has attribute 'href'

2019-01-03 13:16:56 - [MESSAGE][PASSED] - Object 'Object Repository/Final Object Repo/Landing Page/BM Detecting' has attribute 'href'

2019-01-03 13:16:56 - [TEST_STEP][PASSED] - Statement - out.println(Checker): null

2019-01-03 13:16:56 - [TEST_STEP][PASSED] - Statement - If (Checker == false): null

2019-01-03 13:16:56 - [TEST_STEP][PASSED] - Statement - Else: null

2019-01-03 13:16:56 - [TEST_STEP][PASSED] - delay: Delayed 2 second(s)

2019-01-03 13:16:58 - [MESSAGE][PASSED] - Delayed 2 second(s)

2019-01-03 13:16:58 - [TEST_STEP][PASSED] - click: Object: 'Object Repository/Final Object Repo/Page_MyASSIST - ASSIST - Search Pending Case For Add Supporting Document/Search Information' is clicked on

2019-01-03 13:16:58 - [MESSAGE][PASSED] - Object: 'Object Repository/Final Object Repo/Page_MyASSIST - ASSIST - Search Pending Case For Add Supporting Document/Search Information' is clicked on

2019-01-03 13:16:58 - [TEST_STEP][PASSED] - delay: Delayed 3 second(s)

2019-01-03 13:17:01 - [MESSAGE][PASSED] - Delayed 3 second(s)

2019-01-03 13:17:01 - [TEST_STEP][PASSED] - sendKeys: Keys 'CUN012019C200001794' sent to object: 'Object Repository/Final Object Repo/Page_MyASSIST - ASSIST - Search Pending Case For Add Supporting Document/Reference No'

2019-01-03 13:17:02 - [MESSAGE][PASSED] - Keys 'CUN012019C200001794' sent to object: 'Object Repository/Final Object Repo/Page_MyASSIST - ASSIST - Search Pending Case For Add Supporting Document/Reference No'

2019-01-03 13:17:02 - [TEST_STEP][PASSED] - click: Object: 'Object Repository/Final Object Repo/Page_MyASSIST - ASSIST - Search Pending Case For Add Supporting Document/Search Reference No' is clicked on

2019-01-03 13:17:02 - [MESSAGE][PASSED] - Object: 'Object Repository/Final Object Repo/Page_MyASSIST - ASSIST - Search Pending Case For Add Supporting Document/Search Reference No' is clicked on

2019-01-03 13:17:02 - [TEST_STEP][PASSED] - delay: Delayed 2 second(s)

2019-01-03 13:17:04 - [MESSAGE][PASSED] - Delayed 2 second(s)

2019-01-03 13:17:04 - [TEST_STEP][PASSED] - click: Object: 'Object Repository/Final Object Repo/Page_MyASSIST - ASSIST - Search Pending Case For Add Supporting Document/Continue' is clicked on

2019-01-03 13:17:07 - [MESSAGE][PASSED] - Object: 'Object Repository/Final Object Repo/Page_MyASSIST - ASSIST - Search Pending Case For Add Supporting Document/Continue' is clicked on

2019-01-03 13:17:07 - [TEST_STEP][PASSED] - delay: Delayed 20 second(s)

2019-01-03 13:17:27 - [MESSAGE][PASSED] - Delayed 20 second(s)

2019-01-03 13:17:27 - [MESSAGE][PASSED] - Call Test Case 'Test Cases/Final Aug 2018 - PKS Automation/Registration Module/Workflow/Login and Search Case For Workflow' successfully

2019-01-03 13:17:27 - [TEST_STEP][PASSED] - click: Object: 'Object Repository/Final Object Repo/Page_Form 1A - Cessation As Employer/Page_Form 1A - Cessation As Employer (Approve)/Save  Continue in Form 1A Page' is clicked on

2019-01-03 13:17:27 - [MESSAGE][PASSED] - Object: 'Object Repository/Final Object Repo/Page_Form 1A - Cessation As Employer/Page_Form 1A - Cessation As Employer (Approve)/Save  Continue in Form 1A Page' is clicked on

2019-01-03 13:17:27 - [TEST_STEP][PASSED] - delay: Delayed 2 second(s)

2019-01-03 13:17:29 - [MESSAGE][PASSED] - Delayed 2 second(s)

2019-01-03 13:17:29 - [TEST_STEP][PASSED] - click: Object: 'Object Repository/Final Object Repo/Page_Form 1A - Cessation As Employer/Employment Resign Date' is clicked on

2019-01-03 13:17:30 - [MESSAGE][PASSED] - Object: 'Object Repository/Final Object Repo/Page_Form 1A - Cessation As Employer/Employment Resign Date' is clicked on

2019-01-03 13:17:30 - [TEST_STEP][PASSED] - delay: Delayed 1 second(s)

2019-01-03 13:17:31 - [MESSAGE][PASSED] - Delayed 1 second(s)

2019-01-03 13:17:31 - [TEST_STEP][PASSED] - selectOptionByValue: All options with value '2030' are selected in object 'Object Repository/Final Object Repo/Page_Form 1A - Cessation As Employer/Employment Resign Date - Year' 

2019-01-03 13:17:31 - [MESSAGE][PASSED] - All options with value '2030' are selected in object 'Object Repository/Final Object Repo/Page_Form 1A - Cessation As Employer/Employment Resign Date - Year' 

2019-01-03 13:17:31 - [TEST_STEP][PASSED] - delay: Delayed 1 second(s)

2019-01-03 13:17:32 - [MESSAGE][PASSED] - Delayed 1 second(s)

2019-01-03 13:17:32 - [TEST_STEP][PASSED] - click: Object: 'Object Repository/Final Object Repo/Page_Form 1A - Cessation As Employer/Employment Resign Date - Year - Date' is clicked on

2019-01-03 13:17:32 - [MESSAGE][PASSED] - Object: 'Object Repository/Final Object Repo/Page_Form 1A - Cessation As Employer/Employment Resign Date - Year - Date' is clicked on

2019-01-03 13:17:32 - [TEST_STEP][PASSED] - delay: Delayed 2 second(s)

2019-01-03 13:17:34 - [MESSAGE][PASSED] - Delayed 2 second(s)

2019-01-03 13:17:34 - [TEST_STEP][PASSED] - click: Object: 'Object Repository/Final Object Repo/Page_Form 1A - Cessation As Employer/Page_Form 1A - Cessation As Employer (Approve)/Save  Continue in Update Add Employee Resigned Date Page' is clicked on

2019-01-03 13:17:34 - [MESSAGE][PASSED] - Object: 'Object Repository/Final Object Repo/Page_Form 1A - Cessation As Employer/Page_Form 1A - Cessation As Employer (Approve)/Save  Continue in Update Add Employee Resigned Date Page' is clicked on

2019-01-03 13:17:34 - [TEST_STEP][PASSED] - delay: Delayed 2 second(s)

2019-01-03 13:17:36 - [MESSAGE][PASSED] - Delayed 2 second(s)

2019-01-03 13:17:36 - [TEST_STEP][PASSED] - click: Object: 'Object Repository/Final Object Repo/Page_Form 1A - Cessation As Employer/Set Latest - Yes' is clicked on

2019-01-03 13:17:36 - [MESSAGE][PASSED] - Object: 'Object Repository/Final Object Repo/Page_Form 1A - Cessation As Employer/Set Latest - Yes' is clicked on

2019-01-03 13:17:36 - [TEST_STEP][PASSED] - delay: Delayed 2 second(s)

2019-01-03 13:17:38 - [MESSAGE][PASSED] - Delayed 2 second(s)

2019-01-03 13:17:38 - [TEST_STEP][PASSED] - click: Object: 'Object Repository/Final Object Repo/Page_Form 1A - Cessation As Employer/Page_Form 1A - Cessation As Employer (Approve)/Save  Contine in Uploading Document Page' is clicked on

2019-01-03 13:17:40 - [MESSAGE][PASSED] - Object: 'Object Repository/Final Object Repo/Page_Form 1A - Cessation As Employer/Page_Form 1A - Cessation As Employer (Approve)/Save  Contine in Uploading Document Page' is clicked on

2019-01-03 13:17:40 - [TEST_STEP][PASSED] - delay: Delayed 2 second(s)

2019-01-03 13:17:42 - [MESSAGE][PASSED] - Delayed 2 second(s)

2019-01-03 13:17:42 - [TEST_STEP][PASSED] - click: Object: 'Object Repository/Final Object Repo/Page_Form 1A - Cessation As Employer/Page_Form 1A - Cessation As Employer (Under enforcement)/Under enforcement' is clicked on

2019-01-03 13:17:45 - [MESSAGE][PASSED] - Object: 'Object Repository/Final Object Repo/Page_Form 1A - Cessation As Employer/Page_Form 1A - Cessation As Employer (Under enforcement)/Under enforcement' is clicked on

2019-01-03 13:17:45 - [TEST_STEP][PASSED] - delay: Delayed 2 second(s)

2019-01-03 13:17:47 - [MESSAGE][PASSED] - Delayed 2 second(s)

2019-01-03 13:17:47 - [TEST_STEP][PASSED] - setText: Text 'remark' is set on object 'Object Repository/Final Object Repo/Page_Form 1A - Cessation As Employer/Page_Form 1A - Cessation As Employer (Under enforcement)/Under enforcement - remark'

2019-01-03 13:17:47 - [MESSAGE][PASSED] - Text 'remark' is set on object 'Object Repository/Final Object Repo/Page_Form 1A - Cessation As Employer/Page_Form 1A - Cessation As Employer (Under enforcement)/Under enforcement - remark'

2019-01-03 13:17:47 - [TEST_STEP][PASSED] - delay: Delayed 2 second(s)

2019-01-03 13:17:49 - [MESSAGE][PASSED] - Delayed 2 second(s)

2019-01-03 13:17:49 - [TEST_STEP][PASSED] - click: Object: 'Object Repository/Final Object Repo/Page_Form 1A - Cessation As Employer/Page_Form 1A - Cessation As Employer (Under enforcement)/Save  Continue in Under enforcement Page' is clicked on

2019-01-03 13:17:49 - [MESSAGE][PASSED] - Object: 'Object Repository/Final Object Repo/Page_Form 1A - Cessation As Employer/Page_Form 1A - Cessation As Employer (Under enforcement)/Save  Continue in Under enforcement Page' is clicked on

2019-01-03 13:17:49 - [TEST_STEP][PASSED] - delay: Delayed 2 second(s)

2019-01-03 13:17:51 - [MESSAGE][PASSED] - Delayed 2 second(s)

2019-01-03 13:17:51 - [TEST_STEP][PASSED] - click: Object: 'Object Repository/Final Object Repo/Page_Form 1A - Cessation As Employer/Page_Form 1A - Cessation As Employer (Under enforcement)/Message The case is under enforcement' is clicked on

2019-01-03 13:17:54 - [MESSAGE][PASSED] - Object: 'Object Repository/Final Object Repo/Page_Form 1A - Cessation As Employer/Page_Form 1A - Cessation As Employer (Under enforcement)/Message The case is under enforcement' is clicked on

2019-01-03 13:17:54 - [MESSAGE][PASSED] - Call Test Case 'Test Cases/Final Aug 2018 - PKS Automation/Registration Module/Workflow/Form 1A - Cessation As Employer/Template/Form 1 A - Cessation As Employer (Under enforcement)' successfully]]></system-out>
         <system-err><![CDATA[]]></system-err>
      </testcase>
      <testcase name="Test Cases/Final Aug 2018 - PKS Automation/Registration Module/Workflow/Form 1A - Cessation As Employer/OTC to UO (Approve)" classname="Test Cases/Final Aug 2018 - PKS Automation/Registration Module/Workflow/Form 1A - Cessation As Employer/OTC to UO (Approve)" status="FAILED">
         <failure type="FAILED" message="(Stack trace: com.kms.katalon.core.exception.StepFailedException: Unable to click on object 'Object Repository/Final Object Repo/Page_Form 1A - Cessation As Employer/Add Document' (Root cause: com.kms.katalon.core.webui.exception.WebElementNotFoundException: Web element with id: 'Object Repository/Final Object Repo/Page_Form 1A - Cessation As Employer/Add Document' located by 'By.xpath: //a[@id = '_searchforemployer_WAR_registrationportlet_dialogBtn' and (text() = '
					ADD DOCUMENT
	             ' or . = '
					ADD DOCUMENT
	             ')]' not found)
	at com.kms.katalon.core.keyword.internal.KeywordMain.stepFailed(KeywordMain.groovy:32)
	at com.kms.katalon.core.webui.keyword.internal.WebUIKeywordMain.stepFailed(WebUIKeywordMain.groovy:65)
	at com.kms.katalon.core.webui.keyword.internal.WebUIKeywordMain.runKeyword(WebUIKeywordMain.groovy:27)
	at com.kms.katalon.core.webui.keyword.builtin.ClickKeyword.click(ClickKeyword.groovy:86)
	at com.kms.katalon.core.webui.keyword.builtin.ClickKeyword.execute(ClickKeyword.groovy:67)
	at com.kms.katalon.core.keyword.internal.KeywordExecutor.executeKeywordForPlatform(KeywordExecutor.groovy:53)
	at com.kms.katalon.core.webui.keyword.WebUiBuiltInKeywords.click(WebUiBuiltInKeywords.groovy:616)
	at com.kms.katalon.core.webui.keyword.WebUiBuiltInKeywords$click$2.call(Unknown Source)
	at Script1536137325809.run(Script1536137325809.groovy:144)
	at com.kms.katalon.core.main.ScriptEngine.run(ScriptEngine.java:183)
	at com.kms.katalon.core.main.ScriptEngine.runScriptAsRawText(ScriptEngine.java:108)
	at com.kms.katalon.core.main.TestCaseExecutor.runScript(TestCaseExecutor.java:294)
	at com.kms.katalon.core.main.TestCaseExecutor.doExecute(TestCaseExecutor.java:285)
	at com.kms.katalon.core.main.TestCaseExecutor.processExecutionPhase(TestCaseExecutor.java:264)
	at com.kms.katalon.core.main.TestCaseExecutor.accessMainPhase(TestCaseExecutor.java:256)
	at com.kms.katalon.core.main.TestCaseExecutor.execute(TestCaseExecutor.java:200)
	at com.kms.katalon.core.main.TestCaseMain.runTestCase(TestCaseMain.java:99)
	at com.kms.katalon.core.keyword.builtin.CallTestCaseKeyword$_callTestCase_closure1.doCall(CallTestCaseKeyword.groovy:60)
	at com.kms.katalon.core.keyword.builtin.CallTestCaseKeyword$_callTestCase_closure1.call(CallTestCaseKeyword.groovy)
	at com.kms.katalon.core.keyword.internal.KeywordMain.runKeyword(KeywordMain.groovy:54)
	at com.kms.katalon.core.keyword.builtin.CallTestCaseKeyword.callTestCase(CallTestCaseKeyword.groovy:81)
	at com.kms.katalon.core.keyword.builtin.CallTestCaseKeyword.execute(CallTestCaseKeyword.groovy:45)
	at com.kms.katalon.core.keyword.internal.KeywordExecutor.executeKeywordForPlatform(KeywordExecutor.groovy:53)
	at com.kms.katalon.core.keyword.BuiltinKeywords.callTestCase(BuiltinKeywords.groovy:334)
	at sun.reflect.GeneratedMethodAccessor13.invoke(Unknown Source)
	at sun.reflect.DelegatingMethodAccessorImpl.invoke(DelegatingMethodAccessorImpl.java:43)
	at java.lang.reflect.Method.invoke(Method.java:498)
	at org.codehaus.groovy.reflection.CachedMethod.invoke(CachedMethod.java:93)
	at groovy.lang.MetaMethod.doMethodInvoke(MetaMethod.java:325)
	at groovy.lang.MetaClassImpl.invokeStaticMethod(MetaClassImpl.java:1469)
	at org.codehaus.groovy.runtime.callsite.StaticMetaClassSite.call(StaticMetaClassSite.java:53)
	at org.codehaus.groovy.runtime.callsite.CallSiteArray.defaultCall(CallSiteArray.java:48)
	at org.codehaus.groovy.runtime.callsite.AbstractCallSite.call(AbstractCallSite.java:113)
	at org.codehaus.groovy.runtime.callsite.AbstractCallSite.call(AbstractCallSite.java:141)
	at Script1536137547619.run(Script1536137547619.groovy:22)
	at com.kms.katalon.core.main.ScriptEngine.run(ScriptEngine.java:183)
	at com.kms.katalon.core.main.ScriptEngine.runScriptAsRawText(ScriptEngine.java:108)
	at com.kms.katalon.core.main.TestCaseExecutor.runScript(TestCaseExecutor.java:294)
	at com.kms.katalon.core.main.TestCaseExecutor.doExecute(TestCaseExecutor.java:285)
	at com.kms.katalon.core.main.TestCaseExecutor.processExecutionPhase(TestCaseExecutor.java:264)
	at com.kms.katalon.core.main.TestCaseExecutor.accessMainPhase(TestCaseExecutor.java:256)
	at com.kms.katalon.core.main.TestCaseExecutor.execute(TestCaseExecutor.java:200)
	at com.kms.katalon.core.main.TestSuiteExecutor.accessTestCaseMainPhase(TestSuiteExecutor.java:129)
	at com.kms.katalon.core.main.TestSuiteExecutor.accessTestSuiteMainPhase(TestSuiteExecutor.java:112)
	at com.kms.katalon.core.main.TestSuiteExecutor.execute(TestSuiteExecutor.java:81)
	at com.kms.katalon.core.main.TestCaseMain.startTestSuite(TestCaseMain.java:142)
	at com.kms.katalon.core.main.TestCaseMain$startTestSuite$0.call(Unknown Source)
	at org.codehaus.groovy.runtime.callsite.CallSiteArray.defaultCall(CallSiteArray.java:48)
	at org.codehaus.groovy.runtime.callsite.AbstractCallSite.call(AbstractCallSite.java:113)
	at org.codehaus.groovy.runtime.callsite.AbstractCallSite.call(AbstractCallSite.java:141)
	at TempTestSuite1546482073921.run(TempTestSuite1546482073921.groovy:36)
	at groovy.lang.GroovyShell.runScriptOrMainOrTestOrRunnable(GroovyShell.java:263)
	at groovy.lang.GroovyShell.run(GroovyShell.java:518)
	at groovy.lang.GroovyShell.run(GroovyShell.java:507)
	at groovy.ui.GroovyMain.processOnce(GroovyMain.java:653)
	at groovy.ui.GroovyMain.run(GroovyMain.java:384)
	at groovy.ui.GroovyMain.process(GroovyMain.java:370)
	at groovy.ui.GroovyMain.processArgs(GroovyMain.java:129)
	at groovy.ui.GroovyMain.main(GroovyMain.java:109)
	at sun.reflect.NativeMethodAccessorImpl.invoke0(Native Method)
	at sun.reflect.NativeMethodAccessorImpl.invoke(NativeMethodAccessorImpl.java:62)
	at sun.reflect.DelegatingMethodAccessorImpl.invoke(DelegatingMethodAccessorImpl.java:43)
	at java.lang.reflect.Method.invoke(Method.java:498)
	at org.codehaus.groovy.tools.GroovyStarter.rootLoader(GroovyStarter.java:109)
	at org.codehaus.groovy.tools.GroovyStarter.main(GroovyStarter.java:131)
)"/>
         <system-out><![CDATA[2019-01-03 13:17:54 - [TEST_CASE][FAILED] - Test Cases/Final Aug 2018 - PKS Automation/Registration Module/Workflow/Form 1A - Cessation As Employer/OTC to UO (Approve): Test Cases/Final Aug 2018 - PKS Automation/Registration Module/Workflow/Form 1A - Cessation As Employer/OTC to UO (Approve) FAILED because (of) (Stack trace: com.kms.katalon.core.exception.StepFailedException: Unable to click on object 'Object Repository/Final Object Repo/Page_Form 1A - Cessation As Employer/Add Document' (Root cause: com.kms.katalon.core.webui.exception.WebElementNotFoundException: Web element with id: 'Object Repository/Final Object Repo/Page_Form 1A - Cessation As Employer/Add Document' located by 'By.xpath: //a[@id = '_searchforemployer_WAR_registrationportlet_dialogBtn' and (text() = '
					ADD DOCUMENT
	             ' or . = '
					ADD DOCUMENT
	             ')]' not found)
	at com.kms.katalon.core.keyword.internal.KeywordMain.stepFailed(KeywordMain.groovy:32)
	at com.kms.katalon.core.webui.keyword.internal.WebUIKeywordMain.stepFailed(WebUIKeywordMain.groovy:65)
	at com.kms.katalon.core.webui.keyword.internal.WebUIKeywordMain.runKeyword(WebUIKeywordMain.groovy:27)
	at com.kms.katalon.core.webui.keyword.builtin.ClickKeyword.click(ClickKeyword.groovy:86)
	at com.kms.katalon.core.webui.keyword.builtin.ClickKeyword.execute(ClickKeyword.groovy:67)
	at com.kms.katalon.core.keyword.internal.KeywordExecutor.executeKeywordForPlatform(KeywordExecutor.groovy:53)
	at com.kms.katalon.core.webui.keyword.WebUiBuiltInKeywords.click(WebUiBuiltInKeywords.groovy:616)
	at com.kms.katalon.core.webui.keyword.WebUiBuiltInKeywords$click$2.call(Unknown Source)
	at Script1536137325809.run(Script1536137325809.groovy:144)
	at com.kms.katalon.core.main.ScriptEngine.run(ScriptEngine.java:183)
	at com.kms.katalon.core.main.ScriptEngine.runScriptAsRawText(ScriptEngine.java:108)
	at com.kms.katalon.core.main.TestCaseExecutor.runScript(TestCaseExecutor.java:294)
	at com.kms.katalon.core.main.TestCaseExecutor.doExecute(TestCaseExecutor.java:285)
	at com.kms.katalon.core.main.TestCaseExecutor.processExecutionPhase(TestCaseExecutor.java:264)
	at com.kms.katalon.core.main.TestCaseExecutor.accessMainPhase(TestCaseExecutor.java:256)
	at com.kms.katalon.core.main.TestCaseExecutor.execute(TestCaseExecutor.java:200)
	at com.kms.katalon.core.main.TestCaseMain.runTestCase(TestCaseMain.java:99)
	at com.kms.katalon.core.keyword.builtin.CallTestCaseKeyword$_callTestCase_closure1.doCall(CallTestCaseKeyword.groovy:60)
	at com.kms.katalon.core.keyword.builtin.CallTestCaseKeyword$_callTestCase_closure1.call(CallTestCaseKeyword.groovy)
	at com.kms.katalon.core.keyword.internal.KeywordMain.runKeyword(KeywordMain.groovy:54)
	at com.kms.katalon.core.keyword.builtin.CallTestCaseKeyword.callTestCase(CallTestCaseKeyword.groovy:81)
	at com.kms.katalon.core.keyword.builtin.CallTestCaseKeyword.execute(CallTestCaseKeyword.groovy:45)
	at com.kms.katalon.core.keyword.internal.KeywordExecutor.executeKeywordForPlatform(KeywordExecutor.groovy:53)
	at com.kms.katalon.core.keyword.BuiltinKeywords.callTestCase(BuiltinKeywords.groovy:334)
	at sun.reflect.GeneratedMethodAccessor13.invoke(Unknown Source)
	at sun.reflect.DelegatingMethodAccessorImpl.invoke(DelegatingMethodAccessorImpl.java:43)
	at java.lang.reflect.Method.invoke(Method.java:498)
	at org.codehaus.groovy.reflection.CachedMethod.invoke(CachedMethod.java:93)
	at groovy.lang.MetaMethod.doMethodInvoke(MetaMethod.java:325)
	at groovy.lang.MetaClassImpl.invokeStaticMethod(MetaClassImpl.java:1469)
	at org.codehaus.groovy.runtime.callsite.StaticMetaClassSite.call(StaticMetaClassSite.java:53)
	at org.codehaus.groovy.runtime.callsite.CallSiteArray.defaultCall(CallSiteArray.java:48)
	at org.codehaus.groovy.runtime.callsite.AbstractCallSite.call(AbstractCallSite.java:113)
	at org.codehaus.groovy.runtime.callsite.AbstractCallSite.call(AbstractCallSite.java:141)
	at Script1536137547619.run(Script1536137547619.groovy:22)
	at com.kms.katalon.core.main.ScriptEngine.run(ScriptEngine.java:183)
	at com.kms.katalon.core.main.ScriptEngine.runScriptAsRawText(ScriptEngine.java:108)
	at com.kms.katalon.core.main.TestCaseExecutor.runScript(TestCaseExecutor.java:294)
	at com.kms.katalon.core.main.TestCaseExecutor.doExecute(TestCaseExecutor.java:285)
	at com.kms.katalon.core.main.TestCaseExecutor.processExecutionPhase(TestCaseExecutor.java:264)
	at com.kms.katalon.core.main.TestCaseExecutor.accessMainPhase(TestCaseExecutor.java:256)
	at com.kms.katalon.core.main.TestCaseExecutor.execute(TestCaseExecutor.java:200)
	at com.kms.katalon.core.main.TestSuiteExecutor.accessTestCaseMainPhase(TestSuiteExecutor.java:129)
	at com.kms.katalon.core.main.TestSuiteExecutor.accessTestSuiteMainPhase(TestSuiteExecutor.java:112)
	at com.kms.katalon.core.main.TestSuiteExecutor.execute(TestSuiteExecutor.java:81)
	at com.kms.katalon.core.main.TestCaseMain.startTestSuite(TestCaseMain.java:142)
	at com.kms.katalon.core.main.TestCaseMain$startTestSuite$0.call(Unknown Source)
	at org.codehaus.groovy.runtime.callsite.CallSiteArray.defaultCall(CallSiteArray.java:48)
	at org.codehaus.groovy.runtime.callsite.AbstractCallSite.call(AbstractCallSite.java:113)
	at org.codehaus.groovy.runtime.callsite.AbstractCallSite.call(AbstractCallSite.java:141)
	at TempTestSuite1546482073921.run(TempTestSuite1546482073921.groovy:36)
	at groovy.lang.GroovyShell.runScriptOrMainOrTestOrRunnable(GroovyShell.java:263)
	at groovy.lang.GroovyShell.run(GroovyShell.java:518)
	at groovy.lang.GroovyShell.run(GroovyShell.java:507)
	at groovy.ui.GroovyMain.processOnce(GroovyMain.java:653)
	at groovy.ui.GroovyMain.run(GroovyMain.java:384)
	at groovy.ui.GroovyMain.process(GroovyMain.java:370)
	at groovy.ui.GroovyMain.processArgs(GroovyMain.java:129)
	at groovy.ui.GroovyMain.main(GroovyMain.java:109)
	at sun.reflect.NativeMethodAccessorImpl.invoke0(Native Method)
	at sun.reflect.NativeMethodAccessorImpl.invoke(NativeMethodAccessorImpl.java:62)
	at sun.reflect.DelegatingMethodAccessorImpl.invoke(DelegatingMethodAccessorImpl.java:43)
	at java.lang.reflect.Method.invoke(Method.java:498)
	at org.codehaus.groovy.tools.GroovyStarter.rootLoader(GroovyStarter.java:109)
	at org.codehaus.groovy.tools.GroovyStarter.main(GroovyStarter.java:131)
)

2019-01-03 13:17:54 - [TEST_STEP][FAILED] - callTestCase: Unable to call Test Case with id 'Test Cases/Final Aug 2018 - PKS Automation/Registration Module/Workflow/Form 1A - Cessation As Employer/Template/Form 1 A - Cessation As Employer (OTC)' (Root cause: Call Test Case 'Test Cases/Final Aug 2018 - PKS Automation/Registration Module/Workflow/Form 1A - Cessation As Employer/Template/Form 1 A - Cessation As Employer (OTC)' failed)

2019-01-03 13:17:54 - [TEST_CASE][FAILED] - Test Cases/Final Aug 2018 - PKS Automation/Registration Module/Workflow/Form 1A - Cessation As Employer/Template/Form 1 A - Cessation As Employer (OTC): Test Cases/Final Aug 2018 - PKS Automation/Registration Module/Workflow/Form 1A - Cessation As Employer/Template/Form 1 A - Cessation As Employer (OTC) FAILED because (of) (Stack trace: com.kms.katalon.core.exception.StepFailedException: Unable to click on object 'Object Repository/Final Object Repo/Page_Form 1A - Cessation As Employer/Add Document' (Root cause: com.kms.katalon.core.webui.exception.WebElementNotFoundException: Web element with id: 'Object Repository/Final Object Repo/Page_Form 1A - Cessation As Employer/Add Document' located by 'By.xpath: //a[@id = '_searchforemployer_WAR_registrationportlet_dialogBtn' and (text() = '
					ADD DOCUMENT
	             ' or . = '
					ADD DOCUMENT
	             ')]' not found)
	at com.kms.katalon.core.keyword.internal.KeywordMain.stepFailed(KeywordMain.groovy:32)
	at com.kms.katalon.core.webui.keyword.internal.WebUIKeywordMain.stepFailed(WebUIKeywordMain.groovy:65)
	at com.kms.katalon.core.webui.keyword.internal.WebUIKeywordMain.runKeyword(WebUIKeywordMain.groovy:27)
	at com.kms.katalon.core.webui.keyword.builtin.ClickKeyword.click(ClickKeyword.groovy:86)
	at com.kms.katalon.core.webui.keyword.builtin.ClickKeyword.execute(ClickKeyword.groovy:67)
	at com.kms.katalon.core.keyword.internal.KeywordExecutor.executeKeywordForPlatform(KeywordExecutor.groovy:53)
	at com.kms.katalon.core.webui.keyword.WebUiBuiltInKeywords.click(WebUiBuiltInKeywords.groovy:616)
	at com.kms.katalon.core.webui.keyword.WebUiBuiltInKeywords$click$2.call(Unknown Source)
	at Script1536137325809.run(Script1536137325809.groovy:144)
	at com.kms.katalon.core.main.ScriptEngine.run(ScriptEngine.java:183)
	at com.kms.katalon.core.main.ScriptEngine.runScriptAsRawText(ScriptEngine.java:108)
	at com.kms.katalon.core.main.TestCaseExecutor.runScript(TestCaseExecutor.java:294)
	at com.kms.katalon.core.main.TestCaseExecutor.doExecute(TestCaseExecutor.java:285)
	at com.kms.katalon.core.main.TestCaseExecutor.processExecutionPhase(TestCaseExecutor.java:264)
	at com.kms.katalon.core.main.TestCaseExecutor.accessMainPhase(TestCaseExecutor.java:256)
	at com.kms.katalon.core.main.TestCaseExecutor.execute(TestCaseExecutor.java:200)
	at com.kms.katalon.core.main.TestCaseMain.runTestCase(TestCaseMain.java:99)
	at com.kms.katalon.core.keyword.builtin.CallTestCaseKeyword$_callTestCase_closure1.doCall(CallTestCaseKeyword.groovy:60)
	at com.kms.katalon.core.keyword.builtin.CallTestCaseKeyword$_callTestCase_closure1.call(CallTestCaseKeyword.groovy)
	at com.kms.katalon.core.keyword.internal.KeywordMain.runKeyword(KeywordMain.groovy:54)
	at com.kms.katalon.core.keyword.builtin.CallTestCaseKeyword.callTestCase(CallTestCaseKeyword.groovy:81)
	at com.kms.katalon.core.keyword.builtin.CallTestCaseKeyword.execute(CallTestCaseKeyword.groovy:45)
	at com.kms.katalon.core.keyword.internal.KeywordExecutor.executeKeywordForPlatform(KeywordExecutor.groovy:53)
	at com.kms.katalon.core.keyword.BuiltinKeywords.callTestCase(BuiltinKeywords.groovy:334)
	at sun.reflect.GeneratedMethodAccessor13.invoke(Unknown Source)
	at sun.reflect.DelegatingMethodAccessorImpl.invoke(DelegatingMethodAccessorImpl.java:43)
	at java.lang.reflect.Method.invoke(Method.java:498)
	at org.codehaus.groovy.reflection.CachedMethod.invoke(CachedMethod.java:93)
	at groovy.lang.MetaMethod.doMethodInvoke(MetaMethod.java:325)
	at groovy.lang.MetaClassImpl.invokeStaticMethod(MetaClassImpl.java:1469)
	at org.codehaus.groovy.runtime.callsite.StaticMetaClassSite.call(StaticMetaClassSite.java:53)
	at org.codehaus.groovy.runtime.callsite.CallSiteArray.defaultCall(CallSiteArray.java:48)
	at org.codehaus.groovy.runtime.callsite.AbstractCallSite.call(AbstractCallSite.java:113)
	at org.codehaus.groovy.runtime.callsite.AbstractCallSite.call(AbstractCallSite.java:141)
	at Script1536137547619.run(Script1536137547619.groovy:22)
	at com.kms.katalon.core.main.ScriptEngine.run(ScriptEngine.java:183)
	at com.kms.katalon.core.main.ScriptEngine.runScriptAsRawText(ScriptEngine.java:108)
	at com.kms.katalon.core.main.TestCaseExecutor.runScript(TestCaseExecutor.java:294)
	at com.kms.katalon.core.main.TestCaseExecutor.doExecute(TestCaseExecutor.java:285)
	at com.kms.katalon.core.main.TestCaseExecutor.processExecutionPhase(TestCaseExecutor.java:264)
	at com.kms.katalon.core.main.TestCaseExecutor.accessMainPhase(TestCaseExecutor.java:256)
	at com.kms.katalon.core.main.TestCaseExecutor.execute(TestCaseExecutor.java:200)
	at com.kms.katalon.core.main.TestSuiteExecutor.accessTestCaseMainPhase(TestSuiteExecutor.java:129)
	at com.kms.katalon.core.main.TestSuiteExecutor.accessTestSuiteMainPhase(TestSuiteExecutor.java:112)
	at com.kms.katalon.core.main.TestSuiteExecutor.execute(TestSuiteExecutor.java:81)
	at com.kms.katalon.core.main.TestCaseMain.startTestSuite(TestCaseMain.java:142)
	at com.kms.katalon.core.main.TestCaseMain$startTestSuite$0.call(Unknown Source)
	at org.codehaus.groovy.runtime.callsite.CallSiteArray.defaultCall(CallSiteArray.java:48)
	at org.codehaus.groovy.runtime.callsite.AbstractCallSite.call(AbstractCallSite.java:113)
	at org.codehaus.groovy.runtime.callsite.AbstractCallSite.call(AbstractCallSite.java:141)
	at TempTestSuite1546482073921.run(TempTestSuite1546482073921.groovy:36)
	at groovy.lang.GroovyShell.runScriptOrMainOrTestOrRunnable(GroovyShell.java:263)
	at groovy.lang.GroovyShell.run(GroovyShell.java:518)
	at groovy.lang.GroovyShell.run(GroovyShell.java:507)
	at groovy.ui.GroovyMain.processOnce(GroovyMain.java:653)
	at groovy.ui.GroovyMain.run(GroovyMain.java:384)
	at groovy.ui.GroovyMain.process(GroovyMain.java:370)
	at groovy.ui.GroovyMain.processArgs(GroovyMain.java:129)
	at groovy.ui.GroovyMain.main(GroovyMain.java:109)
	at sun.reflect.NativeMethodAccessorImpl.invoke0(Native Method)
	at sun.reflect.NativeMethodAccessorImpl.invoke(NativeMethodAccessorImpl.java:62)
	at sun.reflect.DelegatingMethodAccessorImpl.invoke(DelegatingMethodAccessorImpl.java:43)
	at java.lang.reflect.Method.invoke(Method.java:498)
	at org.codehaus.groovy.tools.GroovyStarter.rootLoader(GroovyStarter.java:109)
	at org.codehaus.groovy.tools.GroovyStarter.main(GroovyStarter.java:131)
)

2019-01-03 13:17:54 - [TEST_STEP][PASSED] - openBrowser: Browser is opened with url: ''

2019-01-03 13:17:54 - [MESSAGE][WARNING] - A browser is already opened. Closing browser and opening a new one

2019-01-03 13:17:58 - [MESSAGE][PASSED] - Browser is opened with url: ''

2019-01-03 13:17:58 - [TEST_STEP][PASSED] - navigateToUrl: Navigate to 'https://assist2-uat.perkeso.gov.my/login' successfully

2019-01-03 13:17:59 - [MESSAGE][PASSED] - Navigate to 'https://assist2-uat.perkeso.gov.my/login' successfully

2019-01-03 13:17:59 - [TEST_STEP][PASSED] - setText: Text 'johorotc1@gmail.com' is set on object 'Object Repository/Final Object Repo/Login Page/Internal User/Email Address'

2019-01-03 13:17:59 - [MESSAGE][PASSED] - Text 'johorotc1@gmail.com' is set on object 'Object Repository/Final Object Repo/Login Page/Internal User/Email Address'

2019-01-03 13:17:59 - [TEST_STEP][PASSED] - click: Object: 'Object Repository/Final Object Repo/Login Page/Internal User/Next Button' is clicked on

2019-01-03 13:18:00 - [MESSAGE][PASSED] - Object: 'Object Repository/Final Object Repo/Login Page/Internal User/Next Button' is clicked on

2019-01-03 13:18:00 - [TEST_STEP][PASSED] - delay: Delayed 1 second(s)

2019-01-03 13:18:01 - [MESSAGE][PASSED] - Delayed 1 second(s)

2019-01-03 13:18:01 - [TEST_STEP][PASSED] - setEncryptedText: Text ****** has been set on object 'Object Repository/Final Object Repo/Login Page/Internal User/Password'

2019-01-03 13:18:01 - [MESSAGE][PASSED] - Text ****** has been set on object 'Object Repository/Final Object Repo/Login Page/Internal User/Password'

2019-01-03 13:18:01 - [TEST_STEP][PASSED] - click: Object: 'Object Repository/Final Object Repo/Login Page/Internal User/Login Button' is clicked on

2019-01-03 13:18:01 - [MESSAGE][PASSED] - Object: 'Object Repository/Final Object Repo/Login Page/Internal User/Login Button' is clicked on

2019-01-03 13:18:01 - [TEST_STEP][PASSED] - delay: Delayed 1 second(s)

2019-01-03 13:18:02 - [MESSAGE][PASSED] - Delayed 1 second(s)

2019-01-03 13:18:02 - [TEST_STEP][PASSED] - Statement - Try: Delayed 2 second(s)

2019-01-03 13:18:02 - [TEST_STEP][PASSED] - Statement - Checker = false: null

2019-01-03 13:18:02 - [TEST_STEP][PASSED] - Statement - Checker = com.kms.katalon.core.webui.keyword.WebUiBuiltInKeywords.verifyElementHasAttribute(com.kms.katalon.core.testobject.ObjectRepository.findTestObject(Final Object Repo/Landing Page/BM Detecting), "href", 20, OPTIONAL): Object 'Object Repository/Final Object Repo/Landing Page/BM Detecting' has attribute 'href'

2019-01-03 13:18:03 - [MESSAGE][PASSED] - Object 'Object Repository/Final Object Repo/Landing Page/BM Detecting' has attribute 'href'

2019-01-03 13:18:03 - [TEST_STEP][PASSED] - Statement - out.println(Checker): null

2019-01-03 13:18:03 - [TEST_STEP][PASSED] - Statement - If (Checker == false): null

2019-01-03 13:18:03 - [TEST_STEP][PASSED] - Statement - Else: null

2019-01-03 13:18:03 - [TEST_STEP][PASSED] - delay: Delayed 2 second(s)

2019-01-03 13:18:05 - [MESSAGE][PASSED] - Delayed 2 second(s)

2019-01-03 13:18:05 - [TEST_STEP][PASSED] - navigateToUrl: Navigate to 'https://assist2-uat.perkeso.gov.my/web/registration/update/form-1a-cessation-as-employer-discontinue-business-' successfully

2019-01-03 13:18:06 - [MESSAGE][PASSED] - Navigate to 'https://assist2-uat.perkeso.gov.my/web/registration/update/form-1a-cessation-as-employer-discontinue-business-' successfully

2019-01-03 13:18:06 - [TEST_STEP][PASSED] - setText: Text 'E1102069770Z' is set on object 'Object Repository/Final Object Repo/Page_Update Employer Information/Employer Code'

2019-01-03 13:18:06 - [MESSAGE][PASSED] - Text 'E1102069770Z' is set on object 'Object Repository/Final Object Repo/Page_Update Employer Information/Employer Code'

2019-01-03 13:18:06 - [TEST_STEP][PASSED] - click: Object: 'Object Repository/Final Object Repo/Page_Update Employer Information/Search Button' is clicked on

2019-01-03 13:18:06 - [MESSAGE][PASSED] - Object: 'Object Repository/Final Object Repo/Page_Update Employer Information/Search Button' is clicked on

2019-01-03 13:18:06 - [TEST_STEP][PASSED] - click: Object: 'Object Repository/Final Object Repo/Page_Update Employer Information/Edit Button' is clicked on

2019-01-03 13:18:08 - [MESSAGE][PASSED] - Object: 'Object Repository/Final Object Repo/Page_Update Employer Information/Edit Button' is clicked on

2019-01-03 13:18:08 - [TEST_STEP][PASSED] - Statement - abc = com.kms.katalon.core.webui.keyword.WebUiBuiltInKeywords.getAttribute(com.kms.katalon.core.testobject.ObjectRepository.findTestObject(Final Object Repo/Page_Form 1A - Cessation As Employer/Employer Status), "value"): Attribute 'value' of object 'Object Repository/Final Object Repo/Page_Form 1A - Cessation As Employer/Employer Status' is: 'Dormant'

2019-01-03 13:18:08 - [MESSAGE][PASSED] - Attribute 'value' of object 'Object Repository/Final Object Repo/Page_Form 1A - Cessation As Employer/Employer Status' is: 'Dormant'

2019-01-03 13:18:08 - [TEST_STEP][PASSED] - Statement - out.println(abc): null

2019-01-03 13:18:08 - [TEST_STEP][PASSED] - Statement - If (abc == "Active"): null

2019-01-03 13:18:08 - [TEST_STEP][PASSED] - Statement - Else If (abc == "Cancel"): null

2019-01-03 13:18:08 - [TEST_STEP][PASSED] - Statement - Else If (abc == "Dormant"): Object: 'Object Repository/Final Object Repo/Page_Form 1A - Cessation As Employer/Change Employer Status to - Dormant' is clicked on

2019-01-03 13:18:08 - [TEST_STEP][PASSED] - click: Object: 'Object Repository/Final Object Repo/Page_Form 1A - Cessation As Employer/Change Employer Status to' is clicked on

2019-01-03 13:18:09 - [MESSAGE][PASSED] - Object: 'Object Repository/Final Object Repo/Page_Form 1A - Cessation As Employer/Change Employer Status to' is clicked on

2019-01-03 13:18:09 - [TEST_STEP][PASSED] - click: Object: 'Object Repository/Final Object Repo/Page_Form 1A - Cessation As Employer/Change Employer Status to - Dormant' is clicked on

2019-01-03 13:18:09 - [MESSAGE][PASSED] - Object: 'Object Repository/Final Object Repo/Page_Form 1A - Cessation As Employer/Change Employer Status to - Dormant' is clicked on

2019-01-03 13:18:09 - [TEST_STEP][PASSED] - click: Object: 'Object Repository/Final Object Repo/Page_Form 1A - Cessation As Employer/Calender' is clicked on

2019-01-03 13:18:09 - [MESSAGE][PASSED] - Object: 'Object Repository/Final Object Repo/Page_Form 1A - Cessation As Employer/Calender' is clicked on

2019-01-03 13:18:09 - [TEST_STEP][PASSED] - click: Object: 'Object Repository/Final Object Repo/Page_Form 1A - Cessation As Employer/Calender - Date' is clicked on

2019-01-03 13:18:09 - [MESSAGE][PASSED] - Object: 'Object Repository/Final Object Repo/Page_Form 1A - Cessation As Employer/Calender - Date' is clicked on

2019-01-03 13:18:09 - [TEST_STEP][PASSED] - delay: Delayed 2 second(s)

2019-01-03 13:18:11 - [MESSAGE][PASSED] - Delayed 2 second(s)

2019-01-03 13:18:11 - [TEST_STEP][PASSED] - click: Object: 'Object Repository/Final Object Repo/Page_Form 1A - Cessation As Employer/Save  Continue in Form 1A Page' is clicked on

2019-01-03 13:18:11 - [MESSAGE][PASSED] - Object: 'Object Repository/Final Object Repo/Page_Form 1A - Cessation As Employer/Save  Continue in Form 1A Page' is clicked on

2019-01-03 13:18:11 - [TEST_STEP][PASSED] - delay: Delayed 2 second(s)

2019-01-03 13:18:13 - [MESSAGE][PASSED] - Delayed 2 second(s)

2019-01-03 13:18:13 - [TEST_STEP][PASSED] - click: Object: 'Object Repository/Final Object Repo/Page_Form 1A - Cessation As Employer/Employment Resign Date' is clicked on

2019-01-03 13:18:14 - [MESSAGE][PASSED] - Object: 'Object Repository/Final Object Repo/Page_Form 1A - Cessation As Employer/Employment Resign Date' is clicked on

2019-01-03 13:18:14 - [TEST_STEP][PASSED] - delay: Delayed 1 second(s)

2019-01-03 13:18:15 - [MESSAGE][PASSED] - Delayed 1 second(s)

2019-01-03 13:18:15 - [TEST_STEP][PASSED] - Statement - CaseReferenceNo = com.kms.katalon.core.webui.keyword.WebUiBuiltInKeywords.getText(com.kms.katalon.core.testobject.ObjectRepository.findTestObject(Final Object Repo/Page_Update Employer Information/Reference Number in Update Employee Information Page)): Text of object 'Object Repository/Final Object Repo/Page_Update Employer Information/Reference Number in Update Employee Information Page' is: 'CUN012019C200001795'

2019-01-03 13:18:15 - [MESSAGE][PASSED] - Text of object 'Object Repository/Final Object Repo/Page_Update Employer Information/Reference Number in Update Employee Information Page' is: 'CUN012019C200001795'

2019-01-03 13:18:15 - [TEST_STEP][PASSED] - callTestCase: Call Test Case 'Test Cases/Final Aug 2018 - PKS Automation/Common/Reference Number Setter' successfully

2019-01-03 13:18:15 - [TEST_CASE][PASSED] - Test Cases/Final Aug 2018 - PKS Automation/Common/Reference Number Setter: Test Cases/Final Aug 2018 - PKS Automation/Common/Reference Number Setter

2019-01-03 13:18:15 - [TEST_STEP][PASSED] - Statement - RefNoOldFile = new java.io.File(C://Users//Admin//Desktop//PKS//Automation Reference Point//KatalonReference.txt): null

2019-01-03 13:18:15 - [TEST_STEP][PASSED] - Statement - RefNoOldFile.delete(): null

2019-01-03 13:18:15 - [TEST_STEP][PASSED] - delay: Delayed 5 second(s)

2019-01-03 13:18:20 - [MESSAGE][PASSED] - Delayed 5 second(s)

2019-01-03 13:18:20 - [TEST_STEP][PASSED] - Statement - RefNo = new java.io.File(C://Users//Admin//Desktop//PKS//Automation Reference Point//KatalonReference.txt): null

2019-01-03 13:18:20 - [TEST_STEP][PASSED] - Statement - f2 = new java.io.FileWriter(RefNo, false): null

2019-01-03 13:18:20 - [TEST_STEP][PASSED] - Statement - f2.write(CaseReferenceNo): null

2019-01-03 13:18:20 - [TEST_STEP][PASSED] - Statement - f2.close(): null

2019-01-03 13:18:20 - [TEST_STEP][PASSED] - Statement - out.println("


" + CaseReferenceNo + "


"): null

2019-01-03 13:18:20 - [MESSAGE][PASSED] - Call Test Case 'Test Cases/Final Aug 2018 - PKS Automation/Common/Reference Number Setter' successfully

2019-01-03 13:18:20 - [TEST_STEP][PASSED] - selectOptionByValue: All options with value '2030' are selected in object 'Object Repository/Final Object Repo/Page_Form 1A - Cessation As Employer/Employment Resign Date - Year' 

2019-01-03 13:18:20 - [MESSAGE][PASSED] - All options with value '2030' are selected in object 'Object Repository/Final Object Repo/Page_Form 1A - Cessation As Employer/Employment Resign Date - Year' 

2019-01-03 13:18:20 - [TEST_STEP][PASSED] - delay: Delayed 1 second(s)

2019-01-03 13:18:21 - [MESSAGE][PASSED] - Delayed 1 second(s)

2019-01-03 13:18:21 - [TEST_STEP][PASSED] - click: Object: 'Object Repository/Final Object Repo/Page_Form 1A - Cessation As Employer/Employment Resign Date - Year - Date' is clicked on

2019-01-03 13:18:21 - [MESSAGE][PASSED] - Object: 'Object Repository/Final Object Repo/Page_Form 1A - Cessation As Employer/Employment Resign Date - Year - Date' is clicked on

2019-01-03 13:18:21 - [TEST_STEP][PASSED] - delay: Delayed 2 second(s)

2019-01-03 13:18:23 - [MESSAGE][PASSED] - Delayed 2 second(s)

2019-01-03 13:18:23 - [TEST_STEP][PASSED] - click: Object: 'Object Repository/Final Object Repo/Page_Form 1A - Cessation As Employer/Save  Continue in Update Add Employee Resigned Date Page' is clicked on

2019-01-03 13:18:23 - [MESSAGE][PASSED] - Object: 'Object Repository/Final Object Repo/Page_Form 1A - Cessation As Employer/Save  Continue in Update Add Employee Resigned Date Page' is clicked on

2019-01-03 13:18:23 - [TEST_STEP][PASSED] - delay: Delayed 2 second(s)

2019-01-03 13:18:25 - [MESSAGE][PASSED] - Delayed 2 second(s)

2019-01-03 13:18:25 - [TEST_STEP][PASSED] - click: Object: 'Object Repository/Final Object Repo/Page_Form 1A - Cessation As Employer/Set Latest - Yes' is clicked on

2019-01-03 13:18:25 - [MESSAGE][PASSED] - Object: 'Object Repository/Final Object Repo/Page_Form 1A - Cessation As Employer/Set Latest - Yes' is clicked on

2019-01-03 13:18:25 - [TEST_STEP][PASSED] - delay: Delayed 2 second(s)

2019-01-03 13:18:27 - [MESSAGE][PASSED] - Delayed 2 second(s)

2019-01-03 13:18:27 - [TEST_STEP][FAILED] - click: Unable to click on object 'Object Repository/Final Object Repo/Page_Form 1A - Cessation As Employer/Add Document' (Root cause: com.kms.katalon.core.webui.exception.WebElementNotFoundException: Web element with id: 'Object Repository/Final Object Repo/Page_Form 1A - Cessation As Employer/Add Document' located by 'By.xpath: //a[@id = '_searchforemployer_WAR_registrationportlet_dialogBtn' and (text() = '
					ADD DOCUMENT
	             ' or . = '
					ADD DOCUMENT
	             ')]' not found)

2019-01-03 13:18:59 - [MESSAGE][FAILED] - Unable to click on object 'Object Repository/Final Object Repo/Page_Form 1A - Cessation As Employer/Add Document' (Root cause: com.kms.katalon.core.webui.exception.WebElementNotFoundException: Web element with id: 'Object Repository/Final Object Repo/Page_Form 1A - Cessation As Employer/Add Document' located by 'By.xpath: //a[@id = '_searchforemployer_WAR_registrationportlet_dialogBtn' and (text() = '
					ADD DOCUMENT
	             ' or . = '
					ADD DOCUMENT
	             ')]' not found)
[[ATTACHMENT|C:\\Users\\Admin\\Desktop\\PKS\\Perkeso Phase A\\Reports\\Workflow\\Form 1A - Cessation as Employer\\20190103_102113\\1546492738868.png]]

2019-01-03 13:18:59 - [TEST_STEP][PASSED] - delay: Delayed 2 second(s)

2019-01-03 13:19:01 - [MESSAGE][PASSED] - Delayed 2 second(s)

2019-01-03 13:19:01 - [TEST_STEP][FAILED] - click: Unable to click on object 'Object Repository/Final Object Repo/Page_Form 1A - Cessation As Employer/Document Type' (Root cause: com.kms.katalon.core.webui.exception.WebElementNotFoundException: Web element with id: 'Object Repository/Final Object Repo/Page_Form 1A - Cessation As Employer/Document Type' located by 'By.xpath: //span[@aria-labelledby = 'select2-_searchforemployer_WAR_registrationportlet_objdocTypeId-container']' not found)

2019-01-03 13:19:32 - [MESSAGE][FAILED] - Unable to click on object 'Object Repository/Final Object Repo/Page_Form 1A - Cessation As Employer/Document Type' (Root cause: com.kms.katalon.core.webui.exception.WebElementNotFoundException: Web element with id: 'Object Repository/Final Object Repo/Page_Form 1A - Cessation As Employer/Document Type' located by 'By.xpath: //span[@aria-labelledby = 'select2-_searchforemployer_WAR_registrationportlet_objdocTypeId-container']' not found)
[[ATTACHMENT|C:\\Users\\Admin\\Desktop\\PKS\\Perkeso Phase A\\Reports\\Workflow\\Form 1A - Cessation as Employer\\20190103_102113\\1546492772131.png]]

2019-01-03 13:19:32 - [TEST_STEP][PASSED] - delay: Delayed 2 second(s)

2019-01-03 13:19:34 - [MESSAGE][PASSED] - Delayed 2 second(s)

2019-01-03 13:19:34 - [TEST_STEP][FAILED] - click: Unable to click on object 'Object Repository/Final Object Repo/Page_Form 1A - Cessation As Employer/Document Type - Supporting Document For Cessation' (Root cause: com.kms.katalon.core.webui.exception.WebElementNotFoundException: Web element with id: 'Object Repository/Final Object Repo/Page_Form 1A - Cessation As Employer/Document Type - Supporting Document For Cessation' located by 'By.xpath: //span[(contains(text(), 'Supporting Document For Cessation (e.g. Form 1A)'))]' not found)

2019-01-03 13:20:05 - [MESSAGE][FAILED] - Unable to click on object 'Object Repository/Final Object Repo/Page_Form 1A - Cessation As Employer/Document Type - Supporting Document For Cessation' (Root cause: com.kms.katalon.core.webui.exception.WebElementNotFoundException: Web element with id: 'Object Repository/Final Object Repo/Page_Form 1A - Cessation As Employer/Document Type - Supporting Document For Cessation' located by 'By.xpath: //span[(contains(text(), 'Supporting Document For Cessation (e.g. Form 1A)'))]' not found)
[[ATTACHMENT|C:\\Users\\Admin\\Desktop\\PKS\\Perkeso Phase A\\Reports\\Workflow\\Form 1A - Cessation as Employer\\20190103_102113\\1546492805401.png]]

2019-01-03 13:20:05 - [TEST_STEP][PASSED] - delay: Delayed 2 second(s)

2019-01-03 13:20:07 - [MESSAGE][PASSED] - Delayed 2 second(s)

2019-01-03 13:20:07 - [TEST_STEP][FAILED] - sendKeys: Unable to send keys 'C:\Users\Public\Pictures\Sample Pictures\Koala.jpg' to object 'Object Repository/Final Object Repo/Page_Form 1A - Cessation As Employer/Uploading File' (Root cause: com.kms.katalon.core.webui.exception.WebElementNotFoundException: Web element with id: 'Object Repository/Final Object Repo/Page_Form 1A - Cessation As Employer/Uploading File' located by 'By.xpath: //input[@type = 'file' and @id = '_searchforemployer_WAR_registrationportlet_uploadFile']' not found)

2019-01-03 13:20:38 - [MESSAGE][FAILED] - Unable to send keys 'C:\Users\Public\Pictures\Sample Pictures\Koala.jpg' to object 'Object Repository/Final Object Repo/Page_Form 1A - Cessation As Employer/Uploading File' (Root cause: com.kms.katalon.core.webui.exception.WebElementNotFoundException: Web element with id: 'Object Repository/Final Object Repo/Page_Form 1A - Cessation As Employer/Uploading File' located by 'By.xpath: //input[@type = 'file' and @id = '_searchforemployer_WAR_registrationportlet_uploadFile']' not found)
[[ATTACHMENT|C:\\Users\\Admin\\Desktop\\PKS\\Perkeso Phase A\\Reports\\Workflow\\Form 1A - Cessation as Employer\\20190103_102113\\1546492838678.png]]

2019-01-03 13:20:38 - [TEST_STEP][PASSED] - delay: Delayed 2 second(s)

2019-01-03 13:20:40 - [MESSAGE][PASSED] - Delayed 2 second(s)

2019-01-03 13:20:40 - [TEST_STEP][FAILED] - click: Unable to click on object 'Object Repository/Final Object Repo/Page_Form 1A - Cessation As Employer/Add Document in Uploading Page' (Root cause: com.kms.katalon.core.webui.exception.WebElementNotFoundException: Web element with id: 'Object Repository/Final Object Repo/Page_Form 1A - Cessation As Employer/Add Document in Uploading Page' located by 'By.xpath: //a[(text() = '
										ADD DOCUMENT
								     ' or . = '
										ADD DOCUMENT
								     ')]' not found)

2019-01-03 13:21:12 - [MESSAGE][FAILED] - Unable to click on object 'Object Repository/Final Object Repo/Page_Form 1A - Cessation As Employer/Add Document in Uploading Page' (Root cause: com.kms.katalon.core.webui.exception.WebElementNotFoundException: Web element with id: 'Object Repository/Final Object Repo/Page_Form 1A - Cessation As Employer/Add Document in Uploading Page' located by 'By.xpath: //a[(text() = '
										ADD DOCUMENT
								     ' or . = '
										ADD DOCUMENT
								     ')]' not found)
[[ATTACHMENT|C:\\Users\\Admin\\Desktop\\PKS\\Perkeso Phase A\\Reports\\Workflow\\Form 1A - Cessation as Employer\\20190103_102113\\1546492871964.png]]

2019-01-03 13:21:12 - [TEST_STEP][PASSED] - delay: Delayed 20 second(s)

2019-01-03 13:21:32 - [MESSAGE][PASSED] - Delayed 20 second(s)

2019-01-03 13:21:32 - [TEST_STEP][FAILED] - click: Unable to click on object 'Object Repository/Final Object Repo/Page_Form 1A - Cessation As Employer/Save  Continue in Uploading Page' (Root cause: com.kms.katalon.core.webui.exception.WebElementNotFoundException: Web element with id: 'Object Repository/Final Object Repo/Page_Form 1A - Cessation As Employer/Save  Continue in Uploading Page' located by 'By.xpath: //a[(contains(text(), 'SAVE & CONTINUE') or contains(., 'SAVE & CONTINUE'))]' not found)

2019-01-03 13:22:03 - [MESSAGE][FAILED] - Unable to click on object 'Object Repository/Final Object Repo/Page_Form 1A - Cessation As Employer/Save  Continue in Uploading Page' (Root cause: com.kms.katalon.core.webui.exception.WebElementNotFoundException: Web element with id: 'Object Repository/Final Object Repo/Page_Form 1A - Cessation As Employer/Save  Continue in Uploading Page' located by 'By.xpath: //a[(contains(text(), 'SAVE & CONTINUE') or contains(., 'SAVE & CONTINUE'))]' not found)
[[ATTACHMENT|C:\\Users\\Admin\\Desktop\\PKS\\Perkeso Phase A\\Reports\\Workflow\\Form 1A - Cessation as Employer\\20190103_102113\\1546492923251.png]]

2019-01-03 13:22:03 - [TEST_STEP][PASSED] - delay: Delayed 2 second(s)

2019-01-03 13:22:05 - [MESSAGE][PASSED] - Delayed 2 second(s)

2019-01-03 13:22:05 - [TEST_STEP][FAILED] - click: Unable to click on object 'Object Repository/Final Object Repo/Page_Form 1A - Cessation As Employer/Submit2' (Root cause: com.kms.katalon.core.webui.exception.WebElementNotFoundException: Web element with id: 'Object Repository/Final Object Repo/Page_Form 1A - Cessation As Employer/Submit2' located by 'By.xpath: //a[(text() = '
							SUBMIT
		            	' or . = '
							SUBMIT
		            	')]' not found)

2019-01-03 13:22:36 - [MESSAGE][FAILED] - Unable to click on object 'Object Repository/Final Object Repo/Page_Form 1A - Cessation As Employer/Submit2' (Root cause: com.kms.katalon.core.webui.exception.WebElementNotFoundException: Web element with id: 'Object Repository/Final Object Repo/Page_Form 1A - Cessation As Employer/Submit2' located by 'By.xpath: //a[(text() = '
							SUBMIT
		            	' or . = '
							SUBMIT
		            	')]' not found)
[[ATTACHMENT|C:\\Users\\Admin\\Desktop\\PKS\\Perkeso Phase A\\Reports\\Workflow\\Form 1A - Cessation as Employer\\20190103_102113\\1546492956514.png]]

2019-01-03 13:22:36 - [TEST_STEP][PASSED] - delay: Delayed 2 second(s)

2019-01-03 13:22:38 - [MESSAGE][PASSED] - Delayed 2 second(s)

2019-01-03 13:22:38 - [TEST_STEP][FAILED] - click: Unable to click on object 'Object Repository/Final Object Repo/Page_Form 1A - Cessation As Employer/Confirm' (Root cause: com.kms.katalon.core.webui.exception.WebElementNotFoundException: Web element with id: 'Object Repository/Final Object Repo/Page_Form 1A - Cessation As Employer/Confirm' located by 'By.xpath: //span[(text() = 'CONFIRM' or . = 'CONFIRM')]' not found)

2019-01-03 13:23:10 - [MESSAGE][FAILED] - Unable to click on object 'Object Repository/Final Object Repo/Page_Form 1A - Cessation As Employer/Confirm' (Root cause: com.kms.katalon.core.webui.exception.WebElementNotFoundException: Web element with id: 'Object Repository/Final Object Repo/Page_Form 1A - Cessation As Employer/Confirm' located by 'By.xpath: //span[(text() = 'CONFIRM' or . = 'CONFIRM')]' not found)
[[ATTACHMENT|C:\\Users\\Admin\\Desktop\\PKS\\Perkeso Phase A\\Reports\\Workflow\\Form 1A - Cessation as Employer\\20190103_102113\\1546492989789.png]]

2019-01-03 13:23:10 - [TEST_STEP][PASSED] - delay: Delayed 2 second(s)

2019-01-03 13:23:12 - [MESSAGE][PASSED] - Delayed 2 second(s)

2019-01-03 13:23:12 - [TEST_STEP][FAILED] - verifyElementVisible: Web element with id: 'Object Repository/Final Object Repo/Page_Form 1A - Cessation As Employer/Message Your Request will be routed to UO' located by 'By.xpath: //div[(text() = '
			    			
			    			
			    			
			    			
			    				Your Request will be routed to 
			    				UO
			    			
			    			
			    			









































































' or . = '
			    			
			    			
			    			
			    			
			    				Your Request will be routed to 
			    				UO
			    			
			    			
			    			









































































')]' not found

2019-01-03 13:23:43 - [MESSAGE][FAILED] - Web element with id: 'Object Repository/Final Object Repo/Page_Form 1A - Cessation As Employer/Message Your Request will be routed to UO' located by 'By.xpath: //div[(text() = '
			    			
			    			
			    			
			    			
			    				Your Request will be routed to 
			    				UO
			    			
			    			
			    			









































































' or . = '
			    			
			    			
			    			
			    			
			    				Your Request will be routed to 
			    				UO
			    			
			    			
			    			









































































')]' not found
[[ATTACHMENT|C:\\Users\\Admin\\Desktop\\PKS\\Perkeso Phase A\\Reports\\Workflow\\Form 1A - Cessation as Employer\\20190103_102113\\1546493023061.png]]

2019-01-03 13:23:43 - [TEST_STEP][PASSED] - delay: Delayed 1 second(s)

2019-01-03 13:23:44 - [MESSAGE][PASSED] - Delayed 1 second(s)

2019-01-03 13:23:44 - [TEST_STEP][FAILED] - verifyElementVisible: Web element with id: 'Object Repository/Final Object Repo/Page_Form 1A - Cessation As Employer/Letter of acknowledgement' located by 'By.xpath: //a[(text() = '
							 
							Letter of acknowledgement.pdf
						' or . = '
							 
							Letter of acknowledgement.pdf
						')]' not found

2019-01-03 13:24:15 - [MESSAGE][FAILED] - Web element with id: 'Object Repository/Final Object Repo/Page_Form 1A - Cessation As Employer/Letter of acknowledgement' located by 'By.xpath: //a[(text() = '
							 
							Letter of acknowledgement.pdf
						' or . = '
							 
							Letter of acknowledgement.pdf
						')]' not found
[[ATTACHMENT|C:\\Users\\Admin\\Desktop\\PKS\\Perkeso Phase A\\Reports\\Workflow\\Form 1A - Cessation as Employer\\20190103_102113\\1546493055343.png]]

2019-01-03 13:24:15 - [MESSAGE][FAILED] - Unable to call Test Case with id 'Test Cases/Final Aug 2018 - PKS Automation/Registration Module/Workflow/Form 1A - Cessation As Employer/Template/Form 1 A - Cessation As Employer (OTC)' (Root cause: Call Test Case 'Test Cases/Final Aug 2018 - PKS Automation/Registration Module/Workflow/Form 1A - Cessation As Employer/Template/Form 1 A - Cessation As Employer (OTC)' failed)]]></system-out>
         <system-err><![CDATA[2019-01-03 13:17:54 - [TEST_CASE][FAILED] - Test Cases/Final Aug 2018 - PKS Automation/Registration Module/Workflow/Form 1A - Cessation As Employer/OTC to UO (Approve): Test Cases/Final Aug 2018 - PKS Automation/Registration Module/Workflow/Form 1A - Cessation As Employer/OTC to UO (Approve) FAILED because (of) (Stack trace: com.kms.katalon.core.exception.StepFailedException: Unable to click on object 'Object Repository/Final Object Repo/Page_Form 1A - Cessation As Employer/Add Document' (Root cause: com.kms.katalon.core.webui.exception.WebElementNotFoundException: Web element with id: 'Object Repository/Final Object Repo/Page_Form 1A - Cessation As Employer/Add Document' located by 'By.xpath: //a[@id = '_searchforemployer_WAR_registrationportlet_dialogBtn' and (text() = '
					ADD DOCUMENT
	             ' or . = '
					ADD DOCUMENT
	             ')]' not found)
	at com.kms.katalon.core.keyword.internal.KeywordMain.stepFailed(KeywordMain.groovy:32)
	at com.kms.katalon.core.webui.keyword.internal.WebUIKeywordMain.stepFailed(WebUIKeywordMain.groovy:65)
	at com.kms.katalon.core.webui.keyword.internal.WebUIKeywordMain.runKeyword(WebUIKeywordMain.groovy:27)
	at com.kms.katalon.core.webui.keyword.builtin.ClickKeyword.click(ClickKeyword.groovy:86)
	at com.kms.katalon.core.webui.keyword.builtin.ClickKeyword.execute(ClickKeyword.groovy:67)
	at com.kms.katalon.core.keyword.internal.KeywordExecutor.executeKeywordForPlatform(KeywordExecutor.groovy:53)
	at com.kms.katalon.core.webui.keyword.WebUiBuiltInKeywords.click(WebUiBuiltInKeywords.groovy:616)
	at com.kms.katalon.core.webui.keyword.WebUiBuiltInKeywords$click$2.call(Unknown Source)
	at Script1536137325809.run(Script1536137325809.groovy:144)
	at com.kms.katalon.core.main.ScriptEngine.run(ScriptEngine.java:183)
	at com.kms.katalon.core.main.ScriptEngine.runScriptAsRawText(ScriptEngine.java:108)
	at com.kms.katalon.core.main.TestCaseExecutor.runScript(TestCaseExecutor.java:294)
	at com.kms.katalon.core.main.TestCaseExecutor.doExecute(TestCaseExecutor.java:285)
	at com.kms.katalon.core.main.TestCaseExecutor.processExecutionPhase(TestCaseExecutor.java:264)
	at com.kms.katalon.core.main.TestCaseExecutor.accessMainPhase(TestCaseExecutor.java:256)
	at com.kms.katalon.core.main.TestCaseExecutor.execute(TestCaseExecutor.java:200)
	at com.kms.katalon.core.main.TestCaseMain.runTestCase(TestCaseMain.java:99)
	at com.kms.katalon.core.keyword.builtin.CallTestCaseKeyword$_callTestCase_closure1.doCall(CallTestCaseKeyword.groovy:60)
	at com.kms.katalon.core.keyword.builtin.CallTestCaseKeyword$_callTestCase_closure1.call(CallTestCaseKeyword.groovy)
	at com.kms.katalon.core.keyword.internal.KeywordMain.runKeyword(KeywordMain.groovy:54)
	at com.kms.katalon.core.keyword.builtin.CallTestCaseKeyword.callTestCase(CallTestCaseKeyword.groovy:81)
	at com.kms.katalon.core.keyword.builtin.CallTestCaseKeyword.execute(CallTestCaseKeyword.groovy:45)
	at com.kms.katalon.core.keyword.internal.KeywordExecutor.executeKeywordForPlatform(KeywordExecutor.groovy:53)
	at com.kms.katalon.core.keyword.BuiltinKeywords.callTestCase(BuiltinKeywords.groovy:334)
	at sun.reflect.GeneratedMethodAccessor13.invoke(Unknown Source)
	at sun.reflect.DelegatingMethodAccessorImpl.invoke(DelegatingMethodAccessorImpl.java:43)
	at java.lang.reflect.Method.invoke(Method.java:498)
	at org.codehaus.groovy.reflection.CachedMethod.invoke(CachedMethod.java:93)
	at groovy.lang.MetaMethod.doMethodInvoke(MetaMethod.java:325)
	at groovy.lang.MetaClassImpl.invokeStaticMethod(MetaClassImpl.java:1469)
	at org.codehaus.groovy.runtime.callsite.StaticMetaClassSite.call(StaticMetaClassSite.java:53)
	at org.codehaus.groovy.runtime.callsite.CallSiteArray.defaultCall(CallSiteArray.java:48)
	at org.codehaus.groovy.runtime.callsite.AbstractCallSite.call(AbstractCallSite.java:113)
	at org.codehaus.groovy.runtime.callsite.AbstractCallSite.call(AbstractCallSite.java:141)
	at Script1536137547619.run(Script1536137547619.groovy:22)
	at com.kms.katalon.core.main.ScriptEngine.run(ScriptEngine.java:183)
	at com.kms.katalon.core.main.ScriptEngine.runScriptAsRawText(ScriptEngine.java:108)
	at com.kms.katalon.core.main.TestCaseExecutor.runScript(TestCaseExecutor.java:294)
	at com.kms.katalon.core.main.TestCaseExecutor.doExecute(TestCaseExecutor.java:285)
	at com.kms.katalon.core.main.TestCaseExecutor.processExecutionPhase(TestCaseExecutor.java:264)
	at com.kms.katalon.core.main.TestCaseExecutor.accessMainPhase(TestCaseExecutor.java:256)
	at com.kms.katalon.core.main.TestCaseExecutor.execute(TestCaseExecutor.java:200)
	at com.kms.katalon.core.main.TestSuiteExecutor.accessTestCaseMainPhase(TestSuiteExecutor.java:129)
	at com.kms.katalon.core.main.TestSuiteExecutor.accessTestSuiteMainPhase(TestSuiteExecutor.java:112)
	at com.kms.katalon.core.main.TestSuiteExecutor.execute(TestSuiteExecutor.java:81)
	at com.kms.katalon.core.main.TestCaseMain.startTestSuite(TestCaseMain.java:142)
	at com.kms.katalon.core.main.TestCaseMain$startTestSuite$0.call(Unknown Source)
	at org.codehaus.groovy.runtime.callsite.CallSiteArray.defaultCall(CallSiteArray.java:48)
	at org.codehaus.groovy.runtime.callsite.AbstractCallSite.call(AbstractCallSite.java:113)
	at org.codehaus.groovy.runtime.callsite.AbstractCallSite.call(AbstractCallSite.java:141)
	at TempTestSuite1546482073921.run(TempTestSuite1546482073921.groovy:36)
	at groovy.lang.GroovyShell.runScriptOrMainOrTestOrRunnable(GroovyShell.java:263)
	at groovy.lang.GroovyShell.run(GroovyShell.java:518)
	at groovy.lang.GroovyShell.run(GroovyShell.java:507)
	at groovy.ui.GroovyMain.processOnce(GroovyMain.java:653)
	at groovy.ui.GroovyMain.run(GroovyMain.java:384)
	at groovy.ui.GroovyMain.process(GroovyMain.java:370)
	at groovy.ui.GroovyMain.processArgs(GroovyMain.java:129)
	at groovy.ui.GroovyMain.main(GroovyMain.java:109)
	at sun.reflect.NativeMethodAccessorImpl.invoke0(Native Method)
	at sun.reflect.NativeMethodAccessorImpl.invoke(NativeMethodAccessorImpl.java:62)
	at sun.reflect.DelegatingMethodAccessorImpl.invoke(DelegatingMethodAccessorImpl.java:43)
	at java.lang.reflect.Method.invoke(Method.java:498)
	at org.codehaus.groovy.tools.GroovyStarter.rootLoader(GroovyStarter.java:109)
	at org.codehaus.groovy.tools.GroovyStarter.main(GroovyStarter.java:131)
)]]></system-err>
      </testcase>
      <testcase name="Test Cases/Final Aug 2018 - PKS Automation/Registration Module/Workflow/Form 1A - Cessation As Employer/OTC to UO (Query)" classname="Test Cases/Final Aug 2018 - PKS Automation/Registration Module/Workflow/Form 1A - Cessation As Employer/OTC to UO (Query)" status="PASSED">
         <system-out><![CDATA[2019-01-03 13:24:15 - [TEST_CASE][PASSED] - Test Cases/Final Aug 2018 - PKS Automation/Registration Module/Workflow/Form 1A - Cessation As Employer/OTC to UO (Query): Test Cases/Final Aug 2018 - PKS Automation/Registration Module/Workflow/Form 1A - Cessation As Employer/OTC to UO (Query)

2019-01-03 13:24:15 - [TEST_STEP][PASSED] - callTestCase: Call Test Case 'Test Cases/Final Aug 2018 - PKS Automation/Registration Module/Workflow/Form 1A - Cessation As Employer/Template/Form 1 A - Cessation As Employer (OTC)' successfully

2019-01-03 13:24:16 - [TEST_CASE][PASSED] - Test Cases/Final Aug 2018 - PKS Automation/Registration Module/Workflow/Form 1A - Cessation As Employer/Template/Form 1 A - Cessation As Employer (OTC): Test Cases/Final Aug 2018 - PKS Automation/Registration Module/Workflow/Form 1A - Cessation As Employer/Template/Form 1 A - Cessation As Employer (OTC)

2019-01-03 13:24:16 - [TEST_STEP][PASSED] - openBrowser: Browser is opened with url: ''

2019-01-03 13:24:16 - [MESSAGE][WARNING] - A browser is already opened. Closing browser and opening a new one

2019-01-03 13:24:19 - [MESSAGE][PASSED] - Browser is opened with url: ''

2019-01-03 13:24:19 - [TEST_STEP][PASSED] - navigateToUrl: Navigate to 'https://assist2-uat.perkeso.gov.my/login' successfully

2019-01-03 13:24:21 - [MESSAGE][PASSED] - Navigate to 'https://assist2-uat.perkeso.gov.my/login' successfully

2019-01-03 13:24:21 - [TEST_STEP][PASSED] - setText: Text 'johorotc1@gmail.com' is set on object 'Object Repository/Final Object Repo/Login Page/Internal User/Email Address'

2019-01-03 13:24:21 - [MESSAGE][PASSED] - Text 'johorotc1@gmail.com' is set on object 'Object Repository/Final Object Repo/Login Page/Internal User/Email Address'

2019-01-03 13:24:21 - [TEST_STEP][PASSED] - click: Object: 'Object Repository/Final Object Repo/Login Page/Internal User/Next Button' is clicked on

2019-01-03 13:24:21 - [MESSAGE][PASSED] - Object: 'Object Repository/Final Object Repo/Login Page/Internal User/Next Button' is clicked on

2019-01-03 13:24:21 - [TEST_STEP][PASSED] - delay: Delayed 1 second(s)

2019-01-03 13:24:22 - [MESSAGE][PASSED] - Delayed 1 second(s)

2019-01-03 13:24:22 - [TEST_STEP][PASSED] - setEncryptedText: Text ****** has been set on object 'Object Repository/Final Object Repo/Login Page/Internal User/Password'

2019-01-03 13:24:22 - [MESSAGE][PASSED] - Text ****** has been set on object 'Object Repository/Final Object Repo/Login Page/Internal User/Password'

2019-01-03 13:24:22 - [TEST_STEP][PASSED] - click: Object: 'Object Repository/Final Object Repo/Login Page/Internal User/Login Button' is clicked on

2019-01-03 13:24:23 - [MESSAGE][PASSED] - Object: 'Object Repository/Final Object Repo/Login Page/Internal User/Login Button' is clicked on

2019-01-03 13:24:23 - [TEST_STEP][PASSED] - delay: Delayed 1 second(s)

2019-01-03 13:24:24 - [MESSAGE][PASSED] - Delayed 1 second(s)

2019-01-03 13:24:24 - [TEST_STEP][PASSED] - Statement - Try: Delayed 2 second(s)

2019-01-03 13:24:24 - [TEST_STEP][PASSED] - Statement - Checker = false: null

2019-01-03 13:24:24 - [TEST_STEP][PASSED] - Statement - Checker = com.kms.katalon.core.webui.keyword.WebUiBuiltInKeywords.verifyElementHasAttribute(com.kms.katalon.core.testobject.ObjectRepository.findTestObject(Final Object Repo/Landing Page/BM Detecting), "href", 20, OPTIONAL): Object 'Object Repository/Final Object Repo/Landing Page/BM Detecting' has attribute 'href'

2019-01-03 13:24:25 - [MESSAGE][PASSED] - Object 'Object Repository/Final Object Repo/Landing Page/BM Detecting' has attribute 'href'

2019-01-03 13:24:25 - [TEST_STEP][PASSED] - Statement - out.println(Checker): null

2019-01-03 13:24:25 - [TEST_STEP][PASSED] - Statement - If (Checker == false): null

2019-01-03 13:24:25 - [TEST_STEP][PASSED] - Statement - Else: null

2019-01-03 13:24:25 - [TEST_STEP][PASSED] - delay: Delayed 2 second(s)

2019-01-03 13:24:27 - [MESSAGE][PASSED] - Delayed 2 second(s)

2019-01-03 13:24:27 - [TEST_STEP][PASSED] - navigateToUrl: Navigate to 'https://assist2-uat.perkeso.gov.my/web/registration/update/form-1a-cessation-as-employer-discontinue-business-' successfully

2019-01-03 13:24:31 - [MESSAGE][PASSED] - Navigate to 'https://assist2-uat.perkeso.gov.my/web/registration/update/form-1a-cessation-as-employer-discontinue-business-' successfully

2019-01-03 13:24:31 - [TEST_STEP][PASSED] - setText: Text 'E1102069770Z' is set on object 'Object Repository/Final Object Repo/Page_Update Employer Information/Employer Code'

2019-01-03 13:24:31 - [MESSAGE][PASSED] - Text 'E1102069770Z' is set on object 'Object Repository/Final Object Repo/Page_Update Employer Information/Employer Code'

2019-01-03 13:24:31 - [TEST_STEP][PASSED] - click: Object: 'Object Repository/Final Object Repo/Page_Update Employer Information/Search Button' is clicked on

2019-01-03 13:24:31 - [MESSAGE][PASSED] - Object: 'Object Repository/Final Object Repo/Page_Update Employer Information/Search Button' is clicked on

2019-01-03 13:24:31 - [TEST_STEP][PASSED] - click: Object: 'Object Repository/Final Object Repo/Page_Update Employer Information/Edit Button' is clicked on

2019-01-03 13:24:34 - [MESSAGE][PASSED] - Object: 'Object Repository/Final Object Repo/Page_Update Employer Information/Edit Button' is clicked on

2019-01-03 13:24:34 - [TEST_STEP][PASSED] - Statement - abc = com.kms.katalon.core.webui.keyword.WebUiBuiltInKeywords.getAttribute(com.kms.katalon.core.testobject.ObjectRepository.findTestObject(Final Object Repo/Page_Form 1A - Cessation As Employer/Employer Status), "value"): Attribute 'value' of object 'Object Repository/Final Object Repo/Page_Form 1A - Cessation As Employer/Employer Status' is: 'Dormant'

2019-01-03 13:24:34 - [MESSAGE][PASSED] - Attribute 'value' of object 'Object Repository/Final Object Repo/Page_Form 1A - Cessation As Employer/Employer Status' is: 'Dormant'

2019-01-03 13:24:34 - [TEST_STEP][PASSED] - Statement - out.println(abc): null

2019-01-03 13:24:34 - [TEST_STEP][PASSED] - Statement - If (abc == "Active"): null

2019-01-03 13:24:34 - [TEST_STEP][PASSED] - Statement - Else If (abc == "Cancel"): null

2019-01-03 13:24:34 - [TEST_STEP][PASSED] - Statement - Else If (abc == "Dormant"): Object: 'Object Repository/Final Object Repo/Page_Form 1A - Cessation As Employer/Change Employer Status to - Dormant' is clicked on

2019-01-03 13:24:34 - [TEST_STEP][PASSED] - click: Object: 'Object Repository/Final Object Repo/Page_Form 1A - Cessation As Employer/Change Employer Status to' is clicked on

2019-01-03 13:24:34 - [MESSAGE][PASSED] - Object: 'Object Repository/Final Object Repo/Page_Form 1A - Cessation As Employer/Change Employer Status to' is clicked on

2019-01-03 13:24:34 - [TEST_STEP][PASSED] - click: Object: 'Object Repository/Final Object Repo/Page_Form 1A - Cessation As Employer/Change Employer Status to - Dormant' is clicked on

2019-01-03 13:24:34 - [MESSAGE][PASSED] - Object: 'Object Repository/Final Object Repo/Page_Form 1A - Cessation As Employer/Change Employer Status to - Dormant' is clicked on

2019-01-03 13:24:34 - [TEST_STEP][PASSED] - click: Object: 'Object Repository/Final Object Repo/Page_Form 1A - Cessation As Employer/Calender' is clicked on

2019-01-03 13:24:34 - [MESSAGE][PASSED] - Object: 'Object Repository/Final Object Repo/Page_Form 1A - Cessation As Employer/Calender' is clicked on

2019-01-03 13:24:34 - [TEST_STEP][PASSED] - click: Object: 'Object Repository/Final Object Repo/Page_Form 1A - Cessation As Employer/Calender - Date' is clicked on

2019-01-03 13:24:35 - [MESSAGE][PASSED] - Object: 'Object Repository/Final Object Repo/Page_Form 1A - Cessation As Employer/Calender - Date' is clicked on

2019-01-03 13:24:35 - [TEST_STEP][PASSED] - delay: Delayed 2 second(s)

2019-01-03 13:24:37 - [MESSAGE][PASSED] - Delayed 2 second(s)

2019-01-03 13:24:37 - [TEST_STEP][PASSED] - click: Object: 'Object Repository/Final Object Repo/Page_Form 1A - Cessation As Employer/Save  Continue in Form 1A Page' is clicked on

2019-01-03 13:24:37 - [MESSAGE][PASSED] - Object: 'Object Repository/Final Object Repo/Page_Form 1A - Cessation As Employer/Save  Continue in Form 1A Page' is clicked on

2019-01-03 13:24:37 - [TEST_STEP][PASSED] - delay: Delayed 2 second(s)

2019-01-03 13:24:39 - [MESSAGE][PASSED] - Delayed 2 second(s)

2019-01-03 13:24:39 - [TEST_STEP][PASSED] - click: Object: 'Object Repository/Final Object Repo/Page_Form 1A - Cessation As Employer/Employment Resign Date' is clicked on

2019-01-03 13:24:40 - [MESSAGE][PASSED] - Object: 'Object Repository/Final Object Repo/Page_Form 1A - Cessation As Employer/Employment Resign Date' is clicked on

2019-01-03 13:24:40 - [TEST_STEP][PASSED] - delay: Delayed 1 second(s)

2019-01-03 13:24:41 - [MESSAGE][PASSED] - Delayed 1 second(s)

2019-01-03 13:24:41 - [TEST_STEP][PASSED] - Statement - CaseReferenceNo = com.kms.katalon.core.webui.keyword.WebUiBuiltInKeywords.getText(com.kms.katalon.core.testobject.ObjectRepository.findTestObject(Final Object Repo/Page_Update Employer Information/Reference Number in Update Employee Information Page)): Text of object 'Object Repository/Final Object Repo/Page_Update Employer Information/Reference Number in Update Employee Information Page' is: 'CUN012019C200001796'

2019-01-03 13:24:41 - [MESSAGE][PASSED] - Text of object 'Object Repository/Final Object Repo/Page_Update Employer Information/Reference Number in Update Employee Information Page' is: 'CUN012019C200001796'

2019-01-03 13:24:41 - [TEST_STEP][PASSED] - callTestCase: Call Test Case 'Test Cases/Final Aug 2018 - PKS Automation/Common/Reference Number Setter' successfully

2019-01-03 13:24:41 - [TEST_CASE][PASSED] - Test Cases/Final Aug 2018 - PKS Automation/Common/Reference Number Setter: Test Cases/Final Aug 2018 - PKS Automation/Common/Reference Number Setter

2019-01-03 13:24:41 - [TEST_STEP][PASSED] - Statement - RefNoOldFile = new java.io.File(C://Users//Admin//Desktop//PKS//Automation Reference Point//KatalonReference.txt): null

2019-01-03 13:24:41 - [TEST_STEP][PASSED] - Statement - RefNoOldFile.delete(): null

2019-01-03 13:24:41 - [TEST_STEP][PASSED] - delay: Delayed 5 second(s)

2019-01-03 13:24:46 - [MESSAGE][PASSED] - Delayed 5 second(s)

2019-01-03 13:24:46 - [TEST_STEP][PASSED] - Statement - RefNo = new java.io.File(C://Users//Admin//Desktop//PKS//Automation Reference Point//KatalonReference.txt): null

2019-01-03 13:24:46 - [TEST_STEP][PASSED] - Statement - f2 = new java.io.FileWriter(RefNo, false): null

2019-01-03 13:24:46 - [TEST_STEP][PASSED] - Statement - f2.write(CaseReferenceNo): null

2019-01-03 13:24:46 - [TEST_STEP][PASSED] - Statement - f2.close(): null

2019-01-03 13:24:46 - [TEST_STEP][PASSED] - Statement - out.println("


" + CaseReferenceNo + "


"): null

2019-01-03 13:24:46 - [MESSAGE][PASSED] - Call Test Case 'Test Cases/Final Aug 2018 - PKS Automation/Common/Reference Number Setter' successfully

2019-01-03 13:24:46 - [TEST_STEP][PASSED] - selectOptionByValue: All options with value '2030' are selected in object 'Object Repository/Final Object Repo/Page_Form 1A - Cessation As Employer/Employment Resign Date - Year' 

2019-01-03 13:24:47 - [MESSAGE][PASSED] - All options with value '2030' are selected in object 'Object Repository/Final Object Repo/Page_Form 1A - Cessation As Employer/Employment Resign Date - Year' 

2019-01-03 13:24:47 - [TEST_STEP][PASSED] - delay: Delayed 1 second(s)

2019-01-03 13:24:48 - [MESSAGE][PASSED] - Delayed 1 second(s)

2019-01-03 13:24:48 - [TEST_STEP][PASSED] - click: Object: 'Object Repository/Final Object Repo/Page_Form 1A - Cessation As Employer/Employment Resign Date - Year - Date' is clicked on

2019-01-03 13:24:48 - [MESSAGE][PASSED] - Object: 'Object Repository/Final Object Repo/Page_Form 1A - Cessation As Employer/Employment Resign Date - Year - Date' is clicked on

2019-01-03 13:24:48 - [TEST_STEP][PASSED] - delay: Delayed 2 second(s)

2019-01-03 13:24:50 - [MESSAGE][PASSED] - Delayed 2 second(s)

2019-01-03 13:24:50 - [TEST_STEP][PASSED] - click: Object: 'Object Repository/Final Object Repo/Page_Form 1A - Cessation As Employer/Save  Continue in Update Add Employee Resigned Date Page' is clicked on

2019-01-03 13:24:50 - [MESSAGE][PASSED] - Object: 'Object Repository/Final Object Repo/Page_Form 1A - Cessation As Employer/Save  Continue in Update Add Employee Resigned Date Page' is clicked on

2019-01-03 13:24:50 - [TEST_STEP][PASSED] - delay: Delayed 2 second(s)

2019-01-03 13:24:52 - [MESSAGE][PASSED] - Delayed 2 second(s)

2019-01-03 13:24:52 - [TEST_STEP][PASSED] - click: Object: 'Object Repository/Final Object Repo/Page_Form 1A - Cessation As Employer/Set Latest - Yes' is clicked on

2019-01-03 13:24:52 - [MESSAGE][PASSED] - Object: 'Object Repository/Final Object Repo/Page_Form 1A - Cessation As Employer/Set Latest - Yes' is clicked on

2019-01-03 13:24:52 - [TEST_STEP][PASSED] - delay: Delayed 2 second(s)

2019-01-03 13:24:54 - [MESSAGE][PASSED] - Delayed 2 second(s)

2019-01-03 13:24:54 - [TEST_STEP][PASSED] - click: Object: 'Object Repository/Final Object Repo/Page_Form 1A - Cessation As Employer/Add Document' is clicked on

2019-01-03 13:24:56 - [MESSAGE][PASSED] - Object: 'Object Repository/Final Object Repo/Page_Form 1A - Cessation As Employer/Add Document' is clicked on

2019-01-03 13:24:56 - [TEST_STEP][PASSED] - delay: Delayed 2 second(s)

2019-01-03 13:24:58 - [MESSAGE][PASSED] - Delayed 2 second(s)

2019-01-03 13:24:58 - [TEST_STEP][PASSED] - click: Object: 'Object Repository/Final Object Repo/Page_Form 1A - Cessation As Employer/Document Type' is clicked on

2019-01-03 13:24:59 - [MESSAGE][PASSED] - Object: 'Object Repository/Final Object Repo/Page_Form 1A - Cessation As Employer/Document Type' is clicked on

2019-01-03 13:24:59 - [TEST_STEP][PASSED] - delay: Delayed 2 second(s)

2019-01-03 13:25:01 - [MESSAGE][PASSED] - Delayed 2 second(s)

2019-01-03 13:25:01 - [TEST_STEP][PASSED] - click: Object: 'Object Repository/Final Object Repo/Page_Form 1A - Cessation As Employer/Document Type - Supporting Document For Cessation' is clicked on

2019-01-03 13:25:01 - [MESSAGE][PASSED] - Object: 'Object Repository/Final Object Repo/Page_Form 1A - Cessation As Employer/Document Type - Supporting Document For Cessation' is clicked on

2019-01-03 13:25:01 - [TEST_STEP][PASSED] - delay: Delayed 2 second(s)

2019-01-03 13:25:03 - [MESSAGE][PASSED] - Delayed 2 second(s)

2019-01-03 13:25:03 - [TEST_STEP][PASSED] - sendKeys: Keys 'C:\Users\Public\Pictures\Sample Pictures\Koala.jpg' sent to object: 'Object Repository/Final Object Repo/Page_Form 1A - Cessation As Employer/Uploading File'

2019-01-03 13:25:03 - [MESSAGE][PASSED] - Keys 'C:\Users\Public\Pictures\Sample Pictures\Koala.jpg' sent to object: 'Object Repository/Final Object Repo/Page_Form 1A - Cessation As Employer/Uploading File'

2019-01-03 13:25:03 - [TEST_STEP][PASSED] - delay: Delayed 2 second(s)

2019-01-03 13:25:05 - [MESSAGE][PASSED] - Delayed 2 second(s)

2019-01-03 13:25:05 - [TEST_STEP][PASSED] - click: Object: 'Object Repository/Final Object Repo/Page_Form 1A - Cessation As Employer/Add Document in Uploading Page' is clicked on

2019-01-03 13:25:06 - [MESSAGE][PASSED] - Object: 'Object Repository/Final Object Repo/Page_Form 1A - Cessation As Employer/Add Document in Uploading Page' is clicked on

2019-01-03 13:25:06 - [TEST_STEP][PASSED] - delay: Delayed 20 second(s)

2019-01-03 13:25:26 - [MESSAGE][PASSED] - Delayed 20 second(s)

2019-01-03 13:25:26 - [TEST_STEP][PASSED] - click: Object: 'Object Repository/Final Object Repo/Page_Form 1A - Cessation As Employer/Save  Continue in Uploading Page' is clicked on

2019-01-03 13:25:26 - [MESSAGE][PASSED] - Object: 'Object Repository/Final Object Repo/Page_Form 1A - Cessation As Employer/Save  Continue in Uploading Page' is clicked on

2019-01-03 13:25:26 - [TEST_STEP][PASSED] - delay: Delayed 2 second(s)

2019-01-03 13:25:28 - [MESSAGE][PASSED] - Delayed 2 second(s)

2019-01-03 13:25:28 - [TEST_STEP][PASSED] - click: Object: 'Object Repository/Final Object Repo/Page_Form 1A - Cessation As Employer/Submit2' is clicked on

2019-01-03 13:25:31 - [MESSAGE][PASSED] - Object: 'Object Repository/Final Object Repo/Page_Form 1A - Cessation As Employer/Submit2' is clicked on

2019-01-03 13:25:31 - [TEST_STEP][PASSED] - delay: Delayed 2 second(s)

2019-01-03 13:25:33 - [MESSAGE][PASSED] - Delayed 2 second(s)

2019-01-03 13:25:33 - [TEST_STEP][PASSED] - click: Object: 'Object Repository/Final Object Repo/Page_Form 1A - Cessation As Employer/Confirm' is clicked on

2019-01-03 13:25:33 - [MESSAGE][PASSED] - Object: 'Object Repository/Final Object Repo/Page_Form 1A - Cessation As Employer/Confirm' is clicked on

2019-01-03 13:25:33 - [TEST_STEP][PASSED] - delay: Delayed 2 second(s)

2019-01-03 13:25:35 - [MESSAGE][PASSED] - Delayed 2 second(s)

2019-01-03 13:25:35 - [TEST_STEP][PASSED] - verifyElementVisible: Object 'Object Repository/Final Object Repo/Page_Form 1A - Cessation As Employer/Message Your Request will be routed to UO' is visible

2019-01-03 13:25:42 - [MESSAGE][PASSED] - Object 'Object Repository/Final Object Repo/Page_Form 1A - Cessation As Employer/Message Your Request will be routed to UO' is visible

2019-01-03 13:25:42 - [TEST_STEP][PASSED] - delay: Delayed 1 second(s)

2019-01-03 13:25:43 - [MESSAGE][PASSED] - Delayed 1 second(s)

2019-01-03 13:25:43 - [TEST_STEP][PASSED] - verifyElementVisible: Object 'Object Repository/Final Object Repo/Page_Form 1A - Cessation As Employer/Letter of acknowledgement' is visible

2019-01-03 13:25:43 - [MESSAGE][PASSED] - Object 'Object Repository/Final Object Repo/Page_Form 1A - Cessation As Employer/Letter of acknowledgement' is visible

2019-01-03 13:25:43 - [MESSAGE][PASSED] - Call Test Case 'Test Cases/Final Aug 2018 - PKS Automation/Registration Module/Workflow/Form 1A - Cessation As Employer/Template/Form 1 A - Cessation As Employer (OTC)' successfully

2019-01-03 13:25:43 - [TEST_STEP][PASSED] - callTestCase: Call Test Case 'Test Cases/Final Aug 2018 - PKS Automation/Registration Module/Workflow/Form 1A - Cessation As Employer/Template/Form 1 A - Cessation As Employer (Query)' successfully

2019-01-03 13:25:43 - [TEST_CASE][PASSED] - Test Cases/Final Aug 2018 - PKS Automation/Registration Module/Workflow/Form 1A - Cessation As Employer/Template/Form 1 A - Cessation As Employer (Query): Test Cases/Final Aug 2018 - PKS Automation/Registration Module/Workflow/Form 1A - Cessation As Employer/Template/Form 1 A - Cessation As Employer (Query)

2019-01-03 13:25:43 - [TEST_STEP][NOT_RUN] - callTestCase: NOT_RUN: callTestCase

2019-01-03 13:25:43 - [MESSAGE][NOT_RUN] - NOT_RUN: callTestCase

2019-01-03 13:25:43 - [TEST_STEP][PASSED] - delay: Delayed 1 second(s)

2019-01-03 13:25:44 - [MESSAGE][PASSED] - Delayed 1 second(s)

2019-01-03 13:25:44 - [TEST_STEP][PASSED] - navigateToUrl: Navigate to 'https://assist2-uat.perkeso.gov.my/c/portal/logout' successfully

2019-01-03 13:25:45 - [MESSAGE][PASSED] - Navigate to 'https://assist2-uat.perkeso.gov.my/c/portal/logout' successfully

2019-01-03 13:25:45 - [TEST_STEP][PASSED] - delay: Delayed 1 second(s)

2019-01-03 13:25:46 - [MESSAGE][PASSED] - Delayed 1 second(s)

2019-01-03 13:25:46 - [TEST_STEP][PASSED] - callTestCase: Call Test Case 'Test Cases/Final Aug 2018 - PKS Automation/Common/Reference Number Getter' successfully

2019-01-03 13:25:46 - [TEST_CASE][PASSED] - Test Cases/Final Aug 2018 - PKS Automation/Common/Reference Number Getter: Test Cases/Final Aug 2018 - PKS Automation/Common/Reference Number Getter

2019-01-03 13:25:46 - [TEST_STEP][PASSED] - Statement - Try: null

2019-01-03 13:25:46 - [TEST_STEP][PASSED] - Statement - RefNo = new java.io.File(C://Users//Admin//Desktop//PKS//Automation Reference Point//KatalonReference.txt): null

2019-01-03 13:25:46 - [TEST_STEP][PASSED] - Statement - bufferread = new java.io.BufferedReader(new java.io.FileReader(RefNo)): null

2019-01-03 13:25:46 - [TEST_STEP][PASSED] - Statement - readedVal = bufferread.readLine(): null

2019-01-03 13:25:46 - [TEST_STEP][PASSED] - Statement - out.println(CaseReferenceNo): null

2019-01-03 13:25:46 - [TEST_STEP][PASSED] - Statement - out.println(readedVal): null

2019-01-03 13:25:46 - [TEST_STEP][PASSED] - Statement - CaseReferenceNo = "": null

2019-01-03 13:25:46 - [TEST_STEP][PASSED] - Statement - CaseReferenceNo = readedVal: null

2019-01-03 13:25:46 - [MESSAGE][PASSED] - Call Test Case 'Test Cases/Final Aug 2018 - PKS Automation/Common/Reference Number Getter' successfully

2019-01-03 13:25:46 - [TEST_STEP][PASSED] - callTestCase: Call Test Case 'Test Cases/Final Aug 2018 - PKS Automation/Common/Workflow Owner Finder' successfully

2019-01-03 13:25:46 - [TEST_CASE][PASSED] - Test Cases/Final Aug 2018 - PKS Automation/Common/Workflow Owner Finder: Test Cases/Final Aug 2018 - PKS Automation/Common/Workflow Owner Finder

2019-01-03 13:25:46 - [TEST_STEP][PASSED] - openBrowser: Browser is opened with url: ''

2019-01-03 13:25:46 - [MESSAGE][WARNING] - A browser is already opened. Closing browser and opening a new one

2019-01-03 13:25:50 - [MESSAGE][PASSED] - Browser is opened with url: ''

2019-01-03 13:25:50 - [TEST_STEP][PASSED] - navigateToUrl: Navigate to 'https://assist2-uat.perkeso.gov.my/login' successfully

2019-01-03 13:25:51 - [MESSAGE][PASSED] - Navigate to 'https://assist2-uat.perkeso.gov.my/login' successfully

2019-01-03 13:25:51 - [TEST_STEP][PASSED] - delay: Delayed 5 second(s)

2019-01-03 13:25:56 - [MESSAGE][PASSED] - Delayed 5 second(s)

2019-01-03 13:25:56 - [TEST_STEP][PASSED] - setText: Text 'test@liferay.com' is set on object 'Object Repository/Final Object Repo/Login Page/Internal User/Email Address'

2019-01-03 13:25:56 - [MESSAGE][PASSED] - Text 'test@liferay.com' is set on object 'Object Repository/Final Object Repo/Login Page/Internal User/Email Address'

2019-01-03 13:25:56 - [TEST_STEP][PASSED] - click: Object: 'Object Repository/Final Object Repo/Login Page/Internal User/Next Button' is clicked on

2019-01-03 13:25:56 - [MESSAGE][PASSED] - Object: 'Object Repository/Final Object Repo/Login Page/Internal User/Next Button' is clicked on

2019-01-03 13:25:56 - [TEST_STEP][PASSED] - delay: Delayed 2 second(s)

2019-01-03 13:25:58 - [MESSAGE][PASSED] - Delayed 2 second(s)

2019-01-03 13:25:58 - [TEST_STEP][PASSED] - setText: Text 'test' is set on object 'Object Repository/Final Object Repo/Login Page/Internal User/Password'

2019-01-03 13:25:58 - [MESSAGE][PASSED] - Text 'test' is set on object 'Object Repository/Final Object Repo/Login Page/Internal User/Password'

2019-01-03 13:25:58 - [TEST_STEP][PASSED] - delay: Delayed 2 second(s)

2019-01-03 13:26:00 - [MESSAGE][PASSED] - Delayed 2 second(s)

2019-01-03 13:26:00 - [TEST_STEP][PASSED] - click: Object: 'Object Repository/Final Object Repo/Login Page/Internal User/Login Button' is clicked on

2019-01-03 13:26:01 - [MESSAGE][PASSED] - Object: 'Object Repository/Final Object Repo/Login Page/Internal User/Login Button' is clicked on

2019-01-03 13:26:01 - [TEST_STEP][PASSED] - Statement - tester = com.kms.katalon.core.testobject.ObjectRepository.findTestObject(Final Object Repo/Landing Page/Select to English): Finding Test Object with id 'Object Repository/Final Object Repo/Landing Page/Select to English'

2019-01-03 13:26:01 - [TEST_STEP][PASSED] - Statement - Try: Delayed 2 second(s)

2019-01-03 13:26:01 - [TEST_STEP][PASSED] - Statement - Checker = com.kms.katalon.core.webui.keyword.WebUiBuiltInKeywords.verifyElementNotPresent(tester, 3): Web element with id: 'Object Repository/Final Object Repo/Landing Page/Select to English' located by 'By.xpath: //a[@class = 'taglib-language-list-text' and @lang = 'en-US' and (contains(text(), 'EN') or contains(., 'EN'))]' is not present after '3' second(s)

2019-01-03 13:26:02 - [MESSAGE][PASSED] - Web element with id: 'Object Repository/Final Object Repo/Landing Page/Select to English' located by 'By.xpath: //a[@class = 'taglib-language-list-text' and @lang = 'en-US' and (contains(text(), 'EN') or contains(., 'EN'))]' is not present after '3' second(s)

2019-01-03 13:26:02 - [TEST_STEP][PASSED] - Statement - If (Checker == false): null

2019-01-03 13:26:02 - [TEST_STEP][PASSED] - delay: Delayed 2 second(s)

2019-01-03 13:26:04 - [MESSAGE][PASSED] - Delayed 2 second(s)

2019-01-03 13:26:04 - [TEST_STEP][PASSED] - delay: Delayed 5 second(s)

2019-01-03 13:26:09 - [MESSAGE][PASSED] - Delayed 5 second(s)

2019-01-03 13:26:09 - [TEST_STEP][PASSED] - mouseOver: Object: 'Object Repository/Final Object Repo/Landing Page/WorkFlow Menu' is hovered

2019-01-03 13:26:10 - [MESSAGE][PASSED] - Object: 'Object Repository/Final Object Repo/Landing Page/WorkFlow Menu' is hovered

2019-01-03 13:26:10 - [TEST_STEP][PASSED] - delay: Delayed 2 second(s)

2019-01-03 13:26:12 - [MESSAGE][PASSED] - Delayed 2 second(s)

2019-01-03 13:26:12 - [TEST_STEP][PASSED] - click: Object: 'Object Repository/Final Object Repo/Landing Page/Select to Workflow Listing' is clicked on

2019-01-03 13:26:13 - [MESSAGE][PASSED] - Object: 'Object Repository/Final Object Repo/Landing Page/Select to Workflow Listing' is clicked on

2019-01-03 13:26:13 - [TEST_STEP][PASSED] - delay: Delayed 2 second(s)

2019-01-03 13:26:15 - [MESSAGE][PASSED] - Delayed 2 second(s)

2019-01-03 13:26:15 - [TEST_STEP][PASSED] - click: Object: 'Object Repository/Final Object Repo/WorkFlow Listing Page/Search Information - To Put Ref No' is clicked on

2019-01-03 13:26:15 - [MESSAGE][PASSED] - Object: 'Object Repository/Final Object Repo/WorkFlow Listing Page/Search Information - To Put Ref No' is clicked on

2019-01-03 13:26:15 - [TEST_STEP][PASSED] - delay: Delayed 2 second(s)

2019-01-03 13:26:17 - [MESSAGE][PASSED] - Delayed 2 second(s)

2019-01-03 13:26:17 - [TEST_STEP][PASSED] - callTestCase: Call Test Case 'Test Cases/Final Aug 2018 - PKS Automation/Common/Reference Number Getter' successfully

2019-01-03 13:26:17 - [TEST_CASE][PASSED] - Test Cases/Final Aug 2018 - PKS Automation/Common/Reference Number Getter: Test Cases/Final Aug 2018 - PKS Automation/Common/Reference Number Getter

2019-01-03 13:26:17 - [TEST_STEP][PASSED] - Statement - Try: null

2019-01-03 13:26:17 - [TEST_STEP][PASSED] - Statement - RefNo = new java.io.File(C://Users//Admin//Desktop//PKS//Automation Reference Point//KatalonReference.txt): null

2019-01-03 13:26:17 - [TEST_STEP][PASSED] - Statement - bufferread = new java.io.BufferedReader(new java.io.FileReader(RefNo)): null

2019-01-03 13:26:17 - [TEST_STEP][PASSED] - Statement - readedVal = bufferread.readLine(): null

2019-01-03 13:26:17 - [TEST_STEP][PASSED] - Statement - out.println(CaseReferenceNo): null

2019-01-03 13:26:17 - [TEST_STEP][PASSED] - Statement - out.println(readedVal): null

2019-01-03 13:26:17 - [TEST_STEP][PASSED] - Statement - CaseReferenceNo = "": null

2019-01-03 13:26:17 - [TEST_STEP][PASSED] - Statement - CaseReferenceNo = readedVal: null

2019-01-03 13:26:17 - [MESSAGE][PASSED] - Call Test Case 'Test Cases/Final Aug 2018 - PKS Automation/Common/Reference Number Getter' successfully

2019-01-03 13:26:17 - [TEST_STEP][PASSED] - setText: Text 'CUN012019C200001796' is set on object 'Object Repository/Final Object Repo/WorkFlow Listing Page/Ref No Set Text'

2019-01-03 13:26:17 - [MESSAGE][PASSED] - Text 'CUN012019C200001796' is set on object 'Object Repository/Final Object Repo/WorkFlow Listing Page/Ref No Set Text'

2019-01-03 13:26:17 - [TEST_STEP][PASSED] - delay: Delayed 2 second(s)

2019-01-03 13:26:19 - [MESSAGE][PASSED] - Delayed 2 second(s)

2019-01-03 13:26:19 - [TEST_STEP][PASSED] - click: Object: 'Object Repository/Final Object Repo/WorkFlow Listing Page/Search Ref No Search Button' is clicked on

2019-01-03 13:26:20 - [MESSAGE][PASSED] - Object: 'Object Repository/Final Object Repo/WorkFlow Listing Page/Search Ref No Search Button' is clicked on

2019-01-03 13:26:20 - [TEST_STEP][PASSED] - delay: Delayed 6 second(s)

2019-01-03 13:26:26 - [MESSAGE][PASSED] - Delayed 6 second(s)

2019-01-03 13:26:26 - [TEST_STEP][PASSED] - click: Object: 'Object Repository/Final Object Repo/WorkFlow Listing Page/Click Continue Tooltip' is clicked on

2019-01-03 13:26:27 - [MESSAGE][PASSED] - Object: 'Object Repository/Final Object Repo/WorkFlow Listing Page/Click Continue Tooltip' is clicked on

2019-01-03 13:26:27 - [TEST_STEP][PASSED] - delay: Delayed 5 second(s)

2019-01-03 13:26:32 - [MESSAGE][PASSED] - Delayed 5 second(s)

2019-01-03 13:26:32 - [TEST_STEP][PASSED] - doubleClick: Object: 'Object Repository/Final Object Repo/WorkFlow Listing Page/Workflow Found - Listing 1' is double clicked on

2019-01-03 13:26:32 - [MESSAGE][PASSED] - Object: 'Object Repository/Final Object Repo/WorkFlow Listing Page/Workflow Found - Listing 1' is double clicked on

2019-01-03 13:26:32 - [TEST_STEP][PASSED] - Statement - println(OwnerID): null

2019-01-03 13:26:32 - [TEST_STEP][PASSED] - Statement - OwnerID = com.kms.katalon.core.webui.keyword.WebUiBuiltInKeywords.getText(com.kms.katalon.core.testobject.ObjectRepository.findTestObject(Final Object Repo/WorkFlow Listing Page/Workflow Found - Listing 1), STOP_ON_FAILURE): Text of object 'Object Repository/Final Object Repo/WorkFlow Listing Page/Workflow Found - Listing 1' is: 'JOHORuo2'

2019-01-03 13:26:32 - [MESSAGE][PASSED] - Text of object 'Object Repository/Final Object Repo/WorkFlow Listing Page/Workflow Found - Listing 1' is: 'JOHORuo2'

2019-01-03 13:26:32 - [TEST_STEP][PASSED] - Statement - OwnerID = OwnerID.toLowerCase() + "@gmail.com": null

2019-01-03 13:26:32 - [TEST_STEP][PASSED] - Statement - println(OwnerID): null

2019-01-03 13:26:32 - [TEST_STEP][PASSED] - delay: Delayed 2 second(s)

2019-01-03 13:26:34 - [MESSAGE][PASSED] - Delayed 2 second(s)

2019-01-03 13:26:34 - [MESSAGE][PASSED] - Call Test Case 'Test Cases/Final Aug 2018 - PKS Automation/Common/Workflow Owner Finder' successfully

2019-01-03 13:26:34 - [TEST_STEP][PASSED] - delay: Delayed 1 second(s)

2019-01-03 13:26:35 - [MESSAGE][PASSED] - Delayed 1 second(s)

2019-01-03 13:26:35 - [TEST_STEP][PASSED] - navigateToUrl: Navigate to 'https://assist2-uat.perkeso.gov.my/c/portal/logout' successfully

2019-01-03 13:26:36 - [MESSAGE][PASSED] - Navigate to 'https://assist2-uat.perkeso.gov.my/c/portal/logout' successfully

2019-01-03 13:26:36 - [TEST_STEP][PASSED] - delay: Delayed 1 second(s)

2019-01-03 13:26:37 - [MESSAGE][PASSED] - Delayed 1 second(s)

2019-01-03 13:26:37 - [TEST_STEP][PASSED] - callTestCase: Call Test Case 'Test Cases/Final Aug 2018 - PKS Automation/Registration Module/Workflow/Login and Search Case For Workflow' successfully

2019-01-03 13:26:37 - [TEST_CASE][PASSED] - Test Cases/Final Aug 2018 - PKS Automation/Registration Module/Workflow/Login and Search Case For Workflow: Test Cases/Final Aug 2018 - PKS Automation/Registration Module/Workflow/Login and Search Case For Workflow

2019-01-03 13:26:37 - [TEST_STEP][PASSED] - navigateToUrl: Navigate to 'https://assist2-uat.perkeso.gov.my/login' successfully

2019-01-03 13:26:37 - [MESSAGE][PASSED] - Navigate to 'https://assist2-uat.perkeso.gov.my/login' successfully

2019-01-03 13:26:37 - [TEST_STEP][PASSED] - setText: Text 'johoruo2@gmail.com' is set on object 'Object Repository/Final Object Repo/Login Page/Internal User/Email Address'

2019-01-03 13:26:38 - [MESSAGE][PASSED] - Text 'johoruo2@gmail.com' is set on object 'Object Repository/Final Object Repo/Login Page/Internal User/Email Address'

2019-01-03 13:26:38 - [TEST_STEP][PASSED] - click: Object: 'Object Repository/Final Object Repo/Login Page/Internal User/Next Button' is clicked on

2019-01-03 13:26:38 - [MESSAGE][PASSED] - Object: 'Object Repository/Final Object Repo/Login Page/Internal User/Next Button' is clicked on

2019-01-03 13:26:38 - [TEST_STEP][PASSED] - delay: Delayed 1 second(s)

2019-01-03 13:26:39 - [MESSAGE][PASSED] - Delayed 1 second(s)

2019-01-03 13:26:39 - [TEST_STEP][PASSED] - setEncryptedText: Text ****** has been set on object 'Object Repository/Final Object Repo/Login Page/Internal User/Password'

2019-01-03 13:26:39 - [MESSAGE][PASSED] - Text ****** has been set on object 'Object Repository/Final Object Repo/Login Page/Internal User/Password'

2019-01-03 13:26:39 - [TEST_STEP][PASSED] - click: Object: 'Object Repository/Final Object Repo/Login Page/Internal User/Login Button' is clicked on

2019-01-03 13:26:39 - [MESSAGE][PASSED] - Object: 'Object Repository/Final Object Repo/Login Page/Internal User/Login Button' is clicked on

2019-01-03 13:26:39 - [TEST_STEP][PASSED] - delay: Delayed 2 second(s)

2019-01-03 13:26:41 - [MESSAGE][PASSED] - Delayed 2 second(s)

2019-01-03 13:26:41 - [TEST_STEP][PASSED] - Statement - Try: Delayed 2 second(s)

2019-01-03 13:26:41 - [TEST_STEP][PASSED] - Statement - Checker = false: null

2019-01-03 13:26:41 - [TEST_STEP][PASSED] - Statement - Checker = com.kms.katalon.core.webui.keyword.WebUiBuiltInKeywords.verifyElementHasAttribute(com.kms.katalon.core.testobject.ObjectRepository.findTestObject(Final Object Repo/Landing Page/BM Detecting), "href", 20, OPTIONAL): Object 'Object Repository/Final Object Repo/Landing Page/BM Detecting' has attribute 'href'

2019-01-03 13:26:41 - [MESSAGE][PASSED] - Object 'Object Repository/Final Object Repo/Landing Page/BM Detecting' has attribute 'href'

2019-01-03 13:26:41 - [TEST_STEP][PASSED] - Statement - out.println(Checker): null

2019-01-03 13:26:41 - [TEST_STEP][PASSED] - Statement - If (Checker == false): null

2019-01-03 13:26:41 - [TEST_STEP][PASSED] - Statement - Else: null

2019-01-03 13:26:41 - [TEST_STEP][PASSED] - delay: Delayed 2 second(s)

2019-01-03 13:26:43 - [MESSAGE][PASSED] - Delayed 2 second(s)

2019-01-03 13:26:43 - [TEST_STEP][PASSED] - click: Object: 'Object Repository/Final Object Repo/Page_MyASSIST - ASSIST - Search Pending Case For Add Supporting Document/Search Information' is clicked on

2019-01-03 13:26:44 - [MESSAGE][PASSED] - Object: 'Object Repository/Final Object Repo/Page_MyASSIST - ASSIST - Search Pending Case For Add Supporting Document/Search Information' is clicked on

2019-01-03 13:26:44 - [TEST_STEP][PASSED] - delay: Delayed 3 second(s)

2019-01-03 13:26:47 - [MESSAGE][PASSED] - Delayed 3 second(s)

2019-01-03 13:26:47 - [TEST_STEP][PASSED] - sendKeys: Keys 'CUN012019C200001796' sent to object: 'Object Repository/Final Object Repo/Page_MyASSIST - ASSIST - Search Pending Case For Add Supporting Document/Reference No'

2019-01-03 13:26:47 - [MESSAGE][PASSED] - Keys 'CUN012019C200001796' sent to object: 'Object Repository/Final Object Repo/Page_MyASSIST - ASSIST - Search Pending Case For Add Supporting Document/Reference No'

2019-01-03 13:26:47 - [TEST_STEP][PASSED] - click: Object: 'Object Repository/Final Object Repo/Page_MyASSIST - ASSIST - Search Pending Case For Add Supporting Document/Search Reference No' is clicked on

2019-01-03 13:26:47 - [MESSAGE][PASSED] - Object: 'Object Repository/Final Object Repo/Page_MyASSIST - ASSIST - Search Pending Case For Add Supporting Document/Search Reference No' is clicked on

2019-01-03 13:26:47 - [TEST_STEP][PASSED] - delay: Delayed 2 second(s)

2019-01-03 13:26:49 - [MESSAGE][PASSED] - Delayed 2 second(s)

2019-01-03 13:26:49 - [TEST_STEP][PASSED] - click: Object: 'Object Repository/Final Object Repo/Page_MyASSIST - ASSIST - Search Pending Case For Add Supporting Document/Continue' is clicked on

2019-01-03 13:26:53 - [MESSAGE][PASSED] - Object: 'Object Repository/Final Object Repo/Page_MyASSIST - ASSIST - Search Pending Case For Add Supporting Document/Continue' is clicked on

2019-01-03 13:26:53 - [TEST_STEP][PASSED] - delay: Delayed 20 second(s)

2019-01-03 13:27:13 - [MESSAGE][PASSED] - Delayed 20 second(s)

2019-01-03 13:27:13 - [MESSAGE][PASSED] - Call Test Case 'Test Cases/Final Aug 2018 - PKS Automation/Registration Module/Workflow/Login and Search Case For Workflow' successfully

2019-01-03 13:27:13 - [TEST_STEP][PASSED] - click: Object: 'Object Repository/Final Object Repo/Page_Form 1A - Cessation As Employer/Page_Form 1A - Cessation As Employer (Approve)/Save  Continue in Form 1A Page' is clicked on

2019-01-03 13:27:13 - [MESSAGE][PASSED] - Object: 'Object Repository/Final Object Repo/Page_Form 1A - Cessation As Employer/Page_Form 1A - Cessation As Employer (Approve)/Save  Continue in Form 1A Page' is clicked on

2019-01-03 13:27:13 - [TEST_STEP][PASSED] - delay: Delayed 2 second(s)

2019-01-03 13:27:15 - [MESSAGE][PASSED] - Delayed 2 second(s)

2019-01-03 13:27:15 - [TEST_STEP][PASSED] - click: Object: 'Object Repository/Final Object Repo/Page_Form 1A - Cessation As Employer/Employment Resign Date' is clicked on

2019-01-03 13:27:15 - [MESSAGE][PASSED] - Object: 'Object Repository/Final Object Repo/Page_Form 1A - Cessation As Employer/Employment Resign Date' is clicked on

2019-01-03 13:27:15 - [TEST_STEP][PASSED] - delay: Delayed 1 second(s)

2019-01-03 13:27:16 - [MESSAGE][PASSED] - Delayed 1 second(s)

2019-01-03 13:27:16 - [TEST_STEP][PASSED] - selectOptionByValue: All options with value '2030' are selected in object 'Object Repository/Final Object Repo/Page_Form 1A - Cessation As Employer/Employment Resign Date - Year' 

2019-01-03 13:27:16 - [MESSAGE][PASSED] - All options with value '2030' are selected in object 'Object Repository/Final Object Repo/Page_Form 1A - Cessation As Employer/Employment Resign Date - Year' 

2019-01-03 13:27:16 - [TEST_STEP][PASSED] - delay: Delayed 1 second(s)

2019-01-03 13:27:17 - [MESSAGE][PASSED] - Delayed 1 second(s)

2019-01-03 13:27:17 - [TEST_STEP][PASSED] - click: Object: 'Object Repository/Final Object Repo/Page_Form 1A - Cessation As Employer/Employment Resign Date - Year - Date' is clicked on

2019-01-03 13:27:18 - [MESSAGE][PASSED] - Object: 'Object Repository/Final Object Repo/Page_Form 1A - Cessation As Employer/Employment Resign Date - Year - Date' is clicked on

2019-01-03 13:27:18 - [TEST_STEP][PASSED] - delay: Delayed 2 second(s)

2019-01-03 13:27:20 - [MESSAGE][PASSED] - Delayed 2 second(s)

2019-01-03 13:27:20 - [TEST_STEP][PASSED] - click: Object: 'Object Repository/Final Object Repo/Page_Form 1A - Cessation As Employer/Page_Form 1A - Cessation As Employer (Approve)/Save  Continue in Update Add Employee Resigned Date Page' is clicked on

2019-01-03 13:27:20 - [MESSAGE][PASSED] - Object: 'Object Repository/Final Object Repo/Page_Form 1A - Cessation As Employer/Page_Form 1A - Cessation As Employer (Approve)/Save  Continue in Update Add Employee Resigned Date Page' is clicked on

2019-01-03 13:27:20 - [TEST_STEP][PASSED] - delay: Delayed 2 second(s)

2019-01-03 13:27:22 - [MESSAGE][PASSED] - Delayed 2 second(s)

2019-01-03 13:27:22 - [TEST_STEP][PASSED] - click: Object: 'Object Repository/Final Object Repo/Page_Form 1A - Cessation As Employer/Set Latest - Yes' is clicked on

2019-01-03 13:27:22 - [MESSAGE][PASSED] - Object: 'Object Repository/Final Object Repo/Page_Form 1A - Cessation As Employer/Set Latest - Yes' is clicked on

2019-01-03 13:27:22 - [TEST_STEP][PASSED] - delay: Delayed 2 second(s)

2019-01-03 13:27:24 - [MESSAGE][PASSED] - Delayed 2 second(s)

2019-01-03 13:27:24 - [TEST_STEP][PASSED] - setText: Text 'remark' is set on object 'Object Repository/Final Object Repo/Page_Form 1A - Cessation As Employer/Page_Form 1A - Cessation As Employer (Query)/Query - remark'

2019-01-03 13:27:25 - [MESSAGE][PASSED] - Text 'remark' is set on object 'Object Repository/Final Object Repo/Page_Form 1A - Cessation As Employer/Page_Form 1A - Cessation As Employer (Query)/Query - remark'

2019-01-03 13:27:25 - [TEST_STEP][PASSED] - delay: Delayed 2 second(s)

2019-01-03 13:27:27 - [MESSAGE][PASSED] - Delayed 2 second(s)

2019-01-03 13:27:27 - [TEST_STEP][PASSED] - click: Object: 'Object Repository/Final Object Repo/Page_Form 1A - Cessation As Employer/Page_Form 1A - Cessation As Employer (Approve)/Save  Contine in Uploading Document Page' is clicked on

2019-01-03 13:27:27 - [MESSAGE][PASSED] - Object: 'Object Repository/Final Object Repo/Page_Form 1A - Cessation As Employer/Page_Form 1A - Cessation As Employer (Approve)/Save  Contine in Uploading Document Page' is clicked on

2019-01-03 13:27:27 - [TEST_STEP][PASSED] - delay: Delayed 2 second(s)

2019-01-03 13:27:29 - [MESSAGE][PASSED] - Delayed 2 second(s)

2019-01-03 13:27:29 - [TEST_STEP][PASSED] - click: Object: 'Object Repository/Final Object Repo/Page_Form 1A - Cessation As Employer/Page_Form 1A - Cessation As Employer (Query)/Query' is clicked on

2019-01-03 13:27:33 - [MESSAGE][PASSED] - Object: 'Object Repository/Final Object Repo/Page_Form 1A - Cessation As Employer/Page_Form 1A - Cessation As Employer (Query)/Query' is clicked on

2019-01-03 13:27:33 - [TEST_STEP][PASSED] - delay: Delayed 2 second(s)

2019-01-03 13:27:35 - [MESSAGE][PASSED] - Delayed 2 second(s)

2019-01-03 13:27:35 - [TEST_STEP][PASSED] - click: Object: 'Object Repository/Final Object Repo/Page_Form 1A - Cessation As Employer/Page_Form 1A - Cessation As Employer (Query)/Confirm' is clicked on

2019-01-03 13:27:42 - [MESSAGE][PASSED] - Object: 'Object Repository/Final Object Repo/Page_Form 1A - Cessation As Employer/Page_Form 1A - Cessation As Employer (Query)/Confirm' is clicked on

2019-01-03 13:27:42 - [TEST_STEP][PASSED] - delay: Delayed 2 second(s)

2019-01-03 13:27:44 - [MESSAGE][PASSED] - Delayed 2 second(s)

2019-01-03 13:27:44 - [TEST_STEP][PASSED] - verifyElementVisible: Object 'Object Repository/Final Object Repo/Page_Form 1A - Cessation As Employer/Page_Form 1A - Cessation As Employer (Query)/MessageThe Case Is Under Query' is visible

2019-01-03 13:27:44 - [MESSAGE][PASSED] - Object 'Object Repository/Final Object Repo/Page_Form 1A - Cessation As Employer/Page_Form 1A - Cessation As Employer (Query)/MessageThe Case Is Under Query' is visible

2019-01-03 13:27:44 - [TEST_STEP][PASSED] - delay: Delayed 1 second(s)

2019-01-03 13:27:45 - [MESSAGE][PASSED] - Delayed 1 second(s)

2019-01-03 13:27:45 - [TEST_STEP][PASSED] - verifyElementVisible: Object 'Object Repository/Final Object Repo/Page_Form 1A - Cessation As Employer/Page_Form 1A - Cessation As Employer (Query)/Letter of inquiry' is visible

2019-01-03 13:27:45 - [MESSAGE][PASSED] - Object 'Object Repository/Final Object Repo/Page_Form 1A - Cessation As Employer/Page_Form 1A - Cessation As Employer (Query)/Letter of inquiry' is visible

2019-01-03 13:27:45 - [TEST_STEP][PASSED] - delay: Delayed 1 second(s)

2019-01-03 13:27:46 - [MESSAGE][PASSED] - Delayed 1 second(s)

2019-01-03 13:27:46 - [TEST_STEP][PASSED] - navigateToUrl: Navigate to 'https://assist2-uat.perkeso.gov.my/c/portal/logout' successfully

2019-01-03 13:27:47 - [MESSAGE][PASSED] - Navigate to 'https://assist2-uat.perkeso.gov.my/c/portal/logout' successfully

2019-01-03 13:27:47 - [TEST_STEP][PASSED] - delay: Delayed 1 second(s)

2019-01-03 13:27:48 - [MESSAGE][PASSED] - Delayed 1 second(s)

2019-01-03 13:27:48 - [TEST_STEP][PASSED] - callTestCase: Call Test Case 'Test Cases/Final Aug 2018 - PKS Automation/Registration Module/Workflow/Search Pending Case For Add Supporting Document (OTC)' successfully

2019-01-03 13:27:48 - [TEST_CASE][PASSED] - Test Cases/Final Aug 2018 - PKS Automation/Registration Module/Workflow/Search Pending Case For Add Supporting Document (OTC): Test Cases/Final Aug 2018 - PKS Automation/Registration Module/Workflow/Search Pending Case For Add Supporting Document (OTC)

2019-01-03 13:27:48 - [TEST_STEP][PASSED] - openBrowser: Browser is opened with url: ''

2019-01-03 13:27:48 - [MESSAGE][WARNING] - A browser is already opened. Closing browser and opening a new one

2019-01-03 13:27:51 - [MESSAGE][PASSED] - Browser is opened with url: ''

2019-01-03 13:27:51 - [TEST_STEP][PASSED] - navigateToUrl: Navigate to 'https://assist2-uat.perkeso.gov.my/login' successfully

2019-01-03 13:27:53 - [MESSAGE][PASSED] - Navigate to 'https://assist2-uat.perkeso.gov.my/login' successfully

2019-01-03 13:27:53 - [TEST_STEP][PASSED] - setText: Text 'johorotc1@gmail.com' is set on object 'Object Repository/Final Object Repo/Login Page/Internal User/Email Address'

2019-01-03 13:27:53 - [MESSAGE][PASSED] - Text 'johorotc1@gmail.com' is set on object 'Object Repository/Final Object Repo/Login Page/Internal User/Email Address'

2019-01-03 13:27:53 - [TEST_STEP][PASSED] - click: Object: 'Object Repository/Final Object Repo/Login Page/Internal User/Next Button' is clicked on

2019-01-03 13:27:53 - [MESSAGE][PASSED] - Object: 'Object Repository/Final Object Repo/Login Page/Internal User/Next Button' is clicked on

2019-01-03 13:27:53 - [TEST_STEP][PASSED] - delay: Delayed 1 second(s)

2019-01-03 13:27:54 - [MESSAGE][PASSED] - Delayed 1 second(s)

2019-01-03 13:27:54 - [TEST_STEP][PASSED] - setEncryptedText: Text ****** has been set on object 'Object Repository/Final Object Repo/Login Page/Internal User/Password'

2019-01-03 13:27:54 - [MESSAGE][PASSED] - Text ****** has been set on object 'Object Repository/Final Object Repo/Login Page/Internal User/Password'

2019-01-03 13:27:54 - [TEST_STEP][PASSED] - click: Object: 'Object Repository/Final Object Repo/Login Page/Internal User/Login Button' is clicked on

2019-01-03 13:27:54 - [MESSAGE][PASSED] - Object: 'Object Repository/Final Object Repo/Login Page/Internal User/Login Button' is clicked on

2019-01-03 13:27:54 - [TEST_STEP][PASSED] - delay: Delayed 1 second(s)

2019-01-03 13:27:55 - [MESSAGE][PASSED] - Delayed 1 second(s)

2019-01-03 13:27:55 - [TEST_STEP][PASSED] - Statement - Try: Delayed 2 second(s)

2019-01-03 13:27:55 - [TEST_STEP][PASSED] - Statement - Checker = false: null

2019-01-03 13:27:55 - [TEST_STEP][PASSED] - Statement - Checker = com.kms.katalon.core.webui.keyword.WebUiBuiltInKeywords.verifyElementHasAttribute(com.kms.katalon.core.testobject.ObjectRepository.findTestObject(Final Object Repo/Landing Page/BM Detecting), "href", 20, OPTIONAL): Object 'Object Repository/Final Object Repo/Landing Page/BM Detecting' has attribute 'href'

2019-01-03 13:27:56 - [MESSAGE][PASSED] - Object 'Object Repository/Final Object Repo/Landing Page/BM Detecting' has attribute 'href'

2019-01-03 13:27:56 - [TEST_STEP][PASSED] - Statement - out.println(Checker): null

2019-01-03 13:27:56 - [TEST_STEP][PASSED] - Statement - If (Checker == false): null

2019-01-03 13:27:56 - [TEST_STEP][PASSED] - Statement - Else: null

2019-01-03 13:27:56 - [TEST_STEP][PASSED] - delay: Delayed 2 second(s)

2019-01-03 13:27:59 - [MESSAGE][PASSED] - Delayed 2 second(s)

2019-01-03 13:27:59 - [TEST_STEP][PASSED] - navigateToUrl: Navigate to 'https://assist2-uat.perkeso.gov.my/web/registration/search/search-pending-case-for-add-supporting-document' successfully

2019-01-03 13:27:59 - [MESSAGE][PASSED] - Navigate to 'https://assist2-uat.perkeso.gov.my/web/registration/search/search-pending-case-for-add-supporting-document' successfully

2019-01-03 13:27:59 - [TEST_STEP][PASSED] - click: Object: 'Object Repository/Final Object Repo/Page_Search Pending Case For Add Suporting Document/Search By' is clicked on

2019-01-03 13:28:00 - [MESSAGE][PASSED] - Object: 'Object Repository/Final Object Repo/Page_Search Pending Case For Add Suporting Document/Search By' is clicked on

2019-01-03 13:28:00 - [TEST_STEP][PASSED] - click: Object: 'Object Repository/Final Object Repo/Page_Search Pending Case For Add Suporting Document/Search By - Reference ID' is clicked on

2019-01-03 13:28:00 - [MESSAGE][PASSED] - Object: 'Object Repository/Final Object Repo/Page_Search Pending Case For Add Suporting Document/Search By - Reference ID' is clicked on

2019-01-03 13:28:00 - [TEST_STEP][PASSED] - delay: Delayed 2 second(s)

2019-01-03 13:28:02 - [MESSAGE][PASSED] - Delayed 2 second(s)

2019-01-03 13:28:02 - [TEST_STEP][PASSED] - setText: Text 'CUN012019C200001796' is set on object 'Object Repository/Final Object Repo/Page_Search Pending Case For Add Suporting Document/Reference ID'

2019-01-03 13:28:02 - [MESSAGE][PASSED] - Text 'CUN012019C200001796' is set on object 'Object Repository/Final Object Repo/Page_Search Pending Case For Add Suporting Document/Reference ID'

2019-01-03 13:28:02 - [TEST_STEP][PASSED] - click: Object: 'Object Repository/Final Object Repo/Page_Search Pending Case For Add Suporting Document/Search' is clicked on

2019-01-03 13:28:02 - [MESSAGE][PASSED] - Object: 'Object Repository/Final Object Repo/Page_Search Pending Case For Add Suporting Document/Search' is clicked on

2019-01-03 13:28:02 - [TEST_STEP][PASSED] - delay: Delayed 2 second(s)

2019-01-03 13:28:04 - [MESSAGE][PASSED] - Delayed 2 second(s)

2019-01-03 13:28:04 - [TEST_STEP][PASSED] - click: Object: 'Object Repository/Final Object Repo/Page_Search Pending Case For Add Suporting Document/Edit' is clicked on

2019-01-03 13:28:07 - [MESSAGE][PASSED] - Object: 'Object Repository/Final Object Repo/Page_Search Pending Case For Add Suporting Document/Edit' is clicked on

2019-01-03 13:28:07 - [MESSAGE][PASSED] - Call Test Case 'Test Cases/Final Aug 2018 - PKS Automation/Registration Module/Workflow/Search Pending Case For Add Supporting Document (OTC)' successfully

2019-01-03 13:28:07 - [TEST_STEP][PASSED] - click: Object: 'Object Repository/Final Object Repo/Page_Form 1A - Cessation As Employer/Page_Form 1A - Cessation As Employer (Query -OTC -UO)/Next in Form 1A Page' is clicked on

2019-01-03 13:28:09 - [MESSAGE][PASSED] - Object: 'Object Repository/Final Object Repo/Page_Form 1A - Cessation As Employer/Page_Form 1A - Cessation As Employer (Query -OTC -UO)/Next in Form 1A Page' is clicked on

2019-01-03 13:28:09 - [TEST_STEP][PASSED] - delay: Delayed 2 second(s)

2019-01-03 13:28:11 - [MESSAGE][PASSED] - Delayed 2 second(s)

2019-01-03 13:28:11 - [TEST_STEP][PASSED] - click: Object: 'Object Repository/Final Object Repo/Page_Form 1A - Cessation As Employer/Page_Form 1A - Cessation As Employer (Query -OTC -UO)/Next in Resigned Date Page' is clicked on

2019-01-03 13:28:14 - [MESSAGE][PASSED] - Object: 'Object Repository/Final Object Repo/Page_Form 1A - Cessation As Employer/Page_Form 1A - Cessation As Employer (Query -OTC -UO)/Next in Resigned Date Page' is clicked on

2019-01-03 13:28:14 - [TEST_STEP][PASSED] - delay: Delayed 2 second(s)

2019-01-03 13:28:16 - [MESSAGE][PASSED] - Delayed 2 second(s)

2019-01-03 13:28:16 - [TEST_STEP][PASSED] - click: Object: 'Object Repository/Final Object Repo/Page_Form 1A - Cessation As Employer/Page_Form 1A - Cessation As Employer (Query -OTC -UO)/Add Document' is clicked on

2019-01-03 13:28:16 - [MESSAGE][PASSED] - Object: 'Object Repository/Final Object Repo/Page_Form 1A - Cessation As Employer/Page_Form 1A - Cessation As Employer (Query -OTC -UO)/Add Document' is clicked on

2019-01-03 13:28:16 - [TEST_STEP][PASSED] - delay: Delayed 2 second(s)

2019-01-03 13:28:18 - [MESSAGE][PASSED] - Delayed 2 second(s)

2019-01-03 13:28:18 - [TEST_STEP][PASSED] - click: Object: 'Object Repository/Final Object Repo/Page_Form 1A - Cessation As Employer/Page_Form 1A - Cessation As Employer (Query -OTC -UO)/Document Type' is clicked on

2019-01-03 13:28:19 - [MESSAGE][PASSED] - Object: 'Object Repository/Final Object Repo/Page_Form 1A - Cessation As Employer/Page_Form 1A - Cessation As Employer (Query -OTC -UO)/Document Type' is clicked on

2019-01-03 13:28:19 - [TEST_STEP][PASSED] - click: Object: 'Object Repository/Final Object Repo/Page_Form 1A - Cessation As Employer/Page_Form 1A - Cessation As Employer (Query -OTC -UO)/Document Type - Others' is clicked on

2019-01-03 13:28:20 - [MESSAGE][PASSED] - Object: 'Object Repository/Final Object Repo/Page_Form 1A - Cessation As Employer/Page_Form 1A - Cessation As Employer (Query -OTC -UO)/Document Type - Others' is clicked on

2019-01-03 13:28:20 - [TEST_STEP][PASSED] - delay: Delayed 2 second(s)

2019-01-03 13:28:22 - [MESSAGE][PASSED] - Delayed 2 second(s)

2019-01-03 13:28:22 - [TEST_STEP][PASSED] - sendKeys: Keys 'C:\Users\Public\Pictures\Sample Pictures\Koala.jpg' sent to object: 'Object Repository/Final Object Repo/Page_Form 1A - Cessation As Employer/Uploading File'

2019-01-03 13:28:22 - [MESSAGE][PASSED] - Keys 'C:\Users\Public\Pictures\Sample Pictures\Koala.jpg' sent to object: 'Object Repository/Final Object Repo/Page_Form 1A - Cessation As Employer/Uploading File'

2019-01-03 13:28:22 - [TEST_STEP][PASSED] - delay: Delayed 2 second(s)

2019-01-03 13:28:24 - [MESSAGE][PASSED] - Delayed 2 second(s)

2019-01-03 13:28:24 - [TEST_STEP][PASSED] - click: Object: 'Object Repository/Final Object Repo/Page_Form 1A - Cessation As Employer/Page_Form 1A - Cessation As Employer (Query -OTC -UO)/Add Document in Uploading Page' is clicked on

2019-01-03 13:28:24 - [MESSAGE][PASSED] - Object: 'Object Repository/Final Object Repo/Page_Form 1A - Cessation As Employer/Page_Form 1A - Cessation As Employer (Query -OTC -UO)/Add Document in Uploading Page' is clicked on

2019-01-03 13:28:24 - [TEST_STEP][PASSED] - delay: Delayed 4 second(s)

2019-01-03 13:28:28 - [MESSAGE][PASSED] - Delayed 4 second(s)

2019-01-03 13:28:28 - [TEST_STEP][PASSED] - click: Object: 'Object Repository/Final Object Repo/Page_Form 1A - Cessation As Employer/Page_Form 1A - Cessation As Employer (Query -OTC -UO)/Exit' is clicked on

2019-01-03 13:28:29 - [MESSAGE][PASSED] - Object: 'Object Repository/Final Object Repo/Page_Form 1A - Cessation As Employer/Page_Form 1A - Cessation As Employer (Query -OTC -UO)/Exit' is clicked on

2019-01-03 13:28:29 - [TEST_STEP][PASSED] - delay: Delayed 1 second(s)

2019-01-03 13:28:30 - [MESSAGE][PASSED] - Delayed 1 second(s)

2019-01-03 13:28:30 - [TEST_STEP][PASSED] - navigateToUrl: Navigate to 'https://assist2-uat.perkeso.gov.my/c/portal/logout' successfully

2019-01-03 13:28:31 - [MESSAGE][PASSED] - Navigate to 'https://assist2-uat.perkeso.gov.my/c/portal/logout' successfully

2019-01-03 13:28:31 - [TEST_STEP][PASSED] - delay: Delayed 1 second(s)

2019-01-03 13:28:32 - [MESSAGE][PASSED] - Delayed 1 second(s)

2019-01-03 13:28:32 - [TEST_STEP][PASSED] - callTestCase: Call Test Case 'Test Cases/Final Aug 2018 - PKS Automation/Registration Module/Workflow/Login and Search Case For Workflow' successfully

2019-01-03 13:28:32 - [TEST_CASE][PASSED] - Test Cases/Final Aug 2018 - PKS Automation/Registration Module/Workflow/Login and Search Case For Workflow: Test Cases/Final Aug 2018 - PKS Automation/Registration Module/Workflow/Login and Search Case For Workflow

2019-01-03 13:28:32 - [TEST_STEP][PASSED] - navigateToUrl: Navigate to 'https://assist2-uat.perkeso.gov.my/login' successfully

2019-01-03 13:28:32 - [MESSAGE][PASSED] - Navigate to 'https://assist2-uat.perkeso.gov.my/login' successfully

2019-01-03 13:28:32 - [TEST_STEP][PASSED] - setText: Text 'johoruo2@gmail.com' is set on object 'Object Repository/Final Object Repo/Login Page/Internal User/Email Address'

2019-01-03 13:28:32 - [MESSAGE][PASSED] - Text 'johoruo2@gmail.com' is set on object 'Object Repository/Final Object Repo/Login Page/Internal User/Email Address'

2019-01-03 13:28:32 - [TEST_STEP][PASSED] - click: Object: 'Object Repository/Final Object Repo/Login Page/Internal User/Next Button' is clicked on

2019-01-03 13:28:33 - [MESSAGE][PASSED] - Object: 'Object Repository/Final Object Repo/Login Page/Internal User/Next Button' is clicked on

2019-01-03 13:28:33 - [TEST_STEP][PASSED] - delay: Delayed 1 second(s)

2019-01-03 13:28:34 - [MESSAGE][PASSED] - Delayed 1 second(s)

2019-01-03 13:28:34 - [TEST_STEP][PASSED] - setEncryptedText: Text ****** has been set on object 'Object Repository/Final Object Repo/Login Page/Internal User/Password'

2019-01-03 13:28:34 - [MESSAGE][PASSED] - Text ****** has been set on object 'Object Repository/Final Object Repo/Login Page/Internal User/Password'

2019-01-03 13:28:34 - [TEST_STEP][PASSED] - click: Object: 'Object Repository/Final Object Repo/Login Page/Internal User/Login Button' is clicked on

2019-01-03 13:28:34 - [MESSAGE][PASSED] - Object: 'Object Repository/Final Object Repo/Login Page/Internal User/Login Button' is clicked on

2019-01-03 13:28:34 - [TEST_STEP][PASSED] - delay: Delayed 2 second(s)

2019-01-03 13:28:36 - [MESSAGE][PASSED] - Delayed 2 second(s)

2019-01-03 13:28:36 - [TEST_STEP][PASSED] - Statement - Try: Delayed 2 second(s)

2019-01-03 13:28:36 - [TEST_STEP][PASSED] - Statement - Checker = false: null

2019-01-03 13:28:36 - [TEST_STEP][PASSED] - Statement - Checker = com.kms.katalon.core.webui.keyword.WebUiBuiltInKeywords.verifyElementHasAttribute(com.kms.katalon.core.testobject.ObjectRepository.findTestObject(Final Object Repo/Landing Page/BM Detecting), "href", 20, OPTIONAL): Object 'Object Repository/Final Object Repo/Landing Page/BM Detecting' has attribute 'href'

2019-01-03 13:28:36 - [MESSAGE][PASSED] - Object 'Object Repository/Final Object Repo/Landing Page/BM Detecting' has attribute 'href'

2019-01-03 13:28:36 - [TEST_STEP][PASSED] - Statement - out.println(Checker): null

2019-01-03 13:28:36 - [TEST_STEP][PASSED] - Statement - If (Checker == false): null

2019-01-03 13:28:36 - [TEST_STEP][PASSED] - Statement - Else: null

2019-01-03 13:28:36 - [TEST_STEP][PASSED] - delay: Delayed 2 second(s)

2019-01-03 13:28:38 - [MESSAGE][PASSED] - Delayed 2 second(s)

2019-01-03 13:28:38 - [TEST_STEP][PASSED] - click: Object: 'Object Repository/Final Object Repo/Page_MyASSIST - ASSIST - Search Pending Case For Add Supporting Document/Search Information' is clicked on

2019-01-03 13:28:38 - [MESSAGE][PASSED] - Object: 'Object Repository/Final Object Repo/Page_MyASSIST - ASSIST - Search Pending Case For Add Supporting Document/Search Information' is clicked on

2019-01-03 13:28:38 - [TEST_STEP][PASSED] - delay: Delayed 3 second(s)

2019-01-03 13:28:41 - [MESSAGE][PASSED] - Delayed 3 second(s)

2019-01-03 13:28:41 - [TEST_STEP][PASSED] - sendKeys: Keys 'CUN012019C200001796' sent to object: 'Object Repository/Final Object Repo/Page_MyASSIST - ASSIST - Search Pending Case For Add Supporting Document/Reference No'

2019-01-03 13:28:42 - [MESSAGE][PASSED] - Keys 'CUN012019C200001796' sent to object: 'Object Repository/Final Object Repo/Page_MyASSIST - ASSIST - Search Pending Case For Add Supporting Document/Reference No'

2019-01-03 13:28:42 - [TEST_STEP][PASSED] - click: Object: 'Object Repository/Final Object Repo/Page_MyASSIST - ASSIST - Search Pending Case For Add Supporting Document/Search Reference No' is clicked on

2019-01-03 13:28:42 - [MESSAGE][PASSED] - Object: 'Object Repository/Final Object Repo/Page_MyASSIST - ASSIST - Search Pending Case For Add Supporting Document/Search Reference No' is clicked on

2019-01-03 13:28:42 - [TEST_STEP][PASSED] - delay: Delayed 2 second(s)

2019-01-03 13:28:44 - [MESSAGE][PASSED] - Delayed 2 second(s)

2019-01-03 13:28:44 - [TEST_STEP][PASSED] - click: Object: 'Object Repository/Final Object Repo/Page_MyASSIST - ASSIST - Search Pending Case For Add Supporting Document/Continue' is clicked on

2019-01-03 13:28:47 - [MESSAGE][PASSED] - Object: 'Object Repository/Final Object Repo/Page_MyASSIST - ASSIST - Search Pending Case For Add Supporting Document/Continue' is clicked on

2019-01-03 13:28:47 - [TEST_STEP][PASSED] - delay: Delayed 20 second(s)

2019-01-03 13:29:07 - [MESSAGE][PASSED] - Delayed 20 second(s)

2019-01-03 13:29:07 - [MESSAGE][PASSED] - Call Test Case 'Test Cases/Final Aug 2018 - PKS Automation/Registration Module/Workflow/Login and Search Case For Workflow' successfully

2019-01-03 13:29:07 - [TEST_STEP][PASSED] - click: Object: 'Object Repository/Final Object Repo/Page_Form 1A - Cessation As Employer/Page_Form 1A - Cessation As Employer (Approve)/Save  Continue in Form 1A Page' is clicked on

2019-01-03 13:29:07 - [MESSAGE][PASSED] - Object: 'Object Repository/Final Object Repo/Page_Form 1A - Cessation As Employer/Page_Form 1A - Cessation As Employer (Approve)/Save  Continue in Form 1A Page' is clicked on

2019-01-03 13:29:07 - [TEST_STEP][PASSED] - delay: Delayed 3 second(s)

2019-01-03 13:29:10 - [MESSAGE][PASSED] - Delayed 3 second(s)

2019-01-03 13:29:10 - [TEST_STEP][PASSED] - click: Object: 'Object Repository/Final Object Repo/Page_Form 1A - Cessation As Employer/Page_Form 1A - Cessation As Employer (Approve)/Save  Continue in Update Add Employee Resigned Date Page' is clicked on

2019-01-03 13:29:11 - [MESSAGE][PASSED] - Object: 'Object Repository/Final Object Repo/Page_Form 1A - Cessation As Employer/Page_Form 1A - Cessation As Employer (Approve)/Save  Continue in Update Add Employee Resigned Date Page' is clicked on

2019-01-03 13:29:11 - [TEST_STEP][PASSED] - delay: Delayed 3 second(s)

2019-01-03 13:29:14 - [MESSAGE][PASSED] - Delayed 3 second(s)

2019-01-03 13:29:14 - [TEST_STEP][PASSED] - click: Object: 'Object Repository/Final Object Repo/Page_Form 1A - Cessation As Employer/Page_Form 1A - Cessation As Employer (Approve)/Save  Contine in Uploading Document Page' is clicked on

2019-01-03 13:29:14 - [MESSAGE][PASSED] - Object: 'Object Repository/Final Object Repo/Page_Form 1A - Cessation As Employer/Page_Form 1A - Cessation As Employer (Approve)/Save  Contine in Uploading Document Page' is clicked on

2019-01-03 13:29:14 - [TEST_STEP][PASSED] - delay: Delayed 3 second(s)

2019-01-03 13:29:17 - [MESSAGE][PASSED] - Delayed 3 second(s)

2019-01-03 13:29:17 - [TEST_STEP][PASSED] - click: Object: 'Object Repository/Final Object Repo/Page_Form 1A - Cessation As Employer/Page_Form 1A - Cessation As Employer (Approve)/Approve' is clicked on

2019-01-03 13:29:19 - [MESSAGE][PASSED] - Object: 'Object Repository/Final Object Repo/Page_Form 1A - Cessation As Employer/Page_Form 1A - Cessation As Employer (Approve)/Approve' is clicked on

2019-01-03 13:29:19 - [TEST_STEP][PASSED] - delay: Delayed 2 second(s)

2019-01-03 13:29:21 - [MESSAGE][PASSED] - Delayed 2 second(s)

2019-01-03 13:29:21 - [TEST_STEP][PASSED] - click: Object: 'Object Repository/Final Object Repo/Page_Form 1A - Cessation As Employer/Confirm' is clicked on

2019-01-03 13:29:21 - [MESSAGE][PASSED] - Object: 'Object Repository/Final Object Repo/Page_Form 1A - Cessation As Employer/Confirm' is clicked on

2019-01-03 13:29:21 - [TEST_STEP][PASSED] - delay: Delayed 2 second(s)

2019-01-03 13:29:23 - [MESSAGE][PASSED] - Delayed 2 second(s)

2019-01-03 13:29:23 - [TEST_STEP][PASSED] - click: Object: 'Object Repository/Final Object Repo/Page_Form 1A - Cessation As Employer/Page_Form 1A - Cessation As Employer (Approve)/Message Your Request    Form 1A ' is clicked on

2019-01-03 13:29:32 - [MESSAGE][PASSED] - Object: 'Object Repository/Final Object Repo/Page_Form 1A - Cessation As Employer/Page_Form 1A - Cessation As Employer (Approve)/Message Your Request    Form 1A ' is clicked on

2019-01-03 13:29:32 - [TEST_STEP][PASSED] - delay: Delayed 2 second(s)

2019-01-03 13:29:34 - [MESSAGE][PASSED] - Delayed 2 second(s)

2019-01-03 13:29:34 - [TEST_STEP][PASSED] - click: Object: 'Object Repository/Final Object Repo/Page_Form 1A - Cessation As Employer/Page_Form 1A - Cessation As Employer (Approve)/Letter of successful update' is clicked on

2019-01-03 13:29:35 - [MESSAGE][PASSED] - Object: 'Object Repository/Final Object Repo/Page_Form 1A - Cessation As Employer/Page_Form 1A - Cessation As Employer (Approve)/Letter of successful update' is clicked on

2019-01-03 13:29:35 - [MESSAGE][PASSED] - Call Test Case 'Test Cases/Final Aug 2018 - PKS Automation/Registration Module/Workflow/Form 1A - Cessation As Employer/Template/Form 1 A - Cessation As Employer (Query)' successfully]]></system-out>
         <system-err><![CDATA[]]></system-err>
      </testcase>
      <testcase name="Test Cases/Final Aug 2018 - PKS Automation/Registration Module/Workflow/Form 1A - Cessation As Employer/OTC to UO (Reject)" classname="Test Cases/Final Aug 2018 - PKS Automation/Registration Module/Workflow/Form 1A - Cessation As Employer/OTC to UO (Reject)" status="PASSED">
         <system-out><![CDATA[2019-01-03 13:29:35 - [TEST_CASE][PASSED] - Test Cases/Final Aug 2018 - PKS Automation/Registration Module/Workflow/Form 1A - Cessation As Employer/OTC to UO (Reject): Test Cases/Final Aug 2018 - PKS Automation/Registration Module/Workflow/Form 1A - Cessation As Employer/OTC to UO (Reject)

2019-01-03 13:29:35 - [TEST_STEP][PASSED] - callTestCase: Call Test Case 'Test Cases/Final Aug 2018 - PKS Automation/Registration Module/Workflow/Form 1A - Cessation As Employer/Template/Form 1 A - Cessation As Employer (OTC)' successfully

2019-01-03 13:29:35 - [TEST_CASE][PASSED] - Test Cases/Final Aug 2018 - PKS Automation/Registration Module/Workflow/Form 1A - Cessation As Employer/Template/Form 1 A - Cessation As Employer (OTC): Test Cases/Final Aug 2018 - PKS Automation/Registration Module/Workflow/Form 1A - Cessation As Employer/Template/Form 1 A - Cessation As Employer (OTC)

2019-01-03 13:29:35 - [TEST_STEP][PASSED] - openBrowser: Browser is opened with url: ''

2019-01-03 13:29:35 - [MESSAGE][WARNING] - A browser is already opened. Closing browser and opening a new one

2019-01-03 13:29:39 - [MESSAGE][PASSED] - Browser is opened with url: ''

2019-01-03 13:29:39 - [TEST_STEP][PASSED] - navigateToUrl: Navigate to 'https://assist2-uat.perkeso.gov.my/login' successfully

2019-01-03 13:29:40 - [MESSAGE][PASSED] - Navigate to 'https://assist2-uat.perkeso.gov.my/login' successfully

2019-01-03 13:29:40 - [TEST_STEP][PASSED] - setText: Text 'johorotc1@gmail.com' is set on object 'Object Repository/Final Object Repo/Login Page/Internal User/Email Address'

2019-01-03 13:29:41 - [MESSAGE][PASSED] - Text 'johorotc1@gmail.com' is set on object 'Object Repository/Final Object Repo/Login Page/Internal User/Email Address'

2019-01-03 13:29:41 - [TEST_STEP][PASSED] - click: Object: 'Object Repository/Final Object Repo/Login Page/Internal User/Next Button' is clicked on

2019-01-03 13:29:41 - [MESSAGE][PASSED] - Object: 'Object Repository/Final Object Repo/Login Page/Internal User/Next Button' is clicked on

2019-01-03 13:29:41 - [TEST_STEP][PASSED] - delay: Delayed 1 second(s)

2019-01-03 13:29:42 - [MESSAGE][PASSED] - Delayed 1 second(s)

2019-01-03 13:29:42 - [TEST_STEP][PASSED] - setEncryptedText: Text ****** has been set on object 'Object Repository/Final Object Repo/Login Page/Internal User/Password'

2019-01-03 13:29:42 - [MESSAGE][PASSED] - Text ****** has been set on object 'Object Repository/Final Object Repo/Login Page/Internal User/Password'

2019-01-03 13:29:42 - [TEST_STEP][PASSED] - click: Object: 'Object Repository/Final Object Repo/Login Page/Internal User/Login Button' is clicked on

2019-01-03 13:29:42 - [MESSAGE][PASSED] - Object: 'Object Repository/Final Object Repo/Login Page/Internal User/Login Button' is clicked on

2019-01-03 13:29:42 - [TEST_STEP][PASSED] - delay: Delayed 1 second(s)

2019-01-03 13:29:43 - [MESSAGE][PASSED] - Delayed 1 second(s)

2019-01-03 13:29:43 - [TEST_STEP][PASSED] - Statement - Try: Delayed 2 second(s)

2019-01-03 13:29:43 - [TEST_STEP][PASSED] - Statement - Checker = false: null

2019-01-03 13:29:43 - [TEST_STEP][PASSED] - Statement - Checker = com.kms.katalon.core.webui.keyword.WebUiBuiltInKeywords.verifyElementHasAttribute(com.kms.katalon.core.testobject.ObjectRepository.findTestObject(Final Object Repo/Landing Page/BM Detecting), "href", 20, OPTIONAL): Object 'Object Repository/Final Object Repo/Landing Page/BM Detecting' has attribute 'href'

2019-01-03 13:29:44 - [MESSAGE][PASSED] - Object 'Object Repository/Final Object Repo/Landing Page/BM Detecting' has attribute 'href'

2019-01-03 13:29:44 - [TEST_STEP][PASSED] - Statement - out.println(Checker): null

2019-01-03 13:29:44 - [TEST_STEP][PASSED] - Statement - If (Checker == false): null

2019-01-03 13:29:44 - [TEST_STEP][PASSED] - Statement - Else: null

2019-01-03 13:29:44 - [TEST_STEP][PASSED] - delay: Delayed 2 second(s)

2019-01-03 13:29:46 - [MESSAGE][PASSED] - Delayed 2 second(s)

2019-01-03 13:29:46 - [TEST_STEP][PASSED] - navigateToUrl: Navigate to 'https://assist2-uat.perkeso.gov.my/web/registration/update/form-1a-cessation-as-employer-discontinue-business-' successfully

2019-01-03 13:29:47 - [MESSAGE][PASSED] - Navigate to 'https://assist2-uat.perkeso.gov.my/web/registration/update/form-1a-cessation-as-employer-discontinue-business-' successfully

2019-01-03 13:29:47 - [TEST_STEP][PASSED] - setText: Text 'E1102069770Z' is set on object 'Object Repository/Final Object Repo/Page_Update Employer Information/Employer Code'

2019-01-03 13:29:47 - [MESSAGE][PASSED] - Text 'E1102069770Z' is set on object 'Object Repository/Final Object Repo/Page_Update Employer Information/Employer Code'

2019-01-03 13:29:47 - [TEST_STEP][PASSED] - click: Object: 'Object Repository/Final Object Repo/Page_Update Employer Information/Search Button' is clicked on

2019-01-03 13:29:48 - [MESSAGE][PASSED] - Object: 'Object Repository/Final Object Repo/Page_Update Employer Information/Search Button' is clicked on

2019-01-03 13:29:48 - [TEST_STEP][PASSED] - click: Object: 'Object Repository/Final Object Repo/Page_Update Employer Information/Edit Button' is clicked on

2019-01-03 13:29:50 - [MESSAGE][PASSED] - Object: 'Object Repository/Final Object Repo/Page_Update Employer Information/Edit Button' is clicked on

2019-01-03 13:29:50 - [TEST_STEP][PASSED] - Statement - abc = com.kms.katalon.core.webui.keyword.WebUiBuiltInKeywords.getAttribute(com.kms.katalon.core.testobject.ObjectRepository.findTestObject(Final Object Repo/Page_Form 1A - Cessation As Employer/Employer Status), "value"): Attribute 'value' of object 'Object Repository/Final Object Repo/Page_Form 1A - Cessation As Employer/Employer Status' is: 'Dormant'

2019-01-03 13:29:50 - [MESSAGE][PASSED] - Attribute 'value' of object 'Object Repository/Final Object Repo/Page_Form 1A - Cessation As Employer/Employer Status' is: 'Dormant'

2019-01-03 13:29:50 - [TEST_STEP][PASSED] - Statement - out.println(abc): null

2019-01-03 13:29:50 - [TEST_STEP][PASSED] - Statement - If (abc == "Active"): null

2019-01-03 13:29:50 - [TEST_STEP][PASSED] - Statement - Else If (abc == "Cancel"): null

2019-01-03 13:29:50 - [TEST_STEP][PASSED] - Statement - Else If (abc == "Dormant"): Object: 'Object Repository/Final Object Repo/Page_Form 1A - Cessation As Employer/Change Employer Status to - Dormant' is clicked on

2019-01-03 13:29:50 - [TEST_STEP][PASSED] - click: Object: 'Object Repository/Final Object Repo/Page_Form 1A - Cessation As Employer/Change Employer Status to' is clicked on

2019-01-03 13:29:51 - [MESSAGE][PASSED] - Object: 'Object Repository/Final Object Repo/Page_Form 1A - Cessation As Employer/Change Employer Status to' is clicked on

2019-01-03 13:29:51 - [TEST_STEP][PASSED] - click: Object: 'Object Repository/Final Object Repo/Page_Form 1A - Cessation As Employer/Change Employer Status to - Dormant' is clicked on

2019-01-03 13:29:51 - [MESSAGE][PASSED] - Object: 'Object Repository/Final Object Repo/Page_Form 1A - Cessation As Employer/Change Employer Status to - Dormant' is clicked on

2019-01-03 13:29:51 - [TEST_STEP][PASSED] - click: Object: 'Object Repository/Final Object Repo/Page_Form 1A - Cessation As Employer/Calender' is clicked on

2019-01-03 13:29:51 - [MESSAGE][PASSED] - Object: 'Object Repository/Final Object Repo/Page_Form 1A - Cessation As Employer/Calender' is clicked on

2019-01-03 13:29:51 - [TEST_STEP][PASSED] - click: Object: 'Object Repository/Final Object Repo/Page_Form 1A - Cessation As Employer/Calender - Date' is clicked on

2019-01-03 13:29:51 - [MESSAGE][PASSED] - Object: 'Object Repository/Final Object Repo/Page_Form 1A - Cessation As Employer/Calender - Date' is clicked on

2019-01-03 13:29:51 - [TEST_STEP][PASSED] - delay: Delayed 2 second(s)

2019-01-03 13:29:53 - [MESSAGE][PASSED] - Delayed 2 second(s)

2019-01-03 13:29:53 - [TEST_STEP][PASSED] - click: Object: 'Object Repository/Final Object Repo/Page_Form 1A - Cessation As Employer/Save  Continue in Form 1A Page' is clicked on

2019-01-03 13:29:53 - [MESSAGE][PASSED] - Object: 'Object Repository/Final Object Repo/Page_Form 1A - Cessation As Employer/Save  Continue in Form 1A Page' is clicked on

2019-01-03 13:29:53 - [TEST_STEP][PASSED] - delay: Delayed 2 second(s)

2019-01-03 13:29:55 - [MESSAGE][PASSED] - Delayed 2 second(s)

2019-01-03 13:29:55 - [TEST_STEP][PASSED] - click: Object: 'Object Repository/Final Object Repo/Page_Form 1A - Cessation As Employer/Employment Resign Date' is clicked on

2019-01-03 13:29:56 - [MESSAGE][PASSED] - Object: 'Object Repository/Final Object Repo/Page_Form 1A - Cessation As Employer/Employment Resign Date' is clicked on

2019-01-03 13:29:56 - [TEST_STEP][PASSED] - delay: Delayed 1 second(s)

2019-01-03 13:29:57 - [MESSAGE][PASSED] - Delayed 1 second(s)

2019-01-03 13:29:57 - [TEST_STEP][PASSED] - Statement - CaseReferenceNo = com.kms.katalon.core.webui.keyword.WebUiBuiltInKeywords.getText(com.kms.katalon.core.testobject.ObjectRepository.findTestObject(Final Object Repo/Page_Update Employer Information/Reference Number in Update Employee Information Page)): Text of object 'Object Repository/Final Object Repo/Page_Update Employer Information/Reference Number in Update Employee Information Page' is: 'CUN012019C200001797'

2019-01-03 13:29:57 - [MESSAGE][PASSED] - Text of object 'Object Repository/Final Object Repo/Page_Update Employer Information/Reference Number in Update Employee Information Page' is: 'CUN012019C200001797'

2019-01-03 13:29:57 - [TEST_STEP][PASSED] - callTestCase: Call Test Case 'Test Cases/Final Aug 2018 - PKS Automation/Common/Reference Number Setter' successfully

2019-01-03 13:29:57 - [TEST_CASE][PASSED] - Test Cases/Final Aug 2018 - PKS Automation/Common/Reference Number Setter: Test Cases/Final Aug 2018 - PKS Automation/Common/Reference Number Setter

2019-01-03 13:29:57 - [TEST_STEP][PASSED] - Statement - RefNoOldFile = new java.io.File(C://Users//Admin//Desktop//PKS//Automation Reference Point//KatalonReference.txt): null

2019-01-03 13:29:57 - [TEST_STEP][PASSED] - Statement - RefNoOldFile.delete(): null

2019-01-03 13:29:57 - [TEST_STEP][PASSED] - delay: Delayed 5 second(s)

2019-01-03 13:30:02 - [MESSAGE][PASSED] - Delayed 5 second(s)

2019-01-03 13:30:02 - [TEST_STEP][PASSED] - Statement - RefNo = new java.io.File(C://Users//Admin//Desktop//PKS//Automation Reference Point//KatalonReference.txt): null

2019-01-03 13:30:02 - [TEST_STEP][PASSED] - Statement - f2 = new java.io.FileWriter(RefNo, false): null

2019-01-03 13:30:02 - [TEST_STEP][PASSED] - Statement - f2.write(CaseReferenceNo): null

2019-01-03 13:30:02 - [TEST_STEP][PASSED] - Statement - f2.close(): null

2019-01-03 13:30:02 - [TEST_STEP][PASSED] - Statement - out.println("


" + CaseReferenceNo + "


"): null

2019-01-03 13:30:02 - [MESSAGE][PASSED] - Call Test Case 'Test Cases/Final Aug 2018 - PKS Automation/Common/Reference Number Setter' successfully

2019-01-03 13:30:02 - [TEST_STEP][PASSED] - selectOptionByValue: All options with value '2030' are selected in object 'Object Repository/Final Object Repo/Page_Form 1A - Cessation As Employer/Employment Resign Date - Year' 

2019-01-03 13:30:02 - [MESSAGE][PASSED] - All options with value '2030' are selected in object 'Object Repository/Final Object Repo/Page_Form 1A - Cessation As Employer/Employment Resign Date - Year' 

2019-01-03 13:30:02 - [TEST_STEP][PASSED] - delay: Delayed 1 second(s)

2019-01-03 13:30:03 - [MESSAGE][PASSED] - Delayed 1 second(s)

2019-01-03 13:30:03 - [TEST_STEP][PASSED] - click: Object: 'Object Repository/Final Object Repo/Page_Form 1A - Cessation As Employer/Employment Resign Date - Year - Date' is clicked on

2019-01-03 13:30:03 - [MESSAGE][PASSED] - Object: 'Object Repository/Final Object Repo/Page_Form 1A - Cessation As Employer/Employment Resign Date - Year - Date' is clicked on

2019-01-03 13:30:03 - [TEST_STEP][PASSED] - delay: Delayed 2 second(s)

2019-01-03 13:30:05 - [MESSAGE][PASSED] - Delayed 2 second(s)

2019-01-03 13:30:05 - [TEST_STEP][PASSED] - click: Object: 'Object Repository/Final Object Repo/Page_Form 1A - Cessation As Employer/Save  Continue in Update Add Employee Resigned Date Page' is clicked on

2019-01-03 13:30:05 - [MESSAGE][PASSED] - Object: 'Object Repository/Final Object Repo/Page_Form 1A - Cessation As Employer/Save  Continue in Update Add Employee Resigned Date Page' is clicked on

2019-01-03 13:30:05 - [TEST_STEP][PASSED] - delay: Delayed 2 second(s)

2019-01-03 13:30:07 - [MESSAGE][PASSED] - Delayed 2 second(s)

2019-01-03 13:30:07 - [TEST_STEP][PASSED] - click: Object: 'Object Repository/Final Object Repo/Page_Form 1A - Cessation As Employer/Set Latest - Yes' is clicked on

2019-01-03 13:30:07 - [MESSAGE][PASSED] - Object: 'Object Repository/Final Object Repo/Page_Form 1A - Cessation As Employer/Set Latest - Yes' is clicked on

2019-01-03 13:30:07 - [TEST_STEP][PASSED] - delay: Delayed 2 second(s)

2019-01-03 13:30:09 - [MESSAGE][PASSED] - Delayed 2 second(s)

2019-01-03 13:30:09 - [TEST_STEP][PASSED] - click: Object: 'Object Repository/Final Object Repo/Page_Form 1A - Cessation As Employer/Add Document' is clicked on

2019-01-03 13:30:11 - [MESSAGE][PASSED] - Object: 'Object Repository/Final Object Repo/Page_Form 1A - Cessation As Employer/Add Document' is clicked on

2019-01-03 13:30:11 - [TEST_STEP][PASSED] - delay: Delayed 2 second(s)

2019-01-03 13:30:13 - [MESSAGE][PASSED] - Delayed 2 second(s)

2019-01-03 13:30:13 - [TEST_STEP][PASSED] - click: Object: 'Object Repository/Final Object Repo/Page_Form 1A - Cessation As Employer/Document Type' is clicked on

2019-01-03 13:30:14 - [MESSAGE][PASSED] - Object: 'Object Repository/Final Object Repo/Page_Form 1A - Cessation As Employer/Document Type' is clicked on

2019-01-03 13:30:14 - [TEST_STEP][PASSED] - delay: Delayed 2 second(s)

2019-01-03 13:30:16 - [MESSAGE][PASSED] - Delayed 2 second(s)

2019-01-03 13:30:16 - [TEST_STEP][PASSED] - click: Object: 'Object Repository/Final Object Repo/Page_Form 1A - Cessation As Employer/Document Type - Supporting Document For Cessation' is clicked on

2019-01-03 13:30:16 - [MESSAGE][PASSED] - Object: 'Object Repository/Final Object Repo/Page_Form 1A - Cessation As Employer/Document Type - Supporting Document For Cessation' is clicked on

2019-01-03 13:30:16 - [TEST_STEP][PASSED] - delay: Delayed 2 second(s)

2019-01-03 13:30:18 - [MESSAGE][PASSED] - Delayed 2 second(s)

2019-01-03 13:30:18 - [TEST_STEP][PASSED] - sendKeys: Keys 'C:\Users\Public\Pictures\Sample Pictures\Koala.jpg' sent to object: 'Object Repository/Final Object Repo/Page_Form 1A - Cessation As Employer/Uploading File'

2019-01-03 13:30:18 - [MESSAGE][PASSED] - Keys 'C:\Users\Public\Pictures\Sample Pictures\Koala.jpg' sent to object: 'Object Repository/Final Object Repo/Page_Form 1A - Cessation As Employer/Uploading File'

2019-01-03 13:30:18 - [TEST_STEP][PASSED] - delay: Delayed 2 second(s)

2019-01-03 13:30:21 - [MESSAGE][PASSED] - Delayed 2 second(s)

2019-01-03 13:30:21 - [TEST_STEP][PASSED] - click: Object: 'Object Repository/Final Object Repo/Page_Form 1A - Cessation As Employer/Add Document in Uploading Page' is clicked on

2019-01-03 13:30:21 - [MESSAGE][PASSED] - Object: 'Object Repository/Final Object Repo/Page_Form 1A - Cessation As Employer/Add Document in Uploading Page' is clicked on

2019-01-03 13:30:21 - [TEST_STEP][PASSED] - delay: Delayed 20 second(s)

2019-01-03 13:30:41 - [MESSAGE][PASSED] - Delayed 20 second(s)

2019-01-03 13:30:41 - [TEST_STEP][PASSED] - click: Object: 'Object Repository/Final Object Repo/Page_Form 1A - Cessation As Employer/Save  Continue in Uploading Page' is clicked on

2019-01-03 13:30:41 - [MESSAGE][PASSED] - Object: 'Object Repository/Final Object Repo/Page_Form 1A - Cessation As Employer/Save  Continue in Uploading Page' is clicked on

2019-01-03 13:30:41 - [TEST_STEP][PASSED] - delay: Delayed 2 second(s)

2019-01-03 13:30:43 - [MESSAGE][PASSED] - Delayed 2 second(s)

2019-01-03 13:30:43 - [TEST_STEP][PASSED] - click: Object: 'Object Repository/Final Object Repo/Page_Form 1A - Cessation As Employer/Submit2' is clicked on

2019-01-03 13:30:46 - [MESSAGE][PASSED] - Object: 'Object Repository/Final Object Repo/Page_Form 1A - Cessation As Employer/Submit2' is clicked on

2019-01-03 13:30:46 - [TEST_STEP][PASSED] - delay: Delayed 2 second(s)

2019-01-03 13:30:48 - [MESSAGE][PASSED] - Delayed 2 second(s)

2019-01-03 13:30:48 - [TEST_STEP][PASSED] - click: Object: 'Object Repository/Final Object Repo/Page_Form 1A - Cessation As Employer/Confirm' is clicked on

2019-01-03 13:30:48 - [MESSAGE][PASSED] - Object: 'Object Repository/Final Object Repo/Page_Form 1A - Cessation As Employer/Confirm' is clicked on

2019-01-03 13:30:48 - [TEST_STEP][PASSED] - delay: Delayed 2 second(s)

2019-01-03 13:30:50 - [MESSAGE][PASSED] - Delayed 2 second(s)

2019-01-03 13:30:50 - [TEST_STEP][PASSED] - verifyElementVisible: Object 'Object Repository/Final Object Repo/Page_Form 1A - Cessation As Employer/Message Your Request will be routed to UO' is visible

2019-01-03 13:30:54 - [MESSAGE][PASSED] - Object 'Object Repository/Final Object Repo/Page_Form 1A - Cessation As Employer/Message Your Request will be routed to UO' is visible

2019-01-03 13:30:54 - [TEST_STEP][PASSED] - delay: Delayed 1 second(s)

2019-01-03 13:30:55 - [MESSAGE][PASSED] - Delayed 1 second(s)

2019-01-03 13:30:55 - [TEST_STEP][PASSED] - verifyElementVisible: Object 'Object Repository/Final Object Repo/Page_Form 1A - Cessation As Employer/Letter of acknowledgement' is visible

2019-01-03 13:30:55 - [MESSAGE][PASSED] - Object 'Object Repository/Final Object Repo/Page_Form 1A - Cessation As Employer/Letter of acknowledgement' is visible

2019-01-03 13:30:55 - [MESSAGE][PASSED] - Call Test Case 'Test Cases/Final Aug 2018 - PKS Automation/Registration Module/Workflow/Form 1A - Cessation As Employer/Template/Form 1 A - Cessation As Employer (OTC)' successfully

2019-01-03 13:30:55 - [TEST_STEP][PASSED] - callTestCase: Call Test Case 'Test Cases/Final Aug 2018 - PKS Automation/Registration Module/Workflow/Form 1A - Cessation As Employer/Template/Form 1 A - Cessation As Employer (Reject)' successfully

2019-01-03 13:30:56 - [TEST_CASE][PASSED] - Test Cases/Final Aug 2018 - PKS Automation/Registration Module/Workflow/Form 1A - Cessation As Employer/Template/Form 1 A - Cessation As Employer (Reject): Test Cases/Final Aug 2018 - PKS Automation/Registration Module/Workflow/Form 1A - Cessation As Employer/Template/Form 1 A - Cessation As Employer (Reject)

2019-01-03 13:30:56 - [TEST_STEP][PASSED] - callTestCase: Call Test Case 'Test Cases/Final Aug 2018 - PKS Automation/Registration Module/Workflow/Form 1A - Cessation As Employer/Template/Form 1 A - Cessation As Employer (OTC)' successfully

2019-01-03 13:30:56 - [TEST_CASE][PASSED] - Test Cases/Final Aug 2018 - PKS Automation/Registration Module/Workflow/Form 1A - Cessation As Employer/Template/Form 1 A - Cessation As Employer (OTC): Test Cases/Final Aug 2018 - PKS Automation/Registration Module/Workflow/Form 1A - Cessation As Employer/Template/Form 1 A - Cessation As Employer (OTC)

2019-01-03 13:30:56 - [TEST_STEP][PASSED] - openBrowser: Browser is opened with url: ''

2019-01-03 13:30:56 - [MESSAGE][WARNING] - A browser is already opened. Closing browser and opening a new one

2019-01-03 13:30:59 - [MESSAGE][PASSED] - Browser is opened with url: ''

2019-01-03 13:30:59 - [TEST_STEP][PASSED] - navigateToUrl: Navigate to 'https://assist2-uat.perkeso.gov.my/login' successfully

2019-01-03 13:31:00 - [MESSAGE][PASSED] - Navigate to 'https://assist2-uat.perkeso.gov.my/login' successfully

2019-01-03 13:31:00 - [TEST_STEP][PASSED] - setText: Text 'johorotc1@gmail.com' is set on object 'Object Repository/Final Object Repo/Login Page/Internal User/Email Address'

2019-01-03 13:31:01 - [MESSAGE][PASSED] - Text 'johorotc1@gmail.com' is set on object 'Object Repository/Final Object Repo/Login Page/Internal User/Email Address'

2019-01-03 13:31:01 - [TEST_STEP][PASSED] - click: Object: 'Object Repository/Final Object Repo/Login Page/Internal User/Next Button' is clicked on

2019-01-03 13:31:01 - [MESSAGE][PASSED] - Object: 'Object Repository/Final Object Repo/Login Page/Internal User/Next Button' is clicked on

2019-01-03 13:31:01 - [TEST_STEP][PASSED] - delay: Delayed 1 second(s)

2019-01-03 13:31:02 - [MESSAGE][PASSED] - Delayed 1 second(s)

2019-01-03 13:31:02 - [TEST_STEP][PASSED] - setEncryptedText: Text ****** has been set on object 'Object Repository/Final Object Repo/Login Page/Internal User/Password'

2019-01-03 13:31:02 - [MESSAGE][PASSED] - Text ****** has been set on object 'Object Repository/Final Object Repo/Login Page/Internal User/Password'

2019-01-03 13:31:02 - [TEST_STEP][PASSED] - click: Object: 'Object Repository/Final Object Repo/Login Page/Internal User/Login Button' is clicked on

2019-01-03 13:31:02 - [MESSAGE][PASSED] - Object: 'Object Repository/Final Object Repo/Login Page/Internal User/Login Button' is clicked on

2019-01-03 13:31:02 - [TEST_STEP][PASSED] - delay: Delayed 1 second(s)

2019-01-03 13:31:03 - [MESSAGE][PASSED] - Delayed 1 second(s)

2019-01-03 13:31:03 - [TEST_STEP][PASSED] - Statement - Try: Delayed 2 second(s)

2019-01-03 13:31:03 - [TEST_STEP][PASSED] - Statement - Checker = false: null

2019-01-03 13:31:03 - [TEST_STEP][PASSED] - Statement - Checker = com.kms.katalon.core.webui.keyword.WebUiBuiltInKeywords.verifyElementHasAttribute(com.kms.katalon.core.testobject.ObjectRepository.findTestObject(Final Object Repo/Landing Page/BM Detecting), "href", 20, OPTIONAL): Object 'Object Repository/Final Object Repo/Landing Page/BM Detecting' has attribute 'href'

2019-01-03 13:31:04 - [MESSAGE][PASSED] - Object 'Object Repository/Final Object Repo/Landing Page/BM Detecting' has attribute 'href'

2019-01-03 13:31:04 - [TEST_STEP][PASSED] - Statement - out.println(Checker): null

2019-01-03 13:31:04 - [TEST_STEP][PASSED] - Statement - If (Checker == false): null

2019-01-03 13:31:04 - [TEST_STEP][PASSED] - Statement - Else: null

2019-01-03 13:31:04 - [TEST_STEP][PASSED] - delay: Delayed 2 second(s)

2019-01-03 13:31:06 - [MESSAGE][PASSED] - Delayed 2 second(s)

2019-01-03 13:31:06 - [TEST_STEP][PASSED] - navigateToUrl: Navigate to 'https://assist2-uat.perkeso.gov.my/web/registration/update/form-1a-cessation-as-employer-discontinue-business-' successfully

2019-01-03 13:31:07 - [MESSAGE][PASSED] - Navigate to 'https://assist2-uat.perkeso.gov.my/web/registration/update/form-1a-cessation-as-employer-discontinue-business-' successfully

2019-01-03 13:31:07 - [TEST_STEP][PASSED] - setText: Text 'E1102069770Z' is set on object 'Object Repository/Final Object Repo/Page_Update Employer Information/Employer Code'

2019-01-03 13:31:08 - [MESSAGE][PASSED] - Text 'E1102069770Z' is set on object 'Object Repository/Final Object Repo/Page_Update Employer Information/Employer Code'

2019-01-03 13:31:08 - [TEST_STEP][PASSED] - click: Object: 'Object Repository/Final Object Repo/Page_Update Employer Information/Search Button' is clicked on

2019-01-03 13:31:08 - [MESSAGE][PASSED] - Object: 'Object Repository/Final Object Repo/Page_Update Employer Information/Search Button' is clicked on

2019-01-03 13:31:08 - [TEST_STEP][PASSED] - click: Object: 'Object Repository/Final Object Repo/Page_Update Employer Information/Edit Button' is clicked on

2019-01-03 13:31:10 - [MESSAGE][PASSED] - Object: 'Object Repository/Final Object Repo/Page_Update Employer Information/Edit Button' is clicked on

2019-01-03 13:31:10 - [TEST_STEP][PASSED] - Statement - abc = com.kms.katalon.core.webui.keyword.WebUiBuiltInKeywords.getAttribute(com.kms.katalon.core.testobject.ObjectRepository.findTestObject(Final Object Repo/Page_Form 1A - Cessation As Employer/Employer Status), "value"): Attribute 'value' of object 'Object Repository/Final Object Repo/Page_Form 1A - Cessation As Employer/Employer Status' is: 'Dormant'

2019-01-03 13:31:10 - [MESSAGE][PASSED] - Attribute 'value' of object 'Object Repository/Final Object Repo/Page_Form 1A - Cessation As Employer/Employer Status' is: 'Dormant'

2019-01-03 13:31:10 - [TEST_STEP][PASSED] - Statement - out.println(abc): null

2019-01-03 13:31:10 - [TEST_STEP][PASSED] - Statement - If (abc == "Active"): null

2019-01-03 13:31:10 - [TEST_STEP][PASSED] - Statement - Else If (abc == "Cancel"): null

2019-01-03 13:31:10 - [TEST_STEP][PASSED] - Statement - Else If (abc == "Dormant"): Object: 'Object Repository/Final Object Repo/Page_Form 1A - Cessation As Employer/Change Employer Status to - Dormant' is clicked on

2019-01-03 13:31:10 - [TEST_STEP][PASSED] - click: Object: 'Object Repository/Final Object Repo/Page_Form 1A - Cessation As Employer/Change Employer Status to' is clicked on

2019-01-03 13:31:10 - [MESSAGE][PASSED] - Object: 'Object Repository/Final Object Repo/Page_Form 1A - Cessation As Employer/Change Employer Status to' is clicked on

2019-01-03 13:31:10 - [TEST_STEP][PASSED] - click: Object: 'Object Repository/Final Object Repo/Page_Form 1A - Cessation As Employer/Change Employer Status to - Dormant' is clicked on

2019-01-03 13:31:10 - [MESSAGE][PASSED] - Object: 'Object Repository/Final Object Repo/Page_Form 1A - Cessation As Employer/Change Employer Status to - Dormant' is clicked on

2019-01-03 13:31:10 - [TEST_STEP][PASSED] - click: Object: 'Object Repository/Final Object Repo/Page_Form 1A - Cessation As Employer/Calender' is clicked on

2019-01-03 13:31:11 - [MESSAGE][PASSED] - Object: 'Object Repository/Final Object Repo/Page_Form 1A - Cessation As Employer/Calender' is clicked on

2019-01-03 13:31:11 - [TEST_STEP][PASSED] - click: Object: 'Object Repository/Final Object Repo/Page_Form 1A - Cessation As Employer/Calender - Date' is clicked on

2019-01-03 13:31:11 - [MESSAGE][PASSED] - Object: 'Object Repository/Final Object Repo/Page_Form 1A - Cessation As Employer/Calender - Date' is clicked on

2019-01-03 13:31:11 - [TEST_STEP][PASSED] - delay: Delayed 2 second(s)

2019-01-03 13:31:13 - [MESSAGE][PASSED] - Delayed 2 second(s)

2019-01-03 13:31:13 - [TEST_STEP][PASSED] - click: Object: 'Object Repository/Final Object Repo/Page_Form 1A - Cessation As Employer/Save  Continue in Form 1A Page' is clicked on

2019-01-03 13:31:13 - [MESSAGE][PASSED] - Object: 'Object Repository/Final Object Repo/Page_Form 1A - Cessation As Employer/Save  Continue in Form 1A Page' is clicked on

2019-01-03 13:31:13 - [TEST_STEP][PASSED] - delay: Delayed 2 second(s)

2019-01-03 13:31:15 - [MESSAGE][PASSED] - Delayed 2 second(s)

2019-01-03 13:31:15 - [TEST_STEP][PASSED] - click: Object: 'Object Repository/Final Object Repo/Page_Form 1A - Cessation As Employer/Employment Resign Date' is clicked on

2019-01-03 13:31:15 - [MESSAGE][PASSED] - Object: 'Object Repository/Final Object Repo/Page_Form 1A - Cessation As Employer/Employment Resign Date' is clicked on

2019-01-03 13:31:15 - [TEST_STEP][PASSED] - delay: Delayed 1 second(s)

2019-01-03 13:31:16 - [MESSAGE][PASSED] - Delayed 1 second(s)

2019-01-03 13:31:16 - [TEST_STEP][PASSED] - Statement - CaseReferenceNo = com.kms.katalon.core.webui.keyword.WebUiBuiltInKeywords.getText(com.kms.katalon.core.testobject.ObjectRepository.findTestObject(Final Object Repo/Page_Update Employer Information/Reference Number in Update Employee Information Page)): Text of object 'Object Repository/Final Object Repo/Page_Update Employer Information/Reference Number in Update Employee Information Page' is: 'CUN012019C200001798'

2019-01-03 13:31:16 - [MESSAGE][PASSED] - Text of object 'Object Repository/Final Object Repo/Page_Update Employer Information/Reference Number in Update Employee Information Page' is: 'CUN012019C200001798'

2019-01-03 13:31:16 - [TEST_STEP][PASSED] - callTestCase: Call Test Case 'Test Cases/Final Aug 2018 - PKS Automation/Common/Reference Number Setter' successfully

2019-01-03 13:31:16 - [TEST_CASE][PASSED] - Test Cases/Final Aug 2018 - PKS Automation/Common/Reference Number Setter: Test Cases/Final Aug 2018 - PKS Automation/Common/Reference Number Setter

2019-01-03 13:31:16 - [TEST_STEP][PASSED] - Statement - RefNoOldFile = new java.io.File(C://Users//Admin//Desktop//PKS//Automation Reference Point//KatalonReference.txt): null

2019-01-03 13:31:16 - [TEST_STEP][PASSED] - Statement - RefNoOldFile.delete(): null

2019-01-03 13:31:16 - [TEST_STEP][PASSED] - delay: Delayed 5 second(s)

2019-01-03 13:31:21 - [MESSAGE][PASSED] - Delayed 5 second(s)

2019-01-03 13:31:21 - [TEST_STEP][PASSED] - Statement - RefNo = new java.io.File(C://Users//Admin//Desktop//PKS//Automation Reference Point//KatalonReference.txt): null

2019-01-03 13:31:21 - [TEST_STEP][PASSED] - Statement - f2 = new java.io.FileWriter(RefNo, false): null

2019-01-03 13:31:21 - [TEST_STEP][PASSED] - Statement - f2.write(CaseReferenceNo): null

2019-01-03 13:31:21 - [TEST_STEP][PASSED] - Statement - f2.close(): null

2019-01-03 13:31:21 - [TEST_STEP][PASSED] - Statement - out.println("


" + CaseReferenceNo + "


"): null

2019-01-03 13:31:21 - [MESSAGE][PASSED] - Call Test Case 'Test Cases/Final Aug 2018 - PKS Automation/Common/Reference Number Setter' successfully

2019-01-03 13:31:21 - [TEST_STEP][PASSED] - selectOptionByValue: All options with value '2030' are selected in object 'Object Repository/Final Object Repo/Page_Form 1A - Cessation As Employer/Employment Resign Date - Year' 

2019-01-03 13:31:22 - [MESSAGE][PASSED] - All options with value '2030' are selected in object 'Object Repository/Final Object Repo/Page_Form 1A - Cessation As Employer/Employment Resign Date - Year' 

2019-01-03 13:31:22 - [TEST_STEP][PASSED] - delay: Delayed 1 second(s)

2019-01-03 13:31:23 - [MESSAGE][PASSED] - Delayed 1 second(s)

2019-01-03 13:31:23 - [TEST_STEP][PASSED] - click: Object: 'Object Repository/Final Object Repo/Page_Form 1A - Cessation As Employer/Employment Resign Date - Year - Date' is clicked on

2019-01-03 13:31:23 - [MESSAGE][PASSED] - Object: 'Object Repository/Final Object Repo/Page_Form 1A - Cessation As Employer/Employment Resign Date - Year - Date' is clicked on

2019-01-03 13:31:23 - [TEST_STEP][PASSED] - delay: Delayed 2 second(s)

2019-01-03 13:31:25 - [MESSAGE][PASSED] - Delayed 2 second(s)

2019-01-03 13:31:25 - [TEST_STEP][PASSED] - click: Object: 'Object Repository/Final Object Repo/Page_Form 1A - Cessation As Employer/Save  Continue in Update Add Employee Resigned Date Page' is clicked on

2019-01-03 13:31:25 - [MESSAGE][PASSED] - Object: 'Object Repository/Final Object Repo/Page_Form 1A - Cessation As Employer/Save  Continue in Update Add Employee Resigned Date Page' is clicked on

2019-01-03 13:31:25 - [TEST_STEP][PASSED] - delay: Delayed 2 second(s)

2019-01-03 13:31:27 - [MESSAGE][PASSED] - Delayed 2 second(s)

2019-01-03 13:31:27 - [TEST_STEP][PASSED] - click: Object: 'Object Repository/Final Object Repo/Page_Form 1A - Cessation As Employer/Set Latest - Yes' is clicked on

2019-01-03 13:31:27 - [MESSAGE][PASSED] - Object: 'Object Repository/Final Object Repo/Page_Form 1A - Cessation As Employer/Set Latest - Yes' is clicked on

2019-01-03 13:31:27 - [TEST_STEP][PASSED] - delay: Delayed 2 second(s)

2019-01-03 13:31:29 - [MESSAGE][PASSED] - Delayed 2 second(s)

2019-01-03 13:31:29 - [TEST_STEP][PASSED] - click: Object: 'Object Repository/Final Object Repo/Page_Form 1A - Cessation As Employer/Add Document' is clicked on

2019-01-03 13:31:30 - [MESSAGE][PASSED] - Object: 'Object Repository/Final Object Repo/Page_Form 1A - Cessation As Employer/Add Document' is clicked on

2019-01-03 13:31:30 - [TEST_STEP][PASSED] - delay: Delayed 2 second(s)

2019-01-03 13:31:32 - [MESSAGE][PASSED] - Delayed 2 second(s)

2019-01-03 13:31:32 - [TEST_STEP][PASSED] - click: Object: 'Object Repository/Final Object Repo/Page_Form 1A - Cessation As Employer/Document Type' is clicked on

2019-01-03 13:31:34 - [MESSAGE][PASSED] - Object: 'Object Repository/Final Object Repo/Page_Form 1A - Cessation As Employer/Document Type' is clicked on

2019-01-03 13:31:34 - [TEST_STEP][PASSED] - delay: Delayed 2 second(s)

2019-01-03 13:31:36 - [MESSAGE][PASSED] - Delayed 2 second(s)

2019-01-03 13:31:36 - [TEST_STEP][PASSED] - click: Object: 'Object Repository/Final Object Repo/Page_Form 1A - Cessation As Employer/Document Type - Supporting Document For Cessation' is clicked on

2019-01-03 13:31:36 - [MESSAGE][PASSED] - Object: 'Object Repository/Final Object Repo/Page_Form 1A - Cessation As Employer/Document Type - Supporting Document For Cessation' is clicked on

2019-01-03 13:31:36 - [TEST_STEP][PASSED] - delay: Delayed 2 second(s)

2019-01-03 13:31:38 - [MESSAGE][PASSED] - Delayed 2 second(s)

2019-01-03 13:31:38 - [TEST_STEP][PASSED] - sendKeys: Keys 'C:\Users\Public\Pictures\Sample Pictures\Koala.jpg' sent to object: 'Object Repository/Final Object Repo/Page_Form 1A - Cessation As Employer/Uploading File'

2019-01-03 13:31:38 - [MESSAGE][PASSED] - Keys 'C:\Users\Public\Pictures\Sample Pictures\Koala.jpg' sent to object: 'Object Repository/Final Object Repo/Page_Form 1A - Cessation As Employer/Uploading File'

2019-01-03 13:31:38 - [TEST_STEP][PASSED] - delay: Delayed 2 second(s)

2019-01-03 13:31:40 - [MESSAGE][PASSED] - Delayed 2 second(s)

2019-01-03 13:31:40 - [TEST_STEP][PASSED] - click: Object: 'Object Repository/Final Object Repo/Page_Form 1A - Cessation As Employer/Add Document in Uploading Page' is clicked on

2019-01-03 13:31:40 - [MESSAGE][PASSED] - Object: 'Object Repository/Final Object Repo/Page_Form 1A - Cessation As Employer/Add Document in Uploading Page' is clicked on

2019-01-03 13:31:40 - [TEST_STEP][PASSED] - delay: Delayed 20 second(s)

2019-01-03 13:32:00 - [MESSAGE][PASSED] - Delayed 20 second(s)

2019-01-03 13:32:00 - [TEST_STEP][PASSED] - click: Object: 'Object Repository/Final Object Repo/Page_Form 1A - Cessation As Employer/Save  Continue in Uploading Page' is clicked on

2019-01-03 13:32:00 - [MESSAGE][PASSED] - Object: 'Object Repository/Final Object Repo/Page_Form 1A - Cessation As Employer/Save  Continue in Uploading Page' is clicked on

2019-01-03 13:32:00 - [TEST_STEP][PASSED] - delay: Delayed 2 second(s)

2019-01-03 13:32:02 - [MESSAGE][PASSED] - Delayed 2 second(s)

2019-01-03 13:32:02 - [TEST_STEP][PASSED] - click: Object: 'Object Repository/Final Object Repo/Page_Form 1A - Cessation As Employer/Submit2' is clicked on

2019-01-03 13:32:06 - [MESSAGE][PASSED] - Object: 'Object Repository/Final Object Repo/Page_Form 1A - Cessation As Employer/Submit2' is clicked on

2019-01-03 13:32:06 - [TEST_STEP][PASSED] - delay: Delayed 2 second(s)

2019-01-03 13:32:08 - [MESSAGE][PASSED] - Delayed 2 second(s)

2019-01-03 13:32:08 - [TEST_STEP][PASSED] - click: Object: 'Object Repository/Final Object Repo/Page_Form 1A - Cessation As Employer/Confirm' is clicked on

2019-01-03 13:32:08 - [MESSAGE][PASSED] - Object: 'Object Repository/Final Object Repo/Page_Form 1A - Cessation As Employer/Confirm' is clicked on

2019-01-03 13:32:08 - [TEST_STEP][PASSED] - delay: Delayed 2 second(s)

2019-01-03 13:32:10 - [MESSAGE][PASSED] - Delayed 2 second(s)

2019-01-03 13:32:10 - [TEST_STEP][PASSED] - verifyElementVisible: Object 'Object Repository/Final Object Repo/Page_Form 1A - Cessation As Employer/Message Your Request will be routed to UO' is visible

2019-01-03 13:32:14 - [MESSAGE][PASSED] - Object 'Object Repository/Final Object Repo/Page_Form 1A - Cessation As Employer/Message Your Request will be routed to UO' is visible

2019-01-03 13:32:14 - [TEST_STEP][PASSED] - delay: Delayed 1 second(s)

2019-01-03 13:32:15 - [MESSAGE][PASSED] - Delayed 1 second(s)

2019-01-03 13:32:15 - [TEST_STEP][PASSED] - verifyElementVisible: Object 'Object Repository/Final Object Repo/Page_Form 1A - Cessation As Employer/Letter of acknowledgement' is visible

2019-01-03 13:32:15 - [MESSAGE][PASSED] - Object 'Object Repository/Final Object Repo/Page_Form 1A - Cessation As Employer/Letter of acknowledgement' is visible

2019-01-03 13:32:15 - [MESSAGE][PASSED] - Call Test Case 'Test Cases/Final Aug 2018 - PKS Automation/Registration Module/Workflow/Form 1A - Cessation As Employer/Template/Form 1 A - Cessation As Employer (OTC)' successfully

2019-01-03 13:32:15 - [TEST_STEP][PASSED] - delay: Delayed 1 second(s)

2019-01-03 13:32:16 - [MESSAGE][PASSED] - Delayed 1 second(s)

2019-01-03 13:32:16 - [TEST_STEP][PASSED] - navigateToUrl: Navigate to 'https://assist2-uat.perkeso.gov.my/c/portal/logout' successfully

2019-01-03 13:32:17 - [MESSAGE][PASSED] - Navigate to 'https://assist2-uat.perkeso.gov.my/c/portal/logout' successfully

2019-01-03 13:32:17 - [TEST_STEP][PASSED] - delay: Delayed 1 second(s)

2019-01-03 13:32:18 - [MESSAGE][PASSED] - Delayed 1 second(s)

2019-01-03 13:32:18 - [TEST_STEP][PASSED] - callTestCase: Call Test Case 'Test Cases/Final Aug 2018 - PKS Automation/Common/Reference Number Getter' successfully

2019-01-03 13:32:18 - [TEST_CASE][PASSED] - Test Cases/Final Aug 2018 - PKS Automation/Common/Reference Number Getter: Test Cases/Final Aug 2018 - PKS Automation/Common/Reference Number Getter

2019-01-03 13:32:18 - [TEST_STEP][PASSED] - Statement - Try: null

2019-01-03 13:32:18 - [TEST_STEP][PASSED] - Statement - RefNo = new java.io.File(C://Users//Admin//Desktop//PKS//Automation Reference Point//KatalonReference.txt): null

2019-01-03 13:32:18 - [TEST_STEP][PASSED] - Statement - bufferread = new java.io.BufferedReader(new java.io.FileReader(RefNo)): null

2019-01-03 13:32:18 - [TEST_STEP][PASSED] - Statement - readedVal = bufferread.readLine(): null

2019-01-03 13:32:18 - [TEST_STEP][PASSED] - Statement - out.println(CaseReferenceNo): null

2019-01-03 13:32:18 - [TEST_STEP][PASSED] - Statement - out.println(readedVal): null

2019-01-03 13:32:18 - [TEST_STEP][PASSED] - Statement - CaseReferenceNo = "": null

2019-01-03 13:32:18 - [TEST_STEP][PASSED] - Statement - CaseReferenceNo = readedVal: null

2019-01-03 13:32:18 - [MESSAGE][PASSED] - Call Test Case 'Test Cases/Final Aug 2018 - PKS Automation/Common/Reference Number Getter' successfully

2019-01-03 13:32:18 - [TEST_STEP][PASSED] - callTestCase: Call Test Case 'Test Cases/Final Aug 2018 - PKS Automation/Common/Workflow Owner Finder' successfully

2019-01-03 13:32:18 - [TEST_CASE][PASSED] - Test Cases/Final Aug 2018 - PKS Automation/Common/Workflow Owner Finder: Test Cases/Final Aug 2018 - PKS Automation/Common/Workflow Owner Finder

2019-01-03 13:32:18 - [TEST_STEP][PASSED] - openBrowser: Browser is opened with url: ''

2019-01-03 13:32:18 - [MESSAGE][WARNING] - A browser is already opened. Closing browser and opening a new one

2019-01-03 13:32:22 - [MESSAGE][PASSED] - Browser is opened with url: ''

2019-01-03 13:32:22 - [TEST_STEP][PASSED] - navigateToUrl: Navigate to 'https://assist2-uat.perkeso.gov.my/login' successfully

2019-01-03 13:32:23 - [MESSAGE][PASSED] - Navigate to 'https://assist2-uat.perkeso.gov.my/login' successfully

2019-01-03 13:32:23 - [TEST_STEP][PASSED] - delay: Delayed 5 second(s)

2019-01-03 13:32:28 - [MESSAGE][PASSED] - Delayed 5 second(s)

2019-01-03 13:32:28 - [TEST_STEP][PASSED] - setText: Text 'test@liferay.com' is set on object 'Object Repository/Final Object Repo/Login Page/Internal User/Email Address'

2019-01-03 13:32:28 - [MESSAGE][PASSED] - Text 'test@liferay.com' is set on object 'Object Repository/Final Object Repo/Login Page/Internal User/Email Address'

2019-01-03 13:32:28 - [TEST_STEP][PASSED] - click: Object: 'Object Repository/Final Object Repo/Login Page/Internal User/Next Button' is clicked on

2019-01-03 13:32:28 - [MESSAGE][PASSED] - Object: 'Object Repository/Final Object Repo/Login Page/Internal User/Next Button' is clicked on

2019-01-03 13:32:28 - [TEST_STEP][PASSED] - delay: Delayed 2 second(s)

2019-01-03 13:32:30 - [MESSAGE][PASSED] - Delayed 2 second(s)

2019-01-03 13:32:30 - [TEST_STEP][PASSED] - setText: Text 'test' is set on object 'Object Repository/Final Object Repo/Login Page/Internal User/Password'

2019-01-03 13:32:31 - [MESSAGE][PASSED] - Text 'test' is set on object 'Object Repository/Final Object Repo/Login Page/Internal User/Password'

2019-01-03 13:32:31 - [TEST_STEP][PASSED] - delay: Delayed 2 second(s)

2019-01-03 13:32:33 - [MESSAGE][PASSED] - Delayed 2 second(s)

2019-01-03 13:32:33 - [TEST_STEP][PASSED] - click: Object: 'Object Repository/Final Object Repo/Login Page/Internal User/Login Button' is clicked on

2019-01-03 13:32:33 - [MESSAGE][PASSED] - Object: 'Object Repository/Final Object Repo/Login Page/Internal User/Login Button' is clicked on

2019-01-03 13:32:33 - [TEST_STEP][PASSED] - Statement - tester = com.kms.katalon.core.testobject.ObjectRepository.findTestObject(Final Object Repo/Landing Page/Select to English): Finding Test Object with id 'Object Repository/Final Object Repo/Landing Page/Select to English'

2019-01-03 13:32:33 - [TEST_STEP][PASSED] - Statement - Try: Delayed 2 second(s)

2019-01-03 13:32:33 - [TEST_STEP][PASSED] - Statement - Checker = com.kms.katalon.core.webui.keyword.WebUiBuiltInKeywords.verifyElementNotPresent(tester, 3): Web element with id: 'Object Repository/Final Object Repo/Landing Page/Select to English' located by 'By.xpath: //a[@class = 'taglib-language-list-text' and @lang = 'en-US' and (contains(text(), 'EN') or contains(., 'EN'))]' is not present after '3' second(s)

2019-01-03 13:32:35 - [MESSAGE][PASSED] - Web element with id: 'Object Repository/Final Object Repo/Landing Page/Select to English' located by 'By.xpath: //a[@class = 'taglib-language-list-text' and @lang = 'en-US' and (contains(text(), 'EN') or contains(., 'EN'))]' is not present after '3' second(s)

2019-01-03 13:32:35 - [TEST_STEP][PASSED] - Statement - If (Checker == false): null

2019-01-03 13:32:35 - [TEST_STEP][PASSED] - delay: Delayed 2 second(s)

2019-01-03 13:32:37 - [MESSAGE][PASSED] - Delayed 2 second(s)

2019-01-03 13:32:37 - [TEST_STEP][PASSED] - delay: Delayed 5 second(s)

2019-01-03 13:32:42 - [MESSAGE][PASSED] - Delayed 5 second(s)

2019-01-03 13:32:42 - [TEST_STEP][PASSED] - mouseOver: Object: 'Object Repository/Final Object Repo/Landing Page/WorkFlow Menu' is hovered

2019-01-03 13:32:42 - [MESSAGE][PASSED] - Object: 'Object Repository/Final Object Repo/Landing Page/WorkFlow Menu' is hovered

2019-01-03 13:32:42 - [TEST_STEP][PASSED] - delay: Delayed 2 second(s)

2019-01-03 13:32:44 - [MESSAGE][PASSED] - Delayed 2 second(s)

2019-01-03 13:32:44 - [TEST_STEP][PASSED] - click: Object: 'Object Repository/Final Object Repo/Landing Page/Select to Workflow Listing' is clicked on

2019-01-03 13:32:45 - [MESSAGE][PASSED] - Object: 'Object Repository/Final Object Repo/Landing Page/Select to Workflow Listing' is clicked on

2019-01-03 13:32:45 - [TEST_STEP][PASSED] - delay: Delayed 2 second(s)

2019-01-03 13:32:47 - [MESSAGE][PASSED] - Delayed 2 second(s)

2019-01-03 13:32:47 - [TEST_STEP][PASSED] - click: Object: 'Object Repository/Final Object Repo/WorkFlow Listing Page/Search Information - To Put Ref No' is clicked on

2019-01-03 13:32:47 - [MESSAGE][PASSED] - Object: 'Object Repository/Final Object Repo/WorkFlow Listing Page/Search Information - To Put Ref No' is clicked on

2019-01-03 13:32:47 - [TEST_STEP][PASSED] - delay: Delayed 2 second(s)

2019-01-03 13:32:49 - [MESSAGE][PASSED] - Delayed 2 second(s)

2019-01-03 13:32:49 - [TEST_STEP][PASSED] - callTestCase: Call Test Case 'Test Cases/Final Aug 2018 - PKS Automation/Common/Reference Number Getter' successfully

2019-01-03 13:32:49 - [TEST_CASE][PASSED] - Test Cases/Final Aug 2018 - PKS Automation/Common/Reference Number Getter: Test Cases/Final Aug 2018 - PKS Automation/Common/Reference Number Getter

2019-01-03 13:32:49 - [TEST_STEP][PASSED] - Statement - Try: null

2019-01-03 13:32:49 - [TEST_STEP][PASSED] - Statement - RefNo = new java.io.File(C://Users//Admin//Desktop//PKS//Automation Reference Point//KatalonReference.txt): null

2019-01-03 13:32:49 - [TEST_STEP][PASSED] - Statement - bufferread = new java.io.BufferedReader(new java.io.FileReader(RefNo)): null

2019-01-03 13:32:49 - [TEST_STEP][PASSED] - Statement - readedVal = bufferread.readLine(): null

2019-01-03 13:32:49 - [TEST_STEP][PASSED] - Statement - out.println(CaseReferenceNo): null

2019-01-03 13:32:49 - [TEST_STEP][PASSED] - Statement - out.println(readedVal): null

2019-01-03 13:32:49 - [TEST_STEP][PASSED] - Statement - CaseReferenceNo = "": null

2019-01-03 13:32:49 - [TEST_STEP][PASSED] - Statement - CaseReferenceNo = readedVal: null

2019-01-03 13:32:49 - [MESSAGE][PASSED] - Call Test Case 'Test Cases/Final Aug 2018 - PKS Automation/Common/Reference Number Getter' successfully

2019-01-03 13:32:49 - [TEST_STEP][PASSED] - setText: Text 'CUN012019C200001798' is set on object 'Object Repository/Final Object Repo/WorkFlow Listing Page/Ref No Set Text'

2019-01-03 13:32:49 - [MESSAGE][PASSED] - Text 'CUN012019C200001798' is set on object 'Object Repository/Final Object Repo/WorkFlow Listing Page/Ref No Set Text'

2019-01-03 13:32:49 - [TEST_STEP][PASSED] - delay: Delayed 2 second(s)

2019-01-03 13:32:51 - [MESSAGE][PASSED] - Delayed 2 second(s)

2019-01-03 13:32:51 - [TEST_STEP][PASSED] - click: Object: 'Object Repository/Final Object Repo/WorkFlow Listing Page/Search Ref No Search Button' is clicked on

2019-01-03 13:32:52 - [MESSAGE][PASSED] - Object: 'Object Repository/Final Object Repo/WorkFlow Listing Page/Search Ref No Search Button' is clicked on

2019-01-03 13:32:52 - [TEST_STEP][PASSED] - delay: Delayed 6 second(s)

2019-01-03 13:32:58 - [MESSAGE][PASSED] - Delayed 6 second(s)

2019-01-03 13:32:58 - [TEST_STEP][PASSED] - click: Object: 'Object Repository/Final Object Repo/WorkFlow Listing Page/Click Continue Tooltip' is clicked on

2019-01-03 13:32:58 - [MESSAGE][PASSED] - Object: 'Object Repository/Final Object Repo/WorkFlow Listing Page/Click Continue Tooltip' is clicked on

2019-01-03 13:32:58 - [TEST_STEP][PASSED] - delay: Delayed 5 second(s)

2019-01-03 13:33:03 - [MESSAGE][PASSED] - Delayed 5 second(s)

2019-01-03 13:33:03 - [TEST_STEP][PASSED] - doubleClick: Object: 'Object Repository/Final Object Repo/WorkFlow Listing Page/Workflow Found - Listing 1' is double clicked on

2019-01-03 13:33:04 - [MESSAGE][PASSED] - Object: 'Object Repository/Final Object Repo/WorkFlow Listing Page/Workflow Found - Listing 1' is double clicked on

2019-01-03 13:33:04 - [TEST_STEP][PASSED] - Statement - println(OwnerID): null

2019-01-03 13:33:04 - [TEST_STEP][PASSED] - Statement - OwnerID = com.kms.katalon.core.webui.keyword.WebUiBuiltInKeywords.getText(com.kms.katalon.core.testobject.ObjectRepository.findTestObject(Final Object Repo/WorkFlow Listing Page/Workflow Found - Listing 1), STOP_ON_FAILURE): Text of object 'Object Repository/Final Object Repo/WorkFlow Listing Page/Workflow Found - Listing 1' is: 'JOHORuo1'

2019-01-03 13:33:04 - [MESSAGE][PASSED] - Text of object 'Object Repository/Final Object Repo/WorkFlow Listing Page/Workflow Found - Listing 1' is: 'JOHORuo1'

2019-01-03 13:33:04 - [TEST_STEP][PASSED] - Statement - OwnerID = OwnerID.toLowerCase() + "@gmail.com": null

2019-01-03 13:33:04 - [TEST_STEP][PASSED] - Statement - println(OwnerID): null

2019-01-03 13:33:04 - [TEST_STEP][PASSED] - delay: Delayed 2 second(s)

2019-01-03 13:33:06 - [MESSAGE][PASSED] - Delayed 2 second(s)

2019-01-03 13:33:06 - [MESSAGE][PASSED] - Call Test Case 'Test Cases/Final Aug 2018 - PKS Automation/Common/Workflow Owner Finder' successfully

2019-01-03 13:33:06 - [TEST_STEP][PASSED] - delay: Delayed 1 second(s)

2019-01-03 13:33:07 - [MESSAGE][PASSED] - Delayed 1 second(s)

2019-01-03 13:33:07 - [TEST_STEP][PASSED] - navigateToUrl: Navigate to 'https://assist2-uat.perkeso.gov.my/c/portal/logout' successfully

2019-01-03 13:33:08 - [MESSAGE][PASSED] - Navigate to 'https://assist2-uat.perkeso.gov.my/c/portal/logout' successfully

2019-01-03 13:33:08 - [TEST_STEP][PASSED] - delay: Delayed 1 second(s)

2019-01-03 13:33:09 - [MESSAGE][PASSED] - Delayed 1 second(s)

2019-01-03 13:33:09 - [TEST_STEP][PASSED] - callTestCase: Call Test Case 'Test Cases/Final Aug 2018 - PKS Automation/Registration Module/Workflow/Login and Search Case For Workflow' successfully

2019-01-03 13:33:09 - [TEST_CASE][PASSED] - Test Cases/Final Aug 2018 - PKS Automation/Registration Module/Workflow/Login and Search Case For Workflow: Test Cases/Final Aug 2018 - PKS Automation/Registration Module/Workflow/Login and Search Case For Workflow

2019-01-03 13:33:09 - [TEST_STEP][PASSED] - navigateToUrl: Navigate to 'https://assist2-uat.perkeso.gov.my/login' successfully

2019-01-03 13:33:09 - [MESSAGE][PASSED] - Navigate to 'https://assist2-uat.perkeso.gov.my/login' successfully

2019-01-03 13:33:09 - [TEST_STEP][PASSED] - setText: Text 'johoruo1@gmail.com' is set on object 'Object Repository/Final Object Repo/Login Page/Internal User/Email Address'

2019-01-03 13:33:10 - [MESSAGE][PASSED] - Text 'johoruo1@gmail.com' is set on object 'Object Repository/Final Object Repo/Login Page/Internal User/Email Address'

2019-01-03 13:33:10 - [TEST_STEP][PASSED] - click: Object: 'Object Repository/Final Object Repo/Login Page/Internal User/Next Button' is clicked on

2019-01-03 13:33:10 - [MESSAGE][PASSED] - Object: 'Object Repository/Final Object Repo/Login Page/Internal User/Next Button' is clicked on

2019-01-03 13:33:10 - [TEST_STEP][PASSED] - delay: Delayed 1 second(s)

2019-01-03 13:33:11 - [MESSAGE][PASSED] - Delayed 1 second(s)

2019-01-03 13:33:11 - [TEST_STEP][PASSED] - setEncryptedText: Text ****** has been set on object 'Object Repository/Final Object Repo/Login Page/Internal User/Password'

2019-01-03 13:33:11 - [MESSAGE][PASSED] - Text ****** has been set on object 'Object Repository/Final Object Repo/Login Page/Internal User/Password'

2019-01-03 13:33:11 - [TEST_STEP][PASSED] - click: Object: 'Object Repository/Final Object Repo/Login Page/Internal User/Login Button' is clicked on

2019-01-03 13:33:11 - [MESSAGE][PASSED] - Object: 'Object Repository/Final Object Repo/Login Page/Internal User/Login Button' is clicked on

2019-01-03 13:33:11 - [TEST_STEP][PASSED] - delay: Delayed 2 second(s)

2019-01-03 13:33:13 - [MESSAGE][PASSED] - Delayed 2 second(s)

2019-01-03 13:33:13 - [TEST_STEP][PASSED] - Statement - Try: Delayed 2 second(s)

2019-01-03 13:33:13 - [TEST_STEP][PASSED] - Statement - Checker = false: null

2019-01-03 13:33:13 - [TEST_STEP][PASSED] - Statement - Checker = com.kms.katalon.core.webui.keyword.WebUiBuiltInKeywords.verifyElementHasAttribute(com.kms.katalon.core.testobject.ObjectRepository.findTestObject(Final Object Repo/Landing Page/BM Detecting), "href", 20, OPTIONAL): Object 'Object Repository/Final Object Repo/Landing Page/BM Detecting' has attribute 'href'

2019-01-03 13:33:13 - [MESSAGE][PASSED] - Object 'Object Repository/Final Object Repo/Landing Page/BM Detecting' has attribute 'href'

2019-01-03 13:33:13 - [TEST_STEP][PASSED] - Statement - out.println(Checker): null

2019-01-03 13:33:13 - [TEST_STEP][PASSED] - Statement - If (Checker == false): null

2019-01-03 13:33:13 - [TEST_STEP][PASSED] - Statement - Else: null

2019-01-03 13:33:13 - [TEST_STEP][PASSED] - delay: Delayed 2 second(s)

2019-01-03 13:33:15 - [MESSAGE][PASSED] - Delayed 2 second(s)

2019-01-03 13:33:15 - [TEST_STEP][PASSED] - click: Object: 'Object Repository/Final Object Repo/Page_MyASSIST - ASSIST - Search Pending Case For Add Supporting Document/Search Information' is clicked on

2019-01-03 13:33:15 - [MESSAGE][PASSED] - Object: 'Object Repository/Final Object Repo/Page_MyASSIST - ASSIST - Search Pending Case For Add Supporting Document/Search Information' is clicked on

2019-01-03 13:33:15 - [TEST_STEP][PASSED] - delay: Delayed 3 second(s)

2019-01-03 13:33:18 - [MESSAGE][PASSED] - Delayed 3 second(s)

2019-01-03 13:33:18 - [TEST_STEP][PASSED] - sendKeys: Keys 'CUN012019C200001798' sent to object: 'Object Repository/Final Object Repo/Page_MyASSIST - ASSIST - Search Pending Case For Add Supporting Document/Reference No'

2019-01-03 13:33:19 - [MESSAGE][PASSED] - Keys 'CUN012019C200001798' sent to object: 'Object Repository/Final Object Repo/Page_MyASSIST - ASSIST - Search Pending Case For Add Supporting Document/Reference No'

2019-01-03 13:33:19 - [TEST_STEP][PASSED] - click: Object: 'Object Repository/Final Object Repo/Page_MyASSIST - ASSIST - Search Pending Case For Add Supporting Document/Search Reference No' is clicked on

2019-01-03 13:33:19 - [MESSAGE][PASSED] - Object: 'Object Repository/Final Object Repo/Page_MyASSIST - ASSIST - Search Pending Case For Add Supporting Document/Search Reference No' is clicked on

2019-01-03 13:33:19 - [TEST_STEP][PASSED] - delay: Delayed 2 second(s)

2019-01-03 13:33:21 - [MESSAGE][PASSED] - Delayed 2 second(s)

2019-01-03 13:33:21 - [TEST_STEP][PASSED] - click: Object: 'Object Repository/Final Object Repo/Page_MyASSIST - ASSIST - Search Pending Case For Add Supporting Document/Continue' is clicked on

2019-01-03 13:33:24 - [MESSAGE][PASSED] - Object: 'Object Repository/Final Object Repo/Page_MyASSIST - ASSIST - Search Pending Case For Add Supporting Document/Continue' is clicked on

2019-01-03 13:33:24 - [TEST_STEP][PASSED] - delay: Delayed 20 second(s)

2019-01-03 13:33:44 - [MESSAGE][PASSED] - Delayed 20 second(s)

2019-01-03 13:33:44 - [MESSAGE][PASSED] - Call Test Case 'Test Cases/Final Aug 2018 - PKS Automation/Registration Module/Workflow/Login and Search Case For Workflow' successfully

2019-01-03 13:33:44 - [TEST_STEP][PASSED] - click: Object: 'Object Repository/Final Object Repo/Page_Form 1A - Cessation As Employer/Page_Form 1A - Cessation As Employer (Approve)/Save  Continue in Form 1A Page' is clicked on

2019-01-03 13:33:45 - [MESSAGE][PASSED] - Object: 'Object Repository/Final Object Repo/Page_Form 1A - Cessation As Employer/Page_Form 1A - Cessation As Employer (Approve)/Save  Continue in Form 1A Page' is clicked on

2019-01-03 13:33:45 - [TEST_STEP][PASSED] - delay: Delayed 2 second(s)

2019-01-03 13:33:47 - [MESSAGE][PASSED] - Delayed 2 second(s)

2019-01-03 13:33:47 - [TEST_STEP][PASSED] - click: Object: 'Object Repository/Final Object Repo/Page_Form 1A - Cessation As Employer/Employment Resign Date' is clicked on

2019-01-03 13:33:47 - [MESSAGE][PASSED] - Object: 'Object Repository/Final Object Repo/Page_Form 1A - Cessation As Employer/Employment Resign Date' is clicked on

2019-01-03 13:33:47 - [TEST_STEP][PASSED] - delay: Delayed 1 second(s)

2019-01-03 13:33:48 - [MESSAGE][PASSED] - Delayed 1 second(s)

2019-01-03 13:33:48 - [TEST_STEP][PASSED] - selectOptionByValue: All options with value '2030' are selected in object 'Object Repository/Final Object Repo/Page_Form 1A - Cessation As Employer/Employment Resign Date - Year' 

2019-01-03 13:33:48 - [MESSAGE][PASSED] - All options with value '2030' are selected in object 'Object Repository/Final Object Repo/Page_Form 1A - Cessation As Employer/Employment Resign Date - Year' 

2019-01-03 13:33:48 - [TEST_STEP][PASSED] - delay: Delayed 1 second(s)

2019-01-03 13:33:49 - [MESSAGE][PASSED] - Delayed 1 second(s)

2019-01-03 13:33:49 - [TEST_STEP][PASSED] - click: Object: 'Object Repository/Final Object Repo/Page_Form 1A - Cessation As Employer/Employment Resign Date - Year - Date' is clicked on

2019-01-03 13:33:49 - [MESSAGE][PASSED] - Object: 'Object Repository/Final Object Repo/Page_Form 1A - Cessation As Employer/Employment Resign Date - Year - Date' is clicked on

2019-01-03 13:33:49 - [TEST_STEP][PASSED] - delay: Delayed 2 second(s)

2019-01-03 13:33:51 - [MESSAGE][PASSED] - Delayed 2 second(s)

2019-01-03 13:33:51 - [TEST_STEP][PASSED] - click: Object: 'Object Repository/Final Object Repo/Page_Form 1A - Cessation As Employer/Page_Form 1A - Cessation As Employer (Approve)/Save  Continue in Update Add Employee Resigned Date Page' is clicked on

2019-01-03 13:33:51 - [MESSAGE][PASSED] - Object: 'Object Repository/Final Object Repo/Page_Form 1A - Cessation As Employer/Page_Form 1A - Cessation As Employer (Approve)/Save  Continue in Update Add Employee Resigned Date Page' is clicked on

2019-01-03 13:33:51 - [TEST_STEP][PASSED] - delay: Delayed 2 second(s)

2019-01-03 13:33:53 - [MESSAGE][PASSED] - Delayed 2 second(s)

2019-01-03 13:33:53 - [TEST_STEP][PASSED] - click: Object: 'Object Repository/Final Object Repo/Page_Form 1A - Cessation As Employer/Set Latest - Yes' is clicked on

2019-01-03 13:33:54 - [MESSAGE][PASSED] - Object: 'Object Repository/Final Object Repo/Page_Form 1A - Cessation As Employer/Set Latest - Yes' is clicked on

2019-01-03 13:33:54 - [TEST_STEP][PASSED] - delay: Delayed 2 second(s)

2019-01-03 13:33:56 - [MESSAGE][PASSED] - Delayed 2 second(s)

2019-01-03 13:33:56 - [TEST_STEP][PASSED] - click: Object: 'Object Repository/Final Object Repo/Page_Form 1A - Cessation As Employer/Page_Form 1A - Cessation As Employer (Approve)/Save  Contine in Uploading Document Page' is clicked on

2019-01-03 13:33:57 - [MESSAGE][PASSED] - Object: 'Object Repository/Final Object Repo/Page_Form 1A - Cessation As Employer/Page_Form 1A - Cessation As Employer (Approve)/Save  Contine in Uploading Document Page' is clicked on

2019-01-03 13:33:57 - [TEST_STEP][PASSED] - delay: Delayed 2 second(s)

2019-01-03 13:33:59 - [MESSAGE][PASSED] - Delayed 2 second(s)

2019-01-03 13:33:59 - [TEST_STEP][PASSED] - click: Object: 'Object Repository/Final Object Repo/Page_Form 1A - Cessation As Employer/Page_Form 1A - Cessation As Employer (Reject)/Reject' is clicked on

2019-01-03 13:34:02 - [MESSAGE][PASSED] - Object: 'Object Repository/Final Object Repo/Page_Form 1A - Cessation As Employer/Page_Form 1A - Cessation As Employer (Reject)/Reject' is clicked on

2019-01-03 13:34:02 - [TEST_STEP][PASSED] - delay: Delayed 2 second(s)

2019-01-03 13:34:04 - [MESSAGE][PASSED] - Delayed 2 second(s)

2019-01-03 13:34:04 - [TEST_STEP][PASSED] - click: Object: 'Object Repository/Final Object Repo/Page_Form 1A - Cessation As Employer/Page_Form 1A - Cessation As Employer (Reject)/Confirm' is clicked on

2019-01-03 13:34:04 - [MESSAGE][PASSED] - Object: 'Object Repository/Final Object Repo/Page_Form 1A - Cessation As Employer/Page_Form 1A - Cessation As Employer (Reject)/Confirm' is clicked on

2019-01-03 13:34:04 - [TEST_STEP][PASSED] - delay: Delayed 2 second(s)

2019-01-03 13:34:06 - [MESSAGE][PASSED] - Delayed 2 second(s)

2019-01-03 13:34:06 - [TEST_STEP][PASSED] - verifyElementVisible: Object 'Object Repository/Final Object Repo/Page_Form 1A - Cessation As Employer/Page_Form 1A - Cessation As Employer (Reject)/Message This Case has been Rejected' is visible

2019-01-03 13:34:11 - [MESSAGE][PASSED] - Object 'Object Repository/Final Object Repo/Page_Form 1A - Cessation As Employer/Page_Form 1A - Cessation As Employer (Reject)/Message This Case has been Rejected' is visible

2019-01-03 13:34:11 - [TEST_STEP][PASSED] - delay: Delayed 1 second(s)

2019-01-03 13:34:12 - [MESSAGE][PASSED] - Delayed 1 second(s)

2019-01-03 13:34:12 - [TEST_STEP][PASSED] - verifyElementVisible: Object 'Object Repository/Final Object Repo/Page_Form 1A - Cessation As Employer/Page_Form 1A - Cessation As Employer (Reject)/Letter of update rejection' is visible

2019-01-03 13:34:12 - [MESSAGE][PASSED] - Object 'Object Repository/Final Object Repo/Page_Form 1A - Cessation As Employer/Page_Form 1A - Cessation As Employer (Reject)/Letter of update rejection' is visible

2019-01-03 13:34:12 - [MESSAGE][PASSED] - Call Test Case 'Test Cases/Final Aug 2018 - PKS Automation/Registration Module/Workflow/Form 1A - Cessation As Employer/Template/Form 1 A - Cessation As Employer (Reject)' successfully]]></system-out>
         <system-err><![CDATA[]]></system-err>
      </testcase>
      <testcase name="Test Cases/Final Aug 2018 - PKS Automation/Registration Module/Workflow/Form 1A - Cessation As Employer/OTC to UO (Under enforcement)" classname="Test Cases/Final Aug 2018 - PKS Automation/Registration Module/Workflow/Form 1A - Cessation As Employer/OTC to UO (Under enforcement)" status="PASSED">
         <system-out><![CDATA[2019-01-03 13:34:12 - [TEST_CASE][PASSED] - Test Cases/Final Aug 2018 - PKS Automation/Registration Module/Workflow/Form 1A - Cessation As Employer/OTC to UO (Under enforcement): Test Cases/Final Aug 2018 - PKS Automation/Registration Module/Workflow/Form 1A - Cessation As Employer/OTC to UO (Under enforcement)

2019-01-03 13:34:12 - [TEST_STEP][PASSED] - callTestCase: Call Test Case 'Test Cases/Final Aug 2018 - PKS Automation/Registration Module/Workflow/Form 1A - Cessation As Employer/Template/Form 1 A - Cessation As Employer (OTC)' successfully

2019-01-03 13:34:12 - [TEST_CASE][PASSED] - Test Cases/Final Aug 2018 - PKS Automation/Registration Module/Workflow/Form 1A - Cessation As Employer/Template/Form 1 A - Cessation As Employer (OTC): Test Cases/Final Aug 2018 - PKS Automation/Registration Module/Workflow/Form 1A - Cessation As Employer/Template/Form 1 A - Cessation As Employer (OTC)

2019-01-03 13:34:12 - [TEST_STEP][PASSED] - openBrowser: Browser is opened with url: ''

2019-01-03 13:34:12 - [MESSAGE][WARNING] - A browser is already opened. Closing browser and opening a new one

2019-01-03 13:34:16 - [MESSAGE][PASSED] - Browser is opened with url: ''

2019-01-03 13:34:16 - [TEST_STEP][PASSED] - navigateToUrl: Navigate to 'https://assist2-uat.perkeso.gov.my/login' successfully

2019-01-03 13:34:17 - [MESSAGE][PASSED] - Navigate to 'https://assist2-uat.perkeso.gov.my/login' successfully

2019-01-03 13:34:17 - [TEST_STEP][PASSED] - setText: Text 'johorotc1@gmail.com' is set on object 'Object Repository/Final Object Repo/Login Page/Internal User/Email Address'

2019-01-03 13:34:18 - [MESSAGE][PASSED] - Text 'johorotc1@gmail.com' is set on object 'Object Repository/Final Object Repo/Login Page/Internal User/Email Address'

2019-01-03 13:34:18 - [TEST_STEP][PASSED] - click: Object: 'Object Repository/Final Object Repo/Login Page/Internal User/Next Button' is clicked on

2019-01-03 13:34:18 - [MESSAGE][PASSED] - Object: 'Object Repository/Final Object Repo/Login Page/Internal User/Next Button' is clicked on

2019-01-03 13:34:18 - [TEST_STEP][PASSED] - delay: Delayed 1 second(s)

2019-01-03 13:34:19 - [MESSAGE][PASSED] - Delayed 1 second(s)

2019-01-03 13:34:19 - [TEST_STEP][PASSED] - setEncryptedText: Text ****** has been set on object 'Object Repository/Final Object Repo/Login Page/Internal User/Password'

2019-01-03 13:34:19 - [MESSAGE][PASSED] - Text ****** has been set on object 'Object Repository/Final Object Repo/Login Page/Internal User/Password'

2019-01-03 13:34:19 - [TEST_STEP][PASSED] - click: Object: 'Object Repository/Final Object Repo/Login Page/Internal User/Login Button' is clicked on

2019-01-03 13:34:20 - [MESSAGE][PASSED] - Object: 'Object Repository/Final Object Repo/Login Page/Internal User/Login Button' is clicked on

2019-01-03 13:34:20 - [TEST_STEP][PASSED] - delay: Delayed 1 second(s)

2019-01-03 13:34:21 - [MESSAGE][PASSED] - Delayed 1 second(s)

2019-01-03 13:34:21 - [TEST_STEP][PASSED] - Statement - Try: Delayed 2 second(s)

2019-01-03 13:34:21 - [TEST_STEP][PASSED] - Statement - Checker = false: null

2019-01-03 13:34:21 - [TEST_STEP][PASSED] - Statement - Checker = com.kms.katalon.core.webui.keyword.WebUiBuiltInKeywords.verifyElementHasAttribute(com.kms.katalon.core.testobject.ObjectRepository.findTestObject(Final Object Repo/Landing Page/BM Detecting), "href", 20, OPTIONAL): Object 'Object Repository/Final Object Repo/Landing Page/BM Detecting' has attribute 'href'

2019-01-03 13:34:22 - [MESSAGE][PASSED] - Object 'Object Repository/Final Object Repo/Landing Page/BM Detecting' has attribute 'href'

2019-01-03 13:34:22 - [TEST_STEP][PASSED] - Statement - out.println(Checker): null

2019-01-03 13:34:22 - [TEST_STEP][PASSED] - Statement - If (Checker == false): null

2019-01-03 13:34:22 - [TEST_STEP][PASSED] - Statement - Else: null

2019-01-03 13:34:22 - [TEST_STEP][PASSED] - delay: Delayed 2 second(s)

2019-01-03 13:34:24 - [MESSAGE][PASSED] - Delayed 2 second(s)

2019-01-03 13:34:24 - [TEST_STEP][PASSED] - navigateToUrl: Navigate to 'https://assist2-uat.perkeso.gov.my/web/registration/update/form-1a-cessation-as-employer-discontinue-business-' successfully

2019-01-03 13:34:24 - [MESSAGE][PASSED] - Navigate to 'https://assist2-uat.perkeso.gov.my/web/registration/update/form-1a-cessation-as-employer-discontinue-business-' successfully

2019-01-03 13:34:24 - [TEST_STEP][PASSED] - setText: Text 'E1102069770Z' is set on object 'Object Repository/Final Object Repo/Page_Update Employer Information/Employer Code'

2019-01-03 13:34:25 - [MESSAGE][PASSED] - Text 'E1102069770Z' is set on object 'Object Repository/Final Object Repo/Page_Update Employer Information/Employer Code'

2019-01-03 13:34:25 - [TEST_STEP][PASSED] - click: Object: 'Object Repository/Final Object Repo/Page_Update Employer Information/Search Button' is clicked on

2019-01-03 13:34:25 - [MESSAGE][PASSED] - Object: 'Object Repository/Final Object Repo/Page_Update Employer Information/Search Button' is clicked on

2019-01-03 13:34:25 - [TEST_STEP][PASSED] - click: Object: 'Object Repository/Final Object Repo/Page_Update Employer Information/Edit Button' is clicked on

2019-01-03 13:34:28 - [MESSAGE][PASSED] - Object: 'Object Repository/Final Object Repo/Page_Update Employer Information/Edit Button' is clicked on

2019-01-03 13:34:28 - [TEST_STEP][PASSED] - Statement - abc = com.kms.katalon.core.webui.keyword.WebUiBuiltInKeywords.getAttribute(com.kms.katalon.core.testobject.ObjectRepository.findTestObject(Final Object Repo/Page_Form 1A - Cessation As Employer/Employer Status), "value"): Attribute 'value' of object 'Object Repository/Final Object Repo/Page_Form 1A - Cessation As Employer/Employer Status' is: 'Dormant'

2019-01-03 13:34:28 - [MESSAGE][PASSED] - Attribute 'value' of object 'Object Repository/Final Object Repo/Page_Form 1A - Cessation As Employer/Employer Status' is: 'Dormant'

2019-01-03 13:34:28 - [TEST_STEP][PASSED] - Statement - out.println(abc): null

2019-01-03 13:34:28 - [TEST_STEP][PASSED] - Statement - If (abc == "Active"): null

2019-01-03 13:34:28 - [TEST_STEP][PASSED] - Statement - Else If (abc == "Cancel"): null

2019-01-03 13:34:28 - [TEST_STEP][PASSED] - Statement - Else If (abc == "Dormant"): Object: 'Object Repository/Final Object Repo/Page_Form 1A - Cessation As Employer/Change Employer Status to - Dormant' is clicked on

2019-01-03 13:34:28 - [TEST_STEP][PASSED] - click: Object: 'Object Repository/Final Object Repo/Page_Form 1A - Cessation As Employer/Change Employer Status to' is clicked on

2019-01-03 13:34:28 - [MESSAGE][PASSED] - Object: 'Object Repository/Final Object Repo/Page_Form 1A - Cessation As Employer/Change Employer Status to' is clicked on

2019-01-03 13:34:28 - [TEST_STEP][PASSED] - click: Object: 'Object Repository/Final Object Repo/Page_Form 1A - Cessation As Employer/Change Employer Status to - Dormant' is clicked on

2019-01-03 13:34:28 - [MESSAGE][PASSED] - Object: 'Object Repository/Final Object Repo/Page_Form 1A - Cessation As Employer/Change Employer Status to - Dormant' is clicked on

2019-01-03 13:34:28 - [TEST_STEP][PASSED] - click: Object: 'Object Repository/Final Object Repo/Page_Form 1A - Cessation As Employer/Calender' is clicked on

2019-01-03 13:34:28 - [MESSAGE][PASSED] - Object: 'Object Repository/Final Object Repo/Page_Form 1A - Cessation As Employer/Calender' is clicked on

2019-01-03 13:34:28 - [TEST_STEP][PASSED] - click: Object: 'Object Repository/Final Object Repo/Page_Form 1A - Cessation As Employer/Calender - Date' is clicked on

2019-01-03 13:34:28 - [MESSAGE][PASSED] - Object: 'Object Repository/Final Object Repo/Page_Form 1A - Cessation As Employer/Calender - Date' is clicked on

2019-01-03 13:34:28 - [TEST_STEP][PASSED] - delay: Delayed 2 second(s)

2019-01-03 13:34:30 - [MESSAGE][PASSED] - Delayed 2 second(s)

2019-01-03 13:34:30 - [TEST_STEP][PASSED] - click: Object: 'Object Repository/Final Object Repo/Page_Form 1A - Cessation As Employer/Save  Continue in Form 1A Page' is clicked on

2019-01-03 13:34:31 - [MESSAGE][PASSED] - Object: 'Object Repository/Final Object Repo/Page_Form 1A - Cessation As Employer/Save  Continue in Form 1A Page' is clicked on

2019-01-03 13:34:31 - [TEST_STEP][PASSED] - delay: Delayed 2 second(s)

2019-01-03 13:34:33 - [MESSAGE][PASSED] - Delayed 2 second(s)

2019-01-03 13:34:33 - [TEST_STEP][PASSED] - click: Object: 'Object Repository/Final Object Repo/Page_Form 1A - Cessation As Employer/Employment Resign Date' is clicked on

2019-01-03 13:34:33 - [MESSAGE][PASSED] - Object: 'Object Repository/Final Object Repo/Page_Form 1A - Cessation As Employer/Employment Resign Date' is clicked on

2019-01-03 13:34:33 - [TEST_STEP][PASSED] - delay: Delayed 1 second(s)

2019-01-03 13:34:34 - [MESSAGE][PASSED] - Delayed 1 second(s)

2019-01-03 13:34:34 - [TEST_STEP][PASSED] - Statement - CaseReferenceNo = com.kms.katalon.core.webui.keyword.WebUiBuiltInKeywords.getText(com.kms.katalon.core.testobject.ObjectRepository.findTestObject(Final Object Repo/Page_Update Employer Information/Reference Number in Update Employee Information Page)): Text of object 'Object Repository/Final Object Repo/Page_Update Employer Information/Reference Number in Update Employee Information Page' is: 'CUN012019C200001799'

2019-01-03 13:34:34 - [MESSAGE][PASSED] - Text of object 'Object Repository/Final Object Repo/Page_Update Employer Information/Reference Number in Update Employee Information Page' is: 'CUN012019C200001799'

2019-01-03 13:34:34 - [TEST_STEP][PASSED] - callTestCase: Call Test Case 'Test Cases/Final Aug 2018 - PKS Automation/Common/Reference Number Setter' successfully

2019-01-03 13:34:34 - [TEST_CASE][PASSED] - Test Cases/Final Aug 2018 - PKS Automation/Common/Reference Number Setter: Test Cases/Final Aug 2018 - PKS Automation/Common/Reference Number Setter

2019-01-03 13:34:34 - [TEST_STEP][PASSED] - Statement - RefNoOldFile = new java.io.File(C://Users//Admin//Desktop//PKS//Automation Reference Point//KatalonReference.txt): null

2019-01-03 13:34:34 - [TEST_STEP][PASSED] - Statement - RefNoOldFile.delete(): null

2019-01-03 13:34:34 - [TEST_STEP][PASSED] - delay: Delayed 5 second(s)

2019-01-03 13:34:39 - [MESSAGE][PASSED] - Delayed 5 second(s)

2019-01-03 13:34:39 - [TEST_STEP][PASSED] - Statement - RefNo = new java.io.File(C://Users//Admin//Desktop//PKS//Automation Reference Point//KatalonReference.txt): null

2019-01-03 13:34:39 - [TEST_STEP][PASSED] - Statement - f2 = new java.io.FileWriter(RefNo, false): null

2019-01-03 13:34:39 - [TEST_STEP][PASSED] - Statement - f2.write(CaseReferenceNo): null

2019-01-03 13:34:39 - [TEST_STEP][PASSED] - Statement - f2.close(): null

2019-01-03 13:34:39 - [TEST_STEP][PASSED] - Statement - out.println("


" + CaseReferenceNo + "


"): null

2019-01-03 13:34:39 - [MESSAGE][PASSED] - Call Test Case 'Test Cases/Final Aug 2018 - PKS Automation/Common/Reference Number Setter' successfully

2019-01-03 13:34:39 - [TEST_STEP][PASSED] - selectOptionByValue: All options with value '2030' are selected in object 'Object Repository/Final Object Repo/Page_Form 1A - Cessation As Employer/Employment Resign Date - Year' 

2019-01-03 13:34:39 - [MESSAGE][PASSED] - All options with value '2030' are selected in object 'Object Repository/Final Object Repo/Page_Form 1A - Cessation As Employer/Employment Resign Date - Year' 

2019-01-03 13:34:39 - [TEST_STEP][PASSED] - delay: Delayed 1 second(s)

2019-01-03 13:34:40 - [MESSAGE][PASSED] - Delayed 1 second(s)

2019-01-03 13:34:40 - [TEST_STEP][PASSED] - click: Object: 'Object Repository/Final Object Repo/Page_Form 1A - Cessation As Employer/Employment Resign Date - Year - Date' is clicked on

2019-01-03 13:34:40 - [MESSAGE][PASSED] - Object: 'Object Repository/Final Object Repo/Page_Form 1A - Cessation As Employer/Employment Resign Date - Year - Date' is clicked on

2019-01-03 13:34:40 - [TEST_STEP][PASSED] - delay: Delayed 2 second(s)

2019-01-03 13:34:42 - [MESSAGE][PASSED] - Delayed 2 second(s)

2019-01-03 13:34:42 - [TEST_STEP][PASSED] - click: Object: 'Object Repository/Final Object Repo/Page_Form 1A - Cessation As Employer/Save  Continue in Update Add Employee Resigned Date Page' is clicked on

2019-01-03 13:34:42 - [MESSAGE][PASSED] - Object: 'Object Repository/Final Object Repo/Page_Form 1A - Cessation As Employer/Save  Continue in Update Add Employee Resigned Date Page' is clicked on

2019-01-03 13:34:42 - [TEST_STEP][PASSED] - delay: Delayed 2 second(s)

2019-01-03 13:34:44 - [MESSAGE][PASSED] - Delayed 2 second(s)

2019-01-03 13:34:44 - [TEST_STEP][PASSED] - click: Object: 'Object Repository/Final Object Repo/Page_Form 1A - Cessation As Employer/Set Latest - Yes' is clicked on

2019-01-03 13:34:45 - [MESSAGE][PASSED] - Object: 'Object Repository/Final Object Repo/Page_Form 1A - Cessation As Employer/Set Latest - Yes' is clicked on

2019-01-03 13:34:45 - [TEST_STEP][PASSED] - delay: Delayed 2 second(s)

2019-01-03 13:34:47 - [MESSAGE][PASSED] - Delayed 2 second(s)

2019-01-03 13:34:47 - [TEST_STEP][PASSED] - click: Object: 'Object Repository/Final Object Repo/Page_Form 1A - Cessation As Employer/Add Document' is clicked on

2019-01-03 13:34:48 - [MESSAGE][PASSED] - Object: 'Object Repository/Final Object Repo/Page_Form 1A - Cessation As Employer/Add Document' is clicked on

2019-01-03 13:34:48 - [TEST_STEP][PASSED] - delay: Delayed 2 second(s)

2019-01-03 13:34:50 - [MESSAGE][PASSED] - Delayed 2 second(s)

2019-01-03 13:34:50 - [TEST_STEP][PASSED] - click: Object: 'Object Repository/Final Object Repo/Page_Form 1A - Cessation As Employer/Document Type' is clicked on

2019-01-03 13:34:51 - [MESSAGE][PASSED] - Object: 'Object Repository/Final Object Repo/Page_Form 1A - Cessation As Employer/Document Type' is clicked on

2019-01-03 13:34:51 - [TEST_STEP][PASSED] - delay: Delayed 2 second(s)

2019-01-03 13:34:53 - [MESSAGE][PASSED] - Delayed 2 second(s)

2019-01-03 13:34:53 - [TEST_STEP][PASSED] - click: Object: 'Object Repository/Final Object Repo/Page_Form 1A - Cessation As Employer/Document Type - Supporting Document For Cessation' is clicked on

2019-01-03 13:34:53 - [MESSAGE][PASSED] - Object: 'Object Repository/Final Object Repo/Page_Form 1A - Cessation As Employer/Document Type - Supporting Document For Cessation' is clicked on

2019-01-03 13:34:53 - [TEST_STEP][PASSED] - delay: Delayed 2 second(s)

2019-01-03 13:34:55 - [MESSAGE][PASSED] - Delayed 2 second(s)

2019-01-03 13:34:55 - [TEST_STEP][PASSED] - sendKeys: Keys 'C:\Users\Public\Pictures\Sample Pictures\Koala.jpg' sent to object: 'Object Repository/Final Object Repo/Page_Form 1A - Cessation As Employer/Uploading File'

2019-01-03 13:34:56 - [MESSAGE][PASSED] - Keys 'C:\Users\Public\Pictures\Sample Pictures\Koala.jpg' sent to object: 'Object Repository/Final Object Repo/Page_Form 1A - Cessation As Employer/Uploading File'

2019-01-03 13:34:56 - [TEST_STEP][PASSED] - delay: Delayed 2 second(s)

2019-01-03 13:34:58 - [MESSAGE][PASSED] - Delayed 2 second(s)

2019-01-03 13:34:58 - [TEST_STEP][PASSED] - click: Object: 'Object Repository/Final Object Repo/Page_Form 1A - Cessation As Employer/Add Document in Uploading Page' is clicked on

2019-01-03 13:34:58 - [MESSAGE][PASSED] - Object: 'Object Repository/Final Object Repo/Page_Form 1A - Cessation As Employer/Add Document in Uploading Page' is clicked on

2019-01-03 13:34:58 - [TEST_STEP][PASSED] - delay: Delayed 20 second(s)

2019-01-03 13:35:18 - [MESSAGE][PASSED] - Delayed 20 second(s)

2019-01-03 13:35:18 - [TEST_STEP][PASSED] - click: Object: 'Object Repository/Final Object Repo/Page_Form 1A - Cessation As Employer/Save  Continue in Uploading Page' is clicked on

2019-01-03 13:35:18 - [MESSAGE][PASSED] - Object: 'Object Repository/Final Object Repo/Page_Form 1A - Cessation As Employer/Save  Continue in Uploading Page' is clicked on

2019-01-03 13:35:18 - [TEST_STEP][PASSED] - delay: Delayed 2 second(s)

2019-01-03 13:35:20 - [MESSAGE][PASSED] - Delayed 2 second(s)

2019-01-03 13:35:20 - [TEST_STEP][PASSED] - click: Object: 'Object Repository/Final Object Repo/Page_Form 1A - Cessation As Employer/Submit2' is clicked on

2019-01-03 13:35:23 - [MESSAGE][PASSED] - Object: 'Object Repository/Final Object Repo/Page_Form 1A - Cessation As Employer/Submit2' is clicked on

2019-01-03 13:35:23 - [TEST_STEP][PASSED] - delay: Delayed 2 second(s)

2019-01-03 13:35:25 - [MESSAGE][PASSED] - Delayed 2 second(s)

2019-01-03 13:35:25 - [TEST_STEP][PASSED] - click: Object: 'Object Repository/Final Object Repo/Page_Form 1A - Cessation As Employer/Confirm' is clicked on

2019-01-03 13:35:25 - [MESSAGE][PASSED] - Object: 'Object Repository/Final Object Repo/Page_Form 1A - Cessation As Employer/Confirm' is clicked on

2019-01-03 13:35:25 - [TEST_STEP][PASSED] - delay: Delayed 2 second(s)

2019-01-03 13:35:27 - [MESSAGE][PASSED] - Delayed 2 second(s)

2019-01-03 13:35:27 - [TEST_STEP][PASSED] - verifyElementVisible: Object 'Object Repository/Final Object Repo/Page_Form 1A - Cessation As Employer/Message Your Request will be routed to UO' is visible

2019-01-03 13:35:31 - [MESSAGE][PASSED] - Object 'Object Repository/Final Object Repo/Page_Form 1A - Cessation As Employer/Message Your Request will be routed to UO' is visible

2019-01-03 13:35:31 - [TEST_STEP][PASSED] - delay: Delayed 1 second(s)

2019-01-03 13:35:32 - [MESSAGE][PASSED] - Delayed 1 second(s)

2019-01-03 13:35:32 - [TEST_STEP][PASSED] - verifyElementVisible: Object 'Object Repository/Final Object Repo/Page_Form 1A - Cessation As Employer/Letter of acknowledgement' is visible

2019-01-03 13:35:32 - [MESSAGE][PASSED] - Object 'Object Repository/Final Object Repo/Page_Form 1A - Cessation As Employer/Letter of acknowledgement' is visible

2019-01-03 13:35:32 - [MESSAGE][PASSED] - Call Test Case 'Test Cases/Final Aug 2018 - PKS Automation/Registration Module/Workflow/Form 1A - Cessation As Employer/Template/Form 1 A - Cessation As Employer (OTC)' successfully

2019-01-03 13:35:32 - [TEST_STEP][PASSED] - callTestCase: Call Test Case 'Test Cases/Final Aug 2018 - PKS Automation/Registration Module/Workflow/Form 1A - Cessation As Employer/Template/Form 1 A - Cessation As Employer (Under enforcement)' successfully

2019-01-03 13:35:32 - [TEST_CASE][PASSED] - Test Cases/Final Aug 2018 - PKS Automation/Registration Module/Workflow/Form 1A - Cessation As Employer/Template/Form 1 A - Cessation As Employer (Under enforcement): Test Cases/Final Aug 2018 - PKS Automation/Registration Module/Workflow/Form 1A - Cessation As Employer/Template/Form 1 A - Cessation As Employer (Under enforcement)

2019-01-03 13:35:32 - [TEST_STEP][NOT_RUN] - callTestCase: NOT_RUN: callTestCase

2019-01-03 13:35:32 - [MESSAGE][NOT_RUN] - NOT_RUN: callTestCase

2019-01-03 13:35:32 - [TEST_STEP][PASSED] - delay: Delayed 1 second(s)

2019-01-03 13:35:33 - [MESSAGE][PASSED] - Delayed 1 second(s)

2019-01-03 13:35:33 - [TEST_STEP][PASSED] - navigateToUrl: Navigate to 'https://assist2-uat.perkeso.gov.my/c/portal/logout' successfully

2019-01-03 13:35:34 - [MESSAGE][PASSED] - Navigate to 'https://assist2-uat.perkeso.gov.my/c/portal/logout' successfully

2019-01-03 13:35:34 - [TEST_STEP][PASSED] - delay: Delayed 1 second(s)

2019-01-03 13:35:35 - [MESSAGE][PASSED] - Delayed 1 second(s)

2019-01-03 13:35:35 - [TEST_STEP][PASSED] - callTestCase: Call Test Case 'Test Cases/Final Aug 2018 - PKS Automation/Common/Reference Number Getter' successfully

2019-01-03 13:35:35 - [TEST_CASE][PASSED] - Test Cases/Final Aug 2018 - PKS Automation/Common/Reference Number Getter: Test Cases/Final Aug 2018 - PKS Automation/Common/Reference Number Getter

2019-01-03 13:35:35 - [TEST_STEP][PASSED] - Statement - Try: null

2019-01-03 13:35:35 - [TEST_STEP][PASSED] - Statement - RefNo = new java.io.File(C://Users//Admin//Desktop//PKS//Automation Reference Point//KatalonReference.txt): null

2019-01-03 13:35:35 - [TEST_STEP][PASSED] - Statement - bufferread = new java.io.BufferedReader(new java.io.FileReader(RefNo)): null

2019-01-03 13:35:35 - [TEST_STEP][PASSED] - Statement - readedVal = bufferread.readLine(): null

2019-01-03 13:35:35 - [TEST_STEP][PASSED] - Statement - out.println(CaseReferenceNo): null

2019-01-03 13:35:35 - [TEST_STEP][PASSED] - Statement - out.println(readedVal): null

2019-01-03 13:35:35 - [TEST_STEP][PASSED] - Statement - CaseReferenceNo = "": null

2019-01-03 13:35:35 - [TEST_STEP][PASSED] - Statement - CaseReferenceNo = readedVal: null

2019-01-03 13:35:35 - [MESSAGE][PASSED] - Call Test Case 'Test Cases/Final Aug 2018 - PKS Automation/Common/Reference Number Getter' successfully

2019-01-03 13:35:35 - [TEST_STEP][PASSED] - callTestCase: Call Test Case 'Test Cases/Final Aug 2018 - PKS Automation/Common/Workflow Owner Finder' successfully

2019-01-03 13:35:35 - [TEST_CASE][PASSED] - Test Cases/Final Aug 2018 - PKS Automation/Common/Workflow Owner Finder: Test Cases/Final Aug 2018 - PKS Automation/Common/Workflow Owner Finder

2019-01-03 13:35:35 - [TEST_STEP][PASSED] - openBrowser: Browser is opened with url: ''

2019-01-03 13:35:35 - [MESSAGE][WARNING] - A browser is already opened. Closing browser and opening a new one

2019-01-03 13:35:39 - [MESSAGE][PASSED] - Browser is opened with url: ''

2019-01-03 13:35:39 - [TEST_STEP][PASSED] - navigateToUrl: Navigate to 'https://assist2-uat.perkeso.gov.my/login' successfully

2019-01-03 13:35:40 - [MESSAGE][PASSED] - Navigate to 'https://assist2-uat.perkeso.gov.my/login' successfully

2019-01-03 13:35:40 - [TEST_STEP][PASSED] - delay: Delayed 5 second(s)

2019-01-03 13:35:45 - [MESSAGE][PASSED] - Delayed 5 second(s)

2019-01-03 13:35:45 - [TEST_STEP][PASSED] - setText: Text 'test@liferay.com' is set on object 'Object Repository/Final Object Repo/Login Page/Internal User/Email Address'

2019-01-03 13:35:45 - [MESSAGE][PASSED] - Text 'test@liferay.com' is set on object 'Object Repository/Final Object Repo/Login Page/Internal User/Email Address'

2019-01-03 13:35:45 - [TEST_STEP][PASSED] - click: Object: 'Object Repository/Final Object Repo/Login Page/Internal User/Next Button' is clicked on

2019-01-03 13:35:45 - [MESSAGE][PASSED] - Object: 'Object Repository/Final Object Repo/Login Page/Internal User/Next Button' is clicked on

2019-01-03 13:35:45 - [TEST_STEP][PASSED] - delay: Delayed 2 second(s)

2019-01-03 13:35:47 - [MESSAGE][PASSED] - Delayed 2 second(s)

2019-01-03 13:35:47 - [TEST_STEP][PASSED] - setText: Text 'test' is set on object 'Object Repository/Final Object Repo/Login Page/Internal User/Password'

2019-01-03 13:35:48 - [MESSAGE][PASSED] - Text 'test' is set on object 'Object Repository/Final Object Repo/Login Page/Internal User/Password'

2019-01-03 13:35:48 - [TEST_STEP][PASSED] - delay: Delayed 2 second(s)

2019-01-03 13:35:50 - [MESSAGE][PASSED] - Delayed 2 second(s)

2019-01-03 13:35:50 - [TEST_STEP][PASSED] - click: Object: 'Object Repository/Final Object Repo/Login Page/Internal User/Login Button' is clicked on

2019-01-03 13:35:50 - [MESSAGE][PASSED] - Object: 'Object Repository/Final Object Repo/Login Page/Internal User/Login Button' is clicked on

2019-01-03 13:35:50 - [TEST_STEP][PASSED] - Statement - tester = com.kms.katalon.core.testobject.ObjectRepository.findTestObject(Final Object Repo/Landing Page/Select to English): Finding Test Object with id 'Object Repository/Final Object Repo/Landing Page/Select to English'

2019-01-03 13:35:50 - [TEST_STEP][PASSED] - Statement - Try: Delayed 2 second(s)

2019-01-03 13:35:50 - [TEST_STEP][PASSED] - Statement - Checker = com.kms.katalon.core.webui.keyword.WebUiBuiltInKeywords.verifyElementNotPresent(tester, 3): Web element with id: 'Object Repository/Final Object Repo/Landing Page/Select to English' located by 'By.xpath: //a[@class = 'taglib-language-list-text' and @lang = 'en-US' and (contains(text(), 'EN') or contains(., 'EN'))]' is not present after '3' second(s)

2019-01-03 13:35:52 - [MESSAGE][PASSED] - Web element with id: 'Object Repository/Final Object Repo/Landing Page/Select to English' located by 'By.xpath: //a[@class = 'taglib-language-list-text' and @lang = 'en-US' and (contains(text(), 'EN') or contains(., 'EN'))]' is not present after '3' second(s)

2019-01-03 13:35:52 - [TEST_STEP][PASSED] - Statement - If (Checker == false): null

2019-01-03 13:35:52 - [TEST_STEP][PASSED] - delay: Delayed 2 second(s)

2019-01-03 13:35:54 - [MESSAGE][PASSED] - Delayed 2 second(s)

2019-01-03 13:35:54 - [TEST_STEP][PASSED] - delay: Delayed 5 second(s)

2019-01-03 13:35:59 - [MESSAGE][PASSED] - Delayed 5 second(s)

2019-01-03 13:35:59 - [TEST_STEP][PASSED] - mouseOver: Object: 'Object Repository/Final Object Repo/Landing Page/WorkFlow Menu' is hovered

2019-01-03 13:35:59 - [MESSAGE][PASSED] - Object: 'Object Repository/Final Object Repo/Landing Page/WorkFlow Menu' is hovered

2019-01-03 13:35:59 - [TEST_STEP][PASSED] - delay: Delayed 2 second(s)

2019-01-03 13:36:01 - [MESSAGE][PASSED] - Delayed 2 second(s)

2019-01-03 13:36:01 - [TEST_STEP][PASSED] - click: Object: 'Object Repository/Final Object Repo/Landing Page/Select to Workflow Listing' is clicked on

2019-01-03 13:36:02 - [MESSAGE][PASSED] - Object: 'Object Repository/Final Object Repo/Landing Page/Select to Workflow Listing' is clicked on

2019-01-03 13:36:02 - [TEST_STEP][PASSED] - delay: Delayed 2 second(s)

2019-01-03 13:36:04 - [MESSAGE][PASSED] - Delayed 2 second(s)

2019-01-03 13:36:04 - [TEST_STEP][PASSED] - click: Object: 'Object Repository/Final Object Repo/WorkFlow Listing Page/Search Information - To Put Ref No' is clicked on

2019-01-03 13:36:05 - [MESSAGE][PASSED] - Object: 'Object Repository/Final Object Repo/WorkFlow Listing Page/Search Information - To Put Ref No' is clicked on

2019-01-03 13:36:05 - [TEST_STEP][PASSED] - delay: Delayed 2 second(s)

2019-01-03 13:36:07 - [MESSAGE][PASSED] - Delayed 2 second(s)

2019-01-03 13:36:07 - [TEST_STEP][PASSED] - callTestCase: Call Test Case 'Test Cases/Final Aug 2018 - PKS Automation/Common/Reference Number Getter' successfully

2019-01-03 13:36:07 - [TEST_CASE][PASSED] - Test Cases/Final Aug 2018 - PKS Automation/Common/Reference Number Getter: Test Cases/Final Aug 2018 - PKS Automation/Common/Reference Number Getter

2019-01-03 13:36:07 - [TEST_STEP][PASSED] - Statement - Try: null

2019-01-03 13:36:07 - [TEST_STEP][PASSED] - Statement - RefNo = new java.io.File(C://Users//Admin//Desktop//PKS//Automation Reference Point//KatalonReference.txt): null

2019-01-03 13:36:07 - [TEST_STEP][PASSED] - Statement - bufferread = new java.io.BufferedReader(new java.io.FileReader(RefNo)): null

2019-01-03 13:36:07 - [TEST_STEP][PASSED] - Statement - readedVal = bufferread.readLine(): null

2019-01-03 13:36:07 - [TEST_STEP][PASSED] - Statement - out.println(CaseReferenceNo): null

2019-01-03 13:36:07 - [TEST_STEP][PASSED] - Statement - out.println(readedVal): null

2019-01-03 13:36:07 - [TEST_STEP][PASSED] - Statement - CaseReferenceNo = "": null

2019-01-03 13:36:07 - [TEST_STEP][PASSED] - Statement - CaseReferenceNo = readedVal: null

2019-01-03 13:36:07 - [MESSAGE][PASSED] - Call Test Case 'Test Cases/Final Aug 2018 - PKS Automation/Common/Reference Number Getter' successfully

2019-01-03 13:36:07 - [TEST_STEP][PASSED] - setText: Text 'CUN012019C200001799' is set on object 'Object Repository/Final Object Repo/WorkFlow Listing Page/Ref No Set Text'

2019-01-03 13:36:07 - [MESSAGE][PASSED] - Text 'CUN012019C200001799' is set on object 'Object Repository/Final Object Repo/WorkFlow Listing Page/Ref No Set Text'

2019-01-03 13:36:07 - [TEST_STEP][PASSED] - delay: Delayed 2 second(s)

2019-01-03 13:36:09 - [MESSAGE][PASSED] - Delayed 2 second(s)

2019-01-03 13:36:09 - [TEST_STEP][PASSED] - click: Object: 'Object Repository/Final Object Repo/WorkFlow Listing Page/Search Ref No Search Button' is clicked on

2019-01-03 13:36:09 - [MESSAGE][PASSED] - Object: 'Object Repository/Final Object Repo/WorkFlow Listing Page/Search Ref No Search Button' is clicked on

2019-01-03 13:36:09 - [TEST_STEP][PASSED] - delay: Delayed 6 second(s)

2019-01-03 13:36:15 - [MESSAGE][PASSED] - Delayed 6 second(s)

2019-01-03 13:36:15 - [TEST_STEP][PASSED] - click: Object: 'Object Repository/Final Object Repo/WorkFlow Listing Page/Click Continue Tooltip' is clicked on

2019-01-03 13:36:16 - [MESSAGE][PASSED] - Object: 'Object Repository/Final Object Repo/WorkFlow Listing Page/Click Continue Tooltip' is clicked on

2019-01-03 13:36:16 - [TEST_STEP][PASSED] - delay: Delayed 5 second(s)

2019-01-03 13:36:21 - [MESSAGE][PASSED] - Delayed 5 second(s)

2019-01-03 13:36:21 - [TEST_STEP][PASSED] - doubleClick: Object: 'Object Repository/Final Object Repo/WorkFlow Listing Page/Workflow Found - Listing 1' is double clicked on

2019-01-03 13:36:21 - [MESSAGE][PASSED] - Object: 'Object Repository/Final Object Repo/WorkFlow Listing Page/Workflow Found - Listing 1' is double clicked on

2019-01-03 13:36:21 - [TEST_STEP][PASSED] - Statement - println(OwnerID): null

2019-01-03 13:36:21 - [TEST_STEP][PASSED] - Statement - OwnerID = com.kms.katalon.core.webui.keyword.WebUiBuiltInKeywords.getText(com.kms.katalon.core.testobject.ObjectRepository.findTestObject(Final Object Repo/WorkFlow Listing Page/Workflow Found - Listing 1), STOP_ON_FAILURE): Text of object 'Object Repository/Final Object Repo/WorkFlow Listing Page/Workflow Found - Listing 1' is: 'JOHORuo2'

2019-01-03 13:36:21 - [MESSAGE][PASSED] - Text of object 'Object Repository/Final Object Repo/WorkFlow Listing Page/Workflow Found - Listing 1' is: 'JOHORuo2'

2019-01-03 13:36:21 - [TEST_STEP][PASSED] - Statement - OwnerID = OwnerID.toLowerCase() + "@gmail.com": null

2019-01-03 13:36:21 - [TEST_STEP][PASSED] - Statement - println(OwnerID): null

2019-01-03 13:36:21 - [TEST_STEP][PASSED] - delay: Delayed 2 second(s)

2019-01-03 13:36:23 - [MESSAGE][PASSED] - Delayed 2 second(s)

2019-01-03 13:36:23 - [MESSAGE][PASSED] - Call Test Case 'Test Cases/Final Aug 2018 - PKS Automation/Common/Workflow Owner Finder' successfully

2019-01-03 13:36:23 - [TEST_STEP][PASSED] - delay: Delayed 1 second(s)

2019-01-03 13:36:24 - [MESSAGE][PASSED] - Delayed 1 second(s)

2019-01-03 13:36:24 - [TEST_STEP][PASSED] - navigateToUrl: Navigate to 'https://assist2-uat.perkeso.gov.my/c/portal/logout' successfully

2019-01-03 13:36:25 - [MESSAGE][PASSED] - Navigate to 'https://assist2-uat.perkeso.gov.my/c/portal/logout' successfully

2019-01-03 13:36:25 - [TEST_STEP][PASSED] - delay: Delayed 1 second(s)

2019-01-03 13:36:26 - [MESSAGE][PASSED] - Delayed 1 second(s)

2019-01-03 13:36:26 - [TEST_STEP][PASSED] - callTestCase: Call Test Case 'Test Cases/Final Aug 2018 - PKS Automation/Registration Module/Workflow/Login and Search Case For Workflow' successfully

2019-01-03 13:36:26 - [TEST_CASE][PASSED] - Test Cases/Final Aug 2018 - PKS Automation/Registration Module/Workflow/Login and Search Case For Workflow: Test Cases/Final Aug 2018 - PKS Automation/Registration Module/Workflow/Login and Search Case For Workflow

2019-01-03 13:36:26 - [TEST_STEP][PASSED] - navigateToUrl: Navigate to 'https://assist2-uat.perkeso.gov.my/login' successfully

2019-01-03 13:36:27 - [MESSAGE][PASSED] - Navigate to 'https://assist2-uat.perkeso.gov.my/login' successfully

2019-01-03 13:36:27 - [TEST_STEP][PASSED] - setText: Text 'johoruo2@gmail.com' is set on object 'Object Repository/Final Object Repo/Login Page/Internal User/Email Address'

2019-01-03 13:36:27 - [MESSAGE][PASSED] - Text 'johoruo2@gmail.com' is set on object 'Object Repository/Final Object Repo/Login Page/Internal User/Email Address'

2019-01-03 13:36:27 - [TEST_STEP][PASSED] - click: Object: 'Object Repository/Final Object Repo/Login Page/Internal User/Next Button' is clicked on

2019-01-03 13:36:27 - [MESSAGE][PASSED] - Object: 'Object Repository/Final Object Repo/Login Page/Internal User/Next Button' is clicked on

2019-01-03 13:36:27 - [TEST_STEP][PASSED] - delay: Delayed 1 second(s)

2019-01-03 13:36:28 - [MESSAGE][PASSED] - Delayed 1 second(s)

2019-01-03 13:36:28 - [TEST_STEP][PASSED] - setEncryptedText: Text ****** has been set on object 'Object Repository/Final Object Repo/Login Page/Internal User/Password'

2019-01-03 13:36:29 - [MESSAGE][PASSED] - Text ****** has been set on object 'Object Repository/Final Object Repo/Login Page/Internal User/Password'

2019-01-03 13:36:29 - [TEST_STEP][PASSED] - click: Object: 'Object Repository/Final Object Repo/Login Page/Internal User/Login Button' is clicked on

2019-01-03 13:36:29 - [MESSAGE][PASSED] - Object: 'Object Repository/Final Object Repo/Login Page/Internal User/Login Button' is clicked on

2019-01-03 13:36:29 - [TEST_STEP][PASSED] - delay: Delayed 2 second(s)

2019-01-03 13:36:31 - [MESSAGE][PASSED] - Delayed 2 second(s)

2019-01-03 13:36:31 - [TEST_STEP][PASSED] - Statement - Try: Delayed 2 second(s)

2019-01-03 13:36:31 - [TEST_STEP][PASSED] - Statement - Checker = false: null

2019-01-03 13:36:31 - [TEST_STEP][PASSED] - Statement - Checker = com.kms.katalon.core.webui.keyword.WebUiBuiltInKeywords.verifyElementHasAttribute(com.kms.katalon.core.testobject.ObjectRepository.findTestObject(Final Object Repo/Landing Page/BM Detecting), "href", 20, OPTIONAL): Object 'Object Repository/Final Object Repo/Landing Page/BM Detecting' has attribute 'href'

2019-01-03 13:36:31 - [MESSAGE][PASSED] - Object 'Object Repository/Final Object Repo/Landing Page/BM Detecting' has attribute 'href'

2019-01-03 13:36:31 - [TEST_STEP][PASSED] - Statement - out.println(Checker): null

2019-01-03 13:36:31 - [TEST_STEP][PASSED] - Statement - If (Checker == false): null

2019-01-03 13:36:31 - [TEST_STEP][PASSED] - Statement - Else: null

2019-01-03 13:36:31 - [TEST_STEP][PASSED] - delay: Delayed 2 second(s)

2019-01-03 13:36:33 - [MESSAGE][PASSED] - Delayed 2 second(s)

2019-01-03 13:36:33 - [TEST_STEP][PASSED] - click: Object: 'Object Repository/Final Object Repo/Page_MyASSIST - ASSIST - Search Pending Case For Add Supporting Document/Search Information' is clicked on

2019-01-03 13:36:33 - [MESSAGE][PASSED] - Object: 'Object Repository/Final Object Repo/Page_MyASSIST - ASSIST - Search Pending Case For Add Supporting Document/Search Information' is clicked on

2019-01-03 13:36:33 - [TEST_STEP][PASSED] - delay: Delayed 3 second(s)

2019-01-03 13:36:36 - [MESSAGE][PASSED] - Delayed 3 second(s)

2019-01-03 13:36:36 - [TEST_STEP][PASSED] - sendKeys: Keys 'CUN012019C200001799' sent to object: 'Object Repository/Final Object Repo/Page_MyASSIST - ASSIST - Search Pending Case For Add Supporting Document/Reference No'

2019-01-03 13:36:36 - [MESSAGE][PASSED] - Keys 'CUN012019C200001799' sent to object: 'Object Repository/Final Object Repo/Page_MyASSIST - ASSIST - Search Pending Case For Add Supporting Document/Reference No'

2019-01-03 13:36:36 - [TEST_STEP][PASSED] - click: Object: 'Object Repository/Final Object Repo/Page_MyASSIST - ASSIST - Search Pending Case For Add Supporting Document/Search Reference No' is clicked on

2019-01-03 13:36:36 - [MESSAGE][PASSED] - Object: 'Object Repository/Final Object Repo/Page_MyASSIST - ASSIST - Search Pending Case For Add Supporting Document/Search Reference No' is clicked on

2019-01-03 13:36:36 - [TEST_STEP][PASSED] - delay: Delayed 2 second(s)

2019-01-03 13:36:38 - [MESSAGE][PASSED] - Delayed 2 second(s)

2019-01-03 13:36:38 - [TEST_STEP][PASSED] - click: Object: 'Object Repository/Final Object Repo/Page_MyASSIST - ASSIST - Search Pending Case For Add Supporting Document/Continue' is clicked on

2019-01-03 13:36:42 - [MESSAGE][PASSED] - Object: 'Object Repository/Final Object Repo/Page_MyASSIST - ASSIST - Search Pending Case For Add Supporting Document/Continue' is clicked on

2019-01-03 13:36:42 - [TEST_STEP][PASSED] - delay: Delayed 20 second(s)

2019-01-03 13:37:02 - [MESSAGE][PASSED] - Delayed 20 second(s)

2019-01-03 13:37:02 - [MESSAGE][PASSED] - Call Test Case 'Test Cases/Final Aug 2018 - PKS Automation/Registration Module/Workflow/Login and Search Case For Workflow' successfully

2019-01-03 13:37:02 - [TEST_STEP][PASSED] - click: Object: 'Object Repository/Final Object Repo/Page_Form 1A - Cessation As Employer/Page_Form 1A - Cessation As Employer (Approve)/Save  Continue in Form 1A Page' is clicked on

2019-01-03 13:37:02 - [MESSAGE][PASSED] - Object: 'Object Repository/Final Object Repo/Page_Form 1A - Cessation As Employer/Page_Form 1A - Cessation As Employer (Approve)/Save  Continue in Form 1A Page' is clicked on

2019-01-03 13:37:02 - [TEST_STEP][PASSED] - delay: Delayed 2 second(s)

2019-01-03 13:37:04 - [MESSAGE][PASSED] - Delayed 2 second(s)

2019-01-03 13:37:04 - [TEST_STEP][PASSED] - click: Object: 'Object Repository/Final Object Repo/Page_Form 1A - Cessation As Employer/Employment Resign Date' is clicked on

2019-01-03 13:37:05 - [MESSAGE][PASSED] - Object: 'Object Repository/Final Object Repo/Page_Form 1A - Cessation As Employer/Employment Resign Date' is clicked on

2019-01-03 13:37:05 - [TEST_STEP][PASSED] - delay: Delayed 1 second(s)

2019-01-03 13:37:06 - [MESSAGE][PASSED] - Delayed 1 second(s)

2019-01-03 13:37:06 - [TEST_STEP][PASSED] - selectOptionByValue: All options with value '2030' are selected in object 'Object Repository/Final Object Repo/Page_Form 1A - Cessation As Employer/Employment Resign Date - Year' 

2019-01-03 13:37:06 - [MESSAGE][PASSED] - All options with value '2030' are selected in object 'Object Repository/Final Object Repo/Page_Form 1A - Cessation As Employer/Employment Resign Date - Year' 

2019-01-03 13:37:06 - [TEST_STEP][PASSED] - delay: Delayed 1 second(s)

2019-01-03 13:37:07 - [MESSAGE][PASSED] - Delayed 1 second(s)

2019-01-03 13:37:07 - [TEST_STEP][PASSED] - click: Object: 'Object Repository/Final Object Repo/Page_Form 1A - Cessation As Employer/Employment Resign Date - Year - Date' is clicked on

2019-01-03 13:37:07 - [MESSAGE][PASSED] - Object: 'Object Repository/Final Object Repo/Page_Form 1A - Cessation As Employer/Employment Resign Date - Year - Date' is clicked on

2019-01-03 13:37:07 - [TEST_STEP][PASSED] - delay: Delayed 2 second(s)

2019-01-03 13:37:09 - [MESSAGE][PASSED] - Delayed 2 second(s)

2019-01-03 13:37:09 - [TEST_STEP][PASSED] - click: Object: 'Object Repository/Final Object Repo/Page_Form 1A - Cessation As Employer/Page_Form 1A - Cessation As Employer (Approve)/Save  Continue in Update Add Employee Resigned Date Page' is clicked on

2019-01-03 13:37:09 - [MESSAGE][PASSED] - Object: 'Object Repository/Final Object Repo/Page_Form 1A - Cessation As Employer/Page_Form 1A - Cessation As Employer (Approve)/Save  Continue in Update Add Employee Resigned Date Page' is clicked on

2019-01-03 13:37:09 - [TEST_STEP][PASSED] - delay: Delayed 2 second(s)

2019-01-03 13:37:11 - [MESSAGE][PASSED] - Delayed 2 second(s)

2019-01-03 13:37:11 - [TEST_STEP][PASSED] - click: Object: 'Object Repository/Final Object Repo/Page_Form 1A - Cessation As Employer/Set Latest - Yes' is clicked on

2019-01-03 13:37:11 - [MESSAGE][PASSED] - Object: 'Object Repository/Final Object Repo/Page_Form 1A - Cessation As Employer/Set Latest - Yes' is clicked on

2019-01-03 13:37:11 - [TEST_STEP][PASSED] - delay: Delayed 2 second(s)

2019-01-03 13:37:13 - [MESSAGE][PASSED] - Delayed 2 second(s)

2019-01-03 13:37:13 - [TEST_STEP][PASSED] - click: Object: 'Object Repository/Final Object Repo/Page_Form 1A - Cessation As Employer/Page_Form 1A - Cessation As Employer (Approve)/Save  Contine in Uploading Document Page' is clicked on

2019-01-03 13:37:15 - [MESSAGE][PASSED] - Object: 'Object Repository/Final Object Repo/Page_Form 1A - Cessation As Employer/Page_Form 1A - Cessation As Employer (Approve)/Save  Contine in Uploading Document Page' is clicked on

2019-01-03 13:37:15 - [TEST_STEP][PASSED] - delay: Delayed 2 second(s)

2019-01-03 13:37:17 - [MESSAGE][PASSED] - Delayed 2 second(s)

2019-01-03 13:37:17 - [TEST_STEP][PASSED] - click: Object: 'Object Repository/Final Object Repo/Page_Form 1A - Cessation As Employer/Page_Form 1A - Cessation As Employer (Under enforcement)/Under enforcement' is clicked on

2019-01-03 13:37:20 - [MESSAGE][PASSED] - Object: 'Object Repository/Final Object Repo/Page_Form 1A - Cessation As Employer/Page_Form 1A - Cessation As Employer (Under enforcement)/Under enforcement' is clicked on

2019-01-03 13:37:20 - [TEST_STEP][PASSED] - delay: Delayed 2 second(s)

2019-01-03 13:37:22 - [MESSAGE][PASSED] - Delayed 2 second(s)

2019-01-03 13:37:22 - [TEST_STEP][PASSED] - setText: Text 'remark' is set on object 'Object Repository/Final Object Repo/Page_Form 1A - Cessation As Employer/Page_Form 1A - Cessation As Employer (Under enforcement)/Under enforcement - remark'

2019-01-03 13:37:22 - [MESSAGE][PASSED] - Text 'remark' is set on object 'Object Repository/Final Object Repo/Page_Form 1A - Cessation As Employer/Page_Form 1A - Cessation As Employer (Under enforcement)/Under enforcement - remark'

2019-01-03 13:37:22 - [TEST_STEP][PASSED] - delay: Delayed 2 second(s)

2019-01-03 13:37:24 - [MESSAGE][PASSED] - Delayed 2 second(s)

2019-01-03 13:37:24 - [TEST_STEP][PASSED] - click: Object: 'Object Repository/Final Object Repo/Page_Form 1A - Cessation As Employer/Page_Form 1A - Cessation As Employer (Under enforcement)/Save  Continue in Under enforcement Page' is clicked on

2019-01-03 13:37:24 - [MESSAGE][PASSED] - Object: 'Object Repository/Final Object Repo/Page_Form 1A - Cessation As Employer/Page_Form 1A - Cessation As Employer (Under enforcement)/Save  Continue in Under enforcement Page' is clicked on

2019-01-03 13:37:24 - [TEST_STEP][PASSED] - delay: Delayed 2 second(s)

2019-01-03 13:37:26 - [MESSAGE][PASSED] - Delayed 2 second(s)

2019-01-03 13:37:26 - [TEST_STEP][PASSED] - click: Object: 'Object Repository/Final Object Repo/Page_Form 1A - Cessation As Employer/Page_Form 1A - Cessation As Employer (Under enforcement)/Message The case is under enforcement' is clicked on

2019-01-03 13:37:28 - [MESSAGE][PASSED] - Object: 'Object Repository/Final Object Repo/Page_Form 1A - Cessation As Employer/Page_Form 1A - Cessation As Employer (Under enforcement)/Message The case is under enforcement' is clicked on

2019-01-03 13:37:28 - [MESSAGE][PASSED] - Call Test Case 'Test Cases/Final Aug 2018 - PKS Automation/Registration Module/Workflow/Form 1A - Cessation As Employer/Template/Form 1 A - Cessation As Employer (Under enforcement)' successfully]]></system-out>
         <system-err><![CDATA[]]></system-err>
      </testcase>
      <testcase name="Test Cases/Final Aug 2018 - PKS Automation/Registration Module/Workflow/Form 1A - Cessation As Employer/PKRBO to UO (Approve)" classname="Test Cases/Final Aug 2018 - PKS Automation/Registration Module/Workflow/Form 1A - Cessation As Employer/PKRBO to UO (Approve)" status="PASSED">
         <system-out><![CDATA[2019-01-03 13:37:28 - [TEST_CASE][PASSED] - Test Cases/Final Aug 2018 - PKS Automation/Registration Module/Workflow/Form 1A - Cessation As Employer/PKRBO to UO (Approve): Test Cases/Final Aug 2018 - PKS Automation/Registration Module/Workflow/Form 1A - Cessation As Employer/PKRBO to UO (Approve)

2019-01-03 13:37:28 - [TEST_STEP][PASSED] - callTestCase: Call Test Case 'Test Cases/Final Aug 2018 - PKS Automation/Registration Module/Workflow/Form 1A - Cessation As Employer/Template/Form 1 A - Cessation As Employer (PKRBO)' successfully

2019-01-03 13:37:28 - [TEST_CASE][PASSED] - Test Cases/Final Aug 2018 - PKS Automation/Registration Module/Workflow/Form 1A - Cessation As Employer/Template/Form 1 A - Cessation As Employer (PKRBO): Test Cases/Final Aug 2018 - PKS Automation/Registration Module/Workflow/Form 1A - Cessation As Employer/Template/Form 1 A - Cessation As Employer (PKRBO)

2019-01-03 13:37:29 - [TEST_STEP][PASSED] - openBrowser: Browser is opened with url: ''

2019-01-03 13:37:29 - [MESSAGE][WARNING] - A browser is already opened. Closing browser and opening a new one

2019-01-03 13:37:33 - [MESSAGE][PASSED] - Browser is opened with url: ''

2019-01-03 13:37:33 - [TEST_STEP][PASSED] - navigateToUrl: Navigate to 'https://assist2-uat.perkeso.gov.my/login' successfully

2019-01-03 13:37:34 - [MESSAGE][PASSED] - Navigate to 'https://assist2-uat.perkeso.gov.my/login' successfully

2019-01-03 13:37:34 - [TEST_STEP][PASSED] - setText: Text 'johorpkrbo1@gmail.com' is set on object 'Object Repository/Final Object Repo/Login Page/Internal User/Email Address'

2019-01-03 13:37:34 - [MESSAGE][PASSED] - Text 'johorpkrbo1@gmail.com' is set on object 'Object Repository/Final Object Repo/Login Page/Internal User/Email Address'

2019-01-03 13:37:34 - [TEST_STEP][PASSED] - click: Object: 'Object Repository/Final Object Repo/Login Page/Internal User/Next Button' is clicked on

2019-01-03 13:37:34 - [MESSAGE][PASSED] - Object: 'Object Repository/Final Object Repo/Login Page/Internal User/Next Button' is clicked on

2019-01-03 13:37:34 - [TEST_STEP][PASSED] - delay: Delayed 1 second(s)

2019-01-03 13:37:35 - [MESSAGE][PASSED] - Delayed 1 second(s)

2019-01-03 13:37:35 - [TEST_STEP][PASSED] - setEncryptedText: Text ****** has been set on object 'Object Repository/Final Object Repo/Login Page/Internal User/Password'

2019-01-03 13:37:36 - [MESSAGE][PASSED] - Text ****** has been set on object 'Object Repository/Final Object Repo/Login Page/Internal User/Password'

2019-01-03 13:37:36 - [TEST_STEP][PASSED] - click: Object: 'Object Repository/Final Object Repo/Login Page/Internal User/Login Button' is clicked on

2019-01-03 13:37:36 - [MESSAGE][PASSED] - Object: 'Object Repository/Final Object Repo/Login Page/Internal User/Login Button' is clicked on

2019-01-03 13:37:36 - [TEST_STEP][PASSED] - delay: Delayed 1 second(s)

2019-01-03 13:37:37 - [MESSAGE][PASSED] - Delayed 1 second(s)

2019-01-03 13:37:37 - [TEST_STEP][PASSED] - Statement - Try: Delayed 2 second(s)

2019-01-03 13:37:37 - [TEST_STEP][PASSED] - Statement - Checker = false: null

2019-01-03 13:37:37 - [TEST_STEP][PASSED] - Statement - Checker = com.kms.katalon.core.webui.keyword.WebUiBuiltInKeywords.verifyElementHasAttribute(com.kms.katalon.core.testobject.ObjectRepository.findTestObject(Final Object Repo/Landing Page/BM Detecting), "href", 20, OPTIONAL): Object 'Object Repository/Final Object Repo/Landing Page/BM Detecting' has attribute 'href'

2019-01-03 13:37:38 - [MESSAGE][PASSED] - Object 'Object Repository/Final Object Repo/Landing Page/BM Detecting' has attribute 'href'

2019-01-03 13:37:38 - [TEST_STEP][PASSED] - Statement - out.println(Checker): null

2019-01-03 13:37:38 - [TEST_STEP][PASSED] - Statement - If (Checker == false): null

2019-01-03 13:37:38 - [TEST_STEP][PASSED] - Statement - Else: null

2019-01-03 13:37:38 - [TEST_STEP][PASSED] - delay: Delayed 2 second(s)

2019-01-03 13:37:40 - [MESSAGE][PASSED] - Delayed 2 second(s)

2019-01-03 13:37:40 - [TEST_STEP][PASSED] - navigateToUrl: Navigate to 'https://assist2-uat.perkeso.gov.my/web/registration/update/form-1a-cessation-as-employer-discontinue-business-' successfully

2019-01-03 13:37:41 - [MESSAGE][PASSED] - Navigate to 'https://assist2-uat.perkeso.gov.my/web/registration/update/form-1a-cessation-as-employer-discontinue-business-' successfully

2019-01-03 13:37:41 - [TEST_STEP][PASSED] - setText: Text 'E1102069770Z' is set on object 'Object Repository/Final Object Repo/Page_Update Employer Information/Employer Code'

2019-01-03 13:37:41 - [MESSAGE][PASSED] - Text 'E1102069770Z' is set on object 'Object Repository/Final Object Repo/Page_Update Employer Information/Employer Code'

2019-01-03 13:37:41 - [TEST_STEP][PASSED] - click: Object: 'Object Repository/Final Object Repo/Page_Update Employer Information/Search Button' is clicked on

2019-01-03 13:37:41 - [MESSAGE][PASSED] - Object: 'Object Repository/Final Object Repo/Page_Update Employer Information/Search Button' is clicked on

2019-01-03 13:37:41 - [TEST_STEP][PASSED] - click: Object: 'Object Repository/Final Object Repo/Page_Update Employer Information/Edit Button' is clicked on

2019-01-03 13:37:44 - [MESSAGE][PASSED] - Object: 'Object Repository/Final Object Repo/Page_Update Employer Information/Edit Button' is clicked on

2019-01-03 13:37:44 - [TEST_STEP][PASSED] - Statement - abc = com.kms.katalon.core.webui.keyword.WebUiBuiltInKeywords.getAttribute(com.kms.katalon.core.testobject.ObjectRepository.findTestObject(Final Object Repo/Page_Form 1A - Cessation As Employer/Employer Status), "value"): Attribute 'value' of object 'Object Repository/Final Object Repo/Page_Form 1A - Cessation As Employer/Employer Status' is: 'Dormant'

2019-01-03 13:37:44 - [MESSAGE][PASSED] - Attribute 'value' of object 'Object Repository/Final Object Repo/Page_Form 1A - Cessation As Employer/Employer Status' is: 'Dormant'

2019-01-03 13:37:44 - [TEST_STEP][PASSED] - Statement - out.println(abc): null

2019-01-03 13:37:44 - [TEST_STEP][PASSED] - Statement - If (abc == "Active"): null

2019-01-03 13:37:44 - [TEST_STEP][PASSED] - Statement - Else If (abc == "Cancel"): null

2019-01-03 13:37:44 - [TEST_STEP][PASSED] - Statement - Else If (abc == "Dormant"): Object: 'Object Repository/Final Object Repo/Page_Form 1A - Cessation As Employer/Change Employer Status to - Dormant' is clicked on

2019-01-03 13:37:44 - [TEST_STEP][PASSED] - click: Object: 'Object Repository/Final Object Repo/Page_Form 1A - Cessation As Employer/Change Employer Status to' is clicked on

2019-01-03 13:37:44 - [MESSAGE][PASSED] - Object: 'Object Repository/Final Object Repo/Page_Form 1A - Cessation As Employer/Change Employer Status to' is clicked on

2019-01-03 13:37:44 - [TEST_STEP][PASSED] - click: Object: 'Object Repository/Final Object Repo/Page_Form 1A - Cessation As Employer/Change Employer Status to - Dormant' is clicked on

2019-01-03 13:37:44 - [MESSAGE][PASSED] - Object: 'Object Repository/Final Object Repo/Page_Form 1A - Cessation As Employer/Change Employer Status to - Dormant' is clicked on

2019-01-03 13:37:44 - [TEST_STEP][PASSED] - click: Object: 'Object Repository/Final Object Repo/Page_Form 1A - Cessation As Employer/Calender' is clicked on

2019-01-03 13:37:44 - [MESSAGE][PASSED] - Object: 'Object Repository/Final Object Repo/Page_Form 1A - Cessation As Employer/Calender' is clicked on

2019-01-03 13:37:44 - [TEST_STEP][PASSED] - click: Object: 'Object Repository/Final Object Repo/Page_Form 1A - Cessation As Employer/Calender - Date' is clicked on

2019-01-03 13:37:44 - [MESSAGE][PASSED] - Object: 'Object Repository/Final Object Repo/Page_Form 1A - Cessation As Employer/Calender - Date' is clicked on

2019-01-03 13:37:44 - [TEST_STEP][PASSED] - delay: Delayed 2 second(s)

2019-01-03 13:37:46 - [MESSAGE][PASSED] - Delayed 2 second(s)

2019-01-03 13:37:46 - [TEST_STEP][PASSED] - click: Object: 'Object Repository/Final Object Repo/Page_Form 1A - Cessation As Employer/Save  Continue in Form 1A Page' is clicked on

2019-01-03 13:37:47 - [MESSAGE][PASSED] - Object: 'Object Repository/Final Object Repo/Page_Form 1A - Cessation As Employer/Save  Continue in Form 1A Page' is clicked on

2019-01-03 13:37:47 - [TEST_STEP][PASSED] - delay: Delayed 2 second(s)

2019-01-03 13:37:49 - [MESSAGE][PASSED] - Delayed 2 second(s)

2019-01-03 13:37:49 - [TEST_STEP][PASSED] - click: Object: 'Object Repository/Final Object Repo/Page_Form 1A - Cessation As Employer/Employment Resign Date' is clicked on

2019-01-03 13:37:49 - [MESSAGE][PASSED] - Object: 'Object Repository/Final Object Repo/Page_Form 1A - Cessation As Employer/Employment Resign Date' is clicked on

2019-01-03 13:37:49 - [TEST_STEP][PASSED] - delay: Delayed 1 second(s)

2019-01-03 13:37:50 - [MESSAGE][PASSED] - Delayed 1 second(s)

2019-01-03 13:37:50 - [TEST_STEP][PASSED] - Statement - CaseReferenceNo = com.kms.katalon.core.webui.keyword.WebUiBuiltInKeywords.getText(com.kms.katalon.core.testobject.ObjectRepository.findTestObject(Final Object Repo/Page_Update Employer Information/Reference Number in Update Employee Information Page)): Text of object 'Object Repository/Final Object Repo/Page_Update Employer Information/Reference Number in Update Employee Information Page' is: 'CUN012019C200001800'

2019-01-03 13:37:50 - [MESSAGE][PASSED] - Text of object 'Object Repository/Final Object Repo/Page_Update Employer Information/Reference Number in Update Employee Information Page' is: 'CUN012019C200001800'

2019-01-03 13:37:50 - [TEST_STEP][PASSED] - Statement - out.println(CaseReferenceNo): null

2019-01-03 13:37:50 - [TEST_STEP][PASSED] - callTestCase: Call Test Case 'Test Cases/Final Aug 2018 - PKS Automation/Common/Reference Number Setter' successfully

2019-01-03 13:37:50 - [TEST_CASE][PASSED] - Test Cases/Final Aug 2018 - PKS Automation/Common/Reference Number Setter: Test Cases/Final Aug 2018 - PKS Automation/Common/Reference Number Setter

2019-01-03 13:37:50 - [TEST_STEP][PASSED] - Statement - RefNoOldFile = new java.io.File(C://Users//Admin//Desktop//PKS//Automation Reference Point//KatalonReference.txt): null

2019-01-03 13:37:50 - [TEST_STEP][PASSED] - Statement - RefNoOldFile.delete(): null

2019-01-03 13:37:50 - [TEST_STEP][PASSED] - delay: Delayed 5 second(s)

2019-01-03 13:37:55 - [MESSAGE][PASSED] - Delayed 5 second(s)

2019-01-03 13:37:55 - [TEST_STEP][PASSED] - Statement - RefNo = new java.io.File(C://Users//Admin//Desktop//PKS//Automation Reference Point//KatalonReference.txt): null

2019-01-03 13:37:55 - [TEST_STEP][PASSED] - Statement - f2 = new java.io.FileWriter(RefNo, false): null

2019-01-03 13:37:55 - [TEST_STEP][PASSED] - Statement - f2.write(CaseReferenceNo): null

2019-01-03 13:37:55 - [TEST_STEP][PASSED] - Statement - f2.close(): null

2019-01-03 13:37:55 - [TEST_STEP][PASSED] - Statement - out.println("


" + CaseReferenceNo + "


"): null

2019-01-03 13:37:55 - [MESSAGE][PASSED] - Call Test Case 'Test Cases/Final Aug 2018 - PKS Automation/Common/Reference Number Setter' successfully

2019-01-03 13:37:55 - [TEST_STEP][PASSED] - selectOptionByValue: All options with value '2030' are selected in object 'Object Repository/Final Object Repo/Page_Form 1A - Cessation As Employer/Employment Resign Date - Year' 

2019-01-03 13:37:55 - [MESSAGE][PASSED] - All options with value '2030' are selected in object 'Object Repository/Final Object Repo/Page_Form 1A - Cessation As Employer/Employment Resign Date - Year' 

2019-01-03 13:37:55 - [TEST_STEP][PASSED] - delay: Delayed 1 second(s)

2019-01-03 13:37:56 - [MESSAGE][PASSED] - Delayed 1 second(s)

2019-01-03 13:37:56 - [TEST_STEP][PASSED] - click: Object: 'Object Repository/Final Object Repo/Page_Form 1A - Cessation As Employer/Employment Resign Date - Year - Date' is clicked on

2019-01-03 13:37:56 - [MESSAGE][PASSED] - Object: 'Object Repository/Final Object Repo/Page_Form 1A - Cessation As Employer/Employment Resign Date - Year - Date' is clicked on

2019-01-03 13:37:56 - [TEST_STEP][PASSED] - delay: Delayed 2 second(s)

2019-01-03 13:37:58 - [MESSAGE][PASSED] - Delayed 2 second(s)

2019-01-03 13:37:58 - [TEST_STEP][PASSED] - click: Object: 'Object Repository/Final Object Repo/Page_Form 1A - Cessation As Employer/Save  Continue in Update Add Employee Resigned Date Page' is clicked on

2019-01-03 13:37:59 - [MESSAGE][PASSED] - Object: 'Object Repository/Final Object Repo/Page_Form 1A - Cessation As Employer/Save  Continue in Update Add Employee Resigned Date Page' is clicked on

2019-01-03 13:37:59 - [TEST_STEP][PASSED] - delay: Delayed 2 second(s)

2019-01-03 13:38:01 - [MESSAGE][PASSED] - Delayed 2 second(s)

2019-01-03 13:38:01 - [TEST_STEP][PASSED] - click: Object: 'Object Repository/Final Object Repo/Page_Form 1A - Cessation As Employer/Set Latest - Yes' is clicked on

2019-01-03 13:38:01 - [MESSAGE][PASSED] - Object: 'Object Repository/Final Object Repo/Page_Form 1A - Cessation As Employer/Set Latest - Yes' is clicked on

2019-01-03 13:38:01 - [TEST_STEP][PASSED] - delay: Delayed 2 second(s)

2019-01-03 13:38:03 - [MESSAGE][PASSED] - Delayed 2 second(s)

2019-01-03 13:38:03 - [TEST_STEP][PASSED] - click: Object: 'Object Repository/Final Object Repo/Page_Form 1A - Cessation As Employer/Add Document' is clicked on

2019-01-03 13:38:04 - [MESSAGE][PASSED] - Object: 'Object Repository/Final Object Repo/Page_Form 1A - Cessation As Employer/Add Document' is clicked on

2019-01-03 13:38:04 - [TEST_STEP][PASSED] - delay: Delayed 2 second(s)

2019-01-03 13:38:06 - [MESSAGE][PASSED] - Delayed 2 second(s)

2019-01-03 13:38:06 - [TEST_STEP][PASSED] - click: Object: 'Object Repository/Final Object Repo/Page_Form 1A - Cessation As Employer/Document Type' is clicked on

2019-01-03 13:38:07 - [MESSAGE][PASSED] - Object: 'Object Repository/Final Object Repo/Page_Form 1A - Cessation As Employer/Document Type' is clicked on

2019-01-03 13:38:07 - [TEST_STEP][PASSED] - delay: Delayed 2 second(s)

2019-01-03 13:38:09 - [MESSAGE][PASSED] - Delayed 2 second(s)

2019-01-03 13:38:09 - [TEST_STEP][PASSED] - click: Object: 'Object Repository/Final Object Repo/Page_Form 1A - Cessation As Employer/Document Type - Supporting Document For Cessation' is clicked on

2019-01-03 13:38:09 - [MESSAGE][PASSED] - Object: 'Object Repository/Final Object Repo/Page_Form 1A - Cessation As Employer/Document Type - Supporting Document For Cessation' is clicked on

2019-01-03 13:38:09 - [TEST_STEP][PASSED] - delay: Delayed 2 second(s)

2019-01-03 13:38:11 - [MESSAGE][PASSED] - Delayed 2 second(s)

2019-01-03 13:38:11 - [TEST_STEP][PASSED] - sendKeys: Keys 'C:\Users\Public\Pictures\Sample Pictures\Koala.jpg' sent to object: 'Object Repository/Final Object Repo/Page_Form 1A - Cessation As Employer/Uploading File'

2019-01-03 13:38:11 - [MESSAGE][PASSED] - Keys 'C:\Users\Public\Pictures\Sample Pictures\Koala.jpg' sent to object: 'Object Repository/Final Object Repo/Page_Form 1A - Cessation As Employer/Uploading File'

2019-01-03 13:38:11 - [TEST_STEP][PASSED] - delay: Delayed 2 second(s)

2019-01-03 13:38:13 - [MESSAGE][PASSED] - Delayed 2 second(s)

2019-01-03 13:38:13 - [TEST_STEP][PASSED] - click: Object: 'Object Repository/Final Object Repo/Page_Form 1A - Cessation As Employer/Add Document in Uploading Page' is clicked on

2019-01-03 13:38:13 - [MESSAGE][PASSED] - Object: 'Object Repository/Final Object Repo/Page_Form 1A - Cessation As Employer/Add Document in Uploading Page' is clicked on

2019-01-03 13:38:13 - [TEST_STEP][PASSED] - delay: Delayed 15 second(s)

2019-01-03 13:38:28 - [MESSAGE][PASSED] - Delayed 15 second(s)

2019-01-03 13:38:28 - [TEST_STEP][PASSED] - click: Object: 'Object Repository/Final Object Repo/Page_Form 1A - Cessation As Employer/Save  Continue in Uploading Page' is clicked on

2019-01-03 13:38:29 - [MESSAGE][PASSED] - Object: 'Object Repository/Final Object Repo/Page_Form 1A - Cessation As Employer/Save  Continue in Uploading Page' is clicked on

2019-01-03 13:38:29 - [TEST_STEP][PASSED] - delay: Delayed 2 second(s)

2019-01-03 13:38:31 - [MESSAGE][PASSED] - Delayed 2 second(s)

2019-01-03 13:38:31 - [TEST_STEP][PASSED] - click: Object: 'Object Repository/Final Object Repo/Page_Form 1A - Cessation As Employer/Submit2' is clicked on

2019-01-03 13:38:34 - [MESSAGE][PASSED] - Object: 'Object Repository/Final Object Repo/Page_Form 1A - Cessation As Employer/Submit2' is clicked on

2019-01-03 13:38:34 - [TEST_STEP][PASSED] - delay: Delayed 2 second(s)

2019-01-03 13:38:36 - [MESSAGE][PASSED] - Delayed 2 second(s)

2019-01-03 13:38:36 - [TEST_STEP][PASSED] - click: Object: 'Object Repository/Final Object Repo/Page_Form 1A - Cessation As Employer/Confirm' is clicked on

2019-01-03 13:38:36 - [MESSAGE][PASSED] - Object: 'Object Repository/Final Object Repo/Page_Form 1A - Cessation As Employer/Confirm' is clicked on

2019-01-03 13:38:36 - [TEST_STEP][PASSED] - delay: Delayed 2 second(s)

2019-01-03 13:38:38 - [MESSAGE][PASSED] - Delayed 2 second(s)

2019-01-03 13:38:38 - [TEST_STEP][PASSED] - verifyElementVisible: Object 'Object Repository/Final Object Repo/Page_Form 1A - Cessation As Employer/Message Your Request will be routed to UO' is visible

2019-01-03 13:38:42 - [MESSAGE][PASSED] - Object 'Object Repository/Final Object Repo/Page_Form 1A - Cessation As Employer/Message Your Request will be routed to UO' is visible

2019-01-03 13:38:42 - [TEST_STEP][PASSED] - delay: Delayed 1 second(s)

2019-01-03 13:38:43 - [MESSAGE][PASSED] - Delayed 1 second(s)

2019-01-03 13:38:43 - [TEST_STEP][PASSED] - verifyElementVisible: Object 'Object Repository/Final Object Repo/Page_Form 1A - Cessation As Employer/Letter of acknowledgement' is visible

2019-01-03 13:38:43 - [MESSAGE][PASSED] - Object 'Object Repository/Final Object Repo/Page_Form 1A - Cessation As Employer/Letter of acknowledgement' is visible

2019-01-03 13:38:43 - [MESSAGE][PASSED] - Call Test Case 'Test Cases/Final Aug 2018 - PKS Automation/Registration Module/Workflow/Form 1A - Cessation As Employer/Template/Form 1 A - Cessation As Employer (PKRBO)' successfully

2019-01-03 13:38:43 - [TEST_STEP][PASSED] - callTestCase: Call Test Case 'Test Cases/Final Aug 2018 - PKS Automation/Registration Module/Workflow/Form 1A - Cessation As Employer/Template/Form 1 A - Cessation As Employer (Approve)' successfully

2019-01-03 13:38:43 - [TEST_CASE][PASSED] - Test Cases/Final Aug 2018 - PKS Automation/Registration Module/Workflow/Form 1A - Cessation As Employer/Template/Form 1 A - Cessation As Employer (Approve): Test Cases/Final Aug 2018 - PKS Automation/Registration Module/Workflow/Form 1A - Cessation As Employer/Template/Form 1 A - Cessation As Employer (Approve)

2019-01-03 13:38:43 - [TEST_STEP][NOT_RUN] - callTestCase: NOT_RUN: callTestCase

2019-01-03 13:38:43 - [MESSAGE][NOT_RUN] - NOT_RUN: callTestCase

2019-01-03 13:38:43 - [TEST_STEP][PASSED] - delay: Delayed 1 second(s)

2019-01-03 13:38:44 - [MESSAGE][PASSED] - Delayed 1 second(s)

2019-01-03 13:38:44 - [TEST_STEP][PASSED] - navigateToUrl: Navigate to 'https://assist2-uat.perkeso.gov.my/c/portal/logout' successfully

2019-01-03 13:38:45 - [MESSAGE][PASSED] - Navigate to 'https://assist2-uat.perkeso.gov.my/c/portal/logout' successfully

2019-01-03 13:38:45 - [TEST_STEP][PASSED] - delay: Delayed 1 second(s)

2019-01-03 13:38:46 - [MESSAGE][PASSED] - Delayed 1 second(s)

2019-01-03 13:38:46 - [TEST_STEP][PASSED] - callTestCase: Call Test Case 'Test Cases/Final Aug 2018 - PKS Automation/Common/Reference Number Getter' successfully

2019-01-03 13:38:46 - [TEST_CASE][PASSED] - Test Cases/Final Aug 2018 - PKS Automation/Common/Reference Number Getter: Test Cases/Final Aug 2018 - PKS Automation/Common/Reference Number Getter

2019-01-03 13:38:46 - [TEST_STEP][PASSED] - Statement - Try: null

2019-01-03 13:38:46 - [TEST_STEP][PASSED] - Statement - RefNo = new java.io.File(C://Users//Admin//Desktop//PKS//Automation Reference Point//KatalonReference.txt): null

2019-01-03 13:38:46 - [TEST_STEP][PASSED] - Statement - bufferread = new java.io.BufferedReader(new java.io.FileReader(RefNo)): null

2019-01-03 13:38:46 - [TEST_STEP][PASSED] - Statement - readedVal = bufferread.readLine(): null

2019-01-03 13:38:46 - [TEST_STEP][PASSED] - Statement - out.println(CaseReferenceNo): null

2019-01-03 13:38:46 - [TEST_STEP][PASSED] - Statement - out.println(readedVal): null

2019-01-03 13:38:46 - [TEST_STEP][PASSED] - Statement - CaseReferenceNo = "": null

2019-01-03 13:38:46 - [TEST_STEP][PASSED] - Statement - CaseReferenceNo = readedVal: null

2019-01-03 13:38:46 - [MESSAGE][PASSED] - Call Test Case 'Test Cases/Final Aug 2018 - PKS Automation/Common/Reference Number Getter' successfully

2019-01-03 13:38:46 - [TEST_STEP][PASSED] - callTestCase: Call Test Case 'Test Cases/Final Aug 2018 - PKS Automation/Common/Workflow Owner Finder' successfully

2019-01-03 13:38:46 - [TEST_CASE][PASSED] - Test Cases/Final Aug 2018 - PKS Automation/Common/Workflow Owner Finder: Test Cases/Final Aug 2018 - PKS Automation/Common/Workflow Owner Finder

2019-01-03 13:38:46 - [TEST_STEP][PASSED] - openBrowser: Browser is opened with url: ''

2019-01-03 13:38:46 - [MESSAGE][WARNING] - A browser is already opened. Closing browser and opening a new one

2019-01-03 13:38:50 - [MESSAGE][PASSED] - Browser is opened with url: ''

2019-01-03 13:38:50 - [TEST_STEP][PASSED] - navigateToUrl: Navigate to 'https://assist2-uat.perkeso.gov.my/login' successfully

2019-01-03 13:38:51 - [MESSAGE][PASSED] - Navigate to 'https://assist2-uat.perkeso.gov.my/login' successfully

2019-01-03 13:38:51 - [TEST_STEP][PASSED] - delay: Delayed 5 second(s)

2019-01-03 13:38:56 - [MESSAGE][PASSED] - Delayed 5 second(s)

2019-01-03 13:38:56 - [TEST_STEP][PASSED] - setText: Text 'test@liferay.com' is set on object 'Object Repository/Final Object Repo/Login Page/Internal User/Email Address'

2019-01-03 13:38:56 - [MESSAGE][PASSED] - Text 'test@liferay.com' is set on object 'Object Repository/Final Object Repo/Login Page/Internal User/Email Address'

2019-01-03 13:38:56 - [TEST_STEP][PASSED] - click: Object: 'Object Repository/Final Object Repo/Login Page/Internal User/Next Button' is clicked on

2019-01-03 13:38:57 - [MESSAGE][PASSED] - Object: 'Object Repository/Final Object Repo/Login Page/Internal User/Next Button' is clicked on

2019-01-03 13:38:57 - [TEST_STEP][PASSED] - delay: Delayed 2 second(s)

2019-01-03 13:38:59 - [MESSAGE][PASSED] - Delayed 2 second(s)

2019-01-03 13:38:59 - [TEST_STEP][PASSED] - setText: Text 'test' is set on object 'Object Repository/Final Object Repo/Login Page/Internal User/Password'

2019-01-03 13:38:59 - [MESSAGE][PASSED] - Text 'test' is set on object 'Object Repository/Final Object Repo/Login Page/Internal User/Password'

2019-01-03 13:38:59 - [TEST_STEP][PASSED] - delay: Delayed 2 second(s)

2019-01-03 13:39:01 - [MESSAGE][PASSED] - Delayed 2 second(s)

2019-01-03 13:39:01 - [TEST_STEP][PASSED] - click: Object: 'Object Repository/Final Object Repo/Login Page/Internal User/Login Button' is clicked on

2019-01-03 13:39:01 - [MESSAGE][PASSED] - Object: 'Object Repository/Final Object Repo/Login Page/Internal User/Login Button' is clicked on

2019-01-03 13:39:01 - [TEST_STEP][PASSED] - Statement - tester = com.kms.katalon.core.testobject.ObjectRepository.findTestObject(Final Object Repo/Landing Page/Select to English): Finding Test Object with id 'Object Repository/Final Object Repo/Landing Page/Select to English'

2019-01-03 13:39:01 - [TEST_STEP][PASSED] - Statement - Try: Delayed 2 second(s)

2019-01-03 13:39:01 - [TEST_STEP][PASSED] - Statement - Checker = com.kms.katalon.core.webui.keyword.WebUiBuiltInKeywords.verifyElementNotPresent(tester, 3): Web element with id: 'Object Repository/Final Object Repo/Landing Page/Select to English' located by 'By.xpath: //a[@class = 'taglib-language-list-text' and @lang = 'en-US' and (contains(text(), 'EN') or contains(., 'EN'))]' is not present after '3' second(s)

2019-01-03 13:39:03 - [MESSAGE][PASSED] - Web element with id: 'Object Repository/Final Object Repo/Landing Page/Select to English' located by 'By.xpath: //a[@class = 'taglib-language-list-text' and @lang = 'en-US' and (contains(text(), 'EN') or contains(., 'EN'))]' is not present after '3' second(s)

2019-01-03 13:39:03 - [TEST_STEP][PASSED] - Statement - If (Checker == false): null

2019-01-03 13:39:03 - [TEST_STEP][PASSED] - delay: Delayed 2 second(s)

2019-01-03 13:39:05 - [MESSAGE][PASSED] - Delayed 2 second(s)

2019-01-03 13:39:05 - [TEST_STEP][PASSED] - delay: Delayed 5 second(s)

2019-01-03 13:39:10 - [MESSAGE][PASSED] - Delayed 5 second(s)

2019-01-03 13:39:10 - [TEST_STEP][PASSED] - mouseOver: Object: 'Object Repository/Final Object Repo/Landing Page/WorkFlow Menu' is hovered

2019-01-03 13:39:10 - [MESSAGE][PASSED] - Object: 'Object Repository/Final Object Repo/Landing Page/WorkFlow Menu' is hovered

2019-01-03 13:39:10 - [TEST_STEP][PASSED] - delay: Delayed 2 second(s)

2019-01-03 13:39:12 - [MESSAGE][PASSED] - Delayed 2 second(s)

2019-01-03 13:39:12 - [TEST_STEP][PASSED] - click: Object: 'Object Repository/Final Object Repo/Landing Page/Select to Workflow Listing' is clicked on

2019-01-03 13:39:13 - [MESSAGE][PASSED] - Object: 'Object Repository/Final Object Repo/Landing Page/Select to Workflow Listing' is clicked on

2019-01-03 13:39:13 - [TEST_STEP][PASSED] - delay: Delayed 2 second(s)

2019-01-03 13:39:15 - [MESSAGE][PASSED] - Delayed 2 second(s)

2019-01-03 13:39:15 - [TEST_STEP][PASSED] - click: Object: 'Object Repository/Final Object Repo/WorkFlow Listing Page/Search Information - To Put Ref No' is clicked on

2019-01-03 13:39:15 - [MESSAGE][PASSED] - Object: 'Object Repository/Final Object Repo/WorkFlow Listing Page/Search Information - To Put Ref No' is clicked on

2019-01-03 13:39:15 - [TEST_STEP][PASSED] - delay: Delayed 2 second(s)

2019-01-03 13:39:17 - [MESSAGE][PASSED] - Delayed 2 second(s)

2019-01-03 13:39:17 - [TEST_STEP][PASSED] - callTestCase: Call Test Case 'Test Cases/Final Aug 2018 - PKS Automation/Common/Reference Number Getter' successfully

2019-01-03 13:39:18 - [TEST_CASE][PASSED] - Test Cases/Final Aug 2018 - PKS Automation/Common/Reference Number Getter: Test Cases/Final Aug 2018 - PKS Automation/Common/Reference Number Getter

2019-01-03 13:39:18 - [TEST_STEP][PASSED] - Statement - Try: null

2019-01-03 13:39:18 - [TEST_STEP][PASSED] - Statement - RefNo = new java.io.File(C://Users//Admin//Desktop//PKS//Automation Reference Point//KatalonReference.txt): null

2019-01-03 13:39:18 - [TEST_STEP][PASSED] - Statement - bufferread = new java.io.BufferedReader(new java.io.FileReader(RefNo)): null

2019-01-03 13:39:18 - [TEST_STEP][PASSED] - Statement - readedVal = bufferread.readLine(): null

2019-01-03 13:39:18 - [TEST_STEP][PASSED] - Statement - out.println(CaseReferenceNo): null

2019-01-03 13:39:18 - [TEST_STEP][PASSED] - Statement - out.println(readedVal): null

2019-01-03 13:39:18 - [TEST_STEP][PASSED] - Statement - CaseReferenceNo = "": null

2019-01-03 13:39:18 - [TEST_STEP][PASSED] - Statement - CaseReferenceNo = readedVal: null

2019-01-03 13:39:18 - [MESSAGE][PASSED] - Call Test Case 'Test Cases/Final Aug 2018 - PKS Automation/Common/Reference Number Getter' successfully

2019-01-03 13:39:18 - [TEST_STEP][PASSED] - setText: Text 'CUN012019C200001800' is set on object 'Object Repository/Final Object Repo/WorkFlow Listing Page/Ref No Set Text'

2019-01-03 13:39:18 - [MESSAGE][PASSED] - Text 'CUN012019C200001800' is set on object 'Object Repository/Final Object Repo/WorkFlow Listing Page/Ref No Set Text'

2019-01-03 13:39:18 - [TEST_STEP][PASSED] - delay: Delayed 2 second(s)

2019-01-03 13:39:20 - [MESSAGE][PASSED] - Delayed 2 second(s)

2019-01-03 13:39:20 - [TEST_STEP][PASSED] - click: Object: 'Object Repository/Final Object Repo/WorkFlow Listing Page/Search Ref No Search Button' is clicked on

2019-01-03 13:39:20 - [MESSAGE][PASSED] - Object: 'Object Repository/Final Object Repo/WorkFlow Listing Page/Search Ref No Search Button' is clicked on

2019-01-03 13:39:20 - [TEST_STEP][PASSED] - delay: Delayed 6 second(s)

2019-01-03 13:39:26 - [MESSAGE][PASSED] - Delayed 6 second(s)

2019-01-03 13:39:26 - [TEST_STEP][PASSED] - click: Object: 'Object Repository/Final Object Repo/WorkFlow Listing Page/Click Continue Tooltip' is clicked on

2019-01-03 13:39:27 - [MESSAGE][PASSED] - Object: 'Object Repository/Final Object Repo/WorkFlow Listing Page/Click Continue Tooltip' is clicked on

2019-01-03 13:39:27 - [TEST_STEP][PASSED] - delay: Delayed 5 second(s)

2019-01-03 13:39:32 - [MESSAGE][PASSED] - Delayed 5 second(s)

2019-01-03 13:39:32 - [TEST_STEP][PASSED] - doubleClick: Object: 'Object Repository/Final Object Repo/WorkFlow Listing Page/Workflow Found - Listing 1' is double clicked on

2019-01-03 13:39:32 - [MESSAGE][PASSED] - Object: 'Object Repository/Final Object Repo/WorkFlow Listing Page/Workflow Found - Listing 1' is double clicked on

2019-01-03 13:39:32 - [TEST_STEP][PASSED] - Statement - println(OwnerID): null

2019-01-03 13:39:32 - [TEST_STEP][PASSED] - Statement - OwnerID = com.kms.katalon.core.webui.keyword.WebUiBuiltInKeywords.getText(com.kms.katalon.core.testobject.ObjectRepository.findTestObject(Final Object Repo/WorkFlow Listing Page/Workflow Found - Listing 1), STOP_ON_FAILURE): Text of object 'Object Repository/Final Object Repo/WorkFlow Listing Page/Workflow Found - Listing 1' is: 'JOHORuo3'

2019-01-03 13:39:32 - [MESSAGE][PASSED] - Text of object 'Object Repository/Final Object Repo/WorkFlow Listing Page/Workflow Found - Listing 1' is: 'JOHORuo3'

2019-01-03 13:39:32 - [TEST_STEP][PASSED] - Statement - OwnerID = OwnerID.toLowerCase() + "@gmail.com": null

2019-01-03 13:39:32 - [TEST_STEP][PASSED] - Statement - println(OwnerID): null

2019-01-03 13:39:32 - [TEST_STEP][PASSED] - delay: Delayed 2 second(s)

2019-01-03 13:39:34 - [MESSAGE][PASSED] - Delayed 2 second(s)

2019-01-03 13:39:34 - [MESSAGE][PASSED] - Call Test Case 'Test Cases/Final Aug 2018 - PKS Automation/Common/Workflow Owner Finder' successfully

2019-01-03 13:39:34 - [TEST_STEP][PASSED] - delay: Delayed 1 second(s)

2019-01-03 13:39:35 - [MESSAGE][PASSED] - Delayed 1 second(s)

2019-01-03 13:39:35 - [TEST_STEP][PASSED] - navigateToUrl: Navigate to 'https://assist2-uat.perkeso.gov.my/c/portal/logout' successfully

2019-01-03 13:39:36 - [MESSAGE][PASSED] - Navigate to 'https://assist2-uat.perkeso.gov.my/c/portal/logout' successfully

2019-01-03 13:39:36 - [TEST_STEP][PASSED] - delay: Delayed 1 second(s)

2019-01-03 13:39:37 - [MESSAGE][PASSED] - Delayed 1 second(s)

2019-01-03 13:39:37 - [TEST_STEP][PASSED] - callTestCase: Call Test Case 'Test Cases/Final Aug 2018 - PKS Automation/Registration Module/Workflow/Login and Search Case For Workflow' successfully

2019-01-03 13:39:37 - [TEST_CASE][PASSED] - Test Cases/Final Aug 2018 - PKS Automation/Registration Module/Workflow/Login and Search Case For Workflow: Test Cases/Final Aug 2018 - PKS Automation/Registration Module/Workflow/Login and Search Case For Workflow

2019-01-03 13:39:37 - [TEST_STEP][PASSED] - navigateToUrl: Navigate to 'https://assist2-uat.perkeso.gov.my/login' successfully

2019-01-03 13:39:38 - [MESSAGE][PASSED] - Navigate to 'https://assist2-uat.perkeso.gov.my/login' successfully

2019-01-03 13:39:38 - [TEST_STEP][PASSED] - setText: Text 'johoruo3@gmail.com' is set on object 'Object Repository/Final Object Repo/Login Page/Internal User/Email Address'

2019-01-03 13:39:38 - [MESSAGE][PASSED] - Text 'johoruo3@gmail.com' is set on object 'Object Repository/Final Object Repo/Login Page/Internal User/Email Address'

2019-01-03 13:39:38 - [TEST_STEP][PASSED] - click: Object: 'Object Repository/Final Object Repo/Login Page/Internal User/Next Button' is clicked on

2019-01-03 13:39:38 - [MESSAGE][PASSED] - Object: 'Object Repository/Final Object Repo/Login Page/Internal User/Next Button' is clicked on

2019-01-03 13:39:38 - [TEST_STEP][PASSED] - delay: Delayed 1 second(s)

2019-01-03 13:39:39 - [MESSAGE][PASSED] - Delayed 1 second(s)

2019-01-03 13:39:39 - [TEST_STEP][PASSED] - setEncryptedText: Text ****** has been set on object 'Object Repository/Final Object Repo/Login Page/Internal User/Password'

2019-01-03 13:39:40 - [MESSAGE][PASSED] - Text ****** has been set on object 'Object Repository/Final Object Repo/Login Page/Internal User/Password'

2019-01-03 13:39:40 - [TEST_STEP][PASSED] - click: Object: 'Object Repository/Final Object Repo/Login Page/Internal User/Login Button' is clicked on

2019-01-03 13:39:40 - [MESSAGE][PASSED] - Object: 'Object Repository/Final Object Repo/Login Page/Internal User/Login Button' is clicked on

2019-01-03 13:39:40 - [TEST_STEP][PASSED] - delay: Delayed 2 second(s)

2019-01-03 13:39:42 - [MESSAGE][PASSED] - Delayed 2 second(s)

2019-01-03 13:39:42 - [TEST_STEP][PASSED] - Statement - Try: Delayed 2 second(s)

2019-01-03 13:39:42 - [TEST_STEP][PASSED] - Statement - Checker = false: null

2019-01-03 13:39:42 - [TEST_STEP][PASSED] - Statement - Checker = com.kms.katalon.core.webui.keyword.WebUiBuiltInKeywords.verifyElementHasAttribute(com.kms.katalon.core.testobject.ObjectRepository.findTestObject(Final Object Repo/Landing Page/BM Detecting), "href", 20, OPTIONAL): Object 'Object Repository/Final Object Repo/Landing Page/BM Detecting' has attribute 'href'

2019-01-03 13:39:42 - [MESSAGE][PASSED] - Object 'Object Repository/Final Object Repo/Landing Page/BM Detecting' has attribute 'href'

2019-01-03 13:39:42 - [TEST_STEP][PASSED] - Statement - out.println(Checker): null

2019-01-03 13:39:42 - [TEST_STEP][PASSED] - Statement - If (Checker == false): null

2019-01-03 13:39:42 - [TEST_STEP][PASSED] - Statement - Else: null

2019-01-03 13:39:42 - [TEST_STEP][PASSED] - delay: Delayed 2 second(s)

2019-01-03 13:39:44 - [MESSAGE][PASSED] - Delayed 2 second(s)

2019-01-03 13:39:44 - [TEST_STEP][PASSED] - click: Object: 'Object Repository/Final Object Repo/Page_MyASSIST - ASSIST - Search Pending Case For Add Supporting Document/Search Information' is clicked on

2019-01-03 13:39:44 - [MESSAGE][PASSED] - Object: 'Object Repository/Final Object Repo/Page_MyASSIST - ASSIST - Search Pending Case For Add Supporting Document/Search Information' is clicked on

2019-01-03 13:39:44 - [TEST_STEP][PASSED] - delay: Delayed 3 second(s)

2019-01-03 13:39:47 - [MESSAGE][PASSED] - Delayed 3 second(s)

2019-01-03 13:39:47 - [TEST_STEP][PASSED] - sendKeys: Keys 'CUN012019C200001800' sent to object: 'Object Repository/Final Object Repo/Page_MyASSIST - ASSIST - Search Pending Case For Add Supporting Document/Reference No'

2019-01-03 13:39:47 - [MESSAGE][PASSED] - Keys 'CUN012019C200001800' sent to object: 'Object Repository/Final Object Repo/Page_MyASSIST - ASSIST - Search Pending Case For Add Supporting Document/Reference No'

2019-01-03 13:39:47 - [TEST_STEP][PASSED] - click: Object: 'Object Repository/Final Object Repo/Page_MyASSIST - ASSIST - Search Pending Case For Add Supporting Document/Search Reference No' is clicked on

2019-01-03 13:39:47 - [MESSAGE][PASSED] - Object: 'Object Repository/Final Object Repo/Page_MyASSIST - ASSIST - Search Pending Case For Add Supporting Document/Search Reference No' is clicked on

2019-01-03 13:39:47 - [TEST_STEP][PASSED] - delay: Delayed 2 second(s)

2019-01-03 13:39:49 - [MESSAGE][PASSED] - Delayed 2 second(s)

2019-01-03 13:39:49 - [TEST_STEP][PASSED] - click: Object: 'Object Repository/Final Object Repo/Page_MyASSIST - ASSIST - Search Pending Case For Add Supporting Document/Continue' is clicked on

2019-01-03 13:39:53 - [MESSAGE][PASSED] - Object: 'Object Repository/Final Object Repo/Page_MyASSIST - ASSIST - Search Pending Case For Add Supporting Document/Continue' is clicked on

2019-01-03 13:39:53 - [TEST_STEP][PASSED] - delay: Delayed 20 second(s)

2019-01-03 13:40:13 - [MESSAGE][PASSED] - Delayed 20 second(s)

2019-01-03 13:40:13 - [MESSAGE][PASSED] - Call Test Case 'Test Cases/Final Aug 2018 - PKS Automation/Registration Module/Workflow/Login and Search Case For Workflow' successfully

2019-01-03 13:40:13 - [TEST_STEP][PASSED] - click: Object: 'Object Repository/Final Object Repo/Page_Form 1A - Cessation As Employer/Page_Form 1A - Cessation As Employer (Approve)/Save  Continue in Form 1A Page' is clicked on

2019-01-03 13:40:13 - [MESSAGE][PASSED] - Object: 'Object Repository/Final Object Repo/Page_Form 1A - Cessation As Employer/Page_Form 1A - Cessation As Employer (Approve)/Save  Continue in Form 1A Page' is clicked on

2019-01-03 13:40:13 - [TEST_STEP][PASSED] - delay: Delayed 2 second(s)

2019-01-03 13:40:15 - [MESSAGE][PASSED] - Delayed 2 second(s)

2019-01-03 13:40:15 - [TEST_STEP][PASSED] - click: Object: 'Object Repository/Final Object Repo/Page_Form 1A - Cessation As Employer/Employment Resign Date' is clicked on

2019-01-03 13:40:15 - [MESSAGE][PASSED] - Object: 'Object Repository/Final Object Repo/Page_Form 1A - Cessation As Employer/Employment Resign Date' is clicked on

2019-01-03 13:40:15 - [TEST_STEP][PASSED] - delay: Delayed 1 second(s)

2019-01-03 13:40:16 - [MESSAGE][PASSED] - Delayed 1 second(s)

2019-01-03 13:40:16 - [TEST_STEP][PASSED] - selectOptionByValue: All options with value '2030' are selected in object 'Object Repository/Final Object Repo/Page_Form 1A - Cessation As Employer/Employment Resign Date - Year' 

2019-01-03 13:40:16 - [MESSAGE][PASSED] - All options with value '2030' are selected in object 'Object Repository/Final Object Repo/Page_Form 1A - Cessation As Employer/Employment Resign Date - Year' 

2019-01-03 13:40:16 - [TEST_STEP][PASSED] - delay: Delayed 1 second(s)

2019-01-03 13:40:17 - [MESSAGE][PASSED] - Delayed 1 second(s)

2019-01-03 13:40:17 - [TEST_STEP][PASSED] - click: Object: 'Object Repository/Final Object Repo/Page_Form 1A - Cessation As Employer/Employment Resign Date - Year - Date' is clicked on

2019-01-03 13:40:18 - [MESSAGE][PASSED] - Object: 'Object Repository/Final Object Repo/Page_Form 1A - Cessation As Employer/Employment Resign Date - Year - Date' is clicked on

2019-01-03 13:40:18 - [TEST_STEP][PASSED] - delay: Delayed 2 second(s)

2019-01-03 13:40:20 - [MESSAGE][PASSED] - Delayed 2 second(s)

2019-01-03 13:40:20 - [TEST_STEP][PASSED] - click: Object: 'Object Repository/Final Object Repo/Page_Form 1A - Cessation As Employer/Page_Form 1A - Cessation As Employer (Approve)/Save  Continue in Update Add Employee Resigned Date Page' is clicked on

2019-01-03 13:40:20 - [MESSAGE][PASSED] - Object: 'Object Repository/Final Object Repo/Page_Form 1A - Cessation As Employer/Page_Form 1A - Cessation As Employer (Approve)/Save  Continue in Update Add Employee Resigned Date Page' is clicked on

2019-01-03 13:40:20 - [TEST_STEP][PASSED] - delay: Delayed 2 second(s)

2019-01-03 13:40:22 - [MESSAGE][PASSED] - Delayed 2 second(s)

2019-01-03 13:40:22 - [TEST_STEP][PASSED] - click: Object: 'Object Repository/Final Object Repo/Page_Form 1A - Cessation As Employer/Set Latest - Yes' is clicked on

2019-01-03 13:40:22 - [MESSAGE][PASSED] - Object: 'Object Repository/Final Object Repo/Page_Form 1A - Cessation As Employer/Set Latest - Yes' is clicked on

2019-01-03 13:40:22 - [TEST_STEP][PASSED] - delay: Delayed 2 second(s)

2019-01-03 13:40:24 - [MESSAGE][PASSED] - Delayed 2 second(s)

2019-01-03 13:40:24 - [TEST_STEP][PASSED] - click: Object: 'Object Repository/Final Object Repo/Page_Form 1A - Cessation As Employer/Page_Form 1A - Cessation As Employer (Approve)/Save  Contine in Uploading Document Page' is clicked on

2019-01-03 13:40:25 - [MESSAGE][PASSED] - Object: 'Object Repository/Final Object Repo/Page_Form 1A - Cessation As Employer/Page_Form 1A - Cessation As Employer (Approve)/Save  Contine in Uploading Document Page' is clicked on

2019-01-03 13:40:25 - [TEST_STEP][PASSED] - delay: Delayed 2 second(s)

2019-01-03 13:40:27 - [MESSAGE][PASSED] - Delayed 2 second(s)

2019-01-03 13:40:27 - [TEST_STEP][PASSED] - click: Object: 'Object Repository/Final Object Repo/Page_Form 1A - Cessation As Employer/Page_Form 1A - Cessation As Employer (Approve)/Approve' is clicked on

2019-01-03 13:40:30 - [MESSAGE][PASSED] - Object: 'Object Repository/Final Object Repo/Page_Form 1A - Cessation As Employer/Page_Form 1A - Cessation As Employer (Approve)/Approve' is clicked on

2019-01-03 13:40:30 - [TEST_STEP][PASSED] - delay: Delayed 2 second(s)

2019-01-03 13:40:32 - [MESSAGE][PASSED] - Delayed 2 second(s)

2019-01-03 13:40:32 - [TEST_STEP][PASSED] - click: Object: 'Object Repository/Final Object Repo/Page_Form 1A - Cessation As Employer/Confirm' is clicked on

2019-01-03 13:40:32 - [MESSAGE][PASSED] - Object: 'Object Repository/Final Object Repo/Page_Form 1A - Cessation As Employer/Confirm' is clicked on

2019-01-03 13:40:32 - [TEST_STEP][PASSED] - delay: Delayed 2 second(s)

2019-01-03 13:40:34 - [MESSAGE][PASSED] - Delayed 2 second(s)

2019-01-03 13:40:34 - [TEST_STEP][PASSED] - click: Object: 'Object Repository/Final Object Repo/Page_Form 1A - Cessation As Employer/Page_Form 1A - Cessation As Employer (Approve)/Message Your Request    Form 1A ' is clicked on

2019-01-03 13:40:42 - [MESSAGE][PASSED] - Object: 'Object Repository/Final Object Repo/Page_Form 1A - Cessation As Employer/Page_Form 1A - Cessation As Employer (Approve)/Message Your Request    Form 1A ' is clicked on

2019-01-03 13:40:42 - [TEST_STEP][PASSED] - delay: Delayed 2 second(s)

2019-01-03 13:40:44 - [MESSAGE][PASSED] - Delayed 2 second(s)

2019-01-03 13:40:44 - [TEST_STEP][PASSED] - click: Object: 'Object Repository/Final Object Repo/Page_Form 1A - Cessation As Employer/Page_Form 1A - Cessation As Employer (Approve)/Letter of successful update' is clicked on

2019-01-03 13:40:45 - [MESSAGE][PASSED] - Object: 'Object Repository/Final Object Repo/Page_Form 1A - Cessation As Employer/Page_Form 1A - Cessation As Employer (Approve)/Letter of successful update' is clicked on

2019-01-03 13:40:45 - [MESSAGE][PASSED] - Call Test Case 'Test Cases/Final Aug 2018 - PKS Automation/Registration Module/Workflow/Form 1A - Cessation As Employer/Template/Form 1 A - Cessation As Employer (Approve)' successfully]]></system-out>
         <system-err><![CDATA[]]></system-err>
      </testcase>
      <testcase name="Test Cases/Final Aug 2018 - PKS Automation/Registration Module/Workflow/Form 1A - Cessation As Employer/PKRBO to UO (Query)" classname="Test Cases/Final Aug 2018 - PKS Automation/Registration Module/Workflow/Form 1A - Cessation As Employer/PKRBO to UO (Query)" status="PASSED">
         <system-out><![CDATA[2019-01-03 13:40:45 - [TEST_CASE][PASSED] - Test Cases/Final Aug 2018 - PKS Automation/Registration Module/Workflow/Form 1A - Cessation As Employer/PKRBO to UO (Query): Test Cases/Final Aug 2018 - PKS Automation/Registration Module/Workflow/Form 1A - Cessation As Employer/PKRBO to UO (Query)

2019-01-03 13:40:45 - [TEST_STEP][PASSED] - callTestCase: Call Test Case 'Test Cases/Final Aug 2018 - PKS Automation/Registration Module/Workflow/Form 1A - Cessation As Employer/Template/Form 1 A - Cessation As Employer (PKRBO)' successfully

2019-01-03 13:40:45 - [TEST_CASE][PASSED] - Test Cases/Final Aug 2018 - PKS Automation/Registration Module/Workflow/Form 1A - Cessation As Employer/Template/Form 1 A - Cessation As Employer (PKRBO): Test Cases/Final Aug 2018 - PKS Automation/Registration Module/Workflow/Form 1A - Cessation As Employer/Template/Form 1 A - Cessation As Employer (PKRBO)

2019-01-03 13:40:45 - [TEST_STEP][PASSED] - openBrowser: Browser is opened with url: ''

2019-01-03 13:40:45 - [MESSAGE][WARNING] - A browser is already opened. Closing browser and opening a new one

2019-01-03 13:40:49 - [MESSAGE][PASSED] - Browser is opened with url: ''

2019-01-03 13:40:49 - [TEST_STEP][PASSED] - navigateToUrl: Navigate to 'https://assist2-uat.perkeso.gov.my/login' successfully

2019-01-03 13:40:50 - [MESSAGE][PASSED] - Navigate to 'https://assist2-uat.perkeso.gov.my/login' successfully

2019-01-03 13:40:50 - [TEST_STEP][PASSED] - setText: Text 'johorpkrbo1@gmail.com' is set on object 'Object Repository/Final Object Repo/Login Page/Internal User/Email Address'

2019-01-03 13:40:51 - [MESSAGE][PASSED] - Text 'johorpkrbo1@gmail.com' is set on object 'Object Repository/Final Object Repo/Login Page/Internal User/Email Address'

2019-01-03 13:40:51 - [TEST_STEP][PASSED] - click: Object: 'Object Repository/Final Object Repo/Login Page/Internal User/Next Button' is clicked on

2019-01-03 13:40:51 - [MESSAGE][PASSED] - Object: 'Object Repository/Final Object Repo/Login Page/Internal User/Next Button' is clicked on

2019-01-03 13:40:51 - [TEST_STEP][PASSED] - delay: Delayed 1 second(s)

2019-01-03 13:40:52 - [MESSAGE][PASSED] - Delayed 1 second(s)

2019-01-03 13:40:52 - [TEST_STEP][PASSED] - setEncryptedText: Text ****** has been set on object 'Object Repository/Final Object Repo/Login Page/Internal User/Password'

2019-01-03 13:40:52 - [MESSAGE][PASSED] - Text ****** has been set on object 'Object Repository/Final Object Repo/Login Page/Internal User/Password'

2019-01-03 13:40:52 - [TEST_STEP][PASSED] - click: Object: 'Object Repository/Final Object Repo/Login Page/Internal User/Login Button' is clicked on

2019-01-03 13:40:52 - [MESSAGE][PASSED] - Object: 'Object Repository/Final Object Repo/Login Page/Internal User/Login Button' is clicked on

2019-01-03 13:40:52 - [TEST_STEP][PASSED] - delay: Delayed 1 second(s)

2019-01-03 13:40:53 - [MESSAGE][PASSED] - Delayed 1 second(s)

2019-01-03 13:40:53 - [TEST_STEP][PASSED] - Statement - Try: Delayed 2 second(s)

2019-01-03 13:40:53 - [TEST_STEP][PASSED] - Statement - Checker = false: null

2019-01-03 13:40:53 - [TEST_STEP][PASSED] - Statement - Checker = com.kms.katalon.core.webui.keyword.WebUiBuiltInKeywords.verifyElementHasAttribute(com.kms.katalon.core.testobject.ObjectRepository.findTestObject(Final Object Repo/Landing Page/BM Detecting), "href", 20, OPTIONAL): Object 'Object Repository/Final Object Repo/Landing Page/BM Detecting' has attribute 'href'

2019-01-03 13:40:54 - [MESSAGE][PASSED] - Object 'Object Repository/Final Object Repo/Landing Page/BM Detecting' has attribute 'href'

2019-01-03 13:40:54 - [TEST_STEP][PASSED] - Statement - out.println(Checker): null

2019-01-03 13:40:54 - [TEST_STEP][PASSED] - Statement - If (Checker == false): null

2019-01-03 13:40:54 - [TEST_STEP][PASSED] - Statement - Else: null

2019-01-03 13:40:54 - [TEST_STEP][PASSED] - delay: Delayed 2 second(s)

2019-01-03 13:40:56 - [MESSAGE][PASSED] - Delayed 2 second(s)

2019-01-03 13:40:56 - [TEST_STEP][PASSED] - navigateToUrl: Navigate to 'https://assist2-uat.perkeso.gov.my/web/registration/update/form-1a-cessation-as-employer-discontinue-business-' successfully

2019-01-03 13:40:57 - [MESSAGE][PASSED] - Navigate to 'https://assist2-uat.perkeso.gov.my/web/registration/update/form-1a-cessation-as-employer-discontinue-business-' successfully

2019-01-03 13:40:57 - [TEST_STEP][PASSED] - setText: Text 'E1102069770Z' is set on object 'Object Repository/Final Object Repo/Page_Update Employer Information/Employer Code'

2019-01-03 13:40:58 - [MESSAGE][PASSED] - Text 'E1102069770Z' is set on object 'Object Repository/Final Object Repo/Page_Update Employer Information/Employer Code'

2019-01-03 13:40:58 - [TEST_STEP][PASSED] - click: Object: 'Object Repository/Final Object Repo/Page_Update Employer Information/Search Button' is clicked on

2019-01-03 13:40:58 - [MESSAGE][PASSED] - Object: 'Object Repository/Final Object Repo/Page_Update Employer Information/Search Button' is clicked on

2019-01-03 13:40:58 - [TEST_STEP][PASSED] - click: Object: 'Object Repository/Final Object Repo/Page_Update Employer Information/Edit Button' is clicked on

2019-01-03 13:41:00 - [MESSAGE][PASSED] - Object: 'Object Repository/Final Object Repo/Page_Update Employer Information/Edit Button' is clicked on

2019-01-03 13:41:00 - [TEST_STEP][PASSED] - Statement - abc = com.kms.katalon.core.webui.keyword.WebUiBuiltInKeywords.getAttribute(com.kms.katalon.core.testobject.ObjectRepository.findTestObject(Final Object Repo/Page_Form 1A - Cessation As Employer/Employer Status), "value"): Attribute 'value' of object 'Object Repository/Final Object Repo/Page_Form 1A - Cessation As Employer/Employer Status' is: 'Dormant'

2019-01-03 13:41:00 - [MESSAGE][PASSED] - Attribute 'value' of object 'Object Repository/Final Object Repo/Page_Form 1A - Cessation As Employer/Employer Status' is: 'Dormant'

2019-01-03 13:41:00 - [TEST_STEP][PASSED] - Statement - out.println(abc): null

2019-01-03 13:41:00 - [TEST_STEP][PASSED] - Statement - If (abc == "Active"): null

2019-01-03 13:41:00 - [TEST_STEP][PASSED] - Statement - Else If (abc == "Cancel"): null

2019-01-03 13:41:00 - [TEST_STEP][PASSED] - Statement - Else If (abc == "Dormant"): Object: 'Object Repository/Final Object Repo/Page_Form 1A - Cessation As Employer/Change Employer Status to - Dormant' is clicked on

2019-01-03 13:41:00 - [TEST_STEP][PASSED] - click: Object: 'Object Repository/Final Object Repo/Page_Form 1A - Cessation As Employer/Change Employer Status to' is clicked on

2019-01-03 13:41:01 - [MESSAGE][PASSED] - Object: 'Object Repository/Final Object Repo/Page_Form 1A - Cessation As Employer/Change Employer Status to' is clicked on

2019-01-03 13:41:01 - [TEST_STEP][PASSED] - click: Object: 'Object Repository/Final Object Repo/Page_Form 1A - Cessation As Employer/Change Employer Status to - Dormant' is clicked on

2019-01-03 13:41:01 - [MESSAGE][PASSED] - Object: 'Object Repository/Final Object Repo/Page_Form 1A - Cessation As Employer/Change Employer Status to - Dormant' is clicked on

2019-01-03 13:41:01 - [TEST_STEP][PASSED] - click: Object: 'Object Repository/Final Object Repo/Page_Form 1A - Cessation As Employer/Calender' is clicked on

2019-01-03 13:41:01 - [MESSAGE][PASSED] - Object: 'Object Repository/Final Object Repo/Page_Form 1A - Cessation As Employer/Calender' is clicked on

2019-01-03 13:41:01 - [TEST_STEP][PASSED] - click: Object: 'Object Repository/Final Object Repo/Page_Form 1A - Cessation As Employer/Calender - Date' is clicked on

2019-01-03 13:41:01 - [MESSAGE][PASSED] - Object: 'Object Repository/Final Object Repo/Page_Form 1A - Cessation As Employer/Calender - Date' is clicked on

2019-01-03 13:41:01 - [TEST_STEP][PASSED] - delay: Delayed 2 second(s)

2019-01-03 13:41:03 - [MESSAGE][PASSED] - Delayed 2 second(s)

2019-01-03 13:41:03 - [TEST_STEP][PASSED] - click: Object: 'Object Repository/Final Object Repo/Page_Form 1A - Cessation As Employer/Save  Continue in Form 1A Page' is clicked on

2019-01-03 13:41:03 - [MESSAGE][PASSED] - Object: 'Object Repository/Final Object Repo/Page_Form 1A - Cessation As Employer/Save  Continue in Form 1A Page' is clicked on

2019-01-03 13:41:03 - [TEST_STEP][PASSED] - delay: Delayed 2 second(s)

2019-01-03 13:41:05 - [MESSAGE][PASSED] - Delayed 2 second(s)

2019-01-03 13:41:05 - [TEST_STEP][PASSED] - click: Object: 'Object Repository/Final Object Repo/Page_Form 1A - Cessation As Employer/Employment Resign Date' is clicked on

2019-01-03 13:41:06 - [MESSAGE][PASSED] - Object: 'Object Repository/Final Object Repo/Page_Form 1A - Cessation As Employer/Employment Resign Date' is clicked on

2019-01-03 13:41:06 - [TEST_STEP][PASSED] - delay: Delayed 1 second(s)

2019-01-03 13:41:07 - [MESSAGE][PASSED] - Delayed 1 second(s)

2019-01-03 13:41:07 - [TEST_STEP][PASSED] - Statement - CaseReferenceNo = com.kms.katalon.core.webui.keyword.WebUiBuiltInKeywords.getText(com.kms.katalon.core.testobject.ObjectRepository.findTestObject(Final Object Repo/Page_Update Employer Information/Reference Number in Update Employee Information Page)): Text of object 'Object Repository/Final Object Repo/Page_Update Employer Information/Reference Number in Update Employee Information Page' is: 'CUN012019C200001801'

2019-01-03 13:41:07 - [MESSAGE][PASSED] - Text of object 'Object Repository/Final Object Repo/Page_Update Employer Information/Reference Number in Update Employee Information Page' is: 'CUN012019C200001801'

2019-01-03 13:41:07 - [TEST_STEP][PASSED] - Statement - out.println(CaseReferenceNo): null

2019-01-03 13:41:07 - [TEST_STEP][PASSED] - callTestCase: Call Test Case 'Test Cases/Final Aug 2018 - PKS Automation/Common/Reference Number Setter' successfully

2019-01-03 13:41:07 - [TEST_CASE][PASSED] - Test Cases/Final Aug 2018 - PKS Automation/Common/Reference Number Setter: Test Cases/Final Aug 2018 - PKS Automation/Common/Reference Number Setter

2019-01-03 13:41:07 - [TEST_STEP][PASSED] - Statement - RefNoOldFile = new java.io.File(C://Users//Admin//Desktop//PKS//Automation Reference Point//KatalonReference.txt): null

2019-01-03 13:41:07 - [TEST_STEP][PASSED] - Statement - RefNoOldFile.delete(): null

2019-01-03 13:41:07 - [TEST_STEP][PASSED] - delay: Delayed 5 second(s)

2019-01-03 13:41:12 - [MESSAGE][PASSED] - Delayed 5 second(s)

2019-01-03 13:41:12 - [TEST_STEP][PASSED] - Statement - RefNo = new java.io.File(C://Users//Admin//Desktop//PKS//Automation Reference Point//KatalonReference.txt): null

2019-01-03 13:41:12 - [TEST_STEP][PASSED] - Statement - f2 = new java.io.FileWriter(RefNo, false): null

2019-01-03 13:41:12 - [TEST_STEP][PASSED] - Statement - f2.write(CaseReferenceNo): null

2019-01-03 13:41:12 - [TEST_STEP][PASSED] - Statement - f2.close(): null

2019-01-03 13:41:12 - [TEST_STEP][PASSED] - Statement - out.println("


" + CaseReferenceNo + "


"): null

2019-01-03 13:41:12 - [MESSAGE][PASSED] - Call Test Case 'Test Cases/Final Aug 2018 - PKS Automation/Common/Reference Number Setter' successfully

2019-01-03 13:41:12 - [TEST_STEP][PASSED] - selectOptionByValue: All options with value '2030' are selected in object 'Object Repository/Final Object Repo/Page_Form 1A - Cessation As Employer/Employment Resign Date - Year' 

2019-01-03 13:41:12 - [MESSAGE][PASSED] - All options with value '2030' are selected in object 'Object Repository/Final Object Repo/Page_Form 1A - Cessation As Employer/Employment Resign Date - Year' 

2019-01-03 13:41:12 - [TEST_STEP][PASSED] - delay: Delayed 1 second(s)

2019-01-03 13:41:13 - [MESSAGE][PASSED] - Delayed 1 second(s)

2019-01-03 13:41:13 - [TEST_STEP][PASSED] - click: Object: 'Object Repository/Final Object Repo/Page_Form 1A - Cessation As Employer/Employment Resign Date - Year - Date' is clicked on

2019-01-03 13:41:13 - [MESSAGE][PASSED] - Object: 'Object Repository/Final Object Repo/Page_Form 1A - Cessation As Employer/Employment Resign Date - Year - Date' is clicked on

2019-01-03 13:41:13 - [TEST_STEP][PASSED] - delay: Delayed 2 second(s)

2019-01-03 13:41:15 - [MESSAGE][PASSED] - Delayed 2 second(s)

2019-01-03 13:41:15 - [TEST_STEP][PASSED] - click: Object: 'Object Repository/Final Object Repo/Page_Form 1A - Cessation As Employer/Save  Continue in Update Add Employee Resigned Date Page' is clicked on

2019-01-03 13:41:15 - [MESSAGE][PASSED] - Object: 'Object Repository/Final Object Repo/Page_Form 1A - Cessation As Employer/Save  Continue in Update Add Employee Resigned Date Page' is clicked on

2019-01-03 13:41:15 - [TEST_STEP][PASSED] - delay: Delayed 2 second(s)

2019-01-03 13:41:17 - [MESSAGE][PASSED] - Delayed 2 second(s)

2019-01-03 13:41:17 - [TEST_STEP][PASSED] - click: Object: 'Object Repository/Final Object Repo/Page_Form 1A - Cessation As Employer/Set Latest - Yes' is clicked on

2019-01-03 13:41:17 - [MESSAGE][PASSED] - Object: 'Object Repository/Final Object Repo/Page_Form 1A - Cessation As Employer/Set Latest - Yes' is clicked on

2019-01-03 13:41:17 - [TEST_STEP][PASSED] - delay: Delayed 2 second(s)

2019-01-03 13:41:19 - [MESSAGE][PASSED] - Delayed 2 second(s)

2019-01-03 13:41:19 - [TEST_STEP][PASSED] - click: Object: 'Object Repository/Final Object Repo/Page_Form 1A - Cessation As Employer/Add Document' is clicked on

2019-01-03 13:41:21 - [MESSAGE][PASSED] - Object: 'Object Repository/Final Object Repo/Page_Form 1A - Cessation As Employer/Add Document' is clicked on

2019-01-03 13:41:21 - [TEST_STEP][PASSED] - delay: Delayed 2 second(s)

2019-01-03 13:41:23 - [MESSAGE][PASSED] - Delayed 2 second(s)

2019-01-03 13:41:23 - [TEST_STEP][PASSED] - click: Object: 'Object Repository/Final Object Repo/Page_Form 1A - Cessation As Employer/Document Type' is clicked on

2019-01-03 13:41:24 - [MESSAGE][PASSED] - Object: 'Object Repository/Final Object Repo/Page_Form 1A - Cessation As Employer/Document Type' is clicked on

2019-01-03 13:41:24 - [TEST_STEP][PASSED] - delay: Delayed 2 second(s)

2019-01-03 13:41:26 - [MESSAGE][PASSED] - Delayed 2 second(s)

2019-01-03 13:41:26 - [TEST_STEP][PASSED] - click: Object: 'Object Repository/Final Object Repo/Page_Form 1A - Cessation As Employer/Document Type - Supporting Document For Cessation' is clicked on

2019-01-03 13:41:26 - [MESSAGE][PASSED] - Object: 'Object Repository/Final Object Repo/Page_Form 1A - Cessation As Employer/Document Type - Supporting Document For Cessation' is clicked on

2019-01-03 13:41:26 - [TEST_STEP][PASSED] - delay: Delayed 2 second(s)

2019-01-03 13:41:28 - [MESSAGE][PASSED] - Delayed 2 second(s)

2019-01-03 13:41:28 - [TEST_STEP][PASSED] - sendKeys: Keys 'C:\Users\Public\Pictures\Sample Pictures\Koala.jpg' sent to object: 'Object Repository/Final Object Repo/Page_Form 1A - Cessation As Employer/Uploading File'

2019-01-03 13:41:28 - [MESSAGE][PASSED] - Keys 'C:\Users\Public\Pictures\Sample Pictures\Koala.jpg' sent to object: 'Object Repository/Final Object Repo/Page_Form 1A - Cessation As Employer/Uploading File'

2019-01-03 13:41:28 - [TEST_STEP][PASSED] - delay: Delayed 2 second(s)

2019-01-03 13:41:30 - [MESSAGE][PASSED] - Delayed 2 second(s)

2019-01-03 13:41:30 - [TEST_STEP][PASSED] - click: Object: 'Object Repository/Final Object Repo/Page_Form 1A - Cessation As Employer/Add Document in Uploading Page' is clicked on

2019-01-03 13:41:30 - [MESSAGE][PASSED] - Object: 'Object Repository/Final Object Repo/Page_Form 1A - Cessation As Employer/Add Document in Uploading Page' is clicked on

2019-01-03 13:41:30 - [TEST_STEP][PASSED] - delay: Delayed 15 second(s)

2019-01-03 13:41:45 - [MESSAGE][PASSED] - Delayed 15 second(s)

2019-01-03 13:41:45 - [TEST_STEP][PASSED] - click: Object: 'Object Repository/Final Object Repo/Page_Form 1A - Cessation As Employer/Save  Continue in Uploading Page' is clicked on

2019-01-03 13:41:46 - [MESSAGE][PASSED] - Object: 'Object Repository/Final Object Repo/Page_Form 1A - Cessation As Employer/Save  Continue in Uploading Page' is clicked on

2019-01-03 13:41:46 - [TEST_STEP][PASSED] - delay: Delayed 2 second(s)

2019-01-03 13:41:48 - [MESSAGE][PASSED] - Delayed 2 second(s)

2019-01-03 13:41:48 - [TEST_STEP][PASSED] - click: Object: 'Object Repository/Final Object Repo/Page_Form 1A - Cessation As Employer/Submit2' is clicked on

2019-01-03 13:41:51 - [MESSAGE][PASSED] - Object: 'Object Repository/Final Object Repo/Page_Form 1A - Cessation As Employer/Submit2' is clicked on

2019-01-03 13:41:51 - [TEST_STEP][PASSED] - delay: Delayed 2 second(s)

2019-01-03 13:41:53 - [MESSAGE][PASSED] - Delayed 2 second(s)

2019-01-03 13:41:53 - [TEST_STEP][PASSED] - click: Object: 'Object Repository/Final Object Repo/Page_Form 1A - Cessation As Employer/Confirm' is clicked on

2019-01-03 13:41:53 - [MESSAGE][PASSED] - Object: 'Object Repository/Final Object Repo/Page_Form 1A - Cessation As Employer/Confirm' is clicked on

2019-01-03 13:41:53 - [TEST_STEP][PASSED] - delay: Delayed 2 second(s)

2019-01-03 13:41:55 - [MESSAGE][PASSED] - Delayed 2 second(s)

2019-01-03 13:41:55 - [TEST_STEP][PASSED] - verifyElementVisible: Object 'Object Repository/Final Object Repo/Page_Form 1A - Cessation As Employer/Message Your Request will be routed to UO' is visible

2019-01-03 13:41:59 - [MESSAGE][PASSED] - Object 'Object Repository/Final Object Repo/Page_Form 1A - Cessation As Employer/Message Your Request will be routed to UO' is visible

2019-01-03 13:41:59 - [TEST_STEP][PASSED] - delay: Delayed 1 second(s)

2019-01-03 13:42:00 - [MESSAGE][PASSED] - Delayed 1 second(s)

2019-01-03 13:42:00 - [TEST_STEP][PASSED] - verifyElementVisible: Object 'Object Repository/Final Object Repo/Page_Form 1A - Cessation As Employer/Letter of acknowledgement' is visible

2019-01-03 13:42:00 - [MESSAGE][PASSED] - Object 'Object Repository/Final Object Repo/Page_Form 1A - Cessation As Employer/Letter of acknowledgement' is visible

2019-01-03 13:42:00 - [MESSAGE][PASSED] - Call Test Case 'Test Cases/Final Aug 2018 - PKS Automation/Registration Module/Workflow/Form 1A - Cessation As Employer/Template/Form 1 A - Cessation As Employer (PKRBO)' successfully

2019-01-03 13:42:00 - [TEST_STEP][PASSED] - callTestCase: Call Test Case 'Test Cases/Final Aug 2018 - PKS Automation/Registration Module/Workflow/Form 1A - Cessation As Employer/Template/Form 1 A - Cessation As Employer (Query)' successfully

2019-01-03 13:42:00 - [TEST_CASE][PASSED] - Test Cases/Final Aug 2018 - PKS Automation/Registration Module/Workflow/Form 1A - Cessation As Employer/Template/Form 1 A - Cessation As Employer (Query): Test Cases/Final Aug 2018 - PKS Automation/Registration Module/Workflow/Form 1A - Cessation As Employer/Template/Form 1 A - Cessation As Employer (Query)

2019-01-03 13:42:00 - [TEST_STEP][NOT_RUN] - callTestCase: NOT_RUN: callTestCase

2019-01-03 13:42:00 - [MESSAGE][NOT_RUN] - NOT_RUN: callTestCase

2019-01-03 13:42:00 - [TEST_STEP][PASSED] - delay: Delayed 1 second(s)

2019-01-03 13:42:01 - [MESSAGE][PASSED] - Delayed 1 second(s)

2019-01-03 13:42:01 - [TEST_STEP][PASSED] - navigateToUrl: Navigate to 'https://assist2-uat.perkeso.gov.my/c/portal/logout' successfully

2019-01-03 13:42:02 - [MESSAGE][PASSED] - Navigate to 'https://assist2-uat.perkeso.gov.my/c/portal/logout' successfully

2019-01-03 13:42:02 - [TEST_STEP][PASSED] - delay: Delayed 1 second(s)

2019-01-03 13:42:03 - [MESSAGE][PASSED] - Delayed 1 second(s)

2019-01-03 13:42:03 - [TEST_STEP][PASSED] - callTestCase: Call Test Case 'Test Cases/Final Aug 2018 - PKS Automation/Common/Reference Number Getter' successfully

2019-01-03 13:42:03 - [TEST_CASE][PASSED] - Test Cases/Final Aug 2018 - PKS Automation/Common/Reference Number Getter: Test Cases/Final Aug 2018 - PKS Automation/Common/Reference Number Getter

2019-01-03 13:42:03 - [TEST_STEP][PASSED] - Statement - Try: null

2019-01-03 13:42:03 - [TEST_STEP][PASSED] - Statement - RefNo = new java.io.File(C://Users//Admin//Desktop//PKS//Automation Reference Point//KatalonReference.txt): null

2019-01-03 13:42:03 - [TEST_STEP][PASSED] - Statement - bufferread = new java.io.BufferedReader(new java.io.FileReader(RefNo)): null

2019-01-03 13:42:03 - [TEST_STEP][PASSED] - Statement - readedVal = bufferread.readLine(): null

2019-01-03 13:42:03 - [TEST_STEP][PASSED] - Statement - out.println(CaseReferenceNo): null

2019-01-03 13:42:03 - [TEST_STEP][PASSED] - Statement - out.println(readedVal): null

2019-01-03 13:42:03 - [TEST_STEP][PASSED] - Statement - CaseReferenceNo = "": null

2019-01-03 13:42:03 - [TEST_STEP][PASSED] - Statement - CaseReferenceNo = readedVal: null

2019-01-03 13:42:03 - [MESSAGE][PASSED] - Call Test Case 'Test Cases/Final Aug 2018 - PKS Automation/Common/Reference Number Getter' successfully

2019-01-03 13:42:03 - [TEST_STEP][PASSED] - callTestCase: Call Test Case 'Test Cases/Final Aug 2018 - PKS Automation/Common/Workflow Owner Finder' successfully

2019-01-03 13:42:03 - [TEST_CASE][PASSED] - Test Cases/Final Aug 2018 - PKS Automation/Common/Workflow Owner Finder: Test Cases/Final Aug 2018 - PKS Automation/Common/Workflow Owner Finder

2019-01-03 13:42:03 - [TEST_STEP][PASSED] - openBrowser: Browser is opened with url: ''

2019-01-03 13:42:03 - [MESSAGE][WARNING] - A browser is already opened. Closing browser and opening a new one

2019-01-03 13:42:07 - [MESSAGE][PASSED] - Browser is opened with url: ''

2019-01-03 13:42:07 - [TEST_STEP][PASSED] - navigateToUrl: Navigate to 'https://assist2-uat.perkeso.gov.my/login' successfully

2019-01-03 13:42:08 - [MESSAGE][PASSED] - Navigate to 'https://assist2-uat.perkeso.gov.my/login' successfully

2019-01-03 13:42:08 - [TEST_STEP][PASSED] - delay: Delayed 5 second(s)

2019-01-03 13:42:13 - [MESSAGE][PASSED] - Delayed 5 second(s)

2019-01-03 13:42:13 - [TEST_STEP][PASSED] - setText: Text 'test@liferay.com' is set on object 'Object Repository/Final Object Repo/Login Page/Internal User/Email Address'

2019-01-03 13:42:13 - [MESSAGE][PASSED] - Text 'test@liferay.com' is set on object 'Object Repository/Final Object Repo/Login Page/Internal User/Email Address'

2019-01-03 13:42:13 - [TEST_STEP][PASSED] - click: Object: 'Object Repository/Final Object Repo/Login Page/Internal User/Next Button' is clicked on

2019-01-03 13:42:13 - [MESSAGE][PASSED] - Object: 'Object Repository/Final Object Repo/Login Page/Internal User/Next Button' is clicked on

2019-01-03 13:42:13 - [TEST_STEP][PASSED] - delay: Delayed 2 second(s)

2019-01-03 13:42:15 - [MESSAGE][PASSED] - Delayed 2 second(s)

2019-01-03 13:42:15 - [TEST_STEP][PASSED] - setText: Text 'test' is set on object 'Object Repository/Final Object Repo/Login Page/Internal User/Password'

2019-01-03 13:42:16 - [MESSAGE][PASSED] - Text 'test' is set on object 'Object Repository/Final Object Repo/Login Page/Internal User/Password'

2019-01-03 13:42:16 - [TEST_STEP][PASSED] - delay: Delayed 2 second(s)

2019-01-03 13:42:18 - [MESSAGE][PASSED] - Delayed 2 second(s)

2019-01-03 13:42:18 - [TEST_STEP][PASSED] - click: Object: 'Object Repository/Final Object Repo/Login Page/Internal User/Login Button' is clicked on

2019-01-03 13:42:18 - [MESSAGE][PASSED] - Object: 'Object Repository/Final Object Repo/Login Page/Internal User/Login Button' is clicked on

2019-01-03 13:42:18 - [TEST_STEP][PASSED] - Statement - tester = com.kms.katalon.core.testobject.ObjectRepository.findTestObject(Final Object Repo/Landing Page/Select to English): Finding Test Object with id 'Object Repository/Final Object Repo/Landing Page/Select to English'

2019-01-03 13:42:18 - [TEST_STEP][PASSED] - Statement - Try: Delayed 2 second(s)

2019-01-03 13:42:18 - [TEST_STEP][PASSED] - Statement - Checker = com.kms.katalon.core.webui.keyword.WebUiBuiltInKeywords.verifyElementNotPresent(tester, 3): Web element with id: 'Object Repository/Final Object Repo/Landing Page/Select to English' located by 'By.xpath: //a[@class = 'taglib-language-list-text' and @lang = 'en-US' and (contains(text(), 'EN') or contains(., 'EN'))]' is not present after '3' second(s)

2019-01-03 13:42:20 - [MESSAGE][PASSED] - Web element with id: 'Object Repository/Final Object Repo/Landing Page/Select to English' located by 'By.xpath: //a[@class = 'taglib-language-list-text' and @lang = 'en-US' and (contains(text(), 'EN') or contains(., 'EN'))]' is not present after '3' second(s)

2019-01-03 13:42:20 - [TEST_STEP][PASSED] - Statement - If (Checker == false): null

2019-01-03 13:42:20 - [TEST_STEP][PASSED] - delay: Delayed 2 second(s)

2019-01-03 13:42:22 - [MESSAGE][PASSED] - Delayed 2 second(s)

2019-01-03 13:42:22 - [TEST_STEP][PASSED] - delay: Delayed 5 second(s)

2019-01-03 13:42:27 - [MESSAGE][PASSED] - Delayed 5 second(s)

2019-01-03 13:42:27 - [TEST_STEP][PASSED] - mouseOver: Object: 'Object Repository/Final Object Repo/Landing Page/WorkFlow Menu' is hovered

2019-01-03 13:42:27 - [MESSAGE][PASSED] - Object: 'Object Repository/Final Object Repo/Landing Page/WorkFlow Menu' is hovered

2019-01-03 13:42:27 - [TEST_STEP][PASSED] - delay: Delayed 2 second(s)

2019-01-03 13:42:29 - [MESSAGE][PASSED] - Delayed 2 second(s)

2019-01-03 13:42:29 - [TEST_STEP][PASSED] - click: Object: 'Object Repository/Final Object Repo/Landing Page/Select to Workflow Listing' is clicked on

2019-01-03 13:42:30 - [MESSAGE][PASSED] - Object: 'Object Repository/Final Object Repo/Landing Page/Select to Workflow Listing' is clicked on

2019-01-03 13:42:30 - [TEST_STEP][PASSED] - delay: Delayed 2 second(s)

2019-01-03 13:42:32 - [MESSAGE][PASSED] - Delayed 2 second(s)

2019-01-03 13:42:32 - [TEST_STEP][PASSED] - click: Object: 'Object Repository/Final Object Repo/WorkFlow Listing Page/Search Information - To Put Ref No' is clicked on

2019-01-03 13:42:32 - [MESSAGE][PASSED] - Object: 'Object Repository/Final Object Repo/WorkFlow Listing Page/Search Information - To Put Ref No' is clicked on

2019-01-03 13:42:32 - [TEST_STEP][PASSED] - delay: Delayed 2 second(s)

2019-01-03 13:42:34 - [MESSAGE][PASSED] - Delayed 2 second(s)

2019-01-03 13:42:34 - [TEST_STEP][PASSED] - callTestCase: Call Test Case 'Test Cases/Final Aug 2018 - PKS Automation/Common/Reference Number Getter' successfully

2019-01-03 13:42:34 - [TEST_CASE][PASSED] - Test Cases/Final Aug 2018 - PKS Automation/Common/Reference Number Getter: Test Cases/Final Aug 2018 - PKS Automation/Common/Reference Number Getter

2019-01-03 13:42:34 - [TEST_STEP][PASSED] - Statement - Try: null

2019-01-03 13:42:34 - [TEST_STEP][PASSED] - Statement - RefNo = new java.io.File(C://Users//Admin//Desktop//PKS//Automation Reference Point//KatalonReference.txt): null

2019-01-03 13:42:34 - [TEST_STEP][PASSED] - Statement - bufferread = new java.io.BufferedReader(new java.io.FileReader(RefNo)): null

2019-01-03 13:42:34 - [TEST_STEP][PASSED] - Statement - readedVal = bufferread.readLine(): null

2019-01-03 13:42:34 - [TEST_STEP][PASSED] - Statement - out.println(CaseReferenceNo): null

2019-01-03 13:42:34 - [TEST_STEP][PASSED] - Statement - out.println(readedVal): null

2019-01-03 13:42:34 - [TEST_STEP][PASSED] - Statement - CaseReferenceNo = "": null

2019-01-03 13:42:34 - [TEST_STEP][PASSED] - Statement - CaseReferenceNo = readedVal: null

2019-01-03 13:42:34 - [MESSAGE][PASSED] - Call Test Case 'Test Cases/Final Aug 2018 - PKS Automation/Common/Reference Number Getter' successfully

2019-01-03 13:42:34 - [TEST_STEP][PASSED] - setText: Text 'CUN012019C200001801' is set on object 'Object Repository/Final Object Repo/WorkFlow Listing Page/Ref No Set Text'

2019-01-03 13:42:34 - [MESSAGE][PASSED] - Text 'CUN012019C200001801' is set on object 'Object Repository/Final Object Repo/WorkFlow Listing Page/Ref No Set Text'

2019-01-03 13:42:34 - [TEST_STEP][PASSED] - delay: Delayed 2 second(s)

2019-01-03 13:42:36 - [MESSAGE][PASSED] - Delayed 2 second(s)

2019-01-03 13:42:36 - [TEST_STEP][PASSED] - click: Object: 'Object Repository/Final Object Repo/WorkFlow Listing Page/Search Ref No Search Button' is clicked on

2019-01-03 13:42:36 - [MESSAGE][PASSED] - Object: 'Object Repository/Final Object Repo/WorkFlow Listing Page/Search Ref No Search Button' is clicked on

2019-01-03 13:42:36 - [TEST_STEP][PASSED] - delay: Delayed 6 second(s)

2019-01-03 13:42:42 - [MESSAGE][PASSED] - Delayed 6 second(s)

2019-01-03 13:42:42 - [TEST_STEP][PASSED] - click: Object: 'Object Repository/Final Object Repo/WorkFlow Listing Page/Click Continue Tooltip' is clicked on

2019-01-03 13:42:43 - [MESSAGE][PASSED] - Object: 'Object Repository/Final Object Repo/WorkFlow Listing Page/Click Continue Tooltip' is clicked on

2019-01-03 13:42:43 - [TEST_STEP][PASSED] - delay: Delayed 5 second(s)

2019-01-03 13:42:48 - [MESSAGE][PASSED] - Delayed 5 second(s)

2019-01-03 13:42:48 - [TEST_STEP][PASSED] - doubleClick: Object: 'Object Repository/Final Object Repo/WorkFlow Listing Page/Workflow Found - Listing 1' is double clicked on

2019-01-03 13:42:49 - [MESSAGE][PASSED] - Object: 'Object Repository/Final Object Repo/WorkFlow Listing Page/Workflow Found - Listing 1' is double clicked on

2019-01-03 13:42:49 - [TEST_STEP][PASSED] - Statement - println(OwnerID): null

2019-01-03 13:42:49 - [TEST_STEP][PASSED] - Statement - OwnerID = com.kms.katalon.core.webui.keyword.WebUiBuiltInKeywords.getText(com.kms.katalon.core.testobject.ObjectRepository.findTestObject(Final Object Repo/WorkFlow Listing Page/Workflow Found - Listing 1), STOP_ON_FAILURE): Text of object 'Object Repository/Final Object Repo/WorkFlow Listing Page/Workflow Found - Listing 1' is: 'JOHORuo1'

2019-01-03 13:42:49 - [MESSAGE][PASSED] - Text of object 'Object Repository/Final Object Repo/WorkFlow Listing Page/Workflow Found - Listing 1' is: 'JOHORuo1'

2019-01-03 13:42:49 - [TEST_STEP][PASSED] - Statement - OwnerID = OwnerID.toLowerCase() + "@gmail.com": null

2019-01-03 13:42:49 - [TEST_STEP][PASSED] - Statement - println(OwnerID): null

2019-01-03 13:42:49 - [TEST_STEP][PASSED] - delay: Delayed 2 second(s)

2019-01-03 13:42:51 - [MESSAGE][PASSED] - Delayed 2 second(s)

2019-01-03 13:42:51 - [MESSAGE][PASSED] - Call Test Case 'Test Cases/Final Aug 2018 - PKS Automation/Common/Workflow Owner Finder' successfully

2019-01-03 13:42:51 - [TEST_STEP][PASSED] - delay: Delayed 1 second(s)

2019-01-03 13:42:52 - [MESSAGE][PASSED] - Delayed 1 second(s)

2019-01-03 13:42:52 - [TEST_STEP][PASSED] - navigateToUrl: Navigate to 'https://assist2-uat.perkeso.gov.my/c/portal/logout' successfully

2019-01-03 13:42:53 - [MESSAGE][PASSED] - Navigate to 'https://assist2-uat.perkeso.gov.my/c/portal/logout' successfully

2019-01-03 13:42:53 - [TEST_STEP][PASSED] - delay: Delayed 1 second(s)

2019-01-03 13:42:54 - [MESSAGE][PASSED] - Delayed 1 second(s)

2019-01-03 13:42:54 - [TEST_STEP][PASSED] - callTestCase: Call Test Case 'Test Cases/Final Aug 2018 - PKS Automation/Registration Module/Workflow/Login and Search Case For Workflow' successfully

2019-01-03 13:42:54 - [TEST_CASE][PASSED] - Test Cases/Final Aug 2018 - PKS Automation/Registration Module/Workflow/Login and Search Case For Workflow: Test Cases/Final Aug 2018 - PKS Automation/Registration Module/Workflow/Login and Search Case For Workflow

2019-01-03 13:42:54 - [TEST_STEP][PASSED] - navigateToUrl: Navigate to 'https://assist2-uat.perkeso.gov.my/login' successfully

2019-01-03 13:42:54 - [MESSAGE][PASSED] - Navigate to 'https://assist2-uat.perkeso.gov.my/login' successfully

2019-01-03 13:42:54 - [TEST_STEP][PASSED] - setText: Text 'johoruo1@gmail.com' is set on object 'Object Repository/Final Object Repo/Login Page/Internal User/Email Address'

2019-01-03 13:42:54 - [MESSAGE][PASSED] - Text 'johoruo1@gmail.com' is set on object 'Object Repository/Final Object Repo/Login Page/Internal User/Email Address'

2019-01-03 13:42:54 - [TEST_STEP][PASSED] - click: Object: 'Object Repository/Final Object Repo/Login Page/Internal User/Next Button' is clicked on

2019-01-03 13:42:55 - [MESSAGE][PASSED] - Object: 'Object Repository/Final Object Repo/Login Page/Internal User/Next Button' is clicked on

2019-01-03 13:42:55 - [TEST_STEP][PASSED] - delay: Delayed 1 second(s)

2019-01-03 13:42:56 - [MESSAGE][PASSED] - Delayed 1 second(s)

2019-01-03 13:42:56 - [TEST_STEP][PASSED] - setEncryptedText: Text ****** has been set on object 'Object Repository/Final Object Repo/Login Page/Internal User/Password'

2019-01-03 13:42:56 - [MESSAGE][PASSED] - Text ****** has been set on object 'Object Repository/Final Object Repo/Login Page/Internal User/Password'

2019-01-03 13:42:56 - [TEST_STEP][PASSED] - click: Object: 'Object Repository/Final Object Repo/Login Page/Internal User/Login Button' is clicked on

2019-01-03 13:42:56 - [MESSAGE][PASSED] - Object: 'Object Repository/Final Object Repo/Login Page/Internal User/Login Button' is clicked on

2019-01-03 13:42:56 - [TEST_STEP][PASSED] - delay: Delayed 2 second(s)

2019-01-03 13:42:58 - [MESSAGE][PASSED] - Delayed 2 second(s)

2019-01-03 13:42:58 - [TEST_STEP][PASSED] - Statement - Try: Delayed 2 second(s)

2019-01-03 13:42:58 - [TEST_STEP][PASSED] - Statement - Checker = false: null

2019-01-03 13:42:58 - [TEST_STEP][PASSED] - Statement - Checker = com.kms.katalon.core.webui.keyword.WebUiBuiltInKeywords.verifyElementHasAttribute(com.kms.katalon.core.testobject.ObjectRepository.findTestObject(Final Object Repo/Landing Page/BM Detecting), "href", 20, OPTIONAL): Object 'Object Repository/Final Object Repo/Landing Page/BM Detecting' has attribute 'href'

2019-01-03 13:42:58 - [MESSAGE][PASSED] - Object 'Object Repository/Final Object Repo/Landing Page/BM Detecting' has attribute 'href'

2019-01-03 13:42:58 - [TEST_STEP][PASSED] - Statement - out.println(Checker): null

2019-01-03 13:42:58 - [TEST_STEP][PASSED] - Statement - If (Checker == false): null

2019-01-03 13:42:58 - [TEST_STEP][PASSED] - Statement - Else: null

2019-01-03 13:42:58 - [TEST_STEP][PASSED] - delay: Delayed 2 second(s)

2019-01-03 13:43:00 - [MESSAGE][PASSED] - Delayed 2 second(s)

2019-01-03 13:43:00 - [TEST_STEP][PASSED] - click: Object: 'Object Repository/Final Object Repo/Page_MyASSIST - ASSIST - Search Pending Case For Add Supporting Document/Search Information' is clicked on

2019-01-03 13:43:00 - [MESSAGE][PASSED] - Object: 'Object Repository/Final Object Repo/Page_MyASSIST - ASSIST - Search Pending Case For Add Supporting Document/Search Information' is clicked on

2019-01-03 13:43:00 - [TEST_STEP][PASSED] - delay: Delayed 3 second(s)

2019-01-03 13:43:03 - [MESSAGE][PASSED] - Delayed 3 second(s)

2019-01-03 13:43:03 - [TEST_STEP][PASSED] - sendKeys: Keys 'CUN012019C200001801' sent to object: 'Object Repository/Final Object Repo/Page_MyASSIST - ASSIST - Search Pending Case For Add Supporting Document/Reference No'

2019-01-03 13:43:03 - [MESSAGE][PASSED] - Keys 'CUN012019C200001801' sent to object: 'Object Repository/Final Object Repo/Page_MyASSIST - ASSIST - Search Pending Case For Add Supporting Document/Reference No'

2019-01-03 13:43:03 - [TEST_STEP][PASSED] - click: Object: 'Object Repository/Final Object Repo/Page_MyASSIST - ASSIST - Search Pending Case For Add Supporting Document/Search Reference No' is clicked on

2019-01-03 13:43:04 - [MESSAGE][PASSED] - Object: 'Object Repository/Final Object Repo/Page_MyASSIST - ASSIST - Search Pending Case For Add Supporting Document/Search Reference No' is clicked on

2019-01-03 13:43:04 - [TEST_STEP][PASSED] - delay: Delayed 2 second(s)

2019-01-03 13:43:06 - [MESSAGE][PASSED] - Delayed 2 second(s)

2019-01-03 13:43:06 - [TEST_STEP][PASSED] - click: Object: 'Object Repository/Final Object Repo/Page_MyASSIST - ASSIST - Search Pending Case For Add Supporting Document/Continue' is clicked on

2019-01-03 13:43:09 - [MESSAGE][PASSED] - Object: 'Object Repository/Final Object Repo/Page_MyASSIST - ASSIST - Search Pending Case For Add Supporting Document/Continue' is clicked on

2019-01-03 13:43:09 - [TEST_STEP][PASSED] - delay: Delayed 20 second(s)

2019-01-03 13:43:29 - [MESSAGE][PASSED] - Delayed 20 second(s)

2019-01-03 13:43:29 - [MESSAGE][PASSED] - Call Test Case 'Test Cases/Final Aug 2018 - PKS Automation/Registration Module/Workflow/Login and Search Case For Workflow' successfully

2019-01-03 13:43:29 - [TEST_STEP][PASSED] - click: Object: 'Object Repository/Final Object Repo/Page_Form 1A - Cessation As Employer/Page_Form 1A - Cessation As Employer (Approve)/Save  Continue in Form 1A Page' is clicked on

2019-01-03 13:43:29 - [MESSAGE][PASSED] - Object: 'Object Repository/Final Object Repo/Page_Form 1A - Cessation As Employer/Page_Form 1A - Cessation As Employer (Approve)/Save  Continue in Form 1A Page' is clicked on

2019-01-03 13:43:29 - [TEST_STEP][PASSED] - delay: Delayed 2 second(s)

2019-01-03 13:43:31 - [MESSAGE][PASSED] - Delayed 2 second(s)

2019-01-03 13:43:31 - [TEST_STEP][PASSED] - click: Object: 'Object Repository/Final Object Repo/Page_Form 1A - Cessation As Employer/Employment Resign Date' is clicked on

2019-01-03 13:43:31 - [MESSAGE][PASSED] - Object: 'Object Repository/Final Object Repo/Page_Form 1A - Cessation As Employer/Employment Resign Date' is clicked on

2019-01-03 13:43:31 - [TEST_STEP][PASSED] - delay: Delayed 1 second(s)

2019-01-03 13:43:32 - [MESSAGE][PASSED] - Delayed 1 second(s)

2019-01-03 13:43:32 - [TEST_STEP][PASSED] - selectOptionByValue: All options with value '2030' are selected in object 'Object Repository/Final Object Repo/Page_Form 1A - Cessation As Employer/Employment Resign Date - Year' 

2019-01-03 13:43:33 - [MESSAGE][PASSED] - All options with value '2030' are selected in object 'Object Repository/Final Object Repo/Page_Form 1A - Cessation As Employer/Employment Resign Date - Year' 

2019-01-03 13:43:33 - [TEST_STEP][PASSED] - delay: Delayed 1 second(s)

2019-01-03 13:43:34 - [MESSAGE][PASSED] - Delayed 1 second(s)

2019-01-03 13:43:34 - [TEST_STEP][PASSED] - click: Object: 'Object Repository/Final Object Repo/Page_Form 1A - Cessation As Employer/Employment Resign Date - Year - Date' is clicked on

2019-01-03 13:43:34 - [MESSAGE][PASSED] - Object: 'Object Repository/Final Object Repo/Page_Form 1A - Cessation As Employer/Employment Resign Date - Year - Date' is clicked on

2019-01-03 13:43:34 - [TEST_STEP][PASSED] - delay: Delayed 2 second(s)

2019-01-03 13:43:36 - [MESSAGE][PASSED] - Delayed 2 second(s)

2019-01-03 13:43:36 - [TEST_STEP][PASSED] - click: Object: 'Object Repository/Final Object Repo/Page_Form 1A - Cessation As Employer/Page_Form 1A - Cessation As Employer (Approve)/Save  Continue in Update Add Employee Resigned Date Page' is clicked on

2019-01-03 13:43:36 - [MESSAGE][PASSED] - Object: 'Object Repository/Final Object Repo/Page_Form 1A - Cessation As Employer/Page_Form 1A - Cessation As Employer (Approve)/Save  Continue in Update Add Employee Resigned Date Page' is clicked on

2019-01-03 13:43:36 - [TEST_STEP][PASSED] - delay: Delayed 2 second(s)

2019-01-03 13:43:38 - [MESSAGE][PASSED] - Delayed 2 second(s)

2019-01-03 13:43:38 - [TEST_STEP][PASSED] - click: Object: 'Object Repository/Final Object Repo/Page_Form 1A - Cessation As Employer/Set Latest - Yes' is clicked on

2019-01-03 13:43:38 - [MESSAGE][PASSED] - Object: 'Object Repository/Final Object Repo/Page_Form 1A - Cessation As Employer/Set Latest - Yes' is clicked on

2019-01-03 13:43:38 - [TEST_STEP][PASSED] - delay: Delayed 2 second(s)

2019-01-03 13:43:40 - [MESSAGE][PASSED] - Delayed 2 second(s)

2019-01-03 13:43:40 - [TEST_STEP][PASSED] - setText: Text 'remark' is set on object 'Object Repository/Final Object Repo/Page_Form 1A - Cessation As Employer/Page_Form 1A - Cessation As Employer (Query)/Query - remark'

2019-01-03 13:43:42 - [MESSAGE][PASSED] - Text 'remark' is set on object 'Object Repository/Final Object Repo/Page_Form 1A - Cessation As Employer/Page_Form 1A - Cessation As Employer (Query)/Query - remark'

2019-01-03 13:43:42 - [TEST_STEP][PASSED] - delay: Delayed 2 second(s)

2019-01-03 13:43:44 - [MESSAGE][PASSED] - Delayed 2 second(s)

2019-01-03 13:43:44 - [TEST_STEP][PASSED] - click: Object: 'Object Repository/Final Object Repo/Page_Form 1A - Cessation As Employer/Page_Form 1A - Cessation As Employer (Approve)/Save  Contine in Uploading Document Page' is clicked on

2019-01-03 13:43:44 - [MESSAGE][PASSED] - Object: 'Object Repository/Final Object Repo/Page_Form 1A - Cessation As Employer/Page_Form 1A - Cessation As Employer (Approve)/Save  Contine in Uploading Document Page' is clicked on

2019-01-03 13:43:44 - [TEST_STEP][PASSED] - delay: Delayed 2 second(s)

2019-01-03 13:43:46 - [MESSAGE][PASSED] - Delayed 2 second(s)

2019-01-03 13:43:46 - [TEST_STEP][PASSED] - click: Object: 'Object Repository/Final Object Repo/Page_Form 1A - Cessation As Employer/Page_Form 1A - Cessation As Employer (Query)/Query' is clicked on

2019-01-03 13:43:49 - [MESSAGE][PASSED] - Object: 'Object Repository/Final Object Repo/Page_Form 1A - Cessation As Employer/Page_Form 1A - Cessation As Employer (Query)/Query' is clicked on

2019-01-03 13:43:49 - [TEST_STEP][PASSED] - delay: Delayed 2 second(s)

2019-01-03 13:43:51 - [MESSAGE][PASSED] - Delayed 2 second(s)

2019-01-03 13:43:51 - [TEST_STEP][PASSED] - click: Object: 'Object Repository/Final Object Repo/Page_Form 1A - Cessation As Employer/Page_Form 1A - Cessation As Employer (Query)/Confirm' is clicked on

2019-01-03 13:43:59 - [MESSAGE][PASSED] - Object: 'Object Repository/Final Object Repo/Page_Form 1A - Cessation As Employer/Page_Form 1A - Cessation As Employer (Query)/Confirm' is clicked on

2019-01-03 13:43:59 - [TEST_STEP][PASSED] - delay: Delayed 2 second(s)

2019-01-03 13:44:01 - [MESSAGE][PASSED] - Delayed 2 second(s)

2019-01-03 13:44:01 - [TEST_STEP][PASSED] - verifyElementVisible: Object 'Object Repository/Final Object Repo/Page_Form 1A - Cessation As Employer/Page_Form 1A - Cessation As Employer (Query)/MessageThe Case Is Under Query' is visible

2019-01-03 13:44:01 - [MESSAGE][PASSED] - Object 'Object Repository/Final Object Repo/Page_Form 1A - Cessation As Employer/Page_Form 1A - Cessation As Employer (Query)/MessageThe Case Is Under Query' is visible

2019-01-03 13:44:01 - [TEST_STEP][PASSED] - delay: Delayed 1 second(s)

2019-01-03 13:44:02 - [MESSAGE][PASSED] - Delayed 1 second(s)

2019-01-03 13:44:02 - [TEST_STEP][PASSED] - verifyElementVisible: Object 'Object Repository/Final Object Repo/Page_Form 1A - Cessation As Employer/Page_Form 1A - Cessation As Employer (Query)/Letter of inquiry' is visible

2019-01-03 13:44:02 - [MESSAGE][PASSED] - Object 'Object Repository/Final Object Repo/Page_Form 1A - Cessation As Employer/Page_Form 1A - Cessation As Employer (Query)/Letter of inquiry' is visible

2019-01-03 13:44:02 - [TEST_STEP][PASSED] - delay: Delayed 1 second(s)

2019-01-03 13:44:03 - [MESSAGE][PASSED] - Delayed 1 second(s)

2019-01-03 13:44:03 - [TEST_STEP][PASSED] - navigateToUrl: Navigate to 'https://assist2-uat.perkeso.gov.my/c/portal/logout' successfully

2019-01-03 13:44:04 - [MESSAGE][PASSED] - Navigate to 'https://assist2-uat.perkeso.gov.my/c/portal/logout' successfully

2019-01-03 13:44:04 - [TEST_STEP][PASSED] - delay: Delayed 1 second(s)

2019-01-03 13:44:05 - [MESSAGE][PASSED] - Delayed 1 second(s)

2019-01-03 13:44:05 - [TEST_STEP][PASSED] - callTestCase: Call Test Case 'Test Cases/Final Aug 2018 - PKS Automation/Registration Module/Workflow/Search Pending Case For Add Supporting Document (OTC)' successfully

2019-01-03 13:44:05 - [TEST_CASE][PASSED] - Test Cases/Final Aug 2018 - PKS Automation/Registration Module/Workflow/Search Pending Case For Add Supporting Document (OTC): Test Cases/Final Aug 2018 - PKS Automation/Registration Module/Workflow/Search Pending Case For Add Supporting Document (OTC)

2019-01-03 13:44:05 - [TEST_STEP][PASSED] - openBrowser: Browser is opened with url: ''

2019-01-03 13:44:05 - [MESSAGE][WARNING] - A browser is already opened. Closing browser and opening a new one

2019-01-03 13:44:08 - [MESSAGE][PASSED] - Browser is opened with url: ''

2019-01-03 13:44:08 - [TEST_STEP][PASSED] - navigateToUrl: Navigate to 'https://assist2-uat.perkeso.gov.my/login' successfully

2019-01-03 13:44:10 - [MESSAGE][PASSED] - Navigate to 'https://assist2-uat.perkeso.gov.my/login' successfully

2019-01-03 13:44:10 - [TEST_STEP][PASSED] - setText: Text 'johorotc1@gmail.com' is set on object 'Object Repository/Final Object Repo/Login Page/Internal User/Email Address'

2019-01-03 13:44:10 - [MESSAGE][PASSED] - Text 'johorotc1@gmail.com' is set on object 'Object Repository/Final Object Repo/Login Page/Internal User/Email Address'

2019-01-03 13:44:10 - [TEST_STEP][PASSED] - click: Object: 'Object Repository/Final Object Repo/Login Page/Internal User/Next Button' is clicked on

2019-01-03 13:44:10 - [MESSAGE][PASSED] - Object: 'Object Repository/Final Object Repo/Login Page/Internal User/Next Button' is clicked on

2019-01-03 13:44:10 - [TEST_STEP][PASSED] - delay: Delayed 1 second(s)

2019-01-03 13:44:11 - [MESSAGE][PASSED] - Delayed 1 second(s)

2019-01-03 13:44:11 - [TEST_STEP][PASSED] - setEncryptedText: Text ****** has been set on object 'Object Repository/Final Object Repo/Login Page/Internal User/Password'

2019-01-03 13:44:11 - [MESSAGE][PASSED] - Text ****** has been set on object 'Object Repository/Final Object Repo/Login Page/Internal User/Password'

2019-01-03 13:44:11 - [TEST_STEP][PASSED] - click: Object: 'Object Repository/Final Object Repo/Login Page/Internal User/Login Button' is clicked on

2019-01-03 13:44:11 - [MESSAGE][PASSED] - Object: 'Object Repository/Final Object Repo/Login Page/Internal User/Login Button' is clicked on

2019-01-03 13:44:11 - [TEST_STEP][PASSED] - delay: Delayed 1 second(s)

2019-01-03 13:44:12 - [MESSAGE][PASSED] - Delayed 1 second(s)

2019-01-03 13:44:12 - [TEST_STEP][PASSED] - Statement - Try: Delayed 2 second(s)

2019-01-03 13:44:12 - [TEST_STEP][PASSED] - Statement - Checker = false: null

2019-01-03 13:44:12 - [TEST_STEP][PASSED] - Statement - Checker = com.kms.katalon.core.webui.keyword.WebUiBuiltInKeywords.verifyElementHasAttribute(com.kms.katalon.core.testobject.ObjectRepository.findTestObject(Final Object Repo/Landing Page/BM Detecting), "href", 20, OPTIONAL): Object 'Object Repository/Final Object Repo/Landing Page/BM Detecting' has attribute 'href'

2019-01-03 13:44:13 - [MESSAGE][PASSED] - Object 'Object Repository/Final Object Repo/Landing Page/BM Detecting' has attribute 'href'

2019-01-03 13:44:13 - [TEST_STEP][PASSED] - Statement - out.println(Checker): null

2019-01-03 13:44:13 - [TEST_STEP][PASSED] - Statement - If (Checker == false): null

2019-01-03 13:44:13 - [TEST_STEP][PASSED] - Statement - Else: null

2019-01-03 13:44:13 - [TEST_STEP][PASSED] - delay: Delayed 2 second(s)

2019-01-03 13:44:15 - [MESSAGE][PASSED] - Delayed 2 second(s)

2019-01-03 13:44:15 - [TEST_STEP][PASSED] - navigateToUrl: Navigate to 'https://assist2-uat.perkeso.gov.my/web/registration/search/search-pending-case-for-add-supporting-document' successfully

2019-01-03 13:44:16 - [MESSAGE][PASSED] - Navigate to 'https://assist2-uat.perkeso.gov.my/web/registration/search/search-pending-case-for-add-supporting-document' successfully

2019-01-03 13:44:16 - [TEST_STEP][PASSED] - click: Object: 'Object Repository/Final Object Repo/Page_Search Pending Case For Add Suporting Document/Search By' is clicked on

2019-01-03 13:44:16 - [MESSAGE][PASSED] - Object: 'Object Repository/Final Object Repo/Page_Search Pending Case For Add Suporting Document/Search By' is clicked on

2019-01-03 13:44:16 - [TEST_STEP][PASSED] - click: Object: 'Object Repository/Final Object Repo/Page_Search Pending Case For Add Suporting Document/Search By - Reference ID' is clicked on

2019-01-03 13:44:16 - [MESSAGE][PASSED] - Object: 'Object Repository/Final Object Repo/Page_Search Pending Case For Add Suporting Document/Search By - Reference ID' is clicked on

2019-01-03 13:44:16 - [TEST_STEP][PASSED] - delay: Delayed 2 second(s)

2019-01-03 13:44:18 - [MESSAGE][PASSED] - Delayed 2 second(s)

2019-01-03 13:44:18 - [TEST_STEP][PASSED] - setText: Text 'CUN012019C200001801' is set on object 'Object Repository/Final Object Repo/Page_Search Pending Case For Add Suporting Document/Reference ID'

2019-01-03 13:44:19 - [MESSAGE][PASSED] - Text 'CUN012019C200001801' is set on object 'Object Repository/Final Object Repo/Page_Search Pending Case For Add Suporting Document/Reference ID'

2019-01-03 13:44:19 - [TEST_STEP][PASSED] - click: Object: 'Object Repository/Final Object Repo/Page_Search Pending Case For Add Suporting Document/Search' is clicked on

2019-01-03 13:44:19 - [MESSAGE][PASSED] - Object: 'Object Repository/Final Object Repo/Page_Search Pending Case For Add Suporting Document/Search' is clicked on

2019-01-03 13:44:19 - [TEST_STEP][PASSED] - delay: Delayed 2 second(s)

2019-01-03 13:44:21 - [MESSAGE][PASSED] - Delayed 2 second(s)

2019-01-03 13:44:21 - [TEST_STEP][PASSED] - click: Object: 'Object Repository/Final Object Repo/Page_Search Pending Case For Add Suporting Document/Edit' is clicked on

2019-01-03 13:44:24 - [MESSAGE][PASSED] - Object: 'Object Repository/Final Object Repo/Page_Search Pending Case For Add Suporting Document/Edit' is clicked on

2019-01-03 13:44:24 - [MESSAGE][PASSED] - Call Test Case 'Test Cases/Final Aug 2018 - PKS Automation/Registration Module/Workflow/Search Pending Case For Add Supporting Document (OTC)' successfully

2019-01-03 13:44:24 - [TEST_STEP][PASSED] - click: Object: 'Object Repository/Final Object Repo/Page_Form 1A - Cessation As Employer/Page_Form 1A - Cessation As Employer (Query -OTC -UO)/Next in Form 1A Page' is clicked on

2019-01-03 13:44:25 - [MESSAGE][PASSED] - Object: 'Object Repository/Final Object Repo/Page_Form 1A - Cessation As Employer/Page_Form 1A - Cessation As Employer (Query -OTC -UO)/Next in Form 1A Page' is clicked on

2019-01-03 13:44:25 - [TEST_STEP][PASSED] - delay: Delayed 2 second(s)

2019-01-03 13:44:27 - [MESSAGE][PASSED] - Delayed 2 second(s)

2019-01-03 13:44:27 - [TEST_STEP][PASSED] - click: Object: 'Object Repository/Final Object Repo/Page_Form 1A - Cessation As Employer/Page_Form 1A - Cessation As Employer (Query -OTC -UO)/Next in Resigned Date Page' is clicked on

2019-01-03 13:44:31 - [MESSAGE][PASSED] - Object: 'Object Repository/Final Object Repo/Page_Form 1A - Cessation As Employer/Page_Form 1A - Cessation As Employer (Query -OTC -UO)/Next in Resigned Date Page' is clicked on

2019-01-03 13:44:31 - [TEST_STEP][PASSED] - delay: Delayed 2 second(s)

2019-01-03 13:44:33 - [MESSAGE][PASSED] - Delayed 2 second(s)

2019-01-03 13:44:33 - [TEST_STEP][PASSED] - click: Object: 'Object Repository/Final Object Repo/Page_Form 1A - Cessation As Employer/Page_Form 1A - Cessation As Employer (Query -OTC -UO)/Add Document' is clicked on

2019-01-03 13:44:33 - [MESSAGE][PASSED] - Object: 'Object Repository/Final Object Repo/Page_Form 1A - Cessation As Employer/Page_Form 1A - Cessation As Employer (Query -OTC -UO)/Add Document' is clicked on

2019-01-03 13:44:33 - [TEST_STEP][PASSED] - delay: Delayed 2 second(s)

2019-01-03 13:44:35 - [MESSAGE][PASSED] - Delayed 2 second(s)

2019-01-03 13:44:35 - [TEST_STEP][PASSED] - click: Object: 'Object Repository/Final Object Repo/Page_Form 1A - Cessation As Employer/Page_Form 1A - Cessation As Employer (Query -OTC -UO)/Document Type' is clicked on

2019-01-03 13:44:36 - [MESSAGE][PASSED] - Object: 'Object Repository/Final Object Repo/Page_Form 1A - Cessation As Employer/Page_Form 1A - Cessation As Employer (Query -OTC -UO)/Document Type' is clicked on

2019-01-03 13:44:36 - [TEST_STEP][PASSED] - click: Object: 'Object Repository/Final Object Repo/Page_Form 1A - Cessation As Employer/Page_Form 1A - Cessation As Employer (Query -OTC -UO)/Document Type - Others' is clicked on

2019-01-03 13:44:36 - [MESSAGE][PASSED] - Object: 'Object Repository/Final Object Repo/Page_Form 1A - Cessation As Employer/Page_Form 1A - Cessation As Employer (Query -OTC -UO)/Document Type - Others' is clicked on

2019-01-03 13:44:36 - [TEST_STEP][PASSED] - delay: Delayed 2 second(s)

2019-01-03 13:44:38 - [MESSAGE][PASSED] - Delayed 2 second(s)

2019-01-03 13:44:38 - [TEST_STEP][PASSED] - sendKeys: Keys 'C:\Users\Public\Pictures\Sample Pictures\Koala.jpg' sent to object: 'Object Repository/Final Object Repo/Page_Form 1A - Cessation As Employer/Uploading File'

2019-01-03 13:44:38 - [MESSAGE][PASSED] - Keys 'C:\Users\Public\Pictures\Sample Pictures\Koala.jpg' sent to object: 'Object Repository/Final Object Repo/Page_Form 1A - Cessation As Employer/Uploading File'

2019-01-03 13:44:38 - [TEST_STEP][PASSED] - delay: Delayed 2 second(s)

2019-01-03 13:44:40 - [MESSAGE][PASSED] - Delayed 2 second(s)

2019-01-03 13:44:40 - [TEST_STEP][PASSED] - click: Object: 'Object Repository/Final Object Repo/Page_Form 1A - Cessation As Employer/Page_Form 1A - Cessation As Employer (Query -OTC -UO)/Add Document in Uploading Page' is clicked on

2019-01-03 13:44:40 - [MESSAGE][PASSED] - Object: 'Object Repository/Final Object Repo/Page_Form 1A - Cessation As Employer/Page_Form 1A - Cessation As Employer (Query -OTC -UO)/Add Document in Uploading Page' is clicked on

2019-01-03 13:44:40 - [TEST_STEP][PASSED] - delay: Delayed 4 second(s)

2019-01-03 13:44:44 - [MESSAGE][PASSED] - Delayed 4 second(s)

2019-01-03 13:44:44 - [TEST_STEP][PASSED] - click: Object: 'Object Repository/Final Object Repo/Page_Form 1A - Cessation As Employer/Page_Form 1A - Cessation As Employer (Query -OTC -UO)/Exit' is clicked on

2019-01-03 13:44:45 - [MESSAGE][PASSED] - Object: 'Object Repository/Final Object Repo/Page_Form 1A - Cessation As Employer/Page_Form 1A - Cessation As Employer (Query -OTC -UO)/Exit' is clicked on

2019-01-03 13:44:45 - [TEST_STEP][PASSED] - delay: Delayed 1 second(s)

2019-01-03 13:44:46 - [MESSAGE][PASSED] - Delayed 1 second(s)

2019-01-03 13:44:46 - [TEST_STEP][PASSED] - navigateToUrl: Navigate to 'https://assist2-uat.perkeso.gov.my/c/portal/logout' successfully

2019-01-03 13:44:47 - [MESSAGE][PASSED] - Navigate to 'https://assist2-uat.perkeso.gov.my/c/portal/logout' successfully

2019-01-03 13:44:47 - [TEST_STEP][PASSED] - delay: Delayed 1 second(s)

2019-01-03 13:44:48 - [MESSAGE][PASSED] - Delayed 1 second(s)

2019-01-03 13:44:48 - [TEST_STEP][PASSED] - callTestCase: Call Test Case 'Test Cases/Final Aug 2018 - PKS Automation/Registration Module/Workflow/Login and Search Case For Workflow' successfully

2019-01-03 13:44:48 - [TEST_CASE][PASSED] - Test Cases/Final Aug 2018 - PKS Automation/Registration Module/Workflow/Login and Search Case For Workflow: Test Cases/Final Aug 2018 - PKS Automation/Registration Module/Workflow/Login and Search Case For Workflow

2019-01-03 13:44:48 - [TEST_STEP][PASSED] - navigateToUrl: Navigate to 'https://assist2-uat.perkeso.gov.my/login' successfully

2019-01-03 13:44:49 - [MESSAGE][PASSED] - Navigate to 'https://assist2-uat.perkeso.gov.my/login' successfully

2019-01-03 13:44:49 - [TEST_STEP][PASSED] - setText: Text 'johoruo1@gmail.com' is set on object 'Object Repository/Final Object Repo/Login Page/Internal User/Email Address'

2019-01-03 13:44:49 - [MESSAGE][PASSED] - Text 'johoruo1@gmail.com' is set on object 'Object Repository/Final Object Repo/Login Page/Internal User/Email Address'

2019-01-03 13:44:49 - [TEST_STEP][PASSED] - click: Object: 'Object Repository/Final Object Repo/Login Page/Internal User/Next Button' is clicked on

2019-01-03 13:44:49 - [MESSAGE][PASSED] - Object: 'Object Repository/Final Object Repo/Login Page/Internal User/Next Button' is clicked on

2019-01-03 13:44:49 - [TEST_STEP][PASSED] - delay: Delayed 1 second(s)

2019-01-03 13:44:50 - [MESSAGE][PASSED] - Delayed 1 second(s)

2019-01-03 13:44:50 - [TEST_STEP][PASSED] - setEncryptedText: Text ****** has been set on object 'Object Repository/Final Object Repo/Login Page/Internal User/Password'

2019-01-03 13:44:50 - [MESSAGE][PASSED] - Text ****** has been set on object 'Object Repository/Final Object Repo/Login Page/Internal User/Password'

2019-01-03 13:44:50 - [TEST_STEP][PASSED] - click: Object: 'Object Repository/Final Object Repo/Login Page/Internal User/Login Button' is clicked on

2019-01-03 13:44:51 - [MESSAGE][PASSED] - Object: 'Object Repository/Final Object Repo/Login Page/Internal User/Login Button' is clicked on

2019-01-03 13:44:51 - [TEST_STEP][PASSED] - delay: Delayed 2 second(s)

2019-01-03 13:44:53 - [MESSAGE][PASSED] - Delayed 2 second(s)

2019-01-03 13:44:53 - [TEST_STEP][PASSED] - Statement - Try: Delayed 2 second(s)

2019-01-03 13:44:53 - [TEST_STEP][PASSED] - Statement - Checker = false: null

2019-01-03 13:44:53 - [TEST_STEP][PASSED] - Statement - Checker = com.kms.katalon.core.webui.keyword.WebUiBuiltInKeywords.verifyElementHasAttribute(com.kms.katalon.core.testobject.ObjectRepository.findTestObject(Final Object Repo/Landing Page/BM Detecting), "href", 20, OPTIONAL): Object 'Object Repository/Final Object Repo/Landing Page/BM Detecting' has attribute 'href'

2019-01-03 13:44:53 - [MESSAGE][PASSED] - Object 'Object Repository/Final Object Repo/Landing Page/BM Detecting' has attribute 'href'

2019-01-03 13:44:53 - [TEST_STEP][PASSED] - Statement - out.println(Checker): null

2019-01-03 13:44:53 - [TEST_STEP][PASSED] - Statement - If (Checker == false): null

2019-01-03 13:44:53 - [TEST_STEP][PASSED] - Statement - Else: null

2019-01-03 13:44:53 - [TEST_STEP][PASSED] - delay: Delayed 2 second(s)

2019-01-03 13:44:55 - [MESSAGE][PASSED] - Delayed 2 second(s)

2019-01-03 13:44:55 - [TEST_STEP][PASSED] - click: Object: 'Object Repository/Final Object Repo/Page_MyASSIST - ASSIST - Search Pending Case For Add Supporting Document/Search Information' is clicked on

2019-01-03 13:44:55 - [MESSAGE][PASSED] - Object: 'Object Repository/Final Object Repo/Page_MyASSIST - ASSIST - Search Pending Case For Add Supporting Document/Search Information' is clicked on

2019-01-03 13:44:55 - [TEST_STEP][PASSED] - delay: Delayed 3 second(s)

2019-01-03 13:44:58 - [MESSAGE][PASSED] - Delayed 3 second(s)

2019-01-03 13:44:58 - [TEST_STEP][PASSED] - sendKeys: Keys 'CUN012019C200001801' sent to object: 'Object Repository/Final Object Repo/Page_MyASSIST - ASSIST - Search Pending Case For Add Supporting Document/Reference No'

2019-01-03 13:44:58 - [MESSAGE][PASSED] - Keys 'CUN012019C200001801' sent to object: 'Object Repository/Final Object Repo/Page_MyASSIST - ASSIST - Search Pending Case For Add Supporting Document/Reference No'

2019-01-03 13:44:58 - [TEST_STEP][PASSED] - click: Object: 'Object Repository/Final Object Repo/Page_MyASSIST - ASSIST - Search Pending Case For Add Supporting Document/Search Reference No' is clicked on

2019-01-03 13:44:58 - [MESSAGE][PASSED] - Object: 'Object Repository/Final Object Repo/Page_MyASSIST - ASSIST - Search Pending Case For Add Supporting Document/Search Reference No' is clicked on

2019-01-03 13:44:58 - [TEST_STEP][PASSED] - delay: Delayed 2 second(s)

2019-01-03 13:45:00 - [MESSAGE][PASSED] - Delayed 2 second(s)

2019-01-03 13:45:00 - [TEST_STEP][PASSED] - click: Object: 'Object Repository/Final Object Repo/Page_MyASSIST - ASSIST - Search Pending Case For Add Supporting Document/Continue' is clicked on

2019-01-03 13:45:04 - [MESSAGE][PASSED] - Object: 'Object Repository/Final Object Repo/Page_MyASSIST - ASSIST - Search Pending Case For Add Supporting Document/Continue' is clicked on

2019-01-03 13:45:04 - [TEST_STEP][PASSED] - delay: Delayed 20 second(s)

2019-01-03 13:45:24 - [MESSAGE][PASSED] - Delayed 20 second(s)

2019-01-03 13:45:24 - [MESSAGE][PASSED] - Call Test Case 'Test Cases/Final Aug 2018 - PKS Automation/Registration Module/Workflow/Login and Search Case For Workflow' successfully

2019-01-03 13:45:24 - [TEST_STEP][PASSED] - click: Object: 'Object Repository/Final Object Repo/Page_Form 1A - Cessation As Employer/Page_Form 1A - Cessation As Employer (Approve)/Save  Continue in Form 1A Page' is clicked on

2019-01-03 13:45:24 - [MESSAGE][PASSED] - Object: 'Object Repository/Final Object Repo/Page_Form 1A - Cessation As Employer/Page_Form 1A - Cessation As Employer (Approve)/Save  Continue in Form 1A Page' is clicked on

2019-01-03 13:45:24 - [TEST_STEP][PASSED] - delay: Delayed 3 second(s)

2019-01-03 13:45:27 - [MESSAGE][PASSED] - Delayed 3 second(s)

2019-01-03 13:45:27 - [TEST_STEP][PASSED] - click: Object: 'Object Repository/Final Object Repo/Page_Form 1A - Cessation As Employer/Page_Form 1A - Cessation As Employer (Approve)/Save  Continue in Update Add Employee Resigned Date Page' is clicked on

2019-01-03 13:45:27 - [MESSAGE][PASSED] - Object: 'Object Repository/Final Object Repo/Page_Form 1A - Cessation As Employer/Page_Form 1A - Cessation As Employer (Approve)/Save  Continue in Update Add Employee Resigned Date Page' is clicked on

2019-01-03 13:45:27 - [TEST_STEP][PASSED] - delay: Delayed 3 second(s)

2019-01-03 13:45:30 - [MESSAGE][PASSED] - Delayed 3 second(s)

2019-01-03 13:45:30 - [TEST_STEP][PASSED] - click: Object: 'Object Repository/Final Object Repo/Page_Form 1A - Cessation As Employer/Page_Form 1A - Cessation As Employer (Approve)/Save  Contine in Uploading Document Page' is clicked on

2019-01-03 13:45:30 - [MESSAGE][PASSED] - Object: 'Object Repository/Final Object Repo/Page_Form 1A - Cessation As Employer/Page_Form 1A - Cessation As Employer (Approve)/Save  Contine in Uploading Document Page' is clicked on

2019-01-03 13:45:30 - [TEST_STEP][PASSED] - delay: Delayed 3 second(s)

2019-01-03 13:45:33 - [MESSAGE][PASSED] - Delayed 3 second(s)

2019-01-03 13:45:33 - [TEST_STEP][PASSED] - click: Object: 'Object Repository/Final Object Repo/Page_Form 1A - Cessation As Employer/Page_Form 1A - Cessation As Employer (Approve)/Approve' is clicked on

2019-01-03 13:45:36 - [MESSAGE][PASSED] - Object: 'Object Repository/Final Object Repo/Page_Form 1A - Cessation As Employer/Page_Form 1A - Cessation As Employer (Approve)/Approve' is clicked on

2019-01-03 13:45:36 - [TEST_STEP][PASSED] - delay: Delayed 2 second(s)

2019-01-03 13:45:38 - [MESSAGE][PASSED] - Delayed 2 second(s)

2019-01-03 13:45:38 - [TEST_STEP][PASSED] - click: Object: 'Object Repository/Final Object Repo/Page_Form 1A - Cessation As Employer/Confirm' is clicked on

2019-01-03 13:45:38 - [MESSAGE][PASSED] - Object: 'Object Repository/Final Object Repo/Page_Form 1A - Cessation As Employer/Confirm' is clicked on

2019-01-03 13:45:38 - [TEST_STEP][PASSED] - delay: Delayed 2 second(s)

2019-01-03 13:45:40 - [MESSAGE][PASSED] - Delayed 2 second(s)

2019-01-03 13:45:40 - [TEST_STEP][PASSED] - click: Object: 'Object Repository/Final Object Repo/Page_Form 1A - Cessation As Employer/Page_Form 1A - Cessation As Employer (Approve)/Message Your Request    Form 1A ' is clicked on

2019-01-03 13:45:48 - [MESSAGE][PASSED] - Object: 'Object Repository/Final Object Repo/Page_Form 1A - Cessation As Employer/Page_Form 1A - Cessation As Employer (Approve)/Message Your Request    Form 1A ' is clicked on

2019-01-03 13:45:48 - [TEST_STEP][PASSED] - delay: Delayed 2 second(s)

2019-01-03 13:45:50 - [MESSAGE][PASSED] - Delayed 2 second(s)

2019-01-03 13:45:50 - [TEST_STEP][PASSED] - click: Object: 'Object Repository/Final Object Repo/Page_Form 1A - Cessation As Employer/Page_Form 1A - Cessation As Employer (Approve)/Letter of successful update' is clicked on

2019-01-03 13:45:50 - [MESSAGE][PASSED] - Object: 'Object Repository/Final Object Repo/Page_Form 1A - Cessation As Employer/Page_Form 1A - Cessation As Employer (Approve)/Letter of successful update' is clicked on

2019-01-03 13:45:50 - [MESSAGE][PASSED] - Call Test Case 'Test Cases/Final Aug 2018 - PKS Automation/Registration Module/Workflow/Form 1A - Cessation As Employer/Template/Form 1 A - Cessation As Employer (Query)' successfully]]></system-out>
         <system-err><![CDATA[]]></system-err>
      </testcase>
      <testcase name="Test Cases/Final Aug 2018 - PKS Automation/Registration Module/Workflow/Form 1A - Cessation As Employer/PKRBO to UO (Reject)" classname="Test Cases/Final Aug 2018 - PKS Automation/Registration Module/Workflow/Form 1A - Cessation As Employer/PKRBO to UO (Reject)" status="PASSED">
         <system-out><![CDATA[2019-01-03 13:45:50 - [TEST_CASE][PASSED] - Test Cases/Final Aug 2018 - PKS Automation/Registration Module/Workflow/Form 1A - Cessation As Employer/PKRBO to UO (Reject): Test Cases/Final Aug 2018 - PKS Automation/Registration Module/Workflow/Form 1A - Cessation As Employer/PKRBO to UO (Reject)

2019-01-03 13:45:51 - [TEST_STEP][PASSED] - callTestCase: Call Test Case 'Test Cases/Final Aug 2018 - PKS Automation/Registration Module/Workflow/Form 1A - Cessation As Employer/Template/Form 1 A - Cessation As Employer (PKRBO)' successfully

2019-01-03 13:45:51 - [TEST_CASE][PASSED] - Test Cases/Final Aug 2018 - PKS Automation/Registration Module/Workflow/Form 1A - Cessation As Employer/Template/Form 1 A - Cessation As Employer (PKRBO): Test Cases/Final Aug 2018 - PKS Automation/Registration Module/Workflow/Form 1A - Cessation As Employer/Template/Form 1 A - Cessation As Employer (PKRBO)

2019-01-03 13:45:51 - [TEST_STEP][PASSED] - openBrowser: Browser is opened with url: ''

2019-01-03 13:45:51 - [MESSAGE][WARNING] - A browser is already opened. Closing browser and opening a new one

2019-01-03 13:45:55 - [MESSAGE][PASSED] - Browser is opened with url: ''

2019-01-03 13:45:55 - [TEST_STEP][PASSED] - navigateToUrl: Navigate to 'https://assist2-uat.perkeso.gov.my/login' successfully

2019-01-03 13:45:56 - [MESSAGE][PASSED] - Navigate to 'https://assist2-uat.perkeso.gov.my/login' successfully

2019-01-03 13:45:56 - [TEST_STEP][PASSED] - setText: Text 'johorpkrbo1@gmail.com' is set on object 'Object Repository/Final Object Repo/Login Page/Internal User/Email Address'

2019-01-03 13:45:56 - [MESSAGE][PASSED] - Text 'johorpkrbo1@gmail.com' is set on object 'Object Repository/Final Object Repo/Login Page/Internal User/Email Address'

2019-01-03 13:45:56 - [TEST_STEP][PASSED] - click: Object: 'Object Repository/Final Object Repo/Login Page/Internal User/Next Button' is clicked on

2019-01-03 13:45:56 - [MESSAGE][PASSED] - Object: 'Object Repository/Final Object Repo/Login Page/Internal User/Next Button' is clicked on

2019-01-03 13:45:56 - [TEST_STEP][PASSED] - delay: Delayed 1 second(s)

2019-01-03 13:45:57 - [MESSAGE][PASSED] - Delayed 1 second(s)

2019-01-03 13:45:57 - [TEST_STEP][PASSED] - setEncryptedText: Text ****** has been set on object 'Object Repository/Final Object Repo/Login Page/Internal User/Password'

2019-01-03 13:45:58 - [MESSAGE][PASSED] - Text ****** has been set on object 'Object Repository/Final Object Repo/Login Page/Internal User/Password'

2019-01-03 13:45:58 - [TEST_STEP][PASSED] - click: Object: 'Object Repository/Final Object Repo/Login Page/Internal User/Login Button' is clicked on

2019-01-03 13:45:58 - [MESSAGE][PASSED] - Object: 'Object Repository/Final Object Repo/Login Page/Internal User/Login Button' is clicked on

2019-01-03 13:45:58 - [TEST_STEP][PASSED] - delay: Delayed 1 second(s)

2019-01-03 13:45:59 - [MESSAGE][PASSED] - Delayed 1 second(s)

2019-01-03 13:45:59 - [TEST_STEP][PASSED] - Statement - Try: Delayed 2 second(s)

2019-01-03 13:45:59 - [TEST_STEP][PASSED] - Statement - Checker = false: null

2019-01-03 13:45:59 - [TEST_STEP][PASSED] - Statement - Checker = com.kms.katalon.core.webui.keyword.WebUiBuiltInKeywords.verifyElementHasAttribute(com.kms.katalon.core.testobject.ObjectRepository.findTestObject(Final Object Repo/Landing Page/BM Detecting), "href", 20, OPTIONAL): Object 'Object Repository/Final Object Repo/Landing Page/BM Detecting' has attribute 'href'

2019-01-03 13:46:00 - [MESSAGE][PASSED] - Object 'Object Repository/Final Object Repo/Landing Page/BM Detecting' has attribute 'href'

2019-01-03 13:46:00 - [TEST_STEP][PASSED] - Statement - out.println(Checker): null

2019-01-03 13:46:00 - [TEST_STEP][PASSED] - Statement - If (Checker == false): null

2019-01-03 13:46:00 - [TEST_STEP][PASSED] - Statement - Else: null

2019-01-03 13:46:00 - [TEST_STEP][PASSED] - delay: Delayed 2 second(s)

2019-01-03 13:46:02 - [MESSAGE][PASSED] - Delayed 2 second(s)

2019-01-03 13:46:02 - [TEST_STEP][PASSED] - navigateToUrl: Navigate to 'https://assist2-uat.perkeso.gov.my/web/registration/update/form-1a-cessation-as-employer-discontinue-business-' successfully

2019-01-03 13:46:03 - [MESSAGE][PASSED] - Navigate to 'https://assist2-uat.perkeso.gov.my/web/registration/update/form-1a-cessation-as-employer-discontinue-business-' successfully

2019-01-03 13:46:03 - [TEST_STEP][PASSED] - setText: Text 'E1102069770Z' is set on object 'Object Repository/Final Object Repo/Page_Update Employer Information/Employer Code'

2019-01-03 13:46:03 - [MESSAGE][PASSED] - Text 'E1102069770Z' is set on object 'Object Repository/Final Object Repo/Page_Update Employer Information/Employer Code'

2019-01-03 13:46:03 - [TEST_STEP][PASSED] - click: Object: 'Object Repository/Final Object Repo/Page_Update Employer Information/Search Button' is clicked on

2019-01-03 13:46:03 - [MESSAGE][PASSED] - Object: 'Object Repository/Final Object Repo/Page_Update Employer Information/Search Button' is clicked on

2019-01-03 13:46:03 - [TEST_STEP][PASSED] - click: Object: 'Object Repository/Final Object Repo/Page_Update Employer Information/Edit Button' is clicked on

2019-01-03 13:46:05 - [MESSAGE][PASSED] - Object: 'Object Repository/Final Object Repo/Page_Update Employer Information/Edit Button' is clicked on

2019-01-03 13:46:05 - [TEST_STEP][PASSED] - Statement - abc = com.kms.katalon.core.webui.keyword.WebUiBuiltInKeywords.getAttribute(com.kms.katalon.core.testobject.ObjectRepository.findTestObject(Final Object Repo/Page_Form 1A - Cessation As Employer/Employer Status), "value"): Attribute 'value' of object 'Object Repository/Final Object Repo/Page_Form 1A - Cessation As Employer/Employer Status' is: 'Dormant'

2019-01-03 13:46:05 - [MESSAGE][PASSED] - Attribute 'value' of object 'Object Repository/Final Object Repo/Page_Form 1A - Cessation As Employer/Employer Status' is: 'Dormant'

2019-01-03 13:46:05 - [TEST_STEP][PASSED] - Statement - out.println(abc): null

2019-01-03 13:46:05 - [TEST_STEP][PASSED] - Statement - If (abc == "Active"): null

2019-01-03 13:46:05 - [TEST_STEP][PASSED] - Statement - Else If (abc == "Cancel"): null

2019-01-03 13:46:05 - [TEST_STEP][PASSED] - Statement - Else If (abc == "Dormant"): Object: 'Object Repository/Final Object Repo/Page_Form 1A - Cessation As Employer/Change Employer Status to - Dormant' is clicked on

2019-01-03 13:46:05 - [TEST_STEP][PASSED] - click: Object: 'Object Repository/Final Object Repo/Page_Form 1A - Cessation As Employer/Change Employer Status to' is clicked on

2019-01-03 13:46:06 - [MESSAGE][PASSED] - Object: 'Object Repository/Final Object Repo/Page_Form 1A - Cessation As Employer/Change Employer Status to' is clicked on

2019-01-03 13:46:06 - [TEST_STEP][PASSED] - click: Object: 'Object Repository/Final Object Repo/Page_Form 1A - Cessation As Employer/Change Employer Status to - Dormant' is clicked on

2019-01-03 13:46:06 - [MESSAGE][PASSED] - Object: 'Object Repository/Final Object Repo/Page_Form 1A - Cessation As Employer/Change Employer Status to - Dormant' is clicked on

2019-01-03 13:46:06 - [TEST_STEP][PASSED] - click: Object: 'Object Repository/Final Object Repo/Page_Form 1A - Cessation As Employer/Calender' is clicked on

2019-01-03 13:46:06 - [MESSAGE][PASSED] - Object: 'Object Repository/Final Object Repo/Page_Form 1A - Cessation As Employer/Calender' is clicked on

2019-01-03 13:46:06 - [TEST_STEP][PASSED] - click: Object: 'Object Repository/Final Object Repo/Page_Form 1A - Cessation As Employer/Calender - Date' is clicked on

2019-01-03 13:46:06 - [MESSAGE][PASSED] - Object: 'Object Repository/Final Object Repo/Page_Form 1A - Cessation As Employer/Calender - Date' is clicked on

2019-01-03 13:46:06 - [TEST_STEP][PASSED] - delay: Delayed 2 second(s)

2019-01-03 13:46:08 - [MESSAGE][PASSED] - Delayed 2 second(s)

2019-01-03 13:46:08 - [TEST_STEP][PASSED] - click: Object: 'Object Repository/Final Object Repo/Page_Form 1A - Cessation As Employer/Save  Continue in Form 1A Page' is clicked on

2019-01-03 13:46:08 - [MESSAGE][PASSED] - Object: 'Object Repository/Final Object Repo/Page_Form 1A - Cessation As Employer/Save  Continue in Form 1A Page' is clicked on

2019-01-03 13:46:08 - [TEST_STEP][PASSED] - delay: Delayed 2 second(s)

2019-01-03 13:46:10 - [MESSAGE][PASSED] - Delayed 2 second(s)

2019-01-03 13:46:10 - [TEST_STEP][PASSED] - click: Object: 'Object Repository/Final Object Repo/Page_Form 1A - Cessation As Employer/Employment Resign Date' is clicked on

2019-01-03 13:46:11 - [MESSAGE][PASSED] - Object: 'Object Repository/Final Object Repo/Page_Form 1A - Cessation As Employer/Employment Resign Date' is clicked on

2019-01-03 13:46:11 - [TEST_STEP][PASSED] - delay: Delayed 1 second(s)

2019-01-03 13:46:12 - [MESSAGE][PASSED] - Delayed 1 second(s)

2019-01-03 13:46:12 - [TEST_STEP][PASSED] - Statement - CaseReferenceNo = com.kms.katalon.core.webui.keyword.WebUiBuiltInKeywords.getText(com.kms.katalon.core.testobject.ObjectRepository.findTestObject(Final Object Repo/Page_Update Employer Information/Reference Number in Update Employee Information Page)): Text of object 'Object Repository/Final Object Repo/Page_Update Employer Information/Reference Number in Update Employee Information Page' is: 'CUN012019C200001802'

2019-01-03 13:46:12 - [MESSAGE][PASSED] - Text of object 'Object Repository/Final Object Repo/Page_Update Employer Information/Reference Number in Update Employee Information Page' is: 'CUN012019C200001802'

2019-01-03 13:46:12 - [TEST_STEP][PASSED] - Statement - out.println(CaseReferenceNo): null

2019-01-03 13:46:12 - [TEST_STEP][PASSED] - callTestCase: Call Test Case 'Test Cases/Final Aug 2018 - PKS Automation/Common/Reference Number Setter' successfully

2019-01-03 13:46:12 - [TEST_CASE][PASSED] - Test Cases/Final Aug 2018 - PKS Automation/Common/Reference Number Setter: Test Cases/Final Aug 2018 - PKS Automation/Common/Reference Number Setter

2019-01-03 13:46:12 - [TEST_STEP][PASSED] - Statement - RefNoOldFile = new java.io.File(C://Users//Admin//Desktop//PKS//Automation Reference Point//KatalonReference.txt): null

2019-01-03 13:46:12 - [TEST_STEP][PASSED] - Statement - RefNoOldFile.delete(): null

2019-01-03 13:46:12 - [TEST_STEP][PASSED] - delay: Delayed 5 second(s)

2019-01-03 13:46:17 - [MESSAGE][PASSED] - Delayed 5 second(s)

2019-01-03 13:46:17 - [TEST_STEP][PASSED] - Statement - RefNo = new java.io.File(C://Users//Admin//Desktop//PKS//Automation Reference Point//KatalonReference.txt): null

2019-01-03 13:46:17 - [TEST_STEP][PASSED] - Statement - f2 = new java.io.FileWriter(RefNo, false): null

2019-01-03 13:46:17 - [TEST_STEP][PASSED] - Statement - f2.write(CaseReferenceNo): null

2019-01-03 13:46:17 - [TEST_STEP][PASSED] - Statement - f2.close(): null

2019-01-03 13:46:17 - [TEST_STEP][PASSED] - Statement - out.println("


" + CaseReferenceNo + "


"): null

2019-01-03 13:46:17 - [MESSAGE][PASSED] - Call Test Case 'Test Cases/Final Aug 2018 - PKS Automation/Common/Reference Number Setter' successfully

2019-01-03 13:46:17 - [TEST_STEP][PASSED] - selectOptionByValue: All options with value '2030' are selected in object 'Object Repository/Final Object Repo/Page_Form 1A - Cessation As Employer/Employment Resign Date - Year' 

2019-01-03 13:46:17 - [MESSAGE][PASSED] - All options with value '2030' are selected in object 'Object Repository/Final Object Repo/Page_Form 1A - Cessation As Employer/Employment Resign Date - Year' 

2019-01-03 13:46:17 - [TEST_STEP][PASSED] - delay: Delayed 1 second(s)

2019-01-03 13:46:18 - [MESSAGE][PASSED] - Delayed 1 second(s)

2019-01-03 13:46:18 - [TEST_STEP][PASSED] - click: Object: 'Object Repository/Final Object Repo/Page_Form 1A - Cessation As Employer/Employment Resign Date - Year - Date' is clicked on

2019-01-03 13:46:18 - [MESSAGE][PASSED] - Object: 'Object Repository/Final Object Repo/Page_Form 1A - Cessation As Employer/Employment Resign Date - Year - Date' is clicked on

2019-01-03 13:46:18 - [TEST_STEP][PASSED] - delay: Delayed 2 second(s)

2019-01-03 13:46:20 - [MESSAGE][PASSED] - Delayed 2 second(s)

2019-01-03 13:46:20 - [TEST_STEP][PASSED] - click: Object: 'Object Repository/Final Object Repo/Page_Form 1A - Cessation As Employer/Save  Continue in Update Add Employee Resigned Date Page' is clicked on

2019-01-03 13:46:20 - [MESSAGE][PASSED] - Object: 'Object Repository/Final Object Repo/Page_Form 1A - Cessation As Employer/Save  Continue in Update Add Employee Resigned Date Page' is clicked on

2019-01-03 13:46:20 - [TEST_STEP][PASSED] - delay: Delayed 2 second(s)

2019-01-03 13:46:22 - [MESSAGE][PASSED] - Delayed 2 second(s)

2019-01-03 13:46:22 - [TEST_STEP][PASSED] - click: Object: 'Object Repository/Final Object Repo/Page_Form 1A - Cessation As Employer/Set Latest - Yes' is clicked on

2019-01-03 13:46:22 - [MESSAGE][PASSED] - Object: 'Object Repository/Final Object Repo/Page_Form 1A - Cessation As Employer/Set Latest - Yes' is clicked on

2019-01-03 13:46:22 - [TEST_STEP][PASSED] - delay: Delayed 2 second(s)

2019-01-03 13:46:24 - [MESSAGE][PASSED] - Delayed 2 second(s)

2019-01-03 13:46:24 - [TEST_STEP][PASSED] - click: Object: 'Object Repository/Final Object Repo/Page_Form 1A - Cessation As Employer/Add Document' is clicked on

2019-01-03 13:46:26 - [MESSAGE][PASSED] - Object: 'Object Repository/Final Object Repo/Page_Form 1A - Cessation As Employer/Add Document' is clicked on

2019-01-03 13:46:26 - [TEST_STEP][PASSED] - delay: Delayed 2 second(s)

2019-01-03 13:46:28 - [MESSAGE][PASSED] - Delayed 2 second(s)

2019-01-03 13:46:28 - [TEST_STEP][PASSED] - click: Object: 'Object Repository/Final Object Repo/Page_Form 1A - Cessation As Employer/Document Type' is clicked on

2019-01-03 13:46:30 - [MESSAGE][PASSED] - Object: 'Object Repository/Final Object Repo/Page_Form 1A - Cessation As Employer/Document Type' is clicked on

2019-01-03 13:46:30 - [TEST_STEP][PASSED] - delay: Delayed 2 second(s)

2019-01-03 13:46:32 - [MESSAGE][PASSED] - Delayed 2 second(s)

2019-01-03 13:46:32 - [TEST_STEP][PASSED] - click: Object: 'Object Repository/Final Object Repo/Page_Form 1A - Cessation As Employer/Document Type - Supporting Document For Cessation' is clicked on

2019-01-03 13:46:33 - [MESSAGE][PASSED] - Object: 'Object Repository/Final Object Repo/Page_Form 1A - Cessation As Employer/Document Type - Supporting Document For Cessation' is clicked on

2019-01-03 13:46:33 - [TEST_STEP][PASSED] - delay: Delayed 2 second(s)

2019-01-03 13:46:35 - [MESSAGE][PASSED] - Delayed 2 second(s)

2019-01-03 13:46:35 - [TEST_STEP][PASSED] - sendKeys: Keys 'C:\Users\Public\Pictures\Sample Pictures\Koala.jpg' sent to object: 'Object Repository/Final Object Repo/Page_Form 1A - Cessation As Employer/Uploading File'

2019-01-03 13:46:35 - [MESSAGE][PASSED] - Keys 'C:\Users\Public\Pictures\Sample Pictures\Koala.jpg' sent to object: 'Object Repository/Final Object Repo/Page_Form 1A - Cessation As Employer/Uploading File'

2019-01-03 13:46:35 - [TEST_STEP][PASSED] - delay: Delayed 2 second(s)

2019-01-03 13:46:37 - [MESSAGE][PASSED] - Delayed 2 second(s)

2019-01-03 13:46:37 - [TEST_STEP][PASSED] - click: Object: 'Object Repository/Final Object Repo/Page_Form 1A - Cessation As Employer/Add Document in Uploading Page' is clicked on

2019-01-03 13:46:37 - [MESSAGE][PASSED] - Object: 'Object Repository/Final Object Repo/Page_Form 1A - Cessation As Employer/Add Document in Uploading Page' is clicked on

2019-01-03 13:46:37 - [TEST_STEP][PASSED] - delay: Delayed 15 second(s)

2019-01-03 13:46:52 - [MESSAGE][PASSED] - Delayed 15 second(s)

2019-01-03 13:46:52 - [TEST_STEP][PASSED] - click: Object: 'Object Repository/Final Object Repo/Page_Form 1A - Cessation As Employer/Save  Continue in Uploading Page' is clicked on

2019-01-03 13:46:52 - [MESSAGE][PASSED] - Object: 'Object Repository/Final Object Repo/Page_Form 1A - Cessation As Employer/Save  Continue in Uploading Page' is clicked on

2019-01-03 13:46:52 - [TEST_STEP][PASSED] - delay: Delayed 2 second(s)

2019-01-03 13:46:54 - [MESSAGE][PASSED] - Delayed 2 second(s)

2019-01-03 13:46:54 - [TEST_STEP][PASSED] - click: Object: 'Object Repository/Final Object Repo/Page_Form 1A - Cessation As Employer/Submit2' is clicked on

2019-01-03 13:46:57 - [MESSAGE][PASSED] - Object: 'Object Repository/Final Object Repo/Page_Form 1A - Cessation As Employer/Submit2' is clicked on

2019-01-03 13:46:57 - [TEST_STEP][PASSED] - delay: Delayed 2 second(s)

2019-01-03 13:46:59 - [MESSAGE][PASSED] - Delayed 2 second(s)

2019-01-03 13:46:59 - [TEST_STEP][PASSED] - click: Object: 'Object Repository/Final Object Repo/Page_Form 1A - Cessation As Employer/Confirm' is clicked on

2019-01-03 13:47:00 - [MESSAGE][PASSED] - Object: 'Object Repository/Final Object Repo/Page_Form 1A - Cessation As Employer/Confirm' is clicked on

2019-01-03 13:47:00 - [TEST_STEP][PASSED] - delay: Delayed 2 second(s)

2019-01-03 13:47:02 - [MESSAGE][PASSED] - Delayed 2 second(s)

2019-01-03 13:47:02 - [TEST_STEP][PASSED] - verifyElementVisible: Object 'Object Repository/Final Object Repo/Page_Form 1A - Cessation As Employer/Message Your Request will be routed to UO' is visible

2019-01-03 13:47:05 - [MESSAGE][PASSED] - Object 'Object Repository/Final Object Repo/Page_Form 1A - Cessation As Employer/Message Your Request will be routed to UO' is visible

2019-01-03 13:47:05 - [TEST_STEP][PASSED] - delay: Delayed 1 second(s)

2019-01-03 13:47:06 - [MESSAGE][PASSED] - Delayed 1 second(s)

2019-01-03 13:47:06 - [TEST_STEP][PASSED] - verifyElementVisible: Object 'Object Repository/Final Object Repo/Page_Form 1A - Cessation As Employer/Letter of acknowledgement' is visible

2019-01-03 13:47:06 - [MESSAGE][PASSED] - Object 'Object Repository/Final Object Repo/Page_Form 1A - Cessation As Employer/Letter of acknowledgement' is visible

2019-01-03 13:47:06 - [MESSAGE][PASSED] - Call Test Case 'Test Cases/Final Aug 2018 - PKS Automation/Registration Module/Workflow/Form 1A - Cessation As Employer/Template/Form 1 A - Cessation As Employer (PKRBO)' successfully

2019-01-03 13:47:06 - [TEST_STEP][PASSED] - callTestCase: Call Test Case 'Test Cases/Final Aug 2018 - PKS Automation/Registration Module/Workflow/Form 1A - Cessation As Employer/Template/Form 1 A - Cessation As Employer (Approve)' successfully

2019-01-03 13:47:06 - [TEST_CASE][PASSED] - Test Cases/Final Aug 2018 - PKS Automation/Registration Module/Workflow/Form 1A - Cessation As Employer/Template/Form 1 A - Cessation As Employer (Approve): Test Cases/Final Aug 2018 - PKS Automation/Registration Module/Workflow/Form 1A - Cessation As Employer/Template/Form 1 A - Cessation As Employer (Approve)

2019-01-03 13:47:06 - [TEST_STEP][NOT_RUN] - callTestCase: NOT_RUN: callTestCase

2019-01-03 13:47:06 - [MESSAGE][NOT_RUN] - NOT_RUN: callTestCase

2019-01-03 13:47:06 - [TEST_STEP][PASSED] - delay: Delayed 1 second(s)

2019-01-03 13:47:07 - [MESSAGE][PASSED] - Delayed 1 second(s)

2019-01-03 13:47:07 - [TEST_STEP][PASSED] - navigateToUrl: Navigate to 'https://assist2-uat.perkeso.gov.my/c/portal/logout' successfully

2019-01-03 13:47:08 - [MESSAGE][PASSED] - Navigate to 'https://assist2-uat.perkeso.gov.my/c/portal/logout' successfully

2019-01-03 13:47:08 - [TEST_STEP][PASSED] - delay: Delayed 1 second(s)

2019-01-03 13:47:09 - [MESSAGE][PASSED] - Delayed 1 second(s)

2019-01-03 13:47:09 - [TEST_STEP][PASSED] - callTestCase: Call Test Case 'Test Cases/Final Aug 2018 - PKS Automation/Common/Reference Number Getter' successfully

2019-01-03 13:47:09 - [TEST_CASE][PASSED] - Test Cases/Final Aug 2018 - PKS Automation/Common/Reference Number Getter: Test Cases/Final Aug 2018 - PKS Automation/Common/Reference Number Getter

2019-01-03 13:47:09 - [TEST_STEP][PASSED] - Statement - Try: null

2019-01-03 13:47:09 - [TEST_STEP][PASSED] - Statement - RefNo = new java.io.File(C://Users//Admin//Desktop//PKS//Automation Reference Point//KatalonReference.txt): null

2019-01-03 13:47:09 - [TEST_STEP][PASSED] - Statement - bufferread = new java.io.BufferedReader(new java.io.FileReader(RefNo)): null

2019-01-03 13:47:09 - [TEST_STEP][PASSED] - Statement - readedVal = bufferread.readLine(): null

2019-01-03 13:47:09 - [TEST_STEP][PASSED] - Statement - out.println(CaseReferenceNo): null

2019-01-03 13:47:09 - [TEST_STEP][PASSED] - Statement - out.println(readedVal): null

2019-01-03 13:47:09 - [TEST_STEP][PASSED] - Statement - CaseReferenceNo = "": null

2019-01-03 13:47:09 - [TEST_STEP][PASSED] - Statement - CaseReferenceNo = readedVal: null

2019-01-03 13:47:09 - [MESSAGE][PASSED] - Call Test Case 'Test Cases/Final Aug 2018 - PKS Automation/Common/Reference Number Getter' successfully

2019-01-03 13:47:09 - [TEST_STEP][PASSED] - callTestCase: Call Test Case 'Test Cases/Final Aug 2018 - PKS Automation/Common/Workflow Owner Finder' successfully

2019-01-03 13:47:09 - [TEST_CASE][PASSED] - Test Cases/Final Aug 2018 - PKS Automation/Common/Workflow Owner Finder: Test Cases/Final Aug 2018 - PKS Automation/Common/Workflow Owner Finder

2019-01-03 13:47:09 - [TEST_STEP][PASSED] - openBrowser: Browser is opened with url: ''

2019-01-03 13:47:09 - [MESSAGE][WARNING] - A browser is already opened. Closing browser and opening a new one

2019-01-03 13:47:13 - [MESSAGE][PASSED] - Browser is opened with url: ''

2019-01-03 13:47:13 - [TEST_STEP][PASSED] - navigateToUrl: Navigate to 'https://assist2-uat.perkeso.gov.my/login' successfully

2019-01-03 13:47:14 - [MESSAGE][PASSED] - Navigate to 'https://assist2-uat.perkeso.gov.my/login' successfully

2019-01-03 13:47:14 - [TEST_STEP][PASSED] - delay: Delayed 5 second(s)

2019-01-03 13:47:19 - [MESSAGE][PASSED] - Delayed 5 second(s)

2019-01-03 13:47:19 - [TEST_STEP][PASSED] - setText: Text 'test@liferay.com' is set on object 'Object Repository/Final Object Repo/Login Page/Internal User/Email Address'

2019-01-03 13:47:19 - [MESSAGE][PASSED] - Text 'test@liferay.com' is set on object 'Object Repository/Final Object Repo/Login Page/Internal User/Email Address'

2019-01-03 13:47:19 - [TEST_STEP][PASSED] - click: Object: 'Object Repository/Final Object Repo/Login Page/Internal User/Next Button' is clicked on

2019-01-03 13:47:20 - [MESSAGE][PASSED] - Object: 'Object Repository/Final Object Repo/Login Page/Internal User/Next Button' is clicked on

2019-01-03 13:47:20 - [TEST_STEP][PASSED] - delay: Delayed 2 second(s)

2019-01-03 13:47:22 - [MESSAGE][PASSED] - Delayed 2 second(s)

2019-01-03 13:47:22 - [TEST_STEP][PASSED] - setText: Text 'test' is set on object 'Object Repository/Final Object Repo/Login Page/Internal User/Password'

2019-01-03 13:47:22 - [MESSAGE][PASSED] - Text 'test' is set on object 'Object Repository/Final Object Repo/Login Page/Internal User/Password'

2019-01-03 13:47:22 - [TEST_STEP][PASSED] - delay: Delayed 2 second(s)

2019-01-03 13:47:24 - [MESSAGE][PASSED] - Delayed 2 second(s)

2019-01-03 13:47:24 - [TEST_STEP][PASSED] - click: Object: 'Object Repository/Final Object Repo/Login Page/Internal User/Login Button' is clicked on

2019-01-03 13:47:24 - [MESSAGE][PASSED] - Object: 'Object Repository/Final Object Repo/Login Page/Internal User/Login Button' is clicked on

2019-01-03 13:47:24 - [TEST_STEP][PASSED] - Statement - tester = com.kms.katalon.core.testobject.ObjectRepository.findTestObject(Final Object Repo/Landing Page/Select to English): Finding Test Object with id 'Object Repository/Final Object Repo/Landing Page/Select to English'

2019-01-03 13:47:24 - [TEST_STEP][PASSED] - Statement - Try: Delayed 2 second(s)

2019-01-03 13:47:24 - [TEST_STEP][PASSED] - Statement - Checker = com.kms.katalon.core.webui.keyword.WebUiBuiltInKeywords.verifyElementNotPresent(tester, 3): Web element with id: 'Object Repository/Final Object Repo/Landing Page/Select to English' located by 'By.xpath: //a[@class = 'taglib-language-list-text' and @lang = 'en-US' and (contains(text(), 'EN') or contains(., 'EN'))]' is not present after '3' second(s)

2019-01-03 13:47:26 - [MESSAGE][PASSED] - Web element with id: 'Object Repository/Final Object Repo/Landing Page/Select to English' located by 'By.xpath: //a[@class = 'taglib-language-list-text' and @lang = 'en-US' and (contains(text(), 'EN') or contains(., 'EN'))]' is not present after '3' second(s)

2019-01-03 13:47:26 - [TEST_STEP][PASSED] - Statement - If (Checker == false): null

2019-01-03 13:47:26 - [TEST_STEP][PASSED] - delay: Delayed 2 second(s)

2019-01-03 13:47:28 - [MESSAGE][PASSED] - Delayed 2 second(s)

2019-01-03 13:47:28 - [TEST_STEP][PASSED] - delay: Delayed 5 second(s)

2019-01-03 13:47:33 - [MESSAGE][PASSED] - Delayed 5 second(s)

2019-01-03 13:47:33 - [TEST_STEP][PASSED] - mouseOver: Object: 'Object Repository/Final Object Repo/Landing Page/WorkFlow Menu' is hovered

2019-01-03 13:47:33 - [MESSAGE][PASSED] - Object: 'Object Repository/Final Object Repo/Landing Page/WorkFlow Menu' is hovered

2019-01-03 13:47:33 - [TEST_STEP][PASSED] - delay: Delayed 2 second(s)

2019-01-03 13:47:35 - [MESSAGE][PASSED] - Delayed 2 second(s)

2019-01-03 13:47:35 - [TEST_STEP][PASSED] - click: Object: 'Object Repository/Final Object Repo/Landing Page/Select to Workflow Listing' is clicked on

2019-01-03 13:47:36 - [MESSAGE][PASSED] - Object: 'Object Repository/Final Object Repo/Landing Page/Select to Workflow Listing' is clicked on

2019-01-03 13:47:36 - [TEST_STEP][PASSED] - delay: Delayed 2 second(s)

2019-01-03 13:47:38 - [MESSAGE][PASSED] - Delayed 2 second(s)

2019-01-03 13:47:38 - [TEST_STEP][PASSED] - click: Object: 'Object Repository/Final Object Repo/WorkFlow Listing Page/Search Information - To Put Ref No' is clicked on

2019-01-03 13:47:38 - [MESSAGE][PASSED] - Object: 'Object Repository/Final Object Repo/WorkFlow Listing Page/Search Information - To Put Ref No' is clicked on

2019-01-03 13:47:38 - [TEST_STEP][PASSED] - delay: Delayed 2 second(s)

2019-01-03 13:47:40 - [MESSAGE][PASSED] - Delayed 2 second(s)

2019-01-03 13:47:40 - [TEST_STEP][PASSED] - callTestCase: Call Test Case 'Test Cases/Final Aug 2018 - PKS Automation/Common/Reference Number Getter' successfully

2019-01-03 13:47:40 - [TEST_CASE][PASSED] - Test Cases/Final Aug 2018 - PKS Automation/Common/Reference Number Getter: Test Cases/Final Aug 2018 - PKS Automation/Common/Reference Number Getter

2019-01-03 13:47:40 - [TEST_STEP][PASSED] - Statement - Try: null

2019-01-03 13:47:40 - [TEST_STEP][PASSED] - Statement - RefNo = new java.io.File(C://Users//Admin//Desktop//PKS//Automation Reference Point//KatalonReference.txt): null

2019-01-03 13:47:40 - [TEST_STEP][PASSED] - Statement - bufferread = new java.io.BufferedReader(new java.io.FileReader(RefNo)): null

2019-01-03 13:47:40 - [TEST_STEP][PASSED] - Statement - readedVal = bufferread.readLine(): null

2019-01-03 13:47:40 - [TEST_STEP][PASSED] - Statement - out.println(CaseReferenceNo): null

2019-01-03 13:47:40 - [TEST_STEP][PASSED] - Statement - out.println(readedVal): null

2019-01-03 13:47:40 - [TEST_STEP][PASSED] - Statement - CaseReferenceNo = "": null

2019-01-03 13:47:40 - [TEST_STEP][PASSED] - Statement - CaseReferenceNo = readedVal: null

2019-01-03 13:47:40 - [MESSAGE][PASSED] - Call Test Case 'Test Cases/Final Aug 2018 - PKS Automation/Common/Reference Number Getter' successfully

2019-01-03 13:47:40 - [TEST_STEP][PASSED] - setText: Text 'CUN012019C200001802' is set on object 'Object Repository/Final Object Repo/WorkFlow Listing Page/Ref No Set Text'

2019-01-03 13:47:41 - [MESSAGE][PASSED] - Text 'CUN012019C200001802' is set on object 'Object Repository/Final Object Repo/WorkFlow Listing Page/Ref No Set Text'

2019-01-03 13:47:41 - [TEST_STEP][PASSED] - delay: Delayed 2 second(s)

2019-01-03 13:47:43 - [MESSAGE][PASSED] - Delayed 2 second(s)

2019-01-03 13:47:43 - [TEST_STEP][PASSED] - click: Object: 'Object Repository/Final Object Repo/WorkFlow Listing Page/Search Ref No Search Button' is clicked on

2019-01-03 13:47:43 - [MESSAGE][PASSED] - Object: 'Object Repository/Final Object Repo/WorkFlow Listing Page/Search Ref No Search Button' is clicked on

2019-01-03 13:47:43 - [TEST_STEP][PASSED] - delay: Delayed 6 second(s)

2019-01-03 13:47:49 - [MESSAGE][PASSED] - Delayed 6 second(s)

2019-01-03 13:47:49 - [TEST_STEP][PASSED] - click: Object: 'Object Repository/Final Object Repo/WorkFlow Listing Page/Click Continue Tooltip' is clicked on

2019-01-03 13:47:50 - [MESSAGE][PASSED] - Object: 'Object Repository/Final Object Repo/WorkFlow Listing Page/Click Continue Tooltip' is clicked on

2019-01-03 13:47:50 - [TEST_STEP][PASSED] - delay: Delayed 5 second(s)

2019-01-03 13:47:55 - [MESSAGE][PASSED] - Delayed 5 second(s)

2019-01-03 13:47:55 - [TEST_STEP][PASSED] - doubleClick: Object: 'Object Repository/Final Object Repo/WorkFlow Listing Page/Workflow Found - Listing 1' is double clicked on

2019-01-03 13:47:55 - [MESSAGE][PASSED] - Object: 'Object Repository/Final Object Repo/WorkFlow Listing Page/Workflow Found - Listing 1' is double clicked on

2019-01-03 13:47:55 - [TEST_STEP][PASSED] - Statement - println(OwnerID): null

2019-01-03 13:47:55 - [TEST_STEP][PASSED] - Statement - OwnerID = com.kms.katalon.core.webui.keyword.WebUiBuiltInKeywords.getText(com.kms.katalon.core.testobject.ObjectRepository.findTestObject(Final Object Repo/WorkFlow Listing Page/Workflow Found - Listing 1), STOP_ON_FAILURE): Text of object 'Object Repository/Final Object Repo/WorkFlow Listing Page/Workflow Found - Listing 1' is: 'JOHORuo2'

2019-01-03 13:47:55 - [MESSAGE][PASSED] - Text of object 'Object Repository/Final Object Repo/WorkFlow Listing Page/Workflow Found - Listing 1' is: 'JOHORuo2'

2019-01-03 13:47:55 - [TEST_STEP][PASSED] - Statement - OwnerID = OwnerID.toLowerCase() + "@gmail.com": null

2019-01-03 13:47:55 - [TEST_STEP][PASSED] - Statement - println(OwnerID): null

2019-01-03 13:47:55 - [TEST_STEP][PASSED] - delay: Delayed 2 second(s)

2019-01-03 13:47:57 - [MESSAGE][PASSED] - Delayed 2 second(s)

2019-01-03 13:47:57 - [MESSAGE][PASSED] - Call Test Case 'Test Cases/Final Aug 2018 - PKS Automation/Common/Workflow Owner Finder' successfully

2019-01-03 13:47:57 - [TEST_STEP][PASSED] - delay: Delayed 1 second(s)

2019-01-03 13:47:58 - [MESSAGE][PASSED] - Delayed 1 second(s)

2019-01-03 13:47:58 - [TEST_STEP][PASSED] - navigateToUrl: Navigate to 'https://assist2-uat.perkeso.gov.my/c/portal/logout' successfully

2019-01-03 13:47:59 - [MESSAGE][PASSED] - Navigate to 'https://assist2-uat.perkeso.gov.my/c/portal/logout' successfully

2019-01-03 13:47:59 - [TEST_STEP][PASSED] - delay: Delayed 1 second(s)

2019-01-03 13:48:00 - [MESSAGE][PASSED] - Delayed 1 second(s)

2019-01-03 13:48:00 - [TEST_STEP][PASSED] - callTestCase: Call Test Case 'Test Cases/Final Aug 2018 - PKS Automation/Registration Module/Workflow/Login and Search Case For Workflow' successfully

2019-01-03 13:48:00 - [TEST_CASE][PASSED] - Test Cases/Final Aug 2018 - PKS Automation/Registration Module/Workflow/Login and Search Case For Workflow: Test Cases/Final Aug 2018 - PKS Automation/Registration Module/Workflow/Login and Search Case For Workflow

2019-01-03 13:48:00 - [TEST_STEP][PASSED] - navigateToUrl: Navigate to 'https://assist2-uat.perkeso.gov.my/login' successfully

2019-01-03 13:48:01 - [MESSAGE][PASSED] - Navigate to 'https://assist2-uat.perkeso.gov.my/login' successfully

2019-01-03 13:48:01 - [TEST_STEP][PASSED] - setText: Text 'johoruo2@gmail.com' is set on object 'Object Repository/Final Object Repo/Login Page/Internal User/Email Address'

2019-01-03 13:48:01 - [MESSAGE][PASSED] - Text 'johoruo2@gmail.com' is set on object 'Object Repository/Final Object Repo/Login Page/Internal User/Email Address'

2019-01-03 13:48:01 - [TEST_STEP][PASSED] - click: Object: 'Object Repository/Final Object Repo/Login Page/Internal User/Next Button' is clicked on

2019-01-03 13:48:01 - [MESSAGE][PASSED] - Object: 'Object Repository/Final Object Repo/Login Page/Internal User/Next Button' is clicked on

2019-01-03 13:48:01 - [TEST_STEP][PASSED] - delay: Delayed 1 second(s)

2019-01-03 13:48:02 - [MESSAGE][PASSED] - Delayed 1 second(s)

2019-01-03 13:48:02 - [TEST_STEP][PASSED] - setEncryptedText: Text ****** has been set on object 'Object Repository/Final Object Repo/Login Page/Internal User/Password'

2019-01-03 13:48:02 - [MESSAGE][PASSED] - Text ****** has been set on object 'Object Repository/Final Object Repo/Login Page/Internal User/Password'

2019-01-03 13:48:02 - [TEST_STEP][PASSED] - click: Object: 'Object Repository/Final Object Repo/Login Page/Internal User/Login Button' is clicked on

2019-01-03 13:48:02 - [MESSAGE][PASSED] - Object: 'Object Repository/Final Object Repo/Login Page/Internal User/Login Button' is clicked on

2019-01-03 13:48:02 - [TEST_STEP][PASSED] - delay: Delayed 2 second(s)

2019-01-03 13:48:04 - [MESSAGE][PASSED] - Delayed 2 second(s)

2019-01-03 13:48:04 - [TEST_STEP][PASSED] - Statement - Try: Delayed 2 second(s)

2019-01-03 13:48:04 - [TEST_STEP][PASSED] - Statement - Checker = false: null

2019-01-03 13:48:04 - [TEST_STEP][PASSED] - Statement - Checker = com.kms.katalon.core.webui.keyword.WebUiBuiltInKeywords.verifyElementHasAttribute(com.kms.katalon.core.testobject.ObjectRepository.findTestObject(Final Object Repo/Landing Page/BM Detecting), "href", 20, OPTIONAL): Object 'Object Repository/Final Object Repo/Landing Page/BM Detecting' has attribute 'href'

2019-01-03 13:48:05 - [MESSAGE][PASSED] - Object 'Object Repository/Final Object Repo/Landing Page/BM Detecting' has attribute 'href'

2019-01-03 13:48:05 - [TEST_STEP][PASSED] - Statement - out.println(Checker): null

2019-01-03 13:48:05 - [TEST_STEP][PASSED] - Statement - If (Checker == false): null

2019-01-03 13:48:05 - [TEST_STEP][PASSED] - Statement - Else: null

2019-01-03 13:48:05 - [TEST_STEP][PASSED] - delay: Delayed 2 second(s)

2019-01-03 13:48:07 - [MESSAGE][PASSED] - Delayed 2 second(s)

2019-01-03 13:48:07 - [TEST_STEP][PASSED] - click: Object: 'Object Repository/Final Object Repo/Page_MyASSIST - ASSIST - Search Pending Case For Add Supporting Document/Search Information' is clicked on

2019-01-03 13:48:07 - [MESSAGE][PASSED] - Object: 'Object Repository/Final Object Repo/Page_MyASSIST - ASSIST - Search Pending Case For Add Supporting Document/Search Information' is clicked on

2019-01-03 13:48:07 - [TEST_STEP][PASSED] - delay: Delayed 3 second(s)

2019-01-03 13:48:10 - [MESSAGE][PASSED] - Delayed 3 second(s)

2019-01-03 13:48:10 - [TEST_STEP][PASSED] - sendKeys: Keys 'CUN012019C200001802' sent to object: 'Object Repository/Final Object Repo/Page_MyASSIST - ASSIST - Search Pending Case For Add Supporting Document/Reference No'

2019-01-03 13:48:10 - [MESSAGE][PASSED] - Keys 'CUN012019C200001802' sent to object: 'Object Repository/Final Object Repo/Page_MyASSIST - ASSIST - Search Pending Case For Add Supporting Document/Reference No'

2019-01-03 13:48:10 - [TEST_STEP][PASSED] - click: Object: 'Object Repository/Final Object Repo/Page_MyASSIST - ASSIST - Search Pending Case For Add Supporting Document/Search Reference No' is clicked on

2019-01-03 13:48:10 - [MESSAGE][PASSED] - Object: 'Object Repository/Final Object Repo/Page_MyASSIST - ASSIST - Search Pending Case For Add Supporting Document/Search Reference No' is clicked on

2019-01-03 13:48:10 - [TEST_STEP][PASSED] - delay: Delayed 2 second(s)

2019-01-03 13:48:12 - [MESSAGE][PASSED] - Delayed 2 second(s)

2019-01-03 13:48:12 - [TEST_STEP][PASSED] - click: Object: 'Object Repository/Final Object Repo/Page_MyASSIST - ASSIST - Search Pending Case For Add Supporting Document/Continue' is clicked on

2019-01-03 13:48:16 - [MESSAGE][PASSED] - Object: 'Object Repository/Final Object Repo/Page_MyASSIST - ASSIST - Search Pending Case For Add Supporting Document/Continue' is clicked on

2019-01-03 13:48:16 - [TEST_STEP][PASSED] - delay: Delayed 20 second(s)

2019-01-03 13:48:36 - [MESSAGE][PASSED] - Delayed 20 second(s)

2019-01-03 13:48:36 - [MESSAGE][PASSED] - Call Test Case 'Test Cases/Final Aug 2018 - PKS Automation/Registration Module/Workflow/Login and Search Case For Workflow' successfully

2019-01-03 13:48:36 - [TEST_STEP][PASSED] - click: Object: 'Object Repository/Final Object Repo/Page_Form 1A - Cessation As Employer/Page_Form 1A - Cessation As Employer (Approve)/Save  Continue in Form 1A Page' is clicked on

2019-01-03 13:48:36 - [MESSAGE][PASSED] - Object: 'Object Repository/Final Object Repo/Page_Form 1A - Cessation As Employer/Page_Form 1A - Cessation As Employer (Approve)/Save  Continue in Form 1A Page' is clicked on

2019-01-03 13:48:36 - [TEST_STEP][PASSED] - delay: Delayed 2 second(s)

2019-01-03 13:48:38 - [MESSAGE][PASSED] - Delayed 2 second(s)

2019-01-03 13:48:38 - [TEST_STEP][PASSED] - click: Object: 'Object Repository/Final Object Repo/Page_Form 1A - Cessation As Employer/Employment Resign Date' is clicked on

2019-01-03 13:48:38 - [MESSAGE][PASSED] - Object: 'Object Repository/Final Object Repo/Page_Form 1A - Cessation As Employer/Employment Resign Date' is clicked on

2019-01-03 13:48:38 - [TEST_STEP][PASSED] - delay: Delayed 1 second(s)

2019-01-03 13:48:39 - [MESSAGE][PASSED] - Delayed 1 second(s)

2019-01-03 13:48:39 - [TEST_STEP][PASSED] - selectOptionByValue: All options with value '2030' are selected in object 'Object Repository/Final Object Repo/Page_Form 1A - Cessation As Employer/Employment Resign Date - Year' 

2019-01-03 13:48:39 - [MESSAGE][PASSED] - All options with value '2030' are selected in object 'Object Repository/Final Object Repo/Page_Form 1A - Cessation As Employer/Employment Resign Date - Year' 

2019-01-03 13:48:39 - [TEST_STEP][PASSED] - delay: Delayed 1 second(s)

2019-01-03 13:48:40 - [MESSAGE][PASSED] - Delayed 1 second(s)

2019-01-03 13:48:40 - [TEST_STEP][PASSED] - click: Object: 'Object Repository/Final Object Repo/Page_Form 1A - Cessation As Employer/Employment Resign Date - Year - Date' is clicked on

2019-01-03 13:48:40 - [MESSAGE][PASSED] - Object: 'Object Repository/Final Object Repo/Page_Form 1A - Cessation As Employer/Employment Resign Date - Year - Date' is clicked on

2019-01-03 13:48:40 - [TEST_STEP][PASSED] - delay: Delayed 2 second(s)

2019-01-03 13:48:42 - [MESSAGE][PASSED] - Delayed 2 second(s)

2019-01-03 13:48:42 - [TEST_STEP][PASSED] - click: Object: 'Object Repository/Final Object Repo/Page_Form 1A - Cessation As Employer/Page_Form 1A - Cessation As Employer (Approve)/Save  Continue in Update Add Employee Resigned Date Page' is clicked on

2019-01-03 13:48:43 - [MESSAGE][PASSED] - Object: 'Object Repository/Final Object Repo/Page_Form 1A - Cessation As Employer/Page_Form 1A - Cessation As Employer (Approve)/Save  Continue in Update Add Employee Resigned Date Page' is clicked on

2019-01-03 13:48:43 - [TEST_STEP][PASSED] - delay: Delayed 2 second(s)

2019-01-03 13:48:45 - [MESSAGE][PASSED] - Delayed 2 second(s)

2019-01-03 13:48:45 - [TEST_STEP][PASSED] - click: Object: 'Object Repository/Final Object Repo/Page_Form 1A - Cessation As Employer/Set Latest - Yes' is clicked on

2019-01-03 13:48:45 - [MESSAGE][PASSED] - Object: 'Object Repository/Final Object Repo/Page_Form 1A - Cessation As Employer/Set Latest - Yes' is clicked on

2019-01-03 13:48:45 - [TEST_STEP][PASSED] - delay: Delayed 2 second(s)

2019-01-03 13:48:47 - [MESSAGE][PASSED] - Delayed 2 second(s)

2019-01-03 13:48:47 - [TEST_STEP][PASSED] - click: Object: 'Object Repository/Final Object Repo/Page_Form 1A - Cessation As Employer/Page_Form 1A - Cessation As Employer (Approve)/Save  Contine in Uploading Document Page' is clicked on

2019-01-03 13:48:48 - [MESSAGE][PASSED] - Object: 'Object Repository/Final Object Repo/Page_Form 1A - Cessation As Employer/Page_Form 1A - Cessation As Employer (Approve)/Save  Contine in Uploading Document Page' is clicked on

2019-01-03 13:48:48 - [TEST_STEP][PASSED] - delay: Delayed 2 second(s)

2019-01-03 13:48:50 - [MESSAGE][PASSED] - Delayed 2 second(s)

2019-01-03 13:48:50 - [TEST_STEP][PASSED] - click: Object: 'Object Repository/Final Object Repo/Page_Form 1A - Cessation As Employer/Page_Form 1A - Cessation As Employer (Approve)/Approve' is clicked on

2019-01-03 13:48:53 - [MESSAGE][PASSED] - Object: 'Object Repository/Final Object Repo/Page_Form 1A - Cessation As Employer/Page_Form 1A - Cessation As Employer (Approve)/Approve' is clicked on

2019-01-03 13:48:53 - [TEST_STEP][PASSED] - delay: Delayed 2 second(s)

2019-01-03 13:48:55 - [MESSAGE][PASSED] - Delayed 2 second(s)

2019-01-03 13:48:55 - [TEST_STEP][PASSED] - click: Object: 'Object Repository/Final Object Repo/Page_Form 1A - Cessation As Employer/Confirm' is clicked on

2019-01-03 13:48:55 - [MESSAGE][PASSED] - Object: 'Object Repository/Final Object Repo/Page_Form 1A - Cessation As Employer/Confirm' is clicked on

2019-01-03 13:48:55 - [TEST_STEP][PASSED] - delay: Delayed 2 second(s)

2019-01-03 13:48:57 - [MESSAGE][PASSED] - Delayed 2 second(s)

2019-01-03 13:48:57 - [TEST_STEP][PASSED] - click: Object: 'Object Repository/Final Object Repo/Page_Form 1A - Cessation As Employer/Page_Form 1A - Cessation As Employer (Approve)/Message Your Request    Form 1A ' is clicked on

2019-01-03 13:49:05 - [MESSAGE][PASSED] - Object: 'Object Repository/Final Object Repo/Page_Form 1A - Cessation As Employer/Page_Form 1A - Cessation As Employer (Approve)/Message Your Request    Form 1A ' is clicked on

2019-01-03 13:49:05 - [TEST_STEP][PASSED] - delay: Delayed 2 second(s)

2019-01-03 13:49:07 - [MESSAGE][PASSED] - Delayed 2 second(s)

2019-01-03 13:49:07 - [TEST_STEP][PASSED] - click: Object: 'Object Repository/Final Object Repo/Page_Form 1A - Cessation As Employer/Page_Form 1A - Cessation As Employer (Approve)/Letter of successful update' is clicked on

2019-01-03 13:49:08 - [MESSAGE][PASSED] - Object: 'Object Repository/Final Object Repo/Page_Form 1A - Cessation As Employer/Page_Form 1A - Cessation As Employer (Approve)/Letter of successful update' is clicked on

2019-01-03 13:49:08 - [MESSAGE][PASSED] - Call Test Case 'Test Cases/Final Aug 2018 - PKS Automation/Registration Module/Workflow/Form 1A - Cessation As Employer/Template/Form 1 A - Cessation As Employer (Approve)' successfully]]></system-out>
         <system-err><![CDATA[]]></system-err>
      </testcase>
      <testcase name="Test Cases/Final Aug 2018 - PKS Automation/Registration Module/Workflow/Form 1A - Cessation As Employer/PKRBO to UO (Under enforcement)" classname="Test Cases/Final Aug 2018 - PKS Automation/Registration Module/Workflow/Form 1A - Cessation As Employer/PKRBO to UO (Under enforcement)" status="PASSED">
         <system-out><![CDATA[2019-01-03 13:49:08 - [TEST_CASE][PASSED] - Test Cases/Final Aug 2018 - PKS Automation/Registration Module/Workflow/Form 1A - Cessation As Employer/PKRBO to UO (Under enforcement): Test Cases/Final Aug 2018 - PKS Automation/Registration Module/Workflow/Form 1A - Cessation As Employer/PKRBO to UO (Under enforcement)

2019-01-03 13:49:08 - [TEST_STEP][PASSED] - callTestCase: Call Test Case 'Test Cases/Final Aug 2018 - PKS Automation/Registration Module/Workflow/Form 1A - Cessation As Employer/Template/Form 1 A - Cessation As Employer (PKRBO)' successfully

2019-01-03 13:49:08 - [TEST_CASE][PASSED] - Test Cases/Final Aug 2018 - PKS Automation/Registration Module/Workflow/Form 1A - Cessation As Employer/Template/Form 1 A - Cessation As Employer (PKRBO): Test Cases/Final Aug 2018 - PKS Automation/Registration Module/Workflow/Form 1A - Cessation As Employer/Template/Form 1 A - Cessation As Employer (PKRBO)

2019-01-03 13:49:08 - [TEST_STEP][PASSED] - openBrowser: Browser is opened with url: ''

2019-01-03 13:49:08 - [MESSAGE][WARNING] - A browser is already opened. Closing browser and opening a new one

2019-01-03 13:49:12 - [MESSAGE][PASSED] - Browser is opened with url: ''

2019-01-03 13:49:12 - [TEST_STEP][PASSED] - navigateToUrl: Navigate to 'https://assist2-uat.perkeso.gov.my/login' successfully

2019-01-03 13:49:13 - [MESSAGE][PASSED] - Navigate to 'https://assist2-uat.perkeso.gov.my/login' successfully

2019-01-03 13:49:13 - [TEST_STEP][PASSED] - setText: Text 'johorpkrbo1@gmail.com' is set on object 'Object Repository/Final Object Repo/Login Page/Internal User/Email Address'

2019-01-03 13:49:13 - [MESSAGE][PASSED] - Text 'johorpkrbo1@gmail.com' is set on object 'Object Repository/Final Object Repo/Login Page/Internal User/Email Address'

2019-01-03 13:49:13 - [TEST_STEP][PASSED] - click: Object: 'Object Repository/Final Object Repo/Login Page/Internal User/Next Button' is clicked on

2019-01-03 13:49:14 - [MESSAGE][PASSED] - Object: 'Object Repository/Final Object Repo/Login Page/Internal User/Next Button' is clicked on

2019-01-03 13:49:14 - [TEST_STEP][PASSED] - delay: Delayed 1 second(s)

2019-01-03 13:49:15 - [MESSAGE][PASSED] - Delayed 1 second(s)

2019-01-03 13:49:15 - [TEST_STEP][PASSED] - setEncryptedText: Text ****** has been set on object 'Object Repository/Final Object Repo/Login Page/Internal User/Password'

2019-01-03 13:49:15 - [MESSAGE][PASSED] - Text ****** has been set on object 'Object Repository/Final Object Repo/Login Page/Internal User/Password'

2019-01-03 13:49:15 - [TEST_STEP][PASSED] - click: Object: 'Object Repository/Final Object Repo/Login Page/Internal User/Login Button' is clicked on

2019-01-03 13:49:15 - [MESSAGE][PASSED] - Object: 'Object Repository/Final Object Repo/Login Page/Internal User/Login Button' is clicked on

2019-01-03 13:49:15 - [TEST_STEP][PASSED] - delay: Delayed 1 second(s)

2019-01-03 13:49:16 - [MESSAGE][PASSED] - Delayed 1 second(s)

2019-01-03 13:49:16 - [TEST_STEP][PASSED] - Statement - Try: Delayed 2 second(s)

2019-01-03 13:49:16 - [TEST_STEP][PASSED] - Statement - Checker = false: null

2019-01-03 13:49:16 - [TEST_STEP][PASSED] - Statement - Checker = com.kms.katalon.core.webui.keyword.WebUiBuiltInKeywords.verifyElementHasAttribute(com.kms.katalon.core.testobject.ObjectRepository.findTestObject(Final Object Repo/Landing Page/BM Detecting), "href", 20, OPTIONAL): Object 'Object Repository/Final Object Repo/Landing Page/BM Detecting' has attribute 'href'

2019-01-03 13:49:17 - [MESSAGE][PASSED] - Object 'Object Repository/Final Object Repo/Landing Page/BM Detecting' has attribute 'href'

2019-01-03 13:49:17 - [TEST_STEP][PASSED] - Statement - out.println(Checker): null

2019-01-03 13:49:17 - [TEST_STEP][PASSED] - Statement - If (Checker == false): null

2019-01-03 13:49:17 - [TEST_STEP][PASSED] - Statement - Else: null

2019-01-03 13:49:17 - [TEST_STEP][PASSED] - delay: Delayed 2 second(s)

2019-01-03 13:49:19 - [MESSAGE][PASSED] - Delayed 2 second(s)

2019-01-03 13:49:19 - [TEST_STEP][PASSED] - navigateToUrl: Navigate to 'https://assist2-uat.perkeso.gov.my/web/registration/update/form-1a-cessation-as-employer-discontinue-business-' successfully

2019-01-03 13:49:20 - [MESSAGE][PASSED] - Navigate to 'https://assist2-uat.perkeso.gov.my/web/registration/update/form-1a-cessation-as-employer-discontinue-business-' successfully

2019-01-03 13:49:20 - [TEST_STEP][PASSED] - setText: Text 'E1102069770Z' is set on object 'Object Repository/Final Object Repo/Page_Update Employer Information/Employer Code'

2019-01-03 13:49:20 - [MESSAGE][PASSED] - Text 'E1102069770Z' is set on object 'Object Repository/Final Object Repo/Page_Update Employer Information/Employer Code'

2019-01-03 13:49:20 - [TEST_STEP][PASSED] - click: Object: 'Object Repository/Final Object Repo/Page_Update Employer Information/Search Button' is clicked on

2019-01-03 13:49:21 - [MESSAGE][PASSED] - Object: 'Object Repository/Final Object Repo/Page_Update Employer Information/Search Button' is clicked on

2019-01-03 13:49:21 - [TEST_STEP][PASSED] - click: Object: 'Object Repository/Final Object Repo/Page_Update Employer Information/Edit Button' is clicked on

2019-01-03 13:49:23 - [MESSAGE][PASSED] - Object: 'Object Repository/Final Object Repo/Page_Update Employer Information/Edit Button' is clicked on

2019-01-03 13:49:23 - [TEST_STEP][PASSED] - Statement - abc = com.kms.katalon.core.webui.keyword.WebUiBuiltInKeywords.getAttribute(com.kms.katalon.core.testobject.ObjectRepository.findTestObject(Final Object Repo/Page_Form 1A - Cessation As Employer/Employer Status), "value"): Attribute 'value' of object 'Object Repository/Final Object Repo/Page_Form 1A - Cessation As Employer/Employer Status' is: 'Dormant'

2019-01-03 13:49:23 - [MESSAGE][PASSED] - Attribute 'value' of object 'Object Repository/Final Object Repo/Page_Form 1A - Cessation As Employer/Employer Status' is: 'Dormant'

2019-01-03 13:49:23 - [TEST_STEP][PASSED] - Statement - out.println(abc): null

2019-01-03 13:49:23 - [TEST_STEP][PASSED] - Statement - If (abc == "Active"): null

2019-01-03 13:49:23 - [TEST_STEP][PASSED] - Statement - Else If (abc == "Cancel"): null

2019-01-03 13:49:23 - [TEST_STEP][PASSED] - Statement - Else If (abc == "Dormant"): Object: 'Object Repository/Final Object Repo/Page_Form 1A - Cessation As Employer/Change Employer Status to - Dormant' is clicked on

2019-01-03 13:49:23 - [TEST_STEP][PASSED] - click: Object: 'Object Repository/Final Object Repo/Page_Form 1A - Cessation As Employer/Change Employer Status to' is clicked on

2019-01-03 13:49:23 - [MESSAGE][PASSED] - Object: 'Object Repository/Final Object Repo/Page_Form 1A - Cessation As Employer/Change Employer Status to' is clicked on

2019-01-03 13:49:23 - [TEST_STEP][PASSED] - click: Object: 'Object Repository/Final Object Repo/Page_Form 1A - Cessation As Employer/Change Employer Status to - Dormant' is clicked on

2019-01-03 13:49:24 - [MESSAGE][PASSED] - Object: 'Object Repository/Final Object Repo/Page_Form 1A - Cessation As Employer/Change Employer Status to - Dormant' is clicked on

2019-01-03 13:49:24 - [TEST_STEP][PASSED] - click: Object: 'Object Repository/Final Object Repo/Page_Form 1A - Cessation As Employer/Calender' is clicked on

2019-01-03 13:49:24 - [MESSAGE][PASSED] - Object: 'Object Repository/Final Object Repo/Page_Form 1A - Cessation As Employer/Calender' is clicked on

2019-01-03 13:49:24 - [TEST_STEP][PASSED] - click: Object: 'Object Repository/Final Object Repo/Page_Form 1A - Cessation As Employer/Calender - Date' is clicked on

2019-01-03 13:49:24 - [MESSAGE][PASSED] - Object: 'Object Repository/Final Object Repo/Page_Form 1A - Cessation As Employer/Calender - Date' is clicked on

2019-01-03 13:49:24 - [TEST_STEP][PASSED] - delay: Delayed 2 second(s)

2019-01-03 13:49:26 - [MESSAGE][PASSED] - Delayed 2 second(s)

2019-01-03 13:49:26 - [TEST_STEP][PASSED] - click: Object: 'Object Repository/Final Object Repo/Page_Form 1A - Cessation As Employer/Save  Continue in Form 1A Page' is clicked on

2019-01-03 13:49:26 - [MESSAGE][PASSED] - Object: 'Object Repository/Final Object Repo/Page_Form 1A - Cessation As Employer/Save  Continue in Form 1A Page' is clicked on

2019-01-03 13:49:26 - [TEST_STEP][PASSED] - delay: Delayed 2 second(s)

2019-01-03 13:49:28 - [MESSAGE][PASSED] - Delayed 2 second(s)

2019-01-03 13:49:28 - [TEST_STEP][PASSED] - click: Object: 'Object Repository/Final Object Repo/Page_Form 1A - Cessation As Employer/Employment Resign Date' is clicked on

2019-01-03 13:49:29 - [MESSAGE][PASSED] - Object: 'Object Repository/Final Object Repo/Page_Form 1A - Cessation As Employer/Employment Resign Date' is clicked on

2019-01-03 13:49:29 - [TEST_STEP][PASSED] - delay: Delayed 1 second(s)

2019-01-03 13:49:30 - [MESSAGE][PASSED] - Delayed 1 second(s)

2019-01-03 13:49:30 - [TEST_STEP][PASSED] - Statement - CaseReferenceNo = com.kms.katalon.core.webui.keyword.WebUiBuiltInKeywords.getText(com.kms.katalon.core.testobject.ObjectRepository.findTestObject(Final Object Repo/Page_Update Employer Information/Reference Number in Update Employee Information Page)): Text of object 'Object Repository/Final Object Repo/Page_Update Employer Information/Reference Number in Update Employee Information Page' is: 'CUN012019C200001803'

2019-01-03 13:49:30 - [MESSAGE][PASSED] - Text of object 'Object Repository/Final Object Repo/Page_Update Employer Information/Reference Number in Update Employee Information Page' is: 'CUN012019C200001803'

2019-01-03 13:49:30 - [TEST_STEP][PASSED] - Statement - out.println(CaseReferenceNo): null

2019-01-03 13:49:30 - [TEST_STEP][PASSED] - callTestCase: Call Test Case 'Test Cases/Final Aug 2018 - PKS Automation/Common/Reference Number Setter' successfully

2019-01-03 13:49:30 - [TEST_CASE][PASSED] - Test Cases/Final Aug 2018 - PKS Automation/Common/Reference Number Setter: Test Cases/Final Aug 2018 - PKS Automation/Common/Reference Number Setter

2019-01-03 13:49:30 - [TEST_STEP][PASSED] - Statement - RefNoOldFile = new java.io.File(C://Users//Admin//Desktop//PKS//Automation Reference Point//KatalonReference.txt): null

2019-01-03 13:49:30 - [TEST_STEP][PASSED] - Statement - RefNoOldFile.delete(): null

2019-01-03 13:49:30 - [TEST_STEP][PASSED] - delay: Delayed 5 second(s)

2019-01-03 13:49:35 - [MESSAGE][PASSED] - Delayed 5 second(s)

2019-01-03 13:49:35 - [TEST_STEP][PASSED] - Statement - RefNo = new java.io.File(C://Users//Admin//Desktop//PKS//Automation Reference Point//KatalonReference.txt): null

2019-01-03 13:49:35 - [TEST_STEP][PASSED] - Statement - f2 = new java.io.FileWriter(RefNo, false): null

2019-01-03 13:49:35 - [TEST_STEP][PASSED] - Statement - f2.write(CaseReferenceNo): null

2019-01-03 13:49:35 - [TEST_STEP][PASSED] - Statement - f2.close(): null

2019-01-03 13:49:35 - [TEST_STEP][PASSED] - Statement - out.println("


" + CaseReferenceNo + "


"): null

2019-01-03 13:49:35 - [MESSAGE][PASSED] - Call Test Case 'Test Cases/Final Aug 2018 - PKS Automation/Common/Reference Number Setter' successfully

2019-01-03 13:49:35 - [TEST_STEP][PASSED] - selectOptionByValue: All options with value '2030' are selected in object 'Object Repository/Final Object Repo/Page_Form 1A - Cessation As Employer/Employment Resign Date - Year' 

2019-01-03 13:49:35 - [MESSAGE][PASSED] - All options with value '2030' are selected in object 'Object Repository/Final Object Repo/Page_Form 1A - Cessation As Employer/Employment Resign Date - Year' 

2019-01-03 13:49:35 - [TEST_STEP][PASSED] - delay: Delayed 1 second(s)

2019-01-03 13:49:36 - [MESSAGE][PASSED] - Delayed 1 second(s)

2019-01-03 13:49:36 - [TEST_STEP][PASSED] - click: Object: 'Object Repository/Final Object Repo/Page_Form 1A - Cessation As Employer/Employment Resign Date - Year - Date' is clicked on

2019-01-03 13:49:36 - [MESSAGE][PASSED] - Object: 'Object Repository/Final Object Repo/Page_Form 1A - Cessation As Employer/Employment Resign Date - Year - Date' is clicked on

2019-01-03 13:49:36 - [TEST_STEP][PASSED] - delay: Delayed 2 second(s)

2019-01-03 13:49:38 - [MESSAGE][PASSED] - Delayed 2 second(s)

2019-01-03 13:49:38 - [TEST_STEP][PASSED] - click: Object: 'Object Repository/Final Object Repo/Page_Form 1A - Cessation As Employer/Save  Continue in Update Add Employee Resigned Date Page' is clicked on

2019-01-03 13:49:38 - [MESSAGE][PASSED] - Object: 'Object Repository/Final Object Repo/Page_Form 1A - Cessation As Employer/Save  Continue in Update Add Employee Resigned Date Page' is clicked on

2019-01-03 13:49:38 - [TEST_STEP][PASSED] - delay: Delayed 2 second(s)

2019-01-03 13:49:40 - [MESSAGE][PASSED] - Delayed 2 second(s)

2019-01-03 13:49:40 - [TEST_STEP][PASSED] - click: Object: 'Object Repository/Final Object Repo/Page_Form 1A - Cessation As Employer/Set Latest - Yes' is clicked on

2019-01-03 13:49:41 - [MESSAGE][PASSED] - Object: 'Object Repository/Final Object Repo/Page_Form 1A - Cessation As Employer/Set Latest - Yes' is clicked on

2019-01-03 13:49:41 - [TEST_STEP][PASSED] - delay: Delayed 2 second(s)

2019-01-03 13:49:43 - [MESSAGE][PASSED] - Delayed 2 second(s)

2019-01-03 13:49:43 - [TEST_STEP][PASSED] - click: Object: 'Object Repository/Final Object Repo/Page_Form 1A - Cessation As Employer/Add Document' is clicked on

2019-01-03 13:49:44 - [MESSAGE][PASSED] - Object: 'Object Repository/Final Object Repo/Page_Form 1A - Cessation As Employer/Add Document' is clicked on

2019-01-03 13:49:44 - [TEST_STEP][PASSED] - delay: Delayed 2 second(s)

2019-01-03 13:49:46 - [MESSAGE][PASSED] - Delayed 2 second(s)

2019-01-03 13:49:46 - [TEST_STEP][PASSED] - click: Object: 'Object Repository/Final Object Repo/Page_Form 1A - Cessation As Employer/Document Type' is clicked on

2019-01-03 13:49:47 - [MESSAGE][PASSED] - Object: 'Object Repository/Final Object Repo/Page_Form 1A - Cessation As Employer/Document Type' is clicked on

2019-01-03 13:49:47 - [TEST_STEP][PASSED] - delay: Delayed 2 second(s)

2019-01-03 13:49:49 - [MESSAGE][PASSED] - Delayed 2 second(s)

2019-01-03 13:49:49 - [TEST_STEP][PASSED] - click: Object: 'Object Repository/Final Object Repo/Page_Form 1A - Cessation As Employer/Document Type - Supporting Document For Cessation' is clicked on

2019-01-03 13:49:49 - [MESSAGE][PASSED] - Object: 'Object Repository/Final Object Repo/Page_Form 1A - Cessation As Employer/Document Type - Supporting Document For Cessation' is clicked on

2019-01-03 13:49:49 - [TEST_STEP][PASSED] - delay: Delayed 2 second(s)

2019-01-03 13:49:51 - [MESSAGE][PASSED] - Delayed 2 second(s)

2019-01-03 13:49:51 - [TEST_STEP][PASSED] - sendKeys: Keys 'C:\Users\Public\Pictures\Sample Pictures\Koala.jpg' sent to object: 'Object Repository/Final Object Repo/Page_Form 1A - Cessation As Employer/Uploading File'

2019-01-03 13:49:52 - [MESSAGE][PASSED] - Keys 'C:\Users\Public\Pictures\Sample Pictures\Koala.jpg' sent to object: 'Object Repository/Final Object Repo/Page_Form 1A - Cessation As Employer/Uploading File'

2019-01-03 13:49:52 - [TEST_STEP][PASSED] - delay: Delayed 2 second(s)

2019-01-03 13:49:54 - [MESSAGE][PASSED] - Delayed 2 second(s)

2019-01-03 13:49:54 - [TEST_STEP][PASSED] - click: Object: 'Object Repository/Final Object Repo/Page_Form 1A - Cessation As Employer/Add Document in Uploading Page' is clicked on

2019-01-03 13:49:54 - [MESSAGE][PASSED] - Object: 'Object Repository/Final Object Repo/Page_Form 1A - Cessation As Employer/Add Document in Uploading Page' is clicked on

2019-01-03 13:49:54 - [TEST_STEP][PASSED] - delay: Delayed 15 second(s)

2019-01-03 13:50:09 - [MESSAGE][PASSED] - Delayed 15 second(s)

2019-01-03 13:50:09 - [TEST_STEP][PASSED] - click: Object: 'Object Repository/Final Object Repo/Page_Form 1A - Cessation As Employer/Save  Continue in Uploading Page' is clicked on

2019-01-03 13:50:09 - [MESSAGE][PASSED] - Object: 'Object Repository/Final Object Repo/Page_Form 1A - Cessation As Employer/Save  Continue in Uploading Page' is clicked on

2019-01-03 13:50:09 - [TEST_STEP][PASSED] - delay: Delayed 2 second(s)

2019-01-03 13:50:11 - [MESSAGE][PASSED] - Delayed 2 second(s)

2019-01-03 13:50:11 - [TEST_STEP][PASSED] - click: Object: 'Object Repository/Final Object Repo/Page_Form 1A - Cessation As Employer/Submit2' is clicked on

2019-01-03 13:50:15 - [MESSAGE][PASSED] - Object: 'Object Repository/Final Object Repo/Page_Form 1A - Cessation As Employer/Submit2' is clicked on

2019-01-03 13:50:15 - [TEST_STEP][PASSED] - delay: Delayed 2 second(s)

2019-01-03 13:50:17 - [MESSAGE][PASSED] - Delayed 2 second(s)

2019-01-03 13:50:17 - [TEST_STEP][PASSED] - click: Object: 'Object Repository/Final Object Repo/Page_Form 1A - Cessation As Employer/Confirm' is clicked on

2019-01-03 13:50:17 - [MESSAGE][PASSED] - Object: 'Object Repository/Final Object Repo/Page_Form 1A - Cessation As Employer/Confirm' is clicked on

2019-01-03 13:50:17 - [TEST_STEP][PASSED] - delay: Delayed 2 second(s)

2019-01-03 13:50:19 - [MESSAGE][PASSED] - Delayed 2 second(s)

2019-01-03 13:50:19 - [TEST_STEP][PASSED] - verifyElementVisible: Object 'Object Repository/Final Object Repo/Page_Form 1A - Cessation As Employer/Message Your Request will be routed to UO' is visible

2019-01-03 13:50:23 - [MESSAGE][PASSED] - Object 'Object Repository/Final Object Repo/Page_Form 1A - Cessation As Employer/Message Your Request will be routed to UO' is visible

2019-01-03 13:50:23 - [TEST_STEP][PASSED] - delay: Delayed 1 second(s)

2019-01-03 13:50:24 - [MESSAGE][PASSED] - Delayed 1 second(s)

2019-01-03 13:50:24 - [TEST_STEP][PASSED] - verifyElementVisible: Object 'Object Repository/Final Object Repo/Page_Form 1A - Cessation As Employer/Letter of acknowledgement' is visible

2019-01-03 13:50:24 - [MESSAGE][PASSED] - Object 'Object Repository/Final Object Repo/Page_Form 1A - Cessation As Employer/Letter of acknowledgement' is visible

2019-01-03 13:50:24 - [MESSAGE][PASSED] - Call Test Case 'Test Cases/Final Aug 2018 - PKS Automation/Registration Module/Workflow/Form 1A - Cessation As Employer/Template/Form 1 A - Cessation As Employer (PKRBO)' successfully

2019-01-03 13:50:24 - [TEST_STEP][PASSED] - callTestCase: Call Test Case 'Test Cases/Final Aug 2018 - PKS Automation/Registration Module/Workflow/Form 1A - Cessation As Employer/Template/Form 1 A - Cessation As Employer (Under enforcement)' successfully

2019-01-03 13:50:24 - [TEST_CASE][PASSED] - Test Cases/Final Aug 2018 - PKS Automation/Registration Module/Workflow/Form 1A - Cessation As Employer/Template/Form 1 A - Cessation As Employer (Under enforcement): Test Cases/Final Aug 2018 - PKS Automation/Registration Module/Workflow/Form 1A - Cessation As Employer/Template/Form 1 A - Cessation As Employer (Under enforcement)

2019-01-03 13:50:24 - [TEST_STEP][NOT_RUN] - callTestCase: NOT_RUN: callTestCase

2019-01-03 13:50:24 - [MESSAGE][NOT_RUN] - NOT_RUN: callTestCase

2019-01-03 13:50:24 - [TEST_STEP][PASSED] - delay: Delayed 1 second(s)

2019-01-03 13:50:25 - [MESSAGE][PASSED] - Delayed 1 second(s)

2019-01-03 13:50:25 - [TEST_STEP][PASSED] - navigateToUrl: Navigate to 'https://assist2-uat.perkeso.gov.my/c/portal/logout' successfully

2019-01-03 13:50:26 - [MESSAGE][PASSED] - Navigate to 'https://assist2-uat.perkeso.gov.my/c/portal/logout' successfully

2019-01-03 13:50:26 - [TEST_STEP][PASSED] - delay: Delayed 1 second(s)

2019-01-03 13:50:27 - [MESSAGE][PASSED] - Delayed 1 second(s)

2019-01-03 13:50:27 - [TEST_STEP][PASSED] - callTestCase: Call Test Case 'Test Cases/Final Aug 2018 - PKS Automation/Common/Reference Number Getter' successfully

2019-01-03 13:50:27 - [TEST_CASE][PASSED] - Test Cases/Final Aug 2018 - PKS Automation/Common/Reference Number Getter: Test Cases/Final Aug 2018 - PKS Automation/Common/Reference Number Getter

2019-01-03 13:50:27 - [TEST_STEP][PASSED] - Statement - Try: null

2019-01-03 13:50:27 - [TEST_STEP][PASSED] - Statement - RefNo = new java.io.File(C://Users//Admin//Desktop//PKS//Automation Reference Point//KatalonReference.txt): null

2019-01-03 13:50:27 - [TEST_STEP][PASSED] - Statement - bufferread = new java.io.BufferedReader(new java.io.FileReader(RefNo)): null

2019-01-03 13:50:27 - [TEST_STEP][PASSED] - Statement - readedVal = bufferread.readLine(): null

2019-01-03 13:50:27 - [TEST_STEP][PASSED] - Statement - out.println(CaseReferenceNo): null

2019-01-03 13:50:27 - [TEST_STEP][PASSED] - Statement - out.println(readedVal): null

2019-01-03 13:50:27 - [TEST_STEP][PASSED] - Statement - CaseReferenceNo = "": null

2019-01-03 13:50:27 - [TEST_STEP][PASSED] - Statement - CaseReferenceNo = readedVal: null

2019-01-03 13:50:27 - [MESSAGE][PASSED] - Call Test Case 'Test Cases/Final Aug 2018 - PKS Automation/Common/Reference Number Getter' successfully

2019-01-03 13:50:27 - [TEST_STEP][PASSED] - callTestCase: Call Test Case 'Test Cases/Final Aug 2018 - PKS Automation/Common/Workflow Owner Finder' successfully

2019-01-03 13:50:27 - [TEST_CASE][PASSED] - Test Cases/Final Aug 2018 - PKS Automation/Common/Workflow Owner Finder: Test Cases/Final Aug 2018 - PKS Automation/Common/Workflow Owner Finder

2019-01-03 13:50:27 - [TEST_STEP][PASSED] - openBrowser: Browser is opened with url: ''

2019-01-03 13:50:27 - [MESSAGE][WARNING] - A browser is already opened. Closing browser and opening a new one

2019-01-03 13:50:31 - [MESSAGE][PASSED] - Browser is opened with url: ''

2019-01-03 13:50:31 - [TEST_STEP][PASSED] - navigateToUrl: Navigate to 'https://assist2-uat.perkeso.gov.my/login' successfully

2019-01-03 13:50:32 - [MESSAGE][PASSED] - Navigate to 'https://assist2-uat.perkeso.gov.my/login' successfully

2019-01-03 13:50:32 - [TEST_STEP][PASSED] - delay: Delayed 5 second(s)

2019-01-03 13:50:37 - [MESSAGE][PASSED] - Delayed 5 second(s)

2019-01-03 13:50:37 - [TEST_STEP][PASSED] - setText: Text 'test@liferay.com' is set on object 'Object Repository/Final Object Repo/Login Page/Internal User/Email Address'

2019-01-03 13:50:37 - [MESSAGE][PASSED] - Text 'test@liferay.com' is set on object 'Object Repository/Final Object Repo/Login Page/Internal User/Email Address'

2019-01-03 13:50:37 - [TEST_STEP][PASSED] - click: Object: 'Object Repository/Final Object Repo/Login Page/Internal User/Next Button' is clicked on

2019-01-03 13:50:37 - [MESSAGE][PASSED] - Object: 'Object Repository/Final Object Repo/Login Page/Internal User/Next Button' is clicked on

2019-01-03 13:50:37 - [TEST_STEP][PASSED] - delay: Delayed 2 second(s)

2019-01-03 13:50:39 - [MESSAGE][PASSED] - Delayed 2 second(s)

2019-01-03 13:50:39 - [TEST_STEP][PASSED] - setText: Text 'test' is set on object 'Object Repository/Final Object Repo/Login Page/Internal User/Password'

2019-01-03 13:50:39 - [MESSAGE][PASSED] - Text 'test' is set on object 'Object Repository/Final Object Repo/Login Page/Internal User/Password'

2019-01-03 13:50:39 - [TEST_STEP][PASSED] - delay: Delayed 2 second(s)

2019-01-03 13:50:41 - [MESSAGE][PASSED] - Delayed 2 second(s)

2019-01-03 13:50:41 - [TEST_STEP][PASSED] - click: Object: 'Object Repository/Final Object Repo/Login Page/Internal User/Login Button' is clicked on

2019-01-03 13:50:42 - [MESSAGE][PASSED] - Object: 'Object Repository/Final Object Repo/Login Page/Internal User/Login Button' is clicked on

2019-01-03 13:50:42 - [TEST_STEP][PASSED] - Statement - tester = com.kms.katalon.core.testobject.ObjectRepository.findTestObject(Final Object Repo/Landing Page/Select to English): Finding Test Object with id 'Object Repository/Final Object Repo/Landing Page/Select to English'

2019-01-03 13:50:42 - [TEST_STEP][PASSED] - Statement - Try: Delayed 2 second(s)

2019-01-03 13:50:42 - [TEST_STEP][PASSED] - Statement - Checker = com.kms.katalon.core.webui.keyword.WebUiBuiltInKeywords.verifyElementNotPresent(tester, 3): Web element with id: 'Object Repository/Final Object Repo/Landing Page/Select to English' located by 'By.xpath: //a[@class = 'taglib-language-list-text' and @lang = 'en-US' and (contains(text(), 'EN') or contains(., 'EN'))]' is not present after '3' second(s)

2019-01-03 13:50:43 - [MESSAGE][PASSED] - Web element with id: 'Object Repository/Final Object Repo/Landing Page/Select to English' located by 'By.xpath: //a[@class = 'taglib-language-list-text' and @lang = 'en-US' and (contains(text(), 'EN') or contains(., 'EN'))]' is not present after '3' second(s)

2019-01-03 13:50:43 - [TEST_STEP][PASSED] - Statement - If (Checker == false): null

2019-01-03 13:50:43 - [TEST_STEP][PASSED] - delay: Delayed 2 second(s)

2019-01-03 13:50:45 - [MESSAGE][PASSED] - Delayed 2 second(s)

2019-01-03 13:50:45 - [TEST_STEP][PASSED] - delay: Delayed 5 second(s)

2019-01-03 13:50:50 - [MESSAGE][PASSED] - Delayed 5 second(s)

2019-01-03 13:50:50 - [TEST_STEP][PASSED] - mouseOver: Object: 'Object Repository/Final Object Repo/Landing Page/WorkFlow Menu' is hovered

2019-01-03 13:50:51 - [MESSAGE][PASSED] - Object: 'Object Repository/Final Object Repo/Landing Page/WorkFlow Menu' is hovered

2019-01-03 13:50:51 - [TEST_STEP][PASSED] - delay: Delayed 2 second(s)

2019-01-03 13:50:53 - [MESSAGE][PASSED] - Delayed 2 second(s)

2019-01-03 13:50:53 - [TEST_STEP][PASSED] - click: Object: 'Object Repository/Final Object Repo/Landing Page/Select to Workflow Listing' is clicked on

2019-01-03 13:50:54 - [MESSAGE][PASSED] - Object: 'Object Repository/Final Object Repo/Landing Page/Select to Workflow Listing' is clicked on

2019-01-03 13:50:54 - [TEST_STEP][PASSED] - delay: Delayed 2 second(s)

2019-01-03 13:50:56 - [MESSAGE][PASSED] - Delayed 2 second(s)

2019-01-03 13:50:56 - [TEST_STEP][PASSED] - click: Object: 'Object Repository/Final Object Repo/WorkFlow Listing Page/Search Information - To Put Ref No' is clicked on

2019-01-03 13:50:56 - [MESSAGE][PASSED] - Object: 'Object Repository/Final Object Repo/WorkFlow Listing Page/Search Information - To Put Ref No' is clicked on

2019-01-03 13:50:56 - [TEST_STEP][PASSED] - delay: Delayed 2 second(s)

2019-01-03 13:50:58 - [MESSAGE][PASSED] - Delayed 2 second(s)

2019-01-03 13:50:58 - [TEST_STEP][PASSED] - callTestCase: Call Test Case 'Test Cases/Final Aug 2018 - PKS Automation/Common/Reference Number Getter' successfully

2019-01-03 13:50:58 - [TEST_CASE][PASSED] - Test Cases/Final Aug 2018 - PKS Automation/Common/Reference Number Getter: Test Cases/Final Aug 2018 - PKS Automation/Common/Reference Number Getter

2019-01-03 13:50:58 - [TEST_STEP][PASSED] - Statement - Try: null

2019-01-03 13:50:58 - [TEST_STEP][PASSED] - Statement - RefNo = new java.io.File(C://Users//Admin//Desktop//PKS//Automation Reference Point//KatalonReference.txt): null

2019-01-03 13:50:58 - [TEST_STEP][PASSED] - Statement - bufferread = new java.io.BufferedReader(new java.io.FileReader(RefNo)): null

2019-01-03 13:50:58 - [TEST_STEP][PASSED] - Statement - readedVal = bufferread.readLine(): null

2019-01-03 13:50:58 - [TEST_STEP][PASSED] - Statement - out.println(CaseReferenceNo): null

2019-01-03 13:50:58 - [TEST_STEP][PASSED] - Statement - out.println(readedVal): null

2019-01-03 13:50:58 - [TEST_STEP][PASSED] - Statement - CaseReferenceNo = "": null

2019-01-03 13:50:58 - [TEST_STEP][PASSED] - Statement - CaseReferenceNo = readedVal: null

2019-01-03 13:50:58 - [MESSAGE][PASSED] - Call Test Case 'Test Cases/Final Aug 2018 - PKS Automation/Common/Reference Number Getter' successfully

2019-01-03 13:50:58 - [TEST_STEP][PASSED] - setText: Text 'CUN012019C200001803' is set on object 'Object Repository/Final Object Repo/WorkFlow Listing Page/Ref No Set Text'

2019-01-03 13:50:58 - [MESSAGE][PASSED] - Text 'CUN012019C200001803' is set on object 'Object Repository/Final Object Repo/WorkFlow Listing Page/Ref No Set Text'

2019-01-03 13:50:58 - [TEST_STEP][PASSED] - delay: Delayed 2 second(s)

2019-01-03 13:51:00 - [MESSAGE][PASSED] - Delayed 2 second(s)

2019-01-03 13:51:00 - [TEST_STEP][PASSED] - click: Object: 'Object Repository/Final Object Repo/WorkFlow Listing Page/Search Ref No Search Button' is clicked on

2019-01-03 13:51:01 - [MESSAGE][PASSED] - Object: 'Object Repository/Final Object Repo/WorkFlow Listing Page/Search Ref No Search Button' is clicked on

2019-01-03 13:51:01 - [TEST_STEP][PASSED] - delay: Delayed 6 second(s)

2019-01-03 13:51:07 - [MESSAGE][PASSED] - Delayed 6 second(s)

2019-01-03 13:51:07 - [TEST_STEP][PASSED] - click: Object: 'Object Repository/Final Object Repo/WorkFlow Listing Page/Click Continue Tooltip' is clicked on

2019-01-03 13:51:07 - [MESSAGE][PASSED] - Object: 'Object Repository/Final Object Repo/WorkFlow Listing Page/Click Continue Tooltip' is clicked on

2019-01-03 13:51:07 - [TEST_STEP][PASSED] - delay: Delayed 5 second(s)

2019-01-03 13:51:12 - [MESSAGE][PASSED] - Delayed 5 second(s)

2019-01-03 13:51:12 - [TEST_STEP][PASSED] - doubleClick: Object: 'Object Repository/Final Object Repo/WorkFlow Listing Page/Workflow Found - Listing 1' is double clicked on

2019-01-03 13:51:13 - [MESSAGE][PASSED] - Object: 'Object Repository/Final Object Repo/WorkFlow Listing Page/Workflow Found - Listing 1' is double clicked on

2019-01-03 13:51:13 - [TEST_STEP][PASSED] - Statement - println(OwnerID): null

2019-01-03 13:51:13 - [TEST_STEP][PASSED] - Statement - OwnerID = com.kms.katalon.core.webui.keyword.WebUiBuiltInKeywords.getText(com.kms.katalon.core.testobject.ObjectRepository.findTestObject(Final Object Repo/WorkFlow Listing Page/Workflow Found - Listing 1), STOP_ON_FAILURE): Text of object 'Object Repository/Final Object Repo/WorkFlow Listing Page/Workflow Found - Listing 1' is: 'JOHORuo3'

2019-01-03 13:51:13 - [MESSAGE][PASSED] - Text of object 'Object Repository/Final Object Repo/WorkFlow Listing Page/Workflow Found - Listing 1' is: 'JOHORuo3'

2019-01-03 13:51:13 - [TEST_STEP][PASSED] - Statement - OwnerID = OwnerID.toLowerCase() + "@gmail.com": null

2019-01-03 13:51:13 - [TEST_STEP][PASSED] - Statement - println(OwnerID): null

2019-01-03 13:51:13 - [TEST_STEP][PASSED] - delay: Delayed 2 second(s)

2019-01-03 13:51:15 - [MESSAGE][PASSED] - Delayed 2 second(s)

2019-01-03 13:51:15 - [MESSAGE][PASSED] - Call Test Case 'Test Cases/Final Aug 2018 - PKS Automation/Common/Workflow Owner Finder' successfully

2019-01-03 13:51:15 - [TEST_STEP][PASSED] - delay: Delayed 1 second(s)

2019-01-03 13:51:16 - [MESSAGE][PASSED] - Delayed 1 second(s)

2019-01-03 13:51:16 - [TEST_STEP][PASSED] - navigateToUrl: Navigate to 'https://assist2-uat.perkeso.gov.my/c/portal/logout' successfully

2019-01-03 13:51:16 - [MESSAGE][PASSED] - Navigate to 'https://assist2-uat.perkeso.gov.my/c/portal/logout' successfully

2019-01-03 13:51:16 - [TEST_STEP][PASSED] - delay: Delayed 1 second(s)

2019-01-03 13:51:17 - [MESSAGE][PASSED] - Delayed 1 second(s)

2019-01-03 13:51:17 - [TEST_STEP][PASSED] - callTestCase: Call Test Case 'Test Cases/Final Aug 2018 - PKS Automation/Registration Module/Workflow/Login and Search Case For Workflow' successfully

2019-01-03 13:51:18 - [TEST_CASE][PASSED] - Test Cases/Final Aug 2018 - PKS Automation/Registration Module/Workflow/Login and Search Case For Workflow: Test Cases/Final Aug 2018 - PKS Automation/Registration Module/Workflow/Login and Search Case For Workflow

2019-01-03 13:51:18 - [TEST_STEP][PASSED] - navigateToUrl: Navigate to 'https://assist2-uat.perkeso.gov.my/login' successfully

2019-01-03 13:51:18 - [MESSAGE][PASSED] - Navigate to 'https://assist2-uat.perkeso.gov.my/login' successfully

2019-01-03 13:51:18 - [TEST_STEP][PASSED] - setText: Text 'johoruo3@gmail.com' is set on object 'Object Repository/Final Object Repo/Login Page/Internal User/Email Address'

2019-01-03 13:51:18 - [MESSAGE][PASSED] - Text 'johoruo3@gmail.com' is set on object 'Object Repository/Final Object Repo/Login Page/Internal User/Email Address'

2019-01-03 13:51:18 - [TEST_STEP][PASSED] - click: Object: 'Object Repository/Final Object Repo/Login Page/Internal User/Next Button' is clicked on

2019-01-03 13:51:18 - [MESSAGE][PASSED] - Object: 'Object Repository/Final Object Repo/Login Page/Internal User/Next Button' is clicked on

2019-01-03 13:51:18 - [TEST_STEP][PASSED] - delay: Delayed 1 second(s)

2019-01-03 13:51:19 - [MESSAGE][PASSED] - Delayed 1 second(s)

2019-01-03 13:51:19 - [TEST_STEP][PASSED] - setEncryptedText: Text ****** has been set on object 'Object Repository/Final Object Repo/Login Page/Internal User/Password'

2019-01-03 13:51:20 - [MESSAGE][PASSED] - Text ****** has been set on object 'Object Repository/Final Object Repo/Login Page/Internal User/Password'

2019-01-03 13:51:20 - [TEST_STEP][PASSED] - click: Object: 'Object Repository/Final Object Repo/Login Page/Internal User/Login Button' is clicked on

2019-01-03 13:51:20 - [MESSAGE][PASSED] - Object: 'Object Repository/Final Object Repo/Login Page/Internal User/Login Button' is clicked on

2019-01-03 13:51:20 - [TEST_STEP][PASSED] - delay: Delayed 2 second(s)

2019-01-03 13:51:22 - [MESSAGE][PASSED] - Delayed 2 second(s)

2019-01-03 13:51:22 - [TEST_STEP][PASSED] - Statement - Try: Delayed 2 second(s)

2019-01-03 13:51:22 - [TEST_STEP][PASSED] - Statement - Checker = false: null

2019-01-03 13:51:22 - [TEST_STEP][PASSED] - Statement - Checker = com.kms.katalon.core.webui.keyword.WebUiBuiltInKeywords.verifyElementHasAttribute(com.kms.katalon.core.testobject.ObjectRepository.findTestObject(Final Object Repo/Landing Page/BM Detecting), "href", 20, OPTIONAL): Object 'Object Repository/Final Object Repo/Landing Page/BM Detecting' has attribute 'href'

2019-01-03 13:51:22 - [MESSAGE][PASSED] - Object 'Object Repository/Final Object Repo/Landing Page/BM Detecting' has attribute 'href'

2019-01-03 13:51:22 - [TEST_STEP][PASSED] - Statement - out.println(Checker): null

2019-01-03 13:51:22 - [TEST_STEP][PASSED] - Statement - If (Checker == false): null

2019-01-03 13:51:22 - [TEST_STEP][PASSED] - Statement - Else: null

2019-01-03 13:51:22 - [TEST_STEP][PASSED] - delay: Delayed 2 second(s)

2019-01-03 13:51:24 - [MESSAGE][PASSED] - Delayed 2 second(s)

2019-01-03 13:51:24 - [TEST_STEP][PASSED] - click: Object: 'Object Repository/Final Object Repo/Page_MyASSIST - ASSIST - Search Pending Case For Add Supporting Document/Search Information' is clicked on

2019-01-03 13:51:24 - [MESSAGE][PASSED] - Object: 'Object Repository/Final Object Repo/Page_MyASSIST - ASSIST - Search Pending Case For Add Supporting Document/Search Information' is clicked on

2019-01-03 13:51:24 - [TEST_STEP][PASSED] - delay: Delayed 3 second(s)

2019-01-03 13:51:27 - [MESSAGE][PASSED] - Delayed 3 second(s)

2019-01-03 13:51:27 - [TEST_STEP][PASSED] - sendKeys: Keys 'CUN012019C200001803' sent to object: 'Object Repository/Final Object Repo/Page_MyASSIST - ASSIST - Search Pending Case For Add Supporting Document/Reference No'

2019-01-03 13:51:27 - [MESSAGE][PASSED] - Keys 'CUN012019C200001803' sent to object: 'Object Repository/Final Object Repo/Page_MyASSIST - ASSIST - Search Pending Case For Add Supporting Document/Reference No'

2019-01-03 13:51:27 - [TEST_STEP][PASSED] - click: Object: 'Object Repository/Final Object Repo/Page_MyASSIST - ASSIST - Search Pending Case For Add Supporting Document/Search Reference No' is clicked on

2019-01-03 13:51:27 - [MESSAGE][PASSED] - Object: 'Object Repository/Final Object Repo/Page_MyASSIST - ASSIST - Search Pending Case For Add Supporting Document/Search Reference No' is clicked on

2019-01-03 13:51:27 - [TEST_STEP][PASSED] - delay: Delayed 2 second(s)

2019-01-03 13:51:30 - [MESSAGE][PASSED] - Delayed 2 second(s)

2019-01-03 13:51:30 - [TEST_STEP][PASSED] - click: Object: 'Object Repository/Final Object Repo/Page_MyASSIST - ASSIST - Search Pending Case For Add Supporting Document/Continue' is clicked on

2019-01-03 13:51:33 - [MESSAGE][PASSED] - Object: 'Object Repository/Final Object Repo/Page_MyASSIST - ASSIST - Search Pending Case For Add Supporting Document/Continue' is clicked on

2019-01-03 13:51:33 - [TEST_STEP][PASSED] - delay: Delayed 20 second(s)

2019-01-03 13:51:53 - [MESSAGE][PASSED] - Delayed 20 second(s)

2019-01-03 13:51:53 - [MESSAGE][PASSED] - Call Test Case 'Test Cases/Final Aug 2018 - PKS Automation/Registration Module/Workflow/Login and Search Case For Workflow' successfully

2019-01-03 13:51:53 - [TEST_STEP][PASSED] - click: Object: 'Object Repository/Final Object Repo/Page_Form 1A - Cessation As Employer/Page_Form 1A - Cessation As Employer (Approve)/Save  Continue in Form 1A Page' is clicked on

2019-01-03 13:51:53 - [MESSAGE][PASSED] - Object: 'Object Repository/Final Object Repo/Page_Form 1A - Cessation As Employer/Page_Form 1A - Cessation As Employer (Approve)/Save  Continue in Form 1A Page' is clicked on

2019-01-03 13:51:53 - [TEST_STEP][PASSED] - delay: Delayed 2 second(s)

2019-01-03 13:51:55 - [MESSAGE][PASSED] - Delayed 2 second(s)

2019-01-03 13:51:55 - [TEST_STEP][PASSED] - click: Object: 'Object Repository/Final Object Repo/Page_Form 1A - Cessation As Employer/Employment Resign Date' is clicked on

2019-01-03 13:51:55 - [MESSAGE][PASSED] - Object: 'Object Repository/Final Object Repo/Page_Form 1A - Cessation As Employer/Employment Resign Date' is clicked on

2019-01-03 13:51:55 - [TEST_STEP][PASSED] - delay: Delayed 1 second(s)

2019-01-03 13:51:56 - [MESSAGE][PASSED] - Delayed 1 second(s)

2019-01-03 13:51:56 - [TEST_STEP][PASSED] - selectOptionByValue: All options with value '2030' are selected in object 'Object Repository/Final Object Repo/Page_Form 1A - Cessation As Employer/Employment Resign Date - Year' 

2019-01-03 13:51:56 - [MESSAGE][PASSED] - All options with value '2030' are selected in object 'Object Repository/Final Object Repo/Page_Form 1A - Cessation As Employer/Employment Resign Date - Year' 

2019-01-03 13:51:56 - [TEST_STEP][PASSED] - delay: Delayed 1 second(s)

2019-01-03 13:51:57 - [MESSAGE][PASSED] - Delayed 1 second(s)

2019-01-03 13:51:57 - [TEST_STEP][PASSED] - click: Object: 'Object Repository/Final Object Repo/Page_Form 1A - Cessation As Employer/Employment Resign Date - Year - Date' is clicked on

2019-01-03 13:51:58 - [MESSAGE][PASSED] - Object: 'Object Repository/Final Object Repo/Page_Form 1A - Cessation As Employer/Employment Resign Date - Year - Date' is clicked on

2019-01-03 13:51:58 - [TEST_STEP][PASSED] - delay: Delayed 2 second(s)

2019-01-03 13:52:00 - [MESSAGE][PASSED] - Delayed 2 second(s)

2019-01-03 13:52:00 - [TEST_STEP][PASSED] - click: Object: 'Object Repository/Final Object Repo/Page_Form 1A - Cessation As Employer/Page_Form 1A - Cessation As Employer (Approve)/Save  Continue in Update Add Employee Resigned Date Page' is clicked on

2019-01-03 13:52:00 - [MESSAGE][PASSED] - Object: 'Object Repository/Final Object Repo/Page_Form 1A - Cessation As Employer/Page_Form 1A - Cessation As Employer (Approve)/Save  Continue in Update Add Employee Resigned Date Page' is clicked on

2019-01-03 13:52:00 - [TEST_STEP][PASSED] - delay: Delayed 2 second(s)

2019-01-03 13:52:02 - [MESSAGE][PASSED] - Delayed 2 second(s)

2019-01-03 13:52:02 - [TEST_STEP][PASSED] - click: Object: 'Object Repository/Final Object Repo/Page_Form 1A - Cessation As Employer/Set Latest - Yes' is clicked on

2019-01-03 13:52:02 - [MESSAGE][PASSED] - Object: 'Object Repository/Final Object Repo/Page_Form 1A - Cessation As Employer/Set Latest - Yes' is clicked on

2019-01-03 13:52:02 - [TEST_STEP][PASSED] - delay: Delayed 2 second(s)

2019-01-03 13:52:04 - [MESSAGE][PASSED] - Delayed 2 second(s)

2019-01-03 13:52:04 - [TEST_STEP][PASSED] - click: Object: 'Object Repository/Final Object Repo/Page_Form 1A - Cessation As Employer/Page_Form 1A - Cessation As Employer (Approve)/Save  Contine in Uploading Document Page' is clicked on

2019-01-03 13:52:05 - [MESSAGE][PASSED] - Object: 'Object Repository/Final Object Repo/Page_Form 1A - Cessation As Employer/Page_Form 1A - Cessation As Employer (Approve)/Save  Contine in Uploading Document Page' is clicked on

2019-01-03 13:52:05 - [TEST_STEP][PASSED] - delay: Delayed 2 second(s)

2019-01-03 13:52:07 - [MESSAGE][PASSED] - Delayed 2 second(s)

2019-01-03 13:52:07 - [TEST_STEP][PASSED] - click: Object: 'Object Repository/Final Object Repo/Page_Form 1A - Cessation As Employer/Page_Form 1A - Cessation As Employer (Under enforcement)/Under enforcement' is clicked on

2019-01-03 13:52:10 - [MESSAGE][PASSED] - Object: 'Object Repository/Final Object Repo/Page_Form 1A - Cessation As Employer/Page_Form 1A - Cessation As Employer (Under enforcement)/Under enforcement' is clicked on

2019-01-03 13:52:10 - [TEST_STEP][PASSED] - delay: Delayed 2 second(s)

2019-01-03 13:52:12 - [MESSAGE][PASSED] - Delayed 2 second(s)

2019-01-03 13:52:12 - [TEST_STEP][PASSED] - setText: Text 'remark' is set on object 'Object Repository/Final Object Repo/Page_Form 1A - Cessation As Employer/Page_Form 1A - Cessation As Employer (Under enforcement)/Under enforcement - remark'

2019-01-03 13:52:13 - [MESSAGE][PASSED] - Text 'remark' is set on object 'Object Repository/Final Object Repo/Page_Form 1A - Cessation As Employer/Page_Form 1A - Cessation As Employer (Under enforcement)/Under enforcement - remark'

2019-01-03 13:52:13 - [TEST_STEP][PASSED] - delay: Delayed 2 second(s)

2019-01-03 13:52:15 - [MESSAGE][PASSED] - Delayed 2 second(s)

2019-01-03 13:52:15 - [TEST_STEP][PASSED] - click: Object: 'Object Repository/Final Object Repo/Page_Form 1A - Cessation As Employer/Page_Form 1A - Cessation As Employer (Under enforcement)/Save  Continue in Under enforcement Page' is clicked on

2019-01-03 13:52:15 - [MESSAGE][PASSED] - Object: 'Object Repository/Final Object Repo/Page_Form 1A - Cessation As Employer/Page_Form 1A - Cessation As Employer (Under enforcement)/Save  Continue in Under enforcement Page' is clicked on

2019-01-03 13:52:15 - [TEST_STEP][PASSED] - delay: Delayed 2 second(s)

2019-01-03 13:52:17 - [MESSAGE][PASSED] - Delayed 2 second(s)

2019-01-03 13:52:17 - [TEST_STEP][PASSED] - click: Object: 'Object Repository/Final Object Repo/Page_Form 1A - Cessation As Employer/Page_Form 1A - Cessation As Employer (Under enforcement)/Message The case is under enforcement' is clicked on

2019-01-03 13:52:18 - [MESSAGE][PASSED] - Object: 'Object Repository/Final Object Repo/Page_Form 1A - Cessation As Employer/Page_Form 1A - Cessation As Employer (Under enforcement)/Message The case is under enforcement' is clicked on

2019-01-03 13:52:18 - [MESSAGE][PASSED] - Call Test Case 'Test Cases/Final Aug 2018 - PKS Automation/Registration Module/Workflow/Form 1A - Cessation As Employer/Template/Form 1 A - Cessation As Employer (Under enforcement)' successfully]]></system-out>
         <system-err><![CDATA[]]></system-err>
      </testcase>
      <system-out><![CDATA[2019-01-03 12:38:45 - [TEST_SUITE][FAILED] - Form 1A - Cessation as Employer: Test Cases/Final Aug 2018 - PKS Automation/Registration Module/Workflow/Form 1A - Cessation As Employer/OTC to UO (Approve) FAILED because (of) (Stack trace: com.kms.katalon.core.exception.StepFailedException: Unable to click on object 'Object Repository/Final Object Repo/Page_Form 1A - Cessation As Employer/Add Document' (Root cause: com.kms.katalon.core.webui.exception.WebElementNotFoundException: Web element with id: 'Object Repository/Final Object Repo/Page_Form 1A - Cessation As Employer/Add Document' located by 'By.xpath: //a[@id = '_searchforemployer_WAR_registrationportlet_dialogBtn' and (text() = '
					ADD DOCUMENT
	             ' or . = '
					ADD DOCUMENT
	             ')]' not found)
	at com.kms.katalon.core.keyword.internal.KeywordMain.stepFailed(KeywordMain.groovy:32)
	at com.kms.katalon.core.webui.keyword.internal.WebUIKeywordMain.stepFailed(WebUIKeywordMain.groovy:65)
	at com.kms.katalon.core.webui.keyword.internal.WebUIKeywordMain.runKeyword(WebUIKeywordMain.groovy:27)
	at com.kms.katalon.core.webui.keyword.builtin.ClickKeyword.click(ClickKeyword.groovy:86)
	at com.kms.katalon.core.webui.keyword.builtin.ClickKeyword.execute(ClickKeyword.groovy:67)
	at com.kms.katalon.core.keyword.internal.KeywordExecutor.executeKeywordForPlatform(KeywordExecutor.groovy:53)
	at com.kms.katalon.core.webui.keyword.WebUiBuiltInKeywords.click(WebUiBuiltInKeywords.groovy:616)
	at com.kms.katalon.core.webui.keyword.WebUiBuiltInKeywords$click$2.call(Unknown Source)
	at Script1536137325809.run(Script1536137325809.groovy:144)
	at com.kms.katalon.core.main.ScriptEngine.run(ScriptEngine.java:183)
	at com.kms.katalon.core.main.ScriptEngine.runScriptAsRawText(ScriptEngine.java:108)
	at com.kms.katalon.core.main.TestCaseExecutor.runScript(TestCaseExecutor.java:294)
	at com.kms.katalon.core.main.TestCaseExecutor.doExecute(TestCaseExecutor.java:285)
	at com.kms.katalon.core.main.TestCaseExecutor.processExecutionPhase(TestCaseExecutor.java:264)
	at com.kms.katalon.core.main.TestCaseExecutor.accessMainPhase(TestCaseExecutor.java:256)
	at com.kms.katalon.core.main.TestCaseExecutor.execute(TestCaseExecutor.java:200)
	at com.kms.katalon.core.main.TestCaseMain.runTestCase(TestCaseMain.java:99)
	at com.kms.katalon.core.keyword.builtin.CallTestCaseKeyword$_callTestCase_closure1.doCall(CallTestCaseKeyword.groovy:60)
	at com.kms.katalon.core.keyword.builtin.CallTestCaseKeyword$_callTestCase_closure1.call(CallTestCaseKeyword.groovy)
	at com.kms.katalon.core.keyword.internal.KeywordMain.runKeyword(KeywordMain.groovy:54)
	at com.kms.katalon.core.keyword.builtin.CallTestCaseKeyword.callTestCase(CallTestCaseKeyword.groovy:81)
	at com.kms.katalon.core.keyword.builtin.CallTestCaseKeyword.execute(CallTestCaseKeyword.groovy:45)
	at com.kms.katalon.core.keyword.internal.KeywordExecutor.executeKeywordForPlatform(KeywordExecutor.groovy:53)
	at com.kms.katalon.core.keyword.BuiltinKeywords.callTestCase(BuiltinKeywords.groovy:334)
	at sun.reflect.GeneratedMethodAccessor13.invoke(Unknown Source)
	at sun.reflect.DelegatingMethodAccessorImpl.invoke(DelegatingMethodAccessorImpl.java:43)
	at java.lang.reflect.Method.invoke(Method.java:498)
	at org.codehaus.groovy.reflection.CachedMethod.invoke(CachedMethod.java:93)
	at groovy.lang.MetaMethod.doMethodInvoke(MetaMethod.java:325)
	at groovy.lang.MetaClassImpl.invokeStaticMethod(MetaClassImpl.java:1469)
	at org.codehaus.groovy.runtime.callsite.StaticMetaClassSite.call(StaticMetaClassSite.java:53)
	at org.codehaus.groovy.runtime.callsite.CallSiteArray.defaultCall(CallSiteArray.java:48)
	at org.codehaus.groovy.runtime.callsite.AbstractCallSite.call(AbstractCallSite.java:113)
	at org.codehaus.groovy.runtime.callsite.AbstractCallSite.call(AbstractCallSite.java:141)
	at Script1536137547619.run(Script1536137547619.groovy:22)
	at com.kms.katalon.core.main.ScriptEngine.run(ScriptEngine.java:183)
	at com.kms.katalon.core.main.ScriptEngine.runScriptAsRawText(ScriptEngine.java:108)
	at com.kms.katalon.core.main.TestCaseExecutor.runScript(TestCaseExecutor.java:294)
	at com.kms.katalon.core.main.TestCaseExecutor.doExecute(TestCaseExecutor.java:285)
	at com.kms.katalon.core.main.TestCaseExecutor.processExecutionPhase(TestCaseExecutor.java:264)
	at com.kms.katalon.core.main.TestCaseExecutor.accessMainPhase(TestCaseExecutor.java:256)
	at com.kms.katalon.core.main.TestCaseExecutor.execute(TestCaseExecutor.java:200)
	at com.kms.katalon.core.main.TestSuiteExecutor.accessTestCaseMainPhase(TestSuiteExecutor.java:129)
	at com.kms.katalon.core.main.TestSuiteExecutor.accessTestSuiteMainPhase(TestSuiteExecutor.java:112)
	at com.kms.katalon.core.main.TestSuiteExecutor.execute(TestSuiteExecutor.java:81)
	at com.kms.katalon.core.main.TestCaseMain.startTestSuite(TestCaseMain.java:142)
	at com.kms.katalon.core.main.TestCaseMain$startTestSuite$0.call(Unknown Source)
	at org.codehaus.groovy.runtime.callsite.CallSiteArray.defaultCall(CallSiteArray.java:48)
	at org.codehaus.groovy.runtime.callsite.AbstractCallSite.call(AbstractCallSite.java:113)
	at org.codehaus.groovy.runtime.callsite.AbstractCallSite.call(AbstractCallSite.java:141)
	at TempTestSuite1546482073921.run(TempTestSuite1546482073921.groovy:36)
	at groovy.lang.GroovyShell.runScriptOrMainOrTestOrRunnable(GroovyShell.java:263)
	at groovy.lang.GroovyShell.run(GroovyShell.java:518)
	at groovy.lang.GroovyShell.run(GroovyShell.java:507)
	at groovy.ui.GroovyMain.processOnce(GroovyMain.java:653)
	at groovy.ui.GroovyMain.run(GroovyMain.java:384)
	at groovy.ui.GroovyMain.process(GroovyMain.java:370)
	at groovy.ui.GroovyMain.processArgs(GroovyMain.java:129)
	at groovy.ui.GroovyMain.main(GroovyMain.java:109)
	at sun.reflect.NativeMethodAccessorImpl.invoke0(Native Method)
	at sun.reflect.NativeMethodAccessorImpl.invoke(NativeMethodAccessorImpl.java:62)
	at sun.reflect.DelegatingMethodAccessorImpl.invoke(DelegatingMethodAccessorImpl.java:43)
	at java.lang.reflect.Method.invoke(Method.java:498)
	at org.codehaus.groovy.tools.GroovyStarter.rootLoader(GroovyStarter.java:109)
	at org.codehaus.groovy.tools.GroovyStarter.main(GroovyStarter.java:131)
)]]></system-out>
      <system-err><![CDATA[2019-01-03 12:38:45 - [TEST_SUITE][FAILED] - Form 1A - Cessation as Employer: Test Cases/Final Aug 2018 - PKS Automation/Registration Module/Workflow/Form 1A - Cessation As Employer/OTC to UO (Approve) FAILED because (of) (Stack trace: com.kms.katalon.core.exception.StepFailedException: Unable to click on object 'Object Repository/Final Object Repo/Page_Form 1A - Cessation As Employer/Add Document' (Root cause: com.kms.katalon.core.webui.exception.WebElementNotFoundException: Web element with id: 'Object Repository/Final Object Repo/Page_Form 1A - Cessation As Employer/Add Document' located by 'By.xpath: //a[@id = '_searchforemployer_WAR_registrationportlet_dialogBtn' and (text() = '
					ADD DOCUMENT
	             ' or . = '
					ADD DOCUMENT
	             ')]' not found)
	at com.kms.katalon.core.keyword.internal.KeywordMain.stepFailed(KeywordMain.groovy:32)
	at com.kms.katalon.core.webui.keyword.internal.WebUIKeywordMain.stepFailed(WebUIKeywordMain.groovy:65)
	at com.kms.katalon.core.webui.keyword.internal.WebUIKeywordMain.runKeyword(WebUIKeywordMain.groovy:27)
	at com.kms.katalon.core.webui.keyword.builtin.ClickKeyword.click(ClickKeyword.groovy:86)
	at com.kms.katalon.core.webui.keyword.builtin.ClickKeyword.execute(ClickKeyword.groovy:67)
	at com.kms.katalon.core.keyword.internal.KeywordExecutor.executeKeywordForPlatform(KeywordExecutor.groovy:53)
	at com.kms.katalon.core.webui.keyword.WebUiBuiltInKeywords.click(WebUiBuiltInKeywords.groovy:616)
	at com.kms.katalon.core.webui.keyword.WebUiBuiltInKeywords$click$2.call(Unknown Source)
	at Script1536137325809.run(Script1536137325809.groovy:144)
	at com.kms.katalon.core.main.ScriptEngine.run(ScriptEngine.java:183)
	at com.kms.katalon.core.main.ScriptEngine.runScriptAsRawText(ScriptEngine.java:108)
	at com.kms.katalon.core.main.TestCaseExecutor.runScript(TestCaseExecutor.java:294)
	at com.kms.katalon.core.main.TestCaseExecutor.doExecute(TestCaseExecutor.java:285)
	at com.kms.katalon.core.main.TestCaseExecutor.processExecutionPhase(TestCaseExecutor.java:264)
	at com.kms.katalon.core.main.TestCaseExecutor.accessMainPhase(TestCaseExecutor.java:256)
	at com.kms.katalon.core.main.TestCaseExecutor.execute(TestCaseExecutor.java:200)
	at com.kms.katalon.core.main.TestCaseMain.runTestCase(TestCaseMain.java:99)
	at com.kms.katalon.core.keyword.builtin.CallTestCaseKeyword$_callTestCase_closure1.doCall(CallTestCaseKeyword.groovy:60)
	at com.kms.katalon.core.keyword.builtin.CallTestCaseKeyword$_callTestCase_closure1.call(CallTestCaseKeyword.groovy)
	at com.kms.katalon.core.keyword.internal.KeywordMain.runKeyword(KeywordMain.groovy:54)
	at com.kms.katalon.core.keyword.builtin.CallTestCaseKeyword.callTestCase(CallTestCaseKeyword.groovy:81)
	at com.kms.katalon.core.keyword.builtin.CallTestCaseKeyword.execute(CallTestCaseKeyword.groovy:45)
	at com.kms.katalon.core.keyword.internal.KeywordExecutor.executeKeywordForPlatform(KeywordExecutor.groovy:53)
	at com.kms.katalon.core.keyword.BuiltinKeywords.callTestCase(BuiltinKeywords.groovy:334)
	at sun.reflect.GeneratedMethodAccessor13.invoke(Unknown Source)
	at sun.reflect.DelegatingMethodAccessorImpl.invoke(DelegatingMethodAccessorImpl.java:43)
	at java.lang.reflect.Method.invoke(Method.java:498)
	at org.codehaus.groovy.reflection.CachedMethod.invoke(CachedMethod.java:93)
	at groovy.lang.MetaMethod.doMethodInvoke(MetaMethod.java:325)
	at groovy.lang.MetaClassImpl.invokeStaticMethod(MetaClassImpl.java:1469)
	at org.codehaus.groovy.runtime.callsite.StaticMetaClassSite.call(StaticMetaClassSite.java:53)
	at org.codehaus.groovy.runtime.callsite.CallSiteArray.defaultCall(CallSiteArray.java:48)
	at org.codehaus.groovy.runtime.callsite.AbstractCallSite.call(AbstractCallSite.java:113)
	at org.codehaus.groovy.runtime.callsite.AbstractCallSite.call(AbstractCallSite.java:141)
	at Script1536137547619.run(Script1536137547619.groovy:22)
	at com.kms.katalon.core.main.ScriptEngine.run(ScriptEngine.java:183)
	at com.kms.katalon.core.main.ScriptEngine.runScriptAsRawText(ScriptEngine.java:108)
	at com.kms.katalon.core.main.TestCaseExecutor.runScript(TestCaseExecutor.java:294)
	at com.kms.katalon.core.main.TestCaseExecutor.doExecute(TestCaseExecutor.java:285)
	at com.kms.katalon.core.main.TestCaseExecutor.processExecutionPhase(TestCaseExecutor.java:264)
	at com.kms.katalon.core.main.TestCaseExecutor.accessMainPhase(TestCaseExecutor.java:256)
	at com.kms.katalon.core.main.TestCaseExecutor.execute(TestCaseExecutor.java:200)
	at com.kms.katalon.core.main.TestSuiteExecutor.accessTestCaseMainPhase(TestSuiteExecutor.java:129)
	at com.kms.katalon.core.main.TestSuiteExecutor.accessTestSuiteMainPhase(TestSuiteExecutor.java:112)
	at com.kms.katalon.core.main.TestSuiteExecutor.execute(TestSuiteExecutor.java:81)
	at com.kms.katalon.core.main.TestCaseMain.startTestSuite(TestCaseMain.java:142)
	at com.kms.katalon.core.main.TestCaseMain$startTestSuite$0.call(Unknown Source)
	at org.codehaus.groovy.runtime.callsite.CallSiteArray.defaultCall(CallSiteArray.java:48)
	at org.codehaus.groovy.runtime.callsite.AbstractCallSite.call(AbstractCallSite.java:113)
	at org.codehaus.groovy.runtime.callsite.AbstractCallSite.call(AbstractCallSite.java:141)
	at TempTestSuite1546482073921.run(TempTestSuite1546482073921.groovy:36)
	at groovy.lang.GroovyShell.runScriptOrMainOrTestOrRunnable(GroovyShell.java:263)
	at groovy.lang.GroovyShell.run(GroovyShell.java:518)
	at groovy.lang.GroovyShell.run(GroovyShell.java:507)
	at groovy.ui.GroovyMain.processOnce(GroovyMain.java:653)
	at groovy.ui.GroovyMain.run(GroovyMain.java:384)
	at groovy.ui.GroovyMain.process(GroovyMain.java:370)
	at groovy.ui.GroovyMain.processArgs(GroovyMain.java:129)
	at groovy.ui.GroovyMain.main(GroovyMain.java:109)
	at sun.reflect.NativeMethodAccessorImpl.invoke0(Native Method)
	at sun.reflect.NativeMethodAccessorImpl.invoke(NativeMethodAccessorImpl.java:62)
	at sun.reflect.DelegatingMethodAccessorImpl.invoke(DelegatingMethodAccessorImpl.java:43)
	at java.lang.reflect.Method.invoke(Method.java:498)
	at org.codehaus.groovy.tools.GroovyStarter.rootLoader(GroovyStarter.java:109)
	at org.codehaus.groovy.tools.GroovyStarter.main(GroovyStarter.java:131)
)]]></system-err>
   </testsuite>
</testsuites>
