<?xml version="1.0" encoding="UTF-8"?>
<testsuites name="Update Employee Information (Employer)" time="5326" tests="12" failures="0" errors="4">
   <testsuite name="Update Employee Information (Employer)" tests="12" failures="0" errors="4" time="5326" timestamp="2018-11-16 10:50:06" hostname="Wei Zheng - 10.212.128.126" id="Test Suites/Workflow/Update Employee Information (Employer)">
      <properties>
         <property name="deviceName" value=""/>
         <property name="devicePlatform" value=""/>
         <property name="logFolder" value="C:\\Users\\LENOVO\\Katalon Studio\\Perkeso Phase A\\Reports\\Workflow\\Update Employee Information (Employer)\\20181116_105003"/>
         <property name="logFiles" value="C:\\Users\\LENOVO\\Katalon Studio\\Perkeso Phase A\\Reports\\Workflow\\Update Employee Information (Employer)\\20181116_105003\\execution0.log"/>
         <property name="attachments" value=""/>
         <property name="hostName" value="Wei Zheng - 10.212.128.126"/>
         <property name="os" value="Windows 7 64bit"/>
         <property name="katalonVersion" value="5.8.0.1"/>
         <property name="browser" value="Firefox 63.0"/>
         <property name="hostAddress" value="10.212.128.126"/>
         <property name="sessionId" value="b5d24aef-9acd-4a89-afe6-41a6110e871d"/>
         <property name="seleniumVersion" value="3.9.1"/>
         <property name="proxyInformation" value="ProxyInformation{proxyOption=NO_PROXY, proxyServerType=HTTP, password=, proxyServerAddress=, proxyServerPort=0}"/>
         <property name="platform" value="Windows 7"/>
      </properties>
      <testcase name="Test Cases/Final Aug 2018 - PKS Automation/Registration Module/Workflow/Update Employee Information (Employer)/Employer - UO (Approve)" classname="Test Cases/Final Aug 2018 - PKS Automation/Registration Module/Workflow/Update Employee Information (Employer)/Employer - UO (Approve)" status="PASSED">
         <system-out><![CDATA[2018-11-16 10:50:06 - [TEST_CASE][PASSED] - Test Cases/Final Aug 2018 - PKS Automation/Registration Module/Workflow/Update Employee Information (Employer)/Employer - UO (Approve): Test Cases/Final Aug 2018 - PKS Automation/Registration Module/Workflow/Update Employee Information (Employer)/Employer - UO (Approve)

2018-11-16 10:50:07 - [TEST_STEP][PASSED] - callTestCase: Call Test Case 'Test Cases/Final Aug 2018 - PKS Automation/Registration Module/Workflow/Update Employee Information (Employer)/Template/Update Employer Information - Special Case (Employer)' successfully

2018-11-16 10:50:07 - [TEST_CASE][PASSED] - Test Cases/Final Aug 2018 - PKS Automation/Registration Module/Workflow/Update Employee Information (Employer)/Template/Update Employer Information - Special Case (Employer): Test Cases/Final Aug 2018 - PKS Automation/Registration Module/Workflow/Update Employee Information (Employer)/Template/Update Employer Information - Special Case (Employer)

2018-11-16 10:50:07 - [TEST_STEP][PASSED] - callTestCase: Call Test Case 'Test Cases/Final Aug 2018 - PKS Automation/Registration Module/Workflow/Update Add New Employee/Template/New Company for Update Add New - Employer' successfully

2018-11-16 10:50:07 - [TEST_CASE][PASSED] - Test Cases/Final Aug 2018 - PKS Automation/Registration Module/Workflow/Update Add New Employee/Template/New Company for Update Add New - Employer: Test Cases/Final Aug 2018 - PKS Automation/Registration Module/Workflow/Update Add New Employee/Template/New Company for Update Add New - Employer

2018-11-16 10:50:08 - [TEST_STEP][PASSED] - callTestCase: Call Test Case 'Test Cases/Final Aug 2018 - PKS Automation/Create Employer Acc/Create Employer Account' successfully

2018-11-16 10:50:08 - [TEST_CASE][PASSED] - Test Cases/Final Aug 2018 - PKS Automation/Create Employer Acc/Create Employer Account: Test Cases/Final Aug 2018 - PKS Automation/Create Employer Acc/Create Employer Account

2018-11-16 10:50:08 - [TEST_STEP][PASSED] - callTestCase: Call Test Case 'Test Cases/Final Aug 2018 - PKS Automation/Create Employer Acc/Template/Register Employer' successfully

2018-11-16 10:50:08 - [TEST_CASE][PASSED] - Test Cases/Final Aug 2018 - PKS Automation/Create Employer Acc/Template/Register Employer: Test Cases/Final Aug 2018 - PKS Automation/Create Employer Acc/Template/Register Employer

2018-11-16 10:50:09 - [TEST_STEP][PASSED] - openBrowser: Browser is opened with url: ''

2018-11-16 10:50:14 - [MESSAGE][PASSED] - Browser is opened with url: ''

2018-11-16 10:50:14 - [TEST_STEP][PASSED] - navigateToUrl: Navigate to 'https://assist2-uat.perkeso.gov.my/login' successfully

2018-11-16 10:50:17 - [MESSAGE][PASSED] - Navigate to 'https://assist2-uat.perkeso.gov.my/login' successfully

2018-11-16 10:50:17 - [TEST_STEP][PASSED] - setText: Text 'johorotc1@gmail.com' is set on object 'Object Repository/Final Object Repo/Login Page/Internal User/Email Address'

2018-11-16 10:50:17 - [MESSAGE][PASSED] - Text 'johorotc1@gmail.com' is set on object 'Object Repository/Final Object Repo/Login Page/Internal User/Email Address'

2018-11-16 10:50:17 - [TEST_STEP][PASSED] - click: Object: 'Object Repository/Final Object Repo/Login Page/Internal User/Next Button' is clicked on

2018-11-16 10:50:18 - [MESSAGE][PASSED] - Object: 'Object Repository/Final Object Repo/Login Page/Internal User/Next Button' is clicked on

2018-11-16 10:50:18 - [TEST_STEP][PASSED] - delay: Delayed 1 second(s)

2018-11-16 10:50:19 - [MESSAGE][PASSED] - Delayed 1 second(s)

2018-11-16 10:50:19 - [TEST_STEP][PASSED] - setEncryptedText: Text ****** has been set on object 'Object Repository/Final Object Repo/Login Page/Internal User/Password'

2018-11-16 10:50:19 - [MESSAGE][PASSED] - Text ****** has been set on object 'Object Repository/Final Object Repo/Login Page/Internal User/Password'

2018-11-16 10:50:19 - [TEST_STEP][PASSED] - click: Object: 'Object Repository/Final Object Repo/Login Page/Internal User/Login Button' is clicked on

2018-11-16 10:50:23 - [MESSAGE][PASSED] - Object: 'Object Repository/Final Object Repo/Login Page/Internal User/Login Button' is clicked on

2018-11-16 10:50:23 - [TEST_STEP][PASSED] - delay: Delayed 1 second(s)

2018-11-16 10:50:24 - [MESSAGE][PASSED] - Delayed 1 second(s)

2018-11-16 10:50:24 - [TEST_STEP][PASSED] - navigateToUrl: Navigate to 'https://assist2-uat.perkeso.gov.my/web/base/portal-id/registration' successfully

2018-11-16 10:50:25 - [MESSAGE][PASSED] - Navigate to 'https://assist2-uat.perkeso.gov.my/web/base/portal-id/registration' successfully

2018-11-16 10:50:25 - [TEST_STEP][PASSED] - setText: Text 'AUTOMATION EMPLOYER' is set on object 'Object Repository/Final Object Repo/Creating Employer Account/Page_Registration - ASSIST (Base)/Employer Name'

2018-11-16 10:50:26 - [MESSAGE][PASSED] - Text 'AUTOMATION EMPLOYER' is set on object 'Object Repository/Final Object Repo/Creating Employer Account/Page_Registration - ASSIST (Base)/Employer Name'

2018-11-16 10:50:26 - [TEST_STEP][PASSED] - delay: Delayed 2 second(s)

2018-11-16 10:50:28 - [MESSAGE][PASSED] - Delayed 2 second(s)

2018-11-16 10:50:28 - [TEST_STEP][PASSED] - click: Object: 'Object Repository/Final Object Repo/Creating Employer Account/Page_Registration - ASSIST (Base)/Registration Type' is clicked on

2018-11-16 10:50:28 - [MESSAGE][PASSED] - Object: 'Object Repository/Final Object Repo/Creating Employer Account/Page_Registration - ASSIST (Base)/Registration Type' is clicked on

2018-11-16 10:50:28 - [TEST_STEP][PASSED] - delay: Delayed 2 second(s)

2018-11-16 10:50:30 - [MESSAGE][PASSED] - Delayed 2 second(s)

2018-11-16 10:50:30 - [TEST_STEP][PASSED] - click: Object: 'Object Repository/Final Object Repo/Creating Employer Account/Page_Registration - ASSIST (Base)/Registration Type - Registration No' is clicked on

2018-11-16 10:50:31 - [MESSAGE][PASSED] - Object: 'Object Repository/Final Object Repo/Creating Employer Account/Page_Registration - ASSIST (Base)/Registration Type - Registration No' is clicked on

2018-11-16 10:50:31 - [TEST_STEP][PASSED] - delay: Delayed 2 second(s)

2018-11-16 10:50:33 - [MESSAGE][PASSED] - Delayed 2 second(s)

2018-11-16 10:50:33 - [TEST_STEP][PASSED] - setText: Text '1234567890' is set on object 'Object Repository/Final Object Repo/Creating Employer Account/Page_Registration - ASSIST (Base)/Registration Number'

2018-11-16 10:50:33 - [MESSAGE][PASSED] - Text '1234567890' is set on object 'Object Repository/Final Object Repo/Creating Employer Account/Page_Registration - ASSIST (Base)/Registration Number'

2018-11-16 10:50:33 - [TEST_STEP][PASSED] - delay: Delayed 2 second(s)

2018-11-16 10:50:35 - [MESSAGE][PASSED] - Delayed 2 second(s)

2018-11-16 10:50:35 - [TEST_STEP][PASSED] - setText: Text 'ADDRESS 1' is set on object 'Object Repository/Final Object Repo/Creating Employer Account/Page_Registration - ASSIST (Base)/Postal Address 1'

2018-11-16 10:50:35 - [MESSAGE][PASSED] - Text 'ADDRESS 1' is set on object 'Object Repository/Final Object Repo/Creating Employer Account/Page_Registration - ASSIST (Base)/Postal Address 1'

2018-11-16 10:50:35 - [TEST_STEP][PASSED] - setText: Text 'ADDRESS 2' is set on object 'Object Repository/Final Object Repo/Creating Employer Account/Page_Registration - ASSIST (Base)/Postal Address 2'

2018-11-16 10:50:35 - [MESSAGE][PASSED] - Text 'ADDRESS 2' is set on object 'Object Repository/Final Object Repo/Creating Employer Account/Page_Registration - ASSIST (Base)/Postal Address 2'

2018-11-16 10:50:35 - [TEST_STEP][PASSED] - click: Object: 'Object Repository/Final Object Repo/Creating Employer Account/Page_Registration - ASSIST (Base)/State' is clicked on

2018-11-16 10:50:36 - [MESSAGE][PASSED] - Object: 'Object Repository/Final Object Repo/Creating Employer Account/Page_Registration - ASSIST (Base)/State' is clicked on

2018-11-16 10:50:36 - [TEST_STEP][PASSED] - delay: Delayed 2 second(s)

2018-11-16 10:50:38 - [MESSAGE][PASSED] - Delayed 2 second(s)

2018-11-16 10:50:38 - [TEST_STEP][PASSED] - click: Object: 'Object Repository/Final Object Repo/Creating Employer Account/Page_Registration - ASSIST (Base)/State - Johor' is clicked on

2018-11-16 10:50:38 - [MESSAGE][PASSED] - Object: 'Object Repository/Final Object Repo/Creating Employer Account/Page_Registration - ASSIST (Base)/State - Johor' is clicked on

2018-11-16 10:50:38 - [TEST_STEP][PASSED] - delay: Delayed 2 second(s)

2018-11-16 10:50:40 - [MESSAGE][PASSED] - Delayed 2 second(s)

2018-11-16 10:50:40 - [TEST_STEP][PASSED] - click: Object: 'Object Repository/Final Object Repo/Creating Employer Account/Page_Registration - ASSIST (Base)/City' is clicked on

2018-11-16 10:50:41 - [MESSAGE][PASSED] - Object: 'Object Repository/Final Object Repo/Creating Employer Account/Page_Registration - ASSIST (Base)/City' is clicked on

2018-11-16 10:50:41 - [TEST_STEP][PASSED] - delay: Delayed 2 second(s)

2018-11-16 10:50:43 - [MESSAGE][PASSED] - Delayed 2 second(s)

2018-11-16 10:50:43 - [TEST_STEP][PASSED] - setText: Text 'joh' is set on object 'Object Repository/Final Object Repo/Creating Employer Account/Page_Registration - ASSIST (Base)/City - joh'

2018-11-16 10:50:43 - [MESSAGE][PASSED] - Text 'joh' is set on object 'Object Repository/Final Object Repo/Creating Employer Account/Page_Registration - ASSIST (Base)/City - joh'

2018-11-16 10:50:43 - [TEST_STEP][PASSED] - delay: Delayed 2 second(s)

2018-11-16 10:50:45 - [MESSAGE][PASSED] - Delayed 2 second(s)

2018-11-16 10:50:45 - [TEST_STEP][PASSED] - click: Object: 'Object Repository/Final Object Repo/Creating Employer Account/Page_Registration - ASSIST (Base)/City - Johor Bharu' is clicked on

2018-11-16 10:50:46 - [MESSAGE][PASSED] - Object: 'Object Repository/Final Object Repo/Creating Employer Account/Page_Registration - ASSIST (Base)/City - Johor Bharu' is clicked on

2018-11-16 10:50:46 - [TEST_STEP][PASSED] - delay: Delayed 2 second(s)

2018-11-16 10:50:48 - [MESSAGE][PASSED] - Delayed 2 second(s)

2018-11-16 10:50:48 - [TEST_STEP][PASSED] - click: Object: 'Object Repository/Final Object Repo/Creating Employer Account/Page_Registration - ASSIST (Base)/Post Code' is clicked on

2018-11-16 10:50:48 - [MESSAGE][PASSED] - Object: 'Object Repository/Final Object Repo/Creating Employer Account/Page_Registration - ASSIST (Base)/Post Code' is clicked on

2018-11-16 10:50:48 - [TEST_STEP][PASSED] - delay: Delayed 2 second(s)

2018-11-16 10:50:50 - [MESSAGE][PASSED] - Delayed 2 second(s)

2018-11-16 10:50:50 - [TEST_STEP][PASSED] - setText: Text '810' is set on object 'Object Repository/Final Object Repo/Creating Employer Account/Page_Registration - ASSIST (Base)/Post Code - 810'

2018-11-16 10:50:50 - [MESSAGE][PASSED] - Text '810' is set on object 'Object Repository/Final Object Repo/Creating Employer Account/Page_Registration - ASSIST (Base)/Post Code - 810'

2018-11-16 10:50:50 - [TEST_STEP][PASSED] - delay: Delayed 2 second(s)

2018-11-16 10:50:52 - [MESSAGE][PASSED] - Delayed 2 second(s)

2018-11-16 10:50:52 - [TEST_STEP][PASSED] - click: Object: 'Object Repository/Final Object Repo/Creating Employer Account/Page_Registration - ASSIST (Base)/Post Code - 81000' is clicked on

2018-11-16 10:50:53 - [MESSAGE][PASSED] - Object: 'Object Repository/Final Object Repo/Creating Employer Account/Page_Registration - ASSIST (Base)/Post Code - 81000' is clicked on

2018-11-16 10:50:53 - [TEST_STEP][PASSED] - delay: Delayed 2 second(s)

2018-11-16 10:50:55 - [MESSAGE][PASSED] - Delayed 2 second(s)

2018-11-16 10:50:55 - [TEST_STEP][PASSED] - setText: Text 'PERKESO' is set on object 'Object Repository/Final Object Repo/Creating Employer Account/Page_Registration - ASSIST (Base)/Full Name'

2018-11-16 10:50:55 - [MESSAGE][PASSED] - Text 'PERKESO' is set on object 'Object Repository/Final Object Repo/Creating Employer Account/Page_Registration - ASSIST (Base)/Full Name'

2018-11-16 10:50:55 - [TEST_STEP][PASSED] - Statement - rnd = new java.util.Random(): null

2018-11-16 10:50:55 - [TEST_STEP][PASSED] - Statement - snum = rnd.nextInt(899999 + 1) + 100000: null

2018-11-16 10:50:55 - [TEST_STEP][PASSED] - Statement - tnum = rnd.nextInt(899999 + 1) + 100000: null

2018-11-16 10:50:55 - [TEST_STEP][PASSED] - Statement - IC = java.lang.Integer.toString(snum) + java.lang.Integer.toString(tnum): null

2018-11-16 10:50:55 - [TEST_STEP][PASSED] - Statement - out.println(IC): null

2018-11-16 10:50:55 - [TEST_STEP][PASSED] - setText: Text '877914854248' is set on object 'Object Repository/Final Object Repo/Creating Employer Account/Page_Registration - ASSIST (Base)/Identification Number'

2018-11-16 10:50:55 - [MESSAGE][PASSED] - Text '877914854248' is set on object 'Object Repository/Final Object Repo/Creating Employer Account/Page_Registration - ASSIST (Base)/Identification Number'

2018-11-16 10:50:55 - [TEST_STEP][PASSED] - delay: Delayed 2 second(s)

2018-11-16 10:50:57 - [MESSAGE][PASSED] - Delayed 2 second(s)

2018-11-16 10:50:57 - [TEST_STEP][PASSED] - setText: Text '123456789012' is set on object 'Object Repository/Final Object Repo/Creating Employer Account/Page_Registration - ASSIST (Base)/Contact Number'

2018-11-16 10:50:58 - [MESSAGE][PASSED] - Text '123456789012' is set on object 'Object Repository/Final Object Repo/Creating Employer Account/Page_Registration - ASSIST (Base)/Contact Number'

2018-11-16 10:50:58 - [TEST_STEP][PASSED] - Statement - Email = "perkeso" + IC + "@gmail.com": null

2018-11-16 10:50:58 - [TEST_STEP][PASSED] - delay: Delayed 2 second(s)

2018-11-16 10:51:00 - [MESSAGE][PASSED] - Delayed 2 second(s)

2018-11-16 10:51:00 - [TEST_STEP][PASSED] - callTestCase: Call Test Case 'Test Cases/Final Aug 2018 - PKS Automation/Create Employer Acc/Template/Employer Email Settler' successfully

2018-11-16 10:51:00 - [TEST_CASE][PASSED] - Test Cases/Final Aug 2018 - PKS Automation/Create Employer Acc/Template/Employer Email Settler: Test Cases/Final Aug 2018 - PKS Automation/Create Employer Acc/Template/Employer Email Settler

2018-11-16 10:51:00 - [TEST_STEP][PASSED] - Statement - EmpEmailOld = new java.io.File(C://EmpEmail.txt): null

2018-11-16 10:51:00 - [TEST_STEP][PASSED] - Statement - EmpEmailOld.delete(): null

2018-11-16 10:51:00 - [TEST_STEP][PASSED] - Statement - EmpEmail = new java.io.File(C://EmpEmail.txt): null

2018-11-16 10:51:00 - [TEST_STEP][PASSED] - Statement - EmpEmail.append(Email): null

2018-11-16 10:51:00 - [TEST_STEP][PASSED] - Statement - out.println(Email): null

2018-11-16 10:51:00 - [MESSAGE][PASSED] - Call Test Case 'Test Cases/Final Aug 2018 - PKS Automation/Create Employer Acc/Template/Employer Email Settler' successfully

2018-11-16 10:51:00 - [TEST_STEP][PASSED] - delay: Delayed 2 second(s)

2018-11-16 10:51:02 - [MESSAGE][PASSED] - Delayed 2 second(s)

2018-11-16 10:51:02 - [TEST_STEP][PASSED] - setText: Text 'perkeso877914854248@gmail.com' is set on object 'Object Repository/Final Object Repo/Creating Employer Account/Page_Registration - ASSIST (Base)/Email'

2018-11-16 10:51:02 - [MESSAGE][PASSED] - Text 'perkeso877914854248@gmail.com' is set on object 'Object Repository/Final Object Repo/Creating Employer Account/Page_Registration - ASSIST (Base)/Email'

2018-11-16 10:51:02 - [TEST_STEP][PASSED] - setText: Text '123' is set on object 'Object Repository/Final Object Repo/Creating Employer Account/Page_Registration - ASSIST (Base)/Security Phase'

2018-11-16 10:51:02 - [MESSAGE][PASSED] - Text '123' is set on object 'Object Repository/Final Object Repo/Creating Employer Account/Page_Registration - ASSIST (Base)/Security Phase'

2018-11-16 10:51:02 - [TEST_STEP][PASSED] - click: Object: 'Object Repository/Final Object Repo/Creating Employer Account/Page_Registration - ASSIST (Base)/Save  Continue' is clicked on

2018-11-16 10:51:04 - [MESSAGE][PASSED] - Object: 'Object Repository/Final Object Repo/Creating Employer Account/Page_Registration - ASSIST (Base)/Save  Continue' is clicked on

2018-11-16 10:51:04 - [TEST_STEP][PASSED] - delay: Delayed 2 second(s)

2018-11-16 10:51:06 - [MESSAGE][PASSED] - Delayed 2 second(s)

2018-11-16 10:51:06 - [TEST_STEP][PASSED] - click: Object: 'Object Repository/Final Object Repo/Creating Employer Account/Page_Registration - ASSIST (Base)/Add Document' is clicked on

2018-11-16 10:51:06 - [MESSAGE][PASSED] - Object: 'Object Repository/Final Object Repo/Creating Employer Account/Page_Registration - ASSIST (Base)/Add Document' is clicked on

2018-11-16 10:51:06 - [TEST_STEP][PASSED] - delay: Delayed 2 second(s)

2018-11-16 10:51:08 - [MESSAGE][PASSED] - Delayed 2 second(s)

2018-11-16 10:51:08 - [TEST_STEP][PASSED] - click: Object: 'Object Repository/Final Object Repo/Creating Employer Account/Page_Registration - ASSIST (Base)/Document Type' is clicked on

2018-11-16 10:51:09 - [MESSAGE][PASSED] - Object: 'Object Repository/Final Object Repo/Creating Employer Account/Page_Registration - ASSIST (Base)/Document Type' is clicked on

2018-11-16 10:51:09 - [TEST_STEP][PASSED] - delay: Delayed 2 second(s)

2018-11-16 10:51:11 - [MESSAGE][PASSED] - Delayed 2 second(s)

2018-11-16 10:51:11 - [TEST_STEP][PASSED] - click: Object: 'Object Repository/Final Object Repo/Creating Employer Account/Page_Registration - ASSIST (Base)/Document Type - Letter of Authorization' is clicked on

2018-11-16 10:51:11 - [MESSAGE][PASSED] - Object: 'Object Repository/Final Object Repo/Creating Employer Account/Page_Registration - ASSIST (Base)/Document Type - Letter of Authorization' is clicked on

2018-11-16 10:51:11 - [TEST_STEP][PASSED] - delay: Delayed 2 second(s)

2018-11-16 10:51:13 - [MESSAGE][PASSED] - Delayed 2 second(s)

2018-11-16 10:51:13 - [TEST_STEP][PASSED] - sendKeys: Keys 'C:\Users\Public\Pictures\Sample Pictures\Act.jpg' sent to object: 'Object Repository/Final Object Repo/Creating Employer Account/Page_Registration - ASSIST (Base)/Uploading File'

2018-11-16 10:51:14 - [MESSAGE][PASSED] - Keys 'C:\Users\Public\Pictures\Sample Pictures\Act.jpg' sent to object: 'Object Repository/Final Object Repo/Creating Employer Account/Page_Registration - ASSIST (Base)/Uploading File'

2018-11-16 10:51:14 - [TEST_STEP][PASSED] - delay: Delayed 2 second(s)

2018-11-16 10:51:16 - [MESSAGE][PASSED] - Delayed 2 second(s)

2018-11-16 10:51:16 - [TEST_STEP][PASSED] - click: Object: 'Object Repository/Final Object Repo/Creating Employer Account/Page_Registration - ASSIST (Base)/Add Document in Uploading File' is clicked on

2018-11-16 10:51:18 - [MESSAGE][PASSED] - Object: 'Object Repository/Final Object Repo/Creating Employer Account/Page_Registration - ASSIST (Base)/Add Document in Uploading File' is clicked on

2018-11-16 10:51:18 - [TEST_STEP][PASSED] - delay: Delayed 2 second(s)

2018-11-16 10:51:20 - [MESSAGE][PASSED] - Delayed 2 second(s)

2018-11-16 10:51:20 - [TEST_STEP][PASSED] - click: Object: 'Object Repository/Final Object Repo/Creating Employer Account/Page_Registration - ASSIST (Base)/Save' is clicked on

2018-11-16 10:51:22 - [MESSAGE][PASSED] - Object: 'Object Repository/Final Object Repo/Creating Employer Account/Page_Registration - ASSIST (Base)/Save' is clicked on

2018-11-16 10:51:22 - [TEST_STEP][PASSED] - delay: Delayed 2 second(s)

2018-11-16 10:51:24 - [MESSAGE][PASSED] - Delayed 2 second(s)

2018-11-16 10:51:24 - [TEST_STEP][PASSED] - click: Object: 'Object Repository/Final Object Repo/Creating Employer Account/Page_Registration - ASSIST (Base)/Submit' is clicked on

2018-11-16 10:51:24 - [MESSAGE][PASSED] - Object: 'Object Repository/Final Object Repo/Creating Employer Account/Page_Registration - ASSIST (Base)/Submit' is clicked on

2018-11-16 10:51:24 - [TEST_STEP][PASSED] - delay: Delayed 2 second(s)

2018-11-16 10:51:26 - [MESSAGE][PASSED] - Delayed 2 second(s)

2018-11-16 10:51:26 - [TEST_STEP][PASSED] - click: Object: 'Object Repository/Final Object Repo/Creating Employer Account/Page_Registration - ASSIST (Base)/Confirm' is clicked on

2018-11-16 10:51:27 - [MESSAGE][PASSED] - Object: 'Object Repository/Final Object Repo/Creating Employer Account/Page_Registration - ASSIST (Base)/Confirm' is clicked on

2018-11-16 10:51:27 - [MESSAGE][PASSED] - Call Test Case 'Test Cases/Final Aug 2018 - PKS Automation/Create Employer Acc/Template/Register Employer' successfully

2018-11-16 10:51:27 - [TEST_STEP][PASSED] - delay: Delayed 1 second(s)

2018-11-16 10:51:28 - [MESSAGE][PASSED] - Delayed 1 second(s)

2018-11-16 10:51:28 - [TEST_STEP][PASSED] - navigateToUrl: Navigate to 'https://assist2-uat.perkeso.gov.my/c/portal/logout' successfully

2018-11-16 10:51:29 - [MESSAGE][PASSED] - Navigate to 'https://assist2-uat.perkeso.gov.my/c/portal/logout' successfully

2018-11-16 10:51:29 - [TEST_STEP][PASSED] - delay: Delayed 1 second(s)

2018-11-16 10:51:30 - [MESSAGE][PASSED] - Delayed 1 second(s)

2018-11-16 10:51:30 - [TEST_STEP][PASSED] - callTestCase: Call Test Case 'Test Cases/Final Aug 2018 - PKS Automation/Create Employer Acc/Template/Change Password of Employer' successfully

2018-11-16 10:51:30 - [TEST_CASE][PASSED] - Test Cases/Final Aug 2018 - PKS Automation/Create Employer Acc/Template/Change Password of Employer: Test Cases/Final Aug 2018 - PKS Automation/Create Employer Acc/Template/Change Password of Employer

2018-11-16 10:51:30 - [TEST_STEP][PASSED] - openBrowser: Browser is opened with url: ''

2018-11-16 10:51:30 - [MESSAGE][WARNING] - A browser is already opened. Closing browser and opening a new one

2018-11-16 10:51:36 - [MESSAGE][PASSED] - Browser is opened with url: ''

2018-11-16 10:51:36 - [TEST_STEP][PASSED] - navigateToUrl: Navigate to 'https://assist2-uat.perkeso.gov.my/login' successfully

2018-11-16 10:51:38 - [MESSAGE][PASSED] - Navigate to 'https://assist2-uat.perkeso.gov.my/login' successfully

2018-11-16 10:51:38 - [TEST_STEP][PASSED] - delay: Delayed 5 second(s)

2018-11-16 10:51:43 - [MESSAGE][PASSED] - Delayed 5 second(s)

2018-11-16 10:51:43 - [TEST_STEP][PASSED] - setText: Text 'test@liferay.com' is set on object 'Object Repository/Final Object Repo/Login Page/Internal User/Email Address'

2018-11-16 10:51:43 - [MESSAGE][PASSED] - Text 'test@liferay.com' is set on object 'Object Repository/Final Object Repo/Login Page/Internal User/Email Address'

2018-11-16 10:51:43 - [TEST_STEP][PASSED] - click: Object: 'Object Repository/Final Object Repo/Login Page/Internal User/Next Button' is clicked on

2018-11-16 10:51:44 - [MESSAGE][PASSED] - Object: 'Object Repository/Final Object Repo/Login Page/Internal User/Next Button' is clicked on

2018-11-16 10:51:44 - [TEST_STEP][PASSED] - delay: Delayed 2 second(s)

2018-11-16 10:51:46 - [MESSAGE][PASSED] - Delayed 2 second(s)

2018-11-16 10:51:46 - [TEST_STEP][PASSED] - setText: Text 'test' is set on object 'Object Repository/Final Object Repo/Login Page/Internal User/Password'

2018-11-16 10:51:46 - [MESSAGE][PASSED] - Text 'test' is set on object 'Object Repository/Final Object Repo/Login Page/Internal User/Password'

2018-11-16 10:51:46 - [TEST_STEP][PASSED] - delay: Delayed 2 second(s)

2018-11-16 10:51:48 - [MESSAGE][PASSED] - Delayed 2 second(s)

2018-11-16 10:51:48 - [TEST_STEP][PASSED] - click: Object: 'Object Repository/Final Object Repo/Login Page/Internal User/Login Button' is clicked on

2018-11-16 10:51:51 - [MESSAGE][PASSED] - Object: 'Object Repository/Final Object Repo/Login Page/Internal User/Login Button' is clicked on

2018-11-16 10:51:51 - [TEST_STEP][PASSED] - delay: Delayed 3 second(s)

2018-11-16 10:51:54 - [MESSAGE][PASSED] - Delayed 3 second(s)

2018-11-16 10:51:54 - [TEST_STEP][PASSED] - navigateToUrl: Navigate to 'https://assist2-uat.perkeso.gov.my/group/control_panel/manage?p_p_id=125&p_p_lifecycle=0&p_p_state=maximized&p_p_mode=view&refererPlid=20455&_125_usersListView=flat-users&_125_toolbarItem=view-all-users&_125_saveUsersListView=true&_125_struts_action=%2Fusers_admin%2Fview' successfully

2018-11-16 10:51:57 - [MESSAGE][PASSED] - Navigate to 'https://assist2-uat.perkeso.gov.my/group/control_panel/manage?p_p_id=125&p_p_lifecycle=0&p_p_state=maximized&p_p_mode=view&refererPlid=20455&_125_usersListView=flat-users&_125_toolbarItem=view-all-users&_125_saveUsersListView=true&_125_struts_action=%2Fusers_admin%2Fview' successfully

2018-11-16 10:51:57 - [TEST_STEP][PASSED] - delay: Delayed 3 second(s)

2018-11-16 10:52:00 - [MESSAGE][PASSED] - Delayed 3 second(s)

2018-11-16 10:52:00 - [TEST_STEP][PASSED] - setText: Text 'perkeso877914854248@gmail.com' is set on object 'Object Repository/Final Object Repo/Creating Employer Account/Page_Users and Organizations - ASSIST/Employer name'

2018-11-16 10:52:00 - [MESSAGE][PASSED] - Text 'perkeso877914854248@gmail.com' is set on object 'Object Repository/Final Object Repo/Creating Employer Account/Page_Users and Organizations - ASSIST/Employer name'

2018-11-16 10:52:00 - [TEST_STEP][PASSED] - delay: Delayed 3 second(s)

2018-11-16 10:52:03 - [MESSAGE][PASSED] - Delayed 3 second(s)

2018-11-16 10:52:03 - [TEST_STEP][PASSED] - click: Object: 'Object Repository/Final Object Repo/Creating Employer Account/Page_Users and Organizations - ASSIST/Search' is clicked on

2018-11-16 10:52:05 - [MESSAGE][PASSED] - Object: 'Object Repository/Final Object Repo/Creating Employer Account/Page_Users and Organizations - ASSIST/Search' is clicked on

2018-11-16 10:52:05 - [TEST_STEP][PASSED] - delay: Delayed 3 second(s)

2018-11-16 10:52:08 - [MESSAGE][PASSED] - Delayed 3 second(s)

2018-11-16 10:52:08 - [TEST_STEP][PASSED] - click: Object: 'Object Repository/Final Object Repo/Creating Employer Account/Page_Users and Organizations - ASSIST/Action' is clicked on

2018-11-16 10:52:08 - [MESSAGE][PASSED] - Object: 'Object Repository/Final Object Repo/Creating Employer Account/Page_Users and Organizations - ASSIST/Action' is clicked on

2018-11-16 10:52:08 - [TEST_STEP][PASSED] - delay: Delayed 3 second(s)

2018-11-16 10:52:11 - [MESSAGE][PASSED] - Delayed 3 second(s)

2018-11-16 10:52:11 - [TEST_STEP][PASSED] - click: Object: 'Object Repository/Final Object Repo/Creating Employer Account/Page_Users and Organizations - ASSIST/Edit' is clicked on

2018-11-16 10:52:13 - [MESSAGE][PASSED] - Object: 'Object Repository/Final Object Repo/Creating Employer Account/Page_Users and Organizations - ASSIST/Edit' is clicked on

2018-11-16 10:52:13 - [TEST_STEP][PASSED] - delay: Delayed 3 second(s)

2018-11-16 10:52:16 - [MESSAGE][PASSED] - Delayed 3 second(s)

2018-11-16 10:52:16 - [TEST_STEP][PASSED] - click: Object: 'Object Repository/Final Object Repo/Creating Employer Account/Page_PERKESO - Users and Organizati/a_Password (Modified)' is clicked on

2018-11-16 10:52:16 - [MESSAGE][PASSED] - Object: 'Object Repository/Final Object Repo/Creating Employer Account/Page_PERKESO - Users and Organizati/a_Password (Modified)' is clicked on

2018-11-16 10:52:16 - [TEST_STEP][PASSED] - delay: Delayed 3 second(s)

2018-11-16 10:52:19 - [MESSAGE][PASSED] - Delayed 3 second(s)

2018-11-16 10:52:19 - [TEST_STEP][PASSED] - setEncryptedText: Text ****** has been set on object 'Object Repository/Final Object Repo/Creating Employer Account/Page_PERKESO - Users and Organizati/input__125_password1'

2018-11-16 10:52:19 - [MESSAGE][PASSED] - Text ****** has been set on object 'Object Repository/Final Object Repo/Creating Employer Account/Page_PERKESO - Users and Organizati/input__125_password1'

2018-11-16 10:52:19 - [TEST_STEP][PASSED] - delay: Delayed 3 second(s)

2018-11-16 10:52:22 - [MESSAGE][PASSED] - Delayed 3 second(s)

2018-11-16 10:52:22 - [TEST_STEP][PASSED] - setEncryptedText: Text ****** has been set on object 'Object Repository/Final Object Repo/Creating Employer Account/Page_PERKESO - Users and Organizati/input__125_password2'

2018-11-16 10:52:23 - [MESSAGE][PASSED] - Text ****** has been set on object 'Object Repository/Final Object Repo/Creating Employer Account/Page_PERKESO - Users and Organizati/input__125_password2'

2018-11-16 10:52:23 - [TEST_STEP][PASSED] - delay: Delayed 3 second(s)

2018-11-16 10:52:26 - [MESSAGE][PASSED] - Delayed 3 second(s)

2018-11-16 10:52:26 - [TEST_STEP][PASSED] - click: Object: 'Object Repository/Final Object Repo/Creating Employer Account/Page_PERKESO - Users and Organizati/Save' is clicked on

2018-11-16 10:52:28 - [MESSAGE][PASSED] - Object: 'Object Repository/Final Object Repo/Creating Employer Account/Page_PERKESO - Users and Organizati/Save' is clicked on

2018-11-16 10:52:28 - [MESSAGE][PASSED] - Call Test Case 'Test Cases/Final Aug 2018 - PKS Automation/Create Employer Acc/Template/Change Password of Employer' successfully

2018-11-16 10:52:28 - [TEST_STEP][PASSED] - delay: Delayed 1 second(s)

2018-11-16 10:52:29 - [MESSAGE][PASSED] - Delayed 1 second(s)

2018-11-16 10:52:29 - [TEST_STEP][PASSED] - navigateToUrl: Navigate to 'https://assist2-uat.perkeso.gov.my/c/portal/logout' successfully

2018-11-16 10:52:30 - [MESSAGE][PASSED] - Navigate to 'https://assist2-uat.perkeso.gov.my/c/portal/logout' successfully

2018-11-16 10:52:30 - [TEST_STEP][PASSED] - delay: Delayed 1 second(s)

2018-11-16 10:52:31 - [MESSAGE][PASSED] - Delayed 1 second(s)

2018-11-16 10:52:31 - [TEST_STEP][PASSED] - callTestCase: Call Test Case 'Test Cases/Final Aug 2018 - PKS Automation/Create Employer Acc/Template/Login to Employer Account (First Time)' successfully

2018-11-16 10:52:31 - [TEST_CASE][PASSED] - Test Cases/Final Aug 2018 - PKS Automation/Create Employer Acc/Template/Login to Employer Account (First Time): Test Cases/Final Aug 2018 - PKS Automation/Create Employer Acc/Template/Login to Employer Account (First Time)

2018-11-16 10:52:31 - [TEST_STEP][PASSED] - openBrowser: Browser is opened with url: ''

2018-11-16 10:52:31 - [MESSAGE][WARNING] - A browser is already opened. Closing browser and opening a new one

2018-11-16 10:52:36 - [MESSAGE][PASSED] - Browser is opened with url: ''

2018-11-16 10:52:36 - [TEST_STEP][PASSED] - navigateToUrl: Navigate to 'https://assist2-uat.perkeso.gov.my/employer/login' successfully

2018-11-16 10:52:39 - [MESSAGE][PASSED] - Navigate to 'https://assist2-uat.perkeso.gov.my/employer/login' successfully

2018-11-16 10:52:39 - [TEST_STEP][PASSED] - delay: Delayed 3 second(s)

2018-11-16 10:52:42 - [MESSAGE][PASSED] - Delayed 3 second(s)

2018-11-16 10:52:42 - [TEST_STEP][PASSED] - callTestCase: Call Test Case 'Test Cases/Final Aug 2018 - PKS Automation/Create Employer Acc/Template/Employer Email Getter' successfully

2018-11-16 10:52:42 - [TEST_CASE][PASSED] - Test Cases/Final Aug 2018 - PKS Automation/Create Employer Acc/Template/Employer Email Getter: Test Cases/Final Aug 2018 - PKS Automation/Create Employer Acc/Template/Employer Email Getter

2018-11-16 10:52:43 - [TEST_STEP][PASSED] - Statement - Try: null

2018-11-16 10:52:43 - [TEST_STEP][PASSED] - Statement - EmpEmail = new java.io.File(C://EmpEmail.txt): null

2018-11-16 10:52:43 - [TEST_STEP][PASSED] - Statement - bufferread = new java.io.BufferedReader(new java.io.FileReader(EmpEmail)): null

2018-11-16 10:52:43 - [TEST_STEP][PASSED] - Statement - readedVal = bufferread.readLine(): null

2018-11-16 10:52:43 - [TEST_STEP][PASSED] - Statement - out.println(readedVal): null

2018-11-16 10:52:43 - [TEST_STEP][PASSED] - Statement - Email = readedVal: null

2018-11-16 10:52:43 - [MESSAGE][PASSED] - Call Test Case 'Test Cases/Final Aug 2018 - PKS Automation/Create Employer Acc/Template/Employer Email Getter' successfully

2018-11-16 10:52:43 - [TEST_STEP][PASSED] - setText: Text 'perkeso877914854248@gmail.com' is set on object 'Object Repository/Final Object Repo/Login Page/External Login Page/Email'

2018-11-16 10:52:43 - [MESSAGE][PASSED] - Text 'perkeso877914854248@gmail.com' is set on object 'Object Repository/Final Object Repo/Login Page/External Login Page/Email'

2018-11-16 10:52:43 - [TEST_STEP][PASSED] - click: Object: 'Object Repository/Final Object Repo/Login Page/External Login Page/Next' is clicked on

2018-11-16 10:52:43 - [MESSAGE][PASSED] - Object: 'Object Repository/Final Object Repo/Login Page/External Login Page/Next' is clicked on

2018-11-16 10:52:43 - [TEST_STEP][PASSED] - delay: Delayed 3 second(s)

2018-11-16 10:52:46 - [MESSAGE][PASSED] - Delayed 3 second(s)

2018-11-16 10:52:46 - [TEST_STEP][PASSED] - setEncryptedText: Text ****** has been set on object 'Object Repository/Final Object Repo/Login Page/External Login Page/Password'

2018-11-16 10:52:46 - [MESSAGE][PASSED] - Text ****** has been set on object 'Object Repository/Final Object Repo/Login Page/External Login Page/Password'

2018-11-16 10:52:46 - [TEST_STEP][PASSED] - click: Object: 'Object Repository/Final Object Repo/Login Page/External Login Page/Login' is clicked on

2018-11-16 10:52:50 - [MESSAGE][PASSED] - Object: 'Object Repository/Final Object Repo/Login Page/External Login Page/Login' is clicked on

2018-11-16 10:52:50 - [TEST_STEP][PASSED] - delay: Delayed 3 second(s)

2018-11-16 10:52:53 - [MESSAGE][PASSED] - Delayed 3 second(s)

2018-11-16 10:52:53 - [TEST_STEP][PASSED] - click: Object: 'Object Repository/Final Object Repo/Creating Employer Account/Page_Terms of Use - ASSIST/button_I Agree' is clicked on

2018-11-16 10:52:54 - [MESSAGE][PASSED] - Object: 'Object Repository/Final Object Repo/Creating Employer Account/Page_Terms of Use - ASSIST/button_I Agree' is clicked on

2018-11-16 10:52:54 - [TEST_STEP][PASSED] - delay: Delayed 2 second(s)

2018-11-16 10:52:56 - [MESSAGE][PASSED] - Delayed 2 second(s)

2018-11-16 10:52:56 - [TEST_STEP][PASSED] - setEncryptedText: Text ****** has been set on object 'Object Repository/Final Object Repo/Creating Employer Account/Page_New Password - ASSIST/input_password1'

2018-11-16 10:52:56 - [MESSAGE][PASSED] - Text ****** has been set on object 'Object Repository/Final Object Repo/Creating Employer Account/Page_New Password - ASSIST/input_password1'

2018-11-16 10:52:56 - [TEST_STEP][PASSED] - setEncryptedText: Text ****** has been set on object 'Object Repository/Final Object Repo/Creating Employer Account/Page_New Password - ASSIST/input_password2'

2018-11-16 10:52:56 - [MESSAGE][PASSED] - Text ****** has been set on object 'Object Repository/Final Object Repo/Creating Employer Account/Page_New Password - ASSIST/input_password2'

2018-11-16 10:52:56 - [TEST_STEP][PASSED] - delay: Delayed 2 second(s)

2018-11-16 10:52:58 - [MESSAGE][PASSED] - Delayed 2 second(s)

2018-11-16 10:52:58 - [TEST_STEP][PASSED] - click: Object: 'Object Repository/Final Object Repo/Creating Employer Account/Page_New Password - ASSIST/Save' is clicked on

2018-11-16 10:53:00 - [MESSAGE][PASSED] - Object: 'Object Repository/Final Object Repo/Creating Employer Account/Page_New Password - ASSIST/Save' is clicked on

2018-11-16 10:53:00 - [TEST_STEP][PASSED] - delay: Delayed 2 second(s)

2018-11-16 10:53:02 - [MESSAGE][PASSED] - Delayed 2 second(s)

2018-11-16 10:53:02 - [TEST_STEP][PASSED] - setText: Text 'test' is set on object 'Object Repository/Final Object Repo/Creating Employer Account/Page_Password Reminder - ASSIST/Reminder Query Answer'

2018-11-16 10:53:02 - [MESSAGE][PASSED] - Text 'test' is set on object 'Object Repository/Final Object Repo/Creating Employer Account/Page_Password Reminder - ASSIST/Reminder Query Answer'

2018-11-16 10:53:02 - [TEST_STEP][PASSED] - delay: Delayed 2 second(s)

2018-11-16 10:53:04 - [MESSAGE][PASSED] - Delayed 2 second(s)

2018-11-16 10:53:04 - [TEST_STEP][PASSED] - doubleClick: Object: 'Object Repository/Final Object Repo/Creating Employer Account/Page_Password Reminder - ASSIST/Save' is double clicked on

2018-11-16 10:53:05 - [MESSAGE][PASSED] - Object: 'Object Repository/Final Object Repo/Creating Employer Account/Page_Password Reminder - ASSIST/Save' is double clicked on

2018-11-16 10:53:05 - [MESSAGE][PASSED] - Call Test Case 'Test Cases/Final Aug 2018 - PKS Automation/Create Employer Acc/Template/Login to Employer Account (First Time)' successfully

2018-11-16 10:53:05 - [MESSAGE][PASSED] - Call Test Case 'Test Cases/Final Aug 2018 - PKS Automation/Create Employer Acc/Create Employer Account' successfully

2018-11-16 10:53:05 - [TEST_STEP][PASSED] - callTestCase: Call Test Case 'Test Cases/Final Aug 2018 - PKS Automation/Registration Module/Log Out/log out avoiding katalon tagging' successfully

2018-11-16 10:53:05 - [TEST_CASE][PASSED] - Test Cases/Final Aug 2018 - PKS Automation/Registration Module/Log Out/log out avoiding katalon tagging: Test Cases/Final Aug 2018 - PKS Automation/Registration Module/Log Out/log out avoiding katalon tagging

2018-11-16 10:53:05 - [TEST_STEP][PASSED] - navigateToUrl: Navigate to 'https://assist2-uat.perkeso.gov.my/c/portal/logout' successfully

2018-11-16 10:53:06 - [MESSAGE][PASSED] - Navigate to 'https://assist2-uat.perkeso.gov.my/c/portal/logout' successfully

2018-11-16 10:53:06 - [MESSAGE][PASSED] - Call Test Case 'Test Cases/Final Aug 2018 - PKS Automation/Registration Module/Log Out/log out avoiding katalon tagging' successfully

2018-11-16 10:53:06 - [TEST_STEP][PASSED] - callTestCase: Call Test Case 'Test Cases/Final Aug 2018 - PKS Automation/Create Employer Acc/Login to Employer Account (Second time)' successfully

2018-11-16 10:53:06 - [TEST_CASE][PASSED] - Test Cases/Final Aug 2018 - PKS Automation/Create Employer Acc/Login to Employer Account (Second time): Test Cases/Final Aug 2018 - PKS Automation/Create Employer Acc/Login to Employer Account (Second time)

2018-11-16 10:53:07 - [TEST_STEP][PASSED] - openBrowser: Browser is opened with url: ''

2018-11-16 10:53:07 - [MESSAGE][WARNING] - A browser is already opened. Closing browser and opening a new one

2018-11-16 10:53:12 - [MESSAGE][PASSED] - Browser is opened with url: ''

2018-11-16 10:53:12 - [TEST_STEP][PASSED] - navigateToUrl: Navigate to 'https://assist2-uat.perkeso.gov.my/employer/login' successfully

2018-11-16 10:53:14 - [MESSAGE][PASSED] - Navigate to 'https://assist2-uat.perkeso.gov.my/employer/login' successfully

2018-11-16 10:53:14 - [TEST_STEP][PASSED] - delay: Delayed 3 second(s)

2018-11-16 10:53:17 - [MESSAGE][PASSED] - Delayed 3 second(s)

2018-11-16 10:53:17 - [TEST_STEP][PASSED] - callTestCase: Call Test Case 'Test Cases/Final Aug 2018 - PKS Automation/Create Employer Acc/Template/Employer Email Getter' successfully

2018-11-16 10:53:17 - [TEST_CASE][PASSED] - Test Cases/Final Aug 2018 - PKS Automation/Create Employer Acc/Template/Employer Email Getter: Test Cases/Final Aug 2018 - PKS Automation/Create Employer Acc/Template/Employer Email Getter

2018-11-16 10:53:17 - [TEST_STEP][PASSED] - Statement - Try: null

2018-11-16 10:53:17 - [TEST_STEP][PASSED] - Statement - EmpEmail = new java.io.File(C://EmpEmail.txt): null

2018-11-16 10:53:17 - [TEST_STEP][PASSED] - Statement - bufferread = new java.io.BufferedReader(new java.io.FileReader(EmpEmail)): null

2018-11-16 10:53:17 - [TEST_STEP][PASSED] - Statement - readedVal = bufferread.readLine(): null

2018-11-16 10:53:17 - [TEST_STEP][PASSED] - Statement - out.println(readedVal): null

2018-11-16 10:53:17 - [TEST_STEP][PASSED] - Statement - Email = readedVal: null

2018-11-16 10:53:17 - [MESSAGE][PASSED] - Call Test Case 'Test Cases/Final Aug 2018 - PKS Automation/Create Employer Acc/Template/Employer Email Getter' successfully

2018-11-16 10:53:17 - [TEST_STEP][PASSED] - setText: Text 'perkeso877914854248@gmail.com' is set on object 'Object Repository/Final Object Repo/Login Page/External Login Page/Email'

2018-11-16 10:53:17 - [MESSAGE][PASSED] - Text 'perkeso877914854248@gmail.com' is set on object 'Object Repository/Final Object Repo/Login Page/External Login Page/Email'

2018-11-16 10:53:17 - [TEST_STEP][PASSED] - click: Object: 'Object Repository/Final Object Repo/Login Page/External Login Page/Next' is clicked on

2018-11-16 10:53:18 - [MESSAGE][PASSED] - Object: 'Object Repository/Final Object Repo/Login Page/External Login Page/Next' is clicked on

2018-11-16 10:53:18 - [TEST_STEP][PASSED] - delay: Delayed 3 second(s)

2018-11-16 10:53:21 - [MESSAGE][PASSED] - Delayed 3 second(s)

2018-11-16 10:53:21 - [TEST_STEP][PASSED] - setEncryptedText: Text ****** has been set on object 'Object Repository/Final Object Repo/Login Page/External Login Page/Password'

2018-11-16 10:53:21 - [MESSAGE][PASSED] - Text ****** has been set on object 'Object Repository/Final Object Repo/Login Page/External Login Page/Password'

2018-11-16 10:53:21 - [TEST_STEP][PASSED] - click: Object: 'Object Repository/Final Object Repo/Login Page/External Login Page/Login' is clicked on

2018-11-16 10:53:26 - [MESSAGE][PASSED] - Object: 'Object Repository/Final Object Repo/Login Page/External Login Page/Login' is clicked on

2018-11-16 10:53:26 - [TEST_STEP][PASSED] - delay: Delayed 5 second(s)

2018-11-16 10:53:31 - [MESSAGE][PASSED] - Delayed 5 second(s)

2018-11-16 10:53:31 - [MESSAGE][PASSED] - Call Test Case 'Test Cases/Final Aug 2018 - PKS Automation/Create Employer Acc/Login to Employer Account (Second time)' successfully

2018-11-16 10:53:31 - [TEST_STEP][PASSED] - delay: Delayed 4 second(s)

2018-11-16 10:53:35 - [MESSAGE][PASSED] - Delayed 4 second(s)

2018-11-16 10:53:35 - [TEST_STEP][PASSED] - Statement - Try: Delayed 2 second(s)

2018-11-16 10:53:35 - [TEST_STEP][PASSED] - Statement - Checker = false: null

2018-11-16 10:53:35 - [TEST_STEP][PASSED] - Statement - Checker = com.kms.katalon.core.webui.keyword.WebUiBuiltInKeywords.verifyElementHasAttribute(com.kms.katalon.core.testobject.ObjectRepository.findTestObject(Final Object Repo/Landing Page/BM Detecting), "href", 20, OPTIONAL): Object 'Object Repository/Final Object Repo/Landing Page/BM Detecting' has attribute 'href'

2018-11-16 10:53:35 - [MESSAGE][PASSED] - Object 'Object Repository/Final Object Repo/Landing Page/BM Detecting' has attribute 'href'

2018-11-16 10:53:35 - [TEST_STEP][PASSED] - Statement - out.println(Checker): null

2018-11-16 10:53:35 - [TEST_STEP][PASSED] - Statement - If (Checker == false): null

2018-11-16 10:53:35 - [TEST_STEP][PASSED] - Statement - Else: null

2018-11-16 10:53:35 - [TEST_STEP][PASSED] - delay: Delayed 2 second(s)

2018-11-16 10:53:37 - [MESSAGE][PASSED] - Delayed 2 second(s)

2018-11-16 10:53:37 - [TEST_STEP][PASSED] - delay: Delayed 4 second(s)

2018-11-16 10:53:41 - [MESSAGE][PASSED] - Delayed 4 second(s)

2018-11-16 10:53:41 - [TEST_STEP][PASSED] - click: Object: 'Object Repository/Final Object Repo/Landing Page/My Sites Drop Down' is clicked on

2018-11-16 10:53:42 - [MESSAGE][PASSED] - Object: 'Object Repository/Final Object Repo/Landing Page/My Sites Drop Down' is clicked on

2018-11-16 10:53:42 - [TEST_STEP][PASSED] - click: Object: 'Object Repository/Final Object Repo/Landing Page/Select to Registration Module' is clicked on

2018-11-16 10:53:45 - [MESSAGE][PASSED] - Object: 'Object Repository/Final Object Repo/Landing Page/Select to Registration Module' is clicked on

2018-11-16 10:53:45 - [TEST_STEP][PASSED] - click: Object: 'Object Repository/Final Object Repo/Landing Page/Registration Button' is clicked on

2018-11-16 10:53:47 - [MESSAGE][PASSED] - Object: 'Object Repository/Final Object Repo/Landing Page/Registration Button' is clicked on

2018-11-16 10:53:47 - [TEST_STEP][PASSED] - delay: Delayed 2 second(s)

2018-11-16 10:53:49 - [MESSAGE][PASSED] - Delayed 2 second(s)

2018-11-16 10:53:49 - [TEST_STEP][PASSED] - click: Object: 'Object Repository/Final Object Repo/New Registration - Registration Module Pages/New Reg - OTC to RO/Special Case - OTC - Form 1/AEC NO' is clicked on

2018-11-16 10:53:50 - [MESSAGE][PASSED] - Object: 'Object Repository/Final Object Repo/New Registration - Registration Module Pages/New Reg - OTC to RO/Special Case - OTC - Form 1/AEC NO' is clicked on

2018-11-16 10:53:50 - [TEST_STEP][PASSED] - click: Object: 'Object Repository/Final Object Repo/New Registration - Registration Module Pages/New Reg - OTC to RO/Special Case - OTC - Form 1/Business Entity - Please Select' is clicked on

2018-11-16 10:53:50 - [MESSAGE][PASSED] - Object: 'Object Repository/Final Object Repo/New Registration - Registration Module Pages/New Reg - OTC to RO/Special Case - OTC - Form 1/Business Entity - Please Select' is clicked on

2018-11-16 10:53:50 - [TEST_STEP][PASSED] - click: Object: 'Object Repository/Final Object Repo/New Registration - Registration Module Pages/New Reg - OTC to RO/Special Case - OTC - Form 1/Selected - Corporation' is clicked on

2018-11-16 10:53:51 - [MESSAGE][PASSED] - Object: 'Object Repository/Final Object Repo/New Registration - Registration Module Pages/New Reg - OTC to RO/Special Case - OTC - Form 1/Selected - Corporation' is clicked on

2018-11-16 10:53:51 - [TEST_STEP][PASSED] - delay: Delayed 2 second(s)

2018-11-16 10:53:53 - [MESSAGE][PASSED] - Delayed 2 second(s)

2018-11-16 10:53:53 - [TEST_STEP][PASSED] - click: Object: 'Object Repository/Final Object Repo/New Registration - Registration Module Pages/New Reg - OTC to RO/Special Case - OTC - Form 1/Sub Business Entity - Please Select' is clicked on

2018-11-16 10:53:53 - [MESSAGE][PASSED] - Object: 'Object Repository/Final Object Repo/New Registration - Registration Module Pages/New Reg - OTC to RO/Special Case - OTC - Form 1/Sub Business Entity - Please Select' is clicked on

2018-11-16 10:53:53 - [TEST_STEP][PASSED] - delay: Delayed 2 second(s)

2018-11-16 10:53:55 - [MESSAGE][PASSED] - Delayed 2 second(s)

2018-11-16 10:53:55 - [TEST_STEP][PASSED] - click: Object: 'Object Repository/Final Object Repo/New Registration - Registration Module Pages/New Reg - OTC to RO/Special Case - OTC - Form 1/Selected - Sendirian Berhad' is clicked on

2018-11-16 10:53:56 - [MESSAGE][PASSED] - Object: 'Object Repository/Final Object Repo/New Registration - Registration Module Pages/New Reg - OTC to RO/Special Case - OTC - Form 1/Selected - Sendirian Berhad' is clicked on

2018-11-16 10:53:56 - [TEST_STEP][PASSED] - setText: Text 'AUTOMATE001' is set on object 'Object Repository/Final Object Repo/New Registration - Registration Module Pages/New Reg - OTC to RO/Special Case - OTC - Form 1/Input BRN Number'

2018-11-16 10:53:56 - [MESSAGE][PASSED] - Text 'AUTOMATE001' is set on object 'Object Repository/Final Object Repo/New Registration - Registration Module Pages/New Reg - OTC to RO/Special Case - OTC - Form 1/Input BRN Number'

2018-11-16 10:53:56 - [TEST_STEP][PASSED] - delay: Delayed 2 second(s)

2018-11-16 10:53:58 - [MESSAGE][PASSED] - Delayed 2 second(s)

2018-11-16 10:53:58 - [TEST_STEP][PASSED] - click: Object: 'Object Repository/Final Object Repo/New Registration - Registration Module Pages/New Reg - OTC to RO/Special Case - OTC - Form 1/BRN Search' is clicked on

2018-11-16 10:53:59 - [MESSAGE][PASSED] - Object: 'Object Repository/Final Object Repo/New Registration - Registration Module Pages/New Reg - OTC to RO/Special Case - OTC - Form 1/BRN Search' is clicked on

2018-11-16 10:53:59 - [TEST_STEP][PASSED] - delay: Delayed 4 second(s)

2018-11-16 10:54:03 - [MESSAGE][PASSED] - Delayed 4 second(s)

2018-11-16 10:54:03 - [TEST_STEP][PASSED] - click: Object: 'Object Repository/Final Object Repo/New Registration - Registration Module Pages/New Reg - OTC to RO/Special Case - OTC - Form 1/Registered with SSM - After Feb 2017' is clicked on

2018-11-16 10:54:03 - [MESSAGE][PASSED] - Object: 'Object Repository/Final Object Repo/New Registration - Registration Module Pages/New Reg - OTC to RO/Special Case - OTC - Form 1/Registered with SSM - After Feb 2017' is clicked on

2018-11-16 10:54:03 - [TEST_STEP][PASSED] - delay: Delayed 2 second(s)

2018-11-16 10:54:05 - [MESSAGE][PASSED] - Delayed 2 second(s)

2018-11-16 10:54:05 - [TEST_STEP][PASSED] - click: Object: 'Object Repository/Final Object Repo/New Registration - Registration Module Pages/Form 1/Registered As a Branch - Yes' is clicked on

2018-11-16 10:54:05 - [MESSAGE][PASSED] - Object: 'Object Repository/Final Object Repo/New Registration - Registration Module Pages/Form 1/Registered As a Branch - Yes' is clicked on

2018-11-16 10:54:05 - [TEST_STEP][PASSED] - click: Object: 'Object Repository/Final Object Repo/New Registration - Registration Module Pages/New Reg - OTC to RO/Special Case - OTC - Form 1/Acknowledgement Ticked' is clicked on

2018-11-16 10:54:05 - [MESSAGE][PASSED] - Object: 'Object Repository/Final Object Repo/New Registration - Registration Module Pages/New Reg - OTC to RO/Special Case - OTC - Form 1/Acknowledgement Ticked' is clicked on

2018-11-16 10:54:05 - [TEST_STEP][PASSED] - setText: Text 'perkeso877914854248@gmail.com' is set on object 'Object Repository/Final Object Repo/New Registration - Registration Module Pages/Form 1/Email'

2018-11-16 10:54:06 - [MESSAGE][PASSED] - Text 'perkeso877914854248@gmail.com' is set on object 'Object Repository/Final Object Repo/New Registration - Registration Module Pages/Form 1/Email'

2018-11-16 10:54:06 - [TEST_STEP][PASSED] - click: Object: 'Object Repository/Final Object Repo/New Registration - Registration Module Pages/New Reg - OTC to RO/Special Case - OTC - Form 1/Submit Button' is clicked on

2018-11-16 10:54:07 - [MESSAGE][PASSED] - Object: 'Object Repository/Final Object Repo/New Registration - Registration Module Pages/New Reg - OTC to RO/Special Case - OTC - Form 1/Submit Button' is clicked on

2018-11-16 10:54:07 - [TEST_STEP][PASSED] - callTestCase: Call Test Case 'Test Cases/Final Aug 2018 - PKS Automation/Registration Module/New Registration/Form 2/Add 1 Eligible - Employer Account Use' successfully

2018-11-16 10:54:07 - [TEST_CASE][PASSED] - Test Cases/Final Aug 2018 - PKS Automation/Registration Module/New Registration/Form 2/Add 1 Eligible - Employer Account Use: Test Cases/Final Aug 2018 - PKS Automation/Registration Module/New Registration/Form 2/Add 1 Eligible - Employer Account Use

2018-11-16 10:54:08 - [TEST_STEP][PASSED] - delay: Delayed 2 second(s)

2018-11-16 10:54:10 - [MESSAGE][PASSED] - Delayed 2 second(s)

2018-11-16 10:54:10 - [TEST_STEP][PASSED] - callTestCase: Call Test Case 'Test Cases/Final Aug 2018 - PKS Automation/Registration Module/New Registration/Form 2/Date Updater' successfully

2018-11-16 10:54:10 - [TEST_CASE][PASSED] - Test Cases/Final Aug 2018 - PKS Automation/Registration Module/New Registration/Form 2/Date Updater: Test Cases/Final Aug 2018 - PKS Automation/Registration Module/New Registration/Form 2/Date Updater

2018-11-16 10:54:10 - [TEST_STEP][PASSED] - Statement - TodayDate = new java.util.Date(): null

2018-11-16 10:54:10 - [TEST_STEP][PASSED] - Statement - CurrentDateNoFilter = new java.text.SimpleDateFormat(): null

2018-11-16 10:54:10 - [TEST_STEP][PASSED] - Statement - CurrentDateNoFilter.applyPattern("dd"): null

2018-11-16 10:54:10 - [TEST_STEP][PASSED] - Statement - CurrentDate = CurrentDateNoFilter.format(TodayDate): null

2018-11-16 10:54:10 - [TEST_STEP][PASSED] - Statement - CurrentDate = java.lang.Integer.parseInt(CurrentDate): null

2018-11-16 10:54:10 - [TEST_STEP][PASSED] - Statement - CurrentDate = CurrentDate: null

2018-11-16 10:54:10 - [TEST_STEP][PASSED] - Statement - CurrentDay = java.lang.Integer.parseInt(CurrentDate): null

2018-11-16 10:54:10 - [TEST_STEP][PASSED] - Statement - aDayBefore = CurrentDay + 1: null

2018-11-16 10:54:10 - [TEST_STEP][PASSED] - Statement - DayBefore = aDayBefore.toString(): null

2018-11-16 10:54:10 - [TEST_STEP][PASSED] - Statement - OneDayBefore = DayBefore: null

2018-11-16 10:54:10 - [TEST_STEP][PASSED] - Statement - CurrentDateNoFilter.applyPattern("MM"): null

2018-11-16 10:54:10 - [TEST_STEP][PASSED] - Statement - monthContainerMatcher = java.lang.Integer.parseInt(CurrentDateNoFilter.format(TodayDate)): null

2018-11-16 10:54:10 - [TEST_STEP][PASSED] - Statement - monthContainerMatcher = monthContainerMatcher - 1: null

2018-11-16 10:54:10 - [TEST_STEP][PASSED] - Statement - CurrentMonth = monthContainerMatcher.toString(): null

2018-11-16 10:54:10 - [TEST_STEP][PASSED] - Statement - CurrentMonth = CurrentMonth: null

2018-11-16 10:54:10 - [TEST_STEP][PASSED] - Statement - CurrentDateNoFilter.applyPattern("yyyy"): null

2018-11-16 10:54:10 - [TEST_STEP][PASSED] - Statement - CurrentYear = CurrentDateNoFilter.format(TodayDate): null

2018-11-16 10:54:10 - [TEST_STEP][PASSED] - Statement - CurrentYear = CurrentYear: null

2018-11-16 10:54:10 - [TEST_STEP][PASSED] - Statement - intCurrentYear = java.lang.Integer.parseInt(CurrentDateNoFilter.format(TodayDate)): null

2018-11-16 10:54:10 - [TEST_STEP][PASSED] - Statement - eighteenYrsAgo = intCurrentYear - 18: null

2018-11-16 10:54:10 - [TEST_STEP][PASSED] - Statement - eighteenYrsBeforeThisYr = eighteenYrsAgo.toString(): null

2018-11-16 10:54:10 - [TEST_STEP][PASSED] - Statement - EighteenYrsBefore = eighteenYrsBeforeThisYr: null

2018-11-16 10:54:10 - [TEST_STEP][PASSED] - Statement - fiftysevenYrsAgo = intCurrentYear - 57: null

2018-11-16 10:54:10 - [TEST_STEP][PASSED] - Statement - fiftysevenYrsBeforeThisYr = fiftysevenYrsAgo.toString(): null

2018-11-16 10:54:10 - [TEST_STEP][PASSED] - Statement - FiftysevenYrsBefore = fiftysevenYrsBeforeThisYr: null

2018-11-16 10:54:10 - [MESSAGE][PASSED] - Call Test Case 'Test Cases/Final Aug 2018 - PKS Automation/Registration Module/New Registration/Form 2/Date Updater' successfully

2018-11-16 10:54:10 - [TEST_STEP][PASSED] - delay: Delayed 1 second(s)

2018-11-16 10:54:11 - [MESSAGE][PASSED] - Delayed 1 second(s)

2018-11-16 10:54:11 - [TEST_STEP][PASSED] - Statement - CaseReferenceNo = com.kms.katalon.core.webui.keyword.WebUiBuiltInKeywords.getText(com.kms.katalon.core.testobject.ObjectRepository.findTestObject(Final Object Repo/New Registration - Registration Module Pages/Form 2/RefNo Acquiring)): Text of object 'Object Repository/Final Object Repo/New Registration - Registration Module Pages/Form 2/RefNo Acquiring' is: 'CRN11201800122522'

2018-11-16 10:54:11 - [MESSAGE][PASSED] - Text of object 'Object Repository/Final Object Repo/New Registration - Registration Module Pages/Form 2/RefNo Acquiring' is: 'CRN11201800122522'

2018-11-16 10:54:11 - [TEST_STEP][PASSED] - delay: Delayed 1 second(s)

2018-11-16 10:54:12 - [MESSAGE][PASSED] - Delayed 1 second(s)

2018-11-16 10:54:12 - [TEST_STEP][PASSED] - click: Object: 'Object Repository/Final Object Repo/New Registration - Registration Module Pages/Form 2/Add Employee Button' is clicked on

2018-11-16 10:54:13 - [MESSAGE][PASSED] - Object: 'Object Repository/Final Object Repo/New Registration - Registration Module Pages/Form 2/Add Employee Button' is clicked on

2018-11-16 10:54:13 - [TEST_STEP][PASSED] - delay: Delayed 1 second(s)

2018-11-16 10:54:14 - [MESSAGE][PASSED] - Delayed 1 second(s)

2018-11-16 10:54:14 - [TEST_STEP][PASSED] - setText: Text '010903091948' is set on object 'Object Repository/Final Object Repo/New Registration - Registration Module Pages/Form 2/NRIC Input'

2018-11-16 10:54:14 - [MESSAGE][PASSED] - Text '010903091948' is set on object 'Object Repository/Final Object Repo/New Registration - Registration Module Pages/Form 2/NRIC Input'

2018-11-16 10:54:14 - [TEST_STEP][PASSED] - delay: Delayed 2 second(s)

2018-11-16 10:54:16 - [MESSAGE][PASSED] - Delayed 2 second(s)

2018-11-16 10:54:16 - [TEST_STEP][PASSED] - setText: Text 'Automate001 eligible 1' is set on object 'Object Repository/Final Object Repo/New Registration - Registration Module Pages/Form 2/Employee Name Input'

2018-11-16 10:54:16 - [MESSAGE][PASSED] - Text 'Automate001 eligible 1' is set on object 'Object Repository/Final Object Repo/New Registration - Registration Module Pages/Form 2/Employee Name Input'

2018-11-16 10:54:16 - [TEST_STEP][PASSED] - delay: Delayed 2 second(s)

2018-11-16 10:54:18 - [MESSAGE][PASSED] - Delayed 2 second(s)

2018-11-16 10:54:18 - [TEST_STEP][PASSED] - click: Object: 'Object Repository/Final Object Repo/New Registration - Registration Module Pages/Form 2/DatePicker Pop Up' is clicked on

2018-11-16 10:54:19 - [MESSAGE][PASSED] - Object: 'Object Repository/Final Object Repo/New Registration - Registration Module Pages/Form 2/DatePicker Pop Up' is clicked on

2018-11-16 10:54:19 - [TEST_STEP][PASSED] - click: Object: 'Object Repository/Final Object Repo/New Registration - Registration Module Pages/Form 2/DOB Month' is clicked on

2018-11-16 10:54:19 - [MESSAGE][PASSED] - Object: 'Object Repository/Final Object Repo/New Registration - Registration Module Pages/Form 2/DOB Month' is clicked on

2018-11-16 10:54:19 - [TEST_STEP][PASSED] - Statement - CurrentMonth = CurrentMonth: null

2018-11-16 10:54:19 - [TEST_STEP][PASSED] - Statement - selectMonth = new com.kms.katalon.core.testobject.TestObject(): null

2018-11-16 10:54:19 - [TEST_STEP][PASSED] - Statement - selectMonth.addProperty("xpath", EQUALS, "//body/div/div/div/select/option[@value='" + CurrentMonth + "']", true): null

2018-11-16 10:54:19 - [TEST_STEP][PASSED] - click: Object: '' is clicked on

2018-11-16 10:54:19 - [MESSAGE][PASSED] - Object: '' is clicked on

2018-11-16 10:54:19 - [TEST_STEP][PASSED] - click: Object: 'Object Repository/Final Object Repo/New Registration - Registration Module Pages/Form 2/DOB Year' is clicked on

2018-11-16 10:54:20 - [MESSAGE][PASSED] - Object: 'Object Repository/Final Object Repo/New Registration - Registration Module Pages/Form 2/DOB Year' is clicked on

2018-11-16 10:54:20 - [TEST_STEP][PASSED] - Statement - Eyearsbf = EighteenYrsBefore: null

2018-11-16 10:54:20 - [TEST_STEP][PASSED] - Statement - selectYear = new com.kms.katalon.core.testobject.TestObject(): null

2018-11-16 10:54:20 - [TEST_STEP][PASSED] - Statement - selectYear.addProperty("xpath", EQUALS, "//div/div/div/select/option[@value='" + Eyearsbf + "']", true): null

2018-11-16 10:54:20 - [TEST_STEP][PASSED] - click: Object: '' is clicked on

2018-11-16 10:54:20 - [MESSAGE][PASSED] - Object: '' is clicked on

2018-11-16 10:54:20 - [TEST_STEP][PASSED] - Statement - UpdatedSelectDate = com.kms.katalon.core.webui.keyword.WebUiBuiltInKeywords.modifyObjectProperty(com.kms.katalon.core.testobject.ObjectRepository.findTestObject(Final Object Repo/New Registration - Registration Module Pages/Form 2/DOB Date), "xpath", "equals", "//body/div/table/tbody/tr/td/a[text()="" + CurrentDate + ""]", true): Modify property of object successfully

2018-11-16 10:54:20 - [MESSAGE][PASSED] - Modify property of object successfully

2018-11-16 10:54:20 - [TEST_STEP][PASSED] - delay: Delayed 3 second(s)

2018-11-16 10:54:23 - [MESSAGE][PASSED] - Delayed 3 second(s)

2018-11-16 10:54:23 - [TEST_STEP][PASSED] - click: Object: 'Object Repository/Final Object Repo/New Registration - Registration Module Pages/Form 2/DOB Date' is clicked on

2018-11-16 10:54:23 - [MESSAGE][PASSED] - Object: 'Object Repository/Final Object Repo/New Registration - Registration Module Pages/Form 2/DOB Date' is clicked on

2018-11-16 10:54:23 - [TEST_STEP][PASSED] - delay: Delayed 2 second(s)

2018-11-16 10:54:25 - [MESSAGE][PASSED] - Delayed 2 second(s)

2018-11-16 10:54:25 - [TEST_STEP][PASSED] - click: Object: 'Object Repository/Final Object Repo/New Registration - Registration Module Pages/Form 2/EmploymentStartDate Pop Up' is clicked on

2018-11-16 10:54:26 - [MESSAGE][PASSED] - Object: 'Object Repository/Final Object Repo/New Registration - Registration Module Pages/Form 2/EmploymentStartDate Pop Up' is clicked on

2018-11-16 10:54:26 - [TEST_STEP][PASSED] - delay: Delayed 2 second(s)

2018-11-16 10:54:28 - [MESSAGE][PASSED] - Delayed 2 second(s)

2018-11-16 10:54:28 - [TEST_STEP][PASSED] - click: Object: 'Object Repository/Final Object Repo/New Registration - Registration Module Pages/Form 2/Socso Employment StartDate Month' is clicked on

2018-11-16 10:54:29 - [MESSAGE][PASSED] - Object: 'Object Repository/Final Object Repo/New Registration - Registration Module Pages/Form 2/Socso Employment StartDate Month' is clicked on

2018-11-16 10:54:29 - [TEST_STEP][PASSED] - delay: Delayed 1 second(s)

2018-11-16 10:54:30 - [MESSAGE][PASSED] - Delayed 1 second(s)

2018-11-16 10:54:30 - [TEST_STEP][PASSED] - click: Object: 'Object Repository/Final Object Repo/New Registration - Registration Module Pages/Form 2/Select Socso Employement Startdate Month' is clicked on

2018-11-16 10:54:30 - [MESSAGE][PASSED] - Object: 'Object Repository/Final Object Repo/New Registration - Registration Module Pages/Form 2/Select Socso Employement Startdate Month' is clicked on

2018-11-16 10:54:30 - [TEST_STEP][PASSED] - delay: Delayed 2 second(s)

2018-11-16 10:54:32 - [MESSAGE][PASSED] - Delayed 2 second(s)

2018-11-16 10:54:32 - [TEST_STEP][PASSED] - click: Object: 'Object Repository/Final Object Repo/New Registration - Registration Module Pages/Form 2/Socso Employment StartDate Year' is clicked on

2018-11-16 10:54:32 - [MESSAGE][PASSED] - Object: 'Object Repository/Final Object Repo/New Registration - Registration Module Pages/Form 2/Socso Employment StartDate Year' is clicked on

2018-11-16 10:54:32 - [TEST_STEP][PASSED] - delay: Delayed 1 second(s)

2018-11-16 10:54:33 - [MESSAGE][PASSED] - Delayed 1 second(s)

2018-11-16 10:54:33 - [TEST_STEP][PASSED] - click: Object: 'Object Repository/Final Object Repo/New Registration - Registration Module Pages/Form 2/Select Socso Employment Startdate Year' is clicked on

2018-11-16 10:54:34 - [MESSAGE][PASSED] - Object: 'Object Repository/Final Object Repo/New Registration - Registration Module Pages/Form 2/Select Socso Employment Startdate Year' is clicked on

2018-11-16 10:54:34 - [TEST_STEP][PASSED] - delay: Delayed 2 second(s)

2018-11-16 10:54:36 - [MESSAGE][PASSED] - Delayed 2 second(s)

2018-11-16 10:54:36 - [TEST_STEP][PASSED] - click: Object: 'Object Repository/Final Object Repo/New Registration - Registration Module Pages/Form 2/Socso Employment Start Date Day' is clicked on

2018-11-16 10:54:36 - [MESSAGE][PASSED] - Object: 'Object Repository/Final Object Repo/New Registration - Registration Module Pages/Form 2/Socso Employment Start Date Day' is clicked on

2018-11-16 10:54:36 - [TEST_STEP][PASSED] - delay: Delayed 2 second(s)

2018-11-16 10:54:38 - [MESSAGE][PASSED] - Delayed 2 second(s)

2018-11-16 10:54:38 - [TEST_STEP][PASSED] - click: Object: 'Object Repository/Final Object Repo/New Registration - Registration Module Pages/Form 2/Save Button for Add Employee' is clicked on

2018-11-16 10:54:40 - [MESSAGE][PASSED] - Object: 'Object Repository/Final Object Repo/New Registration - Registration Module Pages/Form 2/Save Button for Add Employee' is clicked on

2018-11-16 10:54:40 - [TEST_STEP][PASSED] - delay: Delayed 6 second(s)

2018-11-16 10:54:46 - [MESSAGE][PASSED] - Delayed 6 second(s)

2018-11-16 10:54:46 - [TEST_STEP][PASSED] - click: Object: 'Object Repository/Final Object Repo/New Registration - Registration Module Pages/Form 2/Save and Continue Form 2' is clicked on

2018-11-16 10:54:47 - [MESSAGE][PASSED] - Object: 'Object Repository/Final Object Repo/New Registration - Registration Module Pages/Form 2/Save and Continue Form 2' is clicked on

2018-11-16 10:54:47 - [MESSAGE][PASSED] - Call Test Case 'Test Cases/Final Aug 2018 - PKS Automation/Registration Module/New Registration/Form 2/Add 1 Eligible - Employer Account Use' successfully

2018-11-16 10:54:47 - [TEST_STEP][PASSED] - callTestCase: Call Test Case 'Test Cases/Final Aug 2018 - PKS Automation/Registration Module/New Registration/Flow of New Registration/Third Screen - Upload Supporting Doc - Preview' successfully

2018-11-16 10:54:47 - [TEST_CASE][PASSED] - Test Cases/Final Aug 2018 - PKS Automation/Registration Module/New Registration/Flow of New Registration/Third Screen - Upload Supporting Doc - Preview: Test Cases/Final Aug 2018 - PKS Automation/Registration Module/New Registration/Flow of New Registration/Third Screen - Upload Supporting Doc - Preview

2018-11-16 10:54:48 - [TEST_STEP][PASSED] - waitForPageLoad: Wait for page load successfully

2018-11-16 10:54:48 - [MESSAGE][PASSED] - Wait for page load successfully

2018-11-16 10:54:48 - [TEST_STEP][PASSED] - Statement - CaseReferenceNo = com.kms.katalon.core.webui.keyword.WebUiBuiltInKeywords.getText(com.kms.katalon.core.testobject.ObjectRepository.findTestObject(Final Object Repo/New Registration - Registration Module Pages/Third Screen - Upload Supporting Doc- Preview/RefNo Acquiring)): Text of object 'Object Repository/Final Object Repo/New Registration - Registration Module Pages/Third Screen - Upload Supporting Doc- Preview/RefNo Acquiring' is: 'CRN11201800122522'

2018-11-16 10:54:48 - [MESSAGE][PASSED] - Text of object 'Object Repository/Final Object Repo/New Registration - Registration Module Pages/Third Screen - Upload Supporting Doc- Preview/RefNo Acquiring' is: 'CRN11201800122522'

2018-11-16 10:54:48 - [TEST_STEP][PASSED] - delay: Delayed 2 second(s)

2018-11-16 10:54:50 - [MESSAGE][PASSED] - Delayed 2 second(s)

2018-11-16 10:54:50 - [TEST_STEP][PASSED] - callTestCase: Call Test Case 'Test Cases/Final Aug 2018 - PKS Automation/Common/Reference Number Setter' successfully

2018-11-16 10:54:50 - [TEST_CASE][PASSED] - Test Cases/Final Aug 2018 - PKS Automation/Common/Reference Number Setter: Test Cases/Final Aug 2018 - PKS Automation/Common/Reference Number Setter

2018-11-16 10:54:50 - [TEST_STEP][PASSED] - Statement - RefNoOldFile = new java.io.File(C://KatalonReference.txt): null

2018-11-16 10:54:50 - [TEST_STEP][PASSED] - Statement - RefNoOldFile.delete(): null

2018-11-16 10:54:50 - [TEST_STEP][PASSED] - delay: Delayed 5 second(s)

2018-11-16 10:54:55 - [MESSAGE][PASSED] - Delayed 5 second(s)

2018-11-16 10:54:55 - [TEST_STEP][PASSED] - Statement - RefNo = new java.io.File(C://KatalonReference.txt): null

2018-11-16 10:54:55 - [TEST_STEP][PASSED] - Statement - f2 = new java.io.FileWriter(RefNo, false): null

2018-11-16 10:54:55 - [TEST_STEP][PASSED] - Statement - f2.write(CaseReferenceNo): null

2018-11-16 10:54:55 - [TEST_STEP][PASSED] - Statement - f2.close(): null

2018-11-16 10:54:55 - [TEST_STEP][PASSED] - Statement - out.println("


" + CaseReferenceNo + "


"): null

2018-11-16 10:54:55 - [MESSAGE][PASSED] - Call Test Case 'Test Cases/Final Aug 2018 - PKS Automation/Common/Reference Number Setter' successfully

2018-11-16 10:54:55 - [TEST_STEP][PASSED] - waitForElementClickable: Object 'Object Repository/Final Object Repo/New Registration - Registration Module Pages/Third Screen - Upload Supporting Doc- Preview/Save n Continue in SIP Employee Listing Page' is clickable

2018-11-16 10:54:56 - [MESSAGE][PASSED] - Object 'Object Repository/Final Object Repo/New Registration - Registration Module Pages/Third Screen - Upload Supporting Doc- Preview/Save n Continue in SIP Employee Listing Page' is clickable

2018-11-16 10:54:56 - [TEST_STEP][PASSED] - click: Object: 'Object Repository/Final Object Repo/New Registration - Registration Module Pages/Third Screen - Upload Supporting Doc- Preview/Save n Continue in SIP Employee Listing Page' is clicked on

2018-11-16 10:55:02 - [MESSAGE][PASSED] - Object: 'Object Repository/Final Object Repo/New Registration - Registration Module Pages/Third Screen - Upload Supporting Doc- Preview/Save n Continue in SIP Employee Listing Page' is clicked on

2018-11-16 10:55:02 - [TEST_STEP][PASSED] - delay: Delayed 6 second(s)

2018-11-16 10:55:08 - [MESSAGE][PASSED] - Delayed 6 second(s)

2018-11-16 10:55:08 - [TEST_STEP][PASSED] - click: Object: 'Object Repository/Final Object Repo/New Registration - Registration Module Pages/Third Screen - Upload Supporting Doc- Preview/Add Document Button' is clicked on

2018-11-16 10:55:08 - [MESSAGE][PASSED] - Object: 'Object Repository/Final Object Repo/New Registration - Registration Module Pages/Third Screen - Upload Supporting Doc- Preview/Add Document Button' is clicked on

2018-11-16 10:55:08 - [TEST_STEP][PASSED] - delay: Delayed 30 second(s)

2018-11-16 10:55:38 - [MESSAGE][PASSED] - Delayed 30 second(s)

2018-11-16 10:55:38 - [TEST_STEP][PASSED] - click: Object: 'Object Repository/Final Object Repo/New Registration - Registration Module Pages/Third Screen - Upload Supporting Doc- Preview/Supporting Doc Please Select Drop Down' is clicked on

2018-11-16 10:55:38 - [MESSAGE][PASSED] - Object: 'Object Repository/Final Object Repo/New Registration - Registration Module Pages/Third Screen - Upload Supporting Doc- Preview/Supporting Doc Please Select Drop Down' is clicked on

2018-11-16 10:55:38 - [TEST_STEP][PASSED] - delay: Delayed 2 second(s)

2018-11-16 10:55:40 - [MESSAGE][PASSED] - Delayed 2 second(s)

2018-11-16 10:55:40 - [TEST_STEP][PASSED] - click: Object: 'Object Repository/Final Object Repo/New Registration - Registration Module Pages/Third Screen - Upload Supporting Doc- Preview/Select to Upload Form 1' is clicked on

2018-11-16 10:55:41 - [MESSAGE][PASSED] - Object: 'Object Repository/Final Object Repo/New Registration - Registration Module Pages/Third Screen - Upload Supporting Doc- Preview/Select to Upload Form 1' is clicked on

2018-11-16 10:55:41 - [TEST_STEP][PASSED] - delay: Delayed 2 second(s)

2018-11-16 10:55:43 - [MESSAGE][PASSED] - Delayed 2 second(s)

2018-11-16 10:55:43 - [TEST_STEP][PASSED] - uploadFile: File 'C:\Users\Public\Pictures\Sample Pictures\Act.jpg' sent to object: 'Object Repository/Final Object Repo/New Registration - Registration Module Pages/Third Screen - Upload Supporting Doc- Preview/Upload File Adding'

2018-11-16 10:55:43 - [MESSAGE][PASSED] - File 'C:\Users\Public\Pictures\Sample Pictures\Act.jpg' sent to object: 'Object Repository/Final Object Repo/New Registration - Registration Module Pages/Third Screen - Upload Supporting Doc- Preview/Upload File Adding'

2018-11-16 10:55:43 - [TEST_STEP][PASSED] - delay: Delayed 5 second(s)

2018-11-16 10:55:48 - [MESSAGE][PASSED] - Delayed 5 second(s)

2018-11-16 10:55:48 - [TEST_STEP][PASSED] - click: Object: 'Object Repository/Final Object Repo/New Registration - Registration Module Pages/Third Screen - Upload Supporting Doc- Preview/Inner Form Add Document Button' is clicked on

2018-11-16 10:55:54 - [MESSAGE][PASSED] - Object: 'Object Repository/Final Object Repo/New Registration - Registration Module Pages/Third Screen - Upload Supporting Doc- Preview/Inner Form Add Document Button' is clicked on

2018-11-16 10:55:54 - [TEST_STEP][PASSED] - delay: Delayed 3 second(s)

2018-11-16 10:55:57 - [MESSAGE][PASSED] - Delayed 3 second(s)

2018-11-16 10:55:57 - [TEST_STEP][PASSED] - click: Object: 'Object Repository/Final Object Repo/New Registration - Registration Module Pages/Third Screen - Upload Supporting Doc- Preview/Add Document Button' is clicked on

2018-11-16 10:55:57 - [MESSAGE][PASSED] - Object: 'Object Repository/Final Object Repo/New Registration - Registration Module Pages/Third Screen - Upload Supporting Doc- Preview/Add Document Button' is clicked on

2018-11-16 10:55:57 - [TEST_STEP][PASSED] - delay: Delayed 30 second(s)

2018-11-16 10:56:27 - [MESSAGE][PASSED] - Delayed 30 second(s)

2018-11-16 10:56:27 - [TEST_STEP][PASSED] - click: Object: 'Object Repository/Final Object Repo/New Registration - Registration Module Pages/Third Screen - Upload Supporting Doc- Preview/Supporting Doc Please Select Drop Down' is clicked on

2018-11-16 10:56:27 - [MESSAGE][PASSED] - Object: 'Object Repository/Final Object Repo/New Registration - Registration Module Pages/Third Screen - Upload Supporting Doc- Preview/Supporting Doc Please Select Drop Down' is clicked on

2018-11-16 10:56:27 - [TEST_STEP][PASSED] - delay: Delayed 2 second(s)

2018-11-16 10:56:29 - [MESSAGE][PASSED] - Delayed 2 second(s)

2018-11-16 10:56:29 - [TEST_STEP][PASSED] - click: Object: 'Object Repository/Final Object Repo/New Registration - Registration Module Pages/Third Screen - Upload Supporting Doc- Preview/Select to Upload Form 2' is clicked on

2018-11-16 10:56:30 - [MESSAGE][PASSED] - Object: 'Object Repository/Final Object Repo/New Registration - Registration Module Pages/Third Screen - Upload Supporting Doc- Preview/Select to Upload Form 2' is clicked on

2018-11-16 10:56:30 - [TEST_STEP][PASSED] - delay: Delayed 2 second(s)

2018-11-16 10:56:32 - [MESSAGE][PASSED] - Delayed 2 second(s)

2018-11-16 10:56:32 - [TEST_STEP][PASSED] - uploadFile: File 'C:\Users\Public\Pictures\Sample Pictures\Act.jpg' sent to object: 'Object Repository/Final Object Repo/New Registration - Registration Module Pages/Third Screen - Upload Supporting Doc- Preview/Upload File Adding'

2018-11-16 10:56:32 - [MESSAGE][PASSED] - File 'C:\Users\Public\Pictures\Sample Pictures\Act.jpg' sent to object: 'Object Repository/Final Object Repo/New Registration - Registration Module Pages/Third Screen - Upload Supporting Doc- Preview/Upload File Adding'

2018-11-16 10:56:32 - [TEST_STEP][PASSED] - click: Object: 'Object Repository/Final Object Repo/New Registration - Registration Module Pages/Third Screen - Upload Supporting Doc- Preview/Inner Form Add Document Button' is clicked on

2018-11-16 10:56:38 - [MESSAGE][PASSED] - Object: 'Object Repository/Final Object Repo/New Registration - Registration Module Pages/Third Screen - Upload Supporting Doc- Preview/Inner Form Add Document Button' is clicked on

2018-11-16 10:56:38 - [TEST_STEP][PASSED] - delay: Delayed 4 second(s)

2018-11-16 10:56:42 - [MESSAGE][PASSED] - Delayed 4 second(s)

2018-11-16 10:56:42 - [TEST_STEP][PASSED] - click: Object: 'Object Repository/Final Object Repo/New Registration - Registration Module Pages/Third Screen - Upload Supporting Doc- Preview/Add Document Button' is clicked on

2018-11-16 10:56:42 - [MESSAGE][PASSED] - Object: 'Object Repository/Final Object Repo/New Registration - Registration Module Pages/Third Screen - Upload Supporting Doc- Preview/Add Document Button' is clicked on

2018-11-16 10:56:42 - [TEST_STEP][PASSED] - delay: Delayed 30 second(s)

2018-11-16 10:57:12 - [MESSAGE][PASSED] - Delayed 30 second(s)

2018-11-16 10:57:12 - [TEST_STEP][PASSED] - click: Object: 'Object Repository/Final Object Repo/New Registration - Registration Module Pages/Third Screen - Upload Supporting Doc- Preview/Supporting Doc Please Select Drop Down' is clicked on

2018-11-16 10:57:12 - [MESSAGE][PASSED] - Object: 'Object Repository/Final Object Repo/New Registration - Registration Module Pages/Third Screen - Upload Supporting Doc- Preview/Supporting Doc Please Select Drop Down' is clicked on

2018-11-16 10:57:12 - [TEST_STEP][PASSED] - click: Object: 'Object Repository/Final Object Repo/New Registration - Registration Module Pages/Third Screen - Upload Supporting Doc- Preview/Select to Upload Borang SIP 1' is clicked on

2018-11-16 10:57:13 - [MESSAGE][PASSED] - Object: 'Object Repository/Final Object Repo/New Registration - Registration Module Pages/Third Screen - Upload Supporting Doc- Preview/Select to Upload Borang SIP 1' is clicked on

2018-11-16 10:57:13 - [TEST_STEP][PASSED] - delay: Delayed 2 second(s)

2018-11-16 10:57:15 - [MESSAGE][PASSED] - Delayed 2 second(s)

2018-11-16 10:57:15 - [TEST_STEP][PASSED] - uploadFile: File 'C:\Users\Public\Pictures\Sample Pictures\Act.jpg' sent to object: 'Object Repository/Final Object Repo/New Registration - Registration Module Pages/Third Screen - Upload Supporting Doc- Preview/Upload File Adding'

2018-11-16 10:57:15 - [MESSAGE][PASSED] - File 'C:\Users\Public\Pictures\Sample Pictures\Act.jpg' sent to object: 'Object Repository/Final Object Repo/New Registration - Registration Module Pages/Third Screen - Upload Supporting Doc- Preview/Upload File Adding'

2018-11-16 10:57:15 - [TEST_STEP][PASSED] - click: Object: 'Object Repository/Final Object Repo/New Registration - Registration Module Pages/Third Screen - Upload Supporting Doc- Preview/Inner Form Add Document Button' is clicked on

2018-11-16 10:57:21 - [MESSAGE][PASSED] - Object: 'Object Repository/Final Object Repo/New Registration - Registration Module Pages/Third Screen - Upload Supporting Doc- Preview/Inner Form Add Document Button' is clicked on

2018-11-16 10:57:21 - [TEST_STEP][PASSED] - delay: Delayed 5 second(s)

2018-11-16 10:57:26 - [MESSAGE][PASSED] - Delayed 5 second(s)

2018-11-16 10:57:26 - [TEST_STEP][PASSED] - click: Object: 'Object Repository/Final Object Repo/New Registration - Registration Module Pages/Third Screen - Upload Supporting Doc- Preview/Add Document Button' is clicked on

2018-11-16 10:57:26 - [MESSAGE][PASSED] - Object: 'Object Repository/Final Object Repo/New Registration - Registration Module Pages/Third Screen - Upload Supporting Doc- Preview/Add Document Button' is clicked on

2018-11-16 10:57:26 - [TEST_STEP][PASSED] - delay: Delayed 30 second(s)

2018-11-16 10:57:56 - [MESSAGE][PASSED] - Delayed 30 second(s)

2018-11-16 10:57:56 - [TEST_STEP][PASSED] - click: Object: 'Object Repository/Final Object Repo/New Registration - Registration Module Pages/Third Screen - Upload Supporting Doc- Preview/Supporting Doc Please Select Drop Down' is clicked on

2018-11-16 10:57:56 - [MESSAGE][PASSED] - Object: 'Object Repository/Final Object Repo/New Registration - Registration Module Pages/Third Screen - Upload Supporting Doc- Preview/Supporting Doc Please Select Drop Down' is clicked on

2018-11-16 10:57:56 - [TEST_STEP][PASSED] - delay: Delayed 3 second(s)

2018-11-16 10:57:59 - [MESSAGE][PASSED] - Delayed 3 second(s)

2018-11-16 10:57:59 - [TEST_STEP][PASSED] - click: Object: 'Object Repository/Final Object Repo/New Registration - Registration Module Pages/Third Screen - Upload Supporting Doc- Preview/Select to Upload Borang SIP 2' is clicked on

2018-11-16 10:58:00 - [MESSAGE][PASSED] - Object: 'Object Repository/Final Object Repo/New Registration - Registration Module Pages/Third Screen - Upload Supporting Doc- Preview/Select to Upload Borang SIP 2' is clicked on

2018-11-16 10:58:00 - [TEST_STEP][PASSED] - delay: Delayed 2 second(s)

2018-11-16 10:58:02 - [MESSAGE][PASSED] - Delayed 2 second(s)

2018-11-16 10:58:02 - [TEST_STEP][PASSED] - uploadFile: File 'C:\Users\Public\Pictures\Sample Pictures\Act.jpg' sent to object: 'Object Repository/Final Object Repo/New Registration - Registration Module Pages/Third Screen - Upload Supporting Doc- Preview/Upload File Adding'

2018-11-16 10:58:02 - [MESSAGE][PASSED] - File 'C:\Users\Public\Pictures\Sample Pictures\Act.jpg' sent to object: 'Object Repository/Final Object Repo/New Registration - Registration Module Pages/Third Screen - Upload Supporting Doc- Preview/Upload File Adding'

2018-11-16 10:58:02 - [TEST_STEP][PASSED] - delay: Delayed 5 second(s)

2018-11-16 10:58:07 - [MESSAGE][PASSED] - Delayed 5 second(s)

2018-11-16 10:58:07 - [TEST_STEP][PASSED] - click: Object: 'Object Repository/Final Object Repo/New Registration - Registration Module Pages/Third Screen - Upload Supporting Doc- Preview/Inner Form Add Document Button' is clicked on

2018-11-16 10:58:08 - [MESSAGE][PASSED] - Object: 'Object Repository/Final Object Repo/New Registration - Registration Module Pages/Third Screen - Upload Supporting Doc- Preview/Inner Form Add Document Button' is clicked on

2018-11-16 10:58:08 - [TEST_STEP][PASSED] - delay: Delayed 3 second(s)

2018-11-16 10:58:11 - [MESSAGE][PASSED] - Delayed 3 second(s)

2018-11-16 10:58:11 - [TEST_STEP][PASSED] - waitForElementClickable: Object 'Object Repository/Final Object Repo/New Registration - Registration Module Pages/Third Screen - Upload Supporting Doc- Preview/Save n Continue in Uploading Supporting Doc Page' is clickable

2018-11-16 10:58:13 - [MESSAGE][PASSED] - Object 'Object Repository/Final Object Repo/New Registration - Registration Module Pages/Third Screen - Upload Supporting Doc- Preview/Save n Continue in Uploading Supporting Doc Page' is clickable

2018-11-16 10:58:13 - [TEST_STEP][PASSED] - click: Object: 'Object Repository/Final Object Repo/New Registration - Registration Module Pages/Third Screen - Upload Supporting Doc- Preview/Save n Continue in Uploading Supporting Doc Page' is clicked on

2018-11-16 10:58:18 - [MESSAGE][PASSED] - Object: 'Object Repository/Final Object Repo/New Registration - Registration Module Pages/Third Screen - Upload Supporting Doc- Preview/Save n Continue in Uploading Supporting Doc Page' is clicked on

2018-11-16 10:58:18 - [MESSAGE][PASSED] - Call Test Case 'Test Cases/Final Aug 2018 - PKS Automation/Registration Module/New Registration/Flow of New Registration/Third Screen - Upload Supporting Doc - Preview' successfully

2018-11-16 10:58:18 - [TEST_STEP][PASSED] - setText: Text 'Tester' is set on object 'Object Repository/Final Object Repo/New Registration - Registration Module Pages/New Reg - OTC to RO/Special Case - All Related Objects/Employer Preview Name'

2018-11-16 10:58:18 - [MESSAGE][PASSED] - Text 'Tester' is set on object 'Object Repository/Final Object Repo/New Registration - Registration Module Pages/New Reg - OTC to RO/Special Case - All Related Objects/Employer Preview Name'

2018-11-16 10:58:18 - [TEST_STEP][PASSED] - click: Object: 'Object Repository/Final Object Repo/New Registration - Registration Module Pages/New Reg - OTC to RO/Special Case - All Related Objects/IC Type Drop Down' is clicked on

2018-11-16 10:58:19 - [MESSAGE][PASSED] - Object: 'Object Repository/Final Object Repo/New Registration - Registration Module Pages/New Reg - OTC to RO/Special Case - All Related Objects/IC Type Drop Down' is clicked on

2018-11-16 10:58:19 - [TEST_STEP][PASSED] - click: Object: 'Object Repository/Final Object Repo/New Registration - Registration Module Pages/New Reg - OTC to RO/Special Case - All Related Objects/Select to NRIC' is clicked on

2018-11-16 10:58:20 - [MESSAGE][PASSED] - Object: 'Object Repository/Final Object Repo/New Registration - Registration Module Pages/New Reg - OTC to RO/Special Case - All Related Objects/Select to NRIC' is clicked on

2018-11-16 10:58:20 - [TEST_STEP][PASSED] - setText: Text '133245561223' is set on object 'Object Repository/Final Object Repo/New Registration - Registration Module Pages/New Reg - OTC to RO/Special Case - All Related Objects/IC Value'

2018-11-16 10:58:20 - [MESSAGE][PASSED] - Text '133245561223' is set on object 'Object Repository/Final Object Repo/New Registration - Registration Module Pages/New Reg - OTC to RO/Special Case - All Related Objects/IC Value'

2018-11-16 10:58:20 - [TEST_STEP][PASSED] - setText: Text 'Auto' is set on object 'Object Repository/Final Object Repo/New Registration - Registration Module Pages/New Reg - OTC to RO/Special Case - All Related Objects/Designation'

2018-11-16 10:58:20 - [MESSAGE][PASSED] - Text 'Auto' is set on object 'Object Repository/Final Object Repo/New Registration - Registration Module Pages/New Reg - OTC to RO/Special Case - All Related Objects/Designation'

2018-11-16 10:58:20 - [TEST_STEP][PASSED] - callTestCase: Call Test Case 'Test Cases/Final Aug 2018 - PKS Automation/Registration Module/New Registration/Submit and Screenshot/Submit Registration and Screenshot - Copy' successfully

2018-11-16 10:58:20 - [TEST_CASE][PASSED] - Test Cases/Final Aug 2018 - PKS Automation/Registration Module/New Registration/Submit and Screenshot/Submit Registration and Screenshot - Copy: Test Cases/Final Aug 2018 - PKS Automation/Registration Module/New Registration/Submit and Screenshot/Submit Registration and Screenshot - Copy

2018-11-16 10:58:20 - [TEST_STEP][PASSED] - delay: Delayed 6 second(s)

2018-11-16 10:58:26 - [MESSAGE][PASSED] - Delayed 6 second(s)

2018-11-16 10:58:26 - [TEST_STEP][PASSED] - click: Object: 'Object Repository/Final Object Repo/New Registration - Registration Module Pages/Third Screen - Upload Supporting Doc- Preview/Preview Submit Button' is clicked on

2018-11-16 10:58:27 - [MESSAGE][PASSED] - Object: 'Object Repository/Final Object Repo/New Registration - Registration Module Pages/Third Screen - Upload Supporting Doc- Preview/Preview Submit Button' is clicked on

2018-11-16 10:58:27 - [TEST_STEP][PASSED] - delay: Delayed 2 second(s)

2018-11-16 10:58:29 - [MESSAGE][PASSED] - Delayed 2 second(s)

2018-11-16 10:58:29 - [TEST_STEP][PASSED] - click: Object: 'Object Repository/Final Object Repo/New Registration - Registration Module Pages/Third Screen - Upload Supporting Doc- Preview/Preview Submit - Confirm' is clicked on

2018-11-16 10:58:34 - [MESSAGE][PASSED] - Object: 'Object Repository/Final Object Repo/New Registration - Registration Module Pages/Third Screen - Upload Supporting Doc- Preview/Preview Submit - Confirm' is clicked on

2018-11-16 10:58:34 - [TEST_STEP][PASSED] - delay: Delayed 15 second(s)

2018-11-16 10:58:49 - [MESSAGE][PASSED] - Delayed 15 second(s)

2018-11-16 10:58:49 - [TEST_STEP][PASSED] - Statement - driver = com.kms.katalon.core.webui.driver.DriverFactory.getWebDriver(): null

2018-11-16 10:58:49 - [TEST_STEP][PASSED] - Statement - driver.manage().timeouts().implicitlyWait(10, SECONDS): null

2018-11-16 10:58:49 - [TEST_STEP][PASSED] - Statement - PresavePath = KatalonScreenshots: null

2018-11-16 10:58:49 - [TEST_STEP][PASSED] - Statement - pathPrefix = "C:\Users\Public\Pictures\Sample Pictures\Katalon Screenshots\Automate Ending Screen": null

2018-11-16 10:58:49 - [TEST_STEP][PASSED] - Statement - finalPath = <not implemented yet for class: org.codehaus.groovy.ast.expr.EmptyExpression>: null

2018-11-16 10:58:49 - [TEST_STEP][PASSED] - Statement - scrFile = driver.getScreenshotAs(FILE): null

2018-11-16 10:58:49 - [TEST_STEP][PASSED] - Statement - PreSaveFile = new java.io.File(PresavePath): null

2018-11-16 10:58:49 - [TEST_STEP][PASSED] - Statement - counter = 0: null

2018-11-16 10:58:49 - [TEST_STEP][PASSED] - Statement - If (PreSaveFile.exists()): null

2018-11-16 10:58:49 - [TEST_STEP][PASSED] - Statement - While (PreSaveFile.exists()): null

2018-11-16 10:58:49 - [TEST_STEP][PASSED] - Statement - counter = counter + 1: null

2018-11-16 10:58:49 - [TEST_STEP][PASSED] - Statement - PreSaveFile = new java.io.File(((pathPrefix + java.lang.Integer.toString(counter)) + .png)): null

2018-11-16 10:58:49 - [TEST_STEP][PASSED] - Statement - counter = counter + 1: null

2018-11-16 10:58:49 - [TEST_STEP][PASSED] - Statement - PreSaveFile = new java.io.File(((pathPrefix + java.lang.Integer.toString(counter)) + .png)): null

2018-11-16 10:58:49 - [TEST_STEP][PASSED] - Statement - counter = counter + 1: null

2018-11-16 10:58:49 - [TEST_STEP][PASSED] - Statement - PreSaveFile = new java.io.File(((pathPrefix + java.lang.Integer.toString(counter)) + .png)): null

2018-11-16 10:58:49 - [TEST_STEP][PASSED] - Statement - counter = counter + 1: null

2018-11-16 10:58:49 - [TEST_STEP][PASSED] - Statement - PreSaveFile = new java.io.File(((pathPrefix + java.lang.Integer.toString(counter)) + .png)): null

2018-11-16 10:58:49 - [TEST_STEP][PASSED] - Statement - counter = counter + 1: null

2018-11-16 10:58:49 - [TEST_STEP][PASSED] - Statement - PreSaveFile = new java.io.File(((pathPrefix + java.lang.Integer.toString(counter)) + .png)): null

2018-11-16 10:58:49 - [TEST_STEP][PASSED] - Statement - counter = counter + 1: null

2018-11-16 10:58:49 - [TEST_STEP][PASSED] - Statement - PreSaveFile = new java.io.File(((pathPrefix + java.lang.Integer.toString(counter)) + .png)): null

2018-11-16 10:58:49 - [TEST_STEP][PASSED] - Statement - counter = counter + 1: null

2018-11-16 10:58:49 - [TEST_STEP][PASSED] - Statement - PreSaveFile = new java.io.File(((pathPrefix + java.lang.Integer.toString(counter)) + .png)): null

2018-11-16 10:58:49 - [TEST_STEP][PASSED] - Statement - counter = counter + 1: null

2018-11-16 10:58:49 - [TEST_STEP][PASSED] - Statement - PreSaveFile = new java.io.File(((pathPrefix + java.lang.Integer.toString(counter)) + .png)): null

2018-11-16 10:58:49 - [TEST_STEP][PASSED] - Statement - counter = counter + 1: null

2018-11-16 10:58:49 - [TEST_STEP][PASSED] - Statement - PreSaveFile = new java.io.File(((pathPrefix + java.lang.Integer.toString(counter)) + .png)): null

2018-11-16 10:58:49 - [TEST_STEP][PASSED] - Statement - counter = counter + 1: null

2018-11-16 10:58:49 - [TEST_STEP][PASSED] - Statement - PreSaveFile = new java.io.File(((pathPrefix + java.lang.Integer.toString(counter)) + .png)): null

2018-11-16 10:58:49 - [TEST_STEP][PASSED] - Statement - counter = counter + 1: null

2018-11-16 10:58:49 - [TEST_STEP][PASSED] - Statement - PreSaveFile = new java.io.File(((pathPrefix + java.lang.Integer.toString(counter)) + .png)): null

2018-11-16 10:58:49 - [TEST_STEP][PASSED] - Statement - counter = counter + 1: null

2018-11-16 10:58:49 - [TEST_STEP][PASSED] - Statement - PreSaveFile = new java.io.File(((pathPrefix + java.lang.Integer.toString(counter)) + .png)): null

2018-11-16 10:58:49 - [TEST_STEP][PASSED] - Statement - counter = counter + 1: null

2018-11-16 10:58:49 - [TEST_STEP][PASSED] - Statement - PreSaveFile = new java.io.File(((pathPrefix + java.lang.Integer.toString(counter)) + .png)): null

2018-11-16 10:58:49 - [TEST_STEP][PASSED] - Statement - counter = counter + 1: null

2018-11-16 10:58:49 - [TEST_STEP][PASSED] - Statement - PreSaveFile = new java.io.File(((pathPrefix + java.lang.Integer.toString(counter)) + .png)): null

2018-11-16 10:58:49 - [TEST_STEP][PASSED] - Statement - counter = counter + 1: null

2018-11-16 10:58:49 - [TEST_STEP][PASSED] - Statement - PreSaveFile = new java.io.File(((pathPrefix + java.lang.Integer.toString(counter)) + .png)): null

2018-11-16 10:58:49 - [TEST_STEP][PASSED] - Statement - counter = counter + 1: null

2018-11-16 10:58:49 - [TEST_STEP][PASSED] - Statement - PreSaveFile = new java.io.File(((pathPrefix + java.lang.Integer.toString(counter)) + .png)): null

2018-11-16 10:58:49 - [TEST_STEP][PASSED] - Statement - counter = counter + 1: null

2018-11-16 10:58:49 - [TEST_STEP][PASSED] - Statement - PreSaveFile = new java.io.File(((pathPrefix + java.lang.Integer.toString(counter)) + .png)): null

2018-11-16 10:58:49 - [TEST_STEP][PASSED] - Statement - counter = counter + 1: null

2018-11-16 10:58:49 - [TEST_STEP][PASSED] - Statement - PreSaveFile = new java.io.File(((pathPrefix + java.lang.Integer.toString(counter)) + .png)): null

2018-11-16 10:58:49 - [TEST_STEP][PASSED] - Statement - counter = counter + 1: null

2018-11-16 10:58:49 - [TEST_STEP][PASSED] - Statement - PreSaveFile = new java.io.File(((pathPrefix + java.lang.Integer.toString(counter)) + .png)): null

2018-11-16 10:58:49 - [TEST_STEP][PASSED] - Statement - counter = counter + 1: null

2018-11-16 10:58:49 - [TEST_STEP][PASSED] - Statement - PreSaveFile = new java.io.File(((pathPrefix + java.lang.Integer.toString(counter)) + .png)): null

2018-11-16 10:58:49 - [TEST_STEP][PASSED] - Statement - counter = counter + 1: null

2018-11-16 10:58:49 - [TEST_STEP][PASSED] - Statement - PreSaveFile = new java.io.File(((pathPrefix + java.lang.Integer.toString(counter)) + .png)): null

2018-11-16 10:58:49 - [TEST_STEP][PASSED] - Statement - counter = counter + 1: null

2018-11-16 10:58:49 - [TEST_STEP][PASSED] - Statement - PreSaveFile = new java.io.File(((pathPrefix + java.lang.Integer.toString(counter)) + .png)): null

2018-11-16 10:58:49 - [TEST_STEP][PASSED] - Statement - counter = counter + 1: null

2018-11-16 10:58:49 - [TEST_STEP][PASSED] - Statement - PreSaveFile = new java.io.File(((pathPrefix + java.lang.Integer.toString(counter)) + .png)): null

2018-11-16 10:58:49 - [TEST_STEP][PASSED] - Statement - counter = counter + 1: null

2018-11-16 10:58:50 - [TEST_STEP][PASSED] - Statement - PreSaveFile = new java.io.File(((pathPrefix + java.lang.Integer.toString(counter)) + .png)): null

2018-11-16 10:58:50 - [TEST_STEP][PASSED] - Statement - counter = counter + 1: null

2018-11-16 10:58:50 - [TEST_STEP][PASSED] - Statement - PreSaveFile = new java.io.File(((pathPrefix + java.lang.Integer.toString(counter)) + .png)): null

2018-11-16 10:58:50 - [TEST_STEP][PASSED] - Statement - counter = counter + 1: null

2018-11-16 10:58:50 - [TEST_STEP][PASSED] - Statement - PreSaveFile = new java.io.File(((pathPrefix + java.lang.Integer.toString(counter)) + .png)): null

2018-11-16 10:58:50 - [TEST_STEP][PASSED] - Statement - counter = counter + 1: null

2018-11-16 10:58:50 - [TEST_STEP][PASSED] - Statement - PreSaveFile = new java.io.File(((pathPrefix + java.lang.Integer.toString(counter)) + .png)): null

2018-11-16 10:58:50 - [TEST_STEP][PASSED] - Statement - counter = counter + 1: null

2018-11-16 10:58:50 - [TEST_STEP][PASSED] - Statement - PreSaveFile = new java.io.File(((pathPrefix + java.lang.Integer.toString(counter)) + .png)): null

2018-11-16 10:58:50 - [TEST_STEP][PASSED] - Statement - counter = counter + 1: null

2018-11-16 10:58:50 - [TEST_STEP][PASSED] - Statement - PreSaveFile = new java.io.File(((pathPrefix + java.lang.Integer.toString(counter)) + .png)): null

2018-11-16 10:58:50 - [TEST_STEP][PASSED] - Statement - counter = counter + 1: null

2018-11-16 10:58:50 - [TEST_STEP][PASSED] - Statement - PreSaveFile = new java.io.File(((pathPrefix + java.lang.Integer.toString(counter)) + .png)): null

2018-11-16 10:58:50 - [TEST_STEP][PASSED] - Statement - counter = counter + 1: null

2018-11-16 10:58:50 - [TEST_STEP][PASSED] - Statement - PreSaveFile = new java.io.File(((pathPrefix + java.lang.Integer.toString(counter)) + .png)): null

2018-11-16 10:58:50 - [TEST_STEP][PASSED] - Statement - counter = counter + 1: null

2018-11-16 10:58:50 - [TEST_STEP][PASSED] - Statement - PreSaveFile = new java.io.File(((pathPrefix + java.lang.Integer.toString(counter)) + .png)): null

2018-11-16 10:58:50 - [TEST_STEP][PASSED] - Statement - counter = counter + 1: null

2018-11-16 10:58:50 - [TEST_STEP][PASSED] - Statement - PreSaveFile = new java.io.File(((pathPrefix + java.lang.Integer.toString(counter)) + .png)): null

2018-11-16 10:58:50 - [TEST_STEP][PASSED] - Statement - counter = counter + 1: null

2018-11-16 10:58:50 - [TEST_STEP][PASSED] - Statement - PreSaveFile = new java.io.File(((pathPrefix + java.lang.Integer.toString(counter)) + .png)): null

2018-11-16 10:58:50 - [TEST_STEP][PASSED] - Statement - counter = counter + 1: null

2018-11-16 10:58:50 - [TEST_STEP][PASSED] - Statement - PreSaveFile = new java.io.File(((pathPrefix + java.lang.Integer.toString(counter)) + .png)): null

2018-11-16 10:58:50 - [TEST_STEP][PASSED] - Statement - counter = counter + 1: null

2018-11-16 10:58:50 - [TEST_STEP][PASSED] - Statement - PreSaveFile = new java.io.File(((pathPrefix + java.lang.Integer.toString(counter)) + .png)): null

2018-11-16 10:58:50 - [TEST_STEP][PASSED] - Statement - counter = counter + 1: null

2018-11-16 10:58:51 - [TEST_STEP][PASSED] - Statement - PreSaveFile = new java.io.File(((pathPrefix + java.lang.Integer.toString(counter)) + .png)): null

2018-11-16 10:58:51 - [TEST_STEP][PASSED] - Statement - counter = counter + 1: null

2018-11-16 10:58:51 - [TEST_STEP][PASSED] - Statement - PreSaveFile = new java.io.File(((pathPrefix + java.lang.Integer.toString(counter)) + .png)): null

2018-11-16 10:58:51 - [TEST_STEP][PASSED] - Statement - counter = counter + 1: null

2018-11-16 10:58:51 - [TEST_STEP][PASSED] - Statement - PreSaveFile = new java.io.File(((pathPrefix + java.lang.Integer.toString(counter)) + .png)): null

2018-11-16 10:58:51 - [TEST_STEP][PASSED] - Statement - counter = counter + 1: null

2018-11-16 10:58:51 - [TEST_STEP][PASSED] - Statement - PreSaveFile = new java.io.File(((pathPrefix + java.lang.Integer.toString(counter)) + .png)): null

2018-11-16 10:58:51 - [TEST_STEP][PASSED] - Statement - counter = counter + 1: null

2018-11-16 10:58:51 - [TEST_STEP][PASSED] - Statement - PreSaveFile = new java.io.File(((pathPrefix + java.lang.Integer.toString(counter)) + .png)): null

2018-11-16 10:58:51 - [TEST_STEP][PASSED] - Statement - counter = counter + 1: null

2018-11-16 10:58:51 - [TEST_STEP][PASSED] - Statement - PreSaveFile = new java.io.File(((pathPrefix + java.lang.Integer.toString(counter)) + .png)): null

2018-11-16 10:58:51 - [TEST_STEP][PASSED] - Statement - counter = counter + 1: null

2018-11-16 10:58:51 - [TEST_STEP][PASSED] - Statement - PreSaveFile = new java.io.File(((pathPrefix + java.lang.Integer.toString(counter)) + .png)): null

2018-11-16 10:58:51 - [TEST_STEP][PASSED] - Statement - counter = counter + 1: null

2018-11-16 10:58:51 - [TEST_STEP][PASSED] - Statement - PreSaveFile = new java.io.File(((pathPrefix + java.lang.Integer.toString(counter)) + .png)): null

2018-11-16 10:58:51 - [TEST_STEP][PASSED] - Statement - counter = counter + 1: null

2018-11-16 10:58:51 - [TEST_STEP][PASSED] - Statement - PreSaveFile = new java.io.File(((pathPrefix + java.lang.Integer.toString(counter)) + .png)): null

2018-11-16 10:58:51 - [TEST_STEP][PASSED] - Statement - counter = counter + 1: null

2018-11-16 10:58:51 - [TEST_STEP][PASSED] - Statement - PreSaveFile = new java.io.File(((pathPrefix + java.lang.Integer.toString(counter)) + .png)): null

2018-11-16 10:58:51 - [TEST_STEP][PASSED] - Statement - counter = counter + 1: null

2018-11-16 10:58:51 - [TEST_STEP][PASSED] - Statement - PreSaveFile = new java.io.File(((pathPrefix + java.lang.Integer.toString(counter)) + .png)): null

2018-11-16 10:58:51 - [TEST_STEP][PASSED] - Statement - counter = counter + 1: null

2018-11-16 10:58:51 - [TEST_STEP][PASSED] - Statement - PreSaveFile = new java.io.File(((pathPrefix + java.lang.Integer.toString(counter)) + .png)): null

2018-11-16 10:58:51 - [TEST_STEP][PASSED] - Statement - counter = counter + 1: null

2018-11-16 10:58:51 - [TEST_STEP][PASSED] - Statement - PreSaveFile = new java.io.File(((pathPrefix + java.lang.Integer.toString(counter)) + .png)): null

2018-11-16 10:58:51 - [TEST_STEP][PASSED] - Statement - counter = counter + 1: null

2018-11-16 10:58:51 - [TEST_STEP][PASSED] - Statement - PreSaveFile = new java.io.File(((pathPrefix + java.lang.Integer.toString(counter)) + .png)): null

2018-11-16 10:58:51 - [TEST_STEP][PASSED] - Statement - counter = counter + 1: null

2018-11-16 10:58:51 - [TEST_STEP][PASSED] - Statement - PreSaveFile = new java.io.File(((pathPrefix + java.lang.Integer.toString(counter)) + .png)): null

2018-11-16 10:58:51 - [TEST_STEP][PASSED] - Statement - counter = counter + 1: null

2018-11-16 10:58:51 - [TEST_STEP][PASSED] - Statement - PreSaveFile = new java.io.File(((pathPrefix + java.lang.Integer.toString(counter)) + .png)): null

2018-11-16 10:58:51 - [TEST_STEP][PASSED] - Statement - counter = counter + 1: null

2018-11-16 10:58:51 - [TEST_STEP][PASSED] - Statement - PreSaveFile = new java.io.File(((pathPrefix + java.lang.Integer.toString(counter)) + .png)): null

2018-11-16 10:58:52 - [TEST_STEP][PASSED] - Statement - counter = counter + 1: null

2018-11-16 10:58:52 - [TEST_STEP][PASSED] - Statement - PreSaveFile = new java.io.File(((pathPrefix + java.lang.Integer.toString(counter)) + .png)): null

2018-11-16 10:58:52 - [TEST_STEP][PASSED] - Statement - counter = counter + 1: null

2018-11-16 10:58:52 - [TEST_STEP][PASSED] - Statement - PreSaveFile = new java.io.File(((pathPrefix + java.lang.Integer.toString(counter)) + .png)): null

2018-11-16 10:58:52 - [TEST_STEP][PASSED] - Statement - counter = counter + 1: null

2018-11-16 10:58:52 - [TEST_STEP][PASSED] - Statement - PreSaveFile = new java.io.File(((pathPrefix + java.lang.Integer.toString(counter)) + .png)): null

2018-11-16 10:58:52 - [TEST_STEP][PASSED] - Statement - counter = counter + 1: null

2018-11-16 10:58:52 - [TEST_STEP][PASSED] - Statement - PreSaveFile = new java.io.File(((pathPrefix + java.lang.Integer.toString(counter)) + .png)): null

2018-11-16 10:58:52 - [TEST_STEP][PASSED] - Statement - counter = counter + 1: null

2018-11-16 10:58:52 - [TEST_STEP][PASSED] - Statement - PreSaveFile = new java.io.File(((pathPrefix + java.lang.Integer.toString(counter)) + .png)): null

2018-11-16 10:58:52 - [TEST_STEP][PASSED] - Statement - counter = counter + 1: null

2018-11-16 10:58:52 - [TEST_STEP][PASSED] - Statement - PreSaveFile = new java.io.File(((pathPrefix + java.lang.Integer.toString(counter)) + .png)): null

2018-11-16 10:58:53 - [TEST_STEP][PASSED] - Statement - counter = counter + 1: null

2018-11-16 10:58:53 - [TEST_STEP][PASSED] - Statement - PreSaveFile = new java.io.File(((pathPrefix + java.lang.Integer.toString(counter)) + .png)): null

2018-11-16 10:58:53 - [TEST_STEP][PASSED] - Statement - counter = counter + 1: null

2018-11-16 10:58:53 - [TEST_STEP][PASSED] - Statement - PreSaveFile = new java.io.File(((pathPrefix + java.lang.Integer.toString(counter)) + .png)): null

2018-11-16 10:58:53 - [TEST_STEP][PASSED] - Statement - counter = counter + 1: null

2018-11-16 10:58:53 - [TEST_STEP][PASSED] - Statement - PreSaveFile = new java.io.File(((pathPrefix + java.lang.Integer.toString(counter)) + .png)): null

2018-11-16 10:58:53 - [TEST_STEP][PASSED] - Statement - counter = counter + 1: null

2018-11-16 10:58:53 - [TEST_STEP][PASSED] - Statement - PreSaveFile = new java.io.File(((pathPrefix + java.lang.Integer.toString(counter)) + .png)): null

2018-11-16 10:58:53 - [TEST_STEP][PASSED] - Statement - counter = counter + 1: null

2018-11-16 10:58:53 - [TEST_STEP][PASSED] - Statement - PreSaveFile = new java.io.File(((pathPrefix + java.lang.Integer.toString(counter)) + .png)): null

2018-11-16 10:58:53 - [TEST_STEP][PASSED] - Statement - counter = counter + 1: null

2018-11-16 10:58:53 - [TEST_STEP][PASSED] - Statement - PreSaveFile = new java.io.File(((pathPrefix + java.lang.Integer.toString(counter)) + .png)): null

2018-11-16 10:58:53 - [TEST_STEP][PASSED] - Statement - counter = counter + 1: null

2018-11-16 10:58:53 - [TEST_STEP][PASSED] - Statement - PreSaveFile = new java.io.File(((pathPrefix + java.lang.Integer.toString(counter)) + .png)): null

2018-11-16 10:58:53 - [TEST_STEP][PASSED] - Statement - counter = counter + 1: null

2018-11-16 10:58:53 - [TEST_STEP][PASSED] - Statement - PreSaveFile = new java.io.File(((pathPrefix + java.lang.Integer.toString(counter)) + .png)): null

2018-11-16 10:58:53 - [TEST_STEP][PASSED] - Statement - counter = counter + 1: null

2018-11-16 10:58:53 - [TEST_STEP][PASSED] - Statement - PreSaveFile = new java.io.File(((pathPrefix + java.lang.Integer.toString(counter)) + .png)): null

2018-11-16 10:58:53 - [TEST_STEP][PASSED] - Statement - counter = counter + 1: null

2018-11-16 10:58:53 - [TEST_STEP][PASSED] - Statement - PreSaveFile = new java.io.File(((pathPrefix + java.lang.Integer.toString(counter)) + .png)): null

2018-11-16 10:58:53 - [TEST_STEP][PASSED] - Statement - counter = counter + 1: null

2018-11-16 10:58:54 - [TEST_STEP][PASSED] - Statement - PreSaveFile = new java.io.File(((pathPrefix + java.lang.Integer.toString(counter)) + .png)): null

2018-11-16 10:58:54 - [TEST_STEP][PASSED] - Statement - counter = counter + 1: null

2018-11-16 10:58:54 - [TEST_STEP][PASSED] - Statement - PreSaveFile = new java.io.File(((pathPrefix + java.lang.Integer.toString(counter)) + .png)): null

2018-11-16 10:58:54 - [TEST_STEP][PASSED] - Statement - counter = counter + 1: null

2018-11-16 10:58:54 - [TEST_STEP][PASSED] - Statement - PreSaveFile = new java.io.File(((pathPrefix + java.lang.Integer.toString(counter)) + .png)): null

2018-11-16 10:58:54 - [TEST_STEP][PASSED] - Statement - counter = counter + 1: null

2018-11-16 10:58:54 - [TEST_STEP][PASSED] - Statement - PreSaveFile = new java.io.File(((pathPrefix + java.lang.Integer.toString(counter)) + .png)): null

2018-11-16 10:58:54 - [TEST_STEP][PASSED] - Statement - counter = counter + 1: null

2018-11-16 10:58:54 - [TEST_STEP][PASSED] - Statement - PreSaveFile = new java.io.File(((pathPrefix + java.lang.Integer.toString(counter)) + .png)): null

2018-11-16 10:58:54 - [TEST_STEP][PASSED] - Statement - counter = counter + 1: null

2018-11-16 10:58:54 - [TEST_STEP][PASSED] - Statement - PreSaveFile = new java.io.File(((pathPrefix + java.lang.Integer.toString(counter)) + .png)): null

2018-11-16 10:58:54 - [TEST_STEP][PASSED] - Statement - counter = counter + 1: null

2018-11-16 10:58:54 - [TEST_STEP][PASSED] - Statement - PreSaveFile = new java.io.File(((pathPrefix + java.lang.Integer.toString(counter)) + .png)): null

2018-11-16 10:58:54 - [TEST_STEP][PASSED] - Statement - counter = counter + 1: null

2018-11-16 10:58:54 - [TEST_STEP][PASSED] - Statement - PreSaveFile = new java.io.File(((pathPrefix + java.lang.Integer.toString(counter)) + .png)): null

2018-11-16 10:58:54 - [TEST_STEP][PASSED] - Statement - counter = counter + 1: null

2018-11-16 10:58:54 - [TEST_STEP][PASSED] - Statement - PreSaveFile = new java.io.File(((pathPrefix + java.lang.Integer.toString(counter)) + .png)): null

2018-11-16 10:58:54 - [TEST_STEP][PASSED] - Statement - counter = counter + 1: null

2018-11-16 10:58:54 - [TEST_STEP][PASSED] - Statement - PreSaveFile = new java.io.File(((pathPrefix + java.lang.Integer.toString(counter)) + .png)): null

2018-11-16 10:58:54 - [TEST_STEP][PASSED] - Statement - counter = counter + 1: null

2018-11-16 10:58:54 - [TEST_STEP][PASSED] - Statement - PreSaveFile = new java.io.File(((pathPrefix + java.lang.Integer.toString(counter)) + .png)): null

2018-11-16 10:58:54 - [TEST_STEP][PASSED] - Statement - counter = counter + 1: null

2018-11-16 10:58:55 - [TEST_STEP][PASSED] - Statement - PreSaveFile = new java.io.File(((pathPrefix + java.lang.Integer.toString(counter)) + .png)): null

2018-11-16 10:58:55 - [TEST_STEP][PASSED] - Statement - counter = counter + 1: null

2018-11-16 10:58:55 - [TEST_STEP][PASSED] - Statement - PreSaveFile = new java.io.File(((pathPrefix + java.lang.Integer.toString(counter)) + .png)): null

2018-11-16 10:58:55 - [TEST_STEP][PASSED] - Statement - counter = counter + 1: null

2018-11-16 10:58:55 - [TEST_STEP][PASSED] - Statement - PreSaveFile = new java.io.File(((pathPrefix + java.lang.Integer.toString(counter)) + .png)): null

2018-11-16 10:58:55 - [TEST_STEP][PASSED] - Statement - counter = counter + 1: null

2018-11-16 10:58:55 - [TEST_STEP][PASSED] - Statement - PreSaveFile = new java.io.File(((pathPrefix + java.lang.Integer.toString(counter)) + .png)): null

2018-11-16 10:58:55 - [TEST_STEP][PASSED] - Statement - counter = counter + 1: null

2018-11-16 10:58:55 - [TEST_STEP][PASSED] - Statement - PreSaveFile = new java.io.File(((pathPrefix + java.lang.Integer.toString(counter)) + .png)): null

2018-11-16 10:58:55 - [TEST_STEP][PASSED] - Statement - counter = counter + 1: null

2018-11-16 10:58:55 - [TEST_STEP][PASSED] - Statement - PreSaveFile = new java.io.File(((pathPrefix + java.lang.Integer.toString(counter)) + .png)): null

2018-11-16 10:58:55 - [TEST_STEP][PASSED] - Statement - counter = counter + 1: null

2018-11-16 10:58:55 - [TEST_STEP][PASSED] - Statement - PreSaveFile = new java.io.File(((pathPrefix + java.lang.Integer.toString(counter)) + .png)): null

2018-11-16 10:58:55 - [TEST_STEP][PASSED] - Statement - counter = counter + 1: null

2018-11-16 10:58:55 - [TEST_STEP][PASSED] - Statement - PreSaveFile = new java.io.File(((pathPrefix + java.lang.Integer.toString(counter)) + .png)): null

2018-11-16 10:58:55 - [TEST_STEP][PASSED] - Statement - counter = counter + 1: null

2018-11-16 10:58:55 - [TEST_STEP][PASSED] - Statement - PreSaveFile = new java.io.File(((pathPrefix + java.lang.Integer.toString(counter)) + .png)): null

2018-11-16 10:58:55 - [TEST_STEP][PASSED] - Statement - counter = counter + 1: null

2018-11-16 10:58:55 - [TEST_STEP][PASSED] - Statement - PreSaveFile = new java.io.File(((pathPrefix + java.lang.Integer.toString(counter)) + .png)): null

2018-11-16 10:58:55 - [TEST_STEP][PASSED] - Statement - counter = counter + 1: null

2018-11-16 10:58:55 - [TEST_STEP][PASSED] - Statement - PreSaveFile = new java.io.File(((pathPrefix + java.lang.Integer.toString(counter)) + .png)): null

2018-11-16 10:58:55 - [TEST_STEP][PASSED] - Statement - counter = counter + 1: null

2018-11-16 10:58:56 - [TEST_STEP][PASSED] - Statement - PreSaveFile = new java.io.File(((pathPrefix + java.lang.Integer.toString(counter)) + .png)): null

2018-11-16 10:58:56 - [TEST_STEP][PASSED] - Statement - counter = counter + 1: null

2018-11-16 10:58:56 - [TEST_STEP][PASSED] - Statement - PreSaveFile = new java.io.File(((pathPrefix + java.lang.Integer.toString(counter)) + .png)): null

2018-11-16 10:58:56 - [TEST_STEP][PASSED] - Statement - counter = counter + 1: null

2018-11-16 10:58:56 - [TEST_STEP][PASSED] - Statement - PreSaveFile = new java.io.File(((pathPrefix + java.lang.Integer.toString(counter)) + .png)): null

2018-11-16 10:58:56 - [TEST_STEP][PASSED] - Statement - counter = counter + 1: null

2018-11-16 10:58:56 - [TEST_STEP][PASSED] - Statement - PreSaveFile = new java.io.File(((pathPrefix + java.lang.Integer.toString(counter)) + .png)): null

2018-11-16 10:58:56 - [TEST_STEP][PASSED] - Statement - counter = counter + 1: null

2018-11-16 10:58:56 - [TEST_STEP][PASSED] - Statement - PreSaveFile = new java.io.File(((pathPrefix + java.lang.Integer.toString(counter)) + .png)): null

2018-11-16 10:58:56 - [TEST_STEP][PASSED] - Statement - counter = counter + 1: null

2018-11-16 10:58:57 - [TEST_STEP][PASSED] - Statement - PreSaveFile = new java.io.File(((pathPrefix + java.lang.Integer.toString(counter)) + .png)): null

2018-11-16 10:58:57 - [TEST_STEP][PASSED] - Statement - counter = counter + 1: null

2018-11-16 10:58:57 - [TEST_STEP][PASSED] - Statement - PreSaveFile = new java.io.File(((pathPrefix + java.lang.Integer.toString(counter)) + .png)): null

2018-11-16 10:58:57 - [TEST_STEP][PASSED] - Statement - counter = counter + 1: null

2018-11-16 10:58:57 - [TEST_STEP][PASSED] - Statement - PreSaveFile = new java.io.File(((pathPrefix + java.lang.Integer.toString(counter)) + .png)): null

2018-11-16 10:58:57 - [TEST_STEP][PASSED] - Statement - counter = counter + 1: null

2018-11-16 10:58:57 - [TEST_STEP][PASSED] - Statement - PreSaveFile = new java.io.File(((pathPrefix + java.lang.Integer.toString(counter)) + .png)): null

2018-11-16 10:58:57 - [TEST_STEP][PASSED] - Statement - counter = counter + 1: null

2018-11-16 10:58:57 - [TEST_STEP][PASSED] - Statement - PreSaveFile = new java.io.File(((pathPrefix + java.lang.Integer.toString(counter)) + .png)): null

2018-11-16 10:58:57 - [TEST_STEP][PASSED] - Statement - counter = counter + 1: null

2018-11-16 10:58:57 - [TEST_STEP][PASSED] - Statement - PreSaveFile = new java.io.File(((pathPrefix + java.lang.Integer.toString(counter)) + .png)): null

2018-11-16 10:58:57 - [TEST_STEP][PASSED] - Statement - counter = counter + 1: null

2018-11-16 10:58:57 - [TEST_STEP][PASSED] - Statement - PreSaveFile = new java.io.File(((pathPrefix + java.lang.Integer.toString(counter)) + .png)): null

2018-11-16 10:58:57 - [TEST_STEP][PASSED] - Statement - counter = counter + 1: null

2018-11-16 10:58:57 - [TEST_STEP][PASSED] - Statement - PreSaveFile = new java.io.File(((pathPrefix + java.lang.Integer.toString(counter)) + .png)): null

2018-11-16 10:58:57 - [TEST_STEP][PASSED] - Statement - counter = counter + 1: null

2018-11-16 10:58:57 - [TEST_STEP][PASSED] - Statement - PreSaveFile = new java.io.File(((pathPrefix + java.lang.Integer.toString(counter)) + .png)): null

2018-11-16 10:58:57 - [TEST_STEP][PASSED] - Statement - counter = counter + 1: null

2018-11-16 10:58:57 - [TEST_STEP][PASSED] - Statement - PreSaveFile = new java.io.File(((pathPrefix + java.lang.Integer.toString(counter)) + .png)): null

2018-11-16 10:58:57 - [TEST_STEP][PASSED] - Statement - counter = counter + 1: null

2018-11-16 10:58:57 - [TEST_STEP][PASSED] - Statement - PreSaveFile = new java.io.File(((pathPrefix + java.lang.Integer.toString(counter)) + .png)): null

2018-11-16 10:58:57 - [TEST_STEP][PASSED] - Statement - counter = counter + 1: null

2018-11-16 10:58:57 - [TEST_STEP][PASSED] - Statement - PreSaveFile = new java.io.File(((pathPrefix + java.lang.Integer.toString(counter)) + .png)): null

2018-11-16 10:58:57 - [TEST_STEP][PASSED] - Statement - counter = counter + 1: null

2018-11-16 10:58:58 - [TEST_STEP][PASSED] - Statement - PreSaveFile = new java.io.File(((pathPrefix + java.lang.Integer.toString(counter)) + .png)): null

2018-11-16 10:58:58 - [TEST_STEP][PASSED] - Statement - counter = counter + 1: null

2018-11-16 10:58:58 - [TEST_STEP][PASSED] - Statement - PreSaveFile = new java.io.File(((pathPrefix + java.lang.Integer.toString(counter)) + .png)): null

2018-11-16 10:58:58 - [TEST_STEP][PASSED] - Statement - counter = counter + 1: null

2018-11-16 10:58:58 - [TEST_STEP][PASSED] - Statement - PreSaveFile = new java.io.File(((pathPrefix + java.lang.Integer.toString(counter)) + .png)): null

2018-11-16 10:58:58 - [TEST_STEP][PASSED] - Statement - counter = counter + 1: null

2018-11-16 10:58:58 - [TEST_STEP][PASSED] - Statement - PreSaveFile = new java.io.File(((pathPrefix + java.lang.Integer.toString(counter)) + .png)): null

2018-11-16 10:58:58 - [TEST_STEP][PASSED] - Statement - counter = counter + 1: null

2018-11-16 10:58:58 - [TEST_STEP][PASSED] - Statement - PreSaveFile = new java.io.File(((pathPrefix + java.lang.Integer.toString(counter)) + .png)): null

2018-11-16 10:58:59 - [TEST_STEP][PASSED] - Statement - counter = counter + 1: null

2018-11-16 10:58:59 - [TEST_STEP][PASSED] - Statement - PreSaveFile = new java.io.File(((pathPrefix + java.lang.Integer.toString(counter)) + .png)): null

2018-11-16 10:58:59 - [TEST_STEP][PASSED] - Statement - counter = counter + 1: null

2018-11-16 10:58:59 - [TEST_STEP][PASSED] - Statement - PreSaveFile = new java.io.File(((pathPrefix + java.lang.Integer.toString(counter)) + .png)): null

2018-11-16 10:58:59 - [TEST_STEP][PASSED] - Statement - counter = counter + 1: null

2018-11-16 10:58:59 - [TEST_STEP][PASSED] - Statement - PreSaveFile = new java.io.File(((pathPrefix + java.lang.Integer.toString(counter)) + .png)): null

2018-11-16 10:58:59 - [TEST_STEP][PASSED] - Statement - counter = counter + 1: null

2018-11-16 10:58:59 - [TEST_STEP][PASSED] - Statement - PreSaveFile = new java.io.File(((pathPrefix + java.lang.Integer.toString(counter)) + .png)): null

2018-11-16 10:58:59 - [TEST_STEP][PASSED] - Statement - counter = counter + 1: null

2018-11-16 10:58:59 - [TEST_STEP][PASSED] - Statement - PreSaveFile = new java.io.File(((pathPrefix + java.lang.Integer.toString(counter)) + .png)): null

2018-11-16 10:58:59 - [TEST_STEP][PASSED] - Statement - counter = counter + 1: null

2018-11-16 10:58:59 - [TEST_STEP][PASSED] - Statement - PreSaveFile = new java.io.File(((pathPrefix + java.lang.Integer.toString(counter)) + .png)): null

2018-11-16 10:58:59 - [TEST_STEP][PASSED] - Statement - counter = counter + 1: null

2018-11-16 10:58:59 - [TEST_STEP][PASSED] - Statement - PreSaveFile = new java.io.File(((pathPrefix + java.lang.Integer.toString(counter)) + .png)): null

2018-11-16 10:58:59 - [TEST_STEP][PASSED] - Statement - counter = counter + 1: null

2018-11-16 10:58:59 - [TEST_STEP][PASSED] - Statement - PreSaveFile = new java.io.File(((pathPrefix + java.lang.Integer.toString(counter)) + .png)): null

2018-11-16 10:58:59 - [TEST_STEP][PASSED] - Statement - counter = counter + 1: null

2018-11-16 10:58:59 - [TEST_STEP][PASSED] - Statement - PreSaveFile = new java.io.File(((pathPrefix + java.lang.Integer.toString(counter)) + .png)): null

2018-11-16 10:58:59 - [TEST_STEP][PASSED] - Statement - counter = counter + 1: null

2018-11-16 10:58:59 - [TEST_STEP][PASSED] - Statement - PreSaveFile = new java.io.File(((pathPrefix + java.lang.Integer.toString(counter)) + .png)): null

2018-11-16 10:58:59 - [TEST_STEP][PASSED] - Statement - counter = counter + 1: null

2018-11-16 10:59:00 - [TEST_STEP][PASSED] - Statement - PreSaveFile = new java.io.File(((pathPrefix + java.lang.Integer.toString(counter)) + .png)): null

2018-11-16 10:59:00 - [TEST_STEP][PASSED] - Statement - counter = counter + 1: null

2018-11-16 10:59:00 - [TEST_STEP][PASSED] - Statement - PreSaveFile = new java.io.File(((pathPrefix + java.lang.Integer.toString(counter)) + .png)): null

2018-11-16 10:59:00 - [TEST_STEP][PASSED] - Statement - counter = counter + 1: null

2018-11-16 10:59:00 - [TEST_STEP][PASSED] - Statement - PreSaveFile = new java.io.File(((pathPrefix + java.lang.Integer.toString(counter)) + .png)): null

2018-11-16 10:59:00 - [TEST_STEP][PASSED] - Statement - counter = counter + 1: null

2018-11-16 10:59:00 - [TEST_STEP][PASSED] - Statement - PreSaveFile = new java.io.File(((pathPrefix + java.lang.Integer.toString(counter)) + .png)): null

2018-11-16 10:59:00 - [TEST_STEP][PASSED] - Statement - counter = counter + 1: null

2018-11-16 10:59:00 - [TEST_STEP][PASSED] - Statement - PreSaveFile = new java.io.File(((pathPrefix + java.lang.Integer.toString(counter)) + .png)): null

2018-11-16 10:59:00 - [TEST_STEP][PASSED] - Statement - counter = counter + 1: null

2018-11-16 10:59:00 - [TEST_STEP][PASSED] - Statement - PreSaveFile = new java.io.File(((pathPrefix + java.lang.Integer.toString(counter)) + .png)): null

2018-11-16 10:59:00 - [TEST_STEP][PASSED] - Statement - counter = counter + 1: null

2018-11-16 10:59:01 - [TEST_STEP][PASSED] - Statement - PreSaveFile = new java.io.File(((pathPrefix + java.lang.Integer.toString(counter)) + .png)): null

2018-11-16 10:59:01 - [TEST_STEP][PASSED] - Statement - counter = counter + 1: null

2018-11-16 10:59:01 - [TEST_STEP][PASSED] - Statement - PreSaveFile = new java.io.File(((pathPrefix + java.lang.Integer.toString(counter)) + .png)): null

2018-11-16 10:59:01 - [TEST_STEP][PASSED] - Statement - counter = counter + 1: null

2018-11-16 10:59:01 - [TEST_STEP][PASSED] - Statement - PreSaveFile = new java.io.File(((pathPrefix + java.lang.Integer.toString(counter)) + .png)): null

2018-11-16 10:59:01 - [TEST_STEP][PASSED] - Statement - counter = counter + 1: null

2018-11-16 10:59:01 - [TEST_STEP][PASSED] - Statement - PreSaveFile = new java.io.File(((pathPrefix + java.lang.Integer.toString(counter)) + .png)): null

2018-11-16 10:59:01 - [TEST_STEP][PASSED] - Statement - counter = counter + 1: null

2018-11-16 10:59:01 - [TEST_STEP][PASSED] - Statement - PreSaveFile = new java.io.File(((pathPrefix + java.lang.Integer.toString(counter)) + .png)): null

2018-11-16 10:59:01 - [TEST_STEP][PASSED] - Statement - counter = counter + 1: null

2018-11-16 10:59:01 - [TEST_STEP][PASSED] - Statement - PreSaveFile = new java.io.File(((pathPrefix + java.lang.Integer.toString(counter)) + .png)): null

2018-11-16 10:59:01 - [TEST_STEP][PASSED] - Statement - counter = counter + 1: null

2018-11-16 10:59:01 - [TEST_STEP][PASSED] - Statement - PreSaveFile = new java.io.File(((pathPrefix + java.lang.Integer.toString(counter)) + .png)): null

2018-11-16 10:59:01 - [TEST_STEP][PASSED] - Statement - counter = counter + 1: null

2018-11-16 10:59:01 - [TEST_STEP][PASSED] - Statement - PreSaveFile = new java.io.File(((pathPrefix + java.lang.Integer.toString(counter)) + .png)): null

2018-11-16 10:59:01 - [TEST_STEP][PASSED] - Statement - counter = counter + 1: null

2018-11-16 10:59:01 - [TEST_STEP][PASSED] - Statement - PreSaveFile = new java.io.File(((pathPrefix + java.lang.Integer.toString(counter)) + .png)): null

2018-11-16 10:59:01 - [TEST_STEP][PASSED] - Statement - counter = counter + 1: null

2018-11-16 10:59:01 - [TEST_STEP][PASSED] - Statement - PreSaveFile = new java.io.File(((pathPrefix + java.lang.Integer.toString(counter)) + .png)): null

2018-11-16 10:59:01 - [TEST_STEP][PASSED] - Statement - counter = counter + 1: null

2018-11-16 10:59:02 - [TEST_STEP][PASSED] - Statement - PreSaveFile = new java.io.File(((pathPrefix + java.lang.Integer.toString(counter)) + .png)): null

2018-11-16 10:59:02 - [TEST_STEP][PASSED] - Statement - counter = counter + 1: null

2018-11-16 10:59:02 - [TEST_STEP][PASSED] - Statement - PreSaveFile = new java.io.File(((pathPrefix + java.lang.Integer.toString(counter)) + .png)): null

2018-11-16 10:59:02 - [TEST_STEP][PASSED] - Statement - counter = counter + 1: null

2018-11-16 10:59:02 - [TEST_STEP][PASSED] - Statement - PreSaveFile = new java.io.File(((pathPrefix + java.lang.Integer.toString(counter)) + .png)): null

2018-11-16 10:59:02 - [TEST_STEP][PASSED] - Statement - counter = counter + 1: null

2018-11-16 10:59:02 - [TEST_STEP][PASSED] - Statement - PreSaveFile = new java.io.File(((pathPrefix + java.lang.Integer.toString(counter)) + .png)): null

2018-11-16 10:59:02 - [TEST_STEP][PASSED] - Statement - counter = counter + 1: null

2018-11-16 10:59:02 - [TEST_STEP][PASSED] - Statement - PreSaveFile = new java.io.File(((pathPrefix + java.lang.Integer.toString(counter)) + .png)): null

2018-11-16 10:59:02 - [TEST_STEP][PASSED] - Statement - counter = counter + 1: null

2018-11-16 10:59:02 - [TEST_STEP][PASSED] - Statement - PreSaveFile = new java.io.File(((pathPrefix + java.lang.Integer.toString(counter)) + .png)): null

2018-11-16 10:59:02 - [TEST_STEP][PASSED] - Statement - counter = counter + 1: null

2018-11-16 10:59:02 - [TEST_STEP][PASSED] - Statement - PreSaveFile = new java.io.File(((pathPrefix + java.lang.Integer.toString(counter)) + .png)): null

2018-11-16 10:59:02 - [TEST_STEP][PASSED] - Statement - counter = counter + 1: null

2018-11-16 10:59:02 - [TEST_STEP][PASSED] - Statement - PreSaveFile = new java.io.File(((pathPrefix + java.lang.Integer.toString(counter)) + .png)): null

2018-11-16 10:59:02 - [TEST_STEP][PASSED] - Statement - counter = counter + 1: null

2018-11-16 10:59:02 - [TEST_STEP][PASSED] - Statement - PreSaveFile = new java.io.File(((pathPrefix + java.lang.Integer.toString(counter)) + .png)): null

2018-11-16 10:59:02 - [TEST_STEP][PASSED] - Statement - counter = counter + 1: null

2018-11-16 10:59:02 - [TEST_STEP][PASSED] - Statement - PreSaveFile = new java.io.File(((pathPrefix + java.lang.Integer.toString(counter)) + .png)): null

2018-11-16 10:59:02 - [TEST_STEP][PASSED] - Statement - counter = counter + 1: null

2018-11-16 10:59:03 - [TEST_STEP][PASSED] - Statement - PreSaveFile = new java.io.File(((pathPrefix + java.lang.Integer.toString(counter)) + .png)): null

2018-11-16 10:59:03 - [TEST_STEP][PASSED] - Statement - counter = counter + 1: null

2018-11-16 10:59:03 - [TEST_STEP][PASSED] - Statement - PreSaveFile = new java.io.File(((pathPrefix + java.lang.Integer.toString(counter)) + .png)): null

2018-11-16 10:59:03 - [TEST_STEP][PASSED] - Statement - counter = counter + 1: null

2018-11-16 10:59:03 - [TEST_STEP][PASSED] - Statement - PreSaveFile = new java.io.File(((pathPrefix + java.lang.Integer.toString(counter)) + .png)): null

2018-11-16 10:59:03 - [TEST_STEP][PASSED] - Statement - counter = counter + 1: null

2018-11-16 10:59:03 - [TEST_STEP][PASSED] - Statement - PreSaveFile = new java.io.File(((pathPrefix + java.lang.Integer.toString(counter)) + .png)): null

2018-11-16 10:59:03 - [TEST_STEP][PASSED] - Statement - counter = counter + 1: null

2018-11-16 10:59:03 - [TEST_STEP][PASSED] - Statement - PreSaveFile = new java.io.File(((pathPrefix + java.lang.Integer.toString(counter)) + .png)): null

2018-11-16 10:59:03 - [TEST_STEP][PASSED] - Statement - counter = counter + 1: null

2018-11-16 10:59:04 - [TEST_STEP][PASSED] - Statement - PreSaveFile = new java.io.File(((pathPrefix + java.lang.Integer.toString(counter)) + .png)): null

2018-11-16 10:59:04 - [TEST_STEP][PASSED] - Statement - counter = counter + 1: null

2018-11-16 10:59:04 - [TEST_STEP][PASSED] - Statement - PreSaveFile = new java.io.File(((pathPrefix + java.lang.Integer.toString(counter)) + .png)): null

2018-11-16 10:59:04 - [TEST_STEP][PASSED] - Statement - counter = counter + 1: null

2018-11-16 10:59:04 - [TEST_STEP][PASSED] - Statement - PreSaveFile = new java.io.File(((pathPrefix + java.lang.Integer.toString(counter)) + .png)): null

2018-11-16 10:59:04 - [TEST_STEP][PASSED] - Statement - counter = counter + 1: null

2018-11-16 10:59:04 - [TEST_STEP][PASSED] - Statement - PreSaveFile = new java.io.File(((pathPrefix + java.lang.Integer.toString(counter)) + .png)): null

2018-11-16 10:59:04 - [TEST_STEP][PASSED] - Statement - counter = counter + 1: null

2018-11-16 10:59:04 - [TEST_STEP][PASSED] - Statement - PreSaveFile = new java.io.File(((pathPrefix + java.lang.Integer.toString(counter)) + .png)): null

2018-11-16 10:59:04 - [TEST_STEP][PASSED] - Statement - counter = counter + 1: null

2018-11-16 10:59:04 - [TEST_STEP][PASSED] - Statement - PreSaveFile = new java.io.File(((pathPrefix + java.lang.Integer.toString(counter)) + .png)): null

2018-11-16 10:59:04 - [TEST_STEP][PASSED] - Statement - counter = counter + 1: null

2018-11-16 10:59:04 - [TEST_STEP][PASSED] - Statement - PreSaveFile = new java.io.File(((pathPrefix + java.lang.Integer.toString(counter)) + .png)): null

2018-11-16 10:59:04 - [TEST_STEP][PASSED] - Statement - counter = counter + 1: null

2018-11-16 10:59:04 - [TEST_STEP][PASSED] - Statement - PreSaveFile = new java.io.File(((pathPrefix + java.lang.Integer.toString(counter)) + .png)): null

2018-11-16 10:59:04 - [TEST_STEP][PASSED] - Statement - counter = counter + 1: null

2018-11-16 10:59:04 - [TEST_STEP][PASSED] - Statement - PreSaveFile = new java.io.File(((pathPrefix + java.lang.Integer.toString(counter)) + .png)): null

2018-11-16 10:59:04 - [TEST_STEP][PASSED] - Statement - counter = counter + 1: null

2018-11-16 10:59:04 - [TEST_STEP][PASSED] - Statement - PreSaveFile = new java.io.File(((pathPrefix + java.lang.Integer.toString(counter)) + .png)): null

2018-11-16 10:59:04 - [TEST_STEP][PASSED] - Statement - counter = counter + 1: null

2018-11-16 10:59:04 - [TEST_STEP][PASSED] - Statement - PreSaveFile = new java.io.File(((pathPrefix + java.lang.Integer.toString(counter)) + .png)): null

2018-11-16 10:59:04 - [TEST_STEP][PASSED] - Statement - counter = counter + 1: null

2018-11-16 10:59:05 - [TEST_STEP][PASSED] - Statement - PreSaveFile = new java.io.File(((pathPrefix + java.lang.Integer.toString(counter)) + .png)): null

2018-11-16 10:59:05 - [TEST_STEP][PASSED] - Statement - counter = counter + 1: null

2018-11-16 10:59:05 - [TEST_STEP][PASSED] - Statement - PreSaveFile = new java.io.File(((pathPrefix + java.lang.Integer.toString(counter)) + .png)): null

2018-11-16 10:59:05 - [TEST_STEP][PASSED] - Statement - counter = counter + 1: null

2018-11-16 10:59:05 - [TEST_STEP][PASSED] - Statement - PreSaveFile = new java.io.File(((pathPrefix + java.lang.Integer.toString(counter)) + .png)): null

2018-11-16 10:59:05 - [TEST_STEP][PASSED] - Statement - counter = counter + 1: null

2018-11-16 10:59:05 - [TEST_STEP][PASSED] - Statement - PreSaveFile = new java.io.File(((pathPrefix + java.lang.Integer.toString(counter)) + .png)): null

2018-11-16 10:59:05 - [TEST_STEP][PASSED] - Statement - counter = counter + 1: null

2018-11-16 10:59:05 - [TEST_STEP][PASSED] - Statement - PreSaveFile = new java.io.File(((pathPrefix + java.lang.Integer.toString(counter)) + .png)): null

2018-11-16 10:59:06 - [TEST_STEP][PASSED] - Statement - counter = counter + 1: null

2018-11-16 10:59:06 - [TEST_STEP][PASSED] - Statement - PreSaveFile = new java.io.File(((pathPrefix + java.lang.Integer.toString(counter)) + .png)): null

2018-11-16 10:59:06 - [TEST_STEP][PASSED] - Statement - counter = counter + 1: null

2018-11-16 10:59:06 - [TEST_STEP][PASSED] - Statement - PreSaveFile = new java.io.File(((pathPrefix + java.lang.Integer.toString(counter)) + .png)): null

2018-11-16 10:59:06 - [TEST_STEP][PASSED] - Statement - counter = counter + 1: null

2018-11-16 10:59:06 - [TEST_STEP][PASSED] - Statement - PreSaveFile = new java.io.File(((pathPrefix + java.lang.Integer.toString(counter)) + .png)): null

2018-11-16 10:59:06 - [TEST_STEP][PASSED] - Statement - counter = counter + 1: null

2018-11-16 10:59:06 - [TEST_STEP][PASSED] - Statement - PreSaveFile = new java.io.File(((pathPrefix + java.lang.Integer.toString(counter)) + .png)): null

2018-11-16 10:59:06 - [TEST_STEP][PASSED] - Statement - counter = counter + 1: null

2018-11-16 10:59:06 - [TEST_STEP][PASSED] - Statement - PreSaveFile = new java.io.File(((pathPrefix + java.lang.Integer.toString(counter)) + .png)): null

2018-11-16 10:59:07 - [TEST_STEP][PASSED] - Statement - counter = counter + 1: null

2018-11-16 10:59:07 - [TEST_STEP][PASSED] - Statement - PreSaveFile = new java.io.File(((pathPrefix + java.lang.Integer.toString(counter)) + .png)): null

2018-11-16 10:59:07 - [TEST_STEP][PASSED] - Statement - counter = counter + 1: null

2018-11-16 10:59:07 - [TEST_STEP][PASSED] - Statement - PreSaveFile = new java.io.File(((pathPrefix + java.lang.Integer.toString(counter)) + .png)): null

2018-11-16 10:59:07 - [TEST_STEP][PASSED] - Statement - counter = counter + 1: null

2018-11-16 10:59:07 - [TEST_STEP][PASSED] - Statement - PreSaveFile = new java.io.File(((pathPrefix + java.lang.Integer.toString(counter)) + .png)): null

2018-11-16 10:59:07 - [TEST_STEP][PASSED] - Statement - counter = counter + 1: null

2018-11-16 10:59:07 - [TEST_STEP][PASSED] - Statement - PreSaveFile = new java.io.File(((pathPrefix + java.lang.Integer.toString(counter)) + .png)): null

2018-11-16 10:59:07 - [TEST_STEP][PASSED] - Statement - counter = counter + 1: null

2018-11-16 10:59:08 - [TEST_STEP][PASSED] - Statement - PreSaveFile = new java.io.File(((pathPrefix + java.lang.Integer.toString(counter)) + .png)): null

2018-11-16 10:59:08 - [TEST_STEP][PASSED] - Statement - counter = counter + 1: null

2018-11-16 10:59:08 - [TEST_STEP][PASSED] - Statement - PreSaveFile = new java.io.File(((pathPrefix + java.lang.Integer.toString(counter)) + .png)): null

2018-11-16 10:59:08 - [TEST_STEP][PASSED] - Statement - counter = counter + 1: null

2018-11-16 10:59:08 - [TEST_STEP][PASSED] - Statement - PreSaveFile = new java.io.File(((pathPrefix + java.lang.Integer.toString(counter)) + .png)): null

2018-11-16 10:59:08 - [TEST_STEP][PASSED] - Statement - counter = counter + 1: null

2018-11-16 10:59:08 - [TEST_STEP][PASSED] - Statement - PreSaveFile = new java.io.File(((pathPrefix + java.lang.Integer.toString(counter)) + .png)): null

2018-11-16 10:59:08 - [TEST_STEP][PASSED] - Statement - counter = counter + 1: null

2018-11-16 10:59:08 - [TEST_STEP][PASSED] - Statement - PreSaveFile = new java.io.File(((pathPrefix + java.lang.Integer.toString(counter)) + .png)): null

2018-11-16 10:59:08 - [TEST_STEP][PASSED] - Statement - counter = counter + 1: null

2018-11-16 10:59:08 - [TEST_STEP][PASSED] - Statement - PreSaveFile = new java.io.File(((pathPrefix + java.lang.Integer.toString(counter)) + .png)): null

2018-11-16 10:59:09 - [TEST_STEP][PASSED] - Statement - counter = counter + 1: null

2018-11-16 10:59:09 - [TEST_STEP][PASSED] - Statement - PreSaveFile = new java.io.File(((pathPrefix + java.lang.Integer.toString(counter)) + .png)): null

2018-11-16 10:59:09 - [TEST_STEP][PASSED] - Statement - counter = counter + 1: null

2018-11-16 10:59:09 - [TEST_STEP][PASSED] - Statement - PreSaveFile = new java.io.File(((pathPrefix + java.lang.Integer.toString(counter)) + .png)): null

2018-11-16 10:59:09 - [TEST_STEP][PASSED] - Statement - counter = counter + 1: null

2018-11-16 10:59:09 - [TEST_STEP][PASSED] - Statement - PreSaveFile = new java.io.File(((pathPrefix + java.lang.Integer.toString(counter)) + .png)): null

2018-11-16 10:59:09 - [TEST_STEP][PASSED] - Statement - counter = counter + 1: null

2018-11-16 10:59:09 - [TEST_STEP][PASSED] - Statement - PreSaveFile = new java.io.File(((pathPrefix + java.lang.Integer.toString(counter)) + .png)): null

2018-11-16 10:59:09 - [TEST_STEP][PASSED] - Statement - counter = counter + 1: null

2018-11-16 10:59:09 - [TEST_STEP][PASSED] - Statement - PreSaveFile = new java.io.File(((pathPrefix + java.lang.Integer.toString(counter)) + .png)): null

2018-11-16 10:59:10 - [TEST_STEP][PASSED] - Statement - counter = counter + 1: null

2018-11-16 10:59:10 - [TEST_STEP][PASSED] - Statement - PreSaveFile = new java.io.File(((pathPrefix + java.lang.Integer.toString(counter)) + .png)): null

2018-11-16 10:59:10 - [TEST_STEP][PASSED] - Statement - counter = counter + 1: null

2018-11-16 10:59:10 - [TEST_STEP][PASSED] - Statement - PreSaveFile = new java.io.File(((pathPrefix + java.lang.Integer.toString(counter)) + .png)): null

2018-11-16 10:59:10 - [TEST_STEP][PASSED] - Statement - counter = counter + 1: null

2018-11-16 10:59:10 - [TEST_STEP][PASSED] - Statement - PreSaveFile = new java.io.File(((pathPrefix + java.lang.Integer.toString(counter)) + .png)): null

2018-11-16 10:59:10 - [TEST_STEP][PASSED] - Statement - counter = counter + 1: null

2018-11-16 10:59:10 - [TEST_STEP][PASSED] - Statement - PreSaveFile = new java.io.File(((pathPrefix + java.lang.Integer.toString(counter)) + .png)): null

2018-11-16 10:59:10 - [TEST_STEP][PASSED] - Statement - counter = counter + 1: null

2018-11-16 10:59:10 - [TEST_STEP][PASSED] - Statement - PreSaveFile = new java.io.File(((pathPrefix + java.lang.Integer.toString(counter)) + .png)): null

2018-11-16 10:59:10 - [TEST_STEP][PASSED] - Statement - counter = counter + 1: null

2018-11-16 10:59:10 - [TEST_STEP][PASSED] - Statement - PreSaveFile = new java.io.File(((pathPrefix + java.lang.Integer.toString(counter)) + .png)): null

2018-11-16 10:59:10 - [TEST_STEP][PASSED] - Statement - counter = counter + 1: null

2018-11-16 10:59:10 - [TEST_STEP][PASSED] - Statement - PreSaveFile = new java.io.File(((pathPrefix + java.lang.Integer.toString(counter)) + .png)): null

2018-11-16 10:59:10 - [TEST_STEP][PASSED] - Statement - counter = counter + 1: null

2018-11-16 10:59:10 - [TEST_STEP][PASSED] - Statement - PreSaveFile = new java.io.File(((pathPrefix + java.lang.Integer.toString(counter)) + .png)): null

2018-11-16 10:59:10 - [TEST_STEP][PASSED] - Statement - counter = counter + 1: null

2018-11-16 10:59:10 - [TEST_STEP][PASSED] - Statement - PreSaveFile = new java.io.File(((pathPrefix + java.lang.Integer.toString(counter)) + .png)): null

2018-11-16 10:59:10 - [TEST_STEP][PASSED] - Statement - counter = counter + 1: null

2018-11-16 10:59:10 - [TEST_STEP][PASSED] - Statement - PreSaveFile = new java.io.File(((pathPrefix + java.lang.Integer.toString(counter)) + .png)): null

2018-11-16 10:59:10 - [TEST_STEP][PASSED] - Statement - counter = counter + 1: null

2018-11-16 10:59:11 - [TEST_STEP][PASSED] - Statement - PreSaveFile = new java.io.File(((pathPrefix + java.lang.Integer.toString(counter)) + .png)): null

2018-11-16 10:59:11 - [TEST_STEP][PASSED] - Statement - counter = counter + 1: null

2018-11-16 10:59:11 - [TEST_STEP][PASSED] - Statement - PreSaveFile = new java.io.File(((pathPrefix + java.lang.Integer.toString(counter)) + .png)): null

2018-11-16 10:59:11 - [TEST_STEP][PASSED] - Statement - counter = counter + 1: null

2018-11-16 10:59:11 - [TEST_STEP][PASSED] - Statement - PreSaveFile = new java.io.File(((pathPrefix + java.lang.Integer.toString(counter)) + .png)): null

2018-11-16 10:59:11 - [TEST_STEP][PASSED] - Statement - counter = counter + 1: null

2018-11-16 10:59:11 - [TEST_STEP][PASSED] - Statement - PreSaveFile = new java.io.File(((pathPrefix + java.lang.Integer.toString(counter)) + .png)): null

2018-11-16 10:59:11 - [TEST_STEP][PASSED] - Statement - counter = counter + 1: null

2018-11-16 10:59:11 - [TEST_STEP][PASSED] - Statement - PreSaveFile = new java.io.File(((pathPrefix + java.lang.Integer.toString(counter)) + .png)): null

2018-11-16 10:59:12 - [TEST_STEP][PASSED] - Statement - counter = counter + 1: null

2018-11-16 10:59:12 - [TEST_STEP][PASSED] - Statement - PreSaveFile = new java.io.File(((pathPrefix + java.lang.Integer.toString(counter)) + .png)): null

2018-11-16 10:59:12 - [TEST_STEP][PASSED] - Statement - counter = counter + 1: null

2018-11-16 10:59:12 - [TEST_STEP][PASSED] - Statement - PreSaveFile = new java.io.File(((pathPrefix + java.lang.Integer.toString(counter)) + .png)): null

2018-11-16 10:59:12 - [TEST_STEP][PASSED] - Statement - counter = counter + 1: null

2018-11-16 10:59:12 - [TEST_STEP][PASSED] - Statement - PreSaveFile = new java.io.File(((pathPrefix + java.lang.Integer.toString(counter)) + .png)): null

2018-11-16 10:59:12 - [TEST_STEP][PASSED] - Statement - counter = counter + 1: null

2018-11-16 10:59:12 - [TEST_STEP][PASSED] - Statement - PreSaveFile = new java.io.File(((pathPrefix + java.lang.Integer.toString(counter)) + .png)): null

2018-11-16 10:59:12 - [TEST_STEP][PASSED] - Statement - counter = counter + 1: null

2018-11-16 10:59:12 - [TEST_STEP][PASSED] - Statement - PreSaveFile = new java.io.File(((pathPrefix + java.lang.Integer.toString(counter)) + .png)): null

2018-11-16 10:59:13 - [TEST_STEP][PASSED] - Statement - counter = counter + 1: null

2018-11-16 10:59:13 - [TEST_STEP][PASSED] - Statement - PreSaveFile = new java.io.File(((pathPrefix + java.lang.Integer.toString(counter)) + .png)): null

2018-11-16 10:59:13 - [TEST_STEP][PASSED] - Statement - counter = counter + 1: null

2018-11-16 10:59:13 - [TEST_STEP][PASSED] - Statement - PreSaveFile = new java.io.File(((pathPrefix + java.lang.Integer.toString(counter)) + .png)): null

2018-11-16 10:59:13 - [TEST_STEP][PASSED] - Statement - counter = counter + 1: null

2018-11-16 10:59:13 - [TEST_STEP][PASSED] - Statement - PreSaveFile = new java.io.File(((pathPrefix + java.lang.Integer.toString(counter)) + .png)): null

2018-11-16 10:59:13 - [TEST_STEP][PASSED] - Statement - counter = counter + 1: null

2018-11-16 10:59:13 - [TEST_STEP][PASSED] - Statement - PreSaveFile = new java.io.File(((pathPrefix + java.lang.Integer.toString(counter)) + .png)): null

2018-11-16 10:59:13 - [TEST_STEP][PASSED] - Statement - counter = counter + 1: null

2018-11-16 10:59:13 - [TEST_STEP][PASSED] - Statement - PreSaveFile = new java.io.File(((pathPrefix + java.lang.Integer.toString(counter)) + .png)): null

2018-11-16 10:59:14 - [TEST_STEP][PASSED] - Statement - counter = counter + 1: null

2018-11-16 10:59:14 - [TEST_STEP][PASSED] - Statement - PreSaveFile = new java.io.File(((pathPrefix + java.lang.Integer.toString(counter)) + .png)): null

2018-11-16 10:59:14 - [TEST_STEP][PASSED] - Statement - counter = counter + 1: null

2018-11-16 10:59:14 - [TEST_STEP][PASSED] - Statement - PreSaveFile = new java.io.File(((pathPrefix + java.lang.Integer.toString(counter)) + .png)): null

2018-11-16 10:59:14 - [TEST_STEP][PASSED] - Statement - counter = counter + 1: null

2018-11-16 10:59:14 - [TEST_STEP][PASSED] - Statement - PreSaveFile = new java.io.File(((pathPrefix + java.lang.Integer.toString(counter)) + .png)): null

2018-11-16 10:59:14 - [TEST_STEP][PASSED] - Statement - counter = counter + 1: null

2018-11-16 10:59:14 - [TEST_STEP][PASSED] - Statement - PreSaveFile = new java.io.File(((pathPrefix + java.lang.Integer.toString(counter)) + .png)): null

2018-11-16 10:59:14 - [TEST_STEP][PASSED] - Statement - counter = counter + 1: null

2018-11-16 10:59:14 - [TEST_STEP][PASSED] - Statement - PreSaveFile = new java.io.File(((pathPrefix + java.lang.Integer.toString(counter)) + .png)): null

2018-11-16 10:59:15 - [TEST_STEP][PASSED] - Statement - counter = counter + 1: null

2018-11-16 10:59:15 - [TEST_STEP][PASSED] - Statement - PreSaveFile = new java.io.File(((pathPrefix + java.lang.Integer.toString(counter)) + .png)): null

2018-11-16 10:59:15 - [TEST_STEP][PASSED] - Statement - counter = counter + 1: null

2018-11-16 10:59:15 - [TEST_STEP][PASSED] - Statement - PreSaveFile = new java.io.File(((pathPrefix + java.lang.Integer.toString(counter)) + .png)): null

2018-11-16 10:59:15 - [TEST_STEP][PASSED] - Statement - counter = counter + 1: null

2018-11-16 10:59:15 - [TEST_STEP][PASSED] - Statement - PreSaveFile = new java.io.File(((pathPrefix + java.lang.Integer.toString(counter)) + .png)): null

2018-11-16 10:59:15 - [TEST_STEP][PASSED] - Statement - counter = counter + 1: null

2018-11-16 10:59:15 - [TEST_STEP][PASSED] - Statement - PreSaveFile = new java.io.File(((pathPrefix + java.lang.Integer.toString(counter)) + .png)): null

2018-11-16 10:59:15 - [TEST_STEP][PASSED] - Statement - counter = counter + 1: null

2018-11-16 10:59:15 - [TEST_STEP][PASSED] - Statement - PreSaveFile = new java.io.File(((pathPrefix + java.lang.Integer.toString(counter)) + .png)): null

2018-11-16 10:59:15 - [TEST_STEP][PASSED] - Statement - counter = counter + 1: null

2018-11-16 10:59:16 - [TEST_STEP][PASSED] - Statement - PreSaveFile = new java.io.File(((pathPrefix + java.lang.Integer.toString(counter)) + .png)): null

2018-11-16 10:59:16 - [TEST_STEP][PASSED] - Statement - counter = counter + 1: null

2018-11-16 10:59:16 - [TEST_STEP][PASSED] - Statement - PreSaveFile = new java.io.File(((pathPrefix + java.lang.Integer.toString(counter)) + .png)): null

2018-11-16 10:59:16 - [TEST_STEP][PASSED] - Statement - counter = counter + 1: null

2018-11-16 10:59:16 - [TEST_STEP][PASSED] - Statement - PreSaveFile = new java.io.File(((pathPrefix + java.lang.Integer.toString(counter)) + .png)): null

2018-11-16 10:59:16 - [TEST_STEP][PASSED] - Statement - counter = counter + 1: null

2018-11-16 10:59:16 - [TEST_STEP][PASSED] - Statement - PreSaveFile = new java.io.File(((pathPrefix + java.lang.Integer.toString(counter)) + .png)): null

2018-11-16 10:59:16 - [TEST_STEP][PASSED] - Statement - counter = counter + 1: null

2018-11-16 10:59:16 - [TEST_STEP][PASSED] - Statement - PreSaveFile = new java.io.File(((pathPrefix + java.lang.Integer.toString(counter)) + .png)): null

2018-11-16 10:59:16 - [TEST_STEP][PASSED] - Statement - counter = counter + 1: null

2018-11-16 10:59:16 - [TEST_STEP][PASSED] - Statement - PreSaveFile = new java.io.File(((pathPrefix + java.lang.Integer.toString(counter)) + .png)): null

2018-11-16 10:59:17 - [TEST_STEP][PASSED] - Statement - counter = counter + 1: null

2018-11-16 10:59:17 - [TEST_STEP][PASSED] - Statement - PreSaveFile = new java.io.File(((pathPrefix + java.lang.Integer.toString(counter)) + .png)): null

2018-11-16 10:59:17 - [TEST_STEP][PASSED] - Statement - counter = counter + 1: null

2018-11-16 10:59:17 - [TEST_STEP][PASSED] - Statement - PreSaveFile = new java.io.File(((pathPrefix + java.lang.Integer.toString(counter)) + .png)): null

2018-11-16 10:59:17 - [TEST_STEP][PASSED] - Statement - counter = counter + 1: null

2018-11-16 10:59:17 - [TEST_STEP][PASSED] - Statement - PreSaveFile = new java.io.File(((pathPrefix + java.lang.Integer.toString(counter)) + .png)): null

2018-11-16 10:59:17 - [TEST_STEP][PASSED] - Statement - counter = counter + 1: null

2018-11-16 10:59:17 - [TEST_STEP][PASSED] - Statement - PreSaveFile = new java.io.File(((pathPrefix + java.lang.Integer.toString(counter)) + .png)): null

2018-11-16 10:59:17 - [TEST_STEP][PASSED] - Statement - counter = counter + 1: null

2018-11-16 10:59:18 - [TEST_STEP][PASSED] - Statement - PreSaveFile = new java.io.File(((pathPrefix + java.lang.Integer.toString(counter)) + .png)): null

2018-11-16 10:59:18 - [TEST_STEP][PASSED] - Statement - counter = counter + 1: null

2018-11-16 10:59:18 - [TEST_STEP][PASSED] - Statement - PreSaveFile = new java.io.File(((pathPrefix + java.lang.Integer.toString(counter)) + .png)): null

2018-11-16 10:59:18 - [TEST_STEP][PASSED] - Statement - counter = counter + 1: null

2018-11-16 10:59:18 - [TEST_STEP][PASSED] - Statement - PreSaveFile = new java.io.File(((pathPrefix + java.lang.Integer.toString(counter)) + .png)): null

2018-11-16 10:59:18 - [TEST_STEP][PASSED] - Statement - counter = counter + 1: null

2018-11-16 10:59:18 - [TEST_STEP][PASSED] - Statement - PreSaveFile = new java.io.File(((pathPrefix + java.lang.Integer.toString(counter)) + .png)): null

2018-11-16 10:59:18 - [TEST_STEP][PASSED] - Statement - counter = counter + 1: null

2018-11-16 10:59:18 - [TEST_STEP][PASSED] - Statement - PreSaveFile = new java.io.File(((pathPrefix + java.lang.Integer.toString(counter)) + .png)): null

2018-11-16 10:59:18 - [TEST_STEP][PASSED] - Statement - counter = counter + 1: null

2018-11-16 10:59:19 - [TEST_STEP][PASSED] - Statement - PreSaveFile = new java.io.File(((pathPrefix + java.lang.Integer.toString(counter)) + .png)): null

2018-11-16 10:59:19 - [TEST_STEP][PASSED] - Statement - counter = counter + 1: null

2018-11-16 10:59:19 - [TEST_STEP][PASSED] - Statement - PreSaveFile = new java.io.File(((pathPrefix + java.lang.Integer.toString(counter)) + .png)): null

2018-11-16 10:59:19 - [TEST_STEP][PASSED] - Statement - counter = counter + 1: null

2018-11-16 10:59:19 - [TEST_STEP][PASSED] - Statement - PreSaveFile = new java.io.File(((pathPrefix + java.lang.Integer.toString(counter)) + .png)): null

2018-11-16 10:59:19 - [TEST_STEP][PASSED] - Statement - counter = counter + 1: null

2018-11-16 10:59:19 - [TEST_STEP][PASSED] - Statement - PreSaveFile = new java.io.File(((pathPrefix + java.lang.Integer.toString(counter)) + .png)): null

2018-11-16 10:59:19 - [TEST_STEP][PASSED] - Statement - counter = counter + 1: null

2018-11-16 10:59:19 - [TEST_STEP][PASSED] - Statement - PreSaveFile = new java.io.File(((pathPrefix + java.lang.Integer.toString(counter)) + .png)): null

2018-11-16 10:59:20 - [TEST_STEP][PASSED] - Statement - counter = counter + 1: null

2018-11-16 10:59:20 - [TEST_STEP][PASSED] - Statement - PreSaveFile = new java.io.File(((pathPrefix + java.lang.Integer.toString(counter)) + .png)): null

2018-11-16 10:59:20 - [TEST_STEP][PASSED] - Statement - finalPath = pathPrefix + java.lang.Integer.toString(counter) + ".png": null

2018-11-16 10:59:20 - [TEST_STEP][PASSED] - Statement - SaveFile = new java.io.File(finalPath): null

2018-11-16 10:59:20 - [TEST_STEP][PASSED] - Statement - Try: null

2018-11-16 10:59:20 - [TEST_STEP][PASSED] - Statement - org.apache.commons.io.FileUtils.copyFile(scrFile, SaveFile): null

2018-11-16 10:59:20 - [TEST_STEP][PASSED] - Statement - out.println("file kept"): null

2018-11-16 10:59:20 - [TEST_STEP][PASSED] - delay: Delayed 10 second(s)

2018-11-16 10:59:30 - [MESSAGE][PASSED] - Delayed 10 second(s)

2018-11-16 10:59:30 - [MESSAGE][PASSED] - Call Test Case 'Test Cases/Final Aug 2018 - PKS Automation/Registration Module/New Registration/Submit and Screenshot/Submit Registration and Screenshot - Copy' successfully

2018-11-16 10:59:30 - [TEST_STEP][PASSED] - Statement - UpdateAddNewECode = com.kms.katalon.core.webui.keyword.WebUiBuiltInKeywords.getText(com.kms.katalon.core.testobject.ObjectRepository.findTestObject(Object Repository/Final Object Repo/Page_Update Add New Employee - ASSIST/getEmpCode)): Text of object 'Object Repository/Final Object Repo/Page_Update Add New Employee - ASSIST/getEmpCode' is: 'E1102070233W'

2018-11-16 10:59:30 - [MESSAGE][PASSED] - Text of object 'Object Repository/Final Object Repo/Page_Update Add New Employee - ASSIST/getEmpCode' is: 'E1102070233W'

2018-11-16 10:59:30 - [TEST_STEP][PASSED] - callTestCase: Call Test Case 'Test Cases/Final Aug 2018 - PKS Automation/Common/Emp Code Setter' successfully

2018-11-16 10:59:30 - [TEST_CASE][PASSED] - Test Cases/Final Aug 2018 - PKS Automation/Common/Emp Code Setter: Test Cases/Final Aug 2018 - PKS Automation/Common/Emp Code Setter

2018-11-16 10:59:30 - [TEST_STEP][PASSED] - Statement - EmpCodeOld = new java.io.File(C://EmpCode.txt): null

2018-11-16 10:59:30 - [TEST_STEP][PASSED] - Statement - EmpCodeOld.delete(): null

2018-11-16 10:59:30 - [TEST_STEP][PASSED] - Statement - EmpCode = new java.io.File(C://EmpCode.txt): null

2018-11-16 10:59:30 - [TEST_STEP][PASSED] - Statement - EmpCode.append(UpdateAddNewECode): null

2018-11-16 10:59:30 - [TEST_STEP][PASSED] - Statement - out.println("


" + UpdateAddNewECode + "


"): null

2018-11-16 10:59:30 - [MESSAGE][PASSED] - Call Test Case 'Test Cases/Final Aug 2018 - PKS Automation/Common/Emp Code Setter' successfully

2018-11-16 10:59:30 - [MESSAGE][PASSED] - Call Test Case 'Test Cases/Final Aug 2018 - PKS Automation/Registration Module/Workflow/Update Add New Employee/Template/New Company for Update Add New - Employer' successfully

2018-11-16 10:59:30 - [TEST_STEP][PASSED] - callTestCase: Call Test Case 'Test Cases/Final Aug 2018 - PKS Automation/Create Employer Acc/Login to Employer Account (Second time)' successfully

2018-11-16 10:59:30 - [TEST_CASE][PASSED] - Test Cases/Final Aug 2018 - PKS Automation/Create Employer Acc/Login to Employer Account (Second time): Test Cases/Final Aug 2018 - PKS Automation/Create Employer Acc/Login to Employer Account (Second time)

2018-11-16 10:59:30 - [TEST_STEP][PASSED] - openBrowser: Browser is opened with url: ''

2018-11-16 10:59:30 - [MESSAGE][WARNING] - A browser is already opened. Closing browser and opening a new one

2018-11-16 10:59:35 - [MESSAGE][PASSED] - Browser is opened with url: ''

2018-11-16 10:59:35 - [TEST_STEP][PASSED] - navigateToUrl: Navigate to 'https://assist2-uat.perkeso.gov.my/employer/login' successfully

2018-11-16 10:59:38 - [MESSAGE][PASSED] - Navigate to 'https://assist2-uat.perkeso.gov.my/employer/login' successfully

2018-11-16 10:59:38 - [TEST_STEP][PASSED] - delay: Delayed 3 second(s)

2018-11-16 10:59:41 - [MESSAGE][PASSED] - Delayed 3 second(s)

2018-11-16 10:59:41 - [TEST_STEP][PASSED] - callTestCase: Call Test Case 'Test Cases/Final Aug 2018 - PKS Automation/Create Employer Acc/Template/Employer Email Getter' successfully

2018-11-16 10:59:41 - [TEST_CASE][PASSED] - Test Cases/Final Aug 2018 - PKS Automation/Create Employer Acc/Template/Employer Email Getter: Test Cases/Final Aug 2018 - PKS Automation/Create Employer Acc/Template/Employer Email Getter

2018-11-16 10:59:41 - [TEST_STEP][PASSED] - Statement - Try: null

2018-11-16 10:59:41 - [TEST_STEP][PASSED] - Statement - EmpEmail = new java.io.File(C://EmpEmail.txt): null

2018-11-16 10:59:41 - [TEST_STEP][PASSED] - Statement - bufferread = new java.io.BufferedReader(new java.io.FileReader(EmpEmail)): null

2018-11-16 10:59:41 - [TEST_STEP][PASSED] - Statement - readedVal = bufferread.readLine(): null

2018-11-16 10:59:41 - [TEST_STEP][PASSED] - Statement - out.println(readedVal): null

2018-11-16 10:59:41 - [TEST_STEP][PASSED] - Statement - Email = readedVal: null

2018-11-16 10:59:41 - [MESSAGE][PASSED] - Call Test Case 'Test Cases/Final Aug 2018 - PKS Automation/Create Employer Acc/Template/Employer Email Getter' successfully

2018-11-16 10:59:41 - [TEST_STEP][PASSED] - setText: Text 'perkeso877914854248@gmail.com' is set on object 'Object Repository/Final Object Repo/Login Page/External Login Page/Email'

2018-11-16 10:59:41 - [MESSAGE][PASSED] - Text 'perkeso877914854248@gmail.com' is set on object 'Object Repository/Final Object Repo/Login Page/External Login Page/Email'

2018-11-16 10:59:41 - [TEST_STEP][PASSED] - click: Object: 'Object Repository/Final Object Repo/Login Page/External Login Page/Next' is clicked on

2018-11-16 10:59:42 - [MESSAGE][PASSED] - Object: 'Object Repository/Final Object Repo/Login Page/External Login Page/Next' is clicked on

2018-11-16 10:59:42 - [TEST_STEP][PASSED] - delay: Delayed 3 second(s)

2018-11-16 10:59:45 - [MESSAGE][PASSED] - Delayed 3 second(s)

2018-11-16 10:59:45 - [TEST_STEP][PASSED] - setEncryptedText: Text ****** has been set on object 'Object Repository/Final Object Repo/Login Page/External Login Page/Password'

2018-11-16 10:59:45 - [MESSAGE][PASSED] - Text ****** has been set on object 'Object Repository/Final Object Repo/Login Page/External Login Page/Password'

2018-11-16 10:59:45 - [TEST_STEP][PASSED] - click: Object: 'Object Repository/Final Object Repo/Login Page/External Login Page/Login' is clicked on

2018-11-16 10:59:52 - [MESSAGE][PASSED] - Object: 'Object Repository/Final Object Repo/Login Page/External Login Page/Login' is clicked on

2018-11-16 10:59:52 - [TEST_STEP][PASSED] - delay: Delayed 5 second(s)

2018-11-16 10:59:57 - [MESSAGE][PASSED] - Delayed 5 second(s)

2018-11-16 10:59:57 - [MESSAGE][PASSED] - Call Test Case 'Test Cases/Final Aug 2018 - PKS Automation/Create Employer Acc/Login to Employer Account (Second time)' successfully

2018-11-16 10:59:57 - [TEST_STEP][PASSED] - Statement - Try: Delayed 2 second(s)

2018-11-16 10:59:57 - [TEST_STEP][PASSED] - Statement - Checker = false: null

2018-11-16 10:59:57 - [TEST_STEP][PASSED] - Statement - Checker = com.kms.katalon.core.webui.keyword.WebUiBuiltInKeywords.verifyElementHasAttribute(com.kms.katalon.core.testobject.ObjectRepository.findTestObject(Final Object Repo/Landing Page/BM Detecting), "href", 20, OPTIONAL): Object 'Object Repository/Final Object Repo/Landing Page/BM Detecting' has attribute 'href'

2018-11-16 10:59:57 - [MESSAGE][PASSED] - Object 'Object Repository/Final Object Repo/Landing Page/BM Detecting' has attribute 'href'

2018-11-16 10:59:57 - [TEST_STEP][PASSED] - Statement - out.println(Checker): null

2018-11-16 10:59:57 - [TEST_STEP][PASSED] - Statement - If (Checker == false): null

2018-11-16 10:59:57 - [TEST_STEP][PASSED] - Statement - Else: null

2018-11-16 10:59:57 - [TEST_STEP][PASSED] - delay: Delayed 2 second(s)

2018-11-16 10:59:59 - [MESSAGE][PASSED] - Delayed 2 second(s)

2018-11-16 10:59:59 - [TEST_STEP][PASSED] - navigateToUrl: Navigate to 'https://assist2-uat.perkeso.gov.my/web/registration/update/update-employee-information-employer-' successfully

2018-11-16 11:00:01 - [MESSAGE][PASSED] - Navigate to 'https://assist2-uat.perkeso.gov.my/web/registration/update/update-employee-information-employer-' successfully

2018-11-16 11:00:01 - [TEST_STEP][PASSED] - click: Object: 'Object Repository/Final Object Repo/Page_Update Employee Information By Employer/Edit Button' is clicked on

2018-11-16 11:00:04 - [MESSAGE][PASSED] - Object: 'Object Repository/Final Object Repo/Page_Update Employee Information By Employer/Edit Button' is clicked on

2018-11-16 11:00:04 - [TEST_STEP][PASSED] - click: Object: 'Object Repository/Final Object Repo/Page_Update Employee Information By Employer/Employee Name or New Identification' is clicked on

2018-11-16 11:00:04 - [MESSAGE][PASSED] - Object: 'Object Repository/Final Object Repo/Page_Update Employee Information By Employer/Employee Name or New Identification' is clicked on

2018-11-16 11:00:04 - [TEST_STEP][PASSED] - delay: Delayed 1 second(s)

2018-11-16 11:00:05 - [MESSAGE][PASSED] - Delayed 1 second(s)

2018-11-16 11:00:05 - [TEST_STEP][PASSED] - click: Object: 'Object Repository/Final Object Repo/Page_Update Employee Information By Employer/Selection - Employee Name' is clicked on

2018-11-16 11:00:06 - [MESSAGE][PASSED] - Object: 'Object Repository/Final Object Repo/Page_Update Employee Information By Employer/Selection - Employee Name' is clicked on

2018-11-16 11:00:06 - [TEST_STEP][PASSED] - delay: Delayed 1 second(s)

2018-11-16 11:00:07 - [MESSAGE][PASSED] - Delayed 1 second(s)

2018-11-16 11:00:07 - [TEST_STEP][PASSED] - setText: Text 'AUTOMATE001 ELIGIBLE 1' is set on object 'Object Repository/Final Object Repo/Page_Update Employee Information By Employer/Employee Name'

2018-11-16 11:00:07 - [MESSAGE][PASSED] - Text 'AUTOMATE001 ELIGIBLE 1' is set on object 'Object Repository/Final Object Repo/Page_Update Employee Information By Employer/Employee Name'

2018-11-16 11:00:07 - [TEST_STEP][PASSED] - delay: Delayed 2 second(s)

2018-11-16 11:00:09 - [MESSAGE][PASSED] - Delayed 2 second(s)

2018-11-16 11:00:09 - [TEST_STEP][PASSED] - click: Object: 'Object Repository/Final Object Repo/Page_Update Employee Information By Employer/Search Employee' is clicked on

2018-11-16 11:00:10 - [MESSAGE][PASSED] - Object: 'Object Repository/Final Object Repo/Page_Update Employee Information By Employer/Search Employee' is clicked on

2018-11-16 11:00:10 - [TEST_STEP][PASSED] - delay: Delayed 3 second(s)

2018-11-16 11:00:13 - [MESSAGE][PASSED] - Delayed 3 second(s)

2018-11-16 11:00:13 - [TEST_STEP][PASSED] - click: Object: 'Object Repository/Final Object Repo/Page_Update Employee Information By Employer/Employee Edit Button' is clicked on

2018-11-16 11:00:13 - [MESSAGE][PASSED] - Object: 'Object Repository/Final Object Repo/Page_Update Employee Information By Employer/Employee Edit Button' is clicked on

2018-11-16 11:00:13 - [TEST_STEP][PASSED] - delay: Delayed 3 second(s)

2018-11-16 11:00:16 - [MESSAGE][PASSED] - Delayed 3 second(s)

2018-11-16 11:00:16 - [TEST_STEP][PASSED] - setText: Text '' is set on object 'Object Repository/Final Object Repo/Page_Update Employee Information By Employer/Identification Number'

2018-11-16 11:00:16 - [MESSAGE][PASSED] - Text '' is set on object 'Object Repository/Final Object Repo/Page_Update Employee Information By Employer/Identification Number'

2018-11-16 11:00:16 - [TEST_STEP][PASSED] - Statement - rnd = new java.util.Random(): null

2018-11-16 11:00:16 - [TEST_STEP][PASSED] - Statement - snum = rnd.nextInt(899999 + 1) + 100000: null

2018-11-16 11:00:16 - [TEST_STEP][PASSED] - Statement - tnum = rnd.nextInt(899999 + 1) + 100000: null

2018-11-16 11:00:16 - [TEST_STEP][PASSED] - Statement - IC = java.lang.Integer.toString(snum) + java.lang.Integer.toString(tnum): null

2018-11-16 11:00:16 - [TEST_STEP][PASSED] - Statement - out.println(IC): null

2018-11-16 11:00:16 - [TEST_STEP][PASSED] - setText: Text '102235133370' is set on object 'Object Repository/Final Object Repo/Page_Update Employee Information By Employer/Identification Number'

2018-11-16 11:00:16 - [MESSAGE][PASSED] - Text '102235133370' is set on object 'Object Repository/Final Object Repo/Page_Update Employee Information By Employer/Identification Number'

2018-11-16 11:00:16 - [TEST_STEP][PASSED] - click: Object: 'Object Repository/Final Object Repo/Page_Update Employee Information By Employer/Save' is clicked on

2018-11-16 11:00:21 - [MESSAGE][PASSED] - Object: 'Object Repository/Final Object Repo/Page_Update Employee Information By Employer/Save' is clicked on

2018-11-16 11:00:21 - [TEST_STEP][PASSED] - delay: Delayed 5 second(s)

2018-11-16 11:00:26 - [MESSAGE][PASSED] - Delayed 5 second(s)

2018-11-16 11:00:26 - [TEST_STEP][PASSED] - Statement - CaseReferenceNo = com.kms.katalon.core.webui.keyword.WebUiBuiltInKeywords.getText(com.kms.katalon.core.testobject.ObjectRepository.findTestObject(Final Object Repo/Reference Number/Reference Number in Update Employee Information Page)): Text of object 'Object Repository/Final Object Repo/Reference Number/Reference Number in Update Employee Information Page' is: 'CUN112018C100005483'

2018-11-16 11:00:26 - [MESSAGE][PASSED] - Text of object 'Object Repository/Final Object Repo/Reference Number/Reference Number in Update Employee Information Page' is: 'CUN112018C100005483'

2018-11-16 11:00:26 - [TEST_STEP][PASSED] - callTestCase: Call Test Case 'Test Cases/Final Aug 2018 - PKS Automation/Common/Reference Number Setter' successfully

2018-11-16 11:00:26 - [TEST_CASE][PASSED] - Test Cases/Final Aug 2018 - PKS Automation/Common/Reference Number Setter: Test Cases/Final Aug 2018 - PKS Automation/Common/Reference Number Setter

2018-11-16 11:00:26 - [TEST_STEP][PASSED] - Statement - RefNoOldFile = new java.io.File(C://KatalonReference.txt): null

2018-11-16 11:00:26 - [TEST_STEP][PASSED] - Statement - RefNoOldFile.delete(): null

2018-11-16 11:00:26 - [TEST_STEP][PASSED] - delay: Delayed 5 second(s)

2018-11-16 11:00:31 - [MESSAGE][PASSED] - Delayed 5 second(s)

2018-11-16 11:00:31 - [TEST_STEP][PASSED] - Statement - RefNo = new java.io.File(C://KatalonReference.txt): null

2018-11-16 11:00:31 - [TEST_STEP][PASSED] - Statement - f2 = new java.io.FileWriter(RefNo, false): null

2018-11-16 11:00:31 - [TEST_STEP][PASSED] - Statement - f2.write(CaseReferenceNo): null

2018-11-16 11:00:31 - [TEST_STEP][PASSED] - Statement - f2.close(): null

2018-11-16 11:00:31 - [TEST_STEP][PASSED] - Statement - out.println("


" + CaseReferenceNo + "


"): null

2018-11-16 11:00:31 - [MESSAGE][PASSED] - Call Test Case 'Test Cases/Final Aug 2018 - PKS Automation/Common/Reference Number Setter' successfully

2018-11-16 11:00:31 - [TEST_STEP][PASSED] - delay: Delayed 5 second(s)

2018-11-16 11:00:36 - [MESSAGE][PASSED] - Delayed 5 second(s)

2018-11-16 11:00:36 - [TEST_STEP][PASSED] - click: Object: 'Object Repository/Final Object Repo/Page_Update Employee Information By Employer/Save  Continue in  Employee Information Page' is clicked on

2018-11-16 11:00:40 - [MESSAGE][PASSED] - Object: 'Object Repository/Final Object Repo/Page_Update Employee Information By Employer/Save  Continue in  Employee Information Page' is clicked on

2018-11-16 11:00:40 - [TEST_STEP][PASSED] - delay: Delayed 5 second(s)

2018-11-16 11:00:45 - [MESSAGE][PASSED] - Delayed 5 second(s)

2018-11-16 11:00:45 - [TEST_STEP][PASSED] - click: Object: 'Object Repository/Final Object Repo/Page_Update Employee Information By Employer/Save  Continue in Uploading Page 1' is clicked on

2018-11-16 11:00:50 - [MESSAGE][PASSED] - Object: 'Object Repository/Final Object Repo/Page_Update Employee Information By Employer/Save  Continue in Uploading Page 1' is clicked on

2018-11-16 11:00:50 - [TEST_STEP][PASSED] - delay: Delayed 5 second(s)

2018-11-16 11:00:55 - [MESSAGE][PASSED] - Delayed 5 second(s)

2018-11-16 11:00:55 - [TEST_STEP][PASSED] - click: Object: 'Object Repository/Final Object Repo/Page_Update Employee Information By Employer/Submit' is clicked on

2018-11-16 11:00:55 - [MESSAGE][PASSED] - Object: 'Object Repository/Final Object Repo/Page_Update Employee Information By Employer/Submit' is clicked on

2018-11-16 11:00:55 - [TEST_STEP][PASSED] - delay: Delayed 5 second(s)

2018-11-16 11:01:00 - [MESSAGE][PASSED] - Delayed 5 second(s)

2018-11-16 11:01:00 - [TEST_STEP][PASSED] - click: Object: 'Object Repository/Final Object Repo/Page_Update Employee Information By Employer/Confirm' is clicked on

2018-11-16 11:01:05 - [MESSAGE][PASSED] - Object: 'Object Repository/Final Object Repo/Page_Update Employee Information By Employer/Confirm' is clicked on

2018-11-16 11:01:05 - [TEST_STEP][PASSED] - delay: Delayed 5 second(s)

2018-11-16 11:01:10 - [MESSAGE][PASSED] - Delayed 5 second(s)

2018-11-16 11:01:10 - [TEST_STEP][PASSED] - verifyElementVisible: Object 'Object Repository/Final Object Repo/Page_Update Employee Information By Employer/Successfull Message Routed to UO' is visible

2018-11-16 11:01:11 - [MESSAGE][PASSED] - Object 'Object Repository/Final Object Repo/Page_Update Employee Information By Employer/Successfull Message Routed to UO' is visible

2018-11-16 11:01:11 - [MESSAGE][PASSED] - Call Test Case 'Test Cases/Final Aug 2018 - PKS Automation/Registration Module/Workflow/Update Employee Information (Employer)/Template/Update Employer Information - Special Case (Employer)' successfully

2018-11-16 11:01:11 - [TEST_STEP][PASSED] - callTestCase: Call Test Case 'Test Cases/Final Aug 2018 - PKS Automation/Registration Module/Workflow/Update Employee Information (Employer)/Template/Update Employee Information - Special Case - UO (Approve)' successfully

2018-11-16 11:01:11 - [TEST_CASE][PASSED] - Test Cases/Final Aug 2018 - PKS Automation/Registration Module/Workflow/Update Employee Information (Employer)/Template/Update Employee Information - Special Case - UO (Approve): Test Cases/Final Aug 2018 - PKS Automation/Registration Module/Workflow/Update Employee Information (Employer)/Template/Update Employee Information - Special Case - UO (Approve)

2018-11-16 11:01:11 - [TEST_STEP][NOT_RUN] - callTestCase: NOT_RUN: callTestCase

2018-11-16 11:01:11 - [MESSAGE][NOT_RUN] - NOT_RUN: callTestCase

2018-11-16 11:01:11 - [TEST_STEP][PASSED] - delay: Delayed 2 second(s)

2018-11-16 11:01:13 - [MESSAGE][PASSED] - Delayed 2 second(s)

2018-11-16 11:01:13 - [TEST_STEP][PASSED] - navigateToUrl: Navigate to 'https://assist2-uat.perkeso.gov.my/c/portal/logout' successfully

2018-11-16 11:01:14 - [MESSAGE][PASSED] - Navigate to 'https://assist2-uat.perkeso.gov.my/c/portal/logout' successfully

2018-11-16 11:01:14 - [TEST_STEP][PASSED] - delay: Delayed 2 second(s)

2018-11-16 11:01:16 - [MESSAGE][PASSED] - Delayed 2 second(s)

2018-11-16 11:01:16 - [TEST_STEP][PASSED] - callTestCase: Call Test Case 'Test Cases/Final Aug 2018 - PKS Automation/Common/Reference Number Getter' successfully

2018-11-16 11:01:16 - [TEST_CASE][PASSED] - Test Cases/Final Aug 2018 - PKS Automation/Common/Reference Number Getter: Test Cases/Final Aug 2018 - PKS Automation/Common/Reference Number Getter

2018-11-16 11:01:16 - [TEST_STEP][PASSED] - Statement - Try: null

2018-11-16 11:01:16 - [TEST_STEP][PASSED] - Statement - RefNo = new java.io.File(C://KatalonReference.txt): null

2018-11-16 11:01:16 - [TEST_STEP][PASSED] - Statement - bufferread = new java.io.BufferedReader(new java.io.FileReader(RefNo)): null

2018-11-16 11:01:16 - [TEST_STEP][PASSED] - Statement - readedVal = bufferread.readLine(): null

2018-11-16 11:01:16 - [TEST_STEP][PASSED] - Statement - out.println(CaseReferenceNo): null

2018-11-16 11:01:16 - [TEST_STEP][PASSED] - Statement - out.println(readedVal): null

2018-11-16 11:01:16 - [TEST_STEP][PASSED] - Statement - CaseReferenceNo = "": null

2018-11-16 11:01:16 - [TEST_STEP][PASSED] - Statement - CaseReferenceNo = readedVal: null

2018-11-16 11:01:16 - [MESSAGE][PASSED] - Call Test Case 'Test Cases/Final Aug 2018 - PKS Automation/Common/Reference Number Getter' successfully

2018-11-16 11:01:16 - [TEST_STEP][PASSED] - callTestCase: Call Test Case 'Test Cases/Final Aug 2018 - PKS Automation/Common/Workflow Owner Finder' successfully

2018-11-16 11:01:17 - [TEST_CASE][PASSED] - Test Cases/Final Aug 2018 - PKS Automation/Common/Workflow Owner Finder: Test Cases/Final Aug 2018 - PKS Automation/Common/Workflow Owner Finder

2018-11-16 11:01:17 - [TEST_STEP][PASSED] - openBrowser: Browser is opened with url: ''

2018-11-16 11:01:17 - [MESSAGE][WARNING] - A browser is already opened. Closing browser and opening a new one

2018-11-16 11:01:22 - [MESSAGE][PASSED] - Browser is opened with url: ''

2018-11-16 11:01:22 - [TEST_STEP][PASSED] - navigateToUrl: Navigate to 'https://assist2-uat.perkeso.gov.my/login' successfully

2018-11-16 11:01:24 - [MESSAGE][PASSED] - Navigate to 'https://assist2-uat.perkeso.gov.my/login' successfully

2018-11-16 11:01:24 - [TEST_STEP][PASSED] - delay: Delayed 5 second(s)

2018-11-16 11:01:29 - [MESSAGE][PASSED] - Delayed 5 second(s)

2018-11-16 11:01:29 - [TEST_STEP][PASSED] - setText: Text 'test@liferay.com' is set on object 'Object Repository/Final Object Repo/Login Page/Internal User/Email Address'

2018-11-16 11:01:29 - [MESSAGE][PASSED] - Text 'test@liferay.com' is set on object 'Object Repository/Final Object Repo/Login Page/Internal User/Email Address'

2018-11-16 11:01:29 - [TEST_STEP][PASSED] - click: Object: 'Object Repository/Final Object Repo/Login Page/Internal User/Next Button' is clicked on

2018-11-16 11:01:30 - [MESSAGE][PASSED] - Object: 'Object Repository/Final Object Repo/Login Page/Internal User/Next Button' is clicked on

2018-11-16 11:01:30 - [TEST_STEP][PASSED] - delay: Delayed 2 second(s)

2018-11-16 11:01:32 - [MESSAGE][PASSED] - Delayed 2 second(s)

2018-11-16 11:01:32 - [TEST_STEP][PASSED] - setText: Text 'test' is set on object 'Object Repository/Final Object Repo/Login Page/Internal User/Password'

2018-11-16 11:01:32 - [MESSAGE][PASSED] - Text 'test' is set on object 'Object Repository/Final Object Repo/Login Page/Internal User/Password'

2018-11-16 11:01:32 - [TEST_STEP][PASSED] - delay: Delayed 2 second(s)

2018-11-16 11:01:34 - [MESSAGE][PASSED] - Delayed 2 second(s)

2018-11-16 11:01:34 - [TEST_STEP][PASSED] - click: Object: 'Object Repository/Final Object Repo/Login Page/Internal User/Login Button' is clicked on

2018-11-16 11:01:38 - [MESSAGE][PASSED] - Object: 'Object Repository/Final Object Repo/Login Page/Internal User/Login Button' is clicked on

2018-11-16 11:01:38 - [TEST_STEP][PASSED] - Statement - Try: Delayed 2 second(s)

2018-11-16 11:01:38 - [TEST_STEP][PASSED] - Statement - Checker = false: null

2018-11-16 11:01:38 - [TEST_STEP][PASSED] - Statement - Checker = com.kms.katalon.core.webui.keyword.WebUiBuiltInKeywords.verifyElementHasAttribute(com.kms.katalon.core.testobject.ObjectRepository.findTestObject(Final Object Repo/Landing Page/BM Detecting), "href", 20, OPTIONAL): Object 'Object Repository/Final Object Repo/Landing Page/BM Detecting' has attribute 'href'

2018-11-16 11:01:38 - [MESSAGE][PASSED] - Object 'Object Repository/Final Object Repo/Landing Page/BM Detecting' has attribute 'href'

2018-11-16 11:01:38 - [TEST_STEP][PASSED] - Statement - out.println(Checker): null

2018-11-16 11:01:38 - [TEST_STEP][PASSED] - Statement - If (Checker == false): null

2018-11-16 11:01:38 - [TEST_STEP][PASSED] - Statement - Else: null

2018-11-16 11:01:38 - [TEST_STEP][PASSED] - delay: Delayed 2 second(s)

2018-11-16 11:01:40 - [MESSAGE][PASSED] - Delayed 2 second(s)

2018-11-16 11:01:40 - [TEST_STEP][PASSED] - delay: Delayed 3 second(s)

2018-11-16 11:01:43 - [MESSAGE][PASSED] - Delayed 3 second(s)

2018-11-16 11:01:43 - [TEST_STEP][PASSED] - mouseOver: Object: 'Object Repository/Final Object Repo/Landing Page/WorkFlow Menu' is hovered

2018-11-16 11:01:43 - [MESSAGE][PASSED] - Object: 'Object Repository/Final Object Repo/Landing Page/WorkFlow Menu' is hovered

2018-11-16 11:01:43 - [TEST_STEP][PASSED] - delay: Delayed 2 second(s)

2018-11-16 11:01:45 - [MESSAGE][PASSED] - Delayed 2 second(s)

2018-11-16 11:01:45 - [TEST_STEP][PASSED] - click: Object: 'Object Repository/Final Object Repo/Landing Page/Select to Workflow Listing' is clicked on

2018-11-16 11:01:47 - [MESSAGE][PASSED] - Object: 'Object Repository/Final Object Repo/Landing Page/Select to Workflow Listing' is clicked on

2018-11-16 11:01:47 - [TEST_STEP][PASSED] - delay: Delayed 2 second(s)

2018-11-16 11:01:49 - [MESSAGE][PASSED] - Delayed 2 second(s)

2018-11-16 11:01:49 - [TEST_STEP][PASSED] - click: Object: 'Object Repository/Final Object Repo/WorkFlow Listing Page/Search Information - To Put Ref No' is clicked on

2018-11-16 11:01:49 - [MESSAGE][PASSED] - Object: 'Object Repository/Final Object Repo/WorkFlow Listing Page/Search Information - To Put Ref No' is clicked on

2018-11-16 11:01:49 - [TEST_STEP][PASSED] - delay: Delayed 2 second(s)

2018-11-16 11:01:51 - [MESSAGE][PASSED] - Delayed 2 second(s)

2018-11-16 11:01:51 - [TEST_STEP][PASSED] - callTestCase: Call Test Case 'Test Cases/Final Aug 2018 - PKS Automation/Common/Reference Number Getter' successfully

2018-11-16 11:01:51 - [TEST_CASE][PASSED] - Test Cases/Final Aug 2018 - PKS Automation/Common/Reference Number Getter: Test Cases/Final Aug 2018 - PKS Automation/Common/Reference Number Getter

2018-11-16 11:01:51 - [TEST_STEP][PASSED] - Statement - Try: null

2018-11-16 11:01:51 - [TEST_STEP][PASSED] - Statement - RefNo = new java.io.File(C://KatalonReference.txt): null

2018-11-16 11:01:51 - [TEST_STEP][PASSED] - Statement - bufferread = new java.io.BufferedReader(new java.io.FileReader(RefNo)): null

2018-11-16 11:01:51 - [TEST_STEP][PASSED] - Statement - readedVal = bufferread.readLine(): null

2018-11-16 11:01:51 - [TEST_STEP][PASSED] - Statement - out.println(CaseReferenceNo): null

2018-11-16 11:01:51 - [TEST_STEP][PASSED] - Statement - out.println(readedVal): null

2018-11-16 11:01:51 - [TEST_STEP][PASSED] - Statement - CaseReferenceNo = "": null

2018-11-16 11:01:51 - [TEST_STEP][PASSED] - Statement - CaseReferenceNo = readedVal: null

2018-11-16 11:01:51 - [MESSAGE][PASSED] - Call Test Case 'Test Cases/Final Aug 2018 - PKS Automation/Common/Reference Number Getter' successfully

2018-11-16 11:01:51 - [TEST_STEP][PASSED] - setText: Text 'CUN112018C100005483' is set on object 'Object Repository/Final Object Repo/WorkFlow Listing Page/Ref No Set Text'

2018-11-16 11:01:51 - [MESSAGE][PASSED] - Text 'CUN112018C100005483' is set on object 'Object Repository/Final Object Repo/WorkFlow Listing Page/Ref No Set Text'

2018-11-16 11:01:51 - [TEST_STEP][PASSED] - delay: Delayed 2 second(s)

2018-11-16 11:01:53 - [MESSAGE][PASSED] - Delayed 2 second(s)

2018-11-16 11:01:53 - [TEST_STEP][PASSED] - click: Object: 'Object Repository/Final Object Repo/WorkFlow Listing Page/Search Ref No Search Button' is clicked on

2018-11-16 11:01:55 - [MESSAGE][PASSED] - Object: 'Object Repository/Final Object Repo/WorkFlow Listing Page/Search Ref No Search Button' is clicked on

2018-11-16 11:01:55 - [TEST_STEP][PASSED] - delay: Delayed 4 second(s)

2018-11-16 11:01:59 - [MESSAGE][PASSED] - Delayed 4 second(s)

2018-11-16 11:01:59 - [TEST_STEP][PASSED] - click: Object: 'Object Repository/Final Object Repo/WorkFlow Listing Page/Click Continue Tooltip' is clicked on

2018-11-16 11:02:01 - [MESSAGE][PASSED] - Object: 'Object Repository/Final Object Repo/WorkFlow Listing Page/Click Continue Tooltip' is clicked on

2018-11-16 11:02:01 - [TEST_STEP][PASSED] - delay: Delayed 5 second(s)

2018-11-16 11:02:06 - [MESSAGE][PASSED] - Delayed 5 second(s)

2018-11-16 11:02:06 - [TEST_STEP][PASSED] - doubleClick: Object: 'Object Repository/Final Object Repo/WorkFlow Listing Page/Workflow Found - Listing 1' is double clicked on

2018-11-16 11:02:06 - [MESSAGE][PASSED] - Object: 'Object Repository/Final Object Repo/WorkFlow Listing Page/Workflow Found - Listing 1' is double clicked on

2018-11-16 11:02:06 - [TEST_STEP][PASSED] - Statement - println(OwnerID): null

2018-11-16 11:02:06 - [TEST_STEP][PASSED] - Statement - OwnerID = com.kms.katalon.core.webui.keyword.WebUiBuiltInKeywords.getText(com.kms.katalon.core.testobject.ObjectRepository.findTestObject(Final Object Repo/WorkFlow Listing Page/Workflow Found - Listing 1), STOP_ON_FAILURE): Text of object 'Object Repository/Final Object Repo/WorkFlow Listing Page/Workflow Found - Listing 1' is: 'JOHORuo1'

2018-11-16 11:02:06 - [MESSAGE][PASSED] - Text of object 'Object Repository/Final Object Repo/WorkFlow Listing Page/Workflow Found - Listing 1' is: 'JOHORuo1'

2018-11-16 11:02:06 - [TEST_STEP][PASSED] - Statement - OwnerID = OwnerID.toLowerCase() + "@gmail.com": null

2018-11-16 11:02:06 - [TEST_STEP][PASSED] - Statement - println(OwnerID): null

2018-11-16 11:02:06 - [TEST_STEP][PASSED] - delay: Delayed 2 second(s)

2018-11-16 11:02:08 - [MESSAGE][PASSED] - Delayed 2 second(s)

2018-11-16 11:02:08 - [MESSAGE][PASSED] - Call Test Case 'Test Cases/Final Aug 2018 - PKS Automation/Common/Workflow Owner Finder' successfully

2018-11-16 11:02:08 - [TEST_STEP][PASSED] - delay: Delayed 2 second(s)

2018-11-16 11:02:10 - [MESSAGE][PASSED] - Delayed 2 second(s)

2018-11-16 11:02:10 - [TEST_STEP][PASSED] - navigateToUrl: Navigate to 'https://assist2-uat.perkeso.gov.my/c/portal/logout' successfully

2018-11-16 11:02:12 - [MESSAGE][PASSED] - Navigate to 'https://assist2-uat.perkeso.gov.my/c/portal/logout' successfully

2018-11-16 11:02:12 - [TEST_STEP][PASSED] - delay: Delayed 2 second(s)

2018-11-16 11:02:14 - [MESSAGE][PASSED] - Delayed 2 second(s)

2018-11-16 11:02:14 - [TEST_STEP][PASSED] - callTestCase: Call Test Case 'Test Cases/Final Aug 2018 - PKS Automation/Registration Module/Workflow/Login and Search Case For Workflow' successfully

2018-11-16 11:02:14 - [TEST_CASE][PASSED] - Test Cases/Final Aug 2018 - PKS Automation/Registration Module/Workflow/Login and Search Case For Workflow: Test Cases/Final Aug 2018 - PKS Automation/Registration Module/Workflow/Login and Search Case For Workflow

2018-11-16 11:02:14 - [TEST_STEP][PASSED] - navigateToUrl: Navigate to 'https://assist2-uat.perkeso.gov.my/login' successfully

2018-11-16 11:02:15 - [MESSAGE][PASSED] - Navigate to 'https://assist2-uat.perkeso.gov.my/login' successfully

2018-11-16 11:02:15 - [TEST_STEP][PASSED] - setText: Text 'johoruo1@gmail.com' is set on object 'Object Repository/Final Object Repo/Login Page/Internal User/Email Address'

2018-11-16 11:02:15 - [MESSAGE][PASSED] - Text 'johoruo1@gmail.com' is set on object 'Object Repository/Final Object Repo/Login Page/Internal User/Email Address'

2018-11-16 11:02:15 - [TEST_STEP][PASSED] - click: Object: 'Object Repository/Final Object Repo/Login Page/Internal User/Next Button' is clicked on

2018-11-16 11:02:16 - [MESSAGE][PASSED] - Object: 'Object Repository/Final Object Repo/Login Page/Internal User/Next Button' is clicked on

2018-11-16 11:02:16 - [TEST_STEP][PASSED] - delay: Delayed 1 second(s)

2018-11-16 11:02:17 - [MESSAGE][PASSED] - Delayed 1 second(s)

2018-11-16 11:02:17 - [TEST_STEP][PASSED] - setEncryptedText: Text ****** has been set on object 'Object Repository/Final Object Repo/Login Page/Internal User/Password'

2018-11-16 11:02:17 - [MESSAGE][PASSED] - Text ****** has been set on object 'Object Repository/Final Object Repo/Login Page/Internal User/Password'

2018-11-16 11:02:17 - [TEST_STEP][PASSED] - click: Object: 'Object Repository/Final Object Repo/Login Page/Internal User/Login Button' is clicked on

2018-11-16 11:02:20 - [MESSAGE][PASSED] - Object: 'Object Repository/Final Object Repo/Login Page/Internal User/Login Button' is clicked on

2018-11-16 11:02:20 - [TEST_STEP][PASSED] - delay: Delayed 2 second(s)

2018-11-16 11:02:22 - [MESSAGE][PASSED] - Delayed 2 second(s)

2018-11-16 11:02:22 - [TEST_STEP][PASSED] - Statement - Try: Delayed 2 second(s)

2018-11-16 11:02:22 - [TEST_STEP][PASSED] - Statement - Checker = false: null

2018-11-16 11:02:22 - [TEST_STEP][PASSED] - Statement - Checker = com.kms.katalon.core.webui.keyword.WebUiBuiltInKeywords.verifyElementHasAttribute(com.kms.katalon.core.testobject.ObjectRepository.findTestObject(Final Object Repo/Landing Page/BM Detecting), "href", 20, OPTIONAL): Object 'Object Repository/Final Object Repo/Landing Page/BM Detecting' has attribute 'href'

2018-11-16 11:02:22 - [MESSAGE][PASSED] - Object 'Object Repository/Final Object Repo/Landing Page/BM Detecting' has attribute 'href'

2018-11-16 11:02:22 - [TEST_STEP][PASSED] - Statement - out.println(Checker): null

2018-11-16 11:02:22 - [TEST_STEP][PASSED] - Statement - If (Checker == false): null

2018-11-16 11:02:22 - [TEST_STEP][PASSED] - Statement - Else: null

2018-11-16 11:02:22 - [TEST_STEP][PASSED] - delay: Delayed 2 second(s)

2018-11-16 11:02:24 - [MESSAGE][PASSED] - Delayed 2 second(s)

2018-11-16 11:02:24 - [TEST_STEP][PASSED] - click: Object: 'Object Repository/Final Object Repo/Page_MyASSIST - ASSIST - Search Pending Case For Add Supporting Document/Search Information' is clicked on

2018-11-16 11:02:25 - [MESSAGE][PASSED] - Object: 'Object Repository/Final Object Repo/Page_MyASSIST - ASSIST - Search Pending Case For Add Supporting Document/Search Information' is clicked on

2018-11-16 11:02:25 - [TEST_STEP][PASSED] - delay: Delayed 3 second(s)

2018-11-16 11:02:28 - [MESSAGE][PASSED] - Delayed 3 second(s)

2018-11-16 11:02:28 - [TEST_STEP][PASSED] - sendKeys: Keys 'CUN112018C100005483' sent to object: 'Object Repository/Final Object Repo/Page_MyASSIST - ASSIST - Search Pending Case For Add Supporting Document/Reference No'

2018-11-16 11:02:28 - [MESSAGE][PASSED] - Keys 'CUN112018C100005483' sent to object: 'Object Repository/Final Object Repo/Page_MyASSIST - ASSIST - Search Pending Case For Add Supporting Document/Reference No'

2018-11-16 11:02:28 - [TEST_STEP][PASSED] - click: Object: 'Object Repository/Final Object Repo/Page_MyASSIST - ASSIST - Search Pending Case For Add Supporting Document/Search Reference No' is clicked on

2018-11-16 11:02:30 - [MESSAGE][PASSED] - Object: 'Object Repository/Final Object Repo/Page_MyASSIST - ASSIST - Search Pending Case For Add Supporting Document/Search Reference No' is clicked on

2018-11-16 11:02:30 - [TEST_STEP][PASSED] - delay: Delayed 2 second(s)

2018-11-16 11:02:32 - [MESSAGE][PASSED] - Delayed 2 second(s)

2018-11-16 11:02:32 - [TEST_STEP][PASSED] - click: Object: 'Object Repository/Final Object Repo/Page_MyASSIST - ASSIST - Search Pending Case For Add Supporting Document/Continue' is clicked on

2018-11-16 11:02:37 - [MESSAGE][PASSED] - Object: 'Object Repository/Final Object Repo/Page_MyASSIST - ASSIST - Search Pending Case For Add Supporting Document/Continue' is clicked on

2018-11-16 11:02:37 - [TEST_STEP][PASSED] - delay: Delayed 20 second(s)

2018-11-16 11:02:57 - [MESSAGE][PASSED] - Delayed 20 second(s)

2018-11-16 11:02:57 - [MESSAGE][PASSED] - Call Test Case 'Test Cases/Final Aug 2018 - PKS Automation/Registration Module/Workflow/Login and Search Case For Workflow' successfully

2018-11-16 11:02:57 - [TEST_STEP][PASSED] - delay: Delayed 2 second(s)

2018-11-16 11:02:59 - [MESSAGE][PASSED] - Delayed 2 second(s)

2018-11-16 11:02:59 - [TEST_STEP][PASSED] - click: Object: 'Object Repository/Final Object Repo/Page_Update Employee Information By Employer/Page_Update Employee Information by Employer (Approve)/Continue' is clicked on

2018-11-16 11:03:03 - [MESSAGE][PASSED] - Object: 'Object Repository/Final Object Repo/Page_Update Employee Information By Employer/Page_Update Employee Information by Employer (Approve)/Continue' is clicked on

2018-11-16 11:03:03 - [TEST_STEP][PASSED] - delay: Delayed 2 second(s)

2018-11-16 11:03:05 - [MESSAGE][PASSED] - Delayed 2 second(s)

2018-11-16 11:03:05 - [TEST_STEP][PASSED] - click: Object: 'Object Repository/Final Object Repo/Page_Update Employee Information By Employer/Page_Update Employee Information by Employer (Approve)/Save  Continue in Update Employee Information Page' is clicked on

2018-11-16 11:03:09 - [MESSAGE][PASSED] - Object: 'Object Repository/Final Object Repo/Page_Update Employee Information By Employer/Page_Update Employee Information by Employer (Approve)/Save  Continue in Update Employee Information Page' is clicked on

2018-11-16 11:03:09 - [TEST_STEP][PASSED] - delay: Delayed 4 second(s)

2018-11-16 11:03:13 - [MESSAGE][PASSED] - Delayed 4 second(s)

2018-11-16 11:03:13 - [TEST_STEP][PASSED] - click: Object: 'Object Repository/Final Object Repo/Page_Update Employee Information By Employer/Page_Update Employee Information by Employer (Approve)/Save  Continue in Upload Supporting Doucument Page' is clicked on

2018-11-16 11:03:17 - [MESSAGE][PASSED] - Object: 'Object Repository/Final Object Repo/Page_Update Employee Information By Employer/Page_Update Employee Information by Employer (Approve)/Save  Continue in Upload Supporting Doucument Page' is clicked on

2018-11-16 11:03:17 - [TEST_STEP][PASSED] - delay: Delayed 2 second(s)

2018-11-16 11:03:19 - [MESSAGE][PASSED] - Delayed 2 second(s)

2018-11-16 11:03:19 - [TEST_STEP][PASSED] - click: Object: 'Object Repository/Final Object Repo/Page_Update Employee Information By Employer/Page_Update Employee Information by Employer (Approve)/Approve' is clicked on

2018-11-16 11:03:20 - [MESSAGE][PASSED] - Object: 'Object Repository/Final Object Repo/Page_Update Employee Information By Employer/Page_Update Employee Information by Employer (Approve)/Approve' is clicked on

2018-11-16 11:03:20 - [TEST_STEP][PASSED] - delay: Delayed 2 second(s)

2018-11-16 11:03:22 - [MESSAGE][PASSED] - Delayed 2 second(s)

2018-11-16 11:03:22 - [TEST_STEP][PASSED] - click: Object: 'Object Repository/Final Object Repo/Page_Update Employee Information By Employer/Page_Update Employee Information by Employer (Approve)/Confirm' is clicked on

2018-11-16 11:03:27 - [MESSAGE][PASSED] - Object: 'Object Repository/Final Object Repo/Page_Update Employee Information By Employer/Page_Update Employee Information by Employer (Approve)/Confirm' is clicked on

2018-11-16 11:03:27 - [TEST_STEP][PASSED] - delay: Delayed 2 second(s)

2018-11-16 11:03:29 - [MESSAGE][PASSED] - Delayed 2 second(s)

2018-11-16 11:03:29 - [TEST_STEP][PASSED] - verifyElementVisible: Object 'Object Repository/Final Object Repo/Page_Update Employee Information By Employer/Page_Update Employee Information by Employer (Approve)/Successfull Message Submitted Successfully' is visible

2018-11-16 11:03:29 - [MESSAGE][PASSED] - Object 'Object Repository/Final Object Repo/Page_Update Employee Information By Employer/Page_Update Employee Information by Employer (Approve)/Successfull Message Submitted Successfully' is visible

2018-11-16 11:03:29 - [TEST_STEP][PASSED] - delay: Delayed 2 second(s)

2018-11-16 11:03:31 - [MESSAGE][PASSED] - Delayed 2 second(s)

2018-11-16 11:03:31 - [TEST_STEP][PASSED] - verifyElementVisible: Object 'Object Repository/Final Object Repo/Page_Update Employee Information By Employer/Page_Update Employee Information by Employer (Approve)/Letter of Successful update' is visible

2018-11-16 11:03:31 - [MESSAGE][PASSED] - Object 'Object Repository/Final Object Repo/Page_Update Employee Information By Employer/Page_Update Employee Information by Employer (Approve)/Letter of Successful update' is visible

2018-11-16 11:03:31 - [MESSAGE][PASSED] - Call Test Case 'Test Cases/Final Aug 2018 - PKS Automation/Registration Module/Workflow/Update Employee Information (Employer)/Template/Update Employee Information - Special Case - UO (Approve)' successfully]]></system-out>
         <system-err><![CDATA[]]></system-err>
      </testcase>
      <testcase name="Test Cases/Final Aug 2018 - PKS Automation/Registration Module/Workflow/Update Employee Information (Employer)/Employer - UO (Query)" classname="Test Cases/Final Aug 2018 - PKS Automation/Registration Module/Workflow/Update Employee Information (Employer)/Employer - UO (Query)" status="ERROR">
         <error type="ERROR" message="Test Cases/Final Aug 2018 - PKS Automation/Registration Module/Workflow/Update Employee Information (Employer)/Employer - UO (Query) FAILED because (of) (Stack trace: java.lang.IllegalArgumentException: Cannot find test case with id 'Test Cases/Final Aug 2018 - PKS Automation/Registration/Search Pending Case For Add Supporting Document (OTC)'
	at com.kms.katalon.core.testcase.TestCaseFactory.findTestCase(TestCaseFactory.java:72)
	at com.kms.katalon.core.testcase.TestCaseFactory$findTestCase.callStatic(Unknown Source)
	at org.codehaus.groovy.runtime.callsite.CallSiteArray.defaultCallStatic(CallSiteArray.java:56)
	at org.codehaus.groovy.runtime.callsite.AbstractCallSite.callStatic(AbstractCallSite.java:194)
	at org.codehaus.groovy.runtime.callsite.AbstractCallSite.callStatic(AbstractCallSite.java:206)
	at Script1537848281437.run(Script1537848281437.groovy:83)
	at com.kms.katalon.core.main.ScriptEngine.run(ScriptEngine.java:183)
	at com.kms.katalon.core.main.ScriptEngine.runScriptAsRawText(ScriptEngine.java:108)
	at com.kms.katalon.core.main.TestCaseExecutor.runScript(TestCaseExecutor.java:294)
	at com.kms.katalon.core.main.TestCaseExecutor.doExecute(TestCaseExecutor.java:285)
	at com.kms.katalon.core.main.TestCaseExecutor.processExecutionPhase(TestCaseExecutor.java:264)
	at com.kms.katalon.core.main.TestCaseExecutor.accessMainPhase(TestCaseExecutor.java:256)
	at com.kms.katalon.core.main.TestCaseExecutor.execute(TestCaseExecutor.java:200)
	at com.kms.katalon.core.main.TestCaseMain.runTestCase(TestCaseMain.java:99)
	at com.kms.katalon.core.keyword.builtin.CallTestCaseKeyword$_callTestCase_closure1.doCall(CallTestCaseKeyword.groovy:60)
	at com.kms.katalon.core.keyword.builtin.CallTestCaseKeyword$_callTestCase_closure1.call(CallTestCaseKeyword.groovy)
	at com.kms.katalon.core.keyword.internal.KeywordMain.runKeyword(KeywordMain.groovy:54)
	at com.kms.katalon.core.keyword.builtin.CallTestCaseKeyword.callTestCase(CallTestCaseKeyword.groovy:81)
	at com.kms.katalon.core.keyword.builtin.CallTestCaseKeyword.execute(CallTestCaseKeyword.groovy:45)
	at com.kms.katalon.core.keyword.internal.KeywordExecutor.executeKeywordForPlatform(KeywordExecutor.groovy:53)
	at com.kms.katalon.core.keyword.BuiltinKeywords.callTestCase(BuiltinKeywords.groovy:334)
	at sun.reflect.GeneratedMethodAccessor13.invoke(Unknown Source)
	at sun.reflect.DelegatingMethodAccessorImpl.invoke(DelegatingMethodAccessorImpl.java:43)
	at java.lang.reflect.Method.invoke(Method.java:498)
	at org.codehaus.groovy.reflection.CachedMethod.invoke(CachedMethod.java:93)
	at groovy.lang.MetaMethod.doMethodInvoke(MetaMethod.java:325)
	at groovy.lang.MetaClassImpl.invokeStaticMethod(MetaClassImpl.java:1469)
	at org.codehaus.groovy.runtime.callsite.StaticMetaClassSite.call(StaticMetaClassSite.java:53)
	at org.codehaus.groovy.runtime.callsite.CallSiteArray.defaultCall(CallSiteArray.java:48)
	at org.codehaus.groovy.runtime.callsite.AbstractCallSite.call(AbstractCallSite.java:113)
	at org.codehaus.groovy.runtime.callsite.AbstractCallSite.call(AbstractCallSite.java:141)
	at Script1536728688204.run(Script1536728688204.groovy:25)
	at com.kms.katalon.core.main.ScriptEngine.run(ScriptEngine.java:183)
	at com.kms.katalon.core.main.ScriptEngine.runScriptAsRawText(ScriptEngine.java:108)
	at com.kms.katalon.core.main.TestCaseExecutor.runScript(TestCaseExecutor.java:294)
	at com.kms.katalon.core.main.TestCaseExecutor.doExecute(TestCaseExecutor.java:285)
	at com.kms.katalon.core.main.TestCaseExecutor.processExecutionPhase(TestCaseExecutor.java:264)
	at com.kms.katalon.core.main.TestCaseExecutor.accessMainPhase(TestCaseExecutor.java:256)
	at com.kms.katalon.core.main.TestCaseExecutor.execute(TestCaseExecutor.java:200)
	at com.kms.katalon.core.main.TestSuiteExecutor.accessTestCaseMainPhase(TestSuiteExecutor.java:129)
	at com.kms.katalon.core.main.TestSuiteExecutor.accessTestSuiteMainPhase(TestSuiteExecutor.java:112)
	at com.kms.katalon.core.main.TestSuiteExecutor.execute(TestSuiteExecutor.java:81)
	at com.kms.katalon.core.main.TestCaseMain.startTestSuite(TestCaseMain.java:142)
	at com.kms.katalon.core.main.TestCaseMain$startTestSuite$0.call(Unknown Source)
	at org.codehaus.groovy.runtime.callsite.CallSiteArray.defaultCall(CallSiteArray.java:48)
	at org.codehaus.groovy.runtime.callsite.AbstractCallSite.call(AbstractCallSite.java:113)
	at org.codehaus.groovy.runtime.callsite.AbstractCallSite.call(AbstractCallSite.java:141)
	at TempTestSuite1542336603806.run(TempTestSuite1542336603806.groovy:36)
	at groovy.lang.GroovyShell.runScriptOrMainOrTestOrRunnable(GroovyShell.java:263)
	at groovy.lang.GroovyShell.run(GroovyShell.java:518)
	at groovy.lang.GroovyShell.run(GroovyShell.java:507)
	at groovy.ui.GroovyMain.processOnce(GroovyMain.java:653)
	at groovy.ui.GroovyMain.run(GroovyMain.java:384)
	at groovy.ui.GroovyMain.process(GroovyMain.java:370)
	at groovy.ui.GroovyMain.processArgs(GroovyMain.java:129)
	at groovy.ui.GroovyMain.main(GroovyMain.java:109)
	at sun.reflect.NativeMethodAccessorImpl.invoke0(Native Method)
	at sun.reflect.NativeMethodAccessorImpl.invoke(NativeMethodAccessorImpl.java:62)
	at sun.reflect.DelegatingMethodAccessorImpl.invoke(DelegatingMethodAccessorImpl.java:43)
	at java.lang.reflect.Method.invoke(Method.java:498)
	at org.codehaus.groovy.tools.GroovyStarter.rootLoader(GroovyStarter.java:109)
	at org.codehaus.groovy.tools.GroovyStarter.main(GroovyStarter.java:131)
)"/>
         <system-out><![CDATA[2018-11-16 11:03:31 - [TEST_CASE][ERROR] - Test Cases/Final Aug 2018 - PKS Automation/Registration Module/Workflow/Update Employee Information (Employer)/Employer - UO (Query): Test Cases/Final Aug 2018 - PKS Automation/Registration Module/Workflow/Update Employee Information (Employer)/Employer - UO (Query) FAILED because (of) (Stack trace: java.lang.IllegalArgumentException: Cannot find test case with id 'Test Cases/Final Aug 2018 - PKS Automation/Registration/Search Pending Case For Add Supporting Document (OTC)'
	at com.kms.katalon.core.testcase.TestCaseFactory.findTestCase(TestCaseFactory.java:72)
	at com.kms.katalon.core.testcase.TestCaseFactory$findTestCase.callStatic(Unknown Source)
	at org.codehaus.groovy.runtime.callsite.CallSiteArray.defaultCallStatic(CallSiteArray.java:56)
	at org.codehaus.groovy.runtime.callsite.AbstractCallSite.callStatic(AbstractCallSite.java:194)
	at org.codehaus.groovy.runtime.callsite.AbstractCallSite.callStatic(AbstractCallSite.java:206)
	at Script1537848281437.run(Script1537848281437.groovy:83)
	at com.kms.katalon.core.main.ScriptEngine.run(ScriptEngine.java:183)
	at com.kms.katalon.core.main.ScriptEngine.runScriptAsRawText(ScriptEngine.java:108)
	at com.kms.katalon.core.main.TestCaseExecutor.runScript(TestCaseExecutor.java:294)
	at com.kms.katalon.core.main.TestCaseExecutor.doExecute(TestCaseExecutor.java:285)
	at com.kms.katalon.core.main.TestCaseExecutor.processExecutionPhase(TestCaseExecutor.java:264)
	at com.kms.katalon.core.main.TestCaseExecutor.accessMainPhase(TestCaseExecutor.java:256)
	at com.kms.katalon.core.main.TestCaseExecutor.execute(TestCaseExecutor.java:200)
	at com.kms.katalon.core.main.TestCaseMain.runTestCase(TestCaseMain.java:99)
	at com.kms.katalon.core.keyword.builtin.CallTestCaseKeyword$_callTestCase_closure1.doCall(CallTestCaseKeyword.groovy:60)
	at com.kms.katalon.core.keyword.builtin.CallTestCaseKeyword$_callTestCase_closure1.call(CallTestCaseKeyword.groovy)
	at com.kms.katalon.core.keyword.internal.KeywordMain.runKeyword(KeywordMain.groovy:54)
	at com.kms.katalon.core.keyword.builtin.CallTestCaseKeyword.callTestCase(CallTestCaseKeyword.groovy:81)
	at com.kms.katalon.core.keyword.builtin.CallTestCaseKeyword.execute(CallTestCaseKeyword.groovy:45)
	at com.kms.katalon.core.keyword.internal.KeywordExecutor.executeKeywordForPlatform(KeywordExecutor.groovy:53)
	at com.kms.katalon.core.keyword.BuiltinKeywords.callTestCase(BuiltinKeywords.groovy:334)
	at sun.reflect.GeneratedMethodAccessor13.invoke(Unknown Source)
	at sun.reflect.DelegatingMethodAccessorImpl.invoke(DelegatingMethodAccessorImpl.java:43)
	at java.lang.reflect.Method.invoke(Method.java:498)
	at org.codehaus.groovy.reflection.CachedMethod.invoke(CachedMethod.java:93)
	at groovy.lang.MetaMethod.doMethodInvoke(MetaMethod.java:325)
	at groovy.lang.MetaClassImpl.invokeStaticMethod(MetaClassImpl.java:1469)
	at org.codehaus.groovy.runtime.callsite.StaticMetaClassSite.call(StaticMetaClassSite.java:53)
	at org.codehaus.groovy.runtime.callsite.CallSiteArray.defaultCall(CallSiteArray.java:48)
	at org.codehaus.groovy.runtime.callsite.AbstractCallSite.call(AbstractCallSite.java:113)
	at org.codehaus.groovy.runtime.callsite.AbstractCallSite.call(AbstractCallSite.java:141)
	at Script1536728688204.run(Script1536728688204.groovy:25)
	at com.kms.katalon.core.main.ScriptEngine.run(ScriptEngine.java:183)
	at com.kms.katalon.core.main.ScriptEngine.runScriptAsRawText(ScriptEngine.java:108)
	at com.kms.katalon.core.main.TestCaseExecutor.runScript(TestCaseExecutor.java:294)
	at com.kms.katalon.core.main.TestCaseExecutor.doExecute(TestCaseExecutor.java:285)
	at com.kms.katalon.core.main.TestCaseExecutor.processExecutionPhase(TestCaseExecutor.java:264)
	at com.kms.katalon.core.main.TestCaseExecutor.accessMainPhase(TestCaseExecutor.java:256)
	at com.kms.katalon.core.main.TestCaseExecutor.execute(TestCaseExecutor.java:200)
	at com.kms.katalon.core.main.TestSuiteExecutor.accessTestCaseMainPhase(TestSuiteExecutor.java:129)
	at com.kms.katalon.core.main.TestSuiteExecutor.accessTestSuiteMainPhase(TestSuiteExecutor.java:112)
	at com.kms.katalon.core.main.TestSuiteExecutor.execute(TestSuiteExecutor.java:81)
	at com.kms.katalon.core.main.TestCaseMain.startTestSuite(TestCaseMain.java:142)
	at com.kms.katalon.core.main.TestCaseMain$startTestSuite$0.call(Unknown Source)
	at org.codehaus.groovy.runtime.callsite.CallSiteArray.defaultCall(CallSiteArray.java:48)
	at org.codehaus.groovy.runtime.callsite.AbstractCallSite.call(AbstractCallSite.java:113)
	at org.codehaus.groovy.runtime.callsite.AbstractCallSite.call(AbstractCallSite.java:141)
	at TempTestSuite1542336603806.run(TempTestSuite1542336603806.groovy:36)
	at groovy.lang.GroovyShell.runScriptOrMainOrTestOrRunnable(GroovyShell.java:263)
	at groovy.lang.GroovyShell.run(GroovyShell.java:518)
	at groovy.lang.GroovyShell.run(GroovyShell.java:507)
	at groovy.ui.GroovyMain.processOnce(GroovyMain.java:653)
	at groovy.ui.GroovyMain.run(GroovyMain.java:384)
	at groovy.ui.GroovyMain.process(GroovyMain.java:370)
	at groovy.ui.GroovyMain.processArgs(GroovyMain.java:129)
	at groovy.ui.GroovyMain.main(GroovyMain.java:109)
	at sun.reflect.NativeMethodAccessorImpl.invoke0(Native Method)
	at sun.reflect.NativeMethodAccessorImpl.invoke(NativeMethodAccessorImpl.java:62)
	at sun.reflect.DelegatingMethodAccessorImpl.invoke(DelegatingMethodAccessorImpl.java:43)
	at java.lang.reflect.Method.invoke(Method.java:498)
	at org.codehaus.groovy.tools.GroovyStarter.rootLoader(GroovyStarter.java:109)
	at org.codehaus.groovy.tools.GroovyStarter.main(GroovyStarter.java:131)
)

2018-11-16 11:03:32 - [TEST_STEP][PASSED] - callTestCase: Call Test Case 'Test Cases/Final Aug 2018 - PKS Automation/Registration Module/Workflow/Update Employee Information (Employer)/Template/Update Employer Information - Special Case (Employer)' successfully

2018-11-16 11:03:32 - [TEST_CASE][PASSED] - Test Cases/Final Aug 2018 - PKS Automation/Registration Module/Workflow/Update Employee Information (Employer)/Template/Update Employer Information - Special Case (Employer): Test Cases/Final Aug 2018 - PKS Automation/Registration Module/Workflow/Update Employee Information (Employer)/Template/Update Employer Information - Special Case (Employer)

2018-11-16 11:03:32 - [TEST_STEP][PASSED] - callTestCase: Call Test Case 'Test Cases/Final Aug 2018 - PKS Automation/Registration Module/Workflow/Update Add New Employee/Template/New Company for Update Add New - Employer' successfully

2018-11-16 11:03:32 - [TEST_CASE][PASSED] - Test Cases/Final Aug 2018 - PKS Automation/Registration Module/Workflow/Update Add New Employee/Template/New Company for Update Add New - Employer: Test Cases/Final Aug 2018 - PKS Automation/Registration Module/Workflow/Update Add New Employee/Template/New Company for Update Add New - Employer

2018-11-16 11:03:32 - [TEST_STEP][PASSED] - callTestCase: Call Test Case 'Test Cases/Final Aug 2018 - PKS Automation/Create Employer Acc/Create Employer Account' successfully

2018-11-16 11:03:32 - [TEST_CASE][PASSED] - Test Cases/Final Aug 2018 - PKS Automation/Create Employer Acc/Create Employer Account: Test Cases/Final Aug 2018 - PKS Automation/Create Employer Acc/Create Employer Account

2018-11-16 11:03:32 - [TEST_STEP][PASSED] - callTestCase: Call Test Case 'Test Cases/Final Aug 2018 - PKS Automation/Create Employer Acc/Template/Register Employer' successfully

2018-11-16 11:03:32 - [TEST_CASE][PASSED] - Test Cases/Final Aug 2018 - PKS Automation/Create Employer Acc/Template/Register Employer: Test Cases/Final Aug 2018 - PKS Automation/Create Employer Acc/Template/Register Employer

2018-11-16 11:03:32 - [TEST_STEP][PASSED] - openBrowser: Browser is opened with url: ''

2018-11-16 11:03:32 - [MESSAGE][WARNING] - A browser is already opened. Closing browser and opening a new one

2018-11-16 11:03:37 - [MESSAGE][PASSED] - Browser is opened with url: ''

2018-11-16 11:03:37 - [TEST_STEP][PASSED] - navigateToUrl: Navigate to 'https://assist2-uat.perkeso.gov.my/login' successfully

2018-11-16 11:03:40 - [MESSAGE][PASSED] - Navigate to 'https://assist2-uat.perkeso.gov.my/login' successfully

2018-11-16 11:03:40 - [TEST_STEP][PASSED] - setText: Text 'johorotc1@gmail.com' is set on object 'Object Repository/Final Object Repo/Login Page/Internal User/Email Address'

2018-11-16 11:03:40 - [MESSAGE][PASSED] - Text 'johorotc1@gmail.com' is set on object 'Object Repository/Final Object Repo/Login Page/Internal User/Email Address'

2018-11-16 11:03:40 - [TEST_STEP][PASSED] - click: Object: 'Object Repository/Final Object Repo/Login Page/Internal User/Next Button' is clicked on

2018-11-16 11:03:41 - [MESSAGE][PASSED] - Object: 'Object Repository/Final Object Repo/Login Page/Internal User/Next Button' is clicked on

2018-11-16 11:03:41 - [TEST_STEP][PASSED] - delay: Delayed 1 second(s)

2018-11-16 11:03:42 - [MESSAGE][PASSED] - Delayed 1 second(s)

2018-11-16 11:03:42 - [TEST_STEP][PASSED] - setEncryptedText: Text ****** has been set on object 'Object Repository/Final Object Repo/Login Page/Internal User/Password'

2018-11-16 11:03:42 - [MESSAGE][PASSED] - Text ****** has been set on object 'Object Repository/Final Object Repo/Login Page/Internal User/Password'

2018-11-16 11:03:42 - [TEST_STEP][PASSED] - click: Object: 'Object Repository/Final Object Repo/Login Page/Internal User/Login Button' is clicked on

2018-11-16 11:03:45 - [MESSAGE][PASSED] - Object: 'Object Repository/Final Object Repo/Login Page/Internal User/Login Button' is clicked on

2018-11-16 11:03:45 - [TEST_STEP][PASSED] - delay: Delayed 1 second(s)

2018-11-16 11:03:46 - [MESSAGE][PASSED] - Delayed 1 second(s)

2018-11-16 11:03:46 - [TEST_STEP][PASSED] - navigateToUrl: Navigate to 'https://assist2-uat.perkeso.gov.my/web/base/portal-id/registration' successfully

2018-11-16 11:03:48 - [MESSAGE][PASSED] - Navigate to 'https://assist2-uat.perkeso.gov.my/web/base/portal-id/registration' successfully

2018-11-16 11:03:48 - [TEST_STEP][PASSED] - setText: Text 'AUTOMATION EMPLOYER' is set on object 'Object Repository/Final Object Repo/Creating Employer Account/Page_Registration - ASSIST (Base)/Employer Name'

2018-11-16 11:03:48 - [MESSAGE][PASSED] - Text 'AUTOMATION EMPLOYER' is set on object 'Object Repository/Final Object Repo/Creating Employer Account/Page_Registration - ASSIST (Base)/Employer Name'

2018-11-16 11:03:48 - [TEST_STEP][PASSED] - delay: Delayed 2 second(s)

2018-11-16 11:03:50 - [MESSAGE][PASSED] - Delayed 2 second(s)

2018-11-16 11:03:50 - [TEST_STEP][PASSED] - click: Object: 'Object Repository/Final Object Repo/Creating Employer Account/Page_Registration - ASSIST (Base)/Registration Type' is clicked on

2018-11-16 11:03:51 - [MESSAGE][PASSED] - Object: 'Object Repository/Final Object Repo/Creating Employer Account/Page_Registration - ASSIST (Base)/Registration Type' is clicked on

2018-11-16 11:03:51 - [TEST_STEP][PASSED] - delay: Delayed 2 second(s)

2018-11-16 11:03:53 - [MESSAGE][PASSED] - Delayed 2 second(s)

2018-11-16 11:03:53 - [TEST_STEP][PASSED] - click: Object: 'Object Repository/Final Object Repo/Creating Employer Account/Page_Registration - ASSIST (Base)/Registration Type - Registration No' is clicked on

2018-11-16 11:03:54 - [MESSAGE][PASSED] - Object: 'Object Repository/Final Object Repo/Creating Employer Account/Page_Registration - ASSIST (Base)/Registration Type - Registration No' is clicked on

2018-11-16 11:03:54 - [TEST_STEP][PASSED] - delay: Delayed 2 second(s)

2018-11-16 11:03:56 - [MESSAGE][PASSED] - Delayed 2 second(s)

2018-11-16 11:03:56 - [TEST_STEP][PASSED] - setText: Text '1234567890' is set on object 'Object Repository/Final Object Repo/Creating Employer Account/Page_Registration - ASSIST (Base)/Registration Number'

2018-11-16 11:03:56 - [MESSAGE][PASSED] - Text '1234567890' is set on object 'Object Repository/Final Object Repo/Creating Employer Account/Page_Registration - ASSIST (Base)/Registration Number'

2018-11-16 11:03:56 - [TEST_STEP][PASSED] - delay: Delayed 2 second(s)

2018-11-16 11:03:58 - [MESSAGE][PASSED] - Delayed 2 second(s)

2018-11-16 11:03:58 - [TEST_STEP][PASSED] - setText: Text 'ADDRESS 1' is set on object 'Object Repository/Final Object Repo/Creating Employer Account/Page_Registration - ASSIST (Base)/Postal Address 1'

2018-11-16 11:03:58 - [MESSAGE][PASSED] - Text 'ADDRESS 1' is set on object 'Object Repository/Final Object Repo/Creating Employer Account/Page_Registration - ASSIST (Base)/Postal Address 1'

2018-11-16 11:03:58 - [TEST_STEP][PASSED] - setText: Text 'ADDRESS 2' is set on object 'Object Repository/Final Object Repo/Creating Employer Account/Page_Registration - ASSIST (Base)/Postal Address 2'

2018-11-16 11:03:58 - [MESSAGE][PASSED] - Text 'ADDRESS 2' is set on object 'Object Repository/Final Object Repo/Creating Employer Account/Page_Registration - ASSIST (Base)/Postal Address 2'

2018-11-16 11:03:58 - [TEST_STEP][PASSED] - click: Object: 'Object Repository/Final Object Repo/Creating Employer Account/Page_Registration - ASSIST (Base)/State' is clicked on

2018-11-16 11:03:59 - [MESSAGE][PASSED] - Object: 'Object Repository/Final Object Repo/Creating Employer Account/Page_Registration - ASSIST (Base)/State' is clicked on

2018-11-16 11:03:59 - [TEST_STEP][PASSED] - delay: Delayed 2 second(s)

2018-11-16 11:04:01 - [MESSAGE][PASSED] - Delayed 2 second(s)

2018-11-16 11:04:01 - [TEST_STEP][PASSED] - click: Object: 'Object Repository/Final Object Repo/Creating Employer Account/Page_Registration - ASSIST (Base)/State - Johor' is clicked on

2018-11-16 11:04:01 - [MESSAGE][PASSED] - Object: 'Object Repository/Final Object Repo/Creating Employer Account/Page_Registration - ASSIST (Base)/State - Johor' is clicked on

2018-11-16 11:04:01 - [TEST_STEP][PASSED] - delay: Delayed 2 second(s)

2018-11-16 11:04:03 - [MESSAGE][PASSED] - Delayed 2 second(s)

2018-11-16 11:04:03 - [TEST_STEP][PASSED] - click: Object: 'Object Repository/Final Object Repo/Creating Employer Account/Page_Registration - ASSIST (Base)/City' is clicked on

2018-11-16 11:04:04 - [MESSAGE][PASSED] - Object: 'Object Repository/Final Object Repo/Creating Employer Account/Page_Registration - ASSIST (Base)/City' is clicked on

2018-11-16 11:04:04 - [TEST_STEP][PASSED] - delay: Delayed 2 second(s)

2018-11-16 11:04:06 - [MESSAGE][PASSED] - Delayed 2 second(s)

2018-11-16 11:04:06 - [TEST_STEP][PASSED] - setText: Text 'joh' is set on object 'Object Repository/Final Object Repo/Creating Employer Account/Page_Registration - ASSIST (Base)/City - joh'

2018-11-16 11:04:06 - [MESSAGE][PASSED] - Text 'joh' is set on object 'Object Repository/Final Object Repo/Creating Employer Account/Page_Registration - ASSIST (Base)/City - joh'

2018-11-16 11:04:06 - [TEST_STEP][PASSED] - delay: Delayed 2 second(s)

2018-11-16 11:04:08 - [MESSAGE][PASSED] - Delayed 2 second(s)

2018-11-16 11:04:08 - [TEST_STEP][PASSED] - click: Object: 'Object Repository/Final Object Repo/Creating Employer Account/Page_Registration - ASSIST (Base)/City - Johor Bharu' is clicked on

2018-11-16 11:04:09 - [MESSAGE][PASSED] - Object: 'Object Repository/Final Object Repo/Creating Employer Account/Page_Registration - ASSIST (Base)/City - Johor Bharu' is clicked on

2018-11-16 11:04:09 - [TEST_STEP][PASSED] - delay: Delayed 2 second(s)

2018-11-16 11:04:11 - [MESSAGE][PASSED] - Delayed 2 second(s)

2018-11-16 11:04:11 - [TEST_STEP][PASSED] - click: Object: 'Object Repository/Final Object Repo/Creating Employer Account/Page_Registration - ASSIST (Base)/Post Code' is clicked on

2018-11-16 11:04:11 - [MESSAGE][PASSED] - Object: 'Object Repository/Final Object Repo/Creating Employer Account/Page_Registration - ASSIST (Base)/Post Code' is clicked on

2018-11-16 11:04:11 - [TEST_STEP][PASSED] - delay: Delayed 2 second(s)

2018-11-16 11:04:13 - [MESSAGE][PASSED] - Delayed 2 second(s)

2018-11-16 11:04:13 - [TEST_STEP][PASSED] - setText: Text '810' is set on object 'Object Repository/Final Object Repo/Creating Employer Account/Page_Registration - ASSIST (Base)/Post Code - 810'

2018-11-16 11:04:13 - [MESSAGE][PASSED] - Text '810' is set on object 'Object Repository/Final Object Repo/Creating Employer Account/Page_Registration - ASSIST (Base)/Post Code - 810'

2018-11-16 11:04:13 - [TEST_STEP][PASSED] - delay: Delayed 2 second(s)

2018-11-16 11:04:15 - [MESSAGE][PASSED] - Delayed 2 second(s)

2018-11-16 11:04:15 - [TEST_STEP][PASSED] - click: Object: 'Object Repository/Final Object Repo/Creating Employer Account/Page_Registration - ASSIST (Base)/Post Code - 81000' is clicked on

2018-11-16 11:04:16 - [MESSAGE][PASSED] - Object: 'Object Repository/Final Object Repo/Creating Employer Account/Page_Registration - ASSIST (Base)/Post Code - 81000' is clicked on

2018-11-16 11:04:16 - [TEST_STEP][PASSED] - delay: Delayed 2 second(s)

2018-11-16 11:04:18 - [MESSAGE][PASSED] - Delayed 2 second(s)

2018-11-16 11:04:18 - [TEST_STEP][PASSED] - setText: Text 'PERKESO' is set on object 'Object Repository/Final Object Repo/Creating Employer Account/Page_Registration - ASSIST (Base)/Full Name'

2018-11-16 11:04:18 - [MESSAGE][PASSED] - Text 'PERKESO' is set on object 'Object Repository/Final Object Repo/Creating Employer Account/Page_Registration - ASSIST (Base)/Full Name'

2018-11-16 11:04:18 - [TEST_STEP][PASSED] - Statement - rnd = new java.util.Random(): null

2018-11-16 11:04:18 - [TEST_STEP][PASSED] - Statement - snum = rnd.nextInt(899999 + 1) + 100000: null

2018-11-16 11:04:18 - [TEST_STEP][PASSED] - Statement - tnum = rnd.nextInt(899999 + 1) + 100000: null

2018-11-16 11:04:18 - [TEST_STEP][PASSED] - Statement - IC = java.lang.Integer.toString(snum) + java.lang.Integer.toString(tnum): null

2018-11-16 11:04:18 - [TEST_STEP][PASSED] - Statement - out.println(IC): null

2018-11-16 11:04:18 - [TEST_STEP][PASSED] - setText: Text '269428151930' is set on object 'Object Repository/Final Object Repo/Creating Employer Account/Page_Registration - ASSIST (Base)/Identification Number'

2018-11-16 11:04:18 - [MESSAGE][PASSED] - Text '269428151930' is set on object 'Object Repository/Final Object Repo/Creating Employer Account/Page_Registration - ASSIST (Base)/Identification Number'

2018-11-16 11:04:18 - [TEST_STEP][PASSED] - delay: Delayed 2 second(s)

2018-11-16 11:04:20 - [MESSAGE][PASSED] - Delayed 2 second(s)

2018-11-16 11:04:20 - [TEST_STEP][PASSED] - setText: Text '123456789012' is set on object 'Object Repository/Final Object Repo/Creating Employer Account/Page_Registration - ASSIST (Base)/Contact Number'

2018-11-16 11:04:20 - [MESSAGE][PASSED] - Text '123456789012' is set on object 'Object Repository/Final Object Repo/Creating Employer Account/Page_Registration - ASSIST (Base)/Contact Number'

2018-11-16 11:04:20 - [TEST_STEP][PASSED] - Statement - Email = "perkeso" + IC + "@gmail.com": null

2018-11-16 11:04:20 - [TEST_STEP][PASSED] - delay: Delayed 2 second(s)

2018-11-16 11:04:22 - [MESSAGE][PASSED] - Delayed 2 second(s)

2018-11-16 11:04:22 - [TEST_STEP][PASSED] - callTestCase: Call Test Case 'Test Cases/Final Aug 2018 - PKS Automation/Create Employer Acc/Template/Employer Email Settler' successfully

2018-11-16 11:04:22 - [TEST_CASE][PASSED] - Test Cases/Final Aug 2018 - PKS Automation/Create Employer Acc/Template/Employer Email Settler: Test Cases/Final Aug 2018 - PKS Automation/Create Employer Acc/Template/Employer Email Settler

2018-11-16 11:04:22 - [TEST_STEP][PASSED] - Statement - EmpEmailOld = new java.io.File(C://EmpEmail.txt): null

2018-11-16 11:04:22 - [TEST_STEP][PASSED] - Statement - EmpEmailOld.delete(): null

2018-11-16 11:04:22 - [TEST_STEP][PASSED] - Statement - EmpEmail = new java.io.File(C://EmpEmail.txt): null

2018-11-16 11:04:22 - [TEST_STEP][PASSED] - Statement - EmpEmail.append(Email): null

2018-11-16 11:04:22 - [TEST_STEP][PASSED] - Statement - out.println(Email): null

2018-11-16 11:04:22 - [MESSAGE][PASSED] - Call Test Case 'Test Cases/Final Aug 2018 - PKS Automation/Create Employer Acc/Template/Employer Email Settler' successfully

2018-11-16 11:04:22 - [TEST_STEP][PASSED] - delay: Delayed 2 second(s)

2018-11-16 11:04:24 - [MESSAGE][PASSED] - Delayed 2 second(s)

2018-11-16 11:04:24 - [TEST_STEP][PASSED] - setText: Text 'perkeso269428151930@gmail.com' is set on object 'Object Repository/Final Object Repo/Creating Employer Account/Page_Registration - ASSIST (Base)/Email'

2018-11-16 11:04:25 - [MESSAGE][PASSED] - Text 'perkeso269428151930@gmail.com' is set on object 'Object Repository/Final Object Repo/Creating Employer Account/Page_Registration - ASSIST (Base)/Email'

2018-11-16 11:04:25 - [TEST_STEP][PASSED] - setText: Text '123' is set on object 'Object Repository/Final Object Repo/Creating Employer Account/Page_Registration - ASSIST (Base)/Security Phase'

2018-11-16 11:04:25 - [MESSAGE][PASSED] - Text '123' is set on object 'Object Repository/Final Object Repo/Creating Employer Account/Page_Registration - ASSIST (Base)/Security Phase'

2018-11-16 11:04:25 - [TEST_STEP][PASSED] - click: Object: 'Object Repository/Final Object Repo/Creating Employer Account/Page_Registration - ASSIST (Base)/Save  Continue' is clicked on

2018-11-16 11:04:26 - [MESSAGE][PASSED] - Object: 'Object Repository/Final Object Repo/Creating Employer Account/Page_Registration - ASSIST (Base)/Save  Continue' is clicked on

2018-11-16 11:04:26 - [TEST_STEP][PASSED] - delay: Delayed 2 second(s)

2018-11-16 11:04:28 - [MESSAGE][PASSED] - Delayed 2 second(s)

2018-11-16 11:04:28 - [TEST_STEP][PASSED] - click: Object: 'Object Repository/Final Object Repo/Creating Employer Account/Page_Registration - ASSIST (Base)/Add Document' is clicked on

2018-11-16 11:04:29 - [MESSAGE][PASSED] - Object: 'Object Repository/Final Object Repo/Creating Employer Account/Page_Registration - ASSIST (Base)/Add Document' is clicked on

2018-11-16 11:04:29 - [TEST_STEP][PASSED] - delay: Delayed 2 second(s)

2018-11-16 11:04:31 - [MESSAGE][PASSED] - Delayed 2 second(s)

2018-11-16 11:04:31 - [TEST_STEP][PASSED] - click: Object: 'Object Repository/Final Object Repo/Creating Employer Account/Page_Registration - ASSIST (Base)/Document Type' is clicked on

2018-11-16 11:04:31 - [MESSAGE][PASSED] - Object: 'Object Repository/Final Object Repo/Creating Employer Account/Page_Registration - ASSIST (Base)/Document Type' is clicked on

2018-11-16 11:04:31 - [TEST_STEP][PASSED] - delay: Delayed 2 second(s)

2018-11-16 11:04:33 - [MESSAGE][PASSED] - Delayed 2 second(s)

2018-11-16 11:04:33 - [TEST_STEP][PASSED] - click: Object: 'Object Repository/Final Object Repo/Creating Employer Account/Page_Registration - ASSIST (Base)/Document Type - Letter of Authorization' is clicked on

2018-11-16 11:04:34 - [MESSAGE][PASSED] - Object: 'Object Repository/Final Object Repo/Creating Employer Account/Page_Registration - ASSIST (Base)/Document Type - Letter of Authorization' is clicked on

2018-11-16 11:04:34 - [TEST_STEP][PASSED] - delay: Delayed 2 second(s)

2018-11-16 11:04:36 - [MESSAGE][PASSED] - Delayed 2 second(s)

2018-11-16 11:04:36 - [TEST_STEP][PASSED] - sendKeys: Keys 'C:\Users\Public\Pictures\Sample Pictures\Act.jpg' sent to object: 'Object Repository/Final Object Repo/Creating Employer Account/Page_Registration - ASSIST (Base)/Uploading File'

2018-11-16 11:04:36 - [MESSAGE][PASSED] - Keys 'C:\Users\Public\Pictures\Sample Pictures\Act.jpg' sent to object: 'Object Repository/Final Object Repo/Creating Employer Account/Page_Registration - ASSIST (Base)/Uploading File'

2018-11-16 11:04:36 - [TEST_STEP][PASSED] - delay: Delayed 2 second(s)

2018-11-16 11:04:38 - [MESSAGE][PASSED] - Delayed 2 second(s)

2018-11-16 11:04:38 - [TEST_STEP][PASSED] - click: Object: 'Object Repository/Final Object Repo/Creating Employer Account/Page_Registration - ASSIST (Base)/Add Document in Uploading File' is clicked on

2018-11-16 11:04:40 - [MESSAGE][PASSED] - Object: 'Object Repository/Final Object Repo/Creating Employer Account/Page_Registration - ASSIST (Base)/Add Document in Uploading File' is clicked on

2018-11-16 11:04:40 - [TEST_STEP][PASSED] - delay: Delayed 2 second(s)

2018-11-16 11:04:43 - [MESSAGE][PASSED] - Delayed 2 second(s)

2018-11-16 11:04:43 - [TEST_STEP][PASSED] - click: Object: 'Object Repository/Final Object Repo/Creating Employer Account/Page_Registration - ASSIST (Base)/Save' is clicked on

2018-11-16 11:04:44 - [MESSAGE][PASSED] - Object: 'Object Repository/Final Object Repo/Creating Employer Account/Page_Registration - ASSIST (Base)/Save' is clicked on

2018-11-16 11:04:44 - [TEST_STEP][PASSED] - delay: Delayed 2 second(s)

2018-11-16 11:04:46 - [MESSAGE][PASSED] - Delayed 2 second(s)

2018-11-16 11:04:46 - [TEST_STEP][PASSED] - click: Object: 'Object Repository/Final Object Repo/Creating Employer Account/Page_Registration - ASSIST (Base)/Submit' is clicked on

2018-11-16 11:04:47 - [MESSAGE][PASSED] - Object: 'Object Repository/Final Object Repo/Creating Employer Account/Page_Registration - ASSIST (Base)/Submit' is clicked on

2018-11-16 11:04:47 - [TEST_STEP][PASSED] - delay: Delayed 2 second(s)

2018-11-16 11:04:49 - [MESSAGE][PASSED] - Delayed 2 second(s)

2018-11-16 11:04:49 - [TEST_STEP][PASSED] - click: Object: 'Object Repository/Final Object Repo/Creating Employer Account/Page_Registration - ASSIST (Base)/Confirm' is clicked on

2018-11-16 11:04:51 - [MESSAGE][PASSED] - Object: 'Object Repository/Final Object Repo/Creating Employer Account/Page_Registration - ASSIST (Base)/Confirm' is clicked on

2018-11-16 11:04:51 - [MESSAGE][PASSED] - Call Test Case 'Test Cases/Final Aug 2018 - PKS Automation/Create Employer Acc/Template/Register Employer' successfully

2018-11-16 11:04:51 - [TEST_STEP][PASSED] - delay: Delayed 1 second(s)

2018-11-16 11:04:52 - [MESSAGE][PASSED] - Delayed 1 second(s)

2018-11-16 11:04:52 - [TEST_STEP][PASSED] - navigateToUrl: Navigate to 'https://assist2-uat.perkeso.gov.my/c/portal/logout' successfully

2018-11-16 11:04:54 - [MESSAGE][PASSED] - Navigate to 'https://assist2-uat.perkeso.gov.my/c/portal/logout' successfully

2018-11-16 11:04:54 - [TEST_STEP][PASSED] - delay: Delayed 1 second(s)

2018-11-16 11:04:55 - [MESSAGE][PASSED] - Delayed 1 second(s)

2018-11-16 11:04:55 - [TEST_STEP][PASSED] - callTestCase: Call Test Case 'Test Cases/Final Aug 2018 - PKS Automation/Create Employer Acc/Template/Change Password of Employer' successfully

2018-11-16 11:04:55 - [TEST_CASE][PASSED] - Test Cases/Final Aug 2018 - PKS Automation/Create Employer Acc/Template/Change Password of Employer: Test Cases/Final Aug 2018 - PKS Automation/Create Employer Acc/Template/Change Password of Employer

2018-11-16 11:04:55 - [TEST_STEP][PASSED] - openBrowser: Browser is opened with url: ''

2018-11-16 11:04:55 - [MESSAGE][WARNING] - A browser is already opened. Closing browser and opening a new one

2018-11-16 11:05:00 - [MESSAGE][PASSED] - Browser is opened with url: ''

2018-11-16 11:05:00 - [TEST_STEP][PASSED] - navigateToUrl: Navigate to 'https://assist2-uat.perkeso.gov.my/login' successfully

2018-11-16 11:05:02 - [MESSAGE][PASSED] - Navigate to 'https://assist2-uat.perkeso.gov.my/login' successfully

2018-11-16 11:05:02 - [TEST_STEP][PASSED] - delay: Delayed 5 second(s)

2018-11-16 11:05:07 - [MESSAGE][PASSED] - Delayed 5 second(s)

2018-11-16 11:05:07 - [TEST_STEP][PASSED] - setText: Text 'test@liferay.com' is set on object 'Object Repository/Final Object Repo/Login Page/Internal User/Email Address'

2018-11-16 11:05:07 - [MESSAGE][PASSED] - Text 'test@liferay.com' is set on object 'Object Repository/Final Object Repo/Login Page/Internal User/Email Address'

2018-11-16 11:05:07 - [TEST_STEP][PASSED] - click: Object: 'Object Repository/Final Object Repo/Login Page/Internal User/Next Button' is clicked on

2018-11-16 11:05:08 - [MESSAGE][PASSED] - Object: 'Object Repository/Final Object Repo/Login Page/Internal User/Next Button' is clicked on

2018-11-16 11:05:08 - [TEST_STEP][PASSED] - delay: Delayed 2 second(s)

2018-11-16 11:05:10 - [MESSAGE][PASSED] - Delayed 2 second(s)

2018-11-16 11:05:10 - [TEST_STEP][PASSED] - setText: Text 'test' is set on object 'Object Repository/Final Object Repo/Login Page/Internal User/Password'

2018-11-16 11:05:10 - [MESSAGE][PASSED] - Text 'test' is set on object 'Object Repository/Final Object Repo/Login Page/Internal User/Password'

2018-11-16 11:05:10 - [TEST_STEP][PASSED] - delay: Delayed 2 second(s)

2018-11-16 11:05:12 - [MESSAGE][PASSED] - Delayed 2 second(s)

2018-11-16 11:05:12 - [TEST_STEP][PASSED] - click: Object: 'Object Repository/Final Object Repo/Login Page/Internal User/Login Button' is clicked on

2018-11-16 11:05:15 - [MESSAGE][PASSED] - Object: 'Object Repository/Final Object Repo/Login Page/Internal User/Login Button' is clicked on

2018-11-16 11:05:15 - [TEST_STEP][PASSED] - delay: Delayed 3 second(s)

2018-11-16 11:05:18 - [MESSAGE][PASSED] - Delayed 3 second(s)

2018-11-16 11:05:18 - [TEST_STEP][PASSED] - navigateToUrl: Navigate to 'https://assist2-uat.perkeso.gov.my/group/control_panel/manage?p_p_id=125&p_p_lifecycle=0&p_p_state=maximized&p_p_mode=view&refererPlid=20455&_125_usersListView=flat-users&_125_toolbarItem=view-all-users&_125_saveUsersListView=true&_125_struts_action=%2Fusers_admin%2Fview' successfully

2018-11-16 11:05:21 - [MESSAGE][PASSED] - Navigate to 'https://assist2-uat.perkeso.gov.my/group/control_panel/manage?p_p_id=125&p_p_lifecycle=0&p_p_state=maximized&p_p_mode=view&refererPlid=20455&_125_usersListView=flat-users&_125_toolbarItem=view-all-users&_125_saveUsersListView=true&_125_struts_action=%2Fusers_admin%2Fview' successfully

2018-11-16 11:05:21 - [TEST_STEP][PASSED] - delay: Delayed 3 second(s)

2018-11-16 11:05:24 - [MESSAGE][PASSED] - Delayed 3 second(s)

2018-11-16 11:05:24 - [TEST_STEP][PASSED] - setText: Text 'perkeso269428151930@gmail.com' is set on object 'Object Repository/Final Object Repo/Creating Employer Account/Page_Users and Organizations - ASSIST/Employer name'

2018-11-16 11:05:24 - [MESSAGE][PASSED] - Text 'perkeso269428151930@gmail.com' is set on object 'Object Repository/Final Object Repo/Creating Employer Account/Page_Users and Organizations - ASSIST/Employer name'

2018-11-16 11:05:24 - [TEST_STEP][PASSED] - delay: Delayed 3 second(s)

2018-11-16 11:05:27 - [MESSAGE][PASSED] - Delayed 3 second(s)

2018-11-16 11:05:27 - [TEST_STEP][PASSED] - click: Object: 'Object Repository/Final Object Repo/Creating Employer Account/Page_Users and Organizations - ASSIST/Search' is clicked on

2018-11-16 11:05:28 - [MESSAGE][PASSED] - Object: 'Object Repository/Final Object Repo/Creating Employer Account/Page_Users and Organizations - ASSIST/Search' is clicked on

2018-11-16 11:05:28 - [TEST_STEP][PASSED] - delay: Delayed 3 second(s)

2018-11-16 11:05:31 - [MESSAGE][PASSED] - Delayed 3 second(s)

2018-11-16 11:05:31 - [TEST_STEP][PASSED] - click: Object: 'Object Repository/Final Object Repo/Creating Employer Account/Page_Users and Organizations - ASSIST/Action' is clicked on

2018-11-16 11:05:32 - [MESSAGE][PASSED] - Object: 'Object Repository/Final Object Repo/Creating Employer Account/Page_Users and Organizations - ASSIST/Action' is clicked on

2018-11-16 11:05:32 - [TEST_STEP][PASSED] - delay: Delayed 3 second(s)

2018-11-16 11:05:35 - [MESSAGE][PASSED] - Delayed 3 second(s)

2018-11-16 11:05:35 - [TEST_STEP][PASSED] - click: Object: 'Object Repository/Final Object Repo/Creating Employer Account/Page_Users and Organizations - ASSIST/Edit' is clicked on

2018-11-16 11:05:37 - [MESSAGE][PASSED] - Object: 'Object Repository/Final Object Repo/Creating Employer Account/Page_Users and Organizations - ASSIST/Edit' is clicked on

2018-11-16 11:05:37 - [TEST_STEP][PASSED] - delay: Delayed 3 second(s)

2018-11-16 11:05:40 - [MESSAGE][PASSED] - Delayed 3 second(s)

2018-11-16 11:05:40 - [TEST_STEP][PASSED] - click: Object: 'Object Repository/Final Object Repo/Creating Employer Account/Page_PERKESO - Users and Organizati/a_Password (Modified)' is clicked on

2018-11-16 11:05:40 - [MESSAGE][PASSED] - Object: 'Object Repository/Final Object Repo/Creating Employer Account/Page_PERKESO - Users and Organizati/a_Password (Modified)' is clicked on

2018-11-16 11:05:40 - [TEST_STEP][PASSED] - delay: Delayed 3 second(s)

2018-11-16 11:05:43 - [MESSAGE][PASSED] - Delayed 3 second(s)

2018-11-16 11:05:43 - [TEST_STEP][PASSED] - setEncryptedText: Text ****** has been set on object 'Object Repository/Final Object Repo/Creating Employer Account/Page_PERKESO - Users and Organizati/input__125_password1'

2018-11-16 11:05:43 - [MESSAGE][PASSED] - Text ****** has been set on object 'Object Repository/Final Object Repo/Creating Employer Account/Page_PERKESO - Users and Organizati/input__125_password1'

2018-11-16 11:05:43 - [TEST_STEP][PASSED] - delay: Delayed 3 second(s)

2018-11-16 11:05:46 - [MESSAGE][PASSED] - Delayed 3 second(s)

2018-11-16 11:05:46 - [TEST_STEP][PASSED] - setEncryptedText: Text ****** has been set on object 'Object Repository/Final Object Repo/Creating Employer Account/Page_PERKESO - Users and Organizati/input__125_password2'

2018-11-16 11:05:46 - [MESSAGE][PASSED] - Text ****** has been set on object 'Object Repository/Final Object Repo/Creating Employer Account/Page_PERKESO - Users and Organizati/input__125_password2'

2018-11-16 11:05:46 - [TEST_STEP][PASSED] - delay: Delayed 3 second(s)

2018-11-16 11:05:49 - [MESSAGE][PASSED] - Delayed 3 second(s)

2018-11-16 11:05:49 - [TEST_STEP][PASSED] - click: Object: 'Object Repository/Final Object Repo/Creating Employer Account/Page_PERKESO - Users and Organizati/Save' is clicked on

2018-11-16 11:05:51 - [MESSAGE][PASSED] - Object: 'Object Repository/Final Object Repo/Creating Employer Account/Page_PERKESO - Users and Organizati/Save' is clicked on

2018-11-16 11:05:51 - [MESSAGE][PASSED] - Call Test Case 'Test Cases/Final Aug 2018 - PKS Automation/Create Employer Acc/Template/Change Password of Employer' successfully

2018-11-16 11:05:51 - [TEST_STEP][PASSED] - delay: Delayed 1 second(s)

2018-11-16 11:05:52 - [MESSAGE][PASSED] - Delayed 1 second(s)

2018-11-16 11:05:52 - [TEST_STEP][PASSED] - navigateToUrl: Navigate to 'https://assist2-uat.perkeso.gov.my/c/portal/logout' successfully

2018-11-16 11:05:53 - [MESSAGE][PASSED] - Navigate to 'https://assist2-uat.perkeso.gov.my/c/portal/logout' successfully

2018-11-16 11:05:53 - [TEST_STEP][PASSED] - delay: Delayed 1 second(s)

2018-11-16 11:05:54 - [MESSAGE][PASSED] - Delayed 1 second(s)

2018-11-16 11:05:54 - [TEST_STEP][PASSED] - callTestCase: Call Test Case 'Test Cases/Final Aug 2018 - PKS Automation/Create Employer Acc/Template/Login to Employer Account (First Time)' successfully

2018-11-16 11:05:54 - [TEST_CASE][PASSED] - Test Cases/Final Aug 2018 - PKS Automation/Create Employer Acc/Template/Login to Employer Account (First Time): Test Cases/Final Aug 2018 - PKS Automation/Create Employer Acc/Template/Login to Employer Account (First Time)

2018-11-16 11:05:54 - [TEST_STEP][PASSED] - openBrowser: Browser is opened with url: ''

2018-11-16 11:05:54 - [MESSAGE][WARNING] - A browser is already opened. Closing browser and opening a new one

2018-11-16 11:05:59 - [MESSAGE][PASSED] - Browser is opened with url: ''

2018-11-16 11:05:59 - [TEST_STEP][PASSED] - navigateToUrl: Navigate to 'https://assist2-uat.perkeso.gov.my/employer/login' successfully

2018-11-16 11:06:02 - [MESSAGE][PASSED] - Navigate to 'https://assist2-uat.perkeso.gov.my/employer/login' successfully

2018-11-16 11:06:02 - [TEST_STEP][PASSED] - delay: Delayed 3 second(s)

2018-11-16 11:06:05 - [MESSAGE][PASSED] - Delayed 3 second(s)

2018-11-16 11:06:05 - [TEST_STEP][PASSED] - callTestCase: Call Test Case 'Test Cases/Final Aug 2018 - PKS Automation/Create Employer Acc/Template/Employer Email Getter' successfully

2018-11-16 11:06:05 - [TEST_CASE][PASSED] - Test Cases/Final Aug 2018 - PKS Automation/Create Employer Acc/Template/Employer Email Getter: Test Cases/Final Aug 2018 - PKS Automation/Create Employer Acc/Template/Employer Email Getter

2018-11-16 11:06:05 - [TEST_STEP][PASSED] - Statement - Try: null

2018-11-16 11:06:05 - [TEST_STEP][PASSED] - Statement - EmpEmail = new java.io.File(C://EmpEmail.txt): null

2018-11-16 11:06:05 - [TEST_STEP][PASSED] - Statement - bufferread = new java.io.BufferedReader(new java.io.FileReader(EmpEmail)): null

2018-11-16 11:06:05 - [TEST_STEP][PASSED] - Statement - readedVal = bufferread.readLine(): null

2018-11-16 11:06:05 - [TEST_STEP][PASSED] - Statement - out.println(readedVal): null

2018-11-16 11:06:05 - [TEST_STEP][PASSED] - Statement - Email = readedVal: null

2018-11-16 11:06:05 - [MESSAGE][PASSED] - Call Test Case 'Test Cases/Final Aug 2018 - PKS Automation/Create Employer Acc/Template/Employer Email Getter' successfully

2018-11-16 11:06:05 - [TEST_STEP][PASSED] - setText: Text 'perkeso269428151930@gmail.com' is set on object 'Object Repository/Final Object Repo/Login Page/External Login Page/Email'

2018-11-16 11:06:05 - [MESSAGE][PASSED] - Text 'perkeso269428151930@gmail.com' is set on object 'Object Repository/Final Object Repo/Login Page/External Login Page/Email'

2018-11-16 11:06:05 - [TEST_STEP][PASSED] - click: Object: 'Object Repository/Final Object Repo/Login Page/External Login Page/Next' is clicked on

2018-11-16 11:06:05 - [MESSAGE][PASSED] - Object: 'Object Repository/Final Object Repo/Login Page/External Login Page/Next' is clicked on

2018-11-16 11:06:05 - [TEST_STEP][PASSED] - delay: Delayed 3 second(s)

2018-11-16 11:06:08 - [MESSAGE][PASSED] - Delayed 3 second(s)

2018-11-16 11:06:08 - [TEST_STEP][PASSED] - setEncryptedText: Text ****** has been set on object 'Object Repository/Final Object Repo/Login Page/External Login Page/Password'

2018-11-16 11:06:08 - [MESSAGE][PASSED] - Text ****** has been set on object 'Object Repository/Final Object Repo/Login Page/External Login Page/Password'

2018-11-16 11:06:08 - [TEST_STEP][PASSED] - click: Object: 'Object Repository/Final Object Repo/Login Page/External Login Page/Login' is clicked on

2018-11-16 11:06:11 - [MESSAGE][PASSED] - Object: 'Object Repository/Final Object Repo/Login Page/External Login Page/Login' is clicked on

2018-11-16 11:06:11 - [TEST_STEP][PASSED] - delay: Delayed 3 second(s)

2018-11-16 11:06:14 - [MESSAGE][PASSED] - Delayed 3 second(s)

2018-11-16 11:06:14 - [TEST_STEP][PASSED] - click: Object: 'Object Repository/Final Object Repo/Creating Employer Account/Page_Terms of Use - ASSIST/button_I Agree' is clicked on

2018-11-16 11:06:16 - [MESSAGE][PASSED] - Object: 'Object Repository/Final Object Repo/Creating Employer Account/Page_Terms of Use - ASSIST/button_I Agree' is clicked on

2018-11-16 11:06:16 - [TEST_STEP][PASSED] - delay: Delayed 2 second(s)

2018-11-16 11:06:18 - [MESSAGE][PASSED] - Delayed 2 second(s)

2018-11-16 11:06:18 - [TEST_STEP][PASSED] - setEncryptedText: Text ****** has been set on object 'Object Repository/Final Object Repo/Creating Employer Account/Page_New Password - ASSIST/input_password1'

2018-11-16 11:06:18 - [MESSAGE][PASSED] - Text ****** has been set on object 'Object Repository/Final Object Repo/Creating Employer Account/Page_New Password - ASSIST/input_password1'

2018-11-16 11:06:18 - [TEST_STEP][PASSED] - setEncryptedText: Text ****** has been set on object 'Object Repository/Final Object Repo/Creating Employer Account/Page_New Password - ASSIST/input_password2'

2018-11-16 11:06:18 - [MESSAGE][PASSED] - Text ****** has been set on object 'Object Repository/Final Object Repo/Creating Employer Account/Page_New Password - ASSIST/input_password2'

2018-11-16 11:06:18 - [TEST_STEP][PASSED] - delay: Delayed 2 second(s)

2018-11-16 11:06:20 - [MESSAGE][PASSED] - Delayed 2 second(s)

2018-11-16 11:06:20 - [TEST_STEP][PASSED] - click: Object: 'Object Repository/Final Object Repo/Creating Employer Account/Page_New Password - ASSIST/Save' is clicked on

2018-11-16 11:06:22 - [MESSAGE][PASSED] - Object: 'Object Repository/Final Object Repo/Creating Employer Account/Page_New Password - ASSIST/Save' is clicked on

2018-11-16 11:06:22 - [TEST_STEP][PASSED] - delay: Delayed 2 second(s)

2018-11-16 11:06:24 - [MESSAGE][PASSED] - Delayed 2 second(s)

2018-11-16 11:06:24 - [TEST_STEP][PASSED] - setText: Text 'test' is set on object 'Object Repository/Final Object Repo/Creating Employer Account/Page_Password Reminder - ASSIST/Reminder Query Answer'

2018-11-16 11:06:24 - [MESSAGE][PASSED] - Text 'test' is set on object 'Object Repository/Final Object Repo/Creating Employer Account/Page_Password Reminder - ASSIST/Reminder Query Answer'

2018-11-16 11:06:24 - [TEST_STEP][PASSED] - delay: Delayed 2 second(s)

2018-11-16 11:06:26 - [MESSAGE][PASSED] - Delayed 2 second(s)

2018-11-16 11:06:26 - [TEST_STEP][PASSED] - doubleClick: Object: 'Object Repository/Final Object Repo/Creating Employer Account/Page_Password Reminder - ASSIST/Save' is double clicked on

2018-11-16 11:06:26 - [MESSAGE][PASSED] - Object: 'Object Repository/Final Object Repo/Creating Employer Account/Page_Password Reminder - ASSIST/Save' is double clicked on

2018-11-16 11:06:26 - [MESSAGE][PASSED] - Call Test Case 'Test Cases/Final Aug 2018 - PKS Automation/Create Employer Acc/Template/Login to Employer Account (First Time)' successfully

2018-11-16 11:06:26 - [MESSAGE][PASSED] - Call Test Case 'Test Cases/Final Aug 2018 - PKS Automation/Create Employer Acc/Create Employer Account' successfully

2018-11-16 11:06:26 - [TEST_STEP][PASSED] - callTestCase: Call Test Case 'Test Cases/Final Aug 2018 - PKS Automation/Registration Module/Log Out/log out avoiding katalon tagging' successfully

2018-11-16 11:06:26 - [TEST_CASE][PASSED] - Test Cases/Final Aug 2018 - PKS Automation/Registration Module/Log Out/log out avoiding katalon tagging: Test Cases/Final Aug 2018 - PKS Automation/Registration Module/Log Out/log out avoiding katalon tagging

2018-11-16 11:06:26 - [TEST_STEP][PASSED] - navigateToUrl: Navigate to 'https://assist2-uat.perkeso.gov.my/c/portal/logout' successfully

2018-11-16 11:06:28 - [MESSAGE][PASSED] - Navigate to 'https://assist2-uat.perkeso.gov.my/c/portal/logout' successfully

2018-11-16 11:06:28 - [MESSAGE][PASSED] - Call Test Case 'Test Cases/Final Aug 2018 - PKS Automation/Registration Module/Log Out/log out avoiding katalon tagging' successfully

2018-11-16 11:06:28 - [TEST_STEP][PASSED] - callTestCase: Call Test Case 'Test Cases/Final Aug 2018 - PKS Automation/Create Employer Acc/Login to Employer Account (Second time)' successfully

2018-11-16 11:06:28 - [TEST_CASE][PASSED] - Test Cases/Final Aug 2018 - PKS Automation/Create Employer Acc/Login to Employer Account (Second time): Test Cases/Final Aug 2018 - PKS Automation/Create Employer Acc/Login to Employer Account (Second time)

2018-11-16 11:06:28 - [TEST_STEP][PASSED] - openBrowser: Browser is opened with url: ''

2018-11-16 11:06:28 - [MESSAGE][WARNING] - A browser is already opened. Closing browser and opening a new one

2018-11-16 11:06:33 - [MESSAGE][PASSED] - Browser is opened with url: ''

2018-11-16 11:06:33 - [TEST_STEP][PASSED] - navigateToUrl: Navigate to 'https://assist2-uat.perkeso.gov.my/employer/login' successfully

2018-11-16 11:06:35 - [MESSAGE][PASSED] - Navigate to 'https://assist2-uat.perkeso.gov.my/employer/login' successfully

2018-11-16 11:06:35 - [TEST_STEP][PASSED] - delay: Delayed 3 second(s)

2018-11-16 11:06:38 - [MESSAGE][PASSED] - Delayed 3 second(s)

2018-11-16 11:06:38 - [TEST_STEP][PASSED] - callTestCase: Call Test Case 'Test Cases/Final Aug 2018 - PKS Automation/Create Employer Acc/Template/Employer Email Getter' successfully

2018-11-16 11:06:38 - [TEST_CASE][PASSED] - Test Cases/Final Aug 2018 - PKS Automation/Create Employer Acc/Template/Employer Email Getter: Test Cases/Final Aug 2018 - PKS Automation/Create Employer Acc/Template/Employer Email Getter

2018-11-16 11:06:38 - [TEST_STEP][PASSED] - Statement - Try: null

2018-11-16 11:06:38 - [TEST_STEP][PASSED] - Statement - EmpEmail = new java.io.File(C://EmpEmail.txt): null

2018-11-16 11:06:38 - [TEST_STEP][PASSED] - Statement - bufferread = new java.io.BufferedReader(new java.io.FileReader(EmpEmail)): null

2018-11-16 11:06:38 - [TEST_STEP][PASSED] - Statement - readedVal = bufferread.readLine(): null

2018-11-16 11:06:38 - [TEST_STEP][PASSED] - Statement - out.println(readedVal): null

2018-11-16 11:06:38 - [TEST_STEP][PASSED] - Statement - Email = readedVal: null

2018-11-16 11:06:38 - [MESSAGE][PASSED] - Call Test Case 'Test Cases/Final Aug 2018 - PKS Automation/Create Employer Acc/Template/Employer Email Getter' successfully

2018-11-16 11:06:38 - [TEST_STEP][PASSED] - setText: Text 'perkeso269428151930@gmail.com' is set on object 'Object Repository/Final Object Repo/Login Page/External Login Page/Email'

2018-11-16 11:06:38 - [MESSAGE][PASSED] - Text 'perkeso269428151930@gmail.com' is set on object 'Object Repository/Final Object Repo/Login Page/External Login Page/Email'

2018-11-16 11:06:38 - [TEST_STEP][PASSED] - click: Object: 'Object Repository/Final Object Repo/Login Page/External Login Page/Next' is clicked on

2018-11-16 11:06:39 - [MESSAGE][PASSED] - Object: 'Object Repository/Final Object Repo/Login Page/External Login Page/Next' is clicked on

2018-11-16 11:06:39 - [TEST_STEP][PASSED] - delay: Delayed 3 second(s)

2018-11-16 11:06:42 - [MESSAGE][PASSED] - Delayed 3 second(s)

2018-11-16 11:06:42 - [TEST_STEP][PASSED] - setEncryptedText: Text ****** has been set on object 'Object Repository/Final Object Repo/Login Page/External Login Page/Password'

2018-11-16 11:06:42 - [MESSAGE][PASSED] - Text ****** has been set on object 'Object Repository/Final Object Repo/Login Page/External Login Page/Password'

2018-11-16 11:06:42 - [TEST_STEP][PASSED] - click: Object: 'Object Repository/Final Object Repo/Login Page/External Login Page/Login' is clicked on

2018-11-16 11:06:47 - [MESSAGE][PASSED] - Object: 'Object Repository/Final Object Repo/Login Page/External Login Page/Login' is clicked on

2018-11-16 11:06:47 - [TEST_STEP][PASSED] - delay: Delayed 5 second(s)

2018-11-16 11:06:52 - [MESSAGE][PASSED] - Delayed 5 second(s)

2018-11-16 11:06:52 - [MESSAGE][PASSED] - Call Test Case 'Test Cases/Final Aug 2018 - PKS Automation/Create Employer Acc/Login to Employer Account (Second time)' successfully

2018-11-16 11:06:52 - [TEST_STEP][PASSED] - delay: Delayed 4 second(s)

2018-11-16 11:06:56 - [MESSAGE][PASSED] - Delayed 4 second(s)

2018-11-16 11:06:56 - [TEST_STEP][PASSED] - Statement - Try: Delayed 2 second(s)

2018-11-16 11:06:56 - [TEST_STEP][PASSED] - Statement - Checker = false: null

2018-11-16 11:06:56 - [TEST_STEP][PASSED] - Statement - Checker = com.kms.katalon.core.webui.keyword.WebUiBuiltInKeywords.verifyElementHasAttribute(com.kms.katalon.core.testobject.ObjectRepository.findTestObject(Final Object Repo/Landing Page/BM Detecting), "href", 20, OPTIONAL): Object 'Object Repository/Final Object Repo/Landing Page/BM Detecting' has attribute 'href'

2018-11-16 11:06:56 - [MESSAGE][PASSED] - Object 'Object Repository/Final Object Repo/Landing Page/BM Detecting' has attribute 'href'

2018-11-16 11:06:56 - [TEST_STEP][PASSED] - Statement - out.println(Checker): null

2018-11-16 11:06:56 - [TEST_STEP][PASSED] - Statement - If (Checker == false): null

2018-11-16 11:06:56 - [TEST_STEP][PASSED] - Statement - Else: null

2018-11-16 11:06:56 - [TEST_STEP][PASSED] - delay: Delayed 2 second(s)

2018-11-16 11:06:58 - [MESSAGE][PASSED] - Delayed 2 second(s)

2018-11-16 11:06:58 - [TEST_STEP][PASSED] - delay: Delayed 4 second(s)

2018-11-16 11:07:02 - [MESSAGE][PASSED] - Delayed 4 second(s)

2018-11-16 11:07:02 - [TEST_STEP][PASSED] - click: Object: 'Object Repository/Final Object Repo/Landing Page/My Sites Drop Down' is clicked on

2018-11-16 11:07:02 - [MESSAGE][PASSED] - Object: 'Object Repository/Final Object Repo/Landing Page/My Sites Drop Down' is clicked on

2018-11-16 11:07:02 - [TEST_STEP][PASSED] - click: Object: 'Object Repository/Final Object Repo/Landing Page/Select to Registration Module' is clicked on

2018-11-16 11:07:06 - [MESSAGE][PASSED] - Object: 'Object Repository/Final Object Repo/Landing Page/Select to Registration Module' is clicked on

2018-11-16 11:07:06 - [TEST_STEP][PASSED] - click: Object: 'Object Repository/Final Object Repo/Landing Page/Registration Button' is clicked on

2018-11-16 11:07:08 - [MESSAGE][PASSED] - Object: 'Object Repository/Final Object Repo/Landing Page/Registration Button' is clicked on

2018-11-16 11:07:08 - [TEST_STEP][PASSED] - delay: Delayed 2 second(s)

2018-11-16 11:07:10 - [MESSAGE][PASSED] - Delayed 2 second(s)

2018-11-16 11:07:10 - [TEST_STEP][PASSED] - click: Object: 'Object Repository/Final Object Repo/New Registration - Registration Module Pages/New Reg - OTC to RO/Special Case - OTC - Form 1/AEC NO' is clicked on

2018-11-16 11:07:11 - [MESSAGE][PASSED] - Object: 'Object Repository/Final Object Repo/New Registration - Registration Module Pages/New Reg - OTC to RO/Special Case - OTC - Form 1/AEC NO' is clicked on

2018-11-16 11:07:11 - [TEST_STEP][PASSED] - click: Object: 'Object Repository/Final Object Repo/New Registration - Registration Module Pages/New Reg - OTC to RO/Special Case - OTC - Form 1/Business Entity - Please Select' is clicked on

2018-11-16 11:07:11 - [MESSAGE][PASSED] - Object: 'Object Repository/Final Object Repo/New Registration - Registration Module Pages/New Reg - OTC to RO/Special Case - OTC - Form 1/Business Entity - Please Select' is clicked on

2018-11-16 11:07:11 - [TEST_STEP][PASSED] - click: Object: 'Object Repository/Final Object Repo/New Registration - Registration Module Pages/New Reg - OTC to RO/Special Case - OTC - Form 1/Selected - Corporation' is clicked on

2018-11-16 11:07:12 - [MESSAGE][PASSED] - Object: 'Object Repository/Final Object Repo/New Registration - Registration Module Pages/New Reg - OTC to RO/Special Case - OTC - Form 1/Selected - Corporation' is clicked on

2018-11-16 11:07:12 - [TEST_STEP][PASSED] - delay: Delayed 2 second(s)

2018-11-16 11:07:14 - [MESSAGE][PASSED] - Delayed 2 second(s)

2018-11-16 11:07:14 - [TEST_STEP][PASSED] - click: Object: 'Object Repository/Final Object Repo/New Registration - Registration Module Pages/New Reg - OTC to RO/Special Case - OTC - Form 1/Sub Business Entity - Please Select' is clicked on

2018-11-16 11:07:14 - [MESSAGE][PASSED] - Object: 'Object Repository/Final Object Repo/New Registration - Registration Module Pages/New Reg - OTC to RO/Special Case - OTC - Form 1/Sub Business Entity - Please Select' is clicked on

2018-11-16 11:07:14 - [TEST_STEP][PASSED] - delay: Delayed 2 second(s)

2018-11-16 11:07:16 - [MESSAGE][PASSED] - Delayed 2 second(s)

2018-11-16 11:07:16 - [TEST_STEP][PASSED] - click: Object: 'Object Repository/Final Object Repo/New Registration - Registration Module Pages/New Reg - OTC to RO/Special Case - OTC - Form 1/Selected - Sendirian Berhad' is clicked on

2018-11-16 11:07:17 - [MESSAGE][PASSED] - Object: 'Object Repository/Final Object Repo/New Registration - Registration Module Pages/New Reg - OTC to RO/Special Case - OTC - Form 1/Selected - Sendirian Berhad' is clicked on

2018-11-16 11:07:17 - [TEST_STEP][PASSED] - setText: Text 'AUTOMATE001' is set on object 'Object Repository/Final Object Repo/New Registration - Registration Module Pages/New Reg - OTC to RO/Special Case - OTC - Form 1/Input BRN Number'

2018-11-16 11:07:17 - [MESSAGE][PASSED] - Text 'AUTOMATE001' is set on object 'Object Repository/Final Object Repo/New Registration - Registration Module Pages/New Reg - OTC to RO/Special Case - OTC - Form 1/Input BRN Number'

2018-11-16 11:07:17 - [TEST_STEP][PASSED] - delay: Delayed 2 second(s)

2018-11-16 11:07:19 - [MESSAGE][PASSED] - Delayed 2 second(s)

2018-11-16 11:07:19 - [TEST_STEP][PASSED] - click: Object: 'Object Repository/Final Object Repo/New Registration - Registration Module Pages/New Reg - OTC to RO/Special Case - OTC - Form 1/BRN Search' is clicked on

2018-11-16 11:07:19 - [MESSAGE][PASSED] - Object: 'Object Repository/Final Object Repo/New Registration - Registration Module Pages/New Reg - OTC to RO/Special Case - OTC - Form 1/BRN Search' is clicked on

2018-11-16 11:07:19 - [TEST_STEP][PASSED] - delay: Delayed 4 second(s)

2018-11-16 11:07:23 - [MESSAGE][PASSED] - Delayed 4 second(s)

2018-11-16 11:07:23 - [TEST_STEP][PASSED] - click: Object: 'Object Repository/Final Object Repo/New Registration - Registration Module Pages/New Reg - OTC to RO/Special Case - OTC - Form 1/Registered with SSM - After Feb 2017' is clicked on

2018-11-16 11:07:24 - [MESSAGE][PASSED] - Object: 'Object Repository/Final Object Repo/New Registration - Registration Module Pages/New Reg - OTC to RO/Special Case - OTC - Form 1/Registered with SSM - After Feb 2017' is clicked on

2018-11-16 11:07:24 - [TEST_STEP][PASSED] - delay: Delayed 2 second(s)

2018-11-16 11:07:26 - [MESSAGE][PASSED] - Delayed 2 second(s)

2018-11-16 11:07:26 - [TEST_STEP][PASSED] - click: Object: 'Object Repository/Final Object Repo/New Registration - Registration Module Pages/Form 1/Registered As a Branch - Yes' is clicked on

2018-11-16 11:07:26 - [MESSAGE][PASSED] - Object: 'Object Repository/Final Object Repo/New Registration - Registration Module Pages/Form 1/Registered As a Branch - Yes' is clicked on

2018-11-16 11:07:26 - [TEST_STEP][PASSED] - click: Object: 'Object Repository/Final Object Repo/New Registration - Registration Module Pages/New Reg - OTC to RO/Special Case - OTC - Form 1/Acknowledgement Ticked' is clicked on

2018-11-16 11:07:26 - [MESSAGE][PASSED] - Object: 'Object Repository/Final Object Repo/New Registration - Registration Module Pages/New Reg - OTC to RO/Special Case - OTC - Form 1/Acknowledgement Ticked' is clicked on

2018-11-16 11:07:26 - [TEST_STEP][PASSED] - setText: Text 'perkeso269428151930@gmail.com' is set on object 'Object Repository/Final Object Repo/New Registration - Registration Module Pages/Form 1/Email'

2018-11-16 11:07:26 - [MESSAGE][PASSED] - Text 'perkeso269428151930@gmail.com' is set on object 'Object Repository/Final Object Repo/New Registration - Registration Module Pages/Form 1/Email'

2018-11-16 11:07:26 - [TEST_STEP][PASSED] - click: Object: 'Object Repository/Final Object Repo/New Registration - Registration Module Pages/New Reg - OTC to RO/Special Case - OTC - Form 1/Submit Button' is clicked on

2018-11-16 11:07:28 - [MESSAGE][PASSED] - Object: 'Object Repository/Final Object Repo/New Registration - Registration Module Pages/New Reg - OTC to RO/Special Case - OTC - Form 1/Submit Button' is clicked on

2018-11-16 11:07:28 - [TEST_STEP][PASSED] - callTestCase: Call Test Case 'Test Cases/Final Aug 2018 - PKS Automation/Registration Module/New Registration/Form 2/Add 1 Eligible - Employer Account Use' successfully

2018-11-16 11:07:28 - [TEST_CASE][PASSED] - Test Cases/Final Aug 2018 - PKS Automation/Registration Module/New Registration/Form 2/Add 1 Eligible - Employer Account Use: Test Cases/Final Aug 2018 - PKS Automation/Registration Module/New Registration/Form 2/Add 1 Eligible - Employer Account Use

2018-11-16 11:07:28 - [TEST_STEP][PASSED] - delay: Delayed 2 second(s)

2018-11-16 11:07:30 - [MESSAGE][PASSED] - Delayed 2 second(s)

2018-11-16 11:07:30 - [TEST_STEP][PASSED] - callTestCase: Call Test Case 'Test Cases/Final Aug 2018 - PKS Automation/Registration Module/New Registration/Form 2/Date Updater' successfully

2018-11-16 11:07:30 - [TEST_CASE][PASSED] - Test Cases/Final Aug 2018 - PKS Automation/Registration Module/New Registration/Form 2/Date Updater: Test Cases/Final Aug 2018 - PKS Automation/Registration Module/New Registration/Form 2/Date Updater

2018-11-16 11:07:30 - [TEST_STEP][PASSED] - Statement - TodayDate = new java.util.Date(): null

2018-11-16 11:07:30 - [TEST_STEP][PASSED] - Statement - CurrentDateNoFilter = new java.text.SimpleDateFormat(): null

2018-11-16 11:07:30 - [TEST_STEP][PASSED] - Statement - CurrentDateNoFilter.applyPattern("dd"): null

2018-11-16 11:07:30 - [TEST_STEP][PASSED] - Statement - CurrentDate = CurrentDateNoFilter.format(TodayDate): null

2018-11-16 11:07:30 - [TEST_STEP][PASSED] - Statement - CurrentDate = java.lang.Integer.parseInt(CurrentDate): null

2018-11-16 11:07:30 - [TEST_STEP][PASSED] - Statement - CurrentDate = CurrentDate: null

2018-11-16 11:07:30 - [TEST_STEP][PASSED] - Statement - CurrentDay = java.lang.Integer.parseInt(CurrentDate): null

2018-11-16 11:07:30 - [TEST_STEP][PASSED] - Statement - aDayBefore = CurrentDay + 1: null

2018-11-16 11:07:30 - [TEST_STEP][PASSED] - Statement - DayBefore = aDayBefore.toString(): null

2018-11-16 11:07:30 - [TEST_STEP][PASSED] - Statement - OneDayBefore = DayBefore: null

2018-11-16 11:07:30 - [TEST_STEP][PASSED] - Statement - CurrentDateNoFilter.applyPattern("MM"): null

2018-11-16 11:07:30 - [TEST_STEP][PASSED] - Statement - monthContainerMatcher = java.lang.Integer.parseInt(CurrentDateNoFilter.format(TodayDate)): null

2018-11-16 11:07:30 - [TEST_STEP][PASSED] - Statement - monthContainerMatcher = monthContainerMatcher - 1: null

2018-11-16 11:07:30 - [TEST_STEP][PASSED] - Statement - CurrentMonth = monthContainerMatcher.toString(): null

2018-11-16 11:07:30 - [TEST_STEP][PASSED] - Statement - CurrentMonth = CurrentMonth: null

2018-11-16 11:07:30 - [TEST_STEP][PASSED] - Statement - CurrentDateNoFilter.applyPattern("yyyy"): null

2018-11-16 11:07:30 - [TEST_STEP][PASSED] - Statement - CurrentYear = CurrentDateNoFilter.format(TodayDate): null

2018-11-16 11:07:30 - [TEST_STEP][PASSED] - Statement - CurrentYear = CurrentYear: null

2018-11-16 11:07:30 - [TEST_STEP][PASSED] - Statement - intCurrentYear = java.lang.Integer.parseInt(CurrentDateNoFilter.format(TodayDate)): null

2018-11-16 11:07:30 - [TEST_STEP][PASSED] - Statement - eighteenYrsAgo = intCurrentYear - 18: null

2018-11-16 11:07:30 - [TEST_STEP][PASSED] - Statement - eighteenYrsBeforeThisYr = eighteenYrsAgo.toString(): null

2018-11-16 11:07:30 - [TEST_STEP][PASSED] - Statement - EighteenYrsBefore = eighteenYrsBeforeThisYr: null

2018-11-16 11:07:30 - [TEST_STEP][PASSED] - Statement - fiftysevenYrsAgo = intCurrentYear - 57: null

2018-11-16 11:07:30 - [TEST_STEP][PASSED] - Statement - fiftysevenYrsBeforeThisYr = fiftysevenYrsAgo.toString(): null

2018-11-16 11:07:30 - [TEST_STEP][PASSED] - Statement - FiftysevenYrsBefore = fiftysevenYrsBeforeThisYr: null

2018-11-16 11:07:30 - [MESSAGE][PASSED] - Call Test Case 'Test Cases/Final Aug 2018 - PKS Automation/Registration Module/New Registration/Form 2/Date Updater' successfully

2018-11-16 11:07:30 - [TEST_STEP][PASSED] - delay: Delayed 1 second(s)

2018-11-16 11:07:31 - [MESSAGE][PASSED] - Delayed 1 second(s)

2018-11-16 11:07:31 - [TEST_STEP][PASSED] - Statement - CaseReferenceNo = com.kms.katalon.core.webui.keyword.WebUiBuiltInKeywords.getText(com.kms.katalon.core.testobject.ObjectRepository.findTestObject(Final Object Repo/New Registration - Registration Module Pages/Form 2/RefNo Acquiring)): Text of object 'Object Repository/Final Object Repo/New Registration - Registration Module Pages/Form 2/RefNo Acquiring' is: 'CRN11201800122523'

2018-11-16 11:07:31 - [MESSAGE][PASSED] - Text of object 'Object Repository/Final Object Repo/New Registration - Registration Module Pages/Form 2/RefNo Acquiring' is: 'CRN11201800122523'

2018-11-16 11:07:31 - [TEST_STEP][PASSED] - delay: Delayed 1 second(s)

2018-11-16 11:07:32 - [MESSAGE][PASSED] - Delayed 1 second(s)

2018-11-16 11:07:32 - [TEST_STEP][PASSED] - click: Object: 'Object Repository/Final Object Repo/New Registration - Registration Module Pages/Form 2/Add Employee Button' is clicked on

2018-11-16 11:07:33 - [MESSAGE][PASSED] - Object: 'Object Repository/Final Object Repo/New Registration - Registration Module Pages/Form 2/Add Employee Button' is clicked on

2018-11-16 11:07:33 - [TEST_STEP][PASSED] - delay: Delayed 1 second(s)

2018-11-16 11:07:34 - [MESSAGE][PASSED] - Delayed 1 second(s)

2018-11-16 11:07:34 - [TEST_STEP][PASSED] - setText: Text '010903091948' is set on object 'Object Repository/Final Object Repo/New Registration - Registration Module Pages/Form 2/NRIC Input'

2018-11-16 11:07:34 - [MESSAGE][PASSED] - Text '010903091948' is set on object 'Object Repository/Final Object Repo/New Registration - Registration Module Pages/Form 2/NRIC Input'

2018-11-16 11:07:34 - [TEST_STEP][PASSED] - delay: Delayed 2 second(s)

2018-11-16 11:07:36 - [MESSAGE][PASSED] - Delayed 2 second(s)

2018-11-16 11:07:36 - [TEST_STEP][PASSED] - setText: Text 'Automate001 eligible 1' is set on object 'Object Repository/Final Object Repo/New Registration - Registration Module Pages/Form 2/Employee Name Input'

2018-11-16 11:07:36 - [MESSAGE][PASSED] - Text 'Automate001 eligible 1' is set on object 'Object Repository/Final Object Repo/New Registration - Registration Module Pages/Form 2/Employee Name Input'

2018-11-16 11:07:36 - [TEST_STEP][PASSED] - delay: Delayed 2 second(s)

2018-11-16 11:07:38 - [MESSAGE][PASSED] - Delayed 2 second(s)

2018-11-16 11:07:38 - [TEST_STEP][PASSED] - click: Object: 'Object Repository/Final Object Repo/New Registration - Registration Module Pages/Form 2/DatePicker Pop Up' is clicked on

2018-11-16 11:07:39 - [MESSAGE][PASSED] - Object: 'Object Repository/Final Object Repo/New Registration - Registration Module Pages/Form 2/DatePicker Pop Up' is clicked on

2018-11-16 11:07:39 - [TEST_STEP][PASSED] - click: Object: 'Object Repository/Final Object Repo/New Registration - Registration Module Pages/Form 2/DOB Month' is clicked on

2018-11-16 11:07:39 - [MESSAGE][PASSED] - Object: 'Object Repository/Final Object Repo/New Registration - Registration Module Pages/Form 2/DOB Month' is clicked on

2018-11-16 11:07:39 - [TEST_STEP][PASSED] - Statement - CurrentMonth = CurrentMonth: null

2018-11-16 11:07:39 - [TEST_STEP][PASSED] - Statement - selectMonth = new com.kms.katalon.core.testobject.TestObject(): null

2018-11-16 11:07:39 - [TEST_STEP][PASSED] - Statement - selectMonth.addProperty("xpath", EQUALS, "//body/div/div/div/select/option[@value='" + CurrentMonth + "']", true): null

2018-11-16 11:07:39 - [TEST_STEP][PASSED] - click: Object: '' is clicked on

2018-11-16 11:07:39 - [MESSAGE][PASSED] - Object: '' is clicked on

2018-11-16 11:07:39 - [TEST_STEP][PASSED] - click: Object: 'Object Repository/Final Object Repo/New Registration - Registration Module Pages/Form 2/DOB Year' is clicked on

2018-11-16 11:07:40 - [MESSAGE][PASSED] - Object: 'Object Repository/Final Object Repo/New Registration - Registration Module Pages/Form 2/DOB Year' is clicked on

2018-11-16 11:07:40 - [TEST_STEP][PASSED] - Statement - Eyearsbf = EighteenYrsBefore: null

2018-11-16 11:07:40 - [TEST_STEP][PASSED] - Statement - selectYear = new com.kms.katalon.core.testobject.TestObject(): null

2018-11-16 11:07:40 - [TEST_STEP][PASSED] - Statement - selectYear.addProperty("xpath", EQUALS, "//div/div/div/select/option[@value='" + Eyearsbf + "']", true): null

2018-11-16 11:07:40 - [TEST_STEP][PASSED] - click: Object: '' is clicked on

2018-11-16 11:07:40 - [MESSAGE][PASSED] - Object: '' is clicked on

2018-11-16 11:07:40 - [TEST_STEP][PASSED] - Statement - UpdatedSelectDate = com.kms.katalon.core.webui.keyword.WebUiBuiltInKeywords.modifyObjectProperty(com.kms.katalon.core.testobject.ObjectRepository.findTestObject(Final Object Repo/New Registration - Registration Module Pages/Form 2/DOB Date), "xpath", "equals", "//body/div/table/tbody/tr/td/a[text()="" + CurrentDate + ""]", true): Modify property of object successfully

2018-11-16 11:07:40 - [MESSAGE][PASSED] - Modify property of object successfully

2018-11-16 11:07:40 - [TEST_STEP][PASSED] - delay: Delayed 3 second(s)

2018-11-16 11:07:43 - [MESSAGE][PASSED] - Delayed 3 second(s)

2018-11-16 11:07:43 - [TEST_STEP][PASSED] - click: Object: 'Object Repository/Final Object Repo/New Registration - Registration Module Pages/Form 2/DOB Date' is clicked on

2018-11-16 11:07:43 - [MESSAGE][PASSED] - Object: 'Object Repository/Final Object Repo/New Registration - Registration Module Pages/Form 2/DOB Date' is clicked on

2018-11-16 11:07:43 - [TEST_STEP][PASSED] - delay: Delayed 2 second(s)

2018-11-16 11:07:45 - [MESSAGE][PASSED] - Delayed 2 second(s)

2018-11-16 11:07:45 - [TEST_STEP][PASSED] - click: Object: 'Object Repository/Final Object Repo/New Registration - Registration Module Pages/Form 2/EmploymentStartDate Pop Up' is clicked on

2018-11-16 11:07:46 - [MESSAGE][PASSED] - Object: 'Object Repository/Final Object Repo/New Registration - Registration Module Pages/Form 2/EmploymentStartDate Pop Up' is clicked on

2018-11-16 11:07:46 - [TEST_STEP][PASSED] - delay: Delayed 2 second(s)

2018-11-16 11:07:48 - [MESSAGE][PASSED] - Delayed 2 second(s)

2018-11-16 11:07:48 - [TEST_STEP][PASSED] - click: Object: 'Object Repository/Final Object Repo/New Registration - Registration Module Pages/Form 2/Socso Employment StartDate Month' is clicked on

2018-11-16 11:07:49 - [MESSAGE][PASSED] - Object: 'Object Repository/Final Object Repo/New Registration - Registration Module Pages/Form 2/Socso Employment StartDate Month' is clicked on

2018-11-16 11:07:49 - [TEST_STEP][PASSED] - delay: Delayed 1 second(s)

2018-11-16 11:07:50 - [MESSAGE][PASSED] - Delayed 1 second(s)

2018-11-16 11:07:50 - [TEST_STEP][PASSED] - click: Object: 'Object Repository/Final Object Repo/New Registration - Registration Module Pages/Form 2/Select Socso Employement Startdate Month' is clicked on

2018-11-16 11:07:50 - [MESSAGE][PASSED] - Object: 'Object Repository/Final Object Repo/New Registration - Registration Module Pages/Form 2/Select Socso Employement Startdate Month' is clicked on

2018-11-16 11:07:50 - [TEST_STEP][PASSED] - delay: Delayed 2 second(s)

2018-11-16 11:07:52 - [MESSAGE][PASSED] - Delayed 2 second(s)

2018-11-16 11:07:52 - [TEST_STEP][PASSED] - click: Object: 'Object Repository/Final Object Repo/New Registration - Registration Module Pages/Form 2/Socso Employment StartDate Year' is clicked on

2018-11-16 11:07:52 - [MESSAGE][PASSED] - Object: 'Object Repository/Final Object Repo/New Registration - Registration Module Pages/Form 2/Socso Employment StartDate Year' is clicked on

2018-11-16 11:07:52 - [TEST_STEP][PASSED] - delay: Delayed 1 second(s)

2018-11-16 11:07:53 - [MESSAGE][PASSED] - Delayed 1 second(s)

2018-11-16 11:07:53 - [TEST_STEP][PASSED] - click: Object: 'Object Repository/Final Object Repo/New Registration - Registration Module Pages/Form 2/Select Socso Employment Startdate Year' is clicked on

2018-11-16 11:07:54 - [MESSAGE][PASSED] - Object: 'Object Repository/Final Object Repo/New Registration - Registration Module Pages/Form 2/Select Socso Employment Startdate Year' is clicked on

2018-11-16 11:07:54 - [TEST_STEP][PASSED] - delay: Delayed 2 second(s)

2018-11-16 11:07:56 - [MESSAGE][PASSED] - Delayed 2 second(s)

2018-11-16 11:07:56 - [TEST_STEP][PASSED] - click: Object: 'Object Repository/Final Object Repo/New Registration - Registration Module Pages/Form 2/Socso Employment Start Date Day' is clicked on

2018-11-16 11:07:56 - [MESSAGE][PASSED] - Object: 'Object Repository/Final Object Repo/New Registration - Registration Module Pages/Form 2/Socso Employment Start Date Day' is clicked on

2018-11-16 11:07:56 - [TEST_STEP][PASSED] - delay: Delayed 2 second(s)

2018-11-16 11:07:58 - [MESSAGE][PASSED] - Delayed 2 second(s)

2018-11-16 11:07:58 - [TEST_STEP][PASSED] - click: Object: 'Object Repository/Final Object Repo/New Registration - Registration Module Pages/Form 2/Save Button for Add Employee' is clicked on

2018-11-16 11:07:58 - [MESSAGE][PASSED] - Object: 'Object Repository/Final Object Repo/New Registration - Registration Module Pages/Form 2/Save Button for Add Employee' is clicked on

2018-11-16 11:07:58 - [TEST_STEP][PASSED] - delay: Delayed 6 second(s)

2018-11-16 11:08:04 - [MESSAGE][PASSED] - Delayed 6 second(s)

2018-11-16 11:08:04 - [TEST_STEP][PASSED] - click: Object: 'Object Repository/Final Object Repo/New Registration - Registration Module Pages/Form 2/Save and Continue Form 2' is clicked on

2018-11-16 11:08:06 - [MESSAGE][PASSED] - Object: 'Object Repository/Final Object Repo/New Registration - Registration Module Pages/Form 2/Save and Continue Form 2' is clicked on

2018-11-16 11:08:06 - [MESSAGE][PASSED] - Call Test Case 'Test Cases/Final Aug 2018 - PKS Automation/Registration Module/New Registration/Form 2/Add 1 Eligible - Employer Account Use' successfully

2018-11-16 11:08:06 - [TEST_STEP][PASSED] - callTestCase: Call Test Case 'Test Cases/Final Aug 2018 - PKS Automation/Registration Module/New Registration/Flow of New Registration/Third Screen - Upload Supporting Doc - Preview' successfully

2018-11-16 11:08:06 - [TEST_CASE][PASSED] - Test Cases/Final Aug 2018 - PKS Automation/Registration Module/New Registration/Flow of New Registration/Third Screen - Upload Supporting Doc - Preview: Test Cases/Final Aug 2018 - PKS Automation/Registration Module/New Registration/Flow of New Registration/Third Screen - Upload Supporting Doc - Preview

2018-11-16 11:08:06 - [TEST_STEP][PASSED] - waitForPageLoad: Wait for page load successfully

2018-11-16 11:08:06 - [MESSAGE][PASSED] - Wait for page load successfully

2018-11-16 11:08:06 - [TEST_STEP][PASSED] - Statement - CaseReferenceNo = com.kms.katalon.core.webui.keyword.WebUiBuiltInKeywords.getText(com.kms.katalon.core.testobject.ObjectRepository.findTestObject(Final Object Repo/New Registration - Registration Module Pages/Third Screen - Upload Supporting Doc- Preview/RefNo Acquiring)): Text of object 'Object Repository/Final Object Repo/New Registration - Registration Module Pages/Third Screen - Upload Supporting Doc- Preview/RefNo Acquiring' is: 'CRN11201800122523'

2018-11-16 11:08:06 - [MESSAGE][PASSED] - Text of object 'Object Repository/Final Object Repo/New Registration - Registration Module Pages/Third Screen - Upload Supporting Doc- Preview/RefNo Acquiring' is: 'CRN11201800122523'

2018-11-16 11:08:06 - [TEST_STEP][PASSED] - delay: Delayed 2 second(s)

2018-11-16 11:08:08 - [MESSAGE][PASSED] - Delayed 2 second(s)

2018-11-16 11:08:08 - [TEST_STEP][PASSED] - callTestCase: Call Test Case 'Test Cases/Final Aug 2018 - PKS Automation/Common/Reference Number Setter' successfully

2018-11-16 11:08:08 - [TEST_CASE][PASSED] - Test Cases/Final Aug 2018 - PKS Automation/Common/Reference Number Setter: Test Cases/Final Aug 2018 - PKS Automation/Common/Reference Number Setter

2018-11-16 11:08:08 - [TEST_STEP][PASSED] - Statement - RefNoOldFile = new java.io.File(C://KatalonReference.txt): null

2018-11-16 11:08:08 - [TEST_STEP][PASSED] - Statement - RefNoOldFile.delete(): null

2018-11-16 11:08:08 - [TEST_STEP][PASSED] - delay: Delayed 5 second(s)

2018-11-16 11:08:13 - [MESSAGE][PASSED] - Delayed 5 second(s)

2018-11-16 11:08:13 - [TEST_STEP][PASSED] - Statement - RefNo = new java.io.File(C://KatalonReference.txt): null

2018-11-16 11:08:13 - [TEST_STEP][PASSED] - Statement - f2 = new java.io.FileWriter(RefNo, false): null

2018-11-16 11:08:13 - [TEST_STEP][PASSED] - Statement - f2.write(CaseReferenceNo): null

2018-11-16 11:08:13 - [TEST_STEP][PASSED] - Statement - f2.close(): null

2018-11-16 11:08:13 - [TEST_STEP][PASSED] - Statement - out.println("


" + CaseReferenceNo + "


"): null

2018-11-16 11:08:13 - [MESSAGE][PASSED] - Call Test Case 'Test Cases/Final Aug 2018 - PKS Automation/Common/Reference Number Setter' successfully

2018-11-16 11:08:13 - [TEST_STEP][PASSED] - waitForElementClickable: Object 'Object Repository/Final Object Repo/New Registration - Registration Module Pages/Third Screen - Upload Supporting Doc- Preview/Save n Continue in SIP Employee Listing Page' is clickable

2018-11-16 11:08:13 - [MESSAGE][PASSED] - Object 'Object Repository/Final Object Repo/New Registration - Registration Module Pages/Third Screen - Upload Supporting Doc- Preview/Save n Continue in SIP Employee Listing Page' is clickable

2018-11-16 11:08:13 - [TEST_STEP][PASSED] - click: Object: 'Object Repository/Final Object Repo/New Registration - Registration Module Pages/Third Screen - Upload Supporting Doc- Preview/Save n Continue in SIP Employee Listing Page' is clicked on

2018-11-16 11:08:19 - [MESSAGE][PASSED] - Object: 'Object Repository/Final Object Repo/New Registration - Registration Module Pages/Third Screen - Upload Supporting Doc- Preview/Save n Continue in SIP Employee Listing Page' is clicked on

2018-11-16 11:08:19 - [TEST_STEP][PASSED] - delay: Delayed 6 second(s)

2018-11-16 11:08:25 - [MESSAGE][PASSED] - Delayed 6 second(s)

2018-11-16 11:08:25 - [TEST_STEP][PASSED] - click: Object: 'Object Repository/Final Object Repo/New Registration - Registration Module Pages/Third Screen - Upload Supporting Doc- Preview/Add Document Button' is clicked on

2018-11-16 11:08:26 - [MESSAGE][PASSED] - Object: 'Object Repository/Final Object Repo/New Registration - Registration Module Pages/Third Screen - Upload Supporting Doc- Preview/Add Document Button' is clicked on

2018-11-16 11:08:26 - [TEST_STEP][PASSED] - delay: Delayed 30 second(s)

2018-11-16 11:08:56 - [MESSAGE][PASSED] - Delayed 30 second(s)

2018-11-16 11:08:56 - [TEST_STEP][PASSED] - click: Object: 'Object Repository/Final Object Repo/New Registration - Registration Module Pages/Third Screen - Upload Supporting Doc- Preview/Supporting Doc Please Select Drop Down' is clicked on

2018-11-16 11:08:56 - [MESSAGE][PASSED] - Object: 'Object Repository/Final Object Repo/New Registration - Registration Module Pages/Third Screen - Upload Supporting Doc- Preview/Supporting Doc Please Select Drop Down' is clicked on

2018-11-16 11:08:56 - [TEST_STEP][PASSED] - delay: Delayed 2 second(s)

2018-11-16 11:08:58 - [MESSAGE][PASSED] - Delayed 2 second(s)

2018-11-16 11:08:58 - [TEST_STEP][PASSED] - click: Object: 'Object Repository/Final Object Repo/New Registration - Registration Module Pages/Third Screen - Upload Supporting Doc- Preview/Select to Upload Form 1' is clicked on

2018-11-16 11:08:59 - [MESSAGE][PASSED] - Object: 'Object Repository/Final Object Repo/New Registration - Registration Module Pages/Third Screen - Upload Supporting Doc- Preview/Select to Upload Form 1' is clicked on

2018-11-16 11:08:59 - [TEST_STEP][PASSED] - delay: Delayed 2 second(s)

2018-11-16 11:09:01 - [MESSAGE][PASSED] - Delayed 2 second(s)

2018-11-16 11:09:01 - [TEST_STEP][PASSED] - uploadFile: File 'C:\Users\Public\Pictures\Sample Pictures\Act.jpg' sent to object: 'Object Repository/Final Object Repo/New Registration - Registration Module Pages/Third Screen - Upload Supporting Doc- Preview/Upload File Adding'

2018-11-16 11:09:01 - [MESSAGE][PASSED] - File 'C:\Users\Public\Pictures\Sample Pictures\Act.jpg' sent to object: 'Object Repository/Final Object Repo/New Registration - Registration Module Pages/Third Screen - Upload Supporting Doc- Preview/Upload File Adding'

2018-11-16 11:09:01 - [TEST_STEP][PASSED] - delay: Delayed 5 second(s)

2018-11-16 11:09:06 - [MESSAGE][PASSED] - Delayed 5 second(s)

2018-11-16 11:09:06 - [TEST_STEP][PASSED] - click: Object: 'Object Repository/Final Object Repo/New Registration - Registration Module Pages/Third Screen - Upload Supporting Doc- Preview/Inner Form Add Document Button' is clicked on

2018-11-16 11:09:11 - [MESSAGE][PASSED] - Object: 'Object Repository/Final Object Repo/New Registration - Registration Module Pages/Third Screen - Upload Supporting Doc- Preview/Inner Form Add Document Button' is clicked on

2018-11-16 11:09:11 - [TEST_STEP][PASSED] - delay: Delayed 3 second(s)

2018-11-16 11:09:14 - [MESSAGE][PASSED] - Delayed 3 second(s)

2018-11-16 11:09:14 - [TEST_STEP][PASSED] - click: Object: 'Object Repository/Final Object Repo/New Registration - Registration Module Pages/Third Screen - Upload Supporting Doc- Preview/Add Document Button' is clicked on

2018-11-16 11:09:14 - [MESSAGE][PASSED] - Object: 'Object Repository/Final Object Repo/New Registration - Registration Module Pages/Third Screen - Upload Supporting Doc- Preview/Add Document Button' is clicked on

2018-11-16 11:09:14 - [TEST_STEP][PASSED] - delay: Delayed 30 second(s)

2018-11-16 11:09:44 - [MESSAGE][PASSED] - Delayed 30 second(s)

2018-11-16 11:09:44 - [TEST_STEP][PASSED] - click: Object: 'Object Repository/Final Object Repo/New Registration - Registration Module Pages/Third Screen - Upload Supporting Doc- Preview/Supporting Doc Please Select Drop Down' is clicked on

2018-11-16 11:09:45 - [MESSAGE][PASSED] - Object: 'Object Repository/Final Object Repo/New Registration - Registration Module Pages/Third Screen - Upload Supporting Doc- Preview/Supporting Doc Please Select Drop Down' is clicked on

2018-11-16 11:09:45 - [TEST_STEP][PASSED] - delay: Delayed 2 second(s)

2018-11-16 11:09:47 - [MESSAGE][PASSED] - Delayed 2 second(s)

2018-11-16 11:09:47 - [TEST_STEP][PASSED] - click: Object: 'Object Repository/Final Object Repo/New Registration - Registration Module Pages/Third Screen - Upload Supporting Doc- Preview/Select to Upload Form 2' is clicked on

2018-11-16 11:09:48 - [MESSAGE][PASSED] - Object: 'Object Repository/Final Object Repo/New Registration - Registration Module Pages/Third Screen - Upload Supporting Doc- Preview/Select to Upload Form 2' is clicked on

2018-11-16 11:09:48 - [TEST_STEP][PASSED] - delay: Delayed 2 second(s)

2018-11-16 11:09:50 - [MESSAGE][PASSED] - Delayed 2 second(s)

2018-11-16 11:09:50 - [TEST_STEP][PASSED] - uploadFile: File 'C:\Users\Public\Pictures\Sample Pictures\Act.jpg' sent to object: 'Object Repository/Final Object Repo/New Registration - Registration Module Pages/Third Screen - Upload Supporting Doc- Preview/Upload File Adding'

2018-11-16 11:09:50 - [MESSAGE][PASSED] - File 'C:\Users\Public\Pictures\Sample Pictures\Act.jpg' sent to object: 'Object Repository/Final Object Repo/New Registration - Registration Module Pages/Third Screen - Upload Supporting Doc- Preview/Upload File Adding'

2018-11-16 11:09:50 - [TEST_STEP][PASSED] - click: Object: 'Object Repository/Final Object Repo/New Registration - Registration Module Pages/Third Screen - Upload Supporting Doc- Preview/Inner Form Add Document Button' is clicked on

2018-11-16 11:09:56 - [MESSAGE][PASSED] - Object: 'Object Repository/Final Object Repo/New Registration - Registration Module Pages/Third Screen - Upload Supporting Doc- Preview/Inner Form Add Document Button' is clicked on

2018-11-16 11:09:56 - [TEST_STEP][PASSED] - delay: Delayed 4 second(s)

2018-11-16 11:10:00 - [MESSAGE][PASSED] - Delayed 4 second(s)

2018-11-16 11:10:00 - [TEST_STEP][PASSED] - click: Object: 'Object Repository/Final Object Repo/New Registration - Registration Module Pages/Third Screen - Upload Supporting Doc- Preview/Add Document Button' is clicked on

2018-11-16 11:10:00 - [MESSAGE][PASSED] - Object: 'Object Repository/Final Object Repo/New Registration - Registration Module Pages/Third Screen - Upload Supporting Doc- Preview/Add Document Button' is clicked on

2018-11-16 11:10:00 - [TEST_STEP][PASSED] - delay: Delayed 30 second(s)

2018-11-16 11:10:30 - [MESSAGE][PASSED] - Delayed 30 second(s)

2018-11-16 11:10:30 - [TEST_STEP][PASSED] - click: Object: 'Object Repository/Final Object Repo/New Registration - Registration Module Pages/Third Screen - Upload Supporting Doc- Preview/Supporting Doc Please Select Drop Down' is clicked on

2018-11-16 11:10:30 - [MESSAGE][PASSED] - Object: 'Object Repository/Final Object Repo/New Registration - Registration Module Pages/Third Screen - Upload Supporting Doc- Preview/Supporting Doc Please Select Drop Down' is clicked on

2018-11-16 11:10:30 - [TEST_STEP][PASSED] - click: Object: 'Object Repository/Final Object Repo/New Registration - Registration Module Pages/Third Screen - Upload Supporting Doc- Preview/Select to Upload Borang SIP 1' is clicked on

2018-11-16 11:10:31 - [MESSAGE][PASSED] - Object: 'Object Repository/Final Object Repo/New Registration - Registration Module Pages/Third Screen - Upload Supporting Doc- Preview/Select to Upload Borang SIP 1' is clicked on

2018-11-16 11:10:31 - [TEST_STEP][PASSED] - delay: Delayed 2 second(s)

2018-11-16 11:10:33 - [MESSAGE][PASSED] - Delayed 2 second(s)

2018-11-16 11:10:33 - [TEST_STEP][PASSED] - uploadFile: File 'C:\Users\Public\Pictures\Sample Pictures\Act.jpg' sent to object: 'Object Repository/Final Object Repo/New Registration - Registration Module Pages/Third Screen - Upload Supporting Doc- Preview/Upload File Adding'

2018-11-16 11:10:33 - [MESSAGE][PASSED] - File 'C:\Users\Public\Pictures\Sample Pictures\Act.jpg' sent to object: 'Object Repository/Final Object Repo/New Registration - Registration Module Pages/Third Screen - Upload Supporting Doc- Preview/Upload File Adding'

2018-11-16 11:10:33 - [TEST_STEP][PASSED] - click: Object: 'Object Repository/Final Object Repo/New Registration - Registration Module Pages/Third Screen - Upload Supporting Doc- Preview/Inner Form Add Document Button' is clicked on

2018-11-16 11:10:39 - [MESSAGE][PASSED] - Object: 'Object Repository/Final Object Repo/New Registration - Registration Module Pages/Third Screen - Upload Supporting Doc- Preview/Inner Form Add Document Button' is clicked on

2018-11-16 11:10:39 - [TEST_STEP][PASSED] - delay: Delayed 5 second(s)

2018-11-16 11:10:44 - [MESSAGE][PASSED] - Delayed 5 second(s)

2018-11-16 11:10:44 - [TEST_STEP][PASSED] - click: Object: 'Object Repository/Final Object Repo/New Registration - Registration Module Pages/Third Screen - Upload Supporting Doc- Preview/Add Document Button' is clicked on

2018-11-16 11:10:44 - [MESSAGE][PASSED] - Object: 'Object Repository/Final Object Repo/New Registration - Registration Module Pages/Third Screen - Upload Supporting Doc- Preview/Add Document Button' is clicked on

2018-11-16 11:10:44 - [TEST_STEP][PASSED] - delay: Delayed 30 second(s)

2018-11-16 11:11:14 - [MESSAGE][PASSED] - Delayed 30 second(s)

2018-11-16 11:11:14 - [TEST_STEP][PASSED] - click: Object: 'Object Repository/Final Object Repo/New Registration - Registration Module Pages/Third Screen - Upload Supporting Doc- Preview/Supporting Doc Please Select Drop Down' is clicked on

2018-11-16 11:11:14 - [MESSAGE][PASSED] - Object: 'Object Repository/Final Object Repo/New Registration - Registration Module Pages/Third Screen - Upload Supporting Doc- Preview/Supporting Doc Please Select Drop Down' is clicked on

2018-11-16 11:11:14 - [TEST_STEP][PASSED] - delay: Delayed 3 second(s)

2018-11-16 11:11:17 - [MESSAGE][PASSED] - Delayed 3 second(s)

2018-11-16 11:11:17 - [TEST_STEP][PASSED] - click: Object: 'Object Repository/Final Object Repo/New Registration - Registration Module Pages/Third Screen - Upload Supporting Doc- Preview/Select to Upload Borang SIP 2' is clicked on

2018-11-16 11:11:18 - [MESSAGE][PASSED] - Object: 'Object Repository/Final Object Repo/New Registration - Registration Module Pages/Third Screen - Upload Supporting Doc- Preview/Select to Upload Borang SIP 2' is clicked on

2018-11-16 11:11:18 - [TEST_STEP][PASSED] - delay: Delayed 2 second(s)

2018-11-16 11:11:20 - [MESSAGE][PASSED] - Delayed 2 second(s)

2018-11-16 11:11:20 - [TEST_STEP][PASSED] - uploadFile: File 'C:\Users\Public\Pictures\Sample Pictures\Act.jpg' sent to object: 'Object Repository/Final Object Repo/New Registration - Registration Module Pages/Third Screen - Upload Supporting Doc- Preview/Upload File Adding'

2018-11-16 11:11:20 - [MESSAGE][PASSED] - File 'C:\Users\Public\Pictures\Sample Pictures\Act.jpg' sent to object: 'Object Repository/Final Object Repo/New Registration - Registration Module Pages/Third Screen - Upload Supporting Doc- Preview/Upload File Adding'

2018-11-16 11:11:20 - [TEST_STEP][PASSED] - delay: Delayed 5 second(s)

2018-11-16 11:11:25 - [MESSAGE][PASSED] - Delayed 5 second(s)

2018-11-16 11:11:25 - [TEST_STEP][PASSED] - click: Object: 'Object Repository/Final Object Repo/New Registration - Registration Module Pages/Third Screen - Upload Supporting Doc- Preview/Inner Form Add Document Button' is clicked on

2018-11-16 11:11:30 - [MESSAGE][PASSED] - Object: 'Object Repository/Final Object Repo/New Registration - Registration Module Pages/Third Screen - Upload Supporting Doc- Preview/Inner Form Add Document Button' is clicked on

2018-11-16 11:11:30 - [TEST_STEP][PASSED] - delay: Delayed 3 second(s)

2018-11-16 11:11:33 - [MESSAGE][PASSED] - Delayed 3 second(s)

2018-11-16 11:11:33 - [TEST_STEP][PASSED] - waitForElementClickable: Object 'Object Repository/Final Object Repo/New Registration - Registration Module Pages/Third Screen - Upload Supporting Doc- Preview/Save n Continue in Uploading Supporting Doc Page' is clickable

2018-11-16 11:11:34 - [MESSAGE][PASSED] - Object 'Object Repository/Final Object Repo/New Registration - Registration Module Pages/Third Screen - Upload Supporting Doc- Preview/Save n Continue in Uploading Supporting Doc Page' is clickable

2018-11-16 11:11:34 - [TEST_STEP][PASSED] - click: Object: 'Object Repository/Final Object Repo/New Registration - Registration Module Pages/Third Screen - Upload Supporting Doc- Preview/Save n Continue in Uploading Supporting Doc Page' is clicked on

2018-11-16 11:11:39 - [MESSAGE][PASSED] - Object: 'Object Repository/Final Object Repo/New Registration - Registration Module Pages/Third Screen - Upload Supporting Doc- Preview/Save n Continue in Uploading Supporting Doc Page' is clicked on

2018-11-16 11:11:39 - [MESSAGE][PASSED] - Call Test Case 'Test Cases/Final Aug 2018 - PKS Automation/Registration Module/New Registration/Flow of New Registration/Third Screen - Upload Supporting Doc - Preview' successfully

2018-11-16 11:11:39 - [TEST_STEP][PASSED] - setText: Text 'Tester' is set on object 'Object Repository/Final Object Repo/New Registration - Registration Module Pages/New Reg - OTC to RO/Special Case - All Related Objects/Employer Preview Name'

2018-11-16 11:11:39 - [MESSAGE][PASSED] - Text 'Tester' is set on object 'Object Repository/Final Object Repo/New Registration - Registration Module Pages/New Reg - OTC to RO/Special Case - All Related Objects/Employer Preview Name'

2018-11-16 11:11:39 - [TEST_STEP][PASSED] - click: Object: 'Object Repository/Final Object Repo/New Registration - Registration Module Pages/New Reg - OTC to RO/Special Case - All Related Objects/IC Type Drop Down' is clicked on

2018-11-16 11:11:39 - [MESSAGE][PASSED] - Object: 'Object Repository/Final Object Repo/New Registration - Registration Module Pages/New Reg - OTC to RO/Special Case - All Related Objects/IC Type Drop Down' is clicked on

2018-11-16 11:11:39 - [TEST_STEP][PASSED] - click: Object: 'Object Repository/Final Object Repo/New Registration - Registration Module Pages/New Reg - OTC to RO/Special Case - All Related Objects/Select to NRIC' is clicked on

2018-11-16 11:11:40 - [MESSAGE][PASSED] - Object: 'Object Repository/Final Object Repo/New Registration - Registration Module Pages/New Reg - OTC to RO/Special Case - All Related Objects/Select to NRIC' is clicked on

2018-11-16 11:11:40 - [TEST_STEP][PASSED] - setText: Text '133245561223' is set on object 'Object Repository/Final Object Repo/New Registration - Registration Module Pages/New Reg - OTC to RO/Special Case - All Related Objects/IC Value'

2018-11-16 11:11:40 - [MESSAGE][PASSED] - Text '133245561223' is set on object 'Object Repository/Final Object Repo/New Registration - Registration Module Pages/New Reg - OTC to RO/Special Case - All Related Objects/IC Value'

2018-11-16 11:11:40 - [TEST_STEP][PASSED] - setText: Text 'Auto' is set on object 'Object Repository/Final Object Repo/New Registration - Registration Module Pages/New Reg - OTC to RO/Special Case - All Related Objects/Designation'

2018-11-16 11:11:40 - [MESSAGE][PASSED] - Text 'Auto' is set on object 'Object Repository/Final Object Repo/New Registration - Registration Module Pages/New Reg - OTC to RO/Special Case - All Related Objects/Designation'

2018-11-16 11:11:40 - [TEST_STEP][PASSED] - callTestCase: Call Test Case 'Test Cases/Final Aug 2018 - PKS Automation/Registration Module/New Registration/Submit and Screenshot/Submit Registration and Screenshot - Copy' successfully

2018-11-16 11:11:41 - [TEST_CASE][PASSED] - Test Cases/Final Aug 2018 - PKS Automation/Registration Module/New Registration/Submit and Screenshot/Submit Registration and Screenshot - Copy: Test Cases/Final Aug 2018 - PKS Automation/Registration Module/New Registration/Submit and Screenshot/Submit Registration and Screenshot - Copy

2018-11-16 11:11:41 - [TEST_STEP][PASSED] - delay: Delayed 6 second(s)

2018-11-16 11:11:47 - [MESSAGE][PASSED] - Delayed 6 second(s)

2018-11-16 11:11:47 - [TEST_STEP][PASSED] - click: Object: 'Object Repository/Final Object Repo/New Registration - Registration Module Pages/Third Screen - Upload Supporting Doc- Preview/Preview Submit Button' is clicked on

2018-11-16 11:11:47 - [MESSAGE][PASSED] - Object: 'Object Repository/Final Object Repo/New Registration - Registration Module Pages/Third Screen - Upload Supporting Doc- Preview/Preview Submit Button' is clicked on

2018-11-16 11:11:47 - [TEST_STEP][PASSED] - delay: Delayed 2 second(s)

2018-11-16 11:11:49 - [MESSAGE][PASSED] - Delayed 2 second(s)

2018-11-16 11:11:49 - [TEST_STEP][PASSED] - click: Object: 'Object Repository/Final Object Repo/New Registration - Registration Module Pages/Third Screen - Upload Supporting Doc- Preview/Preview Submit - Confirm' is clicked on

2018-11-16 11:11:54 - [MESSAGE][PASSED] - Object: 'Object Repository/Final Object Repo/New Registration - Registration Module Pages/Third Screen - Upload Supporting Doc- Preview/Preview Submit - Confirm' is clicked on

2018-11-16 11:11:54 - [TEST_STEP][PASSED] - delay: Delayed 15 second(s)

2018-11-16 11:12:09 - [MESSAGE][PASSED] - Delayed 15 second(s)

2018-11-16 11:12:09 - [TEST_STEP][PASSED] - Statement - driver = com.kms.katalon.core.webui.driver.DriverFactory.getWebDriver(): null

2018-11-16 11:12:09 - [TEST_STEP][PASSED] - Statement - driver.manage().timeouts().implicitlyWait(10, SECONDS): null

2018-11-16 11:12:09 - [TEST_STEP][PASSED] - Statement - PresavePath = KatalonScreenshots: null

2018-11-16 11:12:09 - [TEST_STEP][PASSED] - Statement - pathPrefix = "C:\Users\Public\Pictures\Sample Pictures\Katalon Screenshots\Automate Ending Screen": null

2018-11-16 11:12:09 - [TEST_STEP][PASSED] - Statement - finalPath = <not implemented yet for class: org.codehaus.groovy.ast.expr.EmptyExpression>: null

2018-11-16 11:12:09 - [TEST_STEP][PASSED] - Statement - scrFile = driver.getScreenshotAs(FILE): null

2018-11-16 11:12:09 - [TEST_STEP][PASSED] - Statement - PreSaveFile = new java.io.File(PresavePath): null

2018-11-16 11:12:09 - [TEST_STEP][PASSED] - Statement - counter = 0: null

2018-11-16 11:12:09 - [TEST_STEP][PASSED] - Statement - If (PreSaveFile.exists()): null

2018-11-16 11:12:09 - [TEST_STEP][PASSED] - Statement - While (PreSaveFile.exists()): null

2018-11-16 11:12:09 - [TEST_STEP][PASSED] - Statement - counter = counter + 1: null

2018-11-16 11:12:09 - [TEST_STEP][PASSED] - Statement - PreSaveFile = new java.io.File(((pathPrefix + java.lang.Integer.toString(counter)) + .png)): null

2018-11-16 11:12:09 - [TEST_STEP][PASSED] - Statement - counter = counter + 1: null

2018-11-16 11:12:09 - [TEST_STEP][PASSED] - Statement - PreSaveFile = new java.io.File(((pathPrefix + java.lang.Integer.toString(counter)) + .png)): null

2018-11-16 11:12:09 - [TEST_STEP][PASSED] - Statement - counter = counter + 1: null

2018-11-16 11:12:09 - [TEST_STEP][PASSED] - Statement - PreSaveFile = new java.io.File(((pathPrefix + java.lang.Integer.toString(counter)) + .png)): null

2018-11-16 11:12:09 - [TEST_STEP][PASSED] - Statement - counter = counter + 1: null

2018-11-16 11:12:09 - [TEST_STEP][PASSED] - Statement - PreSaveFile = new java.io.File(((pathPrefix + java.lang.Integer.toString(counter)) + .png)): null

2018-11-16 11:12:09 - [TEST_STEP][PASSED] - Statement - counter = counter + 1: null

2018-11-16 11:12:09 - [TEST_STEP][PASSED] - Statement - PreSaveFile = new java.io.File(((pathPrefix + java.lang.Integer.toString(counter)) + .png)): null

2018-11-16 11:12:09 - [TEST_STEP][PASSED] - Statement - counter = counter + 1: null

2018-11-16 11:12:09 - [TEST_STEP][PASSED] - Statement - PreSaveFile = new java.io.File(((pathPrefix + java.lang.Integer.toString(counter)) + .png)): null

2018-11-16 11:12:09 - [TEST_STEP][PASSED] - Statement - counter = counter + 1: null

2018-11-16 11:12:09 - [TEST_STEP][PASSED] - Statement - PreSaveFile = new java.io.File(((pathPrefix + java.lang.Integer.toString(counter)) + .png)): null

2018-11-16 11:12:09 - [TEST_STEP][PASSED] - Statement - counter = counter + 1: null

2018-11-16 11:12:09 - [TEST_STEP][PASSED] - Statement - PreSaveFile = new java.io.File(((pathPrefix + java.lang.Integer.toString(counter)) + .png)): null

2018-11-16 11:12:09 - [TEST_STEP][PASSED] - Statement - counter = counter + 1: null

2018-11-16 11:12:09 - [TEST_STEP][PASSED] - Statement - PreSaveFile = new java.io.File(((pathPrefix + java.lang.Integer.toString(counter)) + .png)): null

2018-11-16 11:12:09 - [TEST_STEP][PASSED] - Statement - counter = counter + 1: null

2018-11-16 11:12:09 - [TEST_STEP][PASSED] - Statement - PreSaveFile = new java.io.File(((pathPrefix + java.lang.Integer.toString(counter)) + .png)): null

2018-11-16 11:12:09 - [TEST_STEP][PASSED] - Statement - counter = counter + 1: null

2018-11-16 11:12:09 - [TEST_STEP][PASSED] - Statement - PreSaveFile = new java.io.File(((pathPrefix + java.lang.Integer.toString(counter)) + .png)): null

2018-11-16 11:12:09 - [TEST_STEP][PASSED] - Statement - counter = counter + 1: null

2018-11-16 11:12:09 - [TEST_STEP][PASSED] - Statement - PreSaveFile = new java.io.File(((pathPrefix + java.lang.Integer.toString(counter)) + .png)): null

2018-11-16 11:12:09 - [TEST_STEP][PASSED] - Statement - counter = counter + 1: null

2018-11-16 11:12:09 - [TEST_STEP][PASSED] - Statement - PreSaveFile = new java.io.File(((pathPrefix + java.lang.Integer.toString(counter)) + .png)): null

2018-11-16 11:12:09 - [TEST_STEP][PASSED] - Statement - counter = counter + 1: null

2018-11-16 11:12:09 - [TEST_STEP][PASSED] - Statement - PreSaveFile = new java.io.File(((pathPrefix + java.lang.Integer.toString(counter)) + .png)): null

2018-11-16 11:12:09 - [TEST_STEP][PASSED] - Statement - counter = counter + 1: null

2018-11-16 11:12:09 - [TEST_STEP][PASSED] - Statement - PreSaveFile = new java.io.File(((pathPrefix + java.lang.Integer.toString(counter)) + .png)): null

2018-11-16 11:12:09 - [TEST_STEP][PASSED] - Statement - counter = counter + 1: null

2018-11-16 11:12:10 - [TEST_STEP][PASSED] - Statement - PreSaveFile = new java.io.File(((pathPrefix + java.lang.Integer.toString(counter)) + .png)): null

2018-11-16 11:12:10 - [TEST_STEP][PASSED] - Statement - counter = counter + 1: null

2018-11-16 11:12:10 - [TEST_STEP][PASSED] - Statement - PreSaveFile = new java.io.File(((pathPrefix + java.lang.Integer.toString(counter)) + .png)): null

2018-11-16 11:12:10 - [TEST_STEP][PASSED] - Statement - counter = counter + 1: null

2018-11-16 11:12:10 - [TEST_STEP][PASSED] - Statement - PreSaveFile = new java.io.File(((pathPrefix + java.lang.Integer.toString(counter)) + .png)): null

2018-11-16 11:12:10 - [TEST_STEP][PASSED] - Statement - counter = counter + 1: null

2018-11-16 11:12:10 - [TEST_STEP][PASSED] - Statement - PreSaveFile = new java.io.File(((pathPrefix + java.lang.Integer.toString(counter)) + .png)): null

2018-11-16 11:12:10 - [TEST_STEP][PASSED] - Statement - counter = counter + 1: null

2018-11-16 11:12:10 - [TEST_STEP][PASSED] - Statement - PreSaveFile = new java.io.File(((pathPrefix + java.lang.Integer.toString(counter)) + .png)): null

2018-11-16 11:12:10 - [TEST_STEP][PASSED] - Statement - counter = counter + 1: null

2018-11-16 11:12:10 - [TEST_STEP][PASSED] - Statement - PreSaveFile = new java.io.File(((pathPrefix + java.lang.Integer.toString(counter)) + .png)): null

2018-11-16 11:12:10 - [TEST_STEP][PASSED] - Statement - counter = counter + 1: null

2018-11-16 11:12:10 - [TEST_STEP][PASSED] - Statement - PreSaveFile = new java.io.File(((pathPrefix + java.lang.Integer.toString(counter)) + .png)): null

2018-11-16 11:12:10 - [TEST_STEP][PASSED] - Statement - counter = counter + 1: null

2018-11-16 11:12:10 - [TEST_STEP][PASSED] - Statement - PreSaveFile = new java.io.File(((pathPrefix + java.lang.Integer.toString(counter)) + .png)): null

2018-11-16 11:12:10 - [TEST_STEP][PASSED] - Statement - counter = counter + 1: null

2018-11-16 11:12:10 - [TEST_STEP][PASSED] - Statement - PreSaveFile = new java.io.File(((pathPrefix + java.lang.Integer.toString(counter)) + .png)): null

2018-11-16 11:12:10 - [TEST_STEP][PASSED] - Statement - counter = counter + 1: null

2018-11-16 11:12:10 - [TEST_STEP][PASSED] - Statement - PreSaveFile = new java.io.File(((pathPrefix + java.lang.Integer.toString(counter)) + .png)): null

2018-11-16 11:12:10 - [TEST_STEP][PASSED] - Statement - counter = counter + 1: null

2018-11-16 11:12:10 - [TEST_STEP][PASSED] - Statement - PreSaveFile = new java.io.File(((pathPrefix + java.lang.Integer.toString(counter)) + .png)): null

2018-11-16 11:12:10 - [TEST_STEP][PASSED] - Statement - counter = counter + 1: null

2018-11-16 11:12:10 - [TEST_STEP][PASSED] - Statement - PreSaveFile = new java.io.File(((pathPrefix + java.lang.Integer.toString(counter)) + .png)): null

2018-11-16 11:12:10 - [TEST_STEP][PASSED] - Statement - counter = counter + 1: null

2018-11-16 11:12:10 - [TEST_STEP][PASSED] - Statement - PreSaveFile = new java.io.File(((pathPrefix + java.lang.Integer.toString(counter)) + .png)): null

2018-11-16 11:12:10 - [TEST_STEP][PASSED] - Statement - counter = counter + 1: null

2018-11-16 11:12:10 - [TEST_STEP][PASSED] - Statement - PreSaveFile = new java.io.File(((pathPrefix + java.lang.Integer.toString(counter)) + .png)): null

2018-11-16 11:12:10 - [TEST_STEP][PASSED] - Statement - counter = counter + 1: null

2018-11-16 11:12:10 - [TEST_STEP][PASSED] - Statement - PreSaveFile = new java.io.File(((pathPrefix + java.lang.Integer.toString(counter)) + .png)): null

2018-11-16 11:12:10 - [TEST_STEP][PASSED] - Statement - counter = counter + 1: null

2018-11-16 11:12:11 - [TEST_STEP][PASSED] - Statement - PreSaveFile = new java.io.File(((pathPrefix + java.lang.Integer.toString(counter)) + .png)): null

2018-11-16 11:12:11 - [TEST_STEP][PASSED] - Statement - counter = counter + 1: null

2018-11-16 11:12:11 - [TEST_STEP][PASSED] - Statement - PreSaveFile = new java.io.File(((pathPrefix + java.lang.Integer.toString(counter)) + .png)): null

2018-11-16 11:12:11 - [TEST_STEP][PASSED] - Statement - counter = counter + 1: null

2018-11-16 11:12:11 - [TEST_STEP][PASSED] - Statement - PreSaveFile = new java.io.File(((pathPrefix + java.lang.Integer.toString(counter)) + .png)): null

2018-11-16 11:12:11 - [TEST_STEP][PASSED] - Statement - counter = counter + 1: null

2018-11-16 11:12:11 - [TEST_STEP][PASSED] - Statement - PreSaveFile = new java.io.File(((pathPrefix + java.lang.Integer.toString(counter)) + .png)): null

2018-11-16 11:12:11 - [TEST_STEP][PASSED] - Statement - counter = counter + 1: null

2018-11-16 11:12:11 - [TEST_STEP][PASSED] - Statement - PreSaveFile = new java.io.File(((pathPrefix + java.lang.Integer.toString(counter)) + .png)): null

2018-11-16 11:12:11 - [TEST_STEP][PASSED] - Statement - counter = counter + 1: null

2018-11-16 11:12:11 - [TEST_STEP][PASSED] - Statement - PreSaveFile = new java.io.File(((pathPrefix + java.lang.Integer.toString(counter)) + .png)): null

2018-11-16 11:12:11 - [TEST_STEP][PASSED] - Statement - counter = counter + 1: null

2018-11-16 11:12:11 - [TEST_STEP][PASSED] - Statement - PreSaveFile = new java.io.File(((pathPrefix + java.lang.Integer.toString(counter)) + .png)): null

2018-11-16 11:12:11 - [TEST_STEP][PASSED] - Statement - counter = counter + 1: null

2018-11-16 11:12:11 - [TEST_STEP][PASSED] - Statement - PreSaveFile = new java.io.File(((pathPrefix + java.lang.Integer.toString(counter)) + .png)): null

2018-11-16 11:12:11 - [TEST_STEP][PASSED] - Statement - counter = counter + 1: null

2018-11-16 11:12:11 - [TEST_STEP][PASSED] - Statement - PreSaveFile = new java.io.File(((pathPrefix + java.lang.Integer.toString(counter)) + .png)): null

2018-11-16 11:12:11 - [TEST_STEP][PASSED] - Statement - counter = counter + 1: null

2018-11-16 11:12:11 - [TEST_STEP][PASSED] - Statement - PreSaveFile = new java.io.File(((pathPrefix + java.lang.Integer.toString(counter)) + .png)): null

2018-11-16 11:12:11 - [TEST_STEP][PASSED] - Statement - counter = counter + 1: null

2018-11-16 11:12:11 - [TEST_STEP][PASSED] - Statement - PreSaveFile = new java.io.File(((pathPrefix + java.lang.Integer.toString(counter)) + .png)): null

2018-11-16 11:12:11 - [TEST_STEP][PASSED] - Statement - counter = counter + 1: null

2018-11-16 11:12:11 - [TEST_STEP][PASSED] - Statement - PreSaveFile = new java.io.File(((pathPrefix + java.lang.Integer.toString(counter)) + .png)): null

2018-11-16 11:12:11 - [TEST_STEP][PASSED] - Statement - counter = counter + 1: null

2018-11-16 11:12:11 - [TEST_STEP][PASSED] - Statement - PreSaveFile = new java.io.File(((pathPrefix + java.lang.Integer.toString(counter)) + .png)): null

2018-11-16 11:12:11 - [TEST_STEP][PASSED] - Statement - counter = counter + 1: null

2018-11-16 11:12:11 - [TEST_STEP][PASSED] - Statement - PreSaveFile = new java.io.File(((pathPrefix + java.lang.Integer.toString(counter)) + .png)): null

2018-11-16 11:12:11 - [TEST_STEP][PASSED] - Statement - counter = counter + 1: null

2018-11-16 11:12:11 - [TEST_STEP][PASSED] - Statement - PreSaveFile = new java.io.File(((pathPrefix + java.lang.Integer.toString(counter)) + .png)): null

2018-11-16 11:12:11 - [TEST_STEP][PASSED] - Statement - counter = counter + 1: null

2018-11-16 11:12:11 - [TEST_STEP][PASSED] - Statement - PreSaveFile = new java.io.File(((pathPrefix + java.lang.Integer.toString(counter)) + .png)): null

2018-11-16 11:12:11 - [TEST_STEP][PASSED] - Statement - counter = counter + 1: null

2018-11-16 11:12:11 - [TEST_STEP][PASSED] - Statement - PreSaveFile = new java.io.File(((pathPrefix + java.lang.Integer.toString(counter)) + .png)): null

2018-11-16 11:12:11 - [TEST_STEP][PASSED] - Statement - counter = counter + 1: null

2018-11-16 11:12:12 - [TEST_STEP][PASSED] - Statement - PreSaveFile = new java.io.File(((pathPrefix + java.lang.Integer.toString(counter)) + .png)): null

2018-11-16 11:12:12 - [TEST_STEP][PASSED] - Statement - counter = counter + 1: null

2018-11-16 11:12:12 - [TEST_STEP][PASSED] - Statement - PreSaveFile = new java.io.File(((pathPrefix + java.lang.Integer.toString(counter)) + .png)): null

2018-11-16 11:12:12 - [TEST_STEP][PASSED] - Statement - counter = counter + 1: null

2018-11-16 11:12:12 - [TEST_STEP][PASSED] - Statement - PreSaveFile = new java.io.File(((pathPrefix + java.lang.Integer.toString(counter)) + .png)): null

2018-11-16 11:12:12 - [TEST_STEP][PASSED] - Statement - counter = counter + 1: null

2018-11-16 11:12:12 - [TEST_STEP][PASSED] - Statement - PreSaveFile = new java.io.File(((pathPrefix + java.lang.Integer.toString(counter)) + .png)): null

2018-11-16 11:12:12 - [TEST_STEP][PASSED] - Statement - counter = counter + 1: null

2018-11-16 11:12:12 - [TEST_STEP][PASSED] - Statement - PreSaveFile = new java.io.File(((pathPrefix + java.lang.Integer.toString(counter)) + .png)): null

2018-11-16 11:12:12 - [TEST_STEP][PASSED] - Statement - counter = counter + 1: null

2018-11-16 11:12:12 - [TEST_STEP][PASSED] - Statement - PreSaveFile = new java.io.File(((pathPrefix + java.lang.Integer.toString(counter)) + .png)): null

2018-11-16 11:12:12 - [TEST_STEP][PASSED] - Statement - counter = counter + 1: null

2018-11-16 11:12:12 - [TEST_STEP][PASSED] - Statement - PreSaveFile = new java.io.File(((pathPrefix + java.lang.Integer.toString(counter)) + .png)): null

2018-11-16 11:12:12 - [TEST_STEP][PASSED] - Statement - counter = counter + 1: null

2018-11-16 11:12:12 - [TEST_STEP][PASSED] - Statement - PreSaveFile = new java.io.File(((pathPrefix + java.lang.Integer.toString(counter)) + .png)): null

2018-11-16 11:12:12 - [TEST_STEP][PASSED] - Statement - counter = counter + 1: null

2018-11-16 11:12:12 - [TEST_STEP][PASSED] - Statement - PreSaveFile = new java.io.File(((pathPrefix + java.lang.Integer.toString(counter)) + .png)): null

2018-11-16 11:12:12 - [TEST_STEP][PASSED] - Statement - counter = counter + 1: null

2018-11-16 11:12:12 - [TEST_STEP][PASSED] - Statement - PreSaveFile = new java.io.File(((pathPrefix + java.lang.Integer.toString(counter)) + .png)): null

2018-11-16 11:12:12 - [TEST_STEP][PASSED] - Statement - counter = counter + 1: null

2018-11-16 11:12:12 - [TEST_STEP][PASSED] - Statement - PreSaveFile = new java.io.File(((pathPrefix + java.lang.Integer.toString(counter)) + .png)): null

2018-11-16 11:12:12 - [TEST_STEP][PASSED] - Statement - counter = counter + 1: null

2018-11-16 11:12:13 - [TEST_STEP][PASSED] - Statement - PreSaveFile = new java.io.File(((pathPrefix + java.lang.Integer.toString(counter)) + .png)): null

2018-11-16 11:12:13 - [TEST_STEP][PASSED] - Statement - counter = counter + 1: null

2018-11-16 11:12:13 - [TEST_STEP][PASSED] - Statement - PreSaveFile = new java.io.File(((pathPrefix + java.lang.Integer.toString(counter)) + .png)): null

2018-11-16 11:12:13 - [TEST_STEP][PASSED] - Statement - counter = counter + 1: null

2018-11-16 11:12:13 - [TEST_STEP][PASSED] - Statement - PreSaveFile = new java.io.File(((pathPrefix + java.lang.Integer.toString(counter)) + .png)): null

2018-11-16 11:12:13 - [TEST_STEP][PASSED] - Statement - counter = counter + 1: null

2018-11-16 11:12:13 - [TEST_STEP][PASSED] - Statement - PreSaveFile = new java.io.File(((pathPrefix + java.lang.Integer.toString(counter)) + .png)): null

2018-11-16 11:12:13 - [TEST_STEP][PASSED] - Statement - counter = counter + 1: null

2018-11-16 11:12:13 - [TEST_STEP][PASSED] - Statement - PreSaveFile = new java.io.File(((pathPrefix + java.lang.Integer.toString(counter)) + .png)): null

2018-11-16 11:12:13 - [TEST_STEP][PASSED] - Statement - counter = counter + 1: null

2018-11-16 11:12:13 - [TEST_STEP][PASSED] - Statement - PreSaveFile = new java.io.File(((pathPrefix + java.lang.Integer.toString(counter)) + .png)): null

2018-11-16 11:12:13 - [TEST_STEP][PASSED] - Statement - counter = counter + 1: null

2018-11-16 11:12:13 - [TEST_STEP][PASSED] - Statement - PreSaveFile = new java.io.File(((pathPrefix + java.lang.Integer.toString(counter)) + .png)): null

2018-11-16 11:12:13 - [TEST_STEP][PASSED] - Statement - counter = counter + 1: null

2018-11-16 11:12:13 - [TEST_STEP][PASSED] - Statement - PreSaveFile = new java.io.File(((pathPrefix + java.lang.Integer.toString(counter)) + .png)): null

2018-11-16 11:12:13 - [TEST_STEP][PASSED] - Statement - counter = counter + 1: null

2018-11-16 11:12:13 - [TEST_STEP][PASSED] - Statement - PreSaveFile = new java.io.File(((pathPrefix + java.lang.Integer.toString(counter)) + .png)): null

2018-11-16 11:12:13 - [TEST_STEP][PASSED] - Statement - counter = counter + 1: null

2018-11-16 11:12:13 - [TEST_STEP][PASSED] - Statement - PreSaveFile = new java.io.File(((pathPrefix + java.lang.Integer.toString(counter)) + .png)): null

2018-11-16 11:12:13 - [TEST_STEP][PASSED] - Statement - counter = counter + 1: null

2018-11-16 11:12:13 - [TEST_STEP][PASSED] - Statement - PreSaveFile = new java.io.File(((pathPrefix + java.lang.Integer.toString(counter)) + .png)): null

2018-11-16 11:12:14 - [TEST_STEP][PASSED] - Statement - counter = counter + 1: null

2018-11-16 11:12:14 - [TEST_STEP][PASSED] - Statement - PreSaveFile = new java.io.File(((pathPrefix + java.lang.Integer.toString(counter)) + .png)): null

2018-11-16 11:12:14 - [TEST_STEP][PASSED] - Statement - counter = counter + 1: null

2018-11-16 11:12:14 - [TEST_STEP][PASSED] - Statement - PreSaveFile = new java.io.File(((pathPrefix + java.lang.Integer.toString(counter)) + .png)): null

2018-11-16 11:12:14 - [TEST_STEP][PASSED] - Statement - counter = counter + 1: null

2018-11-16 11:12:14 - [TEST_STEP][PASSED] - Statement - PreSaveFile = new java.io.File(((pathPrefix + java.lang.Integer.toString(counter)) + .png)): null

2018-11-16 11:12:14 - [TEST_STEP][PASSED] - Statement - counter = counter + 1: null

2018-11-16 11:12:14 - [TEST_STEP][PASSED] - Statement - PreSaveFile = new java.io.File(((pathPrefix + java.lang.Integer.toString(counter)) + .png)): null

2018-11-16 11:12:14 - [TEST_STEP][PASSED] - Statement - counter = counter + 1: null

2018-11-16 11:12:14 - [TEST_STEP][PASSED] - Statement - PreSaveFile = new java.io.File(((pathPrefix + java.lang.Integer.toString(counter)) + .png)): null

2018-11-16 11:12:14 - [TEST_STEP][PASSED] - Statement - counter = counter + 1: null

2018-11-16 11:12:14 - [TEST_STEP][PASSED] - Statement - PreSaveFile = new java.io.File(((pathPrefix + java.lang.Integer.toString(counter)) + .png)): null

2018-11-16 11:12:14 - [TEST_STEP][PASSED] - Statement - counter = counter + 1: null

2018-11-16 11:12:14 - [TEST_STEP][PASSED] - Statement - PreSaveFile = new java.io.File(((pathPrefix + java.lang.Integer.toString(counter)) + .png)): null

2018-11-16 11:12:14 - [TEST_STEP][PASSED] - Statement - counter = counter + 1: null

2018-11-16 11:12:14 - [TEST_STEP][PASSED] - Statement - PreSaveFile = new java.io.File(((pathPrefix + java.lang.Integer.toString(counter)) + .png)): null

2018-11-16 11:12:14 - [TEST_STEP][PASSED] - Statement - counter = counter + 1: null

2018-11-16 11:12:14 - [TEST_STEP][PASSED] - Statement - PreSaveFile = new java.io.File(((pathPrefix + java.lang.Integer.toString(counter)) + .png)): null

2018-11-16 11:12:14 - [TEST_STEP][PASSED] - Statement - counter = counter + 1: null

2018-11-16 11:12:14 - [TEST_STEP][PASSED] - Statement - PreSaveFile = new java.io.File(((pathPrefix + java.lang.Integer.toString(counter)) + .png)): null

2018-11-16 11:12:14 - [TEST_STEP][PASSED] - Statement - counter = counter + 1: null

2018-11-16 11:12:15 - [TEST_STEP][PASSED] - Statement - PreSaveFile = new java.io.File(((pathPrefix + java.lang.Integer.toString(counter)) + .png)): null

2018-11-16 11:12:15 - [TEST_STEP][PASSED] - Statement - counter = counter + 1: null

2018-11-16 11:12:15 - [TEST_STEP][PASSED] - Statement - PreSaveFile = new java.io.File(((pathPrefix + java.lang.Integer.toString(counter)) + .png)): null

2018-11-16 11:12:15 - [TEST_STEP][PASSED] - Statement - counter = counter + 1: null

2018-11-16 11:12:15 - [TEST_STEP][PASSED] - Statement - PreSaveFile = new java.io.File(((pathPrefix + java.lang.Integer.toString(counter)) + .png)): null

2018-11-16 11:12:15 - [TEST_STEP][PASSED] - Statement - counter = counter + 1: null

2018-11-16 11:12:15 - [TEST_STEP][PASSED] - Statement - PreSaveFile = new java.io.File(((pathPrefix + java.lang.Integer.toString(counter)) + .png)): null

2018-11-16 11:12:15 - [TEST_STEP][PASSED] - Statement - counter = counter + 1: null

2018-11-16 11:12:15 - [TEST_STEP][PASSED] - Statement - PreSaveFile = new java.io.File(((pathPrefix + java.lang.Integer.toString(counter)) + .png)): null

2018-11-16 11:12:15 - [TEST_STEP][PASSED] - Statement - counter = counter + 1: null

2018-11-16 11:12:15 - [TEST_STEP][PASSED] - Statement - PreSaveFile = new java.io.File(((pathPrefix + java.lang.Integer.toString(counter)) + .png)): null

2018-11-16 11:12:15 - [TEST_STEP][PASSED] - Statement - counter = counter + 1: null

2018-11-16 11:12:16 - [TEST_STEP][PASSED] - Statement - PreSaveFile = new java.io.File(((pathPrefix + java.lang.Integer.toString(counter)) + .png)): null

2018-11-16 11:12:16 - [TEST_STEP][PASSED] - Statement - counter = counter + 1: null

2018-11-16 11:12:16 - [TEST_STEP][PASSED] - Statement - PreSaveFile = new java.io.File(((pathPrefix + java.lang.Integer.toString(counter)) + .png)): null

2018-11-16 11:12:16 - [TEST_STEP][PASSED] - Statement - counter = counter + 1: null

2018-11-16 11:12:16 - [TEST_STEP][PASSED] - Statement - PreSaveFile = new java.io.File(((pathPrefix + java.lang.Integer.toString(counter)) + .png)): null

2018-11-16 11:12:16 - [TEST_STEP][PASSED] - Statement - counter = counter + 1: null

2018-11-16 11:12:16 - [TEST_STEP][PASSED] - Statement - PreSaveFile = new java.io.File(((pathPrefix + java.lang.Integer.toString(counter)) + .png)): null

2018-11-16 11:12:16 - [TEST_STEP][PASSED] - Statement - counter = counter + 1: null

2018-11-16 11:12:16 - [TEST_STEP][PASSED] - Statement - PreSaveFile = new java.io.File(((pathPrefix + java.lang.Integer.toString(counter)) + .png)): null

2018-11-16 11:12:16 - [TEST_STEP][PASSED] - Statement - counter = counter + 1: null

2018-11-16 11:12:16 - [TEST_STEP][PASSED] - Statement - PreSaveFile = new java.io.File(((pathPrefix + java.lang.Integer.toString(counter)) + .png)): null

2018-11-16 11:12:16 - [TEST_STEP][PASSED] - Statement - counter = counter + 1: null

2018-11-16 11:12:16 - [TEST_STEP][PASSED] - Statement - PreSaveFile = new java.io.File(((pathPrefix + java.lang.Integer.toString(counter)) + .png)): null

2018-11-16 11:12:16 - [TEST_STEP][PASSED] - Statement - counter = counter + 1: null

2018-11-16 11:12:16 - [TEST_STEP][PASSED] - Statement - PreSaveFile = new java.io.File(((pathPrefix + java.lang.Integer.toString(counter)) + .png)): null

2018-11-16 11:12:16 - [TEST_STEP][PASSED] - Statement - counter = counter + 1: null

2018-11-16 11:12:16 - [TEST_STEP][PASSED] - Statement - PreSaveFile = new java.io.File(((pathPrefix + java.lang.Integer.toString(counter)) + .png)): null

2018-11-16 11:12:16 - [TEST_STEP][PASSED] - Statement - counter = counter + 1: null

2018-11-16 11:12:16 - [TEST_STEP][PASSED] - Statement - PreSaveFile = new java.io.File(((pathPrefix + java.lang.Integer.toString(counter)) + .png)): null

2018-11-16 11:12:17 - [TEST_STEP][PASSED] - Statement - counter = counter + 1: null

2018-11-16 11:12:17 - [TEST_STEP][PASSED] - Statement - PreSaveFile = new java.io.File(((pathPrefix + java.lang.Integer.toString(counter)) + .png)): null

2018-11-16 11:12:17 - [TEST_STEP][PASSED] - Statement - counter = counter + 1: null

2018-11-16 11:12:17 - [TEST_STEP][PASSED] - Statement - PreSaveFile = new java.io.File(((pathPrefix + java.lang.Integer.toString(counter)) + .png)): null

2018-11-16 11:12:17 - [TEST_STEP][PASSED] - Statement - counter = counter + 1: null

2018-11-16 11:12:17 - [TEST_STEP][PASSED] - Statement - PreSaveFile = new java.io.File(((pathPrefix + java.lang.Integer.toString(counter)) + .png)): null

2018-11-16 11:12:17 - [TEST_STEP][PASSED] - Statement - counter = counter + 1: null

2018-11-16 11:12:17 - [TEST_STEP][PASSED] - Statement - PreSaveFile = new java.io.File(((pathPrefix + java.lang.Integer.toString(counter)) + .png)): null

2018-11-16 11:12:17 - [TEST_STEP][PASSED] - Statement - counter = counter + 1: null

2018-11-16 11:12:17 - [TEST_STEP][PASSED] - Statement - PreSaveFile = new java.io.File(((pathPrefix + java.lang.Integer.toString(counter)) + .png)): null

2018-11-16 11:12:17 - [TEST_STEP][PASSED] - Statement - counter = counter + 1: null

2018-11-16 11:12:17 - [TEST_STEP][PASSED] - Statement - PreSaveFile = new java.io.File(((pathPrefix + java.lang.Integer.toString(counter)) + .png)): null

2018-11-16 11:12:18 - [TEST_STEP][PASSED] - Statement - counter = counter + 1: null

2018-11-16 11:12:18 - [TEST_STEP][PASSED] - Statement - PreSaveFile = new java.io.File(((pathPrefix + java.lang.Integer.toString(counter)) + .png)): null

2018-11-16 11:12:18 - [TEST_STEP][PASSED] - Statement - counter = counter + 1: null

2018-11-16 11:12:18 - [TEST_STEP][PASSED] - Statement - PreSaveFile = new java.io.File(((pathPrefix + java.lang.Integer.toString(counter)) + .png)): null

2018-11-16 11:12:18 - [TEST_STEP][PASSED] - Statement - counter = counter + 1: null

2018-11-16 11:12:18 - [TEST_STEP][PASSED] - Statement - PreSaveFile = new java.io.File(((pathPrefix + java.lang.Integer.toString(counter)) + .png)): null

2018-11-16 11:12:18 - [TEST_STEP][PASSED] - Statement - counter = counter + 1: null

2018-11-16 11:12:18 - [TEST_STEP][PASSED] - Statement - PreSaveFile = new java.io.File(((pathPrefix + java.lang.Integer.toString(counter)) + .png)): null

2018-11-16 11:12:18 - [TEST_STEP][PASSED] - Statement - counter = counter + 1: null

2018-11-16 11:12:18 - [TEST_STEP][PASSED] - Statement - PreSaveFile = new java.io.File(((pathPrefix + java.lang.Integer.toString(counter)) + .png)): null

2018-11-16 11:12:18 - [TEST_STEP][PASSED] - Statement - counter = counter + 1: null

2018-11-16 11:12:18 - [TEST_STEP][PASSED] - Statement - PreSaveFile = new java.io.File(((pathPrefix + java.lang.Integer.toString(counter)) + .png)): null

2018-11-16 11:12:18 - [TEST_STEP][PASSED] - Statement - counter = counter + 1: null

2018-11-16 11:12:18 - [TEST_STEP][PASSED] - Statement - PreSaveFile = new java.io.File(((pathPrefix + java.lang.Integer.toString(counter)) + .png)): null

2018-11-16 11:12:18 - [TEST_STEP][PASSED] - Statement - counter = counter + 1: null

2018-11-16 11:12:18 - [TEST_STEP][PASSED] - Statement - PreSaveFile = new java.io.File(((pathPrefix + java.lang.Integer.toString(counter)) + .png)): null

2018-11-16 11:12:18 - [TEST_STEP][PASSED] - Statement - counter = counter + 1: null

2018-11-16 11:12:18 - [TEST_STEP][PASSED] - Statement - PreSaveFile = new java.io.File(((pathPrefix + java.lang.Integer.toString(counter)) + .png)): null

2018-11-16 11:12:18 - [TEST_STEP][PASSED] - Statement - counter = counter + 1: null

2018-11-16 11:12:18 - [TEST_STEP][PASSED] - Statement - PreSaveFile = new java.io.File(((pathPrefix + java.lang.Integer.toString(counter)) + .png)): null

2018-11-16 11:12:18 - [TEST_STEP][PASSED] - Statement - counter = counter + 1: null

2018-11-16 11:12:19 - [TEST_STEP][PASSED] - Statement - PreSaveFile = new java.io.File(((pathPrefix + java.lang.Integer.toString(counter)) + .png)): null

2018-11-16 11:12:19 - [TEST_STEP][PASSED] - Statement - counter = counter + 1: null

2018-11-16 11:12:19 - [TEST_STEP][PASSED] - Statement - PreSaveFile = new java.io.File(((pathPrefix + java.lang.Integer.toString(counter)) + .png)): null

2018-11-16 11:12:19 - [TEST_STEP][PASSED] - Statement - counter = counter + 1: null

2018-11-16 11:12:19 - [TEST_STEP][PASSED] - Statement - PreSaveFile = new java.io.File(((pathPrefix + java.lang.Integer.toString(counter)) + .png)): null

2018-11-16 11:12:19 - [TEST_STEP][PASSED] - Statement - counter = counter + 1: null

2018-11-16 11:12:19 - [TEST_STEP][PASSED] - Statement - PreSaveFile = new java.io.File(((pathPrefix + java.lang.Integer.toString(counter)) + .png)): null

2018-11-16 11:12:19 - [TEST_STEP][PASSED] - Statement - counter = counter + 1: null

2018-11-16 11:12:19 - [TEST_STEP][PASSED] - Statement - PreSaveFile = new java.io.File(((pathPrefix + java.lang.Integer.toString(counter)) + .png)): null

2018-11-16 11:12:19 - [TEST_STEP][PASSED] - Statement - counter = counter + 1: null

2018-11-16 11:12:20 - [TEST_STEP][PASSED] - Statement - PreSaveFile = new java.io.File(((pathPrefix + java.lang.Integer.toString(counter)) + .png)): null

2018-11-16 11:12:20 - [TEST_STEP][PASSED] - Statement - counter = counter + 1: null

2018-11-16 11:12:20 - [TEST_STEP][PASSED] - Statement - PreSaveFile = new java.io.File(((pathPrefix + java.lang.Integer.toString(counter)) + .png)): null

2018-11-16 11:12:20 - [TEST_STEP][PASSED] - Statement - counter = counter + 1: null

2018-11-16 11:12:20 - [TEST_STEP][PASSED] - Statement - PreSaveFile = new java.io.File(((pathPrefix + java.lang.Integer.toString(counter)) + .png)): null

2018-11-16 11:12:20 - [TEST_STEP][PASSED] - Statement - counter = counter + 1: null

2018-11-16 11:12:20 - [TEST_STEP][PASSED] - Statement - PreSaveFile = new java.io.File(((pathPrefix + java.lang.Integer.toString(counter)) + .png)): null

2018-11-16 11:12:20 - [TEST_STEP][PASSED] - Statement - counter = counter + 1: null

2018-11-16 11:12:20 - [TEST_STEP][PASSED] - Statement - PreSaveFile = new java.io.File(((pathPrefix + java.lang.Integer.toString(counter)) + .png)): null

2018-11-16 11:12:20 - [TEST_STEP][PASSED] - Statement - counter = counter + 1: null

2018-11-16 11:12:20 - [TEST_STEP][PASSED] - Statement - PreSaveFile = new java.io.File(((pathPrefix + java.lang.Integer.toString(counter)) + .png)): null

2018-11-16 11:12:20 - [TEST_STEP][PASSED] - Statement - counter = counter + 1: null

2018-11-16 11:12:20 - [TEST_STEP][PASSED] - Statement - PreSaveFile = new java.io.File(((pathPrefix + java.lang.Integer.toString(counter)) + .png)): null

2018-11-16 11:12:20 - [TEST_STEP][PASSED] - Statement - counter = counter + 1: null

2018-11-16 11:12:20 - [TEST_STEP][PASSED] - Statement - PreSaveFile = new java.io.File(((pathPrefix + java.lang.Integer.toString(counter)) + .png)): null

2018-11-16 11:12:20 - [TEST_STEP][PASSED] - Statement - counter = counter + 1: null

2018-11-16 11:12:20 - [TEST_STEP][PASSED] - Statement - PreSaveFile = new java.io.File(((pathPrefix + java.lang.Integer.toString(counter)) + .png)): null

2018-11-16 11:12:20 - [TEST_STEP][PASSED] - Statement - counter = counter + 1: null

2018-11-16 11:12:20 - [TEST_STEP][PASSED] - Statement - PreSaveFile = new java.io.File(((pathPrefix + java.lang.Integer.toString(counter)) + .png)): null

2018-11-16 11:12:20 - [TEST_STEP][PASSED] - Statement - counter = counter + 1: null

2018-11-16 11:12:21 - [TEST_STEP][PASSED] - Statement - PreSaveFile = new java.io.File(((pathPrefix + java.lang.Integer.toString(counter)) + .png)): null

2018-11-16 11:12:21 - [TEST_STEP][PASSED] - Statement - counter = counter + 1: null

2018-11-16 11:12:21 - [TEST_STEP][PASSED] - Statement - PreSaveFile = new java.io.File(((pathPrefix + java.lang.Integer.toString(counter)) + .png)): null

2018-11-16 11:12:21 - [TEST_STEP][PASSED] - Statement - counter = counter + 1: null

2018-11-16 11:12:21 - [TEST_STEP][PASSED] - Statement - PreSaveFile = new java.io.File(((pathPrefix + java.lang.Integer.toString(counter)) + .png)): null

2018-11-16 11:12:21 - [TEST_STEP][PASSED] - Statement - counter = counter + 1: null

2018-11-16 11:12:21 - [TEST_STEP][PASSED] - Statement - PreSaveFile = new java.io.File(((pathPrefix + java.lang.Integer.toString(counter)) + .png)): null

2018-11-16 11:12:21 - [TEST_STEP][PASSED] - Statement - counter = counter + 1: null

2018-11-16 11:12:21 - [TEST_STEP][PASSED] - Statement - PreSaveFile = new java.io.File(((pathPrefix + java.lang.Integer.toString(counter)) + .png)): null

2018-11-16 11:12:21 - [TEST_STEP][PASSED] - Statement - counter = counter + 1: null

2018-11-16 11:12:21 - [TEST_STEP][PASSED] - Statement - PreSaveFile = new java.io.File(((pathPrefix + java.lang.Integer.toString(counter)) + .png)): null

2018-11-16 11:12:21 - [TEST_STEP][PASSED] - Statement - counter = counter + 1: null

2018-11-16 11:12:22 - [TEST_STEP][PASSED] - Statement - PreSaveFile = new java.io.File(((pathPrefix + java.lang.Integer.toString(counter)) + .png)): null

2018-11-16 11:12:22 - [TEST_STEP][PASSED] - Statement - counter = counter + 1: null

2018-11-16 11:12:22 - [TEST_STEP][PASSED] - Statement - PreSaveFile = new java.io.File(((pathPrefix + java.lang.Integer.toString(counter)) + .png)): null

2018-11-16 11:12:22 - [TEST_STEP][PASSED] - Statement - counter = counter + 1: null

2018-11-16 11:12:22 - [TEST_STEP][PASSED] - Statement - PreSaveFile = new java.io.File(((pathPrefix + java.lang.Integer.toString(counter)) + .png)): null

2018-11-16 11:12:22 - [TEST_STEP][PASSED] - Statement - counter = counter + 1: null

2018-11-16 11:12:22 - [TEST_STEP][PASSED] - Statement - PreSaveFile = new java.io.File(((pathPrefix + java.lang.Integer.toString(counter)) + .png)): null

2018-11-16 11:12:22 - [TEST_STEP][PASSED] - Statement - counter = counter + 1: null

2018-11-16 11:12:22 - [TEST_STEP][PASSED] - Statement - PreSaveFile = new java.io.File(((pathPrefix + java.lang.Integer.toString(counter)) + .png)): null

2018-11-16 11:12:22 - [TEST_STEP][PASSED] - Statement - counter = counter + 1: null

2018-11-16 11:12:22 - [TEST_STEP][PASSED] - Statement - PreSaveFile = new java.io.File(((pathPrefix + java.lang.Integer.toString(counter)) + .png)): null

2018-11-16 11:12:22 - [TEST_STEP][PASSED] - Statement - counter = counter + 1: null

2018-11-16 11:12:22 - [TEST_STEP][PASSED] - Statement - PreSaveFile = new java.io.File(((pathPrefix + java.lang.Integer.toString(counter)) + .png)): null

2018-11-16 11:12:22 - [TEST_STEP][PASSED] - Statement - counter = counter + 1: null

2018-11-16 11:12:22 - [TEST_STEP][PASSED] - Statement - PreSaveFile = new java.io.File(((pathPrefix + java.lang.Integer.toString(counter)) + .png)): null

2018-11-16 11:12:22 - [TEST_STEP][PASSED] - Statement - counter = counter + 1: null

2018-11-16 11:12:22 - [TEST_STEP][PASSED] - Statement - PreSaveFile = new java.io.File(((pathPrefix + java.lang.Integer.toString(counter)) + .png)): null

2018-11-16 11:12:22 - [TEST_STEP][PASSED] - Statement - counter = counter + 1: null

2018-11-16 11:12:22 - [TEST_STEP][PASSED] - Statement - PreSaveFile = new java.io.File(((pathPrefix + java.lang.Integer.toString(counter)) + .png)): null

2018-11-16 11:12:23 - [TEST_STEP][PASSED] - Statement - counter = counter + 1: null

2018-11-16 11:12:23 - [TEST_STEP][PASSED] - Statement - PreSaveFile = new java.io.File(((pathPrefix + java.lang.Integer.toString(counter)) + .png)): null

2018-11-16 11:12:23 - [TEST_STEP][PASSED] - Statement - counter = counter + 1: null

2018-11-16 11:12:23 - [TEST_STEP][PASSED] - Statement - PreSaveFile = new java.io.File(((pathPrefix + java.lang.Integer.toString(counter)) + .png)): null

2018-11-16 11:12:23 - [TEST_STEP][PASSED] - Statement - counter = counter + 1: null

2018-11-16 11:12:23 - [TEST_STEP][PASSED] - Statement - PreSaveFile = new java.io.File(((pathPrefix + java.lang.Integer.toString(counter)) + .png)): null

2018-11-16 11:12:23 - [TEST_STEP][PASSED] - Statement - counter = counter + 1: null

2018-11-16 11:12:23 - [TEST_STEP][PASSED] - Statement - PreSaveFile = new java.io.File(((pathPrefix + java.lang.Integer.toString(counter)) + .png)): null

2018-11-16 11:12:23 - [TEST_STEP][PASSED] - Statement - counter = counter + 1: null

2018-11-16 11:12:23 - [TEST_STEP][PASSED] - Statement - PreSaveFile = new java.io.File(((pathPrefix + java.lang.Integer.toString(counter)) + .png)): null

2018-11-16 11:12:24 - [TEST_STEP][PASSED] - Statement - counter = counter + 1: null

2018-11-16 11:12:24 - [TEST_STEP][PASSED] - Statement - PreSaveFile = new java.io.File(((pathPrefix + java.lang.Integer.toString(counter)) + .png)): null

2018-11-16 11:12:24 - [TEST_STEP][PASSED] - Statement - counter = counter + 1: null

2018-11-16 11:12:24 - [TEST_STEP][PASSED] - Statement - PreSaveFile = new java.io.File(((pathPrefix + java.lang.Integer.toString(counter)) + .png)): null

2018-11-16 11:12:24 - [TEST_STEP][PASSED] - Statement - counter = counter + 1: null

2018-11-16 11:12:24 - [TEST_STEP][PASSED] - Statement - PreSaveFile = new java.io.File(((pathPrefix + java.lang.Integer.toString(counter)) + .png)): null

2018-11-16 11:12:24 - [TEST_STEP][PASSED] - Statement - counter = counter + 1: null

2018-11-16 11:12:24 - [TEST_STEP][PASSED] - Statement - PreSaveFile = new java.io.File(((pathPrefix + java.lang.Integer.toString(counter)) + .png)): null

2018-11-16 11:12:24 - [TEST_STEP][PASSED] - Statement - counter = counter + 1: null

2018-11-16 11:12:24 - [TEST_STEP][PASSED] - Statement - PreSaveFile = new java.io.File(((pathPrefix + java.lang.Integer.toString(counter)) + .png)): null

2018-11-16 11:12:24 - [TEST_STEP][PASSED] - Statement - counter = counter + 1: null

2018-11-16 11:12:25 - [TEST_STEP][PASSED] - Statement - PreSaveFile = new java.io.File(((pathPrefix + java.lang.Integer.toString(counter)) + .png)): null

2018-11-16 11:12:25 - [TEST_STEP][PASSED] - Statement - counter = counter + 1: null

2018-11-16 11:12:25 - [TEST_STEP][PASSED] - Statement - PreSaveFile = new java.io.File(((pathPrefix + java.lang.Integer.toString(counter)) + .png)): null

2018-11-16 11:12:25 - [TEST_STEP][PASSED] - Statement - counter = counter + 1: null

2018-11-16 11:12:25 - [TEST_STEP][PASSED] - Statement - PreSaveFile = new java.io.File(((pathPrefix + java.lang.Integer.toString(counter)) + .png)): null

2018-11-16 11:12:25 - [TEST_STEP][PASSED] - Statement - counter = counter + 1: null

2018-11-16 11:12:25 - [TEST_STEP][PASSED] - Statement - PreSaveFile = new java.io.File(((pathPrefix + java.lang.Integer.toString(counter)) + .png)): null

2018-11-16 11:12:25 - [TEST_STEP][PASSED] - Statement - counter = counter + 1: null

2018-11-16 11:12:25 - [TEST_STEP][PASSED] - Statement - PreSaveFile = new java.io.File(((pathPrefix + java.lang.Integer.toString(counter)) + .png)): null

2018-11-16 11:12:25 - [TEST_STEP][PASSED] - Statement - counter = counter + 1: null

2018-11-16 11:12:25 - [TEST_STEP][PASSED] - Statement - PreSaveFile = new java.io.File(((pathPrefix + java.lang.Integer.toString(counter)) + .png)): null

2018-11-16 11:12:25 - [TEST_STEP][PASSED] - Statement - counter = counter + 1: null

2018-11-16 11:12:25 - [TEST_STEP][PASSED] - Statement - PreSaveFile = new java.io.File(((pathPrefix + java.lang.Integer.toString(counter)) + .png)): null

2018-11-16 11:12:25 - [TEST_STEP][PASSED] - Statement - counter = counter + 1: null

2018-11-16 11:12:25 - [TEST_STEP][PASSED] - Statement - PreSaveFile = new java.io.File(((pathPrefix + java.lang.Integer.toString(counter)) + .png)): null

2018-11-16 11:12:25 - [TEST_STEP][PASSED] - Statement - counter = counter + 1: null

2018-11-16 11:12:25 - [TEST_STEP][PASSED] - Statement - PreSaveFile = new java.io.File(((pathPrefix + java.lang.Integer.toString(counter)) + .png)): null

2018-11-16 11:12:25 - [TEST_STEP][PASSED] - Statement - counter = counter + 1: null

2018-11-16 11:12:26 - [TEST_STEP][PASSED] - Statement - PreSaveFile = new java.io.File(((pathPrefix + java.lang.Integer.toString(counter)) + .png)): null

2018-11-16 11:12:26 - [TEST_STEP][PASSED] - Statement - counter = counter + 1: null

2018-11-16 11:12:26 - [TEST_STEP][PASSED] - Statement - PreSaveFile = new java.io.File(((pathPrefix + java.lang.Integer.toString(counter)) + .png)): null

2018-11-16 11:12:26 - [TEST_STEP][PASSED] - Statement - counter = counter + 1: null

2018-11-16 11:12:26 - [TEST_STEP][PASSED] - Statement - PreSaveFile = new java.io.File(((pathPrefix + java.lang.Integer.toString(counter)) + .png)): null

2018-11-16 11:12:26 - [TEST_STEP][PASSED] - Statement - counter = counter + 1: null

2018-11-16 11:12:26 - [TEST_STEP][PASSED] - Statement - PreSaveFile = new java.io.File(((pathPrefix + java.lang.Integer.toString(counter)) + .png)): null

2018-11-16 11:12:26 - [TEST_STEP][PASSED] - Statement - counter = counter + 1: null

2018-11-16 11:12:26 - [TEST_STEP][PASSED] - Statement - PreSaveFile = new java.io.File(((pathPrefix + java.lang.Integer.toString(counter)) + .png)): null

2018-11-16 11:12:26 - [TEST_STEP][PASSED] - Statement - counter = counter + 1: null

2018-11-16 11:12:26 - [TEST_STEP][PASSED] - Statement - PreSaveFile = new java.io.File(((pathPrefix + java.lang.Integer.toString(counter)) + .png)): null

2018-11-16 11:12:26 - [TEST_STEP][PASSED] - Statement - counter = counter + 1: null

2018-11-16 11:12:26 - [TEST_STEP][PASSED] - Statement - PreSaveFile = new java.io.File(((pathPrefix + java.lang.Integer.toString(counter)) + .png)): null

2018-11-16 11:12:26 - [TEST_STEP][PASSED] - Statement - counter = counter + 1: null

2018-11-16 11:12:26 - [TEST_STEP][PASSED] - Statement - PreSaveFile = new java.io.File(((pathPrefix + java.lang.Integer.toString(counter)) + .png)): null

2018-11-16 11:12:26 - [TEST_STEP][PASSED] - Statement - counter = counter + 1: null

2018-11-16 11:12:26 - [TEST_STEP][PASSED] - Statement - PreSaveFile = new java.io.File(((pathPrefix + java.lang.Integer.toString(counter)) + .png)): null

2018-11-16 11:12:26 - [TEST_STEP][PASSED] - Statement - counter = counter + 1: null

2018-11-16 11:12:26 - [TEST_STEP][PASSED] - Statement - PreSaveFile = new java.io.File(((pathPrefix + java.lang.Integer.toString(counter)) + .png)): null

2018-11-16 11:12:27 - [TEST_STEP][PASSED] - Statement - counter = counter + 1: null

2018-11-16 11:12:27 - [TEST_STEP][PASSED] - Statement - PreSaveFile = new java.io.File(((pathPrefix + java.lang.Integer.toString(counter)) + .png)): null

2018-11-16 11:12:27 - [TEST_STEP][PASSED] - Statement - counter = counter + 1: null

2018-11-16 11:12:27 - [TEST_STEP][PASSED] - Statement - PreSaveFile = new java.io.File(((pathPrefix + java.lang.Integer.toString(counter)) + .png)): null

2018-11-16 11:12:27 - [TEST_STEP][PASSED] - Statement - counter = counter + 1: null

2018-11-16 11:12:27 - [TEST_STEP][PASSED] - Statement - PreSaveFile = new java.io.File(((pathPrefix + java.lang.Integer.toString(counter)) + .png)): null

2018-11-16 11:12:27 - [TEST_STEP][PASSED] - Statement - counter = counter + 1: null

2018-11-16 11:12:27 - [TEST_STEP][PASSED] - Statement - PreSaveFile = new java.io.File(((pathPrefix + java.lang.Integer.toString(counter)) + .png)): null

2018-11-16 11:12:27 - [TEST_STEP][PASSED] - Statement - counter = counter + 1: null

2018-11-16 11:12:28 - [TEST_STEP][PASSED] - Statement - PreSaveFile = new java.io.File(((pathPrefix + java.lang.Integer.toString(counter)) + .png)): null

2018-11-16 11:12:28 - [TEST_STEP][PASSED] - Statement - counter = counter + 1: null

2018-11-16 11:12:28 - [TEST_STEP][PASSED] - Statement - PreSaveFile = new java.io.File(((pathPrefix + java.lang.Integer.toString(counter)) + .png)): null

2018-11-16 11:12:28 - [TEST_STEP][PASSED] - Statement - counter = counter + 1: null

2018-11-16 11:12:28 - [TEST_STEP][PASSED] - Statement - PreSaveFile = new java.io.File(((pathPrefix + java.lang.Integer.toString(counter)) + .png)): null

2018-11-16 11:12:28 - [TEST_STEP][PASSED] - Statement - counter = counter + 1: null

2018-11-16 11:12:28 - [TEST_STEP][PASSED] - Statement - PreSaveFile = new java.io.File(((pathPrefix + java.lang.Integer.toString(counter)) + .png)): null

2018-11-16 11:12:28 - [TEST_STEP][PASSED] - Statement - counter = counter + 1: null

2018-11-16 11:12:28 - [TEST_STEP][PASSED] - Statement - PreSaveFile = new java.io.File(((pathPrefix + java.lang.Integer.toString(counter)) + .png)): null

2018-11-16 11:12:28 - [TEST_STEP][PASSED] - Statement - counter = counter + 1: null

2018-11-16 11:12:28 - [TEST_STEP][PASSED] - Statement - PreSaveFile = new java.io.File(((pathPrefix + java.lang.Integer.toString(counter)) + .png)): null

2018-11-16 11:12:29 - [TEST_STEP][PASSED] - Statement - counter = counter + 1: null

2018-11-16 11:12:29 - [TEST_STEP][PASSED] - Statement - PreSaveFile = new java.io.File(((pathPrefix + java.lang.Integer.toString(counter)) + .png)): null

2018-11-16 11:12:29 - [TEST_STEP][PASSED] - Statement - counter = counter + 1: null

2018-11-16 11:12:29 - [TEST_STEP][PASSED] - Statement - PreSaveFile = new java.io.File(((pathPrefix + java.lang.Integer.toString(counter)) + .png)): null

2018-11-16 11:12:29 - [TEST_STEP][PASSED] - Statement - counter = counter + 1: null

2018-11-16 11:12:29 - [TEST_STEP][PASSED] - Statement - PreSaveFile = new java.io.File(((pathPrefix + java.lang.Integer.toString(counter)) + .png)): null

2018-11-16 11:12:29 - [TEST_STEP][PASSED] - Statement - counter = counter + 1: null

2018-11-16 11:12:29 - [TEST_STEP][PASSED] - Statement - PreSaveFile = new java.io.File(((pathPrefix + java.lang.Integer.toString(counter)) + .png)): null

2018-11-16 11:12:29 - [TEST_STEP][PASSED] - Statement - counter = counter + 1: null

2018-11-16 11:12:29 - [TEST_STEP][PASSED] - Statement - PreSaveFile = new java.io.File(((pathPrefix + java.lang.Integer.toString(counter)) + .png)): null

2018-11-16 11:12:30 - [TEST_STEP][PASSED] - Statement - counter = counter + 1: null

2018-11-16 11:12:30 - [TEST_STEP][PASSED] - Statement - PreSaveFile = new java.io.File(((pathPrefix + java.lang.Integer.toString(counter)) + .png)): null

2018-11-16 11:12:30 - [TEST_STEP][PASSED] - Statement - counter = counter + 1: null

2018-11-16 11:12:30 - [TEST_STEP][PASSED] - Statement - PreSaveFile = new java.io.File(((pathPrefix + java.lang.Integer.toString(counter)) + .png)): null

2018-11-16 11:12:30 - [TEST_STEP][PASSED] - Statement - counter = counter + 1: null

2018-11-16 11:12:30 - [TEST_STEP][PASSED] - Statement - PreSaveFile = new java.io.File(((pathPrefix + java.lang.Integer.toString(counter)) + .png)): null

2018-11-16 11:12:30 - [TEST_STEP][PASSED] - Statement - counter = counter + 1: null

2018-11-16 11:12:30 - [TEST_STEP][PASSED] - Statement - PreSaveFile = new java.io.File(((pathPrefix + java.lang.Integer.toString(counter)) + .png)): null

2018-11-16 11:12:30 - [TEST_STEP][PASSED] - Statement - counter = counter + 1: null

2018-11-16 11:12:30 - [TEST_STEP][PASSED] - Statement - PreSaveFile = new java.io.File(((pathPrefix + java.lang.Integer.toString(counter)) + .png)): null

2018-11-16 11:12:30 - [TEST_STEP][PASSED] - Statement - counter = counter + 1: null

2018-11-16 11:12:31 - [TEST_STEP][PASSED] - Statement - PreSaveFile = new java.io.File(((pathPrefix + java.lang.Integer.toString(counter)) + .png)): null

2018-11-16 11:12:31 - [TEST_STEP][PASSED] - Statement - counter = counter + 1: null

2018-11-16 11:12:31 - [TEST_STEP][PASSED] - Statement - PreSaveFile = new java.io.File(((pathPrefix + java.lang.Integer.toString(counter)) + .png)): null

2018-11-16 11:12:31 - [TEST_STEP][PASSED] - Statement - counter = counter + 1: null

2018-11-16 11:12:31 - [TEST_STEP][PASSED] - Statement - PreSaveFile = new java.io.File(((pathPrefix + java.lang.Integer.toString(counter)) + .png)): null

2018-11-16 11:12:31 - [TEST_STEP][PASSED] - Statement - counter = counter + 1: null

2018-11-16 11:12:31 - [TEST_STEP][PASSED] - Statement - PreSaveFile = new java.io.File(((pathPrefix + java.lang.Integer.toString(counter)) + .png)): null

2018-11-16 11:12:31 - [TEST_STEP][PASSED] - Statement - counter = counter + 1: null

2018-11-16 11:12:31 - [TEST_STEP][PASSED] - Statement - PreSaveFile = new java.io.File(((pathPrefix + java.lang.Integer.toString(counter)) + .png)): null

2018-11-16 11:12:31 - [TEST_STEP][PASSED] - Statement - counter = counter + 1: null

2018-11-16 11:12:32 - [TEST_STEP][PASSED] - Statement - PreSaveFile = new java.io.File(((pathPrefix + java.lang.Integer.toString(counter)) + .png)): null

2018-11-16 11:12:32 - [TEST_STEP][PASSED] - Statement - counter = counter + 1: null

2018-11-16 11:12:32 - [TEST_STEP][PASSED] - Statement - PreSaveFile = new java.io.File(((pathPrefix + java.lang.Integer.toString(counter)) + .png)): null

2018-11-16 11:12:32 - [TEST_STEP][PASSED] - Statement - counter = counter + 1: null

2018-11-16 11:12:32 - [TEST_STEP][PASSED] - Statement - PreSaveFile = new java.io.File(((pathPrefix + java.lang.Integer.toString(counter)) + .png)): null

2018-11-16 11:12:32 - [TEST_STEP][PASSED] - Statement - counter = counter + 1: null

2018-11-16 11:12:32 - [TEST_STEP][PASSED] - Statement - PreSaveFile = new java.io.File(((pathPrefix + java.lang.Integer.toString(counter)) + .png)): null

2018-11-16 11:12:32 - [TEST_STEP][PASSED] - Statement - counter = counter + 1: null

2018-11-16 11:12:32 - [TEST_STEP][PASSED] - Statement - PreSaveFile = new java.io.File(((pathPrefix + java.lang.Integer.toString(counter)) + .png)): null

2018-11-16 11:12:32 - [TEST_STEP][PASSED] - Statement - counter = counter + 1: null

2018-11-16 11:12:32 - [TEST_STEP][PASSED] - Statement - PreSaveFile = new java.io.File(((pathPrefix + java.lang.Integer.toString(counter)) + .png)): null

2018-11-16 11:12:32 - [TEST_STEP][PASSED] - Statement - counter = counter + 1: null

2018-11-16 11:12:32 - [TEST_STEP][PASSED] - Statement - PreSaveFile = new java.io.File(((pathPrefix + java.lang.Integer.toString(counter)) + .png)): null

2018-11-16 11:12:32 - [TEST_STEP][PASSED] - Statement - counter = counter + 1: null

2018-11-16 11:12:32 - [TEST_STEP][PASSED] - Statement - PreSaveFile = new java.io.File(((pathPrefix + java.lang.Integer.toString(counter)) + .png)): null

2018-11-16 11:12:32 - [TEST_STEP][PASSED] - Statement - counter = counter + 1: null

2018-11-16 11:12:32 - [TEST_STEP][PASSED] - Statement - PreSaveFile = new java.io.File(((pathPrefix + java.lang.Integer.toString(counter)) + .png)): null

2018-11-16 11:12:32 - [TEST_STEP][PASSED] - Statement - counter = counter + 1: null

2018-11-16 11:12:32 - [TEST_STEP][PASSED] - Statement - PreSaveFile = new java.io.File(((pathPrefix + java.lang.Integer.toString(counter)) + .png)): null

2018-11-16 11:12:33 - [TEST_STEP][PASSED] - Statement - counter = counter + 1: null

2018-11-16 11:12:33 - [TEST_STEP][PASSED] - Statement - PreSaveFile = new java.io.File(((pathPrefix + java.lang.Integer.toString(counter)) + .png)): null

2018-11-16 11:12:33 - [TEST_STEP][PASSED] - Statement - counter = counter + 1: null

2018-11-16 11:12:33 - [TEST_STEP][PASSED] - Statement - PreSaveFile = new java.io.File(((pathPrefix + java.lang.Integer.toString(counter)) + .png)): null

2018-11-16 11:12:33 - [TEST_STEP][PASSED] - Statement - counter = counter + 1: null

2018-11-16 11:12:33 - [TEST_STEP][PASSED] - Statement - PreSaveFile = new java.io.File(((pathPrefix + java.lang.Integer.toString(counter)) + .png)): null

2018-11-16 11:12:33 - [TEST_STEP][PASSED] - Statement - counter = counter + 1: null

2018-11-16 11:12:33 - [TEST_STEP][PASSED] - Statement - PreSaveFile = new java.io.File(((pathPrefix + java.lang.Integer.toString(counter)) + .png)): null

2018-11-16 11:12:33 - [TEST_STEP][PASSED] - Statement - counter = counter + 1: null

2018-11-16 11:12:33 - [TEST_STEP][PASSED] - Statement - PreSaveFile = new java.io.File(((pathPrefix + java.lang.Integer.toString(counter)) + .png)): null

2018-11-16 11:12:33 - [TEST_STEP][PASSED] - Statement - counter = counter + 1: null

2018-11-16 11:12:33 - [TEST_STEP][PASSED] - Statement - PreSaveFile = new java.io.File(((pathPrefix + java.lang.Integer.toString(counter)) + .png)): null

2018-11-16 11:12:33 - [TEST_STEP][PASSED] - Statement - counter = counter + 1: null

2018-11-16 11:12:33 - [TEST_STEP][PASSED] - Statement - PreSaveFile = new java.io.File(((pathPrefix + java.lang.Integer.toString(counter)) + .png)): null

2018-11-16 11:12:33 - [TEST_STEP][PASSED] - Statement - counter = counter + 1: null

2018-11-16 11:12:33 - [TEST_STEP][PASSED] - Statement - PreSaveFile = new java.io.File(((pathPrefix + java.lang.Integer.toString(counter)) + .png)): null

2018-11-16 11:12:33 - [TEST_STEP][PASSED] - Statement - counter = counter + 1: null

2018-11-16 11:12:33 - [TEST_STEP][PASSED] - Statement - PreSaveFile = new java.io.File(((pathPrefix + java.lang.Integer.toString(counter)) + .png)): null

2018-11-16 11:12:33 - [TEST_STEP][PASSED] - Statement - counter = counter + 1: null

2018-11-16 11:12:33 - [TEST_STEP][PASSED] - Statement - PreSaveFile = new java.io.File(((pathPrefix + java.lang.Integer.toString(counter)) + .png)): null

2018-11-16 11:12:33 - [TEST_STEP][PASSED] - Statement - counter = counter + 1: null

2018-11-16 11:12:34 - [TEST_STEP][PASSED] - Statement - PreSaveFile = new java.io.File(((pathPrefix + java.lang.Integer.toString(counter)) + .png)): null

2018-11-16 11:12:34 - [TEST_STEP][PASSED] - Statement - counter = counter + 1: null

2018-11-16 11:12:34 - [TEST_STEP][PASSED] - Statement - PreSaveFile = new java.io.File(((pathPrefix + java.lang.Integer.toString(counter)) + .png)): null

2018-11-16 11:12:34 - [TEST_STEP][PASSED] - Statement - counter = counter + 1: null

2018-11-16 11:12:34 - [TEST_STEP][PASSED] - Statement - PreSaveFile = new java.io.File(((pathPrefix + java.lang.Integer.toString(counter)) + .png)): null

2018-11-16 11:12:34 - [TEST_STEP][PASSED] - Statement - counter = counter + 1: null

2018-11-16 11:12:34 - [TEST_STEP][PASSED] - Statement - PreSaveFile = new java.io.File(((pathPrefix + java.lang.Integer.toString(counter)) + .png)): null

2018-11-16 11:12:34 - [TEST_STEP][PASSED] - Statement - counter = counter + 1: null

2018-11-16 11:12:34 - [TEST_STEP][PASSED] - Statement - PreSaveFile = new java.io.File(((pathPrefix + java.lang.Integer.toString(counter)) + .png)): null

2018-11-16 11:12:35 - [TEST_STEP][PASSED] - Statement - counter = counter + 1: null

2018-11-16 11:12:35 - [TEST_STEP][PASSED] - Statement - PreSaveFile = new java.io.File(((pathPrefix + java.lang.Integer.toString(counter)) + .png)): null

2018-11-16 11:12:35 - [TEST_STEP][PASSED] - Statement - counter = counter + 1: null

2018-11-16 11:12:35 - [TEST_STEP][PASSED] - Statement - PreSaveFile = new java.io.File(((pathPrefix + java.lang.Integer.toString(counter)) + .png)): null

2018-11-16 11:12:35 - [TEST_STEP][PASSED] - Statement - counter = counter + 1: null

2018-11-16 11:12:35 - [TEST_STEP][PASSED] - Statement - PreSaveFile = new java.io.File(((pathPrefix + java.lang.Integer.toString(counter)) + .png)): null

2018-11-16 11:12:35 - [TEST_STEP][PASSED] - Statement - counter = counter + 1: null

2018-11-16 11:12:35 - [TEST_STEP][PASSED] - Statement - PreSaveFile = new java.io.File(((pathPrefix + java.lang.Integer.toString(counter)) + .png)): null

2018-11-16 11:12:35 - [TEST_STEP][PASSED] - Statement - counter = counter + 1: null

2018-11-16 11:12:35 - [TEST_STEP][PASSED] - Statement - PreSaveFile = new java.io.File(((pathPrefix + java.lang.Integer.toString(counter)) + .png)): null

2018-11-16 11:12:35 - [TEST_STEP][PASSED] - Statement - counter = counter + 1: null

2018-11-16 11:12:35 - [TEST_STEP][PASSED] - Statement - PreSaveFile = new java.io.File(((pathPrefix + java.lang.Integer.toString(counter)) + .png)): null

2018-11-16 11:12:36 - [TEST_STEP][PASSED] - Statement - counter = counter + 1: null

2018-11-16 11:12:36 - [TEST_STEP][PASSED] - Statement - PreSaveFile = new java.io.File(((pathPrefix + java.lang.Integer.toString(counter)) + .png)): null

2018-11-16 11:12:36 - [TEST_STEP][PASSED] - Statement - counter = counter + 1: null

2018-11-16 11:12:36 - [TEST_STEP][PASSED] - Statement - PreSaveFile = new java.io.File(((pathPrefix + java.lang.Integer.toString(counter)) + .png)): null

2018-11-16 11:12:36 - [TEST_STEP][PASSED] - Statement - counter = counter + 1: null

2018-11-16 11:12:36 - [TEST_STEP][PASSED] - Statement - PreSaveFile = new java.io.File(((pathPrefix + java.lang.Integer.toString(counter)) + .png)): null

2018-11-16 11:12:36 - [TEST_STEP][PASSED] - Statement - counter = counter + 1: null

2018-11-16 11:12:36 - [TEST_STEP][PASSED] - Statement - PreSaveFile = new java.io.File(((pathPrefix + java.lang.Integer.toString(counter)) + .png)): null

2018-11-16 11:12:36 - [TEST_STEP][PASSED] - Statement - counter = counter + 1: null

2018-11-16 11:12:37 - [TEST_STEP][PASSED] - Statement - PreSaveFile = new java.io.File(((pathPrefix + java.lang.Integer.toString(counter)) + .png)): null

2018-11-16 11:12:37 - [TEST_STEP][PASSED] - Statement - counter = counter + 1: null

2018-11-16 11:12:37 - [TEST_STEP][PASSED] - Statement - PreSaveFile = new java.io.File(((pathPrefix + java.lang.Integer.toString(counter)) + .png)): null

2018-11-16 11:12:37 - [TEST_STEP][PASSED] - Statement - counter = counter + 1: null

2018-11-16 11:12:37 - [TEST_STEP][PASSED] - Statement - PreSaveFile = new java.io.File(((pathPrefix + java.lang.Integer.toString(counter)) + .png)): null

2018-11-16 11:12:37 - [TEST_STEP][PASSED] - Statement - counter = counter + 1: null

2018-11-16 11:12:37 - [TEST_STEP][PASSED] - Statement - PreSaveFile = new java.io.File(((pathPrefix + java.lang.Integer.toString(counter)) + .png)): null

2018-11-16 11:12:37 - [TEST_STEP][PASSED] - Statement - counter = counter + 1: null

2018-11-16 11:12:37 - [TEST_STEP][PASSED] - Statement - PreSaveFile = new java.io.File(((pathPrefix + java.lang.Integer.toString(counter)) + .png)): null

2018-11-16 11:12:37 - [TEST_STEP][PASSED] - Statement - counter = counter + 1: null

2018-11-16 11:12:38 - [TEST_STEP][PASSED] - Statement - PreSaveFile = new java.io.File(((pathPrefix + java.lang.Integer.toString(counter)) + .png)): null

2018-11-16 11:12:38 - [TEST_STEP][PASSED] - Statement - counter = counter + 1: null

2018-11-16 11:12:38 - [TEST_STEP][PASSED] - Statement - PreSaveFile = new java.io.File(((pathPrefix + java.lang.Integer.toString(counter)) + .png)): null

2018-11-16 11:12:38 - [TEST_STEP][PASSED] - Statement - counter = counter + 1: null

2018-11-16 11:12:38 - [TEST_STEP][PASSED] - Statement - PreSaveFile = new java.io.File(((pathPrefix + java.lang.Integer.toString(counter)) + .png)): null

2018-11-16 11:12:38 - [TEST_STEP][PASSED] - Statement - counter = counter + 1: null

2018-11-16 11:12:38 - [TEST_STEP][PASSED] - Statement - PreSaveFile = new java.io.File(((pathPrefix + java.lang.Integer.toString(counter)) + .png)): null

2018-11-16 11:12:38 - [TEST_STEP][PASSED] - Statement - counter = counter + 1: null

2018-11-16 11:12:38 - [TEST_STEP][PASSED] - Statement - PreSaveFile = new java.io.File(((pathPrefix + java.lang.Integer.toString(counter)) + .png)): null

2018-11-16 11:12:39 - [TEST_STEP][PASSED] - Statement - counter = counter + 1: null

2018-11-16 11:12:39 - [TEST_STEP][PASSED] - Statement - PreSaveFile = new java.io.File(((pathPrefix + java.lang.Integer.toString(counter)) + .png)): null

2018-11-16 11:12:39 - [TEST_STEP][PASSED] - Statement - counter = counter + 1: null

2018-11-16 11:12:39 - [TEST_STEP][PASSED] - Statement - PreSaveFile = new java.io.File(((pathPrefix + java.lang.Integer.toString(counter)) + .png)): null

2018-11-16 11:12:39 - [TEST_STEP][PASSED] - Statement - counter = counter + 1: null

2018-11-16 11:12:39 - [TEST_STEP][PASSED] - Statement - PreSaveFile = new java.io.File(((pathPrefix + java.lang.Integer.toString(counter)) + .png)): null

2018-11-16 11:12:39 - [TEST_STEP][PASSED] - Statement - counter = counter + 1: null

2018-11-16 11:12:39 - [TEST_STEP][PASSED] - Statement - PreSaveFile = new java.io.File(((pathPrefix + java.lang.Integer.toString(counter)) + .png)): null

2018-11-16 11:12:39 - [TEST_STEP][PASSED] - Statement - counter = counter + 1: null

2018-11-16 11:12:39 - [TEST_STEP][PASSED] - Statement - PreSaveFile = new java.io.File(((pathPrefix + java.lang.Integer.toString(counter)) + .png)): null

2018-11-16 11:12:41 - [TEST_STEP][PASSED] - Statement - counter = counter + 1: null

2018-11-16 11:12:41 - [TEST_STEP][PASSED] - Statement - PreSaveFile = new java.io.File(((pathPrefix + java.lang.Integer.toString(counter)) + .png)): null

2018-11-16 11:12:41 - [TEST_STEP][PASSED] - Statement - finalPath = pathPrefix + java.lang.Integer.toString(counter) + ".png": null

2018-11-16 11:12:41 - [TEST_STEP][PASSED] - Statement - SaveFile = new java.io.File(finalPath): null

2018-11-16 11:12:41 - [TEST_STEP][PASSED] - Statement - Try: null

2018-11-16 11:12:41 - [TEST_STEP][PASSED] - Statement - org.apache.commons.io.FileUtils.copyFile(scrFile, SaveFile): null

2018-11-16 11:12:41 - [TEST_STEP][PASSED] - Statement - out.println("file kept"): null

2018-11-16 11:12:41 - [TEST_STEP][PASSED] - delay: Delayed 10 second(s)

2018-11-16 11:12:51 - [MESSAGE][PASSED] - Delayed 10 second(s)

2018-11-16 11:12:51 - [MESSAGE][PASSED] - Call Test Case 'Test Cases/Final Aug 2018 - PKS Automation/Registration Module/New Registration/Submit and Screenshot/Submit Registration and Screenshot - Copy' successfully

2018-11-16 11:12:51 - [TEST_STEP][PASSED] - Statement - UpdateAddNewECode = com.kms.katalon.core.webui.keyword.WebUiBuiltInKeywords.getText(com.kms.katalon.core.testobject.ObjectRepository.findTestObject(Object Repository/Final Object Repo/Page_Update Add New Employee - ASSIST/getEmpCode)): Text of object 'Object Repository/Final Object Repo/Page_Update Add New Employee - ASSIST/getEmpCode' is: 'E1102070234P'

2018-11-16 11:12:51 - [MESSAGE][PASSED] - Text of object 'Object Repository/Final Object Repo/Page_Update Add New Employee - ASSIST/getEmpCode' is: 'E1102070234P'

2018-11-16 11:12:51 - [TEST_STEP][PASSED] - callTestCase: Call Test Case 'Test Cases/Final Aug 2018 - PKS Automation/Common/Emp Code Setter' successfully

2018-11-16 11:12:51 - [TEST_CASE][PASSED] - Test Cases/Final Aug 2018 - PKS Automation/Common/Emp Code Setter: Test Cases/Final Aug 2018 - PKS Automation/Common/Emp Code Setter

2018-11-16 11:12:51 - [TEST_STEP][PASSED] - Statement - EmpCodeOld = new java.io.File(C://EmpCode.txt): null

2018-11-16 11:12:51 - [TEST_STEP][PASSED] - Statement - EmpCodeOld.delete(): null

2018-11-16 11:12:51 - [TEST_STEP][PASSED] - Statement - EmpCode = new java.io.File(C://EmpCode.txt): null

2018-11-16 11:12:51 - [TEST_STEP][PASSED] - Statement - EmpCode.append(UpdateAddNewECode): null

2018-11-16 11:12:51 - [TEST_STEP][PASSED] - Statement - out.println("


" + UpdateAddNewECode + "


"): null

2018-11-16 11:12:51 - [MESSAGE][PASSED] - Call Test Case 'Test Cases/Final Aug 2018 - PKS Automation/Common/Emp Code Setter' successfully

2018-11-16 11:12:51 - [MESSAGE][PASSED] - Call Test Case 'Test Cases/Final Aug 2018 - PKS Automation/Registration Module/Workflow/Update Add New Employee/Template/New Company for Update Add New - Employer' successfully

2018-11-16 11:12:51 - [TEST_STEP][PASSED] - callTestCase: Call Test Case 'Test Cases/Final Aug 2018 - PKS Automation/Create Employer Acc/Login to Employer Account (Second time)' successfully

2018-11-16 11:12:51 - [TEST_CASE][PASSED] - Test Cases/Final Aug 2018 - PKS Automation/Create Employer Acc/Login to Employer Account (Second time): Test Cases/Final Aug 2018 - PKS Automation/Create Employer Acc/Login to Employer Account (Second time)

2018-11-16 11:12:51 - [TEST_STEP][PASSED] - openBrowser: Browser is opened with url: ''

2018-11-16 11:12:51 - [MESSAGE][WARNING] - A browser is already opened. Closing browser and opening a new one

2018-11-16 11:12:56 - [MESSAGE][PASSED] - Browser is opened with url: ''

2018-11-16 11:12:56 - [TEST_STEP][PASSED] - navigateToUrl: Navigate to 'https://assist2-uat.perkeso.gov.my/employer/login' successfully

2018-11-16 11:12:59 - [MESSAGE][PASSED] - Navigate to 'https://assist2-uat.perkeso.gov.my/employer/login' successfully

2018-11-16 11:12:59 - [TEST_STEP][PASSED] - delay: Delayed 3 second(s)

2018-11-16 11:13:02 - [MESSAGE][PASSED] - Delayed 3 second(s)

2018-11-16 11:13:02 - [TEST_STEP][PASSED] - callTestCase: Call Test Case 'Test Cases/Final Aug 2018 - PKS Automation/Create Employer Acc/Template/Employer Email Getter' successfully

2018-11-16 11:13:02 - [TEST_CASE][PASSED] - Test Cases/Final Aug 2018 - PKS Automation/Create Employer Acc/Template/Employer Email Getter: Test Cases/Final Aug 2018 - PKS Automation/Create Employer Acc/Template/Employer Email Getter

2018-11-16 11:13:02 - [TEST_STEP][PASSED] - Statement - Try: null

2018-11-16 11:13:02 - [TEST_STEP][PASSED] - Statement - EmpEmail = new java.io.File(C://EmpEmail.txt): null

2018-11-16 11:13:02 - [TEST_STEP][PASSED] - Statement - bufferread = new java.io.BufferedReader(new java.io.FileReader(EmpEmail)): null

2018-11-16 11:13:02 - [TEST_STEP][PASSED] - Statement - readedVal = bufferread.readLine(): null

2018-11-16 11:13:02 - [TEST_STEP][PASSED] - Statement - out.println(readedVal): null

2018-11-16 11:13:02 - [TEST_STEP][PASSED] - Statement - Email = readedVal: null

2018-11-16 11:13:02 - [MESSAGE][PASSED] - Call Test Case 'Test Cases/Final Aug 2018 - PKS Automation/Create Employer Acc/Template/Employer Email Getter' successfully

2018-11-16 11:13:02 - [TEST_STEP][PASSED] - setText: Text 'perkeso269428151930@gmail.com' is set on object 'Object Repository/Final Object Repo/Login Page/External Login Page/Email'

2018-11-16 11:13:02 - [MESSAGE][PASSED] - Text 'perkeso269428151930@gmail.com' is set on object 'Object Repository/Final Object Repo/Login Page/External Login Page/Email'

2018-11-16 11:13:02 - [TEST_STEP][PASSED] - click: Object: 'Object Repository/Final Object Repo/Login Page/External Login Page/Next' is clicked on

2018-11-16 11:13:02 - [MESSAGE][PASSED] - Object: 'Object Repository/Final Object Repo/Login Page/External Login Page/Next' is clicked on

2018-11-16 11:13:02 - [TEST_STEP][PASSED] - delay: Delayed 3 second(s)

2018-11-16 11:13:05 - [MESSAGE][PASSED] - Delayed 3 second(s)

2018-11-16 11:13:05 - [TEST_STEP][PASSED] - setEncryptedText: Text ****** has been set on object 'Object Repository/Final Object Repo/Login Page/External Login Page/Password'

2018-11-16 11:13:05 - [MESSAGE][PASSED] - Text ****** has been set on object 'Object Repository/Final Object Repo/Login Page/External Login Page/Password'

2018-11-16 11:13:05 - [TEST_STEP][PASSED] - click: Object: 'Object Repository/Final Object Repo/Login Page/External Login Page/Login' is clicked on

2018-11-16 11:13:15 - [MESSAGE][PASSED] - Object: 'Object Repository/Final Object Repo/Login Page/External Login Page/Login' is clicked on

2018-11-16 11:13:15 - [TEST_STEP][PASSED] - delay: Delayed 5 second(s)

2018-11-16 11:13:20 - [MESSAGE][PASSED] - Delayed 5 second(s)

2018-11-16 11:13:20 - [MESSAGE][PASSED] - Call Test Case 'Test Cases/Final Aug 2018 - PKS Automation/Create Employer Acc/Login to Employer Account (Second time)' successfully

2018-11-16 11:13:20 - [TEST_STEP][PASSED] - Statement - Try: Delayed 2 second(s)

2018-11-16 11:13:20 - [TEST_STEP][PASSED] - Statement - Checker = false: null

2018-11-16 11:13:20 - [TEST_STEP][PASSED] - Statement - Checker = com.kms.katalon.core.webui.keyword.WebUiBuiltInKeywords.verifyElementHasAttribute(com.kms.katalon.core.testobject.ObjectRepository.findTestObject(Final Object Repo/Landing Page/BM Detecting), "href", 20, OPTIONAL): Object 'Object Repository/Final Object Repo/Landing Page/BM Detecting' has attribute 'href'

2018-11-16 11:13:20 - [MESSAGE][PASSED] - Object 'Object Repository/Final Object Repo/Landing Page/BM Detecting' has attribute 'href'

2018-11-16 11:13:20 - [TEST_STEP][PASSED] - Statement - out.println(Checker): null

2018-11-16 11:13:20 - [TEST_STEP][PASSED] - Statement - If (Checker == false): null

2018-11-16 11:13:20 - [TEST_STEP][PASSED] - Statement - Else: null

2018-11-16 11:13:20 - [TEST_STEP][PASSED] - delay: Delayed 2 second(s)

2018-11-16 11:13:22 - [MESSAGE][PASSED] - Delayed 2 second(s)

2018-11-16 11:13:22 - [TEST_STEP][PASSED] - navigateToUrl: Navigate to 'https://assist2-uat.perkeso.gov.my/web/registration/update/update-employee-information-employer-' successfully

2018-11-16 11:13:25 - [MESSAGE][PASSED] - Navigate to 'https://assist2-uat.perkeso.gov.my/web/registration/update/update-employee-information-employer-' successfully

2018-11-16 11:13:25 - [TEST_STEP][PASSED] - click: Object: 'Object Repository/Final Object Repo/Page_Update Employee Information By Employer/Edit Button' is clicked on

2018-11-16 11:13:29 - [MESSAGE][PASSED] - Object: 'Object Repository/Final Object Repo/Page_Update Employee Information By Employer/Edit Button' is clicked on

2018-11-16 11:13:29 - [TEST_STEP][PASSED] - click: Object: 'Object Repository/Final Object Repo/Page_Update Employee Information By Employer/Employee Name or New Identification' is clicked on

2018-11-16 11:13:29 - [MESSAGE][PASSED] - Object: 'Object Repository/Final Object Repo/Page_Update Employee Information By Employer/Employee Name or New Identification' is clicked on

2018-11-16 11:13:29 - [TEST_STEP][PASSED] - delay: Delayed 1 second(s)

2018-11-16 11:13:30 - [MESSAGE][PASSED] - Delayed 1 second(s)

2018-11-16 11:13:30 - [TEST_STEP][PASSED] - click: Object: 'Object Repository/Final Object Repo/Page_Update Employee Information By Employer/Selection - Employee Name' is clicked on

2018-11-16 11:13:31 - [MESSAGE][PASSED] - Object: 'Object Repository/Final Object Repo/Page_Update Employee Information By Employer/Selection - Employee Name' is clicked on

2018-11-16 11:13:31 - [TEST_STEP][PASSED] - delay: Delayed 1 second(s)

2018-11-16 11:13:32 - [MESSAGE][PASSED] - Delayed 1 second(s)

2018-11-16 11:13:32 - [TEST_STEP][PASSED] - setText: Text 'AUTOMATE001 ELIGIBLE 1' is set on object 'Object Repository/Final Object Repo/Page_Update Employee Information By Employer/Employee Name'

2018-11-16 11:13:32 - [MESSAGE][PASSED] - Text 'AUTOMATE001 ELIGIBLE 1' is set on object 'Object Repository/Final Object Repo/Page_Update Employee Information By Employer/Employee Name'

2018-11-16 11:13:32 - [TEST_STEP][PASSED] - delay: Delayed 2 second(s)

2018-11-16 11:13:34 - [MESSAGE][PASSED] - Delayed 2 second(s)

2018-11-16 11:13:34 - [TEST_STEP][PASSED] - click: Object: 'Object Repository/Final Object Repo/Page_Update Employee Information By Employer/Search Employee' is clicked on

2018-11-16 11:13:34 - [MESSAGE][PASSED] - Object: 'Object Repository/Final Object Repo/Page_Update Employee Information By Employer/Search Employee' is clicked on

2018-11-16 11:13:34 - [TEST_STEP][PASSED] - delay: Delayed 3 second(s)

2018-11-16 11:13:37 - [MESSAGE][PASSED] - Delayed 3 second(s)

2018-11-16 11:13:37 - [TEST_STEP][PASSED] - click: Object: 'Object Repository/Final Object Repo/Page_Update Employee Information By Employer/Employee Edit Button' is clicked on

2018-11-16 11:13:38 - [MESSAGE][PASSED] - Object: 'Object Repository/Final Object Repo/Page_Update Employee Information By Employer/Employee Edit Button' is clicked on

2018-11-16 11:13:38 - [TEST_STEP][PASSED] - delay: Delayed 3 second(s)

2018-11-16 11:13:41 - [MESSAGE][PASSED] - Delayed 3 second(s)

2018-11-16 11:13:41 - [TEST_STEP][PASSED] - setText: Text '' is set on object 'Object Repository/Final Object Repo/Page_Update Employee Information By Employer/Identification Number'

2018-11-16 11:13:41 - [MESSAGE][PASSED] - Text '' is set on object 'Object Repository/Final Object Repo/Page_Update Employee Information By Employer/Identification Number'

2018-11-16 11:13:41 - [TEST_STEP][PASSED] - Statement - rnd = new java.util.Random(): null

2018-11-16 11:13:41 - [TEST_STEP][PASSED] - Statement - snum = rnd.nextInt(899999 + 1) + 100000: null

2018-11-16 11:13:41 - [TEST_STEP][PASSED] - Statement - tnum = rnd.nextInt(899999 + 1) + 100000: null

2018-11-16 11:13:41 - [TEST_STEP][PASSED] - Statement - IC = java.lang.Integer.toString(snum) + java.lang.Integer.toString(tnum): null

2018-11-16 11:13:41 - [TEST_STEP][PASSED] - Statement - out.println(IC): null

2018-11-16 11:13:41 - [TEST_STEP][PASSED] - setText: Text '274768362087' is set on object 'Object Repository/Final Object Repo/Page_Update Employee Information By Employer/Identification Number'

2018-11-16 11:13:41 - [MESSAGE][PASSED] - Text '274768362087' is set on object 'Object Repository/Final Object Repo/Page_Update Employee Information By Employer/Identification Number'

2018-11-16 11:13:41 - [TEST_STEP][PASSED] - click: Object: 'Object Repository/Final Object Repo/Page_Update Employee Information By Employer/Save' is clicked on

2018-11-16 11:13:46 - [MESSAGE][PASSED] - Object: 'Object Repository/Final Object Repo/Page_Update Employee Information By Employer/Save' is clicked on

2018-11-16 11:13:46 - [TEST_STEP][PASSED] - delay: Delayed 5 second(s)

2018-11-16 11:13:51 - [MESSAGE][PASSED] - Delayed 5 second(s)

2018-11-16 11:13:51 - [TEST_STEP][PASSED] - Statement - CaseReferenceNo = com.kms.katalon.core.webui.keyword.WebUiBuiltInKeywords.getText(com.kms.katalon.core.testobject.ObjectRepository.findTestObject(Final Object Repo/Reference Number/Reference Number in Update Employee Information Page)): Text of object 'Object Repository/Final Object Repo/Reference Number/Reference Number in Update Employee Information Page' is: 'CUN112018C100005484'

2018-11-16 11:13:51 - [MESSAGE][PASSED] - Text of object 'Object Repository/Final Object Repo/Reference Number/Reference Number in Update Employee Information Page' is: 'CUN112018C100005484'

2018-11-16 11:13:51 - [TEST_STEP][PASSED] - callTestCase: Call Test Case 'Test Cases/Final Aug 2018 - PKS Automation/Common/Reference Number Setter' successfully

2018-11-16 11:13:51 - [TEST_CASE][PASSED] - Test Cases/Final Aug 2018 - PKS Automation/Common/Reference Number Setter: Test Cases/Final Aug 2018 - PKS Automation/Common/Reference Number Setter

2018-11-16 11:13:51 - [TEST_STEP][PASSED] - Statement - RefNoOldFile = new java.io.File(C://KatalonReference.txt): null

2018-11-16 11:13:51 - [TEST_STEP][PASSED] - Statement - RefNoOldFile.delete(): null

2018-11-16 11:13:51 - [TEST_STEP][PASSED] - delay: Delayed 5 second(s)

2018-11-16 11:13:56 - [MESSAGE][PASSED] - Delayed 5 second(s)

2018-11-16 11:13:56 - [TEST_STEP][PASSED] - Statement - RefNo = new java.io.File(C://KatalonReference.txt): null

2018-11-16 11:13:56 - [TEST_STEP][PASSED] - Statement - f2 = new java.io.FileWriter(RefNo, false): null

2018-11-16 11:13:56 - [TEST_STEP][PASSED] - Statement - f2.write(CaseReferenceNo): null

2018-11-16 11:13:56 - [TEST_STEP][PASSED] - Statement - f2.close(): null

2018-11-16 11:13:56 - [TEST_STEP][PASSED] - Statement - out.println("


" + CaseReferenceNo + "


"): null

2018-11-16 11:13:56 - [MESSAGE][PASSED] - Call Test Case 'Test Cases/Final Aug 2018 - PKS Automation/Common/Reference Number Setter' successfully

2018-11-16 11:13:56 - [TEST_STEP][PASSED] - delay: Delayed 5 second(s)

2018-11-16 11:14:01 - [MESSAGE][PASSED] - Delayed 5 second(s)

2018-11-16 11:14:01 - [TEST_STEP][PASSED] - click: Object: 'Object Repository/Final Object Repo/Page_Update Employee Information By Employer/Save  Continue in  Employee Information Page' is clicked on

2018-11-16 11:14:05 - [MESSAGE][PASSED] - Object: 'Object Repository/Final Object Repo/Page_Update Employee Information By Employer/Save  Continue in  Employee Information Page' is clicked on

2018-11-16 11:14:05 - [TEST_STEP][PASSED] - delay: Delayed 5 second(s)

2018-11-16 11:14:10 - [MESSAGE][PASSED] - Delayed 5 second(s)

2018-11-16 11:14:10 - [TEST_STEP][PASSED] - click: Object: 'Object Repository/Final Object Repo/Page_Update Employee Information By Employer/Save  Continue in Uploading Page 1' is clicked on

2018-11-16 11:14:15 - [MESSAGE][PASSED] - Object: 'Object Repository/Final Object Repo/Page_Update Employee Information By Employer/Save  Continue in Uploading Page 1' is clicked on

2018-11-16 11:14:15 - [TEST_STEP][PASSED] - delay: Delayed 5 second(s)

2018-11-16 11:14:20 - [MESSAGE][PASSED] - Delayed 5 second(s)

2018-11-16 11:14:20 - [TEST_STEP][PASSED] - click: Object: 'Object Repository/Final Object Repo/Page_Update Employee Information By Employer/Submit' is clicked on

2018-11-16 11:14:20 - [MESSAGE][PASSED] - Object: 'Object Repository/Final Object Repo/Page_Update Employee Information By Employer/Submit' is clicked on

2018-11-16 11:14:20 - [TEST_STEP][PASSED] - delay: Delayed 5 second(s)

2018-11-16 11:14:25 - [MESSAGE][PASSED] - Delayed 5 second(s)

2018-11-16 11:14:25 - [TEST_STEP][PASSED] - click: Object: 'Object Repository/Final Object Repo/Page_Update Employee Information By Employer/Confirm' is clicked on

2018-11-16 11:14:31 - [MESSAGE][PASSED] - Object: 'Object Repository/Final Object Repo/Page_Update Employee Information By Employer/Confirm' is clicked on

2018-11-16 11:14:31 - [TEST_STEP][PASSED] - delay: Delayed 5 second(s)

2018-11-16 11:14:36 - [MESSAGE][PASSED] - Delayed 5 second(s)

2018-11-16 11:14:36 - [TEST_STEP][PASSED] - verifyElementVisible: Object 'Object Repository/Final Object Repo/Page_Update Employee Information By Employer/Successfull Message Routed to UO' is visible

2018-11-16 11:14:36 - [MESSAGE][PASSED] - Object 'Object Repository/Final Object Repo/Page_Update Employee Information By Employer/Successfull Message Routed to UO' is visible

2018-11-16 11:14:36 - [MESSAGE][PASSED] - Call Test Case 'Test Cases/Final Aug 2018 - PKS Automation/Registration Module/Workflow/Update Employee Information (Employer)/Template/Update Employer Information - Special Case (Employer)' successfully

2018-11-16 11:14:36 - [TEST_STEP][FAILED] - callTestCase: Unable to call Test Case with id 'Test Cases/Final Aug 2018 - PKS Automation/Registration Module/Workflow/Update Employee Information (Employer)/Template/Update Employee Information - Special Case - UO(Query)' (Root cause: Call Test Case 'Test Cases/Final Aug 2018 - PKS Automation/Registration Module/Workflow/Update Employee Information (Employer)/Template/Update Employee Information - Special Case - UO(Query)' failed because of error(s))

2018-11-16 11:14:36 - [TEST_CASE][ERROR] - Test Cases/Final Aug 2018 - PKS Automation/Registration Module/Workflow/Update Employee Information (Employer)/Template/Update Employee Information - Special Case - UO(Query): Test Cases/Final Aug 2018 - PKS Automation/Registration Module/Workflow/Update Employee Information (Employer)/Template/Update Employee Information - Special Case - UO(Query) FAILED because (of) (Stack trace: java.lang.IllegalArgumentException: Cannot find test case with id 'Test Cases/Final Aug 2018 - PKS Automation/Registration/Search Pending Case For Add Supporting Document (OTC)'
	at com.kms.katalon.core.testcase.TestCaseFactory.findTestCase(TestCaseFactory.java:72)
	at com.kms.katalon.core.testcase.TestCaseFactory$findTestCase.callStatic(Unknown Source)
	at org.codehaus.groovy.runtime.callsite.CallSiteArray.defaultCallStatic(CallSiteArray.java:56)
	at org.codehaus.groovy.runtime.callsite.AbstractCallSite.callStatic(AbstractCallSite.java:194)
	at org.codehaus.groovy.runtime.callsite.AbstractCallSite.callStatic(AbstractCallSite.java:206)
	at Script1537848281437.run(Script1537848281437.groovy:83)
	at com.kms.katalon.core.main.ScriptEngine.run(ScriptEngine.java:183)
	at com.kms.katalon.core.main.ScriptEngine.runScriptAsRawText(ScriptEngine.java:108)
	at com.kms.katalon.core.main.TestCaseExecutor.runScript(TestCaseExecutor.java:294)
	at com.kms.katalon.core.main.TestCaseExecutor.doExecute(TestCaseExecutor.java:285)
	at com.kms.katalon.core.main.TestCaseExecutor.processExecutionPhase(TestCaseExecutor.java:264)
	at com.kms.katalon.core.main.TestCaseExecutor.accessMainPhase(TestCaseExecutor.java:256)
	at com.kms.katalon.core.main.TestCaseExecutor.execute(TestCaseExecutor.java:200)
	at com.kms.katalon.core.main.TestCaseMain.runTestCase(TestCaseMain.java:99)
	at com.kms.katalon.core.keyword.builtin.CallTestCaseKeyword$_callTestCase_closure1.doCall(CallTestCaseKeyword.groovy:60)
	at com.kms.katalon.core.keyword.builtin.CallTestCaseKeyword$_callTestCase_closure1.call(CallTestCaseKeyword.groovy)
	at com.kms.katalon.core.keyword.internal.KeywordMain.runKeyword(KeywordMain.groovy:54)
	at com.kms.katalon.core.keyword.builtin.CallTestCaseKeyword.callTestCase(CallTestCaseKeyword.groovy:81)
	at com.kms.katalon.core.keyword.builtin.CallTestCaseKeyword.execute(CallTestCaseKeyword.groovy:45)
	at com.kms.katalon.core.keyword.internal.KeywordExecutor.executeKeywordForPlatform(KeywordExecutor.groovy:53)
	at com.kms.katalon.core.keyword.BuiltinKeywords.callTestCase(BuiltinKeywords.groovy:334)
	at sun.reflect.GeneratedMethodAccessor13.invoke(Unknown Source)
	at sun.reflect.DelegatingMethodAccessorImpl.invoke(DelegatingMethodAccessorImpl.java:43)
	at java.lang.reflect.Method.invoke(Method.java:498)
	at org.codehaus.groovy.reflection.CachedMethod.invoke(CachedMethod.java:93)
	at groovy.lang.MetaMethod.doMethodInvoke(MetaMethod.java:325)
	at groovy.lang.MetaClassImpl.invokeStaticMethod(MetaClassImpl.java:1469)
	at org.codehaus.groovy.runtime.callsite.StaticMetaClassSite.call(StaticMetaClassSite.java:53)
	at org.codehaus.groovy.runtime.callsite.CallSiteArray.defaultCall(CallSiteArray.java:48)
	at org.codehaus.groovy.runtime.callsite.AbstractCallSite.call(AbstractCallSite.java:113)
	at org.codehaus.groovy.runtime.callsite.AbstractCallSite.call(AbstractCallSite.java:141)
	at Script1536728688204.run(Script1536728688204.groovy:25)
	at com.kms.katalon.core.main.ScriptEngine.run(ScriptEngine.java:183)
	at com.kms.katalon.core.main.ScriptEngine.runScriptAsRawText(ScriptEngine.java:108)
	at com.kms.katalon.core.main.TestCaseExecutor.runScript(TestCaseExecutor.java:294)
	at com.kms.katalon.core.main.TestCaseExecutor.doExecute(TestCaseExecutor.java:285)
	at com.kms.katalon.core.main.TestCaseExecutor.processExecutionPhase(TestCaseExecutor.java:264)
	at com.kms.katalon.core.main.TestCaseExecutor.accessMainPhase(TestCaseExecutor.java:256)
	at com.kms.katalon.core.main.TestCaseExecutor.execute(TestCaseExecutor.java:200)
	at com.kms.katalon.core.main.TestSuiteExecutor.accessTestCaseMainPhase(TestSuiteExecutor.java:129)
	at com.kms.katalon.core.main.TestSuiteExecutor.accessTestSuiteMainPhase(TestSuiteExecutor.java:112)
	at com.kms.katalon.core.main.TestSuiteExecutor.execute(TestSuiteExecutor.java:81)
	at com.kms.katalon.core.main.TestCaseMain.startTestSuite(TestCaseMain.java:142)
	at com.kms.katalon.core.main.TestCaseMain$startTestSuite$0.call(Unknown Source)
	at org.codehaus.groovy.runtime.callsite.CallSiteArray.defaultCall(CallSiteArray.java:48)
	at org.codehaus.groovy.runtime.callsite.AbstractCallSite.call(AbstractCallSite.java:113)
	at org.codehaus.groovy.runtime.callsite.AbstractCallSite.call(AbstractCallSite.java:141)
	at TempTestSuite1542336603806.run(TempTestSuite1542336603806.groovy:36)
	at groovy.lang.GroovyShell.runScriptOrMainOrTestOrRunnable(GroovyShell.java:263)
	at groovy.lang.GroovyShell.run(GroovyShell.java:518)
	at groovy.lang.GroovyShell.run(GroovyShell.java:507)
	at groovy.ui.GroovyMain.processOnce(GroovyMain.java:653)
	at groovy.ui.GroovyMain.run(GroovyMain.java:384)
	at groovy.ui.GroovyMain.process(GroovyMain.java:370)
	at groovy.ui.GroovyMain.processArgs(GroovyMain.java:129)
	at groovy.ui.GroovyMain.main(GroovyMain.java:109)
	at sun.reflect.NativeMethodAccessorImpl.invoke0(Native Method)
	at sun.reflect.NativeMethodAccessorImpl.invoke(NativeMethodAccessorImpl.java:62)
	at sun.reflect.DelegatingMethodAccessorImpl.invoke(DelegatingMethodAccessorImpl.java:43)
	at java.lang.reflect.Method.invoke(Method.java:498)
	at org.codehaus.groovy.tools.GroovyStarter.rootLoader(GroovyStarter.java:109)
	at org.codehaus.groovy.tools.GroovyStarter.main(GroovyStarter.java:131)
)

2018-11-16 11:14:36 - [TEST_STEP][NOT_RUN] - callTestCase: NOT_RUN: callTestCase

2018-11-16 11:14:36 - [MESSAGE][NOT_RUN] - NOT_RUN: callTestCase

2018-11-16 11:14:36 - [TEST_STEP][PASSED] - delay: Delayed 2 second(s)

2018-11-16 11:14:38 - [MESSAGE][PASSED] - Delayed 2 second(s)

2018-11-16 11:14:38 - [TEST_STEP][PASSED] - navigateToUrl: Navigate to 'https://assist2-uat.perkeso.gov.my/c/portal/logout' successfully

2018-11-16 11:14:40 - [MESSAGE][PASSED] - Navigate to 'https://assist2-uat.perkeso.gov.my/c/portal/logout' successfully

2018-11-16 11:14:40 - [TEST_STEP][PASSED] - delay: Delayed 2 second(s)

2018-11-16 11:14:42 - [MESSAGE][PASSED] - Delayed 2 second(s)

2018-11-16 11:14:42 - [TEST_STEP][PASSED] - callTestCase: Call Test Case 'Test Cases/Final Aug 2018 - PKS Automation/Common/Reference Number Getter' successfully

2018-11-16 11:14:42 - [TEST_CASE][PASSED] - Test Cases/Final Aug 2018 - PKS Automation/Common/Reference Number Getter: Test Cases/Final Aug 2018 - PKS Automation/Common/Reference Number Getter

2018-11-16 11:14:42 - [TEST_STEP][PASSED] - Statement - Try: null

2018-11-16 11:14:42 - [TEST_STEP][PASSED] - Statement - RefNo = new java.io.File(C://KatalonReference.txt): null

2018-11-16 11:14:42 - [TEST_STEP][PASSED] - Statement - bufferread = new java.io.BufferedReader(new java.io.FileReader(RefNo)): null

2018-11-16 11:14:42 - [TEST_STEP][PASSED] - Statement - readedVal = bufferread.readLine(): null

2018-11-16 11:14:42 - [TEST_STEP][PASSED] - Statement - out.println(CaseReferenceNo): null

2018-11-16 11:14:42 - [TEST_STEP][PASSED] - Statement - out.println(readedVal): null

2018-11-16 11:14:42 - [TEST_STEP][PASSED] - Statement - CaseReferenceNo = "": null

2018-11-16 11:14:42 - [TEST_STEP][PASSED] - Statement - CaseReferenceNo = readedVal: null

2018-11-16 11:14:42 - [MESSAGE][PASSED] - Call Test Case 'Test Cases/Final Aug 2018 - PKS Automation/Common/Reference Number Getter' successfully

2018-11-16 11:14:42 - [TEST_STEP][PASSED] - callTestCase: Call Test Case 'Test Cases/Final Aug 2018 - PKS Automation/Common/Workflow Owner Finder' successfully

2018-11-16 11:14:42 - [TEST_CASE][PASSED] - Test Cases/Final Aug 2018 - PKS Automation/Common/Workflow Owner Finder: Test Cases/Final Aug 2018 - PKS Automation/Common/Workflow Owner Finder

2018-11-16 11:14:42 - [TEST_STEP][PASSED] - openBrowser: Browser is opened with url: ''

2018-11-16 11:14:42 - [MESSAGE][WARNING] - A browser is already opened. Closing browser and opening a new one

2018-11-16 11:14:47 - [MESSAGE][PASSED] - Browser is opened with url: ''

2018-11-16 11:14:47 - [TEST_STEP][PASSED] - navigateToUrl: Navigate to 'https://assist2-uat.perkeso.gov.my/login' successfully

2018-11-16 11:14:49 - [MESSAGE][PASSED] - Navigate to 'https://assist2-uat.perkeso.gov.my/login' successfully

2018-11-16 11:14:49 - [TEST_STEP][PASSED] - delay: Delayed 5 second(s)

2018-11-16 11:14:54 - [MESSAGE][PASSED] - Delayed 5 second(s)

2018-11-16 11:14:54 - [TEST_STEP][PASSED] - setText: Text 'test@liferay.com' is set on object 'Object Repository/Final Object Repo/Login Page/Internal User/Email Address'

2018-11-16 11:14:54 - [MESSAGE][PASSED] - Text 'test@liferay.com' is set on object 'Object Repository/Final Object Repo/Login Page/Internal User/Email Address'

2018-11-16 11:14:54 - [TEST_STEP][PASSED] - click: Object: 'Object Repository/Final Object Repo/Login Page/Internal User/Next Button' is clicked on

2018-11-16 11:14:55 - [MESSAGE][PASSED] - Object: 'Object Repository/Final Object Repo/Login Page/Internal User/Next Button' is clicked on

2018-11-16 11:14:55 - [TEST_STEP][PASSED] - delay: Delayed 2 second(s)

2018-11-16 11:14:57 - [MESSAGE][PASSED] - Delayed 2 second(s)

2018-11-16 11:14:57 - [TEST_STEP][PASSED] - setText: Text 'test' is set on object 'Object Repository/Final Object Repo/Login Page/Internal User/Password'

2018-11-16 11:14:57 - [MESSAGE][PASSED] - Text 'test' is set on object 'Object Repository/Final Object Repo/Login Page/Internal User/Password'

2018-11-16 11:14:57 - [TEST_STEP][PASSED] - delay: Delayed 2 second(s)

2018-11-16 11:14:59 - [MESSAGE][PASSED] - Delayed 2 second(s)

2018-11-16 11:14:59 - [TEST_STEP][PASSED] - click: Object: 'Object Repository/Final Object Repo/Login Page/Internal User/Login Button' is clicked on

2018-11-16 11:15:02 - [MESSAGE][PASSED] - Object: 'Object Repository/Final Object Repo/Login Page/Internal User/Login Button' is clicked on

2018-11-16 11:15:02 - [TEST_STEP][PASSED] - Statement - Try: Delayed 2 second(s)

2018-11-16 11:15:02 - [TEST_STEP][PASSED] - Statement - Checker = false: null

2018-11-16 11:15:02 - [TEST_STEP][PASSED] - Statement - Checker = com.kms.katalon.core.webui.keyword.WebUiBuiltInKeywords.verifyElementHasAttribute(com.kms.katalon.core.testobject.ObjectRepository.findTestObject(Final Object Repo/Landing Page/BM Detecting), "href", 20, OPTIONAL): Object 'Object Repository/Final Object Repo/Landing Page/BM Detecting' has attribute 'href'

2018-11-16 11:15:02 - [MESSAGE][PASSED] - Object 'Object Repository/Final Object Repo/Landing Page/BM Detecting' has attribute 'href'

2018-11-16 11:15:02 - [TEST_STEP][PASSED] - Statement - out.println(Checker): null

2018-11-16 11:15:02 - [TEST_STEP][PASSED] - Statement - If (Checker == false): null

2018-11-16 11:15:02 - [TEST_STEP][PASSED] - Statement - Else: null

2018-11-16 11:15:02 - [TEST_STEP][PASSED] - delay: Delayed 2 second(s)

2018-11-16 11:15:04 - [MESSAGE][PASSED] - Delayed 2 second(s)

2018-11-16 11:15:04 - [TEST_STEP][PASSED] - delay: Delayed 3 second(s)

2018-11-16 11:15:07 - [MESSAGE][PASSED] - Delayed 3 second(s)

2018-11-16 11:15:07 - [TEST_STEP][PASSED] - mouseOver: Object: 'Object Repository/Final Object Repo/Landing Page/WorkFlow Menu' is hovered

2018-11-16 11:15:08 - [MESSAGE][PASSED] - Object: 'Object Repository/Final Object Repo/Landing Page/WorkFlow Menu' is hovered

2018-11-16 11:15:08 - [TEST_STEP][PASSED] - delay: Delayed 2 second(s)

2018-11-16 11:15:10 - [MESSAGE][PASSED] - Delayed 2 second(s)

2018-11-16 11:15:10 - [TEST_STEP][PASSED] - click: Object: 'Object Repository/Final Object Repo/Landing Page/Select to Workflow Listing' is clicked on

2018-11-16 11:15:11 - [MESSAGE][PASSED] - Object: 'Object Repository/Final Object Repo/Landing Page/Select to Workflow Listing' is clicked on

2018-11-16 11:15:11 - [TEST_STEP][PASSED] - delay: Delayed 2 second(s)

2018-11-16 11:15:13 - [MESSAGE][PASSED] - Delayed 2 second(s)

2018-11-16 11:15:13 - [TEST_STEP][PASSED] - click: Object: 'Object Repository/Final Object Repo/WorkFlow Listing Page/Search Information - To Put Ref No' is clicked on

2018-11-16 11:15:14 - [MESSAGE][PASSED] - Object: 'Object Repository/Final Object Repo/WorkFlow Listing Page/Search Information - To Put Ref No' is clicked on

2018-11-16 11:15:14 - [TEST_STEP][PASSED] - delay: Delayed 2 second(s)

2018-11-16 11:15:16 - [MESSAGE][PASSED] - Delayed 2 second(s)

2018-11-16 11:15:16 - [TEST_STEP][PASSED] - callTestCase: Call Test Case 'Test Cases/Final Aug 2018 - PKS Automation/Common/Reference Number Getter' successfully

2018-11-16 11:15:16 - [TEST_CASE][PASSED] - Test Cases/Final Aug 2018 - PKS Automation/Common/Reference Number Getter: Test Cases/Final Aug 2018 - PKS Automation/Common/Reference Number Getter

2018-11-16 11:15:16 - [TEST_STEP][PASSED] - Statement - Try: null

2018-11-16 11:15:16 - [TEST_STEP][PASSED] - Statement - RefNo = new java.io.File(C://KatalonReference.txt): null

2018-11-16 11:15:16 - [TEST_STEP][PASSED] - Statement - bufferread = new java.io.BufferedReader(new java.io.FileReader(RefNo)): null

2018-11-16 11:15:16 - [TEST_STEP][PASSED] - Statement - readedVal = bufferread.readLine(): null

2018-11-16 11:15:16 - [TEST_STEP][PASSED] - Statement - out.println(CaseReferenceNo): null

2018-11-16 11:15:16 - [TEST_STEP][PASSED] - Statement - out.println(readedVal): null

2018-11-16 11:15:16 - [TEST_STEP][PASSED] - Statement - CaseReferenceNo = "": null

2018-11-16 11:15:16 - [TEST_STEP][PASSED] - Statement - CaseReferenceNo = readedVal: null

2018-11-16 11:15:16 - [MESSAGE][PASSED] - Call Test Case 'Test Cases/Final Aug 2018 - PKS Automation/Common/Reference Number Getter' successfully

2018-11-16 11:15:16 - [TEST_STEP][PASSED] - setText: Text 'CUN112018C100005484' is set on object 'Object Repository/Final Object Repo/WorkFlow Listing Page/Ref No Set Text'

2018-11-16 11:15:16 - [MESSAGE][PASSED] - Text 'CUN112018C100005484' is set on object 'Object Repository/Final Object Repo/WorkFlow Listing Page/Ref No Set Text'

2018-11-16 11:15:16 - [TEST_STEP][PASSED] - delay: Delayed 2 second(s)

2018-11-16 11:15:18 - [MESSAGE][PASSED] - Delayed 2 second(s)

2018-11-16 11:15:18 - [TEST_STEP][PASSED] - click: Object: 'Object Repository/Final Object Repo/WorkFlow Listing Page/Search Ref No Search Button' is clicked on

2018-11-16 11:15:20 - [MESSAGE][PASSED] - Object: 'Object Repository/Final Object Repo/WorkFlow Listing Page/Search Ref No Search Button' is clicked on

2018-11-16 11:15:20 - [TEST_STEP][PASSED] - delay: Delayed 4 second(s)

2018-11-16 11:15:24 - [MESSAGE][PASSED] - Delayed 4 second(s)

2018-11-16 11:15:24 - [TEST_STEP][PASSED] - click: Object: 'Object Repository/Final Object Repo/WorkFlow Listing Page/Click Continue Tooltip' is clicked on

2018-11-16 11:15:26 - [MESSAGE][PASSED] - Object: 'Object Repository/Final Object Repo/WorkFlow Listing Page/Click Continue Tooltip' is clicked on

2018-11-16 11:15:26 - [TEST_STEP][PASSED] - delay: Delayed 5 second(s)

2018-11-16 11:15:31 - [MESSAGE][PASSED] - Delayed 5 second(s)

2018-11-16 11:15:31 - [TEST_STEP][PASSED] - doubleClick: Object: 'Object Repository/Final Object Repo/WorkFlow Listing Page/Workflow Found - Listing 1' is double clicked on

2018-11-16 11:15:31 - [MESSAGE][PASSED] - Object: 'Object Repository/Final Object Repo/WorkFlow Listing Page/Workflow Found - Listing 1' is double clicked on

2018-11-16 11:15:31 - [TEST_STEP][PASSED] - Statement - println(OwnerID): null

2018-11-16 11:15:31 - [TEST_STEP][PASSED] - Statement - OwnerID = com.kms.katalon.core.webui.keyword.WebUiBuiltInKeywords.getText(com.kms.katalon.core.testobject.ObjectRepository.findTestObject(Final Object Repo/WorkFlow Listing Page/Workflow Found - Listing 1), STOP_ON_FAILURE): Text of object 'Object Repository/Final Object Repo/WorkFlow Listing Page/Workflow Found - Listing 1' is: 'JOHORuo2'

2018-11-16 11:15:31 - [MESSAGE][PASSED] - Text of object 'Object Repository/Final Object Repo/WorkFlow Listing Page/Workflow Found - Listing 1' is: 'JOHORuo2'

2018-11-16 11:15:31 - [TEST_STEP][PASSED] - Statement - OwnerID = OwnerID.toLowerCase() + "@gmail.com": null

2018-11-16 11:15:31 - [TEST_STEP][PASSED] - Statement - println(OwnerID): null

2018-11-16 11:15:31 - [TEST_STEP][PASSED] - delay: Delayed 2 second(s)

2018-11-16 11:15:33 - [MESSAGE][PASSED] - Delayed 2 second(s)

2018-11-16 11:15:33 - [MESSAGE][PASSED] - Call Test Case 'Test Cases/Final Aug 2018 - PKS Automation/Common/Workflow Owner Finder' successfully

2018-11-16 11:15:33 - [TEST_STEP][PASSED] - delay: Delayed 2 second(s)

2018-11-16 11:15:35 - [MESSAGE][PASSED] - Delayed 2 second(s)

2018-11-16 11:15:35 - [TEST_STEP][PASSED] - navigateToUrl: Navigate to 'https://assist2-uat.perkeso.gov.my/c/portal/logout' successfully

2018-11-16 11:15:36 - [MESSAGE][PASSED] - Navigate to 'https://assist2-uat.perkeso.gov.my/c/portal/logout' successfully

2018-11-16 11:15:36 - [TEST_STEP][PASSED] - delay: Delayed 2 second(s)

2018-11-16 11:15:38 - [MESSAGE][PASSED] - Delayed 2 second(s)

2018-11-16 11:15:38 - [TEST_STEP][PASSED] - callTestCase: Call Test Case 'Test Cases/Final Aug 2018 - PKS Automation/Registration Module/Workflow/Login and Search Case For Workflow' successfully

2018-11-16 11:15:38 - [TEST_CASE][PASSED] - Test Cases/Final Aug 2018 - PKS Automation/Registration Module/Workflow/Login and Search Case For Workflow: Test Cases/Final Aug 2018 - PKS Automation/Registration Module/Workflow/Login and Search Case For Workflow

2018-11-16 11:15:39 - [TEST_STEP][PASSED] - navigateToUrl: Navigate to 'https://assist2-uat.perkeso.gov.my/login' successfully

2018-11-16 11:15:40 - [MESSAGE][PASSED] - Navigate to 'https://assist2-uat.perkeso.gov.my/login' successfully

2018-11-16 11:15:40 - [TEST_STEP][PASSED] - setText: Text 'johoruo2@gmail.com' is set on object 'Object Repository/Final Object Repo/Login Page/Internal User/Email Address'

2018-11-16 11:15:40 - [MESSAGE][PASSED] - Text 'johoruo2@gmail.com' is set on object 'Object Repository/Final Object Repo/Login Page/Internal User/Email Address'

2018-11-16 11:15:40 - [TEST_STEP][PASSED] - click: Object: 'Object Repository/Final Object Repo/Login Page/Internal User/Next Button' is clicked on

2018-11-16 11:15:40 - [MESSAGE][PASSED] - Object: 'Object Repository/Final Object Repo/Login Page/Internal User/Next Button' is clicked on

2018-11-16 11:15:40 - [TEST_STEP][PASSED] - delay: Delayed 1 second(s)

2018-11-16 11:15:41 - [MESSAGE][PASSED] - Delayed 1 second(s)

2018-11-16 11:15:41 - [TEST_STEP][PASSED] - setEncryptedText: Text ****** has been set on object 'Object Repository/Final Object Repo/Login Page/Internal User/Password'

2018-11-16 11:15:41 - [MESSAGE][PASSED] - Text ****** has been set on object 'Object Repository/Final Object Repo/Login Page/Internal User/Password'

2018-11-16 11:15:41 - [TEST_STEP][PASSED] - click: Object: 'Object Repository/Final Object Repo/Login Page/Internal User/Login Button' is clicked on

2018-11-16 11:15:44 - [MESSAGE][PASSED] - Object: 'Object Repository/Final Object Repo/Login Page/Internal User/Login Button' is clicked on

2018-11-16 11:15:44 - [TEST_STEP][PASSED] - delay: Delayed 2 second(s)

2018-11-16 11:15:46 - [MESSAGE][PASSED] - Delayed 2 second(s)

2018-11-16 11:15:46 - [TEST_STEP][PASSED] - Statement - Try: Delayed 2 second(s)

2018-11-16 11:15:46 - [TEST_STEP][PASSED] - Statement - Checker = false: null

2018-11-16 11:15:46 - [TEST_STEP][PASSED] - Statement - Checker = com.kms.katalon.core.webui.keyword.WebUiBuiltInKeywords.verifyElementHasAttribute(com.kms.katalon.core.testobject.ObjectRepository.findTestObject(Final Object Repo/Landing Page/BM Detecting), "href", 20, OPTIONAL): Object 'Object Repository/Final Object Repo/Landing Page/BM Detecting' has attribute 'href'

2018-11-16 11:15:46 - [MESSAGE][PASSED] - Object 'Object Repository/Final Object Repo/Landing Page/BM Detecting' has attribute 'href'

2018-11-16 11:15:46 - [TEST_STEP][PASSED] - Statement - out.println(Checker): null

2018-11-16 11:15:46 - [TEST_STEP][PASSED] - Statement - If (Checker == false): null

2018-11-16 11:15:46 - [TEST_STEP][PASSED] - Statement - Else: null

2018-11-16 11:15:46 - [TEST_STEP][PASSED] - delay: Delayed 2 second(s)

2018-11-16 11:15:48 - [MESSAGE][PASSED] - Delayed 2 second(s)

2018-11-16 11:15:48 - [TEST_STEP][PASSED] - click: Object: 'Object Repository/Final Object Repo/Page_MyASSIST - ASSIST - Search Pending Case For Add Supporting Document/Search Information' is clicked on

2018-11-16 11:15:48 - [MESSAGE][PASSED] - Object: 'Object Repository/Final Object Repo/Page_MyASSIST - ASSIST - Search Pending Case For Add Supporting Document/Search Information' is clicked on

2018-11-16 11:15:48 - [TEST_STEP][PASSED] - delay: Delayed 3 second(s)

2018-11-16 11:15:51 - [MESSAGE][PASSED] - Delayed 3 second(s)

2018-11-16 11:15:51 - [TEST_STEP][PASSED] - sendKeys: Keys 'CUN112018C100005484' sent to object: 'Object Repository/Final Object Repo/Page_MyASSIST - ASSIST - Search Pending Case For Add Supporting Document/Reference No'

2018-11-16 11:15:52 - [MESSAGE][PASSED] - Keys 'CUN112018C100005484' sent to object: 'Object Repository/Final Object Repo/Page_MyASSIST - ASSIST - Search Pending Case For Add Supporting Document/Reference No'

2018-11-16 11:15:52 - [TEST_STEP][PASSED] - click: Object: 'Object Repository/Final Object Repo/Page_MyASSIST - ASSIST - Search Pending Case For Add Supporting Document/Search Reference No' is clicked on

2018-11-16 11:15:53 - [MESSAGE][PASSED] - Object: 'Object Repository/Final Object Repo/Page_MyASSIST - ASSIST - Search Pending Case For Add Supporting Document/Search Reference No' is clicked on

2018-11-16 11:15:53 - [TEST_STEP][PASSED] - delay: Delayed 2 second(s)

2018-11-16 11:15:55 - [MESSAGE][PASSED] - Delayed 2 second(s)

2018-11-16 11:15:55 - [TEST_STEP][PASSED] - click: Object: 'Object Repository/Final Object Repo/Page_MyASSIST - ASSIST - Search Pending Case For Add Supporting Document/Continue' is clicked on

2018-11-16 11:16:01 - [MESSAGE][PASSED] - Object: 'Object Repository/Final Object Repo/Page_MyASSIST - ASSIST - Search Pending Case For Add Supporting Document/Continue' is clicked on

2018-11-16 11:16:01 - [TEST_STEP][PASSED] - delay: Delayed 20 second(s)

2018-11-16 11:16:21 - [MESSAGE][PASSED] - Delayed 20 second(s)

2018-11-16 11:16:21 - [MESSAGE][PASSED] - Call Test Case 'Test Cases/Final Aug 2018 - PKS Automation/Registration Module/Workflow/Login and Search Case For Workflow' successfully

2018-11-16 11:16:21 - [TEST_STEP][PASSED] - delay: Delayed 2 second(s)

2018-11-16 11:16:23 - [MESSAGE][PASSED] - Delayed 2 second(s)

2018-11-16 11:16:23 - [TEST_STEP][PASSED] - click: Object: 'Object Repository/Final Object Repo/Page_Update Employee Information By Employer/Page_Update Employee Information by Employer (Approve)/Continue' is clicked on

2018-11-16 11:16:27 - [MESSAGE][PASSED] - Object: 'Object Repository/Final Object Repo/Page_Update Employee Information By Employer/Page_Update Employee Information by Employer (Approve)/Continue' is clicked on

2018-11-16 11:16:27 - [TEST_STEP][PASSED] - delay: Delayed 2 second(s)

2018-11-16 11:16:29 - [MESSAGE][PASSED] - Delayed 2 second(s)

2018-11-16 11:16:29 - [TEST_STEP][PASSED] - click: Object: 'Object Repository/Final Object Repo/Page_Update Employee Information By Employer/Page_Update Employee Information by Employer (Approve)/Save  Continue in Update Employee Information Page' is clicked on

2018-11-16 11:16:33 - [MESSAGE][PASSED] - Object: 'Object Repository/Final Object Repo/Page_Update Employee Information By Employer/Page_Update Employee Information by Employer (Approve)/Save  Continue in Update Employee Information Page' is clicked on

2018-11-16 11:16:33 - [TEST_STEP][PASSED] - delay: Delayed 4 second(s)

2018-11-16 11:16:37 - [MESSAGE][PASSED] - Delayed 4 second(s)

2018-11-16 11:16:37 - [TEST_STEP][PASSED] - setText: Text 'Query' is set on object 'Object Repository/Final Object Repo/Page_Update Employee Information By Employer/Page_Update Employee Information by Employer (Query)/Remark'

2018-11-16 11:16:37 - [MESSAGE][PASSED] - Text 'Query' is set on object 'Object Repository/Final Object Repo/Page_Update Employee Information By Employer/Page_Update Employee Information by Employer (Query)/Remark'

2018-11-16 11:16:37 - [TEST_STEP][PASSED] - delay: Delayed 2 second(s)

2018-11-16 11:16:39 - [MESSAGE][PASSED] - Delayed 2 second(s)

2018-11-16 11:16:39 - [TEST_STEP][PASSED] - click: Object: 'Object Repository/Final Object Repo/Page_Update Employee Information By Employer/Page_Update Employee Information by Employer (Approve)/Save  Continue in Upload Supporting Doucument Page' is clicked on

2018-11-16 11:16:44 - [MESSAGE][PASSED] - Object: 'Object Repository/Final Object Repo/Page_Update Employee Information By Employer/Page_Update Employee Information by Employer (Approve)/Save  Continue in Upload Supporting Doucument Page' is clicked on

2018-11-16 11:16:44 - [TEST_STEP][PASSED] - delay: Delayed 2 second(s)

2018-11-16 11:16:46 - [MESSAGE][PASSED] - Delayed 2 second(s)

2018-11-16 11:16:46 - [TEST_STEP][PASSED] - click: Object: 'Object Repository/Final Object Repo/Page_Update Employee Information By Employer/Page_Update Employee Information by Employer (Query)/Query' is clicked on

2018-11-16 11:16:46 - [MESSAGE][PASSED] - Object: 'Object Repository/Final Object Repo/Page_Update Employee Information By Employer/Page_Update Employee Information by Employer (Query)/Query' is clicked on

2018-11-16 11:16:46 - [TEST_STEP][PASSED] - delay: Delayed 2 second(s)

2018-11-16 11:16:48 - [MESSAGE][PASSED] - Delayed 2 second(s)

2018-11-16 11:16:48 - [TEST_STEP][PASSED] - click: Object: 'Object Repository/Final Object Repo/Page_Update Employee Information By Employer/Page_Update Employee Information by Employer (Approve)/Confirm' is clicked on

2018-11-16 11:16:54 - [MESSAGE][PASSED] - Object: 'Object Repository/Final Object Repo/Page_Update Employee Information By Employer/Page_Update Employee Information by Employer (Approve)/Confirm' is clicked on

2018-11-16 11:16:54 - [TEST_STEP][PASSED] - delay: Delayed 2 second(s)

2018-11-16 11:16:56 - [MESSAGE][PASSED] - Delayed 2 second(s)

2018-11-16 11:16:56 - [TEST_STEP][PASSED] - click: Object: 'Object Repository/Final Object Repo/Page_Update Employee Information By Employer/Page_Update Employee Information by Employer (Query)/Query Message The case is Under Query' is clicked on

2018-11-16 11:16:56 - [MESSAGE][PASSED] - Object: 'Object Repository/Final Object Repo/Page_Update Employee Information By Employer/Page_Update Employee Information by Employer (Query)/Query Message The case is Under Query' is clicked on

2018-11-16 11:16:56 - [TEST_STEP][PASSED] - delay: Delayed 2 second(s)

2018-11-16 11:16:58 - [MESSAGE][PASSED] - Delayed 2 second(s)

2018-11-16 11:16:58 - [TEST_STEP][PASSED] - click: Object: 'Object Repository/Final Object Repo/Page_Update Employee Information By Employer/Page_Update Employee Information by Employer (Query)/Letter of inquiry' is clicked on

2018-11-16 11:17:03 - [MESSAGE][PASSED] - Object: 'Object Repository/Final Object Repo/Page_Update Employee Information By Employer/Page_Update Employee Information by Employer (Query)/Letter of inquiry' is clicked on

2018-11-16 11:17:03 - [TEST_STEP][PASSED] - delay: Delayed 1 second(s)

2018-11-16 11:17:04 - [MESSAGE][PASSED] - Delayed 1 second(s)

2018-11-16 11:17:04 - [TEST_STEP][PASSED] - navigateToUrl: Navigate to 'https://assist2-uat.perkeso.gov.my/c/portal/logout' successfully

2018-11-16 11:17:06 - [MESSAGE][PASSED] - Navigate to 'https://assist2-uat.perkeso.gov.my/c/portal/logout' successfully

2018-11-16 11:17:06 - [TEST_STEP][PASSED] - delay: Delayed 1 second(s)

2018-11-16 11:17:07 - [MESSAGE][PASSED] - Delayed 1 second(s)

2018-11-16 11:17:07 - [TEST_STEP][PASSED] - callTestCase: null

2018-11-16 11:17:07 - [MESSAGE][FAILED] - Unable to call Test Case with id 'Test Cases/Final Aug 2018 - PKS Automation/Registration Module/Workflow/Update Employee Information (Employer)/Template/Update Employee Information - Special Case - UO(Query)' (Root cause: Call Test Case 'Test Cases/Final Aug 2018 - PKS Automation/Registration Module/Workflow/Update Employee Information (Employer)/Template/Update Employee Information - Special Case - UO(Query)' failed because of error(s))]]></system-out>
         <system-err><![CDATA[2018-11-16 11:03:31 - [TEST_CASE][ERROR] - Test Cases/Final Aug 2018 - PKS Automation/Registration Module/Workflow/Update Employee Information (Employer)/Employer - UO (Query): Test Cases/Final Aug 2018 - PKS Automation/Registration Module/Workflow/Update Employee Information (Employer)/Employer - UO (Query) FAILED because (of) (Stack trace: java.lang.IllegalArgumentException: Cannot find test case with id 'Test Cases/Final Aug 2018 - PKS Automation/Registration/Search Pending Case For Add Supporting Document (OTC)'
	at com.kms.katalon.core.testcase.TestCaseFactory.findTestCase(TestCaseFactory.java:72)
	at com.kms.katalon.core.testcase.TestCaseFactory$findTestCase.callStatic(Unknown Source)
	at org.codehaus.groovy.runtime.callsite.CallSiteArray.defaultCallStatic(CallSiteArray.java:56)
	at org.codehaus.groovy.runtime.callsite.AbstractCallSite.callStatic(AbstractCallSite.java:194)
	at org.codehaus.groovy.runtime.callsite.AbstractCallSite.callStatic(AbstractCallSite.java:206)
	at Script1537848281437.run(Script1537848281437.groovy:83)
	at com.kms.katalon.core.main.ScriptEngine.run(ScriptEngine.java:183)
	at com.kms.katalon.core.main.ScriptEngine.runScriptAsRawText(ScriptEngine.java:108)
	at com.kms.katalon.core.main.TestCaseExecutor.runScript(TestCaseExecutor.java:294)
	at com.kms.katalon.core.main.TestCaseExecutor.doExecute(TestCaseExecutor.java:285)
	at com.kms.katalon.core.main.TestCaseExecutor.processExecutionPhase(TestCaseExecutor.java:264)
	at com.kms.katalon.core.main.TestCaseExecutor.accessMainPhase(TestCaseExecutor.java:256)
	at com.kms.katalon.core.main.TestCaseExecutor.execute(TestCaseExecutor.java:200)
	at com.kms.katalon.core.main.TestCaseMain.runTestCase(TestCaseMain.java:99)
	at com.kms.katalon.core.keyword.builtin.CallTestCaseKeyword$_callTestCase_closure1.doCall(CallTestCaseKeyword.groovy:60)
	at com.kms.katalon.core.keyword.builtin.CallTestCaseKeyword$_callTestCase_closure1.call(CallTestCaseKeyword.groovy)
	at com.kms.katalon.core.keyword.internal.KeywordMain.runKeyword(KeywordMain.groovy:54)
	at com.kms.katalon.core.keyword.builtin.CallTestCaseKeyword.callTestCase(CallTestCaseKeyword.groovy:81)
	at com.kms.katalon.core.keyword.builtin.CallTestCaseKeyword.execute(CallTestCaseKeyword.groovy:45)
	at com.kms.katalon.core.keyword.internal.KeywordExecutor.executeKeywordForPlatform(KeywordExecutor.groovy:53)
	at com.kms.katalon.core.keyword.BuiltinKeywords.callTestCase(BuiltinKeywords.groovy:334)
	at sun.reflect.GeneratedMethodAccessor13.invoke(Unknown Source)
	at sun.reflect.DelegatingMethodAccessorImpl.invoke(DelegatingMethodAccessorImpl.java:43)
	at java.lang.reflect.Method.invoke(Method.java:498)
	at org.codehaus.groovy.reflection.CachedMethod.invoke(CachedMethod.java:93)
	at groovy.lang.MetaMethod.doMethodInvoke(MetaMethod.java:325)
	at groovy.lang.MetaClassImpl.invokeStaticMethod(MetaClassImpl.java:1469)
	at org.codehaus.groovy.runtime.callsite.StaticMetaClassSite.call(StaticMetaClassSite.java:53)
	at org.codehaus.groovy.runtime.callsite.CallSiteArray.defaultCall(CallSiteArray.java:48)
	at org.codehaus.groovy.runtime.callsite.AbstractCallSite.call(AbstractCallSite.java:113)
	at org.codehaus.groovy.runtime.callsite.AbstractCallSite.call(AbstractCallSite.java:141)
	at Script1536728688204.run(Script1536728688204.groovy:25)
	at com.kms.katalon.core.main.ScriptEngine.run(ScriptEngine.java:183)
	at com.kms.katalon.core.main.ScriptEngine.runScriptAsRawText(ScriptEngine.java:108)
	at com.kms.katalon.core.main.TestCaseExecutor.runScript(TestCaseExecutor.java:294)
	at com.kms.katalon.core.main.TestCaseExecutor.doExecute(TestCaseExecutor.java:285)
	at com.kms.katalon.core.main.TestCaseExecutor.processExecutionPhase(TestCaseExecutor.java:264)
	at com.kms.katalon.core.main.TestCaseExecutor.accessMainPhase(TestCaseExecutor.java:256)
	at com.kms.katalon.core.main.TestCaseExecutor.execute(TestCaseExecutor.java:200)
	at com.kms.katalon.core.main.TestSuiteExecutor.accessTestCaseMainPhase(TestSuiteExecutor.java:129)
	at com.kms.katalon.core.main.TestSuiteExecutor.accessTestSuiteMainPhase(TestSuiteExecutor.java:112)
	at com.kms.katalon.core.main.TestSuiteExecutor.execute(TestSuiteExecutor.java:81)
	at com.kms.katalon.core.main.TestCaseMain.startTestSuite(TestCaseMain.java:142)
	at com.kms.katalon.core.main.TestCaseMain$startTestSuite$0.call(Unknown Source)
	at org.codehaus.groovy.runtime.callsite.CallSiteArray.defaultCall(CallSiteArray.java:48)
	at org.codehaus.groovy.runtime.callsite.AbstractCallSite.call(AbstractCallSite.java:113)
	at org.codehaus.groovy.runtime.callsite.AbstractCallSite.call(AbstractCallSite.java:141)
	at TempTestSuite1542336603806.run(TempTestSuite1542336603806.groovy:36)
	at groovy.lang.GroovyShell.runScriptOrMainOrTestOrRunnable(GroovyShell.java:263)
	at groovy.lang.GroovyShell.run(GroovyShell.java:518)
	at groovy.lang.GroovyShell.run(GroovyShell.java:507)
	at groovy.ui.GroovyMain.processOnce(GroovyMain.java:653)
	at groovy.ui.GroovyMain.run(GroovyMain.java:384)
	at groovy.ui.GroovyMain.process(GroovyMain.java:370)
	at groovy.ui.GroovyMain.processArgs(GroovyMain.java:129)
	at groovy.ui.GroovyMain.main(GroovyMain.java:109)
	at sun.reflect.NativeMethodAccessorImpl.invoke0(Native Method)
	at sun.reflect.NativeMethodAccessorImpl.invoke(NativeMethodAccessorImpl.java:62)
	at sun.reflect.DelegatingMethodAccessorImpl.invoke(DelegatingMethodAccessorImpl.java:43)
	at java.lang.reflect.Method.invoke(Method.java:498)
	at org.codehaus.groovy.tools.GroovyStarter.rootLoader(GroovyStarter.java:109)
	at org.codehaus.groovy.tools.GroovyStarter.main(GroovyStarter.java:131)
)]]></system-err>
      </testcase>
      <testcase name="Test Cases/Final Aug 2018 - PKS Automation/Registration Module/Workflow/Update Employee Information (Employer)/Employer - UO (Reject)" classname="Test Cases/Final Aug 2018 - PKS Automation/Registration Module/Workflow/Update Employee Information (Employer)/Employer - UO (Reject)" status="PASSED">
         <system-out><![CDATA[2018-11-16 11:17:07 - [TEST_CASE][PASSED] - Test Cases/Final Aug 2018 - PKS Automation/Registration Module/Workflow/Update Employee Information (Employer)/Employer - UO (Reject): Test Cases/Final Aug 2018 - PKS Automation/Registration Module/Workflow/Update Employee Information (Employer)/Employer - UO (Reject)

2018-11-16 11:17:07 - [TEST_STEP][PASSED] - callTestCase: Call Test Case 'Test Cases/Final Aug 2018 - PKS Automation/Registration Module/Workflow/Update Employee Information (Employer)/Template/Update Employer Information - Special Case (Employer)' successfully

2018-11-16 11:17:07 - [TEST_CASE][PASSED] - Test Cases/Final Aug 2018 - PKS Automation/Registration Module/Workflow/Update Employee Information (Employer)/Template/Update Employer Information - Special Case (Employer): Test Cases/Final Aug 2018 - PKS Automation/Registration Module/Workflow/Update Employee Information (Employer)/Template/Update Employer Information - Special Case (Employer)

2018-11-16 11:17:07 - [TEST_STEP][PASSED] - callTestCase: Call Test Case 'Test Cases/Final Aug 2018 - PKS Automation/Registration Module/Workflow/Update Add New Employee/Template/New Company for Update Add New - Employer' successfully

2018-11-16 11:17:07 - [TEST_CASE][PASSED] - Test Cases/Final Aug 2018 - PKS Automation/Registration Module/Workflow/Update Add New Employee/Template/New Company for Update Add New - Employer: Test Cases/Final Aug 2018 - PKS Automation/Registration Module/Workflow/Update Add New Employee/Template/New Company for Update Add New - Employer

2018-11-16 11:17:07 - [TEST_STEP][PASSED] - callTestCase: Call Test Case 'Test Cases/Final Aug 2018 - PKS Automation/Create Employer Acc/Create Employer Account' successfully

2018-11-16 11:17:07 - [TEST_CASE][PASSED] - Test Cases/Final Aug 2018 - PKS Automation/Create Employer Acc/Create Employer Account: Test Cases/Final Aug 2018 - PKS Automation/Create Employer Acc/Create Employer Account

2018-11-16 11:17:07 - [TEST_STEP][PASSED] - callTestCase: Call Test Case 'Test Cases/Final Aug 2018 - PKS Automation/Create Employer Acc/Template/Register Employer' successfully

2018-11-16 11:17:07 - [TEST_CASE][PASSED] - Test Cases/Final Aug 2018 - PKS Automation/Create Employer Acc/Template/Register Employer: Test Cases/Final Aug 2018 - PKS Automation/Create Employer Acc/Template/Register Employer

2018-11-16 11:17:07 - [TEST_STEP][PASSED] - openBrowser: Browser is opened with url: ''

2018-11-16 11:17:07 - [MESSAGE][WARNING] - A browser is already opened. Closing browser and opening a new one

2018-11-16 11:17:12 - [MESSAGE][PASSED] - Browser is opened with url: ''

2018-11-16 11:17:12 - [TEST_STEP][PASSED] - navigateToUrl: Navigate to 'https://assist2-uat.perkeso.gov.my/login' successfully

2018-11-16 11:17:15 - [MESSAGE][PASSED] - Navigate to 'https://assist2-uat.perkeso.gov.my/login' successfully

2018-11-16 11:17:15 - [TEST_STEP][PASSED] - setText: Text 'johorotc1@gmail.com' is set on object 'Object Repository/Final Object Repo/Login Page/Internal User/Email Address'

2018-11-16 11:17:15 - [MESSAGE][PASSED] - Text 'johorotc1@gmail.com' is set on object 'Object Repository/Final Object Repo/Login Page/Internal User/Email Address'

2018-11-16 11:17:15 - [TEST_STEP][PASSED] - click: Object: 'Object Repository/Final Object Repo/Login Page/Internal User/Next Button' is clicked on

2018-11-16 11:17:15 - [MESSAGE][PASSED] - Object: 'Object Repository/Final Object Repo/Login Page/Internal User/Next Button' is clicked on

2018-11-16 11:17:15 - [TEST_STEP][PASSED] - delay: Delayed 1 second(s)

2018-11-16 11:17:16 - [MESSAGE][PASSED] - Delayed 1 second(s)

2018-11-16 11:17:16 - [TEST_STEP][PASSED] - setEncryptedText: Text ****** has been set on object 'Object Repository/Final Object Repo/Login Page/Internal User/Password'

2018-11-16 11:17:16 - [MESSAGE][PASSED] - Text ****** has been set on object 'Object Repository/Final Object Repo/Login Page/Internal User/Password'

2018-11-16 11:17:16 - [TEST_STEP][PASSED] - click: Object: 'Object Repository/Final Object Repo/Login Page/Internal User/Login Button' is clicked on

2018-11-16 11:17:20 - [MESSAGE][PASSED] - Object: 'Object Repository/Final Object Repo/Login Page/Internal User/Login Button' is clicked on

2018-11-16 11:17:20 - [TEST_STEP][PASSED] - delay: Delayed 1 second(s)

2018-11-16 11:17:21 - [MESSAGE][PASSED] - Delayed 1 second(s)

2018-11-16 11:17:21 - [TEST_STEP][PASSED] - navigateToUrl: Navigate to 'https://assist2-uat.perkeso.gov.my/web/base/portal-id/registration' successfully

2018-11-16 11:17:23 - [MESSAGE][PASSED] - Navigate to 'https://assist2-uat.perkeso.gov.my/web/base/portal-id/registration' successfully

2018-11-16 11:17:23 - [TEST_STEP][PASSED] - setText: Text 'AUTOMATION EMPLOYER' is set on object 'Object Repository/Final Object Repo/Creating Employer Account/Page_Registration - ASSIST (Base)/Employer Name'

2018-11-16 11:17:23 - [MESSAGE][PASSED] - Text 'AUTOMATION EMPLOYER' is set on object 'Object Repository/Final Object Repo/Creating Employer Account/Page_Registration - ASSIST (Base)/Employer Name'

2018-11-16 11:17:23 - [TEST_STEP][PASSED] - delay: Delayed 2 second(s)

2018-11-16 11:17:25 - [MESSAGE][PASSED] - Delayed 2 second(s)

2018-11-16 11:17:25 - [TEST_STEP][PASSED] - click: Object: 'Object Repository/Final Object Repo/Creating Employer Account/Page_Registration - ASSIST (Base)/Registration Type' is clicked on

2018-11-16 11:17:25 - [MESSAGE][PASSED] - Object: 'Object Repository/Final Object Repo/Creating Employer Account/Page_Registration - ASSIST (Base)/Registration Type' is clicked on

2018-11-16 11:17:25 - [TEST_STEP][PASSED] - delay: Delayed 2 second(s)

2018-11-16 11:17:27 - [MESSAGE][PASSED] - Delayed 2 second(s)

2018-11-16 11:17:27 - [TEST_STEP][PASSED] - click: Object: 'Object Repository/Final Object Repo/Creating Employer Account/Page_Registration - ASSIST (Base)/Registration Type - Registration No' is clicked on

2018-11-16 11:17:28 - [MESSAGE][PASSED] - Object: 'Object Repository/Final Object Repo/Creating Employer Account/Page_Registration - ASSIST (Base)/Registration Type - Registration No' is clicked on

2018-11-16 11:17:28 - [TEST_STEP][PASSED] - delay: Delayed 2 second(s)

2018-11-16 11:17:30 - [MESSAGE][PASSED] - Delayed 2 second(s)

2018-11-16 11:17:30 - [TEST_STEP][PASSED] - setText: Text '1234567890' is set on object 'Object Repository/Final Object Repo/Creating Employer Account/Page_Registration - ASSIST (Base)/Registration Number'

2018-11-16 11:17:30 - [MESSAGE][PASSED] - Text '1234567890' is set on object 'Object Repository/Final Object Repo/Creating Employer Account/Page_Registration - ASSIST (Base)/Registration Number'

2018-11-16 11:17:30 - [TEST_STEP][PASSED] - delay: Delayed 2 second(s)

2018-11-16 11:17:32 - [MESSAGE][PASSED] - Delayed 2 second(s)

2018-11-16 11:17:32 - [TEST_STEP][PASSED] - setText: Text 'ADDRESS 1' is set on object 'Object Repository/Final Object Repo/Creating Employer Account/Page_Registration - ASSIST (Base)/Postal Address 1'

2018-11-16 11:17:33 - [MESSAGE][PASSED] - Text 'ADDRESS 1' is set on object 'Object Repository/Final Object Repo/Creating Employer Account/Page_Registration - ASSIST (Base)/Postal Address 1'

2018-11-16 11:17:33 - [TEST_STEP][PASSED] - setText: Text 'ADDRESS 2' is set on object 'Object Repository/Final Object Repo/Creating Employer Account/Page_Registration - ASSIST (Base)/Postal Address 2'

2018-11-16 11:17:33 - [MESSAGE][PASSED] - Text 'ADDRESS 2' is set on object 'Object Repository/Final Object Repo/Creating Employer Account/Page_Registration - ASSIST (Base)/Postal Address 2'

2018-11-16 11:17:33 - [TEST_STEP][PASSED] - click: Object: 'Object Repository/Final Object Repo/Creating Employer Account/Page_Registration - ASSIST (Base)/State' is clicked on

2018-11-16 11:17:33 - [MESSAGE][PASSED] - Object: 'Object Repository/Final Object Repo/Creating Employer Account/Page_Registration - ASSIST (Base)/State' is clicked on

2018-11-16 11:17:33 - [TEST_STEP][PASSED] - delay: Delayed 2 second(s)

2018-11-16 11:17:35 - [MESSAGE][PASSED] - Delayed 2 second(s)

2018-11-16 11:17:35 - [TEST_STEP][PASSED] - click: Object: 'Object Repository/Final Object Repo/Creating Employer Account/Page_Registration - ASSIST (Base)/State - Johor' is clicked on

2018-11-16 11:17:36 - [MESSAGE][PASSED] - Object: 'Object Repository/Final Object Repo/Creating Employer Account/Page_Registration - ASSIST (Base)/State - Johor' is clicked on

2018-11-16 11:17:36 - [TEST_STEP][PASSED] - delay: Delayed 2 second(s)

2018-11-16 11:17:38 - [MESSAGE][PASSED] - Delayed 2 second(s)

2018-11-16 11:17:38 - [TEST_STEP][PASSED] - click: Object: 'Object Repository/Final Object Repo/Creating Employer Account/Page_Registration - ASSIST (Base)/City' is clicked on

2018-11-16 11:17:38 - [MESSAGE][PASSED] - Object: 'Object Repository/Final Object Repo/Creating Employer Account/Page_Registration - ASSIST (Base)/City' is clicked on

2018-11-16 11:17:38 - [TEST_STEP][PASSED] - delay: Delayed 2 second(s)

2018-11-16 11:17:40 - [MESSAGE][PASSED] - Delayed 2 second(s)

2018-11-16 11:17:40 - [TEST_STEP][PASSED] - setText: Text 'joh' is set on object 'Object Repository/Final Object Repo/Creating Employer Account/Page_Registration - ASSIST (Base)/City - joh'

2018-11-16 11:17:40 - [MESSAGE][PASSED] - Text 'joh' is set on object 'Object Repository/Final Object Repo/Creating Employer Account/Page_Registration - ASSIST (Base)/City - joh'

2018-11-16 11:17:40 - [TEST_STEP][PASSED] - delay: Delayed 2 second(s)

2018-11-16 11:17:42 - [MESSAGE][PASSED] - Delayed 2 second(s)

2018-11-16 11:17:42 - [TEST_STEP][PASSED] - click: Object: 'Object Repository/Final Object Repo/Creating Employer Account/Page_Registration - ASSIST (Base)/City - Johor Bharu' is clicked on

2018-11-16 11:17:43 - [MESSAGE][PASSED] - Object: 'Object Repository/Final Object Repo/Creating Employer Account/Page_Registration - ASSIST (Base)/City - Johor Bharu' is clicked on

2018-11-16 11:17:43 - [TEST_STEP][PASSED] - delay: Delayed 2 second(s)

2018-11-16 11:17:45 - [MESSAGE][PASSED] - Delayed 2 second(s)

2018-11-16 11:17:45 - [TEST_STEP][PASSED] - click: Object: 'Object Repository/Final Object Repo/Creating Employer Account/Page_Registration - ASSIST (Base)/Post Code' is clicked on

2018-11-16 11:17:46 - [MESSAGE][PASSED] - Object: 'Object Repository/Final Object Repo/Creating Employer Account/Page_Registration - ASSIST (Base)/Post Code' is clicked on

2018-11-16 11:17:46 - [TEST_STEP][PASSED] - delay: Delayed 2 second(s)

2018-11-16 11:17:48 - [MESSAGE][PASSED] - Delayed 2 second(s)

2018-11-16 11:17:48 - [TEST_STEP][PASSED] - setText: Text '810' is set on object 'Object Repository/Final Object Repo/Creating Employer Account/Page_Registration - ASSIST (Base)/Post Code - 810'

2018-11-16 11:17:48 - [MESSAGE][PASSED] - Text '810' is set on object 'Object Repository/Final Object Repo/Creating Employer Account/Page_Registration - ASSIST (Base)/Post Code - 810'

2018-11-16 11:17:48 - [TEST_STEP][PASSED] - delay: Delayed 2 second(s)

2018-11-16 11:17:50 - [MESSAGE][PASSED] - Delayed 2 second(s)

2018-11-16 11:17:50 - [TEST_STEP][PASSED] - click: Object: 'Object Repository/Final Object Repo/Creating Employer Account/Page_Registration - ASSIST (Base)/Post Code - 81000' is clicked on

2018-11-16 11:17:50 - [MESSAGE][PASSED] - Object: 'Object Repository/Final Object Repo/Creating Employer Account/Page_Registration - ASSIST (Base)/Post Code - 81000' is clicked on

2018-11-16 11:17:50 - [TEST_STEP][PASSED] - delay: Delayed 2 second(s)

2018-11-16 11:17:52 - [MESSAGE][PASSED] - Delayed 2 second(s)

2018-11-16 11:17:52 - [TEST_STEP][PASSED] - setText: Text 'PERKESO' is set on object 'Object Repository/Final Object Repo/Creating Employer Account/Page_Registration - ASSIST (Base)/Full Name'

2018-11-16 11:17:53 - [MESSAGE][PASSED] - Text 'PERKESO' is set on object 'Object Repository/Final Object Repo/Creating Employer Account/Page_Registration - ASSIST (Base)/Full Name'

2018-11-16 11:17:53 - [TEST_STEP][PASSED] - Statement - rnd = new java.util.Random(): null

2018-11-16 11:17:53 - [TEST_STEP][PASSED] - Statement - snum = rnd.nextInt(899999 + 1) + 100000: null

2018-11-16 11:17:53 - [TEST_STEP][PASSED] - Statement - tnum = rnd.nextInt(899999 + 1) + 100000: null

2018-11-16 11:17:53 - [TEST_STEP][PASSED] - Statement - IC = java.lang.Integer.toString(snum) + java.lang.Integer.toString(tnum): null

2018-11-16 11:17:53 - [TEST_STEP][PASSED] - Statement - out.println(IC): null

2018-11-16 11:17:53 - [TEST_STEP][PASSED] - setText: Text '285844817200' is set on object 'Object Repository/Final Object Repo/Creating Employer Account/Page_Registration - ASSIST (Base)/Identification Number'

2018-11-16 11:17:53 - [MESSAGE][PASSED] - Text '285844817200' is set on object 'Object Repository/Final Object Repo/Creating Employer Account/Page_Registration - ASSIST (Base)/Identification Number'

2018-11-16 11:17:53 - [TEST_STEP][PASSED] - delay: Delayed 2 second(s)

2018-11-16 11:17:55 - [MESSAGE][PASSED] - Delayed 2 second(s)

2018-11-16 11:17:55 - [TEST_STEP][PASSED] - setText: Text '123456789012' is set on object 'Object Repository/Final Object Repo/Creating Employer Account/Page_Registration - ASSIST (Base)/Contact Number'

2018-11-16 11:17:55 - [MESSAGE][PASSED] - Text '123456789012' is set on object 'Object Repository/Final Object Repo/Creating Employer Account/Page_Registration - ASSIST (Base)/Contact Number'

2018-11-16 11:17:55 - [TEST_STEP][PASSED] - Statement - Email = "perkeso" + IC + "@gmail.com": null

2018-11-16 11:17:55 - [TEST_STEP][PASSED] - delay: Delayed 2 second(s)

2018-11-16 11:17:57 - [MESSAGE][PASSED] - Delayed 2 second(s)

2018-11-16 11:17:57 - [TEST_STEP][PASSED] - callTestCase: Call Test Case 'Test Cases/Final Aug 2018 - PKS Automation/Create Employer Acc/Template/Employer Email Settler' successfully

2018-11-16 11:17:57 - [TEST_CASE][PASSED] - Test Cases/Final Aug 2018 - PKS Automation/Create Employer Acc/Template/Employer Email Settler: Test Cases/Final Aug 2018 - PKS Automation/Create Employer Acc/Template/Employer Email Settler

2018-11-16 11:17:57 - [TEST_STEP][PASSED] - Statement - EmpEmailOld = new java.io.File(C://EmpEmail.txt): null

2018-11-16 11:17:57 - [TEST_STEP][PASSED] - Statement - EmpEmailOld.delete(): null

2018-11-16 11:17:57 - [TEST_STEP][PASSED] - Statement - EmpEmail = new java.io.File(C://EmpEmail.txt): null

2018-11-16 11:17:57 - [TEST_STEP][PASSED] - Statement - EmpEmail.append(Email): null

2018-11-16 11:17:57 - [TEST_STEP][PASSED] - Statement - out.println(Email): null

2018-11-16 11:17:57 - [MESSAGE][PASSED] - Call Test Case 'Test Cases/Final Aug 2018 - PKS Automation/Create Employer Acc/Template/Employer Email Settler' successfully

2018-11-16 11:17:57 - [TEST_STEP][PASSED] - delay: Delayed 2 second(s)

2018-11-16 11:17:59 - [MESSAGE][PASSED] - Delayed 2 second(s)

2018-11-16 11:17:59 - [TEST_STEP][PASSED] - setText: Text 'perkeso285844817200@gmail.com' is set on object 'Object Repository/Final Object Repo/Creating Employer Account/Page_Registration - ASSIST (Base)/Email'

2018-11-16 11:17:59 - [MESSAGE][PASSED] - Text 'perkeso285844817200@gmail.com' is set on object 'Object Repository/Final Object Repo/Creating Employer Account/Page_Registration - ASSIST (Base)/Email'

2018-11-16 11:17:59 - [TEST_STEP][PASSED] - setText: Text '123' is set on object 'Object Repository/Final Object Repo/Creating Employer Account/Page_Registration - ASSIST (Base)/Security Phase'

2018-11-16 11:17:59 - [MESSAGE][PASSED] - Text '123' is set on object 'Object Repository/Final Object Repo/Creating Employer Account/Page_Registration - ASSIST (Base)/Security Phase'

2018-11-16 11:17:59 - [TEST_STEP][PASSED] - click: Object: 'Object Repository/Final Object Repo/Creating Employer Account/Page_Registration - ASSIST (Base)/Save  Continue' is clicked on

2018-11-16 11:18:00 - [MESSAGE][PASSED] - Object: 'Object Repository/Final Object Repo/Creating Employer Account/Page_Registration - ASSIST (Base)/Save  Continue' is clicked on

2018-11-16 11:18:00 - [TEST_STEP][PASSED] - delay: Delayed 2 second(s)

2018-11-16 11:18:02 - [MESSAGE][PASSED] - Delayed 2 second(s)

2018-11-16 11:18:02 - [TEST_STEP][PASSED] - click: Object: 'Object Repository/Final Object Repo/Creating Employer Account/Page_Registration - ASSIST (Base)/Add Document' is clicked on

2018-11-16 11:18:02 - [MESSAGE][PASSED] - Object: 'Object Repository/Final Object Repo/Creating Employer Account/Page_Registration - ASSIST (Base)/Add Document' is clicked on

2018-11-16 11:18:02 - [TEST_STEP][PASSED] - delay: Delayed 2 second(s)

2018-11-16 11:18:04 - [MESSAGE][PASSED] - Delayed 2 second(s)

2018-11-16 11:18:04 - [TEST_STEP][PASSED] - click: Object: 'Object Repository/Final Object Repo/Creating Employer Account/Page_Registration - ASSIST (Base)/Document Type' is clicked on

2018-11-16 11:18:04 - [MESSAGE][PASSED] - Object: 'Object Repository/Final Object Repo/Creating Employer Account/Page_Registration - ASSIST (Base)/Document Type' is clicked on

2018-11-16 11:18:04 - [TEST_STEP][PASSED] - delay: Delayed 2 second(s)

2018-11-16 11:18:06 - [MESSAGE][PASSED] - Delayed 2 second(s)

2018-11-16 11:18:06 - [TEST_STEP][PASSED] - click: Object: 'Object Repository/Final Object Repo/Creating Employer Account/Page_Registration - ASSIST (Base)/Document Type - Letter of Authorization' is clicked on

2018-11-16 11:18:07 - [MESSAGE][PASSED] - Object: 'Object Repository/Final Object Repo/Creating Employer Account/Page_Registration - ASSIST (Base)/Document Type - Letter of Authorization' is clicked on

2018-11-16 11:18:07 - [TEST_STEP][PASSED] - delay: Delayed 2 second(s)

2018-11-16 11:18:09 - [MESSAGE][PASSED] - Delayed 2 second(s)

2018-11-16 11:18:09 - [TEST_STEP][PASSED] - sendKeys: Keys 'C:\Users\Public\Pictures\Sample Pictures\Act.jpg' sent to object: 'Object Repository/Final Object Repo/Creating Employer Account/Page_Registration - ASSIST (Base)/Uploading File'

2018-11-16 11:18:09 - [MESSAGE][PASSED] - Keys 'C:\Users\Public\Pictures\Sample Pictures\Act.jpg' sent to object: 'Object Repository/Final Object Repo/Creating Employer Account/Page_Registration - ASSIST (Base)/Uploading File'

2018-11-16 11:18:09 - [TEST_STEP][PASSED] - delay: Delayed 2 second(s)

2018-11-16 11:18:11 - [MESSAGE][PASSED] - Delayed 2 second(s)

2018-11-16 11:18:11 - [TEST_STEP][PASSED] - click: Object: 'Object Repository/Final Object Repo/Creating Employer Account/Page_Registration - ASSIST (Base)/Add Document in Uploading File' is clicked on

2018-11-16 11:18:14 - [MESSAGE][PASSED] - Object: 'Object Repository/Final Object Repo/Creating Employer Account/Page_Registration - ASSIST (Base)/Add Document in Uploading File' is clicked on

2018-11-16 11:18:14 - [TEST_STEP][PASSED] - delay: Delayed 2 second(s)

2018-11-16 11:18:16 - [MESSAGE][PASSED] - Delayed 2 second(s)

2018-11-16 11:18:16 - [TEST_STEP][PASSED] - click: Object: 'Object Repository/Final Object Repo/Creating Employer Account/Page_Registration - ASSIST (Base)/Save' is clicked on

2018-11-16 11:18:18 - [MESSAGE][PASSED] - Object: 'Object Repository/Final Object Repo/Creating Employer Account/Page_Registration - ASSIST (Base)/Save' is clicked on

2018-11-16 11:18:18 - [TEST_STEP][PASSED] - delay: Delayed 2 second(s)

2018-11-16 11:18:20 - [MESSAGE][PASSED] - Delayed 2 second(s)

2018-11-16 11:18:20 - [TEST_STEP][PASSED] - click: Object: 'Object Repository/Final Object Repo/Creating Employer Account/Page_Registration - ASSIST (Base)/Submit' is clicked on

2018-11-16 11:18:21 - [MESSAGE][PASSED] - Object: 'Object Repository/Final Object Repo/Creating Employer Account/Page_Registration - ASSIST (Base)/Submit' is clicked on

2018-11-16 11:18:21 - [TEST_STEP][PASSED] - delay: Delayed 2 second(s)

2018-11-16 11:18:23 - [MESSAGE][PASSED] - Delayed 2 second(s)

2018-11-16 11:18:23 - [TEST_STEP][PASSED] - click: Object: 'Object Repository/Final Object Repo/Creating Employer Account/Page_Registration - ASSIST (Base)/Confirm' is clicked on

2018-11-16 11:18:23 - [MESSAGE][PASSED] - Object: 'Object Repository/Final Object Repo/Creating Employer Account/Page_Registration - ASSIST (Base)/Confirm' is clicked on

2018-11-16 11:18:23 - [MESSAGE][PASSED] - Call Test Case 'Test Cases/Final Aug 2018 - PKS Automation/Create Employer Acc/Template/Register Employer' successfully

2018-11-16 11:18:23 - [TEST_STEP][PASSED] - delay: Delayed 1 second(s)

2018-11-16 11:18:24 - [MESSAGE][PASSED] - Delayed 1 second(s)

2018-11-16 11:18:24 - [TEST_STEP][PASSED] - navigateToUrl: Navigate to 'https://assist2-uat.perkeso.gov.my/c/portal/logout' successfully

2018-11-16 11:18:27 - [MESSAGE][PASSED] - Navigate to 'https://assist2-uat.perkeso.gov.my/c/portal/logout' successfully

2018-11-16 11:18:27 - [TEST_STEP][PASSED] - delay: Delayed 1 second(s)

2018-11-16 11:18:28 - [MESSAGE][PASSED] - Delayed 1 second(s)

2018-11-16 11:18:28 - [TEST_STEP][PASSED] - callTestCase: Call Test Case 'Test Cases/Final Aug 2018 - PKS Automation/Create Employer Acc/Template/Change Password of Employer' successfully

2018-11-16 11:18:28 - [TEST_CASE][PASSED] - Test Cases/Final Aug 2018 - PKS Automation/Create Employer Acc/Template/Change Password of Employer: Test Cases/Final Aug 2018 - PKS Automation/Create Employer Acc/Template/Change Password of Employer

2018-11-16 11:18:28 - [TEST_STEP][PASSED] - openBrowser: Browser is opened with url: ''

2018-11-16 11:18:28 - [MESSAGE][WARNING] - A browser is already opened. Closing browser and opening a new one

2018-11-16 11:18:33 - [MESSAGE][PASSED] - Browser is opened with url: ''

2018-11-16 11:18:33 - [TEST_STEP][PASSED] - navigateToUrl: Navigate to 'https://assist2-uat.perkeso.gov.my/login' successfully

2018-11-16 11:18:37 - [MESSAGE][PASSED] - Navigate to 'https://assist2-uat.perkeso.gov.my/login' successfully

2018-11-16 11:18:37 - [TEST_STEP][PASSED] - delay: Delayed 5 second(s)

2018-11-16 11:18:42 - [MESSAGE][PASSED] - Delayed 5 second(s)

2018-11-16 11:18:42 - [TEST_STEP][PASSED] - setText: Text 'test@liferay.com' is set on object 'Object Repository/Final Object Repo/Login Page/Internal User/Email Address'

2018-11-16 11:18:42 - [MESSAGE][PASSED] - Text 'test@liferay.com' is set on object 'Object Repository/Final Object Repo/Login Page/Internal User/Email Address'

2018-11-16 11:18:42 - [TEST_STEP][PASSED] - click: Object: 'Object Repository/Final Object Repo/Login Page/Internal User/Next Button' is clicked on

2018-11-16 11:18:43 - [MESSAGE][PASSED] - Object: 'Object Repository/Final Object Repo/Login Page/Internal User/Next Button' is clicked on

2018-11-16 11:18:43 - [TEST_STEP][PASSED] - delay: Delayed 2 second(s)

2018-11-16 11:18:45 - [MESSAGE][PASSED] - Delayed 2 second(s)

2018-11-16 11:18:45 - [TEST_STEP][PASSED] - setText: Text 'test' is set on object 'Object Repository/Final Object Repo/Login Page/Internal User/Password'

2018-11-16 11:18:45 - [MESSAGE][PASSED] - Text 'test' is set on object 'Object Repository/Final Object Repo/Login Page/Internal User/Password'

2018-11-16 11:18:45 - [TEST_STEP][PASSED] - delay: Delayed 2 second(s)

2018-11-16 11:18:47 - [MESSAGE][PASSED] - Delayed 2 second(s)

2018-11-16 11:18:47 - [TEST_STEP][PASSED] - click: Object: 'Object Repository/Final Object Repo/Login Page/Internal User/Login Button' is clicked on

2018-11-16 11:18:51 - [MESSAGE][PASSED] - Object: 'Object Repository/Final Object Repo/Login Page/Internal User/Login Button' is clicked on

2018-11-16 11:18:51 - [TEST_STEP][PASSED] - delay: Delayed 3 second(s)

2018-11-16 11:18:54 - [MESSAGE][PASSED] - Delayed 3 second(s)

2018-11-16 11:18:54 - [TEST_STEP][PASSED] - navigateToUrl: Navigate to 'https://assist2-uat.perkeso.gov.my/group/control_panel/manage?p_p_id=125&p_p_lifecycle=0&p_p_state=maximized&p_p_mode=view&refererPlid=20455&_125_usersListView=flat-users&_125_toolbarItem=view-all-users&_125_saveUsersListView=true&_125_struts_action=%2Fusers_admin%2Fview' successfully

2018-11-16 11:18:56 - [MESSAGE][PASSED] - Navigate to 'https://assist2-uat.perkeso.gov.my/group/control_panel/manage?p_p_id=125&p_p_lifecycle=0&p_p_state=maximized&p_p_mode=view&refererPlid=20455&_125_usersListView=flat-users&_125_toolbarItem=view-all-users&_125_saveUsersListView=true&_125_struts_action=%2Fusers_admin%2Fview' successfully

2018-11-16 11:18:56 - [TEST_STEP][PASSED] - delay: Delayed 3 second(s)

2018-11-16 11:18:59 - [MESSAGE][PASSED] - Delayed 3 second(s)

2018-11-16 11:18:59 - [TEST_STEP][PASSED] - setText: Text 'perkeso285844817200@gmail.com' is set on object 'Object Repository/Final Object Repo/Creating Employer Account/Page_Users and Organizations - ASSIST/Employer name'

2018-11-16 11:19:00 - [MESSAGE][PASSED] - Text 'perkeso285844817200@gmail.com' is set on object 'Object Repository/Final Object Repo/Creating Employer Account/Page_Users and Organizations - ASSIST/Employer name'

2018-11-16 11:19:00 - [TEST_STEP][PASSED] - delay: Delayed 3 second(s)

2018-11-16 11:19:03 - [MESSAGE][PASSED] - Delayed 3 second(s)

2018-11-16 11:19:03 - [TEST_STEP][PASSED] - click: Object: 'Object Repository/Final Object Repo/Creating Employer Account/Page_Users and Organizations - ASSIST/Search' is clicked on

2018-11-16 11:19:05 - [MESSAGE][PASSED] - Object: 'Object Repository/Final Object Repo/Creating Employer Account/Page_Users and Organizations - ASSIST/Search' is clicked on

2018-11-16 11:19:05 - [TEST_STEP][PASSED] - delay: Delayed 3 second(s)

2018-11-16 11:19:08 - [MESSAGE][PASSED] - Delayed 3 second(s)

2018-11-16 11:19:08 - [TEST_STEP][PASSED] - click: Object: 'Object Repository/Final Object Repo/Creating Employer Account/Page_Users and Organizations - ASSIST/Action' is clicked on

2018-11-16 11:19:09 - [MESSAGE][PASSED] - Object: 'Object Repository/Final Object Repo/Creating Employer Account/Page_Users and Organizations - ASSIST/Action' is clicked on

2018-11-16 11:19:09 - [TEST_STEP][PASSED] - delay: Delayed 3 second(s)

2018-11-16 11:19:12 - [MESSAGE][PASSED] - Delayed 3 second(s)

2018-11-16 11:19:12 - [TEST_STEP][PASSED] - click: Object: 'Object Repository/Final Object Repo/Creating Employer Account/Page_Users and Organizations - ASSIST/Edit' is clicked on

2018-11-16 11:19:13 - [MESSAGE][PASSED] - Object: 'Object Repository/Final Object Repo/Creating Employer Account/Page_Users and Organizations - ASSIST/Edit' is clicked on

2018-11-16 11:19:13 - [TEST_STEP][PASSED] - delay: Delayed 3 second(s)

2018-11-16 11:19:16 - [MESSAGE][PASSED] - Delayed 3 second(s)

2018-11-16 11:19:16 - [TEST_STEP][PASSED] - click: Object: 'Object Repository/Final Object Repo/Creating Employer Account/Page_PERKESO - Users and Organizati/a_Password (Modified)' is clicked on

2018-11-16 11:19:16 - [MESSAGE][PASSED] - Object: 'Object Repository/Final Object Repo/Creating Employer Account/Page_PERKESO - Users and Organizati/a_Password (Modified)' is clicked on

2018-11-16 11:19:16 - [TEST_STEP][PASSED] - delay: Delayed 3 second(s)

2018-11-16 11:19:19 - [MESSAGE][PASSED] - Delayed 3 second(s)

2018-11-16 11:19:19 - [TEST_STEP][PASSED] - setEncryptedText: Text ****** has been set on object 'Object Repository/Final Object Repo/Creating Employer Account/Page_PERKESO - Users and Organizati/input__125_password1'

2018-11-16 11:19:20 - [MESSAGE][PASSED] - Text ****** has been set on object 'Object Repository/Final Object Repo/Creating Employer Account/Page_PERKESO - Users and Organizati/input__125_password1'

2018-11-16 11:19:20 - [TEST_STEP][PASSED] - delay: Delayed 3 second(s)

2018-11-16 11:19:23 - [MESSAGE][PASSED] - Delayed 3 second(s)

2018-11-16 11:19:23 - [TEST_STEP][PASSED] - setEncryptedText: Text ****** has been set on object 'Object Repository/Final Object Repo/Creating Employer Account/Page_PERKESO - Users and Organizati/input__125_password2'

2018-11-16 11:19:23 - [MESSAGE][PASSED] - Text ****** has been set on object 'Object Repository/Final Object Repo/Creating Employer Account/Page_PERKESO - Users and Organizati/input__125_password2'

2018-11-16 11:19:23 - [TEST_STEP][PASSED] - delay: Delayed 3 second(s)

2018-11-16 11:19:26 - [MESSAGE][PASSED] - Delayed 3 second(s)

2018-11-16 11:19:26 - [TEST_STEP][PASSED] - click: Object: 'Object Repository/Final Object Repo/Creating Employer Account/Page_PERKESO - Users and Organizati/Save' is clicked on

2018-11-16 11:19:28 - [MESSAGE][PASSED] - Object: 'Object Repository/Final Object Repo/Creating Employer Account/Page_PERKESO - Users and Organizati/Save' is clicked on

2018-11-16 11:19:28 - [MESSAGE][PASSED] - Call Test Case 'Test Cases/Final Aug 2018 - PKS Automation/Create Employer Acc/Template/Change Password of Employer' successfully

2018-11-16 11:19:28 - [TEST_STEP][PASSED] - delay: Delayed 1 second(s)

2018-11-16 11:19:29 - [MESSAGE][PASSED] - Delayed 1 second(s)

2018-11-16 11:19:29 - [TEST_STEP][PASSED] - navigateToUrl: Navigate to 'https://assist2-uat.perkeso.gov.my/c/portal/logout' successfully

2018-11-16 11:19:30 - [MESSAGE][PASSED] - Navigate to 'https://assist2-uat.perkeso.gov.my/c/portal/logout' successfully

2018-11-16 11:19:30 - [TEST_STEP][PASSED] - delay: Delayed 1 second(s)

2018-11-16 11:19:31 - [MESSAGE][PASSED] - Delayed 1 second(s)

2018-11-16 11:19:31 - [TEST_STEP][PASSED] - callTestCase: Call Test Case 'Test Cases/Final Aug 2018 - PKS Automation/Create Employer Acc/Template/Login to Employer Account (First Time)' successfully

2018-11-16 11:19:31 - [TEST_CASE][PASSED] - Test Cases/Final Aug 2018 - PKS Automation/Create Employer Acc/Template/Login to Employer Account (First Time): Test Cases/Final Aug 2018 - PKS Automation/Create Employer Acc/Template/Login to Employer Account (First Time)

2018-11-16 11:19:31 - [TEST_STEP][PASSED] - openBrowser: Browser is opened with url: ''

2018-11-16 11:19:31 - [MESSAGE][WARNING] - A browser is already opened. Closing browser and opening a new one

2018-11-16 11:19:36 - [MESSAGE][PASSED] - Browser is opened with url: ''

2018-11-16 11:19:36 - [TEST_STEP][PASSED] - navigateToUrl: Navigate to 'https://assist2-uat.perkeso.gov.my/employer/login' successfully

2018-11-16 11:19:39 - [MESSAGE][PASSED] - Navigate to 'https://assist2-uat.perkeso.gov.my/employer/login' successfully

2018-11-16 11:19:39 - [TEST_STEP][PASSED] - delay: Delayed 3 second(s)

2018-11-16 11:19:42 - [MESSAGE][PASSED] - Delayed 3 second(s)

2018-11-16 11:19:42 - [TEST_STEP][PASSED] - callTestCase: Call Test Case 'Test Cases/Final Aug 2018 - PKS Automation/Create Employer Acc/Template/Employer Email Getter' successfully

2018-11-16 11:19:42 - [TEST_CASE][PASSED] - Test Cases/Final Aug 2018 - PKS Automation/Create Employer Acc/Template/Employer Email Getter: Test Cases/Final Aug 2018 - PKS Automation/Create Employer Acc/Template/Employer Email Getter

2018-11-16 11:19:42 - [TEST_STEP][PASSED] - Statement - Try: null

2018-11-16 11:19:42 - [TEST_STEP][PASSED] - Statement - EmpEmail = new java.io.File(C://EmpEmail.txt): null

2018-11-16 11:19:42 - [TEST_STEP][PASSED] - Statement - bufferread = new java.io.BufferedReader(new java.io.FileReader(EmpEmail)): null

2018-11-16 11:19:42 - [TEST_STEP][PASSED] - Statement - readedVal = bufferread.readLine(): null

2018-11-16 11:19:42 - [TEST_STEP][PASSED] - Statement - out.println(readedVal): null

2018-11-16 11:19:42 - [TEST_STEP][PASSED] - Statement - Email = readedVal: null

2018-11-16 11:19:42 - [MESSAGE][PASSED] - Call Test Case 'Test Cases/Final Aug 2018 - PKS Automation/Create Employer Acc/Template/Employer Email Getter' successfully

2018-11-16 11:19:42 - [TEST_STEP][PASSED] - setText: Text 'perkeso285844817200@gmail.com' is set on object 'Object Repository/Final Object Repo/Login Page/External Login Page/Email'

2018-11-16 11:19:42 - [MESSAGE][PASSED] - Text 'perkeso285844817200@gmail.com' is set on object 'Object Repository/Final Object Repo/Login Page/External Login Page/Email'

2018-11-16 11:19:42 - [TEST_STEP][PASSED] - click: Object: 'Object Repository/Final Object Repo/Login Page/External Login Page/Next' is clicked on

2018-11-16 11:19:42 - [MESSAGE][PASSED] - Object: 'Object Repository/Final Object Repo/Login Page/External Login Page/Next' is clicked on

2018-11-16 11:19:42 - [TEST_STEP][PASSED] - delay: Delayed 3 second(s)

2018-11-16 11:19:45 - [MESSAGE][PASSED] - Delayed 3 second(s)

2018-11-16 11:19:45 - [TEST_STEP][PASSED] - setEncryptedText: Text ****** has been set on object 'Object Repository/Final Object Repo/Login Page/External Login Page/Password'

2018-11-16 11:19:46 - [MESSAGE][PASSED] - Text ****** has been set on object 'Object Repository/Final Object Repo/Login Page/External Login Page/Password'

2018-11-16 11:19:46 - [TEST_STEP][PASSED] - click: Object: 'Object Repository/Final Object Repo/Login Page/External Login Page/Login' is clicked on

2018-11-16 11:19:49 - [MESSAGE][PASSED] - Object: 'Object Repository/Final Object Repo/Login Page/External Login Page/Login' is clicked on

2018-11-16 11:19:49 - [TEST_STEP][PASSED] - delay: Delayed 3 second(s)

2018-11-16 11:19:52 - [MESSAGE][PASSED] - Delayed 3 second(s)

2018-11-16 11:19:52 - [TEST_STEP][PASSED] - click: Object: 'Object Repository/Final Object Repo/Creating Employer Account/Page_Terms of Use - ASSIST/button_I Agree' is clicked on

2018-11-16 11:19:53 - [MESSAGE][PASSED] - Object: 'Object Repository/Final Object Repo/Creating Employer Account/Page_Terms of Use - ASSIST/button_I Agree' is clicked on

2018-11-16 11:19:53 - [TEST_STEP][PASSED] - delay: Delayed 2 second(s)

2018-11-16 11:19:55 - [MESSAGE][PASSED] - Delayed 2 second(s)

2018-11-16 11:19:55 - [TEST_STEP][PASSED] - setEncryptedText: Text ****** has been set on object 'Object Repository/Final Object Repo/Creating Employer Account/Page_New Password - ASSIST/input_password1'

2018-11-16 11:19:55 - [MESSAGE][PASSED] - Text ****** has been set on object 'Object Repository/Final Object Repo/Creating Employer Account/Page_New Password - ASSIST/input_password1'

2018-11-16 11:19:55 - [TEST_STEP][PASSED] - setEncryptedText: Text ****** has been set on object 'Object Repository/Final Object Repo/Creating Employer Account/Page_New Password - ASSIST/input_password2'

2018-11-16 11:19:56 - [MESSAGE][PASSED] - Text ****** has been set on object 'Object Repository/Final Object Repo/Creating Employer Account/Page_New Password - ASSIST/input_password2'

2018-11-16 11:19:56 - [TEST_STEP][PASSED] - delay: Delayed 2 second(s)

2018-11-16 11:19:58 - [MESSAGE][PASSED] - Delayed 2 second(s)

2018-11-16 11:19:58 - [TEST_STEP][PASSED] - click: Object: 'Object Repository/Final Object Repo/Creating Employer Account/Page_New Password - ASSIST/Save' is clicked on

2018-11-16 11:19:59 - [MESSAGE][PASSED] - Object: 'Object Repository/Final Object Repo/Creating Employer Account/Page_New Password - ASSIST/Save' is clicked on

2018-11-16 11:19:59 - [TEST_STEP][PASSED] - delay: Delayed 2 second(s)

2018-11-16 11:20:01 - [MESSAGE][PASSED] - Delayed 2 second(s)

2018-11-16 11:20:01 - [TEST_STEP][PASSED] - setText: Text 'test' is set on object 'Object Repository/Final Object Repo/Creating Employer Account/Page_Password Reminder - ASSIST/Reminder Query Answer'

2018-11-16 11:20:01 - [MESSAGE][PASSED] - Text 'test' is set on object 'Object Repository/Final Object Repo/Creating Employer Account/Page_Password Reminder - ASSIST/Reminder Query Answer'

2018-11-16 11:20:01 - [TEST_STEP][PASSED] - delay: Delayed 2 second(s)

2018-11-16 11:20:03 - [MESSAGE][PASSED] - Delayed 2 second(s)

2018-11-16 11:20:03 - [TEST_STEP][PASSED] - doubleClick: Object: 'Object Repository/Final Object Repo/Creating Employer Account/Page_Password Reminder - ASSIST/Save' is double clicked on

2018-11-16 11:20:04 - [MESSAGE][PASSED] - Object: 'Object Repository/Final Object Repo/Creating Employer Account/Page_Password Reminder - ASSIST/Save' is double clicked on

2018-11-16 11:20:04 - [MESSAGE][PASSED] - Call Test Case 'Test Cases/Final Aug 2018 - PKS Automation/Create Employer Acc/Template/Login to Employer Account (First Time)' successfully

2018-11-16 11:20:04 - [MESSAGE][PASSED] - Call Test Case 'Test Cases/Final Aug 2018 - PKS Automation/Create Employer Acc/Create Employer Account' successfully

2018-11-16 11:20:04 - [TEST_STEP][PASSED] - callTestCase: Call Test Case 'Test Cases/Final Aug 2018 - PKS Automation/Registration Module/Log Out/log out avoiding katalon tagging' successfully

2018-11-16 11:20:04 - [TEST_CASE][PASSED] - Test Cases/Final Aug 2018 - PKS Automation/Registration Module/Log Out/log out avoiding katalon tagging: Test Cases/Final Aug 2018 - PKS Automation/Registration Module/Log Out/log out avoiding katalon tagging

2018-11-16 11:20:04 - [TEST_STEP][PASSED] - navigateToUrl: Navigate to 'https://assist2-uat.perkeso.gov.my/c/portal/logout' successfully

2018-11-16 11:20:06 - [MESSAGE][PASSED] - Navigate to 'https://assist2-uat.perkeso.gov.my/c/portal/logout' successfully

2018-11-16 11:20:06 - [MESSAGE][PASSED] - Call Test Case 'Test Cases/Final Aug 2018 - PKS Automation/Registration Module/Log Out/log out avoiding katalon tagging' successfully

2018-11-16 11:20:06 - [TEST_STEP][PASSED] - callTestCase: Call Test Case 'Test Cases/Final Aug 2018 - PKS Automation/Create Employer Acc/Login to Employer Account (Second time)' successfully

2018-11-16 11:20:06 - [TEST_CASE][PASSED] - Test Cases/Final Aug 2018 - PKS Automation/Create Employer Acc/Login to Employer Account (Second time): Test Cases/Final Aug 2018 - PKS Automation/Create Employer Acc/Login to Employer Account (Second time)

2018-11-16 11:20:06 - [TEST_STEP][PASSED] - openBrowser: Browser is opened with url: ''

2018-11-16 11:20:06 - [MESSAGE][WARNING] - A browser is already opened. Closing browser and opening a new one

2018-11-16 11:20:11 - [MESSAGE][PASSED] - Browser is opened with url: ''

2018-11-16 11:20:11 - [TEST_STEP][PASSED] - navigateToUrl: Navigate to 'https://assist2-uat.perkeso.gov.my/employer/login' successfully

2018-11-16 11:20:13 - [MESSAGE][PASSED] - Navigate to 'https://assist2-uat.perkeso.gov.my/employer/login' successfully

2018-11-16 11:20:13 - [TEST_STEP][PASSED] - delay: Delayed 3 second(s)

2018-11-16 11:20:16 - [MESSAGE][PASSED] - Delayed 3 second(s)

2018-11-16 11:20:16 - [TEST_STEP][PASSED] - callTestCase: Call Test Case 'Test Cases/Final Aug 2018 - PKS Automation/Create Employer Acc/Template/Employer Email Getter' successfully

2018-11-16 11:20:16 - [TEST_CASE][PASSED] - Test Cases/Final Aug 2018 - PKS Automation/Create Employer Acc/Template/Employer Email Getter: Test Cases/Final Aug 2018 - PKS Automation/Create Employer Acc/Template/Employer Email Getter

2018-11-16 11:20:16 - [TEST_STEP][PASSED] - Statement - Try: null

2018-11-16 11:20:16 - [TEST_STEP][PASSED] - Statement - EmpEmail = new java.io.File(C://EmpEmail.txt): null

2018-11-16 11:20:16 - [TEST_STEP][PASSED] - Statement - bufferread = new java.io.BufferedReader(new java.io.FileReader(EmpEmail)): null

2018-11-16 11:20:16 - [TEST_STEP][PASSED] - Statement - readedVal = bufferread.readLine(): null

2018-11-16 11:20:16 - [TEST_STEP][PASSED] - Statement - out.println(readedVal): null

2018-11-16 11:20:16 - [TEST_STEP][PASSED] - Statement - Email = readedVal: null

2018-11-16 11:20:16 - [MESSAGE][PASSED] - Call Test Case 'Test Cases/Final Aug 2018 - PKS Automation/Create Employer Acc/Template/Employer Email Getter' successfully

2018-11-16 11:20:16 - [TEST_STEP][PASSED] - setText: Text 'perkeso285844817200@gmail.com' is set on object 'Object Repository/Final Object Repo/Login Page/External Login Page/Email'

2018-11-16 11:20:17 - [MESSAGE][PASSED] - Text 'perkeso285844817200@gmail.com' is set on object 'Object Repository/Final Object Repo/Login Page/External Login Page/Email'

2018-11-16 11:20:17 - [TEST_STEP][PASSED] - click: Object: 'Object Repository/Final Object Repo/Login Page/External Login Page/Next' is clicked on

2018-11-16 11:20:17 - [MESSAGE][PASSED] - Object: 'Object Repository/Final Object Repo/Login Page/External Login Page/Next' is clicked on

2018-11-16 11:20:17 - [TEST_STEP][PASSED] - delay: Delayed 3 second(s)

2018-11-16 11:20:20 - [MESSAGE][PASSED] - Delayed 3 second(s)

2018-11-16 11:20:20 - [TEST_STEP][PASSED] - setEncryptedText: Text ****** has been set on object 'Object Repository/Final Object Repo/Login Page/External Login Page/Password'

2018-11-16 11:20:20 - [MESSAGE][PASSED] - Text ****** has been set on object 'Object Repository/Final Object Repo/Login Page/External Login Page/Password'

2018-11-16 11:20:20 - [TEST_STEP][PASSED] - click: Object: 'Object Repository/Final Object Repo/Login Page/External Login Page/Login' is clicked on

2018-11-16 11:20:25 - [MESSAGE][PASSED] - Object: 'Object Repository/Final Object Repo/Login Page/External Login Page/Login' is clicked on

2018-11-16 11:20:25 - [TEST_STEP][PASSED] - delay: Delayed 5 second(s)

2018-11-16 11:20:30 - [MESSAGE][PASSED] - Delayed 5 second(s)

2018-11-16 11:20:30 - [MESSAGE][PASSED] - Call Test Case 'Test Cases/Final Aug 2018 - PKS Automation/Create Employer Acc/Login to Employer Account (Second time)' successfully

2018-11-16 11:20:30 - [TEST_STEP][PASSED] - delay: Delayed 4 second(s)

2018-11-16 11:20:34 - [MESSAGE][PASSED] - Delayed 4 second(s)

2018-11-16 11:20:34 - [TEST_STEP][PASSED] - Statement - Try: Delayed 2 second(s)

2018-11-16 11:20:34 - [TEST_STEP][PASSED] - Statement - Checker = false: null

2018-11-16 11:20:34 - [TEST_STEP][PASSED] - Statement - Checker = com.kms.katalon.core.webui.keyword.WebUiBuiltInKeywords.verifyElementHasAttribute(com.kms.katalon.core.testobject.ObjectRepository.findTestObject(Final Object Repo/Landing Page/BM Detecting), "href", 20, OPTIONAL): Object 'Object Repository/Final Object Repo/Landing Page/BM Detecting' has attribute 'href'

2018-11-16 11:20:34 - [MESSAGE][PASSED] - Object 'Object Repository/Final Object Repo/Landing Page/BM Detecting' has attribute 'href'

2018-11-16 11:20:34 - [TEST_STEP][PASSED] - Statement - out.println(Checker): null

2018-11-16 11:20:34 - [TEST_STEP][PASSED] - Statement - If (Checker == false): null

2018-11-16 11:20:34 - [TEST_STEP][PASSED] - Statement - Else: null

2018-11-16 11:20:34 - [TEST_STEP][PASSED] - delay: Delayed 2 second(s)

2018-11-16 11:20:36 - [MESSAGE][PASSED] - Delayed 2 second(s)

2018-11-16 11:20:36 - [TEST_STEP][PASSED] - delay: Delayed 4 second(s)

2018-11-16 11:20:40 - [MESSAGE][PASSED] - Delayed 4 second(s)

2018-11-16 11:20:40 - [TEST_STEP][PASSED] - click: Object: 'Object Repository/Final Object Repo/Landing Page/My Sites Drop Down' is clicked on

2018-11-16 11:20:41 - [MESSAGE][PASSED] - Object: 'Object Repository/Final Object Repo/Landing Page/My Sites Drop Down' is clicked on

2018-11-16 11:20:41 - [TEST_STEP][PASSED] - click: Object: 'Object Repository/Final Object Repo/Landing Page/Select to Registration Module' is clicked on

2018-11-16 11:20:44 - [MESSAGE][PASSED] - Object: 'Object Repository/Final Object Repo/Landing Page/Select to Registration Module' is clicked on

2018-11-16 11:20:44 - [TEST_STEP][PASSED] - click: Object: 'Object Repository/Final Object Repo/Landing Page/Registration Button' is clicked on

2018-11-16 11:20:46 - [MESSAGE][PASSED] - Object: 'Object Repository/Final Object Repo/Landing Page/Registration Button' is clicked on

2018-11-16 11:20:46 - [TEST_STEP][PASSED] - delay: Delayed 2 second(s)

2018-11-16 11:20:48 - [MESSAGE][PASSED] - Delayed 2 second(s)

2018-11-16 11:20:48 - [TEST_STEP][PASSED] - click: Object: 'Object Repository/Final Object Repo/New Registration - Registration Module Pages/New Reg - OTC to RO/Special Case - OTC - Form 1/AEC NO' is clicked on

2018-11-16 11:20:49 - [MESSAGE][PASSED] - Object: 'Object Repository/Final Object Repo/New Registration - Registration Module Pages/New Reg - OTC to RO/Special Case - OTC - Form 1/AEC NO' is clicked on

2018-11-16 11:20:49 - [TEST_STEP][PASSED] - click: Object: 'Object Repository/Final Object Repo/New Registration - Registration Module Pages/New Reg - OTC to RO/Special Case - OTC - Form 1/Business Entity - Please Select' is clicked on

2018-11-16 11:20:49 - [MESSAGE][PASSED] - Object: 'Object Repository/Final Object Repo/New Registration - Registration Module Pages/New Reg - OTC to RO/Special Case - OTC - Form 1/Business Entity - Please Select' is clicked on

2018-11-16 11:20:49 - [TEST_STEP][PASSED] - click: Object: 'Object Repository/Final Object Repo/New Registration - Registration Module Pages/New Reg - OTC to RO/Special Case - OTC - Form 1/Selected - Corporation' is clicked on

2018-11-16 11:20:50 - [MESSAGE][PASSED] - Object: 'Object Repository/Final Object Repo/New Registration - Registration Module Pages/New Reg - OTC to RO/Special Case - OTC - Form 1/Selected - Corporation' is clicked on

2018-11-16 11:20:50 - [TEST_STEP][PASSED] - delay: Delayed 2 second(s)

2018-11-16 11:20:52 - [MESSAGE][PASSED] - Delayed 2 second(s)

2018-11-16 11:20:52 - [TEST_STEP][PASSED] - click: Object: 'Object Repository/Final Object Repo/New Registration - Registration Module Pages/New Reg - OTC to RO/Special Case - OTC - Form 1/Sub Business Entity - Please Select' is clicked on

2018-11-16 11:20:52 - [MESSAGE][PASSED] - Object: 'Object Repository/Final Object Repo/New Registration - Registration Module Pages/New Reg - OTC to RO/Special Case - OTC - Form 1/Sub Business Entity - Please Select' is clicked on

2018-11-16 11:20:52 - [TEST_STEP][PASSED] - delay: Delayed 2 second(s)

2018-11-16 11:20:54 - [MESSAGE][PASSED] - Delayed 2 second(s)

2018-11-16 11:20:54 - [TEST_STEP][PASSED] - click: Object: 'Object Repository/Final Object Repo/New Registration - Registration Module Pages/New Reg - OTC to RO/Special Case - OTC - Form 1/Selected - Sendirian Berhad' is clicked on

2018-11-16 11:20:55 - [MESSAGE][PASSED] - Object: 'Object Repository/Final Object Repo/New Registration - Registration Module Pages/New Reg - OTC to RO/Special Case - OTC - Form 1/Selected - Sendirian Berhad' is clicked on

2018-11-16 11:20:55 - [TEST_STEP][PASSED] - setText: Text 'AUTOMATE001' is set on object 'Object Repository/Final Object Repo/New Registration - Registration Module Pages/New Reg - OTC to RO/Special Case - OTC - Form 1/Input BRN Number'

2018-11-16 11:20:55 - [MESSAGE][PASSED] - Text 'AUTOMATE001' is set on object 'Object Repository/Final Object Repo/New Registration - Registration Module Pages/New Reg - OTC to RO/Special Case - OTC - Form 1/Input BRN Number'

2018-11-16 11:20:55 - [TEST_STEP][PASSED] - delay: Delayed 2 second(s)

2018-11-16 11:20:57 - [MESSAGE][PASSED] - Delayed 2 second(s)

2018-11-16 11:20:57 - [TEST_STEP][PASSED] - click: Object: 'Object Repository/Final Object Repo/New Registration - Registration Module Pages/New Reg - OTC to RO/Special Case - OTC - Form 1/BRN Search' is clicked on

2018-11-16 11:20:58 - [MESSAGE][PASSED] - Object: 'Object Repository/Final Object Repo/New Registration - Registration Module Pages/New Reg - OTC to RO/Special Case - OTC - Form 1/BRN Search' is clicked on

2018-11-16 11:20:58 - [TEST_STEP][PASSED] - delay: Delayed 4 second(s)

2018-11-16 11:21:02 - [MESSAGE][PASSED] - Delayed 4 second(s)

2018-11-16 11:21:02 - [TEST_STEP][PASSED] - click: Object: 'Object Repository/Final Object Repo/New Registration - Registration Module Pages/New Reg - OTC to RO/Special Case - OTC - Form 1/Registered with SSM - After Feb 2017' is clicked on

2018-11-16 11:21:02 - [MESSAGE][PASSED] - Object: 'Object Repository/Final Object Repo/New Registration - Registration Module Pages/New Reg - OTC to RO/Special Case - OTC - Form 1/Registered with SSM - After Feb 2017' is clicked on

2018-11-16 11:21:02 - [TEST_STEP][PASSED] - delay: Delayed 2 second(s)

2018-11-16 11:21:04 - [MESSAGE][PASSED] - Delayed 2 second(s)

2018-11-16 11:21:04 - [TEST_STEP][PASSED] - click: Object: 'Object Repository/Final Object Repo/New Registration - Registration Module Pages/Form 1/Registered As a Branch - Yes' is clicked on

2018-11-16 11:21:04 - [MESSAGE][PASSED] - Object: 'Object Repository/Final Object Repo/New Registration - Registration Module Pages/Form 1/Registered As a Branch - Yes' is clicked on

2018-11-16 11:21:04 - [TEST_STEP][PASSED] - click: Object: 'Object Repository/Final Object Repo/New Registration - Registration Module Pages/New Reg - OTC to RO/Special Case - OTC - Form 1/Acknowledgement Ticked' is clicked on

2018-11-16 11:21:05 - [MESSAGE][PASSED] - Object: 'Object Repository/Final Object Repo/New Registration - Registration Module Pages/New Reg - OTC to RO/Special Case - OTC - Form 1/Acknowledgement Ticked' is clicked on

2018-11-16 11:21:05 - [TEST_STEP][PASSED] - setText: Text 'perkeso285844817200@gmail.com' is set on object 'Object Repository/Final Object Repo/New Registration - Registration Module Pages/Form 1/Email'

2018-11-16 11:21:05 - [MESSAGE][PASSED] - Text 'perkeso285844817200@gmail.com' is set on object 'Object Repository/Final Object Repo/New Registration - Registration Module Pages/Form 1/Email'

2018-11-16 11:21:05 - [TEST_STEP][PASSED] - click: Object: 'Object Repository/Final Object Repo/New Registration - Registration Module Pages/New Reg - OTC to RO/Special Case - OTC - Form 1/Submit Button' is clicked on

2018-11-16 11:21:05 - [MESSAGE][PASSED] - Object: 'Object Repository/Final Object Repo/New Registration - Registration Module Pages/New Reg - OTC to RO/Special Case - OTC - Form 1/Submit Button' is clicked on

2018-11-16 11:21:05 - [TEST_STEP][PASSED] - callTestCase: Call Test Case 'Test Cases/Final Aug 2018 - PKS Automation/Registration Module/New Registration/Form 2/Add 1 Eligible - Employer Account Use' successfully

2018-11-16 11:21:05 - [TEST_CASE][PASSED] - Test Cases/Final Aug 2018 - PKS Automation/Registration Module/New Registration/Form 2/Add 1 Eligible - Employer Account Use: Test Cases/Final Aug 2018 - PKS Automation/Registration Module/New Registration/Form 2/Add 1 Eligible - Employer Account Use

2018-11-16 11:21:05 - [TEST_STEP][PASSED] - delay: Delayed 2 second(s)

2018-11-16 11:21:07 - [MESSAGE][PASSED] - Delayed 2 second(s)

2018-11-16 11:21:07 - [TEST_STEP][PASSED] - callTestCase: Call Test Case 'Test Cases/Final Aug 2018 - PKS Automation/Registration Module/New Registration/Form 2/Date Updater' successfully

2018-11-16 11:21:07 - [TEST_CASE][PASSED] - Test Cases/Final Aug 2018 - PKS Automation/Registration Module/New Registration/Form 2/Date Updater: Test Cases/Final Aug 2018 - PKS Automation/Registration Module/New Registration/Form 2/Date Updater

2018-11-16 11:21:07 - [TEST_STEP][PASSED] - Statement - TodayDate = new java.util.Date(): null

2018-11-16 11:21:07 - [TEST_STEP][PASSED] - Statement - CurrentDateNoFilter = new java.text.SimpleDateFormat(): null

2018-11-16 11:21:07 - [TEST_STEP][PASSED] - Statement - CurrentDateNoFilter.applyPattern("dd"): null

2018-11-16 11:21:07 - [TEST_STEP][PASSED] - Statement - CurrentDate = CurrentDateNoFilter.format(TodayDate): null

2018-11-16 11:21:07 - [TEST_STEP][PASSED] - Statement - CurrentDate = java.lang.Integer.parseInt(CurrentDate): null

2018-11-16 11:21:07 - [TEST_STEP][PASSED] - Statement - CurrentDate = CurrentDate: null

2018-11-16 11:21:07 - [TEST_STEP][PASSED] - Statement - CurrentDay = java.lang.Integer.parseInt(CurrentDate): null

2018-11-16 11:21:07 - [TEST_STEP][PASSED] - Statement - aDayBefore = CurrentDay + 1: null

2018-11-16 11:21:07 - [TEST_STEP][PASSED] - Statement - DayBefore = aDayBefore.toString(): null

2018-11-16 11:21:07 - [TEST_STEP][PASSED] - Statement - OneDayBefore = DayBefore: null

2018-11-16 11:21:07 - [TEST_STEP][PASSED] - Statement - CurrentDateNoFilter.applyPattern("MM"): null

2018-11-16 11:21:07 - [TEST_STEP][PASSED] - Statement - monthContainerMatcher = java.lang.Integer.parseInt(CurrentDateNoFilter.format(TodayDate)): null

2018-11-16 11:21:07 - [TEST_STEP][PASSED] - Statement - monthContainerMatcher = monthContainerMatcher - 1: null

2018-11-16 11:21:07 - [TEST_STEP][PASSED] - Statement - CurrentMonth = monthContainerMatcher.toString(): null

2018-11-16 11:21:07 - [TEST_STEP][PASSED] - Statement - CurrentMonth = CurrentMonth: null

2018-11-16 11:21:07 - [TEST_STEP][PASSED] - Statement - CurrentDateNoFilter.applyPattern("yyyy"): null

2018-11-16 11:21:07 - [TEST_STEP][PASSED] - Statement - CurrentYear = CurrentDateNoFilter.format(TodayDate): null

2018-11-16 11:21:07 - [TEST_STEP][PASSED] - Statement - CurrentYear = CurrentYear: null

2018-11-16 11:21:07 - [TEST_STEP][PASSED] - Statement - intCurrentYear = java.lang.Integer.parseInt(CurrentDateNoFilter.format(TodayDate)): null

2018-11-16 11:21:07 - [TEST_STEP][PASSED] - Statement - eighteenYrsAgo = intCurrentYear - 18: null

2018-11-16 11:21:07 - [TEST_STEP][PASSED] - Statement - eighteenYrsBeforeThisYr = eighteenYrsAgo.toString(): null

2018-11-16 11:21:07 - [TEST_STEP][PASSED] - Statement - EighteenYrsBefore = eighteenYrsBeforeThisYr: null

2018-11-16 11:21:07 - [TEST_STEP][PASSED] - Statement - fiftysevenYrsAgo = intCurrentYear - 57: null

2018-11-16 11:21:07 - [TEST_STEP][PASSED] - Statement - fiftysevenYrsBeforeThisYr = fiftysevenYrsAgo.toString(): null

2018-11-16 11:21:07 - [TEST_STEP][PASSED] - Statement - FiftysevenYrsBefore = fiftysevenYrsBeforeThisYr: null

2018-11-16 11:21:07 - [MESSAGE][PASSED] - Call Test Case 'Test Cases/Final Aug 2018 - PKS Automation/Registration Module/New Registration/Form 2/Date Updater' successfully

2018-11-16 11:21:07 - [TEST_STEP][PASSED] - delay: Delayed 1 second(s)

2018-11-16 11:21:08 - [MESSAGE][PASSED] - Delayed 1 second(s)

2018-11-16 11:21:08 - [TEST_STEP][PASSED] - Statement - CaseReferenceNo = com.kms.katalon.core.webui.keyword.WebUiBuiltInKeywords.getText(com.kms.katalon.core.testobject.ObjectRepository.findTestObject(Final Object Repo/New Registration - Registration Module Pages/Form 2/RefNo Acquiring)): Text of object 'Object Repository/Final Object Repo/New Registration - Registration Module Pages/Form 2/RefNo Acquiring' is: 'CRN11201800122524'

2018-11-16 11:21:08 - [MESSAGE][PASSED] - Text of object 'Object Repository/Final Object Repo/New Registration - Registration Module Pages/Form 2/RefNo Acquiring' is: 'CRN11201800122524'

2018-11-16 11:21:08 - [TEST_STEP][PASSED] - delay: Delayed 1 second(s)

2018-11-16 11:21:09 - [MESSAGE][PASSED] - Delayed 1 second(s)

2018-11-16 11:21:09 - [TEST_STEP][PASSED] - click: Object: 'Object Repository/Final Object Repo/New Registration - Registration Module Pages/Form 2/Add Employee Button' is clicked on

2018-11-16 11:21:10 - [MESSAGE][PASSED] - Object: 'Object Repository/Final Object Repo/New Registration - Registration Module Pages/Form 2/Add Employee Button' is clicked on

2018-11-16 11:21:10 - [TEST_STEP][PASSED] - delay: Delayed 1 second(s)

2018-11-16 11:21:11 - [MESSAGE][PASSED] - Delayed 1 second(s)

2018-11-16 11:21:11 - [TEST_STEP][PASSED] - setText: Text '010903091948' is set on object 'Object Repository/Final Object Repo/New Registration - Registration Module Pages/Form 2/NRIC Input'

2018-11-16 11:21:11 - [MESSAGE][PASSED] - Text '010903091948' is set on object 'Object Repository/Final Object Repo/New Registration - Registration Module Pages/Form 2/NRIC Input'

2018-11-16 11:21:11 - [TEST_STEP][PASSED] - delay: Delayed 2 second(s)

2018-11-16 11:21:13 - [MESSAGE][PASSED] - Delayed 2 second(s)

2018-11-16 11:21:13 - [TEST_STEP][PASSED] - setText: Text 'Automate001 eligible 1' is set on object 'Object Repository/Final Object Repo/New Registration - Registration Module Pages/Form 2/Employee Name Input'

2018-11-16 11:21:13 - [MESSAGE][PASSED] - Text 'Automate001 eligible 1' is set on object 'Object Repository/Final Object Repo/New Registration - Registration Module Pages/Form 2/Employee Name Input'

2018-11-16 11:21:13 - [TEST_STEP][PASSED] - delay: Delayed 2 second(s)

2018-11-16 11:21:15 - [MESSAGE][PASSED] - Delayed 2 second(s)

2018-11-16 11:21:15 - [TEST_STEP][PASSED] - click: Object: 'Object Repository/Final Object Repo/New Registration - Registration Module Pages/Form 2/DatePicker Pop Up' is clicked on

2018-11-16 11:21:16 - [MESSAGE][PASSED] - Object: 'Object Repository/Final Object Repo/New Registration - Registration Module Pages/Form 2/DatePicker Pop Up' is clicked on

2018-11-16 11:21:16 - [TEST_STEP][PASSED] - click: Object: 'Object Repository/Final Object Repo/New Registration - Registration Module Pages/Form 2/DOB Month' is clicked on

2018-11-16 11:21:16 - [MESSAGE][PASSED] - Object: 'Object Repository/Final Object Repo/New Registration - Registration Module Pages/Form 2/DOB Month' is clicked on

2018-11-16 11:21:16 - [TEST_STEP][PASSED] - Statement - CurrentMonth = CurrentMonth: null

2018-11-16 11:21:16 - [TEST_STEP][PASSED] - Statement - selectMonth = new com.kms.katalon.core.testobject.TestObject(): null

2018-11-16 11:21:16 - [TEST_STEP][PASSED] - Statement - selectMonth.addProperty("xpath", EQUALS, "//body/div/div/div/select/option[@value='" + CurrentMonth + "']", true): null

2018-11-16 11:21:16 - [TEST_STEP][PASSED] - click: Object: '' is clicked on

2018-11-16 11:21:16 - [MESSAGE][PASSED] - Object: '' is clicked on

2018-11-16 11:21:16 - [TEST_STEP][PASSED] - click: Object: 'Object Repository/Final Object Repo/New Registration - Registration Module Pages/Form 2/DOB Year' is clicked on

2018-11-16 11:21:17 - [MESSAGE][PASSED] - Object: 'Object Repository/Final Object Repo/New Registration - Registration Module Pages/Form 2/DOB Year' is clicked on

2018-11-16 11:21:17 - [TEST_STEP][PASSED] - Statement - Eyearsbf = EighteenYrsBefore: null

2018-11-16 11:21:17 - [TEST_STEP][PASSED] - Statement - selectYear = new com.kms.katalon.core.testobject.TestObject(): null

2018-11-16 11:21:17 - [TEST_STEP][PASSED] - Statement - selectYear.addProperty("xpath", EQUALS, "//div/div/div/select/option[@value='" + Eyearsbf + "']", true): null

2018-11-16 11:21:17 - [TEST_STEP][PASSED] - click: Object: '' is clicked on

2018-11-16 11:21:17 - [MESSAGE][PASSED] - Object: '' is clicked on

2018-11-16 11:21:17 - [TEST_STEP][PASSED] - Statement - UpdatedSelectDate = com.kms.katalon.core.webui.keyword.WebUiBuiltInKeywords.modifyObjectProperty(com.kms.katalon.core.testobject.ObjectRepository.findTestObject(Final Object Repo/New Registration - Registration Module Pages/Form 2/DOB Date), "xpath", "equals", "//body/div/table/tbody/tr/td/a[text()="" + CurrentDate + ""]", true): Modify property of object successfully

2018-11-16 11:21:17 - [MESSAGE][PASSED] - Modify property of object successfully

2018-11-16 11:21:17 - [TEST_STEP][PASSED] - delay: Delayed 3 second(s)

2018-11-16 11:21:20 - [MESSAGE][PASSED] - Delayed 3 second(s)

2018-11-16 11:21:20 - [TEST_STEP][PASSED] - click: Object: 'Object Repository/Final Object Repo/New Registration - Registration Module Pages/Form 2/DOB Date' is clicked on

2018-11-16 11:21:20 - [MESSAGE][PASSED] - Object: 'Object Repository/Final Object Repo/New Registration - Registration Module Pages/Form 2/DOB Date' is clicked on

2018-11-16 11:21:20 - [TEST_STEP][PASSED] - delay: Delayed 2 second(s)

2018-11-16 11:21:22 - [MESSAGE][PASSED] - Delayed 2 second(s)

2018-11-16 11:21:22 - [TEST_STEP][PASSED] - click: Object: 'Object Repository/Final Object Repo/New Registration - Registration Module Pages/Form 2/EmploymentStartDate Pop Up' is clicked on

2018-11-16 11:21:23 - [MESSAGE][PASSED] - Object: 'Object Repository/Final Object Repo/New Registration - Registration Module Pages/Form 2/EmploymentStartDate Pop Up' is clicked on

2018-11-16 11:21:23 - [TEST_STEP][PASSED] - delay: Delayed 2 second(s)

2018-11-16 11:21:25 - [MESSAGE][PASSED] - Delayed 2 second(s)

2018-11-16 11:21:25 - [TEST_STEP][PASSED] - click: Object: 'Object Repository/Final Object Repo/New Registration - Registration Module Pages/Form 2/Socso Employment StartDate Month' is clicked on

2018-11-16 11:21:25 - [MESSAGE][PASSED] - Object: 'Object Repository/Final Object Repo/New Registration - Registration Module Pages/Form 2/Socso Employment StartDate Month' is clicked on

2018-11-16 11:21:25 - [TEST_STEP][PASSED] - delay: Delayed 1 second(s)

2018-11-16 11:21:26 - [MESSAGE][PASSED] - Delayed 1 second(s)

2018-11-16 11:21:26 - [TEST_STEP][PASSED] - click: Object: 'Object Repository/Final Object Repo/New Registration - Registration Module Pages/Form 2/Select Socso Employement Startdate Month' is clicked on

2018-11-16 11:21:27 - [MESSAGE][PASSED] - Object: 'Object Repository/Final Object Repo/New Registration - Registration Module Pages/Form 2/Select Socso Employement Startdate Month' is clicked on

2018-11-16 11:21:27 - [TEST_STEP][PASSED] - delay: Delayed 2 second(s)

2018-11-16 11:21:29 - [MESSAGE][PASSED] - Delayed 2 second(s)

2018-11-16 11:21:29 - [TEST_STEP][PASSED] - click: Object: 'Object Repository/Final Object Repo/New Registration - Registration Module Pages/Form 2/Socso Employment StartDate Year' is clicked on

2018-11-16 11:21:29 - [MESSAGE][PASSED] - Object: 'Object Repository/Final Object Repo/New Registration - Registration Module Pages/Form 2/Socso Employment StartDate Year' is clicked on

2018-11-16 11:21:29 - [TEST_STEP][PASSED] - delay: Delayed 1 second(s)

2018-11-16 11:21:30 - [MESSAGE][PASSED] - Delayed 1 second(s)

2018-11-16 11:21:30 - [TEST_STEP][PASSED] - click: Object: 'Object Repository/Final Object Repo/New Registration - Registration Module Pages/Form 2/Select Socso Employment Startdate Year' is clicked on

2018-11-16 11:21:30 - [MESSAGE][PASSED] - Object: 'Object Repository/Final Object Repo/New Registration - Registration Module Pages/Form 2/Select Socso Employment Startdate Year' is clicked on

2018-11-16 11:21:30 - [TEST_STEP][PASSED] - delay: Delayed 2 second(s)

2018-11-16 11:21:32 - [MESSAGE][PASSED] - Delayed 2 second(s)

2018-11-16 11:21:32 - [TEST_STEP][PASSED] - click: Object: 'Object Repository/Final Object Repo/New Registration - Registration Module Pages/Form 2/Socso Employment Start Date Day' is clicked on

2018-11-16 11:21:33 - [MESSAGE][PASSED] - Object: 'Object Repository/Final Object Repo/New Registration - Registration Module Pages/Form 2/Socso Employment Start Date Day' is clicked on

2018-11-16 11:21:33 - [TEST_STEP][PASSED] - delay: Delayed 2 second(s)

2018-11-16 11:21:35 - [MESSAGE][PASSED] - Delayed 2 second(s)

2018-11-16 11:21:35 - [TEST_STEP][PASSED] - click: Object: 'Object Repository/Final Object Repo/New Registration - Registration Module Pages/Form 2/Save Button for Add Employee' is clicked on

2018-11-16 11:21:36 - [MESSAGE][PASSED] - Object: 'Object Repository/Final Object Repo/New Registration - Registration Module Pages/Form 2/Save Button for Add Employee' is clicked on

2018-11-16 11:21:36 - [TEST_STEP][PASSED] - delay: Delayed 6 second(s)

2018-11-16 11:21:42 - [MESSAGE][PASSED] - Delayed 6 second(s)

2018-11-16 11:21:42 - [TEST_STEP][PASSED] - click: Object: 'Object Repository/Final Object Repo/New Registration - Registration Module Pages/Form 2/Save and Continue Form 2' is clicked on

2018-11-16 11:21:44 - [MESSAGE][PASSED] - Object: 'Object Repository/Final Object Repo/New Registration - Registration Module Pages/Form 2/Save and Continue Form 2' is clicked on

2018-11-16 11:21:44 - [MESSAGE][PASSED] - Call Test Case 'Test Cases/Final Aug 2018 - PKS Automation/Registration Module/New Registration/Form 2/Add 1 Eligible - Employer Account Use' successfully

2018-11-16 11:21:44 - [TEST_STEP][PASSED] - callTestCase: Call Test Case 'Test Cases/Final Aug 2018 - PKS Automation/Registration Module/New Registration/Flow of New Registration/Third Screen - Upload Supporting Doc - Preview' successfully

2018-11-16 11:21:44 - [TEST_CASE][PASSED] - Test Cases/Final Aug 2018 - PKS Automation/Registration Module/New Registration/Flow of New Registration/Third Screen - Upload Supporting Doc - Preview: Test Cases/Final Aug 2018 - PKS Automation/Registration Module/New Registration/Flow of New Registration/Third Screen - Upload Supporting Doc - Preview

2018-11-16 11:21:44 - [TEST_STEP][PASSED] - waitForPageLoad: Wait for page load successfully

2018-11-16 11:21:44 - [MESSAGE][PASSED] - Wait for page load successfully

2018-11-16 11:21:44 - [TEST_STEP][PASSED] - Statement - CaseReferenceNo = com.kms.katalon.core.webui.keyword.WebUiBuiltInKeywords.getText(com.kms.katalon.core.testobject.ObjectRepository.findTestObject(Final Object Repo/New Registration - Registration Module Pages/Third Screen - Upload Supporting Doc- Preview/RefNo Acquiring)): Text of object 'Object Repository/Final Object Repo/New Registration - Registration Module Pages/Third Screen - Upload Supporting Doc- Preview/RefNo Acquiring' is: 'CRN11201800122524'

2018-11-16 11:21:44 - [MESSAGE][PASSED] - Text of object 'Object Repository/Final Object Repo/New Registration - Registration Module Pages/Third Screen - Upload Supporting Doc- Preview/RefNo Acquiring' is: 'CRN11201800122524'

2018-11-16 11:21:44 - [TEST_STEP][PASSED] - delay: Delayed 2 second(s)

2018-11-16 11:21:46 - [MESSAGE][PASSED] - Delayed 2 second(s)

2018-11-16 11:21:46 - [TEST_STEP][PASSED] - callTestCase: Call Test Case 'Test Cases/Final Aug 2018 - PKS Automation/Common/Reference Number Setter' successfully

2018-11-16 11:21:46 - [TEST_CASE][PASSED] - Test Cases/Final Aug 2018 - PKS Automation/Common/Reference Number Setter: Test Cases/Final Aug 2018 - PKS Automation/Common/Reference Number Setter

2018-11-16 11:21:46 - [TEST_STEP][PASSED] - Statement - RefNoOldFile = new java.io.File(C://KatalonReference.txt): null

2018-11-16 11:21:46 - [TEST_STEP][PASSED] - Statement - RefNoOldFile.delete(): null

2018-11-16 11:21:46 - [TEST_STEP][PASSED] - delay: Delayed 5 second(s)

2018-11-16 11:21:51 - [MESSAGE][PASSED] - Delayed 5 second(s)

2018-11-16 11:21:51 - [TEST_STEP][PASSED] - Statement - RefNo = new java.io.File(C://KatalonReference.txt): null

2018-11-16 11:21:51 - [TEST_STEP][PASSED] - Statement - f2 = new java.io.FileWriter(RefNo, false): null

2018-11-16 11:21:51 - [TEST_STEP][PASSED] - Statement - f2.write(CaseReferenceNo): null

2018-11-16 11:21:51 - [TEST_STEP][PASSED] - Statement - f2.close(): null

2018-11-16 11:21:51 - [TEST_STEP][PASSED] - Statement - out.println("


" + CaseReferenceNo + "


"): null

2018-11-16 11:21:51 - [MESSAGE][PASSED] - Call Test Case 'Test Cases/Final Aug 2018 - PKS Automation/Common/Reference Number Setter' successfully

2018-11-16 11:21:51 - [TEST_STEP][PASSED] - waitForElementClickable: Object 'Object Repository/Final Object Repo/New Registration - Registration Module Pages/Third Screen - Upload Supporting Doc- Preview/Save n Continue in SIP Employee Listing Page' is clickable

2018-11-16 11:21:52 - [MESSAGE][PASSED] - Object 'Object Repository/Final Object Repo/New Registration - Registration Module Pages/Third Screen - Upload Supporting Doc- Preview/Save n Continue in SIP Employee Listing Page' is clickable

2018-11-16 11:21:52 - [TEST_STEP][PASSED] - click: Object: 'Object Repository/Final Object Repo/New Registration - Registration Module Pages/Third Screen - Upload Supporting Doc- Preview/Save n Continue in SIP Employee Listing Page' is clicked on

2018-11-16 11:21:58 - [MESSAGE][PASSED] - Object: 'Object Repository/Final Object Repo/New Registration - Registration Module Pages/Third Screen - Upload Supporting Doc- Preview/Save n Continue in SIP Employee Listing Page' is clicked on

2018-11-16 11:21:58 - [TEST_STEP][PASSED] - delay: Delayed 6 second(s)

2018-11-16 11:22:04 - [MESSAGE][PASSED] - Delayed 6 second(s)

2018-11-16 11:22:04 - [TEST_STEP][PASSED] - click: Object: 'Object Repository/Final Object Repo/New Registration - Registration Module Pages/Third Screen - Upload Supporting Doc- Preview/Add Document Button' is clicked on

2018-11-16 11:22:04 - [MESSAGE][PASSED] - Object: 'Object Repository/Final Object Repo/New Registration - Registration Module Pages/Third Screen - Upload Supporting Doc- Preview/Add Document Button' is clicked on

2018-11-16 11:22:04 - [TEST_STEP][PASSED] - delay: Delayed 30 second(s)

2018-11-16 11:22:34 - [MESSAGE][PASSED] - Delayed 30 second(s)

2018-11-16 11:22:34 - [TEST_STEP][PASSED] - click: Object: 'Object Repository/Final Object Repo/New Registration - Registration Module Pages/Third Screen - Upload Supporting Doc- Preview/Supporting Doc Please Select Drop Down' is clicked on

2018-11-16 11:22:35 - [MESSAGE][PASSED] - Object: 'Object Repository/Final Object Repo/New Registration - Registration Module Pages/Third Screen - Upload Supporting Doc- Preview/Supporting Doc Please Select Drop Down' is clicked on

2018-11-16 11:22:35 - [TEST_STEP][PASSED] - delay: Delayed 2 second(s)

2018-11-16 11:22:37 - [MESSAGE][PASSED] - Delayed 2 second(s)

2018-11-16 11:22:37 - [TEST_STEP][PASSED] - click: Object: 'Object Repository/Final Object Repo/New Registration - Registration Module Pages/Third Screen - Upload Supporting Doc- Preview/Select to Upload Form 1' is clicked on

2018-11-16 11:22:37 - [MESSAGE][PASSED] - Object: 'Object Repository/Final Object Repo/New Registration - Registration Module Pages/Third Screen - Upload Supporting Doc- Preview/Select to Upload Form 1' is clicked on

2018-11-16 11:22:37 - [TEST_STEP][PASSED] - delay: Delayed 2 second(s)

2018-11-16 11:22:39 - [MESSAGE][PASSED] - Delayed 2 second(s)

2018-11-16 11:22:39 - [TEST_STEP][PASSED] - uploadFile: File 'C:\Users\Public\Pictures\Sample Pictures\Act.jpg' sent to object: 'Object Repository/Final Object Repo/New Registration - Registration Module Pages/Third Screen - Upload Supporting Doc- Preview/Upload File Adding'

2018-11-16 11:22:39 - [MESSAGE][PASSED] - File 'C:\Users\Public\Pictures\Sample Pictures\Act.jpg' sent to object: 'Object Repository/Final Object Repo/New Registration - Registration Module Pages/Third Screen - Upload Supporting Doc- Preview/Upload File Adding'

2018-11-16 11:22:39 - [TEST_STEP][PASSED] - delay: Delayed 5 second(s)

2018-11-16 11:22:44 - [MESSAGE][PASSED] - Delayed 5 second(s)

2018-11-16 11:22:44 - [TEST_STEP][PASSED] - click: Object: 'Object Repository/Final Object Repo/New Registration - Registration Module Pages/Third Screen - Upload Supporting Doc- Preview/Inner Form Add Document Button' is clicked on

2018-11-16 11:22:50 - [MESSAGE][PASSED] - Object: 'Object Repository/Final Object Repo/New Registration - Registration Module Pages/Third Screen - Upload Supporting Doc- Preview/Inner Form Add Document Button' is clicked on

2018-11-16 11:22:50 - [TEST_STEP][PASSED] - delay: Delayed 3 second(s)

2018-11-16 11:22:53 - [MESSAGE][PASSED] - Delayed 3 second(s)

2018-11-16 11:22:53 - [TEST_STEP][PASSED] - click: Object: 'Object Repository/Final Object Repo/New Registration - Registration Module Pages/Third Screen - Upload Supporting Doc- Preview/Add Document Button' is clicked on

2018-11-16 11:22:53 - [MESSAGE][PASSED] - Object: 'Object Repository/Final Object Repo/New Registration - Registration Module Pages/Third Screen - Upload Supporting Doc- Preview/Add Document Button' is clicked on

2018-11-16 11:22:53 - [TEST_STEP][PASSED] - delay: Delayed 30 second(s)

2018-11-16 11:23:23 - [MESSAGE][PASSED] - Delayed 30 second(s)

2018-11-16 11:23:23 - [TEST_STEP][PASSED] - click: Object: 'Object Repository/Final Object Repo/New Registration - Registration Module Pages/Third Screen - Upload Supporting Doc- Preview/Supporting Doc Please Select Drop Down' is clicked on

2018-11-16 11:23:24 - [MESSAGE][PASSED] - Object: 'Object Repository/Final Object Repo/New Registration - Registration Module Pages/Third Screen - Upload Supporting Doc- Preview/Supporting Doc Please Select Drop Down' is clicked on

2018-11-16 11:23:24 - [TEST_STEP][PASSED] - delay: Delayed 2 second(s)

2018-11-16 11:23:26 - [MESSAGE][PASSED] - Delayed 2 second(s)

2018-11-16 11:23:26 - [TEST_STEP][PASSED] - click: Object: 'Object Repository/Final Object Repo/New Registration - Registration Module Pages/Third Screen - Upload Supporting Doc- Preview/Select to Upload Form 2' is clicked on

2018-11-16 11:23:26 - [MESSAGE][PASSED] - Object: 'Object Repository/Final Object Repo/New Registration - Registration Module Pages/Third Screen - Upload Supporting Doc- Preview/Select to Upload Form 2' is clicked on

2018-11-16 11:23:26 - [TEST_STEP][PASSED] - delay: Delayed 2 second(s)

2018-11-16 11:23:28 - [MESSAGE][PASSED] - Delayed 2 second(s)

2018-11-16 11:23:28 - [TEST_STEP][PASSED] - uploadFile: File 'C:\Users\Public\Pictures\Sample Pictures\Act.jpg' sent to object: 'Object Repository/Final Object Repo/New Registration - Registration Module Pages/Third Screen - Upload Supporting Doc- Preview/Upload File Adding'

2018-11-16 11:23:29 - [MESSAGE][PASSED] - File 'C:\Users\Public\Pictures\Sample Pictures\Act.jpg' sent to object: 'Object Repository/Final Object Repo/New Registration - Registration Module Pages/Third Screen - Upload Supporting Doc- Preview/Upload File Adding'

2018-11-16 11:23:29 - [TEST_STEP][PASSED] - click: Object: 'Object Repository/Final Object Repo/New Registration - Registration Module Pages/Third Screen - Upload Supporting Doc- Preview/Inner Form Add Document Button' is clicked on

2018-11-16 11:23:34 - [MESSAGE][PASSED] - Object: 'Object Repository/Final Object Repo/New Registration - Registration Module Pages/Third Screen - Upload Supporting Doc- Preview/Inner Form Add Document Button' is clicked on

2018-11-16 11:23:34 - [TEST_STEP][PASSED] - delay: Delayed 4 second(s)

2018-11-16 11:23:38 - [MESSAGE][PASSED] - Delayed 4 second(s)

2018-11-16 11:23:38 - [TEST_STEP][PASSED] - click: Object: 'Object Repository/Final Object Repo/New Registration - Registration Module Pages/Third Screen - Upload Supporting Doc- Preview/Add Document Button' is clicked on

2018-11-16 11:23:38 - [MESSAGE][PASSED] - Object: 'Object Repository/Final Object Repo/New Registration - Registration Module Pages/Third Screen - Upload Supporting Doc- Preview/Add Document Button' is clicked on

2018-11-16 11:23:38 - [TEST_STEP][PASSED] - delay: Delayed 30 second(s)

2018-11-16 11:24:08 - [MESSAGE][PASSED] - Delayed 30 second(s)

2018-11-16 11:24:08 - [TEST_STEP][PASSED] - click: Object: 'Object Repository/Final Object Repo/New Registration - Registration Module Pages/Third Screen - Upload Supporting Doc- Preview/Supporting Doc Please Select Drop Down' is clicked on

2018-11-16 11:24:09 - [MESSAGE][PASSED] - Object: 'Object Repository/Final Object Repo/New Registration - Registration Module Pages/Third Screen - Upload Supporting Doc- Preview/Supporting Doc Please Select Drop Down' is clicked on

2018-11-16 11:24:09 - [TEST_STEP][PASSED] - click: Object: 'Object Repository/Final Object Repo/New Registration - Registration Module Pages/Third Screen - Upload Supporting Doc- Preview/Select to Upload Borang SIP 1' is clicked on

2018-11-16 11:24:09 - [MESSAGE][PASSED] - Object: 'Object Repository/Final Object Repo/New Registration - Registration Module Pages/Third Screen - Upload Supporting Doc- Preview/Select to Upload Borang SIP 1' is clicked on

2018-11-16 11:24:09 - [TEST_STEP][PASSED] - delay: Delayed 2 second(s)

2018-11-16 11:24:11 - [MESSAGE][PASSED] - Delayed 2 second(s)

2018-11-16 11:24:11 - [TEST_STEP][PASSED] - uploadFile: File 'C:\Users\Public\Pictures\Sample Pictures\Act.jpg' sent to object: 'Object Repository/Final Object Repo/New Registration - Registration Module Pages/Third Screen - Upload Supporting Doc- Preview/Upload File Adding'

2018-11-16 11:24:12 - [MESSAGE][PASSED] - File 'C:\Users\Public\Pictures\Sample Pictures\Act.jpg' sent to object: 'Object Repository/Final Object Repo/New Registration - Registration Module Pages/Third Screen - Upload Supporting Doc- Preview/Upload File Adding'

2018-11-16 11:24:12 - [TEST_STEP][PASSED] - click: Object: 'Object Repository/Final Object Repo/New Registration - Registration Module Pages/Third Screen - Upload Supporting Doc- Preview/Inner Form Add Document Button' is clicked on

2018-11-16 11:24:17 - [MESSAGE][PASSED] - Object: 'Object Repository/Final Object Repo/New Registration - Registration Module Pages/Third Screen - Upload Supporting Doc- Preview/Inner Form Add Document Button' is clicked on

2018-11-16 11:24:17 - [TEST_STEP][PASSED] - delay: Delayed 5 second(s)

2018-11-16 11:24:22 - [MESSAGE][PASSED] - Delayed 5 second(s)

2018-11-16 11:24:22 - [TEST_STEP][PASSED] - click: Object: 'Object Repository/Final Object Repo/New Registration - Registration Module Pages/Third Screen - Upload Supporting Doc- Preview/Add Document Button' is clicked on

2018-11-16 11:24:22 - [MESSAGE][PASSED] - Object: 'Object Repository/Final Object Repo/New Registration - Registration Module Pages/Third Screen - Upload Supporting Doc- Preview/Add Document Button' is clicked on

2018-11-16 11:24:22 - [TEST_STEP][PASSED] - delay: Delayed 30 second(s)

2018-11-16 11:24:52 - [MESSAGE][PASSED] - Delayed 30 second(s)

2018-11-16 11:24:52 - [TEST_STEP][PASSED] - click: Object: 'Object Repository/Final Object Repo/New Registration - Registration Module Pages/Third Screen - Upload Supporting Doc- Preview/Supporting Doc Please Select Drop Down' is clicked on

2018-11-16 11:24:53 - [MESSAGE][PASSED] - Object: 'Object Repository/Final Object Repo/New Registration - Registration Module Pages/Third Screen - Upload Supporting Doc- Preview/Supporting Doc Please Select Drop Down' is clicked on

2018-11-16 11:24:53 - [TEST_STEP][PASSED] - delay: Delayed 3 second(s)

2018-11-16 11:24:56 - [MESSAGE][PASSED] - Delayed 3 second(s)

2018-11-16 11:24:56 - [TEST_STEP][PASSED] - click: Object: 'Object Repository/Final Object Repo/New Registration - Registration Module Pages/Third Screen - Upload Supporting Doc- Preview/Select to Upload Borang SIP 2' is clicked on

2018-11-16 11:24:56 - [MESSAGE][PASSED] - Object: 'Object Repository/Final Object Repo/New Registration - Registration Module Pages/Third Screen - Upload Supporting Doc- Preview/Select to Upload Borang SIP 2' is clicked on

2018-11-16 11:24:56 - [TEST_STEP][PASSED] - delay: Delayed 2 second(s)

2018-11-16 11:24:58 - [MESSAGE][PASSED] - Delayed 2 second(s)

2018-11-16 11:24:58 - [TEST_STEP][PASSED] - uploadFile: File 'C:\Users\Public\Pictures\Sample Pictures\Act.jpg' sent to object: 'Object Repository/Final Object Repo/New Registration - Registration Module Pages/Third Screen - Upload Supporting Doc- Preview/Upload File Adding'

2018-11-16 11:24:59 - [MESSAGE][PASSED] - File 'C:\Users\Public\Pictures\Sample Pictures\Act.jpg' sent to object: 'Object Repository/Final Object Repo/New Registration - Registration Module Pages/Third Screen - Upload Supporting Doc- Preview/Upload File Adding'

2018-11-16 11:24:59 - [TEST_STEP][PASSED] - delay: Delayed 5 second(s)

2018-11-16 11:25:04 - [MESSAGE][PASSED] - Delayed 5 second(s)

2018-11-16 11:25:04 - [TEST_STEP][PASSED] - click: Object: 'Object Repository/Final Object Repo/New Registration - Registration Module Pages/Third Screen - Upload Supporting Doc- Preview/Inner Form Add Document Button' is clicked on

2018-11-16 11:25:04 - [MESSAGE][PASSED] - Object: 'Object Repository/Final Object Repo/New Registration - Registration Module Pages/Third Screen - Upload Supporting Doc- Preview/Inner Form Add Document Button' is clicked on

2018-11-16 11:25:04 - [TEST_STEP][PASSED] - delay: Delayed 3 second(s)

2018-11-16 11:25:07 - [MESSAGE][PASSED] - Delayed 3 second(s)

2018-11-16 11:25:07 - [TEST_STEP][PASSED] - waitForElementClickable: Object 'Object Repository/Final Object Repo/New Registration - Registration Module Pages/Third Screen - Upload Supporting Doc- Preview/Save n Continue in Uploading Supporting Doc Page' is clickable

2018-11-16 11:25:09 - [MESSAGE][PASSED] - Object 'Object Repository/Final Object Repo/New Registration - Registration Module Pages/Third Screen - Upload Supporting Doc- Preview/Save n Continue in Uploading Supporting Doc Page' is clickable

2018-11-16 11:25:09 - [TEST_STEP][PASSED] - click: Object: 'Object Repository/Final Object Repo/New Registration - Registration Module Pages/Third Screen - Upload Supporting Doc- Preview/Save n Continue in Uploading Supporting Doc Page' is clicked on

2018-11-16 11:25:14 - [MESSAGE][PASSED] - Object: 'Object Repository/Final Object Repo/New Registration - Registration Module Pages/Third Screen - Upload Supporting Doc- Preview/Save n Continue in Uploading Supporting Doc Page' is clicked on

2018-11-16 11:25:14 - [MESSAGE][PASSED] - Call Test Case 'Test Cases/Final Aug 2018 - PKS Automation/Registration Module/New Registration/Flow of New Registration/Third Screen - Upload Supporting Doc - Preview' successfully

2018-11-16 11:25:14 - [TEST_STEP][PASSED] - setText: Text 'Tester' is set on object 'Object Repository/Final Object Repo/New Registration - Registration Module Pages/New Reg - OTC to RO/Special Case - All Related Objects/Employer Preview Name'

2018-11-16 11:25:15 - [MESSAGE][PASSED] - Text 'Tester' is set on object 'Object Repository/Final Object Repo/New Registration - Registration Module Pages/New Reg - OTC to RO/Special Case - All Related Objects/Employer Preview Name'

2018-11-16 11:25:15 - [TEST_STEP][PASSED] - click: Object: 'Object Repository/Final Object Repo/New Registration - Registration Module Pages/New Reg - OTC to RO/Special Case - All Related Objects/IC Type Drop Down' is clicked on

2018-11-16 11:25:15 - [MESSAGE][PASSED] - Object: 'Object Repository/Final Object Repo/New Registration - Registration Module Pages/New Reg - OTC to RO/Special Case - All Related Objects/IC Type Drop Down' is clicked on

2018-11-16 11:25:15 - [TEST_STEP][PASSED] - click: Object: 'Object Repository/Final Object Repo/New Registration - Registration Module Pages/New Reg - OTC to RO/Special Case - All Related Objects/Select to NRIC' is clicked on

2018-11-16 11:25:16 - [MESSAGE][PASSED] - Object: 'Object Repository/Final Object Repo/New Registration - Registration Module Pages/New Reg - OTC to RO/Special Case - All Related Objects/Select to NRIC' is clicked on

2018-11-16 11:25:16 - [TEST_STEP][PASSED] - setText: Text '133245561223' is set on object 'Object Repository/Final Object Repo/New Registration - Registration Module Pages/New Reg - OTC to RO/Special Case - All Related Objects/IC Value'

2018-11-16 11:25:16 - [MESSAGE][PASSED] - Text '133245561223' is set on object 'Object Repository/Final Object Repo/New Registration - Registration Module Pages/New Reg - OTC to RO/Special Case - All Related Objects/IC Value'

2018-11-16 11:25:16 - [TEST_STEP][PASSED] - setText: Text 'Auto' is set on object 'Object Repository/Final Object Repo/New Registration - Registration Module Pages/New Reg - OTC to RO/Special Case - All Related Objects/Designation'

2018-11-16 11:25:16 - [MESSAGE][PASSED] - Text 'Auto' is set on object 'Object Repository/Final Object Repo/New Registration - Registration Module Pages/New Reg - OTC to RO/Special Case - All Related Objects/Designation'

2018-11-16 11:25:16 - [TEST_STEP][PASSED] - callTestCase: Call Test Case 'Test Cases/Final Aug 2018 - PKS Automation/Registration Module/New Registration/Submit and Screenshot/Submit Registration and Screenshot - Copy' successfully

2018-11-16 11:25:16 - [TEST_CASE][PASSED] - Test Cases/Final Aug 2018 - PKS Automation/Registration Module/New Registration/Submit and Screenshot/Submit Registration and Screenshot - Copy: Test Cases/Final Aug 2018 - PKS Automation/Registration Module/New Registration/Submit and Screenshot/Submit Registration and Screenshot - Copy

2018-11-16 11:25:16 - [TEST_STEP][PASSED] - delay: Delayed 6 second(s)

2018-11-16 11:25:22 - [MESSAGE][PASSED] - Delayed 6 second(s)

2018-11-16 11:25:22 - [TEST_STEP][PASSED] - click: Object: 'Object Repository/Final Object Repo/New Registration - Registration Module Pages/Third Screen - Upload Supporting Doc- Preview/Preview Submit Button' is clicked on

2018-11-16 11:25:22 - [MESSAGE][PASSED] - Object: 'Object Repository/Final Object Repo/New Registration - Registration Module Pages/Third Screen - Upload Supporting Doc- Preview/Preview Submit Button' is clicked on

2018-11-16 11:25:22 - [TEST_STEP][PASSED] - delay: Delayed 2 second(s)

2018-11-16 11:25:24 - [MESSAGE][PASSED] - Delayed 2 second(s)

2018-11-16 11:25:24 - [TEST_STEP][PASSED] - click: Object: 'Object Repository/Final Object Repo/New Registration - Registration Module Pages/Third Screen - Upload Supporting Doc- Preview/Preview Submit - Confirm' is clicked on

2018-11-16 11:25:30 - [MESSAGE][PASSED] - Object: 'Object Repository/Final Object Repo/New Registration - Registration Module Pages/Third Screen - Upload Supporting Doc- Preview/Preview Submit - Confirm' is clicked on

2018-11-16 11:25:30 - [TEST_STEP][PASSED] - delay: Delayed 15 second(s)

2018-11-16 11:25:45 - [MESSAGE][PASSED] - Delayed 15 second(s)

2018-11-16 11:25:45 - [TEST_STEP][PASSED] - Statement - driver = com.kms.katalon.core.webui.driver.DriverFactory.getWebDriver(): null

2018-11-16 11:25:45 - [TEST_STEP][PASSED] - Statement - driver.manage().timeouts().implicitlyWait(10, SECONDS): null

2018-11-16 11:25:45 - [TEST_STEP][PASSED] - Statement - PresavePath = KatalonScreenshots: null

2018-11-16 11:25:45 - [TEST_STEP][PASSED] - Statement - pathPrefix = "C:\Users\Public\Pictures\Sample Pictures\Katalon Screenshots\Automate Ending Screen": null

2018-11-16 11:25:45 - [TEST_STEP][PASSED] - Statement - finalPath = <not implemented yet for class: org.codehaus.groovy.ast.expr.EmptyExpression>: null

2018-11-16 11:25:45 - [TEST_STEP][PASSED] - Statement - scrFile = driver.getScreenshotAs(FILE): null

2018-11-16 11:25:45 - [TEST_STEP][PASSED] - Statement - PreSaveFile = new java.io.File(PresavePath): null

2018-11-16 11:25:45 - [TEST_STEP][PASSED] - Statement - counter = 0: null

2018-11-16 11:25:45 - [TEST_STEP][PASSED] - Statement - If (PreSaveFile.exists()): null

2018-11-16 11:25:45 - [TEST_STEP][PASSED] - Statement - While (PreSaveFile.exists()): null

2018-11-16 11:25:45 - [TEST_STEP][PASSED] - Statement - counter = counter + 1: null

2018-11-16 11:25:45 - [TEST_STEP][PASSED] - Statement - PreSaveFile = new java.io.File(((pathPrefix + java.lang.Integer.toString(counter)) + .png)): null

2018-11-16 11:25:45 - [TEST_STEP][PASSED] - Statement - counter = counter + 1: null

2018-11-16 11:25:45 - [TEST_STEP][PASSED] - Statement - PreSaveFile = new java.io.File(((pathPrefix + java.lang.Integer.toString(counter)) + .png)): null

2018-11-16 11:25:45 - [TEST_STEP][PASSED] - Statement - counter = counter + 1: null

2018-11-16 11:25:45 - [TEST_STEP][PASSED] - Statement - PreSaveFile = new java.io.File(((pathPrefix + java.lang.Integer.toString(counter)) + .png)): null

2018-11-16 11:25:45 - [TEST_STEP][PASSED] - Statement - counter = counter + 1: null

2018-11-16 11:25:45 - [TEST_STEP][PASSED] - Statement - PreSaveFile = new java.io.File(((pathPrefix + java.lang.Integer.toString(counter)) + .png)): null

2018-11-16 11:25:45 - [TEST_STEP][PASSED] - Statement - counter = counter + 1: null

2018-11-16 11:25:45 - [TEST_STEP][PASSED] - Statement - PreSaveFile = new java.io.File(((pathPrefix + java.lang.Integer.toString(counter)) + .png)): null

2018-11-16 11:25:45 - [TEST_STEP][PASSED] - Statement - counter = counter + 1: null

2018-11-16 11:25:45 - [TEST_STEP][PASSED] - Statement - PreSaveFile = new java.io.File(((pathPrefix + java.lang.Integer.toString(counter)) + .png)): null

2018-11-16 11:25:45 - [TEST_STEP][PASSED] - Statement - counter = counter + 1: null

2018-11-16 11:25:45 - [TEST_STEP][PASSED] - Statement - PreSaveFile = new java.io.File(((pathPrefix + java.lang.Integer.toString(counter)) + .png)): null

2018-11-16 11:25:45 - [TEST_STEP][PASSED] - Statement - counter = counter + 1: null

2018-11-16 11:25:45 - [TEST_STEP][PASSED] - Statement - PreSaveFile = new java.io.File(((pathPrefix + java.lang.Integer.toString(counter)) + .png)): null

2018-11-16 11:25:45 - [TEST_STEP][PASSED] - Statement - counter = counter + 1: null

2018-11-16 11:25:45 - [TEST_STEP][PASSED] - Statement - PreSaveFile = new java.io.File(((pathPrefix + java.lang.Integer.toString(counter)) + .png)): null

2018-11-16 11:25:45 - [TEST_STEP][PASSED] - Statement - counter = counter + 1: null

2018-11-16 11:25:45 - [TEST_STEP][PASSED] - Statement - PreSaveFile = new java.io.File(((pathPrefix + java.lang.Integer.toString(counter)) + .png)): null

2018-11-16 11:25:45 - [TEST_STEP][PASSED] - Statement - counter = counter + 1: null

2018-11-16 11:25:45 - [TEST_STEP][PASSED] - Statement - PreSaveFile = new java.io.File(((pathPrefix + java.lang.Integer.toString(counter)) + .png)): null

2018-11-16 11:25:45 - [TEST_STEP][PASSED] - Statement - counter = counter + 1: null

2018-11-16 11:25:45 - [TEST_STEP][PASSED] - Statement - PreSaveFile = new java.io.File(((pathPrefix + java.lang.Integer.toString(counter)) + .png)): null

2018-11-16 11:25:45 - [TEST_STEP][PASSED] - Statement - counter = counter + 1: null

2018-11-16 11:25:45 - [TEST_STEP][PASSED] - Statement - PreSaveFile = new java.io.File(((pathPrefix + java.lang.Integer.toString(counter)) + .png)): null

2018-11-16 11:25:45 - [TEST_STEP][PASSED] - Statement - counter = counter + 1: null

2018-11-16 11:25:45 - [TEST_STEP][PASSED] - Statement - PreSaveFile = new java.io.File(((pathPrefix + java.lang.Integer.toString(counter)) + .png)): null

2018-11-16 11:25:45 - [TEST_STEP][PASSED] - Statement - counter = counter + 1: null

2018-11-16 11:25:45 - [TEST_STEP][PASSED] - Statement - PreSaveFile = new java.io.File(((pathPrefix + java.lang.Integer.toString(counter)) + .png)): null

2018-11-16 11:25:45 - [TEST_STEP][PASSED] - Statement - counter = counter + 1: null

2018-11-16 11:25:45 - [TEST_STEP][PASSED] - Statement - PreSaveFile = new java.io.File(((pathPrefix + java.lang.Integer.toString(counter)) + .png)): null

2018-11-16 11:25:45 - [TEST_STEP][PASSED] - Statement - counter = counter + 1: null

2018-11-16 11:25:45 - [TEST_STEP][PASSED] - Statement - PreSaveFile = new java.io.File(((pathPrefix + java.lang.Integer.toString(counter)) + .png)): null

2018-11-16 11:25:45 - [TEST_STEP][PASSED] - Statement - counter = counter + 1: null

2018-11-16 11:25:45 - [TEST_STEP][PASSED] - Statement - PreSaveFile = new java.io.File(((pathPrefix + java.lang.Integer.toString(counter)) + .png)): null

2018-11-16 11:25:45 - [TEST_STEP][PASSED] - Statement - counter = counter + 1: null

2018-11-16 11:25:45 - [TEST_STEP][PASSED] - Statement - PreSaveFile = new java.io.File(((pathPrefix + java.lang.Integer.toString(counter)) + .png)): null

2018-11-16 11:25:45 - [TEST_STEP][PASSED] - Statement - counter = counter + 1: null

2018-11-16 11:25:45 - [TEST_STEP][PASSED] - Statement - PreSaveFile = new java.io.File(((pathPrefix + java.lang.Integer.toString(counter)) + .png)): null

2018-11-16 11:25:45 - [TEST_STEP][PASSED] - Statement - counter = counter + 1: null

2018-11-16 11:25:45 - [TEST_STEP][PASSED] - Statement - PreSaveFile = new java.io.File(((pathPrefix + java.lang.Integer.toString(counter)) + .png)): null

2018-11-16 11:25:46 - [TEST_STEP][PASSED] - Statement - counter = counter + 1: null

2018-11-16 11:25:46 - [TEST_STEP][PASSED] - Statement - PreSaveFile = new java.io.File(((pathPrefix + java.lang.Integer.toString(counter)) + .png)): null

2018-11-16 11:25:46 - [TEST_STEP][PASSED] - Statement - counter = counter + 1: null

2018-11-16 11:25:46 - [TEST_STEP][PASSED] - Statement - PreSaveFile = new java.io.File(((pathPrefix + java.lang.Integer.toString(counter)) + .png)): null

2018-11-16 11:25:46 - [TEST_STEP][PASSED] - Statement - counter = counter + 1: null

2018-11-16 11:25:46 - [TEST_STEP][PASSED] - Statement - PreSaveFile = new java.io.File(((pathPrefix + java.lang.Integer.toString(counter)) + .png)): null

2018-11-16 11:25:46 - [TEST_STEP][PASSED] - Statement - counter = counter + 1: null

2018-11-16 11:25:46 - [TEST_STEP][PASSED] - Statement - PreSaveFile = new java.io.File(((pathPrefix + java.lang.Integer.toString(counter)) + .png)): null

2018-11-16 11:25:46 - [TEST_STEP][PASSED] - Statement - counter = counter + 1: null

2018-11-16 11:25:46 - [TEST_STEP][PASSED] - Statement - PreSaveFile = new java.io.File(((pathPrefix + java.lang.Integer.toString(counter)) + .png)): null

2018-11-16 11:25:46 - [TEST_STEP][PASSED] - Statement - counter = counter + 1: null

2018-11-16 11:25:46 - [TEST_STEP][PASSED] - Statement - PreSaveFile = new java.io.File(((pathPrefix + java.lang.Integer.toString(counter)) + .png)): null

2018-11-16 11:25:46 - [TEST_STEP][PASSED] - Statement - counter = counter + 1: null

2018-11-16 11:25:46 - [TEST_STEP][PASSED] - Statement - PreSaveFile = new java.io.File(((pathPrefix + java.lang.Integer.toString(counter)) + .png)): null

2018-11-16 11:25:46 - [TEST_STEP][PASSED] - Statement - counter = counter + 1: null

2018-11-16 11:25:46 - [TEST_STEP][PASSED] - Statement - PreSaveFile = new java.io.File(((pathPrefix + java.lang.Integer.toString(counter)) + .png)): null

2018-11-16 11:25:46 - [TEST_STEP][PASSED] - Statement - counter = counter + 1: null

2018-11-16 11:25:46 - [TEST_STEP][PASSED] - Statement - PreSaveFile = new java.io.File(((pathPrefix + java.lang.Integer.toString(counter)) + .png)): null

2018-11-16 11:25:46 - [TEST_STEP][PASSED] - Statement - counter = counter + 1: null

2018-11-16 11:25:46 - [TEST_STEP][PASSED] - Statement - PreSaveFile = new java.io.File(((pathPrefix + java.lang.Integer.toString(counter)) + .png)): null

2018-11-16 11:25:46 - [TEST_STEP][PASSED] - Statement - counter = counter + 1: null

2018-11-16 11:25:46 - [TEST_STEP][PASSED] - Statement - PreSaveFile = new java.io.File(((pathPrefix + java.lang.Integer.toString(counter)) + .png)): null

2018-11-16 11:25:46 - [TEST_STEP][PASSED] - Statement - counter = counter + 1: null

2018-11-16 11:25:46 - [TEST_STEP][PASSED] - Statement - PreSaveFile = new java.io.File(((pathPrefix + java.lang.Integer.toString(counter)) + .png)): null

2018-11-16 11:25:46 - [TEST_STEP][PASSED] - Statement - counter = counter + 1: null

2018-11-16 11:25:47 - [TEST_STEP][PASSED] - Statement - PreSaveFile = new java.io.File(((pathPrefix + java.lang.Integer.toString(counter)) + .png)): null

2018-11-16 11:25:47 - [TEST_STEP][PASSED] - Statement - counter = counter + 1: null

2018-11-16 11:25:47 - [TEST_STEP][PASSED] - Statement - PreSaveFile = new java.io.File(((pathPrefix + java.lang.Integer.toString(counter)) + .png)): null

2018-11-16 11:25:47 - [TEST_STEP][PASSED] - Statement - counter = counter + 1: null

2018-11-16 11:25:47 - [TEST_STEP][PASSED] - Statement - PreSaveFile = new java.io.File(((pathPrefix + java.lang.Integer.toString(counter)) + .png)): null

2018-11-16 11:25:47 - [TEST_STEP][PASSED] - Statement - counter = counter + 1: null

2018-11-16 11:25:47 - [TEST_STEP][PASSED] - Statement - PreSaveFile = new java.io.File(((pathPrefix + java.lang.Integer.toString(counter)) + .png)): null

2018-11-16 11:25:47 - [TEST_STEP][PASSED] - Statement - counter = counter + 1: null

2018-11-16 11:25:47 - [TEST_STEP][PASSED] - Statement - PreSaveFile = new java.io.File(((pathPrefix + java.lang.Integer.toString(counter)) + .png)): null

2018-11-16 11:25:47 - [TEST_STEP][PASSED] - Statement - counter = counter + 1: null

2018-11-16 11:25:47 - [TEST_STEP][PASSED] - Statement - PreSaveFile = new java.io.File(((pathPrefix + java.lang.Integer.toString(counter)) + .png)): null

2018-11-16 11:25:47 - [TEST_STEP][PASSED] - Statement - counter = counter + 1: null

2018-11-16 11:25:47 - [TEST_STEP][PASSED] - Statement - PreSaveFile = new java.io.File(((pathPrefix + java.lang.Integer.toString(counter)) + .png)): null

2018-11-16 11:25:47 - [TEST_STEP][PASSED] - Statement - counter = counter + 1: null

2018-11-16 11:25:47 - [TEST_STEP][PASSED] - Statement - PreSaveFile = new java.io.File(((pathPrefix + java.lang.Integer.toString(counter)) + .png)): null

2018-11-16 11:25:47 - [TEST_STEP][PASSED] - Statement - counter = counter + 1: null

2018-11-16 11:25:47 - [TEST_STEP][PASSED] - Statement - PreSaveFile = new java.io.File(((pathPrefix + java.lang.Integer.toString(counter)) + .png)): null

2018-11-16 11:25:47 - [TEST_STEP][PASSED] - Statement - counter = counter + 1: null

2018-11-16 11:25:47 - [TEST_STEP][PASSED] - Statement - PreSaveFile = new java.io.File(((pathPrefix + java.lang.Integer.toString(counter)) + .png)): null

2018-11-16 11:25:47 - [TEST_STEP][PASSED] - Statement - counter = counter + 1: null

2018-11-16 11:25:47 - [TEST_STEP][PASSED] - Statement - PreSaveFile = new java.io.File(((pathPrefix + java.lang.Integer.toString(counter)) + .png)): null

2018-11-16 11:25:47 - [TEST_STEP][PASSED] - Statement - counter = counter + 1: null

2018-11-16 11:25:47 - [TEST_STEP][PASSED] - Statement - PreSaveFile = new java.io.File(((pathPrefix + java.lang.Integer.toString(counter)) + .png)): null

2018-11-16 11:25:47 - [TEST_STEP][PASSED] - Statement - counter = counter + 1: null

2018-11-16 11:25:48 - [TEST_STEP][PASSED] - Statement - PreSaveFile = new java.io.File(((pathPrefix + java.lang.Integer.toString(counter)) + .png)): null

2018-11-16 11:25:48 - [TEST_STEP][PASSED] - Statement - counter = counter + 1: null

2018-11-16 11:25:48 - [TEST_STEP][PASSED] - Statement - PreSaveFile = new java.io.File(((pathPrefix + java.lang.Integer.toString(counter)) + .png)): null

2018-11-16 11:25:48 - [TEST_STEP][PASSED] - Statement - counter = counter + 1: null

2018-11-16 11:25:48 - [TEST_STEP][PASSED] - Statement - PreSaveFile = new java.io.File(((pathPrefix + java.lang.Integer.toString(counter)) + .png)): null

2018-11-16 11:25:48 - [TEST_STEP][PASSED] - Statement - counter = counter + 1: null

2018-11-16 11:25:48 - [TEST_STEP][PASSED] - Statement - PreSaveFile = new java.io.File(((pathPrefix + java.lang.Integer.toString(counter)) + .png)): null

2018-11-16 11:25:48 - [TEST_STEP][PASSED] - Statement - counter = counter + 1: null

2018-11-16 11:25:48 - [TEST_STEP][PASSED] - Statement - PreSaveFile = new java.io.File(((pathPrefix + java.lang.Integer.toString(counter)) + .png)): null

2018-11-16 11:25:48 - [TEST_STEP][PASSED] - Statement - counter = counter + 1: null

2018-11-16 11:25:48 - [TEST_STEP][PASSED] - Statement - PreSaveFile = new java.io.File(((pathPrefix + java.lang.Integer.toString(counter)) + .png)): null

2018-11-16 11:25:48 - [TEST_STEP][PASSED] - Statement - counter = counter + 1: null

2018-11-16 11:25:48 - [TEST_STEP][PASSED] - Statement - PreSaveFile = new java.io.File(((pathPrefix + java.lang.Integer.toString(counter)) + .png)): null

2018-11-16 11:25:48 - [TEST_STEP][PASSED] - Statement - counter = counter + 1: null

2018-11-16 11:25:49 - [TEST_STEP][PASSED] - Statement - PreSaveFile = new java.io.File(((pathPrefix + java.lang.Integer.toString(counter)) + .png)): null

2018-11-16 11:25:49 - [TEST_STEP][PASSED] - Statement - counter = counter + 1: null

2018-11-16 11:25:49 - [TEST_STEP][PASSED] - Statement - PreSaveFile = new java.io.File(((pathPrefix + java.lang.Integer.toString(counter)) + .png)): null

2018-11-16 11:25:49 - [TEST_STEP][PASSED] - Statement - counter = counter + 1: null

2018-11-16 11:25:49 - [TEST_STEP][PASSED] - Statement - PreSaveFile = new java.io.File(((pathPrefix + java.lang.Integer.toString(counter)) + .png)): null

2018-11-16 11:25:49 - [TEST_STEP][PASSED] - Statement - counter = counter + 1: null

2018-11-16 11:25:49 - [TEST_STEP][PASSED] - Statement - PreSaveFile = new java.io.File(((pathPrefix + java.lang.Integer.toString(counter)) + .png)): null

2018-11-16 11:25:49 - [TEST_STEP][PASSED] - Statement - counter = counter + 1: null

2018-11-16 11:25:49 - [TEST_STEP][PASSED] - Statement - PreSaveFile = new java.io.File(((pathPrefix + java.lang.Integer.toString(counter)) + .png)): null

2018-11-16 11:25:49 - [TEST_STEP][PASSED] - Statement - counter = counter + 1: null

2018-11-16 11:25:49 - [TEST_STEP][PASSED] - Statement - PreSaveFile = new java.io.File(((pathPrefix + java.lang.Integer.toString(counter)) + .png)): null

2018-11-16 11:25:49 - [TEST_STEP][PASSED] - Statement - counter = counter + 1: null

2018-11-16 11:25:49 - [TEST_STEP][PASSED] - Statement - PreSaveFile = new java.io.File(((pathPrefix + java.lang.Integer.toString(counter)) + .png)): null

2018-11-16 11:25:49 - [TEST_STEP][PASSED] - Statement - counter = counter + 1: null

2018-11-16 11:25:49 - [TEST_STEP][PASSED] - Statement - PreSaveFile = new java.io.File(((pathPrefix + java.lang.Integer.toString(counter)) + .png)): null

2018-11-16 11:25:49 - [TEST_STEP][PASSED] - Statement - counter = counter + 1: null

2018-11-16 11:25:49 - [TEST_STEP][PASSED] - Statement - PreSaveFile = new java.io.File(((pathPrefix + java.lang.Integer.toString(counter)) + .png)): null

2018-11-16 11:25:49 - [TEST_STEP][PASSED] - Statement - counter = counter + 1: null

2018-11-16 11:25:49 - [TEST_STEP][PASSED] - Statement - PreSaveFile = new java.io.File(((pathPrefix + java.lang.Integer.toString(counter)) + .png)): null

2018-11-16 11:25:50 - [TEST_STEP][PASSED] - Statement - counter = counter + 1: null

2018-11-16 11:25:50 - [TEST_STEP][PASSED] - Statement - PreSaveFile = new java.io.File(((pathPrefix + java.lang.Integer.toString(counter)) + .png)): null

2018-11-16 11:25:50 - [TEST_STEP][PASSED] - Statement - counter = counter + 1: null

2018-11-16 11:25:50 - [TEST_STEP][PASSED] - Statement - PreSaveFile = new java.io.File(((pathPrefix + java.lang.Integer.toString(counter)) + .png)): null

2018-11-16 11:25:50 - [TEST_STEP][PASSED] - Statement - counter = counter + 1: null

2018-11-16 11:25:50 - [TEST_STEP][PASSED] - Statement - PreSaveFile = new java.io.File(((pathPrefix + java.lang.Integer.toString(counter)) + .png)): null

2018-11-16 11:25:50 - [TEST_STEP][PASSED] - Statement - counter = counter + 1: null

2018-11-16 11:25:50 - [TEST_STEP][PASSED] - Statement - PreSaveFile = new java.io.File(((pathPrefix + java.lang.Integer.toString(counter)) + .png)): null

2018-11-16 11:25:50 - [TEST_STEP][PASSED] - Statement - counter = counter + 1: null

2018-11-16 11:25:50 - [TEST_STEP][PASSED] - Statement - PreSaveFile = new java.io.File(((pathPrefix + java.lang.Integer.toString(counter)) + .png)): null

2018-11-16 11:25:50 - [TEST_STEP][PASSED] - Statement - counter = counter + 1: null

2018-11-16 11:25:50 - [TEST_STEP][PASSED] - Statement - PreSaveFile = new java.io.File(((pathPrefix + java.lang.Integer.toString(counter)) + .png)): null

2018-11-16 11:25:50 - [TEST_STEP][PASSED] - Statement - counter = counter + 1: null

2018-11-16 11:25:50 - [TEST_STEP][PASSED] - Statement - PreSaveFile = new java.io.File(((pathPrefix + java.lang.Integer.toString(counter)) + .png)): null

2018-11-16 11:25:51 - [TEST_STEP][PASSED] - Statement - counter = counter + 1: null

2018-11-16 11:25:51 - [TEST_STEP][PASSED] - Statement - PreSaveFile = new java.io.File(((pathPrefix + java.lang.Integer.toString(counter)) + .png)): null

2018-11-16 11:25:51 - [TEST_STEP][PASSED] - Statement - counter = counter + 1: null

2018-11-16 11:25:51 - [TEST_STEP][PASSED] - Statement - PreSaveFile = new java.io.File(((pathPrefix + java.lang.Integer.toString(counter)) + .png)): null

2018-11-16 11:25:51 - [TEST_STEP][PASSED] - Statement - counter = counter + 1: null

2018-11-16 11:25:51 - [TEST_STEP][PASSED] - Statement - PreSaveFile = new java.io.File(((pathPrefix + java.lang.Integer.toString(counter)) + .png)): null

2018-11-16 11:25:51 - [TEST_STEP][PASSED] - Statement - counter = counter + 1: null

2018-11-16 11:25:51 - [TEST_STEP][PASSED] - Statement - PreSaveFile = new java.io.File(((pathPrefix + java.lang.Integer.toString(counter)) + .png)): null

2018-11-16 11:25:51 - [TEST_STEP][PASSED] - Statement - counter = counter + 1: null

2018-11-16 11:25:51 - [TEST_STEP][PASSED] - Statement - PreSaveFile = new java.io.File(((pathPrefix + java.lang.Integer.toString(counter)) + .png)): null

2018-11-16 11:25:51 - [TEST_STEP][PASSED] - Statement - counter = counter + 1: null

2018-11-16 11:25:51 - [TEST_STEP][PASSED] - Statement - PreSaveFile = new java.io.File(((pathPrefix + java.lang.Integer.toString(counter)) + .png)): null

2018-11-16 11:25:51 - [TEST_STEP][PASSED] - Statement - counter = counter + 1: null

2018-11-16 11:25:51 - [TEST_STEP][PASSED] - Statement - PreSaveFile = new java.io.File(((pathPrefix + java.lang.Integer.toString(counter)) + .png)): null

2018-11-16 11:25:51 - [TEST_STEP][PASSED] - Statement - counter = counter + 1: null

2018-11-16 11:25:51 - [TEST_STEP][PASSED] - Statement - PreSaveFile = new java.io.File(((pathPrefix + java.lang.Integer.toString(counter)) + .png)): null

2018-11-16 11:25:51 - [TEST_STEP][PASSED] - Statement - counter = counter + 1: null

2018-11-16 11:25:51 - [TEST_STEP][PASSED] - Statement - PreSaveFile = new java.io.File(((pathPrefix + java.lang.Integer.toString(counter)) + .png)): null

2018-11-16 11:25:51 - [TEST_STEP][PASSED] - Statement - counter = counter + 1: null

2018-11-16 11:25:52 - [TEST_STEP][PASSED] - Statement - PreSaveFile = new java.io.File(((pathPrefix + java.lang.Integer.toString(counter)) + .png)): null

2018-11-16 11:25:52 - [TEST_STEP][PASSED] - Statement - counter = counter + 1: null

2018-11-16 11:25:52 - [TEST_STEP][PASSED] - Statement - PreSaveFile = new java.io.File(((pathPrefix + java.lang.Integer.toString(counter)) + .png)): null

2018-11-16 11:25:52 - [TEST_STEP][PASSED] - Statement - counter = counter + 1: null

2018-11-16 11:25:52 - [TEST_STEP][PASSED] - Statement - PreSaveFile = new java.io.File(((pathPrefix + java.lang.Integer.toString(counter)) + .png)): null

2018-11-16 11:25:52 - [TEST_STEP][PASSED] - Statement - counter = counter + 1: null

2018-11-16 11:25:52 - [TEST_STEP][PASSED] - Statement - PreSaveFile = new java.io.File(((pathPrefix + java.lang.Integer.toString(counter)) + .png)): null

2018-11-16 11:25:52 - [TEST_STEP][PASSED] - Statement - counter = counter + 1: null

2018-11-16 11:25:52 - [TEST_STEP][PASSED] - Statement - PreSaveFile = new java.io.File(((pathPrefix + java.lang.Integer.toString(counter)) + .png)): null

2018-11-16 11:25:52 - [TEST_STEP][PASSED] - Statement - counter = counter + 1: null

2018-11-16 11:25:52 - [TEST_STEP][PASSED] - Statement - PreSaveFile = new java.io.File(((pathPrefix + java.lang.Integer.toString(counter)) + .png)): null

2018-11-16 11:25:52 - [TEST_STEP][PASSED] - Statement - counter = counter + 1: null

2018-11-16 11:25:52 - [TEST_STEP][PASSED] - Statement - PreSaveFile = new java.io.File(((pathPrefix + java.lang.Integer.toString(counter)) + .png)): null

2018-11-16 11:25:52 - [TEST_STEP][PASSED] - Statement - counter = counter + 1: null

2018-11-16 11:25:53 - [TEST_STEP][PASSED] - Statement - PreSaveFile = new java.io.File(((pathPrefix + java.lang.Integer.toString(counter)) + .png)): null

2018-11-16 11:25:53 - [TEST_STEP][PASSED] - Statement - counter = counter + 1: null

2018-11-16 11:25:53 - [TEST_STEP][PASSED] - Statement - PreSaveFile = new java.io.File(((pathPrefix + java.lang.Integer.toString(counter)) + .png)): null

2018-11-16 11:25:53 - [TEST_STEP][PASSED] - Statement - counter = counter + 1: null

2018-11-16 11:25:53 - [TEST_STEP][PASSED] - Statement - PreSaveFile = new java.io.File(((pathPrefix + java.lang.Integer.toString(counter)) + .png)): null

2018-11-16 11:25:53 - [TEST_STEP][PASSED] - Statement - counter = counter + 1: null

2018-11-16 11:25:53 - [TEST_STEP][PASSED] - Statement - PreSaveFile = new java.io.File(((pathPrefix + java.lang.Integer.toString(counter)) + .png)): null

2018-11-16 11:25:53 - [TEST_STEP][PASSED] - Statement - counter = counter + 1: null

2018-11-16 11:25:53 - [TEST_STEP][PASSED] - Statement - PreSaveFile = new java.io.File(((pathPrefix + java.lang.Integer.toString(counter)) + .png)): null

2018-11-16 11:25:53 - [TEST_STEP][PASSED] - Statement - counter = counter + 1: null

2018-11-16 11:25:54 - [TEST_STEP][PASSED] - Statement - PreSaveFile = new java.io.File(((pathPrefix + java.lang.Integer.toString(counter)) + .png)): null

2018-11-16 11:25:54 - [TEST_STEP][PASSED] - Statement - counter = counter + 1: null

2018-11-16 11:25:54 - [TEST_STEP][PASSED] - Statement - PreSaveFile = new java.io.File(((pathPrefix + java.lang.Integer.toString(counter)) + .png)): null

2018-11-16 11:25:54 - [TEST_STEP][PASSED] - Statement - counter = counter + 1: null

2018-11-16 11:25:54 - [TEST_STEP][PASSED] - Statement - PreSaveFile = new java.io.File(((pathPrefix + java.lang.Integer.toString(counter)) + .png)): null

2018-11-16 11:25:54 - [TEST_STEP][PASSED] - Statement - counter = counter + 1: null

2018-11-16 11:25:54 - [TEST_STEP][PASSED] - Statement - PreSaveFile = new java.io.File(((pathPrefix + java.lang.Integer.toString(counter)) + .png)): null

2018-11-16 11:25:54 - [TEST_STEP][PASSED] - Statement - counter = counter + 1: null

2018-11-16 11:25:54 - [TEST_STEP][PASSED] - Statement - PreSaveFile = new java.io.File(((pathPrefix + java.lang.Integer.toString(counter)) + .png)): null

2018-11-16 11:25:54 - [TEST_STEP][PASSED] - Statement - counter = counter + 1: null

2018-11-16 11:25:54 - [TEST_STEP][PASSED] - Statement - PreSaveFile = new java.io.File(((pathPrefix + java.lang.Integer.toString(counter)) + .png)): null

2018-11-16 11:25:54 - [TEST_STEP][PASSED] - Statement - counter = counter + 1: null

2018-11-16 11:25:54 - [TEST_STEP][PASSED] - Statement - PreSaveFile = new java.io.File(((pathPrefix + java.lang.Integer.toString(counter)) + .png)): null

2018-11-16 11:25:54 - [TEST_STEP][PASSED] - Statement - counter = counter + 1: null

2018-11-16 11:25:54 - [TEST_STEP][PASSED] - Statement - PreSaveFile = new java.io.File(((pathPrefix + java.lang.Integer.toString(counter)) + .png)): null

2018-11-16 11:25:54 - [TEST_STEP][PASSED] - Statement - counter = counter + 1: null

2018-11-16 11:25:54 - [TEST_STEP][PASSED] - Statement - PreSaveFile = new java.io.File(((pathPrefix + java.lang.Integer.toString(counter)) + .png)): null

2018-11-16 11:25:54 - [TEST_STEP][PASSED] - Statement - counter = counter + 1: null

2018-11-16 11:25:55 - [TEST_STEP][PASSED] - Statement - PreSaveFile = new java.io.File(((pathPrefix + java.lang.Integer.toString(counter)) + .png)): null

2018-11-16 11:25:55 - [TEST_STEP][PASSED] - Statement - counter = counter + 1: null

2018-11-16 11:25:55 - [TEST_STEP][PASSED] - Statement - PreSaveFile = new java.io.File(((pathPrefix + java.lang.Integer.toString(counter)) + .png)): null

2018-11-16 11:25:55 - [TEST_STEP][PASSED] - Statement - counter = counter + 1: null

2018-11-16 11:25:55 - [TEST_STEP][PASSED] - Statement - PreSaveFile = new java.io.File(((pathPrefix + java.lang.Integer.toString(counter)) + .png)): null

2018-11-16 11:25:55 - [TEST_STEP][PASSED] - Statement - counter = counter + 1: null

2018-11-16 11:25:55 - [TEST_STEP][PASSED] - Statement - PreSaveFile = new java.io.File(((pathPrefix + java.lang.Integer.toString(counter)) + .png)): null

2018-11-16 11:25:55 - [TEST_STEP][PASSED] - Statement - counter = counter + 1: null

2018-11-16 11:25:55 - [TEST_STEP][PASSED] - Statement - PreSaveFile = new java.io.File(((pathPrefix + java.lang.Integer.toString(counter)) + .png)): null

2018-11-16 11:25:55 - [TEST_STEP][PASSED] - Statement - counter = counter + 1: null

2018-11-16 11:25:55 - [TEST_STEP][PASSED] - Statement - PreSaveFile = new java.io.File(((pathPrefix + java.lang.Integer.toString(counter)) + .png)): null

2018-11-16 11:25:55 - [TEST_STEP][PASSED] - Statement - counter = counter + 1: null

2018-11-16 11:25:55 - [TEST_STEP][PASSED] - Statement - PreSaveFile = new java.io.File(((pathPrefix + java.lang.Integer.toString(counter)) + .png)): null

2018-11-16 11:25:55 - [TEST_STEP][PASSED] - Statement - counter = counter + 1: null

2018-11-16 11:25:55 - [TEST_STEP][PASSED] - Statement - PreSaveFile = new java.io.File(((pathPrefix + java.lang.Integer.toString(counter)) + .png)): null

2018-11-16 11:25:56 - [TEST_STEP][PASSED] - Statement - counter = counter + 1: null

2018-11-16 11:25:56 - [TEST_STEP][PASSED] - Statement - PreSaveFile = new java.io.File(((pathPrefix + java.lang.Integer.toString(counter)) + .png)): null

2018-11-16 11:25:56 - [TEST_STEP][PASSED] - Statement - counter = counter + 1: null

2018-11-16 11:25:56 - [TEST_STEP][PASSED] - Statement - PreSaveFile = new java.io.File(((pathPrefix + java.lang.Integer.toString(counter)) + .png)): null

2018-11-16 11:25:56 - [TEST_STEP][PASSED] - Statement - counter = counter + 1: null

2018-11-16 11:25:56 - [TEST_STEP][PASSED] - Statement - PreSaveFile = new java.io.File(((pathPrefix + java.lang.Integer.toString(counter)) + .png)): null

2018-11-16 11:25:56 - [TEST_STEP][PASSED] - Statement - counter = counter + 1: null

2018-11-16 11:25:56 - [TEST_STEP][PASSED] - Statement - PreSaveFile = new java.io.File(((pathPrefix + java.lang.Integer.toString(counter)) + .png)): null

2018-11-16 11:25:56 - [TEST_STEP][PASSED] - Statement - counter = counter + 1: null

2018-11-16 11:25:57 - [TEST_STEP][PASSED] - Statement - PreSaveFile = new java.io.File(((pathPrefix + java.lang.Integer.toString(counter)) + .png)): null

2018-11-16 11:25:57 - [TEST_STEP][PASSED] - Statement - counter = counter + 1: null

2018-11-16 11:25:57 - [TEST_STEP][PASSED] - Statement - PreSaveFile = new java.io.File(((pathPrefix + java.lang.Integer.toString(counter)) + .png)): null

2018-11-16 11:25:57 - [TEST_STEP][PASSED] - Statement - counter = counter + 1: null

2018-11-16 11:25:57 - [TEST_STEP][PASSED] - Statement - PreSaveFile = new java.io.File(((pathPrefix + java.lang.Integer.toString(counter)) + .png)): null

2018-11-16 11:25:57 - [TEST_STEP][PASSED] - Statement - counter = counter + 1: null

2018-11-16 11:25:57 - [TEST_STEP][PASSED] - Statement - PreSaveFile = new java.io.File(((pathPrefix + java.lang.Integer.toString(counter)) + .png)): null

2018-11-16 11:25:57 - [TEST_STEP][PASSED] - Statement - counter = counter + 1: null

2018-11-16 11:25:57 - [TEST_STEP][PASSED] - Statement - PreSaveFile = new java.io.File(((pathPrefix + java.lang.Integer.toString(counter)) + .png)): null

2018-11-16 11:25:57 - [TEST_STEP][PASSED] - Statement - counter = counter + 1: null

2018-11-16 11:25:58 - [TEST_STEP][PASSED] - Statement - PreSaveFile = new java.io.File(((pathPrefix + java.lang.Integer.toString(counter)) + .png)): null

2018-11-16 11:25:58 - [TEST_STEP][PASSED] - Statement - counter = counter + 1: null

2018-11-16 11:25:58 - [TEST_STEP][PASSED] - Statement - PreSaveFile = new java.io.File(((pathPrefix + java.lang.Integer.toString(counter)) + .png)): null

2018-11-16 11:25:58 - [TEST_STEP][PASSED] - Statement - counter = counter + 1: null

2018-11-16 11:25:58 - [TEST_STEP][PASSED] - Statement - PreSaveFile = new java.io.File(((pathPrefix + java.lang.Integer.toString(counter)) + .png)): null

2018-11-16 11:25:58 - [TEST_STEP][PASSED] - Statement - counter = counter + 1: null

2018-11-16 11:25:58 - [TEST_STEP][PASSED] - Statement - PreSaveFile = new java.io.File(((pathPrefix + java.lang.Integer.toString(counter)) + .png)): null

2018-11-16 11:25:58 - [TEST_STEP][PASSED] - Statement - counter = counter + 1: null

2018-11-16 11:25:58 - [TEST_STEP][PASSED] - Statement - PreSaveFile = new java.io.File(((pathPrefix + java.lang.Integer.toString(counter)) + .png)): null

2018-11-16 11:25:58 - [TEST_STEP][PASSED] - Statement - counter = counter + 1: null

2018-11-16 11:25:58 - [TEST_STEP][PASSED] - Statement - PreSaveFile = new java.io.File(((pathPrefix + java.lang.Integer.toString(counter)) + .png)): null

2018-11-16 11:25:58 - [TEST_STEP][PASSED] - Statement - counter = counter + 1: null

2018-11-16 11:25:58 - [TEST_STEP][PASSED] - Statement - PreSaveFile = new java.io.File(((pathPrefix + java.lang.Integer.toString(counter)) + .png)): null

2018-11-16 11:25:58 - [TEST_STEP][PASSED] - Statement - counter = counter + 1: null

2018-11-16 11:25:58 - [TEST_STEP][PASSED] - Statement - PreSaveFile = new java.io.File(((pathPrefix + java.lang.Integer.toString(counter)) + .png)): null

2018-11-16 11:25:58 - [TEST_STEP][PASSED] - Statement - counter = counter + 1: null

2018-11-16 11:25:58 - [TEST_STEP][PASSED] - Statement - PreSaveFile = new java.io.File(((pathPrefix + java.lang.Integer.toString(counter)) + .png)): null

2018-11-16 11:25:58 - [TEST_STEP][PASSED] - Statement - counter = counter + 1: null

2018-11-16 11:25:58 - [TEST_STEP][PASSED] - Statement - PreSaveFile = new java.io.File(((pathPrefix + java.lang.Integer.toString(counter)) + .png)): null

2018-11-16 11:25:58 - [TEST_STEP][PASSED] - Statement - counter = counter + 1: null

2018-11-16 11:25:58 - [TEST_STEP][PASSED] - Statement - PreSaveFile = new java.io.File(((pathPrefix + java.lang.Integer.toString(counter)) + .png)): null

2018-11-16 11:25:58 - [TEST_STEP][PASSED] - Statement - counter = counter + 1: null

2018-11-16 11:25:58 - [TEST_STEP][PASSED] - Statement - PreSaveFile = new java.io.File(((pathPrefix + java.lang.Integer.toString(counter)) + .png)): null

2018-11-16 11:25:58 - [TEST_STEP][PASSED] - Statement - counter = counter + 1: null

2018-11-16 11:25:58 - [TEST_STEP][PASSED] - Statement - PreSaveFile = new java.io.File(((pathPrefix + java.lang.Integer.toString(counter)) + .png)): null

2018-11-16 11:25:58 - [TEST_STEP][PASSED] - Statement - counter = counter + 1: null

2018-11-16 11:25:58 - [TEST_STEP][PASSED] - Statement - PreSaveFile = new java.io.File(((pathPrefix + java.lang.Integer.toString(counter)) + .png)): null

2018-11-16 11:25:58 - [TEST_STEP][PASSED] - Statement - counter = counter + 1: null

2018-11-16 11:25:58 - [TEST_STEP][PASSED] - Statement - PreSaveFile = new java.io.File(((pathPrefix + java.lang.Integer.toString(counter)) + .png)): null

2018-11-16 11:25:58 - [TEST_STEP][PASSED] - Statement - counter = counter + 1: null

2018-11-16 11:25:58 - [TEST_STEP][PASSED] - Statement - PreSaveFile = new java.io.File(((pathPrefix + java.lang.Integer.toString(counter)) + .png)): null

2018-11-16 11:25:58 - [TEST_STEP][PASSED] - Statement - counter = counter + 1: null

2018-11-16 11:25:58 - [TEST_STEP][PASSED] - Statement - PreSaveFile = new java.io.File(((pathPrefix + java.lang.Integer.toString(counter)) + .png)): null

2018-11-16 11:25:58 - [TEST_STEP][PASSED] - Statement - counter = counter + 1: null

2018-11-16 11:25:58 - [TEST_STEP][PASSED] - Statement - PreSaveFile = new java.io.File(((pathPrefix + java.lang.Integer.toString(counter)) + .png)): null

2018-11-16 11:25:58 - [TEST_STEP][PASSED] - Statement - counter = counter + 1: null

2018-11-16 11:25:58 - [TEST_STEP][PASSED] - Statement - PreSaveFile = new java.io.File(((pathPrefix + java.lang.Integer.toString(counter)) + .png)): null

2018-11-16 11:25:58 - [TEST_STEP][PASSED] - Statement - counter = counter + 1: null

2018-11-16 11:25:58 - [TEST_STEP][PASSED] - Statement - PreSaveFile = new java.io.File(((pathPrefix + java.lang.Integer.toString(counter)) + .png)): null

2018-11-16 11:25:58 - [TEST_STEP][PASSED] - Statement - counter = counter + 1: null

2018-11-16 11:25:58 - [TEST_STEP][PASSED] - Statement - PreSaveFile = new java.io.File(((pathPrefix + java.lang.Integer.toString(counter)) + .png)): null

2018-11-16 11:25:58 - [TEST_STEP][PASSED] - Statement - counter = counter + 1: null

2018-11-16 11:25:58 - [TEST_STEP][PASSED] - Statement - PreSaveFile = new java.io.File(((pathPrefix + java.lang.Integer.toString(counter)) + .png)): null

2018-11-16 11:25:58 - [TEST_STEP][PASSED] - Statement - counter = counter + 1: null

2018-11-16 11:25:59 - [TEST_STEP][PASSED] - Statement - PreSaveFile = new java.io.File(((pathPrefix + java.lang.Integer.toString(counter)) + .png)): null

2018-11-16 11:25:59 - [TEST_STEP][PASSED] - Statement - counter = counter + 1: null

2018-11-16 11:25:59 - [TEST_STEP][PASSED] - Statement - PreSaveFile = new java.io.File(((pathPrefix + java.lang.Integer.toString(counter)) + .png)): null

2018-11-16 11:25:59 - [TEST_STEP][PASSED] - Statement - counter = counter + 1: null

2018-11-16 11:25:59 - [TEST_STEP][PASSED] - Statement - PreSaveFile = new java.io.File(((pathPrefix + java.lang.Integer.toString(counter)) + .png)): null

2018-11-16 11:25:59 - [TEST_STEP][PASSED] - Statement - counter = counter + 1: null

2018-11-16 11:25:59 - [TEST_STEP][PASSED] - Statement - PreSaveFile = new java.io.File(((pathPrefix + java.lang.Integer.toString(counter)) + .png)): null

2018-11-16 11:25:59 - [TEST_STEP][PASSED] - Statement - counter = counter + 1: null

2018-11-16 11:25:59 - [TEST_STEP][PASSED] - Statement - PreSaveFile = new java.io.File(((pathPrefix + java.lang.Integer.toString(counter)) + .png)): null

2018-11-16 11:25:59 - [TEST_STEP][PASSED] - Statement - counter = counter + 1: null

2018-11-16 11:26:00 - [TEST_STEP][PASSED] - Statement - PreSaveFile = new java.io.File(((pathPrefix + java.lang.Integer.toString(counter)) + .png)): null

2018-11-16 11:26:00 - [TEST_STEP][PASSED] - Statement - counter = counter + 1: null

2018-11-16 11:26:00 - [TEST_STEP][PASSED] - Statement - PreSaveFile = new java.io.File(((pathPrefix + java.lang.Integer.toString(counter)) + .png)): null

2018-11-16 11:26:00 - [TEST_STEP][PASSED] - Statement - counter = counter + 1: null

2018-11-16 11:26:00 - [TEST_STEP][PASSED] - Statement - PreSaveFile = new java.io.File(((pathPrefix + java.lang.Integer.toString(counter)) + .png)): null

2018-11-16 11:26:00 - [TEST_STEP][PASSED] - Statement - counter = counter + 1: null

2018-11-16 11:26:00 - [TEST_STEP][PASSED] - Statement - PreSaveFile = new java.io.File(((pathPrefix + java.lang.Integer.toString(counter)) + .png)): null

2018-11-16 11:26:00 - [TEST_STEP][PASSED] - Statement - counter = counter + 1: null

2018-11-16 11:26:00 - [TEST_STEP][PASSED] - Statement - PreSaveFile = new java.io.File(((pathPrefix + java.lang.Integer.toString(counter)) + .png)): null

2018-11-16 11:26:00 - [TEST_STEP][PASSED] - Statement - counter = counter + 1: null

2018-11-16 11:26:01 - [TEST_STEP][PASSED] - Statement - PreSaveFile = new java.io.File(((pathPrefix + java.lang.Integer.toString(counter)) + .png)): null

2018-11-16 11:26:01 - [TEST_STEP][PASSED] - Statement - counter = counter + 1: null

2018-11-16 11:26:01 - [TEST_STEP][PASSED] - Statement - PreSaveFile = new java.io.File(((pathPrefix + java.lang.Integer.toString(counter)) + .png)): null

2018-11-16 11:26:01 - [TEST_STEP][PASSED] - Statement - counter = counter + 1: null

2018-11-16 11:26:01 - [TEST_STEP][PASSED] - Statement - PreSaveFile = new java.io.File(((pathPrefix + java.lang.Integer.toString(counter)) + .png)): null

2018-11-16 11:26:01 - [TEST_STEP][PASSED] - Statement - counter = counter + 1: null

2018-11-16 11:26:01 - [TEST_STEP][PASSED] - Statement - PreSaveFile = new java.io.File(((pathPrefix + java.lang.Integer.toString(counter)) + .png)): null

2018-11-16 11:26:01 - [TEST_STEP][PASSED] - Statement - counter = counter + 1: null

2018-11-16 11:26:01 - [TEST_STEP][PASSED] - Statement - PreSaveFile = new java.io.File(((pathPrefix + java.lang.Integer.toString(counter)) + .png)): null

2018-11-16 11:26:02 - [TEST_STEP][PASSED] - Statement - counter = counter + 1: null

2018-11-16 11:26:02 - [TEST_STEP][PASSED] - Statement - PreSaveFile = new java.io.File(((pathPrefix + java.lang.Integer.toString(counter)) + .png)): null

2018-11-16 11:26:02 - [TEST_STEP][PASSED] - Statement - counter = counter + 1: null

2018-11-16 11:26:02 - [TEST_STEP][PASSED] - Statement - PreSaveFile = new java.io.File(((pathPrefix + java.lang.Integer.toString(counter)) + .png)): null

2018-11-16 11:26:02 - [TEST_STEP][PASSED] - Statement - counter = counter + 1: null

2018-11-16 11:26:02 - [TEST_STEP][PASSED] - Statement - PreSaveFile = new java.io.File(((pathPrefix + java.lang.Integer.toString(counter)) + .png)): null

2018-11-16 11:26:02 - [TEST_STEP][PASSED] - Statement - counter = counter + 1: null

2018-11-16 11:26:02 - [TEST_STEP][PASSED] - Statement - PreSaveFile = new java.io.File(((pathPrefix + java.lang.Integer.toString(counter)) + .png)): null

2018-11-16 11:26:02 - [TEST_STEP][PASSED] - Statement - counter = counter + 1: null

2018-11-16 11:26:03 - [TEST_STEP][PASSED] - Statement - PreSaveFile = new java.io.File(((pathPrefix + java.lang.Integer.toString(counter)) + .png)): null

2018-11-16 11:26:03 - [TEST_STEP][PASSED] - Statement - counter = counter + 1: null

2018-11-16 11:26:03 - [TEST_STEP][PASSED] - Statement - PreSaveFile = new java.io.File(((pathPrefix + java.lang.Integer.toString(counter)) + .png)): null

2018-11-16 11:26:03 - [TEST_STEP][PASSED] - Statement - counter = counter + 1: null

2018-11-16 11:26:03 - [TEST_STEP][PASSED] - Statement - PreSaveFile = new java.io.File(((pathPrefix + java.lang.Integer.toString(counter)) + .png)): null

2018-11-16 11:26:03 - [TEST_STEP][PASSED] - Statement - counter = counter + 1: null

2018-11-16 11:26:03 - [TEST_STEP][PASSED] - Statement - PreSaveFile = new java.io.File(((pathPrefix + java.lang.Integer.toString(counter)) + .png)): null

2018-11-16 11:26:03 - [TEST_STEP][PASSED] - Statement - counter = counter + 1: null

2018-11-16 11:26:03 - [TEST_STEP][PASSED] - Statement - PreSaveFile = new java.io.File(((pathPrefix + java.lang.Integer.toString(counter)) + .png)): null

2018-11-16 11:26:03 - [TEST_STEP][PASSED] - Statement - counter = counter + 1: null

2018-11-16 11:26:03 - [TEST_STEP][PASSED] - Statement - PreSaveFile = new java.io.File(((pathPrefix + java.lang.Integer.toString(counter)) + .png)): null

2018-11-16 11:26:03 - [TEST_STEP][PASSED] - Statement - counter = counter + 1: null

2018-11-16 11:26:04 - [TEST_STEP][PASSED] - Statement - PreSaveFile = new java.io.File(((pathPrefix + java.lang.Integer.toString(counter)) + .png)): null

2018-11-16 11:26:04 - [TEST_STEP][PASSED] - Statement - counter = counter + 1: null

2018-11-16 11:26:04 - [TEST_STEP][PASSED] - Statement - PreSaveFile = new java.io.File(((pathPrefix + java.lang.Integer.toString(counter)) + .png)): null

2018-11-16 11:26:04 - [TEST_STEP][PASSED] - Statement - counter = counter + 1: null

2018-11-16 11:26:04 - [TEST_STEP][PASSED] - Statement - PreSaveFile = new java.io.File(((pathPrefix + java.lang.Integer.toString(counter)) + .png)): null

2018-11-16 11:26:04 - [TEST_STEP][PASSED] - Statement - counter = counter + 1: null

2018-11-16 11:26:04 - [TEST_STEP][PASSED] - Statement - PreSaveFile = new java.io.File(((pathPrefix + java.lang.Integer.toString(counter)) + .png)): null

2018-11-16 11:26:04 - [TEST_STEP][PASSED] - Statement - counter = counter + 1: null

2018-11-16 11:26:04 - [TEST_STEP][PASSED] - Statement - PreSaveFile = new java.io.File(((pathPrefix + java.lang.Integer.toString(counter)) + .png)): null

2018-11-16 11:26:04 - [TEST_STEP][PASSED] - Statement - counter = counter + 1: null

2018-11-16 11:26:04 - [TEST_STEP][PASSED] - Statement - PreSaveFile = new java.io.File(((pathPrefix + java.lang.Integer.toString(counter)) + .png)): null

2018-11-16 11:26:04 - [TEST_STEP][PASSED] - Statement - counter = counter + 1: null

2018-11-16 11:26:04 - [TEST_STEP][PASSED] - Statement - PreSaveFile = new java.io.File(((pathPrefix + java.lang.Integer.toString(counter)) + .png)): null

2018-11-16 11:26:04 - [TEST_STEP][PASSED] - Statement - counter = counter + 1: null

2018-11-16 11:26:04 - [TEST_STEP][PASSED] - Statement - PreSaveFile = new java.io.File(((pathPrefix + java.lang.Integer.toString(counter)) + .png)): null

2018-11-16 11:26:04 - [TEST_STEP][PASSED] - Statement - counter = counter + 1: null

2018-11-16 11:26:04 - [TEST_STEP][PASSED] - Statement - PreSaveFile = new java.io.File(((pathPrefix + java.lang.Integer.toString(counter)) + .png)): null

2018-11-16 11:26:04 - [TEST_STEP][PASSED] - Statement - counter = counter + 1: null

2018-11-16 11:26:04 - [TEST_STEP][PASSED] - Statement - PreSaveFile = new java.io.File(((pathPrefix + java.lang.Integer.toString(counter)) + .png)): null

2018-11-16 11:26:05 - [TEST_STEP][PASSED] - Statement - counter = counter + 1: null

2018-11-16 11:26:05 - [TEST_STEP][PASSED] - Statement - PreSaveFile = new java.io.File(((pathPrefix + java.lang.Integer.toString(counter)) + .png)): null

2018-11-16 11:26:05 - [TEST_STEP][PASSED] - Statement - counter = counter + 1: null

2018-11-16 11:26:05 - [TEST_STEP][PASSED] - Statement - PreSaveFile = new java.io.File(((pathPrefix + java.lang.Integer.toString(counter)) + .png)): null

2018-11-16 11:26:05 - [TEST_STEP][PASSED] - Statement - counter = counter + 1: null

2018-11-16 11:26:05 - [TEST_STEP][PASSED] - Statement - PreSaveFile = new java.io.File(((pathPrefix + java.lang.Integer.toString(counter)) + .png)): null

2018-11-16 11:26:05 - [TEST_STEP][PASSED] - Statement - counter = counter + 1: null

2018-11-16 11:26:05 - [TEST_STEP][PASSED] - Statement - PreSaveFile = new java.io.File(((pathPrefix + java.lang.Integer.toString(counter)) + .png)): null

2018-11-16 11:26:05 - [TEST_STEP][PASSED] - Statement - counter = counter + 1: null

2018-11-16 11:26:06 - [TEST_STEP][PASSED] - Statement - PreSaveFile = new java.io.File(((pathPrefix + java.lang.Integer.toString(counter)) + .png)): null

2018-11-16 11:26:06 - [TEST_STEP][PASSED] - Statement - counter = counter + 1: null

2018-11-16 11:26:06 - [TEST_STEP][PASSED] - Statement - PreSaveFile = new java.io.File(((pathPrefix + java.lang.Integer.toString(counter)) + .png)): null

2018-11-16 11:26:06 - [TEST_STEP][PASSED] - Statement - counter = counter + 1: null

2018-11-16 11:26:06 - [TEST_STEP][PASSED] - Statement - PreSaveFile = new java.io.File(((pathPrefix + java.lang.Integer.toString(counter)) + .png)): null

2018-11-16 11:26:06 - [TEST_STEP][PASSED] - Statement - counter = counter + 1: null

2018-11-16 11:26:06 - [TEST_STEP][PASSED] - Statement - PreSaveFile = new java.io.File(((pathPrefix + java.lang.Integer.toString(counter)) + .png)): null

2018-11-16 11:26:06 - [TEST_STEP][PASSED] - Statement - counter = counter + 1: null

2018-11-16 11:26:06 - [TEST_STEP][PASSED] - Statement - PreSaveFile = new java.io.File(((pathPrefix + java.lang.Integer.toString(counter)) + .png)): null

2018-11-16 11:26:06 - [TEST_STEP][PASSED] - Statement - counter = counter + 1: null

2018-11-16 11:26:07 - [TEST_STEP][PASSED] - Statement - PreSaveFile = new java.io.File(((pathPrefix + java.lang.Integer.toString(counter)) + .png)): null

2018-11-16 11:26:07 - [TEST_STEP][PASSED] - Statement - counter = counter + 1: null

2018-11-16 11:26:07 - [TEST_STEP][PASSED] - Statement - PreSaveFile = new java.io.File(((pathPrefix + java.lang.Integer.toString(counter)) + .png)): null

2018-11-16 11:26:07 - [TEST_STEP][PASSED] - Statement - counter = counter + 1: null

2018-11-16 11:26:07 - [TEST_STEP][PASSED] - Statement - PreSaveFile = new java.io.File(((pathPrefix + java.lang.Integer.toString(counter)) + .png)): null

2018-11-16 11:26:07 - [TEST_STEP][PASSED] - Statement - counter = counter + 1: null

2018-11-16 11:26:07 - [TEST_STEP][PASSED] - Statement - PreSaveFile = new java.io.File(((pathPrefix + java.lang.Integer.toString(counter)) + .png)): null

2018-11-16 11:26:07 - [TEST_STEP][PASSED] - Statement - counter = counter + 1: null

2018-11-16 11:26:07 - [TEST_STEP][PASSED] - Statement - PreSaveFile = new java.io.File(((pathPrefix + java.lang.Integer.toString(counter)) + .png)): null

2018-11-16 11:26:07 - [TEST_STEP][PASSED] - Statement - counter = counter + 1: null

2018-11-16 11:26:08 - [TEST_STEP][PASSED] - Statement - PreSaveFile = new java.io.File(((pathPrefix + java.lang.Integer.toString(counter)) + .png)): null

2018-11-16 11:26:08 - [TEST_STEP][PASSED] - Statement - counter = counter + 1: null

2018-11-16 11:26:08 - [TEST_STEP][PASSED] - Statement - PreSaveFile = new java.io.File(((pathPrefix + java.lang.Integer.toString(counter)) + .png)): null

2018-11-16 11:26:08 - [TEST_STEP][PASSED] - Statement - counter = counter + 1: null

2018-11-16 11:26:08 - [TEST_STEP][PASSED] - Statement - PreSaveFile = new java.io.File(((pathPrefix + java.lang.Integer.toString(counter)) + .png)): null

2018-11-16 11:26:08 - [TEST_STEP][PASSED] - Statement - counter = counter + 1: null

2018-11-16 11:26:08 - [TEST_STEP][PASSED] - Statement - PreSaveFile = new java.io.File(((pathPrefix + java.lang.Integer.toString(counter)) + .png)): null

2018-11-16 11:26:08 - [TEST_STEP][PASSED] - Statement - counter = counter + 1: null

2018-11-16 11:26:08 - [TEST_STEP][PASSED] - Statement - PreSaveFile = new java.io.File(((pathPrefix + java.lang.Integer.toString(counter)) + .png)): null

2018-11-16 11:26:08 - [TEST_STEP][PASSED] - Statement - counter = counter + 1: null

2018-11-16 11:26:09 - [TEST_STEP][PASSED] - Statement - PreSaveFile = new java.io.File(((pathPrefix + java.lang.Integer.toString(counter)) + .png)): null

2018-11-16 11:26:09 - [TEST_STEP][PASSED] - Statement - counter = counter + 1: null

2018-11-16 11:26:09 - [TEST_STEP][PASSED] - Statement - PreSaveFile = new java.io.File(((pathPrefix + java.lang.Integer.toString(counter)) + .png)): null

2018-11-16 11:26:09 - [TEST_STEP][PASSED] - Statement - counter = counter + 1: null

2018-11-16 11:26:09 - [TEST_STEP][PASSED] - Statement - PreSaveFile = new java.io.File(((pathPrefix + java.lang.Integer.toString(counter)) + .png)): null

2018-11-16 11:26:09 - [TEST_STEP][PASSED] - Statement - counter = counter + 1: null

2018-11-16 11:26:09 - [TEST_STEP][PASSED] - Statement - PreSaveFile = new java.io.File(((pathPrefix + java.lang.Integer.toString(counter)) + .png)): null

2018-11-16 11:26:09 - [TEST_STEP][PASSED] - Statement - counter = counter + 1: null

2018-11-16 11:26:09 - [TEST_STEP][PASSED] - Statement - PreSaveFile = new java.io.File(((pathPrefix + java.lang.Integer.toString(counter)) + .png)): null

2018-11-16 11:26:09 - [TEST_STEP][PASSED] - Statement - counter = counter + 1: null

2018-11-16 11:26:09 - [TEST_STEP][PASSED] - Statement - PreSaveFile = new java.io.File(((pathPrefix + java.lang.Integer.toString(counter)) + .png)): null

2018-11-16 11:26:09 - [TEST_STEP][PASSED] - Statement - counter = counter + 1: null

2018-11-16 11:26:09 - [TEST_STEP][PASSED] - Statement - PreSaveFile = new java.io.File(((pathPrefix + java.lang.Integer.toString(counter)) + .png)): null

2018-11-16 11:26:09 - [TEST_STEP][PASSED] - Statement - counter = counter + 1: null

2018-11-16 11:26:09 - [TEST_STEP][PASSED] - Statement - PreSaveFile = new java.io.File(((pathPrefix + java.lang.Integer.toString(counter)) + .png)): null

2018-11-16 11:26:09 - [TEST_STEP][PASSED] - Statement - counter = counter + 1: null

2018-11-16 11:26:09 - [TEST_STEP][PASSED] - Statement - PreSaveFile = new java.io.File(((pathPrefix + java.lang.Integer.toString(counter)) + .png)): null

2018-11-16 11:26:09 - [TEST_STEP][PASSED] - Statement - counter = counter + 1: null

2018-11-16 11:26:09 - [TEST_STEP][PASSED] - Statement - PreSaveFile = new java.io.File(((pathPrefix + java.lang.Integer.toString(counter)) + .png)): null

2018-11-16 11:26:09 - [TEST_STEP][PASSED] - Statement - counter = counter + 1: null

2018-11-16 11:26:09 - [TEST_STEP][PASSED] - Statement - PreSaveFile = new java.io.File(((pathPrefix + java.lang.Integer.toString(counter)) + .png)): null

2018-11-16 11:26:09 - [TEST_STEP][PASSED] - Statement - counter = counter + 1: null

2018-11-16 11:26:10 - [TEST_STEP][PASSED] - Statement - PreSaveFile = new java.io.File(((pathPrefix + java.lang.Integer.toString(counter)) + .png)): null

2018-11-16 11:26:10 - [TEST_STEP][PASSED] - Statement - counter = counter + 1: null

2018-11-16 11:26:10 - [TEST_STEP][PASSED] - Statement - PreSaveFile = new java.io.File(((pathPrefix + java.lang.Integer.toString(counter)) + .png)): null

2018-11-16 11:26:10 - [TEST_STEP][PASSED] - Statement - counter = counter + 1: null

2018-11-16 11:26:10 - [TEST_STEP][PASSED] - Statement - PreSaveFile = new java.io.File(((pathPrefix + java.lang.Integer.toString(counter)) + .png)): null

2018-11-16 11:26:10 - [TEST_STEP][PASSED] - Statement - counter = counter + 1: null

2018-11-16 11:26:10 - [TEST_STEP][PASSED] - Statement - PreSaveFile = new java.io.File(((pathPrefix + java.lang.Integer.toString(counter)) + .png)): null

2018-11-16 11:26:10 - [TEST_STEP][PASSED] - Statement - counter = counter + 1: null

2018-11-16 11:26:10 - [TEST_STEP][PASSED] - Statement - PreSaveFile = new java.io.File(((pathPrefix + java.lang.Integer.toString(counter)) + .png)): null

2018-11-16 11:26:11 - [TEST_STEP][PASSED] - Statement - counter = counter + 1: null

2018-11-16 11:26:11 - [TEST_STEP][PASSED] - Statement - PreSaveFile = new java.io.File(((pathPrefix + java.lang.Integer.toString(counter)) + .png)): null

2018-11-16 11:26:11 - [TEST_STEP][PASSED] - Statement - counter = counter + 1: null

2018-11-16 11:26:11 - [TEST_STEP][PASSED] - Statement - PreSaveFile = new java.io.File(((pathPrefix + java.lang.Integer.toString(counter)) + .png)): null

2018-11-16 11:26:11 - [TEST_STEP][PASSED] - Statement - counter = counter + 1: null

2018-11-16 11:26:11 - [TEST_STEP][PASSED] - Statement - PreSaveFile = new java.io.File(((pathPrefix + java.lang.Integer.toString(counter)) + .png)): null

2018-11-16 11:26:11 - [TEST_STEP][PASSED] - Statement - counter = counter + 1: null

2018-11-16 11:26:11 - [TEST_STEP][PASSED] - Statement - PreSaveFile = new java.io.File(((pathPrefix + java.lang.Integer.toString(counter)) + .png)): null

2018-11-16 11:26:11 - [TEST_STEP][PASSED] - Statement - counter = counter + 1: null

2018-11-16 11:26:12 - [TEST_STEP][PASSED] - Statement - PreSaveFile = new java.io.File(((pathPrefix + java.lang.Integer.toString(counter)) + .png)): null

2018-11-16 11:26:12 - [TEST_STEP][PASSED] - Statement - counter = counter + 1: null

2018-11-16 11:26:12 - [TEST_STEP][PASSED] - Statement - PreSaveFile = new java.io.File(((pathPrefix + java.lang.Integer.toString(counter)) + .png)): null

2018-11-16 11:26:12 - [TEST_STEP][PASSED] - Statement - counter = counter + 1: null

2018-11-16 11:26:12 - [TEST_STEP][PASSED] - Statement - PreSaveFile = new java.io.File(((pathPrefix + java.lang.Integer.toString(counter)) + .png)): null

2018-11-16 11:26:12 - [TEST_STEP][PASSED] - Statement - counter = counter + 1: null

2018-11-16 11:26:12 - [TEST_STEP][PASSED] - Statement - PreSaveFile = new java.io.File(((pathPrefix + java.lang.Integer.toString(counter)) + .png)): null

2018-11-16 11:26:12 - [TEST_STEP][PASSED] - Statement - counter = counter + 1: null

2018-11-16 11:26:12 - [TEST_STEP][PASSED] - Statement - PreSaveFile = new java.io.File(((pathPrefix + java.lang.Integer.toString(counter)) + .png)): null

2018-11-16 11:26:12 - [TEST_STEP][PASSED] - Statement - counter = counter + 1: null

2018-11-16 11:26:13 - [TEST_STEP][PASSED] - Statement - PreSaveFile = new java.io.File(((pathPrefix + java.lang.Integer.toString(counter)) + .png)): null

2018-11-16 11:26:13 - [TEST_STEP][PASSED] - Statement - counter = counter + 1: null

2018-11-16 11:26:13 - [TEST_STEP][PASSED] - Statement - PreSaveFile = new java.io.File(((pathPrefix + java.lang.Integer.toString(counter)) + .png)): null

2018-11-16 11:26:13 - [TEST_STEP][PASSED] - Statement - counter = counter + 1: null

2018-11-16 11:26:13 - [TEST_STEP][PASSED] - Statement - PreSaveFile = new java.io.File(((pathPrefix + java.lang.Integer.toString(counter)) + .png)): null

2018-11-16 11:26:13 - [TEST_STEP][PASSED] - Statement - counter = counter + 1: null

2018-11-16 11:26:13 - [TEST_STEP][PASSED] - Statement - PreSaveFile = new java.io.File(((pathPrefix + java.lang.Integer.toString(counter)) + .png)): null

2018-11-16 11:26:13 - [TEST_STEP][PASSED] - Statement - counter = counter + 1: null

2018-11-16 11:26:13 - [TEST_STEP][PASSED] - Statement - PreSaveFile = new java.io.File(((pathPrefix + java.lang.Integer.toString(counter)) + .png)): null

2018-11-16 11:26:13 - [TEST_STEP][PASSED] - Statement - counter = counter + 1: null

2018-11-16 11:26:14 - [TEST_STEP][PASSED] - Statement - PreSaveFile = new java.io.File(((pathPrefix + java.lang.Integer.toString(counter)) + .png)): null

2018-11-16 11:26:14 - [TEST_STEP][PASSED] - Statement - counter = counter + 1: null

2018-11-16 11:26:14 - [TEST_STEP][PASSED] - Statement - PreSaveFile = new java.io.File(((pathPrefix + java.lang.Integer.toString(counter)) + .png)): null

2018-11-16 11:26:14 - [TEST_STEP][PASSED] - Statement - counter = counter + 1: null

2018-11-16 11:26:14 - [TEST_STEP][PASSED] - Statement - PreSaveFile = new java.io.File(((pathPrefix + java.lang.Integer.toString(counter)) + .png)): null

2018-11-16 11:26:14 - [TEST_STEP][PASSED] - Statement - counter = counter + 1: null

2018-11-16 11:26:14 - [TEST_STEP][PASSED] - Statement - PreSaveFile = new java.io.File(((pathPrefix + java.lang.Integer.toString(counter)) + .png)): null

2018-11-16 11:26:14 - [TEST_STEP][PASSED] - Statement - counter = counter + 1: null

2018-11-16 11:26:14 - [TEST_STEP][PASSED] - Statement - PreSaveFile = new java.io.File(((pathPrefix + java.lang.Integer.toString(counter)) + .png)): null

2018-11-16 11:26:16 - [TEST_STEP][PASSED] - Statement - counter = counter + 1: null

2018-11-16 11:26:16 - [TEST_STEP][PASSED] - Statement - PreSaveFile = new java.io.File(((pathPrefix + java.lang.Integer.toString(counter)) + .png)): null

2018-11-16 11:26:16 - [TEST_STEP][PASSED] - Statement - counter = counter + 1: null

2018-11-16 11:26:16 - [TEST_STEP][PASSED] - Statement - PreSaveFile = new java.io.File(((pathPrefix + java.lang.Integer.toString(counter)) + .png)): null

2018-11-16 11:26:16 - [TEST_STEP][PASSED] - Statement - counter = counter + 1: null

2018-11-16 11:26:16 - [TEST_STEP][PASSED] - Statement - PreSaveFile = new java.io.File(((pathPrefix + java.lang.Integer.toString(counter)) + .png)): null

2018-11-16 11:26:16 - [TEST_STEP][PASSED] - Statement - counter = counter + 1: null

2018-11-16 11:26:16 - [TEST_STEP][PASSED] - Statement - PreSaveFile = new java.io.File(((pathPrefix + java.lang.Integer.toString(counter)) + .png)): null

2018-11-16 11:26:16 - [TEST_STEP][PASSED] - Statement - counter = counter + 1: null

2018-11-16 11:26:17 - [TEST_STEP][PASSED] - Statement - PreSaveFile = new java.io.File(((pathPrefix + java.lang.Integer.toString(counter)) + .png)): null

2018-11-16 11:26:17 - [TEST_STEP][PASSED] - Statement - counter = counter + 1: null

2018-11-16 11:26:17 - [TEST_STEP][PASSED] - Statement - PreSaveFile = new java.io.File(((pathPrefix + java.lang.Integer.toString(counter)) + .png)): null

2018-11-16 11:26:17 - [TEST_STEP][PASSED] - Statement - counter = counter + 1: null

2018-11-16 11:26:17 - [TEST_STEP][PASSED] - Statement - PreSaveFile = new java.io.File(((pathPrefix + java.lang.Integer.toString(counter)) + .png)): null

2018-11-16 11:26:17 - [TEST_STEP][PASSED] - Statement - counter = counter + 1: null

2018-11-16 11:26:17 - [TEST_STEP][PASSED] - Statement - PreSaveFile = new java.io.File(((pathPrefix + java.lang.Integer.toString(counter)) + .png)): null

2018-11-16 11:26:17 - [TEST_STEP][PASSED] - Statement - counter = counter + 1: null

2018-11-16 11:26:17 - [TEST_STEP][PASSED] - Statement - PreSaveFile = new java.io.File(((pathPrefix + java.lang.Integer.toString(counter)) + .png)): null

2018-11-16 11:26:17 - [TEST_STEP][PASSED] - Statement - counter = counter + 1: null

2018-11-16 11:26:17 - [TEST_STEP][PASSED] - Statement - PreSaveFile = new java.io.File(((pathPrefix + java.lang.Integer.toString(counter)) + .png)): null

2018-11-16 11:26:17 - [TEST_STEP][PASSED] - Statement - counter = counter + 1: null

2018-11-16 11:26:19 - [TEST_STEP][PASSED] - Statement - PreSaveFile = new java.io.File(((pathPrefix + java.lang.Integer.toString(counter)) + .png)): null

2018-11-16 11:26:19 - [TEST_STEP][PASSED] - Statement - counter = counter + 1: null

2018-11-16 11:26:19 - [TEST_STEP][PASSED] - Statement - PreSaveFile = new java.io.File(((pathPrefix + java.lang.Integer.toString(counter)) + .png)): null

2018-11-16 11:26:19 - [TEST_STEP][PASSED] - Statement - counter = counter + 1: null

2018-11-16 11:26:19 - [TEST_STEP][PASSED] - Statement - PreSaveFile = new java.io.File(((pathPrefix + java.lang.Integer.toString(counter)) + .png)): null

2018-11-16 11:26:19 - [TEST_STEP][PASSED] - Statement - counter = counter + 1: null

2018-11-16 11:26:19 - [TEST_STEP][PASSED] - Statement - PreSaveFile = new java.io.File(((pathPrefix + java.lang.Integer.toString(counter)) + .png)): null

2018-11-16 11:26:19 - [TEST_STEP][PASSED] - Statement - counter = counter + 1: null

2018-11-16 11:26:19 - [TEST_STEP][PASSED] - Statement - PreSaveFile = new java.io.File(((pathPrefix + java.lang.Integer.toString(counter)) + .png)): null

2018-11-16 11:26:19 - [TEST_STEP][PASSED] - Statement - counter = counter + 1: null

2018-11-16 11:26:20 - [TEST_STEP][PASSED] - Statement - PreSaveFile = new java.io.File(((pathPrefix + java.lang.Integer.toString(counter)) + .png)): null

2018-11-16 11:26:20 - [TEST_STEP][PASSED] - Statement - counter = counter + 1: null

2018-11-16 11:26:20 - [TEST_STEP][PASSED] - Statement - PreSaveFile = new java.io.File(((pathPrefix + java.lang.Integer.toString(counter)) + .png)): null

2018-11-16 11:26:20 - [TEST_STEP][PASSED] - Statement - counter = counter + 1: null

2018-11-16 11:26:20 - [TEST_STEP][PASSED] - Statement - PreSaveFile = new java.io.File(((pathPrefix + java.lang.Integer.toString(counter)) + .png)): null

2018-11-16 11:26:20 - [TEST_STEP][PASSED] - Statement - counter = counter + 1: null

2018-11-16 11:26:20 - [TEST_STEP][PASSED] - Statement - PreSaveFile = new java.io.File(((pathPrefix + java.lang.Integer.toString(counter)) + .png)): null

2018-11-16 11:26:20 - [TEST_STEP][PASSED] - Statement - counter = counter + 1: null

2018-11-16 11:26:20 - [TEST_STEP][PASSED] - Statement - PreSaveFile = new java.io.File(((pathPrefix + java.lang.Integer.toString(counter)) + .png)): null

2018-11-16 11:26:20 - [TEST_STEP][PASSED] - Statement - counter = counter + 1: null

2018-11-16 11:26:21 - [TEST_STEP][PASSED] - Statement - PreSaveFile = new java.io.File(((pathPrefix + java.lang.Integer.toString(counter)) + .png)): null

2018-11-16 11:26:21 - [TEST_STEP][PASSED] - Statement - finalPath = pathPrefix + java.lang.Integer.toString(counter) + ".png": null

2018-11-16 11:26:21 - [TEST_STEP][PASSED] - Statement - SaveFile = new java.io.File(finalPath): null

2018-11-16 11:26:21 - [TEST_STEP][PASSED] - Statement - Try: null

2018-11-16 11:26:21 - [TEST_STEP][PASSED] - Statement - org.apache.commons.io.FileUtils.copyFile(scrFile, SaveFile): null

2018-11-16 11:26:21 - [TEST_STEP][PASSED] - Statement - out.println("file kept"): null

2018-11-16 11:26:21 - [TEST_STEP][PASSED] - delay: Delayed 10 second(s)

2018-11-16 11:26:31 - [MESSAGE][PASSED] - Delayed 10 second(s)

2018-11-16 11:26:31 - [MESSAGE][PASSED] - Call Test Case 'Test Cases/Final Aug 2018 - PKS Automation/Registration Module/New Registration/Submit and Screenshot/Submit Registration and Screenshot - Copy' successfully

2018-11-16 11:26:31 - [TEST_STEP][PASSED] - Statement - UpdateAddNewECode = com.kms.katalon.core.webui.keyword.WebUiBuiltInKeywords.getText(com.kms.katalon.core.testobject.ObjectRepository.findTestObject(Object Repository/Final Object Repo/Page_Update Add New Employee - ASSIST/getEmpCode)): Text of object 'Object Repository/Final Object Repo/Page_Update Add New Employee - ASSIST/getEmpCode' is: 'E1102070235K'

2018-11-16 11:26:31 - [MESSAGE][PASSED] - Text of object 'Object Repository/Final Object Repo/Page_Update Add New Employee - ASSIST/getEmpCode' is: 'E1102070235K'

2018-11-16 11:26:31 - [TEST_STEP][PASSED] - callTestCase: Call Test Case 'Test Cases/Final Aug 2018 - PKS Automation/Common/Emp Code Setter' successfully

2018-11-16 11:26:31 - [TEST_CASE][PASSED] - Test Cases/Final Aug 2018 - PKS Automation/Common/Emp Code Setter: Test Cases/Final Aug 2018 - PKS Automation/Common/Emp Code Setter

2018-11-16 11:26:31 - [TEST_STEP][PASSED] - Statement - EmpCodeOld = new java.io.File(C://EmpCode.txt): null

2018-11-16 11:26:31 - [TEST_STEP][PASSED] - Statement - EmpCodeOld.delete(): null

2018-11-16 11:26:31 - [TEST_STEP][PASSED] - Statement - EmpCode = new java.io.File(C://EmpCode.txt): null

2018-11-16 11:26:31 - [TEST_STEP][PASSED] - Statement - EmpCode.append(UpdateAddNewECode): null

2018-11-16 11:26:31 - [TEST_STEP][PASSED] - Statement - out.println("


" + UpdateAddNewECode + "


"): null

2018-11-16 11:26:32 - [MESSAGE][PASSED] - Call Test Case 'Test Cases/Final Aug 2018 - PKS Automation/Common/Emp Code Setter' successfully

2018-11-16 11:26:32 - [MESSAGE][PASSED] - Call Test Case 'Test Cases/Final Aug 2018 - PKS Automation/Registration Module/Workflow/Update Add New Employee/Template/New Company for Update Add New - Employer' successfully

2018-11-16 11:26:32 - [TEST_STEP][PASSED] - callTestCase: Call Test Case 'Test Cases/Final Aug 2018 - PKS Automation/Create Employer Acc/Login to Employer Account (Second time)' successfully

2018-11-16 11:26:32 - [TEST_CASE][PASSED] - Test Cases/Final Aug 2018 - PKS Automation/Create Employer Acc/Login to Employer Account (Second time): Test Cases/Final Aug 2018 - PKS Automation/Create Employer Acc/Login to Employer Account (Second time)

2018-11-16 11:26:32 - [TEST_STEP][PASSED] - openBrowser: Browser is opened with url: ''

2018-11-16 11:26:32 - [MESSAGE][WARNING] - A browser is already opened. Closing browser and opening a new one

2018-11-16 11:26:37 - [MESSAGE][PASSED] - Browser is opened with url: ''

2018-11-16 11:26:37 - [TEST_STEP][PASSED] - navigateToUrl: Navigate to 'https://assist2-uat.perkeso.gov.my/employer/login' successfully

2018-11-16 11:26:40 - [MESSAGE][PASSED] - Navigate to 'https://assist2-uat.perkeso.gov.my/employer/login' successfully

2018-11-16 11:26:40 - [TEST_STEP][PASSED] - delay: Delayed 3 second(s)

2018-11-16 11:26:43 - [MESSAGE][PASSED] - Delayed 3 second(s)

2018-11-16 11:26:43 - [TEST_STEP][PASSED] - callTestCase: Call Test Case 'Test Cases/Final Aug 2018 - PKS Automation/Create Employer Acc/Template/Employer Email Getter' successfully

2018-11-16 11:26:43 - [TEST_CASE][PASSED] - Test Cases/Final Aug 2018 - PKS Automation/Create Employer Acc/Template/Employer Email Getter: Test Cases/Final Aug 2018 - PKS Automation/Create Employer Acc/Template/Employer Email Getter

2018-11-16 11:26:43 - [TEST_STEP][PASSED] - Statement - Try: null

2018-11-16 11:26:43 - [TEST_STEP][PASSED] - Statement - EmpEmail = new java.io.File(C://EmpEmail.txt): null

2018-11-16 11:26:43 - [TEST_STEP][PASSED] - Statement - bufferread = new java.io.BufferedReader(new java.io.FileReader(EmpEmail)): null

2018-11-16 11:26:43 - [TEST_STEP][PASSED] - Statement - readedVal = bufferread.readLine(): null

2018-11-16 11:26:43 - [TEST_STEP][PASSED] - Statement - out.println(readedVal): null

2018-11-16 11:26:43 - [TEST_STEP][PASSED] - Statement - Email = readedVal: null

2018-11-16 11:26:43 - [MESSAGE][PASSED] - Call Test Case 'Test Cases/Final Aug 2018 - PKS Automation/Create Employer Acc/Template/Employer Email Getter' successfully

2018-11-16 11:26:43 - [TEST_STEP][PASSED] - setText: Text 'perkeso285844817200@gmail.com' is set on object 'Object Repository/Final Object Repo/Login Page/External Login Page/Email'

2018-11-16 11:26:43 - [MESSAGE][PASSED] - Text 'perkeso285844817200@gmail.com' is set on object 'Object Repository/Final Object Repo/Login Page/External Login Page/Email'

2018-11-16 11:26:43 - [TEST_STEP][PASSED] - click: Object: 'Object Repository/Final Object Repo/Login Page/External Login Page/Next' is clicked on

2018-11-16 11:26:43 - [MESSAGE][PASSED] - Object: 'Object Repository/Final Object Repo/Login Page/External Login Page/Next' is clicked on

2018-11-16 11:26:43 - [TEST_STEP][PASSED] - delay: Delayed 3 second(s)

2018-11-16 11:26:46 - [MESSAGE][PASSED] - Delayed 3 second(s)

2018-11-16 11:26:46 - [TEST_STEP][PASSED] - setEncryptedText: Text ****** has been set on object 'Object Repository/Final Object Repo/Login Page/External Login Page/Password'

2018-11-16 11:26:46 - [MESSAGE][PASSED] - Text ****** has been set on object 'Object Repository/Final Object Repo/Login Page/External Login Page/Password'

2018-11-16 11:26:46 - [TEST_STEP][PASSED] - click: Object: 'Object Repository/Final Object Repo/Login Page/External Login Page/Login' is clicked on

2018-11-16 11:26:52 - [MESSAGE][PASSED] - Object: 'Object Repository/Final Object Repo/Login Page/External Login Page/Login' is clicked on

2018-11-16 11:26:52 - [TEST_STEP][PASSED] - delay: Delayed 5 second(s)

2018-11-16 11:26:57 - [MESSAGE][PASSED] - Delayed 5 second(s)

2018-11-16 11:26:57 - [MESSAGE][PASSED] - Call Test Case 'Test Cases/Final Aug 2018 - PKS Automation/Create Employer Acc/Login to Employer Account (Second time)' successfully

2018-11-16 11:26:57 - [TEST_STEP][PASSED] - Statement - Try: Delayed 2 second(s)

2018-11-16 11:26:57 - [TEST_STEP][PASSED] - Statement - Checker = false: null

2018-11-16 11:26:57 - [TEST_STEP][PASSED] - Statement - Checker = com.kms.katalon.core.webui.keyword.WebUiBuiltInKeywords.verifyElementHasAttribute(com.kms.katalon.core.testobject.ObjectRepository.findTestObject(Final Object Repo/Landing Page/BM Detecting), "href", 20, OPTIONAL): Object 'Object Repository/Final Object Repo/Landing Page/BM Detecting' has attribute 'href'

2018-11-16 11:26:57 - [MESSAGE][PASSED] - Object 'Object Repository/Final Object Repo/Landing Page/BM Detecting' has attribute 'href'

2018-11-16 11:26:57 - [TEST_STEP][PASSED] - Statement - out.println(Checker): null

2018-11-16 11:26:57 - [TEST_STEP][PASSED] - Statement - If (Checker == false): null

2018-11-16 11:26:57 - [TEST_STEP][PASSED] - Statement - Else: null

2018-11-16 11:26:57 - [TEST_STEP][PASSED] - delay: Delayed 2 second(s)

2018-11-16 11:26:59 - [MESSAGE][PASSED] - Delayed 2 second(s)

2018-11-16 11:26:59 - [TEST_STEP][PASSED] - navigateToUrl: Navigate to 'https://assist2-uat.perkeso.gov.my/web/registration/update/update-employee-information-employer-' successfully

2018-11-16 11:27:00 - [MESSAGE][PASSED] - Navigate to 'https://assist2-uat.perkeso.gov.my/web/registration/update/update-employee-information-employer-' successfully

2018-11-16 11:27:00 - [TEST_STEP][PASSED] - click: Object: 'Object Repository/Final Object Repo/Page_Update Employee Information By Employer/Edit Button' is clicked on

2018-11-16 11:27:03 - [MESSAGE][PASSED] - Object: 'Object Repository/Final Object Repo/Page_Update Employee Information By Employer/Edit Button' is clicked on

2018-11-16 11:27:03 - [TEST_STEP][PASSED] - click: Object: 'Object Repository/Final Object Repo/Page_Update Employee Information By Employer/Employee Name or New Identification' is clicked on

2018-11-16 11:27:04 - [MESSAGE][PASSED] - Object: 'Object Repository/Final Object Repo/Page_Update Employee Information By Employer/Employee Name or New Identification' is clicked on

2018-11-16 11:27:04 - [TEST_STEP][PASSED] - delay: Delayed 1 second(s)

2018-11-16 11:27:05 - [MESSAGE][PASSED] - Delayed 1 second(s)

2018-11-16 11:27:05 - [TEST_STEP][PASSED] - click: Object: 'Object Repository/Final Object Repo/Page_Update Employee Information By Employer/Selection - Employee Name' is clicked on

2018-11-16 11:27:06 - [MESSAGE][PASSED] - Object: 'Object Repository/Final Object Repo/Page_Update Employee Information By Employer/Selection - Employee Name' is clicked on

2018-11-16 11:27:06 - [TEST_STEP][PASSED] - delay: Delayed 1 second(s)

2018-11-16 11:27:07 - [MESSAGE][PASSED] - Delayed 1 second(s)

2018-11-16 11:27:07 - [TEST_STEP][PASSED] - setText: Text 'AUTOMATE001 ELIGIBLE 1' is set on object 'Object Repository/Final Object Repo/Page_Update Employee Information By Employer/Employee Name'

2018-11-16 11:27:07 - [MESSAGE][PASSED] - Text 'AUTOMATE001 ELIGIBLE 1' is set on object 'Object Repository/Final Object Repo/Page_Update Employee Information By Employer/Employee Name'

2018-11-16 11:27:07 - [TEST_STEP][PASSED] - delay: Delayed 2 second(s)

2018-11-16 11:27:09 - [MESSAGE][PASSED] - Delayed 2 second(s)

2018-11-16 11:27:09 - [TEST_STEP][PASSED] - click: Object: 'Object Repository/Final Object Repo/Page_Update Employee Information By Employer/Search Employee' is clicked on

2018-11-16 11:27:09 - [MESSAGE][PASSED] - Object: 'Object Repository/Final Object Repo/Page_Update Employee Information By Employer/Search Employee' is clicked on

2018-11-16 11:27:09 - [TEST_STEP][PASSED] - delay: Delayed 3 second(s)

2018-11-16 11:27:12 - [MESSAGE][PASSED] - Delayed 3 second(s)

2018-11-16 11:27:12 - [TEST_STEP][PASSED] - click: Object: 'Object Repository/Final Object Repo/Page_Update Employee Information By Employer/Employee Edit Button' is clicked on

2018-11-16 11:27:13 - [MESSAGE][PASSED] - Object: 'Object Repository/Final Object Repo/Page_Update Employee Information By Employer/Employee Edit Button' is clicked on

2018-11-16 11:27:13 - [TEST_STEP][PASSED] - delay: Delayed 3 second(s)

2018-11-16 11:27:16 - [MESSAGE][PASSED] - Delayed 3 second(s)

2018-11-16 11:27:16 - [TEST_STEP][PASSED] - setText: Text '' is set on object 'Object Repository/Final Object Repo/Page_Update Employee Information By Employer/Identification Number'

2018-11-16 11:27:16 - [MESSAGE][PASSED] - Text '' is set on object 'Object Repository/Final Object Repo/Page_Update Employee Information By Employer/Identification Number'

2018-11-16 11:27:16 - [TEST_STEP][PASSED] - Statement - rnd = new java.util.Random(): null

2018-11-16 11:27:16 - [TEST_STEP][PASSED] - Statement - snum = rnd.nextInt(899999 + 1) + 100000: null

2018-11-16 11:27:16 - [TEST_STEP][PASSED] - Statement - tnum = rnd.nextInt(899999 + 1) + 100000: null

2018-11-16 11:27:16 - [TEST_STEP][PASSED] - Statement - IC = java.lang.Integer.toString(snum) + java.lang.Integer.toString(tnum): null

2018-11-16 11:27:16 - [TEST_STEP][PASSED] - Statement - out.println(IC): null

2018-11-16 11:27:16 - [TEST_STEP][PASSED] - setText: Text '947293814633' is set on object 'Object Repository/Final Object Repo/Page_Update Employee Information By Employer/Identification Number'

2018-11-16 11:27:16 - [MESSAGE][PASSED] - Text '947293814633' is set on object 'Object Repository/Final Object Repo/Page_Update Employee Information By Employer/Identification Number'

2018-11-16 11:27:16 - [TEST_STEP][PASSED] - click: Object: 'Object Repository/Final Object Repo/Page_Update Employee Information By Employer/Save' is clicked on

2018-11-16 11:27:20 - [MESSAGE][PASSED] - Object: 'Object Repository/Final Object Repo/Page_Update Employee Information By Employer/Save' is clicked on

2018-11-16 11:27:20 - [TEST_STEP][PASSED] - delay: Delayed 5 second(s)

2018-11-16 11:27:25 - [MESSAGE][PASSED] - Delayed 5 second(s)

2018-11-16 11:27:25 - [TEST_STEP][PASSED] - Statement - CaseReferenceNo = com.kms.katalon.core.webui.keyword.WebUiBuiltInKeywords.getText(com.kms.katalon.core.testobject.ObjectRepository.findTestObject(Final Object Repo/Reference Number/Reference Number in Update Employee Information Page)): Text of object 'Object Repository/Final Object Repo/Reference Number/Reference Number in Update Employee Information Page' is: 'CUN112018C100005485'

2018-11-16 11:27:25 - [MESSAGE][PASSED] - Text of object 'Object Repository/Final Object Repo/Reference Number/Reference Number in Update Employee Information Page' is: 'CUN112018C100005485'

2018-11-16 11:27:25 - [TEST_STEP][PASSED] - callTestCase: Call Test Case 'Test Cases/Final Aug 2018 - PKS Automation/Common/Reference Number Setter' successfully

2018-11-16 11:27:25 - [TEST_CASE][PASSED] - Test Cases/Final Aug 2018 - PKS Automation/Common/Reference Number Setter: Test Cases/Final Aug 2018 - PKS Automation/Common/Reference Number Setter

2018-11-16 11:27:25 - [TEST_STEP][PASSED] - Statement - RefNoOldFile = new java.io.File(C://KatalonReference.txt): null

2018-11-16 11:27:25 - [TEST_STEP][PASSED] - Statement - RefNoOldFile.delete(): null

2018-11-16 11:27:25 - [TEST_STEP][PASSED] - delay: Delayed 5 second(s)

2018-11-16 11:27:30 - [MESSAGE][PASSED] - Delayed 5 second(s)

2018-11-16 11:27:30 - [TEST_STEP][PASSED] - Statement - RefNo = new java.io.File(C://KatalonReference.txt): null

2018-11-16 11:27:30 - [TEST_STEP][PASSED] - Statement - f2 = new java.io.FileWriter(RefNo, false): null

2018-11-16 11:27:30 - [TEST_STEP][PASSED] - Statement - f2.write(CaseReferenceNo): null

2018-11-16 11:27:30 - [TEST_STEP][PASSED] - Statement - f2.close(): null

2018-11-16 11:27:30 - [TEST_STEP][PASSED] - Statement - out.println("


" + CaseReferenceNo + "


"): null

2018-11-16 11:27:30 - [MESSAGE][PASSED] - Call Test Case 'Test Cases/Final Aug 2018 - PKS Automation/Common/Reference Number Setter' successfully

2018-11-16 11:27:30 - [TEST_STEP][PASSED] - delay: Delayed 5 second(s)

2018-11-16 11:27:35 - [MESSAGE][PASSED] - Delayed 5 second(s)

2018-11-16 11:27:35 - [TEST_STEP][PASSED] - click: Object: 'Object Repository/Final Object Repo/Page_Update Employee Information By Employer/Save  Continue in  Employee Information Page' is clicked on

2018-11-16 11:27:38 - [MESSAGE][PASSED] - Object: 'Object Repository/Final Object Repo/Page_Update Employee Information By Employer/Save  Continue in  Employee Information Page' is clicked on

2018-11-16 11:27:38 - [TEST_STEP][PASSED] - delay: Delayed 5 second(s)

2018-11-16 11:27:43 - [MESSAGE][PASSED] - Delayed 5 second(s)

2018-11-16 11:27:43 - [TEST_STEP][PASSED] - click: Object: 'Object Repository/Final Object Repo/Page_Update Employee Information By Employer/Save  Continue in Uploading Page 1' is clicked on

2018-11-16 11:27:48 - [MESSAGE][PASSED] - Object: 'Object Repository/Final Object Repo/Page_Update Employee Information By Employer/Save  Continue in Uploading Page 1' is clicked on

2018-11-16 11:27:48 - [TEST_STEP][PASSED] - delay: Delayed 5 second(s)

2018-11-16 11:27:53 - [MESSAGE][PASSED] - Delayed 5 second(s)

2018-11-16 11:27:53 - [TEST_STEP][PASSED] - click: Object: 'Object Repository/Final Object Repo/Page_Update Employee Information By Employer/Submit' is clicked on

2018-11-16 11:27:53 - [MESSAGE][PASSED] - Object: 'Object Repository/Final Object Repo/Page_Update Employee Information By Employer/Submit' is clicked on

2018-11-16 11:27:53 - [TEST_STEP][PASSED] - delay: Delayed 5 second(s)

2018-11-16 11:27:58 - [MESSAGE][PASSED] - Delayed 5 second(s)

2018-11-16 11:27:58 - [TEST_STEP][PASSED] - click: Object: 'Object Repository/Final Object Repo/Page_Update Employee Information By Employer/Confirm' is clicked on

2018-11-16 11:28:03 - [MESSAGE][PASSED] - Object: 'Object Repository/Final Object Repo/Page_Update Employee Information By Employer/Confirm' is clicked on

2018-11-16 11:28:03 - [TEST_STEP][PASSED] - delay: Delayed 5 second(s)

2018-11-16 11:28:08 - [MESSAGE][PASSED] - Delayed 5 second(s)

2018-11-16 11:28:08 - [TEST_STEP][PASSED] - verifyElementVisible: Object 'Object Repository/Final Object Repo/Page_Update Employee Information By Employer/Successfull Message Routed to UO' is visible

2018-11-16 11:28:08 - [MESSAGE][PASSED] - Object 'Object Repository/Final Object Repo/Page_Update Employee Information By Employer/Successfull Message Routed to UO' is visible

2018-11-16 11:28:08 - [MESSAGE][PASSED] - Call Test Case 'Test Cases/Final Aug 2018 - PKS Automation/Registration Module/Workflow/Update Employee Information (Employer)/Template/Update Employer Information - Special Case (Employer)' successfully

2018-11-16 11:28:08 - [TEST_STEP][PASSED] - callTestCase: Call Test Case 'Test Cases/Final Aug 2018 - PKS Automation/Registration Module/Workflow/Update Employee Information (Employer)/Template/Update Employee Information - Special Case - UO (Reject)' successfully

2018-11-16 11:28:08 - [TEST_CASE][PASSED] - Test Cases/Final Aug 2018 - PKS Automation/Registration Module/Workflow/Update Employee Information (Employer)/Template/Update Employee Information - Special Case - UO (Reject): Test Cases/Final Aug 2018 - PKS Automation/Registration Module/Workflow/Update Employee Information (Employer)/Template/Update Employee Information - Special Case - UO (Reject)

2018-11-16 11:28:08 - [TEST_STEP][NOT_RUN] - callTestCase: NOT_RUN: callTestCase

2018-11-16 11:28:08 - [MESSAGE][NOT_RUN] - NOT_RUN: callTestCase

2018-11-16 11:28:08 - [TEST_STEP][PASSED] - delay: Delayed 2 second(s)

2018-11-16 11:28:10 - [MESSAGE][PASSED] - Delayed 2 second(s)

2018-11-16 11:28:10 - [TEST_STEP][PASSED] - navigateToUrl: Navigate to 'https://assist2-uat.perkeso.gov.my/c/portal/logout' successfully

2018-11-16 11:28:11 - [MESSAGE][PASSED] - Navigate to 'https://assist2-uat.perkeso.gov.my/c/portal/logout' successfully

2018-11-16 11:28:11 - [TEST_STEP][PASSED] - delay: Delayed 2 second(s)

2018-11-16 11:28:13 - [MESSAGE][PASSED] - Delayed 2 second(s)

2018-11-16 11:28:13 - [TEST_STEP][PASSED] - callTestCase: Call Test Case 'Test Cases/Final Aug 2018 - PKS Automation/Common/Reference Number Getter' successfully

2018-11-16 11:28:13 - [TEST_CASE][PASSED] - Test Cases/Final Aug 2018 - PKS Automation/Common/Reference Number Getter: Test Cases/Final Aug 2018 - PKS Automation/Common/Reference Number Getter

2018-11-16 11:28:13 - [TEST_STEP][PASSED] - Statement - Try: null

2018-11-16 11:28:13 - [TEST_STEP][PASSED] - Statement - RefNo = new java.io.File(C://KatalonReference.txt): null

2018-11-16 11:28:13 - [TEST_STEP][PASSED] - Statement - bufferread = new java.io.BufferedReader(new java.io.FileReader(RefNo)): null

2018-11-16 11:28:13 - [TEST_STEP][PASSED] - Statement - readedVal = bufferread.readLine(): null

2018-11-16 11:28:13 - [TEST_STEP][PASSED] - Statement - out.println(CaseReferenceNo): null

2018-11-16 11:28:13 - [TEST_STEP][PASSED] - Statement - out.println(readedVal): null

2018-11-16 11:28:13 - [TEST_STEP][PASSED] - Statement - CaseReferenceNo = "": null

2018-11-16 11:28:13 - [TEST_STEP][PASSED] - Statement - CaseReferenceNo = readedVal: null

2018-11-16 11:28:13 - [MESSAGE][PASSED] - Call Test Case 'Test Cases/Final Aug 2018 - PKS Automation/Common/Reference Number Getter' successfully

2018-11-16 11:28:13 - [TEST_STEP][PASSED] - callTestCase: Call Test Case 'Test Cases/Final Aug 2018 - PKS Automation/Common/Workflow Owner Finder' successfully

2018-11-16 11:28:14 - [TEST_CASE][PASSED] - Test Cases/Final Aug 2018 - PKS Automation/Common/Workflow Owner Finder: Test Cases/Final Aug 2018 - PKS Automation/Common/Workflow Owner Finder

2018-11-16 11:28:14 - [TEST_STEP][PASSED] - openBrowser: Browser is opened with url: ''

2018-11-16 11:28:14 - [MESSAGE][WARNING] - A browser is already opened. Closing browser and opening a new one

2018-11-16 11:28:19 - [MESSAGE][PASSED] - Browser is opened with url: ''

2018-11-16 11:28:19 - [TEST_STEP][PASSED] - navigateToUrl: Navigate to 'https://assist2-uat.perkeso.gov.my/login' successfully

2018-11-16 11:28:21 - [MESSAGE][PASSED] - Navigate to 'https://assist2-uat.perkeso.gov.my/login' successfully

2018-11-16 11:28:21 - [TEST_STEP][PASSED] - delay: Delayed 5 second(s)

2018-11-16 11:28:26 - [MESSAGE][PASSED] - Delayed 5 second(s)

2018-11-16 11:28:26 - [TEST_STEP][PASSED] - setText: Text 'test@liferay.com' is set on object 'Object Repository/Final Object Repo/Login Page/Internal User/Email Address'

2018-11-16 11:28:26 - [MESSAGE][PASSED] - Text 'test@liferay.com' is set on object 'Object Repository/Final Object Repo/Login Page/Internal User/Email Address'

2018-11-16 11:28:26 - [TEST_STEP][PASSED] - click: Object: 'Object Repository/Final Object Repo/Login Page/Internal User/Next Button' is clicked on

2018-11-16 11:28:26 - [MESSAGE][PASSED] - Object: 'Object Repository/Final Object Repo/Login Page/Internal User/Next Button' is clicked on

2018-11-16 11:28:26 - [TEST_STEP][PASSED] - delay: Delayed 2 second(s)

2018-11-16 11:28:28 - [MESSAGE][PASSED] - Delayed 2 second(s)

2018-11-16 11:28:28 - [TEST_STEP][PASSED] - setText: Text 'test' is set on object 'Object Repository/Final Object Repo/Login Page/Internal User/Password'

2018-11-16 11:28:28 - [MESSAGE][PASSED] - Text 'test' is set on object 'Object Repository/Final Object Repo/Login Page/Internal User/Password'

2018-11-16 11:28:28 - [TEST_STEP][PASSED] - delay: Delayed 2 second(s)

2018-11-16 11:28:30 - [MESSAGE][PASSED] - Delayed 2 second(s)

2018-11-16 11:28:30 - [TEST_STEP][PASSED] - click: Object: 'Object Repository/Final Object Repo/Login Page/Internal User/Login Button' is clicked on

2018-11-16 11:28:34 - [MESSAGE][PASSED] - Object: 'Object Repository/Final Object Repo/Login Page/Internal User/Login Button' is clicked on

2018-11-16 11:28:34 - [TEST_STEP][PASSED] - Statement - Try: Delayed 2 second(s)

2018-11-16 11:28:34 - [TEST_STEP][PASSED] - Statement - Checker = false: null

2018-11-16 11:28:34 - [TEST_STEP][PASSED] - Statement - Checker = com.kms.katalon.core.webui.keyword.WebUiBuiltInKeywords.verifyElementHasAttribute(com.kms.katalon.core.testobject.ObjectRepository.findTestObject(Final Object Repo/Landing Page/BM Detecting), "href", 20, OPTIONAL): Object 'Object Repository/Final Object Repo/Landing Page/BM Detecting' has attribute 'href'

2018-11-16 11:28:34 - [MESSAGE][PASSED] - Object 'Object Repository/Final Object Repo/Landing Page/BM Detecting' has attribute 'href'

2018-11-16 11:28:34 - [TEST_STEP][PASSED] - Statement - out.println(Checker): null

2018-11-16 11:28:34 - [TEST_STEP][PASSED] - Statement - If (Checker == false): null

2018-11-16 11:28:34 - [TEST_STEP][PASSED] - Statement - Else: null

2018-11-16 11:28:34 - [TEST_STEP][PASSED] - delay: Delayed 2 second(s)

2018-11-16 11:28:36 - [MESSAGE][PASSED] - Delayed 2 second(s)

2018-11-16 11:28:36 - [TEST_STEP][PASSED] - delay: Delayed 3 second(s)

2018-11-16 11:28:39 - [MESSAGE][PASSED] - Delayed 3 second(s)

2018-11-16 11:28:39 - [TEST_STEP][PASSED] - mouseOver: Object: 'Object Repository/Final Object Repo/Landing Page/WorkFlow Menu' is hovered

2018-11-16 11:28:39 - [MESSAGE][PASSED] - Object: 'Object Repository/Final Object Repo/Landing Page/WorkFlow Menu' is hovered

2018-11-16 11:28:39 - [TEST_STEP][PASSED] - delay: Delayed 2 second(s)

2018-11-16 11:28:41 - [MESSAGE][PASSED] - Delayed 2 second(s)

2018-11-16 11:28:41 - [TEST_STEP][PASSED] - click: Object: 'Object Repository/Final Object Repo/Landing Page/Select to Workflow Listing' is clicked on

2018-11-16 11:28:42 - [MESSAGE][PASSED] - Object: 'Object Repository/Final Object Repo/Landing Page/Select to Workflow Listing' is clicked on

2018-11-16 11:28:42 - [TEST_STEP][PASSED] - delay: Delayed 2 second(s)

2018-11-16 11:28:44 - [MESSAGE][PASSED] - Delayed 2 second(s)

2018-11-16 11:28:44 - [TEST_STEP][PASSED] - click: Object: 'Object Repository/Final Object Repo/WorkFlow Listing Page/Search Information - To Put Ref No' is clicked on

2018-11-16 11:28:44 - [MESSAGE][PASSED] - Object: 'Object Repository/Final Object Repo/WorkFlow Listing Page/Search Information - To Put Ref No' is clicked on

2018-11-16 11:28:44 - [TEST_STEP][PASSED] - delay: Delayed 2 second(s)

2018-11-16 11:28:46 - [MESSAGE][PASSED] - Delayed 2 second(s)

2018-11-16 11:28:46 - [TEST_STEP][PASSED] - callTestCase: Call Test Case 'Test Cases/Final Aug 2018 - PKS Automation/Common/Reference Number Getter' successfully

2018-11-16 11:28:46 - [TEST_CASE][PASSED] - Test Cases/Final Aug 2018 - PKS Automation/Common/Reference Number Getter: Test Cases/Final Aug 2018 - PKS Automation/Common/Reference Number Getter

2018-11-16 11:28:46 - [TEST_STEP][PASSED] - Statement - Try: null

2018-11-16 11:28:46 - [TEST_STEP][PASSED] - Statement - RefNo = new java.io.File(C://KatalonReference.txt): null

2018-11-16 11:28:46 - [TEST_STEP][PASSED] - Statement - bufferread = new java.io.BufferedReader(new java.io.FileReader(RefNo)): null

2018-11-16 11:28:46 - [TEST_STEP][PASSED] - Statement - readedVal = bufferread.readLine(): null

2018-11-16 11:28:46 - [TEST_STEP][PASSED] - Statement - out.println(CaseReferenceNo): null

2018-11-16 11:28:46 - [TEST_STEP][PASSED] - Statement - out.println(readedVal): null

2018-11-16 11:28:46 - [TEST_STEP][PASSED] - Statement - CaseReferenceNo = "": null

2018-11-16 11:28:46 - [TEST_STEP][PASSED] - Statement - CaseReferenceNo = readedVal: null

2018-11-16 11:28:46 - [MESSAGE][PASSED] - Call Test Case 'Test Cases/Final Aug 2018 - PKS Automation/Common/Reference Number Getter' successfully

2018-11-16 11:28:46 - [TEST_STEP][PASSED] - setText: Text 'CUN112018C100005485' is set on object 'Object Repository/Final Object Repo/WorkFlow Listing Page/Ref No Set Text'

2018-11-16 11:28:47 - [MESSAGE][PASSED] - Text 'CUN112018C100005485' is set on object 'Object Repository/Final Object Repo/WorkFlow Listing Page/Ref No Set Text'

2018-11-16 11:28:47 - [TEST_STEP][PASSED] - delay: Delayed 2 second(s)

2018-11-16 11:28:49 - [MESSAGE][PASSED] - Delayed 2 second(s)

2018-11-16 11:28:49 - [TEST_STEP][PASSED] - click: Object: 'Object Repository/Final Object Repo/WorkFlow Listing Page/Search Ref No Search Button' is clicked on

2018-11-16 11:28:50 - [MESSAGE][PASSED] - Object: 'Object Repository/Final Object Repo/WorkFlow Listing Page/Search Ref No Search Button' is clicked on

2018-11-16 11:28:50 - [TEST_STEP][PASSED] - delay: Delayed 4 second(s)

2018-11-16 11:28:54 - [MESSAGE][PASSED] - Delayed 4 second(s)

2018-11-16 11:28:54 - [TEST_STEP][PASSED] - click: Object: 'Object Repository/Final Object Repo/WorkFlow Listing Page/Click Continue Tooltip' is clicked on

2018-11-16 11:28:56 - [MESSAGE][PASSED] - Object: 'Object Repository/Final Object Repo/WorkFlow Listing Page/Click Continue Tooltip' is clicked on

2018-11-16 11:28:56 - [TEST_STEP][PASSED] - delay: Delayed 5 second(s)

2018-11-16 11:29:01 - [MESSAGE][PASSED] - Delayed 5 second(s)

2018-11-16 11:29:01 - [TEST_STEP][PASSED] - doubleClick: Object: 'Object Repository/Final Object Repo/WorkFlow Listing Page/Workflow Found - Listing 1' is double clicked on

2018-11-16 11:29:01 - [MESSAGE][PASSED] - Object: 'Object Repository/Final Object Repo/WorkFlow Listing Page/Workflow Found - Listing 1' is double clicked on

2018-11-16 11:29:01 - [TEST_STEP][PASSED] - Statement - println(OwnerID): null

2018-11-16 11:29:01 - [TEST_STEP][PASSED] - Statement - OwnerID = com.kms.katalon.core.webui.keyword.WebUiBuiltInKeywords.getText(com.kms.katalon.core.testobject.ObjectRepository.findTestObject(Final Object Repo/WorkFlow Listing Page/Workflow Found - Listing 1), STOP_ON_FAILURE): Text of object 'Object Repository/Final Object Repo/WorkFlow Listing Page/Workflow Found - Listing 1' is: 'JOHORuo3'

2018-11-16 11:29:01 - [MESSAGE][PASSED] - Text of object 'Object Repository/Final Object Repo/WorkFlow Listing Page/Workflow Found - Listing 1' is: 'JOHORuo3'

2018-11-16 11:29:01 - [TEST_STEP][PASSED] - Statement - OwnerID = OwnerID.toLowerCase() + "@gmail.com": null

2018-11-16 11:29:01 - [TEST_STEP][PASSED] - Statement - println(OwnerID): null

2018-11-16 11:29:01 - [TEST_STEP][PASSED] - delay: Delayed 2 second(s)

2018-11-16 11:29:03 - [MESSAGE][PASSED] - Delayed 2 second(s)

2018-11-16 11:29:03 - [MESSAGE][PASSED] - Call Test Case 'Test Cases/Final Aug 2018 - PKS Automation/Common/Workflow Owner Finder' successfully

2018-11-16 11:29:03 - [TEST_STEP][PASSED] - delay: Delayed 2 second(s)

2018-11-16 11:29:05 - [MESSAGE][PASSED] - Delayed 2 second(s)

2018-11-16 11:29:05 - [TEST_STEP][PASSED] - navigateToUrl: Navigate to 'https://assist2-uat.perkeso.gov.my/c/portal/logout' successfully

2018-11-16 11:29:06 - [MESSAGE][PASSED] - Navigate to 'https://assist2-uat.perkeso.gov.my/c/portal/logout' successfully

2018-11-16 11:29:06 - [TEST_STEP][PASSED] - delay: Delayed 2 second(s)

2018-11-16 11:29:08 - [MESSAGE][PASSED] - Delayed 2 second(s)

2018-11-16 11:29:08 - [TEST_STEP][PASSED] - callTestCase: Call Test Case 'Test Cases/Final Aug 2018 - PKS Automation/Registration Module/Workflow/Login and Search Case For Workflow' successfully

2018-11-16 11:29:08 - [TEST_CASE][PASSED] - Test Cases/Final Aug 2018 - PKS Automation/Registration Module/Workflow/Login and Search Case For Workflow: Test Cases/Final Aug 2018 - PKS Automation/Registration Module/Workflow/Login and Search Case For Workflow

2018-11-16 11:29:08 - [TEST_STEP][PASSED] - navigateToUrl: Navigate to 'https://assist2-uat.perkeso.gov.my/login' successfully

2018-11-16 11:29:09 - [MESSAGE][PASSED] - Navigate to 'https://assist2-uat.perkeso.gov.my/login' successfully

2018-11-16 11:29:09 - [TEST_STEP][PASSED] - setText: Text 'johoruo3@gmail.com' is set on object 'Object Repository/Final Object Repo/Login Page/Internal User/Email Address'

2018-11-16 11:29:09 - [MESSAGE][PASSED] - Text 'johoruo3@gmail.com' is set on object 'Object Repository/Final Object Repo/Login Page/Internal User/Email Address'

2018-11-16 11:29:09 - [TEST_STEP][PASSED] - click: Object: 'Object Repository/Final Object Repo/Login Page/Internal User/Next Button' is clicked on

2018-11-16 11:29:10 - [MESSAGE][PASSED] - Object: 'Object Repository/Final Object Repo/Login Page/Internal User/Next Button' is clicked on

2018-11-16 11:29:10 - [TEST_STEP][PASSED] - delay: Delayed 1 second(s)

2018-11-16 11:29:11 - [MESSAGE][PASSED] - Delayed 1 second(s)

2018-11-16 11:29:11 - [TEST_STEP][PASSED] - setEncryptedText: Text ****** has been set on object 'Object Repository/Final Object Repo/Login Page/Internal User/Password'

2018-11-16 11:29:11 - [MESSAGE][PASSED] - Text ****** has been set on object 'Object Repository/Final Object Repo/Login Page/Internal User/Password'

2018-11-16 11:29:11 - [TEST_STEP][PASSED] - click: Object: 'Object Repository/Final Object Repo/Login Page/Internal User/Login Button' is clicked on

2018-11-16 11:29:13 - [MESSAGE][PASSED] - Object: 'Object Repository/Final Object Repo/Login Page/Internal User/Login Button' is clicked on

2018-11-16 11:29:13 - [TEST_STEP][PASSED] - delay: Delayed 2 second(s)

2018-11-16 11:29:15 - [MESSAGE][PASSED] - Delayed 2 second(s)

2018-11-16 11:29:15 - [TEST_STEP][PASSED] - Statement - Try: Delayed 2 second(s)

2018-11-16 11:29:15 - [TEST_STEP][PASSED] - Statement - Checker = false: null

2018-11-16 11:29:15 - [TEST_STEP][PASSED] - Statement - Checker = com.kms.katalon.core.webui.keyword.WebUiBuiltInKeywords.verifyElementHasAttribute(com.kms.katalon.core.testobject.ObjectRepository.findTestObject(Final Object Repo/Landing Page/BM Detecting), "href", 20, OPTIONAL): Object 'Object Repository/Final Object Repo/Landing Page/BM Detecting' has attribute 'href'

2018-11-16 11:29:15 - [MESSAGE][PASSED] - Object 'Object Repository/Final Object Repo/Landing Page/BM Detecting' has attribute 'href'

2018-11-16 11:29:15 - [TEST_STEP][PASSED] - Statement - out.println(Checker): null

2018-11-16 11:29:15 - [TEST_STEP][PASSED] - Statement - If (Checker == false): null

2018-11-16 11:29:15 - [TEST_STEP][PASSED] - Statement - Else: null

2018-11-16 11:29:15 - [TEST_STEP][PASSED] - delay: Delayed 2 second(s)

2018-11-16 11:29:17 - [MESSAGE][PASSED] - Delayed 2 second(s)

2018-11-16 11:29:17 - [TEST_STEP][PASSED] - click: Object: 'Object Repository/Final Object Repo/Page_MyASSIST - ASSIST - Search Pending Case For Add Supporting Document/Search Information' is clicked on

2018-11-16 11:29:17 - [MESSAGE][PASSED] - Object: 'Object Repository/Final Object Repo/Page_MyASSIST - ASSIST - Search Pending Case For Add Supporting Document/Search Information' is clicked on

2018-11-16 11:29:17 - [TEST_STEP][PASSED] - delay: Delayed 3 second(s)

2018-11-16 11:29:20 - [MESSAGE][PASSED] - Delayed 3 second(s)

2018-11-16 11:29:20 - [TEST_STEP][PASSED] - sendKeys: Keys 'CUN112018C100005485' sent to object: 'Object Repository/Final Object Repo/Page_MyASSIST - ASSIST - Search Pending Case For Add Supporting Document/Reference No'

2018-11-16 11:29:21 - [MESSAGE][PASSED] - Keys 'CUN112018C100005485' sent to object: 'Object Repository/Final Object Repo/Page_MyASSIST - ASSIST - Search Pending Case For Add Supporting Document/Reference No'

2018-11-16 11:29:21 - [TEST_STEP][PASSED] - click: Object: 'Object Repository/Final Object Repo/Page_MyASSIST - ASSIST - Search Pending Case For Add Supporting Document/Search Reference No' is clicked on

2018-11-16 11:29:22 - [MESSAGE][PASSED] - Object: 'Object Repository/Final Object Repo/Page_MyASSIST - ASSIST - Search Pending Case For Add Supporting Document/Search Reference No' is clicked on

2018-11-16 11:29:22 - [TEST_STEP][PASSED] - delay: Delayed 2 second(s)

2018-11-16 11:29:24 - [MESSAGE][PASSED] - Delayed 2 second(s)

2018-11-16 11:29:24 - [TEST_STEP][PASSED] - click: Object: 'Object Repository/Final Object Repo/Page_MyASSIST - ASSIST - Search Pending Case For Add Supporting Document/Continue' is clicked on

2018-11-16 11:29:29 - [MESSAGE][PASSED] - Object: 'Object Repository/Final Object Repo/Page_MyASSIST - ASSIST - Search Pending Case For Add Supporting Document/Continue' is clicked on

2018-11-16 11:29:29 - [TEST_STEP][PASSED] - delay: Delayed 20 second(s)

2018-11-16 11:29:49 - [MESSAGE][PASSED] - Delayed 20 second(s)

2018-11-16 11:29:49 - [MESSAGE][PASSED] - Call Test Case 'Test Cases/Final Aug 2018 - PKS Automation/Registration Module/Workflow/Login and Search Case For Workflow' successfully

2018-11-16 11:29:49 - [TEST_STEP][PASSED] - delay: Delayed 2 second(s)

2018-11-16 11:29:51 - [MESSAGE][PASSED] - Delayed 2 second(s)

2018-11-16 11:29:51 - [TEST_STEP][PASSED] - click: Object: 'Object Repository/Final Object Repo/Page_Update Employee Information By Employer/Page_Update Employee Information by Employer (Approve)/Continue' is clicked on

2018-11-16 11:29:55 - [MESSAGE][PASSED] - Object: 'Object Repository/Final Object Repo/Page_Update Employee Information By Employer/Page_Update Employee Information by Employer (Approve)/Continue' is clicked on

2018-11-16 11:29:55 - [TEST_STEP][PASSED] - delay: Delayed 2 second(s)

2018-11-16 11:29:57 - [MESSAGE][PASSED] - Delayed 2 second(s)

2018-11-16 11:29:57 - [TEST_STEP][PASSED] - click: Object: 'Object Repository/Final Object Repo/Page_Update Employee Information By Employer/Page_Update Employee Information by Employer (Approve)/Save  Continue in Update Employee Information Page' is clicked on

2018-11-16 11:29:58 - [MESSAGE][PASSED] - Object: 'Object Repository/Final Object Repo/Page_Update Employee Information By Employer/Page_Update Employee Information by Employer (Approve)/Save  Continue in Update Employee Information Page' is clicked on

2018-11-16 11:29:58 - [TEST_STEP][PASSED] - delay: Delayed 4 second(s)

2018-11-16 11:30:02 - [MESSAGE][PASSED] - Delayed 4 second(s)

2018-11-16 11:30:02 - [TEST_STEP][PASSED] - click: Object: 'Object Repository/Final Object Repo/Page_Update Employee Information By Employer/Page_Update Employee Information by Employer (Approve)/Save  Continue in Upload Supporting Doucument Page' is clicked on

2018-11-16 11:30:06 - [MESSAGE][PASSED] - Object: 'Object Repository/Final Object Repo/Page_Update Employee Information By Employer/Page_Update Employee Information by Employer (Approve)/Save  Continue in Upload Supporting Doucument Page' is clicked on

2018-11-16 11:30:06 - [TEST_STEP][PASSED] - delay: Delayed 2 second(s)

2018-11-16 11:30:08 - [MESSAGE][PASSED] - Delayed 2 second(s)

2018-11-16 11:30:08 - [TEST_STEP][PASSED] - click: Object: 'Object Repository/Final Object Repo/Page_Update Employee Information By Employer/Page_Update Employee Information by Employer (Reject)/Reject' is clicked on

2018-11-16 11:30:08 - [MESSAGE][PASSED] - Object: 'Object Repository/Final Object Repo/Page_Update Employee Information By Employer/Page_Update Employee Information by Employer (Reject)/Reject' is clicked on

2018-11-16 11:30:08 - [TEST_STEP][PASSED] - delay: Delayed 2 second(s)

2018-11-16 11:30:10 - [MESSAGE][PASSED] - Delayed 2 second(s)

2018-11-16 11:30:10 - [TEST_STEP][PASSED] - click: Object: 'Object Repository/Final Object Repo/Page_Update Employee Information By Employer/Page_Update Employee Information by Employer (Approve)/Confirm' is clicked on

2018-11-16 11:30:16 - [MESSAGE][PASSED] - Object: 'Object Repository/Final Object Repo/Page_Update Employee Information By Employer/Page_Update Employee Information by Employer (Approve)/Confirm' is clicked on

2018-11-16 11:30:16 - [TEST_STEP][PASSED] - delay: Delayed 2 second(s)

2018-11-16 11:30:18 - [MESSAGE][PASSED] - Delayed 2 second(s)

2018-11-16 11:30:18 - [TEST_STEP][PASSED] - verifyElementVisible: Object 'Object Repository/Final Object Repo/Page_Update Employee Information By Employer/Page_Update Employee Information by Employer (Reject)/Rejected Messeage This Case has been Rejecte' is visible

2018-11-16 11:30:18 - [MESSAGE][PASSED] - Object 'Object Repository/Final Object Repo/Page_Update Employee Information By Employer/Page_Update Employee Information by Employer (Reject)/Rejected Messeage This Case has been Rejecte' is visible

2018-11-16 11:30:18 - [TEST_STEP][PASSED] - delay: Delayed 2 second(s)

2018-11-16 11:30:20 - [MESSAGE][PASSED] - Delayed 2 second(s)

2018-11-16 11:30:20 - [TEST_STEP][PASSED] - verifyElementVisible: Object 'Object Repository/Final Object Repo/Page_Update Employee Information By Employer/Page_Update Employee Information by Employer (Reject)/Letter of update rejection' is visible

2018-11-16 11:30:20 - [MESSAGE][PASSED] - Object 'Object Repository/Final Object Repo/Page_Update Employee Information By Employer/Page_Update Employee Information by Employer (Reject)/Letter of update rejection' is visible

2018-11-16 11:30:20 - [MESSAGE][PASSED] - Call Test Case 'Test Cases/Final Aug 2018 - PKS Automation/Registration Module/Workflow/Update Employee Information (Employer)/Template/Update Employee Information - Special Case - UO (Reject)' successfully]]></system-out>
         <system-err><![CDATA[]]></system-err>
      </testcase>
      <testcase name="Test Cases/Final Aug 2018 - PKS Automation/Registration Module/Workflow/Update Employee Information (Employer)/Employer - UO (Under enforcement)" classname="Test Cases/Final Aug 2018 - PKS Automation/Registration Module/Workflow/Update Employee Information (Employer)/Employer - UO (Under enforcement)" status="PASSED">
         <system-out><![CDATA[2018-11-16 11:30:20 - [TEST_CASE][PASSED] - Test Cases/Final Aug 2018 - PKS Automation/Registration Module/Workflow/Update Employee Information (Employer)/Employer - UO (Under enforcement): Test Cases/Final Aug 2018 - PKS Automation/Registration Module/Workflow/Update Employee Information (Employer)/Employer - UO (Under enforcement)

2018-11-16 11:30:20 - [TEST_STEP][PASSED] - callTestCase: Call Test Case 'Test Cases/Final Aug 2018 - PKS Automation/Registration Module/Workflow/Update Employee Information (Employer)/Template/Update Employer Information - Special Case (OTC)' successfully

2018-11-16 11:30:20 - [TEST_CASE][PASSED] - Test Cases/Final Aug 2018 - PKS Automation/Registration Module/Workflow/Update Employee Information (Employer)/Template/Update Employer Information - Special Case (OTC): Test Cases/Final Aug 2018 - PKS Automation/Registration Module/Workflow/Update Employee Information (Employer)/Template/Update Employer Information - Special Case (OTC)

2018-11-16 11:30:20 - [TEST_STEP][PASSED] - openBrowser: Browser is opened with url: ''

2018-11-16 11:30:20 - [MESSAGE][WARNING] - A browser is already opened. Closing browser and opening a new one

2018-11-16 11:30:25 - [MESSAGE][PASSED] - Browser is opened with url: ''

2018-11-16 11:30:25 - [TEST_STEP][PASSED] - navigateToUrl: Navigate to 'https://assist2-uat.perkeso.gov.my/login' successfully

2018-11-16 11:30:27 - [MESSAGE][PASSED] - Navigate to 'https://assist2-uat.perkeso.gov.my/login' successfully

2018-11-16 11:30:27 - [TEST_STEP][PASSED] - setText: Text 'johorotc1@gmail.com' is set on object 'Object Repository/Final Object Repo/Login Page/Internal User/Email Address'

2018-11-16 11:30:27 - [MESSAGE][PASSED] - Text 'johorotc1@gmail.com' is set on object 'Object Repository/Final Object Repo/Login Page/Internal User/Email Address'

2018-11-16 11:30:27 - [TEST_STEP][PASSED] - click: Object: 'Object Repository/Final Object Repo/Login Page/Internal User/Next Button' is clicked on

2018-11-16 11:30:28 - [MESSAGE][PASSED] - Object: 'Object Repository/Final Object Repo/Login Page/Internal User/Next Button' is clicked on

2018-11-16 11:30:28 - [TEST_STEP][PASSED] - delay: Delayed 1 second(s)

2018-11-16 11:30:29 - [MESSAGE][PASSED] - Delayed 1 second(s)

2018-11-16 11:30:29 - [TEST_STEP][PASSED] - setEncryptedText: Text ****** has been set on object 'Object Repository/Final Object Repo/Login Page/Internal User/Password'

2018-11-16 11:30:29 - [MESSAGE][PASSED] - Text ****** has been set on object 'Object Repository/Final Object Repo/Login Page/Internal User/Password'

2018-11-16 11:30:29 - [TEST_STEP][PASSED] - click: Object: 'Object Repository/Final Object Repo/Login Page/Internal User/Login Button' is clicked on

2018-11-16 11:30:32 - [MESSAGE][PASSED] - Object: 'Object Repository/Final Object Repo/Login Page/Internal User/Login Button' is clicked on

2018-11-16 11:30:32 - [TEST_STEP][PASSED] - Statement - Try: Delayed 2 second(s)

2018-11-16 11:30:32 - [TEST_STEP][PASSED] - Statement - Checker = false: null

2018-11-16 11:30:32 - [TEST_STEP][PASSED] - Statement - Checker = com.kms.katalon.core.webui.keyword.WebUiBuiltInKeywords.verifyElementHasAttribute(com.kms.katalon.core.testobject.ObjectRepository.findTestObject(Final Object Repo/Landing Page/BM Detecting), "href", 20, OPTIONAL): Object 'Object Repository/Final Object Repo/Landing Page/BM Detecting' has attribute 'href'

2018-11-16 11:30:32 - [MESSAGE][PASSED] - Object 'Object Repository/Final Object Repo/Landing Page/BM Detecting' has attribute 'href'

2018-11-16 11:30:32 - [TEST_STEP][PASSED] - Statement - out.println(Checker): null

2018-11-16 11:30:32 - [TEST_STEP][PASSED] - Statement - If (Checker == false): null

2018-11-16 11:30:32 - [TEST_STEP][PASSED] - Statement - Else: null

2018-11-16 11:30:32 - [TEST_STEP][PASSED] - delay: Delayed 2 second(s)

2018-11-16 11:30:34 - [MESSAGE][PASSED] - Delayed 2 second(s)

2018-11-16 11:30:34 - [TEST_STEP][PASSED] - delay: Delayed 1 second(s)

2018-11-16 11:30:35 - [MESSAGE][PASSED] - Delayed 1 second(s)

2018-11-16 11:30:35 - [TEST_STEP][PASSED] - navigateToUrl: Navigate to 'https://assist2-uat.perkeso.gov.my/web/registration/update/update-employee-information-employer-' successfully

2018-11-16 11:30:36 - [MESSAGE][PASSED] - Navigate to 'https://assist2-uat.perkeso.gov.my/web/registration/update/update-employee-information-employer-' successfully

2018-11-16 11:30:36 - [TEST_STEP][PASSED] - setText: Text 'E1102001065V' is set on object 'Object Repository/Final Object Repo/Page_Update Employee Information By Employer/Employer Code'

2018-11-16 11:30:36 - [MESSAGE][PASSED] - Text 'E1102001065V' is set on object 'Object Repository/Final Object Repo/Page_Update Employee Information By Employer/Employer Code'

2018-11-16 11:30:36 - [TEST_STEP][PASSED] - click: Object: 'Object Repository/Final Object Repo/Page_Update Employee Information By Employer/Search Employer Code' is clicked on

2018-11-16 11:30:38 - [MESSAGE][PASSED] - Object: 'Object Repository/Final Object Repo/Page_Update Employee Information By Employer/Search Employer Code' is clicked on

2018-11-16 11:30:38 - [TEST_STEP][PASSED] - click: Object: 'Object Repository/Final Object Repo/Page_Update Employee Information By Employer/Edit Button' is clicked on

2018-11-16 11:30:41 - [MESSAGE][PASSED] - Object: 'Object Repository/Final Object Repo/Page_Update Employee Information By Employer/Edit Button' is clicked on

2018-11-16 11:30:41 - [TEST_STEP][PASSED] - click: Object: 'Object Repository/Final Object Repo/Page_Update Employee Information By Employer/Employee Name or New Identification' is clicked on

2018-11-16 11:30:42 - [MESSAGE][PASSED] - Object: 'Object Repository/Final Object Repo/Page_Update Employee Information By Employer/Employee Name or New Identification' is clicked on

2018-11-16 11:30:42 - [TEST_STEP][PASSED] - delay: Delayed 1 second(s)

2018-11-16 11:30:43 - [MESSAGE][PASSED] - Delayed 1 second(s)

2018-11-16 11:30:43 - [TEST_STEP][PASSED] - click: Object: 'Object Repository/Final Object Repo/Page_Update Employee Information By Employer/Selection - Employee Name' is clicked on

2018-11-16 11:30:43 - [MESSAGE][PASSED] - Object: 'Object Repository/Final Object Repo/Page_Update Employee Information By Employer/Selection - Employee Name' is clicked on

2018-11-16 11:30:43 - [TEST_STEP][PASSED] - delay: Delayed 1 second(s)

2018-11-16 11:30:44 - [MESSAGE][PASSED] - Delayed 1 second(s)

2018-11-16 11:30:44 - [TEST_STEP][PASSED] - setText: Text 'PERKESO' is set on object 'Object Repository/Final Object Repo/Page_Update Employee Information By Employer/Employee Name'

2018-11-16 11:30:45 - [MESSAGE][PASSED] - Text 'PERKESO' is set on object 'Object Repository/Final Object Repo/Page_Update Employee Information By Employer/Employee Name'

2018-11-16 11:30:45 - [TEST_STEP][PASSED] - delay: Delayed 2 second(s)

2018-11-16 11:30:47 - [MESSAGE][PASSED] - Delayed 2 second(s)

2018-11-16 11:30:47 - [TEST_STEP][PASSED] - click: Object: 'Object Repository/Final Object Repo/Page_Update Employee Information By Employer/Search Employee' is clicked on

2018-11-16 11:30:47 - [MESSAGE][PASSED] - Object: 'Object Repository/Final Object Repo/Page_Update Employee Information By Employer/Search Employee' is clicked on

2018-11-16 11:30:47 - [TEST_STEP][PASSED] - delay: Delayed 3 second(s)

2018-11-16 11:30:50 - [MESSAGE][PASSED] - Delayed 3 second(s)

2018-11-16 11:30:50 - [TEST_STEP][PASSED] - click: Object: 'Object Repository/Final Object Repo/Page_Update Employee Information By Employer/Employee Edit Button' is clicked on

2018-11-16 11:30:51 - [MESSAGE][PASSED] - Object: 'Object Repository/Final Object Repo/Page_Update Employee Information By Employer/Employee Edit Button' is clicked on

2018-11-16 11:30:51 - [TEST_STEP][PASSED] - delay: Delayed 3 second(s)

2018-11-16 11:30:54 - [MESSAGE][PASSED] - Delayed 3 second(s)

2018-11-16 11:30:54 - [TEST_STEP][PASSED] - setText: Text '' is set on object 'Object Repository/Final Object Repo/Page_Update Employee Information By Employer/Identification Number'

2018-11-16 11:30:54 - [MESSAGE][PASSED] - Text '' is set on object 'Object Repository/Final Object Repo/Page_Update Employee Information By Employer/Identification Number'

2018-11-16 11:30:54 - [TEST_STEP][PASSED] - Statement - rnd = new java.util.Random(): null

2018-11-16 11:30:54 - [TEST_STEP][PASSED] - Statement - snum = rnd.nextInt(899999 + 1) + 100000: null

2018-11-16 11:30:54 - [TEST_STEP][PASSED] - Statement - tnum = rnd.nextInt(899999 + 1) + 100000: null

2018-11-16 11:30:54 - [TEST_STEP][PASSED] - Statement - IC = java.lang.Integer.toString(snum) + java.lang.Integer.toString(tnum): null

2018-11-16 11:30:54 - [TEST_STEP][PASSED] - Statement - out.println(IC): null

2018-11-16 11:30:54 - [TEST_STEP][PASSED] - setText: Text '300327924361' is set on object 'Object Repository/Final Object Repo/Page_Update Employee Information By Employer/Identification Number'

2018-11-16 11:30:54 - [MESSAGE][PASSED] - Text '300327924361' is set on object 'Object Repository/Final Object Repo/Page_Update Employee Information By Employer/Identification Number'

2018-11-16 11:30:54 - [TEST_STEP][PASSED] - click: Object: 'Object Repository/Final Object Repo/Page_Update Employee Information By Employer/Save' is clicked on

2018-11-16 11:30:58 - [MESSAGE][PASSED] - Object: 'Object Repository/Final Object Repo/Page_Update Employee Information By Employer/Save' is clicked on

2018-11-16 11:30:58 - [TEST_STEP][PASSED] - delay: Delayed 5 second(s)

2018-11-16 11:31:03 - [MESSAGE][PASSED] - Delayed 5 second(s)

2018-11-16 11:31:03 - [TEST_STEP][PASSED] - Statement - CaseReferenceNo = com.kms.katalon.core.webui.keyword.WebUiBuiltInKeywords.getText(com.kms.katalon.core.testobject.ObjectRepository.findTestObject(Final Object Repo/Reference Number/Reference Number in Update Employee Information Page)): Text of object 'Object Repository/Final Object Repo/Reference Number/Reference Number in Update Employee Information Page' is: 'CUN112018C100005486'

2018-11-16 11:31:03 - [MESSAGE][PASSED] - Text of object 'Object Repository/Final Object Repo/Reference Number/Reference Number in Update Employee Information Page' is: 'CUN112018C100005486'

2018-11-16 11:31:03 - [TEST_STEP][PASSED] - callTestCase: Call Test Case 'Test Cases/Final Aug 2018 - PKS Automation/Common/Reference Number Setter' successfully

2018-11-16 11:31:03 - [TEST_CASE][PASSED] - Test Cases/Final Aug 2018 - PKS Automation/Common/Reference Number Setter: Test Cases/Final Aug 2018 - PKS Automation/Common/Reference Number Setter

2018-11-16 11:31:03 - [TEST_STEP][PASSED] - Statement - RefNoOldFile = new java.io.File(C://KatalonReference.txt): null

2018-11-16 11:31:03 - [TEST_STEP][PASSED] - Statement - RefNoOldFile.delete(): null

2018-11-16 11:31:03 - [TEST_STEP][PASSED] - delay: Delayed 5 second(s)

2018-11-16 11:31:08 - [MESSAGE][PASSED] - Delayed 5 second(s)

2018-11-16 11:31:08 - [TEST_STEP][PASSED] - Statement - RefNo = new java.io.File(C://KatalonReference.txt): null

2018-11-16 11:31:08 - [TEST_STEP][PASSED] - Statement - f2 = new java.io.FileWriter(RefNo, false): null

2018-11-16 11:31:08 - [TEST_STEP][PASSED] - Statement - f2.write(CaseReferenceNo): null

2018-11-16 11:31:08 - [TEST_STEP][PASSED] - Statement - f2.close(): null

2018-11-16 11:31:08 - [TEST_STEP][PASSED] - Statement - out.println("


" + CaseReferenceNo + "


"): null

2018-11-16 11:31:08 - [MESSAGE][PASSED] - Call Test Case 'Test Cases/Final Aug 2018 - PKS Automation/Common/Reference Number Setter' successfully

2018-11-16 11:31:08 - [TEST_STEP][PASSED] - delay: Delayed 5 second(s)

2018-11-16 11:31:13 - [MESSAGE][PASSED] - Delayed 5 second(s)

2018-11-16 11:31:13 - [TEST_STEP][PASSED] - click: Object: 'Object Repository/Final Object Repo/Page_Update Employee Information By Employer/Save  Continue in  Employee Information Page' is clicked on

2018-11-16 11:31:17 - [MESSAGE][PASSED] - Object: 'Object Repository/Final Object Repo/Page_Update Employee Information By Employer/Save  Continue in  Employee Information Page' is clicked on

2018-11-16 11:31:17 - [TEST_STEP][PASSED] - delay: Delayed 5 second(s)

2018-11-16 11:31:22 - [MESSAGE][PASSED] - Delayed 5 second(s)

2018-11-16 11:31:22 - [TEST_STEP][PASSED] - click: Object: 'Object Repository/Final Object Repo/Page_Update Employee Information By Employer/Save  Continue in Uploading Page 1' is clicked on

2018-11-16 11:31:26 - [MESSAGE][PASSED] - Object: 'Object Repository/Final Object Repo/Page_Update Employee Information By Employer/Save  Continue in Uploading Page 1' is clicked on

2018-11-16 11:31:26 - [TEST_STEP][PASSED] - delay: Delayed 5 second(s)

2018-11-16 11:31:31 - [MESSAGE][PASSED] - Delayed 5 second(s)

2018-11-16 11:31:31 - [TEST_STEP][PASSED] - click: Object: 'Object Repository/Final Object Repo/Page_Update Employee Information By Employer/Submit' is clicked on

2018-11-16 11:31:31 - [MESSAGE][PASSED] - Object: 'Object Repository/Final Object Repo/Page_Update Employee Information By Employer/Submit' is clicked on

2018-11-16 11:31:31 - [TEST_STEP][PASSED] - delay: Delayed 5 second(s)

2018-11-16 11:31:36 - [MESSAGE][PASSED] - Delayed 5 second(s)

2018-11-16 11:31:36 - [TEST_STEP][PASSED] - click: Object: 'Object Repository/Final Object Repo/Page_Update Employee Information By Employer/Confirm' is clicked on

2018-11-16 11:31:40 - [MESSAGE][PASSED] - Object: 'Object Repository/Final Object Repo/Page_Update Employee Information By Employer/Confirm' is clicked on

2018-11-16 11:31:40 - [TEST_STEP][PASSED] - delay: Delayed 5 second(s)

2018-11-16 11:31:45 - [MESSAGE][PASSED] - Delayed 5 second(s)

2018-11-16 11:31:45 - [TEST_STEP][PASSED] - verifyElementVisible: Object 'Object Repository/Final Object Repo/Page_Update Employee Information By Employer/Successfull Message Routed to UO' is visible

2018-11-16 11:31:45 - [MESSAGE][PASSED] - Object 'Object Repository/Final Object Repo/Page_Update Employee Information By Employer/Successfull Message Routed to UO' is visible

2018-11-16 11:31:45 - [MESSAGE][PASSED] - Call Test Case 'Test Cases/Final Aug 2018 - PKS Automation/Registration Module/Workflow/Update Employee Information (Employer)/Template/Update Employer Information - Special Case (OTC)' successfully

2018-11-16 11:31:45 - [TEST_STEP][PASSED] - callTestCase: Call Test Case 'Test Cases/Final Aug 2018 - PKS Automation/Registration Module/Workflow/Update Employee Information (Employer)/Template/Update Employee Information - Special Case - UO (UnderEnforcement)' successfully

2018-11-16 11:31:46 - [TEST_CASE][PASSED] - Test Cases/Final Aug 2018 - PKS Automation/Registration Module/Workflow/Update Employee Information (Employer)/Template/Update Employee Information - Special Case - UO (UnderEnforcement): Test Cases/Final Aug 2018 - PKS Automation/Registration Module/Workflow/Update Employee Information (Employer)/Template/Update Employee Information - Special Case - UO (UnderEnforcement)

2018-11-16 11:31:46 - [TEST_STEP][NOT_RUN] - callTestCase: NOT_RUN: callTestCase

2018-11-16 11:31:46 - [MESSAGE][NOT_RUN] - NOT_RUN: callTestCase

2018-11-16 11:31:46 - [TEST_STEP][PASSED] - delay: Delayed 2 second(s)

2018-11-16 11:31:48 - [MESSAGE][PASSED] - Delayed 2 second(s)

2018-11-16 11:31:48 - [TEST_STEP][PASSED] - navigateToUrl: Navigate to 'https://assist2-uat.perkeso.gov.my/c/portal/logout' successfully

2018-11-16 11:31:49 - [MESSAGE][PASSED] - Navigate to 'https://assist2-uat.perkeso.gov.my/c/portal/logout' successfully

2018-11-16 11:31:49 - [TEST_STEP][PASSED] - delay: Delayed 2 second(s)

2018-11-16 11:31:51 - [MESSAGE][PASSED] - Delayed 2 second(s)

2018-11-16 11:31:51 - [TEST_STEP][PASSED] - callTestCase: Call Test Case 'Test Cases/Final Aug 2018 - PKS Automation/Common/Reference Number Getter' successfully

2018-11-16 11:31:51 - [TEST_CASE][PASSED] - Test Cases/Final Aug 2018 - PKS Automation/Common/Reference Number Getter: Test Cases/Final Aug 2018 - PKS Automation/Common/Reference Number Getter

2018-11-16 11:31:51 - [TEST_STEP][PASSED] - Statement - Try: null

2018-11-16 11:31:51 - [TEST_STEP][PASSED] - Statement - RefNo = new java.io.File(C://KatalonReference.txt): null

2018-11-16 11:31:51 - [TEST_STEP][PASSED] - Statement - bufferread = new java.io.BufferedReader(new java.io.FileReader(RefNo)): null

2018-11-16 11:31:51 - [TEST_STEP][PASSED] - Statement - readedVal = bufferread.readLine(): null

2018-11-16 11:31:51 - [TEST_STEP][PASSED] - Statement - out.println(CaseReferenceNo): null

2018-11-16 11:31:51 - [TEST_STEP][PASSED] - Statement - out.println(readedVal): null

2018-11-16 11:31:51 - [TEST_STEP][PASSED] - Statement - CaseReferenceNo = "": null

2018-11-16 11:31:51 - [TEST_STEP][PASSED] - Statement - CaseReferenceNo = readedVal: null

2018-11-16 11:31:51 - [MESSAGE][PASSED] - Call Test Case 'Test Cases/Final Aug 2018 - PKS Automation/Common/Reference Number Getter' successfully

2018-11-16 11:31:51 - [TEST_STEP][PASSED] - callTestCase: Call Test Case 'Test Cases/Final Aug 2018 - PKS Automation/Common/Workflow Owner Finder' successfully

2018-11-16 11:31:51 - [TEST_CASE][PASSED] - Test Cases/Final Aug 2018 - PKS Automation/Common/Workflow Owner Finder: Test Cases/Final Aug 2018 - PKS Automation/Common/Workflow Owner Finder

2018-11-16 11:31:51 - [TEST_STEP][PASSED] - openBrowser: Browser is opened with url: ''

2018-11-16 11:31:51 - [MESSAGE][WARNING] - A browser is already opened. Closing browser and opening a new one

2018-11-16 11:31:56 - [MESSAGE][PASSED] - Browser is opened with url: ''

2018-11-16 11:31:56 - [TEST_STEP][PASSED] - navigateToUrl: Navigate to 'https://assist2-uat.perkeso.gov.my/login' successfully

2018-11-16 11:31:59 - [MESSAGE][PASSED] - Navigate to 'https://assist2-uat.perkeso.gov.my/login' successfully

2018-11-16 11:31:59 - [TEST_STEP][PASSED] - delay: Delayed 5 second(s)

2018-11-16 11:32:04 - [MESSAGE][PASSED] - Delayed 5 second(s)

2018-11-16 11:32:04 - [TEST_STEP][PASSED] - setText: Text 'test@liferay.com' is set on object 'Object Repository/Final Object Repo/Login Page/Internal User/Email Address'

2018-11-16 11:32:04 - [MESSAGE][PASSED] - Text 'test@liferay.com' is set on object 'Object Repository/Final Object Repo/Login Page/Internal User/Email Address'

2018-11-16 11:32:04 - [TEST_STEP][PASSED] - click: Object: 'Object Repository/Final Object Repo/Login Page/Internal User/Next Button' is clicked on

2018-11-16 11:32:04 - [MESSAGE][PASSED] - Object: 'Object Repository/Final Object Repo/Login Page/Internal User/Next Button' is clicked on

2018-11-16 11:32:04 - [TEST_STEP][PASSED] - delay: Delayed 2 second(s)

2018-11-16 11:32:06 - [MESSAGE][PASSED] - Delayed 2 second(s)

2018-11-16 11:32:06 - [TEST_STEP][PASSED] - setText: Text 'test' is set on object 'Object Repository/Final Object Repo/Login Page/Internal User/Password'

2018-11-16 11:32:06 - [MESSAGE][PASSED] - Text 'test' is set on object 'Object Repository/Final Object Repo/Login Page/Internal User/Password'

2018-11-16 11:32:06 - [TEST_STEP][PASSED] - delay: Delayed 2 second(s)

2018-11-16 11:32:08 - [MESSAGE][PASSED] - Delayed 2 second(s)

2018-11-16 11:32:08 - [TEST_STEP][PASSED] - click: Object: 'Object Repository/Final Object Repo/Login Page/Internal User/Login Button' is clicked on

2018-11-16 11:32:11 - [MESSAGE][PASSED] - Object: 'Object Repository/Final Object Repo/Login Page/Internal User/Login Button' is clicked on

2018-11-16 11:32:11 - [TEST_STEP][PASSED] - Statement - Try: Delayed 2 second(s)

2018-11-16 11:32:11 - [TEST_STEP][PASSED] - Statement - Checker = false: null

2018-11-16 11:32:11 - [TEST_STEP][PASSED] - Statement - Checker = com.kms.katalon.core.webui.keyword.WebUiBuiltInKeywords.verifyElementHasAttribute(com.kms.katalon.core.testobject.ObjectRepository.findTestObject(Final Object Repo/Landing Page/BM Detecting), "href", 20, OPTIONAL): Object 'Object Repository/Final Object Repo/Landing Page/BM Detecting' has attribute 'href'

2018-11-16 11:32:11 - [MESSAGE][PASSED] - Object 'Object Repository/Final Object Repo/Landing Page/BM Detecting' has attribute 'href'

2018-11-16 11:32:11 - [TEST_STEP][PASSED] - Statement - out.println(Checker): null

2018-11-16 11:32:11 - [TEST_STEP][PASSED] - Statement - If (Checker == false): null

2018-11-16 11:32:11 - [TEST_STEP][PASSED] - Statement - Else: null

2018-11-16 11:32:11 - [TEST_STEP][PASSED] - delay: Delayed 2 second(s)

2018-11-16 11:32:13 - [MESSAGE][PASSED] - Delayed 2 second(s)

2018-11-16 11:32:13 - [TEST_STEP][PASSED] - delay: Delayed 3 second(s)

2018-11-16 11:32:16 - [MESSAGE][PASSED] - Delayed 3 second(s)

2018-11-16 11:32:16 - [TEST_STEP][PASSED] - mouseOver: Object: 'Object Repository/Final Object Repo/Landing Page/WorkFlow Menu' is hovered

2018-11-16 11:32:17 - [MESSAGE][PASSED] - Object: 'Object Repository/Final Object Repo/Landing Page/WorkFlow Menu' is hovered

2018-11-16 11:32:17 - [TEST_STEP][PASSED] - delay: Delayed 2 second(s)

2018-11-16 11:32:19 - [MESSAGE][PASSED] - Delayed 2 second(s)

2018-11-16 11:32:19 - [TEST_STEP][PASSED] - click: Object: 'Object Repository/Final Object Repo/Landing Page/Select to Workflow Listing' is clicked on

2018-11-16 11:32:20 - [MESSAGE][PASSED] - Object: 'Object Repository/Final Object Repo/Landing Page/Select to Workflow Listing' is clicked on

2018-11-16 11:32:20 - [TEST_STEP][PASSED] - delay: Delayed 2 second(s)

2018-11-16 11:32:22 - [MESSAGE][PASSED] - Delayed 2 second(s)

2018-11-16 11:32:22 - [TEST_STEP][PASSED] - click: Object: 'Object Repository/Final Object Repo/WorkFlow Listing Page/Search Information - To Put Ref No' is clicked on

2018-11-16 11:32:22 - [MESSAGE][PASSED] - Object: 'Object Repository/Final Object Repo/WorkFlow Listing Page/Search Information - To Put Ref No' is clicked on

2018-11-16 11:32:22 - [TEST_STEP][PASSED] - delay: Delayed 2 second(s)

2018-11-16 11:32:24 - [MESSAGE][PASSED] - Delayed 2 second(s)

2018-11-16 11:32:24 - [TEST_STEP][PASSED] - callTestCase: Call Test Case 'Test Cases/Final Aug 2018 - PKS Automation/Common/Reference Number Getter' successfully

2018-11-16 11:32:24 - [TEST_CASE][PASSED] - Test Cases/Final Aug 2018 - PKS Automation/Common/Reference Number Getter: Test Cases/Final Aug 2018 - PKS Automation/Common/Reference Number Getter

2018-11-16 11:32:24 - [TEST_STEP][PASSED] - Statement - Try: null

2018-11-16 11:32:24 - [TEST_STEP][PASSED] - Statement - RefNo = new java.io.File(C://KatalonReference.txt): null

2018-11-16 11:32:24 - [TEST_STEP][PASSED] - Statement - bufferread = new java.io.BufferedReader(new java.io.FileReader(RefNo)): null

2018-11-16 11:32:24 - [TEST_STEP][PASSED] - Statement - readedVal = bufferread.readLine(): null

2018-11-16 11:32:24 - [TEST_STEP][PASSED] - Statement - out.println(CaseReferenceNo): null

2018-11-16 11:32:24 - [TEST_STEP][PASSED] - Statement - out.println(readedVal): null

2018-11-16 11:32:24 - [TEST_STEP][PASSED] - Statement - CaseReferenceNo = "": null

2018-11-16 11:32:24 - [TEST_STEP][PASSED] - Statement - CaseReferenceNo = readedVal: null

2018-11-16 11:32:24 - [MESSAGE][PASSED] - Call Test Case 'Test Cases/Final Aug 2018 - PKS Automation/Common/Reference Number Getter' successfully

2018-11-16 11:32:24 - [TEST_STEP][PASSED] - setText: Text 'CUN112018C100005486' is set on object 'Object Repository/Final Object Repo/WorkFlow Listing Page/Ref No Set Text'

2018-11-16 11:32:24 - [MESSAGE][PASSED] - Text 'CUN112018C100005486' is set on object 'Object Repository/Final Object Repo/WorkFlow Listing Page/Ref No Set Text'

2018-11-16 11:32:24 - [TEST_STEP][PASSED] - delay: Delayed 2 second(s)

2018-11-16 11:32:26 - [MESSAGE][PASSED] - Delayed 2 second(s)

2018-11-16 11:32:26 - [TEST_STEP][PASSED] - click: Object: 'Object Repository/Final Object Repo/WorkFlow Listing Page/Search Ref No Search Button' is clicked on

2018-11-16 11:32:27 - [MESSAGE][PASSED] - Object: 'Object Repository/Final Object Repo/WorkFlow Listing Page/Search Ref No Search Button' is clicked on

2018-11-16 11:32:27 - [TEST_STEP][PASSED] - delay: Delayed 4 second(s)

2018-11-16 11:32:31 - [MESSAGE][PASSED] - Delayed 4 second(s)

2018-11-16 11:32:31 - [TEST_STEP][PASSED] - click: Object: 'Object Repository/Final Object Repo/WorkFlow Listing Page/Click Continue Tooltip' is clicked on

2018-11-16 11:32:32 - [MESSAGE][PASSED] - Object: 'Object Repository/Final Object Repo/WorkFlow Listing Page/Click Continue Tooltip' is clicked on

2018-11-16 11:32:32 - [TEST_STEP][PASSED] - delay: Delayed 5 second(s)

2018-11-16 11:32:37 - [MESSAGE][PASSED] - Delayed 5 second(s)

2018-11-16 11:32:37 - [TEST_STEP][PASSED] - doubleClick: Object: 'Object Repository/Final Object Repo/WorkFlow Listing Page/Workflow Found - Listing 1' is double clicked on

2018-11-16 11:32:37 - [MESSAGE][PASSED] - Object: 'Object Repository/Final Object Repo/WorkFlow Listing Page/Workflow Found - Listing 1' is double clicked on

2018-11-16 11:32:37 - [TEST_STEP][PASSED] - Statement - println(OwnerID): null

2018-11-16 11:32:37 - [TEST_STEP][PASSED] - Statement - OwnerID = com.kms.katalon.core.webui.keyword.WebUiBuiltInKeywords.getText(com.kms.katalon.core.testobject.ObjectRepository.findTestObject(Final Object Repo/WorkFlow Listing Page/Workflow Found - Listing 1), STOP_ON_FAILURE): Text of object 'Object Repository/Final Object Repo/WorkFlow Listing Page/Workflow Found - Listing 1' is: 'JOHORuo1'

2018-11-16 11:32:37 - [MESSAGE][PASSED] - Text of object 'Object Repository/Final Object Repo/WorkFlow Listing Page/Workflow Found - Listing 1' is: 'JOHORuo1'

2018-11-16 11:32:37 - [TEST_STEP][PASSED] - Statement - OwnerID = OwnerID.toLowerCase() + "@gmail.com": null

2018-11-16 11:32:37 - [TEST_STEP][PASSED] - Statement - println(OwnerID): null

2018-11-16 11:32:37 - [TEST_STEP][PASSED] - delay: Delayed 2 second(s)

2018-11-16 11:32:39 - [MESSAGE][PASSED] - Delayed 2 second(s)

2018-11-16 11:32:39 - [MESSAGE][PASSED] - Call Test Case 'Test Cases/Final Aug 2018 - PKS Automation/Common/Workflow Owner Finder' successfully

2018-11-16 11:32:39 - [TEST_STEP][PASSED] - delay: Delayed 2 second(s)

2018-11-16 11:32:41 - [MESSAGE][PASSED] - Delayed 2 second(s)

2018-11-16 11:32:41 - [TEST_STEP][PASSED] - navigateToUrl: Navigate to 'https://assist2-uat.perkeso.gov.my/c/portal/logout' successfully

2018-11-16 11:32:42 - [MESSAGE][PASSED] - Navigate to 'https://assist2-uat.perkeso.gov.my/c/portal/logout' successfully

2018-11-16 11:32:42 - [TEST_STEP][PASSED] - delay: Delayed 2 second(s)

2018-11-16 11:32:44 - [MESSAGE][PASSED] - Delayed 2 second(s)

2018-11-16 11:32:44 - [TEST_STEP][PASSED] - callTestCase: Call Test Case 'Test Cases/Final Aug 2018 - PKS Automation/Registration Module/Workflow/Login and Search Case For Workflow' successfully

2018-11-16 11:32:44 - [TEST_CASE][PASSED] - Test Cases/Final Aug 2018 - PKS Automation/Registration Module/Workflow/Login and Search Case For Workflow: Test Cases/Final Aug 2018 - PKS Automation/Registration Module/Workflow/Login and Search Case For Workflow

2018-11-16 11:32:44 - [TEST_STEP][PASSED] - navigateToUrl: Navigate to 'https://assist2-uat.perkeso.gov.my/login' successfully

2018-11-16 11:32:45 - [MESSAGE][PASSED] - Navigate to 'https://assist2-uat.perkeso.gov.my/login' successfully

2018-11-16 11:32:45 - [TEST_STEP][PASSED] - setText: Text 'johoruo1@gmail.com' is set on object 'Object Repository/Final Object Repo/Login Page/Internal User/Email Address'

2018-11-16 11:32:45 - [MESSAGE][PASSED] - Text 'johoruo1@gmail.com' is set on object 'Object Repository/Final Object Repo/Login Page/Internal User/Email Address'

2018-11-16 11:32:45 - [TEST_STEP][PASSED] - click: Object: 'Object Repository/Final Object Repo/Login Page/Internal User/Next Button' is clicked on

2018-11-16 11:32:46 - [MESSAGE][PASSED] - Object: 'Object Repository/Final Object Repo/Login Page/Internal User/Next Button' is clicked on

2018-11-16 11:32:46 - [TEST_STEP][PASSED] - delay: Delayed 1 second(s)

2018-11-16 11:32:47 - [MESSAGE][PASSED] - Delayed 1 second(s)

2018-11-16 11:32:47 - [TEST_STEP][PASSED] - setEncryptedText: Text ****** has been set on object 'Object Repository/Final Object Repo/Login Page/Internal User/Password'

2018-11-16 11:32:47 - [MESSAGE][PASSED] - Text ****** has been set on object 'Object Repository/Final Object Repo/Login Page/Internal User/Password'

2018-11-16 11:32:47 - [TEST_STEP][PASSED] - click: Object: 'Object Repository/Final Object Repo/Login Page/Internal User/Login Button' is clicked on

2018-11-16 11:32:49 - [MESSAGE][PASSED] - Object: 'Object Repository/Final Object Repo/Login Page/Internal User/Login Button' is clicked on

2018-11-16 11:32:49 - [TEST_STEP][PASSED] - delay: Delayed 2 second(s)

2018-11-16 11:32:51 - [MESSAGE][PASSED] - Delayed 2 second(s)

2018-11-16 11:32:51 - [TEST_STEP][PASSED] - Statement - Try: Delayed 2 second(s)

2018-11-16 11:32:51 - [TEST_STEP][PASSED] - Statement - Checker = false: null

2018-11-16 11:32:51 - [TEST_STEP][PASSED] - Statement - Checker = com.kms.katalon.core.webui.keyword.WebUiBuiltInKeywords.verifyElementHasAttribute(com.kms.katalon.core.testobject.ObjectRepository.findTestObject(Final Object Repo/Landing Page/BM Detecting), "href", 20, OPTIONAL): Object 'Object Repository/Final Object Repo/Landing Page/BM Detecting' has attribute 'href'

2018-11-16 11:32:51 - [MESSAGE][PASSED] - Object 'Object Repository/Final Object Repo/Landing Page/BM Detecting' has attribute 'href'

2018-11-16 11:32:51 - [TEST_STEP][PASSED] - Statement - out.println(Checker): null

2018-11-16 11:32:51 - [TEST_STEP][PASSED] - Statement - If (Checker == false): null

2018-11-16 11:32:51 - [TEST_STEP][PASSED] - Statement - Else: null

2018-11-16 11:32:51 - [TEST_STEP][PASSED] - delay: Delayed 2 second(s)

2018-11-16 11:32:53 - [MESSAGE][PASSED] - Delayed 2 second(s)

2018-11-16 11:32:53 - [TEST_STEP][PASSED] - click: Object: 'Object Repository/Final Object Repo/Page_MyASSIST - ASSIST - Search Pending Case For Add Supporting Document/Search Information' is clicked on

2018-11-16 11:32:54 - [MESSAGE][PASSED] - Object: 'Object Repository/Final Object Repo/Page_MyASSIST - ASSIST - Search Pending Case For Add Supporting Document/Search Information' is clicked on

2018-11-16 11:32:54 - [TEST_STEP][PASSED] - delay: Delayed 3 second(s)

2018-11-16 11:32:57 - [MESSAGE][PASSED] - Delayed 3 second(s)

2018-11-16 11:32:57 - [TEST_STEP][PASSED] - sendKeys: Keys 'CUN112018C100005486' sent to object: 'Object Repository/Final Object Repo/Page_MyASSIST - ASSIST - Search Pending Case For Add Supporting Document/Reference No'

2018-11-16 11:32:57 - [MESSAGE][PASSED] - Keys 'CUN112018C100005486' sent to object: 'Object Repository/Final Object Repo/Page_MyASSIST - ASSIST - Search Pending Case For Add Supporting Document/Reference No'

2018-11-16 11:32:57 - [TEST_STEP][PASSED] - click: Object: 'Object Repository/Final Object Repo/Page_MyASSIST - ASSIST - Search Pending Case For Add Supporting Document/Search Reference No' is clicked on

2018-11-16 11:32:58 - [MESSAGE][PASSED] - Object: 'Object Repository/Final Object Repo/Page_MyASSIST - ASSIST - Search Pending Case For Add Supporting Document/Search Reference No' is clicked on

2018-11-16 11:32:58 - [TEST_STEP][PASSED] - delay: Delayed 2 second(s)

2018-11-16 11:33:00 - [MESSAGE][PASSED] - Delayed 2 second(s)

2018-11-16 11:33:00 - [TEST_STEP][PASSED] - click: Object: 'Object Repository/Final Object Repo/Page_MyASSIST - ASSIST - Search Pending Case For Add Supporting Document/Continue' is clicked on

2018-11-16 11:33:05 - [MESSAGE][PASSED] - Object: 'Object Repository/Final Object Repo/Page_MyASSIST - ASSIST - Search Pending Case For Add Supporting Document/Continue' is clicked on

2018-11-16 11:33:05 - [TEST_STEP][PASSED] - delay: Delayed 20 second(s)

2018-11-16 11:33:25 - [MESSAGE][PASSED] - Delayed 20 second(s)

2018-11-16 11:33:25 - [MESSAGE][PASSED] - Call Test Case 'Test Cases/Final Aug 2018 - PKS Automation/Registration Module/Workflow/Login and Search Case For Workflow' successfully

2018-11-16 11:33:25 - [TEST_STEP][PASSED] - delay: Delayed 2 second(s)

2018-11-16 11:33:27 - [MESSAGE][PASSED] - Delayed 2 second(s)

2018-11-16 11:33:27 - [TEST_STEP][PASSED] - click: Object: 'Object Repository/Final Object Repo/Page_Update Employee Information By Employer/Page_Update Employee Information by Employer (Approve)/Continue' is clicked on

2018-11-16 11:33:31 - [MESSAGE][PASSED] - Object: 'Object Repository/Final Object Repo/Page_Update Employee Information By Employer/Page_Update Employee Information by Employer (Approve)/Continue' is clicked on

2018-11-16 11:33:31 - [TEST_STEP][PASSED] - delay: Delayed 2 second(s)

2018-11-16 11:33:33 - [MESSAGE][PASSED] - Delayed 2 second(s)

2018-11-16 11:33:33 - [TEST_STEP][PASSED] - click: Object: 'Object Repository/Final Object Repo/Page_Update Employee Information By Employer/Page_Update Employee Information by Employer (Approve)/Save  Continue in Update Employee Information Page' is clicked on

2018-11-16 11:33:37 - [MESSAGE][PASSED] - Object: 'Object Repository/Final Object Repo/Page_Update Employee Information By Employer/Page_Update Employee Information by Employer (Approve)/Save  Continue in Update Employee Information Page' is clicked on

2018-11-16 11:33:37 - [TEST_STEP][PASSED] - delay: Delayed 4 second(s)

2018-11-16 11:33:41 - [MESSAGE][PASSED] - Delayed 4 second(s)

2018-11-16 11:33:41 - [TEST_STEP][PASSED] - click: Object: 'Object Repository/Final Object Repo/Page_Update Employee Information By Employer/Page_Update Employee Information by Employer (Approve)/Save  Continue in Upload Supporting Doucument Page' is clicked on

2018-11-16 11:33:45 - [MESSAGE][PASSED] - Object: 'Object Repository/Final Object Repo/Page_Update Employee Information By Employer/Page_Update Employee Information by Employer (Approve)/Save  Continue in Upload Supporting Doucument Page' is clicked on

2018-11-16 11:33:45 - [TEST_STEP][PASSED] - delay: Delayed 2 second(s)

2018-11-16 11:33:47 - [MESSAGE][PASSED] - Delayed 2 second(s)

2018-11-16 11:33:47 - [TEST_STEP][PASSED] - click: Object: 'Object Repository/Final Object Repo/Page_Update Employee Information By Employer/Page_Update Employee Information by Employer (Under enforcement)/Under enforcement' is clicked on

2018-11-16 11:33:48 - [MESSAGE][PASSED] - Object: 'Object Repository/Final Object Repo/Page_Update Employee Information By Employer/Page_Update Employee Information by Employer (Under enforcement)/Under enforcement' is clicked on

2018-11-16 11:33:48 - [TEST_STEP][PASSED] - delay: Delayed 2 second(s)

2018-11-16 11:33:50 - [MESSAGE][PASSED] - Delayed 2 second(s)

2018-11-16 11:33:50 - [TEST_STEP][PASSED] - setText: Text 'Remark' is set on object 'Object Repository/Final Object Repo/Page_Update Employee Information By Employer/Page_Update Employee Information by Employer (Under enforcement)/Under enforcement - Remark'

2018-11-16 11:33:50 - [MESSAGE][PASSED] - Text 'Remark' is set on object 'Object Repository/Final Object Repo/Page_Update Employee Information By Employer/Page_Update Employee Information by Employer (Under enforcement)/Under enforcement - Remark'

2018-11-16 11:33:50 - [TEST_STEP][PASSED] - delay: Delayed 2 second(s)

2018-11-16 11:33:52 - [MESSAGE][PASSED] - Delayed 2 second(s)

2018-11-16 11:33:52 - [TEST_STEP][PASSED] - click: Object: 'Object Repository/Final Object Repo/Page_Update Employee Information By Employer/Page_Update Employee Information by Employer (Under enforcement)/Save  Continu in Under enforcement Page' is clicked on

2018-11-16 11:33:56 - [MESSAGE][PASSED] - Object: 'Object Repository/Final Object Repo/Page_Update Employee Information By Employer/Page_Update Employee Information by Employer (Under enforcement)/Save  Continu in Under enforcement Page' is clicked on

2018-11-16 11:33:56 - [TEST_STEP][PASSED] - delay: Delayed 2 second(s)

2018-11-16 11:33:58 - [MESSAGE][PASSED] - Delayed 2 second(s)

2018-11-16 11:33:58 - [TEST_STEP][PASSED] - click: Object: 'Object Repository/Final Object Repo/Page_Update Employee Information By Employer/Page_Update Employee Information by Employer (Under enforcement)/Under enforceme Message The case is under enforcement' is clicked on

2018-11-16 11:33:59 - [MESSAGE][PASSED] - Object: 'Object Repository/Final Object Repo/Page_Update Employee Information By Employer/Page_Update Employee Information by Employer (Under enforcement)/Under enforceme Message The case is under enforcement' is clicked on

2018-11-16 11:33:59 - [TEST_STEP][PASSED] - click: Object: 'Object Repository/Final Object Repo/Page_Update Employee Information By Employer/Page_Update Employee Information by Employer (Under enforcement)/Under enforcement - OK button' is clicked on

2018-11-16 11:34:00 - [MESSAGE][PASSED] - Object: 'Object Repository/Final Object Repo/Page_Update Employee Information By Employer/Page_Update Employee Information by Employer (Under enforcement)/Under enforcement - OK button' is clicked on

2018-11-16 11:34:00 - [MESSAGE][PASSED] - Call Test Case 'Test Cases/Final Aug 2018 - PKS Automation/Registration Module/Workflow/Update Employee Information (Employer)/Template/Update Employee Information - Special Case - UO (UnderEnforcement)' successfully]]></system-out>
         <system-err><![CDATA[]]></system-err>
      </testcase>
      <testcase name="Test Cases/Final Aug 2018 - PKS Automation/Registration Module/Workflow/Update Employee Information (Employer)/OTC - UO (Approve)" classname="Test Cases/Final Aug 2018 - PKS Automation/Registration Module/Workflow/Update Employee Information (Employer)/OTC - UO (Approve)" status="PASSED">
         <system-out><![CDATA[2018-11-16 11:34:00 - [TEST_CASE][PASSED] - Test Cases/Final Aug 2018 - PKS Automation/Registration Module/Workflow/Update Employee Information (Employer)/OTC - UO (Approve): Test Cases/Final Aug 2018 - PKS Automation/Registration Module/Workflow/Update Employee Information (Employer)/OTC - UO (Approve)

2018-11-16 11:34:00 - [TEST_STEP][PASSED] - callTestCase: Call Test Case 'Test Cases/Final Aug 2018 - PKS Automation/Registration Module/Workflow/Update Employee Information (Employer)/Template/Update Employer Information - Special Case (OTC)' successfully

2018-11-16 11:34:00 - [TEST_CASE][PASSED] - Test Cases/Final Aug 2018 - PKS Automation/Registration Module/Workflow/Update Employee Information (Employer)/Template/Update Employer Information - Special Case (OTC): Test Cases/Final Aug 2018 - PKS Automation/Registration Module/Workflow/Update Employee Information (Employer)/Template/Update Employer Information - Special Case (OTC)

2018-11-16 11:34:00 - [TEST_STEP][PASSED] - openBrowser: Browser is opened with url: ''

2018-11-16 11:34:00 - [MESSAGE][WARNING] - A browser is already opened. Closing browser and opening a new one

2018-11-16 11:34:05 - [MESSAGE][PASSED] - Browser is opened with url: ''

2018-11-16 11:34:05 - [TEST_STEP][PASSED] - navigateToUrl: Navigate to 'https://assist2-uat.perkeso.gov.my/login' successfully

2018-11-16 11:34:07 - [MESSAGE][PASSED] - Navigate to 'https://assist2-uat.perkeso.gov.my/login' successfully

2018-11-16 11:34:07 - [TEST_STEP][PASSED] - setText: Text 'johorotc1@gmail.com' is set on object 'Object Repository/Final Object Repo/Login Page/Internal User/Email Address'

2018-11-16 11:34:07 - [MESSAGE][PASSED] - Text 'johorotc1@gmail.com' is set on object 'Object Repository/Final Object Repo/Login Page/Internal User/Email Address'

2018-11-16 11:34:07 - [TEST_STEP][PASSED] - click: Object: 'Object Repository/Final Object Repo/Login Page/Internal User/Next Button' is clicked on

2018-11-16 11:34:07 - [MESSAGE][PASSED] - Object: 'Object Repository/Final Object Repo/Login Page/Internal User/Next Button' is clicked on

2018-11-16 11:34:07 - [TEST_STEP][PASSED] - delay: Delayed 1 second(s)

2018-11-16 11:34:08 - [MESSAGE][PASSED] - Delayed 1 second(s)

2018-11-16 11:34:08 - [TEST_STEP][PASSED] - setEncryptedText: Text ****** has been set on object 'Object Repository/Final Object Repo/Login Page/Internal User/Password'

2018-11-16 11:34:08 - [MESSAGE][PASSED] - Text ****** has been set on object 'Object Repository/Final Object Repo/Login Page/Internal User/Password'

2018-11-16 11:34:08 - [TEST_STEP][PASSED] - click: Object: 'Object Repository/Final Object Repo/Login Page/Internal User/Login Button' is clicked on

2018-11-16 11:34:11 - [MESSAGE][PASSED] - Object: 'Object Repository/Final Object Repo/Login Page/Internal User/Login Button' is clicked on

2018-11-16 11:34:11 - [TEST_STEP][PASSED] - Statement - Try: Delayed 2 second(s)

2018-11-16 11:34:11 - [TEST_STEP][PASSED] - Statement - Checker = false: null

2018-11-16 11:34:11 - [TEST_STEP][PASSED] - Statement - Checker = com.kms.katalon.core.webui.keyword.WebUiBuiltInKeywords.verifyElementHasAttribute(com.kms.katalon.core.testobject.ObjectRepository.findTestObject(Final Object Repo/Landing Page/BM Detecting), "href", 20, OPTIONAL): Object 'Object Repository/Final Object Repo/Landing Page/BM Detecting' has attribute 'href'

2018-11-16 11:34:11 - [MESSAGE][PASSED] - Object 'Object Repository/Final Object Repo/Landing Page/BM Detecting' has attribute 'href'

2018-11-16 11:34:11 - [TEST_STEP][PASSED] - Statement - out.println(Checker): null

2018-11-16 11:34:11 - [TEST_STEP][PASSED] - Statement - If (Checker == false): null

2018-11-16 11:34:11 - [TEST_STEP][PASSED] - Statement - Else: null

2018-11-16 11:34:11 - [TEST_STEP][PASSED] - delay: Delayed 2 second(s)

2018-11-16 11:34:13 - [MESSAGE][PASSED] - Delayed 2 second(s)

2018-11-16 11:34:13 - [TEST_STEP][PASSED] - delay: Delayed 1 second(s)

2018-11-16 11:34:14 - [MESSAGE][PASSED] - Delayed 1 second(s)

2018-11-16 11:34:14 - [TEST_STEP][PASSED] - navigateToUrl: Navigate to 'https://assist2-uat.perkeso.gov.my/web/registration/update/update-employee-information-employer-' successfully

2018-11-16 11:34:15 - [MESSAGE][PASSED] - Navigate to 'https://assist2-uat.perkeso.gov.my/web/registration/update/update-employee-information-employer-' successfully

2018-11-16 11:34:15 - [TEST_STEP][PASSED] - setText: Text 'E1102001065V' is set on object 'Object Repository/Final Object Repo/Page_Update Employee Information By Employer/Employer Code'

2018-11-16 11:34:15 - [MESSAGE][PASSED] - Text 'E1102001065V' is set on object 'Object Repository/Final Object Repo/Page_Update Employee Information By Employer/Employer Code'

2018-11-16 11:34:15 - [TEST_STEP][PASSED] - click: Object: 'Object Repository/Final Object Repo/Page_Update Employee Information By Employer/Search Employer Code' is clicked on

2018-11-16 11:34:17 - [MESSAGE][PASSED] - Object: 'Object Repository/Final Object Repo/Page_Update Employee Information By Employer/Search Employer Code' is clicked on

2018-11-16 11:34:17 - [TEST_STEP][PASSED] - click: Object: 'Object Repository/Final Object Repo/Page_Update Employee Information By Employer/Edit Button' is clicked on

2018-11-16 11:34:20 - [MESSAGE][PASSED] - Object: 'Object Repository/Final Object Repo/Page_Update Employee Information By Employer/Edit Button' is clicked on

2018-11-16 11:34:20 - [TEST_STEP][PASSED] - click: Object: 'Object Repository/Final Object Repo/Page_Update Employee Information By Employer/Employee Name or New Identification' is clicked on

2018-11-16 11:34:20 - [MESSAGE][PASSED] - Object: 'Object Repository/Final Object Repo/Page_Update Employee Information By Employer/Employee Name or New Identification' is clicked on

2018-11-16 11:34:20 - [TEST_STEP][PASSED] - delay: Delayed 1 second(s)

2018-11-16 11:34:21 - [MESSAGE][PASSED] - Delayed 1 second(s)

2018-11-16 11:34:21 - [TEST_STEP][PASSED] - click: Object: 'Object Repository/Final Object Repo/Page_Update Employee Information By Employer/Selection - Employee Name' is clicked on

2018-11-16 11:34:22 - [MESSAGE][PASSED] - Object: 'Object Repository/Final Object Repo/Page_Update Employee Information By Employer/Selection - Employee Name' is clicked on

2018-11-16 11:34:22 - [TEST_STEP][PASSED] - delay: Delayed 1 second(s)

2018-11-16 11:34:23 - [MESSAGE][PASSED] - Delayed 1 second(s)

2018-11-16 11:34:23 - [TEST_STEP][PASSED] - setText: Text 'PERKESO' is set on object 'Object Repository/Final Object Repo/Page_Update Employee Information By Employer/Employee Name'

2018-11-16 11:34:23 - [MESSAGE][PASSED] - Text 'PERKESO' is set on object 'Object Repository/Final Object Repo/Page_Update Employee Information By Employer/Employee Name'

2018-11-16 11:34:23 - [TEST_STEP][PASSED] - delay: Delayed 2 second(s)

2018-11-16 11:34:25 - [MESSAGE][PASSED] - Delayed 2 second(s)

2018-11-16 11:34:25 - [TEST_STEP][PASSED] - click: Object: 'Object Repository/Final Object Repo/Page_Update Employee Information By Employer/Search Employee' is clicked on

2018-11-16 11:34:26 - [MESSAGE][PASSED] - Object: 'Object Repository/Final Object Repo/Page_Update Employee Information By Employer/Search Employee' is clicked on

2018-11-16 11:34:26 - [TEST_STEP][PASSED] - delay: Delayed 3 second(s)

2018-11-16 11:34:29 - [MESSAGE][PASSED] - Delayed 3 second(s)

2018-11-16 11:34:29 - [TEST_STEP][PASSED] - click: Object: 'Object Repository/Final Object Repo/Page_Update Employee Information By Employer/Employee Edit Button' is clicked on

2018-11-16 11:34:29 - [MESSAGE][PASSED] - Object: 'Object Repository/Final Object Repo/Page_Update Employee Information By Employer/Employee Edit Button' is clicked on

2018-11-16 11:34:29 - [TEST_STEP][PASSED] - delay: Delayed 3 second(s)

2018-11-16 11:34:32 - [MESSAGE][PASSED] - Delayed 3 second(s)

2018-11-16 11:34:32 - [TEST_STEP][PASSED] - setText: Text '' is set on object 'Object Repository/Final Object Repo/Page_Update Employee Information By Employer/Identification Number'

2018-11-16 11:34:32 - [MESSAGE][PASSED] - Text '' is set on object 'Object Repository/Final Object Repo/Page_Update Employee Information By Employer/Identification Number'

2018-11-16 11:34:32 - [TEST_STEP][PASSED] - Statement - rnd = new java.util.Random(): null

2018-11-16 11:34:32 - [TEST_STEP][PASSED] - Statement - snum = rnd.nextInt(899999 + 1) + 100000: null

2018-11-16 11:34:32 - [TEST_STEP][PASSED] - Statement - tnum = rnd.nextInt(899999 + 1) + 100000: null

2018-11-16 11:34:32 - [TEST_STEP][PASSED] - Statement - IC = java.lang.Integer.toString(snum) + java.lang.Integer.toString(tnum): null

2018-11-16 11:34:32 - [TEST_STEP][PASSED] - Statement - out.println(IC): null

2018-11-16 11:34:32 - [TEST_STEP][PASSED] - setText: Text '612737555858' is set on object 'Object Repository/Final Object Repo/Page_Update Employee Information By Employer/Identification Number'

2018-11-16 11:34:32 - [MESSAGE][PASSED] - Text '612737555858' is set on object 'Object Repository/Final Object Repo/Page_Update Employee Information By Employer/Identification Number'

2018-11-16 11:34:32 - [TEST_STEP][PASSED] - click: Object: 'Object Repository/Final Object Repo/Page_Update Employee Information By Employer/Save' is clicked on

2018-11-16 11:34:36 - [MESSAGE][PASSED] - Object: 'Object Repository/Final Object Repo/Page_Update Employee Information By Employer/Save' is clicked on

2018-11-16 11:34:36 - [TEST_STEP][PASSED] - delay: Delayed 5 second(s)

2018-11-16 11:34:41 - [MESSAGE][PASSED] - Delayed 5 second(s)

2018-11-16 11:34:42 - [TEST_STEP][PASSED] - Statement - CaseReferenceNo = com.kms.katalon.core.webui.keyword.WebUiBuiltInKeywords.getText(com.kms.katalon.core.testobject.ObjectRepository.findTestObject(Final Object Repo/Reference Number/Reference Number in Update Employee Information Page)): Text of object 'Object Repository/Final Object Repo/Reference Number/Reference Number in Update Employee Information Page' is: 'CUN112018C100005487'

2018-11-16 11:34:42 - [MESSAGE][PASSED] - Text of object 'Object Repository/Final Object Repo/Reference Number/Reference Number in Update Employee Information Page' is: 'CUN112018C100005487'

2018-11-16 11:34:42 - [TEST_STEP][PASSED] - callTestCase: Call Test Case 'Test Cases/Final Aug 2018 - PKS Automation/Common/Reference Number Setter' successfully

2018-11-16 11:34:42 - [TEST_CASE][PASSED] - Test Cases/Final Aug 2018 - PKS Automation/Common/Reference Number Setter: Test Cases/Final Aug 2018 - PKS Automation/Common/Reference Number Setter

2018-11-16 11:34:42 - [TEST_STEP][PASSED] - Statement - RefNoOldFile = new java.io.File(C://KatalonReference.txt): null

2018-11-16 11:34:42 - [TEST_STEP][PASSED] - Statement - RefNoOldFile.delete(): null

2018-11-16 11:34:42 - [TEST_STEP][PASSED] - delay: Delayed 5 second(s)

2018-11-16 11:34:47 - [MESSAGE][PASSED] - Delayed 5 second(s)

2018-11-16 11:34:47 - [TEST_STEP][PASSED] - Statement - RefNo = new java.io.File(C://KatalonReference.txt): null

2018-11-16 11:34:47 - [TEST_STEP][PASSED] - Statement - f2 = new java.io.FileWriter(RefNo, false): null

2018-11-16 11:34:47 - [TEST_STEP][PASSED] - Statement - f2.write(CaseReferenceNo): null

2018-11-16 11:34:47 - [TEST_STEP][PASSED] - Statement - f2.close(): null

2018-11-16 11:34:47 - [TEST_STEP][PASSED] - Statement - out.println("


" + CaseReferenceNo + "


"): null

2018-11-16 11:34:47 - [MESSAGE][PASSED] - Call Test Case 'Test Cases/Final Aug 2018 - PKS Automation/Common/Reference Number Setter' successfully

2018-11-16 11:34:47 - [TEST_STEP][PASSED] - delay: Delayed 5 second(s)

2018-11-16 11:34:52 - [MESSAGE][PASSED] - Delayed 5 second(s)

2018-11-16 11:34:52 - [TEST_STEP][PASSED] - click: Object: 'Object Repository/Final Object Repo/Page_Update Employee Information By Employer/Save  Continue in  Employee Information Page' is clicked on

2018-11-16 11:34:55 - [MESSAGE][PASSED] - Object: 'Object Repository/Final Object Repo/Page_Update Employee Information By Employer/Save  Continue in  Employee Information Page' is clicked on

2018-11-16 11:34:55 - [TEST_STEP][PASSED] - delay: Delayed 5 second(s)

2018-11-16 11:35:00 - [MESSAGE][PASSED] - Delayed 5 second(s)

2018-11-16 11:35:00 - [TEST_STEP][PASSED] - click: Object: 'Object Repository/Final Object Repo/Page_Update Employee Information By Employer/Save  Continue in Uploading Page 1' is clicked on

2018-11-16 11:35:05 - [MESSAGE][PASSED] - Object: 'Object Repository/Final Object Repo/Page_Update Employee Information By Employer/Save  Continue in Uploading Page 1' is clicked on

2018-11-16 11:35:05 - [TEST_STEP][PASSED] - delay: Delayed 5 second(s)

2018-11-16 11:35:10 - [MESSAGE][PASSED] - Delayed 5 second(s)

2018-11-16 11:35:10 - [TEST_STEP][PASSED] - click: Object: 'Object Repository/Final Object Repo/Page_Update Employee Information By Employer/Submit' is clicked on

2018-11-16 11:35:10 - [MESSAGE][PASSED] - Object: 'Object Repository/Final Object Repo/Page_Update Employee Information By Employer/Submit' is clicked on

2018-11-16 11:35:10 - [TEST_STEP][PASSED] - delay: Delayed 5 second(s)

2018-11-16 11:35:15 - [MESSAGE][PASSED] - Delayed 5 second(s)

2018-11-16 11:35:15 - [TEST_STEP][PASSED] - click: Object: 'Object Repository/Final Object Repo/Page_Update Employee Information By Employer/Confirm' is clicked on

2018-11-16 11:35:19 - [MESSAGE][PASSED] - Object: 'Object Repository/Final Object Repo/Page_Update Employee Information By Employer/Confirm' is clicked on

2018-11-16 11:35:19 - [TEST_STEP][PASSED] - delay: Delayed 5 second(s)

2018-11-16 11:35:24 - [MESSAGE][PASSED] - Delayed 5 second(s)

2018-11-16 11:35:24 - [TEST_STEP][PASSED] - verifyElementVisible: Object 'Object Repository/Final Object Repo/Page_Update Employee Information By Employer/Successfull Message Routed to UO' is visible

2018-11-16 11:35:24 - [MESSAGE][PASSED] - Object 'Object Repository/Final Object Repo/Page_Update Employee Information By Employer/Successfull Message Routed to UO' is visible

2018-11-16 11:35:24 - [MESSAGE][PASSED] - Call Test Case 'Test Cases/Final Aug 2018 - PKS Automation/Registration Module/Workflow/Update Employee Information (Employer)/Template/Update Employer Information - Special Case (OTC)' successfully

2018-11-16 11:35:24 - [TEST_STEP][PASSED] - callTestCase: Call Test Case 'Test Cases/Final Aug 2018 - PKS Automation/Registration Module/Workflow/Update Employer Information/Template/Update Employer Information - Special Case - UO (Approve)' successfully

2018-11-16 11:35:24 - [TEST_CASE][PASSED] - Test Cases/Final Aug 2018 - PKS Automation/Registration Module/Workflow/Update Employer Information/Template/Update Employer Information - Special Case - UO (Approve): Test Cases/Final Aug 2018 - PKS Automation/Registration Module/Workflow/Update Employer Information/Template/Update Employer Information - Special Case - UO (Approve)

2018-11-16 11:35:24 - [TEST_STEP][NOT_RUN] - callTestCase: NOT_RUN: callTestCase

2018-11-16 11:35:24 - [MESSAGE][NOT_RUN] - NOT_RUN: callTestCase

2018-11-16 11:35:24 - [TEST_STEP][NOT_RUN] - delay: NOT_RUN: delay

2018-11-16 11:35:24 - [MESSAGE][NOT_RUN] - NOT_RUN: delay

2018-11-16 11:35:24 - [TEST_STEP][NOT_RUN] - navigateToUrl: NOT_RUN: navigateToUrl

2018-11-16 11:35:24 - [MESSAGE][NOT_RUN] - NOT_RUN: navigateToUrl

2018-11-16 11:35:24 - [TEST_STEP][PASSED] - delay: Delayed 1 second(s)

2018-11-16 11:35:25 - [MESSAGE][PASSED] - Delayed 1 second(s)

2018-11-16 11:35:25 - [TEST_STEP][PASSED] - callTestCase: Call Test Case 'Test Cases/Final Aug 2018 - PKS Automation/Common/Reference Number Getter' successfully

2018-11-16 11:35:25 - [TEST_CASE][PASSED] - Test Cases/Final Aug 2018 - PKS Automation/Common/Reference Number Getter: Test Cases/Final Aug 2018 - PKS Automation/Common/Reference Number Getter

2018-11-16 11:35:25 - [TEST_STEP][PASSED] - Statement - Try: null

2018-11-16 11:35:25 - [TEST_STEP][PASSED] - Statement - RefNo = new java.io.File(C://KatalonReference.txt): null

2018-11-16 11:35:25 - [TEST_STEP][PASSED] - Statement - bufferread = new java.io.BufferedReader(new java.io.FileReader(RefNo)): null

2018-11-16 11:35:25 - [TEST_STEP][PASSED] - Statement - readedVal = bufferread.readLine(): null

2018-11-16 11:35:25 - [TEST_STEP][PASSED] - Statement - out.println(CaseReferenceNo): null

2018-11-16 11:35:25 - [TEST_STEP][PASSED] - Statement - out.println(readedVal): null

2018-11-16 11:35:25 - [TEST_STEP][PASSED] - Statement - CaseReferenceNo = "": null

2018-11-16 11:35:25 - [TEST_STEP][PASSED] - Statement - CaseReferenceNo = readedVal: null

2018-11-16 11:35:25 - [MESSAGE][PASSED] - Call Test Case 'Test Cases/Final Aug 2018 - PKS Automation/Common/Reference Number Getter' successfully

2018-11-16 11:35:25 - [TEST_STEP][PASSED] - callTestCase: Call Test Case 'Test Cases/Final Aug 2018 - PKS Automation/Common/Workflow Owner Finder' successfully

2018-11-16 11:35:26 - [TEST_CASE][PASSED] - Test Cases/Final Aug 2018 - PKS Automation/Common/Workflow Owner Finder: Test Cases/Final Aug 2018 - PKS Automation/Common/Workflow Owner Finder

2018-11-16 11:35:26 - [TEST_STEP][PASSED] - openBrowser: Browser is opened with url: ''

2018-11-16 11:35:26 - [MESSAGE][WARNING] - A browser is already opened. Closing browser and opening a new one

2018-11-16 11:35:31 - [MESSAGE][PASSED] - Browser is opened with url: ''

2018-11-16 11:35:31 - [TEST_STEP][PASSED] - navigateToUrl: Navigate to 'https://assist2-uat.perkeso.gov.my/login' successfully

2018-11-16 11:35:33 - [MESSAGE][PASSED] - Navigate to 'https://assist2-uat.perkeso.gov.my/login' successfully

2018-11-16 11:35:33 - [TEST_STEP][PASSED] - delay: Delayed 5 second(s)

2018-11-16 11:35:38 - [MESSAGE][PASSED] - Delayed 5 second(s)

2018-11-16 11:35:38 - [TEST_STEP][PASSED] - setText: Text 'test@liferay.com' is set on object 'Object Repository/Final Object Repo/Login Page/Internal User/Email Address'

2018-11-16 11:35:38 - [MESSAGE][PASSED] - Text 'test@liferay.com' is set on object 'Object Repository/Final Object Repo/Login Page/Internal User/Email Address'

2018-11-16 11:35:38 - [TEST_STEP][PASSED] - click: Object: 'Object Repository/Final Object Repo/Login Page/Internal User/Next Button' is clicked on

2018-11-16 11:35:38 - [MESSAGE][PASSED] - Object: 'Object Repository/Final Object Repo/Login Page/Internal User/Next Button' is clicked on

2018-11-16 11:35:38 - [TEST_STEP][PASSED] - delay: Delayed 2 second(s)

2018-11-16 11:35:40 - [MESSAGE][PASSED] - Delayed 2 second(s)

2018-11-16 11:35:40 - [TEST_STEP][PASSED] - setText: Text 'test' is set on object 'Object Repository/Final Object Repo/Login Page/Internal User/Password'

2018-11-16 11:35:40 - [MESSAGE][PASSED] - Text 'test' is set on object 'Object Repository/Final Object Repo/Login Page/Internal User/Password'

2018-11-16 11:35:40 - [TEST_STEP][PASSED] - delay: Delayed 2 second(s)

2018-11-16 11:35:42 - [MESSAGE][PASSED] - Delayed 2 second(s)

2018-11-16 11:35:42 - [TEST_STEP][PASSED] - click: Object: 'Object Repository/Final Object Repo/Login Page/Internal User/Login Button' is clicked on

2018-11-16 11:35:45 - [MESSAGE][PASSED] - Object: 'Object Repository/Final Object Repo/Login Page/Internal User/Login Button' is clicked on

2018-11-16 11:35:45 - [TEST_STEP][PASSED] - Statement - Try: Delayed 2 second(s)

2018-11-16 11:35:45 - [TEST_STEP][PASSED] - Statement - Checker = false: null

2018-11-16 11:35:45 - [TEST_STEP][PASSED] - Statement - Checker = com.kms.katalon.core.webui.keyword.WebUiBuiltInKeywords.verifyElementHasAttribute(com.kms.katalon.core.testobject.ObjectRepository.findTestObject(Final Object Repo/Landing Page/BM Detecting), "href", 20, OPTIONAL): Object 'Object Repository/Final Object Repo/Landing Page/BM Detecting' has attribute 'href'

2018-11-16 11:35:45 - [MESSAGE][PASSED] - Object 'Object Repository/Final Object Repo/Landing Page/BM Detecting' has attribute 'href'

2018-11-16 11:35:45 - [TEST_STEP][PASSED] - Statement - out.println(Checker): null

2018-11-16 11:35:45 - [TEST_STEP][PASSED] - Statement - If (Checker == false): null

2018-11-16 11:35:45 - [TEST_STEP][PASSED] - Statement - Else: null

2018-11-16 11:35:45 - [TEST_STEP][PASSED] - delay: Delayed 2 second(s)

2018-11-16 11:35:47 - [MESSAGE][PASSED] - Delayed 2 second(s)

2018-11-16 11:35:47 - [TEST_STEP][PASSED] - delay: Delayed 3 second(s)

2018-11-16 11:35:50 - [MESSAGE][PASSED] - Delayed 3 second(s)

2018-11-16 11:35:50 - [TEST_STEP][PASSED] - mouseOver: Object: 'Object Repository/Final Object Repo/Landing Page/WorkFlow Menu' is hovered

2018-11-16 11:35:51 - [MESSAGE][PASSED] - Object: 'Object Repository/Final Object Repo/Landing Page/WorkFlow Menu' is hovered

2018-11-16 11:35:51 - [TEST_STEP][PASSED] - delay: Delayed 2 second(s)

2018-11-16 11:35:53 - [MESSAGE][PASSED] - Delayed 2 second(s)

2018-11-16 11:35:53 - [TEST_STEP][PASSED] - click: Object: 'Object Repository/Final Object Repo/Landing Page/Select to Workflow Listing' is clicked on

2018-11-16 11:35:54 - [MESSAGE][PASSED] - Object: 'Object Repository/Final Object Repo/Landing Page/Select to Workflow Listing' is clicked on

2018-11-16 11:35:54 - [TEST_STEP][PASSED] - delay: Delayed 2 second(s)

2018-11-16 11:35:56 - [MESSAGE][PASSED] - Delayed 2 second(s)

2018-11-16 11:35:56 - [TEST_STEP][PASSED] - click: Object: 'Object Repository/Final Object Repo/WorkFlow Listing Page/Search Information - To Put Ref No' is clicked on

2018-11-16 11:35:56 - [MESSAGE][PASSED] - Object: 'Object Repository/Final Object Repo/WorkFlow Listing Page/Search Information - To Put Ref No' is clicked on

2018-11-16 11:35:56 - [TEST_STEP][PASSED] - delay: Delayed 2 second(s)

2018-11-16 11:35:58 - [MESSAGE][PASSED] - Delayed 2 second(s)

2018-11-16 11:35:58 - [TEST_STEP][PASSED] - callTestCase: Call Test Case 'Test Cases/Final Aug 2018 - PKS Automation/Common/Reference Number Getter' successfully

2018-11-16 11:35:58 - [TEST_CASE][PASSED] - Test Cases/Final Aug 2018 - PKS Automation/Common/Reference Number Getter: Test Cases/Final Aug 2018 - PKS Automation/Common/Reference Number Getter

2018-11-16 11:35:58 - [TEST_STEP][PASSED] - Statement - Try: null

2018-11-16 11:35:58 - [TEST_STEP][PASSED] - Statement - RefNo = new java.io.File(C://KatalonReference.txt): null

2018-11-16 11:35:58 - [TEST_STEP][PASSED] - Statement - bufferread = new java.io.BufferedReader(new java.io.FileReader(RefNo)): null

2018-11-16 11:35:58 - [TEST_STEP][PASSED] - Statement - readedVal = bufferread.readLine(): null

2018-11-16 11:35:58 - [TEST_STEP][PASSED] - Statement - out.println(CaseReferenceNo): null

2018-11-16 11:35:58 - [TEST_STEP][PASSED] - Statement - out.println(readedVal): null

2018-11-16 11:35:58 - [TEST_STEP][PASSED] - Statement - CaseReferenceNo = "": null

2018-11-16 11:35:58 - [TEST_STEP][PASSED] - Statement - CaseReferenceNo = readedVal: null

2018-11-16 11:35:58 - [MESSAGE][PASSED] - Call Test Case 'Test Cases/Final Aug 2018 - PKS Automation/Common/Reference Number Getter' successfully

2018-11-16 11:35:58 - [TEST_STEP][PASSED] - setText: Text 'CUN112018C100005487' is set on object 'Object Repository/Final Object Repo/WorkFlow Listing Page/Ref No Set Text'

2018-11-16 11:35:58 - [MESSAGE][PASSED] - Text 'CUN112018C100005487' is set on object 'Object Repository/Final Object Repo/WorkFlow Listing Page/Ref No Set Text'

2018-11-16 11:35:58 - [TEST_STEP][PASSED] - delay: Delayed 2 second(s)

2018-11-16 11:36:00 - [MESSAGE][PASSED] - Delayed 2 second(s)

2018-11-16 11:36:00 - [TEST_STEP][PASSED] - click: Object: 'Object Repository/Final Object Repo/WorkFlow Listing Page/Search Ref No Search Button' is clicked on

2018-11-16 11:36:02 - [MESSAGE][PASSED] - Object: 'Object Repository/Final Object Repo/WorkFlow Listing Page/Search Ref No Search Button' is clicked on

2018-11-16 11:36:02 - [TEST_STEP][PASSED] - delay: Delayed 4 second(s)

2018-11-16 11:36:06 - [MESSAGE][PASSED] - Delayed 4 second(s)

2018-11-16 11:36:06 - [TEST_STEP][PASSED] - click: Object: 'Object Repository/Final Object Repo/WorkFlow Listing Page/Click Continue Tooltip' is clicked on

2018-11-16 11:36:07 - [MESSAGE][PASSED] - Object: 'Object Repository/Final Object Repo/WorkFlow Listing Page/Click Continue Tooltip' is clicked on

2018-11-16 11:36:07 - [TEST_STEP][PASSED] - delay: Delayed 5 second(s)

2018-11-16 11:36:12 - [MESSAGE][PASSED] - Delayed 5 second(s)

2018-11-16 11:36:12 - [TEST_STEP][PASSED] - doubleClick: Object: 'Object Repository/Final Object Repo/WorkFlow Listing Page/Workflow Found - Listing 1' is double clicked on

2018-11-16 11:36:13 - [MESSAGE][PASSED] - Object: 'Object Repository/Final Object Repo/WorkFlow Listing Page/Workflow Found - Listing 1' is double clicked on

2018-11-16 11:36:13 - [TEST_STEP][PASSED] - Statement - println(OwnerID): null

2018-11-16 11:36:13 - [TEST_STEP][PASSED] - Statement - OwnerID = com.kms.katalon.core.webui.keyword.WebUiBuiltInKeywords.getText(com.kms.katalon.core.testobject.ObjectRepository.findTestObject(Final Object Repo/WorkFlow Listing Page/Workflow Found - Listing 1), STOP_ON_FAILURE): Text of object 'Object Repository/Final Object Repo/WorkFlow Listing Page/Workflow Found - Listing 1' is: 'JOHORuo2'

2018-11-16 11:36:13 - [MESSAGE][PASSED] - Text of object 'Object Repository/Final Object Repo/WorkFlow Listing Page/Workflow Found - Listing 1' is: 'JOHORuo2'

2018-11-16 11:36:13 - [TEST_STEP][PASSED] - Statement - OwnerID = OwnerID.toLowerCase() + "@gmail.com": null

2018-11-16 11:36:13 - [TEST_STEP][PASSED] - Statement - println(OwnerID): null

2018-11-16 11:36:13 - [TEST_STEP][PASSED] - delay: Delayed 2 second(s)

2018-11-16 11:36:15 - [MESSAGE][PASSED] - Delayed 2 second(s)

2018-11-16 11:36:15 - [MESSAGE][PASSED] - Call Test Case 'Test Cases/Final Aug 2018 - PKS Automation/Common/Workflow Owner Finder' successfully

2018-11-16 11:36:15 - [TEST_STEP][PASSED] - delay: Delayed 1 second(s)

2018-11-16 11:36:16 - [MESSAGE][PASSED] - Delayed 1 second(s)

2018-11-16 11:36:16 - [TEST_STEP][PASSED] - navigateToUrl: Navigate to 'https://assist2-uat.perkeso.gov.my/c/portal/logout' successfully

2018-11-16 11:36:17 - [MESSAGE][PASSED] - Navigate to 'https://assist2-uat.perkeso.gov.my/c/portal/logout' successfully

2018-11-16 11:36:17 - [TEST_STEP][PASSED] - callTestCase: Call Test Case 'Test Cases/Final Aug 2018 - PKS Automation/Registration Module/Workflow/Login and Search Case For Workflow' successfully

2018-11-16 11:36:17 - [TEST_CASE][PASSED] - Test Cases/Final Aug 2018 - PKS Automation/Registration Module/Workflow/Login and Search Case For Workflow: Test Cases/Final Aug 2018 - PKS Automation/Registration Module/Workflow/Login and Search Case For Workflow

2018-11-16 11:36:17 - [TEST_STEP][PASSED] - navigateToUrl: Navigate to 'https://assist2-uat.perkeso.gov.my/login' successfully

2018-11-16 11:36:18 - [MESSAGE][PASSED] - Navigate to 'https://assist2-uat.perkeso.gov.my/login' successfully

2018-11-16 11:36:18 - [TEST_STEP][PASSED] - setText: Text 'johoruo2@gmail.com' is set on object 'Object Repository/Final Object Repo/Login Page/Internal User/Email Address'

2018-11-16 11:36:18 - [MESSAGE][PASSED] - Text 'johoruo2@gmail.com' is set on object 'Object Repository/Final Object Repo/Login Page/Internal User/Email Address'

2018-11-16 11:36:18 - [TEST_STEP][PASSED] - click: Object: 'Object Repository/Final Object Repo/Login Page/Internal User/Next Button' is clicked on

2018-11-16 11:36:18 - [MESSAGE][PASSED] - Object: 'Object Repository/Final Object Repo/Login Page/Internal User/Next Button' is clicked on

2018-11-16 11:36:18 - [TEST_STEP][PASSED] - delay: Delayed 1 second(s)

2018-11-16 11:36:19 - [MESSAGE][PASSED] - Delayed 1 second(s)

2018-11-16 11:36:19 - [TEST_STEP][PASSED] - setEncryptedText: Text ****** has been set on object 'Object Repository/Final Object Repo/Login Page/Internal User/Password'

2018-11-16 11:36:19 - [MESSAGE][PASSED] - Text ****** has been set on object 'Object Repository/Final Object Repo/Login Page/Internal User/Password'

2018-11-16 11:36:19 - [TEST_STEP][PASSED] - click: Object: 'Object Repository/Final Object Repo/Login Page/Internal User/Login Button' is clicked on

2018-11-16 11:36:21 - [MESSAGE][PASSED] - Object: 'Object Repository/Final Object Repo/Login Page/Internal User/Login Button' is clicked on

2018-11-16 11:36:21 - [TEST_STEP][PASSED] - delay: Delayed 2 second(s)

2018-11-16 11:36:23 - [MESSAGE][PASSED] - Delayed 2 second(s)

2018-11-16 11:36:23 - [TEST_STEP][PASSED] - Statement - Try: Delayed 2 second(s)

2018-11-16 11:36:23 - [TEST_STEP][PASSED] - Statement - Checker = false: null

2018-11-16 11:36:23 - [TEST_STEP][PASSED] - Statement - Checker = com.kms.katalon.core.webui.keyword.WebUiBuiltInKeywords.verifyElementHasAttribute(com.kms.katalon.core.testobject.ObjectRepository.findTestObject(Final Object Repo/Landing Page/BM Detecting), "href", 20, OPTIONAL): Object 'Object Repository/Final Object Repo/Landing Page/BM Detecting' has attribute 'href'

2018-11-16 11:36:23 - [MESSAGE][PASSED] - Object 'Object Repository/Final Object Repo/Landing Page/BM Detecting' has attribute 'href'

2018-11-16 11:36:23 - [TEST_STEP][PASSED] - Statement - out.println(Checker): null

2018-11-16 11:36:23 - [TEST_STEP][PASSED] - Statement - If (Checker == false): null

2018-11-16 11:36:23 - [TEST_STEP][PASSED] - Statement - Else: null

2018-11-16 11:36:23 - [TEST_STEP][PASSED] - delay: Delayed 2 second(s)

2018-11-16 11:36:25 - [MESSAGE][PASSED] - Delayed 2 second(s)

2018-11-16 11:36:25 - [TEST_STEP][PASSED] - click: Object: 'Object Repository/Final Object Repo/Page_MyASSIST - ASSIST - Search Pending Case For Add Supporting Document/Search Information' is clicked on

2018-11-16 11:36:26 - [MESSAGE][PASSED] - Object: 'Object Repository/Final Object Repo/Page_MyASSIST - ASSIST - Search Pending Case For Add Supporting Document/Search Information' is clicked on

2018-11-16 11:36:26 - [TEST_STEP][PASSED] - delay: Delayed 3 second(s)

2018-11-16 11:36:29 - [MESSAGE][PASSED] - Delayed 3 second(s)

2018-11-16 11:36:29 - [TEST_STEP][PASSED] - sendKeys: Keys 'CUN112018C100005487' sent to object: 'Object Repository/Final Object Repo/Page_MyASSIST - ASSIST - Search Pending Case For Add Supporting Document/Reference No'

2018-11-16 11:36:29 - [MESSAGE][PASSED] - Keys 'CUN112018C100005487' sent to object: 'Object Repository/Final Object Repo/Page_MyASSIST - ASSIST - Search Pending Case For Add Supporting Document/Reference No'

2018-11-16 11:36:29 - [TEST_STEP][PASSED] - click: Object: 'Object Repository/Final Object Repo/Page_MyASSIST - ASSIST - Search Pending Case For Add Supporting Document/Search Reference No' is clicked on

2018-11-16 11:36:30 - [MESSAGE][PASSED] - Object: 'Object Repository/Final Object Repo/Page_MyASSIST - ASSIST - Search Pending Case For Add Supporting Document/Search Reference No' is clicked on

2018-11-16 11:36:30 - [TEST_STEP][PASSED] - delay: Delayed 2 second(s)

2018-11-16 11:36:32 - [MESSAGE][PASSED] - Delayed 2 second(s)

2018-11-16 11:36:32 - [TEST_STEP][PASSED] - click: Object: 'Object Repository/Final Object Repo/Page_MyASSIST - ASSIST - Search Pending Case For Add Supporting Document/Continue' is clicked on

2018-11-16 11:36:37 - [MESSAGE][PASSED] - Object: 'Object Repository/Final Object Repo/Page_MyASSIST - ASSIST - Search Pending Case For Add Supporting Document/Continue' is clicked on

2018-11-16 11:36:37 - [TEST_STEP][PASSED] - delay: Delayed 20 second(s)

2018-11-16 11:36:57 - [MESSAGE][PASSED] - Delayed 20 second(s)

2018-11-16 11:36:57 - [MESSAGE][PASSED] - Call Test Case 'Test Cases/Final Aug 2018 - PKS Automation/Registration Module/Workflow/Login and Search Case For Workflow' successfully

2018-11-16 11:36:57 - [TEST_STEP][PASSED] - delay: Delayed 10 second(s)

2018-11-16 11:37:07 - [MESSAGE][PASSED] - Delayed 10 second(s)

2018-11-16 11:37:07 - [TEST_STEP][PASSED] - click: Object: 'Object Repository/Final Object Repo/Page_Update Employer Information/Page_Update Employer Information UO (Approve)/Continue' is clicked on

2018-11-16 11:37:11 - [MESSAGE][PASSED] - Object: 'Object Repository/Final Object Repo/Page_Update Employer Information/Page_Update Employer Information UO (Approve)/Continue' is clicked on

2018-11-16 11:37:11 - [TEST_STEP][PASSED] - delay: Delayed 10 second(s)

2018-11-16 11:37:21 - [MESSAGE][PASSED] - Delayed 10 second(s)

2018-11-16 11:37:21 - [TEST_STEP][PASSED] - click: Object: 'Object Repository/Final Object Repo/Page_Update Employer Information/Page_Update Employer Information UO (Approve)/Save  Continue in Update Employer Information Page' is clicked on

2018-11-16 11:37:25 - [MESSAGE][PASSED] - Object: 'Object Repository/Final Object Repo/Page_Update Employer Information/Page_Update Employer Information UO (Approve)/Save  Continue in Update Employer Information Page' is clicked on

2018-11-16 11:37:25 - [TEST_STEP][PASSED] - delay: Delayed 3 second(s)

2018-11-16 11:37:28 - [MESSAGE][PASSED] - Delayed 3 second(s)

2018-11-16 11:37:28 - [TEST_STEP][PASSED] - click: Object: 'Object Repository/Final Object Repo/Page_Update Employer Information/Page_Update Employer Information UO (Approve)/Save  Continue in Uploading Supporting Document Page' is clicked on

2018-11-16 11:37:32 - [MESSAGE][PASSED] - Object: 'Object Repository/Final Object Repo/Page_Update Employer Information/Page_Update Employer Information UO (Approve)/Save  Continue in Uploading Supporting Document Page' is clicked on

2018-11-16 11:37:32 - [TEST_STEP][PASSED] - delay: Delayed 3 second(s)

2018-11-16 11:37:35 - [MESSAGE][PASSED] - Delayed 3 second(s)

2018-11-16 11:37:35 - [TEST_STEP][PASSED] - click: Object: 'Object Repository/Final Object Repo/Page_Update Employer Information/Page_Update Employer Information UO (Approve)/Approve' is clicked on

2018-11-16 11:37:35 - [MESSAGE][PASSED] - Object: 'Object Repository/Final Object Repo/Page_Update Employer Information/Page_Update Employer Information UO (Approve)/Approve' is clicked on

2018-11-16 11:37:35 - [TEST_STEP][PASSED] - delay: Delayed 2 second(s)

2018-11-16 11:37:37 - [MESSAGE][PASSED] - Delayed 2 second(s)

2018-11-16 11:37:37 - [TEST_STEP][PASSED] - click: Object: 'Object Repository/Final Object Repo/Page_Update Employer Information/Page_Update Employer Information UO (Approve)/Confirm' is clicked on

2018-11-16 11:37:43 - [MESSAGE][PASSED] - Object: 'Object Repository/Final Object Repo/Page_Update Employer Information/Page_Update Employer Information UO (Approve)/Confirm' is clicked on

2018-11-16 11:37:43 - [TEST_STEP][PASSED] - delay: Delayed 2 second(s)

2018-11-16 11:37:45 - [MESSAGE][PASSED] - Delayed 2 second(s)

2018-11-16 11:37:45 - [TEST_STEP][PASSED] - verifyElementVisible: Object 'Object Repository/Final Object Repo/Page_Update Employer Information/Page_Update Employer Information UO (Approve)/Message Your Request' is visible

2018-11-16 11:37:45 - [MESSAGE][PASSED] - Object 'Object Repository/Final Object Repo/Page_Update Employer Information/Page_Update Employer Information UO (Approve)/Message Your Request' is visible

2018-11-16 11:37:45 - [TEST_STEP][PASSED] - verifyElementVisible: Object 'Object Repository/Final Object Repo/Page_Update Employer Information/Page_Update Employer Information UO (Approve)/Letter of successful update' is visible

2018-11-16 11:37:45 - [MESSAGE][PASSED] - Object 'Object Repository/Final Object Repo/Page_Update Employer Information/Page_Update Employer Information UO (Approve)/Letter of successful update' is visible

2018-11-16 11:37:45 - [MESSAGE][PASSED] - Call Test Case 'Test Cases/Final Aug 2018 - PKS Automation/Registration Module/Workflow/Update Employer Information/Template/Update Employer Information - Special Case - UO (Approve)' successfully]]></system-out>
         <system-err><![CDATA[]]></system-err>
      </testcase>
      <testcase name="Test Cases/Final Aug 2018 - PKS Automation/Registration Module/Workflow/Update Employee Information (Employer)/OTC - UO (Query)" classname="Test Cases/Final Aug 2018 - PKS Automation/Registration Module/Workflow/Update Employee Information (Employer)/OTC - UO (Query)" status="ERROR">
         <error type="ERROR" message="Test Cases/Final Aug 2018 - PKS Automation/Registration Module/Workflow/Update Employee Information (Employer)/OTC - UO (Query) FAILED because (of) (Stack trace: java.lang.IllegalArgumentException: Cannot find test case with id 'Test Cases/Final Aug 2018 - PKS Automation/Registration/Search Pending Case For Add Supporting Document (OTC)'
	at com.kms.katalon.core.testcase.TestCaseFactory.findTestCase(TestCaseFactory.java:72)
	at com.kms.katalon.core.testcase.TestCaseFactory$findTestCase.callStatic(Unknown Source)
	at Script1537848281437.run(Script1537848281437.groovy:83)
	at com.kms.katalon.core.main.ScriptEngine.run(ScriptEngine.java:183)
	at com.kms.katalon.core.main.ScriptEngine.runScriptAsRawText(ScriptEngine.java:108)
	at com.kms.katalon.core.main.TestCaseExecutor.runScript(TestCaseExecutor.java:294)
	at com.kms.katalon.core.main.TestCaseExecutor.doExecute(TestCaseExecutor.java:285)
	at com.kms.katalon.core.main.TestCaseExecutor.processExecutionPhase(TestCaseExecutor.java:264)
	at com.kms.katalon.core.main.TestCaseExecutor.accessMainPhase(TestCaseExecutor.java:256)
	at com.kms.katalon.core.main.TestCaseExecutor.execute(TestCaseExecutor.java:200)
	at com.kms.katalon.core.main.TestCaseMain.runTestCase(TestCaseMain.java:99)
	at com.kms.katalon.core.keyword.builtin.CallTestCaseKeyword$_callTestCase_closure1.doCall(CallTestCaseKeyword.groovy:60)
	at com.kms.katalon.core.keyword.builtin.CallTestCaseKeyword$_callTestCase_closure1.call(CallTestCaseKeyword.groovy)
	at com.kms.katalon.core.keyword.internal.KeywordMain.runKeyword(KeywordMain.groovy:54)
	at com.kms.katalon.core.keyword.builtin.CallTestCaseKeyword.callTestCase(CallTestCaseKeyword.groovy:81)
	at com.kms.katalon.core.keyword.builtin.CallTestCaseKeyword.execute(CallTestCaseKeyword.groovy:45)
	at com.kms.katalon.core.keyword.internal.KeywordExecutor.executeKeywordForPlatform(KeywordExecutor.groovy:53)
	at com.kms.katalon.core.keyword.BuiltinKeywords.callTestCase(BuiltinKeywords.groovy:334)
	at sun.reflect.GeneratedMethodAccessor13.invoke(Unknown Source)
	at sun.reflect.DelegatingMethodAccessorImpl.invoke(DelegatingMethodAccessorImpl.java:43)
	at java.lang.reflect.Method.invoke(Method.java:498)
	at org.codehaus.groovy.reflection.CachedMethod.invoke(CachedMethod.java:93)
	at groovy.lang.MetaMethod.doMethodInvoke(MetaMethod.java:325)
	at groovy.lang.MetaClassImpl.invokeStaticMethod(MetaClassImpl.java:1469)
	at org.codehaus.groovy.runtime.callsite.StaticMetaClassSite.call(StaticMetaClassSite.java:53)
	at org.codehaus.groovy.runtime.callsite.CallSiteArray.defaultCall(CallSiteArray.java:48)
	at org.codehaus.groovy.runtime.callsite.AbstractCallSite.call(AbstractCallSite.java:113)
	at org.codehaus.groovy.runtime.callsite.AbstractCallSite.call(AbstractCallSite.java:141)
	at Script1536724596750.run(Script1536724596750.groovy:25)
	at com.kms.katalon.core.main.ScriptEngine.run(ScriptEngine.java:183)
	at com.kms.katalon.core.main.ScriptEngine.runScriptAsRawText(ScriptEngine.java:108)
	at com.kms.katalon.core.main.TestCaseExecutor.runScript(TestCaseExecutor.java:294)
	at com.kms.katalon.core.main.TestCaseExecutor.doExecute(TestCaseExecutor.java:285)
	at com.kms.katalon.core.main.TestCaseExecutor.processExecutionPhase(TestCaseExecutor.java:264)
	at com.kms.katalon.core.main.TestCaseExecutor.accessMainPhase(TestCaseExecutor.java:256)
	at com.kms.katalon.core.main.TestCaseExecutor.execute(TestCaseExecutor.java:200)
	at com.kms.katalon.core.main.TestSuiteExecutor.accessTestCaseMainPhase(TestSuiteExecutor.java:129)
	at com.kms.katalon.core.main.TestSuiteExecutor.accessTestSuiteMainPhase(TestSuiteExecutor.java:112)
	at com.kms.katalon.core.main.TestSuiteExecutor.execute(TestSuiteExecutor.java:81)
	at com.kms.katalon.core.main.TestCaseMain.startTestSuite(TestCaseMain.java:142)
	at com.kms.katalon.core.main.TestCaseMain$startTestSuite$0.call(Unknown Source)
	at org.codehaus.groovy.runtime.callsite.CallSiteArray.defaultCall(CallSiteArray.java:48)
	at org.codehaus.groovy.runtime.callsite.AbstractCallSite.call(AbstractCallSite.java:113)
	at org.codehaus.groovy.runtime.callsite.AbstractCallSite.call(AbstractCallSite.java:141)
	at TempTestSuite1542336603806.run(TempTestSuite1542336603806.groovy:36)
	at groovy.lang.GroovyShell.runScriptOrMainOrTestOrRunnable(GroovyShell.java:263)
	at groovy.lang.GroovyShell.run(GroovyShell.java:518)
	at groovy.lang.GroovyShell.run(GroovyShell.java:507)
	at groovy.ui.GroovyMain.processOnce(GroovyMain.java:653)
	at groovy.ui.GroovyMain.run(GroovyMain.java:384)
	at groovy.ui.GroovyMain.process(GroovyMain.java:370)
	at groovy.ui.GroovyMain.processArgs(GroovyMain.java:129)
	at groovy.ui.GroovyMain.main(GroovyMain.java:109)
	at sun.reflect.NativeMethodAccessorImpl.invoke0(Native Method)
	at sun.reflect.NativeMethodAccessorImpl.invoke(NativeMethodAccessorImpl.java:62)
	at sun.reflect.DelegatingMethodAccessorImpl.invoke(DelegatingMethodAccessorImpl.java:43)
	at java.lang.reflect.Method.invoke(Method.java:498)
	at org.codehaus.groovy.tools.GroovyStarter.rootLoader(GroovyStarter.java:109)
	at org.codehaus.groovy.tools.GroovyStarter.main(GroovyStarter.java:131)
)"/>
         <system-out><![CDATA[2018-11-16 11:37:45 - [TEST_CASE][ERROR] - Test Cases/Final Aug 2018 - PKS Automation/Registration Module/Workflow/Update Employee Information (Employer)/OTC - UO (Query): Test Cases/Final Aug 2018 - PKS Automation/Registration Module/Workflow/Update Employee Information (Employer)/OTC - UO (Query) FAILED because (of) (Stack trace: java.lang.IllegalArgumentException: Cannot find test case with id 'Test Cases/Final Aug 2018 - PKS Automation/Registration/Search Pending Case For Add Supporting Document (OTC)'
	at com.kms.katalon.core.testcase.TestCaseFactory.findTestCase(TestCaseFactory.java:72)
	at com.kms.katalon.core.testcase.TestCaseFactory$findTestCase.callStatic(Unknown Source)
	at Script1537848281437.run(Script1537848281437.groovy:83)
	at com.kms.katalon.core.main.ScriptEngine.run(ScriptEngine.java:183)
	at com.kms.katalon.core.main.ScriptEngine.runScriptAsRawText(ScriptEngine.java:108)
	at com.kms.katalon.core.main.TestCaseExecutor.runScript(TestCaseExecutor.java:294)
	at com.kms.katalon.core.main.TestCaseExecutor.doExecute(TestCaseExecutor.java:285)
	at com.kms.katalon.core.main.TestCaseExecutor.processExecutionPhase(TestCaseExecutor.java:264)
	at com.kms.katalon.core.main.TestCaseExecutor.accessMainPhase(TestCaseExecutor.java:256)
	at com.kms.katalon.core.main.TestCaseExecutor.execute(TestCaseExecutor.java:200)
	at com.kms.katalon.core.main.TestCaseMain.runTestCase(TestCaseMain.java:99)
	at com.kms.katalon.core.keyword.builtin.CallTestCaseKeyword$_callTestCase_closure1.doCall(CallTestCaseKeyword.groovy:60)
	at com.kms.katalon.core.keyword.builtin.CallTestCaseKeyword$_callTestCase_closure1.call(CallTestCaseKeyword.groovy)
	at com.kms.katalon.core.keyword.internal.KeywordMain.runKeyword(KeywordMain.groovy:54)
	at com.kms.katalon.core.keyword.builtin.CallTestCaseKeyword.callTestCase(CallTestCaseKeyword.groovy:81)
	at com.kms.katalon.core.keyword.builtin.CallTestCaseKeyword.execute(CallTestCaseKeyword.groovy:45)
	at com.kms.katalon.core.keyword.internal.KeywordExecutor.executeKeywordForPlatform(KeywordExecutor.groovy:53)
	at com.kms.katalon.core.keyword.BuiltinKeywords.callTestCase(BuiltinKeywords.groovy:334)
	at sun.reflect.GeneratedMethodAccessor13.invoke(Unknown Source)
	at sun.reflect.DelegatingMethodAccessorImpl.invoke(DelegatingMethodAccessorImpl.java:43)
	at java.lang.reflect.Method.invoke(Method.java:498)
	at org.codehaus.groovy.reflection.CachedMethod.invoke(CachedMethod.java:93)
	at groovy.lang.MetaMethod.doMethodInvoke(MetaMethod.java:325)
	at groovy.lang.MetaClassImpl.invokeStaticMethod(MetaClassImpl.java:1469)
	at org.codehaus.groovy.runtime.callsite.StaticMetaClassSite.call(StaticMetaClassSite.java:53)
	at org.codehaus.groovy.runtime.callsite.CallSiteArray.defaultCall(CallSiteArray.java:48)
	at org.codehaus.groovy.runtime.callsite.AbstractCallSite.call(AbstractCallSite.java:113)
	at org.codehaus.groovy.runtime.callsite.AbstractCallSite.call(AbstractCallSite.java:141)
	at Script1536724596750.run(Script1536724596750.groovy:25)
	at com.kms.katalon.core.main.ScriptEngine.run(ScriptEngine.java:183)
	at com.kms.katalon.core.main.ScriptEngine.runScriptAsRawText(ScriptEngine.java:108)
	at com.kms.katalon.core.main.TestCaseExecutor.runScript(TestCaseExecutor.java:294)
	at com.kms.katalon.core.main.TestCaseExecutor.doExecute(TestCaseExecutor.java:285)
	at com.kms.katalon.core.main.TestCaseExecutor.processExecutionPhase(TestCaseExecutor.java:264)
	at com.kms.katalon.core.main.TestCaseExecutor.accessMainPhase(TestCaseExecutor.java:256)
	at com.kms.katalon.core.main.TestCaseExecutor.execute(TestCaseExecutor.java:200)
	at com.kms.katalon.core.main.TestSuiteExecutor.accessTestCaseMainPhase(TestSuiteExecutor.java:129)
	at com.kms.katalon.core.main.TestSuiteExecutor.accessTestSuiteMainPhase(TestSuiteExecutor.java:112)
	at com.kms.katalon.core.main.TestSuiteExecutor.execute(TestSuiteExecutor.java:81)
	at com.kms.katalon.core.main.TestCaseMain.startTestSuite(TestCaseMain.java:142)
	at com.kms.katalon.core.main.TestCaseMain$startTestSuite$0.call(Unknown Source)
	at org.codehaus.groovy.runtime.callsite.CallSiteArray.defaultCall(CallSiteArray.java:48)
	at org.codehaus.groovy.runtime.callsite.AbstractCallSite.call(AbstractCallSite.java:113)
	at org.codehaus.groovy.runtime.callsite.AbstractCallSite.call(AbstractCallSite.java:141)
	at TempTestSuite1542336603806.run(TempTestSuite1542336603806.groovy:36)
	at groovy.lang.GroovyShell.runScriptOrMainOrTestOrRunnable(GroovyShell.java:263)
	at groovy.lang.GroovyShell.run(GroovyShell.java:518)
	at groovy.lang.GroovyShell.run(GroovyShell.java:507)
	at groovy.ui.GroovyMain.processOnce(GroovyMain.java:653)
	at groovy.ui.GroovyMain.run(GroovyMain.java:384)
	at groovy.ui.GroovyMain.process(GroovyMain.java:370)
	at groovy.ui.GroovyMain.processArgs(GroovyMain.java:129)
	at groovy.ui.GroovyMain.main(GroovyMain.java:109)
	at sun.reflect.NativeMethodAccessorImpl.invoke0(Native Method)
	at sun.reflect.NativeMethodAccessorImpl.invoke(NativeMethodAccessorImpl.java:62)
	at sun.reflect.DelegatingMethodAccessorImpl.invoke(DelegatingMethodAccessorImpl.java:43)
	at java.lang.reflect.Method.invoke(Method.java:498)
	at org.codehaus.groovy.tools.GroovyStarter.rootLoader(GroovyStarter.java:109)
	at org.codehaus.groovy.tools.GroovyStarter.main(GroovyStarter.java:131)
)

2018-11-16 11:37:45 - [TEST_STEP][PASSED] - callTestCase: Call Test Case 'Test Cases/Final Aug 2018 - PKS Automation/Registration Module/Workflow/Update Employee Information (Employer)/Template/Update Employer Information - Special Case (OTC)' successfully

2018-11-16 11:37:45 - [TEST_CASE][PASSED] - Test Cases/Final Aug 2018 - PKS Automation/Registration Module/Workflow/Update Employee Information (Employer)/Template/Update Employer Information - Special Case (OTC): Test Cases/Final Aug 2018 - PKS Automation/Registration Module/Workflow/Update Employee Information (Employer)/Template/Update Employer Information - Special Case (OTC)

2018-11-16 11:37:45 - [TEST_STEP][PASSED] - openBrowser: Browser is opened with url: ''

2018-11-16 11:37:45 - [MESSAGE][WARNING] - A browser is already opened. Closing browser and opening a new one

2018-11-16 11:37:50 - [MESSAGE][PASSED] - Browser is opened with url: ''

2018-11-16 11:37:50 - [TEST_STEP][PASSED] - navigateToUrl: Navigate to 'https://assist2-uat.perkeso.gov.my/login' successfully

2018-11-16 11:37:52 - [MESSAGE][PASSED] - Navigate to 'https://assist2-uat.perkeso.gov.my/login' successfully

2018-11-16 11:37:52 - [TEST_STEP][PASSED] - setText: Text 'johorotc1@gmail.com' is set on object 'Object Repository/Final Object Repo/Login Page/Internal User/Email Address'

2018-11-16 11:37:52 - [MESSAGE][PASSED] - Text 'johorotc1@gmail.com' is set on object 'Object Repository/Final Object Repo/Login Page/Internal User/Email Address'

2018-11-16 11:37:52 - [TEST_STEP][PASSED] - click: Object: 'Object Repository/Final Object Repo/Login Page/Internal User/Next Button' is clicked on

2018-11-16 11:37:52 - [MESSAGE][PASSED] - Object: 'Object Repository/Final Object Repo/Login Page/Internal User/Next Button' is clicked on

2018-11-16 11:37:52 - [TEST_STEP][PASSED] - delay: Delayed 1 second(s)

2018-11-16 11:37:53 - [MESSAGE][PASSED] - Delayed 1 second(s)

2018-11-16 11:37:53 - [TEST_STEP][PASSED] - setEncryptedText: Text ****** has been set on object 'Object Repository/Final Object Repo/Login Page/Internal User/Password'

2018-11-16 11:37:53 - [MESSAGE][PASSED] - Text ****** has been set on object 'Object Repository/Final Object Repo/Login Page/Internal User/Password'

2018-11-16 11:37:53 - [TEST_STEP][PASSED] - click: Object: 'Object Repository/Final Object Repo/Login Page/Internal User/Login Button' is clicked on

2018-11-16 11:37:58 - [MESSAGE][PASSED] - Object: 'Object Repository/Final Object Repo/Login Page/Internal User/Login Button' is clicked on

2018-11-16 11:37:58 - [TEST_STEP][PASSED] - Statement - Try: Delayed 2 second(s)

2018-11-16 11:37:58 - [TEST_STEP][PASSED] - Statement - Checker = false: null

2018-11-16 11:37:58 - [TEST_STEP][PASSED] - Statement - Checker = com.kms.katalon.core.webui.keyword.WebUiBuiltInKeywords.verifyElementHasAttribute(com.kms.katalon.core.testobject.ObjectRepository.findTestObject(Final Object Repo/Landing Page/BM Detecting), "href", 20, OPTIONAL): Object 'Object Repository/Final Object Repo/Landing Page/BM Detecting' has attribute 'href'

2018-11-16 11:37:58 - [MESSAGE][PASSED] - Object 'Object Repository/Final Object Repo/Landing Page/BM Detecting' has attribute 'href'

2018-11-16 11:37:58 - [TEST_STEP][PASSED] - Statement - out.println(Checker): null

2018-11-16 11:37:58 - [TEST_STEP][PASSED] - Statement - If (Checker == false): null

2018-11-16 11:37:58 - [TEST_STEP][PASSED] - Statement - Else: null

2018-11-16 11:37:58 - [TEST_STEP][PASSED] - delay: Delayed 2 second(s)

2018-11-16 11:38:00 - [MESSAGE][PASSED] - Delayed 2 second(s)

2018-11-16 11:38:00 - [TEST_STEP][PASSED] - delay: Delayed 1 second(s)

2018-11-16 11:38:01 - [MESSAGE][PASSED] - Delayed 1 second(s)

2018-11-16 11:38:01 - [TEST_STEP][PASSED] - navigateToUrl: Navigate to 'https://assist2-uat.perkeso.gov.my/web/registration/update/update-employee-information-employer-' successfully

2018-11-16 11:38:03 - [MESSAGE][PASSED] - Navigate to 'https://assist2-uat.perkeso.gov.my/web/registration/update/update-employee-information-employer-' successfully

2018-11-16 11:38:03 - [TEST_STEP][PASSED] - setText: Text 'E1102001065V' is set on object 'Object Repository/Final Object Repo/Page_Update Employee Information By Employer/Employer Code'

2018-11-16 11:38:03 - [MESSAGE][PASSED] - Text 'E1102001065V' is set on object 'Object Repository/Final Object Repo/Page_Update Employee Information By Employer/Employer Code'

2018-11-16 11:38:03 - [TEST_STEP][PASSED] - click: Object: 'Object Repository/Final Object Repo/Page_Update Employee Information By Employer/Search Employer Code' is clicked on

2018-11-16 11:38:04 - [MESSAGE][PASSED] - Object: 'Object Repository/Final Object Repo/Page_Update Employee Information By Employer/Search Employer Code' is clicked on

2018-11-16 11:38:04 - [TEST_STEP][PASSED] - click: Object: 'Object Repository/Final Object Repo/Page_Update Employee Information By Employer/Edit Button' is clicked on

2018-11-16 11:38:07 - [MESSAGE][PASSED] - Object: 'Object Repository/Final Object Repo/Page_Update Employee Information By Employer/Edit Button' is clicked on

2018-11-16 11:38:07 - [TEST_STEP][PASSED] - click: Object: 'Object Repository/Final Object Repo/Page_Update Employee Information By Employer/Employee Name or New Identification' is clicked on

2018-11-16 11:38:07 - [MESSAGE][PASSED] - Object: 'Object Repository/Final Object Repo/Page_Update Employee Information By Employer/Employee Name or New Identification' is clicked on

2018-11-16 11:38:07 - [TEST_STEP][PASSED] - delay: Delayed 1 second(s)

2018-11-16 11:38:08 - [MESSAGE][PASSED] - Delayed 1 second(s)

2018-11-16 11:38:08 - [TEST_STEP][PASSED] - click: Object: 'Object Repository/Final Object Repo/Page_Update Employee Information By Employer/Selection - Employee Name' is clicked on

2018-11-16 11:38:09 - [MESSAGE][PASSED] - Object: 'Object Repository/Final Object Repo/Page_Update Employee Information By Employer/Selection - Employee Name' is clicked on

2018-11-16 11:38:09 - [TEST_STEP][PASSED] - delay: Delayed 1 second(s)

2018-11-16 11:38:10 - [MESSAGE][PASSED] - Delayed 1 second(s)

2018-11-16 11:38:10 - [TEST_STEP][PASSED] - setText: Text 'PERKESO' is set on object 'Object Repository/Final Object Repo/Page_Update Employee Information By Employer/Employee Name'

2018-11-16 11:38:10 - [MESSAGE][PASSED] - Text 'PERKESO' is set on object 'Object Repository/Final Object Repo/Page_Update Employee Information By Employer/Employee Name'

2018-11-16 11:38:10 - [TEST_STEP][PASSED] - delay: Delayed 2 second(s)

2018-11-16 11:38:12 - [MESSAGE][PASSED] - Delayed 2 second(s)

2018-11-16 11:38:12 - [TEST_STEP][PASSED] - click: Object: 'Object Repository/Final Object Repo/Page_Update Employee Information By Employer/Search Employee' is clicked on

2018-11-16 11:38:13 - [MESSAGE][PASSED] - Object: 'Object Repository/Final Object Repo/Page_Update Employee Information By Employer/Search Employee' is clicked on

2018-11-16 11:38:13 - [TEST_STEP][PASSED] - delay: Delayed 3 second(s)

2018-11-16 11:38:16 - [MESSAGE][PASSED] - Delayed 3 second(s)

2018-11-16 11:38:16 - [TEST_STEP][PASSED] - click: Object: 'Object Repository/Final Object Repo/Page_Update Employee Information By Employer/Employee Edit Button' is clicked on

2018-11-16 11:38:16 - [MESSAGE][PASSED] - Object: 'Object Repository/Final Object Repo/Page_Update Employee Information By Employer/Employee Edit Button' is clicked on

2018-11-16 11:38:16 - [TEST_STEP][PASSED] - delay: Delayed 3 second(s)

2018-11-16 11:38:19 - [MESSAGE][PASSED] - Delayed 3 second(s)

2018-11-16 11:38:19 - [TEST_STEP][PASSED] - setText: Text '' is set on object 'Object Repository/Final Object Repo/Page_Update Employee Information By Employer/Identification Number'

2018-11-16 11:38:19 - [MESSAGE][PASSED] - Text '' is set on object 'Object Repository/Final Object Repo/Page_Update Employee Information By Employer/Identification Number'

2018-11-16 11:38:19 - [TEST_STEP][PASSED] - Statement - rnd = new java.util.Random(): null

2018-11-16 11:38:19 - [TEST_STEP][PASSED] - Statement - snum = rnd.nextInt(899999 + 1) + 100000: null

2018-11-16 11:38:19 - [TEST_STEP][PASSED] - Statement - tnum = rnd.nextInt(899999 + 1) + 100000: null

2018-11-16 11:38:19 - [TEST_STEP][PASSED] - Statement - IC = java.lang.Integer.toString(snum) + java.lang.Integer.toString(tnum): null

2018-11-16 11:38:19 - [TEST_STEP][PASSED] - Statement - out.println(IC): null

2018-11-16 11:38:19 - [TEST_STEP][PASSED] - setText: Text '123869637891' is set on object 'Object Repository/Final Object Repo/Page_Update Employee Information By Employer/Identification Number'

2018-11-16 11:38:19 - [MESSAGE][PASSED] - Text '123869637891' is set on object 'Object Repository/Final Object Repo/Page_Update Employee Information By Employer/Identification Number'

2018-11-16 11:38:19 - [TEST_STEP][PASSED] - click: Object: 'Object Repository/Final Object Repo/Page_Update Employee Information By Employer/Save' is clicked on

2018-11-16 11:38:23 - [MESSAGE][PASSED] - Object: 'Object Repository/Final Object Repo/Page_Update Employee Information By Employer/Save' is clicked on

2018-11-16 11:38:23 - [TEST_STEP][PASSED] - delay: Delayed 5 second(s)

2018-11-16 11:38:28 - [MESSAGE][PASSED] - Delayed 5 second(s)

2018-11-16 11:38:28 - [TEST_STEP][PASSED] - Statement - CaseReferenceNo = com.kms.katalon.core.webui.keyword.WebUiBuiltInKeywords.getText(com.kms.katalon.core.testobject.ObjectRepository.findTestObject(Final Object Repo/Reference Number/Reference Number in Update Employee Information Page)): Text of object 'Object Repository/Final Object Repo/Reference Number/Reference Number in Update Employee Information Page' is: 'CUN112018C100005488'

2018-11-16 11:38:28 - [MESSAGE][PASSED] - Text of object 'Object Repository/Final Object Repo/Reference Number/Reference Number in Update Employee Information Page' is: 'CUN112018C100005488'

2018-11-16 11:38:28 - [TEST_STEP][PASSED] - callTestCase: Call Test Case 'Test Cases/Final Aug 2018 - PKS Automation/Common/Reference Number Setter' successfully

2018-11-16 11:38:28 - [TEST_CASE][PASSED] - Test Cases/Final Aug 2018 - PKS Automation/Common/Reference Number Setter: Test Cases/Final Aug 2018 - PKS Automation/Common/Reference Number Setter

2018-11-16 11:38:28 - [TEST_STEP][PASSED] - Statement - RefNoOldFile = new java.io.File(C://KatalonReference.txt): null

2018-11-16 11:38:28 - [TEST_STEP][PASSED] - Statement - RefNoOldFile.delete(): null

2018-11-16 11:38:28 - [TEST_STEP][PASSED] - delay: Delayed 5 second(s)

2018-11-16 11:38:33 - [MESSAGE][PASSED] - Delayed 5 second(s)

2018-11-16 11:38:33 - [TEST_STEP][PASSED] - Statement - RefNo = new java.io.File(C://KatalonReference.txt): null

2018-11-16 11:38:33 - [TEST_STEP][PASSED] - Statement - f2 = new java.io.FileWriter(RefNo, false): null

2018-11-16 11:38:33 - [TEST_STEP][PASSED] - Statement - f2.write(CaseReferenceNo): null

2018-11-16 11:38:33 - [TEST_STEP][PASSED] - Statement - f2.close(): null

2018-11-16 11:38:33 - [TEST_STEP][PASSED] - Statement - out.println("


" + CaseReferenceNo + "


"): null

2018-11-16 11:38:33 - [MESSAGE][PASSED] - Call Test Case 'Test Cases/Final Aug 2018 - PKS Automation/Common/Reference Number Setter' successfully

2018-11-16 11:38:33 - [TEST_STEP][PASSED] - delay: Delayed 5 second(s)

2018-11-16 11:38:38 - [MESSAGE][PASSED] - Delayed 5 second(s)

2018-11-16 11:38:38 - [TEST_STEP][PASSED] - click: Object: 'Object Repository/Final Object Repo/Page_Update Employee Information By Employer/Save  Continue in  Employee Information Page' is clicked on

2018-11-16 11:38:42 - [MESSAGE][PASSED] - Object: 'Object Repository/Final Object Repo/Page_Update Employee Information By Employer/Save  Continue in  Employee Information Page' is clicked on

2018-11-16 11:38:42 - [TEST_STEP][PASSED] - delay: Delayed 5 second(s)

2018-11-16 11:38:47 - [MESSAGE][PASSED] - Delayed 5 second(s)

2018-11-16 11:38:47 - [TEST_STEP][PASSED] - click: Object: 'Object Repository/Final Object Repo/Page_Update Employee Information By Employer/Save  Continue in Uploading Page 1' is clicked on

2018-11-16 11:38:52 - [MESSAGE][PASSED] - Object: 'Object Repository/Final Object Repo/Page_Update Employee Information By Employer/Save  Continue in Uploading Page 1' is clicked on

2018-11-16 11:38:52 - [TEST_STEP][PASSED] - delay: Delayed 5 second(s)

2018-11-16 11:38:57 - [MESSAGE][PASSED] - Delayed 5 second(s)

2018-11-16 11:38:57 - [TEST_STEP][PASSED] - click: Object: 'Object Repository/Final Object Repo/Page_Update Employee Information By Employer/Submit' is clicked on

2018-11-16 11:38:57 - [MESSAGE][PASSED] - Object: 'Object Repository/Final Object Repo/Page_Update Employee Information By Employer/Submit' is clicked on

2018-11-16 11:38:57 - [TEST_STEP][PASSED] - delay: Delayed 5 second(s)

2018-11-16 11:39:02 - [MESSAGE][PASSED] - Delayed 5 second(s)

2018-11-16 11:39:02 - [TEST_STEP][PASSED] - click: Object: 'Object Repository/Final Object Repo/Page_Update Employee Information By Employer/Confirm' is clicked on

2018-11-16 11:39:06 - [MESSAGE][PASSED] - Object: 'Object Repository/Final Object Repo/Page_Update Employee Information By Employer/Confirm' is clicked on

2018-11-16 11:39:06 - [TEST_STEP][PASSED] - delay: Delayed 5 second(s)

2018-11-16 11:39:11 - [MESSAGE][PASSED] - Delayed 5 second(s)

2018-11-16 11:39:11 - [TEST_STEP][PASSED] - verifyElementVisible: Object 'Object Repository/Final Object Repo/Page_Update Employee Information By Employer/Successfull Message Routed to UO' is visible

2018-11-16 11:39:11 - [MESSAGE][PASSED] - Object 'Object Repository/Final Object Repo/Page_Update Employee Information By Employer/Successfull Message Routed to UO' is visible

2018-11-16 11:39:11 - [MESSAGE][PASSED] - Call Test Case 'Test Cases/Final Aug 2018 - PKS Automation/Registration Module/Workflow/Update Employee Information (Employer)/Template/Update Employer Information - Special Case (OTC)' successfully

2018-11-16 11:39:11 - [TEST_STEP][FAILED] - callTestCase: Unable to call Test Case with id 'Test Cases/Final Aug 2018 - PKS Automation/Registration Module/Workflow/Update Employee Information (Employer)/Template/Update Employee Information - Special Case - UO(Query)' (Root cause: Call Test Case 'Test Cases/Final Aug 2018 - PKS Automation/Registration Module/Workflow/Update Employee Information (Employer)/Template/Update Employee Information - Special Case - UO(Query)' failed because of error(s))

2018-11-16 11:39:11 - [TEST_CASE][ERROR] - Test Cases/Final Aug 2018 - PKS Automation/Registration Module/Workflow/Update Employee Information (Employer)/Template/Update Employee Information - Special Case - UO(Query): Test Cases/Final Aug 2018 - PKS Automation/Registration Module/Workflow/Update Employee Information (Employer)/Template/Update Employee Information - Special Case - UO(Query) FAILED because (of) (Stack trace: java.lang.IllegalArgumentException: Cannot find test case with id 'Test Cases/Final Aug 2018 - PKS Automation/Registration/Search Pending Case For Add Supporting Document (OTC)'
	at com.kms.katalon.core.testcase.TestCaseFactory.findTestCase(TestCaseFactory.java:72)
	at com.kms.katalon.core.testcase.TestCaseFactory$findTestCase.callStatic(Unknown Source)
	at Script1537848281437.run(Script1537848281437.groovy:83)
	at com.kms.katalon.core.main.ScriptEngine.run(ScriptEngine.java:183)
	at com.kms.katalon.core.main.ScriptEngine.runScriptAsRawText(ScriptEngine.java:108)
	at com.kms.katalon.core.main.TestCaseExecutor.runScript(TestCaseExecutor.java:294)
	at com.kms.katalon.core.main.TestCaseExecutor.doExecute(TestCaseExecutor.java:285)
	at com.kms.katalon.core.main.TestCaseExecutor.processExecutionPhase(TestCaseExecutor.java:264)
	at com.kms.katalon.core.main.TestCaseExecutor.accessMainPhase(TestCaseExecutor.java:256)
	at com.kms.katalon.core.main.TestCaseExecutor.execute(TestCaseExecutor.java:200)
	at com.kms.katalon.core.main.TestCaseMain.runTestCase(TestCaseMain.java:99)
	at com.kms.katalon.core.keyword.builtin.CallTestCaseKeyword$_callTestCase_closure1.doCall(CallTestCaseKeyword.groovy:60)
	at com.kms.katalon.core.keyword.builtin.CallTestCaseKeyword$_callTestCase_closure1.call(CallTestCaseKeyword.groovy)
	at com.kms.katalon.core.keyword.internal.KeywordMain.runKeyword(KeywordMain.groovy:54)
	at com.kms.katalon.core.keyword.builtin.CallTestCaseKeyword.callTestCase(CallTestCaseKeyword.groovy:81)
	at com.kms.katalon.core.keyword.builtin.CallTestCaseKeyword.execute(CallTestCaseKeyword.groovy:45)
	at com.kms.katalon.core.keyword.internal.KeywordExecutor.executeKeywordForPlatform(KeywordExecutor.groovy:53)
	at com.kms.katalon.core.keyword.BuiltinKeywords.callTestCase(BuiltinKeywords.groovy:334)
	at sun.reflect.GeneratedMethodAccessor13.invoke(Unknown Source)
	at sun.reflect.DelegatingMethodAccessorImpl.invoke(DelegatingMethodAccessorImpl.java:43)
	at java.lang.reflect.Method.invoke(Method.java:498)
	at org.codehaus.groovy.reflection.CachedMethod.invoke(CachedMethod.java:93)
	at groovy.lang.MetaMethod.doMethodInvoke(MetaMethod.java:325)
	at groovy.lang.MetaClassImpl.invokeStaticMethod(MetaClassImpl.java:1469)
	at org.codehaus.groovy.runtime.callsite.StaticMetaClassSite.call(StaticMetaClassSite.java:53)
	at org.codehaus.groovy.runtime.callsite.CallSiteArray.defaultCall(CallSiteArray.java:48)
	at org.codehaus.groovy.runtime.callsite.AbstractCallSite.call(AbstractCallSite.java:113)
	at org.codehaus.groovy.runtime.callsite.AbstractCallSite.call(AbstractCallSite.java:141)
	at Script1536724596750.run(Script1536724596750.groovy:25)
	at com.kms.katalon.core.main.ScriptEngine.run(ScriptEngine.java:183)
	at com.kms.katalon.core.main.ScriptEngine.runScriptAsRawText(ScriptEngine.java:108)
	at com.kms.katalon.core.main.TestCaseExecutor.runScript(TestCaseExecutor.java:294)
	at com.kms.katalon.core.main.TestCaseExecutor.doExecute(TestCaseExecutor.java:285)
	at com.kms.katalon.core.main.TestCaseExecutor.processExecutionPhase(TestCaseExecutor.java:264)
	at com.kms.katalon.core.main.TestCaseExecutor.accessMainPhase(TestCaseExecutor.java:256)
	at com.kms.katalon.core.main.TestCaseExecutor.execute(TestCaseExecutor.java:200)
	at com.kms.katalon.core.main.TestSuiteExecutor.accessTestCaseMainPhase(TestSuiteExecutor.java:129)
	at com.kms.katalon.core.main.TestSuiteExecutor.accessTestSuiteMainPhase(TestSuiteExecutor.java:112)
	at com.kms.katalon.core.main.TestSuiteExecutor.execute(TestSuiteExecutor.java:81)
	at com.kms.katalon.core.main.TestCaseMain.startTestSuite(TestCaseMain.java:142)
	at com.kms.katalon.core.main.TestCaseMain$startTestSuite$0.call(Unknown Source)
	at org.codehaus.groovy.runtime.callsite.CallSiteArray.defaultCall(CallSiteArray.java:48)
	at org.codehaus.groovy.runtime.callsite.AbstractCallSite.call(AbstractCallSite.java:113)
	at org.codehaus.groovy.runtime.callsite.AbstractCallSite.call(AbstractCallSite.java:141)
	at TempTestSuite1542336603806.run(TempTestSuite1542336603806.groovy:36)
	at groovy.lang.GroovyShell.runScriptOrMainOrTestOrRunnable(GroovyShell.java:263)
	at groovy.lang.GroovyShell.run(GroovyShell.java:518)
	at groovy.lang.GroovyShell.run(GroovyShell.java:507)
	at groovy.ui.GroovyMain.processOnce(GroovyMain.java:653)
	at groovy.ui.GroovyMain.run(GroovyMain.java:384)
	at groovy.ui.GroovyMain.process(GroovyMain.java:370)
	at groovy.ui.GroovyMain.processArgs(GroovyMain.java:129)
	at groovy.ui.GroovyMain.main(GroovyMain.java:109)
	at sun.reflect.NativeMethodAccessorImpl.invoke0(Native Method)
	at sun.reflect.NativeMethodAccessorImpl.invoke(NativeMethodAccessorImpl.java:62)
	at sun.reflect.DelegatingMethodAccessorImpl.invoke(DelegatingMethodAccessorImpl.java:43)
	at java.lang.reflect.Method.invoke(Method.java:498)
	at org.codehaus.groovy.tools.GroovyStarter.rootLoader(GroovyStarter.java:109)
	at org.codehaus.groovy.tools.GroovyStarter.main(GroovyStarter.java:131)
)

2018-11-16 11:39:11 - [TEST_STEP][NOT_RUN] - callTestCase: NOT_RUN: callTestCase

2018-11-16 11:39:11 - [MESSAGE][NOT_RUN] - NOT_RUN: callTestCase

2018-11-16 11:39:11 - [TEST_STEP][PASSED] - delay: Delayed 2 second(s)

2018-11-16 11:39:13 - [MESSAGE][PASSED] - Delayed 2 second(s)

2018-11-16 11:39:13 - [TEST_STEP][PASSED] - navigateToUrl: Navigate to 'https://assist2-uat.perkeso.gov.my/c/portal/logout' successfully

2018-11-16 11:39:14 - [MESSAGE][PASSED] - Navigate to 'https://assist2-uat.perkeso.gov.my/c/portal/logout' successfully

2018-11-16 11:39:14 - [TEST_STEP][PASSED] - delay: Delayed 2 second(s)

2018-11-16 11:39:16 - [MESSAGE][PASSED] - Delayed 2 second(s)

2018-11-16 11:39:16 - [TEST_STEP][PASSED] - callTestCase: Call Test Case 'Test Cases/Final Aug 2018 - PKS Automation/Common/Reference Number Getter' successfully

2018-11-16 11:39:16 - [TEST_CASE][PASSED] - Test Cases/Final Aug 2018 - PKS Automation/Common/Reference Number Getter: Test Cases/Final Aug 2018 - PKS Automation/Common/Reference Number Getter

2018-11-16 11:39:16 - [TEST_STEP][PASSED] - Statement - Try: null

2018-11-16 11:39:16 - [TEST_STEP][PASSED] - Statement - RefNo = new java.io.File(C://KatalonReference.txt): null

2018-11-16 11:39:16 - [TEST_STEP][PASSED] - Statement - bufferread = new java.io.BufferedReader(new java.io.FileReader(RefNo)): null

2018-11-16 11:39:16 - [TEST_STEP][PASSED] - Statement - readedVal = bufferread.readLine(): null

2018-11-16 11:39:16 - [TEST_STEP][PASSED] - Statement - out.println(CaseReferenceNo): null

2018-11-16 11:39:16 - [TEST_STEP][PASSED] - Statement - out.println(readedVal): null

2018-11-16 11:39:16 - [TEST_STEP][PASSED] - Statement - CaseReferenceNo = "": null

2018-11-16 11:39:16 - [TEST_STEP][PASSED] - Statement - CaseReferenceNo = readedVal: null

2018-11-16 11:39:16 - [MESSAGE][PASSED] - Call Test Case 'Test Cases/Final Aug 2018 - PKS Automation/Common/Reference Number Getter' successfully

2018-11-16 11:39:16 - [TEST_STEP][PASSED] - callTestCase: Call Test Case 'Test Cases/Final Aug 2018 - PKS Automation/Common/Workflow Owner Finder' successfully

2018-11-16 11:39:17 - [TEST_CASE][PASSED] - Test Cases/Final Aug 2018 - PKS Automation/Common/Workflow Owner Finder: Test Cases/Final Aug 2018 - PKS Automation/Common/Workflow Owner Finder

2018-11-16 11:39:17 - [TEST_STEP][PASSED] - openBrowser: Browser is opened with url: ''

2018-11-16 11:39:17 - [MESSAGE][WARNING] - A browser is already opened. Closing browser and opening a new one

2018-11-16 11:39:21 - [MESSAGE][PASSED] - Browser is opened with url: ''

2018-11-16 11:39:21 - [TEST_STEP][PASSED] - navigateToUrl: Navigate to 'https://assist2-uat.perkeso.gov.my/login' successfully

2018-11-16 11:39:23 - [MESSAGE][PASSED] - Navigate to 'https://assist2-uat.perkeso.gov.my/login' successfully

2018-11-16 11:39:23 - [TEST_STEP][PASSED] - delay: Delayed 5 second(s)

2018-11-16 11:39:28 - [MESSAGE][PASSED] - Delayed 5 second(s)

2018-11-16 11:39:28 - [TEST_STEP][PASSED] - setText: Text 'test@liferay.com' is set on object 'Object Repository/Final Object Repo/Login Page/Internal User/Email Address'

2018-11-16 11:39:29 - [MESSAGE][PASSED] - Text 'test@liferay.com' is set on object 'Object Repository/Final Object Repo/Login Page/Internal User/Email Address'

2018-11-16 11:39:29 - [TEST_STEP][PASSED] - click: Object: 'Object Repository/Final Object Repo/Login Page/Internal User/Next Button' is clicked on

2018-11-16 11:39:29 - [MESSAGE][PASSED] - Object: 'Object Repository/Final Object Repo/Login Page/Internal User/Next Button' is clicked on

2018-11-16 11:39:29 - [TEST_STEP][PASSED] - delay: Delayed 2 second(s)

2018-11-16 11:39:31 - [MESSAGE][PASSED] - Delayed 2 second(s)

2018-11-16 11:39:31 - [TEST_STEP][PASSED] - setText: Text 'test' is set on object 'Object Repository/Final Object Repo/Login Page/Internal User/Password'

2018-11-16 11:39:31 - [MESSAGE][PASSED] - Text 'test' is set on object 'Object Repository/Final Object Repo/Login Page/Internal User/Password'

2018-11-16 11:39:31 - [TEST_STEP][PASSED] - delay: Delayed 2 second(s)

2018-11-16 11:39:33 - [MESSAGE][PASSED] - Delayed 2 second(s)

2018-11-16 11:39:33 - [TEST_STEP][PASSED] - click: Object: 'Object Repository/Final Object Repo/Login Page/Internal User/Login Button' is clicked on

2018-11-16 11:39:36 - [MESSAGE][PASSED] - Object: 'Object Repository/Final Object Repo/Login Page/Internal User/Login Button' is clicked on

2018-11-16 11:39:36 - [TEST_STEP][PASSED] - Statement - Try: Delayed 2 second(s)

2018-11-16 11:39:36 - [TEST_STEP][PASSED] - Statement - Checker = false: null

2018-11-16 11:39:36 - [TEST_STEP][PASSED] - Statement - Checker = com.kms.katalon.core.webui.keyword.WebUiBuiltInKeywords.verifyElementHasAttribute(com.kms.katalon.core.testobject.ObjectRepository.findTestObject(Final Object Repo/Landing Page/BM Detecting), "href", 20, OPTIONAL): Object 'Object Repository/Final Object Repo/Landing Page/BM Detecting' has attribute 'href'

2018-11-16 11:39:36 - [MESSAGE][PASSED] - Object 'Object Repository/Final Object Repo/Landing Page/BM Detecting' has attribute 'href'

2018-11-16 11:39:36 - [TEST_STEP][PASSED] - Statement - out.println(Checker): null

2018-11-16 11:39:36 - [TEST_STEP][PASSED] - Statement - If (Checker == false): null

2018-11-16 11:39:36 - [TEST_STEP][PASSED] - Statement - Else: null

2018-11-16 11:39:36 - [TEST_STEP][PASSED] - delay: Delayed 2 second(s)

2018-11-16 11:39:38 - [MESSAGE][PASSED] - Delayed 2 second(s)

2018-11-16 11:39:38 - [TEST_STEP][PASSED] - delay: Delayed 3 second(s)

2018-11-16 11:39:41 - [MESSAGE][PASSED] - Delayed 3 second(s)

2018-11-16 11:39:41 - [TEST_STEP][PASSED] - mouseOver: Object: 'Object Repository/Final Object Repo/Landing Page/WorkFlow Menu' is hovered

2018-11-16 11:39:41 - [MESSAGE][PASSED] - Object: 'Object Repository/Final Object Repo/Landing Page/WorkFlow Menu' is hovered

2018-11-16 11:39:41 - [TEST_STEP][PASSED] - delay: Delayed 2 second(s)

2018-11-16 11:39:43 - [MESSAGE][PASSED] - Delayed 2 second(s)

2018-11-16 11:39:43 - [TEST_STEP][PASSED] - click: Object: 'Object Repository/Final Object Repo/Landing Page/Select to Workflow Listing' is clicked on

2018-11-16 11:39:44 - [MESSAGE][PASSED] - Object: 'Object Repository/Final Object Repo/Landing Page/Select to Workflow Listing' is clicked on

2018-11-16 11:39:44 - [TEST_STEP][PASSED] - delay: Delayed 2 second(s)

2018-11-16 11:39:46 - [MESSAGE][PASSED] - Delayed 2 second(s)

2018-11-16 11:39:46 - [TEST_STEP][PASSED] - click: Object: 'Object Repository/Final Object Repo/WorkFlow Listing Page/Search Information - To Put Ref No' is clicked on

2018-11-16 11:39:47 - [MESSAGE][PASSED] - Object: 'Object Repository/Final Object Repo/WorkFlow Listing Page/Search Information - To Put Ref No' is clicked on

2018-11-16 11:39:47 - [TEST_STEP][PASSED] - delay: Delayed 2 second(s)

2018-11-16 11:39:49 - [MESSAGE][PASSED] - Delayed 2 second(s)

2018-11-16 11:39:49 - [TEST_STEP][PASSED] - callTestCase: Call Test Case 'Test Cases/Final Aug 2018 - PKS Automation/Common/Reference Number Getter' successfully

2018-11-16 11:39:49 - [TEST_CASE][PASSED] - Test Cases/Final Aug 2018 - PKS Automation/Common/Reference Number Getter: Test Cases/Final Aug 2018 - PKS Automation/Common/Reference Number Getter

2018-11-16 11:39:49 - [TEST_STEP][PASSED] - Statement - Try: null

2018-11-16 11:39:49 - [TEST_STEP][PASSED] - Statement - RefNo = new java.io.File(C://KatalonReference.txt): null

2018-11-16 11:39:49 - [TEST_STEP][PASSED] - Statement - bufferread = new java.io.BufferedReader(new java.io.FileReader(RefNo)): null

2018-11-16 11:39:49 - [TEST_STEP][PASSED] - Statement - readedVal = bufferread.readLine(): null

2018-11-16 11:39:49 - [TEST_STEP][PASSED] - Statement - out.println(CaseReferenceNo): null

2018-11-16 11:39:49 - [TEST_STEP][PASSED] - Statement - out.println(readedVal): null

2018-11-16 11:39:49 - [TEST_STEP][PASSED] - Statement - CaseReferenceNo = "": null

2018-11-16 11:39:49 - [TEST_STEP][PASSED] - Statement - CaseReferenceNo = readedVal: null

2018-11-16 11:39:49 - [MESSAGE][PASSED] - Call Test Case 'Test Cases/Final Aug 2018 - PKS Automation/Common/Reference Number Getter' successfully

2018-11-16 11:39:49 - [TEST_STEP][PASSED] - setText: Text 'CUN112018C100005488' is set on object 'Object Repository/Final Object Repo/WorkFlow Listing Page/Ref No Set Text'

2018-11-16 11:39:49 - [MESSAGE][PASSED] - Text 'CUN112018C100005488' is set on object 'Object Repository/Final Object Repo/WorkFlow Listing Page/Ref No Set Text'

2018-11-16 11:39:49 - [TEST_STEP][PASSED] - delay: Delayed 2 second(s)

2018-11-16 11:39:51 - [MESSAGE][PASSED] - Delayed 2 second(s)

2018-11-16 11:39:51 - [TEST_STEP][PASSED] - click: Object: 'Object Repository/Final Object Repo/WorkFlow Listing Page/Search Ref No Search Button' is clicked on

2018-11-16 11:39:53 - [MESSAGE][PASSED] - Object: 'Object Repository/Final Object Repo/WorkFlow Listing Page/Search Ref No Search Button' is clicked on

2018-11-16 11:39:53 - [TEST_STEP][PASSED] - delay: Delayed 4 second(s)

2018-11-16 11:39:57 - [MESSAGE][PASSED] - Delayed 4 second(s)

2018-11-16 11:39:57 - [TEST_STEP][PASSED] - click: Object: 'Object Repository/Final Object Repo/WorkFlow Listing Page/Click Continue Tooltip' is clicked on

2018-11-16 11:39:58 - [MESSAGE][PASSED] - Object: 'Object Repository/Final Object Repo/WorkFlow Listing Page/Click Continue Tooltip' is clicked on

2018-11-16 11:39:58 - [TEST_STEP][PASSED] - delay: Delayed 5 second(s)

2018-11-16 11:40:03 - [MESSAGE][PASSED] - Delayed 5 second(s)

2018-11-16 11:40:03 - [TEST_STEP][PASSED] - doubleClick: Object: 'Object Repository/Final Object Repo/WorkFlow Listing Page/Workflow Found - Listing 1' is double clicked on

2018-11-16 11:40:03 - [MESSAGE][PASSED] - Object: 'Object Repository/Final Object Repo/WorkFlow Listing Page/Workflow Found - Listing 1' is double clicked on

2018-11-16 11:40:03 - [TEST_STEP][PASSED] - Statement - println(OwnerID): null

2018-11-16 11:40:03 - [TEST_STEP][PASSED] - Statement - OwnerID = com.kms.katalon.core.webui.keyword.WebUiBuiltInKeywords.getText(com.kms.katalon.core.testobject.ObjectRepository.findTestObject(Final Object Repo/WorkFlow Listing Page/Workflow Found - Listing 1), STOP_ON_FAILURE): Text of object 'Object Repository/Final Object Repo/WorkFlow Listing Page/Workflow Found - Listing 1' is: 'JOHORuo3'

2018-11-16 11:40:03 - [MESSAGE][PASSED] - Text of object 'Object Repository/Final Object Repo/WorkFlow Listing Page/Workflow Found - Listing 1' is: 'JOHORuo3'

2018-11-16 11:40:03 - [TEST_STEP][PASSED] - Statement - OwnerID = OwnerID.toLowerCase() + "@gmail.com": null

2018-11-16 11:40:03 - [TEST_STEP][PASSED] - Statement - println(OwnerID): null

2018-11-16 11:40:03 - [TEST_STEP][PASSED] - delay: Delayed 2 second(s)

2018-11-16 11:40:05 - [MESSAGE][PASSED] - Delayed 2 second(s)

2018-11-16 11:40:05 - [MESSAGE][PASSED] - Call Test Case 'Test Cases/Final Aug 2018 - PKS Automation/Common/Workflow Owner Finder' successfully

2018-11-16 11:40:05 - [TEST_STEP][PASSED] - delay: Delayed 2 second(s)

2018-11-16 11:40:07 - [MESSAGE][PASSED] - Delayed 2 second(s)

2018-11-16 11:40:07 - [TEST_STEP][PASSED] - navigateToUrl: Navigate to 'https://assist2-uat.perkeso.gov.my/c/portal/logout' successfully

2018-11-16 11:40:08 - [MESSAGE][PASSED] - Navigate to 'https://assist2-uat.perkeso.gov.my/c/portal/logout' successfully

2018-11-16 11:40:08 - [TEST_STEP][PASSED] - delay: Delayed 2 second(s)

2018-11-16 11:40:10 - [MESSAGE][PASSED] - Delayed 2 second(s)

2018-11-16 11:40:10 - [TEST_STEP][PASSED] - callTestCase: Call Test Case 'Test Cases/Final Aug 2018 - PKS Automation/Registration Module/Workflow/Login and Search Case For Workflow' successfully

2018-11-16 11:40:10 - [TEST_CASE][PASSED] - Test Cases/Final Aug 2018 - PKS Automation/Registration Module/Workflow/Login and Search Case For Workflow: Test Cases/Final Aug 2018 - PKS Automation/Registration Module/Workflow/Login and Search Case For Workflow

2018-11-16 11:40:10 - [TEST_STEP][PASSED] - navigateToUrl: Navigate to 'https://assist2-uat.perkeso.gov.my/login' successfully

2018-11-16 11:40:11 - [MESSAGE][PASSED] - Navigate to 'https://assist2-uat.perkeso.gov.my/login' successfully

2018-11-16 11:40:11 - [TEST_STEP][PASSED] - setText: Text 'johoruo3@gmail.com' is set on object 'Object Repository/Final Object Repo/Login Page/Internal User/Email Address'

2018-11-16 11:40:11 - [MESSAGE][PASSED] - Text 'johoruo3@gmail.com' is set on object 'Object Repository/Final Object Repo/Login Page/Internal User/Email Address'

2018-11-16 11:40:11 - [TEST_STEP][PASSED] - click: Object: 'Object Repository/Final Object Repo/Login Page/Internal User/Next Button' is clicked on

2018-11-16 11:40:12 - [MESSAGE][PASSED] - Object: 'Object Repository/Final Object Repo/Login Page/Internal User/Next Button' is clicked on

2018-11-16 11:40:12 - [TEST_STEP][PASSED] - delay: Delayed 1 second(s)

2018-11-16 11:40:13 - [MESSAGE][PASSED] - Delayed 1 second(s)

2018-11-16 11:40:13 - [TEST_STEP][PASSED] - setEncryptedText: Text ****** has been set on object 'Object Repository/Final Object Repo/Login Page/Internal User/Password'

2018-11-16 11:40:13 - [MESSAGE][PASSED] - Text ****** has been set on object 'Object Repository/Final Object Repo/Login Page/Internal User/Password'

2018-11-16 11:40:13 - [TEST_STEP][PASSED] - click: Object: 'Object Repository/Final Object Repo/Login Page/Internal User/Login Button' is clicked on

2018-11-16 11:40:15 - [MESSAGE][PASSED] - Object: 'Object Repository/Final Object Repo/Login Page/Internal User/Login Button' is clicked on

2018-11-16 11:40:15 - [TEST_STEP][PASSED] - delay: Delayed 2 second(s)

2018-11-16 11:40:17 - [MESSAGE][PASSED] - Delayed 2 second(s)

2018-11-16 11:40:17 - [TEST_STEP][PASSED] - Statement - Try: Delayed 2 second(s)

2018-11-16 11:40:17 - [TEST_STEP][PASSED] - Statement - Checker = false: null

2018-11-16 11:40:17 - [TEST_STEP][PASSED] - Statement - Checker = com.kms.katalon.core.webui.keyword.WebUiBuiltInKeywords.verifyElementHasAttribute(com.kms.katalon.core.testobject.ObjectRepository.findTestObject(Final Object Repo/Landing Page/BM Detecting), "href", 20, OPTIONAL): Object 'Object Repository/Final Object Repo/Landing Page/BM Detecting' has attribute 'href'

2018-11-16 11:40:17 - [MESSAGE][PASSED] - Object 'Object Repository/Final Object Repo/Landing Page/BM Detecting' has attribute 'href'

2018-11-16 11:40:17 - [TEST_STEP][PASSED] - Statement - out.println(Checker): null

2018-11-16 11:40:17 - [TEST_STEP][PASSED] - Statement - If (Checker == false): null

2018-11-16 11:40:17 - [TEST_STEP][PASSED] - Statement - Else: null

2018-11-16 11:40:17 - [TEST_STEP][PASSED] - delay: Delayed 2 second(s)

2018-11-16 11:40:19 - [MESSAGE][PASSED] - Delayed 2 second(s)

2018-11-16 11:40:19 - [TEST_STEP][PASSED] - click: Object: 'Object Repository/Final Object Repo/Page_MyASSIST - ASSIST - Search Pending Case For Add Supporting Document/Search Information' is clicked on

2018-11-16 11:40:19 - [MESSAGE][PASSED] - Object: 'Object Repository/Final Object Repo/Page_MyASSIST - ASSIST - Search Pending Case For Add Supporting Document/Search Information' is clicked on

2018-11-16 11:40:19 - [TEST_STEP][PASSED] - delay: Delayed 3 second(s)

2018-11-16 11:40:22 - [MESSAGE][PASSED] - Delayed 3 second(s)

2018-11-16 11:40:22 - [TEST_STEP][PASSED] - sendKeys: Keys 'CUN112018C100005488' sent to object: 'Object Repository/Final Object Repo/Page_MyASSIST - ASSIST - Search Pending Case For Add Supporting Document/Reference No'

2018-11-16 11:40:22 - [MESSAGE][PASSED] - Keys 'CUN112018C100005488' sent to object: 'Object Repository/Final Object Repo/Page_MyASSIST - ASSIST - Search Pending Case For Add Supporting Document/Reference No'

2018-11-16 11:40:22 - [TEST_STEP][PASSED] - click: Object: 'Object Repository/Final Object Repo/Page_MyASSIST - ASSIST - Search Pending Case For Add Supporting Document/Search Reference No' is clicked on

2018-11-16 11:40:24 - [MESSAGE][PASSED] - Object: 'Object Repository/Final Object Repo/Page_MyASSIST - ASSIST - Search Pending Case For Add Supporting Document/Search Reference No' is clicked on

2018-11-16 11:40:24 - [TEST_STEP][PASSED] - delay: Delayed 2 second(s)

2018-11-16 11:40:26 - [MESSAGE][PASSED] - Delayed 2 second(s)

2018-11-16 11:40:26 - [TEST_STEP][PASSED] - click: Object: 'Object Repository/Final Object Repo/Page_MyASSIST - ASSIST - Search Pending Case For Add Supporting Document/Continue' is clicked on

2018-11-16 11:40:31 - [MESSAGE][PASSED] - Object: 'Object Repository/Final Object Repo/Page_MyASSIST - ASSIST - Search Pending Case For Add Supporting Document/Continue' is clicked on

2018-11-16 11:40:31 - [TEST_STEP][PASSED] - delay: Delayed 20 second(s)

2018-11-16 11:40:51 - [MESSAGE][PASSED] - Delayed 20 second(s)

2018-11-16 11:40:51 - [MESSAGE][PASSED] - Call Test Case 'Test Cases/Final Aug 2018 - PKS Automation/Registration Module/Workflow/Login and Search Case For Workflow' successfully

2018-11-16 11:40:51 - [TEST_STEP][PASSED] - delay: Delayed 2 second(s)

2018-11-16 11:40:53 - [MESSAGE][PASSED] - Delayed 2 second(s)

2018-11-16 11:40:53 - [TEST_STEP][PASSED] - click: Object: 'Object Repository/Final Object Repo/Page_Update Employee Information By Employer/Page_Update Employee Information by Employer (Approve)/Continue' is clicked on

2018-11-16 11:40:56 - [MESSAGE][PASSED] - Object: 'Object Repository/Final Object Repo/Page_Update Employee Information By Employer/Page_Update Employee Information by Employer (Approve)/Continue' is clicked on

2018-11-16 11:40:56 - [TEST_STEP][PASSED] - delay: Delayed 2 second(s)

2018-11-16 11:40:58 - [MESSAGE][PASSED] - Delayed 2 second(s)

2018-11-16 11:40:58 - [TEST_STEP][PASSED] - click: Object: 'Object Repository/Final Object Repo/Page_Update Employee Information By Employer/Page_Update Employee Information by Employer (Approve)/Save  Continue in Update Employee Information Page' is clicked on

2018-11-16 11:41:02 - [MESSAGE][PASSED] - Object: 'Object Repository/Final Object Repo/Page_Update Employee Information By Employer/Page_Update Employee Information by Employer (Approve)/Save  Continue in Update Employee Information Page' is clicked on

2018-11-16 11:41:02 - [TEST_STEP][PASSED] - delay: Delayed 4 second(s)

2018-11-16 11:41:06 - [MESSAGE][PASSED] - Delayed 4 second(s)

2018-11-16 11:41:06 - [TEST_STEP][PASSED] - setText: Text 'Query' is set on object 'Object Repository/Final Object Repo/Page_Update Employee Information By Employer/Page_Update Employee Information by Employer (Query)/Remark'

2018-11-16 11:41:06 - [MESSAGE][PASSED] - Text 'Query' is set on object 'Object Repository/Final Object Repo/Page_Update Employee Information By Employer/Page_Update Employee Information by Employer (Query)/Remark'

2018-11-16 11:41:06 - [TEST_STEP][PASSED] - delay: Delayed 2 second(s)

2018-11-16 11:41:08 - [MESSAGE][PASSED] - Delayed 2 second(s)

2018-11-16 11:41:08 - [TEST_STEP][PASSED] - click: Object: 'Object Repository/Final Object Repo/Page_Update Employee Information By Employer/Page_Update Employee Information by Employer (Approve)/Save  Continue in Upload Supporting Doucument Page' is clicked on

2018-11-16 11:41:13 - [MESSAGE][PASSED] - Object: 'Object Repository/Final Object Repo/Page_Update Employee Information By Employer/Page_Update Employee Information by Employer (Approve)/Save  Continue in Upload Supporting Doucument Page' is clicked on

2018-11-16 11:41:13 - [TEST_STEP][PASSED] - delay: Delayed 2 second(s)

2018-11-16 11:41:15 - [MESSAGE][PASSED] - Delayed 2 second(s)

2018-11-16 11:41:15 - [TEST_STEP][PASSED] - click: Object: 'Object Repository/Final Object Repo/Page_Update Employee Information By Employer/Page_Update Employee Information by Employer (Query)/Query' is clicked on

2018-11-16 11:41:15 - [MESSAGE][PASSED] - Object: 'Object Repository/Final Object Repo/Page_Update Employee Information By Employer/Page_Update Employee Information by Employer (Query)/Query' is clicked on

2018-11-16 11:41:15 - [TEST_STEP][PASSED] - delay: Delayed 2 second(s)

2018-11-16 11:41:17 - [MESSAGE][PASSED] - Delayed 2 second(s)

2018-11-16 11:41:17 - [TEST_STEP][PASSED] - click: Object: 'Object Repository/Final Object Repo/Page_Update Employee Information By Employer/Page_Update Employee Information by Employer (Approve)/Confirm' is clicked on

2018-11-16 11:41:23 - [MESSAGE][PASSED] - Object: 'Object Repository/Final Object Repo/Page_Update Employee Information By Employer/Page_Update Employee Information by Employer (Approve)/Confirm' is clicked on

2018-11-16 11:41:23 - [TEST_STEP][PASSED] - delay: Delayed 2 second(s)

2018-11-16 11:41:25 - [MESSAGE][PASSED] - Delayed 2 second(s)

2018-11-16 11:41:25 - [TEST_STEP][PASSED] - click: Object: 'Object Repository/Final Object Repo/Page_Update Employee Information By Employer/Page_Update Employee Information by Employer (Query)/Query Message The case is Under Query' is clicked on

2018-11-16 11:41:25 - [MESSAGE][PASSED] - Object: 'Object Repository/Final Object Repo/Page_Update Employee Information By Employer/Page_Update Employee Information by Employer (Query)/Query Message The case is Under Query' is clicked on

2018-11-16 11:41:25 - [TEST_STEP][PASSED] - delay: Delayed 2 second(s)

2018-11-16 11:41:27 - [MESSAGE][PASSED] - Delayed 2 second(s)

2018-11-16 11:41:27 - [TEST_STEP][PASSED] - click: Object: 'Object Repository/Final Object Repo/Page_Update Employee Information By Employer/Page_Update Employee Information by Employer (Query)/Letter of inquiry' is clicked on

2018-11-16 11:41:32 - [MESSAGE][PASSED] - Object: 'Object Repository/Final Object Repo/Page_Update Employee Information By Employer/Page_Update Employee Information by Employer (Query)/Letter of inquiry' is clicked on

2018-11-16 11:41:32 - [TEST_STEP][PASSED] - delay: Delayed 1 second(s)

2018-11-16 11:41:33 - [MESSAGE][PASSED] - Delayed 1 second(s)

2018-11-16 11:41:33 - [TEST_STEP][PASSED] - navigateToUrl: Navigate to 'https://assist2-uat.perkeso.gov.my/c/portal/logout' successfully

2018-11-16 11:41:34 - [MESSAGE][PASSED] - Navigate to 'https://assist2-uat.perkeso.gov.my/c/portal/logout' successfully

2018-11-16 11:41:34 - [TEST_STEP][PASSED] - delay: Delayed 1 second(s)

2018-11-16 11:41:35 - [MESSAGE][PASSED] - Delayed 1 second(s)

2018-11-16 11:41:35 - [TEST_STEP][PASSED] - callTestCase: null

2018-11-16 11:41:35 - [MESSAGE][FAILED] - Unable to call Test Case with id 'Test Cases/Final Aug 2018 - PKS Automation/Registration Module/Workflow/Update Employee Information (Employer)/Template/Update Employee Information - Special Case - UO(Query)' (Root cause: Call Test Case 'Test Cases/Final Aug 2018 - PKS Automation/Registration Module/Workflow/Update Employee Information (Employer)/Template/Update Employee Information - Special Case - UO(Query)' failed because of error(s))]]></system-out>
         <system-err><![CDATA[2018-11-16 11:37:45 - [TEST_CASE][ERROR] - Test Cases/Final Aug 2018 - PKS Automation/Registration Module/Workflow/Update Employee Information (Employer)/OTC - UO (Query): Test Cases/Final Aug 2018 - PKS Automation/Registration Module/Workflow/Update Employee Information (Employer)/OTC - UO (Query) FAILED because (of) (Stack trace: java.lang.IllegalArgumentException: Cannot find test case with id 'Test Cases/Final Aug 2018 - PKS Automation/Registration/Search Pending Case For Add Supporting Document (OTC)'
	at com.kms.katalon.core.testcase.TestCaseFactory.findTestCase(TestCaseFactory.java:72)
	at com.kms.katalon.core.testcase.TestCaseFactory$findTestCase.callStatic(Unknown Source)
	at Script1537848281437.run(Script1537848281437.groovy:83)
	at com.kms.katalon.core.main.ScriptEngine.run(ScriptEngine.java:183)
	at com.kms.katalon.core.main.ScriptEngine.runScriptAsRawText(ScriptEngine.java:108)
	at com.kms.katalon.core.main.TestCaseExecutor.runScript(TestCaseExecutor.java:294)
	at com.kms.katalon.core.main.TestCaseExecutor.doExecute(TestCaseExecutor.java:285)
	at com.kms.katalon.core.main.TestCaseExecutor.processExecutionPhase(TestCaseExecutor.java:264)
	at com.kms.katalon.core.main.TestCaseExecutor.accessMainPhase(TestCaseExecutor.java:256)
	at com.kms.katalon.core.main.TestCaseExecutor.execute(TestCaseExecutor.java:200)
	at com.kms.katalon.core.main.TestCaseMain.runTestCase(TestCaseMain.java:99)
	at com.kms.katalon.core.keyword.builtin.CallTestCaseKeyword$_callTestCase_closure1.doCall(CallTestCaseKeyword.groovy:60)
	at com.kms.katalon.core.keyword.builtin.CallTestCaseKeyword$_callTestCase_closure1.call(CallTestCaseKeyword.groovy)
	at com.kms.katalon.core.keyword.internal.KeywordMain.runKeyword(KeywordMain.groovy:54)
	at com.kms.katalon.core.keyword.builtin.CallTestCaseKeyword.callTestCase(CallTestCaseKeyword.groovy:81)
	at com.kms.katalon.core.keyword.builtin.CallTestCaseKeyword.execute(CallTestCaseKeyword.groovy:45)
	at com.kms.katalon.core.keyword.internal.KeywordExecutor.executeKeywordForPlatform(KeywordExecutor.groovy:53)
	at com.kms.katalon.core.keyword.BuiltinKeywords.callTestCase(BuiltinKeywords.groovy:334)
	at sun.reflect.GeneratedMethodAccessor13.invoke(Unknown Source)
	at sun.reflect.DelegatingMethodAccessorImpl.invoke(DelegatingMethodAccessorImpl.java:43)
	at java.lang.reflect.Method.invoke(Method.java:498)
	at org.codehaus.groovy.reflection.CachedMethod.invoke(CachedMethod.java:93)
	at groovy.lang.MetaMethod.doMethodInvoke(MetaMethod.java:325)
	at groovy.lang.MetaClassImpl.invokeStaticMethod(MetaClassImpl.java:1469)
	at org.codehaus.groovy.runtime.callsite.StaticMetaClassSite.call(StaticMetaClassSite.java:53)
	at org.codehaus.groovy.runtime.callsite.CallSiteArray.defaultCall(CallSiteArray.java:48)
	at org.codehaus.groovy.runtime.callsite.AbstractCallSite.call(AbstractCallSite.java:113)
	at org.codehaus.groovy.runtime.callsite.AbstractCallSite.call(AbstractCallSite.java:141)
	at Script1536724596750.run(Script1536724596750.groovy:25)
	at com.kms.katalon.core.main.ScriptEngine.run(ScriptEngine.java:183)
	at com.kms.katalon.core.main.ScriptEngine.runScriptAsRawText(ScriptEngine.java:108)
	at com.kms.katalon.core.main.TestCaseExecutor.runScript(TestCaseExecutor.java:294)
	at com.kms.katalon.core.main.TestCaseExecutor.doExecute(TestCaseExecutor.java:285)
	at com.kms.katalon.core.main.TestCaseExecutor.processExecutionPhase(TestCaseExecutor.java:264)
	at com.kms.katalon.core.main.TestCaseExecutor.accessMainPhase(TestCaseExecutor.java:256)
	at com.kms.katalon.core.main.TestCaseExecutor.execute(TestCaseExecutor.java:200)
	at com.kms.katalon.core.main.TestSuiteExecutor.accessTestCaseMainPhase(TestSuiteExecutor.java:129)
	at com.kms.katalon.core.main.TestSuiteExecutor.accessTestSuiteMainPhase(TestSuiteExecutor.java:112)
	at com.kms.katalon.core.main.TestSuiteExecutor.execute(TestSuiteExecutor.java:81)
	at com.kms.katalon.core.main.TestCaseMain.startTestSuite(TestCaseMain.java:142)
	at com.kms.katalon.core.main.TestCaseMain$startTestSuite$0.call(Unknown Source)
	at org.codehaus.groovy.runtime.callsite.CallSiteArray.defaultCall(CallSiteArray.java:48)
	at org.codehaus.groovy.runtime.callsite.AbstractCallSite.call(AbstractCallSite.java:113)
	at org.codehaus.groovy.runtime.callsite.AbstractCallSite.call(AbstractCallSite.java:141)
	at TempTestSuite1542336603806.run(TempTestSuite1542336603806.groovy:36)
	at groovy.lang.GroovyShell.runScriptOrMainOrTestOrRunnable(GroovyShell.java:263)
	at groovy.lang.GroovyShell.run(GroovyShell.java:518)
	at groovy.lang.GroovyShell.run(GroovyShell.java:507)
	at groovy.ui.GroovyMain.processOnce(GroovyMain.java:653)
	at groovy.ui.GroovyMain.run(GroovyMain.java:384)
	at groovy.ui.GroovyMain.process(GroovyMain.java:370)
	at groovy.ui.GroovyMain.processArgs(GroovyMain.java:129)
	at groovy.ui.GroovyMain.main(GroovyMain.java:109)
	at sun.reflect.NativeMethodAccessorImpl.invoke0(Native Method)
	at sun.reflect.NativeMethodAccessorImpl.invoke(NativeMethodAccessorImpl.java:62)
	at sun.reflect.DelegatingMethodAccessorImpl.invoke(DelegatingMethodAccessorImpl.java:43)
	at java.lang.reflect.Method.invoke(Method.java:498)
	at org.codehaus.groovy.tools.GroovyStarter.rootLoader(GroovyStarter.java:109)
	at org.codehaus.groovy.tools.GroovyStarter.main(GroovyStarter.java:131)
)]]></system-err>
      </testcase>
      <testcase name="Test Cases/Final Aug 2018 - PKS Automation/Registration Module/Workflow/Update Employee Information (Employer)/OTC - UO (Reject)" classname="Test Cases/Final Aug 2018 - PKS Automation/Registration Module/Workflow/Update Employee Information (Employer)/OTC - UO (Reject)" status="PASSED">
         <system-out><![CDATA[2018-11-16 11:41:35 - [TEST_CASE][PASSED] - Test Cases/Final Aug 2018 - PKS Automation/Registration Module/Workflow/Update Employee Information (Employer)/OTC - UO (Reject): Test Cases/Final Aug 2018 - PKS Automation/Registration Module/Workflow/Update Employee Information (Employer)/OTC - UO (Reject)

2018-11-16 11:41:35 - [TEST_STEP][PASSED] - callTestCase: Call Test Case 'Test Cases/Final Aug 2018 - PKS Automation/Registration Module/Workflow/Update Employee Information (Employer)/Template/Update Employer Information - Special Case (OTC)' successfully

2018-11-16 11:41:36 - [TEST_CASE][PASSED] - Test Cases/Final Aug 2018 - PKS Automation/Registration Module/Workflow/Update Employee Information (Employer)/Template/Update Employer Information - Special Case (OTC): Test Cases/Final Aug 2018 - PKS Automation/Registration Module/Workflow/Update Employee Information (Employer)/Template/Update Employer Information - Special Case (OTC)

2018-11-16 11:41:36 - [TEST_STEP][PASSED] - openBrowser: Browser is opened with url: ''

2018-11-16 11:41:36 - [MESSAGE][WARNING] - A browser is already opened. Closing browser and opening a new one

2018-11-16 11:41:40 - [MESSAGE][PASSED] - Browser is opened with url: ''

2018-11-16 11:41:40 - [TEST_STEP][PASSED] - navigateToUrl: Navigate to 'https://assist2-uat.perkeso.gov.my/login' successfully

2018-11-16 11:41:43 - [MESSAGE][PASSED] - Navigate to 'https://assist2-uat.perkeso.gov.my/login' successfully

2018-11-16 11:41:43 - [TEST_STEP][PASSED] - setText: Text 'johorotc1@gmail.com' is set on object 'Object Repository/Final Object Repo/Login Page/Internal User/Email Address'

2018-11-16 11:41:43 - [MESSAGE][PASSED] - Text 'johorotc1@gmail.com' is set on object 'Object Repository/Final Object Repo/Login Page/Internal User/Email Address'

2018-11-16 11:41:43 - [TEST_STEP][PASSED] - click: Object: 'Object Repository/Final Object Repo/Login Page/Internal User/Next Button' is clicked on

2018-11-16 11:41:43 - [MESSAGE][PASSED] - Object: 'Object Repository/Final Object Repo/Login Page/Internal User/Next Button' is clicked on

2018-11-16 11:41:43 - [TEST_STEP][PASSED] - delay: Delayed 1 second(s)

2018-11-16 11:41:44 - [MESSAGE][PASSED] - Delayed 1 second(s)

2018-11-16 11:41:44 - [TEST_STEP][PASSED] - setEncryptedText: Text ****** has been set on object 'Object Repository/Final Object Repo/Login Page/Internal User/Password'

2018-11-16 11:41:44 - [MESSAGE][PASSED] - Text ****** has been set on object 'Object Repository/Final Object Repo/Login Page/Internal User/Password'

2018-11-16 11:41:44 - [TEST_STEP][PASSED] - click: Object: 'Object Repository/Final Object Repo/Login Page/Internal User/Login Button' is clicked on

2018-11-16 11:41:47 - [MESSAGE][PASSED] - Object: 'Object Repository/Final Object Repo/Login Page/Internal User/Login Button' is clicked on

2018-11-16 11:41:47 - [TEST_STEP][PASSED] - Statement - Try: Delayed 2 second(s)

2018-11-16 11:41:47 - [TEST_STEP][PASSED] - Statement - Checker = false: null

2018-11-16 11:41:47 - [TEST_STEP][PASSED] - Statement - Checker = com.kms.katalon.core.webui.keyword.WebUiBuiltInKeywords.verifyElementHasAttribute(com.kms.katalon.core.testobject.ObjectRepository.findTestObject(Final Object Repo/Landing Page/BM Detecting), "href", 20, OPTIONAL): Object 'Object Repository/Final Object Repo/Landing Page/BM Detecting' has attribute 'href'

2018-11-16 11:41:47 - [MESSAGE][PASSED] - Object 'Object Repository/Final Object Repo/Landing Page/BM Detecting' has attribute 'href'

2018-11-16 11:41:47 - [TEST_STEP][PASSED] - Statement - out.println(Checker): null

2018-11-16 11:41:47 - [TEST_STEP][PASSED] - Statement - If (Checker == false): null

2018-11-16 11:41:47 - [TEST_STEP][PASSED] - Statement - Else: null

2018-11-16 11:41:47 - [TEST_STEP][PASSED] - delay: Delayed 2 second(s)

2018-11-16 11:41:49 - [MESSAGE][PASSED] - Delayed 2 second(s)

2018-11-16 11:41:49 - [TEST_STEP][PASSED] - delay: Delayed 1 second(s)

2018-11-16 11:41:50 - [MESSAGE][PASSED] - Delayed 1 second(s)

2018-11-16 11:41:50 - [TEST_STEP][PASSED] - navigateToUrl: Navigate to 'https://assist2-uat.perkeso.gov.my/web/registration/update/update-employee-information-employer-' successfully

2018-11-16 11:41:51 - [MESSAGE][PASSED] - Navigate to 'https://assist2-uat.perkeso.gov.my/web/registration/update/update-employee-information-employer-' successfully

2018-11-16 11:41:51 - [TEST_STEP][PASSED] - setText: Text 'E1102001065V' is set on object 'Object Repository/Final Object Repo/Page_Update Employee Information By Employer/Employer Code'

2018-11-16 11:41:51 - [MESSAGE][PASSED] - Text 'E1102001065V' is set on object 'Object Repository/Final Object Repo/Page_Update Employee Information By Employer/Employer Code'

2018-11-16 11:41:51 - [TEST_STEP][PASSED] - click: Object: 'Object Repository/Final Object Repo/Page_Update Employee Information By Employer/Search Employer Code' is clicked on

2018-11-16 11:41:53 - [MESSAGE][PASSED] - Object: 'Object Repository/Final Object Repo/Page_Update Employee Information By Employer/Search Employer Code' is clicked on

2018-11-16 11:41:53 - [TEST_STEP][PASSED] - click: Object: 'Object Repository/Final Object Repo/Page_Update Employee Information By Employer/Edit Button' is clicked on

2018-11-16 11:41:56 - [MESSAGE][PASSED] - Object: 'Object Repository/Final Object Repo/Page_Update Employee Information By Employer/Edit Button' is clicked on

2018-11-16 11:41:56 - [TEST_STEP][PASSED] - click: Object: 'Object Repository/Final Object Repo/Page_Update Employee Information By Employer/Employee Name or New Identification' is clicked on

2018-11-16 11:41:56 - [MESSAGE][PASSED] - Object: 'Object Repository/Final Object Repo/Page_Update Employee Information By Employer/Employee Name or New Identification' is clicked on

2018-11-16 11:41:56 - [TEST_STEP][PASSED] - delay: Delayed 1 second(s)

2018-11-16 11:41:57 - [MESSAGE][PASSED] - Delayed 1 second(s)

2018-11-16 11:41:57 - [TEST_STEP][PASSED] - click: Object: 'Object Repository/Final Object Repo/Page_Update Employee Information By Employer/Selection - Employee Name' is clicked on

2018-11-16 11:41:58 - [MESSAGE][PASSED] - Object: 'Object Repository/Final Object Repo/Page_Update Employee Information By Employer/Selection - Employee Name' is clicked on

2018-11-16 11:41:58 - [TEST_STEP][PASSED] - delay: Delayed 1 second(s)

2018-11-16 11:41:59 - [MESSAGE][PASSED] - Delayed 1 second(s)

2018-11-16 11:41:59 - [TEST_STEP][PASSED] - setText: Text 'PERKESO' is set on object 'Object Repository/Final Object Repo/Page_Update Employee Information By Employer/Employee Name'

2018-11-16 11:41:59 - [MESSAGE][PASSED] - Text 'PERKESO' is set on object 'Object Repository/Final Object Repo/Page_Update Employee Information By Employer/Employee Name'

2018-11-16 11:41:59 - [TEST_STEP][PASSED] - delay: Delayed 2 second(s)

2018-11-16 11:42:01 - [MESSAGE][PASSED] - Delayed 2 second(s)

2018-11-16 11:42:01 - [TEST_STEP][PASSED] - click: Object: 'Object Repository/Final Object Repo/Page_Update Employee Information By Employer/Search Employee' is clicked on

2018-11-16 11:42:02 - [MESSAGE][PASSED] - Object: 'Object Repository/Final Object Repo/Page_Update Employee Information By Employer/Search Employee' is clicked on

2018-11-16 11:42:02 - [TEST_STEP][PASSED] - delay: Delayed 3 second(s)

2018-11-16 11:42:05 - [MESSAGE][PASSED] - Delayed 3 second(s)

2018-11-16 11:42:05 - [TEST_STEP][PASSED] - click: Object: 'Object Repository/Final Object Repo/Page_Update Employee Information By Employer/Employee Edit Button' is clicked on

2018-11-16 11:42:05 - [MESSAGE][PASSED] - Object: 'Object Repository/Final Object Repo/Page_Update Employee Information By Employer/Employee Edit Button' is clicked on

2018-11-16 11:42:05 - [TEST_STEP][PASSED] - delay: Delayed 3 second(s)

2018-11-16 11:42:08 - [MESSAGE][PASSED] - Delayed 3 second(s)

2018-11-16 11:42:08 - [TEST_STEP][PASSED] - setText: Text '' is set on object 'Object Repository/Final Object Repo/Page_Update Employee Information By Employer/Identification Number'

2018-11-16 11:42:08 - [MESSAGE][PASSED] - Text '' is set on object 'Object Repository/Final Object Repo/Page_Update Employee Information By Employer/Identification Number'

2018-11-16 11:42:08 - [TEST_STEP][PASSED] - Statement - rnd = new java.util.Random(): null

2018-11-16 11:42:08 - [TEST_STEP][PASSED] - Statement - snum = rnd.nextInt(899999 + 1) + 100000: null

2018-11-16 11:42:08 - [TEST_STEP][PASSED] - Statement - tnum = rnd.nextInt(899999 + 1) + 100000: null

2018-11-16 11:42:08 - [TEST_STEP][PASSED] - Statement - IC = java.lang.Integer.toString(snum) + java.lang.Integer.toString(tnum): null

2018-11-16 11:42:08 - [TEST_STEP][PASSED] - Statement - out.println(IC): null

2018-11-16 11:42:08 - [TEST_STEP][PASSED] - setText: Text '402441429346' is set on object 'Object Repository/Final Object Repo/Page_Update Employee Information By Employer/Identification Number'

2018-11-16 11:42:09 - [MESSAGE][PASSED] - Text '402441429346' is set on object 'Object Repository/Final Object Repo/Page_Update Employee Information By Employer/Identification Number'

2018-11-16 11:42:09 - [TEST_STEP][PASSED] - click: Object: 'Object Repository/Final Object Repo/Page_Update Employee Information By Employer/Save' is clicked on

2018-11-16 11:42:12 - [MESSAGE][PASSED] - Object: 'Object Repository/Final Object Repo/Page_Update Employee Information By Employer/Save' is clicked on

2018-11-16 11:42:12 - [TEST_STEP][PASSED] - delay: Delayed 5 second(s)

2018-11-16 11:42:17 - [MESSAGE][PASSED] - Delayed 5 second(s)

2018-11-16 11:42:17 - [TEST_STEP][PASSED] - Statement - CaseReferenceNo = com.kms.katalon.core.webui.keyword.WebUiBuiltInKeywords.getText(com.kms.katalon.core.testobject.ObjectRepository.findTestObject(Final Object Repo/Reference Number/Reference Number in Update Employee Information Page)): Text of object 'Object Repository/Final Object Repo/Reference Number/Reference Number in Update Employee Information Page' is: 'CUN112018C100005489'

2018-11-16 11:42:17 - [MESSAGE][PASSED] - Text of object 'Object Repository/Final Object Repo/Reference Number/Reference Number in Update Employee Information Page' is: 'CUN112018C100005489'

2018-11-16 11:42:17 - [TEST_STEP][PASSED] - callTestCase: Call Test Case 'Test Cases/Final Aug 2018 - PKS Automation/Common/Reference Number Setter' successfully

2018-11-16 11:42:17 - [TEST_CASE][PASSED] - Test Cases/Final Aug 2018 - PKS Automation/Common/Reference Number Setter: Test Cases/Final Aug 2018 - PKS Automation/Common/Reference Number Setter

2018-11-16 11:42:17 - [TEST_STEP][PASSED] - Statement - RefNoOldFile = new java.io.File(C://KatalonReference.txt): null

2018-11-16 11:42:17 - [TEST_STEP][PASSED] - Statement - RefNoOldFile.delete(): null

2018-11-16 11:42:17 - [TEST_STEP][PASSED] - delay: Delayed 5 second(s)

2018-11-16 11:42:22 - [MESSAGE][PASSED] - Delayed 5 second(s)

2018-11-16 11:42:22 - [TEST_STEP][PASSED] - Statement - RefNo = new java.io.File(C://KatalonReference.txt): null

2018-11-16 11:42:22 - [TEST_STEP][PASSED] - Statement - f2 = new java.io.FileWriter(RefNo, false): null

2018-11-16 11:42:22 - [TEST_STEP][PASSED] - Statement - f2.write(CaseReferenceNo): null

2018-11-16 11:42:22 - [TEST_STEP][PASSED] - Statement - f2.close(): null

2018-11-16 11:42:22 - [TEST_STEP][PASSED] - Statement - out.println("


" + CaseReferenceNo + "


"): null

2018-11-16 11:42:22 - [MESSAGE][PASSED] - Call Test Case 'Test Cases/Final Aug 2018 - PKS Automation/Common/Reference Number Setter' successfully

2018-11-16 11:42:22 - [TEST_STEP][PASSED] - delay: Delayed 5 second(s)

2018-11-16 11:42:27 - [MESSAGE][PASSED] - Delayed 5 second(s)

2018-11-16 11:42:27 - [TEST_STEP][PASSED] - click: Object: 'Object Repository/Final Object Repo/Page_Update Employee Information By Employer/Save  Continue in  Employee Information Page' is clicked on

2018-11-16 11:42:31 - [MESSAGE][PASSED] - Object: 'Object Repository/Final Object Repo/Page_Update Employee Information By Employer/Save  Continue in  Employee Information Page' is clicked on

2018-11-16 11:42:31 - [TEST_STEP][PASSED] - delay: Delayed 5 second(s)

2018-11-16 11:42:36 - [MESSAGE][PASSED] - Delayed 5 second(s)

2018-11-16 11:42:36 - [TEST_STEP][PASSED] - click: Object: 'Object Repository/Final Object Repo/Page_Update Employee Information By Employer/Save  Continue in Uploading Page 1' is clicked on

2018-11-16 11:42:36 - [MESSAGE][PASSED] - Object: 'Object Repository/Final Object Repo/Page_Update Employee Information By Employer/Save  Continue in Uploading Page 1' is clicked on

2018-11-16 11:42:36 - [TEST_STEP][PASSED] - delay: Delayed 5 second(s)

2018-11-16 11:42:41 - [MESSAGE][PASSED] - Delayed 5 second(s)

2018-11-16 11:42:41 - [TEST_STEP][PASSED] - click: Object: 'Object Repository/Final Object Repo/Page_Update Employee Information By Employer/Submit' is clicked on

2018-11-16 11:42:41 - [MESSAGE][PASSED] - Object: 'Object Repository/Final Object Repo/Page_Update Employee Information By Employer/Submit' is clicked on

2018-11-16 11:42:41 - [TEST_STEP][PASSED] - delay: Delayed 5 second(s)

2018-11-16 11:42:46 - [MESSAGE][PASSED] - Delayed 5 second(s)

2018-11-16 11:42:46 - [TEST_STEP][PASSED] - click: Object: 'Object Repository/Final Object Repo/Page_Update Employee Information By Employer/Confirm' is clicked on

2018-11-16 11:42:51 - [MESSAGE][PASSED] - Object: 'Object Repository/Final Object Repo/Page_Update Employee Information By Employer/Confirm' is clicked on

2018-11-16 11:42:51 - [TEST_STEP][PASSED] - delay: Delayed 5 second(s)

2018-11-16 11:42:56 - [MESSAGE][PASSED] - Delayed 5 second(s)

2018-11-16 11:42:56 - [TEST_STEP][PASSED] - verifyElementVisible: Object 'Object Repository/Final Object Repo/Page_Update Employee Information By Employer/Successfull Message Routed to UO' is visible

2018-11-16 11:42:56 - [MESSAGE][PASSED] - Object 'Object Repository/Final Object Repo/Page_Update Employee Information By Employer/Successfull Message Routed to UO' is visible

2018-11-16 11:42:56 - [MESSAGE][PASSED] - Call Test Case 'Test Cases/Final Aug 2018 - PKS Automation/Registration Module/Workflow/Update Employee Information (Employer)/Template/Update Employer Information - Special Case (OTC)' successfully

2018-11-16 11:42:56 - [TEST_STEP][PASSED] - callTestCase: Call Test Case 'Test Cases/Final Aug 2018 - PKS Automation/Registration Module/Workflow/Update Employee Information (Employer)/Template/Update Employee Information - Special Case - UO (Reject)' successfully

2018-11-16 11:42:56 - [TEST_CASE][PASSED] - Test Cases/Final Aug 2018 - PKS Automation/Registration Module/Workflow/Update Employee Information (Employer)/Template/Update Employee Information - Special Case - UO (Reject): Test Cases/Final Aug 2018 - PKS Automation/Registration Module/Workflow/Update Employee Information (Employer)/Template/Update Employee Information - Special Case - UO (Reject)

2018-11-16 11:42:56 - [TEST_STEP][NOT_RUN] - callTestCase: NOT_RUN: callTestCase

2018-11-16 11:42:56 - [MESSAGE][NOT_RUN] - NOT_RUN: callTestCase

2018-11-16 11:42:56 - [TEST_STEP][PASSED] - delay: Delayed 2 second(s)

2018-11-16 11:42:58 - [MESSAGE][PASSED] - Delayed 2 second(s)

2018-11-16 11:42:58 - [TEST_STEP][PASSED] - navigateToUrl: Navigate to 'https://assist2-uat.perkeso.gov.my/c/portal/logout' successfully

2018-11-16 11:42:59 - [MESSAGE][PASSED] - Navigate to 'https://assist2-uat.perkeso.gov.my/c/portal/logout' successfully

2018-11-16 11:42:59 - [TEST_STEP][PASSED] - delay: Delayed 2 second(s)

2018-11-16 11:43:01 - [MESSAGE][PASSED] - Delayed 2 second(s)

2018-11-16 11:43:01 - [TEST_STEP][PASSED] - callTestCase: Call Test Case 'Test Cases/Final Aug 2018 - PKS Automation/Common/Reference Number Getter' successfully

2018-11-16 11:43:01 - [TEST_CASE][PASSED] - Test Cases/Final Aug 2018 - PKS Automation/Common/Reference Number Getter: Test Cases/Final Aug 2018 - PKS Automation/Common/Reference Number Getter

2018-11-16 11:43:01 - [TEST_STEP][PASSED] - Statement - Try: null

2018-11-16 11:43:01 - [TEST_STEP][PASSED] - Statement - RefNo = new java.io.File(C://KatalonReference.txt): null

2018-11-16 11:43:01 - [TEST_STEP][PASSED] - Statement - bufferread = new java.io.BufferedReader(new java.io.FileReader(RefNo)): null

2018-11-16 11:43:01 - [TEST_STEP][PASSED] - Statement - readedVal = bufferread.readLine(): null

2018-11-16 11:43:01 - [TEST_STEP][PASSED] - Statement - out.println(CaseReferenceNo): null

2018-11-16 11:43:01 - [TEST_STEP][PASSED] - Statement - out.println(readedVal): null

2018-11-16 11:43:01 - [TEST_STEP][PASSED] - Statement - CaseReferenceNo = "": null

2018-11-16 11:43:01 - [TEST_STEP][PASSED] - Statement - CaseReferenceNo = readedVal: null

2018-11-16 11:43:01 - [MESSAGE][PASSED] - Call Test Case 'Test Cases/Final Aug 2018 - PKS Automation/Common/Reference Number Getter' successfully

2018-11-16 11:43:01 - [TEST_STEP][PASSED] - callTestCase: Call Test Case 'Test Cases/Final Aug 2018 - PKS Automation/Common/Workflow Owner Finder' successfully

2018-11-16 11:43:01 - [TEST_CASE][PASSED] - Test Cases/Final Aug 2018 - PKS Automation/Common/Workflow Owner Finder: Test Cases/Final Aug 2018 - PKS Automation/Common/Workflow Owner Finder

2018-11-16 11:43:01 - [TEST_STEP][PASSED] - openBrowser: Browser is opened with url: ''

2018-11-16 11:43:01 - [MESSAGE][WARNING] - A browser is already opened. Closing browser and opening a new one

2018-11-16 11:43:06 - [MESSAGE][PASSED] - Browser is opened with url: ''

2018-11-16 11:43:06 - [TEST_STEP][PASSED] - navigateToUrl: Navigate to 'https://assist2-uat.perkeso.gov.my/login' successfully

2018-11-16 11:43:09 - [MESSAGE][PASSED] - Navigate to 'https://assist2-uat.perkeso.gov.my/login' successfully

2018-11-16 11:43:09 - [TEST_STEP][PASSED] - delay: Delayed 5 second(s)

2018-11-16 11:43:14 - [MESSAGE][PASSED] - Delayed 5 second(s)

2018-11-16 11:43:14 - [TEST_STEP][PASSED] - setText: Text 'test@liferay.com' is set on object 'Object Repository/Final Object Repo/Login Page/Internal User/Email Address'

2018-11-16 11:43:14 - [MESSAGE][PASSED] - Text 'test@liferay.com' is set on object 'Object Repository/Final Object Repo/Login Page/Internal User/Email Address'

2018-11-16 11:43:14 - [TEST_STEP][PASSED] - click: Object: 'Object Repository/Final Object Repo/Login Page/Internal User/Next Button' is clicked on

2018-11-16 11:43:14 - [MESSAGE][PASSED] - Object: 'Object Repository/Final Object Repo/Login Page/Internal User/Next Button' is clicked on

2018-11-16 11:43:14 - [TEST_STEP][PASSED] - delay: Delayed 2 second(s)

2018-11-16 11:43:16 - [MESSAGE][PASSED] - Delayed 2 second(s)

2018-11-16 11:43:16 - [TEST_STEP][PASSED] - setText: Text 'test' is set on object 'Object Repository/Final Object Repo/Login Page/Internal User/Password'

2018-11-16 11:43:16 - [MESSAGE][PASSED] - Text 'test' is set on object 'Object Repository/Final Object Repo/Login Page/Internal User/Password'

2018-11-16 11:43:16 - [TEST_STEP][PASSED] - delay: Delayed 2 second(s)

2018-11-16 11:43:18 - [MESSAGE][PASSED] - Delayed 2 second(s)

2018-11-16 11:43:18 - [TEST_STEP][PASSED] - click: Object: 'Object Repository/Final Object Repo/Login Page/Internal User/Login Button' is clicked on

2018-11-16 11:43:21 - [MESSAGE][PASSED] - Object: 'Object Repository/Final Object Repo/Login Page/Internal User/Login Button' is clicked on

2018-11-16 11:43:21 - [TEST_STEP][PASSED] - Statement - Try: Delayed 2 second(s)

2018-11-16 11:43:21 - [TEST_STEP][PASSED] - Statement - Checker = false: null

2018-11-16 11:43:21 - [TEST_STEP][PASSED] - Statement - Checker = com.kms.katalon.core.webui.keyword.WebUiBuiltInKeywords.verifyElementHasAttribute(com.kms.katalon.core.testobject.ObjectRepository.findTestObject(Final Object Repo/Landing Page/BM Detecting), "href", 20, OPTIONAL): Object 'Object Repository/Final Object Repo/Landing Page/BM Detecting' has attribute 'href'

2018-11-16 11:43:21 - [MESSAGE][PASSED] - Object 'Object Repository/Final Object Repo/Landing Page/BM Detecting' has attribute 'href'

2018-11-16 11:43:21 - [TEST_STEP][PASSED] - Statement - out.println(Checker): null

2018-11-16 11:43:21 - [TEST_STEP][PASSED] - Statement - If (Checker == false): null

2018-11-16 11:43:21 - [TEST_STEP][PASSED] - Statement - Else: null

2018-11-16 11:43:21 - [TEST_STEP][PASSED] - delay: Delayed 2 second(s)

2018-11-16 11:43:23 - [MESSAGE][PASSED] - Delayed 2 second(s)

2018-11-16 11:43:23 - [TEST_STEP][PASSED] - delay: Delayed 3 second(s)

2018-11-16 11:43:26 - [MESSAGE][PASSED] - Delayed 3 second(s)

2018-11-16 11:43:26 - [TEST_STEP][PASSED] - mouseOver: Object: 'Object Repository/Final Object Repo/Landing Page/WorkFlow Menu' is hovered

2018-11-16 11:43:27 - [MESSAGE][PASSED] - Object: 'Object Repository/Final Object Repo/Landing Page/WorkFlow Menu' is hovered

2018-11-16 11:43:27 - [TEST_STEP][PASSED] - delay: Delayed 2 second(s)

2018-11-16 11:43:29 - [MESSAGE][PASSED] - Delayed 2 second(s)

2018-11-16 11:43:29 - [TEST_STEP][PASSED] - click: Object: 'Object Repository/Final Object Repo/Landing Page/Select to Workflow Listing' is clicked on

2018-11-16 11:43:30 - [MESSAGE][PASSED] - Object: 'Object Repository/Final Object Repo/Landing Page/Select to Workflow Listing' is clicked on

2018-11-16 11:43:30 - [TEST_STEP][PASSED] - delay: Delayed 2 second(s)

2018-11-16 11:43:32 - [MESSAGE][PASSED] - Delayed 2 second(s)

2018-11-16 11:43:32 - [TEST_STEP][PASSED] - click: Object: 'Object Repository/Final Object Repo/WorkFlow Listing Page/Search Information - To Put Ref No' is clicked on

2018-11-16 11:43:32 - [MESSAGE][PASSED] - Object: 'Object Repository/Final Object Repo/WorkFlow Listing Page/Search Information - To Put Ref No' is clicked on

2018-11-16 11:43:32 - [TEST_STEP][PASSED] - delay: Delayed 2 second(s)

2018-11-16 11:43:34 - [MESSAGE][PASSED] - Delayed 2 second(s)

2018-11-16 11:43:34 - [TEST_STEP][PASSED] - callTestCase: Call Test Case 'Test Cases/Final Aug 2018 - PKS Automation/Common/Reference Number Getter' successfully

2018-11-16 11:43:34 - [TEST_CASE][PASSED] - Test Cases/Final Aug 2018 - PKS Automation/Common/Reference Number Getter: Test Cases/Final Aug 2018 - PKS Automation/Common/Reference Number Getter

2018-11-16 11:43:34 - [TEST_STEP][PASSED] - Statement - Try: null

2018-11-16 11:43:34 - [TEST_STEP][PASSED] - Statement - RefNo = new java.io.File(C://KatalonReference.txt): null

2018-11-16 11:43:34 - [TEST_STEP][PASSED] - Statement - bufferread = new java.io.BufferedReader(new java.io.FileReader(RefNo)): null

2018-11-16 11:43:34 - [TEST_STEP][PASSED] - Statement - readedVal = bufferread.readLine(): null

2018-11-16 11:43:34 - [TEST_STEP][PASSED] - Statement - out.println(CaseReferenceNo): null

2018-11-16 11:43:34 - [TEST_STEP][PASSED] - Statement - out.println(readedVal): null

2018-11-16 11:43:34 - [TEST_STEP][PASSED] - Statement - CaseReferenceNo = "": null

2018-11-16 11:43:34 - [TEST_STEP][PASSED] - Statement - CaseReferenceNo = readedVal: null

2018-11-16 11:43:34 - [MESSAGE][PASSED] - Call Test Case 'Test Cases/Final Aug 2018 - PKS Automation/Common/Reference Number Getter' successfully

2018-11-16 11:43:34 - [TEST_STEP][PASSED] - setText: Text 'CUN112018C100005489' is set on object 'Object Repository/Final Object Repo/WorkFlow Listing Page/Ref No Set Text'

2018-11-16 11:43:34 - [MESSAGE][PASSED] - Text 'CUN112018C100005489' is set on object 'Object Repository/Final Object Repo/WorkFlow Listing Page/Ref No Set Text'

2018-11-16 11:43:34 - [TEST_STEP][PASSED] - delay: Delayed 2 second(s)

2018-11-16 11:43:36 - [MESSAGE][PASSED] - Delayed 2 second(s)

2018-11-16 11:43:36 - [TEST_STEP][PASSED] - click: Object: 'Object Repository/Final Object Repo/WorkFlow Listing Page/Search Ref No Search Button' is clicked on

2018-11-16 11:43:38 - [MESSAGE][PASSED] - Object: 'Object Repository/Final Object Repo/WorkFlow Listing Page/Search Ref No Search Button' is clicked on

2018-11-16 11:43:38 - [TEST_STEP][PASSED] - delay: Delayed 4 second(s)

2018-11-16 11:43:42 - [MESSAGE][PASSED] - Delayed 4 second(s)

2018-11-16 11:43:42 - [TEST_STEP][PASSED] - click: Object: 'Object Repository/Final Object Repo/WorkFlow Listing Page/Click Continue Tooltip' is clicked on

2018-11-16 11:43:43 - [MESSAGE][PASSED] - Object: 'Object Repository/Final Object Repo/WorkFlow Listing Page/Click Continue Tooltip' is clicked on

2018-11-16 11:43:43 - [TEST_STEP][PASSED] - delay: Delayed 5 second(s)

2018-11-16 11:43:48 - [MESSAGE][PASSED] - Delayed 5 second(s)

2018-11-16 11:43:48 - [TEST_STEP][PASSED] - doubleClick: Object: 'Object Repository/Final Object Repo/WorkFlow Listing Page/Workflow Found - Listing 1' is double clicked on

2018-11-16 11:43:49 - [MESSAGE][PASSED] - Object: 'Object Repository/Final Object Repo/WorkFlow Listing Page/Workflow Found - Listing 1' is double clicked on

2018-11-16 11:43:49 - [TEST_STEP][PASSED] - Statement - println(OwnerID): null

2018-11-16 11:43:49 - [TEST_STEP][PASSED] - Statement - OwnerID = com.kms.katalon.core.webui.keyword.WebUiBuiltInKeywords.getText(com.kms.katalon.core.testobject.ObjectRepository.findTestObject(Final Object Repo/WorkFlow Listing Page/Workflow Found - Listing 1), STOP_ON_FAILURE): Text of object 'Object Repository/Final Object Repo/WorkFlow Listing Page/Workflow Found - Listing 1' is: 'JOHORuo1'

2018-11-16 11:43:49 - [MESSAGE][PASSED] - Text of object 'Object Repository/Final Object Repo/WorkFlow Listing Page/Workflow Found - Listing 1' is: 'JOHORuo1'

2018-11-16 11:43:49 - [TEST_STEP][PASSED] - Statement - OwnerID = OwnerID.toLowerCase() + "@gmail.com": null

2018-11-16 11:43:49 - [TEST_STEP][PASSED] - Statement - println(OwnerID): null

2018-11-16 11:43:49 - [TEST_STEP][PASSED] - delay: Delayed 2 second(s)

2018-11-16 11:43:51 - [MESSAGE][PASSED] - Delayed 2 second(s)

2018-11-16 11:43:51 - [MESSAGE][PASSED] - Call Test Case 'Test Cases/Final Aug 2018 - PKS Automation/Common/Workflow Owner Finder' successfully

2018-11-16 11:43:51 - [TEST_STEP][PASSED] - delay: Delayed 2 second(s)

2018-11-16 11:43:53 - [MESSAGE][PASSED] - Delayed 2 second(s)

2018-11-16 11:43:53 - [TEST_STEP][PASSED] - navigateToUrl: Navigate to 'https://assist2-uat.perkeso.gov.my/c/portal/logout' successfully

2018-11-16 11:43:54 - [MESSAGE][PASSED] - Navigate to 'https://assist2-uat.perkeso.gov.my/c/portal/logout' successfully

2018-11-16 11:43:54 - [TEST_STEP][PASSED] - delay: Delayed 2 second(s)

2018-11-16 11:43:56 - [MESSAGE][PASSED] - Delayed 2 second(s)

2018-11-16 11:43:56 - [TEST_STEP][PASSED] - callTestCase: Call Test Case 'Test Cases/Final Aug 2018 - PKS Automation/Registration Module/Workflow/Login and Search Case For Workflow' successfully

2018-11-16 11:43:56 - [TEST_CASE][PASSED] - Test Cases/Final Aug 2018 - PKS Automation/Registration Module/Workflow/Login and Search Case For Workflow: Test Cases/Final Aug 2018 - PKS Automation/Registration Module/Workflow/Login and Search Case For Workflow

2018-11-16 11:43:56 - [TEST_STEP][PASSED] - navigateToUrl: Navigate to 'https://assist2-uat.perkeso.gov.my/login' successfully

2018-11-16 11:43:57 - [MESSAGE][PASSED] - Navigate to 'https://assist2-uat.perkeso.gov.my/login' successfully

2018-11-16 11:43:57 - [TEST_STEP][PASSED] - setText: Text 'johoruo1@gmail.com' is set on object 'Object Repository/Final Object Repo/Login Page/Internal User/Email Address'

2018-11-16 11:43:57 - [MESSAGE][PASSED] - Text 'johoruo1@gmail.com' is set on object 'Object Repository/Final Object Repo/Login Page/Internal User/Email Address'

2018-11-16 11:43:57 - [TEST_STEP][PASSED] - click: Object: 'Object Repository/Final Object Repo/Login Page/Internal User/Next Button' is clicked on

2018-11-16 11:43:57 - [MESSAGE][PASSED] - Object: 'Object Repository/Final Object Repo/Login Page/Internal User/Next Button' is clicked on

2018-11-16 11:43:57 - [TEST_STEP][PASSED] - delay: Delayed 1 second(s)

2018-11-16 11:43:58 - [MESSAGE][PASSED] - Delayed 1 second(s)

2018-11-16 11:43:58 - [TEST_STEP][PASSED] - setEncryptedText: Text ****** has been set on object 'Object Repository/Final Object Repo/Login Page/Internal User/Password'

2018-11-16 11:43:58 - [MESSAGE][PASSED] - Text ****** has been set on object 'Object Repository/Final Object Repo/Login Page/Internal User/Password'

2018-11-16 11:43:58 - [TEST_STEP][PASSED] - click: Object: 'Object Repository/Final Object Repo/Login Page/Internal User/Login Button' is clicked on

2018-11-16 11:44:00 - [MESSAGE][PASSED] - Object: 'Object Repository/Final Object Repo/Login Page/Internal User/Login Button' is clicked on

2018-11-16 11:44:00 - [TEST_STEP][PASSED] - delay: Delayed 2 second(s)

2018-11-16 11:44:02 - [MESSAGE][PASSED] - Delayed 2 second(s)

2018-11-16 11:44:02 - [TEST_STEP][PASSED] - Statement - Try: Delayed 2 second(s)

2018-11-16 11:44:02 - [TEST_STEP][PASSED] - Statement - Checker = false: null

2018-11-16 11:44:02 - [TEST_STEP][PASSED] - Statement - Checker = com.kms.katalon.core.webui.keyword.WebUiBuiltInKeywords.verifyElementHasAttribute(com.kms.katalon.core.testobject.ObjectRepository.findTestObject(Final Object Repo/Landing Page/BM Detecting), "href", 20, OPTIONAL): Object 'Object Repository/Final Object Repo/Landing Page/BM Detecting' has attribute 'href'

2018-11-16 11:44:02 - [MESSAGE][PASSED] - Object 'Object Repository/Final Object Repo/Landing Page/BM Detecting' has attribute 'href'

2018-11-16 11:44:02 - [TEST_STEP][PASSED] - Statement - out.println(Checker): null

2018-11-16 11:44:02 - [TEST_STEP][PASSED] - Statement - If (Checker == false): null

2018-11-16 11:44:02 - [TEST_STEP][PASSED] - Statement - Else: null

2018-11-16 11:44:02 - [TEST_STEP][PASSED] - delay: Delayed 2 second(s)

2018-11-16 11:44:04 - [MESSAGE][PASSED] - Delayed 2 second(s)

2018-11-16 11:44:04 - [TEST_STEP][PASSED] - click: Object: 'Object Repository/Final Object Repo/Page_MyASSIST - ASSIST - Search Pending Case For Add Supporting Document/Search Information' is clicked on

2018-11-16 11:44:05 - [MESSAGE][PASSED] - Object: 'Object Repository/Final Object Repo/Page_MyASSIST - ASSIST - Search Pending Case For Add Supporting Document/Search Information' is clicked on

2018-11-16 11:44:05 - [TEST_STEP][PASSED] - delay: Delayed 3 second(s)

2018-11-16 11:44:08 - [MESSAGE][PASSED] - Delayed 3 second(s)

2018-11-16 11:44:08 - [TEST_STEP][PASSED] - sendKeys: Keys 'CUN112018C100005489' sent to object: 'Object Repository/Final Object Repo/Page_MyASSIST - ASSIST - Search Pending Case For Add Supporting Document/Reference No'

2018-11-16 11:44:08 - [MESSAGE][PASSED] - Keys 'CUN112018C100005489' sent to object: 'Object Repository/Final Object Repo/Page_MyASSIST - ASSIST - Search Pending Case For Add Supporting Document/Reference No'

2018-11-16 11:44:08 - [TEST_STEP][PASSED] - click: Object: 'Object Repository/Final Object Repo/Page_MyASSIST - ASSIST - Search Pending Case For Add Supporting Document/Search Reference No' is clicked on

2018-11-16 11:44:09 - [MESSAGE][PASSED] - Object: 'Object Repository/Final Object Repo/Page_MyASSIST - ASSIST - Search Pending Case For Add Supporting Document/Search Reference No' is clicked on

2018-11-16 11:44:09 - [TEST_STEP][PASSED] - delay: Delayed 2 second(s)

2018-11-16 11:44:11 - [MESSAGE][PASSED] - Delayed 2 second(s)

2018-11-16 11:44:11 - [TEST_STEP][PASSED] - click: Object: 'Object Repository/Final Object Repo/Page_MyASSIST - ASSIST - Search Pending Case For Add Supporting Document/Continue' is clicked on

2018-11-16 11:44:16 - [MESSAGE][PASSED] - Object: 'Object Repository/Final Object Repo/Page_MyASSIST - ASSIST - Search Pending Case For Add Supporting Document/Continue' is clicked on

2018-11-16 11:44:16 - [TEST_STEP][PASSED] - delay: Delayed 20 second(s)

2018-11-16 11:44:36 - [MESSAGE][PASSED] - Delayed 20 second(s)

2018-11-16 11:44:36 - [MESSAGE][PASSED] - Call Test Case 'Test Cases/Final Aug 2018 - PKS Automation/Registration Module/Workflow/Login and Search Case For Workflow' successfully

2018-11-16 11:44:36 - [TEST_STEP][PASSED] - delay: Delayed 2 second(s)

2018-11-16 11:44:38 - [MESSAGE][PASSED] - Delayed 2 second(s)

2018-11-16 11:44:38 - [TEST_STEP][PASSED] - click: Object: 'Object Repository/Final Object Repo/Page_Update Employee Information By Employer/Page_Update Employee Information by Employer (Approve)/Continue' is clicked on

2018-11-16 11:44:44 - [MESSAGE][PASSED] - Object: 'Object Repository/Final Object Repo/Page_Update Employee Information By Employer/Page_Update Employee Information by Employer (Approve)/Continue' is clicked on

2018-11-16 11:44:44 - [TEST_STEP][PASSED] - delay: Delayed 2 second(s)

2018-11-16 11:44:46 - [MESSAGE][PASSED] - Delayed 2 second(s)

2018-11-16 11:44:46 - [TEST_STEP][PASSED] - click: Object: 'Object Repository/Final Object Repo/Page_Update Employee Information By Employer/Page_Update Employee Information by Employer (Approve)/Save  Continue in Update Employee Information Page' is clicked on

2018-11-16 11:44:49 - [MESSAGE][PASSED] - Object: 'Object Repository/Final Object Repo/Page_Update Employee Information By Employer/Page_Update Employee Information by Employer (Approve)/Save  Continue in Update Employee Information Page' is clicked on

2018-11-16 11:44:49 - [TEST_STEP][PASSED] - delay: Delayed 4 second(s)

2018-11-16 11:44:53 - [MESSAGE][PASSED] - Delayed 4 second(s)

2018-11-16 11:44:53 - [TEST_STEP][PASSED] - click: Object: 'Object Repository/Final Object Repo/Page_Update Employee Information By Employer/Page_Update Employee Information by Employer (Approve)/Save  Continue in Upload Supporting Doucument Page' is clicked on

2018-11-16 11:44:58 - [MESSAGE][PASSED] - Object: 'Object Repository/Final Object Repo/Page_Update Employee Information By Employer/Page_Update Employee Information by Employer (Approve)/Save  Continue in Upload Supporting Doucument Page' is clicked on

2018-11-16 11:44:58 - [TEST_STEP][PASSED] - delay: Delayed 2 second(s)

2018-11-16 11:45:00 - [MESSAGE][PASSED] - Delayed 2 second(s)

2018-11-16 11:45:00 - [TEST_STEP][PASSED] - click: Object: 'Object Repository/Final Object Repo/Page_Update Employee Information By Employer/Page_Update Employee Information by Employer (Reject)/Reject' is clicked on

2018-11-16 11:45:00 - [MESSAGE][PASSED] - Object: 'Object Repository/Final Object Repo/Page_Update Employee Information By Employer/Page_Update Employee Information by Employer (Reject)/Reject' is clicked on

2018-11-16 11:45:00 - [TEST_STEP][PASSED] - delay: Delayed 2 second(s)

2018-11-16 11:45:02 - [MESSAGE][PASSED] - Delayed 2 second(s)

2018-11-16 11:45:02 - [TEST_STEP][PASSED] - click: Object: 'Object Repository/Final Object Repo/Page_Update Employee Information By Employer/Page_Update Employee Information by Employer (Approve)/Confirm' is clicked on

2018-11-16 11:45:07 - [MESSAGE][PASSED] - Object: 'Object Repository/Final Object Repo/Page_Update Employee Information By Employer/Page_Update Employee Information by Employer (Approve)/Confirm' is clicked on

2018-11-16 11:45:07 - [TEST_STEP][PASSED] - delay: Delayed 2 second(s)

2018-11-16 11:45:09 - [MESSAGE][PASSED] - Delayed 2 second(s)

2018-11-16 11:45:09 - [TEST_STEP][PASSED] - verifyElementVisible: Object 'Object Repository/Final Object Repo/Page_Update Employee Information By Employer/Page_Update Employee Information by Employer (Reject)/Rejected Messeage This Case has been Rejecte' is visible

2018-11-16 11:45:09 - [MESSAGE][PASSED] - Object 'Object Repository/Final Object Repo/Page_Update Employee Information By Employer/Page_Update Employee Information by Employer (Reject)/Rejected Messeage This Case has been Rejecte' is visible

2018-11-16 11:45:09 - [TEST_STEP][PASSED] - delay: Delayed 2 second(s)

2018-11-16 11:45:11 - [MESSAGE][PASSED] - Delayed 2 second(s)

2018-11-16 11:45:11 - [TEST_STEP][PASSED] - verifyElementVisible: Object 'Object Repository/Final Object Repo/Page_Update Employee Information By Employer/Page_Update Employee Information by Employer (Reject)/Letter of update rejection' is visible

2018-11-16 11:45:11 - [MESSAGE][PASSED] - Object 'Object Repository/Final Object Repo/Page_Update Employee Information By Employer/Page_Update Employee Information by Employer (Reject)/Letter of update rejection' is visible

2018-11-16 11:45:11 - [MESSAGE][PASSED] - Call Test Case 'Test Cases/Final Aug 2018 - PKS Automation/Registration Module/Workflow/Update Employee Information (Employer)/Template/Update Employee Information - Special Case - UO (Reject)' successfully]]></system-out>
         <system-err><![CDATA[]]></system-err>
      </testcase>
      <testcase name="Test Cases/Final Aug 2018 - PKS Automation/Registration Module/Workflow/Update Employee Information (Employer)/OTC - UO (Under enforcement)" classname="Test Cases/Final Aug 2018 - PKS Automation/Registration Module/Workflow/Update Employee Information (Employer)/OTC - UO (Under enforcement)" status="PASSED">
         <system-out><![CDATA[2018-11-16 11:45:11 - [TEST_CASE][PASSED] - Test Cases/Final Aug 2018 - PKS Automation/Registration Module/Workflow/Update Employee Information (Employer)/OTC - UO (Under enforcement): Test Cases/Final Aug 2018 - PKS Automation/Registration Module/Workflow/Update Employee Information (Employer)/OTC - UO (Under enforcement)

2018-11-16 11:45:12 - [TEST_STEP][PASSED] - callTestCase: Call Test Case 'Test Cases/Final Aug 2018 - PKS Automation/Registration Module/Workflow/Update Employee Information (Employer)/Template/Update Employer Information - Special Case (OTC)' successfully

2018-11-16 11:45:12 - [TEST_CASE][PASSED] - Test Cases/Final Aug 2018 - PKS Automation/Registration Module/Workflow/Update Employee Information (Employer)/Template/Update Employer Information - Special Case (OTC): Test Cases/Final Aug 2018 - PKS Automation/Registration Module/Workflow/Update Employee Information (Employer)/Template/Update Employer Information - Special Case (OTC)

2018-11-16 11:45:12 - [TEST_STEP][PASSED] - openBrowser: Browser is opened with url: ''

2018-11-16 11:45:12 - [MESSAGE][WARNING] - A browser is already opened. Closing browser and opening a new one

2018-11-16 11:45:16 - [MESSAGE][PASSED] - Browser is opened with url: ''

2018-11-16 11:45:16 - [TEST_STEP][PASSED] - navigateToUrl: Navigate to 'https://assist2-uat.perkeso.gov.my/login' successfully

2018-11-16 11:45:19 - [MESSAGE][PASSED] - Navigate to 'https://assist2-uat.perkeso.gov.my/login' successfully

2018-11-16 11:45:19 - [TEST_STEP][PASSED] - setText: Text 'johorotc1@gmail.com' is set on object 'Object Repository/Final Object Repo/Login Page/Internal User/Email Address'

2018-11-16 11:45:19 - [MESSAGE][PASSED] - Text 'johorotc1@gmail.com' is set on object 'Object Repository/Final Object Repo/Login Page/Internal User/Email Address'

2018-11-16 11:45:19 - [TEST_STEP][PASSED] - click: Object: 'Object Repository/Final Object Repo/Login Page/Internal User/Next Button' is clicked on

2018-11-16 11:45:19 - [MESSAGE][PASSED] - Object: 'Object Repository/Final Object Repo/Login Page/Internal User/Next Button' is clicked on

2018-11-16 11:45:19 - [TEST_STEP][PASSED] - delay: Delayed 1 second(s)

2018-11-16 11:45:20 - [MESSAGE][PASSED] - Delayed 1 second(s)

2018-11-16 11:45:20 - [TEST_STEP][PASSED] - setEncryptedText: Text ****** has been set on object 'Object Repository/Final Object Repo/Login Page/Internal User/Password'

2018-11-16 11:45:20 - [MESSAGE][PASSED] - Text ****** has been set on object 'Object Repository/Final Object Repo/Login Page/Internal User/Password'

2018-11-16 11:45:20 - [TEST_STEP][PASSED] - click: Object: 'Object Repository/Final Object Repo/Login Page/Internal User/Login Button' is clicked on

2018-11-16 11:45:23 - [MESSAGE][PASSED] - Object: 'Object Repository/Final Object Repo/Login Page/Internal User/Login Button' is clicked on

2018-11-16 11:45:23 - [TEST_STEP][PASSED] - Statement - Try: Delayed 2 second(s)

2018-11-16 11:45:23 - [TEST_STEP][PASSED] - Statement - Checker = false: null

2018-11-16 11:45:23 - [TEST_STEP][PASSED] - Statement - Checker = com.kms.katalon.core.webui.keyword.WebUiBuiltInKeywords.verifyElementHasAttribute(com.kms.katalon.core.testobject.ObjectRepository.findTestObject(Final Object Repo/Landing Page/BM Detecting), "href", 20, OPTIONAL): Object 'Object Repository/Final Object Repo/Landing Page/BM Detecting' has attribute 'href'

2018-11-16 11:45:23 - [MESSAGE][PASSED] - Object 'Object Repository/Final Object Repo/Landing Page/BM Detecting' has attribute 'href'

2018-11-16 11:45:23 - [TEST_STEP][PASSED] - Statement - out.println(Checker): null

2018-11-16 11:45:23 - [TEST_STEP][PASSED] - Statement - If (Checker == false): null

2018-11-16 11:45:23 - [TEST_STEP][PASSED] - Statement - Else: null

2018-11-16 11:45:23 - [TEST_STEP][PASSED] - delay: Delayed 2 second(s)

2018-11-16 11:45:25 - [MESSAGE][PASSED] - Delayed 2 second(s)

2018-11-16 11:45:25 - [TEST_STEP][PASSED] - delay: Delayed 1 second(s)

2018-11-16 11:45:26 - [MESSAGE][PASSED] - Delayed 1 second(s)

2018-11-16 11:45:26 - [TEST_STEP][PASSED] - navigateToUrl: Navigate to 'https://assist2-uat.perkeso.gov.my/web/registration/update/update-employee-information-employer-' successfully

2018-11-16 11:45:27 - [MESSAGE][PASSED] - Navigate to 'https://assist2-uat.perkeso.gov.my/web/registration/update/update-employee-information-employer-' successfully

2018-11-16 11:45:27 - [TEST_STEP][PASSED] - setText: Text 'E1102001065V' is set on object 'Object Repository/Final Object Repo/Page_Update Employee Information By Employer/Employer Code'

2018-11-16 11:45:28 - [MESSAGE][PASSED] - Text 'E1102001065V' is set on object 'Object Repository/Final Object Repo/Page_Update Employee Information By Employer/Employer Code'

2018-11-16 11:45:28 - [TEST_STEP][PASSED] - click: Object: 'Object Repository/Final Object Repo/Page_Update Employee Information By Employer/Search Employer Code' is clicked on

2018-11-16 11:45:29 - [MESSAGE][PASSED] - Object: 'Object Repository/Final Object Repo/Page_Update Employee Information By Employer/Search Employer Code' is clicked on

2018-11-16 11:45:29 - [TEST_STEP][PASSED] - click: Object: 'Object Repository/Final Object Repo/Page_Update Employee Information By Employer/Edit Button' is clicked on

2018-11-16 11:45:32 - [MESSAGE][PASSED] - Object: 'Object Repository/Final Object Repo/Page_Update Employee Information By Employer/Edit Button' is clicked on

2018-11-16 11:45:32 - [TEST_STEP][PASSED] - click: Object: 'Object Repository/Final Object Repo/Page_Update Employee Information By Employer/Employee Name or New Identification' is clicked on

2018-11-16 11:45:33 - [MESSAGE][PASSED] - Object: 'Object Repository/Final Object Repo/Page_Update Employee Information By Employer/Employee Name or New Identification' is clicked on

2018-11-16 11:45:33 - [TEST_STEP][PASSED] - delay: Delayed 1 second(s)

2018-11-16 11:45:34 - [MESSAGE][PASSED] - Delayed 1 second(s)

2018-11-16 11:45:34 - [TEST_STEP][PASSED] - click: Object: 'Object Repository/Final Object Repo/Page_Update Employee Information By Employer/Selection - Employee Name' is clicked on

2018-11-16 11:45:34 - [MESSAGE][PASSED] - Object: 'Object Repository/Final Object Repo/Page_Update Employee Information By Employer/Selection - Employee Name' is clicked on

2018-11-16 11:45:34 - [TEST_STEP][PASSED] - delay: Delayed 1 second(s)

2018-11-16 11:45:35 - [MESSAGE][PASSED] - Delayed 1 second(s)

2018-11-16 11:45:35 - [TEST_STEP][PASSED] - setText: Text 'PERKESO' is set on object 'Object Repository/Final Object Repo/Page_Update Employee Information By Employer/Employee Name'

2018-11-16 11:45:36 - [MESSAGE][PASSED] - Text 'PERKESO' is set on object 'Object Repository/Final Object Repo/Page_Update Employee Information By Employer/Employee Name'

2018-11-16 11:45:36 - [TEST_STEP][PASSED] - delay: Delayed 2 second(s)

2018-11-16 11:45:38 - [MESSAGE][PASSED] - Delayed 2 second(s)

2018-11-16 11:45:38 - [TEST_STEP][PASSED] - click: Object: 'Object Repository/Final Object Repo/Page_Update Employee Information By Employer/Search Employee' is clicked on

2018-11-16 11:45:38 - [MESSAGE][PASSED] - Object: 'Object Repository/Final Object Repo/Page_Update Employee Information By Employer/Search Employee' is clicked on

2018-11-16 11:45:38 - [TEST_STEP][PASSED] - delay: Delayed 3 second(s)

2018-11-16 11:45:41 - [MESSAGE][PASSED] - Delayed 3 second(s)

2018-11-16 11:45:41 - [TEST_STEP][PASSED] - click: Object: 'Object Repository/Final Object Repo/Page_Update Employee Information By Employer/Employee Edit Button' is clicked on

2018-11-16 11:45:41 - [MESSAGE][PASSED] - Object: 'Object Repository/Final Object Repo/Page_Update Employee Information By Employer/Employee Edit Button' is clicked on

2018-11-16 11:45:41 - [TEST_STEP][PASSED] - delay: Delayed 3 second(s)

2018-11-16 11:45:44 - [MESSAGE][PASSED] - Delayed 3 second(s)

2018-11-16 11:45:44 - [TEST_STEP][PASSED] - setText: Text '' is set on object 'Object Repository/Final Object Repo/Page_Update Employee Information By Employer/Identification Number'

2018-11-16 11:45:45 - [MESSAGE][PASSED] - Text '' is set on object 'Object Repository/Final Object Repo/Page_Update Employee Information By Employer/Identification Number'

2018-11-16 11:45:45 - [TEST_STEP][PASSED] - Statement - rnd = new java.util.Random(): null

2018-11-16 11:45:45 - [TEST_STEP][PASSED] - Statement - snum = rnd.nextInt(899999 + 1) + 100000: null

2018-11-16 11:45:45 - [TEST_STEP][PASSED] - Statement - tnum = rnd.nextInt(899999 + 1) + 100000: null

2018-11-16 11:45:45 - [TEST_STEP][PASSED] - Statement - IC = java.lang.Integer.toString(snum) + java.lang.Integer.toString(tnum): null

2018-11-16 11:45:45 - [TEST_STEP][PASSED] - Statement - out.println(IC): null

2018-11-16 11:45:45 - [TEST_STEP][PASSED] - setText: Text '800155893863' is set on object 'Object Repository/Final Object Repo/Page_Update Employee Information By Employer/Identification Number'

2018-11-16 11:45:45 - [MESSAGE][PASSED] - Text '800155893863' is set on object 'Object Repository/Final Object Repo/Page_Update Employee Information By Employer/Identification Number'

2018-11-16 11:45:45 - [TEST_STEP][PASSED] - click: Object: 'Object Repository/Final Object Repo/Page_Update Employee Information By Employer/Save' is clicked on

2018-11-16 11:45:48 - [MESSAGE][PASSED] - Object: 'Object Repository/Final Object Repo/Page_Update Employee Information By Employer/Save' is clicked on

2018-11-16 11:45:48 - [TEST_STEP][PASSED] - delay: Delayed 5 second(s)

2018-11-16 11:45:53 - [MESSAGE][PASSED] - Delayed 5 second(s)

2018-11-16 11:45:53 - [TEST_STEP][PASSED] - Statement - CaseReferenceNo = com.kms.katalon.core.webui.keyword.WebUiBuiltInKeywords.getText(com.kms.katalon.core.testobject.ObjectRepository.findTestObject(Final Object Repo/Reference Number/Reference Number in Update Employee Information Page)): Text of object 'Object Repository/Final Object Repo/Reference Number/Reference Number in Update Employee Information Page' is: 'CUN112018C100005490'

2018-11-16 11:45:54 - [MESSAGE][PASSED] - Text of object 'Object Repository/Final Object Repo/Reference Number/Reference Number in Update Employee Information Page' is: 'CUN112018C100005490'

2018-11-16 11:45:54 - [TEST_STEP][PASSED] - callTestCase: Call Test Case 'Test Cases/Final Aug 2018 - PKS Automation/Common/Reference Number Setter' successfully

2018-11-16 11:45:54 - [TEST_CASE][PASSED] - Test Cases/Final Aug 2018 - PKS Automation/Common/Reference Number Setter: Test Cases/Final Aug 2018 - PKS Automation/Common/Reference Number Setter

2018-11-16 11:45:54 - [TEST_STEP][PASSED] - Statement - RefNoOldFile = new java.io.File(C://KatalonReference.txt): null

2018-11-16 11:45:54 - [TEST_STEP][PASSED] - Statement - RefNoOldFile.delete(): null

2018-11-16 11:45:54 - [TEST_STEP][PASSED] - delay: Delayed 5 second(s)

2018-11-16 11:45:59 - [MESSAGE][PASSED] - Delayed 5 second(s)

2018-11-16 11:45:59 - [TEST_STEP][PASSED] - Statement - RefNo = new java.io.File(C://KatalonReference.txt): null

2018-11-16 11:45:59 - [TEST_STEP][PASSED] - Statement - f2 = new java.io.FileWriter(RefNo, false): null

2018-11-16 11:45:59 - [TEST_STEP][PASSED] - Statement - f2.write(CaseReferenceNo): null

2018-11-16 11:45:59 - [TEST_STEP][PASSED] - Statement - f2.close(): null

2018-11-16 11:45:59 - [TEST_STEP][PASSED] - Statement - out.println("


" + CaseReferenceNo + "


"): null

2018-11-16 11:45:59 - [MESSAGE][PASSED] - Call Test Case 'Test Cases/Final Aug 2018 - PKS Automation/Common/Reference Number Setter' successfully

2018-11-16 11:45:59 - [TEST_STEP][PASSED] - delay: Delayed 5 second(s)

2018-11-16 11:46:04 - [MESSAGE][PASSED] - Delayed 5 second(s)

2018-11-16 11:46:04 - [TEST_STEP][PASSED] - click: Object: 'Object Repository/Final Object Repo/Page_Update Employee Information By Employer/Save  Continue in  Employee Information Page' is clicked on

2018-11-16 11:46:08 - [MESSAGE][PASSED] - Object: 'Object Repository/Final Object Repo/Page_Update Employee Information By Employer/Save  Continue in  Employee Information Page' is clicked on

2018-11-16 11:46:08 - [TEST_STEP][PASSED] - delay: Delayed 5 second(s)

2018-11-16 11:46:13 - [MESSAGE][PASSED] - Delayed 5 second(s)

2018-11-16 11:46:13 - [TEST_STEP][PASSED] - click: Object: 'Object Repository/Final Object Repo/Page_Update Employee Information By Employer/Save  Continue in Uploading Page 1' is clicked on

2018-11-16 11:46:17 - [MESSAGE][PASSED] - Object: 'Object Repository/Final Object Repo/Page_Update Employee Information By Employer/Save  Continue in Uploading Page 1' is clicked on

2018-11-16 11:46:17 - [TEST_STEP][PASSED] - delay: Delayed 5 second(s)

2018-11-16 11:46:22 - [MESSAGE][PASSED] - Delayed 5 second(s)

2018-11-16 11:46:22 - [TEST_STEP][PASSED] - click: Object: 'Object Repository/Final Object Repo/Page_Update Employee Information By Employer/Submit' is clicked on

2018-11-16 11:46:22 - [MESSAGE][PASSED] - Object: 'Object Repository/Final Object Repo/Page_Update Employee Information By Employer/Submit' is clicked on

2018-11-16 11:46:22 - [TEST_STEP][PASSED] - delay: Delayed 5 second(s)

2018-11-16 11:46:27 - [MESSAGE][PASSED] - Delayed 5 second(s)

2018-11-16 11:46:27 - [TEST_STEP][PASSED] - click: Object: 'Object Repository/Final Object Repo/Page_Update Employee Information By Employer/Confirm' is clicked on

2018-11-16 11:46:31 - [MESSAGE][PASSED] - Object: 'Object Repository/Final Object Repo/Page_Update Employee Information By Employer/Confirm' is clicked on

2018-11-16 11:46:31 - [TEST_STEP][PASSED] - delay: Delayed 5 second(s)

2018-11-16 11:46:36 - [MESSAGE][PASSED] - Delayed 5 second(s)

2018-11-16 11:46:36 - [TEST_STEP][PASSED] - verifyElementVisible: Object 'Object Repository/Final Object Repo/Page_Update Employee Information By Employer/Successfull Message Routed to UO' is visible

2018-11-16 11:46:36 - [MESSAGE][PASSED] - Object 'Object Repository/Final Object Repo/Page_Update Employee Information By Employer/Successfull Message Routed to UO' is visible

2018-11-16 11:46:36 - [MESSAGE][PASSED] - Call Test Case 'Test Cases/Final Aug 2018 - PKS Automation/Registration Module/Workflow/Update Employee Information (Employer)/Template/Update Employer Information - Special Case (OTC)' successfully

2018-11-16 11:46:36 - [TEST_STEP][PASSED] - callTestCase: Call Test Case 'Test Cases/Final Aug 2018 - PKS Automation/Registration Module/Workflow/Update Employee Information (Employer)/Template/Update Employee Information - Special Case - UO (UnderEnforcement)' successfully

2018-11-16 11:46:36 - [TEST_CASE][PASSED] - Test Cases/Final Aug 2018 - PKS Automation/Registration Module/Workflow/Update Employee Information (Employer)/Template/Update Employee Information - Special Case - UO (UnderEnforcement): Test Cases/Final Aug 2018 - PKS Automation/Registration Module/Workflow/Update Employee Information (Employer)/Template/Update Employee Information - Special Case - UO (UnderEnforcement)

2018-11-16 11:46:36 - [TEST_STEP][NOT_RUN] - callTestCase: NOT_RUN: callTestCase

2018-11-16 11:46:36 - [MESSAGE][NOT_RUN] - NOT_RUN: callTestCase

2018-11-16 11:46:36 - [TEST_STEP][PASSED] - delay: Delayed 2 second(s)

2018-11-16 11:46:38 - [MESSAGE][PASSED] - Delayed 2 second(s)

2018-11-16 11:46:38 - [TEST_STEP][PASSED] - navigateToUrl: Navigate to 'https://assist2-uat.perkeso.gov.my/c/portal/logout' successfully

2018-11-16 11:46:39 - [MESSAGE][PASSED] - Navigate to 'https://assist2-uat.perkeso.gov.my/c/portal/logout' successfully

2018-11-16 11:46:39 - [TEST_STEP][PASSED] - delay: Delayed 2 second(s)

2018-11-16 11:46:41 - [MESSAGE][PASSED] - Delayed 2 second(s)

2018-11-16 11:46:41 - [TEST_STEP][PASSED] - callTestCase: Call Test Case 'Test Cases/Final Aug 2018 - PKS Automation/Common/Reference Number Getter' successfully

2018-11-16 11:46:41 - [TEST_CASE][PASSED] - Test Cases/Final Aug 2018 - PKS Automation/Common/Reference Number Getter: Test Cases/Final Aug 2018 - PKS Automation/Common/Reference Number Getter

2018-11-16 11:46:41 - [TEST_STEP][PASSED] - Statement - Try: null

2018-11-16 11:46:41 - [TEST_STEP][PASSED] - Statement - RefNo = new java.io.File(C://KatalonReference.txt): null

2018-11-16 11:46:41 - [TEST_STEP][PASSED] - Statement - bufferread = new java.io.BufferedReader(new java.io.FileReader(RefNo)): null

2018-11-16 11:46:41 - [TEST_STEP][PASSED] - Statement - readedVal = bufferread.readLine(): null

2018-11-16 11:46:41 - [TEST_STEP][PASSED] - Statement - out.println(CaseReferenceNo): null

2018-11-16 11:46:41 - [TEST_STEP][PASSED] - Statement - out.println(readedVal): null

2018-11-16 11:46:41 - [TEST_STEP][PASSED] - Statement - CaseReferenceNo = "": null

2018-11-16 11:46:41 - [TEST_STEP][PASSED] - Statement - CaseReferenceNo = readedVal: null

2018-11-16 11:46:41 - [MESSAGE][PASSED] - Call Test Case 'Test Cases/Final Aug 2018 - PKS Automation/Common/Reference Number Getter' successfully

2018-11-16 11:46:41 - [TEST_STEP][PASSED] - callTestCase: Call Test Case 'Test Cases/Final Aug 2018 - PKS Automation/Common/Workflow Owner Finder' successfully

2018-11-16 11:46:41 - [TEST_CASE][PASSED] - Test Cases/Final Aug 2018 - PKS Automation/Common/Workflow Owner Finder: Test Cases/Final Aug 2018 - PKS Automation/Common/Workflow Owner Finder

2018-11-16 11:46:41 - [TEST_STEP][PASSED] - openBrowser: Browser is opened with url: ''

2018-11-16 11:46:41 - [MESSAGE][WARNING] - A browser is already opened. Closing browser and opening a new one

2018-11-16 11:46:46 - [MESSAGE][PASSED] - Browser is opened with url: ''

2018-11-16 11:46:46 - [TEST_STEP][PASSED] - navigateToUrl: Navigate to 'https://assist2-uat.perkeso.gov.my/login' successfully

2018-11-16 11:46:49 - [MESSAGE][PASSED] - Navigate to 'https://assist2-uat.perkeso.gov.my/login' successfully

2018-11-16 11:46:49 - [TEST_STEP][PASSED] - delay: Delayed 5 second(s)

2018-11-16 11:46:54 - [MESSAGE][PASSED] - Delayed 5 second(s)

2018-11-16 11:46:54 - [TEST_STEP][PASSED] - setText: Text 'test@liferay.com' is set on object 'Object Repository/Final Object Repo/Login Page/Internal User/Email Address'

2018-11-16 11:46:54 - [MESSAGE][PASSED] - Text 'test@liferay.com' is set on object 'Object Repository/Final Object Repo/Login Page/Internal User/Email Address'

2018-11-16 11:46:54 - [TEST_STEP][PASSED] - click: Object: 'Object Repository/Final Object Repo/Login Page/Internal User/Next Button' is clicked on

2018-11-16 11:46:54 - [MESSAGE][PASSED] - Object: 'Object Repository/Final Object Repo/Login Page/Internal User/Next Button' is clicked on

2018-11-16 11:46:54 - [TEST_STEP][PASSED] - delay: Delayed 2 second(s)

2018-11-16 11:46:56 - [MESSAGE][PASSED] - Delayed 2 second(s)

2018-11-16 11:46:56 - [TEST_STEP][PASSED] - setText: Text 'test' is set on object 'Object Repository/Final Object Repo/Login Page/Internal User/Password'

2018-11-16 11:46:56 - [MESSAGE][PASSED] - Text 'test' is set on object 'Object Repository/Final Object Repo/Login Page/Internal User/Password'

2018-11-16 11:46:56 - [TEST_STEP][PASSED] - delay: Delayed 2 second(s)

2018-11-16 11:46:58 - [MESSAGE][PASSED] - Delayed 2 second(s)

2018-11-16 11:46:58 - [TEST_STEP][PASSED] - click: Object: 'Object Repository/Final Object Repo/Login Page/Internal User/Login Button' is clicked on

2018-11-16 11:47:01 - [MESSAGE][PASSED] - Object: 'Object Repository/Final Object Repo/Login Page/Internal User/Login Button' is clicked on

2018-11-16 11:47:01 - [TEST_STEP][PASSED] - Statement - Try: Delayed 2 second(s)

2018-11-16 11:47:01 - [TEST_STEP][PASSED] - Statement - Checker = false: null

2018-11-16 11:47:01 - [TEST_STEP][PASSED] - Statement - Checker = com.kms.katalon.core.webui.keyword.WebUiBuiltInKeywords.verifyElementHasAttribute(com.kms.katalon.core.testobject.ObjectRepository.findTestObject(Final Object Repo/Landing Page/BM Detecting), "href", 20, OPTIONAL): Object 'Object Repository/Final Object Repo/Landing Page/BM Detecting' has attribute 'href'

2018-11-16 11:47:01 - [MESSAGE][PASSED] - Object 'Object Repository/Final Object Repo/Landing Page/BM Detecting' has attribute 'href'

2018-11-16 11:47:01 - [TEST_STEP][PASSED] - Statement - out.println(Checker): null

2018-11-16 11:47:01 - [TEST_STEP][PASSED] - Statement - If (Checker == false): null

2018-11-16 11:47:01 - [TEST_STEP][PASSED] - Statement - Else: null

2018-11-16 11:47:01 - [TEST_STEP][PASSED] - delay: Delayed 2 second(s)

2018-11-16 11:47:03 - [MESSAGE][PASSED] - Delayed 2 second(s)

2018-11-16 11:47:03 - [TEST_STEP][PASSED] - delay: Delayed 3 second(s)

2018-11-16 11:47:06 - [MESSAGE][PASSED] - Delayed 3 second(s)

2018-11-16 11:47:06 - [TEST_STEP][PASSED] - mouseOver: Object: 'Object Repository/Final Object Repo/Landing Page/WorkFlow Menu' is hovered

2018-11-16 11:47:07 - [MESSAGE][PASSED] - Object: 'Object Repository/Final Object Repo/Landing Page/WorkFlow Menu' is hovered

2018-11-16 11:47:07 - [TEST_STEP][PASSED] - delay: Delayed 2 second(s)

2018-11-16 11:47:09 - [MESSAGE][PASSED] - Delayed 2 second(s)

2018-11-16 11:47:09 - [TEST_STEP][PASSED] - click: Object: 'Object Repository/Final Object Repo/Landing Page/Select to Workflow Listing' is clicked on

2018-11-16 11:47:10 - [MESSAGE][PASSED] - Object: 'Object Repository/Final Object Repo/Landing Page/Select to Workflow Listing' is clicked on

2018-11-16 11:47:10 - [TEST_STEP][PASSED] - delay: Delayed 2 second(s)

2018-11-16 11:47:12 - [MESSAGE][PASSED] - Delayed 2 second(s)

2018-11-16 11:47:12 - [TEST_STEP][PASSED] - click: Object: 'Object Repository/Final Object Repo/WorkFlow Listing Page/Search Information - To Put Ref No' is clicked on

2018-11-16 11:47:12 - [MESSAGE][PASSED] - Object: 'Object Repository/Final Object Repo/WorkFlow Listing Page/Search Information - To Put Ref No' is clicked on

2018-11-16 11:47:12 - [TEST_STEP][PASSED] - delay: Delayed 2 second(s)

2018-11-16 11:47:14 - [MESSAGE][PASSED] - Delayed 2 second(s)

2018-11-16 11:47:14 - [TEST_STEP][PASSED] - callTestCase: Call Test Case 'Test Cases/Final Aug 2018 - PKS Automation/Common/Reference Number Getter' successfully

2018-11-16 11:47:14 - [TEST_CASE][PASSED] - Test Cases/Final Aug 2018 - PKS Automation/Common/Reference Number Getter: Test Cases/Final Aug 2018 - PKS Automation/Common/Reference Number Getter

2018-11-16 11:47:14 - [TEST_STEP][PASSED] - Statement - Try: null

2018-11-16 11:47:14 - [TEST_STEP][PASSED] - Statement - RefNo = new java.io.File(C://KatalonReference.txt): null

2018-11-16 11:47:14 - [TEST_STEP][PASSED] - Statement - bufferread = new java.io.BufferedReader(new java.io.FileReader(RefNo)): null

2018-11-16 11:47:14 - [TEST_STEP][PASSED] - Statement - readedVal = bufferread.readLine(): null

2018-11-16 11:47:14 - [TEST_STEP][PASSED] - Statement - out.println(CaseReferenceNo): null

2018-11-16 11:47:14 - [TEST_STEP][PASSED] - Statement - out.println(readedVal): null

2018-11-16 11:47:14 - [TEST_STEP][PASSED] - Statement - CaseReferenceNo = "": null

2018-11-16 11:47:14 - [TEST_STEP][PASSED] - Statement - CaseReferenceNo = readedVal: null

2018-11-16 11:47:14 - [MESSAGE][PASSED] - Call Test Case 'Test Cases/Final Aug 2018 - PKS Automation/Common/Reference Number Getter' successfully

2018-11-16 11:47:14 - [TEST_STEP][PASSED] - setText: Text 'CUN112018C100005490' is set on object 'Object Repository/Final Object Repo/WorkFlow Listing Page/Ref No Set Text'

2018-11-16 11:47:15 - [MESSAGE][PASSED] - Text 'CUN112018C100005490' is set on object 'Object Repository/Final Object Repo/WorkFlow Listing Page/Ref No Set Text'

2018-11-16 11:47:15 - [TEST_STEP][PASSED] - delay: Delayed 2 second(s)

2018-11-16 11:47:17 - [MESSAGE][PASSED] - Delayed 2 second(s)

2018-11-16 11:47:17 - [TEST_STEP][PASSED] - click: Object: 'Object Repository/Final Object Repo/WorkFlow Listing Page/Search Ref No Search Button' is clicked on

2018-11-16 11:47:18 - [MESSAGE][PASSED] - Object: 'Object Repository/Final Object Repo/WorkFlow Listing Page/Search Ref No Search Button' is clicked on

2018-11-16 11:47:18 - [TEST_STEP][PASSED] - delay: Delayed 4 second(s)

2018-11-16 11:47:22 - [MESSAGE][PASSED] - Delayed 4 second(s)

2018-11-16 11:47:22 - [TEST_STEP][PASSED] - click: Object: 'Object Repository/Final Object Repo/WorkFlow Listing Page/Click Continue Tooltip' is clicked on

2018-11-16 11:47:24 - [MESSAGE][PASSED] - Object: 'Object Repository/Final Object Repo/WorkFlow Listing Page/Click Continue Tooltip' is clicked on

2018-11-16 11:47:24 - [TEST_STEP][PASSED] - delay: Delayed 5 second(s)

2018-11-16 11:47:29 - [MESSAGE][PASSED] - Delayed 5 second(s)

2018-11-16 11:47:29 - [TEST_STEP][PASSED] - doubleClick: Object: 'Object Repository/Final Object Repo/WorkFlow Listing Page/Workflow Found - Listing 1' is double clicked on

2018-11-16 11:47:29 - [MESSAGE][PASSED] - Object: 'Object Repository/Final Object Repo/WorkFlow Listing Page/Workflow Found - Listing 1' is double clicked on

2018-11-16 11:47:29 - [TEST_STEP][PASSED] - Statement - println(OwnerID): null

2018-11-16 11:47:29 - [TEST_STEP][PASSED] - Statement - OwnerID = com.kms.katalon.core.webui.keyword.WebUiBuiltInKeywords.getText(com.kms.katalon.core.testobject.ObjectRepository.findTestObject(Final Object Repo/WorkFlow Listing Page/Workflow Found - Listing 1), STOP_ON_FAILURE): Text of object 'Object Repository/Final Object Repo/WorkFlow Listing Page/Workflow Found - Listing 1' is: 'JOHORuo2'

2018-11-16 11:47:29 - [MESSAGE][PASSED] - Text of object 'Object Repository/Final Object Repo/WorkFlow Listing Page/Workflow Found - Listing 1' is: 'JOHORuo2'

2018-11-16 11:47:29 - [TEST_STEP][PASSED] - Statement - OwnerID = OwnerID.toLowerCase() + "@gmail.com": null

2018-11-16 11:47:29 - [TEST_STEP][PASSED] - Statement - println(OwnerID): null

2018-11-16 11:47:29 - [TEST_STEP][PASSED] - delay: Delayed 2 second(s)

2018-11-16 11:47:31 - [MESSAGE][PASSED] - Delayed 2 second(s)

2018-11-16 11:47:31 - [MESSAGE][PASSED] - Call Test Case 'Test Cases/Final Aug 2018 - PKS Automation/Common/Workflow Owner Finder' successfully

2018-11-16 11:47:31 - [TEST_STEP][PASSED] - delay: Delayed 2 second(s)

2018-11-16 11:47:33 - [MESSAGE][PASSED] - Delayed 2 second(s)

2018-11-16 11:47:33 - [TEST_STEP][PASSED] - navigateToUrl: Navigate to 'https://assist2-uat.perkeso.gov.my/c/portal/logout' successfully

2018-11-16 11:47:34 - [MESSAGE][PASSED] - Navigate to 'https://assist2-uat.perkeso.gov.my/c/portal/logout' successfully

2018-11-16 11:47:34 - [TEST_STEP][PASSED] - delay: Delayed 2 second(s)

2018-11-16 11:47:36 - [MESSAGE][PASSED] - Delayed 2 second(s)

2018-11-16 11:47:36 - [TEST_STEP][PASSED] - callTestCase: Call Test Case 'Test Cases/Final Aug 2018 - PKS Automation/Registration Module/Workflow/Login and Search Case For Workflow' successfully

2018-11-16 11:47:36 - [TEST_CASE][PASSED] - Test Cases/Final Aug 2018 - PKS Automation/Registration Module/Workflow/Login and Search Case For Workflow: Test Cases/Final Aug 2018 - PKS Automation/Registration Module/Workflow/Login and Search Case For Workflow

2018-11-16 11:47:36 - [TEST_STEP][PASSED] - navigateToUrl: Navigate to 'https://assist2-uat.perkeso.gov.my/login' successfully

2018-11-16 11:47:37 - [MESSAGE][PASSED] - Navigate to 'https://assist2-uat.perkeso.gov.my/login' successfully

2018-11-16 11:47:37 - [TEST_STEP][PASSED] - setText: Text 'johoruo2@gmail.com' is set on object 'Object Repository/Final Object Repo/Login Page/Internal User/Email Address'

2018-11-16 11:47:37 - [MESSAGE][PASSED] - Text 'johoruo2@gmail.com' is set on object 'Object Repository/Final Object Repo/Login Page/Internal User/Email Address'

2018-11-16 11:47:37 - [TEST_STEP][PASSED] - click: Object: 'Object Repository/Final Object Repo/Login Page/Internal User/Next Button' is clicked on

2018-11-16 11:47:38 - [MESSAGE][PASSED] - Object: 'Object Repository/Final Object Repo/Login Page/Internal User/Next Button' is clicked on

2018-11-16 11:47:38 - [TEST_STEP][PASSED] - delay: Delayed 1 second(s)

2018-11-16 11:47:39 - [MESSAGE][PASSED] - Delayed 1 second(s)

2018-11-16 11:47:39 - [TEST_STEP][PASSED] - setEncryptedText: Text ****** has been set on object 'Object Repository/Final Object Repo/Login Page/Internal User/Password'

2018-11-16 11:47:39 - [MESSAGE][PASSED] - Text ****** has been set on object 'Object Repository/Final Object Repo/Login Page/Internal User/Password'

2018-11-16 11:47:39 - [TEST_STEP][PASSED] - click: Object: 'Object Repository/Final Object Repo/Login Page/Internal User/Login Button' is clicked on

2018-11-16 11:47:41 - [MESSAGE][PASSED] - Object: 'Object Repository/Final Object Repo/Login Page/Internal User/Login Button' is clicked on

2018-11-16 11:47:41 - [TEST_STEP][PASSED] - delay: Delayed 2 second(s)

2018-11-16 11:47:43 - [MESSAGE][PASSED] - Delayed 2 second(s)

2018-11-16 11:47:43 - [TEST_STEP][PASSED] - Statement - Try: Delayed 2 second(s)

2018-11-16 11:47:43 - [TEST_STEP][PASSED] - Statement - Checker = false: null

2018-11-16 11:47:43 - [TEST_STEP][PASSED] - Statement - Checker = com.kms.katalon.core.webui.keyword.WebUiBuiltInKeywords.verifyElementHasAttribute(com.kms.katalon.core.testobject.ObjectRepository.findTestObject(Final Object Repo/Landing Page/BM Detecting), "href", 20, OPTIONAL): Object 'Object Repository/Final Object Repo/Landing Page/BM Detecting' has attribute 'href'

2018-11-16 11:47:43 - [MESSAGE][PASSED] - Object 'Object Repository/Final Object Repo/Landing Page/BM Detecting' has attribute 'href'

2018-11-16 11:47:43 - [TEST_STEP][PASSED] - Statement - out.println(Checker): null

2018-11-16 11:47:43 - [TEST_STEP][PASSED] - Statement - If (Checker == false): null

2018-11-16 11:47:43 - [TEST_STEP][PASSED] - Statement - Else: null

2018-11-16 11:47:43 - [TEST_STEP][PASSED] - delay: Delayed 2 second(s)

2018-11-16 11:47:45 - [MESSAGE][PASSED] - Delayed 2 second(s)

2018-11-16 11:47:45 - [TEST_STEP][PASSED] - click: Object: 'Object Repository/Final Object Repo/Page_MyASSIST - ASSIST - Search Pending Case For Add Supporting Document/Search Information' is clicked on

2018-11-16 11:47:45 - [MESSAGE][PASSED] - Object: 'Object Repository/Final Object Repo/Page_MyASSIST - ASSIST - Search Pending Case For Add Supporting Document/Search Information' is clicked on

2018-11-16 11:47:45 - [TEST_STEP][PASSED] - delay: Delayed 3 second(s)

2018-11-16 11:47:48 - [MESSAGE][PASSED] - Delayed 3 second(s)

2018-11-16 11:47:48 - [TEST_STEP][PASSED] - sendKeys: Keys 'CUN112018C100005490' sent to object: 'Object Repository/Final Object Repo/Page_MyASSIST - ASSIST - Search Pending Case For Add Supporting Document/Reference No'

2018-11-16 11:47:48 - [MESSAGE][PASSED] - Keys 'CUN112018C100005490' sent to object: 'Object Repository/Final Object Repo/Page_MyASSIST - ASSIST - Search Pending Case For Add Supporting Document/Reference No'

2018-11-16 11:47:48 - [TEST_STEP][PASSED] - click: Object: 'Object Repository/Final Object Repo/Page_MyASSIST - ASSIST - Search Pending Case For Add Supporting Document/Search Reference No' is clicked on

2018-11-16 11:47:50 - [MESSAGE][PASSED] - Object: 'Object Repository/Final Object Repo/Page_MyASSIST - ASSIST - Search Pending Case For Add Supporting Document/Search Reference No' is clicked on

2018-11-16 11:47:50 - [TEST_STEP][PASSED] - delay: Delayed 2 second(s)

2018-11-16 11:47:52 - [MESSAGE][PASSED] - Delayed 2 second(s)

2018-11-16 11:47:52 - [TEST_STEP][PASSED] - click: Object: 'Object Repository/Final Object Repo/Page_MyASSIST - ASSIST - Search Pending Case For Add Supporting Document/Continue' is clicked on

2018-11-16 11:47:56 - [MESSAGE][PASSED] - Object: 'Object Repository/Final Object Repo/Page_MyASSIST - ASSIST - Search Pending Case For Add Supporting Document/Continue' is clicked on

2018-11-16 11:47:56 - [TEST_STEP][PASSED] - delay: Delayed 20 second(s)

2018-11-16 11:48:16 - [MESSAGE][PASSED] - Delayed 20 second(s)

2018-11-16 11:48:16 - [MESSAGE][PASSED] - Call Test Case 'Test Cases/Final Aug 2018 - PKS Automation/Registration Module/Workflow/Login and Search Case For Workflow' successfully

2018-11-16 11:48:16 - [TEST_STEP][PASSED] - delay: Delayed 2 second(s)

2018-11-16 11:48:18 - [MESSAGE][PASSED] - Delayed 2 second(s)

2018-11-16 11:48:18 - [TEST_STEP][PASSED] - click: Object: 'Object Repository/Final Object Repo/Page_Update Employee Information By Employer/Page_Update Employee Information by Employer (Approve)/Continue' is clicked on

2018-11-16 11:48:22 - [MESSAGE][PASSED] - Object: 'Object Repository/Final Object Repo/Page_Update Employee Information By Employer/Page_Update Employee Information by Employer (Approve)/Continue' is clicked on

2018-11-16 11:48:22 - [TEST_STEP][PASSED] - delay: Delayed 2 second(s)

2018-11-16 11:48:24 - [MESSAGE][PASSED] - Delayed 2 second(s)

2018-11-16 11:48:24 - [TEST_STEP][PASSED] - click: Object: 'Object Repository/Final Object Repo/Page_Update Employee Information By Employer/Page_Update Employee Information by Employer (Approve)/Save  Continue in Update Employee Information Page' is clicked on

2018-11-16 11:48:28 - [MESSAGE][PASSED] - Object: 'Object Repository/Final Object Repo/Page_Update Employee Information By Employer/Page_Update Employee Information by Employer (Approve)/Save  Continue in Update Employee Information Page' is clicked on

2018-11-16 11:48:28 - [TEST_STEP][PASSED] - delay: Delayed 4 second(s)

2018-11-16 11:48:32 - [MESSAGE][PASSED] - Delayed 4 second(s)

2018-11-16 11:48:32 - [TEST_STEP][PASSED] - click: Object: 'Object Repository/Final Object Repo/Page_Update Employee Information By Employer/Page_Update Employee Information by Employer (Approve)/Save  Continue in Upload Supporting Doucument Page' is clicked on

2018-11-16 11:48:36 - [MESSAGE][PASSED] - Object: 'Object Repository/Final Object Repo/Page_Update Employee Information By Employer/Page_Update Employee Information by Employer (Approve)/Save  Continue in Upload Supporting Doucument Page' is clicked on

2018-11-16 11:48:36 - [TEST_STEP][PASSED] - delay: Delayed 2 second(s)

2018-11-16 11:48:38 - [MESSAGE][PASSED] - Delayed 2 second(s)

2018-11-16 11:48:38 - [TEST_STEP][PASSED] - click: Object: 'Object Repository/Final Object Repo/Page_Update Employee Information By Employer/Page_Update Employee Information by Employer (Under enforcement)/Under enforcement' is clicked on

2018-11-16 11:48:39 - [MESSAGE][PASSED] - Object: 'Object Repository/Final Object Repo/Page_Update Employee Information By Employer/Page_Update Employee Information by Employer (Under enforcement)/Under enforcement' is clicked on

2018-11-16 11:48:39 - [TEST_STEP][PASSED] - delay: Delayed 2 second(s)

2018-11-16 11:48:41 - [MESSAGE][PASSED] - Delayed 2 second(s)

2018-11-16 11:48:41 - [TEST_STEP][PASSED] - setText: Text 'Remark' is set on object 'Object Repository/Final Object Repo/Page_Update Employee Information By Employer/Page_Update Employee Information by Employer (Under enforcement)/Under enforcement - Remark'

2018-11-16 11:48:41 - [MESSAGE][PASSED] - Text 'Remark' is set on object 'Object Repository/Final Object Repo/Page_Update Employee Information By Employer/Page_Update Employee Information by Employer (Under enforcement)/Under enforcement - Remark'

2018-11-16 11:48:41 - [TEST_STEP][PASSED] - delay: Delayed 2 second(s)

2018-11-16 11:48:43 - [MESSAGE][PASSED] - Delayed 2 second(s)

2018-11-16 11:48:43 - [TEST_STEP][PASSED] - click: Object: 'Object Repository/Final Object Repo/Page_Update Employee Information By Employer/Page_Update Employee Information by Employer (Under enforcement)/Save  Continu in Under enforcement Page' is clicked on

2018-11-16 11:48:46 - [MESSAGE][PASSED] - Object: 'Object Repository/Final Object Repo/Page_Update Employee Information By Employer/Page_Update Employee Information by Employer (Under enforcement)/Save  Continu in Under enforcement Page' is clicked on

2018-11-16 11:48:46 - [TEST_STEP][PASSED] - delay: Delayed 2 second(s)

2018-11-16 11:48:48 - [MESSAGE][PASSED] - Delayed 2 second(s)

2018-11-16 11:48:48 - [TEST_STEP][PASSED] - click: Object: 'Object Repository/Final Object Repo/Page_Update Employee Information By Employer/Page_Update Employee Information by Employer (Under enforcement)/Under enforceme Message The case is under enforcement' is clicked on

2018-11-16 11:48:49 - [MESSAGE][PASSED] - Object: 'Object Repository/Final Object Repo/Page_Update Employee Information By Employer/Page_Update Employee Information by Employer (Under enforcement)/Under enforceme Message The case is under enforcement' is clicked on

2018-11-16 11:48:49 - [TEST_STEP][PASSED] - click: Object: 'Object Repository/Final Object Repo/Page_Update Employee Information By Employer/Page_Update Employee Information by Employer (Under enforcement)/Under enforcement - OK button' is clicked on

2018-11-16 11:48:50 - [MESSAGE][PASSED] - Object: 'Object Repository/Final Object Repo/Page_Update Employee Information By Employer/Page_Update Employee Information by Employer (Under enforcement)/Under enforcement - OK button' is clicked on

2018-11-16 11:48:50 - [MESSAGE][PASSED] - Call Test Case 'Test Cases/Final Aug 2018 - PKS Automation/Registration Module/Workflow/Update Employee Information (Employer)/Template/Update Employee Information - Special Case - UO (UnderEnforcement)' successfully]]></system-out>
         <system-err><![CDATA[]]></system-err>
      </testcase>
      <testcase name="Test Cases/Final Aug 2018 - PKS Automation/Registration Module/Workflow/Update Employee Information (Employer)/PAU to UO (Approve)" classname="Test Cases/Final Aug 2018 - PKS Automation/Registration Module/Workflow/Update Employee Information (Employer)/PAU to UO (Approve)" status="PASSED">
         <system-out><![CDATA[2018-11-16 11:48:50 - [TEST_CASE][PASSED] - Test Cases/Final Aug 2018 - PKS Automation/Registration Module/Workflow/Update Employee Information (Employer)/PAU to UO (Approve): Test Cases/Final Aug 2018 - PKS Automation/Registration Module/Workflow/Update Employee Information (Employer)/PAU to UO (Approve)

2018-11-16 11:48:50 - [TEST_STEP][PASSED] - callTestCase: Call Test Case 'Test Cases/Final Aug 2018 - PKS Automation/Registration Module/Workflow/Update Employee Information (Employer)/Template/Update Employer Information - Special Case (PAU)' successfully

2018-11-16 11:48:50 - [TEST_CASE][PASSED] - Test Cases/Final Aug 2018 - PKS Automation/Registration Module/Workflow/Update Employee Information (Employer)/Template/Update Employer Information - Special Case (PAU): Test Cases/Final Aug 2018 - PKS Automation/Registration Module/Workflow/Update Employee Information (Employer)/Template/Update Employer Information - Special Case (PAU)

2018-11-16 11:48:50 - [TEST_STEP][PASSED] - openBrowser: Browser is opened with url: ''

2018-11-16 11:48:50 - [MESSAGE][WARNING] - A browser is already opened. Closing browser and opening a new one

2018-11-16 11:48:55 - [MESSAGE][PASSED] - Browser is opened with url: ''

2018-11-16 11:48:55 - [TEST_STEP][PASSED] - navigateToUrl: Navigate to 'https://assist2-uat.perkeso.gov.my/login' successfully

2018-11-16 11:48:57 - [MESSAGE][PASSED] - Navigate to 'https://assist2-uat.perkeso.gov.my/login' successfully

2018-11-16 11:48:57 - [TEST_STEP][PASSED] - setText: Text 'johorpau1@gmail.com' is set on object 'Object Repository/Final Object Repo/Login Page/Internal User/Email Address'

2018-11-16 11:48:57 - [MESSAGE][PASSED] - Text 'johorpau1@gmail.com' is set on object 'Object Repository/Final Object Repo/Login Page/Internal User/Email Address'

2018-11-16 11:48:57 - [TEST_STEP][PASSED] - click: Object: 'Object Repository/Final Object Repo/Login Page/Internal User/Next Button' is clicked on

2018-11-16 11:48:58 - [MESSAGE][PASSED] - Object: 'Object Repository/Final Object Repo/Login Page/Internal User/Next Button' is clicked on

2018-11-16 11:48:58 - [TEST_STEP][PASSED] - delay: Delayed 1 second(s)

2018-11-16 11:48:59 - [MESSAGE][PASSED] - Delayed 1 second(s)

2018-11-16 11:48:59 - [TEST_STEP][PASSED] - setEncryptedText: Text ****** has been set on object 'Object Repository/Final Object Repo/Login Page/Internal User/Password'

2018-11-16 11:48:59 - [MESSAGE][PASSED] - Text ****** has been set on object 'Object Repository/Final Object Repo/Login Page/Internal User/Password'

2018-11-16 11:48:59 - [TEST_STEP][PASSED] - click: Object: 'Object Repository/Final Object Repo/Login Page/Internal User/Login Button' is clicked on

2018-11-16 11:49:02 - [MESSAGE][PASSED] - Object: 'Object Repository/Final Object Repo/Login Page/Internal User/Login Button' is clicked on

2018-11-16 11:49:02 - [TEST_STEP][PASSED] - Statement - Try: Delayed 2 second(s)

2018-11-16 11:49:02 - [TEST_STEP][PASSED] - Statement - Checker = false: null

2018-11-16 11:49:02 - [TEST_STEP][PASSED] - Statement - Checker = com.kms.katalon.core.webui.keyword.WebUiBuiltInKeywords.verifyElementHasAttribute(com.kms.katalon.core.testobject.ObjectRepository.findTestObject(Final Object Repo/Landing Page/BM Detecting), "href", 20, OPTIONAL): Object 'Object Repository/Final Object Repo/Landing Page/BM Detecting' has attribute 'href'

2018-11-16 11:49:02 - [MESSAGE][PASSED] - Object 'Object Repository/Final Object Repo/Landing Page/BM Detecting' has attribute 'href'

2018-11-16 11:49:02 - [TEST_STEP][PASSED] - Statement - out.println(Checker): null

2018-11-16 11:49:02 - [TEST_STEP][PASSED] - Statement - If (Checker == false): null

2018-11-16 11:49:02 - [TEST_STEP][PASSED] - Statement - Else: null

2018-11-16 11:49:02 - [TEST_STEP][PASSED] - delay: Delayed 2 second(s)

2018-11-16 11:49:04 - [MESSAGE][PASSED] - Delayed 2 second(s)

2018-11-16 11:49:04 - [TEST_STEP][PASSED] - delay: Delayed 1 second(s)

2018-11-16 11:49:05 - [MESSAGE][PASSED] - Delayed 1 second(s)

2018-11-16 11:49:05 - [TEST_STEP][PASSED] - navigateToUrl: Navigate to 'https://assist2-uat.perkeso.gov.my/web/registration/update/update-employee-information-employer-' successfully

2018-11-16 11:49:06 - [MESSAGE][PASSED] - Navigate to 'https://assist2-uat.perkeso.gov.my/web/registration/update/update-employee-information-employer-' successfully

2018-11-16 11:49:06 - [TEST_STEP][PASSED] - setText: Text 'E1102001065V' is set on object 'Object Repository/Final Object Repo/Page_Update Employee Information By Employer/Employer Code'

2018-11-16 11:49:06 - [MESSAGE][PASSED] - Text 'E1102001065V' is set on object 'Object Repository/Final Object Repo/Page_Update Employee Information By Employer/Employer Code'

2018-11-16 11:49:06 - [TEST_STEP][PASSED] - click: Object: 'Object Repository/Final Object Repo/Page_Update Employee Information By Employer/Search Employer Code' is clicked on

2018-11-16 11:49:08 - [MESSAGE][PASSED] - Object: 'Object Repository/Final Object Repo/Page_Update Employee Information By Employer/Search Employer Code' is clicked on

2018-11-16 11:49:08 - [TEST_STEP][PASSED] - click: Object: 'Object Repository/Final Object Repo/Page_Update Employee Information By Employer/Edit Button' is clicked on

2018-11-16 11:49:12 - [MESSAGE][PASSED] - Object: 'Object Repository/Final Object Repo/Page_Update Employee Information By Employer/Edit Button' is clicked on

2018-11-16 11:49:12 - [TEST_STEP][PASSED] - click: Object: 'Object Repository/Final Object Repo/Page_Update Employee Information By Employer/Employee Name or New Identification' is clicked on

2018-11-16 11:49:12 - [MESSAGE][PASSED] - Object: 'Object Repository/Final Object Repo/Page_Update Employee Information By Employer/Employee Name or New Identification' is clicked on

2018-11-16 11:49:12 - [TEST_STEP][PASSED] - delay: Delayed 1 second(s)

2018-11-16 11:49:13 - [MESSAGE][PASSED] - Delayed 1 second(s)

2018-11-16 11:49:13 - [TEST_STEP][PASSED] - click: Object: 'Object Repository/Final Object Repo/Page_Update Employee Information By Employer/Selection - Employee Name' is clicked on

2018-11-16 11:49:14 - [MESSAGE][PASSED] - Object: 'Object Repository/Final Object Repo/Page_Update Employee Information By Employer/Selection - Employee Name' is clicked on

2018-11-16 11:49:14 - [TEST_STEP][PASSED] - delay: Delayed 1 second(s)

2018-11-16 11:49:15 - [MESSAGE][PASSED] - Delayed 1 second(s)

2018-11-16 11:49:15 - [TEST_STEP][PASSED] - setText: Text 'PERKESO' is set on object 'Object Repository/Final Object Repo/Page_Update Employee Information By Employer/Employee Name'

2018-11-16 11:49:15 - [MESSAGE][PASSED] - Text 'PERKESO' is set on object 'Object Repository/Final Object Repo/Page_Update Employee Information By Employer/Employee Name'

2018-11-16 11:49:15 - [TEST_STEP][PASSED] - delay: Delayed 2 second(s)

2018-11-16 11:49:17 - [MESSAGE][PASSED] - Delayed 2 second(s)

2018-11-16 11:49:17 - [TEST_STEP][PASSED] - click: Object: 'Object Repository/Final Object Repo/Page_Update Employee Information By Employer/Search Employee' is clicked on

2018-11-16 11:49:17 - [MESSAGE][PASSED] - Object: 'Object Repository/Final Object Repo/Page_Update Employee Information By Employer/Search Employee' is clicked on

2018-11-16 11:49:17 - [TEST_STEP][PASSED] - delay: Delayed 3 second(s)

2018-11-16 11:49:20 - [MESSAGE][PASSED] - Delayed 3 second(s)

2018-11-16 11:49:20 - [TEST_STEP][PASSED] - click: Object: 'Object Repository/Final Object Repo/Page_Update Employee Information By Employer/Employee Edit Button' is clicked on

2018-11-16 11:49:21 - [MESSAGE][PASSED] - Object: 'Object Repository/Final Object Repo/Page_Update Employee Information By Employer/Employee Edit Button' is clicked on

2018-11-16 11:49:21 - [TEST_STEP][PASSED] - delay: Delayed 3 second(s)

2018-11-16 11:49:24 - [MESSAGE][PASSED] - Delayed 3 second(s)

2018-11-16 11:49:24 - [TEST_STEP][PASSED] - setText: Text '' is set on object 'Object Repository/Final Object Repo/Page_Update Employee Information By Employer/Identification Number'

2018-11-16 11:49:24 - [MESSAGE][PASSED] - Text '' is set on object 'Object Repository/Final Object Repo/Page_Update Employee Information By Employer/Identification Number'

2018-11-16 11:49:24 - [TEST_STEP][PASSED] - Statement - rnd = new java.util.Random(): null

2018-11-16 11:49:24 - [TEST_STEP][PASSED] - Statement - snum = rnd.nextInt(899999 + 1) + 100000: null

2018-11-16 11:49:24 - [TEST_STEP][PASSED] - Statement - tnum = rnd.nextInt(899999 + 1) + 100000: null

2018-11-16 11:49:24 - [TEST_STEP][PASSED] - Statement - IC = java.lang.Integer.toString(snum) + java.lang.Integer.toString(tnum): null

2018-11-16 11:49:24 - [TEST_STEP][PASSED] - Statement - out.println(IC): null

2018-11-16 11:49:24 - [TEST_STEP][PASSED] - setText: Text '276764588587' is set on object 'Object Repository/Final Object Repo/Page_Update Employee Information By Employer/Identification Number'

2018-11-16 11:49:24 - [MESSAGE][PASSED] - Text '276764588587' is set on object 'Object Repository/Final Object Repo/Page_Update Employee Information By Employer/Identification Number'

2018-11-16 11:49:24 - [TEST_STEP][PASSED] - click: Object: 'Object Repository/Final Object Repo/Page_Update Employee Information By Employer/Save' is clicked on

2018-11-16 11:49:28 - [MESSAGE][PASSED] - Object: 'Object Repository/Final Object Repo/Page_Update Employee Information By Employer/Save' is clicked on

2018-11-16 11:49:28 - [TEST_STEP][PASSED] - delay: Delayed 5 second(s)

2018-11-16 11:49:33 - [MESSAGE][PASSED] - Delayed 5 second(s)

2018-11-16 11:49:33 - [TEST_STEP][PASSED] - Statement - CaseReferenceNo = com.kms.katalon.core.webui.keyword.WebUiBuiltInKeywords.getText(com.kms.katalon.core.testobject.ObjectRepository.findTestObject(Final Object Repo/Reference Number/Reference Number in Update Employee Information Page)): Text of object 'Object Repository/Final Object Repo/Reference Number/Reference Number in Update Employee Information Page' is: 'CUN112018C100005491'

2018-11-16 11:49:33 - [MESSAGE][PASSED] - Text of object 'Object Repository/Final Object Repo/Reference Number/Reference Number in Update Employee Information Page' is: 'CUN112018C100005491'

2018-11-16 11:49:33 - [TEST_STEP][PASSED] - callTestCase: Call Test Case 'Test Cases/Final Aug 2018 - PKS Automation/Common/Reference Number Setter' successfully

2018-11-16 11:49:33 - [TEST_CASE][PASSED] - Test Cases/Final Aug 2018 - PKS Automation/Common/Reference Number Setter: Test Cases/Final Aug 2018 - PKS Automation/Common/Reference Number Setter

2018-11-16 11:49:33 - [TEST_STEP][PASSED] - Statement - RefNoOldFile = new java.io.File(C://KatalonReference.txt): null

2018-11-16 11:49:33 - [TEST_STEP][PASSED] - Statement - RefNoOldFile.delete(): null

2018-11-16 11:49:33 - [TEST_STEP][PASSED] - delay: Delayed 5 second(s)

2018-11-16 11:49:38 - [MESSAGE][PASSED] - Delayed 5 second(s)

2018-11-16 11:49:38 - [TEST_STEP][PASSED] - Statement - RefNo = new java.io.File(C://KatalonReference.txt): null

2018-11-16 11:49:38 - [TEST_STEP][PASSED] - Statement - f2 = new java.io.FileWriter(RefNo, false): null

2018-11-16 11:49:38 - [TEST_STEP][PASSED] - Statement - f2.write(CaseReferenceNo): null

2018-11-16 11:49:38 - [TEST_STEP][PASSED] - Statement - f2.close(): null

2018-11-16 11:49:38 - [TEST_STEP][PASSED] - Statement - out.println("


" + CaseReferenceNo + "


"): null

2018-11-16 11:49:38 - [MESSAGE][PASSED] - Call Test Case 'Test Cases/Final Aug 2018 - PKS Automation/Common/Reference Number Setter' successfully

2018-11-16 11:49:38 - [TEST_STEP][PASSED] - delay: Delayed 5 second(s)

2018-11-16 11:49:43 - [MESSAGE][PASSED] - Delayed 5 second(s)

2018-11-16 11:49:43 - [TEST_STEP][PASSED] - click: Object: 'Object Repository/Final Object Repo/Page_Update Employee Information By Employer/Save  Continue in  Employee Information Page' is clicked on

2018-11-16 11:49:44 - [MESSAGE][PASSED] - Object: 'Object Repository/Final Object Repo/Page_Update Employee Information By Employer/Save  Continue in  Employee Information Page' is clicked on

2018-11-16 11:49:44 - [TEST_STEP][PASSED] - delay: Delayed 5 second(s)

2018-11-16 11:49:49 - [MESSAGE][PASSED] - Delayed 5 second(s)

2018-11-16 11:49:49 - [TEST_STEP][PASSED] - click: Object: 'Object Repository/Final Object Repo/Page_Update Employee Information By Employer/Save  Continue in Uploading Page 1' is clicked on

2018-11-16 11:49:53 - [MESSAGE][PASSED] - Object: 'Object Repository/Final Object Repo/Page_Update Employee Information By Employer/Save  Continue in Uploading Page 1' is clicked on

2018-11-16 11:49:53 - [TEST_STEP][PASSED] - delay: Delayed 5 second(s)

2018-11-16 11:49:58 - [MESSAGE][PASSED] - Delayed 5 second(s)

2018-11-16 11:49:58 - [TEST_STEP][PASSED] - click: Object: 'Object Repository/Final Object Repo/Page_Update Employee Information By Employer/Submit' is clicked on

2018-11-16 11:49:58 - [MESSAGE][PASSED] - Object: 'Object Repository/Final Object Repo/Page_Update Employee Information By Employer/Submit' is clicked on

2018-11-16 11:49:58 - [TEST_STEP][PASSED] - delay: Delayed 5 second(s)

2018-11-16 11:50:03 - [MESSAGE][PASSED] - Delayed 5 second(s)

2018-11-16 11:50:03 - [TEST_STEP][PASSED] - click: Object: 'Object Repository/Final Object Repo/Page_Update Employee Information By Employer/Confirm' is clicked on

2018-11-16 11:50:07 - [MESSAGE][PASSED] - Object: 'Object Repository/Final Object Repo/Page_Update Employee Information By Employer/Confirm' is clicked on

2018-11-16 11:50:07 - [TEST_STEP][PASSED] - delay: Delayed 5 second(s)

2018-11-16 11:50:12 - [MESSAGE][PASSED] - Delayed 5 second(s)

2018-11-16 11:50:12 - [TEST_STEP][PASSED] - verifyElementVisible: Object 'Object Repository/Final Object Repo/Page_Update Employee Information By Employer/Successfull Message Routed to UO' is visible

2018-11-16 11:50:13 - [MESSAGE][PASSED] - Object 'Object Repository/Final Object Repo/Page_Update Employee Information By Employer/Successfull Message Routed to UO' is visible

2018-11-16 11:50:13 - [MESSAGE][PASSED] - Call Test Case 'Test Cases/Final Aug 2018 - PKS Automation/Registration Module/Workflow/Update Employee Information (Employer)/Template/Update Employer Information - Special Case (PAU)' successfully

2018-11-16 11:50:13 - [TEST_STEP][PASSED] - callTestCase: Call Test Case 'Test Cases/Final Aug 2018 - PKS Automation/Registration Module/Workflow/Update Employee Information (Employer)/Template/Update Employee Information - Special Case - UO (Approve)' successfully

2018-11-16 11:50:13 - [TEST_CASE][PASSED] - Test Cases/Final Aug 2018 - PKS Automation/Registration Module/Workflow/Update Employee Information (Employer)/Template/Update Employee Information - Special Case - UO (Approve): Test Cases/Final Aug 2018 - PKS Automation/Registration Module/Workflow/Update Employee Information (Employer)/Template/Update Employee Information - Special Case - UO (Approve)

2018-11-16 11:50:13 - [TEST_STEP][NOT_RUN] - callTestCase: NOT_RUN: callTestCase

2018-11-16 11:50:13 - [MESSAGE][NOT_RUN] - NOT_RUN: callTestCase

2018-11-16 11:50:13 - [TEST_STEP][PASSED] - delay: Delayed 2 second(s)

2018-11-16 11:50:15 - [MESSAGE][PASSED] - Delayed 2 second(s)

2018-11-16 11:50:15 - [TEST_STEP][PASSED] - navigateToUrl: Navigate to 'https://assist2-uat.perkeso.gov.my/c/portal/logout' successfully

2018-11-16 11:50:16 - [MESSAGE][PASSED] - Navigate to 'https://assist2-uat.perkeso.gov.my/c/portal/logout' successfully

2018-11-16 11:50:16 - [TEST_STEP][PASSED] - delay: Delayed 2 second(s)

2018-11-16 11:50:18 - [MESSAGE][PASSED] - Delayed 2 second(s)

2018-11-16 11:50:18 - [TEST_STEP][PASSED] - callTestCase: Call Test Case 'Test Cases/Final Aug 2018 - PKS Automation/Common/Reference Number Getter' successfully

2018-11-16 11:50:18 - [TEST_CASE][PASSED] - Test Cases/Final Aug 2018 - PKS Automation/Common/Reference Number Getter: Test Cases/Final Aug 2018 - PKS Automation/Common/Reference Number Getter

2018-11-16 11:50:18 - [TEST_STEP][PASSED] - Statement - Try: null

2018-11-16 11:50:18 - [TEST_STEP][PASSED] - Statement - RefNo = new java.io.File(C://KatalonReference.txt): null

2018-11-16 11:50:18 - [TEST_STEP][PASSED] - Statement - bufferread = new java.io.BufferedReader(new java.io.FileReader(RefNo)): null

2018-11-16 11:50:18 - [TEST_STEP][PASSED] - Statement - readedVal = bufferread.readLine(): null

2018-11-16 11:50:18 - [TEST_STEP][PASSED] - Statement - out.println(CaseReferenceNo): null

2018-11-16 11:50:18 - [TEST_STEP][PASSED] - Statement - out.println(readedVal): null

2018-11-16 11:50:18 - [TEST_STEP][PASSED] - Statement - CaseReferenceNo = "": null

2018-11-16 11:50:18 - [TEST_STEP][PASSED] - Statement - CaseReferenceNo = readedVal: null

2018-11-16 11:50:18 - [MESSAGE][PASSED] - Call Test Case 'Test Cases/Final Aug 2018 - PKS Automation/Common/Reference Number Getter' successfully

2018-11-16 11:50:18 - [TEST_STEP][PASSED] - callTestCase: Call Test Case 'Test Cases/Final Aug 2018 - PKS Automation/Common/Workflow Owner Finder' successfully

2018-11-16 11:50:18 - [TEST_CASE][PASSED] - Test Cases/Final Aug 2018 - PKS Automation/Common/Workflow Owner Finder: Test Cases/Final Aug 2018 - PKS Automation/Common/Workflow Owner Finder

2018-11-16 11:50:18 - [TEST_STEP][PASSED] - openBrowser: Browser is opened with url: ''

2018-11-16 11:50:18 - [MESSAGE][WARNING] - A browser is already opened. Closing browser and opening a new one

2018-11-16 11:50:23 - [MESSAGE][PASSED] - Browser is opened with url: ''

2018-11-16 11:50:23 - [TEST_STEP][PASSED] - navigateToUrl: Navigate to 'https://assist2-uat.perkeso.gov.my/login' successfully

2018-11-16 11:50:25 - [MESSAGE][PASSED] - Navigate to 'https://assist2-uat.perkeso.gov.my/login' successfully

2018-11-16 11:50:25 - [TEST_STEP][PASSED] - delay: Delayed 5 second(s)

2018-11-16 11:50:30 - [MESSAGE][PASSED] - Delayed 5 second(s)

2018-11-16 11:50:30 - [TEST_STEP][PASSED] - setText: Text 'test@liferay.com' is set on object 'Object Repository/Final Object Repo/Login Page/Internal User/Email Address'

2018-11-16 11:50:30 - [MESSAGE][PASSED] - Text 'test@liferay.com' is set on object 'Object Repository/Final Object Repo/Login Page/Internal User/Email Address'

2018-11-16 11:50:30 - [TEST_STEP][PASSED] - click: Object: 'Object Repository/Final Object Repo/Login Page/Internal User/Next Button' is clicked on

2018-11-16 11:50:30 - [MESSAGE][PASSED] - Object: 'Object Repository/Final Object Repo/Login Page/Internal User/Next Button' is clicked on

2018-11-16 11:50:30 - [TEST_STEP][PASSED] - delay: Delayed 2 second(s)

2018-11-16 11:50:32 - [MESSAGE][PASSED] - Delayed 2 second(s)

2018-11-16 11:50:32 - [TEST_STEP][PASSED] - setText: Text 'test' is set on object 'Object Repository/Final Object Repo/Login Page/Internal User/Password'

2018-11-16 11:50:32 - [MESSAGE][PASSED] - Text 'test' is set on object 'Object Repository/Final Object Repo/Login Page/Internal User/Password'

2018-11-16 11:50:32 - [TEST_STEP][PASSED] - delay: Delayed 2 second(s)

2018-11-16 11:50:34 - [MESSAGE][PASSED] - Delayed 2 second(s)

2018-11-16 11:50:34 - [TEST_STEP][PASSED] - click: Object: 'Object Repository/Final Object Repo/Login Page/Internal User/Login Button' is clicked on

2018-11-16 11:50:38 - [MESSAGE][PASSED] - Object: 'Object Repository/Final Object Repo/Login Page/Internal User/Login Button' is clicked on

2018-11-16 11:50:38 - [TEST_STEP][PASSED] - Statement - Try: Delayed 2 second(s)

2018-11-16 11:50:38 - [TEST_STEP][PASSED] - Statement - Checker = false: null

2018-11-16 11:50:38 - [TEST_STEP][PASSED] - Statement - Checker = com.kms.katalon.core.webui.keyword.WebUiBuiltInKeywords.verifyElementHasAttribute(com.kms.katalon.core.testobject.ObjectRepository.findTestObject(Final Object Repo/Landing Page/BM Detecting), "href", 20, OPTIONAL): Object 'Object Repository/Final Object Repo/Landing Page/BM Detecting' has attribute 'href'

2018-11-16 11:50:38 - [MESSAGE][PASSED] - Object 'Object Repository/Final Object Repo/Landing Page/BM Detecting' has attribute 'href'

2018-11-16 11:50:38 - [TEST_STEP][PASSED] - Statement - out.println(Checker): null

2018-11-16 11:50:38 - [TEST_STEP][PASSED] - Statement - If (Checker == false): null

2018-11-16 11:50:38 - [TEST_STEP][PASSED] - Statement - Else: null

2018-11-16 11:50:38 - [TEST_STEP][PASSED] - delay: Delayed 2 second(s)

2018-11-16 11:50:40 - [MESSAGE][PASSED] - Delayed 2 second(s)

2018-11-16 11:50:40 - [TEST_STEP][PASSED] - delay: Delayed 3 second(s)

2018-11-16 11:50:43 - [MESSAGE][PASSED] - Delayed 3 second(s)

2018-11-16 11:50:43 - [TEST_STEP][PASSED] - mouseOver: Object: 'Object Repository/Final Object Repo/Landing Page/WorkFlow Menu' is hovered

2018-11-16 11:50:43 - [MESSAGE][PASSED] - Object: 'Object Repository/Final Object Repo/Landing Page/WorkFlow Menu' is hovered

2018-11-16 11:50:43 - [TEST_STEP][PASSED] - delay: Delayed 2 second(s)

2018-11-16 11:50:45 - [MESSAGE][PASSED] - Delayed 2 second(s)

2018-11-16 11:50:45 - [TEST_STEP][PASSED] - click: Object: 'Object Repository/Final Object Repo/Landing Page/Select to Workflow Listing' is clicked on

2018-11-16 11:50:46 - [MESSAGE][PASSED] - Object: 'Object Repository/Final Object Repo/Landing Page/Select to Workflow Listing' is clicked on

2018-11-16 11:50:46 - [TEST_STEP][PASSED] - delay: Delayed 2 second(s)

2018-11-16 11:50:48 - [MESSAGE][PASSED] - Delayed 2 second(s)

2018-11-16 11:50:48 - [TEST_STEP][PASSED] - click: Object: 'Object Repository/Final Object Repo/WorkFlow Listing Page/Search Information - To Put Ref No' is clicked on

2018-11-16 11:50:48 - [MESSAGE][PASSED] - Object: 'Object Repository/Final Object Repo/WorkFlow Listing Page/Search Information - To Put Ref No' is clicked on

2018-11-16 11:50:48 - [TEST_STEP][PASSED] - delay: Delayed 2 second(s)

2018-11-16 11:50:50 - [MESSAGE][PASSED] - Delayed 2 second(s)

2018-11-16 11:50:50 - [TEST_STEP][PASSED] - callTestCase: Call Test Case 'Test Cases/Final Aug 2018 - PKS Automation/Common/Reference Number Getter' successfully

2018-11-16 11:50:50 - [TEST_CASE][PASSED] - Test Cases/Final Aug 2018 - PKS Automation/Common/Reference Number Getter: Test Cases/Final Aug 2018 - PKS Automation/Common/Reference Number Getter

2018-11-16 11:50:50 - [TEST_STEP][PASSED] - Statement - Try: null

2018-11-16 11:50:50 - [TEST_STEP][PASSED] - Statement - RefNo = new java.io.File(C://KatalonReference.txt): null

2018-11-16 11:50:50 - [TEST_STEP][PASSED] - Statement - bufferread = new java.io.BufferedReader(new java.io.FileReader(RefNo)): null

2018-11-16 11:50:50 - [TEST_STEP][PASSED] - Statement - readedVal = bufferread.readLine(): null

2018-11-16 11:50:50 - [TEST_STEP][PASSED] - Statement - out.println(CaseReferenceNo): null

2018-11-16 11:50:50 - [TEST_STEP][PASSED] - Statement - out.println(readedVal): null

2018-11-16 11:50:50 - [TEST_STEP][PASSED] - Statement - CaseReferenceNo = "": null

2018-11-16 11:50:50 - [TEST_STEP][PASSED] - Statement - CaseReferenceNo = readedVal: null

2018-11-16 11:50:50 - [MESSAGE][PASSED] - Call Test Case 'Test Cases/Final Aug 2018 - PKS Automation/Common/Reference Number Getter' successfully

2018-11-16 11:50:50 - [TEST_STEP][PASSED] - setText: Text 'CUN112018C100005491' is set on object 'Object Repository/Final Object Repo/WorkFlow Listing Page/Ref No Set Text'

2018-11-16 11:50:51 - [MESSAGE][PASSED] - Text 'CUN112018C100005491' is set on object 'Object Repository/Final Object Repo/WorkFlow Listing Page/Ref No Set Text'

2018-11-16 11:50:51 - [TEST_STEP][PASSED] - delay: Delayed 2 second(s)

2018-11-16 11:50:53 - [MESSAGE][PASSED] - Delayed 2 second(s)

2018-11-16 11:50:53 - [TEST_STEP][PASSED] - click: Object: 'Object Repository/Final Object Repo/WorkFlow Listing Page/Search Ref No Search Button' is clicked on

2018-11-16 11:50:54 - [MESSAGE][PASSED] - Object: 'Object Repository/Final Object Repo/WorkFlow Listing Page/Search Ref No Search Button' is clicked on

2018-11-16 11:50:54 - [TEST_STEP][PASSED] - delay: Delayed 4 second(s)

2018-11-16 11:50:58 - [MESSAGE][PASSED] - Delayed 4 second(s)

2018-11-16 11:50:58 - [TEST_STEP][PASSED] - click: Object: 'Object Repository/Final Object Repo/WorkFlow Listing Page/Click Continue Tooltip' is clicked on

2018-11-16 11:51:00 - [MESSAGE][PASSED] - Object: 'Object Repository/Final Object Repo/WorkFlow Listing Page/Click Continue Tooltip' is clicked on

2018-11-16 11:51:00 - [TEST_STEP][PASSED] - delay: Delayed 5 second(s)

2018-11-16 11:51:05 - [MESSAGE][PASSED] - Delayed 5 second(s)

2018-11-16 11:51:05 - [TEST_STEP][PASSED] - doubleClick: Object: 'Object Repository/Final Object Repo/WorkFlow Listing Page/Workflow Found - Listing 1' is double clicked on

2018-11-16 11:51:05 - [MESSAGE][PASSED] - Object: 'Object Repository/Final Object Repo/WorkFlow Listing Page/Workflow Found - Listing 1' is double clicked on

2018-11-16 11:51:05 - [TEST_STEP][PASSED] - Statement - println(OwnerID): null

2018-11-16 11:51:05 - [TEST_STEP][PASSED] - Statement - OwnerID = com.kms.katalon.core.webui.keyword.WebUiBuiltInKeywords.getText(com.kms.katalon.core.testobject.ObjectRepository.findTestObject(Final Object Repo/WorkFlow Listing Page/Workflow Found - Listing 1), STOP_ON_FAILURE): Text of object 'Object Repository/Final Object Repo/WorkFlow Listing Page/Workflow Found - Listing 1' is: 'JOHORuo3'

2018-11-16 11:51:05 - [MESSAGE][PASSED] - Text of object 'Object Repository/Final Object Repo/WorkFlow Listing Page/Workflow Found - Listing 1' is: 'JOHORuo3'

2018-11-16 11:51:05 - [TEST_STEP][PASSED] - Statement - OwnerID = OwnerID.toLowerCase() + "@gmail.com": null

2018-11-16 11:51:05 - [TEST_STEP][PASSED] - Statement - println(OwnerID): null

2018-11-16 11:51:05 - [TEST_STEP][PASSED] - delay: Delayed 2 second(s)

2018-11-16 11:51:07 - [MESSAGE][PASSED] - Delayed 2 second(s)

2018-11-16 11:51:07 - [MESSAGE][PASSED] - Call Test Case 'Test Cases/Final Aug 2018 - PKS Automation/Common/Workflow Owner Finder' successfully

2018-11-16 11:51:07 - [TEST_STEP][PASSED] - delay: Delayed 2 second(s)

2018-11-16 11:51:09 - [MESSAGE][PASSED] - Delayed 2 second(s)

2018-11-16 11:51:09 - [TEST_STEP][PASSED] - navigateToUrl: Navigate to 'https://assist2-uat.perkeso.gov.my/c/portal/logout' successfully

2018-11-16 11:51:10 - [MESSAGE][PASSED] - Navigate to 'https://assist2-uat.perkeso.gov.my/c/portal/logout' successfully

2018-11-16 11:51:10 - [TEST_STEP][PASSED] - delay: Delayed 2 second(s)

2018-11-16 11:51:12 - [MESSAGE][PASSED] - Delayed 2 second(s)

2018-11-16 11:51:12 - [TEST_STEP][PASSED] - callTestCase: Call Test Case 'Test Cases/Final Aug 2018 - PKS Automation/Registration Module/Workflow/Login and Search Case For Workflow' successfully

2018-11-16 11:51:12 - [TEST_CASE][PASSED] - Test Cases/Final Aug 2018 - PKS Automation/Registration Module/Workflow/Login and Search Case For Workflow: Test Cases/Final Aug 2018 - PKS Automation/Registration Module/Workflow/Login and Search Case For Workflow

2018-11-16 11:51:12 - [TEST_STEP][PASSED] - navigateToUrl: Navigate to 'https://assist2-uat.perkeso.gov.my/login' successfully

2018-11-16 11:51:13 - [MESSAGE][PASSED] - Navigate to 'https://assist2-uat.perkeso.gov.my/login' successfully

2018-11-16 11:51:13 - [TEST_STEP][PASSED] - setText: Text 'johoruo3@gmail.com' is set on object 'Object Repository/Final Object Repo/Login Page/Internal User/Email Address'

2018-11-16 11:51:13 - [MESSAGE][PASSED] - Text 'johoruo3@gmail.com' is set on object 'Object Repository/Final Object Repo/Login Page/Internal User/Email Address'

2018-11-16 11:51:13 - [TEST_STEP][PASSED] - click: Object: 'Object Repository/Final Object Repo/Login Page/Internal User/Next Button' is clicked on

2018-11-16 11:51:13 - [MESSAGE][PASSED] - Object: 'Object Repository/Final Object Repo/Login Page/Internal User/Next Button' is clicked on

2018-11-16 11:51:13 - [TEST_STEP][PASSED] - delay: Delayed 1 second(s)

2018-11-16 11:51:14 - [MESSAGE][PASSED] - Delayed 1 second(s)

2018-11-16 11:51:14 - [TEST_STEP][PASSED] - setEncryptedText: Text ****** has been set on object 'Object Repository/Final Object Repo/Login Page/Internal User/Password'

2018-11-16 11:51:15 - [MESSAGE][PASSED] - Text ****** has been set on object 'Object Repository/Final Object Repo/Login Page/Internal User/Password'

2018-11-16 11:51:15 - [TEST_STEP][PASSED] - click: Object: 'Object Repository/Final Object Repo/Login Page/Internal User/Login Button' is clicked on

2018-11-16 11:51:17 - [MESSAGE][PASSED] - Object: 'Object Repository/Final Object Repo/Login Page/Internal User/Login Button' is clicked on

2018-11-16 11:51:17 - [TEST_STEP][PASSED] - delay: Delayed 2 second(s)

2018-11-16 11:51:19 - [MESSAGE][PASSED] - Delayed 2 second(s)

2018-11-16 11:51:19 - [TEST_STEP][PASSED] - Statement - Try: Delayed 2 second(s)

2018-11-16 11:51:19 - [TEST_STEP][PASSED] - Statement - Checker = false: null

2018-11-16 11:51:19 - [TEST_STEP][PASSED] - Statement - Checker = com.kms.katalon.core.webui.keyword.WebUiBuiltInKeywords.verifyElementHasAttribute(com.kms.katalon.core.testobject.ObjectRepository.findTestObject(Final Object Repo/Landing Page/BM Detecting), "href", 20, OPTIONAL): Object 'Object Repository/Final Object Repo/Landing Page/BM Detecting' has attribute 'href'

2018-11-16 11:51:19 - [MESSAGE][PASSED] - Object 'Object Repository/Final Object Repo/Landing Page/BM Detecting' has attribute 'href'

2018-11-16 11:51:19 - [TEST_STEP][PASSED] - Statement - out.println(Checker): null

2018-11-16 11:51:19 - [TEST_STEP][PASSED] - Statement - If (Checker == false): null

2018-11-16 11:51:19 - [TEST_STEP][PASSED] - Statement - Else: null

2018-11-16 11:51:19 - [TEST_STEP][PASSED] - delay: Delayed 2 second(s)

2018-11-16 11:51:21 - [MESSAGE][PASSED] - Delayed 2 second(s)

2018-11-16 11:51:21 - [TEST_STEP][PASSED] - click: Object: 'Object Repository/Final Object Repo/Page_MyASSIST - ASSIST - Search Pending Case For Add Supporting Document/Search Information' is clicked on

2018-11-16 11:51:21 - [MESSAGE][PASSED] - Object: 'Object Repository/Final Object Repo/Page_MyASSIST - ASSIST - Search Pending Case For Add Supporting Document/Search Information' is clicked on

2018-11-16 11:51:21 - [TEST_STEP][PASSED] - delay: Delayed 3 second(s)

2018-11-16 11:51:24 - [MESSAGE][PASSED] - Delayed 3 second(s)

2018-11-16 11:51:24 - [TEST_STEP][PASSED] - sendKeys: Keys 'CUN112018C100005491' sent to object: 'Object Repository/Final Object Repo/Page_MyASSIST - ASSIST - Search Pending Case For Add Supporting Document/Reference No'

2018-11-16 11:51:24 - [MESSAGE][PASSED] - Keys 'CUN112018C100005491' sent to object: 'Object Repository/Final Object Repo/Page_MyASSIST - ASSIST - Search Pending Case For Add Supporting Document/Reference No'

2018-11-16 11:51:24 - [TEST_STEP][PASSED] - click: Object: 'Object Repository/Final Object Repo/Page_MyASSIST - ASSIST - Search Pending Case For Add Supporting Document/Search Reference No' is clicked on

2018-11-16 11:51:26 - [MESSAGE][PASSED] - Object: 'Object Repository/Final Object Repo/Page_MyASSIST - ASSIST - Search Pending Case For Add Supporting Document/Search Reference No' is clicked on

2018-11-16 11:51:26 - [TEST_STEP][PASSED] - delay: Delayed 2 second(s)

2018-11-16 11:51:28 - [MESSAGE][PASSED] - Delayed 2 second(s)

2018-11-16 11:51:28 - [TEST_STEP][PASSED] - click: Object: 'Object Repository/Final Object Repo/Page_MyASSIST - ASSIST - Search Pending Case For Add Supporting Document/Continue' is clicked on

2018-11-16 11:51:32 - [MESSAGE][PASSED] - Object: 'Object Repository/Final Object Repo/Page_MyASSIST - ASSIST - Search Pending Case For Add Supporting Document/Continue' is clicked on

2018-11-16 11:51:32 - [TEST_STEP][PASSED] - delay: Delayed 20 second(s)

2018-11-16 11:51:52 - [MESSAGE][PASSED] - Delayed 20 second(s)

2018-11-16 11:51:52 - [MESSAGE][PASSED] - Call Test Case 'Test Cases/Final Aug 2018 - PKS Automation/Registration Module/Workflow/Login and Search Case For Workflow' successfully

2018-11-16 11:51:52 - [TEST_STEP][PASSED] - delay: Delayed 2 second(s)

2018-11-16 11:51:54 - [MESSAGE][PASSED] - Delayed 2 second(s)

2018-11-16 11:51:54 - [TEST_STEP][PASSED] - click: Object: 'Object Repository/Final Object Repo/Page_Update Employee Information By Employer/Page_Update Employee Information by Employer (Approve)/Continue' is clicked on

2018-11-16 11:51:58 - [MESSAGE][PASSED] - Object: 'Object Repository/Final Object Repo/Page_Update Employee Information By Employer/Page_Update Employee Information by Employer (Approve)/Continue' is clicked on

2018-11-16 11:51:58 - [TEST_STEP][PASSED] - delay: Delayed 2 second(s)

2018-11-16 11:52:00 - [MESSAGE][PASSED] - Delayed 2 second(s)

2018-11-16 11:52:00 - [TEST_STEP][PASSED] - click: Object: 'Object Repository/Final Object Repo/Page_Update Employee Information By Employer/Page_Update Employee Information by Employer (Approve)/Save  Continue in Update Employee Information Page' is clicked on

2018-11-16 11:52:04 - [MESSAGE][PASSED] - Object: 'Object Repository/Final Object Repo/Page_Update Employee Information By Employer/Page_Update Employee Information by Employer (Approve)/Save  Continue in Update Employee Information Page' is clicked on

2018-11-16 11:52:04 - [TEST_STEP][PASSED] - delay: Delayed 4 second(s)

2018-11-16 11:52:08 - [MESSAGE][PASSED] - Delayed 4 second(s)

2018-11-16 11:52:08 - [TEST_STEP][PASSED] - click: Object: 'Object Repository/Final Object Repo/Page_Update Employee Information By Employer/Page_Update Employee Information by Employer (Approve)/Save  Continue in Upload Supporting Doucument Page' is clicked on

2018-11-16 11:52:13 - [MESSAGE][PASSED] - Object: 'Object Repository/Final Object Repo/Page_Update Employee Information By Employer/Page_Update Employee Information by Employer (Approve)/Save  Continue in Upload Supporting Doucument Page' is clicked on

2018-11-16 11:52:13 - [TEST_STEP][PASSED] - delay: Delayed 2 second(s)

2018-11-16 11:52:15 - [MESSAGE][PASSED] - Delayed 2 second(s)

2018-11-16 11:52:15 - [TEST_STEP][PASSED] - click: Object: 'Object Repository/Final Object Repo/Page_Update Employee Information By Employer/Page_Update Employee Information by Employer (Approve)/Approve' is clicked on

2018-11-16 11:52:15 - [MESSAGE][PASSED] - Object: 'Object Repository/Final Object Repo/Page_Update Employee Information By Employer/Page_Update Employee Information by Employer (Approve)/Approve' is clicked on

2018-11-16 11:52:15 - [TEST_STEP][PASSED] - delay: Delayed 2 second(s)

2018-11-16 11:52:17 - [MESSAGE][PASSED] - Delayed 2 second(s)

2018-11-16 11:52:17 - [TEST_STEP][PASSED] - click: Object: 'Object Repository/Final Object Repo/Page_Update Employee Information By Employer/Page_Update Employee Information by Employer (Approve)/Confirm' is clicked on

2018-11-16 11:52:23 - [MESSAGE][PASSED] - Object: 'Object Repository/Final Object Repo/Page_Update Employee Information By Employer/Page_Update Employee Information by Employer (Approve)/Confirm' is clicked on

2018-11-16 11:52:23 - [TEST_STEP][PASSED] - delay: Delayed 2 second(s)

2018-11-16 11:52:25 - [MESSAGE][PASSED] - Delayed 2 second(s)

2018-11-16 11:52:25 - [TEST_STEP][PASSED] - verifyElementVisible: Object 'Object Repository/Final Object Repo/Page_Update Employee Information By Employer/Page_Update Employee Information by Employer (Approve)/Successfull Message Submitted Successfully' is visible

2018-11-16 11:52:25 - [MESSAGE][PASSED] - Object 'Object Repository/Final Object Repo/Page_Update Employee Information By Employer/Page_Update Employee Information by Employer (Approve)/Successfull Message Submitted Successfully' is visible

2018-11-16 11:52:25 - [TEST_STEP][PASSED] - delay: Delayed 2 second(s)

2018-11-16 11:52:27 - [MESSAGE][PASSED] - Delayed 2 second(s)

2018-11-16 11:52:27 - [TEST_STEP][PASSED] - verifyElementVisible: Object 'Object Repository/Final Object Repo/Page_Update Employee Information By Employer/Page_Update Employee Information by Employer (Approve)/Letter of Successful update' is visible

2018-11-16 11:52:27 - [MESSAGE][PASSED] - Object 'Object Repository/Final Object Repo/Page_Update Employee Information By Employer/Page_Update Employee Information by Employer (Approve)/Letter of Successful update' is visible

2018-11-16 11:52:27 - [MESSAGE][PASSED] - Call Test Case 'Test Cases/Final Aug 2018 - PKS Automation/Registration Module/Workflow/Update Employee Information (Employer)/Template/Update Employee Information - Special Case - UO (Approve)' successfully]]></system-out>
         <system-err><![CDATA[]]></system-err>
      </testcase>
      <testcase name="Test Cases/Final Aug 2018 - PKS Automation/Registration Module/Workflow/Update Employee Information (Employer)/PAU to UO (Query)" classname="Test Cases/Final Aug 2018 - PKS Automation/Registration Module/Workflow/Update Employee Information (Employer)/PAU to UO (Query)" status="ERROR">
         <error type="ERROR" message="Test Cases/Final Aug 2018 - PKS Automation/Registration Module/Workflow/Update Employee Information (Employer)/PAU to UO (Query) FAILED because (of) (Stack trace: java.lang.IllegalArgumentException: Cannot find test case with id 'Test Cases/Final Aug 2018 - PKS Automation/Registration/Search Pending Case For Add Supporting Document (OTC)'
	at com.kms.katalon.core.testcase.TestCaseFactory.findTestCase(TestCaseFactory.java:72)
	at com.kms.katalon.core.testcase.TestCaseFactory$findTestCase.callStatic(Unknown Source)
	at Script1537848281437.run(Script1537848281437.groovy:83)
	at com.kms.katalon.core.main.ScriptEngine.run(ScriptEngine.java:183)
	at com.kms.katalon.core.main.ScriptEngine.runScriptAsRawText(ScriptEngine.java:108)
	at com.kms.katalon.core.main.TestCaseExecutor.runScript(TestCaseExecutor.java:294)
	at com.kms.katalon.core.main.TestCaseExecutor.doExecute(TestCaseExecutor.java:285)
	at com.kms.katalon.core.main.TestCaseExecutor.processExecutionPhase(TestCaseExecutor.java:264)
	at com.kms.katalon.core.main.TestCaseExecutor.accessMainPhase(TestCaseExecutor.java:256)
	at com.kms.katalon.core.main.TestCaseExecutor.execute(TestCaseExecutor.java:200)
	at com.kms.katalon.core.main.TestCaseMain.runTestCase(TestCaseMain.java:99)
	at com.kms.katalon.core.keyword.builtin.CallTestCaseKeyword$_callTestCase_closure1.doCall(CallTestCaseKeyword.groovy:60)
	at com.kms.katalon.core.keyword.builtin.CallTestCaseKeyword$_callTestCase_closure1.call(CallTestCaseKeyword.groovy)
	at com.kms.katalon.core.keyword.internal.KeywordMain.runKeyword(KeywordMain.groovy:54)
	at com.kms.katalon.core.keyword.builtin.CallTestCaseKeyword.callTestCase(CallTestCaseKeyword.groovy:81)
	at com.kms.katalon.core.keyword.builtin.CallTestCaseKeyword.execute(CallTestCaseKeyword.groovy:45)
	at com.kms.katalon.core.keyword.internal.KeywordExecutor.executeKeywordForPlatform(KeywordExecutor.groovy:53)
	at com.kms.katalon.core.keyword.BuiltinKeywords.callTestCase(BuiltinKeywords.groovy:334)
	at sun.reflect.GeneratedMethodAccessor13.invoke(Unknown Source)
	at sun.reflect.DelegatingMethodAccessorImpl.invoke(DelegatingMethodAccessorImpl.java:43)
	at java.lang.reflect.Method.invoke(Method.java:498)
	at org.codehaus.groovy.reflection.CachedMethod.invoke(CachedMethod.java:93)
	at groovy.lang.MetaMethod.doMethodInvoke(MetaMethod.java:325)
	at groovy.lang.MetaClassImpl.invokeStaticMethod(MetaClassImpl.java:1469)
	at org.codehaus.groovy.runtime.callsite.StaticMetaClassSite.call(StaticMetaClassSite.java:53)
	at org.codehaus.groovy.runtime.callsite.CallSiteArray.defaultCall(CallSiteArray.java:48)
	at org.codehaus.groovy.runtime.callsite.AbstractCallSite.call(AbstractCallSite.java:113)
	at org.codehaus.groovy.runtime.callsite.AbstractCallSite.call(AbstractCallSite.java:141)
	at Script1536724596813.run(Script1536724596813.groovy:25)
	at com.kms.katalon.core.main.ScriptEngine.run(ScriptEngine.java:183)
	at com.kms.katalon.core.main.ScriptEngine.runScriptAsRawText(ScriptEngine.java:108)
	at com.kms.katalon.core.main.TestCaseExecutor.runScript(TestCaseExecutor.java:294)
	at com.kms.katalon.core.main.TestCaseExecutor.doExecute(TestCaseExecutor.java:285)
	at com.kms.katalon.core.main.TestCaseExecutor.processExecutionPhase(TestCaseExecutor.java:264)
	at com.kms.katalon.core.main.TestCaseExecutor.accessMainPhase(TestCaseExecutor.java:256)
	at com.kms.katalon.core.main.TestCaseExecutor.execute(TestCaseExecutor.java:200)
	at com.kms.katalon.core.main.TestSuiteExecutor.accessTestCaseMainPhase(TestSuiteExecutor.java:129)
	at com.kms.katalon.core.main.TestSuiteExecutor.accessTestSuiteMainPhase(TestSuiteExecutor.java:112)
	at com.kms.katalon.core.main.TestSuiteExecutor.execute(TestSuiteExecutor.java:81)
	at com.kms.katalon.core.main.TestCaseMain.startTestSuite(TestCaseMain.java:142)
	at com.kms.katalon.core.main.TestCaseMain$startTestSuite$0.call(Unknown Source)
	at org.codehaus.groovy.runtime.callsite.CallSiteArray.defaultCall(CallSiteArray.java:48)
	at org.codehaus.groovy.runtime.callsite.AbstractCallSite.call(AbstractCallSite.java:113)
	at org.codehaus.groovy.runtime.callsite.AbstractCallSite.call(AbstractCallSite.java:141)
	at TempTestSuite1542336603806.run(TempTestSuite1542336603806.groovy:36)
	at groovy.lang.GroovyShell.runScriptOrMainOrTestOrRunnable(GroovyShell.java:263)
	at groovy.lang.GroovyShell.run(GroovyShell.java:518)
	at groovy.lang.GroovyShell.run(GroovyShell.java:507)
	at groovy.ui.GroovyMain.processOnce(GroovyMain.java:653)
	at groovy.ui.GroovyMain.run(GroovyMain.java:384)
	at groovy.ui.GroovyMain.process(GroovyMain.java:370)
	at groovy.ui.GroovyMain.processArgs(GroovyMain.java:129)
	at groovy.ui.GroovyMain.main(GroovyMain.java:109)
	at sun.reflect.NativeMethodAccessorImpl.invoke0(Native Method)
	at sun.reflect.NativeMethodAccessorImpl.invoke(NativeMethodAccessorImpl.java:62)
	at sun.reflect.DelegatingMethodAccessorImpl.invoke(DelegatingMethodAccessorImpl.java:43)
	at java.lang.reflect.Method.invoke(Method.java:498)
	at org.codehaus.groovy.tools.GroovyStarter.rootLoader(GroovyStarter.java:109)
	at org.codehaus.groovy.tools.GroovyStarter.main(GroovyStarter.java:131)
)"/>
         <system-out><![CDATA[2018-11-16 11:52:27 - [TEST_CASE][ERROR] - Test Cases/Final Aug 2018 - PKS Automation/Registration Module/Workflow/Update Employee Information (Employer)/PAU to UO (Query): Test Cases/Final Aug 2018 - PKS Automation/Registration Module/Workflow/Update Employee Information (Employer)/PAU to UO (Query) FAILED because (of) (Stack trace: java.lang.IllegalArgumentException: Cannot find test case with id 'Test Cases/Final Aug 2018 - PKS Automation/Registration/Search Pending Case For Add Supporting Document (OTC)'
	at com.kms.katalon.core.testcase.TestCaseFactory.findTestCase(TestCaseFactory.java:72)
	at com.kms.katalon.core.testcase.TestCaseFactory$findTestCase.callStatic(Unknown Source)
	at Script1537848281437.run(Script1537848281437.groovy:83)
	at com.kms.katalon.core.main.ScriptEngine.run(ScriptEngine.java:183)
	at com.kms.katalon.core.main.ScriptEngine.runScriptAsRawText(ScriptEngine.java:108)
	at com.kms.katalon.core.main.TestCaseExecutor.runScript(TestCaseExecutor.java:294)
	at com.kms.katalon.core.main.TestCaseExecutor.doExecute(TestCaseExecutor.java:285)
	at com.kms.katalon.core.main.TestCaseExecutor.processExecutionPhase(TestCaseExecutor.java:264)
	at com.kms.katalon.core.main.TestCaseExecutor.accessMainPhase(TestCaseExecutor.java:256)
	at com.kms.katalon.core.main.TestCaseExecutor.execute(TestCaseExecutor.java:200)
	at com.kms.katalon.core.main.TestCaseMain.runTestCase(TestCaseMain.java:99)
	at com.kms.katalon.core.keyword.builtin.CallTestCaseKeyword$_callTestCase_closure1.doCall(CallTestCaseKeyword.groovy:60)
	at com.kms.katalon.core.keyword.builtin.CallTestCaseKeyword$_callTestCase_closure1.call(CallTestCaseKeyword.groovy)
	at com.kms.katalon.core.keyword.internal.KeywordMain.runKeyword(KeywordMain.groovy:54)
	at com.kms.katalon.core.keyword.builtin.CallTestCaseKeyword.callTestCase(CallTestCaseKeyword.groovy:81)
	at com.kms.katalon.core.keyword.builtin.CallTestCaseKeyword.execute(CallTestCaseKeyword.groovy:45)
	at com.kms.katalon.core.keyword.internal.KeywordExecutor.executeKeywordForPlatform(KeywordExecutor.groovy:53)
	at com.kms.katalon.core.keyword.BuiltinKeywords.callTestCase(BuiltinKeywords.groovy:334)
	at sun.reflect.GeneratedMethodAccessor13.invoke(Unknown Source)
	at sun.reflect.DelegatingMethodAccessorImpl.invoke(DelegatingMethodAccessorImpl.java:43)
	at java.lang.reflect.Method.invoke(Method.java:498)
	at org.codehaus.groovy.reflection.CachedMethod.invoke(CachedMethod.java:93)
	at groovy.lang.MetaMethod.doMethodInvoke(MetaMethod.java:325)
	at groovy.lang.MetaClassImpl.invokeStaticMethod(MetaClassImpl.java:1469)
	at org.codehaus.groovy.runtime.callsite.StaticMetaClassSite.call(StaticMetaClassSite.java:53)
	at org.codehaus.groovy.runtime.callsite.CallSiteArray.defaultCall(CallSiteArray.java:48)
	at org.codehaus.groovy.runtime.callsite.AbstractCallSite.call(AbstractCallSite.java:113)
	at org.codehaus.groovy.runtime.callsite.AbstractCallSite.call(AbstractCallSite.java:141)
	at Script1536724596813.run(Script1536724596813.groovy:25)
	at com.kms.katalon.core.main.ScriptEngine.run(ScriptEngine.java:183)
	at com.kms.katalon.core.main.ScriptEngine.runScriptAsRawText(ScriptEngine.java:108)
	at com.kms.katalon.core.main.TestCaseExecutor.runScript(TestCaseExecutor.java:294)
	at com.kms.katalon.core.main.TestCaseExecutor.doExecute(TestCaseExecutor.java:285)
	at com.kms.katalon.core.main.TestCaseExecutor.processExecutionPhase(TestCaseExecutor.java:264)
	at com.kms.katalon.core.main.TestCaseExecutor.accessMainPhase(TestCaseExecutor.java:256)
	at com.kms.katalon.core.main.TestCaseExecutor.execute(TestCaseExecutor.java:200)
	at com.kms.katalon.core.main.TestSuiteExecutor.accessTestCaseMainPhase(TestSuiteExecutor.java:129)
	at com.kms.katalon.core.main.TestSuiteExecutor.accessTestSuiteMainPhase(TestSuiteExecutor.java:112)
	at com.kms.katalon.core.main.TestSuiteExecutor.execute(TestSuiteExecutor.java:81)
	at com.kms.katalon.core.main.TestCaseMain.startTestSuite(TestCaseMain.java:142)
	at com.kms.katalon.core.main.TestCaseMain$startTestSuite$0.call(Unknown Source)
	at org.codehaus.groovy.runtime.callsite.CallSiteArray.defaultCall(CallSiteArray.java:48)
	at org.codehaus.groovy.runtime.callsite.AbstractCallSite.call(AbstractCallSite.java:113)
	at org.codehaus.groovy.runtime.callsite.AbstractCallSite.call(AbstractCallSite.java:141)
	at TempTestSuite1542336603806.run(TempTestSuite1542336603806.groovy:36)
	at groovy.lang.GroovyShell.runScriptOrMainOrTestOrRunnable(GroovyShell.java:263)
	at groovy.lang.GroovyShell.run(GroovyShell.java:518)
	at groovy.lang.GroovyShell.run(GroovyShell.java:507)
	at groovy.ui.GroovyMain.processOnce(GroovyMain.java:653)
	at groovy.ui.GroovyMain.run(GroovyMain.java:384)
	at groovy.ui.GroovyMain.process(GroovyMain.java:370)
	at groovy.ui.GroovyMain.processArgs(GroovyMain.java:129)
	at groovy.ui.GroovyMain.main(GroovyMain.java:109)
	at sun.reflect.NativeMethodAccessorImpl.invoke0(Native Method)
	at sun.reflect.NativeMethodAccessorImpl.invoke(NativeMethodAccessorImpl.java:62)
	at sun.reflect.DelegatingMethodAccessorImpl.invoke(DelegatingMethodAccessorImpl.java:43)
	at java.lang.reflect.Method.invoke(Method.java:498)
	at org.codehaus.groovy.tools.GroovyStarter.rootLoader(GroovyStarter.java:109)
	at org.codehaus.groovy.tools.GroovyStarter.main(GroovyStarter.java:131)
)

2018-11-16 11:52:27 - [TEST_STEP][PASSED] - callTestCase: Call Test Case 'Test Cases/Final Aug 2018 - PKS Automation/Registration Module/Workflow/Update Employee Information (Employer)/Template/Update Employer Information - Special Case (PAU)' successfully

2018-11-16 11:52:27 - [TEST_CASE][PASSED] - Test Cases/Final Aug 2018 - PKS Automation/Registration Module/Workflow/Update Employee Information (Employer)/Template/Update Employer Information - Special Case (PAU): Test Cases/Final Aug 2018 - PKS Automation/Registration Module/Workflow/Update Employee Information (Employer)/Template/Update Employer Information - Special Case (PAU)

2018-11-16 11:52:27 - [TEST_STEP][PASSED] - openBrowser: Browser is opened with url: ''

2018-11-16 11:52:27 - [MESSAGE][WARNING] - A browser is already opened. Closing browser and opening a new one

2018-11-16 11:52:32 - [MESSAGE][PASSED] - Browser is opened with url: ''

2018-11-16 11:52:32 - [TEST_STEP][PASSED] - navigateToUrl: Navigate to 'https://assist2-uat.perkeso.gov.my/login' successfully

2018-11-16 11:52:34 - [MESSAGE][PASSED] - Navigate to 'https://assist2-uat.perkeso.gov.my/login' successfully

2018-11-16 11:52:34 - [TEST_STEP][PASSED] - setText: Text 'johorpau1@gmail.com' is set on object 'Object Repository/Final Object Repo/Login Page/Internal User/Email Address'

2018-11-16 11:52:34 - [MESSAGE][PASSED] - Text 'johorpau1@gmail.com' is set on object 'Object Repository/Final Object Repo/Login Page/Internal User/Email Address'

2018-11-16 11:52:34 - [TEST_STEP][PASSED] - click: Object: 'Object Repository/Final Object Repo/Login Page/Internal User/Next Button' is clicked on

2018-11-16 11:52:34 - [MESSAGE][PASSED] - Object: 'Object Repository/Final Object Repo/Login Page/Internal User/Next Button' is clicked on

2018-11-16 11:52:34 - [TEST_STEP][PASSED] - delay: Delayed 1 second(s)

2018-11-16 11:52:35 - [MESSAGE][PASSED] - Delayed 1 second(s)

2018-11-16 11:52:35 - [TEST_STEP][PASSED] - setEncryptedText: Text ****** has been set on object 'Object Repository/Final Object Repo/Login Page/Internal User/Password'

2018-11-16 11:52:35 - [MESSAGE][PASSED] - Text ****** has been set on object 'Object Repository/Final Object Repo/Login Page/Internal User/Password'

2018-11-16 11:52:35 - [TEST_STEP][PASSED] - click: Object: 'Object Repository/Final Object Repo/Login Page/Internal User/Login Button' is clicked on

2018-11-16 11:52:38 - [MESSAGE][PASSED] - Object: 'Object Repository/Final Object Repo/Login Page/Internal User/Login Button' is clicked on

2018-11-16 11:52:38 - [TEST_STEP][PASSED] - Statement - Try: Delayed 2 second(s)

2018-11-16 11:52:38 - [TEST_STEP][PASSED] - Statement - Checker = false: null

2018-11-16 11:52:38 - [TEST_STEP][PASSED] - Statement - Checker = com.kms.katalon.core.webui.keyword.WebUiBuiltInKeywords.verifyElementHasAttribute(com.kms.katalon.core.testobject.ObjectRepository.findTestObject(Final Object Repo/Landing Page/BM Detecting), "href", 20, OPTIONAL): Object 'Object Repository/Final Object Repo/Landing Page/BM Detecting' has attribute 'href'

2018-11-16 11:52:38 - [MESSAGE][PASSED] - Object 'Object Repository/Final Object Repo/Landing Page/BM Detecting' has attribute 'href'

2018-11-16 11:52:38 - [TEST_STEP][PASSED] - Statement - out.println(Checker): null

2018-11-16 11:52:38 - [TEST_STEP][PASSED] - Statement - If (Checker == false): null

2018-11-16 11:52:38 - [TEST_STEP][PASSED] - Statement - Else: null

2018-11-16 11:52:38 - [TEST_STEP][PASSED] - delay: Delayed 2 second(s)

2018-11-16 11:52:40 - [MESSAGE][PASSED] - Delayed 2 second(s)

2018-11-16 11:52:40 - [TEST_STEP][PASSED] - delay: Delayed 1 second(s)

2018-11-16 11:52:41 - [MESSAGE][PASSED] - Delayed 1 second(s)

2018-11-16 11:52:41 - [TEST_STEP][PASSED] - navigateToUrl: Navigate to 'https://assist2-uat.perkeso.gov.my/web/registration/update/update-employee-information-employer-' successfully

2018-11-16 11:52:42 - [MESSAGE][PASSED] - Navigate to 'https://assist2-uat.perkeso.gov.my/web/registration/update/update-employee-information-employer-' successfully

2018-11-16 11:52:42 - [TEST_STEP][PASSED] - setText: Text 'E1102001065V' is set on object 'Object Repository/Final Object Repo/Page_Update Employee Information By Employer/Employer Code'

2018-11-16 11:52:43 - [MESSAGE][PASSED] - Text 'E1102001065V' is set on object 'Object Repository/Final Object Repo/Page_Update Employee Information By Employer/Employer Code'

2018-11-16 11:52:43 - [TEST_STEP][PASSED] - click: Object: 'Object Repository/Final Object Repo/Page_Update Employee Information By Employer/Search Employer Code' is clicked on

2018-11-16 11:52:44 - [MESSAGE][PASSED] - Object: 'Object Repository/Final Object Repo/Page_Update Employee Information By Employer/Search Employer Code' is clicked on

2018-11-16 11:52:44 - [TEST_STEP][PASSED] - click: Object: 'Object Repository/Final Object Repo/Page_Update Employee Information By Employer/Edit Button' is clicked on

2018-11-16 11:52:47 - [MESSAGE][PASSED] - Object: 'Object Repository/Final Object Repo/Page_Update Employee Information By Employer/Edit Button' is clicked on

2018-11-16 11:52:47 - [TEST_STEP][PASSED] - click: Object: 'Object Repository/Final Object Repo/Page_Update Employee Information By Employer/Employee Name or New Identification' is clicked on

2018-11-16 11:52:48 - [MESSAGE][PASSED] - Object: 'Object Repository/Final Object Repo/Page_Update Employee Information By Employer/Employee Name or New Identification' is clicked on

2018-11-16 11:52:48 - [TEST_STEP][PASSED] - delay: Delayed 1 second(s)

2018-11-16 11:52:49 - [MESSAGE][PASSED] - Delayed 1 second(s)

2018-11-16 11:52:49 - [TEST_STEP][PASSED] - click: Object: 'Object Repository/Final Object Repo/Page_Update Employee Information By Employer/Selection - Employee Name' is clicked on

2018-11-16 11:52:50 - [MESSAGE][PASSED] - Object: 'Object Repository/Final Object Repo/Page_Update Employee Information By Employer/Selection - Employee Name' is clicked on

2018-11-16 11:52:50 - [TEST_STEP][PASSED] - delay: Delayed 1 second(s)

2018-11-16 11:52:51 - [MESSAGE][PASSED] - Delayed 1 second(s)

2018-11-16 11:52:51 - [TEST_STEP][PASSED] - setText: Text 'PERKESO' is set on object 'Object Repository/Final Object Repo/Page_Update Employee Information By Employer/Employee Name'

2018-11-16 11:52:51 - [MESSAGE][PASSED] - Text 'PERKESO' is set on object 'Object Repository/Final Object Repo/Page_Update Employee Information By Employer/Employee Name'

2018-11-16 11:52:51 - [TEST_STEP][PASSED] - delay: Delayed 2 second(s)

2018-11-16 11:52:53 - [MESSAGE][PASSED] - Delayed 2 second(s)

2018-11-16 11:52:53 - [TEST_STEP][PASSED] - click: Object: 'Object Repository/Final Object Repo/Page_Update Employee Information By Employer/Search Employee' is clicked on

2018-11-16 11:52:53 - [MESSAGE][PASSED] - Object: 'Object Repository/Final Object Repo/Page_Update Employee Information By Employer/Search Employee' is clicked on

2018-11-16 11:52:53 - [TEST_STEP][PASSED] - delay: Delayed 3 second(s)

2018-11-16 11:52:56 - [MESSAGE][PASSED] - Delayed 3 second(s)

2018-11-16 11:52:56 - [TEST_STEP][PASSED] - click: Object: 'Object Repository/Final Object Repo/Page_Update Employee Information By Employer/Employee Edit Button' is clicked on

2018-11-16 11:52:57 - [MESSAGE][PASSED] - Object: 'Object Repository/Final Object Repo/Page_Update Employee Information By Employer/Employee Edit Button' is clicked on

2018-11-16 11:52:57 - [TEST_STEP][PASSED] - delay: Delayed 3 second(s)

2018-11-16 11:53:00 - [MESSAGE][PASSED] - Delayed 3 second(s)

2018-11-16 11:53:00 - [TEST_STEP][PASSED] - setText: Text '' is set on object 'Object Repository/Final Object Repo/Page_Update Employee Information By Employer/Identification Number'

2018-11-16 11:53:00 - [MESSAGE][PASSED] - Text '' is set on object 'Object Repository/Final Object Repo/Page_Update Employee Information By Employer/Identification Number'

2018-11-16 11:53:00 - [TEST_STEP][PASSED] - Statement - rnd = new java.util.Random(): null

2018-11-16 11:53:00 - [TEST_STEP][PASSED] - Statement - snum = rnd.nextInt(899999 + 1) + 100000: null

2018-11-16 11:53:00 - [TEST_STEP][PASSED] - Statement - tnum = rnd.nextInt(899999 + 1) + 100000: null

2018-11-16 11:53:00 - [TEST_STEP][PASSED] - Statement - IC = java.lang.Integer.toString(snum) + java.lang.Integer.toString(tnum): null

2018-11-16 11:53:00 - [TEST_STEP][PASSED] - Statement - out.println(IC): null

2018-11-16 11:53:00 - [TEST_STEP][PASSED] - setText: Text '205545123014' is set on object 'Object Repository/Final Object Repo/Page_Update Employee Information By Employer/Identification Number'

2018-11-16 11:53:00 - [MESSAGE][PASSED] - Text '205545123014' is set on object 'Object Repository/Final Object Repo/Page_Update Employee Information By Employer/Identification Number'

2018-11-16 11:53:00 - [TEST_STEP][PASSED] - click: Object: 'Object Repository/Final Object Repo/Page_Update Employee Information By Employer/Save' is clicked on

2018-11-16 11:53:04 - [MESSAGE][PASSED] - Object: 'Object Repository/Final Object Repo/Page_Update Employee Information By Employer/Save' is clicked on

2018-11-16 11:53:04 - [TEST_STEP][PASSED] - delay: Delayed 5 second(s)

2018-11-16 11:53:09 - [MESSAGE][PASSED] - Delayed 5 second(s)

2018-11-16 11:53:09 - [TEST_STEP][PASSED] - Statement - CaseReferenceNo = com.kms.katalon.core.webui.keyword.WebUiBuiltInKeywords.getText(com.kms.katalon.core.testobject.ObjectRepository.findTestObject(Final Object Repo/Reference Number/Reference Number in Update Employee Information Page)): Text of object 'Object Repository/Final Object Repo/Reference Number/Reference Number in Update Employee Information Page' is: 'CUN112018C100005492'

2018-11-16 11:53:09 - [MESSAGE][PASSED] - Text of object 'Object Repository/Final Object Repo/Reference Number/Reference Number in Update Employee Information Page' is: 'CUN112018C100005492'

2018-11-16 11:53:09 - [TEST_STEP][PASSED] - callTestCase: Call Test Case 'Test Cases/Final Aug 2018 - PKS Automation/Common/Reference Number Setter' successfully

2018-11-16 11:53:09 - [TEST_CASE][PASSED] - Test Cases/Final Aug 2018 - PKS Automation/Common/Reference Number Setter: Test Cases/Final Aug 2018 - PKS Automation/Common/Reference Number Setter

2018-11-16 11:53:09 - [TEST_STEP][PASSED] - Statement - RefNoOldFile = new java.io.File(C://KatalonReference.txt): null

2018-11-16 11:53:09 - [TEST_STEP][PASSED] - Statement - RefNoOldFile.delete(): null

2018-11-16 11:53:09 - [TEST_STEP][PASSED] - delay: Delayed 5 second(s)

2018-11-16 11:53:14 - [MESSAGE][PASSED] - Delayed 5 second(s)

2018-11-16 11:53:14 - [TEST_STEP][PASSED] - Statement - RefNo = new java.io.File(C://KatalonReference.txt): null

2018-11-16 11:53:14 - [TEST_STEP][PASSED] - Statement - f2 = new java.io.FileWriter(RefNo, false): null

2018-11-16 11:53:14 - [TEST_STEP][PASSED] - Statement - f2.write(CaseReferenceNo): null

2018-11-16 11:53:14 - [TEST_STEP][PASSED] - Statement - f2.close(): null

2018-11-16 11:53:14 - [TEST_STEP][PASSED] - Statement - out.println("


" + CaseReferenceNo + "


"): null

2018-11-16 11:53:14 - [MESSAGE][PASSED] - Call Test Case 'Test Cases/Final Aug 2018 - PKS Automation/Common/Reference Number Setter' successfully

2018-11-16 11:53:14 - [TEST_STEP][PASSED] - delay: Delayed 5 second(s)

2018-11-16 11:53:19 - [MESSAGE][PASSED] - Delayed 5 second(s)

2018-11-16 11:53:19 - [TEST_STEP][PASSED] - click: Object: 'Object Repository/Final Object Repo/Page_Update Employee Information By Employer/Save  Continue in  Employee Information Page' is clicked on

2018-11-16 11:53:23 - [MESSAGE][PASSED] - Object: 'Object Repository/Final Object Repo/Page_Update Employee Information By Employer/Save  Continue in  Employee Information Page' is clicked on

2018-11-16 11:53:23 - [TEST_STEP][PASSED] - delay: Delayed 5 second(s)

2018-11-16 11:53:28 - [MESSAGE][PASSED] - Delayed 5 second(s)

2018-11-16 11:53:28 - [TEST_STEP][PASSED] - click: Object: 'Object Repository/Final Object Repo/Page_Update Employee Information By Employer/Save  Continue in Uploading Page 1' is clicked on

2018-11-16 11:53:33 - [MESSAGE][PASSED] - Object: 'Object Repository/Final Object Repo/Page_Update Employee Information By Employer/Save  Continue in Uploading Page 1' is clicked on

2018-11-16 11:53:33 - [TEST_STEP][PASSED] - delay: Delayed 5 second(s)

2018-11-16 11:53:38 - [MESSAGE][PASSED] - Delayed 5 second(s)

2018-11-16 11:53:38 - [TEST_STEP][PASSED] - click: Object: 'Object Repository/Final Object Repo/Page_Update Employee Information By Employer/Submit' is clicked on

2018-11-16 11:53:38 - [MESSAGE][PASSED] - Object: 'Object Repository/Final Object Repo/Page_Update Employee Information By Employer/Submit' is clicked on

2018-11-16 11:53:38 - [TEST_STEP][PASSED] - delay: Delayed 5 second(s)

2018-11-16 11:53:43 - [MESSAGE][PASSED] - Delayed 5 second(s)

2018-11-16 11:53:43 - [TEST_STEP][PASSED] - click: Object: 'Object Repository/Final Object Repo/Page_Update Employee Information By Employer/Confirm' is clicked on

2018-11-16 11:53:47 - [MESSAGE][PASSED] - Object: 'Object Repository/Final Object Repo/Page_Update Employee Information By Employer/Confirm' is clicked on

2018-11-16 11:53:47 - [TEST_STEP][PASSED] - delay: Delayed 5 second(s)

2018-11-16 11:53:52 - [MESSAGE][PASSED] - Delayed 5 second(s)

2018-11-16 11:53:52 - [TEST_STEP][PASSED] - verifyElementVisible: Object 'Object Repository/Final Object Repo/Page_Update Employee Information By Employer/Successfull Message Routed to UO' is visible

2018-11-16 11:53:52 - [MESSAGE][PASSED] - Object 'Object Repository/Final Object Repo/Page_Update Employee Information By Employer/Successfull Message Routed to UO' is visible

2018-11-16 11:53:52 - [MESSAGE][PASSED] - Call Test Case 'Test Cases/Final Aug 2018 - PKS Automation/Registration Module/Workflow/Update Employee Information (Employer)/Template/Update Employer Information - Special Case (PAU)' successfully

2018-11-16 11:53:52 - [TEST_STEP][FAILED] - callTestCase: Unable to call Test Case with id 'Test Cases/Final Aug 2018 - PKS Automation/Registration Module/Workflow/Update Employee Information (Employer)/Template/Update Employee Information - Special Case - UO(Query)' (Root cause: Call Test Case 'Test Cases/Final Aug 2018 - PKS Automation/Registration Module/Workflow/Update Employee Information (Employer)/Template/Update Employee Information - Special Case - UO(Query)' failed because of error(s))

2018-11-16 11:53:52 - [TEST_CASE][ERROR] - Test Cases/Final Aug 2018 - PKS Automation/Registration Module/Workflow/Update Employee Information (Employer)/Template/Update Employee Information - Special Case - UO(Query): Test Cases/Final Aug 2018 - PKS Automation/Registration Module/Workflow/Update Employee Information (Employer)/Template/Update Employee Information - Special Case - UO(Query) FAILED because (of) (Stack trace: java.lang.IllegalArgumentException: Cannot find test case with id 'Test Cases/Final Aug 2018 - PKS Automation/Registration/Search Pending Case For Add Supporting Document (OTC)'
	at com.kms.katalon.core.testcase.TestCaseFactory.findTestCase(TestCaseFactory.java:72)
	at com.kms.katalon.core.testcase.TestCaseFactory$findTestCase.callStatic(Unknown Source)
	at Script1537848281437.run(Script1537848281437.groovy:83)
	at com.kms.katalon.core.main.ScriptEngine.run(ScriptEngine.java:183)
	at com.kms.katalon.core.main.ScriptEngine.runScriptAsRawText(ScriptEngine.java:108)
	at com.kms.katalon.core.main.TestCaseExecutor.runScript(TestCaseExecutor.java:294)
	at com.kms.katalon.core.main.TestCaseExecutor.doExecute(TestCaseExecutor.java:285)
	at com.kms.katalon.core.main.TestCaseExecutor.processExecutionPhase(TestCaseExecutor.java:264)
	at com.kms.katalon.core.main.TestCaseExecutor.accessMainPhase(TestCaseExecutor.java:256)
	at com.kms.katalon.core.main.TestCaseExecutor.execute(TestCaseExecutor.java:200)
	at com.kms.katalon.core.main.TestCaseMain.runTestCase(TestCaseMain.java:99)
	at com.kms.katalon.core.keyword.builtin.CallTestCaseKeyword$_callTestCase_closure1.doCall(CallTestCaseKeyword.groovy:60)
	at com.kms.katalon.core.keyword.builtin.CallTestCaseKeyword$_callTestCase_closure1.call(CallTestCaseKeyword.groovy)
	at com.kms.katalon.core.keyword.internal.KeywordMain.runKeyword(KeywordMain.groovy:54)
	at com.kms.katalon.core.keyword.builtin.CallTestCaseKeyword.callTestCase(CallTestCaseKeyword.groovy:81)
	at com.kms.katalon.core.keyword.builtin.CallTestCaseKeyword.execute(CallTestCaseKeyword.groovy:45)
	at com.kms.katalon.core.keyword.internal.KeywordExecutor.executeKeywordForPlatform(KeywordExecutor.groovy:53)
	at com.kms.katalon.core.keyword.BuiltinKeywords.callTestCase(BuiltinKeywords.groovy:334)
	at sun.reflect.GeneratedMethodAccessor13.invoke(Unknown Source)
	at sun.reflect.DelegatingMethodAccessorImpl.invoke(DelegatingMethodAccessorImpl.java:43)
	at java.lang.reflect.Method.invoke(Method.java:498)
	at org.codehaus.groovy.reflection.CachedMethod.invoke(CachedMethod.java:93)
	at groovy.lang.MetaMethod.doMethodInvoke(MetaMethod.java:325)
	at groovy.lang.MetaClassImpl.invokeStaticMethod(MetaClassImpl.java:1469)
	at org.codehaus.groovy.runtime.callsite.StaticMetaClassSite.call(StaticMetaClassSite.java:53)
	at org.codehaus.groovy.runtime.callsite.CallSiteArray.defaultCall(CallSiteArray.java:48)
	at org.codehaus.groovy.runtime.callsite.AbstractCallSite.call(AbstractCallSite.java:113)
	at org.codehaus.groovy.runtime.callsite.AbstractCallSite.call(AbstractCallSite.java:141)
	at Script1536724596813.run(Script1536724596813.groovy:25)
	at com.kms.katalon.core.main.ScriptEngine.run(ScriptEngine.java:183)
	at com.kms.katalon.core.main.ScriptEngine.runScriptAsRawText(ScriptEngine.java:108)
	at com.kms.katalon.core.main.TestCaseExecutor.runScript(TestCaseExecutor.java:294)
	at com.kms.katalon.core.main.TestCaseExecutor.doExecute(TestCaseExecutor.java:285)
	at com.kms.katalon.core.main.TestCaseExecutor.processExecutionPhase(TestCaseExecutor.java:264)
	at com.kms.katalon.core.main.TestCaseExecutor.accessMainPhase(TestCaseExecutor.java:256)
	at com.kms.katalon.core.main.TestCaseExecutor.execute(TestCaseExecutor.java:200)
	at com.kms.katalon.core.main.TestSuiteExecutor.accessTestCaseMainPhase(TestSuiteExecutor.java:129)
	at com.kms.katalon.core.main.TestSuiteExecutor.accessTestSuiteMainPhase(TestSuiteExecutor.java:112)
	at com.kms.katalon.core.main.TestSuiteExecutor.execute(TestSuiteExecutor.java:81)
	at com.kms.katalon.core.main.TestCaseMain.startTestSuite(TestCaseMain.java:142)
	at com.kms.katalon.core.main.TestCaseMain$startTestSuite$0.call(Unknown Source)
	at org.codehaus.groovy.runtime.callsite.CallSiteArray.defaultCall(CallSiteArray.java:48)
	at org.codehaus.groovy.runtime.callsite.AbstractCallSite.call(AbstractCallSite.java:113)
	at org.codehaus.groovy.runtime.callsite.AbstractCallSite.call(AbstractCallSite.java:141)
	at TempTestSuite1542336603806.run(TempTestSuite1542336603806.groovy:36)
	at groovy.lang.GroovyShell.runScriptOrMainOrTestOrRunnable(GroovyShell.java:263)
	at groovy.lang.GroovyShell.run(GroovyShell.java:518)
	at groovy.lang.GroovyShell.run(GroovyShell.java:507)
	at groovy.ui.GroovyMain.processOnce(GroovyMain.java:653)
	at groovy.ui.GroovyMain.run(GroovyMain.java:384)
	at groovy.ui.GroovyMain.process(GroovyMain.java:370)
	at groovy.ui.GroovyMain.processArgs(GroovyMain.java:129)
	at groovy.ui.GroovyMain.main(GroovyMain.java:109)
	at sun.reflect.NativeMethodAccessorImpl.invoke0(Native Method)
	at sun.reflect.NativeMethodAccessorImpl.invoke(NativeMethodAccessorImpl.java:62)
	at sun.reflect.DelegatingMethodAccessorImpl.invoke(DelegatingMethodAccessorImpl.java:43)
	at java.lang.reflect.Method.invoke(Method.java:498)
	at org.codehaus.groovy.tools.GroovyStarter.rootLoader(GroovyStarter.java:109)
	at org.codehaus.groovy.tools.GroovyStarter.main(GroovyStarter.java:131)
)

2018-11-16 11:53:52 - [TEST_STEP][NOT_RUN] - callTestCase: NOT_RUN: callTestCase

2018-11-16 11:53:52 - [MESSAGE][NOT_RUN] - NOT_RUN: callTestCase

2018-11-16 11:53:52 - [TEST_STEP][PASSED] - delay: Delayed 2 second(s)

2018-11-16 11:53:54 - [MESSAGE][PASSED] - Delayed 2 second(s)

2018-11-16 11:53:54 - [TEST_STEP][PASSED] - navigateToUrl: Navigate to 'https://assist2-uat.perkeso.gov.my/c/portal/logout' successfully

2018-11-16 11:53:55 - [MESSAGE][PASSED] - Navigate to 'https://assist2-uat.perkeso.gov.my/c/portal/logout' successfully

2018-11-16 11:53:55 - [TEST_STEP][PASSED] - delay: Delayed 2 second(s)

2018-11-16 11:53:57 - [MESSAGE][PASSED] - Delayed 2 second(s)

2018-11-16 11:53:57 - [TEST_STEP][PASSED] - callTestCase: Call Test Case 'Test Cases/Final Aug 2018 - PKS Automation/Common/Reference Number Getter' successfully

2018-11-16 11:53:57 - [TEST_CASE][PASSED] - Test Cases/Final Aug 2018 - PKS Automation/Common/Reference Number Getter: Test Cases/Final Aug 2018 - PKS Automation/Common/Reference Number Getter

2018-11-16 11:53:57 - [TEST_STEP][PASSED] - Statement - Try: null

2018-11-16 11:53:57 - [TEST_STEP][PASSED] - Statement - RefNo = new java.io.File(C://KatalonReference.txt): null

2018-11-16 11:53:57 - [TEST_STEP][PASSED] - Statement - bufferread = new java.io.BufferedReader(new java.io.FileReader(RefNo)): null

2018-11-16 11:53:57 - [TEST_STEP][PASSED] - Statement - readedVal = bufferread.readLine(): null

2018-11-16 11:53:57 - [TEST_STEP][PASSED] - Statement - out.println(CaseReferenceNo): null

2018-11-16 11:53:57 - [TEST_STEP][PASSED] - Statement - out.println(readedVal): null

2018-11-16 11:53:57 - [TEST_STEP][PASSED] - Statement - CaseReferenceNo = "": null

2018-11-16 11:53:57 - [TEST_STEP][PASSED] - Statement - CaseReferenceNo = readedVal: null

2018-11-16 11:53:57 - [MESSAGE][PASSED] - Call Test Case 'Test Cases/Final Aug 2018 - PKS Automation/Common/Reference Number Getter' successfully

2018-11-16 11:53:57 - [TEST_STEP][PASSED] - callTestCase: Call Test Case 'Test Cases/Final Aug 2018 - PKS Automation/Common/Workflow Owner Finder' successfully

2018-11-16 11:53:57 - [TEST_CASE][PASSED] - Test Cases/Final Aug 2018 - PKS Automation/Common/Workflow Owner Finder: Test Cases/Final Aug 2018 - PKS Automation/Common/Workflow Owner Finder

2018-11-16 11:53:57 - [TEST_STEP][PASSED] - openBrowser: Browser is opened with url: ''

2018-11-16 11:53:57 - [MESSAGE][WARNING] - A browser is already opened. Closing browser and opening a new one

2018-11-16 11:54:02 - [MESSAGE][PASSED] - Browser is opened with url: ''

2018-11-16 11:54:02 - [TEST_STEP][PASSED] - navigateToUrl: Navigate to 'https://assist2-uat.perkeso.gov.my/login' successfully

2018-11-16 11:54:04 - [MESSAGE][PASSED] - Navigate to 'https://assist2-uat.perkeso.gov.my/login' successfully

2018-11-16 11:54:04 - [TEST_STEP][PASSED] - delay: Delayed 5 second(s)

2018-11-16 11:54:09 - [MESSAGE][PASSED] - Delayed 5 second(s)

2018-11-16 11:54:09 - [TEST_STEP][PASSED] - setText: Text 'test@liferay.com' is set on object 'Object Repository/Final Object Repo/Login Page/Internal User/Email Address'

2018-11-16 11:54:10 - [MESSAGE][PASSED] - Text 'test@liferay.com' is set on object 'Object Repository/Final Object Repo/Login Page/Internal User/Email Address'

2018-11-16 11:54:10 - [TEST_STEP][PASSED] - click: Object: 'Object Repository/Final Object Repo/Login Page/Internal User/Next Button' is clicked on

2018-11-16 11:54:10 - [MESSAGE][PASSED] - Object: 'Object Repository/Final Object Repo/Login Page/Internal User/Next Button' is clicked on

2018-11-16 11:54:10 - [TEST_STEP][PASSED] - delay: Delayed 2 second(s)

2018-11-16 11:54:12 - [MESSAGE][PASSED] - Delayed 2 second(s)

2018-11-16 11:54:12 - [TEST_STEP][PASSED] - setText: Text 'test' is set on object 'Object Repository/Final Object Repo/Login Page/Internal User/Password'

2018-11-16 11:54:12 - [MESSAGE][PASSED] - Text 'test' is set on object 'Object Repository/Final Object Repo/Login Page/Internal User/Password'

2018-11-16 11:54:12 - [TEST_STEP][PASSED] - delay: Delayed 2 second(s)

2018-11-16 11:54:14 - [MESSAGE][PASSED] - Delayed 2 second(s)

2018-11-16 11:54:14 - [TEST_STEP][PASSED] - click: Object: 'Object Repository/Final Object Repo/Login Page/Internal User/Login Button' is clicked on

2018-11-16 11:54:17 - [MESSAGE][PASSED] - Object: 'Object Repository/Final Object Repo/Login Page/Internal User/Login Button' is clicked on

2018-11-16 11:54:17 - [TEST_STEP][PASSED] - Statement - Try: Delayed 2 second(s)

2018-11-16 11:54:17 - [TEST_STEP][PASSED] - Statement - Checker = false: null

2018-11-16 11:54:17 - [TEST_STEP][PASSED] - Statement - Checker = com.kms.katalon.core.webui.keyword.WebUiBuiltInKeywords.verifyElementHasAttribute(com.kms.katalon.core.testobject.ObjectRepository.findTestObject(Final Object Repo/Landing Page/BM Detecting), "href", 20, OPTIONAL): Object 'Object Repository/Final Object Repo/Landing Page/BM Detecting' has attribute 'href'

2018-11-16 11:54:17 - [MESSAGE][PASSED] - Object 'Object Repository/Final Object Repo/Landing Page/BM Detecting' has attribute 'href'

2018-11-16 11:54:17 - [TEST_STEP][PASSED] - Statement - out.println(Checker): null

2018-11-16 11:54:17 - [TEST_STEP][PASSED] - Statement - If (Checker == false): null

2018-11-16 11:54:17 - [TEST_STEP][PASSED] - Statement - Else: null

2018-11-16 11:54:17 - [TEST_STEP][PASSED] - delay: Delayed 2 second(s)

2018-11-16 11:54:19 - [MESSAGE][PASSED] - Delayed 2 second(s)

2018-11-16 11:54:19 - [TEST_STEP][PASSED] - delay: Delayed 3 second(s)

2018-11-16 11:54:22 - [MESSAGE][PASSED] - Delayed 3 second(s)

2018-11-16 11:54:22 - [TEST_STEP][PASSED] - mouseOver: Object: 'Object Repository/Final Object Repo/Landing Page/WorkFlow Menu' is hovered

2018-11-16 11:54:22 - [MESSAGE][PASSED] - Object: 'Object Repository/Final Object Repo/Landing Page/WorkFlow Menu' is hovered

2018-11-16 11:54:22 - [TEST_STEP][PASSED] - delay: Delayed 2 second(s)

2018-11-16 11:54:24 - [MESSAGE][PASSED] - Delayed 2 second(s)

2018-11-16 11:54:24 - [TEST_STEP][PASSED] - click: Object: 'Object Repository/Final Object Repo/Landing Page/Select to Workflow Listing' is clicked on

2018-11-16 11:54:25 - [MESSAGE][PASSED] - Object: 'Object Repository/Final Object Repo/Landing Page/Select to Workflow Listing' is clicked on

2018-11-16 11:54:25 - [TEST_STEP][PASSED] - delay: Delayed 2 second(s)

2018-11-16 11:54:27 - [MESSAGE][PASSED] - Delayed 2 second(s)

2018-11-16 11:54:27 - [TEST_STEP][PASSED] - click: Object: 'Object Repository/Final Object Repo/WorkFlow Listing Page/Search Information - To Put Ref No' is clicked on

2018-11-16 11:54:28 - [MESSAGE][PASSED] - Object: 'Object Repository/Final Object Repo/WorkFlow Listing Page/Search Information - To Put Ref No' is clicked on

2018-11-16 11:54:28 - [TEST_STEP][PASSED] - delay: Delayed 2 second(s)

2018-11-16 11:54:30 - [MESSAGE][PASSED] - Delayed 2 second(s)

2018-11-16 11:54:30 - [TEST_STEP][PASSED] - callTestCase: Call Test Case 'Test Cases/Final Aug 2018 - PKS Automation/Common/Reference Number Getter' successfully

2018-11-16 11:54:30 - [TEST_CASE][PASSED] - Test Cases/Final Aug 2018 - PKS Automation/Common/Reference Number Getter: Test Cases/Final Aug 2018 - PKS Automation/Common/Reference Number Getter

2018-11-16 11:54:30 - [TEST_STEP][PASSED] - Statement - Try: null

2018-11-16 11:54:30 - [TEST_STEP][PASSED] - Statement - RefNo = new java.io.File(C://KatalonReference.txt): null

2018-11-16 11:54:30 - [TEST_STEP][PASSED] - Statement - bufferread = new java.io.BufferedReader(new java.io.FileReader(RefNo)): null

2018-11-16 11:54:30 - [TEST_STEP][PASSED] - Statement - readedVal = bufferread.readLine(): null

2018-11-16 11:54:30 - [TEST_STEP][PASSED] - Statement - out.println(CaseReferenceNo): null

2018-11-16 11:54:30 - [TEST_STEP][PASSED] - Statement - out.println(readedVal): null

2018-11-16 11:54:30 - [TEST_STEP][PASSED] - Statement - CaseReferenceNo = "": null

2018-11-16 11:54:30 - [TEST_STEP][PASSED] - Statement - CaseReferenceNo = readedVal: null

2018-11-16 11:54:30 - [MESSAGE][PASSED] - Call Test Case 'Test Cases/Final Aug 2018 - PKS Automation/Common/Reference Number Getter' successfully

2018-11-16 11:54:30 - [TEST_STEP][PASSED] - setText: Text 'CUN112018C100005492' is set on object 'Object Repository/Final Object Repo/WorkFlow Listing Page/Ref No Set Text'

2018-11-16 11:54:30 - [MESSAGE][PASSED] - Text 'CUN112018C100005492' is set on object 'Object Repository/Final Object Repo/WorkFlow Listing Page/Ref No Set Text'

2018-11-16 11:54:30 - [TEST_STEP][PASSED] - delay: Delayed 2 second(s)

2018-11-16 11:54:32 - [MESSAGE][PASSED] - Delayed 2 second(s)

2018-11-16 11:54:32 - [TEST_STEP][PASSED] - click: Object: 'Object Repository/Final Object Repo/WorkFlow Listing Page/Search Ref No Search Button' is clicked on

2018-11-16 11:54:34 - [MESSAGE][PASSED] - Object: 'Object Repository/Final Object Repo/WorkFlow Listing Page/Search Ref No Search Button' is clicked on

2018-11-16 11:54:34 - [TEST_STEP][PASSED] - delay: Delayed 4 second(s)

2018-11-16 11:54:38 - [MESSAGE][PASSED] - Delayed 4 second(s)

2018-11-16 11:54:38 - [TEST_STEP][PASSED] - click: Object: 'Object Repository/Final Object Repo/WorkFlow Listing Page/Click Continue Tooltip' is clicked on

2018-11-16 11:54:39 - [MESSAGE][PASSED] - Object: 'Object Repository/Final Object Repo/WorkFlow Listing Page/Click Continue Tooltip' is clicked on

2018-11-16 11:54:39 - [TEST_STEP][PASSED] - delay: Delayed 5 second(s)

2018-11-16 11:54:44 - [MESSAGE][PASSED] - Delayed 5 second(s)

2018-11-16 11:54:44 - [TEST_STEP][PASSED] - doubleClick: Object: 'Object Repository/Final Object Repo/WorkFlow Listing Page/Workflow Found - Listing 1' is double clicked on

2018-11-16 11:54:44 - [MESSAGE][PASSED] - Object: 'Object Repository/Final Object Repo/WorkFlow Listing Page/Workflow Found - Listing 1' is double clicked on

2018-11-16 11:54:44 - [TEST_STEP][PASSED] - Statement - println(OwnerID): null

2018-11-16 11:54:44 - [TEST_STEP][PASSED] - Statement - OwnerID = com.kms.katalon.core.webui.keyword.WebUiBuiltInKeywords.getText(com.kms.katalon.core.testobject.ObjectRepository.findTestObject(Final Object Repo/WorkFlow Listing Page/Workflow Found - Listing 1), STOP_ON_FAILURE): Text of object 'Object Repository/Final Object Repo/WorkFlow Listing Page/Workflow Found - Listing 1' is: 'JOHORuo1'

2018-11-16 11:54:44 - [MESSAGE][PASSED] - Text of object 'Object Repository/Final Object Repo/WorkFlow Listing Page/Workflow Found - Listing 1' is: 'JOHORuo1'

2018-11-16 11:54:44 - [TEST_STEP][PASSED] - Statement - OwnerID = OwnerID.toLowerCase() + "@gmail.com": null

2018-11-16 11:54:44 - [TEST_STEP][PASSED] - Statement - println(OwnerID): null

2018-11-16 11:54:44 - [TEST_STEP][PASSED] - delay: Delayed 2 second(s)

2018-11-16 11:54:46 - [MESSAGE][PASSED] - Delayed 2 second(s)

2018-11-16 11:54:46 - [MESSAGE][PASSED] - Call Test Case 'Test Cases/Final Aug 2018 - PKS Automation/Common/Workflow Owner Finder' successfully

2018-11-16 11:54:46 - [TEST_STEP][PASSED] - delay: Delayed 2 second(s)

2018-11-16 11:54:48 - [MESSAGE][PASSED] - Delayed 2 second(s)

2018-11-16 11:54:48 - [TEST_STEP][PASSED] - navigateToUrl: Navigate to 'https://assist2-uat.perkeso.gov.my/c/portal/logout' successfully

2018-11-16 11:54:49 - [MESSAGE][PASSED] - Navigate to 'https://assist2-uat.perkeso.gov.my/c/portal/logout' successfully

2018-11-16 11:54:49 - [TEST_STEP][PASSED] - delay: Delayed 2 second(s)

2018-11-16 11:54:51 - [MESSAGE][PASSED] - Delayed 2 second(s)

2018-11-16 11:54:51 - [TEST_STEP][PASSED] - callTestCase: Call Test Case 'Test Cases/Final Aug 2018 - PKS Automation/Registration Module/Workflow/Login and Search Case For Workflow' successfully

2018-11-16 11:54:51 - [TEST_CASE][PASSED] - Test Cases/Final Aug 2018 - PKS Automation/Registration Module/Workflow/Login and Search Case For Workflow: Test Cases/Final Aug 2018 - PKS Automation/Registration Module/Workflow/Login and Search Case For Workflow

2018-11-16 11:54:51 - [TEST_STEP][PASSED] - navigateToUrl: Navigate to 'https://assist2-uat.perkeso.gov.my/login' successfully

2018-11-16 11:54:52 - [MESSAGE][PASSED] - Navigate to 'https://assist2-uat.perkeso.gov.my/login' successfully

2018-11-16 11:54:52 - [TEST_STEP][PASSED] - setText: Text 'johoruo1@gmail.com' is set on object 'Object Repository/Final Object Repo/Login Page/Internal User/Email Address'

2018-11-16 11:54:52 - [MESSAGE][PASSED] - Text 'johoruo1@gmail.com' is set on object 'Object Repository/Final Object Repo/Login Page/Internal User/Email Address'

2018-11-16 11:54:52 - [TEST_STEP][PASSED] - click: Object: 'Object Repository/Final Object Repo/Login Page/Internal User/Next Button' is clicked on

2018-11-16 11:54:53 - [MESSAGE][PASSED] - Object: 'Object Repository/Final Object Repo/Login Page/Internal User/Next Button' is clicked on

2018-11-16 11:54:53 - [TEST_STEP][PASSED] - delay: Delayed 1 second(s)

2018-11-16 11:54:54 - [MESSAGE][PASSED] - Delayed 1 second(s)

2018-11-16 11:54:54 - [TEST_STEP][PASSED] - setEncryptedText: Text ****** has been set on object 'Object Repository/Final Object Repo/Login Page/Internal User/Password'

2018-11-16 11:54:54 - [MESSAGE][PASSED] - Text ****** has been set on object 'Object Repository/Final Object Repo/Login Page/Internal User/Password'

2018-11-16 11:54:54 - [TEST_STEP][PASSED] - click: Object: 'Object Repository/Final Object Repo/Login Page/Internal User/Login Button' is clicked on

2018-11-16 11:54:54 - [MESSAGE][PASSED] - Object: 'Object Repository/Final Object Repo/Login Page/Internal User/Login Button' is clicked on

2018-11-16 11:54:54 - [TEST_STEP][PASSED] - delay: Delayed 2 second(s)

2018-11-16 11:54:56 - [MESSAGE][PASSED] - Delayed 2 second(s)

2018-11-16 11:54:56 - [TEST_STEP][PASSED] - Statement - Try: Delayed 2 second(s)

2018-11-16 11:54:56 - [TEST_STEP][PASSED] - Statement - Checker = false: null

2018-11-16 11:54:56 - [TEST_STEP][PASSED] - Statement - Checker = com.kms.katalon.core.webui.keyword.WebUiBuiltInKeywords.verifyElementHasAttribute(com.kms.katalon.core.testobject.ObjectRepository.findTestObject(Final Object Repo/Landing Page/BM Detecting), "href", 20, OPTIONAL): Object 'Object Repository/Final Object Repo/Landing Page/BM Detecting' has attribute 'href'

2018-11-16 11:54:56 - [MESSAGE][PASSED] - Object 'Object Repository/Final Object Repo/Landing Page/BM Detecting' has attribute 'href'

2018-11-16 11:54:56 - [TEST_STEP][PASSED] - Statement - out.println(Checker): null

2018-11-16 11:54:56 - [TEST_STEP][PASSED] - Statement - If (Checker == false): null

2018-11-16 11:54:56 - [TEST_STEP][PASSED] - Statement - Else: null

2018-11-16 11:54:56 - [TEST_STEP][PASSED] - delay: Delayed 2 second(s)

2018-11-16 11:54:58 - [MESSAGE][PASSED] - Delayed 2 second(s)

2018-11-16 11:54:58 - [TEST_STEP][PASSED] - click: Object: 'Object Repository/Final Object Repo/Page_MyASSIST - ASSIST - Search Pending Case For Add Supporting Document/Search Information' is clicked on

2018-11-16 11:54:59 - [MESSAGE][PASSED] - Object: 'Object Repository/Final Object Repo/Page_MyASSIST - ASSIST - Search Pending Case For Add Supporting Document/Search Information' is clicked on

2018-11-16 11:54:59 - [TEST_STEP][PASSED] - delay: Delayed 3 second(s)

2018-11-16 11:55:02 - [MESSAGE][PASSED] - Delayed 3 second(s)

2018-11-16 11:55:02 - [TEST_STEP][PASSED] - sendKeys: Keys 'CUN112018C100005492' sent to object: 'Object Repository/Final Object Repo/Page_MyASSIST - ASSIST - Search Pending Case For Add Supporting Document/Reference No'

2018-11-16 11:55:02 - [MESSAGE][PASSED] - Keys 'CUN112018C100005492' sent to object: 'Object Repository/Final Object Repo/Page_MyASSIST - ASSIST - Search Pending Case For Add Supporting Document/Reference No'

2018-11-16 11:55:02 - [TEST_STEP][PASSED] - click: Object: 'Object Repository/Final Object Repo/Page_MyASSIST - ASSIST - Search Pending Case For Add Supporting Document/Search Reference No' is clicked on

2018-11-16 11:55:03 - [MESSAGE][PASSED] - Object: 'Object Repository/Final Object Repo/Page_MyASSIST - ASSIST - Search Pending Case For Add Supporting Document/Search Reference No' is clicked on

2018-11-16 11:55:03 - [TEST_STEP][PASSED] - delay: Delayed 2 second(s)

2018-11-16 11:55:05 - [MESSAGE][PASSED] - Delayed 2 second(s)

2018-11-16 11:55:05 - [TEST_STEP][PASSED] - click: Object: 'Object Repository/Final Object Repo/Page_MyASSIST - ASSIST - Search Pending Case For Add Supporting Document/Continue' is clicked on

2018-11-16 11:55:11 - [MESSAGE][PASSED] - Object: 'Object Repository/Final Object Repo/Page_MyASSIST - ASSIST - Search Pending Case For Add Supporting Document/Continue' is clicked on

2018-11-16 11:55:11 - [TEST_STEP][PASSED] - delay: Delayed 20 second(s)

2018-11-16 11:55:31 - [MESSAGE][PASSED] - Delayed 20 second(s)

2018-11-16 11:55:31 - [MESSAGE][PASSED] - Call Test Case 'Test Cases/Final Aug 2018 - PKS Automation/Registration Module/Workflow/Login and Search Case For Workflow' successfully

2018-11-16 11:55:31 - [TEST_STEP][PASSED] - delay: Delayed 2 second(s)

2018-11-16 11:55:33 - [MESSAGE][PASSED] - Delayed 2 second(s)

2018-11-16 11:55:33 - [TEST_STEP][PASSED] - click: Object: 'Object Repository/Final Object Repo/Page_Update Employee Information By Employer/Page_Update Employee Information by Employer (Approve)/Continue' is clicked on

2018-11-16 11:55:37 - [MESSAGE][PASSED] - Object: 'Object Repository/Final Object Repo/Page_Update Employee Information By Employer/Page_Update Employee Information by Employer (Approve)/Continue' is clicked on

2018-11-16 11:55:37 - [TEST_STEP][PASSED] - delay: Delayed 2 second(s)

2018-11-16 11:55:39 - [MESSAGE][PASSED] - Delayed 2 second(s)

2018-11-16 11:55:39 - [TEST_STEP][PASSED] - click: Object: 'Object Repository/Final Object Repo/Page_Update Employee Information By Employer/Page_Update Employee Information by Employer (Approve)/Save  Continue in Update Employee Information Page' is clicked on

2018-11-16 11:55:42 - [MESSAGE][PASSED] - Object: 'Object Repository/Final Object Repo/Page_Update Employee Information By Employer/Page_Update Employee Information by Employer (Approve)/Save  Continue in Update Employee Information Page' is clicked on

2018-11-16 11:55:42 - [TEST_STEP][PASSED] - delay: Delayed 4 second(s)

2018-11-16 11:55:46 - [MESSAGE][PASSED] - Delayed 4 second(s)

2018-11-16 11:55:46 - [TEST_STEP][PASSED] - setText: Text 'Query' is set on object 'Object Repository/Final Object Repo/Page_Update Employee Information By Employer/Page_Update Employee Information by Employer (Query)/Remark'

2018-11-16 11:55:47 - [MESSAGE][PASSED] - Text 'Query' is set on object 'Object Repository/Final Object Repo/Page_Update Employee Information By Employer/Page_Update Employee Information by Employer (Query)/Remark'

2018-11-16 11:55:47 - [TEST_STEP][PASSED] - delay: Delayed 2 second(s)

2018-11-16 11:55:49 - [MESSAGE][PASSED] - Delayed 2 second(s)

2018-11-16 11:55:49 - [TEST_STEP][PASSED] - click: Object: 'Object Repository/Final Object Repo/Page_Update Employee Information By Employer/Page_Update Employee Information by Employer (Approve)/Save  Continue in Upload Supporting Doucument Page' is clicked on

2018-11-16 11:55:49 - [MESSAGE][PASSED] - Object: 'Object Repository/Final Object Repo/Page_Update Employee Information By Employer/Page_Update Employee Information by Employer (Approve)/Save  Continue in Upload Supporting Doucument Page' is clicked on

2018-11-16 11:55:49 - [TEST_STEP][PASSED] - delay: Delayed 2 second(s)

2018-11-16 11:55:51 - [MESSAGE][PASSED] - Delayed 2 second(s)

2018-11-16 11:55:51 - [TEST_STEP][PASSED] - click: Object: 'Object Repository/Final Object Repo/Page_Update Employee Information By Employer/Page_Update Employee Information by Employer (Query)/Query' is clicked on

2018-11-16 11:55:58 - [MESSAGE][PASSED] - Object: 'Object Repository/Final Object Repo/Page_Update Employee Information By Employer/Page_Update Employee Information by Employer (Query)/Query' is clicked on

2018-11-16 11:55:58 - [TEST_STEP][PASSED] - delay: Delayed 2 second(s)

2018-11-16 11:56:00 - [MESSAGE][PASSED] - Delayed 2 second(s)

2018-11-16 11:56:00 - [TEST_STEP][PASSED] - click: Object: 'Object Repository/Final Object Repo/Page_Update Employee Information By Employer/Page_Update Employee Information by Employer (Approve)/Confirm' is clicked on

2018-11-16 11:56:05 - [MESSAGE][PASSED] - Object: 'Object Repository/Final Object Repo/Page_Update Employee Information By Employer/Page_Update Employee Information by Employer (Approve)/Confirm' is clicked on

2018-11-16 11:56:05 - [TEST_STEP][PASSED] - delay: Delayed 2 second(s)

2018-11-16 11:56:07 - [MESSAGE][PASSED] - Delayed 2 second(s)

2018-11-16 11:56:07 - [TEST_STEP][PASSED] - click: Object: 'Object Repository/Final Object Repo/Page_Update Employee Information By Employer/Page_Update Employee Information by Employer (Query)/Query Message The case is Under Query' is clicked on

2018-11-16 11:56:07 - [MESSAGE][PASSED] - Object: 'Object Repository/Final Object Repo/Page_Update Employee Information By Employer/Page_Update Employee Information by Employer (Query)/Query Message The case is Under Query' is clicked on

2018-11-16 11:56:07 - [TEST_STEP][PASSED] - delay: Delayed 2 second(s)

2018-11-16 11:56:09 - [MESSAGE][PASSED] - Delayed 2 second(s)

2018-11-16 11:56:09 - [TEST_STEP][PASSED] - click: Object: 'Object Repository/Final Object Repo/Page_Update Employee Information By Employer/Page_Update Employee Information by Employer (Query)/Letter of inquiry' is clicked on

2018-11-16 11:56:15 - [MESSAGE][PASSED] - Object: 'Object Repository/Final Object Repo/Page_Update Employee Information By Employer/Page_Update Employee Information by Employer (Query)/Letter of inquiry' is clicked on

2018-11-16 11:56:15 - [TEST_STEP][PASSED] - delay: Delayed 1 second(s)

2018-11-16 11:56:16 - [MESSAGE][PASSED] - Delayed 1 second(s)

2018-11-16 11:56:16 - [TEST_STEP][PASSED] - navigateToUrl: Navigate to 'https://assist2-uat.perkeso.gov.my/c/portal/logout' successfully

2018-11-16 11:56:17 - [MESSAGE][PASSED] - Navigate to 'https://assist2-uat.perkeso.gov.my/c/portal/logout' successfully

2018-11-16 11:56:17 - [TEST_STEP][PASSED] - delay: Delayed 1 second(s)

2018-11-16 11:56:18 - [MESSAGE][PASSED] - Delayed 1 second(s)

2018-11-16 11:56:18 - [TEST_STEP][PASSED] - callTestCase: null

2018-11-16 11:56:18 - [MESSAGE][FAILED] - Unable to call Test Case with id 'Test Cases/Final Aug 2018 - PKS Automation/Registration Module/Workflow/Update Employee Information (Employer)/Template/Update Employee Information - Special Case - UO(Query)' (Root cause: Call Test Case 'Test Cases/Final Aug 2018 - PKS Automation/Registration Module/Workflow/Update Employee Information (Employer)/Template/Update Employee Information - Special Case - UO(Query)' failed because of error(s))]]></system-out>
         <system-err><![CDATA[2018-11-16 11:52:27 - [TEST_CASE][ERROR] - Test Cases/Final Aug 2018 - PKS Automation/Registration Module/Workflow/Update Employee Information (Employer)/PAU to UO (Query): Test Cases/Final Aug 2018 - PKS Automation/Registration Module/Workflow/Update Employee Information (Employer)/PAU to UO (Query) FAILED because (of) (Stack trace: java.lang.IllegalArgumentException: Cannot find test case with id 'Test Cases/Final Aug 2018 - PKS Automation/Registration/Search Pending Case For Add Supporting Document (OTC)'
	at com.kms.katalon.core.testcase.TestCaseFactory.findTestCase(TestCaseFactory.java:72)
	at com.kms.katalon.core.testcase.TestCaseFactory$findTestCase.callStatic(Unknown Source)
	at Script1537848281437.run(Script1537848281437.groovy:83)
	at com.kms.katalon.core.main.ScriptEngine.run(ScriptEngine.java:183)
	at com.kms.katalon.core.main.ScriptEngine.runScriptAsRawText(ScriptEngine.java:108)
	at com.kms.katalon.core.main.TestCaseExecutor.runScript(TestCaseExecutor.java:294)
	at com.kms.katalon.core.main.TestCaseExecutor.doExecute(TestCaseExecutor.java:285)
	at com.kms.katalon.core.main.TestCaseExecutor.processExecutionPhase(TestCaseExecutor.java:264)
	at com.kms.katalon.core.main.TestCaseExecutor.accessMainPhase(TestCaseExecutor.java:256)
	at com.kms.katalon.core.main.TestCaseExecutor.execute(TestCaseExecutor.java:200)
	at com.kms.katalon.core.main.TestCaseMain.runTestCase(TestCaseMain.java:99)
	at com.kms.katalon.core.keyword.builtin.CallTestCaseKeyword$_callTestCase_closure1.doCall(CallTestCaseKeyword.groovy:60)
	at com.kms.katalon.core.keyword.builtin.CallTestCaseKeyword$_callTestCase_closure1.call(CallTestCaseKeyword.groovy)
	at com.kms.katalon.core.keyword.internal.KeywordMain.runKeyword(KeywordMain.groovy:54)
	at com.kms.katalon.core.keyword.builtin.CallTestCaseKeyword.callTestCase(CallTestCaseKeyword.groovy:81)
	at com.kms.katalon.core.keyword.builtin.CallTestCaseKeyword.execute(CallTestCaseKeyword.groovy:45)
	at com.kms.katalon.core.keyword.internal.KeywordExecutor.executeKeywordForPlatform(KeywordExecutor.groovy:53)
	at com.kms.katalon.core.keyword.BuiltinKeywords.callTestCase(BuiltinKeywords.groovy:334)
	at sun.reflect.GeneratedMethodAccessor13.invoke(Unknown Source)
	at sun.reflect.DelegatingMethodAccessorImpl.invoke(DelegatingMethodAccessorImpl.java:43)
	at java.lang.reflect.Method.invoke(Method.java:498)
	at org.codehaus.groovy.reflection.CachedMethod.invoke(CachedMethod.java:93)
	at groovy.lang.MetaMethod.doMethodInvoke(MetaMethod.java:325)
	at groovy.lang.MetaClassImpl.invokeStaticMethod(MetaClassImpl.java:1469)
	at org.codehaus.groovy.runtime.callsite.StaticMetaClassSite.call(StaticMetaClassSite.java:53)
	at org.codehaus.groovy.runtime.callsite.CallSiteArray.defaultCall(CallSiteArray.java:48)
	at org.codehaus.groovy.runtime.callsite.AbstractCallSite.call(AbstractCallSite.java:113)
	at org.codehaus.groovy.runtime.callsite.AbstractCallSite.call(AbstractCallSite.java:141)
	at Script1536724596813.run(Script1536724596813.groovy:25)
	at com.kms.katalon.core.main.ScriptEngine.run(ScriptEngine.java:183)
	at com.kms.katalon.core.main.ScriptEngine.runScriptAsRawText(ScriptEngine.java:108)
	at com.kms.katalon.core.main.TestCaseExecutor.runScript(TestCaseExecutor.java:294)
	at com.kms.katalon.core.main.TestCaseExecutor.doExecute(TestCaseExecutor.java:285)
	at com.kms.katalon.core.main.TestCaseExecutor.processExecutionPhase(TestCaseExecutor.java:264)
	at com.kms.katalon.core.main.TestCaseExecutor.accessMainPhase(TestCaseExecutor.java:256)
	at com.kms.katalon.core.main.TestCaseExecutor.execute(TestCaseExecutor.java:200)
	at com.kms.katalon.core.main.TestSuiteExecutor.accessTestCaseMainPhase(TestSuiteExecutor.java:129)
	at com.kms.katalon.core.main.TestSuiteExecutor.accessTestSuiteMainPhase(TestSuiteExecutor.java:112)
	at com.kms.katalon.core.main.TestSuiteExecutor.execute(TestSuiteExecutor.java:81)
	at com.kms.katalon.core.main.TestCaseMain.startTestSuite(TestCaseMain.java:142)
	at com.kms.katalon.core.main.TestCaseMain$startTestSuite$0.call(Unknown Source)
	at org.codehaus.groovy.runtime.callsite.CallSiteArray.defaultCall(CallSiteArray.java:48)
	at org.codehaus.groovy.runtime.callsite.AbstractCallSite.call(AbstractCallSite.java:113)
	at org.codehaus.groovy.runtime.callsite.AbstractCallSite.call(AbstractCallSite.java:141)
	at TempTestSuite1542336603806.run(TempTestSuite1542336603806.groovy:36)
	at groovy.lang.GroovyShell.runScriptOrMainOrTestOrRunnable(GroovyShell.java:263)
	at groovy.lang.GroovyShell.run(GroovyShell.java:518)
	at groovy.lang.GroovyShell.run(GroovyShell.java:507)
	at groovy.ui.GroovyMain.processOnce(GroovyMain.java:653)
	at groovy.ui.GroovyMain.run(GroovyMain.java:384)
	at groovy.ui.GroovyMain.process(GroovyMain.java:370)
	at groovy.ui.GroovyMain.processArgs(GroovyMain.java:129)
	at groovy.ui.GroovyMain.main(GroovyMain.java:109)
	at sun.reflect.NativeMethodAccessorImpl.invoke0(Native Method)
	at sun.reflect.NativeMethodAccessorImpl.invoke(NativeMethodAccessorImpl.java:62)
	at sun.reflect.DelegatingMethodAccessorImpl.invoke(DelegatingMethodAccessorImpl.java:43)
	at java.lang.reflect.Method.invoke(Method.java:498)
	at org.codehaus.groovy.tools.GroovyStarter.rootLoader(GroovyStarter.java:109)
	at org.codehaus.groovy.tools.GroovyStarter.main(GroovyStarter.java:131)
)]]></system-err>
      </testcase>
      <testcase name="Test Cases/Final Aug 2018 - PKS Automation/Registration Module/Workflow/Update Employee Information (Employer)/PAU to UO (Reject)" classname="Test Cases/Final Aug 2018 - PKS Automation/Registration Module/Workflow/Update Employee Information (Employer)/PAU to UO (Reject)" status="PASSED">
         <system-out><![CDATA[2018-11-16 11:56:18 - [TEST_CASE][PASSED] - Test Cases/Final Aug 2018 - PKS Automation/Registration Module/Workflow/Update Employee Information (Employer)/PAU to UO (Reject): Test Cases/Final Aug 2018 - PKS Automation/Registration Module/Workflow/Update Employee Information (Employer)/PAU to UO (Reject)

2018-11-16 11:56:18 - [TEST_STEP][PASSED] - callTestCase: Call Test Case 'Test Cases/Final Aug 2018 - PKS Automation/Registration Module/Workflow/Update Employee Information (Employer)/Template/Update Employer Information - Special Case (PAU)' successfully

2018-11-16 11:56:18 - [TEST_CASE][PASSED] - Test Cases/Final Aug 2018 - PKS Automation/Registration Module/Workflow/Update Employee Information (Employer)/Template/Update Employer Information - Special Case (PAU): Test Cases/Final Aug 2018 - PKS Automation/Registration Module/Workflow/Update Employee Information (Employer)/Template/Update Employer Information - Special Case (PAU)

2018-11-16 11:56:18 - [TEST_STEP][PASSED] - openBrowser: Browser is opened with url: ''

2018-11-16 11:56:18 - [MESSAGE][WARNING] - A browser is already opened. Closing browser and opening a new one

2018-11-16 11:56:23 - [MESSAGE][PASSED] - Browser is opened with url: ''

2018-11-16 11:56:23 - [TEST_STEP][PASSED] - navigateToUrl: Navigate to 'https://assist2-uat.perkeso.gov.my/login' successfully

2018-11-16 11:56:26 - [MESSAGE][PASSED] - Navigate to 'https://assist2-uat.perkeso.gov.my/login' successfully

2018-11-16 11:56:26 - [TEST_STEP][PASSED] - setText: Text 'johorpau1@gmail.com' is set on object 'Object Repository/Final Object Repo/Login Page/Internal User/Email Address'

2018-11-16 11:56:26 - [MESSAGE][PASSED] - Text 'johorpau1@gmail.com' is set on object 'Object Repository/Final Object Repo/Login Page/Internal User/Email Address'

2018-11-16 11:56:26 - [TEST_STEP][PASSED] - click: Object: 'Object Repository/Final Object Repo/Login Page/Internal User/Next Button' is clicked on

2018-11-16 11:56:26 - [MESSAGE][PASSED] - Object: 'Object Repository/Final Object Repo/Login Page/Internal User/Next Button' is clicked on

2018-11-16 11:56:26 - [TEST_STEP][PASSED] - delay: Delayed 1 second(s)

2018-11-16 11:56:27 - [MESSAGE][PASSED] - Delayed 1 second(s)

2018-11-16 11:56:27 - [TEST_STEP][PASSED] - setEncryptedText: Text ****** has been set on object 'Object Repository/Final Object Repo/Login Page/Internal User/Password'

2018-11-16 11:56:27 - [MESSAGE][PASSED] - Text ****** has been set on object 'Object Repository/Final Object Repo/Login Page/Internal User/Password'

2018-11-16 11:56:27 - [TEST_STEP][PASSED] - click: Object: 'Object Repository/Final Object Repo/Login Page/Internal User/Login Button' is clicked on

2018-11-16 11:56:30 - [MESSAGE][PASSED] - Object: 'Object Repository/Final Object Repo/Login Page/Internal User/Login Button' is clicked on

2018-11-16 11:56:30 - [TEST_STEP][PASSED] - Statement - Try: Delayed 2 second(s)

2018-11-16 11:56:30 - [TEST_STEP][PASSED] - Statement - Checker = false: null

2018-11-16 11:56:30 - [TEST_STEP][PASSED] - Statement - Checker = com.kms.katalon.core.webui.keyword.WebUiBuiltInKeywords.verifyElementHasAttribute(com.kms.katalon.core.testobject.ObjectRepository.findTestObject(Final Object Repo/Landing Page/BM Detecting), "href", 20, OPTIONAL): Object 'Object Repository/Final Object Repo/Landing Page/BM Detecting' has attribute 'href'

2018-11-16 11:56:30 - [MESSAGE][PASSED] - Object 'Object Repository/Final Object Repo/Landing Page/BM Detecting' has attribute 'href'

2018-11-16 11:56:30 - [TEST_STEP][PASSED] - Statement - out.println(Checker): null

2018-11-16 11:56:30 - [TEST_STEP][PASSED] - Statement - If (Checker == false): null

2018-11-16 11:56:30 - [TEST_STEP][PASSED] - Statement - Else: null

2018-11-16 11:56:30 - [TEST_STEP][PASSED] - delay: Delayed 2 second(s)

2018-11-16 11:56:32 - [MESSAGE][PASSED] - Delayed 2 second(s)

2018-11-16 11:56:32 - [TEST_STEP][PASSED] - delay: Delayed 1 second(s)

2018-11-16 11:56:33 - [MESSAGE][PASSED] - Delayed 1 second(s)

2018-11-16 11:56:33 - [TEST_STEP][PASSED] - navigateToUrl: Navigate to 'https://assist2-uat.perkeso.gov.my/web/registration/update/update-employee-information-employer-' successfully

2018-11-16 11:56:35 - [MESSAGE][PASSED] - Navigate to 'https://assist2-uat.perkeso.gov.my/web/registration/update/update-employee-information-employer-' successfully

2018-11-16 11:56:35 - [TEST_STEP][PASSED] - setText: Text 'E1102001065V' is set on object 'Object Repository/Final Object Repo/Page_Update Employee Information By Employer/Employer Code'

2018-11-16 11:56:35 - [MESSAGE][PASSED] - Text 'E1102001065V' is set on object 'Object Repository/Final Object Repo/Page_Update Employee Information By Employer/Employer Code'

2018-11-16 11:56:35 - [TEST_STEP][PASSED] - click: Object: 'Object Repository/Final Object Repo/Page_Update Employee Information By Employer/Search Employer Code' is clicked on

2018-11-16 11:56:36 - [MESSAGE][PASSED] - Object: 'Object Repository/Final Object Repo/Page_Update Employee Information By Employer/Search Employer Code' is clicked on

2018-11-16 11:56:36 - [TEST_STEP][PASSED] - click: Object: 'Object Repository/Final Object Repo/Page_Update Employee Information By Employer/Edit Button' is clicked on

2018-11-16 11:56:40 - [MESSAGE][PASSED] - Object: 'Object Repository/Final Object Repo/Page_Update Employee Information By Employer/Edit Button' is clicked on

2018-11-16 11:56:40 - [TEST_STEP][PASSED] - click: Object: 'Object Repository/Final Object Repo/Page_Update Employee Information By Employer/Employee Name or New Identification' is clicked on

2018-11-16 11:56:40 - [MESSAGE][PASSED] - Object: 'Object Repository/Final Object Repo/Page_Update Employee Information By Employer/Employee Name or New Identification' is clicked on

2018-11-16 11:56:40 - [TEST_STEP][PASSED] - delay: Delayed 1 second(s)

2018-11-16 11:56:41 - [MESSAGE][PASSED] - Delayed 1 second(s)

2018-11-16 11:56:41 - [TEST_STEP][PASSED] - click: Object: 'Object Repository/Final Object Repo/Page_Update Employee Information By Employer/Selection - Employee Name' is clicked on

2018-11-16 11:56:42 - [MESSAGE][PASSED] - Object: 'Object Repository/Final Object Repo/Page_Update Employee Information By Employer/Selection - Employee Name' is clicked on

2018-11-16 11:56:42 - [TEST_STEP][PASSED] - delay: Delayed 1 second(s)

2018-11-16 11:56:43 - [MESSAGE][PASSED] - Delayed 1 second(s)

2018-11-16 11:56:43 - [TEST_STEP][PASSED] - setText: Text 'PERKESO' is set on object 'Object Repository/Final Object Repo/Page_Update Employee Information By Employer/Employee Name'

2018-11-16 11:56:43 - [MESSAGE][PASSED] - Text 'PERKESO' is set on object 'Object Repository/Final Object Repo/Page_Update Employee Information By Employer/Employee Name'

2018-11-16 11:56:43 - [TEST_STEP][PASSED] - delay: Delayed 2 second(s)

2018-11-16 11:56:45 - [MESSAGE][PASSED] - Delayed 2 second(s)

2018-11-16 11:56:45 - [TEST_STEP][PASSED] - click: Object: 'Object Repository/Final Object Repo/Page_Update Employee Information By Employer/Search Employee' is clicked on

2018-11-16 11:56:46 - [MESSAGE][PASSED] - Object: 'Object Repository/Final Object Repo/Page_Update Employee Information By Employer/Search Employee' is clicked on

2018-11-16 11:56:46 - [TEST_STEP][PASSED] - delay: Delayed 3 second(s)

2018-11-16 11:56:49 - [MESSAGE][PASSED] - Delayed 3 second(s)

2018-11-16 11:56:49 - [TEST_STEP][PASSED] - click: Object: 'Object Repository/Final Object Repo/Page_Update Employee Information By Employer/Employee Edit Button' is clicked on

2018-11-16 11:56:49 - [MESSAGE][PASSED] - Object: 'Object Repository/Final Object Repo/Page_Update Employee Information By Employer/Employee Edit Button' is clicked on

2018-11-16 11:56:49 - [TEST_STEP][PASSED] - delay: Delayed 3 second(s)

2018-11-16 11:56:52 - [MESSAGE][PASSED] - Delayed 3 second(s)

2018-11-16 11:56:52 - [TEST_STEP][PASSED] - setText: Text '' is set on object 'Object Repository/Final Object Repo/Page_Update Employee Information By Employer/Identification Number'

2018-11-16 11:56:52 - [MESSAGE][PASSED] - Text '' is set on object 'Object Repository/Final Object Repo/Page_Update Employee Information By Employer/Identification Number'

2018-11-16 11:56:52 - [TEST_STEP][PASSED] - Statement - rnd = new java.util.Random(): null

2018-11-16 11:56:52 - [TEST_STEP][PASSED] - Statement - snum = rnd.nextInt(899999 + 1) + 100000: null

2018-11-16 11:56:52 - [TEST_STEP][PASSED] - Statement - tnum = rnd.nextInt(899999 + 1) + 100000: null

2018-11-16 11:56:52 - [TEST_STEP][PASSED] - Statement - IC = java.lang.Integer.toString(snum) + java.lang.Integer.toString(tnum): null

2018-11-16 11:56:52 - [TEST_STEP][PASSED] - Statement - out.println(IC): null

2018-11-16 11:56:52 - [TEST_STEP][PASSED] - setText: Text '347336556570' is set on object 'Object Repository/Final Object Repo/Page_Update Employee Information By Employer/Identification Number'

2018-11-16 11:56:52 - [MESSAGE][PASSED] - Text '347336556570' is set on object 'Object Repository/Final Object Repo/Page_Update Employee Information By Employer/Identification Number'

2018-11-16 11:56:52 - [TEST_STEP][PASSED] - click: Object: 'Object Repository/Final Object Repo/Page_Update Employee Information By Employer/Save' is clicked on

2018-11-16 11:56:58 - [MESSAGE][PASSED] - Object: 'Object Repository/Final Object Repo/Page_Update Employee Information By Employer/Save' is clicked on

2018-11-16 11:56:58 - [TEST_STEP][PASSED] - delay: Delayed 5 second(s)

2018-11-16 11:57:03 - [MESSAGE][PASSED] - Delayed 5 second(s)

2018-11-16 11:57:03 - [TEST_STEP][PASSED] - Statement - CaseReferenceNo = com.kms.katalon.core.webui.keyword.WebUiBuiltInKeywords.getText(com.kms.katalon.core.testobject.ObjectRepository.findTestObject(Final Object Repo/Reference Number/Reference Number in Update Employee Information Page)): Text of object 'Object Repository/Final Object Repo/Reference Number/Reference Number in Update Employee Information Page' is: 'CUN112018C100005493'

2018-11-16 11:57:03 - [MESSAGE][PASSED] - Text of object 'Object Repository/Final Object Repo/Reference Number/Reference Number in Update Employee Information Page' is: 'CUN112018C100005493'

2018-11-16 11:57:03 - [TEST_STEP][PASSED] - callTestCase: Call Test Case 'Test Cases/Final Aug 2018 - PKS Automation/Common/Reference Number Setter' successfully

2018-11-16 11:57:03 - [TEST_CASE][PASSED] - Test Cases/Final Aug 2018 - PKS Automation/Common/Reference Number Setter: Test Cases/Final Aug 2018 - PKS Automation/Common/Reference Number Setter

2018-11-16 11:57:03 - [TEST_STEP][PASSED] - Statement - RefNoOldFile = new java.io.File(C://KatalonReference.txt): null

2018-11-16 11:57:03 - [TEST_STEP][PASSED] - Statement - RefNoOldFile.delete(): null

2018-11-16 11:57:03 - [TEST_STEP][PASSED] - delay: Delayed 5 second(s)

2018-11-16 11:57:08 - [MESSAGE][PASSED] - Delayed 5 second(s)

2018-11-16 11:57:08 - [TEST_STEP][PASSED] - Statement - RefNo = new java.io.File(C://KatalonReference.txt): null

2018-11-16 11:57:08 - [TEST_STEP][PASSED] - Statement - f2 = new java.io.FileWriter(RefNo, false): null

2018-11-16 11:57:08 - [TEST_STEP][PASSED] - Statement - f2.write(CaseReferenceNo): null

2018-11-16 11:57:08 - [TEST_STEP][PASSED] - Statement - f2.close(): null

2018-11-16 11:57:08 - [TEST_STEP][PASSED] - Statement - out.println("


" + CaseReferenceNo + "


"): null

2018-11-16 11:57:08 - [MESSAGE][PASSED] - Call Test Case 'Test Cases/Final Aug 2018 - PKS Automation/Common/Reference Number Setter' successfully

2018-11-16 11:57:08 - [TEST_STEP][PASSED] - delay: Delayed 5 second(s)

2018-11-16 11:57:13 - [MESSAGE][PASSED] - Delayed 5 second(s)

2018-11-16 11:57:13 - [TEST_STEP][PASSED] - click: Object: 'Object Repository/Final Object Repo/Page_Update Employee Information By Employer/Save  Continue in  Employee Information Page' is clicked on

2018-11-16 11:57:17 - [MESSAGE][PASSED] - Object: 'Object Repository/Final Object Repo/Page_Update Employee Information By Employer/Save  Continue in  Employee Information Page' is clicked on

2018-11-16 11:57:17 - [TEST_STEP][PASSED] - delay: Delayed 5 second(s)

2018-11-16 11:57:22 - [MESSAGE][PASSED] - Delayed 5 second(s)

2018-11-16 11:57:22 - [TEST_STEP][PASSED] - click: Object: 'Object Repository/Final Object Repo/Page_Update Employee Information By Employer/Save  Continue in Uploading Page 1' is clicked on

2018-11-16 11:57:26 - [MESSAGE][PASSED] - Object: 'Object Repository/Final Object Repo/Page_Update Employee Information By Employer/Save  Continue in Uploading Page 1' is clicked on

2018-11-16 11:57:26 - [TEST_STEP][PASSED] - delay: Delayed 5 second(s)

2018-11-16 11:57:31 - [MESSAGE][PASSED] - Delayed 5 second(s)

2018-11-16 11:57:31 - [TEST_STEP][PASSED] - click: Object: 'Object Repository/Final Object Repo/Page_Update Employee Information By Employer/Submit' is clicked on

2018-11-16 11:57:31 - [MESSAGE][PASSED] - Object: 'Object Repository/Final Object Repo/Page_Update Employee Information By Employer/Submit' is clicked on

2018-11-16 11:57:31 - [TEST_STEP][PASSED] - delay: Delayed 5 second(s)

2018-11-16 11:57:36 - [MESSAGE][PASSED] - Delayed 5 second(s)

2018-11-16 11:57:36 - [TEST_STEP][PASSED] - click: Object: 'Object Repository/Final Object Repo/Page_Update Employee Information By Employer/Confirm' is clicked on

2018-11-16 11:57:41 - [MESSAGE][PASSED] - Object: 'Object Repository/Final Object Repo/Page_Update Employee Information By Employer/Confirm' is clicked on

2018-11-16 11:57:41 - [TEST_STEP][PASSED] - delay: Delayed 5 second(s)

2018-11-16 11:57:46 - [MESSAGE][PASSED] - Delayed 5 second(s)

2018-11-16 11:57:46 - [TEST_STEP][PASSED] - verifyElementVisible: Object 'Object Repository/Final Object Repo/Page_Update Employee Information By Employer/Successfull Message Routed to UO' is visible

2018-11-16 11:57:46 - [MESSAGE][PASSED] - Object 'Object Repository/Final Object Repo/Page_Update Employee Information By Employer/Successfull Message Routed to UO' is visible

2018-11-16 11:57:46 - [MESSAGE][PASSED] - Call Test Case 'Test Cases/Final Aug 2018 - PKS Automation/Registration Module/Workflow/Update Employee Information (Employer)/Template/Update Employer Information - Special Case (PAU)' successfully

2018-11-16 11:57:46 - [TEST_STEP][PASSED] - callTestCase: Call Test Case 'Test Cases/Final Aug 2018 - PKS Automation/Registration Module/Workflow/Update Employee Information (Employer)/Template/Update Employee Information - Special Case - UO (Reject)' successfully

2018-11-16 11:57:46 - [TEST_CASE][PASSED] - Test Cases/Final Aug 2018 - PKS Automation/Registration Module/Workflow/Update Employee Information (Employer)/Template/Update Employee Information - Special Case - UO (Reject): Test Cases/Final Aug 2018 - PKS Automation/Registration Module/Workflow/Update Employee Information (Employer)/Template/Update Employee Information - Special Case - UO (Reject)

2018-11-16 11:57:46 - [TEST_STEP][NOT_RUN] - callTestCase: NOT_RUN: callTestCase

2018-11-16 11:57:46 - [MESSAGE][NOT_RUN] - NOT_RUN: callTestCase

2018-11-16 11:57:46 - [TEST_STEP][PASSED] - delay: Delayed 2 second(s)

2018-11-16 11:57:48 - [MESSAGE][PASSED] - Delayed 2 second(s)

2018-11-16 11:57:48 - [TEST_STEP][PASSED] - navigateToUrl: Navigate to 'https://assist2-uat.perkeso.gov.my/c/portal/logout' successfully

2018-11-16 11:57:49 - [MESSAGE][PASSED] - Navigate to 'https://assist2-uat.perkeso.gov.my/c/portal/logout' successfully

2018-11-16 11:57:49 - [TEST_STEP][PASSED] - delay: Delayed 2 second(s)

2018-11-16 11:57:51 - [MESSAGE][PASSED] - Delayed 2 second(s)

2018-11-16 11:57:51 - [TEST_STEP][PASSED] - callTestCase: Call Test Case 'Test Cases/Final Aug 2018 - PKS Automation/Common/Reference Number Getter' successfully

2018-11-16 11:57:51 - [TEST_CASE][PASSED] - Test Cases/Final Aug 2018 - PKS Automation/Common/Reference Number Getter: Test Cases/Final Aug 2018 - PKS Automation/Common/Reference Number Getter

2018-11-16 11:57:51 - [TEST_STEP][PASSED] - Statement - Try: null

2018-11-16 11:57:51 - [TEST_STEP][PASSED] - Statement - RefNo = new java.io.File(C://KatalonReference.txt): null

2018-11-16 11:57:51 - [TEST_STEP][PASSED] - Statement - bufferread = new java.io.BufferedReader(new java.io.FileReader(RefNo)): null

2018-11-16 11:57:51 - [TEST_STEP][PASSED] - Statement - readedVal = bufferread.readLine(): null

2018-11-16 11:57:51 - [TEST_STEP][PASSED] - Statement - out.println(CaseReferenceNo): null

2018-11-16 11:57:51 - [TEST_STEP][PASSED] - Statement - out.println(readedVal): null

2018-11-16 11:57:51 - [TEST_STEP][PASSED] - Statement - CaseReferenceNo = "": null

2018-11-16 11:57:51 - [TEST_STEP][PASSED] - Statement - CaseReferenceNo = readedVal: null

2018-11-16 11:57:51 - [MESSAGE][PASSED] - Call Test Case 'Test Cases/Final Aug 2018 - PKS Automation/Common/Reference Number Getter' successfully

2018-11-16 11:57:51 - [TEST_STEP][PASSED] - callTestCase: Call Test Case 'Test Cases/Final Aug 2018 - PKS Automation/Common/Workflow Owner Finder' successfully

2018-11-16 11:57:51 - [TEST_CASE][PASSED] - Test Cases/Final Aug 2018 - PKS Automation/Common/Workflow Owner Finder: Test Cases/Final Aug 2018 - PKS Automation/Common/Workflow Owner Finder

2018-11-16 11:57:51 - [TEST_STEP][PASSED] - openBrowser: Browser is opened with url: ''

2018-11-16 11:57:51 - [MESSAGE][WARNING] - A browser is already opened. Closing browser and opening a new one

2018-11-16 11:57:56 - [MESSAGE][PASSED] - Browser is opened with url: ''

2018-11-16 11:57:56 - [TEST_STEP][PASSED] - navigateToUrl: Navigate to 'https://assist2-uat.perkeso.gov.my/login' successfully

2018-11-16 11:57:59 - [MESSAGE][PASSED] - Navigate to 'https://assist2-uat.perkeso.gov.my/login' successfully

2018-11-16 11:57:59 - [TEST_STEP][PASSED] - delay: Delayed 5 second(s)

2018-11-16 11:58:04 - [MESSAGE][PASSED] - Delayed 5 second(s)

2018-11-16 11:58:04 - [TEST_STEP][PASSED] - setText: Text 'test@liferay.com' is set on object 'Object Repository/Final Object Repo/Login Page/Internal User/Email Address'

2018-11-16 11:58:04 - [MESSAGE][PASSED] - Text 'test@liferay.com' is set on object 'Object Repository/Final Object Repo/Login Page/Internal User/Email Address'

2018-11-16 11:58:04 - [TEST_STEP][PASSED] - click: Object: 'Object Repository/Final Object Repo/Login Page/Internal User/Next Button' is clicked on

2018-11-16 11:58:04 - [MESSAGE][PASSED] - Object: 'Object Repository/Final Object Repo/Login Page/Internal User/Next Button' is clicked on

2018-11-16 11:58:04 - [TEST_STEP][PASSED] - delay: Delayed 2 second(s)

2018-11-16 11:58:06 - [MESSAGE][PASSED] - Delayed 2 second(s)

2018-11-16 11:58:06 - [TEST_STEP][PASSED] - setText: Text 'test' is set on object 'Object Repository/Final Object Repo/Login Page/Internal User/Password'

2018-11-16 11:58:06 - [MESSAGE][PASSED] - Text 'test' is set on object 'Object Repository/Final Object Repo/Login Page/Internal User/Password'

2018-11-16 11:58:06 - [TEST_STEP][PASSED] - delay: Delayed 2 second(s)

2018-11-16 11:58:08 - [MESSAGE][PASSED] - Delayed 2 second(s)

2018-11-16 11:58:08 - [TEST_STEP][PASSED] - click: Object: 'Object Repository/Final Object Repo/Login Page/Internal User/Login Button' is clicked on

2018-11-16 11:58:11 - [MESSAGE][PASSED] - Object: 'Object Repository/Final Object Repo/Login Page/Internal User/Login Button' is clicked on

2018-11-16 11:58:11 - [TEST_STEP][PASSED] - Statement - Try: Delayed 2 second(s)

2018-11-16 11:58:11 - [TEST_STEP][PASSED] - Statement - Checker = false: null

2018-11-16 11:58:11 - [TEST_STEP][PASSED] - Statement - Checker = com.kms.katalon.core.webui.keyword.WebUiBuiltInKeywords.verifyElementHasAttribute(com.kms.katalon.core.testobject.ObjectRepository.findTestObject(Final Object Repo/Landing Page/BM Detecting), "href", 20, OPTIONAL): Object 'Object Repository/Final Object Repo/Landing Page/BM Detecting' has attribute 'href'

2018-11-16 11:58:11 - [MESSAGE][PASSED] - Object 'Object Repository/Final Object Repo/Landing Page/BM Detecting' has attribute 'href'

2018-11-16 11:58:11 - [TEST_STEP][PASSED] - Statement - out.println(Checker): null

2018-11-16 11:58:11 - [TEST_STEP][PASSED] - Statement - If (Checker == false): null

2018-11-16 11:58:11 - [TEST_STEP][PASSED] - Statement - Else: null

2018-11-16 11:58:11 - [TEST_STEP][PASSED] - delay: Delayed 2 second(s)

2018-11-16 11:58:13 - [MESSAGE][PASSED] - Delayed 2 second(s)

2018-11-16 11:58:13 - [TEST_STEP][PASSED] - delay: Delayed 3 second(s)

2018-11-16 11:58:16 - [MESSAGE][PASSED] - Delayed 3 second(s)

2018-11-16 11:58:16 - [TEST_STEP][PASSED] - mouseOver: Object: 'Object Repository/Final Object Repo/Landing Page/WorkFlow Menu' is hovered

2018-11-16 11:58:17 - [MESSAGE][PASSED] - Object: 'Object Repository/Final Object Repo/Landing Page/WorkFlow Menu' is hovered

2018-11-16 11:58:17 - [TEST_STEP][PASSED] - delay: Delayed 2 second(s)

2018-11-16 11:58:19 - [MESSAGE][PASSED] - Delayed 2 second(s)

2018-11-16 11:58:19 - [TEST_STEP][PASSED] - click: Object: 'Object Repository/Final Object Repo/Landing Page/Select to Workflow Listing' is clicked on

2018-11-16 11:58:20 - [MESSAGE][PASSED] - Object: 'Object Repository/Final Object Repo/Landing Page/Select to Workflow Listing' is clicked on

2018-11-16 11:58:20 - [TEST_STEP][PASSED] - delay: Delayed 2 second(s)

2018-11-16 11:58:22 - [MESSAGE][PASSED] - Delayed 2 second(s)

2018-11-16 11:58:22 - [TEST_STEP][PASSED] - click: Object: 'Object Repository/Final Object Repo/WorkFlow Listing Page/Search Information - To Put Ref No' is clicked on

2018-11-16 11:58:22 - [MESSAGE][PASSED] - Object: 'Object Repository/Final Object Repo/WorkFlow Listing Page/Search Information - To Put Ref No' is clicked on

2018-11-16 11:58:22 - [TEST_STEP][PASSED] - delay: Delayed 2 second(s)

2018-11-16 11:58:24 - [MESSAGE][PASSED] - Delayed 2 second(s)

2018-11-16 11:58:24 - [TEST_STEP][PASSED] - callTestCase: Call Test Case 'Test Cases/Final Aug 2018 - PKS Automation/Common/Reference Number Getter' successfully

2018-11-16 11:58:24 - [TEST_CASE][PASSED] - Test Cases/Final Aug 2018 - PKS Automation/Common/Reference Number Getter: Test Cases/Final Aug 2018 - PKS Automation/Common/Reference Number Getter

2018-11-16 11:58:24 - [TEST_STEP][PASSED] - Statement - Try: null

2018-11-16 11:58:24 - [TEST_STEP][PASSED] - Statement - RefNo = new java.io.File(C://KatalonReference.txt): null

2018-11-16 11:58:24 - [TEST_STEP][PASSED] - Statement - bufferread = new java.io.BufferedReader(new java.io.FileReader(RefNo)): null

2018-11-16 11:58:24 - [TEST_STEP][PASSED] - Statement - readedVal = bufferread.readLine(): null

2018-11-16 11:58:24 - [TEST_STEP][PASSED] - Statement - out.println(CaseReferenceNo): null

2018-11-16 11:58:24 - [TEST_STEP][PASSED] - Statement - out.println(readedVal): null

2018-11-16 11:58:24 - [TEST_STEP][PASSED] - Statement - CaseReferenceNo = "": null

2018-11-16 11:58:24 - [TEST_STEP][PASSED] - Statement - CaseReferenceNo = readedVal: null

2018-11-16 11:58:24 - [MESSAGE][PASSED] - Call Test Case 'Test Cases/Final Aug 2018 - PKS Automation/Common/Reference Number Getter' successfully

2018-11-16 11:58:24 - [TEST_STEP][PASSED] - setText: Text 'CUN112018C100005493' is set on object 'Object Repository/Final Object Repo/WorkFlow Listing Page/Ref No Set Text'

2018-11-16 11:58:25 - [MESSAGE][PASSED] - Text 'CUN112018C100005493' is set on object 'Object Repository/Final Object Repo/WorkFlow Listing Page/Ref No Set Text'

2018-11-16 11:58:25 - [TEST_STEP][PASSED] - delay: Delayed 2 second(s)

2018-11-16 11:58:27 - [MESSAGE][PASSED] - Delayed 2 second(s)

2018-11-16 11:58:27 - [TEST_STEP][PASSED] - click: Object: 'Object Repository/Final Object Repo/WorkFlow Listing Page/Search Ref No Search Button' is clicked on

2018-11-16 11:58:29 - [MESSAGE][PASSED] - Object: 'Object Repository/Final Object Repo/WorkFlow Listing Page/Search Ref No Search Button' is clicked on

2018-11-16 11:58:29 - [TEST_STEP][PASSED] - delay: Delayed 4 second(s)

2018-11-16 11:58:33 - [MESSAGE][PASSED] - Delayed 4 second(s)

2018-11-16 11:58:33 - [TEST_STEP][PASSED] - click: Object: 'Object Repository/Final Object Repo/WorkFlow Listing Page/Click Continue Tooltip' is clicked on

2018-11-16 11:58:34 - [MESSAGE][PASSED] - Object: 'Object Repository/Final Object Repo/WorkFlow Listing Page/Click Continue Tooltip' is clicked on

2018-11-16 11:58:34 - [TEST_STEP][PASSED] - delay: Delayed 5 second(s)

2018-11-16 11:58:39 - [MESSAGE][PASSED] - Delayed 5 second(s)

2018-11-16 11:58:39 - [TEST_STEP][PASSED] - doubleClick: Object: 'Object Repository/Final Object Repo/WorkFlow Listing Page/Workflow Found - Listing 1' is double clicked on

2018-11-16 11:58:40 - [MESSAGE][PASSED] - Object: 'Object Repository/Final Object Repo/WorkFlow Listing Page/Workflow Found - Listing 1' is double clicked on

2018-11-16 11:58:40 - [TEST_STEP][PASSED] - Statement - println(OwnerID): null

2018-11-16 11:58:40 - [TEST_STEP][PASSED] - Statement - OwnerID = com.kms.katalon.core.webui.keyword.WebUiBuiltInKeywords.getText(com.kms.katalon.core.testobject.ObjectRepository.findTestObject(Final Object Repo/WorkFlow Listing Page/Workflow Found - Listing 1), STOP_ON_FAILURE): Text of object 'Object Repository/Final Object Repo/WorkFlow Listing Page/Workflow Found - Listing 1' is: 'JOHORuo2'

2018-11-16 11:58:40 - [MESSAGE][PASSED] - Text of object 'Object Repository/Final Object Repo/WorkFlow Listing Page/Workflow Found - Listing 1' is: 'JOHORuo2'

2018-11-16 11:58:40 - [TEST_STEP][PASSED] - Statement - OwnerID = OwnerID.toLowerCase() + "@gmail.com": null

2018-11-16 11:58:40 - [TEST_STEP][PASSED] - Statement - println(OwnerID): null

2018-11-16 11:58:40 - [TEST_STEP][PASSED] - delay: Delayed 2 second(s)

2018-11-16 11:58:42 - [MESSAGE][PASSED] - Delayed 2 second(s)

2018-11-16 11:58:42 - [MESSAGE][PASSED] - Call Test Case 'Test Cases/Final Aug 2018 - PKS Automation/Common/Workflow Owner Finder' successfully

2018-11-16 11:58:42 - [TEST_STEP][PASSED] - delay: Delayed 2 second(s)

2018-11-16 11:58:44 - [MESSAGE][PASSED] - Delayed 2 second(s)

2018-11-16 11:58:44 - [TEST_STEP][PASSED] - navigateToUrl: Navigate to 'https://assist2-uat.perkeso.gov.my/c/portal/logout' successfully

2018-11-16 11:58:45 - [MESSAGE][PASSED] - Navigate to 'https://assist2-uat.perkeso.gov.my/c/portal/logout' successfully

2018-11-16 11:58:45 - [TEST_STEP][PASSED] - delay: Delayed 2 second(s)

2018-11-16 11:58:47 - [MESSAGE][PASSED] - Delayed 2 second(s)

2018-11-16 11:58:47 - [TEST_STEP][PASSED] - callTestCase: Call Test Case 'Test Cases/Final Aug 2018 - PKS Automation/Registration Module/Workflow/Login and Search Case For Workflow' successfully

2018-11-16 11:58:47 - [TEST_CASE][PASSED] - Test Cases/Final Aug 2018 - PKS Automation/Registration Module/Workflow/Login and Search Case For Workflow: Test Cases/Final Aug 2018 - PKS Automation/Registration Module/Workflow/Login and Search Case For Workflow

2018-11-16 11:58:47 - [TEST_STEP][PASSED] - navigateToUrl: Navigate to 'https://assist2-uat.perkeso.gov.my/login' successfully

2018-11-16 11:58:48 - [MESSAGE][PASSED] - Navigate to 'https://assist2-uat.perkeso.gov.my/login' successfully

2018-11-16 11:58:48 - [TEST_STEP][PASSED] - setText: Text 'johoruo2@gmail.com' is set on object 'Object Repository/Final Object Repo/Login Page/Internal User/Email Address'

2018-11-16 11:58:48 - [MESSAGE][PASSED] - Text 'johoruo2@gmail.com' is set on object 'Object Repository/Final Object Repo/Login Page/Internal User/Email Address'

2018-11-16 11:58:48 - [TEST_STEP][PASSED] - click: Object: 'Object Repository/Final Object Repo/Login Page/Internal User/Next Button' is clicked on

2018-11-16 11:58:49 - [MESSAGE][PASSED] - Object: 'Object Repository/Final Object Repo/Login Page/Internal User/Next Button' is clicked on

2018-11-16 11:58:49 - [TEST_STEP][PASSED] - delay: Delayed 1 second(s)

2018-11-16 11:58:50 - [MESSAGE][PASSED] - Delayed 1 second(s)

2018-11-16 11:58:50 - [TEST_STEP][PASSED] - setEncryptedText: Text ****** has been set on object 'Object Repository/Final Object Repo/Login Page/Internal User/Password'

2018-11-16 11:58:50 - [MESSAGE][PASSED] - Text ****** has been set on object 'Object Repository/Final Object Repo/Login Page/Internal User/Password'

2018-11-16 11:58:50 - [TEST_STEP][PASSED] - click: Object: 'Object Repository/Final Object Repo/Login Page/Internal User/Login Button' is clicked on

2018-11-16 11:58:52 - [MESSAGE][PASSED] - Object: 'Object Repository/Final Object Repo/Login Page/Internal User/Login Button' is clicked on

2018-11-16 11:58:52 - [TEST_STEP][PASSED] - delay: Delayed 2 second(s)

2018-11-16 11:58:54 - [MESSAGE][PASSED] - Delayed 2 second(s)

2018-11-16 11:58:54 - [TEST_STEP][PASSED] - Statement - Try: Delayed 2 second(s)

2018-11-16 11:58:54 - [TEST_STEP][PASSED] - Statement - Checker = false: null

2018-11-16 11:58:54 - [TEST_STEP][PASSED] - Statement - Checker = com.kms.katalon.core.webui.keyword.WebUiBuiltInKeywords.verifyElementHasAttribute(com.kms.katalon.core.testobject.ObjectRepository.findTestObject(Final Object Repo/Landing Page/BM Detecting), "href", 20, OPTIONAL): Object 'Object Repository/Final Object Repo/Landing Page/BM Detecting' has attribute 'href'

2018-11-16 11:58:54 - [MESSAGE][PASSED] - Object 'Object Repository/Final Object Repo/Landing Page/BM Detecting' has attribute 'href'

2018-11-16 11:58:54 - [TEST_STEP][PASSED] - Statement - out.println(Checker): null

2018-11-16 11:58:54 - [TEST_STEP][PASSED] - Statement - If (Checker == false): null

2018-11-16 11:58:54 - [TEST_STEP][PASSED] - Statement - Else: null

2018-11-16 11:58:54 - [TEST_STEP][PASSED] - delay: Delayed 2 second(s)

2018-11-16 11:58:56 - [MESSAGE][PASSED] - Delayed 2 second(s)

2018-11-16 11:58:56 - [TEST_STEP][PASSED] - click: Object: 'Object Repository/Final Object Repo/Page_MyASSIST - ASSIST - Search Pending Case For Add Supporting Document/Search Information' is clicked on

2018-11-16 11:58:56 - [MESSAGE][PASSED] - Object: 'Object Repository/Final Object Repo/Page_MyASSIST - ASSIST - Search Pending Case For Add Supporting Document/Search Information' is clicked on

2018-11-16 11:58:56 - [TEST_STEP][PASSED] - delay: Delayed 3 second(s)

2018-11-16 11:58:59 - [MESSAGE][PASSED] - Delayed 3 second(s)

2018-11-16 11:58:59 - [TEST_STEP][PASSED] - sendKeys: Keys 'CUN112018C100005493' sent to object: 'Object Repository/Final Object Repo/Page_MyASSIST - ASSIST - Search Pending Case For Add Supporting Document/Reference No'

2018-11-16 11:59:00 - [MESSAGE][PASSED] - Keys 'CUN112018C100005493' sent to object: 'Object Repository/Final Object Repo/Page_MyASSIST - ASSIST - Search Pending Case For Add Supporting Document/Reference No'

2018-11-16 11:59:00 - [TEST_STEP][PASSED] - click: Object: 'Object Repository/Final Object Repo/Page_MyASSIST - ASSIST - Search Pending Case For Add Supporting Document/Search Reference No' is clicked on

2018-11-16 11:59:01 - [MESSAGE][PASSED] - Object: 'Object Repository/Final Object Repo/Page_MyASSIST - ASSIST - Search Pending Case For Add Supporting Document/Search Reference No' is clicked on

2018-11-16 11:59:01 - [TEST_STEP][PASSED] - delay: Delayed 2 second(s)

2018-11-16 11:59:03 - [MESSAGE][PASSED] - Delayed 2 second(s)

2018-11-16 11:59:03 - [TEST_STEP][PASSED] - click: Object: 'Object Repository/Final Object Repo/Page_MyASSIST - ASSIST - Search Pending Case For Add Supporting Document/Continue' is clicked on

2018-11-16 11:59:08 - [MESSAGE][PASSED] - Object: 'Object Repository/Final Object Repo/Page_MyASSIST - ASSIST - Search Pending Case For Add Supporting Document/Continue' is clicked on

2018-11-16 11:59:08 - [TEST_STEP][PASSED] - delay: Delayed 20 second(s)

2018-11-16 11:59:28 - [MESSAGE][PASSED] - Delayed 20 second(s)

2018-11-16 11:59:28 - [MESSAGE][PASSED] - Call Test Case 'Test Cases/Final Aug 2018 - PKS Automation/Registration Module/Workflow/Login and Search Case For Workflow' successfully

2018-11-16 11:59:28 - [TEST_STEP][PASSED] - delay: Delayed 2 second(s)

2018-11-16 11:59:30 - [MESSAGE][PASSED] - Delayed 2 second(s)

2018-11-16 11:59:30 - [TEST_STEP][PASSED] - click: Object: 'Object Repository/Final Object Repo/Page_Update Employee Information By Employer/Page_Update Employee Information by Employer (Approve)/Continue' is clicked on

2018-11-16 11:59:34 - [MESSAGE][PASSED] - Object: 'Object Repository/Final Object Repo/Page_Update Employee Information By Employer/Page_Update Employee Information by Employer (Approve)/Continue' is clicked on

2018-11-16 11:59:34 - [TEST_STEP][PASSED] - delay: Delayed 2 second(s)

2018-11-16 11:59:36 - [MESSAGE][PASSED] - Delayed 2 second(s)

2018-11-16 11:59:36 - [TEST_STEP][PASSED] - click: Object: 'Object Repository/Final Object Repo/Page_Update Employee Information By Employer/Page_Update Employee Information by Employer (Approve)/Save  Continue in Update Employee Information Page' is clicked on

2018-11-16 11:59:40 - [MESSAGE][PASSED] - Object: 'Object Repository/Final Object Repo/Page_Update Employee Information By Employer/Page_Update Employee Information by Employer (Approve)/Save  Continue in Update Employee Information Page' is clicked on

2018-11-16 11:59:40 - [TEST_STEP][PASSED] - delay: Delayed 4 second(s)

2018-11-16 11:59:44 - [MESSAGE][PASSED] - Delayed 4 second(s)

2018-11-16 11:59:44 - [TEST_STEP][PASSED] - click: Object: 'Object Repository/Final Object Repo/Page_Update Employee Information By Employer/Page_Update Employee Information by Employer (Approve)/Save  Continue in Upload Supporting Doucument Page' is clicked on

2018-11-16 11:59:48 - [MESSAGE][PASSED] - Object: 'Object Repository/Final Object Repo/Page_Update Employee Information By Employer/Page_Update Employee Information by Employer (Approve)/Save  Continue in Upload Supporting Doucument Page' is clicked on

2018-11-16 11:59:48 - [TEST_STEP][PASSED] - delay: Delayed 2 second(s)

2018-11-16 11:59:50 - [MESSAGE][PASSED] - Delayed 2 second(s)

2018-11-16 11:59:50 - [TEST_STEP][PASSED] - click: Object: 'Object Repository/Final Object Repo/Page_Update Employee Information By Employer/Page_Update Employee Information by Employer (Reject)/Reject' is clicked on

2018-11-16 11:59:50 - [MESSAGE][PASSED] - Object: 'Object Repository/Final Object Repo/Page_Update Employee Information By Employer/Page_Update Employee Information by Employer (Reject)/Reject' is clicked on

2018-11-16 11:59:50 - [TEST_STEP][PASSED] - delay: Delayed 2 second(s)

2018-11-16 11:59:52 - [MESSAGE][PASSED] - Delayed 2 second(s)

2018-11-16 11:59:52 - [TEST_STEP][PASSED] - click: Object: 'Object Repository/Final Object Repo/Page_Update Employee Information By Employer/Page_Update Employee Information by Employer (Approve)/Confirm' is clicked on

2018-11-16 11:59:58 - [MESSAGE][PASSED] - Object: 'Object Repository/Final Object Repo/Page_Update Employee Information By Employer/Page_Update Employee Information by Employer (Approve)/Confirm' is clicked on

2018-11-16 11:59:58 - [TEST_STEP][PASSED] - delay: Delayed 2 second(s)

2018-11-16 12:00:00 - [MESSAGE][PASSED] - Delayed 2 second(s)

2018-11-16 12:00:00 - [TEST_STEP][PASSED] - verifyElementVisible: Object 'Object Repository/Final Object Repo/Page_Update Employee Information By Employer/Page_Update Employee Information by Employer (Reject)/Rejected Messeage This Case has been Rejecte' is visible

2018-11-16 12:00:00 - [MESSAGE][PASSED] - Object 'Object Repository/Final Object Repo/Page_Update Employee Information By Employer/Page_Update Employee Information by Employer (Reject)/Rejected Messeage This Case has been Rejecte' is visible

2018-11-16 12:00:00 - [TEST_STEP][PASSED] - delay: Delayed 2 second(s)

2018-11-16 12:00:02 - [MESSAGE][PASSED] - Delayed 2 second(s)

2018-11-16 12:00:02 - [TEST_STEP][PASSED] - verifyElementVisible: Object 'Object Repository/Final Object Repo/Page_Update Employee Information By Employer/Page_Update Employee Information by Employer (Reject)/Letter of update rejection' is visible

2018-11-16 12:00:02 - [MESSAGE][PASSED] - Object 'Object Repository/Final Object Repo/Page_Update Employee Information By Employer/Page_Update Employee Information by Employer (Reject)/Letter of update rejection' is visible

2018-11-16 12:00:02 - [MESSAGE][PASSED] - Call Test Case 'Test Cases/Final Aug 2018 - PKS Automation/Registration Module/Workflow/Update Employee Information (Employer)/Template/Update Employee Information - Special Case - UO (Reject)' successfully]]></system-out>
         <system-err><![CDATA[]]></system-err>
      </testcase>
      <testcase name="Test Cases/Final Aug 2018 - PKS Automation/Registration Module/Workflow/Update Employee Information (Employer)/PAU to UO (Under enforcement)" classname="Test Cases/Final Aug 2018 - PKS Automation/Registration Module/Workflow/Update Employee Information (Employer)/PAU to UO (Under enforcement)" status="PASSED">
         <system-out><![CDATA[2018-11-16 12:00:02 - [TEST_CASE][PASSED] - Test Cases/Final Aug 2018 - PKS Automation/Registration Module/Workflow/Update Employee Information (Employer)/PAU to UO (Under enforcement): Test Cases/Final Aug 2018 - PKS Automation/Registration Module/Workflow/Update Employee Information (Employer)/PAU to UO (Under enforcement)

2018-11-16 12:00:02 - [TEST_STEP][PASSED] - callTestCase: Call Test Case 'Test Cases/Final Aug 2018 - PKS Automation/Registration Module/Workflow/Update Employee Information (Employer)/Template/Update Employer Information - Special Case (PAU)' successfully

2018-11-16 12:00:02 - [TEST_CASE][PASSED] - Test Cases/Final Aug 2018 - PKS Automation/Registration Module/Workflow/Update Employee Information (Employer)/Template/Update Employer Information - Special Case (PAU): Test Cases/Final Aug 2018 - PKS Automation/Registration Module/Workflow/Update Employee Information (Employer)/Template/Update Employer Information - Special Case (PAU)

2018-11-16 12:00:02 - [TEST_STEP][PASSED] - openBrowser: Browser is opened with url: ''

2018-11-16 12:00:02 - [MESSAGE][WARNING] - A browser is already opened. Closing browser and opening a new one

2018-11-16 12:00:07 - [MESSAGE][PASSED] - Browser is opened with url: ''

2018-11-16 12:00:07 - [TEST_STEP][PASSED] - navigateToUrl: Navigate to 'https://assist2-uat.perkeso.gov.my/login' successfully

2018-11-16 12:00:09 - [MESSAGE][PASSED] - Navigate to 'https://assist2-uat.perkeso.gov.my/login' successfully

2018-11-16 12:00:09 - [TEST_STEP][PASSED] - setText: Text 'johorpau1@gmail.com' is set on object 'Object Repository/Final Object Repo/Login Page/Internal User/Email Address'

2018-11-16 12:00:10 - [MESSAGE][PASSED] - Text 'johorpau1@gmail.com' is set on object 'Object Repository/Final Object Repo/Login Page/Internal User/Email Address'

2018-11-16 12:00:10 - [TEST_STEP][PASSED] - click: Object: 'Object Repository/Final Object Repo/Login Page/Internal User/Next Button' is clicked on

2018-11-16 12:00:10 - [MESSAGE][PASSED] - Object: 'Object Repository/Final Object Repo/Login Page/Internal User/Next Button' is clicked on

2018-11-16 12:00:10 - [TEST_STEP][PASSED] - delay: Delayed 1 second(s)

2018-11-16 12:00:11 - [MESSAGE][PASSED] - Delayed 1 second(s)

2018-11-16 12:00:11 - [TEST_STEP][PASSED] - setEncryptedText: Text ****** has been set on object 'Object Repository/Final Object Repo/Login Page/Internal User/Password'

2018-11-16 12:00:11 - [MESSAGE][PASSED] - Text ****** has been set on object 'Object Repository/Final Object Repo/Login Page/Internal User/Password'

2018-11-16 12:00:11 - [TEST_STEP][PASSED] - click: Object: 'Object Repository/Final Object Repo/Login Page/Internal User/Login Button' is clicked on

2018-11-16 12:00:14 - [MESSAGE][PASSED] - Object: 'Object Repository/Final Object Repo/Login Page/Internal User/Login Button' is clicked on

2018-11-16 12:00:14 - [TEST_STEP][PASSED] - Statement - Try: Delayed 2 second(s)

2018-11-16 12:00:14 - [TEST_STEP][PASSED] - Statement - Checker = false: null

2018-11-16 12:00:14 - [TEST_STEP][PASSED] - Statement - Checker = com.kms.katalon.core.webui.keyword.WebUiBuiltInKeywords.verifyElementHasAttribute(com.kms.katalon.core.testobject.ObjectRepository.findTestObject(Final Object Repo/Landing Page/BM Detecting), "href", 20, OPTIONAL): Object 'Object Repository/Final Object Repo/Landing Page/BM Detecting' has attribute 'href'

2018-11-16 12:00:14 - [MESSAGE][PASSED] - Object 'Object Repository/Final Object Repo/Landing Page/BM Detecting' has attribute 'href'

2018-11-16 12:00:14 - [TEST_STEP][PASSED] - Statement - out.println(Checker): null

2018-11-16 12:00:14 - [TEST_STEP][PASSED] - Statement - If (Checker == false): null

2018-11-16 12:00:14 - [TEST_STEP][PASSED] - Statement - Else: null

2018-11-16 12:00:14 - [TEST_STEP][PASSED] - delay: Delayed 2 second(s)

2018-11-16 12:00:16 - [MESSAGE][PASSED] - Delayed 2 second(s)

2018-11-16 12:00:16 - [TEST_STEP][PASSED] - delay: Delayed 1 second(s)

2018-11-16 12:00:17 - [MESSAGE][PASSED] - Delayed 1 second(s)

2018-11-16 12:00:17 - [TEST_STEP][PASSED] - navigateToUrl: Navigate to 'https://assist2-uat.perkeso.gov.my/web/registration/update/update-employee-information-employer-' successfully

2018-11-16 12:00:18 - [MESSAGE][PASSED] - Navigate to 'https://assist2-uat.perkeso.gov.my/web/registration/update/update-employee-information-employer-' successfully

2018-11-16 12:00:18 - [TEST_STEP][PASSED] - setText: Text 'E1102001065V' is set on object 'Object Repository/Final Object Repo/Page_Update Employee Information By Employer/Employer Code'

2018-11-16 12:00:18 - [MESSAGE][PASSED] - Text 'E1102001065V' is set on object 'Object Repository/Final Object Repo/Page_Update Employee Information By Employer/Employer Code'

2018-11-16 12:00:18 - [TEST_STEP][PASSED] - click: Object: 'Object Repository/Final Object Repo/Page_Update Employee Information By Employer/Search Employer Code' is clicked on

2018-11-16 12:00:20 - [MESSAGE][PASSED] - Object: 'Object Repository/Final Object Repo/Page_Update Employee Information By Employer/Search Employer Code' is clicked on

2018-11-16 12:00:20 - [TEST_STEP][PASSED] - click: Object: 'Object Repository/Final Object Repo/Page_Update Employee Information By Employer/Edit Button' is clicked on

2018-11-16 12:00:23 - [MESSAGE][PASSED] - Object: 'Object Repository/Final Object Repo/Page_Update Employee Information By Employer/Edit Button' is clicked on

2018-11-16 12:00:23 - [TEST_STEP][PASSED] - click: Object: 'Object Repository/Final Object Repo/Page_Update Employee Information By Employer/Employee Name or New Identification' is clicked on

2018-11-16 12:00:24 - [MESSAGE][PASSED] - Object: 'Object Repository/Final Object Repo/Page_Update Employee Information By Employer/Employee Name or New Identification' is clicked on

2018-11-16 12:00:24 - [TEST_STEP][PASSED] - delay: Delayed 1 second(s)

2018-11-16 12:00:25 - [MESSAGE][PASSED] - Delayed 1 second(s)

2018-11-16 12:00:25 - [TEST_STEP][PASSED] - click: Object: 'Object Repository/Final Object Repo/Page_Update Employee Information By Employer/Selection - Employee Name' is clicked on

2018-11-16 12:00:25 - [MESSAGE][PASSED] - Object: 'Object Repository/Final Object Repo/Page_Update Employee Information By Employer/Selection - Employee Name' is clicked on

2018-11-16 12:00:25 - [TEST_STEP][PASSED] - delay: Delayed 1 second(s)

2018-11-16 12:00:26 - [MESSAGE][PASSED] - Delayed 1 second(s)

2018-11-16 12:00:26 - [TEST_STEP][PASSED] - setText: Text 'PERKESO' is set on object 'Object Repository/Final Object Repo/Page_Update Employee Information By Employer/Employee Name'

2018-11-16 12:00:27 - [MESSAGE][PASSED] - Text 'PERKESO' is set on object 'Object Repository/Final Object Repo/Page_Update Employee Information By Employer/Employee Name'

2018-11-16 12:00:27 - [TEST_STEP][PASSED] - delay: Delayed 2 second(s)

2018-11-16 12:00:29 - [MESSAGE][PASSED] - Delayed 2 second(s)

2018-11-16 12:00:29 - [TEST_STEP][PASSED] - click: Object: 'Object Repository/Final Object Repo/Page_Update Employee Information By Employer/Search Employee' is clicked on

2018-11-16 12:00:29 - [MESSAGE][PASSED] - Object: 'Object Repository/Final Object Repo/Page_Update Employee Information By Employer/Search Employee' is clicked on

2018-11-16 12:00:29 - [TEST_STEP][PASSED] - delay: Delayed 3 second(s)

2018-11-16 12:00:32 - [MESSAGE][PASSED] - Delayed 3 second(s)

2018-11-16 12:00:32 - [TEST_STEP][PASSED] - click: Object: 'Object Repository/Final Object Repo/Page_Update Employee Information By Employer/Employee Edit Button' is clicked on

2018-11-16 12:00:32 - [MESSAGE][PASSED] - Object: 'Object Repository/Final Object Repo/Page_Update Employee Information By Employer/Employee Edit Button' is clicked on

2018-11-16 12:00:32 - [TEST_STEP][PASSED] - delay: Delayed 3 second(s)

2018-11-16 12:00:35 - [MESSAGE][PASSED] - Delayed 3 second(s)

2018-11-16 12:00:35 - [TEST_STEP][PASSED] - setText: Text '' is set on object 'Object Repository/Final Object Repo/Page_Update Employee Information By Employer/Identification Number'

2018-11-16 12:00:36 - [MESSAGE][PASSED] - Text '' is set on object 'Object Repository/Final Object Repo/Page_Update Employee Information By Employer/Identification Number'

2018-11-16 12:00:36 - [TEST_STEP][PASSED] - Statement - rnd = new java.util.Random(): null

2018-11-16 12:00:36 - [TEST_STEP][PASSED] - Statement - snum = rnd.nextInt(899999 + 1) + 100000: null

2018-11-16 12:00:36 - [TEST_STEP][PASSED] - Statement - tnum = rnd.nextInt(899999 + 1) + 100000: null

2018-11-16 12:00:36 - [TEST_STEP][PASSED] - Statement - IC = java.lang.Integer.toString(snum) + java.lang.Integer.toString(tnum): null

2018-11-16 12:00:36 - [TEST_STEP][PASSED] - Statement - out.println(IC): null

2018-11-16 12:00:36 - [TEST_STEP][PASSED] - setText: Text '375694388246' is set on object 'Object Repository/Final Object Repo/Page_Update Employee Information By Employer/Identification Number'

2018-11-16 12:00:36 - [MESSAGE][PASSED] - Text '375694388246' is set on object 'Object Repository/Final Object Repo/Page_Update Employee Information By Employer/Identification Number'

2018-11-16 12:00:36 - [TEST_STEP][PASSED] - click: Object: 'Object Repository/Final Object Repo/Page_Update Employee Information By Employer/Save' is clicked on

2018-11-16 12:00:39 - [MESSAGE][PASSED] - Object: 'Object Repository/Final Object Repo/Page_Update Employee Information By Employer/Save' is clicked on

2018-11-16 12:00:39 - [TEST_STEP][PASSED] - delay: Delayed 5 second(s)

2018-11-16 12:00:44 - [MESSAGE][PASSED] - Delayed 5 second(s)

2018-11-16 12:00:44 - [TEST_STEP][PASSED] - Statement - CaseReferenceNo = com.kms.katalon.core.webui.keyword.WebUiBuiltInKeywords.getText(com.kms.katalon.core.testobject.ObjectRepository.findTestObject(Final Object Repo/Reference Number/Reference Number in Update Employee Information Page)): Text of object 'Object Repository/Final Object Repo/Reference Number/Reference Number in Update Employee Information Page' is: 'CUN112018C100005494'

2018-11-16 12:00:44 - [MESSAGE][PASSED] - Text of object 'Object Repository/Final Object Repo/Reference Number/Reference Number in Update Employee Information Page' is: 'CUN112018C100005494'

2018-11-16 12:00:44 - [TEST_STEP][PASSED] - callTestCase: Call Test Case 'Test Cases/Final Aug 2018 - PKS Automation/Common/Reference Number Setter' successfully

2018-11-16 12:00:44 - [TEST_CASE][PASSED] - Test Cases/Final Aug 2018 - PKS Automation/Common/Reference Number Setter: Test Cases/Final Aug 2018 - PKS Automation/Common/Reference Number Setter

2018-11-16 12:00:44 - [TEST_STEP][PASSED] - Statement - RefNoOldFile = new java.io.File(C://KatalonReference.txt): null

2018-11-16 12:00:44 - [TEST_STEP][PASSED] - Statement - RefNoOldFile.delete(): null

2018-11-16 12:00:44 - [TEST_STEP][PASSED] - delay: Delayed 5 second(s)

2018-11-16 12:00:49 - [MESSAGE][PASSED] - Delayed 5 second(s)

2018-11-16 12:00:49 - [TEST_STEP][PASSED] - Statement - RefNo = new java.io.File(C://KatalonReference.txt): null

2018-11-16 12:00:49 - [TEST_STEP][PASSED] - Statement - f2 = new java.io.FileWriter(RefNo, false): null

2018-11-16 12:00:49 - [TEST_STEP][PASSED] - Statement - f2.write(CaseReferenceNo): null

2018-11-16 12:00:49 - [TEST_STEP][PASSED] - Statement - f2.close(): null

2018-11-16 12:00:49 - [TEST_STEP][PASSED] - Statement - out.println("


" + CaseReferenceNo + "


"): null

2018-11-16 12:00:49 - [MESSAGE][PASSED] - Call Test Case 'Test Cases/Final Aug 2018 - PKS Automation/Common/Reference Number Setter' successfully

2018-11-16 12:00:49 - [TEST_STEP][PASSED] - delay: Delayed 5 second(s)

2018-11-16 12:00:54 - [MESSAGE][PASSED] - Delayed 5 second(s)

2018-11-16 12:00:54 - [TEST_STEP][PASSED] - click: Object: 'Object Repository/Final Object Repo/Page_Update Employee Information By Employer/Save  Continue in  Employee Information Page' is clicked on

2018-11-16 12:00:58 - [MESSAGE][PASSED] - Object: 'Object Repository/Final Object Repo/Page_Update Employee Information By Employer/Save  Continue in  Employee Information Page' is clicked on

2018-11-16 12:00:58 - [TEST_STEP][PASSED] - delay: Delayed 5 second(s)

2018-11-16 12:01:03 - [MESSAGE][PASSED] - Delayed 5 second(s)

2018-11-16 12:01:03 - [TEST_STEP][PASSED] - click: Object: 'Object Repository/Final Object Repo/Page_Update Employee Information By Employer/Save  Continue in Uploading Page 1' is clicked on

2018-11-16 12:01:08 - [MESSAGE][PASSED] - Object: 'Object Repository/Final Object Repo/Page_Update Employee Information By Employer/Save  Continue in Uploading Page 1' is clicked on

2018-11-16 12:01:08 - [TEST_STEP][PASSED] - delay: Delayed 5 second(s)

2018-11-16 12:01:13 - [MESSAGE][PASSED] - Delayed 5 second(s)

2018-11-16 12:01:13 - [TEST_STEP][PASSED] - click: Object: 'Object Repository/Final Object Repo/Page_Update Employee Information By Employer/Submit' is clicked on

2018-11-16 12:01:13 - [MESSAGE][PASSED] - Object: 'Object Repository/Final Object Repo/Page_Update Employee Information By Employer/Submit' is clicked on

2018-11-16 12:01:13 - [TEST_STEP][PASSED] - delay: Delayed 5 second(s)

2018-11-16 12:01:18 - [MESSAGE][PASSED] - Delayed 5 second(s)

2018-11-16 12:01:18 - [TEST_STEP][PASSED] - click: Object: 'Object Repository/Final Object Repo/Page_Update Employee Information By Employer/Confirm' is clicked on

2018-11-16 12:01:23 - [MESSAGE][PASSED] - Object: 'Object Repository/Final Object Repo/Page_Update Employee Information By Employer/Confirm' is clicked on

2018-11-16 12:01:23 - [TEST_STEP][PASSED] - delay: Delayed 5 second(s)

2018-11-16 12:01:28 - [MESSAGE][PASSED] - Delayed 5 second(s)

2018-11-16 12:01:28 - [TEST_STEP][PASSED] - verifyElementVisible: Object 'Object Repository/Final Object Repo/Page_Update Employee Information By Employer/Successfull Message Routed to UO' is visible

2018-11-16 12:01:28 - [MESSAGE][PASSED] - Object 'Object Repository/Final Object Repo/Page_Update Employee Information By Employer/Successfull Message Routed to UO' is visible

2018-11-16 12:01:28 - [MESSAGE][PASSED] - Call Test Case 'Test Cases/Final Aug 2018 - PKS Automation/Registration Module/Workflow/Update Employee Information (Employer)/Template/Update Employer Information - Special Case (PAU)' successfully

2018-11-16 12:01:28 - [TEST_STEP][PASSED] - callTestCase: Call Test Case 'Test Cases/Final Aug 2018 - PKS Automation/Registration Module/Workflow/Update Employee Information (Employer)/Template/Update Employee Information - Special Case - UO (UnderEnforcement)' successfully

2018-11-16 12:01:28 - [TEST_CASE][PASSED] - Test Cases/Final Aug 2018 - PKS Automation/Registration Module/Workflow/Update Employee Information (Employer)/Template/Update Employee Information - Special Case - UO (UnderEnforcement): Test Cases/Final Aug 2018 - PKS Automation/Registration Module/Workflow/Update Employee Information (Employer)/Template/Update Employee Information - Special Case - UO (UnderEnforcement)

2018-11-16 12:01:28 - [TEST_STEP][NOT_RUN] - callTestCase: NOT_RUN: callTestCase

2018-11-16 12:01:28 - [MESSAGE][NOT_RUN] - NOT_RUN: callTestCase

2018-11-16 12:01:28 - [TEST_STEP][PASSED] - delay: Delayed 2 second(s)

2018-11-16 12:01:30 - [MESSAGE][PASSED] - Delayed 2 second(s)

2018-11-16 12:01:30 - [TEST_STEP][PASSED] - navigateToUrl: Navigate to 'https://assist2-uat.perkeso.gov.my/c/portal/logout' successfully

2018-11-16 12:01:31 - [MESSAGE][PASSED] - Navigate to 'https://assist2-uat.perkeso.gov.my/c/portal/logout' successfully

2018-11-16 12:01:31 - [TEST_STEP][PASSED] - delay: Delayed 2 second(s)

2018-11-16 12:01:33 - [MESSAGE][PASSED] - Delayed 2 second(s)

2018-11-16 12:01:33 - [TEST_STEP][PASSED] - callTestCase: Call Test Case 'Test Cases/Final Aug 2018 - PKS Automation/Common/Reference Number Getter' successfully

2018-11-16 12:01:33 - [TEST_CASE][PASSED] - Test Cases/Final Aug 2018 - PKS Automation/Common/Reference Number Getter: Test Cases/Final Aug 2018 - PKS Automation/Common/Reference Number Getter

2018-11-16 12:01:33 - [TEST_STEP][PASSED] - Statement - Try: null

2018-11-16 12:01:33 - [TEST_STEP][PASSED] - Statement - RefNo = new java.io.File(C://KatalonReference.txt): null

2018-11-16 12:01:33 - [TEST_STEP][PASSED] - Statement - bufferread = new java.io.BufferedReader(new java.io.FileReader(RefNo)): null

2018-11-16 12:01:33 - [TEST_STEP][PASSED] - Statement - readedVal = bufferread.readLine(): null

2018-11-16 12:01:33 - [TEST_STEP][PASSED] - Statement - out.println(CaseReferenceNo): null

2018-11-16 12:01:33 - [TEST_STEP][PASSED] - Statement - out.println(readedVal): null

2018-11-16 12:01:33 - [TEST_STEP][PASSED] - Statement - CaseReferenceNo = "": null

2018-11-16 12:01:33 - [TEST_STEP][PASSED] - Statement - CaseReferenceNo = readedVal: null

2018-11-16 12:01:33 - [MESSAGE][PASSED] - Call Test Case 'Test Cases/Final Aug 2018 - PKS Automation/Common/Reference Number Getter' successfully

2018-11-16 12:01:33 - [TEST_STEP][PASSED] - callTestCase: Call Test Case 'Test Cases/Final Aug 2018 - PKS Automation/Common/Workflow Owner Finder' successfully

2018-11-16 12:01:33 - [TEST_CASE][PASSED] - Test Cases/Final Aug 2018 - PKS Automation/Common/Workflow Owner Finder: Test Cases/Final Aug 2018 - PKS Automation/Common/Workflow Owner Finder

2018-11-16 12:01:33 - [TEST_STEP][PASSED] - openBrowser: Browser is opened with url: ''

2018-11-16 12:01:33 - [MESSAGE][WARNING] - A browser is already opened. Closing browser and opening a new one

2018-11-16 12:01:39 - [MESSAGE][PASSED] - Browser is opened with url: ''

2018-11-16 12:01:39 - [TEST_STEP][PASSED] - navigateToUrl: Navigate to 'https://assist2-uat.perkeso.gov.my/login' successfully

2018-11-16 12:01:41 - [MESSAGE][PASSED] - Navigate to 'https://assist2-uat.perkeso.gov.my/login' successfully

2018-11-16 12:01:41 - [TEST_STEP][PASSED] - delay: Delayed 5 second(s)

2018-11-16 12:01:46 - [MESSAGE][PASSED] - Delayed 5 second(s)

2018-11-16 12:01:46 - [TEST_STEP][PASSED] - setText: Text 'test@liferay.com' is set on object 'Object Repository/Final Object Repo/Login Page/Internal User/Email Address'

2018-11-16 12:01:47 - [MESSAGE][PASSED] - Text 'test@liferay.com' is set on object 'Object Repository/Final Object Repo/Login Page/Internal User/Email Address'

2018-11-16 12:01:47 - [TEST_STEP][PASSED] - click: Object: 'Object Repository/Final Object Repo/Login Page/Internal User/Next Button' is clicked on

2018-11-16 12:01:47 - [MESSAGE][PASSED] - Object: 'Object Repository/Final Object Repo/Login Page/Internal User/Next Button' is clicked on

2018-11-16 12:01:47 - [TEST_STEP][PASSED] - delay: Delayed 2 second(s)

2018-11-16 12:01:49 - [MESSAGE][PASSED] - Delayed 2 second(s)

2018-11-16 12:01:49 - [TEST_STEP][PASSED] - setText: Text 'test' is set on object 'Object Repository/Final Object Repo/Login Page/Internal User/Password'

2018-11-16 12:01:49 - [MESSAGE][PASSED] - Text 'test' is set on object 'Object Repository/Final Object Repo/Login Page/Internal User/Password'

2018-11-16 12:01:49 - [TEST_STEP][PASSED] - delay: Delayed 2 second(s)

2018-11-16 12:01:51 - [MESSAGE][PASSED] - Delayed 2 second(s)

2018-11-16 12:01:51 - [TEST_STEP][PASSED] - click: Object: 'Object Repository/Final Object Repo/Login Page/Internal User/Login Button' is clicked on

2018-11-16 12:01:55 - [MESSAGE][PASSED] - Object: 'Object Repository/Final Object Repo/Login Page/Internal User/Login Button' is clicked on

2018-11-16 12:01:55 - [TEST_STEP][PASSED] - Statement - Try: Delayed 2 second(s)

2018-11-16 12:01:55 - [TEST_STEP][PASSED] - Statement - Checker = false: null

2018-11-16 12:01:55 - [TEST_STEP][PASSED] - Statement - Checker = com.kms.katalon.core.webui.keyword.WebUiBuiltInKeywords.verifyElementHasAttribute(com.kms.katalon.core.testobject.ObjectRepository.findTestObject(Final Object Repo/Landing Page/BM Detecting), "href", 20, OPTIONAL): Object 'Object Repository/Final Object Repo/Landing Page/BM Detecting' has attribute 'href'

2018-11-16 12:01:55 - [MESSAGE][PASSED] - Object 'Object Repository/Final Object Repo/Landing Page/BM Detecting' has attribute 'href'

2018-11-16 12:01:55 - [TEST_STEP][PASSED] - Statement - out.println(Checker): null

2018-11-16 12:01:55 - [TEST_STEP][PASSED] - Statement - If (Checker == false): null

2018-11-16 12:01:55 - [TEST_STEP][PASSED] - Statement - Else: null

2018-11-16 12:01:55 - [TEST_STEP][PASSED] - delay: Delayed 2 second(s)

2018-11-16 12:01:57 - [MESSAGE][PASSED] - Delayed 2 second(s)

2018-11-16 12:01:57 - [TEST_STEP][PASSED] - delay: Delayed 3 second(s)

2018-11-16 12:02:00 - [MESSAGE][PASSED] - Delayed 3 second(s)

2018-11-16 12:02:00 - [TEST_STEP][PASSED] - mouseOver: Object: 'Object Repository/Final Object Repo/Landing Page/WorkFlow Menu' is hovered

2018-11-16 12:02:00 - [MESSAGE][PASSED] - Object: 'Object Repository/Final Object Repo/Landing Page/WorkFlow Menu' is hovered

2018-11-16 12:02:00 - [TEST_STEP][PASSED] - delay: Delayed 2 second(s)

2018-11-16 12:02:02 - [MESSAGE][PASSED] - Delayed 2 second(s)

2018-11-16 12:02:02 - [TEST_STEP][PASSED] - click: Object: 'Object Repository/Final Object Repo/Landing Page/Select to Workflow Listing' is clicked on

2018-11-16 12:02:04 - [MESSAGE][PASSED] - Object: 'Object Repository/Final Object Repo/Landing Page/Select to Workflow Listing' is clicked on

2018-11-16 12:02:04 - [TEST_STEP][PASSED] - delay: Delayed 2 second(s)

2018-11-16 12:02:06 - [MESSAGE][PASSED] - Delayed 2 second(s)

2018-11-16 12:02:06 - [TEST_STEP][PASSED] - click: Object: 'Object Repository/Final Object Repo/WorkFlow Listing Page/Search Information - To Put Ref No' is clicked on

2018-11-16 12:02:06 - [MESSAGE][PASSED] - Object: 'Object Repository/Final Object Repo/WorkFlow Listing Page/Search Information - To Put Ref No' is clicked on

2018-11-16 12:02:06 - [TEST_STEP][PASSED] - delay: Delayed 2 second(s)

2018-11-16 12:02:08 - [MESSAGE][PASSED] - Delayed 2 second(s)

2018-11-16 12:02:08 - [TEST_STEP][PASSED] - callTestCase: Call Test Case 'Test Cases/Final Aug 2018 - PKS Automation/Common/Reference Number Getter' successfully

2018-11-16 12:02:08 - [TEST_CASE][PASSED] - Test Cases/Final Aug 2018 - PKS Automation/Common/Reference Number Getter: Test Cases/Final Aug 2018 - PKS Automation/Common/Reference Number Getter

2018-11-16 12:02:08 - [TEST_STEP][PASSED] - Statement - Try: null

2018-11-16 12:02:08 - [TEST_STEP][PASSED] - Statement - RefNo = new java.io.File(C://KatalonReference.txt): null

2018-11-16 12:02:08 - [TEST_STEP][PASSED] - Statement - bufferread = new java.io.BufferedReader(new java.io.FileReader(RefNo)): null

2018-11-16 12:02:08 - [TEST_STEP][PASSED] - Statement - readedVal = bufferread.readLine(): null

2018-11-16 12:02:08 - [TEST_STEP][PASSED] - Statement - out.println(CaseReferenceNo): null

2018-11-16 12:02:08 - [TEST_STEP][PASSED] - Statement - out.println(readedVal): null

2018-11-16 12:02:08 - [TEST_STEP][PASSED] - Statement - CaseReferenceNo = "": null

2018-11-16 12:02:08 - [TEST_STEP][PASSED] - Statement - CaseReferenceNo = readedVal: null

2018-11-16 12:02:08 - [MESSAGE][PASSED] - Call Test Case 'Test Cases/Final Aug 2018 - PKS Automation/Common/Reference Number Getter' successfully

2018-11-16 12:02:08 - [TEST_STEP][PASSED] - setText: Text 'CUN112018C100005494' is set on object 'Object Repository/Final Object Repo/WorkFlow Listing Page/Ref No Set Text'

2018-11-16 12:02:08 - [MESSAGE][PASSED] - Text 'CUN112018C100005494' is set on object 'Object Repository/Final Object Repo/WorkFlow Listing Page/Ref No Set Text'

2018-11-16 12:02:08 - [TEST_STEP][PASSED] - delay: Delayed 2 second(s)

2018-11-16 12:02:10 - [MESSAGE][PASSED] - Delayed 2 second(s)

2018-11-16 12:02:10 - [TEST_STEP][PASSED] - click: Object: 'Object Repository/Final Object Repo/WorkFlow Listing Page/Search Ref No Search Button' is clicked on

2018-11-16 12:02:13 - [MESSAGE][PASSED] - Object: 'Object Repository/Final Object Repo/WorkFlow Listing Page/Search Ref No Search Button' is clicked on

2018-11-16 12:02:13 - [TEST_STEP][PASSED] - delay: Delayed 4 second(s)

2018-11-16 12:02:17 - [MESSAGE][PASSED] - Delayed 4 second(s)

2018-11-16 12:02:17 - [TEST_STEP][PASSED] - click: Object: 'Object Repository/Final Object Repo/WorkFlow Listing Page/Click Continue Tooltip' is clicked on

2018-11-16 12:02:19 - [MESSAGE][PASSED] - Object: 'Object Repository/Final Object Repo/WorkFlow Listing Page/Click Continue Tooltip' is clicked on

2018-11-16 12:02:19 - [TEST_STEP][PASSED] - delay: Delayed 5 second(s)

2018-11-16 12:02:24 - [MESSAGE][PASSED] - Delayed 5 second(s)

2018-11-16 12:02:24 - [TEST_STEP][PASSED] - doubleClick: Object: 'Object Repository/Final Object Repo/WorkFlow Listing Page/Workflow Found - Listing 1' is double clicked on

2018-11-16 12:02:24 - [MESSAGE][PASSED] - Object: 'Object Repository/Final Object Repo/WorkFlow Listing Page/Workflow Found - Listing 1' is double clicked on

2018-11-16 12:02:24 - [TEST_STEP][PASSED] - Statement - println(OwnerID): null

2018-11-16 12:02:24 - [TEST_STEP][PASSED] - Statement - OwnerID = com.kms.katalon.core.webui.keyword.WebUiBuiltInKeywords.getText(com.kms.katalon.core.testobject.ObjectRepository.findTestObject(Final Object Repo/WorkFlow Listing Page/Workflow Found - Listing 1), STOP_ON_FAILURE): Text of object 'Object Repository/Final Object Repo/WorkFlow Listing Page/Workflow Found - Listing 1' is: 'JOHORuo3'

2018-11-16 12:02:24 - [MESSAGE][PASSED] - Text of object 'Object Repository/Final Object Repo/WorkFlow Listing Page/Workflow Found - Listing 1' is: 'JOHORuo3'

2018-11-16 12:02:24 - [TEST_STEP][PASSED] - Statement - OwnerID = OwnerID.toLowerCase() + "@gmail.com": null

2018-11-16 12:02:24 - [TEST_STEP][PASSED] - Statement - println(OwnerID): null

2018-11-16 12:02:24 - [TEST_STEP][PASSED] - delay: Delayed 2 second(s)

2018-11-16 12:02:26 - [MESSAGE][PASSED] - Delayed 2 second(s)

2018-11-16 12:02:26 - [MESSAGE][PASSED] - Call Test Case 'Test Cases/Final Aug 2018 - PKS Automation/Common/Workflow Owner Finder' successfully

2018-11-16 12:02:26 - [TEST_STEP][PASSED] - delay: Delayed 2 second(s)

2018-11-16 12:02:28 - [MESSAGE][PASSED] - Delayed 2 second(s)

2018-11-16 12:02:28 - [TEST_STEP][PASSED] - navigateToUrl: Navigate to 'https://assist2-uat.perkeso.gov.my/c/portal/logout' successfully

2018-11-16 12:02:29 - [MESSAGE][PASSED] - Navigate to 'https://assist2-uat.perkeso.gov.my/c/portal/logout' successfully

2018-11-16 12:02:29 - [TEST_STEP][PASSED] - delay: Delayed 2 second(s)

2018-11-16 12:02:31 - [MESSAGE][PASSED] - Delayed 2 second(s)

2018-11-16 12:02:31 - [TEST_STEP][PASSED] - callTestCase: Call Test Case 'Test Cases/Final Aug 2018 - PKS Automation/Registration Module/Workflow/Login and Search Case For Workflow' successfully

2018-11-16 12:02:31 - [TEST_CASE][PASSED] - Test Cases/Final Aug 2018 - PKS Automation/Registration Module/Workflow/Login and Search Case For Workflow: Test Cases/Final Aug 2018 - PKS Automation/Registration Module/Workflow/Login and Search Case For Workflow

2018-11-16 12:02:31 - [TEST_STEP][PASSED] - navigateToUrl: Navigate to 'https://assist2-uat.perkeso.gov.my/login' successfully

2018-11-16 12:02:32 - [MESSAGE][PASSED] - Navigate to 'https://assist2-uat.perkeso.gov.my/login' successfully

2018-11-16 12:02:32 - [TEST_STEP][PASSED] - setText: Text 'johoruo3@gmail.com' is set on object 'Object Repository/Final Object Repo/Login Page/Internal User/Email Address'

2018-11-16 12:02:33 - [MESSAGE][PASSED] - Text 'johoruo3@gmail.com' is set on object 'Object Repository/Final Object Repo/Login Page/Internal User/Email Address'

2018-11-16 12:02:33 - [TEST_STEP][PASSED] - click: Object: 'Object Repository/Final Object Repo/Login Page/Internal User/Next Button' is clicked on

2018-11-16 12:02:33 - [MESSAGE][PASSED] - Object: 'Object Repository/Final Object Repo/Login Page/Internal User/Next Button' is clicked on

2018-11-16 12:02:33 - [TEST_STEP][PASSED] - delay: Delayed 1 second(s)

2018-11-16 12:02:34 - [MESSAGE][PASSED] - Delayed 1 second(s)

2018-11-16 12:02:34 - [TEST_STEP][PASSED] - setEncryptedText: Text ****** has been set on object 'Object Repository/Final Object Repo/Login Page/Internal User/Password'

2018-11-16 12:02:34 - [MESSAGE][PASSED] - Text ****** has been set on object 'Object Repository/Final Object Repo/Login Page/Internal User/Password'

2018-11-16 12:02:34 - [TEST_STEP][PASSED] - click: Object: 'Object Repository/Final Object Repo/Login Page/Internal User/Login Button' is clicked on

2018-11-16 12:02:37 - [MESSAGE][PASSED] - Object: 'Object Repository/Final Object Repo/Login Page/Internal User/Login Button' is clicked on

2018-11-16 12:02:37 - [TEST_STEP][PASSED] - delay: Delayed 2 second(s)

2018-11-16 12:02:39 - [MESSAGE][PASSED] - Delayed 2 second(s)

2018-11-16 12:02:39 - [TEST_STEP][PASSED] - Statement - Try: Delayed 2 second(s)

2018-11-16 12:02:39 - [TEST_STEP][PASSED] - Statement - Checker = false: null

2018-11-16 12:02:39 - [TEST_STEP][PASSED] - Statement - Checker = com.kms.katalon.core.webui.keyword.WebUiBuiltInKeywords.verifyElementHasAttribute(com.kms.katalon.core.testobject.ObjectRepository.findTestObject(Final Object Repo/Landing Page/BM Detecting), "href", 20, OPTIONAL): Object 'Object Repository/Final Object Repo/Landing Page/BM Detecting' has attribute 'href'

2018-11-16 12:02:39 - [MESSAGE][PASSED] - Object 'Object Repository/Final Object Repo/Landing Page/BM Detecting' has attribute 'href'

2018-11-16 12:02:39 - [TEST_STEP][PASSED] - Statement - out.println(Checker): null

2018-11-16 12:02:39 - [TEST_STEP][PASSED] - Statement - If (Checker == false): null

2018-11-16 12:02:39 - [TEST_STEP][PASSED] - Statement - Else: null

2018-11-16 12:02:39 - [TEST_STEP][PASSED] - delay: Delayed 2 second(s)

2018-11-16 12:02:41 - [MESSAGE][PASSED] - Delayed 2 second(s)

2018-11-16 12:02:41 - [TEST_STEP][PASSED] - click: Object: 'Object Repository/Final Object Repo/Page_MyASSIST - ASSIST - Search Pending Case For Add Supporting Document/Search Information' is clicked on

2018-11-16 12:02:41 - [MESSAGE][PASSED] - Object: 'Object Repository/Final Object Repo/Page_MyASSIST - ASSIST - Search Pending Case For Add Supporting Document/Search Information' is clicked on

2018-11-16 12:02:41 - [TEST_STEP][PASSED] - delay: Delayed 3 second(s)

2018-11-16 12:02:44 - [MESSAGE][PASSED] - Delayed 3 second(s)

2018-11-16 12:02:44 - [TEST_STEP][PASSED] - sendKeys: Keys 'CUN112018C100005494' sent to object: 'Object Repository/Final Object Repo/Page_MyASSIST - ASSIST - Search Pending Case For Add Supporting Document/Reference No'

2018-11-16 12:02:44 - [MESSAGE][PASSED] - Keys 'CUN112018C100005494' sent to object: 'Object Repository/Final Object Repo/Page_MyASSIST - ASSIST - Search Pending Case For Add Supporting Document/Reference No'

2018-11-16 12:02:44 - [TEST_STEP][PASSED] - click: Object: 'Object Repository/Final Object Repo/Page_MyASSIST - ASSIST - Search Pending Case For Add Supporting Document/Search Reference No' is clicked on

2018-11-16 12:02:46 - [MESSAGE][PASSED] - Object: 'Object Repository/Final Object Repo/Page_MyASSIST - ASSIST - Search Pending Case For Add Supporting Document/Search Reference No' is clicked on

2018-11-16 12:02:46 - [TEST_STEP][PASSED] - delay: Delayed 2 second(s)

2018-11-16 12:02:48 - [MESSAGE][PASSED] - Delayed 2 second(s)

2018-11-16 12:02:48 - [TEST_STEP][PASSED] - click: Object: 'Object Repository/Final Object Repo/Page_MyASSIST - ASSIST - Search Pending Case For Add Supporting Document/Continue' is clicked on

2018-11-16 12:02:53 - [MESSAGE][PASSED] - Object: 'Object Repository/Final Object Repo/Page_MyASSIST - ASSIST - Search Pending Case For Add Supporting Document/Continue' is clicked on

2018-11-16 12:02:53 - [TEST_STEP][PASSED] - delay: Delayed 20 second(s)

2018-11-16 12:03:13 - [MESSAGE][PASSED] - Delayed 20 second(s)

2018-11-16 12:03:13 - [MESSAGE][PASSED] - Call Test Case 'Test Cases/Final Aug 2018 - PKS Automation/Registration Module/Workflow/Login and Search Case For Workflow' successfully

2018-11-16 12:03:13 - [TEST_STEP][PASSED] - delay: Delayed 2 second(s)

2018-11-16 12:03:15 - [MESSAGE][PASSED] - Delayed 2 second(s)

2018-11-16 12:03:15 - [TEST_STEP][PASSED] - click: Object: 'Object Repository/Final Object Repo/Page_Update Employee Information By Employer/Page_Update Employee Information by Employer (Approve)/Continue' is clicked on

2018-11-16 12:03:19 - [MESSAGE][PASSED] - Object: 'Object Repository/Final Object Repo/Page_Update Employee Information By Employer/Page_Update Employee Information by Employer (Approve)/Continue' is clicked on

2018-11-16 12:03:19 - [TEST_STEP][PASSED] - delay: Delayed 2 second(s)

2018-11-16 12:03:21 - [MESSAGE][PASSED] - Delayed 2 second(s)

2018-11-16 12:03:21 - [TEST_STEP][PASSED] - click: Object: 'Object Repository/Final Object Repo/Page_Update Employee Information By Employer/Page_Update Employee Information by Employer (Approve)/Save  Continue in Update Employee Information Page' is clicked on

2018-11-16 12:03:25 - [MESSAGE][PASSED] - Object: 'Object Repository/Final Object Repo/Page_Update Employee Information By Employer/Page_Update Employee Information by Employer (Approve)/Save  Continue in Update Employee Information Page' is clicked on

2018-11-16 12:03:25 - [TEST_STEP][PASSED] - delay: Delayed 4 second(s)

2018-11-16 12:03:29 - [MESSAGE][PASSED] - Delayed 4 second(s)

2018-11-16 12:03:29 - [TEST_STEP][PASSED] - click: Object: 'Object Repository/Final Object Repo/Page_Update Employee Information By Employer/Page_Update Employee Information by Employer (Approve)/Save  Continue in Upload Supporting Doucument Page' is clicked on

2018-11-16 12:03:29 - [MESSAGE][PASSED] - Object: 'Object Repository/Final Object Repo/Page_Update Employee Information By Employer/Page_Update Employee Information by Employer (Approve)/Save  Continue in Upload Supporting Doucument Page' is clicked on

2018-11-16 12:03:29 - [TEST_STEP][PASSED] - delay: Delayed 2 second(s)

2018-11-16 12:03:31 - [MESSAGE][PASSED] - Delayed 2 second(s)

2018-11-16 12:03:31 - [TEST_STEP][PASSED] - click: Object: 'Object Repository/Final Object Repo/Page_Update Employee Information By Employer/Page_Update Employee Information by Employer (Under enforcement)/Under enforcement' is clicked on

2018-11-16 12:03:34 - [MESSAGE][PASSED] - Object: 'Object Repository/Final Object Repo/Page_Update Employee Information By Employer/Page_Update Employee Information by Employer (Under enforcement)/Under enforcement' is clicked on

2018-11-16 12:03:34 - [TEST_STEP][PASSED] - delay: Delayed 2 second(s)

2018-11-16 12:03:36 - [MESSAGE][PASSED] - Delayed 2 second(s)

2018-11-16 12:03:36 - [TEST_STEP][PASSED] - setText: Text 'Remark' is set on object 'Object Repository/Final Object Repo/Page_Update Employee Information By Employer/Page_Update Employee Information by Employer (Under enforcement)/Under enforcement - Remark'

2018-11-16 12:03:36 - [MESSAGE][PASSED] - Text 'Remark' is set on object 'Object Repository/Final Object Repo/Page_Update Employee Information By Employer/Page_Update Employee Information by Employer (Under enforcement)/Under enforcement - Remark'

2018-11-16 12:03:36 - [TEST_STEP][PASSED] - delay: Delayed 2 second(s)

2018-11-16 12:03:38 - [MESSAGE][PASSED] - Delayed 2 second(s)

2018-11-16 12:03:38 - [TEST_STEP][PASSED] - click: Object: 'Object Repository/Final Object Repo/Page_Update Employee Information By Employer/Page_Update Employee Information by Employer (Under enforcement)/Save  Continu in Under enforcement Page' is clicked on

2018-11-16 12:03:42 - [MESSAGE][PASSED] - Object: 'Object Repository/Final Object Repo/Page_Update Employee Information By Employer/Page_Update Employee Information by Employer (Under enforcement)/Save  Continu in Under enforcement Page' is clicked on

2018-11-16 12:03:42 - [TEST_STEP][PASSED] - delay: Delayed 2 second(s)

2018-11-16 12:03:44 - [MESSAGE][PASSED] - Delayed 2 second(s)

2018-11-16 12:03:44 - [TEST_STEP][PASSED] - click: Object: 'Object Repository/Final Object Repo/Page_Update Employee Information By Employer/Page_Update Employee Information by Employer (Under enforcement)/Under enforceme Message The case is under enforcement' is clicked on

2018-11-16 12:03:44 - [MESSAGE][PASSED] - Object: 'Object Repository/Final Object Repo/Page_Update Employee Information By Employer/Page_Update Employee Information by Employer (Under enforcement)/Under enforceme Message The case is under enforcement' is clicked on

2018-11-16 12:03:44 - [TEST_STEP][PASSED] - click: Object: 'Object Repository/Final Object Repo/Page_Update Employee Information By Employer/Page_Update Employee Information by Employer (Under enforcement)/Under enforcement - OK button' is clicked on

2018-11-16 12:03:46 - [MESSAGE][PASSED] - Object: 'Object Repository/Final Object Repo/Page_Update Employee Information By Employer/Page_Update Employee Information by Employer (Under enforcement)/Under enforcement - OK button' is clicked on

2018-11-16 12:03:46 - [MESSAGE][PASSED] - Call Test Case 'Test Cases/Final Aug 2018 - PKS Automation/Registration Module/Workflow/Update Employee Information (Employer)/Template/Update Employee Information - Special Case - UO (UnderEnforcement)' successfully]]></system-out>
         <system-err><![CDATA[]]></system-err>
      </testcase>
      <testcase name="Test Cases/Final Aug 2018 - PKS Automation/Registration Module/Workflow/Update Employee Information (Employer)/PKRBO - UO (Approve)" classname="Test Cases/Final Aug 2018 - PKS Automation/Registration Module/Workflow/Update Employee Information (Employer)/PKRBO - UO (Approve)" status="PASSED">
         <system-out><![CDATA[2018-11-16 12:03:46 - [TEST_CASE][PASSED] - Test Cases/Final Aug 2018 - PKS Automation/Registration Module/Workflow/Update Employee Information (Employer)/PKRBO - UO (Approve): Test Cases/Final Aug 2018 - PKS Automation/Registration Module/Workflow/Update Employee Information (Employer)/PKRBO - UO (Approve)

2018-11-16 12:03:46 - [TEST_STEP][PASSED] - callTestCase: Call Test Case 'Test Cases/Final Aug 2018 - PKS Automation/Registration Module/Workflow/Update Employee Information (Employer)/Template/Update Employer Information - Special Case (PKRBO)' successfully

2018-11-16 12:03:46 - [TEST_CASE][PASSED] - Test Cases/Final Aug 2018 - PKS Automation/Registration Module/Workflow/Update Employee Information (Employer)/Template/Update Employer Information - Special Case (PKRBO): Test Cases/Final Aug 2018 - PKS Automation/Registration Module/Workflow/Update Employee Information (Employer)/Template/Update Employer Information - Special Case (PKRBO)

2018-11-16 12:03:46 - [TEST_STEP][PASSED] - openBrowser: Browser is opened with url: ''

2018-11-16 12:03:46 - [MESSAGE][WARNING] - A browser is already opened. Closing browser and opening a new one

2018-11-16 12:03:51 - [MESSAGE][PASSED] - Browser is opened with url: ''

2018-11-16 12:03:51 - [TEST_STEP][PASSED] - navigateToUrl: Navigate to 'https://assist2-uat.perkeso.gov.my/login' successfully

2018-11-16 12:03:54 - [MESSAGE][PASSED] - Navigate to 'https://assist2-uat.perkeso.gov.my/login' successfully

2018-11-16 12:03:54 - [TEST_STEP][PASSED] - setText: Text 'johorpkrbo1@gmail.com' is set on object 'Object Repository/Final Object Repo/Login Page/Internal User/Email Address'

2018-11-16 12:03:54 - [MESSAGE][PASSED] - Text 'johorpkrbo1@gmail.com' is set on object 'Object Repository/Final Object Repo/Login Page/Internal User/Email Address'

2018-11-16 12:03:54 - [TEST_STEP][PASSED] - click: Object: 'Object Repository/Final Object Repo/Login Page/Internal User/Next Button' is clicked on

2018-11-16 12:03:55 - [MESSAGE][PASSED] - Object: 'Object Repository/Final Object Repo/Login Page/Internal User/Next Button' is clicked on

2018-11-16 12:03:55 - [TEST_STEP][PASSED] - delay: Delayed 1 second(s)

2018-11-16 12:03:56 - [MESSAGE][PASSED] - Delayed 1 second(s)

2018-11-16 12:03:56 - [TEST_STEP][PASSED] - setEncryptedText: Text ****** has been set on object 'Object Repository/Final Object Repo/Login Page/Internal User/Password'

2018-11-16 12:03:56 - [MESSAGE][PASSED] - Text ****** has been set on object 'Object Repository/Final Object Repo/Login Page/Internal User/Password'

2018-11-16 12:03:56 - [TEST_STEP][PASSED] - click: Object: 'Object Repository/Final Object Repo/Login Page/Internal User/Login Button' is clicked on

2018-11-16 12:03:59 - [MESSAGE][PASSED] - Object: 'Object Repository/Final Object Repo/Login Page/Internal User/Login Button' is clicked on

2018-11-16 12:03:59 - [TEST_STEP][PASSED] - Statement - Try: Delayed 2 second(s)

2018-11-16 12:03:59 - [TEST_STEP][PASSED] - Statement - Checker = false: null

2018-11-16 12:03:59 - [TEST_STEP][PASSED] - Statement - Checker = com.kms.katalon.core.webui.keyword.WebUiBuiltInKeywords.verifyElementHasAttribute(com.kms.katalon.core.testobject.ObjectRepository.findTestObject(Final Object Repo/Landing Page/BM Detecting), "href", 20, OPTIONAL): Object 'Object Repository/Final Object Repo/Landing Page/BM Detecting' has attribute 'href'

2018-11-16 12:03:59 - [MESSAGE][PASSED] - Object 'Object Repository/Final Object Repo/Landing Page/BM Detecting' has attribute 'href'

2018-11-16 12:03:59 - [TEST_STEP][PASSED] - Statement - out.println(Checker): null

2018-11-16 12:03:59 - [TEST_STEP][PASSED] - Statement - If (Checker == false): null

2018-11-16 12:03:59 - [TEST_STEP][PASSED] - Statement - Else: null

2018-11-16 12:03:59 - [TEST_STEP][PASSED] - delay: Delayed 2 second(s)

2018-11-16 12:04:01 - [MESSAGE][PASSED] - Delayed 2 second(s)

2018-11-16 12:04:02 - [TEST_STEP][PASSED] - delay: Delayed 1 second(s)

2018-11-16 12:04:03 - [MESSAGE][PASSED] - Delayed 1 second(s)

2018-11-16 12:04:03 - [TEST_STEP][PASSED] - navigateToUrl: Navigate to 'https://assist2-uat.perkeso.gov.my/web/registration/update/update-employee-information-employer-' successfully

2018-11-16 12:04:04 - [MESSAGE][PASSED] - Navigate to 'https://assist2-uat.perkeso.gov.my/web/registration/update/update-employee-information-employer-' successfully

2018-11-16 12:04:04 - [TEST_STEP][PASSED] - setText: Text 'E1102001065V' is set on object 'Object Repository/Final Object Repo/Page_Update Employee Information By Employer/Employer Code'

2018-11-16 12:04:05 - [MESSAGE][PASSED] - Text 'E1102001065V' is set on object 'Object Repository/Final Object Repo/Page_Update Employee Information By Employer/Employer Code'

2018-11-16 12:04:05 - [TEST_STEP][PASSED] - click: Object: 'Object Repository/Final Object Repo/Page_Update Employee Information By Employer/Search Employer Code' is clicked on

2018-11-16 12:04:06 - [MESSAGE][PASSED] - Object: 'Object Repository/Final Object Repo/Page_Update Employee Information By Employer/Search Employer Code' is clicked on

2018-11-16 12:04:06 - [TEST_STEP][PASSED] - click: Object: 'Object Repository/Final Object Repo/Page_Update Employee Information By Employer/Edit Button' is clicked on

2018-11-16 12:04:10 - [MESSAGE][PASSED] - Object: 'Object Repository/Final Object Repo/Page_Update Employee Information By Employer/Edit Button' is clicked on

2018-11-16 12:04:10 - [TEST_STEP][PASSED] - click: Object: 'Object Repository/Final Object Repo/Page_Update Employee Information By Employer/Employee Name or New Identification' is clicked on

2018-11-16 12:04:10 - [MESSAGE][PASSED] - Object: 'Object Repository/Final Object Repo/Page_Update Employee Information By Employer/Employee Name or New Identification' is clicked on

2018-11-16 12:04:10 - [TEST_STEP][PASSED] - delay: Delayed 1 second(s)

2018-11-16 12:04:11 - [MESSAGE][PASSED] - Delayed 1 second(s)

2018-11-16 12:04:11 - [TEST_STEP][PASSED] - click: Object: 'Object Repository/Final Object Repo/Page_Update Employee Information By Employer/Selection - Employee Name' is clicked on

2018-11-16 12:04:12 - [MESSAGE][PASSED] - Object: 'Object Repository/Final Object Repo/Page_Update Employee Information By Employer/Selection - Employee Name' is clicked on

2018-11-16 12:04:12 - [TEST_STEP][PASSED] - delay: Delayed 1 second(s)

2018-11-16 12:04:13 - [MESSAGE][PASSED] - Delayed 1 second(s)

2018-11-16 12:04:13 - [TEST_STEP][PASSED] - setText: Text 'PERKESO' is set on object 'Object Repository/Final Object Repo/Page_Update Employee Information By Employer/Employee Name'

2018-11-16 12:04:13 - [MESSAGE][PASSED] - Text 'PERKESO' is set on object 'Object Repository/Final Object Repo/Page_Update Employee Information By Employer/Employee Name'

2018-11-16 12:04:13 - [TEST_STEP][PASSED] - delay: Delayed 2 second(s)

2018-11-16 12:04:15 - [MESSAGE][PASSED] - Delayed 2 second(s)

2018-11-16 12:04:15 - [TEST_STEP][PASSED] - click: Object: 'Object Repository/Final Object Repo/Page_Update Employee Information By Employer/Search Employee' is clicked on

2018-11-16 12:04:15 - [MESSAGE][PASSED] - Object: 'Object Repository/Final Object Repo/Page_Update Employee Information By Employer/Search Employee' is clicked on

2018-11-16 12:04:15 - [TEST_STEP][PASSED] - delay: Delayed 3 second(s)

2018-11-16 12:04:18 - [MESSAGE][PASSED] - Delayed 3 second(s)

2018-11-16 12:04:18 - [TEST_STEP][PASSED] - click: Object: 'Object Repository/Final Object Repo/Page_Update Employee Information By Employer/Employee Edit Button' is clicked on

2018-11-16 12:04:19 - [MESSAGE][PASSED] - Object: 'Object Repository/Final Object Repo/Page_Update Employee Information By Employer/Employee Edit Button' is clicked on

2018-11-16 12:04:19 - [TEST_STEP][PASSED] - delay: Delayed 3 second(s)

2018-11-16 12:04:22 - [MESSAGE][PASSED] - Delayed 3 second(s)

2018-11-16 12:04:22 - [TEST_STEP][PASSED] - setText: Text '' is set on object 'Object Repository/Final Object Repo/Page_Update Employee Information By Employer/Identification Number'

2018-11-16 12:04:22 - [MESSAGE][PASSED] - Text '' is set on object 'Object Repository/Final Object Repo/Page_Update Employee Information By Employer/Identification Number'

2018-11-16 12:04:22 - [TEST_STEP][PASSED] - Statement - rnd = new java.util.Random(): null

2018-11-16 12:04:22 - [TEST_STEP][PASSED] - Statement - snum = rnd.nextInt(899999 + 1) + 100000: null

2018-11-16 12:04:22 - [TEST_STEP][PASSED] - Statement - tnum = rnd.nextInt(899999 + 1) + 100000: null

2018-11-16 12:04:22 - [TEST_STEP][PASSED] - Statement - IC = java.lang.Integer.toString(snum) + java.lang.Integer.toString(tnum): null

2018-11-16 12:04:22 - [TEST_STEP][PASSED] - Statement - out.println(IC): null

2018-11-16 12:04:22 - [TEST_STEP][PASSED] - setText: Text '103397248578' is set on object 'Object Repository/Final Object Repo/Page_Update Employee Information By Employer/Identification Number'

2018-11-16 12:04:22 - [MESSAGE][PASSED] - Text '103397248578' is set on object 'Object Repository/Final Object Repo/Page_Update Employee Information By Employer/Identification Number'

2018-11-16 12:04:22 - [TEST_STEP][PASSED] - click: Object: 'Object Repository/Final Object Repo/Page_Update Employee Information By Employer/Save' is clicked on

2018-11-16 12:04:27 - [MESSAGE][PASSED] - Object: 'Object Repository/Final Object Repo/Page_Update Employee Information By Employer/Save' is clicked on

2018-11-16 12:04:27 - [TEST_STEP][PASSED] - delay: Delayed 5 second(s)

2018-11-16 12:04:32 - [MESSAGE][PASSED] - Delayed 5 second(s)

2018-11-16 12:04:32 - [TEST_STEP][PASSED] - Statement - CaseReferenceNo = com.kms.katalon.core.webui.keyword.WebUiBuiltInKeywords.getText(com.kms.katalon.core.testobject.ObjectRepository.findTestObject(Final Object Repo/Reference Number/Reference Number in Update Employee Information Page)): Text of object 'Object Repository/Final Object Repo/Reference Number/Reference Number in Update Employee Information Page' is: 'CUN112018C100005495'

2018-11-16 12:04:32 - [MESSAGE][PASSED] - Text of object 'Object Repository/Final Object Repo/Reference Number/Reference Number in Update Employee Information Page' is: 'CUN112018C100005495'

2018-11-16 12:04:32 - [TEST_STEP][PASSED] - callTestCase: Call Test Case 'Test Cases/Final Aug 2018 - PKS Automation/Common/Reference Number Setter' successfully

2018-11-16 12:04:32 - [TEST_CASE][PASSED] - Test Cases/Final Aug 2018 - PKS Automation/Common/Reference Number Setter: Test Cases/Final Aug 2018 - PKS Automation/Common/Reference Number Setter

2018-11-16 12:04:32 - [TEST_STEP][PASSED] - Statement - RefNoOldFile = new java.io.File(C://KatalonReference.txt): null

2018-11-16 12:04:32 - [TEST_STEP][PASSED] - Statement - RefNoOldFile.delete(): null

2018-11-16 12:04:32 - [TEST_STEP][PASSED] - delay: Delayed 5 second(s)

2018-11-16 12:04:37 - [MESSAGE][PASSED] - Delayed 5 second(s)

2018-11-16 12:04:37 - [TEST_STEP][PASSED] - Statement - RefNo = new java.io.File(C://KatalonReference.txt): null

2018-11-16 12:04:37 - [TEST_STEP][PASSED] - Statement - f2 = new java.io.FileWriter(RefNo, false): null

2018-11-16 12:04:37 - [TEST_STEP][PASSED] - Statement - f2.write(CaseReferenceNo): null

2018-11-16 12:04:37 - [TEST_STEP][PASSED] - Statement - f2.close(): null

2018-11-16 12:04:37 - [TEST_STEP][PASSED] - Statement - out.println("


" + CaseReferenceNo + "


"): null

2018-11-16 12:04:37 - [MESSAGE][PASSED] - Call Test Case 'Test Cases/Final Aug 2018 - PKS Automation/Common/Reference Number Setter' successfully

2018-11-16 12:04:37 - [TEST_STEP][PASSED] - delay: Delayed 5 second(s)

2018-11-16 12:04:42 - [MESSAGE][PASSED] - Delayed 5 second(s)

2018-11-16 12:04:42 - [TEST_STEP][PASSED] - click: Object: 'Object Repository/Final Object Repo/Page_Update Employee Information By Employer/Save  Continue in  Employee Information Page' is clicked on

2018-11-16 12:04:46 - [MESSAGE][PASSED] - Object: 'Object Repository/Final Object Repo/Page_Update Employee Information By Employer/Save  Continue in  Employee Information Page' is clicked on

2018-11-16 12:04:46 - [TEST_STEP][PASSED] - delay: Delayed 5 second(s)

2018-11-16 12:04:51 - [MESSAGE][PASSED] - Delayed 5 second(s)

2018-11-16 12:04:51 - [TEST_STEP][PASSED] - click: Object: 'Object Repository/Final Object Repo/Page_Update Employee Information By Employer/Save  Continue in Uploading Page 1' is clicked on

2018-11-16 12:04:56 - [MESSAGE][PASSED] - Object: 'Object Repository/Final Object Repo/Page_Update Employee Information By Employer/Save  Continue in Uploading Page 1' is clicked on

2018-11-16 12:04:56 - [TEST_STEP][PASSED] - delay: Delayed 5 second(s)

2018-11-16 12:05:01 - [MESSAGE][PASSED] - Delayed 5 second(s)

2018-11-16 12:05:01 - [TEST_STEP][PASSED] - click: Object: 'Object Repository/Final Object Repo/Page_Update Employee Information By Employer/Submit' is clicked on

2018-11-16 12:05:01 - [MESSAGE][PASSED] - Object: 'Object Repository/Final Object Repo/Page_Update Employee Information By Employer/Submit' is clicked on

2018-11-16 12:05:01 - [TEST_STEP][PASSED] - delay: Delayed 5 second(s)

2018-11-16 12:05:06 - [MESSAGE][PASSED] - Delayed 5 second(s)

2018-11-16 12:05:06 - [TEST_STEP][PASSED] - click: Object: 'Object Repository/Final Object Repo/Page_Update Employee Information By Employer/Confirm' is clicked on

2018-11-16 12:05:07 - [MESSAGE][PASSED] - Object: 'Object Repository/Final Object Repo/Page_Update Employee Information By Employer/Confirm' is clicked on

2018-11-16 12:05:07 - [TEST_STEP][PASSED] - delay: Delayed 5 second(s)

2018-11-16 12:05:12 - [MESSAGE][PASSED] - Delayed 5 second(s)

2018-11-16 12:05:12 - [TEST_STEP][PASSED] - verifyElementVisible: Object 'Object Repository/Final Object Repo/Page_Update Employee Information By Employer/Successfull Message Routed to UO' is visible

2018-11-16 12:05:12 - [MESSAGE][PASSED] - Object 'Object Repository/Final Object Repo/Page_Update Employee Information By Employer/Successfull Message Routed to UO' is visible

2018-11-16 12:05:12 - [MESSAGE][PASSED] - Call Test Case 'Test Cases/Final Aug 2018 - PKS Automation/Registration Module/Workflow/Update Employee Information (Employer)/Template/Update Employer Information - Special Case (PKRBO)' successfully

2018-11-16 12:05:12 - [TEST_STEP][PASSED] - callTestCase: Call Test Case 'Test Cases/Final Aug 2018 - PKS Automation/Registration Module/Workflow/Update Employee Information (Employer)/Template/Update Employee Information - Special Case - UO (Approve)' successfully

2018-11-16 12:05:12 - [TEST_CASE][PASSED] - Test Cases/Final Aug 2018 - PKS Automation/Registration Module/Workflow/Update Employee Information (Employer)/Template/Update Employee Information - Special Case - UO (Approve): Test Cases/Final Aug 2018 - PKS Automation/Registration Module/Workflow/Update Employee Information (Employer)/Template/Update Employee Information - Special Case - UO (Approve)

2018-11-16 12:05:12 - [TEST_STEP][NOT_RUN] - callTestCase: NOT_RUN: callTestCase

2018-11-16 12:05:12 - [MESSAGE][NOT_RUN] - NOT_RUN: callTestCase

2018-11-16 12:05:12 - [TEST_STEP][PASSED] - delay: Delayed 2 second(s)

2018-11-16 12:05:14 - [MESSAGE][PASSED] - Delayed 2 second(s)

2018-11-16 12:05:14 - [TEST_STEP][PASSED] - navigateToUrl: Navigate to 'https://assist2-uat.perkeso.gov.my/c/portal/logout' successfully

2018-11-16 12:05:15 - [MESSAGE][PASSED] - Navigate to 'https://assist2-uat.perkeso.gov.my/c/portal/logout' successfully

2018-11-16 12:05:15 - [TEST_STEP][PASSED] - delay: Delayed 2 second(s)

2018-11-16 12:05:17 - [MESSAGE][PASSED] - Delayed 2 second(s)

2018-11-16 12:05:17 - [TEST_STEP][PASSED] - callTestCase: Call Test Case 'Test Cases/Final Aug 2018 - PKS Automation/Common/Reference Number Getter' successfully

2018-11-16 12:05:17 - [TEST_CASE][PASSED] - Test Cases/Final Aug 2018 - PKS Automation/Common/Reference Number Getter: Test Cases/Final Aug 2018 - PKS Automation/Common/Reference Number Getter

2018-11-16 12:05:17 - [TEST_STEP][PASSED] - Statement - Try: null

2018-11-16 12:05:17 - [TEST_STEP][PASSED] - Statement - RefNo = new java.io.File(C://KatalonReference.txt): null

2018-11-16 12:05:17 - [TEST_STEP][PASSED] - Statement - bufferread = new java.io.BufferedReader(new java.io.FileReader(RefNo)): null

2018-11-16 12:05:17 - [TEST_STEP][PASSED] - Statement - readedVal = bufferread.readLine(): null

2018-11-16 12:05:17 - [TEST_STEP][PASSED] - Statement - out.println(CaseReferenceNo): null

2018-11-16 12:05:17 - [TEST_STEP][PASSED] - Statement - out.println(readedVal): null

2018-11-16 12:05:17 - [TEST_STEP][PASSED] - Statement - CaseReferenceNo = "": null

2018-11-16 12:05:17 - [TEST_STEP][PASSED] - Statement - CaseReferenceNo = readedVal: null

2018-11-16 12:05:17 - [MESSAGE][PASSED] - Call Test Case 'Test Cases/Final Aug 2018 - PKS Automation/Common/Reference Number Getter' successfully

2018-11-16 12:05:17 - [TEST_STEP][PASSED] - callTestCase: Call Test Case 'Test Cases/Final Aug 2018 - PKS Automation/Common/Workflow Owner Finder' successfully

2018-11-16 12:05:17 - [TEST_CASE][PASSED] - Test Cases/Final Aug 2018 - PKS Automation/Common/Workflow Owner Finder: Test Cases/Final Aug 2018 - PKS Automation/Common/Workflow Owner Finder

2018-11-16 12:05:17 - [TEST_STEP][PASSED] - openBrowser: Browser is opened with url: ''

2018-11-16 12:05:17 - [MESSAGE][WARNING] - A browser is already opened. Closing browser and opening a new one

2018-11-16 12:05:22 - [MESSAGE][PASSED] - Browser is opened with url: ''

2018-11-16 12:05:22 - [TEST_STEP][PASSED] - navigateToUrl: Navigate to 'https://assist2-uat.perkeso.gov.my/login' successfully

2018-11-16 12:05:25 - [MESSAGE][PASSED] - Navigate to 'https://assist2-uat.perkeso.gov.my/login' successfully

2018-11-16 12:05:25 - [TEST_STEP][PASSED] - delay: Delayed 5 second(s)

2018-11-16 12:05:30 - [MESSAGE][PASSED] - Delayed 5 second(s)

2018-11-16 12:05:30 - [TEST_STEP][PASSED] - setText: Text 'test@liferay.com' is set on object 'Object Repository/Final Object Repo/Login Page/Internal User/Email Address'

2018-11-16 12:05:30 - [MESSAGE][PASSED] - Text 'test@liferay.com' is set on object 'Object Repository/Final Object Repo/Login Page/Internal User/Email Address'

2018-11-16 12:05:30 - [TEST_STEP][PASSED] - click: Object: 'Object Repository/Final Object Repo/Login Page/Internal User/Next Button' is clicked on

2018-11-16 12:05:31 - [MESSAGE][PASSED] - Object: 'Object Repository/Final Object Repo/Login Page/Internal User/Next Button' is clicked on

2018-11-16 12:05:31 - [TEST_STEP][PASSED] - delay: Delayed 2 second(s)

2018-11-16 12:05:33 - [MESSAGE][PASSED] - Delayed 2 second(s)

2018-11-16 12:05:33 - [TEST_STEP][PASSED] - setText: Text 'test' is set on object 'Object Repository/Final Object Repo/Login Page/Internal User/Password'

2018-11-16 12:05:33 - [MESSAGE][PASSED] - Text 'test' is set on object 'Object Repository/Final Object Repo/Login Page/Internal User/Password'

2018-11-16 12:05:33 - [TEST_STEP][PASSED] - delay: Delayed 2 second(s)

2018-11-16 12:05:35 - [MESSAGE][PASSED] - Delayed 2 second(s)

2018-11-16 12:05:35 - [TEST_STEP][PASSED] - click: Object: 'Object Repository/Final Object Repo/Login Page/Internal User/Login Button' is clicked on

2018-11-16 12:05:38 - [MESSAGE][PASSED] - Object: 'Object Repository/Final Object Repo/Login Page/Internal User/Login Button' is clicked on

2018-11-16 12:05:38 - [TEST_STEP][PASSED] - Statement - Try: Delayed 2 second(s)

2018-11-16 12:05:38 - [TEST_STEP][PASSED] - Statement - Checker = false: null

2018-11-16 12:05:38 - [TEST_STEP][PASSED] - Statement - Checker = com.kms.katalon.core.webui.keyword.WebUiBuiltInKeywords.verifyElementHasAttribute(com.kms.katalon.core.testobject.ObjectRepository.findTestObject(Final Object Repo/Landing Page/BM Detecting), "href", 20, OPTIONAL): Object 'Object Repository/Final Object Repo/Landing Page/BM Detecting' has attribute 'href'

2018-11-16 12:05:39 - [MESSAGE][PASSED] - Object 'Object Repository/Final Object Repo/Landing Page/BM Detecting' has attribute 'href'

2018-11-16 12:05:39 - [TEST_STEP][PASSED] - Statement - out.println(Checker): null

2018-11-16 12:05:39 - [TEST_STEP][PASSED] - Statement - If (Checker == false): null

2018-11-16 12:05:39 - [TEST_STEP][PASSED] - Statement - Else: null

2018-11-16 12:05:39 - [TEST_STEP][PASSED] - delay: Delayed 2 second(s)

2018-11-16 12:05:41 - [MESSAGE][PASSED] - Delayed 2 second(s)

2018-11-16 12:05:41 - [TEST_STEP][PASSED] - delay: Delayed 3 second(s)

2018-11-16 12:05:44 - [MESSAGE][PASSED] - Delayed 3 second(s)

2018-11-16 12:05:44 - [TEST_STEP][PASSED] - mouseOver: Object: 'Object Repository/Final Object Repo/Landing Page/WorkFlow Menu' is hovered

2018-11-16 12:05:44 - [MESSAGE][PASSED] - Object: 'Object Repository/Final Object Repo/Landing Page/WorkFlow Menu' is hovered

2018-11-16 12:05:44 - [TEST_STEP][PASSED] - delay: Delayed 2 second(s)

2018-11-16 12:05:46 - [MESSAGE][PASSED] - Delayed 2 second(s)

2018-11-16 12:05:46 - [TEST_STEP][PASSED] - click: Object: 'Object Repository/Final Object Repo/Landing Page/Select to Workflow Listing' is clicked on

2018-11-16 12:05:47 - [MESSAGE][PASSED] - Object: 'Object Repository/Final Object Repo/Landing Page/Select to Workflow Listing' is clicked on

2018-11-16 12:05:47 - [TEST_STEP][PASSED] - delay: Delayed 2 second(s)

2018-11-16 12:05:49 - [MESSAGE][PASSED] - Delayed 2 second(s)

2018-11-16 12:05:49 - [TEST_STEP][PASSED] - click: Object: 'Object Repository/Final Object Repo/WorkFlow Listing Page/Search Information - To Put Ref No' is clicked on

2018-11-16 12:05:50 - [MESSAGE][PASSED] - Object: 'Object Repository/Final Object Repo/WorkFlow Listing Page/Search Information - To Put Ref No' is clicked on

2018-11-16 12:05:50 - [TEST_STEP][PASSED] - delay: Delayed 2 second(s)

2018-11-16 12:05:52 - [MESSAGE][PASSED] - Delayed 2 second(s)

2018-11-16 12:05:52 - [TEST_STEP][PASSED] - callTestCase: Call Test Case 'Test Cases/Final Aug 2018 - PKS Automation/Common/Reference Number Getter' successfully

2018-11-16 12:05:52 - [TEST_CASE][PASSED] - Test Cases/Final Aug 2018 - PKS Automation/Common/Reference Number Getter: Test Cases/Final Aug 2018 - PKS Automation/Common/Reference Number Getter

2018-11-16 12:05:52 - [TEST_STEP][PASSED] - Statement - Try: null

2018-11-16 12:05:52 - [TEST_STEP][PASSED] - Statement - RefNo = new java.io.File(C://KatalonReference.txt): null

2018-11-16 12:05:52 - [TEST_STEP][PASSED] - Statement - bufferread = new java.io.BufferedReader(new java.io.FileReader(RefNo)): null

2018-11-16 12:05:52 - [TEST_STEP][PASSED] - Statement - readedVal = bufferread.readLine(): null

2018-11-16 12:05:52 - [TEST_STEP][PASSED] - Statement - out.println(CaseReferenceNo): null

2018-11-16 12:05:52 - [TEST_STEP][PASSED] - Statement - out.println(readedVal): null

2018-11-16 12:05:52 - [TEST_STEP][PASSED] - Statement - CaseReferenceNo = "": null

2018-11-16 12:05:52 - [TEST_STEP][PASSED] - Statement - CaseReferenceNo = readedVal: null

2018-11-16 12:05:52 - [MESSAGE][PASSED] - Call Test Case 'Test Cases/Final Aug 2018 - PKS Automation/Common/Reference Number Getter' successfully

2018-11-16 12:05:52 - [TEST_STEP][PASSED] - setText: Text 'CUN112018C100005495' is set on object 'Object Repository/Final Object Repo/WorkFlow Listing Page/Ref No Set Text'

2018-11-16 12:05:52 - [MESSAGE][PASSED] - Text 'CUN112018C100005495' is set on object 'Object Repository/Final Object Repo/WorkFlow Listing Page/Ref No Set Text'

2018-11-16 12:05:52 - [TEST_STEP][PASSED] - delay: Delayed 2 second(s)

2018-11-16 12:05:54 - [MESSAGE][PASSED] - Delayed 2 second(s)

2018-11-16 12:05:54 - [TEST_STEP][PASSED] - click: Object: 'Object Repository/Final Object Repo/WorkFlow Listing Page/Search Ref No Search Button' is clicked on

2018-11-16 12:05:56 - [MESSAGE][PASSED] - Object: 'Object Repository/Final Object Repo/WorkFlow Listing Page/Search Ref No Search Button' is clicked on

2018-11-16 12:05:56 - [TEST_STEP][PASSED] - delay: Delayed 4 second(s)

2018-11-16 12:06:00 - [MESSAGE][PASSED] - Delayed 4 second(s)

2018-11-16 12:06:00 - [TEST_STEP][PASSED] - click: Object: 'Object Repository/Final Object Repo/WorkFlow Listing Page/Click Continue Tooltip' is clicked on

2018-11-16 12:06:03 - [MESSAGE][PASSED] - Object: 'Object Repository/Final Object Repo/WorkFlow Listing Page/Click Continue Tooltip' is clicked on

2018-11-16 12:06:03 - [TEST_STEP][PASSED] - delay: Delayed 5 second(s)

2018-11-16 12:06:08 - [MESSAGE][PASSED] - Delayed 5 second(s)

2018-11-16 12:06:08 - [TEST_STEP][PASSED] - doubleClick: Object: 'Object Repository/Final Object Repo/WorkFlow Listing Page/Workflow Found - Listing 1' is double clicked on

2018-11-16 12:06:08 - [MESSAGE][PASSED] - Object: 'Object Repository/Final Object Repo/WorkFlow Listing Page/Workflow Found - Listing 1' is double clicked on

2018-11-16 12:06:08 - [TEST_STEP][PASSED] - Statement - println(OwnerID): null

2018-11-16 12:06:08 - [TEST_STEP][PASSED] - Statement - OwnerID = com.kms.katalon.core.webui.keyword.WebUiBuiltInKeywords.getText(com.kms.katalon.core.testobject.ObjectRepository.findTestObject(Final Object Repo/WorkFlow Listing Page/Workflow Found - Listing 1), STOP_ON_FAILURE): Text of object 'Object Repository/Final Object Repo/WorkFlow Listing Page/Workflow Found - Listing 1' is: 'JOHORuo1'

2018-11-16 12:06:08 - [MESSAGE][PASSED] - Text of object 'Object Repository/Final Object Repo/WorkFlow Listing Page/Workflow Found - Listing 1' is: 'JOHORuo1'

2018-11-16 12:06:08 - [TEST_STEP][PASSED] - Statement - OwnerID = OwnerID.toLowerCase() + "@gmail.com": null

2018-11-16 12:06:08 - [TEST_STEP][PASSED] - Statement - println(OwnerID): null

2018-11-16 12:06:08 - [TEST_STEP][PASSED] - delay: Delayed 2 second(s)

2018-11-16 12:06:10 - [MESSAGE][PASSED] - Delayed 2 second(s)

2018-11-16 12:06:10 - [MESSAGE][PASSED] - Call Test Case 'Test Cases/Final Aug 2018 - PKS Automation/Common/Workflow Owner Finder' successfully

2018-11-16 12:06:10 - [TEST_STEP][PASSED] - delay: Delayed 2 second(s)

2018-11-16 12:06:12 - [MESSAGE][PASSED] - Delayed 2 second(s)

2018-11-16 12:06:12 - [TEST_STEP][PASSED] - navigateToUrl: Navigate to 'https://assist2-uat.perkeso.gov.my/c/portal/logout' successfully

2018-11-16 12:06:13 - [MESSAGE][PASSED] - Navigate to 'https://assist2-uat.perkeso.gov.my/c/portal/logout' successfully

2018-11-16 12:06:13 - [TEST_STEP][PASSED] - delay: Delayed 2 second(s)

2018-11-16 12:06:15 - [MESSAGE][PASSED] - Delayed 2 second(s)

2018-11-16 12:06:15 - [TEST_STEP][PASSED] - callTestCase: Call Test Case 'Test Cases/Final Aug 2018 - PKS Automation/Registration Module/Workflow/Login and Search Case For Workflow' successfully

2018-11-16 12:06:15 - [TEST_CASE][PASSED] - Test Cases/Final Aug 2018 - PKS Automation/Registration Module/Workflow/Login and Search Case For Workflow: Test Cases/Final Aug 2018 - PKS Automation/Registration Module/Workflow/Login and Search Case For Workflow

2018-11-16 12:06:15 - [TEST_STEP][PASSED] - navigateToUrl: Navigate to 'https://assist2-uat.perkeso.gov.my/login' successfully

2018-11-16 12:06:16 - [MESSAGE][PASSED] - Navigate to 'https://assist2-uat.perkeso.gov.my/login' successfully

2018-11-16 12:06:16 - [TEST_STEP][PASSED] - setText: Text 'johoruo1@gmail.com' is set on object 'Object Repository/Final Object Repo/Login Page/Internal User/Email Address'

2018-11-16 12:06:17 - [MESSAGE][PASSED] - Text 'johoruo1@gmail.com' is set on object 'Object Repository/Final Object Repo/Login Page/Internal User/Email Address'

2018-11-16 12:06:17 - [TEST_STEP][PASSED] - click: Object: 'Object Repository/Final Object Repo/Login Page/Internal User/Next Button' is clicked on

2018-11-16 12:06:17 - [MESSAGE][PASSED] - Object: 'Object Repository/Final Object Repo/Login Page/Internal User/Next Button' is clicked on

2018-11-16 12:06:17 - [TEST_STEP][PASSED] - delay: Delayed 1 second(s)

2018-11-16 12:06:18 - [MESSAGE][PASSED] - Delayed 1 second(s)

2018-11-16 12:06:18 - [TEST_STEP][PASSED] - setEncryptedText: Text ****** has been set on object 'Object Repository/Final Object Repo/Login Page/Internal User/Password'

2018-11-16 12:06:18 - [MESSAGE][PASSED] - Text ****** has been set on object 'Object Repository/Final Object Repo/Login Page/Internal User/Password'

2018-11-16 12:06:18 - [TEST_STEP][PASSED] - click: Object: 'Object Repository/Final Object Repo/Login Page/Internal User/Login Button' is clicked on

2018-11-16 12:06:21 - [MESSAGE][PASSED] - Object: 'Object Repository/Final Object Repo/Login Page/Internal User/Login Button' is clicked on

2018-11-16 12:06:21 - [TEST_STEP][PASSED] - delay: Delayed 2 second(s)

2018-11-16 12:06:23 - [MESSAGE][PASSED] - Delayed 2 second(s)

2018-11-16 12:06:23 - [TEST_STEP][PASSED] - Statement - Try: Delayed 2 second(s)

2018-11-16 12:06:23 - [TEST_STEP][PASSED] - Statement - Checker = false: null

2018-11-16 12:06:23 - [TEST_STEP][PASSED] - Statement - Checker = com.kms.katalon.core.webui.keyword.WebUiBuiltInKeywords.verifyElementHasAttribute(com.kms.katalon.core.testobject.ObjectRepository.findTestObject(Final Object Repo/Landing Page/BM Detecting), "href", 20, OPTIONAL): Object 'Object Repository/Final Object Repo/Landing Page/BM Detecting' has attribute 'href'

2018-11-16 12:06:23 - [MESSAGE][PASSED] - Object 'Object Repository/Final Object Repo/Landing Page/BM Detecting' has attribute 'href'

2018-11-16 12:06:23 - [TEST_STEP][PASSED] - Statement - out.println(Checker): null

2018-11-16 12:06:23 - [TEST_STEP][PASSED] - Statement - If (Checker == false): null

2018-11-16 12:06:23 - [TEST_STEP][PASSED] - Statement - Else: null

2018-11-16 12:06:23 - [TEST_STEP][PASSED] - delay: Delayed 2 second(s)

2018-11-16 12:06:25 - [MESSAGE][PASSED] - Delayed 2 second(s)

2018-11-16 12:06:25 - [TEST_STEP][PASSED] - click: Object: 'Object Repository/Final Object Repo/Page_MyASSIST - ASSIST - Search Pending Case For Add Supporting Document/Search Information' is clicked on

2018-11-16 12:06:25 - [MESSAGE][PASSED] - Object: 'Object Repository/Final Object Repo/Page_MyASSIST - ASSIST - Search Pending Case For Add Supporting Document/Search Information' is clicked on

2018-11-16 12:06:25 - [TEST_STEP][PASSED] - delay: Delayed 3 second(s)

2018-11-16 12:06:28 - [MESSAGE][PASSED] - Delayed 3 second(s)

2018-11-16 12:06:28 - [TEST_STEP][PASSED] - sendKeys: Keys 'CUN112018C100005495' sent to object: 'Object Repository/Final Object Repo/Page_MyASSIST - ASSIST - Search Pending Case For Add Supporting Document/Reference No'

2018-11-16 12:06:28 - [MESSAGE][PASSED] - Keys 'CUN112018C100005495' sent to object: 'Object Repository/Final Object Repo/Page_MyASSIST - ASSIST - Search Pending Case For Add Supporting Document/Reference No'

2018-11-16 12:06:28 - [TEST_STEP][PASSED] - click: Object: 'Object Repository/Final Object Repo/Page_MyASSIST - ASSIST - Search Pending Case For Add Supporting Document/Search Reference No' is clicked on

2018-11-16 12:06:30 - [MESSAGE][PASSED] - Object: 'Object Repository/Final Object Repo/Page_MyASSIST - ASSIST - Search Pending Case For Add Supporting Document/Search Reference No' is clicked on

2018-11-16 12:06:30 - [TEST_STEP][PASSED] - delay: Delayed 2 second(s)

2018-11-16 12:06:32 - [MESSAGE][PASSED] - Delayed 2 second(s)

2018-11-16 12:06:32 - [TEST_STEP][PASSED] - click: Object: 'Object Repository/Final Object Repo/Page_MyASSIST - ASSIST - Search Pending Case For Add Supporting Document/Continue' is clicked on

2018-11-16 12:06:38 - [MESSAGE][PASSED] - Object: 'Object Repository/Final Object Repo/Page_MyASSIST - ASSIST - Search Pending Case For Add Supporting Document/Continue' is clicked on

2018-11-16 12:06:38 - [TEST_STEP][PASSED] - delay: Delayed 20 second(s)

2018-11-16 12:06:58 - [MESSAGE][PASSED] - Delayed 20 second(s)

2018-11-16 12:06:58 - [MESSAGE][PASSED] - Call Test Case 'Test Cases/Final Aug 2018 - PKS Automation/Registration Module/Workflow/Login and Search Case For Workflow' successfully

2018-11-16 12:06:58 - [TEST_STEP][PASSED] - delay: Delayed 2 second(s)

2018-11-16 12:07:00 - [MESSAGE][PASSED] - Delayed 2 second(s)

2018-11-16 12:07:00 - [TEST_STEP][PASSED] - click: Object: 'Object Repository/Final Object Repo/Page_Update Employee Information By Employer/Page_Update Employee Information by Employer (Approve)/Continue' is clicked on

2018-11-16 12:07:04 - [MESSAGE][PASSED] - Object: 'Object Repository/Final Object Repo/Page_Update Employee Information By Employer/Page_Update Employee Information by Employer (Approve)/Continue' is clicked on

2018-11-16 12:07:04 - [TEST_STEP][PASSED] - delay: Delayed 2 second(s)

2018-11-16 12:07:06 - [MESSAGE][PASSED] - Delayed 2 second(s)

2018-11-16 12:07:06 - [TEST_STEP][PASSED] - click: Object: 'Object Repository/Final Object Repo/Page_Update Employee Information By Employer/Page_Update Employee Information by Employer (Approve)/Save  Continue in Update Employee Information Page' is clicked on

2018-11-16 12:07:10 - [MESSAGE][PASSED] - Object: 'Object Repository/Final Object Repo/Page_Update Employee Information By Employer/Page_Update Employee Information by Employer (Approve)/Save  Continue in Update Employee Information Page' is clicked on

2018-11-16 12:07:10 - [TEST_STEP][PASSED] - delay: Delayed 4 second(s)

2018-11-16 12:07:14 - [MESSAGE][PASSED] - Delayed 4 second(s)

2018-11-16 12:07:14 - [TEST_STEP][PASSED] - click: Object: 'Object Repository/Final Object Repo/Page_Update Employee Information By Employer/Page_Update Employee Information by Employer (Approve)/Save  Continue in Upload Supporting Doucument Page' is clicked on

2018-11-16 12:07:20 - [MESSAGE][PASSED] - Object: 'Object Repository/Final Object Repo/Page_Update Employee Information By Employer/Page_Update Employee Information by Employer (Approve)/Save  Continue in Upload Supporting Doucument Page' is clicked on

2018-11-16 12:07:20 - [TEST_STEP][PASSED] - delay: Delayed 2 second(s)

2018-11-16 12:07:22 - [MESSAGE][PASSED] - Delayed 2 second(s)

2018-11-16 12:07:22 - [TEST_STEP][PASSED] - click: Object: 'Object Repository/Final Object Repo/Page_Update Employee Information By Employer/Page_Update Employee Information by Employer (Approve)/Approve' is clicked on

2018-11-16 12:07:22 - [MESSAGE][PASSED] - Object: 'Object Repository/Final Object Repo/Page_Update Employee Information By Employer/Page_Update Employee Information by Employer (Approve)/Approve' is clicked on

2018-11-16 12:07:22 - [TEST_STEP][PASSED] - delay: Delayed 2 second(s)

2018-11-16 12:07:24 - [MESSAGE][PASSED] - Delayed 2 second(s)

2018-11-16 12:07:24 - [TEST_STEP][PASSED] - click: Object: 'Object Repository/Final Object Repo/Page_Update Employee Information By Employer/Page_Update Employee Information by Employer (Approve)/Confirm' is clicked on

2018-11-16 12:07:29 - [MESSAGE][PASSED] - Object: 'Object Repository/Final Object Repo/Page_Update Employee Information By Employer/Page_Update Employee Information by Employer (Approve)/Confirm' is clicked on

2018-11-16 12:07:29 - [TEST_STEP][PASSED] - delay: Delayed 2 second(s)

2018-11-16 12:07:31 - [MESSAGE][PASSED] - Delayed 2 second(s)

2018-11-16 12:07:31 - [TEST_STEP][PASSED] - verifyElementVisible: Object 'Object Repository/Final Object Repo/Page_Update Employee Information By Employer/Page_Update Employee Information by Employer (Approve)/Successfull Message Submitted Successfully' is visible

2018-11-16 12:07:31 - [MESSAGE][PASSED] - Object 'Object Repository/Final Object Repo/Page_Update Employee Information By Employer/Page_Update Employee Information by Employer (Approve)/Successfull Message Submitted Successfully' is visible

2018-11-16 12:07:31 - [TEST_STEP][PASSED] - delay: Delayed 2 second(s)

2018-11-16 12:07:33 - [MESSAGE][PASSED] - Delayed 2 second(s)

2018-11-16 12:07:33 - [TEST_STEP][PASSED] - verifyElementVisible: Object 'Object Repository/Final Object Repo/Page_Update Employee Information By Employer/Page_Update Employee Information by Employer (Approve)/Letter of Successful update' is visible

2018-11-16 12:07:33 - [MESSAGE][PASSED] - Object 'Object Repository/Final Object Repo/Page_Update Employee Information By Employer/Page_Update Employee Information by Employer (Approve)/Letter of Successful update' is visible

2018-11-16 12:07:33 - [MESSAGE][PASSED] - Call Test Case 'Test Cases/Final Aug 2018 - PKS Automation/Registration Module/Workflow/Update Employee Information (Employer)/Template/Update Employee Information - Special Case - UO (Approve)' successfully]]></system-out>
         <system-err><![CDATA[]]></system-err>
      </testcase>
      <testcase name="Test Cases/Final Aug 2018 - PKS Automation/Registration Module/Workflow/Update Employee Information (Employer)/PKRBO - UO (Query)" classname="Test Cases/Final Aug 2018 - PKS Automation/Registration Module/Workflow/Update Employee Information (Employer)/PKRBO - UO (Query)" status="ERROR">
         <error type="ERROR" message="Test Cases/Final Aug 2018 - PKS Automation/Registration Module/Workflow/Update Employee Information (Employer)/PKRBO - UO (Query) FAILED because (of) (Stack trace: java.lang.IllegalArgumentException: Cannot find test case with id 'Test Cases/Final Aug 2018 - PKS Automation/Registration/Search Pending Case For Add Supporting Document (OTC)'
	at com.kms.katalon.core.testcase.TestCaseFactory.findTestCase(TestCaseFactory.java:72)
	at com.kms.katalon.core.testcase.TestCaseFactory$findTestCase.callStatic(Unknown Source)
	at Script1537848281437.run(Script1537848281437.groovy:83)
	at com.kms.katalon.core.main.ScriptEngine.run(ScriptEngine.java:183)
	at com.kms.katalon.core.main.ScriptEngine.runScriptAsRawText(ScriptEngine.java:108)
	at com.kms.katalon.core.main.TestCaseExecutor.runScript(TestCaseExecutor.java:294)
	at com.kms.katalon.core.main.TestCaseExecutor.doExecute(TestCaseExecutor.java:285)
	at com.kms.katalon.core.main.TestCaseExecutor.processExecutionPhase(TestCaseExecutor.java:264)
	at com.kms.katalon.core.main.TestCaseExecutor.accessMainPhase(TestCaseExecutor.java:256)
	at com.kms.katalon.core.main.TestCaseExecutor.execute(TestCaseExecutor.java:200)
	at com.kms.katalon.core.main.TestCaseMain.runTestCase(TestCaseMain.java:99)
	at com.kms.katalon.core.keyword.builtin.CallTestCaseKeyword$_callTestCase_closure1.doCall(CallTestCaseKeyword.groovy:60)
	at com.kms.katalon.core.keyword.builtin.CallTestCaseKeyword$_callTestCase_closure1.call(CallTestCaseKeyword.groovy)
	at com.kms.katalon.core.keyword.internal.KeywordMain.runKeyword(KeywordMain.groovy:54)
	at com.kms.katalon.core.keyword.builtin.CallTestCaseKeyword.callTestCase(CallTestCaseKeyword.groovy:81)
	at com.kms.katalon.core.keyword.builtin.CallTestCaseKeyword.execute(CallTestCaseKeyword.groovy:45)
	at com.kms.katalon.core.keyword.internal.KeywordExecutor.executeKeywordForPlatform(KeywordExecutor.groovy:53)
	at com.kms.katalon.core.keyword.BuiltinKeywords.callTestCase(BuiltinKeywords.groovy:334)
	at sun.reflect.GeneratedMethodAccessor13.invoke(Unknown Source)
	at sun.reflect.DelegatingMethodAccessorImpl.invoke(DelegatingMethodAccessorImpl.java:43)
	at java.lang.reflect.Method.invoke(Method.java:498)
	at org.codehaus.groovy.reflection.CachedMethod.invoke(CachedMethod.java:93)
	at groovy.lang.MetaMethod.doMethodInvoke(MetaMethod.java:325)
	at groovy.lang.MetaClassImpl.invokeStaticMethod(MetaClassImpl.java:1469)
	at org.codehaus.groovy.runtime.callsite.StaticMetaClassSite.call(StaticMetaClassSite.java:53)
	at org.codehaus.groovy.runtime.callsite.CallSiteArray.defaultCall(CallSiteArray.java:48)
	at org.codehaus.groovy.runtime.callsite.AbstractCallSite.call(AbstractCallSite.java:113)
	at org.codehaus.groovy.runtime.callsite.AbstractCallSite.call(AbstractCallSite.java:141)
	at Script1536724596878.run(Script1536724596878.groovy:25)
	at com.kms.katalon.core.main.ScriptEngine.run(ScriptEngine.java:183)
	at com.kms.katalon.core.main.ScriptEngine.runScriptAsRawText(ScriptEngine.java:108)
	at com.kms.katalon.core.main.TestCaseExecutor.runScript(TestCaseExecutor.java:294)
	at com.kms.katalon.core.main.TestCaseExecutor.doExecute(TestCaseExecutor.java:285)
	at com.kms.katalon.core.main.TestCaseExecutor.processExecutionPhase(TestCaseExecutor.java:264)
	at com.kms.katalon.core.main.TestCaseExecutor.accessMainPhase(TestCaseExecutor.java:256)
	at com.kms.katalon.core.main.TestCaseExecutor.execute(TestCaseExecutor.java:200)
	at com.kms.katalon.core.main.TestSuiteExecutor.accessTestCaseMainPhase(TestSuiteExecutor.java:129)
	at com.kms.katalon.core.main.TestSuiteExecutor.accessTestSuiteMainPhase(TestSuiteExecutor.java:112)
	at com.kms.katalon.core.main.TestSuiteExecutor.execute(TestSuiteExecutor.java:81)
	at com.kms.katalon.core.main.TestCaseMain.startTestSuite(TestCaseMain.java:142)
	at com.kms.katalon.core.main.TestCaseMain$startTestSuite$0.call(Unknown Source)
	at org.codehaus.groovy.runtime.callsite.CallSiteArray.defaultCall(CallSiteArray.java:48)
	at org.codehaus.groovy.runtime.callsite.AbstractCallSite.call(AbstractCallSite.java:113)
	at org.codehaus.groovy.runtime.callsite.AbstractCallSite.call(AbstractCallSite.java:141)
	at TempTestSuite1542336603806.run(TempTestSuite1542336603806.groovy:36)
	at groovy.lang.GroovyShell.runScriptOrMainOrTestOrRunnable(GroovyShell.java:263)
	at groovy.lang.GroovyShell.run(GroovyShell.java:518)
	at groovy.lang.GroovyShell.run(GroovyShell.java:507)
	at groovy.ui.GroovyMain.processOnce(GroovyMain.java:653)
	at groovy.ui.GroovyMain.run(GroovyMain.java:384)
	at groovy.ui.GroovyMain.process(GroovyMain.java:370)
	at groovy.ui.GroovyMain.processArgs(GroovyMain.java:129)
	at groovy.ui.GroovyMain.main(GroovyMain.java:109)
	at sun.reflect.NativeMethodAccessorImpl.invoke0(Native Method)
	at sun.reflect.NativeMethodAccessorImpl.invoke(NativeMethodAccessorImpl.java:62)
	at sun.reflect.DelegatingMethodAccessorImpl.invoke(DelegatingMethodAccessorImpl.java:43)
	at java.lang.reflect.Method.invoke(Method.java:498)
	at org.codehaus.groovy.tools.GroovyStarter.rootLoader(GroovyStarter.java:109)
	at org.codehaus.groovy.tools.GroovyStarter.main(GroovyStarter.java:131)
)"/>
         <system-out><![CDATA[2018-11-16 12:07:33 - [TEST_CASE][ERROR] - Test Cases/Final Aug 2018 - PKS Automation/Registration Module/Workflow/Update Employee Information (Employer)/PKRBO - UO (Query): Test Cases/Final Aug 2018 - PKS Automation/Registration Module/Workflow/Update Employee Information (Employer)/PKRBO - UO (Query) FAILED because (of) (Stack trace: java.lang.IllegalArgumentException: Cannot find test case with id 'Test Cases/Final Aug 2018 - PKS Automation/Registration/Search Pending Case For Add Supporting Document (OTC)'
	at com.kms.katalon.core.testcase.TestCaseFactory.findTestCase(TestCaseFactory.java:72)
	at com.kms.katalon.core.testcase.TestCaseFactory$findTestCase.callStatic(Unknown Source)
	at Script1537848281437.run(Script1537848281437.groovy:83)
	at com.kms.katalon.core.main.ScriptEngine.run(ScriptEngine.java:183)
	at com.kms.katalon.core.main.ScriptEngine.runScriptAsRawText(ScriptEngine.java:108)
	at com.kms.katalon.core.main.TestCaseExecutor.runScript(TestCaseExecutor.java:294)
	at com.kms.katalon.core.main.TestCaseExecutor.doExecute(TestCaseExecutor.java:285)
	at com.kms.katalon.core.main.TestCaseExecutor.processExecutionPhase(TestCaseExecutor.java:264)
	at com.kms.katalon.core.main.TestCaseExecutor.accessMainPhase(TestCaseExecutor.java:256)
	at com.kms.katalon.core.main.TestCaseExecutor.execute(TestCaseExecutor.java:200)
	at com.kms.katalon.core.main.TestCaseMain.runTestCase(TestCaseMain.java:99)
	at com.kms.katalon.core.keyword.builtin.CallTestCaseKeyword$_callTestCase_closure1.doCall(CallTestCaseKeyword.groovy:60)
	at com.kms.katalon.core.keyword.builtin.CallTestCaseKeyword$_callTestCase_closure1.call(CallTestCaseKeyword.groovy)
	at com.kms.katalon.core.keyword.internal.KeywordMain.runKeyword(KeywordMain.groovy:54)
	at com.kms.katalon.core.keyword.builtin.CallTestCaseKeyword.callTestCase(CallTestCaseKeyword.groovy:81)
	at com.kms.katalon.core.keyword.builtin.CallTestCaseKeyword.execute(CallTestCaseKeyword.groovy:45)
	at com.kms.katalon.core.keyword.internal.KeywordExecutor.executeKeywordForPlatform(KeywordExecutor.groovy:53)
	at com.kms.katalon.core.keyword.BuiltinKeywords.callTestCase(BuiltinKeywords.groovy:334)
	at sun.reflect.GeneratedMethodAccessor13.invoke(Unknown Source)
	at sun.reflect.DelegatingMethodAccessorImpl.invoke(DelegatingMethodAccessorImpl.java:43)
	at java.lang.reflect.Method.invoke(Method.java:498)
	at org.codehaus.groovy.reflection.CachedMethod.invoke(CachedMethod.java:93)
	at groovy.lang.MetaMethod.doMethodInvoke(MetaMethod.java:325)
	at groovy.lang.MetaClassImpl.invokeStaticMethod(MetaClassImpl.java:1469)
	at org.codehaus.groovy.runtime.callsite.StaticMetaClassSite.call(StaticMetaClassSite.java:53)
	at org.codehaus.groovy.runtime.callsite.CallSiteArray.defaultCall(CallSiteArray.java:48)
	at org.codehaus.groovy.runtime.callsite.AbstractCallSite.call(AbstractCallSite.java:113)
	at org.codehaus.groovy.runtime.callsite.AbstractCallSite.call(AbstractCallSite.java:141)
	at Script1536724596878.run(Script1536724596878.groovy:25)
	at com.kms.katalon.core.main.ScriptEngine.run(ScriptEngine.java:183)
	at com.kms.katalon.core.main.ScriptEngine.runScriptAsRawText(ScriptEngine.java:108)
	at com.kms.katalon.core.main.TestCaseExecutor.runScript(TestCaseExecutor.java:294)
	at com.kms.katalon.core.main.TestCaseExecutor.doExecute(TestCaseExecutor.java:285)
	at com.kms.katalon.core.main.TestCaseExecutor.processExecutionPhase(TestCaseExecutor.java:264)
	at com.kms.katalon.core.main.TestCaseExecutor.accessMainPhase(TestCaseExecutor.java:256)
	at com.kms.katalon.core.main.TestCaseExecutor.execute(TestCaseExecutor.java:200)
	at com.kms.katalon.core.main.TestSuiteExecutor.accessTestCaseMainPhase(TestSuiteExecutor.java:129)
	at com.kms.katalon.core.main.TestSuiteExecutor.accessTestSuiteMainPhase(TestSuiteExecutor.java:112)
	at com.kms.katalon.core.main.TestSuiteExecutor.execute(TestSuiteExecutor.java:81)
	at com.kms.katalon.core.main.TestCaseMain.startTestSuite(TestCaseMain.java:142)
	at com.kms.katalon.core.main.TestCaseMain$startTestSuite$0.call(Unknown Source)
	at org.codehaus.groovy.runtime.callsite.CallSiteArray.defaultCall(CallSiteArray.java:48)
	at org.codehaus.groovy.runtime.callsite.AbstractCallSite.call(AbstractCallSite.java:113)
	at org.codehaus.groovy.runtime.callsite.AbstractCallSite.call(AbstractCallSite.java:141)
	at TempTestSuite1542336603806.run(TempTestSuite1542336603806.groovy:36)
	at groovy.lang.GroovyShell.runScriptOrMainOrTestOrRunnable(GroovyShell.java:263)
	at groovy.lang.GroovyShell.run(GroovyShell.java:518)
	at groovy.lang.GroovyShell.run(GroovyShell.java:507)
	at groovy.ui.GroovyMain.processOnce(GroovyMain.java:653)
	at groovy.ui.GroovyMain.run(GroovyMain.java:384)
	at groovy.ui.GroovyMain.process(GroovyMain.java:370)
	at groovy.ui.GroovyMain.processArgs(GroovyMain.java:129)
	at groovy.ui.GroovyMain.main(GroovyMain.java:109)
	at sun.reflect.NativeMethodAccessorImpl.invoke0(Native Method)
	at sun.reflect.NativeMethodAccessorImpl.invoke(NativeMethodAccessorImpl.java:62)
	at sun.reflect.DelegatingMethodAccessorImpl.invoke(DelegatingMethodAccessorImpl.java:43)
	at java.lang.reflect.Method.invoke(Method.java:498)
	at org.codehaus.groovy.tools.GroovyStarter.rootLoader(GroovyStarter.java:109)
	at org.codehaus.groovy.tools.GroovyStarter.main(GroovyStarter.java:131)
)

2018-11-16 12:07:34 - [TEST_STEP][PASSED] - callTestCase: Call Test Case 'Test Cases/Final Aug 2018 - PKS Automation/Registration Module/Workflow/Update Employee Information (Employer)/Template/Update Employer Information - Special Case (PKRBO)' successfully

2018-11-16 12:07:34 - [TEST_CASE][PASSED] - Test Cases/Final Aug 2018 - PKS Automation/Registration Module/Workflow/Update Employee Information (Employer)/Template/Update Employer Information - Special Case (PKRBO): Test Cases/Final Aug 2018 - PKS Automation/Registration Module/Workflow/Update Employee Information (Employer)/Template/Update Employer Information - Special Case (PKRBO)

2018-11-16 12:07:34 - [TEST_STEP][PASSED] - openBrowser: Browser is opened with url: ''

2018-11-16 12:07:34 - [MESSAGE][WARNING] - A browser is already opened. Closing browser and opening a new one

2018-11-16 12:07:39 - [MESSAGE][PASSED] - Browser is opened with url: ''

2018-11-16 12:07:39 - [TEST_STEP][PASSED] - navigateToUrl: Navigate to 'https://assist2-uat.perkeso.gov.my/login' successfully

2018-11-16 12:07:41 - [MESSAGE][PASSED] - Navigate to 'https://assist2-uat.perkeso.gov.my/login' successfully

2018-11-16 12:07:41 - [TEST_STEP][PASSED] - setText: Text 'johorpkrbo1@gmail.com' is set on object 'Object Repository/Final Object Repo/Login Page/Internal User/Email Address'

2018-11-16 12:07:42 - [MESSAGE][PASSED] - Text 'johorpkrbo1@gmail.com' is set on object 'Object Repository/Final Object Repo/Login Page/Internal User/Email Address'

2018-11-16 12:07:42 - [TEST_STEP][PASSED] - click: Object: 'Object Repository/Final Object Repo/Login Page/Internal User/Next Button' is clicked on

2018-11-16 12:07:42 - [MESSAGE][PASSED] - Object: 'Object Repository/Final Object Repo/Login Page/Internal User/Next Button' is clicked on

2018-11-16 12:07:42 - [TEST_STEP][PASSED] - delay: Delayed 1 second(s)

2018-11-16 12:07:43 - [MESSAGE][PASSED] - Delayed 1 second(s)

2018-11-16 12:07:43 - [TEST_STEP][PASSED] - setEncryptedText: Text ****** has been set on object 'Object Repository/Final Object Repo/Login Page/Internal User/Password'

2018-11-16 12:07:43 - [MESSAGE][PASSED] - Text ****** has been set on object 'Object Repository/Final Object Repo/Login Page/Internal User/Password'

2018-11-16 12:07:43 - [TEST_STEP][PASSED] - click: Object: 'Object Repository/Final Object Repo/Login Page/Internal User/Login Button' is clicked on

2018-11-16 12:07:47 - [MESSAGE][PASSED] - Object: 'Object Repository/Final Object Repo/Login Page/Internal User/Login Button' is clicked on

2018-11-16 12:07:47 - [TEST_STEP][PASSED] - Statement - Try: Delayed 2 second(s)

2018-11-16 12:07:47 - [TEST_STEP][PASSED] - Statement - Checker = false: null

2018-11-16 12:07:47 - [TEST_STEP][PASSED] - Statement - Checker = com.kms.katalon.core.webui.keyword.WebUiBuiltInKeywords.verifyElementHasAttribute(com.kms.katalon.core.testobject.ObjectRepository.findTestObject(Final Object Repo/Landing Page/BM Detecting), "href", 20, OPTIONAL): Object 'Object Repository/Final Object Repo/Landing Page/BM Detecting' has attribute 'href'

2018-11-16 12:07:47 - [MESSAGE][PASSED] - Object 'Object Repository/Final Object Repo/Landing Page/BM Detecting' has attribute 'href'

2018-11-16 12:07:47 - [TEST_STEP][PASSED] - Statement - out.println(Checker): null

2018-11-16 12:07:47 - [TEST_STEP][PASSED] - Statement - If (Checker == false): null

2018-11-16 12:07:47 - [TEST_STEP][PASSED] - Statement - Else: null

2018-11-16 12:07:47 - [TEST_STEP][PASSED] - delay: Delayed 2 second(s)

2018-11-16 12:07:49 - [MESSAGE][PASSED] - Delayed 2 second(s)

2018-11-16 12:07:49 - [TEST_STEP][PASSED] - delay: Delayed 1 second(s)

2018-11-16 12:07:50 - [MESSAGE][PASSED] - Delayed 1 second(s)

2018-11-16 12:07:50 - [TEST_STEP][PASSED] - navigateToUrl: Navigate to 'https://assist2-uat.perkeso.gov.my/web/registration/update/update-employee-information-employer-' successfully

2018-11-16 12:07:52 - [MESSAGE][PASSED] - Navigate to 'https://assist2-uat.perkeso.gov.my/web/registration/update/update-employee-information-employer-' successfully

2018-11-16 12:07:52 - [TEST_STEP][PASSED] - setText: Text 'E1102001065V' is set on object 'Object Repository/Final Object Repo/Page_Update Employee Information By Employer/Employer Code'

2018-11-16 12:07:52 - [MESSAGE][PASSED] - Text 'E1102001065V' is set on object 'Object Repository/Final Object Repo/Page_Update Employee Information By Employer/Employer Code'

2018-11-16 12:07:52 - [TEST_STEP][PASSED] - click: Object: 'Object Repository/Final Object Repo/Page_Update Employee Information By Employer/Search Employer Code' is clicked on

2018-11-16 12:07:54 - [MESSAGE][PASSED] - Object: 'Object Repository/Final Object Repo/Page_Update Employee Information By Employer/Search Employer Code' is clicked on

2018-11-16 12:07:54 - [TEST_STEP][PASSED] - click: Object: 'Object Repository/Final Object Repo/Page_Update Employee Information By Employer/Edit Button' is clicked on

2018-11-16 12:07:58 - [MESSAGE][PASSED] - Object: 'Object Repository/Final Object Repo/Page_Update Employee Information By Employer/Edit Button' is clicked on

2018-11-16 12:07:58 - [TEST_STEP][PASSED] - click: Object: 'Object Repository/Final Object Repo/Page_Update Employee Information By Employer/Employee Name or New Identification' is clicked on

2018-11-16 12:07:58 - [MESSAGE][PASSED] - Object: 'Object Repository/Final Object Repo/Page_Update Employee Information By Employer/Employee Name or New Identification' is clicked on

2018-11-16 12:07:58 - [TEST_STEP][PASSED] - delay: Delayed 1 second(s)

2018-11-16 12:07:59 - [MESSAGE][PASSED] - Delayed 1 second(s)

2018-11-16 12:07:59 - [TEST_STEP][PASSED] - click: Object: 'Object Repository/Final Object Repo/Page_Update Employee Information By Employer/Selection - Employee Name' is clicked on

2018-11-16 12:08:00 - [MESSAGE][PASSED] - Object: 'Object Repository/Final Object Repo/Page_Update Employee Information By Employer/Selection - Employee Name' is clicked on

2018-11-16 12:08:00 - [TEST_STEP][PASSED] - delay: Delayed 1 second(s)

2018-11-16 12:08:01 - [MESSAGE][PASSED] - Delayed 1 second(s)

2018-11-16 12:08:01 - [TEST_STEP][PASSED] - setText: Text 'PERKESO' is set on object 'Object Repository/Final Object Repo/Page_Update Employee Information By Employer/Employee Name'

2018-11-16 12:08:01 - [MESSAGE][PASSED] - Text 'PERKESO' is set on object 'Object Repository/Final Object Repo/Page_Update Employee Information By Employer/Employee Name'

2018-11-16 12:08:01 - [TEST_STEP][PASSED] - delay: Delayed 2 second(s)

2018-11-16 12:08:03 - [MESSAGE][PASSED] - Delayed 2 second(s)

2018-11-16 12:08:03 - [TEST_STEP][PASSED] - click: Object: 'Object Repository/Final Object Repo/Page_Update Employee Information By Employer/Search Employee' is clicked on

2018-11-16 12:08:03 - [MESSAGE][PASSED] - Object: 'Object Repository/Final Object Repo/Page_Update Employee Information By Employer/Search Employee' is clicked on

2018-11-16 12:08:03 - [TEST_STEP][PASSED] - delay: Delayed 3 second(s)

2018-11-16 12:08:06 - [MESSAGE][PASSED] - Delayed 3 second(s)

2018-11-16 12:08:06 - [TEST_STEP][PASSED] - click: Object: 'Object Repository/Final Object Repo/Page_Update Employee Information By Employer/Employee Edit Button' is clicked on

2018-11-16 12:08:07 - [MESSAGE][PASSED] - Object: 'Object Repository/Final Object Repo/Page_Update Employee Information By Employer/Employee Edit Button' is clicked on

2018-11-16 12:08:07 - [TEST_STEP][PASSED] - delay: Delayed 3 second(s)

2018-11-16 12:08:10 - [MESSAGE][PASSED] - Delayed 3 second(s)

2018-11-16 12:08:10 - [TEST_STEP][PASSED] - setText: Text '' is set on object 'Object Repository/Final Object Repo/Page_Update Employee Information By Employer/Identification Number'

2018-11-16 12:08:10 - [MESSAGE][PASSED] - Text '' is set on object 'Object Repository/Final Object Repo/Page_Update Employee Information By Employer/Identification Number'

2018-11-16 12:08:10 - [TEST_STEP][PASSED] - Statement - rnd = new java.util.Random(): null

2018-11-16 12:08:10 - [TEST_STEP][PASSED] - Statement - snum = rnd.nextInt(899999 + 1) + 100000: null

2018-11-16 12:08:10 - [TEST_STEP][PASSED] - Statement - tnum = rnd.nextInt(899999 + 1) + 100000: null

2018-11-16 12:08:10 - [TEST_STEP][PASSED] - Statement - IC = java.lang.Integer.toString(snum) + java.lang.Integer.toString(tnum): null

2018-11-16 12:08:10 - [TEST_STEP][PASSED] - Statement - out.println(IC): null

2018-11-16 12:08:10 - [TEST_STEP][PASSED] - setText: Text '462879760499' is set on object 'Object Repository/Final Object Repo/Page_Update Employee Information By Employer/Identification Number'

2018-11-16 12:08:10 - [MESSAGE][PASSED] - Text '462879760499' is set on object 'Object Repository/Final Object Repo/Page_Update Employee Information By Employer/Identification Number'

2018-11-16 12:08:10 - [TEST_STEP][PASSED] - click: Object: 'Object Repository/Final Object Repo/Page_Update Employee Information By Employer/Save' is clicked on

2018-11-16 12:08:15 - [MESSAGE][PASSED] - Object: 'Object Repository/Final Object Repo/Page_Update Employee Information By Employer/Save' is clicked on

2018-11-16 12:08:15 - [TEST_STEP][PASSED] - delay: Delayed 5 second(s)

2018-11-16 12:08:20 - [MESSAGE][PASSED] - Delayed 5 second(s)

2018-11-16 12:08:20 - [TEST_STEP][PASSED] - Statement - CaseReferenceNo = com.kms.katalon.core.webui.keyword.WebUiBuiltInKeywords.getText(com.kms.katalon.core.testobject.ObjectRepository.findTestObject(Final Object Repo/Reference Number/Reference Number in Update Employee Information Page)): Text of object 'Object Repository/Final Object Repo/Reference Number/Reference Number in Update Employee Information Page' is: 'CUN112018C100005496'

2018-11-16 12:08:20 - [MESSAGE][PASSED] - Text of object 'Object Repository/Final Object Repo/Reference Number/Reference Number in Update Employee Information Page' is: 'CUN112018C100005496'

2018-11-16 12:08:20 - [TEST_STEP][PASSED] - callTestCase: Call Test Case 'Test Cases/Final Aug 2018 - PKS Automation/Common/Reference Number Setter' successfully

2018-11-16 12:08:20 - [TEST_CASE][PASSED] - Test Cases/Final Aug 2018 - PKS Automation/Common/Reference Number Setter: Test Cases/Final Aug 2018 - PKS Automation/Common/Reference Number Setter

2018-11-16 12:08:20 - [TEST_STEP][PASSED] - Statement - RefNoOldFile = new java.io.File(C://KatalonReference.txt): null

2018-11-16 12:08:20 - [TEST_STEP][PASSED] - Statement - RefNoOldFile.delete(): null

2018-11-16 12:08:20 - [TEST_STEP][PASSED] - delay: Delayed 5 second(s)

2018-11-16 12:08:25 - [MESSAGE][PASSED] - Delayed 5 second(s)

2018-11-16 12:08:25 - [TEST_STEP][PASSED] - Statement - RefNo = new java.io.File(C://KatalonReference.txt): null

2018-11-16 12:08:25 - [TEST_STEP][PASSED] - Statement - f2 = new java.io.FileWriter(RefNo, false): null

2018-11-16 12:08:25 - [TEST_STEP][PASSED] - Statement - f2.write(CaseReferenceNo): null

2018-11-16 12:08:25 - [TEST_STEP][PASSED] - Statement - f2.close(): null

2018-11-16 12:08:25 - [TEST_STEP][PASSED] - Statement - out.println("


" + CaseReferenceNo + "


"): null

2018-11-16 12:08:25 - [MESSAGE][PASSED] - Call Test Case 'Test Cases/Final Aug 2018 - PKS Automation/Common/Reference Number Setter' successfully

2018-11-16 12:08:25 - [TEST_STEP][PASSED] - delay: Delayed 5 second(s)

2018-11-16 12:08:30 - [MESSAGE][PASSED] - Delayed 5 second(s)

2018-11-16 12:08:30 - [TEST_STEP][PASSED] - click: Object: 'Object Repository/Final Object Repo/Page_Update Employee Information By Employer/Save  Continue in  Employee Information Page' is clicked on

2018-11-16 12:08:30 - [MESSAGE][PASSED] - Object: 'Object Repository/Final Object Repo/Page_Update Employee Information By Employer/Save  Continue in  Employee Information Page' is clicked on

2018-11-16 12:08:30 - [TEST_STEP][PASSED] - delay: Delayed 5 second(s)

2018-11-16 12:08:35 - [MESSAGE][PASSED] - Delayed 5 second(s)

2018-11-16 12:08:35 - [TEST_STEP][PASSED] - click: Object: 'Object Repository/Final Object Repo/Page_Update Employee Information By Employer/Save  Continue in Uploading Page 1' is clicked on

2018-11-16 12:08:40 - [MESSAGE][PASSED] - Object: 'Object Repository/Final Object Repo/Page_Update Employee Information By Employer/Save  Continue in Uploading Page 1' is clicked on

2018-11-16 12:08:40 - [TEST_STEP][PASSED] - delay: Delayed 5 second(s)

2018-11-16 12:08:45 - [MESSAGE][PASSED] - Delayed 5 second(s)

2018-11-16 12:08:45 - [TEST_STEP][PASSED] - click: Object: 'Object Repository/Final Object Repo/Page_Update Employee Information By Employer/Submit' is clicked on

2018-11-16 12:08:45 - [MESSAGE][PASSED] - Object: 'Object Repository/Final Object Repo/Page_Update Employee Information By Employer/Submit' is clicked on

2018-11-16 12:08:45 - [TEST_STEP][PASSED] - delay: Delayed 5 second(s)

2018-11-16 12:08:50 - [MESSAGE][PASSED] - Delayed 5 second(s)

2018-11-16 12:08:50 - [TEST_STEP][PASSED] - click: Object: 'Object Repository/Final Object Repo/Page_Update Employee Information By Employer/Confirm' is clicked on

2018-11-16 12:08:55 - [MESSAGE][PASSED] - Object: 'Object Repository/Final Object Repo/Page_Update Employee Information By Employer/Confirm' is clicked on

2018-11-16 12:08:55 - [TEST_STEP][PASSED] - delay: Delayed 5 second(s)

2018-11-16 12:09:00 - [MESSAGE][PASSED] - Delayed 5 second(s)

2018-11-16 12:09:00 - [TEST_STEP][PASSED] - verifyElementVisible: Object 'Object Repository/Final Object Repo/Page_Update Employee Information By Employer/Successfull Message Routed to UO' is visible

2018-11-16 12:09:00 - [MESSAGE][PASSED] - Object 'Object Repository/Final Object Repo/Page_Update Employee Information By Employer/Successfull Message Routed to UO' is visible

2018-11-16 12:09:00 - [MESSAGE][PASSED] - Call Test Case 'Test Cases/Final Aug 2018 - PKS Automation/Registration Module/Workflow/Update Employee Information (Employer)/Template/Update Employer Information - Special Case (PKRBO)' successfully

2018-11-16 12:09:00 - [TEST_STEP][FAILED] - callTestCase: Unable to call Test Case with id 'Test Cases/Final Aug 2018 - PKS Automation/Registration Module/Workflow/Update Employee Information (Employer)/Template/Update Employee Information - Special Case - UO(Query)' (Root cause: Call Test Case 'Test Cases/Final Aug 2018 - PKS Automation/Registration Module/Workflow/Update Employee Information (Employer)/Template/Update Employee Information - Special Case - UO(Query)' failed because of error(s))

2018-11-16 12:09:00 - [TEST_CASE][ERROR] - Test Cases/Final Aug 2018 - PKS Automation/Registration Module/Workflow/Update Employee Information (Employer)/Template/Update Employee Information - Special Case - UO(Query): Test Cases/Final Aug 2018 - PKS Automation/Registration Module/Workflow/Update Employee Information (Employer)/Template/Update Employee Information - Special Case - UO(Query) FAILED because (of) (Stack trace: java.lang.IllegalArgumentException: Cannot find test case with id 'Test Cases/Final Aug 2018 - PKS Automation/Registration/Search Pending Case For Add Supporting Document (OTC)'
	at com.kms.katalon.core.testcase.TestCaseFactory.findTestCase(TestCaseFactory.java:72)
	at com.kms.katalon.core.testcase.TestCaseFactory$findTestCase.callStatic(Unknown Source)
	at Script1537848281437.run(Script1537848281437.groovy:83)
	at com.kms.katalon.core.main.ScriptEngine.run(ScriptEngine.java:183)
	at com.kms.katalon.core.main.ScriptEngine.runScriptAsRawText(ScriptEngine.java:108)
	at com.kms.katalon.core.main.TestCaseExecutor.runScript(TestCaseExecutor.java:294)
	at com.kms.katalon.core.main.TestCaseExecutor.doExecute(TestCaseExecutor.java:285)
	at com.kms.katalon.core.main.TestCaseExecutor.processExecutionPhase(TestCaseExecutor.java:264)
	at com.kms.katalon.core.main.TestCaseExecutor.accessMainPhase(TestCaseExecutor.java:256)
	at com.kms.katalon.core.main.TestCaseExecutor.execute(TestCaseExecutor.java:200)
	at com.kms.katalon.core.main.TestCaseMain.runTestCase(TestCaseMain.java:99)
	at com.kms.katalon.core.keyword.builtin.CallTestCaseKeyword$_callTestCase_closure1.doCall(CallTestCaseKeyword.groovy:60)
	at com.kms.katalon.core.keyword.builtin.CallTestCaseKeyword$_callTestCase_closure1.call(CallTestCaseKeyword.groovy)
	at com.kms.katalon.core.keyword.internal.KeywordMain.runKeyword(KeywordMain.groovy:54)
	at com.kms.katalon.core.keyword.builtin.CallTestCaseKeyword.callTestCase(CallTestCaseKeyword.groovy:81)
	at com.kms.katalon.core.keyword.builtin.CallTestCaseKeyword.execute(CallTestCaseKeyword.groovy:45)
	at com.kms.katalon.core.keyword.internal.KeywordExecutor.executeKeywordForPlatform(KeywordExecutor.groovy:53)
	at com.kms.katalon.core.keyword.BuiltinKeywords.callTestCase(BuiltinKeywords.groovy:334)
	at sun.reflect.GeneratedMethodAccessor13.invoke(Unknown Source)
	at sun.reflect.DelegatingMethodAccessorImpl.invoke(DelegatingMethodAccessorImpl.java:43)
	at java.lang.reflect.Method.invoke(Method.java:498)
	at org.codehaus.groovy.reflection.CachedMethod.invoke(CachedMethod.java:93)
	at groovy.lang.MetaMethod.doMethodInvoke(MetaMethod.java:325)
	at groovy.lang.MetaClassImpl.invokeStaticMethod(MetaClassImpl.java:1469)
	at org.codehaus.groovy.runtime.callsite.StaticMetaClassSite.call(StaticMetaClassSite.java:53)
	at org.codehaus.groovy.runtime.callsite.CallSiteArray.defaultCall(CallSiteArray.java:48)
	at org.codehaus.groovy.runtime.callsite.AbstractCallSite.call(AbstractCallSite.java:113)
	at org.codehaus.groovy.runtime.callsite.AbstractCallSite.call(AbstractCallSite.java:141)
	at Script1536724596878.run(Script1536724596878.groovy:25)
	at com.kms.katalon.core.main.ScriptEngine.run(ScriptEngine.java:183)
	at com.kms.katalon.core.main.ScriptEngine.runScriptAsRawText(ScriptEngine.java:108)
	at com.kms.katalon.core.main.TestCaseExecutor.runScript(TestCaseExecutor.java:294)
	at com.kms.katalon.core.main.TestCaseExecutor.doExecute(TestCaseExecutor.java:285)
	at com.kms.katalon.core.main.TestCaseExecutor.processExecutionPhase(TestCaseExecutor.java:264)
	at com.kms.katalon.core.main.TestCaseExecutor.accessMainPhase(TestCaseExecutor.java:256)
	at com.kms.katalon.core.main.TestCaseExecutor.execute(TestCaseExecutor.java:200)
	at com.kms.katalon.core.main.TestSuiteExecutor.accessTestCaseMainPhase(TestSuiteExecutor.java:129)
	at com.kms.katalon.core.main.TestSuiteExecutor.accessTestSuiteMainPhase(TestSuiteExecutor.java:112)
	at com.kms.katalon.core.main.TestSuiteExecutor.execute(TestSuiteExecutor.java:81)
	at com.kms.katalon.core.main.TestCaseMain.startTestSuite(TestCaseMain.java:142)
	at com.kms.katalon.core.main.TestCaseMain$startTestSuite$0.call(Unknown Source)
	at org.codehaus.groovy.runtime.callsite.CallSiteArray.defaultCall(CallSiteArray.java:48)
	at org.codehaus.groovy.runtime.callsite.AbstractCallSite.call(AbstractCallSite.java:113)
	at org.codehaus.groovy.runtime.callsite.AbstractCallSite.call(AbstractCallSite.java:141)
	at TempTestSuite1542336603806.run(TempTestSuite1542336603806.groovy:36)
	at groovy.lang.GroovyShell.runScriptOrMainOrTestOrRunnable(GroovyShell.java:263)
	at groovy.lang.GroovyShell.run(GroovyShell.java:518)
	at groovy.lang.GroovyShell.run(GroovyShell.java:507)
	at groovy.ui.GroovyMain.processOnce(GroovyMain.java:653)
	at groovy.ui.GroovyMain.run(GroovyMain.java:384)
	at groovy.ui.GroovyMain.process(GroovyMain.java:370)
	at groovy.ui.GroovyMain.processArgs(GroovyMain.java:129)
	at groovy.ui.GroovyMain.main(GroovyMain.java:109)
	at sun.reflect.NativeMethodAccessorImpl.invoke0(Native Method)
	at sun.reflect.NativeMethodAccessorImpl.invoke(NativeMethodAccessorImpl.java:62)
	at sun.reflect.DelegatingMethodAccessorImpl.invoke(DelegatingMethodAccessorImpl.java:43)
	at java.lang.reflect.Method.invoke(Method.java:498)
	at org.codehaus.groovy.tools.GroovyStarter.rootLoader(GroovyStarter.java:109)
	at org.codehaus.groovy.tools.GroovyStarter.main(GroovyStarter.java:131)
)

2018-11-16 12:09:00 - [TEST_STEP][NOT_RUN] - callTestCase: NOT_RUN: callTestCase

2018-11-16 12:09:00 - [MESSAGE][NOT_RUN] - NOT_RUN: callTestCase

2018-11-16 12:09:00 - [TEST_STEP][PASSED] - delay: Delayed 2 second(s)

2018-11-16 12:09:02 - [MESSAGE][PASSED] - Delayed 2 second(s)

2018-11-16 12:09:02 - [TEST_STEP][PASSED] - navigateToUrl: Navigate to 'https://assist2-uat.perkeso.gov.my/c/portal/logout' successfully

2018-11-16 12:09:03 - [MESSAGE][PASSED] - Navigate to 'https://assist2-uat.perkeso.gov.my/c/portal/logout' successfully

2018-11-16 12:09:03 - [TEST_STEP][PASSED] - delay: Delayed 2 second(s)

2018-11-16 12:09:05 - [MESSAGE][PASSED] - Delayed 2 second(s)

2018-11-16 12:09:05 - [TEST_STEP][PASSED] - callTestCase: Call Test Case 'Test Cases/Final Aug 2018 - PKS Automation/Common/Reference Number Getter' successfully

2018-11-16 12:09:06 - [TEST_CASE][PASSED] - Test Cases/Final Aug 2018 - PKS Automation/Common/Reference Number Getter: Test Cases/Final Aug 2018 - PKS Automation/Common/Reference Number Getter

2018-11-16 12:09:06 - [TEST_STEP][PASSED] - Statement - Try: null

2018-11-16 12:09:06 - [TEST_STEP][PASSED] - Statement - RefNo = new java.io.File(C://KatalonReference.txt): null

2018-11-16 12:09:06 - [TEST_STEP][PASSED] - Statement - bufferread = new java.io.BufferedReader(new java.io.FileReader(RefNo)): null

2018-11-16 12:09:06 - [TEST_STEP][PASSED] - Statement - readedVal = bufferread.readLine(): null

2018-11-16 12:09:06 - [TEST_STEP][PASSED] - Statement - out.println(CaseReferenceNo): null

2018-11-16 12:09:06 - [TEST_STEP][PASSED] - Statement - out.println(readedVal): null

2018-11-16 12:09:06 - [TEST_STEP][PASSED] - Statement - CaseReferenceNo = "": null

2018-11-16 12:09:06 - [TEST_STEP][PASSED] - Statement - CaseReferenceNo = readedVal: null

2018-11-16 12:09:06 - [MESSAGE][PASSED] - Call Test Case 'Test Cases/Final Aug 2018 - PKS Automation/Common/Reference Number Getter' successfully

2018-11-16 12:09:06 - [TEST_STEP][PASSED] - callTestCase: Call Test Case 'Test Cases/Final Aug 2018 - PKS Automation/Common/Workflow Owner Finder' successfully

2018-11-16 12:09:06 - [TEST_CASE][PASSED] - Test Cases/Final Aug 2018 - PKS Automation/Common/Workflow Owner Finder: Test Cases/Final Aug 2018 - PKS Automation/Common/Workflow Owner Finder

2018-11-16 12:09:06 - [TEST_STEP][PASSED] - openBrowser: Browser is opened with url: ''

2018-11-16 12:09:06 - [MESSAGE][WARNING] - A browser is already opened. Closing browser and opening a new one

2018-11-16 12:09:11 - [MESSAGE][PASSED] - Browser is opened with url: ''

2018-11-16 12:09:11 - [TEST_STEP][PASSED] - navigateToUrl: Navigate to 'https://assist2-uat.perkeso.gov.my/login' successfully

2018-11-16 12:09:13 - [MESSAGE][PASSED] - Navigate to 'https://assist2-uat.perkeso.gov.my/login' successfully

2018-11-16 12:09:13 - [TEST_STEP][PASSED] - delay: Delayed 5 second(s)

2018-11-16 12:09:18 - [MESSAGE][PASSED] - Delayed 5 second(s)

2018-11-16 12:09:18 - [TEST_STEP][PASSED] - setText: Text 'test@liferay.com' is set on object 'Object Repository/Final Object Repo/Login Page/Internal User/Email Address'

2018-11-16 12:09:19 - [MESSAGE][PASSED] - Text 'test@liferay.com' is set on object 'Object Repository/Final Object Repo/Login Page/Internal User/Email Address'

2018-11-16 12:09:19 - [TEST_STEP][PASSED] - click: Object: 'Object Repository/Final Object Repo/Login Page/Internal User/Next Button' is clicked on

2018-11-16 12:09:19 - [MESSAGE][PASSED] - Object: 'Object Repository/Final Object Repo/Login Page/Internal User/Next Button' is clicked on

2018-11-16 12:09:19 - [TEST_STEP][PASSED] - delay: Delayed 2 second(s)

2018-11-16 12:09:21 - [MESSAGE][PASSED] - Delayed 2 second(s)

2018-11-16 12:09:21 - [TEST_STEP][PASSED] - setText: Text 'test' is set on object 'Object Repository/Final Object Repo/Login Page/Internal User/Password'

2018-11-16 12:09:21 - [MESSAGE][PASSED] - Text 'test' is set on object 'Object Repository/Final Object Repo/Login Page/Internal User/Password'

2018-11-16 12:09:21 - [TEST_STEP][PASSED] - delay: Delayed 2 second(s)

2018-11-16 12:09:23 - [MESSAGE][PASSED] - Delayed 2 second(s)

2018-11-16 12:09:23 - [TEST_STEP][PASSED] - click: Object: 'Object Repository/Final Object Repo/Login Page/Internal User/Login Button' is clicked on

2018-11-16 12:09:27 - [MESSAGE][PASSED] - Object: 'Object Repository/Final Object Repo/Login Page/Internal User/Login Button' is clicked on

2018-11-16 12:09:27 - [TEST_STEP][PASSED] - Statement - Try: Delayed 2 second(s)

2018-11-16 12:09:27 - [TEST_STEP][PASSED] - Statement - Checker = false: null

2018-11-16 12:09:27 - [TEST_STEP][PASSED] - Statement - Checker = com.kms.katalon.core.webui.keyword.WebUiBuiltInKeywords.verifyElementHasAttribute(com.kms.katalon.core.testobject.ObjectRepository.findTestObject(Final Object Repo/Landing Page/BM Detecting), "href", 20, OPTIONAL): Object 'Object Repository/Final Object Repo/Landing Page/BM Detecting' has attribute 'href'

2018-11-16 12:09:27 - [MESSAGE][PASSED] - Object 'Object Repository/Final Object Repo/Landing Page/BM Detecting' has attribute 'href'

2018-11-16 12:09:27 - [TEST_STEP][PASSED] - Statement - out.println(Checker): null

2018-11-16 12:09:27 - [TEST_STEP][PASSED] - Statement - If (Checker == false): null

2018-11-16 12:09:27 - [TEST_STEP][PASSED] - Statement - Else: null

2018-11-16 12:09:27 - [TEST_STEP][PASSED] - delay: Delayed 2 second(s)

2018-11-16 12:09:29 - [MESSAGE][PASSED] - Delayed 2 second(s)

2018-11-16 12:09:29 - [TEST_STEP][PASSED] - delay: Delayed 3 second(s)

2018-11-16 12:09:32 - [MESSAGE][PASSED] - Delayed 3 second(s)

2018-11-16 12:09:32 - [TEST_STEP][PASSED] - mouseOver: Object: 'Object Repository/Final Object Repo/Landing Page/WorkFlow Menu' is hovered

2018-11-16 12:09:32 - [MESSAGE][PASSED] - Object: 'Object Repository/Final Object Repo/Landing Page/WorkFlow Menu' is hovered

2018-11-16 12:09:32 - [TEST_STEP][PASSED] - delay: Delayed 2 second(s)

2018-11-16 12:09:34 - [MESSAGE][PASSED] - Delayed 2 second(s)

2018-11-16 12:09:34 - [TEST_STEP][PASSED] - click: Object: 'Object Repository/Final Object Repo/Landing Page/Select to Workflow Listing' is clicked on

2018-11-16 12:09:36 - [MESSAGE][PASSED] - Object: 'Object Repository/Final Object Repo/Landing Page/Select to Workflow Listing' is clicked on

2018-11-16 12:09:36 - [TEST_STEP][PASSED] - delay: Delayed 2 second(s)

2018-11-16 12:09:38 - [MESSAGE][PASSED] - Delayed 2 second(s)

2018-11-16 12:09:38 - [TEST_STEP][PASSED] - click: Object: 'Object Repository/Final Object Repo/WorkFlow Listing Page/Search Information - To Put Ref No' is clicked on

2018-11-16 12:09:38 - [MESSAGE][PASSED] - Object: 'Object Repository/Final Object Repo/WorkFlow Listing Page/Search Information - To Put Ref No' is clicked on

2018-11-16 12:09:38 - [TEST_STEP][PASSED] - delay: Delayed 2 second(s)

2018-11-16 12:09:40 - [MESSAGE][PASSED] - Delayed 2 second(s)

2018-11-16 12:09:40 - [TEST_STEP][PASSED] - callTestCase: Call Test Case 'Test Cases/Final Aug 2018 - PKS Automation/Common/Reference Number Getter' successfully

2018-11-16 12:09:40 - [TEST_CASE][PASSED] - Test Cases/Final Aug 2018 - PKS Automation/Common/Reference Number Getter: Test Cases/Final Aug 2018 - PKS Automation/Common/Reference Number Getter

2018-11-16 12:09:40 - [TEST_STEP][PASSED] - Statement - Try: null

2018-11-16 12:09:40 - [TEST_STEP][PASSED] - Statement - RefNo = new java.io.File(C://KatalonReference.txt): null

2018-11-16 12:09:40 - [TEST_STEP][PASSED] - Statement - bufferread = new java.io.BufferedReader(new java.io.FileReader(RefNo)): null

2018-11-16 12:09:40 - [TEST_STEP][PASSED] - Statement - readedVal = bufferread.readLine(): null

2018-11-16 12:09:40 - [TEST_STEP][PASSED] - Statement - out.println(CaseReferenceNo): null

2018-11-16 12:09:40 - [TEST_STEP][PASSED] - Statement - out.println(readedVal): null

2018-11-16 12:09:40 - [TEST_STEP][PASSED] - Statement - CaseReferenceNo = "": null

2018-11-16 12:09:40 - [TEST_STEP][PASSED] - Statement - CaseReferenceNo = readedVal: null

2018-11-16 12:09:40 - [MESSAGE][PASSED] - Call Test Case 'Test Cases/Final Aug 2018 - PKS Automation/Common/Reference Number Getter' successfully

2018-11-16 12:09:40 - [TEST_STEP][PASSED] - setText: Text 'CUN112018C100005496' is set on object 'Object Repository/Final Object Repo/WorkFlow Listing Page/Ref No Set Text'

2018-11-16 12:09:40 - [MESSAGE][PASSED] - Text 'CUN112018C100005496' is set on object 'Object Repository/Final Object Repo/WorkFlow Listing Page/Ref No Set Text'

2018-11-16 12:09:40 - [TEST_STEP][PASSED] - delay: Delayed 2 second(s)

2018-11-16 12:09:42 - [MESSAGE][PASSED] - Delayed 2 second(s)

2018-11-16 12:09:42 - [TEST_STEP][PASSED] - click: Object: 'Object Repository/Final Object Repo/WorkFlow Listing Page/Search Ref No Search Button' is clicked on

2018-11-16 12:09:45 - [MESSAGE][PASSED] - Object: 'Object Repository/Final Object Repo/WorkFlow Listing Page/Search Ref No Search Button' is clicked on

2018-11-16 12:09:45 - [TEST_STEP][PASSED] - delay: Delayed 4 second(s)

2018-11-16 12:09:49 - [MESSAGE][PASSED] - Delayed 4 second(s)

2018-11-16 12:09:49 - [TEST_STEP][PASSED] - click: Object: 'Object Repository/Final Object Repo/WorkFlow Listing Page/Click Continue Tooltip' is clicked on

2018-11-16 12:09:50 - [MESSAGE][PASSED] - Object: 'Object Repository/Final Object Repo/WorkFlow Listing Page/Click Continue Tooltip' is clicked on

2018-11-16 12:09:50 - [TEST_STEP][PASSED] - delay: Delayed 5 second(s)

2018-11-16 12:09:55 - [MESSAGE][PASSED] - Delayed 5 second(s)

2018-11-16 12:09:55 - [TEST_STEP][PASSED] - doubleClick: Object: 'Object Repository/Final Object Repo/WorkFlow Listing Page/Workflow Found - Listing 1' is double clicked on

2018-11-16 12:09:56 - [MESSAGE][PASSED] - Object: 'Object Repository/Final Object Repo/WorkFlow Listing Page/Workflow Found - Listing 1' is double clicked on

2018-11-16 12:09:56 - [TEST_STEP][PASSED] - Statement - println(OwnerID): null

2018-11-16 12:09:56 - [TEST_STEP][PASSED] - Statement - OwnerID = com.kms.katalon.core.webui.keyword.WebUiBuiltInKeywords.getText(com.kms.katalon.core.testobject.ObjectRepository.findTestObject(Final Object Repo/WorkFlow Listing Page/Workflow Found - Listing 1), STOP_ON_FAILURE): Text of object 'Object Repository/Final Object Repo/WorkFlow Listing Page/Workflow Found - Listing 1' is: 'JOHORuo2'

2018-11-16 12:09:56 - [MESSAGE][PASSED] - Text of object 'Object Repository/Final Object Repo/WorkFlow Listing Page/Workflow Found - Listing 1' is: 'JOHORuo2'

2018-11-16 12:09:56 - [TEST_STEP][PASSED] - Statement - OwnerID = OwnerID.toLowerCase() + "@gmail.com": null

2018-11-16 12:09:56 - [TEST_STEP][PASSED] - Statement - println(OwnerID): null

2018-11-16 12:09:56 - [TEST_STEP][PASSED] - delay: Delayed 2 second(s)

2018-11-16 12:09:58 - [MESSAGE][PASSED] - Delayed 2 second(s)

2018-11-16 12:09:58 - [MESSAGE][PASSED] - Call Test Case 'Test Cases/Final Aug 2018 - PKS Automation/Common/Workflow Owner Finder' successfully

2018-11-16 12:09:58 - [TEST_STEP][PASSED] - delay: Delayed 2 second(s)

2018-11-16 12:10:00 - [MESSAGE][PASSED] - Delayed 2 second(s)

2018-11-16 12:10:00 - [TEST_STEP][PASSED] - navigateToUrl: Navigate to 'https://assist2-uat.perkeso.gov.my/c/portal/logout' successfully

2018-11-16 12:10:01 - [MESSAGE][PASSED] - Navigate to 'https://assist2-uat.perkeso.gov.my/c/portal/logout' successfully

2018-11-16 12:10:01 - [TEST_STEP][PASSED] - delay: Delayed 2 second(s)

2018-11-16 12:10:03 - [MESSAGE][PASSED] - Delayed 2 second(s)

2018-11-16 12:10:03 - [TEST_STEP][PASSED] - callTestCase: Call Test Case 'Test Cases/Final Aug 2018 - PKS Automation/Registration Module/Workflow/Login and Search Case For Workflow' successfully

2018-11-16 12:10:03 - [TEST_CASE][PASSED] - Test Cases/Final Aug 2018 - PKS Automation/Registration Module/Workflow/Login and Search Case For Workflow: Test Cases/Final Aug 2018 - PKS Automation/Registration Module/Workflow/Login and Search Case For Workflow

2018-11-16 12:10:03 - [TEST_STEP][PASSED] - navigateToUrl: Navigate to 'https://assist2-uat.perkeso.gov.my/login' successfully

2018-11-16 12:10:04 - [MESSAGE][PASSED] - Navigate to 'https://assist2-uat.perkeso.gov.my/login' successfully

2018-11-16 12:10:04 - [TEST_STEP][PASSED] - setText: Text 'johoruo2@gmail.com' is set on object 'Object Repository/Final Object Repo/Login Page/Internal User/Email Address'

2018-11-16 12:10:05 - [MESSAGE][PASSED] - Text 'johoruo2@gmail.com' is set on object 'Object Repository/Final Object Repo/Login Page/Internal User/Email Address'

2018-11-16 12:10:05 - [TEST_STEP][PASSED] - click: Object: 'Object Repository/Final Object Repo/Login Page/Internal User/Next Button' is clicked on

2018-11-16 12:10:05 - [MESSAGE][PASSED] - Object: 'Object Repository/Final Object Repo/Login Page/Internal User/Next Button' is clicked on

2018-11-16 12:10:05 - [TEST_STEP][PASSED] - delay: Delayed 1 second(s)

2018-11-16 12:10:06 - [MESSAGE][PASSED] - Delayed 1 second(s)

2018-11-16 12:10:06 - [TEST_STEP][PASSED] - setEncryptedText: Text ****** has been set on object 'Object Repository/Final Object Repo/Login Page/Internal User/Password'

2018-11-16 12:10:06 - [MESSAGE][PASSED] - Text ****** has been set on object 'Object Repository/Final Object Repo/Login Page/Internal User/Password'

2018-11-16 12:10:06 - [TEST_STEP][PASSED] - click: Object: 'Object Repository/Final Object Repo/Login Page/Internal User/Login Button' is clicked on

2018-11-16 12:10:09 - [MESSAGE][PASSED] - Object: 'Object Repository/Final Object Repo/Login Page/Internal User/Login Button' is clicked on

2018-11-16 12:10:09 - [TEST_STEP][PASSED] - delay: Delayed 2 second(s)

2018-11-16 12:10:11 - [MESSAGE][PASSED] - Delayed 2 second(s)

2018-11-16 12:10:11 - [TEST_STEP][PASSED] - Statement - Try: Delayed 2 second(s)

2018-11-16 12:10:11 - [TEST_STEP][PASSED] - Statement - Checker = false: null

2018-11-16 12:10:11 - [TEST_STEP][PASSED] - Statement - Checker = com.kms.katalon.core.webui.keyword.WebUiBuiltInKeywords.verifyElementHasAttribute(com.kms.katalon.core.testobject.ObjectRepository.findTestObject(Final Object Repo/Landing Page/BM Detecting), "href", 20, OPTIONAL): Object 'Object Repository/Final Object Repo/Landing Page/BM Detecting' has attribute 'href'

2018-11-16 12:10:11 - [MESSAGE][PASSED] - Object 'Object Repository/Final Object Repo/Landing Page/BM Detecting' has attribute 'href'

2018-11-16 12:10:11 - [TEST_STEP][PASSED] - Statement - out.println(Checker): null

2018-11-16 12:10:11 - [TEST_STEP][PASSED] - Statement - If (Checker == false): null

2018-11-16 12:10:11 - [TEST_STEP][PASSED] - Statement - Else: null

2018-11-16 12:10:11 - [TEST_STEP][PASSED] - delay: Delayed 2 second(s)

2018-11-16 12:10:13 - [MESSAGE][PASSED] - Delayed 2 second(s)

2018-11-16 12:10:13 - [TEST_STEP][PASSED] - click: Object: 'Object Repository/Final Object Repo/Page_MyASSIST - ASSIST - Search Pending Case For Add Supporting Document/Search Information' is clicked on

2018-11-16 12:10:13 - [MESSAGE][PASSED] - Object: 'Object Repository/Final Object Repo/Page_MyASSIST - ASSIST - Search Pending Case For Add Supporting Document/Search Information' is clicked on

2018-11-16 12:10:13 - [TEST_STEP][PASSED] - delay: Delayed 3 second(s)

2018-11-16 12:10:16 - [MESSAGE][PASSED] - Delayed 3 second(s)

2018-11-16 12:10:16 - [TEST_STEP][PASSED] - sendKeys: Keys 'CUN112018C100005496' sent to object: 'Object Repository/Final Object Repo/Page_MyASSIST - ASSIST - Search Pending Case For Add Supporting Document/Reference No'

2018-11-16 12:10:16 - [MESSAGE][PASSED] - Keys 'CUN112018C100005496' sent to object: 'Object Repository/Final Object Repo/Page_MyASSIST - ASSIST - Search Pending Case For Add Supporting Document/Reference No'

2018-11-16 12:10:16 - [TEST_STEP][PASSED] - click: Object: 'Object Repository/Final Object Repo/Page_MyASSIST - ASSIST - Search Pending Case For Add Supporting Document/Search Reference No' is clicked on

2018-11-16 12:10:17 - [MESSAGE][PASSED] - Object: 'Object Repository/Final Object Repo/Page_MyASSIST - ASSIST - Search Pending Case For Add Supporting Document/Search Reference No' is clicked on

2018-11-16 12:10:17 - [TEST_STEP][PASSED] - delay: Delayed 2 second(s)

2018-11-16 12:10:19 - [MESSAGE][PASSED] - Delayed 2 second(s)

2018-11-16 12:10:19 - [TEST_STEP][PASSED] - click: Object: 'Object Repository/Final Object Repo/Page_MyASSIST - ASSIST - Search Pending Case For Add Supporting Document/Continue' is clicked on

2018-11-16 12:10:24 - [MESSAGE][PASSED] - Object: 'Object Repository/Final Object Repo/Page_MyASSIST - ASSIST - Search Pending Case For Add Supporting Document/Continue' is clicked on

2018-11-16 12:10:24 - [TEST_STEP][PASSED] - delay: Delayed 20 second(s)

2018-11-16 12:10:44 - [MESSAGE][PASSED] - Delayed 20 second(s)

2018-11-16 12:10:44 - [MESSAGE][PASSED] - Call Test Case 'Test Cases/Final Aug 2018 - PKS Automation/Registration Module/Workflow/Login and Search Case For Workflow' successfully

2018-11-16 12:10:44 - [TEST_STEP][PASSED] - delay: Delayed 2 second(s)

2018-11-16 12:10:46 - [MESSAGE][PASSED] - Delayed 2 second(s)

2018-11-16 12:10:46 - [TEST_STEP][PASSED] - click: Object: 'Object Repository/Final Object Repo/Page_Update Employee Information By Employer/Page_Update Employee Information by Employer (Approve)/Continue' is clicked on

2018-11-16 12:10:50 - [MESSAGE][PASSED] - Object: 'Object Repository/Final Object Repo/Page_Update Employee Information By Employer/Page_Update Employee Information by Employer (Approve)/Continue' is clicked on

2018-11-16 12:10:50 - [TEST_STEP][PASSED] - delay: Delayed 2 second(s)

2018-11-16 12:10:52 - [MESSAGE][PASSED] - Delayed 2 second(s)

2018-11-16 12:10:52 - [TEST_STEP][PASSED] - click: Object: 'Object Repository/Final Object Repo/Page_Update Employee Information By Employer/Page_Update Employee Information by Employer (Approve)/Save  Continue in Update Employee Information Page' is clicked on

2018-11-16 12:10:57 - [MESSAGE][PASSED] - Object: 'Object Repository/Final Object Repo/Page_Update Employee Information By Employer/Page_Update Employee Information by Employer (Approve)/Save  Continue in Update Employee Information Page' is clicked on

2018-11-16 12:10:57 - [TEST_STEP][PASSED] - delay: Delayed 4 second(s)

2018-11-16 12:11:01 - [MESSAGE][PASSED] - Delayed 4 second(s)

2018-11-16 12:11:01 - [TEST_STEP][PASSED] - setText: Text 'Query' is set on object 'Object Repository/Final Object Repo/Page_Update Employee Information By Employer/Page_Update Employee Information by Employer (Query)/Remark'

2018-11-16 12:11:01 - [MESSAGE][PASSED] - Text 'Query' is set on object 'Object Repository/Final Object Repo/Page_Update Employee Information By Employer/Page_Update Employee Information by Employer (Query)/Remark'

2018-11-16 12:11:01 - [TEST_STEP][PASSED] - delay: Delayed 2 second(s)

2018-11-16 12:11:03 - [MESSAGE][PASSED] - Delayed 2 second(s)

2018-11-16 12:11:03 - [TEST_STEP][PASSED] - click: Object: 'Object Repository/Final Object Repo/Page_Update Employee Information By Employer/Page_Update Employee Information by Employer (Approve)/Save  Continue in Upload Supporting Doucument Page' is clicked on

2018-11-16 12:11:08 - [MESSAGE][PASSED] - Object: 'Object Repository/Final Object Repo/Page_Update Employee Information By Employer/Page_Update Employee Information by Employer (Approve)/Save  Continue in Upload Supporting Doucument Page' is clicked on

2018-11-16 12:11:08 - [TEST_STEP][PASSED] - delay: Delayed 2 second(s)

2018-11-16 12:11:10 - [MESSAGE][PASSED] - Delayed 2 second(s)

2018-11-16 12:11:10 - [TEST_STEP][PASSED] - click: Object: 'Object Repository/Final Object Repo/Page_Update Employee Information By Employer/Page_Update Employee Information by Employer (Query)/Query' is clicked on

2018-11-16 12:11:10 - [MESSAGE][PASSED] - Object: 'Object Repository/Final Object Repo/Page_Update Employee Information By Employer/Page_Update Employee Information by Employer (Query)/Query' is clicked on

2018-11-16 12:11:10 - [TEST_STEP][PASSED] - delay: Delayed 2 second(s)

2018-11-16 12:11:12 - [MESSAGE][PASSED] - Delayed 2 second(s)

2018-11-16 12:11:12 - [TEST_STEP][PASSED] - click: Object: 'Object Repository/Final Object Repo/Page_Update Employee Information By Employer/Page_Update Employee Information by Employer (Approve)/Confirm' is clicked on

2018-11-16 12:11:17 - [MESSAGE][PASSED] - Object: 'Object Repository/Final Object Repo/Page_Update Employee Information By Employer/Page_Update Employee Information by Employer (Approve)/Confirm' is clicked on

2018-11-16 12:11:17 - [TEST_STEP][PASSED] - delay: Delayed 2 second(s)

2018-11-16 12:11:19 - [MESSAGE][PASSED] - Delayed 2 second(s)

2018-11-16 12:11:19 - [TEST_STEP][PASSED] - click: Object: 'Object Repository/Final Object Repo/Page_Update Employee Information By Employer/Page_Update Employee Information by Employer (Query)/Query Message The case is Under Query' is clicked on

2018-11-16 12:11:20 - [MESSAGE][PASSED] - Object: 'Object Repository/Final Object Repo/Page_Update Employee Information By Employer/Page_Update Employee Information by Employer (Query)/Query Message The case is Under Query' is clicked on

2018-11-16 12:11:20 - [TEST_STEP][PASSED] - delay: Delayed 2 second(s)

2018-11-16 12:11:22 - [MESSAGE][PASSED] - Delayed 2 second(s)

2018-11-16 12:11:22 - [TEST_STEP][PASSED] - click: Object: 'Object Repository/Final Object Repo/Page_Update Employee Information By Employer/Page_Update Employee Information by Employer (Query)/Letter of inquiry' is clicked on

2018-11-16 12:11:27 - [MESSAGE][PASSED] - Object: 'Object Repository/Final Object Repo/Page_Update Employee Information By Employer/Page_Update Employee Information by Employer (Query)/Letter of inquiry' is clicked on

2018-11-16 12:11:27 - [TEST_STEP][PASSED] - delay: Delayed 1 second(s)

2018-11-16 12:11:28 - [MESSAGE][PASSED] - Delayed 1 second(s)

2018-11-16 12:11:28 - [TEST_STEP][PASSED] - navigateToUrl: Navigate to 'https://assist2-uat.perkeso.gov.my/c/portal/logout' successfully

2018-11-16 12:11:30 - [MESSAGE][PASSED] - Navigate to 'https://assist2-uat.perkeso.gov.my/c/portal/logout' successfully

2018-11-16 12:11:30 - [TEST_STEP][PASSED] - delay: Delayed 1 second(s)

2018-11-16 12:11:31 - [MESSAGE][PASSED] - Delayed 1 second(s)

2018-11-16 12:11:31 - [TEST_STEP][PASSED] - callTestCase: null

2018-11-16 12:11:31 - [MESSAGE][FAILED] - Unable to call Test Case with id 'Test Cases/Final Aug 2018 - PKS Automation/Registration Module/Workflow/Update Employee Information (Employer)/Template/Update Employee Information - Special Case - UO(Query)' (Root cause: Call Test Case 'Test Cases/Final Aug 2018 - PKS Automation/Registration Module/Workflow/Update Employee Information (Employer)/Template/Update Employee Information - Special Case - UO(Query)' failed because of error(s))]]></system-out>
         <system-err><![CDATA[2018-11-16 12:07:33 - [TEST_CASE][ERROR] - Test Cases/Final Aug 2018 - PKS Automation/Registration Module/Workflow/Update Employee Information (Employer)/PKRBO - UO (Query): Test Cases/Final Aug 2018 - PKS Automation/Registration Module/Workflow/Update Employee Information (Employer)/PKRBO - UO (Query) FAILED because (of) (Stack trace: java.lang.IllegalArgumentException: Cannot find test case with id 'Test Cases/Final Aug 2018 - PKS Automation/Registration/Search Pending Case For Add Supporting Document (OTC)'
	at com.kms.katalon.core.testcase.TestCaseFactory.findTestCase(TestCaseFactory.java:72)
	at com.kms.katalon.core.testcase.TestCaseFactory$findTestCase.callStatic(Unknown Source)
	at Script1537848281437.run(Script1537848281437.groovy:83)
	at com.kms.katalon.core.main.ScriptEngine.run(ScriptEngine.java:183)
	at com.kms.katalon.core.main.ScriptEngine.runScriptAsRawText(ScriptEngine.java:108)
	at com.kms.katalon.core.main.TestCaseExecutor.runScript(TestCaseExecutor.java:294)
	at com.kms.katalon.core.main.TestCaseExecutor.doExecute(TestCaseExecutor.java:285)
	at com.kms.katalon.core.main.TestCaseExecutor.processExecutionPhase(TestCaseExecutor.java:264)
	at com.kms.katalon.core.main.TestCaseExecutor.accessMainPhase(TestCaseExecutor.java:256)
	at com.kms.katalon.core.main.TestCaseExecutor.execute(TestCaseExecutor.java:200)
	at com.kms.katalon.core.main.TestCaseMain.runTestCase(TestCaseMain.java:99)
	at com.kms.katalon.core.keyword.builtin.CallTestCaseKeyword$_callTestCase_closure1.doCall(CallTestCaseKeyword.groovy:60)
	at com.kms.katalon.core.keyword.builtin.CallTestCaseKeyword$_callTestCase_closure1.call(CallTestCaseKeyword.groovy)
	at com.kms.katalon.core.keyword.internal.KeywordMain.runKeyword(KeywordMain.groovy:54)
	at com.kms.katalon.core.keyword.builtin.CallTestCaseKeyword.callTestCase(CallTestCaseKeyword.groovy:81)
	at com.kms.katalon.core.keyword.builtin.CallTestCaseKeyword.execute(CallTestCaseKeyword.groovy:45)
	at com.kms.katalon.core.keyword.internal.KeywordExecutor.executeKeywordForPlatform(KeywordExecutor.groovy:53)
	at com.kms.katalon.core.keyword.BuiltinKeywords.callTestCase(BuiltinKeywords.groovy:334)
	at sun.reflect.GeneratedMethodAccessor13.invoke(Unknown Source)
	at sun.reflect.DelegatingMethodAccessorImpl.invoke(DelegatingMethodAccessorImpl.java:43)
	at java.lang.reflect.Method.invoke(Method.java:498)
	at org.codehaus.groovy.reflection.CachedMethod.invoke(CachedMethod.java:93)
	at groovy.lang.MetaMethod.doMethodInvoke(MetaMethod.java:325)
	at groovy.lang.MetaClassImpl.invokeStaticMethod(MetaClassImpl.java:1469)
	at org.codehaus.groovy.runtime.callsite.StaticMetaClassSite.call(StaticMetaClassSite.java:53)
	at org.codehaus.groovy.runtime.callsite.CallSiteArray.defaultCall(CallSiteArray.java:48)
	at org.codehaus.groovy.runtime.callsite.AbstractCallSite.call(AbstractCallSite.java:113)
	at org.codehaus.groovy.runtime.callsite.AbstractCallSite.call(AbstractCallSite.java:141)
	at Script1536724596878.run(Script1536724596878.groovy:25)
	at com.kms.katalon.core.main.ScriptEngine.run(ScriptEngine.java:183)
	at com.kms.katalon.core.main.ScriptEngine.runScriptAsRawText(ScriptEngine.java:108)
	at com.kms.katalon.core.main.TestCaseExecutor.runScript(TestCaseExecutor.java:294)
	at com.kms.katalon.core.main.TestCaseExecutor.doExecute(TestCaseExecutor.java:285)
	at com.kms.katalon.core.main.TestCaseExecutor.processExecutionPhase(TestCaseExecutor.java:264)
	at com.kms.katalon.core.main.TestCaseExecutor.accessMainPhase(TestCaseExecutor.java:256)
	at com.kms.katalon.core.main.TestCaseExecutor.execute(TestCaseExecutor.java:200)
	at com.kms.katalon.core.main.TestSuiteExecutor.accessTestCaseMainPhase(TestSuiteExecutor.java:129)
	at com.kms.katalon.core.main.TestSuiteExecutor.accessTestSuiteMainPhase(TestSuiteExecutor.java:112)
	at com.kms.katalon.core.main.TestSuiteExecutor.execute(TestSuiteExecutor.java:81)
	at com.kms.katalon.core.main.TestCaseMain.startTestSuite(TestCaseMain.java:142)
	at com.kms.katalon.core.main.TestCaseMain$startTestSuite$0.call(Unknown Source)
	at org.codehaus.groovy.runtime.callsite.CallSiteArray.defaultCall(CallSiteArray.java:48)
	at org.codehaus.groovy.runtime.callsite.AbstractCallSite.call(AbstractCallSite.java:113)
	at org.codehaus.groovy.runtime.callsite.AbstractCallSite.call(AbstractCallSite.java:141)
	at TempTestSuite1542336603806.run(TempTestSuite1542336603806.groovy:36)
	at groovy.lang.GroovyShell.runScriptOrMainOrTestOrRunnable(GroovyShell.java:263)
	at groovy.lang.GroovyShell.run(GroovyShell.java:518)
	at groovy.lang.GroovyShell.run(GroovyShell.java:507)
	at groovy.ui.GroovyMain.processOnce(GroovyMain.java:653)
	at groovy.ui.GroovyMain.run(GroovyMain.java:384)
	at groovy.ui.GroovyMain.process(GroovyMain.java:370)
	at groovy.ui.GroovyMain.processArgs(GroovyMain.java:129)
	at groovy.ui.GroovyMain.main(GroovyMain.java:109)
	at sun.reflect.NativeMethodAccessorImpl.invoke0(Native Method)
	at sun.reflect.NativeMethodAccessorImpl.invoke(NativeMethodAccessorImpl.java:62)
	at sun.reflect.DelegatingMethodAccessorImpl.invoke(DelegatingMethodAccessorImpl.java:43)
	at java.lang.reflect.Method.invoke(Method.java:498)
	at org.codehaus.groovy.tools.GroovyStarter.rootLoader(GroovyStarter.java:109)
	at org.codehaus.groovy.tools.GroovyStarter.main(GroovyStarter.java:131)
)]]></system-err>
      </testcase>
      <testcase name="Test Cases/Final Aug 2018 - PKS Automation/Registration Module/Workflow/Update Employee Information (Employer)/PKRBO - UO (Reject)" classname="Test Cases/Final Aug 2018 - PKS Automation/Registration Module/Workflow/Update Employee Information (Employer)/PKRBO - UO (Reject)" status="PASSED">
         <system-out><![CDATA[2018-11-16 12:11:31 - [TEST_CASE][PASSED] - Test Cases/Final Aug 2018 - PKS Automation/Registration Module/Workflow/Update Employee Information (Employer)/PKRBO - UO (Reject): Test Cases/Final Aug 2018 - PKS Automation/Registration Module/Workflow/Update Employee Information (Employer)/PKRBO - UO (Reject)

2018-11-16 12:11:31 - [TEST_STEP][PASSED] - callTestCase: Call Test Case 'Test Cases/Final Aug 2018 - PKS Automation/Registration Module/Workflow/Update Employee Information (Employer)/Template/Update Employer Information - Special Case (PKRBO)' successfully

2018-11-16 12:11:31 - [TEST_CASE][PASSED] - Test Cases/Final Aug 2018 - PKS Automation/Registration Module/Workflow/Update Employee Information (Employer)/Template/Update Employer Information - Special Case (PKRBO): Test Cases/Final Aug 2018 - PKS Automation/Registration Module/Workflow/Update Employee Information (Employer)/Template/Update Employer Information - Special Case (PKRBO)

2018-11-16 12:11:31 - [TEST_STEP][PASSED] - openBrowser: Browser is opened with url: ''

2018-11-16 12:11:31 - [MESSAGE][WARNING] - A browser is already opened. Closing browser and opening a new one

2018-11-16 12:11:36 - [MESSAGE][PASSED] - Browser is opened with url: ''

2018-11-16 12:11:36 - [TEST_STEP][PASSED] - navigateToUrl: Navigate to 'https://assist2-uat.perkeso.gov.my/login' successfully

2018-11-16 12:11:39 - [MESSAGE][PASSED] - Navigate to 'https://assist2-uat.perkeso.gov.my/login' successfully

2018-11-16 12:11:39 - [TEST_STEP][PASSED] - setText: Text 'johorpkrbo1@gmail.com' is set on object 'Object Repository/Final Object Repo/Login Page/Internal User/Email Address'

2018-11-16 12:11:39 - [MESSAGE][PASSED] - Text 'johorpkrbo1@gmail.com' is set on object 'Object Repository/Final Object Repo/Login Page/Internal User/Email Address'

2018-11-16 12:11:39 - [TEST_STEP][PASSED] - click: Object: 'Object Repository/Final Object Repo/Login Page/Internal User/Next Button' is clicked on

2018-11-16 12:11:39 - [MESSAGE][PASSED] - Object: 'Object Repository/Final Object Repo/Login Page/Internal User/Next Button' is clicked on

2018-11-16 12:11:39 - [TEST_STEP][PASSED] - delay: Delayed 1 second(s)

2018-11-16 12:11:40 - [MESSAGE][PASSED] - Delayed 1 second(s)

2018-11-16 12:11:40 - [TEST_STEP][PASSED] - setEncryptedText: Text ****** has been set on object 'Object Repository/Final Object Repo/Login Page/Internal User/Password'

2018-11-16 12:11:41 - [MESSAGE][PASSED] - Text ****** has been set on object 'Object Repository/Final Object Repo/Login Page/Internal User/Password'

2018-11-16 12:11:41 - [TEST_STEP][PASSED] - click: Object: 'Object Repository/Final Object Repo/Login Page/Internal User/Login Button' is clicked on

2018-11-16 12:11:44 - [MESSAGE][PASSED] - Object: 'Object Repository/Final Object Repo/Login Page/Internal User/Login Button' is clicked on

2018-11-16 12:11:44 - [TEST_STEP][PASSED] - Statement - Try: Delayed 2 second(s)

2018-11-16 12:11:44 - [TEST_STEP][PASSED] - Statement - Checker = false: null

2018-11-16 12:11:44 - [TEST_STEP][PASSED] - Statement - Checker = com.kms.katalon.core.webui.keyword.WebUiBuiltInKeywords.verifyElementHasAttribute(com.kms.katalon.core.testobject.ObjectRepository.findTestObject(Final Object Repo/Landing Page/BM Detecting), "href", 20, OPTIONAL): Object 'Object Repository/Final Object Repo/Landing Page/BM Detecting' has attribute 'href'

2018-11-16 12:11:44 - [MESSAGE][PASSED] - Object 'Object Repository/Final Object Repo/Landing Page/BM Detecting' has attribute 'href'

2018-11-16 12:11:44 - [TEST_STEP][PASSED] - Statement - out.println(Checker): null

2018-11-16 12:11:44 - [TEST_STEP][PASSED] - Statement - If (Checker == false): null

2018-11-16 12:11:44 - [TEST_STEP][PASSED] - Statement - Else: null

2018-11-16 12:11:44 - [TEST_STEP][PASSED] - delay: Delayed 2 second(s)

2018-11-16 12:11:46 - [MESSAGE][PASSED] - Delayed 2 second(s)

2018-11-16 12:11:46 - [TEST_STEP][PASSED] - delay: Delayed 1 second(s)

2018-11-16 12:11:47 - [MESSAGE][PASSED] - Delayed 1 second(s)

2018-11-16 12:11:47 - [TEST_STEP][PASSED] - navigateToUrl: Navigate to 'https://assist2-uat.perkeso.gov.my/web/registration/update/update-employee-information-employer-' successfully

2018-11-16 12:11:49 - [MESSAGE][PASSED] - Navigate to 'https://assist2-uat.perkeso.gov.my/web/registration/update/update-employee-information-employer-' successfully

2018-11-16 12:11:49 - [TEST_STEP][PASSED] - setText: Text 'E1102001065V' is set on object 'Object Repository/Final Object Repo/Page_Update Employee Information By Employer/Employer Code'

2018-11-16 12:11:49 - [MESSAGE][PASSED] - Text 'E1102001065V' is set on object 'Object Repository/Final Object Repo/Page_Update Employee Information By Employer/Employer Code'

2018-11-16 12:11:49 - [TEST_STEP][PASSED] - click: Object: 'Object Repository/Final Object Repo/Page_Update Employee Information By Employer/Search Employer Code' is clicked on

2018-11-16 12:11:51 - [MESSAGE][PASSED] - Object: 'Object Repository/Final Object Repo/Page_Update Employee Information By Employer/Search Employer Code' is clicked on

2018-11-16 12:11:51 - [TEST_STEP][PASSED] - click: Object: 'Object Repository/Final Object Repo/Page_Update Employee Information By Employer/Edit Button' is clicked on

2018-11-16 12:11:55 - [MESSAGE][PASSED] - Object: 'Object Repository/Final Object Repo/Page_Update Employee Information By Employer/Edit Button' is clicked on

2018-11-16 12:11:55 - [TEST_STEP][PASSED] - click: Object: 'Object Repository/Final Object Repo/Page_Update Employee Information By Employer/Employee Name or New Identification' is clicked on

2018-11-16 12:11:55 - [MESSAGE][PASSED] - Object: 'Object Repository/Final Object Repo/Page_Update Employee Information By Employer/Employee Name or New Identification' is clicked on

2018-11-16 12:11:55 - [TEST_STEP][PASSED] - delay: Delayed 1 second(s)

2018-11-16 12:11:56 - [MESSAGE][PASSED] - Delayed 1 second(s)

2018-11-16 12:11:56 - [TEST_STEP][PASSED] - click: Object: 'Object Repository/Final Object Repo/Page_Update Employee Information By Employer/Selection - Employee Name' is clicked on

2018-11-16 12:11:57 - [MESSAGE][PASSED] - Object: 'Object Repository/Final Object Repo/Page_Update Employee Information By Employer/Selection - Employee Name' is clicked on

2018-11-16 12:11:57 - [TEST_STEP][PASSED] - delay: Delayed 1 second(s)

2018-11-16 12:11:58 - [MESSAGE][PASSED] - Delayed 1 second(s)

2018-11-16 12:11:58 - [TEST_STEP][PASSED] - setText: Text 'PERKESO' is set on object 'Object Repository/Final Object Repo/Page_Update Employee Information By Employer/Employee Name'

2018-11-16 12:11:58 - [MESSAGE][PASSED] - Text 'PERKESO' is set on object 'Object Repository/Final Object Repo/Page_Update Employee Information By Employer/Employee Name'

2018-11-16 12:11:58 - [TEST_STEP][PASSED] - delay: Delayed 2 second(s)

2018-11-16 12:12:00 - [MESSAGE][PASSED] - Delayed 2 second(s)

2018-11-16 12:12:00 - [TEST_STEP][PASSED] - click: Object: 'Object Repository/Final Object Repo/Page_Update Employee Information By Employer/Search Employee' is clicked on

2018-11-16 12:12:01 - [MESSAGE][PASSED] - Object: 'Object Repository/Final Object Repo/Page_Update Employee Information By Employer/Search Employee' is clicked on

2018-11-16 12:12:01 - [TEST_STEP][PASSED] - delay: Delayed 3 second(s)

2018-11-16 12:12:04 - [MESSAGE][PASSED] - Delayed 3 second(s)

2018-11-16 12:12:04 - [TEST_STEP][PASSED] - click: Object: 'Object Repository/Final Object Repo/Page_Update Employee Information By Employer/Employee Edit Button' is clicked on

2018-11-16 12:12:04 - [MESSAGE][PASSED] - Object: 'Object Repository/Final Object Repo/Page_Update Employee Information By Employer/Employee Edit Button' is clicked on

2018-11-16 12:12:04 - [TEST_STEP][PASSED] - delay: Delayed 3 second(s)

2018-11-16 12:12:07 - [MESSAGE][PASSED] - Delayed 3 second(s)

2018-11-16 12:12:07 - [TEST_STEP][PASSED] - setText: Text '' is set on object 'Object Repository/Final Object Repo/Page_Update Employee Information By Employer/Identification Number'

2018-11-16 12:12:07 - [MESSAGE][PASSED] - Text '' is set on object 'Object Repository/Final Object Repo/Page_Update Employee Information By Employer/Identification Number'

2018-11-16 12:12:07 - [TEST_STEP][PASSED] - Statement - rnd = new java.util.Random(): null

2018-11-16 12:12:07 - [TEST_STEP][PASSED] - Statement - snum = rnd.nextInt(899999 + 1) + 100000: null

2018-11-16 12:12:07 - [TEST_STEP][PASSED] - Statement - tnum = rnd.nextInt(899999 + 1) + 100000: null

2018-11-16 12:12:07 - [TEST_STEP][PASSED] - Statement - IC = java.lang.Integer.toString(snum) + java.lang.Integer.toString(tnum): null

2018-11-16 12:12:07 - [TEST_STEP][PASSED] - Statement - out.println(IC): null

2018-11-16 12:12:07 - [TEST_STEP][PASSED] - setText: Text '726830891369' is set on object 'Object Repository/Final Object Repo/Page_Update Employee Information By Employer/Identification Number'

2018-11-16 12:12:07 - [MESSAGE][PASSED] - Text '726830891369' is set on object 'Object Repository/Final Object Repo/Page_Update Employee Information By Employer/Identification Number'

2018-11-16 12:12:07 - [TEST_STEP][PASSED] - click: Object: 'Object Repository/Final Object Repo/Page_Update Employee Information By Employer/Save' is clicked on

2018-11-16 12:12:12 - [MESSAGE][PASSED] - Object: 'Object Repository/Final Object Repo/Page_Update Employee Information By Employer/Save' is clicked on

2018-11-16 12:12:12 - [TEST_STEP][PASSED] - delay: Delayed 5 second(s)

2018-11-16 12:12:17 - [MESSAGE][PASSED] - Delayed 5 second(s)

2018-11-16 12:12:17 - [TEST_STEP][PASSED] - Statement - CaseReferenceNo = com.kms.katalon.core.webui.keyword.WebUiBuiltInKeywords.getText(com.kms.katalon.core.testobject.ObjectRepository.findTestObject(Final Object Repo/Reference Number/Reference Number in Update Employee Information Page)): Text of object 'Object Repository/Final Object Repo/Reference Number/Reference Number in Update Employee Information Page' is: 'CUN112018C100005497'

2018-11-16 12:12:17 - [MESSAGE][PASSED] - Text of object 'Object Repository/Final Object Repo/Reference Number/Reference Number in Update Employee Information Page' is: 'CUN112018C100005497'

2018-11-16 12:12:17 - [TEST_STEP][PASSED] - callTestCase: Call Test Case 'Test Cases/Final Aug 2018 - PKS Automation/Common/Reference Number Setter' successfully

2018-11-16 12:12:17 - [TEST_CASE][PASSED] - Test Cases/Final Aug 2018 - PKS Automation/Common/Reference Number Setter: Test Cases/Final Aug 2018 - PKS Automation/Common/Reference Number Setter

2018-11-16 12:12:17 - [TEST_STEP][PASSED] - Statement - RefNoOldFile = new java.io.File(C://KatalonReference.txt): null

2018-11-16 12:12:17 - [TEST_STEP][PASSED] - Statement - RefNoOldFile.delete(): null

2018-11-16 12:12:17 - [TEST_STEP][PASSED] - delay: Delayed 5 second(s)

2018-11-16 12:12:22 - [MESSAGE][PASSED] - Delayed 5 second(s)

2018-11-16 12:12:22 - [TEST_STEP][PASSED] - Statement - RefNo = new java.io.File(C://KatalonReference.txt): null

2018-11-16 12:12:22 - [TEST_STEP][PASSED] - Statement - f2 = new java.io.FileWriter(RefNo, false): null

2018-11-16 12:12:22 - [TEST_STEP][PASSED] - Statement - f2.write(CaseReferenceNo): null

2018-11-16 12:12:22 - [TEST_STEP][PASSED] - Statement - f2.close(): null

2018-11-16 12:12:22 - [TEST_STEP][PASSED] - Statement - out.println("


" + CaseReferenceNo + "


"): null

2018-11-16 12:12:22 - [MESSAGE][PASSED] - Call Test Case 'Test Cases/Final Aug 2018 - PKS Automation/Common/Reference Number Setter' successfully

2018-11-16 12:12:22 - [TEST_STEP][PASSED] - delay: Delayed 5 second(s)

2018-11-16 12:12:27 - [MESSAGE][PASSED] - Delayed 5 second(s)

2018-11-16 12:12:27 - [TEST_STEP][PASSED] - click: Object: 'Object Repository/Final Object Repo/Page_Update Employee Information By Employer/Save  Continue in  Employee Information Page' is clicked on

2018-11-16 12:12:27 - [MESSAGE][PASSED] - Object: 'Object Repository/Final Object Repo/Page_Update Employee Information By Employer/Save  Continue in  Employee Information Page' is clicked on

2018-11-16 12:12:27 - [TEST_STEP][PASSED] - delay: Delayed 5 second(s)

2018-11-16 12:12:32 - [MESSAGE][PASSED] - Delayed 5 second(s)

2018-11-16 12:12:32 - [TEST_STEP][PASSED] - click: Object: 'Object Repository/Final Object Repo/Page_Update Employee Information By Employer/Save  Continue in Uploading Page 1' is clicked on

2018-11-16 12:12:37 - [MESSAGE][PASSED] - Object: 'Object Repository/Final Object Repo/Page_Update Employee Information By Employer/Save  Continue in Uploading Page 1' is clicked on

2018-11-16 12:12:37 - [TEST_STEP][PASSED] - delay: Delayed 5 second(s)

2018-11-16 12:12:42 - [MESSAGE][PASSED] - Delayed 5 second(s)

2018-11-16 12:12:42 - [TEST_STEP][PASSED] - click: Object: 'Object Repository/Final Object Repo/Page_Update Employee Information By Employer/Submit' is clicked on

2018-11-16 12:12:42 - [MESSAGE][PASSED] - Object: 'Object Repository/Final Object Repo/Page_Update Employee Information By Employer/Submit' is clicked on

2018-11-16 12:12:42 - [TEST_STEP][PASSED] - delay: Delayed 5 second(s)

2018-11-16 12:12:47 - [MESSAGE][PASSED] - Delayed 5 second(s)

2018-11-16 12:12:47 - [TEST_STEP][PASSED] - click: Object: 'Object Repository/Final Object Repo/Page_Update Employee Information By Employer/Confirm' is clicked on

2018-11-16 12:12:53 - [MESSAGE][PASSED] - Object: 'Object Repository/Final Object Repo/Page_Update Employee Information By Employer/Confirm' is clicked on

2018-11-16 12:12:53 - [TEST_STEP][PASSED] - delay: Delayed 5 second(s)

2018-11-16 12:12:58 - [MESSAGE][PASSED] - Delayed 5 second(s)

2018-11-16 12:12:58 - [TEST_STEP][PASSED] - verifyElementVisible: Object 'Object Repository/Final Object Repo/Page_Update Employee Information By Employer/Successfull Message Routed to UO' is visible

2018-11-16 12:12:58 - [MESSAGE][PASSED] - Object 'Object Repository/Final Object Repo/Page_Update Employee Information By Employer/Successfull Message Routed to UO' is visible

2018-11-16 12:12:58 - [MESSAGE][PASSED] - Call Test Case 'Test Cases/Final Aug 2018 - PKS Automation/Registration Module/Workflow/Update Employee Information (Employer)/Template/Update Employer Information - Special Case (PKRBO)' successfully

2018-11-16 12:12:58 - [TEST_STEP][PASSED] - callTestCase: Call Test Case 'Test Cases/Final Aug 2018 - PKS Automation/Registration Module/Workflow/Update Employee Information (Employer)/Template/Update Employee Information - Special Case - UO (Reject)' successfully

2018-11-16 12:12:58 - [TEST_CASE][PASSED] - Test Cases/Final Aug 2018 - PKS Automation/Registration Module/Workflow/Update Employee Information (Employer)/Template/Update Employee Information - Special Case - UO (Reject): Test Cases/Final Aug 2018 - PKS Automation/Registration Module/Workflow/Update Employee Information (Employer)/Template/Update Employee Information - Special Case - UO (Reject)

2018-11-16 12:12:58 - [TEST_STEP][NOT_RUN] - callTestCase: NOT_RUN: callTestCase

2018-11-16 12:12:58 - [MESSAGE][NOT_RUN] - NOT_RUN: callTestCase

2018-11-16 12:12:58 - [TEST_STEP][PASSED] - delay: Delayed 2 second(s)

2018-11-16 12:13:00 - [MESSAGE][PASSED] - Delayed 2 second(s)

2018-11-16 12:13:00 - [TEST_STEP][PASSED] - navigateToUrl: Navigate to 'https://assist2-uat.perkeso.gov.my/c/portal/logout' successfully

2018-11-16 12:13:01 - [MESSAGE][PASSED] - Navigate to 'https://assist2-uat.perkeso.gov.my/c/portal/logout' successfully

2018-11-16 12:13:01 - [TEST_STEP][PASSED] - delay: Delayed 2 second(s)

2018-11-16 12:13:03 - [MESSAGE][PASSED] - Delayed 2 second(s)

2018-11-16 12:13:03 - [TEST_STEP][PASSED] - callTestCase: Call Test Case 'Test Cases/Final Aug 2018 - PKS Automation/Common/Reference Number Getter' successfully

2018-11-16 12:13:03 - [TEST_CASE][PASSED] - Test Cases/Final Aug 2018 - PKS Automation/Common/Reference Number Getter: Test Cases/Final Aug 2018 - PKS Automation/Common/Reference Number Getter

2018-11-16 12:13:03 - [TEST_STEP][PASSED] - Statement - Try: null

2018-11-16 12:13:03 - [TEST_STEP][PASSED] - Statement - RefNo = new java.io.File(C://KatalonReference.txt): null

2018-11-16 12:13:03 - [TEST_STEP][PASSED] - Statement - bufferread = new java.io.BufferedReader(new java.io.FileReader(RefNo)): null

2018-11-16 12:13:03 - [TEST_STEP][PASSED] - Statement - readedVal = bufferread.readLine(): null

2018-11-16 12:13:03 - [TEST_STEP][PASSED] - Statement - out.println(CaseReferenceNo): null

2018-11-16 12:13:03 - [TEST_STEP][PASSED] - Statement - out.println(readedVal): null

2018-11-16 12:13:03 - [TEST_STEP][PASSED] - Statement - CaseReferenceNo = "": null

2018-11-16 12:13:03 - [TEST_STEP][PASSED] - Statement - CaseReferenceNo = readedVal: null

2018-11-16 12:13:03 - [MESSAGE][PASSED] - Call Test Case 'Test Cases/Final Aug 2018 - PKS Automation/Common/Reference Number Getter' successfully

2018-11-16 12:13:03 - [TEST_STEP][PASSED] - callTestCase: Call Test Case 'Test Cases/Final Aug 2018 - PKS Automation/Common/Workflow Owner Finder' successfully

2018-11-16 12:13:03 - [TEST_CASE][PASSED] - Test Cases/Final Aug 2018 - PKS Automation/Common/Workflow Owner Finder: Test Cases/Final Aug 2018 - PKS Automation/Common/Workflow Owner Finder

2018-11-16 12:13:03 - [TEST_STEP][PASSED] - openBrowser: Browser is opened with url: ''

2018-11-16 12:13:03 - [MESSAGE][WARNING] - A browser is already opened. Closing browser and opening a new one

2018-11-16 12:13:08 - [MESSAGE][PASSED] - Browser is opened with url: ''

2018-11-16 12:13:08 - [TEST_STEP][PASSED] - navigateToUrl: Navigate to 'https://assist2-uat.perkeso.gov.my/login' successfully

2018-11-16 12:13:10 - [MESSAGE][PASSED] - Navigate to 'https://assist2-uat.perkeso.gov.my/login' successfully

2018-11-16 12:13:10 - [TEST_STEP][PASSED] - delay: Delayed 5 second(s)

2018-11-16 12:13:15 - [MESSAGE][PASSED] - Delayed 5 second(s)

2018-11-16 12:13:15 - [TEST_STEP][PASSED] - setText: Text 'test@liferay.com' is set on object 'Object Repository/Final Object Repo/Login Page/Internal User/Email Address'

2018-11-16 12:13:16 - [MESSAGE][PASSED] - Text 'test@liferay.com' is set on object 'Object Repository/Final Object Repo/Login Page/Internal User/Email Address'

2018-11-16 12:13:16 - [TEST_STEP][PASSED] - click: Object: 'Object Repository/Final Object Repo/Login Page/Internal User/Next Button' is clicked on

2018-11-16 12:13:16 - [MESSAGE][PASSED] - Object: 'Object Repository/Final Object Repo/Login Page/Internal User/Next Button' is clicked on

2018-11-16 12:13:16 - [TEST_STEP][PASSED] - delay: Delayed 2 second(s)

2018-11-16 12:13:18 - [MESSAGE][PASSED] - Delayed 2 second(s)

2018-11-16 12:13:18 - [TEST_STEP][PASSED] - setText: Text 'test' is set on object 'Object Repository/Final Object Repo/Login Page/Internal User/Password'

2018-11-16 12:13:18 - [MESSAGE][PASSED] - Text 'test' is set on object 'Object Repository/Final Object Repo/Login Page/Internal User/Password'

2018-11-16 12:13:18 - [TEST_STEP][PASSED] - delay: Delayed 2 second(s)

2018-11-16 12:13:20 - [MESSAGE][PASSED] - Delayed 2 second(s)

2018-11-16 12:13:20 - [TEST_STEP][PASSED] - click: Object: 'Object Repository/Final Object Repo/Login Page/Internal User/Login Button' is clicked on

2018-11-16 12:13:23 - [MESSAGE][PASSED] - Object: 'Object Repository/Final Object Repo/Login Page/Internal User/Login Button' is clicked on

2018-11-16 12:13:23 - [TEST_STEP][PASSED] - Statement - Try: Delayed 2 second(s)

2018-11-16 12:13:23 - [TEST_STEP][PASSED] - Statement - Checker = false: null

2018-11-16 12:13:23 - [TEST_STEP][PASSED] - Statement - Checker = com.kms.katalon.core.webui.keyword.WebUiBuiltInKeywords.verifyElementHasAttribute(com.kms.katalon.core.testobject.ObjectRepository.findTestObject(Final Object Repo/Landing Page/BM Detecting), "href", 20, OPTIONAL): Object 'Object Repository/Final Object Repo/Landing Page/BM Detecting' has attribute 'href'

2018-11-16 12:13:23 - [MESSAGE][PASSED] - Object 'Object Repository/Final Object Repo/Landing Page/BM Detecting' has attribute 'href'

2018-11-16 12:13:23 - [TEST_STEP][PASSED] - Statement - out.println(Checker): null

2018-11-16 12:13:23 - [TEST_STEP][PASSED] - Statement - If (Checker == false): null

2018-11-16 12:13:23 - [TEST_STEP][PASSED] - Statement - Else: null

2018-11-16 12:13:23 - [TEST_STEP][PASSED] - delay: Delayed 2 second(s)

2018-11-16 12:13:25 - [MESSAGE][PASSED] - Delayed 2 second(s)

2018-11-16 12:13:25 - [TEST_STEP][PASSED] - delay: Delayed 3 second(s)

2018-11-16 12:13:28 - [MESSAGE][PASSED] - Delayed 3 second(s)

2018-11-16 12:13:28 - [TEST_STEP][PASSED] - mouseOver: Object: 'Object Repository/Final Object Repo/Landing Page/WorkFlow Menu' is hovered

2018-11-16 12:13:28 - [MESSAGE][PASSED] - Object: 'Object Repository/Final Object Repo/Landing Page/WorkFlow Menu' is hovered

2018-11-16 12:13:28 - [TEST_STEP][PASSED] - delay: Delayed 2 second(s)

2018-11-16 12:13:30 - [MESSAGE][PASSED] - Delayed 2 second(s)

2018-11-16 12:13:30 - [TEST_STEP][PASSED] - click: Object: 'Object Repository/Final Object Repo/Landing Page/Select to Workflow Listing' is clicked on

2018-11-16 12:13:31 - [MESSAGE][PASSED] - Object: 'Object Repository/Final Object Repo/Landing Page/Select to Workflow Listing' is clicked on

2018-11-16 12:13:31 - [TEST_STEP][PASSED] - delay: Delayed 2 second(s)

2018-11-16 12:13:33 - [MESSAGE][PASSED] - Delayed 2 second(s)

2018-11-16 12:13:33 - [TEST_STEP][PASSED] - click: Object: 'Object Repository/Final Object Repo/WorkFlow Listing Page/Search Information - To Put Ref No' is clicked on

2018-11-16 12:13:34 - [MESSAGE][PASSED] - Object: 'Object Repository/Final Object Repo/WorkFlow Listing Page/Search Information - To Put Ref No' is clicked on

2018-11-16 12:13:34 - [TEST_STEP][PASSED] - delay: Delayed 2 second(s)

2018-11-16 12:13:36 - [MESSAGE][PASSED] - Delayed 2 second(s)

2018-11-16 12:13:36 - [TEST_STEP][PASSED] - callTestCase: Call Test Case 'Test Cases/Final Aug 2018 - PKS Automation/Common/Reference Number Getter' successfully

2018-11-16 12:13:36 - [TEST_CASE][PASSED] - Test Cases/Final Aug 2018 - PKS Automation/Common/Reference Number Getter: Test Cases/Final Aug 2018 - PKS Automation/Common/Reference Number Getter

2018-11-16 12:13:36 - [TEST_STEP][PASSED] - Statement - Try: null

2018-11-16 12:13:36 - [TEST_STEP][PASSED] - Statement - RefNo = new java.io.File(C://KatalonReference.txt): null

2018-11-16 12:13:36 - [TEST_STEP][PASSED] - Statement - bufferread = new java.io.BufferedReader(new java.io.FileReader(RefNo)): null

2018-11-16 12:13:36 - [TEST_STEP][PASSED] - Statement - readedVal = bufferread.readLine(): null

2018-11-16 12:13:36 - [TEST_STEP][PASSED] - Statement - out.println(CaseReferenceNo): null

2018-11-16 12:13:36 - [TEST_STEP][PASSED] - Statement - out.println(readedVal): null

2018-11-16 12:13:36 - [TEST_STEP][PASSED] - Statement - CaseReferenceNo = "": null

2018-11-16 12:13:36 - [TEST_STEP][PASSED] - Statement - CaseReferenceNo = readedVal: null

2018-11-16 12:13:36 - [MESSAGE][PASSED] - Call Test Case 'Test Cases/Final Aug 2018 - PKS Automation/Common/Reference Number Getter' successfully

2018-11-16 12:13:36 - [TEST_STEP][PASSED] - setText: Text 'CUN112018C100005497' is set on object 'Object Repository/Final Object Repo/WorkFlow Listing Page/Ref No Set Text'

2018-11-16 12:13:36 - [MESSAGE][PASSED] - Text 'CUN112018C100005497' is set on object 'Object Repository/Final Object Repo/WorkFlow Listing Page/Ref No Set Text'

2018-11-16 12:13:36 - [TEST_STEP][PASSED] - delay: Delayed 2 second(s)

2018-11-16 12:13:38 - [MESSAGE][PASSED] - Delayed 2 second(s)

2018-11-16 12:13:38 - [TEST_STEP][PASSED] - click: Object: 'Object Repository/Final Object Repo/WorkFlow Listing Page/Search Ref No Search Button' is clicked on

2018-11-16 12:13:40 - [MESSAGE][PASSED] - Object: 'Object Repository/Final Object Repo/WorkFlow Listing Page/Search Ref No Search Button' is clicked on

2018-11-16 12:13:40 - [TEST_STEP][PASSED] - delay: Delayed 4 second(s)

2018-11-16 12:13:44 - [MESSAGE][PASSED] - Delayed 4 second(s)

2018-11-16 12:13:44 - [TEST_STEP][PASSED] - click: Object: 'Object Repository/Final Object Repo/WorkFlow Listing Page/Click Continue Tooltip' is clicked on

2018-11-16 12:13:45 - [MESSAGE][PASSED] - Object: 'Object Repository/Final Object Repo/WorkFlow Listing Page/Click Continue Tooltip' is clicked on

2018-11-16 12:13:45 - [TEST_STEP][PASSED] - delay: Delayed 5 second(s)

2018-11-16 12:13:50 - [MESSAGE][PASSED] - Delayed 5 second(s)

2018-11-16 12:13:50 - [TEST_STEP][PASSED] - doubleClick: Object: 'Object Repository/Final Object Repo/WorkFlow Listing Page/Workflow Found - Listing 1' is double clicked on

2018-11-16 12:13:50 - [MESSAGE][PASSED] - Object: 'Object Repository/Final Object Repo/WorkFlow Listing Page/Workflow Found - Listing 1' is double clicked on

2018-11-16 12:13:50 - [TEST_STEP][PASSED] - Statement - println(OwnerID): null

2018-11-16 12:13:50 - [TEST_STEP][PASSED] - Statement - OwnerID = com.kms.katalon.core.webui.keyword.WebUiBuiltInKeywords.getText(com.kms.katalon.core.testobject.ObjectRepository.findTestObject(Final Object Repo/WorkFlow Listing Page/Workflow Found - Listing 1), STOP_ON_FAILURE): Text of object 'Object Repository/Final Object Repo/WorkFlow Listing Page/Workflow Found - Listing 1' is: 'JOHORuo3'

2018-11-16 12:13:50 - [MESSAGE][PASSED] - Text of object 'Object Repository/Final Object Repo/WorkFlow Listing Page/Workflow Found - Listing 1' is: 'JOHORuo3'

2018-11-16 12:13:50 - [TEST_STEP][PASSED] - Statement - OwnerID = OwnerID.toLowerCase() + "@gmail.com": null

2018-11-16 12:13:50 - [TEST_STEP][PASSED] - Statement - println(OwnerID): null

2018-11-16 12:13:50 - [TEST_STEP][PASSED] - delay: Delayed 2 second(s)

2018-11-16 12:13:52 - [MESSAGE][PASSED] - Delayed 2 second(s)

2018-11-16 12:13:52 - [MESSAGE][PASSED] - Call Test Case 'Test Cases/Final Aug 2018 - PKS Automation/Common/Workflow Owner Finder' successfully

2018-11-16 12:13:52 - [TEST_STEP][PASSED] - delay: Delayed 2 second(s)

2018-11-16 12:13:54 - [MESSAGE][PASSED] - Delayed 2 second(s)

2018-11-16 12:13:54 - [TEST_STEP][PASSED] - navigateToUrl: Navigate to 'https://assist2-uat.perkeso.gov.my/c/portal/logout' successfully

2018-11-16 12:13:55 - [MESSAGE][PASSED] - Navigate to 'https://assist2-uat.perkeso.gov.my/c/portal/logout' successfully

2018-11-16 12:13:55 - [TEST_STEP][PASSED] - delay: Delayed 2 second(s)

2018-11-16 12:13:57 - [MESSAGE][PASSED] - Delayed 2 second(s)

2018-11-16 12:13:57 - [TEST_STEP][PASSED] - callTestCase: Call Test Case 'Test Cases/Final Aug 2018 - PKS Automation/Registration Module/Workflow/Login and Search Case For Workflow' successfully

2018-11-16 12:13:57 - [TEST_CASE][PASSED] - Test Cases/Final Aug 2018 - PKS Automation/Registration Module/Workflow/Login and Search Case For Workflow: Test Cases/Final Aug 2018 - PKS Automation/Registration Module/Workflow/Login and Search Case For Workflow

2018-11-16 12:13:57 - [TEST_STEP][PASSED] - navigateToUrl: Navigate to 'https://assist2-uat.perkeso.gov.my/login' successfully

2018-11-16 12:13:58 - [MESSAGE][PASSED] - Navigate to 'https://assist2-uat.perkeso.gov.my/login' successfully

2018-11-16 12:13:58 - [TEST_STEP][PASSED] - setText: Text 'johoruo3@gmail.com' is set on object 'Object Repository/Final Object Repo/Login Page/Internal User/Email Address'

2018-11-16 12:13:58 - [MESSAGE][PASSED] - Text 'johoruo3@gmail.com' is set on object 'Object Repository/Final Object Repo/Login Page/Internal User/Email Address'

2018-11-16 12:13:58 - [TEST_STEP][PASSED] - click: Object: 'Object Repository/Final Object Repo/Login Page/Internal User/Next Button' is clicked on

2018-11-16 12:13:59 - [MESSAGE][PASSED] - Object: 'Object Repository/Final Object Repo/Login Page/Internal User/Next Button' is clicked on

2018-11-16 12:13:59 - [TEST_STEP][PASSED] - delay: Delayed 1 second(s)

2018-11-16 12:14:00 - [MESSAGE][PASSED] - Delayed 1 second(s)

2018-11-16 12:14:00 - [TEST_STEP][PASSED] - setEncryptedText: Text ****** has been set on object 'Object Repository/Final Object Repo/Login Page/Internal User/Password'

2018-11-16 12:14:00 - [MESSAGE][PASSED] - Text ****** has been set on object 'Object Repository/Final Object Repo/Login Page/Internal User/Password'

2018-11-16 12:14:00 - [TEST_STEP][PASSED] - click: Object: 'Object Repository/Final Object Repo/Login Page/Internal User/Login Button' is clicked on

2018-11-16 12:14:02 - [MESSAGE][PASSED] - Object: 'Object Repository/Final Object Repo/Login Page/Internal User/Login Button' is clicked on

2018-11-16 12:14:02 - [TEST_STEP][PASSED] - delay: Delayed 2 second(s)

2018-11-16 12:14:04 - [MESSAGE][PASSED] - Delayed 2 second(s)

2018-11-16 12:14:04 - [TEST_STEP][PASSED] - Statement - Try: Delayed 2 second(s)

2018-11-16 12:14:04 - [TEST_STEP][PASSED] - Statement - Checker = false: null

2018-11-16 12:14:04 - [TEST_STEP][PASSED] - Statement - Checker = com.kms.katalon.core.webui.keyword.WebUiBuiltInKeywords.verifyElementHasAttribute(com.kms.katalon.core.testobject.ObjectRepository.findTestObject(Final Object Repo/Landing Page/BM Detecting), "href", 20, OPTIONAL): Object 'Object Repository/Final Object Repo/Landing Page/BM Detecting' has attribute 'href'

2018-11-16 12:14:04 - [MESSAGE][PASSED] - Object 'Object Repository/Final Object Repo/Landing Page/BM Detecting' has attribute 'href'

2018-11-16 12:14:04 - [TEST_STEP][PASSED] - Statement - out.println(Checker): null

2018-11-16 12:14:04 - [TEST_STEP][PASSED] - Statement - If (Checker == false): null

2018-11-16 12:14:04 - [TEST_STEP][PASSED] - Statement - Else: null

2018-11-16 12:14:04 - [TEST_STEP][PASSED] - delay: Delayed 2 second(s)

2018-11-16 12:14:06 - [MESSAGE][PASSED] - Delayed 2 second(s)

2018-11-16 12:14:06 - [TEST_STEP][PASSED] - click: Object: 'Object Repository/Final Object Repo/Page_MyASSIST - ASSIST - Search Pending Case For Add Supporting Document/Search Information' is clicked on

2018-11-16 12:14:06 - [MESSAGE][PASSED] - Object: 'Object Repository/Final Object Repo/Page_MyASSIST - ASSIST - Search Pending Case For Add Supporting Document/Search Information' is clicked on

2018-11-16 12:14:06 - [TEST_STEP][PASSED] - delay: Delayed 3 second(s)

2018-11-16 12:14:09 - [MESSAGE][PASSED] - Delayed 3 second(s)

2018-11-16 12:14:09 - [TEST_STEP][PASSED] - sendKeys: Keys 'CUN112018C100005497' sent to object: 'Object Repository/Final Object Repo/Page_MyASSIST - ASSIST - Search Pending Case For Add Supporting Document/Reference No'

2018-11-16 12:14:10 - [MESSAGE][PASSED] - Keys 'CUN112018C100005497' sent to object: 'Object Repository/Final Object Repo/Page_MyASSIST - ASSIST - Search Pending Case For Add Supporting Document/Reference No'

2018-11-16 12:14:10 - [TEST_STEP][PASSED] - click: Object: 'Object Repository/Final Object Repo/Page_MyASSIST - ASSIST - Search Pending Case For Add Supporting Document/Search Reference No' is clicked on

2018-11-16 12:14:11 - [MESSAGE][PASSED] - Object: 'Object Repository/Final Object Repo/Page_MyASSIST - ASSIST - Search Pending Case For Add Supporting Document/Search Reference No' is clicked on

2018-11-16 12:14:11 - [TEST_STEP][PASSED] - delay: Delayed 2 second(s)

2018-11-16 12:14:13 - [MESSAGE][PASSED] - Delayed 2 second(s)

2018-11-16 12:14:13 - [TEST_STEP][PASSED] - click: Object: 'Object Repository/Final Object Repo/Page_MyASSIST - ASSIST - Search Pending Case For Add Supporting Document/Continue' is clicked on

2018-11-16 12:14:18 - [MESSAGE][PASSED] - Object: 'Object Repository/Final Object Repo/Page_MyASSIST - ASSIST - Search Pending Case For Add Supporting Document/Continue' is clicked on

2018-11-16 12:14:18 - [TEST_STEP][PASSED] - delay: Delayed 20 second(s)

2018-11-16 12:14:38 - [MESSAGE][PASSED] - Delayed 20 second(s)

2018-11-16 12:14:38 - [MESSAGE][PASSED] - Call Test Case 'Test Cases/Final Aug 2018 - PKS Automation/Registration Module/Workflow/Login and Search Case For Workflow' successfully

2018-11-16 12:14:38 - [TEST_STEP][PASSED] - delay: Delayed 2 second(s)

2018-11-16 12:14:40 - [MESSAGE][PASSED] - Delayed 2 second(s)

2018-11-16 12:14:40 - [TEST_STEP][PASSED] - click: Object: 'Object Repository/Final Object Repo/Page_Update Employee Information By Employer/Page_Update Employee Information by Employer (Approve)/Continue' is clicked on

2018-11-16 12:14:44 - [MESSAGE][PASSED] - Object: 'Object Repository/Final Object Repo/Page_Update Employee Information By Employer/Page_Update Employee Information by Employer (Approve)/Continue' is clicked on

2018-11-16 12:14:44 - [TEST_STEP][PASSED] - delay: Delayed 2 second(s)

2018-11-16 12:14:46 - [MESSAGE][PASSED] - Delayed 2 second(s)

2018-11-16 12:14:46 - [TEST_STEP][PASSED] - click: Object: 'Object Repository/Final Object Repo/Page_Update Employee Information By Employer/Page_Update Employee Information by Employer (Approve)/Save  Continue in Update Employee Information Page' is clicked on

2018-11-16 12:14:50 - [MESSAGE][PASSED] - Object: 'Object Repository/Final Object Repo/Page_Update Employee Information By Employer/Page_Update Employee Information by Employer (Approve)/Save  Continue in Update Employee Information Page' is clicked on

2018-11-16 12:14:50 - [TEST_STEP][PASSED] - delay: Delayed 4 second(s)

2018-11-16 12:14:54 - [MESSAGE][PASSED] - Delayed 4 second(s)

2018-11-16 12:14:54 - [TEST_STEP][PASSED] - click: Object: 'Object Repository/Final Object Repo/Page_Update Employee Information By Employer/Page_Update Employee Information by Employer (Approve)/Save  Continue in Upload Supporting Doucument Page' is clicked on

2018-11-16 12:14:59 - [MESSAGE][PASSED] - Object: 'Object Repository/Final Object Repo/Page_Update Employee Information By Employer/Page_Update Employee Information by Employer (Approve)/Save  Continue in Upload Supporting Doucument Page' is clicked on

2018-11-16 12:14:59 - [TEST_STEP][PASSED] - delay: Delayed 2 second(s)

2018-11-16 12:15:01 - [MESSAGE][PASSED] - Delayed 2 second(s)

2018-11-16 12:15:01 - [TEST_STEP][PASSED] - click: Object: 'Object Repository/Final Object Repo/Page_Update Employee Information By Employer/Page_Update Employee Information by Employer (Reject)/Reject' is clicked on

2018-11-16 12:15:01 - [MESSAGE][PASSED] - Object: 'Object Repository/Final Object Repo/Page_Update Employee Information By Employer/Page_Update Employee Information by Employer (Reject)/Reject' is clicked on

2018-11-16 12:15:01 - [TEST_STEP][PASSED] - delay: Delayed 2 second(s)

2018-11-16 12:15:03 - [MESSAGE][PASSED] - Delayed 2 second(s)

2018-11-16 12:15:03 - [TEST_STEP][PASSED] - click: Object: 'Object Repository/Final Object Repo/Page_Update Employee Information By Employer/Page_Update Employee Information by Employer (Approve)/Confirm' is clicked on

2018-11-16 12:15:08 - [MESSAGE][PASSED] - Object: 'Object Repository/Final Object Repo/Page_Update Employee Information By Employer/Page_Update Employee Information by Employer (Approve)/Confirm' is clicked on

2018-11-16 12:15:08 - [TEST_STEP][PASSED] - delay: Delayed 2 second(s)

2018-11-16 12:15:10 - [MESSAGE][PASSED] - Delayed 2 second(s)

2018-11-16 12:15:10 - [TEST_STEP][PASSED] - verifyElementVisible: Object 'Object Repository/Final Object Repo/Page_Update Employee Information By Employer/Page_Update Employee Information by Employer (Reject)/Rejected Messeage This Case has been Rejecte' is visible

2018-11-16 12:15:10 - [MESSAGE][PASSED] - Object 'Object Repository/Final Object Repo/Page_Update Employee Information By Employer/Page_Update Employee Information by Employer (Reject)/Rejected Messeage This Case has been Rejecte' is visible

2018-11-16 12:15:10 - [TEST_STEP][PASSED] - delay: Delayed 2 second(s)

2018-11-16 12:15:12 - [MESSAGE][PASSED] - Delayed 2 second(s)

2018-11-16 12:15:12 - [TEST_STEP][PASSED] - verifyElementVisible: Object 'Object Repository/Final Object Repo/Page_Update Employee Information By Employer/Page_Update Employee Information by Employer (Reject)/Letter of update rejection' is visible

2018-11-16 12:15:12 - [MESSAGE][PASSED] - Object 'Object Repository/Final Object Repo/Page_Update Employee Information By Employer/Page_Update Employee Information by Employer (Reject)/Letter of update rejection' is visible

2018-11-16 12:15:12 - [MESSAGE][PASSED] - Call Test Case 'Test Cases/Final Aug 2018 - PKS Automation/Registration Module/Workflow/Update Employee Information (Employer)/Template/Update Employee Information - Special Case - UO (Reject)' successfully]]></system-out>
         <system-err><![CDATA[]]></system-err>
      </testcase>
      <testcase name="Test Cases/Final Aug 2018 - PKS Automation/Registration Module/Workflow/Update Employee Information (Employer)/PKRBO - UO (Under enforcement)" classname="Test Cases/Final Aug 2018 - PKS Automation/Registration Module/Workflow/Update Employee Information (Employer)/PKRBO - UO (Under enforcement)" status="PASSED">
         <system-out><![CDATA[2018-11-16 12:15:12 - [TEST_CASE][PASSED] - Test Cases/Final Aug 2018 - PKS Automation/Registration Module/Workflow/Update Employee Information (Employer)/PKRBO - UO (Under enforcement): Test Cases/Final Aug 2018 - PKS Automation/Registration Module/Workflow/Update Employee Information (Employer)/PKRBO - UO (Under enforcement)

2018-11-16 12:15:13 - [TEST_STEP][PASSED] - callTestCase: Call Test Case 'Test Cases/Final Aug 2018 - PKS Automation/Registration Module/Workflow/Update Employee Information (Employer)/Template/Update Employer Information - Special Case (PKRBO)' successfully

2018-11-16 12:15:13 - [TEST_CASE][PASSED] - Test Cases/Final Aug 2018 - PKS Automation/Registration Module/Workflow/Update Employee Information (Employer)/Template/Update Employer Information - Special Case (PKRBO): Test Cases/Final Aug 2018 - PKS Automation/Registration Module/Workflow/Update Employee Information (Employer)/Template/Update Employer Information - Special Case (PKRBO)

2018-11-16 12:15:13 - [TEST_STEP][PASSED] - openBrowser: Browser is opened with url: ''

2018-11-16 12:15:13 - [MESSAGE][WARNING] - A browser is already opened. Closing browser and opening a new one

2018-11-16 12:15:17 - [MESSAGE][PASSED] - Browser is opened with url: ''

2018-11-16 12:15:17 - [TEST_STEP][PASSED] - navigateToUrl: Navigate to 'https://assist2-uat.perkeso.gov.my/login' successfully

2018-11-16 12:15:21 - [MESSAGE][PASSED] - Navigate to 'https://assist2-uat.perkeso.gov.my/login' successfully

2018-11-16 12:15:21 - [TEST_STEP][PASSED] - setText: Text 'johorpkrbo1@gmail.com' is set on object 'Object Repository/Final Object Repo/Login Page/Internal User/Email Address'

2018-11-16 12:15:21 - [MESSAGE][PASSED] - Text 'johorpkrbo1@gmail.com' is set on object 'Object Repository/Final Object Repo/Login Page/Internal User/Email Address'

2018-11-16 12:15:21 - [TEST_STEP][PASSED] - click: Object: 'Object Repository/Final Object Repo/Login Page/Internal User/Next Button' is clicked on

2018-11-16 12:15:21 - [MESSAGE][PASSED] - Object: 'Object Repository/Final Object Repo/Login Page/Internal User/Next Button' is clicked on

2018-11-16 12:15:21 - [TEST_STEP][PASSED] - delay: Delayed 1 second(s)

2018-11-16 12:15:22 - [MESSAGE][PASSED] - Delayed 1 second(s)

2018-11-16 12:15:22 - [TEST_STEP][PASSED] - setEncryptedText: Text ****** has been set on object 'Object Repository/Final Object Repo/Login Page/Internal User/Password'

2018-11-16 12:15:22 - [MESSAGE][PASSED] - Text ****** has been set on object 'Object Repository/Final Object Repo/Login Page/Internal User/Password'

2018-11-16 12:15:22 - [TEST_STEP][PASSED] - click: Object: 'Object Repository/Final Object Repo/Login Page/Internal User/Login Button' is clicked on

2018-11-16 12:15:25 - [MESSAGE][PASSED] - Object: 'Object Repository/Final Object Repo/Login Page/Internal User/Login Button' is clicked on

2018-11-16 12:15:25 - [TEST_STEP][PASSED] - Statement - Try: Delayed 2 second(s)

2018-11-16 12:15:25 - [TEST_STEP][PASSED] - Statement - Checker = false: null

2018-11-16 12:15:25 - [TEST_STEP][PASSED] - Statement - Checker = com.kms.katalon.core.webui.keyword.WebUiBuiltInKeywords.verifyElementHasAttribute(com.kms.katalon.core.testobject.ObjectRepository.findTestObject(Final Object Repo/Landing Page/BM Detecting), "href", 20, OPTIONAL): Object 'Object Repository/Final Object Repo/Landing Page/BM Detecting' has attribute 'href'

2018-11-16 12:15:25 - [MESSAGE][PASSED] - Object 'Object Repository/Final Object Repo/Landing Page/BM Detecting' has attribute 'href'

2018-11-16 12:15:25 - [TEST_STEP][PASSED] - Statement - out.println(Checker): null

2018-11-16 12:15:25 - [TEST_STEP][PASSED] - Statement - If (Checker == false): null

2018-11-16 12:15:25 - [TEST_STEP][PASSED] - Statement - Else: null

2018-11-16 12:15:25 - [TEST_STEP][PASSED] - delay: Delayed 2 second(s)

2018-11-16 12:15:27 - [MESSAGE][PASSED] - Delayed 2 second(s)

2018-11-16 12:15:27 - [TEST_STEP][PASSED] - delay: Delayed 1 second(s)

2018-11-16 12:15:28 - [MESSAGE][PASSED] - Delayed 1 second(s)

2018-11-16 12:15:28 - [TEST_STEP][PASSED] - navigateToUrl: Navigate to 'https://assist2-uat.perkeso.gov.my/web/registration/update/update-employee-information-employer-' successfully

2018-11-16 12:15:29 - [MESSAGE][PASSED] - Navigate to 'https://assist2-uat.perkeso.gov.my/web/registration/update/update-employee-information-employer-' successfully

2018-11-16 12:15:29 - [TEST_STEP][PASSED] - setText: Text 'E1102001065V' is set on object 'Object Repository/Final Object Repo/Page_Update Employee Information By Employer/Employer Code'

2018-11-16 12:15:30 - [MESSAGE][PASSED] - Text 'E1102001065V' is set on object 'Object Repository/Final Object Repo/Page_Update Employee Information By Employer/Employer Code'

2018-11-16 12:15:30 - [TEST_STEP][PASSED] - click: Object: 'Object Repository/Final Object Repo/Page_Update Employee Information By Employer/Search Employer Code' is clicked on

2018-11-16 12:15:31 - [MESSAGE][PASSED] - Object: 'Object Repository/Final Object Repo/Page_Update Employee Information By Employer/Search Employer Code' is clicked on

2018-11-16 12:15:31 - [TEST_STEP][PASSED] - click: Object: 'Object Repository/Final Object Repo/Page_Update Employee Information By Employer/Edit Button' is clicked on

2018-11-16 12:15:34 - [MESSAGE][PASSED] - Object: 'Object Repository/Final Object Repo/Page_Update Employee Information By Employer/Edit Button' is clicked on

2018-11-16 12:15:34 - [TEST_STEP][PASSED] - click: Object: 'Object Repository/Final Object Repo/Page_Update Employee Information By Employer/Employee Name or New Identification' is clicked on

2018-11-16 12:15:34 - [MESSAGE][PASSED] - Object: 'Object Repository/Final Object Repo/Page_Update Employee Information By Employer/Employee Name or New Identification' is clicked on

2018-11-16 12:15:34 - [TEST_STEP][PASSED] - delay: Delayed 1 second(s)

2018-11-16 12:15:35 - [MESSAGE][PASSED] - Delayed 1 second(s)

2018-11-16 12:15:35 - [TEST_STEP][PASSED] - click: Object: 'Object Repository/Final Object Repo/Page_Update Employee Information By Employer/Selection - Employee Name' is clicked on

2018-11-16 12:15:36 - [MESSAGE][PASSED] - Object: 'Object Repository/Final Object Repo/Page_Update Employee Information By Employer/Selection - Employee Name' is clicked on

2018-11-16 12:15:36 - [TEST_STEP][PASSED] - delay: Delayed 1 second(s)

2018-11-16 12:15:37 - [MESSAGE][PASSED] - Delayed 1 second(s)

2018-11-16 12:15:37 - [TEST_STEP][PASSED] - setText: Text 'PERKESO' is set on object 'Object Repository/Final Object Repo/Page_Update Employee Information By Employer/Employee Name'

2018-11-16 12:15:37 - [MESSAGE][PASSED] - Text 'PERKESO' is set on object 'Object Repository/Final Object Repo/Page_Update Employee Information By Employer/Employee Name'

2018-11-16 12:15:37 - [TEST_STEP][PASSED] - delay: Delayed 2 second(s)

2018-11-16 12:15:39 - [MESSAGE][PASSED] - Delayed 2 second(s)

2018-11-16 12:15:39 - [TEST_STEP][PASSED] - click: Object: 'Object Repository/Final Object Repo/Page_Update Employee Information By Employer/Search Employee' is clicked on

2018-11-16 12:15:40 - [MESSAGE][PASSED] - Object: 'Object Repository/Final Object Repo/Page_Update Employee Information By Employer/Search Employee' is clicked on

2018-11-16 12:15:40 - [TEST_STEP][PASSED] - delay: Delayed 3 second(s)

2018-11-16 12:15:43 - [MESSAGE][PASSED] - Delayed 3 second(s)

2018-11-16 12:15:43 - [TEST_STEP][PASSED] - click: Object: 'Object Repository/Final Object Repo/Page_Update Employee Information By Employer/Employee Edit Button' is clicked on

2018-11-16 12:15:43 - [MESSAGE][PASSED] - Object: 'Object Repository/Final Object Repo/Page_Update Employee Information By Employer/Employee Edit Button' is clicked on

2018-11-16 12:15:43 - [TEST_STEP][PASSED] - delay: Delayed 3 second(s)

2018-11-16 12:15:46 - [MESSAGE][PASSED] - Delayed 3 second(s)

2018-11-16 12:15:46 - [TEST_STEP][PASSED] - setText: Text '' is set on object 'Object Repository/Final Object Repo/Page_Update Employee Information By Employer/Identification Number'

2018-11-16 12:15:46 - [MESSAGE][PASSED] - Text '' is set on object 'Object Repository/Final Object Repo/Page_Update Employee Information By Employer/Identification Number'

2018-11-16 12:15:46 - [TEST_STEP][PASSED] - Statement - rnd = new java.util.Random(): null

2018-11-16 12:15:46 - [TEST_STEP][PASSED] - Statement - snum = rnd.nextInt(899999 + 1) + 100000: null

2018-11-16 12:15:46 - [TEST_STEP][PASSED] - Statement - tnum = rnd.nextInt(899999 + 1) + 100000: null

2018-11-16 12:15:46 - [TEST_STEP][PASSED] - Statement - IC = java.lang.Integer.toString(snum) + java.lang.Integer.toString(tnum): null

2018-11-16 12:15:46 - [TEST_STEP][PASSED] - Statement - out.println(IC): null

2018-11-16 12:15:46 - [TEST_STEP][PASSED] - setText: Text '362112352307' is set on object 'Object Repository/Final Object Repo/Page_Update Employee Information By Employer/Identification Number'

2018-11-16 12:15:47 - [MESSAGE][PASSED] - Text '362112352307' is set on object 'Object Repository/Final Object Repo/Page_Update Employee Information By Employer/Identification Number'

2018-11-16 12:15:47 - [TEST_STEP][PASSED] - click: Object: 'Object Repository/Final Object Repo/Page_Update Employee Information By Employer/Save' is clicked on

2018-11-16 12:15:51 - [MESSAGE][PASSED] - Object: 'Object Repository/Final Object Repo/Page_Update Employee Information By Employer/Save' is clicked on

2018-11-16 12:15:51 - [TEST_STEP][PASSED] - delay: Delayed 5 second(s)

2018-11-16 12:15:56 - [MESSAGE][PASSED] - Delayed 5 second(s)

2018-11-16 12:15:56 - [TEST_STEP][PASSED] - Statement - CaseReferenceNo = com.kms.katalon.core.webui.keyword.WebUiBuiltInKeywords.getText(com.kms.katalon.core.testobject.ObjectRepository.findTestObject(Final Object Repo/Reference Number/Reference Number in Update Employee Information Page)): Text of object 'Object Repository/Final Object Repo/Reference Number/Reference Number in Update Employee Information Page' is: 'CUN112018C100005498'

2018-11-16 12:15:56 - [MESSAGE][PASSED] - Text of object 'Object Repository/Final Object Repo/Reference Number/Reference Number in Update Employee Information Page' is: 'CUN112018C100005498'

2018-11-16 12:15:56 - [TEST_STEP][PASSED] - callTestCase: Call Test Case 'Test Cases/Final Aug 2018 - PKS Automation/Common/Reference Number Setter' successfully

2018-11-16 12:15:56 - [TEST_CASE][PASSED] - Test Cases/Final Aug 2018 - PKS Automation/Common/Reference Number Setter: Test Cases/Final Aug 2018 - PKS Automation/Common/Reference Number Setter

2018-11-16 12:15:56 - [TEST_STEP][PASSED] - Statement - RefNoOldFile = new java.io.File(C://KatalonReference.txt): null

2018-11-16 12:15:56 - [TEST_STEP][PASSED] - Statement - RefNoOldFile.delete(): null

2018-11-16 12:15:56 - [TEST_STEP][PASSED] - delay: Delayed 5 second(s)

2018-11-16 12:16:01 - [MESSAGE][PASSED] - Delayed 5 second(s)

2018-11-16 12:16:01 - [TEST_STEP][PASSED] - Statement - RefNo = new java.io.File(C://KatalonReference.txt): null

2018-11-16 12:16:01 - [TEST_STEP][PASSED] - Statement - f2 = new java.io.FileWriter(RefNo, false): null

2018-11-16 12:16:01 - [TEST_STEP][PASSED] - Statement - f2.write(CaseReferenceNo): null

2018-11-16 12:16:01 - [TEST_STEP][PASSED] - Statement - f2.close(): null

2018-11-16 12:16:01 - [TEST_STEP][PASSED] - Statement - out.println("


" + CaseReferenceNo + "


"): null

2018-11-16 12:16:01 - [MESSAGE][PASSED] - Call Test Case 'Test Cases/Final Aug 2018 - PKS Automation/Common/Reference Number Setter' successfully

2018-11-16 12:16:01 - [TEST_STEP][PASSED] - delay: Delayed 5 second(s)

2018-11-16 12:16:06 - [MESSAGE][PASSED] - Delayed 5 second(s)

2018-11-16 12:16:06 - [TEST_STEP][PASSED] - click: Object: 'Object Repository/Final Object Repo/Page_Update Employee Information By Employer/Save  Continue in  Employee Information Page' is clicked on

2018-11-16 12:16:06 - [MESSAGE][PASSED] - Object: 'Object Repository/Final Object Repo/Page_Update Employee Information By Employer/Save  Continue in  Employee Information Page' is clicked on

2018-11-16 12:16:06 - [TEST_STEP][PASSED] - delay: Delayed 5 second(s)

2018-11-16 12:16:11 - [MESSAGE][PASSED] - Delayed 5 second(s)

2018-11-16 12:16:11 - [TEST_STEP][PASSED] - click: Object: 'Object Repository/Final Object Repo/Page_Update Employee Information By Employer/Save  Continue in Uploading Page 1' is clicked on

2018-11-16 12:16:17 - [MESSAGE][PASSED] - Object: 'Object Repository/Final Object Repo/Page_Update Employee Information By Employer/Save  Continue in Uploading Page 1' is clicked on

2018-11-16 12:16:17 - [TEST_STEP][PASSED] - delay: Delayed 5 second(s)

2018-11-16 12:16:22 - [MESSAGE][PASSED] - Delayed 5 second(s)

2018-11-16 12:16:22 - [TEST_STEP][PASSED] - click: Object: 'Object Repository/Final Object Repo/Page_Update Employee Information By Employer/Submit' is clicked on

2018-11-16 12:16:22 - [MESSAGE][PASSED] - Object: 'Object Repository/Final Object Repo/Page_Update Employee Information By Employer/Submit' is clicked on

2018-11-16 12:16:22 - [TEST_STEP][PASSED] - delay: Delayed 5 second(s)

2018-11-16 12:16:27 - [MESSAGE][PASSED] - Delayed 5 second(s)

2018-11-16 12:16:27 - [TEST_STEP][PASSED] - click: Object: 'Object Repository/Final Object Repo/Page_Update Employee Information By Employer/Confirm' is clicked on

2018-11-16 12:16:31 - [MESSAGE][PASSED] - Object: 'Object Repository/Final Object Repo/Page_Update Employee Information By Employer/Confirm' is clicked on

2018-11-16 12:16:31 - [TEST_STEP][PASSED] - delay: Delayed 5 second(s)

2018-11-16 12:16:36 - [MESSAGE][PASSED] - Delayed 5 second(s)

2018-11-16 12:16:36 - [TEST_STEP][PASSED] - verifyElementVisible: Object 'Object Repository/Final Object Repo/Page_Update Employee Information By Employer/Successfull Message Routed to UO' is visible

2018-11-16 12:16:37 - [MESSAGE][PASSED] - Object 'Object Repository/Final Object Repo/Page_Update Employee Information By Employer/Successfull Message Routed to UO' is visible

2018-11-16 12:16:37 - [MESSAGE][PASSED] - Call Test Case 'Test Cases/Final Aug 2018 - PKS Automation/Registration Module/Workflow/Update Employee Information (Employer)/Template/Update Employer Information - Special Case (PKRBO)' successfully

2018-11-16 12:16:37 - [TEST_STEP][PASSED] - callTestCase: Call Test Case 'Test Cases/Final Aug 2018 - PKS Automation/Registration Module/Workflow/Update Employee Information (Employer)/Template/Update Employee Information - Special Case - UO (UnderEnforcement)' successfully

2018-11-16 12:16:37 - [TEST_CASE][PASSED] - Test Cases/Final Aug 2018 - PKS Automation/Registration Module/Workflow/Update Employee Information (Employer)/Template/Update Employee Information - Special Case - UO (UnderEnforcement): Test Cases/Final Aug 2018 - PKS Automation/Registration Module/Workflow/Update Employee Information (Employer)/Template/Update Employee Information - Special Case - UO (UnderEnforcement)

2018-11-16 12:16:37 - [TEST_STEP][NOT_RUN] - callTestCase: NOT_RUN: callTestCase

2018-11-16 12:16:37 - [MESSAGE][NOT_RUN] - NOT_RUN: callTestCase

2018-11-16 12:16:37 - [TEST_STEP][PASSED] - delay: Delayed 2 second(s)

2018-11-16 12:16:39 - [MESSAGE][PASSED] - Delayed 2 second(s)

2018-11-16 12:16:39 - [TEST_STEP][PASSED] - navigateToUrl: Navigate to 'https://assist2-uat.perkeso.gov.my/c/portal/logout' successfully

2018-11-16 12:16:40 - [MESSAGE][PASSED] - Navigate to 'https://assist2-uat.perkeso.gov.my/c/portal/logout' successfully

2018-11-16 12:16:40 - [TEST_STEP][PASSED] - delay: Delayed 2 second(s)

2018-11-16 12:16:42 - [MESSAGE][PASSED] - Delayed 2 second(s)

2018-11-16 12:16:42 - [TEST_STEP][PASSED] - callTestCase: Call Test Case 'Test Cases/Final Aug 2018 - PKS Automation/Common/Reference Number Getter' successfully

2018-11-16 12:16:42 - [TEST_CASE][PASSED] - Test Cases/Final Aug 2018 - PKS Automation/Common/Reference Number Getter: Test Cases/Final Aug 2018 - PKS Automation/Common/Reference Number Getter

2018-11-16 12:16:42 - [TEST_STEP][PASSED] - Statement - Try: null

2018-11-16 12:16:42 - [TEST_STEP][PASSED] - Statement - RefNo = new java.io.File(C://KatalonReference.txt): null

2018-11-16 12:16:42 - [TEST_STEP][PASSED] - Statement - bufferread = new java.io.BufferedReader(new java.io.FileReader(RefNo)): null

2018-11-16 12:16:42 - [TEST_STEP][PASSED] - Statement - readedVal = bufferread.readLine(): null

2018-11-16 12:16:42 - [TEST_STEP][PASSED] - Statement - out.println(CaseReferenceNo): null

2018-11-16 12:16:42 - [TEST_STEP][PASSED] - Statement - out.println(readedVal): null

2018-11-16 12:16:42 - [TEST_STEP][PASSED] - Statement - CaseReferenceNo = "": null

2018-11-16 12:16:42 - [TEST_STEP][PASSED] - Statement - CaseReferenceNo = readedVal: null

2018-11-16 12:16:42 - [MESSAGE][PASSED] - Call Test Case 'Test Cases/Final Aug 2018 - PKS Automation/Common/Reference Number Getter' successfully

2018-11-16 12:16:42 - [TEST_STEP][PASSED] - callTestCase: Call Test Case 'Test Cases/Final Aug 2018 - PKS Automation/Common/Workflow Owner Finder' successfully

2018-11-16 12:16:42 - [TEST_CASE][PASSED] - Test Cases/Final Aug 2018 - PKS Automation/Common/Workflow Owner Finder: Test Cases/Final Aug 2018 - PKS Automation/Common/Workflow Owner Finder

2018-11-16 12:16:42 - [TEST_STEP][PASSED] - openBrowser: Browser is opened with url: ''

2018-11-16 12:16:42 - [MESSAGE][WARNING] - A browser is already opened. Closing browser and opening a new one

2018-11-16 12:16:47 - [MESSAGE][PASSED] - Browser is opened with url: ''

2018-11-16 12:16:47 - [TEST_STEP][PASSED] - navigateToUrl: Navigate to 'https://assist2-uat.perkeso.gov.my/login' successfully

2018-11-16 12:16:49 - [MESSAGE][PASSED] - Navigate to 'https://assist2-uat.perkeso.gov.my/login' successfully

2018-11-16 12:16:49 - [TEST_STEP][PASSED] - delay: Delayed 5 second(s)

2018-11-16 12:16:54 - [MESSAGE][PASSED] - Delayed 5 second(s)

2018-11-16 12:16:54 - [TEST_STEP][PASSED] - setText: Text 'test@liferay.com' is set on object 'Object Repository/Final Object Repo/Login Page/Internal User/Email Address'

2018-11-16 12:16:54 - [MESSAGE][PASSED] - Text 'test@liferay.com' is set on object 'Object Repository/Final Object Repo/Login Page/Internal User/Email Address'

2018-11-16 12:16:54 - [TEST_STEP][PASSED] - click: Object: 'Object Repository/Final Object Repo/Login Page/Internal User/Next Button' is clicked on

2018-11-16 12:16:55 - [MESSAGE][PASSED] - Object: 'Object Repository/Final Object Repo/Login Page/Internal User/Next Button' is clicked on

2018-11-16 12:16:55 - [TEST_STEP][PASSED] - delay: Delayed 2 second(s)

2018-11-16 12:16:57 - [MESSAGE][PASSED] - Delayed 2 second(s)

2018-11-16 12:16:57 - [TEST_STEP][PASSED] - setText: Text 'test' is set on object 'Object Repository/Final Object Repo/Login Page/Internal User/Password'

2018-11-16 12:16:57 - [MESSAGE][PASSED] - Text 'test' is set on object 'Object Repository/Final Object Repo/Login Page/Internal User/Password'

2018-11-16 12:16:57 - [TEST_STEP][PASSED] - delay: Delayed 2 second(s)

2018-11-16 12:16:59 - [MESSAGE][PASSED] - Delayed 2 second(s)

2018-11-16 12:16:59 - [TEST_STEP][PASSED] - click: Object: 'Object Repository/Final Object Repo/Login Page/Internal User/Login Button' is clicked on

2018-11-16 12:17:02 - [MESSAGE][PASSED] - Object: 'Object Repository/Final Object Repo/Login Page/Internal User/Login Button' is clicked on

2018-11-16 12:17:02 - [TEST_STEP][PASSED] - Statement - Try: Delayed 2 second(s)

2018-11-16 12:17:02 - [TEST_STEP][PASSED] - Statement - Checker = false: null

2018-11-16 12:17:02 - [TEST_STEP][PASSED] - Statement - Checker = com.kms.katalon.core.webui.keyword.WebUiBuiltInKeywords.verifyElementHasAttribute(com.kms.katalon.core.testobject.ObjectRepository.findTestObject(Final Object Repo/Landing Page/BM Detecting), "href", 20, OPTIONAL): Object 'Object Repository/Final Object Repo/Landing Page/BM Detecting' has attribute 'href'

2018-11-16 12:17:02 - [MESSAGE][PASSED] - Object 'Object Repository/Final Object Repo/Landing Page/BM Detecting' has attribute 'href'

2018-11-16 12:17:02 - [TEST_STEP][PASSED] - Statement - out.println(Checker): null

2018-11-16 12:17:02 - [TEST_STEP][PASSED] - Statement - If (Checker == false): null

2018-11-16 12:17:02 - [TEST_STEP][PASSED] - Statement - Else: null

2018-11-16 12:17:02 - [TEST_STEP][PASSED] - delay: Delayed 2 second(s)

2018-11-16 12:17:04 - [MESSAGE][PASSED] - Delayed 2 second(s)

2018-11-16 12:17:04 - [TEST_STEP][PASSED] - delay: Delayed 3 second(s)

2018-11-16 12:17:07 - [MESSAGE][PASSED] - Delayed 3 second(s)

2018-11-16 12:17:07 - [TEST_STEP][PASSED] - mouseOver: Object: 'Object Repository/Final Object Repo/Landing Page/WorkFlow Menu' is hovered

2018-11-16 12:17:07 - [MESSAGE][PASSED] - Object: 'Object Repository/Final Object Repo/Landing Page/WorkFlow Menu' is hovered

2018-11-16 12:17:07 - [TEST_STEP][PASSED] - delay: Delayed 2 second(s)

2018-11-16 12:17:09 - [MESSAGE][PASSED] - Delayed 2 second(s)

2018-11-16 12:17:09 - [TEST_STEP][PASSED] - click: Object: 'Object Repository/Final Object Repo/Landing Page/Select to Workflow Listing' is clicked on

2018-11-16 12:17:10 - [MESSAGE][PASSED] - Object: 'Object Repository/Final Object Repo/Landing Page/Select to Workflow Listing' is clicked on

2018-11-16 12:17:10 - [TEST_STEP][PASSED] - delay: Delayed 2 second(s)

2018-11-16 12:17:12 - [MESSAGE][PASSED] - Delayed 2 second(s)

2018-11-16 12:17:12 - [TEST_STEP][PASSED] - click: Object: 'Object Repository/Final Object Repo/WorkFlow Listing Page/Search Information - To Put Ref No' is clicked on

2018-11-16 12:17:13 - [MESSAGE][PASSED] - Object: 'Object Repository/Final Object Repo/WorkFlow Listing Page/Search Information - To Put Ref No' is clicked on

2018-11-16 12:17:13 - [TEST_STEP][PASSED] - delay: Delayed 2 second(s)

2018-11-16 12:17:15 - [MESSAGE][PASSED] - Delayed 2 second(s)

2018-11-16 12:17:15 - [TEST_STEP][PASSED] - callTestCase: Call Test Case 'Test Cases/Final Aug 2018 - PKS Automation/Common/Reference Number Getter' successfully

2018-11-16 12:17:15 - [TEST_CASE][PASSED] - Test Cases/Final Aug 2018 - PKS Automation/Common/Reference Number Getter: Test Cases/Final Aug 2018 - PKS Automation/Common/Reference Number Getter

2018-11-16 12:17:15 - [TEST_STEP][PASSED] - Statement - Try: null

2018-11-16 12:17:15 - [TEST_STEP][PASSED] - Statement - RefNo = new java.io.File(C://KatalonReference.txt): null

2018-11-16 12:17:15 - [TEST_STEP][PASSED] - Statement - bufferread = new java.io.BufferedReader(new java.io.FileReader(RefNo)): null

2018-11-16 12:17:15 - [TEST_STEP][PASSED] - Statement - readedVal = bufferread.readLine(): null

2018-11-16 12:17:15 - [TEST_STEP][PASSED] - Statement - out.println(CaseReferenceNo): null

2018-11-16 12:17:15 - [TEST_STEP][PASSED] - Statement - out.println(readedVal): null

2018-11-16 12:17:15 - [TEST_STEP][PASSED] - Statement - CaseReferenceNo = "": null

2018-11-16 12:17:15 - [TEST_STEP][PASSED] - Statement - CaseReferenceNo = readedVal: null

2018-11-16 12:17:15 - [MESSAGE][PASSED] - Call Test Case 'Test Cases/Final Aug 2018 - PKS Automation/Common/Reference Number Getter' successfully

2018-11-16 12:17:15 - [TEST_STEP][PASSED] - setText: Text 'CUN112018C100005498' is set on object 'Object Repository/Final Object Repo/WorkFlow Listing Page/Ref No Set Text'

2018-11-16 12:17:15 - [MESSAGE][PASSED] - Text 'CUN112018C100005498' is set on object 'Object Repository/Final Object Repo/WorkFlow Listing Page/Ref No Set Text'

2018-11-16 12:17:15 - [TEST_STEP][PASSED] - delay: Delayed 2 second(s)

2018-11-16 12:17:17 - [MESSAGE][PASSED] - Delayed 2 second(s)

2018-11-16 12:17:17 - [TEST_STEP][PASSED] - click: Object: 'Object Repository/Final Object Repo/WorkFlow Listing Page/Search Ref No Search Button' is clicked on

2018-11-16 12:17:19 - [MESSAGE][PASSED] - Object: 'Object Repository/Final Object Repo/WorkFlow Listing Page/Search Ref No Search Button' is clicked on

2018-11-16 12:17:19 - [TEST_STEP][PASSED] - delay: Delayed 4 second(s)

2018-11-16 12:17:23 - [MESSAGE][PASSED] - Delayed 4 second(s)

2018-11-16 12:17:23 - [TEST_STEP][PASSED] - click: Object: 'Object Repository/Final Object Repo/WorkFlow Listing Page/Click Continue Tooltip' is clicked on

2018-11-16 12:17:24 - [MESSAGE][PASSED] - Object: 'Object Repository/Final Object Repo/WorkFlow Listing Page/Click Continue Tooltip' is clicked on

2018-11-16 12:17:24 - [TEST_STEP][PASSED] - delay: Delayed 5 second(s)

2018-11-16 12:17:29 - [MESSAGE][PASSED] - Delayed 5 second(s)

2018-11-16 12:17:29 - [TEST_STEP][PASSED] - doubleClick: Object: 'Object Repository/Final Object Repo/WorkFlow Listing Page/Workflow Found - Listing 1' is double clicked on

2018-11-16 12:17:29 - [MESSAGE][PASSED] - Object: 'Object Repository/Final Object Repo/WorkFlow Listing Page/Workflow Found - Listing 1' is double clicked on

2018-11-16 12:17:29 - [TEST_STEP][PASSED] - Statement - println(OwnerID): null

2018-11-16 12:17:29 - [TEST_STEP][PASSED] - Statement - OwnerID = com.kms.katalon.core.webui.keyword.WebUiBuiltInKeywords.getText(com.kms.katalon.core.testobject.ObjectRepository.findTestObject(Final Object Repo/WorkFlow Listing Page/Workflow Found - Listing 1), STOP_ON_FAILURE): Text of object 'Object Repository/Final Object Repo/WorkFlow Listing Page/Workflow Found - Listing 1' is: 'JOHORuo1'

2018-11-16 12:17:29 - [MESSAGE][PASSED] - Text of object 'Object Repository/Final Object Repo/WorkFlow Listing Page/Workflow Found - Listing 1' is: 'JOHORuo1'

2018-11-16 12:17:29 - [TEST_STEP][PASSED] - Statement - OwnerID = OwnerID.toLowerCase() + "@gmail.com": null

2018-11-16 12:17:29 - [TEST_STEP][PASSED] - Statement - println(OwnerID): null

2018-11-16 12:17:29 - [TEST_STEP][PASSED] - delay: Delayed 2 second(s)

2018-11-16 12:17:31 - [MESSAGE][PASSED] - Delayed 2 second(s)

2018-11-16 12:17:31 - [MESSAGE][PASSED] - Call Test Case 'Test Cases/Final Aug 2018 - PKS Automation/Common/Workflow Owner Finder' successfully

2018-11-16 12:17:31 - [TEST_STEP][PASSED] - delay: Delayed 2 second(s)

2018-11-16 12:17:33 - [MESSAGE][PASSED] - Delayed 2 second(s)

2018-11-16 12:17:33 - [TEST_STEP][PASSED] - navigateToUrl: Navigate to 'https://assist2-uat.perkeso.gov.my/c/portal/logout' successfully

2018-11-16 12:17:34 - [MESSAGE][PASSED] - Navigate to 'https://assist2-uat.perkeso.gov.my/c/portal/logout' successfully

2018-11-16 12:17:34 - [TEST_STEP][PASSED] - delay: Delayed 2 second(s)

2018-11-16 12:17:36 - [MESSAGE][PASSED] - Delayed 2 second(s)

2018-11-16 12:17:36 - [TEST_STEP][PASSED] - callTestCase: Call Test Case 'Test Cases/Final Aug 2018 - PKS Automation/Registration Module/Workflow/Login and Search Case For Workflow' successfully

2018-11-16 12:17:36 - [TEST_CASE][PASSED] - Test Cases/Final Aug 2018 - PKS Automation/Registration Module/Workflow/Login and Search Case For Workflow: Test Cases/Final Aug 2018 - PKS Automation/Registration Module/Workflow/Login and Search Case For Workflow

2018-11-16 12:17:36 - [TEST_STEP][PASSED] - navigateToUrl: Navigate to 'https://assist2-uat.perkeso.gov.my/login' successfully

2018-11-16 12:17:37 - [MESSAGE][PASSED] - Navigate to 'https://assist2-uat.perkeso.gov.my/login' successfully

2018-11-16 12:17:37 - [TEST_STEP][PASSED] - setText: Text 'johoruo1@gmail.com' is set on object 'Object Repository/Final Object Repo/Login Page/Internal User/Email Address'

2018-11-16 12:17:37 - [MESSAGE][PASSED] - Text 'johoruo1@gmail.com' is set on object 'Object Repository/Final Object Repo/Login Page/Internal User/Email Address'

2018-11-16 12:17:37 - [TEST_STEP][PASSED] - click: Object: 'Object Repository/Final Object Repo/Login Page/Internal User/Next Button' is clicked on

2018-11-16 12:17:38 - [MESSAGE][PASSED] - Object: 'Object Repository/Final Object Repo/Login Page/Internal User/Next Button' is clicked on

2018-11-16 12:17:38 - [TEST_STEP][PASSED] - delay: Delayed 1 second(s)

2018-11-16 12:17:39 - [MESSAGE][PASSED] - Delayed 1 second(s)

2018-11-16 12:17:39 - [TEST_STEP][PASSED] - setEncryptedText: Text ****** has been set on object 'Object Repository/Final Object Repo/Login Page/Internal User/Password'

2018-11-16 12:17:39 - [MESSAGE][PASSED] - Text ****** has been set on object 'Object Repository/Final Object Repo/Login Page/Internal User/Password'

2018-11-16 12:17:39 - [TEST_STEP][PASSED] - click: Object: 'Object Repository/Final Object Repo/Login Page/Internal User/Login Button' is clicked on

2018-11-16 12:17:41 - [MESSAGE][PASSED] - Object: 'Object Repository/Final Object Repo/Login Page/Internal User/Login Button' is clicked on

2018-11-16 12:17:41 - [TEST_STEP][PASSED] - delay: Delayed 2 second(s)

2018-11-16 12:17:43 - [MESSAGE][PASSED] - Delayed 2 second(s)

2018-11-16 12:17:43 - [TEST_STEP][PASSED] - Statement - Try: Delayed 2 second(s)

2018-11-16 12:17:43 - [TEST_STEP][PASSED] - Statement - Checker = false: null

2018-11-16 12:17:43 - [TEST_STEP][PASSED] - Statement - Checker = com.kms.katalon.core.webui.keyword.WebUiBuiltInKeywords.verifyElementHasAttribute(com.kms.katalon.core.testobject.ObjectRepository.findTestObject(Final Object Repo/Landing Page/BM Detecting), "href", 20, OPTIONAL): Object 'Object Repository/Final Object Repo/Landing Page/BM Detecting' has attribute 'href'

2018-11-16 12:17:43 - [MESSAGE][PASSED] - Object 'Object Repository/Final Object Repo/Landing Page/BM Detecting' has attribute 'href'

2018-11-16 12:17:43 - [TEST_STEP][PASSED] - Statement - out.println(Checker): null

2018-11-16 12:17:43 - [TEST_STEP][PASSED] - Statement - If (Checker == false): null

2018-11-16 12:17:43 - [TEST_STEP][PASSED] - Statement - Else: null

2018-11-16 12:17:43 - [TEST_STEP][PASSED] - delay: Delayed 2 second(s)

2018-11-16 12:17:45 - [MESSAGE][PASSED] - Delayed 2 second(s)

2018-11-16 12:17:45 - [TEST_STEP][PASSED] - click: Object: 'Object Repository/Final Object Repo/Page_MyASSIST - ASSIST - Search Pending Case For Add Supporting Document/Search Information' is clicked on

2018-11-16 12:17:45 - [MESSAGE][PASSED] - Object: 'Object Repository/Final Object Repo/Page_MyASSIST - ASSIST - Search Pending Case For Add Supporting Document/Search Information' is clicked on

2018-11-16 12:17:45 - [TEST_STEP][PASSED] - delay: Delayed 3 second(s)

2018-11-16 12:17:48 - [MESSAGE][PASSED] - Delayed 3 second(s)

2018-11-16 12:17:48 - [TEST_STEP][PASSED] - sendKeys: Keys 'CUN112018C100005498' sent to object: 'Object Repository/Final Object Repo/Page_MyASSIST - ASSIST - Search Pending Case For Add Supporting Document/Reference No'

2018-11-16 12:17:49 - [MESSAGE][PASSED] - Keys 'CUN112018C100005498' sent to object: 'Object Repository/Final Object Repo/Page_MyASSIST - ASSIST - Search Pending Case For Add Supporting Document/Reference No'

2018-11-16 12:17:49 - [TEST_STEP][PASSED] - click: Object: 'Object Repository/Final Object Repo/Page_MyASSIST - ASSIST - Search Pending Case For Add Supporting Document/Search Reference No' is clicked on

2018-11-16 12:17:50 - [MESSAGE][PASSED] - Object: 'Object Repository/Final Object Repo/Page_MyASSIST - ASSIST - Search Pending Case For Add Supporting Document/Search Reference No' is clicked on

2018-11-16 12:17:50 - [TEST_STEP][PASSED] - delay: Delayed 2 second(s)

2018-11-16 12:17:52 - [MESSAGE][PASSED] - Delayed 2 second(s)

2018-11-16 12:17:52 - [TEST_STEP][PASSED] - click: Object: 'Object Repository/Final Object Repo/Page_MyASSIST - ASSIST - Search Pending Case For Add Supporting Document/Continue' is clicked on

2018-11-16 12:17:56 - [MESSAGE][PASSED] - Object: 'Object Repository/Final Object Repo/Page_MyASSIST - ASSIST - Search Pending Case For Add Supporting Document/Continue' is clicked on

2018-11-16 12:17:56 - [TEST_STEP][PASSED] - delay: Delayed 20 second(s)

2018-11-16 12:18:16 - [MESSAGE][PASSED] - Delayed 20 second(s)

2018-11-16 12:18:16 - [MESSAGE][PASSED] - Call Test Case 'Test Cases/Final Aug 2018 - PKS Automation/Registration Module/Workflow/Login and Search Case For Workflow' successfully

2018-11-16 12:18:16 - [TEST_STEP][PASSED] - delay: Delayed 2 second(s)

2018-11-16 12:18:18 - [MESSAGE][PASSED] - Delayed 2 second(s)

2018-11-16 12:18:18 - [TEST_STEP][PASSED] - click: Object: 'Object Repository/Final Object Repo/Page_Update Employee Information By Employer/Page_Update Employee Information by Employer (Approve)/Continue' is clicked on

2018-11-16 12:18:22 - [MESSAGE][PASSED] - Object: 'Object Repository/Final Object Repo/Page_Update Employee Information By Employer/Page_Update Employee Information by Employer (Approve)/Continue' is clicked on

2018-11-16 12:18:22 - [TEST_STEP][PASSED] - delay: Delayed 2 second(s)

2018-11-16 12:18:24 - [MESSAGE][PASSED] - Delayed 2 second(s)

2018-11-16 12:18:24 - [TEST_STEP][PASSED] - click: Object: 'Object Repository/Final Object Repo/Page_Update Employee Information By Employer/Page_Update Employee Information by Employer (Approve)/Save  Continue in Update Employee Information Page' is clicked on

2018-11-16 12:18:28 - [MESSAGE][PASSED] - Object: 'Object Repository/Final Object Repo/Page_Update Employee Information By Employer/Page_Update Employee Information by Employer (Approve)/Save  Continue in Update Employee Information Page' is clicked on

2018-11-16 12:18:28 - [TEST_STEP][PASSED] - delay: Delayed 4 second(s)

2018-11-16 12:18:32 - [MESSAGE][PASSED] - Delayed 4 second(s)

2018-11-16 12:18:32 - [TEST_STEP][PASSED] - click: Object: 'Object Repository/Final Object Repo/Page_Update Employee Information By Employer/Page_Update Employee Information by Employer (Approve)/Save  Continue in Upload Supporting Doucument Page' is clicked on

2018-11-16 12:18:38 - [MESSAGE][PASSED] - Object: 'Object Repository/Final Object Repo/Page_Update Employee Information By Employer/Page_Update Employee Information by Employer (Approve)/Save  Continue in Upload Supporting Doucument Page' is clicked on

2018-11-16 12:18:38 - [TEST_STEP][PASSED] - delay: Delayed 2 second(s)

2018-11-16 12:18:40 - [MESSAGE][PASSED] - Delayed 2 second(s)

2018-11-16 12:18:40 - [TEST_STEP][PASSED] - click: Object: 'Object Repository/Final Object Repo/Page_Update Employee Information By Employer/Page_Update Employee Information by Employer (Under enforcement)/Under enforcement' is clicked on

2018-11-16 12:18:40 - [MESSAGE][PASSED] - Object: 'Object Repository/Final Object Repo/Page_Update Employee Information By Employer/Page_Update Employee Information by Employer (Under enforcement)/Under enforcement' is clicked on

2018-11-16 12:18:40 - [TEST_STEP][PASSED] - delay: Delayed 2 second(s)

2018-11-16 12:18:42 - [MESSAGE][PASSED] - Delayed 2 second(s)

2018-11-16 12:18:42 - [TEST_STEP][PASSED] - setText: Text 'Remark' is set on object 'Object Repository/Final Object Repo/Page_Update Employee Information By Employer/Page_Update Employee Information by Employer (Under enforcement)/Under enforcement - Remark'

2018-11-16 12:18:42 - [MESSAGE][PASSED] - Text 'Remark' is set on object 'Object Repository/Final Object Repo/Page_Update Employee Information By Employer/Page_Update Employee Information by Employer (Under enforcement)/Under enforcement - Remark'

2018-11-16 12:18:42 - [TEST_STEP][PASSED] - delay: Delayed 2 second(s)

2018-11-16 12:18:44 - [MESSAGE][PASSED] - Delayed 2 second(s)

2018-11-16 12:18:44 - [TEST_STEP][PASSED] - click: Object: 'Object Repository/Final Object Repo/Page_Update Employee Information By Employer/Page_Update Employee Information by Employer (Under enforcement)/Save  Continu in Under enforcement Page' is clicked on

2018-11-16 12:18:48 - [MESSAGE][PASSED] - Object: 'Object Repository/Final Object Repo/Page_Update Employee Information By Employer/Page_Update Employee Information by Employer (Under enforcement)/Save  Continu in Under enforcement Page' is clicked on

2018-11-16 12:18:48 - [TEST_STEP][PASSED] - delay: Delayed 2 second(s)

2018-11-16 12:18:50 - [MESSAGE][PASSED] - Delayed 2 second(s)

2018-11-16 12:18:50 - [TEST_STEP][PASSED] - click: Object: 'Object Repository/Final Object Repo/Page_Update Employee Information By Employer/Page_Update Employee Information by Employer (Under enforcement)/Under enforceme Message The case is under enforcement' is clicked on

2018-11-16 12:18:51 - [MESSAGE][PASSED] - Object: 'Object Repository/Final Object Repo/Page_Update Employee Information By Employer/Page_Update Employee Information by Employer (Under enforcement)/Under enforceme Message The case is under enforcement' is clicked on

2018-11-16 12:18:51 - [TEST_STEP][PASSED] - click: Object: 'Object Repository/Final Object Repo/Page_Update Employee Information By Employer/Page_Update Employee Information by Employer (Under enforcement)/Under enforcement - OK button' is clicked on

2018-11-16 12:18:52 - [MESSAGE][PASSED] - Object: 'Object Repository/Final Object Repo/Page_Update Employee Information By Employer/Page_Update Employee Information by Employer (Under enforcement)/Under enforcement - OK button' is clicked on

2018-11-16 12:18:52 - [MESSAGE][PASSED] - Call Test Case 'Test Cases/Final Aug 2018 - PKS Automation/Registration Module/Workflow/Update Employee Information (Employer)/Template/Update Employee Information - Special Case - UO (UnderEnforcement)' successfully]]></system-out>
         <system-err><![CDATA[]]></system-err>
      </testcase>
      <system-out><![CDATA[2018-11-16 10:50:06 - [TEST_SUITE][ERROR] - Update Employee Information (Employer): Test Cases/Final Aug 2018 - PKS Automation/Registration Module/Workflow/Update Employee Information (Employer)/Employer - UO (Query) FAILED because (of) (Stack trace: java.lang.IllegalArgumentException: Cannot find test case with id 'Test Cases/Final Aug 2018 - PKS Automation/Registration/Search Pending Case For Add Supporting Document (OTC)'
	at com.kms.katalon.core.testcase.TestCaseFactory.findTestCase(TestCaseFactory.java:72)
	at com.kms.katalon.core.testcase.TestCaseFactory$findTestCase.callStatic(Unknown Source)
	at org.codehaus.groovy.runtime.callsite.CallSiteArray.defaultCallStatic(CallSiteArray.java:56)
	at org.codehaus.groovy.runtime.callsite.AbstractCallSite.callStatic(AbstractCallSite.java:194)
	at org.codehaus.groovy.runtime.callsite.AbstractCallSite.callStatic(AbstractCallSite.java:206)
	at Script1537848281437.run(Script1537848281437.groovy:83)
	at com.kms.katalon.core.main.ScriptEngine.run(ScriptEngine.java:183)
	at com.kms.katalon.core.main.ScriptEngine.runScriptAsRawText(ScriptEngine.java:108)
	at com.kms.katalon.core.main.TestCaseExecutor.runScript(TestCaseExecutor.java:294)
	at com.kms.katalon.core.main.TestCaseExecutor.doExecute(TestCaseExecutor.java:285)
	at com.kms.katalon.core.main.TestCaseExecutor.processExecutionPhase(TestCaseExecutor.java:264)
	at com.kms.katalon.core.main.TestCaseExecutor.accessMainPhase(TestCaseExecutor.java:256)
	at com.kms.katalon.core.main.TestCaseExecutor.execute(TestCaseExecutor.java:200)
	at com.kms.katalon.core.main.TestCaseMain.runTestCase(TestCaseMain.java:99)
	at com.kms.katalon.core.keyword.builtin.CallTestCaseKeyword$_callTestCase_closure1.doCall(CallTestCaseKeyword.groovy:60)
	at com.kms.katalon.core.keyword.builtin.CallTestCaseKeyword$_callTestCase_closure1.call(CallTestCaseKeyword.groovy)
	at com.kms.katalon.core.keyword.internal.KeywordMain.runKeyword(KeywordMain.groovy:54)
	at com.kms.katalon.core.keyword.builtin.CallTestCaseKeyword.callTestCase(CallTestCaseKeyword.groovy:81)
	at com.kms.katalon.core.keyword.builtin.CallTestCaseKeyword.execute(CallTestCaseKeyword.groovy:45)
	at com.kms.katalon.core.keyword.internal.KeywordExecutor.executeKeywordForPlatform(KeywordExecutor.groovy:53)
	at com.kms.katalon.core.keyword.BuiltinKeywords.callTestCase(BuiltinKeywords.groovy:334)
	at sun.reflect.GeneratedMethodAccessor13.invoke(Unknown Source)
	at sun.reflect.DelegatingMethodAccessorImpl.invoke(DelegatingMethodAccessorImpl.java:43)
	at java.lang.reflect.Method.invoke(Method.java:498)
	at org.codehaus.groovy.reflection.CachedMethod.invoke(CachedMethod.java:93)
	at groovy.lang.MetaMethod.doMethodInvoke(MetaMethod.java:325)
	at groovy.lang.MetaClassImpl.invokeStaticMethod(MetaClassImpl.java:1469)
	at org.codehaus.groovy.runtime.callsite.StaticMetaClassSite.call(StaticMetaClassSite.java:53)
	at org.codehaus.groovy.runtime.callsite.CallSiteArray.defaultCall(CallSiteArray.java:48)
	at org.codehaus.groovy.runtime.callsite.AbstractCallSite.call(AbstractCallSite.java:113)
	at org.codehaus.groovy.runtime.callsite.AbstractCallSite.call(AbstractCallSite.java:141)
	at Script1536728688204.run(Script1536728688204.groovy:25)
	at com.kms.katalon.core.main.ScriptEngine.run(ScriptEngine.java:183)
	at com.kms.katalon.core.main.ScriptEngine.runScriptAsRawText(ScriptEngine.java:108)
	at com.kms.katalon.core.main.TestCaseExecutor.runScript(TestCaseExecutor.java:294)
	at com.kms.katalon.core.main.TestCaseExecutor.doExecute(TestCaseExecutor.java:285)
	at com.kms.katalon.core.main.TestCaseExecutor.processExecutionPhase(TestCaseExecutor.java:264)
	at com.kms.katalon.core.main.TestCaseExecutor.accessMainPhase(TestCaseExecutor.java:256)
	at com.kms.katalon.core.main.TestCaseExecutor.execute(TestCaseExecutor.java:200)
	at com.kms.katalon.core.main.TestSuiteExecutor.accessTestCaseMainPhase(TestSuiteExecutor.java:129)
	at com.kms.katalon.core.main.TestSuiteExecutor.accessTestSuiteMainPhase(TestSuiteExecutor.java:112)
	at com.kms.katalon.core.main.TestSuiteExecutor.execute(TestSuiteExecutor.java:81)
	at com.kms.katalon.core.main.TestCaseMain.startTestSuite(TestCaseMain.java:142)
	at com.kms.katalon.core.main.TestCaseMain$startTestSuite$0.call(Unknown Source)
	at org.codehaus.groovy.runtime.callsite.CallSiteArray.defaultCall(CallSiteArray.java:48)
	at org.codehaus.groovy.runtime.callsite.AbstractCallSite.call(AbstractCallSite.java:113)
	at org.codehaus.groovy.runtime.callsite.AbstractCallSite.call(AbstractCallSite.java:141)
	at TempTestSuite1542336603806.run(TempTestSuite1542336603806.groovy:36)
	at groovy.lang.GroovyShell.runScriptOrMainOrTestOrRunnable(GroovyShell.java:263)
	at groovy.lang.GroovyShell.run(GroovyShell.java:518)
	at groovy.lang.GroovyShell.run(GroovyShell.java:507)
	at groovy.ui.GroovyMain.processOnce(GroovyMain.java:653)
	at groovy.ui.GroovyMain.run(GroovyMain.java:384)
	at groovy.ui.GroovyMain.process(GroovyMain.java:370)
	at groovy.ui.GroovyMain.processArgs(GroovyMain.java:129)
	at groovy.ui.GroovyMain.main(GroovyMain.java:109)
	at sun.reflect.NativeMethodAccessorImpl.invoke0(Native Method)
	at sun.reflect.NativeMethodAccessorImpl.invoke(NativeMethodAccessorImpl.java:62)
	at sun.reflect.DelegatingMethodAccessorImpl.invoke(DelegatingMethodAccessorImpl.java:43)
	at java.lang.reflect.Method.invoke(Method.java:498)
	at org.codehaus.groovy.tools.GroovyStarter.rootLoader(GroovyStarter.java:109)
	at org.codehaus.groovy.tools.GroovyStarter.main(GroovyStarter.java:131)
)]]></system-out>
      <system-err><![CDATA[2018-11-16 10:50:06 - [TEST_SUITE][ERROR] - Update Employee Information (Employer): Test Cases/Final Aug 2018 - PKS Automation/Registration Module/Workflow/Update Employee Information (Employer)/Employer - UO (Query) FAILED because (of) (Stack trace: java.lang.IllegalArgumentException: Cannot find test case with id 'Test Cases/Final Aug 2018 - PKS Automation/Registration/Search Pending Case For Add Supporting Document (OTC)'
	at com.kms.katalon.core.testcase.TestCaseFactory.findTestCase(TestCaseFactory.java:72)
	at com.kms.katalon.core.testcase.TestCaseFactory$findTestCase.callStatic(Unknown Source)
	at org.codehaus.groovy.runtime.callsite.CallSiteArray.defaultCallStatic(CallSiteArray.java:56)
	at org.codehaus.groovy.runtime.callsite.AbstractCallSite.callStatic(AbstractCallSite.java:194)
	at org.codehaus.groovy.runtime.callsite.AbstractCallSite.callStatic(AbstractCallSite.java:206)
	at Script1537848281437.run(Script1537848281437.groovy:83)
	at com.kms.katalon.core.main.ScriptEngine.run(ScriptEngine.java:183)
	at com.kms.katalon.core.main.ScriptEngine.runScriptAsRawText(ScriptEngine.java:108)
	at com.kms.katalon.core.main.TestCaseExecutor.runScript(TestCaseExecutor.java:294)
	at com.kms.katalon.core.main.TestCaseExecutor.doExecute(TestCaseExecutor.java:285)
	at com.kms.katalon.core.main.TestCaseExecutor.processExecutionPhase(TestCaseExecutor.java:264)
	at com.kms.katalon.core.main.TestCaseExecutor.accessMainPhase(TestCaseExecutor.java:256)
	at com.kms.katalon.core.main.TestCaseExecutor.execute(TestCaseExecutor.java:200)
	at com.kms.katalon.core.main.TestCaseMain.runTestCase(TestCaseMain.java:99)
	at com.kms.katalon.core.keyword.builtin.CallTestCaseKeyword$_callTestCase_closure1.doCall(CallTestCaseKeyword.groovy:60)
	at com.kms.katalon.core.keyword.builtin.CallTestCaseKeyword$_callTestCase_closure1.call(CallTestCaseKeyword.groovy)
	at com.kms.katalon.core.keyword.internal.KeywordMain.runKeyword(KeywordMain.groovy:54)
	at com.kms.katalon.core.keyword.builtin.CallTestCaseKeyword.callTestCase(CallTestCaseKeyword.groovy:81)
	at com.kms.katalon.core.keyword.builtin.CallTestCaseKeyword.execute(CallTestCaseKeyword.groovy:45)
	at com.kms.katalon.core.keyword.internal.KeywordExecutor.executeKeywordForPlatform(KeywordExecutor.groovy:53)
	at com.kms.katalon.core.keyword.BuiltinKeywords.callTestCase(BuiltinKeywords.groovy:334)
	at sun.reflect.GeneratedMethodAccessor13.invoke(Unknown Source)
	at sun.reflect.DelegatingMethodAccessorImpl.invoke(DelegatingMethodAccessorImpl.java:43)
	at java.lang.reflect.Method.invoke(Method.java:498)
	at org.codehaus.groovy.reflection.CachedMethod.invoke(CachedMethod.java:93)
	at groovy.lang.MetaMethod.doMethodInvoke(MetaMethod.java:325)
	at groovy.lang.MetaClassImpl.invokeStaticMethod(MetaClassImpl.java:1469)
	at org.codehaus.groovy.runtime.callsite.StaticMetaClassSite.call(StaticMetaClassSite.java:53)
	at org.codehaus.groovy.runtime.callsite.CallSiteArray.defaultCall(CallSiteArray.java:48)
	at org.codehaus.groovy.runtime.callsite.AbstractCallSite.call(AbstractCallSite.java:113)
	at org.codehaus.groovy.runtime.callsite.AbstractCallSite.call(AbstractCallSite.java:141)
	at Script1536728688204.run(Script1536728688204.groovy:25)
	at com.kms.katalon.core.main.ScriptEngine.run(ScriptEngine.java:183)
	at com.kms.katalon.core.main.ScriptEngine.runScriptAsRawText(ScriptEngine.java:108)
	at com.kms.katalon.core.main.TestCaseExecutor.runScript(TestCaseExecutor.java:294)
	at com.kms.katalon.core.main.TestCaseExecutor.doExecute(TestCaseExecutor.java:285)
	at com.kms.katalon.core.main.TestCaseExecutor.processExecutionPhase(TestCaseExecutor.java:264)
	at com.kms.katalon.core.main.TestCaseExecutor.accessMainPhase(TestCaseExecutor.java:256)
	at com.kms.katalon.core.main.TestCaseExecutor.execute(TestCaseExecutor.java:200)
	at com.kms.katalon.core.main.TestSuiteExecutor.accessTestCaseMainPhase(TestSuiteExecutor.java:129)
	at com.kms.katalon.core.main.TestSuiteExecutor.accessTestSuiteMainPhase(TestSuiteExecutor.java:112)
	at com.kms.katalon.core.main.TestSuiteExecutor.execute(TestSuiteExecutor.java:81)
	at com.kms.katalon.core.main.TestCaseMain.startTestSuite(TestCaseMain.java:142)
	at com.kms.katalon.core.main.TestCaseMain$startTestSuite$0.call(Unknown Source)
	at org.codehaus.groovy.runtime.callsite.CallSiteArray.defaultCall(CallSiteArray.java:48)
	at org.codehaus.groovy.runtime.callsite.AbstractCallSite.call(AbstractCallSite.java:113)
	at org.codehaus.groovy.runtime.callsite.AbstractCallSite.call(AbstractCallSite.java:141)
	at TempTestSuite1542336603806.run(TempTestSuite1542336603806.groovy:36)
	at groovy.lang.GroovyShell.runScriptOrMainOrTestOrRunnable(GroovyShell.java:263)
	at groovy.lang.GroovyShell.run(GroovyShell.java:518)
	at groovy.lang.GroovyShell.run(GroovyShell.java:507)
	at groovy.ui.GroovyMain.processOnce(GroovyMain.java:653)
	at groovy.ui.GroovyMain.run(GroovyMain.java:384)
	at groovy.ui.GroovyMain.process(GroovyMain.java:370)
	at groovy.ui.GroovyMain.processArgs(GroovyMain.java:129)
	at groovy.ui.GroovyMain.main(GroovyMain.java:109)
	at sun.reflect.NativeMethodAccessorImpl.invoke0(Native Method)
	at sun.reflect.NativeMethodAccessorImpl.invoke(NativeMethodAccessorImpl.java:62)
	at sun.reflect.DelegatingMethodAccessorImpl.invoke(DelegatingMethodAccessorImpl.java:43)
	at java.lang.reflect.Method.invoke(Method.java:498)
	at org.codehaus.groovy.tools.GroovyStarter.rootLoader(GroovyStarter.java:109)
	at org.codehaus.groovy.tools.GroovyStarter.main(GroovyStarter.java:131)
)]]></system-err>
   </testsuite>
</testsuites>
